<?xml version="1.0" encoding="UTF-8"?>
<testsuites name="1.11.4" time="1319" tests="17" failures="0" errors="0">
   <testsuite name="1.11.4" tests="17" failures="0" errors="0" time="1319" timestamp="2019-07-11 11:25:28" hostname="sumankompelly - 10.0.126.233" id="Test Suites/1.11.4">
      <properties>
         <property name="deviceName" value=""/>
         <property name="devicePlatform" value=""/>
         <property name="logFolder" value="/Users/sumankompelly/Relative xpath-Desktop/Reports/1.11.4/20190711_112526"/>
         <property name="logFiles" value="/Users/sumankompelly/Relative xpath-Desktop/Reports/1.11.4/20190711_112526/execution0.log"/>
         <property name="attachments" value="/Users/sumankompelly/Relative xpath-Desktop/Reports/1.11.4/20190711_112526/1562858809295.png, /Users/sumankompelly/Relative xpath-Desktop/Reports/1.11.4/20190711_112526/1562858881709.png, /Users/sumankompelly/Relative xpath-Desktop/Reports/1.11.4/20190711_112526/1562858909752.png, /Users/sumankompelly/Relative xpath-Desktop/Reports/1.11.4/20190711_112526/1562858919511.png, /Users/sumankompelly/Relative xpath-Desktop/Reports/1.11.4/20190711_112526/1562859414220.png"/>
         <property name="hostName" value="sumankompelly - 10.0.126.233"/>
         <property name="os" value="Mac OS X 64bit"/>
         <property name="katalonVersion" value="5.10.1.1"/>
         <property name="browser" value="Chrome 75.0.3770.100"/>
         <property name="hostAddress" value="10.0.126.233"/>
         <property name="sessionId" value="2739b13f1a970410cbaf606de63688ad"/>
         <property name="seleniumVersion" value="3.7.1"/>
         <property name="proxyInformation" value="ProxyInformation{proxyOption=NO_PROXY, proxyServerType=HTTP, password=, proxyServerAddress=, proxyServerPort=0}"/>
         <property name="platform" value="Mac OS X"/>
      </properties>
      <testcase name="Test Cases/OCS - DESKTOP/OCS- CRITICAL PATH/Cart flyout-tooltips" classname="Test Cases/OCS - DESKTOP/OCS- CRITICAL PATH/Cart flyout-tooltips" status="PASSED">
         <system-out><![CDATA[2019-07-11 11:25:28 - [TEST_CASE][PASSED] - Test Cases/OCS - DESKTOP/OCS- CRITICAL PATH/Cart flyout-tooltips: Test Cases/OCS - DESKTOP/OCS- CRITICAL PATH/Cart flyout-tooltips

2019-07-11 11:25:28 - [TEST_STEP][PASSED] - callTestCase(findTestCase("OCS - DESKTOP/CALL- Age gate"), [:], STOP_ON_FAILURE): Call Test Case 'Test Cases/OCS - DESKTOP/CALL- Age gate' successfully

2019-07-11 11:25:29 - [TEST_CASE][PASSED] - Test Cases/OCS - DESKTOP/CALL- Age gate: Test Cases/OCS - DESKTOP/CALL- Age gate

2019-07-11 11:25:29 - [TEST_STEP][PASSED] - openBrowser(""): Browser is opened with url: ''

2019-07-11 11:25:29 - [MESSAGE][INFO] - Starting 'Chrome' driver

2019-07-11 11:25:29 - [MESSAGE][INFO] - Action delay is set to 0 seconds

2019-07-11 11:25:31 - [MESSAGE][PASSED] - Browser is opened with url: ''

2019-07-11 11:25:31 - [TEST_STEP][PASSED] - navigateToUrl("https://ocs.ca/?fts=0&preview_theme_id=74205529932"): Navigate to 'https://ocs.ca/?fts=0&preview_theme_id=74205529932' successfully

2019-07-11 11:25:37 - [MESSAGE][PASSED] - Navigate to 'https://ocs.ca/?fts=0&preview_theme_id=74205529932' successfully

2019-07-11 11:25:37 - [TEST_STEP][PASSED] - maximizeWindow(): Current window maximized

2019-07-11 11:25:37 - [MESSAGE][PASSED] - Current window maximized

2019-07-11 11:25:37 - [TEST_STEP][PASSED] - delay(2): Delayed 2 second(s)

2019-07-11 11:25:39 - [MESSAGE][PASSED] - Delayed 2 second(s)

2019-07-11 11:25:39 - [TEST_STEP][PASSED] - executeJavaScript("var previewBar = document.getElementById("preview-bar-iframe"); previewBar.style.display = "none";", []): Execute JavaScript 'var previewBar = document.getElementById("preview-bar-iframe"); previewBar.style.display = "none";' successfully

2019-07-11 11:25:39 - [MESSAGE][PASSED] - Execute JavaScript 'var previewBar = document.getElementById("preview-bar-iframe"); previewBar.style.display = "none";' successfully

2019-07-11 11:25:39 - [TEST_STEP][PASSED] - selectOptionByValue(findTestObject("OCS-DESKTOP/Age gate and Mega menu/Date"), "12", true): All options with value '12' are selected in object 'Object Repository/OCS-DESKTOP/Age gate and Mega menu/Date'  using regular expression

2019-07-11 11:25:40 - [MESSAGE][PASSED] - All options with value '12' are selected in object 'Object Repository/OCS-DESKTOP/Age gate and Mega menu/Date'  using regular expression

2019-07-11 11:25:40 - [TEST_STEP][PASSED] - selectOptionByValue(findTestObject("OCS-DESKTOP/Age gate and Mega menu/month"), "6", true): All options with value '6' are selected in object 'Object Repository/OCS-DESKTOP/Age gate and Mega menu/month'  using regular expression

2019-07-11 11:25:40 - [MESSAGE][PASSED] - All options with value '6' are selected in object 'Object Repository/OCS-DESKTOP/Age gate and Mega menu/month'  using regular expression

2019-07-11 11:25:40 - [TEST_STEP][PASSED] - delay(2): Delayed 2 second(s)

2019-07-11 11:25:42 - [MESSAGE][PASSED] - Delayed 2 second(s)

2019-07-11 11:25:42 - [TEST_STEP][PASSED] - selectOptionByValue(findTestObject("OCS-DESKTOP/Age gate and Mega menu/Year Dropdown"), "1990", true): All options with value '1990' are selected in object 'Object Repository/OCS-DESKTOP/Age gate and Mega menu/Year Dropdown'  using regular expression

2019-07-11 11:25:43 - [MESSAGE][PASSED] - All options with value '1990' are selected in object 'Object Repository/OCS-DESKTOP/Age gate and Mega menu/Year Dropdown'  using regular expression

2019-07-11 11:25:43 - [TEST_STEP][PASSED] - click(findTestObject("OCS-DESKTOP/Age gate and Mega menu/button_Verify")): Object: 'Object Repository/OCS-DESKTOP/Age gate and Mega menu/button_Verify' is clicked on

2019-07-11 11:25:43 - [MESSAGE][PASSED] - Object: 'Object Repository/OCS-DESKTOP/Age gate and Mega menu/button_Verify' is clicked on

2019-07-11 11:25:43 - [TEST_STEP][PASSED] - click(findTestObject("OCS-DESKTOP/Age gate and Mega menu/Checkbox_CONFIRM AND ACKNOWLEDGE")): Object: 'Object Repository/OCS-DESKTOP/Age gate and Mega menu/Checkbox_CONFIRM AND ACKNOWLEDGE' is clicked on

2019-07-11 11:25:43 - [MESSAGE][PASSED] - Object: 'Object Repository/OCS-DESKTOP/Age gate and Mega menu/Checkbox_CONFIRM AND ACKNOWLEDGE' is clicked on

2019-07-11 11:25:43 - [TEST_STEP][PASSED] - click(findTestObject("OCS-DESKTOP/Age gate and Mega menu/button_CONFIRM")): Object: 'Object Repository/OCS-DESKTOP/Age gate and Mega menu/button_CONFIRM' is clicked on

2019-07-11 11:25:43 - [MESSAGE][PASSED] - Object: 'Object Repository/OCS-DESKTOP/Age gate and Mega menu/button_CONFIRM' is clicked on

2019-07-11 11:25:43 - [TEST_STEP][PASSED] - click(findTestObject("OCS-DESKTOP/Age gate and Mega menu/button_Start Browsing")): Object: 'Object Repository/OCS-DESKTOP/Age gate and Mega menu/button_Start Browsing' is clicked on

2019-07-11 11:25:44 - [MESSAGE][PASSED] - Object: 'Object Repository/OCS-DESKTOP/Age gate and Mega menu/button_Start Browsing' is clicked on

2019-07-11 11:25:44 - [TEST_STEP][PASSED] - delay(2): Delayed 2 second(s)

2019-07-11 11:25:46 - [MESSAGE][PASSED] - Delayed 2 second(s)

2019-07-11 11:25:46 - [TEST_STEP][PASSED] - refresh(): Refresh successfully

2019-07-11 11:25:46 - [MESSAGE][PASSED] - Refresh successfully

2019-07-11 11:25:46 - [MESSAGE][PASSED] - Call Test Case 'Test Cases/OCS - DESKTOP/CALL- Age gate' successfully

2019-07-11 11:25:46 - [TEST_STEP][PASSED] - delay(2): Delayed 2 second(s)

2019-07-11 11:25:48 - [MESSAGE][PASSED] - Delayed 2 second(s)

2019-07-11 11:25:48 - [TEST_STEP][PASSED] - refresh(): Refresh successfully

2019-07-11 11:25:49 - [MESSAGE][PASSED] - Refresh successfully

2019-07-11 11:25:49 - [TEST_STEP][PASSED] - click(findTestObject("OCS-DESKTOP/Age gate and Mega menu/Header/CANNABIS menu - English")): Object: 'Object Repository/OCS-DESKTOP/Age gate and Mega menu/Header/CANNABIS menu - English' is clicked on

2019-07-11 11:25:52 - [MESSAGE][PASSED] - Object: 'Object Repository/OCS-DESKTOP/Age gate and Mega menu/Header/CANNABIS menu - English' is clicked on

2019-07-11 11:25:52 - [TEST_STEP][PASSED] - delay(4): Delayed 4 second(s)

2019-07-11 11:25:56 - [MESSAGE][PASSED] - Delayed 4 second(s)

2019-07-11 11:25:56 - [TEST_STEP][NOT_RUN] - maximizeWindow(): NOT_RUN: maximizeWindow()

2019-07-11 11:25:56 - [MESSAGE][NOT_RUN] - NOT_RUN: maximizeWindow()

2019-07-11 11:25:56 - [TEST_STEP][PASSED] - click(findTestObject("OCS-DESKTOP/Age gate and Mega menu/Indica Dominant_Menu item")): Object: 'Object Repository/OCS-DESKTOP/Age gate and Mega menu/Indica Dominant_Menu item' is clicked on

2019-07-11 11:25:59 - [MESSAGE][PASSED] - Object: 'Object Repository/OCS-DESKTOP/Age gate and Mega menu/Indica Dominant_Menu item' is clicked on

2019-07-11 11:25:59 - [TEST_STEP][PASSED] - delay(2): Delayed 2 second(s)

2019-07-11 11:26:01 - [MESSAGE][PASSED] - Delayed 2 second(s)

2019-07-11 11:26:01 - [TEST_STEP][PASSED] - executeJavaScript("var previewBar = document.getElementById("preview-bar-iframe"); previewBar.style.display = "none";", []): Execute JavaScript 'var previewBar = document.getElementById("preview-bar-iframe"); previewBar.style.display = "none";' successfully

2019-07-11 11:26:01 - [MESSAGE][PASSED] - Execute JavaScript 'var previewBar = document.getElementById("preview-bar-iframe"); previewBar.style.display = "none";' successfully

2019-07-11 11:26:01 - [TEST_STEP][PASSED] - click(findTestObject("OCS-DESKTOP/Collection page/Product image - 1st one")): Object: 'Object Repository/OCS-DESKTOP/Collection page/Product image - 1st one' is clicked on

2019-07-11 11:26:05 - [MESSAGE][PASSED] - Object: 'Object Repository/OCS-DESKTOP/Collection page/Product image - 1st one' is clicked on

2019-07-11 11:26:05 - [TEST_STEP][PASSED] - delay(3): Delayed 3 second(s)

2019-07-11 11:26:08 - [MESSAGE][PASSED] - Delayed 3 second(s)

2019-07-11 11:26:08 - [TEST_STEP][PASSED] - executeJavaScript("var previewBar = document.getElementById("preview-bar-iframe"); previewBar.style.display = "none";", []): Execute JavaScript 'var previewBar = document.getElementById("preview-bar-iframe"); previewBar.style.display = "none";' successfully

2019-07-11 11:26:08 - [MESSAGE][PASSED] - Execute JavaScript 'var previewBar = document.getElementById("preview-bar-iframe"); previewBar.style.display = "none";' successfully

2019-07-11 11:26:08 - [TEST_STEP][NOT_RUN] - scrollToElement(findTestObject("OCS-DESKTOP/Product page/Product image"), 1): NOT_RUN: scrollToElement(findTestObject("OCS-DESKTOP/Product page/Product image"), 1)

2019-07-11 11:26:08 - [MESSAGE][NOT_RUN] - NOT_RUN: scrollToElement(findTestObject("OCS-DESKTOP/Product page/Product image"), 1)

2019-07-11 11:26:08 - [TEST_STEP][PASSED] - click(findTestObject("OCS-DESKTOP/Product page/Swatch_1g")): Object: 'Object Repository/OCS-DESKTOP/Product page/Swatch_1g' is clicked on

2019-07-11 11:26:09 - [MESSAGE][PASSED] - Object: 'Object Repository/OCS-DESKTOP/Product page/Swatch_1g' is clicked on

2019-07-11 11:26:09 - [TEST_STEP][PASSED] - delay(2): Delayed 2 second(s)

2019-07-11 11:26:11 - [MESSAGE][PASSED] - Delayed 2 second(s)

2019-07-11 11:26:11 - [TEST_STEP][PASSED] - click(findTestObject("OCS-DESKTOP/Product page/Add to Bag-button")): Object: 'Object Repository/OCS-DESKTOP/Product page/Add to Bag-button' is clicked on

2019-07-11 11:26:11 - [MESSAGE][PASSED] - Object: 'Object Repository/OCS-DESKTOP/Product page/Add to Bag-button' is clicked on

2019-07-11 11:26:11 - [TEST_STEP][PASSED] - delay(1): Delayed 1 second(s)

2019-07-11 11:26:12 - [MESSAGE][PASSED] - Delayed 1 second(s)

2019-07-11 11:26:12 - [TEST_STEP][PASSED] - click(findTestObject("OCS-DESKTOP/Home - page/Cart icon -bag"), OPTIONAL): Object: 'Object Repository/OCS-DESKTOP/Home - page/Cart icon -bag' is clicked on

2019-07-11 11:26:12 - [MESSAGE][PASSED] - Object: 'Object Repository/OCS-DESKTOP/Home - page/Cart icon -bag' is clicked on

2019-07-11 11:26:12 - [TEST_STEP][PASSED] - delay(1): Delayed 1 second(s)

2019-07-11 11:26:13 - [MESSAGE][PASSED] - Delayed 1 second(s)

2019-07-11 11:26:13 - [TEST_STEP][PASSED] - mouseOver(findTestObject("OCS-DESKTOP/Cart flyout/tool tip - TOP")): Object: 'Object Repository/OCS-DESKTOP/Cart flyout/tool tip - TOP' is hovered

2019-07-11 11:26:13 - [MESSAGE][PASSED] - Object: 'Object Repository/OCS-DESKTOP/Cart flyout/tool tip - TOP' is hovered

2019-07-11 11:26:13 - [TEST_STEP][PASSED] - delay(3): Delayed 3 second(s)

2019-07-11 11:26:16 - [MESSAGE][PASSED] - Delayed 3 second(s)

2019-07-11 11:26:16 - [TEST_STEP][PASSED] - delay(2): Delayed 2 second(s)

2019-07-11 11:26:18 - [MESSAGE][PASSED] - Delayed 2 second(s)

2019-07-11 11:26:18 - [TEST_STEP][PASSED] - mouseOver(findTestObject("OCS-DESKTOP/Cart flyout/tool tip -DOWN")): Object: 'Object Repository/OCS-DESKTOP/Cart flyout/tool tip -DOWN' is hovered

2019-07-11 11:26:18 - [MESSAGE][PASSED] - Object: 'Object Repository/OCS-DESKTOP/Cart flyout/tool tip -DOWN' is hovered]]></system-out>
         <system-err><![CDATA[]]></system-err>
      </testcase>
      <testcase name="Test Cases/OCS - DESKTOP/OCS- CRITICAL PATH/Cart" classname="Test Cases/OCS - DESKTOP/OCS- CRITICAL PATH/Cart" status="PASSED">
         <system-out><![CDATA[2019-07-11 11:26:18 - [TEST_CASE][PASSED] - Test Cases/OCS - DESKTOP/OCS- CRITICAL PATH/Cart: Test Cases/OCS - DESKTOP/OCS- CRITICAL PATH/Cart

2019-07-11 11:26:18 - [TEST_STEP][PASSED] - callTestCase(findTestCase("OCS - DESKTOP/CALL - Navigate to PDP"), [:], STOP_ON_FAILURE): Call Test Case 'Test Cases/OCS - DESKTOP/CALL - Navigate to PDP' successfully

2019-07-11 11:26:18 - [TEST_CASE][PASSED] - Test Cases/OCS - DESKTOP/CALL - Navigate to PDP: Test Cases/OCS - DESKTOP/CALL - Navigate to PDP

2019-07-11 11:26:18 - [TEST_STEP][PASSED] - openBrowser(""): Browser is opened with url: ''

2019-07-11 11:26:18 - [MESSAGE][WARNING] - A browser is already opened. Closing browser and opening a new one

2019-07-11 11:26:18 - [MESSAGE][INFO] - Starting 'Chrome' driver

2019-07-11 11:26:20 - [MESSAGE][PASSED] - Browser is opened with url: ''

2019-07-11 11:26:20 - [TEST_STEP][PASSED] - maximizeWindow(): Current window maximized

2019-07-11 11:26:20 - [MESSAGE][PASSED] - Current window maximized

2019-07-11 11:26:20 - [TEST_STEP][PASSED] - navigateToUrl("https://ocs.ca/?fts=0&preview_theme_id=74205529932"): Navigate to 'https://ocs.ca/?fts=0&preview_theme_id=74205529932' successfully

2019-07-11 11:26:25 - [MESSAGE][PASSED] - Navigate to 'https://ocs.ca/?fts=0&preview_theme_id=74205529932' successfully

2019-07-11 11:26:25 - [TEST_STEP][PASSED] - executeJavaScript("var previewBar = document.getElementById("preview-bar-iframe"); previewBar.style.display = "none";", []): Execute JavaScript 'var previewBar = document.getElementById("preview-bar-iframe"); previewBar.style.display = "none";' successfully

2019-07-11 11:26:25 - [MESSAGE][PASSED] - Execute JavaScript 'var previewBar = document.getElementById("preview-bar-iframe"); previewBar.style.display = "none";' successfully

2019-07-11 11:26:25 - [TEST_STEP][PASSED] - delay(4): Delayed 4 second(s)

2019-07-11 11:26:29 - [MESSAGE][PASSED] - Delayed 4 second(s)

2019-07-11 11:26:29 - [TEST_STEP][PASSED] - selectOptionByValue(findTestObject("OCS-DESKTOP/Age gate and Mega menu/Date"), "12", true): All options with value '12' are selected in object 'Object Repository/OCS-DESKTOP/Age gate and Mega menu/Date'  using regular expression

2019-07-11 11:26:29 - [MESSAGE][PASSED] - All options with value '12' are selected in object 'Object Repository/OCS-DESKTOP/Age gate and Mega menu/Date'  using regular expression

2019-07-11 11:26:29 - [TEST_STEP][PASSED] - selectOptionByValue(findTestObject("OCS-DESKTOP/Age gate and Mega menu/month"), "6", true): All options with value '6' are selected in object 'Object Repository/OCS-DESKTOP/Age gate and Mega menu/month'  using regular expression

2019-07-11 11:26:29 - [MESSAGE][PASSED] - All options with value '6' are selected in object 'Object Repository/OCS-DESKTOP/Age gate and Mega menu/month'  using regular expression

2019-07-11 11:26:29 - [TEST_STEP][PASSED] - delay(2): Delayed 2 second(s)

2019-07-11 11:26:31 - [MESSAGE][PASSED] - Delayed 2 second(s)

2019-07-11 11:26:31 - [TEST_STEP][PASSED] - selectOptionByValue(findTestObject("OCS-DESKTOP/Age gate and Mega menu/Year Dropdown"), "1990", true): All options with value '1990' are selected in object 'Object Repository/OCS-DESKTOP/Age gate and Mega menu/Year Dropdown'  using regular expression

2019-07-11 11:26:32 - [MESSAGE][PASSED] - All options with value '1990' are selected in object 'Object Repository/OCS-DESKTOP/Age gate and Mega menu/Year Dropdown'  using regular expression

2019-07-11 11:26:32 - [TEST_STEP][PASSED] - click(findTestObject("OCS-DESKTOP/Age gate and Mega menu/button_Verify")): Object: 'Object Repository/OCS-DESKTOP/Age gate and Mega menu/button_Verify' is clicked on

2019-07-11 11:26:33 - [MESSAGE][PASSED] - Object: 'Object Repository/OCS-DESKTOP/Age gate and Mega menu/button_Verify' is clicked on

2019-07-11 11:26:33 - [TEST_STEP][PASSED] - click(findTestObject("OCS-DESKTOP/Age gate and Mega menu/Checkbox_CONFIRM AND ACKNOWLEDGE")): Object: 'Object Repository/OCS-DESKTOP/Age gate and Mega menu/Checkbox_CONFIRM AND ACKNOWLEDGE' is clicked on

2019-07-11 11:26:33 - [MESSAGE][PASSED] - Object: 'Object Repository/OCS-DESKTOP/Age gate and Mega menu/Checkbox_CONFIRM AND ACKNOWLEDGE' is clicked on

2019-07-11 11:26:33 - [TEST_STEP][PASSED] - click(findTestObject("OCS-DESKTOP/Age gate and Mega menu/button_CONFIRM")): Object: 'Object Repository/OCS-DESKTOP/Age gate and Mega menu/button_CONFIRM' is clicked on

2019-07-11 11:26:33 - [MESSAGE][PASSED] - Object: 'Object Repository/OCS-DESKTOP/Age gate and Mega menu/button_CONFIRM' is clicked on

2019-07-11 11:26:33 - [TEST_STEP][PASSED] - click(findTestObject("OCS-DESKTOP/Age gate and Mega menu/button_Start Browsing")): Object: 'Object Repository/OCS-DESKTOP/Age gate and Mega menu/button_Start Browsing' is clicked on

2019-07-11 11:26:33 - [MESSAGE][PASSED] - Object: 'Object Repository/OCS-DESKTOP/Age gate and Mega menu/button_Start Browsing' is clicked on

2019-07-11 11:26:33 - [TEST_STEP][PASSED] - delay(2): Delayed 2 second(s)

2019-07-11 11:26:35 - [MESSAGE][PASSED] - Delayed 2 second(s)

2019-07-11 11:26:35 - [TEST_STEP][PASSED] - navigateToUrl("https://ocs.ca/products/la-confidential"): Navigate to 'https://ocs.ca/products/la-confidential' successfully

2019-07-11 11:26:39 - [MESSAGE][PASSED] - Navigate to 'https://ocs.ca/products/la-confidential' successfully

2019-07-11 11:26:39 - [TEST_STEP][PASSED] - executeJavaScript("var previewBar = document.getElementById("preview-bar-iframe"); previewBar.style.display = "none";", []): Execute JavaScript 'var previewBar = document.getElementById("preview-bar-iframe"); previewBar.style.display = "none";' successfully

2019-07-11 11:26:39 - [MESSAGE][PASSED] - Execute JavaScript 'var previewBar = document.getElementById("preview-bar-iframe"); previewBar.style.display = "none";' successfully

2019-07-11 11:26:39 - [MESSAGE][PASSED] - Call Test Case 'Test Cases/OCS - DESKTOP/CALL - Navigate to PDP' successfully

2019-07-11 11:26:39 - [TEST_STEP][NOT_RUN] - scrollToElement(findTestObject("OCS-DESKTOP/Product page/Product image"), 1): NOT_RUN: scrollToElement(findTestObject("OCS-DESKTOP/Product page/Product image"), 1)

2019-07-11 11:26:39 - [MESSAGE][NOT_RUN] - NOT_RUN: scrollToElement(findTestObject("OCS-DESKTOP/Product page/Product image"), 1)

2019-07-11 11:26:39 - [TEST_STEP][PASSED] - delay(2): Delayed 2 second(s)

2019-07-11 11:26:41 - [MESSAGE][PASSED] - Delayed 2 second(s)

2019-07-11 11:26:41 - [TEST_STEP][PASSED] - executeJavaScript("var previewBar = document.getElementById("preview-bar-iframe"); previewBar.style.display = "none";", []): Execute JavaScript 'var previewBar = document.getElementById("preview-bar-iframe"); previewBar.style.display = "none";' successfully

2019-07-11 11:26:41 - [MESSAGE][PASSED] - Execute JavaScript 'var previewBar = document.getElementById("preview-bar-iframe"); previewBar.style.display = "none";' successfully

2019-07-11 11:26:41 - [TEST_STEP][PASSED] - click(findTestObject("OCS-DESKTOP/Product page/Swatch_1g")): Object: 'Object Repository/OCS-DESKTOP/Product page/Swatch_1g' is clicked on

2019-07-11 11:26:41 - [MESSAGE][PASSED] - Object: 'Object Repository/OCS-DESKTOP/Product page/Swatch_1g' is clicked on

2019-07-11 11:26:41 - [TEST_STEP][NOT_RUN] - scrollToElement(findTestObject("OCS-DESKTOP/Product page/Swatch_3.5g"), 1): NOT_RUN: scrollToElement(findTestObject("OCS-DESKTOP/Product page/Swatch_3.5g"), 1)

2019-07-11 11:26:41 - [MESSAGE][NOT_RUN] - NOT_RUN: scrollToElement(findTestObject("OCS-DESKTOP/Product page/Swatch_3.5g"), 1)

2019-07-11 11:26:41 - [TEST_STEP][PASSED] - delay(2): Delayed 2 second(s)

2019-07-11 11:26:43 - [MESSAGE][PASSED] - Delayed 2 second(s)

2019-07-11 11:26:43 - [TEST_STEP][PASSED] - click(findTestObject("OCS-DESKTOP/Product page/Add to Bag-button")): Object: 'Object Repository/OCS-DESKTOP/Product page/Add to Bag-button' is clicked on

2019-07-11 11:26:43 - [MESSAGE][PASSED] - Object: 'Object Repository/OCS-DESKTOP/Product page/Add to Bag-button' is clicked on

2019-07-11 11:26:43 - [TEST_STEP][PASSED] - delay(2): Delayed 2 second(s)

2019-07-11 11:26:45 - [MESSAGE][PASSED] - Delayed 2 second(s)

2019-07-11 11:26:45 - [TEST_STEP][NOT_RUN] - click(findTestObject("OCS-DESKTOP/Cart flyout/Back icon"), CONTINUE_ON_FAILURE): NOT_RUN: click(findTestObject("OCS-DESKTOP/Cart flyout/Back icon"), CONTINUE_ON_FAILURE)

2019-07-11 11:26:45 - [MESSAGE][NOT_RUN] - NOT_RUN: click(findTestObject("OCS-DESKTOP/Cart flyout/Back icon"), CONTINUE_ON_FAILURE)

2019-07-11 11:26:45 - [TEST_STEP][PASSED] - delay(2): Delayed 2 second(s)

2019-07-11 11:26:47 - [MESSAGE][PASSED] - Delayed 2 second(s)

2019-07-11 11:26:47 - [TEST_STEP][NOT_RUN] - click(findTestObject("OCS-DESKTOP/Home - page/Cart icon -bag"), OPTIONAL): NOT_RUN: click(findTestObject("OCS-DESKTOP/Home - page/Cart icon -bag"), OPTIONAL)

2019-07-11 11:26:47 - [MESSAGE][NOT_RUN] - NOT_RUN: click(findTestObject("OCS-DESKTOP/Home - page/Cart icon -bag"), OPTIONAL)

2019-07-11 11:26:47 - [TEST_STEP][PASSED] - delay(2): Delayed 2 second(s)

2019-07-11 11:26:49 - [MESSAGE][PASSED] - Delayed 2 second(s)

2019-07-11 11:26:49 - [TEST_STEP][PASSED] - flag = verifyElementPresent(findTestObject("OCS-DESKTOP/Product page/Swatch_3.5g"), 0): Object 'Object Repository/OCS-DESKTOP/Product page/Swatch_3.5g' is present

2019-07-11 11:26:49 - [MESSAGE][WARNING] - Timeout '0' is invalid. Using default page load timeout: '30'

2019-07-11 11:26:49 - [MESSAGE][PASSED] - Object 'Object Repository/OCS-DESKTOP/Product page/Swatch_3.5g' is present

2019-07-11 11:26:49 - [TEST_STEP][PASSED] - comment(" flag=" + flag):  flag=true

2019-07-11 11:26:49 - [MESSAGE][INFO] -  flag=true

2019-07-11 11:26:49 - [TEST_STEP][PASSED] - takeScreenshot(): Taking screenshot successfully

2019-07-11 11:26:49 - [MESSAGE][PASSED] - Taking screenshot successfully
[[ATTACHMENT|/Users/sumankompelly/Relative xpath-Desktop/Reports/1.11.4/20190711_112526/1562858809295.png]]

2019-07-11 11:26:49 - [TEST_STEP][PASSED] - delay(2): Delayed 2 second(s)

2019-07-11 11:26:51 - [MESSAGE][PASSED] - Delayed 2 second(s)

2019-07-11 11:26:51 - [TEST_STEP][PASSED] - click(findTestObject("OCS-DESKTOP/Product page/Swatch_3.5g"), CONTINUE_ON_FAILURE): Object: 'Object Repository/OCS-DESKTOP/Product page/Swatch_3.5g' is clicked on

2019-07-11 11:26:51 - [MESSAGE][PASSED] - Object: 'Object Repository/OCS-DESKTOP/Product page/Swatch_3.5g' is clicked on

2019-07-11 11:26:51 - [TEST_STEP][PASSED] - delay(2): Delayed 2 second(s)

2019-07-11 11:26:53 - [MESSAGE][PASSED] - Delayed 2 second(s)

2019-07-11 11:26:53 - [TEST_STEP][PASSED] - click(findTestObject("OCS-DESKTOP/Product page/Add to Bag-button")): Object: 'Object Repository/OCS-DESKTOP/Product page/Add to Bag-button' is clicked on

2019-07-11 11:26:54 - [MESSAGE][PASSED] - Object: 'Object Repository/OCS-DESKTOP/Product page/Add to Bag-button' is clicked on

2019-07-11 11:26:54 - [TEST_STEP][PASSED] - delay(2): Delayed 2 second(s)

2019-07-11 11:26:56 - [MESSAGE][PASSED] - Delayed 2 second(s)

2019-07-11 11:26:56 - [TEST_STEP][PASSED] - click(findTestObject("OCS-DESKTOP/Home - page/Cart icon -bag"), OPTIONAL): Object: 'Object Repository/OCS-DESKTOP/Home - page/Cart icon -bag' is clicked on

2019-07-11 11:26:56 - [MESSAGE][PASSED] - Object: 'Object Repository/OCS-DESKTOP/Home - page/Cart icon -bag' is clicked on

2019-07-11 11:26:56 - [TEST_STEP][PASSED] - delay(2): Delayed 2 second(s)

2019-07-11 11:26:58 - [MESSAGE][PASSED] - Delayed 2 second(s)

2019-07-11 11:26:58 - [TEST_STEP][PASSED] - click(findTestObject("OCS-DESKTOP/Cart flyout/Checkbox_I confirm that")): Object: 'Object Repository/OCS-DESKTOP/Cart flyout/Checkbox_I confirm that' is clicked on

2019-07-11 11:26:58 - [MESSAGE][PASSED] - Object: 'Object Repository/OCS-DESKTOP/Cart flyout/Checkbox_I confirm that' is clicked on

2019-07-11 11:26:58 - [TEST_STEP][PASSED] - delay(2): Delayed 2 second(s)

2019-07-11 11:27:00 - [MESSAGE][PASSED] - Delayed 2 second(s)

2019-07-11 11:27:00 - [TEST_STEP][PASSED] - click(findTestObject("OCS-DESKTOP/Cart flyout/Checkbox_Accept the Terms Condition")): Object: 'Object Repository/OCS-DESKTOP/Cart flyout/Checkbox_Accept the Terms Condition' is clicked on

2019-07-11 11:27:00 - [MESSAGE][PASSED] - Object: 'Object Repository/OCS-DESKTOP/Cart flyout/Checkbox_Accept the Terms Condition' is clicked on

2019-07-11 11:27:00 - [TEST_STEP][PASSED] - delay(2): Delayed 2 second(s)

2019-07-11 11:27:02 - [MESSAGE][PASSED] - Delayed 2 second(s)

2019-07-11 11:27:02 - [TEST_STEP][PASSED] - click(findTestObject("OCS-DESKTOP/Cart flyout/Checkout - Button")): Object: 'Object Repository/OCS-DESKTOP/Cart flyout/Checkout - Button' is clicked on

2019-07-11 11:27:05 - [MESSAGE][PASSED] - Object: 'Object Repository/OCS-DESKTOP/Cart flyout/Checkout - Button' is clicked on

2019-07-11 11:27:05 - [TEST_STEP][PASSED] - delay(2): Delayed 2 second(s)

2019-07-11 11:27:07 - [MESSAGE][PASSED] - Delayed 2 second(s)

2019-07-11 11:27:07 - [TEST_STEP][NOT_RUN] - scrollToElement(findTestObject("OCS-DESKTOP/Customer info page/Return to Cart - Link"), 1): NOT_RUN: scrollToElement(findTestObject("OCS-DESKTOP/Customer info page/Return to Cart - Link"), 1)

2019-07-11 11:27:07 - [MESSAGE][NOT_RUN] - NOT_RUN: scrollToElement(findTestObject("OCS-DESKTOP/Customer info page/Return to Cart - Link"), 1)

2019-07-11 11:27:07 - [TEST_STEP][PASSED] - delay(2): Delayed 2 second(s)

2019-07-11 11:27:09 - [MESSAGE][PASSED] - Delayed 2 second(s)

2019-07-11 11:27:09 - [TEST_STEP][PASSED] - click(findTestObject("OCS-DESKTOP/Customer info page/Cart - Breadcrumb link")): Object: 'Object Repository/OCS-DESKTOP/Customer info page/Cart - Breadcrumb link' is clicked on

2019-07-11 11:27:10 - [MESSAGE][PASSED] - Object: 'Object Repository/OCS-DESKTOP/Customer info page/Cart - Breadcrumb link' is clicked on

2019-07-11 11:27:10 - [TEST_STEP][PASSED] - delay(2): Delayed 2 second(s)

2019-07-11 11:27:12 - [MESSAGE][PASSED] - Delayed 2 second(s)

2019-07-11 11:27:12 - [TEST_STEP][PASSED] - a = getText(findTestObject("OCS-DESKTOP/Cart page/Unit price - 1st product")): Text of object 'Object Repository/OCS-DESKTOP/Cart page/Unit price - 1st product' is: '$35.00'

2019-07-11 11:27:12 - [MESSAGE][PASSED] - Text of object 'Object Repository/OCS-DESKTOP/Cart page/Unit price - 1st product' is: '$35.00'

2019-07-11 11:27:12 - [TEST_STEP][PASSED] - comment(a): $35.00

2019-07-11 11:27:12 - [MESSAGE][INFO] - $35.00

2019-07-11 11:27:12 - [TEST_STEP][PASSED] - a1 = a.substring(1): null

2019-07-11 11:27:12 - [TEST_STEP][PASSED] - comment("a1 = " + a1): a1 = 35.00

2019-07-11 11:27:12 - [MESSAGE][INFO] - a1 = 35.00

2019-07-11 11:27:12 - [TEST_STEP][PASSED] - delay(2): Delayed 2 second(s)

2019-07-11 11:27:14 - [MESSAGE][PASSED] - Delayed 2 second(s)

2019-07-11 11:27:14 - [TEST_STEP][PASSED] - b = getText(findTestObject("OCS-DESKTOP/Cart page/Unit price - 2nd product")): Text of object 'Object Repository/OCS-DESKTOP/Cart page/Unit price - 2nd product' is: '$10.50'

2019-07-11 11:27:14 - [MESSAGE][PASSED] - Text of object 'Object Repository/OCS-DESKTOP/Cart page/Unit price - 2nd product' is: '$10.50'

2019-07-11 11:27:14 - [TEST_STEP][PASSED] - comment(b): $10.50

2019-07-11 11:27:14 - [MESSAGE][INFO] - $10.50

2019-07-11 11:27:14 - [TEST_STEP][PASSED] - a2 = b.substring(1): null

2019-07-11 11:27:14 - [TEST_STEP][PASSED] - comment("a2 = " + a2): a2 = 10.50

2019-07-11 11:27:14 - [MESSAGE][INFO] - a2 = 10.50

2019-07-11 11:27:14 - [TEST_STEP][PASSED] - c = getText(findTestObject("OCS-DESKTOP/Cart page/Sub-total")): Text of object 'Object Repository/OCS-DESKTOP/Cart page/Sub-total' is: '$45.50'

2019-07-11 11:27:14 - [MESSAGE][PASSED] - Text of object 'Object Repository/OCS-DESKTOP/Cart page/Sub-total' is: '$45.50'

2019-07-11 11:27:14 - [TEST_STEP][PASSED] - comment(c): $45.50

2019-07-11 11:27:14 - [MESSAGE][INFO] - $45.50

2019-07-11 11:27:14 - [TEST_STEP][PASSED] - a3 = c.substring(1): null

2019-07-11 11:27:14 - [TEST_STEP][PASSED] - comment("a3 = " + a3): a3 = 45.50

2019-07-11 11:27:14 - [MESSAGE][INFO] - a3 = 45.50

2019-07-11 11:27:14 - [TEST_STEP][PASSED] - p2 = <not implemented yet for class: org.codehaus.groovy.ast.expr.EmptyExpression>: null

2019-07-11 11:27:14 - [TEST_STEP][PASSED] - p3 = <not implemented yet for class: org.codehaus.groovy.ast.expr.EmptyExpression>: null

2019-07-11 11:27:14 - [TEST_STEP][PASSED] - try: p2=35.0

2019-07-11 11:27:14 - [TEST_STEP][PASSED] - x1 = a1: null

2019-07-11 11:27:14 - [TEST_STEP][PASSED] - comment("x1=" + x1): x1=35.00

2019-07-11 11:27:14 - [MESSAGE][INFO] - x1=35.00

2019-07-11 11:27:14 - [TEST_STEP][PASSED] - p2 = Double.valueOf(x1): null

2019-07-11 11:27:14 - [TEST_STEP][PASSED] - comment("p2=" + p2): p2=35.0

2019-07-11 11:27:14 - [MESSAGE][INFO] - p2=35.0

2019-07-11 11:27:14 - [TEST_STEP][PASSED] - try: p3=10.5

2019-07-11 11:27:14 - [TEST_STEP][PASSED] - x2 = a2: null

2019-07-11 11:27:14 - [TEST_STEP][PASSED] - comment("x2=" + x2): x2=10.50

2019-07-11 11:27:14 - [MESSAGE][INFO] - x2=10.50

2019-07-11 11:27:14 - [TEST_STEP][PASSED] - p3 = Double.valueOf(x2): null

2019-07-11 11:27:14 - [TEST_STEP][PASSED] - comment("p3=" + p3): p3=10.5

2019-07-11 11:27:14 - [MESSAGE][INFO] - p3=10.5

2019-07-11 11:27:14 - [TEST_STEP][PASSED] - comment("p2=" + p2): p2=35.0

2019-07-11 11:27:14 - [MESSAGE][INFO] - p2=35.0

2019-07-11 11:27:14 - [TEST_STEP][PASSED] - comment("p3=" + p3): p3=10.5

2019-07-11 11:27:14 - [MESSAGE][INFO] - p3=10.5

2019-07-11 11:27:14 - [TEST_STEP][PASSED] - total = p2 + p3: null

2019-07-11 11:27:14 - [TEST_STEP][PASSED] - comment("total=" + total): total=45.5

2019-07-11 11:27:14 - [MESSAGE][INFO] - total=45.5

2019-07-11 11:27:14 - [TEST_STEP][PASSED] - verifyEqual(total, a3): Actual object '45.5' and expected object '45.50' are equal

2019-07-11 11:27:14 - [MESSAGE][PASSED] - Actual object '45.5' and expected object '45.50' are equal

2019-07-11 11:27:14 - [TEST_STEP][PASSED] - click(findTestObject("OCS-DESKTOP/Cart page/Remove icon - 1st Product")): Object: 'Object Repository/OCS-DESKTOP/Cart page/Remove icon - 1st Product' is clicked on

2019-07-11 11:27:16 - [MESSAGE][PASSED] - Object: 'Object Repository/OCS-DESKTOP/Cart page/Remove icon - 1st Product' is clicked on

2019-07-11 11:27:16 - [TEST_STEP][PASSED] - delay(2): Delayed 2 second(s)

2019-07-11 11:27:18 - [MESSAGE][PASSED] - Delayed 2 second(s)

2019-07-11 11:27:18 - [TEST_STEP][PASSED] - c23 = getText(findTestObject("OCS-DESKTOP/Cart page/Sub-total")): Text of object 'Object Repository/OCS-DESKTOP/Cart page/Sub-total' is: '$10.50'

2019-07-11 11:27:18 - [MESSAGE][PASSED] - Text of object 'Object Repository/OCS-DESKTOP/Cart page/Sub-total' is: '$10.50'

2019-07-11 11:27:18 - [TEST_STEP][PASSED] - comment(c23): $10.50

2019-07-11 11:27:18 - [MESSAGE][INFO] - $10.50

2019-07-11 11:27:18 - [TEST_STEP][PASSED] - a4 = c23.substring(1): null

2019-07-11 11:27:18 - [TEST_STEP][PASSED] - comment("a4= " + a4): a4= 10.50

2019-07-11 11:27:18 - [MESSAGE][INFO] - a4= 10.50

2019-07-11 11:27:18 - [TEST_STEP][PASSED] - b25 = getText(findTestObject("OCS-DESKTOP/Cart page/Unit price - 1st product")): Text of object 'Object Repository/OCS-DESKTOP/Cart page/Unit price - 1st product' is: '$10.50'

2019-07-11 11:27:18 - [MESSAGE][PASSED] - Text of object 'Object Repository/OCS-DESKTOP/Cart page/Unit price - 1st product' is: '$10.50'

2019-07-11 11:27:18 - [TEST_STEP][PASSED] - comment(b25): $10.50

2019-07-11 11:27:18 - [MESSAGE][INFO] - $10.50

2019-07-11 11:27:18 - [TEST_STEP][PASSED] - a25 = b25.substring(1): null

2019-07-11 11:27:18 - [TEST_STEP][PASSED] - comment("a25 = " + a25): a25 = 10.50

2019-07-11 11:27:18 - [MESSAGE][INFO] - a25 = 10.50

2019-07-11 11:27:18 - [TEST_STEP][PASSED] - verifyEqual(a4, a25): Actual object '10.50' and expected object '10.50' are equal

2019-07-11 11:27:18 - [MESSAGE][PASSED] - Actual object '10.50' and expected object '10.50' are equal]]></system-out>
         <system-err><![CDATA[]]></system-err>
      </testcase>
      <testcase name="Test Cases/OCS - DESKTOP/OCS- CRITICAL PATH/cart flyout- accessories" classname="Test Cases/OCS - DESKTOP/OCS- CRITICAL PATH/cart flyout- accessories" status="PASSED">
         <system-out><![CDATA[2019-07-11 11:27:18 - [TEST_CASE][PASSED] - Test Cases/OCS - DESKTOP/OCS- CRITICAL PATH/cart flyout- accessories: Test Cases/OCS - DESKTOP/OCS- CRITICAL PATH/cart flyout- accessories

2019-07-11 11:27:18 - [TEST_STEP][PASSED] - callTestCase(findTestCase("OCS - DESKTOP/CALL - PDP"), [:], STOP_ON_FAILURE): Call Test Case 'Test Cases/OCS - DESKTOP/CALL - PDP' successfully

2019-07-11 11:27:18 - [TEST_CASE][PASSED] - Test Cases/OCS - DESKTOP/CALL - PDP: Test Cases/OCS - DESKTOP/CALL - PDP

2019-07-11 11:27:18 - [TEST_STEP][PASSED] - openBrowser(""): Browser is opened with url: ''

2019-07-11 11:27:18 - [MESSAGE][WARNING] - A browser is already opened. Closing browser and opening a new one

2019-07-11 11:27:18 - [MESSAGE][INFO] - Starting 'Chrome' driver

2019-07-11 11:27:19 - [MESSAGE][PASSED] - Browser is opened with url: ''

2019-07-11 11:27:19 - [TEST_STEP][PASSED] - navigateToUrl("https://ocs.ca/?fts=0&preview_theme_id=74205529932"): Navigate to 'https://ocs.ca/?fts=0&preview_theme_id=74205529932' successfully

2019-07-11 11:27:25 - [MESSAGE][PASSED] - Navigate to 'https://ocs.ca/?fts=0&preview_theme_id=74205529932' successfully

2019-07-11 11:27:25 - [TEST_STEP][PASSED] - maximizeWindow(): Current window maximized

2019-07-11 11:27:25 - [MESSAGE][PASSED] - Current window maximized

2019-07-11 11:27:25 - [TEST_STEP][PASSED] - executeJavaScript("var previewBar = document.getElementById("preview-bar-iframe"); previewBar.style.display = "none";", []): Execute JavaScript 'var previewBar = document.getElementById("preview-bar-iframe"); previewBar.style.display = "none";' successfully

2019-07-11 11:27:25 - [MESSAGE][PASSED] - Execute JavaScript 'var previewBar = document.getElementById("preview-bar-iframe"); previewBar.style.display = "none";' successfully

2019-07-11 11:27:25 - [TEST_STEP][PASSED] - delay(4): Delayed 4 second(s)

2019-07-11 11:27:29 - [MESSAGE][PASSED] - Delayed 4 second(s)

2019-07-11 11:27:29 - [TEST_STEP][PASSED] - selectOptionByValue(findTestObject("OCS-DESKTOP/Age gate and Mega menu/Date"), "12", true): All options with value '12' are selected in object 'Object Repository/OCS-DESKTOP/Age gate and Mega menu/Date'  using regular expression

2019-07-11 11:27:29 - [MESSAGE][PASSED] - All options with value '12' are selected in object 'Object Repository/OCS-DESKTOP/Age gate and Mega menu/Date'  using regular expression

2019-07-11 11:27:29 - [TEST_STEP][PASSED] - selectOptionByValue(findTestObject("OCS-DESKTOP/Age gate and Mega menu/month"), "6", true): All options with value '6' are selected in object 'Object Repository/OCS-DESKTOP/Age gate and Mega menu/month'  using regular expression

2019-07-11 11:27:29 - [MESSAGE][PASSED] - All options with value '6' are selected in object 'Object Repository/OCS-DESKTOP/Age gate and Mega menu/month'  using regular expression

2019-07-11 11:27:29 - [TEST_STEP][PASSED] - delay(2): Delayed 2 second(s)

2019-07-11 11:27:31 - [MESSAGE][PASSED] - Delayed 2 second(s)

2019-07-11 11:27:31 - [TEST_STEP][PASSED] - selectOptionByValue(findTestObject("OCS-DESKTOP/Age gate and Mega menu/Year Dropdown"), "1990", true): All options with value '1990' are selected in object 'Object Repository/OCS-DESKTOP/Age gate and Mega menu/Year Dropdown'  using regular expression

2019-07-11 11:27:32 - [MESSAGE][PASSED] - All options with value '1990' are selected in object 'Object Repository/OCS-DESKTOP/Age gate and Mega menu/Year Dropdown'  using regular expression

2019-07-11 11:27:32 - [TEST_STEP][PASSED] - click(findTestObject("OCS-DESKTOP/Age gate and Mega menu/button_Verify")): Object: 'Object Repository/OCS-DESKTOP/Age gate and Mega menu/button_Verify' is clicked on

2019-07-11 11:27:33 - [MESSAGE][PASSED] - Object: 'Object Repository/OCS-DESKTOP/Age gate and Mega menu/button_Verify' is clicked on

2019-07-11 11:27:33 - [TEST_STEP][PASSED] - click(findTestObject("OCS-DESKTOP/Age gate and Mega menu/Checkbox_CONFIRM AND ACKNOWLEDGE")): Object: 'Object Repository/OCS-DESKTOP/Age gate and Mega menu/Checkbox_CONFIRM AND ACKNOWLEDGE' is clicked on

2019-07-11 11:27:33 - [MESSAGE][PASSED] - Object: 'Object Repository/OCS-DESKTOP/Age gate and Mega menu/Checkbox_CONFIRM AND ACKNOWLEDGE' is clicked on

2019-07-11 11:27:33 - [TEST_STEP][PASSED] - click(findTestObject("OCS-DESKTOP/Age gate and Mega menu/button_CONFIRM")): Object: 'Object Repository/OCS-DESKTOP/Age gate and Mega menu/button_CONFIRM' is clicked on

2019-07-11 11:27:33 - [MESSAGE][PASSED] - Object: 'Object Repository/OCS-DESKTOP/Age gate and Mega menu/button_CONFIRM' is clicked on

2019-07-11 11:27:33 - [TEST_STEP][PASSED] - click(findTestObject("OCS-DESKTOP/Age gate and Mega menu/button_Start Browsing")): Object: 'Object Repository/OCS-DESKTOP/Age gate and Mega menu/button_Start Browsing' is clicked on

2019-07-11 11:27:33 - [MESSAGE][PASSED] - Object: 'Object Repository/OCS-DESKTOP/Age gate and Mega menu/button_Start Browsing' is clicked on

2019-07-11 11:27:33 - [TEST_STEP][PASSED] - refresh(): Refresh successfully

2019-07-11 11:27:36 - [MESSAGE][PASSED] - Refresh successfully

2019-07-11 11:27:36 - [TEST_STEP][PASSED] - delay(2): Delayed 2 second(s)

2019-07-11 11:27:38 - [MESSAGE][PASSED] - Delayed 2 second(s)

2019-07-11 11:27:38 - [TEST_STEP][PASSED] - click(findTestObject("OCS-DESKTOP/Age gate and Mega menu/Header/CANNABIS menu - English")): Object: 'Object Repository/OCS-DESKTOP/Age gate and Mega menu/Header/CANNABIS menu - English' is clicked on

2019-07-11 11:27:39 - [MESSAGE][PASSED] - Object: 'Object Repository/OCS-DESKTOP/Age gate and Mega menu/Header/CANNABIS menu - English' is clicked on

2019-07-11 11:27:39 - [TEST_STEP][PASSED] - delay(2): Delayed 2 second(s)

2019-07-11 11:27:41 - [MESSAGE][PASSED] - Delayed 2 second(s)

2019-07-11 11:27:41 - [TEST_STEP][PASSED] - click(findTestObject("OCS-DESKTOP/Age gate and Mega menu/Indica Dominant_Menu item")): Object: 'Object Repository/OCS-DESKTOP/Age gate and Mega menu/Indica Dominant_Menu item' is clicked on

2019-07-11 11:27:43 - [MESSAGE][PASSED] - Object: 'Object Repository/OCS-DESKTOP/Age gate and Mega menu/Indica Dominant_Menu item' is clicked on

2019-07-11 11:27:43 - [TEST_STEP][PASSED] - delay(2): Delayed 2 second(s)

2019-07-11 11:27:45 - [MESSAGE][PASSED] - Delayed 2 second(s)

2019-07-11 11:27:45 - [TEST_STEP][PASSED] - scrollToElement(findTestObject("OCS-DESKTOP/Collection page/Product image - 1st one"), 0): Scroll to object 'Object Repository/OCS-DESKTOP/Collection page/Product image - 1st one' successfully

2019-07-11 11:27:45 - [MESSAGE][WARNING] - Timeout '0' is invalid. Using default page load timeout: '30'

2019-07-11 11:27:45 - [MESSAGE][PASSED] - Scroll to object 'Object Repository/OCS-DESKTOP/Collection page/Product image - 1st one' successfully

2019-07-11 11:27:45 - [TEST_STEP][PASSED] - delay(2): Delayed 2 second(s)

2019-07-11 11:27:47 - [MESSAGE][PASSED] - Delayed 2 second(s)

2019-07-11 11:27:47 - [TEST_STEP][PASSED] - click(findTestObject("OCS-DESKTOP/Collection page/Product image - 1st one")): Object: 'Object Repository/OCS-DESKTOP/Collection page/Product image - 1st one' is clicked on

2019-07-11 11:27:52 - [MESSAGE][PASSED] - Object: 'Object Repository/OCS-DESKTOP/Collection page/Product image - 1st one' is clicked on

2019-07-11 11:27:52 - [TEST_STEP][PASSED] - executeJavaScript("var previewBar = document.getElementById("preview-bar-iframe"); previewBar.style.display = "none";", []): Execute JavaScript 'var previewBar = document.getElementById("preview-bar-iframe"); previewBar.style.display = "none";' successfully

2019-07-11 11:27:52 - [MESSAGE][PASSED] - Execute JavaScript 'var previewBar = document.getElementById("preview-bar-iframe"); previewBar.style.display = "none";' successfully

2019-07-11 11:27:52 - [TEST_STEP][PASSED] - delay(2): Delayed 2 second(s)

2019-07-11 11:27:54 - [MESSAGE][PASSED] - Delayed 2 second(s)

2019-07-11 11:27:54 - [MESSAGE][PASSED] - Call Test Case 'Test Cases/OCS - DESKTOP/CALL - PDP' successfully

2019-07-11 11:27:54 - [TEST_STEP][NOT_RUN] - scrollToElement(findTestObject("OCS-DESKTOP/Product page/Product image"), 1): NOT_RUN: scrollToElement(findTestObject("OCS-DESKTOP/Product page/Product image"), 1)

2019-07-11 11:27:54 - [MESSAGE][NOT_RUN] - NOT_RUN: scrollToElement(findTestObject("OCS-DESKTOP/Product page/Product image"), 1)

2019-07-11 11:27:54 - [TEST_STEP][PASSED] - delay(2): Delayed 2 second(s)

2019-07-11 11:27:56 - [MESSAGE][PASSED] - Delayed 2 second(s)

2019-07-11 11:27:56 - [TEST_STEP][PASSED] - click(findTestObject("OCS-DESKTOP/Product page/Swatch_1g")): Object: 'Object Repository/OCS-DESKTOP/Product page/Swatch_1g' is clicked on

2019-07-11 11:27:56 - [MESSAGE][PASSED] - Object: 'Object Repository/OCS-DESKTOP/Product page/Swatch_1g' is clicked on

2019-07-11 11:27:56 - [TEST_STEP][PASSED] - scrollToElement(findTestObject("OCS-DESKTOP/Product page/Swatch_3.5g"), 1): Scroll to object 'Object Repository/OCS-DESKTOP/Product page/Swatch_3.5g' successfully

2019-07-11 11:27:56 - [MESSAGE][PASSED] - Scroll to object 'Object Repository/OCS-DESKTOP/Product page/Swatch_3.5g' successfully

2019-07-11 11:27:56 - [TEST_STEP][PASSED] - delay(2): Delayed 2 second(s)

2019-07-11 11:27:58 - [MESSAGE][PASSED] - Delayed 2 second(s)

2019-07-11 11:27:58 - [TEST_STEP][PASSED] - click(findTestObject("OCS-DESKTOP/Product page/Add to Bag-button")): Object: 'Object Repository/OCS-DESKTOP/Product page/Add to Bag-button' is clicked on

2019-07-11 11:27:58 - [MESSAGE][PASSED] - Object: 'Object Repository/OCS-DESKTOP/Product page/Add to Bag-button' is clicked on

2019-07-11 11:27:58 - [TEST_STEP][PASSED] - delay(1): Delayed 1 second(s)

2019-07-11 11:27:59 - [MESSAGE][PASSED] - Delayed 1 second(s)

2019-07-11 11:27:59 - [TEST_STEP][PASSED] - click(findTestObject("OCS-DESKTOP/Home - page/Cart icon -bag"), OPTIONAL): Object: 'Object Repository/OCS-DESKTOP/Home - page/Cart icon -bag' is clicked on

2019-07-11 11:27:59 - [MESSAGE][PASSED] - Object: 'Object Repository/OCS-DESKTOP/Home - page/Cart icon -bag' is clicked on

2019-07-11 11:27:59 - [TEST_STEP][PASSED] - delay(2): Delayed 2 second(s)

2019-07-11 11:28:01 - [MESSAGE][PASSED] - Delayed 2 second(s)

2019-07-11 11:28:01 - [TEST_STEP][NOT_RUN] - click(findTestObject("OCS-DESKTOP/Theme preview - Hide bar")): NOT_RUN: click(findTestObject("OCS-DESKTOP/Theme preview - Hide bar"))

2019-07-11 11:28:01 - [MESSAGE][NOT_RUN] - NOT_RUN: click(findTestObject("OCS-DESKTOP/Theme preview - Hide bar"))

2019-07-11 11:28:01 - [TEST_STEP][NOT_RUN] - delay(2): NOT_RUN: delay(2)

2019-07-11 11:28:01 - [MESSAGE][NOT_RUN] - NOT_RUN: delay(2)

2019-07-11 11:28:01 - [TEST_STEP][PASSED] - click(findTestObject("OCS-DESKTOP/Cart flyout/Up Chevron - Accessories you might need")): Object: 'Object Repository/OCS-DESKTOP/Cart flyout/Up Chevron - Accessories you might need' is clicked on

2019-07-11 11:28:01 - [MESSAGE][PASSED] - Object: 'Object Repository/OCS-DESKTOP/Cart flyout/Up Chevron - Accessories you might need' is clicked on

2019-07-11 11:28:01 - [TEST_STEP][PASSED] - takeScreenshot(): Taking screenshot successfully

2019-07-11 11:28:02 - [MESSAGE][PASSED] - Taking screenshot successfully
[[ATTACHMENT|/Users/sumankompelly/Relative xpath-Desktop/Reports/1.11.4/20190711_112526/1562858881709.png]]

2019-07-11 11:28:02 - [TEST_STEP][PASSED] - delay(4): Delayed 4 second(s)

2019-07-11 11:28:06 - [MESSAGE][PASSED] - Delayed 4 second(s)

2019-07-11 11:28:06 - [TEST_STEP][PASSED] - click(findTestObject("OCS-DESKTOP/Cart flyout/Down Chevron - Accessories you might need")): Object: 'Object Repository/OCS-DESKTOP/Cart flyout/Down Chevron - Accessories you might need' is clicked on

2019-07-11 11:28:06 - [MESSAGE][PASSED] - Object: 'Object Repository/OCS-DESKTOP/Cart flyout/Down Chevron - Accessories you might need' is clicked on]]></system-out>
         <system-err><![CDATA[]]></system-err>
      </testcase>
      <testcase name="Test Cases/OCS - DESKTOP/OCS- CRITICAL PATH/Cart flyout-price comparison" classname="Test Cases/OCS - DESKTOP/OCS- CRITICAL PATH/Cart flyout-price comparison" status="PASSED">
         <system-out><![CDATA[2019-07-11 11:28:06 - [TEST_CASE][PASSED] - Test Cases/OCS - DESKTOP/OCS- CRITICAL PATH/Cart flyout-price comparison: Test Cases/OCS - DESKTOP/OCS- CRITICAL PATH/Cart flyout-price comparison

2019-07-11 11:28:06 - [TEST_STEP][PASSED] - callTestCase(findTestCase("OCS - DESKTOP/CALL - Navigate to PDP"), [:], STOP_ON_FAILURE): Call Test Case 'Test Cases/OCS - DESKTOP/CALL - Navigate to PDP' successfully

2019-07-11 11:28:06 - [TEST_CASE][PASSED] - Test Cases/OCS - DESKTOP/CALL - Navigate to PDP: Test Cases/OCS - DESKTOP/CALL - Navigate to PDP

2019-07-11 11:28:06 - [TEST_STEP][PASSED] - openBrowser(""): Browser is opened with url: ''

2019-07-11 11:28:06 - [MESSAGE][WARNING] - A browser is already opened. Closing browser and opening a new one

2019-07-11 11:28:06 - [MESSAGE][INFO] - Starting 'Chrome' driver

2019-07-11 11:28:07 - [MESSAGE][PASSED] - Browser is opened with url: ''

2019-07-11 11:28:07 - [TEST_STEP][PASSED] - maximizeWindow(): Current window maximized

2019-07-11 11:28:08 - [MESSAGE][PASSED] - Current window maximized

2019-07-11 11:28:08 - [TEST_STEP][PASSED] - navigateToUrl("https://ocs.ca/?fts=0&preview_theme_id=74205529932"): Navigate to 'https://ocs.ca/?fts=0&preview_theme_id=74205529932' successfully

2019-07-11 11:28:13 - [MESSAGE][PASSED] - Navigate to 'https://ocs.ca/?fts=0&preview_theme_id=74205529932' successfully

2019-07-11 11:28:13 - [TEST_STEP][PASSED] - executeJavaScript("var previewBar = document.getElementById("preview-bar-iframe"); previewBar.style.display = "none";", []): Execute JavaScript 'var previewBar = document.getElementById("preview-bar-iframe"); previewBar.style.display = "none";' successfully

2019-07-11 11:28:13 - [MESSAGE][PASSED] - Execute JavaScript 'var previewBar = document.getElementById("preview-bar-iframe"); previewBar.style.display = "none";' successfully

2019-07-11 11:28:13 - [TEST_STEP][PASSED] - delay(4): Delayed 4 second(s)

2019-07-11 11:28:17 - [MESSAGE][PASSED] - Delayed 4 second(s)

2019-07-11 11:28:17 - [TEST_STEP][PASSED] - selectOptionByValue(findTestObject("OCS-DESKTOP/Age gate and Mega menu/Date"), "12", true): All options with value '12' are selected in object 'Object Repository/OCS-DESKTOP/Age gate and Mega menu/Date'  using regular expression

2019-07-11 11:28:17 - [MESSAGE][PASSED] - All options with value '12' are selected in object 'Object Repository/OCS-DESKTOP/Age gate and Mega menu/Date'  using regular expression

2019-07-11 11:28:17 - [TEST_STEP][PASSED] - selectOptionByValue(findTestObject("OCS-DESKTOP/Age gate and Mega menu/month"), "6", true): All options with value '6' are selected in object 'Object Repository/OCS-DESKTOP/Age gate and Mega menu/month'  using regular expression

2019-07-11 11:28:18 - [MESSAGE][PASSED] - All options with value '6' are selected in object 'Object Repository/OCS-DESKTOP/Age gate and Mega menu/month'  using regular expression

2019-07-11 11:28:18 - [TEST_STEP][PASSED] - delay(2): Delayed 2 second(s)

2019-07-11 11:28:20 - [MESSAGE][PASSED] - Delayed 2 second(s)

2019-07-11 11:28:20 - [TEST_STEP][PASSED] - selectOptionByValue(findTestObject("OCS-DESKTOP/Age gate and Mega menu/Year Dropdown"), "1990", true): All options with value '1990' are selected in object 'Object Repository/OCS-DESKTOP/Age gate and Mega menu/Year Dropdown'  using regular expression

2019-07-11 11:28:21 - [MESSAGE][PASSED] - All options with value '1990' are selected in object 'Object Repository/OCS-DESKTOP/Age gate and Mega menu/Year Dropdown'  using regular expression

2019-07-11 11:28:21 - [TEST_STEP][PASSED] - click(findTestObject("OCS-DESKTOP/Age gate and Mega menu/button_Verify")): Object: 'Object Repository/OCS-DESKTOP/Age gate and Mega menu/button_Verify' is clicked on

2019-07-11 11:28:21 - [MESSAGE][PASSED] - Object: 'Object Repository/OCS-DESKTOP/Age gate and Mega menu/button_Verify' is clicked on

2019-07-11 11:28:21 - [TEST_STEP][PASSED] - click(findTestObject("OCS-DESKTOP/Age gate and Mega menu/Checkbox_CONFIRM AND ACKNOWLEDGE")): Object: 'Object Repository/OCS-DESKTOP/Age gate and Mega menu/Checkbox_CONFIRM AND ACKNOWLEDGE' is clicked on

2019-07-11 11:28:21 - [MESSAGE][PASSED] - Object: 'Object Repository/OCS-DESKTOP/Age gate and Mega menu/Checkbox_CONFIRM AND ACKNOWLEDGE' is clicked on

2019-07-11 11:28:21 - [TEST_STEP][PASSED] - click(findTestObject("OCS-DESKTOP/Age gate and Mega menu/button_CONFIRM")): Object: 'Object Repository/OCS-DESKTOP/Age gate and Mega menu/button_CONFIRM' is clicked on

2019-07-11 11:28:21 - [MESSAGE][PASSED] - Object: 'Object Repository/OCS-DESKTOP/Age gate and Mega menu/button_CONFIRM' is clicked on

2019-07-11 11:28:21 - [TEST_STEP][PASSED] - click(findTestObject("OCS-DESKTOP/Age gate and Mega menu/button_Start Browsing")): Object: 'Object Repository/OCS-DESKTOP/Age gate and Mega menu/button_Start Browsing' is clicked on

2019-07-11 11:28:21 - [MESSAGE][PASSED] - Object: 'Object Repository/OCS-DESKTOP/Age gate and Mega menu/button_Start Browsing' is clicked on

2019-07-11 11:28:21 - [TEST_STEP][PASSED] - delay(2): Delayed 2 second(s)

2019-07-11 11:28:23 - [MESSAGE][PASSED] - Delayed 2 second(s)

2019-07-11 11:28:23 - [TEST_STEP][PASSED] - navigateToUrl("https://ocs.ca/products/la-confidential"): Navigate to 'https://ocs.ca/products/la-confidential' successfully

2019-07-11 11:28:27 - [MESSAGE][PASSED] - Navigate to 'https://ocs.ca/products/la-confidential' successfully

2019-07-11 11:28:27 - [TEST_STEP][PASSED] - executeJavaScript("var previewBar = document.getElementById("preview-bar-iframe"); previewBar.style.display = "none";", []): Execute JavaScript 'var previewBar = document.getElementById("preview-bar-iframe"); previewBar.style.display = "none";' successfully

2019-07-11 11:28:27 - [MESSAGE][PASSED] - Execute JavaScript 'var previewBar = document.getElementById("preview-bar-iframe"); previewBar.style.display = "none";' successfully

2019-07-11 11:28:27 - [MESSAGE][PASSED] - Call Test Case 'Test Cases/OCS - DESKTOP/CALL - Navigate to PDP' successfully

2019-07-11 11:28:27 - [TEST_STEP][NOT_RUN] - scrollToElement(findTestObject("OCS-DESKTOP/Product page/Product image"), 1): NOT_RUN: scrollToElement(findTestObject("OCS-DESKTOP/Product page/Product image"), 1)

2019-07-11 11:28:27 - [MESSAGE][NOT_RUN] - NOT_RUN: scrollToElement(findTestObject("OCS-DESKTOP/Product page/Product image"), 1)

2019-07-11 11:28:27 - [TEST_STEP][PASSED] - delay(2): Delayed 2 second(s)

2019-07-11 11:28:29 - [MESSAGE][PASSED] - Delayed 2 second(s)

2019-07-11 11:28:29 - [TEST_STEP][NOT_RUN] - flag = verifyElementPresent(findTestObject("OCS-DESKTOP/Product page/Swatch_3.5g"), 0): NOT_RUN: flag = verifyElementPresent(findTestObject("OCS-DESKTOP/Product page/Swatch_3.5g"), 0)

2019-07-11 11:28:29 - [MESSAGE][NOT_RUN] - NOT_RUN: flag = verifyElementPresent(findTestObject("OCS-DESKTOP/Product page/Swatch_3.5g"), 0)

2019-07-11 11:28:29 - [TEST_STEP][NOT_RUN] - comment(" flag=" + flag): NOT_RUN: comment(" flag=" + flag)

2019-07-11 11:28:29 - [MESSAGE][NOT_RUN] - NOT_RUN: comment(" flag=" + flag)

2019-07-11 11:28:29 - [TEST_STEP][PASSED] - takeScreenshot(): Taking screenshot successfully

2019-07-11 11:28:30 - [MESSAGE][PASSED] - Taking screenshot successfully
[[ATTACHMENT|/Users/sumankompelly/Relative xpath-Desktop/Reports/1.11.4/20190711_112526/1562858909752.png]]

2019-07-11 11:28:30 - [TEST_STEP][NOT_RUN] - scrollToElement(findTestObject("OCS-DESKTOP/Product page/Swatch_3.5g"), 1): NOT_RUN: scrollToElement(findTestObject("OCS-DESKTOP/Product page/Swatch_3.5g"), 1)

2019-07-11 11:28:30 - [MESSAGE][NOT_RUN] - NOT_RUN: scrollToElement(findTestObject("OCS-DESKTOP/Product page/Swatch_3.5g"), 1)

2019-07-11 11:28:30 - [TEST_STEP][PASSED] - click(findTestObject("OCS-DESKTOP/Product page/Swatch_1g"), CONTINUE_ON_FAILURE): Object: 'Object Repository/OCS-DESKTOP/Product page/Swatch_1g' is clicked on

2019-07-11 11:28:30 - [MESSAGE][PASSED] - Object: 'Object Repository/OCS-DESKTOP/Product page/Swatch_1g' is clicked on

2019-07-11 11:28:30 - [TEST_STEP][NOT_RUN] - delay(2): NOT_RUN: delay(2)

2019-07-11 11:28:30 - [MESSAGE][NOT_RUN] - NOT_RUN: delay(2)

2019-07-11 11:28:30 - [TEST_STEP][NOT_RUN] - click(findTestObject("OCS-DESKTOP/Theme preview - Hide bar"), OPTIONAL): NOT_RUN: click(findTestObject("OCS-DESKTOP/Theme preview - Hide bar"), OPTIONAL)

2019-07-11 11:28:30 - [MESSAGE][NOT_RUN] - NOT_RUN: click(findTestObject("OCS-DESKTOP/Theme preview - Hide bar"), OPTIONAL)

2019-07-11 11:28:30 - [TEST_STEP][PASSED] - delay(2, OPTIONAL): Delayed 2 second(s)

2019-07-11 11:28:32 - [MESSAGE][PASSED] - Delayed 2 second(s)

2019-07-11 11:28:32 - [TEST_STEP][PASSED] - click(findTestObject("OCS-DESKTOP/Product page/Add to Bag-button")): Object: 'Object Repository/OCS-DESKTOP/Product page/Add to Bag-button' is clicked on

2019-07-11 11:28:32 - [MESSAGE][PASSED] - Object: 'Object Repository/OCS-DESKTOP/Product page/Add to Bag-button' is clicked on

2019-07-11 11:28:32 - [TEST_STEP][PASSED] - delay(1): Delayed 1 second(s)

2019-07-11 11:28:33 - [MESSAGE][PASSED] - Delayed 1 second(s)

2019-07-11 11:28:33 - [TEST_STEP][NOT_RUN] - click(findTestObject("OCS-DESKTOP/Cart flyout/Back icon")): NOT_RUN: click(findTestObject("OCS-DESKTOP/Cart flyout/Back icon"))

2019-07-11 11:28:33 - [MESSAGE][NOT_RUN] - NOT_RUN: click(findTestObject("OCS-DESKTOP/Cart flyout/Back icon"))

2019-07-11 11:28:33 - [TEST_STEP][PASSED] - delay(2): Delayed 2 second(s)

2019-07-11 11:28:35 - [MESSAGE][PASSED] - Delayed 2 second(s)

2019-07-11 11:28:35 - [TEST_STEP][NOT_RUN] - click(findTestObject("OCS-DESKTOP/Age gate and Mega menu/Header/CANNABIS menu - English")): NOT_RUN: click(findTestObject("OCS-DESKTOP/Age gate and Mega menu/Header/CANNABIS menu - English"))

2019-07-11 11:28:35 - [MESSAGE][NOT_RUN] - NOT_RUN: click(findTestObject("OCS-DESKTOP/Age gate and Mega menu/Header/CANNABIS menu - English"))

2019-07-11 11:28:35 - [TEST_STEP][NOT_RUN] - delay(2): NOT_RUN: delay(2)

2019-07-11 11:28:35 - [MESSAGE][NOT_RUN] - NOT_RUN: delay(2)

2019-07-11 11:28:35 - [TEST_STEP][NOT_RUN] - click(findTestObject("OCS-DESKTOP/Age gate and Mega menu/Chevron_Cannabis")): NOT_RUN: click(findTestObject("OCS-DESKTOP/Age gate and Mega menu/Chevron_Cannabis"))

2019-07-11 11:28:35 - [MESSAGE][NOT_RUN] - NOT_RUN: click(findTestObject("OCS-DESKTOP/Age gate and Mega menu/Chevron_Cannabis"))

2019-07-11 11:28:35 - [TEST_STEP][NOT_RUN] - delay(2): NOT_RUN: delay(2)

2019-07-11 11:28:35 - [MESSAGE][NOT_RUN] - NOT_RUN: delay(2)

2019-07-11 11:28:35 - [TEST_STEP][NOT_RUN] - click(findTestObject("OCS-DESKTOP/Age gate and Mega menu/Dried Flower_Plus icon")): NOT_RUN: click(findTestObject("OCS-DESKTOP/Age gate and Mega menu/Dried Flower_Plus icon"))

2019-07-11 11:28:35 - [MESSAGE][NOT_RUN] - NOT_RUN: click(findTestObject("OCS-DESKTOP/Age gate and Mega menu/Dried Flower_Plus icon"))

2019-07-11 11:28:35 - [TEST_STEP][NOT_RUN] - delay(2): NOT_RUN: delay(2)

2019-07-11 11:28:35 - [MESSAGE][NOT_RUN] - NOT_RUN: delay(2)

2019-07-11 11:28:35 - [TEST_STEP][NOT_RUN] - click(findTestObject("OCS-DESKTOP/Age gate and Mega menu/Indica Dominant_Menu item")): NOT_RUN: click(findTestObject("OCS-DESKTOP/Age gate and Mega menu/Indica Dominant_Menu item"))

2019-07-11 11:28:35 - [MESSAGE][NOT_RUN] - NOT_RUN: click(findTestObject("OCS-DESKTOP/Age gate and Mega menu/Indica Dominant_Menu item"))

2019-07-11 11:28:35 - [TEST_STEP][NOT_RUN] - click(findTestObject("OCS-DESKTOP/Collection page/Product image - 2nd one")): NOT_RUN: click(findTestObject("OCS-DESKTOP/Collection page/Product image - 2nd one"))

2019-07-11 11:28:35 - [MESSAGE][NOT_RUN] - NOT_RUN: click(findTestObject("OCS-DESKTOP/Collection page/Product image - 2nd one"))

2019-07-11 11:28:35 - [TEST_STEP][PASSED] - delay(2): Delayed 2 second(s)

2019-07-11 11:28:37 - [MESSAGE][PASSED] - Delayed 2 second(s)

2019-07-11 11:28:37 - [TEST_STEP][NOT_RUN] - navigateToUrl("https://ocs.ca/products/la-confidential"): NOT_RUN: navigateToUrl("https://ocs.ca/products/la-confidential")

2019-07-11 11:28:37 - [MESSAGE][NOT_RUN] - NOT_RUN: navigateToUrl("https://ocs.ca/products/la-confidential")

2019-07-11 11:28:37 - [TEST_STEP][PASSED] - delay(2): Delayed 2 second(s)

2019-07-11 11:28:39 - [MESSAGE][PASSED] - Delayed 2 second(s)

2019-07-11 11:28:39 - [TEST_STEP][PASSED] - takeScreenshot(): Taking screenshot successfully

2019-07-11 11:28:39 - [MESSAGE][PASSED] - Taking screenshot successfully
[[ATTACHMENT|/Users/sumankompelly/Relative xpath-Desktop/Reports/1.11.4/20190711_112526/1562858919511.png]]

2019-07-11 11:28:39 - [TEST_STEP][PASSED] - delay(2): Delayed 2 second(s)

2019-07-11 11:28:41 - [MESSAGE][PASSED] - Delayed 2 second(s)

2019-07-11 11:28:41 - [TEST_STEP][PASSED] - click(findTestObject("OCS-DESKTOP/Product page/Swatch_3.5g")): Object: 'Object Repository/OCS-DESKTOP/Product page/Swatch_3.5g' is clicked on

2019-07-11 11:28:42 - [MESSAGE][PASSED] - Object: 'Object Repository/OCS-DESKTOP/Product page/Swatch_3.5g' is clicked on

2019-07-11 11:28:42 - [TEST_STEP][PASSED] - delay(2): Delayed 2 second(s)

2019-07-11 11:28:44 - [MESSAGE][PASSED] - Delayed 2 second(s)

2019-07-11 11:28:44 - [TEST_STEP][PASSED] - click(findTestObject("OCS-DESKTOP/Product page/Add to Bag-button")): Object: 'Object Repository/OCS-DESKTOP/Product page/Add to Bag-button' is clicked on

2019-07-11 11:28:44 - [MESSAGE][PASSED] - Object: 'Object Repository/OCS-DESKTOP/Product page/Add to Bag-button' is clicked on

2019-07-11 11:28:44 - [TEST_STEP][PASSED] - delay(1): Delayed 1 second(s)

2019-07-11 11:28:45 - [MESSAGE][PASSED] - Delayed 1 second(s)

2019-07-11 11:28:45 - [TEST_STEP][PASSED] - click(findTestObject("OCS-DESKTOP/Home - page/Cart icon -bag"), OPTIONAL): Object: 'Object Repository/OCS-DESKTOP/Home - page/Cart icon -bag' is clicked on

2019-07-11 11:28:45 - [MESSAGE][PASSED] - Object: 'Object Repository/OCS-DESKTOP/Home - page/Cart icon -bag' is clicked on

2019-07-11 11:28:45 - [TEST_STEP][NOT_RUN] - delay(2): NOT_RUN: delay(2)

2019-07-11 11:28:45 - [MESSAGE][NOT_RUN] - NOT_RUN: delay(2)

2019-07-11 11:28:45 - [TEST_STEP][NOT_RUN] - click(findTestObject("OCS-DESKTOP/Theme preview - Hide bar")): NOT_RUN: click(findTestObject("OCS-DESKTOP/Theme preview - Hide bar"))

2019-07-11 11:28:45 - [MESSAGE][NOT_RUN] - NOT_RUN: click(findTestObject("OCS-DESKTOP/Theme preview - Hide bar"))

2019-07-11 11:28:45 - [TEST_STEP][PASSED] - a = getText(findTestObject("OCS-DESKTOP/Cart flyout/Unit price - 1st Product")): Text of object 'Object Repository/OCS-DESKTOP/Cart flyout/Unit price - 1st Product' is: '$35.00'

2019-07-11 11:28:45 - [MESSAGE][PASSED] - Text of object 'Object Repository/OCS-DESKTOP/Cart flyout/Unit price - 1st Product' is: '$35.00'

2019-07-11 11:28:45 - [TEST_STEP][PASSED] - delay(2): Delayed 2 second(s)

2019-07-11 11:28:47 - [MESSAGE][PASSED] - Delayed 2 second(s)

2019-07-11 11:28:47 - [TEST_STEP][PASSED] - comment("a=" + a): a=$35.00

2019-07-11 11:28:47 - [MESSAGE][INFO] - a=$35.00

2019-07-11 11:28:47 - [TEST_STEP][PASSED] - without = a.substring(1): null

2019-07-11 11:28:47 - [TEST_STEP][PASSED] - comment("without = " + without): without = 35.00

2019-07-11 11:28:47 - [MESSAGE][INFO] - without = 35.00

2019-07-11 11:28:47 - [TEST_STEP][PASSED] - last = without.substring(0, without.length() - 1): null

2019-07-11 11:28:47 - [TEST_STEP][PASSED] - comment("last=" + last): last=35.0

2019-07-11 11:28:47 - [MESSAGE][INFO] - last=35.0

2019-07-11 11:28:47 - [TEST_STEP][PASSED] - delay(2): Delayed 2 second(s)

2019-07-11 11:28:49 - [MESSAGE][PASSED] - Delayed 2 second(s)

2019-07-11 11:28:49 - [TEST_STEP][PASSED] - k = getText(findTestObject("OCS-DESKTOP/Cart flyout/Unit price - 2nd Product")): Text of object 'Object Repository/OCS-DESKTOP/Cart flyout/Unit price - 2nd Product' is: '$10.50'

2019-07-11 11:28:49 - [MESSAGE][PASSED] - Text of object 'Object Repository/OCS-DESKTOP/Cart flyout/Unit price - 2nd Product' is: '$10.50'

2019-07-11 11:28:49 - [TEST_STEP][PASSED] - delay(2): Delayed 2 second(s)

2019-07-11 11:28:51 - [MESSAGE][PASSED] - Delayed 2 second(s)

2019-07-11 11:28:51 - [TEST_STEP][PASSED] - comment("k=" + k): k=$10.50

2019-07-11 11:28:51 - [MESSAGE][INFO] - k=$10.50

2019-07-11 11:28:51 - [TEST_STEP][PASSED] - without1 = k.substring(1): null

2019-07-11 11:28:51 - [TEST_STEP][PASSED] - comment("without1 = " + without1): without1 = 10.50

2019-07-11 11:28:51 - [MESSAGE][INFO] - without1 = 10.50

2019-07-11 11:28:51 - [TEST_STEP][PASSED] - p1 = <not implemented yet for class: org.codehaus.groovy.ast.expr.EmptyExpression>: null

2019-07-11 11:28:51 - [TEST_STEP][PASSED] - p2 = <not implemented yet for class: org.codehaus.groovy.ast.expr.EmptyExpression>: null

2019-07-11 11:28:51 - [TEST_STEP][PASSED] - try: p1=35.0

2019-07-11 11:28:51 - [TEST_STEP][PASSED] - str = last: null

2019-07-11 11:28:51 - [TEST_STEP][PASSED] - comment("str=" + str): str=35.0

2019-07-11 11:28:51 - [MESSAGE][INFO] - str=35.0

2019-07-11 11:28:51 - [TEST_STEP][PASSED] - p1 = Double.valueOf(str): null

2019-07-11 11:28:51 - [TEST_STEP][PASSED] - comment("p1=" + p1): p1=35.0

2019-07-11 11:28:51 - [MESSAGE][INFO] - p1=35.0

2019-07-11 11:28:51 - [TEST_STEP][PASSED] - try: p2=10.5

2019-07-11 11:28:51 - [TEST_STEP][PASSED] - str5 = without1: null

2019-07-11 11:28:51 - [TEST_STEP][PASSED] - comment("str5=" + str5): str5=10.50

2019-07-11 11:28:51 - [MESSAGE][INFO] - str5=10.50

2019-07-11 11:28:51 - [TEST_STEP][PASSED] - p2 = Double.valueOf(str5): null

2019-07-11 11:28:51 - [TEST_STEP][PASSED] - comment("p2=" + p2): p2=10.5

2019-07-11 11:28:51 - [MESSAGE][INFO] - p2=10.5

2019-07-11 11:28:51 - [TEST_STEP][PASSED] - total = p1 + p2: null

2019-07-11 11:28:51 - [TEST_STEP][PASSED] - comment("total =" + total): total =45.5

2019-07-11 11:28:51 - [MESSAGE][INFO] - total =45.5

2019-07-11 11:28:51 - [TEST_STEP][PASSED] - amount = getText(findTestObject("OCS-DESKTOP/Cart flyout/Sub-total Price")): Text of object 'Object Repository/OCS-DESKTOP/Cart flyout/Sub-total Price' is: '$45.50'

2019-07-11 11:28:51 - [MESSAGE][PASSED] - Text of object 'Object Repository/OCS-DESKTOP/Cart flyout/Sub-total Price' is: '$45.50'

2019-07-11 11:28:51 - [TEST_STEP][PASSED] - delay(2): Delayed 2 second(s)

2019-07-11 11:28:53 - [MESSAGE][PASSED] - Delayed 2 second(s)

2019-07-11 11:28:53 - [TEST_STEP][PASSED] - comment("amount =" + amount): amount =$45.50

2019-07-11 11:28:53 - [MESSAGE][INFO] - amount =$45.50

2019-07-11 11:28:53 - [TEST_STEP][PASSED] - soustotal = amount.substring(1): null

2019-07-11 11:28:53 - [TEST_STEP][PASSED] - comment("soustotal= " + soustotal): soustotal= 45.50

2019-07-11 11:28:53 - [MESSAGE][INFO] - soustotal= 45.50

2019-07-11 11:28:53 - [TEST_STEP][PASSED] - p = <not implemented yet for class: org.codehaus.groovy.ast.expr.EmptyExpression>: null

2019-07-11 11:28:53 - [TEST_STEP][PASSED] - try: p=45.5

2019-07-11 11:28:53 - [TEST_STEP][PASSED] - finalprice = soustotal: null

2019-07-11 11:28:53 - [TEST_STEP][PASSED] - comment("finalprice=" + finalprice): finalprice=45.50

2019-07-11 11:28:53 - [MESSAGE][INFO] - finalprice=45.50

2019-07-11 11:28:53 - [TEST_STEP][PASSED] - p = Double.valueOf(finalprice): null

2019-07-11 11:28:53 - [TEST_STEP][PASSED] - comment("p=" + p): p=45.5

2019-07-11 11:28:53 - [MESSAGE][INFO] - p=45.5

2019-07-11 11:28:53 - [TEST_STEP][PASSED] - finalprice = soustotal: null

2019-07-11 11:28:53 - [TEST_STEP][PASSED] - comment("finalprice=" + finalprice): finalprice=45.50

2019-07-11 11:28:53 - [MESSAGE][INFO] - finalprice=45.50

2019-07-11 11:28:53 - [TEST_STEP][PASSED] - p = Double.valueOf(finalprice): null

2019-07-11 11:28:53 - [TEST_STEP][PASSED] - comment("p=" + p): p=45.5

2019-07-11 11:28:53 - [MESSAGE][INFO] - p=45.5

2019-07-11 11:28:53 - [TEST_STEP][PASSED] - verifyEqual(total, p): Actual object '45.5' and expected object '45.5' are equal

2019-07-11 11:28:53 - [MESSAGE][PASSED] - Actual object '45.5' and expected object '45.5' are equal

2019-07-11 11:28:53 - [TEST_STEP][PASSED] - comment("cart items price equal"): cart items price equal

2019-07-11 11:28:53 - [MESSAGE][INFO] - cart items price equal

2019-07-11 11:28:53 - [TEST_STEP][PASSED] - click(findTestObject("OCS-DESKTOP/Cart flyout/Checkbox_I confirm that")): Object: 'Object Repository/OCS-DESKTOP/Cart flyout/Checkbox_I confirm that' is clicked on

2019-07-11 11:28:53 - [MESSAGE][PASSED] - Object: 'Object Repository/OCS-DESKTOP/Cart flyout/Checkbox_I confirm that' is clicked on

2019-07-11 11:28:53 - [TEST_STEP][PASSED] - click(findTestObject("OCS-DESKTOP/Cart flyout/Checkbox_Accept the Terms Condition")): Object: 'Object Repository/OCS-DESKTOP/Cart flyout/Checkbox_Accept the Terms Condition' is clicked on

2019-07-11 11:28:53 - [MESSAGE][PASSED] - Object: 'Object Repository/OCS-DESKTOP/Cart flyout/Checkbox_Accept the Terms Condition' is clicked on

2019-07-11 11:28:53 - [TEST_STEP][PASSED] - delay(2): Delayed 2 second(s)

2019-07-11 11:28:55 - [MESSAGE][PASSED] - Delayed 2 second(s)

2019-07-11 11:28:55 - [TEST_STEP][PASSED] - click(findTestObject("OCS-DESKTOP/Cart flyout/Checkout - Button")): Object: 'Object Repository/OCS-DESKTOP/Cart flyout/Checkout - Button' is clicked on

2019-07-11 11:28:58 - [MESSAGE][PASSED] - Object: 'Object Repository/OCS-DESKTOP/Cart flyout/Checkout - Button' is clicked on

2019-07-11 11:28:58 - [TEST_STEP][PASSED] - scrollToElement(findTestObject("OCS-DESKTOP/Customer info page/input_Email"), 0): Scroll to object 'Object Repository/OCS-DESKTOP/Customer info page/input_Email' successfully

2019-07-11 11:28:58 - [MESSAGE][WARNING] - Timeout '0' is invalid. Using default page load timeout: '30'

2019-07-11 11:28:58 - [MESSAGE][PASSED] - Scroll to object 'Object Repository/OCS-DESKTOP/Customer info page/input_Email' successfully

2019-07-11 11:28:58 - [TEST_STEP][PASSED] - setText(findTestObject("OCS-DESKTOP/Customer info page/input_Email"), "suman.kompelly@diffagency.com"): Text 'suman.kompelly@diffagency.com' is set on object 'Object Repository/OCS-DESKTOP/Customer info page/input_Email'

2019-07-11 11:28:59 - [MESSAGE][PASSED] - Text 'suman.kompelly@diffagency.com' is set on object 'Object Repository/OCS-DESKTOP/Customer info page/input_Email'

2019-07-11 11:28:59 - [TEST_STEP][PASSED] - setText(findTestObject("OCS-DESKTOP/Customer info page/input_First name"), "suman"): Text 'suman' is set on object 'Object Repository/OCS-DESKTOP/Customer info page/input_First name'

2019-07-11 11:28:59 - [MESSAGE][PASSED] - Text 'suman' is set on object 'Object Repository/OCS-DESKTOP/Customer info page/input_First name'

2019-07-11 11:28:59 - [TEST_STEP][PASSED] - setText(findTestObject("OCS-DESKTOP/Customer info page/input_Last name"), "kompelly"): Text 'kompelly' is set on object 'Object Repository/OCS-DESKTOP/Customer info page/input_Last name'

2019-07-11 11:28:59 - [MESSAGE][PASSED] - Text 'kompelly' is set on object 'Object Repository/OCS-DESKTOP/Customer info page/input_Last name'

2019-07-11 11:28:59 - [TEST_STEP][PASSED] - setText(findTestObject("OCS-DESKTOP/Customer info page/input_Address"), "300 saint alxendre"): Text '300 saint alxendre' is set on object 'Object Repository/OCS-DESKTOP/Customer info page/input_Address'

2019-07-11 11:28:59 - [MESSAGE][PASSED] - Text '300 saint alxendre' is set on object 'Object Repository/OCS-DESKTOP/Customer info page/input_Address'

2019-07-11 11:28:59 - [TEST_STEP][PASSED] - setText(findTestObject("OCS-DESKTOP/Customer info page/input_Apartment suite etc. (op"), "199"): Text '199' is set on object 'Object Repository/OCS-DESKTOP/Customer info page/input_Apartment suite etc. (op'

2019-07-11 11:28:59 - [MESSAGE][PASSED] - Text '199' is set on object 'Object Repository/OCS-DESKTOP/Customer info page/input_Apartment suite etc. (op'

2019-07-11 11:28:59 - [TEST_STEP][PASSED] - setText(findTestObject("OCS-DESKTOP/Customer info page/input_City"), "montreal"): Text 'montreal' is set on object 'Object Repository/OCS-DESKTOP/Customer info page/input_City'

2019-07-11 11:28:59 - [MESSAGE][PASSED] - Text 'montreal' is set on object 'Object Repository/OCS-DESKTOP/Customer info page/input_City'

2019-07-11 11:28:59 - [TEST_STEP][PASSED] - setText(findTestObject("OCS-DESKTOP/Customer info page/input_Postal code"), "n0R1K0"): Text 'n0R1K0' is set on object 'Object Repository/OCS-DESKTOP/Customer info page/input_Postal code'

2019-07-11 11:28:59 - [MESSAGE][PASSED] - Text 'n0R1K0' is set on object 'Object Repository/OCS-DESKTOP/Customer info page/input_Postal code'

2019-07-11 11:28:59 - [TEST_STEP][PASSED] - setText(findTestObject("OCS-DESKTOP/Customer info page/input_Phone"), "(514) 449-3882"): Text '(514) 449-3882' is set on object 'Object Repository/OCS-DESKTOP/Customer info page/input_Phone'

2019-07-11 11:29:00 - [MESSAGE][PASSED] - Text '(514) 449-3882' is set on object 'Object Repository/OCS-DESKTOP/Customer info page/input_Phone'

2019-07-11 11:29:00 - [TEST_STEP][PASSED] - executeJavaScript("var previewBar = document.getElementById("preview-bar-iframe"); previewBar.style.display = "none";", []): Execute JavaScript 'var previewBar = document.getElementById("preview-bar-iframe"); previewBar.style.display = "none";' successfully

2019-07-11 11:29:00 - [MESSAGE][PASSED] - Execute JavaScript 'var previewBar = document.getElementById("preview-bar-iframe"); previewBar.style.display = "none";' successfully

2019-07-11 11:29:00 - [TEST_STEP][PASSED] - delay(1): Delayed 1 second(s)

2019-07-11 11:29:01 - [MESSAGE][PASSED] - Delayed 1 second(s)

2019-07-11 11:29:01 - [TEST_STEP][PASSED] - click(findTestObject("OCS-DESKTOP/Customer info page/Continue to shipping method - Button")): Object: 'Object Repository/OCS-DESKTOP/Customer info page/Continue to shipping method - Button' is clicked on

2019-07-11 11:29:02 - [MESSAGE][PASSED] - Object: 'Object Repository/OCS-DESKTOP/Customer info page/Continue to shipping method - Button' is clicked on

2019-07-11 11:29:02 - [TEST_STEP][PASSED] - delay(2): Delayed 2 second(s)

2019-07-11 11:29:04 - [MESSAGE][PASSED] - Delayed 2 second(s)

2019-07-11 11:29:04 - [TEST_STEP][PASSED] - refresh(): Refresh successfully

2019-07-11 11:29:06 - [MESSAGE][PASSED] - Refresh successfully

2019-07-11 11:29:06 - [TEST_STEP][PASSED] - delay(2): Delayed 2 second(s)

2019-07-11 11:29:08 - [MESSAGE][PASSED] - Delayed 2 second(s)

2019-07-11 11:29:08 - [TEST_STEP][PASSED] - click(findTestObject("OCS-DESKTOP/Shipping page/Continue to payment method - Button")): Object: 'Object Repository/OCS-DESKTOP/Shipping page/Continue to payment method - Button' is clicked on

2019-07-11 11:29:11 - [MESSAGE][PASSED] - Object: 'Object Repository/OCS-DESKTOP/Shipping page/Continue to payment method - Button' is clicked on

2019-07-11 11:29:11 - [TEST_STEP][PASSED] - delay(2): Delayed 2 second(s)

2019-07-11 11:29:13 - [MESSAGE][PASSED] - Delayed 2 second(s)

2019-07-11 11:29:13 - [TEST_STEP][PASSED] - verifyTextPresent("Payment", false): Text 'Payment' is present on page 

2019-07-11 11:29:13 - [MESSAGE][PASSED] - Text 'Payment' is present on page]]></system-out>
         <system-err><![CDATA[]]></system-err>
      </testcase>
      <testcase name="Test Cases/OCS - DESKTOP/OCS- CRITICAL PATH/Checkout - Shipping" classname="Test Cases/OCS - DESKTOP/OCS- CRITICAL PATH/Checkout - Shipping" status="PASSED">
         <system-out><![CDATA[2019-07-11 11:29:13 - [TEST_CASE][PASSED] - Test Cases/OCS - DESKTOP/OCS- CRITICAL PATH/Checkout - Shipping: Test Cases/OCS - DESKTOP/OCS- CRITICAL PATH/Checkout - Shipping

2019-07-11 11:29:13 - [TEST_STEP][PASSED] - callTestCase(findTestCase("OCS - DESKTOP/CALL- Age gate"), [:], STOP_ON_FAILURE): Call Test Case 'Test Cases/OCS - DESKTOP/CALL- Age gate' successfully

2019-07-11 11:29:13 - [TEST_CASE][PASSED] - Test Cases/OCS - DESKTOP/CALL- Age gate: Test Cases/OCS - DESKTOP/CALL- Age gate

2019-07-11 11:29:13 - [TEST_STEP][PASSED] - openBrowser(""): Browser is opened with url: ''

2019-07-11 11:29:13 - [MESSAGE][WARNING] - A browser is already opened. Closing browser and opening a new one

2019-07-11 11:29:13 - [MESSAGE][INFO] - Starting 'Chrome' driver

2019-07-11 11:29:14 - [MESSAGE][PASSED] - Browser is opened with url: ''

2019-07-11 11:29:14 - [TEST_STEP][PASSED] - navigateToUrl("https://ocs.ca/?fts=0&preview_theme_id=74205529932"): Navigate to 'https://ocs.ca/?fts=0&preview_theme_id=74205529932' successfully

2019-07-11 11:29:20 - [MESSAGE][PASSED] - Navigate to 'https://ocs.ca/?fts=0&preview_theme_id=74205529932' successfully

2019-07-11 11:29:20 - [TEST_STEP][PASSED] - maximizeWindow(): Current window maximized

2019-07-11 11:29:20 - [MESSAGE][PASSED] - Current window maximized

2019-07-11 11:29:20 - [TEST_STEP][PASSED] - delay(2): Delayed 2 second(s)

2019-07-11 11:29:22 - [MESSAGE][PASSED] - Delayed 2 second(s)

2019-07-11 11:29:22 - [TEST_STEP][PASSED] - executeJavaScript("var previewBar = document.getElementById("preview-bar-iframe"); previewBar.style.display = "none";", []): Execute JavaScript 'var previewBar = document.getElementById("preview-bar-iframe"); previewBar.style.display = "none";' successfully

2019-07-11 11:29:22 - [MESSAGE][PASSED] - Execute JavaScript 'var previewBar = document.getElementById("preview-bar-iframe"); previewBar.style.display = "none";' successfully

2019-07-11 11:29:22 - [TEST_STEP][PASSED] - selectOptionByValue(findTestObject("OCS-DESKTOP/Age gate and Mega menu/Date"), "12", true): All options with value '12' are selected in object 'Object Repository/OCS-DESKTOP/Age gate and Mega menu/Date'  using regular expression

2019-07-11 11:29:23 - [MESSAGE][PASSED] - All options with value '12' are selected in object 'Object Repository/OCS-DESKTOP/Age gate and Mega menu/Date'  using regular expression

2019-07-11 11:29:23 - [TEST_STEP][PASSED] - selectOptionByValue(findTestObject("OCS-DESKTOP/Age gate and Mega menu/month"), "6", true): All options with value '6' are selected in object 'Object Repository/OCS-DESKTOP/Age gate and Mega menu/month'  using regular expression

2019-07-11 11:29:23 - [MESSAGE][PASSED] - All options with value '6' are selected in object 'Object Repository/OCS-DESKTOP/Age gate and Mega menu/month'  using regular expression

2019-07-11 11:29:23 - [TEST_STEP][PASSED] - delay(2): Delayed 2 second(s)

2019-07-11 11:29:25 - [MESSAGE][PASSED] - Delayed 2 second(s)

2019-07-11 11:29:25 - [TEST_STEP][PASSED] - selectOptionByValue(findTestObject("OCS-DESKTOP/Age gate and Mega menu/Year Dropdown"), "1990", true): All options with value '1990' are selected in object 'Object Repository/OCS-DESKTOP/Age gate and Mega menu/Year Dropdown'  using regular expression

2019-07-11 11:29:26 - [MESSAGE][PASSED] - All options with value '1990' are selected in object 'Object Repository/OCS-DESKTOP/Age gate and Mega menu/Year Dropdown'  using regular expression

2019-07-11 11:29:26 - [TEST_STEP][PASSED] - click(findTestObject("OCS-DESKTOP/Age gate and Mega menu/button_Verify")): Object: 'Object Repository/OCS-DESKTOP/Age gate and Mega menu/button_Verify' is clicked on

2019-07-11 11:29:26 - [MESSAGE][PASSED] - Object: 'Object Repository/OCS-DESKTOP/Age gate and Mega menu/button_Verify' is clicked on

2019-07-11 11:29:26 - [TEST_STEP][PASSED] - click(findTestObject("OCS-DESKTOP/Age gate and Mega menu/Checkbox_CONFIRM AND ACKNOWLEDGE")): Object: 'Object Repository/OCS-DESKTOP/Age gate and Mega menu/Checkbox_CONFIRM AND ACKNOWLEDGE' is clicked on

2019-07-11 11:29:26 - [MESSAGE][PASSED] - Object: 'Object Repository/OCS-DESKTOP/Age gate and Mega menu/Checkbox_CONFIRM AND ACKNOWLEDGE' is clicked on

2019-07-11 11:29:26 - [TEST_STEP][PASSED] - click(findTestObject("OCS-DESKTOP/Age gate and Mega menu/button_CONFIRM")): Object: 'Object Repository/OCS-DESKTOP/Age gate and Mega menu/button_CONFIRM' is clicked on

2019-07-11 11:29:26 - [MESSAGE][PASSED] - Object: 'Object Repository/OCS-DESKTOP/Age gate and Mega menu/button_CONFIRM' is clicked on

2019-07-11 11:29:26 - [TEST_STEP][PASSED] - click(findTestObject("OCS-DESKTOP/Age gate and Mega menu/button_Start Browsing")): Object: 'Object Repository/OCS-DESKTOP/Age gate and Mega menu/button_Start Browsing' is clicked on

2019-07-11 11:29:26 - [MESSAGE][PASSED] - Object: 'Object Repository/OCS-DESKTOP/Age gate and Mega menu/button_Start Browsing' is clicked on

2019-07-11 11:29:26 - [TEST_STEP][PASSED] - delay(2): Delayed 2 second(s)

2019-07-11 11:29:28 - [MESSAGE][PASSED] - Delayed 2 second(s)

2019-07-11 11:29:28 - [TEST_STEP][PASSED] - refresh(): Refresh successfully

2019-07-11 11:29:28 - [MESSAGE][PASSED] - Refresh successfully

2019-07-11 11:29:28 - [MESSAGE][PASSED] - Call Test Case 'Test Cases/OCS - DESKTOP/CALL- Age gate' successfully

2019-07-11 11:29:28 - [TEST_STEP][PASSED] - delay(2): Delayed 2 second(s)

2019-07-11 11:29:30 - [MESSAGE][PASSED] - Delayed 2 second(s)

2019-07-11 11:29:30 - [TEST_STEP][PASSED] - click(findTestObject("OCS-DESKTOP/Age gate and Mega menu/Header/CANNABIS menu - English")): Object: 'Object Repository/OCS-DESKTOP/Age gate and Mega menu/Header/CANNABIS menu - English' is clicked on

2019-07-11 11:29:32 - [MESSAGE][PASSED] - Object: 'Object Repository/OCS-DESKTOP/Age gate and Mega menu/Header/CANNABIS menu - English' is clicked on

2019-07-11 11:29:32 - [TEST_STEP][PASSED] - executeJavaScript("var previewBar = document.getElementById("preview-bar-iframe"); previewBar.style.display = "none";", []): Execute JavaScript 'var previewBar = document.getElementById("preview-bar-iframe"); previewBar.style.display = "none";' successfully

2019-07-11 11:29:32 - [MESSAGE][PASSED] - Execute JavaScript 'var previewBar = document.getElementById("preview-bar-iframe"); previewBar.style.display = "none";' successfully

2019-07-11 11:29:32 - [TEST_STEP][PASSED] - delay(2): Delayed 2 second(s)

2019-07-11 11:29:34 - [MESSAGE][PASSED] - Delayed 2 second(s)

2019-07-11 11:29:34 - [TEST_STEP][PASSED] - click(findTestObject("OCS-DESKTOP/Age gate and Mega menu/Indica Dominant_Menu item")): Object: 'Object Repository/OCS-DESKTOP/Age gate and Mega menu/Indica Dominant_Menu item' is clicked on

2019-07-11 11:29:37 - [MESSAGE][PASSED] - Object: 'Object Repository/OCS-DESKTOP/Age gate and Mega menu/Indica Dominant_Menu item' is clicked on

2019-07-11 11:29:37 - [TEST_STEP][PASSED] - executeJavaScript("var previewBar = document.getElementById("preview-bar-iframe"); previewBar.style.display = "none";", []): Execute JavaScript 'var previewBar = document.getElementById("preview-bar-iframe"); previewBar.style.display = "none";' successfully

2019-07-11 11:29:37 - [MESSAGE][PASSED] - Execute JavaScript 'var previewBar = document.getElementById("preview-bar-iframe"); previewBar.style.display = "none";' successfully

2019-07-11 11:29:37 - [TEST_STEP][PASSED] - delay(2): Delayed 2 second(s)

2019-07-11 11:29:39 - [MESSAGE][PASSED] - Delayed 2 second(s)

2019-07-11 11:29:39 - [TEST_STEP][PASSED] - click(findTestObject("OCS-DESKTOP/Collection page/Product image - 1st one")): Object: 'Object Repository/OCS-DESKTOP/Collection page/Product image - 1st one' is clicked on

2019-07-11 11:29:43 - [MESSAGE][PASSED] - Object: 'Object Repository/OCS-DESKTOP/Collection page/Product image - 1st one' is clicked on

2019-07-11 11:29:43 - [TEST_STEP][PASSED] - executeJavaScript("var previewBar = document.getElementById("preview-bar-iframe"); previewBar.style.display = "none";", []): Execute JavaScript 'var previewBar = document.getElementById("preview-bar-iframe"); previewBar.style.display = "none";' successfully

2019-07-11 11:29:43 - [MESSAGE][PASSED] - Execute JavaScript 'var previewBar = document.getElementById("preview-bar-iframe"); previewBar.style.display = "none";' successfully

2019-07-11 11:29:43 - [TEST_STEP][PASSED] - delay(1): Delayed 1 second(s)

2019-07-11 11:29:44 - [MESSAGE][PASSED] - Delayed 1 second(s)

2019-07-11 11:29:44 - [TEST_STEP][PASSED] - delay(3): Delayed 3 second(s)

2019-07-11 11:29:47 - [MESSAGE][PASSED] - Delayed 3 second(s)

2019-07-11 11:29:47 - [TEST_STEP][NOT_RUN] - scrollToElement(findTestObject("OCS-DESKTOP/Product page/Product image"), 1): NOT_RUN: scrollToElement(findTestObject("OCS-DESKTOP/Product page/Product image"), 1)

2019-07-11 11:29:47 - [MESSAGE][NOT_RUN] - NOT_RUN: scrollToElement(findTestObject("OCS-DESKTOP/Product page/Product image"), 1)

2019-07-11 11:29:47 - [TEST_STEP][PASSED] - click(findTestObject("OCS-DESKTOP/Product page/Swatch_1g")): Object: 'Object Repository/OCS-DESKTOP/Product page/Swatch_1g' is clicked on

2019-07-11 11:29:47 - [MESSAGE][PASSED] - Object: 'Object Repository/OCS-DESKTOP/Product page/Swatch_1g' is clicked on

2019-07-11 11:29:47 - [TEST_STEP][PASSED] - delay(2): Delayed 2 second(s)

2019-07-11 11:29:49 - [MESSAGE][PASSED] - Delayed 2 second(s)

2019-07-11 11:29:49 - [TEST_STEP][PASSED] - click(findTestObject("OCS-DESKTOP/Product page/Add to Bag-button")): Object: 'Object Repository/OCS-DESKTOP/Product page/Add to Bag-button' is clicked on

2019-07-11 11:29:49 - [MESSAGE][PASSED] - Object: 'Object Repository/OCS-DESKTOP/Product page/Add to Bag-button' is clicked on

2019-07-11 11:29:49 - [TEST_STEP][PASSED] - delay(1): Delayed 1 second(s)

2019-07-11 11:29:50 - [MESSAGE][PASSED] - Delayed 1 second(s)

2019-07-11 11:29:50 - [TEST_STEP][PASSED] - click(findTestObject("OCS-DESKTOP/Home - page/Cart icon -bag")): Object: 'Object Repository/OCS-DESKTOP/Home - page/Cart icon -bag' is clicked on

2019-07-11 11:29:50 - [MESSAGE][PASSED] - Object: 'Object Repository/OCS-DESKTOP/Home - page/Cart icon -bag' is clicked on

2019-07-11 11:29:50 - [TEST_STEP][PASSED] - delay(3): Delayed 3 second(s)

2019-07-11 11:29:53 - [MESSAGE][PASSED] - Delayed 3 second(s)

2019-07-11 11:29:53 - [TEST_STEP][PASSED] - click(findTestObject("OCS-DESKTOP/Cart flyout/Checkbox_I confirm that")): Object: 'Object Repository/OCS-DESKTOP/Cart flyout/Checkbox_I confirm that' is clicked on

2019-07-11 11:29:53 - [MESSAGE][PASSED] - Object: 'Object Repository/OCS-DESKTOP/Cart flyout/Checkbox_I confirm that' is clicked on

2019-07-11 11:29:53 - [TEST_STEP][PASSED] - delay(2): Delayed 2 second(s)

2019-07-11 11:29:55 - [MESSAGE][PASSED] - Delayed 2 second(s)

2019-07-11 11:29:55 - [TEST_STEP][PASSED] - click(findTestObject("OCS-DESKTOP/Cart flyout/Checkbox_Accept the Terms Condition")): Object: 'Object Repository/OCS-DESKTOP/Cart flyout/Checkbox_Accept the Terms Condition' is clicked on

2019-07-11 11:29:55 - [MESSAGE][PASSED] - Object: 'Object Repository/OCS-DESKTOP/Cart flyout/Checkbox_Accept the Terms Condition' is clicked on

2019-07-11 11:29:55 - [TEST_STEP][PASSED] - delay(2): Delayed 2 second(s)

2019-07-11 11:29:57 - [MESSAGE][PASSED] - Delayed 2 second(s)

2019-07-11 11:29:57 - [TEST_STEP][PASSED] - click(findTestObject("OCS-DESKTOP/Cart flyout/Checkout - Button")): Object: 'Object Repository/OCS-DESKTOP/Cart flyout/Checkout - Button' is clicked on

2019-07-11 11:29:59 - [MESSAGE][PASSED] - Object: 'Object Repository/OCS-DESKTOP/Cart flyout/Checkout - Button' is clicked on

2019-07-11 11:29:59 - [TEST_STEP][PASSED] - executeJavaScript("var previewBar = document.getElementById("preview-bar-iframe"); previewBar.style.display = "none";", []): Execute JavaScript 'var previewBar = document.getElementById("preview-bar-iframe"); previewBar.style.display = "none";' successfully

2019-07-11 11:29:59 - [MESSAGE][PASSED] - Execute JavaScript 'var previewBar = document.getElementById("preview-bar-iframe"); previewBar.style.display = "none";' successfully

2019-07-11 11:29:59 - [TEST_STEP][PASSED] - delay(1): Delayed 1 second(s)

2019-07-11 11:30:01 - [MESSAGE][PASSED] - Delayed 1 second(s)

2019-07-11 11:30:01 - [TEST_STEP][PASSED] - scrollToElement(findTestObject("OCS-DESKTOP/Customer info page/input_Email"), 0): Scroll to object 'Object Repository/OCS-DESKTOP/Customer info page/input_Email' successfully

2019-07-11 11:30:01 - [MESSAGE][WARNING] - Timeout '0' is invalid. Using default page load timeout: '30'

2019-07-11 11:30:01 - [MESSAGE][PASSED] - Scroll to object 'Object Repository/OCS-DESKTOP/Customer info page/input_Email' successfully

2019-07-11 11:30:01 - [TEST_STEP][PASSED] - setText(findTestObject("OCS-DESKTOP/Customer info page/input_Email"), "suman.kompelly@diffagency.com"): Text 'suman.kompelly@diffagency.com' is set on object 'Object Repository/OCS-DESKTOP/Customer info page/input_Email'

2019-07-11 11:30:01 - [MESSAGE][PASSED] - Text 'suman.kompelly@diffagency.com' is set on object 'Object Repository/OCS-DESKTOP/Customer info page/input_Email'

2019-07-11 11:30:01 - [TEST_STEP][PASSED] - setText(findTestObject("OCS-DESKTOP/Customer info page/input_First name"), "suman"): Text 'suman' is set on object 'Object Repository/OCS-DESKTOP/Customer info page/input_First name'

2019-07-11 11:30:01 - [MESSAGE][PASSED] - Text 'suman' is set on object 'Object Repository/OCS-DESKTOP/Customer info page/input_First name'

2019-07-11 11:30:01 - [TEST_STEP][PASSED] - setText(findTestObject("OCS-DESKTOP/Customer info page/input_Last name"), "kompelly"): Text 'kompelly' is set on object 'Object Repository/OCS-DESKTOP/Customer info page/input_Last name'

2019-07-11 11:30:01 - [MESSAGE][PASSED] - Text 'kompelly' is set on object 'Object Repository/OCS-DESKTOP/Customer info page/input_Last name'

2019-07-11 11:30:01 - [TEST_STEP][PASSED] - setText(findTestObject("OCS-DESKTOP/Customer info page/input_Address"), "300 saint alxendre"): Text '300 saint alxendre' is set on object 'Object Repository/OCS-DESKTOP/Customer info page/input_Address'

2019-07-11 11:30:01 - [MESSAGE][PASSED] - Text '300 saint alxendre' is set on object 'Object Repository/OCS-DESKTOP/Customer info page/input_Address'

2019-07-11 11:30:01 - [TEST_STEP][PASSED] - setText(findTestObject("OCS-DESKTOP/Customer info page/input_Apartment suite etc. (op"), "199"): Text '199' is set on object 'Object Repository/OCS-DESKTOP/Customer info page/input_Apartment suite etc. (op'

2019-07-11 11:30:02 - [MESSAGE][PASSED] - Text '199' is set on object 'Object Repository/OCS-DESKTOP/Customer info page/input_Apartment suite etc. (op'

2019-07-11 11:30:02 - [TEST_STEP][PASSED] - setText(findTestObject("OCS-DESKTOP/Customer info page/input_City"), "montreal"): Text 'montreal' is set on object 'Object Repository/OCS-DESKTOP/Customer info page/input_City'

2019-07-11 11:30:02 - [MESSAGE][PASSED] - Text 'montreal' is set on object 'Object Repository/OCS-DESKTOP/Customer info page/input_City'

2019-07-11 11:30:02 - [TEST_STEP][PASSED] - setText(findTestObject("OCS-DESKTOP/Customer info page/input_Postal code"), "n0R1K0"): Text 'n0R1K0' is set on object 'Object Repository/OCS-DESKTOP/Customer info page/input_Postal code'

2019-07-11 11:30:02 - [MESSAGE][PASSED] - Text 'n0R1K0' is set on object 'Object Repository/OCS-DESKTOP/Customer info page/input_Postal code'

2019-07-11 11:30:02 - [TEST_STEP][PASSED] - setText(findTestObject("OCS-DESKTOP/Customer info page/input_Phone"), "(514) 449-3882"): Text '(514) 449-3882' is set on object 'Object Repository/OCS-DESKTOP/Customer info page/input_Phone'

2019-07-11 11:30:02 - [MESSAGE][PASSED] - Text '(514) 449-3882' is set on object 'Object Repository/OCS-DESKTOP/Customer info page/input_Phone'

2019-07-11 11:30:02 - [TEST_STEP][PASSED] - delay(1): Delayed 1 second(s)

2019-07-11 11:30:03 - [MESSAGE][PASSED] - Delayed 1 second(s)

2019-07-11 11:30:03 - [TEST_STEP][PASSED] - executeJavaScript("var previewBar = document.getElementById("preview-bar-iframe"); previewBar.style.display = "none";", []): Execute JavaScript 'var previewBar = document.getElementById("preview-bar-iframe"); previewBar.style.display = "none";' successfully

2019-07-11 11:30:03 - [MESSAGE][PASSED] - Execute JavaScript 'var previewBar = document.getElementById("preview-bar-iframe"); previewBar.style.display = "none";' successfully

2019-07-11 11:30:03 - [TEST_STEP][PASSED] - click(findTestObject("OCS-DESKTOP/Customer info page/Continue to shipping method - Button")): Object: 'Object Repository/OCS-DESKTOP/Customer info page/Continue to shipping method - Button' is clicked on

2019-07-11 11:30:05 - [MESSAGE][PASSED] - Object: 'Object Repository/OCS-DESKTOP/Customer info page/Continue to shipping method - Button' is clicked on

2019-07-11 11:30:05 - [TEST_STEP][PASSED] - delay(1): Delayed 1 second(s)

2019-07-11 11:30:06 - [MESSAGE][PASSED] - Delayed 1 second(s)

2019-07-11 11:30:06 - [TEST_STEP][PASSED] - click(findTestObject("OCS-DESKTOP/Shipping page/Change link")): Object: 'Object Repository/OCS-DESKTOP/Shipping page/Change link' is clicked on

2019-07-11 11:30:07 - [MESSAGE][PASSED] - Object: 'Object Repository/OCS-DESKTOP/Shipping page/Change link' is clicked on

2019-07-11 11:30:07 - [TEST_STEP][PASSED] - executeJavaScript("var previewBar = document.getElementById("preview-bar-iframe"); previewBar.style.display = "none";", []): Execute JavaScript 'var previewBar = document.getElementById("preview-bar-iframe"); previewBar.style.display = "none";' successfully

2019-07-11 11:30:07 - [MESSAGE][PASSED] - Execute JavaScript 'var previewBar = document.getElementById("preview-bar-iframe"); previewBar.style.display = "none";' successfully

2019-07-11 11:30:07 - [TEST_STEP][PASSED] - delay(1): Delayed 1 second(s)

2019-07-11 11:30:08 - [MESSAGE][PASSED] - Delayed 1 second(s)

2019-07-11 11:30:08 - [TEST_STEP][PASSED] - click(findTestObject("OCS-DESKTOP/Customer info page/Continue to shipping method - Button")): Object: 'Object Repository/OCS-DESKTOP/Customer info page/Continue to shipping method - Button' is clicked on

2019-07-11 11:30:09 - [MESSAGE][PASSED] - Object: 'Object Repository/OCS-DESKTOP/Customer info page/Continue to shipping method - Button' is clicked on

2019-07-11 11:30:09 - [TEST_STEP][PASSED] - delay(1): Delayed 1 second(s)

2019-07-11 11:30:10 - [MESSAGE][PASSED] - Delayed 1 second(s)

2019-07-11 11:30:10 - [TEST_STEP][PASSED] - executeJavaScript("var previewBar = document.getElementById("preview-bar-iframe"); previewBar.style.display = "none";", []): Execute JavaScript 'var previewBar = document.getElementById("preview-bar-iframe"); previewBar.style.display = "none";' successfully

2019-07-11 11:30:11 - [MESSAGE][PASSED] - Execute JavaScript 'var previewBar = document.getElementById("preview-bar-iframe"); previewBar.style.display = "none";' successfully

2019-07-11 11:30:11 - [TEST_STEP][PASSED] - delay(1): Delayed 1 second(s)

2019-07-11 11:30:12 - [MESSAGE][PASSED] - Delayed 1 second(s)

2019-07-11 11:30:12 - [TEST_STEP][PASSED] - click(findTestObject("OCS-DESKTOP/Shipping page/Change link 2")): Object: 'Object Repository/OCS-DESKTOP/Shipping page/Change link 2' is clicked on

2019-07-11 11:30:15 - [MESSAGE][PASSED] - Object: 'Object Repository/OCS-DESKTOP/Shipping page/Change link 2' is clicked on

2019-07-11 11:30:15 - [TEST_STEP][PASSED] - executeJavaScript("var previewBar = document.getElementById("preview-bar-iframe"); previewBar.style.display = "none";", []): Execute JavaScript 'var previewBar = document.getElementById("preview-bar-iframe"); previewBar.style.display = "none";' successfully

2019-07-11 11:30:15 - [MESSAGE][PASSED] - Execute JavaScript 'var previewBar = document.getElementById("preview-bar-iframe"); previewBar.style.display = "none";' successfully

2019-07-11 11:30:15 - [TEST_STEP][PASSED] - delay(1): Delayed 1 second(s)

2019-07-11 11:30:16 - [MESSAGE][PASSED] - Delayed 1 second(s)

2019-07-11 11:30:16 - [TEST_STEP][PASSED] - click(findTestObject("OCS-DESKTOP/Customer info page/Continue to shipping method - Button"), CONTINUE_ON_FAILURE): Object: 'Object Repository/OCS-DESKTOP/Customer info page/Continue to shipping method - Button' is clicked on

2019-07-11 11:30:19 - [MESSAGE][PASSED] - Object: 'Object Repository/OCS-DESKTOP/Customer info page/Continue to shipping method - Button' is clicked on

2019-07-11 11:30:19 - [TEST_STEP][PASSED] - delay(1): Delayed 1 second(s)

2019-07-11 11:30:20 - [MESSAGE][PASSED] - Delayed 1 second(s)

2019-07-11 11:30:20 - [TEST_STEP][PASSED] - executeJavaScript("var previewBar = document.getElementById("preview-bar-iframe"); previewBar.style.display = "none";", []): Execute JavaScript 'var previewBar = document.getElementById("preview-bar-iframe"); previewBar.style.display = "none";' successfully

2019-07-11 11:30:20 - [MESSAGE][PASSED] - Execute JavaScript 'var previewBar = document.getElementById("preview-bar-iframe"); previewBar.style.display = "none";' successfully

2019-07-11 11:30:20 - [TEST_STEP][PASSED] - delay(1): Delayed 1 second(s)

2019-07-11 11:30:21 - [MESSAGE][PASSED] - Delayed 1 second(s)

2019-07-11 11:30:21 - [TEST_STEP][PASSED] - click(findTestObject("OCS-DESKTOP/Shipping page/Return to customer info")): Object: 'Object Repository/OCS-DESKTOP/Shipping page/Return to customer info' is clicked on

2019-07-11 11:30:22 - [MESSAGE][PASSED] - Object: 'Object Repository/OCS-DESKTOP/Shipping page/Return to customer info' is clicked on

2019-07-11 11:30:22 - [TEST_STEP][PASSED] - executeJavaScript("var previewBar = document.getElementById("preview-bar-iframe"); previewBar.style.display = "none";", []): Execute JavaScript 'var previewBar = document.getElementById("preview-bar-iframe"); previewBar.style.display = "none";' successfully

2019-07-11 11:30:22 - [MESSAGE][PASSED] - Execute JavaScript 'var previewBar = document.getElementById("preview-bar-iframe"); previewBar.style.display = "none";' successfully

2019-07-11 11:30:22 - [TEST_STEP][PASSED] - delay(1): Delayed 1 second(s)

2019-07-11 11:30:23 - [MESSAGE][PASSED] - Delayed 1 second(s)

2019-07-11 11:30:23 - [TEST_STEP][PASSED] - click(findTestObject("OCS-DESKTOP/Customer info page/Continue to shipping method - Button")): Object: 'Object Repository/OCS-DESKTOP/Customer info page/Continue to shipping method - Button' is clicked on

2019-07-11 11:30:25 - [MESSAGE][PASSED] - Object: 'Object Repository/OCS-DESKTOP/Customer info page/Continue to shipping method - Button' is clicked on

2019-07-11 11:30:25 - [TEST_STEP][PASSED] - delay(1): Delayed 1 second(s)

2019-07-11 11:30:26 - [MESSAGE][PASSED] - Delayed 1 second(s)

2019-07-11 11:30:26 - [TEST_STEP][PASSED] - executeJavaScript("var previewBar = document.getElementById("preview-bar-iframe"); previewBar.style.display = "none";", []): Execute JavaScript 'var previewBar = document.getElementById("preview-bar-iframe"); previewBar.style.display = "none";' successfully

2019-07-11 11:30:26 - [MESSAGE][PASSED] - Execute JavaScript 'var previewBar = document.getElementById("preview-bar-iframe"); previewBar.style.display = "none";' successfully

2019-07-11 11:30:26 - [TEST_STEP][PASSED] - click(findTestObject("OCS-DESKTOP/Customer info page/Cart - Breadcrumb link")): Object: 'Object Repository/OCS-DESKTOP/Customer info page/Cart - Breadcrumb link' is clicked on

2019-07-11 11:30:27 - [MESSAGE][PASSED] - Object: 'Object Repository/OCS-DESKTOP/Customer info page/Cart - Breadcrumb link' is clicked on

2019-07-11 11:30:27 - [TEST_STEP][PASSED] - delay(1): Delayed 1 second(s)

2019-07-11 11:30:28 - [MESSAGE][PASSED] - Delayed 1 second(s)

2019-07-11 11:30:28 - [TEST_STEP][PASSED] - executeJavaScript("var previewBar = document.getElementById("preview-bar-iframe"); previewBar.style.display = "none";", []): Execute JavaScript 'var previewBar = document.getElementById("preview-bar-iframe"); previewBar.style.display = "none";' successfully

2019-07-11 11:30:28 - [MESSAGE][PASSED] - Execute JavaScript 'var previewBar = document.getElementById("preview-bar-iframe"); previewBar.style.display = "none";' successfully

2019-07-11 11:30:28 - [TEST_STEP][PASSED] - delay(1): Delayed 1 second(s)

2019-07-11 11:30:29 - [MESSAGE][PASSED] - Delayed 1 second(s)

2019-07-11 11:30:29 - [TEST_STEP][PASSED] - click(findTestObject("OCS-DESKTOP/Cart page/cart page-Checkbox_I confirm that")): Object: 'Object Repository/OCS-DESKTOP/Cart page/cart page-Checkbox_I confirm that' is clicked on

2019-07-11 11:30:29 - [MESSAGE][PASSED] - Object: 'Object Repository/OCS-DESKTOP/Cart page/cart page-Checkbox_I confirm that' is clicked on

2019-07-11 11:30:29 - [TEST_STEP][PASSED] - delay(1): Delayed 1 second(s)

2019-07-11 11:30:31 - [MESSAGE][PASSED] - Delayed 1 second(s)

2019-07-11 11:30:31 - [TEST_STEP][PASSED] - click(findTestObject("OCS-DESKTOP/Cart page/cart page - Checkbox_Accept the Terms Condition")): Object: 'Object Repository/OCS-DESKTOP/Cart page/cart page - Checkbox_Accept the Terms Condition' is clicked on

2019-07-11 11:30:31 - [MESSAGE][PASSED] - Object: 'Object Repository/OCS-DESKTOP/Cart page/cart page - Checkbox_Accept the Terms Condition' is clicked on

2019-07-11 11:30:31 - [TEST_STEP][PASSED] - delay(1): Delayed 1 second(s)

2019-07-11 11:30:32 - [MESSAGE][PASSED] - Delayed 1 second(s)

2019-07-11 11:30:32 - [TEST_STEP][PASSED] - click(findTestObject("OCS-DESKTOP/Cart page/Cart page -checkout button")): Object: 'Object Repository/OCS-DESKTOP/Cart page/Cart page -checkout button' is clicked on

2019-07-11 11:30:33 - [MESSAGE][PASSED] - Object: 'Object Repository/OCS-DESKTOP/Cart page/Cart page -checkout button' is clicked on

2019-07-11 11:30:33 - [TEST_STEP][PASSED] - delay(1): Delayed 1 second(s)

2019-07-11 11:30:34 - [MESSAGE][PASSED] - Delayed 1 second(s)

2019-07-11 11:30:34 - [TEST_STEP][PASSED] - click(findTestObject("OCS-DESKTOP/Payment -page/Information - Breadcrumb link")): Object: 'Object Repository/OCS-DESKTOP/Payment -page/Information - Breadcrumb link' is clicked on

2019-07-11 11:30:36 - [MESSAGE][PASSED] - Object: 'Object Repository/OCS-DESKTOP/Payment -page/Information - Breadcrumb link' is clicked on

2019-07-11 11:30:36 - [TEST_STEP][PASSED] - delay(1): Delayed 1 second(s)

2019-07-11 11:30:37 - [MESSAGE][PASSED] - Delayed 1 second(s)

2019-07-11 11:30:37 - [TEST_STEP][PASSED] - executeJavaScript("var previewBar = document.getElementById("preview-bar-iframe"); previewBar.style.display = "none";", []): Execute JavaScript 'var previewBar = document.getElementById("preview-bar-iframe"); previewBar.style.display = "none";' successfully

2019-07-11 11:30:37 - [MESSAGE][PASSED] - Execute JavaScript 'var previewBar = document.getElementById("preview-bar-iframe"); previewBar.style.display = "none";' successfully

2019-07-11 11:30:37 - [TEST_STEP][PASSED] - click(findTestObject("OCS-DESKTOP/Customer info page/Continue to shipping method - Button")): Object: 'Object Repository/OCS-DESKTOP/Customer info page/Continue to shipping method - Button' is clicked on

2019-07-11 11:30:38 - [MESSAGE][PASSED] - Object: 'Object Repository/OCS-DESKTOP/Customer info page/Continue to shipping method - Button' is clicked on

2019-07-11 11:30:38 - [TEST_STEP][PASSED] - delay(1): Delayed 1 second(s)

2019-07-11 11:30:39 - [MESSAGE][PASSED] - Delayed 1 second(s)

2019-07-11 11:30:39 - [TEST_STEP][PASSED] - executeJavaScript("var previewBar = document.getElementById("preview-bar-iframe"); previewBar.style.display = "none";", []): Execute JavaScript 'var previewBar = document.getElementById("preview-bar-iframe"); previewBar.style.display = "none";' successfully

2019-07-11 11:30:39 - [MESSAGE][PASSED] - Execute JavaScript 'var previewBar = document.getElementById("preview-bar-iframe"); previewBar.style.display = "none";' successfully

2019-07-11 11:30:39 - [TEST_STEP][PASSED] - click(findTestObject("OCS-DESKTOP/Shipping page/Continue to payment method - Button")): Object: 'Object Repository/OCS-DESKTOP/Shipping page/Continue to payment method - Button' is clicked on

2019-07-11 11:30:42 - [MESSAGE][PASSED] - Object: 'Object Repository/OCS-DESKTOP/Shipping page/Continue to payment method - Button' is clicked on

2019-07-11 11:30:42 - [TEST_STEP][PASSED] - closeBrowser(): Browser is closed

2019-07-11 11:30:42 - [MESSAGE][PASSED] - Browser is closed]]></system-out>
         <system-err><![CDATA[]]></system-err>
      </testcase>
      <testcase name="Test Cases/OCS - DESKTOP/OCS- CRITICAL PATH/Cart page- decrease qty" classname="Test Cases/OCS - DESKTOP/OCS- CRITICAL PATH/Cart page- decrease qty" status="PASSED">
         <system-out><![CDATA[2019-07-11 11:30:42 - [TEST_CASE][PASSED] - Test Cases/OCS - DESKTOP/OCS- CRITICAL PATH/Cart page- decrease qty: Test Cases/OCS - DESKTOP/OCS- CRITICAL PATH/Cart page- decrease qty

2019-07-11 11:30:42 - [TEST_STEP][PASSED] - callTestCase(findTestCase("OCS - DESKTOP/CALL- Age gate"), [:], STOP_ON_FAILURE): Call Test Case 'Test Cases/OCS - DESKTOP/CALL- Age gate' successfully

2019-07-11 11:30:42 - [TEST_CASE][PASSED] - Test Cases/OCS - DESKTOP/CALL- Age gate: Test Cases/OCS - DESKTOP/CALL- Age gate

2019-07-11 11:30:42 - [TEST_STEP][PASSED] - openBrowser(""): Browser is opened with url: ''

2019-07-11 11:30:42 - [MESSAGE][INFO] - Starting 'Chrome' driver

2019-07-11 11:30:43 - [MESSAGE][PASSED] - Browser is opened with url: ''

2019-07-11 11:30:43 - [TEST_STEP][PASSED] - navigateToUrl("https://ocs.ca/?fts=0&preview_theme_id=74205529932"): Navigate to 'https://ocs.ca/?fts=0&preview_theme_id=74205529932' successfully

2019-07-11 11:30:48 - [MESSAGE][PASSED] - Navigate to 'https://ocs.ca/?fts=0&preview_theme_id=74205529932' successfully

2019-07-11 11:30:48 - [TEST_STEP][PASSED] - maximizeWindow(): Current window maximized

2019-07-11 11:30:48 - [MESSAGE][PASSED] - Current window maximized

2019-07-11 11:30:48 - [TEST_STEP][PASSED] - delay(2): Delayed 2 second(s)

2019-07-11 11:30:50 - [MESSAGE][PASSED] - Delayed 2 second(s)

2019-07-11 11:30:50 - [TEST_STEP][PASSED] - executeJavaScript("var previewBar = document.getElementById("preview-bar-iframe"); previewBar.style.display = "none";", []): Execute JavaScript 'var previewBar = document.getElementById("preview-bar-iframe"); previewBar.style.display = "none";' successfully

2019-07-11 11:30:50 - [MESSAGE][PASSED] - Execute JavaScript 'var previewBar = document.getElementById("preview-bar-iframe"); previewBar.style.display = "none";' successfully

2019-07-11 11:30:50 - [TEST_STEP][PASSED] - selectOptionByValue(findTestObject("OCS-DESKTOP/Age gate and Mega menu/Date"), "12", true): All options with value '12' are selected in object 'Object Repository/OCS-DESKTOP/Age gate and Mega menu/Date'  using regular expression

2019-07-11 11:30:50 - [MESSAGE][PASSED] - All options with value '12' are selected in object 'Object Repository/OCS-DESKTOP/Age gate and Mega menu/Date'  using regular expression

2019-07-11 11:30:50 - [TEST_STEP][PASSED] - selectOptionByValue(findTestObject("OCS-DESKTOP/Age gate and Mega menu/month"), "6", true): All options with value '6' are selected in object 'Object Repository/OCS-DESKTOP/Age gate and Mega menu/month'  using regular expression

2019-07-11 11:30:51 - [MESSAGE][PASSED] - All options with value '6' are selected in object 'Object Repository/OCS-DESKTOP/Age gate and Mega menu/month'  using regular expression

2019-07-11 11:30:51 - [TEST_STEP][PASSED] - delay(2): Delayed 2 second(s)

2019-07-11 11:30:53 - [MESSAGE][PASSED] - Delayed 2 second(s)

2019-07-11 11:30:53 - [TEST_STEP][PASSED] - selectOptionByValue(findTestObject("OCS-DESKTOP/Age gate and Mega menu/Year Dropdown"), "1990", true): All options with value '1990' are selected in object 'Object Repository/OCS-DESKTOP/Age gate and Mega menu/Year Dropdown'  using regular expression

2019-07-11 11:30:54 - [MESSAGE][PASSED] - All options with value '1990' are selected in object 'Object Repository/OCS-DESKTOP/Age gate and Mega menu/Year Dropdown'  using regular expression

2019-07-11 11:30:54 - [TEST_STEP][PASSED] - click(findTestObject("OCS-DESKTOP/Age gate and Mega menu/button_Verify")): Object: 'Object Repository/OCS-DESKTOP/Age gate and Mega menu/button_Verify' is clicked on

2019-07-11 11:30:54 - [MESSAGE][PASSED] - Object: 'Object Repository/OCS-DESKTOP/Age gate and Mega menu/button_Verify' is clicked on

2019-07-11 11:30:54 - [TEST_STEP][PASSED] - click(findTestObject("OCS-DESKTOP/Age gate and Mega menu/Checkbox_CONFIRM AND ACKNOWLEDGE")): Object: 'Object Repository/OCS-DESKTOP/Age gate and Mega menu/Checkbox_CONFIRM AND ACKNOWLEDGE' is clicked on

2019-07-11 11:30:54 - [MESSAGE][PASSED] - Object: 'Object Repository/OCS-DESKTOP/Age gate and Mega menu/Checkbox_CONFIRM AND ACKNOWLEDGE' is clicked on

2019-07-11 11:30:54 - [TEST_STEP][PASSED] - click(findTestObject("OCS-DESKTOP/Age gate and Mega menu/button_CONFIRM")): Object: 'Object Repository/OCS-DESKTOP/Age gate and Mega menu/button_CONFIRM' is clicked on

2019-07-11 11:30:54 - [MESSAGE][PASSED] - Object: 'Object Repository/OCS-DESKTOP/Age gate and Mega menu/button_CONFIRM' is clicked on

2019-07-11 11:30:54 - [TEST_STEP][PASSED] - click(findTestObject("OCS-DESKTOP/Age gate and Mega menu/button_Start Browsing")): Object: 'Object Repository/OCS-DESKTOP/Age gate and Mega menu/button_Start Browsing' is clicked on

2019-07-11 11:30:54 - [MESSAGE][PASSED] - Object: 'Object Repository/OCS-DESKTOP/Age gate and Mega menu/button_Start Browsing' is clicked on

2019-07-11 11:30:54 - [TEST_STEP][PASSED] - delay(2): Delayed 2 second(s)

2019-07-11 11:30:56 - [MESSAGE][PASSED] - Delayed 2 second(s)

2019-07-11 11:30:56 - [TEST_STEP][PASSED] - refresh(): Refresh successfully

2019-07-11 11:30:56 - [MESSAGE][PASSED] - Refresh successfully

2019-07-11 11:30:56 - [MESSAGE][PASSED] - Call Test Case 'Test Cases/OCS - DESKTOP/CALL- Age gate' successfully

2019-07-11 11:30:56 - [TEST_STEP][PASSED] - delay(2): Delayed 2 second(s)

2019-07-11 11:30:58 - [MESSAGE][PASSED] - Delayed 2 second(s)

2019-07-11 11:30:58 - [TEST_STEP][PASSED] - click(findTestObject("OCS-DESKTOP/Age gate and Mega menu/Header/CANNABIS menu - English")): Object: 'Object Repository/OCS-DESKTOP/Age gate and Mega menu/Header/CANNABIS menu - English' is clicked on

2019-07-11 11:30:59 - [MESSAGE][PASSED] - Object: 'Object Repository/OCS-DESKTOP/Age gate and Mega menu/Header/CANNABIS menu - English' is clicked on

2019-07-11 11:30:59 - [TEST_STEP][PASSED] - delay(2): Delayed 2 second(s)

2019-07-11 11:31:01 - [MESSAGE][PASSED] - Delayed 2 second(s)

2019-07-11 11:31:01 - [TEST_STEP][PASSED] - click(findTestObject("OCS-DESKTOP/Age gate and Mega menu/Indica Dominant_Menu item")): Object: 'Object Repository/OCS-DESKTOP/Age gate and Mega menu/Indica Dominant_Menu item' is clicked on

2019-07-11 11:31:04 - [MESSAGE][PASSED] - Object: 'Object Repository/OCS-DESKTOP/Age gate and Mega menu/Indica Dominant_Menu item' is clicked on

2019-07-11 11:31:04 - [TEST_STEP][PASSED] - executeJavaScript("var previewBar = document.getElementById("preview-bar-iframe"); previewBar.style.display = "none";", []): Execute JavaScript 'var previewBar = document.getElementById("preview-bar-iframe"); previewBar.style.display = "none";' successfully

2019-07-11 11:31:04 - [MESSAGE][PASSED] - Execute JavaScript 'var previewBar = document.getElementById("preview-bar-iframe"); previewBar.style.display = "none";' successfully

2019-07-11 11:31:04 - [TEST_STEP][PASSED] - delay(2): Delayed 2 second(s)

2019-07-11 11:31:06 - [MESSAGE][PASSED] - Delayed 2 second(s)

2019-07-11 11:31:06 - [TEST_STEP][NOT_RUN] - click(findTestObject("OCS-DESKTOP/Age gate and Mega menu/Dried Flower_Plus icon")): NOT_RUN: click(findTestObject("OCS-DESKTOP/Age gate and Mega menu/Dried Flower_Plus icon"))

2019-07-11 11:31:06 - [MESSAGE][NOT_RUN] - NOT_RUN: click(findTestObject("OCS-DESKTOP/Age gate and Mega menu/Dried Flower_Plus icon"))

2019-07-11 11:31:06 - [TEST_STEP][PASSED] - delay(2): Delayed 2 second(s)

2019-07-11 11:31:08 - [MESSAGE][PASSED] - Delayed 2 second(s)

2019-07-11 11:31:08 - [TEST_STEP][NOT_RUN] - click(findTestObject("OCS-DESKTOP/Age gate and Mega menu/Indica Dominant_Menu item")): NOT_RUN: click(findTestObject("OCS-DESKTOP/Age gate and Mega menu/Indica Dominant_Menu item"))

2019-07-11 11:31:08 - [MESSAGE][NOT_RUN] - NOT_RUN: click(findTestObject("OCS-DESKTOP/Age gate and Mega menu/Indica Dominant_Menu item"))

2019-07-11 11:31:08 - [TEST_STEP][PASSED] - delay(2): Delayed 2 second(s)

2019-07-11 11:31:10 - [MESSAGE][PASSED] - Delayed 2 second(s)

2019-07-11 11:31:10 - [TEST_STEP][PASSED] - click(findTestObject("OCS-DESKTOP/Collection page/Product image - 1st one")): Object: 'Object Repository/OCS-DESKTOP/Collection page/Product image - 1st one' is clicked on

2019-07-11 11:31:14 - [MESSAGE][PASSED] - Object: 'Object Repository/OCS-DESKTOP/Collection page/Product image - 1st one' is clicked on

2019-07-11 11:31:14 - [TEST_STEP][PASSED] - executeJavaScript("var previewBar = document.getElementById("preview-bar-iframe"); previewBar.style.display = "none";", []): Execute JavaScript 'var previewBar = document.getElementById("preview-bar-iframe"); previewBar.style.display = "none";' successfully

2019-07-11 11:31:14 - [MESSAGE][PASSED] - Execute JavaScript 'var previewBar = document.getElementById("preview-bar-iframe"); previewBar.style.display = "none";' successfully

2019-07-11 11:31:14 - [TEST_STEP][NOT_RUN] - scrollToElement(findTestObject("OCS-DESKTOP/Product page/Product image"), 1): NOT_RUN: scrollToElement(findTestObject("OCS-DESKTOP/Product page/Product image"), 1)

2019-07-11 11:31:14 - [MESSAGE][NOT_RUN] - NOT_RUN: scrollToElement(findTestObject("OCS-DESKTOP/Product page/Product image"), 1)

2019-07-11 11:31:14 - [TEST_STEP][PASSED] - delay(2): Delayed 2 second(s)

2019-07-11 11:31:16 - [MESSAGE][PASSED] - Delayed 2 second(s)

2019-07-11 11:31:16 - [TEST_STEP][PASSED] - click(findTestObject("OCS-DESKTOP/Product page/Swatch_1g")): Object: 'Object Repository/OCS-DESKTOP/Product page/Swatch_1g' is clicked on

2019-07-11 11:31:16 - [MESSAGE][PASSED] - Object: 'Object Repository/OCS-DESKTOP/Product page/Swatch_1g' is clicked on

2019-07-11 11:31:16 - [TEST_STEP][NOT_RUN] - scrollToElement(findTestObject("OCS-DESKTOP/Product page/Swatch_3.5g"), 1): NOT_RUN: scrollToElement(findTestObject("OCS-DESKTOP/Product page/Swatch_3.5g"), 1)

2019-07-11 11:31:16 - [MESSAGE][NOT_RUN] - NOT_RUN: scrollToElement(findTestObject("OCS-DESKTOP/Product page/Swatch_3.5g"), 1)

2019-07-11 11:31:16 - [TEST_STEP][PASSED] - delay(2): Delayed 2 second(s)

2019-07-11 11:31:18 - [MESSAGE][PASSED] - Delayed 2 second(s)

2019-07-11 11:31:18 - [TEST_STEP][PASSED] - click(findTestObject("OCS-DESKTOP/Product page/Quantity Increase - Button")): Object: 'Object Repository/OCS-DESKTOP/Product page/Quantity Increase - Button' is clicked on

2019-07-11 11:31:18 - [MESSAGE][PASSED] - Object: 'Object Repository/OCS-DESKTOP/Product page/Quantity Increase - Button' is clicked on

2019-07-11 11:31:18 - [TEST_STEP][PASSED] - delay(1): Delayed 1 second(s)

2019-07-11 11:31:19 - [MESSAGE][PASSED] - Delayed 1 second(s)

2019-07-11 11:31:19 - [TEST_STEP][PASSED] - click(findTestObject("OCS-DESKTOP/Product page/Quantity Increase - Button")): Object: 'Object Repository/OCS-DESKTOP/Product page/Quantity Increase - Button' is clicked on

2019-07-11 11:31:19 - [MESSAGE][PASSED] - Object: 'Object Repository/OCS-DESKTOP/Product page/Quantity Increase - Button' is clicked on

2019-07-11 11:31:19 - [TEST_STEP][PASSED] - delay(1): Delayed 1 second(s)

2019-07-11 11:31:20 - [MESSAGE][PASSED] - Delayed 1 second(s)

2019-07-11 11:31:20 - [TEST_STEP][PASSED] - click(findTestObject("OCS-DESKTOP/Product page/Quantity Increase - Button")): Object: 'Object Repository/OCS-DESKTOP/Product page/Quantity Increase - Button' is clicked on

2019-07-11 11:31:20 - [MESSAGE][PASSED] - Object: 'Object Repository/OCS-DESKTOP/Product page/Quantity Increase - Button' is clicked on

2019-07-11 11:31:20 - [TEST_STEP][PASSED] - delay(1): Delayed 1 second(s)

2019-07-11 11:31:21 - [MESSAGE][PASSED] - Delayed 1 second(s)

2019-07-11 11:31:21 - [TEST_STEP][PASSED] - click(findTestObject("OCS-DESKTOP/Product page/Quantity Increase - Button")): Object: 'Object Repository/OCS-DESKTOP/Product page/Quantity Increase - Button' is clicked on

2019-07-11 11:31:21 - [MESSAGE][PASSED] - Object: 'Object Repository/OCS-DESKTOP/Product page/Quantity Increase - Button' is clicked on

2019-07-11 11:31:21 - [TEST_STEP][PASSED] - delay(1): Delayed 1 second(s)

2019-07-11 11:31:22 - [MESSAGE][PASSED] - Delayed 1 second(s)

2019-07-11 11:31:22 - [TEST_STEP][PASSED] - click(findTestObject("OCS-DESKTOP/Product page/Quantity Increase - Button")): Object: 'Object Repository/OCS-DESKTOP/Product page/Quantity Increase - Button' is clicked on

2019-07-11 11:31:22 - [MESSAGE][PASSED] - Object: 'Object Repository/OCS-DESKTOP/Product page/Quantity Increase - Button' is clicked on

2019-07-11 11:31:22 - [TEST_STEP][PASSED] - delay(2): Delayed 2 second(s)

2019-07-11 11:31:24 - [MESSAGE][PASSED] - Delayed 2 second(s)

2019-07-11 11:31:24 - [TEST_STEP][PASSED] - click(findTestObject("OCS-DESKTOP/Product page/Add to Bag-button")): Object: 'Object Repository/OCS-DESKTOP/Product page/Add to Bag-button' is clicked on

2019-07-11 11:31:24 - [MESSAGE][PASSED] - Object: 'Object Repository/OCS-DESKTOP/Product page/Add to Bag-button' is clicked on

2019-07-11 11:31:24 - [TEST_STEP][PASSED] - delay(1): Delayed 1 second(s)

2019-07-11 11:31:25 - [MESSAGE][PASSED] - Delayed 1 second(s)

2019-07-11 11:31:25 - [TEST_STEP][PASSED] - click(findTestObject("OCS-DESKTOP/Home - page/Cart icon -bag")): Object: 'Object Repository/OCS-DESKTOP/Home - page/Cart icon -bag' is clicked on

2019-07-11 11:31:25 - [MESSAGE][PASSED] - Object: 'Object Repository/OCS-DESKTOP/Home - page/Cart icon -bag' is clicked on

2019-07-11 11:31:25 - [TEST_STEP][PASSED] - delay(2): Delayed 2 second(s)

2019-07-11 11:31:27 - [MESSAGE][PASSED] - Delayed 2 second(s)

2019-07-11 11:31:27 - [TEST_STEP][PASSED] - click(findTestObject("OCS-DESKTOP/Cart flyout/Checkbox_I confirm that")): Object: 'Object Repository/OCS-DESKTOP/Cart flyout/Checkbox_I confirm that' is clicked on

2019-07-11 11:31:27 - [MESSAGE][PASSED] - Object: 'Object Repository/OCS-DESKTOP/Cart flyout/Checkbox_I confirm that' is clicked on

2019-07-11 11:31:27 - [TEST_STEP][PASSED] - delay(2): Delayed 2 second(s)

2019-07-11 11:31:29 - [MESSAGE][PASSED] - Delayed 2 second(s)

2019-07-11 11:31:29 - [TEST_STEP][PASSED] - click(findTestObject("OCS-DESKTOP/Cart flyout/Checkbox_Accept the Terms Condition")): Object: 'Object Repository/OCS-DESKTOP/Cart flyout/Checkbox_Accept the Terms Condition' is clicked on

2019-07-11 11:31:29 - [MESSAGE][PASSED] - Object: 'Object Repository/OCS-DESKTOP/Cart flyout/Checkbox_Accept the Terms Condition' is clicked on

2019-07-11 11:31:29 - [TEST_STEP][PASSED] - delay(1): Delayed 1 second(s)

2019-07-11 11:31:30 - [MESSAGE][PASSED] - Delayed 1 second(s)

2019-07-11 11:31:30 - [TEST_STEP][PASSED] - click(findTestObject("OCS-DESKTOP/Cart flyout/Checkout - Button")): Object: 'Object Repository/OCS-DESKTOP/Cart flyout/Checkout - Button' is clicked on

2019-07-11 11:31:32 - [MESSAGE][PASSED] - Object: 'Object Repository/OCS-DESKTOP/Cart flyout/Checkout - Button' is clicked on

2019-07-11 11:31:32 - [TEST_STEP][PASSED] - executeJavaScript("var previewBar = document.getElementById("preview-bar-iframe"); previewBar.style.display = "none";", []): Execute JavaScript 'var previewBar = document.getElementById("preview-bar-iframe"); previewBar.style.display = "none";' successfully

2019-07-11 11:31:32 - [MESSAGE][PASSED] - Execute JavaScript 'var previewBar = document.getElementById("preview-bar-iframe"); previewBar.style.display = "none";' successfully

2019-07-11 11:31:32 - [TEST_STEP][PASSED] - delay(2): Delayed 2 second(s)

2019-07-11 11:31:34 - [MESSAGE][PASSED] - Delayed 2 second(s)

2019-07-11 11:31:34 - [TEST_STEP][NOT_RUN] - scrollToElement(findTestObject("OCS-DESKTOP/Customer info page/Return to Cart - Link"), 1): NOT_RUN: scrollToElement(findTestObject("OCS-DESKTOP/Customer info page/Return to Cart - Link"), 1)

2019-07-11 11:31:34 - [MESSAGE][NOT_RUN] - NOT_RUN: scrollToElement(findTestObject("OCS-DESKTOP/Customer info page/Return to Cart - Link"), 1)

2019-07-11 11:31:34 - [TEST_STEP][PASSED] - delay(1): Delayed 1 second(s)

2019-07-11 11:31:35 - [MESSAGE][PASSED] - Delayed 1 second(s)

2019-07-11 11:31:35 - [TEST_STEP][PASSED] - delay(2): Delayed 2 second(s)

2019-07-11 11:31:37 - [MESSAGE][PASSED] - Delayed 2 second(s)

2019-07-11 11:31:37 - [TEST_STEP][PASSED] - click(findTestObject("OCS-DESKTOP/Customer info page/Return to Cart - Link")): Object: 'Object Repository/OCS-DESKTOP/Customer info page/Return to Cart - Link' is clicked on

2019-07-11 11:31:38 - [MESSAGE][PASSED] - Object: 'Object Repository/OCS-DESKTOP/Customer info page/Return to Cart - Link' is clicked on

2019-07-11 11:31:38 - [TEST_STEP][PASSED] - delay(1): Delayed 1 second(s)

2019-07-11 11:31:39 - [MESSAGE][PASSED] - Delayed 1 second(s)

2019-07-11 11:31:39 - [TEST_STEP][PASSED] - delay(1): Delayed 1 second(s)

2019-07-11 11:31:40 - [MESSAGE][PASSED] - Delayed 1 second(s)

2019-07-11 11:31:40 - [TEST_STEP][PASSED] - a = getText(findTestObject("OCS-DESKTOP/Cart page/Unit price - product - price in cart page")): Text of object 'Object Repository/OCS-DESKTOP/Cart page/Unit price - product - price in cart page' is: '$63.00'

2019-07-11 11:31:41 - [MESSAGE][PASSED] - Text of object 'Object Repository/OCS-DESKTOP/Cart page/Unit price - product - price in cart page' is: '$63.00'

2019-07-11 11:31:41 - [TEST_STEP][PASSED] - comment(a): $63.00

2019-07-11 11:31:41 - [MESSAGE][INFO] - $63.00

2019-07-11 11:31:41 - [TEST_STEP][PASSED] - click(findTestObject("OCS-DESKTOP/Cart page/Quantity Input field")): Object: 'Object Repository/OCS-DESKTOP/Cart page/Quantity Input field' is clicked on

2019-07-11 11:31:41 - [MESSAGE][PASSED] - Object: 'Object Repository/OCS-DESKTOP/Cart page/Quantity Input field' is clicked on

2019-07-11 11:31:41 - [TEST_STEP][PASSED] - sendKeys(findTestObject("OCS-DESKTOP/Cart page/Quantity Input field"), Keys.chord(CLEAR)): Keys 'CLEAR + ' sent to object: 'Object Repository/OCS-DESKTOP/Cart page/Quantity Input field'

2019-07-11 11:31:41 - [MESSAGE][PASSED] - Keys 'CLEAR + ' sent to object: 'Object Repository/OCS-DESKTOP/Cart page/Quantity Input field'

2019-07-11 11:31:41 - [TEST_STEP][PASSED] - setText(findTestObject("OCS-DESKTOP/Cart page/Quantity Input field"), "10"): Text '10' is set on object 'Object Repository/OCS-DESKTOP/Cart page/Quantity Input field'

2019-07-11 11:31:41 - [MESSAGE][PASSED] - Text '10' is set on object 'Object Repository/OCS-DESKTOP/Cart page/Quantity Input field'

2019-07-11 11:31:41 - [TEST_STEP][PASSED] - delay(2): Delayed 2 second(s)

2019-07-11 11:31:43 - [MESSAGE][PASSED] - Delayed 2 second(s)

2019-07-11 11:31:43 - [TEST_STEP][PASSED] - sendKeys(findTestObject("OCS-DESKTOP/Cart page/Quantity Input field"), Keys.chord(CLEAR)): Keys 'CLEAR + ' sent to object: 'Object Repository/OCS-DESKTOP/Cart page/Quantity Input field'

2019-07-11 11:31:43 - [MESSAGE][PASSED] - Keys 'CLEAR + ' sent to object: 'Object Repository/OCS-DESKTOP/Cart page/Quantity Input field'

2019-07-11 11:31:43 - [TEST_STEP][NOT_RUN] - click(findTestObject("OCS-DESKTOP/Cart page/enter quantity")): NOT_RUN: click(findTestObject("OCS-DESKTOP/Cart page/enter quantity"))

2019-07-11 11:31:43 - [MESSAGE][NOT_RUN] - NOT_RUN: click(findTestObject("OCS-DESKTOP/Cart page/enter quantity"))

2019-07-11 11:31:43 - [TEST_STEP][PASSED] - delay(2): Delayed 2 second(s)

2019-07-11 11:31:45 - [MESSAGE][PASSED] - Delayed 2 second(s)

2019-07-11 11:31:45 - [TEST_STEP][PASSED] - setText(findTestObject("OCS-DESKTOP/Cart page/Quantity Input field"), "7"): Text '7' is set on object 'Object Repository/OCS-DESKTOP/Cart page/Quantity Input field'

2019-07-11 11:31:45 - [MESSAGE][PASSED] - Text '7' is set on object 'Object Repository/OCS-DESKTOP/Cart page/Quantity Input field'

2019-07-11 11:31:45 - [TEST_STEP][PASSED] - delay(2): Delayed 2 second(s)

2019-07-11 11:31:47 - [MESSAGE][PASSED] - Delayed 2 second(s)

2019-07-11 11:31:47 - [TEST_STEP][NOT_RUN] - click(findTestObject("OCS-DESKTOP/Cart page/Unit price - product")): NOT_RUN: click(findTestObject("OCS-DESKTOP/Cart page/Unit price - product"))

2019-07-11 11:31:47 - [MESSAGE][NOT_RUN] - NOT_RUN: click(findTestObject("OCS-DESKTOP/Cart page/Unit price - product"))

2019-07-11 11:31:47 - [TEST_STEP][PASSED] - delay(2): Delayed 2 second(s)

2019-07-11 11:31:49 - [MESSAGE][PASSED] - Delayed 2 second(s)

2019-07-11 11:31:49 - [TEST_STEP][PASSED] - click(findTestObject("OCS-DESKTOP/Cart page/Qty Decrease icon")): Object: 'Object Repository/OCS-DESKTOP/Cart page/Qty Decrease icon' is clicked on

2019-07-11 11:31:49 - [MESSAGE][PASSED] - Object: 'Object Repository/OCS-DESKTOP/Cart page/Qty Decrease icon' is clicked on

2019-07-11 11:31:49 - [TEST_STEP][PASSED] - delay(2): Delayed 2 second(s)

2019-07-11 11:31:51 - [MESSAGE][PASSED] - Delayed 2 second(s)

2019-07-11 11:31:51 - [TEST_STEP][PASSED] - click(findTestObject("OCS-DESKTOP/Cart page/Qty Decrease icon")): Object: 'Object Repository/OCS-DESKTOP/Cart page/Qty Decrease icon' is clicked on

2019-07-11 11:31:51 - [MESSAGE][PASSED] - Object: 'Object Repository/OCS-DESKTOP/Cart page/Qty Decrease icon' is clicked on

2019-07-11 11:31:51 - [TEST_STEP][PASSED] - delay(2): Delayed 2 second(s)

2019-07-11 11:31:53 - [MESSAGE][PASSED] - Delayed 2 second(s)

2019-07-11 11:31:53 - [TEST_STEP][PASSED] - click(findTestObject("OCS-DESKTOP/Cart page/Qty Decrease icon")): Object: 'Object Repository/OCS-DESKTOP/Cart page/Qty Decrease icon' is clicked on

2019-07-11 11:31:53 - [MESSAGE][PASSED] - Object: 'Object Repository/OCS-DESKTOP/Cart page/Qty Decrease icon' is clicked on

2019-07-11 11:31:53 - [TEST_STEP][PASSED] - delay(2): Delayed 2 second(s)

2019-07-11 11:31:55 - [MESSAGE][PASSED] - Delayed 2 second(s)

2019-07-11 11:31:55 - [TEST_STEP][PASSED] - b = getText(findTestObject("OCS-DESKTOP/Cart page/Unit price - product - price in cart page")): Text of object 'Object Repository/OCS-DESKTOP/Cart page/Unit price - product - price in cart page' is: '$42.00'

2019-07-11 11:31:55 - [MESSAGE][PASSED] - Text of object 'Object Repository/OCS-DESKTOP/Cart page/Unit price - product - price in cart page' is: '$42.00'

2019-07-11 11:31:55 - [TEST_STEP][PASSED] - comment(b): $42.00

2019-07-11 11:31:55 - [MESSAGE][INFO] - $42.00

2019-07-11 11:31:55 - [TEST_STEP][PASSED] - verifyNotEqual("a", "b"): Actual object 'a' and expected object 'b' are not equal

2019-07-11 11:31:55 - [MESSAGE][PASSED] - Actual object 'a' and expected object 'b' are not equal

2019-07-11 11:31:55 - [TEST_STEP][PASSED] - comment(" price changed . Quantity selector is working"):  price changed . Quantity selector is working

2019-07-11 11:31:55 - [MESSAGE][INFO] -  price changed . Quantity selector is working]]></system-out>
         <system-err><![CDATA[]]></system-err>
      </testcase>
      <testcase name="Test Cases/OCS - DESKTOP/OCS- CRITICAL PATH/cart page-increase qty" classname="Test Cases/OCS - DESKTOP/OCS- CRITICAL PATH/cart page-increase qty" status="PASSED">
         <system-out><![CDATA[2019-07-11 11:31:55 - [TEST_CASE][PASSED] - Test Cases/OCS - DESKTOP/OCS- CRITICAL PATH/cart page-increase qty: Test Cases/OCS - DESKTOP/OCS- CRITICAL PATH/cart page-increase qty

2019-07-11 11:31:55 - [TEST_STEP][PASSED] - callTestCase(findTestCase("OCS - DESKTOP/CALL- Age gate"), [:], STOP_ON_FAILURE): Call Test Case 'Test Cases/OCS - DESKTOP/CALL- Age gate' successfully

2019-07-11 11:31:55 - [TEST_CASE][PASSED] - Test Cases/OCS - DESKTOP/CALL- Age gate: Test Cases/OCS - DESKTOP/CALL- Age gate

2019-07-11 11:31:55 - [TEST_STEP][PASSED] - openBrowser(""): Browser is opened with url: ''

2019-07-11 11:31:55 - [MESSAGE][WARNING] - A browser is already opened. Closing browser and opening a new one

2019-07-11 11:31:55 - [MESSAGE][INFO] - Starting 'Chrome' driver

2019-07-11 11:31:57 - [MESSAGE][PASSED] - Browser is opened with url: ''

2019-07-11 11:31:57 - [TEST_STEP][PASSED] - navigateToUrl("https://ocs.ca/?fts=0&preview_theme_id=74205529932"): Navigate to 'https://ocs.ca/?fts=0&preview_theme_id=74205529932' successfully

2019-07-11 11:32:01 - [MESSAGE][PASSED] - Navigate to 'https://ocs.ca/?fts=0&preview_theme_id=74205529932' successfully

2019-07-11 11:32:01 - [TEST_STEP][PASSED] - maximizeWindow(): Current window maximized

2019-07-11 11:32:02 - [MESSAGE][PASSED] - Current window maximized

2019-07-11 11:32:02 - [TEST_STEP][PASSED] - delay(2): Delayed 2 second(s)

2019-07-11 11:32:04 - [MESSAGE][PASSED] - Delayed 2 second(s)

2019-07-11 11:32:04 - [TEST_STEP][PASSED] - executeJavaScript("var previewBar = document.getElementById("preview-bar-iframe"); previewBar.style.display = "none";", []): Execute JavaScript 'var previewBar = document.getElementById("preview-bar-iframe"); previewBar.style.display = "none";' successfully

2019-07-11 11:32:04 - [MESSAGE][PASSED] - Execute JavaScript 'var previewBar = document.getElementById("preview-bar-iframe"); previewBar.style.display = "none";' successfully

2019-07-11 11:32:04 - [TEST_STEP][PASSED] - selectOptionByValue(findTestObject("OCS-DESKTOP/Age gate and Mega menu/Date"), "12", true): All options with value '12' are selected in object 'Object Repository/OCS-DESKTOP/Age gate and Mega menu/Date'  using regular expression

2019-07-11 11:32:04 - [MESSAGE][PASSED] - All options with value '12' are selected in object 'Object Repository/OCS-DESKTOP/Age gate and Mega menu/Date'  using regular expression

2019-07-11 11:32:04 - [TEST_STEP][PASSED] - selectOptionByValue(findTestObject("OCS-DESKTOP/Age gate and Mega menu/month"), "6", true): All options with value '6' are selected in object 'Object Repository/OCS-DESKTOP/Age gate and Mega menu/month'  using regular expression

2019-07-11 11:32:04 - [MESSAGE][PASSED] - All options with value '6' are selected in object 'Object Repository/OCS-DESKTOP/Age gate and Mega menu/month'  using regular expression

2019-07-11 11:32:04 - [TEST_STEP][PASSED] - delay(2): Delayed 2 second(s)

2019-07-11 11:32:06 - [MESSAGE][PASSED] - Delayed 2 second(s)

2019-07-11 11:32:06 - [TEST_STEP][PASSED] - selectOptionByValue(findTestObject("OCS-DESKTOP/Age gate and Mega menu/Year Dropdown"), "1990", true): All options with value '1990' are selected in object 'Object Repository/OCS-DESKTOP/Age gate and Mega menu/Year Dropdown'  using regular expression

2019-07-11 11:32:07 - [MESSAGE][PASSED] - All options with value '1990' are selected in object 'Object Repository/OCS-DESKTOP/Age gate and Mega menu/Year Dropdown'  using regular expression

2019-07-11 11:32:07 - [TEST_STEP][PASSED] - click(findTestObject("OCS-DESKTOP/Age gate and Mega menu/button_Verify")): Object: 'Object Repository/OCS-DESKTOP/Age gate and Mega menu/button_Verify' is clicked on

2019-07-11 11:32:07 - [MESSAGE][PASSED] - Object: 'Object Repository/OCS-DESKTOP/Age gate and Mega menu/button_Verify' is clicked on

2019-07-11 11:32:07 - [TEST_STEP][PASSED] - click(findTestObject("OCS-DESKTOP/Age gate and Mega menu/Checkbox_CONFIRM AND ACKNOWLEDGE")): Object: 'Object Repository/OCS-DESKTOP/Age gate and Mega menu/Checkbox_CONFIRM AND ACKNOWLEDGE' is clicked on

2019-07-11 11:32:07 - [MESSAGE][PASSED] - Object: 'Object Repository/OCS-DESKTOP/Age gate and Mega menu/Checkbox_CONFIRM AND ACKNOWLEDGE' is clicked on

2019-07-11 11:32:07 - [TEST_STEP][PASSED] - click(findTestObject("OCS-DESKTOP/Age gate and Mega menu/button_CONFIRM")): Object: 'Object Repository/OCS-DESKTOP/Age gate and Mega menu/button_CONFIRM' is clicked on

2019-07-11 11:32:07 - [MESSAGE][PASSED] - Object: 'Object Repository/OCS-DESKTOP/Age gate and Mega menu/button_CONFIRM' is clicked on

2019-07-11 11:32:07 - [TEST_STEP][PASSED] - click(findTestObject("OCS-DESKTOP/Age gate and Mega menu/button_Start Browsing")): Object: 'Object Repository/OCS-DESKTOP/Age gate and Mega menu/button_Start Browsing' is clicked on

2019-07-11 11:32:08 - [MESSAGE][PASSED] - Object: 'Object Repository/OCS-DESKTOP/Age gate and Mega menu/button_Start Browsing' is clicked on

2019-07-11 11:32:08 - [TEST_STEP][PASSED] - delay(2): Delayed 2 second(s)

2019-07-11 11:32:10 - [MESSAGE][PASSED] - Delayed 2 second(s)

2019-07-11 11:32:10 - [TEST_STEP][PASSED] - refresh(): Refresh successfully

2019-07-11 11:32:10 - [MESSAGE][PASSED] - Refresh successfully

2019-07-11 11:32:10 - [MESSAGE][PASSED] - Call Test Case 'Test Cases/OCS - DESKTOP/CALL- Age gate' successfully

2019-07-11 11:32:10 - [TEST_STEP][PASSED] - delay(2): Delayed 2 second(s)

2019-07-11 11:32:12 - [MESSAGE][PASSED] - Delayed 2 second(s)

2019-07-11 11:32:12 - [TEST_STEP][PASSED] - click(findTestObject("OCS-DESKTOP/Age gate and Mega menu/Header/CANNABIS menu - English")): Object: 'Object Repository/OCS-DESKTOP/Age gate and Mega menu/Header/CANNABIS menu - English' is clicked on

2019-07-11 11:32:13 - [MESSAGE][PASSED] - Object: 'Object Repository/OCS-DESKTOP/Age gate and Mega menu/Header/CANNABIS menu - English' is clicked on

2019-07-11 11:32:13 - [TEST_STEP][PASSED] - delay(2): Delayed 2 second(s)

2019-07-11 11:32:15 - [MESSAGE][PASSED] - Delayed 2 second(s)

2019-07-11 11:32:15 - [TEST_STEP][PASSED] - executeJavaScript("var previewBar = document.getElementById("preview-bar-iframe"); previewBar.style.display = "none";", []): Execute JavaScript 'var previewBar = document.getElementById("preview-bar-iframe"); previewBar.style.display = "none";' successfully

2019-07-11 11:32:15 - [MESSAGE][PASSED] - Execute JavaScript 'var previewBar = document.getElementById("preview-bar-iframe"); previewBar.style.display = "none";' successfully

2019-07-11 11:32:15 - [TEST_STEP][PASSED] - click(findTestObject("OCS-DESKTOP/Age gate and Mega menu/Indica Dominant_Menu item")): Object: 'Object Repository/OCS-DESKTOP/Age gate and Mega menu/Indica Dominant_Menu item' is clicked on

2019-07-11 11:32:17 - [MESSAGE][PASSED] - Object: 'Object Repository/OCS-DESKTOP/Age gate and Mega menu/Indica Dominant_Menu item' is clicked on

2019-07-11 11:32:17 - [TEST_STEP][PASSED] - delay(2): Delayed 2 second(s)

2019-07-11 11:32:19 - [MESSAGE][PASSED] - Delayed 2 second(s)

2019-07-11 11:32:19 - [TEST_STEP][PASSED] - executeJavaScript("var previewBar = document.getElementById("preview-bar-iframe"); previewBar.style.display = "none";", []): Execute JavaScript 'var previewBar = document.getElementById("preview-bar-iframe"); previewBar.style.display = "none";' successfully

2019-07-11 11:32:19 - [MESSAGE][PASSED] - Execute JavaScript 'var previewBar = document.getElementById("preview-bar-iframe"); previewBar.style.display = "none";' successfully

2019-07-11 11:32:19 - [TEST_STEP][PASSED] - click(findTestObject("OCS-DESKTOP/Collection page/Product image - 1st one")): Object: 'Object Repository/OCS-DESKTOP/Collection page/Product image - 1st one' is clicked on

2019-07-11 11:32:23 - [MESSAGE][PASSED] - Object: 'Object Repository/OCS-DESKTOP/Collection page/Product image - 1st one' is clicked on

2019-07-11 11:32:23 - [TEST_STEP][PASSED] - executeJavaScript("var previewBar = document.getElementById("preview-bar-iframe"); previewBar.style.display = "none";", []): Execute JavaScript 'var previewBar = document.getElementById("preview-bar-iframe"); previewBar.style.display = "none";' successfully

2019-07-11 11:32:23 - [MESSAGE][PASSED] - Execute JavaScript 'var previewBar = document.getElementById("preview-bar-iframe"); previewBar.style.display = "none";' successfully

2019-07-11 11:32:23 - [TEST_STEP][NOT_RUN] - scrollToElement(findTestObject("OCS-DESKTOP/Product page/Product image"), 1): NOT_RUN: scrollToElement(findTestObject("OCS-DESKTOP/Product page/Product image"), 1)

2019-07-11 11:32:23 - [MESSAGE][NOT_RUN] - NOT_RUN: scrollToElement(findTestObject("OCS-DESKTOP/Product page/Product image"), 1)

2019-07-11 11:32:23 - [TEST_STEP][PASSED] - delay(2): Delayed 2 second(s)

2019-07-11 11:32:25 - [MESSAGE][PASSED] - Delayed 2 second(s)

2019-07-11 11:32:25 - [TEST_STEP][PASSED] - click(findTestObject("OCS-DESKTOP/Product page/Swatch_1g")): Object: 'Object Repository/OCS-DESKTOP/Product page/Swatch_1g' is clicked on

2019-07-11 11:32:25 - [MESSAGE][PASSED] - Object: 'Object Repository/OCS-DESKTOP/Product page/Swatch_1g' is clicked on

2019-07-11 11:32:25 - [TEST_STEP][PASSED] - delay(2): Delayed 2 second(s)

2019-07-11 11:32:27 - [MESSAGE][PASSED] - Delayed 2 second(s)

2019-07-11 11:32:27 - [TEST_STEP][PASSED] - click(findTestObject("OCS-DESKTOP/Product page/Add to Bag-button")): Object: 'Object Repository/OCS-DESKTOP/Product page/Add to Bag-button' is clicked on

2019-07-11 11:32:28 - [MESSAGE][PASSED] - Object: 'Object Repository/OCS-DESKTOP/Product page/Add to Bag-button' is clicked on

2019-07-11 11:32:28 - [TEST_STEP][PASSED] - delay(1): Delayed 1 second(s)

2019-07-11 11:32:29 - [MESSAGE][PASSED] - Delayed 1 second(s)

2019-07-11 11:32:29 - [TEST_STEP][PASSED] - click(findTestObject("OCS-DESKTOP/Home - page/Cart icon -bag")): Object: 'Object Repository/OCS-DESKTOP/Home - page/Cart icon -bag' is clicked on

2019-07-11 11:32:29 - [MESSAGE][PASSED] - Object: 'Object Repository/OCS-DESKTOP/Home - page/Cart icon -bag' is clicked on

2019-07-11 11:32:29 - [TEST_STEP][PASSED] - delay(1): Delayed 1 second(s)

2019-07-11 11:32:30 - [MESSAGE][PASSED] - Delayed 1 second(s)

2019-07-11 11:32:30 - [TEST_STEP][PASSED] - click(findTestObject("OCS-DESKTOP/Cart flyout/Checkbox_I confirm that")): Object: 'Object Repository/OCS-DESKTOP/Cart flyout/Checkbox_I confirm that' is clicked on

2019-07-11 11:32:30 - [MESSAGE][PASSED] - Object: 'Object Repository/OCS-DESKTOP/Cart flyout/Checkbox_I confirm that' is clicked on

2019-07-11 11:32:30 - [TEST_STEP][PASSED] - delay(2): Delayed 2 second(s)

2019-07-11 11:32:32 - [MESSAGE][PASSED] - Delayed 2 second(s)

2019-07-11 11:32:32 - [TEST_STEP][PASSED] - click(findTestObject("OCS-DESKTOP/Cart flyout/Checkbox_Accept the Terms Condition")): Object: 'Object Repository/OCS-DESKTOP/Cart flyout/Checkbox_Accept the Terms Condition' is clicked on

2019-07-11 11:32:32 - [MESSAGE][PASSED] - Object: 'Object Repository/OCS-DESKTOP/Cart flyout/Checkbox_Accept the Terms Condition' is clicked on

2019-07-11 11:32:32 - [TEST_STEP][PASSED] - delay(1): Delayed 1 second(s)

2019-07-11 11:32:33 - [MESSAGE][PASSED] - Delayed 1 second(s)

2019-07-11 11:32:33 - [TEST_STEP][PASSED] - click(findTestObject("OCS-DESKTOP/Cart flyout/Checkout - Button")): Object: 'Object Repository/OCS-DESKTOP/Cart flyout/Checkout - Button' is clicked on

2019-07-11 11:32:35 - [MESSAGE][PASSED] - Object: 'Object Repository/OCS-DESKTOP/Cart flyout/Checkout - Button' is clicked on

2019-07-11 11:32:35 - [TEST_STEP][PASSED] - delay(2): Delayed 2 second(s)

2019-07-11 11:32:37 - [MESSAGE][PASSED] - Delayed 2 second(s)

2019-07-11 11:32:37 - [TEST_STEP][PASSED] - scrollToElement(findTestObject("OCS-DESKTOP/Customer info page/Return to Cart - Link"), 1): Scroll to object 'Object Repository/OCS-DESKTOP/Customer info page/Return to Cart - Link' successfully

2019-07-11 11:32:37 - [MESSAGE][PASSED] - Scroll to object 'Object Repository/OCS-DESKTOP/Customer info page/Return to Cart - Link' successfully

2019-07-11 11:32:37 - [TEST_STEP][PASSED] - executeJavaScript("var previewBar = document.getElementById("preview-bar-iframe"); previewBar.style.display = "none";", []): Execute JavaScript 'var previewBar = document.getElementById("preview-bar-iframe"); previewBar.style.display = "none";' successfully

2019-07-11 11:32:37 - [MESSAGE][PASSED] - Execute JavaScript 'var previewBar = document.getElementById("preview-bar-iframe"); previewBar.style.display = "none";' successfully

2019-07-11 11:32:37 - [TEST_STEP][PASSED] - delay(1): Delayed 1 second(s)

2019-07-11 11:32:38 - [MESSAGE][PASSED] - Delayed 1 second(s)

2019-07-11 11:32:38 - [TEST_STEP][PASSED] - click(findTestObject("OCS-DESKTOP/Customer info page/Return to Cart - Link")): Object: 'Object Repository/OCS-DESKTOP/Customer info page/Return to Cart - Link' is clicked on

2019-07-11 11:32:39 - [MESSAGE][PASSED] - Object: 'Object Repository/OCS-DESKTOP/Customer info page/Return to Cart - Link' is clicked on

2019-07-11 11:32:39 - [TEST_STEP][PASSED] - delay(1): Delayed 1 second(s)

2019-07-11 11:32:40 - [MESSAGE][PASSED] - Delayed 1 second(s)

2019-07-11 11:32:40 - [TEST_STEP][PASSED] - a = getText(findTestObject("OCS-DESKTOP/Cart page/Unit price - product - price in cart page")): Text of object 'Object Repository/OCS-DESKTOP/Cart page/Unit price - product - price in cart page' is: '$10.50'

2019-07-11 11:32:40 - [MESSAGE][PASSED] - Text of object 'Object Repository/OCS-DESKTOP/Cart page/Unit price - product - price in cart page' is: '$10.50'

2019-07-11 11:32:40 - [TEST_STEP][PASSED] - comment(a): $10.50

2019-07-11 11:32:40 - [MESSAGE][INFO] - $10.50

2019-07-11 11:32:40 - [TEST_STEP][PASSED] - click(findTestObject("OCS-DESKTOP/Cart page/Quantity Input field")): Object: 'Object Repository/OCS-DESKTOP/Cart page/Quantity Input field' is clicked on

2019-07-11 11:32:41 - [MESSAGE][PASSED] - Object: 'Object Repository/OCS-DESKTOP/Cart page/Quantity Input field' is clicked on

2019-07-11 11:32:41 - [TEST_STEP][PASSED] - sendKeys(findTestObject("OCS-DESKTOP/Cart page/Quantity Input field"), Keys.chord(CLEAR)): Keys 'CLEAR + ' sent to object: 'Object Repository/OCS-DESKTOP/Cart page/Quantity Input field'

2019-07-11 11:32:41 - [MESSAGE][PASSED] - Keys 'CLEAR + ' sent to object: 'Object Repository/OCS-DESKTOP/Cart page/Quantity Input field'

2019-07-11 11:32:41 - [TEST_STEP][PASSED] - setText(findTestObject("OCS-DESKTOP/Cart page/Quantity Input field"), "5"): Text '5' is set on object 'Object Repository/OCS-DESKTOP/Cart page/Quantity Input field'

2019-07-11 11:32:41 - [MESSAGE][PASSED] - Text '5' is set on object 'Object Repository/OCS-DESKTOP/Cart page/Quantity Input field'

2019-07-11 11:32:41 - [TEST_STEP][PASSED] - delay(2): Delayed 2 second(s)

2019-07-11 11:32:43 - [MESSAGE][PASSED] - Delayed 2 second(s)

2019-07-11 11:32:43 - [TEST_STEP][PASSED] - sendKeys(findTestObject("OCS-DESKTOP/Cart page/Quantity Input field"), Keys.chord(CLEAR)): Keys 'CLEAR + ' sent to object: 'Object Repository/OCS-DESKTOP/Cart page/Quantity Input field'

2019-07-11 11:32:43 - [MESSAGE][PASSED] - Keys 'CLEAR + ' sent to object: 'Object Repository/OCS-DESKTOP/Cart page/Quantity Input field'

2019-07-11 11:32:43 - [TEST_STEP][PASSED] - setText(findTestObject("OCS-DESKTOP/Cart page/Quantity Input field"), "7"): Text '7' is set on object 'Object Repository/OCS-DESKTOP/Cart page/Quantity Input field'

2019-07-11 11:32:43 - [MESSAGE][PASSED] - Text '7' is set on object 'Object Repository/OCS-DESKTOP/Cart page/Quantity Input field'

2019-07-11 11:32:43 - [TEST_STEP][PASSED] - delay(2): Delayed 2 second(s)

2019-07-11 11:32:45 - [MESSAGE][PASSED] - Delayed 2 second(s)

2019-07-11 11:32:45 - [TEST_STEP][PASSED] - click(findTestObject("OCS-DESKTOP/Cart page/Qty Increase icon")): Object: 'Object Repository/OCS-DESKTOP/Cart page/Qty Increase icon' is clicked on

2019-07-11 11:32:45 - [MESSAGE][PASSED] - Object: 'Object Repository/OCS-DESKTOP/Cart page/Qty Increase icon' is clicked on

2019-07-11 11:32:45 - [TEST_STEP][PASSED] - delay(2): Delayed 2 second(s)

2019-07-11 11:32:47 - [MESSAGE][PASSED] - Delayed 2 second(s)

2019-07-11 11:32:47 - [TEST_STEP][PASSED] - click(findTestObject("OCS-DESKTOP/Cart page/Qty Increase icon")): Object: 'Object Repository/OCS-DESKTOP/Cart page/Qty Increase icon' is clicked on

2019-07-11 11:32:47 - [MESSAGE][PASSED] - Object: 'Object Repository/OCS-DESKTOP/Cart page/Qty Increase icon' is clicked on

2019-07-11 11:32:47 - [TEST_STEP][PASSED] - delay(2): Delayed 2 second(s)

2019-07-11 11:32:49 - [MESSAGE][PASSED] - Delayed 2 second(s)

2019-07-11 11:32:49 - [TEST_STEP][PASSED] - click(findTestObject("OCS-DESKTOP/Cart page/Qty Increase icon")): Object: 'Object Repository/OCS-DESKTOP/Cart page/Qty Increase icon' is clicked on

2019-07-11 11:32:49 - [MESSAGE][PASSED] - Object: 'Object Repository/OCS-DESKTOP/Cart page/Qty Increase icon' is clicked on

2019-07-11 11:32:49 - [TEST_STEP][PASSED] - delay(2): Delayed 2 second(s)

2019-07-11 11:32:51 - [MESSAGE][PASSED] - Delayed 2 second(s)

2019-07-11 11:32:51 - [TEST_STEP][PASSED] - b = getText(findTestObject("OCS-DESKTOP/Cart page/Unit price - product - price in cart page")): Text of object 'Object Repository/OCS-DESKTOP/Cart page/Unit price - product - price in cart page' is: '$105.00'

2019-07-11 11:32:51 - [MESSAGE][PASSED] - Text of object 'Object Repository/OCS-DESKTOP/Cart page/Unit price - product - price in cart page' is: '$105.00'

2019-07-11 11:32:51 - [TEST_STEP][PASSED] - comment(b): $105.00

2019-07-11 11:32:51 - [MESSAGE][INFO] - $105.00

2019-07-11 11:32:51 - [TEST_STEP][PASSED] - verifyNotEqual("a", "b"): Actual object 'a' and expected object 'b' are not equal

2019-07-11 11:32:51 - [MESSAGE][PASSED] - Actual object 'a' and expected object 'b' are not equal

2019-07-11 11:32:51 - [TEST_STEP][PASSED] - comment(" price changed . Quantity selector is working"):  price changed . Quantity selector is working

2019-07-11 11:32:51 - [MESSAGE][INFO] -  price changed . Quantity selector is working]]></system-out>
         <system-err><![CDATA[]]></system-err>
      </testcase>
      <testcase name="Test Cases/OCS - DESKTOP/OCS- CRITICAL PATH - FRENCH/Cart flyout - decrease qty-fr" classname="Test Cases/OCS - DESKTOP/OCS- CRITICAL PATH - FRENCH/Cart flyout - decrease qty-fr" status="PASSED">
         <system-out><![CDATA[2019-07-11 11:32:51 - [TEST_CASE][PASSED] - Test Cases/OCS - DESKTOP/OCS- CRITICAL PATH - FRENCH/Cart flyout - decrease qty-fr: Test Cases/OCS - DESKTOP/OCS- CRITICAL PATH - FRENCH/Cart flyout - decrease qty-fr

2019-07-11 11:32:51 - [TEST_STEP][PASSED] - callTestCase(findTestCase("OCS - DESKTOP/CALL- Age gate"), [:], STOP_ON_FAILURE): Call Test Case 'Test Cases/OCS - DESKTOP/CALL- Age gate' successfully

2019-07-11 11:32:51 - [TEST_CASE][PASSED] - Test Cases/OCS - DESKTOP/CALL- Age gate: Test Cases/OCS - DESKTOP/CALL- Age gate

2019-07-11 11:32:51 - [TEST_STEP][PASSED] - openBrowser(""): Browser is opened with url: ''

2019-07-11 11:32:51 - [MESSAGE][WARNING] - A browser is already opened. Closing browser and opening a new one

2019-07-11 11:32:51 - [MESSAGE][INFO] - Starting 'Chrome' driver

2019-07-11 11:32:52 - [MESSAGE][PASSED] - Browser is opened with url: ''

2019-07-11 11:32:52 - [TEST_STEP][PASSED] - navigateToUrl("https://ocs.ca/?fts=0&preview_theme_id=74205529932"): Navigate to 'https://ocs.ca/?fts=0&preview_theme_id=74205529932' successfully

2019-07-11 11:32:59 - [MESSAGE][PASSED] - Navigate to 'https://ocs.ca/?fts=0&preview_theme_id=74205529932' successfully

2019-07-11 11:32:59 - [TEST_STEP][PASSED] - maximizeWindow(): Current window maximized

2019-07-11 11:32:59 - [MESSAGE][PASSED] - Current window maximized

2019-07-11 11:32:59 - [TEST_STEP][PASSED] - delay(2): Delayed 2 second(s)

2019-07-11 11:33:01 - [MESSAGE][PASSED] - Delayed 2 second(s)

2019-07-11 11:33:01 - [TEST_STEP][PASSED] - executeJavaScript("var previewBar = document.getElementById("preview-bar-iframe"); previewBar.style.display = "none";", []): Execute JavaScript 'var previewBar = document.getElementById("preview-bar-iframe"); previewBar.style.display = "none";' successfully

2019-07-11 11:33:01 - [MESSAGE][PASSED] - Execute JavaScript 'var previewBar = document.getElementById("preview-bar-iframe"); previewBar.style.display = "none";' successfully

2019-07-11 11:33:01 - [TEST_STEP][PASSED] - selectOptionByValue(findTestObject("OCS-DESKTOP/Age gate and Mega menu/Date"), "12", true): All options with value '12' are selected in object 'Object Repository/OCS-DESKTOP/Age gate and Mega menu/Date'  using regular expression

2019-07-11 11:33:01 - [MESSAGE][PASSED] - All options with value '12' are selected in object 'Object Repository/OCS-DESKTOP/Age gate and Mega menu/Date'  using regular expression

2019-07-11 11:33:01 - [TEST_STEP][PASSED] - selectOptionByValue(findTestObject("OCS-DESKTOP/Age gate and Mega menu/month"), "6", true): All options with value '6' are selected in object 'Object Repository/OCS-DESKTOP/Age gate and Mega menu/month'  using regular expression

2019-07-11 11:33:01 - [MESSAGE][PASSED] - All options with value '6' are selected in object 'Object Repository/OCS-DESKTOP/Age gate and Mega menu/month'  using regular expression

2019-07-11 11:33:01 - [TEST_STEP][PASSED] - delay(2): Delayed 2 second(s)

2019-07-11 11:33:03 - [MESSAGE][PASSED] - Delayed 2 second(s)

2019-07-11 11:33:03 - [TEST_STEP][PASSED] - selectOptionByValue(findTestObject("OCS-DESKTOP/Age gate and Mega menu/Year Dropdown"), "1990", true): All options with value '1990' are selected in object 'Object Repository/OCS-DESKTOP/Age gate and Mega menu/Year Dropdown'  using regular expression

2019-07-11 11:33:04 - [MESSAGE][PASSED] - All options with value '1990' are selected in object 'Object Repository/OCS-DESKTOP/Age gate and Mega menu/Year Dropdown'  using regular expression

2019-07-11 11:33:04 - [TEST_STEP][PASSED] - click(findTestObject("OCS-DESKTOP/Age gate and Mega menu/button_Verify")): Object: 'Object Repository/OCS-DESKTOP/Age gate and Mega menu/button_Verify' is clicked on

2019-07-11 11:33:05 - [MESSAGE][PASSED] - Object: 'Object Repository/OCS-DESKTOP/Age gate and Mega menu/button_Verify' is clicked on

2019-07-11 11:33:05 - [TEST_STEP][PASSED] - click(findTestObject("OCS-DESKTOP/Age gate and Mega menu/Checkbox_CONFIRM AND ACKNOWLEDGE")): Object: 'Object Repository/OCS-DESKTOP/Age gate and Mega menu/Checkbox_CONFIRM AND ACKNOWLEDGE' is clicked on

2019-07-11 11:33:05 - [MESSAGE][PASSED] - Object: 'Object Repository/OCS-DESKTOP/Age gate and Mega menu/Checkbox_CONFIRM AND ACKNOWLEDGE' is clicked on

2019-07-11 11:33:05 - [TEST_STEP][PASSED] - click(findTestObject("OCS-DESKTOP/Age gate and Mega menu/button_CONFIRM")): Object: 'Object Repository/OCS-DESKTOP/Age gate and Mega menu/button_CONFIRM' is clicked on

2019-07-11 11:33:05 - [MESSAGE][PASSED] - Object: 'Object Repository/OCS-DESKTOP/Age gate and Mega menu/button_CONFIRM' is clicked on

2019-07-11 11:33:05 - [TEST_STEP][PASSED] - click(findTestObject("OCS-DESKTOP/Age gate and Mega menu/button_Start Browsing")): Object: 'Object Repository/OCS-DESKTOP/Age gate and Mega menu/button_Start Browsing' is clicked on

2019-07-11 11:33:05 - [MESSAGE][PASSED] - Object: 'Object Repository/OCS-DESKTOP/Age gate and Mega menu/button_Start Browsing' is clicked on

2019-07-11 11:33:05 - [TEST_STEP][PASSED] - delay(2): Delayed 2 second(s)

2019-07-11 11:33:07 - [MESSAGE][PASSED] - Delayed 2 second(s)

2019-07-11 11:33:07 - [TEST_STEP][PASSED] - refresh(): Refresh successfully

2019-07-11 11:33:07 - [MESSAGE][PASSED] - Refresh successfully

2019-07-11 11:33:07 - [MESSAGE][PASSED] - Call Test Case 'Test Cases/OCS - DESKTOP/CALL- Age gate' successfully

2019-07-11 11:33:07 - [TEST_STEP][PASSED] - delay(2): Delayed 2 second(s)

2019-07-11 11:33:09 - [MESSAGE][PASSED] - Delayed 2 second(s)

2019-07-11 11:33:09 - [TEST_STEP][PASSED] - callTestCase(findTestCase("OCS - DESKTOP/CALL - TOGGLING LANGUAGE"), [:], STOP_ON_FAILURE): Call Test Case 'Test Cases/OCS - DESKTOP/CALL - TOGGLING LANGUAGE' successfully

2019-07-11 11:33:09 - [TEST_CASE][PASSED] - Test Cases/OCS - DESKTOP/CALL - TOGGLING LANGUAGE: Test Cases/OCS - DESKTOP/CALL - TOGGLING LANGUAGE

2019-07-11 11:33:09 - [TEST_STEP][PASSED] - delay(2): Delayed 2 second(s)

2019-07-11 11:33:11 - [MESSAGE][PASSED] - Delayed 2 second(s)

2019-07-11 11:33:11 - [TEST_STEP][PASSED] - click(findTestObject("OCS-DESKTOP/Cart flyout/English dropdown")): Object: 'Object Repository/OCS-DESKTOP/Cart flyout/English dropdown' is clicked on

2019-07-11 11:33:11 - [MESSAGE][PASSED] - Object: 'Object Repository/OCS-DESKTOP/Cart flyout/English dropdown' is clicked on

2019-07-11 11:33:11 - [TEST_STEP][PASSED] - delay(2): Delayed 2 second(s)

2019-07-11 11:33:13 - [MESSAGE][PASSED] - Delayed 2 second(s)

2019-07-11 11:33:13 - [TEST_STEP][PASSED] - click(findTestObject("OCS-DESKTOP/Cart flyout/Select French")): Object: 'Object Repository/OCS-DESKTOP/Cart flyout/Select French' is clicked on

2019-07-11 11:33:13 - [MESSAGE][PASSED] - Object: 'Object Repository/OCS-DESKTOP/Cart flyout/Select French' is clicked on

2019-07-11 11:33:13 - [TEST_STEP][PASSED] - delay(5): Delayed 5 second(s)

2019-07-11 11:33:18 - [MESSAGE][PASSED] - Delayed 5 second(s)

2019-07-11 11:33:18 - [TEST_STEP][PASSED] - e = getWindowTitle(): Current window's title is: 'Magasin de Cannabis de l'Ontario | Ontario Cannabis Store'

2019-07-11 11:33:18 - [MESSAGE][PASSED] - Current window's title is: 'Magasin de Cannabis de l'Ontario | Ontario Cannabis Store'

2019-07-11 11:33:18 - [MESSAGE][PASSED] - Call Test Case 'Test Cases/OCS - DESKTOP/CALL - TOGGLING LANGUAGE' successfully

2019-07-11 11:33:18 - [TEST_STEP][PASSED] - click(findTestObject("OCS-DESKTOP/Age gate and Mega menu/Header/CANNABIS menu - English")): Object: 'Object Repository/OCS-DESKTOP/Age gate and Mega menu/Header/CANNABIS menu - English' is clicked on

2019-07-11 11:33:19 - [MESSAGE][PASSED] - Object: 'Object Repository/OCS-DESKTOP/Age gate and Mega menu/Header/CANNABIS menu - English' is clicked on

2019-07-11 11:33:19 - [TEST_STEP][PASSED] - delay(2): Delayed 2 second(s)

2019-07-11 11:33:21 - [MESSAGE][PASSED] - Delayed 2 second(s)

2019-07-11 11:33:21 - [TEST_STEP][PASSED] - executeJavaScript("var previewBar = document.getElementById("preview-bar-iframe"); previewBar.style.display = "none";", []): Execute JavaScript 'var previewBar = document.getElementById("preview-bar-iframe"); previewBar.style.display = "none";' successfully

2019-07-11 11:33:21 - [MESSAGE][PASSED] - Execute JavaScript 'var previewBar = document.getElementById("preview-bar-iframe"); previewBar.style.display = "none";' successfully

2019-07-11 11:33:21 - [TEST_STEP][PASSED] - click(findTestObject("OCS-DESKTOP/Age gate and Mega menu/Indica Dominant_Menu item")): Object: 'Object Repository/OCS-DESKTOP/Age gate and Mega menu/Indica Dominant_Menu item' is clicked on

2019-07-11 11:33:23 - [MESSAGE][PASSED] - Object: 'Object Repository/OCS-DESKTOP/Age gate and Mega menu/Indica Dominant_Menu item' is clicked on

2019-07-11 11:33:23 - [TEST_STEP][PASSED] - executeJavaScript("var previewBar = document.getElementById("preview-bar-iframe"); previewBar.style.display = "none";", []): Execute JavaScript 'var previewBar = document.getElementById("preview-bar-iframe"); previewBar.style.display = "none";' successfully

2019-07-11 11:33:23 - [MESSAGE][PASSED] - Execute JavaScript 'var previewBar = document.getElementById("preview-bar-iframe"); previewBar.style.display = "none";' successfully

2019-07-11 11:33:23 - [TEST_STEP][PASSED] - delay(2): Delayed 2 second(s)

2019-07-11 11:33:25 - [MESSAGE][PASSED] - Delayed 2 second(s)

2019-07-11 11:33:25 - [TEST_STEP][PASSED] - click(findTestObject("FRENCH/Product image - 1st one")): Object: 'Object Repository/FRENCH/Product image - 1st one' is clicked on

2019-07-11 11:33:29 - [MESSAGE][PASSED] - Object: 'Object Repository/FRENCH/Product image - 1st one' is clicked on

2019-07-11 11:33:29 - [TEST_STEP][PASSED] - executeJavaScript("var previewBar = document.getElementById("preview-bar-iframe"); previewBar.style.display = "none";", []): Execute JavaScript 'var previewBar = document.getElementById("preview-bar-iframe"); previewBar.style.display = "none";' successfully

2019-07-11 11:33:29 - [MESSAGE][PASSED] - Execute JavaScript 'var previewBar = document.getElementById("preview-bar-iframe"); previewBar.style.display = "none";' successfully

2019-07-11 11:33:29 - [TEST_STEP][PASSED] - delay(1): Delayed 1 second(s)

2019-07-11 11:33:30 - [MESSAGE][PASSED] - Delayed 1 second(s)

2019-07-11 11:33:30 - [TEST_STEP][PASSED] - delay(3): Delayed 3 second(s)

2019-07-11 11:33:33 - [MESSAGE][PASSED] - Delayed 3 second(s)

2019-07-11 11:33:33 - [TEST_STEP][PASSED] - click(findTestObject("OCS-DESKTOP/Product page/Swatch_1g")): Object: 'Object Repository/OCS-DESKTOP/Product page/Swatch_1g' is clicked on

2019-07-11 11:33:33 - [MESSAGE][PASSED] - Object: 'Object Repository/OCS-DESKTOP/Product page/Swatch_1g' is clicked on

2019-07-11 11:33:33 - [TEST_STEP][PASSED] - delay(2): Delayed 2 second(s)

2019-07-11 11:33:35 - [MESSAGE][PASSED] - Delayed 2 second(s)

2019-07-11 11:33:35 - [TEST_STEP][PASSED] - delay(2): Delayed 2 second(s)

2019-07-11 11:33:37 - [MESSAGE][PASSED] - Delayed 2 second(s)

2019-07-11 11:33:37 - [TEST_STEP][PASSED] - click(findTestObject("OCS-DESKTOP/Product page/Quantity Increase - Button")): Object: 'Object Repository/OCS-DESKTOP/Product page/Quantity Increase - Button' is clicked on

2019-07-11 11:33:37 - [MESSAGE][PASSED] - Object: 'Object Repository/OCS-DESKTOP/Product page/Quantity Increase - Button' is clicked on

2019-07-11 11:33:37 - [TEST_STEP][PASSED] - delay(1): Delayed 1 second(s)

2019-07-11 11:33:38 - [MESSAGE][PASSED] - Delayed 1 second(s)

2019-07-11 11:33:38 - [TEST_STEP][PASSED] - click(findTestObject("FRENCH/Quantity Increase - Button")): Object: 'Object Repository/FRENCH/Quantity Increase - Button' is clicked on

2019-07-11 11:33:38 - [MESSAGE][PASSED] - Object: 'Object Repository/FRENCH/Quantity Increase - Button' is clicked on

2019-07-11 11:33:38 - [TEST_STEP][PASSED] - delay(1): Delayed 1 second(s)

2019-07-11 11:33:39 - [MESSAGE][PASSED] - Delayed 1 second(s)

2019-07-11 11:33:39 - [TEST_STEP][PASSED] - click(findTestObject("FRENCH/Quantity Increase - Button")): Object: 'Object Repository/FRENCH/Quantity Increase - Button' is clicked on

2019-07-11 11:33:39 - [MESSAGE][PASSED] - Object: 'Object Repository/FRENCH/Quantity Increase - Button' is clicked on

2019-07-11 11:33:39 - [TEST_STEP][PASSED] - delay(1): Delayed 1 second(s)

2019-07-11 11:33:40 - [MESSAGE][PASSED] - Delayed 1 second(s)

2019-07-11 11:33:40 - [TEST_STEP][PASSED] - click(findTestObject("FRENCH/Quantity Increase - Button")): Object: 'Object Repository/FRENCH/Quantity Increase - Button' is clicked on

2019-07-11 11:33:40 - [MESSAGE][PASSED] - Object: 'Object Repository/FRENCH/Quantity Increase - Button' is clicked on

2019-07-11 11:33:40 - [TEST_STEP][PASSED] - delay(2): Delayed 2 second(s)

2019-07-11 11:33:42 - [MESSAGE][PASSED] - Delayed 2 second(s)

2019-07-11 11:33:42 - [TEST_STEP][PASSED] - click(findTestObject("OCS-DESKTOP/Product page/Add to Bag-button")): Object: 'Object Repository/OCS-DESKTOP/Product page/Add to Bag-button' is clicked on

2019-07-11 11:33:42 - [MESSAGE][PASSED] - Object: 'Object Repository/OCS-DESKTOP/Product page/Add to Bag-button' is clicked on

2019-07-11 11:33:42 - [TEST_STEP][PASSED] - delay(1): Delayed 1 second(s)

2019-07-11 11:33:43 - [MESSAGE][PASSED] - Delayed 1 second(s)

2019-07-11 11:33:43 - [TEST_STEP][PASSED] - click(findTestObject("OCS-DESKTOP/Home - page/Cart icon -bag"), OPTIONAL): Object: 'Object Repository/OCS-DESKTOP/Home - page/Cart icon -bag' is clicked on

2019-07-11 11:33:43 - [MESSAGE][PASSED] - Object: 'Object Repository/OCS-DESKTOP/Home - page/Cart icon -bag' is clicked on

2019-07-11 11:33:43 - [TEST_STEP][PASSED] - delay(2): Delayed 2 second(s)

2019-07-11 11:33:45 - [MESSAGE][PASSED] - Delayed 2 second(s)

2019-07-11 11:33:45 - [TEST_STEP][PASSED] - a = getText(findTestObject("OCS-DESKTOP/Cart flyout/Unit price - Product")): Text of object 'Object Repository/OCS-DESKTOP/Cart flyout/Unit price - Product' is: '52,50 $'

2019-07-11 11:33:45 - [MESSAGE][PASSED] - Text of object 'Object Repository/OCS-DESKTOP/Cart flyout/Unit price - Product' is: '52,50 $'

2019-07-11 11:33:45 - [TEST_STEP][PASSED] - comment(a): 52,50 $

2019-07-11 11:33:45 - [MESSAGE][INFO] - 52,50 $

2019-07-11 11:33:45 - [TEST_STEP][PASSED] - b = a.substring(0, a.length() - 1): null

2019-07-11 11:33:45 - [TEST_STEP][PASSED] - comment(b): 52,50 

2019-07-11 11:33:45 - [MESSAGE][INFO] - 52,50 

2019-07-11 11:33:45 - [TEST_STEP][PASSED] - a1 = b.substring(0, b.length() - 1): null

2019-07-11 11:33:45 - [TEST_STEP][PASSED] - comment("a1 = " + a1): a1 = 52,50

2019-07-11 11:33:45 - [MESSAGE][INFO] - a1 = 52,50

2019-07-11 11:33:45 - [TEST_STEP][PASSED] - x1 = a1.substring(0, a1.length() - 1): null

2019-07-11 11:33:45 - [TEST_STEP][PASSED] - comment("x1 = " + x1): x1 = 52,5

2019-07-11 11:33:45 - [MESSAGE][INFO] - x1 = 52,5

2019-07-11 11:33:45 - [TEST_STEP][PASSED] - x2 = x1.substring(0, x1.length() - 1): null

2019-07-11 11:33:45 - [TEST_STEP][PASSED] - comment("x2 = " + x2): x2 = 52,

2019-07-11 11:33:45 - [MESSAGE][INFO] - x2 = 52,

2019-07-11 11:33:45 - [TEST_STEP][PASSED] - x3 = x2.substring(0, x2.length() - 1): null

2019-07-11 11:33:45 - [TEST_STEP][PASSED] - comment("x3 = " + x3): x3 = 52

2019-07-11 11:33:45 - [MESSAGE][INFO] - x3 = 52

2019-07-11 11:33:45 - [TEST_STEP][PASSED] - x6 = x3.substring(0, x3.length() - 1): null

2019-07-11 11:33:45 - [TEST_STEP][PASSED] - comment("x6 = " + x6): x6 = 5

2019-07-11 11:33:45 - [MESSAGE][INFO] - x6 = 5

2019-07-11 11:33:45 - [TEST_STEP][PASSED] - click(findTestObject("FRENCH/input_-_updates")): Object: 'Object Repository/FRENCH/input_-_updates' is clicked on

2019-07-11 11:33:45 - [MESSAGE][PASSED] - Object: 'Object Repository/FRENCH/input_-_updates' is clicked on

2019-07-11 11:33:45 - [TEST_STEP][NOT_RUN] - setText(findTestObject("OCS-DESKTOP/Cart flyout/input_-_updates"), Keys.chord(CLEAR)): NOT_RUN: setText(findTestObject("OCS-DESKTOP/Cart flyout/input_-_updates"), Keys.chord(CLEAR))

2019-07-11 11:33:45 - [MESSAGE][NOT_RUN] - NOT_RUN: setText(findTestObject("OCS-DESKTOP/Cart flyout/input_-_updates"), Keys.chord(CLEAR))

2019-07-11 11:33:45 - [TEST_STEP][PASSED] - delay(1): Delayed 1 second(s)

2019-07-11 11:33:46 - [MESSAGE][PASSED] - Delayed 1 second(s)

2019-07-11 11:33:46 - [TEST_STEP][PASSED] - setText(findTestObject("OCS-DESKTOP/Cart flyout/input_-_updates"), "10"): Text '10' is set on object 'Object Repository/OCS-DESKTOP/Cart flyout/input_-_updates'

2019-07-11 11:33:47 - [MESSAGE][PASSED] - Text '10' is set on object 'Object Repository/OCS-DESKTOP/Cart flyout/input_-_updates'

2019-07-11 11:33:47 - [TEST_STEP][PASSED] - delay(2): Delayed 2 second(s)

2019-07-11 11:33:49 - [MESSAGE][PASSED] - Delayed 2 second(s)

2019-07-11 11:33:49 - [TEST_STEP][PASSED] - click(findTestObject("OCS-DESKTOP/Cart flyout/Quantity decrease - Product")): Object: 'Object Repository/OCS-DESKTOP/Cart flyout/Quantity decrease - Product' is clicked on

2019-07-11 11:33:49 - [MESSAGE][PASSED] - Object: 'Object Repository/OCS-DESKTOP/Cart flyout/Quantity decrease - Product' is clicked on

2019-07-11 11:33:49 - [TEST_STEP][PASSED] - delay(2): Delayed 2 second(s)

2019-07-11 11:33:51 - [MESSAGE][PASSED] - Delayed 2 second(s)

2019-07-11 11:33:51 - [TEST_STEP][PASSED] - click(findTestObject("OCS-DESKTOP/Cart flyout/Quantity decrease - Product")): Object: 'Object Repository/OCS-DESKTOP/Cart flyout/Quantity decrease - Product' is clicked on

2019-07-11 11:33:51 - [MESSAGE][PASSED] - Object: 'Object Repository/OCS-DESKTOP/Cart flyout/Quantity decrease - Product' is clicked on

2019-07-11 11:33:51 - [TEST_STEP][PASSED] - delay(2): Delayed 2 second(s)

2019-07-11 11:33:53 - [MESSAGE][PASSED] - Delayed 2 second(s)

2019-07-11 11:33:53 - [TEST_STEP][PASSED] - click(findTestObject("OCS-DESKTOP/Cart flyout/Quantity decrease - Product")): Object: 'Object Repository/OCS-DESKTOP/Cart flyout/Quantity decrease - Product' is clicked on

2019-07-11 11:33:53 - [MESSAGE][PASSED] - Object: 'Object Repository/OCS-DESKTOP/Cart flyout/Quantity decrease - Product' is clicked on

2019-07-11 11:33:53 - [TEST_STEP][PASSED] - delay(5): Delayed 5 second(s)

2019-07-11 11:33:58 - [MESSAGE][PASSED] - Delayed 5 second(s)

2019-07-11 11:33:58 - [TEST_STEP][PASSED] - c = getText(findTestObject("OCS-DESKTOP/Cart flyout/Sub-total Price")): Text of object 'Object Repository/OCS-DESKTOP/Cart flyout/Sub-total Price' is: '10,50 $'

2019-07-11 11:33:58 - [MESSAGE][PASSED] - Text of object 'Object Repository/OCS-DESKTOP/Cart flyout/Sub-total Price' is: '10,50 $'

2019-07-11 11:33:58 - [TEST_STEP][PASSED] - comment(c): 10,50 $

2019-07-11 11:33:58 - [MESSAGE][INFO] - 10,50 $

2019-07-11 11:33:58 - [TEST_STEP][PASSED] - d = c.substring(0, c.length() - 1): null

2019-07-11 11:33:58 - [TEST_STEP][PASSED] - comment(d): 10,50 

2019-07-11 11:33:58 - [MESSAGE][INFO] - 10,50 

2019-07-11 11:33:58 - [TEST_STEP][PASSED] - a2 = d.substring(0, d.length() - 1): null

2019-07-11 11:33:58 - [TEST_STEP][PASSED] - comment("a2 = " + a2): a2 = 10,50

2019-07-11 11:33:58 - [MESSAGE][INFO] - a2 = 10,50

2019-07-11 11:33:58 - [TEST_STEP][PASSED] - y1 = a2.substring(0, a2.length() - 1): null

2019-07-11 11:33:58 - [TEST_STEP][PASSED] - comment("y1 = " + y1): y1 = 10,5

2019-07-11 11:33:58 - [MESSAGE][INFO] - y1 = 10,5

2019-07-11 11:33:58 - [TEST_STEP][PASSED] - y2 = y1.substring(0, y1.length() - 1): null

2019-07-11 11:33:58 - [TEST_STEP][PASSED] - comment("y2 = " + y2): y2 = 10,

2019-07-11 11:33:58 - [MESSAGE][INFO] - y2 = 10,

2019-07-11 11:33:58 - [TEST_STEP][PASSED] - y3 = y2.substring(0, y2.length() - 1): null

2019-07-11 11:33:58 - [TEST_STEP][PASSED] - comment("y3 = " + y3): y3 = 10

2019-07-11 11:33:58 - [MESSAGE][INFO] - y3 = 10

2019-07-11 11:33:58 - [TEST_STEP][PASSED] - y4 = y3.substring(0, y3.length() - 1): null

2019-07-11 11:33:58 - [TEST_STEP][PASSED] - comment("y4 = " + y4): y4 = 1

2019-07-11 11:33:58 - [MESSAGE][INFO] - y4 = 1

2019-07-11 11:33:58 - [TEST_STEP][PASSED] - verifyNotEqual("x6", "y4"): Actual object 'x6' and expected object 'y4' are not equal

2019-07-11 11:33:58 - [MESSAGE][PASSED] - Actual object 'x6' and expected object 'y4' are not equal

2019-07-11 11:33:58 - [TEST_STEP][PASSED] - comment(" Sub-total Price changed . Quantity selector is working"):  Sub-total Price changed . Quantity selector is working

2019-07-11 11:33:58 - [MESSAGE][INFO] -  Sub-total Price changed . Quantity selector is working

2019-07-11 11:33:58 - [TEST_STEP][PASSED] - callTestCase(findTestCase("OCS - DESKTOP/CALL- SHIPPING TO PAYMENT"), [:], STOP_ON_FAILURE): Call Test Case 'Test Cases/OCS - DESKTOP/CALL- SHIPPING TO PAYMENT' successfully

2019-07-11 11:33:58 - [TEST_CASE][PASSED] - Test Cases/OCS - DESKTOP/CALL- SHIPPING TO PAYMENT: Test Cases/OCS - DESKTOP/CALL- SHIPPING TO PAYMENT

2019-07-11 11:33:58 - [TEST_STEP][PASSED] - delay(1): Delayed 1 second(s)

2019-07-11 11:33:59 - [MESSAGE][PASSED] - Delayed 1 second(s)

2019-07-11 11:33:59 - [TEST_STEP][PASSED] - click(findTestObject("OCS-DESKTOP/Cart flyout/Checkbox_I confirm that")): Object: 'Object Repository/OCS-DESKTOP/Cart flyout/Checkbox_I confirm that' is clicked on

2019-07-11 11:33:59 - [MESSAGE][PASSED] - Object: 'Object Repository/OCS-DESKTOP/Cart flyout/Checkbox_I confirm that' is clicked on

2019-07-11 11:33:59 - [TEST_STEP][PASSED] - delay(1): Delayed 1 second(s)

2019-07-11 11:34:00 - [MESSAGE][PASSED] - Delayed 1 second(s)

2019-07-11 11:34:00 - [TEST_STEP][PASSED] - click(findTestObject("OCS-DESKTOP/Cart flyout/Checkbox_Accept the Terms Condition")): Object: 'Object Repository/OCS-DESKTOP/Cart flyout/Checkbox_Accept the Terms Condition' is clicked on

2019-07-11 11:34:00 - [MESSAGE][PASSED] - Object: 'Object Repository/OCS-DESKTOP/Cart flyout/Checkbox_Accept the Terms Condition' is clicked on

2019-07-11 11:34:00 - [TEST_STEP][PASSED] - delay(1): Delayed 1 second(s)

2019-07-11 11:34:01 - [MESSAGE][PASSED] - Delayed 1 second(s)

2019-07-11 11:34:01 - [TEST_STEP][PASSED] - click(findTestObject("OCS-DESKTOP/Cart flyout/Checkout - Button")): Object: 'Object Repository/OCS-DESKTOP/Cart flyout/Checkout - Button' is clicked on

2019-07-11 11:34:04 - [MESSAGE][PASSED] - Object: 'Object Repository/OCS-DESKTOP/Cart flyout/Checkout - Button' is clicked on

2019-07-11 11:34:04 - [TEST_STEP][PASSED] - executeJavaScript("var previewBar = document.getElementById("preview-bar-iframe"); previewBar.style.display = "none";", []): Execute JavaScript 'var previewBar = document.getElementById("preview-bar-iframe"); previewBar.style.display = "none";' successfully

2019-07-11 11:34:04 - [MESSAGE][PASSED] - Execute JavaScript 'var previewBar = document.getElementById("preview-bar-iframe"); previewBar.style.display = "none";' successfully

2019-07-11 11:34:04 - [TEST_STEP][PASSED] - delay(2): Delayed 2 second(s)

2019-07-11 11:34:06 - [MESSAGE][PASSED] - Delayed 2 second(s)

2019-07-11 11:34:06 - [TEST_STEP][PASSED] - setText(findTestObject("Object Repository/Page_Ontario Cannabis Store - Infor/input_Adresse e-mail_checkoute"), "suman@gmail.com"): Text 'suman@gmail.com' is set on object 'Object Repository/Page_Ontario Cannabis Store - Infor/input_Adresse e-mail_checkoute'

2019-07-11 11:34:06 - [MESSAGE][PASSED] - Text 'suman@gmail.com' is set on object 'Object Repository/Page_Ontario Cannabis Store - Infor/input_Adresse e-mail_checkoute'

2019-07-11 11:34:06 - [TEST_STEP][PASSED] - setText(findTestObject("Object Repository/Page_Ontario Cannabis Store - Infor/input_Prnom_checkoutshipping_a"), "suman"): Text 'suman' is set on object 'Object Repository/Page_Ontario Cannabis Store - Infor/input_Prnom_checkoutshipping_a'

2019-07-11 11:34:06 - [MESSAGE][PASSED] - Text 'suman' is set on object 'Object Repository/Page_Ontario Cannabis Store - Infor/input_Prnom_checkoutshipping_a'

2019-07-11 11:34:06 - [TEST_STEP][PASSED] - setText(findTestObject("Object Repository/Page_Ontario Cannabis Store - Infor/input_Nom_checkoutshipping_add"), "kompelly"): Text 'kompelly' is set on object 'Object Repository/Page_Ontario Cannabis Store - Infor/input_Nom_checkoutshipping_add'

2019-07-11 11:34:07 - [MESSAGE][PASSED] - Text 'kompelly' is set on object 'Object Repository/Page_Ontario Cannabis Store - Infor/input_Nom_checkoutshipping_add'

2019-07-11 11:34:07 - [TEST_STEP][PASSED] - setText(findTestObject("Object Repository/Page_Ontario Cannabis Store - Infor/input_Adresse_checkoutshipping"), "123 test"): Text '123 test' is set on object 'Object Repository/Page_Ontario Cannabis Store - Infor/input_Adresse_checkoutshipping'

2019-07-11 11:34:07 - [MESSAGE][PASSED] - Text '123 test' is set on object 'Object Repository/Page_Ontario Cannabis Store - Infor/input_Adresse_checkoutshipping'

2019-07-11 11:34:07 - [TEST_STEP][PASSED] - setText(findTestObject("Object Repository/Page_Ontario Cannabis Store - Infor/input_Appartement suite etc. ("), "123"): Text '123' is set on object 'Object Repository/Page_Ontario Cannabis Store - Infor/input_Appartement suite etc. ('

2019-07-11 11:34:07 - [MESSAGE][PASSED] - Text '123' is set on object 'Object Repository/Page_Ontario Cannabis Store - Infor/input_Appartement suite etc. ('

2019-07-11 11:34:07 - [TEST_STEP][PASSED] - setText(findTestObject("Object Repository/Page_Ontario Cannabis Store - Infor/input_Ville_checkoutshipping_a"), "montreal"): Text 'montreal' is set on object 'Object Repository/Page_Ontario Cannabis Store - Infor/input_Ville_checkoutshipping_a'

2019-07-11 11:34:07 - [MESSAGE][PASSED] - Text 'montreal' is set on object 'Object Repository/Page_Ontario Cannabis Store - Infor/input_Ville_checkoutshipping_a'

2019-07-11 11:34:07 - [TEST_STEP][PASSED] - setText(findTestObject("Object Repository/Page_Ontario Cannabis Store - Infor/input_Code postal_checkoutship"), "n0r1k0"): Text 'n0r1k0' is set on object 'Object Repository/Page_Ontario Cannabis Store - Infor/input_Code postal_checkoutship'

2019-07-11 11:34:07 - [MESSAGE][PASSED] - Text 'n0r1k0' is set on object 'Object Repository/Page_Ontario Cannabis Store - Infor/input_Code postal_checkoutship'

2019-07-11 11:34:07 - [TEST_STEP][PASSED] - setText(findTestObject("Object Repository/Page_Ontario Cannabis Store - Infor/input_Tlphone_checkoutshipping"), "514-449-3883"): Text '514-449-3883' is set on object 'Object Repository/Page_Ontario Cannabis Store - Infor/input_Tlphone_checkoutshipping'

2019-07-11 11:34:07 - [MESSAGE][PASSED] - Text '514-449-3883' is set on object 'Object Repository/Page_Ontario Cannabis Store - Infor/input_Tlphone_checkoutshipping'

2019-07-11 11:34:07 - [TEST_STEP][PASSED] - delay(2): Delayed 2 second(s)

2019-07-11 11:34:09 - [MESSAGE][PASSED] - Delayed 2 second(s)

2019-07-11 11:34:09 - [TEST_STEP][PASSED] - click(findTestObject("Object Repository/Page_Ontario Cannabis Store - Infor/button_Continuer vers le mode")): Object: 'Object Repository/Page_Ontario Cannabis Store - Infor/button_Continuer vers le mode' is clicked on

2019-07-11 11:34:11 - [MESSAGE][PASSED] - Object: 'Object Repository/Page_Ontario Cannabis Store - Infor/button_Continuer vers le mode' is clicked on

2019-07-11 11:34:11 - [TEST_STEP][PASSED] - delay(4): Delayed 4 second(s)

2019-07-11 11:34:15 - [MESSAGE][PASSED] - Delayed 4 second(s)

2019-07-11 11:34:15 - [TEST_STEP][PASSED] - executeJavaScript("var previewBar = document.getElementById("preview-bar-iframe"); previewBar.style.display = "none";", []): Execute JavaScript 'var previewBar = document.getElementById("preview-bar-iframe"); previewBar.style.display = "none";' successfully

2019-07-11 11:34:15 - [MESSAGE][PASSED] - Execute JavaScript 'var previewBar = document.getElementById("preview-bar-iframe"); previewBar.style.display = "none";' successfully

2019-07-11 11:34:15 - [TEST_STEP][PASSED] - delay(2): Delayed 2 second(s)

2019-07-11 11:34:17 - [MESSAGE][PASSED] - Delayed 2 second(s)

2019-07-11 11:34:17 - [TEST_STEP][PASSED] - click(findTestObject("Object Repository/Page_Ontario Cannabis Store - Livra/button_Continuer vers le moyen")): Object: 'Object Repository/Page_Ontario Cannabis Store - Livra/button_Continuer vers le moyen' is clicked on

2019-07-11 11:34:20 - [MESSAGE][PASSED] - Object: 'Object Repository/Page_Ontario Cannabis Store - Livra/button_Continuer vers le moyen' is clicked on

2019-07-11 11:34:20 - [MESSAGE][PASSED] - Call Test Case 'Test Cases/OCS - DESKTOP/CALL- SHIPPING TO PAYMENT' successfully]]></system-out>
         <system-err><![CDATA[]]></system-err>
      </testcase>
      <testcase name="Test Cases/OCS - DESKTOP/OCS- CRITICAL PATH - FRENCH/Cart page - Decrease qty - fr" classname="Test Cases/OCS - DESKTOP/OCS- CRITICAL PATH - FRENCH/Cart page - Decrease qty - fr" status="PASSED">
         <system-out><![CDATA[2019-07-11 11:34:20 - [TEST_CASE][PASSED] - Test Cases/OCS - DESKTOP/OCS- CRITICAL PATH - FRENCH/Cart page - Decrease qty - fr: Test Cases/OCS - DESKTOP/OCS- CRITICAL PATH - FRENCH/Cart page - Decrease qty - fr

2019-07-11 11:34:20 - [TEST_STEP][PASSED] - callTestCase(findTestCase("OCS - DESKTOP/CALL- Age gate"), [:], STOP_ON_FAILURE): Call Test Case 'Test Cases/OCS - DESKTOP/CALL- Age gate' successfully

2019-07-11 11:34:20 - [TEST_CASE][PASSED] - Test Cases/OCS - DESKTOP/CALL- Age gate: Test Cases/OCS - DESKTOP/CALL- Age gate

2019-07-11 11:34:20 - [TEST_STEP][PASSED] - openBrowser(""): Browser is opened with url: ''

2019-07-11 11:34:20 - [MESSAGE][WARNING] - A browser is already opened. Closing browser and opening a new one

2019-07-11 11:34:20 - [MESSAGE][INFO] - Starting 'Chrome' driver

2019-07-11 11:34:22 - [MESSAGE][PASSED] - Browser is opened with url: ''

2019-07-11 11:34:22 - [TEST_STEP][PASSED] - navigateToUrl("https://ocs.ca/?fts=0&preview_theme_id=74205529932"): Navigate to 'https://ocs.ca/?fts=0&preview_theme_id=74205529932' successfully

2019-07-11 11:34:27 - [MESSAGE][PASSED] - Navigate to 'https://ocs.ca/?fts=0&preview_theme_id=74205529932' successfully

2019-07-11 11:34:27 - [TEST_STEP][PASSED] - maximizeWindow(): Current window maximized

2019-07-11 11:34:27 - [MESSAGE][PASSED] - Current window maximized

2019-07-11 11:34:27 - [TEST_STEP][PASSED] - delay(2): Delayed 2 second(s)

2019-07-11 11:34:29 - [MESSAGE][PASSED] - Delayed 2 second(s)

2019-07-11 11:34:29 - [TEST_STEP][PASSED] - executeJavaScript("var previewBar = document.getElementById("preview-bar-iframe"); previewBar.style.display = "none";", []): Execute JavaScript 'var previewBar = document.getElementById("preview-bar-iframe"); previewBar.style.display = "none";' successfully

2019-07-11 11:34:29 - [MESSAGE][PASSED] - Execute JavaScript 'var previewBar = document.getElementById("preview-bar-iframe"); previewBar.style.display = "none";' successfully

2019-07-11 11:34:29 - [TEST_STEP][PASSED] - selectOptionByValue(findTestObject("OCS-DESKTOP/Age gate and Mega menu/Date"), "12", true): All options with value '12' are selected in object 'Object Repository/OCS-DESKTOP/Age gate and Mega menu/Date'  using regular expression

2019-07-11 11:34:29 - [MESSAGE][PASSED] - All options with value '12' are selected in object 'Object Repository/OCS-DESKTOP/Age gate and Mega menu/Date'  using regular expression

2019-07-11 11:34:29 - [TEST_STEP][PASSED] - selectOptionByValue(findTestObject("OCS-DESKTOP/Age gate and Mega menu/month"), "6", true): All options with value '6' are selected in object 'Object Repository/OCS-DESKTOP/Age gate and Mega menu/month'  using regular expression

2019-07-11 11:34:29 - [MESSAGE][PASSED] - All options with value '6' are selected in object 'Object Repository/OCS-DESKTOP/Age gate and Mega menu/month'  using regular expression

2019-07-11 11:34:29 - [TEST_STEP][PASSED] - delay(2): Delayed 2 second(s)

2019-07-11 11:34:32 - [MESSAGE][PASSED] - Delayed 2 second(s)

2019-07-11 11:34:32 - [TEST_STEP][PASSED] - selectOptionByValue(findTestObject("OCS-DESKTOP/Age gate and Mega menu/Year Dropdown"), "1990", true): All options with value '1990' are selected in object 'Object Repository/OCS-DESKTOP/Age gate and Mega menu/Year Dropdown'  using regular expression

2019-07-11 11:34:32 - [MESSAGE][PASSED] - All options with value '1990' are selected in object 'Object Repository/OCS-DESKTOP/Age gate and Mega menu/Year Dropdown'  using regular expression

2019-07-11 11:34:32 - [TEST_STEP][PASSED] - click(findTestObject("OCS-DESKTOP/Age gate and Mega menu/button_Verify")): Object: 'Object Repository/OCS-DESKTOP/Age gate and Mega menu/button_Verify' is clicked on

2019-07-11 11:34:33 - [MESSAGE][PASSED] - Object: 'Object Repository/OCS-DESKTOP/Age gate and Mega menu/button_Verify' is clicked on

2019-07-11 11:34:33 - [TEST_STEP][PASSED] - click(findTestObject("OCS-DESKTOP/Age gate and Mega menu/Checkbox_CONFIRM AND ACKNOWLEDGE")): Object: 'Object Repository/OCS-DESKTOP/Age gate and Mega menu/Checkbox_CONFIRM AND ACKNOWLEDGE' is clicked on

2019-07-11 11:34:33 - [MESSAGE][PASSED] - Object: 'Object Repository/OCS-DESKTOP/Age gate and Mega menu/Checkbox_CONFIRM AND ACKNOWLEDGE' is clicked on

2019-07-11 11:34:33 - [TEST_STEP][PASSED] - click(findTestObject("OCS-DESKTOP/Age gate and Mega menu/button_CONFIRM")): Object: 'Object Repository/OCS-DESKTOP/Age gate and Mega menu/button_CONFIRM' is clicked on

2019-07-11 11:34:33 - [MESSAGE][PASSED] - Object: 'Object Repository/OCS-DESKTOP/Age gate and Mega menu/button_CONFIRM' is clicked on

2019-07-11 11:34:33 - [TEST_STEP][PASSED] - click(findTestObject("OCS-DESKTOP/Age gate and Mega menu/button_Start Browsing")): Object: 'Object Repository/OCS-DESKTOP/Age gate and Mega menu/button_Start Browsing' is clicked on

2019-07-11 11:34:33 - [MESSAGE][PASSED] - Object: 'Object Repository/OCS-DESKTOP/Age gate and Mega menu/button_Start Browsing' is clicked on

2019-07-11 11:34:33 - [TEST_STEP][PASSED] - delay(2): Delayed 2 second(s)

2019-07-11 11:34:35 - [MESSAGE][PASSED] - Delayed 2 second(s)

2019-07-11 11:34:35 - [TEST_STEP][PASSED] - refresh(): Refresh successfully

2019-07-11 11:34:35 - [MESSAGE][PASSED] - Refresh successfully

2019-07-11 11:34:35 - [MESSAGE][PASSED] - Call Test Case 'Test Cases/OCS - DESKTOP/CALL- Age gate' successfully

2019-07-11 11:34:35 - [TEST_STEP][PASSED] - delay(2): Delayed 2 second(s)

2019-07-11 11:34:37 - [MESSAGE][PASSED] - Delayed 2 second(s)

2019-07-11 11:34:37 - [TEST_STEP][PASSED] - callTestCase(findTestCase("OCS - DESKTOP/CALL - TOGGLING LANGUAGE"), [:], STOP_ON_FAILURE): Call Test Case 'Test Cases/OCS - DESKTOP/CALL - TOGGLING LANGUAGE' successfully

2019-07-11 11:34:37 - [TEST_CASE][PASSED] - Test Cases/OCS - DESKTOP/CALL - TOGGLING LANGUAGE: Test Cases/OCS - DESKTOP/CALL - TOGGLING LANGUAGE

2019-07-11 11:34:37 - [TEST_STEP][PASSED] - delay(2): Delayed 2 second(s)

2019-07-11 11:34:39 - [MESSAGE][PASSED] - Delayed 2 second(s)

2019-07-11 11:34:39 - [TEST_STEP][PASSED] - click(findTestObject("OCS-DESKTOP/Cart flyout/English dropdown")): Object: 'Object Repository/OCS-DESKTOP/Cart flyout/English dropdown' is clicked on

2019-07-11 11:34:39 - [MESSAGE][PASSED] - Object: 'Object Repository/OCS-DESKTOP/Cart flyout/English dropdown' is clicked on

2019-07-11 11:34:39 - [TEST_STEP][PASSED] - delay(2): Delayed 2 second(s)

2019-07-11 11:34:41 - [MESSAGE][PASSED] - Delayed 2 second(s)

2019-07-11 11:34:41 - [TEST_STEP][PASSED] - click(findTestObject("OCS-DESKTOP/Cart flyout/Select French")): Object: 'Object Repository/OCS-DESKTOP/Cart flyout/Select French' is clicked on

2019-07-11 11:34:41 - [MESSAGE][PASSED] - Object: 'Object Repository/OCS-DESKTOP/Cart flyout/Select French' is clicked on

2019-07-11 11:34:41 - [TEST_STEP][PASSED] - delay(5): Delayed 5 second(s)

2019-07-11 11:34:46 - [MESSAGE][PASSED] - Delayed 5 second(s)

2019-07-11 11:34:46 - [TEST_STEP][PASSED] - e = getWindowTitle(): Current window's title is: 'Magasin de Cannabis de l'Ontario | Ontario Cannabis Store'

2019-07-11 11:34:46 - [MESSAGE][PASSED] - Current window's title is: 'Magasin de Cannabis de l'Ontario | Ontario Cannabis Store'

2019-07-11 11:34:46 - [MESSAGE][PASSED] - Call Test Case 'Test Cases/OCS - DESKTOP/CALL - TOGGLING LANGUAGE' successfully

2019-07-11 11:34:46 - [TEST_STEP][PASSED] - click(findTestObject("OCS-DESKTOP/Age gate and Mega menu/Header/CANNABIS menu - English")): Object: 'Object Repository/OCS-DESKTOP/Age gate and Mega menu/Header/CANNABIS menu - English' is clicked on

2019-07-11 11:34:46 - [MESSAGE][PASSED] - Object: 'Object Repository/OCS-DESKTOP/Age gate and Mega menu/Header/CANNABIS menu - English' is clicked on

2019-07-11 11:34:46 - [TEST_STEP][PASSED] - delay(2): Delayed 2 second(s)

2019-07-11 11:34:48 - [MESSAGE][PASSED] - Delayed 2 second(s)

2019-07-11 11:34:48 - [TEST_STEP][PASSED] - executeJavaScript("var previewBar = document.getElementById("preview-bar-iframe"); previewBar.style.display = "none";", []): Execute JavaScript 'var previewBar = document.getElementById("preview-bar-iframe"); previewBar.style.display = "none";' successfully

2019-07-11 11:34:48 - [MESSAGE][PASSED] - Execute JavaScript 'var previewBar = document.getElementById("preview-bar-iframe"); previewBar.style.display = "none";' successfully

2019-07-11 11:34:48 - [TEST_STEP][PASSED] - click(findTestObject("OCS-DESKTOP/Age gate and Mega menu/Indica Dominant_Menu item")): Object: 'Object Repository/OCS-DESKTOP/Age gate and Mega menu/Indica Dominant_Menu item' is clicked on

2019-07-11 11:34:51 - [MESSAGE][PASSED] - Object: 'Object Repository/OCS-DESKTOP/Age gate and Mega menu/Indica Dominant_Menu item' is clicked on

2019-07-11 11:34:51 - [TEST_STEP][PASSED] - executeJavaScript("var previewBar = document.getElementById("preview-bar-iframe"); previewBar.style.display = "none";", []): Execute JavaScript 'var previewBar = document.getElementById("preview-bar-iframe"); previewBar.style.display = "none";' successfully

2019-07-11 11:34:51 - [MESSAGE][PASSED] - Execute JavaScript 'var previewBar = document.getElementById("preview-bar-iframe"); previewBar.style.display = "none";' successfully

2019-07-11 11:34:51 - [TEST_STEP][PASSED] - delay(2): Delayed 2 second(s)

2019-07-11 11:34:53 - [MESSAGE][PASSED] - Delayed 2 second(s)

2019-07-11 11:34:53 - [TEST_STEP][PASSED] - click(findTestObject("FRENCH/Product image - 1st one")): Object: 'Object Repository/FRENCH/Product image - 1st one' is clicked on

2019-07-11 11:34:57 - [MESSAGE][PASSED] - Object: 'Object Repository/FRENCH/Product image - 1st one' is clicked on

2019-07-11 11:34:57 - [TEST_STEP][PASSED] - executeJavaScript("var previewBar = document.getElementById("preview-bar-iframe"); previewBar.style.display = "none";", []): Execute JavaScript 'var previewBar = document.getElementById("preview-bar-iframe"); previewBar.style.display = "none";' successfully

2019-07-11 11:34:57 - [MESSAGE][PASSED] - Execute JavaScript 'var previewBar = document.getElementById("preview-bar-iframe"); previewBar.style.display = "none";' successfully

2019-07-11 11:34:57 - [TEST_STEP][PASSED] - delay(1): Delayed 1 second(s)

2019-07-11 11:34:58 - [MESSAGE][PASSED] - Delayed 1 second(s)

2019-07-11 11:34:58 - [TEST_STEP][PASSED] - delay(3): Delayed 3 second(s)

2019-07-11 11:35:01 - [MESSAGE][PASSED] - Delayed 3 second(s)

2019-07-11 11:35:01 - [TEST_STEP][PASSED] - click(findTestObject("OCS-DESKTOP/Product page/Swatch_1g")): Object: 'Object Repository/OCS-DESKTOP/Product page/Swatch_1g' is clicked on

2019-07-11 11:35:01 - [MESSAGE][PASSED] - Object: 'Object Repository/OCS-DESKTOP/Product page/Swatch_1g' is clicked on

2019-07-11 11:35:01 - [TEST_STEP][PASSED] - delay(2): Delayed 2 second(s)

2019-07-11 11:35:03 - [MESSAGE][PASSED] - Delayed 2 second(s)

2019-07-11 11:35:03 - [TEST_STEP][PASSED] - delay(2): Delayed 2 second(s)

2019-07-11 11:35:05 - [MESSAGE][PASSED] - Delayed 2 second(s)

2019-07-11 11:35:05 - [TEST_STEP][PASSED] - click(findTestObject("OCS-DESKTOP/Product page/Quantity Increase - Button")): Object: 'Object Repository/OCS-DESKTOP/Product page/Quantity Increase - Button' is clicked on

2019-07-11 11:35:05 - [MESSAGE][PASSED] - Object: 'Object Repository/OCS-DESKTOP/Product page/Quantity Increase - Button' is clicked on

2019-07-11 11:35:05 - [TEST_STEP][PASSED] - delay(1): Delayed 1 second(s)

2019-07-11 11:35:06 - [MESSAGE][PASSED] - Delayed 1 second(s)

2019-07-11 11:35:06 - [TEST_STEP][PASSED] - click(findTestObject("FRENCH/Quantity Increase - Button")): Object: 'Object Repository/FRENCH/Quantity Increase - Button' is clicked on

2019-07-11 11:35:06 - [MESSAGE][PASSED] - Object: 'Object Repository/FRENCH/Quantity Increase - Button' is clicked on

2019-07-11 11:35:06 - [TEST_STEP][PASSED] - delay(1): Delayed 1 second(s)

2019-07-11 11:35:07 - [MESSAGE][PASSED] - Delayed 1 second(s)

2019-07-11 11:35:07 - [TEST_STEP][PASSED] - click(findTestObject("FRENCH/Quantity Increase - Button")): Object: 'Object Repository/FRENCH/Quantity Increase - Button' is clicked on

2019-07-11 11:35:07 - [MESSAGE][PASSED] - Object: 'Object Repository/FRENCH/Quantity Increase - Button' is clicked on

2019-07-11 11:35:07 - [TEST_STEP][PASSED] - delay(1): Delayed 1 second(s)

2019-07-11 11:35:08 - [MESSAGE][PASSED] - Delayed 1 second(s)

2019-07-11 11:35:08 - [TEST_STEP][PASSED] - click(findTestObject("FRENCH/Quantity Increase - Button")): Object: 'Object Repository/FRENCH/Quantity Increase - Button' is clicked on

2019-07-11 11:35:08 - [MESSAGE][PASSED] - Object: 'Object Repository/FRENCH/Quantity Increase - Button' is clicked on

2019-07-11 11:35:08 - [TEST_STEP][PASSED] - delay(2): Delayed 2 second(s)

2019-07-11 11:35:10 - [MESSAGE][PASSED] - Delayed 2 second(s)

2019-07-11 11:35:10 - [TEST_STEP][PASSED] - click(findTestObject("OCS-DESKTOP/Product page/Add to Bag-button")): Object: 'Object Repository/OCS-DESKTOP/Product page/Add to Bag-button' is clicked on

2019-07-11 11:35:10 - [MESSAGE][PASSED] - Object: 'Object Repository/OCS-DESKTOP/Product page/Add to Bag-button' is clicked on

2019-07-11 11:35:10 - [TEST_STEP][PASSED] - delay(2): Delayed 2 second(s)

2019-07-11 11:35:12 - [MESSAGE][PASSED] - Delayed 2 second(s)

2019-07-11 11:35:12 - [TEST_STEP][PASSED] - click(findTestObject("OCS-DESKTOP/Home - page/Cart icon -bag"), OPTIONAL): Object: 'Object Repository/OCS-DESKTOP/Home - page/Cart icon -bag' is clicked on

2019-07-11 11:35:12 - [MESSAGE][PASSED] - Object: 'Object Repository/OCS-DESKTOP/Home - page/Cart icon -bag' is clicked on

2019-07-11 11:35:12 - [TEST_STEP][PASSED] - delay(3): Delayed 3 second(s)

2019-07-11 11:35:15 - [MESSAGE][PASSED] - Delayed 3 second(s)

2019-07-11 11:35:15 - [TEST_STEP][PASSED] - click(findTestObject("OCS-DESKTOP/Cart flyout/Checkbox_I confirm that")): Object: 'Object Repository/OCS-DESKTOP/Cart flyout/Checkbox_I confirm that' is clicked on

2019-07-11 11:35:15 - [MESSAGE][PASSED] - Object: 'Object Repository/OCS-DESKTOP/Cart flyout/Checkbox_I confirm that' is clicked on

2019-07-11 11:35:15 - [TEST_STEP][PASSED] - delay(1): Delayed 1 second(s)

2019-07-11 11:35:16 - [MESSAGE][PASSED] - Delayed 1 second(s)

2019-07-11 11:35:16 - [TEST_STEP][PASSED] - click(findTestObject("OCS-DESKTOP/Cart flyout/Checkbox_Accept the Terms Condition")): Object: 'Object Repository/OCS-DESKTOP/Cart flyout/Checkbox_Accept the Terms Condition' is clicked on

2019-07-11 11:35:16 - [MESSAGE][PASSED] - Object: 'Object Repository/OCS-DESKTOP/Cart flyout/Checkbox_Accept the Terms Condition' is clicked on

2019-07-11 11:35:16 - [TEST_STEP][PASSED] - delay(1): Delayed 1 second(s)

2019-07-11 11:35:17 - [MESSAGE][PASSED] - Delayed 1 second(s)

2019-07-11 11:35:17 - [TEST_STEP][PASSED] - click(findTestObject("OCS-DESKTOP/Cart flyout/Checkout - Button")): Object: 'Object Repository/OCS-DESKTOP/Cart flyout/Checkout - Button' is clicked on

2019-07-11 11:35:22 - [MESSAGE][PASSED] - Object: 'Object Repository/OCS-DESKTOP/Cart flyout/Checkout - Button' is clicked on

2019-07-11 11:35:22 - [TEST_STEP][PASSED] - executeJavaScript("var previewBar = document.getElementById("preview-bar-iframe"); previewBar.style.display = "none";", []): Execute JavaScript 'var previewBar = document.getElementById("preview-bar-iframe"); previewBar.style.display = "none";' successfully

2019-07-11 11:35:22 - [MESSAGE][PASSED] - Execute JavaScript 'var previewBar = document.getElementById("preview-bar-iframe"); previewBar.style.display = "none";' successfully

2019-07-11 11:35:22 - [TEST_STEP][PASSED] - delay(2): Delayed 2 second(s)

2019-07-11 11:35:24 - [MESSAGE][PASSED] - Delayed 2 second(s)

2019-07-11 11:35:24 - [TEST_STEP][NOT_RUN] - scrollToElement(findTestObject("OCS-DESKTOP/Customer info page/Return to Cart - Link"), 1): NOT_RUN: scrollToElement(findTestObject("OCS-DESKTOP/Customer info page/Return to Cart - Link"), 1)

2019-07-11 11:35:24 - [MESSAGE][NOT_RUN] - NOT_RUN: scrollToElement(findTestObject("OCS-DESKTOP/Customer info page/Return to Cart - Link"), 1)

2019-07-11 11:35:24 - [TEST_STEP][PASSED] - delay(1): Delayed 1 second(s)

2019-07-11 11:35:25 - [MESSAGE][PASSED] - Delayed 1 second(s)

2019-07-11 11:35:25 - [TEST_STEP][PASSED] - delay(2): Delayed 2 second(s)

2019-07-11 11:35:27 - [MESSAGE][PASSED] - Delayed 2 second(s)

2019-07-11 11:35:27 - [TEST_STEP][PASSED] - click(findTestObject("OCS-DESKTOP/Customer info page/Return to Cart - Link")): Object: 'Object Repository/OCS-DESKTOP/Customer info page/Return to Cart - Link' is clicked on

2019-07-11 11:35:28 - [MESSAGE][PASSED] - Object: 'Object Repository/OCS-DESKTOP/Customer info page/Return to Cart - Link' is clicked on

2019-07-11 11:35:28 - [TEST_STEP][PASSED] - delay(1): Delayed 1 second(s)

2019-07-11 11:35:29 - [MESSAGE][PASSED] - Delayed 1 second(s)

2019-07-11 11:35:29 - [TEST_STEP][PASSED] - delay(1): Delayed 1 second(s)

2019-07-11 11:35:30 - [MESSAGE][PASSED] - Delayed 1 second(s)

2019-07-11 11:35:30 - [TEST_STEP][PASSED] - a = getText(findTestObject("OCS-DESKTOP/Cart page/Unit price - product - price in cart page")): Text of object 'Object Repository/OCS-DESKTOP/Cart page/Unit price - product - price in cart page' is: '52,50 $'

2019-07-11 11:35:30 - [MESSAGE][PASSED] - Text of object 'Object Repository/OCS-DESKTOP/Cart page/Unit price - product - price in cart page' is: '52,50 $'

2019-07-11 11:35:30 - [TEST_STEP][PASSED] - comment(a): 52,50 $

2019-07-11 11:35:30 - [MESSAGE][INFO] - 52,50 $

2019-07-11 11:35:30 - [TEST_STEP][PASSED] - a1 = a.substring(0, a.length() - 1): null

2019-07-11 11:35:30 - [TEST_STEP][PASSED] - comment("a1 = " + a1): a1 = 52,50 

2019-07-11 11:35:30 - [MESSAGE][INFO] - a1 = 52,50 

2019-07-11 11:35:30 - [TEST_STEP][PASSED] - x1 = a1.substring(0, a1.length() - 1): null

2019-07-11 11:35:30 - [TEST_STEP][PASSED] - comment("x1 = " + x1): x1 = 52,50

2019-07-11 11:35:30 - [MESSAGE][INFO] - x1 = 52,50

2019-07-11 11:35:30 - [TEST_STEP][PASSED] - x2 = x1.substring(0, x1.length() - 1): null

2019-07-11 11:35:30 - [TEST_STEP][PASSED] - comment("x2 = " + x2): x2 = 52,5

2019-07-11 11:35:30 - [MESSAGE][INFO] - x2 = 52,5

2019-07-11 11:35:30 - [TEST_STEP][PASSED] - x3 = x2.substring(0, x2.length() - 1): null

2019-07-11 11:35:30 - [TEST_STEP][PASSED] - comment("x3 = " + x3): x3 = 52,

2019-07-11 11:35:30 - [MESSAGE][INFO] - x3 = 52,

2019-07-11 11:35:30 - [TEST_STEP][PASSED] - x6 = x3.substring(0, x3.length() - 1): null

2019-07-11 11:35:30 - [TEST_STEP][PASSED] - comment("x6 = " + x6): x6 = 52

2019-07-11 11:35:30 - [MESSAGE][INFO] - x6 = 52

2019-07-11 11:35:30 - [TEST_STEP][PASSED] - click(findTestObject("OCS-DESKTOP/Cart page/Quantity Input field")): Object: 'Object Repository/OCS-DESKTOP/Cart page/Quantity Input field' is clicked on

2019-07-11 11:35:30 - [MESSAGE][PASSED] - Object: 'Object Repository/OCS-DESKTOP/Cart page/Quantity Input field' is clicked on

2019-07-11 11:35:30 - [TEST_STEP][NOT_RUN] - sendKeys(findTestObject("OCS-DESKTOP/Cart page/Quantity Input field"), Keys.chord(CLEAR)): NOT_RUN: sendKeys(findTestObject("OCS-DESKTOP/Cart page/Quantity Input field"), Keys.chord(CLEAR))

2019-07-11 11:35:30 - [MESSAGE][NOT_RUN] - NOT_RUN: sendKeys(findTestObject("OCS-DESKTOP/Cart page/Quantity Input field"), Keys.chord(CLEAR))

2019-07-11 11:35:30 - [TEST_STEP][PASSED] - setText(findTestObject("OCS-DESKTOP/Cart page/Quantity Input field"), "10"): Text '10' is set on object 'Object Repository/OCS-DESKTOP/Cart page/Quantity Input field'

2019-07-11 11:35:31 - [MESSAGE][PASSED] - Text '10' is set on object 'Object Repository/OCS-DESKTOP/Cart page/Quantity Input field'

2019-07-11 11:35:31 - [TEST_STEP][PASSED] - delay(2): Delayed 2 second(s)

2019-07-11 11:35:33 - [MESSAGE][PASSED] - Delayed 2 second(s)

2019-07-11 11:35:33 - [TEST_STEP][NOT_RUN] - sendKeys(findTestObject("OCS-DESKTOP/Cart page/Quantity Input field"), Keys.chord(CLEAR)): NOT_RUN: sendKeys(findTestObject("OCS-DESKTOP/Cart page/Quantity Input field"), Keys.chord(CLEAR))

2019-07-11 11:35:33 - [MESSAGE][NOT_RUN] - NOT_RUN: sendKeys(findTestObject("OCS-DESKTOP/Cart page/Quantity Input field"), Keys.chord(CLEAR))

2019-07-11 11:35:33 - [TEST_STEP][NOT_RUN] - click(findTestObject("OCS-DESKTOP/Cart page/enter quantity")): NOT_RUN: click(findTestObject("OCS-DESKTOP/Cart page/enter quantity"))

2019-07-11 11:35:33 - [MESSAGE][NOT_RUN] - NOT_RUN: click(findTestObject("OCS-DESKTOP/Cart page/enter quantity"))

2019-07-11 11:35:33 - [TEST_STEP][PASSED] - delay(2): Delayed 2 second(s)

2019-07-11 11:35:35 - [MESSAGE][PASSED] - Delayed 2 second(s)

2019-07-11 11:35:35 - [TEST_STEP][PASSED] - setText(findTestObject("OCS-DESKTOP/Cart page/Quantity Input field"), "7"): Text '7' is set on object 'Object Repository/OCS-DESKTOP/Cart page/Quantity Input field'

2019-07-11 11:35:35 - [MESSAGE][PASSED] - Text '7' is set on object 'Object Repository/OCS-DESKTOP/Cart page/Quantity Input field'

2019-07-11 11:35:35 - [TEST_STEP][PASSED] - delay(2): Delayed 2 second(s)

2019-07-11 11:35:37 - [MESSAGE][PASSED] - Delayed 2 second(s)

2019-07-11 11:35:37 - [TEST_STEP][NOT_RUN] - click(findTestObject("OCS-DESKTOP/Cart page/Unit price - product")): NOT_RUN: click(findTestObject("OCS-DESKTOP/Cart page/Unit price - product"))

2019-07-11 11:35:37 - [MESSAGE][NOT_RUN] - NOT_RUN: click(findTestObject("OCS-DESKTOP/Cart page/Unit price - product"))

2019-07-11 11:35:37 - [TEST_STEP][PASSED] - delay(2): Delayed 2 second(s)

2019-07-11 11:35:39 - [MESSAGE][PASSED] - Delayed 2 second(s)

2019-07-11 11:35:39 - [TEST_STEP][PASSED] - click(findTestObject("OCS-DESKTOP/Cart page/Qty Decrease icon")): Object: 'Object Repository/OCS-DESKTOP/Cart page/Qty Decrease icon' is clicked on

2019-07-11 11:35:39 - [MESSAGE][PASSED] - Object: 'Object Repository/OCS-DESKTOP/Cart page/Qty Decrease icon' is clicked on

2019-07-11 11:35:39 - [TEST_STEP][PASSED] - delay(2): Delayed 2 second(s)

2019-07-11 11:35:41 - [MESSAGE][PASSED] - Delayed 2 second(s)

2019-07-11 11:35:41 - [TEST_STEP][PASSED] - click(findTestObject("OCS-DESKTOP/Cart page/Qty Decrease icon")): Object: 'Object Repository/OCS-DESKTOP/Cart page/Qty Decrease icon' is clicked on

2019-07-11 11:35:41 - [MESSAGE][PASSED] - Object: 'Object Repository/OCS-DESKTOP/Cart page/Qty Decrease icon' is clicked on

2019-07-11 11:35:41 - [TEST_STEP][PASSED] - delay(2): Delayed 2 second(s)

2019-07-11 11:35:43 - [MESSAGE][PASSED] - Delayed 2 second(s)

2019-07-11 11:35:43 - [TEST_STEP][PASSED] - click(findTestObject("OCS-DESKTOP/Cart page/Qty Decrease icon")): Object: 'Object Repository/OCS-DESKTOP/Cart page/Qty Decrease icon' is clicked on

2019-07-11 11:35:43 - [MESSAGE][PASSED] - Object: 'Object Repository/OCS-DESKTOP/Cart page/Qty Decrease icon' is clicked on

2019-07-11 11:35:43 - [TEST_STEP][PASSED] - delay(2): Delayed 2 second(s)

2019-07-11 11:35:45 - [MESSAGE][PASSED] - Delayed 2 second(s)

2019-07-11 11:35:45 - [TEST_STEP][PASSED] - b = getText(findTestObject("OCS-DESKTOP/Cart page/Unit price - product - price in cart page")): Text of object 'Object Repository/OCS-DESKTOP/Cart page/Unit price - product - price in cart page' is: '42,00 $'

2019-07-11 11:35:45 - [MESSAGE][PASSED] - Text of object 'Object Repository/OCS-DESKTOP/Cart page/Unit price - product - price in cart page' is: '42,00 $'

2019-07-11 11:35:45 - [TEST_STEP][PASSED] - comment(b): 42,00 $

2019-07-11 11:35:45 - [MESSAGE][INFO] - 42,00 $

2019-07-11 11:35:45 - [TEST_STEP][PASSED] - a2 = b.substring(0, b.length() - 1): null

2019-07-11 11:35:45 - [TEST_STEP][PASSED] - comment("a2 = " + a2): a2 = 42,00 

2019-07-11 11:35:45 - [MESSAGE][INFO] - a2 = 42,00 

2019-07-11 11:35:45 - [TEST_STEP][PASSED] - y1 = a2.substring(0, a2.length() - 1): null

2019-07-11 11:35:45 - [TEST_STEP][PASSED] - comment("y1 = " + y1): y1 = 42,00

2019-07-11 11:35:45 - [MESSAGE][INFO] - y1 = 42,00

2019-07-11 11:35:45 - [TEST_STEP][PASSED] - y2 = y1.substring(0, y1.length() - 1): null

2019-07-11 11:35:45 - [TEST_STEP][PASSED] - comment("y2 = " + y2): y2 = 42,0

2019-07-11 11:35:45 - [MESSAGE][INFO] - y2 = 42,0

2019-07-11 11:35:45 - [TEST_STEP][PASSED] - y3 = y2.substring(0, y2.length() - 1): null

2019-07-11 11:35:45 - [TEST_STEP][PASSED] - comment("y3 = " + y3): y3 = 42,

2019-07-11 11:35:45 - [MESSAGE][INFO] - y3 = 42,

2019-07-11 11:35:45 - [TEST_STEP][PASSED] - y4 = y3.substring(0, y3.length() - 1): null

2019-07-11 11:35:45 - [TEST_STEP][PASSED] - comment("y4 = " + y4): y4 = 42

2019-07-11 11:35:45 - [MESSAGE][INFO] - y4 = 42

2019-07-11 11:35:45 - [TEST_STEP][PASSED] - verifyNotEqual("x6", "y4"): Actual object 'x6' and expected object 'y4' are not equal

2019-07-11 11:35:45 - [MESSAGE][PASSED] - Actual object 'x6' and expected object 'y4' are not equal

2019-07-11 11:35:45 - [TEST_STEP][PASSED] - comment(" price changed . Quantity selector is working"):  price changed . Quantity selector is working

2019-07-11 11:35:45 - [MESSAGE][INFO] -  price changed . Quantity selector is working

2019-07-11 11:35:45 - [TEST_STEP][PASSED] - callTestCase(findTestCase("OCS - DESKTOP/CALL - CART PAGE - SHIPPING TO PAYMENT"), [:], STOP_ON_FAILURE): Call Test Case 'Test Cases/OCS - DESKTOP/CALL - CART PAGE - SHIPPING TO PAYMENT' successfully

2019-07-11 11:35:45 - [TEST_CASE][PASSED] - Test Cases/OCS - DESKTOP/CALL - CART PAGE - SHIPPING TO PAYMENT: Test Cases/OCS - DESKTOP/CALL - CART PAGE - SHIPPING TO PAYMENT

2019-07-11 11:35:45 - [TEST_STEP][PASSED] - delay(2): Delayed 2 second(s)

2019-07-11 11:35:47 - [MESSAGE][PASSED] - Delayed 2 second(s)

2019-07-11 11:35:47 - [TEST_STEP][PASSED] - click(findTestObject("OCS-DESKTOP/Cart page/cart page-Checkbox_I confirm that")): Object: 'Object Repository/OCS-DESKTOP/Cart page/cart page-Checkbox_I confirm that' is clicked on

2019-07-11 11:35:47 - [MESSAGE][PASSED] - Object: 'Object Repository/OCS-DESKTOP/Cart page/cart page-Checkbox_I confirm that' is clicked on

2019-07-11 11:35:47 - [TEST_STEP][PASSED] - delay(2): Delayed 2 second(s)

2019-07-11 11:35:49 - [MESSAGE][PASSED] - Delayed 2 second(s)

2019-07-11 11:35:49 - [TEST_STEP][PASSED] - click(findTestObject("OCS-DESKTOP/Cart page/cart page - Checkbox_Accept the Terms Condition")): Object: 'Object Repository/OCS-DESKTOP/Cart page/cart page - Checkbox_Accept the Terms Condition' is clicked on

2019-07-11 11:35:49 - [MESSAGE][PASSED] - Object: 'Object Repository/OCS-DESKTOP/Cart page/cart page - Checkbox_Accept the Terms Condition' is clicked on

2019-07-11 11:35:49 - [TEST_STEP][PASSED] - delay(1): Delayed 1 second(s)

2019-07-11 11:35:50 - [MESSAGE][PASSED] - Delayed 1 second(s)

2019-07-11 11:35:50 - [TEST_STEP][PASSED] - click(findTestObject("FRENCH/Cart page -checkout button")): Object: 'Object Repository/FRENCH/Cart page -checkout button' is clicked on

2019-07-11 11:35:54 - [MESSAGE][PASSED] - Object: 'Object Repository/FRENCH/Cart page -checkout button' is clicked on

2019-07-11 11:35:54 - [TEST_STEP][PASSED] - executeJavaScript("var previewBar = document.getElementById("preview-bar-iframe"); previewBar.style.display = "none";", []): Execute JavaScript 'var previewBar = document.getElementById("preview-bar-iframe"); previewBar.style.display = "none";' successfully

2019-07-11 11:35:54 - [MESSAGE][PASSED] - Execute JavaScript 'var previewBar = document.getElementById("preview-bar-iframe"); previewBar.style.display = "none";' successfully

2019-07-11 11:35:54 - [TEST_STEP][PASSED] - delay(2): Delayed 2 second(s)

2019-07-11 11:35:56 - [MESSAGE][PASSED] - Delayed 2 second(s)

2019-07-11 11:35:56 - [TEST_STEP][PASSED] - setText(findTestObject("Object Repository/Page_Ontario Cannabis Store - Infor/input_Adresse e-mail_checkoute"), "suman@gmail.com"): Text 'suman@gmail.com' is set on object 'Object Repository/Page_Ontario Cannabis Store - Infor/input_Adresse e-mail_checkoute'

2019-07-11 11:35:56 - [MESSAGE][PASSED] - Text 'suman@gmail.com' is set on object 'Object Repository/Page_Ontario Cannabis Store - Infor/input_Adresse e-mail_checkoute'

2019-07-11 11:35:56 - [TEST_STEP][PASSED] - setText(findTestObject("Object Repository/Page_Ontario Cannabis Store - Infor/input_Prnom_checkoutshipping_a"), "suman"): Text 'suman' is set on object 'Object Repository/Page_Ontario Cannabis Store - Infor/input_Prnom_checkoutshipping_a'

2019-07-11 11:35:56 - [MESSAGE][PASSED] - Text 'suman' is set on object 'Object Repository/Page_Ontario Cannabis Store - Infor/input_Prnom_checkoutshipping_a'

2019-07-11 11:35:56 - [TEST_STEP][PASSED] - setText(findTestObject("Object Repository/Page_Ontario Cannabis Store - Infor/input_Nom_checkoutshipping_add"), "kompelly"): Text 'kompelly' is set on object 'Object Repository/Page_Ontario Cannabis Store - Infor/input_Nom_checkoutshipping_add'

2019-07-11 11:35:56 - [MESSAGE][PASSED] - Text 'kompelly' is set on object 'Object Repository/Page_Ontario Cannabis Store - Infor/input_Nom_checkoutshipping_add'

2019-07-11 11:35:56 - [TEST_STEP][PASSED] - setText(findTestObject("Object Repository/Page_Ontario Cannabis Store - Infor/input_Adresse_checkoutshipping"), "123 test"): Text '123 test' is set on object 'Object Repository/Page_Ontario Cannabis Store - Infor/input_Adresse_checkoutshipping'

2019-07-11 11:35:56 - [MESSAGE][PASSED] - Text '123 test' is set on object 'Object Repository/Page_Ontario Cannabis Store - Infor/input_Adresse_checkoutshipping'

2019-07-11 11:35:56 - [TEST_STEP][PASSED] - setText(findTestObject("Object Repository/Page_Ontario Cannabis Store - Infor/input_Appartement suite etc. ("), "123"): Text '123' is set on object 'Object Repository/Page_Ontario Cannabis Store - Infor/input_Appartement suite etc. ('

2019-07-11 11:35:56 - [MESSAGE][PASSED] - Text '123' is set on object 'Object Repository/Page_Ontario Cannabis Store - Infor/input_Appartement suite etc. ('

2019-07-11 11:35:56 - [TEST_STEP][PASSED] - setText(findTestObject("Object Repository/Page_Ontario Cannabis Store - Infor/input_Ville_checkoutshipping_a"), "montreal"): Text 'montreal' is set on object 'Object Repository/Page_Ontario Cannabis Store - Infor/input_Ville_checkoutshipping_a'

2019-07-11 11:35:57 - [MESSAGE][PASSED] - Text 'montreal' is set on object 'Object Repository/Page_Ontario Cannabis Store - Infor/input_Ville_checkoutshipping_a'

2019-07-11 11:35:57 - [TEST_STEP][PASSED] - setText(findTestObject("Object Repository/Page_Ontario Cannabis Store - Infor/input_Code postal_checkoutship"), "n0r1k0"): Text 'n0r1k0' is set on object 'Object Repository/Page_Ontario Cannabis Store - Infor/input_Code postal_checkoutship'

2019-07-11 11:35:57 - [MESSAGE][PASSED] - Text 'n0r1k0' is set on object 'Object Repository/Page_Ontario Cannabis Store - Infor/input_Code postal_checkoutship'

2019-07-11 11:35:57 - [TEST_STEP][PASSED] - setText(findTestObject("Object Repository/Page_Ontario Cannabis Store - Infor/input_Tlphone_checkoutshipping"), "514-449-3883"): Text '514-449-3883' is set on object 'Object Repository/Page_Ontario Cannabis Store - Infor/input_Tlphone_checkoutshipping'

2019-07-11 11:35:57 - [MESSAGE][PASSED] - Text '514-449-3883' is set on object 'Object Repository/Page_Ontario Cannabis Store - Infor/input_Tlphone_checkoutshipping'

2019-07-11 11:35:57 - [TEST_STEP][PASSED] - delay(2): Delayed 2 second(s)

2019-07-11 11:35:59 - [MESSAGE][PASSED] - Delayed 2 second(s)

2019-07-11 11:35:59 - [TEST_STEP][PASSED] - click(findTestObject("Object Repository/Page_Ontario Cannabis Store - Infor/button_Continuer vers le mode")): Object: 'Object Repository/Page_Ontario Cannabis Store - Infor/button_Continuer vers le mode' is clicked on

2019-07-11 11:36:01 - [MESSAGE][PASSED] - Object: 'Object Repository/Page_Ontario Cannabis Store - Infor/button_Continuer vers le mode' is clicked on

2019-07-11 11:36:01 - [TEST_STEP][PASSED] - delay(4): Delayed 4 second(s)

2019-07-11 11:36:05 - [MESSAGE][PASSED] - Delayed 4 second(s)

2019-07-11 11:36:05 - [TEST_STEP][PASSED] - executeJavaScript("var previewBar = document.getElementById("preview-bar-iframe"); previewBar.style.display = "none";", []): Execute JavaScript 'var previewBar = document.getElementById("preview-bar-iframe"); previewBar.style.display = "none";' successfully

2019-07-11 11:36:05 - [MESSAGE][PASSED] - Execute JavaScript 'var previewBar = document.getElementById("preview-bar-iframe"); previewBar.style.display = "none";' successfully

2019-07-11 11:36:05 - [TEST_STEP][PASSED] - delay(2): Delayed 2 second(s)

2019-07-11 11:36:07 - [MESSAGE][PASSED] - Delayed 2 second(s)

2019-07-11 11:36:07 - [TEST_STEP][PASSED] - click(findTestObject("Object Repository/Page_Ontario Cannabis Store - Livra/button_Continuer vers le moyen")): Object: 'Object Repository/Page_Ontario Cannabis Store - Livra/button_Continuer vers le moyen' is clicked on

2019-07-11 11:36:09 - [MESSAGE][PASSED] - Object: 'Object Repository/Page_Ontario Cannabis Store - Livra/button_Continuer vers le moyen' is clicked on

2019-07-11 11:36:09 - [MESSAGE][PASSED] - Call Test Case 'Test Cases/OCS - DESKTOP/CALL - CART PAGE - SHIPPING TO PAYMENT' successfully]]></system-out>
         <system-err><![CDATA[]]></system-err>
      </testcase>
      <testcase name="Test Cases/OCS - DESKTOP/OCS- CRITICAL PATH - FRENCH/Cart flyout - accessories -fr" classname="Test Cases/OCS - DESKTOP/OCS- CRITICAL PATH - FRENCH/Cart flyout - accessories -fr" status="PASSED">
         <system-out><![CDATA[2019-07-11 11:36:09 - [TEST_CASE][PASSED] - Test Cases/OCS - DESKTOP/OCS- CRITICAL PATH - FRENCH/Cart flyout - accessories -fr: Test Cases/OCS - DESKTOP/OCS- CRITICAL PATH - FRENCH/Cart flyout - accessories -fr

2019-07-11 11:36:09 - [TEST_STEP][PASSED] - callTestCase(findTestCase("OCS - DESKTOP/CALL- Age gate"), [:], STOP_ON_FAILURE): Call Test Case 'Test Cases/OCS - DESKTOP/CALL- Age gate' successfully

2019-07-11 11:36:09 - [TEST_CASE][PASSED] - Test Cases/OCS - DESKTOP/CALL- Age gate: Test Cases/OCS - DESKTOP/CALL- Age gate

2019-07-11 11:36:09 - [TEST_STEP][PASSED] - openBrowser(""): Browser is opened with url: ''

2019-07-11 11:36:09 - [MESSAGE][WARNING] - A browser is already opened. Closing browser and opening a new one

2019-07-11 11:36:09 - [MESSAGE][INFO] - Starting 'Chrome' driver

2019-07-11 11:36:10 - [MESSAGE][PASSED] - Browser is opened with url: ''

2019-07-11 11:36:10 - [TEST_STEP][PASSED] - navigateToUrl("https://ocs.ca/?fts=0&preview_theme_id=74205529932"): Navigate to 'https://ocs.ca/?fts=0&preview_theme_id=74205529932' successfully

2019-07-11 11:36:15 - [MESSAGE][PASSED] - Navigate to 'https://ocs.ca/?fts=0&preview_theme_id=74205529932' successfully

2019-07-11 11:36:15 - [TEST_STEP][PASSED] - maximizeWindow(): Current window maximized

2019-07-11 11:36:15 - [MESSAGE][PASSED] - Current window maximized

2019-07-11 11:36:15 - [TEST_STEP][PASSED] - delay(2): Delayed 2 second(s)

2019-07-11 11:36:17 - [MESSAGE][PASSED] - Delayed 2 second(s)

2019-07-11 11:36:17 - [TEST_STEP][PASSED] - executeJavaScript("var previewBar = document.getElementById("preview-bar-iframe"); previewBar.style.display = "none";", []): Execute JavaScript 'var previewBar = document.getElementById("preview-bar-iframe"); previewBar.style.display = "none";' successfully

2019-07-11 11:36:17 - [MESSAGE][PASSED] - Execute JavaScript 'var previewBar = document.getElementById("preview-bar-iframe"); previewBar.style.display = "none";' successfully

2019-07-11 11:36:17 - [TEST_STEP][PASSED] - selectOptionByValue(findTestObject("OCS-DESKTOP/Age gate and Mega menu/Date"), "12", true): All options with value '12' are selected in object 'Object Repository/OCS-DESKTOP/Age gate and Mega menu/Date'  using regular expression

2019-07-11 11:36:18 - [MESSAGE][PASSED] - All options with value '12' are selected in object 'Object Repository/OCS-DESKTOP/Age gate and Mega menu/Date'  using regular expression

2019-07-11 11:36:18 - [TEST_STEP][PASSED] - selectOptionByValue(findTestObject("OCS-DESKTOP/Age gate and Mega menu/month"), "6", true): All options with value '6' are selected in object 'Object Repository/OCS-DESKTOP/Age gate and Mega menu/month'  using regular expression

2019-07-11 11:36:18 - [MESSAGE][PASSED] - All options with value '6' are selected in object 'Object Repository/OCS-DESKTOP/Age gate and Mega menu/month'  using regular expression

2019-07-11 11:36:18 - [TEST_STEP][PASSED] - delay(2): Delayed 2 second(s)

2019-07-11 11:36:20 - [MESSAGE][PASSED] - Delayed 2 second(s)

2019-07-11 11:36:20 - [TEST_STEP][PASSED] - selectOptionByValue(findTestObject("OCS-DESKTOP/Age gate and Mega menu/Year Dropdown"), "1990", true): All options with value '1990' are selected in object 'Object Repository/OCS-DESKTOP/Age gate and Mega menu/Year Dropdown'  using regular expression

2019-07-11 11:36:21 - [MESSAGE][PASSED] - All options with value '1990' are selected in object 'Object Repository/OCS-DESKTOP/Age gate and Mega menu/Year Dropdown'  using regular expression

2019-07-11 11:36:21 - [TEST_STEP][PASSED] - click(findTestObject("OCS-DESKTOP/Age gate and Mega menu/button_Verify")): Object: 'Object Repository/OCS-DESKTOP/Age gate and Mega menu/button_Verify' is clicked on

2019-07-11 11:36:21 - [MESSAGE][PASSED] - Object: 'Object Repository/OCS-DESKTOP/Age gate and Mega menu/button_Verify' is clicked on

2019-07-11 11:36:21 - [TEST_STEP][PASSED] - click(findTestObject("OCS-DESKTOP/Age gate and Mega menu/Checkbox_CONFIRM AND ACKNOWLEDGE")): Object: 'Object Repository/OCS-DESKTOP/Age gate and Mega menu/Checkbox_CONFIRM AND ACKNOWLEDGE' is clicked on

2019-07-11 11:36:21 - [MESSAGE][PASSED] - Object: 'Object Repository/OCS-DESKTOP/Age gate and Mega menu/Checkbox_CONFIRM AND ACKNOWLEDGE' is clicked on

2019-07-11 11:36:21 - [TEST_STEP][PASSED] - click(findTestObject("OCS-DESKTOP/Age gate and Mega menu/button_CONFIRM")): Object: 'Object Repository/OCS-DESKTOP/Age gate and Mega menu/button_CONFIRM' is clicked on

2019-07-11 11:36:21 - [MESSAGE][PASSED] - Object: 'Object Repository/OCS-DESKTOP/Age gate and Mega menu/button_CONFIRM' is clicked on

2019-07-11 11:36:21 - [TEST_STEP][PASSED] - click(findTestObject("OCS-DESKTOP/Age gate and Mega menu/button_Start Browsing")): Object: 'Object Repository/OCS-DESKTOP/Age gate and Mega menu/button_Start Browsing' is clicked on

2019-07-11 11:36:21 - [MESSAGE][PASSED] - Object: 'Object Repository/OCS-DESKTOP/Age gate and Mega menu/button_Start Browsing' is clicked on

2019-07-11 11:36:21 - [TEST_STEP][PASSED] - delay(2): Delayed 2 second(s)

2019-07-11 11:36:23 - [MESSAGE][PASSED] - Delayed 2 second(s)

2019-07-11 11:36:23 - [TEST_STEP][PASSED] - refresh(): Refresh successfully

2019-07-11 11:36:23 - [MESSAGE][PASSED] - Refresh successfully

2019-07-11 11:36:23 - [MESSAGE][PASSED] - Call Test Case 'Test Cases/OCS - DESKTOP/CALL- Age gate' successfully

2019-07-11 11:36:23 - [TEST_STEP][PASSED] - delay(2): Delayed 2 second(s)

2019-07-11 11:36:25 - [MESSAGE][PASSED] - Delayed 2 second(s)

2019-07-11 11:36:25 - [TEST_STEP][PASSED] - callTestCase(findTestCase("OCS - DESKTOP/CALL - TOGGLING LANGUAGE"), [:], STOP_ON_FAILURE): Call Test Case 'Test Cases/OCS - DESKTOP/CALL - TOGGLING LANGUAGE' successfully

2019-07-11 11:36:25 - [TEST_CASE][PASSED] - Test Cases/OCS - DESKTOP/CALL - TOGGLING LANGUAGE: Test Cases/OCS - DESKTOP/CALL - TOGGLING LANGUAGE

2019-07-11 11:36:25 - [TEST_STEP][PASSED] - delay(2): Delayed 2 second(s)

2019-07-11 11:36:27 - [MESSAGE][PASSED] - Delayed 2 second(s)

2019-07-11 11:36:27 - [TEST_STEP][PASSED] - click(findTestObject("OCS-DESKTOP/Cart flyout/English dropdown")): Object: 'Object Repository/OCS-DESKTOP/Cart flyout/English dropdown' is clicked on

2019-07-11 11:36:28 - [MESSAGE][PASSED] - Object: 'Object Repository/OCS-DESKTOP/Cart flyout/English dropdown' is clicked on

2019-07-11 11:36:28 - [TEST_STEP][PASSED] - delay(2): Delayed 2 second(s)

2019-07-11 11:36:30 - [MESSAGE][PASSED] - Delayed 2 second(s)

2019-07-11 11:36:30 - [TEST_STEP][PASSED] - click(findTestObject("OCS-DESKTOP/Cart flyout/Select French")): Object: 'Object Repository/OCS-DESKTOP/Cart flyout/Select French' is clicked on

2019-07-11 11:36:30 - [MESSAGE][PASSED] - Object: 'Object Repository/OCS-DESKTOP/Cart flyout/Select French' is clicked on

2019-07-11 11:36:30 - [TEST_STEP][PASSED] - delay(5): Delayed 5 second(s)

2019-07-11 11:36:35 - [MESSAGE][PASSED] - Delayed 5 second(s)

2019-07-11 11:36:35 - [TEST_STEP][PASSED] - e = getWindowTitle(): Current window's title is: 'Magasin de Cannabis de l'Ontario | Ontario Cannabis Store'

2019-07-11 11:36:35 - [MESSAGE][PASSED] - Current window's title is: 'Magasin de Cannabis de l'Ontario | Ontario Cannabis Store'

2019-07-11 11:36:35 - [MESSAGE][PASSED] - Call Test Case 'Test Cases/OCS - DESKTOP/CALL - TOGGLING LANGUAGE' successfully

2019-07-11 11:36:35 - [TEST_STEP][PASSED] - click(findTestObject("OCS-DESKTOP/Age gate and Mega menu/Header/CANNABIS menu - English")): Object: 'Object Repository/OCS-DESKTOP/Age gate and Mega menu/Header/CANNABIS menu - English' is clicked on

2019-07-11 11:36:35 - [MESSAGE][PASSED] - Object: 'Object Repository/OCS-DESKTOP/Age gate and Mega menu/Header/CANNABIS menu - English' is clicked on

2019-07-11 11:36:35 - [TEST_STEP][PASSED] - delay(2): Delayed 2 second(s)

2019-07-11 11:36:37 - [MESSAGE][PASSED] - Delayed 2 second(s)

2019-07-11 11:36:37 - [TEST_STEP][PASSED] - executeJavaScript("var previewBar = document.getElementById("preview-bar-iframe"); previewBar.style.display = "none";", []): Execute JavaScript 'var previewBar = document.getElementById("preview-bar-iframe"); previewBar.style.display = "none";' successfully

2019-07-11 11:36:37 - [MESSAGE][PASSED] - Execute JavaScript 'var previewBar = document.getElementById("preview-bar-iframe"); previewBar.style.display = "none";' successfully

2019-07-11 11:36:37 - [TEST_STEP][PASSED] - click(findTestObject("OCS-DESKTOP/Age gate and Mega menu/Indica Dominant_Menu item")): Object: 'Object Repository/OCS-DESKTOP/Age gate and Mega menu/Indica Dominant_Menu item' is clicked on

2019-07-11 11:36:39 - [MESSAGE][PASSED] - Object: 'Object Repository/OCS-DESKTOP/Age gate and Mega menu/Indica Dominant_Menu item' is clicked on

2019-07-11 11:36:39 - [TEST_STEP][PASSED] - executeJavaScript("var previewBar = document.getElementById("preview-bar-iframe"); previewBar.style.display = "none";", []): Execute JavaScript 'var previewBar = document.getElementById("preview-bar-iframe"); previewBar.style.display = "none";' successfully

2019-07-11 11:36:39 - [MESSAGE][PASSED] - Execute JavaScript 'var previewBar = document.getElementById("preview-bar-iframe"); previewBar.style.display = "none";' successfully

2019-07-11 11:36:39 - [TEST_STEP][PASSED] - delay(2): Delayed 2 second(s)

2019-07-11 11:36:41 - [MESSAGE][PASSED] - Delayed 2 second(s)

2019-07-11 11:36:41 - [TEST_STEP][PASSED] - click(findTestObject("FRENCH/Product image - 1st one")): Object: 'Object Repository/FRENCH/Product image - 1st one' is clicked on

2019-07-11 11:36:44 - [MESSAGE][PASSED] - Object: 'Object Repository/FRENCH/Product image - 1st one' is clicked on

2019-07-11 11:36:44 - [TEST_STEP][PASSED] - executeJavaScript("var previewBar = document.getElementById("preview-bar-iframe"); previewBar.style.display = "none";", []): Execute JavaScript 'var previewBar = document.getElementById("preview-bar-iframe"); previewBar.style.display = "none";' successfully

2019-07-11 11:36:44 - [MESSAGE][PASSED] - Execute JavaScript 'var previewBar = document.getElementById("preview-bar-iframe"); previewBar.style.display = "none";' successfully

2019-07-11 11:36:44 - [TEST_STEP][PASSED] - delay(1): Delayed 1 second(s)

2019-07-11 11:36:45 - [MESSAGE][PASSED] - Delayed 1 second(s)

2019-07-11 11:36:45 - [TEST_STEP][PASSED] - delay(3): Delayed 3 second(s)

2019-07-11 11:36:48 - [MESSAGE][PASSED] - Delayed 3 second(s)

2019-07-11 11:36:48 - [TEST_STEP][PASSED] - click(findTestObject("OCS-DESKTOP/Product page/Swatch_1g")): Object: 'Object Repository/OCS-DESKTOP/Product page/Swatch_1g' is clicked on

2019-07-11 11:36:48 - [MESSAGE][PASSED] - Object: 'Object Repository/OCS-DESKTOP/Product page/Swatch_1g' is clicked on

2019-07-11 11:36:48 - [TEST_STEP][PASSED] - delay(2): Delayed 2 second(s)

2019-07-11 11:36:50 - [MESSAGE][PASSED] - Delayed 2 second(s)

2019-07-11 11:36:50 - [TEST_STEP][PASSED] - click(findTestObject("OCS-DESKTOP/Product page/Add to Bag-button")): Object: 'Object Repository/OCS-DESKTOP/Product page/Add to Bag-button' is clicked on

2019-07-11 11:36:51 - [MESSAGE][PASSED] - Object: 'Object Repository/OCS-DESKTOP/Product page/Add to Bag-button' is clicked on

2019-07-11 11:36:51 - [TEST_STEP][PASSED] - delay(1): Delayed 1 second(s)

2019-07-11 11:36:52 - [MESSAGE][PASSED] - Delayed 1 second(s)

2019-07-11 11:36:52 - [TEST_STEP][PASSED] - click(findTestObject("OCS-DESKTOP/Home - page/Cart icon -bag")): Object: 'Object Repository/OCS-DESKTOP/Home - page/Cart icon -bag' is clicked on

2019-07-11 11:36:52 - [MESSAGE][PASSED] - Object: 'Object Repository/OCS-DESKTOP/Home - page/Cart icon -bag' is clicked on

2019-07-11 11:36:52 - [TEST_STEP][PASSED] - delay(2): Delayed 2 second(s)

2019-07-11 11:36:54 - [MESSAGE][PASSED] - Delayed 2 second(s)

2019-07-11 11:36:54 - [TEST_STEP][PASSED] - click(findTestObject("OCS-DESKTOP/Cart flyout/Up Chevron - Accessories you might need")): Object: 'Object Repository/OCS-DESKTOP/Cart flyout/Up Chevron - Accessories you might need' is clicked on

2019-07-11 11:36:54 - [MESSAGE][PASSED] - Object: 'Object Repository/OCS-DESKTOP/Cart flyout/Up Chevron - Accessories you might need' is clicked on

2019-07-11 11:36:54 - [TEST_STEP][PASSED] - takeScreenshot(): Taking screenshot successfully

2019-07-11 11:36:54 - [MESSAGE][PASSED] - Taking screenshot successfully
[[ATTACHMENT|/Users/sumankompelly/Relative xpath-Desktop/Reports/1.11.4/20190711_112526/1562859414220.png]]

2019-07-11 11:36:54 - [TEST_STEP][PASSED] - delay(4): Delayed 4 second(s)

2019-07-11 11:36:58 - [MESSAGE][PASSED] - Delayed 4 second(s)

2019-07-11 11:36:58 - [TEST_STEP][PASSED] - click(findTestObject("OCS-DESKTOP/Cart flyout/Down Chevron - Accessories you might need")): Object: 'Object Repository/OCS-DESKTOP/Cart flyout/Down Chevron - Accessories you might need' is clicked on

2019-07-11 11:36:58 - [MESSAGE][PASSED] - Object: 'Object Repository/OCS-DESKTOP/Cart flyout/Down Chevron - Accessories you might need' is clicked on]]></system-out>
         <system-err><![CDATA[]]></system-err>
      </testcase>
      <testcase name="Test Cases/OCS - DESKTOP/OCS- CRITICAL PATH - FRENCH/Cart - fr" classname="Test Cases/OCS - DESKTOP/OCS- CRITICAL PATH - FRENCH/Cart - fr" status="PASSED">
         <system-out><![CDATA[2019-07-11 11:36:58 - [TEST_CASE][PASSED] - Test Cases/OCS - DESKTOP/OCS- CRITICAL PATH - FRENCH/Cart - fr: Test Cases/OCS - DESKTOP/OCS- CRITICAL PATH - FRENCH/Cart - fr

2019-07-11 11:36:59 - [TEST_STEP][PASSED] - callTestCase(findTestCase("OCS - DESKTOP/CALL- Age gate"), [:], STOP_ON_FAILURE): Call Test Case 'Test Cases/OCS - DESKTOP/CALL- Age gate' successfully

2019-07-11 11:36:59 - [TEST_CASE][PASSED] - Test Cases/OCS - DESKTOP/CALL- Age gate: Test Cases/OCS - DESKTOP/CALL- Age gate

2019-07-11 11:36:59 - [TEST_STEP][PASSED] - openBrowser(""): Browser is opened with url: ''

2019-07-11 11:36:59 - [MESSAGE][WARNING] - A browser is already opened. Closing browser and opening a new one

2019-07-11 11:36:59 - [MESSAGE][INFO] - Starting 'Chrome' driver

2019-07-11 11:37:00 - [MESSAGE][PASSED] - Browser is opened with url: ''

2019-07-11 11:37:00 - [TEST_STEP][PASSED] - navigateToUrl("https://ocs.ca/?fts=0&preview_theme_id=74205529932"): Navigate to 'https://ocs.ca/?fts=0&preview_theme_id=74205529932' successfully

2019-07-11 11:37:05 - [MESSAGE][PASSED] - Navigate to 'https://ocs.ca/?fts=0&preview_theme_id=74205529932' successfully

2019-07-11 11:37:05 - [TEST_STEP][PASSED] - maximizeWindow(): Current window maximized

2019-07-11 11:37:06 - [MESSAGE][PASSED] - Current window maximized

2019-07-11 11:37:06 - [TEST_STEP][PASSED] - delay(2): Delayed 2 second(s)

2019-07-11 11:37:08 - [MESSAGE][PASSED] - Delayed 2 second(s)

2019-07-11 11:37:08 - [TEST_STEP][PASSED] - executeJavaScript("var previewBar = document.getElementById("preview-bar-iframe"); previewBar.style.display = "none";", []): Execute JavaScript 'var previewBar = document.getElementById("preview-bar-iframe"); previewBar.style.display = "none";' successfully

2019-07-11 11:37:08 - [MESSAGE][PASSED] - Execute JavaScript 'var previewBar = document.getElementById("preview-bar-iframe"); previewBar.style.display = "none";' successfully

2019-07-11 11:37:08 - [TEST_STEP][PASSED] - selectOptionByValue(findTestObject("OCS-DESKTOP/Age gate and Mega menu/Date"), "12", true): All options with value '12' are selected in object 'Object Repository/OCS-DESKTOP/Age gate and Mega menu/Date'  using regular expression

2019-07-11 11:37:08 - [MESSAGE][PASSED] - All options with value '12' are selected in object 'Object Repository/OCS-DESKTOP/Age gate and Mega menu/Date'  using regular expression

2019-07-11 11:37:08 - [TEST_STEP][PASSED] - selectOptionByValue(findTestObject("OCS-DESKTOP/Age gate and Mega menu/month"), "6", true): All options with value '6' are selected in object 'Object Repository/OCS-DESKTOP/Age gate and Mega menu/month'  using regular expression

2019-07-11 11:37:08 - [MESSAGE][PASSED] - All options with value '6' are selected in object 'Object Repository/OCS-DESKTOP/Age gate and Mega menu/month'  using regular expression

2019-07-11 11:37:08 - [TEST_STEP][PASSED] - delay(2): Delayed 2 second(s)

2019-07-11 11:37:10 - [MESSAGE][PASSED] - Delayed 2 second(s)

2019-07-11 11:37:10 - [TEST_STEP][PASSED] - selectOptionByValue(findTestObject("OCS-DESKTOP/Age gate and Mega menu/Year Dropdown"), "1990", true): All options with value '1990' are selected in object 'Object Repository/OCS-DESKTOP/Age gate and Mega menu/Year Dropdown'  using regular expression

2019-07-11 11:37:11 - [MESSAGE][PASSED] - All options with value '1990' are selected in object 'Object Repository/OCS-DESKTOP/Age gate and Mega menu/Year Dropdown'  using regular expression

2019-07-11 11:37:11 - [TEST_STEP][PASSED] - click(findTestObject("OCS-DESKTOP/Age gate and Mega menu/button_Verify")): Object: 'Object Repository/OCS-DESKTOP/Age gate and Mega menu/button_Verify' is clicked on

2019-07-11 11:37:11 - [MESSAGE][PASSED] - Object: 'Object Repository/OCS-DESKTOP/Age gate and Mega menu/button_Verify' is clicked on

2019-07-11 11:37:11 - [TEST_STEP][PASSED] - click(findTestObject("OCS-DESKTOP/Age gate and Mega menu/Checkbox_CONFIRM AND ACKNOWLEDGE")): Object: 'Object Repository/OCS-DESKTOP/Age gate and Mega menu/Checkbox_CONFIRM AND ACKNOWLEDGE' is clicked on

2019-07-11 11:37:12 - [MESSAGE][PASSED] - Object: 'Object Repository/OCS-DESKTOP/Age gate and Mega menu/Checkbox_CONFIRM AND ACKNOWLEDGE' is clicked on

2019-07-11 11:37:12 - [TEST_STEP][PASSED] - click(findTestObject("OCS-DESKTOP/Age gate and Mega menu/button_CONFIRM")): Object: 'Object Repository/OCS-DESKTOP/Age gate and Mega menu/button_CONFIRM' is clicked on

2019-07-11 11:37:12 - [MESSAGE][PASSED] - Object: 'Object Repository/OCS-DESKTOP/Age gate and Mega menu/button_CONFIRM' is clicked on

2019-07-11 11:37:12 - [TEST_STEP][PASSED] - click(findTestObject("OCS-DESKTOP/Age gate and Mega menu/button_Start Browsing")): Object: 'Object Repository/OCS-DESKTOP/Age gate and Mega menu/button_Start Browsing' is clicked on

2019-07-11 11:37:12 - [MESSAGE][PASSED] - Object: 'Object Repository/OCS-DESKTOP/Age gate and Mega menu/button_Start Browsing' is clicked on

2019-07-11 11:37:12 - [TEST_STEP][PASSED] - delay(2): Delayed 2 second(s)

2019-07-11 11:37:14 - [MESSAGE][PASSED] - Delayed 2 second(s)

2019-07-11 11:37:14 - [TEST_STEP][PASSED] - refresh(): Refresh successfully

2019-07-11 11:37:14 - [MESSAGE][PASSED] - Refresh successfully

2019-07-11 11:37:14 - [MESSAGE][PASSED] - Call Test Case 'Test Cases/OCS - DESKTOP/CALL- Age gate' successfully

2019-07-11 11:37:14 - [TEST_STEP][PASSED] - delay(2): Delayed 2 second(s)

2019-07-11 11:37:16 - [MESSAGE][PASSED] - Delayed 2 second(s)

2019-07-11 11:37:16 - [TEST_STEP][PASSED] - callTestCase(findTestCase("OCS - DESKTOP/CALL - TOGGLING LANGUAGE"), [:], STOP_ON_FAILURE): Call Test Case 'Test Cases/OCS - DESKTOP/CALL - TOGGLING LANGUAGE' successfully

2019-07-11 11:37:16 - [TEST_CASE][PASSED] - Test Cases/OCS - DESKTOP/CALL - TOGGLING LANGUAGE: Test Cases/OCS - DESKTOP/CALL - TOGGLING LANGUAGE

2019-07-11 11:37:16 - [TEST_STEP][PASSED] - delay(2): Delayed 2 second(s)

2019-07-11 11:37:18 - [MESSAGE][PASSED] - Delayed 2 second(s)

2019-07-11 11:37:18 - [TEST_STEP][PASSED] - click(findTestObject("OCS-DESKTOP/Cart flyout/English dropdown")): Object: 'Object Repository/OCS-DESKTOP/Cart flyout/English dropdown' is clicked on

2019-07-11 11:37:18 - [MESSAGE][PASSED] - Object: 'Object Repository/OCS-DESKTOP/Cart flyout/English dropdown' is clicked on

2019-07-11 11:37:18 - [TEST_STEP][PASSED] - delay(2): Delayed 2 second(s)

2019-07-11 11:37:20 - [MESSAGE][PASSED] - Delayed 2 second(s)

2019-07-11 11:37:20 - [TEST_STEP][PASSED] - click(findTestObject("OCS-DESKTOP/Cart flyout/Select French")): Object: 'Object Repository/OCS-DESKTOP/Cart flyout/Select French' is clicked on

2019-07-11 11:37:20 - [MESSAGE][PASSED] - Object: 'Object Repository/OCS-DESKTOP/Cart flyout/Select French' is clicked on

2019-07-11 11:37:20 - [TEST_STEP][PASSED] - delay(5): Delayed 5 second(s)

2019-07-11 11:37:25 - [MESSAGE][PASSED] - Delayed 5 second(s)

2019-07-11 11:37:25 - [TEST_STEP][PASSED] - e = getWindowTitle(): Current window's title is: 'Magasin de Cannabis de l'Ontario | Ontario Cannabis Store'

2019-07-11 11:37:25 - [MESSAGE][PASSED] - Current window's title is: 'Magasin de Cannabis de l'Ontario | Ontario Cannabis Store'

2019-07-11 11:37:25 - [MESSAGE][PASSED] - Call Test Case 'Test Cases/OCS - DESKTOP/CALL - TOGGLING LANGUAGE' successfully

2019-07-11 11:37:25 - [TEST_STEP][PASSED] - click(findTestObject("OCS-DESKTOP/Age gate and Mega menu/Header/CANNABIS menu - English")): Object: 'Object Repository/OCS-DESKTOP/Age gate and Mega menu/Header/CANNABIS menu - English' is clicked on

2019-07-11 11:37:25 - [MESSAGE][PASSED] - Object: 'Object Repository/OCS-DESKTOP/Age gate and Mega menu/Header/CANNABIS menu - English' is clicked on

2019-07-11 11:37:25 - [TEST_STEP][PASSED] - delay(2): Delayed 2 second(s)

2019-07-11 11:37:27 - [MESSAGE][PASSED] - Delayed 2 second(s)

2019-07-11 11:37:27 - [TEST_STEP][PASSED] - executeJavaScript("var previewBar = document.getElementById("preview-bar-iframe"); previewBar.style.display = "none";", []): Execute JavaScript 'var previewBar = document.getElementById("preview-bar-iframe"); previewBar.style.display = "none";' successfully

2019-07-11 11:37:27 - [MESSAGE][PASSED] - Execute JavaScript 'var previewBar = document.getElementById("preview-bar-iframe"); previewBar.style.display = "none";' successfully

2019-07-11 11:37:27 - [TEST_STEP][PASSED] - click(findTestObject("OCS-DESKTOP/Age gate and Mega menu/Indica Dominant_Menu item")): Object: 'Object Repository/OCS-DESKTOP/Age gate and Mega menu/Indica Dominant_Menu item' is clicked on

2019-07-11 11:37:30 - [MESSAGE][PASSED] - Object: 'Object Repository/OCS-DESKTOP/Age gate and Mega menu/Indica Dominant_Menu item' is clicked on

2019-07-11 11:37:30 - [TEST_STEP][PASSED] - executeJavaScript("var previewBar = document.getElementById("preview-bar-iframe"); previewBar.style.display = "none";", []): Execute JavaScript 'var previewBar = document.getElementById("preview-bar-iframe"); previewBar.style.display = "none";' successfully

2019-07-11 11:37:30 - [MESSAGE][PASSED] - Execute JavaScript 'var previewBar = document.getElementById("preview-bar-iframe"); previewBar.style.display = "none";' successfully

2019-07-11 11:37:30 - [TEST_STEP][PASSED] - delay(2): Delayed 2 second(s)

2019-07-11 11:37:32 - [MESSAGE][PASSED] - Delayed 2 second(s)

2019-07-11 11:37:32 - [TEST_STEP][PASSED] - click(findTestObject("FRENCH/Product image - 1st one")): Object: 'Object Repository/FRENCH/Product image - 1st one' is clicked on

2019-07-11 11:37:36 - [MESSAGE][PASSED] - Object: 'Object Repository/FRENCH/Product image - 1st one' is clicked on

2019-07-11 11:37:36 - [TEST_STEP][PASSED] - executeJavaScript("var previewBar = document.getElementById("preview-bar-iframe"); previewBar.style.display = "none";", []): Execute JavaScript 'var previewBar = document.getElementById("preview-bar-iframe"); previewBar.style.display = "none";' successfully

2019-07-11 11:37:36 - [MESSAGE][PASSED] - Execute JavaScript 'var previewBar = document.getElementById("preview-bar-iframe"); previewBar.style.display = "none";' successfully

2019-07-11 11:37:36 - [TEST_STEP][PASSED] - delay(1): Delayed 1 second(s)

2019-07-11 11:37:37 - [MESSAGE][PASSED] - Delayed 1 second(s)

2019-07-11 11:37:37 - [TEST_STEP][PASSED] - delay(3): Delayed 3 second(s)

2019-07-11 11:37:40 - [MESSAGE][PASSED] - Delayed 3 second(s)

2019-07-11 11:37:40 - [TEST_STEP][PASSED] - click(findTestObject("OCS-DESKTOP/Product page/Swatch_1g")): Object: 'Object Repository/OCS-DESKTOP/Product page/Swatch_1g' is clicked on

2019-07-11 11:37:40 - [MESSAGE][PASSED] - Object: 'Object Repository/OCS-DESKTOP/Product page/Swatch_1g' is clicked on

2019-07-11 11:37:40 - [TEST_STEP][PASSED] - delay(2): Delayed 2 second(s)

2019-07-11 11:37:42 - [MESSAGE][PASSED] - Delayed 2 second(s)

2019-07-11 11:37:42 - [TEST_STEP][PASSED] - click(findTestObject("OCS-DESKTOP/Product page/Add to Bag-button")): Object: 'Object Repository/OCS-DESKTOP/Product page/Add to Bag-button' is clicked on

2019-07-11 11:37:42 - [MESSAGE][PASSED] - Object: 'Object Repository/OCS-DESKTOP/Product page/Add to Bag-button' is clicked on

2019-07-11 11:37:42 - [TEST_STEP][PASSED] - delay(1): Delayed 1 second(s)

2019-07-11 11:37:43 - [MESSAGE][PASSED] - Delayed 1 second(s)

2019-07-11 11:37:43 - [TEST_STEP][NOT_RUN] - click(findTestObject("OCS-DESKTOP/Cart flyout/Back icon"), CONTINUE_ON_FAILURE): NOT_RUN: click(findTestObject("OCS-DESKTOP/Cart flyout/Back icon"), CONTINUE_ON_FAILURE)

2019-07-11 11:37:43 - [MESSAGE][NOT_RUN] - NOT_RUN: click(findTestObject("OCS-DESKTOP/Cart flyout/Back icon"), CONTINUE_ON_FAILURE)

2019-07-11 11:37:43 - [TEST_STEP][PASSED] - delay(2): Delayed 2 second(s)

2019-07-11 11:37:45 - [MESSAGE][PASSED] - Delayed 2 second(s)

2019-07-11 11:37:45 - [TEST_STEP][NOT_RUN] - click(findTestObject("OCS-DESKTOP/Home - page/Cart icon -bag"), OPTIONAL): NOT_RUN: click(findTestObject("OCS-DESKTOP/Home - page/Cart icon -bag"), OPTIONAL)

2019-07-11 11:37:45 - [MESSAGE][NOT_RUN] - NOT_RUN: click(findTestObject("OCS-DESKTOP/Home - page/Cart icon -bag"), OPTIONAL)

2019-07-11 11:37:45 - [TEST_STEP][PASSED] - delay(2): Delayed 2 second(s)

2019-07-11 11:37:47 - [MESSAGE][PASSED] - Delayed 2 second(s)

2019-07-11 11:37:47 - [TEST_STEP][PASSED] - click(findTestObject("OCS-DESKTOP/Product page/Swatch_3.5g"), CONTINUE_ON_FAILURE): Object: 'Object Repository/OCS-DESKTOP/Product page/Swatch_3.5g' is clicked on

2019-07-11 11:37:47 - [MESSAGE][PASSED] - Object: 'Object Repository/OCS-DESKTOP/Product page/Swatch_3.5g' is clicked on

2019-07-11 11:37:47 - [TEST_STEP][PASSED] - delay(2): Delayed 2 second(s)

2019-07-11 11:37:49 - [MESSAGE][PASSED] - Delayed 2 second(s)

2019-07-11 11:37:49 - [TEST_STEP][PASSED] - click(findTestObject("OCS-DESKTOP/Product page/Add to Bag-button")): Object: 'Object Repository/OCS-DESKTOP/Product page/Add to Bag-button' is clicked on

2019-07-11 11:37:49 - [MESSAGE][PASSED] - Object: 'Object Repository/OCS-DESKTOP/Product page/Add to Bag-button' is clicked on

2019-07-11 11:37:49 - [TEST_STEP][PASSED] - delay(2): Delayed 2 second(s)

2019-07-11 11:37:51 - [MESSAGE][PASSED] - Delayed 2 second(s)

2019-07-11 11:37:51 - [TEST_STEP][PASSED] - click(findTestObject("OCS-DESKTOP/Home - page/Cart icon -bag"), OPTIONAL): Object: 'Object Repository/OCS-DESKTOP/Home - page/Cart icon -bag' is clicked on

2019-07-11 11:37:52 - [MESSAGE][PASSED] - Object: 'Object Repository/OCS-DESKTOP/Home - page/Cart icon -bag' is clicked on

2019-07-11 11:37:52 - [TEST_STEP][PASSED] - delay(2): Delayed 2 second(s)

2019-07-11 11:37:54 - [MESSAGE][PASSED] - Delayed 2 second(s)

2019-07-11 11:37:54 - [TEST_STEP][PASSED] - click(findTestObject("OCS-DESKTOP/Cart flyout/Checkbox_I confirm that")): Object: 'Object Repository/OCS-DESKTOP/Cart flyout/Checkbox_I confirm that' is clicked on

2019-07-11 11:37:54 - [MESSAGE][PASSED] - Object: 'Object Repository/OCS-DESKTOP/Cart flyout/Checkbox_I confirm that' is clicked on

2019-07-11 11:37:54 - [TEST_STEP][PASSED] - delay(2): Delayed 2 second(s)

2019-07-11 11:37:56 - [MESSAGE][PASSED] - Delayed 2 second(s)

2019-07-11 11:37:56 - [TEST_STEP][PASSED] - click(findTestObject("OCS-DESKTOP/Cart flyout/Checkbox_Accept the Terms Condition")): Object: 'Object Repository/OCS-DESKTOP/Cart flyout/Checkbox_Accept the Terms Condition' is clicked on

2019-07-11 11:37:56 - [MESSAGE][PASSED] - Object: 'Object Repository/OCS-DESKTOP/Cart flyout/Checkbox_Accept the Terms Condition' is clicked on

2019-07-11 11:37:56 - [TEST_STEP][PASSED] - delay(2): Delayed 2 second(s)

2019-07-11 11:37:58 - [MESSAGE][PASSED] - Delayed 2 second(s)

2019-07-11 11:37:58 - [TEST_STEP][PASSED] - click(findTestObject("OCS-DESKTOP/Cart flyout/Checkout - Button")): Object: 'Object Repository/OCS-DESKTOP/Cart flyout/Checkout - Button' is clicked on

2019-07-11 11:38:00 - [MESSAGE][PASSED] - Object: 'Object Repository/OCS-DESKTOP/Cart flyout/Checkout - Button' is clicked on

2019-07-11 11:38:00 - [TEST_STEP][PASSED] - delay(2): Delayed 2 second(s)

2019-07-11 11:38:02 - [MESSAGE][PASSED] - Delayed 2 second(s)

2019-07-11 11:38:02 - [TEST_STEP][PASSED] - click(findTestObject("OCS-DESKTOP/Customer info page/Cart - Breadcrumb link")): Object: 'Object Repository/OCS-DESKTOP/Customer info page/Cart - Breadcrumb link' is clicked on

2019-07-11 11:38:03 - [MESSAGE][PASSED] - Object: 'Object Repository/OCS-DESKTOP/Customer info page/Cart - Breadcrumb link' is clicked on

2019-07-11 11:38:03 - [TEST_STEP][PASSED] - delay(2): Delayed 2 second(s)

2019-07-11 11:38:05 - [MESSAGE][PASSED] - Delayed 2 second(s)

2019-07-11 11:38:05 - [TEST_STEP][PASSED] - a = getText(findTestObject("OCS-DESKTOP/Cart page/Unit price - 1st product")): Text of object 'Object Repository/OCS-DESKTOP/Cart page/Unit price - 1st product' is: '35,00 $'

2019-07-11 11:38:05 - [MESSAGE][PASSED] - Text of object 'Object Repository/OCS-DESKTOP/Cart page/Unit price - 1st product' is: '35,00 $'

2019-07-11 11:38:05 - [TEST_STEP][PASSED] - comment(a): 35,00 $

2019-07-11 11:38:05 - [MESSAGE][INFO] - 35,00 $

2019-07-11 11:38:05 - [TEST_STEP][PASSED] - a1 = a.substring(0, a.length() - 1): null

2019-07-11 11:38:05 - [TEST_STEP][PASSED] - comment("a1 = " + a1): a1 = 35,00 

2019-07-11 11:38:05 - [MESSAGE][INFO] - a1 = 35,00 

2019-07-11 11:38:05 - [TEST_STEP][PASSED] - x1 = a1.substring(0, a1.length() - 1): null

2019-07-11 11:38:05 - [TEST_STEP][PASSED] - comment("x1 = " + x1): x1 = 35,00

2019-07-11 11:38:05 - [MESSAGE][INFO] - x1 = 35,00

2019-07-11 11:38:05 - [TEST_STEP][PASSED] - x2 = x1.substring(0, x1.length() - 1): null

2019-07-11 11:38:05 - [TEST_STEP][PASSED] - comment("x2 = " + x2): x2 = 35,0

2019-07-11 11:38:05 - [MESSAGE][INFO] - x2 = 35,0

2019-07-11 11:38:05 - [TEST_STEP][PASSED] - x3 = x2.substring(0, x2.length() - 1): null

2019-07-11 11:38:05 - [TEST_STEP][PASSED] - comment("x3 = " + x3): x3 = 35,

2019-07-11 11:38:05 - [MESSAGE][INFO] - x3 = 35,

2019-07-11 11:38:05 - [TEST_STEP][PASSED] - x6 = x3.substring(0, x3.length() - 1): null

2019-07-11 11:38:05 - [TEST_STEP][PASSED] - comment("x6 = " + x6): x6 = 35

2019-07-11 11:38:05 - [MESSAGE][INFO] - x6 = 35

2019-07-11 11:38:05 - [TEST_STEP][PASSED] - delay(2): Delayed 2 second(s)

2019-07-11 11:38:07 - [MESSAGE][PASSED] - Delayed 2 second(s)

2019-07-11 11:38:07 - [TEST_STEP][PASSED] - b = getText(findTestObject("OCS-DESKTOP/Cart page/Unit price - 2nd product")): Text of object 'Object Repository/OCS-DESKTOP/Cart page/Unit price - 2nd product' is: '10,50 $'

2019-07-11 11:38:07 - [MESSAGE][PASSED] - Text of object 'Object Repository/OCS-DESKTOP/Cart page/Unit price - 2nd product' is: '10,50 $'

2019-07-11 11:38:07 - [TEST_STEP][PASSED] - comment(b): 10,50 $

2019-07-11 11:38:07 - [MESSAGE][INFO] - 10,50 $

2019-07-11 11:38:07 - [TEST_STEP][PASSED] - a2 = b.substring(0, b.length() - 1): null

2019-07-11 11:38:07 - [TEST_STEP][PASSED] - comment("a2 = " + a2): a2 = 10,50 

2019-07-11 11:38:07 - [MESSAGE][INFO] - a2 = 10,50 

2019-07-11 11:38:07 - [TEST_STEP][PASSED] - y1 = a2.substring(0, a2.length() - 1): null

2019-07-11 11:38:07 - [TEST_STEP][PASSED] - comment("y1 = " + y1): y1 = 10,50

2019-07-11 11:38:07 - [MESSAGE][INFO] - y1 = 10,50

2019-07-11 11:38:07 - [TEST_STEP][PASSED] - y2 = y1.substring(0, y1.length() - 1): null

2019-07-11 11:38:07 - [TEST_STEP][PASSED] - comment("y2 = " + y2): y2 = 10,5

2019-07-11 11:38:07 - [MESSAGE][INFO] - y2 = 10,5

2019-07-11 11:38:07 - [TEST_STEP][PASSED] - y3 = y2.substring(0, y2.length() - 1): null

2019-07-11 11:38:07 - [TEST_STEP][PASSED] - comment("y3 = " + y3): y3 = 10,

2019-07-11 11:38:07 - [MESSAGE][INFO] - y3 = 10,

2019-07-11 11:38:07 - [TEST_STEP][PASSED] - y4 = y3.substring(0, y3.length() - 1): null

2019-07-11 11:38:07 - [TEST_STEP][PASSED] - comment("y4 = " + y4): y4 = 10

2019-07-11 11:38:07 - [MESSAGE][INFO] - y4 = 10

2019-07-11 11:38:07 - [TEST_STEP][PASSED] - c = getText(findTestObject("OCS-DESKTOP/Cart page/Sub-total")): Text of object 'Object Repository/OCS-DESKTOP/Cart page/Sub-total' is: '45,50 $'

2019-07-11 11:38:08 - [MESSAGE][PASSED] - Text of object 'Object Repository/OCS-DESKTOP/Cart page/Sub-total' is: '45,50 $'

2019-07-11 11:38:08 - [TEST_STEP][PASSED] - comment(c): 45,50 $

2019-07-11 11:38:08 - [MESSAGE][INFO] - 45,50 $

2019-07-11 11:38:08 - [TEST_STEP][PASSED] - a3 = c.substring(0, c.length() - 1): null

2019-07-11 11:38:08 - [TEST_STEP][PASSED] - comment("a3 = " + a3): a3 = 45,50 

2019-07-11 11:38:08 - [MESSAGE][INFO] - a3 = 45,50 

2019-07-11 11:38:08 - [TEST_STEP][PASSED] - z1 = a3.substring(0, a3.length() - 1): null

2019-07-11 11:38:08 - [TEST_STEP][PASSED] - comment("z1 = " + z1): z1 = 45,50

2019-07-11 11:38:08 - [MESSAGE][INFO] - z1 = 45,50

2019-07-11 11:38:08 - [TEST_STEP][PASSED] - z2 = z1.substring(0, z1.length() - 1): null

2019-07-11 11:38:08 - [TEST_STEP][PASSED] - comment("z2 = " + z2): z2 = 45,5

2019-07-11 11:38:08 - [MESSAGE][INFO] - z2 = 45,5

2019-07-11 11:38:08 - [TEST_STEP][PASSED] - z3 = z2.substring(0, z2.length() - 1): null

2019-07-11 11:38:08 - [TEST_STEP][PASSED] - comment("z3 = " + z3): z3 = 45,

2019-07-11 11:38:08 - [MESSAGE][INFO] - z3 = 45,

2019-07-11 11:38:08 - [TEST_STEP][PASSED] - z4 = z3.substring(0, z3.length() - 1): null

2019-07-11 11:38:08 - [TEST_STEP][PASSED] - comment("z4 = " + z4): z4 = 45

2019-07-11 11:38:08 - [MESSAGE][INFO] - z4 = 45

2019-07-11 11:38:08 - [TEST_STEP][PASSED] - p2 = <not implemented yet for class: org.codehaus.groovy.ast.expr.EmptyExpression>: null

2019-07-11 11:38:08 - [TEST_STEP][PASSED] - p3 = <not implemented yet for class: org.codehaus.groovy.ast.expr.EmptyExpression>: null

2019-07-11 11:38:08 - [TEST_STEP][PASSED] - try: p2=35.0

2019-07-11 11:38:08 - [TEST_STEP][PASSED] - x4 = x6: null

2019-07-11 11:38:08 - [TEST_STEP][PASSED] - comment("x4=" + x4): x4=35

2019-07-11 11:38:08 - [MESSAGE][INFO] - x4=35

2019-07-11 11:38:08 - [TEST_STEP][PASSED] - p2 = Double.valueOf(x4): null

2019-07-11 11:38:08 - [TEST_STEP][PASSED] - comment("p2=" + p2): p2=35.0

2019-07-11 11:38:08 - [MESSAGE][INFO] - p2=35.0

2019-07-11 11:38:08 - [TEST_STEP][PASSED] - try: p3=10.0

2019-07-11 11:38:08 - [TEST_STEP][PASSED] - x5 = y4: null

2019-07-11 11:38:08 - [TEST_STEP][PASSED] - comment("x5=" + x5): x5=10

2019-07-11 11:38:08 - [MESSAGE][INFO] - x5=10

2019-07-11 11:38:08 - [TEST_STEP][PASSED] - p3 = Double.valueOf(x5): null

2019-07-11 11:38:08 - [TEST_STEP][PASSED] - comment("p3=" + p3): p3=10.0

2019-07-11 11:38:08 - [MESSAGE][INFO] - p3=10.0

2019-07-11 11:38:08 - [TEST_STEP][PASSED] - comment("p2=" + p2): p2=35.0

2019-07-11 11:38:08 - [MESSAGE][INFO] - p2=35.0

2019-07-11 11:38:08 - [TEST_STEP][PASSED] - comment("p3=" + p3): p3=10.0

2019-07-11 11:38:08 - [MESSAGE][INFO] - p3=10.0

2019-07-11 11:38:08 - [TEST_STEP][PASSED] - total = p2 + p3: null

2019-07-11 11:38:08 - [TEST_STEP][PASSED] - comment("total=" + total): total=45.0

2019-07-11 11:38:08 - [MESSAGE][INFO] - total=45.0

2019-07-11 11:38:08 - [TEST_STEP][PASSED] - verifyEqual(total, z4): Actual object '45' and expected object '45' are equal

2019-07-11 11:38:08 - [MESSAGE][PASSED] - Actual object '45' and expected object '45' are equal

2019-07-11 11:38:08 - [TEST_STEP][PASSED] - click(findTestObject("FRENCH/Remove icon - 1st Product")): Object: 'Object Repository/FRENCH/Remove icon - 1st Product' is clicked on

2019-07-11 11:38:09 - [MESSAGE][PASSED] - Object: 'Object Repository/FRENCH/Remove icon - 1st Product' is clicked on

2019-07-11 11:38:09 - [TEST_STEP][PASSED] - delay(2): Delayed 2 second(s)

2019-07-11 11:38:11 - [MESSAGE][PASSED] - Delayed 2 second(s)

2019-07-11 11:38:11 - [TEST_STEP][PASSED] - c23 = getText(findTestObject("OCS-DESKTOP/Cart page/Sub-total")): Text of object 'Object Repository/OCS-DESKTOP/Cart page/Sub-total' is: '35,00 $'

2019-07-11 11:38:11 - [MESSAGE][PASSED] - Text of object 'Object Repository/OCS-DESKTOP/Cart page/Sub-total' is: '35,00 $'

2019-07-11 11:38:11 - [TEST_STEP][PASSED] - comment(c23): 35,00 $

2019-07-11 11:38:11 - [MESSAGE][INFO] - 35,00 $

2019-07-11 11:38:11 - [TEST_STEP][PASSED] - a4 = c23.substring(0, c23.length() - 1): null

2019-07-11 11:38:11 - [TEST_STEP][PASSED] - comment("a4= " + a4): a4= 35,00 

2019-07-11 11:38:11 - [MESSAGE][INFO] - a4= 35,00 

2019-07-11 11:38:11 - [TEST_STEP][PASSED] - v1 = a4.substring(0, a4.length() - 1): null

2019-07-11 11:38:11 - [TEST_STEP][PASSED] - comment("v1= " + v1): v1= 35,00

2019-07-11 11:38:11 - [MESSAGE][INFO] - v1= 35,00

2019-07-11 11:38:11 - [TEST_STEP][PASSED] - v2 = v1.substring(0, v1.length() - 1): null

2019-07-11 11:38:11 - [TEST_STEP][PASSED] - comment("v2= " + v2): v2= 35,0

2019-07-11 11:38:11 - [MESSAGE][INFO] - v2= 35,0

2019-07-11 11:38:11 - [TEST_STEP][PASSED] - v3 = v2.substring(0, v2.length() - 1): null

2019-07-11 11:38:11 - [TEST_STEP][PASSED] - comment("v3= " + v3): v3= 35,

2019-07-11 11:38:11 - [MESSAGE][INFO] - v3= 35,

2019-07-11 11:38:11 - [TEST_STEP][PASSED] - v7 = v3.substring(0, v3.length() - 1): null

2019-07-11 11:38:11 - [TEST_STEP][PASSED] - comment("v7= " + v7): v7= 35

2019-07-11 11:38:11 - [MESSAGE][INFO] - v7= 35

2019-07-11 11:38:11 - [TEST_STEP][PASSED] - b25 = getText(findTestObject("OCS-DESKTOP/Cart page/Unit price - 1st product")): Text of object 'Object Repository/OCS-DESKTOP/Cart page/Unit price - 1st product' is: '35,00 $'

2019-07-11 11:38:11 - [MESSAGE][PASSED] - Text of object 'Object Repository/OCS-DESKTOP/Cart page/Unit price - 1st product' is: '35,00 $'

2019-07-11 11:38:11 - [TEST_STEP][PASSED] - comment(b25): 35,00 $

2019-07-11 11:38:11 - [MESSAGE][INFO] - 35,00 $

2019-07-11 11:38:11 - [TEST_STEP][PASSED] - a25 = b25.substring(0, b25.length() - 1): null

2019-07-11 11:38:11 - [TEST_STEP][PASSED] - comment("a25 = " + a25): a25 = 35,00 

2019-07-11 11:38:11 - [MESSAGE][INFO] - a25 = 35,00 

2019-07-11 11:38:11 - [TEST_STEP][PASSED] - v4 = a25.substring(0, a25.length() - 1): null

2019-07-11 11:38:11 - [TEST_STEP][PASSED] - comment("v4= " + v4): v4= 35,00

2019-07-11 11:38:11 - [MESSAGE][INFO] - v4= 35,00

2019-07-11 11:38:11 - [TEST_STEP][PASSED] - v5 = v4.substring(0, v4.length() - 1): null

2019-07-11 11:38:11 - [TEST_STEP][PASSED] - comment("v5= " + v5): v5= 35,0

2019-07-11 11:38:11 - [MESSAGE][INFO] - v5= 35,0

2019-07-11 11:38:11 - [TEST_STEP][PASSED] - v6 = v5.substring(0, v5.length() - 1): null

2019-07-11 11:38:11 - [TEST_STEP][PASSED] - comment("v6= " + v6): v6= 35,

2019-07-11 11:38:11 - [MESSAGE][INFO] - v6= 35,

2019-07-11 11:38:11 - [TEST_STEP][PASSED] - v8 = v6.substring(0, v6.length() - 1): null

2019-07-11 11:38:11 - [TEST_STEP][PASSED] - comment("v8= " + v8): v8= 35

2019-07-11 11:38:11 - [MESSAGE][INFO] - v8= 35

2019-07-11 11:38:11 - [TEST_STEP][PASSED] - verifyEqual(v7, v8): Actual object '35' and expected object '35' are equal

2019-07-11 11:38:11 - [MESSAGE][PASSED] - Actual object '35' and expected object '35' are equal

2019-07-11 11:38:11 - [TEST_STEP][PASSED] - callTestCase(findTestCase("OCS - DESKTOP/CALL - CART PAGE - SHIPPING TO PAYMENT"), [:], STOP_ON_FAILURE): Call Test Case 'Test Cases/OCS - DESKTOP/CALL - CART PAGE - SHIPPING TO PAYMENT' successfully

2019-07-11 11:38:11 - [TEST_CASE][PASSED] - Test Cases/OCS - DESKTOP/CALL - CART PAGE - SHIPPING TO PAYMENT: Test Cases/OCS - DESKTOP/CALL - CART PAGE - SHIPPING TO PAYMENT

2019-07-11 11:38:11 - [TEST_STEP][PASSED] - delay(2): Delayed 2 second(s)

2019-07-11 11:38:13 - [MESSAGE][PASSED] - Delayed 2 second(s)

2019-07-11 11:38:13 - [TEST_STEP][PASSED] - click(findTestObject("OCS-DESKTOP/Cart page/cart page-Checkbox_I confirm that")): Object: 'Object Repository/OCS-DESKTOP/Cart page/cart page-Checkbox_I confirm that' is clicked on

2019-07-11 11:38:13 - [MESSAGE][PASSED] - Object: 'Object Repository/OCS-DESKTOP/Cart page/cart page-Checkbox_I confirm that' is clicked on

2019-07-11 11:38:13 - [TEST_STEP][PASSED] - delay(2): Delayed 2 second(s)

2019-07-11 11:38:15 - [MESSAGE][PASSED] - Delayed 2 second(s)

2019-07-11 11:38:15 - [TEST_STEP][PASSED] - click(findTestObject("OCS-DESKTOP/Cart page/cart page - Checkbox_Accept the Terms Condition")): Object: 'Object Repository/OCS-DESKTOP/Cart page/cart page - Checkbox_Accept the Terms Condition' is clicked on

2019-07-11 11:38:15 - [MESSAGE][PASSED] - Object: 'Object Repository/OCS-DESKTOP/Cart page/cart page - Checkbox_Accept the Terms Condition' is clicked on

2019-07-11 11:38:15 - [TEST_STEP][PASSED] - delay(1): Delayed 1 second(s)

2019-07-11 11:38:16 - [MESSAGE][PASSED] - Delayed 1 second(s)

2019-07-11 11:38:16 - [TEST_STEP][PASSED] - click(findTestObject("FRENCH/Cart page -checkout button")): Object: 'Object Repository/FRENCH/Cart page -checkout button' is clicked on

2019-07-11 11:38:18 - [MESSAGE][PASSED] - Object: 'Object Repository/FRENCH/Cart page -checkout button' is clicked on

2019-07-11 11:38:18 - [TEST_STEP][PASSED] - executeJavaScript("var previewBar = document.getElementById("preview-bar-iframe"); previewBar.style.display = "none";", []): Execute JavaScript 'var previewBar = document.getElementById("preview-bar-iframe"); previewBar.style.display = "none";' successfully

2019-07-11 11:38:18 - [MESSAGE][PASSED] - Execute JavaScript 'var previewBar = document.getElementById("preview-bar-iframe"); previewBar.style.display = "none";' successfully

2019-07-11 11:38:18 - [TEST_STEP][PASSED] - delay(2): Delayed 2 second(s)

2019-07-11 11:38:20 - [MESSAGE][PASSED] - Delayed 2 second(s)

2019-07-11 11:38:20 - [TEST_STEP][PASSED] - setText(findTestObject("Object Repository/Page_Ontario Cannabis Store - Infor/input_Adresse e-mail_checkoute"), "suman@gmail.com"): Text 'suman@gmail.com' is set on object 'Object Repository/Page_Ontario Cannabis Store - Infor/input_Adresse e-mail_checkoute'

2019-07-11 11:38:21 - [MESSAGE][PASSED] - Text 'suman@gmail.com' is set on object 'Object Repository/Page_Ontario Cannabis Store - Infor/input_Adresse e-mail_checkoute'

2019-07-11 11:38:21 - [TEST_STEP][PASSED] - setText(findTestObject("Object Repository/Page_Ontario Cannabis Store - Infor/input_Prnom_checkoutshipping_a"), "suman"): Text 'suman' is set on object 'Object Repository/Page_Ontario Cannabis Store - Infor/input_Prnom_checkoutshipping_a'

2019-07-11 11:38:21 - [MESSAGE][PASSED] - Text 'suman' is set on object 'Object Repository/Page_Ontario Cannabis Store - Infor/input_Prnom_checkoutshipping_a'

2019-07-11 11:38:21 - [TEST_STEP][PASSED] - setText(findTestObject("Object Repository/Page_Ontario Cannabis Store - Infor/input_Nom_checkoutshipping_add"), "kompelly"): Text 'kompelly' is set on object 'Object Repository/Page_Ontario Cannabis Store - Infor/input_Nom_checkoutshipping_add'

2019-07-11 11:38:21 - [MESSAGE][PASSED] - Text 'kompelly' is set on object 'Object Repository/Page_Ontario Cannabis Store - Infor/input_Nom_checkoutshipping_add'

2019-07-11 11:38:21 - [TEST_STEP][PASSED] - setText(findTestObject("Object Repository/Page_Ontario Cannabis Store - Infor/input_Adresse_checkoutshipping"), "123 test"): Text '123 test' is set on object 'Object Repository/Page_Ontario Cannabis Store - Infor/input_Adresse_checkoutshipping'

2019-07-11 11:38:21 - [MESSAGE][PASSED] - Text '123 test' is set on object 'Object Repository/Page_Ontario Cannabis Store - Infor/input_Adresse_checkoutshipping'

2019-07-11 11:38:21 - [TEST_STEP][PASSED] - setText(findTestObject("Object Repository/Page_Ontario Cannabis Store - Infor/input_Appartement suite etc. ("), "123"): Text '123' is set on object 'Object Repository/Page_Ontario Cannabis Store - Infor/input_Appartement suite etc. ('

2019-07-11 11:38:21 - [MESSAGE][PASSED] - Text '123' is set on object 'Object Repository/Page_Ontario Cannabis Store - Infor/input_Appartement suite etc. ('

2019-07-11 11:38:21 - [TEST_STEP][PASSED] - setText(findTestObject("Object Repository/Page_Ontario Cannabis Store - Infor/input_Ville_checkoutshipping_a"), "montreal"): Text 'montreal' is set on object 'Object Repository/Page_Ontario Cannabis Store - Infor/input_Ville_checkoutshipping_a'

2019-07-11 11:38:21 - [MESSAGE][PASSED] - Text 'montreal' is set on object 'Object Repository/Page_Ontario Cannabis Store - Infor/input_Ville_checkoutshipping_a'

2019-07-11 11:38:21 - [TEST_STEP][PASSED] - setText(findTestObject("Object Repository/Page_Ontario Cannabis Store - Infor/input_Code postal_checkoutship"), "n0r1k0"): Text 'n0r1k0' is set on object 'Object Repository/Page_Ontario Cannabis Store - Infor/input_Code postal_checkoutship'

2019-07-11 11:38:22 - [MESSAGE][PASSED] - Text 'n0r1k0' is set on object 'Object Repository/Page_Ontario Cannabis Store - Infor/input_Code postal_checkoutship'

2019-07-11 11:38:22 - [TEST_STEP][PASSED] - setText(findTestObject("Object Repository/Page_Ontario Cannabis Store - Infor/input_Tlphone_checkoutshipping"), "514-449-3883"): Text '514-449-3883' is set on object 'Object Repository/Page_Ontario Cannabis Store - Infor/input_Tlphone_checkoutshipping'

2019-07-11 11:38:22 - [MESSAGE][PASSED] - Text '514-449-3883' is set on object 'Object Repository/Page_Ontario Cannabis Store - Infor/input_Tlphone_checkoutshipping'

2019-07-11 11:38:22 - [TEST_STEP][PASSED] - delay(2): Delayed 2 second(s)

2019-07-11 11:38:24 - [MESSAGE][PASSED] - Delayed 2 second(s)

2019-07-11 11:38:24 - [TEST_STEP][PASSED] - click(findTestObject("Object Repository/Page_Ontario Cannabis Store - Infor/button_Continuer vers le mode")): Object: 'Object Repository/Page_Ontario Cannabis Store - Infor/button_Continuer vers le mode' is clicked on

2019-07-11 11:38:27 - [MESSAGE][PASSED] - Object: 'Object Repository/Page_Ontario Cannabis Store - Infor/button_Continuer vers le mode' is clicked on

2019-07-11 11:38:27 - [TEST_STEP][PASSED] - delay(4): Delayed 4 second(s)

2019-07-11 11:38:31 - [MESSAGE][PASSED] - Delayed 4 second(s)

2019-07-11 11:38:31 - [TEST_STEP][PASSED] - executeJavaScript("var previewBar = document.getElementById("preview-bar-iframe"); previewBar.style.display = "none";", []): Execute JavaScript 'var previewBar = document.getElementById("preview-bar-iframe"); previewBar.style.display = "none";' successfully

2019-07-11 11:38:31 - [MESSAGE][PASSED] - Execute JavaScript 'var previewBar = document.getElementById("preview-bar-iframe"); previewBar.style.display = "none";' successfully

2019-07-11 11:38:31 - [TEST_STEP][PASSED] - delay(2): Delayed 2 second(s)

2019-07-11 11:38:33 - [MESSAGE][PASSED] - Delayed 2 second(s)

2019-07-11 11:38:33 - [TEST_STEP][PASSED] - click(findTestObject("Object Repository/Page_Ontario Cannabis Store - Livra/button_Continuer vers le moyen")): Object: 'Object Repository/Page_Ontario Cannabis Store - Livra/button_Continuer vers le moyen' is clicked on

2019-07-11 11:38:33 - [MESSAGE][PASSED] - Object: 'Object Repository/Page_Ontario Cannabis Store - Livra/button_Continuer vers le moyen' is clicked on

2019-07-11 11:38:33 - [MESSAGE][PASSED] - Call Test Case 'Test Cases/OCS - DESKTOP/CALL - CART PAGE - SHIPPING TO PAYMENT' successfully]]></system-out>
         <system-err><![CDATA[]]></system-err>
      </testcase>
      <testcase name="Test Cases/OCS - DESKTOP/OCS- CRITICAL PATH - FRENCH/Cart flyout - tooltips -fr" classname="Test Cases/OCS - DESKTOP/OCS- CRITICAL PATH - FRENCH/Cart flyout - tooltips -fr" status="PASSED">
         <system-out><![CDATA[2019-07-11 11:38:33 - [TEST_CASE][PASSED] - Test Cases/OCS - DESKTOP/OCS- CRITICAL PATH - FRENCH/Cart flyout - tooltips -fr: Test Cases/OCS - DESKTOP/OCS- CRITICAL PATH - FRENCH/Cart flyout - tooltips -fr

2019-07-11 11:38:33 - [TEST_STEP][PASSED] - callTestCase(findTestCase("OCS - DESKTOP/CALL- Age gate"), [:], STOP_ON_FAILURE): Call Test Case 'Test Cases/OCS - DESKTOP/CALL- Age gate' successfully

2019-07-11 11:38:33 - [TEST_CASE][PASSED] - Test Cases/OCS - DESKTOP/CALL- Age gate: Test Cases/OCS - DESKTOP/CALL- Age gate

2019-07-11 11:38:33 - [TEST_STEP][PASSED] - openBrowser(""): Browser is opened with url: ''

2019-07-11 11:38:33 - [MESSAGE][WARNING] - A browser is already opened. Closing browser and opening a new one

2019-07-11 11:38:34 - [MESSAGE][INFO] - Starting 'Chrome' driver

2019-07-11 11:38:35 - [MESSAGE][PASSED] - Browser is opened with url: ''

2019-07-11 11:38:35 - [TEST_STEP][PASSED] - navigateToUrl("https://ocs.ca/?fts=0&preview_theme_id=74205529932"): Navigate to 'https://ocs.ca/?fts=0&preview_theme_id=74205529932' successfully

2019-07-11 11:38:40 - [MESSAGE][PASSED] - Navigate to 'https://ocs.ca/?fts=0&preview_theme_id=74205529932' successfully

2019-07-11 11:38:40 - [TEST_STEP][PASSED] - maximizeWindow(): Current window maximized

2019-07-11 11:38:40 - [MESSAGE][PASSED] - Current window maximized

2019-07-11 11:38:40 - [TEST_STEP][PASSED] - delay(2): Delayed 2 second(s)

2019-07-11 11:38:42 - [MESSAGE][PASSED] - Delayed 2 second(s)

2019-07-11 11:38:42 - [TEST_STEP][PASSED] - executeJavaScript("var previewBar = document.getElementById("preview-bar-iframe"); previewBar.style.display = "none";", []): Execute JavaScript 'var previewBar = document.getElementById("preview-bar-iframe"); previewBar.style.display = "none";' successfully

2019-07-11 11:38:42 - [MESSAGE][PASSED] - Execute JavaScript 'var previewBar = document.getElementById("preview-bar-iframe"); previewBar.style.display = "none";' successfully

2019-07-11 11:38:42 - [TEST_STEP][PASSED] - selectOptionByValue(findTestObject("OCS-DESKTOP/Age gate and Mega menu/Date"), "12", true): All options with value '12' are selected in object 'Object Repository/OCS-DESKTOP/Age gate and Mega menu/Date'  using regular expression

2019-07-11 11:38:43 - [MESSAGE][PASSED] - All options with value '12' are selected in object 'Object Repository/OCS-DESKTOP/Age gate and Mega menu/Date'  using regular expression

2019-07-11 11:38:43 - [TEST_STEP][PASSED] - selectOptionByValue(findTestObject("OCS-DESKTOP/Age gate and Mega menu/month"), "6", true): All options with value '6' are selected in object 'Object Repository/OCS-DESKTOP/Age gate and Mega menu/month'  using regular expression

2019-07-11 11:38:43 - [MESSAGE][PASSED] - All options with value '6' are selected in object 'Object Repository/OCS-DESKTOP/Age gate and Mega menu/month'  using regular expression

2019-07-11 11:38:43 - [TEST_STEP][PASSED] - delay(2): Delayed 2 second(s)

2019-07-11 11:38:45 - [MESSAGE][PASSED] - Delayed 2 second(s)

2019-07-11 11:38:45 - [TEST_STEP][PASSED] - selectOptionByValue(findTestObject("OCS-DESKTOP/Age gate and Mega menu/Year Dropdown"), "1990", true): All options with value '1990' are selected in object 'Object Repository/OCS-DESKTOP/Age gate and Mega menu/Year Dropdown'  using regular expression

2019-07-11 11:38:46 - [MESSAGE][PASSED] - All options with value '1990' are selected in object 'Object Repository/OCS-DESKTOP/Age gate and Mega menu/Year Dropdown'  using regular expression

2019-07-11 11:38:46 - [TEST_STEP][PASSED] - click(findTestObject("OCS-DESKTOP/Age gate and Mega menu/button_Verify")): Object: 'Object Repository/OCS-DESKTOP/Age gate and Mega menu/button_Verify' is clicked on

2019-07-11 11:38:46 - [MESSAGE][PASSED] - Object: 'Object Repository/OCS-DESKTOP/Age gate and Mega menu/button_Verify' is clicked on

2019-07-11 11:38:46 - [TEST_STEP][PASSED] - click(findTestObject("OCS-DESKTOP/Age gate and Mega menu/Checkbox_CONFIRM AND ACKNOWLEDGE")): Object: 'Object Repository/OCS-DESKTOP/Age gate and Mega menu/Checkbox_CONFIRM AND ACKNOWLEDGE' is clicked on

2019-07-11 11:38:46 - [MESSAGE][PASSED] - Object: 'Object Repository/OCS-DESKTOP/Age gate and Mega menu/Checkbox_CONFIRM AND ACKNOWLEDGE' is clicked on

2019-07-11 11:38:46 - [TEST_STEP][PASSED] - click(findTestObject("OCS-DESKTOP/Age gate and Mega menu/button_CONFIRM")): Object: 'Object Repository/OCS-DESKTOP/Age gate and Mega menu/button_CONFIRM' is clicked on

2019-07-11 11:38:46 - [MESSAGE][PASSED] - Object: 'Object Repository/OCS-DESKTOP/Age gate and Mega menu/button_CONFIRM' is clicked on

2019-07-11 11:38:46 - [TEST_STEP][PASSED] - click(findTestObject("OCS-DESKTOP/Age gate and Mega menu/button_Start Browsing")): Object: 'Object Repository/OCS-DESKTOP/Age gate and Mega menu/button_Start Browsing' is clicked on

2019-07-11 11:38:46 - [MESSAGE][PASSED] - Object: 'Object Repository/OCS-DESKTOP/Age gate and Mega menu/button_Start Browsing' is clicked on

2019-07-11 11:38:46 - [TEST_STEP][PASSED] - delay(2): Delayed 2 second(s)

2019-07-11 11:38:48 - [MESSAGE][PASSED] - Delayed 2 second(s)

2019-07-11 11:38:48 - [TEST_STEP][PASSED] - refresh(): Refresh successfully

2019-07-11 11:38:48 - [MESSAGE][PASSED] - Refresh successfully

2019-07-11 11:38:48 - [MESSAGE][PASSED] - Call Test Case 'Test Cases/OCS - DESKTOP/CALL- Age gate' successfully

2019-07-11 11:38:48 - [TEST_STEP][PASSED] - delay(2): Delayed 2 second(s)

2019-07-11 11:38:50 - [MESSAGE][PASSED] - Delayed 2 second(s)

2019-07-11 11:38:50 - [TEST_STEP][PASSED] - callTestCase(findTestCase("OCS - DESKTOP/CALL - TOGGLING LANGUAGE"), [:], STOP_ON_FAILURE): Call Test Case 'Test Cases/OCS - DESKTOP/CALL - TOGGLING LANGUAGE' successfully

2019-07-11 11:38:50 - [TEST_CASE][PASSED] - Test Cases/OCS - DESKTOP/CALL - TOGGLING LANGUAGE: Test Cases/OCS - DESKTOP/CALL - TOGGLING LANGUAGE

2019-07-11 11:38:50 - [TEST_STEP][PASSED] - delay(2): Delayed 2 second(s)

2019-07-11 11:38:52 - [MESSAGE][PASSED] - Delayed 2 second(s)

2019-07-11 11:38:52 - [TEST_STEP][PASSED] - click(findTestObject("OCS-DESKTOP/Cart flyout/English dropdown")): Object: 'Object Repository/OCS-DESKTOP/Cart flyout/English dropdown' is clicked on

2019-07-11 11:38:52 - [MESSAGE][PASSED] - Object: 'Object Repository/OCS-DESKTOP/Cart flyout/English dropdown' is clicked on

2019-07-11 11:38:52 - [TEST_STEP][PASSED] - delay(2): Delayed 2 second(s)

2019-07-11 11:38:54 - [MESSAGE][PASSED] - Delayed 2 second(s)

2019-07-11 11:38:54 - [TEST_STEP][PASSED] - click(findTestObject("OCS-DESKTOP/Cart flyout/Select French")): Object: 'Object Repository/OCS-DESKTOP/Cart flyout/Select French' is clicked on

2019-07-11 11:38:54 - [MESSAGE][PASSED] - Object: 'Object Repository/OCS-DESKTOP/Cart flyout/Select French' is clicked on

2019-07-11 11:38:54 - [TEST_STEP][PASSED] - delay(5): Delayed 5 second(s)

2019-07-11 11:38:59 - [MESSAGE][PASSED] - Delayed 5 second(s)

2019-07-11 11:38:59 - [TEST_STEP][PASSED] - e = getWindowTitle(): Current window's title is: 'Magasin de Cannabis de l'Ontario | Ontario Cannabis Store'

2019-07-11 11:38:59 - [MESSAGE][PASSED] - Current window's title is: 'Magasin de Cannabis de l'Ontario | Ontario Cannabis Store'

2019-07-11 11:38:59 - [MESSAGE][PASSED] - Call Test Case 'Test Cases/OCS - DESKTOP/CALL - TOGGLING LANGUAGE' successfully

2019-07-11 11:38:59 - [TEST_STEP][PASSED] - click(findTestObject("OCS-DESKTOP/Age gate and Mega menu/Header/CANNABIS menu - English")): Object: 'Object Repository/OCS-DESKTOP/Age gate and Mega menu/Header/CANNABIS menu - English' is clicked on

2019-07-11 11:38:59 - [MESSAGE][PASSED] - Object: 'Object Repository/OCS-DESKTOP/Age gate and Mega menu/Header/CANNABIS menu - English' is clicked on

2019-07-11 11:38:59 - [TEST_STEP][PASSED] - delay(2): Delayed 2 second(s)

2019-07-11 11:39:01 - [MESSAGE][PASSED] - Delayed 2 second(s)

2019-07-11 11:39:01 - [TEST_STEP][PASSED] - executeJavaScript("var previewBar = document.getElementById("preview-bar-iframe"); previewBar.style.display = "none";", []): Execute JavaScript 'var previewBar = document.getElementById("preview-bar-iframe"); previewBar.style.display = "none";' successfully

2019-07-11 11:39:01 - [MESSAGE][PASSED] - Execute JavaScript 'var previewBar = document.getElementById("preview-bar-iframe"); previewBar.style.display = "none";' successfully

2019-07-11 11:39:01 - [TEST_STEP][PASSED] - click(findTestObject("OCS-DESKTOP/Age gate and Mega menu/Indica Dominant_Menu item")): Object: 'Object Repository/OCS-DESKTOP/Age gate and Mega menu/Indica Dominant_Menu item' is clicked on

2019-07-11 11:39:04 - [MESSAGE][PASSED] - Object: 'Object Repository/OCS-DESKTOP/Age gate and Mega menu/Indica Dominant_Menu item' is clicked on

2019-07-11 11:39:04 - [TEST_STEP][PASSED] - executeJavaScript("var previewBar = document.getElementById("preview-bar-iframe"); previewBar.style.display = "none";", []): Execute JavaScript 'var previewBar = document.getElementById("preview-bar-iframe"); previewBar.style.display = "none";' successfully

2019-07-11 11:39:04 - [MESSAGE][PASSED] - Execute JavaScript 'var previewBar = document.getElementById("preview-bar-iframe"); previewBar.style.display = "none";' successfully

2019-07-11 11:39:04 - [TEST_STEP][PASSED] - delay(2): Delayed 2 second(s)

2019-07-11 11:39:06 - [MESSAGE][PASSED] - Delayed 2 second(s)

2019-07-11 11:39:06 - [TEST_STEP][PASSED] - click(findTestObject("FRENCH/Product image - 1st one")): Object: 'Object Repository/FRENCH/Product image - 1st one' is clicked on

2019-07-11 11:39:10 - [MESSAGE][PASSED] - Object: 'Object Repository/FRENCH/Product image - 1st one' is clicked on

2019-07-11 11:39:10 - [TEST_STEP][PASSED] - executeJavaScript("var previewBar = document.getElementById("preview-bar-iframe"); previewBar.style.display = "none";", []): Execute JavaScript 'var previewBar = document.getElementById("preview-bar-iframe"); previewBar.style.display = "none";' successfully

2019-07-11 11:39:10 - [MESSAGE][PASSED] - Execute JavaScript 'var previewBar = document.getElementById("preview-bar-iframe"); previewBar.style.display = "none";' successfully

2019-07-11 11:39:10 - [TEST_STEP][PASSED] - delay(1): Delayed 1 second(s)

2019-07-11 11:39:11 - [MESSAGE][PASSED] - Delayed 1 second(s)

2019-07-11 11:39:11 - [TEST_STEP][PASSED] - delay(3): Delayed 3 second(s)

2019-07-11 11:39:14 - [MESSAGE][PASSED] - Delayed 3 second(s)

2019-07-11 11:39:14 - [TEST_STEP][PASSED] - click(findTestObject("OCS-DESKTOP/Product page/Swatch_1g")): Object: 'Object Repository/OCS-DESKTOP/Product page/Swatch_1g' is clicked on

2019-07-11 11:39:14 - [MESSAGE][PASSED] - Object: 'Object Repository/OCS-DESKTOP/Product page/Swatch_1g' is clicked on

2019-07-11 11:39:14 - [TEST_STEP][PASSED] - delay(2): Delayed 2 second(s)

2019-07-11 11:39:16 - [MESSAGE][PASSED] - Delayed 2 second(s)

2019-07-11 11:39:16 - [TEST_STEP][PASSED] - click(findTestObject("OCS-DESKTOP/Product page/Add to Bag-button")): Object: 'Object Repository/OCS-DESKTOP/Product page/Add to Bag-button' is clicked on

2019-07-11 11:39:16 - [MESSAGE][PASSED] - Object: 'Object Repository/OCS-DESKTOP/Product page/Add to Bag-button' is clicked on

2019-07-11 11:39:16 - [TEST_STEP][PASSED] - delay(1): Delayed 1 second(s)

2019-07-11 11:39:17 - [MESSAGE][PASSED] - Delayed 1 second(s)

2019-07-11 11:39:17 - [TEST_STEP][PASSED] - click(findTestObject("OCS-DESKTOP/Home - page/Cart icon -bag"), OPTIONAL): Object: 'Object Repository/OCS-DESKTOP/Home - page/Cart icon -bag' is clicked on

2019-07-11 11:39:17 - [MESSAGE][PASSED] - Object: 'Object Repository/OCS-DESKTOP/Home - page/Cart icon -bag' is clicked on

2019-07-11 11:39:17 - [TEST_STEP][PASSED] - delay(1): Delayed 1 second(s)

2019-07-11 11:39:18 - [MESSAGE][PASSED] - Delayed 1 second(s)

2019-07-11 11:39:18 - [TEST_STEP][PASSED] - mouseOver(findTestObject("OCS-DESKTOP/Cart flyout/tool tip - TOP")): Object: 'Object Repository/OCS-DESKTOP/Cart flyout/tool tip - TOP' is hovered

2019-07-11 11:39:18 - [MESSAGE][PASSED] - Object: 'Object Repository/OCS-DESKTOP/Cart flyout/tool tip - TOP' is hovered

2019-07-11 11:39:18 - [TEST_STEP][PASSED] - delay(3): Delayed 3 second(s)

2019-07-11 11:39:21 - [MESSAGE][PASSED] - Delayed 3 second(s)

2019-07-11 11:39:21 - [TEST_STEP][PASSED] - delay(2): Delayed 2 second(s)

2019-07-11 11:39:23 - [MESSAGE][PASSED] - Delayed 2 second(s)

2019-07-11 11:39:23 - [TEST_STEP][PASSED] - mouseOver(findTestObject("OCS-DESKTOP/Cart flyout/tool tip -DOWN")): Object: 'Object Repository/OCS-DESKTOP/Cart flyout/tool tip -DOWN' is hovered

2019-07-11 11:39:23 - [MESSAGE][PASSED] - Object: 'Object Repository/OCS-DESKTOP/Cart flyout/tool tip -DOWN' is hovered]]></system-out>
         <system-err><![CDATA[]]></system-err>
      </testcase>
      <testcase name="Test Cases/OCS - DESKTOP/OCS- CRITICAL PATH - FRENCH/Checkout - Customer info page - fr" classname="Test Cases/OCS - DESKTOP/OCS- CRITICAL PATH - FRENCH/Checkout - Customer info page - fr" status="PASSED">
         <system-out><![CDATA[2019-07-11 11:39:23 - [TEST_CASE][PASSED] - Test Cases/OCS - DESKTOP/OCS- CRITICAL PATH - FRENCH/Checkout - Customer info page - fr: Test Cases/OCS - DESKTOP/OCS- CRITICAL PATH - FRENCH/Checkout - Customer info page - fr

2019-07-11 11:39:23 - [TEST_STEP][PASSED] - callTestCase(findTestCase("OCS - DESKTOP/CALL- Age gate"), [:], STOP_ON_FAILURE): Call Test Case 'Test Cases/OCS - DESKTOP/CALL- Age gate' successfully

2019-07-11 11:39:23 - [TEST_CASE][PASSED] - Test Cases/OCS - DESKTOP/CALL- Age gate: Test Cases/OCS - DESKTOP/CALL- Age gate

2019-07-11 11:39:23 - [TEST_STEP][PASSED] - openBrowser(""): Browser is opened with url: ''

2019-07-11 11:39:23 - [MESSAGE][WARNING] - A browser is already opened. Closing browser and opening a new one

2019-07-11 11:39:23 - [MESSAGE][INFO] - Starting 'Chrome' driver

2019-07-11 11:39:24 - [MESSAGE][PASSED] - Browser is opened with url: ''

2019-07-11 11:39:24 - [TEST_STEP][PASSED] - navigateToUrl("https://ocs.ca/?fts=0&preview_theme_id=74205529932"): Navigate to 'https://ocs.ca/?fts=0&preview_theme_id=74205529932' successfully

2019-07-11 11:39:29 - [MESSAGE][PASSED] - Navigate to 'https://ocs.ca/?fts=0&preview_theme_id=74205529932' successfully

2019-07-11 11:39:29 - [TEST_STEP][PASSED] - maximizeWindow(): Current window maximized

2019-07-11 11:39:30 - [MESSAGE][PASSED] - Current window maximized

2019-07-11 11:39:30 - [TEST_STEP][PASSED] - delay(2): Delayed 2 second(s)

2019-07-11 11:39:32 - [MESSAGE][PASSED] - Delayed 2 second(s)

2019-07-11 11:39:32 - [TEST_STEP][PASSED] - executeJavaScript("var previewBar = document.getElementById("preview-bar-iframe"); previewBar.style.display = "none";", []): Execute JavaScript 'var previewBar = document.getElementById("preview-bar-iframe"); previewBar.style.display = "none";' successfully

2019-07-11 11:39:32 - [MESSAGE][PASSED] - Execute JavaScript 'var previewBar = document.getElementById("preview-bar-iframe"); previewBar.style.display = "none";' successfully

2019-07-11 11:39:32 - [TEST_STEP][PASSED] - selectOptionByValue(findTestObject("OCS-DESKTOP/Age gate and Mega menu/Date"), "12", true): All options with value '12' are selected in object 'Object Repository/OCS-DESKTOP/Age gate and Mega menu/Date'  using regular expression

2019-07-11 11:39:32 - [MESSAGE][PASSED] - All options with value '12' are selected in object 'Object Repository/OCS-DESKTOP/Age gate and Mega menu/Date'  using regular expression

2019-07-11 11:39:32 - [TEST_STEP][PASSED] - selectOptionByValue(findTestObject("OCS-DESKTOP/Age gate and Mega menu/month"), "6", true): All options with value '6' are selected in object 'Object Repository/OCS-DESKTOP/Age gate and Mega menu/month'  using regular expression

2019-07-11 11:39:32 - [MESSAGE][PASSED] - All options with value '6' are selected in object 'Object Repository/OCS-DESKTOP/Age gate and Mega menu/month'  using regular expression

2019-07-11 11:39:32 - [TEST_STEP][PASSED] - delay(2): Delayed 2 second(s)

2019-07-11 11:39:34 - [MESSAGE][PASSED] - Delayed 2 second(s)

2019-07-11 11:39:34 - [TEST_STEP][PASSED] - selectOptionByValue(findTestObject("OCS-DESKTOP/Age gate and Mega menu/Year Dropdown"), "1990", true): All options with value '1990' are selected in object 'Object Repository/OCS-DESKTOP/Age gate and Mega menu/Year Dropdown'  using regular expression

2019-07-11 11:39:35 - [MESSAGE][PASSED] - All options with value '1990' are selected in object 'Object Repository/OCS-DESKTOP/Age gate and Mega menu/Year Dropdown'  using regular expression

2019-07-11 11:39:35 - [TEST_STEP][PASSED] - click(findTestObject("OCS-DESKTOP/Age gate and Mega menu/button_Verify")): Object: 'Object Repository/OCS-DESKTOP/Age gate and Mega menu/button_Verify' is clicked on

2019-07-11 11:39:35 - [MESSAGE][PASSED] - Object: 'Object Repository/OCS-DESKTOP/Age gate and Mega menu/button_Verify' is clicked on

2019-07-11 11:39:35 - [TEST_STEP][PASSED] - click(findTestObject("OCS-DESKTOP/Age gate and Mega menu/Checkbox_CONFIRM AND ACKNOWLEDGE")): Object: 'Object Repository/OCS-DESKTOP/Age gate and Mega menu/Checkbox_CONFIRM AND ACKNOWLEDGE' is clicked on

2019-07-11 11:39:35 - [MESSAGE][PASSED] - Object: 'Object Repository/OCS-DESKTOP/Age gate and Mega menu/Checkbox_CONFIRM AND ACKNOWLEDGE' is clicked on

2019-07-11 11:39:35 - [TEST_STEP][PASSED] - click(findTestObject("OCS-DESKTOP/Age gate and Mega menu/button_CONFIRM")): Object: 'Object Repository/OCS-DESKTOP/Age gate and Mega menu/button_CONFIRM' is clicked on

2019-07-11 11:39:35 - [MESSAGE][PASSED] - Object: 'Object Repository/OCS-DESKTOP/Age gate and Mega menu/button_CONFIRM' is clicked on

2019-07-11 11:39:35 - [TEST_STEP][PASSED] - click(findTestObject("OCS-DESKTOP/Age gate and Mega menu/button_Start Browsing")): Object: 'Object Repository/OCS-DESKTOP/Age gate and Mega menu/button_Start Browsing' is clicked on

2019-07-11 11:39:36 - [MESSAGE][PASSED] - Object: 'Object Repository/OCS-DESKTOP/Age gate and Mega menu/button_Start Browsing' is clicked on

2019-07-11 11:39:36 - [TEST_STEP][PASSED] - delay(2): Delayed 2 second(s)

2019-07-11 11:39:38 - [MESSAGE][PASSED] - Delayed 2 second(s)

2019-07-11 11:39:38 - [TEST_STEP][PASSED] - refresh(): Refresh successfully

2019-07-11 11:39:38 - [MESSAGE][PASSED] - Refresh successfully

2019-07-11 11:39:38 - [MESSAGE][PASSED] - Call Test Case 'Test Cases/OCS - DESKTOP/CALL- Age gate' successfully

2019-07-11 11:39:38 - [TEST_STEP][PASSED] - delay(2): Delayed 2 second(s)

2019-07-11 11:39:40 - [MESSAGE][PASSED] - Delayed 2 second(s)

2019-07-11 11:39:40 - [TEST_STEP][PASSED] - callTestCase(findTestCase("OCS - DESKTOP/CALL - TOGGLING LANGUAGE"), [:], STOP_ON_FAILURE): Call Test Case 'Test Cases/OCS - DESKTOP/CALL - TOGGLING LANGUAGE' successfully

2019-07-11 11:39:40 - [TEST_CASE][PASSED] - Test Cases/OCS - DESKTOP/CALL - TOGGLING LANGUAGE: Test Cases/OCS - DESKTOP/CALL - TOGGLING LANGUAGE

2019-07-11 11:39:40 - [TEST_STEP][PASSED] - delay(2): Delayed 2 second(s)

2019-07-11 11:39:42 - [MESSAGE][PASSED] - Delayed 2 second(s)

2019-07-11 11:39:42 - [TEST_STEP][PASSED] - click(findTestObject("OCS-DESKTOP/Cart flyout/English dropdown")): Object: 'Object Repository/OCS-DESKTOP/Cart flyout/English dropdown' is clicked on

2019-07-11 11:39:42 - [MESSAGE][PASSED] - Object: 'Object Repository/OCS-DESKTOP/Cart flyout/English dropdown' is clicked on

2019-07-11 11:39:42 - [TEST_STEP][PASSED] - delay(2): Delayed 2 second(s)

2019-07-11 11:39:44 - [MESSAGE][PASSED] - Delayed 2 second(s)

2019-07-11 11:39:44 - [TEST_STEP][PASSED] - click(findTestObject("OCS-DESKTOP/Cart flyout/Select French")): Object: 'Object Repository/OCS-DESKTOP/Cart flyout/Select French' is clicked on

2019-07-11 11:39:44 - [MESSAGE][PASSED] - Object: 'Object Repository/OCS-DESKTOP/Cart flyout/Select French' is clicked on

2019-07-11 11:39:44 - [TEST_STEP][PASSED] - delay(5): Delayed 5 second(s)

2019-07-11 11:39:49 - [MESSAGE][PASSED] - Delayed 5 second(s)

2019-07-11 11:39:49 - [TEST_STEP][PASSED] - e = getWindowTitle(): Current window's title is: 'Magasin de Cannabis de l'Ontario | Ontario Cannabis Store'

2019-07-11 11:39:49 - [MESSAGE][PASSED] - Current window's title is: 'Magasin de Cannabis de l'Ontario | Ontario Cannabis Store'

2019-07-11 11:39:49 - [MESSAGE][PASSED] - Call Test Case 'Test Cases/OCS - DESKTOP/CALL - TOGGLING LANGUAGE' successfully

2019-07-11 11:39:49 - [TEST_STEP][PASSED] - click(findTestObject("OCS-DESKTOP/Age gate and Mega menu/Header/CANNABIS menu - English")): Object: 'Object Repository/OCS-DESKTOP/Age gate and Mega menu/Header/CANNABIS menu - English' is clicked on

2019-07-11 11:39:49 - [MESSAGE][PASSED] - Object: 'Object Repository/OCS-DESKTOP/Age gate and Mega menu/Header/CANNABIS menu - English' is clicked on

2019-07-11 11:39:49 - [TEST_STEP][PASSED] - delay(2): Delayed 2 second(s)

2019-07-11 11:39:51 - [MESSAGE][PASSED] - Delayed 2 second(s)

2019-07-11 11:39:51 - [TEST_STEP][PASSED] - executeJavaScript("var previewBar = document.getElementById("preview-bar-iframe"); previewBar.style.display = "none";", []): Execute JavaScript 'var previewBar = document.getElementById("preview-bar-iframe"); previewBar.style.display = "none";' successfully

2019-07-11 11:39:51 - [MESSAGE][PASSED] - Execute JavaScript 'var previewBar = document.getElementById("preview-bar-iframe"); previewBar.style.display = "none";' successfully

2019-07-11 11:39:51 - [TEST_STEP][PASSED] - click(findTestObject("OCS-DESKTOP/Age gate and Mega menu/Indica Dominant_Menu item")): Object: 'Object Repository/OCS-DESKTOP/Age gate and Mega menu/Indica Dominant_Menu item' is clicked on

2019-07-11 11:39:53 - [MESSAGE][PASSED] - Object: 'Object Repository/OCS-DESKTOP/Age gate and Mega menu/Indica Dominant_Menu item' is clicked on

2019-07-11 11:39:53 - [TEST_STEP][PASSED] - executeJavaScript("var previewBar = document.getElementById("preview-bar-iframe"); previewBar.style.display = "none";", []): Execute JavaScript 'var previewBar = document.getElementById("preview-bar-iframe"); previewBar.style.display = "none";' successfully

2019-07-11 11:39:53 - [MESSAGE][PASSED] - Execute JavaScript 'var previewBar = document.getElementById("preview-bar-iframe"); previewBar.style.display = "none";' successfully

2019-07-11 11:39:53 - [TEST_STEP][PASSED] - delay(2): Delayed 2 second(s)

2019-07-11 11:39:55 - [MESSAGE][PASSED] - Delayed 2 second(s)

2019-07-11 11:39:55 - [TEST_STEP][PASSED] - click(findTestObject("FRENCH/Product image - 1st one")): Object: 'Object Repository/FRENCH/Product image - 1st one' is clicked on

2019-07-11 11:39:59 - [MESSAGE][PASSED] - Object: 'Object Repository/FRENCH/Product image - 1st one' is clicked on

2019-07-11 11:39:59 - [TEST_STEP][PASSED] - executeJavaScript("var previewBar = document.getElementById("preview-bar-iframe"); previewBar.style.display = "none";", []): Execute JavaScript 'var previewBar = document.getElementById("preview-bar-iframe"); previewBar.style.display = "none";' successfully

2019-07-11 11:39:59 - [MESSAGE][PASSED] - Execute JavaScript 'var previewBar = document.getElementById("preview-bar-iframe"); previewBar.style.display = "none";' successfully

2019-07-11 11:39:59 - [TEST_STEP][PASSED] - delay(1): Delayed 1 second(s)

2019-07-11 11:40:00 - [MESSAGE][PASSED] - Delayed 1 second(s)

2019-07-11 11:40:00 - [TEST_STEP][PASSED] - delay(3): Delayed 3 second(s)

2019-07-11 11:40:03 - [MESSAGE][PASSED] - Delayed 3 second(s)

2019-07-11 11:40:03 - [TEST_STEP][PASSED] - click(findTestObject("OCS-DESKTOP/Product page/Swatch_1g")): Object: 'Object Repository/OCS-DESKTOP/Product page/Swatch_1g' is clicked on

2019-07-11 11:40:03 - [MESSAGE][PASSED] - Object: 'Object Repository/OCS-DESKTOP/Product page/Swatch_1g' is clicked on

2019-07-11 11:40:03 - [TEST_STEP][PASSED] - delay(2): Delayed 2 second(s)

2019-07-11 11:40:05 - [MESSAGE][PASSED] - Delayed 2 second(s)

2019-07-11 11:40:05 - [TEST_STEP][PASSED] - delay(2): Delayed 2 second(s)

2019-07-11 11:40:07 - [MESSAGE][PASSED] - Delayed 2 second(s)

2019-07-11 11:40:07 - [TEST_STEP][PASSED] - click(findTestObject("OCS-DESKTOP/Product page/Add to Bag-button")): Object: 'Object Repository/OCS-DESKTOP/Product page/Add to Bag-button' is clicked on

2019-07-11 11:40:07 - [MESSAGE][PASSED] - Object: 'Object Repository/OCS-DESKTOP/Product page/Add to Bag-button' is clicked on

2019-07-11 11:40:07 - [TEST_STEP][PASSED] - delay(1): Delayed 1 second(s)

2019-07-11 11:40:08 - [MESSAGE][PASSED] - Delayed 1 second(s)

2019-07-11 11:40:08 - [TEST_STEP][PASSED] - click(findTestObject("OCS-DESKTOP/Home - page/Cart icon -bag")): Object: 'Object Repository/OCS-DESKTOP/Home - page/Cart icon -bag' is clicked on

2019-07-11 11:40:08 - [MESSAGE][PASSED] - Object: 'Object Repository/OCS-DESKTOP/Home - page/Cart icon -bag' is clicked on

2019-07-11 11:40:08 - [TEST_STEP][PASSED] - delay(3): Delayed 3 second(s)

2019-07-11 11:40:11 - [MESSAGE][PASSED] - Delayed 3 second(s)

2019-07-11 11:40:11 - [TEST_STEP][PASSED] - click(findTestObject("OCS-DESKTOP/Cart flyout/Checkbox_I confirm that")): Object: 'Object Repository/OCS-DESKTOP/Cart flyout/Checkbox_I confirm that' is clicked on

2019-07-11 11:40:11 - [MESSAGE][PASSED] - Object: 'Object Repository/OCS-DESKTOP/Cart flyout/Checkbox_I confirm that' is clicked on

2019-07-11 11:40:11 - [TEST_STEP][PASSED] - delay(2): Delayed 2 second(s)

2019-07-11 11:40:13 - [MESSAGE][PASSED] - Delayed 2 second(s)

2019-07-11 11:40:13 - [TEST_STEP][PASSED] - click(findTestObject("OCS-DESKTOP/Cart flyout/Checkbox_Accept the Terms Condition")): Object: 'Object Repository/OCS-DESKTOP/Cart flyout/Checkbox_Accept the Terms Condition' is clicked on

2019-07-11 11:40:13 - [MESSAGE][PASSED] - Object: 'Object Repository/OCS-DESKTOP/Cart flyout/Checkbox_Accept the Terms Condition' is clicked on

2019-07-11 11:40:13 - [TEST_STEP][PASSED] - delay(1): Delayed 1 second(s)

2019-07-11 11:40:14 - [MESSAGE][PASSED] - Delayed 1 second(s)

2019-07-11 11:40:14 - [TEST_STEP][PASSED] - click(findTestObject("OCS-DESKTOP/Cart flyout/Checkout - Button")): Object: 'Object Repository/OCS-DESKTOP/Cart flyout/Checkout - Button' is clicked on

2019-07-11 11:40:16 - [MESSAGE][PASSED] - Object: 'Object Repository/OCS-DESKTOP/Cart flyout/Checkout - Button' is clicked on

2019-07-11 11:40:16 - [TEST_STEP][PASSED] - delay(2): Delayed 2 second(s)

2019-07-11 11:40:18 - [MESSAGE][PASSED] - Delayed 2 second(s)

2019-07-11 11:40:18 - [TEST_STEP][PASSED] - executeJavaScript("var previewBar = document.getElementById("preview-bar-iframe"); previewBar.style.display = "none";", []): Execute JavaScript 'var previewBar = document.getElementById("preview-bar-iframe"); previewBar.style.display = "none";' successfully

2019-07-11 11:40:18 - [MESSAGE][PASSED] - Execute JavaScript 'var previewBar = document.getElementById("preview-bar-iframe"); previewBar.style.display = "none";' successfully

2019-07-11 11:40:18 - [TEST_STEP][PASSED] - delay(2): Delayed 2 second(s)

2019-07-11 11:40:20 - [MESSAGE][PASSED] - Delayed 2 second(s)

2019-07-11 11:40:20 - [TEST_STEP][PASSED] - setText(findTestObject("Object Repository/Page_Ontario Cannabis Store - Infor/input_Adresse e-mail_checkoute"), "suman@gmail.com"): Text 'suman@gmail.com' is set on object 'Object Repository/Page_Ontario Cannabis Store - Infor/input_Adresse e-mail_checkoute'

2019-07-11 11:40:20 - [MESSAGE][PASSED] - Text 'suman@gmail.com' is set on object 'Object Repository/Page_Ontario Cannabis Store - Infor/input_Adresse e-mail_checkoute'

2019-07-11 11:40:20 - [TEST_STEP][PASSED] - setText(findTestObject("Object Repository/Page_Ontario Cannabis Store - Infor/input_Prnom_checkoutshipping_a"), "suman"): Text 'suman' is set on object 'Object Repository/Page_Ontario Cannabis Store - Infor/input_Prnom_checkoutshipping_a'

2019-07-11 11:40:21 - [MESSAGE][PASSED] - Text 'suman' is set on object 'Object Repository/Page_Ontario Cannabis Store - Infor/input_Prnom_checkoutshipping_a'

2019-07-11 11:40:21 - [TEST_STEP][PASSED] - setText(findTestObject("Object Repository/Page_Ontario Cannabis Store - Infor/input_Nom_checkoutshipping_add"), "kompelly"): Text 'kompelly' is set on object 'Object Repository/Page_Ontario Cannabis Store - Infor/input_Nom_checkoutshipping_add'

2019-07-11 11:40:21 - [MESSAGE][PASSED] - Text 'kompelly' is set on object 'Object Repository/Page_Ontario Cannabis Store - Infor/input_Nom_checkoutshipping_add'

2019-07-11 11:40:21 - [TEST_STEP][PASSED] - setText(findTestObject("Object Repository/Page_Ontario Cannabis Store - Infor/input_Adresse_checkoutshipping"), "123 test"): Text '123 test' is set on object 'Object Repository/Page_Ontario Cannabis Store - Infor/input_Adresse_checkoutshipping'

2019-07-11 11:40:21 - [MESSAGE][PASSED] - Text '123 test' is set on object 'Object Repository/Page_Ontario Cannabis Store - Infor/input_Adresse_checkoutshipping'

2019-07-11 11:40:21 - [TEST_STEP][PASSED] - setText(findTestObject("Object Repository/Page_Ontario Cannabis Store - Infor/input_Appartement suite etc. ("), "123"): Text '123' is set on object 'Object Repository/Page_Ontario Cannabis Store - Infor/input_Appartement suite etc. ('

2019-07-11 11:40:21 - [MESSAGE][PASSED] - Text '123' is set on object 'Object Repository/Page_Ontario Cannabis Store - Infor/input_Appartement suite etc. ('

2019-07-11 11:40:21 - [TEST_STEP][PASSED] - setText(findTestObject("Object Repository/Page_Ontario Cannabis Store - Infor/input_Ville_checkoutshipping_a"), "montreal"): Text 'montreal' is set on object 'Object Repository/Page_Ontario Cannabis Store - Infor/input_Ville_checkoutshipping_a'

2019-07-11 11:40:21 - [MESSAGE][PASSED] - Text 'montreal' is set on object 'Object Repository/Page_Ontario Cannabis Store - Infor/input_Ville_checkoutshipping_a'

2019-07-11 11:40:21 - [TEST_STEP][PASSED] - setText(findTestObject("Object Repository/Page_Ontario Cannabis Store - Infor/input_Code postal_checkoutship"), "n0r1k0"): Text 'n0r1k0' is set on object 'Object Repository/Page_Ontario Cannabis Store - Infor/input_Code postal_checkoutship'

2019-07-11 11:40:21 - [MESSAGE][PASSED] - Text 'n0r1k0' is set on object 'Object Repository/Page_Ontario Cannabis Store - Infor/input_Code postal_checkoutship'

2019-07-11 11:40:21 - [TEST_STEP][PASSED] - setText(findTestObject("Object Repository/Page_Ontario Cannabis Store - Infor/input_Tlphone_checkoutshipping"), "514-449-3883"): Text '514-449-3883' is set on object 'Object Repository/Page_Ontario Cannabis Store - Infor/input_Tlphone_checkoutshipping'

2019-07-11 11:40:22 - [MESSAGE][PASSED] - Text '514-449-3883' is set on object 'Object Repository/Page_Ontario Cannabis Store - Infor/input_Tlphone_checkoutshipping'

2019-07-11 11:40:22 - [TEST_STEP][PASSED] - delay(2): Delayed 2 second(s)

2019-07-11 11:40:24 - [MESSAGE][PASSED] - Delayed 2 second(s)

2019-07-11 11:40:24 - [TEST_STEP][PASSED] - click(findTestObject("OCS-DESKTOP/Customer info page/Return to Cart - Link")): Object: 'Object Repository/OCS-DESKTOP/Customer info page/Return to Cart - Link' is clicked on

2019-07-11 11:40:25 - [MESSAGE][PASSED] - Object: 'Object Repository/OCS-DESKTOP/Customer info page/Return to Cart - Link' is clicked on

2019-07-11 11:40:25 - [TEST_STEP][PASSED] - delay(2): Delayed 2 second(s)

2019-07-11 11:40:27 - [MESSAGE][PASSED] - Delayed 2 second(s)

2019-07-11 11:40:27 - [TEST_STEP][PASSED] - click(findTestObject("OCS-DESKTOP/Cart page/cart page-Checkbox_I confirm that")): Object: 'Object Repository/OCS-DESKTOP/Cart page/cart page-Checkbox_I confirm that' is clicked on

2019-07-11 11:40:27 - [MESSAGE][PASSED] - Object: 'Object Repository/OCS-DESKTOP/Cart page/cart page-Checkbox_I confirm that' is clicked on

2019-07-11 11:40:27 - [TEST_STEP][PASSED] - delay(2): Delayed 2 second(s)

2019-07-11 11:40:29 - [MESSAGE][PASSED] - Delayed 2 second(s)

2019-07-11 11:40:29 - [TEST_STEP][PASSED] - click(findTestObject("OCS-DESKTOP/Cart page/cart page - Checkbox_Accept the Terms Condition")): Object: 'Object Repository/OCS-DESKTOP/Cart page/cart page - Checkbox_Accept the Terms Condition' is clicked on

2019-07-11 11:40:29 - [MESSAGE][PASSED] - Object: 'Object Repository/OCS-DESKTOP/Cart page/cart page - Checkbox_Accept the Terms Condition' is clicked on

2019-07-11 11:40:29 - [TEST_STEP][PASSED] - delay(1): Delayed 1 second(s)

2019-07-11 11:40:30 - [MESSAGE][PASSED] - Delayed 1 second(s)

2019-07-11 11:40:30 - [TEST_STEP][PASSED] - click(findTestObject("FRENCH/Cart page -checkout button")): Object: 'Object Repository/FRENCH/Cart page -checkout button' is clicked on

2019-07-11 11:40:32 - [MESSAGE][PASSED] - Object: 'Object Repository/FRENCH/Cart page -checkout button' is clicked on

2019-07-11 11:40:32 - [TEST_STEP][PASSED] - delay(1): Delayed 1 second(s)

2019-07-11 11:40:33 - [MESSAGE][PASSED] - Delayed 1 second(s)

2019-07-11 11:40:33 - [TEST_STEP][PASSED] - click(findTestObject("OCS-DESKTOP/Customer info page/Cart - Breadcrumb link")): Object: 'Object Repository/OCS-DESKTOP/Customer info page/Cart - Breadcrumb link' is clicked on

2019-07-11 11:40:34 - [MESSAGE][PASSED] - Object: 'Object Repository/OCS-DESKTOP/Customer info page/Cart - Breadcrumb link' is clicked on

2019-07-11 11:40:34 - [TEST_STEP][PASSED] - delay(2): Delayed 2 second(s)

2019-07-11 11:40:36 - [MESSAGE][PASSED] - Delayed 2 second(s)

2019-07-11 11:40:36 - [TEST_STEP][PASSED] - click(findTestObject("OCS-DESKTOP/Cart page/cart page-Checkbox_I confirm that")): Object: 'Object Repository/OCS-DESKTOP/Cart page/cart page-Checkbox_I confirm that' is clicked on

2019-07-11 11:40:36 - [MESSAGE][PASSED] - Object: 'Object Repository/OCS-DESKTOP/Cart page/cart page-Checkbox_I confirm that' is clicked on

2019-07-11 11:40:36 - [TEST_STEP][PASSED] - delay(2): Delayed 2 second(s)

2019-07-11 11:40:38 - [MESSAGE][PASSED] - Delayed 2 second(s)

2019-07-11 11:40:38 - [TEST_STEP][PASSED] - click(findTestObject("OCS-DESKTOP/Cart page/cart page - Checkbox_Accept the Terms Condition")): Object: 'Object Repository/OCS-DESKTOP/Cart page/cart page - Checkbox_Accept the Terms Condition' is clicked on

2019-07-11 11:40:38 - [MESSAGE][PASSED] - Object: 'Object Repository/OCS-DESKTOP/Cart page/cart page - Checkbox_Accept the Terms Condition' is clicked on

2019-07-11 11:40:38 - [TEST_STEP][PASSED] - delay(1): Delayed 1 second(s)

2019-07-11 11:40:39 - [MESSAGE][PASSED] - Delayed 1 second(s)

2019-07-11 11:40:39 - [TEST_STEP][PASSED] - click(findTestObject("FRENCH/Cart page -checkout button")): Object: 'Object Repository/FRENCH/Cart page -checkout button' is clicked on

2019-07-11 11:40:42 - [MESSAGE][PASSED] - Object: 'Object Repository/FRENCH/Cart page -checkout button' is clicked on

2019-07-11 11:40:42 - [TEST_STEP][PASSED] - executeJavaScript("var previewBar = document.getElementById("preview-bar-iframe"); previewBar.style.display = "none";", []): Execute JavaScript 'var previewBar = document.getElementById("preview-bar-iframe"); previewBar.style.display = "none";' successfully

2019-07-11 11:40:42 - [MESSAGE][PASSED] - Execute JavaScript 'var previewBar = document.getElementById("preview-bar-iframe"); previewBar.style.display = "none";' successfully

2019-07-11 11:40:42 - [TEST_STEP][PASSED] - delay(2): Delayed 2 second(s)

2019-07-11 11:40:44 - [MESSAGE][PASSED] - Delayed 2 second(s)

2019-07-11 11:40:44 - [TEST_STEP][PASSED] - setText(findTestObject("Object Repository/Page_Ontario Cannabis Store - Infor/input_Adresse e-mail_checkoute"), "suman@gmail.com"): Text 'suman@gmail.com' is set on object 'Object Repository/Page_Ontario Cannabis Store - Infor/input_Adresse e-mail_checkoute'

2019-07-11 11:40:44 - [MESSAGE][PASSED] - Text 'suman@gmail.com' is set on object 'Object Repository/Page_Ontario Cannabis Store - Infor/input_Adresse e-mail_checkoute'

2019-07-11 11:40:44 - [TEST_STEP][PASSED] - setText(findTestObject("Object Repository/Page_Ontario Cannabis Store - Infor/input_Prnom_checkoutshipping_a"), "suman"): Text 'suman' is set on object 'Object Repository/Page_Ontario Cannabis Store - Infor/input_Prnom_checkoutshipping_a'

2019-07-11 11:40:44 - [MESSAGE][PASSED] - Text 'suman' is set on object 'Object Repository/Page_Ontario Cannabis Store - Infor/input_Prnom_checkoutshipping_a'

2019-07-11 11:40:44 - [TEST_STEP][PASSED] - setText(findTestObject("Object Repository/Page_Ontario Cannabis Store - Infor/input_Nom_checkoutshipping_add"), "kompelly"): Text 'kompelly' is set on object 'Object Repository/Page_Ontario Cannabis Store - Infor/input_Nom_checkoutshipping_add'

2019-07-11 11:40:44 - [MESSAGE][PASSED] - Text 'kompelly' is set on object 'Object Repository/Page_Ontario Cannabis Store - Infor/input_Nom_checkoutshipping_add'

2019-07-11 11:40:44 - [TEST_STEP][PASSED] - setText(findTestObject("Object Repository/Page_Ontario Cannabis Store - Infor/input_Adresse_checkoutshipping"), "123 test"): Text '123 test' is set on object 'Object Repository/Page_Ontario Cannabis Store - Infor/input_Adresse_checkoutshipping'

2019-07-11 11:40:44 - [MESSAGE][PASSED] - Text '123 test' is set on object 'Object Repository/Page_Ontario Cannabis Store - Infor/input_Adresse_checkoutshipping'

2019-07-11 11:40:44 - [TEST_STEP][PASSED] - setText(findTestObject("Object Repository/Page_Ontario Cannabis Store - Infor/input_Appartement suite etc. ("), "123"): Text '123' is set on object 'Object Repository/Page_Ontario Cannabis Store - Infor/input_Appartement suite etc. ('

2019-07-11 11:40:45 - [MESSAGE][PASSED] - Text '123' is set on object 'Object Repository/Page_Ontario Cannabis Store - Infor/input_Appartement suite etc. ('

2019-07-11 11:40:45 - [TEST_STEP][PASSED] - setText(findTestObject("Object Repository/Page_Ontario Cannabis Store - Infor/input_Ville_checkoutshipping_a"), "montreal"): Text 'montreal' is set on object 'Object Repository/Page_Ontario Cannabis Store - Infor/input_Ville_checkoutshipping_a'

2019-07-11 11:40:45 - [MESSAGE][PASSED] - Text 'montreal' is set on object 'Object Repository/Page_Ontario Cannabis Store - Infor/input_Ville_checkoutshipping_a'

2019-07-11 11:40:45 - [TEST_STEP][PASSED] - setText(findTestObject("Object Repository/Page_Ontario Cannabis Store - Infor/input_Code postal_checkoutship"), "n0r1k0"): Text 'n0r1k0' is set on object 'Object Repository/Page_Ontario Cannabis Store - Infor/input_Code postal_checkoutship'

2019-07-11 11:40:45 - [MESSAGE][PASSED] - Text 'n0r1k0' is set on object 'Object Repository/Page_Ontario Cannabis Store - Infor/input_Code postal_checkoutship'

2019-07-11 11:40:45 - [TEST_STEP][PASSED] - setText(findTestObject("Object Repository/Page_Ontario Cannabis Store - Infor/input_Tlphone_checkoutshipping"), "514-449-3883"): Text '514-449-3883' is set on object 'Object Repository/Page_Ontario Cannabis Store - Infor/input_Tlphone_checkoutshipping'

2019-07-11 11:40:45 - [MESSAGE][PASSED] - Text '514-449-3883' is set on object 'Object Repository/Page_Ontario Cannabis Store - Infor/input_Tlphone_checkoutshipping'

2019-07-11 11:40:45 - [TEST_STEP][PASSED] - delay(1): Delayed 1 second(s)

2019-07-11 11:40:46 - [MESSAGE][PASSED] - Delayed 1 second(s)

2019-07-11 11:40:46 - [TEST_STEP][PASSED] - delay(2): Delayed 2 second(s)

2019-07-11 11:40:48 - [MESSAGE][PASSED] - Delayed 2 second(s)

2019-07-11 11:40:48 - [TEST_STEP][PASSED] - click(findTestObject("Object Repository/Page_Ontario Cannabis Store - Infor/button_Continuer vers le mode")): Object: 'Object Repository/Page_Ontario Cannabis Store - Infor/button_Continuer vers le mode' is clicked on

2019-07-11 11:40:49 - [MESSAGE][PASSED] - Object: 'Object Repository/Page_Ontario Cannabis Store - Infor/button_Continuer vers le mode' is clicked on

2019-07-11 11:40:49 - [TEST_STEP][PASSED] - delay(4): Delayed 4 second(s)

2019-07-11 11:40:53 - [MESSAGE][PASSED] - Delayed 4 second(s)

2019-07-11 11:40:53 - [TEST_STEP][PASSED] - executeJavaScript("var previewBar = document.getElementById("preview-bar-iframe"); previewBar.style.display = "none";", []): Execute JavaScript 'var previewBar = document.getElementById("preview-bar-iframe"); previewBar.style.display = "none";' successfully

2019-07-11 11:40:53 - [MESSAGE][PASSED] - Execute JavaScript 'var previewBar = document.getElementById("preview-bar-iframe"); previewBar.style.display = "none";' successfully

2019-07-11 11:40:53 - [TEST_STEP][PASSED] - delay(2): Delayed 2 second(s)

2019-07-11 11:40:55 - [MESSAGE][PASSED] - Delayed 2 second(s)

2019-07-11 11:40:55 - [TEST_STEP][PASSED] - click(findTestObject("Object Repository/Page_Ontario Cannabis Store - Livra/button_Continuer vers le moyen")): Object: 'Object Repository/Page_Ontario Cannabis Store - Livra/button_Continuer vers le moyen' is clicked on

2019-07-11 11:40:57 - [MESSAGE][PASSED] - Object: 'Object Repository/Page_Ontario Cannabis Store - Livra/button_Continuer vers le moyen' is clicked on]]></system-out>
         <system-err><![CDATA[]]></system-err>
      </testcase>
      <testcase name="Test Cases/OCS - DESKTOP/OCS- CRITICAL PATH - FRENCH/Checkout-Payment - fr" classname="Test Cases/OCS - DESKTOP/OCS- CRITICAL PATH - FRENCH/Checkout-Payment - fr" status="PASSED">
         <system-out><![CDATA[2019-07-11 11:40:57 - [TEST_CASE][PASSED] - Test Cases/OCS - DESKTOP/OCS- CRITICAL PATH - FRENCH/Checkout-Payment - fr: Test Cases/OCS - DESKTOP/OCS- CRITICAL PATH - FRENCH/Checkout-Payment - fr

2019-07-11 11:40:57 - [TEST_STEP][PASSED] - callTestCase(findTestCase("OCS - DESKTOP/CALL- Age gate"), [:], STOP_ON_FAILURE): Call Test Case 'Test Cases/OCS - DESKTOP/CALL- Age gate' successfully

2019-07-11 11:40:57 - [TEST_CASE][PASSED] - Test Cases/OCS - DESKTOP/CALL- Age gate: Test Cases/OCS - DESKTOP/CALL- Age gate

2019-07-11 11:40:57 - [TEST_STEP][PASSED] - openBrowser(""): Browser is opened with url: ''

2019-07-11 11:40:57 - [MESSAGE][WARNING] - A browser is already opened. Closing browser and opening a new one

2019-07-11 11:40:57 - [MESSAGE][INFO] - Starting 'Chrome' driver

2019-07-11 11:40:59 - [MESSAGE][PASSED] - Browser is opened with url: ''

2019-07-11 11:40:59 - [TEST_STEP][PASSED] - navigateToUrl("https://ocs.ca/?fts=0&preview_theme_id=74205529932"): Navigate to 'https://ocs.ca/?fts=0&preview_theme_id=74205529932' successfully

2019-07-11 11:41:03 - [MESSAGE][PASSED] - Navigate to 'https://ocs.ca/?fts=0&preview_theme_id=74205529932' successfully

2019-07-11 11:41:03 - [TEST_STEP][PASSED] - maximizeWindow(): Current window maximized

2019-07-11 11:41:03 - [MESSAGE][PASSED] - Current window maximized

2019-07-11 11:41:03 - [TEST_STEP][PASSED] - delay(2): Delayed 2 second(s)

2019-07-11 11:41:05 - [MESSAGE][PASSED] - Delayed 2 second(s)

2019-07-11 11:41:05 - [TEST_STEP][PASSED] - executeJavaScript("var previewBar = document.getElementById("preview-bar-iframe"); previewBar.style.display = "none";", []): Execute JavaScript 'var previewBar = document.getElementById("preview-bar-iframe"); previewBar.style.display = "none";' successfully

2019-07-11 11:41:05 - [MESSAGE][PASSED] - Execute JavaScript 'var previewBar = document.getElementById("preview-bar-iframe"); previewBar.style.display = "none";' successfully

2019-07-11 11:41:05 - [TEST_STEP][PASSED] - selectOptionByValue(findTestObject("OCS-DESKTOP/Age gate and Mega menu/Date"), "12", true): All options with value '12' are selected in object 'Object Repository/OCS-DESKTOP/Age gate and Mega menu/Date'  using regular expression

2019-07-11 11:41:06 - [MESSAGE][PASSED] - All options with value '12' are selected in object 'Object Repository/OCS-DESKTOP/Age gate and Mega menu/Date'  using regular expression

2019-07-11 11:41:06 - [TEST_STEP][PASSED] - selectOptionByValue(findTestObject("OCS-DESKTOP/Age gate and Mega menu/month"), "6", true): All options with value '6' are selected in object 'Object Repository/OCS-DESKTOP/Age gate and Mega menu/month'  using regular expression

2019-07-11 11:41:06 - [MESSAGE][PASSED] - All options with value '6' are selected in object 'Object Repository/OCS-DESKTOP/Age gate and Mega menu/month'  using regular expression

2019-07-11 11:41:06 - [TEST_STEP][PASSED] - delay(2): Delayed 2 second(s)

2019-07-11 11:41:08 - [MESSAGE][PASSED] - Delayed 2 second(s)

2019-07-11 11:41:08 - [TEST_STEP][PASSED] - selectOptionByValue(findTestObject("OCS-DESKTOP/Age gate and Mega menu/Year Dropdown"), "1990", true): All options with value '1990' are selected in object 'Object Repository/OCS-DESKTOP/Age gate and Mega menu/Year Dropdown'  using regular expression

2019-07-11 11:41:09 - [MESSAGE][PASSED] - All options with value '1990' are selected in object 'Object Repository/OCS-DESKTOP/Age gate and Mega menu/Year Dropdown'  using regular expression

2019-07-11 11:41:09 - [TEST_STEP][PASSED] - click(findTestObject("OCS-DESKTOP/Age gate and Mega menu/button_Verify")): Object: 'Object Repository/OCS-DESKTOP/Age gate and Mega menu/button_Verify' is clicked on

2019-07-11 11:41:09 - [MESSAGE][PASSED] - Object: 'Object Repository/OCS-DESKTOP/Age gate and Mega menu/button_Verify' is clicked on

2019-07-11 11:41:09 - [TEST_STEP][PASSED] - click(findTestObject("OCS-DESKTOP/Age gate and Mega menu/Checkbox_CONFIRM AND ACKNOWLEDGE")): Object: 'Object Repository/OCS-DESKTOP/Age gate and Mega menu/Checkbox_CONFIRM AND ACKNOWLEDGE' is clicked on

2019-07-11 11:41:09 - [MESSAGE][PASSED] - Object: 'Object Repository/OCS-DESKTOP/Age gate and Mega menu/Checkbox_CONFIRM AND ACKNOWLEDGE' is clicked on

2019-07-11 11:41:09 - [TEST_STEP][PASSED] - click(findTestObject("OCS-DESKTOP/Age gate and Mega menu/button_CONFIRM")): Object: 'Object Repository/OCS-DESKTOP/Age gate and Mega menu/button_CONFIRM' is clicked on

2019-07-11 11:41:09 - [MESSAGE][PASSED] - Object: 'Object Repository/OCS-DESKTOP/Age gate and Mega menu/button_CONFIRM' is clicked on

2019-07-11 11:41:09 - [TEST_STEP][PASSED] - click(findTestObject("OCS-DESKTOP/Age gate and Mega menu/button_Start Browsing")): Object: 'Object Repository/OCS-DESKTOP/Age gate and Mega menu/button_Start Browsing' is clicked on

2019-07-11 11:41:09 - [MESSAGE][PASSED] - Object: 'Object Repository/OCS-DESKTOP/Age gate and Mega menu/button_Start Browsing' is clicked on

2019-07-11 11:41:09 - [TEST_STEP][PASSED] - delay(2): Delayed 2 second(s)

2019-07-11 11:41:11 - [MESSAGE][PASSED] - Delayed 2 second(s)

2019-07-11 11:41:11 - [TEST_STEP][PASSED] - refresh(): Refresh successfully

2019-07-11 11:41:11 - [MESSAGE][PASSED] - Refresh successfully

2019-07-11 11:41:11 - [MESSAGE][PASSED] - Call Test Case 'Test Cases/OCS - DESKTOP/CALL- Age gate' successfully

2019-07-11 11:41:11 - [TEST_STEP][PASSED] - delay(2): Delayed 2 second(s)

2019-07-11 11:41:13 - [MESSAGE][PASSED] - Delayed 2 second(s)

2019-07-11 11:41:13 - [TEST_STEP][PASSED] - callTestCase(findTestCase("OCS - DESKTOP/CALL - TOGGLING LANGUAGE"), [:], STOP_ON_FAILURE): Call Test Case 'Test Cases/OCS - DESKTOP/CALL - TOGGLING LANGUAGE' successfully

2019-07-11 11:41:13 - [TEST_CASE][PASSED] - Test Cases/OCS - DESKTOP/CALL - TOGGLING LANGUAGE: Test Cases/OCS - DESKTOP/CALL - TOGGLING LANGUAGE

2019-07-11 11:41:13 - [TEST_STEP][PASSED] - delay(2): Delayed 2 second(s)

2019-07-11 11:41:15 - [MESSAGE][PASSED] - Delayed 2 second(s)

2019-07-11 11:41:15 - [TEST_STEP][PASSED] - click(findTestObject("OCS-DESKTOP/Cart flyout/English dropdown")): Object: 'Object Repository/OCS-DESKTOP/Cart flyout/English dropdown' is clicked on

2019-07-11 11:41:15 - [MESSAGE][PASSED] - Object: 'Object Repository/OCS-DESKTOP/Cart flyout/English dropdown' is clicked on

2019-07-11 11:41:15 - [TEST_STEP][PASSED] - delay(2): Delayed 2 second(s)

2019-07-11 11:41:18 - [MESSAGE][PASSED] - Delayed 2 second(s)

2019-07-11 11:41:18 - [TEST_STEP][PASSED] - click(findTestObject("OCS-DESKTOP/Cart flyout/Select French")): Object: 'Object Repository/OCS-DESKTOP/Cart flyout/Select French' is clicked on

2019-07-11 11:41:18 - [MESSAGE][PASSED] - Object: 'Object Repository/OCS-DESKTOP/Cart flyout/Select French' is clicked on

2019-07-11 11:41:18 - [TEST_STEP][PASSED] - delay(5): Delayed 5 second(s)

2019-07-11 11:41:23 - [MESSAGE][PASSED] - Delayed 5 second(s)

2019-07-11 11:41:23 - [TEST_STEP][PASSED] - e = getWindowTitle(): Current window's title is: 'Magasin de Cannabis de l'Ontario | Ontario Cannabis Store'

2019-07-11 11:41:23 - [MESSAGE][PASSED] - Current window's title is: 'Magasin de Cannabis de l'Ontario | Ontario Cannabis Store'

2019-07-11 11:41:23 - [MESSAGE][PASSED] - Call Test Case 'Test Cases/OCS - DESKTOP/CALL - TOGGLING LANGUAGE' successfully

2019-07-11 11:41:23 - [TEST_STEP][PASSED] - click(findTestObject("OCS-DESKTOP/Age gate and Mega menu/Header/CANNABIS menu - English")): Object: 'Object Repository/OCS-DESKTOP/Age gate and Mega menu/Header/CANNABIS menu - English' is clicked on

2019-07-11 11:41:23 - [MESSAGE][PASSED] - Object: 'Object Repository/OCS-DESKTOP/Age gate and Mega menu/Header/CANNABIS menu - English' is clicked on

2019-07-11 11:41:23 - [TEST_STEP][PASSED] - delay(2): Delayed 2 second(s)

2019-07-11 11:41:25 - [MESSAGE][PASSED] - Delayed 2 second(s)

2019-07-11 11:41:25 - [TEST_STEP][PASSED] - executeJavaScript("var previewBar = document.getElementById("preview-bar-iframe"); previewBar.style.display = "none";", []): Execute JavaScript 'var previewBar = document.getElementById("preview-bar-iframe"); previewBar.style.display = "none";' successfully

2019-07-11 11:41:25 - [MESSAGE][PASSED] - Execute JavaScript 'var previewBar = document.getElementById("preview-bar-iframe"); previewBar.style.display = "none";' successfully

2019-07-11 11:41:25 - [TEST_STEP][PASSED] - click(findTestObject("OCS-DESKTOP/Age gate and Mega menu/Indica Dominant_Menu item")): Object: 'Object Repository/OCS-DESKTOP/Age gate and Mega menu/Indica Dominant_Menu item' is clicked on

2019-07-11 11:41:27 - [MESSAGE][PASSED] - Object: 'Object Repository/OCS-DESKTOP/Age gate and Mega menu/Indica Dominant_Menu item' is clicked on

2019-07-11 11:41:27 - [TEST_STEP][PASSED] - executeJavaScript("var previewBar = document.getElementById("preview-bar-iframe"); previewBar.style.display = "none";", []): Execute JavaScript 'var previewBar = document.getElementById("preview-bar-iframe"); previewBar.style.display = "none";' successfully

2019-07-11 11:41:27 - [MESSAGE][PASSED] - Execute JavaScript 'var previewBar = document.getElementById("preview-bar-iframe"); previewBar.style.display = "none";' successfully

2019-07-11 11:41:27 - [TEST_STEP][PASSED] - delay(2): Delayed 2 second(s)

2019-07-11 11:41:29 - [MESSAGE][PASSED] - Delayed 2 second(s)

2019-07-11 11:41:29 - [TEST_STEP][PASSED] - click(findTestObject("FRENCH/Product image - 1st one")): Object: 'Object Repository/FRENCH/Product image - 1st one' is clicked on

2019-07-11 11:41:33 - [MESSAGE][PASSED] - Object: 'Object Repository/FRENCH/Product image - 1st one' is clicked on

2019-07-11 11:41:33 - [TEST_STEP][PASSED] - executeJavaScript("var previewBar = document.getElementById("preview-bar-iframe"); previewBar.style.display = "none";", []): Execute JavaScript 'var previewBar = document.getElementById("preview-bar-iframe"); previewBar.style.display = "none";' successfully

2019-07-11 11:41:33 - [MESSAGE][PASSED] - Execute JavaScript 'var previewBar = document.getElementById("preview-bar-iframe"); previewBar.style.display = "none";' successfully

2019-07-11 11:41:33 - [TEST_STEP][PASSED] - delay(3): Delayed 3 second(s)

2019-07-11 11:41:36 - [MESSAGE][PASSED] - Delayed 3 second(s)

2019-07-11 11:41:36 - [TEST_STEP][PASSED] - click(findTestObject("OCS-DESKTOP/Product page/Swatch_1g")): Object: 'Object Repository/OCS-DESKTOP/Product page/Swatch_1g' is clicked on

2019-07-11 11:41:37 - [MESSAGE][PASSED] - Object: 'Object Repository/OCS-DESKTOP/Product page/Swatch_1g' is clicked on

2019-07-11 11:41:37 - [TEST_STEP][PASSED] - delay(2): Delayed 2 second(s)

2019-07-11 11:41:39 - [MESSAGE][PASSED] - Delayed 2 second(s)

2019-07-11 11:41:39 - [TEST_STEP][PASSED] - delay(2): Delayed 2 second(s)

2019-07-11 11:41:41 - [MESSAGE][PASSED] - Delayed 2 second(s)

2019-07-11 11:41:41 - [TEST_STEP][PASSED] - click(findTestObject("OCS-DESKTOP/Product page/Quantity Increase - Button")): Object: 'Object Repository/OCS-DESKTOP/Product page/Quantity Increase - Button' is clicked on

2019-07-11 11:41:41 - [MESSAGE][PASSED] - Object: 'Object Repository/OCS-DESKTOP/Product page/Quantity Increase - Button' is clicked on

2019-07-11 11:41:41 - [TEST_STEP][PASSED] - delay(2): Delayed 2 second(s)

2019-07-11 11:41:43 - [MESSAGE][PASSED] - Delayed 2 second(s)

2019-07-11 11:41:43 - [TEST_STEP][PASSED] - click(findTestObject("OCS-DESKTOP/Product page/Add to Bag-button")): Object: 'Object Repository/OCS-DESKTOP/Product page/Add to Bag-button' is clicked on

2019-07-11 11:41:43 - [MESSAGE][PASSED] - Object: 'Object Repository/OCS-DESKTOP/Product page/Add to Bag-button' is clicked on

2019-07-11 11:41:43 - [TEST_STEP][PASSED] - delay(2): Delayed 2 second(s)

2019-07-11 11:41:45 - [MESSAGE][PASSED] - Delayed 2 second(s)

2019-07-11 11:41:45 - [TEST_STEP][PASSED] - click(findTestObject("OCS-DESKTOP/Home - page/Cart icon -bag"), OPTIONAL): Object: 'Object Repository/OCS-DESKTOP/Home - page/Cart icon -bag' is clicked on

2019-07-11 11:41:45 - [MESSAGE][PASSED] - Object: 'Object Repository/OCS-DESKTOP/Home - page/Cart icon -bag' is clicked on

2019-07-11 11:41:45 - [TEST_STEP][PASSED] - delay(1): Delayed 1 second(s)

2019-07-11 11:41:46 - [MESSAGE][PASSED] - Delayed 1 second(s)

2019-07-11 11:41:46 - [TEST_STEP][PASSED] - click(findTestObject("OCS-DESKTOP/Cart flyout/Checkbox_I confirm that")): Object: 'Object Repository/OCS-DESKTOP/Cart flyout/Checkbox_I confirm that' is clicked on

2019-07-11 11:41:46 - [MESSAGE][PASSED] - Object: 'Object Repository/OCS-DESKTOP/Cart flyout/Checkbox_I confirm that' is clicked on

2019-07-11 11:41:46 - [TEST_STEP][PASSED] - delay(1): Delayed 1 second(s)

2019-07-11 11:41:47 - [MESSAGE][PASSED] - Delayed 1 second(s)

2019-07-11 11:41:47 - [TEST_STEP][PASSED] - click(findTestObject("OCS-DESKTOP/Cart flyout/Checkbox_Accept the Terms Condition")): Object: 'Object Repository/OCS-DESKTOP/Cart flyout/Checkbox_Accept the Terms Condition' is clicked on

2019-07-11 11:41:47 - [MESSAGE][PASSED] - Object: 'Object Repository/OCS-DESKTOP/Cart flyout/Checkbox_Accept the Terms Condition' is clicked on

2019-07-11 11:41:47 - [TEST_STEP][PASSED] - delay(1): Delayed 1 second(s)

2019-07-11 11:41:48 - [MESSAGE][PASSED] - Delayed 1 second(s)

2019-07-11 11:41:48 - [TEST_STEP][PASSED] - click(findTestObject("OCS-DESKTOP/Cart flyout/Checkout - Button")): Object: 'Object Repository/OCS-DESKTOP/Cart flyout/Checkout - Button' is clicked on

2019-07-11 11:41:50 - [MESSAGE][PASSED] - Object: 'Object Repository/OCS-DESKTOP/Cart flyout/Checkout - Button' is clicked on

2019-07-11 11:41:50 - [TEST_STEP][PASSED] - executeJavaScript("var previewBar = document.getElementById("preview-bar-iframe"); previewBar.style.display = "none";", []): Execute JavaScript 'var previewBar = document.getElementById("preview-bar-iframe"); previewBar.style.display = "none";' successfully

2019-07-11 11:41:50 - [MESSAGE][PASSED] - Execute JavaScript 'var previewBar = document.getElementById("preview-bar-iframe"); previewBar.style.display = "none";' successfully

2019-07-11 11:41:50 - [TEST_STEP][PASSED] - delay(2): Delayed 2 second(s)

2019-07-11 11:41:52 - [MESSAGE][PASSED] - Delayed 2 second(s)

2019-07-11 11:41:52 - [TEST_STEP][PASSED] - setText(findTestObject("Object Repository/Page_Ontario Cannabis Store - Infor/input_Adresse e-mail_checkoute"), "suman@gmail.com"): Text 'suman@gmail.com' is set on object 'Object Repository/Page_Ontario Cannabis Store - Infor/input_Adresse e-mail_checkoute'

2019-07-11 11:41:53 - [MESSAGE][PASSED] - Text 'suman@gmail.com' is set on object 'Object Repository/Page_Ontario Cannabis Store - Infor/input_Adresse e-mail_checkoute'

2019-07-11 11:41:53 - [TEST_STEP][PASSED] - setText(findTestObject("Object Repository/Page_Ontario Cannabis Store - Infor/input_Prnom_checkoutshipping_a"), "suman"): Text 'suman' is set on object 'Object Repository/Page_Ontario Cannabis Store - Infor/input_Prnom_checkoutshipping_a'

2019-07-11 11:41:53 - [MESSAGE][PASSED] - Text 'suman' is set on object 'Object Repository/Page_Ontario Cannabis Store - Infor/input_Prnom_checkoutshipping_a'

2019-07-11 11:41:53 - [TEST_STEP][PASSED] - setText(findTestObject("Object Repository/Page_Ontario Cannabis Store - Infor/input_Nom_checkoutshipping_add"), "kompelly"): Text 'kompelly' is set on object 'Object Repository/Page_Ontario Cannabis Store - Infor/input_Nom_checkoutshipping_add'

2019-07-11 11:41:53 - [MESSAGE][PASSED] - Text 'kompelly' is set on object 'Object Repository/Page_Ontario Cannabis Store - Infor/input_Nom_checkoutshipping_add'

2019-07-11 11:41:53 - [TEST_STEP][PASSED] - setText(findTestObject("Object Repository/Page_Ontario Cannabis Store - Infor/input_Adresse_checkoutshipping"), "123 test"): Text '123 test' is set on object 'Object Repository/Page_Ontario Cannabis Store - Infor/input_Adresse_checkoutshipping'

2019-07-11 11:41:53 - [MESSAGE][PASSED] - Text '123 test' is set on object 'Object Repository/Page_Ontario Cannabis Store - Infor/input_Adresse_checkoutshipping'

2019-07-11 11:41:53 - [TEST_STEP][PASSED] - setText(findTestObject("Object Repository/Page_Ontario Cannabis Store - Infor/input_Appartement suite etc. ("), "123"): Text '123' is set on object 'Object Repository/Page_Ontario Cannabis Store - Infor/input_Appartement suite etc. ('

2019-07-11 11:41:53 - [MESSAGE][PASSED] - Text '123' is set on object 'Object Repository/Page_Ontario Cannabis Store - Infor/input_Appartement suite etc. ('

2019-07-11 11:41:53 - [TEST_STEP][PASSED] - setText(findTestObject("Object Repository/Page_Ontario Cannabis Store - Infor/input_Ville_checkoutshipping_a"), "montreal"): Text 'montreal' is set on object 'Object Repository/Page_Ontario Cannabis Store - Infor/input_Ville_checkoutshipping_a'

2019-07-11 11:41:53 - [MESSAGE][PASSED] - Text 'montreal' is set on object 'Object Repository/Page_Ontario Cannabis Store - Infor/input_Ville_checkoutshipping_a'

2019-07-11 11:41:53 - [TEST_STEP][PASSED] - setText(findTestObject("Object Repository/Page_Ontario Cannabis Store - Infor/input_Code postal_checkoutship"), "n0r1k0"): Text 'n0r1k0' is set on object 'Object Repository/Page_Ontario Cannabis Store - Infor/input_Code postal_checkoutship'

2019-07-11 11:41:53 - [MESSAGE][PASSED] - Text 'n0r1k0' is set on object 'Object Repository/Page_Ontario Cannabis Store - Infor/input_Code postal_checkoutship'

2019-07-11 11:41:53 - [TEST_STEP][PASSED] - setText(findTestObject("Object Repository/Page_Ontario Cannabis Store - Infor/input_Tlphone_checkoutshipping"), "514-449-3883"): Text '514-449-3883' is set on object 'Object Repository/Page_Ontario Cannabis Store - Infor/input_Tlphone_checkoutshipping'

2019-07-11 11:41:54 - [MESSAGE][PASSED] - Text '514-449-3883' is set on object 'Object Repository/Page_Ontario Cannabis Store - Infor/input_Tlphone_checkoutshipping'

2019-07-11 11:41:54 - [TEST_STEP][PASSED] - delay(2): Delayed 2 second(s)

2019-07-11 11:41:56 - [MESSAGE][PASSED] - Delayed 2 second(s)

2019-07-11 11:41:56 - [TEST_STEP][PASSED] - click(findTestObject("Object Repository/Page_Ontario Cannabis Store - Infor/button_Continuer vers le mode")): Object: 'Object Repository/Page_Ontario Cannabis Store - Infor/button_Continuer vers le mode' is clicked on

2019-07-11 11:41:57 - [MESSAGE][PASSED] - Object: 'Object Repository/Page_Ontario Cannabis Store - Infor/button_Continuer vers le mode' is clicked on

2019-07-11 11:41:57 - [TEST_STEP][PASSED] - delay(4): Delayed 4 second(s)

2019-07-11 11:42:01 - [MESSAGE][PASSED] - Delayed 4 second(s)

2019-07-11 11:42:01 - [TEST_STEP][PASSED] - executeJavaScript("var previewBar = document.getElementById("preview-bar-iframe"); previewBar.style.display = "none";", []): Execute JavaScript 'var previewBar = document.getElementById("preview-bar-iframe"); previewBar.style.display = "none";' successfully

2019-07-11 11:42:01 - [MESSAGE][PASSED] - Execute JavaScript 'var previewBar = document.getElementById("preview-bar-iframe"); previewBar.style.display = "none";' successfully

2019-07-11 11:42:01 - [TEST_STEP][PASSED] - delay(2): Delayed 2 second(s)

2019-07-11 11:42:03 - [MESSAGE][PASSED] - Delayed 2 second(s)

2019-07-11 11:42:03 - [TEST_STEP][PASSED] - click(findTestObject("Object Repository/Page_Ontario Cannabis Store - Livra/button_Continuer vers le moyen")): Object: 'Object Repository/Page_Ontario Cannabis Store - Livra/button_Continuer vers le moyen' is clicked on

2019-07-11 11:42:04 - [MESSAGE][PASSED] - Object: 'Object Repository/Page_Ontario Cannabis Store - Livra/button_Continuer vers le moyen' is clicked on

2019-07-11 11:42:04 - [TEST_STEP][PASSED] - delay(1): Delayed 1 second(s)

2019-07-11 11:42:05 - [MESSAGE][PASSED] - Delayed 1 second(s)

2019-07-11 11:42:05 - [TEST_STEP][PASSED] - click(findTestObject("FRENCH/Change link span 1")): Object: 'Object Repository/FRENCH/Change link span 1' is clicked on

2019-07-11 11:42:09 - [MESSAGE][PASSED] - Object: 'Object Repository/FRENCH/Change link span 1' is clicked on

2019-07-11 11:42:09 - [TEST_STEP][PASSED] - delay(2): Delayed 2 second(s)

2019-07-11 11:42:11 - [MESSAGE][PASSED] - Delayed 2 second(s)

2019-07-11 11:42:11 - [TEST_STEP][PASSED] - executeJavaScript("var previewBar = document.getElementById("preview-bar-iframe"); previewBar.style.display = "none";", []): Execute JavaScript 'var previewBar = document.getElementById("preview-bar-iframe"); previewBar.style.display = "none";' successfully

2019-07-11 11:42:11 - [MESSAGE][PASSED] - Execute JavaScript 'var previewBar = document.getElementById("preview-bar-iframe"); previewBar.style.display = "none";' successfully

2019-07-11 11:42:11 - [TEST_STEP][PASSED] - delay(3): Delayed 3 second(s)

2019-07-11 11:42:14 - [MESSAGE][PASSED] - Delayed 3 second(s)

2019-07-11 11:42:14 - [TEST_STEP][PASSED] - click(findTestObject("Page_Ontario Cannabis Store - Infor/button_Continuer vers le mode")): Object: 'Object Repository/Page_Ontario Cannabis Store - Infor/button_Continuer vers le mode' is clicked on

2019-07-11 11:42:15 - [MESSAGE][PASSED] - Object: 'Object Repository/Page_Ontario Cannabis Store - Infor/button_Continuer vers le mode' is clicked on

2019-07-11 11:42:15 - [TEST_STEP][PASSED] - delay(3): Delayed 3 second(s)

2019-07-11 11:42:18 - [MESSAGE][PASSED] - Delayed 3 second(s)

2019-07-11 11:42:18 - [TEST_STEP][PASSED] - executeJavaScript("var previewBar = document.getElementById("preview-bar-iframe"); previewBar.style.display = "none";", []): Execute JavaScript 'var previewBar = document.getElementById("preview-bar-iframe"); previewBar.style.display = "none";' successfully

2019-07-11 11:42:18 - [MESSAGE][PASSED] - Execute JavaScript 'var previewBar = document.getElementById("preview-bar-iframe"); previewBar.style.display = "none";' successfully

2019-07-11 11:42:18 - [TEST_STEP][PASSED] - delay(1): Delayed 1 second(s)

2019-07-11 11:42:19 - [MESSAGE][PASSED] - Delayed 1 second(s)

2019-07-11 11:42:19 - [TEST_STEP][PASSED] - click(findTestObject("Page_Ontario Cannabis Store - Livra/button_Continuer vers le moyen")): Object: 'Object Repository/Page_Ontario Cannabis Store - Livra/button_Continuer vers le moyen' is clicked on

2019-07-11 11:42:22 - [MESSAGE][PASSED] - Object: 'Object Repository/Page_Ontario Cannabis Store - Livra/button_Continuer vers le moyen' is clicked on

2019-07-11 11:42:22 - [TEST_STEP][PASSED] - delay(3): Delayed 3 second(s)

2019-07-11 11:42:25 - [MESSAGE][PASSED] - Delayed 3 second(s)

2019-07-11 11:42:25 - [TEST_STEP][PASSED] - executeJavaScript("var previewBar = document.getElementById("preview-bar-iframe"); previewBar.style.display = "none";", []): Execute JavaScript 'var previewBar = document.getElementById("preview-bar-iframe"); previewBar.style.display = "none";' successfully

2019-07-11 11:42:25 - [MESSAGE][PASSED] - Execute JavaScript 'var previewBar = document.getElementById("preview-bar-iframe"); previewBar.style.display = "none";' successfully

2019-07-11 11:42:25 - [TEST_STEP][PASSED] - delay(1): Delayed 1 second(s)

2019-07-11 11:42:26 - [MESSAGE][PASSED] - Delayed 1 second(s)

2019-07-11 11:42:26 - [TEST_STEP][PASSED] - click(findTestObject("FRENCH/Change link span 2")): Object: 'Object Repository/FRENCH/Change link span 2' is clicked on

2019-07-11 11:42:28 - [MESSAGE][PASSED] - Object: 'Object Repository/FRENCH/Change link span 2' is clicked on

2019-07-11 11:42:28 - [TEST_STEP][PASSED] - delay(3): Delayed 3 second(s)

2019-07-11 11:42:31 - [MESSAGE][PASSED] - Delayed 3 second(s)

2019-07-11 11:42:31 - [TEST_STEP][PASSED] - executeJavaScript("var previewBar = document.getElementById("preview-bar-iframe"); previewBar.style.display = "none";", []): Execute JavaScript 'var previewBar = document.getElementById("preview-bar-iframe"); previewBar.style.display = "none";' successfully

2019-07-11 11:42:31 - [MESSAGE][PASSED] - Execute JavaScript 'var previewBar = document.getElementById("preview-bar-iframe"); previewBar.style.display = "none";' successfully

2019-07-11 11:42:31 - [TEST_STEP][PASSED] - delay(1): Delayed 1 second(s)

2019-07-11 11:42:32 - [MESSAGE][PASSED] - Delayed 1 second(s)

2019-07-11 11:42:32 - [TEST_STEP][PASSED] - click(findTestObject("Page_Ontario Cannabis Store - Infor/button_Continuer vers le mode")): Object: 'Object Repository/Page_Ontario Cannabis Store - Infor/button_Continuer vers le mode' is clicked on

2019-07-11 11:42:32 - [MESSAGE][PASSED] - Object: 'Object Repository/Page_Ontario Cannabis Store - Infor/button_Continuer vers le mode' is clicked on

2019-07-11 11:42:32 - [TEST_STEP][PASSED] - delay(3): Delayed 3 second(s)

2019-07-11 11:42:35 - [MESSAGE][PASSED] - Delayed 3 second(s)

2019-07-11 11:42:35 - [TEST_STEP][PASSED] - executeJavaScript("var previewBar = document.getElementById("preview-bar-iframe"); previewBar.style.display = "none";", []): Execute JavaScript 'var previewBar = document.getElementById("preview-bar-iframe"); previewBar.style.display = "none";' successfully

2019-07-11 11:42:35 - [MESSAGE][PASSED] - Execute JavaScript 'var previewBar = document.getElementById("preview-bar-iframe"); previewBar.style.display = "none";' successfully

2019-07-11 11:42:35 - [TEST_STEP][PASSED] - delay(1): Delayed 1 second(s)

2019-07-11 11:42:36 - [MESSAGE][PASSED] - Delayed 1 second(s)

2019-07-11 11:42:36 - [TEST_STEP][PASSED] - click(findTestObject("Page_Ontario Cannabis Store - Infor/button_Continuer vers le mode")): Object: 'Object Repository/Page_Ontario Cannabis Store - Infor/button_Continuer vers le mode' is clicked on

2019-07-11 11:42:36 - [MESSAGE][PASSED] - Object: 'Object Repository/Page_Ontario Cannabis Store - Infor/button_Continuer vers le mode' is clicked on

2019-07-11 11:42:36 - [TEST_STEP][PASSED] - delay(3): Delayed 3 second(s)

2019-07-11 11:42:39 - [MESSAGE][PASSED] - Delayed 3 second(s)

2019-07-11 11:42:39 - [TEST_STEP][PASSED] - executeJavaScript("var previewBar = document.getElementById("preview-bar-iframe"); previewBar.style.display = "none";", []): Execute JavaScript 'var previewBar = document.getElementById("preview-bar-iframe"); previewBar.style.display = "none";' successfully

2019-07-11 11:42:39 - [MESSAGE][PASSED] - Execute JavaScript 'var previewBar = document.getElementById("preview-bar-iframe"); previewBar.style.display = "none";' successfully

2019-07-11 11:42:39 - [TEST_STEP][PASSED] - click(findTestObject("OCS-DESKTOP/Customer info page/Cart - Breadcrumb link")): Object: 'Object Repository/OCS-DESKTOP/Customer info page/Cart - Breadcrumb link' is clicked on

2019-07-11 11:42:41 - [MESSAGE][PASSED] - Object: 'Object Repository/OCS-DESKTOP/Customer info page/Cart - Breadcrumb link' is clicked on

2019-07-11 11:42:41 - [TEST_STEP][PASSED] - executeJavaScript("var previewBar = document.getElementById("preview-bar-iframe"); previewBar.style.display = "none";", []): Execute JavaScript 'var previewBar = document.getElementById("preview-bar-iframe"); previewBar.style.display = "none";' successfully

2019-07-11 11:42:41 - [MESSAGE][PASSED] - Execute JavaScript 'var previewBar = document.getElementById("preview-bar-iframe"); previewBar.style.display = "none";' successfully

2019-07-11 11:42:41 - [TEST_STEP][PASSED] - delay(3): Delayed 3 second(s)

2019-07-11 11:42:44 - [MESSAGE][PASSED] - Delayed 3 second(s)

2019-07-11 11:42:44 - [TEST_STEP][PASSED] - click(findTestObject("OCS-DESKTOP/Cart page/cart page-Checkbox_I confirm that")): Object: 'Object Repository/OCS-DESKTOP/Cart page/cart page-Checkbox_I confirm that' is clicked on

2019-07-11 11:42:44 - [MESSAGE][PASSED] - Object: 'Object Repository/OCS-DESKTOP/Cart page/cart page-Checkbox_I confirm that' is clicked on

2019-07-11 11:42:44 - [TEST_STEP][PASSED] - delay(3): Delayed 3 second(s)

2019-07-11 11:42:47 - [MESSAGE][PASSED] - Delayed 3 second(s)

2019-07-11 11:42:47 - [TEST_STEP][PASSED] - click(findTestObject("OCS-DESKTOP/Cart page/cart page - Checkbox_Accept the Terms Condition")): Object: 'Object Repository/OCS-DESKTOP/Cart page/cart page - Checkbox_Accept the Terms Condition' is clicked on

2019-07-11 11:42:47 - [MESSAGE][PASSED] - Object: 'Object Repository/OCS-DESKTOP/Cart page/cart page - Checkbox_Accept the Terms Condition' is clicked on

2019-07-11 11:42:47 - [TEST_STEP][PASSED] - delay(1): Delayed 1 second(s)

2019-07-11 11:42:48 - [MESSAGE][PASSED] - Delayed 1 second(s)

2019-07-11 11:42:48 - [TEST_STEP][PASSED] - click(findTestObject("FRENCH/Cart page -checkout button")): Object: 'Object Repository/FRENCH/Cart page -checkout button' is clicked on

2019-07-11 11:42:50 - [MESSAGE][PASSED] - Object: 'Object Repository/FRENCH/Cart page -checkout button' is clicked on

2019-07-11 11:42:50 - [TEST_STEP][PASSED] - delay(1): Delayed 1 second(s)

2019-07-11 11:42:51 - [MESSAGE][PASSED] - Delayed 1 second(s)

2019-07-11 11:42:51 - [TEST_STEP][PASSED] - click(findTestObject("OCS-DESKTOP/Payment -page/Information - Breadcrumb link")): Object: 'Object Repository/OCS-DESKTOP/Payment -page/Information - Breadcrumb link' is clicked on

2019-07-11 11:42:52 - [MESSAGE][PASSED] - Object: 'Object Repository/OCS-DESKTOP/Payment -page/Information - Breadcrumb link' is clicked on

2019-07-11 11:42:52 - [TEST_STEP][PASSED] - delay(1): Delayed 1 second(s)

2019-07-11 11:42:53 - [MESSAGE][PASSED] - Delayed 1 second(s)

2019-07-11 11:42:53 - [TEST_STEP][PASSED] - executeJavaScript("var previewBar = document.getElementById("preview-bar-iframe"); previewBar.style.display = "none";", []): Execute JavaScript 'var previewBar = document.getElementById("preview-bar-iframe"); previewBar.style.display = "none";' successfully

2019-07-11 11:42:53 - [MESSAGE][PASSED] - Execute JavaScript 'var previewBar = document.getElementById("preview-bar-iframe"); previewBar.style.display = "none";' successfully

2019-07-11 11:42:53 - [TEST_STEP][PASSED] - delay(1): Delayed 1 second(s)

2019-07-11 11:42:54 - [MESSAGE][PASSED] - Delayed 1 second(s)

2019-07-11 11:42:54 - [TEST_STEP][PASSED] - click(findTestObject("Page_Ontario Cannabis Store - Infor/button_Continuer vers le mode")): Object: 'Object Repository/Page_Ontario Cannabis Store - Infor/button_Continuer vers le mode' is clicked on

2019-07-11 11:42:56 - [MESSAGE][PASSED] - Object: 'Object Repository/Page_Ontario Cannabis Store - Infor/button_Continuer vers le mode' is clicked on

2019-07-11 11:42:56 - [TEST_STEP][PASSED] - delay(1): Delayed 1 second(s)

2019-07-11 11:42:57 - [MESSAGE][PASSED] - Delayed 1 second(s)

2019-07-11 11:42:57 - [TEST_STEP][PASSED] - click(findTestObject("OCS-DESKTOP/Shipping page/Shipping - Breadcrumb link")): Object: 'Object Repository/OCS-DESKTOP/Shipping page/Shipping - Breadcrumb link' is clicked on

2019-07-11 11:42:58 - [MESSAGE][PASSED] - Object: 'Object Repository/OCS-DESKTOP/Shipping page/Shipping - Breadcrumb link' is clicked on

2019-07-11 11:42:58 - [TEST_STEP][PASSED] - delay(3): Delayed 3 second(s)

2019-07-11 11:43:01 - [MESSAGE][PASSED] - Delayed 3 second(s)

2019-07-11 11:43:01 - [TEST_STEP][PASSED] - executeJavaScript("var previewBar = document.getElementById("preview-bar-iframe"); previewBar.style.display = "none";", []): Execute JavaScript 'var previewBar = document.getElementById("preview-bar-iframe"); previewBar.style.display = "none";' successfully

2019-07-11 11:43:01 - [MESSAGE][PASSED] - Execute JavaScript 'var previewBar = document.getElementById("preview-bar-iframe"); previewBar.style.display = "none";' successfully

2019-07-11 11:43:01 - [TEST_STEP][PASSED] - delay(1): Delayed 1 second(s)

2019-07-11 11:43:02 - [MESSAGE][PASSED] - Delayed 1 second(s)

2019-07-11 11:43:02 - [TEST_STEP][PASSED] - click(findTestObject("Page_Ontario Cannabis Store - Livra/button_Continuer vers le moyen")): Object: 'Object Repository/Page_Ontario Cannabis Store - Livra/button_Continuer vers le moyen' is clicked on

2019-07-11 11:43:03 - [MESSAGE][PASSED] - Object: 'Object Repository/Page_Ontario Cannabis Store - Livra/button_Continuer vers le moyen' is clicked on]]></system-out>
         <system-err><![CDATA[]]></system-err>
      </testcase>
      <testcase name="Test Cases/OCS - DESKTOP/OCS- CRITICAL PATH - FRENCH/Cart flyout - increase qty -fr" classname="Test Cases/OCS - DESKTOP/OCS- CRITICAL PATH - FRENCH/Cart flyout - increase qty -fr" status="PASSED">
         <system-out><![CDATA[2019-07-11 11:43:03 - [TEST_CASE][PASSED] - Test Cases/OCS - DESKTOP/OCS- CRITICAL PATH - FRENCH/Cart flyout - increase qty -fr: Test Cases/OCS - DESKTOP/OCS- CRITICAL PATH - FRENCH/Cart flyout - increase qty -fr

2019-07-11 11:43:03 - [TEST_STEP][PASSED] - callTestCase(findTestCase("OCS - DESKTOP/CALL- Age gate"), [:], STOP_ON_FAILURE): Call Test Case 'Test Cases/OCS - DESKTOP/CALL- Age gate' successfully

2019-07-11 11:43:03 - [TEST_CASE][PASSED] - Test Cases/OCS - DESKTOP/CALL- Age gate: Test Cases/OCS - DESKTOP/CALL- Age gate

2019-07-11 11:43:03 - [TEST_STEP][PASSED] - openBrowser(""): Browser is opened with url: ''

2019-07-11 11:43:03 - [MESSAGE][WARNING] - A browser is already opened. Closing browser and opening a new one

2019-07-11 11:43:03 - [MESSAGE][INFO] - Starting 'Chrome' driver

2019-07-11 11:43:04 - [MESSAGE][PASSED] - Browser is opened with url: ''

2019-07-11 11:43:04 - [TEST_STEP][PASSED] - navigateToUrl("https://ocs.ca/?fts=0&preview_theme_id=74205529932"): Navigate to 'https://ocs.ca/?fts=0&preview_theme_id=74205529932' successfully

2019-07-11 11:43:10 - [MESSAGE][PASSED] - Navigate to 'https://ocs.ca/?fts=0&preview_theme_id=74205529932' successfully

2019-07-11 11:43:10 - [TEST_STEP][PASSED] - maximizeWindow(): Current window maximized

2019-07-11 11:43:10 - [MESSAGE][PASSED] - Current window maximized

2019-07-11 11:43:10 - [TEST_STEP][PASSED] - delay(2): Delayed 2 second(s)

2019-07-11 11:43:12 - [MESSAGE][PASSED] - Delayed 2 second(s)

2019-07-11 11:43:12 - [TEST_STEP][PASSED] - executeJavaScript("var previewBar = document.getElementById("preview-bar-iframe"); previewBar.style.display = "none";", []): Execute JavaScript 'var previewBar = document.getElementById("preview-bar-iframe"); previewBar.style.display = "none";' successfully

2019-07-11 11:43:12 - [MESSAGE][PASSED] - Execute JavaScript 'var previewBar = document.getElementById("preview-bar-iframe"); previewBar.style.display = "none";' successfully

2019-07-11 11:43:12 - [TEST_STEP][PASSED] - selectOptionByValue(findTestObject("OCS-DESKTOP/Age gate and Mega menu/Date"), "12", true): All options with value '12' are selected in object 'Object Repository/OCS-DESKTOP/Age gate and Mega menu/Date'  using regular expression

2019-07-11 11:43:13 - [MESSAGE][PASSED] - All options with value '12' are selected in object 'Object Repository/OCS-DESKTOP/Age gate and Mega menu/Date'  using regular expression

2019-07-11 11:43:13 - [TEST_STEP][PASSED] - selectOptionByValue(findTestObject("OCS-DESKTOP/Age gate and Mega menu/month"), "6", true): All options with value '6' are selected in object 'Object Repository/OCS-DESKTOP/Age gate and Mega menu/month'  using regular expression

2019-07-11 11:43:13 - [MESSAGE][PASSED] - All options with value '6' are selected in object 'Object Repository/OCS-DESKTOP/Age gate and Mega menu/month'  using regular expression

2019-07-11 11:43:13 - [TEST_STEP][PASSED] - delay(2): Delayed 2 second(s)

2019-07-11 11:43:15 - [MESSAGE][PASSED] - Delayed 2 second(s)

2019-07-11 11:43:15 - [TEST_STEP][PASSED] - selectOptionByValue(findTestObject("OCS-DESKTOP/Age gate and Mega menu/Year Dropdown"), "1990", true): All options with value '1990' are selected in object 'Object Repository/OCS-DESKTOP/Age gate and Mega menu/Year Dropdown'  using regular expression

2019-07-11 11:43:16 - [MESSAGE][PASSED] - All options with value '1990' are selected in object 'Object Repository/OCS-DESKTOP/Age gate and Mega menu/Year Dropdown'  using regular expression

2019-07-11 11:43:16 - [TEST_STEP][PASSED] - click(findTestObject("OCS-DESKTOP/Age gate and Mega menu/button_Verify")): Object: 'Object Repository/OCS-DESKTOP/Age gate and Mega menu/button_Verify' is clicked on

2019-07-11 11:43:16 - [MESSAGE][PASSED] - Object: 'Object Repository/OCS-DESKTOP/Age gate and Mega menu/button_Verify' is clicked on

2019-07-11 11:43:16 - [TEST_STEP][PASSED] - click(findTestObject("OCS-DESKTOP/Age gate and Mega menu/Checkbox_CONFIRM AND ACKNOWLEDGE")): Object: 'Object Repository/OCS-DESKTOP/Age gate and Mega menu/Checkbox_CONFIRM AND ACKNOWLEDGE' is clicked on

2019-07-11 11:43:16 - [MESSAGE][PASSED] - Object: 'Object Repository/OCS-DESKTOP/Age gate and Mega menu/Checkbox_CONFIRM AND ACKNOWLEDGE' is clicked on

2019-07-11 11:43:16 - [TEST_STEP][PASSED] - click(findTestObject("OCS-DESKTOP/Age gate and Mega menu/button_CONFIRM")): Object: 'Object Repository/OCS-DESKTOP/Age gate and Mega menu/button_CONFIRM' is clicked on

2019-07-11 11:43:16 - [MESSAGE][PASSED] - Object: 'Object Repository/OCS-DESKTOP/Age gate and Mega menu/button_CONFIRM' is clicked on

2019-07-11 11:43:16 - [TEST_STEP][PASSED] - click(findTestObject("OCS-DESKTOP/Age gate and Mega menu/button_Start Browsing")): Object: 'Object Repository/OCS-DESKTOP/Age gate and Mega menu/button_Start Browsing' is clicked on

2019-07-11 11:43:16 - [MESSAGE][PASSED] - Object: 'Object Repository/OCS-DESKTOP/Age gate and Mega menu/button_Start Browsing' is clicked on

2019-07-11 11:43:16 - [TEST_STEP][PASSED] - delay(2): Delayed 2 second(s)

2019-07-11 11:43:18 - [MESSAGE][PASSED] - Delayed 2 second(s)

2019-07-11 11:43:18 - [TEST_STEP][PASSED] - refresh(): Refresh successfully

2019-07-11 11:43:18 - [MESSAGE][PASSED] - Refresh successfully

2019-07-11 11:43:18 - [MESSAGE][PASSED] - Call Test Case 'Test Cases/OCS - DESKTOP/CALL- Age gate' successfully

2019-07-11 11:43:18 - [TEST_STEP][PASSED] - delay(2): Delayed 2 second(s)

2019-07-11 11:43:20 - [MESSAGE][PASSED] - Delayed 2 second(s)

2019-07-11 11:43:20 - [TEST_STEP][PASSED] - callTestCase(findTestCase("OCS - DESKTOP/CALL - TOGGLING LANGUAGE"), [:], STOP_ON_FAILURE): Call Test Case 'Test Cases/OCS - DESKTOP/CALL - TOGGLING LANGUAGE' successfully

2019-07-11 11:43:20 - [TEST_CASE][PASSED] - Test Cases/OCS - DESKTOP/CALL - TOGGLING LANGUAGE: Test Cases/OCS - DESKTOP/CALL - TOGGLING LANGUAGE

2019-07-11 11:43:20 - [TEST_STEP][PASSED] - delay(2): Delayed 2 second(s)

2019-07-11 11:43:22 - [MESSAGE][PASSED] - Delayed 2 second(s)

2019-07-11 11:43:22 - [TEST_STEP][PASSED] - click(findTestObject("OCS-DESKTOP/Cart flyout/English dropdown")): Object: 'Object Repository/OCS-DESKTOP/Cart flyout/English dropdown' is clicked on

2019-07-11 11:43:22 - [MESSAGE][PASSED] - Object: 'Object Repository/OCS-DESKTOP/Cart flyout/English dropdown' is clicked on

2019-07-11 11:43:22 - [TEST_STEP][PASSED] - delay(2): Delayed 2 second(s)

2019-07-11 11:43:24 - [MESSAGE][PASSED] - Delayed 2 second(s)

2019-07-11 11:43:24 - [TEST_STEP][PASSED] - click(findTestObject("OCS-DESKTOP/Cart flyout/Select French")): Object: 'Object Repository/OCS-DESKTOP/Cart flyout/Select French' is clicked on

2019-07-11 11:43:25 - [MESSAGE][PASSED] - Object: 'Object Repository/OCS-DESKTOP/Cart flyout/Select French' is clicked on

2019-07-11 11:43:25 - [TEST_STEP][PASSED] - delay(5): Delayed 5 second(s)

2019-07-11 11:43:30 - [MESSAGE][PASSED] - Delayed 5 second(s)

2019-07-11 11:43:30 - [TEST_STEP][PASSED] - e = getWindowTitle(): Current window's title is: 'Magasin de Cannabis de l'Ontario | Ontario Cannabis Store'

2019-07-11 11:43:30 - [MESSAGE][PASSED] - Current window's title is: 'Magasin de Cannabis de l'Ontario | Ontario Cannabis Store'

2019-07-11 11:43:30 - [MESSAGE][PASSED] - Call Test Case 'Test Cases/OCS - DESKTOP/CALL - TOGGLING LANGUAGE' successfully

2019-07-11 11:43:30 - [TEST_STEP][PASSED] - click(findTestObject("OCS-DESKTOP/Age gate and Mega menu/Header/CANNABIS menu - English")): Object: 'Object Repository/OCS-DESKTOP/Age gate and Mega menu/Header/CANNABIS menu - English' is clicked on

2019-07-11 11:43:30 - [MESSAGE][PASSED] - Object: 'Object Repository/OCS-DESKTOP/Age gate and Mega menu/Header/CANNABIS menu - English' is clicked on

2019-07-11 11:43:30 - [TEST_STEP][PASSED] - delay(2): Delayed 2 second(s)

2019-07-11 11:43:32 - [MESSAGE][PASSED] - Delayed 2 second(s)

2019-07-11 11:43:32 - [TEST_STEP][PASSED] - executeJavaScript("var previewBar = document.getElementById("preview-bar-iframe"); previewBar.style.display = "none";", []): Execute JavaScript 'var previewBar = document.getElementById("preview-bar-iframe"); previewBar.style.display = "none";' successfully

2019-07-11 11:43:32 - [MESSAGE][PASSED] - Execute JavaScript 'var previewBar = document.getElementById("preview-bar-iframe"); previewBar.style.display = "none";' successfully

2019-07-11 11:43:32 - [TEST_STEP][PASSED] - click(findTestObject("OCS-DESKTOP/Age gate and Mega menu/Indica Dominant_Menu item")): Object: 'Object Repository/OCS-DESKTOP/Age gate and Mega menu/Indica Dominant_Menu item' is clicked on

2019-07-11 11:43:34 - [MESSAGE][PASSED] - Object: 'Object Repository/OCS-DESKTOP/Age gate and Mega menu/Indica Dominant_Menu item' is clicked on

2019-07-11 11:43:34 - [TEST_STEP][PASSED] - executeJavaScript("var previewBar = document.getElementById("preview-bar-iframe"); previewBar.style.display = "none";", []): Execute JavaScript 'var previewBar = document.getElementById("preview-bar-iframe"); previewBar.style.display = "none";' successfully

2019-07-11 11:43:34 - [MESSAGE][PASSED] - Execute JavaScript 'var previewBar = document.getElementById("preview-bar-iframe"); previewBar.style.display = "none";' successfully

2019-07-11 11:43:34 - [TEST_STEP][PASSED] - delay(2): Delayed 2 second(s)

2019-07-11 11:43:36 - [MESSAGE][PASSED] - Delayed 2 second(s)

2019-07-11 11:43:36 - [TEST_STEP][PASSED] - click(findTestObject("FRENCH/Product image - 1st one")): Object: 'Object Repository/FRENCH/Product image - 1st one' is clicked on

2019-07-11 11:43:40 - [MESSAGE][PASSED] - Object: 'Object Repository/FRENCH/Product image - 1st one' is clicked on

2019-07-11 11:43:40 - [TEST_STEP][PASSED] - executeJavaScript("var previewBar = document.getElementById("preview-bar-iframe"); previewBar.style.display = "none";", []): Execute JavaScript 'var previewBar = document.getElementById("preview-bar-iframe"); previewBar.style.display = "none";' successfully

2019-07-11 11:43:40 - [MESSAGE][PASSED] - Execute JavaScript 'var previewBar = document.getElementById("preview-bar-iframe"); previewBar.style.display = "none";' successfully

2019-07-11 11:43:40 - [TEST_STEP][PASSED] - delay(3): Delayed 3 second(s)

2019-07-11 11:43:43 - [MESSAGE][PASSED] - Delayed 3 second(s)

2019-07-11 11:43:43 - [TEST_STEP][PASSED] - click(findTestObject("OCS-DESKTOP/Product page/Swatch_1g")): Object: 'Object Repository/OCS-DESKTOP/Product page/Swatch_1g' is clicked on

2019-07-11 11:43:43 - [MESSAGE][PASSED] - Object: 'Object Repository/OCS-DESKTOP/Product page/Swatch_1g' is clicked on

2019-07-11 11:43:43 - [TEST_STEP][PASSED] - delay(2): Delayed 2 second(s)

2019-07-11 11:43:45 - [MESSAGE][PASSED] - Delayed 2 second(s)

2019-07-11 11:43:45 - [TEST_STEP][PASSED] - click(findTestObject("OCS-DESKTOP/Product page/Add to Bag-button")): Object: 'Object Repository/OCS-DESKTOP/Product page/Add to Bag-button' is clicked on

2019-07-11 11:43:45 - [MESSAGE][PASSED] - Object: 'Object Repository/OCS-DESKTOP/Product page/Add to Bag-button' is clicked on

2019-07-11 11:43:45 - [TEST_STEP][PASSED] - delay(2): Delayed 2 second(s)

2019-07-11 11:43:47 - [MESSAGE][PASSED] - Delayed 2 second(s)

2019-07-11 11:43:47 - [TEST_STEP][PASSED] - click(findTestObject("OCS-DESKTOP/Product page/Quantity Increase - Button")): Object: 'Object Repository/OCS-DESKTOP/Product page/Quantity Increase - Button' is clicked on

2019-07-11 11:43:48 - [MESSAGE][PASSED] - Object: 'Object Repository/OCS-DESKTOP/Product page/Quantity Increase - Button' is clicked on

2019-07-11 11:43:48 - [TEST_STEP][PASSED] - delay(2): Delayed 2 second(s)

2019-07-11 11:43:50 - [MESSAGE][PASSED] - Delayed 2 second(s)

2019-07-11 11:43:50 - [TEST_STEP][PASSED] - click(findTestObject("OCS-DESKTOP/Home - page/Cart icon -bag"), OPTIONAL): Object: 'Object Repository/OCS-DESKTOP/Home - page/Cart icon -bag' is clicked on

2019-07-11 11:43:50 - [MESSAGE][PASSED] - Object: 'Object Repository/OCS-DESKTOP/Home - page/Cart icon -bag' is clicked on

2019-07-11 11:43:50 - [TEST_STEP][PASSED] - delay(2): Delayed 2 second(s)

2019-07-11 11:43:52 - [MESSAGE][PASSED] - Delayed 2 second(s)

2019-07-11 11:43:52 - [TEST_STEP][PASSED] - a = getText(findTestObject("OCS-DESKTOP/Cart flyout/Unit price - Product")): Text of object 'Object Repository/OCS-DESKTOP/Cart flyout/Unit price - Product' is: '10,50 $'

2019-07-11 11:43:52 - [MESSAGE][PASSED] - Text of object 'Object Repository/OCS-DESKTOP/Cart flyout/Unit price - Product' is: '10,50 $'

2019-07-11 11:43:52 - [TEST_STEP][PASSED] - comment(a): 10,50 $

2019-07-11 11:43:52 - [MESSAGE][INFO] - 10,50 $

2019-07-11 11:43:52 - [TEST_STEP][PASSED] - b = a.substring(1): null

2019-07-11 11:43:52 - [TEST_STEP][PASSED] - comment(b): 0,50 $

2019-07-11 11:43:52 - [MESSAGE][INFO] - 0,50 $

2019-07-11 11:43:52 - [TEST_STEP][PASSED] - la = b.substring(0, b.length() - 1): null

2019-07-11 11:43:52 - [TEST_STEP][PASSED] - comment("la=" + la): la=0,50 

2019-07-11 11:43:52 - [MESSAGE][INFO] - la=0,50 

2019-07-11 11:43:52 - [TEST_STEP][PASSED] - la1 = la.substring(0, la.length() - 1): null

2019-07-11 11:43:52 - [TEST_STEP][PASSED] - comment(" la1 =" + la1):  la1 =0,50

2019-07-11 11:43:52 - [MESSAGE][INFO] -  la1 =0,50

2019-07-11 11:43:52 - [TEST_STEP][PASSED] - la2 = la1.substring(0, la1.length() - 1): null

2019-07-11 11:43:52 - [TEST_STEP][PASSED] - comment("la2 =" + la2): la2 =0,5

2019-07-11 11:43:52 - [MESSAGE][INFO] - la2 =0,5

2019-07-11 11:43:52 - [TEST_STEP][PASSED] - click(findTestObject("OCS-DESKTOP/Cart flyout/input_-_updates")): Object: 'Object Repository/OCS-DESKTOP/Cart flyout/input_-_updates' is clicked on

2019-07-11 11:43:52 - [MESSAGE][PASSED] - Object: 'Object Repository/OCS-DESKTOP/Cart flyout/input_-_updates' is clicked on

2019-07-11 11:43:52 - [TEST_STEP][PASSED] - delay(1): Delayed 1 second(s)

2019-07-11 11:43:53 - [MESSAGE][PASSED] - Delayed 1 second(s)

2019-07-11 11:43:53 - [TEST_STEP][PASSED] - doubleClick(findTestObject("OCS-DESKTOP/Cart flyout/input_-_updates")): Object: 'Object Repository/OCS-DESKTOP/Cart flyout/input_-_updates' is double clicked on

2019-07-11 11:43:53 - [MESSAGE][PASSED] - Object: 'Object Repository/OCS-DESKTOP/Cart flyout/input_-_updates' is double clicked on

2019-07-11 11:43:53 - [TEST_STEP][PASSED] - delay(1): Delayed 1 second(s)

2019-07-11 11:43:54 - [MESSAGE][PASSED] - Delayed 1 second(s)

2019-07-11 11:43:54 - [TEST_STEP][PASSED] - setText(findTestObject("OCS-DESKTOP/Cart flyout/input_-_updates"), "3"): Text '3' is set on object 'Object Repository/OCS-DESKTOP/Cart flyout/input_-_updates'

2019-07-11 11:43:54 - [MESSAGE][PASSED] - Text '3' is set on object 'Object Repository/OCS-DESKTOP/Cart flyout/input_-_updates'

2019-07-11 11:43:54 - [TEST_STEP][PASSED] - delay(2): Delayed 2 second(s)

2019-07-11 11:43:56 - [MESSAGE][PASSED] - Delayed 2 second(s)

2019-07-11 11:43:56 - [TEST_STEP][PASSED] - click(findTestObject("OCS-DESKTOP/Cart flyout/Quantity increase - Product")): Object: 'Object Repository/OCS-DESKTOP/Cart flyout/Quantity increase - Product' is clicked on

2019-07-11 11:43:56 - [MESSAGE][PASSED] - Object: 'Object Repository/OCS-DESKTOP/Cart flyout/Quantity increase - Product' is clicked on

2019-07-11 11:43:56 - [TEST_STEP][PASSED] - delay(2): Delayed 2 second(s)

2019-07-11 11:43:58 - [MESSAGE][PASSED] - Delayed 2 second(s)

2019-07-11 11:43:58 - [TEST_STEP][PASSED] - click(findTestObject("OCS-DESKTOP/Cart flyout/Quantity increase - Product")): Object: 'Object Repository/OCS-DESKTOP/Cart flyout/Quantity increase - Product' is clicked on

2019-07-11 11:43:58 - [MESSAGE][PASSED] - Object: 'Object Repository/OCS-DESKTOP/Cart flyout/Quantity increase - Product' is clicked on

2019-07-11 11:43:58 - [TEST_STEP][PASSED] - delay(2): Delayed 2 second(s)

2019-07-11 11:44:00 - [MESSAGE][PASSED] - Delayed 2 second(s)

2019-07-11 11:44:00 - [TEST_STEP][PASSED] - click(findTestObject("OCS-DESKTOP/Cart flyout/Quantity increase - Product")): Object: 'Object Repository/OCS-DESKTOP/Cart flyout/Quantity increase - Product' is clicked on

2019-07-11 11:44:00 - [MESSAGE][PASSED] - Object: 'Object Repository/OCS-DESKTOP/Cart flyout/Quantity increase - Product' is clicked on

2019-07-11 11:44:00 - [TEST_STEP][PASSED] - delay(2): Delayed 2 second(s)

2019-07-11 11:44:02 - [MESSAGE][PASSED] - Delayed 2 second(s)

2019-07-11 11:44:02 - [TEST_STEP][PASSED] - c = getText(findTestObject("OCS-DESKTOP/Cart flyout/Sub-total Price")): Text of object 'Object Repository/OCS-DESKTOP/Cart flyout/Sub-total Price' is: '42,00 $'

2019-07-11 11:44:02 - [MESSAGE][PASSED] - Text of object 'Object Repository/OCS-DESKTOP/Cart flyout/Sub-total Price' is: '42,00 $'

2019-07-11 11:44:02 - [TEST_STEP][PASSED] - comment(c): 42,00 $

2019-07-11 11:44:02 - [MESSAGE][INFO] - 42,00 $

2019-07-11 11:44:02 - [TEST_STEP][PASSED] - d = c.substring(1): null

2019-07-11 11:44:02 - [TEST_STEP][PASSED] - comment(d): 2,00 $

2019-07-11 11:44:02 - [MESSAGE][INFO] - 2,00 $

2019-07-11 11:44:02 - [TEST_STEP][PASSED] - verifyNotEqual("c", "d"): Actual object 'c' and expected object 'd' are not equal

2019-07-11 11:44:02 - [MESSAGE][PASSED] - Actual object 'c' and expected object 'd' are not equal

2019-07-11 11:44:02 - [TEST_STEP][PASSED] - comment(" price changed . Quantity selector is working"):  price changed . Quantity selector is working

2019-07-11 11:44:02 - [MESSAGE][INFO] -  price changed . Quantity selector is working

2019-07-11 11:44:02 - [TEST_STEP][PASSED] - callTestCase(findTestCase("OCS - DESKTOP/CALL- SHIPPING TO PAYMENT"), [:], STOP_ON_FAILURE): Call Test Case 'Test Cases/OCS - DESKTOP/CALL- SHIPPING TO PAYMENT' successfully

2019-07-11 11:44:02 - [TEST_CASE][PASSED] - Test Cases/OCS - DESKTOP/CALL- SHIPPING TO PAYMENT: Test Cases/OCS - DESKTOP/CALL- SHIPPING TO PAYMENT

2019-07-11 11:44:02 - [TEST_STEP][PASSED] - delay(1): Delayed 1 second(s)

2019-07-11 11:44:03 - [MESSAGE][PASSED] - Delayed 1 second(s)

2019-07-11 11:44:03 - [TEST_STEP][PASSED] - click(findTestObject("OCS-DESKTOP/Cart flyout/Checkbox_I confirm that")): Object: 'Object Repository/OCS-DESKTOP/Cart flyout/Checkbox_I confirm that' is clicked on

2019-07-11 11:44:03 - [MESSAGE][PASSED] - Object: 'Object Repository/OCS-DESKTOP/Cart flyout/Checkbox_I confirm that' is clicked on

2019-07-11 11:44:03 - [TEST_STEP][PASSED] - delay(1): Delayed 1 second(s)

2019-07-11 11:44:04 - [MESSAGE][PASSED] - Delayed 1 second(s)

2019-07-11 11:44:04 - [TEST_STEP][PASSED] - click(findTestObject("OCS-DESKTOP/Cart flyout/Checkbox_Accept the Terms Condition")): Object: 'Object Repository/OCS-DESKTOP/Cart flyout/Checkbox_Accept the Terms Condition' is clicked on

2019-07-11 11:44:04 - [MESSAGE][PASSED] - Object: 'Object Repository/OCS-DESKTOP/Cart flyout/Checkbox_Accept the Terms Condition' is clicked on

2019-07-11 11:44:04 - [TEST_STEP][PASSED] - delay(1): Delayed 1 second(s)

2019-07-11 11:44:05 - [MESSAGE][PASSED] - Delayed 1 second(s)

2019-07-11 11:44:05 - [TEST_STEP][PASSED] - click(findTestObject("OCS-DESKTOP/Cart flyout/Checkout - Button")): Object: 'Object Repository/OCS-DESKTOP/Cart flyout/Checkout - Button' is clicked on

2019-07-11 11:44:07 - [MESSAGE][PASSED] - Object: 'Object Repository/OCS-DESKTOP/Cart flyout/Checkout - Button' is clicked on

2019-07-11 11:44:07 - [TEST_STEP][PASSED] - executeJavaScript("var previewBar = document.getElementById("preview-bar-iframe"); previewBar.style.display = "none";", []): Execute JavaScript 'var previewBar = document.getElementById("preview-bar-iframe"); previewBar.style.display = "none";' successfully

2019-07-11 11:44:07 - [MESSAGE][PASSED] - Execute JavaScript 'var previewBar = document.getElementById("preview-bar-iframe"); previewBar.style.display = "none";' successfully

2019-07-11 11:44:07 - [TEST_STEP][PASSED] - delay(2): Delayed 2 second(s)

2019-07-11 11:44:09 - [MESSAGE][PASSED] - Delayed 2 second(s)

2019-07-11 11:44:09 - [TEST_STEP][PASSED] - setText(findTestObject("Object Repository/Page_Ontario Cannabis Store - Infor/input_Adresse e-mail_checkoute"), "suman@gmail.com"): Text 'suman@gmail.com' is set on object 'Object Repository/Page_Ontario Cannabis Store - Infor/input_Adresse e-mail_checkoute'

2019-07-11 11:44:09 - [MESSAGE][PASSED] - Text 'suman@gmail.com' is set on object 'Object Repository/Page_Ontario Cannabis Store - Infor/input_Adresse e-mail_checkoute'

2019-07-11 11:44:09 - [TEST_STEP][PASSED] - setText(findTestObject("Object Repository/Page_Ontario Cannabis Store - Infor/input_Prnom_checkoutshipping_a"), "suman"): Text 'suman' is set on object 'Object Repository/Page_Ontario Cannabis Store - Infor/input_Prnom_checkoutshipping_a'

2019-07-11 11:44:10 - [MESSAGE][PASSED] - Text 'suman' is set on object 'Object Repository/Page_Ontario Cannabis Store - Infor/input_Prnom_checkoutshipping_a'

2019-07-11 11:44:10 - [TEST_STEP][PASSED] - setText(findTestObject("Object Repository/Page_Ontario Cannabis Store - Infor/input_Nom_checkoutshipping_add"), "kompelly"): Text 'kompelly' is set on object 'Object Repository/Page_Ontario Cannabis Store - Infor/input_Nom_checkoutshipping_add'

2019-07-11 11:44:10 - [MESSAGE][PASSED] - Text 'kompelly' is set on object 'Object Repository/Page_Ontario Cannabis Store - Infor/input_Nom_checkoutshipping_add'

2019-07-11 11:44:10 - [TEST_STEP][PASSED] - setText(findTestObject("Object Repository/Page_Ontario Cannabis Store - Infor/input_Adresse_checkoutshipping"), "123 test"): Text '123 test' is set on object 'Object Repository/Page_Ontario Cannabis Store - Infor/input_Adresse_checkoutshipping'

2019-07-11 11:44:10 - [MESSAGE][PASSED] - Text '123 test' is set on object 'Object Repository/Page_Ontario Cannabis Store - Infor/input_Adresse_checkoutshipping'

2019-07-11 11:44:10 - [TEST_STEP][PASSED] - setText(findTestObject("Object Repository/Page_Ontario Cannabis Store - Infor/input_Appartement suite etc. ("), "123"): Text '123' is set on object 'Object Repository/Page_Ontario Cannabis Store - Infor/input_Appartement suite etc. ('

2019-07-11 11:44:10 - [MESSAGE][PASSED] - Text '123' is set on object 'Object Repository/Page_Ontario Cannabis Store - Infor/input_Appartement suite etc. ('

2019-07-11 11:44:10 - [TEST_STEP][PASSED] - setText(findTestObject("Object Repository/Page_Ontario Cannabis Store - Infor/input_Ville_checkoutshipping_a"), "montreal"): Text 'montreal' is set on object 'Object Repository/Page_Ontario Cannabis Store - Infor/input_Ville_checkoutshipping_a'

2019-07-11 11:44:10 - [MESSAGE][PASSED] - Text 'montreal' is set on object 'Object Repository/Page_Ontario Cannabis Store - Infor/input_Ville_checkoutshipping_a'

2019-07-11 11:44:10 - [TEST_STEP][PASSED] - setText(findTestObject("Object Repository/Page_Ontario Cannabis Store - Infor/input_Code postal_checkoutship"), "n0r1k0"): Text 'n0r1k0' is set on object 'Object Repository/Page_Ontario Cannabis Store - Infor/input_Code postal_checkoutship'

2019-07-11 11:44:10 - [MESSAGE][PASSED] - Text 'n0r1k0' is set on object 'Object Repository/Page_Ontario Cannabis Store - Infor/input_Code postal_checkoutship'

2019-07-11 11:44:10 - [TEST_STEP][PASSED] - setText(findTestObject("Object Repository/Page_Ontario Cannabis Store - Infor/input_Tlphone_checkoutshipping"), "514-449-3883"): Text '514-449-3883' is set on object 'Object Repository/Page_Ontario Cannabis Store - Infor/input_Tlphone_checkoutshipping'

2019-07-11 11:44:10 - [MESSAGE][PASSED] - Text '514-449-3883' is set on object 'Object Repository/Page_Ontario Cannabis Store - Infor/input_Tlphone_checkoutshipping'

2019-07-11 11:44:10 - [TEST_STEP][PASSED] - delay(2): Delayed 2 second(s)

2019-07-11 11:44:12 - [MESSAGE][PASSED] - Delayed 2 second(s)

2019-07-11 11:44:12 - [TEST_STEP][PASSED] - click(findTestObject("Object Repository/Page_Ontario Cannabis Store - Infor/button_Continuer vers le mode")): Object: 'Object Repository/Page_Ontario Cannabis Store - Infor/button_Continuer vers le mode' is clicked on

2019-07-11 11:44:13 - [MESSAGE][PASSED] - Object: 'Object Repository/Page_Ontario Cannabis Store - Infor/button_Continuer vers le mode' is clicked on

2019-07-11 11:44:13 - [TEST_STEP][PASSED] - delay(4): Delayed 4 second(s)

2019-07-11 11:44:17 - [MESSAGE][PASSED] - Delayed 4 second(s)

2019-07-11 11:44:17 - [TEST_STEP][PASSED] - executeJavaScript("var previewBar = document.getElementById("preview-bar-iframe"); previewBar.style.display = "none";", []): Execute JavaScript 'var previewBar = document.getElementById("preview-bar-iframe"); previewBar.style.display = "none";' successfully

2019-07-11 11:44:17 - [MESSAGE][PASSED] - Execute JavaScript 'var previewBar = document.getElementById("preview-bar-iframe"); previewBar.style.display = "none";' successfully

2019-07-11 11:44:17 - [TEST_STEP][PASSED] - delay(2): Delayed 2 second(s)

2019-07-11 11:44:19 - [MESSAGE][PASSED] - Delayed 2 second(s)

2019-07-11 11:44:19 - [TEST_STEP][PASSED] - click(findTestObject("Object Repository/Page_Ontario Cannabis Store - Livra/button_Continuer vers le moyen")): Object: 'Object Repository/Page_Ontario Cannabis Store - Livra/button_Continuer vers le moyen' is clicked on

2019-07-11 11:44:21 - [MESSAGE][PASSED] - Object: 'Object Repository/Page_Ontario Cannabis Store - Livra/button_Continuer vers le moyen' is clicked on

2019-07-11 11:44:21 - [MESSAGE][PASSED] - Call Test Case 'Test Cases/OCS - DESKTOP/CALL- SHIPPING TO PAYMENT' successfully]]></system-out>
         <system-err><![CDATA[]]></system-err>
      </testcase>
      <testcase name="Test Cases/OCS - DESKTOP/OCS- CRITICAL PATH - FRENCH/Cart flyout - Price comparison-fr" classname="Test Cases/OCS - DESKTOP/OCS- CRITICAL PATH - FRENCH/Cart flyout - Price comparison-fr" status="PASSED">
         <system-out><![CDATA[2019-07-11 11:44:21 - [TEST_CASE][PASSED] - Test Cases/OCS - DESKTOP/OCS- CRITICAL PATH - FRENCH/Cart flyout - Price comparison-fr: Test Cases/OCS - DESKTOP/OCS- CRITICAL PATH - FRENCH/Cart flyout - Price comparison-fr

2019-07-11 11:44:22 - [TEST_STEP][PASSED] - callTestCase(findTestCase("OCS - DESKTOP/CALL- Age gate"), [:], STOP_ON_FAILURE): Call Test Case 'Test Cases/OCS - DESKTOP/CALL- Age gate' successfully

2019-07-11 11:44:22 - [TEST_CASE][PASSED] - Test Cases/OCS - DESKTOP/CALL- Age gate: Test Cases/OCS - DESKTOP/CALL- Age gate

2019-07-11 11:44:22 - [TEST_STEP][PASSED] - openBrowser(""): Browser is opened with url: ''

2019-07-11 11:44:22 - [MESSAGE][WARNING] - A browser is already opened. Closing browser and opening a new one

2019-07-11 11:44:22 - [MESSAGE][INFO] - Starting 'Chrome' driver

2019-07-11 11:44:23 - [MESSAGE][PASSED] - Browser is opened with url: ''

2019-07-11 11:44:23 - [TEST_STEP][PASSED] - navigateToUrl("https://ocs.ca/?fts=0&preview_theme_id=74205529932"): Navigate to 'https://ocs.ca/?fts=0&preview_theme_id=74205529932' successfully

2019-07-11 11:44:28 - [MESSAGE][PASSED] - Navigate to 'https://ocs.ca/?fts=0&preview_theme_id=74205529932' successfully

2019-07-11 11:44:28 - [TEST_STEP][PASSED] - maximizeWindow(): Current window maximized

2019-07-11 11:44:28 - [MESSAGE][PASSED] - Current window maximized

2019-07-11 11:44:28 - [TEST_STEP][PASSED] - delay(2): Delayed 2 second(s)

2019-07-11 11:44:30 - [MESSAGE][PASSED] - Delayed 2 second(s)

2019-07-11 11:44:30 - [TEST_STEP][PASSED] - executeJavaScript("var previewBar = document.getElementById("preview-bar-iframe"); previewBar.style.display = "none";", []): Execute JavaScript 'var previewBar = document.getElementById("preview-bar-iframe"); previewBar.style.display = "none";' successfully

2019-07-11 11:44:30 - [MESSAGE][PASSED] - Execute JavaScript 'var previewBar = document.getElementById("preview-bar-iframe"); previewBar.style.display = "none";' successfully

2019-07-11 11:44:30 - [TEST_STEP][PASSED] - selectOptionByValue(findTestObject("OCS-DESKTOP/Age gate and Mega menu/Date"), "12", true): All options with value '12' are selected in object 'Object Repository/OCS-DESKTOP/Age gate and Mega menu/Date'  using regular expression

2019-07-11 11:44:31 - [MESSAGE][PASSED] - All options with value '12' are selected in object 'Object Repository/OCS-DESKTOP/Age gate and Mega menu/Date'  using regular expression

2019-07-11 11:44:31 - [TEST_STEP][PASSED] - selectOptionByValue(findTestObject("OCS-DESKTOP/Age gate and Mega menu/month"), "6", true): All options with value '6' are selected in object 'Object Repository/OCS-DESKTOP/Age gate and Mega menu/month'  using regular expression

2019-07-11 11:44:31 - [MESSAGE][PASSED] - All options with value '6' are selected in object 'Object Repository/OCS-DESKTOP/Age gate and Mega menu/month'  using regular expression

2019-07-11 11:44:31 - [TEST_STEP][PASSED] - delay(2): Delayed 2 second(s)

2019-07-11 11:44:33 - [MESSAGE][PASSED] - Delayed 2 second(s)

2019-07-11 11:44:33 - [TEST_STEP][PASSED] - selectOptionByValue(findTestObject("OCS-DESKTOP/Age gate and Mega menu/Year Dropdown"), "1990", true): All options with value '1990' are selected in object 'Object Repository/OCS-DESKTOP/Age gate and Mega menu/Year Dropdown'  using regular expression

2019-07-11 11:44:34 - [MESSAGE][PASSED] - All options with value '1990' are selected in object 'Object Repository/OCS-DESKTOP/Age gate and Mega menu/Year Dropdown'  using regular expression

2019-07-11 11:44:34 - [TEST_STEP][PASSED] - click(findTestObject("OCS-DESKTOP/Age gate and Mega menu/button_Verify")): Object: 'Object Repository/OCS-DESKTOP/Age gate and Mega menu/button_Verify' is clicked on

2019-07-11 11:44:34 - [MESSAGE][PASSED] - Object: 'Object Repository/OCS-DESKTOP/Age gate and Mega menu/button_Verify' is clicked on

2019-07-11 11:44:34 - [TEST_STEP][PASSED] - click(findTestObject("OCS-DESKTOP/Age gate and Mega menu/Checkbox_CONFIRM AND ACKNOWLEDGE")): Object: 'Object Repository/OCS-DESKTOP/Age gate and Mega menu/Checkbox_CONFIRM AND ACKNOWLEDGE' is clicked on

2019-07-11 11:44:34 - [MESSAGE][PASSED] - Object: 'Object Repository/OCS-DESKTOP/Age gate and Mega menu/Checkbox_CONFIRM AND ACKNOWLEDGE' is clicked on

2019-07-11 11:44:34 - [TEST_STEP][PASSED] - click(findTestObject("OCS-DESKTOP/Age gate and Mega menu/button_CONFIRM")): Object: 'Object Repository/OCS-DESKTOP/Age gate and Mega menu/button_CONFIRM' is clicked on

2019-07-11 11:44:34 - [MESSAGE][PASSED] - Object: 'Object Repository/OCS-DESKTOP/Age gate and Mega menu/button_CONFIRM' is clicked on

2019-07-11 11:44:34 - [TEST_STEP][PASSED] - click(findTestObject("OCS-DESKTOP/Age gate and Mega menu/button_Start Browsing")): Object: 'Object Repository/OCS-DESKTOP/Age gate and Mega menu/button_Start Browsing' is clicked on

2019-07-11 11:44:34 - [MESSAGE][PASSED] - Object: 'Object Repository/OCS-DESKTOP/Age gate and Mega menu/button_Start Browsing' is clicked on

2019-07-11 11:44:34 - [TEST_STEP][PASSED] - delay(2): Delayed 2 second(s)

2019-07-11 11:44:36 - [MESSAGE][PASSED] - Delayed 2 second(s)

2019-07-11 11:44:36 - [TEST_STEP][PASSED] - refresh(): Refresh successfully

2019-07-11 11:44:36 - [MESSAGE][PASSED] - Refresh successfully

2019-07-11 11:44:36 - [MESSAGE][PASSED] - Call Test Case 'Test Cases/OCS - DESKTOP/CALL- Age gate' successfully

2019-07-11 11:44:36 - [TEST_STEP][PASSED] - delay(2): Delayed 2 second(s)

2019-07-11 11:44:38 - [MESSAGE][PASSED] - Delayed 2 second(s)

2019-07-11 11:44:38 - [TEST_STEP][PASSED] - callTestCase(findTestCase("OCS - DESKTOP/CALL - TOGGLING LANGUAGE"), [:], STOP_ON_FAILURE): Call Test Case 'Test Cases/OCS - DESKTOP/CALL - TOGGLING LANGUAGE' successfully

2019-07-11 11:44:38 - [TEST_CASE][PASSED] - Test Cases/OCS - DESKTOP/CALL - TOGGLING LANGUAGE: Test Cases/OCS - DESKTOP/CALL - TOGGLING LANGUAGE

2019-07-11 11:44:38 - [TEST_STEP][PASSED] - delay(2): Delayed 2 second(s)

2019-07-11 11:44:40 - [MESSAGE][PASSED] - Delayed 2 second(s)

2019-07-11 11:44:40 - [TEST_STEP][PASSED] - click(findTestObject("OCS-DESKTOP/Cart flyout/English dropdown")): Object: 'Object Repository/OCS-DESKTOP/Cart flyout/English dropdown' is clicked on

2019-07-11 11:44:40 - [MESSAGE][PASSED] - Object: 'Object Repository/OCS-DESKTOP/Cart flyout/English dropdown' is clicked on

2019-07-11 11:44:40 - [TEST_STEP][PASSED] - delay(2): Delayed 2 second(s)

2019-07-11 11:44:42 - [MESSAGE][PASSED] - Delayed 2 second(s)

2019-07-11 11:44:42 - [TEST_STEP][PASSED] - click(findTestObject("OCS-DESKTOP/Cart flyout/Select French")): Object: 'Object Repository/OCS-DESKTOP/Cart flyout/Select French' is clicked on

2019-07-11 11:44:42 - [MESSAGE][PASSED] - Object: 'Object Repository/OCS-DESKTOP/Cart flyout/Select French' is clicked on

2019-07-11 11:44:42 - [TEST_STEP][PASSED] - delay(5): Delayed 5 second(s)

2019-07-11 11:44:47 - [MESSAGE][PASSED] - Delayed 5 second(s)

2019-07-11 11:44:47 - [TEST_STEP][PASSED] - e = getWindowTitle(): Current window's title is: 'Magasin de Cannabis de l'Ontario | Ontario Cannabis Store'

2019-07-11 11:44:47 - [MESSAGE][PASSED] - Current window's title is: 'Magasin de Cannabis de l'Ontario | Ontario Cannabis Store'

2019-07-11 11:44:47 - [MESSAGE][PASSED] - Call Test Case 'Test Cases/OCS - DESKTOP/CALL - TOGGLING LANGUAGE' successfully

2019-07-11 11:44:47 - [TEST_STEP][PASSED] - click(findTestObject("OCS-DESKTOP/Age gate and Mega menu/Header/CANNABIS menu - English")): Object: 'Object Repository/OCS-DESKTOP/Age gate and Mega menu/Header/CANNABIS menu - English' is clicked on

2019-07-11 11:44:48 - [MESSAGE][PASSED] - Object: 'Object Repository/OCS-DESKTOP/Age gate and Mega menu/Header/CANNABIS menu - English' is clicked on

2019-07-11 11:44:48 - [TEST_STEP][PASSED] - delay(2): Delayed 2 second(s)

2019-07-11 11:44:50 - [MESSAGE][PASSED] - Delayed 2 second(s)

2019-07-11 11:44:50 - [TEST_STEP][PASSED] - executeJavaScript("var previewBar = document.getElementById("preview-bar-iframe"); previewBar.style.display = "none";", []): Execute JavaScript 'var previewBar = document.getElementById("preview-bar-iframe"); previewBar.style.display = "none";' successfully

2019-07-11 11:44:50 - [MESSAGE][PASSED] - Execute JavaScript 'var previewBar = document.getElementById("preview-bar-iframe"); previewBar.style.display = "none";' successfully

2019-07-11 11:44:50 - [TEST_STEP][PASSED] - click(findTestObject("OCS-DESKTOP/Age gate and Mega menu/Indica Dominant_Menu item")): Object: 'Object Repository/OCS-DESKTOP/Age gate and Mega menu/Indica Dominant_Menu item' is clicked on

2019-07-11 11:44:52 - [MESSAGE][PASSED] - Object: 'Object Repository/OCS-DESKTOP/Age gate and Mega menu/Indica Dominant_Menu item' is clicked on

2019-07-11 11:44:52 - [TEST_STEP][PASSED] - executeJavaScript("var previewBar = document.getElementById("preview-bar-iframe"); previewBar.style.display = "none";", []): Execute JavaScript 'var previewBar = document.getElementById("preview-bar-iframe"); previewBar.style.display = "none";' successfully

2019-07-11 11:44:52 - [MESSAGE][PASSED] - Execute JavaScript 'var previewBar = document.getElementById("preview-bar-iframe"); previewBar.style.display = "none";' successfully

2019-07-11 11:44:52 - [TEST_STEP][PASSED] - delay(2): Delayed 2 second(s)

2019-07-11 11:44:54 - [MESSAGE][PASSED] - Delayed 2 second(s)

2019-07-11 11:44:54 - [TEST_STEP][PASSED] - click(findTestObject("FRENCH/Product image - 1st one")): Object: 'Object Repository/FRENCH/Product image - 1st one' is clicked on

2019-07-11 11:44:58 - [MESSAGE][PASSED] - Object: 'Object Repository/FRENCH/Product image - 1st one' is clicked on

2019-07-11 11:44:58 - [TEST_STEP][PASSED] - executeJavaScript("var previewBar = document.getElementById("preview-bar-iframe"); previewBar.style.display = "none";", []): Execute JavaScript 'var previewBar = document.getElementById("preview-bar-iframe"); previewBar.style.display = "none";' successfully

2019-07-11 11:44:58 - [MESSAGE][PASSED] - Execute JavaScript 'var previewBar = document.getElementById("preview-bar-iframe"); previewBar.style.display = "none";' successfully

2019-07-11 11:44:58 - [TEST_STEP][PASSED] - delay(1): Delayed 1 second(s)

2019-07-11 11:44:59 - [MESSAGE][PASSED] - Delayed 1 second(s)

2019-07-11 11:44:59 - [TEST_STEP][PASSED] - delay(3): Delayed 3 second(s)

2019-07-11 11:45:02 - [MESSAGE][PASSED] - Delayed 3 second(s)

2019-07-11 11:45:02 - [TEST_STEP][PASSED] - click(findTestObject("OCS-DESKTOP/Product page/Swatch_1g")): Object: 'Object Repository/OCS-DESKTOP/Product page/Swatch_1g' is clicked on

2019-07-11 11:45:02 - [MESSAGE][PASSED] - Object: 'Object Repository/OCS-DESKTOP/Product page/Swatch_1g' is clicked on

2019-07-11 11:45:02 - [TEST_STEP][PASSED] - delay(2): Delayed 2 second(s)

2019-07-11 11:45:04 - [MESSAGE][PASSED] - Delayed 2 second(s)

2019-07-11 11:45:04 - [TEST_STEP][PASSED] - click(findTestObject("OCS-DESKTOP/Product page/Add to Bag-button")): Object: 'Object Repository/OCS-DESKTOP/Product page/Add to Bag-button' is clicked on

2019-07-11 11:45:05 - [MESSAGE][PASSED] - Object: 'Object Repository/OCS-DESKTOP/Product page/Add to Bag-button' is clicked on

2019-07-11 11:45:05 - [TEST_STEP][PASSED] - delay(1): Delayed 1 second(s)

2019-07-11 11:45:06 - [MESSAGE][PASSED] - Delayed 1 second(s)

2019-07-11 11:45:06 - [TEST_STEP][NOT_RUN] - click(findTestObject("OCS-DESKTOP/Cart flyout/Back icon"), CONTINUE_ON_FAILURE): NOT_RUN: click(findTestObject("OCS-DESKTOP/Cart flyout/Back icon"), CONTINUE_ON_FAILURE)

2019-07-11 11:45:06 - [MESSAGE][NOT_RUN] - NOT_RUN: click(findTestObject("OCS-DESKTOP/Cart flyout/Back icon"), CONTINUE_ON_FAILURE)

2019-07-11 11:45:06 - [TEST_STEP][PASSED] - delay(2): Delayed 2 second(s)

2019-07-11 11:45:08 - [MESSAGE][PASSED] - Delayed 2 second(s)

2019-07-11 11:45:08 - [TEST_STEP][PASSED] - click(findTestObject("OCS-DESKTOP/Product page/Swatch_3.5g"), CONTINUE_ON_FAILURE): Object: 'Object Repository/OCS-DESKTOP/Product page/Swatch_3.5g' is clicked on

2019-07-11 11:45:08 - [MESSAGE][PASSED] - Object: 'Object Repository/OCS-DESKTOP/Product page/Swatch_3.5g' is clicked on

2019-07-11 11:45:08 - [TEST_STEP][PASSED] - delay(2): Delayed 2 second(s)

2019-07-11 11:45:10 - [MESSAGE][PASSED] - Delayed 2 second(s)

2019-07-11 11:45:10 - [TEST_STEP][PASSED] - click(findTestObject("OCS-DESKTOP/Product page/Add to Bag-button")): Object: 'Object Repository/OCS-DESKTOP/Product page/Add to Bag-button' is clicked on

2019-07-11 11:45:10 - [MESSAGE][PASSED] - Object: 'Object Repository/OCS-DESKTOP/Product page/Add to Bag-button' is clicked on

2019-07-11 11:45:10 - [TEST_STEP][PASSED] - delay(2): Delayed 2 second(s)

2019-07-11 11:45:12 - [MESSAGE][PASSED] - Delayed 2 second(s)

2019-07-11 11:45:12 - [TEST_STEP][PASSED] - click(findTestObject("OCS-DESKTOP/Home - page/Cart icon -bag"), OPTIONAL): Object: 'Object Repository/OCS-DESKTOP/Home - page/Cart icon -bag' is clicked on

2019-07-11 11:45:12 - [MESSAGE][PASSED] - Object: 'Object Repository/OCS-DESKTOP/Home - page/Cart icon -bag' is clicked on

2019-07-11 11:45:12 - [TEST_STEP][PASSED] - delay(2): Delayed 2 second(s)

2019-07-11 11:45:14 - [MESSAGE][PASSED] - Delayed 2 second(s)

2019-07-11 11:45:14 - [TEST_STEP][PASSED] - a = getText(findTestObject("FRENCH/Unit price - 1st Product")): Text of object 'Object Repository/FRENCH/Unit price - 1st Product' is: '35,00 $'

2019-07-11 11:45:14 - [MESSAGE][PASSED] - Text of object 'Object Repository/FRENCH/Unit price - 1st Product' is: '35,00 $'

2019-07-11 11:45:14 - [TEST_STEP][PASSED] - comment(a): 35,00 $

2019-07-11 11:45:14 - [MESSAGE][INFO] - 35,00 $

2019-07-11 11:45:14 - [TEST_STEP][PASSED] - a1 = a.substring(0, a.length() - 1): null

2019-07-11 11:45:14 - [TEST_STEP][PASSED] - comment("a1 = " + a1): a1 = 35,00 

2019-07-11 11:45:14 - [MESSAGE][INFO] - a1 = 35,00 

2019-07-11 11:45:14 - [TEST_STEP][PASSED] - x1 = a1.substring(0, a1.length() - 1): null

2019-07-11 11:45:14 - [TEST_STEP][PASSED] - comment("x1 = " + x1): x1 = 35,00

2019-07-11 11:45:14 - [MESSAGE][INFO] - x1 = 35,00

2019-07-11 11:45:14 - [TEST_STEP][PASSED] - x2 = x1.substring(0, x1.length() - 1): null

2019-07-11 11:45:14 - [TEST_STEP][PASSED] - comment("x2 = " + x2): x2 = 35,0

2019-07-11 11:45:14 - [MESSAGE][INFO] - x2 = 35,0

2019-07-11 11:45:14 - [TEST_STEP][PASSED] - x3 = x2.substring(0, x2.length() - 1): null

2019-07-11 11:45:14 - [TEST_STEP][PASSED] - comment("x3 = " + x3): x3 = 35,

2019-07-11 11:45:14 - [MESSAGE][INFO] - x3 = 35,

2019-07-11 11:45:14 - [TEST_STEP][PASSED] - x6 = x3.substring(0, x3.length() - 1): null

2019-07-11 11:45:14 - [TEST_STEP][PASSED] - comment("x6 = " + x6): x6 = 35

2019-07-11 11:45:14 - [MESSAGE][INFO] - x6 = 35

2019-07-11 11:45:14 - [TEST_STEP][PASSED] - delay(2): Delayed 2 second(s)

2019-07-11 11:45:16 - [MESSAGE][PASSED] - Delayed 2 second(s)

2019-07-11 11:45:16 - [TEST_STEP][PASSED] - b = getText(findTestObject("FRENCH/Unit price - 2nd Product")): Text of object 'Object Repository/FRENCH/Unit price - 2nd Product' is: '10,50 $'

2019-07-11 11:45:16 - [MESSAGE][PASSED] - Text of object 'Object Repository/FRENCH/Unit price - 2nd Product' is: '10,50 $'

2019-07-11 11:45:16 - [TEST_STEP][PASSED] - comment(b): 10,50 $

2019-07-11 11:45:16 - [MESSAGE][INFO] - 10,50 $

2019-07-11 11:45:16 - [TEST_STEP][PASSED] - a2 = b.substring(0, b.length() - 1): null

2019-07-11 11:45:16 - [TEST_STEP][PASSED] - comment("a2 = " + a2): a2 = 10,50 

2019-07-11 11:45:16 - [MESSAGE][INFO] - a2 = 10,50 

2019-07-11 11:45:16 - [TEST_STEP][PASSED] - y1 = a2.substring(0, a2.length() - 1): null

2019-07-11 11:45:16 - [TEST_STEP][PASSED] - comment("y1 = " + y1): y1 = 10,50

2019-07-11 11:45:16 - [MESSAGE][INFO] - y1 = 10,50

2019-07-11 11:45:16 - [TEST_STEP][PASSED] - y2 = y1.substring(0, y1.length() - 1): null

2019-07-11 11:45:16 - [TEST_STEP][PASSED] - comment("y2 = " + y2): y2 = 10,5

2019-07-11 11:45:16 - [MESSAGE][INFO] - y2 = 10,5

2019-07-11 11:45:16 - [TEST_STEP][PASSED] - y3 = y2.substring(0, y2.length() - 1): null

2019-07-11 11:45:16 - [TEST_STEP][PASSED] - comment("y3 = " + y3): y3 = 10,

2019-07-11 11:45:16 - [MESSAGE][INFO] - y3 = 10,

2019-07-11 11:45:16 - [TEST_STEP][PASSED] - y4 = y3.substring(0, y3.length() - 1): null

2019-07-11 11:45:16 - [TEST_STEP][PASSED] - comment("y4 = " + y4): y4 = 10

2019-07-11 11:45:16 - [MESSAGE][INFO] - y4 = 10

2019-07-11 11:45:16 - [TEST_STEP][PASSED] - c = getText(findTestObject("FRENCH/Sub-total")): Text of object 'Object Repository/FRENCH/Sub-total' is: '45,50 $'

2019-07-11 11:45:16 - [MESSAGE][PASSED] - Text of object 'Object Repository/FRENCH/Sub-total' is: '45,50 $'

2019-07-11 11:45:16 - [TEST_STEP][PASSED] - comment(c): 45,50 $

2019-07-11 11:45:16 - [MESSAGE][INFO] - 45,50 $

2019-07-11 11:45:16 - [TEST_STEP][PASSED] - a3 = c.substring(0, c.length() - 1): null

2019-07-11 11:45:16 - [TEST_STEP][PASSED] - comment("a3 = " + a3): a3 = 45,50 

2019-07-11 11:45:16 - [MESSAGE][INFO] - a3 = 45,50 

2019-07-11 11:45:16 - [TEST_STEP][PASSED] - z1 = a3.substring(0, a3.length() - 1): null

2019-07-11 11:45:16 - [TEST_STEP][PASSED] - comment("z1 = " + z1): z1 = 45,50

2019-07-11 11:45:16 - [MESSAGE][INFO] - z1 = 45,50

2019-07-11 11:45:16 - [TEST_STEP][PASSED] - z2 = z1.substring(0, z1.length() - 1): null

2019-07-11 11:45:16 - [TEST_STEP][PASSED] - comment("z2 = " + z2): z2 = 45,5

2019-07-11 11:45:16 - [MESSAGE][INFO] - z2 = 45,5

2019-07-11 11:45:16 - [TEST_STEP][PASSED] - z3 = z2.substring(0, z2.length() - 1): null

2019-07-11 11:45:16 - [TEST_STEP][PASSED] - comment("z3 = " + z3): z3 = 45,

2019-07-11 11:45:16 - [MESSAGE][INFO] - z3 = 45,

2019-07-11 11:45:16 - [TEST_STEP][PASSED] - z4 = z3.substring(0, z3.length() - 1): null

2019-07-11 11:45:16 - [TEST_STEP][PASSED] - comment("z4 = " + z4): z4 = 45

2019-07-11 11:45:16 - [MESSAGE][INFO] - z4 = 45

2019-07-11 11:45:16 - [TEST_STEP][PASSED] - p2 = <not implemented yet for class: org.codehaus.groovy.ast.expr.EmptyExpression>: null

2019-07-11 11:45:16 - [TEST_STEP][PASSED] - p3 = <not implemented yet for class: org.codehaus.groovy.ast.expr.EmptyExpression>: null

2019-07-11 11:45:16 - [TEST_STEP][PASSED] - try: p2=35.0

2019-07-11 11:45:16 - [TEST_STEP][PASSED] - x4 = x6: null

2019-07-11 11:45:16 - [TEST_STEP][PASSED] - comment("x4=" + x4): x4=35

2019-07-11 11:45:16 - [MESSAGE][INFO] - x4=35

2019-07-11 11:45:16 - [TEST_STEP][PASSED] - p2 = Double.valueOf(x4): null

2019-07-11 11:45:16 - [TEST_STEP][PASSED] - comment("p2=" + p2): p2=35.0

2019-07-11 11:45:16 - [MESSAGE][INFO] - p2=35.0

2019-07-11 11:45:16 - [TEST_STEP][PASSED] - try: p3=10.0

2019-07-11 11:45:16 - [TEST_STEP][PASSED] - x5 = y4: null

2019-07-11 11:45:16 - [TEST_STEP][PASSED] - comment("x5=" + x5): x5=10

2019-07-11 11:45:16 - [MESSAGE][INFO] - x5=10

2019-07-11 11:45:16 - [TEST_STEP][PASSED] - p3 = Double.valueOf(x5): null

2019-07-11 11:45:16 - [TEST_STEP][PASSED] - comment("p3=" + p3): p3=10.0

2019-07-11 11:45:16 - [MESSAGE][INFO] - p3=10.0

2019-07-11 11:45:16 - [TEST_STEP][PASSED] - comment("p2=" + p2): p2=35.0

2019-07-11 11:45:16 - [MESSAGE][INFO] - p2=35.0

2019-07-11 11:45:16 - [TEST_STEP][PASSED] - comment("p3=" + p3): p3=10.0

2019-07-11 11:45:16 - [MESSAGE][INFO] - p3=10.0

2019-07-11 11:45:16 - [TEST_STEP][PASSED] - total = p2 + p3: null

2019-07-11 11:45:16 - [TEST_STEP][PASSED] - comment("total=" + total): total=45.0

2019-07-11 11:45:16 - [MESSAGE][INFO] - total=45.0

2019-07-11 11:45:16 - [TEST_STEP][PASSED] - verifyEqual(total, z4): Actual object '45' and expected object '45' are equal

2019-07-11 11:45:16 - [MESSAGE][PASSED] - Actual object '45' and expected object '45' are equal

2019-07-11 11:45:16 - [TEST_STEP][PASSED] - callTestCase(findTestCase("OCS - DESKTOP/CALL- SHIPPING TO PAYMENT"), [:], STOP_ON_FAILURE): Call Test Case 'Test Cases/OCS - DESKTOP/CALL- SHIPPING TO PAYMENT' successfully

2019-07-11 11:45:16 - [TEST_CASE][PASSED] - Test Cases/OCS - DESKTOP/CALL- SHIPPING TO PAYMENT: Test Cases/OCS - DESKTOP/CALL- SHIPPING TO PAYMENT

2019-07-11 11:45:16 - [TEST_STEP][PASSED] - delay(1): Delayed 1 second(s)

2019-07-11 11:45:17 - [MESSAGE][PASSED] - Delayed 1 second(s)

2019-07-11 11:45:17 - [TEST_STEP][PASSED] - click(findTestObject("OCS-DESKTOP/Cart flyout/Checkbox_I confirm that")): Object: 'Object Repository/OCS-DESKTOP/Cart flyout/Checkbox_I confirm that' is clicked on

2019-07-11 11:45:17 - [MESSAGE][PASSED] - Object: 'Object Repository/OCS-DESKTOP/Cart flyout/Checkbox_I confirm that' is clicked on

2019-07-11 11:45:17 - [TEST_STEP][PASSED] - delay(1): Delayed 1 second(s)

2019-07-11 11:45:18 - [MESSAGE][PASSED] - Delayed 1 second(s)

2019-07-11 11:45:18 - [TEST_STEP][PASSED] - click(findTestObject("OCS-DESKTOP/Cart flyout/Checkbox_Accept the Terms Condition")): Object: 'Object Repository/OCS-DESKTOP/Cart flyout/Checkbox_Accept the Terms Condition' is clicked on

2019-07-11 11:45:18 - [MESSAGE][PASSED] - Object: 'Object Repository/OCS-DESKTOP/Cart flyout/Checkbox_Accept the Terms Condition' is clicked on

2019-07-11 11:45:18 - [TEST_STEP][PASSED] - delay(1): Delayed 1 second(s)

2019-07-11 11:45:19 - [MESSAGE][PASSED] - Delayed 1 second(s)

2019-07-11 11:45:19 - [TEST_STEP][PASSED] - click(findTestObject("OCS-DESKTOP/Cart flyout/Checkout - Button")): Object: 'Object Repository/OCS-DESKTOP/Cart flyout/Checkout - Button' is clicked on

2019-07-11 11:45:22 - [MESSAGE][PASSED] - Object: 'Object Repository/OCS-DESKTOP/Cart flyout/Checkout - Button' is clicked on

2019-07-11 11:45:22 - [TEST_STEP][PASSED] - executeJavaScript("var previewBar = document.getElementById("preview-bar-iframe"); previewBar.style.display = "none";", []): Execute JavaScript 'var previewBar = document.getElementById("preview-bar-iframe"); previewBar.style.display = "none";' successfully

2019-07-11 11:45:22 - [MESSAGE][PASSED] - Execute JavaScript 'var previewBar = document.getElementById("preview-bar-iframe"); previewBar.style.display = "none";' successfully

2019-07-11 11:45:22 - [TEST_STEP][PASSED] - delay(2): Delayed 2 second(s)

2019-07-11 11:45:24 - [MESSAGE][PASSED] - Delayed 2 second(s)

2019-07-11 11:45:24 - [TEST_STEP][PASSED] - setText(findTestObject("Object Repository/Page_Ontario Cannabis Store - Infor/input_Adresse e-mail_checkoute"), "suman@gmail.com"): Text 'suman@gmail.com' is set on object 'Object Repository/Page_Ontario Cannabis Store - Infor/input_Adresse e-mail_checkoute'

2019-07-11 11:45:24 - [MESSAGE][PASSED] - Text 'suman@gmail.com' is set on object 'Object Repository/Page_Ontario Cannabis Store - Infor/input_Adresse e-mail_checkoute'

2019-07-11 11:45:24 - [TEST_STEP][PASSED] - setText(findTestObject("Object Repository/Page_Ontario Cannabis Store - Infor/input_Prnom_checkoutshipping_a"), "suman"): Text 'suman' is set on object 'Object Repository/Page_Ontario Cannabis Store - Infor/input_Prnom_checkoutshipping_a'

2019-07-11 11:45:24 - [MESSAGE][PASSED] - Text 'suman' is set on object 'Object Repository/Page_Ontario Cannabis Store - Infor/input_Prnom_checkoutshipping_a'

2019-07-11 11:45:24 - [TEST_STEP][PASSED] - setText(findTestObject("Object Repository/Page_Ontario Cannabis Store - Infor/input_Nom_checkoutshipping_add"), "kompelly"): Text 'kompelly' is set on object 'Object Repository/Page_Ontario Cannabis Store - Infor/input_Nom_checkoutshipping_add'

2019-07-11 11:45:24 - [MESSAGE][PASSED] - Text 'kompelly' is set on object 'Object Repository/Page_Ontario Cannabis Store - Infor/input_Nom_checkoutshipping_add'

2019-07-11 11:45:24 - [TEST_STEP][PASSED] - setText(findTestObject("Object Repository/Page_Ontario Cannabis Store - Infor/input_Adresse_checkoutshipping"), "123 test"): Text '123 test' is set on object 'Object Repository/Page_Ontario Cannabis Store - Infor/input_Adresse_checkoutshipping'

2019-07-11 11:45:24 - [MESSAGE][PASSED] - Text '123 test' is set on object 'Object Repository/Page_Ontario Cannabis Store - Infor/input_Adresse_checkoutshipping'

2019-07-11 11:45:24 - [TEST_STEP][PASSED] - setText(findTestObject("Object Repository/Page_Ontario Cannabis Store - Infor/input_Appartement suite etc. ("), "123"): Text '123' is set on object 'Object Repository/Page_Ontario Cannabis Store - Infor/input_Appartement suite etc. ('

2019-07-11 11:45:24 - [MESSAGE][PASSED] - Text '123' is set on object 'Object Repository/Page_Ontario Cannabis Store - Infor/input_Appartement suite etc. ('

2019-07-11 11:45:24 - [TEST_STEP][PASSED] - setText(findTestObject("Object Repository/Page_Ontario Cannabis Store - Infor/input_Ville_checkoutshipping_a"), "montreal"): Text 'montreal' is set on object 'Object Repository/Page_Ontario Cannabis Store - Infor/input_Ville_checkoutshipping_a'

2019-07-11 11:45:25 - [MESSAGE][PASSED] - Text 'montreal' is set on object 'Object Repository/Page_Ontario Cannabis Store - Infor/input_Ville_checkoutshipping_a'

2019-07-11 11:45:25 - [TEST_STEP][PASSED] - setText(findTestObject("Object Repository/Page_Ontario Cannabis Store - Infor/input_Code postal_checkoutship"), "n0r1k0"): Text 'n0r1k0' is set on object 'Object Repository/Page_Ontario Cannabis Store - Infor/input_Code postal_checkoutship'

2019-07-11 11:45:25 - [MESSAGE][PASSED] - Text 'n0r1k0' is set on object 'Object Repository/Page_Ontario Cannabis Store - Infor/input_Code postal_checkoutship'

2019-07-11 11:45:25 - [TEST_STEP][PASSED] - setText(findTestObject("Object Repository/Page_Ontario Cannabis Store - Infor/input_Tlphone_checkoutshipping"), "514-449-3883"): Text '514-449-3883' is set on object 'Object Repository/Page_Ontario Cannabis Store - Infor/input_Tlphone_checkoutshipping'

2019-07-11 11:45:25 - [MESSAGE][PASSED] - Text '514-449-3883' is set on object 'Object Repository/Page_Ontario Cannabis Store - Infor/input_Tlphone_checkoutshipping'

2019-07-11 11:45:25 - [TEST_STEP][PASSED] - delay(2): Delayed 2 second(s)

2019-07-11 11:45:27 - [MESSAGE][PASSED] - Delayed 2 second(s)

2019-07-11 11:45:27 - [TEST_STEP][PASSED] - click(findTestObject("Object Repository/Page_Ontario Cannabis Store - Infor/button_Continuer vers le mode")): Object: 'Object Repository/Page_Ontario Cannabis Store - Infor/button_Continuer vers le mode' is clicked on

2019-07-11 11:45:28 - [MESSAGE][PASSED] - Object: 'Object Repository/Page_Ontario Cannabis Store - Infor/button_Continuer vers le mode' is clicked on

2019-07-11 11:45:28 - [TEST_STEP][PASSED] - delay(4): Delayed 4 second(s)

2019-07-11 11:45:32 - [MESSAGE][PASSED] - Delayed 4 second(s)

2019-07-11 11:45:32 - [TEST_STEP][PASSED] - executeJavaScript("var previewBar = document.getElementById("preview-bar-iframe"); previewBar.style.display = "none";", []): Execute JavaScript 'var previewBar = document.getElementById("preview-bar-iframe"); previewBar.style.display = "none";' successfully

2019-07-11 11:45:32 - [MESSAGE][PASSED] - Execute JavaScript 'var previewBar = document.getElementById("preview-bar-iframe"); previewBar.style.display = "none";' successfully

2019-07-11 11:45:32 - [TEST_STEP][PASSED] - delay(2): Delayed 2 second(s)

2019-07-11 11:45:34 - [MESSAGE][PASSED] - Delayed 2 second(s)

2019-07-11 11:45:34 - [TEST_STEP][PASSED] - click(findTestObject("Object Repository/Page_Ontario Cannabis Store - Livra/button_Continuer vers le moyen")): Object: 'Object Repository/Page_Ontario Cannabis Store - Livra/button_Continuer vers le moyen' is clicked on

2019-07-11 11:45:36 - [MESSAGE][PASSED] - Object: 'Object Repository/Page_Ontario Cannabis Store - Livra/button_Continuer vers le moyen' is clicked on

2019-07-11 11:45:36 - [MESSAGE][PASSED] - Call Test Case 'Test Cases/OCS - DESKTOP/CALL- SHIPPING TO PAYMENT' successfully]]></system-out>
         <system-err><![CDATA[]]></system-err>
      </testcase>
      <testcase name="Test Cases/OCS - DESKTOP/OCS- CRITICAL PATH - FRENCH/Checkout - Shipping-fr" classname="Test Cases/OCS - DESKTOP/OCS- CRITICAL PATH - FRENCH/Checkout - Shipping-fr" status="PASSED">
         <system-out><![CDATA[2019-07-11 11:45:36 - [TEST_CASE][PASSED] - Test Cases/OCS - DESKTOP/OCS- CRITICAL PATH - FRENCH/Checkout - Shipping-fr: Test Cases/OCS - DESKTOP/OCS- CRITICAL PATH - FRENCH/Checkout - Shipping-fr

2019-07-11 11:45:36 - [TEST_STEP][PASSED] - callTestCase(findTestCase("OCS - DESKTOP/CALL- Age gate"), [:], STOP_ON_FAILURE): Call Test Case 'Test Cases/OCS - DESKTOP/CALL- Age gate' successfully

2019-07-11 11:45:36 - [TEST_CASE][PASSED] - Test Cases/OCS - DESKTOP/CALL- Age gate: Test Cases/OCS - DESKTOP/CALL- Age gate

2019-07-11 11:45:36 - [TEST_STEP][PASSED] - openBrowser(""): Browser is opened with url: ''

2019-07-11 11:45:36 - [MESSAGE][WARNING] - A browser is already opened. Closing browser and opening a new one

2019-07-11 11:45:36 - [MESSAGE][INFO] - Starting 'Chrome' driver

2019-07-11 11:45:37 - [MESSAGE][PASSED] - Browser is opened with url: ''

2019-07-11 11:45:37 - [TEST_STEP][PASSED] - navigateToUrl("https://ocs.ca/?fts=0&preview_theme_id=74205529932"): Navigate to 'https://ocs.ca/?fts=0&preview_theme_id=74205529932' successfully

2019-07-11 11:45:42 - [MESSAGE][PASSED] - Navigate to 'https://ocs.ca/?fts=0&preview_theme_id=74205529932' successfully

2019-07-11 11:45:42 - [TEST_STEP][PASSED] - maximizeWindow(): Current window maximized

2019-07-11 11:45:42 - [MESSAGE][PASSED] - Current window maximized

2019-07-11 11:45:42 - [TEST_STEP][PASSED] - delay(2): Delayed 2 second(s)

2019-07-11 11:45:44 - [MESSAGE][PASSED] - Delayed 2 second(s)

2019-07-11 11:45:44 - [TEST_STEP][PASSED] - executeJavaScript("var previewBar = document.getElementById("preview-bar-iframe"); previewBar.style.display = "none";", []): Execute JavaScript 'var previewBar = document.getElementById("preview-bar-iframe"); previewBar.style.display = "none";' successfully

2019-07-11 11:45:44 - [MESSAGE][PASSED] - Execute JavaScript 'var previewBar = document.getElementById("preview-bar-iframe"); previewBar.style.display = "none";' successfully

2019-07-11 11:45:44 - [TEST_STEP][PASSED] - selectOptionByValue(findTestObject("OCS-DESKTOP/Age gate and Mega menu/Date"), "12", true): All options with value '12' are selected in object 'Object Repository/OCS-DESKTOP/Age gate and Mega menu/Date'  using regular expression

2019-07-11 11:45:44 - [MESSAGE][PASSED] - All options with value '12' are selected in object 'Object Repository/OCS-DESKTOP/Age gate and Mega menu/Date'  using regular expression

2019-07-11 11:45:44 - [TEST_STEP][PASSED] - selectOptionByValue(findTestObject("OCS-DESKTOP/Age gate and Mega menu/month"), "6", true): All options with value '6' are selected in object 'Object Repository/OCS-DESKTOP/Age gate and Mega menu/month'  using regular expression

2019-07-11 11:45:45 - [MESSAGE][PASSED] - All options with value '6' are selected in object 'Object Repository/OCS-DESKTOP/Age gate and Mega menu/month'  using regular expression

2019-07-11 11:45:45 - [TEST_STEP][PASSED] - delay(2): Delayed 2 second(s)

2019-07-11 11:45:47 - [MESSAGE][PASSED] - Delayed 2 second(s)

2019-07-11 11:45:47 - [TEST_STEP][PASSED] - selectOptionByValue(findTestObject("OCS-DESKTOP/Age gate and Mega menu/Year Dropdown"), "1990", true): All options with value '1990' are selected in object 'Object Repository/OCS-DESKTOP/Age gate and Mega menu/Year Dropdown'  using regular expression

2019-07-11 11:45:48 - [MESSAGE][PASSED] - All options with value '1990' are selected in object 'Object Repository/OCS-DESKTOP/Age gate and Mega menu/Year Dropdown'  using regular expression

2019-07-11 11:45:48 - [TEST_STEP][PASSED] - click(findTestObject("OCS-DESKTOP/Age gate and Mega menu/button_Verify")): Object: 'Object Repository/OCS-DESKTOP/Age gate and Mega menu/button_Verify' is clicked on

2019-07-11 11:45:48 - [MESSAGE][PASSED] - Object: 'Object Repository/OCS-DESKTOP/Age gate and Mega menu/button_Verify' is clicked on

2019-07-11 11:45:48 - [TEST_STEP][PASSED] - click(findTestObject("OCS-DESKTOP/Age gate and Mega menu/Checkbox_CONFIRM AND ACKNOWLEDGE")): Object: 'Object Repository/OCS-DESKTOP/Age gate and Mega menu/Checkbox_CONFIRM AND ACKNOWLEDGE' is clicked on

2019-07-11 11:45:48 - [MESSAGE][PASSED] - Object: 'Object Repository/OCS-DESKTOP/Age gate and Mega menu/Checkbox_CONFIRM AND ACKNOWLEDGE' is clicked on

2019-07-11 11:45:48 - [TEST_STEP][PASSED] - click(findTestObject("OCS-DESKTOP/Age gate and Mega menu/button_CONFIRM")): Object: 'Object Repository/OCS-DESKTOP/Age gate and Mega menu/button_CONFIRM' is clicked on

2019-07-11 11:45:48 - [MESSAGE][PASSED] - Object: 'Object Repository/OCS-DESKTOP/Age gate and Mega menu/button_CONFIRM' is clicked on

2019-07-11 11:45:48 - [TEST_STEP][PASSED] - click(findTestObject("OCS-DESKTOP/Age gate and Mega menu/button_Start Browsing")): Object: 'Object Repository/OCS-DESKTOP/Age gate and Mega menu/button_Start Browsing' is clicked on

2019-07-11 11:45:48 - [MESSAGE][PASSED] - Object: 'Object Repository/OCS-DESKTOP/Age gate and Mega menu/button_Start Browsing' is clicked on

2019-07-11 11:45:48 - [TEST_STEP][PASSED] - delay(2): Delayed 2 second(s)

2019-07-11 11:45:50 - [MESSAGE][PASSED] - Delayed 2 second(s)

2019-07-11 11:45:50 - [TEST_STEP][PASSED] - refresh(): Refresh successfully

2019-07-11 11:45:50 - [MESSAGE][PASSED] - Refresh successfully

2019-07-11 11:45:50 - [MESSAGE][PASSED] - Call Test Case 'Test Cases/OCS - DESKTOP/CALL- Age gate' successfully

2019-07-11 11:45:50 - [TEST_STEP][PASSED] - delay(2): Delayed 2 second(s)

2019-07-11 11:45:52 - [MESSAGE][PASSED] - Delayed 2 second(s)

2019-07-11 11:45:52 - [TEST_STEP][PASSED] - callTestCase(findTestCase("OCS - DESKTOP/CALL - TOGGLING LANGUAGE"), [:], STOP_ON_FAILURE): Call Test Case 'Test Cases/OCS - DESKTOP/CALL - TOGGLING LANGUAGE' successfully

2019-07-11 11:45:52 - [TEST_CASE][PASSED] - Test Cases/OCS - DESKTOP/CALL - TOGGLING LANGUAGE: Test Cases/OCS - DESKTOP/CALL - TOGGLING LANGUAGE

2019-07-11 11:45:52 - [TEST_STEP][PASSED] - delay(2): Delayed 2 second(s)

2019-07-11 11:45:54 - [MESSAGE][PASSED] - Delayed 2 second(s)

2019-07-11 11:45:54 - [TEST_STEP][PASSED] - click(findTestObject("OCS-DESKTOP/Cart flyout/English dropdown")): Object: 'Object Repository/OCS-DESKTOP/Cart flyout/English dropdown' is clicked on

2019-07-11 11:45:55 - [MESSAGE][PASSED] - Object: 'Object Repository/OCS-DESKTOP/Cart flyout/English dropdown' is clicked on

2019-07-11 11:45:55 - [TEST_STEP][PASSED] - delay(2): Delayed 2 second(s)

2019-07-11 11:45:57 - [MESSAGE][PASSED] - Delayed 2 second(s)

2019-07-11 11:45:57 - [TEST_STEP][PASSED] - click(findTestObject("OCS-DESKTOP/Cart flyout/Select French")): Object: 'Object Repository/OCS-DESKTOP/Cart flyout/Select French' is clicked on

2019-07-11 11:45:57 - [MESSAGE][PASSED] - Object: 'Object Repository/OCS-DESKTOP/Cart flyout/Select French' is clicked on

2019-07-11 11:45:57 - [TEST_STEP][PASSED] - delay(5): Delayed 5 second(s)

2019-07-11 11:46:02 - [MESSAGE][PASSED] - Delayed 5 second(s)

2019-07-11 11:46:02 - [TEST_STEP][PASSED] - e = getWindowTitle(): Current window's title is: 'Magasin de Cannabis de l'Ontario | Ontario Cannabis Store'

2019-07-11 11:46:03 - [MESSAGE][PASSED] - Current window's title is: 'Magasin de Cannabis de l'Ontario | Ontario Cannabis Store'

2019-07-11 11:46:03 - [MESSAGE][PASSED] - Call Test Case 'Test Cases/OCS - DESKTOP/CALL - TOGGLING LANGUAGE' successfully

2019-07-11 11:46:03 - [TEST_STEP][PASSED] - click(findTestObject("OCS-DESKTOP/Age gate and Mega menu/Header/CANNABIS menu - English")): Object: 'Object Repository/OCS-DESKTOP/Age gate and Mega menu/Header/CANNABIS menu - English' is clicked on

2019-07-11 11:46:03 - [MESSAGE][PASSED] - Object: 'Object Repository/OCS-DESKTOP/Age gate and Mega menu/Header/CANNABIS menu - English' is clicked on

2019-07-11 11:46:03 - [TEST_STEP][PASSED] - delay(2): Delayed 2 second(s)

2019-07-11 11:46:05 - [MESSAGE][PASSED] - Delayed 2 second(s)

2019-07-11 11:46:05 - [TEST_STEP][PASSED] - executeJavaScript("var previewBar = document.getElementById("preview-bar-iframe"); previewBar.style.display = "none";", []): Execute JavaScript 'var previewBar = document.getElementById("preview-bar-iframe"); previewBar.style.display = "none";' successfully

2019-07-11 11:46:05 - [MESSAGE][PASSED] - Execute JavaScript 'var previewBar = document.getElementById("preview-bar-iframe"); previewBar.style.display = "none";' successfully

2019-07-11 11:46:05 - [TEST_STEP][PASSED] - click(findTestObject("OCS-DESKTOP/Age gate and Mega menu/Indica Dominant_Menu item")): Object: 'Object Repository/OCS-DESKTOP/Age gate and Mega menu/Indica Dominant_Menu item' is clicked on

2019-07-11 11:46:08 - [MESSAGE][PASSED] - Object: 'Object Repository/OCS-DESKTOP/Age gate and Mega menu/Indica Dominant_Menu item' is clicked on

2019-07-11 11:46:08 - [TEST_STEP][PASSED] - executeJavaScript("var previewBar = document.getElementById("preview-bar-iframe"); previewBar.style.display = "none";", []): Execute JavaScript 'var previewBar = document.getElementById("preview-bar-iframe"); previewBar.style.display = "none";' successfully

2019-07-11 11:46:08 - [MESSAGE][PASSED] - Execute JavaScript 'var previewBar = document.getElementById("preview-bar-iframe"); previewBar.style.display = "none";' successfully

2019-07-11 11:46:08 - [TEST_STEP][PASSED] - delay(2): Delayed 2 second(s)

2019-07-11 11:46:10 - [MESSAGE][PASSED] - Delayed 2 second(s)

2019-07-11 11:46:10 - [TEST_STEP][PASSED] - click(findTestObject("FRENCH/Product image - 1st one")): Object: 'Object Repository/FRENCH/Product image - 1st one' is clicked on

2019-07-11 11:46:14 - [MESSAGE][PASSED] - Object: 'Object Repository/FRENCH/Product image - 1st one' is clicked on

2019-07-11 11:46:14 - [TEST_STEP][PASSED] - executeJavaScript("var previewBar = document.getElementById("preview-bar-iframe"); previewBar.style.display = "none";", []): Execute JavaScript 'var previewBar = document.getElementById("preview-bar-iframe"); previewBar.style.display = "none";' successfully

2019-07-11 11:46:14 - [MESSAGE][PASSED] - Execute JavaScript 'var previewBar = document.getElementById("preview-bar-iframe"); previewBar.style.display = "none";' successfully

2019-07-11 11:46:14 - [TEST_STEP][PASSED] - delay(1): Delayed 1 second(s)

2019-07-11 11:46:15 - [MESSAGE][PASSED] - Delayed 1 second(s)

2019-07-11 11:46:15 - [TEST_STEP][PASSED] - delay(3): Delayed 3 second(s)

2019-07-11 11:46:18 - [MESSAGE][PASSED] - Delayed 3 second(s)

2019-07-11 11:46:18 - [TEST_STEP][PASSED] - click(findTestObject("OCS-DESKTOP/Product page/Swatch_1g")): Object: 'Object Repository/OCS-DESKTOP/Product page/Swatch_1g' is clicked on

2019-07-11 11:46:18 - [MESSAGE][PASSED] - Object: 'Object Repository/OCS-DESKTOP/Product page/Swatch_1g' is clicked on

2019-07-11 11:46:18 - [TEST_STEP][PASSED] - delay(2): Delayed 2 second(s)

2019-07-11 11:46:20 - [MESSAGE][PASSED] - Delayed 2 second(s)

2019-07-11 11:46:20 - [TEST_STEP][PASSED] - delay(2): Delayed 2 second(s)

2019-07-11 11:46:22 - [MESSAGE][PASSED] - Delayed 2 second(s)

2019-07-11 11:46:22 - [TEST_STEP][PASSED] - click(findTestObject("OCS-DESKTOP/Product page/Add to Bag-button")): Object: 'Object Repository/OCS-DESKTOP/Product page/Add to Bag-button' is clicked on

2019-07-11 11:46:22 - [MESSAGE][PASSED] - Object: 'Object Repository/OCS-DESKTOP/Product page/Add to Bag-button' is clicked on

2019-07-11 11:46:22 - [TEST_STEP][PASSED] - delay(2): Delayed 2 second(s)

2019-07-11 11:46:24 - [MESSAGE][PASSED] - Delayed 2 second(s)

2019-07-11 11:46:24 - [TEST_STEP][PASSED] - click(findTestObject("OCS-DESKTOP/Home - page/Cart icon -bag")): Object: 'Object Repository/OCS-DESKTOP/Home - page/Cart icon -bag' is clicked on

2019-07-11 11:46:24 - [MESSAGE][PASSED] - Object: 'Object Repository/OCS-DESKTOP/Home - page/Cart icon -bag' is clicked on

2019-07-11 11:46:24 - [TEST_STEP][PASSED] - delay(1): Delayed 1 second(s)

2019-07-11 11:46:25 - [MESSAGE][PASSED] - Delayed 1 second(s)

2019-07-11 11:46:25 - [TEST_STEP][PASSED] - click(findTestObject("OCS-DESKTOP/Cart flyout/Checkbox_I confirm that")): Object: 'Object Repository/OCS-DESKTOP/Cart flyout/Checkbox_I confirm that' is clicked on

2019-07-11 11:46:25 - [MESSAGE][PASSED] - Object: 'Object Repository/OCS-DESKTOP/Cart flyout/Checkbox_I confirm that' is clicked on

2019-07-11 11:46:25 - [TEST_STEP][PASSED] - delay(2): Delayed 2 second(s)

2019-07-11 11:46:27 - [MESSAGE][PASSED] - Delayed 2 second(s)

2019-07-11 11:46:27 - [TEST_STEP][PASSED] - click(findTestObject("OCS-DESKTOP/Cart flyout/Checkbox_Accept the Terms Condition")): Object: 'Object Repository/OCS-DESKTOP/Cart flyout/Checkbox_Accept the Terms Condition' is clicked on

2019-07-11 11:46:27 - [MESSAGE][PASSED] - Object: 'Object Repository/OCS-DESKTOP/Cart flyout/Checkbox_Accept the Terms Condition' is clicked on

2019-07-11 11:46:27 - [TEST_STEP][PASSED] - delay(1): Delayed 1 second(s)

2019-07-11 11:46:28 - [MESSAGE][PASSED] - Delayed 1 second(s)

2019-07-11 11:46:28 - [TEST_STEP][PASSED] - click(findTestObject("OCS-DESKTOP/Cart flyout/Checkout - Button")): Object: 'Object Repository/OCS-DESKTOP/Cart flyout/Checkout - Button' is clicked on

2019-07-11 11:46:30 - [MESSAGE][PASSED] - Object: 'Object Repository/OCS-DESKTOP/Cart flyout/Checkout - Button' is clicked on

2019-07-11 11:46:30 - [TEST_STEP][PASSED] - delay(2): Delayed 2 second(s)

2019-07-11 11:46:32 - [MESSAGE][PASSED] - Delayed 2 second(s)

2019-07-11 11:46:32 - [TEST_STEP][PASSED] - executeJavaScript("var previewBar = document.getElementById("preview-bar-iframe"); previewBar.style.display = "none";", []): Execute JavaScript 'var previewBar = document.getElementById("preview-bar-iframe"); previewBar.style.display = "none";' successfully

2019-07-11 11:46:32 - [MESSAGE][PASSED] - Execute JavaScript 'var previewBar = document.getElementById("preview-bar-iframe"); previewBar.style.display = "none";' successfully

2019-07-11 11:46:32 - [TEST_STEP][PASSED] - delay(2): Delayed 2 second(s)

2019-07-11 11:46:34 - [MESSAGE][PASSED] - Delayed 2 second(s)

2019-07-11 11:46:34 - [TEST_STEP][PASSED] - setText(findTestObject("Object Repository/Page_Ontario Cannabis Store - Infor/input_Adresse e-mail_checkoute"), "suman@gmail.com"): Text 'suman@gmail.com' is set on object 'Object Repository/Page_Ontario Cannabis Store - Infor/input_Adresse e-mail_checkoute'

2019-07-11 11:46:34 - [MESSAGE][PASSED] - Text 'suman@gmail.com' is set on object 'Object Repository/Page_Ontario Cannabis Store - Infor/input_Adresse e-mail_checkoute'

2019-07-11 11:46:34 - [TEST_STEP][PASSED] - setText(findTestObject("Object Repository/Page_Ontario Cannabis Store - Infor/input_Prnom_checkoutshipping_a"), "suman"): Text 'suman' is set on object 'Object Repository/Page_Ontario Cannabis Store - Infor/input_Prnom_checkoutshipping_a'

2019-07-11 11:46:35 - [MESSAGE][PASSED] - Text 'suman' is set on object 'Object Repository/Page_Ontario Cannabis Store - Infor/input_Prnom_checkoutshipping_a'

2019-07-11 11:46:35 - [TEST_STEP][PASSED] - setText(findTestObject("Object Repository/Page_Ontario Cannabis Store - Infor/input_Nom_checkoutshipping_add"), "kompelly"): Text 'kompelly' is set on object 'Object Repository/Page_Ontario Cannabis Store - Infor/input_Nom_checkoutshipping_add'

2019-07-11 11:46:35 - [MESSAGE][PASSED] - Text 'kompelly' is set on object 'Object Repository/Page_Ontario Cannabis Store - Infor/input_Nom_checkoutshipping_add'

2019-07-11 11:46:35 - [TEST_STEP][PASSED] - setText(findTestObject("Object Repository/Page_Ontario Cannabis Store - Infor/input_Adresse_checkoutshipping"), "123 test"): Text '123 test' is set on object 'Object Repository/Page_Ontario Cannabis Store - Infor/input_Adresse_checkoutshipping'

2019-07-11 11:46:35 - [MESSAGE][PASSED] - Text '123 test' is set on object 'Object Repository/Page_Ontario Cannabis Store - Infor/input_Adresse_checkoutshipping'

2019-07-11 11:46:35 - [TEST_STEP][PASSED] - setText(findTestObject("Object Repository/Page_Ontario Cannabis Store - Infor/input_Appartement suite etc. ("), "123"): Text '123' is set on object 'Object Repository/Page_Ontario Cannabis Store - Infor/input_Appartement suite etc. ('

2019-07-11 11:46:35 - [MESSAGE][PASSED] - Text '123' is set on object 'Object Repository/Page_Ontario Cannabis Store - Infor/input_Appartement suite etc. ('

2019-07-11 11:46:35 - [TEST_STEP][PASSED] - setText(findTestObject("Object Repository/Page_Ontario Cannabis Store - Infor/input_Ville_checkoutshipping_a"), "montreal"): Text 'montreal' is set on object 'Object Repository/Page_Ontario Cannabis Store - Infor/input_Ville_checkoutshipping_a'

2019-07-11 11:46:36 - [MESSAGE][PASSED] - Text 'montreal' is set on object 'Object Repository/Page_Ontario Cannabis Store - Infor/input_Ville_checkoutshipping_a'

2019-07-11 11:46:36 - [TEST_STEP][PASSED] - setText(findTestObject("Object Repository/Page_Ontario Cannabis Store - Infor/input_Code postal_checkoutship"), "n0r1k0"): Text 'n0r1k0' is set on object 'Object Repository/Page_Ontario Cannabis Store - Infor/input_Code postal_checkoutship'

2019-07-11 11:46:36 - [MESSAGE][PASSED] - Text 'n0r1k0' is set on object 'Object Repository/Page_Ontario Cannabis Store - Infor/input_Code postal_checkoutship'

2019-07-11 11:46:36 - [TEST_STEP][PASSED] - setText(findTestObject("Object Repository/Page_Ontario Cannabis Store - Infor/input_Tlphone_checkoutshipping"), "514-449-3883"): Text '514-449-3883' is set on object 'Object Repository/Page_Ontario Cannabis Store - Infor/input_Tlphone_checkoutshipping'

2019-07-11 11:46:36 - [MESSAGE][PASSED] - Text '514-449-3883' is set on object 'Object Repository/Page_Ontario Cannabis Store - Infor/input_Tlphone_checkoutshipping'

2019-07-11 11:46:36 - [TEST_STEP][PASSED] - delay(2): Delayed 2 second(s)

2019-07-11 11:46:38 - [MESSAGE][PASSED] - Delayed 2 second(s)

2019-07-11 11:46:38 - [TEST_STEP][PASSED] - click(findTestObject("Object Repository/Page_Ontario Cannabis Store - Infor/button_Continuer vers le mode")): Object: 'Object Repository/Page_Ontario Cannabis Store - Infor/button_Continuer vers le mode' is clicked on

2019-07-11 11:46:40 - [MESSAGE][PASSED] - Object: 'Object Repository/Page_Ontario Cannabis Store - Infor/button_Continuer vers le mode' is clicked on

2019-07-11 11:46:40 - [TEST_STEP][PASSED] - delay(2): Delayed 2 second(s)

2019-07-11 11:46:42 - [MESSAGE][PASSED] - Delayed 2 second(s)

2019-07-11 11:46:42 - [TEST_STEP][PASSED] - executeJavaScript("var previewBar = document.getElementById("preview-bar-iframe"); previewBar.style.display = "none";", []): Execute JavaScript 'var previewBar = document.getElementById("preview-bar-iframe"); previewBar.style.display = "none";' successfully

2019-07-11 11:46:42 - [MESSAGE][PASSED] - Execute JavaScript 'var previewBar = document.getElementById("preview-bar-iframe"); previewBar.style.display = "none";' successfully

2019-07-11 11:46:42 - [TEST_STEP][PASSED] - delay(1): Delayed 1 second(s)

2019-07-11 11:46:43 - [MESSAGE][PASSED] - Delayed 1 second(s)

2019-07-11 11:46:43 - [TEST_STEP][PASSED] - click(findTestObject("OCS-DESKTOP/Shipping page/Change link")): Object: 'Object Repository/OCS-DESKTOP/Shipping page/Change link' is clicked on

2019-07-11 11:46:44 - [MESSAGE][PASSED] - Object: 'Object Repository/OCS-DESKTOP/Shipping page/Change link' is clicked on

2019-07-11 11:46:44 - [TEST_STEP][PASSED] - delay(2): Delayed 2 second(s)

2019-07-11 11:46:46 - [MESSAGE][PASSED] - Delayed 2 second(s)

2019-07-11 11:46:46 - [TEST_STEP][PASSED] - executeJavaScript("var previewBar = document.getElementById("preview-bar-iframe"); previewBar.style.display = "none";", []): Execute JavaScript 'var previewBar = document.getElementById("preview-bar-iframe"); previewBar.style.display = "none";' successfully

2019-07-11 11:46:46 - [MESSAGE][PASSED] - Execute JavaScript 'var previewBar = document.getElementById("preview-bar-iframe"); previewBar.style.display = "none";' successfully

2019-07-11 11:46:46 - [TEST_STEP][PASSED] - delay(1): Delayed 1 second(s)

2019-07-11 11:46:47 - [MESSAGE][PASSED] - Delayed 1 second(s)

2019-07-11 11:46:47 - [TEST_STEP][PASSED] - click(findTestObject("Page_Ontario Cannabis Store - Infor/button_Continuer vers le mode")): Object: 'Object Repository/Page_Ontario Cannabis Store - Infor/button_Continuer vers le mode' is clicked on

2019-07-11 11:46:48 - [MESSAGE][PASSED] - Object: 'Object Repository/Page_Ontario Cannabis Store - Infor/button_Continuer vers le mode' is clicked on

2019-07-11 11:46:48 - [TEST_STEP][PASSED] - delay(2): Delayed 2 second(s)

2019-07-11 11:46:50 - [MESSAGE][PASSED] - Delayed 2 second(s)

2019-07-11 11:46:50 - [TEST_STEP][PASSED] - executeJavaScript("var previewBar = document.getElementById("preview-bar-iframe"); previewBar.style.display = "none";", []): Execute JavaScript 'var previewBar = document.getElementById("preview-bar-iframe"); previewBar.style.display = "none";' successfully

2019-07-11 11:46:50 - [MESSAGE][PASSED] - Execute JavaScript 'var previewBar = document.getElementById("preview-bar-iframe"); previewBar.style.display = "none";' successfully

2019-07-11 11:46:50 - [TEST_STEP][PASSED] - delay(1): Delayed 1 second(s)

2019-07-11 11:46:51 - [MESSAGE][PASSED] - Delayed 1 second(s)

2019-07-11 11:46:51 - [TEST_STEP][PASSED] - click(findTestObject("OCS-DESKTOP/Shipping page/Change link 2")): Object: 'Object Repository/OCS-DESKTOP/Shipping page/Change link 2' is clicked on

2019-07-11 11:46:53 - [MESSAGE][PASSED] - Object: 'Object Repository/OCS-DESKTOP/Shipping page/Change link 2' is clicked on

2019-07-11 11:46:53 - [TEST_STEP][PASSED] - delay(2): Delayed 2 second(s)

2019-07-11 11:46:55 - [MESSAGE][PASSED] - Delayed 2 second(s)

2019-07-11 11:46:55 - [TEST_STEP][PASSED] - executeJavaScript("var previewBar = document.getElementById("preview-bar-iframe"); previewBar.style.display = "none";", []): Execute JavaScript 'var previewBar = document.getElementById("preview-bar-iframe"); previewBar.style.display = "none";' successfully

2019-07-11 11:46:55 - [MESSAGE][PASSED] - Execute JavaScript 'var previewBar = document.getElementById("preview-bar-iframe"); previewBar.style.display = "none";' successfully

2019-07-11 11:46:55 - [TEST_STEP][PASSED] - delay(1): Delayed 1 second(s)

2019-07-11 11:46:56 - [MESSAGE][PASSED] - Delayed 1 second(s)

2019-07-11 11:46:56 - [TEST_STEP][PASSED] - click(findTestObject("Page_Ontario Cannabis Store - Infor/button_Continuer vers le mode"), CONTINUE_ON_FAILURE): Object: 'Object Repository/Page_Ontario Cannabis Store - Infor/button_Continuer vers le mode' is clicked on

2019-07-11 11:46:56 - [MESSAGE][PASSED] - Object: 'Object Repository/Page_Ontario Cannabis Store - Infor/button_Continuer vers le mode' is clicked on

2019-07-11 11:46:56 - [TEST_STEP][PASSED] - delay(2): Delayed 2 second(s)

2019-07-11 11:46:58 - [MESSAGE][PASSED] - Delayed 2 second(s)

2019-07-11 11:46:58 - [TEST_STEP][PASSED] - executeJavaScript("var previewBar = document.getElementById("preview-bar-iframe"); previewBar.style.display = "none";", []): Execute JavaScript 'var previewBar = document.getElementById("preview-bar-iframe"); previewBar.style.display = "none";' successfully

2019-07-11 11:46:58 - [MESSAGE][PASSED] - Execute JavaScript 'var previewBar = document.getElementById("preview-bar-iframe"); previewBar.style.display = "none";' successfully

2019-07-11 11:46:58 - [TEST_STEP][PASSED] - delay(1): Delayed 1 second(s)

2019-07-11 11:46:59 - [MESSAGE][PASSED] - Delayed 1 second(s)

2019-07-11 11:46:59 - [TEST_STEP][PASSED] - click(findTestObject("OCS-DESKTOP/Shipping page/Return to customer info")): Object: 'Object Repository/OCS-DESKTOP/Shipping page/Return to customer info' is clicked on

2019-07-11 11:47:01 - [MESSAGE][PASSED] - Object: 'Object Repository/OCS-DESKTOP/Shipping page/Return to customer info' is clicked on

2019-07-11 11:47:01 - [TEST_STEP][PASSED] - delay(2): Delayed 2 second(s)

2019-07-11 11:47:03 - [MESSAGE][PASSED] - Delayed 2 second(s)

2019-07-11 11:47:03 - [TEST_STEP][PASSED] - executeJavaScript("var previewBar = document.getElementById("preview-bar-iframe"); previewBar.style.display = "none";", []): Execute JavaScript 'var previewBar = document.getElementById("preview-bar-iframe"); previewBar.style.display = "none";' successfully

2019-07-11 11:47:03 - [MESSAGE][PASSED] - Execute JavaScript 'var previewBar = document.getElementById("preview-bar-iframe"); previewBar.style.display = "none";' successfully

2019-07-11 11:47:03 - [TEST_STEP][PASSED] - delay(1): Delayed 1 second(s)

2019-07-11 11:47:04 - [MESSAGE][PASSED] - Delayed 1 second(s)

2019-07-11 11:47:04 - [TEST_STEP][PASSED] - click(findTestObject("Page_Ontario Cannabis Store - Infor/button_Continuer vers le mode")): Object: 'Object Repository/Page_Ontario Cannabis Store - Infor/button_Continuer vers le mode' is clicked on

2019-07-11 11:47:04 - [MESSAGE][PASSED] - Object: 'Object Repository/Page_Ontario Cannabis Store - Infor/button_Continuer vers le mode' is clicked on

2019-07-11 11:47:04 - [TEST_STEP][PASSED] - delay(2): Delayed 2 second(s)

2019-07-11 11:47:06 - [MESSAGE][PASSED] - Delayed 2 second(s)

2019-07-11 11:47:06 - [TEST_STEP][PASSED] - executeJavaScript("var previewBar = document.getElementById("preview-bar-iframe"); previewBar.style.display = "none";", []): Execute JavaScript 'var previewBar = document.getElementById("preview-bar-iframe"); previewBar.style.display = "none";' successfully

2019-07-11 11:47:06 - [MESSAGE][PASSED] - Execute JavaScript 'var previewBar = document.getElementById("preview-bar-iframe"); previewBar.style.display = "none";' successfully

2019-07-11 11:47:06 - [TEST_STEP][PASSED] - click(findTestObject("OCS-DESKTOP/Customer info page/Cart - Breadcrumb link")): Object: 'Object Repository/OCS-DESKTOP/Customer info page/Cart - Breadcrumb link' is clicked on

2019-07-11 11:47:07 - [MESSAGE][PASSED] - Object: 'Object Repository/OCS-DESKTOP/Customer info page/Cart - Breadcrumb link' is clicked on

2019-07-11 11:47:07 - [TEST_STEP][PASSED] - delay(2): Delayed 2 second(s)

2019-07-11 11:47:09 - [MESSAGE][PASSED] - Delayed 2 second(s)

2019-07-11 11:47:09 - [TEST_STEP][PASSED] - executeJavaScript("var previewBar = document.getElementById("preview-bar-iframe"); previewBar.style.display = "none";", []): Execute JavaScript 'var previewBar = document.getElementById("preview-bar-iframe"); previewBar.style.display = "none";' successfully

2019-07-11 11:47:09 - [MESSAGE][PASSED] - Execute JavaScript 'var previewBar = document.getElementById("preview-bar-iframe"); previewBar.style.display = "none";' successfully

2019-07-11 11:47:09 - [TEST_STEP][PASSED] - click(findTestObject("OCS-DESKTOP/Cart page/cart page-Checkbox_I confirm that")): Object: 'Object Repository/OCS-DESKTOP/Cart page/cart page-Checkbox_I confirm that' is clicked on

2019-07-11 11:47:09 - [MESSAGE][PASSED] - Object: 'Object Repository/OCS-DESKTOP/Cart page/cart page-Checkbox_I confirm that' is clicked on

2019-07-11 11:47:09 - [TEST_STEP][PASSED] - delay(1): Delayed 1 second(s)

2019-07-11 11:47:10 - [MESSAGE][PASSED] - Delayed 1 second(s)

2019-07-11 11:47:10 - [TEST_STEP][PASSED] - click(findTestObject("OCS-DESKTOP/Cart page/cart page - Checkbox_Accept the Terms Condition")): Object: 'Object Repository/OCS-DESKTOP/Cart page/cart page - Checkbox_Accept the Terms Condition' is clicked on

2019-07-11 11:47:10 - [MESSAGE][PASSED] - Object: 'Object Repository/OCS-DESKTOP/Cart page/cart page - Checkbox_Accept the Terms Condition' is clicked on

2019-07-11 11:47:10 - [TEST_STEP][PASSED] - delay(3): Delayed 3 second(s)

2019-07-11 11:47:13 - [MESSAGE][PASSED] - Delayed 3 second(s)

2019-07-11 11:47:13 - [TEST_STEP][PASSED] - click(findTestObject("FRENCH/Cart page -checkout button")): Object: 'Object Repository/FRENCH/Cart page -checkout button' is clicked on

2019-07-11 11:47:16 - [MESSAGE][PASSED] - Object: 'Object Repository/FRENCH/Cart page -checkout button' is clicked on

2019-07-11 11:47:16 - [TEST_STEP][PASSED] - delay(1): Delayed 1 second(s)

2019-07-11 11:47:17 - [MESSAGE][PASSED] - Delayed 1 second(s)

2019-07-11 11:47:17 - [TEST_STEP][PASSED] - click(findTestObject("OCS-DESKTOP/Payment -page/Information - Breadcrumb link")): Object: 'Object Repository/OCS-DESKTOP/Payment -page/Information - Breadcrumb link' is clicked on

2019-07-11 11:47:18 - [MESSAGE][PASSED] - Object: 'Object Repository/OCS-DESKTOP/Payment -page/Information - Breadcrumb link' is clicked on

2019-07-11 11:47:18 - [TEST_STEP][PASSED] - delay(3): Delayed 3 second(s)

2019-07-11 11:47:21 - [MESSAGE][PASSED] - Delayed 3 second(s)

2019-07-11 11:47:21 - [TEST_STEP][PASSED] - delay(1): Delayed 1 second(s)

2019-07-11 11:47:22 - [MESSAGE][PASSED] - Delayed 1 second(s)

2019-07-11 11:47:22 - [TEST_STEP][PASSED] - executeJavaScript("var previewBar = document.getElementById("preview-bar-iframe"); previewBar.style.display = "none";", []): Execute JavaScript 'var previewBar = document.getElementById("preview-bar-iframe"); previewBar.style.display = "none";' successfully

2019-07-11 11:47:22 - [MESSAGE][PASSED] - Execute JavaScript 'var previewBar = document.getElementById("preview-bar-iframe"); previewBar.style.display = "none";' successfully

2019-07-11 11:47:22 - [TEST_STEP][PASSED] - click(findTestObject("Page_Ontario Cannabis Store - Infor/button_Continuer vers le mode")): Object: 'Object Repository/Page_Ontario Cannabis Store - Infor/button_Continuer vers le mode' is clicked on

2019-07-11 11:47:23 - [MESSAGE][PASSED] - Object: 'Object Repository/Page_Ontario Cannabis Store - Infor/button_Continuer vers le mode' is clicked on

2019-07-11 11:47:23 - [TEST_STEP][PASSED] - delay(3): Delayed 3 second(s)

2019-07-11 11:47:26 - [MESSAGE][PASSED] - Delayed 3 second(s)

2019-07-11 11:47:26 - [TEST_STEP][PASSED] - delay(1): Delayed 1 second(s)

2019-07-11 11:47:27 - [MESSAGE][PASSED] - Delayed 1 second(s)

2019-07-11 11:47:27 - [TEST_STEP][PASSED] - click(findTestObject("Page_Ontario Cannabis Store - Infor/button_Continuer vers le mode")): Object: 'Object Repository/Page_Ontario Cannabis Store - Infor/button_Continuer vers le mode' is clicked on

2019-07-11 11:47:27 - [MESSAGE][PASSED] - Object: 'Object Repository/Page_Ontario Cannabis Store - Infor/button_Continuer vers le mode' is clicked on]]></system-out>
         <system-err><![CDATA[]]></system-err>
      </testcase>
      <system-out><![CDATA[2019-07-11 11:25:28 - [TEST_SUITE][PASSED] - 1.11.4: Test Cases/OCS - DESKTOP/OCS- CRITICAL PATH - FRENCH/Checkout - Shipping-fr]]></system-out>
      <system-err><![CDATA[]]></system-err>
   </testsuite>
</testsuites>
