<?xml version="1.0" encoding="UTF-8"?>
<testsuites name="french" time="1078" tests="7" failures="3" errors="0">
   <testsuite name="french" tests="7" failures="3" errors="0" time="1078" timestamp="2019-06-28 22:44:35" hostname="sumankompelly - 192.168.2.233" id="Test Suites/french">
      <properties>
         <property name="deviceName" value=""/>
         <property name="devicePlatform" value=""/>
         <property name="logFolder" value="/Users/sumankompelly/Relative xpath-Desktop/Reports/french/20190628_224433"/>
         <property name="logFiles" value="/Users/sumankompelly/Relative xpath-Desktop/Reports/french/20190628_224433/execution0.log"/>
         <property name="attachments" value="/Users/sumankompelly/Relative xpath-Desktop/Reports/french/20190628_224433/1561776493533.png, /Users/sumankompelly/Relative xpath-Desktop/Reports/french/20190628_224433/1561776863439.png"/>
         <property name="hostName" value="sumankompelly - 192.168.2.233"/>
         <property name="os" value="Mac OS X 64bit"/>
         <property name="katalonVersion" value="5.10.1.1"/>
         <property name="browser" value="Safari 12"/>
         <property name="hostAddress" value="192.168.2.233"/>
         <property name="sessionId" value="D8866A1B-27D3-4211-A926-04E2CE3075C6"/>
         <property name="seleniumVersion" value="3.7.1"/>
         <property name="proxyInformation" value="ProxyInformation{proxyOption=NO_PROXY, proxyServerType=HTTP, password=, proxyServerAddress=, proxyServerPort=0}"/>
         <property name="platform" value="Mac OS X"/>
      </properties>
      <testcase name="Test Cases/OCS - DESKTOP/OCS- CRITICAL PATH - FRENCH/Cart flyout - decrease qty-fr" classname="Test Cases/OCS - DESKTOP/OCS- CRITICAL PATH - FRENCH/Cart flyout - decrease qty-fr" status="PASSED">
         <system-out><![CDATA[2019-06-28 22:44:35 - [TEST_CASE][PASSED] - Test Cases/OCS - DESKTOP/OCS- CRITICAL PATH - FRENCH/Cart flyout - decrease qty-fr: Test Cases/OCS - DESKTOP/OCS- CRITICAL PATH - FRENCH/Cart flyout - decrease qty-fr

2019-06-28 22:44:36 - [TEST_STEP][PASSED] - callTestCase(findTestCase("OCS - DESKTOP/CALL- Age gate"), [:], STOP_ON_FAILURE): Call Test Case 'Test Cases/OCS - DESKTOP/CALL- Age gate' successfully

2019-06-28 22:44:36 - [TEST_CASE][PASSED] - Test Cases/OCS - DESKTOP/CALL- Age gate: Test Cases/OCS - DESKTOP/CALL- Age gate

2019-06-28 22:44:36 - [TEST_STEP][PASSED] - openBrowser(""): Browser is opened with url: ''

2019-06-28 22:44:37 - [MESSAGE][INFO] - Starting 'Safari' driver

2019-06-28 22:44:37 - [MESSAGE][INFO] - Action delay is set to 0 seconds

2019-06-28 22:44:41 - [MESSAGE][PASSED] - Browser is opened with url: ''

2019-06-28 22:44:41 - [TEST_STEP][PASSED] - navigateToUrl("ocs.ca"): Navigate to 'http://ocs.ca' successfully

2019-06-28 22:44:43 - [MESSAGE][PASSED] - Navigate to 'http://ocs.ca' successfully

2019-06-28 22:44:43 - [TEST_STEP][PASSED] - maximizeWindow(): Current window maximized

2019-06-28 22:44:43 - [MESSAGE][PASSED] - Current window maximized

2019-06-28 22:44:43 - [TEST_STEP][PASSED] - delay(2): Delayed 2 second(s)

2019-06-28 22:44:45 - [MESSAGE][PASSED] - Delayed 2 second(s)

2019-06-28 22:44:45 - [TEST_STEP][NOT_RUN] - executeJavaScript("var previewBar = document.getElementById("preview-bar-iframe"); previewBar.style.display = "none";", []): NOT_RUN: executeJavaScript("var previewBar = document.getElementById("preview-bar-iframe"); previewBar.style.display = "none";", [])

2019-06-28 22:44:45 - [MESSAGE][NOT_RUN] - NOT_RUN: executeJavaScript("var previewBar = document.getElementById("preview-bar-iframe"); previewBar.style.display = "none";", [])

2019-06-28 22:44:45 - [TEST_STEP][PASSED] - selectOptionByValue(findTestObject("OCS-DESKTOP/Age gate and Mega menu/Date"), "12", true): All options with value '12' are selected in object 'Object Repository/OCS-DESKTOP/Age gate and Mega menu/Date'  using regular expression

2019-06-28 22:44:46 - [MESSAGE][PASSED] - All options with value '12' are selected in object 'Object Repository/OCS-DESKTOP/Age gate and Mega menu/Date'  using regular expression

2019-06-28 22:44:46 - [TEST_STEP][PASSED] - selectOptionByValue(findTestObject("OCS-DESKTOP/Age gate and Mega menu/month"), "6", true): All options with value '6' are selected in object 'Object Repository/OCS-DESKTOP/Age gate and Mega menu/month'  using regular expression

2019-06-28 22:44:46 - [MESSAGE][PASSED] - All options with value '6' are selected in object 'Object Repository/OCS-DESKTOP/Age gate and Mega menu/month'  using regular expression

2019-06-28 22:44:46 - [TEST_STEP][PASSED] - delay(2): Delayed 2 second(s)

2019-06-28 22:44:48 - [MESSAGE][PASSED] - Delayed 2 second(s)

2019-06-28 22:44:48 - [TEST_STEP][PASSED] - selectOptionByValue(findTestObject("OCS-DESKTOP/Age gate and Mega menu/Year Dropdown"), "1990", true): All options with value '1990' are selected in object 'Object Repository/OCS-DESKTOP/Age gate and Mega menu/Year Dropdown'  using regular expression

2019-06-28 22:44:50 - [MESSAGE][PASSED] - All options with value '1990' are selected in object 'Object Repository/OCS-DESKTOP/Age gate and Mega menu/Year Dropdown'  using regular expression

2019-06-28 22:44:50 - [TEST_STEP][PASSED] - click(findTestObject("OCS-DESKTOP/Age gate and Mega menu/button_Verify")): Object: 'Object Repository/OCS-DESKTOP/Age gate and Mega menu/button_Verify' is clicked on

2019-06-28 22:44:50 - [MESSAGE][PASSED] - Object: 'Object Repository/OCS-DESKTOP/Age gate and Mega menu/button_Verify' is clicked on

2019-06-28 22:44:50 - [TEST_STEP][PASSED] - click(findTestObject("OCS-DESKTOP/Age gate and Mega menu/Checkbox_CONFIRM AND ACKNOWLEDGE")): Object: 'Object Repository/OCS-DESKTOP/Age gate and Mega menu/Checkbox_CONFIRM AND ACKNOWLEDGE' is clicked on

2019-06-28 22:44:50 - [MESSAGE][PASSED] - Object: 'Object Repository/OCS-DESKTOP/Age gate and Mega menu/Checkbox_CONFIRM AND ACKNOWLEDGE' is clicked on

2019-06-28 22:44:50 - [TEST_STEP][PASSED] - click(findTestObject("OCS-DESKTOP/Age gate and Mega menu/button_CONFIRM")): Object: 'Object Repository/OCS-DESKTOP/Age gate and Mega menu/button_CONFIRM' is clicked on

2019-06-28 22:44:50 - [MESSAGE][PASSED] - Object: 'Object Repository/OCS-DESKTOP/Age gate and Mega menu/button_CONFIRM' is clicked on

2019-06-28 22:44:50 - [TEST_STEP][PASSED] - click(findTestObject("OCS-DESKTOP/Age gate and Mega menu/button_Start Browsing")): Object: 'Object Repository/OCS-DESKTOP/Age gate and Mega menu/button_Start Browsing' is clicked on

2019-06-28 22:44:50 - [MESSAGE][PASSED] - Object: 'Object Repository/OCS-DESKTOP/Age gate and Mega menu/button_Start Browsing' is clicked on

2019-06-28 22:44:50 - [TEST_STEP][PASSED] - delay(2): Delayed 2 second(s)

2019-06-28 22:44:52 - [MESSAGE][PASSED] - Delayed 2 second(s)

2019-06-28 22:44:52 - [TEST_STEP][PASSED] - refresh(): Refresh successfully

2019-06-28 22:44:55 - [MESSAGE][PASSED] - Refresh successfully

2019-06-28 22:44:55 - [MESSAGE][PASSED] - Call Test Case 'Test Cases/OCS - DESKTOP/CALL- Age gate' successfully

2019-06-28 22:44:55 - [TEST_STEP][PASSED] - delay(2): Delayed 2 second(s)

2019-06-28 22:44:57 - [MESSAGE][PASSED] - Delayed 2 second(s)

2019-06-28 22:44:57 - [TEST_STEP][PASSED] - callTestCase(findTestCase("OCS - DESKTOP/CALL - TOGGLING LANGUAGE"), [:], STOP_ON_FAILURE): Call Test Case 'Test Cases/OCS - DESKTOP/CALL - TOGGLING LANGUAGE' successfully

2019-06-28 22:44:57 - [TEST_CASE][PASSED] - Test Cases/OCS - DESKTOP/CALL - TOGGLING LANGUAGE: Test Cases/OCS - DESKTOP/CALL - TOGGLING LANGUAGE

2019-06-28 22:44:57 - [TEST_STEP][PASSED] - delay(2): Delayed 2 second(s)

2019-06-28 22:44:59 - [MESSAGE][PASSED] - Delayed 2 second(s)

2019-06-28 22:44:59 - [TEST_STEP][PASSED] - click(findTestObject("OCS-DESKTOP/Cart flyout/English dropdown")): Object: 'Object Repository/OCS-DESKTOP/Cart flyout/English dropdown' is clicked on

2019-06-28 22:44:59 - [MESSAGE][PASSED] - Object: 'Object Repository/OCS-DESKTOP/Cart flyout/English dropdown' is clicked on

2019-06-28 22:44:59 - [TEST_STEP][PASSED] - delay(2): Delayed 2 second(s)

2019-06-28 22:45:01 - [MESSAGE][PASSED] - Delayed 2 second(s)

2019-06-28 22:45:01 - [TEST_STEP][PASSED] - click(findTestObject("OCS-DESKTOP/Cart flyout/Select French")): Object: 'Object Repository/OCS-DESKTOP/Cart flyout/Select French' is clicked on

2019-06-28 22:45:01 - [MESSAGE][PASSED] - Object: 'Object Repository/OCS-DESKTOP/Cart flyout/Select French' is clicked on

2019-06-28 22:45:01 - [TEST_STEP][PASSED] - delay(5): Delayed 5 second(s)

2019-06-28 22:45:06 - [MESSAGE][PASSED] - Delayed 5 second(s)

2019-06-28 22:45:06 - [TEST_STEP][PASSED] - e = getWindowTitle(): Current window's title is: 'Magasin de Cannabis de l'Ontario | Ontario Cannabis Store'

2019-06-28 22:45:06 - [MESSAGE][PASSED] - Current window's title is: 'Magasin de Cannabis de l'Ontario | Ontario Cannabis Store'

2019-06-28 22:45:06 - [MESSAGE][PASSED] - Call Test Case 'Test Cases/OCS - DESKTOP/CALL - TOGGLING LANGUAGE' successfully

2019-06-28 22:45:06 - [TEST_STEP][PASSED] - click(findTestObject("OCS-DESKTOP/Age gate and Mega menu/Header/CANNABIS menu - English")): Object: 'Object Repository/OCS-DESKTOP/Age gate and Mega menu/Header/CANNABIS menu - English' is clicked on

2019-06-28 22:45:06 - [MESSAGE][PASSED] - Object: 'Object Repository/OCS-DESKTOP/Age gate and Mega menu/Header/CANNABIS menu - English' is clicked on

2019-06-28 22:45:06 - [TEST_STEP][PASSED] - delay(2): Delayed 2 second(s)

2019-06-28 22:45:08 - [MESSAGE][PASSED] - Delayed 2 second(s)

2019-06-28 22:45:08 - [TEST_STEP][NOT_RUN] - executeJavaScript("var previewBar = document.getElementById("preview-bar-iframe"); previewBar.style.display = "none";", []): NOT_RUN: executeJavaScript("var previewBar = document.getElementById("preview-bar-iframe"); previewBar.style.display = "none";", [])

2019-06-28 22:45:08 - [MESSAGE][NOT_RUN] - NOT_RUN: executeJavaScript("var previewBar = document.getElementById("preview-bar-iframe"); previewBar.style.display = "none";", [])

2019-06-28 22:45:08 - [TEST_STEP][PASSED] - click(findTestObject("OCS-DESKTOP/Age gate and Mega menu/Indica Dominant_Menu item")): Object: 'Object Repository/OCS-DESKTOP/Age gate and Mega menu/Indica Dominant_Menu item' is clicked on

2019-06-28 22:45:08 - [MESSAGE][PASSED] - Object: 'Object Repository/OCS-DESKTOP/Age gate and Mega menu/Indica Dominant_Menu item' is clicked on

2019-06-28 22:45:08 - [TEST_STEP][NOT_RUN] - executeJavaScript("var previewBar = document.getElementById("preview-bar-iframe"); previewBar.style.display = "none";", []): NOT_RUN: executeJavaScript("var previewBar = document.getElementById("preview-bar-iframe"); previewBar.style.display = "none";", [])

2019-06-28 22:45:08 - [MESSAGE][NOT_RUN] - NOT_RUN: executeJavaScript("var previewBar = document.getElementById("preview-bar-iframe"); previewBar.style.display = "none";", [])

2019-06-28 22:45:08 - [TEST_STEP][PASSED] - delay(2): Delayed 2 second(s)

2019-06-28 22:45:10 - [MESSAGE][PASSED] - Delayed 2 second(s)

2019-06-28 22:45:10 - [TEST_STEP][PASSED] - click(findTestObject("FRENCH/Product image - 1st one")): Object: 'Object Repository/FRENCH/Product image - 1st one' is clicked on

2019-06-28 22:45:11 - [MESSAGE][PASSED] - Object: 'Object Repository/FRENCH/Product image - 1st one' is clicked on

2019-06-28 22:45:11 - [TEST_STEP][NOT_RUN] - executeJavaScript("var previewBar = document.getElementById("preview-bar-iframe"); previewBar.style.display = "none";", []): NOT_RUN: executeJavaScript("var previewBar = document.getElementById("preview-bar-iframe"); previewBar.style.display = "none";", [])

2019-06-28 22:45:11 - [MESSAGE][NOT_RUN] - NOT_RUN: executeJavaScript("var previewBar = document.getElementById("preview-bar-iframe"); previewBar.style.display = "none";", [])

2019-06-28 22:45:11 - [TEST_STEP][PASSED] - delay(1): Delayed 1 second(s)

2019-06-28 22:45:12 - [MESSAGE][PASSED] - Delayed 1 second(s)

2019-06-28 22:45:12 - [TEST_STEP][PASSED] - delay(3): Delayed 3 second(s)

2019-06-28 22:45:15 - [MESSAGE][PASSED] - Delayed 3 second(s)

2019-06-28 22:45:15 - [TEST_STEP][PASSED] - click(findTestObject("OCS-DESKTOP/Product page/Swatch_1g")): Object: 'Object Repository/OCS-DESKTOP/Product page/Swatch_1g' is clicked on

2019-06-28 22:45:15 - [MESSAGE][PASSED] - Object: 'Object Repository/OCS-DESKTOP/Product page/Swatch_1g' is clicked on

2019-06-28 22:45:15 - [TEST_STEP][PASSED] - delay(2): Delayed 2 second(s)

2019-06-28 22:45:17 - [MESSAGE][PASSED] - Delayed 2 second(s)

2019-06-28 22:45:17 - [TEST_STEP][NOT_RUN] - click(findTestObject("OCS-DESKTOP/Home - page/Cart icon -bag"), OPTIONAL): NOT_RUN: click(findTestObject("OCS-DESKTOP/Home - page/Cart icon -bag"), OPTIONAL)

2019-06-28 22:45:17 - [MESSAGE][NOT_RUN] - NOT_RUN: click(findTestObject("OCS-DESKTOP/Home - page/Cart icon -bag"), OPTIONAL)

2019-06-28 22:45:17 - [TEST_STEP][PASSED] - delay(2): Delayed 2 second(s)

2019-06-28 22:45:19 - [MESSAGE][PASSED] - Delayed 2 second(s)

2019-06-28 22:45:19 - [TEST_STEP][PASSED] - click(findTestObject("OCS-DESKTOP/Product page/Quantity Increase - Button")): Object: 'Object Repository/OCS-DESKTOP/Product page/Quantity Increase - Button' is clicked on

2019-06-28 22:45:19 - [MESSAGE][PASSED] - Object: 'Object Repository/OCS-DESKTOP/Product page/Quantity Increase - Button' is clicked on

2019-06-28 22:45:19 - [TEST_STEP][PASSED] - delay(1): Delayed 1 second(s)

2019-06-28 22:45:20 - [MESSAGE][PASSED] - Delayed 1 second(s)

2019-06-28 22:45:20 - [TEST_STEP][PASSED] - click(findTestObject("FRENCH/Quantity Increase - Button")): Object: 'Object Repository/FRENCH/Quantity Increase - Button' is clicked on

2019-06-28 22:45:20 - [MESSAGE][PASSED] - Object: 'Object Repository/FRENCH/Quantity Increase - Button' is clicked on

2019-06-28 22:45:20 - [TEST_STEP][PASSED] - delay(1): Delayed 1 second(s)

2019-06-28 22:45:21 - [MESSAGE][PASSED] - Delayed 1 second(s)

2019-06-28 22:45:21 - [TEST_STEP][PASSED] - click(findTestObject("FRENCH/Quantity Increase - Button")): Object: 'Object Repository/FRENCH/Quantity Increase - Button' is clicked on

2019-06-28 22:45:21 - [MESSAGE][PASSED] - Object: 'Object Repository/FRENCH/Quantity Increase - Button' is clicked on

2019-06-28 22:45:21 - [TEST_STEP][PASSED] - delay(1): Delayed 1 second(s)

2019-06-28 22:45:22 - [MESSAGE][PASSED] - Delayed 1 second(s)

2019-06-28 22:45:22 - [TEST_STEP][PASSED] - click(findTestObject("FRENCH/Quantity Increase - Button")): Object: 'Object Repository/FRENCH/Quantity Increase - Button' is clicked on

2019-06-28 22:45:22 - [MESSAGE][PASSED] - Object: 'Object Repository/FRENCH/Quantity Increase - Button' is clicked on

2019-06-28 22:45:22 - [TEST_STEP][PASSED] - delay(2): Delayed 2 second(s)

2019-06-28 22:45:24 - [MESSAGE][PASSED] - Delayed 2 second(s)

2019-06-28 22:45:24 - [TEST_STEP][PASSED] - click(findTestObject("OCS-DESKTOP/Product page/Add to Bag-button")): Object: 'Object Repository/OCS-DESKTOP/Product page/Add to Bag-button' is clicked on

2019-06-28 22:45:24 - [MESSAGE][PASSED] - Object: 'Object Repository/OCS-DESKTOP/Product page/Add to Bag-button' is clicked on

2019-06-28 22:45:24 - [TEST_STEP][PASSED] - delay(1): Delayed 1 second(s)

2019-06-28 22:45:25 - [MESSAGE][PASSED] - Delayed 1 second(s)

2019-06-28 22:45:25 - [TEST_STEP][PASSED] - delay(2): Delayed 2 second(s)

2019-06-28 22:45:27 - [MESSAGE][PASSED] - Delayed 2 second(s)

2019-06-28 22:45:27 - [TEST_STEP][PASSED] - a = getText(findTestObject("OCS-DESKTOP/Cart flyout/Unit price - Product")): Text of object 'Object Repository/OCS-DESKTOP/Cart flyout/Unit price - Product' is: '






52,50 $'

2019-06-28 22:45:27 - [MESSAGE][PASSED] - Text of object 'Object Repository/OCS-DESKTOP/Cart flyout/Unit price - Product' is: '






52,50 $'

2019-06-28 22:45:27 - [TEST_STEP][PASSED] - comment(a): 






52,50 $

2019-06-28 22:45:27 - [MESSAGE][INFO] - 






52,50 $

2019-06-28 22:45:27 - [TEST_STEP][PASSED] - b = a.substring(0, a.length() - 1): null

2019-06-28 22:45:27 - [TEST_STEP][PASSED] - comment(b): 






52,50 

2019-06-28 22:45:27 - [MESSAGE][INFO] - 






52,50 

2019-06-28 22:45:27 - [TEST_STEP][PASSED] - a1 = b.substring(0, b.length() - 1): null

2019-06-28 22:45:27 - [TEST_STEP][PASSED] - comment("a1 = " + a1): a1 = 






52,50

2019-06-28 22:45:27 - [MESSAGE][INFO] - a1 = 






52,50

2019-06-28 22:45:27 - [TEST_STEP][PASSED] - x1 = a1.substring(0, a1.length() - 1): null

2019-06-28 22:45:27 - [TEST_STEP][PASSED] - comment("x1 = " + x1): x1 = 






52,5

2019-06-28 22:45:27 - [MESSAGE][INFO] - x1 = 






52,5

2019-06-28 22:45:27 - [TEST_STEP][PASSED] - x2 = x1.substring(0, x1.length() - 1): null

2019-06-28 22:45:27 - [TEST_STEP][PASSED] - comment("x2 = " + x2): x2 = 






52,

2019-06-28 22:45:27 - [MESSAGE][INFO] - x2 = 






52,

2019-06-28 22:45:27 - [TEST_STEP][PASSED] - x3 = x2.substring(0, x2.length() - 1): null

2019-06-28 22:45:27 - [TEST_STEP][PASSED] - comment("x3 = " + x3): x3 = 






52

2019-06-28 22:45:27 - [MESSAGE][INFO] - x3 = 






52

2019-06-28 22:45:27 - [TEST_STEP][PASSED] - x6 = x3.substring(0, x3.length() - 1): null

2019-06-28 22:45:27 - [TEST_STEP][PASSED] - comment("x6 = " + x6): x6 = 






5

2019-06-28 22:45:27 - [MESSAGE][INFO] - x6 = 






5

2019-06-28 22:45:27 - [TEST_STEP][PASSED] - click(findTestObject("FRENCH/input_-_updates")): Object: 'Object Repository/FRENCH/input_-_updates' is clicked on

2019-06-28 22:45:27 - [MESSAGE][PASSED] - Object: 'Object Repository/FRENCH/input_-_updates' is clicked on

2019-06-28 22:45:27 - [TEST_STEP][NOT_RUN] - setText(findTestObject("OCS-DESKTOP/Cart flyout/input_-_updates"), Keys.chord(CLEAR)): NOT_RUN: setText(findTestObject("OCS-DESKTOP/Cart flyout/input_-_updates"), Keys.chord(CLEAR))

2019-06-28 22:45:27 - [MESSAGE][NOT_RUN] - NOT_RUN: setText(findTestObject("OCS-DESKTOP/Cart flyout/input_-_updates"), Keys.chord(CLEAR))

2019-06-28 22:45:27 - [TEST_STEP][PASSED] - delay(1): Delayed 1 second(s)

2019-06-28 22:45:28 - [MESSAGE][PASSED] - Delayed 1 second(s)

2019-06-28 22:45:28 - [TEST_STEP][PASSED] - setText(findTestObject("OCS-DESKTOP/Cart flyout/input_-_updates"), "10"): Text '10' is set on object 'Object Repository/OCS-DESKTOP/Cart flyout/input_-_updates'

2019-06-28 22:45:28 - [MESSAGE][PASSED] - Text '10' is set on object 'Object Repository/OCS-DESKTOP/Cart flyout/input_-_updates'

2019-06-28 22:45:28 - [TEST_STEP][PASSED] - delay(2): Delayed 2 second(s)

2019-06-28 22:45:30 - [MESSAGE][PASSED] - Delayed 2 second(s)

2019-06-28 22:45:30 - [TEST_STEP][PASSED] - click(findTestObject("OCS-DESKTOP/Cart flyout/Quantity decrease - Product")): Object: 'Object Repository/OCS-DESKTOP/Cart flyout/Quantity decrease - Product' is clicked on

2019-06-28 22:45:30 - [MESSAGE][PASSED] - Object: 'Object Repository/OCS-DESKTOP/Cart flyout/Quantity decrease - Product' is clicked on

2019-06-28 22:45:30 - [TEST_STEP][PASSED] - delay(1): Delayed 1 second(s)

2019-06-28 22:45:32 - [MESSAGE][PASSED] - Delayed 1 second(s)

2019-06-28 22:45:32 - [TEST_STEP][PASSED] - click(findTestObject("OCS-DESKTOP/Cart flyout/Quantity decrease - Product")): Object: 'Object Repository/OCS-DESKTOP/Cart flyout/Quantity decrease - Product' is clicked on

2019-06-28 22:45:32 - [MESSAGE][PASSED] - Object: 'Object Repository/OCS-DESKTOP/Cart flyout/Quantity decrease - Product' is clicked on

2019-06-28 22:45:32 - [TEST_STEP][PASSED] - delay(1): Delayed 1 second(s)

2019-06-28 22:45:33 - [MESSAGE][PASSED] - Delayed 1 second(s)

2019-06-28 22:45:33 - [TEST_STEP][PASSED] - click(findTestObject("OCS-DESKTOP/Cart flyout/Quantity decrease - Product")): Object: 'Object Repository/OCS-DESKTOP/Cart flyout/Quantity decrease - Product' is clicked on

2019-06-28 22:45:33 - [MESSAGE][PASSED] - Object: 'Object Repository/OCS-DESKTOP/Cart flyout/Quantity decrease - Product' is clicked on

2019-06-28 22:45:33 - [TEST_STEP][PASSED] - delay(5): Delayed 5 second(s)

2019-06-28 22:45:38 - [MESSAGE][PASSED] - Delayed 5 second(s)

2019-06-28 22:45:38 - [TEST_STEP][PASSED] - c = getText(findTestObject("OCS-DESKTOP/Cart flyout/Sub-total Price")): Text of object 'Object Repository/OCS-DESKTOP/Cart flyout/Sub-total Price' is: '






84,00 $'

2019-06-28 22:45:38 - [MESSAGE][PASSED] - Text of object 'Object Repository/OCS-DESKTOP/Cart flyout/Sub-total Price' is: '






84,00 $'

2019-06-28 22:45:38 - [TEST_STEP][PASSED] - comment(c): 






84,00 $

2019-06-28 22:45:38 - [MESSAGE][INFO] - 






84,00 $

2019-06-28 22:45:38 - [TEST_STEP][PASSED] - d = c.substring(0, c.length() - 1): null

2019-06-28 22:45:38 - [TEST_STEP][PASSED] - comment(d): 






84,00 

2019-06-28 22:45:38 - [MESSAGE][INFO] - 






84,00 

2019-06-28 22:45:38 - [TEST_STEP][PASSED] - a2 = d.substring(0, d.length() - 1): null

2019-06-28 22:45:38 - [TEST_STEP][PASSED] - comment("a2 = " + a2): a2 = 






84,00

2019-06-28 22:45:38 - [MESSAGE][INFO] - a2 = 






84,00

2019-06-28 22:45:38 - [TEST_STEP][PASSED] - y1 = a2.substring(0, a2.length() - 1): null

2019-06-28 22:45:38 - [TEST_STEP][PASSED] - comment("y1 = " + y1): y1 = 






84,0

2019-06-28 22:45:38 - [MESSAGE][INFO] - y1 = 






84,0

2019-06-28 22:45:38 - [TEST_STEP][PASSED] - y2 = y1.substring(0, y1.length() - 1): null

2019-06-28 22:45:38 - [TEST_STEP][PASSED] - comment("y2 = " + y2): y2 = 






84,

2019-06-28 22:45:38 - [MESSAGE][INFO] - y2 = 






84,

2019-06-28 22:45:38 - [TEST_STEP][PASSED] - y3 = y2.substring(0, y2.length() - 1): null

2019-06-28 22:45:38 - [TEST_STEP][PASSED] - comment("y3 = " + y3): y3 = 






84

2019-06-28 22:45:38 - [MESSAGE][INFO] - y3 = 






84

2019-06-28 22:45:38 - [TEST_STEP][PASSED] - y4 = y3.substring(0, y3.length() - 1): null

2019-06-28 22:45:38 - [TEST_STEP][PASSED] - comment("y4 = " + y4): y4 = 






8

2019-06-28 22:45:38 - [MESSAGE][INFO] - y4 = 






8

2019-06-28 22:45:38 - [TEST_STEP][PASSED] - verifyNotEqual("x6", "y4"): Actual object 'x6' and expected object 'y4' are not equal

2019-06-28 22:45:38 - [MESSAGE][PASSED] - Actual object 'x6' and expected object 'y4' are not equal

2019-06-28 22:45:38 - [TEST_STEP][PASSED] - comment(" Sub-total Price changed . Quantity selector is working"):  Sub-total Price changed . Quantity selector is working

2019-06-28 22:45:38 - [MESSAGE][INFO] -  Sub-total Price changed . Quantity selector is working

2019-06-28 22:45:38 - [TEST_STEP][PASSED] - callTestCase(findTestCase("OCS - DESKTOP/CALL- SHIPPING TO PAYMENT"), [:], STOP_ON_FAILURE): Call Test Case 'Test Cases/OCS - DESKTOP/CALL- SHIPPING TO PAYMENT' successfully

2019-06-28 22:45:38 - [TEST_CASE][PASSED] - Test Cases/OCS - DESKTOP/CALL- SHIPPING TO PAYMENT: Test Cases/OCS - DESKTOP/CALL- SHIPPING TO PAYMENT

2019-06-28 22:45:38 - [TEST_STEP][PASSED] - delay(1): Delayed 1 second(s)

2019-06-28 22:45:39 - [MESSAGE][PASSED] - Delayed 1 second(s)

2019-06-28 22:45:39 - [TEST_STEP][PASSED] - click(findTestObject("OCS-DESKTOP/Cart flyout/Checkbox_I confirm that")): Object: 'Object Repository/OCS-DESKTOP/Cart flyout/Checkbox_I confirm that' is clicked on

2019-06-28 22:45:39 - [MESSAGE][PASSED] - Object: 'Object Repository/OCS-DESKTOP/Cart flyout/Checkbox_I confirm that' is clicked on

2019-06-28 22:45:39 - [TEST_STEP][PASSED] - delay(1): Delayed 1 second(s)

2019-06-28 22:45:40 - [MESSAGE][PASSED] - Delayed 1 second(s)

2019-06-28 22:45:40 - [TEST_STEP][PASSED] - click(findTestObject("OCS-DESKTOP/Cart flyout/Checkbox_Accept the Terms Condition")): Object: 'Object Repository/OCS-DESKTOP/Cart flyout/Checkbox_Accept the Terms Condition' is clicked on

2019-06-28 22:45:40 - [MESSAGE][PASSED] - Object: 'Object Repository/OCS-DESKTOP/Cart flyout/Checkbox_Accept the Terms Condition' is clicked on

2019-06-28 22:45:40 - [TEST_STEP][PASSED] - delay(1): Delayed 1 second(s)

2019-06-28 22:45:41 - [MESSAGE][PASSED] - Delayed 1 second(s)

2019-06-28 22:45:41 - [TEST_STEP][PASSED] - click(findTestObject("OCS-DESKTOP/Cart flyout/Checkout - Button")): Object: 'Object Repository/OCS-DESKTOP/Cart flyout/Checkout - Button' is clicked on

2019-06-28 22:45:45 - [MESSAGE][PASSED] - Object: 'Object Repository/OCS-DESKTOP/Cart flyout/Checkout - Button' is clicked on

2019-06-28 22:45:45 - [TEST_STEP][NOT_RUN] - executeJavaScript("var previewBar = document.getElementById("preview-bar-iframe"); previewBar.style.display = "none";", []): NOT_RUN: executeJavaScript("var previewBar = document.getElementById("preview-bar-iframe"); previewBar.style.display = "none";", [])

2019-06-28 22:45:45 - [MESSAGE][NOT_RUN] - NOT_RUN: executeJavaScript("var previewBar = document.getElementById("preview-bar-iframe"); previewBar.style.display = "none";", [])

2019-06-28 22:45:45 - [TEST_STEP][PASSED] - delay(2): Delayed 2 second(s)

2019-06-28 22:45:47 - [MESSAGE][PASSED] - Delayed 2 second(s)

2019-06-28 22:45:47 - [TEST_STEP][PASSED] - setText(findTestObject("Object Repository/Page_Ontario Cannabis Store - Infor/input_Adresse e-mail_checkoute"), "suman@gmail.com"): Text 'suman@gmail.com' is set on object 'Object Repository/Page_Ontario Cannabis Store - Infor/input_Adresse e-mail_checkoute'

2019-06-28 22:45:47 - [MESSAGE][PASSED] - Text 'suman@gmail.com' is set on object 'Object Repository/Page_Ontario Cannabis Store - Infor/input_Adresse e-mail_checkoute'

2019-06-28 22:45:47 - [TEST_STEP][PASSED] - setText(findTestObject("Object Repository/Page_Ontario Cannabis Store - Infor/input_Prnom_checkoutshipping_a"), "suman"): Text 'suman' is set on object 'Object Repository/Page_Ontario Cannabis Store - Infor/input_Prnom_checkoutshipping_a'

2019-06-28 22:45:47 - [MESSAGE][PASSED] - Text 'suman' is set on object 'Object Repository/Page_Ontario Cannabis Store - Infor/input_Prnom_checkoutshipping_a'

2019-06-28 22:45:47 - [TEST_STEP][PASSED] - setText(findTestObject("Object Repository/Page_Ontario Cannabis Store - Infor/input_Nom_checkoutshipping_add"), "kompelly"): Text 'kompelly' is set on object 'Object Repository/Page_Ontario Cannabis Store - Infor/input_Nom_checkoutshipping_add'

2019-06-28 22:45:47 - [MESSAGE][PASSED] - Text 'kompelly' is set on object 'Object Repository/Page_Ontario Cannabis Store - Infor/input_Nom_checkoutshipping_add'

2019-06-28 22:45:47 - [TEST_STEP][PASSED] - setText(findTestObject("Object Repository/Page_Ontario Cannabis Store - Infor/input_Adresse_checkoutshipping"), "123 test"): Text '123 test' is set on object 'Object Repository/Page_Ontario Cannabis Store - Infor/input_Adresse_checkoutshipping'

2019-06-28 22:45:48 - [MESSAGE][PASSED] - Text '123 test' is set on object 'Object Repository/Page_Ontario Cannabis Store - Infor/input_Adresse_checkoutshipping'

2019-06-28 22:45:48 - [TEST_STEP][PASSED] - setText(findTestObject("Object Repository/Page_Ontario Cannabis Store - Infor/input_Appartement suite etc. ("), "123"): Text '123' is set on object 'Object Repository/Page_Ontario Cannabis Store - Infor/input_Appartement suite etc. ('

2019-06-28 22:45:48 - [MESSAGE][PASSED] - Text '123' is set on object 'Object Repository/Page_Ontario Cannabis Store - Infor/input_Appartement suite etc. ('

2019-06-28 22:45:48 - [TEST_STEP][PASSED] - setText(findTestObject("Object Repository/Page_Ontario Cannabis Store - Infor/input_Ville_checkoutshipping_a"), "montreal"): Text 'montreal' is set on object 'Object Repository/Page_Ontario Cannabis Store - Infor/input_Ville_checkoutshipping_a'

2019-06-28 22:45:48 - [MESSAGE][PASSED] - Text 'montreal' is set on object 'Object Repository/Page_Ontario Cannabis Store - Infor/input_Ville_checkoutshipping_a'

2019-06-28 22:45:48 - [TEST_STEP][PASSED] - setText(findTestObject("Object Repository/Page_Ontario Cannabis Store - Infor/input_Code postal_checkoutship"), "n0r1k0"): Text 'n0r1k0' is set on object 'Object Repository/Page_Ontario Cannabis Store - Infor/input_Code postal_checkoutship'

2019-06-28 22:45:48 - [MESSAGE][PASSED] - Text 'n0r1k0' is set on object 'Object Repository/Page_Ontario Cannabis Store - Infor/input_Code postal_checkoutship'

2019-06-28 22:45:48 - [TEST_STEP][PASSED] - setText(findTestObject("Object Repository/Page_Ontario Cannabis Store - Infor/input_Tlphone_checkoutshipping"), "514-449-3883"): Text '514-449-3883' is set on object 'Object Repository/Page_Ontario Cannabis Store - Infor/input_Tlphone_checkoutshipping'

2019-06-28 22:45:48 - [MESSAGE][PASSED] - Text '514-449-3883' is set on object 'Object Repository/Page_Ontario Cannabis Store - Infor/input_Tlphone_checkoutshipping'

2019-06-28 22:45:48 - [TEST_STEP][PASSED] - delay(2): Delayed 2 second(s)

2019-06-28 22:45:50 - [MESSAGE][PASSED] - Delayed 2 second(s)

2019-06-28 22:45:50 - [TEST_STEP][PASSED] - click(findTestObject("Object Repository/Page_Ontario Cannabis Store - Infor/button_Continuer vers le mode")): Object: 'Object Repository/Page_Ontario Cannabis Store - Infor/button_Continuer vers le mode' is clicked on

2019-06-28 22:45:50 - [MESSAGE][PASSED] - Object: 'Object Repository/Page_Ontario Cannabis Store - Infor/button_Continuer vers le mode' is clicked on

2019-06-28 22:45:50 - [TEST_STEP][PASSED] - delay(4): Delayed 4 second(s)

2019-06-28 22:45:54 - [MESSAGE][PASSED] - Delayed 4 second(s)

2019-06-28 22:45:54 - [TEST_STEP][NOT_RUN] - executeJavaScript("var previewBar = document.getElementById("preview-bar-iframe"); previewBar.style.display = "none";", []): NOT_RUN: executeJavaScript("var previewBar = document.getElementById("preview-bar-iframe"); previewBar.style.display = "none";", [])

2019-06-28 22:45:54 - [MESSAGE][NOT_RUN] - NOT_RUN: executeJavaScript("var previewBar = document.getElementById("preview-bar-iframe"); previewBar.style.display = "none";", [])

2019-06-28 22:45:54 - [TEST_STEP][PASSED] - delay(2): Delayed 2 second(s)

2019-06-28 22:45:56 - [MESSAGE][PASSED] - Delayed 2 second(s)

2019-06-28 22:45:56 - [TEST_STEP][PASSED] - click(findTestObject("Object Repository/Page_Ontario Cannabis Store - Livra/button_Continuer vers le moyen")): Object: 'Object Repository/Page_Ontario Cannabis Store - Livra/button_Continuer vers le moyen' is clicked on

2019-06-28 22:45:57 - [MESSAGE][PASSED] - Object: 'Object Repository/Page_Ontario Cannabis Store - Livra/button_Continuer vers le moyen' is clicked on

2019-06-28 22:45:57 - [MESSAGE][PASSED] - Call Test Case 'Test Cases/OCS - DESKTOP/CALL- SHIPPING TO PAYMENT' successfully]]></system-out>
         <system-err><![CDATA[]]></system-err>
      </testcase>
      <testcase name="Test Cases/OCS - DESKTOP/OCS- CRITICAL PATH - FRENCH/Cart page - Decrease qty - fr" classname="Test Cases/OCS - DESKTOP/OCS- CRITICAL PATH - FRENCH/Cart page - Decrease qty - fr" status="PASSED">
         <system-out><![CDATA[2019-06-28 22:45:57 - [TEST_CASE][PASSED] - Test Cases/OCS - DESKTOP/OCS- CRITICAL PATH - FRENCH/Cart page - Decrease qty - fr: Test Cases/OCS - DESKTOP/OCS- CRITICAL PATH - FRENCH/Cart page - Decrease qty - fr

2019-06-28 22:45:57 - [TEST_STEP][PASSED] - callTestCase(findTestCase("OCS - DESKTOP/CALL- Age gate"), [:], STOP_ON_FAILURE): Call Test Case 'Test Cases/OCS - DESKTOP/CALL- Age gate' successfully

2019-06-28 22:45:57 - [TEST_CASE][PASSED] - Test Cases/OCS - DESKTOP/CALL- Age gate: Test Cases/OCS - DESKTOP/CALL- Age gate

2019-06-28 22:45:57 - [TEST_STEP][PASSED] - openBrowser(""): Browser is opened with url: ''

2019-06-28 22:45:57 - [MESSAGE][WARNING] - A browser is already opened. Closing browser and opening a new one

2019-06-28 22:45:57 - [MESSAGE][INFO] - Starting 'Safari' driver

2019-06-28 22:45:58 - [MESSAGE][PASSED] - Browser is opened with url: ''

2019-06-28 22:45:58 - [TEST_STEP][PASSED] - navigateToUrl("ocs.ca"): Navigate to 'http://ocs.ca' successfully

2019-06-28 22:45:59 - [MESSAGE][PASSED] - Navigate to 'http://ocs.ca' successfully

2019-06-28 22:45:59 - [TEST_STEP][PASSED] - maximizeWindow(): Current window maximized

2019-06-28 22:45:59 - [MESSAGE][PASSED] - Current window maximized

2019-06-28 22:45:59 - [TEST_STEP][PASSED] - delay(2): Delayed 2 second(s)

2019-06-28 22:46:01 - [MESSAGE][PASSED] - Delayed 2 second(s)

2019-06-28 22:46:01 - [TEST_STEP][NOT_RUN] - executeJavaScript("var previewBar = document.getElementById("preview-bar-iframe"); previewBar.style.display = "none";", []): NOT_RUN: executeJavaScript("var previewBar = document.getElementById("preview-bar-iframe"); previewBar.style.display = "none";", [])

2019-06-28 22:46:01 - [MESSAGE][NOT_RUN] - NOT_RUN: executeJavaScript("var previewBar = document.getElementById("preview-bar-iframe"); previewBar.style.display = "none";", [])

2019-06-28 22:46:01 - [TEST_STEP][PASSED] - selectOptionByValue(findTestObject("OCS-DESKTOP/Age gate and Mega menu/Date"), "12", true): All options with value '12' are selected in object 'Object Repository/OCS-DESKTOP/Age gate and Mega menu/Date'  using regular expression

2019-06-28 22:46:02 - [MESSAGE][PASSED] - All options with value '12' are selected in object 'Object Repository/OCS-DESKTOP/Age gate and Mega menu/Date'  using regular expression

2019-06-28 22:46:02 - [TEST_STEP][PASSED] - selectOptionByValue(findTestObject("OCS-DESKTOP/Age gate and Mega menu/month"), "6", true): All options with value '6' are selected in object 'Object Repository/OCS-DESKTOP/Age gate and Mega menu/month'  using regular expression

2019-06-28 22:46:02 - [MESSAGE][PASSED] - All options with value '6' are selected in object 'Object Repository/OCS-DESKTOP/Age gate and Mega menu/month'  using regular expression

2019-06-28 22:46:02 - [TEST_STEP][PASSED] - delay(2): Delayed 2 second(s)

2019-06-28 22:46:04 - [MESSAGE][PASSED] - Delayed 2 second(s)

2019-06-28 22:46:04 - [TEST_STEP][PASSED] - selectOptionByValue(findTestObject("OCS-DESKTOP/Age gate and Mega menu/Year Dropdown"), "1990", true): All options with value '1990' are selected in object 'Object Repository/OCS-DESKTOP/Age gate and Mega menu/Year Dropdown'  using regular expression

2019-06-28 22:46:07 - [MESSAGE][PASSED] - All options with value '1990' are selected in object 'Object Repository/OCS-DESKTOP/Age gate and Mega menu/Year Dropdown'  using regular expression

2019-06-28 22:46:07 - [TEST_STEP][PASSED] - click(findTestObject("OCS-DESKTOP/Age gate and Mega menu/button_Verify")): Object: 'Object Repository/OCS-DESKTOP/Age gate and Mega menu/button_Verify' is clicked on

2019-06-28 22:46:07 - [MESSAGE][PASSED] - Object: 'Object Repository/OCS-DESKTOP/Age gate and Mega menu/button_Verify' is clicked on

2019-06-28 22:46:07 - [TEST_STEP][PASSED] - click(findTestObject("OCS-DESKTOP/Age gate and Mega menu/Checkbox_CONFIRM AND ACKNOWLEDGE")): Object: 'Object Repository/OCS-DESKTOP/Age gate and Mega menu/Checkbox_CONFIRM AND ACKNOWLEDGE' is clicked on

2019-06-28 22:46:07 - [MESSAGE][PASSED] - Object: 'Object Repository/OCS-DESKTOP/Age gate and Mega menu/Checkbox_CONFIRM AND ACKNOWLEDGE' is clicked on

2019-06-28 22:46:07 - [TEST_STEP][PASSED] - click(findTestObject("OCS-DESKTOP/Age gate and Mega menu/button_CONFIRM")): Object: 'Object Repository/OCS-DESKTOP/Age gate and Mega menu/button_CONFIRM' is clicked on

2019-06-28 22:46:07 - [MESSAGE][PASSED] - Object: 'Object Repository/OCS-DESKTOP/Age gate and Mega menu/button_CONFIRM' is clicked on

2019-06-28 22:46:07 - [TEST_STEP][PASSED] - click(findTestObject("OCS-DESKTOP/Age gate and Mega menu/button_Start Browsing")): Object: 'Object Repository/OCS-DESKTOP/Age gate and Mega menu/button_Start Browsing' is clicked on

2019-06-28 22:46:07 - [MESSAGE][PASSED] - Object: 'Object Repository/OCS-DESKTOP/Age gate and Mega menu/button_Start Browsing' is clicked on

2019-06-28 22:46:07 - [TEST_STEP][PASSED] - delay(2): Delayed 2 second(s)

2019-06-28 22:46:09 - [MESSAGE][PASSED] - Delayed 2 second(s)

2019-06-28 22:46:09 - [TEST_STEP][PASSED] - refresh(): Refresh successfully

2019-06-28 22:46:11 - [MESSAGE][PASSED] - Refresh successfully

2019-06-28 22:46:11 - [MESSAGE][PASSED] - Call Test Case 'Test Cases/OCS - DESKTOP/CALL- Age gate' successfully

2019-06-28 22:46:11 - [TEST_STEP][PASSED] - delay(2): Delayed 2 second(s)

2019-06-28 22:46:13 - [MESSAGE][PASSED] - Delayed 2 second(s)

2019-06-28 22:46:13 - [TEST_STEP][PASSED] - callTestCase(findTestCase("OCS - DESKTOP/CALL - TOGGLING LANGUAGE"), [:], STOP_ON_FAILURE): Call Test Case 'Test Cases/OCS - DESKTOP/CALL - TOGGLING LANGUAGE' successfully

2019-06-28 22:46:13 - [TEST_CASE][PASSED] - Test Cases/OCS - DESKTOP/CALL - TOGGLING LANGUAGE: Test Cases/OCS - DESKTOP/CALL - TOGGLING LANGUAGE

2019-06-28 22:46:13 - [TEST_STEP][PASSED] - delay(2): Delayed 2 second(s)

2019-06-28 22:46:15 - [MESSAGE][PASSED] - Delayed 2 second(s)

2019-06-28 22:46:15 - [TEST_STEP][PASSED] - click(findTestObject("OCS-DESKTOP/Cart flyout/English dropdown")): Object: 'Object Repository/OCS-DESKTOP/Cart flyout/English dropdown' is clicked on

2019-06-28 22:46:16 - [MESSAGE][PASSED] - Object: 'Object Repository/OCS-DESKTOP/Cart flyout/English dropdown' is clicked on

2019-06-28 22:46:16 - [TEST_STEP][PASSED] - delay(2): Delayed 2 second(s)

2019-06-28 22:46:18 - [MESSAGE][PASSED] - Delayed 2 second(s)

2019-06-28 22:46:18 - [TEST_STEP][PASSED] - click(findTestObject("OCS-DESKTOP/Cart flyout/Select French")): Object: 'Object Repository/OCS-DESKTOP/Cart flyout/Select French' is clicked on

2019-06-28 22:46:18 - [MESSAGE][PASSED] - Object: 'Object Repository/OCS-DESKTOP/Cart flyout/Select French' is clicked on

2019-06-28 22:46:18 - [TEST_STEP][PASSED] - delay(5): Delayed 5 second(s)

2019-06-28 22:46:23 - [MESSAGE][PASSED] - Delayed 5 second(s)

2019-06-28 22:46:23 - [TEST_STEP][PASSED] - e = getWindowTitle(): Current window's title is: 'Magasin de Cannabis de l'Ontario | Ontario Cannabis Store'

2019-06-28 22:46:23 - [MESSAGE][PASSED] - Current window's title is: 'Magasin de Cannabis de l'Ontario | Ontario Cannabis Store'

2019-06-28 22:46:23 - [MESSAGE][PASSED] - Call Test Case 'Test Cases/OCS - DESKTOP/CALL - TOGGLING LANGUAGE' successfully

2019-06-28 22:46:23 - [TEST_STEP][PASSED] - click(findTestObject("OCS-DESKTOP/Age gate and Mega menu/Header/CANNABIS menu - English")): Object: 'Object Repository/OCS-DESKTOP/Age gate and Mega menu/Header/CANNABIS menu - English' is clicked on

2019-06-28 22:46:23 - [MESSAGE][PASSED] - Object: 'Object Repository/OCS-DESKTOP/Age gate and Mega menu/Header/CANNABIS menu - English' is clicked on

2019-06-28 22:46:23 - [TEST_STEP][PASSED] - delay(2): Delayed 2 second(s)

2019-06-28 22:46:25 - [MESSAGE][PASSED] - Delayed 2 second(s)

2019-06-28 22:46:25 - [TEST_STEP][NOT_RUN] - executeJavaScript("var previewBar = document.getElementById("preview-bar-iframe"); previewBar.style.display = "none";", []): NOT_RUN: executeJavaScript("var previewBar = document.getElementById("preview-bar-iframe"); previewBar.style.display = "none";", [])

2019-06-28 22:46:25 - [MESSAGE][NOT_RUN] - NOT_RUN: executeJavaScript("var previewBar = document.getElementById("preview-bar-iframe"); previewBar.style.display = "none";", [])

2019-06-28 22:46:25 - [TEST_STEP][PASSED] - click(findTestObject("OCS-DESKTOP/Age gate and Mega menu/Indica Dominant_Menu item")): Object: 'Object Repository/OCS-DESKTOP/Age gate and Mega menu/Indica Dominant_Menu item' is clicked on

2019-06-28 22:46:27 - [MESSAGE][PASSED] - Object: 'Object Repository/OCS-DESKTOP/Age gate and Mega menu/Indica Dominant_Menu item' is clicked on

2019-06-28 22:46:27 - [TEST_STEP][NOT_RUN] - executeJavaScript("var previewBar = document.getElementById("preview-bar-iframe"); previewBar.style.display = "none";", []): NOT_RUN: executeJavaScript("var previewBar = document.getElementById("preview-bar-iframe"); previewBar.style.display = "none";", [])

2019-06-28 22:46:27 - [MESSAGE][NOT_RUN] - NOT_RUN: executeJavaScript("var previewBar = document.getElementById("preview-bar-iframe"); previewBar.style.display = "none";", [])

2019-06-28 22:46:27 - [TEST_STEP][PASSED] - delay(2): Delayed 2 second(s)

2019-06-28 22:46:29 - [MESSAGE][PASSED] - Delayed 2 second(s)

2019-06-28 22:46:29 - [TEST_STEP][PASSED] - click(findTestObject("FRENCH/Product image - 1st one")): Object: 'Object Repository/FRENCH/Product image - 1st one' is clicked on

2019-06-28 22:46:33 - [MESSAGE][PASSED] - Object: 'Object Repository/FRENCH/Product image - 1st one' is clicked on

2019-06-28 22:46:33 - [TEST_STEP][NOT_RUN] - executeJavaScript("var previewBar = document.getElementById("preview-bar-iframe"); previewBar.style.display = "none";", []): NOT_RUN: executeJavaScript("var previewBar = document.getElementById("preview-bar-iframe"); previewBar.style.display = "none";", [])

2019-06-28 22:46:33 - [MESSAGE][NOT_RUN] - NOT_RUN: executeJavaScript("var previewBar = document.getElementById("preview-bar-iframe"); previewBar.style.display = "none";", [])

2019-06-28 22:46:33 - [TEST_STEP][PASSED] - delay(1): Delayed 1 second(s)

2019-06-28 22:46:34 - [MESSAGE][PASSED] - Delayed 1 second(s)

2019-06-28 22:46:34 - [TEST_STEP][PASSED] - delay(3): Delayed 3 second(s)

2019-06-28 22:46:37 - [MESSAGE][PASSED] - Delayed 3 second(s)

2019-06-28 22:46:37 - [TEST_STEP][PASSED] - click(findTestObject("OCS-DESKTOP/Product page/Swatch_1g")): Object: 'Object Repository/OCS-DESKTOP/Product page/Swatch_1g' is clicked on

2019-06-28 22:46:37 - [MESSAGE][PASSED] - Object: 'Object Repository/OCS-DESKTOP/Product page/Swatch_1g' is clicked on

2019-06-28 22:46:37 - [TEST_STEP][PASSED] - delay(2): Delayed 2 second(s)

2019-06-28 22:46:39 - [MESSAGE][PASSED] - Delayed 2 second(s)

2019-06-28 22:46:39 - [TEST_STEP][PASSED] - delay(2): Delayed 2 second(s)

2019-06-28 22:46:41 - [MESSAGE][PASSED] - Delayed 2 second(s)

2019-06-28 22:46:41 - [TEST_STEP][PASSED] - click(findTestObject("OCS-DESKTOP/Product page/Quantity Increase - Button")): Object: 'Object Repository/OCS-DESKTOP/Product page/Quantity Increase - Button' is clicked on

2019-06-28 22:46:41 - [MESSAGE][PASSED] - Object: 'Object Repository/OCS-DESKTOP/Product page/Quantity Increase - Button' is clicked on

2019-06-28 22:46:41 - [TEST_STEP][PASSED] - delay(1): Delayed 1 second(s)

2019-06-28 22:46:42 - [MESSAGE][PASSED] - Delayed 1 second(s)

2019-06-28 22:46:42 - [TEST_STEP][PASSED] - click(findTestObject("FRENCH/Quantity Increase - Button")): Object: 'Object Repository/FRENCH/Quantity Increase - Button' is clicked on

2019-06-28 22:46:42 - [MESSAGE][PASSED] - Object: 'Object Repository/FRENCH/Quantity Increase - Button' is clicked on

2019-06-28 22:46:42 - [TEST_STEP][PASSED] - delay(1): Delayed 1 second(s)

2019-06-28 22:46:43 - [MESSAGE][PASSED] - Delayed 1 second(s)

2019-06-28 22:46:43 - [TEST_STEP][PASSED] - click(findTestObject("FRENCH/Quantity Increase - Button")): Object: 'Object Repository/FRENCH/Quantity Increase - Button' is clicked on

2019-06-28 22:46:43 - [MESSAGE][PASSED] - Object: 'Object Repository/FRENCH/Quantity Increase - Button' is clicked on

2019-06-28 22:46:43 - [TEST_STEP][PASSED] - delay(1): Delayed 1 second(s)

2019-06-28 22:46:44 - [MESSAGE][PASSED] - Delayed 1 second(s)

2019-06-28 22:46:44 - [TEST_STEP][PASSED] - click(findTestObject("FRENCH/Quantity Increase - Button")): Object: 'Object Repository/FRENCH/Quantity Increase - Button' is clicked on

2019-06-28 22:46:45 - [MESSAGE][PASSED] - Object: 'Object Repository/FRENCH/Quantity Increase - Button' is clicked on

2019-06-28 22:46:45 - [TEST_STEP][PASSED] - delay(2): Delayed 2 second(s)

2019-06-28 22:46:47 - [MESSAGE][PASSED] - Delayed 2 second(s)

2019-06-28 22:46:47 - [TEST_STEP][PASSED] - click(findTestObject("OCS-DESKTOP/Product page/Add to Bag-button")): Object: 'Object Repository/OCS-DESKTOP/Product page/Add to Bag-button' is clicked on

2019-06-28 22:46:47 - [MESSAGE][PASSED] - Object: 'Object Repository/OCS-DESKTOP/Product page/Add to Bag-button' is clicked on

2019-06-28 22:46:47 - [TEST_STEP][PASSED] - delay(3): Delayed 3 second(s)

2019-06-28 22:46:50 - [MESSAGE][PASSED] - Delayed 3 second(s)

2019-06-28 22:46:50 - [TEST_STEP][PASSED] - click(findTestObject("OCS-DESKTOP/Cart flyout/Checkbox_I confirm that")): Object: 'Object Repository/OCS-DESKTOP/Cart flyout/Checkbox_I confirm that' is clicked on

2019-06-28 22:46:50 - [MESSAGE][PASSED] - Object: 'Object Repository/OCS-DESKTOP/Cart flyout/Checkbox_I confirm that' is clicked on

2019-06-28 22:46:50 - [TEST_STEP][PASSED] - delay(1): Delayed 1 second(s)

2019-06-28 22:46:51 - [MESSAGE][PASSED] - Delayed 1 second(s)

2019-06-28 22:46:51 - [TEST_STEP][PASSED] - click(findTestObject("OCS-DESKTOP/Cart flyout/Checkbox_Accept the Terms Condition")): Object: 'Object Repository/OCS-DESKTOP/Cart flyout/Checkbox_Accept the Terms Condition' is clicked on

2019-06-28 22:46:51 - [MESSAGE][PASSED] - Object: 'Object Repository/OCS-DESKTOP/Cart flyout/Checkbox_Accept the Terms Condition' is clicked on

2019-06-28 22:46:51 - [TEST_STEP][PASSED] - delay(1): Delayed 1 second(s)

2019-06-28 22:46:52 - [MESSAGE][PASSED] - Delayed 1 second(s)

2019-06-28 22:46:52 - [TEST_STEP][PASSED] - click(findTestObject("OCS-DESKTOP/Cart flyout/Checkout - Button")): Object: 'Object Repository/OCS-DESKTOP/Cart flyout/Checkout - Button' is clicked on

2019-06-28 22:46:52 - [MESSAGE][PASSED] - Object: 'Object Repository/OCS-DESKTOP/Cart flyout/Checkout - Button' is clicked on

2019-06-28 22:46:52 - [TEST_STEP][NOT_RUN] - executeJavaScript("var previewBar = document.getElementById("preview-bar-iframe"); previewBar.style.display = "none";", []): NOT_RUN: executeJavaScript("var previewBar = document.getElementById("preview-bar-iframe"); previewBar.style.display = "none";", [])

2019-06-28 22:46:52 - [MESSAGE][NOT_RUN] - NOT_RUN: executeJavaScript("var previewBar = document.getElementById("preview-bar-iframe"); previewBar.style.display = "none";", [])

2019-06-28 22:46:52 - [TEST_STEP][PASSED] - delay(2): Delayed 2 second(s)

2019-06-28 22:46:54 - [MESSAGE][PASSED] - Delayed 2 second(s)

2019-06-28 22:46:54 - [TEST_STEP][NOT_RUN] - scrollToElement(findTestObject("OCS-DESKTOP/Customer info page/Return to Cart - Link"), 1): NOT_RUN: scrollToElement(findTestObject("OCS-DESKTOP/Customer info page/Return to Cart - Link"), 1)

2019-06-28 22:46:54 - [MESSAGE][NOT_RUN] - NOT_RUN: scrollToElement(findTestObject("OCS-DESKTOP/Customer info page/Return to Cart - Link"), 1)

2019-06-28 22:46:54 - [TEST_STEP][PASSED] - delay(1): Delayed 1 second(s)

2019-06-28 22:46:55 - [MESSAGE][PASSED] - Delayed 1 second(s)

2019-06-28 22:46:55 - [TEST_STEP][PASSED] - delay(2): Delayed 2 second(s)

2019-06-28 22:46:57 - [MESSAGE][PASSED] - Delayed 2 second(s)

2019-06-28 22:46:57 - [TEST_STEP][PASSED] - click(findTestObject("OCS-DESKTOP/Customer info page/Return to Cart - Link")): Object: 'Object Repository/OCS-DESKTOP/Customer info page/Return to Cart - Link' is clicked on

2019-06-28 22:46:58 - [MESSAGE][PASSED] - Object: 'Object Repository/OCS-DESKTOP/Customer info page/Return to Cart - Link' is clicked on

2019-06-28 22:46:58 - [TEST_STEP][PASSED] - delay(1): Delayed 1 second(s)

2019-06-28 22:46:59 - [MESSAGE][PASSED] - Delayed 1 second(s)

2019-06-28 22:46:59 - [TEST_STEP][PASSED] - delay(1): Delayed 1 second(s)

2019-06-28 22:47:00 - [MESSAGE][PASSED] - Delayed 1 second(s)

2019-06-28 22:47:00 - [TEST_STEP][PASSED] - a = getText(findTestObject("OCS-DESKTOP/Cart page/Unit price - product - price in cart page")): Text of object 'Object Repository/OCS-DESKTOP/Cart page/Unit price - product - price in cart page' is: '






52,50 $'

2019-06-28 22:47:00 - [MESSAGE][PASSED] - Text of object 'Object Repository/OCS-DESKTOP/Cart page/Unit price - product - price in cart page' is: '






52,50 $'

2019-06-28 22:47:00 - [TEST_STEP][PASSED] - comment(a): 






52,50 $

2019-06-28 22:47:00 - [MESSAGE][INFO] - 






52,50 $

2019-06-28 22:47:00 - [TEST_STEP][PASSED] - a1 = a.substring(0, a.length() - 1): null

2019-06-28 22:47:00 - [TEST_STEP][PASSED] - comment("a1 = " + a1): a1 = 






52,50 

2019-06-28 22:47:00 - [MESSAGE][INFO] - a1 = 






52,50 

2019-06-28 22:47:00 - [TEST_STEP][PASSED] - x1 = a1.substring(0, a1.length() - 1): null

2019-06-28 22:47:00 - [TEST_STEP][PASSED] - comment("x1 = " + x1): x1 = 






52,50

2019-06-28 22:47:00 - [MESSAGE][INFO] - x1 = 






52,50

2019-06-28 22:47:00 - [TEST_STEP][PASSED] - x2 = x1.substring(0, x1.length() - 1): null

2019-06-28 22:47:00 - [TEST_STEP][PASSED] - comment("x2 = " + x2): x2 = 






52,5

2019-06-28 22:47:00 - [MESSAGE][INFO] - x2 = 






52,5

2019-06-28 22:47:00 - [TEST_STEP][PASSED] - x3 = x2.substring(0, x2.length() - 1): null

2019-06-28 22:47:00 - [TEST_STEP][PASSED] - comment("x3 = " + x3): x3 = 






52,

2019-06-28 22:47:00 - [MESSAGE][INFO] - x3 = 






52,

2019-06-28 22:47:00 - [TEST_STEP][PASSED] - x6 = x3.substring(0, x3.length() - 1): null

2019-06-28 22:47:00 - [TEST_STEP][PASSED] - comment("x6 = " + x6): x6 = 






52

2019-06-28 22:47:00 - [MESSAGE][INFO] - x6 = 






52

2019-06-28 22:47:00 - [TEST_STEP][PASSED] - click(findTestObject("OCS-DESKTOP/Cart page/Quantity Input field")): Object: 'Object Repository/OCS-DESKTOP/Cart page/Quantity Input field' is clicked on

2019-06-28 22:47:00 - [MESSAGE][PASSED] - Object: 'Object Repository/OCS-DESKTOP/Cart page/Quantity Input field' is clicked on

2019-06-28 22:47:00 - [TEST_STEP][NOT_RUN] - sendKeys(findTestObject("OCS-DESKTOP/Cart page/Quantity Input field"), Keys.chord(CLEAR)): NOT_RUN: sendKeys(findTestObject("OCS-DESKTOP/Cart page/Quantity Input field"), Keys.chord(CLEAR))

2019-06-28 22:47:00 - [MESSAGE][NOT_RUN] - NOT_RUN: sendKeys(findTestObject("OCS-DESKTOP/Cart page/Quantity Input field"), Keys.chord(CLEAR))

2019-06-28 22:47:00 - [TEST_STEP][PASSED] - setText(findTestObject("OCS-DESKTOP/Cart page/Quantity Input field"), "10"): Text '10' is set on object 'Object Repository/OCS-DESKTOP/Cart page/Quantity Input field'

2019-06-28 22:47:00 - [MESSAGE][PASSED] - Text '10' is set on object 'Object Repository/OCS-DESKTOP/Cart page/Quantity Input field'

2019-06-28 22:47:00 - [TEST_STEP][PASSED] - delay(2): Delayed 2 second(s)

2019-06-28 22:47:02 - [MESSAGE][PASSED] - Delayed 2 second(s)

2019-06-28 22:47:02 - [TEST_STEP][NOT_RUN] - sendKeys(findTestObject("OCS-DESKTOP/Cart page/Quantity Input field"), Keys.chord(CLEAR)): NOT_RUN: sendKeys(findTestObject("OCS-DESKTOP/Cart page/Quantity Input field"), Keys.chord(CLEAR))

2019-06-28 22:47:02 - [MESSAGE][NOT_RUN] - NOT_RUN: sendKeys(findTestObject("OCS-DESKTOP/Cart page/Quantity Input field"), Keys.chord(CLEAR))

2019-06-28 22:47:02 - [TEST_STEP][NOT_RUN] - click(findTestObject("OCS-DESKTOP/Cart page/enter quantity")): NOT_RUN: click(findTestObject("OCS-DESKTOP/Cart page/enter quantity"))

2019-06-28 22:47:02 - [MESSAGE][NOT_RUN] - NOT_RUN: click(findTestObject("OCS-DESKTOP/Cart page/enter quantity"))

2019-06-28 22:47:02 - [TEST_STEP][PASSED] - delay(2): Delayed 2 second(s)

2019-06-28 22:47:04 - [MESSAGE][PASSED] - Delayed 2 second(s)

2019-06-28 22:47:04 - [TEST_STEP][PASSED] - setText(findTestObject("OCS-DESKTOP/Cart page/Quantity Input field"), "7"): Text '7' is set on object 'Object Repository/OCS-DESKTOP/Cart page/Quantity Input field'

2019-06-28 22:47:04 - [MESSAGE][PASSED] - Text '7' is set on object 'Object Repository/OCS-DESKTOP/Cart page/Quantity Input field'

2019-06-28 22:47:04 - [TEST_STEP][PASSED] - delay(2): Delayed 2 second(s)

2019-06-28 22:47:06 - [MESSAGE][PASSED] - Delayed 2 second(s)

2019-06-28 22:47:06 - [TEST_STEP][NOT_RUN] - click(findTestObject("OCS-DESKTOP/Cart page/Unit price - product")): NOT_RUN: click(findTestObject("OCS-DESKTOP/Cart page/Unit price - product"))

2019-06-28 22:47:06 - [MESSAGE][NOT_RUN] - NOT_RUN: click(findTestObject("OCS-DESKTOP/Cart page/Unit price - product"))

2019-06-28 22:47:06 - [TEST_STEP][PASSED] - delay(2): Delayed 2 second(s)

2019-06-28 22:47:08 - [MESSAGE][PASSED] - Delayed 2 second(s)

2019-06-28 22:47:08 - [TEST_STEP][PASSED] - click(findTestObject("OCS-DESKTOP/Cart page/Qty Decrease icon")): Object: 'Object Repository/OCS-DESKTOP/Cart page/Qty Decrease icon' is clicked on

2019-06-28 22:47:08 - [MESSAGE][PASSED] - Object: 'Object Repository/OCS-DESKTOP/Cart page/Qty Decrease icon' is clicked on

2019-06-28 22:47:08 - [TEST_STEP][PASSED] - delay(2): Delayed 2 second(s)

2019-06-28 22:47:10 - [MESSAGE][PASSED] - Delayed 2 second(s)

2019-06-28 22:47:10 - [TEST_STEP][PASSED] - click(findTestObject("OCS-DESKTOP/Cart page/Qty Decrease icon")): Object: 'Object Repository/OCS-DESKTOP/Cart page/Qty Decrease icon' is clicked on

2019-06-28 22:47:10 - [MESSAGE][PASSED] - Object: 'Object Repository/OCS-DESKTOP/Cart page/Qty Decrease icon' is clicked on

2019-06-28 22:47:10 - [TEST_STEP][PASSED] - delay(2): Delayed 2 second(s)

2019-06-28 22:47:12 - [MESSAGE][PASSED] - Delayed 2 second(s)

2019-06-28 22:47:12 - [TEST_STEP][PASSED] - click(findTestObject("OCS-DESKTOP/Cart page/Qty Decrease icon")): Object: 'Object Repository/OCS-DESKTOP/Cart page/Qty Decrease icon' is clicked on

2019-06-28 22:47:12 - [MESSAGE][PASSED] - Object: 'Object Repository/OCS-DESKTOP/Cart page/Qty Decrease icon' is clicked on

2019-06-28 22:47:12 - [TEST_STEP][PASSED] - delay(2): Delayed 2 second(s)

2019-06-28 22:47:14 - [MESSAGE][PASSED] - Delayed 2 second(s)

2019-06-28 22:47:14 - [TEST_STEP][PASSED] - b = getText(findTestObject("OCS-DESKTOP/Cart page/Unit price - product - price in cart page")): Text of object 'Object Repository/OCS-DESKTOP/Cart page/Unit price - product - price in cart page' is: '






52,50 $'

2019-06-28 22:47:14 - [MESSAGE][PASSED] - Text of object 'Object Repository/OCS-DESKTOP/Cart page/Unit price - product - price in cart page' is: '






52,50 $'

2019-06-28 22:47:14 - [TEST_STEP][PASSED] - comment(b): 






52,50 $

2019-06-28 22:47:14 - [MESSAGE][INFO] - 






52,50 $

2019-06-28 22:47:14 - [TEST_STEP][PASSED] - a2 = b.substring(0, b.length() - 1): null

2019-06-28 22:47:14 - [TEST_STEP][PASSED] - comment("a2 = " + a2): a2 = 






52,50 

2019-06-28 22:47:14 - [MESSAGE][INFO] - a2 = 






52,50 

2019-06-28 22:47:14 - [TEST_STEP][PASSED] - y1 = a2.substring(0, a2.length() - 1): null

2019-06-28 22:47:14 - [TEST_STEP][PASSED] - comment("y1 = " + y1): y1 = 






52,50

2019-06-28 22:47:14 - [MESSAGE][INFO] - y1 = 






52,50

2019-06-28 22:47:14 - [TEST_STEP][PASSED] - y2 = y1.substring(0, y1.length() - 1): null

2019-06-28 22:47:14 - [TEST_STEP][PASSED] - comment("y2 = " + y2): y2 = 






52,5

2019-06-28 22:47:14 - [MESSAGE][INFO] - y2 = 






52,5

2019-06-28 22:47:14 - [TEST_STEP][PASSED] - y3 = y2.substring(0, y2.length() - 1): null

2019-06-28 22:47:14 - [TEST_STEP][PASSED] - comment("y3 = " + y3): y3 = 






52,

2019-06-28 22:47:14 - [MESSAGE][INFO] - y3 = 






52,

2019-06-28 22:47:14 - [TEST_STEP][PASSED] - y4 = y3.substring(0, y3.length() - 1): null

2019-06-28 22:47:14 - [TEST_STEP][PASSED] - comment("y4 = " + y4): y4 = 






52

2019-06-28 22:47:14 - [MESSAGE][INFO] - y4 = 






52

2019-06-28 22:47:14 - [TEST_STEP][PASSED] - verifyNotEqual("x6", "y4"): Actual object 'x6' and expected object 'y4' are not equal

2019-06-28 22:47:14 - [MESSAGE][PASSED] - Actual object 'x6' and expected object 'y4' are not equal

2019-06-28 22:47:14 - [TEST_STEP][PASSED] - comment(" price changed . Quantity selector is working"):  price changed . Quantity selector is working

2019-06-28 22:47:14 - [MESSAGE][INFO] -  price changed . Quantity selector is working

2019-06-28 22:47:14 - [TEST_STEP][PASSED] - callTestCase(findTestCase("OCS - DESKTOP/CALL - CART PAGE - SHIPPING TO PAYMENT"), [:], STOP_ON_FAILURE): Call Test Case 'Test Cases/OCS - DESKTOP/CALL - CART PAGE - SHIPPING TO PAYMENT' successfully

2019-06-28 22:47:14 - [TEST_CASE][PASSED] - Test Cases/OCS - DESKTOP/CALL - CART PAGE - SHIPPING TO PAYMENT: Test Cases/OCS - DESKTOP/CALL - CART PAGE - SHIPPING TO PAYMENT

2019-06-28 22:47:14 - [TEST_STEP][PASSED] - delay(2): Delayed 2 second(s)

2019-06-28 22:47:16 - [MESSAGE][PASSED] - Delayed 2 second(s)

2019-06-28 22:47:16 - [TEST_STEP][PASSED] - click(findTestObject("OCS-DESKTOP/Cart page/cart page-Checkbox_I confirm that")): Object: 'Object Repository/OCS-DESKTOP/Cart page/cart page-Checkbox_I confirm that' is clicked on

2019-06-28 22:47:16 - [MESSAGE][PASSED] - Object: 'Object Repository/OCS-DESKTOP/Cart page/cart page-Checkbox_I confirm that' is clicked on

2019-06-28 22:47:16 - [TEST_STEP][PASSED] - delay(2): Delayed 2 second(s)

2019-06-28 22:47:18 - [MESSAGE][PASSED] - Delayed 2 second(s)

2019-06-28 22:47:18 - [TEST_STEP][PASSED] - click(findTestObject("OCS-DESKTOP/Cart page/cart page - Checkbox_Accept the Terms Condition")): Object: 'Object Repository/OCS-DESKTOP/Cart page/cart page - Checkbox_Accept the Terms Condition' is clicked on

2019-06-28 22:47:18 - [MESSAGE][PASSED] - Object: 'Object Repository/OCS-DESKTOP/Cart page/cart page - Checkbox_Accept the Terms Condition' is clicked on

2019-06-28 22:47:18 - [TEST_STEP][PASSED] - delay(1): Delayed 1 second(s)

2019-06-28 22:47:19 - [MESSAGE][PASSED] - Delayed 1 second(s)

2019-06-28 22:47:19 - [TEST_STEP][PASSED] - click(findTestObject("FRENCH/Cart page -checkout button")): Object: 'Object Repository/FRENCH/Cart page -checkout button' is clicked on

2019-06-28 22:47:20 - [MESSAGE][PASSED] - Object: 'Object Repository/FRENCH/Cart page -checkout button' is clicked on

2019-06-28 22:47:20 - [TEST_STEP][NOT_RUN] - executeJavaScript("var previewBar = document.getElementById("preview-bar-iframe"); previewBar.style.display = "none";", []): NOT_RUN: executeJavaScript("var previewBar = document.getElementById("preview-bar-iframe"); previewBar.style.display = "none";", [])

2019-06-28 22:47:20 - [MESSAGE][NOT_RUN] - NOT_RUN: executeJavaScript("var previewBar = document.getElementById("preview-bar-iframe"); previewBar.style.display = "none";", [])

2019-06-28 22:47:20 - [TEST_STEP][PASSED] - delay(2): Delayed 2 second(s)

2019-06-28 22:47:22 - [MESSAGE][PASSED] - Delayed 2 second(s)

2019-06-28 22:47:22 - [TEST_STEP][PASSED] - setText(findTestObject("Object Repository/Page_Ontario Cannabis Store - Infor/input_Adresse e-mail_checkoute"), "suman@gmail.com"): Text 'suman@gmail.com' is set on object 'Object Repository/Page_Ontario Cannabis Store - Infor/input_Adresse e-mail_checkoute'

2019-06-28 22:47:22 - [MESSAGE][PASSED] - Text 'suman@gmail.com' is set on object 'Object Repository/Page_Ontario Cannabis Store - Infor/input_Adresse e-mail_checkoute'

2019-06-28 22:47:22 - [TEST_STEP][PASSED] - setText(findTestObject("Object Repository/Page_Ontario Cannabis Store - Infor/input_Prnom_checkoutshipping_a"), "suman"): Text 'suman' is set on object 'Object Repository/Page_Ontario Cannabis Store - Infor/input_Prnom_checkoutshipping_a'

2019-06-28 22:47:22 - [MESSAGE][PASSED] - Text 'suman' is set on object 'Object Repository/Page_Ontario Cannabis Store - Infor/input_Prnom_checkoutshipping_a'

2019-06-28 22:47:22 - [TEST_STEP][PASSED] - setText(findTestObject("Object Repository/Page_Ontario Cannabis Store - Infor/input_Nom_checkoutshipping_add"), "kompelly"): Text 'kompelly' is set on object 'Object Repository/Page_Ontario Cannabis Store - Infor/input_Nom_checkoutshipping_add'

2019-06-28 22:47:22 - [MESSAGE][PASSED] - Text 'kompelly' is set on object 'Object Repository/Page_Ontario Cannabis Store - Infor/input_Nom_checkoutshipping_add'

2019-06-28 22:47:22 - [TEST_STEP][PASSED] - setText(findTestObject("Object Repository/Page_Ontario Cannabis Store - Infor/input_Adresse_checkoutshipping"), "123 test"): Text '123 test' is set on object 'Object Repository/Page_Ontario Cannabis Store - Infor/input_Adresse_checkoutshipping'

2019-06-28 22:47:23 - [MESSAGE][PASSED] - Text '123 test' is set on object 'Object Repository/Page_Ontario Cannabis Store - Infor/input_Adresse_checkoutshipping'

2019-06-28 22:47:23 - [TEST_STEP][PASSED] - setText(findTestObject("Object Repository/Page_Ontario Cannabis Store - Infor/input_Appartement suite etc. ("), "123"): Text '123' is set on object 'Object Repository/Page_Ontario Cannabis Store - Infor/input_Appartement suite etc. ('

2019-06-28 22:47:23 - [MESSAGE][PASSED] - Text '123' is set on object 'Object Repository/Page_Ontario Cannabis Store - Infor/input_Appartement suite etc. ('

2019-06-28 22:47:23 - [TEST_STEP][PASSED] - setText(findTestObject("Object Repository/Page_Ontario Cannabis Store - Infor/input_Ville_checkoutshipping_a"), "montreal"): Text 'montreal' is set on object 'Object Repository/Page_Ontario Cannabis Store - Infor/input_Ville_checkoutshipping_a'

2019-06-28 22:47:23 - [MESSAGE][PASSED] - Text 'montreal' is set on object 'Object Repository/Page_Ontario Cannabis Store - Infor/input_Ville_checkoutshipping_a'

2019-06-28 22:47:23 - [TEST_STEP][PASSED] - setText(findTestObject("Object Repository/Page_Ontario Cannabis Store - Infor/input_Code postal_checkoutship"), "n0r1k0"): Text 'n0r1k0' is set on object 'Object Repository/Page_Ontario Cannabis Store - Infor/input_Code postal_checkoutship'

2019-06-28 22:47:23 - [MESSAGE][PASSED] - Text 'n0r1k0' is set on object 'Object Repository/Page_Ontario Cannabis Store - Infor/input_Code postal_checkoutship'

2019-06-28 22:47:23 - [TEST_STEP][PASSED] - setText(findTestObject("Object Repository/Page_Ontario Cannabis Store - Infor/input_Tlphone_checkoutshipping"), "514-449-3883"): Text '514-449-3883' is set on object 'Object Repository/Page_Ontario Cannabis Store - Infor/input_Tlphone_checkoutshipping'

2019-06-28 22:47:23 - [MESSAGE][PASSED] - Text '514-449-3883' is set on object 'Object Repository/Page_Ontario Cannabis Store - Infor/input_Tlphone_checkoutshipping'

2019-06-28 22:47:23 - [TEST_STEP][PASSED] - delay(2): Delayed 2 second(s)

2019-06-28 22:47:25 - [MESSAGE][PASSED] - Delayed 2 second(s)

2019-06-28 22:47:25 - [TEST_STEP][PASSED] - click(findTestObject("Object Repository/Page_Ontario Cannabis Store - Infor/button_Continuer vers le mode")): Object: 'Object Repository/Page_Ontario Cannabis Store - Infor/button_Continuer vers le mode' is clicked on

2019-06-28 22:47:25 - [MESSAGE][PASSED] - Object: 'Object Repository/Page_Ontario Cannabis Store - Infor/button_Continuer vers le mode' is clicked on

2019-06-28 22:47:25 - [TEST_STEP][PASSED] - delay(4): Delayed 4 second(s)

2019-06-28 22:47:29 - [MESSAGE][PASSED] - Delayed 4 second(s)

2019-06-28 22:47:29 - [TEST_STEP][NOT_RUN] - executeJavaScript("var previewBar = document.getElementById("preview-bar-iframe"); previewBar.style.display = "none";", []): NOT_RUN: executeJavaScript("var previewBar = document.getElementById("preview-bar-iframe"); previewBar.style.display = "none";", [])

2019-06-28 22:47:29 - [MESSAGE][NOT_RUN] - NOT_RUN: executeJavaScript("var previewBar = document.getElementById("preview-bar-iframe"); previewBar.style.display = "none";", [])

2019-06-28 22:47:29 - [TEST_STEP][PASSED] - delay(2): Delayed 2 second(s)

2019-06-28 22:47:31 - [MESSAGE][PASSED] - Delayed 2 second(s)

2019-06-28 22:47:31 - [TEST_STEP][PASSED] - click(findTestObject("Object Repository/Page_Ontario Cannabis Store - Livra/button_Continuer vers le moyen")): Object: 'Object Repository/Page_Ontario Cannabis Store - Livra/button_Continuer vers le moyen' is clicked on

2019-06-28 22:47:31 - [MESSAGE][PASSED] - Object: 'Object Repository/Page_Ontario Cannabis Store - Livra/button_Continuer vers le moyen' is clicked on

2019-06-28 22:47:31 - [MESSAGE][PASSED] - Call Test Case 'Test Cases/OCS - DESKTOP/CALL - CART PAGE - SHIPPING TO PAYMENT' successfully]]></system-out>
         <system-err><![CDATA[]]></system-err>
      </testcase>
      <testcase name="Test Cases/OCS - DESKTOP/OCS- CRITICAL PATH - FRENCH/Cart flyout - accessories -fr" classname="Test Cases/OCS - DESKTOP/OCS- CRITICAL PATH - FRENCH/Cart flyout - accessories -fr" status="PASSED">
         <system-out><![CDATA[2019-06-28 22:47:31 - [TEST_CASE][PASSED] - Test Cases/OCS - DESKTOP/OCS- CRITICAL PATH - FRENCH/Cart flyout - accessories -fr: Test Cases/OCS - DESKTOP/OCS- CRITICAL PATH - FRENCH/Cart flyout - accessories -fr

2019-06-28 22:47:32 - [TEST_STEP][PASSED] - callTestCase(findTestCase("OCS - DESKTOP/CALL- Age gate"), [:], STOP_ON_FAILURE): Call Test Case 'Test Cases/OCS - DESKTOP/CALL- Age gate' successfully

2019-06-28 22:47:32 - [TEST_CASE][PASSED] - Test Cases/OCS - DESKTOP/CALL- Age gate: Test Cases/OCS - DESKTOP/CALL- Age gate

2019-06-28 22:47:32 - [TEST_STEP][PASSED] - openBrowser(""): Browser is opened with url: ''

2019-06-28 22:47:32 - [MESSAGE][WARNING] - A browser is already opened. Closing browser and opening a new one

2019-06-28 22:47:32 - [MESSAGE][INFO] - Starting 'Safari' driver

2019-06-28 22:47:33 - [MESSAGE][PASSED] - Browser is opened with url: ''

2019-06-28 22:47:33 - [TEST_STEP][PASSED] - navigateToUrl("ocs.ca"): Navigate to 'http://ocs.ca' successfully

2019-06-28 22:47:35 - [MESSAGE][PASSED] - Navigate to 'http://ocs.ca' successfully

2019-06-28 22:47:35 - [TEST_STEP][PASSED] - maximizeWindow(): Current window maximized

2019-06-28 22:47:35 - [MESSAGE][PASSED] - Current window maximized

2019-06-28 22:47:35 - [TEST_STEP][PASSED] - delay(2): Delayed 2 second(s)

2019-06-28 22:47:37 - [MESSAGE][PASSED] - Delayed 2 second(s)

2019-06-28 22:47:37 - [TEST_STEP][NOT_RUN] - executeJavaScript("var previewBar = document.getElementById("preview-bar-iframe"); previewBar.style.display = "none";", []): NOT_RUN: executeJavaScript("var previewBar = document.getElementById("preview-bar-iframe"); previewBar.style.display = "none";", [])

2019-06-28 22:47:37 - [MESSAGE][NOT_RUN] - NOT_RUN: executeJavaScript("var previewBar = document.getElementById("preview-bar-iframe"); previewBar.style.display = "none";", [])

2019-06-28 22:47:37 - [TEST_STEP][PASSED] - selectOptionByValue(findTestObject("OCS-DESKTOP/Age gate and Mega menu/Date"), "12", true): All options with value '12' are selected in object 'Object Repository/OCS-DESKTOP/Age gate and Mega menu/Date'  using regular expression

2019-06-28 22:47:38 - [MESSAGE][PASSED] - All options with value '12' are selected in object 'Object Repository/OCS-DESKTOP/Age gate and Mega menu/Date'  using regular expression

2019-06-28 22:47:38 - [TEST_STEP][PASSED] - selectOptionByValue(findTestObject("OCS-DESKTOP/Age gate and Mega menu/month"), "6", true): All options with value '6' are selected in object 'Object Repository/OCS-DESKTOP/Age gate and Mega menu/month'  using regular expression

2019-06-28 22:47:38 - [MESSAGE][PASSED] - All options with value '6' are selected in object 'Object Repository/OCS-DESKTOP/Age gate and Mega menu/month'  using regular expression

2019-06-28 22:47:38 - [TEST_STEP][PASSED] - delay(2): Delayed 2 second(s)

2019-06-28 22:47:40 - [MESSAGE][PASSED] - Delayed 2 second(s)

2019-06-28 22:47:40 - [TEST_STEP][PASSED] - selectOptionByValue(findTestObject("OCS-DESKTOP/Age gate and Mega menu/Year Dropdown"), "1990", true): All options with value '1990' are selected in object 'Object Repository/OCS-DESKTOP/Age gate and Mega menu/Year Dropdown'  using regular expression

2019-06-28 22:47:42 - [MESSAGE][PASSED] - All options with value '1990' are selected in object 'Object Repository/OCS-DESKTOP/Age gate and Mega menu/Year Dropdown'  using regular expression

2019-06-28 22:47:42 - [TEST_STEP][PASSED] - click(findTestObject("OCS-DESKTOP/Age gate and Mega menu/button_Verify")): Object: 'Object Repository/OCS-DESKTOP/Age gate and Mega menu/button_Verify' is clicked on

2019-06-28 22:47:42 - [MESSAGE][PASSED] - Object: 'Object Repository/OCS-DESKTOP/Age gate and Mega menu/button_Verify' is clicked on

2019-06-28 22:47:42 - [TEST_STEP][PASSED] - click(findTestObject("OCS-DESKTOP/Age gate and Mega menu/Checkbox_CONFIRM AND ACKNOWLEDGE")): Object: 'Object Repository/OCS-DESKTOP/Age gate and Mega menu/Checkbox_CONFIRM AND ACKNOWLEDGE' is clicked on

2019-06-28 22:47:42 - [MESSAGE][PASSED] - Object: 'Object Repository/OCS-DESKTOP/Age gate and Mega menu/Checkbox_CONFIRM AND ACKNOWLEDGE' is clicked on

2019-06-28 22:47:42 - [TEST_STEP][PASSED] - click(findTestObject("OCS-DESKTOP/Age gate and Mega menu/button_CONFIRM")): Object: 'Object Repository/OCS-DESKTOP/Age gate and Mega menu/button_CONFIRM' is clicked on

2019-06-28 22:47:42 - [MESSAGE][PASSED] - Object: 'Object Repository/OCS-DESKTOP/Age gate and Mega menu/button_CONFIRM' is clicked on

2019-06-28 22:47:42 - [TEST_STEP][PASSED] - click(findTestObject("OCS-DESKTOP/Age gate and Mega menu/button_Start Browsing")): Object: 'Object Repository/OCS-DESKTOP/Age gate and Mega menu/button_Start Browsing' is clicked on

2019-06-28 22:47:42 - [MESSAGE][PASSED] - Object: 'Object Repository/OCS-DESKTOP/Age gate and Mega menu/button_Start Browsing' is clicked on

2019-06-28 22:47:42 - [TEST_STEP][PASSED] - delay(2): Delayed 2 second(s)

2019-06-28 22:47:44 - [MESSAGE][PASSED] - Delayed 2 second(s)

2019-06-28 22:47:44 - [TEST_STEP][PASSED] - refresh(): Refresh successfully

2019-06-28 22:47:47 - [MESSAGE][PASSED] - Refresh successfully

2019-06-28 22:47:47 - [MESSAGE][PASSED] - Call Test Case 'Test Cases/OCS - DESKTOP/CALL- Age gate' successfully

2019-06-28 22:47:47 - [TEST_STEP][PASSED] - delay(2): Delayed 2 second(s)

2019-06-28 22:47:49 - [MESSAGE][PASSED] - Delayed 2 second(s)

2019-06-28 22:47:49 - [TEST_STEP][PASSED] - callTestCase(findTestCase("OCS - DESKTOP/CALL - TOGGLING LANGUAGE"), [:], STOP_ON_FAILURE): Call Test Case 'Test Cases/OCS - DESKTOP/CALL - TOGGLING LANGUAGE' successfully

2019-06-28 22:47:49 - [TEST_CASE][PASSED] - Test Cases/OCS - DESKTOP/CALL - TOGGLING LANGUAGE: Test Cases/OCS - DESKTOP/CALL - TOGGLING LANGUAGE

2019-06-28 22:47:49 - [TEST_STEP][PASSED] - delay(2): Delayed 2 second(s)

2019-06-28 22:47:51 - [MESSAGE][PASSED] - Delayed 2 second(s)

2019-06-28 22:47:51 - [TEST_STEP][PASSED] - click(findTestObject("OCS-DESKTOP/Cart flyout/English dropdown")): Object: 'Object Repository/OCS-DESKTOP/Cart flyout/English dropdown' is clicked on

2019-06-28 22:47:51 - [MESSAGE][PASSED] - Object: 'Object Repository/OCS-DESKTOP/Cart flyout/English dropdown' is clicked on

2019-06-28 22:47:51 - [TEST_STEP][PASSED] - delay(2): Delayed 2 second(s)

2019-06-28 22:47:53 - [MESSAGE][PASSED] - Delayed 2 second(s)

2019-06-28 22:47:53 - [TEST_STEP][PASSED] - click(findTestObject("OCS-DESKTOP/Cart flyout/Select French")): Object: 'Object Repository/OCS-DESKTOP/Cart flyout/Select French' is clicked on

2019-06-28 22:47:53 - [MESSAGE][PASSED] - Object: 'Object Repository/OCS-DESKTOP/Cart flyout/Select French' is clicked on

2019-06-28 22:47:53 - [TEST_STEP][PASSED] - delay(5): Delayed 5 second(s)

2019-06-28 22:47:58 - [MESSAGE][PASSED] - Delayed 5 second(s)

2019-06-28 22:47:58 - [TEST_STEP][PASSED] - e = getWindowTitle(): Current window's title is: 'Magasin de Cannabis de l'Ontario | Ontario Cannabis Store'

2019-06-28 22:47:58 - [MESSAGE][PASSED] - Current window's title is: 'Magasin de Cannabis de l'Ontario | Ontario Cannabis Store'

2019-06-28 22:47:58 - [MESSAGE][PASSED] - Call Test Case 'Test Cases/OCS - DESKTOP/CALL - TOGGLING LANGUAGE' successfully

2019-06-28 22:47:58 - [TEST_STEP][PASSED] - click(findTestObject("OCS-DESKTOP/Age gate and Mega menu/Header/CANNABIS menu - English")): Object: 'Object Repository/OCS-DESKTOP/Age gate and Mega menu/Header/CANNABIS menu - English' is clicked on

2019-06-28 22:47:58 - [MESSAGE][PASSED] - Object: 'Object Repository/OCS-DESKTOP/Age gate and Mega menu/Header/CANNABIS menu - English' is clicked on

2019-06-28 22:47:58 - [TEST_STEP][PASSED] - delay(2): Delayed 2 second(s)

2019-06-28 22:48:00 - [MESSAGE][PASSED] - Delayed 2 second(s)

2019-06-28 22:48:00 - [TEST_STEP][NOT_RUN] - executeJavaScript("var previewBar = document.getElementById("preview-bar-iframe"); previewBar.style.display = "none";", []): NOT_RUN: executeJavaScript("var previewBar = document.getElementById("preview-bar-iframe"); previewBar.style.display = "none";", [])

2019-06-28 22:48:00 - [MESSAGE][NOT_RUN] - NOT_RUN: executeJavaScript("var previewBar = document.getElementById("preview-bar-iframe"); previewBar.style.display = "none";", [])

2019-06-28 22:48:00 - [TEST_STEP][PASSED] - click(findTestObject("OCS-DESKTOP/Age gate and Mega menu/Indica Dominant_Menu item")): Object: 'Object Repository/OCS-DESKTOP/Age gate and Mega menu/Indica Dominant_Menu item' is clicked on

2019-06-28 22:48:01 - [MESSAGE][PASSED] - Object: 'Object Repository/OCS-DESKTOP/Age gate and Mega menu/Indica Dominant_Menu item' is clicked on

2019-06-28 22:48:01 - [TEST_STEP][NOT_RUN] - executeJavaScript("var previewBar = document.getElementById("preview-bar-iframe"); previewBar.style.display = "none";", []): NOT_RUN: executeJavaScript("var previewBar = document.getElementById("preview-bar-iframe"); previewBar.style.display = "none";", [])

2019-06-28 22:48:01 - [MESSAGE][NOT_RUN] - NOT_RUN: executeJavaScript("var previewBar = document.getElementById("preview-bar-iframe"); previewBar.style.display = "none";", [])

2019-06-28 22:48:01 - [TEST_STEP][PASSED] - delay(2): Delayed 2 second(s)

2019-06-28 22:48:03 - [MESSAGE][PASSED] - Delayed 2 second(s)

2019-06-28 22:48:03 - [TEST_STEP][PASSED] - click(findTestObject("FRENCH/Product image - 1st one")): Object: 'Object Repository/FRENCH/Product image - 1st one' is clicked on

2019-06-28 22:48:05 - [MESSAGE][PASSED] - Object: 'Object Repository/FRENCH/Product image - 1st one' is clicked on

2019-06-28 22:48:05 - [TEST_STEP][NOT_RUN] - executeJavaScript("var previewBar = document.getElementById("preview-bar-iframe"); previewBar.style.display = "none";", []): NOT_RUN: executeJavaScript("var previewBar = document.getElementById("preview-bar-iframe"); previewBar.style.display = "none";", [])

2019-06-28 22:48:05 - [MESSAGE][NOT_RUN] - NOT_RUN: executeJavaScript("var previewBar = document.getElementById("preview-bar-iframe"); previewBar.style.display = "none";", [])

2019-06-28 22:48:05 - [TEST_STEP][PASSED] - delay(1): Delayed 1 second(s)

2019-06-28 22:48:06 - [MESSAGE][PASSED] - Delayed 1 second(s)

2019-06-28 22:48:06 - [TEST_STEP][PASSED] - delay(3): Delayed 3 second(s)

2019-06-28 22:48:09 - [MESSAGE][PASSED] - Delayed 3 second(s)

2019-06-28 22:48:09 - [TEST_STEP][PASSED] - click(findTestObject("OCS-DESKTOP/Product page/Swatch_1g")): Object: 'Object Repository/OCS-DESKTOP/Product page/Swatch_1g' is clicked on

2019-06-28 22:48:09 - [MESSAGE][PASSED] - Object: 'Object Repository/OCS-DESKTOP/Product page/Swatch_1g' is clicked on

2019-06-28 22:48:09 - [TEST_STEP][PASSED] - delay(2): Delayed 2 second(s)

2019-06-28 22:48:11 - [MESSAGE][PASSED] - Delayed 2 second(s)

2019-06-28 22:48:11 - [TEST_STEP][PASSED] - click(findTestObject("OCS-DESKTOP/Product page/Add to Bag-button")): Object: 'Object Repository/OCS-DESKTOP/Product page/Add to Bag-button' is clicked on

2019-06-28 22:48:11 - [MESSAGE][PASSED] - Object: 'Object Repository/OCS-DESKTOP/Product page/Add to Bag-button' is clicked on

2019-06-28 22:48:11 - [TEST_STEP][PASSED] - delay(1): Delayed 1 second(s)

2019-06-28 22:48:12 - [MESSAGE][PASSED] - Delayed 1 second(s)

2019-06-28 22:48:12 - [TEST_STEP][PASSED] - click(findTestObject("OCS-DESKTOP/Cart flyout/Up Chevron - Accessories you might need")): Object: 'Object Repository/OCS-DESKTOP/Cart flyout/Up Chevron - Accessories you might need' is clicked on

2019-06-28 22:48:13 - [MESSAGE][PASSED] - Object: 'Object Repository/OCS-DESKTOP/Cart flyout/Up Chevron - Accessories you might need' is clicked on

2019-06-28 22:48:13 - [TEST_STEP][PASSED] - takeScreenshot(): Taking screenshot successfully

2019-06-28 22:48:13 - [MESSAGE][PASSED] - Taking screenshot successfully
[[ATTACHMENT|/Users/sumankompelly/Relative xpath-Desktop/Reports/french/20190628_224433/1561776493533.png]]

2019-06-28 22:48:13 - [TEST_STEP][PASSED] - delay(4): Delayed 4 second(s)

2019-06-28 22:48:17 - [MESSAGE][PASSED] - Delayed 4 second(s)

2019-06-28 22:48:17 - [TEST_STEP][PASSED] - click(findTestObject("OCS-DESKTOP/Cart flyout/Down Chevron - Accessories you might need")): Object: 'Object Repository/OCS-DESKTOP/Cart flyout/Down Chevron - Accessories you might need' is clicked on

2019-06-28 22:48:17 - [MESSAGE][PASSED] - Object: 'Object Repository/OCS-DESKTOP/Cart flyout/Down Chevron - Accessories you might need' is clicked on]]></system-out>
         <system-err><![CDATA[]]></system-err>
      </testcase>
      <testcase name="Test Cases/OCS - DESKTOP/OCS- CRITICAL PATH - FRENCH/Cart - fr" classname="Test Cases/OCS - DESKTOP/OCS- CRITICAL PATH - FRENCH/Cart - fr" status="FAILED">
         <failure type="FAILED" message="Test Cases/OCS - DESKTOP/OCS- CRITICAL PATH - FRENCH/Cart - fr FAILED.
Reason:
com.kms.katalon.core.exception.StepFailedException: Unable to verify equal between actual object '45' and expected object '






45' (Root cause: com.kms.katalon.core.exception.StepFailedException: Actual object '45' and expected object '






45' are not equal)
	at com.kms.katalon.core.keyword.internal.KeywordMain.stepFailed(KeywordMain.groovy:36)
	at com.kms.katalon.core.keyword.internal.KeywordMain.stepFailed(KeywordMain.groovy)
	at com.kms.katalon.core.keyword.internal.KeywordMain.runKeyword(KeywordMain.groovy:56)
	at com.kms.katalon.core.keyword.builtin.VerifyEqualKeyword.verifyEqual(VerifyEqualKeyword.groovy:63)
	at com.kms.katalon.core.keyword.builtin.VerifyEqualKeyword.execute(VerifyEqualKeyword.groovy:44)
	at com.kms.katalon.core.keyword.internal.KeywordExecutor.executeKeywordForPlatform(KeywordExecutor.groovy:53)
	at com.kms.katalon.core.keyword.BuiltinKeywords.verifyEqual(BuiltinKeywords.groovy:141)
	at Cart - fr.run(Cart - fr:201)
	at com.kms.katalon.core.main.ScriptEngine.run(ScriptEngine.java:194)
	at com.kms.katalon.core.main.ScriptEngine.runScriptAsRawText(ScriptEngine.java:119)
	at com.kms.katalon.core.main.TestCaseExecutor.runScript(TestCaseExecutor.java:328)
	at com.kms.katalon.core.main.TestCaseExecutor.doExecute(TestCaseExecutor.java:319)
	at com.kms.katalon.core.main.TestCaseExecutor.processExecutionPhase(TestCaseExecutor.java:298)
	at com.kms.katalon.core.main.TestCaseExecutor.accessMainPhase(TestCaseExecutor.java:290)
	at com.kms.katalon.core.main.TestCaseExecutor.execute(TestCaseExecutor.java:224)
	at com.kms.katalon.core.main.TestSuiteExecutor.accessTestCaseMainPhase(TestSuiteExecutor.java:129)
	at com.kms.katalon.core.main.TestSuiteExecutor.accessTestSuiteMainPhase(TestSuiteExecutor.java:112)
	at com.kms.katalon.core.main.TestSuiteExecutor.execute(TestSuiteExecutor.java:81)
	at com.kms.katalon.core.main.TestCaseMain.startTestSuite(TestCaseMain.java:149)
	at com.kms.katalon.core.main.TestCaseMain$startTestSuite$0.call(Unknown Source)
	at TempTestSuite1561776273795.run(TempTestSuite1561776273795.groovy:36)
"/>
         <system-out><![CDATA[2019-06-28 22:48:17 - [TEST_CASE][FAILED] - Test Cases/OCS - DESKTOP/OCS- CRITICAL PATH - FRENCH/Cart - fr: Test Cases/OCS - DESKTOP/OCS- CRITICAL PATH - FRENCH/Cart - fr FAILED.
Reason:
com.kms.katalon.core.exception.StepFailedException: Unable to verify equal between actual object '45' and expected object '






45' (Root cause: com.kms.katalon.core.exception.StepFailedException: Actual object '45' and expected object '






45' are not equal)
	at com.kms.katalon.core.keyword.internal.KeywordMain.stepFailed(KeywordMain.groovy:36)
	at com.kms.katalon.core.keyword.internal.KeywordMain.stepFailed(KeywordMain.groovy)
	at com.kms.katalon.core.keyword.internal.KeywordMain.runKeyword(KeywordMain.groovy:56)
	at com.kms.katalon.core.keyword.builtin.VerifyEqualKeyword.verifyEqual(VerifyEqualKeyword.groovy:63)
	at com.kms.katalon.core.keyword.builtin.VerifyEqualKeyword.execute(VerifyEqualKeyword.groovy:44)
	at com.kms.katalon.core.keyword.internal.KeywordExecutor.executeKeywordForPlatform(KeywordExecutor.groovy:53)
	at com.kms.katalon.core.keyword.BuiltinKeywords.verifyEqual(BuiltinKeywords.groovy:141)
	at Cart - fr.run(Cart - fr:201)
	at com.kms.katalon.core.main.ScriptEngine.run(ScriptEngine.java:194)
	at com.kms.katalon.core.main.ScriptEngine.runScriptAsRawText(ScriptEngine.java:119)
	at com.kms.katalon.core.main.TestCaseExecutor.runScript(TestCaseExecutor.java:328)
	at com.kms.katalon.core.main.TestCaseExecutor.doExecute(TestCaseExecutor.java:319)
	at com.kms.katalon.core.main.TestCaseExecutor.processExecutionPhase(TestCaseExecutor.java:298)
	at com.kms.katalon.core.main.TestCaseExecutor.accessMainPhase(TestCaseExecutor.java:290)
	at com.kms.katalon.core.main.TestCaseExecutor.execute(TestCaseExecutor.java:224)
	at com.kms.katalon.core.main.TestSuiteExecutor.accessTestCaseMainPhase(TestSuiteExecutor.java:129)
	at com.kms.katalon.core.main.TestSuiteExecutor.accessTestSuiteMainPhase(TestSuiteExecutor.java:112)
	at com.kms.katalon.core.main.TestSuiteExecutor.execute(TestSuiteExecutor.java:81)
	at com.kms.katalon.core.main.TestCaseMain.startTestSuite(TestCaseMain.java:149)
	at com.kms.katalon.core.main.TestCaseMain$startTestSuite$0.call(Unknown Source)
	at TempTestSuite1561776273795.run(TempTestSuite1561776273795.groovy:36)


2019-06-28 22:48:18 - [TEST_STEP][PASSED] - callTestCase(findTestCase("OCS - DESKTOP/CALL- Age gate"), [:], STOP_ON_FAILURE): Call Test Case 'Test Cases/OCS - DESKTOP/CALL- Age gate' successfully

2019-06-28 22:48:18 - [TEST_CASE][PASSED] - Test Cases/OCS - DESKTOP/CALL- Age gate: Test Cases/OCS - DESKTOP/CALL- Age gate

2019-06-28 22:48:18 - [TEST_STEP][PASSED] - openBrowser(""): Browser is opened with url: ''

2019-06-28 22:48:18 - [MESSAGE][WARNING] - A browser is already opened. Closing browser and opening a new one

2019-06-28 22:48:18 - [MESSAGE][INFO] - Starting 'Safari' driver

2019-06-28 22:48:19 - [MESSAGE][PASSED] - Browser is opened with url: ''

2019-06-28 22:48:19 - [TEST_STEP][PASSED] - navigateToUrl("ocs.ca"): Navigate to 'http://ocs.ca' successfully

2019-06-28 22:48:20 - [MESSAGE][PASSED] - Navigate to 'http://ocs.ca' successfully

2019-06-28 22:48:20 - [TEST_STEP][PASSED] - maximizeWindow(): Current window maximized

2019-06-28 22:48:20 - [MESSAGE][PASSED] - Current window maximized

2019-06-28 22:48:20 - [TEST_STEP][PASSED] - delay(2): Delayed 2 second(s)

2019-06-28 22:48:22 - [MESSAGE][PASSED] - Delayed 2 second(s)

2019-06-28 22:48:22 - [TEST_STEP][NOT_RUN] - executeJavaScript("var previewBar = document.getElementById("preview-bar-iframe"); previewBar.style.display = "none";", []): NOT_RUN: executeJavaScript("var previewBar = document.getElementById("preview-bar-iframe"); previewBar.style.display = "none";", [])

2019-06-28 22:48:22 - [MESSAGE][NOT_RUN] - NOT_RUN: executeJavaScript("var previewBar = document.getElementById("preview-bar-iframe"); previewBar.style.display = "none";", [])

2019-06-28 22:48:22 - [TEST_STEP][PASSED] - selectOptionByValue(findTestObject("OCS-DESKTOP/Age gate and Mega menu/Date"), "12", true): All options with value '12' are selected in object 'Object Repository/OCS-DESKTOP/Age gate and Mega menu/Date'  using regular expression

2019-06-28 22:48:23 - [MESSAGE][PASSED] - All options with value '12' are selected in object 'Object Repository/OCS-DESKTOP/Age gate and Mega menu/Date'  using regular expression

2019-06-28 22:48:23 - [TEST_STEP][PASSED] - selectOptionByValue(findTestObject("OCS-DESKTOP/Age gate and Mega menu/month"), "6", true): All options with value '6' are selected in object 'Object Repository/OCS-DESKTOP/Age gate and Mega menu/month'  using regular expression

2019-06-28 22:48:23 - [MESSAGE][PASSED] - All options with value '6' are selected in object 'Object Repository/OCS-DESKTOP/Age gate and Mega menu/month'  using regular expression

2019-06-28 22:48:23 - [TEST_STEP][PASSED] - delay(2): Delayed 2 second(s)

2019-06-28 22:48:25 - [MESSAGE][PASSED] - Delayed 2 second(s)

2019-06-28 22:48:25 - [TEST_STEP][PASSED] - selectOptionByValue(findTestObject("OCS-DESKTOP/Age gate and Mega menu/Year Dropdown"), "1990", true): All options with value '1990' are selected in object 'Object Repository/OCS-DESKTOP/Age gate and Mega menu/Year Dropdown'  using regular expression

2019-06-28 22:48:27 - [MESSAGE][PASSED] - All options with value '1990' are selected in object 'Object Repository/OCS-DESKTOP/Age gate and Mega menu/Year Dropdown'  using regular expression

2019-06-28 22:48:27 - [TEST_STEP][PASSED] - click(findTestObject("OCS-DESKTOP/Age gate and Mega menu/button_Verify")): Object: 'Object Repository/OCS-DESKTOP/Age gate and Mega menu/button_Verify' is clicked on

2019-06-28 22:49:39 - [MESSAGE][PASSED] - Object: 'Object Repository/OCS-DESKTOP/Age gate and Mega menu/button_Verify' is clicked on

2019-06-28 22:49:39 - [TEST_STEP][PASSED] - click(findTestObject("OCS-DESKTOP/Age gate and Mega menu/Checkbox_CONFIRM AND ACKNOWLEDGE")): Object: 'Object Repository/OCS-DESKTOP/Age gate and Mega menu/Checkbox_CONFIRM AND ACKNOWLEDGE' is clicked on

2019-06-28 22:49:39 - [MESSAGE][PASSED] - Object: 'Object Repository/OCS-DESKTOP/Age gate and Mega menu/Checkbox_CONFIRM AND ACKNOWLEDGE' is clicked on

2019-06-28 22:49:39 - [TEST_STEP][PASSED] - click(findTestObject("OCS-DESKTOP/Age gate and Mega menu/button_CONFIRM")): Object: 'Object Repository/OCS-DESKTOP/Age gate and Mega menu/button_CONFIRM' is clicked on

2019-06-28 22:49:39 - [MESSAGE][PASSED] - Object: 'Object Repository/OCS-DESKTOP/Age gate and Mega menu/button_CONFIRM' is clicked on

2019-06-28 22:49:39 - [TEST_STEP][PASSED] - click(findTestObject("OCS-DESKTOP/Age gate and Mega menu/button_Start Browsing")): Object: 'Object Repository/OCS-DESKTOP/Age gate and Mega menu/button_Start Browsing' is clicked on

2019-06-28 22:49:39 - [MESSAGE][PASSED] - Object: 'Object Repository/OCS-DESKTOP/Age gate and Mega menu/button_Start Browsing' is clicked on

2019-06-28 22:49:39 - [TEST_STEP][PASSED] - delay(2): Delayed 2 second(s)

2019-06-28 22:49:41 - [MESSAGE][PASSED] - Delayed 2 second(s)

2019-06-28 22:49:41 - [TEST_STEP][PASSED] - refresh(): Refresh successfully

2019-06-28 22:49:42 - [MESSAGE][PASSED] - Refresh successfully

2019-06-28 22:49:42 - [MESSAGE][PASSED] - Call Test Case 'Test Cases/OCS - DESKTOP/CALL- Age gate' successfully

2019-06-28 22:49:42 - [TEST_STEP][PASSED] - delay(2): Delayed 2 second(s)

2019-06-28 22:49:44 - [MESSAGE][PASSED] - Delayed 2 second(s)

2019-06-28 22:49:44 - [TEST_STEP][PASSED] - callTestCase(findTestCase("OCS - DESKTOP/CALL - TOGGLING LANGUAGE"), [:], STOP_ON_FAILURE): Call Test Case 'Test Cases/OCS - DESKTOP/CALL - TOGGLING LANGUAGE' successfully

2019-06-28 22:49:44 - [TEST_CASE][PASSED] - Test Cases/OCS - DESKTOP/CALL - TOGGLING LANGUAGE: Test Cases/OCS - DESKTOP/CALL - TOGGLING LANGUAGE

2019-06-28 22:49:44 - [TEST_STEP][PASSED] - delay(2): Delayed 2 second(s)

2019-06-28 22:49:46 - [MESSAGE][PASSED] - Delayed 2 second(s)

2019-06-28 22:49:46 - [TEST_STEP][PASSED] - click(findTestObject("OCS-DESKTOP/Cart flyout/English dropdown")): Object: 'Object Repository/OCS-DESKTOP/Cart flyout/English dropdown' is clicked on

2019-06-28 22:49:46 - [MESSAGE][PASSED] - Object: 'Object Repository/OCS-DESKTOP/Cart flyout/English dropdown' is clicked on

2019-06-28 22:49:46 - [TEST_STEP][PASSED] - delay(2): Delayed 2 second(s)

2019-06-28 22:49:48 - [MESSAGE][PASSED] - Delayed 2 second(s)

2019-06-28 22:49:48 - [TEST_STEP][PASSED] - click(findTestObject("OCS-DESKTOP/Cart flyout/Select French")): Object: 'Object Repository/OCS-DESKTOP/Cart flyout/Select French' is clicked on

2019-06-28 22:49:49 - [MESSAGE][PASSED] - Object: 'Object Repository/OCS-DESKTOP/Cart flyout/Select French' is clicked on

2019-06-28 22:49:49 - [TEST_STEP][PASSED] - delay(5): Delayed 5 second(s)

2019-06-28 22:49:54 - [MESSAGE][PASSED] - Delayed 5 second(s)

2019-06-28 22:49:54 - [TEST_STEP][PASSED] - e = getWindowTitle(): Current window's title is: 'Magasin de Cannabis de l'Ontario | Ontario Cannabis Store'

2019-06-28 22:49:54 - [MESSAGE][PASSED] - Current window's title is: 'Magasin de Cannabis de l'Ontario | Ontario Cannabis Store'

2019-06-28 22:49:54 - [MESSAGE][PASSED] - Call Test Case 'Test Cases/OCS - DESKTOP/CALL - TOGGLING LANGUAGE' successfully

2019-06-28 22:49:54 - [TEST_STEP][PASSED] - click(findTestObject("OCS-DESKTOP/Age gate and Mega menu/Header/CANNABIS menu - English")): Object: 'Object Repository/OCS-DESKTOP/Age gate and Mega menu/Header/CANNABIS menu - English' is clicked on

2019-06-28 22:49:54 - [MESSAGE][PASSED] - Object: 'Object Repository/OCS-DESKTOP/Age gate and Mega menu/Header/CANNABIS menu - English' is clicked on

2019-06-28 22:49:54 - [TEST_STEP][PASSED] - delay(2): Delayed 2 second(s)

2019-06-28 22:49:56 - [MESSAGE][PASSED] - Delayed 2 second(s)

2019-06-28 22:49:56 - [TEST_STEP][NOT_RUN] - executeJavaScript("var previewBar = document.getElementById("preview-bar-iframe"); previewBar.style.display = "none";", []): NOT_RUN: executeJavaScript("var previewBar = document.getElementById("preview-bar-iframe"); previewBar.style.display = "none";", [])

2019-06-28 22:49:56 - [MESSAGE][NOT_RUN] - NOT_RUN: executeJavaScript("var previewBar = document.getElementById("preview-bar-iframe"); previewBar.style.display = "none";", [])

2019-06-28 22:49:56 - [TEST_STEP][PASSED] - click(findTestObject("OCS-DESKTOP/Age gate and Mega menu/Indica Dominant_Menu item")): Object: 'Object Repository/OCS-DESKTOP/Age gate and Mega menu/Indica Dominant_Menu item' is clicked on

2019-06-28 22:49:57 - [MESSAGE][PASSED] - Object: 'Object Repository/OCS-DESKTOP/Age gate and Mega menu/Indica Dominant_Menu item' is clicked on

2019-06-28 22:49:57 - [TEST_STEP][NOT_RUN] - executeJavaScript("var previewBar = document.getElementById("preview-bar-iframe"); previewBar.style.display = "none";", []): NOT_RUN: executeJavaScript("var previewBar = document.getElementById("preview-bar-iframe"); previewBar.style.display = "none";", [])

2019-06-28 22:49:57 - [MESSAGE][NOT_RUN] - NOT_RUN: executeJavaScript("var previewBar = document.getElementById("preview-bar-iframe"); previewBar.style.display = "none";", [])

2019-06-28 22:49:57 - [TEST_STEP][PASSED] - delay(2): Delayed 2 second(s)

2019-06-28 22:49:59 - [MESSAGE][PASSED] - Delayed 2 second(s)

2019-06-28 22:49:59 - [TEST_STEP][PASSED] - click(findTestObject("FRENCH/Product image - 1st one")): Object: 'Object Repository/FRENCH/Product image - 1st one' is clicked on

2019-06-28 22:50:06 - [MESSAGE][PASSED] - Object: 'Object Repository/FRENCH/Product image - 1st one' is clicked on

2019-06-28 22:50:06 - [TEST_STEP][NOT_RUN] - executeJavaScript("var previewBar = document.getElementById("preview-bar-iframe"); previewBar.style.display = "none";", []): NOT_RUN: executeJavaScript("var previewBar = document.getElementById("preview-bar-iframe"); previewBar.style.display = "none";", [])

2019-06-28 22:50:06 - [MESSAGE][NOT_RUN] - NOT_RUN: executeJavaScript("var previewBar = document.getElementById("preview-bar-iframe"); previewBar.style.display = "none";", [])

2019-06-28 22:50:06 - [TEST_STEP][PASSED] - delay(1): Delayed 1 second(s)

2019-06-28 22:50:07 - [MESSAGE][PASSED] - Delayed 1 second(s)

2019-06-28 22:50:07 - [TEST_STEP][PASSED] - delay(3): Delayed 3 second(s)

2019-06-28 22:50:10 - [MESSAGE][PASSED] - Delayed 3 second(s)

2019-06-28 22:50:10 - [TEST_STEP][PASSED] - click(findTestObject("OCS-DESKTOP/Product page/Swatch_1g")): Object: 'Object Repository/OCS-DESKTOP/Product page/Swatch_1g' is clicked on

2019-06-28 22:50:10 - [MESSAGE][PASSED] - Object: 'Object Repository/OCS-DESKTOP/Product page/Swatch_1g' is clicked on

2019-06-28 22:50:10 - [TEST_STEP][PASSED] - delay(2): Delayed 2 second(s)

2019-06-28 22:50:12 - [MESSAGE][PASSED] - Delayed 2 second(s)

2019-06-28 22:50:12 - [TEST_STEP][PASSED] - click(findTestObject("OCS-DESKTOP/Product page/Add to Bag-button")): Object: 'Object Repository/OCS-DESKTOP/Product page/Add to Bag-button' is clicked on

2019-06-28 22:50:12 - [MESSAGE][PASSED] - Object: 'Object Repository/OCS-DESKTOP/Product page/Add to Bag-button' is clicked on

2019-06-28 22:50:12 - [TEST_STEP][PASSED] - delay(1): Delayed 1 second(s)

2019-06-28 22:50:13 - [MESSAGE][PASSED] - Delayed 1 second(s)

2019-06-28 22:50:13 - [TEST_STEP][PASSED] - click(findTestObject("OCS-DESKTOP/Cart flyout/Back icon"), CONTINUE_ON_FAILURE): Object: 'Object Repository/OCS-DESKTOP/Cart flyout/Back icon' is clicked on

2019-06-28 22:50:13 - [MESSAGE][PASSED] - Object: 'Object Repository/OCS-DESKTOP/Cart flyout/Back icon' is clicked on

2019-06-28 22:50:13 - [TEST_STEP][PASSED] - delay(2): Delayed 2 second(s)

2019-06-28 22:50:15 - [MESSAGE][PASSED] - Delayed 2 second(s)

2019-06-28 22:50:15 - [TEST_STEP][NOT_RUN] - click(findTestObject("OCS-DESKTOP/Home - page/Cart icon -bag"), OPTIONAL): NOT_RUN: click(findTestObject("OCS-DESKTOP/Home - page/Cart icon -bag"), OPTIONAL)

2019-06-28 22:50:15 - [MESSAGE][NOT_RUN] - NOT_RUN: click(findTestObject("OCS-DESKTOP/Home - page/Cart icon -bag"), OPTIONAL)

2019-06-28 22:50:15 - [TEST_STEP][PASSED] - delay(2): Delayed 2 second(s)

2019-06-28 22:50:17 - [MESSAGE][PASSED] - Delayed 2 second(s)

2019-06-28 22:50:17 - [TEST_STEP][PASSED] - click(findTestObject("OCS-DESKTOP/Product page/Swatch_3.5g"), CONTINUE_ON_FAILURE): Object: 'Object Repository/OCS-DESKTOP/Product page/Swatch_3.5g' is clicked on

2019-06-28 22:50:17 - [MESSAGE][PASSED] - Object: 'Object Repository/OCS-DESKTOP/Product page/Swatch_3.5g' is clicked on

2019-06-28 22:50:17 - [TEST_STEP][PASSED] - delay(2): Delayed 2 second(s)

2019-06-28 22:50:19 - [MESSAGE][PASSED] - Delayed 2 second(s)

2019-06-28 22:50:19 - [TEST_STEP][PASSED] - click(findTestObject("OCS-DESKTOP/Product page/Add to Bag-button")): Object: 'Object Repository/OCS-DESKTOP/Product page/Add to Bag-button' is clicked on

2019-06-28 22:50:19 - [MESSAGE][PASSED] - Object: 'Object Repository/OCS-DESKTOP/Product page/Add to Bag-button' is clicked on

2019-06-28 22:50:19 - [TEST_STEP][PASSED] - delay(2): Delayed 2 second(s)

2019-06-28 22:50:21 - [MESSAGE][PASSED] - Delayed 2 second(s)

2019-06-28 22:50:21 - [TEST_STEP][PASSED] - click(findTestObject("OCS-DESKTOP/Cart flyout/Checkbox_I confirm that")): Object: 'Object Repository/OCS-DESKTOP/Cart flyout/Checkbox_I confirm that' is clicked on

2019-06-28 22:50:21 - [MESSAGE][PASSED] - Object: 'Object Repository/OCS-DESKTOP/Cart flyout/Checkbox_I confirm that' is clicked on

2019-06-28 22:50:21 - [TEST_STEP][PASSED] - delay(2): Delayed 2 second(s)

2019-06-28 22:50:23 - [MESSAGE][PASSED] - Delayed 2 second(s)

2019-06-28 22:50:23 - [TEST_STEP][PASSED] - click(findTestObject("OCS-DESKTOP/Cart flyout/Checkbox_Accept the Terms Condition")): Object: 'Object Repository/OCS-DESKTOP/Cart flyout/Checkbox_Accept the Terms Condition' is clicked on

2019-06-28 22:50:23 - [MESSAGE][PASSED] - Object: 'Object Repository/OCS-DESKTOP/Cart flyout/Checkbox_Accept the Terms Condition' is clicked on

2019-06-28 22:50:23 - [TEST_STEP][PASSED] - delay(2): Delayed 2 second(s)

2019-06-28 22:50:25 - [MESSAGE][PASSED] - Delayed 2 second(s)

2019-06-28 22:50:25 - [TEST_STEP][PASSED] - click(findTestObject("OCS-DESKTOP/Cart flyout/Checkout - Button")): Object: 'Object Repository/OCS-DESKTOP/Cart flyout/Checkout - Button' is clicked on

2019-06-28 22:50:25 - [MESSAGE][PASSED] - Object: 'Object Repository/OCS-DESKTOP/Cart flyout/Checkout - Button' is clicked on

2019-06-28 22:50:25 - [TEST_STEP][PASSED] - delay(2): Delayed 2 second(s)

2019-06-28 22:50:27 - [MESSAGE][PASSED] - Delayed 2 second(s)

2019-06-28 22:50:27 - [TEST_STEP][PASSED] - click(findTestObject("OCS-DESKTOP/Customer info page/Cart - Breadcrumb link")): Object: 'Object Repository/OCS-DESKTOP/Customer info page/Cart - Breadcrumb link' is clicked on

2019-06-28 22:50:29 - [MESSAGE][PASSED] - Object: 'Object Repository/OCS-DESKTOP/Customer info page/Cart - Breadcrumb link' is clicked on

2019-06-28 22:50:29 - [TEST_STEP][PASSED] - delay(2): Delayed 2 second(s)

2019-06-28 22:50:31 - [MESSAGE][PASSED] - Delayed 2 second(s)

2019-06-28 22:50:31 - [TEST_STEP][PASSED] - a = getText(findTestObject("OCS-DESKTOP/Cart page/Unit price - 1st product")): Text of object 'Object Repository/OCS-DESKTOP/Cart page/Unit price - 1st product' is: '






35,00 $'

2019-06-28 22:50:31 - [MESSAGE][PASSED] - Text of object 'Object Repository/OCS-DESKTOP/Cart page/Unit price - 1st product' is: '






35,00 $'

2019-06-28 22:50:31 - [TEST_STEP][PASSED] - comment(a): 






35,00 $

2019-06-28 22:50:31 - [MESSAGE][INFO] - 






35,00 $

2019-06-28 22:50:31 - [TEST_STEP][PASSED] - a1 = a.substring(0, a.length() - 1): null

2019-06-28 22:50:31 - [TEST_STEP][PASSED] - comment("a1 = " + a1): a1 = 






35,00 

2019-06-28 22:50:31 - [MESSAGE][INFO] - a1 = 






35,00 

2019-06-28 22:50:31 - [TEST_STEP][PASSED] - x1 = a1.substring(0, a1.length() - 1): null

2019-06-28 22:50:31 - [TEST_STEP][PASSED] - comment("x1 = " + x1): x1 = 






35,00

2019-06-28 22:50:31 - [MESSAGE][INFO] - x1 = 






35,00

2019-06-28 22:50:31 - [TEST_STEP][PASSED] - x2 = x1.substring(0, x1.length() - 1): null

2019-06-28 22:50:31 - [TEST_STEP][PASSED] - comment("x2 = " + x2): x2 = 






35,0

2019-06-28 22:50:31 - [MESSAGE][INFO] - x2 = 






35,0

2019-06-28 22:50:31 - [TEST_STEP][PASSED] - x3 = x2.substring(0, x2.length() - 1): null

2019-06-28 22:50:31 - [TEST_STEP][PASSED] - comment("x3 = " + x3): x3 = 






35,

2019-06-28 22:50:31 - [MESSAGE][INFO] - x3 = 






35,

2019-06-28 22:50:31 - [TEST_STEP][PASSED] - x6 = x3.substring(0, x3.length() - 1): null

2019-06-28 22:50:31 - [TEST_STEP][PASSED] - comment("x6 = " + x6): x6 = 






35

2019-06-28 22:50:31 - [MESSAGE][INFO] - x6 = 






35

2019-06-28 22:50:31 - [TEST_STEP][PASSED] - delay(2): Delayed 2 second(s)

2019-06-28 22:50:33 - [MESSAGE][PASSED] - Delayed 2 second(s)

2019-06-28 22:50:33 - [TEST_STEP][PASSED] - b = getText(findTestObject("OCS-DESKTOP/Cart page/Unit price - 2nd product")): Text of object 'Object Repository/OCS-DESKTOP/Cart page/Unit price - 2nd product' is: '






10,50 $'

2019-06-28 22:50:33 - [MESSAGE][PASSED] - Text of object 'Object Repository/OCS-DESKTOP/Cart page/Unit price - 2nd product' is: '






10,50 $'

2019-06-28 22:50:33 - [TEST_STEP][PASSED] - comment(b): 






10,50 $

2019-06-28 22:50:33 - [MESSAGE][INFO] - 






10,50 $

2019-06-28 22:50:33 - [TEST_STEP][PASSED] - a2 = b.substring(0, b.length() - 1): null

2019-06-28 22:50:33 - [TEST_STEP][PASSED] - comment("a2 = " + a2): a2 = 






10,50 

2019-06-28 22:50:33 - [MESSAGE][INFO] - a2 = 






10,50 

2019-06-28 22:50:33 - [TEST_STEP][PASSED] - y1 = a2.substring(0, a2.length() - 1): null

2019-06-28 22:50:33 - [TEST_STEP][PASSED] - comment("y1 = " + y1): y1 = 






10,50

2019-06-28 22:50:33 - [MESSAGE][INFO] - y1 = 






10,50

2019-06-28 22:50:33 - [TEST_STEP][PASSED] - y2 = y1.substring(0, y1.length() - 1): null

2019-06-28 22:50:33 - [TEST_STEP][PASSED] - comment("y2 = " + y2): y2 = 






10,5

2019-06-28 22:50:33 - [MESSAGE][INFO] - y2 = 






10,5

2019-06-28 22:50:33 - [TEST_STEP][PASSED] - y3 = y2.substring(0, y2.length() - 1): null

2019-06-28 22:50:33 - [TEST_STEP][PASSED] - comment("y3 = " + y3): y3 = 






10,

2019-06-28 22:50:33 - [MESSAGE][INFO] - y3 = 






10,

2019-06-28 22:50:33 - [TEST_STEP][PASSED] - y4 = y3.substring(0, y3.length() - 1): null

2019-06-28 22:50:33 - [TEST_STEP][PASSED] - comment("y4 = " + y4): y4 = 






10

2019-06-28 22:50:33 - [MESSAGE][INFO] - y4 = 






10

2019-06-28 22:50:33 - [TEST_STEP][PASSED] - c = getText(findTestObject("OCS-DESKTOP/Cart page/Sub-total")): Text of object 'Object Repository/OCS-DESKTOP/Cart page/Sub-total' is: '






45,50 $'

2019-06-28 22:50:33 - [MESSAGE][PASSED] - Text of object 'Object Repository/OCS-DESKTOP/Cart page/Sub-total' is: '






45,50 $'

2019-06-28 22:50:33 - [TEST_STEP][PASSED] - comment(c): 






45,50 $

2019-06-28 22:50:33 - [MESSAGE][INFO] - 






45,50 $

2019-06-28 22:50:33 - [TEST_STEP][PASSED] - a3 = c.substring(0, c.length() - 1): null

2019-06-28 22:50:33 - [TEST_STEP][PASSED] - comment("a3 = " + a3): a3 = 






45,50 

2019-06-28 22:50:33 - [MESSAGE][INFO] - a3 = 






45,50 

2019-06-28 22:50:33 - [TEST_STEP][PASSED] - z1 = a3.substring(0, a3.length() - 1): null

2019-06-28 22:50:33 - [TEST_STEP][PASSED] - comment("z1 = " + z1): z1 = 






45,50

2019-06-28 22:50:33 - [MESSAGE][INFO] - z1 = 






45,50

2019-06-28 22:50:33 - [TEST_STEP][PASSED] - z2 = z1.substring(0, z1.length() - 1): null

2019-06-28 22:50:33 - [TEST_STEP][PASSED] - comment("z2 = " + z2): z2 = 






45,5

2019-06-28 22:50:33 - [MESSAGE][INFO] - z2 = 






45,5

2019-06-28 22:50:33 - [TEST_STEP][PASSED] - z3 = z2.substring(0, z2.length() - 1): null

2019-06-28 22:50:33 - [TEST_STEP][PASSED] - comment("z3 = " + z3): z3 = 






45,

2019-06-28 22:50:33 - [MESSAGE][INFO] - z3 = 






45,

2019-06-28 22:50:33 - [TEST_STEP][PASSED] - z4 = z3.substring(0, z3.length() - 1): null

2019-06-28 22:50:33 - [TEST_STEP][PASSED] - comment("z4 = " + z4): z4 = 






45

2019-06-28 22:50:33 - [MESSAGE][INFO] - z4 = 






45

2019-06-28 22:50:33 - [TEST_STEP][PASSED] - p2 = <not implemented yet for class: org.codehaus.groovy.ast.expr.EmptyExpression>: null

2019-06-28 22:50:33 - [TEST_STEP][PASSED] - p3 = <not implemented yet for class: org.codehaus.groovy.ast.expr.EmptyExpression>: null

2019-06-28 22:50:33 - [TEST_STEP][PASSED] - try: p2=35.0

2019-06-28 22:50:33 - [TEST_STEP][PASSED] - x4 = x6: null

2019-06-28 22:50:33 - [TEST_STEP][PASSED] - comment("x4=" + x4): x4=






35

2019-06-28 22:50:33 - [MESSAGE][INFO] - x4=






35

2019-06-28 22:50:33 - [TEST_STEP][PASSED] - p2 = Double.valueOf(x4): null

2019-06-28 22:50:33 - [TEST_STEP][PASSED] - comment("p2=" + p2): p2=35.0

2019-06-28 22:50:33 - [MESSAGE][INFO] - p2=35.0

2019-06-28 22:50:33 - [TEST_STEP][PASSED] - try: p3=10.0

2019-06-28 22:50:33 - [TEST_STEP][PASSED] - x5 = y4: null

2019-06-28 22:50:33 - [TEST_STEP][PASSED] - comment("x5=" + x5): x5=






10

2019-06-28 22:50:33 - [MESSAGE][INFO] - x5=






10

2019-06-28 22:50:33 - [TEST_STEP][PASSED] - p3 = Double.valueOf(x5): null

2019-06-28 22:50:33 - [TEST_STEP][PASSED] - comment("p3=" + p3): p3=10.0

2019-06-28 22:50:33 - [MESSAGE][INFO] - p3=10.0

2019-06-28 22:50:33 - [TEST_STEP][PASSED] - comment("p2=" + p2): p2=35.0

2019-06-28 22:50:33 - [MESSAGE][INFO] - p2=35.0

2019-06-28 22:50:33 - [TEST_STEP][PASSED] - comment("p3=" + p3): p3=10.0

2019-06-28 22:50:33 - [MESSAGE][INFO] - p3=10.0

2019-06-28 22:50:33 - [TEST_STEP][PASSED] - total = p2 + p3: null

2019-06-28 22:50:33 - [TEST_STEP][PASSED] - comment("total=" + total): total=45.0

2019-06-28 22:50:33 - [MESSAGE][INFO] - total=45.0

2019-06-28 22:50:33 - [TEST_STEP][FAILED] - verifyEqual(total, z4): verifyEqual(total, z4) FAILED.
Reason:
com.kms.katalon.core.exception.StepFailedException: Unable to verify equal between actual object '45' and expected object '






45' (Root cause: com.kms.katalon.core.exception.StepFailedException: Actual object '45' and expected object '






45' are not equal)
	at com.kms.katalon.core.keyword.internal.KeywordMain.stepFailed(KeywordMain.groovy:36)
	at com.kms.katalon.core.keyword.internal.KeywordMain.stepFailed(KeywordMain.groovy)
	at com.kms.katalon.core.keyword.internal.KeywordMain.runKeyword(KeywordMain.groovy:56)
	at com.kms.katalon.core.keyword.builtin.VerifyEqualKeyword.verifyEqual(VerifyEqualKeyword.groovy:63)
	at com.kms.katalon.core.keyword.builtin.VerifyEqualKeyword.execute(VerifyEqualKeyword.groovy:44)
	at com.kms.katalon.core.keyword.internal.KeywordExecutor.executeKeywordForPlatform(KeywordExecutor.groovy:53)
	at com.kms.katalon.core.keyword.BuiltinKeywords.verifyEqual(BuiltinKeywords.groovy:141)
	at Cart - fr.run(Cart - fr:201)
	at com.kms.katalon.core.main.ScriptEngine.run(ScriptEngine.java:194)
	at com.kms.katalon.core.main.ScriptEngine.runScriptAsRawText(ScriptEngine.java:119)
	at com.kms.katalon.core.main.TestCaseExecutor.runScript(TestCaseExecutor.java:328)
	at com.kms.katalon.core.main.TestCaseExecutor.doExecute(TestCaseExecutor.java:319)
	at com.kms.katalon.core.main.TestCaseExecutor.processExecutionPhase(TestCaseExecutor.java:298)
	at com.kms.katalon.core.main.TestCaseExecutor.accessMainPhase(TestCaseExecutor.java:290)
	at com.kms.katalon.core.main.TestCaseExecutor.execute(TestCaseExecutor.java:224)
	at com.kms.katalon.core.main.TestSuiteExecutor.accessTestCaseMainPhase(TestSuiteExecutor.java:129)
	at com.kms.katalon.core.main.TestSuiteExecutor.accessTestSuiteMainPhase(TestSuiteExecutor.java:112)
	at com.kms.katalon.core.main.TestSuiteExecutor.execute(TestSuiteExecutor.java:81)
	at com.kms.katalon.core.main.TestCaseMain.startTestSuite(TestCaseMain.java:149)
	at com.kms.katalon.core.main.TestCaseMain$startTestSuite$0.call(Unknown Source)
	at TempTestSuite1561776273795.run(TempTestSuite1561776273795.groovy:36)


2019-06-28 22:50:33 - [MESSAGE][FAILED] - Unable to verify equal between actual object '45' and expected object '






45' (Root cause: com.kms.katalon.core.exception.StepFailedException: Actual object '45' and expected object '






45' are not equal)

2019-06-28 22:50:33 - [MESSAGE][FAILED] - verifyEqual(total, z4) FAILED.
Reason:
com.kms.katalon.core.exception.StepFailedException: Unable to verify equal between actual object '45' and expected object '






45' (Root cause: com.kms.katalon.core.exception.StepFailedException: Actual object '45' and expected object '






45' are not equal)
	at com.kms.katalon.core.keyword.internal.KeywordMain.stepFailed(KeywordMain.groovy:36)
	at com.kms.katalon.core.keyword.internal.KeywordMain.stepFailed(KeywordMain.groovy)
	at com.kms.katalon.core.keyword.internal.KeywordMain.runKeyword(KeywordMain.groovy:56)
	at com.kms.katalon.core.keyword.builtin.VerifyEqualKeyword.verifyEqual(VerifyEqualKeyword.groovy:63)
	at com.kms.katalon.core.keyword.builtin.VerifyEqualKeyword.execute(VerifyEqualKeyword.groovy:44)
	at com.kms.katalon.core.keyword.internal.KeywordExecutor.executeKeywordForPlatform(KeywordExecutor.groovy:53)
	at com.kms.katalon.core.keyword.BuiltinKeywords.verifyEqual(BuiltinKeywords.groovy:141)
	at Cart - fr.run(Cart - fr:201)
	at com.kms.katalon.core.main.ScriptEngine.run(ScriptEngine.java:194)
	at com.kms.katalon.core.main.ScriptEngine.runScriptAsRawText(ScriptEngine.java:119)
	at com.kms.katalon.core.main.TestCaseExecutor.runScript(TestCaseExecutor.java:328)
	at com.kms.katalon.core.main.TestCaseExecutor.doExecute(TestCaseExecutor.java:319)
	at com.kms.katalon.core.main.TestCaseExecutor.processExecutionPhase(TestCaseExecutor.java:298)
	at com.kms.katalon.core.main.TestCaseExecutor.accessMainPhase(TestCaseExecutor.java:290)
	at com.kms.katalon.core.main.TestCaseExecutor.execute(TestCaseExecutor.java:224)
	at com.kms.katalon.core.main.TestSuiteExecutor.accessTestCaseMainPhase(TestSuiteExecutor.java:129)
	at com.kms.katalon.core.main.TestSuiteExecutor.accessTestSuiteMainPhase(TestSuiteExecutor.java:112)
	at com.kms.katalon.core.main.TestSuiteExecutor.execute(TestSuiteExecutor.java:81)
	at com.kms.katalon.core.main.TestCaseMain.startTestSuite(TestCaseMain.java:149)
	at com.kms.katalon.core.main.TestCaseMain$startTestSuite$0.call(Unknown Source)
	at TempTestSuite1561776273795.run(TempTestSuite1561776273795.groovy:36)]]></system-out>
         <system-err><![CDATA[2019-06-28 22:48:17 - [TEST_CASE][FAILED] - Test Cases/OCS - DESKTOP/OCS- CRITICAL PATH - FRENCH/Cart - fr: Test Cases/OCS - DESKTOP/OCS- CRITICAL PATH - FRENCH/Cart - fr FAILED.
Reason:
com.kms.katalon.core.exception.StepFailedException: Unable to verify equal between actual object '45' and expected object '






45' (Root cause: com.kms.katalon.core.exception.StepFailedException: Actual object '45' and expected object '






45' are not equal)
	at com.kms.katalon.core.keyword.internal.KeywordMain.stepFailed(KeywordMain.groovy:36)
	at com.kms.katalon.core.keyword.internal.KeywordMain.stepFailed(KeywordMain.groovy)
	at com.kms.katalon.core.keyword.internal.KeywordMain.runKeyword(KeywordMain.groovy:56)
	at com.kms.katalon.core.keyword.builtin.VerifyEqualKeyword.verifyEqual(VerifyEqualKeyword.groovy:63)
	at com.kms.katalon.core.keyword.builtin.VerifyEqualKeyword.execute(VerifyEqualKeyword.groovy:44)
	at com.kms.katalon.core.keyword.internal.KeywordExecutor.executeKeywordForPlatform(KeywordExecutor.groovy:53)
	at com.kms.katalon.core.keyword.BuiltinKeywords.verifyEqual(BuiltinKeywords.groovy:141)
	at Cart - fr.run(Cart - fr:201)
	at com.kms.katalon.core.main.ScriptEngine.run(ScriptEngine.java:194)
	at com.kms.katalon.core.main.ScriptEngine.runScriptAsRawText(ScriptEngine.java:119)
	at com.kms.katalon.core.main.TestCaseExecutor.runScript(TestCaseExecutor.java:328)
	at com.kms.katalon.core.main.TestCaseExecutor.doExecute(TestCaseExecutor.java:319)
	at com.kms.katalon.core.main.TestCaseExecutor.processExecutionPhase(TestCaseExecutor.java:298)
	at com.kms.katalon.core.main.TestCaseExecutor.accessMainPhase(TestCaseExecutor.java:290)
	at com.kms.katalon.core.main.TestCaseExecutor.execute(TestCaseExecutor.java:224)
	at com.kms.katalon.core.main.TestSuiteExecutor.accessTestCaseMainPhase(TestSuiteExecutor.java:129)
	at com.kms.katalon.core.main.TestSuiteExecutor.accessTestSuiteMainPhase(TestSuiteExecutor.java:112)
	at com.kms.katalon.core.main.TestSuiteExecutor.execute(TestSuiteExecutor.java:81)
	at com.kms.katalon.core.main.TestCaseMain.startTestSuite(TestCaseMain.java:149)
	at com.kms.katalon.core.main.TestCaseMain$startTestSuite$0.call(Unknown Source)
	at TempTestSuite1561776273795.run(TempTestSuite1561776273795.groovy:36)]]></system-err>
      </testcase>
      <testcase name="Test Cases/OCS - DESKTOP/OCS- CRITICAL PATH - FRENCH/Cart flyout - tooltips -fr" classname="Test Cases/OCS - DESKTOP/OCS- CRITICAL PATH - FRENCH/Cart flyout - tooltips -fr" status="PASSED">
         <system-out><![CDATA[2019-06-28 22:50:33 - [TEST_CASE][PASSED] - Test Cases/OCS - DESKTOP/OCS- CRITICAL PATH - FRENCH/Cart flyout - tooltips -fr: Test Cases/OCS - DESKTOP/OCS- CRITICAL PATH - FRENCH/Cart flyout - tooltips -fr

2019-06-28 22:50:33 - [TEST_STEP][PASSED] - callTestCase(findTestCase("OCS - DESKTOP/CALL- Age gate"), [:], STOP_ON_FAILURE): Call Test Case 'Test Cases/OCS - DESKTOP/CALL- Age gate' successfully

2019-06-28 22:50:33 - [TEST_CASE][PASSED] - Test Cases/OCS - DESKTOP/CALL- Age gate: Test Cases/OCS - DESKTOP/CALL- Age gate

2019-06-28 22:50:33 - [TEST_STEP][PASSED] - openBrowser(""): Browser is opened with url: ''

2019-06-28 22:50:33 - [MESSAGE][WARNING] - A browser is already opened. Closing browser and opening a new one

2019-06-28 22:50:33 - [MESSAGE][INFO] - Starting 'Safari' driver

2019-06-28 22:50:34 - [MESSAGE][PASSED] - Browser is opened with url: ''

2019-06-28 22:50:34 - [TEST_STEP][PASSED] - navigateToUrl("ocs.ca"): Navigate to 'http://ocs.ca' successfully

2019-06-28 22:50:35 - [MESSAGE][PASSED] - Navigate to 'http://ocs.ca' successfully

2019-06-28 22:50:35 - [TEST_STEP][PASSED] - maximizeWindow(): Current window maximized

2019-06-28 22:50:35 - [MESSAGE][PASSED] - Current window maximized

2019-06-28 22:50:35 - [TEST_STEP][PASSED] - delay(2): Delayed 2 second(s)

2019-06-28 22:50:37 - [MESSAGE][PASSED] - Delayed 2 second(s)

2019-06-28 22:50:37 - [TEST_STEP][NOT_RUN] - executeJavaScript("var previewBar = document.getElementById("preview-bar-iframe"); previewBar.style.display = "none";", []): NOT_RUN: executeJavaScript("var previewBar = document.getElementById("preview-bar-iframe"); previewBar.style.display = "none";", [])

2019-06-28 22:50:37 - [MESSAGE][NOT_RUN] - NOT_RUN: executeJavaScript("var previewBar = document.getElementById("preview-bar-iframe"); previewBar.style.display = "none";", [])

2019-06-28 22:50:37 - [TEST_STEP][PASSED] - selectOptionByValue(findTestObject("OCS-DESKTOP/Age gate and Mega menu/Date"), "12", true): All options with value '12' are selected in object 'Object Repository/OCS-DESKTOP/Age gate and Mega menu/Date'  using regular expression

2019-06-28 22:50:38 - [MESSAGE][PASSED] - All options with value '12' are selected in object 'Object Repository/OCS-DESKTOP/Age gate and Mega menu/Date'  using regular expression

2019-06-28 22:50:38 - [TEST_STEP][PASSED] - selectOptionByValue(findTestObject("OCS-DESKTOP/Age gate and Mega menu/month"), "6", true): All options with value '6' are selected in object 'Object Repository/OCS-DESKTOP/Age gate and Mega menu/month'  using regular expression

2019-06-28 22:50:38 - [MESSAGE][PASSED] - All options with value '6' are selected in object 'Object Repository/OCS-DESKTOP/Age gate and Mega menu/month'  using regular expression

2019-06-28 22:50:38 - [TEST_STEP][PASSED] - delay(2): Delayed 2 second(s)

2019-06-28 22:50:40 - [MESSAGE][PASSED] - Delayed 2 second(s)

2019-06-28 22:50:40 - [TEST_STEP][PASSED] - selectOptionByValue(findTestObject("OCS-DESKTOP/Age gate and Mega menu/Year Dropdown"), "1990", true): All options with value '1990' are selected in object 'Object Repository/OCS-DESKTOP/Age gate and Mega menu/Year Dropdown'  using regular expression

2019-06-28 22:50:42 - [MESSAGE][PASSED] - All options with value '1990' are selected in object 'Object Repository/OCS-DESKTOP/Age gate and Mega menu/Year Dropdown'  using regular expression

2019-06-28 22:50:42 - [TEST_STEP][PASSED] - click(findTestObject("OCS-DESKTOP/Age gate and Mega menu/button_Verify")): Object: 'Object Repository/OCS-DESKTOP/Age gate and Mega menu/button_Verify' is clicked on

2019-06-28 22:50:42 - [MESSAGE][PASSED] - Object: 'Object Repository/OCS-DESKTOP/Age gate and Mega menu/button_Verify' is clicked on

2019-06-28 22:50:42 - [TEST_STEP][PASSED] - click(findTestObject("OCS-DESKTOP/Age gate and Mega menu/Checkbox_CONFIRM AND ACKNOWLEDGE")): Object: 'Object Repository/OCS-DESKTOP/Age gate and Mega menu/Checkbox_CONFIRM AND ACKNOWLEDGE' is clicked on

2019-06-28 22:50:42 - [MESSAGE][PASSED] - Object: 'Object Repository/OCS-DESKTOP/Age gate and Mega menu/Checkbox_CONFIRM AND ACKNOWLEDGE' is clicked on

2019-06-28 22:50:42 - [TEST_STEP][PASSED] - click(findTestObject("OCS-DESKTOP/Age gate and Mega menu/button_CONFIRM")): Object: 'Object Repository/OCS-DESKTOP/Age gate and Mega menu/button_CONFIRM' is clicked on

2019-06-28 22:50:42 - [MESSAGE][PASSED] - Object: 'Object Repository/OCS-DESKTOP/Age gate and Mega menu/button_CONFIRM' is clicked on

2019-06-28 22:50:42 - [TEST_STEP][PASSED] - click(findTestObject("OCS-DESKTOP/Age gate and Mega menu/button_Start Browsing")): Object: 'Object Repository/OCS-DESKTOP/Age gate and Mega menu/button_Start Browsing' is clicked on

2019-06-28 22:50:42 - [MESSAGE][PASSED] - Object: 'Object Repository/OCS-DESKTOP/Age gate and Mega menu/button_Start Browsing' is clicked on

2019-06-28 22:50:42 - [TEST_STEP][PASSED] - delay(2): Delayed 2 second(s)

2019-06-28 22:50:44 - [MESSAGE][PASSED] - Delayed 2 second(s)

2019-06-28 22:50:44 - [TEST_STEP][PASSED] - refresh(): Refresh successfully

2019-06-28 22:50:46 - [MESSAGE][PASSED] - Refresh successfully

2019-06-28 22:50:46 - [MESSAGE][PASSED] - Call Test Case 'Test Cases/OCS - DESKTOP/CALL- Age gate' successfully

2019-06-28 22:50:46 - [TEST_STEP][PASSED] - delay(2): Delayed 2 second(s)

2019-06-28 22:50:48 - [MESSAGE][PASSED] - Delayed 2 second(s)

2019-06-28 22:50:48 - [TEST_STEP][PASSED] - callTestCase(findTestCase("OCS - DESKTOP/CALL - TOGGLING LANGUAGE"), [:], STOP_ON_FAILURE): Call Test Case 'Test Cases/OCS - DESKTOP/CALL - TOGGLING LANGUAGE' successfully

2019-06-28 22:50:48 - [TEST_CASE][PASSED] - Test Cases/OCS - DESKTOP/CALL - TOGGLING LANGUAGE: Test Cases/OCS - DESKTOP/CALL - TOGGLING LANGUAGE

2019-06-28 22:50:48 - [TEST_STEP][PASSED] - delay(2): Delayed 2 second(s)

2019-06-28 22:50:50 - [MESSAGE][PASSED] - Delayed 2 second(s)

2019-06-28 22:50:50 - [TEST_STEP][PASSED] - click(findTestObject("OCS-DESKTOP/Cart flyout/English dropdown")): Object: 'Object Repository/OCS-DESKTOP/Cart flyout/English dropdown' is clicked on

2019-06-28 22:50:50 - [MESSAGE][PASSED] - Object: 'Object Repository/OCS-DESKTOP/Cart flyout/English dropdown' is clicked on

2019-06-28 22:50:50 - [TEST_STEP][PASSED] - delay(2): Delayed 2 second(s)

2019-06-28 22:50:52 - [MESSAGE][PASSED] - Delayed 2 second(s)

2019-06-28 22:50:52 - [TEST_STEP][PASSED] - click(findTestObject("OCS-DESKTOP/Cart flyout/Select French")): Object: 'Object Repository/OCS-DESKTOP/Cart flyout/Select French' is clicked on

2019-06-28 22:50:52 - [MESSAGE][PASSED] - Object: 'Object Repository/OCS-DESKTOP/Cart flyout/Select French' is clicked on

2019-06-28 22:50:52 - [TEST_STEP][PASSED] - delay(5): Delayed 5 second(s)

2019-06-28 22:50:57 - [MESSAGE][PASSED] - Delayed 5 second(s)

2019-06-28 22:50:57 - [TEST_STEP][PASSED] - e = getWindowTitle(): Current window's title is: 'Magasin de Cannabis de l'Ontario | Ontario Cannabis Store'

2019-06-28 22:50:57 - [MESSAGE][PASSED] - Current window's title is: 'Magasin de Cannabis de l'Ontario | Ontario Cannabis Store'

2019-06-28 22:50:57 - [MESSAGE][PASSED] - Call Test Case 'Test Cases/OCS - DESKTOP/CALL - TOGGLING LANGUAGE' successfully

2019-06-28 22:50:57 - [TEST_STEP][PASSED] - click(findTestObject("OCS-DESKTOP/Age gate and Mega menu/Header/CANNABIS menu - English")): Object: 'Object Repository/OCS-DESKTOP/Age gate and Mega menu/Header/CANNABIS menu - English' is clicked on

2019-06-28 22:50:57 - [MESSAGE][PASSED] - Object: 'Object Repository/OCS-DESKTOP/Age gate and Mega menu/Header/CANNABIS menu - English' is clicked on

2019-06-28 22:50:57 - [TEST_STEP][PASSED] - delay(2): Delayed 2 second(s)

2019-06-28 22:50:59 - [MESSAGE][PASSED] - Delayed 2 second(s)

2019-06-28 22:50:59 - [TEST_STEP][NOT_RUN] - executeJavaScript("var previewBar = document.getElementById("preview-bar-iframe"); previewBar.style.display = "none";", []): NOT_RUN: executeJavaScript("var previewBar = document.getElementById("preview-bar-iframe"); previewBar.style.display = "none";", [])

2019-06-28 22:50:59 - [MESSAGE][NOT_RUN] - NOT_RUN: executeJavaScript("var previewBar = document.getElementById("preview-bar-iframe"); previewBar.style.display = "none";", [])

2019-06-28 22:50:59 - [TEST_STEP][PASSED] - click(findTestObject("OCS-DESKTOP/Age gate and Mega menu/Indica Dominant_Menu item")): Object: 'Object Repository/OCS-DESKTOP/Age gate and Mega menu/Indica Dominant_Menu item' is clicked on

2019-06-28 22:51:00 - [MESSAGE][PASSED] - Object: 'Object Repository/OCS-DESKTOP/Age gate and Mega menu/Indica Dominant_Menu item' is clicked on

2019-06-28 22:51:00 - [TEST_STEP][NOT_RUN] - executeJavaScript("var previewBar = document.getElementById("preview-bar-iframe"); previewBar.style.display = "none";", []): NOT_RUN: executeJavaScript("var previewBar = document.getElementById("preview-bar-iframe"); previewBar.style.display = "none";", [])

2019-06-28 22:51:00 - [MESSAGE][NOT_RUN] - NOT_RUN: executeJavaScript("var previewBar = document.getElementById("preview-bar-iframe"); previewBar.style.display = "none";", [])

2019-06-28 22:51:00 - [TEST_STEP][PASSED] - delay(2): Delayed 2 second(s)

2019-06-28 22:51:02 - [MESSAGE][PASSED] - Delayed 2 second(s)

2019-06-28 22:51:02 - [TEST_STEP][PASSED] - click(findTestObject("FRENCH/Product image - 1st one")): Object: 'Object Repository/FRENCH/Product image - 1st one' is clicked on

2019-06-28 22:51:05 - [MESSAGE][PASSED] - Object: 'Object Repository/FRENCH/Product image - 1st one' is clicked on

2019-06-28 22:51:05 - [TEST_STEP][NOT_RUN] - executeJavaScript("var previewBar = document.getElementById("preview-bar-iframe"); previewBar.style.display = "none";", []): NOT_RUN: executeJavaScript("var previewBar = document.getElementById("preview-bar-iframe"); previewBar.style.display = "none";", [])

2019-06-28 22:51:05 - [MESSAGE][NOT_RUN] - NOT_RUN: executeJavaScript("var previewBar = document.getElementById("preview-bar-iframe"); previewBar.style.display = "none";", [])

2019-06-28 22:51:05 - [TEST_STEP][PASSED] - delay(1): Delayed 1 second(s)

2019-06-28 22:51:06 - [MESSAGE][PASSED] - Delayed 1 second(s)

2019-06-28 22:51:06 - [TEST_STEP][PASSED] - delay(3): Delayed 3 second(s)

2019-06-28 22:51:09 - [MESSAGE][PASSED] - Delayed 3 second(s)

2019-06-28 22:51:09 - [TEST_STEP][PASSED] - click(findTestObject("OCS-DESKTOP/Product page/Swatch_1g")): Object: 'Object Repository/OCS-DESKTOP/Product page/Swatch_1g' is clicked on

2019-06-28 22:51:09 - [MESSAGE][PASSED] - Object: 'Object Repository/OCS-DESKTOP/Product page/Swatch_1g' is clicked on

2019-06-28 22:51:09 - [TEST_STEP][PASSED] - delay(2): Delayed 2 second(s)

2019-06-28 22:51:11 - [MESSAGE][PASSED] - Delayed 2 second(s)

2019-06-28 22:51:11 - [TEST_STEP][PASSED] - click(findTestObject("OCS-DESKTOP/Product page/Add to Bag-button")): Object: 'Object Repository/OCS-DESKTOP/Product page/Add to Bag-button' is clicked on

2019-06-28 22:51:11 - [MESSAGE][PASSED] - Object: 'Object Repository/OCS-DESKTOP/Product page/Add to Bag-button' is clicked on

2019-06-28 22:51:11 - [TEST_STEP][PASSED] - delay(1): Delayed 1 second(s)

2019-06-28 22:51:12 - [MESSAGE][PASSED] - Delayed 1 second(s)

2019-06-28 22:51:12 - [TEST_STEP][PASSED] - delay(1): Delayed 1 second(s)

2019-06-28 22:51:13 - [MESSAGE][PASSED] - Delayed 1 second(s)

2019-06-28 22:51:13 - [TEST_STEP][PASSED] - mouseOver(findTestObject("OCS-DESKTOP/Cart flyout/tool tip - TOP")): Object: 'Object Repository/OCS-DESKTOP/Cart flyout/tool tip - TOP' is hovered

2019-06-28 22:51:13 - [MESSAGE][PASSED] - Object: 'Object Repository/OCS-DESKTOP/Cart flyout/tool tip - TOP' is hovered

2019-06-28 22:51:13 - [TEST_STEP][PASSED] - delay(3): Delayed 3 second(s)

2019-06-28 22:51:16 - [MESSAGE][PASSED] - Delayed 3 second(s)

2019-06-28 22:51:16 - [TEST_STEP][PASSED] - delay(2): Delayed 2 second(s)

2019-06-28 22:51:18 - [MESSAGE][PASSED] - Delayed 2 second(s)

2019-06-28 22:51:18 - [TEST_STEP][PASSED] - mouseOver(findTestObject("OCS-DESKTOP/Cart flyout/tool tip -DOWN")): Object: 'Object Repository/OCS-DESKTOP/Cart flyout/tool tip -DOWN' is hovered

2019-06-28 22:51:18 - [MESSAGE][PASSED] - Object: 'Object Repository/OCS-DESKTOP/Cart flyout/tool tip -DOWN' is hovered]]></system-out>
         <system-err><![CDATA[]]></system-err>
      </testcase>
      <testcase name="Test Cases/OCS - DESKTOP/OCS- CRITICAL PATH - FRENCH/Checkout - Customer info page - fr" classname="Test Cases/OCS - DESKTOP/OCS- CRITICAL PATH - FRENCH/Checkout - Customer info page - fr" status="FAILED">
         <failure type="FAILED" message="Test Cases/OCS - DESKTOP/OCS- CRITICAL PATH - FRENCH/Checkout - Customer info page - fr FAILED.
Reason:
com.kms.katalon.core.exception.StepFailedException: Unable to set text 'suman.kompelly@diffagency.com' of object 'Object Repository/OCS-DESKTOP/Customer info page/input_Email' (Root cause: com.kms.katalon.core.webui.exception.WebElementNotFoundException: Web element with id: 'Object Repository/OCS-DESKTOP/Customer info page/input_Email' located by 'By.xpath: //*[@id=&quot;checkout_email&quot;][count(. | //input[@placeholder = 'Email']) = count(//input[@placeholder = 'Email'])]' not found)
	at com.kms.katalon.core.keyword.internal.KeywordMain.stepFailed(KeywordMain.groovy:36)
	at com.kms.katalon.core.webui.keyword.internal.WebUIKeywordMain.stepFailed(WebUIKeywordMain.groovy:65)
	at com.kms.katalon.core.webui.keyword.internal.WebUIKeywordMain.runKeyword(WebUIKeywordMain.groovy:27)
	at com.kms.katalon.core.webui.keyword.builtin.SetTextKeyword.setText(SetTextKeyword.groovy:65)
	at com.kms.katalon.core.webui.keyword.builtin.SetTextKeyword.execute(SetTextKeyword.groovy:37)
	at com.kms.katalon.core.keyword.internal.KeywordExecutor.executeKeywordForPlatform(KeywordExecutor.groovy:53)
	at com.kms.katalon.core.webui.keyword.WebUiBuiltInKeywords.setText(WebUiBuiltInKeywords.groovy:950)
	at com.kms.katalon.core.webui.keyword.WebUiBuiltInKeywords$setText$7.call(Unknown Source)
	at Checkout - Customer info page - fr.run(Checkout - Customer info page - fr:129)
	at com.kms.katalon.core.main.ScriptEngine.run(ScriptEngine.java:194)
	at com.kms.katalon.core.main.ScriptEngine.runScriptAsRawText(ScriptEngine.java:119)
	at com.kms.katalon.core.main.TestCaseExecutor.runScript(TestCaseExecutor.java:328)
	at com.kms.katalon.core.main.TestCaseExecutor.doExecute(TestCaseExecutor.java:319)
	at com.kms.katalon.core.main.TestCaseExecutor.processExecutionPhase(TestCaseExecutor.java:298)
	at com.kms.katalon.core.main.TestCaseExecutor.accessMainPhase(TestCaseExecutor.java:290)
	at com.kms.katalon.core.main.TestCaseExecutor.execute(TestCaseExecutor.java:224)
	at com.kms.katalon.core.main.TestSuiteExecutor.accessTestCaseMainPhase(TestSuiteExecutor.java:129)
	at com.kms.katalon.core.main.TestSuiteExecutor.accessTestSuiteMainPhase(TestSuiteExecutor.java:112)
	at com.kms.katalon.core.main.TestSuiteExecutor.execute(TestSuiteExecutor.java:81)
	at com.kms.katalon.core.main.TestCaseMain.startTestSuite(TestCaseMain.java:149)
	at com.kms.katalon.core.main.TestCaseMain$startTestSuite$0.call(Unknown Source)
	at TempTestSuite1561776273795.run(TempTestSuite1561776273795.groovy:36)
"/>
         <system-out><![CDATA[2019-06-28 22:51:18 - [TEST_CASE][FAILED] - Test Cases/OCS - DESKTOP/OCS- CRITICAL PATH - FRENCH/Checkout - Customer info page - fr: Test Cases/OCS - DESKTOP/OCS- CRITICAL PATH - FRENCH/Checkout - Customer info page - fr FAILED.
Reason:
com.kms.katalon.core.exception.StepFailedException: Unable to set text 'suman.kompelly@diffagency.com' of object 'Object Repository/OCS-DESKTOP/Customer info page/input_Email' (Root cause: com.kms.katalon.core.webui.exception.WebElementNotFoundException: Web element with id: 'Object Repository/OCS-DESKTOP/Customer info page/input_Email' located by 'By.xpath: //*[@id="checkout_email"][count(. | //input[@placeholder = 'Email']) = count(//input[@placeholder = 'Email'])]' not found)
	at com.kms.katalon.core.keyword.internal.KeywordMain.stepFailed(KeywordMain.groovy:36)
	at com.kms.katalon.core.webui.keyword.internal.WebUIKeywordMain.stepFailed(WebUIKeywordMain.groovy:65)
	at com.kms.katalon.core.webui.keyword.internal.WebUIKeywordMain.runKeyword(WebUIKeywordMain.groovy:27)
	at com.kms.katalon.core.webui.keyword.builtin.SetTextKeyword.setText(SetTextKeyword.groovy:65)
	at com.kms.katalon.core.webui.keyword.builtin.SetTextKeyword.execute(SetTextKeyword.groovy:37)
	at com.kms.katalon.core.keyword.internal.KeywordExecutor.executeKeywordForPlatform(KeywordExecutor.groovy:53)
	at com.kms.katalon.core.webui.keyword.WebUiBuiltInKeywords.setText(WebUiBuiltInKeywords.groovy:950)
	at com.kms.katalon.core.webui.keyword.WebUiBuiltInKeywords$setText$7.call(Unknown Source)
	at Checkout - Customer info page - fr.run(Checkout - Customer info page - fr:129)
	at com.kms.katalon.core.main.ScriptEngine.run(ScriptEngine.java:194)
	at com.kms.katalon.core.main.ScriptEngine.runScriptAsRawText(ScriptEngine.java:119)
	at com.kms.katalon.core.main.TestCaseExecutor.runScript(TestCaseExecutor.java:328)
	at com.kms.katalon.core.main.TestCaseExecutor.doExecute(TestCaseExecutor.java:319)
	at com.kms.katalon.core.main.TestCaseExecutor.processExecutionPhase(TestCaseExecutor.java:298)
	at com.kms.katalon.core.main.TestCaseExecutor.accessMainPhase(TestCaseExecutor.java:290)
	at com.kms.katalon.core.main.TestCaseExecutor.execute(TestCaseExecutor.java:224)
	at com.kms.katalon.core.main.TestSuiteExecutor.accessTestCaseMainPhase(TestSuiteExecutor.java:129)
	at com.kms.katalon.core.main.TestSuiteExecutor.accessTestSuiteMainPhase(TestSuiteExecutor.java:112)
	at com.kms.katalon.core.main.TestSuiteExecutor.execute(TestSuiteExecutor.java:81)
	at com.kms.katalon.core.main.TestCaseMain.startTestSuite(TestCaseMain.java:149)
	at com.kms.katalon.core.main.TestCaseMain$startTestSuite$0.call(Unknown Source)
	at TempTestSuite1561776273795.run(TempTestSuite1561776273795.groovy:36)


2019-06-28 22:51:19 - [TEST_STEP][PASSED] - callTestCase(findTestCase("OCS - DESKTOP/CALL- Age gate"), [:], STOP_ON_FAILURE): Call Test Case 'Test Cases/OCS - DESKTOP/CALL- Age gate' successfully

2019-06-28 22:51:19 - [TEST_CASE][PASSED] - Test Cases/OCS - DESKTOP/CALL- Age gate: Test Cases/OCS - DESKTOP/CALL- Age gate

2019-06-28 22:51:19 - [TEST_STEP][PASSED] - openBrowser(""): Browser is opened with url: ''

2019-06-28 22:51:19 - [MESSAGE][WARNING] - A browser is already opened. Closing browser and opening a new one

2019-06-28 22:51:19 - [MESSAGE][INFO] - Starting 'Safari' driver

2019-06-28 22:51:20 - [MESSAGE][PASSED] - Browser is opened with url: ''

2019-06-28 22:51:20 - [TEST_STEP][PASSED] - navigateToUrl("ocs.ca"): Navigate to 'http://ocs.ca' successfully

2019-06-28 22:51:21 - [MESSAGE][PASSED] - Navigate to 'http://ocs.ca' successfully

2019-06-28 22:51:21 - [TEST_STEP][PASSED] - maximizeWindow(): Current window maximized

2019-06-28 22:51:21 - [MESSAGE][PASSED] - Current window maximized

2019-06-28 22:51:21 - [TEST_STEP][PASSED] - delay(2): Delayed 2 second(s)

2019-06-28 22:51:23 - [MESSAGE][PASSED] - Delayed 2 second(s)

2019-06-28 22:51:23 - [TEST_STEP][NOT_RUN] - executeJavaScript("var previewBar = document.getElementById("preview-bar-iframe"); previewBar.style.display = "none";", []): NOT_RUN: executeJavaScript("var previewBar = document.getElementById("preview-bar-iframe"); previewBar.style.display = "none";", [])

2019-06-28 22:51:23 - [MESSAGE][NOT_RUN] - NOT_RUN: executeJavaScript("var previewBar = document.getElementById("preview-bar-iframe"); previewBar.style.display = "none";", [])

2019-06-28 22:51:23 - [TEST_STEP][PASSED] - selectOptionByValue(findTestObject("OCS-DESKTOP/Age gate and Mega menu/Date"), "12", true): All options with value '12' are selected in object 'Object Repository/OCS-DESKTOP/Age gate and Mega menu/Date'  using regular expression

2019-06-28 22:51:24 - [MESSAGE][PASSED] - All options with value '12' are selected in object 'Object Repository/OCS-DESKTOP/Age gate and Mega menu/Date'  using regular expression

2019-06-28 22:51:24 - [TEST_STEP][PASSED] - selectOptionByValue(findTestObject("OCS-DESKTOP/Age gate and Mega menu/month"), "6", true): All options with value '6' are selected in object 'Object Repository/OCS-DESKTOP/Age gate and Mega menu/month'  using regular expression

2019-06-28 22:51:24 - [MESSAGE][PASSED] - All options with value '6' are selected in object 'Object Repository/OCS-DESKTOP/Age gate and Mega menu/month'  using regular expression

2019-06-28 22:51:24 - [TEST_STEP][PASSED] - delay(2): Delayed 2 second(s)

2019-06-28 22:51:26 - [MESSAGE][PASSED] - Delayed 2 second(s)

2019-06-28 22:51:26 - [TEST_STEP][PASSED] - selectOptionByValue(findTestObject("OCS-DESKTOP/Age gate and Mega menu/Year Dropdown"), "1990", true): All options with value '1990' are selected in object 'Object Repository/OCS-DESKTOP/Age gate and Mega menu/Year Dropdown'  using regular expression

2019-06-28 22:51:28 - [MESSAGE][PASSED] - All options with value '1990' are selected in object 'Object Repository/OCS-DESKTOP/Age gate and Mega menu/Year Dropdown'  using regular expression

2019-06-28 22:51:28 - [TEST_STEP][PASSED] - click(findTestObject("OCS-DESKTOP/Age gate and Mega menu/button_Verify")): Object: 'Object Repository/OCS-DESKTOP/Age gate and Mega menu/button_Verify' is clicked on

2019-06-28 22:51:28 - [MESSAGE][PASSED] - Object: 'Object Repository/OCS-DESKTOP/Age gate and Mega menu/button_Verify' is clicked on

2019-06-28 22:51:28 - [TEST_STEP][PASSED] - click(findTestObject("OCS-DESKTOP/Age gate and Mega menu/Checkbox_CONFIRM AND ACKNOWLEDGE")): Object: 'Object Repository/OCS-DESKTOP/Age gate and Mega menu/Checkbox_CONFIRM AND ACKNOWLEDGE' is clicked on

2019-06-28 22:51:28 - [MESSAGE][PASSED] - Object: 'Object Repository/OCS-DESKTOP/Age gate and Mega menu/Checkbox_CONFIRM AND ACKNOWLEDGE' is clicked on

2019-06-28 22:51:28 - [TEST_STEP][PASSED] - click(findTestObject("OCS-DESKTOP/Age gate and Mega menu/button_CONFIRM")): Object: 'Object Repository/OCS-DESKTOP/Age gate and Mega menu/button_CONFIRM' is clicked on

2019-06-28 22:51:28 - [MESSAGE][PASSED] - Object: 'Object Repository/OCS-DESKTOP/Age gate and Mega menu/button_CONFIRM' is clicked on

2019-06-28 22:51:28 - [TEST_STEP][PASSED] - click(findTestObject("OCS-DESKTOP/Age gate and Mega menu/button_Start Browsing")): Object: 'Object Repository/OCS-DESKTOP/Age gate and Mega menu/button_Start Browsing' is clicked on

2019-06-28 22:51:28 - [MESSAGE][PASSED] - Object: 'Object Repository/OCS-DESKTOP/Age gate and Mega menu/button_Start Browsing' is clicked on

2019-06-28 22:51:28 - [TEST_STEP][PASSED] - delay(2): Delayed 2 second(s)

2019-06-28 22:51:30 - [MESSAGE][PASSED] - Delayed 2 second(s)

2019-06-28 22:51:30 - [TEST_STEP][PASSED] - refresh(): Refresh successfully

2019-06-28 22:51:30 - [MESSAGE][PASSED] - Refresh successfully

2019-06-28 22:51:30 - [MESSAGE][PASSED] - Call Test Case 'Test Cases/OCS - DESKTOP/CALL- Age gate' successfully

2019-06-28 22:51:31 - [TEST_STEP][PASSED] - delay(2): Delayed 2 second(s)

2019-06-28 22:51:33 - [MESSAGE][PASSED] - Delayed 2 second(s)

2019-06-28 22:51:33 - [TEST_STEP][PASSED] - callTestCase(findTestCase("OCS - DESKTOP/CALL - TOGGLING LANGUAGE"), [:], STOP_ON_FAILURE): Call Test Case 'Test Cases/OCS - DESKTOP/CALL - TOGGLING LANGUAGE' successfully

2019-06-28 22:51:33 - [TEST_CASE][PASSED] - Test Cases/OCS - DESKTOP/CALL - TOGGLING LANGUAGE: Test Cases/OCS - DESKTOP/CALL - TOGGLING LANGUAGE

2019-06-28 22:51:33 - [TEST_STEP][PASSED] - delay(2): Delayed 2 second(s)

2019-06-28 22:51:35 - [MESSAGE][PASSED] - Delayed 2 second(s)

2019-06-28 22:51:35 - [TEST_STEP][PASSED] - click(findTestObject("OCS-DESKTOP/Cart flyout/English dropdown")): Object: 'Object Repository/OCS-DESKTOP/Cart flyout/English dropdown' is clicked on

2019-06-28 22:51:35 - [MESSAGE][PASSED] - Object: 'Object Repository/OCS-DESKTOP/Cart flyout/English dropdown' is clicked on

2019-06-28 22:51:35 - [TEST_STEP][PASSED] - delay(2): Delayed 2 second(s)

2019-06-28 22:51:37 - [MESSAGE][PASSED] - Delayed 2 second(s)

2019-06-28 22:51:37 - [TEST_STEP][PASSED] - click(findTestObject("OCS-DESKTOP/Cart flyout/Select French")): Object: 'Object Repository/OCS-DESKTOP/Cart flyout/Select French' is clicked on

2019-06-28 22:51:37 - [MESSAGE][PASSED] - Object: 'Object Repository/OCS-DESKTOP/Cart flyout/Select French' is clicked on

2019-06-28 22:51:37 - [TEST_STEP][PASSED] - delay(5): Delayed 5 second(s)

2019-06-28 22:51:42 - [MESSAGE][PASSED] - Delayed 5 second(s)

2019-06-28 22:51:42 - [TEST_STEP][PASSED] - e = getWindowTitle(): Current window's title is: 'Magasin de Cannabis de l'Ontario | Ontario Cannabis Store'

2019-06-28 22:51:42 - [MESSAGE][PASSED] - Current window's title is: 'Magasin de Cannabis de l'Ontario | Ontario Cannabis Store'

2019-06-28 22:51:42 - [MESSAGE][PASSED] - Call Test Case 'Test Cases/OCS - DESKTOP/CALL - TOGGLING LANGUAGE' successfully

2019-06-28 22:51:42 - [TEST_STEP][PASSED] - click(findTestObject("OCS-DESKTOP/Age gate and Mega menu/Header/CANNABIS menu - English")): Object: 'Object Repository/OCS-DESKTOP/Age gate and Mega menu/Header/CANNABIS menu - English' is clicked on

2019-06-28 22:51:42 - [MESSAGE][PASSED] - Object: 'Object Repository/OCS-DESKTOP/Age gate and Mega menu/Header/CANNABIS menu - English' is clicked on

2019-06-28 22:51:42 - [TEST_STEP][PASSED] - delay(2): Delayed 2 second(s)

2019-06-28 22:51:44 - [MESSAGE][PASSED] - Delayed 2 second(s)

2019-06-28 22:51:44 - [TEST_STEP][NOT_RUN] - executeJavaScript("var previewBar = document.getElementById("preview-bar-iframe"); previewBar.style.display = "none";", []): NOT_RUN: executeJavaScript("var previewBar = document.getElementById("preview-bar-iframe"); previewBar.style.display = "none";", [])

2019-06-28 22:51:44 - [MESSAGE][NOT_RUN] - NOT_RUN: executeJavaScript("var previewBar = document.getElementById("preview-bar-iframe"); previewBar.style.display = "none";", [])

2019-06-28 22:51:44 - [TEST_STEP][PASSED] - click(findTestObject("OCS-DESKTOP/Age gate and Mega menu/Indica Dominant_Menu item")): Object: 'Object Repository/OCS-DESKTOP/Age gate and Mega menu/Indica Dominant_Menu item' is clicked on

2019-06-28 22:51:46 - [MESSAGE][PASSED] - Object: 'Object Repository/OCS-DESKTOP/Age gate and Mega menu/Indica Dominant_Menu item' is clicked on

2019-06-28 22:51:46 - [TEST_STEP][NOT_RUN] - executeJavaScript("var previewBar = document.getElementById("preview-bar-iframe"); previewBar.style.display = "none";", []): NOT_RUN: executeJavaScript("var previewBar = document.getElementById("preview-bar-iframe"); previewBar.style.display = "none";", [])

2019-06-28 22:51:46 - [MESSAGE][NOT_RUN] - NOT_RUN: executeJavaScript("var previewBar = document.getElementById("preview-bar-iframe"); previewBar.style.display = "none";", [])

2019-06-28 22:51:46 - [TEST_STEP][PASSED] - delay(2): Delayed 2 second(s)

2019-06-28 22:51:48 - [MESSAGE][PASSED] - Delayed 2 second(s)

2019-06-28 22:51:48 - [TEST_STEP][PASSED] - click(findTestObject("FRENCH/Product image - 1st one")): Object: 'Object Repository/FRENCH/Product image - 1st one' is clicked on

2019-06-28 22:51:52 - [MESSAGE][PASSED] - Object: 'Object Repository/FRENCH/Product image - 1st one' is clicked on

2019-06-28 22:51:52 - [TEST_STEP][NOT_RUN] - executeJavaScript("var previewBar = document.getElementById("preview-bar-iframe"); previewBar.style.display = "none";", []): NOT_RUN: executeJavaScript("var previewBar = document.getElementById("preview-bar-iframe"); previewBar.style.display = "none";", [])

2019-06-28 22:51:52 - [MESSAGE][NOT_RUN] - NOT_RUN: executeJavaScript("var previewBar = document.getElementById("preview-bar-iframe"); previewBar.style.display = "none";", [])

2019-06-28 22:51:52 - [TEST_STEP][PASSED] - delay(1): Delayed 1 second(s)

2019-06-28 22:51:53 - [MESSAGE][PASSED] - Delayed 1 second(s)

2019-06-28 22:51:53 - [TEST_STEP][PASSED] - delay(3): Delayed 3 second(s)

2019-06-28 22:51:56 - [MESSAGE][PASSED] - Delayed 3 second(s)

2019-06-28 22:51:56 - [TEST_STEP][PASSED] - click(findTestObject("OCS-DESKTOP/Product page/Swatch_1g")): Object: 'Object Repository/OCS-DESKTOP/Product page/Swatch_1g' is clicked on

2019-06-28 22:51:56 - [MESSAGE][PASSED] - Object: 'Object Repository/OCS-DESKTOP/Product page/Swatch_1g' is clicked on

2019-06-28 22:51:56 - [TEST_STEP][PASSED] - delay(2): Delayed 2 second(s)

2019-06-28 22:51:58 - [MESSAGE][PASSED] - Delayed 2 second(s)

2019-06-28 22:51:58 - [TEST_STEP][PASSED] - delay(2): Delayed 2 second(s)

2019-06-28 22:52:00 - [MESSAGE][PASSED] - Delayed 2 second(s)

2019-06-28 22:52:00 - [TEST_STEP][PASSED] - click(findTestObject("OCS-DESKTOP/Product page/Add to Bag-button")): Object: 'Object Repository/OCS-DESKTOP/Product page/Add to Bag-button' is clicked on

2019-06-28 22:52:00 - [MESSAGE][PASSED] - Object: 'Object Repository/OCS-DESKTOP/Product page/Add to Bag-button' is clicked on

2019-06-28 22:52:00 - [TEST_STEP][PASSED] - delay(1): Delayed 1 second(s)

2019-06-28 22:52:01 - [MESSAGE][PASSED] - Delayed 1 second(s)

2019-06-28 22:52:01 - [TEST_STEP][NOT_RUN] - click(findTestObject("OCS-DESKTOP/Home - page/Cart icon -bag")): NOT_RUN: click(findTestObject("OCS-DESKTOP/Home - page/Cart icon -bag"))

2019-06-28 22:52:01 - [MESSAGE][NOT_RUN] - NOT_RUN: click(findTestObject("OCS-DESKTOP/Home - page/Cart icon -bag"))

2019-06-28 22:52:01 - [TEST_STEP][PASSED] - delay(1): Delayed 1 second(s)

2019-06-28 22:52:02 - [MESSAGE][PASSED] - Delayed 1 second(s)

2019-06-28 22:52:02 - [TEST_STEP][PASSED] - click(findTestObject("OCS-DESKTOP/Cart flyout/Checkbox_I confirm that")): Object: 'Object Repository/OCS-DESKTOP/Cart flyout/Checkbox_I confirm that' is clicked on

2019-06-28 22:52:02 - [MESSAGE][PASSED] - Object: 'Object Repository/OCS-DESKTOP/Cart flyout/Checkbox_I confirm that' is clicked on

2019-06-28 22:52:02 - [TEST_STEP][PASSED] - delay(2): Delayed 2 second(s)

2019-06-28 22:52:04 - [MESSAGE][PASSED] - Delayed 2 second(s)

2019-06-28 22:52:04 - [TEST_STEP][PASSED] - click(findTestObject("OCS-DESKTOP/Cart flyout/Checkbox_Accept the Terms Condition")): Object: 'Object Repository/OCS-DESKTOP/Cart flyout/Checkbox_Accept the Terms Condition' is clicked on

2019-06-28 22:52:04 - [MESSAGE][PASSED] - Object: 'Object Repository/OCS-DESKTOP/Cart flyout/Checkbox_Accept the Terms Condition' is clicked on

2019-06-28 22:52:04 - [TEST_STEP][PASSED] - delay(1): Delayed 1 second(s)

2019-06-28 22:52:05 - [MESSAGE][PASSED] - Delayed 1 second(s)

2019-06-28 22:52:05 - [TEST_STEP][PASSED] - click(findTestObject("OCS-DESKTOP/Cart flyout/Checkout - Button")): Object: 'Object Repository/OCS-DESKTOP/Cart flyout/Checkout - Button' is clicked on

2019-06-28 22:53:27 - [MESSAGE][PASSED] - Object: 'Object Repository/OCS-DESKTOP/Cart flyout/Checkout - Button' is clicked on

2019-06-28 22:53:27 - [TEST_STEP][PASSED] - delay(2): Delayed 2 second(s)

2019-06-28 22:53:29 - [MESSAGE][PASSED] - Delayed 2 second(s)

2019-06-28 22:53:29 - [TEST_STEP][NOT_RUN] - executeJavaScript("var previewBar = document.getElementById("preview-bar-iframe"); previewBar.style.display = "none";", []): NOT_RUN: executeJavaScript("var previewBar = document.getElementById("preview-bar-iframe"); previewBar.style.display = "none";", [])

2019-06-28 22:53:29 - [MESSAGE][NOT_RUN] - NOT_RUN: executeJavaScript("var previewBar = document.getElementById("preview-bar-iframe"); previewBar.style.display = "none";", [])

2019-06-28 22:53:29 - [TEST_STEP][PASSED] - delay(2): Delayed 2 second(s)

2019-06-28 22:53:31 - [MESSAGE][PASSED] - Delayed 2 second(s)

2019-06-28 22:53:31 - [TEST_STEP][PASSED] - setText(findTestObject("Object Repository/Page_Ontario Cannabis Store - Infor/input_Adresse e-mail_checkoute"), "suman@gmail.com"): Text 'suman@gmail.com' is set on object 'Object Repository/Page_Ontario Cannabis Store - Infor/input_Adresse e-mail_checkoute'

2019-06-28 22:53:32 - [MESSAGE][PASSED] - Text 'suman@gmail.com' is set on object 'Object Repository/Page_Ontario Cannabis Store - Infor/input_Adresse e-mail_checkoute'

2019-06-28 22:53:32 - [TEST_STEP][PASSED] - setText(findTestObject("Object Repository/Page_Ontario Cannabis Store - Infor/input_Prnom_checkoutshipping_a"), "suman"): Text 'suman' is set on object 'Object Repository/Page_Ontario Cannabis Store - Infor/input_Prnom_checkoutshipping_a'

2019-06-28 22:53:32 - [MESSAGE][PASSED] - Text 'suman' is set on object 'Object Repository/Page_Ontario Cannabis Store - Infor/input_Prnom_checkoutshipping_a'

2019-06-28 22:53:32 - [TEST_STEP][PASSED] - setText(findTestObject("Object Repository/Page_Ontario Cannabis Store - Infor/input_Nom_checkoutshipping_add"), "kompelly"): Text 'kompelly' is set on object 'Object Repository/Page_Ontario Cannabis Store - Infor/input_Nom_checkoutshipping_add'

2019-06-28 22:53:32 - [MESSAGE][PASSED] - Text 'kompelly' is set on object 'Object Repository/Page_Ontario Cannabis Store - Infor/input_Nom_checkoutshipping_add'

2019-06-28 22:53:32 - [TEST_STEP][PASSED] - setText(findTestObject("Object Repository/Page_Ontario Cannabis Store - Infor/input_Adresse_checkoutshipping"), "123 test"): Text '123 test' is set on object 'Object Repository/Page_Ontario Cannabis Store - Infor/input_Adresse_checkoutshipping'

2019-06-28 22:53:32 - [MESSAGE][PASSED] - Text '123 test' is set on object 'Object Repository/Page_Ontario Cannabis Store - Infor/input_Adresse_checkoutshipping'

2019-06-28 22:53:32 - [TEST_STEP][PASSED] - setText(findTestObject("Object Repository/Page_Ontario Cannabis Store - Infor/input_Appartement suite etc. ("), "123"): Text '123' is set on object 'Object Repository/Page_Ontario Cannabis Store - Infor/input_Appartement suite etc. ('

2019-06-28 22:53:32 - [MESSAGE][PASSED] - Text '123' is set on object 'Object Repository/Page_Ontario Cannabis Store - Infor/input_Appartement suite etc. ('

2019-06-28 22:53:32 - [TEST_STEP][PASSED] - setText(findTestObject("Object Repository/Page_Ontario Cannabis Store - Infor/input_Ville_checkoutshipping_a"), "montreal"): Text 'montreal' is set on object 'Object Repository/Page_Ontario Cannabis Store - Infor/input_Ville_checkoutshipping_a'

2019-06-28 22:53:33 - [MESSAGE][PASSED] - Text 'montreal' is set on object 'Object Repository/Page_Ontario Cannabis Store - Infor/input_Ville_checkoutshipping_a'

2019-06-28 22:53:33 - [TEST_STEP][PASSED] - setText(findTestObject("Object Repository/Page_Ontario Cannabis Store - Infor/input_Code postal_checkoutship"), "n0r1k0"): Text 'n0r1k0' is set on object 'Object Repository/Page_Ontario Cannabis Store - Infor/input_Code postal_checkoutship'

2019-06-28 22:53:33 - [MESSAGE][PASSED] - Text 'n0r1k0' is set on object 'Object Repository/Page_Ontario Cannabis Store - Infor/input_Code postal_checkoutship'

2019-06-28 22:53:33 - [TEST_STEP][PASSED] - setText(findTestObject("Object Repository/Page_Ontario Cannabis Store - Infor/input_Tlphone_checkoutshipping"), "514-449-3883"): Text '514-449-3883' is set on object 'Object Repository/Page_Ontario Cannabis Store - Infor/input_Tlphone_checkoutshipping'

2019-06-28 22:53:33 - [MESSAGE][PASSED] - Text '514-449-3883' is set on object 'Object Repository/Page_Ontario Cannabis Store - Infor/input_Tlphone_checkoutshipping'

2019-06-28 22:53:33 - [TEST_STEP][PASSED] - delay(2): Delayed 2 second(s)

2019-06-28 22:53:35 - [MESSAGE][PASSED] - Delayed 2 second(s)

2019-06-28 22:53:35 - [TEST_STEP][PASSED] - click(findTestObject("OCS-DESKTOP/Customer info page/Return to Cart - Link")): Object: 'Object Repository/OCS-DESKTOP/Customer info page/Return to Cart - Link' is clicked on

2019-06-28 22:53:35 - [MESSAGE][PASSED] - Object: 'Object Repository/OCS-DESKTOP/Customer info page/Return to Cart - Link' is clicked on

2019-06-28 22:53:35 - [TEST_STEP][PASSED] - delay(2): Delayed 2 second(s)

2019-06-28 22:53:37 - [MESSAGE][PASSED] - Delayed 2 second(s)

2019-06-28 22:53:37 - [TEST_STEP][PASSED] - click(findTestObject("OCS-DESKTOP/Cart page/cart page-Checkbox_I confirm that")): Object: 'Object Repository/OCS-DESKTOP/Cart page/cart page-Checkbox_I confirm that' is clicked on

2019-06-28 22:53:37 - [MESSAGE][PASSED] - Object: 'Object Repository/OCS-DESKTOP/Cart page/cart page-Checkbox_I confirm that' is clicked on

2019-06-28 22:53:37 - [TEST_STEP][PASSED] - delay(2): Delayed 2 second(s)

2019-06-28 22:53:39 - [MESSAGE][PASSED] - Delayed 2 second(s)

2019-06-28 22:53:39 - [TEST_STEP][PASSED] - click(findTestObject("OCS-DESKTOP/Cart page/cart page - Checkbox_Accept the Terms Condition")): Object: 'Object Repository/OCS-DESKTOP/Cart page/cart page - Checkbox_Accept the Terms Condition' is clicked on

2019-06-28 22:53:39 - [MESSAGE][PASSED] - Object: 'Object Repository/OCS-DESKTOP/Cart page/cart page - Checkbox_Accept the Terms Condition' is clicked on

2019-06-28 22:53:39 - [TEST_STEP][PASSED] - delay(1): Delayed 1 second(s)

2019-06-28 22:53:40 - [MESSAGE][PASSED] - Delayed 1 second(s)

2019-06-28 22:53:40 - [TEST_STEP][PASSED] - click(findTestObject("FRENCH/Cart page -checkout button")): Object: 'Object Repository/FRENCH/Cart page -checkout button' is clicked on

2019-06-28 22:53:42 - [MESSAGE][PASSED] - Object: 'Object Repository/FRENCH/Cart page -checkout button' is clicked on

2019-06-28 22:53:42 - [TEST_STEP][PASSED] - delay(1): Delayed 1 second(s)

2019-06-28 22:53:43 - [MESSAGE][PASSED] - Delayed 1 second(s)

2019-06-28 22:53:43 - [TEST_STEP][PASSED] - click(findTestObject("OCS-DESKTOP/Customer info page/Cart - Breadcrumb link")): Object: 'Object Repository/OCS-DESKTOP/Customer info page/Cart - Breadcrumb link' is clicked on

2019-06-28 22:53:44 - [MESSAGE][PASSED] - Object: 'Object Repository/OCS-DESKTOP/Customer info page/Cart - Breadcrumb link' is clicked on

2019-06-28 22:53:44 - [TEST_STEP][PASSED] - delay(2): Delayed 2 second(s)

2019-06-28 22:53:46 - [MESSAGE][PASSED] - Delayed 2 second(s)

2019-06-28 22:53:46 - [TEST_STEP][PASSED] - click(findTestObject("OCS-DESKTOP/Cart page/cart page-Checkbox_I confirm that")): Object: 'Object Repository/OCS-DESKTOP/Cart page/cart page-Checkbox_I confirm that' is clicked on

2019-06-28 22:53:46 - [MESSAGE][PASSED] - Object: 'Object Repository/OCS-DESKTOP/Cart page/cart page-Checkbox_I confirm that' is clicked on

2019-06-28 22:53:46 - [TEST_STEP][PASSED] - delay(2): Delayed 2 second(s)

2019-06-28 22:53:48 - [MESSAGE][PASSED] - Delayed 2 second(s)

2019-06-28 22:53:48 - [TEST_STEP][PASSED] - click(findTestObject("OCS-DESKTOP/Cart page/cart page - Checkbox_Accept the Terms Condition")): Object: 'Object Repository/OCS-DESKTOP/Cart page/cart page - Checkbox_Accept the Terms Condition' is clicked on

2019-06-28 22:53:48 - [MESSAGE][PASSED] - Object: 'Object Repository/OCS-DESKTOP/Cart page/cart page - Checkbox_Accept the Terms Condition' is clicked on

2019-06-28 22:53:48 - [TEST_STEP][PASSED] - delay(1): Delayed 1 second(s)

2019-06-28 22:53:49 - [MESSAGE][PASSED] - Delayed 1 second(s)

2019-06-28 22:53:49 - [TEST_STEP][PASSED] - click(findTestObject("FRENCH/Cart page -checkout button")): Object: 'Object Repository/FRENCH/Cart page -checkout button' is clicked on

2019-06-28 22:53:50 - [MESSAGE][PASSED] - Object: 'Object Repository/FRENCH/Cart page -checkout button' is clicked on

2019-06-28 22:53:50 - [TEST_STEP][NOT_RUN] - executeJavaScript("var previewBar = document.getElementById("preview-bar-iframe"); previewBar.style.display = "none";", []): NOT_RUN: executeJavaScript("var previewBar = document.getElementById("preview-bar-iframe"); previewBar.style.display = "none";", [])

2019-06-28 22:53:50 - [MESSAGE][NOT_RUN] - NOT_RUN: executeJavaScript("var previewBar = document.getElementById("preview-bar-iframe"); previewBar.style.display = "none";", [])

2019-06-28 22:53:50 - [TEST_STEP][PASSED] - delay(2): Delayed 2 second(s)

2019-06-28 22:53:52 - [MESSAGE][PASSED] - Delayed 2 second(s)

2019-06-28 22:53:52 - [TEST_STEP][FAILED] - setText(findTestObject("OCS-DESKTOP/Customer info page/input_Email"), "suman.kompelly@diffagency.com"): setText(findTestObject("OCS-DESKTOP/Customer info page/input_Email"), "suman.kompelly@diffagency.com") FAILED.
Reason:
com.kms.katalon.core.exception.StepFailedException: Unable to set text 'suman.kompelly@diffagency.com' of object 'Object Repository/OCS-DESKTOP/Customer info page/input_Email' (Root cause: com.kms.katalon.core.webui.exception.WebElementNotFoundException: Web element with id: 'Object Repository/OCS-DESKTOP/Customer info page/input_Email' located by 'By.xpath: //*[@id="checkout_email"][count(. | //input[@placeholder = 'Email']) = count(//input[@placeholder = 'Email'])]' not found)
	at com.kms.katalon.core.keyword.internal.KeywordMain.stepFailed(KeywordMain.groovy:36)
	at com.kms.katalon.core.webui.keyword.internal.WebUIKeywordMain.stepFailed(WebUIKeywordMain.groovy:65)
	at com.kms.katalon.core.webui.keyword.internal.WebUIKeywordMain.runKeyword(WebUIKeywordMain.groovy:27)
	at com.kms.katalon.core.webui.keyword.builtin.SetTextKeyword.setText(SetTextKeyword.groovy:65)
	at com.kms.katalon.core.webui.keyword.builtin.SetTextKeyword.execute(SetTextKeyword.groovy:37)
	at com.kms.katalon.core.keyword.internal.KeywordExecutor.executeKeywordForPlatform(KeywordExecutor.groovy:53)
	at com.kms.katalon.core.webui.keyword.WebUiBuiltInKeywords.setText(WebUiBuiltInKeywords.groovy:950)
	at com.kms.katalon.core.webui.keyword.WebUiBuiltInKeywords$setText$7.call(Unknown Source)
	at Checkout - Customer info page - fr.run(Checkout - Customer info page - fr:129)
	at com.kms.katalon.core.main.ScriptEngine.run(ScriptEngine.java:194)
	at com.kms.katalon.core.main.ScriptEngine.runScriptAsRawText(ScriptEngine.java:119)
	at com.kms.katalon.core.main.TestCaseExecutor.runScript(TestCaseExecutor.java:328)
	at com.kms.katalon.core.main.TestCaseExecutor.doExecute(TestCaseExecutor.java:319)
	at com.kms.katalon.core.main.TestCaseExecutor.processExecutionPhase(TestCaseExecutor.java:298)
	at com.kms.katalon.core.main.TestCaseExecutor.accessMainPhase(TestCaseExecutor.java:290)
	at com.kms.katalon.core.main.TestCaseExecutor.execute(TestCaseExecutor.java:224)
	at com.kms.katalon.core.main.TestSuiteExecutor.accessTestCaseMainPhase(TestSuiteExecutor.java:129)
	at com.kms.katalon.core.main.TestSuiteExecutor.accessTestSuiteMainPhase(TestSuiteExecutor.java:112)
	at com.kms.katalon.core.main.TestSuiteExecutor.execute(TestSuiteExecutor.java:81)
	at com.kms.katalon.core.main.TestCaseMain.startTestSuite(TestCaseMain.java:149)
	at com.kms.katalon.core.main.TestCaseMain$startTestSuite$0.call(Unknown Source)
	at TempTestSuite1561776273795.run(TempTestSuite1561776273795.groovy:36)


2019-06-28 22:54:23 - [MESSAGE][INFO] - Unable to find the element located by 'By.xpath: //*[@id="checkout_email"][count(. | //input[@placeholder = 'Email']) = count(//input[@placeholder = 'Email'])]'. Please recheck the objects properties to make sure the desired element is located. 

2019-06-28 22:54:23 - [MESSAGE][FAILED] - Unable to set text 'suman.kompelly@diffagency.com' of object 'Object Repository/OCS-DESKTOP/Customer info page/input_Email' (Root cause: com.kms.katalon.core.webui.exception.WebElementNotFoundException: Web element with id: 'Object Repository/OCS-DESKTOP/Customer info page/input_Email' located by 'By.xpath: //*[@id="checkout_email"][count(. | //input[@placeholder = 'Email']) = count(//input[@placeholder = 'Email'])]' not found)
[[ATTACHMENT|/Users/sumankompelly/Relative xpath-Desktop/Reports/french/20190628_224433/1561776863439.png]]

2019-06-28 22:54:23 - [MESSAGE][FAILED] - setText(findTestObject("OCS-DESKTOP/Customer info page/input_Email"), "suman.kompelly@diffagency.com") FAILED.
Reason:
com.kms.katalon.core.exception.StepFailedException: Unable to set text 'suman.kompelly@diffagency.com' of object 'Object Repository/OCS-DESKTOP/Customer info page/input_Email' (Root cause: com.kms.katalon.core.webui.exception.WebElementNotFoundException: Web element with id: 'Object Repository/OCS-DESKTOP/Customer info page/input_Email' located by 'By.xpath: //*[@id="checkout_email"][count(. | //input[@placeholder = 'Email']) = count(//input[@placeholder = 'Email'])]' not found)
	at com.kms.katalon.core.keyword.internal.KeywordMain.stepFailed(KeywordMain.groovy:36)
	at com.kms.katalon.core.webui.keyword.internal.WebUIKeywordMain.stepFailed(WebUIKeywordMain.groovy:65)
	at com.kms.katalon.core.webui.keyword.internal.WebUIKeywordMain.runKeyword(WebUIKeywordMain.groovy:27)
	at com.kms.katalon.core.webui.keyword.builtin.SetTextKeyword.setText(SetTextKeyword.groovy:65)
	at com.kms.katalon.core.webui.keyword.builtin.SetTextKeyword.execute(SetTextKeyword.groovy:37)
	at com.kms.katalon.core.keyword.internal.KeywordExecutor.executeKeywordForPlatform(KeywordExecutor.groovy:53)
	at com.kms.katalon.core.webui.keyword.WebUiBuiltInKeywords.setText(WebUiBuiltInKeywords.groovy:950)
	at com.kms.katalon.core.webui.keyword.WebUiBuiltInKeywords$setText$7.call(Unknown Source)
	at Checkout - Customer info page - fr.run(Checkout - Customer info page - fr:129)
	at com.kms.katalon.core.main.ScriptEngine.run(ScriptEngine.java:194)
	at com.kms.katalon.core.main.ScriptEngine.runScriptAsRawText(ScriptEngine.java:119)
	at com.kms.katalon.core.main.TestCaseExecutor.runScript(TestCaseExecutor.java:328)
	at com.kms.katalon.core.main.TestCaseExecutor.doExecute(TestCaseExecutor.java:319)
	at com.kms.katalon.core.main.TestCaseExecutor.processExecutionPhase(TestCaseExecutor.java:298)
	at com.kms.katalon.core.main.TestCaseExecutor.accessMainPhase(TestCaseExecutor.java:290)
	at com.kms.katalon.core.main.TestCaseExecutor.execute(TestCaseExecutor.java:224)
	at com.kms.katalon.core.main.TestSuiteExecutor.accessTestCaseMainPhase(TestSuiteExecutor.java:129)
	at com.kms.katalon.core.main.TestSuiteExecutor.accessTestSuiteMainPhase(TestSuiteExecutor.java:112)
	at com.kms.katalon.core.main.TestSuiteExecutor.execute(TestSuiteExecutor.java:81)
	at com.kms.katalon.core.main.TestCaseMain.startTestSuite(TestCaseMain.java:149)
	at com.kms.katalon.core.main.TestCaseMain$startTestSuite$0.call(Unknown Source)
	at TempTestSuite1561776273795.run(TempTestSuite1561776273795.groovy:36)]]></system-out>
         <system-err><![CDATA[2019-06-28 22:51:18 - [TEST_CASE][FAILED] - Test Cases/OCS - DESKTOP/OCS- CRITICAL PATH - FRENCH/Checkout - Customer info page - fr: Test Cases/OCS - DESKTOP/OCS- CRITICAL PATH - FRENCH/Checkout - Customer info page - fr FAILED.
Reason:
com.kms.katalon.core.exception.StepFailedException: Unable to set text 'suman.kompelly@diffagency.com' of object 'Object Repository/OCS-DESKTOP/Customer info page/input_Email' (Root cause: com.kms.katalon.core.webui.exception.WebElementNotFoundException: Web element with id: 'Object Repository/OCS-DESKTOP/Customer info page/input_Email' located by 'By.xpath: //*[@id="checkout_email"][count(. | //input[@placeholder = 'Email']) = count(//input[@placeholder = 'Email'])]' not found)
	at com.kms.katalon.core.keyword.internal.KeywordMain.stepFailed(KeywordMain.groovy:36)
	at com.kms.katalon.core.webui.keyword.internal.WebUIKeywordMain.stepFailed(WebUIKeywordMain.groovy:65)
	at com.kms.katalon.core.webui.keyword.internal.WebUIKeywordMain.runKeyword(WebUIKeywordMain.groovy:27)
	at com.kms.katalon.core.webui.keyword.builtin.SetTextKeyword.setText(SetTextKeyword.groovy:65)
	at com.kms.katalon.core.webui.keyword.builtin.SetTextKeyword.execute(SetTextKeyword.groovy:37)
	at com.kms.katalon.core.keyword.internal.KeywordExecutor.executeKeywordForPlatform(KeywordExecutor.groovy:53)
	at com.kms.katalon.core.webui.keyword.WebUiBuiltInKeywords.setText(WebUiBuiltInKeywords.groovy:950)
	at com.kms.katalon.core.webui.keyword.WebUiBuiltInKeywords$setText$7.call(Unknown Source)
	at Checkout - Customer info page - fr.run(Checkout - Customer info page - fr:129)
	at com.kms.katalon.core.main.ScriptEngine.run(ScriptEngine.java:194)
	at com.kms.katalon.core.main.ScriptEngine.runScriptAsRawText(ScriptEngine.java:119)
	at com.kms.katalon.core.main.TestCaseExecutor.runScript(TestCaseExecutor.java:328)
	at com.kms.katalon.core.main.TestCaseExecutor.doExecute(TestCaseExecutor.java:319)
	at com.kms.katalon.core.main.TestCaseExecutor.processExecutionPhase(TestCaseExecutor.java:298)
	at com.kms.katalon.core.main.TestCaseExecutor.accessMainPhase(TestCaseExecutor.java:290)
	at com.kms.katalon.core.main.TestCaseExecutor.execute(TestCaseExecutor.java:224)
	at com.kms.katalon.core.main.TestSuiteExecutor.accessTestCaseMainPhase(TestSuiteExecutor.java:129)
	at com.kms.katalon.core.main.TestSuiteExecutor.accessTestSuiteMainPhase(TestSuiteExecutor.java:112)
	at com.kms.katalon.core.main.TestSuiteExecutor.execute(TestSuiteExecutor.java:81)
	at com.kms.katalon.core.main.TestCaseMain.startTestSuite(TestCaseMain.java:149)
	at com.kms.katalon.core.main.TestCaseMain$startTestSuite$0.call(Unknown Source)
	at TempTestSuite1561776273795.run(TempTestSuite1561776273795.groovy:36)]]></system-err>
      </testcase>
      <testcase name="Test Cases/OCS - DESKTOP/OCS- CRITICAL PATH - FRENCH/Checkout-Payment - fr" classname="Test Cases/OCS - DESKTOP/OCS- CRITICAL PATH - FRENCH/Checkout-Payment - fr" status="PASSED">
         <system-out><![CDATA[2019-06-28 22:54:23 - [TEST_CASE][PASSED] - Test Cases/OCS - DESKTOP/OCS- CRITICAL PATH - FRENCH/Checkout-Payment - fr: Test Cases/OCS - DESKTOP/OCS- CRITICAL PATH - FRENCH/Checkout-Payment - fr

2019-06-28 22:54:23 - [TEST_STEP][PASSED] - callTestCase(findTestCase("OCS - DESKTOP/CALL- Age gate"), [:], STOP_ON_FAILURE): Call Test Case 'Test Cases/OCS - DESKTOP/CALL- Age gate' successfully

2019-06-28 22:54:23 - [TEST_CASE][PASSED] - Test Cases/OCS - DESKTOP/CALL- Age gate: Test Cases/OCS - DESKTOP/CALL- Age gate

2019-06-28 22:54:23 - [TEST_STEP][PASSED] - openBrowser(""): Browser is opened with url: ''

2019-06-28 22:54:23 - [MESSAGE][WARNING] - A browser is already opened. Closing browser and opening a new one

2019-06-28 22:54:23 - [MESSAGE][INFO] - Starting 'Safari' driver

2019-06-28 22:54:24 - [MESSAGE][PASSED] - Browser is opened with url: ''

2019-06-28 22:54:24 - [TEST_STEP][PASSED] - navigateToUrl("ocs.ca"): Navigate to 'http://ocs.ca' successfully

2019-06-28 22:54:25 - [MESSAGE][PASSED] - Navigate to 'http://ocs.ca' successfully

2019-06-28 22:54:25 - [TEST_STEP][PASSED] - maximizeWindow(): Current window maximized

2019-06-28 22:54:25 - [MESSAGE][PASSED] - Current window maximized

2019-06-28 22:54:25 - [TEST_STEP][PASSED] - delay(2): Delayed 2 second(s)

2019-06-28 22:54:27 - [MESSAGE][PASSED] - Delayed 2 second(s)

2019-06-28 22:54:27 - [TEST_STEP][NOT_RUN] - executeJavaScript("var previewBar = document.getElementById("preview-bar-iframe"); previewBar.style.display = "none";", []): NOT_RUN: executeJavaScript("var previewBar = document.getElementById("preview-bar-iframe"); previewBar.style.display = "none";", [])

2019-06-28 22:54:27 - [MESSAGE][NOT_RUN] - NOT_RUN: executeJavaScript("var previewBar = document.getElementById("preview-bar-iframe"); previewBar.style.display = "none";", [])

2019-06-28 22:54:27 - [TEST_STEP][PASSED] - selectOptionByValue(findTestObject("OCS-DESKTOP/Age gate and Mega menu/Date"), "12", true): All options with value '12' are selected in object 'Object Repository/OCS-DESKTOP/Age gate and Mega menu/Date'  using regular expression

2019-06-28 22:54:28 - [MESSAGE][PASSED] - All options with value '12' are selected in object 'Object Repository/OCS-DESKTOP/Age gate and Mega menu/Date'  using regular expression

2019-06-28 22:54:28 - [TEST_STEP][PASSED] - selectOptionByValue(findTestObject("OCS-DESKTOP/Age gate and Mega menu/month"), "6", true): All options with value '6' are selected in object 'Object Repository/OCS-DESKTOP/Age gate and Mega menu/month'  using regular expression

2019-06-28 22:54:28 - [MESSAGE][PASSED] - All options with value '6' are selected in object 'Object Repository/OCS-DESKTOP/Age gate and Mega menu/month'  using regular expression

2019-06-28 22:54:28 - [TEST_STEP][PASSED] - delay(2): Delayed 2 second(s)

2019-06-28 22:54:30 - [MESSAGE][PASSED] - Delayed 2 second(s)

2019-06-28 22:54:30 - [TEST_STEP][PASSED] - selectOptionByValue(findTestObject("OCS-DESKTOP/Age gate and Mega menu/Year Dropdown"), "1990", true): All options with value '1990' are selected in object 'Object Repository/OCS-DESKTOP/Age gate and Mega menu/Year Dropdown'  using regular expression

2019-06-28 22:54:32 - [MESSAGE][PASSED] - All options with value '1990' are selected in object 'Object Repository/OCS-DESKTOP/Age gate and Mega menu/Year Dropdown'  using regular expression

2019-06-28 22:54:32 - [TEST_STEP][PASSED] - click(findTestObject("OCS-DESKTOP/Age gate and Mega menu/button_Verify")): Object: 'Object Repository/OCS-DESKTOP/Age gate and Mega menu/button_Verify' is clicked on

2019-06-28 22:54:32 - [MESSAGE][PASSED] - Object: 'Object Repository/OCS-DESKTOP/Age gate and Mega menu/button_Verify' is clicked on

2019-06-28 22:54:32 - [TEST_STEP][PASSED] - click(findTestObject("OCS-DESKTOP/Age gate and Mega menu/Checkbox_CONFIRM AND ACKNOWLEDGE")): Object: 'Object Repository/OCS-DESKTOP/Age gate and Mega menu/Checkbox_CONFIRM AND ACKNOWLEDGE' is clicked on

2019-06-28 22:54:32 - [MESSAGE][PASSED] - Object: 'Object Repository/OCS-DESKTOP/Age gate and Mega menu/Checkbox_CONFIRM AND ACKNOWLEDGE' is clicked on

2019-06-28 22:54:32 - [TEST_STEP][PASSED] - click(findTestObject("OCS-DESKTOP/Age gate and Mega menu/button_CONFIRM")): Object: 'Object Repository/OCS-DESKTOP/Age gate and Mega menu/button_CONFIRM' is clicked on

2019-06-28 22:54:32 - [MESSAGE][PASSED] - Object: 'Object Repository/OCS-DESKTOP/Age gate and Mega menu/button_CONFIRM' is clicked on

2019-06-28 22:54:32 - [TEST_STEP][PASSED] - click(findTestObject("OCS-DESKTOP/Age gate and Mega menu/button_Start Browsing")): Object: 'Object Repository/OCS-DESKTOP/Age gate and Mega menu/button_Start Browsing' is clicked on

2019-06-28 22:54:32 - [MESSAGE][PASSED] - Object: 'Object Repository/OCS-DESKTOP/Age gate and Mega menu/button_Start Browsing' is clicked on

2019-06-28 22:54:32 - [TEST_STEP][PASSED] - delay(2): Delayed 2 second(s)

2019-06-28 22:54:34 - [MESSAGE][PASSED] - Delayed 2 second(s)

2019-06-28 22:54:34 - [TEST_STEP][PASSED] - refresh(): Refresh successfully

2019-06-28 22:54:37 - [MESSAGE][PASSED] - Refresh successfully

2019-06-28 22:54:37 - [MESSAGE][PASSED] - Call Test Case 'Test Cases/OCS - DESKTOP/CALL- Age gate' successfully

2019-06-28 22:54:37 - [TEST_STEP][PASSED] - delay(2): Delayed 2 second(s)

2019-06-28 22:54:39 - [MESSAGE][PASSED] - Delayed 2 second(s)

2019-06-28 22:54:39 - [TEST_STEP][PASSED] - callTestCase(findTestCase("OCS - DESKTOP/CALL - TOGGLING LANGUAGE"), [:], STOP_ON_FAILURE): Call Test Case 'Test Cases/OCS - DESKTOP/CALL - TOGGLING LANGUAGE' successfully

2019-06-28 22:54:39 - [TEST_CASE][PASSED] - Test Cases/OCS - DESKTOP/CALL - TOGGLING LANGUAGE: Test Cases/OCS - DESKTOP/CALL - TOGGLING LANGUAGE

2019-06-28 22:54:39 - [TEST_STEP][PASSED] - delay(2): Delayed 2 second(s)

2019-06-28 22:54:41 - [MESSAGE][PASSED] - Delayed 2 second(s)

2019-06-28 22:54:41 - [TEST_STEP][PASSED] - click(findTestObject("OCS-DESKTOP/Cart flyout/English dropdown")): Object: 'Object Repository/OCS-DESKTOP/Cart flyout/English dropdown' is clicked on

2019-06-28 22:54:41 - [MESSAGE][PASSED] - Object: 'Object Repository/OCS-DESKTOP/Cart flyout/English dropdown' is clicked on

2019-06-28 22:54:41 - [TEST_STEP][PASSED] - delay(2): Delayed 2 second(s)

2019-06-28 22:54:43 - [MESSAGE][PASSED] - Delayed 2 second(s)

2019-06-28 22:54:43 - [TEST_STEP][PASSED] - click(findTestObject("OCS-DESKTOP/Cart flyout/Select French")): Object: 'Object Repository/OCS-DESKTOP/Cart flyout/Select French' is clicked on

2019-06-28 22:54:43 - [MESSAGE][PASSED] - Object: 'Object Repository/OCS-DESKTOP/Cart flyout/Select French' is clicked on

2019-06-28 22:54:43 - [TEST_STEP][PASSED] - delay(5): Delayed 5 second(s)

2019-06-28 22:54:48 - [MESSAGE][PASSED] - Delayed 5 second(s)

2019-06-28 22:54:48 - [TEST_STEP][PASSED] - e = getWindowTitle(): Current window's title is: 'Magasin de Cannabis de l'Ontario | Ontario Cannabis Store'

2019-06-28 22:54:48 - [MESSAGE][PASSED] - Current window's title is: 'Magasin de Cannabis de l'Ontario | Ontario Cannabis Store'

2019-06-28 22:54:48 - [MESSAGE][PASSED] - Call Test Case 'Test Cases/OCS - DESKTOP/CALL - TOGGLING LANGUAGE' successfully

2019-06-28 22:54:48 - [TEST_STEP][PASSED] - click(findTestObject("OCS-DESKTOP/Age gate and Mega menu/Header/CANNABIS menu - English")): Object: 'Object Repository/OCS-DESKTOP/Age gate and Mega menu/Header/CANNABIS menu - English' is clicked on

2019-06-28 22:54:48 - [MESSAGE][PASSED] - Object: 'Object Repository/OCS-DESKTOP/Age gate and Mega menu/Header/CANNABIS menu - English' is clicked on

2019-06-28 22:54:48 - [TEST_STEP][PASSED] - delay(2): Delayed 2 second(s)

2019-06-28 22:54:50 - [MESSAGE][PASSED] - Delayed 2 second(s)

2019-06-28 22:54:50 - [TEST_STEP][NOT_RUN] - executeJavaScript("var previewBar = document.getElementById("preview-bar-iframe"); previewBar.style.display = "none";", []): NOT_RUN: executeJavaScript("var previewBar = document.getElementById("preview-bar-iframe"); previewBar.style.display = "none";", [])

2019-06-28 22:54:50 - [MESSAGE][NOT_RUN] - NOT_RUN: executeJavaScript("var previewBar = document.getElementById("preview-bar-iframe"); previewBar.style.display = "none";", [])

2019-06-28 22:54:50 - [TEST_STEP][PASSED] - click(findTestObject("OCS-DESKTOP/Age gate and Mega menu/Indica Dominant_Menu item")): Object: 'Object Repository/OCS-DESKTOP/Age gate and Mega menu/Indica Dominant_Menu item' is clicked on

2019-06-28 22:54:52 - [MESSAGE][PASSED] - Object: 'Object Repository/OCS-DESKTOP/Age gate and Mega menu/Indica Dominant_Menu item' is clicked on

2019-06-28 22:54:52 - [TEST_STEP][NOT_RUN] - executeJavaScript("var previewBar = document.getElementById("preview-bar-iframe"); previewBar.style.display = "none";", []): NOT_RUN: executeJavaScript("var previewBar = document.getElementById("preview-bar-iframe"); previewBar.style.display = "none";", [])

2019-06-28 22:54:52 - [MESSAGE][NOT_RUN] - NOT_RUN: executeJavaScript("var previewBar = document.getElementById("preview-bar-iframe"); previewBar.style.display = "none";", [])

2019-06-28 22:54:52 - [TEST_STEP][PASSED] - delay(2): Delayed 2 second(s)

2019-06-28 22:54:54 - [MESSAGE][PASSED] - Delayed 2 second(s)

2019-06-28 22:54:54 - [TEST_STEP][PASSED] - click(findTestObject("FRENCH/Product image - 1st one")): Object: 'Object Repository/FRENCH/Product image - 1st one' is clicked on

2019-06-28 22:54:58 - [MESSAGE][PASSED] - Object: 'Object Repository/FRENCH/Product image - 1st one' is clicked on

2019-06-28 22:54:58 - [TEST_STEP][NOT_RUN] - executeJavaScript("var previewBar = document.getElementById("preview-bar-iframe"); previewBar.style.display = "none";", []): NOT_RUN: executeJavaScript("var previewBar = document.getElementById("preview-bar-iframe"); previewBar.style.display = "none";", [])

2019-06-28 22:54:58 - [MESSAGE][NOT_RUN] - NOT_RUN: executeJavaScript("var previewBar = document.getElementById("preview-bar-iframe"); previewBar.style.display = "none";", [])

2019-06-28 22:54:58 - [TEST_STEP][PASSED] - delay(3): Delayed 3 second(s)

2019-06-28 22:55:01 - [MESSAGE][PASSED] - Delayed 3 second(s)

2019-06-28 22:55:01 - [TEST_STEP][PASSED] - click(findTestObject("OCS-DESKTOP/Product page/Swatch_1g")): Object: 'Object Repository/OCS-DESKTOP/Product page/Swatch_1g' is clicked on

2019-06-28 22:55:01 - [MESSAGE][PASSED] - Object: 'Object Repository/OCS-DESKTOP/Product page/Swatch_1g' is clicked on

2019-06-28 22:55:01 - [TEST_STEP][PASSED] - delay(2): Delayed 2 second(s)

2019-06-28 22:55:03 - [MESSAGE][PASSED] - Delayed 2 second(s)

2019-06-28 22:55:03 - [TEST_STEP][NOT_RUN] - click(findTestObject("OCS-DESKTOP/Home - page/Cart icon -bag"), OPTIONAL): NOT_RUN: click(findTestObject("OCS-DESKTOP/Home - page/Cart icon -bag"), OPTIONAL)

2019-06-28 22:55:03 - [MESSAGE][NOT_RUN] - NOT_RUN: click(findTestObject("OCS-DESKTOP/Home - page/Cart icon -bag"), OPTIONAL)

2019-06-28 22:55:03 - [TEST_STEP][PASSED] - delay(2): Delayed 2 second(s)

2019-06-28 22:55:05 - [MESSAGE][PASSED] - Delayed 2 second(s)

2019-06-28 22:55:05 - [TEST_STEP][PASSED] - click(findTestObject("OCS-DESKTOP/Product page/Quantity Increase - Button")): Object: 'Object Repository/OCS-DESKTOP/Product page/Quantity Increase - Button' is clicked on

2019-06-28 22:55:06 - [MESSAGE][PASSED] - Object: 'Object Repository/OCS-DESKTOP/Product page/Quantity Increase - Button' is clicked on

2019-06-28 22:55:06 - [TEST_STEP][PASSED] - delay(2): Delayed 2 second(s)

2019-06-28 22:55:08 - [MESSAGE][PASSED] - Delayed 2 second(s)

2019-06-28 22:55:08 - [TEST_STEP][PASSED] - click(findTestObject("OCS-DESKTOP/Product page/Add to Bag-button")): Object: 'Object Repository/OCS-DESKTOP/Product page/Add to Bag-button' is clicked on

2019-06-28 22:55:08 - [MESSAGE][PASSED] - Object: 'Object Repository/OCS-DESKTOP/Product page/Add to Bag-button' is clicked on

2019-06-28 22:55:08 - [TEST_STEP][PASSED] - delay(2): Delayed 2 second(s)

2019-06-28 22:55:10 - [MESSAGE][PASSED] - Delayed 2 second(s)

2019-06-28 22:55:10 - [TEST_STEP][PASSED] - delay(1): Delayed 1 second(s)

2019-06-28 22:55:11 - [MESSAGE][PASSED] - Delayed 1 second(s)

2019-06-28 22:55:11 - [TEST_STEP][PASSED] - click(findTestObject("OCS-DESKTOP/Cart flyout/Checkbox_I confirm that")): Object: 'Object Repository/OCS-DESKTOP/Cart flyout/Checkbox_I confirm that' is clicked on

2019-06-28 22:55:11 - [MESSAGE][PASSED] - Object: 'Object Repository/OCS-DESKTOP/Cart flyout/Checkbox_I confirm that' is clicked on

2019-06-28 22:55:11 - [TEST_STEP][PASSED] - delay(1): Delayed 1 second(s)

2019-06-28 22:55:12 - [MESSAGE][PASSED] - Delayed 1 second(s)

2019-06-28 22:55:12 - [TEST_STEP][PASSED] - click(findTestObject("OCS-DESKTOP/Cart flyout/Checkbox_Accept the Terms Condition")): Object: 'Object Repository/OCS-DESKTOP/Cart flyout/Checkbox_Accept the Terms Condition' is clicked on

2019-06-28 22:55:12 - [MESSAGE][PASSED] - Object: 'Object Repository/OCS-DESKTOP/Cart flyout/Checkbox_Accept the Terms Condition' is clicked on

2019-06-28 22:55:12 - [TEST_STEP][PASSED] - delay(1): Delayed 1 second(s)

2019-06-28 22:55:13 - [MESSAGE][PASSED] - Delayed 1 second(s)

2019-06-28 22:55:13 - [TEST_STEP][PASSED] - click(findTestObject("OCS-DESKTOP/Cart flyout/Checkout - Button")): Object: 'Object Repository/OCS-DESKTOP/Cart flyout/Checkout - Button' is clicked on

2019-06-28 22:55:13 - [MESSAGE][PASSED] - Object: 'Object Repository/OCS-DESKTOP/Cart flyout/Checkout - Button' is clicked on

2019-06-28 22:55:13 - [TEST_STEP][NOT_RUN] - executeJavaScript("var previewBar = document.getElementById("preview-bar-iframe"); previewBar.style.display = "none";", []): NOT_RUN: executeJavaScript("var previewBar = document.getElementById("preview-bar-iframe"); previewBar.style.display = "none";", [])

2019-06-28 22:55:13 - [MESSAGE][NOT_RUN] - NOT_RUN: executeJavaScript("var previewBar = document.getElementById("preview-bar-iframe"); previewBar.style.display = "none";", [])

2019-06-28 22:55:13 - [TEST_STEP][PASSED] - delay(2): Delayed 2 second(s)

2019-06-28 22:55:15 - [MESSAGE][PASSED] - Delayed 2 second(s)

2019-06-28 22:55:15 - [TEST_STEP][PASSED] - setText(findTestObject("Object Repository/Page_Ontario Cannabis Store - Infor/input_Adresse e-mail_checkoute"), "suman@gmail.com"): Text 'suman@gmail.com' is set on object 'Object Repository/Page_Ontario Cannabis Store - Infor/input_Adresse e-mail_checkoute'

2019-06-28 22:55:16 - [MESSAGE][PASSED] - Text 'suman@gmail.com' is set on object 'Object Repository/Page_Ontario Cannabis Store - Infor/input_Adresse e-mail_checkoute'

2019-06-28 22:55:16 - [TEST_STEP][PASSED] - setText(findTestObject("Object Repository/Page_Ontario Cannabis Store - Infor/input_Prnom_checkoutshipping_a"), "suman"): Text 'suman' is set on object 'Object Repository/Page_Ontario Cannabis Store - Infor/input_Prnom_checkoutshipping_a'

2019-06-28 22:55:16 - [MESSAGE][PASSED] - Text 'suman' is set on object 'Object Repository/Page_Ontario Cannabis Store - Infor/input_Prnom_checkoutshipping_a'

2019-06-28 22:55:16 - [TEST_STEP][PASSED] - setText(findTestObject("Object Repository/Page_Ontario Cannabis Store - Infor/input_Nom_checkoutshipping_add"), "kompelly"): Text 'kompelly' is set on object 'Object Repository/Page_Ontario Cannabis Store - Infor/input_Nom_checkoutshipping_add'

2019-06-28 22:55:16 - [MESSAGE][PASSED] - Text 'kompelly' is set on object 'Object Repository/Page_Ontario Cannabis Store - Infor/input_Nom_checkoutshipping_add'

2019-06-28 22:55:16 - [TEST_STEP][PASSED] - setText(findTestObject("Object Repository/Page_Ontario Cannabis Store - Infor/input_Adresse_checkoutshipping"), "123 test"): Text '123 test' is set on object 'Object Repository/Page_Ontario Cannabis Store - Infor/input_Adresse_checkoutshipping'

2019-06-28 22:55:17 - [MESSAGE][PASSED] - Text '123 test' is set on object 'Object Repository/Page_Ontario Cannabis Store - Infor/input_Adresse_checkoutshipping'

2019-06-28 22:55:17 - [TEST_STEP][PASSED] - setText(findTestObject("Object Repository/Page_Ontario Cannabis Store - Infor/input_Appartement suite etc. ("), "123"): Text '123' is set on object 'Object Repository/Page_Ontario Cannabis Store - Infor/input_Appartement suite etc. ('

2019-06-28 22:55:17 - [MESSAGE][PASSED] - Text '123' is set on object 'Object Repository/Page_Ontario Cannabis Store - Infor/input_Appartement suite etc. ('

2019-06-28 22:55:17 - [TEST_STEP][PASSED] - setText(findTestObject("Object Repository/Page_Ontario Cannabis Store - Infor/input_Ville_checkoutshipping_a"), "montreal"): Text 'montreal' is set on object 'Object Repository/Page_Ontario Cannabis Store - Infor/input_Ville_checkoutshipping_a'

2019-06-28 22:55:17 - [MESSAGE][PASSED] - Text 'montreal' is set on object 'Object Repository/Page_Ontario Cannabis Store - Infor/input_Ville_checkoutshipping_a'

2019-06-28 22:55:17 - [TEST_STEP][PASSED] - setText(findTestObject("Object Repository/Page_Ontario Cannabis Store - Infor/input_Code postal_checkoutship"), "n0r1k0"): Text 'n0r1k0' is set on object 'Object Repository/Page_Ontario Cannabis Store - Infor/input_Code postal_checkoutship'

2019-06-28 22:55:17 - [MESSAGE][PASSED] - Text 'n0r1k0' is set on object 'Object Repository/Page_Ontario Cannabis Store - Infor/input_Code postal_checkoutship'

2019-06-28 22:55:17 - [TEST_STEP][PASSED] - setText(findTestObject("Object Repository/Page_Ontario Cannabis Store - Infor/input_Tlphone_checkoutshipping"), "514-449-3883"): Text '514-449-3883' is set on object 'Object Repository/Page_Ontario Cannabis Store - Infor/input_Tlphone_checkoutshipping'

2019-06-28 22:55:17 - [MESSAGE][PASSED] - Text '514-449-3883' is set on object 'Object Repository/Page_Ontario Cannabis Store - Infor/input_Tlphone_checkoutshipping'

2019-06-28 22:55:17 - [TEST_STEP][PASSED] - delay(2): Delayed 2 second(s)

2019-06-28 22:55:19 - [MESSAGE][PASSED] - Delayed 2 second(s)

2019-06-28 22:55:19 - [TEST_STEP][PASSED] - click(findTestObject("Object Repository/Page_Ontario Cannabis Store - Infor/button_Continuer vers le mode")): Object: 'Object Repository/Page_Ontario Cannabis Store - Infor/button_Continuer vers le mode' is clicked on

2019-06-28 22:55:21 - [MESSAGE][PASSED] - Object: 'Object Repository/Page_Ontario Cannabis Store - Infor/button_Continuer vers le mode' is clicked on

2019-06-28 22:55:21 - [TEST_STEP][PASSED] - delay(4): Delayed 4 second(s)

2019-06-28 22:55:25 - [MESSAGE][PASSED] - Delayed 4 second(s)

2019-06-28 22:55:25 - [TEST_STEP][NOT_RUN] - executeJavaScript("var previewBar = document.getElementById("preview-bar-iframe"); previewBar.style.display = "none";", []): NOT_RUN: executeJavaScript("var previewBar = document.getElementById("preview-bar-iframe"); previewBar.style.display = "none";", [])

2019-06-28 22:55:25 - [MESSAGE][NOT_RUN] - NOT_RUN: executeJavaScript("var previewBar = document.getElementById("preview-bar-iframe"); previewBar.style.display = "none";", [])

2019-06-28 22:55:25 - [TEST_STEP][PASSED] - delay(2): Delayed 2 second(s)

2019-06-28 22:55:27 - [MESSAGE][PASSED] - Delayed 2 second(s)

2019-06-28 22:55:27 - [TEST_STEP][PASSED] - click(findTestObject("Object Repository/Page_Ontario Cannabis Store - Livra/button_Continuer vers le moyen")): Object: 'Object Repository/Page_Ontario Cannabis Store - Livra/button_Continuer vers le moyen' is clicked on

2019-06-28 22:55:28 - [MESSAGE][PASSED] - Object: 'Object Repository/Page_Ontario Cannabis Store - Livra/button_Continuer vers le moyen' is clicked on

2019-06-28 22:55:28 - [TEST_STEP][PASSED] - delay(1): Delayed 1 second(s)

2019-06-28 22:55:29 - [MESSAGE][PASSED] - Delayed 1 second(s)

2019-06-28 22:55:29 - [TEST_STEP][PASSED] - click(findTestObject("FRENCH/Change link span 1")): Object: 'Object Repository/FRENCH/Change link span 1' is clicked on

2019-06-28 22:55:29 - [MESSAGE][PASSED] - Object: 'Object Repository/FRENCH/Change link span 1' is clicked on

2019-06-28 22:55:29 - [TEST_STEP][PASSED] - delay(2): Delayed 2 second(s)

2019-06-28 22:55:31 - [MESSAGE][PASSED] - Delayed 2 second(s)

2019-06-28 22:55:31 - [TEST_STEP][NOT_RUN] - executeJavaScript("var previewBar = document.getElementById("preview-bar-iframe"); previewBar.style.display = "none";", []): NOT_RUN: executeJavaScript("var previewBar = document.getElementById("preview-bar-iframe"); previewBar.style.display = "none";", [])

2019-06-28 22:55:31 - [MESSAGE][NOT_RUN] - NOT_RUN: executeJavaScript("var previewBar = document.getElementById("preview-bar-iframe"); previewBar.style.display = "none";", [])

2019-06-28 22:55:31 - [TEST_STEP][PASSED] - delay(3): Delayed 3 second(s)

2019-06-28 22:55:34 - [MESSAGE][PASSED] - Delayed 3 second(s)

2019-06-28 22:55:34 - [TEST_STEP][PASSED] - click(findTestObject("Page_Ontario Cannabis Store - Infor/button_Continuer vers le mode")): Object: 'Object Repository/Page_Ontario Cannabis Store - Infor/button_Continuer vers le mode' is clicked on

2019-06-28 22:55:35 - [MESSAGE][PASSED] - Object: 'Object Repository/Page_Ontario Cannabis Store - Infor/button_Continuer vers le mode' is clicked on

2019-06-28 22:55:35 - [TEST_STEP][PASSED] - delay(3): Delayed 3 second(s)

2019-06-28 22:55:38 - [MESSAGE][PASSED] - Delayed 3 second(s)

2019-06-28 22:55:38 - [TEST_STEP][NOT_RUN] - executeJavaScript("var previewBar = document.getElementById("preview-bar-iframe"); previewBar.style.display = "none";", []): NOT_RUN: executeJavaScript("var previewBar = document.getElementById("preview-bar-iframe"); previewBar.style.display = "none";", [])

2019-06-28 22:55:38 - [MESSAGE][NOT_RUN] - NOT_RUN: executeJavaScript("var previewBar = document.getElementById("preview-bar-iframe"); previewBar.style.display = "none";", [])

2019-06-28 22:55:38 - [TEST_STEP][PASSED] - delay(1): Delayed 1 second(s)

2019-06-28 22:55:39 - [MESSAGE][PASSED] - Delayed 1 second(s)

2019-06-28 22:55:39 - [TEST_STEP][PASSED] - click(findTestObject("Page_Ontario Cannabis Store - Livra/button_Continuer vers le moyen")): Object: 'Object Repository/Page_Ontario Cannabis Store - Livra/button_Continuer vers le moyen' is clicked on

2019-06-28 22:55:41 - [MESSAGE][PASSED] - Object: 'Object Repository/Page_Ontario Cannabis Store - Livra/button_Continuer vers le moyen' is clicked on

2019-06-28 22:55:41 - [TEST_STEP][PASSED] - delay(3): Delayed 3 second(s)

2019-06-28 22:55:44 - [MESSAGE][PASSED] - Delayed 3 second(s)

2019-06-28 22:55:44 - [TEST_STEP][NOT_RUN] - executeJavaScript("var previewBar = document.getElementById("preview-bar-iframe"); previewBar.style.display = "none";", []): NOT_RUN: executeJavaScript("var previewBar = document.getElementById("preview-bar-iframe"); previewBar.style.display = "none";", [])

2019-06-28 22:55:44 - [MESSAGE][NOT_RUN] - NOT_RUN: executeJavaScript("var previewBar = document.getElementById("preview-bar-iframe"); previewBar.style.display = "none";", [])

2019-06-28 22:55:44 - [TEST_STEP][PASSED] - delay(1): Delayed 1 second(s)

2019-06-28 22:55:45 - [MESSAGE][PASSED] - Delayed 1 second(s)

2019-06-28 22:55:45 - [TEST_STEP][PASSED] - click(findTestObject("FRENCH/Change link span 2")): Object: 'Object Repository/FRENCH/Change link span 2' is clicked on

2019-06-28 22:55:47 - [MESSAGE][PASSED] - Object: 'Object Repository/FRENCH/Change link span 2' is clicked on

2019-06-28 22:55:47 - [TEST_STEP][PASSED] - delay(3): Delayed 3 second(s)

2019-06-28 22:55:50 - [MESSAGE][PASSED] - Delayed 3 second(s)

2019-06-28 22:55:50 - [TEST_STEP][NOT_RUN] - executeJavaScript("var previewBar = document.getElementById("preview-bar-iframe"); previewBar.style.display = "none";", []): NOT_RUN: executeJavaScript("var previewBar = document.getElementById("preview-bar-iframe"); previewBar.style.display = "none";", [])

2019-06-28 22:55:50 - [MESSAGE][NOT_RUN] - NOT_RUN: executeJavaScript("var previewBar = document.getElementById("preview-bar-iframe"); previewBar.style.display = "none";", [])

2019-06-28 22:55:50 - [TEST_STEP][PASSED] - delay(1): Delayed 1 second(s)

2019-06-28 22:55:51 - [MESSAGE][PASSED] - Delayed 1 second(s)

2019-06-28 22:55:51 - [TEST_STEP][PASSED] - click(findTestObject("Page_Ontario Cannabis Store - Infor/button_Continuer vers le mode")): Object: 'Object Repository/Page_Ontario Cannabis Store - Infor/button_Continuer vers le mode' is clicked on

2019-06-28 22:55:51 - [MESSAGE][PASSED] - Object: 'Object Repository/Page_Ontario Cannabis Store - Infor/button_Continuer vers le mode' is clicked on

2019-06-28 22:55:51 - [TEST_STEP][PASSED] - delay(3): Delayed 3 second(s)

2019-06-28 22:55:54 - [MESSAGE][PASSED] - Delayed 3 second(s)

2019-06-28 22:55:54 - [TEST_STEP][NOT_RUN] - executeJavaScript("var previewBar = document.getElementById("preview-bar-iframe"); previewBar.style.display = "none";", []): NOT_RUN: executeJavaScript("var previewBar = document.getElementById("preview-bar-iframe"); previewBar.style.display = "none";", [])

2019-06-28 22:55:54 - [MESSAGE][NOT_RUN] - NOT_RUN: executeJavaScript("var previewBar = document.getElementById("preview-bar-iframe"); previewBar.style.display = "none";", [])

2019-06-28 22:55:54 - [TEST_STEP][PASSED] - delay(1): Delayed 1 second(s)

2019-06-28 22:55:55 - [MESSAGE][PASSED] - Delayed 1 second(s)

2019-06-28 22:55:55 - [TEST_STEP][PASSED] - click(findTestObject("Page_Ontario Cannabis Store - Infor/button_Continuer vers le mode")): Object: 'Object Repository/Page_Ontario Cannabis Store - Infor/button_Continuer vers le mode' is clicked on

2019-06-28 22:58:19 - [MESSAGE][PASSED] - Object: 'Object Repository/Page_Ontario Cannabis Store - Infor/button_Continuer vers le mode' is clicked on

2019-06-28 22:58:19 - [TEST_STEP][PASSED] - delay(3): Delayed 3 second(s)

2019-06-28 22:58:22 - [MESSAGE][PASSED] - Delayed 3 second(s)

2019-06-28 22:58:22 - [TEST_STEP][NOT_RUN] - executeJavaScript("var previewBar = document.getElementById("preview-bar-iframe"); previewBar.style.display = "none";", []): NOT_RUN: executeJavaScript("var previewBar = document.getElementById("preview-bar-iframe"); previewBar.style.display = "none";", [])

2019-06-28 22:58:22 - [MESSAGE][NOT_RUN] - NOT_RUN: executeJavaScript("var previewBar = document.getElementById("preview-bar-iframe"); previewBar.style.display = "none";", [])

2019-06-28 22:58:22 - [TEST_STEP][PASSED] - click(findTestObject("OCS-DESKTOP/Customer info page/Cart - Breadcrumb link")): Object: 'Object Repository/OCS-DESKTOP/Customer info page/Cart - Breadcrumb link' is clicked on

2019-06-28 22:58:23 - [MESSAGE][PASSED] - Object: 'Object Repository/OCS-DESKTOP/Customer info page/Cart - Breadcrumb link' is clicked on

2019-06-28 22:58:23 - [TEST_STEP][NOT_RUN] - executeJavaScript("var previewBar = document.getElementById("preview-bar-iframe"); previewBar.style.display = "none";", []): NOT_RUN: executeJavaScript("var previewBar = document.getElementById("preview-bar-iframe"); previewBar.style.display = "none";", [])

2019-06-28 22:58:23 - [MESSAGE][NOT_RUN] - NOT_RUN: executeJavaScript("var previewBar = document.getElementById("preview-bar-iframe"); previewBar.style.display = "none";", [])

2019-06-28 22:58:23 - [TEST_STEP][PASSED] - delay(3): Delayed 3 second(s)

2019-06-28 22:58:26 - [MESSAGE][PASSED] - Delayed 3 second(s)

2019-06-28 22:58:26 - [TEST_STEP][PASSED] - click(findTestObject("OCS-DESKTOP/Cart page/cart page-Checkbox_I confirm that")): Object: 'Object Repository/OCS-DESKTOP/Cart page/cart page-Checkbox_I confirm that' is clicked on

2019-06-28 22:58:26 - [MESSAGE][PASSED] - Object: 'Object Repository/OCS-DESKTOP/Cart page/cart page-Checkbox_I confirm that' is clicked on

2019-06-28 22:58:26 - [TEST_STEP][PASSED] - delay(3): Delayed 3 second(s)

2019-06-28 22:58:29 - [MESSAGE][PASSED] - Delayed 3 second(s)

2019-06-28 22:58:29 - [TEST_STEP][PASSED] - click(findTestObject("OCS-DESKTOP/Cart page/cart page - Checkbox_Accept the Terms Condition")): Object: 'Object Repository/OCS-DESKTOP/Cart page/cart page - Checkbox_Accept the Terms Condition' is clicked on

2019-06-28 22:58:29 - [MESSAGE][PASSED] - Object: 'Object Repository/OCS-DESKTOP/Cart page/cart page - Checkbox_Accept the Terms Condition' is clicked on

2019-06-28 22:58:29 - [TEST_STEP][PASSED] - delay(1): Delayed 1 second(s)

2019-06-28 22:58:30 - [MESSAGE][PASSED] - Delayed 1 second(s)

2019-06-28 22:58:30 - [TEST_STEP][PASSED] - click(findTestObject("FRENCH/Cart page -checkout button")): Object: 'Object Repository/FRENCH/Cart page -checkout button' is clicked on

2019-06-28 22:58:32 - [MESSAGE][PASSED] - Object: 'Object Repository/FRENCH/Cart page -checkout button' is clicked on

2019-06-28 22:58:32 - [TEST_STEP][PASSED] - delay(1): Delayed 1 second(s)

2019-06-28 22:58:33 - [MESSAGE][PASSED] - Delayed 1 second(s)

2019-06-28 22:58:33 - [TEST_STEP][PASSED] - click(findTestObject("OCS-DESKTOP/Payment -page/Information - Breadcrumb link")): Object: 'Object Repository/OCS-DESKTOP/Payment -page/Information - Breadcrumb link' is clicked on

2019-06-28 22:58:34 - [MESSAGE][PASSED] - Object: 'Object Repository/OCS-DESKTOP/Payment -page/Information - Breadcrumb link' is clicked on

2019-06-28 22:58:34 - [TEST_STEP][PASSED] - delay(1): Delayed 1 second(s)

2019-06-28 22:58:35 - [MESSAGE][PASSED] - Delayed 1 second(s)

2019-06-28 22:58:35 - [TEST_STEP][NOT_RUN] - executeJavaScript("var previewBar = document.getElementById("preview-bar-iframe"); previewBar.style.display = "none";", []): NOT_RUN: executeJavaScript("var previewBar = document.getElementById("preview-bar-iframe"); previewBar.style.display = "none";", [])

2019-06-28 22:58:35 - [MESSAGE][NOT_RUN] - NOT_RUN: executeJavaScript("var previewBar = document.getElementById("preview-bar-iframe"); previewBar.style.display = "none";", [])

2019-06-28 22:58:35 - [TEST_STEP][PASSED] - delay(1): Delayed 1 second(s)

2019-06-28 22:58:36 - [MESSAGE][PASSED] - Delayed 1 second(s)

2019-06-28 22:58:36 - [TEST_STEP][PASSED] - click(findTestObject("Page_Ontario Cannabis Store - Infor/button_Continuer vers le mode")): Object: 'Object Repository/Page_Ontario Cannabis Store - Infor/button_Continuer vers le mode' is clicked on

2019-06-28 22:58:36 - [MESSAGE][PASSED] - Object: 'Object Repository/Page_Ontario Cannabis Store - Infor/button_Continuer vers le mode' is clicked on

2019-06-28 22:58:36 - [TEST_STEP][PASSED] - delay(1): Delayed 1 second(s)

2019-06-28 22:58:37 - [MESSAGE][PASSED] - Delayed 1 second(s)

2019-06-28 22:58:37 - [TEST_STEP][PASSED] - click(findTestObject("OCS-DESKTOP/Shipping page/Shipping - Breadcrumb link")): Object: 'Object Repository/OCS-DESKTOP/Shipping page/Shipping - Breadcrumb link' is clicked on

2019-06-28 22:58:38 - [MESSAGE][PASSED] - Object: 'Object Repository/OCS-DESKTOP/Shipping page/Shipping - Breadcrumb link' is clicked on

2019-06-28 22:58:38 - [TEST_STEP][PASSED] - delay(3): Delayed 3 second(s)

2019-06-28 22:58:41 - [MESSAGE][PASSED] - Delayed 3 second(s)

2019-06-28 22:58:41 - [TEST_STEP][NOT_RUN] - executeJavaScript("var previewBar = document.getElementById("preview-bar-iframe"); previewBar.style.display = "none";", []): NOT_RUN: executeJavaScript("var previewBar = document.getElementById("preview-bar-iframe"); previewBar.style.display = "none";", [])

2019-06-28 22:58:41 - [MESSAGE][NOT_RUN] - NOT_RUN: executeJavaScript("var previewBar = document.getElementById("preview-bar-iframe"); previewBar.style.display = "none";", [])

2019-06-28 22:58:41 - [TEST_STEP][PASSED] - delay(1): Delayed 1 second(s)

2019-06-28 22:58:42 - [MESSAGE][PASSED] - Delayed 1 second(s)

2019-06-28 22:58:42 - [TEST_STEP][PASSED] - click(findTestObject("Page_Ontario Cannabis Store - Livra/button_Continuer vers le moyen")): Object: 'Object Repository/Page_Ontario Cannabis Store - Livra/button_Continuer vers le moyen' is clicked on

2019-06-28 22:58:42 - [MESSAGE][PASSED] - Object: 'Object Repository/Page_Ontario Cannabis Store - Livra/button_Continuer vers le moyen' is clicked on]]></system-out>
         <system-err><![CDATA[]]></system-err>
      </testcase>
      <testcase name="Test Cases/OCS - DESKTOP/OCS- CRITICAL PATH - FRENCH/Cart flyout - increase qty -fr" classname="Test Cases/OCS - DESKTOP/OCS- CRITICAL PATH - FRENCH/Cart flyout - increase qty -fr" status="PASSED">
         <system-out><![CDATA[2019-06-28 22:58:42 - [TEST_CASE][PASSED] - Test Cases/OCS - DESKTOP/OCS- CRITICAL PATH - FRENCH/Cart flyout - increase qty -fr: Test Cases/OCS - DESKTOP/OCS- CRITICAL PATH - FRENCH/Cart flyout - increase qty -fr

2019-06-28 22:58:42 - [TEST_STEP][PASSED] - callTestCase(findTestCase("OCS - DESKTOP/CALL- Age gate"), [:], STOP_ON_FAILURE): Call Test Case 'Test Cases/OCS - DESKTOP/CALL- Age gate' successfully

2019-06-28 22:58:42 - [TEST_CASE][PASSED] - Test Cases/OCS - DESKTOP/CALL- Age gate: Test Cases/OCS - DESKTOP/CALL- Age gate

2019-06-28 22:58:42 - [TEST_STEP][PASSED] - openBrowser(""): Browser is opened with url: ''

2019-06-28 22:58:42 - [MESSAGE][WARNING] - A browser is already opened. Closing browser and opening a new one

2019-06-28 22:58:42 - [MESSAGE][INFO] - Starting 'Safari' driver

2019-06-28 22:58:43 - [MESSAGE][PASSED] - Browser is opened with url: ''

2019-06-28 22:58:43 - [TEST_STEP][PASSED] - navigateToUrl("ocs.ca"): Navigate to 'http://ocs.ca' successfully

2019-06-28 22:58:44 - [MESSAGE][PASSED] - Navigate to 'http://ocs.ca' successfully

2019-06-28 22:58:44 - [TEST_STEP][PASSED] - maximizeWindow(): Current window maximized

2019-06-28 22:58:45 - [MESSAGE][PASSED] - Current window maximized

2019-06-28 22:58:45 - [TEST_STEP][PASSED] - delay(2): Delayed 2 second(s)

2019-06-28 22:58:47 - [MESSAGE][PASSED] - Delayed 2 second(s)

2019-06-28 22:58:47 - [TEST_STEP][NOT_RUN] - executeJavaScript("var previewBar = document.getElementById("preview-bar-iframe"); previewBar.style.display = "none";", []): NOT_RUN: executeJavaScript("var previewBar = document.getElementById("preview-bar-iframe"); previewBar.style.display = "none";", [])

2019-06-28 22:58:47 - [MESSAGE][NOT_RUN] - NOT_RUN: executeJavaScript("var previewBar = document.getElementById("preview-bar-iframe"); previewBar.style.display = "none";", [])

2019-06-28 22:58:47 - [TEST_STEP][PASSED] - selectOptionByValue(findTestObject("OCS-DESKTOP/Age gate and Mega menu/Date"), "12", true): All options with value '12' are selected in object 'Object Repository/OCS-DESKTOP/Age gate and Mega menu/Date'  using regular expression

2019-06-28 22:58:47 - [MESSAGE][PASSED] - All options with value '12' are selected in object 'Object Repository/OCS-DESKTOP/Age gate and Mega menu/Date'  using regular expression

2019-06-28 22:58:47 - [TEST_STEP][PASSED] - selectOptionByValue(findTestObject("OCS-DESKTOP/Age gate and Mega menu/month"), "6", true): All options with value '6' are selected in object 'Object Repository/OCS-DESKTOP/Age gate and Mega menu/month'  using regular expression

2019-06-28 22:58:47 - [MESSAGE][PASSED] - All options with value '6' are selected in object 'Object Repository/OCS-DESKTOP/Age gate and Mega menu/month'  using regular expression

2019-06-28 22:58:47 - [TEST_STEP][PASSED] - delay(2): Delayed 2 second(s)

2019-06-28 22:58:49 - [MESSAGE][PASSED] - Delayed 2 second(s)

2019-06-28 22:58:49 - [TEST_STEP][PASSED] - selectOptionByValue(findTestObject("OCS-DESKTOP/Age gate and Mega menu/Year Dropdown"), "1990", true): All options with value '1990' are selected in object 'Object Repository/OCS-DESKTOP/Age gate and Mega menu/Year Dropdown'  using regular expression

2019-06-28 22:58:51 - [MESSAGE][PASSED] - All options with value '1990' are selected in object 'Object Repository/OCS-DESKTOP/Age gate and Mega menu/Year Dropdown'  using regular expression

2019-06-28 22:58:51 - [TEST_STEP][PASSED] - click(findTestObject("OCS-DESKTOP/Age gate and Mega menu/button_Verify")): Object: 'Object Repository/OCS-DESKTOP/Age gate and Mega menu/button_Verify' is clicked on

2019-06-28 22:58:51 - [MESSAGE][PASSED] - Object: 'Object Repository/OCS-DESKTOP/Age gate and Mega menu/button_Verify' is clicked on

2019-06-28 22:58:51 - [TEST_STEP][PASSED] - click(findTestObject("OCS-DESKTOP/Age gate and Mega menu/Checkbox_CONFIRM AND ACKNOWLEDGE")): Object: 'Object Repository/OCS-DESKTOP/Age gate and Mega menu/Checkbox_CONFIRM AND ACKNOWLEDGE' is clicked on

2019-06-28 22:58:51 - [MESSAGE][PASSED] - Object: 'Object Repository/OCS-DESKTOP/Age gate and Mega menu/Checkbox_CONFIRM AND ACKNOWLEDGE' is clicked on

2019-06-28 22:58:51 - [TEST_STEP][PASSED] - click(findTestObject("OCS-DESKTOP/Age gate and Mega menu/button_CONFIRM")): Object: 'Object Repository/OCS-DESKTOP/Age gate and Mega menu/button_CONFIRM' is clicked on

2019-06-28 22:58:51 - [MESSAGE][PASSED] - Object: 'Object Repository/OCS-DESKTOP/Age gate and Mega menu/button_CONFIRM' is clicked on

2019-06-28 22:58:51 - [TEST_STEP][PASSED] - click(findTestObject("OCS-DESKTOP/Age gate and Mega menu/button_Start Browsing")): Object: 'Object Repository/OCS-DESKTOP/Age gate and Mega menu/button_Start Browsing' is clicked on

2019-06-28 22:58:51 - [MESSAGE][PASSED] - Object: 'Object Repository/OCS-DESKTOP/Age gate and Mega menu/button_Start Browsing' is clicked on

2019-06-28 22:58:51 - [TEST_STEP][PASSED] - delay(2): Delayed 2 second(s)

2019-06-28 22:58:53 - [MESSAGE][PASSED] - Delayed 2 second(s)

2019-06-28 22:58:53 - [TEST_STEP][PASSED] - refresh(): Refresh successfully

2019-06-28 22:58:55 - [MESSAGE][PASSED] - Refresh successfully

2019-06-28 22:58:55 - [MESSAGE][PASSED] - Call Test Case 'Test Cases/OCS - DESKTOP/CALL- Age gate' successfully

2019-06-28 22:58:55 - [TEST_STEP][PASSED] - delay(2): Delayed 2 second(s)

2019-06-28 22:58:57 - [MESSAGE][PASSED] - Delayed 2 second(s)

2019-06-28 22:58:57 - [TEST_STEP][PASSED] - callTestCase(findTestCase("OCS - DESKTOP/CALL - TOGGLING LANGUAGE"), [:], STOP_ON_FAILURE): Call Test Case 'Test Cases/OCS - DESKTOP/CALL - TOGGLING LANGUAGE' successfully

2019-06-28 22:58:57 - [TEST_CASE][PASSED] - Test Cases/OCS - DESKTOP/CALL - TOGGLING LANGUAGE: Test Cases/OCS - DESKTOP/CALL - TOGGLING LANGUAGE

2019-06-28 22:58:57 - [TEST_STEP][PASSED] - delay(2): Delayed 2 second(s)

2019-06-28 22:58:59 - [MESSAGE][PASSED] - Delayed 2 second(s)

2019-06-28 22:58:59 - [TEST_STEP][PASSED] - click(findTestObject("OCS-DESKTOP/Cart flyout/English dropdown")): Object: 'Object Repository/OCS-DESKTOP/Cart flyout/English dropdown' is clicked on

2019-06-28 22:58:59 - [MESSAGE][PASSED] - Object: 'Object Repository/OCS-DESKTOP/Cart flyout/English dropdown' is clicked on

2019-06-28 22:58:59 - [TEST_STEP][PASSED] - delay(2): Delayed 2 second(s)

2019-06-28 22:59:01 - [MESSAGE][PASSED] - Delayed 2 second(s)

2019-06-28 22:59:01 - [TEST_STEP][PASSED] - click(findTestObject("OCS-DESKTOP/Cart flyout/Select French")): Object: 'Object Repository/OCS-DESKTOP/Cart flyout/Select French' is clicked on

2019-06-28 22:59:02 - [MESSAGE][PASSED] - Object: 'Object Repository/OCS-DESKTOP/Cart flyout/Select French' is clicked on

2019-06-28 22:59:02 - [TEST_STEP][PASSED] - delay(5): Delayed 5 second(s)

2019-06-28 22:59:07 - [MESSAGE][PASSED] - Delayed 5 second(s)

2019-06-28 22:59:07 - [TEST_STEP][PASSED] - e = getWindowTitle(): Current window's title is: 'Magasin de Cannabis de l'Ontario | Ontario Cannabis Store'

2019-06-28 22:59:07 - [MESSAGE][PASSED] - Current window's title is: 'Magasin de Cannabis de l'Ontario | Ontario Cannabis Store'

2019-06-28 22:59:07 - [MESSAGE][PASSED] - Call Test Case 'Test Cases/OCS - DESKTOP/CALL - TOGGLING LANGUAGE' successfully

2019-06-28 22:59:07 - [TEST_STEP][PASSED] - click(findTestObject("OCS-DESKTOP/Age gate and Mega menu/Header/CANNABIS menu - English")): Object: 'Object Repository/OCS-DESKTOP/Age gate and Mega menu/Header/CANNABIS menu - English' is clicked on

2019-06-28 22:59:07 - [MESSAGE][PASSED] - Object: 'Object Repository/OCS-DESKTOP/Age gate and Mega menu/Header/CANNABIS menu - English' is clicked on

2019-06-28 22:59:07 - [TEST_STEP][PASSED] - delay(2): Delayed 2 second(s)

2019-06-28 22:59:09 - [MESSAGE][PASSED] - Delayed 2 second(s)

2019-06-28 22:59:09 - [TEST_STEP][NOT_RUN] - executeJavaScript("var previewBar = document.getElementById("preview-bar-iframe"); previewBar.style.display = "none";", []): NOT_RUN: executeJavaScript("var previewBar = document.getElementById("preview-bar-iframe"); previewBar.style.display = "none";", [])

2019-06-28 22:59:09 - [MESSAGE][NOT_RUN] - NOT_RUN: executeJavaScript("var previewBar = document.getElementById("preview-bar-iframe"); previewBar.style.display = "none";", [])

2019-06-28 22:59:09 - [TEST_STEP][PASSED] - click(findTestObject("OCS-DESKTOP/Age gate and Mega menu/Indica Dominant_Menu item")): Object: 'Object Repository/OCS-DESKTOP/Age gate and Mega menu/Indica Dominant_Menu item' is clicked on

2019-06-28 22:59:11 - [MESSAGE][PASSED] - Object: 'Object Repository/OCS-DESKTOP/Age gate and Mega menu/Indica Dominant_Menu item' is clicked on

2019-06-28 22:59:11 - [TEST_STEP][NOT_RUN] - executeJavaScript("var previewBar = document.getElementById("preview-bar-iframe"); previewBar.style.display = "none";", []): NOT_RUN: executeJavaScript("var previewBar = document.getElementById("preview-bar-iframe"); previewBar.style.display = "none";", [])

2019-06-28 22:59:11 - [MESSAGE][NOT_RUN] - NOT_RUN: executeJavaScript("var previewBar = document.getElementById("preview-bar-iframe"); previewBar.style.display = "none";", [])

2019-06-28 22:59:11 - [TEST_STEP][PASSED] - delay(2): Delayed 2 second(s)

2019-06-28 22:59:13 - [MESSAGE][PASSED] - Delayed 2 second(s)

2019-06-28 22:59:13 - [TEST_STEP][PASSED] - click(findTestObject("FRENCH/Product image - 1st one")): Object: 'Object Repository/FRENCH/Product image - 1st one' is clicked on

2019-06-28 22:59:17 - [MESSAGE][PASSED] - Object: 'Object Repository/FRENCH/Product image - 1st one' is clicked on

2019-06-28 22:59:17 - [TEST_STEP][NOT_RUN] - executeJavaScript("var previewBar = document.getElementById("preview-bar-iframe"); previewBar.style.display = "none";", []): NOT_RUN: executeJavaScript("var previewBar = document.getElementById("preview-bar-iframe"); previewBar.style.display = "none";", [])

2019-06-28 22:59:17 - [MESSAGE][NOT_RUN] - NOT_RUN: executeJavaScript("var previewBar = document.getElementById("preview-bar-iframe"); previewBar.style.display = "none";", [])

2019-06-28 22:59:17 - [TEST_STEP][PASSED] - delay(3): Delayed 3 second(s)

2019-06-28 22:59:20 - [MESSAGE][PASSED] - Delayed 3 second(s)

2019-06-28 22:59:20 - [TEST_STEP][PASSED] - click(findTestObject("OCS-DESKTOP/Product page/Swatch_1g")): Object: 'Object Repository/OCS-DESKTOP/Product page/Swatch_1g' is clicked on

2019-06-28 22:59:20 - [MESSAGE][PASSED] - Object: 'Object Repository/OCS-DESKTOP/Product page/Swatch_1g' is clicked on

2019-06-28 22:59:20 - [TEST_STEP][PASSED] - delay(2): Delayed 2 second(s)

2019-06-28 22:59:22 - [MESSAGE][PASSED] - Delayed 2 second(s)

2019-06-28 22:59:22 - [TEST_STEP][NOT_RUN] - click(findTestObject("OCS-DESKTOP/Home - page/Cart icon -bag"), OPTIONAL): NOT_RUN: click(findTestObject("OCS-DESKTOP/Home - page/Cart icon -bag"), OPTIONAL)

2019-06-28 22:59:22 - [MESSAGE][NOT_RUN] - NOT_RUN: click(findTestObject("OCS-DESKTOP/Home - page/Cart icon -bag"), OPTIONAL)

2019-06-28 22:59:22 - [TEST_STEP][PASSED] - delay(2): Delayed 2 second(s)

2019-06-28 22:59:24 - [MESSAGE][PASSED] - Delayed 2 second(s)

2019-06-28 22:59:24 - [TEST_STEP][PASSED] - click(findTestObject("OCS-DESKTOP/Product page/Quantity Increase - Button")): Object: 'Object Repository/OCS-DESKTOP/Product page/Quantity Increase - Button' is clicked on

2019-06-28 22:59:24 - [MESSAGE][PASSED] - Object: 'Object Repository/OCS-DESKTOP/Product page/Quantity Increase - Button' is clicked on

2019-06-28 22:59:24 - [TEST_STEP][PASSED] - delay(2): Delayed 2 second(s)

2019-06-28 22:59:26 - [MESSAGE][PASSED] - Delayed 2 second(s)

2019-06-28 22:59:26 - [TEST_STEP][PASSED] - click(findTestObject("OCS-DESKTOP/Product page/Add to Bag-button")): Object: 'Object Repository/OCS-DESKTOP/Product page/Add to Bag-button' is clicked on

2019-06-28 22:59:26 - [MESSAGE][PASSED] - Object: 'Object Repository/OCS-DESKTOP/Product page/Add to Bag-button' is clicked on

2019-06-28 22:59:26 - [TEST_STEP][PASSED] - delay(2): Delayed 2 second(s)

2019-06-28 22:59:28 - [MESSAGE][PASSED] - Delayed 2 second(s)

2019-06-28 22:59:28 - [TEST_STEP][PASSED] - a = getText(findTestObject("OCS-DESKTOP/Cart flyout/Unit price - Product")): Text of object 'Object Repository/OCS-DESKTOP/Cart flyout/Unit price - Product' is: '






21,00 $'

2019-06-28 22:59:28 - [MESSAGE][PASSED] - Text of object 'Object Repository/OCS-DESKTOP/Cart flyout/Unit price - Product' is: '






21,00 $'

2019-06-28 22:59:28 - [TEST_STEP][PASSED] - comment(a): 






21,00 $

2019-06-28 22:59:28 - [MESSAGE][INFO] - 






21,00 $

2019-06-28 22:59:28 - [TEST_STEP][PASSED] - b = a.substring(1): null

2019-06-28 22:59:28 - [TEST_STEP][PASSED] - comment(b): 





21,00 $

2019-06-28 22:59:28 - [MESSAGE][INFO] - 





21,00 $

2019-06-28 22:59:28 - [TEST_STEP][PASSED] - la = b.substring(0, b.length() - 1): null

2019-06-28 22:59:28 - [TEST_STEP][PASSED] - comment("la=" + la): la=





21,00 

2019-06-28 22:59:28 - [MESSAGE][INFO] - la=





21,00 

2019-06-28 22:59:28 - [TEST_STEP][PASSED] - la1 = la.substring(0, la.length() - 1): null

2019-06-28 22:59:28 - [TEST_STEP][PASSED] - comment(" la1 =" + la1):  la1 =





21,00

2019-06-28 22:59:28 - [MESSAGE][INFO] -  la1 =





21,00

2019-06-28 22:59:28 - [TEST_STEP][PASSED] - la2 = la1.substring(0, la1.length() - 1): null

2019-06-28 22:59:28 - [TEST_STEP][PASSED] - comment("la2 =" + la2): la2 =





21,0

2019-06-28 22:59:28 - [MESSAGE][INFO] - la2 =





21,0

2019-06-28 22:59:28 - [TEST_STEP][PASSED] - click(findTestObject("OCS-DESKTOP/Cart flyout/input_-_updates")): Object: 'Object Repository/OCS-DESKTOP/Cart flyout/input_-_updates' is clicked on

2019-06-28 22:59:28 - [MESSAGE][PASSED] - Object: 'Object Repository/OCS-DESKTOP/Cart flyout/input_-_updates' is clicked on

2019-06-28 22:59:28 - [TEST_STEP][PASSED] - delay(1): Delayed 1 second(s)

2019-06-28 22:59:29 - [MESSAGE][PASSED] - Delayed 1 second(s)

2019-06-28 22:59:29 - [TEST_STEP][PASSED] - doubleClick(findTestObject("OCS-DESKTOP/Cart flyout/input_-_updates")): Object: 'Object Repository/OCS-DESKTOP/Cart flyout/input_-_updates' is double clicked on

2019-06-28 22:59:30 - [MESSAGE][PASSED] - Object: 'Object Repository/OCS-DESKTOP/Cart flyout/input_-_updates' is double clicked on

2019-06-28 22:59:30 - [TEST_STEP][PASSED] - delay(1): Delayed 1 second(s)

2019-06-28 22:59:31 - [MESSAGE][PASSED] - Delayed 1 second(s)

2019-06-28 22:59:31 - [TEST_STEP][PASSED] - setText(findTestObject("OCS-DESKTOP/Cart flyout/input_-_updates"), "3"): Text '3' is set on object 'Object Repository/OCS-DESKTOP/Cart flyout/input_-_updates'

2019-06-28 22:59:31 - [MESSAGE][PASSED] - Text '3' is set on object 'Object Repository/OCS-DESKTOP/Cart flyout/input_-_updates'

2019-06-28 22:59:31 - [TEST_STEP][PASSED] - delay(2): Delayed 2 second(s)

2019-06-28 22:59:33 - [MESSAGE][PASSED] - Delayed 2 second(s)

2019-06-28 22:59:33 - [TEST_STEP][PASSED] - click(findTestObject("OCS-DESKTOP/Cart flyout/Quantity increase - Product")): Object: 'Object Repository/OCS-DESKTOP/Cart flyout/Quantity increase - Product' is clicked on

2019-06-28 22:59:33 - [MESSAGE][PASSED] - Object: 'Object Repository/OCS-DESKTOP/Cart flyout/Quantity increase - Product' is clicked on

2019-06-28 22:59:33 - [TEST_STEP][PASSED] - delay(2): Delayed 2 second(s)

2019-06-28 22:59:35 - [MESSAGE][PASSED] - Delayed 2 second(s)

2019-06-28 22:59:35 - [TEST_STEP][PASSED] - click(findTestObject("OCS-DESKTOP/Cart flyout/Quantity increase - Product")): Object: 'Object Repository/OCS-DESKTOP/Cart flyout/Quantity increase - Product' is clicked on

2019-06-28 22:59:35 - [MESSAGE][PASSED] - Object: 'Object Repository/OCS-DESKTOP/Cart flyout/Quantity increase - Product' is clicked on

2019-06-28 22:59:35 - [TEST_STEP][PASSED] - delay(2): Delayed 2 second(s)

2019-06-28 22:59:37 - [MESSAGE][PASSED] - Delayed 2 second(s)

2019-06-28 22:59:37 - [TEST_STEP][PASSED] - click(findTestObject("OCS-DESKTOP/Cart flyout/Quantity increase - Product")): Object: 'Object Repository/OCS-DESKTOP/Cart flyout/Quantity increase - Product' is clicked on

2019-06-28 22:59:37 - [MESSAGE][PASSED] - Object: 'Object Repository/OCS-DESKTOP/Cart flyout/Quantity increase - Product' is clicked on

2019-06-28 22:59:37 - [TEST_STEP][PASSED] - delay(2): Delayed 2 second(s)

2019-06-28 22:59:39 - [MESSAGE][PASSED] - Delayed 2 second(s)

2019-06-28 22:59:39 - [TEST_STEP][PASSED] - c = getText(findTestObject("OCS-DESKTOP/Cart flyout/Sub-total Price")): Text of object 'Object Repository/OCS-DESKTOP/Cart flyout/Sub-total Price' is: '






52,50 $'

2019-06-28 22:59:39 - [MESSAGE][PASSED] - Text of object 'Object Repository/OCS-DESKTOP/Cart flyout/Sub-total Price' is: '






52,50 $'

2019-06-28 22:59:39 - [TEST_STEP][PASSED] - comment(c): 






52,50 $

2019-06-28 22:59:39 - [MESSAGE][INFO] - 






52,50 $

2019-06-28 22:59:39 - [TEST_STEP][PASSED] - d = c.substring(1): null

2019-06-28 22:59:39 - [TEST_STEP][PASSED] - comment(d): 





52,50 $

2019-06-28 22:59:39 - [MESSAGE][INFO] - 





52,50 $

2019-06-28 22:59:39 - [TEST_STEP][PASSED] - verifyNotEqual("c", "d"): Actual object 'c' and expected object 'd' are not equal

2019-06-28 22:59:39 - [MESSAGE][PASSED] - Actual object 'c' and expected object 'd' are not equal

2019-06-28 22:59:39 - [TEST_STEP][PASSED] - comment(" price changed . Quantity selector is working"):  price changed . Quantity selector is working

2019-06-28 22:59:39 - [MESSAGE][INFO] -  price changed . Quantity selector is working

2019-06-28 22:59:39 - [TEST_STEP][PASSED] - callTestCase(findTestCase("OCS - DESKTOP/CALL- SHIPPING TO PAYMENT"), [:], STOP_ON_FAILURE): Call Test Case 'Test Cases/OCS - DESKTOP/CALL- SHIPPING TO PAYMENT' successfully

2019-06-28 22:59:39 - [TEST_CASE][PASSED] - Test Cases/OCS - DESKTOP/CALL- SHIPPING TO PAYMENT: Test Cases/OCS - DESKTOP/CALL- SHIPPING TO PAYMENT

2019-06-28 22:59:39 - [TEST_STEP][PASSED] - delay(1): Delayed 1 second(s)

2019-06-28 22:59:40 - [MESSAGE][PASSED] - Delayed 1 second(s)

2019-06-28 22:59:40 - [TEST_STEP][PASSED] - click(findTestObject("OCS-DESKTOP/Cart flyout/Checkbox_I confirm that")): Object: 'Object Repository/OCS-DESKTOP/Cart flyout/Checkbox_I confirm that' is clicked on

2019-06-28 22:59:40 - [MESSAGE][PASSED] - Object: 'Object Repository/OCS-DESKTOP/Cart flyout/Checkbox_I confirm that' is clicked on

2019-06-28 22:59:40 - [TEST_STEP][PASSED] - delay(1): Delayed 1 second(s)

2019-06-28 22:59:41 - [MESSAGE][PASSED] - Delayed 1 second(s)

2019-06-28 22:59:41 - [TEST_STEP][PASSED] - click(findTestObject("OCS-DESKTOP/Cart flyout/Checkbox_Accept the Terms Condition")): Object: 'Object Repository/OCS-DESKTOP/Cart flyout/Checkbox_Accept the Terms Condition' is clicked on

2019-06-28 22:59:41 - [MESSAGE][PASSED] - Object: 'Object Repository/OCS-DESKTOP/Cart flyout/Checkbox_Accept the Terms Condition' is clicked on

2019-06-28 22:59:41 - [TEST_STEP][PASSED] - delay(1): Delayed 1 second(s)

2019-06-28 22:59:42 - [MESSAGE][PASSED] - Delayed 1 second(s)

2019-06-28 22:59:42 - [TEST_STEP][PASSED] - click(findTestObject("OCS-DESKTOP/Cart flyout/Checkout - Button")): Object: 'Object Repository/OCS-DESKTOP/Cart flyout/Checkout - Button' is clicked on

2019-06-28 22:59:42 - [MESSAGE][PASSED] - Object: 'Object Repository/OCS-DESKTOP/Cart flyout/Checkout - Button' is clicked on

2019-06-28 22:59:42 - [TEST_STEP][NOT_RUN] - executeJavaScript("var previewBar = document.getElementById("preview-bar-iframe"); previewBar.style.display = "none";", []): NOT_RUN: executeJavaScript("var previewBar = document.getElementById("preview-bar-iframe"); previewBar.style.display = "none";", [])

2019-06-28 22:59:42 - [MESSAGE][NOT_RUN] - NOT_RUN: executeJavaScript("var previewBar = document.getElementById("preview-bar-iframe"); previewBar.style.display = "none";", [])

2019-06-28 22:59:42 - [TEST_STEP][PASSED] - delay(2): Delayed 2 second(s)

2019-06-28 22:59:44 - [MESSAGE][PASSED] - Delayed 2 second(s)

2019-06-28 22:59:44 - [TEST_STEP][PASSED] - setText(findTestObject("Object Repository/Page_Ontario Cannabis Store - Infor/input_Adresse e-mail_checkoute"), "suman@gmail.com"): Text 'suman@gmail.com' is set on object 'Object Repository/Page_Ontario Cannabis Store - Infor/input_Adresse e-mail_checkoute'

2019-06-28 22:59:46 - [MESSAGE][PASSED] - Text 'suman@gmail.com' is set on object 'Object Repository/Page_Ontario Cannabis Store - Infor/input_Adresse e-mail_checkoute'

2019-06-28 22:59:46 - [TEST_STEP][PASSED] - setText(findTestObject("Object Repository/Page_Ontario Cannabis Store - Infor/input_Prnom_checkoutshipping_a"), "suman"): Text 'suman' is set on object 'Object Repository/Page_Ontario Cannabis Store - Infor/input_Prnom_checkoutshipping_a'

2019-06-28 22:59:46 - [MESSAGE][PASSED] - Text 'suman' is set on object 'Object Repository/Page_Ontario Cannabis Store - Infor/input_Prnom_checkoutshipping_a'

2019-06-28 22:59:46 - [TEST_STEP][PASSED] - setText(findTestObject("Object Repository/Page_Ontario Cannabis Store - Infor/input_Nom_checkoutshipping_add"), "kompelly"): Text 'kompelly' is set on object 'Object Repository/Page_Ontario Cannabis Store - Infor/input_Nom_checkoutshipping_add'

2019-06-28 22:59:46 - [MESSAGE][PASSED] - Text 'kompelly' is set on object 'Object Repository/Page_Ontario Cannabis Store - Infor/input_Nom_checkoutshipping_add'

2019-06-28 22:59:46 - [TEST_STEP][PASSED] - setText(findTestObject("Object Repository/Page_Ontario Cannabis Store - Infor/input_Adresse_checkoutshipping"), "123 test"): Text '123 test' is set on object 'Object Repository/Page_Ontario Cannabis Store - Infor/input_Adresse_checkoutshipping'

2019-06-28 22:59:46 - [MESSAGE][PASSED] - Text '123 test' is set on object 'Object Repository/Page_Ontario Cannabis Store - Infor/input_Adresse_checkoutshipping'

2019-06-28 22:59:46 - [TEST_STEP][PASSED] - setText(findTestObject("Object Repository/Page_Ontario Cannabis Store - Infor/input_Appartement suite etc. ("), "123"): Text '123' is set on object 'Object Repository/Page_Ontario Cannabis Store - Infor/input_Appartement suite etc. ('

2019-06-28 22:59:46 - [MESSAGE][PASSED] - Text '123' is set on object 'Object Repository/Page_Ontario Cannabis Store - Infor/input_Appartement suite etc. ('

2019-06-28 22:59:46 - [TEST_STEP][PASSED] - setText(findTestObject("Object Repository/Page_Ontario Cannabis Store - Infor/input_Ville_checkoutshipping_a"), "montreal"): Text 'montreal' is set on object 'Object Repository/Page_Ontario Cannabis Store - Infor/input_Ville_checkoutshipping_a'

2019-06-28 22:59:47 - [MESSAGE][PASSED] - Text 'montreal' is set on object 'Object Repository/Page_Ontario Cannabis Store - Infor/input_Ville_checkoutshipping_a'

2019-06-28 22:59:47 - [TEST_STEP][PASSED] - setText(findTestObject("Object Repository/Page_Ontario Cannabis Store - Infor/input_Code postal_checkoutship"), "n0r1k0"): Text 'n0r1k0' is set on object 'Object Repository/Page_Ontario Cannabis Store - Infor/input_Code postal_checkoutship'

2019-06-28 22:59:47 - [MESSAGE][PASSED] - Text 'n0r1k0' is set on object 'Object Repository/Page_Ontario Cannabis Store - Infor/input_Code postal_checkoutship'

2019-06-28 22:59:47 - [TEST_STEP][PASSED] - setText(findTestObject("Object Repository/Page_Ontario Cannabis Store - Infor/input_Tlphone_checkoutshipping"), "514-449-3883"): Text '514-449-3883' is set on object 'Object Repository/Page_Ontario Cannabis Store - Infor/input_Tlphone_checkoutshipping'

2019-06-28 22:59:47 - [MESSAGE][PASSED] - Text '514-449-3883' is set on object 'Object Repository/Page_Ontario Cannabis Store - Infor/input_Tlphone_checkoutshipping'

2019-06-28 22:59:47 - [TEST_STEP][PASSED] - delay(2): Delayed 2 second(s)

2019-06-28 22:59:49 - [MESSAGE][PASSED] - Delayed 2 second(s)

2019-06-28 22:59:49 - [TEST_STEP][PASSED] - click(findTestObject("Object Repository/Page_Ontario Cannabis Store - Infor/button_Continuer vers le mode")): Object: 'Object Repository/Page_Ontario Cannabis Store - Infor/button_Continuer vers le mode' is clicked on

2019-06-28 22:59:49 - [MESSAGE][PASSED] - Object: 'Object Repository/Page_Ontario Cannabis Store - Infor/button_Continuer vers le mode' is clicked on

2019-06-28 22:59:49 - [TEST_STEP][PASSED] - delay(4): Delayed 4 second(s)

2019-06-28 22:59:53 - [MESSAGE][PASSED] - Delayed 4 second(s)

2019-06-28 22:59:53 - [TEST_STEP][NOT_RUN] - executeJavaScript("var previewBar = document.getElementById("preview-bar-iframe"); previewBar.style.display = "none";", []): NOT_RUN: executeJavaScript("var previewBar = document.getElementById("preview-bar-iframe"); previewBar.style.display = "none";", [])

2019-06-28 22:59:53 - [MESSAGE][NOT_RUN] - NOT_RUN: executeJavaScript("var previewBar = document.getElementById("preview-bar-iframe"); previewBar.style.display = "none";", [])

2019-06-28 22:59:53 - [TEST_STEP][PASSED] - delay(2): Delayed 2 second(s)

2019-06-28 22:59:55 - [MESSAGE][PASSED] - Delayed 2 second(s)

2019-06-28 22:59:55 - [TEST_STEP][PASSED] - click(findTestObject("Object Repository/Page_Ontario Cannabis Store - Livra/button_Continuer vers le moyen")): Object: 'Object Repository/Page_Ontario Cannabis Store - Livra/button_Continuer vers le moyen' is clicked on

2019-06-28 22:59:55 - [MESSAGE][PASSED] - Object: 'Object Repository/Page_Ontario Cannabis Store - Livra/button_Continuer vers le moyen' is clicked on

2019-06-28 22:59:55 - [MESSAGE][PASSED] - Call Test Case 'Test Cases/OCS - DESKTOP/CALL- SHIPPING TO PAYMENT' successfully]]></system-out>
         <system-err><![CDATA[]]></system-err>
      </testcase>
      <testcase name="Test Cases/OCS - DESKTOP/OCS- CRITICAL PATH - FRENCH/Cart flyout - Price comparison-fr" classname="Test Cases/OCS - DESKTOP/OCS- CRITICAL PATH - FRENCH/Cart flyout - Price comparison-fr" status="FAILED">
         <failure type="FAILED" message="Test Cases/OCS - DESKTOP/OCS- CRITICAL PATH - FRENCH/Cart flyout - Price comparison-fr FAILED.
Reason:
com.kms.katalon.core.exception.StepFailedException: Unable to verify equal between actual object '45' and expected object '






45' (Root cause: com.kms.katalon.core.exception.StepFailedException: Actual object '45' and expected object '






45' are not equal)
	at com.kms.katalon.core.keyword.internal.KeywordMain.stepFailed(KeywordMain.groovy:36)
	at com.kms.katalon.core.keyword.internal.KeywordMain.stepFailed(KeywordMain.groovy)
	at com.kms.katalon.core.keyword.internal.KeywordMain.runKeyword(KeywordMain.groovy:56)
	at com.kms.katalon.core.keyword.builtin.VerifyEqualKeyword.verifyEqual(VerifyEqualKeyword.groovy:63)
	at com.kms.katalon.core.keyword.builtin.VerifyEqualKeyword.execute(VerifyEqualKeyword.groovy:44)
	at com.kms.katalon.core.keyword.internal.KeywordExecutor.executeKeywordForPlatform(KeywordExecutor.groovy:53)
	at com.kms.katalon.core.keyword.BuiltinKeywords.verifyEqual(BuiltinKeywords.groovy:141)
	at Cart flyout - Price comparison-fr.run(Cart flyout - Price comparison-fr:185)
	at com.kms.katalon.core.main.ScriptEngine.run(ScriptEngine.java:194)
	at com.kms.katalon.core.main.ScriptEngine.runScriptAsRawText(ScriptEngine.java:119)
	at com.kms.katalon.core.main.TestCaseExecutor.runScript(TestCaseExecutor.java:328)
	at com.kms.katalon.core.main.TestCaseExecutor.doExecute(TestCaseExecutor.java:319)
	at com.kms.katalon.core.main.TestCaseExecutor.processExecutionPhase(TestCaseExecutor.java:298)
	at com.kms.katalon.core.main.TestCaseExecutor.accessMainPhase(TestCaseExecutor.java:290)
	at com.kms.katalon.core.main.TestCaseExecutor.execute(TestCaseExecutor.java:224)
	at com.kms.katalon.core.main.TestSuiteExecutor.accessTestCaseMainPhase(TestSuiteExecutor.java:129)
	at com.kms.katalon.core.main.TestSuiteExecutor.accessTestSuiteMainPhase(TestSuiteExecutor.java:112)
	at com.kms.katalon.core.main.TestSuiteExecutor.execute(TestSuiteExecutor.java:81)
	at com.kms.katalon.core.main.TestCaseMain.startTestSuite(TestCaseMain.java:149)
	at com.kms.katalon.core.main.TestCaseMain$startTestSuite$0.call(Unknown Source)
	at TempTestSuite1561776273795.run(TempTestSuite1561776273795.groovy:36)
"/>
         <system-out><![CDATA[2019-06-28 22:59:55 - [TEST_CASE][FAILED] - Test Cases/OCS - DESKTOP/OCS- CRITICAL PATH - FRENCH/Cart flyout - Price comparison-fr: Test Cases/OCS - DESKTOP/OCS- CRITICAL PATH - FRENCH/Cart flyout - Price comparison-fr FAILED.
Reason:
com.kms.katalon.core.exception.StepFailedException: Unable to verify equal between actual object '45' and expected object '






45' (Root cause: com.kms.katalon.core.exception.StepFailedException: Actual object '45' and expected object '






45' are not equal)
	at com.kms.katalon.core.keyword.internal.KeywordMain.stepFailed(KeywordMain.groovy:36)
	at com.kms.katalon.core.keyword.internal.KeywordMain.stepFailed(KeywordMain.groovy)
	at com.kms.katalon.core.keyword.internal.KeywordMain.runKeyword(KeywordMain.groovy:56)
	at com.kms.katalon.core.keyword.builtin.VerifyEqualKeyword.verifyEqual(VerifyEqualKeyword.groovy:63)
	at com.kms.katalon.core.keyword.builtin.VerifyEqualKeyword.execute(VerifyEqualKeyword.groovy:44)
	at com.kms.katalon.core.keyword.internal.KeywordExecutor.executeKeywordForPlatform(KeywordExecutor.groovy:53)
	at com.kms.katalon.core.keyword.BuiltinKeywords.verifyEqual(BuiltinKeywords.groovy:141)
	at Cart flyout - Price comparison-fr.run(Cart flyout - Price comparison-fr:185)
	at com.kms.katalon.core.main.ScriptEngine.run(ScriptEngine.java:194)
	at com.kms.katalon.core.main.ScriptEngine.runScriptAsRawText(ScriptEngine.java:119)
	at com.kms.katalon.core.main.TestCaseExecutor.runScript(TestCaseExecutor.java:328)
	at com.kms.katalon.core.main.TestCaseExecutor.doExecute(TestCaseExecutor.java:319)
	at com.kms.katalon.core.main.TestCaseExecutor.processExecutionPhase(TestCaseExecutor.java:298)
	at com.kms.katalon.core.main.TestCaseExecutor.accessMainPhase(TestCaseExecutor.java:290)
	at com.kms.katalon.core.main.TestCaseExecutor.execute(TestCaseExecutor.java:224)
	at com.kms.katalon.core.main.TestSuiteExecutor.accessTestCaseMainPhase(TestSuiteExecutor.java:129)
	at com.kms.katalon.core.main.TestSuiteExecutor.accessTestSuiteMainPhase(TestSuiteExecutor.java:112)
	at com.kms.katalon.core.main.TestSuiteExecutor.execute(TestSuiteExecutor.java:81)
	at com.kms.katalon.core.main.TestCaseMain.startTestSuite(TestCaseMain.java:149)
	at com.kms.katalon.core.main.TestCaseMain$startTestSuite$0.call(Unknown Source)
	at TempTestSuite1561776273795.run(TempTestSuite1561776273795.groovy:36)


2019-06-28 22:59:55 - [TEST_STEP][PASSED] - callTestCase(findTestCase("OCS - DESKTOP/CALL- Age gate"), [:], STOP_ON_FAILURE): Call Test Case 'Test Cases/OCS - DESKTOP/CALL- Age gate' successfully

2019-06-28 22:59:55 - [TEST_CASE][PASSED] - Test Cases/OCS - DESKTOP/CALL- Age gate: Test Cases/OCS - DESKTOP/CALL- Age gate

2019-06-28 22:59:55 - [TEST_STEP][PASSED] - openBrowser(""): Browser is opened with url: ''

2019-06-28 22:59:55 - [MESSAGE][WARNING] - A browser is already opened. Closing browser and opening a new one

2019-06-28 22:59:55 - [MESSAGE][INFO] - Starting 'Safari' driver

2019-06-28 22:59:56 - [MESSAGE][PASSED] - Browser is opened with url: ''

2019-06-28 22:59:56 - [TEST_STEP][PASSED] - navigateToUrl("ocs.ca"): Navigate to 'http://ocs.ca' successfully

2019-06-28 22:59:59 - [MESSAGE][PASSED] - Navigate to 'http://ocs.ca' successfully

2019-06-28 22:59:59 - [TEST_STEP][PASSED] - maximizeWindow(): Current window maximized

2019-06-28 22:59:59 - [MESSAGE][PASSED] - Current window maximized

2019-06-28 22:59:59 - [TEST_STEP][PASSED] - delay(2): Delayed 2 second(s)

2019-06-28 23:00:01 - [MESSAGE][PASSED] - Delayed 2 second(s)

2019-06-28 23:00:01 - [TEST_STEP][NOT_RUN] - executeJavaScript("var previewBar = document.getElementById("preview-bar-iframe"); previewBar.style.display = "none";", []): NOT_RUN: executeJavaScript("var previewBar = document.getElementById("preview-bar-iframe"); previewBar.style.display = "none";", [])

2019-06-28 23:00:01 - [MESSAGE][NOT_RUN] - NOT_RUN: executeJavaScript("var previewBar = document.getElementById("preview-bar-iframe"); previewBar.style.display = "none";", [])

2019-06-28 23:00:01 - [TEST_STEP][PASSED] - selectOptionByValue(findTestObject("OCS-DESKTOP/Age gate and Mega menu/Date"), "12", true): All options with value '12' are selected in object 'Object Repository/OCS-DESKTOP/Age gate and Mega menu/Date'  using regular expression

2019-06-28 23:00:01 - [MESSAGE][PASSED] - All options with value '12' are selected in object 'Object Repository/OCS-DESKTOP/Age gate and Mega menu/Date'  using regular expression

2019-06-28 23:00:01 - [TEST_STEP][PASSED] - selectOptionByValue(findTestObject("OCS-DESKTOP/Age gate and Mega menu/month"), "6", true): All options with value '6' are selected in object 'Object Repository/OCS-DESKTOP/Age gate and Mega menu/month'  using regular expression

2019-06-28 23:00:02 - [MESSAGE][PASSED] - All options with value '6' are selected in object 'Object Repository/OCS-DESKTOP/Age gate and Mega menu/month'  using regular expression

2019-06-28 23:00:02 - [TEST_STEP][PASSED] - delay(2): Delayed 2 second(s)

2019-06-28 23:00:04 - [MESSAGE][PASSED] - Delayed 2 second(s)

2019-06-28 23:00:04 - [TEST_STEP][PASSED] - selectOptionByValue(findTestObject("OCS-DESKTOP/Age gate and Mega menu/Year Dropdown"), "1990", true): All options with value '1990' are selected in object 'Object Repository/OCS-DESKTOP/Age gate and Mega menu/Year Dropdown'  using regular expression

2019-06-28 23:00:05 - [MESSAGE][PASSED] - All options with value '1990' are selected in object 'Object Repository/OCS-DESKTOP/Age gate and Mega menu/Year Dropdown'  using regular expression

2019-06-28 23:00:05 - [TEST_STEP][PASSED] - click(findTestObject("OCS-DESKTOP/Age gate and Mega menu/button_Verify")): Object: 'Object Repository/OCS-DESKTOP/Age gate and Mega menu/button_Verify' is clicked on

2019-06-28 23:00:05 - [MESSAGE][PASSED] - Object: 'Object Repository/OCS-DESKTOP/Age gate and Mega menu/button_Verify' is clicked on

2019-06-28 23:00:05 - [TEST_STEP][PASSED] - click(findTestObject("OCS-DESKTOP/Age gate and Mega menu/Checkbox_CONFIRM AND ACKNOWLEDGE")): Object: 'Object Repository/OCS-DESKTOP/Age gate and Mega menu/Checkbox_CONFIRM AND ACKNOWLEDGE' is clicked on

2019-06-28 23:00:05 - [MESSAGE][PASSED] - Object: 'Object Repository/OCS-DESKTOP/Age gate and Mega menu/Checkbox_CONFIRM AND ACKNOWLEDGE' is clicked on

2019-06-28 23:00:05 - [TEST_STEP][PASSED] - click(findTestObject("OCS-DESKTOP/Age gate and Mega menu/button_CONFIRM")): Object: 'Object Repository/OCS-DESKTOP/Age gate and Mega menu/button_CONFIRM' is clicked on

2019-06-28 23:00:05 - [MESSAGE][PASSED] - Object: 'Object Repository/OCS-DESKTOP/Age gate and Mega menu/button_CONFIRM' is clicked on

2019-06-28 23:00:05 - [TEST_STEP][PASSED] - click(findTestObject("OCS-DESKTOP/Age gate and Mega menu/button_Start Browsing")): Object: 'Object Repository/OCS-DESKTOP/Age gate and Mega menu/button_Start Browsing' is clicked on

2019-06-28 23:00:06 - [MESSAGE][PASSED] - Object: 'Object Repository/OCS-DESKTOP/Age gate and Mega menu/button_Start Browsing' is clicked on

2019-06-28 23:00:06 - [TEST_STEP][PASSED] - delay(2): Delayed 2 second(s)

2019-06-28 23:00:08 - [MESSAGE][PASSED] - Delayed 2 second(s)

2019-06-28 23:00:08 - [TEST_STEP][PASSED] - refresh(): Refresh successfully

2019-06-28 23:00:10 - [MESSAGE][PASSED] - Refresh successfully

2019-06-28 23:00:10 - [MESSAGE][PASSED] - Call Test Case 'Test Cases/OCS - DESKTOP/CALL- Age gate' successfully

2019-06-28 23:00:10 - [TEST_STEP][PASSED] - delay(2): Delayed 2 second(s)

2019-06-28 23:00:12 - [MESSAGE][PASSED] - Delayed 2 second(s)

2019-06-28 23:00:12 - [TEST_STEP][PASSED] - callTestCase(findTestCase("OCS - DESKTOP/CALL - TOGGLING LANGUAGE"), [:], STOP_ON_FAILURE): Call Test Case 'Test Cases/OCS - DESKTOP/CALL - TOGGLING LANGUAGE' successfully

2019-06-28 23:00:12 - [TEST_CASE][PASSED] - Test Cases/OCS - DESKTOP/CALL - TOGGLING LANGUAGE: Test Cases/OCS - DESKTOP/CALL - TOGGLING LANGUAGE

2019-06-28 23:00:12 - [TEST_STEP][PASSED] - delay(2): Delayed 2 second(s)

2019-06-28 23:00:14 - [MESSAGE][PASSED] - Delayed 2 second(s)

2019-06-28 23:00:14 - [TEST_STEP][PASSED] - click(findTestObject("OCS-DESKTOP/Cart flyout/English dropdown")): Object: 'Object Repository/OCS-DESKTOP/Cart flyout/English dropdown' is clicked on

2019-06-28 23:00:14 - [MESSAGE][PASSED] - Object: 'Object Repository/OCS-DESKTOP/Cart flyout/English dropdown' is clicked on

2019-06-28 23:00:14 - [TEST_STEP][PASSED] - delay(2): Delayed 2 second(s)

2019-06-28 23:00:16 - [MESSAGE][PASSED] - Delayed 2 second(s)

2019-06-28 23:00:16 - [TEST_STEP][PASSED] - click(findTestObject("OCS-DESKTOP/Cart flyout/Select French")): Object: 'Object Repository/OCS-DESKTOP/Cart flyout/Select French' is clicked on

2019-06-28 23:00:16 - [MESSAGE][PASSED] - Object: 'Object Repository/OCS-DESKTOP/Cart flyout/Select French' is clicked on

2019-06-28 23:00:16 - [TEST_STEP][PASSED] - delay(5): Delayed 5 second(s)

2019-06-28 23:00:21 - [MESSAGE][PASSED] - Delayed 5 second(s)

2019-06-28 23:00:21 - [TEST_STEP][PASSED] - e = getWindowTitle(): Current window's title is: 'Magasin de Cannabis de l'Ontario | Ontario Cannabis Store'

2019-06-28 23:00:21 - [MESSAGE][PASSED] - Current window's title is: 'Magasin de Cannabis de l'Ontario | Ontario Cannabis Store'

2019-06-28 23:00:21 - [MESSAGE][PASSED] - Call Test Case 'Test Cases/OCS - DESKTOP/CALL - TOGGLING LANGUAGE' successfully

2019-06-28 23:00:21 - [TEST_STEP][PASSED] - click(findTestObject("OCS-DESKTOP/Age gate and Mega menu/Header/CANNABIS menu - English")): Object: 'Object Repository/OCS-DESKTOP/Age gate and Mega menu/Header/CANNABIS menu - English' is clicked on

2019-06-28 23:00:21 - [MESSAGE][PASSED] - Object: 'Object Repository/OCS-DESKTOP/Age gate and Mega menu/Header/CANNABIS menu - English' is clicked on

2019-06-28 23:00:21 - [TEST_STEP][PASSED] - delay(2): Delayed 2 second(s)

2019-06-28 23:00:23 - [MESSAGE][PASSED] - Delayed 2 second(s)

2019-06-28 23:00:23 - [TEST_STEP][NOT_RUN] - executeJavaScript("var previewBar = document.getElementById("preview-bar-iframe"); previewBar.style.display = "none";", []): NOT_RUN: executeJavaScript("var previewBar = document.getElementById("preview-bar-iframe"); previewBar.style.display = "none";", [])

2019-06-28 23:00:23 - [MESSAGE][NOT_RUN] - NOT_RUN: executeJavaScript("var previewBar = document.getElementById("preview-bar-iframe"); previewBar.style.display = "none";", [])

2019-06-28 23:00:23 - [TEST_STEP][PASSED] - click(findTestObject("OCS-DESKTOP/Age gate and Mega menu/Indica Dominant_Menu item")): Object: 'Object Repository/OCS-DESKTOP/Age gate and Mega menu/Indica Dominant_Menu item' is clicked on

2019-06-28 23:00:24 - [MESSAGE][PASSED] - Object: 'Object Repository/OCS-DESKTOP/Age gate and Mega menu/Indica Dominant_Menu item' is clicked on

2019-06-28 23:00:24 - [TEST_STEP][NOT_RUN] - executeJavaScript("var previewBar = document.getElementById("preview-bar-iframe"); previewBar.style.display = "none";", []): NOT_RUN: executeJavaScript("var previewBar = document.getElementById("preview-bar-iframe"); previewBar.style.display = "none";", [])

2019-06-28 23:00:24 - [MESSAGE][NOT_RUN] - NOT_RUN: executeJavaScript("var previewBar = document.getElementById("preview-bar-iframe"); previewBar.style.display = "none";", [])

2019-06-28 23:00:24 - [TEST_STEP][PASSED] - delay(2): Delayed 2 second(s)

2019-06-28 23:00:26 - [MESSAGE][PASSED] - Delayed 2 second(s)

2019-06-28 23:00:26 - [TEST_STEP][PASSED] - click(findTestObject("FRENCH/Product image - 1st one")): Object: 'Object Repository/FRENCH/Product image - 1st one' is clicked on

2019-06-28 23:00:30 - [MESSAGE][PASSED] - Object: 'Object Repository/FRENCH/Product image - 1st one' is clicked on

2019-06-28 23:00:30 - [TEST_STEP][NOT_RUN] - executeJavaScript("var previewBar = document.getElementById("preview-bar-iframe"); previewBar.style.display = "none";", []): NOT_RUN: executeJavaScript("var previewBar = document.getElementById("preview-bar-iframe"); previewBar.style.display = "none";", [])

2019-06-28 23:00:30 - [MESSAGE][NOT_RUN] - NOT_RUN: executeJavaScript("var previewBar = document.getElementById("preview-bar-iframe"); previewBar.style.display = "none";", [])

2019-06-28 23:00:30 - [TEST_STEP][PASSED] - delay(1): Delayed 1 second(s)

2019-06-28 23:00:31 - [MESSAGE][PASSED] - Delayed 1 second(s)

2019-06-28 23:00:31 - [TEST_STEP][PASSED] - delay(3): Delayed 3 second(s)

2019-06-28 23:00:34 - [MESSAGE][PASSED] - Delayed 3 second(s)

2019-06-28 23:00:34 - [TEST_STEP][PASSED] - click(findTestObject("OCS-DESKTOP/Product page/Swatch_1g")): Object: 'Object Repository/OCS-DESKTOP/Product page/Swatch_1g' is clicked on

2019-06-28 23:00:34 - [MESSAGE][PASSED] - Object: 'Object Repository/OCS-DESKTOP/Product page/Swatch_1g' is clicked on

2019-06-28 23:00:34 - [TEST_STEP][PASSED] - delay(2): Delayed 2 second(s)

2019-06-28 23:00:36 - [MESSAGE][PASSED] - Delayed 2 second(s)

2019-06-28 23:00:36 - [TEST_STEP][PASSED] - click(findTestObject("OCS-DESKTOP/Product page/Add to Bag-button")): Object: 'Object Repository/OCS-DESKTOP/Product page/Add to Bag-button' is clicked on

2019-06-28 23:00:36 - [MESSAGE][PASSED] - Object: 'Object Repository/OCS-DESKTOP/Product page/Add to Bag-button' is clicked on

2019-06-28 23:00:36 - [TEST_STEP][PASSED] - delay(1): Delayed 1 second(s)

2019-06-28 23:00:37 - [MESSAGE][PASSED] - Delayed 1 second(s)

2019-06-28 23:00:37 - [TEST_STEP][PASSED] - click(findTestObject("OCS-DESKTOP/Cart flyout/Back icon"), CONTINUE_ON_FAILURE): Object: 'Object Repository/OCS-DESKTOP/Cart flyout/Back icon' is clicked on

2019-06-28 23:00:37 - [MESSAGE][PASSED] - Object: 'Object Repository/OCS-DESKTOP/Cart flyout/Back icon' is clicked on

2019-06-28 23:00:37 - [TEST_STEP][PASSED] - delay(2): Delayed 2 second(s)

2019-06-28 23:00:39 - [MESSAGE][PASSED] - Delayed 2 second(s)

2019-06-28 23:00:39 - [TEST_STEP][NOT_RUN] - click(findTestObject("OCS-DESKTOP/Home - page/Cart icon -bag"), OPTIONAL): NOT_RUN: click(findTestObject("OCS-DESKTOP/Home - page/Cart icon -bag"), OPTIONAL)

2019-06-28 23:00:39 - [MESSAGE][NOT_RUN] - NOT_RUN: click(findTestObject("OCS-DESKTOP/Home - page/Cart icon -bag"), OPTIONAL)

2019-06-28 23:00:39 - [TEST_STEP][PASSED] - delay(2): Delayed 2 second(s)

2019-06-28 23:00:41 - [MESSAGE][PASSED] - Delayed 2 second(s)

2019-06-28 23:00:41 - [TEST_STEP][PASSED] - click(findTestObject("OCS-DESKTOP/Product page/Swatch_3.5g"), CONTINUE_ON_FAILURE): Object: 'Object Repository/OCS-DESKTOP/Product page/Swatch_3.5g' is clicked on

2019-06-28 23:00:42 - [MESSAGE][PASSED] - Object: 'Object Repository/OCS-DESKTOP/Product page/Swatch_3.5g' is clicked on

2019-06-28 23:00:42 - [TEST_STEP][PASSED] - delay(2): Delayed 2 second(s)

2019-06-28 23:00:44 - [MESSAGE][PASSED] - Delayed 2 second(s)

2019-06-28 23:00:44 - [TEST_STEP][PASSED] - click(findTestObject("OCS-DESKTOP/Product page/Add to Bag-button")): Object: 'Object Repository/OCS-DESKTOP/Product page/Add to Bag-button' is clicked on

2019-06-28 23:00:44 - [MESSAGE][PASSED] - Object: 'Object Repository/OCS-DESKTOP/Product page/Add to Bag-button' is clicked on

2019-06-28 23:00:44 - [TEST_STEP][PASSED] - delay(2): Delayed 2 second(s)

2019-06-28 23:00:46 - [MESSAGE][PASSED] - Delayed 2 second(s)

2019-06-28 23:00:46 - [TEST_STEP][PASSED] - a = getText(findTestObject("FRENCH/Unit price - 1st Product")): Text of object 'Object Repository/FRENCH/Unit price - 1st Product' is: '






35,00 $'

2019-06-28 23:00:46 - [MESSAGE][PASSED] - Text of object 'Object Repository/FRENCH/Unit price - 1st Product' is: '






35,00 $'

2019-06-28 23:00:46 - [TEST_STEP][PASSED] - comment(a): 






35,00 $

2019-06-28 23:00:46 - [MESSAGE][INFO] - 






35,00 $

2019-06-28 23:00:46 - [TEST_STEP][PASSED] - a1 = a.substring(0, a.length() - 1): null

2019-06-28 23:00:46 - [TEST_STEP][PASSED] - comment("a1 = " + a1): a1 = 






35,00 

2019-06-28 23:00:46 - [MESSAGE][INFO] - a1 = 






35,00 

2019-06-28 23:00:46 - [TEST_STEP][PASSED] - x1 = a1.substring(0, a1.length() - 1): null

2019-06-28 23:00:46 - [TEST_STEP][PASSED] - comment("x1 = " + x1): x1 = 






35,00

2019-06-28 23:00:46 - [MESSAGE][INFO] - x1 = 






35,00

2019-06-28 23:00:46 - [TEST_STEP][PASSED] - x2 = x1.substring(0, x1.length() - 1): null

2019-06-28 23:00:46 - [TEST_STEP][PASSED] - comment("x2 = " + x2): x2 = 






35,0

2019-06-28 23:00:46 - [MESSAGE][INFO] - x2 = 






35,0

2019-06-28 23:00:46 - [TEST_STEP][PASSED] - x3 = x2.substring(0, x2.length() - 1): null

2019-06-28 23:00:46 - [TEST_STEP][PASSED] - comment("x3 = " + x3): x3 = 






35,

2019-06-28 23:00:46 - [MESSAGE][INFO] - x3 = 






35,

2019-06-28 23:00:46 - [TEST_STEP][PASSED] - x6 = x3.substring(0, x3.length() - 1): null

2019-06-28 23:00:46 - [TEST_STEP][PASSED] - comment("x6 = " + x6): x6 = 






35

2019-06-28 23:00:46 - [MESSAGE][INFO] - x6 = 






35

2019-06-28 23:00:46 - [TEST_STEP][PASSED] - delay(2): Delayed 2 second(s)

2019-06-28 23:00:48 - [MESSAGE][PASSED] - Delayed 2 second(s)

2019-06-28 23:00:48 - [TEST_STEP][PASSED] - b = getText(findTestObject("FRENCH/Unit price - 2nd Product")): Text of object 'Object Repository/FRENCH/Unit price - 2nd Product' is: '






10,50 $'

2019-06-28 23:00:48 - [MESSAGE][PASSED] - Text of object 'Object Repository/FRENCH/Unit price - 2nd Product' is: '






10,50 $'

2019-06-28 23:00:48 - [TEST_STEP][PASSED] - comment(b): 






10,50 $

2019-06-28 23:00:48 - [MESSAGE][INFO] - 






10,50 $

2019-06-28 23:00:48 - [TEST_STEP][PASSED] - a2 = b.substring(0, b.length() - 1): null

2019-06-28 23:00:48 - [TEST_STEP][PASSED] - comment("a2 = " + a2): a2 = 






10,50 

2019-06-28 23:00:48 - [MESSAGE][INFO] - a2 = 






10,50 

2019-06-28 23:00:48 - [TEST_STEP][PASSED] - y1 = a2.substring(0, a2.length() - 1): null

2019-06-28 23:00:48 - [TEST_STEP][PASSED] - comment("y1 = " + y1): y1 = 






10,50

2019-06-28 23:00:48 - [MESSAGE][INFO] - y1 = 






10,50

2019-06-28 23:00:48 - [TEST_STEP][PASSED] - y2 = y1.substring(0, y1.length() - 1): null

2019-06-28 23:00:48 - [TEST_STEP][PASSED] - comment("y2 = " + y2): y2 = 






10,5

2019-06-28 23:00:48 - [MESSAGE][INFO] - y2 = 






10,5

2019-06-28 23:00:48 - [TEST_STEP][PASSED] - y3 = y2.substring(0, y2.length() - 1): null

2019-06-28 23:00:48 - [TEST_STEP][PASSED] - comment("y3 = " + y3): y3 = 






10,

2019-06-28 23:00:48 - [MESSAGE][INFO] - y3 = 






10,

2019-06-28 23:00:48 - [TEST_STEP][PASSED] - y4 = y3.substring(0, y3.length() - 1): null

2019-06-28 23:00:48 - [TEST_STEP][PASSED] - comment("y4 = " + y4): y4 = 






10

2019-06-28 23:00:48 - [MESSAGE][INFO] - y4 = 






10

2019-06-28 23:00:48 - [TEST_STEP][PASSED] - c = getText(findTestObject("FRENCH/Sub-total")): Text of object 'Object Repository/FRENCH/Sub-total' is: '






45,50 $'

2019-06-28 23:00:48 - [MESSAGE][PASSED] - Text of object 'Object Repository/FRENCH/Sub-total' is: '






45,50 $'

2019-06-28 23:00:48 - [TEST_STEP][PASSED] - comment(c): 






45,50 $

2019-06-28 23:00:48 - [MESSAGE][INFO] - 






45,50 $

2019-06-28 23:00:48 - [TEST_STEP][PASSED] - a3 = c.substring(0, c.length() - 1): null

2019-06-28 23:00:48 - [TEST_STEP][PASSED] - comment("a3 = " + a3): a3 = 






45,50 

2019-06-28 23:00:48 - [MESSAGE][INFO] - a3 = 






45,50 

2019-06-28 23:00:48 - [TEST_STEP][PASSED] - z1 = a3.substring(0, a3.length() - 1): null

2019-06-28 23:00:48 - [TEST_STEP][PASSED] - comment("z1 = " + z1): z1 = 






45,50

2019-06-28 23:00:48 - [MESSAGE][INFO] - z1 = 






45,50

2019-06-28 23:00:48 - [TEST_STEP][PASSED] - z2 = z1.substring(0, z1.length() - 1): null

2019-06-28 23:00:48 - [TEST_STEP][PASSED] - comment("z2 = " + z2): z2 = 






45,5

2019-06-28 23:00:48 - [MESSAGE][INFO] - z2 = 






45,5

2019-06-28 23:00:48 - [TEST_STEP][PASSED] - z3 = z2.substring(0, z2.length() - 1): null

2019-06-28 23:00:48 - [TEST_STEP][PASSED] - comment("z3 = " + z3): z3 = 






45,

2019-06-28 23:00:48 - [MESSAGE][INFO] - z3 = 






45,

2019-06-28 23:00:48 - [TEST_STEP][PASSED] - z4 = z3.substring(0, z3.length() - 1): null

2019-06-28 23:00:48 - [TEST_STEP][PASSED] - comment("z4 = " + z4): z4 = 






45

2019-06-28 23:00:48 - [MESSAGE][INFO] - z4 = 






45

2019-06-28 23:00:48 - [TEST_STEP][PASSED] - p2 = <not implemented yet for class: org.codehaus.groovy.ast.expr.EmptyExpression>: null

2019-06-28 23:00:48 - [TEST_STEP][PASSED] - p3 = <not implemented yet for class: org.codehaus.groovy.ast.expr.EmptyExpression>: null

2019-06-28 23:00:48 - [TEST_STEP][PASSED] - try: p2=35.0

2019-06-28 23:00:48 - [TEST_STEP][PASSED] - x4 = x6: null

2019-06-28 23:00:48 - [TEST_STEP][PASSED] - comment("x4=" + x4): x4=






35

2019-06-28 23:00:48 - [MESSAGE][INFO] - x4=






35

2019-06-28 23:00:48 - [TEST_STEP][PASSED] - p2 = Double.valueOf(x4): null

2019-06-28 23:00:48 - [TEST_STEP][PASSED] - comment("p2=" + p2): p2=35.0

2019-06-28 23:00:48 - [MESSAGE][INFO] - p2=35.0

2019-06-28 23:00:48 - [TEST_STEP][PASSED] - try: p3=10.0

2019-06-28 23:00:48 - [TEST_STEP][PASSED] - x5 = y4: null

2019-06-28 23:00:48 - [TEST_STEP][PASSED] - comment("x5=" + x5): x5=






10

2019-06-28 23:00:48 - [MESSAGE][INFO] - x5=






10

2019-06-28 23:00:48 - [TEST_STEP][PASSED] - p3 = Double.valueOf(x5): null

2019-06-28 23:00:48 - [TEST_STEP][PASSED] - comment("p3=" + p3): p3=10.0

2019-06-28 23:00:48 - [MESSAGE][INFO] - p3=10.0

2019-06-28 23:00:48 - [TEST_STEP][PASSED] - comment("p2=" + p2): p2=35.0

2019-06-28 23:00:48 - [MESSAGE][INFO] - p2=35.0

2019-06-28 23:00:48 - [TEST_STEP][PASSED] - comment("p3=" + p3): p3=10.0

2019-06-28 23:00:48 - [MESSAGE][INFO] - p3=10.0

2019-06-28 23:00:48 - [TEST_STEP][PASSED] - total = p2 + p3: null

2019-06-28 23:00:48 - [TEST_STEP][PASSED] - comment("total=" + total): total=45.0

2019-06-28 23:00:48 - [MESSAGE][INFO] - total=45.0

2019-06-28 23:00:48 - [TEST_STEP][FAILED] - verifyEqual(total, z4): verifyEqual(total, z4) FAILED.
Reason:
com.kms.katalon.core.exception.StepFailedException: Unable to verify equal between actual object '45' and expected object '






45' (Root cause: com.kms.katalon.core.exception.StepFailedException: Actual object '45' and expected object '






45' are not equal)
	at com.kms.katalon.core.keyword.internal.KeywordMain.stepFailed(KeywordMain.groovy:36)
	at com.kms.katalon.core.keyword.internal.KeywordMain.stepFailed(KeywordMain.groovy)
	at com.kms.katalon.core.keyword.internal.KeywordMain.runKeyword(KeywordMain.groovy:56)
	at com.kms.katalon.core.keyword.builtin.VerifyEqualKeyword.verifyEqual(VerifyEqualKeyword.groovy:63)
	at com.kms.katalon.core.keyword.builtin.VerifyEqualKeyword.execute(VerifyEqualKeyword.groovy:44)
	at com.kms.katalon.core.keyword.internal.KeywordExecutor.executeKeywordForPlatform(KeywordExecutor.groovy:53)
	at com.kms.katalon.core.keyword.BuiltinKeywords.verifyEqual(BuiltinKeywords.groovy:141)
	at Cart flyout - Price comparison-fr.run(Cart flyout - Price comparison-fr:185)
	at com.kms.katalon.core.main.ScriptEngine.run(ScriptEngine.java:194)
	at com.kms.katalon.core.main.ScriptEngine.runScriptAsRawText(ScriptEngine.java:119)
	at com.kms.katalon.core.main.TestCaseExecutor.runScript(TestCaseExecutor.java:328)
	at com.kms.katalon.core.main.TestCaseExecutor.doExecute(TestCaseExecutor.java:319)
	at com.kms.katalon.core.main.TestCaseExecutor.processExecutionPhase(TestCaseExecutor.java:298)
	at com.kms.katalon.core.main.TestCaseExecutor.accessMainPhase(TestCaseExecutor.java:290)
	at com.kms.katalon.core.main.TestCaseExecutor.execute(TestCaseExecutor.java:224)
	at com.kms.katalon.core.main.TestSuiteExecutor.accessTestCaseMainPhase(TestSuiteExecutor.java:129)
	at com.kms.katalon.core.main.TestSuiteExecutor.accessTestSuiteMainPhase(TestSuiteExecutor.java:112)
	at com.kms.katalon.core.main.TestSuiteExecutor.execute(TestSuiteExecutor.java:81)
	at com.kms.katalon.core.main.TestCaseMain.startTestSuite(TestCaseMain.java:149)
	at com.kms.katalon.core.main.TestCaseMain$startTestSuite$0.call(Unknown Source)
	at TempTestSuite1561776273795.run(TempTestSuite1561776273795.groovy:36)


2019-06-28 23:00:48 - [MESSAGE][FAILED] - Unable to verify equal between actual object '45' and expected object '






45' (Root cause: com.kms.katalon.core.exception.StepFailedException: Actual object '45' and expected object '






45' are not equal)

2019-06-28 23:00:48 - [MESSAGE][FAILED] - verifyEqual(total, z4) FAILED.
Reason:
com.kms.katalon.core.exception.StepFailedException: Unable to verify equal between actual object '45' and expected object '






45' (Root cause: com.kms.katalon.core.exception.StepFailedException: Actual object '45' and expected object '






45' are not equal)
	at com.kms.katalon.core.keyword.internal.KeywordMain.stepFailed(KeywordMain.groovy:36)
	at com.kms.katalon.core.keyword.internal.KeywordMain.stepFailed(KeywordMain.groovy)
	at com.kms.katalon.core.keyword.internal.KeywordMain.runKeyword(KeywordMain.groovy:56)
	at com.kms.katalon.core.keyword.builtin.VerifyEqualKeyword.verifyEqual(VerifyEqualKeyword.groovy:63)
	at com.kms.katalon.core.keyword.builtin.VerifyEqualKeyword.execute(VerifyEqualKeyword.groovy:44)
	at com.kms.katalon.core.keyword.internal.KeywordExecutor.executeKeywordForPlatform(KeywordExecutor.groovy:53)
	at com.kms.katalon.core.keyword.BuiltinKeywords.verifyEqual(BuiltinKeywords.groovy:141)
	at Cart flyout - Price comparison-fr.run(Cart flyout - Price comparison-fr:185)
	at com.kms.katalon.core.main.ScriptEngine.run(ScriptEngine.java:194)
	at com.kms.katalon.core.main.ScriptEngine.runScriptAsRawText(ScriptEngine.java:119)
	at com.kms.katalon.core.main.TestCaseExecutor.runScript(TestCaseExecutor.java:328)
	at com.kms.katalon.core.main.TestCaseExecutor.doExecute(TestCaseExecutor.java:319)
	at com.kms.katalon.core.main.TestCaseExecutor.processExecutionPhase(TestCaseExecutor.java:298)
	at com.kms.katalon.core.main.TestCaseExecutor.accessMainPhase(TestCaseExecutor.java:290)
	at com.kms.katalon.core.main.TestCaseExecutor.execute(TestCaseExecutor.java:224)
	at com.kms.katalon.core.main.TestSuiteExecutor.accessTestCaseMainPhase(TestSuiteExecutor.java:129)
	at com.kms.katalon.core.main.TestSuiteExecutor.accessTestSuiteMainPhase(TestSuiteExecutor.java:112)
	at com.kms.katalon.core.main.TestSuiteExecutor.execute(TestSuiteExecutor.java:81)
	at com.kms.katalon.core.main.TestCaseMain.startTestSuite(TestCaseMain.java:149)
	at com.kms.katalon.core.main.TestCaseMain$startTestSuite$0.call(Unknown Source)
	at TempTestSuite1561776273795.run(TempTestSuite1561776273795.groovy:36)]]></system-out>
         <system-err><![CDATA[2019-06-28 22:59:55 - [TEST_CASE][FAILED] - Test Cases/OCS - DESKTOP/OCS- CRITICAL PATH - FRENCH/Cart flyout - Price comparison-fr: Test Cases/OCS - DESKTOP/OCS- CRITICAL PATH - FRENCH/Cart flyout - Price comparison-fr FAILED.
Reason:
com.kms.katalon.core.exception.StepFailedException: Unable to verify equal between actual object '45' and expected object '






45' (Root cause: com.kms.katalon.core.exception.StepFailedException: Actual object '45' and expected object '






45' are not equal)
	at com.kms.katalon.core.keyword.internal.KeywordMain.stepFailed(KeywordMain.groovy:36)
	at com.kms.katalon.core.keyword.internal.KeywordMain.stepFailed(KeywordMain.groovy)
	at com.kms.katalon.core.keyword.internal.KeywordMain.runKeyword(KeywordMain.groovy:56)
	at com.kms.katalon.core.keyword.builtin.VerifyEqualKeyword.verifyEqual(VerifyEqualKeyword.groovy:63)
	at com.kms.katalon.core.keyword.builtin.VerifyEqualKeyword.execute(VerifyEqualKeyword.groovy:44)
	at com.kms.katalon.core.keyword.internal.KeywordExecutor.executeKeywordForPlatform(KeywordExecutor.groovy:53)
	at com.kms.katalon.core.keyword.BuiltinKeywords.verifyEqual(BuiltinKeywords.groovy:141)
	at Cart flyout - Price comparison-fr.run(Cart flyout - Price comparison-fr:185)
	at com.kms.katalon.core.main.ScriptEngine.run(ScriptEngine.java:194)
	at com.kms.katalon.core.main.ScriptEngine.runScriptAsRawText(ScriptEngine.java:119)
	at com.kms.katalon.core.main.TestCaseExecutor.runScript(TestCaseExecutor.java:328)
	at com.kms.katalon.core.main.TestCaseExecutor.doExecute(TestCaseExecutor.java:319)
	at com.kms.katalon.core.main.TestCaseExecutor.processExecutionPhase(TestCaseExecutor.java:298)
	at com.kms.katalon.core.main.TestCaseExecutor.accessMainPhase(TestCaseExecutor.java:290)
	at com.kms.katalon.core.main.TestCaseExecutor.execute(TestCaseExecutor.java:224)
	at com.kms.katalon.core.main.TestSuiteExecutor.accessTestCaseMainPhase(TestSuiteExecutor.java:129)
	at com.kms.katalon.core.main.TestSuiteExecutor.accessTestSuiteMainPhase(TestSuiteExecutor.java:112)
	at com.kms.katalon.core.main.TestSuiteExecutor.execute(TestSuiteExecutor.java:81)
	at com.kms.katalon.core.main.TestCaseMain.startTestSuite(TestCaseMain.java:149)
	at com.kms.katalon.core.main.TestCaseMain$startTestSuite$0.call(Unknown Source)
	at TempTestSuite1561776273795.run(TempTestSuite1561776273795.groovy:36)]]></system-err>
      </testcase>
      <testcase name="Test Cases/OCS - DESKTOP/OCS- CRITICAL PATH - FRENCH/Checkout - Shipping-fr" classname="Test Cases/OCS - DESKTOP/OCS- CRITICAL PATH - FRENCH/Checkout - Shipping-fr" status="PASSED">
         <system-out><![CDATA[2019-06-28 23:00:48 - [TEST_CASE][PASSED] - Test Cases/OCS - DESKTOP/OCS- CRITICAL PATH - FRENCH/Checkout - Shipping-fr: Test Cases/OCS - DESKTOP/OCS- CRITICAL PATH - FRENCH/Checkout - Shipping-fr

2019-06-28 23:00:48 - [TEST_STEP][PASSED] - callTestCase(findTestCase("OCS - DESKTOP/CALL- Age gate"), [:], STOP_ON_FAILURE): Call Test Case 'Test Cases/OCS - DESKTOP/CALL- Age gate' successfully

2019-06-28 23:00:48 - [TEST_CASE][PASSED] - Test Cases/OCS - DESKTOP/CALL- Age gate: Test Cases/OCS - DESKTOP/CALL- Age gate

2019-06-28 23:00:48 - [TEST_STEP][PASSED] - openBrowser(""): Browser is opened with url: ''

2019-06-28 23:00:48 - [MESSAGE][WARNING] - A browser is already opened. Closing browser and opening a new one

2019-06-28 23:00:48 - [MESSAGE][INFO] - Starting 'Safari' driver

2019-06-28 23:00:49 - [MESSAGE][PASSED] - Browser is opened with url: ''

2019-06-28 23:00:49 - [TEST_STEP][PASSED] - navigateToUrl("ocs.ca"): Navigate to 'http://ocs.ca' successfully

2019-06-28 23:00:50 - [MESSAGE][PASSED] - Navigate to 'http://ocs.ca' successfully

2019-06-28 23:00:50 - [TEST_STEP][PASSED] - maximizeWindow(): Current window maximized

2019-06-28 23:00:50 - [MESSAGE][PASSED] - Current window maximized

2019-06-28 23:00:50 - [TEST_STEP][PASSED] - delay(2): Delayed 2 second(s)

2019-06-28 23:00:52 - [MESSAGE][PASSED] - Delayed 2 second(s)

2019-06-28 23:00:52 - [TEST_STEP][NOT_RUN] - executeJavaScript("var previewBar = document.getElementById("preview-bar-iframe"); previewBar.style.display = "none";", []): NOT_RUN: executeJavaScript("var previewBar = document.getElementById("preview-bar-iframe"); previewBar.style.display = "none";", [])

2019-06-28 23:00:52 - [MESSAGE][NOT_RUN] - NOT_RUN: executeJavaScript("var previewBar = document.getElementById("preview-bar-iframe"); previewBar.style.display = "none";", [])

2019-06-28 23:00:52 - [TEST_STEP][PASSED] - selectOptionByValue(findTestObject("OCS-DESKTOP/Age gate and Mega menu/Date"), "12", true): All options with value '12' are selected in object 'Object Repository/OCS-DESKTOP/Age gate and Mega menu/Date'  using regular expression

2019-06-28 23:00:53 - [MESSAGE][PASSED] - All options with value '12' are selected in object 'Object Repository/OCS-DESKTOP/Age gate and Mega menu/Date'  using regular expression

2019-06-28 23:00:53 - [TEST_STEP][PASSED] - selectOptionByValue(findTestObject("OCS-DESKTOP/Age gate and Mega menu/month"), "6", true): All options with value '6' are selected in object 'Object Repository/OCS-DESKTOP/Age gate and Mega menu/month'  using regular expression

2019-06-28 23:00:53 - [MESSAGE][PASSED] - All options with value '6' are selected in object 'Object Repository/OCS-DESKTOP/Age gate and Mega menu/month'  using regular expression

2019-06-28 23:00:53 - [TEST_STEP][PASSED] - delay(2): Delayed 2 second(s)

2019-06-28 23:00:55 - [MESSAGE][PASSED] - Delayed 2 second(s)

2019-06-28 23:00:55 - [TEST_STEP][PASSED] - selectOptionByValue(findTestObject("OCS-DESKTOP/Age gate and Mega menu/Year Dropdown"), "1990", true): All options with value '1990' are selected in object 'Object Repository/OCS-DESKTOP/Age gate and Mega menu/Year Dropdown'  using regular expression

2019-06-28 23:00:57 - [MESSAGE][PASSED] - All options with value '1990' are selected in object 'Object Repository/OCS-DESKTOP/Age gate and Mega menu/Year Dropdown'  using regular expression

2019-06-28 23:00:57 - [TEST_STEP][PASSED] - click(findTestObject("OCS-DESKTOP/Age gate and Mega menu/button_Verify")): Object: 'Object Repository/OCS-DESKTOP/Age gate and Mega menu/button_Verify' is clicked on

2019-06-28 23:00:57 - [MESSAGE][PASSED] - Object: 'Object Repository/OCS-DESKTOP/Age gate and Mega menu/button_Verify' is clicked on

2019-06-28 23:00:57 - [TEST_STEP][PASSED] - click(findTestObject("OCS-DESKTOP/Age gate and Mega menu/Checkbox_CONFIRM AND ACKNOWLEDGE")): Object: 'Object Repository/OCS-DESKTOP/Age gate and Mega menu/Checkbox_CONFIRM AND ACKNOWLEDGE' is clicked on

2019-06-28 23:00:57 - [MESSAGE][PASSED] - Object: 'Object Repository/OCS-DESKTOP/Age gate and Mega menu/Checkbox_CONFIRM AND ACKNOWLEDGE' is clicked on

2019-06-28 23:00:57 - [TEST_STEP][PASSED] - click(findTestObject("OCS-DESKTOP/Age gate and Mega menu/button_CONFIRM")): Object: 'Object Repository/OCS-DESKTOP/Age gate and Mega menu/button_CONFIRM' is clicked on

2019-06-28 23:00:57 - [MESSAGE][PASSED] - Object: 'Object Repository/OCS-DESKTOP/Age gate and Mega menu/button_CONFIRM' is clicked on

2019-06-28 23:00:57 - [TEST_STEP][PASSED] - click(findTestObject("OCS-DESKTOP/Age gate and Mega menu/button_Start Browsing")): Object: 'Object Repository/OCS-DESKTOP/Age gate and Mega menu/button_Start Browsing' is clicked on

2019-06-28 23:00:57 - [MESSAGE][PASSED] - Object: 'Object Repository/OCS-DESKTOP/Age gate and Mega menu/button_Start Browsing' is clicked on

2019-06-28 23:00:57 - [TEST_STEP][PASSED] - delay(2): Delayed 2 second(s)

2019-06-28 23:00:59 - [MESSAGE][PASSED] - Delayed 2 second(s)

2019-06-28 23:00:59 - [TEST_STEP][PASSED] - refresh(): Refresh successfully

2019-06-28 23:01:03 - [MESSAGE][PASSED] - Refresh successfully

2019-06-28 23:01:03 - [MESSAGE][PASSED] - Call Test Case 'Test Cases/OCS - DESKTOP/CALL- Age gate' successfully

2019-06-28 23:01:03 - [TEST_STEP][PASSED] - delay(2): Delayed 2 second(s)

2019-06-28 23:01:05 - [MESSAGE][PASSED] - Delayed 2 second(s)

2019-06-28 23:01:05 - [TEST_STEP][PASSED] - callTestCase(findTestCase("OCS - DESKTOP/CALL - TOGGLING LANGUAGE"), [:], STOP_ON_FAILURE): Call Test Case 'Test Cases/OCS - DESKTOP/CALL - TOGGLING LANGUAGE' successfully

2019-06-28 23:01:05 - [TEST_CASE][PASSED] - Test Cases/OCS - DESKTOP/CALL - TOGGLING LANGUAGE: Test Cases/OCS - DESKTOP/CALL - TOGGLING LANGUAGE

2019-06-28 23:01:05 - [TEST_STEP][PASSED] - delay(2): Delayed 2 second(s)

2019-06-28 23:01:07 - [MESSAGE][PASSED] - Delayed 2 second(s)

2019-06-28 23:01:07 - [TEST_STEP][PASSED] - click(findTestObject("OCS-DESKTOP/Cart flyout/English dropdown")): Object: 'Object Repository/OCS-DESKTOP/Cart flyout/English dropdown' is clicked on

2019-06-28 23:01:07 - [MESSAGE][PASSED] - Object: 'Object Repository/OCS-DESKTOP/Cart flyout/English dropdown' is clicked on

2019-06-28 23:01:07 - [TEST_STEP][PASSED] - delay(2): Delayed 2 second(s)

2019-06-28 23:01:09 - [MESSAGE][PASSED] - Delayed 2 second(s)

2019-06-28 23:01:09 - [TEST_STEP][PASSED] - click(findTestObject("OCS-DESKTOP/Cart flyout/Select French")): Object: 'Object Repository/OCS-DESKTOP/Cart flyout/Select French' is clicked on

2019-06-28 23:01:09 - [MESSAGE][PASSED] - Object: 'Object Repository/OCS-DESKTOP/Cart flyout/Select French' is clicked on

2019-06-28 23:01:09 - [TEST_STEP][PASSED] - delay(5): Delayed 5 second(s)

2019-06-28 23:01:14 - [MESSAGE][PASSED] - Delayed 5 second(s)

2019-06-28 23:01:14 - [TEST_STEP][PASSED] - e = getWindowTitle(): Current window's title is: 'Magasin de Cannabis de l'Ontario | Ontario Cannabis Store'

2019-06-28 23:01:14 - [MESSAGE][PASSED] - Current window's title is: 'Magasin de Cannabis de l'Ontario | Ontario Cannabis Store'

2019-06-28 23:01:14 - [MESSAGE][PASSED] - Call Test Case 'Test Cases/OCS - DESKTOP/CALL - TOGGLING LANGUAGE' successfully

2019-06-28 23:01:14 - [TEST_STEP][PASSED] - click(findTestObject("OCS-DESKTOP/Age gate and Mega menu/Header/CANNABIS menu - English")): Object: 'Object Repository/OCS-DESKTOP/Age gate and Mega menu/Header/CANNABIS menu - English' is clicked on

2019-06-28 23:01:14 - [MESSAGE][PASSED] - Object: 'Object Repository/OCS-DESKTOP/Age gate and Mega menu/Header/CANNABIS menu - English' is clicked on

2019-06-28 23:01:14 - [TEST_STEP][PASSED] - delay(2): Delayed 2 second(s)

2019-06-28 23:01:16 - [MESSAGE][PASSED] - Delayed 2 second(s)

2019-06-28 23:01:16 - [TEST_STEP][NOT_RUN] - executeJavaScript("var previewBar = document.getElementById("preview-bar-iframe"); previewBar.style.display = "none";", []): NOT_RUN: executeJavaScript("var previewBar = document.getElementById("preview-bar-iframe"); previewBar.style.display = "none";", [])

2019-06-28 23:01:16 - [MESSAGE][NOT_RUN] - NOT_RUN: executeJavaScript("var previewBar = document.getElementById("preview-bar-iframe"); previewBar.style.display = "none";", [])

2019-06-28 23:01:16 - [TEST_STEP][PASSED] - click(findTestObject("OCS-DESKTOP/Age gate and Mega menu/Indica Dominant_Menu item")): Object: 'Object Repository/OCS-DESKTOP/Age gate and Mega menu/Indica Dominant_Menu item' is clicked on

2019-06-28 23:01:18 - [MESSAGE][PASSED] - Object: 'Object Repository/OCS-DESKTOP/Age gate and Mega menu/Indica Dominant_Menu item' is clicked on

2019-06-28 23:01:18 - [TEST_STEP][NOT_RUN] - executeJavaScript("var previewBar = document.getElementById("preview-bar-iframe"); previewBar.style.display = "none";", []): NOT_RUN: executeJavaScript("var previewBar = document.getElementById("preview-bar-iframe"); previewBar.style.display = "none";", [])

2019-06-28 23:01:18 - [MESSAGE][NOT_RUN] - NOT_RUN: executeJavaScript("var previewBar = document.getElementById("preview-bar-iframe"); previewBar.style.display = "none";", [])

2019-06-28 23:01:18 - [TEST_STEP][PASSED] - delay(2): Delayed 2 second(s)

2019-06-28 23:01:20 - [MESSAGE][PASSED] - Delayed 2 second(s)

2019-06-28 23:01:20 - [TEST_STEP][PASSED] - click(findTestObject("FRENCH/Product image - 1st one")): Object: 'Object Repository/FRENCH/Product image - 1st one' is clicked on

2019-06-28 23:01:24 - [MESSAGE][PASSED] - Object: 'Object Repository/FRENCH/Product image - 1st one' is clicked on

2019-06-28 23:01:24 - [TEST_STEP][NOT_RUN] - executeJavaScript("var previewBar = document.getElementById("preview-bar-iframe"); previewBar.style.display = "none";", []): NOT_RUN: executeJavaScript("var previewBar = document.getElementById("preview-bar-iframe"); previewBar.style.display = "none";", [])

2019-06-28 23:01:24 - [MESSAGE][NOT_RUN] - NOT_RUN: executeJavaScript("var previewBar = document.getElementById("preview-bar-iframe"); previewBar.style.display = "none";", [])

2019-06-28 23:01:24 - [TEST_STEP][PASSED] - delay(1): Delayed 1 second(s)

2019-06-28 23:01:25 - [MESSAGE][PASSED] - Delayed 1 second(s)

2019-06-28 23:01:25 - [TEST_STEP][PASSED] - delay(3): Delayed 3 second(s)

2019-06-28 23:01:28 - [MESSAGE][PASSED] - Delayed 3 second(s)

2019-06-28 23:01:28 - [TEST_STEP][PASSED] - click(findTestObject("OCS-DESKTOP/Product page/Swatch_1g")): Object: 'Object Repository/OCS-DESKTOP/Product page/Swatch_1g' is clicked on

2019-06-28 23:01:28 - [MESSAGE][PASSED] - Object: 'Object Repository/OCS-DESKTOP/Product page/Swatch_1g' is clicked on

2019-06-28 23:01:28 - [TEST_STEP][PASSED] - delay(2): Delayed 2 second(s)

2019-06-28 23:01:30 - [MESSAGE][PASSED] - Delayed 2 second(s)

2019-06-28 23:01:30 - [TEST_STEP][PASSED] - delay(2): Delayed 2 second(s)

2019-06-28 23:01:32 - [MESSAGE][PASSED] - Delayed 2 second(s)

2019-06-28 23:01:32 - [TEST_STEP][PASSED] - click(findTestObject("OCS-DESKTOP/Product page/Add to Bag-button")): Object: 'Object Repository/OCS-DESKTOP/Product page/Add to Bag-button' is clicked on

2019-06-28 23:01:32 - [MESSAGE][PASSED] - Object: 'Object Repository/OCS-DESKTOP/Product page/Add to Bag-button' is clicked on

2019-06-28 23:01:32 - [TEST_STEP][PASSED] - delay(1): Delayed 1 second(s)

2019-06-28 23:01:33 - [MESSAGE][PASSED] - Delayed 1 second(s)

2019-06-28 23:01:33 - [TEST_STEP][NOT_RUN] - click(findTestObject("OCS-DESKTOP/Home - page/Cart icon -bag")): NOT_RUN: click(findTestObject("OCS-DESKTOP/Home - page/Cart icon -bag"))

2019-06-28 23:01:33 - [MESSAGE][NOT_RUN] - NOT_RUN: click(findTestObject("OCS-DESKTOP/Home - page/Cart icon -bag"))

2019-06-28 23:01:33 - [TEST_STEP][PASSED] - delay(1): Delayed 1 second(s)

2019-06-28 23:01:34 - [MESSAGE][PASSED] - Delayed 1 second(s)

2019-06-28 23:01:34 - [TEST_STEP][PASSED] - click(findTestObject("OCS-DESKTOP/Cart flyout/Checkbox_I confirm that")): Object: 'Object Repository/OCS-DESKTOP/Cart flyout/Checkbox_I confirm that' is clicked on

2019-06-28 23:01:34 - [MESSAGE][PASSED] - Object: 'Object Repository/OCS-DESKTOP/Cart flyout/Checkbox_I confirm that' is clicked on

2019-06-28 23:01:34 - [TEST_STEP][PASSED] - delay(2): Delayed 2 second(s)

2019-06-28 23:01:36 - [MESSAGE][PASSED] - Delayed 2 second(s)

2019-06-28 23:01:36 - [TEST_STEP][PASSED] - click(findTestObject("OCS-DESKTOP/Cart flyout/Checkbox_Accept the Terms Condition")): Object: 'Object Repository/OCS-DESKTOP/Cart flyout/Checkbox_Accept the Terms Condition' is clicked on

2019-06-28 23:01:36 - [MESSAGE][PASSED] - Object: 'Object Repository/OCS-DESKTOP/Cart flyout/Checkbox_Accept the Terms Condition' is clicked on

2019-06-28 23:01:36 - [TEST_STEP][PASSED] - delay(1): Delayed 1 second(s)

2019-06-28 23:01:37 - [MESSAGE][PASSED] - Delayed 1 second(s)

2019-06-28 23:01:37 - [TEST_STEP][PASSED] - click(findTestObject("OCS-DESKTOP/Cart flyout/Checkout - Button")): Object: 'Object Repository/OCS-DESKTOP/Cart flyout/Checkout - Button' is clicked on

2019-06-28 23:01:37 - [MESSAGE][PASSED] - Object: 'Object Repository/OCS-DESKTOP/Cart flyout/Checkout - Button' is clicked on

2019-06-28 23:01:37 - [TEST_STEP][PASSED] - delay(2): Delayed 2 second(s)

2019-06-28 23:01:39 - [MESSAGE][PASSED] - Delayed 2 second(s)

2019-06-28 23:01:39 - [TEST_STEP][NOT_RUN] - executeJavaScript("var previewBar = document.getElementById("preview-bar-iframe"); previewBar.style.display = "none";", []): NOT_RUN: executeJavaScript("var previewBar = document.getElementById("preview-bar-iframe"); previewBar.style.display = "none";", [])

2019-06-28 23:01:39 - [MESSAGE][NOT_RUN] - NOT_RUN: executeJavaScript("var previewBar = document.getElementById("preview-bar-iframe"); previewBar.style.display = "none";", [])

2019-06-28 23:01:39 - [TEST_STEP][PASSED] - delay(2): Delayed 2 second(s)

2019-06-28 23:01:41 - [MESSAGE][PASSED] - Delayed 2 second(s)

2019-06-28 23:01:41 - [TEST_STEP][PASSED] - setText(findTestObject("Object Repository/Page_Ontario Cannabis Store - Infor/input_Adresse e-mail_checkoute"), "suman@gmail.com"): Text 'suman@gmail.com' is set on object 'Object Repository/Page_Ontario Cannabis Store - Infor/input_Adresse e-mail_checkoute'

2019-06-28 23:01:42 - [MESSAGE][PASSED] - Text 'suman@gmail.com' is set on object 'Object Repository/Page_Ontario Cannabis Store - Infor/input_Adresse e-mail_checkoute'

2019-06-28 23:01:42 - [TEST_STEP][PASSED] - setText(findTestObject("Object Repository/Page_Ontario Cannabis Store - Infor/input_Prnom_checkoutshipping_a"), "suman"): Text 'suman' is set on object 'Object Repository/Page_Ontario Cannabis Store - Infor/input_Prnom_checkoutshipping_a'

2019-06-28 23:01:42 - [MESSAGE][PASSED] - Text 'suman' is set on object 'Object Repository/Page_Ontario Cannabis Store - Infor/input_Prnom_checkoutshipping_a'

2019-06-28 23:01:42 - [TEST_STEP][PASSED] - setText(findTestObject("Object Repository/Page_Ontario Cannabis Store - Infor/input_Nom_checkoutshipping_add"), "kompelly"): Text 'kompelly' is set on object 'Object Repository/Page_Ontario Cannabis Store - Infor/input_Nom_checkoutshipping_add'

2019-06-28 23:01:42 - [MESSAGE][PASSED] - Text 'kompelly' is set on object 'Object Repository/Page_Ontario Cannabis Store - Infor/input_Nom_checkoutshipping_add'

2019-06-28 23:01:42 - [TEST_STEP][PASSED] - setText(findTestObject("Object Repository/Page_Ontario Cannabis Store - Infor/input_Adresse_checkoutshipping"), "123 test"): Text '123 test' is set on object 'Object Repository/Page_Ontario Cannabis Store - Infor/input_Adresse_checkoutshipping'

2019-06-28 23:01:42 - [MESSAGE][PASSED] - Text '123 test' is set on object 'Object Repository/Page_Ontario Cannabis Store - Infor/input_Adresse_checkoutshipping'

2019-06-28 23:01:42 - [TEST_STEP][PASSED] - setText(findTestObject("Object Repository/Page_Ontario Cannabis Store - Infor/input_Appartement suite etc. ("), "123"): Text '123' is set on object 'Object Repository/Page_Ontario Cannabis Store - Infor/input_Appartement suite etc. ('

2019-06-28 23:01:42 - [MESSAGE][PASSED] - Text '123' is set on object 'Object Repository/Page_Ontario Cannabis Store - Infor/input_Appartement suite etc. ('

2019-06-28 23:01:42 - [TEST_STEP][PASSED] - setText(findTestObject("Object Repository/Page_Ontario Cannabis Store - Infor/input_Ville_checkoutshipping_a"), "montreal"): Text 'montreal' is set on object 'Object Repository/Page_Ontario Cannabis Store - Infor/input_Ville_checkoutshipping_a'

2019-06-28 23:01:42 - [MESSAGE][PASSED] - Text 'montreal' is set on object 'Object Repository/Page_Ontario Cannabis Store - Infor/input_Ville_checkoutshipping_a'

2019-06-28 23:01:42 - [TEST_STEP][PASSED] - setText(findTestObject("Object Repository/Page_Ontario Cannabis Store - Infor/input_Code postal_checkoutship"), "n0r1k0"): Text 'n0r1k0' is set on object 'Object Repository/Page_Ontario Cannabis Store - Infor/input_Code postal_checkoutship'

2019-06-28 23:01:43 - [MESSAGE][PASSED] - Text 'n0r1k0' is set on object 'Object Repository/Page_Ontario Cannabis Store - Infor/input_Code postal_checkoutship'

2019-06-28 23:01:43 - [TEST_STEP][PASSED] - setText(findTestObject("Object Repository/Page_Ontario Cannabis Store - Infor/input_Tlphone_checkoutshipping"), "514-449-3883"): Text '514-449-3883' is set on object 'Object Repository/Page_Ontario Cannabis Store - Infor/input_Tlphone_checkoutshipping'

2019-06-28 23:01:43 - [MESSAGE][PASSED] - Text '514-449-3883' is set on object 'Object Repository/Page_Ontario Cannabis Store - Infor/input_Tlphone_checkoutshipping'

2019-06-28 23:01:43 - [TEST_STEP][PASSED] - delay(2): Delayed 2 second(s)

2019-06-28 23:01:45 - [MESSAGE][PASSED] - Delayed 2 second(s)

2019-06-28 23:01:45 - [TEST_STEP][PASSED] - click(findTestObject("Object Repository/Page_Ontario Cannabis Store - Infor/button_Continuer vers le mode")): Object: 'Object Repository/Page_Ontario Cannabis Store - Infor/button_Continuer vers le mode' is clicked on

2019-06-28 23:01:47 - [MESSAGE][PASSED] - Object: 'Object Repository/Page_Ontario Cannabis Store - Infor/button_Continuer vers le mode' is clicked on

2019-06-28 23:01:47 - [TEST_STEP][PASSED] - delay(2): Delayed 2 second(s)

2019-06-28 23:01:49 - [MESSAGE][PASSED] - Delayed 2 second(s)

2019-06-28 23:01:49 - [TEST_STEP][NOT_RUN] - executeJavaScript("var previewBar = document.getElementById("preview-bar-iframe"); previewBar.style.display = "none";", []): NOT_RUN: executeJavaScript("var previewBar = document.getElementById("preview-bar-iframe"); previewBar.style.display = "none";", [])

2019-06-28 23:01:49 - [MESSAGE][NOT_RUN] - NOT_RUN: executeJavaScript("var previewBar = document.getElementById("preview-bar-iframe"); previewBar.style.display = "none";", [])

2019-06-28 23:01:49 - [TEST_STEP][PASSED] - delay(1): Delayed 1 second(s)

2019-06-28 23:01:50 - [MESSAGE][PASSED] - Delayed 1 second(s)

2019-06-28 23:01:50 - [TEST_STEP][PASSED] - click(findTestObject("OCS-DESKTOP/Shipping page/Change link")): Object: 'Object Repository/OCS-DESKTOP/Shipping page/Change link' is clicked on

2019-06-28 23:01:51 - [MESSAGE][PASSED] - Object: 'Object Repository/OCS-DESKTOP/Shipping page/Change link' is clicked on

2019-06-28 23:01:51 - [TEST_STEP][PASSED] - delay(2): Delayed 2 second(s)

2019-06-28 23:01:53 - [MESSAGE][PASSED] - Delayed 2 second(s)

2019-06-28 23:01:53 - [TEST_STEP][NOT_RUN] - executeJavaScript("var previewBar = document.getElementById("preview-bar-iframe"); previewBar.style.display = "none";", []): NOT_RUN: executeJavaScript("var previewBar = document.getElementById("preview-bar-iframe"); previewBar.style.display = "none";", [])

2019-06-28 23:01:53 - [MESSAGE][NOT_RUN] - NOT_RUN: executeJavaScript("var previewBar = document.getElementById("preview-bar-iframe"); previewBar.style.display = "none";", [])

2019-06-28 23:01:53 - [TEST_STEP][PASSED] - delay(1): Delayed 1 second(s)

2019-06-28 23:01:54 - [MESSAGE][PASSED] - Delayed 1 second(s)

2019-06-28 23:01:54 - [TEST_STEP][PASSED] - click(findTestObject("Page_Ontario Cannabis Store - Infor/button_Continuer vers le mode")): Object: 'Object Repository/Page_Ontario Cannabis Store - Infor/button_Continuer vers le mode' is clicked on

2019-06-28 23:01:56 - [MESSAGE][PASSED] - Object: 'Object Repository/Page_Ontario Cannabis Store - Infor/button_Continuer vers le mode' is clicked on

2019-06-28 23:01:56 - [TEST_STEP][PASSED] - delay(2): Delayed 2 second(s)

2019-06-28 23:01:58 - [MESSAGE][PASSED] - Delayed 2 second(s)

2019-06-28 23:01:58 - [TEST_STEP][NOT_RUN] - executeJavaScript("var previewBar = document.getElementById("preview-bar-iframe"); previewBar.style.display = "none";", []): NOT_RUN: executeJavaScript("var previewBar = document.getElementById("preview-bar-iframe"); previewBar.style.display = "none";", [])

2019-06-28 23:01:58 - [MESSAGE][NOT_RUN] - NOT_RUN: executeJavaScript("var previewBar = document.getElementById("preview-bar-iframe"); previewBar.style.display = "none";", [])

2019-06-28 23:01:58 - [TEST_STEP][PASSED] - delay(1): Delayed 1 second(s)

2019-06-28 23:01:59 - [MESSAGE][PASSED] - Delayed 1 second(s)

2019-06-28 23:01:59 - [TEST_STEP][PASSED] - click(findTestObject("OCS-DESKTOP/Shipping page/Change link 2")): Object: 'Object Repository/OCS-DESKTOP/Shipping page/Change link 2' is clicked on

2019-06-28 23:02:00 - [MESSAGE][PASSED] - Object: 'Object Repository/OCS-DESKTOP/Shipping page/Change link 2' is clicked on

2019-06-28 23:02:00 - [TEST_STEP][PASSED] - delay(2): Delayed 2 second(s)

2019-06-28 23:02:02 - [MESSAGE][PASSED] - Delayed 2 second(s)

2019-06-28 23:02:02 - [TEST_STEP][NOT_RUN] - executeJavaScript("var previewBar = document.getElementById("preview-bar-iframe"); previewBar.style.display = "none";", []): NOT_RUN: executeJavaScript("var previewBar = document.getElementById("preview-bar-iframe"); previewBar.style.display = "none";", [])

2019-06-28 23:02:02 - [MESSAGE][NOT_RUN] - NOT_RUN: executeJavaScript("var previewBar = document.getElementById("preview-bar-iframe"); previewBar.style.display = "none";", [])

2019-06-28 23:02:02 - [TEST_STEP][PASSED] - delay(1): Delayed 1 second(s)

2019-06-28 23:02:03 - [MESSAGE][PASSED] - Delayed 1 second(s)

2019-06-28 23:02:03 - [TEST_STEP][PASSED] - click(findTestObject("Page_Ontario Cannabis Store - Infor/button_Continuer vers le mode"), CONTINUE_ON_FAILURE): Object: 'Object Repository/Page_Ontario Cannabis Store - Infor/button_Continuer vers le mode' is clicked on

2019-06-28 23:02:03 - [MESSAGE][PASSED] - Object: 'Object Repository/Page_Ontario Cannabis Store - Infor/button_Continuer vers le mode' is clicked on

2019-06-28 23:02:03 - [TEST_STEP][PASSED] - delay(2): Delayed 2 second(s)

2019-06-28 23:02:05 - [MESSAGE][PASSED] - Delayed 2 second(s)

2019-06-28 23:02:05 - [TEST_STEP][NOT_RUN] - executeJavaScript("var previewBar = document.getElementById("preview-bar-iframe"); previewBar.style.display = "none";", []): NOT_RUN: executeJavaScript("var previewBar = document.getElementById("preview-bar-iframe"); previewBar.style.display = "none";", [])

2019-06-28 23:02:05 - [MESSAGE][NOT_RUN] - NOT_RUN: executeJavaScript("var previewBar = document.getElementById("preview-bar-iframe"); previewBar.style.display = "none";", [])

2019-06-28 23:02:05 - [TEST_STEP][PASSED] - delay(1): Delayed 1 second(s)

2019-06-28 23:02:06 - [MESSAGE][PASSED] - Delayed 1 second(s)

2019-06-28 23:02:06 - [TEST_STEP][PASSED] - click(findTestObject("OCS-DESKTOP/Shipping page/Return to customer info")): Object: 'Object Repository/OCS-DESKTOP/Shipping page/Return to customer info' is clicked on

2019-06-28 23:02:07 - [MESSAGE][PASSED] - Object: 'Object Repository/OCS-DESKTOP/Shipping page/Return to customer info' is clicked on

2019-06-28 23:02:07 - [TEST_STEP][PASSED] - delay(2): Delayed 2 second(s)

2019-06-28 23:02:09 - [MESSAGE][PASSED] - Delayed 2 second(s)

2019-06-28 23:02:09 - [TEST_STEP][NOT_RUN] - executeJavaScript("var previewBar = document.getElementById("preview-bar-iframe"); previewBar.style.display = "none";", []): NOT_RUN: executeJavaScript("var previewBar = document.getElementById("preview-bar-iframe"); previewBar.style.display = "none";", [])

2019-06-28 23:02:09 - [MESSAGE][NOT_RUN] - NOT_RUN: executeJavaScript("var previewBar = document.getElementById("preview-bar-iframe"); previewBar.style.display = "none";", [])

2019-06-28 23:02:09 - [TEST_STEP][PASSED] - delay(1): Delayed 1 second(s)

2019-06-28 23:02:10 - [MESSAGE][PASSED] - Delayed 1 second(s)

2019-06-28 23:02:10 - [TEST_STEP][PASSED] - click(findTestObject("Page_Ontario Cannabis Store - Infor/button_Continuer vers le mode")): Object: 'Object Repository/Page_Ontario Cannabis Store - Infor/button_Continuer vers le mode' is clicked on

2019-06-28 23:02:10 - [MESSAGE][PASSED] - Object: 'Object Repository/Page_Ontario Cannabis Store - Infor/button_Continuer vers le mode' is clicked on

2019-06-28 23:02:10 - [TEST_STEP][PASSED] - delay(2): Delayed 2 second(s)

2019-06-28 23:02:12 - [MESSAGE][PASSED] - Delayed 2 second(s)

2019-06-28 23:02:12 - [TEST_STEP][NOT_RUN] - executeJavaScript("var previewBar = document.getElementById("preview-bar-iframe"); previewBar.style.display = "none";", []): NOT_RUN: executeJavaScript("var previewBar = document.getElementById("preview-bar-iframe"); previewBar.style.display = "none";", [])

2019-06-28 23:02:12 - [MESSAGE][NOT_RUN] - NOT_RUN: executeJavaScript("var previewBar = document.getElementById("preview-bar-iframe"); previewBar.style.display = "none";", [])

2019-06-28 23:02:12 - [TEST_STEP][PASSED] - click(findTestObject("OCS-DESKTOP/Customer info page/Cart - Breadcrumb link")): Object: 'Object Repository/OCS-DESKTOP/Customer info page/Cart - Breadcrumb link' is clicked on

2019-06-28 23:02:13 - [MESSAGE][PASSED] - Object: 'Object Repository/OCS-DESKTOP/Customer info page/Cart - Breadcrumb link' is clicked on

2019-06-28 23:02:13 - [TEST_STEP][PASSED] - delay(2): Delayed 2 second(s)

2019-06-28 23:02:15 - [MESSAGE][PASSED] - Delayed 2 second(s)

2019-06-28 23:02:15 - [TEST_STEP][NOT_RUN] - executeJavaScript("var previewBar = document.getElementById("preview-bar-iframe"); previewBar.style.display = "none";", []): NOT_RUN: executeJavaScript("var previewBar = document.getElementById("preview-bar-iframe"); previewBar.style.display = "none";", [])

2019-06-28 23:02:15 - [MESSAGE][NOT_RUN] - NOT_RUN: executeJavaScript("var previewBar = document.getElementById("preview-bar-iframe"); previewBar.style.display = "none";", [])

2019-06-28 23:02:15 - [TEST_STEP][PASSED] - click(findTestObject("OCS-DESKTOP/Cart page/cart page-Checkbox_I confirm that")): Object: 'Object Repository/OCS-DESKTOP/Cart page/cart page-Checkbox_I confirm that' is clicked on

2019-06-28 23:02:15 - [MESSAGE][PASSED] - Object: 'Object Repository/OCS-DESKTOP/Cart page/cart page-Checkbox_I confirm that' is clicked on

2019-06-28 23:02:15 - [TEST_STEP][PASSED] - delay(1): Delayed 1 second(s)

2019-06-28 23:02:16 - [MESSAGE][PASSED] - Delayed 1 second(s)

2019-06-28 23:02:16 - [TEST_STEP][PASSED] - click(findTestObject("OCS-DESKTOP/Cart page/cart page - Checkbox_Accept the Terms Condition")): Object: 'Object Repository/OCS-DESKTOP/Cart page/cart page - Checkbox_Accept the Terms Condition' is clicked on

2019-06-28 23:02:16 - [MESSAGE][PASSED] - Object: 'Object Repository/OCS-DESKTOP/Cart page/cart page - Checkbox_Accept the Terms Condition' is clicked on

2019-06-28 23:02:16 - [TEST_STEP][PASSED] - delay(3): Delayed 3 second(s)

2019-06-28 23:02:19 - [MESSAGE][PASSED] - Delayed 3 second(s)

2019-06-28 23:02:19 - [TEST_STEP][PASSED] - click(findTestObject("FRENCH/Cart page -checkout button")): Object: 'Object Repository/FRENCH/Cart page -checkout button' is clicked on

2019-06-28 23:02:21 - [MESSAGE][PASSED] - Object: 'Object Repository/FRENCH/Cart page -checkout button' is clicked on

2019-06-28 23:02:21 - [TEST_STEP][PASSED] - delay(1): Delayed 1 second(s)

2019-06-28 23:02:22 - [MESSAGE][PASSED] - Delayed 1 second(s)

2019-06-28 23:02:22 - [TEST_STEP][PASSED] - click(findTestObject("OCS-DESKTOP/Payment -page/Information - Breadcrumb link")): Object: 'Object Repository/OCS-DESKTOP/Payment -page/Information - Breadcrumb link' is clicked on

2019-06-28 23:02:23 - [MESSAGE][PASSED] - Object: 'Object Repository/OCS-DESKTOP/Payment -page/Information - Breadcrumb link' is clicked on

2019-06-28 23:02:23 - [TEST_STEP][PASSED] - delay(3): Delayed 3 second(s)

2019-06-28 23:02:26 - [MESSAGE][PASSED] - Delayed 3 second(s)

2019-06-28 23:02:26 - [TEST_STEP][PASSED] - delay(1): Delayed 1 second(s)

2019-06-28 23:02:27 - [MESSAGE][PASSED] - Delayed 1 second(s)

2019-06-28 23:02:27 - [TEST_STEP][NOT_RUN] - executeJavaScript("var previewBar = document.getElementById("preview-bar-iframe"); previewBar.style.display = "none";", []): NOT_RUN: executeJavaScript("var previewBar = document.getElementById("preview-bar-iframe"); previewBar.style.display = "none";", [])

2019-06-28 23:02:27 - [MESSAGE][NOT_RUN] - NOT_RUN: executeJavaScript("var previewBar = document.getElementById("preview-bar-iframe"); previewBar.style.display = "none";", [])

2019-06-28 23:02:27 - [TEST_STEP][PASSED] - click(findTestObject("Page_Ontario Cannabis Store - Infor/button_Continuer vers le mode")): Object: 'Object Repository/Page_Ontario Cannabis Store - Infor/button_Continuer vers le mode' is clicked on

2019-06-28 23:02:27 - [MESSAGE][PASSED] - Object: 'Object Repository/Page_Ontario Cannabis Store - Infor/button_Continuer vers le mode' is clicked on

2019-06-28 23:02:27 - [TEST_STEP][PASSED] - delay(3): Delayed 3 second(s)

2019-06-28 23:02:30 - [MESSAGE][PASSED] - Delayed 3 second(s)

2019-06-28 23:02:30 - [TEST_STEP][PASSED] - delay(1): Delayed 1 second(s)

2019-06-28 23:02:31 - [MESSAGE][PASSED] - Delayed 1 second(s)

2019-06-28 23:02:31 - [TEST_STEP][PASSED] - click(findTestObject("Page_Ontario Cannabis Store - Infor/button_Continuer vers le mode")): Object: 'Object Repository/Page_Ontario Cannabis Store - Infor/button_Continuer vers le mode' is clicked on

2019-06-28 23:02:34 - [MESSAGE][PASSED] - Object: 'Object Repository/Page_Ontario Cannabis Store - Infor/button_Continuer vers le mode' is clicked on]]></system-out>
         <system-err><![CDATA[]]></system-err>
      </testcase>
      <system-out><![CDATA[2019-06-28 22:44:35 - [TEST_SUITE][FAILED] - french: Test Cases/OCS - DESKTOP/OCS- CRITICAL PATH - FRENCH/Cart - fr FAILED.
Reason:
com.kms.katalon.core.exception.StepFailedException: Unable to verify equal between actual object '45' and expected object '






45' (Root cause: com.kms.katalon.core.exception.StepFailedException: Actual object '45' and expected object '






45' are not equal)
	at com.kms.katalon.core.keyword.internal.KeywordMain.stepFailed(KeywordMain.groovy:36)
	at com.kms.katalon.core.keyword.internal.KeywordMain.stepFailed(KeywordMain.groovy)
	at com.kms.katalon.core.keyword.internal.KeywordMain.runKeyword(KeywordMain.groovy:56)
	at com.kms.katalon.core.keyword.builtin.VerifyEqualKeyword.verifyEqual(VerifyEqualKeyword.groovy:63)
	at com.kms.katalon.core.keyword.builtin.VerifyEqualKeyword.execute(VerifyEqualKeyword.groovy:44)
	at com.kms.katalon.core.keyword.internal.KeywordExecutor.executeKeywordForPlatform(KeywordExecutor.groovy:53)
	at com.kms.katalon.core.keyword.BuiltinKeywords.verifyEqual(BuiltinKeywords.groovy:141)
	at Cart - fr.run(Cart - fr:201)
	at com.kms.katalon.core.main.ScriptEngine.run(ScriptEngine.java:194)
	at com.kms.katalon.core.main.ScriptEngine.runScriptAsRawText(ScriptEngine.java:119)
	at com.kms.katalon.core.main.TestCaseExecutor.runScript(TestCaseExecutor.java:328)
	at com.kms.katalon.core.main.TestCaseExecutor.doExecute(TestCaseExecutor.java:319)
	at com.kms.katalon.core.main.TestCaseExecutor.processExecutionPhase(TestCaseExecutor.java:298)
	at com.kms.katalon.core.main.TestCaseExecutor.accessMainPhase(TestCaseExecutor.java:290)
	at com.kms.katalon.core.main.TestCaseExecutor.execute(TestCaseExecutor.java:224)
	at com.kms.katalon.core.main.TestSuiteExecutor.accessTestCaseMainPhase(TestSuiteExecutor.java:129)
	at com.kms.katalon.core.main.TestSuiteExecutor.accessTestSuiteMainPhase(TestSuiteExecutor.java:112)
	at com.kms.katalon.core.main.TestSuiteExecutor.execute(TestSuiteExecutor.java:81)
	at com.kms.katalon.core.main.TestCaseMain.startTestSuite(TestCaseMain.java:149)
	at com.kms.katalon.core.main.TestCaseMain$startTestSuite$0.call(Unknown Source)
	at TempTestSuite1561776273795.run(TempTestSuite1561776273795.groovy:36)]]></system-out>
      <system-err><![CDATA[2019-06-28 22:44:35 - [TEST_SUITE][FAILED] - french: Test Cases/OCS - DESKTOP/OCS- CRITICAL PATH - FRENCH/Cart - fr FAILED.
Reason:
com.kms.katalon.core.exception.StepFailedException: Unable to verify equal between actual object '45' and expected object '






45' (Root cause: com.kms.katalon.core.exception.StepFailedException: Actual object '45' and expected object '






45' are not equal)
	at com.kms.katalon.core.keyword.internal.KeywordMain.stepFailed(KeywordMain.groovy:36)
	at com.kms.katalon.core.keyword.internal.KeywordMain.stepFailed(KeywordMain.groovy)
	at com.kms.katalon.core.keyword.internal.KeywordMain.runKeyword(KeywordMain.groovy:56)
	at com.kms.katalon.core.keyword.builtin.VerifyEqualKeyword.verifyEqual(VerifyEqualKeyword.groovy:63)
	at com.kms.katalon.core.keyword.builtin.VerifyEqualKeyword.execute(VerifyEqualKeyword.groovy:44)
	at com.kms.katalon.core.keyword.internal.KeywordExecutor.executeKeywordForPlatform(KeywordExecutor.groovy:53)
	at com.kms.katalon.core.keyword.BuiltinKeywords.verifyEqual(BuiltinKeywords.groovy:141)
	at Cart - fr.run(Cart - fr:201)
	at com.kms.katalon.core.main.ScriptEngine.run(ScriptEngine.java:194)
	at com.kms.katalon.core.main.ScriptEngine.runScriptAsRawText(ScriptEngine.java:119)
	at com.kms.katalon.core.main.TestCaseExecutor.runScript(TestCaseExecutor.java:328)
	at com.kms.katalon.core.main.TestCaseExecutor.doExecute(TestCaseExecutor.java:319)
	at com.kms.katalon.core.main.TestCaseExecutor.processExecutionPhase(TestCaseExecutor.java:298)
	at com.kms.katalon.core.main.TestCaseExecutor.accessMainPhase(TestCaseExecutor.java:290)
	at com.kms.katalon.core.main.TestCaseExecutor.execute(TestCaseExecutor.java:224)
	at com.kms.katalon.core.main.TestSuiteExecutor.accessTestCaseMainPhase(TestSuiteExecutor.java:129)
	at com.kms.katalon.core.main.TestSuiteExecutor.accessTestSuiteMainPhase(TestSuiteExecutor.java:112)
	at com.kms.katalon.core.main.TestSuiteExecutor.execute(TestSuiteExecutor.java:81)
	at com.kms.katalon.core.main.TestCaseMain.startTestSuite(TestCaseMain.java:149)
	at com.kms.katalon.core.main.TestCaseMain$startTestSuite$0.call(Unknown Source)
	at TempTestSuite1561776273795.run(TempTestSuite1561776273795.groovy:36)]]></system-err>
   </testsuite>
</testsuites>
