<?xml version="1.0" encoding="UTF-8"?>
<testsuites name="Suite - Chrome" time="4043" tests="39" failures="15" errors="0">
   <testsuite name="Suite - Chrome" tests="39" failures="15" errors="0" time="4043" timestamp="2019-07-23 17:56:06" hostname="sumankompelly - 10.0.126.233" id="Test Suites/Suite - Chrome">
      <properties>
         <property name="deviceName" value=""/>
         <property name="devicePlatform" value=""/>
         <property name="logFolder" value="/Users/sumankompelly/git/OCS--Relative-xpath-Desktop/Reports/Suite - Chrome/20190723_175603"/>
         <property name="logFiles" value="/Users/sumankompelly/git/OCS--Relative-xpath-Desktop/Reports/Suite - Chrome/20190723_175603/execution0.log"/>
         <property name="attachments" value="/Users/sumankompelly/git/OCS--Relative-xpath-Desktop/Reports/Suite - Chrome/20190723_175603/1563919043594.png, /Users/sumankompelly/git/OCS--Relative-xpath-Desktop/Reports/Suite - Chrome/20190723_175603/1563919061625.png, /Users/sumankompelly/git/OCS--Relative-xpath-Desktop/Reports/Suite - Chrome/20190723_175603/1563919352653.png, /Users/sumankompelly/git/OCS--Relative-xpath-Desktop/Reports/Suite - Chrome/20190723_175603/1563919452729.png, /Users/sumankompelly/git/OCS--Relative-xpath-Desktop/Reports/Suite - Chrome/20190723_175603/1563919467720.png, /Users/sumankompelly/git/OCS--Relative-xpath-Desktop/Reports/Suite - Chrome/20190723_175603/1563919986260.png, /Users/sumankompelly/git/OCS--Relative-xpath-Desktop/Reports/Suite - Chrome/20190723_175603/1563920894430.png, /Users/sumankompelly/git/OCS--Relative-xpath-Desktop/Reports/Suite - Chrome/20190723_175603/1563920962257.png, /Users/sumankompelly/git/OCS--Relative-xpath-Desktop/Reports/Suite - Chrome/20190723_175603/1563921209760.png, /Users/sumankompelly/git/OCS--Relative-xpath-Desktop/Reports/Suite - Chrome/20190723_175603/1563921634818.png, /Users/sumankompelly/git/OCS--Relative-xpath-Desktop/Reports/Suite - Chrome/20190723_175603/1563921706460.png, /Users/sumankompelly/git/OCS--Relative-xpath-Desktop/Reports/Suite - Chrome/20190723_175603/1563921708911.png, /Users/sumankompelly/git/OCS--Relative-xpath-Desktop/Reports/Suite - Chrome/20190723_175603/1563921711278.png, /Users/sumankompelly/git/OCS--Relative-xpath-Desktop/Reports/Suite - Chrome/20190723_175603/1563921713679.png, /Users/sumankompelly/git/OCS--Relative-xpath-Desktop/Reports/Suite - Chrome/20190723_175603/1563921717130.png, /Users/sumankompelly/git/OCS--Relative-xpath-Desktop/Reports/Suite - Chrome/20190723_175603/1563921720597.png, /Users/sumankompelly/git/OCS--Relative-xpath-Desktop/Reports/Suite - Chrome/20190723_175603/1563921724034.png, /Users/sumankompelly/git/OCS--Relative-xpath-Desktop/Reports/Suite - Chrome/20190723_175603/1563921727433.png, /Users/sumankompelly/git/OCS--Relative-xpath-Desktop/Reports/Suite - Chrome/20190723_175603/1563921730832.png, /Users/sumankompelly/git/OCS--Relative-xpath-Desktop/Reports/Suite - Chrome/20190723_175603/1563921854651.png, /Users/sumankompelly/git/OCS--Relative-xpath-Desktop/Reports/Suite - Chrome/20190723_175603/1563921861503.png, /Users/sumankompelly/git/OCS--Relative-xpath-Desktop/Reports/Suite - Chrome/20190723_175603/1563921869275.png, /Users/sumankompelly/git/OCS--Relative-xpath-Desktop/Reports/Suite - Chrome/20190723_175603/1563921901542.png, /Users/sumankompelly/git/OCS--Relative-xpath-Desktop/Reports/Suite - Chrome/20190723_175603/1563921981128.png, /Users/sumankompelly/git/OCS--Relative-xpath-Desktop/Reports/Suite - Chrome/20190723_175603/1563922044900.png, /Users/sumankompelly/git/OCS--Relative-xpath-Desktop/Reports/Suite - Chrome/20190723_175603/1563922091410.png, /Users/sumankompelly/git/OCS--Relative-xpath-Desktop/Reports/Suite - Chrome/20190723_175603/1563922093896.png, /Users/sumankompelly/git/OCS--Relative-xpath-Desktop/Reports/Suite - Chrome/20190723_175603/1563922096391.png, /Users/sumankompelly/git/OCS--Relative-xpath-Desktop/Reports/Suite - Chrome/20190723_175603/1563922357009.png, /Users/sumankompelly/git/OCS--Relative-xpath-Desktop/Reports/Suite - Chrome/20190723_175603/1563922446841.png, /Users/sumankompelly/git/OCS--Relative-xpath-Desktop/Reports/Suite - Chrome/20190723_175603/1563922496605.png, /Users/sumankompelly/git/OCS--Relative-xpath-Desktop/Reports/Suite - Chrome/20190723_175603/1563922531944.png, /Users/sumankompelly/git/OCS--Relative-xpath-Desktop/Reports/Suite - Chrome/20190723_175603/1563922567290.png, /Users/sumankompelly/git/OCS--Relative-xpath-Desktop/Reports/Suite - Chrome/20190723_175603/1563922600968.png, /Users/sumankompelly/git/OCS--Relative-xpath-Desktop/Reports/Suite - Chrome/20190723_175603/1563922632158.png, /Users/sumankompelly/git/OCS--Relative-xpath-Desktop/Reports/Suite - Chrome/20190723_175603/1563922663376.png, /Users/sumankompelly/git/OCS--Relative-xpath-Desktop/Reports/Suite - Chrome/20190723_175603/1563922694548.png, /Users/sumankompelly/git/OCS--Relative-xpath-Desktop/Reports/Suite - Chrome/20190723_175603/1563922725752.png, /Users/sumankompelly/git/OCS--Relative-xpath-Desktop/Reports/Suite - Chrome/20190723_175603/1563922756996.png, /Users/sumankompelly/git/OCS--Relative-xpath-Desktop/Reports/Suite - Chrome/20190723_175603/1563922788141.png, /Users/sumankompelly/git/OCS--Relative-xpath-Desktop/Reports/Suite - Chrome/20190723_175603/1563922819474.png, /Users/sumankompelly/git/OCS--Relative-xpath-Desktop/Reports/Suite - Chrome/20190723_175603/1563922850660.png, /Users/sumankompelly/git/OCS--Relative-xpath-Desktop/Reports/Suite - Chrome/20190723_175603/1563922851161.png, /Users/sumankompelly/git/OCS--Relative-xpath-Desktop/Reports/Suite - Chrome/20190723_175603/1563922855128.png, /Users/sumankompelly/git/OCS--Relative-xpath-Desktop/Reports/Suite - Chrome/20190723_175603/1563922944415.png, /Users/sumankompelly/git/OCS--Relative-xpath-Desktop/Reports/Suite - Chrome/20190723_175603/1563922944740.png, /Users/sumankompelly/git/OCS--Relative-xpath-Desktop/Reports/Suite - Chrome/20190723_175603/1563923009367.png"/>
         <property name="hostName" value="sumankompelly - 10.0.126.233"/>
         <property name="os" value="Mac OS X 64bit"/>
         <property name="katalonVersion" value="5.10.1.1"/>
         <property name="browser" value="Chrome 75.0.3770.142"/>
         <property name="hostAddress" value="10.0.126.233"/>
         <property name="sessionId" value="3fb75a296c4997783ec41d31cdee830c"/>
         <property name="seleniumVersion" value="3.7.1"/>
         <property name="proxyInformation" value="ProxyInformation{proxyOption=NO_PROXY, proxyServerType=HTTP, password=, proxyServerAddress=, proxyServerPort=0}"/>
         <property name="platform" value="Mac OS X"/>
      </properties>
      <testcase name="Test Cases/OCS - DESKTOP/OCS- CRITICAL PATH/Cart flyout- increase qty" classname="Test Cases/OCS - DESKTOP/OCS- CRITICAL PATH/Cart flyout- increase qty" status="PASSED">
         <system-out><![CDATA[2019-07-23 17:56:07 - [TEST_CASE][PASSED] - Test Cases/OCS - DESKTOP/OCS- CRITICAL PATH/Cart flyout- increase qty: Test Cases/OCS - DESKTOP/OCS- CRITICAL PATH/Cart flyout- increase qty

2019-07-23 17:56:08 - [TEST_STEP][PASSED] - callTestCase(findTestCase("OCS - DESKTOP/CALL - Navigate to PDP"), [:], STOP_ON_FAILURE): Call Test Case 'Test Cases/OCS - DESKTOP/CALL - Navigate to PDP' successfully

2019-07-23 17:56:08 - [TEST_CASE][PASSED] - Test Cases/OCS - DESKTOP/CALL - Navigate to PDP: Test Cases/OCS - DESKTOP/CALL - Navigate to PDP

2019-07-23 17:56:08 - [TEST_STEP][PASSED] - openBrowser(""): Browser is opened with url: ''

2019-07-23 17:56:09 - [MESSAGE][INFO] - Starting 'Chrome' driver

2019-07-23 17:56:09 - [MESSAGE][INFO] - Action delay is set to 0 seconds

2019-07-23 17:56:13 - [MESSAGE][PASSED] - Browser is opened with url: ''

2019-07-23 17:56:13 - [TEST_STEP][PASSED] - maximizeWindow(): Current window maximized

2019-07-23 17:56:13 - [MESSAGE][PASSED] - Current window maximized

2019-07-23 17:56:13 - [TEST_STEP][PASSED] - navigateToUrl("https://ocs.ca/?fts=0&preview_theme_id=74209363788"): Navigate to 'https://ocs.ca/?fts=0&preview_theme_id=74209363788' successfully

2019-07-23 17:56:20 - [MESSAGE][PASSED] - Navigate to 'https://ocs.ca/?fts=0&preview_theme_id=74209363788' successfully

2019-07-23 17:56:20 - [TEST_STEP][PASSED] - executeJavaScript("var previewBar = document.getElementById("preview-bar-iframe"); previewBar.style.display = "none";", []): Execute JavaScript 'var previewBar = document.getElementById("preview-bar-iframe"); previewBar.style.display = "none";' successfully

2019-07-23 17:56:20 - [MESSAGE][PASSED] - Execute JavaScript 'var previewBar = document.getElementById("preview-bar-iframe"); previewBar.style.display = "none";' successfully

2019-07-23 17:56:20 - [TEST_STEP][PASSED] - delay(4): Delayed 4 second(s)

2019-07-23 17:56:24 - [MESSAGE][PASSED] - Delayed 4 second(s)

2019-07-23 17:56:24 - [TEST_STEP][PASSED] - selectOptionByValue(findTestObject("OCS-DESKTOP/Age gate and Mega menu/Date"), "12", true): All options with value '12' are selected in object 'Object Repository/OCS-DESKTOP/Age gate and Mega menu/Date'  using regular expression

2019-07-23 17:56:25 - [MESSAGE][PASSED] - All options with value '12' are selected in object 'Object Repository/OCS-DESKTOP/Age gate and Mega menu/Date'  using regular expression

2019-07-23 17:56:25 - [TEST_STEP][PASSED] - selectOptionByValue(findTestObject("OCS-DESKTOP/Age gate and Mega menu/month"), "6", true): All options with value '6' are selected in object 'Object Repository/OCS-DESKTOP/Age gate and Mega menu/month'  using regular expression

2019-07-23 17:56:25 - [MESSAGE][PASSED] - All options with value '6' are selected in object 'Object Repository/OCS-DESKTOP/Age gate and Mega menu/month'  using regular expression

2019-07-23 17:56:25 - [TEST_STEP][PASSED] - delay(2): Delayed 2 second(s)

2019-07-23 17:56:27 - [MESSAGE][PASSED] - Delayed 2 second(s)

2019-07-23 17:56:27 - [TEST_STEP][PASSED] - selectOptionByValue(findTestObject("OCS-DESKTOP/Age gate and Mega menu/Year Dropdown"), "1990", true): All options with value '1990' are selected in object 'Object Repository/OCS-DESKTOP/Age gate and Mega menu/Year Dropdown'  using regular expression

2019-07-23 17:56:28 - [MESSAGE][PASSED] - All options with value '1990' are selected in object 'Object Repository/OCS-DESKTOP/Age gate and Mega menu/Year Dropdown'  using regular expression

2019-07-23 17:56:28 - [TEST_STEP][PASSED] - click(findTestObject("OCS-DESKTOP/Age gate and Mega menu/button_Verify")): Object: 'Object Repository/OCS-DESKTOP/Age gate and Mega menu/button_Verify' is clicked on

2019-07-23 17:56:28 - [MESSAGE][PASSED] - Object: 'Object Repository/OCS-DESKTOP/Age gate and Mega menu/button_Verify' is clicked on

2019-07-23 17:56:28 - [TEST_STEP][PASSED] - click(findTestObject("OCS-DESKTOP/Age gate and Mega menu/Checkbox_CONFIRM AND ACKNOWLEDGE")): Object: 'Object Repository/OCS-DESKTOP/Age gate and Mega menu/Checkbox_CONFIRM AND ACKNOWLEDGE' is clicked on

2019-07-23 17:56:28 - [MESSAGE][PASSED] - Object: 'Object Repository/OCS-DESKTOP/Age gate and Mega menu/Checkbox_CONFIRM AND ACKNOWLEDGE' is clicked on

2019-07-23 17:56:28 - [TEST_STEP][PASSED] - click(findTestObject("OCS-DESKTOP/Age gate and Mega menu/button_CONFIRM")): Object: 'Object Repository/OCS-DESKTOP/Age gate and Mega menu/button_CONFIRM' is clicked on

2019-07-23 17:56:29 - [MESSAGE][PASSED] - Object: 'Object Repository/OCS-DESKTOP/Age gate and Mega menu/button_CONFIRM' is clicked on

2019-07-23 17:56:29 - [TEST_STEP][PASSED] - click(findTestObject("OCS-DESKTOP/Age gate and Mega menu/button_Start Browsing")): Object: 'Object Repository/OCS-DESKTOP/Age gate and Mega menu/button_Start Browsing' is clicked on

2019-07-23 17:56:29 - [MESSAGE][PASSED] - Object: 'Object Repository/OCS-DESKTOP/Age gate and Mega menu/button_Start Browsing' is clicked on

2019-07-23 17:56:29 - [TEST_STEP][PASSED] - delay(2): Delayed 2 second(s)

2019-07-23 17:56:31 - [MESSAGE][PASSED] - Delayed 2 second(s)

2019-07-23 17:56:31 - [TEST_STEP][PASSED] - navigateToUrl("https://ocs.ca/products/la-confidential"): Navigate to 'https://ocs.ca/products/la-confidential' successfully

2019-07-23 17:56:36 - [MESSAGE][PASSED] - Navigate to 'https://ocs.ca/products/la-confidential' successfully

2019-07-23 17:56:36 - [TEST_STEP][PASSED] - executeJavaScript("var previewBar = document.getElementById("preview-bar-iframe"); previewBar.style.display = "none";", []): Execute JavaScript 'var previewBar = document.getElementById("preview-bar-iframe"); previewBar.style.display = "none";' successfully

2019-07-23 17:56:36 - [MESSAGE][PASSED] - Execute JavaScript 'var previewBar = document.getElementById("preview-bar-iframe"); previewBar.style.display = "none";' successfully

2019-07-23 17:56:36 - [MESSAGE][PASSED] - Call Test Case 'Test Cases/OCS - DESKTOP/CALL - Navigate to PDP' successfully

2019-07-23 17:56:36 - [TEST_STEP][NOT_RUN] - scrollToElement(findTestObject("OCS-DESKTOP/Product page/Product image"), 1): NOT_RUN: scrollToElement(findTestObject("OCS-DESKTOP/Product page/Product image"), 1)

2019-07-23 17:56:36 - [MESSAGE][NOT_RUN] - NOT_RUN: scrollToElement(findTestObject("OCS-DESKTOP/Product page/Product image"), 1)

2019-07-23 17:56:36 - [TEST_STEP][PASSED] - delay(2): Delayed 2 second(s)

2019-07-23 17:56:38 - [MESSAGE][PASSED] - Delayed 2 second(s)

2019-07-23 17:56:38 - [TEST_STEP][PASSED] - flag = verifyElementPresent(findTestObject("OCS-DESKTOP/Product page/Swatch_3.5g"), 0): Object 'Object Repository/OCS-DESKTOP/Product page/Swatch_3.5g' is present

2019-07-23 17:56:38 - [MESSAGE][WARNING] - Timeout '0' is invalid. Using default page load timeout: '30'

2019-07-23 17:56:38 - [MESSAGE][PASSED] - Object 'Object Repository/OCS-DESKTOP/Product page/Swatch_3.5g' is present

2019-07-23 17:56:38 - [TEST_STEP][PASSED] - comment(" flag =" + flag):  flag =true

2019-07-23 17:56:38 - [MESSAGE][INFO] -  flag =true

2019-07-23 17:56:38 - [TEST_STEP][PASSED] - if (flag == true):  price changed . Quantity selector is working

2019-07-23 17:56:38 - [TEST_STEP][PASSED] - click(findTestObject("OCS-DESKTOP/Product page/Swatch_3.5g")): Object: 'Object Repository/OCS-DESKTOP/Product page/Swatch_3.5g' is clicked on

2019-07-23 17:56:38 - [MESSAGE][PASSED] - Object: 'Object Repository/OCS-DESKTOP/Product page/Swatch_3.5g' is clicked on

2019-07-23 17:56:38 - [TEST_STEP][PASSED] - delay(2): Delayed 2 second(s)

2019-07-23 17:56:40 - [MESSAGE][PASSED] - Delayed 2 second(s)

2019-07-23 17:56:40 - [TEST_STEP][PASSED] - click(findTestObject("OCS-DESKTOP/Product page/Quantity Increase - Button")): Object: 'Object Repository/OCS-DESKTOP/Product page/Quantity Increase - Button' is clicked on

2019-07-23 17:56:40 - [MESSAGE][PASSED] - Object: 'Object Repository/OCS-DESKTOP/Product page/Quantity Increase - Button' is clicked on

2019-07-23 17:56:40 - [TEST_STEP][PASSED] - delay(2): Delayed 2 second(s)

2019-07-23 17:56:42 - [MESSAGE][PASSED] - Delayed 2 second(s)

2019-07-23 17:56:42 - [TEST_STEP][PASSED] - click(findTestObject("OCS-DESKTOP/Product page/Add to Bag-button")): Object: 'Object Repository/OCS-DESKTOP/Product page/Add to Bag-button' is clicked on

2019-07-23 17:56:42 - [MESSAGE][PASSED] - Object: 'Object Repository/OCS-DESKTOP/Product page/Add to Bag-button' is clicked on

2019-07-23 17:56:42 - [TEST_STEP][PASSED] - delay(1): Delayed 1 second(s)

2019-07-23 17:56:43 - [MESSAGE][PASSED] - Delayed 1 second(s)

2019-07-23 17:56:43 - [TEST_STEP][PASSED] - click(findTestObject("OCS-DESKTOP/Home - page/view my bag - cart dropdown"), OPTIONAL): Object: 'Object Repository/OCS-DESKTOP/Home - page/view my bag - cart dropdown' is clicked on

2019-07-23 17:56:43 - [MESSAGE][PASSED] - Object: 'Object Repository/OCS-DESKTOP/Home - page/view my bag - cart dropdown' is clicked on

2019-07-23 17:56:43 - [TEST_STEP][NOT_RUN] - click(findTestObject("OCS-DESKTOP/Cart flyout/Quantity increase - Product")): NOT_RUN: click(findTestObject("OCS-DESKTOP/Cart flyout/Quantity increase - Product"))

2019-07-23 17:56:43 - [MESSAGE][NOT_RUN] - NOT_RUN: click(findTestObject("OCS-DESKTOP/Cart flyout/Quantity increase - Product"))

2019-07-23 17:56:43 - [TEST_STEP][PASSED] - delay(1): Delayed 1 second(s)

2019-07-23 17:56:44 - [MESSAGE][PASSED] - Delayed 1 second(s)

2019-07-23 17:56:44 - [TEST_STEP][NOT_RUN] - click(findTestObject("OCS-DESKTOP/Cart flyout/Quantity increase - Product")): NOT_RUN: click(findTestObject("OCS-DESKTOP/Cart flyout/Quantity increase - Product"))

2019-07-23 17:56:44 - [MESSAGE][NOT_RUN] - NOT_RUN: click(findTestObject("OCS-DESKTOP/Cart flyout/Quantity increase - Product"))

2019-07-23 17:56:44 - [TEST_STEP][PASSED] - delay(2): Delayed 2 second(s)

2019-07-23 17:56:46 - [MESSAGE][PASSED] - Delayed 2 second(s)

2019-07-23 17:56:46 - [TEST_STEP][PASSED] - a = getText(findTestObject("OCS-DESKTOP/Cart flyout/Unit price - Product")): Text of object 'Object Repository/OCS-DESKTOP/Cart flyout/Unit price - Product' is: '$70.00'

2019-07-23 17:56:46 - [MESSAGE][PASSED] - Text of object 'Object Repository/OCS-DESKTOP/Cart flyout/Unit price - Product' is: '$70.00'

2019-07-23 17:56:46 - [TEST_STEP][PASSED] - comment(a): $70.00

2019-07-23 17:56:46 - [MESSAGE][INFO] - $70.00

2019-07-23 17:56:46 - [TEST_STEP][PASSED] - b = a.substring(1): null

2019-07-23 17:56:46 - [TEST_STEP][PASSED] - comment(b): 70.00

2019-07-23 17:56:46 - [MESSAGE][INFO] - 70.00

2019-07-23 17:56:46 - [TEST_STEP][PASSED] - la = b.substring(0, b.length() - 1): null

2019-07-23 17:56:46 - [TEST_STEP][PASSED] - comment("la=" + la): la=70.0

2019-07-23 17:56:46 - [MESSAGE][INFO] - la=70.0

2019-07-23 17:56:47 - [TEST_STEP][PASSED] - la1 = la.substring(0, la.length() - 1): null

2019-07-23 17:56:47 - [TEST_STEP][PASSED] - comment(" la1 =" + la1):  la1 =70.

2019-07-23 17:56:47 - [MESSAGE][INFO] -  la1 =70.

2019-07-23 17:56:47 - [TEST_STEP][PASSED] - la2 = la1.substring(0, la1.length() - 1): null

2019-07-23 17:56:47 - [TEST_STEP][PASSED] - comment("la2 =" + la2): la2 =70

2019-07-23 17:56:47 - [MESSAGE][INFO] - la2 =70

2019-07-23 17:56:47 - [TEST_STEP][PASSED] - click(findTestObject("OCS-DESKTOP/Cart flyout/input_-_updates")): Object: 'Object Repository/OCS-DESKTOP/Cart flyout/input_-_updates' is clicked on

2019-07-23 17:56:47 - [MESSAGE][PASSED] - Object: 'Object Repository/OCS-DESKTOP/Cart flyout/input_-_updates' is clicked on

2019-07-23 17:56:47 - [TEST_STEP][PASSED] - delay(1): Delayed 1 second(s)

2019-07-23 17:56:48 - [MESSAGE][PASSED] - Delayed 1 second(s)

2019-07-23 17:56:48 - [TEST_STEP][PASSED] - doubleClick(findTestObject("OCS-DESKTOP/Cart flyout/input_-_updates")): Object: 'Object Repository/OCS-DESKTOP/Cart flyout/input_-_updates' is double clicked on

2019-07-23 17:56:48 - [MESSAGE][PASSED] - Object: 'Object Repository/OCS-DESKTOP/Cart flyout/input_-_updates' is double clicked on

2019-07-23 17:56:48 - [TEST_STEP][NOT_RUN] - setText(findTestObject("OCS-DESKTOP/Cart flyout/Qty - Input field"), Keys.chord(CLEAR)): NOT_RUN: setText(findTestObject("OCS-DESKTOP/Cart flyout/Qty - Input field"), Keys.chord(CLEAR))

2019-07-23 17:56:48 - [MESSAGE][NOT_RUN] - NOT_RUN: setText(findTestObject("OCS-DESKTOP/Cart flyout/Qty - Input field"), Keys.chord(CLEAR))

2019-07-23 17:56:48 - [TEST_STEP][PASSED] - delay(1): Delayed 1 second(s)

2019-07-23 17:56:49 - [MESSAGE][PASSED] - Delayed 1 second(s)

2019-07-23 17:56:49 - [TEST_STEP][PASSED] - setText(findTestObject("OCS-DESKTOP/Cart flyout/input_-_updates"), "3"): Text '3' is set on object 'Object Repository/OCS-DESKTOP/Cart flyout/input_-_updates'

2019-07-23 17:56:49 - [MESSAGE][PASSED] - Text '3' is set on object 'Object Repository/OCS-DESKTOP/Cart flyout/input_-_updates'

2019-07-23 17:56:49 - [TEST_STEP][PASSED] - delay(2): Delayed 2 second(s)

2019-07-23 17:56:51 - [MESSAGE][PASSED] - Delayed 2 second(s)

2019-07-23 17:56:51 - [TEST_STEP][PASSED] - click(findTestObject("OCS-DESKTOP/Cart flyout/Quantity increase - Product")): Object: 'Object Repository/OCS-DESKTOP/Cart flyout/Quantity increase - Product' is clicked on

2019-07-23 17:56:51 - [MESSAGE][PASSED] - Object: 'Object Repository/OCS-DESKTOP/Cart flyout/Quantity increase - Product' is clicked on

2019-07-23 17:56:51 - [TEST_STEP][PASSED] - delay(2): Delayed 2 second(s)

2019-07-23 17:56:53 - [MESSAGE][PASSED] - Delayed 2 second(s)

2019-07-23 17:56:53 - [TEST_STEP][PASSED] - click(findTestObject("OCS-DESKTOP/Cart flyout/Quantity increase - Product")): Object: 'Object Repository/OCS-DESKTOP/Cart flyout/Quantity increase - Product' is clicked on

2019-07-23 17:56:53 - [MESSAGE][PASSED] - Object: 'Object Repository/OCS-DESKTOP/Cart flyout/Quantity increase - Product' is clicked on

2019-07-23 17:56:53 - [TEST_STEP][PASSED] - delay(2): Delayed 2 second(s)

2019-07-23 17:56:55 - [MESSAGE][PASSED] - Delayed 2 second(s)

2019-07-23 17:56:55 - [TEST_STEP][PASSED] - click(findTestObject("OCS-DESKTOP/Cart flyout/Quantity increase - Product")): Object: 'Object Repository/OCS-DESKTOP/Cart flyout/Quantity increase - Product' is clicked on

2019-07-23 17:56:55 - [MESSAGE][PASSED] - Object: 'Object Repository/OCS-DESKTOP/Cart flyout/Quantity increase - Product' is clicked on

2019-07-23 17:56:55 - [TEST_STEP][PASSED] - delay(2): Delayed 2 second(s)

2019-07-23 17:56:57 - [MESSAGE][PASSED] - Delayed 2 second(s)

2019-07-23 17:56:57 - [TEST_STEP][PASSED] - c = getText(findTestObject("OCS-DESKTOP/Cart flyout/Sub-total Price")): Text of object 'Object Repository/OCS-DESKTOP/Cart flyout/Sub-total Price' is: '$140.00'

2019-07-23 17:56:57 - [MESSAGE][PASSED] - Text of object 'Object Repository/OCS-DESKTOP/Cart flyout/Sub-total Price' is: '$140.00'

2019-07-23 17:56:57 - [TEST_STEP][PASSED] - comment(c): $140.00

2019-07-23 17:56:57 - [MESSAGE][INFO] - $140.00

2019-07-23 17:56:57 - [TEST_STEP][PASSED] - d = c.substring(1): null

2019-07-23 17:56:57 - [TEST_STEP][PASSED] - comment(d): 140.00

2019-07-23 17:56:57 - [MESSAGE][INFO] - 140.00

2019-07-23 17:56:57 - [TEST_STEP][PASSED] - verifyNotEqual("c", "d"): Actual object 'c' and expected object 'd' are not equal

2019-07-23 17:56:57 - [MESSAGE][PASSED] - Actual object 'c' and expected object 'd' are not equal

2019-07-23 17:56:57 - [TEST_STEP][PASSED] - comment(" price changed . Quantity selector is working"):  price changed . Quantity selector is working

2019-07-23 17:56:57 - [MESSAGE][INFO] -  price changed . Quantity selector is working]]></system-out>
         <system-err><![CDATA[]]></system-err>
      </testcase>
      <testcase name="Test Cases/OCS - DESKTOP/OCS- CRITICAL PATH/Cart flyout- decrease qty" classname="Test Cases/OCS - DESKTOP/OCS- CRITICAL PATH/Cart flyout- decrease qty" status="FAILED">
         <failure type="FAILED" message="Test Cases/OCS - DESKTOP/OCS- CRITICAL PATH/Cart flyout- decrease qty FAILED.
Reason:
com.kms.katalon.core.exception.StepFailedException: Unable to click on object 'Object Repository/OCS-DESKTOP/Cart flyout/Quantity decrease - Product' (Root cause: org.openqa.selenium.StaleElementReferenceException: stale element reference: element is not attached to the page document
  (Session info: chrome=75.0.3770.142)
  (Driver info: chromedriver=2.43.600229 (3fae4d0cda5334b4f533bede5a4787f7b832d052),platform=Mac OS X 10.13.6 x86_64) (WARNING: The server did not provide any stacktrace information)
Command duration or timeout: 0 milliseconds
For documentation on this error, please visit: http://seleniumhq.org/exceptions/stale_element_reference.html
Build info: version: '3.7.1', revision: '8a0099a', time: '2017-11-06T21:07:36.161Z'
System info: host: 'sumans-MacBook-Pro.local', ip: 'fe80:0:0:0:1c1a:e441:9b49:e629%en0', os.name: 'Mac OS X', os.arch: 'x86_64', os.version: '10.13.6', java.version: '1.8.0_181'
Driver info: com.kms.katalon.selenium.driver.CChromeDriver
Capabilities {acceptInsecureCerts: false, acceptSslCerts: false, applicationCacheEnabled: false, browserConnectionEnabled: false, browserName: chrome, chrome: {chromedriverVersion: 2.43.600229 (3fae4d0cda5334..., userDataDir: /var/folders/1t/c55l8xzs6gq...}, cssSelectorsEnabled: true, databaseEnabled: false, goog:chromeOptions: {debuggerAddress: localhost:57525}, handlesAlerts: true, hasTouchScreen: false, javascriptEnabled: true, locationContextEnabled: true, mobileEmulationEnabled: false, nativeEvents: true, networkConnectionEnabled: false, pageLoadStrategy: normal, platform: MAC, platformName: MAC, rotatable: false, setWindowRect: true, takesHeapSnapshot: true, takesScreenshot: true, unexpectedAlertBehaviour: , unhandledPromptBehavior: , version: 75.0.3770.142, webStorageEnabled: true}
Session ID: ab3fd2ea85cd075b0ada6c2e82cc08f5)
	at com.kms.katalon.core.keyword.internal.KeywordMain.stepFailed(KeywordMain.groovy:36)
	at com.kms.katalon.core.webui.keyword.internal.WebUIKeywordMain.stepFailed(WebUIKeywordMain.groovy:65)
	at com.kms.katalon.core.webui.keyword.internal.WebUIKeywordMain.runKeyword(WebUIKeywordMain.groovy:27)
	at com.kms.katalon.core.webui.keyword.builtin.ClickKeyword.click(ClickKeyword.groovy:86)
	at com.kms.katalon.core.webui.keyword.builtin.ClickKeyword.execute(ClickKeyword.groovy:67)
	at com.kms.katalon.core.keyword.internal.KeywordExecutor.executeKeywordForPlatform(KeywordExecutor.groovy:53)
	at com.kms.katalon.core.webui.keyword.WebUiBuiltInKeywords.click(WebUiBuiltInKeywords.groovy:616)
	at com.kms.katalon.core.webui.keyword.WebUiBuiltInKeywords$click$4.call(Unknown Source)
	at Cart flyout- decrease qty.run(Cart flyout- decrease qty:93)
	at com.kms.katalon.core.main.ScriptEngine.run(ScriptEngine.java:194)
	at com.kms.katalon.core.main.ScriptEngine.runScriptAsRawText(ScriptEngine.java:119)
	at com.kms.katalon.core.main.TestCaseExecutor.runScript(TestCaseExecutor.java:328)
	at com.kms.katalon.core.main.TestCaseExecutor.doExecute(TestCaseExecutor.java:319)
	at com.kms.katalon.core.main.TestCaseExecutor.processExecutionPhase(TestCaseExecutor.java:298)
	at com.kms.katalon.core.main.TestCaseExecutor.accessMainPhase(TestCaseExecutor.java:290)
	at com.kms.katalon.core.main.TestCaseExecutor.execute(TestCaseExecutor.java:224)
	at com.kms.katalon.core.main.TestSuiteExecutor.accessTestCaseMainPhase(TestSuiteExecutor.java:129)
	at com.kms.katalon.core.main.TestSuiteExecutor.accessTestSuiteMainPhase(TestSuiteExecutor.java:112)
	at com.kms.katalon.core.main.TestSuiteExecutor.execute(TestSuiteExecutor.java:81)
	at com.kms.katalon.core.main.TestCaseMain.startTestSuite(TestCaseMain.java:149)
	at com.kms.katalon.core.main.TestCaseMain$startTestSuite$0.call(Unknown Source)
	at TempTestSuite1563918963353.run(TempTestSuite1563918963353.groovy:36)
"/>
         <system-out><![CDATA[2019-07-23 17:56:57 - [TEST_CASE][FAILED] - Test Cases/OCS - DESKTOP/OCS- CRITICAL PATH/Cart flyout- decrease qty: Test Cases/OCS - DESKTOP/OCS- CRITICAL PATH/Cart flyout- decrease qty FAILED.
Reason:
com.kms.katalon.core.exception.StepFailedException: Unable to click on object 'Object Repository/OCS-DESKTOP/Cart flyout/Quantity decrease - Product' (Root cause: org.openqa.selenium.StaleElementReferenceException: stale element reference: element is not attached to the page document
  (Session info: chrome=75.0.3770.142)
  (Driver info: chromedriver=2.43.600229 (3fae4d0cda5334b4f533bede5a4787f7b832d052),platform=Mac OS X 10.13.6 x86_64) (WARNING: The server did not provide any stacktrace information)
Command duration or timeout: 0 milliseconds
For documentation on this error, please visit: http://seleniumhq.org/exceptions/stale_element_reference.html
Build info: version: '3.7.1', revision: '8a0099a', time: '2017-11-06T21:07:36.161Z'
System info: host: 'sumans-MacBook-Pro.local', ip: 'fe80:0:0:0:1c1a:e441:9b49:e629%en0', os.name: 'Mac OS X', os.arch: 'x86_64', os.version: '10.13.6', java.version: '1.8.0_181'
Driver info: com.kms.katalon.selenium.driver.CChromeDriver
Capabilities {acceptInsecureCerts: false, acceptSslCerts: false, applicationCacheEnabled: false, browserConnectionEnabled: false, browserName: chrome, chrome: {chromedriverVersion: 2.43.600229 (3fae4d0cda5334..., userDataDir: /var/folders/1t/c55l8xzs6gq...}, cssSelectorsEnabled: true, databaseEnabled: false, goog:chromeOptions: {debuggerAddress: localhost:57525}, handlesAlerts: true, hasTouchScreen: false, javascriptEnabled: true, locationContextEnabled: true, mobileEmulationEnabled: false, nativeEvents: true, networkConnectionEnabled: false, pageLoadStrategy: normal, platform: MAC, platformName: MAC, rotatable: false, setWindowRect: true, takesHeapSnapshot: true, takesScreenshot: true, unexpectedAlertBehaviour: , unhandledPromptBehavior: , version: 75.0.3770.142, webStorageEnabled: true}
Session ID: ab3fd2ea85cd075b0ada6c2e82cc08f5)
	at com.kms.katalon.core.keyword.internal.KeywordMain.stepFailed(KeywordMain.groovy:36)
	at com.kms.katalon.core.webui.keyword.internal.WebUIKeywordMain.stepFailed(WebUIKeywordMain.groovy:65)
	at com.kms.katalon.core.webui.keyword.internal.WebUIKeywordMain.runKeyword(WebUIKeywordMain.groovy:27)
	at com.kms.katalon.core.webui.keyword.builtin.ClickKeyword.click(ClickKeyword.groovy:86)
	at com.kms.katalon.core.webui.keyword.builtin.ClickKeyword.execute(ClickKeyword.groovy:67)
	at com.kms.katalon.core.keyword.internal.KeywordExecutor.executeKeywordForPlatform(KeywordExecutor.groovy:53)
	at com.kms.katalon.core.webui.keyword.WebUiBuiltInKeywords.click(WebUiBuiltInKeywords.groovy:616)
	at com.kms.katalon.core.webui.keyword.WebUiBuiltInKeywords$click$4.call(Unknown Source)
	at Cart flyout- decrease qty.run(Cart flyout- decrease qty:93)
	at com.kms.katalon.core.main.ScriptEngine.run(ScriptEngine.java:194)
	at com.kms.katalon.core.main.ScriptEngine.runScriptAsRawText(ScriptEngine.java:119)
	at com.kms.katalon.core.main.TestCaseExecutor.runScript(TestCaseExecutor.java:328)
	at com.kms.katalon.core.main.TestCaseExecutor.doExecute(TestCaseExecutor.java:319)
	at com.kms.katalon.core.main.TestCaseExecutor.processExecutionPhase(TestCaseExecutor.java:298)
	at com.kms.katalon.core.main.TestCaseExecutor.accessMainPhase(TestCaseExecutor.java:290)
	at com.kms.katalon.core.main.TestCaseExecutor.execute(TestCaseExecutor.java:224)
	at com.kms.katalon.core.main.TestSuiteExecutor.accessTestCaseMainPhase(TestSuiteExecutor.java:129)
	at com.kms.katalon.core.main.TestSuiteExecutor.accessTestSuiteMainPhase(TestSuiteExecutor.java:112)
	at com.kms.katalon.core.main.TestSuiteExecutor.execute(TestSuiteExecutor.java:81)
	at com.kms.katalon.core.main.TestCaseMain.startTestSuite(TestCaseMain.java:149)
	at com.kms.katalon.core.main.TestCaseMain$startTestSuite$0.call(Unknown Source)
	at TempTestSuite1563918963353.run(TempTestSuite1563918963353.groovy:36)


2019-07-23 17:56:58 - [TEST_STEP][PASSED] - callTestCase(findTestCase("OCS - DESKTOP/CALL - Navigate to PDP"), [:], STOP_ON_FAILURE): Call Test Case 'Test Cases/OCS - DESKTOP/CALL - Navigate to PDP' successfully

2019-07-23 17:56:58 - [TEST_CASE][PASSED] - Test Cases/OCS - DESKTOP/CALL - Navigate to PDP: Test Cases/OCS - DESKTOP/CALL - Navigate to PDP

2019-07-23 17:56:58 - [TEST_STEP][PASSED] - openBrowser(""): Browser is opened with url: ''

2019-07-23 17:56:58 - [MESSAGE][WARNING] - A browser is already opened. Closing browser and opening a new one

2019-07-23 17:56:58 - [MESSAGE][INFO] - Starting 'Chrome' driver

2019-07-23 17:56:59 - [MESSAGE][PASSED] - Browser is opened with url: ''

2019-07-23 17:56:59 - [TEST_STEP][PASSED] - maximizeWindow(): Current window maximized

2019-07-23 17:57:00 - [MESSAGE][PASSED] - Current window maximized

2019-07-23 17:57:00 - [TEST_STEP][PASSED] - navigateToUrl("https://ocs.ca/?fts=0&preview_theme_id=74209363788"): Navigate to 'https://ocs.ca/?fts=0&preview_theme_id=74209363788' successfully

2019-07-23 17:57:05 - [MESSAGE][PASSED] - Navigate to 'https://ocs.ca/?fts=0&preview_theme_id=74209363788' successfully

2019-07-23 17:57:05 - [TEST_STEP][PASSED] - executeJavaScript("var previewBar = document.getElementById("preview-bar-iframe"); previewBar.style.display = "none";", []): Execute JavaScript 'var previewBar = document.getElementById("preview-bar-iframe"); previewBar.style.display = "none";' successfully

2019-07-23 17:57:05 - [MESSAGE][PASSED] - Execute JavaScript 'var previewBar = document.getElementById("preview-bar-iframe"); previewBar.style.display = "none";' successfully

2019-07-23 17:57:05 - [TEST_STEP][PASSED] - delay(4): Delayed 4 second(s)

2019-07-23 17:57:09 - [MESSAGE][PASSED] - Delayed 4 second(s)

2019-07-23 17:57:09 - [TEST_STEP][PASSED] - selectOptionByValue(findTestObject("OCS-DESKTOP/Age gate and Mega menu/Date"), "12", true): All options with value '12' are selected in object 'Object Repository/OCS-DESKTOP/Age gate and Mega menu/Date'  using regular expression

2019-07-23 17:57:10 - [MESSAGE][PASSED] - All options with value '12' are selected in object 'Object Repository/OCS-DESKTOP/Age gate and Mega menu/Date'  using regular expression

2019-07-23 17:57:10 - [TEST_STEP][PASSED] - selectOptionByValue(findTestObject("OCS-DESKTOP/Age gate and Mega menu/month"), "6", true): All options with value '6' are selected in object 'Object Repository/OCS-DESKTOP/Age gate and Mega menu/month'  using regular expression

2019-07-23 17:57:10 - [MESSAGE][PASSED] - All options with value '6' are selected in object 'Object Repository/OCS-DESKTOP/Age gate and Mega menu/month'  using regular expression

2019-07-23 17:57:10 - [TEST_STEP][PASSED] - delay(2): Delayed 2 second(s)

2019-07-23 17:57:12 - [MESSAGE][PASSED] - Delayed 2 second(s)

2019-07-23 17:57:12 - [TEST_STEP][PASSED] - selectOptionByValue(findTestObject("OCS-DESKTOP/Age gate and Mega menu/Year Dropdown"), "1990", true): All options with value '1990' are selected in object 'Object Repository/OCS-DESKTOP/Age gate and Mega menu/Year Dropdown'  using regular expression

2019-07-23 17:57:14 - [MESSAGE][PASSED] - All options with value '1990' are selected in object 'Object Repository/OCS-DESKTOP/Age gate and Mega menu/Year Dropdown'  using regular expression

2019-07-23 17:57:14 - [TEST_STEP][PASSED] - click(findTestObject("OCS-DESKTOP/Age gate and Mega menu/button_Verify")): Object: 'Object Repository/OCS-DESKTOP/Age gate and Mega menu/button_Verify' is clicked on

2019-07-23 17:57:14 - [MESSAGE][PASSED] - Object: 'Object Repository/OCS-DESKTOP/Age gate and Mega menu/button_Verify' is clicked on

2019-07-23 17:57:14 - [TEST_STEP][PASSED] - click(findTestObject("OCS-DESKTOP/Age gate and Mega menu/Checkbox_CONFIRM AND ACKNOWLEDGE")): Object: 'Object Repository/OCS-DESKTOP/Age gate and Mega menu/Checkbox_CONFIRM AND ACKNOWLEDGE' is clicked on

2019-07-23 17:57:15 - [MESSAGE][PASSED] - Object: 'Object Repository/OCS-DESKTOP/Age gate and Mega menu/Checkbox_CONFIRM AND ACKNOWLEDGE' is clicked on

2019-07-23 17:57:15 - [TEST_STEP][PASSED] - click(findTestObject("OCS-DESKTOP/Age gate and Mega menu/button_CONFIRM")): Object: 'Object Repository/OCS-DESKTOP/Age gate and Mega menu/button_CONFIRM' is clicked on

2019-07-23 17:57:15 - [MESSAGE][PASSED] - Object: 'Object Repository/OCS-DESKTOP/Age gate and Mega menu/button_CONFIRM' is clicked on

2019-07-23 17:57:15 - [TEST_STEP][PASSED] - click(findTestObject("OCS-DESKTOP/Age gate and Mega menu/button_Start Browsing")): Object: 'Object Repository/OCS-DESKTOP/Age gate and Mega menu/button_Start Browsing' is clicked on

2019-07-23 17:57:15 - [MESSAGE][PASSED] - Object: 'Object Repository/OCS-DESKTOP/Age gate and Mega menu/button_Start Browsing' is clicked on

2019-07-23 17:57:15 - [TEST_STEP][PASSED] - delay(2): Delayed 2 second(s)

2019-07-23 17:57:17 - [MESSAGE][PASSED] - Delayed 2 second(s)

2019-07-23 17:57:17 - [TEST_STEP][PASSED] - navigateToUrl("https://ocs.ca/products/la-confidential"): Navigate to 'https://ocs.ca/products/la-confidential' successfully

2019-07-23 17:57:21 - [MESSAGE][PASSED] - Navigate to 'https://ocs.ca/products/la-confidential' successfully

2019-07-23 17:57:21 - [TEST_STEP][PASSED] - executeJavaScript("var previewBar = document.getElementById("preview-bar-iframe"); previewBar.style.display = "none";", []): Execute JavaScript 'var previewBar = document.getElementById("preview-bar-iframe"); previewBar.style.display = "none";' successfully

2019-07-23 17:57:21 - [MESSAGE][PASSED] - Execute JavaScript 'var previewBar = document.getElementById("preview-bar-iframe"); previewBar.style.display = "none";' successfully

2019-07-23 17:57:21 - [MESSAGE][PASSED] - Call Test Case 'Test Cases/OCS - DESKTOP/CALL - Navigate to PDP' successfully

2019-07-23 17:57:21 - [TEST_STEP][NOT_RUN] - scrollToElement(findTestObject("OCS-DESKTOP/Product page/Product image"), 1): NOT_RUN: scrollToElement(findTestObject("OCS-DESKTOP/Product page/Product image"), 1)

2019-07-23 17:57:21 - [MESSAGE][NOT_RUN] - NOT_RUN: scrollToElement(findTestObject("OCS-DESKTOP/Product page/Product image"), 1)

2019-07-23 17:57:21 - [TEST_STEP][PASSED] - delay(2): Delayed 2 second(s)

2019-07-23 17:57:23 - [MESSAGE][PASSED] - Delayed 2 second(s)

2019-07-23 17:57:23 - [TEST_STEP][PASSED] - executeJavaScript("var previewBar = document.getElementById("preview-bar-iframe"); previewBar.style.display = "none";", []): Execute JavaScript 'var previewBar = document.getElementById("preview-bar-iframe"); previewBar.style.display = "none";' successfully

2019-07-23 17:57:23 - [MESSAGE][PASSED] - Execute JavaScript 'var previewBar = document.getElementById("preview-bar-iframe"); previewBar.style.display = "none";' successfully

2019-07-23 17:57:23 - [TEST_STEP][PASSED] - flag = verifyElementPresent(findTestObject("OCS-DESKTOP/Product page/Swatch_1g"), 0): Object 'Object Repository/OCS-DESKTOP/Product page/Swatch_1g' is present

2019-07-23 17:57:23 - [MESSAGE][WARNING] - Timeout '0' is invalid. Using default page load timeout: '30'

2019-07-23 17:57:23 - [MESSAGE][PASSED] - Object 'Object Repository/OCS-DESKTOP/Product page/Swatch_1g' is present

2019-07-23 17:57:23 - [TEST_STEP][PASSED] - click(findTestObject("OCS-DESKTOP/Product page/Swatch_1g")): Object: 'Object Repository/OCS-DESKTOP/Product page/Swatch_1g' is clicked on

2019-07-23 17:57:23 - [MESSAGE][PASSED] - Object: 'Object Repository/OCS-DESKTOP/Product page/Swatch_1g' is clicked on

2019-07-23 17:57:23 - [TEST_STEP][PASSED] - takeScreenshot(): Taking screenshot successfully

2019-07-23 17:57:24 - [MESSAGE][PASSED] - Taking screenshot successfully
[[ATTACHMENT|/Users/sumankompelly/git/OCS--Relative-xpath-Desktop/Reports/Suite - Chrome/20190723_175603/1563919043594.png]]

2019-07-23 17:57:24 - [TEST_STEP][PASSED] - comment(" flag =" + flag):  flag =true

2019-07-23 17:57:24 - [MESSAGE][INFO] -  flag =true

2019-07-23 17:57:24 - [TEST_STEP][FAILED] - if (flag == true): if (flag == true) FAILED.
Reason:
com.kms.katalon.core.exception.StepFailedException: Unable to click on object 'Object Repository/OCS-DESKTOP/Cart flyout/Quantity decrease - Product' (Root cause: org.openqa.selenium.StaleElementReferenceException: stale element reference: element is not attached to the page document
  (Session info: chrome=75.0.3770.142)
  (Driver info: chromedriver=2.43.600229 (3fae4d0cda5334b4f533bede5a4787f7b832d052),platform=Mac OS X 10.13.6 x86_64) (WARNING: The server did not provide any stacktrace information)
Command duration or timeout: 0 milliseconds
For documentation on this error, please visit: http://seleniumhq.org/exceptions/stale_element_reference.html
Build info: version: '3.7.1', revision: '8a0099a', time: '2017-11-06T21:07:36.161Z'
System info: host: 'sumans-MacBook-Pro.local', ip: 'fe80:0:0:0:1c1a:e441:9b49:e629%en0', os.name: 'Mac OS X', os.arch: 'x86_64', os.version: '10.13.6', java.version: '1.8.0_181'
Driver info: com.kms.katalon.selenium.driver.CChromeDriver
Capabilities {acceptInsecureCerts: false, acceptSslCerts: false, applicationCacheEnabled: false, browserConnectionEnabled: false, browserName: chrome, chrome: {chromedriverVersion: 2.43.600229 (3fae4d0cda5334..., userDataDir: /var/folders/1t/c55l8xzs6gq...}, cssSelectorsEnabled: true, databaseEnabled: false, goog:chromeOptions: {debuggerAddress: localhost:57525}, handlesAlerts: true, hasTouchScreen: false, javascriptEnabled: true, locationContextEnabled: true, mobileEmulationEnabled: false, nativeEvents: true, networkConnectionEnabled: false, pageLoadStrategy: normal, platform: MAC, platformName: MAC, rotatable: false, setWindowRect: true, takesHeapSnapshot: true, takesScreenshot: true, unexpectedAlertBehaviour: , unhandledPromptBehavior: , version: 75.0.3770.142, webStorageEnabled: true}
Session ID: ab3fd2ea85cd075b0ada6c2e82cc08f5)
	at com.kms.katalon.core.keyword.internal.KeywordMain.stepFailed(KeywordMain.groovy:36)
	at com.kms.katalon.core.webui.keyword.internal.WebUIKeywordMain.stepFailed(WebUIKeywordMain.groovy:65)
	at com.kms.katalon.core.webui.keyword.internal.WebUIKeywordMain.runKeyword(WebUIKeywordMain.groovy:27)
	at com.kms.katalon.core.webui.keyword.builtin.ClickKeyword.click(ClickKeyword.groovy:86)
	at com.kms.katalon.core.webui.keyword.builtin.ClickKeyword.execute(ClickKeyword.groovy:67)
	at com.kms.katalon.core.keyword.internal.KeywordExecutor.executeKeywordForPlatform(KeywordExecutor.groovy:53)
	at com.kms.katalon.core.webui.keyword.WebUiBuiltInKeywords.click(WebUiBuiltInKeywords.groovy:616)
	at com.kms.katalon.core.webui.keyword.WebUiBuiltInKeywords$click$4.call(Unknown Source)
	at Cart flyout- decrease qty.run(Cart flyout- decrease qty:93)
	at com.kms.katalon.core.main.ScriptEngine.run(ScriptEngine.java:194)
	at com.kms.katalon.core.main.ScriptEngine.runScriptAsRawText(ScriptEngine.java:119)
	at com.kms.katalon.core.main.TestCaseExecutor.runScript(TestCaseExecutor.java:328)
	at com.kms.katalon.core.main.TestCaseExecutor.doExecute(TestCaseExecutor.java:319)
	at com.kms.katalon.core.main.TestCaseExecutor.processExecutionPhase(TestCaseExecutor.java:298)
	at com.kms.katalon.core.main.TestCaseExecutor.accessMainPhase(TestCaseExecutor.java:290)
	at com.kms.katalon.core.main.TestCaseExecutor.execute(TestCaseExecutor.java:224)
	at com.kms.katalon.core.main.TestSuiteExecutor.accessTestCaseMainPhase(TestSuiteExecutor.java:129)
	at com.kms.katalon.core.main.TestSuiteExecutor.accessTestSuiteMainPhase(TestSuiteExecutor.java:112)
	at com.kms.katalon.core.main.TestSuiteExecutor.execute(TestSuiteExecutor.java:81)
	at com.kms.katalon.core.main.TestCaseMain.startTestSuite(TestCaseMain.java:149)
	at com.kms.katalon.core.main.TestCaseMain$startTestSuite$0.call(Unknown Source)
	at TempTestSuite1563918963353.run(TempTestSuite1563918963353.groovy:36)


2019-07-23 17:57:24 - [TEST_STEP][PASSED] - delay(2): Delayed 2 second(s)

2019-07-23 17:57:26 - [MESSAGE][PASSED] - Delayed 2 second(s)

2019-07-23 17:57:26 - [TEST_STEP][NOT_RUN] - click(findTestObject("OCS-DESKTOP/Product page/Quantity Increase - Button")): NOT_RUN: click(findTestObject("OCS-DESKTOP/Product page/Quantity Increase - Button"))

2019-07-23 17:57:26 - [MESSAGE][NOT_RUN] - NOT_RUN: click(findTestObject("OCS-DESKTOP/Product page/Quantity Increase - Button"))

2019-07-23 17:57:26 - [TEST_STEP][PASSED] - delay(1): Delayed 1 second(s)

2019-07-23 17:57:27 - [MESSAGE][PASSED] - Delayed 1 second(s)

2019-07-23 17:57:27 - [TEST_STEP][PASSED] - click(findTestObject("OCS-DESKTOP/Product page/Quantity Increase - Button")): Object: 'Object Repository/OCS-DESKTOP/Product page/Quantity Increase - Button' is clicked on

2019-07-23 17:57:27 - [MESSAGE][PASSED] - Object: 'Object Repository/OCS-DESKTOP/Product page/Quantity Increase - Button' is clicked on

2019-07-23 17:57:27 - [TEST_STEP][PASSED] - delay(1): Delayed 1 second(s)

2019-07-23 17:57:28 - [MESSAGE][PASSED] - Delayed 1 second(s)

2019-07-23 17:57:28 - [TEST_STEP][PASSED] - click(findTestObject("OCS-DESKTOP/Product page/Quantity Increase - Button")): Object: 'Object Repository/OCS-DESKTOP/Product page/Quantity Increase - Button' is clicked on

2019-07-23 17:57:28 - [MESSAGE][PASSED] - Object: 'Object Repository/OCS-DESKTOP/Product page/Quantity Increase - Button' is clicked on

2019-07-23 17:57:28 - [TEST_STEP][PASSED] - delay(1): Delayed 1 second(s)

2019-07-23 17:57:29 - [MESSAGE][PASSED] - Delayed 1 second(s)

2019-07-23 17:57:29 - [TEST_STEP][PASSED] - click(findTestObject("OCS-DESKTOP/Product page/Quantity Increase - Button")): Object: 'Object Repository/OCS-DESKTOP/Product page/Quantity Increase - Button' is clicked on

2019-07-23 17:57:29 - [MESSAGE][PASSED] - Object: 'Object Repository/OCS-DESKTOP/Product page/Quantity Increase - Button' is clicked on

2019-07-23 17:57:29 - [TEST_STEP][PASSED] - delay(1): Delayed 1 second(s)

2019-07-23 17:57:30 - [MESSAGE][PASSED] - Delayed 1 second(s)

2019-07-23 17:57:30 - [TEST_STEP][PASSED] - click(findTestObject("OCS-DESKTOP/Product page/Quantity Increase - Button")): Object: 'Object Repository/OCS-DESKTOP/Product page/Quantity Increase - Button' is clicked on

2019-07-23 17:57:30 - [MESSAGE][PASSED] - Object: 'Object Repository/OCS-DESKTOP/Product page/Quantity Increase - Button' is clicked on

2019-07-23 17:57:30 - [TEST_STEP][PASSED] - delay(2): Delayed 2 second(s)

2019-07-23 17:57:32 - [MESSAGE][PASSED] - Delayed 2 second(s)

2019-07-23 17:57:32 - [TEST_STEP][PASSED] - click(findTestObject("OCS-DESKTOP/Product page/Add to Bag-button")): Object: 'Object Repository/OCS-DESKTOP/Product page/Add to Bag-button' is clicked on

2019-07-23 17:57:32 - [MESSAGE][PASSED] - Object: 'Object Repository/OCS-DESKTOP/Product page/Add to Bag-button' is clicked on

2019-07-23 17:57:32 - [TEST_STEP][PASSED] - delay(1): Delayed 1 second(s)

2019-07-23 17:57:33 - [MESSAGE][PASSED] - Delayed 1 second(s)

2019-07-23 17:57:33 - [TEST_STEP][PASSED] - click(findTestObject("OCS-DESKTOP/Home - page/view my bag - cart dropdown"), OPTIONAL): Object: 'Object Repository/OCS-DESKTOP/Home - page/view my bag - cart dropdown' is clicked on

2019-07-23 17:57:33 - [MESSAGE][PASSED] - Object: 'Object Repository/OCS-DESKTOP/Home - page/view my bag - cart dropdown' is clicked on

2019-07-23 17:57:33 - [TEST_STEP][NOT_RUN] - click(findTestObject("OCS-DESKTOP/Cart flyout/Quantity decrease - Product")): NOT_RUN: click(findTestObject("OCS-DESKTOP/Cart flyout/Quantity decrease - Product"))

2019-07-23 17:57:33 - [MESSAGE][NOT_RUN] - NOT_RUN: click(findTestObject("OCS-DESKTOP/Cart flyout/Quantity decrease - Product"))

2019-07-23 17:57:33 - [TEST_STEP][PASSED] - delay(2): Delayed 2 second(s)

2019-07-23 17:57:35 - [MESSAGE][PASSED] - Delayed 2 second(s)

2019-07-23 17:57:35 - [TEST_STEP][PASSED] - a = getText(findTestObject("OCS-DESKTOP/Cart flyout/Unit price - Product")): Text of object 'Object Repository/OCS-DESKTOP/Cart flyout/Unit price - Product' is: '$52.50'

2019-07-23 17:57:36 - [MESSAGE][PASSED] - Text of object 'Object Repository/OCS-DESKTOP/Cart flyout/Unit price - Product' is: '$52.50'

2019-07-23 17:57:36 - [TEST_STEP][PASSED] - comment(a): $52.50

2019-07-23 17:57:36 - [MESSAGE][INFO] - $52.50

2019-07-23 17:57:36 - [TEST_STEP][PASSED] - b = a.substring(1): null

2019-07-23 17:57:36 - [TEST_STEP][PASSED] - comment(b): 52.50

2019-07-23 17:57:36 - [MESSAGE][INFO] - 52.50

2019-07-23 17:57:36 - [TEST_STEP][PASSED] - click(findTestObject("OCS-DESKTOP/Cart flyout/input_-_updates")): Object: 'Object Repository/OCS-DESKTOP/Cart flyout/input_-_updates' is clicked on

2019-07-23 17:57:36 - [MESSAGE][PASSED] - Object: 'Object Repository/OCS-DESKTOP/Cart flyout/input_-_updates' is clicked on

2019-07-23 17:57:36 - [TEST_STEP][PASSED] - setText(findTestObject("OCS-DESKTOP/Cart flyout/input_-_updates"), Keys.chord(CLEAR)): Text 'CLEAR + ' is set on object 'Object Repository/OCS-DESKTOP/Cart flyout/input_-_updates'

2019-07-23 17:57:36 - [MESSAGE][PASSED] - Text 'CLEAR + ' is set on object 'Object Repository/OCS-DESKTOP/Cart flyout/input_-_updates'

2019-07-23 17:57:36 - [TEST_STEP][PASSED] - delay(1): Delayed 1 second(s)

2019-07-23 17:57:37 - [MESSAGE][PASSED] - Delayed 1 second(s)

2019-07-23 17:57:37 - [TEST_STEP][PASSED] - setText(findTestObject("OCS-DESKTOP/Cart flyout/input_-_updates"), "10"): Text '10' is set on object 'Object Repository/OCS-DESKTOP/Cart flyout/input_-_updates'

2019-07-23 17:57:37 - [MESSAGE][PASSED] - Text '10' is set on object 'Object Repository/OCS-DESKTOP/Cart flyout/input_-_updates'

2019-07-23 17:57:37 - [TEST_STEP][PASSED] - delay(2): Delayed 2 second(s)

2019-07-23 17:57:39 - [MESSAGE][PASSED] - Delayed 2 second(s)

2019-07-23 17:57:39 - [TEST_STEP][PASSED] - click(findTestObject("OCS-DESKTOP/Cart flyout/Quantity decrease - Product")): Object: 'Object Repository/OCS-DESKTOP/Cart flyout/Quantity decrease - Product' is clicked on

2019-07-23 17:57:39 - [MESSAGE][PASSED] - Object: 'Object Repository/OCS-DESKTOP/Cart flyout/Quantity decrease - Product' is clicked on

2019-07-23 17:57:39 - [TEST_STEP][PASSED] - delay(1): Delayed 1 second(s)

2019-07-23 17:57:40 - [MESSAGE][PASSED] - Delayed 1 second(s)

2019-07-23 17:57:40 - [TEST_STEP][PASSED] - click(findTestObject("OCS-DESKTOP/Cart flyout/Quantity decrease - Product")): Object: 'Object Repository/OCS-DESKTOP/Cart flyout/Quantity decrease - Product' is clicked on

2019-07-23 17:57:40 - [MESSAGE][PASSED] - Object: 'Object Repository/OCS-DESKTOP/Cart flyout/Quantity decrease - Product' is clicked on

2019-07-23 17:57:40 - [TEST_STEP][PASSED] - delay(1): Delayed 1 second(s)

2019-07-23 17:57:41 - [MESSAGE][PASSED] - Delayed 1 second(s)

2019-07-23 17:57:41 - [TEST_STEP][FAILED] - click(findTestObject("OCS-DESKTOP/Cart flyout/Quantity decrease - Product")): if (flag == true) FAILED.
Reason:
com.kms.katalon.core.exception.StepFailedException: Unable to click on object 'Object Repository/OCS-DESKTOP/Cart flyout/Quantity decrease - Product' (Root cause: org.openqa.selenium.StaleElementReferenceException: stale element reference: element is not attached to the page document
  (Session info: chrome=75.0.3770.142)
  (Driver info: chromedriver=2.43.600229 (3fae4d0cda5334b4f533bede5a4787f7b832d052),platform=Mac OS X 10.13.6 x86_64) (WARNING: The server did not provide any stacktrace information)
Command duration or timeout: 0 milliseconds
For documentation on this error, please visit: http://seleniumhq.org/exceptions/stale_element_reference.html
Build info: version: '3.7.1', revision: '8a0099a', time: '2017-11-06T21:07:36.161Z'
System info: host: 'sumans-MacBook-Pro.local', ip: 'fe80:0:0:0:1c1a:e441:9b49:e629%en0', os.name: 'Mac OS X', os.arch: 'x86_64', os.version: '10.13.6', java.version: '1.8.0_181'
Driver info: com.kms.katalon.selenium.driver.CChromeDriver
Capabilities {acceptInsecureCerts: false, acceptSslCerts: false, applicationCacheEnabled: false, browserConnectionEnabled: false, browserName: chrome, chrome: {chromedriverVersion: 2.43.600229 (3fae4d0cda5334..., userDataDir: /var/folders/1t/c55l8xzs6gq...}, cssSelectorsEnabled: true, databaseEnabled: false, goog:chromeOptions: {debuggerAddress: localhost:57525}, handlesAlerts: true, hasTouchScreen: false, javascriptEnabled: true, locationContextEnabled: true, mobileEmulationEnabled: false, nativeEvents: true, networkConnectionEnabled: false, pageLoadStrategy: normal, platform: MAC, platformName: MAC, rotatable: false, setWindowRect: true, takesHeapSnapshot: true, takesScreenshot: true, unexpectedAlertBehaviour: , unhandledPromptBehavior: , version: 75.0.3770.142, webStorageEnabled: true}
Session ID: ab3fd2ea85cd075b0ada6c2e82cc08f5)
	at com.kms.katalon.core.keyword.internal.KeywordMain.stepFailed(KeywordMain.groovy:36)
	at com.kms.katalon.core.webui.keyword.internal.WebUIKeywordMain.stepFailed(WebUIKeywordMain.groovy:65)
	at com.kms.katalon.core.webui.keyword.internal.WebUIKeywordMain.runKeyword(WebUIKeywordMain.groovy:27)
	at com.kms.katalon.core.webui.keyword.builtin.ClickKeyword.click(ClickKeyword.groovy:86)
	at com.kms.katalon.core.webui.keyword.builtin.ClickKeyword.execute(ClickKeyword.groovy:67)
	at com.kms.katalon.core.keyword.internal.KeywordExecutor.executeKeywordForPlatform(KeywordExecutor.groovy:53)
	at com.kms.katalon.core.webui.keyword.WebUiBuiltInKeywords.click(WebUiBuiltInKeywords.groovy:616)
	at com.kms.katalon.core.webui.keyword.WebUiBuiltInKeywords$click$4.call(Unknown Source)
	at Cart flyout- decrease qty.run(Cart flyout- decrease qty:93)
	at com.kms.katalon.core.main.ScriptEngine.run(ScriptEngine.java:194)
	at com.kms.katalon.core.main.ScriptEngine.runScriptAsRawText(ScriptEngine.java:119)
	at com.kms.katalon.core.main.TestCaseExecutor.runScript(TestCaseExecutor.java:328)
	at com.kms.katalon.core.main.TestCaseExecutor.doExecute(TestCaseExecutor.java:319)
	at com.kms.katalon.core.main.TestCaseExecutor.processExecutionPhase(TestCaseExecutor.java:298)
	at com.kms.katalon.core.main.TestCaseExecutor.accessMainPhase(TestCaseExecutor.java:290)
	at com.kms.katalon.core.main.TestCaseExecutor.execute(TestCaseExecutor.java:224)
	at com.kms.katalon.core.main.TestSuiteExecutor.accessTestCaseMainPhase(TestSuiteExecutor.java:129)
	at com.kms.katalon.core.main.TestSuiteExecutor.accessTestSuiteMainPhase(TestSuiteExecutor.java:112)
	at com.kms.katalon.core.main.TestSuiteExecutor.execute(TestSuiteExecutor.java:81)
	at com.kms.katalon.core.main.TestCaseMain.startTestSuite(TestCaseMain.java:149)
	at com.kms.katalon.core.main.TestCaseMain$startTestSuite$0.call(Unknown Source)
	at TempTestSuite1563918963353.run(TempTestSuite1563918963353.groovy:36)


2019-07-23 17:57:42 - [MESSAGE][FAILED] - Unable to click on object 'Object Repository/OCS-DESKTOP/Cart flyout/Quantity decrease - Product' (Root cause: org.openqa.selenium.StaleElementReferenceException: stale element reference: element is not attached to the page document
  (Session info: chrome=75.0.3770.142)
  (Driver info: chromedriver=2.43.600229 (3fae4d0cda5334b4f533bede5a4787f7b832d052),platform=Mac OS X 10.13.6 x86_64) (WARNING: The server did not provide any stacktrace information)
Command duration or timeout: 0 milliseconds
For documentation on this error, please visit: http://seleniumhq.org/exceptions/stale_element_reference.html
Build info: version: '3.7.1', revision: '8a0099a', time: '2017-11-06T21:07:36.161Z'
System info: host: 'sumans-MacBook-Pro.local', ip: 'fe80:0:0:0:1c1a:e441:9b49:e629%en0', os.name: 'Mac OS X', os.arch: 'x86_64', os.version: '10.13.6', java.version: '1.8.0_181'
Driver info: com.kms.katalon.selenium.driver.CChromeDriver
Capabilities {acceptInsecureCerts: false, acceptSslCerts: false, applicationCacheEnabled: false, browserConnectionEnabled: false, browserName: chrome, chrome: {chromedriverVersion: 2.43.600229 (3fae4d0cda5334..., userDataDir: /var/folders/1t/c55l8xzs6gq...}, cssSelectorsEnabled: true, databaseEnabled: false, goog:chromeOptions: {debuggerAddress: localhost:57525}, handlesAlerts: true, hasTouchScreen: false, javascriptEnabled: true, locationContextEnabled: true, mobileEmulationEnabled: false, nativeEvents: true, networkConnectionEnabled: false, pageLoadStrategy: normal, platform: MAC, platformName: MAC, rotatable: false, setWindowRect: true, takesHeapSnapshot: true, takesScreenshot: true, unexpectedAlertBehaviour: , unhandledPromptBehavior: , version: 75.0.3770.142, webStorageEnabled: true}
Session ID: ab3fd2ea85cd075b0ada6c2e82cc08f5)
[[ATTACHMENT|/Users/sumankompelly/git/OCS--Relative-xpath-Desktop/Reports/Suite - Chrome/20190723_175603/1563919061625.png]]

2019-07-23 17:57:42 - [MESSAGE][FAILED] - if (flag == true) FAILED.
Reason:
com.kms.katalon.core.exception.StepFailedException: Unable to click on object 'Object Repository/OCS-DESKTOP/Cart flyout/Quantity decrease - Product' (Root cause: org.openqa.selenium.StaleElementReferenceException: stale element reference: element is not attached to the page document
  (Session info: chrome=75.0.3770.142)
  (Driver info: chromedriver=2.43.600229 (3fae4d0cda5334b4f533bede5a4787f7b832d052),platform=Mac OS X 10.13.6 x86_64) (WARNING: The server did not provide any stacktrace information)
Command duration or timeout: 0 milliseconds
For documentation on this error, please visit: http://seleniumhq.org/exceptions/stale_element_reference.html
Build info: version: '3.7.1', revision: '8a0099a', time: '2017-11-06T21:07:36.161Z'
System info: host: 'sumans-MacBook-Pro.local', ip: 'fe80:0:0:0:1c1a:e441:9b49:e629%en0', os.name: 'Mac OS X', os.arch: 'x86_64', os.version: '10.13.6', java.version: '1.8.0_181'
Driver info: com.kms.katalon.selenium.driver.CChromeDriver
Capabilities {acceptInsecureCerts: false, acceptSslCerts: false, applicationCacheEnabled: false, browserConnectionEnabled: false, browserName: chrome, chrome: {chromedriverVersion: 2.43.600229 (3fae4d0cda5334..., userDataDir: /var/folders/1t/c55l8xzs6gq...}, cssSelectorsEnabled: true, databaseEnabled: false, goog:chromeOptions: {debuggerAddress: localhost:57525}, handlesAlerts: true, hasTouchScreen: false, javascriptEnabled: true, locationContextEnabled: true, mobileEmulationEnabled: false, nativeEvents: true, networkConnectionEnabled: false, pageLoadStrategy: normal, platform: MAC, platformName: MAC, rotatable: false, setWindowRect: true, takesHeapSnapshot: true, takesScreenshot: true, unexpectedAlertBehaviour: , unhandledPromptBehavior: , version: 75.0.3770.142, webStorageEnabled: true}
Session ID: ab3fd2ea85cd075b0ada6c2e82cc08f5)
	at com.kms.katalon.core.keyword.internal.KeywordMain.stepFailed(KeywordMain.groovy:36)
	at com.kms.katalon.core.webui.keyword.internal.WebUIKeywordMain.stepFailed(WebUIKeywordMain.groovy:65)
	at com.kms.katalon.core.webui.keyword.internal.WebUIKeywordMain.runKeyword(WebUIKeywordMain.groovy:27)
	at com.kms.katalon.core.webui.keyword.builtin.ClickKeyword.click(ClickKeyword.groovy:86)
	at com.kms.katalon.core.webui.keyword.builtin.ClickKeyword.execute(ClickKeyword.groovy:67)
	at com.kms.katalon.core.keyword.internal.KeywordExecutor.executeKeywordForPlatform(KeywordExecutor.groovy:53)
	at com.kms.katalon.core.webui.keyword.WebUiBuiltInKeywords.click(WebUiBuiltInKeywords.groovy:616)
	at com.kms.katalon.core.webui.keyword.WebUiBuiltInKeywords$click$4.call(Unknown Source)
	at Cart flyout- decrease qty.run(Cart flyout- decrease qty:93)
	at com.kms.katalon.core.main.ScriptEngine.run(ScriptEngine.java:194)
	at com.kms.katalon.core.main.ScriptEngine.runScriptAsRawText(ScriptEngine.java:119)
	at com.kms.katalon.core.main.TestCaseExecutor.runScript(TestCaseExecutor.java:328)
	at com.kms.katalon.core.main.TestCaseExecutor.doExecute(TestCaseExecutor.java:319)
	at com.kms.katalon.core.main.TestCaseExecutor.processExecutionPhase(TestCaseExecutor.java:298)
	at com.kms.katalon.core.main.TestCaseExecutor.accessMainPhase(TestCaseExecutor.java:290)
	at com.kms.katalon.core.main.TestCaseExecutor.execute(TestCaseExecutor.java:224)
	at com.kms.katalon.core.main.TestSuiteExecutor.accessTestCaseMainPhase(TestSuiteExecutor.java:129)
	at com.kms.katalon.core.main.TestSuiteExecutor.accessTestSuiteMainPhase(TestSuiteExecutor.java:112)
	at com.kms.katalon.core.main.TestSuiteExecutor.execute(TestSuiteExecutor.java:81)
	at com.kms.katalon.core.main.TestCaseMain.startTestSuite(TestCaseMain.java:149)
	at com.kms.katalon.core.main.TestCaseMain$startTestSuite$0.call(Unknown Source)
	at TempTestSuite1563918963353.run(TempTestSuite1563918963353.groovy:36)]]></system-out>
         <system-err><![CDATA[2019-07-23 17:56:57 - [TEST_CASE][FAILED] - Test Cases/OCS - DESKTOP/OCS- CRITICAL PATH/Cart flyout- decrease qty: Test Cases/OCS - DESKTOP/OCS- CRITICAL PATH/Cart flyout- decrease qty FAILED.
Reason:
com.kms.katalon.core.exception.StepFailedException: Unable to click on object 'Object Repository/OCS-DESKTOP/Cart flyout/Quantity decrease - Product' (Root cause: org.openqa.selenium.StaleElementReferenceException: stale element reference: element is not attached to the page document
  (Session info: chrome=75.0.3770.142)
  (Driver info: chromedriver=2.43.600229 (3fae4d0cda5334b4f533bede5a4787f7b832d052),platform=Mac OS X 10.13.6 x86_64) (WARNING: The server did not provide any stacktrace information)
Command duration or timeout: 0 milliseconds
For documentation on this error, please visit: http://seleniumhq.org/exceptions/stale_element_reference.html
Build info: version: '3.7.1', revision: '8a0099a', time: '2017-11-06T21:07:36.161Z'
System info: host: 'sumans-MacBook-Pro.local', ip: 'fe80:0:0:0:1c1a:e441:9b49:e629%en0', os.name: 'Mac OS X', os.arch: 'x86_64', os.version: '10.13.6', java.version: '1.8.0_181'
Driver info: com.kms.katalon.selenium.driver.CChromeDriver
Capabilities {acceptInsecureCerts: false, acceptSslCerts: false, applicationCacheEnabled: false, browserConnectionEnabled: false, browserName: chrome, chrome: {chromedriverVersion: 2.43.600229 (3fae4d0cda5334..., userDataDir: /var/folders/1t/c55l8xzs6gq...}, cssSelectorsEnabled: true, databaseEnabled: false, goog:chromeOptions: {debuggerAddress: localhost:57525}, handlesAlerts: true, hasTouchScreen: false, javascriptEnabled: true, locationContextEnabled: true, mobileEmulationEnabled: false, nativeEvents: true, networkConnectionEnabled: false, pageLoadStrategy: normal, platform: MAC, platformName: MAC, rotatable: false, setWindowRect: true, takesHeapSnapshot: true, takesScreenshot: true, unexpectedAlertBehaviour: , unhandledPromptBehavior: , version: 75.0.3770.142, webStorageEnabled: true}
Session ID: ab3fd2ea85cd075b0ada6c2e82cc08f5)
	at com.kms.katalon.core.keyword.internal.KeywordMain.stepFailed(KeywordMain.groovy:36)
	at com.kms.katalon.core.webui.keyword.internal.WebUIKeywordMain.stepFailed(WebUIKeywordMain.groovy:65)
	at com.kms.katalon.core.webui.keyword.internal.WebUIKeywordMain.runKeyword(WebUIKeywordMain.groovy:27)
	at com.kms.katalon.core.webui.keyword.builtin.ClickKeyword.click(ClickKeyword.groovy:86)
	at com.kms.katalon.core.webui.keyword.builtin.ClickKeyword.execute(ClickKeyword.groovy:67)
	at com.kms.katalon.core.keyword.internal.KeywordExecutor.executeKeywordForPlatform(KeywordExecutor.groovy:53)
	at com.kms.katalon.core.webui.keyword.WebUiBuiltInKeywords.click(WebUiBuiltInKeywords.groovy:616)
	at com.kms.katalon.core.webui.keyword.WebUiBuiltInKeywords$click$4.call(Unknown Source)
	at Cart flyout- decrease qty.run(Cart flyout- decrease qty:93)
	at com.kms.katalon.core.main.ScriptEngine.run(ScriptEngine.java:194)
	at com.kms.katalon.core.main.ScriptEngine.runScriptAsRawText(ScriptEngine.java:119)
	at com.kms.katalon.core.main.TestCaseExecutor.runScript(TestCaseExecutor.java:328)
	at com.kms.katalon.core.main.TestCaseExecutor.doExecute(TestCaseExecutor.java:319)
	at com.kms.katalon.core.main.TestCaseExecutor.processExecutionPhase(TestCaseExecutor.java:298)
	at com.kms.katalon.core.main.TestCaseExecutor.accessMainPhase(TestCaseExecutor.java:290)
	at com.kms.katalon.core.main.TestCaseExecutor.execute(TestCaseExecutor.java:224)
	at com.kms.katalon.core.main.TestSuiteExecutor.accessTestCaseMainPhase(TestSuiteExecutor.java:129)
	at com.kms.katalon.core.main.TestSuiteExecutor.accessTestSuiteMainPhase(TestSuiteExecutor.java:112)
	at com.kms.katalon.core.main.TestSuiteExecutor.execute(TestSuiteExecutor.java:81)
	at com.kms.katalon.core.main.TestCaseMain.startTestSuite(TestCaseMain.java:149)
	at com.kms.katalon.core.main.TestCaseMain$startTestSuite$0.call(Unknown Source)
	at TempTestSuite1563918963353.run(TempTestSuite1563918963353.groovy:36)]]></system-err>
      </testcase>
      <testcase name="Test Cases/OCS - DESKTOP/OCS- CRITICAL PATH/Checkout- Payment" classname="Test Cases/OCS - DESKTOP/OCS- CRITICAL PATH/Checkout- Payment" status="PASSED">
         <system-out><![CDATA[2019-07-23 17:57:42 - [TEST_CASE][PASSED] - Test Cases/OCS - DESKTOP/OCS- CRITICAL PATH/Checkout- Payment: Test Cases/OCS - DESKTOP/OCS- CRITICAL PATH/Checkout- Payment

2019-07-23 17:57:42 - [TEST_STEP][PASSED] - callTestCase(findTestCase("OCS - DESKTOP/CALL- Age gate"), [:], STOP_ON_FAILURE): Call Test Case 'Test Cases/OCS - DESKTOP/CALL- Age gate' successfully

2019-07-23 17:57:42 - [TEST_CASE][PASSED] - Test Cases/OCS - DESKTOP/CALL- Age gate: Test Cases/OCS - DESKTOP/CALL- Age gate

2019-07-23 17:57:42 - [TEST_STEP][PASSED] - openBrowser(""): Browser is opened with url: ''

2019-07-23 17:57:42 - [MESSAGE][WARNING] - A browser is already opened. Closing browser and opening a new one

2019-07-23 17:57:43 - [MESSAGE][INFO] - Starting 'Chrome' driver

2019-07-23 17:57:44 - [MESSAGE][PASSED] - Browser is opened with url: ''

2019-07-23 17:57:44 - [TEST_STEP][PASSED] - navigateToUrl("https://ocs.ca/?fts=0&preview_theme_id=74209363788"): Navigate to 'https://ocs.ca/?fts=0&preview_theme_id=74209363788' successfully

2019-07-23 17:57:50 - [MESSAGE][PASSED] - Navigate to 'https://ocs.ca/?fts=0&preview_theme_id=74209363788' successfully

2019-07-23 17:57:50 - [TEST_STEP][PASSED] - maximizeWindow(): Current window maximized

2019-07-23 17:57:50 - [MESSAGE][PASSED] - Current window maximized

2019-07-23 17:57:50 - [TEST_STEP][PASSED] - delay(2): Delayed 2 second(s)

2019-07-23 17:57:52 - [MESSAGE][PASSED] - Delayed 2 second(s)

2019-07-23 17:57:52 - [TEST_STEP][PASSED] - executeJavaScript("var previewBar = document.getElementById("preview-bar-iframe"); previewBar.style.display = "none";", []): Execute JavaScript 'var previewBar = document.getElementById("preview-bar-iframe"); previewBar.style.display = "none";' successfully

2019-07-23 17:57:52 - [MESSAGE][PASSED] - Execute JavaScript 'var previewBar = document.getElementById("preview-bar-iframe"); previewBar.style.display = "none";' successfully

2019-07-23 17:57:52 - [TEST_STEP][PASSED] - selectOptionByValue(findTestObject("OCS-DESKTOP/Age gate and Mega menu/Date"), "12", true): All options with value '12' are selected in object 'Object Repository/OCS-DESKTOP/Age gate and Mega menu/Date'  using regular expression

2019-07-23 17:57:52 - [MESSAGE][PASSED] - All options with value '12' are selected in object 'Object Repository/OCS-DESKTOP/Age gate and Mega menu/Date'  using regular expression

2019-07-23 17:57:52 - [TEST_STEP][PASSED] - selectOptionByValue(findTestObject("OCS-DESKTOP/Age gate and Mega menu/month"), "6", true): All options with value '6' are selected in object 'Object Repository/OCS-DESKTOP/Age gate and Mega menu/month'  using regular expression

2019-07-23 17:57:53 - [MESSAGE][PASSED] - All options with value '6' are selected in object 'Object Repository/OCS-DESKTOP/Age gate and Mega menu/month'  using regular expression

2019-07-23 17:57:53 - [TEST_STEP][PASSED] - delay(2): Delayed 2 second(s)

2019-07-23 17:57:55 - [MESSAGE][PASSED] - Delayed 2 second(s)

2019-07-23 17:57:55 - [TEST_STEP][PASSED] - selectOptionByValue(findTestObject("OCS-DESKTOP/Age gate and Mega menu/Year Dropdown"), "1990", true): All options with value '1990' are selected in object 'Object Repository/OCS-DESKTOP/Age gate and Mega menu/Year Dropdown'  using regular expression

2019-07-23 17:57:56 - [MESSAGE][PASSED] - All options with value '1990' are selected in object 'Object Repository/OCS-DESKTOP/Age gate and Mega menu/Year Dropdown'  using regular expression

2019-07-23 17:57:56 - [TEST_STEP][PASSED] - click(findTestObject("OCS-DESKTOP/Age gate and Mega menu/button_Verify")): Object: 'Object Repository/OCS-DESKTOP/Age gate and Mega menu/button_Verify' is clicked on

2019-07-23 17:57:56 - [MESSAGE][PASSED] - Object: 'Object Repository/OCS-DESKTOP/Age gate and Mega menu/button_Verify' is clicked on

2019-07-23 17:57:56 - [TEST_STEP][PASSED] - click(findTestObject("OCS-DESKTOP/Age gate and Mega menu/Checkbox_CONFIRM AND ACKNOWLEDGE")): Object: 'Object Repository/OCS-DESKTOP/Age gate and Mega menu/Checkbox_CONFIRM AND ACKNOWLEDGE' is clicked on

2019-07-23 17:57:56 - [MESSAGE][PASSED] - Object: 'Object Repository/OCS-DESKTOP/Age gate and Mega menu/Checkbox_CONFIRM AND ACKNOWLEDGE' is clicked on

2019-07-23 17:57:56 - [TEST_STEP][PASSED] - click(findTestObject("OCS-DESKTOP/Age gate and Mega menu/button_CONFIRM")): Object: 'Object Repository/OCS-DESKTOP/Age gate and Mega menu/button_CONFIRM' is clicked on

2019-07-23 17:57:56 - [MESSAGE][PASSED] - Object: 'Object Repository/OCS-DESKTOP/Age gate and Mega menu/button_CONFIRM' is clicked on

2019-07-23 17:57:56 - [TEST_STEP][PASSED] - click(findTestObject("OCS-DESKTOP/Age gate and Mega menu/button_Start Browsing")): Object: 'Object Repository/OCS-DESKTOP/Age gate and Mega menu/button_Start Browsing' is clicked on

2019-07-23 17:57:56 - [MESSAGE][PASSED] - Object: 'Object Repository/OCS-DESKTOP/Age gate and Mega menu/button_Start Browsing' is clicked on

2019-07-23 17:57:56 - [TEST_STEP][PASSED] - delay(2): Delayed 2 second(s)

2019-07-23 17:57:58 - [MESSAGE][PASSED] - Delayed 2 second(s)

2019-07-23 17:57:58 - [TEST_STEP][PASSED] - refresh(): Refresh successfully

2019-07-23 17:57:58 - [MESSAGE][PASSED] - Refresh successfully

2019-07-23 17:57:58 - [MESSAGE][PASSED] - Call Test Case 'Test Cases/OCS - DESKTOP/CALL- Age gate' successfully

2019-07-23 17:57:58 - [TEST_STEP][PASSED] - click(findTestObject("OCS-DESKTOP/Age gate and Mega menu/Header/CANNABIS menu - English")): Object: 'Object Repository/OCS-DESKTOP/Age gate and Mega menu/Header/CANNABIS menu - English' is clicked on

2019-07-23 17:58:03 - [MESSAGE][PASSED] - Object: 'Object Repository/OCS-DESKTOP/Age gate and Mega menu/Header/CANNABIS menu - English' is clicked on

2019-07-23 17:58:03 - [TEST_STEP][PASSED] - delay(2): Delayed 2 second(s)

2019-07-23 17:58:05 - [MESSAGE][PASSED] - Delayed 2 second(s)

2019-07-23 17:58:05 - [TEST_STEP][PASSED] - click(findTestObject("OCS-DESKTOP/Age gate and Mega menu/Indica Dominant_Menu item")): Object: 'Object Repository/OCS-DESKTOP/Age gate and Mega menu/Indica Dominant_Menu item' is clicked on

2019-07-23 17:58:07 - [MESSAGE][PASSED] - Object: 'Object Repository/OCS-DESKTOP/Age gate and Mega menu/Indica Dominant_Menu item' is clicked on

2019-07-23 17:58:07 - [TEST_STEP][PASSED] - executeJavaScript("var previewBar = document.getElementById("preview-bar-iframe"); previewBar.style.display = "none";", []): Execute JavaScript 'var previewBar = document.getElementById("preview-bar-iframe"); previewBar.style.display = "none";' successfully

2019-07-23 17:58:07 - [MESSAGE][PASSED] - Execute JavaScript 'var previewBar = document.getElementById("preview-bar-iframe"); previewBar.style.display = "none";' successfully

2019-07-23 17:58:07 - [TEST_STEP][PASSED] - delay(2): Delayed 2 second(s)

2019-07-23 17:58:09 - [MESSAGE][PASSED] - Delayed 2 second(s)

2019-07-23 17:58:09 - [TEST_STEP][PASSED] - click(findTestObject("OCS-DESKTOP/Collection page/Product image - 1st one")): Object: 'Object Repository/OCS-DESKTOP/Collection page/Product image - 1st one' is clicked on

2019-07-23 17:58:14 - [MESSAGE][PASSED] - Object: 'Object Repository/OCS-DESKTOP/Collection page/Product image - 1st one' is clicked on

2019-07-23 17:58:14 - [TEST_STEP][PASSED] - executeJavaScript("var previewBar = document.getElementById("preview-bar-iframe"); previewBar.style.display = "none";", []): Execute JavaScript 'var previewBar = document.getElementById("preview-bar-iframe"); previewBar.style.display = "none";' successfully

2019-07-23 17:58:14 - [MESSAGE][PASSED] - Execute JavaScript 'var previewBar = document.getElementById("preview-bar-iframe"); previewBar.style.display = "none";' successfully

2019-07-23 17:58:14 - [TEST_STEP][PASSED] - delay(1): Delayed 1 second(s)

2019-07-23 17:58:15 - [MESSAGE][PASSED] - Delayed 1 second(s)

2019-07-23 17:58:15 - [TEST_STEP][PASSED] - delay(3): Delayed 3 second(s)

2019-07-23 17:58:18 - [MESSAGE][PASSED] - Delayed 3 second(s)

2019-07-23 17:58:18 - [TEST_STEP][NOT_RUN] - scrollToElement(findTestObject("OCS-DESKTOP/Product page/Product image"), 1): NOT_RUN: scrollToElement(findTestObject("OCS-DESKTOP/Product page/Product image"), 1)

2019-07-23 17:58:18 - [MESSAGE][NOT_RUN] - NOT_RUN: scrollToElement(findTestObject("OCS-DESKTOP/Product page/Product image"), 1)

2019-07-23 17:58:18 - [TEST_STEP][PASSED] - click(findTestObject("OCS-DESKTOP/Product page/Swatch_1g")): Object: 'Object Repository/OCS-DESKTOP/Product page/Swatch_1g' is clicked on

2019-07-23 17:58:18 - [MESSAGE][PASSED] - Object: 'Object Repository/OCS-DESKTOP/Product page/Swatch_1g' is clicked on

2019-07-23 17:58:18 - [TEST_STEP][PASSED] - delay(2): Delayed 2 second(s)

2019-07-23 17:58:20 - [MESSAGE][PASSED] - Delayed 2 second(s)

2019-07-23 17:58:20 - [TEST_STEP][PASSED] - click(findTestObject("OCS-DESKTOP/Product page/Add to Bag-button")): Object: 'Object Repository/OCS-DESKTOP/Product page/Add to Bag-button' is clicked on

2019-07-23 17:58:20 - [MESSAGE][PASSED] - Object: 'Object Repository/OCS-DESKTOP/Product page/Add to Bag-button' is clicked on

2019-07-23 17:58:20 - [TEST_STEP][PASSED] - delay(1): Delayed 1 second(s)

2019-07-23 17:58:21 - [MESSAGE][PASSED] - Delayed 1 second(s)

2019-07-23 17:58:21 - [TEST_STEP][PASSED] - click(findTestObject("OCS-DESKTOP/Home - page/view my bag - cart dropdown")): Object: 'Object Repository/OCS-DESKTOP/Home - page/view my bag - cart dropdown' is clicked on

2019-07-23 17:58:21 - [MESSAGE][PASSED] - Object: 'Object Repository/OCS-DESKTOP/Home - page/view my bag - cart dropdown' is clicked on

2019-07-23 17:58:21 - [TEST_STEP][PASSED] - delay(3): Delayed 3 second(s)

2019-07-23 17:58:24 - [MESSAGE][PASSED] - Delayed 3 second(s)

2019-07-23 17:58:24 - [TEST_STEP][PASSED] - click(findTestObject("OCS-DESKTOP/Cart flyout/Checkbox_I confirm that")): Object: 'Object Repository/OCS-DESKTOP/Cart flyout/Checkbox_I confirm that' is clicked on

2019-07-23 17:58:24 - [MESSAGE][PASSED] - Object: 'Object Repository/OCS-DESKTOP/Cart flyout/Checkbox_I confirm that' is clicked on

2019-07-23 17:58:24 - [TEST_STEP][PASSED] - delay(1): Delayed 1 second(s)

2019-07-23 17:58:25 - [MESSAGE][PASSED] - Delayed 1 second(s)

2019-07-23 17:58:25 - [TEST_STEP][PASSED] - click(findTestObject("OCS-DESKTOP/Cart flyout/Checkbox_Accept the Terms Condition")): Object: 'Object Repository/OCS-DESKTOP/Cart flyout/Checkbox_Accept the Terms Condition' is clicked on

2019-07-23 17:58:25 - [MESSAGE][PASSED] - Object: 'Object Repository/OCS-DESKTOP/Cart flyout/Checkbox_Accept the Terms Condition' is clicked on

2019-07-23 17:58:25 - [TEST_STEP][PASSED] - delay(1): Delayed 1 second(s)

2019-07-23 17:58:26 - [MESSAGE][PASSED] - Delayed 1 second(s)

2019-07-23 17:58:26 - [TEST_STEP][PASSED] - click(findTestObject("OCS-DESKTOP/Cart flyout/Checkout - Button")): Object: 'Object Repository/OCS-DESKTOP/Cart flyout/Checkout - Button' is clicked on

2019-07-23 17:58:34 - [MESSAGE][PASSED] - Object: 'Object Repository/OCS-DESKTOP/Cart flyout/Checkout - Button' is clicked on

2019-07-23 17:58:34 - [TEST_STEP][PASSED] - executeJavaScript("var previewBar = document.getElementById("preview-bar-iframe"); previewBar.style.display = "none";", []): Execute JavaScript 'var previewBar = document.getElementById("preview-bar-iframe"); previewBar.style.display = "none";' successfully

2019-07-23 17:58:34 - [MESSAGE][PASSED] - Execute JavaScript 'var previewBar = document.getElementById("preview-bar-iframe"); previewBar.style.display = "none";' successfully

2019-07-23 17:58:34 - [TEST_STEP][PASSED] - delay(1): Delayed 1 second(s)

2019-07-23 17:58:35 - [MESSAGE][PASSED] - Delayed 1 second(s)

2019-07-23 17:58:35 - [TEST_STEP][PASSED] - delay(2): Delayed 2 second(s)

2019-07-23 17:58:37 - [MESSAGE][PASSED] - Delayed 2 second(s)

2019-07-23 17:58:37 - [TEST_STEP][PASSED] - scrollToElement(findTestObject("OCS-DESKTOP/Customer info page/input_Email"), 0): Scroll to object 'Object Repository/OCS-DESKTOP/Customer info page/input_Email' successfully

2019-07-23 17:58:37 - [MESSAGE][WARNING] - Timeout '0' is invalid. Using default page load timeout: '30'

2019-07-23 17:58:37 - [MESSAGE][PASSED] - Scroll to object 'Object Repository/OCS-DESKTOP/Customer info page/input_Email' successfully

2019-07-23 17:58:37 - [TEST_STEP][PASSED] - setText(findTestObject("OCS-DESKTOP/Customer info page/input_Email"), "suman.kompelly@diffagency.com"): Text 'suman.kompelly@diffagency.com' is set on object 'Object Repository/OCS-DESKTOP/Customer info page/input_Email'

2019-07-23 17:58:37 - [MESSAGE][PASSED] - Text 'suman.kompelly@diffagency.com' is set on object 'Object Repository/OCS-DESKTOP/Customer info page/input_Email'

2019-07-23 17:58:37 - [TEST_STEP][PASSED] - setText(findTestObject("OCS-DESKTOP/Customer info page/input_First name"), "suman"): Text 'suman' is set on object 'Object Repository/OCS-DESKTOP/Customer info page/input_First name'

2019-07-23 17:58:37 - [MESSAGE][PASSED] - Text 'suman' is set on object 'Object Repository/OCS-DESKTOP/Customer info page/input_First name'

2019-07-23 17:58:37 - [TEST_STEP][PASSED] - setText(findTestObject("OCS-DESKTOP/Customer info page/input_Last name"), "kompelly"): Text 'kompelly' is set on object 'Object Repository/OCS-DESKTOP/Customer info page/input_Last name'

2019-07-23 17:58:38 - [MESSAGE][PASSED] - Text 'kompelly' is set on object 'Object Repository/OCS-DESKTOP/Customer info page/input_Last name'

2019-07-23 17:58:38 - [TEST_STEP][PASSED] - setText(findTestObject("OCS-DESKTOP/Customer info page/input_Address"), "300 saint alxendre"): Text '300 saint alxendre' is set on object 'Object Repository/OCS-DESKTOP/Customer info page/input_Address'

2019-07-23 17:58:38 - [MESSAGE][PASSED] - Text '300 saint alxendre' is set on object 'Object Repository/OCS-DESKTOP/Customer info page/input_Address'

2019-07-23 17:58:38 - [TEST_STEP][PASSED] - setText(findTestObject("OCS-DESKTOP/Customer info page/input_Apartment suite etc. (op"), "199"): Text '199' is set on object 'Object Repository/OCS-DESKTOP/Customer info page/input_Apartment suite etc. (op'

2019-07-23 17:58:38 - [MESSAGE][PASSED] - Text '199' is set on object 'Object Repository/OCS-DESKTOP/Customer info page/input_Apartment suite etc. (op'

2019-07-23 17:58:38 - [TEST_STEP][PASSED] - setText(findTestObject("OCS-DESKTOP/Customer info page/input_City"), "montreal"): Text 'montreal' is set on object 'Object Repository/OCS-DESKTOP/Customer info page/input_City'

2019-07-23 17:58:38 - [MESSAGE][PASSED] - Text 'montreal' is set on object 'Object Repository/OCS-DESKTOP/Customer info page/input_City'

2019-07-23 17:58:38 - [TEST_STEP][PASSED] - setText(findTestObject("OCS-DESKTOP/Customer info page/input_Postal code"), "n0R1K0"): Text 'n0R1K0' is set on object 'Object Repository/OCS-DESKTOP/Customer info page/input_Postal code'

2019-07-23 17:58:38 - [MESSAGE][PASSED] - Text 'n0R1K0' is set on object 'Object Repository/OCS-DESKTOP/Customer info page/input_Postal code'

2019-07-23 17:58:38 - [TEST_STEP][PASSED] - setText(findTestObject("OCS-DESKTOP/Customer info page/input_Phone"), "(514) 449-3882"): Text '(514) 449-3882' is set on object 'Object Repository/OCS-DESKTOP/Customer info page/input_Phone'

2019-07-23 17:58:38 - [MESSAGE][PASSED] - Text '(514) 449-3882' is set on object 'Object Repository/OCS-DESKTOP/Customer info page/input_Phone'

2019-07-23 17:58:38 - [TEST_STEP][PASSED] - delay(3): Delayed 3 second(s)

2019-07-23 17:58:41 - [MESSAGE][PASSED] - Delayed 3 second(s)

2019-07-23 17:58:41 - [TEST_STEP][PASSED] - click(findTestObject("OCS-DESKTOP/Customer info page/Continue to shipping method - Button")): Object: 'Object Repository/OCS-DESKTOP/Customer info page/Continue to shipping method - Button' is clicked on

2019-07-23 17:58:43 - [MESSAGE][PASSED] - Object: 'Object Repository/OCS-DESKTOP/Customer info page/Continue to shipping method - Button' is clicked on

2019-07-23 17:58:43 - [TEST_STEP][PASSED] - delay(3): Delayed 3 second(s)

2019-07-23 17:58:46 - [MESSAGE][PASSED] - Delayed 3 second(s)

2019-07-23 17:58:46 - [TEST_STEP][PASSED] - executeJavaScript("var previewBar = document.getElementById("preview-bar-iframe"); previewBar.style.display = "none";", []): Execute JavaScript 'var previewBar = document.getElementById("preview-bar-iframe"); previewBar.style.display = "none";' successfully

2019-07-23 17:58:46 - [MESSAGE][PASSED] - Execute JavaScript 'var previewBar = document.getElementById("preview-bar-iframe"); previewBar.style.display = "none";' successfully

2019-07-23 17:58:46 - [TEST_STEP][PASSED] - delay(1): Delayed 1 second(s)

2019-07-23 17:58:47 - [MESSAGE][PASSED] - Delayed 1 second(s)

2019-07-23 17:58:47 - [TEST_STEP][PASSED] - click(findTestObject("OCS-DESKTOP/Shipping page/Continue to payment method - Button")): Object: 'Object Repository/OCS-DESKTOP/Shipping page/Continue to payment method - Button' is clicked on

2019-07-23 17:58:50 - [MESSAGE][PASSED] - Object: 'Object Repository/OCS-DESKTOP/Shipping page/Continue to payment method - Button' is clicked on

2019-07-23 17:58:50 - [TEST_STEP][PASSED] - delay(1): Delayed 1 second(s)

2019-07-23 17:58:51 - [MESSAGE][PASSED] - Delayed 1 second(s)

2019-07-23 17:58:51 - [TEST_STEP][PASSED] - executeJavaScript("var previewBar = document.getElementById("preview-bar-iframe"); previewBar.style.display = "none";", []): Execute JavaScript 'var previewBar = document.getElementById("preview-bar-iframe"); previewBar.style.display = "none";' successfully

2019-07-23 17:58:51 - [MESSAGE][PASSED] - Execute JavaScript 'var previewBar = document.getElementById("preview-bar-iframe"); previewBar.style.display = "none";' successfully

2019-07-23 17:58:51 - [TEST_STEP][PASSED] - delay(1): Delayed 1 second(s)

2019-07-23 17:58:52 - [MESSAGE][PASSED] - Delayed 1 second(s)

2019-07-23 17:58:52 - [TEST_STEP][PASSED] - click(findTestObject("OCS-DESKTOP/Payment -page/Change link span 1")): Object: 'Object Repository/OCS-DESKTOP/Payment -page/Change link span 1' is clicked on

2019-07-23 17:58:54 - [MESSAGE][PASSED] - Object: 'Object Repository/OCS-DESKTOP/Payment -page/Change link span 1' is clicked on

2019-07-23 17:58:54 - [TEST_STEP][PASSED] - executeJavaScript("var previewBar = document.getElementById("preview-bar-iframe"); previewBar.style.display = "none";", []): Execute JavaScript 'var previewBar = document.getElementById("preview-bar-iframe"); previewBar.style.display = "none";' successfully

2019-07-23 17:58:54 - [MESSAGE][PASSED] - Execute JavaScript 'var previewBar = document.getElementById("preview-bar-iframe"); previewBar.style.display = "none";' successfully

2019-07-23 17:58:54 - [TEST_STEP][PASSED] - delay(3): Delayed 3 second(s)

2019-07-23 17:58:57 - [MESSAGE][PASSED] - Delayed 3 second(s)

2019-07-23 17:58:57 - [TEST_STEP][PASSED] - click(findTestObject("OCS-DESKTOP/Shipping page/Continue to payment method - Button")): Object: 'Object Repository/OCS-DESKTOP/Shipping page/Continue to payment method - Button' is clicked on

2019-07-23 17:58:59 - [MESSAGE][PASSED] - Object: 'Object Repository/OCS-DESKTOP/Shipping page/Continue to payment method - Button' is clicked on

2019-07-23 17:58:59 - [TEST_STEP][PASSED] - delay(3): Delayed 3 second(s)

2019-07-23 17:59:02 - [MESSAGE][PASSED] - Delayed 3 second(s)

2019-07-23 17:59:02 - [TEST_STEP][PASSED] - executeJavaScript("var previewBar = document.getElementById("preview-bar-iframe"); previewBar.style.display = "none";", []): Execute JavaScript 'var previewBar = document.getElementById("preview-bar-iframe"); previewBar.style.display = "none";' successfully

2019-07-23 17:59:02 - [MESSAGE][PASSED] - Execute JavaScript 'var previewBar = document.getElementById("preview-bar-iframe"); previewBar.style.display = "none";' successfully

2019-07-23 17:59:02 - [TEST_STEP][PASSED] - delay(1): Delayed 1 second(s)

2019-07-23 17:59:03 - [MESSAGE][PASSED] - Delayed 1 second(s)

2019-07-23 17:59:03 - [TEST_STEP][PASSED] - click(findTestObject("OCS-DESKTOP/Shipping page/Continue to payment method - Button")): Object: 'Object Repository/OCS-DESKTOP/Shipping page/Continue to payment method - Button' is clicked on

2019-07-23 17:59:06 - [MESSAGE][PASSED] - Object: 'Object Repository/OCS-DESKTOP/Shipping page/Continue to payment method - Button' is clicked on

2019-07-23 17:59:06 - [TEST_STEP][PASSED] - delay(3): Delayed 3 second(s)

2019-07-23 17:59:09 - [MESSAGE][PASSED] - Delayed 3 second(s)

2019-07-23 17:59:09 - [TEST_STEP][PASSED] - executeJavaScript("var previewBar = document.getElementById("preview-bar-iframe"); previewBar.style.display = "none";", []): Execute JavaScript 'var previewBar = document.getElementById("preview-bar-iframe"); previewBar.style.display = "none";' successfully

2019-07-23 17:59:09 - [MESSAGE][PASSED] - Execute JavaScript 'var previewBar = document.getElementById("preview-bar-iframe"); previewBar.style.display = "none";' successfully

2019-07-23 17:59:09 - [TEST_STEP][PASSED] - delay(1): Delayed 1 second(s)

2019-07-23 17:59:10 - [MESSAGE][PASSED] - Delayed 1 second(s)

2019-07-23 17:59:10 - [TEST_STEP][PASSED] - click(findTestObject("OCS-DESKTOP/Payment -page/Change link span 2")): Object: 'Object Repository/OCS-DESKTOP/Payment -page/Change link span 2' is clicked on

2019-07-23 17:59:11 - [MESSAGE][PASSED] - Object: 'Object Repository/OCS-DESKTOP/Payment -page/Change link span 2' is clicked on

2019-07-23 17:59:11 - [TEST_STEP][PASSED] - delay(3): Delayed 3 second(s)

2019-07-23 17:59:14 - [MESSAGE][PASSED] - Delayed 3 second(s)

2019-07-23 17:59:14 - [TEST_STEP][PASSED] - executeJavaScript("var previewBar = document.getElementById("preview-bar-iframe"); previewBar.style.display = "none";", []): Execute JavaScript 'var previewBar = document.getElementById("preview-bar-iframe"); previewBar.style.display = "none";' successfully

2019-07-23 17:59:14 - [MESSAGE][PASSED] - Execute JavaScript 'var previewBar = document.getElementById("preview-bar-iframe"); previewBar.style.display = "none";' successfully

2019-07-23 17:59:14 - [TEST_STEP][PASSED] - delay(1): Delayed 1 second(s)

2019-07-23 17:59:15 - [MESSAGE][PASSED] - Delayed 1 second(s)

2019-07-23 17:59:15 - [TEST_STEP][PASSED] - click(findTestObject("OCS-DESKTOP/Shipping page/Continue to payment method - Button")): Object: 'Object Repository/OCS-DESKTOP/Shipping page/Continue to payment method - Button' is clicked on

2019-07-23 17:59:17 - [MESSAGE][PASSED] - Object: 'Object Repository/OCS-DESKTOP/Shipping page/Continue to payment method - Button' is clicked on

2019-07-23 17:59:17 - [TEST_STEP][PASSED] - delay(3): Delayed 3 second(s)

2019-07-23 17:59:20 - [MESSAGE][PASSED] - Delayed 3 second(s)

2019-07-23 17:59:20 - [TEST_STEP][PASSED] - executeJavaScript("var previewBar = document.getElementById("preview-bar-iframe"); previewBar.style.display = "none";", []): Execute JavaScript 'var previewBar = document.getElementById("preview-bar-iframe"); previewBar.style.display = "none";' successfully

2019-07-23 17:59:20 - [MESSAGE][PASSED] - Execute JavaScript 'var previewBar = document.getElementById("preview-bar-iframe"); previewBar.style.display = "none";' successfully

2019-07-23 17:59:20 - [TEST_STEP][PASSED] - delay(1): Delayed 1 second(s)

2019-07-23 17:59:21 - [MESSAGE][PASSED] - Delayed 1 second(s)

2019-07-23 17:59:21 - [TEST_STEP][PASSED] - click(findTestObject("OCS-DESKTOP/Shipping page/Continue to payment method - Button")): Object: 'Object Repository/OCS-DESKTOP/Shipping page/Continue to payment method - Button' is clicked on

2019-07-23 17:59:24 - [MESSAGE][PASSED] - Object: 'Object Repository/OCS-DESKTOP/Shipping page/Continue to payment method - Button' is clicked on

2019-07-23 17:59:24 - [TEST_STEP][PASSED] - delay(3): Delayed 3 second(s)

2019-07-23 17:59:27 - [MESSAGE][PASSED] - Delayed 3 second(s)

2019-07-23 17:59:27 - [TEST_STEP][PASSED] - executeJavaScript("var previewBar = document.getElementById("preview-bar-iframe"); previewBar.style.display = "none";", []): Execute JavaScript 'var previewBar = document.getElementById("preview-bar-iframe"); previewBar.style.display = "none";' successfully

2019-07-23 17:59:27 - [MESSAGE][PASSED] - Execute JavaScript 'var previewBar = document.getElementById("preview-bar-iframe"); previewBar.style.display = "none";' successfully

2019-07-23 17:59:27 - [TEST_STEP][PASSED] - click(findTestObject("OCS-DESKTOP/Customer info page/Cart - Breadcrumb link")): Object: 'Object Repository/OCS-DESKTOP/Customer info page/Cart - Breadcrumb link' is clicked on

2019-07-23 17:59:29 - [MESSAGE][PASSED] - Object: 'Object Repository/OCS-DESKTOP/Customer info page/Cart - Breadcrumb link' is clicked on

2019-07-23 17:59:29 - [TEST_STEP][PASSED] - delay(3): Delayed 3 second(s)

2019-07-23 17:59:32 - [MESSAGE][PASSED] - Delayed 3 second(s)

2019-07-23 17:59:32 - [TEST_STEP][PASSED] - executeJavaScript("var previewBar = document.getElementById("preview-bar-iframe"); previewBar.style.display = "none";", []): Execute JavaScript 'var previewBar = document.getElementById("preview-bar-iframe"); previewBar.style.display = "none";' successfully

2019-07-23 17:59:32 - [MESSAGE][PASSED] - Execute JavaScript 'var previewBar = document.getElementById("preview-bar-iframe"); previewBar.style.display = "none";' successfully

2019-07-23 17:59:32 - [TEST_STEP][PASSED] - delay(3): Delayed 3 second(s)

2019-07-23 17:59:35 - [MESSAGE][PASSED] - Delayed 3 second(s)

2019-07-23 17:59:35 - [TEST_STEP][PASSED] - click(findTestObject("OCS-DESKTOP/Cart page/cart page-Checkbox_I confirm that")): Object: 'Object Repository/OCS-DESKTOP/Cart page/cart page-Checkbox_I confirm that' is clicked on

2019-07-23 17:59:35 - [MESSAGE][PASSED] - Object: 'Object Repository/OCS-DESKTOP/Cart page/cart page-Checkbox_I confirm that' is clicked on

2019-07-23 17:59:35 - [TEST_STEP][PASSED] - delay(3): Delayed 3 second(s)

2019-07-23 17:59:38 - [MESSAGE][PASSED] - Delayed 3 second(s)

2019-07-23 17:59:38 - [TEST_STEP][PASSED] - click(findTestObject("OCS-DESKTOP/Cart page/cart page - Checkbox_Accept the Terms Condition")): Object: 'Object Repository/OCS-DESKTOP/Cart page/cart page - Checkbox_Accept the Terms Condition' is clicked on

2019-07-23 17:59:38 - [MESSAGE][PASSED] - Object: 'Object Repository/OCS-DESKTOP/Cart page/cart page - Checkbox_Accept the Terms Condition' is clicked on

2019-07-23 17:59:38 - [TEST_STEP][PASSED] - delay(1): Delayed 1 second(s)

2019-07-23 17:59:39 - [MESSAGE][PASSED] - Delayed 1 second(s)

2019-07-23 17:59:39 - [TEST_STEP][PASSED] - click(findTestObject("OCS-DESKTOP/Cart page/Cart page -checkout button")): Object: 'Object Repository/OCS-DESKTOP/Cart page/Cart page -checkout button' is clicked on

2019-07-23 17:59:41 - [MESSAGE][PASSED] - Object: 'Object Repository/OCS-DESKTOP/Cart page/Cart page -checkout button' is clicked on

2019-07-23 17:59:41 - [TEST_STEP][PASSED] - delay(1): Delayed 1 second(s)

2019-07-23 17:59:42 - [MESSAGE][PASSED] - Delayed 1 second(s)

2019-07-23 17:59:42 - [TEST_STEP][PASSED] - click(findTestObject("OCS-DESKTOP/Payment -page/Information - Breadcrumb link")): Object: 'Object Repository/OCS-DESKTOP/Payment -page/Information - Breadcrumb link' is clicked on

2019-07-23 17:59:44 - [MESSAGE][PASSED] - Object: 'Object Repository/OCS-DESKTOP/Payment -page/Information - Breadcrumb link' is clicked on

2019-07-23 17:59:44 - [TEST_STEP][PASSED] - delay(1): Delayed 1 second(s)

2019-07-23 17:59:45 - [MESSAGE][PASSED] - Delayed 1 second(s)

2019-07-23 17:59:45 - [TEST_STEP][PASSED] - delay(3): Delayed 3 second(s)

2019-07-23 17:59:48 - [MESSAGE][PASSED] - Delayed 3 second(s)

2019-07-23 17:59:48 - [TEST_STEP][PASSED] - executeJavaScript("var previewBar = document.getElementById("preview-bar-iframe"); previewBar.style.display = "none";", []): Execute JavaScript 'var previewBar = document.getElementById("preview-bar-iframe"); previewBar.style.display = "none";' successfully

2019-07-23 17:59:48 - [MESSAGE][PASSED] - Execute JavaScript 'var previewBar = document.getElementById("preview-bar-iframe"); previewBar.style.display = "none";' successfully

2019-07-23 17:59:48 - [TEST_STEP][PASSED] - delay(1): Delayed 1 second(s)

2019-07-23 17:59:49 - [MESSAGE][PASSED] - Delayed 1 second(s)

2019-07-23 17:59:49 - [TEST_STEP][PASSED] - click(findTestObject("OCS-DESKTOP/Customer info page/Continue to shipping method - Button")): Object: 'Object Repository/OCS-DESKTOP/Customer info page/Continue to shipping method - Button' is clicked on

2019-07-23 17:59:51 - [MESSAGE][PASSED] - Object: 'Object Repository/OCS-DESKTOP/Customer info page/Continue to shipping method - Button' is clicked on

2019-07-23 17:59:51 - [TEST_STEP][PASSED] - delay(1): Delayed 1 second(s)

2019-07-23 17:59:52 - [MESSAGE][PASSED] - Delayed 1 second(s)

2019-07-23 17:59:52 - [TEST_STEP][PASSED] - click(findTestObject("OCS-DESKTOP/Shipping page/Shipping - Breadcrumb link")): Object: 'Object Repository/OCS-DESKTOP/Shipping page/Shipping - Breadcrumb link' is clicked on

2019-07-23 17:59:54 - [MESSAGE][PASSED] - Object: 'Object Repository/OCS-DESKTOP/Shipping page/Shipping - Breadcrumb link' is clicked on

2019-07-23 17:59:54 - [TEST_STEP][PASSED] - delay(3): Delayed 3 second(s)

2019-07-23 17:59:57 - [MESSAGE][PASSED] - Delayed 3 second(s)

2019-07-23 17:59:57 - [TEST_STEP][PASSED] - executeJavaScript("var previewBar = document.getElementById("preview-bar-iframe"); previewBar.style.display = "none";", []): Execute JavaScript 'var previewBar = document.getElementById("preview-bar-iframe"); previewBar.style.display = "none";' successfully

2019-07-23 17:59:57 - [MESSAGE][PASSED] - Execute JavaScript 'var previewBar = document.getElementById("preview-bar-iframe"); previewBar.style.display = "none";' successfully

2019-07-23 17:59:57 - [TEST_STEP][PASSED] - delay(1): Delayed 1 second(s)

2019-07-23 17:59:58 - [MESSAGE][PASSED] - Delayed 1 second(s)

2019-07-23 17:59:58 - [TEST_STEP][PASSED] - click(findTestObject("OCS-DESKTOP/Shipping page/Continue to payment method - Button")): Object: 'Object Repository/OCS-DESKTOP/Shipping page/Continue to payment method - Button' is clicked on

2019-07-23 18:00:00 - [MESSAGE][PASSED] - Object: 'Object Repository/OCS-DESKTOP/Shipping page/Continue to payment method - Button' is clicked on]]></system-out>
         <system-err><![CDATA[]]></system-err>
      </testcase>
      <testcase name="Test Cases/OCS - DESKTOP/OCS- CRITICAL PATH/Checkout - customer information page" classname="Test Cases/OCS - DESKTOP/OCS- CRITICAL PATH/Checkout - customer information page" status="PASSED">
         <system-out><![CDATA[2019-07-23 18:00:00 - [TEST_CASE][PASSED] - Test Cases/OCS - DESKTOP/OCS- CRITICAL PATH/Checkout - customer information page: Test Cases/OCS - DESKTOP/OCS- CRITICAL PATH/Checkout - customer information page

2019-07-23 18:00:00 - [TEST_STEP][PASSED] - callTestCase(findTestCase("OCS - DESKTOP/CALL- Age gate"), [:], STOP_ON_FAILURE): Call Test Case 'Test Cases/OCS - DESKTOP/CALL- Age gate' successfully

2019-07-23 18:00:00 - [TEST_CASE][PASSED] - Test Cases/OCS - DESKTOP/CALL- Age gate: Test Cases/OCS - DESKTOP/CALL- Age gate

2019-07-23 18:00:00 - [TEST_STEP][PASSED] - openBrowser(""): Browser is opened with url: ''

2019-07-23 18:00:00 - [MESSAGE][WARNING] - A browser is already opened. Closing browser and opening a new one

2019-07-23 18:00:00 - [MESSAGE][INFO] - Starting 'Chrome' driver

2019-07-23 18:00:02 - [MESSAGE][PASSED] - Browser is opened with url: ''

2019-07-23 18:00:02 - [TEST_STEP][PASSED] - navigateToUrl("https://ocs.ca/?fts=0&preview_theme_id=74209363788"): Navigate to 'https://ocs.ca/?fts=0&preview_theme_id=74209363788' successfully

2019-07-23 18:00:08 - [MESSAGE][PASSED] - Navigate to 'https://ocs.ca/?fts=0&preview_theme_id=74209363788' successfully

2019-07-23 18:00:08 - [TEST_STEP][PASSED] - maximizeWindow(): Current window maximized

2019-07-23 18:00:09 - [MESSAGE][PASSED] - Current window maximized

2019-07-23 18:00:09 - [TEST_STEP][PASSED] - delay(2): Delayed 2 second(s)

2019-07-23 18:00:11 - [MESSAGE][PASSED] - Delayed 2 second(s)

2019-07-23 18:00:11 - [TEST_STEP][PASSED] - executeJavaScript("var previewBar = document.getElementById("preview-bar-iframe"); previewBar.style.display = "none";", []): Execute JavaScript 'var previewBar = document.getElementById("preview-bar-iframe"); previewBar.style.display = "none";' successfully

2019-07-23 18:00:11 - [MESSAGE][PASSED] - Execute JavaScript 'var previewBar = document.getElementById("preview-bar-iframe"); previewBar.style.display = "none";' successfully

2019-07-23 18:00:11 - [TEST_STEP][PASSED] - selectOptionByValue(findTestObject("OCS-DESKTOP/Age gate and Mega menu/Date"), "12", true): All options with value '12' are selected in object 'Object Repository/OCS-DESKTOP/Age gate and Mega menu/Date'  using regular expression

2019-07-23 18:00:11 - [MESSAGE][PASSED] - All options with value '12' are selected in object 'Object Repository/OCS-DESKTOP/Age gate and Mega menu/Date'  using regular expression

2019-07-23 18:00:11 - [TEST_STEP][PASSED] - selectOptionByValue(findTestObject("OCS-DESKTOP/Age gate and Mega menu/month"), "6", true): All options with value '6' are selected in object 'Object Repository/OCS-DESKTOP/Age gate and Mega menu/month'  using regular expression

2019-07-23 18:00:11 - [MESSAGE][PASSED] - All options with value '6' are selected in object 'Object Repository/OCS-DESKTOP/Age gate and Mega menu/month'  using regular expression

2019-07-23 18:00:11 - [TEST_STEP][PASSED] - delay(2): Delayed 2 second(s)

2019-07-23 18:00:13 - [MESSAGE][PASSED] - Delayed 2 second(s)

2019-07-23 18:00:13 - [TEST_STEP][PASSED] - selectOptionByValue(findTestObject("OCS-DESKTOP/Age gate and Mega menu/Year Dropdown"), "1990", true): All options with value '1990' are selected in object 'Object Repository/OCS-DESKTOP/Age gate and Mega menu/Year Dropdown'  using regular expression

2019-07-23 18:00:14 - [MESSAGE][PASSED] - All options with value '1990' are selected in object 'Object Repository/OCS-DESKTOP/Age gate and Mega menu/Year Dropdown'  using regular expression

2019-07-23 18:00:14 - [TEST_STEP][PASSED] - click(findTestObject("OCS-DESKTOP/Age gate and Mega menu/button_Verify")): Object: 'Object Repository/OCS-DESKTOP/Age gate and Mega menu/button_Verify' is clicked on

2019-07-23 18:00:14 - [MESSAGE][PASSED] - Object: 'Object Repository/OCS-DESKTOP/Age gate and Mega menu/button_Verify' is clicked on

2019-07-23 18:00:14 - [TEST_STEP][PASSED] - click(findTestObject("OCS-DESKTOP/Age gate and Mega menu/Checkbox_CONFIRM AND ACKNOWLEDGE")): Object: 'Object Repository/OCS-DESKTOP/Age gate and Mega menu/Checkbox_CONFIRM AND ACKNOWLEDGE' is clicked on

2019-07-23 18:00:14 - [MESSAGE][PASSED] - Object: 'Object Repository/OCS-DESKTOP/Age gate and Mega menu/Checkbox_CONFIRM AND ACKNOWLEDGE' is clicked on

2019-07-23 18:00:14 - [TEST_STEP][PASSED] - click(findTestObject("OCS-DESKTOP/Age gate and Mega menu/button_CONFIRM")): Object: 'Object Repository/OCS-DESKTOP/Age gate and Mega menu/button_CONFIRM' is clicked on

2019-07-23 18:00:14 - [MESSAGE][PASSED] - Object: 'Object Repository/OCS-DESKTOP/Age gate and Mega menu/button_CONFIRM' is clicked on

2019-07-23 18:00:14 - [TEST_STEP][PASSED] - click(findTestObject("OCS-DESKTOP/Age gate and Mega menu/button_Start Browsing")): Object: 'Object Repository/OCS-DESKTOP/Age gate and Mega menu/button_Start Browsing' is clicked on

2019-07-23 18:00:15 - [MESSAGE][PASSED] - Object: 'Object Repository/OCS-DESKTOP/Age gate and Mega menu/button_Start Browsing' is clicked on

2019-07-23 18:00:15 - [TEST_STEP][PASSED] - delay(2): Delayed 2 second(s)

2019-07-23 18:00:17 - [MESSAGE][PASSED] - Delayed 2 second(s)

2019-07-23 18:00:17 - [TEST_STEP][PASSED] - refresh(): Refresh successfully

2019-07-23 18:00:17 - [MESSAGE][PASSED] - Refresh successfully

2019-07-23 18:00:17 - [MESSAGE][PASSED] - Call Test Case 'Test Cases/OCS - DESKTOP/CALL- Age gate' successfully

2019-07-23 18:00:17 - [TEST_STEP][PASSED] - delay(2): Delayed 2 second(s)

2019-07-23 18:00:19 - [MESSAGE][PASSED] - Delayed 2 second(s)

2019-07-23 18:00:19 - [TEST_STEP][PASSED] - click(findTestObject("OCS-DESKTOP/Age gate and Mega menu/Header/CANNABIS menu - English")): Object: 'Object Repository/OCS-DESKTOP/Age gate and Mega menu/Header/CANNABIS menu - English' is clicked on

2019-07-23 18:00:20 - [MESSAGE][PASSED] - Object: 'Object Repository/OCS-DESKTOP/Age gate and Mega menu/Header/CANNABIS menu - English' is clicked on

2019-07-23 18:00:20 - [TEST_STEP][PASSED] - delay(2): Delayed 2 second(s)

2019-07-23 18:00:22 - [MESSAGE][PASSED] - Delayed 2 second(s)

2019-07-23 18:00:22 - [TEST_STEP][PASSED] - executeJavaScript("var previewBar = document.getElementById("preview-bar-iframe"); previewBar.style.display = "none";", []): Execute JavaScript 'var previewBar = document.getElementById("preview-bar-iframe"); previewBar.style.display = "none";' successfully

2019-07-23 18:00:22 - [MESSAGE][PASSED] - Execute JavaScript 'var previewBar = document.getElementById("preview-bar-iframe"); previewBar.style.display = "none";' successfully

2019-07-23 18:00:22 - [TEST_STEP][PASSED] - click(findTestObject("OCS-DESKTOP/Age gate and Mega menu/Indica Dominant_Menu item")): Object: 'Object Repository/OCS-DESKTOP/Age gate and Mega menu/Indica Dominant_Menu item' is clicked on

2019-07-23 18:00:25 - [MESSAGE][PASSED] - Object: 'Object Repository/OCS-DESKTOP/Age gate and Mega menu/Indica Dominant_Menu item' is clicked on

2019-07-23 18:00:25 - [TEST_STEP][PASSED] - executeJavaScript("var previewBar = document.getElementById("preview-bar-iframe"); previewBar.style.display = "none";", []): Execute JavaScript 'var previewBar = document.getElementById("preview-bar-iframe"); previewBar.style.display = "none";' successfully

2019-07-23 18:00:26 - [MESSAGE][PASSED] - Execute JavaScript 'var previewBar = document.getElementById("preview-bar-iframe"); previewBar.style.display = "none";' successfully

2019-07-23 18:00:26 - [TEST_STEP][PASSED] - delay(2): Delayed 2 second(s)

2019-07-23 18:00:28 - [MESSAGE][PASSED] - Delayed 2 second(s)

2019-07-23 18:00:28 - [TEST_STEP][PASSED] - click(findTestObject("OCS-DESKTOP/Collection page/Product image - 1st one")): Object: 'Object Repository/OCS-DESKTOP/Collection page/Product image - 1st one' is clicked on

2019-07-23 18:00:32 - [MESSAGE][PASSED] - Object: 'Object Repository/OCS-DESKTOP/Collection page/Product image - 1st one' is clicked on

2019-07-23 18:00:32 - [TEST_STEP][PASSED] - executeJavaScript("var previewBar = document.getElementById("preview-bar-iframe"); previewBar.style.display = "none";", []): Execute JavaScript 'var previewBar = document.getElementById("preview-bar-iframe"); previewBar.style.display = "none";' successfully

2019-07-23 18:00:32 - [MESSAGE][PASSED] - Execute JavaScript 'var previewBar = document.getElementById("preview-bar-iframe"); previewBar.style.display = "none";' successfully

2019-07-23 18:00:32 - [TEST_STEP][PASSED] - delay(1): Delayed 1 second(s)

2019-07-23 18:00:33 - [MESSAGE][PASSED] - Delayed 1 second(s)

2019-07-23 18:00:33 - [TEST_STEP][PASSED] - delay(3): Delayed 3 second(s)

2019-07-23 18:00:36 - [MESSAGE][PASSED] - Delayed 3 second(s)

2019-07-23 18:00:36 - [TEST_STEP][NOT_RUN] - scrollToElement(findTestObject("OCS-DESKTOP/Product page/Product image"), 1): NOT_RUN: scrollToElement(findTestObject("OCS-DESKTOP/Product page/Product image"), 1)

2019-07-23 18:00:36 - [MESSAGE][NOT_RUN] - NOT_RUN: scrollToElement(findTestObject("OCS-DESKTOP/Product page/Product image"), 1)

2019-07-23 18:00:36 - [TEST_STEP][PASSED] - click(findTestObject("OCS-DESKTOP/Product page/Swatch_1g")): Object: 'Object Repository/OCS-DESKTOP/Product page/Swatch_1g' is clicked on

2019-07-23 18:00:36 - [MESSAGE][PASSED] - Object: 'Object Repository/OCS-DESKTOP/Product page/Swatch_1g' is clicked on

2019-07-23 18:00:36 - [TEST_STEP][PASSED] - delay(2): Delayed 2 second(s)

2019-07-23 18:00:38 - [MESSAGE][PASSED] - Delayed 2 second(s)

2019-07-23 18:00:38 - [TEST_STEP][PASSED] - click(findTestObject("OCS-DESKTOP/Product page/Add to Bag-button")): Object: 'Object Repository/OCS-DESKTOP/Product page/Add to Bag-button' is clicked on

2019-07-23 18:00:38 - [MESSAGE][PASSED] - Object: 'Object Repository/OCS-DESKTOP/Product page/Add to Bag-button' is clicked on

2019-07-23 18:00:38 - [TEST_STEP][PASSED] - delay(1): Delayed 1 second(s)

2019-07-23 18:00:39 - [MESSAGE][PASSED] - Delayed 1 second(s)

2019-07-23 18:00:39 - [TEST_STEP][PASSED] - click(findTestObject("OCS-DESKTOP/Home - page/view my bag - cart dropdown")): Object: 'Object Repository/OCS-DESKTOP/Home - page/view my bag - cart dropdown' is clicked on

2019-07-23 18:00:39 - [MESSAGE][PASSED] - Object: 'Object Repository/OCS-DESKTOP/Home - page/view my bag - cart dropdown' is clicked on

2019-07-23 18:00:39 - [TEST_STEP][PASSED] - delay(2): Delayed 2 second(s)

2019-07-23 18:00:41 - [MESSAGE][PASSED] - Delayed 2 second(s)

2019-07-23 18:00:41 - [TEST_STEP][PASSED] - click(findTestObject("OCS-DESKTOP/Cart flyout/Checkbox_I confirm that")): Object: 'Object Repository/OCS-DESKTOP/Cart flyout/Checkbox_I confirm that' is clicked on

2019-07-23 18:00:41 - [MESSAGE][PASSED] - Object: 'Object Repository/OCS-DESKTOP/Cart flyout/Checkbox_I confirm that' is clicked on

2019-07-23 18:00:41 - [TEST_STEP][PASSED] - delay(1): Delayed 1 second(s)

2019-07-23 18:00:42 - [MESSAGE][PASSED] - Delayed 1 second(s)

2019-07-23 18:00:42 - [TEST_STEP][PASSED] - click(findTestObject("OCS-DESKTOP/Cart flyout/Checkbox_Accept the Terms Condition")): Object: 'Object Repository/OCS-DESKTOP/Cart flyout/Checkbox_Accept the Terms Condition' is clicked on

2019-07-23 18:00:42 - [MESSAGE][PASSED] - Object: 'Object Repository/OCS-DESKTOP/Cart flyout/Checkbox_Accept the Terms Condition' is clicked on

2019-07-23 18:00:42 - [TEST_STEP][PASSED] - delay(3): Delayed 3 second(s)

2019-07-23 18:00:45 - [MESSAGE][PASSED] - Delayed 3 second(s)

2019-07-23 18:00:45 - [TEST_STEP][PASSED] - click(findTestObject("OCS-DESKTOP/Cart flyout/Checkout - Button")): Object: 'Object Repository/OCS-DESKTOP/Cart flyout/Checkout - Button' is clicked on

2019-07-23 18:00:47 - [MESSAGE][PASSED] - Object: 'Object Repository/OCS-DESKTOP/Cart flyout/Checkout - Button' is clicked on

2019-07-23 18:00:47 - [TEST_STEP][PASSED] - executeJavaScript("var previewBar = document.getElementById("preview-bar-iframe"); previewBar.style.display = "none";", []): Execute JavaScript 'var previewBar = document.getElementById("preview-bar-iframe"); previewBar.style.display = "none";' successfully

2019-07-23 18:00:47 - [MESSAGE][PASSED] - Execute JavaScript 'var previewBar = document.getElementById("preview-bar-iframe"); previewBar.style.display = "none";' successfully

2019-07-23 18:00:47 - [TEST_STEP][PASSED] - delay(1): Delayed 1 second(s)

2019-07-23 18:00:48 - [MESSAGE][PASSED] - Delayed 1 second(s)

2019-07-23 18:00:48 - [TEST_STEP][PASSED] - delay(2): Delayed 2 second(s)

2019-07-23 18:00:51 - [MESSAGE][PASSED] - Delayed 2 second(s)

2019-07-23 18:00:51 - [TEST_STEP][PASSED] - scrollToElement(findTestObject("OCS-DESKTOP/Customer info page/input_Email"), 0): Scroll to object 'Object Repository/OCS-DESKTOP/Customer info page/input_Email' successfully

2019-07-23 18:00:51 - [MESSAGE][WARNING] - Timeout '0' is invalid. Using default page load timeout: '30'

2019-07-23 18:00:51 - [MESSAGE][PASSED] - Scroll to object 'Object Repository/OCS-DESKTOP/Customer info page/input_Email' successfully

2019-07-23 18:00:51 - [TEST_STEP][PASSED] - setText(findTestObject("OCS-DESKTOP/Customer info page/input_Email"), "suman.kompelly@diffagency.com"): Text 'suman.kompelly@diffagency.com' is set on object 'Object Repository/OCS-DESKTOP/Customer info page/input_Email'

2019-07-23 18:00:51 - [MESSAGE][PASSED] - Text 'suman.kompelly@diffagency.com' is set on object 'Object Repository/OCS-DESKTOP/Customer info page/input_Email'

2019-07-23 18:00:51 - [TEST_STEP][PASSED] - setText(findTestObject("OCS-DESKTOP/Customer info page/input_First name"), "suman"): Text 'suman' is set on object 'Object Repository/OCS-DESKTOP/Customer info page/input_First name'

2019-07-23 18:00:52 - [MESSAGE][PASSED] - Text 'suman' is set on object 'Object Repository/OCS-DESKTOP/Customer info page/input_First name'

2019-07-23 18:00:52 - [TEST_STEP][PASSED] - setText(findTestObject("OCS-DESKTOP/Customer info page/input_Last name"), "kompelly"): Text 'kompelly' is set on object 'Object Repository/OCS-DESKTOP/Customer info page/input_Last name'

2019-07-23 18:00:52 - [MESSAGE][PASSED] - Text 'kompelly' is set on object 'Object Repository/OCS-DESKTOP/Customer info page/input_Last name'

2019-07-23 18:00:52 - [TEST_STEP][PASSED] - setText(findTestObject("OCS-DESKTOP/Customer info page/input_Address"), "300 saint alxendre"): Text '300 saint alxendre' is set on object 'Object Repository/OCS-DESKTOP/Customer info page/input_Address'

2019-07-23 18:00:52 - [MESSAGE][PASSED] - Text '300 saint alxendre' is set on object 'Object Repository/OCS-DESKTOP/Customer info page/input_Address'

2019-07-23 18:00:52 - [TEST_STEP][PASSED] - setText(findTestObject("OCS-DESKTOP/Customer info page/input_Apartment suite etc. (op"), "199"): Text '199' is set on object 'Object Repository/OCS-DESKTOP/Customer info page/input_Apartment suite etc. (op'

2019-07-23 18:00:52 - [MESSAGE][PASSED] - Text '199' is set on object 'Object Repository/OCS-DESKTOP/Customer info page/input_Apartment suite etc. (op'

2019-07-23 18:00:52 - [TEST_STEP][PASSED] - setText(findTestObject("OCS-DESKTOP/Customer info page/input_City"), "montreal"): Text 'montreal' is set on object 'Object Repository/OCS-DESKTOP/Customer info page/input_City'

2019-07-23 18:00:52 - [MESSAGE][PASSED] - Text 'montreal' is set on object 'Object Repository/OCS-DESKTOP/Customer info page/input_City'

2019-07-23 18:00:52 - [TEST_STEP][PASSED] - setText(findTestObject("OCS-DESKTOP/Customer info page/input_Postal code"), "n0R1K0"): Text 'n0R1K0' is set on object 'Object Repository/OCS-DESKTOP/Customer info page/input_Postal code'

2019-07-23 18:00:52 - [MESSAGE][PASSED] - Text 'n0R1K0' is set on object 'Object Repository/OCS-DESKTOP/Customer info page/input_Postal code'

2019-07-23 18:00:52 - [TEST_STEP][PASSED] - setText(findTestObject("OCS-DESKTOP/Customer info page/input_Phone"), "(514) 449-3882"): Text '(514) 449-3882' is set on object 'Object Repository/OCS-DESKTOP/Customer info page/input_Phone'

2019-07-23 18:00:53 - [MESSAGE][PASSED] - Text '(514) 449-3882' is set on object 'Object Repository/OCS-DESKTOP/Customer info page/input_Phone'

2019-07-23 18:00:53 - [TEST_STEP][PASSED] - delay(1): Delayed 1 second(s)

2019-07-23 18:00:54 - [MESSAGE][PASSED] - Delayed 1 second(s)

2019-07-23 18:00:54 - [TEST_STEP][PASSED] - click(findTestObject("OCS-DESKTOP/Customer info page/Return to Cart - Link")): Object: 'Object Repository/OCS-DESKTOP/Customer info page/Return to Cart - Link' is clicked on

2019-07-23 18:00:55 - [MESSAGE][PASSED] - Object: 'Object Repository/OCS-DESKTOP/Customer info page/Return to Cart - Link' is clicked on

2019-07-23 18:00:55 - [TEST_STEP][PASSED] - delay(2): Delayed 2 second(s)

2019-07-23 18:00:57 - [MESSAGE][PASSED] - Delayed 2 second(s)

2019-07-23 18:00:57 - [TEST_STEP][PASSED] - click(findTestObject("OCS-DESKTOP/Cart page/cart page-Checkbox_I confirm that")): Object: 'Object Repository/OCS-DESKTOP/Cart page/cart page-Checkbox_I confirm that' is clicked on

2019-07-23 18:00:57 - [MESSAGE][PASSED] - Object: 'Object Repository/OCS-DESKTOP/Cart page/cart page-Checkbox_I confirm that' is clicked on

2019-07-23 18:00:57 - [TEST_STEP][PASSED] - delay(2): Delayed 2 second(s)

2019-07-23 18:00:59 - [MESSAGE][PASSED] - Delayed 2 second(s)

2019-07-23 18:00:59 - [TEST_STEP][PASSED] - click(findTestObject("OCS-DESKTOP/Cart page/cart page - Checkbox_Accept the Terms Condition")): Object: 'Object Repository/OCS-DESKTOP/Cart page/cart page - Checkbox_Accept the Terms Condition' is clicked on

2019-07-23 18:00:59 - [MESSAGE][PASSED] - Object: 'Object Repository/OCS-DESKTOP/Cart page/cart page - Checkbox_Accept the Terms Condition' is clicked on

2019-07-23 18:00:59 - [TEST_STEP][PASSED] - delay(1): Delayed 1 second(s)

2019-07-23 18:01:00 - [MESSAGE][PASSED] - Delayed 1 second(s)

2019-07-23 18:01:00 - [TEST_STEP][PASSED] - click(findTestObject("OCS-DESKTOP/Cart page/Cart page -checkout button")): Object: 'Object Repository/OCS-DESKTOP/Cart page/Cart page -checkout button' is clicked on

2019-07-23 18:01:03 - [MESSAGE][PASSED] - Object: 'Object Repository/OCS-DESKTOP/Cart page/Cart page -checkout button' is clicked on

2019-07-23 18:01:03 - [TEST_STEP][PASSED] - setText(findTestObject("OCS-DESKTOP/Customer info page/input_Email"), "suman.kompelly@diffagency.com"): Text 'suman.kompelly@diffagency.com' is set on object 'Object Repository/OCS-DESKTOP/Customer info page/input_Email'

2019-07-23 18:01:03 - [MESSAGE][PASSED] - Text 'suman.kompelly@diffagency.com' is set on object 'Object Repository/OCS-DESKTOP/Customer info page/input_Email'

2019-07-23 18:01:03 - [TEST_STEP][PASSED] - setText(findTestObject("OCS-DESKTOP/Customer info page/input_First name"), "suman"): Text 'suman' is set on object 'Object Repository/OCS-DESKTOP/Customer info page/input_First name'

2019-07-23 18:01:03 - [MESSAGE][PASSED] - Text 'suman' is set on object 'Object Repository/OCS-DESKTOP/Customer info page/input_First name'

2019-07-23 18:01:03 - [TEST_STEP][PASSED] - setText(findTestObject("OCS-DESKTOP/Customer info page/input_Last name"), "kompelly"): Text 'kompelly' is set on object 'Object Repository/OCS-DESKTOP/Customer info page/input_Last name'

2019-07-23 18:01:03 - [MESSAGE][PASSED] - Text 'kompelly' is set on object 'Object Repository/OCS-DESKTOP/Customer info page/input_Last name'

2019-07-23 18:01:03 - [TEST_STEP][PASSED] - setText(findTestObject("OCS-DESKTOP/Customer info page/input_Address"), "300 saint alxendre"): Text '300 saint alxendre' is set on object 'Object Repository/OCS-DESKTOP/Customer info page/input_Address'

2019-07-23 18:01:04 - [MESSAGE][PASSED] - Text '300 saint alxendre' is set on object 'Object Repository/OCS-DESKTOP/Customer info page/input_Address'

2019-07-23 18:01:04 - [TEST_STEP][PASSED] - setText(findTestObject("OCS-DESKTOP/Customer info page/input_Apartment suite etc. (op"), "199"): Text '199' is set on object 'Object Repository/OCS-DESKTOP/Customer info page/input_Apartment suite etc. (op'

2019-07-23 18:01:04 - [MESSAGE][PASSED] - Text '199' is set on object 'Object Repository/OCS-DESKTOP/Customer info page/input_Apartment suite etc. (op'

2019-07-23 18:01:04 - [TEST_STEP][PASSED] - setText(findTestObject("OCS-DESKTOP/Customer info page/input_City"), "montreal"): Text 'montreal' is set on object 'Object Repository/OCS-DESKTOP/Customer info page/input_City'

2019-07-23 18:01:04 - [MESSAGE][PASSED] - Text 'montreal' is set on object 'Object Repository/OCS-DESKTOP/Customer info page/input_City'

2019-07-23 18:01:04 - [TEST_STEP][PASSED] - setText(findTestObject("OCS-DESKTOP/Customer info page/input_Postal code"), "n0R1K0"): Text 'n0R1K0' is set on object 'Object Repository/OCS-DESKTOP/Customer info page/input_Postal code'

2019-07-23 18:01:04 - [MESSAGE][PASSED] - Text 'n0R1K0' is set on object 'Object Repository/OCS-DESKTOP/Customer info page/input_Postal code'

2019-07-23 18:01:04 - [TEST_STEP][PASSED] - setText(findTestObject("OCS-DESKTOP/Customer info page/input_Phone"), "(514) 449-3882"): Text '(514) 449-3882' is set on object 'Object Repository/OCS-DESKTOP/Customer info page/input_Phone'

2019-07-23 18:01:04 - [MESSAGE][PASSED] - Text '(514) 449-3882' is set on object 'Object Repository/OCS-DESKTOP/Customer info page/input_Phone'

2019-07-23 18:01:04 - [TEST_STEP][PASSED] - delay(1): Delayed 1 second(s)

2019-07-23 18:01:05 - [MESSAGE][PASSED] - Delayed 1 second(s)

2019-07-23 18:01:05 - [TEST_STEP][PASSED] - executeJavaScript("var previewBar = document.getElementById("preview-bar-iframe"); previewBar.style.display = "none";", []): Execute JavaScript 'var previewBar = document.getElementById("preview-bar-iframe"); previewBar.style.display = "none";' successfully

2019-07-23 18:01:05 - [MESSAGE][PASSED] - Execute JavaScript 'var previewBar = document.getElementById("preview-bar-iframe"); previewBar.style.display = "none";' successfully

2019-07-23 18:01:05 - [TEST_STEP][PASSED] - click(findTestObject("OCS-DESKTOP/Customer info page/Continue to shipping method - Button")): Object: 'Object Repository/OCS-DESKTOP/Customer info page/Continue to shipping method - Button' is clicked on

2019-07-23 18:01:08 - [MESSAGE][PASSED] - Object: 'Object Repository/OCS-DESKTOP/Customer info page/Continue to shipping method - Button' is clicked on

2019-07-23 18:01:08 - [TEST_STEP][PASSED] - closeBrowser(): Browser is closed

2019-07-23 18:01:08 - [MESSAGE][PASSED] - Browser is closed]]></system-out>
         <system-err><![CDATA[]]></system-err>
      </testcase>
      <testcase name="Test Cases/OCS - DESKTOP/OCS- CRITICAL PATH/Cart flyout-tooltips" classname="Test Cases/OCS - DESKTOP/OCS- CRITICAL PATH/Cart flyout-tooltips" status="PASSED">
         <system-out><![CDATA[2019-07-23 18:01:08 - [TEST_CASE][PASSED] - Test Cases/OCS - DESKTOP/OCS- CRITICAL PATH/Cart flyout-tooltips: Test Cases/OCS - DESKTOP/OCS- CRITICAL PATH/Cart flyout-tooltips

2019-07-23 18:01:08 - [TEST_STEP][PASSED] - callTestCase(findTestCase("OCS - DESKTOP/CALL- Age gate"), [:], STOP_ON_FAILURE): Call Test Case 'Test Cases/OCS - DESKTOP/CALL- Age gate' successfully

2019-07-23 18:01:08 - [TEST_CASE][PASSED] - Test Cases/OCS - DESKTOP/CALL- Age gate: Test Cases/OCS - DESKTOP/CALL- Age gate

2019-07-23 18:01:08 - [TEST_STEP][PASSED] - openBrowser(""): Browser is opened with url: ''

2019-07-23 18:01:08 - [MESSAGE][INFO] - Starting 'Chrome' driver

2019-07-23 18:01:10 - [MESSAGE][PASSED] - Browser is opened with url: ''

2019-07-23 18:01:10 - [TEST_STEP][PASSED] - navigateToUrl("https://ocs.ca/?fts=0&preview_theme_id=74209363788"): Navigate to 'https://ocs.ca/?fts=0&preview_theme_id=74209363788' successfully

2019-07-23 18:01:15 - [MESSAGE][PASSED] - Navigate to 'https://ocs.ca/?fts=0&preview_theme_id=74209363788' successfully

2019-07-23 18:01:15 - [TEST_STEP][PASSED] - maximizeWindow(): Current window maximized

2019-07-23 18:01:15 - [MESSAGE][PASSED] - Current window maximized

2019-07-23 18:01:15 - [TEST_STEP][PASSED] - delay(2): Delayed 2 second(s)

2019-07-23 18:01:17 - [MESSAGE][PASSED] - Delayed 2 second(s)

2019-07-23 18:01:17 - [TEST_STEP][PASSED] - executeJavaScript("var previewBar = document.getElementById("preview-bar-iframe"); previewBar.style.display = "none";", []): Execute JavaScript 'var previewBar = document.getElementById("preview-bar-iframe"); previewBar.style.display = "none";' successfully

2019-07-23 18:01:17 - [MESSAGE][PASSED] - Execute JavaScript 'var previewBar = document.getElementById("preview-bar-iframe"); previewBar.style.display = "none";' successfully

2019-07-23 18:01:17 - [TEST_STEP][PASSED] - selectOptionByValue(findTestObject("OCS-DESKTOP/Age gate and Mega menu/Date"), "12", true): All options with value '12' are selected in object 'Object Repository/OCS-DESKTOP/Age gate and Mega menu/Date'  using regular expression

2019-07-23 18:01:18 - [MESSAGE][PASSED] - All options with value '12' are selected in object 'Object Repository/OCS-DESKTOP/Age gate and Mega menu/Date'  using regular expression

2019-07-23 18:01:18 - [TEST_STEP][PASSED] - selectOptionByValue(findTestObject("OCS-DESKTOP/Age gate and Mega menu/month"), "6", true): All options with value '6' are selected in object 'Object Repository/OCS-DESKTOP/Age gate and Mega menu/month'  using regular expression

2019-07-23 18:01:18 - [MESSAGE][PASSED] - All options with value '6' are selected in object 'Object Repository/OCS-DESKTOP/Age gate and Mega menu/month'  using regular expression

2019-07-23 18:01:18 - [TEST_STEP][PASSED] - delay(2): Delayed 2 second(s)

2019-07-23 18:01:20 - [MESSAGE][PASSED] - Delayed 2 second(s)

2019-07-23 18:01:20 - [TEST_STEP][PASSED] - selectOptionByValue(findTestObject("OCS-DESKTOP/Age gate and Mega menu/Year Dropdown"), "1990", true): All options with value '1990' are selected in object 'Object Repository/OCS-DESKTOP/Age gate and Mega menu/Year Dropdown'  using regular expression

2019-07-23 18:01:21 - [MESSAGE][PASSED] - All options with value '1990' are selected in object 'Object Repository/OCS-DESKTOP/Age gate and Mega menu/Year Dropdown'  using regular expression

2019-07-23 18:01:21 - [TEST_STEP][PASSED] - click(findTestObject("OCS-DESKTOP/Age gate and Mega menu/button_Verify")): Object: 'Object Repository/OCS-DESKTOP/Age gate and Mega menu/button_Verify' is clicked on

2019-07-23 18:01:21 - [MESSAGE][PASSED] - Object: 'Object Repository/OCS-DESKTOP/Age gate and Mega menu/button_Verify' is clicked on

2019-07-23 18:01:21 - [TEST_STEP][PASSED] - click(findTestObject("OCS-DESKTOP/Age gate and Mega menu/Checkbox_CONFIRM AND ACKNOWLEDGE")): Object: 'Object Repository/OCS-DESKTOP/Age gate and Mega menu/Checkbox_CONFIRM AND ACKNOWLEDGE' is clicked on

2019-07-23 18:01:21 - [MESSAGE][PASSED] - Object: 'Object Repository/OCS-DESKTOP/Age gate and Mega menu/Checkbox_CONFIRM AND ACKNOWLEDGE' is clicked on

2019-07-23 18:01:21 - [TEST_STEP][PASSED] - click(findTestObject("OCS-DESKTOP/Age gate and Mega menu/button_CONFIRM")): Object: 'Object Repository/OCS-DESKTOP/Age gate and Mega menu/button_CONFIRM' is clicked on

2019-07-23 18:01:21 - [MESSAGE][PASSED] - Object: 'Object Repository/OCS-DESKTOP/Age gate and Mega menu/button_CONFIRM' is clicked on

2019-07-23 18:01:21 - [TEST_STEP][PASSED] - click(findTestObject("OCS-DESKTOP/Age gate and Mega menu/button_Start Browsing")): Object: 'Object Repository/OCS-DESKTOP/Age gate and Mega menu/button_Start Browsing' is clicked on

2019-07-23 18:01:21 - [MESSAGE][PASSED] - Object: 'Object Repository/OCS-DESKTOP/Age gate and Mega menu/button_Start Browsing' is clicked on

2019-07-23 18:01:21 - [TEST_STEP][PASSED] - delay(2): Delayed 2 second(s)

2019-07-23 18:01:23 - [MESSAGE][PASSED] - Delayed 2 second(s)

2019-07-23 18:01:23 - [TEST_STEP][PASSED] - refresh(): Refresh successfully

2019-07-23 18:01:23 - [MESSAGE][PASSED] - Refresh successfully

2019-07-23 18:01:23 - [MESSAGE][PASSED] - Call Test Case 'Test Cases/OCS - DESKTOP/CALL- Age gate' successfully

2019-07-23 18:01:23 - [TEST_STEP][PASSED] - delay(2): Delayed 2 second(s)

2019-07-23 18:01:25 - [MESSAGE][PASSED] - Delayed 2 second(s)

2019-07-23 18:01:25 - [TEST_STEP][PASSED] - refresh(): Refresh successfully

2019-07-23 18:01:26 - [MESSAGE][PASSED] - Refresh successfully

2019-07-23 18:01:26 - [TEST_STEP][PASSED] - click(findTestObject("OCS-DESKTOP/Age gate and Mega menu/Header/CANNABIS menu - English")): Object: 'Object Repository/OCS-DESKTOP/Age gate and Mega menu/Header/CANNABIS menu - English' is clicked on

2019-07-23 18:01:31 - [MESSAGE][PASSED] - Object: 'Object Repository/OCS-DESKTOP/Age gate and Mega menu/Header/CANNABIS menu - English' is clicked on

2019-07-23 18:01:31 - [TEST_STEP][PASSED] - delay(4): Delayed 4 second(s)

2019-07-23 18:01:35 - [MESSAGE][PASSED] - Delayed 4 second(s)

2019-07-23 18:01:35 - [TEST_STEP][NOT_RUN] - maximizeWindow(): NOT_RUN: maximizeWindow()

2019-07-23 18:01:35 - [MESSAGE][NOT_RUN] - NOT_RUN: maximizeWindow()

2019-07-23 18:01:35 - [TEST_STEP][PASSED] - click(findTestObject("OCS-DESKTOP/Age gate and Mega menu/Indica Dominant_Menu item")): Object: 'Object Repository/OCS-DESKTOP/Age gate and Mega menu/Indica Dominant_Menu item' is clicked on

2019-07-23 18:01:40 - [MESSAGE][PASSED] - Object: 'Object Repository/OCS-DESKTOP/Age gate and Mega menu/Indica Dominant_Menu item' is clicked on

2019-07-23 18:01:40 - [TEST_STEP][PASSED] - delay(2): Delayed 2 second(s)

2019-07-23 18:01:42 - [MESSAGE][PASSED] - Delayed 2 second(s)

2019-07-23 18:01:42 - [TEST_STEP][PASSED] - executeJavaScript("var previewBar = document.getElementById("preview-bar-iframe"); previewBar.style.display = "none";", []): Execute JavaScript 'var previewBar = document.getElementById("preview-bar-iframe"); previewBar.style.display = "none";' successfully

2019-07-23 18:01:42 - [MESSAGE][PASSED] - Execute JavaScript 'var previewBar = document.getElementById("preview-bar-iframe"); previewBar.style.display = "none";' successfully

2019-07-23 18:01:42 - [TEST_STEP][PASSED] - click(findTestObject("OCS-DESKTOP/Collection page/Product image - 1st one")): Object: 'Object Repository/OCS-DESKTOP/Collection page/Product image - 1st one' is clicked on

2019-07-23 18:01:48 - [MESSAGE][PASSED] - Object: 'Object Repository/OCS-DESKTOP/Collection page/Product image - 1st one' is clicked on

2019-07-23 18:01:48 - [TEST_STEP][PASSED] - delay(3): Delayed 3 second(s)

2019-07-23 18:01:51 - [MESSAGE][PASSED] - Delayed 3 second(s)

2019-07-23 18:01:51 - [TEST_STEP][PASSED] - executeJavaScript("var previewBar = document.getElementById("preview-bar-iframe"); previewBar.style.display = "none";", []): Execute JavaScript 'var previewBar = document.getElementById("preview-bar-iframe"); previewBar.style.display = "none";' successfully

2019-07-23 18:01:51 - [MESSAGE][PASSED] - Execute JavaScript 'var previewBar = document.getElementById("preview-bar-iframe"); previewBar.style.display = "none";' successfully

2019-07-23 18:01:51 - [TEST_STEP][NOT_RUN] - scrollToElement(findTestObject("OCS-DESKTOP/Product page/Product image"), 1): NOT_RUN: scrollToElement(findTestObject("OCS-DESKTOP/Product page/Product image"), 1)

2019-07-23 18:01:51 - [MESSAGE][NOT_RUN] - NOT_RUN: scrollToElement(findTestObject("OCS-DESKTOP/Product page/Product image"), 1)

2019-07-23 18:01:51 - [TEST_STEP][PASSED] - click(findTestObject("OCS-DESKTOP/Product page/Swatch_1g")): Object: 'Object Repository/OCS-DESKTOP/Product page/Swatch_1g' is clicked on

2019-07-23 18:01:51 - [MESSAGE][PASSED] - Object: 'Object Repository/OCS-DESKTOP/Product page/Swatch_1g' is clicked on

2019-07-23 18:01:51 - [TEST_STEP][PASSED] - delay(2): Delayed 2 second(s)

2019-07-23 18:01:53 - [MESSAGE][PASSED] - Delayed 2 second(s)

2019-07-23 18:01:53 - [TEST_STEP][PASSED] - click(findTestObject("OCS-DESKTOP/Product page/Add to Bag-button")): Object: 'Object Repository/OCS-DESKTOP/Product page/Add to Bag-button' is clicked on

2019-07-23 18:01:54 - [MESSAGE][PASSED] - Object: 'Object Repository/OCS-DESKTOP/Product page/Add to Bag-button' is clicked on

2019-07-23 18:01:54 - [TEST_STEP][PASSED] - delay(1): Delayed 1 second(s)

2019-07-23 18:01:55 - [MESSAGE][PASSED] - Delayed 1 second(s)

2019-07-23 18:01:55 - [TEST_STEP][PASSED] - click(findTestObject("OCS-DESKTOP/Home - page/view my bag - cart dropdown"), OPTIONAL): Object: 'Object Repository/OCS-DESKTOP/Home - page/view my bag - cart dropdown' is clicked on

2019-07-23 18:01:55 - [MESSAGE][PASSED] - Object: 'Object Repository/OCS-DESKTOP/Home - page/view my bag - cart dropdown' is clicked on

2019-07-23 18:01:55 - [TEST_STEP][PASSED] - delay(1): Delayed 1 second(s)

2019-07-23 18:01:56 - [MESSAGE][PASSED] - Delayed 1 second(s)

2019-07-23 18:01:56 - [TEST_STEP][PASSED] - mouseOver(findTestObject("OCS-DESKTOP/Cart flyout/tool tip - TOP")): Object: 'Object Repository/OCS-DESKTOP/Cart flyout/tool tip - TOP' is hovered

2019-07-23 18:01:56 - [MESSAGE][PASSED] - Object: 'Object Repository/OCS-DESKTOP/Cart flyout/tool tip - TOP' is hovered

2019-07-23 18:01:56 - [TEST_STEP][PASSED] - delay(3): Delayed 3 second(s)

2019-07-23 18:01:59 - [MESSAGE][PASSED] - Delayed 3 second(s)

2019-07-23 18:01:59 - [TEST_STEP][PASSED] - delay(2): Delayed 2 second(s)

2019-07-23 18:02:01 - [MESSAGE][PASSED] - Delayed 2 second(s)

2019-07-23 18:02:01 - [TEST_STEP][PASSED] - mouseOver(findTestObject("OCS-DESKTOP/Cart flyout/tool tip -DOWN")): Object: 'Object Repository/OCS-DESKTOP/Cart flyout/tool tip -DOWN' is hovered

2019-07-23 18:02:01 - [MESSAGE][PASSED] - Object: 'Object Repository/OCS-DESKTOP/Cart flyout/tool tip -DOWN' is hovered]]></system-out>
         <system-err><![CDATA[]]></system-err>
      </testcase>
      <testcase name="Test Cases/OCS - DESKTOP/OCS- CRITICAL PATH/Cart" classname="Test Cases/OCS - DESKTOP/OCS- CRITICAL PATH/Cart" status="PASSED">
         <system-out><![CDATA[2019-07-23 18:02:01 - [TEST_CASE][PASSED] - Test Cases/OCS - DESKTOP/OCS- CRITICAL PATH/Cart: Test Cases/OCS - DESKTOP/OCS- CRITICAL PATH/Cart

2019-07-23 18:02:01 - [TEST_STEP][PASSED] - callTestCase(findTestCase("OCS - DESKTOP/CALL - Navigate to PDP"), [:], STOP_ON_FAILURE): Call Test Case 'Test Cases/OCS - DESKTOP/CALL - Navigate to PDP' successfully

2019-07-23 18:02:01 - [TEST_CASE][PASSED] - Test Cases/OCS - DESKTOP/CALL - Navigate to PDP: Test Cases/OCS - DESKTOP/CALL - Navigate to PDP

2019-07-23 18:02:01 - [TEST_STEP][PASSED] - openBrowser(""): Browser is opened with url: ''

2019-07-23 18:02:01 - [MESSAGE][WARNING] - A browser is already opened. Closing browser and opening a new one

2019-07-23 18:02:01 - [MESSAGE][INFO] - Starting 'Chrome' driver

2019-07-23 18:02:02 - [MESSAGE][PASSED] - Browser is opened with url: ''

2019-07-23 18:02:02 - [TEST_STEP][PASSED] - maximizeWindow(): Current window maximized

2019-07-23 18:02:02 - [MESSAGE][PASSED] - Current window maximized

2019-07-23 18:02:02 - [TEST_STEP][PASSED] - navigateToUrl("https://ocs.ca/?fts=0&preview_theme_id=74209363788"): Navigate to 'https://ocs.ca/?fts=0&preview_theme_id=74209363788' successfully

2019-07-23 18:02:08 - [MESSAGE][PASSED] - Navigate to 'https://ocs.ca/?fts=0&preview_theme_id=74209363788' successfully

2019-07-23 18:02:08 - [TEST_STEP][PASSED] - executeJavaScript("var previewBar = document.getElementById("preview-bar-iframe"); previewBar.style.display = "none";", []): Execute JavaScript 'var previewBar = document.getElementById("preview-bar-iframe"); previewBar.style.display = "none";' successfully

2019-07-23 18:02:08 - [MESSAGE][PASSED] - Execute JavaScript 'var previewBar = document.getElementById("preview-bar-iframe"); previewBar.style.display = "none";' successfully

2019-07-23 18:02:08 - [TEST_STEP][PASSED] - delay(4): Delayed 4 second(s)

2019-07-23 18:02:12 - [MESSAGE][PASSED] - Delayed 4 second(s)

2019-07-23 18:02:12 - [TEST_STEP][PASSED] - selectOptionByValue(findTestObject("OCS-DESKTOP/Age gate and Mega menu/Date"), "12", true): All options with value '12' are selected in object 'Object Repository/OCS-DESKTOP/Age gate and Mega menu/Date'  using regular expression

2019-07-23 18:02:12 - [MESSAGE][PASSED] - All options with value '12' are selected in object 'Object Repository/OCS-DESKTOP/Age gate and Mega menu/Date'  using regular expression

2019-07-23 18:02:12 - [TEST_STEP][PASSED] - selectOptionByValue(findTestObject("OCS-DESKTOP/Age gate and Mega menu/month"), "6", true): All options with value '6' are selected in object 'Object Repository/OCS-DESKTOP/Age gate and Mega menu/month'  using regular expression

2019-07-23 18:02:12 - [MESSAGE][PASSED] - All options with value '6' are selected in object 'Object Repository/OCS-DESKTOP/Age gate and Mega menu/month'  using regular expression

2019-07-23 18:02:12 - [TEST_STEP][PASSED] - delay(2): Delayed 2 second(s)

2019-07-23 18:02:14 - [MESSAGE][PASSED] - Delayed 2 second(s)

2019-07-23 18:02:14 - [TEST_STEP][PASSED] - selectOptionByValue(findTestObject("OCS-DESKTOP/Age gate and Mega menu/Year Dropdown"), "1990", true): All options with value '1990' are selected in object 'Object Repository/OCS-DESKTOP/Age gate and Mega menu/Year Dropdown'  using regular expression

2019-07-23 18:02:15 - [MESSAGE][PASSED] - All options with value '1990' are selected in object 'Object Repository/OCS-DESKTOP/Age gate and Mega menu/Year Dropdown'  using regular expression

2019-07-23 18:02:15 - [TEST_STEP][PASSED] - click(findTestObject("OCS-DESKTOP/Age gate and Mega menu/button_Verify")): Object: 'Object Repository/OCS-DESKTOP/Age gate and Mega menu/button_Verify' is clicked on

2019-07-23 18:02:16 - [MESSAGE][PASSED] - Object: 'Object Repository/OCS-DESKTOP/Age gate and Mega menu/button_Verify' is clicked on

2019-07-23 18:02:16 - [TEST_STEP][PASSED] - click(findTestObject("OCS-DESKTOP/Age gate and Mega menu/Checkbox_CONFIRM AND ACKNOWLEDGE")): Object: 'Object Repository/OCS-DESKTOP/Age gate and Mega menu/Checkbox_CONFIRM AND ACKNOWLEDGE' is clicked on

2019-07-23 18:02:16 - [MESSAGE][PASSED] - Object: 'Object Repository/OCS-DESKTOP/Age gate and Mega menu/Checkbox_CONFIRM AND ACKNOWLEDGE' is clicked on

2019-07-23 18:02:16 - [TEST_STEP][PASSED] - click(findTestObject("OCS-DESKTOP/Age gate and Mega menu/button_CONFIRM")): Object: 'Object Repository/OCS-DESKTOP/Age gate and Mega menu/button_CONFIRM' is clicked on

2019-07-23 18:02:16 - [MESSAGE][PASSED] - Object: 'Object Repository/OCS-DESKTOP/Age gate and Mega menu/button_CONFIRM' is clicked on

2019-07-23 18:02:16 - [TEST_STEP][PASSED] - click(findTestObject("OCS-DESKTOP/Age gate and Mega menu/button_Start Browsing")): Object: 'Object Repository/OCS-DESKTOP/Age gate and Mega menu/button_Start Browsing' is clicked on

2019-07-23 18:02:16 - [MESSAGE][PASSED] - Object: 'Object Repository/OCS-DESKTOP/Age gate and Mega menu/button_Start Browsing' is clicked on

2019-07-23 18:02:16 - [TEST_STEP][PASSED] - delay(2): Delayed 2 second(s)

2019-07-23 18:02:18 - [MESSAGE][PASSED] - Delayed 2 second(s)

2019-07-23 18:02:18 - [TEST_STEP][PASSED] - navigateToUrl("https://ocs.ca/products/la-confidential"): Navigate to 'https://ocs.ca/products/la-confidential' successfully

2019-07-23 18:02:22 - [MESSAGE][PASSED] - Navigate to 'https://ocs.ca/products/la-confidential' successfully

2019-07-23 18:02:22 - [TEST_STEP][PASSED] - executeJavaScript("var previewBar = document.getElementById("preview-bar-iframe"); previewBar.style.display = "none";", []): Execute JavaScript 'var previewBar = document.getElementById("preview-bar-iframe"); previewBar.style.display = "none";' successfully

2019-07-23 18:02:22 - [MESSAGE][PASSED] - Execute JavaScript 'var previewBar = document.getElementById("preview-bar-iframe"); previewBar.style.display = "none";' successfully

2019-07-23 18:02:22 - [MESSAGE][PASSED] - Call Test Case 'Test Cases/OCS - DESKTOP/CALL - Navigate to PDP' successfully

2019-07-23 18:02:22 - [TEST_STEP][NOT_RUN] - scrollToElement(findTestObject("OCS-DESKTOP/Product page/Product image"), 1): NOT_RUN: scrollToElement(findTestObject("OCS-DESKTOP/Product page/Product image"), 1)

2019-07-23 18:02:22 - [MESSAGE][NOT_RUN] - NOT_RUN: scrollToElement(findTestObject("OCS-DESKTOP/Product page/Product image"), 1)

2019-07-23 18:02:22 - [TEST_STEP][PASSED] - delay(2): Delayed 2 second(s)

2019-07-23 18:02:24 - [MESSAGE][PASSED] - Delayed 2 second(s)

2019-07-23 18:02:24 - [TEST_STEP][PASSED] - executeJavaScript("var previewBar = document.getElementById("preview-bar-iframe"); previewBar.style.display = "none";", []): Execute JavaScript 'var previewBar = document.getElementById("preview-bar-iframe"); previewBar.style.display = "none";' successfully

2019-07-23 18:02:24 - [MESSAGE][PASSED] - Execute JavaScript 'var previewBar = document.getElementById("preview-bar-iframe"); previewBar.style.display = "none";' successfully

2019-07-23 18:02:24 - [TEST_STEP][PASSED] - click(findTestObject("OCS-DESKTOP/Product page/Swatch_1g")): Object: 'Object Repository/OCS-DESKTOP/Product page/Swatch_1g' is clicked on

2019-07-23 18:02:24 - [MESSAGE][PASSED] - Object: 'Object Repository/OCS-DESKTOP/Product page/Swatch_1g' is clicked on

2019-07-23 18:02:24 - [TEST_STEP][NOT_RUN] - scrollToElement(findTestObject("OCS-DESKTOP/Product page/Swatch_3.5g"), 1): NOT_RUN: scrollToElement(findTestObject("OCS-DESKTOP/Product page/Swatch_3.5g"), 1)

2019-07-23 18:02:24 - [MESSAGE][NOT_RUN] - NOT_RUN: scrollToElement(findTestObject("OCS-DESKTOP/Product page/Swatch_3.5g"), 1)

2019-07-23 18:02:24 - [TEST_STEP][PASSED] - delay(2): Delayed 2 second(s)

2019-07-23 18:02:26 - [MESSAGE][PASSED] - Delayed 2 second(s)

2019-07-23 18:02:26 - [TEST_STEP][PASSED] - click(findTestObject("OCS-DESKTOP/Product page/Add to Bag-button")): Object: 'Object Repository/OCS-DESKTOP/Product page/Add to Bag-button' is clicked on

2019-07-23 18:02:26 - [MESSAGE][PASSED] - Object: 'Object Repository/OCS-DESKTOP/Product page/Add to Bag-button' is clicked on

2019-07-23 18:02:26 - [TEST_STEP][PASSED] - delay(2): Delayed 2 second(s)

2019-07-23 18:02:28 - [MESSAGE][PASSED] - Delayed 2 second(s)

2019-07-23 18:02:28 - [TEST_STEP][NOT_RUN] - click(findTestObject("OCS-DESKTOP/Cart flyout/Back icon"), CONTINUE_ON_FAILURE): NOT_RUN: click(findTestObject("OCS-DESKTOP/Cart flyout/Back icon"), CONTINUE_ON_FAILURE)

2019-07-23 18:02:28 - [MESSAGE][NOT_RUN] - NOT_RUN: click(findTestObject("OCS-DESKTOP/Cart flyout/Back icon"), CONTINUE_ON_FAILURE)

2019-07-23 18:02:28 - [TEST_STEP][PASSED] - delay(2): Delayed 2 second(s)

2019-07-23 18:02:30 - [MESSAGE][PASSED] - Delayed 2 second(s)

2019-07-23 18:02:30 - [TEST_STEP][NOT_RUN] - click(findTestObject("OCS-DESKTOP/Home - page/view my bag - cart dropdown"), OPTIONAL): NOT_RUN: click(findTestObject("OCS-DESKTOP/Home - page/view my bag - cart dropdown"), OPTIONAL)

2019-07-23 18:02:30 - [MESSAGE][NOT_RUN] - NOT_RUN: click(findTestObject("OCS-DESKTOP/Home - page/view my bag - cart dropdown"), OPTIONAL)

2019-07-23 18:02:30 - [TEST_STEP][PASSED] - delay(2): Delayed 2 second(s)

2019-07-23 18:02:32 - [MESSAGE][PASSED] - Delayed 2 second(s)

2019-07-23 18:02:32 - [TEST_STEP][PASSED] - flag = verifyElementPresent(findTestObject("OCS-DESKTOP/Product page/Swatch_3.5g"), 0): Object 'Object Repository/OCS-DESKTOP/Product page/Swatch_3.5g' is present

2019-07-23 18:02:32 - [MESSAGE][WARNING] - Timeout '0' is invalid. Using default page load timeout: '30'

2019-07-23 18:02:32 - [MESSAGE][PASSED] - Object 'Object Repository/OCS-DESKTOP/Product page/Swatch_3.5g' is present

2019-07-23 18:02:32 - [TEST_STEP][PASSED] - comment(" flag=" + flag):  flag=true

2019-07-23 18:02:32 - [MESSAGE][INFO] -  flag=true

2019-07-23 18:02:32 - [TEST_STEP][PASSED] - takeScreenshot(): Taking screenshot successfully

2019-07-23 18:02:33 - [MESSAGE][PASSED] - Taking screenshot successfully
[[ATTACHMENT|/Users/sumankompelly/git/OCS--Relative-xpath-Desktop/Reports/Suite - Chrome/20190723_175603/1563919352653.png]]

2019-07-23 18:02:33 - [TEST_STEP][PASSED] - delay(2): Delayed 2 second(s)

2019-07-23 18:02:35 - [MESSAGE][PASSED] - Delayed 2 second(s)

2019-07-23 18:02:35 - [TEST_STEP][PASSED] - click(findTestObject("OCS-DESKTOP/Product page/Swatch_3.5g"), CONTINUE_ON_FAILURE): Object: 'Object Repository/OCS-DESKTOP/Product page/Swatch_3.5g' is clicked on

2019-07-23 18:02:35 - [MESSAGE][PASSED] - Object: 'Object Repository/OCS-DESKTOP/Product page/Swatch_3.5g' is clicked on

2019-07-23 18:02:35 - [TEST_STEP][PASSED] - delay(2): Delayed 2 second(s)

2019-07-23 18:02:37 - [MESSAGE][PASSED] - Delayed 2 second(s)

2019-07-23 18:02:37 - [TEST_STEP][PASSED] - click(findTestObject("OCS-DESKTOP/Product page/Add to Bag-button")): Object: 'Object Repository/OCS-DESKTOP/Product page/Add to Bag-button' is clicked on

2019-07-23 18:02:37 - [MESSAGE][PASSED] - Object: 'Object Repository/OCS-DESKTOP/Product page/Add to Bag-button' is clicked on

2019-07-23 18:02:37 - [TEST_STEP][PASSED] - delay(2): Delayed 2 second(s)

2019-07-23 18:02:39 - [MESSAGE][PASSED] - Delayed 2 second(s)

2019-07-23 18:02:39 - [TEST_STEP][PASSED] - click(findTestObject("OCS-DESKTOP/Home - page/view my bag - cart dropdown"), OPTIONAL): Object: 'Object Repository/OCS-DESKTOP/Home - page/view my bag - cart dropdown' is clicked on

2019-07-23 18:02:39 - [MESSAGE][PASSED] - Object: 'Object Repository/OCS-DESKTOP/Home - page/view my bag - cart dropdown' is clicked on

2019-07-23 18:02:39 - [TEST_STEP][PASSED] - delay(2): Delayed 2 second(s)

2019-07-23 18:02:41 - [MESSAGE][PASSED] - Delayed 2 second(s)

2019-07-23 18:02:41 - [TEST_STEP][PASSED] - click(findTestObject("OCS-DESKTOP/Cart flyout/Checkbox_I confirm that")): Object: 'Object Repository/OCS-DESKTOP/Cart flyout/Checkbox_I confirm that' is clicked on

2019-07-23 18:02:41 - [MESSAGE][PASSED] - Object: 'Object Repository/OCS-DESKTOP/Cart flyout/Checkbox_I confirm that' is clicked on

2019-07-23 18:02:41 - [TEST_STEP][PASSED] - delay(2): Delayed 2 second(s)

2019-07-23 18:02:43 - [MESSAGE][PASSED] - Delayed 2 second(s)

2019-07-23 18:02:43 - [TEST_STEP][PASSED] - click(findTestObject("OCS-DESKTOP/Cart flyout/Checkbox_Accept the Terms Condition")): Object: 'Object Repository/OCS-DESKTOP/Cart flyout/Checkbox_Accept the Terms Condition' is clicked on

2019-07-23 18:02:43 - [MESSAGE][PASSED] - Object: 'Object Repository/OCS-DESKTOP/Cart flyout/Checkbox_Accept the Terms Condition' is clicked on

2019-07-23 18:02:43 - [TEST_STEP][PASSED] - delay(2): Delayed 2 second(s)

2019-07-23 18:02:45 - [MESSAGE][PASSED] - Delayed 2 second(s)

2019-07-23 18:02:45 - [TEST_STEP][PASSED] - click(findTestObject("OCS-DESKTOP/Cart flyout/Checkout - Button")): Object: 'Object Repository/OCS-DESKTOP/Cart flyout/Checkout - Button' is clicked on

2019-07-23 18:02:47 - [MESSAGE][PASSED] - Object: 'Object Repository/OCS-DESKTOP/Cart flyout/Checkout - Button' is clicked on

2019-07-23 18:02:47 - [TEST_STEP][PASSED] - delay(2): Delayed 2 second(s)

2019-07-23 18:02:49 - [MESSAGE][PASSED] - Delayed 2 second(s)

2019-07-23 18:02:49 - [TEST_STEP][NOT_RUN] - scrollToElement(findTestObject("OCS-DESKTOP/Customer info page/Return to Cart - Link"), 1): NOT_RUN: scrollToElement(findTestObject("OCS-DESKTOP/Customer info page/Return to Cart - Link"), 1)

2019-07-23 18:02:49 - [MESSAGE][NOT_RUN] - NOT_RUN: scrollToElement(findTestObject("OCS-DESKTOP/Customer info page/Return to Cart - Link"), 1)

2019-07-23 18:02:49 - [TEST_STEP][PASSED] - delay(2): Delayed 2 second(s)

2019-07-23 18:02:51 - [MESSAGE][PASSED] - Delayed 2 second(s)

2019-07-23 18:02:51 - [TEST_STEP][PASSED] - click(findTestObject("OCS-DESKTOP/Customer info page/Cart - Breadcrumb link")): Object: 'Object Repository/OCS-DESKTOP/Customer info page/Cart - Breadcrumb link' is clicked on

2019-07-23 18:02:53 - [MESSAGE][PASSED] - Object: 'Object Repository/OCS-DESKTOP/Customer info page/Cart - Breadcrumb link' is clicked on

2019-07-23 18:02:53 - [TEST_STEP][PASSED] - delay(2): Delayed 2 second(s)

2019-07-23 18:02:55 - [MESSAGE][PASSED] - Delayed 2 second(s)

2019-07-23 18:02:55 - [TEST_STEP][PASSED] - a = getText(findTestObject("OCS-DESKTOP/Cart page/Unit price - 1st product")): Text of object 'Object Repository/OCS-DESKTOP/Cart page/Unit price - 1st product' is: '$35.00'

2019-07-23 18:02:55 - [MESSAGE][PASSED] - Text of object 'Object Repository/OCS-DESKTOP/Cart page/Unit price - 1st product' is: '$35.00'

2019-07-23 18:02:55 - [TEST_STEP][PASSED] - comment(a): $35.00

2019-07-23 18:02:55 - [MESSAGE][INFO] - $35.00

2019-07-23 18:02:55 - [TEST_STEP][PASSED] - a1 = a.substring(1): null

2019-07-23 18:02:55 - [TEST_STEP][PASSED] - comment("a1 = " + a1): a1 = 35.00

2019-07-23 18:02:55 - [MESSAGE][INFO] - a1 = 35.00

2019-07-23 18:02:55 - [TEST_STEP][PASSED] - delay(2): Delayed 2 second(s)

2019-07-23 18:02:57 - [MESSAGE][PASSED] - Delayed 2 second(s)

2019-07-23 18:02:57 - [TEST_STEP][PASSED] - b = getText(findTestObject("OCS-DESKTOP/Cart page/Unit price - 2nd product")): Text of object 'Object Repository/OCS-DESKTOP/Cart page/Unit price - 2nd product' is: '$10.50'

2019-07-23 18:02:57 - [MESSAGE][PASSED] - Text of object 'Object Repository/OCS-DESKTOP/Cart page/Unit price - 2nd product' is: '$10.50'

2019-07-23 18:02:57 - [TEST_STEP][PASSED] - comment(b): $10.50

2019-07-23 18:02:57 - [MESSAGE][INFO] - $10.50

2019-07-23 18:02:57 - [TEST_STEP][PASSED] - a2 = b.substring(1): null

2019-07-23 18:02:57 - [TEST_STEP][PASSED] - comment("a2 = " + a2): a2 = 10.50

2019-07-23 18:02:57 - [MESSAGE][INFO] - a2 = 10.50

2019-07-23 18:02:57 - [TEST_STEP][PASSED] - c = getText(findTestObject("OCS-DESKTOP/Cart page/Sub-total")): Text of object 'Object Repository/OCS-DESKTOP/Cart page/Sub-total' is: '$45.50'

2019-07-23 18:02:57 - [MESSAGE][PASSED] - Text of object 'Object Repository/OCS-DESKTOP/Cart page/Sub-total' is: '$45.50'

2019-07-23 18:02:57 - [TEST_STEP][PASSED] - comment(c): $45.50

2019-07-23 18:02:57 - [MESSAGE][INFO] - $45.50

2019-07-23 18:02:57 - [TEST_STEP][PASSED] - a3 = c.substring(1): null

2019-07-23 18:02:57 - [TEST_STEP][PASSED] - comment("a3 = " + a3): a3 = 45.50

2019-07-23 18:02:57 - [MESSAGE][INFO] - a3 = 45.50

2019-07-23 18:02:57 - [TEST_STEP][PASSED] - p2 = <not implemented yet for class: org.codehaus.groovy.ast.expr.EmptyExpression>: null

2019-07-23 18:02:57 - [TEST_STEP][PASSED] - p3 = <not implemented yet for class: org.codehaus.groovy.ast.expr.EmptyExpression>: null

2019-07-23 18:02:57 - [TEST_STEP][PASSED] - try: p2=35.0

2019-07-23 18:02:57 - [TEST_STEP][PASSED] - x1 = a1: null

2019-07-23 18:02:57 - [TEST_STEP][PASSED] - comment("x1=" + x1): x1=35.00

2019-07-23 18:02:57 - [MESSAGE][INFO] - x1=35.00

2019-07-23 18:02:57 - [TEST_STEP][PASSED] - p2 = Double.valueOf(x1): null

2019-07-23 18:02:57 - [TEST_STEP][PASSED] - comment("p2=" + p2): p2=35.0

2019-07-23 18:02:57 - [MESSAGE][INFO] - p2=35.0

2019-07-23 18:02:57 - [TEST_STEP][PASSED] - try: p3=10.5

2019-07-23 18:02:57 - [TEST_STEP][PASSED] - x2 = a2: null

2019-07-23 18:02:57 - [TEST_STEP][PASSED] - comment("x2=" + x2): x2=10.50

2019-07-23 18:02:57 - [MESSAGE][INFO] - x2=10.50

2019-07-23 18:02:57 - [TEST_STEP][PASSED] - p3 = Double.valueOf(x2): null

2019-07-23 18:02:57 - [TEST_STEP][PASSED] - comment("p3=" + p3): p3=10.5

2019-07-23 18:02:57 - [MESSAGE][INFO] - p3=10.5

2019-07-23 18:02:57 - [TEST_STEP][PASSED] - comment("p2=" + p2): p2=35.0

2019-07-23 18:02:57 - [MESSAGE][INFO] - p2=35.0

2019-07-23 18:02:57 - [TEST_STEP][PASSED] - comment("p3=" + p3): p3=10.5

2019-07-23 18:02:57 - [MESSAGE][INFO] - p3=10.5

2019-07-23 18:02:57 - [TEST_STEP][PASSED] - total = p2 + p3: null

2019-07-23 18:02:57 - [TEST_STEP][PASSED] - comment("total=" + total): total=45.5

2019-07-23 18:02:57 - [MESSAGE][INFO] - total=45.5

2019-07-23 18:02:57 - [TEST_STEP][PASSED] - verifyEqual(total, a3): Actual object '45.5' and expected object '45.50' are equal

2019-07-23 18:02:57 - [MESSAGE][PASSED] - Actual object '45.5' and expected object '45.50' are equal

2019-07-23 18:02:57 - [TEST_STEP][PASSED] - click(findTestObject("OCS-DESKTOP/Cart page/Remove icon - 1st Product")): Object: 'Object Repository/OCS-DESKTOP/Cart page/Remove icon - 1st Product' is clicked on

2019-07-23 18:02:59 - [MESSAGE][PASSED] - Object: 'Object Repository/OCS-DESKTOP/Cart page/Remove icon - 1st Product' is clicked on

2019-07-23 18:02:59 - [TEST_STEP][PASSED] - delay(2): Delayed 2 second(s)

2019-07-23 18:03:01 - [MESSAGE][PASSED] - Delayed 2 second(s)

2019-07-23 18:03:01 - [TEST_STEP][PASSED] - c23 = getText(findTestObject("OCS-DESKTOP/Cart page/Sub-total")): Text of object 'Object Repository/OCS-DESKTOP/Cart page/Sub-total' is: '$10.50'

2019-07-23 18:03:01 - [MESSAGE][PASSED] - Text of object 'Object Repository/OCS-DESKTOP/Cart page/Sub-total' is: '$10.50'

2019-07-23 18:03:01 - [TEST_STEP][PASSED] - comment(c23): $10.50

2019-07-23 18:03:01 - [MESSAGE][INFO] - $10.50

2019-07-23 18:03:01 - [TEST_STEP][PASSED] - a4 = c23.substring(1): null

2019-07-23 18:03:01 - [TEST_STEP][PASSED] - comment("a4= " + a4): a4= 10.50

2019-07-23 18:03:01 - [MESSAGE][INFO] - a4= 10.50

2019-07-23 18:03:01 - [TEST_STEP][PASSED] - b25 = getText(findTestObject("OCS-DESKTOP/Cart page/Unit price - 1st product")): Text of object 'Object Repository/OCS-DESKTOP/Cart page/Unit price - 1st product' is: '$10.50'

2019-07-23 18:03:01 - [MESSAGE][PASSED] - Text of object 'Object Repository/OCS-DESKTOP/Cart page/Unit price - 1st product' is: '$10.50'

2019-07-23 18:03:01 - [TEST_STEP][PASSED] - comment(b25): $10.50

2019-07-23 18:03:01 - [MESSAGE][INFO] - $10.50

2019-07-23 18:03:01 - [TEST_STEP][PASSED] - a25 = b25.substring(1): null

2019-07-23 18:03:01 - [TEST_STEP][PASSED] - comment("a25 = " + a25): a25 = 10.50

2019-07-23 18:03:01 - [MESSAGE][INFO] - a25 = 10.50

2019-07-23 18:03:01 - [TEST_STEP][PASSED] - verifyEqual(a4, a25): Actual object '10.50' and expected object '10.50' are equal

2019-07-23 18:03:01 - [MESSAGE][PASSED] - Actual object '10.50' and expected object '10.50' are equal]]></system-out>
         <system-err><![CDATA[]]></system-err>
      </testcase>
      <testcase name="Test Cases/OCS - DESKTOP/OCS- CRITICAL PATH/cart flyout- accessories" classname="Test Cases/OCS - DESKTOP/OCS- CRITICAL PATH/cart flyout- accessories" status="FAILED">
         <failure type="FAILED" message="Test Cases/OCS - DESKTOP/OCS- CRITICAL PATH/cart flyout- accessories FAILED.
Reason:
com.kms.katalon.core.exception.StepFailedException: Unable to click on object 'Object Repository/OCS-DESKTOP/Cart flyout/Up Chevron - Accessories you might need' (Root cause: com.kms.katalon.core.webui.exception.WebElementNotFoundException: Web element with id: 'Object Repository/OCS-DESKTOP/Cart flyout/Up Chevron - Accessories you might need' located by 'By.xpath: //i[@class='icon icon--chevron-right icon--desktop']' not found)
	at com.kms.katalon.core.keyword.internal.KeywordMain.stepFailed(KeywordMain.groovy:36)
	at com.kms.katalon.core.webui.keyword.internal.WebUIKeywordMain.stepFailed(WebUIKeywordMain.groovy:65)
	at com.kms.katalon.core.webui.keyword.internal.WebUIKeywordMain.runKeyword(WebUIKeywordMain.groovy:27)
	at com.kms.katalon.core.webui.keyword.builtin.ClickKeyword.click(ClickKeyword.groovy:86)
	at com.kms.katalon.core.webui.keyword.builtin.ClickKeyword.execute(ClickKeyword.groovy:67)
	at com.kms.katalon.core.keyword.internal.KeywordExecutor.executeKeywordForPlatform(KeywordExecutor.groovy:53)
	at com.kms.katalon.core.webui.keyword.WebUiBuiltInKeywords.click(WebUiBuiltInKeywords.groovy:616)
	at com.kms.katalon.core.webui.keyword.WebUiBuiltInKeywords$click$4.call(Unknown Source)
	at cart flyout- accessories.run(cart flyout- accessories:40)
	at com.kms.katalon.core.main.ScriptEngine.run(ScriptEngine.java:194)
	at com.kms.katalon.core.main.ScriptEngine.runScriptAsRawText(ScriptEngine.java:119)
	at com.kms.katalon.core.main.TestCaseExecutor.runScript(TestCaseExecutor.java:328)
	at com.kms.katalon.core.main.TestCaseExecutor.doExecute(TestCaseExecutor.java:319)
	at com.kms.katalon.core.main.TestCaseExecutor.processExecutionPhase(TestCaseExecutor.java:298)
	at com.kms.katalon.core.main.TestCaseExecutor.accessMainPhase(TestCaseExecutor.java:290)
	at com.kms.katalon.core.main.TestCaseExecutor.execute(TestCaseExecutor.java:224)
	at com.kms.katalon.core.main.TestSuiteExecutor.accessTestCaseMainPhase(TestSuiteExecutor.java:129)
	at com.kms.katalon.core.main.TestSuiteExecutor.accessTestSuiteMainPhase(TestSuiteExecutor.java:112)
	at com.kms.katalon.core.main.TestSuiteExecutor.execute(TestSuiteExecutor.java:81)
	at com.kms.katalon.core.main.TestCaseMain.startTestSuite(TestCaseMain.java:149)
	at com.kms.katalon.core.main.TestCaseMain$startTestSuite$0.call(Unknown Source)
	at TempTestSuite1563918963353.run(TempTestSuite1563918963353.groovy:36)
"/>
         <system-out><![CDATA[2019-07-23 18:03:01 - [TEST_CASE][FAILED] - Test Cases/OCS - DESKTOP/OCS- CRITICAL PATH/cart flyout- accessories: Test Cases/OCS - DESKTOP/OCS- CRITICAL PATH/cart flyout- accessories FAILED.
Reason:
com.kms.katalon.core.exception.StepFailedException: Unable to click on object 'Object Repository/OCS-DESKTOP/Cart flyout/Up Chevron - Accessories you might need' (Root cause: com.kms.katalon.core.webui.exception.WebElementNotFoundException: Web element with id: 'Object Repository/OCS-DESKTOP/Cart flyout/Up Chevron - Accessories you might need' located by 'By.xpath: //i[@class='icon icon--chevron-right icon--desktop']' not found)
	at com.kms.katalon.core.keyword.internal.KeywordMain.stepFailed(KeywordMain.groovy:36)
	at com.kms.katalon.core.webui.keyword.internal.WebUIKeywordMain.stepFailed(WebUIKeywordMain.groovy:65)
	at com.kms.katalon.core.webui.keyword.internal.WebUIKeywordMain.runKeyword(WebUIKeywordMain.groovy:27)
	at com.kms.katalon.core.webui.keyword.builtin.ClickKeyword.click(ClickKeyword.groovy:86)
	at com.kms.katalon.core.webui.keyword.builtin.ClickKeyword.execute(ClickKeyword.groovy:67)
	at com.kms.katalon.core.keyword.internal.KeywordExecutor.executeKeywordForPlatform(KeywordExecutor.groovy:53)
	at com.kms.katalon.core.webui.keyword.WebUiBuiltInKeywords.click(WebUiBuiltInKeywords.groovy:616)
	at com.kms.katalon.core.webui.keyword.WebUiBuiltInKeywords$click$4.call(Unknown Source)
	at cart flyout- accessories.run(cart flyout- accessories:40)
	at com.kms.katalon.core.main.ScriptEngine.run(ScriptEngine.java:194)
	at com.kms.katalon.core.main.ScriptEngine.runScriptAsRawText(ScriptEngine.java:119)
	at com.kms.katalon.core.main.TestCaseExecutor.runScript(TestCaseExecutor.java:328)
	at com.kms.katalon.core.main.TestCaseExecutor.doExecute(TestCaseExecutor.java:319)
	at com.kms.katalon.core.main.TestCaseExecutor.processExecutionPhase(TestCaseExecutor.java:298)
	at com.kms.katalon.core.main.TestCaseExecutor.accessMainPhase(TestCaseExecutor.java:290)
	at com.kms.katalon.core.main.TestCaseExecutor.execute(TestCaseExecutor.java:224)
	at com.kms.katalon.core.main.TestSuiteExecutor.accessTestCaseMainPhase(TestSuiteExecutor.java:129)
	at com.kms.katalon.core.main.TestSuiteExecutor.accessTestSuiteMainPhase(TestSuiteExecutor.java:112)
	at com.kms.katalon.core.main.TestSuiteExecutor.execute(TestSuiteExecutor.java:81)
	at com.kms.katalon.core.main.TestCaseMain.startTestSuite(TestCaseMain.java:149)
	at com.kms.katalon.core.main.TestCaseMain$startTestSuite$0.call(Unknown Source)
	at TempTestSuite1563918963353.run(TempTestSuite1563918963353.groovy:36)


2019-07-23 18:03:01 - [TEST_STEP][PASSED] - callTestCase(findTestCase("OCS - DESKTOP/CALL - PDP"), [:], STOP_ON_FAILURE): Call Test Case 'Test Cases/OCS - DESKTOP/CALL - PDP' successfully

2019-07-23 18:03:01 - [TEST_CASE][PASSED] - Test Cases/OCS - DESKTOP/CALL - PDP: Test Cases/OCS - DESKTOP/CALL - PDP

2019-07-23 18:03:01 - [TEST_STEP][PASSED] - openBrowser(""): Browser is opened with url: ''

2019-07-23 18:03:01 - [MESSAGE][WARNING] - A browser is already opened. Closing browser and opening a new one

2019-07-23 18:03:01 - [MESSAGE][INFO] - Starting 'Chrome' driver

2019-07-23 18:03:03 - [MESSAGE][PASSED] - Browser is opened with url: ''

2019-07-23 18:03:03 - [TEST_STEP][PASSED] - navigateToUrl("https://ocs.ca/?fts=0&preview_theme_id=74209363788"): Navigate to 'https://ocs.ca/?fts=0&preview_theme_id=74209363788' successfully

2019-07-23 18:03:07 - [MESSAGE][PASSED] - Navigate to 'https://ocs.ca/?fts=0&preview_theme_id=74209363788' successfully

2019-07-23 18:03:07 - [TEST_STEP][PASSED] - maximizeWindow(): Current window maximized

2019-07-23 18:03:08 - [MESSAGE][PASSED] - Current window maximized

2019-07-23 18:03:08 - [TEST_STEP][PASSED] - executeJavaScript("var previewBar = document.getElementById("preview-bar-iframe"); previewBar.style.display = "none";", []): Execute JavaScript 'var previewBar = document.getElementById("preview-bar-iframe"); previewBar.style.display = "none";' successfully

2019-07-23 18:03:08 - [MESSAGE][PASSED] - Execute JavaScript 'var previewBar = document.getElementById("preview-bar-iframe"); previewBar.style.display = "none";' successfully

2019-07-23 18:03:08 - [TEST_STEP][PASSED] - delay(4): Delayed 4 second(s)

2019-07-23 18:03:12 - [MESSAGE][PASSED] - Delayed 4 second(s)

2019-07-23 18:03:12 - [TEST_STEP][PASSED] - selectOptionByValue(findTestObject("OCS-DESKTOP/Age gate and Mega menu/Date"), "12", true): All options with value '12' are selected in object 'Object Repository/OCS-DESKTOP/Age gate and Mega menu/Date'  using regular expression

2019-07-23 18:03:12 - [MESSAGE][PASSED] - All options with value '12' are selected in object 'Object Repository/OCS-DESKTOP/Age gate and Mega menu/Date'  using regular expression

2019-07-23 18:03:12 - [TEST_STEP][PASSED] - selectOptionByValue(findTestObject("OCS-DESKTOP/Age gate and Mega menu/month"), "6", true): All options with value '6' are selected in object 'Object Repository/OCS-DESKTOP/Age gate and Mega menu/month'  using regular expression

2019-07-23 18:03:12 - [MESSAGE][PASSED] - All options with value '6' are selected in object 'Object Repository/OCS-DESKTOP/Age gate and Mega menu/month'  using regular expression

2019-07-23 18:03:12 - [TEST_STEP][PASSED] - delay(2): Delayed 2 second(s)

2019-07-23 18:03:14 - [MESSAGE][PASSED] - Delayed 2 second(s)

2019-07-23 18:03:14 - [TEST_STEP][PASSED] - selectOptionByValue(findTestObject("OCS-DESKTOP/Age gate and Mega menu/Year Dropdown"), "1990", true): All options with value '1990' are selected in object 'Object Repository/OCS-DESKTOP/Age gate and Mega menu/Year Dropdown'  using regular expression

2019-07-23 18:03:16 - [MESSAGE][PASSED] - All options with value '1990' are selected in object 'Object Repository/OCS-DESKTOP/Age gate and Mega menu/Year Dropdown'  using regular expression

2019-07-23 18:03:16 - [TEST_STEP][PASSED] - click(findTestObject("OCS-DESKTOP/Age gate and Mega menu/button_Verify")): Object: 'Object Repository/OCS-DESKTOP/Age gate and Mega menu/button_Verify' is clicked on

2019-07-23 18:03:16 - [MESSAGE][PASSED] - Object: 'Object Repository/OCS-DESKTOP/Age gate and Mega menu/button_Verify' is clicked on

2019-07-23 18:03:16 - [TEST_STEP][PASSED] - click(findTestObject("OCS-DESKTOP/Age gate and Mega menu/Checkbox_CONFIRM AND ACKNOWLEDGE")): Object: 'Object Repository/OCS-DESKTOP/Age gate and Mega menu/Checkbox_CONFIRM AND ACKNOWLEDGE' is clicked on

2019-07-23 18:03:16 - [MESSAGE][PASSED] - Object: 'Object Repository/OCS-DESKTOP/Age gate and Mega menu/Checkbox_CONFIRM AND ACKNOWLEDGE' is clicked on

2019-07-23 18:03:16 - [TEST_STEP][PASSED] - click(findTestObject("OCS-DESKTOP/Age gate and Mega menu/button_CONFIRM")): Object: 'Object Repository/OCS-DESKTOP/Age gate and Mega menu/button_CONFIRM' is clicked on

2019-07-23 18:03:16 - [MESSAGE][PASSED] - Object: 'Object Repository/OCS-DESKTOP/Age gate and Mega menu/button_CONFIRM' is clicked on

2019-07-23 18:03:16 - [TEST_STEP][PASSED] - click(findTestObject("OCS-DESKTOP/Age gate and Mega menu/button_Start Browsing")): Object: 'Object Repository/OCS-DESKTOP/Age gate and Mega menu/button_Start Browsing' is clicked on

2019-07-23 18:03:16 - [MESSAGE][PASSED] - Object: 'Object Repository/OCS-DESKTOP/Age gate and Mega menu/button_Start Browsing' is clicked on

2019-07-23 18:03:16 - [TEST_STEP][PASSED] - refresh(): Refresh successfully

2019-07-23 18:03:16 - [MESSAGE][PASSED] - Refresh successfully

2019-07-23 18:03:16 - [TEST_STEP][PASSED] - delay(2): Delayed 2 second(s)

2019-07-23 18:03:18 - [MESSAGE][PASSED] - Delayed 2 second(s)

2019-07-23 18:03:18 - [TEST_STEP][PASSED] - click(findTestObject("OCS-DESKTOP/Age gate and Mega menu/Header/CANNABIS menu - English")): Object: 'Object Repository/OCS-DESKTOP/Age gate and Mega menu/Header/CANNABIS menu - English' is clicked on

2019-07-23 18:03:20 - [MESSAGE][PASSED] - Object: 'Object Repository/OCS-DESKTOP/Age gate and Mega menu/Header/CANNABIS menu - English' is clicked on

2019-07-23 18:03:20 - [TEST_STEP][PASSED] - delay(2): Delayed 2 second(s)

2019-07-23 18:03:22 - [MESSAGE][PASSED] - Delayed 2 second(s)

2019-07-23 18:03:22 - [TEST_STEP][PASSED] - click(findTestObject("OCS-DESKTOP/Age gate and Mega menu/Indica Dominant_Menu item")): Object: 'Object Repository/OCS-DESKTOP/Age gate and Mega menu/Indica Dominant_Menu item' is clicked on

2019-07-23 18:03:24 - [MESSAGE][PASSED] - Object: 'Object Repository/OCS-DESKTOP/Age gate and Mega menu/Indica Dominant_Menu item' is clicked on

2019-07-23 18:03:24 - [TEST_STEP][PASSED] - delay(2): Delayed 2 second(s)

2019-07-23 18:03:26 - [MESSAGE][PASSED] - Delayed 2 second(s)

2019-07-23 18:03:26 - [TEST_STEP][PASSED] - scrollToElement(findTestObject("OCS-DESKTOP/Collection page/Product image - 1st one"), 0): Scroll to object 'Object Repository/OCS-DESKTOP/Collection page/Product image - 1st one' successfully

2019-07-23 18:03:26 - [MESSAGE][WARNING] - Timeout '0' is invalid. Using default page load timeout: '30'

2019-07-23 18:03:26 - [MESSAGE][PASSED] - Scroll to object 'Object Repository/OCS-DESKTOP/Collection page/Product image - 1st one' successfully

2019-07-23 18:03:26 - [TEST_STEP][PASSED] - delay(2): Delayed 2 second(s)

2019-07-23 18:03:28 - [MESSAGE][PASSED] - Delayed 2 second(s)

2019-07-23 18:03:28 - [TEST_STEP][PASSED] - click(findTestObject("OCS-DESKTOP/Collection page/Product image - 1st one")): Object: 'Object Repository/OCS-DESKTOP/Collection page/Product image - 1st one' is clicked on

2019-07-23 18:03:32 - [MESSAGE][PASSED] - Object: 'Object Repository/OCS-DESKTOP/Collection page/Product image - 1st one' is clicked on

2019-07-23 18:03:32 - [TEST_STEP][PASSED] - executeJavaScript("var previewBar = document.getElementById("preview-bar-iframe"); previewBar.style.display = "none";", []): Execute JavaScript 'var previewBar = document.getElementById("preview-bar-iframe"); previewBar.style.display = "none";' successfully

2019-07-23 18:03:32 - [MESSAGE][PASSED] - Execute JavaScript 'var previewBar = document.getElementById("preview-bar-iframe"); previewBar.style.display = "none";' successfully

2019-07-23 18:03:32 - [TEST_STEP][PASSED] - delay(2): Delayed 2 second(s)

2019-07-23 18:03:34 - [MESSAGE][PASSED] - Delayed 2 second(s)

2019-07-23 18:03:34 - [MESSAGE][PASSED] - Call Test Case 'Test Cases/OCS - DESKTOP/CALL - PDP' successfully

2019-07-23 18:03:34 - [TEST_STEP][NOT_RUN] - scrollToElement(findTestObject("OCS-DESKTOP/Product page/Product image"), 1): NOT_RUN: scrollToElement(findTestObject("OCS-DESKTOP/Product page/Product image"), 1)

2019-07-23 18:03:34 - [MESSAGE][NOT_RUN] - NOT_RUN: scrollToElement(findTestObject("OCS-DESKTOP/Product page/Product image"), 1)

2019-07-23 18:03:34 - [TEST_STEP][PASSED] - delay(2): Delayed 2 second(s)

2019-07-23 18:03:36 - [MESSAGE][PASSED] - Delayed 2 second(s)

2019-07-23 18:03:36 - [TEST_STEP][PASSED] - click(findTestObject("OCS-DESKTOP/Product page/Swatch_1g")): Object: 'Object Repository/OCS-DESKTOP/Product page/Swatch_1g' is clicked on

2019-07-23 18:03:36 - [MESSAGE][PASSED] - Object: 'Object Repository/OCS-DESKTOP/Product page/Swatch_1g' is clicked on

2019-07-23 18:03:36 - [TEST_STEP][PASSED] - scrollToElement(findTestObject("OCS-DESKTOP/Product page/Swatch_3.5g"), 1): Scroll to object 'Object Repository/OCS-DESKTOP/Product page/Swatch_3.5g' successfully

2019-07-23 18:03:36 - [MESSAGE][PASSED] - Scroll to object 'Object Repository/OCS-DESKTOP/Product page/Swatch_3.5g' successfully

2019-07-23 18:03:36 - [TEST_STEP][PASSED] - delay(2): Delayed 2 second(s)

2019-07-23 18:03:38 - [MESSAGE][PASSED] - Delayed 2 second(s)

2019-07-23 18:03:38 - [TEST_STEP][PASSED] - click(findTestObject("OCS-DESKTOP/Product page/Add to Bag-button")): Object: 'Object Repository/OCS-DESKTOP/Product page/Add to Bag-button' is clicked on

2019-07-23 18:03:38 - [MESSAGE][PASSED] - Object: 'Object Repository/OCS-DESKTOP/Product page/Add to Bag-button' is clicked on

2019-07-23 18:03:38 - [TEST_STEP][PASSED] - delay(1): Delayed 1 second(s)

2019-07-23 18:03:39 - [MESSAGE][PASSED] - Delayed 1 second(s)

2019-07-23 18:03:39 - [TEST_STEP][PASSED] - click(findTestObject("OCS-DESKTOP/Home - page/view my bag - cart dropdown"), OPTIONAL): Object: 'Object Repository/OCS-DESKTOP/Home - page/view my bag - cart dropdown' is clicked on

2019-07-23 18:03:39 - [MESSAGE][PASSED] - Object: 'Object Repository/OCS-DESKTOP/Home - page/view my bag - cart dropdown' is clicked on

2019-07-23 18:03:39 - [TEST_STEP][PASSED] - delay(2): Delayed 2 second(s)

2019-07-23 18:03:41 - [MESSAGE][PASSED] - Delayed 2 second(s)

2019-07-23 18:03:41 - [TEST_STEP][NOT_RUN] - click(findTestObject("OCS-DESKTOP/Theme preview - Hide bar")): NOT_RUN: click(findTestObject("OCS-DESKTOP/Theme preview - Hide bar"))

2019-07-23 18:03:41 - [MESSAGE][NOT_RUN] - NOT_RUN: click(findTestObject("OCS-DESKTOP/Theme preview - Hide bar"))

2019-07-23 18:03:41 - [TEST_STEP][NOT_RUN] - delay(2): NOT_RUN: delay(2)

2019-07-23 18:03:41 - [MESSAGE][NOT_RUN] - NOT_RUN: delay(2)

2019-07-23 18:03:41 - [TEST_STEP][FAILED] - click(findTestObject("OCS-DESKTOP/Cart flyout/Up Chevron - Accessories you might need")): click(findTestObject("OCS-DESKTOP/Cart flyout/Up Chevron - Accessories you might need")) FAILED.
Reason:
com.kms.katalon.core.exception.StepFailedException: Unable to click on object 'Object Repository/OCS-DESKTOP/Cart flyout/Up Chevron - Accessories you might need' (Root cause: com.kms.katalon.core.webui.exception.WebElementNotFoundException: Web element with id: 'Object Repository/OCS-DESKTOP/Cart flyout/Up Chevron - Accessories you might need' located by 'By.xpath: //i[@class='icon icon--chevron-right icon--desktop']' not found)
	at com.kms.katalon.core.keyword.internal.KeywordMain.stepFailed(KeywordMain.groovy:36)
	at com.kms.katalon.core.webui.keyword.internal.WebUIKeywordMain.stepFailed(WebUIKeywordMain.groovy:65)
	at com.kms.katalon.core.webui.keyword.internal.WebUIKeywordMain.runKeyword(WebUIKeywordMain.groovy:27)
	at com.kms.katalon.core.webui.keyword.builtin.ClickKeyword.click(ClickKeyword.groovy:86)
	at com.kms.katalon.core.webui.keyword.builtin.ClickKeyword.execute(ClickKeyword.groovy:67)
	at com.kms.katalon.core.keyword.internal.KeywordExecutor.executeKeywordForPlatform(KeywordExecutor.groovy:53)
	at com.kms.katalon.core.webui.keyword.WebUiBuiltInKeywords.click(WebUiBuiltInKeywords.groovy:616)
	at com.kms.katalon.core.webui.keyword.WebUiBuiltInKeywords$click$4.call(Unknown Source)
	at cart flyout- accessories.run(cart flyout- accessories:40)
	at com.kms.katalon.core.main.ScriptEngine.run(ScriptEngine.java:194)
	at com.kms.katalon.core.main.ScriptEngine.runScriptAsRawText(ScriptEngine.java:119)
	at com.kms.katalon.core.main.TestCaseExecutor.runScript(TestCaseExecutor.java:328)
	at com.kms.katalon.core.main.TestCaseExecutor.doExecute(TestCaseExecutor.java:319)
	at com.kms.katalon.core.main.TestCaseExecutor.processExecutionPhase(TestCaseExecutor.java:298)
	at com.kms.katalon.core.main.TestCaseExecutor.accessMainPhase(TestCaseExecutor.java:290)
	at com.kms.katalon.core.main.TestCaseExecutor.execute(TestCaseExecutor.java:224)
	at com.kms.katalon.core.main.TestSuiteExecutor.accessTestCaseMainPhase(TestSuiteExecutor.java:129)
	at com.kms.katalon.core.main.TestSuiteExecutor.accessTestSuiteMainPhase(TestSuiteExecutor.java:112)
	at com.kms.katalon.core.main.TestSuiteExecutor.execute(TestSuiteExecutor.java:81)
	at com.kms.katalon.core.main.TestCaseMain.startTestSuite(TestCaseMain.java:149)
	at com.kms.katalon.core.main.TestCaseMain$startTestSuite$0.call(Unknown Source)
	at TempTestSuite1563918963353.run(TempTestSuite1563918963353.groovy:36)


2019-07-23 18:04:12 - [MESSAGE][INFO] - Unable to find the element located by 'By.xpath: //i[@class='icon icon--chevron-right icon--desktop']'. Please recheck the objects properties to make sure the desired element is located. 

2019-07-23 18:04:13 - [MESSAGE][FAILED] - Unable to click on object 'Object Repository/OCS-DESKTOP/Cart flyout/Up Chevron - Accessories you might need' (Root cause: com.kms.katalon.core.webui.exception.WebElementNotFoundException: Web element with id: 'Object Repository/OCS-DESKTOP/Cart flyout/Up Chevron - Accessories you might need' located by 'By.xpath: //i[@class='icon icon--chevron-right icon--desktop']' not found)
[[ATTACHMENT|/Users/sumankompelly/git/OCS--Relative-xpath-Desktop/Reports/Suite - Chrome/20190723_175603/1563919452729.png]]

2019-07-23 18:04:13 - [MESSAGE][FAILED] - click(findTestObject("OCS-DESKTOP/Cart flyout/Up Chevron - Accessories you might need")) FAILED.
Reason:
com.kms.katalon.core.exception.StepFailedException: Unable to click on object 'Object Repository/OCS-DESKTOP/Cart flyout/Up Chevron - Accessories you might need' (Root cause: com.kms.katalon.core.webui.exception.WebElementNotFoundException: Web element with id: 'Object Repository/OCS-DESKTOP/Cart flyout/Up Chevron - Accessories you might need' located by 'By.xpath: //i[@class='icon icon--chevron-right icon--desktop']' not found)
	at com.kms.katalon.core.keyword.internal.KeywordMain.stepFailed(KeywordMain.groovy:36)
	at com.kms.katalon.core.webui.keyword.internal.WebUIKeywordMain.stepFailed(WebUIKeywordMain.groovy:65)
	at com.kms.katalon.core.webui.keyword.internal.WebUIKeywordMain.runKeyword(WebUIKeywordMain.groovy:27)
	at com.kms.katalon.core.webui.keyword.builtin.ClickKeyword.click(ClickKeyword.groovy:86)
	at com.kms.katalon.core.webui.keyword.builtin.ClickKeyword.execute(ClickKeyword.groovy:67)
	at com.kms.katalon.core.keyword.internal.KeywordExecutor.executeKeywordForPlatform(KeywordExecutor.groovy:53)
	at com.kms.katalon.core.webui.keyword.WebUiBuiltInKeywords.click(WebUiBuiltInKeywords.groovy:616)
	at com.kms.katalon.core.webui.keyword.WebUiBuiltInKeywords$click$4.call(Unknown Source)
	at cart flyout- accessories.run(cart flyout- accessories:40)
	at com.kms.katalon.core.main.ScriptEngine.run(ScriptEngine.java:194)
	at com.kms.katalon.core.main.ScriptEngine.runScriptAsRawText(ScriptEngine.java:119)
	at com.kms.katalon.core.main.TestCaseExecutor.runScript(TestCaseExecutor.java:328)
	at com.kms.katalon.core.main.TestCaseExecutor.doExecute(TestCaseExecutor.java:319)
	at com.kms.katalon.core.main.TestCaseExecutor.processExecutionPhase(TestCaseExecutor.java:298)
	at com.kms.katalon.core.main.TestCaseExecutor.accessMainPhase(TestCaseExecutor.java:290)
	at com.kms.katalon.core.main.TestCaseExecutor.execute(TestCaseExecutor.java:224)
	at com.kms.katalon.core.main.TestSuiteExecutor.accessTestCaseMainPhase(TestSuiteExecutor.java:129)
	at com.kms.katalon.core.main.TestSuiteExecutor.accessTestSuiteMainPhase(TestSuiteExecutor.java:112)
	at com.kms.katalon.core.main.TestSuiteExecutor.execute(TestSuiteExecutor.java:81)
	at com.kms.katalon.core.main.TestCaseMain.startTestSuite(TestCaseMain.java:149)
	at com.kms.katalon.core.main.TestCaseMain$startTestSuite$0.call(Unknown Source)
	at TempTestSuite1563918963353.run(TempTestSuite1563918963353.groovy:36)]]></system-out>
         <system-err><![CDATA[2019-07-23 18:03:01 - [TEST_CASE][FAILED] - Test Cases/OCS - DESKTOP/OCS- CRITICAL PATH/cart flyout- accessories: Test Cases/OCS - DESKTOP/OCS- CRITICAL PATH/cart flyout- accessories FAILED.
Reason:
com.kms.katalon.core.exception.StepFailedException: Unable to click on object 'Object Repository/OCS-DESKTOP/Cart flyout/Up Chevron - Accessories you might need' (Root cause: com.kms.katalon.core.webui.exception.WebElementNotFoundException: Web element with id: 'Object Repository/OCS-DESKTOP/Cart flyout/Up Chevron - Accessories you might need' located by 'By.xpath: //i[@class='icon icon--chevron-right icon--desktop']' not found)
	at com.kms.katalon.core.keyword.internal.KeywordMain.stepFailed(KeywordMain.groovy:36)
	at com.kms.katalon.core.webui.keyword.internal.WebUIKeywordMain.stepFailed(WebUIKeywordMain.groovy:65)
	at com.kms.katalon.core.webui.keyword.internal.WebUIKeywordMain.runKeyword(WebUIKeywordMain.groovy:27)
	at com.kms.katalon.core.webui.keyword.builtin.ClickKeyword.click(ClickKeyword.groovy:86)
	at com.kms.katalon.core.webui.keyword.builtin.ClickKeyword.execute(ClickKeyword.groovy:67)
	at com.kms.katalon.core.keyword.internal.KeywordExecutor.executeKeywordForPlatform(KeywordExecutor.groovy:53)
	at com.kms.katalon.core.webui.keyword.WebUiBuiltInKeywords.click(WebUiBuiltInKeywords.groovy:616)
	at com.kms.katalon.core.webui.keyword.WebUiBuiltInKeywords$click$4.call(Unknown Source)
	at cart flyout- accessories.run(cart flyout- accessories:40)
	at com.kms.katalon.core.main.ScriptEngine.run(ScriptEngine.java:194)
	at com.kms.katalon.core.main.ScriptEngine.runScriptAsRawText(ScriptEngine.java:119)
	at com.kms.katalon.core.main.TestCaseExecutor.runScript(TestCaseExecutor.java:328)
	at com.kms.katalon.core.main.TestCaseExecutor.doExecute(TestCaseExecutor.java:319)
	at com.kms.katalon.core.main.TestCaseExecutor.processExecutionPhase(TestCaseExecutor.java:298)
	at com.kms.katalon.core.main.TestCaseExecutor.accessMainPhase(TestCaseExecutor.java:290)
	at com.kms.katalon.core.main.TestCaseExecutor.execute(TestCaseExecutor.java:224)
	at com.kms.katalon.core.main.TestSuiteExecutor.accessTestCaseMainPhase(TestSuiteExecutor.java:129)
	at com.kms.katalon.core.main.TestSuiteExecutor.accessTestSuiteMainPhase(TestSuiteExecutor.java:112)
	at com.kms.katalon.core.main.TestSuiteExecutor.execute(TestSuiteExecutor.java:81)
	at com.kms.katalon.core.main.TestCaseMain.startTestSuite(TestCaseMain.java:149)
	at com.kms.katalon.core.main.TestCaseMain$startTestSuite$0.call(Unknown Source)
	at TempTestSuite1563918963353.run(TempTestSuite1563918963353.groovy:36)]]></system-err>
      </testcase>
      <testcase name="Test Cases/OCS - DESKTOP/OCS- CRITICAL PATH/Cart flyout-price comparison" classname="Test Cases/OCS - DESKTOP/OCS- CRITICAL PATH/Cart flyout-price comparison" status="FAILED">
         <failure type="FAILED" message="Test Cases/OCS - DESKTOP/OCS- CRITICAL PATH/Cart flyout-price comparison FAILED.
Reason:
com.kms.katalon.core.exception.StepFailedException: Unable to click on object 'Object Repository/OCS-DESKTOP/Age gate and Mega menu/Checkbox_CONFIRM AND ACKNOWLEDGE' (Root cause: org.openqa.selenium.WebDriverException: unknown error: Element &lt;label for=&quot;dob__confirm__checkbox&quot;>...&lt;/label> is not clickable at point (881, 458). Other element would receive the click: &lt;iframe title=&quot;popup displayed HAP Survey&quot; id=&quot;IPerceptionsEmbed&quot; src=&quot;about:blank&quot;>&lt;/iframe>
  (Session info: chrome=75.0.3770.142)
  (Driver info: chromedriver=2.43.600229 (3fae4d0cda5334b4f533bede5a4787f7b832d052),platform=Mac OS X 10.13.6 x86_64) (WARNING: The server did not provide any stacktrace information)
Command duration or timeout: 0 milliseconds
Build info: version: '3.7.1', revision: '8a0099a', time: '2017-11-06T21:07:36.161Z'
System info: host: 'sumans-MacBook-Pro.local', ip: 'fe80:0:0:0:1c1a:e441:9b49:e629%en0', os.name: 'Mac OS X', os.arch: 'x86_64', os.version: '10.13.6', java.version: '1.8.0_181'
Driver info: com.kms.katalon.selenium.driver.CChromeDriver
Capabilities {acceptInsecureCerts: false, acceptSslCerts: false, applicationCacheEnabled: false, browserConnectionEnabled: false, browserName: chrome, chrome: {chromedriverVersion: 2.43.600229 (3fae4d0cda5334..., userDataDir: /var/folders/1t/c55l8xzs6gq...}, cssSelectorsEnabled: true, databaseEnabled: false, goog:chromeOptions: {debuggerAddress: localhost:59051}, handlesAlerts: true, hasTouchScreen: false, javascriptEnabled: true, locationContextEnabled: true, mobileEmulationEnabled: false, nativeEvents: true, networkConnectionEnabled: false, pageLoadStrategy: normal, platform: MAC, platformName: MAC, rotatable: false, setWindowRect: true, takesHeapSnapshot: true, takesScreenshot: true, unexpectedAlertBehaviour: , unhandledPromptBehavior: , version: 75.0.3770.142, webStorageEnabled: true}
Session ID: 5a2616a2af48343cb872eac01512db6b)
	at com.kms.katalon.core.keyword.internal.KeywordMain.stepFailed(KeywordMain.groovy:36)
	at com.kms.katalon.core.webui.keyword.internal.WebUIKeywordMain.stepFailed(WebUIKeywordMain.groovy:65)
	at com.kms.katalon.core.webui.keyword.internal.WebUIKeywordMain.runKeyword(WebUIKeywordMain.groovy:27)
	at com.kms.katalon.core.webui.keyword.builtin.ClickKeyword.click(ClickKeyword.groovy:86)
	at com.kms.katalon.core.webui.keyword.builtin.ClickKeyword.execute(ClickKeyword.groovy:67)
	at com.kms.katalon.core.keyword.internal.KeywordExecutor.executeKeywordForPlatform(KeywordExecutor.groovy:53)
	at com.kms.katalon.core.webui.keyword.WebUiBuiltInKeywords.click(WebUiBuiltInKeywords.groovy:616)
	at com.kms.katalon.core.webui.keyword.WebUiBuiltInKeywords$click$4.call(Unknown Source)
	at CALL - Navigate to PDP.run(CALL - Navigate to PDP:37)
	at com.kms.katalon.core.main.ScriptEngine.run(ScriptEngine.java:194)
	at com.kms.katalon.core.main.ScriptEngine.runScriptAsRawText(ScriptEngine.java:119)
	at com.kms.katalon.core.main.TestCaseExecutor.runScript(TestCaseExecutor.java:328)
	at com.kms.katalon.core.main.TestCaseExecutor.doExecute(TestCaseExecutor.java:319)
	at com.kms.katalon.core.main.TestCaseExecutor.processExecutionPhase(TestCaseExecutor.java:298)
	at com.kms.katalon.core.main.TestCaseExecutor.accessMainPhase(TestCaseExecutor.java:290)
	at com.kms.katalon.core.main.TestCaseExecutor.execute(TestCaseExecutor.java:224)
	at com.kms.katalon.core.main.TestCaseMain.runTestCase(TestCaseMain.java:106)
	at com.kms.katalon.core.keyword.builtin.CallTestCaseKeyword$_callTestCase_closure1.doCall(CallTestCaseKeyword.groovy:59)
	at com.kms.katalon.core.keyword.builtin.CallTestCaseKeyword$_callTestCase_closure1.call(CallTestCaseKeyword.groovy)
	at com.kms.katalon.core.keyword.internal.KeywordMain.runKeyword(KeywordMain.groovy:54)
	at com.kms.katalon.core.keyword.builtin.CallTestCaseKeyword.callTestCase(CallTestCaseKeyword.groovy:80)
	at com.kms.katalon.core.keyword.builtin.CallTestCaseKeyword.execute(CallTestCaseKeyword.groovy:44)
	at com.kms.katalon.core.keyword.internal.KeywordExecutor.executeKeywordForPlatform(KeywordExecutor.groovy:53)
	at com.kms.katalon.core.keyword.BuiltinKeywords.callTestCase(BuiltinKeywords.groovy:334)
	at Cart flyout-price comparison.run(Cart flyout-price comparison:16)
	at com.kms.katalon.core.main.ScriptEngine.run(ScriptEngine.java:194)
	at com.kms.katalon.core.main.ScriptEngine.runScriptAsRawText(ScriptEngine.java:119)
	at com.kms.katalon.core.main.TestCaseExecutor.runScript(TestCaseExecutor.java:328)
	at com.kms.katalon.core.main.TestCaseExecutor.doExecute(TestCaseExecutor.java:319)
	at com.kms.katalon.core.main.TestCaseExecutor.processExecutionPhase(TestCaseExecutor.java:298)
	at com.kms.katalon.core.main.TestCaseExecutor.accessMainPhase(TestCaseExecutor.java:290)
	at com.kms.katalon.core.main.TestCaseExecutor.execute(TestCaseExecutor.java:224)
	at com.kms.katalon.core.main.TestSuiteExecutor.accessTestCaseMainPhase(TestSuiteExecutor.java:129)
	at com.kms.katalon.core.main.TestSuiteExecutor.accessTestSuiteMainPhase(TestSuiteExecutor.java:112)
	at com.kms.katalon.core.main.TestSuiteExecutor.execute(TestSuiteExecutor.java:81)
	at com.kms.katalon.core.main.TestCaseMain.startTestSuite(TestCaseMain.java:149)
	at com.kms.katalon.core.main.TestCaseMain$startTestSuite$0.call(Unknown Source)
	at TempTestSuite1563918963353.run(TempTestSuite1563918963353.groovy:36)
"/>
         <system-out><![CDATA[2019-07-23 18:04:13 - [TEST_CASE][FAILED] - Test Cases/OCS - DESKTOP/OCS- CRITICAL PATH/Cart flyout-price comparison: Test Cases/OCS - DESKTOP/OCS- CRITICAL PATH/Cart flyout-price comparison FAILED.
Reason:
com.kms.katalon.core.exception.StepFailedException: Unable to click on object 'Object Repository/OCS-DESKTOP/Age gate and Mega menu/Checkbox_CONFIRM AND ACKNOWLEDGE' (Root cause: org.openqa.selenium.WebDriverException: unknown error: Element <label for="dob__confirm__checkbox">...</label> is not clickable at point (881, 458). Other element would receive the click: <iframe title="popup displayed HAP Survey" id="IPerceptionsEmbed" src="about:blank"></iframe>
  (Session info: chrome=75.0.3770.142)
  (Driver info: chromedriver=2.43.600229 (3fae4d0cda5334b4f533bede5a4787f7b832d052),platform=Mac OS X 10.13.6 x86_64) (WARNING: The server did not provide any stacktrace information)
Command duration or timeout: 0 milliseconds
Build info: version: '3.7.1', revision: '8a0099a', time: '2017-11-06T21:07:36.161Z'
System info: host: 'sumans-MacBook-Pro.local', ip: 'fe80:0:0:0:1c1a:e441:9b49:e629%en0', os.name: 'Mac OS X', os.arch: 'x86_64', os.version: '10.13.6', java.version: '1.8.0_181'
Driver info: com.kms.katalon.selenium.driver.CChromeDriver
Capabilities {acceptInsecureCerts: false, acceptSslCerts: false, applicationCacheEnabled: false, browserConnectionEnabled: false, browserName: chrome, chrome: {chromedriverVersion: 2.43.600229 (3fae4d0cda5334..., userDataDir: /var/folders/1t/c55l8xzs6gq...}, cssSelectorsEnabled: true, databaseEnabled: false, goog:chromeOptions: {debuggerAddress: localhost:59051}, handlesAlerts: true, hasTouchScreen: false, javascriptEnabled: true, locationContextEnabled: true, mobileEmulationEnabled: false, nativeEvents: true, networkConnectionEnabled: false, pageLoadStrategy: normal, platform: MAC, platformName: MAC, rotatable: false, setWindowRect: true, takesHeapSnapshot: true, takesScreenshot: true, unexpectedAlertBehaviour: , unhandledPromptBehavior: , version: 75.0.3770.142, webStorageEnabled: true}
Session ID: 5a2616a2af48343cb872eac01512db6b)
	at com.kms.katalon.core.keyword.internal.KeywordMain.stepFailed(KeywordMain.groovy:36)
	at com.kms.katalon.core.webui.keyword.internal.WebUIKeywordMain.stepFailed(WebUIKeywordMain.groovy:65)
	at com.kms.katalon.core.webui.keyword.internal.WebUIKeywordMain.runKeyword(WebUIKeywordMain.groovy:27)
	at com.kms.katalon.core.webui.keyword.builtin.ClickKeyword.click(ClickKeyword.groovy:86)
	at com.kms.katalon.core.webui.keyword.builtin.ClickKeyword.execute(ClickKeyword.groovy:67)
	at com.kms.katalon.core.keyword.internal.KeywordExecutor.executeKeywordForPlatform(KeywordExecutor.groovy:53)
	at com.kms.katalon.core.webui.keyword.WebUiBuiltInKeywords.click(WebUiBuiltInKeywords.groovy:616)
	at com.kms.katalon.core.webui.keyword.WebUiBuiltInKeywords$click$4.call(Unknown Source)
	at CALL - Navigate to PDP.run(CALL - Navigate to PDP:37)
	at com.kms.katalon.core.main.ScriptEngine.run(ScriptEngine.java:194)
	at com.kms.katalon.core.main.ScriptEngine.runScriptAsRawText(ScriptEngine.java:119)
	at com.kms.katalon.core.main.TestCaseExecutor.runScript(TestCaseExecutor.java:328)
	at com.kms.katalon.core.main.TestCaseExecutor.doExecute(TestCaseExecutor.java:319)
	at com.kms.katalon.core.main.TestCaseExecutor.processExecutionPhase(TestCaseExecutor.java:298)
	at com.kms.katalon.core.main.TestCaseExecutor.accessMainPhase(TestCaseExecutor.java:290)
	at com.kms.katalon.core.main.TestCaseExecutor.execute(TestCaseExecutor.java:224)
	at com.kms.katalon.core.main.TestCaseMain.runTestCase(TestCaseMain.java:106)
	at com.kms.katalon.core.keyword.builtin.CallTestCaseKeyword$_callTestCase_closure1.doCall(CallTestCaseKeyword.groovy:59)
	at com.kms.katalon.core.keyword.builtin.CallTestCaseKeyword$_callTestCase_closure1.call(CallTestCaseKeyword.groovy)
	at com.kms.katalon.core.keyword.internal.KeywordMain.runKeyword(KeywordMain.groovy:54)
	at com.kms.katalon.core.keyword.builtin.CallTestCaseKeyword.callTestCase(CallTestCaseKeyword.groovy:80)
	at com.kms.katalon.core.keyword.builtin.CallTestCaseKeyword.execute(CallTestCaseKeyword.groovy:44)
	at com.kms.katalon.core.keyword.internal.KeywordExecutor.executeKeywordForPlatform(KeywordExecutor.groovy:53)
	at com.kms.katalon.core.keyword.BuiltinKeywords.callTestCase(BuiltinKeywords.groovy:334)
	at Cart flyout-price comparison.run(Cart flyout-price comparison:16)
	at com.kms.katalon.core.main.ScriptEngine.run(ScriptEngine.java:194)
	at com.kms.katalon.core.main.ScriptEngine.runScriptAsRawText(ScriptEngine.java:119)
	at com.kms.katalon.core.main.TestCaseExecutor.runScript(TestCaseExecutor.java:328)
	at com.kms.katalon.core.main.TestCaseExecutor.doExecute(TestCaseExecutor.java:319)
	at com.kms.katalon.core.main.TestCaseExecutor.processExecutionPhase(TestCaseExecutor.java:298)
	at com.kms.katalon.core.main.TestCaseExecutor.accessMainPhase(TestCaseExecutor.java:290)
	at com.kms.katalon.core.main.TestCaseExecutor.execute(TestCaseExecutor.java:224)
	at com.kms.katalon.core.main.TestSuiteExecutor.accessTestCaseMainPhase(TestSuiteExecutor.java:129)
	at com.kms.katalon.core.main.TestSuiteExecutor.accessTestSuiteMainPhase(TestSuiteExecutor.java:112)
	at com.kms.katalon.core.main.TestSuiteExecutor.execute(TestSuiteExecutor.java:81)
	at com.kms.katalon.core.main.TestCaseMain.startTestSuite(TestCaseMain.java:149)
	at com.kms.katalon.core.main.TestCaseMain$startTestSuite$0.call(Unknown Source)
	at TempTestSuite1563918963353.run(TempTestSuite1563918963353.groovy:36)


2019-07-23 18:04:13 - [TEST_STEP][FAILED] - callTestCase(findTestCase("OCS - DESKTOP/CALL - Navigate to PDP"), [:], STOP_ON_FAILURE): callTestCase(findTestCase("OCS - DESKTOP/CALL - Navigate to PDP"), [:], STOP_ON_FAILURE) FAILED.
Reason:
com.kms.katalon.core.exception.StepFailedException: Unable to click on object 'Object Repository/OCS-DESKTOP/Age gate and Mega menu/Checkbox_CONFIRM AND ACKNOWLEDGE' (Root cause: org.openqa.selenium.WebDriverException: unknown error: Element <label for="dob__confirm__checkbox">...</label> is not clickable at point (881, 458). Other element would receive the click: <iframe title="popup displayed HAP Survey" id="IPerceptionsEmbed" src="about:blank"></iframe>
  (Session info: chrome=75.0.3770.142)
  (Driver info: chromedriver=2.43.600229 (3fae4d0cda5334b4f533bede5a4787f7b832d052),platform=Mac OS X 10.13.6 x86_64) (WARNING: The server did not provide any stacktrace information)
Command duration or timeout: 0 milliseconds
Build info: version: '3.7.1', revision: '8a0099a', time: '2017-11-06T21:07:36.161Z'
System info: host: 'sumans-MacBook-Pro.local', ip: 'fe80:0:0:0:1c1a:e441:9b49:e629%en0', os.name: 'Mac OS X', os.arch: 'x86_64', os.version: '10.13.6', java.version: '1.8.0_181'
Driver info: com.kms.katalon.selenium.driver.CChromeDriver
Capabilities {acceptInsecureCerts: false, acceptSslCerts: false, applicationCacheEnabled: false, browserConnectionEnabled: false, browserName: chrome, chrome: {chromedriverVersion: 2.43.600229 (3fae4d0cda5334..., userDataDir: /var/folders/1t/c55l8xzs6gq...}, cssSelectorsEnabled: true, databaseEnabled: false, goog:chromeOptions: {debuggerAddress: localhost:59051}, handlesAlerts: true, hasTouchScreen: false, javascriptEnabled: true, locationContextEnabled: true, mobileEmulationEnabled: false, nativeEvents: true, networkConnectionEnabled: false, pageLoadStrategy: normal, platform: MAC, platformName: MAC, rotatable: false, setWindowRect: true, takesHeapSnapshot: true, takesScreenshot: true, unexpectedAlertBehaviour: , unhandledPromptBehavior: , version: 75.0.3770.142, webStorageEnabled: true}
Session ID: 5a2616a2af48343cb872eac01512db6b)
	at com.kms.katalon.core.keyword.internal.KeywordMain.stepFailed(KeywordMain.groovy:36)
	at com.kms.katalon.core.webui.keyword.internal.WebUIKeywordMain.stepFailed(WebUIKeywordMain.groovy:65)
	at com.kms.katalon.core.webui.keyword.internal.WebUIKeywordMain.runKeyword(WebUIKeywordMain.groovy:27)
	at com.kms.katalon.core.webui.keyword.builtin.ClickKeyword.click(ClickKeyword.groovy:86)
	at com.kms.katalon.core.webui.keyword.builtin.ClickKeyword.execute(ClickKeyword.groovy:67)
	at com.kms.katalon.core.keyword.internal.KeywordExecutor.executeKeywordForPlatform(KeywordExecutor.groovy:53)
	at com.kms.katalon.core.webui.keyword.WebUiBuiltInKeywords.click(WebUiBuiltInKeywords.groovy:616)
	at com.kms.katalon.core.webui.keyword.WebUiBuiltInKeywords$click$4.call(Unknown Source)
	at CALL - Navigate to PDP.run(CALL - Navigate to PDP:37)
	at com.kms.katalon.core.main.ScriptEngine.run(ScriptEngine.java:194)
	at com.kms.katalon.core.main.ScriptEngine.runScriptAsRawText(ScriptEngine.java:119)
	at com.kms.katalon.core.main.TestCaseExecutor.runScript(TestCaseExecutor.java:328)
	at com.kms.katalon.core.main.TestCaseExecutor.doExecute(TestCaseExecutor.java:319)
	at com.kms.katalon.core.main.TestCaseExecutor.processExecutionPhase(TestCaseExecutor.java:298)
	at com.kms.katalon.core.main.TestCaseExecutor.accessMainPhase(TestCaseExecutor.java:290)
	at com.kms.katalon.core.main.TestCaseExecutor.execute(TestCaseExecutor.java:224)
	at com.kms.katalon.core.main.TestCaseMain.runTestCase(TestCaseMain.java:106)
	at com.kms.katalon.core.keyword.builtin.CallTestCaseKeyword$_callTestCase_closure1.doCall(CallTestCaseKeyword.groovy:59)
	at com.kms.katalon.core.keyword.builtin.CallTestCaseKeyword$_callTestCase_closure1.call(CallTestCaseKeyword.groovy)
	at com.kms.katalon.core.keyword.internal.KeywordMain.runKeyword(KeywordMain.groovy:54)
	at com.kms.katalon.core.keyword.builtin.CallTestCaseKeyword.callTestCase(CallTestCaseKeyword.groovy:80)
	at com.kms.katalon.core.keyword.builtin.CallTestCaseKeyword.execute(CallTestCaseKeyword.groovy:44)
	at com.kms.katalon.core.keyword.internal.KeywordExecutor.executeKeywordForPlatform(KeywordExecutor.groovy:53)
	at com.kms.katalon.core.keyword.BuiltinKeywords.callTestCase(BuiltinKeywords.groovy:334)
	at Cart flyout-price comparison.run(Cart flyout-price comparison:16)
	at com.kms.katalon.core.main.ScriptEngine.run(ScriptEngine.java:194)
	at com.kms.katalon.core.main.ScriptEngine.runScriptAsRawText(ScriptEngine.java:119)
	at com.kms.katalon.core.main.TestCaseExecutor.runScript(TestCaseExecutor.java:328)
	at com.kms.katalon.core.main.TestCaseExecutor.doExecute(TestCaseExecutor.java:319)
	at com.kms.katalon.core.main.TestCaseExecutor.processExecutionPhase(TestCaseExecutor.java:298)
	at com.kms.katalon.core.main.TestCaseExecutor.accessMainPhase(TestCaseExecutor.java:290)
	at com.kms.katalon.core.main.TestCaseExecutor.execute(TestCaseExecutor.java:224)
	at com.kms.katalon.core.main.TestSuiteExecutor.accessTestCaseMainPhase(TestSuiteExecutor.java:129)
	at com.kms.katalon.core.main.TestSuiteExecutor.accessTestSuiteMainPhase(TestSuiteExecutor.java:112)
	at com.kms.katalon.core.main.TestSuiteExecutor.execute(TestSuiteExecutor.java:81)
	at com.kms.katalon.core.main.TestCaseMain.startTestSuite(TestCaseMain.java:149)
	at com.kms.katalon.core.main.TestCaseMain$startTestSuite$0.call(Unknown Source)
	at TempTestSuite1563918963353.run(TempTestSuite1563918963353.groovy:36)


2019-07-23 18:04:13 - [TEST_CASE][FAILED] - Test Cases/OCS - DESKTOP/CALL - Navigate to PDP: Test Cases/OCS - DESKTOP/CALL - Navigate to PDP FAILED.
Reason:
com.kms.katalon.core.exception.StepFailedException: Unable to click on object 'Object Repository/OCS-DESKTOP/Age gate and Mega menu/Checkbox_CONFIRM AND ACKNOWLEDGE' (Root cause: org.openqa.selenium.WebDriverException: unknown error: Element <label for="dob__confirm__checkbox">...</label> is not clickable at point (881, 458). Other element would receive the click: <iframe title="popup displayed HAP Survey" id="IPerceptionsEmbed" src="about:blank"></iframe>
  (Session info: chrome=75.0.3770.142)
  (Driver info: chromedriver=2.43.600229 (3fae4d0cda5334b4f533bede5a4787f7b832d052),platform=Mac OS X 10.13.6 x86_64) (WARNING: The server did not provide any stacktrace information)
Command duration or timeout: 0 milliseconds
Build info: version: '3.7.1', revision: '8a0099a', time: '2017-11-06T21:07:36.161Z'
System info: host: 'sumans-MacBook-Pro.local', ip: 'fe80:0:0:0:1c1a:e441:9b49:e629%en0', os.name: 'Mac OS X', os.arch: 'x86_64', os.version: '10.13.6', java.version: '1.8.0_181'
Driver info: com.kms.katalon.selenium.driver.CChromeDriver
Capabilities {acceptInsecureCerts: false, acceptSslCerts: false, applicationCacheEnabled: false, browserConnectionEnabled: false, browserName: chrome, chrome: {chromedriverVersion: 2.43.600229 (3fae4d0cda5334..., userDataDir: /var/folders/1t/c55l8xzs6gq...}, cssSelectorsEnabled: true, databaseEnabled: false, goog:chromeOptions: {debuggerAddress: localhost:59051}, handlesAlerts: true, hasTouchScreen: false, javascriptEnabled: true, locationContextEnabled: true, mobileEmulationEnabled: false, nativeEvents: true, networkConnectionEnabled: false, pageLoadStrategy: normal, platform: MAC, platformName: MAC, rotatable: false, setWindowRect: true, takesHeapSnapshot: true, takesScreenshot: true, unexpectedAlertBehaviour: , unhandledPromptBehavior: , version: 75.0.3770.142, webStorageEnabled: true}
Session ID: 5a2616a2af48343cb872eac01512db6b)
	at com.kms.katalon.core.keyword.internal.KeywordMain.stepFailed(KeywordMain.groovy:36)
	at com.kms.katalon.core.webui.keyword.internal.WebUIKeywordMain.stepFailed(WebUIKeywordMain.groovy:65)
	at com.kms.katalon.core.webui.keyword.internal.WebUIKeywordMain.runKeyword(WebUIKeywordMain.groovy:27)
	at com.kms.katalon.core.webui.keyword.builtin.ClickKeyword.click(ClickKeyword.groovy:86)
	at com.kms.katalon.core.webui.keyword.builtin.ClickKeyword.execute(ClickKeyword.groovy:67)
	at com.kms.katalon.core.keyword.internal.KeywordExecutor.executeKeywordForPlatform(KeywordExecutor.groovy:53)
	at com.kms.katalon.core.webui.keyword.WebUiBuiltInKeywords.click(WebUiBuiltInKeywords.groovy:616)
	at com.kms.katalon.core.webui.keyword.WebUiBuiltInKeywords$click$4.call(Unknown Source)
	at CALL - Navigate to PDP.run(CALL - Navigate to PDP:37)
	at com.kms.katalon.core.main.ScriptEngine.run(ScriptEngine.java:194)
	at com.kms.katalon.core.main.ScriptEngine.runScriptAsRawText(ScriptEngine.java:119)
	at com.kms.katalon.core.main.TestCaseExecutor.runScript(TestCaseExecutor.java:328)
	at com.kms.katalon.core.main.TestCaseExecutor.doExecute(TestCaseExecutor.java:319)
	at com.kms.katalon.core.main.TestCaseExecutor.processExecutionPhase(TestCaseExecutor.java:298)
	at com.kms.katalon.core.main.TestCaseExecutor.accessMainPhase(TestCaseExecutor.java:290)
	at com.kms.katalon.core.main.TestCaseExecutor.execute(TestCaseExecutor.java:224)
	at com.kms.katalon.core.main.TestCaseMain.runTestCase(TestCaseMain.java:106)
	at com.kms.katalon.core.keyword.builtin.CallTestCaseKeyword$_callTestCase_closure1.doCall(CallTestCaseKeyword.groovy:59)
	at com.kms.katalon.core.keyword.builtin.CallTestCaseKeyword$_callTestCase_closure1.call(CallTestCaseKeyword.groovy)
	at com.kms.katalon.core.keyword.internal.KeywordMain.runKeyword(KeywordMain.groovy:54)
	at com.kms.katalon.core.keyword.builtin.CallTestCaseKeyword.callTestCase(CallTestCaseKeyword.groovy:80)
	at com.kms.katalon.core.keyword.builtin.CallTestCaseKeyword.execute(CallTestCaseKeyword.groovy:44)
	at com.kms.katalon.core.keyword.internal.KeywordExecutor.executeKeywordForPlatform(KeywordExecutor.groovy:53)
	at com.kms.katalon.core.keyword.BuiltinKeywords.callTestCase(BuiltinKeywords.groovy:334)
	at Cart flyout-price comparison.run(Cart flyout-price comparison:16)
	at com.kms.katalon.core.main.ScriptEngine.run(ScriptEngine.java:194)
	at com.kms.katalon.core.main.ScriptEngine.runScriptAsRawText(ScriptEngine.java:119)
	at com.kms.katalon.core.main.TestCaseExecutor.runScript(TestCaseExecutor.java:328)
	at com.kms.katalon.core.main.TestCaseExecutor.doExecute(TestCaseExecutor.java:319)
	at com.kms.katalon.core.main.TestCaseExecutor.processExecutionPhase(TestCaseExecutor.java:298)
	at com.kms.katalon.core.main.TestCaseExecutor.accessMainPhase(TestCaseExecutor.java:290)
	at com.kms.katalon.core.main.TestCaseExecutor.execute(TestCaseExecutor.java:224)
	at com.kms.katalon.core.main.TestSuiteExecutor.accessTestCaseMainPhase(TestSuiteExecutor.java:129)
	at com.kms.katalon.core.main.TestSuiteExecutor.accessTestSuiteMainPhase(TestSuiteExecutor.java:112)
	at com.kms.katalon.core.main.TestSuiteExecutor.execute(TestSuiteExecutor.java:81)
	at com.kms.katalon.core.main.TestCaseMain.startTestSuite(TestCaseMain.java:149)
	at com.kms.katalon.core.main.TestCaseMain$startTestSuite$0.call(Unknown Source)
	at TempTestSuite1563918963353.run(TempTestSuite1563918963353.groovy:36)


2019-07-23 18:04:13 - [TEST_STEP][PASSED] - openBrowser(""): Browser is opened with url: ''

2019-07-23 18:04:13 - [MESSAGE][WARNING] - A browser is already opened. Closing browser and opening a new one

2019-07-23 18:04:13 - [MESSAGE][INFO] - Starting 'Chrome' driver

2019-07-23 18:04:14 - [MESSAGE][PASSED] - Browser is opened with url: ''

2019-07-23 18:04:14 - [TEST_STEP][PASSED] - maximizeWindow(): Current window maximized

2019-07-23 18:04:14 - [MESSAGE][PASSED] - Current window maximized

2019-07-23 18:04:14 - [TEST_STEP][PASSED] - navigateToUrl("https://ocs.ca/?fts=0&preview_theme_id=74209363788"): Navigate to 'https://ocs.ca/?fts=0&preview_theme_id=74209363788' successfully

2019-07-23 18:04:19 - [MESSAGE][PASSED] - Navigate to 'https://ocs.ca/?fts=0&preview_theme_id=74209363788' successfully

2019-07-23 18:04:19 - [TEST_STEP][PASSED] - executeJavaScript("var previewBar = document.getElementById("preview-bar-iframe"); previewBar.style.display = "none";", []): Execute JavaScript 'var previewBar = document.getElementById("preview-bar-iframe"); previewBar.style.display = "none";' successfully

2019-07-23 18:04:19 - [MESSAGE][PASSED] - Execute JavaScript 'var previewBar = document.getElementById("preview-bar-iframe"); previewBar.style.display = "none";' successfully

2019-07-23 18:04:19 - [TEST_STEP][PASSED] - delay(4): Delayed 4 second(s)

2019-07-23 18:04:23 - [MESSAGE][PASSED] - Delayed 4 second(s)

2019-07-23 18:04:23 - [TEST_STEP][PASSED] - selectOptionByValue(findTestObject("OCS-DESKTOP/Age gate and Mega menu/Date"), "12", true): All options with value '12' are selected in object 'Object Repository/OCS-DESKTOP/Age gate and Mega menu/Date'  using regular expression

2019-07-23 18:04:24 - [MESSAGE][PASSED] - All options with value '12' are selected in object 'Object Repository/OCS-DESKTOP/Age gate and Mega menu/Date'  using regular expression

2019-07-23 18:04:24 - [TEST_STEP][PASSED] - selectOptionByValue(findTestObject("OCS-DESKTOP/Age gate and Mega menu/month"), "6", true): All options with value '6' are selected in object 'Object Repository/OCS-DESKTOP/Age gate and Mega menu/month'  using regular expression

2019-07-23 18:04:24 - [MESSAGE][PASSED] - All options with value '6' are selected in object 'Object Repository/OCS-DESKTOP/Age gate and Mega menu/month'  using regular expression

2019-07-23 18:04:24 - [TEST_STEP][PASSED] - delay(2): Delayed 2 second(s)

2019-07-23 18:04:26 - [MESSAGE][PASSED] - Delayed 2 second(s)

2019-07-23 18:04:26 - [TEST_STEP][PASSED] - selectOptionByValue(findTestObject("OCS-DESKTOP/Age gate and Mega menu/Year Dropdown"), "1990", true): All options with value '1990' are selected in object 'Object Repository/OCS-DESKTOP/Age gate and Mega menu/Year Dropdown'  using regular expression

2019-07-23 18:04:27 - [MESSAGE][PASSED] - All options with value '1990' are selected in object 'Object Repository/OCS-DESKTOP/Age gate and Mega menu/Year Dropdown'  using regular expression

2019-07-23 18:04:27 - [TEST_STEP][PASSED] - click(findTestObject("OCS-DESKTOP/Age gate and Mega menu/button_Verify")): Object: 'Object Repository/OCS-DESKTOP/Age gate and Mega menu/button_Verify' is clicked on

2019-07-23 18:04:27 - [MESSAGE][PASSED] - Object: 'Object Repository/OCS-DESKTOP/Age gate and Mega menu/button_Verify' is clicked on

2019-07-23 18:04:27 - [TEST_STEP][FAILED] - click(findTestObject("OCS-DESKTOP/Age gate and Mega menu/Checkbox_CONFIRM AND ACKNOWLEDGE")): click(findTestObject("OCS-DESKTOP/Age gate and Mega menu/Checkbox_CONFIRM AND ACKNOWLEDGE")) FAILED.
Reason:
com.kms.katalon.core.exception.StepFailedException: Unable to click on object 'Object Repository/OCS-DESKTOP/Age gate and Mega menu/Checkbox_CONFIRM AND ACKNOWLEDGE' (Root cause: org.openqa.selenium.WebDriverException: unknown error: Element <label for="dob__confirm__checkbox">...</label> is not clickable at point (881, 458). Other element would receive the click: <iframe title="popup displayed HAP Survey" id="IPerceptionsEmbed" src="about:blank"></iframe>
  (Session info: chrome=75.0.3770.142)
  (Driver info: chromedriver=2.43.600229 (3fae4d0cda5334b4f533bede5a4787f7b832d052),platform=Mac OS X 10.13.6 x86_64) (WARNING: The server did not provide any stacktrace information)
Command duration or timeout: 0 milliseconds
Build info: version: '3.7.1', revision: '8a0099a', time: '2017-11-06T21:07:36.161Z'
System info: host: 'sumans-MacBook-Pro.local', ip: 'fe80:0:0:0:1c1a:e441:9b49:e629%en0', os.name: 'Mac OS X', os.arch: 'x86_64', os.version: '10.13.6', java.version: '1.8.0_181'
Driver info: com.kms.katalon.selenium.driver.CChromeDriver
Capabilities {acceptInsecureCerts: false, acceptSslCerts: false, applicationCacheEnabled: false, browserConnectionEnabled: false, browserName: chrome, chrome: {chromedriverVersion: 2.43.600229 (3fae4d0cda5334..., userDataDir: /var/folders/1t/c55l8xzs6gq...}, cssSelectorsEnabled: true, databaseEnabled: false, goog:chromeOptions: {debuggerAddress: localhost:59051}, handlesAlerts: true, hasTouchScreen: false, javascriptEnabled: true, locationContextEnabled: true, mobileEmulationEnabled: false, nativeEvents: true, networkConnectionEnabled: false, pageLoadStrategy: normal, platform: MAC, platformName: MAC, rotatable: false, setWindowRect: true, takesHeapSnapshot: true, takesScreenshot: true, unexpectedAlertBehaviour: , unhandledPromptBehavior: , version: 75.0.3770.142, webStorageEnabled: true}
Session ID: 5a2616a2af48343cb872eac01512db6b)
	at com.kms.katalon.core.keyword.internal.KeywordMain.stepFailed(KeywordMain.groovy:36)
	at com.kms.katalon.core.webui.keyword.internal.WebUIKeywordMain.stepFailed(WebUIKeywordMain.groovy:65)
	at com.kms.katalon.core.webui.keyword.internal.WebUIKeywordMain.runKeyword(WebUIKeywordMain.groovy:27)
	at com.kms.katalon.core.webui.keyword.builtin.ClickKeyword.click(ClickKeyword.groovy:86)
	at com.kms.katalon.core.webui.keyword.builtin.ClickKeyword.execute(ClickKeyword.groovy:67)
	at com.kms.katalon.core.keyword.internal.KeywordExecutor.executeKeywordForPlatform(KeywordExecutor.groovy:53)
	at com.kms.katalon.core.webui.keyword.WebUiBuiltInKeywords.click(WebUiBuiltInKeywords.groovy:616)
	at com.kms.katalon.core.webui.keyword.WebUiBuiltInKeywords$click$4.call(Unknown Source)
	at CALL - Navigate to PDP.run(CALL - Navigate to PDP:37)
	at com.kms.katalon.core.main.ScriptEngine.run(ScriptEngine.java:194)
	at com.kms.katalon.core.main.ScriptEngine.runScriptAsRawText(ScriptEngine.java:119)
	at com.kms.katalon.core.main.TestCaseExecutor.runScript(TestCaseExecutor.java:328)
	at com.kms.katalon.core.main.TestCaseExecutor.doExecute(TestCaseExecutor.java:319)
	at com.kms.katalon.core.main.TestCaseExecutor.processExecutionPhase(TestCaseExecutor.java:298)
	at com.kms.katalon.core.main.TestCaseExecutor.accessMainPhase(TestCaseExecutor.java:290)
	at com.kms.katalon.core.main.TestCaseExecutor.execute(TestCaseExecutor.java:224)
	at com.kms.katalon.core.main.TestCaseMain.runTestCase(TestCaseMain.java:106)
	at com.kms.katalon.core.keyword.builtin.CallTestCaseKeyword$_callTestCase_closure1.doCall(CallTestCaseKeyword.groovy:59)
	at com.kms.katalon.core.keyword.builtin.CallTestCaseKeyword$_callTestCase_closure1.call(CallTestCaseKeyword.groovy)
	at com.kms.katalon.core.keyword.internal.KeywordMain.runKeyword(KeywordMain.groovy:54)
	at com.kms.katalon.core.keyword.builtin.CallTestCaseKeyword.callTestCase(CallTestCaseKeyword.groovy:80)
	at com.kms.katalon.core.keyword.builtin.CallTestCaseKeyword.execute(CallTestCaseKeyword.groovy:44)
	at com.kms.katalon.core.keyword.internal.KeywordExecutor.executeKeywordForPlatform(KeywordExecutor.groovy:53)
	at com.kms.katalon.core.keyword.BuiltinKeywords.callTestCase(BuiltinKeywords.groovy:334)
	at Cart flyout-price comparison.run(Cart flyout-price comparison:16)
	at com.kms.katalon.core.main.ScriptEngine.run(ScriptEngine.java:194)
	at com.kms.katalon.core.main.ScriptEngine.runScriptAsRawText(ScriptEngine.java:119)
	at com.kms.katalon.core.main.TestCaseExecutor.runScript(TestCaseExecutor.java:328)
	at com.kms.katalon.core.main.TestCaseExecutor.doExecute(TestCaseExecutor.java:319)
	at com.kms.katalon.core.main.TestCaseExecutor.processExecutionPhase(TestCaseExecutor.java:298)
	at com.kms.katalon.core.main.TestCaseExecutor.accessMainPhase(TestCaseExecutor.java:290)
	at com.kms.katalon.core.main.TestCaseExecutor.execute(TestCaseExecutor.java:224)
	at com.kms.katalon.core.main.TestSuiteExecutor.accessTestCaseMainPhase(TestSuiteExecutor.java:129)
	at com.kms.katalon.core.main.TestSuiteExecutor.accessTestSuiteMainPhase(TestSuiteExecutor.java:112)
	at com.kms.katalon.core.main.TestSuiteExecutor.execute(TestSuiteExecutor.java:81)
	at com.kms.katalon.core.main.TestCaseMain.startTestSuite(TestCaseMain.java:149)
	at com.kms.katalon.core.main.TestCaseMain$startTestSuite$0.call(Unknown Source)
	at TempTestSuite1563918963353.run(TempTestSuite1563918963353.groovy:36)


2019-07-23 18:04:28 - [MESSAGE][FAILED] - Unable to click on object 'Object Repository/OCS-DESKTOP/Age gate and Mega menu/Checkbox_CONFIRM AND ACKNOWLEDGE' (Root cause: org.openqa.selenium.WebDriverException: unknown error: Element <label for="dob__confirm__checkbox">...</label> is not clickable at point (881, 458). Other element would receive the click: <iframe title="popup displayed HAP Survey" id="IPerceptionsEmbed" src="about:blank"></iframe>
  (Session info: chrome=75.0.3770.142)
  (Driver info: chromedriver=2.43.600229 (3fae4d0cda5334b4f533bede5a4787f7b832d052),platform=Mac OS X 10.13.6 x86_64) (WARNING: The server did not provide any stacktrace information)
Command duration or timeout: 0 milliseconds
Build info: version: '3.7.1', revision: '8a0099a', time: '2017-11-06T21:07:36.161Z'
System info: host: 'sumans-MacBook-Pro.local', ip: 'fe80:0:0:0:1c1a:e441:9b49:e629%en0', os.name: 'Mac OS X', os.arch: 'x86_64', os.version: '10.13.6', java.version: '1.8.0_181'
Driver info: com.kms.katalon.selenium.driver.CChromeDriver
Capabilities {acceptInsecureCerts: false, acceptSslCerts: false, applicationCacheEnabled: false, browserConnectionEnabled: false, browserName: chrome, chrome: {chromedriverVersion: 2.43.600229 (3fae4d0cda5334..., userDataDir: /var/folders/1t/c55l8xzs6gq...}, cssSelectorsEnabled: true, databaseEnabled: false, goog:chromeOptions: {debuggerAddress: localhost:59051}, handlesAlerts: true, hasTouchScreen: false, javascriptEnabled: true, locationContextEnabled: true, mobileEmulationEnabled: false, nativeEvents: true, networkConnectionEnabled: false, pageLoadStrategy: normal, platform: MAC, platformName: MAC, rotatable: false, setWindowRect: true, takesHeapSnapshot: true, takesScreenshot: true, unexpectedAlertBehaviour: , unhandledPromptBehavior: , version: 75.0.3770.142, webStorageEnabled: true}
Session ID: 5a2616a2af48343cb872eac01512db6b)
[[ATTACHMENT|/Users/sumankompelly/git/OCS--Relative-xpath-Desktop/Reports/Suite - Chrome/20190723_175603/1563919467720.png]]

2019-07-23 18:04:28 - [MESSAGE][FAILED] - click(findTestObject("OCS-DESKTOP/Age gate and Mega menu/Checkbox_CONFIRM AND ACKNOWLEDGE")) FAILED.
Reason:
com.kms.katalon.core.exception.StepFailedException: Unable to click on object 'Object Repository/OCS-DESKTOP/Age gate and Mega menu/Checkbox_CONFIRM AND ACKNOWLEDGE' (Root cause: org.openqa.selenium.WebDriverException: unknown error: Element <label for="dob__confirm__checkbox">...</label> is not clickable at point (881, 458). Other element would receive the click: <iframe title="popup displayed HAP Survey" id="IPerceptionsEmbed" src="about:blank"></iframe>
  (Session info: chrome=75.0.3770.142)
  (Driver info: chromedriver=2.43.600229 (3fae4d0cda5334b4f533bede5a4787f7b832d052),platform=Mac OS X 10.13.6 x86_64) (WARNING: The server did not provide any stacktrace information)
Command duration or timeout: 0 milliseconds
Build info: version: '3.7.1', revision: '8a0099a', time: '2017-11-06T21:07:36.161Z'
System info: host: 'sumans-MacBook-Pro.local', ip: 'fe80:0:0:0:1c1a:e441:9b49:e629%en0', os.name: 'Mac OS X', os.arch: 'x86_64', os.version: '10.13.6', java.version: '1.8.0_181'
Driver info: com.kms.katalon.selenium.driver.CChromeDriver
Capabilities {acceptInsecureCerts: false, acceptSslCerts: false, applicationCacheEnabled: false, browserConnectionEnabled: false, browserName: chrome, chrome: {chromedriverVersion: 2.43.600229 (3fae4d0cda5334..., userDataDir: /var/folders/1t/c55l8xzs6gq...}, cssSelectorsEnabled: true, databaseEnabled: false, goog:chromeOptions: {debuggerAddress: localhost:59051}, handlesAlerts: true, hasTouchScreen: false, javascriptEnabled: true, locationContextEnabled: true, mobileEmulationEnabled: false, nativeEvents: true, networkConnectionEnabled: false, pageLoadStrategy: normal, platform: MAC, platformName: MAC, rotatable: false, setWindowRect: true, takesHeapSnapshot: true, takesScreenshot: true, unexpectedAlertBehaviour: , unhandledPromptBehavior: , version: 75.0.3770.142, webStorageEnabled: true}
Session ID: 5a2616a2af48343cb872eac01512db6b)
	at com.kms.katalon.core.keyword.internal.KeywordMain.stepFailed(KeywordMain.groovy:36)
	at com.kms.katalon.core.webui.keyword.internal.WebUIKeywordMain.stepFailed(WebUIKeywordMain.groovy:65)
	at com.kms.katalon.core.webui.keyword.internal.WebUIKeywordMain.runKeyword(WebUIKeywordMain.groovy:27)
	at com.kms.katalon.core.webui.keyword.builtin.ClickKeyword.click(ClickKeyword.groovy:86)
	at com.kms.katalon.core.webui.keyword.builtin.ClickKeyword.execute(ClickKeyword.groovy:67)
	at com.kms.katalon.core.keyword.internal.KeywordExecutor.executeKeywordForPlatform(KeywordExecutor.groovy:53)
	at com.kms.katalon.core.webui.keyword.WebUiBuiltInKeywords.click(WebUiBuiltInKeywords.groovy:616)
	at com.kms.katalon.core.webui.keyword.WebUiBuiltInKeywords$click$4.call(Unknown Source)
	at CALL - Navigate to PDP.run(CALL - Navigate to PDP:37)
	at com.kms.katalon.core.main.ScriptEngine.run(ScriptEngine.java:194)
	at com.kms.katalon.core.main.ScriptEngine.runScriptAsRawText(ScriptEngine.java:119)
	at com.kms.katalon.core.main.TestCaseExecutor.runScript(TestCaseExecutor.java:328)
	at com.kms.katalon.core.main.TestCaseExecutor.doExecute(TestCaseExecutor.java:319)
	at com.kms.katalon.core.main.TestCaseExecutor.processExecutionPhase(TestCaseExecutor.java:298)
	at com.kms.katalon.core.main.TestCaseExecutor.accessMainPhase(TestCaseExecutor.java:290)
	at com.kms.katalon.core.main.TestCaseExecutor.execute(TestCaseExecutor.java:224)
	at com.kms.katalon.core.main.TestCaseMain.runTestCase(TestCaseMain.java:106)
	at com.kms.katalon.core.keyword.builtin.CallTestCaseKeyword$_callTestCase_closure1.doCall(CallTestCaseKeyword.groovy:59)
	at com.kms.katalon.core.keyword.builtin.CallTestCaseKeyword$_callTestCase_closure1.call(CallTestCaseKeyword.groovy)
	at com.kms.katalon.core.keyword.internal.KeywordMain.runKeyword(KeywordMain.groovy:54)
	at com.kms.katalon.core.keyword.builtin.CallTestCaseKeyword.callTestCase(CallTestCaseKeyword.groovy:80)
	at com.kms.katalon.core.keyword.builtin.CallTestCaseKeyword.execute(CallTestCaseKeyword.groovy:44)
	at com.kms.katalon.core.keyword.internal.KeywordExecutor.executeKeywordForPlatform(KeywordExecutor.groovy:53)
	at com.kms.katalon.core.keyword.BuiltinKeywords.callTestCase(BuiltinKeywords.groovy:334)
	at Cart flyout-price comparison.run(Cart flyout-price comparison:16)
	at com.kms.katalon.core.main.ScriptEngine.run(ScriptEngine.java:194)
	at com.kms.katalon.core.main.ScriptEngine.runScriptAsRawText(ScriptEngine.java:119)
	at com.kms.katalon.core.main.TestCaseExecutor.runScript(TestCaseExecutor.java:328)
	at com.kms.katalon.core.main.TestCaseExecutor.doExecute(TestCaseExecutor.java:319)
	at com.kms.katalon.core.main.TestCaseExecutor.processExecutionPhase(TestCaseExecutor.java:298)
	at com.kms.katalon.core.main.TestCaseExecutor.accessMainPhase(TestCaseExecutor.java:290)
	at com.kms.katalon.core.main.TestCaseExecutor.execute(TestCaseExecutor.java:224)
	at com.kms.katalon.core.main.TestSuiteExecutor.accessTestCaseMainPhase(TestSuiteExecutor.java:129)
	at com.kms.katalon.core.main.TestSuiteExecutor.accessTestSuiteMainPhase(TestSuiteExecutor.java:112)
	at com.kms.katalon.core.main.TestSuiteExecutor.execute(TestSuiteExecutor.java:81)
	at com.kms.katalon.core.main.TestCaseMain.startTestSuite(TestCaseMain.java:149)
	at com.kms.katalon.core.main.TestCaseMain$startTestSuite$0.call(Unknown Source)
	at TempTestSuite1563918963353.run(TempTestSuite1563918963353.groovy:36)


2019-07-23 18:04:28 - [MESSAGE][FAILED] - Unable to call Test Case 'Test Cases/OCS - DESKTOP/CALL - Navigate to PDP' (Root cause: com.kms.katalon.core.exception.StepFailedException: Call Test Case 'Test Cases/OCS - DESKTOP/CALL - Navigate to PDP' failed)

2019-07-23 18:04:28 - [MESSAGE][FAILED] - callTestCase(findTestCase("OCS - DESKTOP/CALL - Navigate to PDP"), [:], STOP_ON_FAILURE) FAILED.
Reason:
com.kms.katalon.core.exception.StepFailedException: Unable to click on object 'Object Repository/OCS-DESKTOP/Age gate and Mega menu/Checkbox_CONFIRM AND ACKNOWLEDGE' (Root cause: org.openqa.selenium.WebDriverException: unknown error: Element <label for="dob__confirm__checkbox">...</label> is not clickable at point (881, 458). Other element would receive the click: <iframe title="popup displayed HAP Survey" id="IPerceptionsEmbed" src="about:blank"></iframe>
  (Session info: chrome=75.0.3770.142)
  (Driver info: chromedriver=2.43.600229 (3fae4d0cda5334b4f533bede5a4787f7b832d052),platform=Mac OS X 10.13.6 x86_64) (WARNING: The server did not provide any stacktrace information)
Command duration or timeout: 0 milliseconds
Build info: version: '3.7.1', revision: '8a0099a', time: '2017-11-06T21:07:36.161Z'
System info: host: 'sumans-MacBook-Pro.local', ip: 'fe80:0:0:0:1c1a:e441:9b49:e629%en0', os.name: 'Mac OS X', os.arch: 'x86_64', os.version: '10.13.6', java.version: '1.8.0_181'
Driver info: com.kms.katalon.selenium.driver.CChromeDriver
Capabilities {acceptInsecureCerts: false, acceptSslCerts: false, applicationCacheEnabled: false, browserConnectionEnabled: false, browserName: chrome, chrome: {chromedriverVersion: 2.43.600229 (3fae4d0cda5334..., userDataDir: /var/folders/1t/c55l8xzs6gq...}, cssSelectorsEnabled: true, databaseEnabled: false, goog:chromeOptions: {debuggerAddress: localhost:59051}, handlesAlerts: true, hasTouchScreen: false, javascriptEnabled: true, locationContextEnabled: true, mobileEmulationEnabled: false, nativeEvents: true, networkConnectionEnabled: false, pageLoadStrategy: normal, platform: MAC, platformName: MAC, rotatable: false, setWindowRect: true, takesHeapSnapshot: true, takesScreenshot: true, unexpectedAlertBehaviour: , unhandledPromptBehavior: , version: 75.0.3770.142, webStorageEnabled: true}
Session ID: 5a2616a2af48343cb872eac01512db6b)
	at com.kms.katalon.core.keyword.internal.KeywordMain.stepFailed(KeywordMain.groovy:36)
	at com.kms.katalon.core.webui.keyword.internal.WebUIKeywordMain.stepFailed(WebUIKeywordMain.groovy:65)
	at com.kms.katalon.core.webui.keyword.internal.WebUIKeywordMain.runKeyword(WebUIKeywordMain.groovy:27)
	at com.kms.katalon.core.webui.keyword.builtin.ClickKeyword.click(ClickKeyword.groovy:86)
	at com.kms.katalon.core.webui.keyword.builtin.ClickKeyword.execute(ClickKeyword.groovy:67)
	at com.kms.katalon.core.keyword.internal.KeywordExecutor.executeKeywordForPlatform(KeywordExecutor.groovy:53)
	at com.kms.katalon.core.webui.keyword.WebUiBuiltInKeywords.click(WebUiBuiltInKeywords.groovy:616)
	at com.kms.katalon.core.webui.keyword.WebUiBuiltInKeywords$click$4.call(Unknown Source)
	at CALL - Navigate to PDP.run(CALL - Navigate to PDP:37)
	at com.kms.katalon.core.main.ScriptEngine.run(ScriptEngine.java:194)
	at com.kms.katalon.core.main.ScriptEngine.runScriptAsRawText(ScriptEngine.java:119)
	at com.kms.katalon.core.main.TestCaseExecutor.runScript(TestCaseExecutor.java:328)
	at com.kms.katalon.core.main.TestCaseExecutor.doExecute(TestCaseExecutor.java:319)
	at com.kms.katalon.core.main.TestCaseExecutor.processExecutionPhase(TestCaseExecutor.java:298)
	at com.kms.katalon.core.main.TestCaseExecutor.accessMainPhase(TestCaseExecutor.java:290)
	at com.kms.katalon.core.main.TestCaseExecutor.execute(TestCaseExecutor.java:224)
	at com.kms.katalon.core.main.TestCaseMain.runTestCase(TestCaseMain.java:106)
	at com.kms.katalon.core.keyword.builtin.CallTestCaseKeyword$_callTestCase_closure1.doCall(CallTestCaseKeyword.groovy:59)
	at com.kms.katalon.core.keyword.builtin.CallTestCaseKeyword$_callTestCase_closure1.call(CallTestCaseKeyword.groovy)
	at com.kms.katalon.core.keyword.internal.KeywordMain.runKeyword(KeywordMain.groovy:54)
	at com.kms.katalon.core.keyword.builtin.CallTestCaseKeyword.callTestCase(CallTestCaseKeyword.groovy:80)
	at com.kms.katalon.core.keyword.builtin.CallTestCaseKeyword.execute(CallTestCaseKeyword.groovy:44)
	at com.kms.katalon.core.keyword.internal.KeywordExecutor.executeKeywordForPlatform(KeywordExecutor.groovy:53)
	at com.kms.katalon.core.keyword.BuiltinKeywords.callTestCase(BuiltinKeywords.groovy:334)
	at Cart flyout-price comparison.run(Cart flyout-price comparison:16)
	at com.kms.katalon.core.main.ScriptEngine.run(ScriptEngine.java:194)
	at com.kms.katalon.core.main.ScriptEngine.runScriptAsRawText(ScriptEngine.java:119)
	at com.kms.katalon.core.main.TestCaseExecutor.runScript(TestCaseExecutor.java:328)
	at com.kms.katalon.core.main.TestCaseExecutor.doExecute(TestCaseExecutor.java:319)
	at com.kms.katalon.core.main.TestCaseExecutor.processExecutionPhase(TestCaseExecutor.java:298)
	at com.kms.katalon.core.main.TestCaseExecutor.accessMainPhase(TestCaseExecutor.java:290)
	at com.kms.katalon.core.main.TestCaseExecutor.execute(TestCaseExecutor.java:224)
	at com.kms.katalon.core.main.TestSuiteExecutor.accessTestCaseMainPhase(TestSuiteExecutor.java:129)
	at com.kms.katalon.core.main.TestSuiteExecutor.accessTestSuiteMainPhase(TestSuiteExecutor.java:112)
	at com.kms.katalon.core.main.TestSuiteExecutor.execute(TestSuiteExecutor.java:81)
	at com.kms.katalon.core.main.TestCaseMain.startTestSuite(TestCaseMain.java:149)
	at com.kms.katalon.core.main.TestCaseMain$startTestSuite$0.call(Unknown Source)
	at TempTestSuite1563918963353.run(TempTestSuite1563918963353.groovy:36)]]></system-out>
         <system-err><![CDATA[2019-07-23 18:04:13 - [TEST_CASE][FAILED] - Test Cases/OCS - DESKTOP/OCS- CRITICAL PATH/Cart flyout-price comparison: Test Cases/OCS - DESKTOP/OCS- CRITICAL PATH/Cart flyout-price comparison FAILED.
Reason:
com.kms.katalon.core.exception.StepFailedException: Unable to click on object 'Object Repository/OCS-DESKTOP/Age gate and Mega menu/Checkbox_CONFIRM AND ACKNOWLEDGE' (Root cause: org.openqa.selenium.WebDriverException: unknown error: Element <label for="dob__confirm__checkbox">...</label> is not clickable at point (881, 458). Other element would receive the click: <iframe title="popup displayed HAP Survey" id="IPerceptionsEmbed" src="about:blank"></iframe>
  (Session info: chrome=75.0.3770.142)
  (Driver info: chromedriver=2.43.600229 (3fae4d0cda5334b4f533bede5a4787f7b832d052),platform=Mac OS X 10.13.6 x86_64) (WARNING: The server did not provide any stacktrace information)
Command duration or timeout: 0 milliseconds
Build info: version: '3.7.1', revision: '8a0099a', time: '2017-11-06T21:07:36.161Z'
System info: host: 'sumans-MacBook-Pro.local', ip: 'fe80:0:0:0:1c1a:e441:9b49:e629%en0', os.name: 'Mac OS X', os.arch: 'x86_64', os.version: '10.13.6', java.version: '1.8.0_181'
Driver info: com.kms.katalon.selenium.driver.CChromeDriver
Capabilities {acceptInsecureCerts: false, acceptSslCerts: false, applicationCacheEnabled: false, browserConnectionEnabled: false, browserName: chrome, chrome: {chromedriverVersion: 2.43.600229 (3fae4d0cda5334..., userDataDir: /var/folders/1t/c55l8xzs6gq...}, cssSelectorsEnabled: true, databaseEnabled: false, goog:chromeOptions: {debuggerAddress: localhost:59051}, handlesAlerts: true, hasTouchScreen: false, javascriptEnabled: true, locationContextEnabled: true, mobileEmulationEnabled: false, nativeEvents: true, networkConnectionEnabled: false, pageLoadStrategy: normal, platform: MAC, platformName: MAC, rotatable: false, setWindowRect: true, takesHeapSnapshot: true, takesScreenshot: true, unexpectedAlertBehaviour: , unhandledPromptBehavior: , version: 75.0.3770.142, webStorageEnabled: true}
Session ID: 5a2616a2af48343cb872eac01512db6b)
	at com.kms.katalon.core.keyword.internal.KeywordMain.stepFailed(KeywordMain.groovy:36)
	at com.kms.katalon.core.webui.keyword.internal.WebUIKeywordMain.stepFailed(WebUIKeywordMain.groovy:65)
	at com.kms.katalon.core.webui.keyword.internal.WebUIKeywordMain.runKeyword(WebUIKeywordMain.groovy:27)
	at com.kms.katalon.core.webui.keyword.builtin.ClickKeyword.click(ClickKeyword.groovy:86)
	at com.kms.katalon.core.webui.keyword.builtin.ClickKeyword.execute(ClickKeyword.groovy:67)
	at com.kms.katalon.core.keyword.internal.KeywordExecutor.executeKeywordForPlatform(KeywordExecutor.groovy:53)
	at com.kms.katalon.core.webui.keyword.WebUiBuiltInKeywords.click(WebUiBuiltInKeywords.groovy:616)
	at com.kms.katalon.core.webui.keyword.WebUiBuiltInKeywords$click$4.call(Unknown Source)
	at CALL - Navigate to PDP.run(CALL - Navigate to PDP:37)
	at com.kms.katalon.core.main.ScriptEngine.run(ScriptEngine.java:194)
	at com.kms.katalon.core.main.ScriptEngine.runScriptAsRawText(ScriptEngine.java:119)
	at com.kms.katalon.core.main.TestCaseExecutor.runScript(TestCaseExecutor.java:328)
	at com.kms.katalon.core.main.TestCaseExecutor.doExecute(TestCaseExecutor.java:319)
	at com.kms.katalon.core.main.TestCaseExecutor.processExecutionPhase(TestCaseExecutor.java:298)
	at com.kms.katalon.core.main.TestCaseExecutor.accessMainPhase(TestCaseExecutor.java:290)
	at com.kms.katalon.core.main.TestCaseExecutor.execute(TestCaseExecutor.java:224)
	at com.kms.katalon.core.main.TestCaseMain.runTestCase(TestCaseMain.java:106)
	at com.kms.katalon.core.keyword.builtin.CallTestCaseKeyword$_callTestCase_closure1.doCall(CallTestCaseKeyword.groovy:59)
	at com.kms.katalon.core.keyword.builtin.CallTestCaseKeyword$_callTestCase_closure1.call(CallTestCaseKeyword.groovy)
	at com.kms.katalon.core.keyword.internal.KeywordMain.runKeyword(KeywordMain.groovy:54)
	at com.kms.katalon.core.keyword.builtin.CallTestCaseKeyword.callTestCase(CallTestCaseKeyword.groovy:80)
	at com.kms.katalon.core.keyword.builtin.CallTestCaseKeyword.execute(CallTestCaseKeyword.groovy:44)
	at com.kms.katalon.core.keyword.internal.KeywordExecutor.executeKeywordForPlatform(KeywordExecutor.groovy:53)
	at com.kms.katalon.core.keyword.BuiltinKeywords.callTestCase(BuiltinKeywords.groovy:334)
	at Cart flyout-price comparison.run(Cart flyout-price comparison:16)
	at com.kms.katalon.core.main.ScriptEngine.run(ScriptEngine.java:194)
	at com.kms.katalon.core.main.ScriptEngine.runScriptAsRawText(ScriptEngine.java:119)
	at com.kms.katalon.core.main.TestCaseExecutor.runScript(TestCaseExecutor.java:328)
	at com.kms.katalon.core.main.TestCaseExecutor.doExecute(TestCaseExecutor.java:319)
	at com.kms.katalon.core.main.TestCaseExecutor.processExecutionPhase(TestCaseExecutor.java:298)
	at com.kms.katalon.core.main.TestCaseExecutor.accessMainPhase(TestCaseExecutor.java:290)
	at com.kms.katalon.core.main.TestCaseExecutor.execute(TestCaseExecutor.java:224)
	at com.kms.katalon.core.main.TestSuiteExecutor.accessTestCaseMainPhase(TestSuiteExecutor.java:129)
	at com.kms.katalon.core.main.TestSuiteExecutor.accessTestSuiteMainPhase(TestSuiteExecutor.java:112)
	at com.kms.katalon.core.main.TestSuiteExecutor.execute(TestSuiteExecutor.java:81)
	at com.kms.katalon.core.main.TestCaseMain.startTestSuite(TestCaseMain.java:149)
	at com.kms.katalon.core.main.TestCaseMain$startTestSuite$0.call(Unknown Source)
	at TempTestSuite1563918963353.run(TempTestSuite1563918963353.groovy:36)]]></system-err>
      </testcase>
      <testcase name="Test Cases/OCS - DESKTOP/OCS- CRITICAL PATH/Checkout - Shipping" classname="Test Cases/OCS - DESKTOP/OCS- CRITICAL PATH/Checkout - Shipping" status="PASSED">
         <system-out><![CDATA[2019-07-23 18:04:28 - [TEST_CASE][PASSED] - Test Cases/OCS - DESKTOP/OCS- CRITICAL PATH/Checkout - Shipping: Test Cases/OCS - DESKTOP/OCS- CRITICAL PATH/Checkout - Shipping

2019-07-23 18:04:28 - [TEST_STEP][PASSED] - callTestCase(findTestCase("OCS - DESKTOP/CALL- Age gate"), [:], STOP_ON_FAILURE): Call Test Case 'Test Cases/OCS - DESKTOP/CALL- Age gate' successfully

2019-07-23 18:04:28 - [TEST_CASE][PASSED] - Test Cases/OCS - DESKTOP/CALL- Age gate: Test Cases/OCS - DESKTOP/CALL- Age gate

2019-07-23 18:04:28 - [TEST_STEP][PASSED] - openBrowser(""): Browser is opened with url: ''

2019-07-23 18:04:28 - [MESSAGE][WARNING] - A browser is already opened. Closing browser and opening a new one

2019-07-23 18:04:28 - [MESSAGE][INFO] - Starting 'Chrome' driver

2019-07-23 18:04:29 - [MESSAGE][PASSED] - Browser is opened with url: ''

2019-07-23 18:04:29 - [TEST_STEP][PASSED] - navigateToUrl("https://ocs.ca/?fts=0&preview_theme_id=74209363788"): Navigate to 'https://ocs.ca/?fts=0&preview_theme_id=74209363788' successfully

2019-07-23 18:04:34 - [MESSAGE][PASSED] - Navigate to 'https://ocs.ca/?fts=0&preview_theme_id=74209363788' successfully

2019-07-23 18:04:34 - [TEST_STEP][PASSED] - maximizeWindow(): Current window maximized

2019-07-23 18:04:34 - [MESSAGE][PASSED] - Current window maximized

2019-07-23 18:04:34 - [TEST_STEP][PASSED] - delay(2): Delayed 2 second(s)

2019-07-23 18:04:36 - [MESSAGE][PASSED] - Delayed 2 second(s)

2019-07-23 18:04:36 - [TEST_STEP][PASSED] - executeJavaScript("var previewBar = document.getElementById("preview-bar-iframe"); previewBar.style.display = "none";", []): Execute JavaScript 'var previewBar = document.getElementById("preview-bar-iframe"); previewBar.style.display = "none";' successfully

2019-07-23 18:04:36 - [MESSAGE][PASSED] - Execute JavaScript 'var previewBar = document.getElementById("preview-bar-iframe"); previewBar.style.display = "none";' successfully

2019-07-23 18:04:36 - [TEST_STEP][PASSED] - selectOptionByValue(findTestObject("OCS-DESKTOP/Age gate and Mega menu/Date"), "12", true): All options with value '12' are selected in object 'Object Repository/OCS-DESKTOP/Age gate and Mega menu/Date'  using regular expression

2019-07-23 18:04:37 - [MESSAGE][PASSED] - All options with value '12' are selected in object 'Object Repository/OCS-DESKTOP/Age gate and Mega menu/Date'  using regular expression

2019-07-23 18:04:37 - [TEST_STEP][PASSED] - selectOptionByValue(findTestObject("OCS-DESKTOP/Age gate and Mega menu/month"), "6", true): All options with value '6' are selected in object 'Object Repository/OCS-DESKTOP/Age gate and Mega menu/month'  using regular expression

2019-07-23 18:04:37 - [MESSAGE][PASSED] - All options with value '6' are selected in object 'Object Repository/OCS-DESKTOP/Age gate and Mega menu/month'  using regular expression

2019-07-23 18:04:37 - [TEST_STEP][PASSED] - delay(2): Delayed 2 second(s)

2019-07-23 18:04:39 - [MESSAGE][PASSED] - Delayed 2 second(s)

2019-07-23 18:04:39 - [TEST_STEP][PASSED] - selectOptionByValue(findTestObject("OCS-DESKTOP/Age gate and Mega menu/Year Dropdown"), "1990", true): All options with value '1990' are selected in object 'Object Repository/OCS-DESKTOP/Age gate and Mega menu/Year Dropdown'  using regular expression

2019-07-23 18:04:40 - [MESSAGE][PASSED] - All options with value '1990' are selected in object 'Object Repository/OCS-DESKTOP/Age gate and Mega menu/Year Dropdown'  using regular expression

2019-07-23 18:04:40 - [TEST_STEP][PASSED] - click(findTestObject("OCS-DESKTOP/Age gate and Mega menu/button_Verify")): Object: 'Object Repository/OCS-DESKTOP/Age gate and Mega menu/button_Verify' is clicked on

2019-07-23 18:04:40 - [MESSAGE][PASSED] - Object: 'Object Repository/OCS-DESKTOP/Age gate and Mega menu/button_Verify' is clicked on

2019-07-23 18:04:40 - [TEST_STEP][PASSED] - click(findTestObject("OCS-DESKTOP/Age gate and Mega menu/Checkbox_CONFIRM AND ACKNOWLEDGE")): Object: 'Object Repository/OCS-DESKTOP/Age gate and Mega menu/Checkbox_CONFIRM AND ACKNOWLEDGE' is clicked on

2019-07-23 18:04:40 - [MESSAGE][PASSED] - Object: 'Object Repository/OCS-DESKTOP/Age gate and Mega menu/Checkbox_CONFIRM AND ACKNOWLEDGE' is clicked on

2019-07-23 18:04:40 - [TEST_STEP][PASSED] - click(findTestObject("OCS-DESKTOP/Age gate and Mega menu/button_CONFIRM")): Object: 'Object Repository/OCS-DESKTOP/Age gate and Mega menu/button_CONFIRM' is clicked on

2019-07-23 18:04:40 - [MESSAGE][PASSED] - Object: 'Object Repository/OCS-DESKTOP/Age gate and Mega menu/button_CONFIRM' is clicked on

2019-07-23 18:04:40 - [TEST_STEP][PASSED] - click(findTestObject("OCS-DESKTOP/Age gate and Mega menu/button_Start Browsing")): Object: 'Object Repository/OCS-DESKTOP/Age gate and Mega menu/button_Start Browsing' is clicked on

2019-07-23 18:04:40 - [MESSAGE][PASSED] - Object: 'Object Repository/OCS-DESKTOP/Age gate and Mega menu/button_Start Browsing' is clicked on

2019-07-23 18:04:40 - [TEST_STEP][PASSED] - delay(2): Delayed 2 second(s)

2019-07-23 18:04:42 - [MESSAGE][PASSED] - Delayed 2 second(s)

2019-07-23 18:04:42 - [TEST_STEP][PASSED] - refresh(): Refresh successfully

2019-07-23 18:04:42 - [MESSAGE][PASSED] - Refresh successfully

2019-07-23 18:04:42 - [MESSAGE][PASSED] - Call Test Case 'Test Cases/OCS - DESKTOP/CALL- Age gate' successfully

2019-07-23 18:04:42 - [TEST_STEP][PASSED] - delay(2): Delayed 2 second(s)

2019-07-23 18:04:44 - [MESSAGE][PASSED] - Delayed 2 second(s)

2019-07-23 18:04:44 - [TEST_STEP][PASSED] - click(findTestObject("OCS-DESKTOP/Age gate and Mega menu/Header/CANNABIS menu - English")): Object: 'Object Repository/OCS-DESKTOP/Age gate and Mega menu/Header/CANNABIS menu - English' is clicked on

2019-07-23 18:04:46 - [MESSAGE][PASSED] - Object: 'Object Repository/OCS-DESKTOP/Age gate and Mega menu/Header/CANNABIS menu - English' is clicked on

2019-07-23 18:04:46 - [TEST_STEP][PASSED] - executeJavaScript("var previewBar = document.getElementById("preview-bar-iframe"); previewBar.style.display = "none";", []): Execute JavaScript 'var previewBar = document.getElementById("preview-bar-iframe"); previewBar.style.display = "none";' successfully

2019-07-23 18:04:46 - [MESSAGE][PASSED] - Execute JavaScript 'var previewBar = document.getElementById("preview-bar-iframe"); previewBar.style.display = "none";' successfully

2019-07-23 18:04:46 - [TEST_STEP][PASSED] - delay(2): Delayed 2 second(s)

2019-07-23 18:04:48 - [MESSAGE][PASSED] - Delayed 2 second(s)

2019-07-23 18:04:48 - [TEST_STEP][PASSED] - click(findTestObject("OCS-DESKTOP/Age gate and Mega menu/Indica Dominant_Menu item")): Object: 'Object Repository/OCS-DESKTOP/Age gate and Mega menu/Indica Dominant_Menu item' is clicked on

2019-07-23 18:04:51 - [MESSAGE][PASSED] - Object: 'Object Repository/OCS-DESKTOP/Age gate and Mega menu/Indica Dominant_Menu item' is clicked on

2019-07-23 18:04:51 - [TEST_STEP][PASSED] - executeJavaScript("var previewBar = document.getElementById("preview-bar-iframe"); previewBar.style.display = "none";", []): Execute JavaScript 'var previewBar = document.getElementById("preview-bar-iframe"); previewBar.style.display = "none";' successfully

2019-07-23 18:04:51 - [MESSAGE][PASSED] - Execute JavaScript 'var previewBar = document.getElementById("preview-bar-iframe"); previewBar.style.display = "none";' successfully

2019-07-23 18:04:51 - [TEST_STEP][PASSED] - delay(2): Delayed 2 second(s)

2019-07-23 18:04:53 - [MESSAGE][PASSED] - Delayed 2 second(s)

2019-07-23 18:04:53 - [TEST_STEP][PASSED] - click(findTestObject("OCS-DESKTOP/Collection page/Product image - 1st one")): Object: 'Object Repository/OCS-DESKTOP/Collection page/Product image - 1st one' is clicked on

2019-07-23 18:04:57 - [MESSAGE][PASSED] - Object: 'Object Repository/OCS-DESKTOP/Collection page/Product image - 1st one' is clicked on

2019-07-23 18:04:57 - [TEST_STEP][PASSED] - executeJavaScript("var previewBar = document.getElementById("preview-bar-iframe"); previewBar.style.display = "none";", []): Execute JavaScript 'var previewBar = document.getElementById("preview-bar-iframe"); previewBar.style.display = "none";' successfully

2019-07-23 18:04:57 - [MESSAGE][PASSED] - Execute JavaScript 'var previewBar = document.getElementById("preview-bar-iframe"); previewBar.style.display = "none";' successfully

2019-07-23 18:04:57 - [TEST_STEP][PASSED] - delay(1): Delayed 1 second(s)

2019-07-23 18:04:58 - [MESSAGE][PASSED] - Delayed 1 second(s)

2019-07-23 18:04:58 - [TEST_STEP][PASSED] - delay(3): Delayed 3 second(s)

2019-07-23 18:05:01 - [MESSAGE][PASSED] - Delayed 3 second(s)

2019-07-23 18:05:01 - [TEST_STEP][NOT_RUN] - scrollToElement(findTestObject("OCS-DESKTOP/Product page/Product image"), 1): NOT_RUN: scrollToElement(findTestObject("OCS-DESKTOP/Product page/Product image"), 1)

2019-07-23 18:05:01 - [MESSAGE][NOT_RUN] - NOT_RUN: scrollToElement(findTestObject("OCS-DESKTOP/Product page/Product image"), 1)

2019-07-23 18:05:01 - [TEST_STEP][PASSED] - click(findTestObject("OCS-DESKTOP/Product page/Swatch_1g")): Object: 'Object Repository/OCS-DESKTOP/Product page/Swatch_1g' is clicked on

2019-07-23 18:05:01 - [MESSAGE][PASSED] - Object: 'Object Repository/OCS-DESKTOP/Product page/Swatch_1g' is clicked on

2019-07-23 18:05:01 - [TEST_STEP][PASSED] - delay(2): Delayed 2 second(s)

2019-07-23 18:05:03 - [MESSAGE][PASSED] - Delayed 2 second(s)

2019-07-23 18:05:03 - [TEST_STEP][PASSED] - click(findTestObject("OCS-DESKTOP/Product page/Add to Bag-button")): Object: 'Object Repository/OCS-DESKTOP/Product page/Add to Bag-button' is clicked on

2019-07-23 18:05:03 - [MESSAGE][PASSED] - Object: 'Object Repository/OCS-DESKTOP/Product page/Add to Bag-button' is clicked on

2019-07-23 18:05:03 - [TEST_STEP][PASSED] - delay(1): Delayed 1 second(s)

2019-07-23 18:05:04 - [MESSAGE][PASSED] - Delayed 1 second(s)

2019-07-23 18:05:04 - [TEST_STEP][PASSED] - click(findTestObject("OCS-DESKTOP/Home - page/view my bag - cart dropdown")): Object: 'Object Repository/OCS-DESKTOP/Home - page/view my bag - cart dropdown' is clicked on

2019-07-23 18:05:04 - [MESSAGE][PASSED] - Object: 'Object Repository/OCS-DESKTOP/Home - page/view my bag - cart dropdown' is clicked on

2019-07-23 18:05:04 - [TEST_STEP][PASSED] - delay(3): Delayed 3 second(s)

2019-07-23 18:05:07 - [MESSAGE][PASSED] - Delayed 3 second(s)

2019-07-23 18:05:07 - [TEST_STEP][PASSED] - click(findTestObject("OCS-DESKTOP/Cart flyout/Checkbox_I confirm that")): Object: 'Object Repository/OCS-DESKTOP/Cart flyout/Checkbox_I confirm that' is clicked on

2019-07-23 18:05:07 - [MESSAGE][PASSED] - Object: 'Object Repository/OCS-DESKTOP/Cart flyout/Checkbox_I confirm that' is clicked on

2019-07-23 18:05:07 - [TEST_STEP][PASSED] - delay(2): Delayed 2 second(s)

2019-07-23 18:05:09 - [MESSAGE][PASSED] - Delayed 2 second(s)

2019-07-23 18:05:09 - [TEST_STEP][PASSED] - click(findTestObject("OCS-DESKTOP/Cart flyout/Checkbox_Accept the Terms Condition")): Object: 'Object Repository/OCS-DESKTOP/Cart flyout/Checkbox_Accept the Terms Condition' is clicked on

2019-07-23 18:05:09 - [MESSAGE][PASSED] - Object: 'Object Repository/OCS-DESKTOP/Cart flyout/Checkbox_Accept the Terms Condition' is clicked on

2019-07-23 18:05:09 - [TEST_STEP][PASSED] - delay(2): Delayed 2 second(s)

2019-07-23 18:05:11 - [MESSAGE][PASSED] - Delayed 2 second(s)

2019-07-23 18:05:11 - [TEST_STEP][PASSED] - click(findTestObject("OCS-DESKTOP/Cart flyout/Checkout - Button")): Object: 'Object Repository/OCS-DESKTOP/Cart flyout/Checkout - Button' is clicked on

2019-07-23 18:05:14 - [MESSAGE][PASSED] - Object: 'Object Repository/OCS-DESKTOP/Cart flyout/Checkout - Button' is clicked on

2019-07-23 18:05:14 - [TEST_STEP][PASSED] - executeJavaScript("var previewBar = document.getElementById("preview-bar-iframe"); previewBar.style.display = "none";", []): Execute JavaScript 'var previewBar = document.getElementById("preview-bar-iframe"); previewBar.style.display = "none";' successfully

2019-07-23 18:05:14 - [MESSAGE][PASSED] - Execute JavaScript 'var previewBar = document.getElementById("preview-bar-iframe"); previewBar.style.display = "none";' successfully

2019-07-23 18:05:14 - [TEST_STEP][PASSED] - delay(1): Delayed 1 second(s)

2019-07-23 18:05:15 - [MESSAGE][PASSED] - Delayed 1 second(s)

2019-07-23 18:05:15 - [TEST_STEP][PASSED] - scrollToElement(findTestObject("OCS-DESKTOP/Customer info page/input_Email"), 0): Scroll to object 'Object Repository/OCS-DESKTOP/Customer info page/input_Email' successfully

2019-07-23 18:05:15 - [MESSAGE][WARNING] - Timeout '0' is invalid. Using default page load timeout: '30'

2019-07-23 18:05:15 - [MESSAGE][PASSED] - Scroll to object 'Object Repository/OCS-DESKTOP/Customer info page/input_Email' successfully

2019-07-23 18:05:15 - [TEST_STEP][PASSED] - setText(findTestObject("OCS-DESKTOP/Customer info page/input_Email"), "suman.kompelly@diffagency.com"): Text 'suman.kompelly@diffagency.com' is set on object 'Object Repository/OCS-DESKTOP/Customer info page/input_Email'

2019-07-23 18:05:15 - [MESSAGE][PASSED] - Text 'suman.kompelly@diffagency.com' is set on object 'Object Repository/OCS-DESKTOP/Customer info page/input_Email'

2019-07-23 18:05:15 - [TEST_STEP][PASSED] - setText(findTestObject("OCS-DESKTOP/Customer info page/input_First name"), "suman"): Text 'suman' is set on object 'Object Repository/OCS-DESKTOP/Customer info page/input_First name'

2019-07-23 18:05:15 - [MESSAGE][PASSED] - Text 'suman' is set on object 'Object Repository/OCS-DESKTOP/Customer info page/input_First name'

2019-07-23 18:05:15 - [TEST_STEP][PASSED] - setText(findTestObject("OCS-DESKTOP/Customer info page/input_Last name"), "kompelly"): Text 'kompelly' is set on object 'Object Repository/OCS-DESKTOP/Customer info page/input_Last name'

2019-07-23 18:05:16 - [MESSAGE][PASSED] - Text 'kompelly' is set on object 'Object Repository/OCS-DESKTOP/Customer info page/input_Last name'

2019-07-23 18:05:16 - [TEST_STEP][PASSED] - setText(findTestObject("OCS-DESKTOP/Customer info page/input_Address"), "300 saint alxendre"): Text '300 saint alxendre' is set on object 'Object Repository/OCS-DESKTOP/Customer info page/input_Address'

2019-07-23 18:05:16 - [MESSAGE][PASSED] - Text '300 saint alxendre' is set on object 'Object Repository/OCS-DESKTOP/Customer info page/input_Address'

2019-07-23 18:05:16 - [TEST_STEP][PASSED] - setText(findTestObject("OCS-DESKTOP/Customer info page/input_Apartment suite etc. (op"), "199"): Text '199' is set on object 'Object Repository/OCS-DESKTOP/Customer info page/input_Apartment suite etc. (op'

2019-07-23 18:05:16 - [MESSAGE][PASSED] - Text '199' is set on object 'Object Repository/OCS-DESKTOP/Customer info page/input_Apartment suite etc. (op'

2019-07-23 18:05:16 - [TEST_STEP][PASSED] - setText(findTestObject("OCS-DESKTOP/Customer info page/input_City"), "montreal"): Text 'montreal' is set on object 'Object Repository/OCS-DESKTOP/Customer info page/input_City'

2019-07-23 18:05:16 - [MESSAGE][PASSED] - Text 'montreal' is set on object 'Object Repository/OCS-DESKTOP/Customer info page/input_City'

2019-07-23 18:05:16 - [TEST_STEP][PASSED] - setText(findTestObject("OCS-DESKTOP/Customer info page/input_Postal code"), "n0R1K0"): Text 'n0R1K0' is set on object 'Object Repository/OCS-DESKTOP/Customer info page/input_Postal code'

2019-07-23 18:05:16 - [MESSAGE][PASSED] - Text 'n0R1K0' is set on object 'Object Repository/OCS-DESKTOP/Customer info page/input_Postal code'

2019-07-23 18:05:16 - [TEST_STEP][PASSED] - setText(findTestObject("OCS-DESKTOP/Customer info page/input_Phone"), "(514) 449-3882"): Text '(514) 449-3882' is set on object 'Object Repository/OCS-DESKTOP/Customer info page/input_Phone'

2019-07-23 18:05:17 - [MESSAGE][PASSED] - Text '(514) 449-3882' is set on object 'Object Repository/OCS-DESKTOP/Customer info page/input_Phone'

2019-07-23 18:05:17 - [TEST_STEP][PASSED] - delay(1): Delayed 1 second(s)

2019-07-23 18:05:18 - [MESSAGE][PASSED] - Delayed 1 second(s)

2019-07-23 18:05:18 - [TEST_STEP][PASSED] - executeJavaScript("var previewBar = document.getElementById("preview-bar-iframe"); previewBar.style.display = "none";", []): Execute JavaScript 'var previewBar = document.getElementById("preview-bar-iframe"); previewBar.style.display = "none";' successfully

2019-07-23 18:05:18 - [MESSAGE][PASSED] - Execute JavaScript 'var previewBar = document.getElementById("preview-bar-iframe"); previewBar.style.display = "none";' successfully

2019-07-23 18:05:18 - [TEST_STEP][PASSED] - click(findTestObject("OCS-DESKTOP/Customer info page/Continue to shipping method - Button")): Object: 'Object Repository/OCS-DESKTOP/Customer info page/Continue to shipping method - Button' is clicked on

2019-07-23 18:05:19 - [MESSAGE][PASSED] - Object: 'Object Repository/OCS-DESKTOP/Customer info page/Continue to shipping method - Button' is clicked on

2019-07-23 18:05:19 - [TEST_STEP][PASSED] - delay(1): Delayed 1 second(s)

2019-07-23 18:05:20 - [MESSAGE][PASSED] - Delayed 1 second(s)

2019-07-23 18:05:20 - [TEST_STEP][PASSED] - click(findTestObject("OCS-DESKTOP/Shipping page/Change link")): Object: 'Object Repository/OCS-DESKTOP/Shipping page/Change link' is clicked on

2019-07-23 18:05:22 - [MESSAGE][PASSED] - Object: 'Object Repository/OCS-DESKTOP/Shipping page/Change link' is clicked on

2019-07-23 18:05:22 - [TEST_STEP][PASSED] - executeJavaScript("var previewBar = document.getElementById("preview-bar-iframe"); previewBar.style.display = "none";", []): Execute JavaScript 'var previewBar = document.getElementById("preview-bar-iframe"); previewBar.style.display = "none";' successfully

2019-07-23 18:05:22 - [MESSAGE][PASSED] - Execute JavaScript 'var previewBar = document.getElementById("preview-bar-iframe"); previewBar.style.display = "none";' successfully

2019-07-23 18:05:22 - [TEST_STEP][PASSED] - delay(1): Delayed 1 second(s)

2019-07-23 18:05:23 - [MESSAGE][PASSED] - Delayed 1 second(s)

2019-07-23 18:05:23 - [TEST_STEP][PASSED] - click(findTestObject("OCS-DESKTOP/Customer info page/Continue to shipping method - Button")): Object: 'Object Repository/OCS-DESKTOP/Customer info page/Continue to shipping method - Button' is clicked on

2019-07-23 18:05:25 - [MESSAGE][PASSED] - Object: 'Object Repository/OCS-DESKTOP/Customer info page/Continue to shipping method - Button' is clicked on

2019-07-23 18:05:25 - [TEST_STEP][PASSED] - delay(1): Delayed 1 second(s)

2019-07-23 18:05:26 - [MESSAGE][PASSED] - Delayed 1 second(s)

2019-07-23 18:05:26 - [TEST_STEP][PASSED] - executeJavaScript("var previewBar = document.getElementById("preview-bar-iframe"); previewBar.style.display = "none";", []): Execute JavaScript 'var previewBar = document.getElementById("preview-bar-iframe"); previewBar.style.display = "none";' successfully

2019-07-23 18:05:26 - [MESSAGE][PASSED] - Execute JavaScript 'var previewBar = document.getElementById("preview-bar-iframe"); previewBar.style.display = "none";' successfully

2019-07-23 18:05:26 - [TEST_STEP][PASSED] - delay(1): Delayed 1 second(s)

2019-07-23 18:05:27 - [MESSAGE][PASSED] - Delayed 1 second(s)

2019-07-23 18:05:27 - [TEST_STEP][PASSED] - click(findTestObject("OCS-DESKTOP/Shipping page/Change link 2")): Object: 'Object Repository/OCS-DESKTOP/Shipping page/Change link 2' is clicked on

2019-07-23 18:05:28 - [MESSAGE][PASSED] - Object: 'Object Repository/OCS-DESKTOP/Shipping page/Change link 2' is clicked on

2019-07-23 18:05:28 - [TEST_STEP][PASSED] - executeJavaScript("var previewBar = document.getElementById("preview-bar-iframe"); previewBar.style.display = "none";", []): Execute JavaScript 'var previewBar = document.getElementById("preview-bar-iframe"); previewBar.style.display = "none";' successfully

2019-07-23 18:05:28 - [MESSAGE][PASSED] - Execute JavaScript 'var previewBar = document.getElementById("preview-bar-iframe"); previewBar.style.display = "none";' successfully

2019-07-23 18:05:28 - [TEST_STEP][PASSED] - delay(1): Delayed 1 second(s)

2019-07-23 18:05:29 - [MESSAGE][PASSED] - Delayed 1 second(s)

2019-07-23 18:05:29 - [TEST_STEP][PASSED] - click(findTestObject("OCS-DESKTOP/Customer info page/Continue to shipping method - Button"), CONTINUE_ON_FAILURE): Object: 'Object Repository/OCS-DESKTOP/Customer info page/Continue to shipping method - Button' is clicked on

2019-07-23 18:05:31 - [MESSAGE][PASSED] - Object: 'Object Repository/OCS-DESKTOP/Customer info page/Continue to shipping method - Button' is clicked on

2019-07-23 18:05:31 - [TEST_STEP][PASSED] - delay(1): Delayed 1 second(s)

2019-07-23 18:05:32 - [MESSAGE][PASSED] - Delayed 1 second(s)

2019-07-23 18:05:32 - [TEST_STEP][PASSED] - executeJavaScript("var previewBar = document.getElementById("preview-bar-iframe"); previewBar.style.display = "none";", []): Execute JavaScript 'var previewBar = document.getElementById("preview-bar-iframe"); previewBar.style.display = "none";' successfully

2019-07-23 18:05:32 - [MESSAGE][PASSED] - Execute JavaScript 'var previewBar = document.getElementById("preview-bar-iframe"); previewBar.style.display = "none";' successfully

2019-07-23 18:05:32 - [TEST_STEP][PASSED] - delay(1): Delayed 1 second(s)

2019-07-23 18:05:33 - [MESSAGE][PASSED] - Delayed 1 second(s)

2019-07-23 18:05:33 - [TEST_STEP][PASSED] - click(findTestObject("OCS-DESKTOP/Shipping page/Return to customer info")): Object: 'Object Repository/OCS-DESKTOP/Shipping page/Return to customer info' is clicked on

2019-07-23 18:05:35 - [MESSAGE][PASSED] - Object: 'Object Repository/OCS-DESKTOP/Shipping page/Return to customer info' is clicked on

2019-07-23 18:05:35 - [TEST_STEP][PASSED] - executeJavaScript("var previewBar = document.getElementById("preview-bar-iframe"); previewBar.style.display = "none";", []): Execute JavaScript 'var previewBar = document.getElementById("preview-bar-iframe"); previewBar.style.display = "none";' successfully

2019-07-23 18:05:35 - [MESSAGE][PASSED] - Execute JavaScript 'var previewBar = document.getElementById("preview-bar-iframe"); previewBar.style.display = "none";' successfully

2019-07-23 18:05:35 - [TEST_STEP][PASSED] - delay(1): Delayed 1 second(s)

2019-07-23 18:05:36 - [MESSAGE][PASSED] - Delayed 1 second(s)

2019-07-23 18:05:36 - [TEST_STEP][PASSED] - click(findTestObject("OCS-DESKTOP/Customer info page/Continue to shipping method - Button")): Object: 'Object Repository/OCS-DESKTOP/Customer info page/Continue to shipping method - Button' is clicked on

2019-07-23 18:05:38 - [MESSAGE][PASSED] - Object: 'Object Repository/OCS-DESKTOP/Customer info page/Continue to shipping method - Button' is clicked on

2019-07-23 18:05:38 - [TEST_STEP][PASSED] - delay(1): Delayed 1 second(s)

2019-07-23 18:05:39 - [MESSAGE][PASSED] - Delayed 1 second(s)

2019-07-23 18:05:39 - [TEST_STEP][PASSED] - executeJavaScript("var previewBar = document.getElementById("preview-bar-iframe"); previewBar.style.display = "none";", []): Execute JavaScript 'var previewBar = document.getElementById("preview-bar-iframe"); previewBar.style.display = "none";' successfully

2019-07-23 18:05:39 - [MESSAGE][PASSED] - Execute JavaScript 'var previewBar = document.getElementById("preview-bar-iframe"); previewBar.style.display = "none";' successfully

2019-07-23 18:05:39 - [TEST_STEP][PASSED] - click(findTestObject("OCS-DESKTOP/Customer info page/Cart - Breadcrumb link")): Object: 'Object Repository/OCS-DESKTOP/Customer info page/Cart - Breadcrumb link' is clicked on

2019-07-23 18:05:40 - [MESSAGE][PASSED] - Object: 'Object Repository/OCS-DESKTOP/Customer info page/Cart - Breadcrumb link' is clicked on

2019-07-23 18:05:40 - [TEST_STEP][PASSED] - delay(1): Delayed 1 second(s)

2019-07-23 18:05:41 - [MESSAGE][PASSED] - Delayed 1 second(s)

2019-07-23 18:05:41 - [TEST_STEP][PASSED] - executeJavaScript("var previewBar = document.getElementById("preview-bar-iframe"); previewBar.style.display = "none";", []): Execute JavaScript 'var previewBar = document.getElementById("preview-bar-iframe"); previewBar.style.display = "none";' successfully

2019-07-23 18:05:41 - [MESSAGE][PASSED] - Execute JavaScript 'var previewBar = document.getElementById("preview-bar-iframe"); previewBar.style.display = "none";' successfully

2019-07-23 18:05:41 - [TEST_STEP][PASSED] - delay(1): Delayed 1 second(s)

2019-07-23 18:05:42 - [MESSAGE][PASSED] - Delayed 1 second(s)

2019-07-23 18:05:42 - [TEST_STEP][PASSED] - click(findTestObject("OCS-DESKTOP/Cart page/cart page-Checkbox_I confirm that")): Object: 'Object Repository/OCS-DESKTOP/Cart page/cart page-Checkbox_I confirm that' is clicked on

2019-07-23 18:05:42 - [MESSAGE][PASSED] - Object: 'Object Repository/OCS-DESKTOP/Cart page/cart page-Checkbox_I confirm that' is clicked on

2019-07-23 18:05:42 - [TEST_STEP][PASSED] - delay(1): Delayed 1 second(s)

2019-07-23 18:05:43 - [MESSAGE][PASSED] - Delayed 1 second(s)

2019-07-23 18:05:43 - [TEST_STEP][PASSED] - click(findTestObject("OCS-DESKTOP/Cart page/cart page - Checkbox_Accept the Terms Condition")): Object: 'Object Repository/OCS-DESKTOP/Cart page/cart page - Checkbox_Accept the Terms Condition' is clicked on

2019-07-23 18:05:44 - [MESSAGE][PASSED] - Object: 'Object Repository/OCS-DESKTOP/Cart page/cart page - Checkbox_Accept the Terms Condition' is clicked on

2019-07-23 18:05:44 - [TEST_STEP][PASSED] - delay(1): Delayed 1 second(s)

2019-07-23 18:05:45 - [MESSAGE][PASSED] - Delayed 1 second(s)

2019-07-23 18:05:45 - [TEST_STEP][PASSED] - click(findTestObject("OCS-DESKTOP/Cart page/Cart page -checkout button")): Object: 'Object Repository/OCS-DESKTOP/Cart page/Cart page -checkout button' is clicked on

2019-07-23 18:05:51 - [MESSAGE][PASSED] - Object: 'Object Repository/OCS-DESKTOP/Cart page/Cart page -checkout button' is clicked on

2019-07-23 18:05:51 - [TEST_STEP][PASSED] - delay(1): Delayed 1 second(s)

2019-07-23 18:05:52 - [MESSAGE][PASSED] - Delayed 1 second(s)

2019-07-23 18:05:52 - [TEST_STEP][PASSED] - click(findTestObject("OCS-DESKTOP/Payment -page/Information - Breadcrumb link")): Object: 'Object Repository/OCS-DESKTOP/Payment -page/Information - Breadcrumb link' is clicked on

2019-07-23 18:05:57 - [MESSAGE][PASSED] - Object: 'Object Repository/OCS-DESKTOP/Payment -page/Information - Breadcrumb link' is clicked on

2019-07-23 18:05:57 - [TEST_STEP][PASSED] - delay(1): Delayed 1 second(s)

2019-07-23 18:05:58 - [MESSAGE][PASSED] - Delayed 1 second(s)

2019-07-23 18:05:58 - [TEST_STEP][PASSED] - executeJavaScript("var previewBar = document.getElementById("preview-bar-iframe"); previewBar.style.display = "none";", []): Execute JavaScript 'var previewBar = document.getElementById("preview-bar-iframe"); previewBar.style.display = "none";' successfully

2019-07-23 18:05:58 - [MESSAGE][PASSED] - Execute JavaScript 'var previewBar = document.getElementById("preview-bar-iframe"); previewBar.style.display = "none";' successfully

2019-07-23 18:05:58 - [TEST_STEP][PASSED] - click(findTestObject("OCS-DESKTOP/Customer info page/Continue to shipping method - Button")): Object: 'Object Repository/OCS-DESKTOP/Customer info page/Continue to shipping method - Button' is clicked on

2019-07-23 18:06:01 - [MESSAGE][PASSED] - Object: 'Object Repository/OCS-DESKTOP/Customer info page/Continue to shipping method - Button' is clicked on

2019-07-23 18:06:01 - [TEST_STEP][PASSED] - delay(1): Delayed 1 second(s)

2019-07-23 18:06:02 - [MESSAGE][PASSED] - Delayed 1 second(s)

2019-07-23 18:06:02 - [TEST_STEP][PASSED] - executeJavaScript("var previewBar = document.getElementById("preview-bar-iframe"); previewBar.style.display = "none";", []): Execute JavaScript 'var previewBar = document.getElementById("preview-bar-iframe"); previewBar.style.display = "none";' successfully

2019-07-23 18:06:02 - [MESSAGE][PASSED] - Execute JavaScript 'var previewBar = document.getElementById("preview-bar-iframe"); previewBar.style.display = "none";' successfully

2019-07-23 18:06:02 - [TEST_STEP][PASSED] - click(findTestObject("OCS-DESKTOP/Shipping page/Continue to payment method - Button")): Object: 'Object Repository/OCS-DESKTOP/Shipping page/Continue to payment method - Button' is clicked on

2019-07-23 18:06:05 - [MESSAGE][PASSED] - Object: 'Object Repository/OCS-DESKTOP/Shipping page/Continue to payment method - Button' is clicked on

2019-07-23 18:06:05 - [TEST_STEP][PASSED] - closeBrowser(): Browser is closed

2019-07-23 18:06:05 - [MESSAGE][PASSED] - Browser is closed]]></system-out>
         <system-err><![CDATA[]]></system-err>
      </testcase>
      <testcase name="Test Cases/OCS - DESKTOP/OCS- CRITICAL PATH/Cart page- decrease qty" classname="Test Cases/OCS - DESKTOP/OCS- CRITICAL PATH/Cart page- decrease qty" status="PASSED">
         <system-out><![CDATA[2019-07-23 18:06:05 - [TEST_CASE][PASSED] - Test Cases/OCS - DESKTOP/OCS- CRITICAL PATH/Cart page- decrease qty: Test Cases/OCS - DESKTOP/OCS- CRITICAL PATH/Cart page- decrease qty

2019-07-23 18:06:06 - [TEST_STEP][PASSED] - callTestCase(findTestCase("OCS - DESKTOP/CALL- Age gate"), [:], STOP_ON_FAILURE): Call Test Case 'Test Cases/OCS - DESKTOP/CALL- Age gate' successfully

2019-07-23 18:06:06 - [TEST_CASE][PASSED] - Test Cases/OCS - DESKTOP/CALL- Age gate: Test Cases/OCS - DESKTOP/CALL- Age gate

2019-07-23 18:06:06 - [TEST_STEP][PASSED] - openBrowser(""): Browser is opened with url: ''

2019-07-23 18:06:06 - [MESSAGE][INFO] - Starting 'Chrome' driver

2019-07-23 18:06:07 - [MESSAGE][PASSED] - Browser is opened with url: ''

2019-07-23 18:06:07 - [TEST_STEP][PASSED] - navigateToUrl("https://ocs.ca/?fts=0&preview_theme_id=74209363788"): Navigate to 'https://ocs.ca/?fts=0&preview_theme_id=74209363788' successfully

2019-07-23 18:06:12 - [MESSAGE][PASSED] - Navigate to 'https://ocs.ca/?fts=0&preview_theme_id=74209363788' successfully

2019-07-23 18:06:12 - [TEST_STEP][PASSED] - maximizeWindow(): Current window maximized

2019-07-23 18:06:12 - [MESSAGE][PASSED] - Current window maximized

2019-07-23 18:06:12 - [TEST_STEP][PASSED] - delay(2): Delayed 2 second(s)

2019-07-23 18:06:14 - [MESSAGE][PASSED] - Delayed 2 second(s)

2019-07-23 18:06:14 - [TEST_STEP][PASSED] - executeJavaScript("var previewBar = document.getElementById("preview-bar-iframe"); previewBar.style.display = "none";", []): Execute JavaScript 'var previewBar = document.getElementById("preview-bar-iframe"); previewBar.style.display = "none";' successfully

2019-07-23 18:06:14 - [MESSAGE][PASSED] - Execute JavaScript 'var previewBar = document.getElementById("preview-bar-iframe"); previewBar.style.display = "none";' successfully

2019-07-23 18:06:14 - [TEST_STEP][PASSED] - selectOptionByValue(findTestObject("OCS-DESKTOP/Age gate and Mega menu/Date"), "12", true): All options with value '12' are selected in object 'Object Repository/OCS-DESKTOP/Age gate and Mega menu/Date'  using regular expression

2019-07-23 18:06:15 - [MESSAGE][PASSED] - All options with value '12' are selected in object 'Object Repository/OCS-DESKTOP/Age gate and Mega menu/Date'  using regular expression

2019-07-23 18:06:15 - [TEST_STEP][PASSED] - selectOptionByValue(findTestObject("OCS-DESKTOP/Age gate and Mega menu/month"), "6", true): All options with value '6' are selected in object 'Object Repository/OCS-DESKTOP/Age gate and Mega menu/month'  using regular expression

2019-07-23 18:06:15 - [MESSAGE][PASSED] - All options with value '6' are selected in object 'Object Repository/OCS-DESKTOP/Age gate and Mega menu/month'  using regular expression

2019-07-23 18:06:15 - [TEST_STEP][PASSED] - delay(2): Delayed 2 second(s)

2019-07-23 18:06:17 - [MESSAGE][PASSED] - Delayed 2 second(s)

2019-07-23 18:06:17 - [TEST_STEP][PASSED] - selectOptionByValue(findTestObject("OCS-DESKTOP/Age gate and Mega menu/Year Dropdown"), "1990", true): All options with value '1990' are selected in object 'Object Repository/OCS-DESKTOP/Age gate and Mega menu/Year Dropdown'  using regular expression

2019-07-23 18:06:18 - [MESSAGE][PASSED] - All options with value '1990' are selected in object 'Object Repository/OCS-DESKTOP/Age gate and Mega menu/Year Dropdown'  using regular expression

2019-07-23 18:06:18 - [TEST_STEP][PASSED] - click(findTestObject("OCS-DESKTOP/Age gate and Mega menu/button_Verify")): Object: 'Object Repository/OCS-DESKTOP/Age gate and Mega menu/button_Verify' is clicked on

2019-07-23 18:06:18 - [MESSAGE][PASSED] - Object: 'Object Repository/OCS-DESKTOP/Age gate and Mega menu/button_Verify' is clicked on

2019-07-23 18:06:18 - [TEST_STEP][PASSED] - click(findTestObject("OCS-DESKTOP/Age gate and Mega menu/Checkbox_CONFIRM AND ACKNOWLEDGE")): Object: 'Object Repository/OCS-DESKTOP/Age gate and Mega menu/Checkbox_CONFIRM AND ACKNOWLEDGE' is clicked on

2019-07-23 18:06:18 - [MESSAGE][PASSED] - Object: 'Object Repository/OCS-DESKTOP/Age gate and Mega menu/Checkbox_CONFIRM AND ACKNOWLEDGE' is clicked on

2019-07-23 18:06:18 - [TEST_STEP][PASSED] - click(findTestObject("OCS-DESKTOP/Age gate and Mega menu/button_CONFIRM")): Object: 'Object Repository/OCS-DESKTOP/Age gate and Mega menu/button_CONFIRM' is clicked on

2019-07-23 18:06:18 - [MESSAGE][PASSED] - Object: 'Object Repository/OCS-DESKTOP/Age gate and Mega menu/button_CONFIRM' is clicked on

2019-07-23 18:06:18 - [TEST_STEP][PASSED] - click(findTestObject("OCS-DESKTOP/Age gate and Mega menu/button_Start Browsing")): Object: 'Object Repository/OCS-DESKTOP/Age gate and Mega menu/button_Start Browsing' is clicked on

2019-07-23 18:06:18 - [MESSAGE][PASSED] - Object: 'Object Repository/OCS-DESKTOP/Age gate and Mega menu/button_Start Browsing' is clicked on

2019-07-23 18:06:18 - [TEST_STEP][PASSED] - delay(2): Delayed 2 second(s)

2019-07-23 18:06:20 - [MESSAGE][PASSED] - Delayed 2 second(s)

2019-07-23 18:06:20 - [TEST_STEP][PASSED] - refresh(): Refresh successfully

2019-07-23 18:06:20 - [MESSAGE][PASSED] - Refresh successfully

2019-07-23 18:06:20 - [MESSAGE][PASSED] - Call Test Case 'Test Cases/OCS - DESKTOP/CALL- Age gate' successfully

2019-07-23 18:06:20 - [TEST_STEP][PASSED] - delay(2): Delayed 2 second(s)

2019-07-23 18:06:22 - [MESSAGE][PASSED] - Delayed 2 second(s)

2019-07-23 18:06:22 - [TEST_STEP][PASSED] - click(findTestObject("OCS-DESKTOP/Age gate and Mega menu/Header/CANNABIS menu - English")): Object: 'Object Repository/OCS-DESKTOP/Age gate and Mega menu/Header/CANNABIS menu - English' is clicked on

2019-07-23 18:06:24 - [MESSAGE][PASSED] - Object: 'Object Repository/OCS-DESKTOP/Age gate and Mega menu/Header/CANNABIS menu - English' is clicked on

2019-07-23 18:06:24 - [TEST_STEP][PASSED] - delay(2): Delayed 2 second(s)

2019-07-23 18:06:26 - [MESSAGE][PASSED] - Delayed 2 second(s)

2019-07-23 18:06:26 - [TEST_STEP][PASSED] - click(findTestObject("OCS-DESKTOP/Age gate and Mega menu/Indica Dominant_Menu item")): Object: 'Object Repository/OCS-DESKTOP/Age gate and Mega menu/Indica Dominant_Menu item' is clicked on

2019-07-23 18:06:29 - [MESSAGE][PASSED] - Object: 'Object Repository/OCS-DESKTOP/Age gate and Mega menu/Indica Dominant_Menu item' is clicked on

2019-07-23 18:06:29 - [TEST_STEP][PASSED] - executeJavaScript("var previewBar = document.getElementById("preview-bar-iframe"); previewBar.style.display = "none";", []): Execute JavaScript 'var previewBar = document.getElementById("preview-bar-iframe"); previewBar.style.display = "none";' successfully

2019-07-23 18:06:29 - [MESSAGE][PASSED] - Execute JavaScript 'var previewBar = document.getElementById("preview-bar-iframe"); previewBar.style.display = "none";' successfully

2019-07-23 18:06:29 - [TEST_STEP][PASSED] - delay(2): Delayed 2 second(s)

2019-07-23 18:06:31 - [MESSAGE][PASSED] - Delayed 2 second(s)

2019-07-23 18:06:31 - [TEST_STEP][NOT_RUN] - click(findTestObject("OCS-DESKTOP/Age gate and Mega menu/Dried Flower_Plus icon")): NOT_RUN: click(findTestObject("OCS-DESKTOP/Age gate and Mega menu/Dried Flower_Plus icon"))

2019-07-23 18:06:31 - [MESSAGE][NOT_RUN] - NOT_RUN: click(findTestObject("OCS-DESKTOP/Age gate and Mega menu/Dried Flower_Plus icon"))

2019-07-23 18:06:31 - [TEST_STEP][PASSED] - delay(2): Delayed 2 second(s)

2019-07-23 18:06:33 - [MESSAGE][PASSED] - Delayed 2 second(s)

2019-07-23 18:06:33 - [TEST_STEP][NOT_RUN] - click(findTestObject("OCS-DESKTOP/Age gate and Mega menu/Indica Dominant_Menu item")): NOT_RUN: click(findTestObject("OCS-DESKTOP/Age gate and Mega menu/Indica Dominant_Menu item"))

2019-07-23 18:06:33 - [MESSAGE][NOT_RUN] - NOT_RUN: click(findTestObject("OCS-DESKTOP/Age gate and Mega menu/Indica Dominant_Menu item"))

2019-07-23 18:06:33 - [TEST_STEP][PASSED] - delay(2): Delayed 2 second(s)

2019-07-23 18:06:35 - [MESSAGE][PASSED] - Delayed 2 second(s)

2019-07-23 18:06:35 - [TEST_STEP][PASSED] - click(findTestObject("OCS-DESKTOP/Collection page/Product image - 1st one")): Object: 'Object Repository/OCS-DESKTOP/Collection page/Product image - 1st one' is clicked on

2019-07-23 18:06:40 - [MESSAGE][PASSED] - Object: 'Object Repository/OCS-DESKTOP/Collection page/Product image - 1st one' is clicked on

2019-07-23 18:06:40 - [TEST_STEP][PASSED] - executeJavaScript("var previewBar = document.getElementById("preview-bar-iframe"); previewBar.style.display = "none";", []): Execute JavaScript 'var previewBar = document.getElementById("preview-bar-iframe"); previewBar.style.display = "none";' successfully

2019-07-23 18:06:40 - [MESSAGE][PASSED] - Execute JavaScript 'var previewBar = document.getElementById("preview-bar-iframe"); previewBar.style.display = "none";' successfully

2019-07-23 18:06:40 - [TEST_STEP][NOT_RUN] - scrollToElement(findTestObject("OCS-DESKTOP/Product page/Product image"), 1): NOT_RUN: scrollToElement(findTestObject("OCS-DESKTOP/Product page/Product image"), 1)

2019-07-23 18:06:40 - [MESSAGE][NOT_RUN] - NOT_RUN: scrollToElement(findTestObject("OCS-DESKTOP/Product page/Product image"), 1)

2019-07-23 18:06:40 - [TEST_STEP][PASSED] - delay(2): Delayed 2 second(s)

2019-07-23 18:06:42 - [MESSAGE][PASSED] - Delayed 2 second(s)

2019-07-23 18:06:42 - [TEST_STEP][PASSED] - click(findTestObject("OCS-DESKTOP/Product page/Swatch_1g")): Object: 'Object Repository/OCS-DESKTOP/Product page/Swatch_1g' is clicked on

2019-07-23 18:06:43 - [MESSAGE][PASSED] - Object: 'Object Repository/OCS-DESKTOP/Product page/Swatch_1g' is clicked on

2019-07-23 18:06:43 - [TEST_STEP][NOT_RUN] - scrollToElement(findTestObject("OCS-DESKTOP/Product page/Swatch_3.5g"), 1): NOT_RUN: scrollToElement(findTestObject("OCS-DESKTOP/Product page/Swatch_3.5g"), 1)

2019-07-23 18:06:43 - [MESSAGE][NOT_RUN] - NOT_RUN: scrollToElement(findTestObject("OCS-DESKTOP/Product page/Swatch_3.5g"), 1)

2019-07-23 18:06:43 - [TEST_STEP][PASSED] - delay(2): Delayed 2 second(s)

2019-07-23 18:06:45 - [MESSAGE][PASSED] - Delayed 2 second(s)

2019-07-23 18:06:45 - [TEST_STEP][PASSED] - click(findTestObject("OCS-DESKTOP/Product page/Quantity Increase - Button")): Object: 'Object Repository/OCS-DESKTOP/Product page/Quantity Increase - Button' is clicked on

2019-07-23 18:06:45 - [MESSAGE][PASSED] - Object: 'Object Repository/OCS-DESKTOP/Product page/Quantity Increase - Button' is clicked on

2019-07-23 18:06:45 - [TEST_STEP][PASSED] - delay(1): Delayed 1 second(s)

2019-07-23 18:06:46 - [MESSAGE][PASSED] - Delayed 1 second(s)

2019-07-23 18:06:46 - [TEST_STEP][PASSED] - click(findTestObject("OCS-DESKTOP/Product page/Quantity Increase - Button")): Object: 'Object Repository/OCS-DESKTOP/Product page/Quantity Increase - Button' is clicked on

2019-07-23 18:06:46 - [MESSAGE][PASSED] - Object: 'Object Repository/OCS-DESKTOP/Product page/Quantity Increase - Button' is clicked on

2019-07-23 18:06:46 - [TEST_STEP][PASSED] - delay(1): Delayed 1 second(s)

2019-07-23 18:06:47 - [MESSAGE][PASSED] - Delayed 1 second(s)

2019-07-23 18:06:47 - [TEST_STEP][PASSED] - click(findTestObject("OCS-DESKTOP/Product page/Quantity Increase - Button")): Object: 'Object Repository/OCS-DESKTOP/Product page/Quantity Increase - Button' is clicked on

2019-07-23 18:06:47 - [MESSAGE][PASSED] - Object: 'Object Repository/OCS-DESKTOP/Product page/Quantity Increase - Button' is clicked on

2019-07-23 18:06:47 - [TEST_STEP][PASSED] - delay(1): Delayed 1 second(s)

2019-07-23 18:06:48 - [MESSAGE][PASSED] - Delayed 1 second(s)

2019-07-23 18:06:48 - [TEST_STEP][PASSED] - click(findTestObject("OCS-DESKTOP/Product page/Quantity Increase - Button")): Object: 'Object Repository/OCS-DESKTOP/Product page/Quantity Increase - Button' is clicked on

2019-07-23 18:06:48 - [MESSAGE][PASSED] - Object: 'Object Repository/OCS-DESKTOP/Product page/Quantity Increase - Button' is clicked on

2019-07-23 18:06:48 - [TEST_STEP][PASSED] - delay(1): Delayed 1 second(s)

2019-07-23 18:06:49 - [MESSAGE][PASSED] - Delayed 1 second(s)

2019-07-23 18:06:49 - [TEST_STEP][PASSED] - click(findTestObject("OCS-DESKTOP/Product page/Quantity Increase - Button")): Object: 'Object Repository/OCS-DESKTOP/Product page/Quantity Increase - Button' is clicked on

2019-07-23 18:06:49 - [MESSAGE][PASSED] - Object: 'Object Repository/OCS-DESKTOP/Product page/Quantity Increase - Button' is clicked on

2019-07-23 18:06:49 - [TEST_STEP][PASSED] - delay(2): Delayed 2 second(s)

2019-07-23 18:06:51 - [MESSAGE][PASSED] - Delayed 2 second(s)

2019-07-23 18:06:51 - [TEST_STEP][PASSED] - click(findTestObject("OCS-DESKTOP/Product page/Add to Bag-button")): Object: 'Object Repository/OCS-DESKTOP/Product page/Add to Bag-button' is clicked on

2019-07-23 18:06:51 - [MESSAGE][PASSED] - Object: 'Object Repository/OCS-DESKTOP/Product page/Add to Bag-button' is clicked on

2019-07-23 18:06:51 - [TEST_STEP][PASSED] - delay(1): Delayed 1 second(s)

2019-07-23 18:06:52 - [MESSAGE][PASSED] - Delayed 1 second(s)

2019-07-23 18:06:52 - [TEST_STEP][PASSED] - click(findTestObject("OCS-DESKTOP/Home - page/view my bag - cart dropdown")): Object: 'Object Repository/OCS-DESKTOP/Home - page/view my bag - cart dropdown' is clicked on

2019-07-23 18:06:52 - [MESSAGE][PASSED] - Object: 'Object Repository/OCS-DESKTOP/Home - page/view my bag - cart dropdown' is clicked on

2019-07-23 18:06:52 - [TEST_STEP][PASSED] - delay(2): Delayed 2 second(s)

2019-07-23 18:06:54 - [MESSAGE][PASSED] - Delayed 2 second(s)

2019-07-23 18:06:54 - [TEST_STEP][PASSED] - click(findTestObject("OCS-DESKTOP/Cart flyout/Checkbox_I confirm that")): Object: 'Object Repository/OCS-DESKTOP/Cart flyout/Checkbox_I confirm that' is clicked on

2019-07-23 18:06:54 - [MESSAGE][PASSED] - Object: 'Object Repository/OCS-DESKTOP/Cart flyout/Checkbox_I confirm that' is clicked on

2019-07-23 18:06:54 - [TEST_STEP][PASSED] - delay(2): Delayed 2 second(s)

2019-07-23 18:06:56 - [MESSAGE][PASSED] - Delayed 2 second(s)

2019-07-23 18:06:56 - [TEST_STEP][PASSED] - click(findTestObject("OCS-DESKTOP/Cart flyout/Checkbox_Accept the Terms Condition")): Object: 'Object Repository/OCS-DESKTOP/Cart flyout/Checkbox_Accept the Terms Condition' is clicked on

2019-07-23 18:06:56 - [MESSAGE][PASSED] - Object: 'Object Repository/OCS-DESKTOP/Cart flyout/Checkbox_Accept the Terms Condition' is clicked on

2019-07-23 18:06:56 - [TEST_STEP][PASSED] - delay(1): Delayed 1 second(s)

2019-07-23 18:06:57 - [MESSAGE][PASSED] - Delayed 1 second(s)

2019-07-23 18:06:57 - [TEST_STEP][PASSED] - click(findTestObject("OCS-DESKTOP/Cart flyout/Checkout - Button")): Object: 'Object Repository/OCS-DESKTOP/Cart flyout/Checkout - Button' is clicked on

2019-07-23 18:07:04 - [MESSAGE][PASSED] - Object: 'Object Repository/OCS-DESKTOP/Cart flyout/Checkout - Button' is clicked on

2019-07-23 18:07:04 - [TEST_STEP][PASSED] - executeJavaScript("var previewBar = document.getElementById("preview-bar-iframe"); previewBar.style.display = "none";", []): Execute JavaScript 'var previewBar = document.getElementById("preview-bar-iframe"); previewBar.style.display = "none";' successfully

2019-07-23 18:07:04 - [MESSAGE][PASSED] - Execute JavaScript 'var previewBar = document.getElementById("preview-bar-iframe"); previewBar.style.display = "none";' successfully

2019-07-23 18:07:04 - [TEST_STEP][PASSED] - delay(2): Delayed 2 second(s)

2019-07-23 18:07:06 - [MESSAGE][PASSED] - Delayed 2 second(s)

2019-07-23 18:07:06 - [TEST_STEP][NOT_RUN] - scrollToElement(findTestObject("OCS-DESKTOP/Customer info page/Return to Cart - Link"), 1): NOT_RUN: scrollToElement(findTestObject("OCS-DESKTOP/Customer info page/Return to Cart - Link"), 1)

2019-07-23 18:07:06 - [MESSAGE][NOT_RUN] - NOT_RUN: scrollToElement(findTestObject("OCS-DESKTOP/Customer info page/Return to Cart - Link"), 1)

2019-07-23 18:07:06 - [TEST_STEP][PASSED] - delay(1): Delayed 1 second(s)

2019-07-23 18:07:07 - [MESSAGE][PASSED] - Delayed 1 second(s)

2019-07-23 18:07:07 - [TEST_STEP][PASSED] - delay(2): Delayed 2 second(s)

2019-07-23 18:07:09 - [MESSAGE][PASSED] - Delayed 2 second(s)

2019-07-23 18:07:09 - [TEST_STEP][PASSED] - click(findTestObject("OCS-DESKTOP/Customer info page/Return to Cart - Link")): Object: 'Object Repository/OCS-DESKTOP/Customer info page/Return to Cart - Link' is clicked on

2019-07-23 18:07:11 - [MESSAGE][PASSED] - Object: 'Object Repository/OCS-DESKTOP/Customer info page/Return to Cart - Link' is clicked on

2019-07-23 18:07:11 - [TEST_STEP][PASSED] - delay(1): Delayed 1 second(s)

2019-07-23 18:07:12 - [MESSAGE][PASSED] - Delayed 1 second(s)

2019-07-23 18:07:12 - [TEST_STEP][PASSED] - delay(1): Delayed 1 second(s)

2019-07-23 18:07:13 - [MESSAGE][PASSED] - Delayed 1 second(s)

2019-07-23 18:07:13 - [TEST_STEP][PASSED] - a = getText(findTestObject("OCS-DESKTOP/Cart page/Unit price - product - price in cart page")): Text of object 'Object Repository/OCS-DESKTOP/Cart page/Unit price - product - price in cart page' is: '$63.00'

2019-07-23 18:07:13 - [MESSAGE][PASSED] - Text of object 'Object Repository/OCS-DESKTOP/Cart page/Unit price - product - price in cart page' is: '$63.00'

2019-07-23 18:07:13 - [TEST_STEP][PASSED] - comment(a): $63.00

2019-07-23 18:07:13 - [MESSAGE][INFO] - $63.00

2019-07-23 18:07:13 - [TEST_STEP][PASSED] - click(findTestObject("OCS-DESKTOP/Cart page/Quantity Input field")): Object: 'Object Repository/OCS-DESKTOP/Cart page/Quantity Input field' is clicked on

2019-07-23 18:07:13 - [MESSAGE][PASSED] - Object: 'Object Repository/OCS-DESKTOP/Cart page/Quantity Input field' is clicked on

2019-07-23 18:07:13 - [TEST_STEP][PASSED] - sendKeys(findTestObject("OCS-DESKTOP/Cart page/Quantity Input field"), Keys.chord(CLEAR)): Keys 'CLEAR + ' sent to object: 'Object Repository/OCS-DESKTOP/Cart page/Quantity Input field'

2019-07-23 18:07:13 - [MESSAGE][PASSED] - Keys 'CLEAR + ' sent to object: 'Object Repository/OCS-DESKTOP/Cart page/Quantity Input field'

2019-07-23 18:07:13 - [TEST_STEP][PASSED] - setText(findTestObject("OCS-DESKTOP/Cart page/Quantity Input field"), "10"): Text '10' is set on object 'Object Repository/OCS-DESKTOP/Cart page/Quantity Input field'

2019-07-23 18:07:13 - [MESSAGE][PASSED] - Text '10' is set on object 'Object Repository/OCS-DESKTOP/Cart page/Quantity Input field'

2019-07-23 18:07:13 - [TEST_STEP][PASSED] - delay(2): Delayed 2 second(s)

2019-07-23 18:07:15 - [MESSAGE][PASSED] - Delayed 2 second(s)

2019-07-23 18:07:15 - [TEST_STEP][PASSED] - sendKeys(findTestObject("OCS-DESKTOP/Cart page/Quantity Input field"), Keys.chord(CLEAR)): Keys 'CLEAR + ' sent to object: 'Object Repository/OCS-DESKTOP/Cart page/Quantity Input field'

2019-07-23 18:07:15 - [MESSAGE][PASSED] - Keys 'CLEAR + ' sent to object: 'Object Repository/OCS-DESKTOP/Cart page/Quantity Input field'

2019-07-23 18:07:15 - [TEST_STEP][NOT_RUN] - click(findTestObject("OCS-DESKTOP/Cart page/enter quantity")): NOT_RUN: click(findTestObject("OCS-DESKTOP/Cart page/enter quantity"))

2019-07-23 18:07:15 - [MESSAGE][NOT_RUN] - NOT_RUN: click(findTestObject("OCS-DESKTOP/Cart page/enter quantity"))

2019-07-23 18:07:15 - [TEST_STEP][PASSED] - delay(2): Delayed 2 second(s)

2019-07-23 18:07:17 - [MESSAGE][PASSED] - Delayed 2 second(s)

2019-07-23 18:07:17 - [TEST_STEP][PASSED] - setText(findTestObject("OCS-DESKTOP/Cart page/Quantity Input field"), "7"): Text '7' is set on object 'Object Repository/OCS-DESKTOP/Cart page/Quantity Input field'

2019-07-23 18:07:17 - [MESSAGE][PASSED] - Text '7' is set on object 'Object Repository/OCS-DESKTOP/Cart page/Quantity Input field'

2019-07-23 18:07:17 - [TEST_STEP][PASSED] - delay(2): Delayed 2 second(s)

2019-07-23 18:07:19 - [MESSAGE][PASSED] - Delayed 2 second(s)

2019-07-23 18:07:19 - [TEST_STEP][NOT_RUN] - click(findTestObject("OCS-DESKTOP/Cart page/Unit price - product")): NOT_RUN: click(findTestObject("OCS-DESKTOP/Cart page/Unit price - product"))

2019-07-23 18:07:19 - [MESSAGE][NOT_RUN] - NOT_RUN: click(findTestObject("OCS-DESKTOP/Cart page/Unit price - product"))

2019-07-23 18:07:19 - [TEST_STEP][PASSED] - delay(2): Delayed 2 second(s)

2019-07-23 18:07:21 - [MESSAGE][PASSED] - Delayed 2 second(s)

2019-07-23 18:07:21 - [TEST_STEP][PASSED] - click(findTestObject("OCS-DESKTOP/Cart page/Qty Decrease icon")): Object: 'Object Repository/OCS-DESKTOP/Cart page/Qty Decrease icon' is clicked on

2019-07-23 18:07:21 - [MESSAGE][PASSED] - Object: 'Object Repository/OCS-DESKTOP/Cart page/Qty Decrease icon' is clicked on

2019-07-23 18:07:21 - [TEST_STEP][PASSED] - delay(2): Delayed 2 second(s)

2019-07-23 18:07:23 - [MESSAGE][PASSED] - Delayed 2 second(s)

2019-07-23 18:07:23 - [TEST_STEP][PASSED] - click(findTestObject("OCS-DESKTOP/Cart page/Qty Decrease icon")): Object: 'Object Repository/OCS-DESKTOP/Cart page/Qty Decrease icon' is clicked on

2019-07-23 18:07:23 - [MESSAGE][PASSED] - Object: 'Object Repository/OCS-DESKTOP/Cart page/Qty Decrease icon' is clicked on

2019-07-23 18:07:23 - [TEST_STEP][PASSED] - delay(2): Delayed 2 second(s)

2019-07-23 18:07:25 - [MESSAGE][PASSED] - Delayed 2 second(s)

2019-07-23 18:07:25 - [TEST_STEP][PASSED] - click(findTestObject("OCS-DESKTOP/Cart page/Qty Decrease icon")): Object: 'Object Repository/OCS-DESKTOP/Cart page/Qty Decrease icon' is clicked on

2019-07-23 18:07:26 - [MESSAGE][PASSED] - Object: 'Object Repository/OCS-DESKTOP/Cart page/Qty Decrease icon' is clicked on

2019-07-23 18:07:26 - [TEST_STEP][PASSED] - delay(2): Delayed 2 second(s)

2019-07-23 18:07:28 - [MESSAGE][PASSED] - Delayed 2 second(s)

2019-07-23 18:07:28 - [TEST_STEP][PASSED] - b = getText(findTestObject("OCS-DESKTOP/Cart page/Unit price - product - price in cart page")): Text of object 'Object Repository/OCS-DESKTOP/Cart page/Unit price - product - price in cart page' is: '$42.00'

2019-07-23 18:07:28 - [MESSAGE][PASSED] - Text of object 'Object Repository/OCS-DESKTOP/Cart page/Unit price - product - price in cart page' is: '$42.00'

2019-07-23 18:07:28 - [TEST_STEP][PASSED] - comment(b): $42.00

2019-07-23 18:07:28 - [MESSAGE][INFO] - $42.00

2019-07-23 18:07:28 - [TEST_STEP][PASSED] - verifyNotEqual("a", "b"): Actual object 'a' and expected object 'b' are not equal

2019-07-23 18:07:28 - [MESSAGE][PASSED] - Actual object 'a' and expected object 'b' are not equal

2019-07-23 18:07:28 - [TEST_STEP][PASSED] - comment(" price changed . Quantity selector is working"):  price changed . Quantity selector is working

2019-07-23 18:07:28 - [MESSAGE][INFO] -  price changed . Quantity selector is working]]></system-out>
         <system-err><![CDATA[]]></system-err>
      </testcase>
      <testcase name="Test Cases/OCS - DESKTOP/OCS- CRITICAL PATH/cart page-increase qty" classname="Test Cases/OCS - DESKTOP/OCS- CRITICAL PATH/cart page-increase qty" status="PASSED">
         <system-out><![CDATA[2019-07-23 18:07:28 - [TEST_CASE][PASSED] - Test Cases/OCS - DESKTOP/OCS- CRITICAL PATH/cart page-increase qty: Test Cases/OCS - DESKTOP/OCS- CRITICAL PATH/cart page-increase qty

2019-07-23 18:07:28 - [TEST_STEP][PASSED] - callTestCase(findTestCase("OCS - DESKTOP/CALL- Age gate"), [:], STOP_ON_FAILURE): Call Test Case 'Test Cases/OCS - DESKTOP/CALL- Age gate' successfully

2019-07-23 18:07:28 - [TEST_CASE][PASSED] - Test Cases/OCS - DESKTOP/CALL- Age gate: Test Cases/OCS - DESKTOP/CALL- Age gate

2019-07-23 18:07:28 - [TEST_STEP][PASSED] - openBrowser(""): Browser is opened with url: ''

2019-07-23 18:07:28 - [MESSAGE][WARNING] - A browser is already opened. Closing browser and opening a new one

2019-07-23 18:07:28 - [MESSAGE][INFO] - Starting 'Chrome' driver

2019-07-23 18:07:29 - [MESSAGE][PASSED] - Browser is opened with url: ''

2019-07-23 18:07:29 - [TEST_STEP][PASSED] - navigateToUrl("https://ocs.ca/?fts=0&preview_theme_id=74209363788"): Navigate to 'https://ocs.ca/?fts=0&preview_theme_id=74209363788' successfully

2019-07-23 18:07:34 - [MESSAGE][PASSED] - Navigate to 'https://ocs.ca/?fts=0&preview_theme_id=74209363788' successfully

2019-07-23 18:07:34 - [TEST_STEP][PASSED] - maximizeWindow(): Current window maximized

2019-07-23 18:07:34 - [MESSAGE][PASSED] - Current window maximized

2019-07-23 18:07:34 - [TEST_STEP][PASSED] - delay(2): Delayed 2 second(s)

2019-07-23 18:07:36 - [MESSAGE][PASSED] - Delayed 2 second(s)

2019-07-23 18:07:36 - [TEST_STEP][PASSED] - executeJavaScript("var previewBar = document.getElementById("preview-bar-iframe"); previewBar.style.display = "none";", []): Execute JavaScript 'var previewBar = document.getElementById("preview-bar-iframe"); previewBar.style.display = "none";' successfully

2019-07-23 18:07:36 - [MESSAGE][PASSED] - Execute JavaScript 'var previewBar = document.getElementById("preview-bar-iframe"); previewBar.style.display = "none";' successfully

2019-07-23 18:07:36 - [TEST_STEP][PASSED] - selectOptionByValue(findTestObject("OCS-DESKTOP/Age gate and Mega menu/Date"), "12", true): All options with value '12' are selected in object 'Object Repository/OCS-DESKTOP/Age gate and Mega menu/Date'  using regular expression

2019-07-23 18:07:36 - [MESSAGE][PASSED] - All options with value '12' are selected in object 'Object Repository/OCS-DESKTOP/Age gate and Mega menu/Date'  using regular expression

2019-07-23 18:07:36 - [TEST_STEP][PASSED] - selectOptionByValue(findTestObject("OCS-DESKTOP/Age gate and Mega menu/month"), "6", true): All options with value '6' are selected in object 'Object Repository/OCS-DESKTOP/Age gate and Mega menu/month'  using regular expression

2019-07-23 18:07:37 - [MESSAGE][PASSED] - All options with value '6' are selected in object 'Object Repository/OCS-DESKTOP/Age gate and Mega menu/month'  using regular expression

2019-07-23 18:07:37 - [TEST_STEP][PASSED] - delay(2): Delayed 2 second(s)

2019-07-23 18:07:39 - [MESSAGE][PASSED] - Delayed 2 second(s)

2019-07-23 18:07:39 - [TEST_STEP][PASSED] - selectOptionByValue(findTestObject("OCS-DESKTOP/Age gate and Mega menu/Year Dropdown"), "1990", true): All options with value '1990' are selected in object 'Object Repository/OCS-DESKTOP/Age gate and Mega menu/Year Dropdown'  using regular expression

2019-07-23 18:07:40 - [MESSAGE][PASSED] - All options with value '1990' are selected in object 'Object Repository/OCS-DESKTOP/Age gate and Mega menu/Year Dropdown'  using regular expression

2019-07-23 18:07:40 - [TEST_STEP][PASSED] - click(findTestObject("OCS-DESKTOP/Age gate and Mega menu/button_Verify")): Object: 'Object Repository/OCS-DESKTOP/Age gate and Mega menu/button_Verify' is clicked on

2019-07-23 18:07:40 - [MESSAGE][PASSED] - Object: 'Object Repository/OCS-DESKTOP/Age gate and Mega menu/button_Verify' is clicked on

2019-07-23 18:07:40 - [TEST_STEP][PASSED] - click(findTestObject("OCS-DESKTOP/Age gate and Mega menu/Checkbox_CONFIRM AND ACKNOWLEDGE")): Object: 'Object Repository/OCS-DESKTOP/Age gate and Mega menu/Checkbox_CONFIRM AND ACKNOWLEDGE' is clicked on

2019-07-23 18:07:40 - [MESSAGE][PASSED] - Object: 'Object Repository/OCS-DESKTOP/Age gate and Mega menu/Checkbox_CONFIRM AND ACKNOWLEDGE' is clicked on

2019-07-23 18:07:40 - [TEST_STEP][PASSED] - click(findTestObject("OCS-DESKTOP/Age gate and Mega menu/button_CONFIRM")): Object: 'Object Repository/OCS-DESKTOP/Age gate and Mega menu/button_CONFIRM' is clicked on

2019-07-23 18:07:40 - [MESSAGE][PASSED] - Object: 'Object Repository/OCS-DESKTOP/Age gate and Mega menu/button_CONFIRM' is clicked on

2019-07-23 18:07:40 - [TEST_STEP][PASSED] - click(findTestObject("OCS-DESKTOP/Age gate and Mega menu/button_Start Browsing")): Object: 'Object Repository/OCS-DESKTOP/Age gate and Mega menu/button_Start Browsing' is clicked on

2019-07-23 18:07:40 - [MESSAGE][PASSED] - Object: 'Object Repository/OCS-DESKTOP/Age gate and Mega menu/button_Start Browsing' is clicked on

2019-07-23 18:07:40 - [TEST_STEP][PASSED] - delay(2): Delayed 2 second(s)

2019-07-23 18:07:42 - [MESSAGE][PASSED] - Delayed 2 second(s)

2019-07-23 18:07:42 - [TEST_STEP][PASSED] - refresh(): Refresh successfully

2019-07-23 18:07:42 - [MESSAGE][PASSED] - Refresh successfully

2019-07-23 18:07:42 - [MESSAGE][PASSED] - Call Test Case 'Test Cases/OCS - DESKTOP/CALL- Age gate' successfully

2019-07-23 18:07:42 - [TEST_STEP][PASSED] - delay(2): Delayed 2 second(s)

2019-07-23 18:07:44 - [MESSAGE][PASSED] - Delayed 2 second(s)

2019-07-23 18:07:44 - [TEST_STEP][PASSED] - click(findTestObject("OCS-DESKTOP/Age gate and Mega menu/Header/CANNABIS menu - English")): Object: 'Object Repository/OCS-DESKTOP/Age gate and Mega menu/Header/CANNABIS menu - English' is clicked on

2019-07-23 18:07:46 - [MESSAGE][PASSED] - Object: 'Object Repository/OCS-DESKTOP/Age gate and Mega menu/Header/CANNABIS menu - English' is clicked on

2019-07-23 18:07:46 - [TEST_STEP][PASSED] - delay(2): Delayed 2 second(s)

2019-07-23 18:07:48 - [MESSAGE][PASSED] - Delayed 2 second(s)

2019-07-23 18:07:48 - [TEST_STEP][PASSED] - executeJavaScript("var previewBar = document.getElementById("preview-bar-iframe"); previewBar.style.display = "none";", []): Execute JavaScript 'var previewBar = document.getElementById("preview-bar-iframe"); previewBar.style.display = "none";' successfully

2019-07-23 18:07:48 - [MESSAGE][PASSED] - Execute JavaScript 'var previewBar = document.getElementById("preview-bar-iframe"); previewBar.style.display = "none";' successfully

2019-07-23 18:07:48 - [TEST_STEP][PASSED] - click(findTestObject("OCS-DESKTOP/Age gate and Mega menu/Indica Dominant_Menu item")): Object: 'Object Repository/OCS-DESKTOP/Age gate and Mega menu/Indica Dominant_Menu item' is clicked on

2019-07-23 18:07:50 - [MESSAGE][PASSED] - Object: 'Object Repository/OCS-DESKTOP/Age gate and Mega menu/Indica Dominant_Menu item' is clicked on

2019-07-23 18:07:50 - [TEST_STEP][PASSED] - delay(2): Delayed 2 second(s)

2019-07-23 18:07:52 - [MESSAGE][PASSED] - Delayed 2 second(s)

2019-07-23 18:07:52 - [TEST_STEP][PASSED] - executeJavaScript("var previewBar = document.getElementById("preview-bar-iframe"); previewBar.style.display = "none";", []): Execute JavaScript 'var previewBar = document.getElementById("preview-bar-iframe"); previewBar.style.display = "none";' successfully

2019-07-23 18:07:52 - [MESSAGE][PASSED] - Execute JavaScript 'var previewBar = document.getElementById("preview-bar-iframe"); previewBar.style.display = "none";' successfully

2019-07-23 18:07:52 - [TEST_STEP][PASSED] - click(findTestObject("OCS-DESKTOP/Collection page/Product image - 1st one")): Object: 'Object Repository/OCS-DESKTOP/Collection page/Product image - 1st one' is clicked on

2019-07-23 18:07:56 - [MESSAGE][PASSED] - Object: 'Object Repository/OCS-DESKTOP/Collection page/Product image - 1st one' is clicked on

2019-07-23 18:07:56 - [TEST_STEP][PASSED] - executeJavaScript("var previewBar = document.getElementById("preview-bar-iframe"); previewBar.style.display = "none";", []): Execute JavaScript 'var previewBar = document.getElementById("preview-bar-iframe"); previewBar.style.display = "none";' successfully

2019-07-23 18:07:56 - [MESSAGE][PASSED] - Execute JavaScript 'var previewBar = document.getElementById("preview-bar-iframe"); previewBar.style.display = "none";' successfully

2019-07-23 18:07:56 - [TEST_STEP][NOT_RUN] - scrollToElement(findTestObject("OCS-DESKTOP/Product page/Product image"), 1): NOT_RUN: scrollToElement(findTestObject("OCS-DESKTOP/Product page/Product image"), 1)

2019-07-23 18:07:56 - [MESSAGE][NOT_RUN] - NOT_RUN: scrollToElement(findTestObject("OCS-DESKTOP/Product page/Product image"), 1)

2019-07-23 18:07:56 - [TEST_STEP][PASSED] - delay(2): Delayed 2 second(s)

2019-07-23 18:07:58 - [MESSAGE][PASSED] - Delayed 2 second(s)

2019-07-23 18:07:58 - [TEST_STEP][PASSED] - click(findTestObject("OCS-DESKTOP/Product page/Swatch_1g")): Object: 'Object Repository/OCS-DESKTOP/Product page/Swatch_1g' is clicked on

2019-07-23 18:07:58 - [MESSAGE][PASSED] - Object: 'Object Repository/OCS-DESKTOP/Product page/Swatch_1g' is clicked on

2019-07-23 18:07:58 - [TEST_STEP][PASSED] - delay(2): Delayed 2 second(s)

2019-07-23 18:08:00 - [MESSAGE][PASSED] - Delayed 2 second(s)

2019-07-23 18:08:00 - [TEST_STEP][PASSED] - click(findTestObject("OCS-DESKTOP/Product page/Add to Bag-button")): Object: 'Object Repository/OCS-DESKTOP/Product page/Add to Bag-button' is clicked on

2019-07-23 18:08:00 - [MESSAGE][PASSED] - Object: 'Object Repository/OCS-DESKTOP/Product page/Add to Bag-button' is clicked on

2019-07-23 18:08:00 - [TEST_STEP][PASSED] - delay(3): Delayed 3 second(s)

2019-07-23 18:08:03 - [MESSAGE][PASSED] - Delayed 3 second(s)

2019-07-23 18:08:03 - [TEST_STEP][PASSED] - click(findTestObject("OCS-DESKTOP/Home - page/view my bag - cart dropdown")): Object: 'Object Repository/OCS-DESKTOP/Home - page/view my bag - cart dropdown' is clicked on

2019-07-23 18:08:03 - [MESSAGE][PASSED] - Object: 'Object Repository/OCS-DESKTOP/Home - page/view my bag - cart dropdown' is clicked on

2019-07-23 18:08:03 - [TEST_STEP][PASSED] - delay(3): Delayed 3 second(s)

2019-07-23 18:08:06 - [MESSAGE][PASSED] - Delayed 3 second(s)

2019-07-23 18:08:06 - [TEST_STEP][PASSED] - click(findTestObject("OCS-DESKTOP/Cart flyout/Checkbox_I confirm that")): Object: 'Object Repository/OCS-DESKTOP/Cart flyout/Checkbox_I confirm that' is clicked on

2019-07-23 18:08:06 - [MESSAGE][PASSED] - Object: 'Object Repository/OCS-DESKTOP/Cart flyout/Checkbox_I confirm that' is clicked on

2019-07-23 18:08:06 - [TEST_STEP][PASSED] - delay(2): Delayed 2 second(s)

2019-07-23 18:08:08 - [MESSAGE][PASSED] - Delayed 2 second(s)

2019-07-23 18:08:08 - [TEST_STEP][PASSED] - click(findTestObject("OCS-DESKTOP/Cart flyout/Checkbox_Accept the Terms Condition")): Object: 'Object Repository/OCS-DESKTOP/Cart flyout/Checkbox_Accept the Terms Condition' is clicked on

2019-07-23 18:08:08 - [MESSAGE][PASSED] - Object: 'Object Repository/OCS-DESKTOP/Cart flyout/Checkbox_Accept the Terms Condition' is clicked on

2019-07-23 18:08:08 - [TEST_STEP][PASSED] - delay(1): Delayed 1 second(s)

2019-07-23 18:08:09 - [MESSAGE][PASSED] - Delayed 1 second(s)

2019-07-23 18:08:09 - [TEST_STEP][PASSED] - click(findTestObject("OCS-DESKTOP/Cart flyout/Checkout - Button")): Object: 'Object Repository/OCS-DESKTOP/Cart flyout/Checkout - Button' is clicked on

2019-07-23 18:08:11 - [MESSAGE][PASSED] - Object: 'Object Repository/OCS-DESKTOP/Cart flyout/Checkout - Button' is clicked on

2019-07-23 18:08:11 - [TEST_STEP][PASSED] - delay(2): Delayed 2 second(s)

2019-07-23 18:08:13 - [MESSAGE][PASSED] - Delayed 2 second(s)

2019-07-23 18:08:13 - [TEST_STEP][PASSED] - scrollToElement(findTestObject("OCS-DESKTOP/Customer info page/Return to Cart - Link"), 1): Scroll to object 'Object Repository/OCS-DESKTOP/Customer info page/Return to Cart - Link' successfully

2019-07-23 18:08:13 - [MESSAGE][PASSED] - Scroll to object 'Object Repository/OCS-DESKTOP/Customer info page/Return to Cart - Link' successfully

2019-07-23 18:08:13 - [TEST_STEP][PASSED] - executeJavaScript("var previewBar = document.getElementById("preview-bar-iframe"); previewBar.style.display = "none";", []): Execute JavaScript 'var previewBar = document.getElementById("preview-bar-iframe"); previewBar.style.display = "none";' successfully

2019-07-23 18:08:13 - [MESSAGE][PASSED] - Execute JavaScript 'var previewBar = document.getElementById("preview-bar-iframe"); previewBar.style.display = "none";' successfully

2019-07-23 18:08:13 - [TEST_STEP][PASSED] - delay(1): Delayed 1 second(s)

2019-07-23 18:08:14 - [MESSAGE][PASSED] - Delayed 1 second(s)

2019-07-23 18:08:14 - [TEST_STEP][PASSED] - click(findTestObject("OCS-DESKTOP/Customer info page/Return to Cart - Link")): Object: 'Object Repository/OCS-DESKTOP/Customer info page/Return to Cart - Link' is clicked on

2019-07-23 18:08:15 - [MESSAGE][PASSED] - Object: 'Object Repository/OCS-DESKTOP/Customer info page/Return to Cart - Link' is clicked on

2019-07-23 18:08:15 - [TEST_STEP][PASSED] - delay(1): Delayed 1 second(s)

2019-07-23 18:08:16 - [MESSAGE][PASSED] - Delayed 1 second(s)

2019-07-23 18:08:16 - [TEST_STEP][PASSED] - a = getText(findTestObject("OCS-DESKTOP/Cart page/Unit price - product - price in cart page")): Text of object 'Object Repository/OCS-DESKTOP/Cart page/Unit price - product - price in cart page' is: '$10.50'

2019-07-23 18:08:17 - [MESSAGE][PASSED] - Text of object 'Object Repository/OCS-DESKTOP/Cart page/Unit price - product - price in cart page' is: '$10.50'

2019-07-23 18:08:17 - [TEST_STEP][PASSED] - comment(a): $10.50

2019-07-23 18:08:17 - [MESSAGE][INFO] - $10.50

2019-07-23 18:08:17 - [TEST_STEP][PASSED] - click(findTestObject("OCS-DESKTOP/Cart page/Quantity Input field")): Object: 'Object Repository/OCS-DESKTOP/Cart page/Quantity Input field' is clicked on

2019-07-23 18:08:17 - [MESSAGE][PASSED] - Object: 'Object Repository/OCS-DESKTOP/Cart page/Quantity Input field' is clicked on

2019-07-23 18:08:17 - [TEST_STEP][PASSED] - sendKeys(findTestObject("OCS-DESKTOP/Cart page/Quantity Input field"), Keys.chord(CLEAR)): Keys 'CLEAR + ' sent to object: 'Object Repository/OCS-DESKTOP/Cart page/Quantity Input field'

2019-07-23 18:08:17 - [MESSAGE][PASSED] - Keys 'CLEAR + ' sent to object: 'Object Repository/OCS-DESKTOP/Cart page/Quantity Input field'

2019-07-23 18:08:17 - [TEST_STEP][PASSED] - setText(findTestObject("OCS-DESKTOP/Cart page/Quantity Input field"), "5"): Text '5' is set on object 'Object Repository/OCS-DESKTOP/Cart page/Quantity Input field'

2019-07-23 18:08:17 - [MESSAGE][PASSED] - Text '5' is set on object 'Object Repository/OCS-DESKTOP/Cart page/Quantity Input field'

2019-07-23 18:08:17 - [TEST_STEP][PASSED] - delay(2): Delayed 2 second(s)

2019-07-23 18:08:19 - [MESSAGE][PASSED] - Delayed 2 second(s)

2019-07-23 18:08:19 - [TEST_STEP][PASSED] - sendKeys(findTestObject("OCS-DESKTOP/Cart page/Quantity Input field"), Keys.chord(CLEAR)): Keys 'CLEAR + ' sent to object: 'Object Repository/OCS-DESKTOP/Cart page/Quantity Input field'

2019-07-23 18:08:19 - [MESSAGE][PASSED] - Keys 'CLEAR + ' sent to object: 'Object Repository/OCS-DESKTOP/Cart page/Quantity Input field'

2019-07-23 18:08:19 - [TEST_STEP][PASSED] - setText(findTestObject("OCS-DESKTOP/Cart page/Quantity Input field"), "7"): Text '7' is set on object 'Object Repository/OCS-DESKTOP/Cart page/Quantity Input field'

2019-07-23 18:08:19 - [MESSAGE][PASSED] - Text '7' is set on object 'Object Repository/OCS-DESKTOP/Cart page/Quantity Input field'

2019-07-23 18:08:19 - [TEST_STEP][PASSED] - delay(2): Delayed 2 second(s)

2019-07-23 18:08:21 - [MESSAGE][PASSED] - Delayed 2 second(s)

2019-07-23 18:08:21 - [TEST_STEP][PASSED] - click(findTestObject("OCS-DESKTOP/Cart page/Qty Increase icon")): Object: 'Object Repository/OCS-DESKTOP/Cart page/Qty Increase icon' is clicked on

2019-07-23 18:08:21 - [MESSAGE][PASSED] - Object: 'Object Repository/OCS-DESKTOP/Cart page/Qty Increase icon' is clicked on

2019-07-23 18:08:21 - [TEST_STEP][PASSED] - delay(2): Delayed 2 second(s)

2019-07-23 18:08:23 - [MESSAGE][PASSED] - Delayed 2 second(s)

2019-07-23 18:08:23 - [TEST_STEP][PASSED] - click(findTestObject("OCS-DESKTOP/Cart page/Qty Increase icon")): Object: 'Object Repository/OCS-DESKTOP/Cart page/Qty Increase icon' is clicked on

2019-07-23 18:08:23 - [MESSAGE][PASSED] - Object: 'Object Repository/OCS-DESKTOP/Cart page/Qty Increase icon' is clicked on

2019-07-23 18:08:23 - [TEST_STEP][PASSED] - delay(2): Delayed 2 second(s)

2019-07-23 18:08:25 - [MESSAGE][PASSED] - Delayed 2 second(s)

2019-07-23 18:08:25 - [TEST_STEP][PASSED] - click(findTestObject("OCS-DESKTOP/Cart page/Qty Increase icon")): Object: 'Object Repository/OCS-DESKTOP/Cart page/Qty Increase icon' is clicked on

2019-07-23 18:08:26 - [MESSAGE][PASSED] - Object: 'Object Repository/OCS-DESKTOP/Cart page/Qty Increase icon' is clicked on

2019-07-23 18:08:26 - [TEST_STEP][PASSED] - delay(2): Delayed 2 second(s)

2019-07-23 18:08:28 - [MESSAGE][PASSED] - Delayed 2 second(s)

2019-07-23 18:08:28 - [TEST_STEP][PASSED] - b = getText(findTestObject("OCS-DESKTOP/Cart page/Unit price - product - price in cart page")): Text of object 'Object Repository/OCS-DESKTOP/Cart page/Unit price - product - price in cart page' is: '$105.00'

2019-07-23 18:08:28 - [MESSAGE][PASSED] - Text of object 'Object Repository/OCS-DESKTOP/Cart page/Unit price - product - price in cart page' is: '$105.00'

2019-07-23 18:08:28 - [TEST_STEP][PASSED] - comment(b): $105.00

2019-07-23 18:08:28 - [MESSAGE][INFO] - $105.00

2019-07-23 18:08:28 - [TEST_STEP][PASSED] - verifyNotEqual("a", "b"): Actual object 'a' and expected object 'b' are not equal

2019-07-23 18:08:28 - [MESSAGE][PASSED] - Actual object 'a' and expected object 'b' are not equal

2019-07-23 18:08:28 - [TEST_STEP][PASSED] - comment(" price changed . Quantity selector is working"):  price changed . Quantity selector is working

2019-07-23 18:08:28 - [MESSAGE][INFO] -  price changed . Quantity selector is working]]></system-out>
         <system-err><![CDATA[]]></system-err>
      </testcase>
      <testcase name="Test Cases/OCS - DESKTOP/OCS- CRITICAL PATH - FRENCH/Cart flyout - decrease qty-fr" classname="Test Cases/OCS - DESKTOP/OCS- CRITICAL PATH - FRENCH/Cart flyout - decrease qty-fr" status="PASSED">
         <system-out><![CDATA[2019-07-23 18:08:28 - [TEST_CASE][PASSED] - Test Cases/OCS - DESKTOP/OCS- CRITICAL PATH - FRENCH/Cart flyout - decrease qty-fr: Test Cases/OCS - DESKTOP/OCS- CRITICAL PATH - FRENCH/Cart flyout - decrease qty-fr

2019-07-23 18:08:28 - [TEST_STEP][PASSED] - callTestCase(findTestCase("OCS - DESKTOP/CALL- Age gate"), [:], STOP_ON_FAILURE): Call Test Case 'Test Cases/OCS - DESKTOP/CALL- Age gate' successfully

2019-07-23 18:08:28 - [TEST_CASE][PASSED] - Test Cases/OCS - DESKTOP/CALL- Age gate: Test Cases/OCS - DESKTOP/CALL- Age gate

2019-07-23 18:08:28 - [TEST_STEP][PASSED] - openBrowser(""): Browser is opened with url: ''

2019-07-23 18:08:28 - [MESSAGE][WARNING] - A browser is already opened. Closing browser and opening a new one

2019-07-23 18:08:28 - [MESSAGE][INFO] - Starting 'Chrome' driver

2019-07-23 18:08:29 - [MESSAGE][PASSED] - Browser is opened with url: ''

2019-07-23 18:08:29 - [TEST_STEP][PASSED] - navigateToUrl("https://ocs.ca/?fts=0&preview_theme_id=74209363788"): Navigate to 'https://ocs.ca/?fts=0&preview_theme_id=74209363788' successfully

2019-07-23 18:08:34 - [MESSAGE][PASSED] - Navigate to 'https://ocs.ca/?fts=0&preview_theme_id=74209363788' successfully

2019-07-23 18:08:34 - [TEST_STEP][PASSED] - maximizeWindow(): Current window maximized

2019-07-23 18:08:34 - [MESSAGE][PASSED] - Current window maximized

2019-07-23 18:08:34 - [TEST_STEP][PASSED] - delay(2): Delayed 2 second(s)

2019-07-23 18:08:36 - [MESSAGE][PASSED] - Delayed 2 second(s)

2019-07-23 18:08:36 - [TEST_STEP][PASSED] - executeJavaScript("var previewBar = document.getElementById("preview-bar-iframe"); previewBar.style.display = "none";", []): Execute JavaScript 'var previewBar = document.getElementById("preview-bar-iframe"); previewBar.style.display = "none";' successfully

2019-07-23 18:08:36 - [MESSAGE][PASSED] - Execute JavaScript 'var previewBar = document.getElementById("preview-bar-iframe"); previewBar.style.display = "none";' successfully

2019-07-23 18:08:36 - [TEST_STEP][PASSED] - selectOptionByValue(findTestObject("OCS-DESKTOP/Age gate and Mega menu/Date"), "12", true): All options with value '12' are selected in object 'Object Repository/OCS-DESKTOP/Age gate and Mega menu/Date'  using regular expression

2019-07-23 18:08:37 - [MESSAGE][PASSED] - All options with value '12' are selected in object 'Object Repository/OCS-DESKTOP/Age gate and Mega menu/Date'  using regular expression

2019-07-23 18:08:37 - [TEST_STEP][PASSED] - selectOptionByValue(findTestObject("OCS-DESKTOP/Age gate and Mega menu/month"), "6", true): All options with value '6' are selected in object 'Object Repository/OCS-DESKTOP/Age gate and Mega menu/month'  using regular expression

2019-07-23 18:08:37 - [MESSAGE][PASSED] - All options with value '6' are selected in object 'Object Repository/OCS-DESKTOP/Age gate and Mega menu/month'  using regular expression

2019-07-23 18:08:37 - [TEST_STEP][PASSED] - delay(2): Delayed 2 second(s)

2019-07-23 18:08:39 - [MESSAGE][PASSED] - Delayed 2 second(s)

2019-07-23 18:08:39 - [TEST_STEP][PASSED] - selectOptionByValue(findTestObject("OCS-DESKTOP/Age gate and Mega menu/Year Dropdown"), "1990", true): All options with value '1990' are selected in object 'Object Repository/OCS-DESKTOP/Age gate and Mega menu/Year Dropdown'  using regular expression

2019-07-23 18:08:40 - [MESSAGE][PASSED] - All options with value '1990' are selected in object 'Object Repository/OCS-DESKTOP/Age gate and Mega menu/Year Dropdown'  using regular expression

2019-07-23 18:08:40 - [TEST_STEP][PASSED] - click(findTestObject("OCS-DESKTOP/Age gate and Mega menu/button_Verify")): Object: 'Object Repository/OCS-DESKTOP/Age gate and Mega menu/button_Verify' is clicked on

2019-07-23 18:08:40 - [MESSAGE][PASSED] - Object: 'Object Repository/OCS-DESKTOP/Age gate and Mega menu/button_Verify' is clicked on

2019-07-23 18:08:40 - [TEST_STEP][PASSED] - click(findTestObject("OCS-DESKTOP/Age gate and Mega menu/Checkbox_CONFIRM AND ACKNOWLEDGE")): Object: 'Object Repository/OCS-DESKTOP/Age gate and Mega menu/Checkbox_CONFIRM AND ACKNOWLEDGE' is clicked on

2019-07-23 18:08:40 - [MESSAGE][PASSED] - Object: 'Object Repository/OCS-DESKTOP/Age gate and Mega menu/Checkbox_CONFIRM AND ACKNOWLEDGE' is clicked on

2019-07-23 18:08:40 - [TEST_STEP][PASSED] - click(findTestObject("OCS-DESKTOP/Age gate and Mega menu/button_CONFIRM")): Object: 'Object Repository/OCS-DESKTOP/Age gate and Mega menu/button_CONFIRM' is clicked on

2019-07-23 18:08:40 - [MESSAGE][PASSED] - Object: 'Object Repository/OCS-DESKTOP/Age gate and Mega menu/button_CONFIRM' is clicked on

2019-07-23 18:08:40 - [TEST_STEP][PASSED] - click(findTestObject("OCS-DESKTOP/Age gate and Mega menu/button_Start Browsing")): Object: 'Object Repository/OCS-DESKTOP/Age gate and Mega menu/button_Start Browsing' is clicked on

2019-07-23 18:08:40 - [MESSAGE][PASSED] - Object: 'Object Repository/OCS-DESKTOP/Age gate and Mega menu/button_Start Browsing' is clicked on

2019-07-23 18:08:40 - [TEST_STEP][PASSED] - delay(2): Delayed 2 second(s)

2019-07-23 18:08:42 - [MESSAGE][PASSED] - Delayed 2 second(s)

2019-07-23 18:08:42 - [TEST_STEP][PASSED] - refresh(): Refresh successfully

2019-07-23 18:08:46 - [MESSAGE][PASSED] - Refresh successfully

2019-07-23 18:08:46 - [MESSAGE][PASSED] - Call Test Case 'Test Cases/OCS - DESKTOP/CALL- Age gate' successfully

2019-07-23 18:08:46 - [TEST_STEP][PASSED] - delay(2): Delayed 2 second(s)

2019-07-23 18:08:48 - [MESSAGE][PASSED] - Delayed 2 second(s)

2019-07-23 18:08:48 - [TEST_STEP][PASSED] - callTestCase(findTestCase("OCS - DESKTOP/CALL - TOGGLING LANGUAGE"), [:], STOP_ON_FAILURE): Call Test Case 'Test Cases/OCS - DESKTOP/CALL - TOGGLING LANGUAGE' successfully

2019-07-23 18:08:48 - [TEST_CASE][PASSED] - Test Cases/OCS - DESKTOP/CALL - TOGGLING LANGUAGE: Test Cases/OCS - DESKTOP/CALL - TOGGLING LANGUAGE

2019-07-23 18:08:48 - [TEST_STEP][PASSED] - delay(2): Delayed 2 second(s)

2019-07-23 18:08:50 - [MESSAGE][PASSED] - Delayed 2 second(s)

2019-07-23 18:08:50 - [TEST_STEP][PASSED] - click(findTestObject("OCS-DESKTOP/Cart flyout/English dropdown")): Object: 'Object Repository/OCS-DESKTOP/Cart flyout/English dropdown' is clicked on

2019-07-23 18:08:50 - [MESSAGE][PASSED] - Object: 'Object Repository/OCS-DESKTOP/Cart flyout/English dropdown' is clicked on

2019-07-23 18:08:50 - [TEST_STEP][PASSED] - delay(2): Delayed 2 second(s)

2019-07-23 18:08:52 - [MESSAGE][PASSED] - Delayed 2 second(s)

2019-07-23 18:08:52 - [TEST_STEP][PASSED] - click(findTestObject("OCS-DESKTOP/Cart flyout/Select French")): Object: 'Object Repository/OCS-DESKTOP/Cart flyout/Select French' is clicked on

2019-07-23 18:08:52 - [MESSAGE][PASSED] - Object: 'Object Repository/OCS-DESKTOP/Cart flyout/Select French' is clicked on

2019-07-23 18:08:52 - [TEST_STEP][PASSED] - delay(5): Delayed 5 second(s)

2019-07-23 18:08:57 - [MESSAGE][PASSED] - Delayed 5 second(s)

2019-07-23 18:08:57 - [TEST_STEP][PASSED] - e = getWindowTitle(): Current window's title is: 'Magasin de Cannabis de l'Ontario | Ontario Cannabis Store'

2019-07-23 18:08:57 - [MESSAGE][PASSED] - Current window's title is: 'Magasin de Cannabis de l'Ontario | Ontario Cannabis Store'

2019-07-23 18:08:57 - [MESSAGE][PASSED] - Call Test Case 'Test Cases/OCS - DESKTOP/CALL - TOGGLING LANGUAGE' successfully

2019-07-23 18:08:57 - [TEST_STEP][PASSED] - click(findTestObject("OCS-DESKTOP/Age gate and Mega menu/Header/CANNABIS menu - English")): Object: 'Object Repository/OCS-DESKTOP/Age gate and Mega menu/Header/CANNABIS menu - English' is clicked on

2019-07-23 18:08:58 - [MESSAGE][PASSED] - Object: 'Object Repository/OCS-DESKTOP/Age gate and Mega menu/Header/CANNABIS menu - English' is clicked on

2019-07-23 18:08:58 - [TEST_STEP][PASSED] - delay(2): Delayed 2 second(s)

2019-07-23 18:09:00 - [MESSAGE][PASSED] - Delayed 2 second(s)

2019-07-23 18:09:00 - [TEST_STEP][PASSED] - executeJavaScript("var previewBar = document.getElementById("preview-bar-iframe"); previewBar.style.display = "none";", []): Execute JavaScript 'var previewBar = document.getElementById("preview-bar-iframe"); previewBar.style.display = "none";' successfully

2019-07-23 18:09:00 - [MESSAGE][PASSED] - Execute JavaScript 'var previewBar = document.getElementById("preview-bar-iframe"); previewBar.style.display = "none";' successfully

2019-07-23 18:09:00 - [TEST_STEP][PASSED] - click(findTestObject("OCS-DESKTOP/Age gate and Mega menu/Indica Dominant_Menu item")): Object: 'Object Repository/OCS-DESKTOP/Age gate and Mega menu/Indica Dominant_Menu item' is clicked on

2019-07-23 18:09:03 - [MESSAGE][PASSED] - Object: 'Object Repository/OCS-DESKTOP/Age gate and Mega menu/Indica Dominant_Menu item' is clicked on

2019-07-23 18:09:03 - [TEST_STEP][PASSED] - executeJavaScript("var previewBar = document.getElementById("preview-bar-iframe"); previewBar.style.display = "none";", []): Execute JavaScript 'var previewBar = document.getElementById("preview-bar-iframe"); previewBar.style.display = "none";' successfully

2019-07-23 18:09:03 - [MESSAGE][PASSED] - Execute JavaScript 'var previewBar = document.getElementById("preview-bar-iframe"); previewBar.style.display = "none";' successfully

2019-07-23 18:09:03 - [TEST_STEP][PASSED] - delay(2): Delayed 2 second(s)

2019-07-23 18:09:05 - [MESSAGE][PASSED] - Delayed 2 second(s)

2019-07-23 18:09:05 - [TEST_STEP][PASSED] - click(findTestObject("FRENCH/Product image - 1st one")): Object: 'Object Repository/FRENCH/Product image - 1st one' is clicked on

2019-07-23 18:09:09 - [MESSAGE][PASSED] - Object: 'Object Repository/FRENCH/Product image - 1st one' is clicked on

2019-07-23 18:09:09 - [TEST_STEP][PASSED] - executeJavaScript("var previewBar = document.getElementById("preview-bar-iframe"); previewBar.style.display = "none";", []): Execute JavaScript 'var previewBar = document.getElementById("preview-bar-iframe"); previewBar.style.display = "none";' successfully

2019-07-23 18:09:09 - [MESSAGE][PASSED] - Execute JavaScript 'var previewBar = document.getElementById("preview-bar-iframe"); previewBar.style.display = "none";' successfully

2019-07-23 18:09:09 - [TEST_STEP][PASSED] - delay(1): Delayed 1 second(s)

2019-07-23 18:09:10 - [MESSAGE][PASSED] - Delayed 1 second(s)

2019-07-23 18:09:10 - [TEST_STEP][PASSED] - delay(3): Delayed 3 second(s)

2019-07-23 18:09:13 - [MESSAGE][PASSED] - Delayed 3 second(s)

2019-07-23 18:09:13 - [TEST_STEP][PASSED] - click(findTestObject("OCS-DESKTOP/Product page/Swatch_1g")): Object: 'Object Repository/OCS-DESKTOP/Product page/Swatch_1g' is clicked on

2019-07-23 18:09:13 - [MESSAGE][PASSED] - Object: 'Object Repository/OCS-DESKTOP/Product page/Swatch_1g' is clicked on

2019-07-23 18:09:13 - [TEST_STEP][PASSED] - delay(2): Delayed 2 second(s)

2019-07-23 18:09:15 - [MESSAGE][PASSED] - Delayed 2 second(s)

2019-07-23 18:09:15 - [TEST_STEP][PASSED] - delay(2): Delayed 2 second(s)

2019-07-23 18:09:17 - [MESSAGE][PASSED] - Delayed 2 second(s)

2019-07-23 18:09:17 - [TEST_STEP][PASSED] - click(findTestObject("OCS-DESKTOP/Product page/Quantity Increase - Button")): Object: 'Object Repository/OCS-DESKTOP/Product page/Quantity Increase - Button' is clicked on

2019-07-23 18:09:17 - [MESSAGE][PASSED] - Object: 'Object Repository/OCS-DESKTOP/Product page/Quantity Increase - Button' is clicked on

2019-07-23 18:09:17 - [TEST_STEP][PASSED] - delay(1): Delayed 1 second(s)

2019-07-23 18:09:18 - [MESSAGE][PASSED] - Delayed 1 second(s)

2019-07-23 18:09:18 - [TEST_STEP][PASSED] - click(findTestObject("FRENCH/Quantity Increase - Button")): Object: 'Object Repository/FRENCH/Quantity Increase - Button' is clicked on

2019-07-23 18:09:18 - [MESSAGE][PASSED] - Object: 'Object Repository/FRENCH/Quantity Increase - Button' is clicked on

2019-07-23 18:09:18 - [TEST_STEP][PASSED] - delay(1): Delayed 1 second(s)

2019-07-23 18:09:19 - [MESSAGE][PASSED] - Delayed 1 second(s)

2019-07-23 18:09:19 - [TEST_STEP][PASSED] - click(findTestObject("FRENCH/Quantity Increase - Button")): Object: 'Object Repository/FRENCH/Quantity Increase - Button' is clicked on

2019-07-23 18:09:19 - [MESSAGE][PASSED] - Object: 'Object Repository/FRENCH/Quantity Increase - Button' is clicked on

2019-07-23 18:09:19 - [TEST_STEP][PASSED] - delay(1): Delayed 1 second(s)

2019-07-23 18:09:20 - [MESSAGE][PASSED] - Delayed 1 second(s)

2019-07-23 18:09:20 - [TEST_STEP][PASSED] - click(findTestObject("FRENCH/Quantity Increase - Button")): Object: 'Object Repository/FRENCH/Quantity Increase - Button' is clicked on

2019-07-23 18:09:20 - [MESSAGE][PASSED] - Object: 'Object Repository/FRENCH/Quantity Increase - Button' is clicked on

2019-07-23 18:09:20 - [TEST_STEP][PASSED] - delay(2): Delayed 2 second(s)

2019-07-23 18:09:22 - [MESSAGE][PASSED] - Delayed 2 second(s)

2019-07-23 18:09:22 - [TEST_STEP][PASSED] - click(findTestObject("OCS-DESKTOP/Product page/Add to Bag-button")): Object: 'Object Repository/OCS-DESKTOP/Product page/Add to Bag-button' is clicked on

2019-07-23 18:09:22 - [MESSAGE][PASSED] - Object: 'Object Repository/OCS-DESKTOP/Product page/Add to Bag-button' is clicked on

2019-07-23 18:09:22 - [TEST_STEP][PASSED] - delay(1): Delayed 1 second(s)

2019-07-23 18:09:23 - [MESSAGE][PASSED] - Delayed 1 second(s)

2019-07-23 18:09:23 - [TEST_STEP][PASSED] - click(findTestObject("OCS-DESKTOP/Home - page/view my bag - cart dropdown"), OPTIONAL): Object: 'Object Repository/OCS-DESKTOP/Home - page/view my bag - cart dropdown' is clicked on

2019-07-23 18:09:23 - [MESSAGE][PASSED] - Object: 'Object Repository/OCS-DESKTOP/Home - page/view my bag - cart dropdown' is clicked on

2019-07-23 18:09:23 - [TEST_STEP][PASSED] - delay(2): Delayed 2 second(s)

2019-07-23 18:09:25 - [MESSAGE][PASSED] - Delayed 2 second(s)

2019-07-23 18:09:25 - [TEST_STEP][PASSED] - a = getText(findTestObject("OCS-DESKTOP/Cart flyout/Unit price - Product")): Text of object 'Object Repository/OCS-DESKTOP/Cart flyout/Unit price - Product' is: '52,50 $'

2019-07-23 18:09:25 - [MESSAGE][PASSED] - Text of object 'Object Repository/OCS-DESKTOP/Cart flyout/Unit price - Product' is: '52,50 $'

2019-07-23 18:09:25 - [TEST_STEP][PASSED] - comment(a): 52,50 $

2019-07-23 18:09:25 - [MESSAGE][INFO] - 52,50 $

2019-07-23 18:09:25 - [TEST_STEP][PASSED] - b = a.substring(0, a.length() - 1): null

2019-07-23 18:09:25 - [TEST_STEP][PASSED] - comment(b): 52,50 

2019-07-23 18:09:25 - [MESSAGE][INFO] - 52,50 

2019-07-23 18:09:25 - [TEST_STEP][PASSED] - a1 = b.substring(0, b.length() - 1): null

2019-07-23 18:09:25 - [TEST_STEP][PASSED] - comment("a1 = " + a1): a1 = 52,50

2019-07-23 18:09:25 - [MESSAGE][INFO] - a1 = 52,50

2019-07-23 18:09:25 - [TEST_STEP][PASSED] - x1 = a1.substring(0, a1.length() - 1): null

2019-07-23 18:09:25 - [TEST_STEP][PASSED] - comment("x1 = " + x1): x1 = 52,5

2019-07-23 18:09:25 - [MESSAGE][INFO] - x1 = 52,5

2019-07-23 18:09:25 - [TEST_STEP][PASSED] - x2 = x1.substring(0, x1.length() - 1): null

2019-07-23 18:09:25 - [TEST_STEP][PASSED] - comment("x2 = " + x2): x2 = 52,

2019-07-23 18:09:25 - [MESSAGE][INFO] - x2 = 52,

2019-07-23 18:09:25 - [TEST_STEP][PASSED] - x3 = x2.substring(0, x2.length() - 1): null

2019-07-23 18:09:25 - [TEST_STEP][PASSED] - comment("x3 = " + x3): x3 = 52

2019-07-23 18:09:25 - [MESSAGE][INFO] - x3 = 52

2019-07-23 18:09:25 - [TEST_STEP][PASSED] - x6 = x3.substring(0, x3.length() - 1): null

2019-07-23 18:09:25 - [TEST_STEP][PASSED] - comment("x6 = " + x6): x6 = 5

2019-07-23 18:09:25 - [MESSAGE][INFO] - x6 = 5

2019-07-23 18:09:25 - [TEST_STEP][PASSED] - click(findTestObject("FRENCH/input_-_updates")): Object: 'Object Repository/FRENCH/input_-_updates' is clicked on

2019-07-23 18:09:25 - [MESSAGE][PASSED] - Object: 'Object Repository/FRENCH/input_-_updates' is clicked on

2019-07-23 18:09:25 - [TEST_STEP][NOT_RUN] - setText(findTestObject("OCS-DESKTOP/Cart flyout/input_-_updates"), Keys.chord(CLEAR)): NOT_RUN: setText(findTestObject("OCS-DESKTOP/Cart flyout/input_-_updates"), Keys.chord(CLEAR))

2019-07-23 18:09:25 - [MESSAGE][NOT_RUN] - NOT_RUN: setText(findTestObject("OCS-DESKTOP/Cart flyout/input_-_updates"), Keys.chord(CLEAR))

2019-07-23 18:09:25 - [TEST_STEP][PASSED] - delay(1): Delayed 1 second(s)

2019-07-23 18:09:26 - [MESSAGE][PASSED] - Delayed 1 second(s)

2019-07-23 18:09:26 - [TEST_STEP][PASSED] - setText(findTestObject("OCS-DESKTOP/Cart flyout/input_-_updates"), "10"): Text '10' is set on object 'Object Repository/OCS-DESKTOP/Cart flyout/input_-_updates'

2019-07-23 18:09:27 - [MESSAGE][PASSED] - Text '10' is set on object 'Object Repository/OCS-DESKTOP/Cart flyout/input_-_updates'

2019-07-23 18:09:27 - [TEST_STEP][PASSED] - delay(2): Delayed 2 second(s)

2019-07-23 18:09:29 - [MESSAGE][PASSED] - Delayed 2 second(s)

2019-07-23 18:09:29 - [TEST_STEP][PASSED] - click(findTestObject("OCS-DESKTOP/Cart flyout/Quantity decrease - Product")): Object: 'Object Repository/OCS-DESKTOP/Cart flyout/Quantity decrease - Product' is clicked on

2019-07-23 18:09:29 - [MESSAGE][PASSED] - Object: 'Object Repository/OCS-DESKTOP/Cart flyout/Quantity decrease - Product' is clicked on

2019-07-23 18:09:29 - [TEST_STEP][PASSED] - delay(2): Delayed 2 second(s)

2019-07-23 18:09:31 - [MESSAGE][PASSED] - Delayed 2 second(s)

2019-07-23 18:09:31 - [TEST_STEP][PASSED] - click(findTestObject("OCS-DESKTOP/Cart flyout/Quantity decrease - Product")): Object: 'Object Repository/OCS-DESKTOP/Cart flyout/Quantity decrease - Product' is clicked on

2019-07-23 18:09:31 - [MESSAGE][PASSED] - Object: 'Object Repository/OCS-DESKTOP/Cart flyout/Quantity decrease - Product' is clicked on

2019-07-23 18:09:31 - [TEST_STEP][PASSED] - delay(2): Delayed 2 second(s)

2019-07-23 18:09:33 - [MESSAGE][PASSED] - Delayed 2 second(s)

2019-07-23 18:09:33 - [TEST_STEP][PASSED] - click(findTestObject("OCS-DESKTOP/Cart flyout/Quantity decrease - Product")): Object: 'Object Repository/OCS-DESKTOP/Cart flyout/Quantity decrease - Product' is clicked on

2019-07-23 18:09:33 - [MESSAGE][PASSED] - Object: 'Object Repository/OCS-DESKTOP/Cart flyout/Quantity decrease - Product' is clicked on

2019-07-23 18:09:33 - [TEST_STEP][PASSED] - delay(5): Delayed 5 second(s)

2019-07-23 18:09:38 - [MESSAGE][PASSED] - Delayed 5 second(s)

2019-07-23 18:09:38 - [TEST_STEP][PASSED] - c = getText(findTestObject("OCS-DESKTOP/Cart flyout/Sub-total Price")): Text of object 'Object Repository/OCS-DESKTOP/Cart flyout/Sub-total Price' is: '10,50 $'

2019-07-23 18:09:38 - [MESSAGE][PASSED] - Text of object 'Object Repository/OCS-DESKTOP/Cart flyout/Sub-total Price' is: '10,50 $'

2019-07-23 18:09:38 - [TEST_STEP][PASSED] - comment(c): 10,50 $

2019-07-23 18:09:38 - [MESSAGE][INFO] - 10,50 $

2019-07-23 18:09:38 - [TEST_STEP][PASSED] - d = c.substring(0, c.length() - 1): null

2019-07-23 18:09:38 - [TEST_STEP][PASSED] - comment(d): 10,50 

2019-07-23 18:09:38 - [MESSAGE][INFO] - 10,50 

2019-07-23 18:09:38 - [TEST_STEP][PASSED] - a2 = d.substring(0, d.length() - 1): null

2019-07-23 18:09:38 - [TEST_STEP][PASSED] - comment("a2 = " + a2): a2 = 10,50

2019-07-23 18:09:38 - [MESSAGE][INFO] - a2 = 10,50

2019-07-23 18:09:38 - [TEST_STEP][PASSED] - y1 = a2.substring(0, a2.length() - 1): null

2019-07-23 18:09:38 - [TEST_STEP][PASSED] - comment("y1 = " + y1): y1 = 10,5

2019-07-23 18:09:38 - [MESSAGE][INFO] - y1 = 10,5

2019-07-23 18:09:38 - [TEST_STEP][PASSED] - y2 = y1.substring(0, y1.length() - 1): null

2019-07-23 18:09:38 - [TEST_STEP][PASSED] - comment("y2 = " + y2): y2 = 10,

2019-07-23 18:09:38 - [MESSAGE][INFO] - y2 = 10,

2019-07-23 18:09:38 - [TEST_STEP][PASSED] - y3 = y2.substring(0, y2.length() - 1): null

2019-07-23 18:09:38 - [TEST_STEP][PASSED] - comment("y3 = " + y3): y3 = 10

2019-07-23 18:09:38 - [MESSAGE][INFO] - y3 = 10

2019-07-23 18:09:38 - [TEST_STEP][PASSED] - y4 = y3.substring(0, y3.length() - 1): null

2019-07-23 18:09:38 - [TEST_STEP][PASSED] - comment("y4 = " + y4): y4 = 1

2019-07-23 18:09:38 - [MESSAGE][INFO] - y4 = 1

2019-07-23 18:09:38 - [TEST_STEP][PASSED] - verifyNotEqual("x6", "y4"): Actual object 'x6' and expected object 'y4' are not equal

2019-07-23 18:09:38 - [MESSAGE][PASSED] - Actual object 'x6' and expected object 'y4' are not equal

2019-07-23 18:09:38 - [TEST_STEP][PASSED] - comment(" Sub-total Price changed . Quantity selector is working"):  Sub-total Price changed . Quantity selector is working

2019-07-23 18:09:38 - [MESSAGE][INFO] -  Sub-total Price changed . Quantity selector is working

2019-07-23 18:09:38 - [TEST_STEP][PASSED] - callTestCase(findTestCase("OCS - DESKTOP/CALL- SHIPPING TO PAYMENT"), [:], STOP_ON_FAILURE): Call Test Case 'Test Cases/OCS - DESKTOP/CALL- SHIPPING TO PAYMENT' successfully

2019-07-23 18:09:38 - [TEST_CASE][PASSED] - Test Cases/OCS - DESKTOP/CALL- SHIPPING TO PAYMENT: Test Cases/OCS - DESKTOP/CALL- SHIPPING TO PAYMENT

2019-07-23 18:09:38 - [TEST_STEP][PASSED] - delay(1): Delayed 1 second(s)

2019-07-23 18:09:39 - [MESSAGE][PASSED] - Delayed 1 second(s)

2019-07-23 18:09:39 - [TEST_STEP][PASSED] - click(findTestObject("OCS-DESKTOP/Cart flyout/Checkbox_I confirm that")): Object: 'Object Repository/OCS-DESKTOP/Cart flyout/Checkbox_I confirm that' is clicked on

2019-07-23 18:09:39 - [MESSAGE][PASSED] - Object: 'Object Repository/OCS-DESKTOP/Cart flyout/Checkbox_I confirm that' is clicked on

2019-07-23 18:09:39 - [TEST_STEP][PASSED] - delay(1): Delayed 1 second(s)

2019-07-23 18:09:40 - [MESSAGE][PASSED] - Delayed 1 second(s)

2019-07-23 18:09:40 - [TEST_STEP][PASSED] - click(findTestObject("OCS-DESKTOP/Cart flyout/Checkbox_Accept the Terms Condition")): Object: 'Object Repository/OCS-DESKTOP/Cart flyout/Checkbox_Accept the Terms Condition' is clicked on

2019-07-23 18:09:40 - [MESSAGE][PASSED] - Object: 'Object Repository/OCS-DESKTOP/Cart flyout/Checkbox_Accept the Terms Condition' is clicked on

2019-07-23 18:09:40 - [TEST_STEP][PASSED] - delay(1): Delayed 1 second(s)

2019-07-23 18:09:41 - [MESSAGE][PASSED] - Delayed 1 second(s)

2019-07-23 18:09:41 - [TEST_STEP][PASSED] - click(findTestObject("OCS-DESKTOP/Cart flyout/Checkout - Button")): Object: 'Object Repository/OCS-DESKTOP/Cart flyout/Checkout - Button' is clicked on

2019-07-23 18:09:45 - [MESSAGE][PASSED] - Object: 'Object Repository/OCS-DESKTOP/Cart flyout/Checkout - Button' is clicked on

2019-07-23 18:09:45 - [TEST_STEP][PASSED] - executeJavaScript("var previewBar = document.getElementById("preview-bar-iframe"); previewBar.style.display = "none";", []): Execute JavaScript 'var previewBar = document.getElementById("preview-bar-iframe"); previewBar.style.display = "none";' successfully

2019-07-23 18:09:45 - [MESSAGE][PASSED] - Execute JavaScript 'var previewBar = document.getElementById("preview-bar-iframe"); previewBar.style.display = "none";' successfully

2019-07-23 18:09:45 - [TEST_STEP][PASSED] - delay(2): Delayed 2 second(s)

2019-07-23 18:09:47 - [MESSAGE][PASSED] - Delayed 2 second(s)

2019-07-23 18:09:47 - [TEST_STEP][PASSED] - setText(findTestObject("Object Repository/Page_Ontario Cannabis Store - Infor/input_Adresse e-mail_checkoute"), "suman@gmail.com"): Text 'suman@gmail.com' is set on object 'Object Repository/Page_Ontario Cannabis Store - Infor/input_Adresse e-mail_checkoute'

2019-07-23 18:09:47 - [MESSAGE][PASSED] - Text 'suman@gmail.com' is set on object 'Object Repository/Page_Ontario Cannabis Store - Infor/input_Adresse e-mail_checkoute'

2019-07-23 18:09:47 - [TEST_STEP][PASSED] - setText(findTestObject("Object Repository/Page_Ontario Cannabis Store - Infor/input_Prnom_checkoutshipping_a"), "suman"): Text 'suman' is set on object 'Object Repository/Page_Ontario Cannabis Store - Infor/input_Prnom_checkoutshipping_a'

2019-07-23 18:09:47 - [MESSAGE][PASSED] - Text 'suman' is set on object 'Object Repository/Page_Ontario Cannabis Store - Infor/input_Prnom_checkoutshipping_a'

2019-07-23 18:09:47 - [TEST_STEP][PASSED] - setText(findTestObject("Object Repository/Page_Ontario Cannabis Store - Infor/input_Nom_checkoutshipping_add"), "kompelly"): Text 'kompelly' is set on object 'Object Repository/Page_Ontario Cannabis Store - Infor/input_Nom_checkoutshipping_add'

2019-07-23 18:09:47 - [MESSAGE][PASSED] - Text 'kompelly' is set on object 'Object Repository/Page_Ontario Cannabis Store - Infor/input_Nom_checkoutshipping_add'

2019-07-23 18:09:47 - [TEST_STEP][PASSED] - setText(findTestObject("Object Repository/Page_Ontario Cannabis Store - Infor/input_Adresse_checkoutshipping"), "123 test"): Text '123 test' is set on object 'Object Repository/Page_Ontario Cannabis Store - Infor/input_Adresse_checkoutshipping'

2019-07-23 18:09:47 - [MESSAGE][PASSED] - Text '123 test' is set on object 'Object Repository/Page_Ontario Cannabis Store - Infor/input_Adresse_checkoutshipping'

2019-07-23 18:09:47 - [TEST_STEP][PASSED] - setText(findTestObject("Object Repository/Page_Ontario Cannabis Store - Infor/input_Appartement suite etc. ("), "123"): Text '123' is set on object 'Object Repository/Page_Ontario Cannabis Store - Infor/input_Appartement suite etc. ('

2019-07-23 18:09:47 - [MESSAGE][PASSED] - Text '123' is set on object 'Object Repository/Page_Ontario Cannabis Store - Infor/input_Appartement suite etc. ('

2019-07-23 18:09:47 - [TEST_STEP][PASSED] - setText(findTestObject("Object Repository/Page_Ontario Cannabis Store - Infor/input_Ville_checkoutshipping_a"), "montreal"): Text 'montreal' is set on object 'Object Repository/Page_Ontario Cannabis Store - Infor/input_Ville_checkoutshipping_a'

2019-07-23 18:09:47 - [MESSAGE][PASSED] - Text 'montreal' is set on object 'Object Repository/Page_Ontario Cannabis Store - Infor/input_Ville_checkoutshipping_a'

2019-07-23 18:09:47 - [TEST_STEP][PASSED] - setText(findTestObject("Object Repository/Page_Ontario Cannabis Store - Infor/input_Code postal_checkoutship"), "n0r1k0"): Text 'n0r1k0' is set on object 'Object Repository/Page_Ontario Cannabis Store - Infor/input_Code postal_checkoutship'

2019-07-23 18:09:48 - [MESSAGE][PASSED] - Text 'n0r1k0' is set on object 'Object Repository/Page_Ontario Cannabis Store - Infor/input_Code postal_checkoutship'

2019-07-23 18:09:48 - [TEST_STEP][PASSED] - setText(findTestObject("Object Repository/Page_Ontario Cannabis Store - Infor/input_Tlphone_checkoutshipping"), "514-449-3883"): Text '514-449-3883' is set on object 'Object Repository/Page_Ontario Cannabis Store - Infor/input_Tlphone_checkoutshipping'

2019-07-23 18:09:48 - [MESSAGE][PASSED] - Text '514-449-3883' is set on object 'Object Repository/Page_Ontario Cannabis Store - Infor/input_Tlphone_checkoutshipping'

2019-07-23 18:09:48 - [TEST_STEP][PASSED] - delay(2): Delayed 2 second(s)

2019-07-23 18:09:50 - [MESSAGE][PASSED] - Delayed 2 second(s)

2019-07-23 18:09:50 - [TEST_STEP][PASSED] - click(findTestObject("Object Repository/Page_Ontario Cannabis Store - Infor/button_Continuer vers le mode")): Object: 'Object Repository/Page_Ontario Cannabis Store - Infor/button_Continuer vers le mode' is clicked on

2019-07-23 18:09:51 - [MESSAGE][PASSED] - Object: 'Object Repository/Page_Ontario Cannabis Store - Infor/button_Continuer vers le mode' is clicked on

2019-07-23 18:09:51 - [TEST_STEP][PASSED] - delay(4): Delayed 4 second(s)

2019-07-23 18:09:55 - [MESSAGE][PASSED] - Delayed 4 second(s)

2019-07-23 18:09:55 - [TEST_STEP][PASSED] - executeJavaScript("var previewBar = document.getElementById("preview-bar-iframe"); previewBar.style.display = "none";", []): Execute JavaScript 'var previewBar = document.getElementById("preview-bar-iframe"); previewBar.style.display = "none";' successfully

2019-07-23 18:09:55 - [MESSAGE][PASSED] - Execute JavaScript 'var previewBar = document.getElementById("preview-bar-iframe"); previewBar.style.display = "none";' successfully

2019-07-23 18:09:55 - [TEST_STEP][PASSED] - delay(2): Delayed 2 second(s)

2019-07-23 18:09:57 - [MESSAGE][PASSED] - Delayed 2 second(s)

2019-07-23 18:09:57 - [TEST_STEP][PASSED] - click(findTestObject("Object Repository/Page_Ontario Cannabis Store - Livra/button_Continuer vers le moyen")): Object: 'Object Repository/Page_Ontario Cannabis Store - Livra/button_Continuer vers le moyen' is clicked on

2019-07-23 18:10:00 - [MESSAGE][PASSED] - Object: 'Object Repository/Page_Ontario Cannabis Store - Livra/button_Continuer vers le moyen' is clicked on

2019-07-23 18:10:00 - [MESSAGE][PASSED] - Call Test Case 'Test Cases/OCS - DESKTOP/CALL- SHIPPING TO PAYMENT' successfully]]></system-out>
         <system-err><![CDATA[]]></system-err>
      </testcase>
      <testcase name="Test Cases/OCS - DESKTOP/OCS- CRITICAL PATH - FRENCH/Cart page - Decrease qty - fr" classname="Test Cases/OCS - DESKTOP/OCS- CRITICAL PATH - FRENCH/Cart page - Decrease qty - fr" status="PASSED">
         <system-out><![CDATA[2019-07-23 18:10:00 - [TEST_CASE][PASSED] - Test Cases/OCS - DESKTOP/OCS- CRITICAL PATH - FRENCH/Cart page - Decrease qty - fr: Test Cases/OCS - DESKTOP/OCS- CRITICAL PATH - FRENCH/Cart page - Decrease qty - fr

2019-07-23 18:10:00 - [TEST_STEP][PASSED] - callTestCase(findTestCase("OCS - DESKTOP/CALL- Age gate"), [:], STOP_ON_FAILURE): Call Test Case 'Test Cases/OCS - DESKTOP/CALL- Age gate' successfully

2019-07-23 18:10:00 - [TEST_CASE][PASSED] - Test Cases/OCS - DESKTOP/CALL- Age gate: Test Cases/OCS - DESKTOP/CALL- Age gate

2019-07-23 18:10:00 - [TEST_STEP][PASSED] - openBrowser(""): Browser is opened with url: ''

2019-07-23 18:10:00 - [MESSAGE][WARNING] - A browser is already opened. Closing browser and opening a new one

2019-07-23 18:10:00 - [MESSAGE][INFO] - Starting 'Chrome' driver

2019-07-23 18:10:01 - [MESSAGE][PASSED] - Browser is opened with url: ''

2019-07-23 18:10:01 - [TEST_STEP][PASSED] - navigateToUrl("https://ocs.ca/?fts=0&preview_theme_id=74209363788"): Navigate to 'https://ocs.ca/?fts=0&preview_theme_id=74209363788' successfully

2019-07-23 18:10:07 - [MESSAGE][PASSED] - Navigate to 'https://ocs.ca/?fts=0&preview_theme_id=74209363788' successfully

2019-07-23 18:10:07 - [TEST_STEP][PASSED] - maximizeWindow(): Current window maximized

2019-07-23 18:10:07 - [MESSAGE][PASSED] - Current window maximized

2019-07-23 18:10:07 - [TEST_STEP][PASSED] - delay(2): Delayed 2 second(s)

2019-07-23 18:10:09 - [MESSAGE][PASSED] - Delayed 2 second(s)

2019-07-23 18:10:09 - [TEST_STEP][PASSED] - executeJavaScript("var previewBar = document.getElementById("preview-bar-iframe"); previewBar.style.display = "none";", []): Execute JavaScript 'var previewBar = document.getElementById("preview-bar-iframe"); previewBar.style.display = "none";' successfully

2019-07-23 18:10:09 - [MESSAGE][PASSED] - Execute JavaScript 'var previewBar = document.getElementById("preview-bar-iframe"); previewBar.style.display = "none";' successfully

2019-07-23 18:10:09 - [TEST_STEP][PASSED] - selectOptionByValue(findTestObject("OCS-DESKTOP/Age gate and Mega menu/Date"), "12", true): All options with value '12' are selected in object 'Object Repository/OCS-DESKTOP/Age gate and Mega menu/Date'  using regular expression

2019-07-23 18:10:09 - [MESSAGE][PASSED] - All options with value '12' are selected in object 'Object Repository/OCS-DESKTOP/Age gate and Mega menu/Date'  using regular expression

2019-07-23 18:10:09 - [TEST_STEP][PASSED] - selectOptionByValue(findTestObject("OCS-DESKTOP/Age gate and Mega menu/month"), "6", true): All options with value '6' are selected in object 'Object Repository/OCS-DESKTOP/Age gate and Mega menu/month'  using regular expression

2019-07-23 18:10:10 - [MESSAGE][PASSED] - All options with value '6' are selected in object 'Object Repository/OCS-DESKTOP/Age gate and Mega menu/month'  using regular expression

2019-07-23 18:10:10 - [TEST_STEP][PASSED] - delay(2): Delayed 2 second(s)

2019-07-23 18:10:12 - [MESSAGE][PASSED] - Delayed 2 second(s)

2019-07-23 18:10:12 - [TEST_STEP][PASSED] - selectOptionByValue(findTestObject("OCS-DESKTOP/Age gate and Mega menu/Year Dropdown"), "1990", true): All options with value '1990' are selected in object 'Object Repository/OCS-DESKTOP/Age gate and Mega menu/Year Dropdown'  using regular expression

2019-07-23 18:10:13 - [MESSAGE][PASSED] - All options with value '1990' are selected in object 'Object Repository/OCS-DESKTOP/Age gate and Mega menu/Year Dropdown'  using regular expression

2019-07-23 18:10:13 - [TEST_STEP][PASSED] - click(findTestObject("OCS-DESKTOP/Age gate and Mega menu/button_Verify")): Object: 'Object Repository/OCS-DESKTOP/Age gate and Mega menu/button_Verify' is clicked on

2019-07-23 18:10:13 - [MESSAGE][PASSED] - Object: 'Object Repository/OCS-DESKTOP/Age gate and Mega menu/button_Verify' is clicked on

2019-07-23 18:10:13 - [TEST_STEP][PASSED] - click(findTestObject("OCS-DESKTOP/Age gate and Mega menu/Checkbox_CONFIRM AND ACKNOWLEDGE")): Object: 'Object Repository/OCS-DESKTOP/Age gate and Mega menu/Checkbox_CONFIRM AND ACKNOWLEDGE' is clicked on

2019-07-23 18:10:13 - [MESSAGE][PASSED] - Object: 'Object Repository/OCS-DESKTOP/Age gate and Mega menu/Checkbox_CONFIRM AND ACKNOWLEDGE' is clicked on

2019-07-23 18:10:13 - [TEST_STEP][PASSED] - click(findTestObject("OCS-DESKTOP/Age gate and Mega menu/button_CONFIRM")): Object: 'Object Repository/OCS-DESKTOP/Age gate and Mega menu/button_CONFIRM' is clicked on

2019-07-23 18:10:13 - [MESSAGE][PASSED] - Object: 'Object Repository/OCS-DESKTOP/Age gate and Mega menu/button_CONFIRM' is clicked on

2019-07-23 18:10:13 - [TEST_STEP][PASSED] - click(findTestObject("OCS-DESKTOP/Age gate and Mega menu/button_Start Browsing")): Object: 'Object Repository/OCS-DESKTOP/Age gate and Mega menu/button_Start Browsing' is clicked on

2019-07-23 18:10:13 - [MESSAGE][PASSED] - Object: 'Object Repository/OCS-DESKTOP/Age gate and Mega menu/button_Start Browsing' is clicked on

2019-07-23 18:10:13 - [TEST_STEP][PASSED] - delay(2): Delayed 2 second(s)

2019-07-23 18:10:15 - [MESSAGE][PASSED] - Delayed 2 second(s)

2019-07-23 18:10:15 - [TEST_STEP][PASSED] - refresh(): Refresh successfully

2019-07-23 18:10:19 - [MESSAGE][PASSED] - Refresh successfully

2019-07-23 18:10:19 - [MESSAGE][PASSED] - Call Test Case 'Test Cases/OCS - DESKTOP/CALL- Age gate' successfully

2019-07-23 18:10:19 - [TEST_STEP][PASSED] - delay(2): Delayed 2 second(s)

2019-07-23 18:10:21 - [MESSAGE][PASSED] - Delayed 2 second(s)

2019-07-23 18:10:21 - [TEST_STEP][PASSED] - callTestCase(findTestCase("OCS - DESKTOP/CALL - TOGGLING LANGUAGE"), [:], STOP_ON_FAILURE): Call Test Case 'Test Cases/OCS - DESKTOP/CALL - TOGGLING LANGUAGE' successfully

2019-07-23 18:10:21 - [TEST_CASE][PASSED] - Test Cases/OCS - DESKTOP/CALL - TOGGLING LANGUAGE: Test Cases/OCS - DESKTOP/CALL - TOGGLING LANGUAGE

2019-07-23 18:10:21 - [TEST_STEP][PASSED] - delay(2): Delayed 2 second(s)

2019-07-23 18:10:23 - [MESSAGE][PASSED] - Delayed 2 second(s)

2019-07-23 18:10:23 - [TEST_STEP][PASSED] - click(findTestObject("OCS-DESKTOP/Cart flyout/English dropdown")): Object: 'Object Repository/OCS-DESKTOP/Cart flyout/English dropdown' is clicked on

2019-07-23 18:10:23 - [MESSAGE][PASSED] - Object: 'Object Repository/OCS-DESKTOP/Cart flyout/English dropdown' is clicked on

2019-07-23 18:10:23 - [TEST_STEP][PASSED] - delay(2): Delayed 2 second(s)

2019-07-23 18:10:25 - [MESSAGE][PASSED] - Delayed 2 second(s)

2019-07-23 18:10:25 - [TEST_STEP][PASSED] - click(findTestObject("OCS-DESKTOP/Cart flyout/Select French")): Object: 'Object Repository/OCS-DESKTOP/Cart flyout/Select French' is clicked on

2019-07-23 18:10:25 - [MESSAGE][PASSED] - Object: 'Object Repository/OCS-DESKTOP/Cart flyout/Select French' is clicked on

2019-07-23 18:10:25 - [TEST_STEP][PASSED] - delay(5): Delayed 5 second(s)

2019-07-23 18:10:30 - [MESSAGE][PASSED] - Delayed 5 second(s)

2019-07-23 18:10:30 - [TEST_STEP][PASSED] - e = getWindowTitle(): Current window's title is: 'Magasin de Cannabis de l'Ontario | Ontario Cannabis Store'

2019-07-23 18:10:30 - [MESSAGE][PASSED] - Current window's title is: 'Magasin de Cannabis de l'Ontario | Ontario Cannabis Store'

2019-07-23 18:10:30 - [MESSAGE][PASSED] - Call Test Case 'Test Cases/OCS - DESKTOP/CALL - TOGGLING LANGUAGE' successfully

2019-07-23 18:10:30 - [TEST_STEP][PASSED] - click(findTestObject("OCS-DESKTOP/Age gate and Mega menu/Header/CANNABIS menu - English")): Object: 'Object Repository/OCS-DESKTOP/Age gate and Mega menu/Header/CANNABIS menu - English' is clicked on

2019-07-23 18:10:30 - [MESSAGE][PASSED] - Object: 'Object Repository/OCS-DESKTOP/Age gate and Mega menu/Header/CANNABIS menu - English' is clicked on

2019-07-23 18:10:30 - [TEST_STEP][PASSED] - delay(2): Delayed 2 second(s)

2019-07-23 18:10:32 - [MESSAGE][PASSED] - Delayed 2 second(s)

2019-07-23 18:10:32 - [TEST_STEP][PASSED] - executeJavaScript("var previewBar = document.getElementById("preview-bar-iframe"); previewBar.style.display = "none";", []): Execute JavaScript 'var previewBar = document.getElementById("preview-bar-iframe"); previewBar.style.display = "none";' successfully

2019-07-23 18:10:32 - [MESSAGE][PASSED] - Execute JavaScript 'var previewBar = document.getElementById("preview-bar-iframe"); previewBar.style.display = "none";' successfully

2019-07-23 18:10:32 - [TEST_STEP][PASSED] - click(findTestObject("OCS-DESKTOP/Age gate and Mega menu/Indica Dominant_Menu item")): Object: 'Object Repository/OCS-DESKTOP/Age gate and Mega menu/Indica Dominant_Menu item' is clicked on

2019-07-23 18:10:35 - [MESSAGE][PASSED] - Object: 'Object Repository/OCS-DESKTOP/Age gate and Mega menu/Indica Dominant_Menu item' is clicked on

2019-07-23 18:10:35 - [TEST_STEP][PASSED] - executeJavaScript("var previewBar = document.getElementById("preview-bar-iframe"); previewBar.style.display = "none";", []): Execute JavaScript 'var previewBar = document.getElementById("preview-bar-iframe"); previewBar.style.display = "none";' successfully

2019-07-23 18:10:35 - [MESSAGE][PASSED] - Execute JavaScript 'var previewBar = document.getElementById("preview-bar-iframe"); previewBar.style.display = "none";' successfully

2019-07-23 18:10:35 - [TEST_STEP][PASSED] - delay(2): Delayed 2 second(s)

2019-07-23 18:10:37 - [MESSAGE][PASSED] - Delayed 2 second(s)

2019-07-23 18:10:37 - [TEST_STEP][PASSED] - click(findTestObject("FRENCH/Product image - 1st one")): Object: 'Object Repository/FRENCH/Product image - 1st one' is clicked on

2019-07-23 18:10:40 - [MESSAGE][PASSED] - Object: 'Object Repository/FRENCH/Product image - 1st one' is clicked on

2019-07-23 18:10:40 - [TEST_STEP][PASSED] - executeJavaScript("var previewBar = document.getElementById("preview-bar-iframe"); previewBar.style.display = "none";", []): Execute JavaScript 'var previewBar = document.getElementById("preview-bar-iframe"); previewBar.style.display = "none";' successfully

2019-07-23 18:10:40 - [MESSAGE][PASSED] - Execute JavaScript 'var previewBar = document.getElementById("preview-bar-iframe"); previewBar.style.display = "none";' successfully

2019-07-23 18:10:40 - [TEST_STEP][PASSED] - delay(1): Delayed 1 second(s)

2019-07-23 18:10:41 - [MESSAGE][PASSED] - Delayed 1 second(s)

2019-07-23 18:10:41 - [TEST_STEP][PASSED] - delay(3): Delayed 3 second(s)

2019-07-23 18:10:44 - [MESSAGE][PASSED] - Delayed 3 second(s)

2019-07-23 18:10:44 - [TEST_STEP][PASSED] - click(findTestObject("OCS-DESKTOP/Product page/Swatch_1g")): Object: 'Object Repository/OCS-DESKTOP/Product page/Swatch_1g' is clicked on

2019-07-23 18:10:44 - [MESSAGE][PASSED] - Object: 'Object Repository/OCS-DESKTOP/Product page/Swatch_1g' is clicked on

2019-07-23 18:10:44 - [TEST_STEP][PASSED] - delay(2): Delayed 2 second(s)

2019-07-23 18:10:46 - [MESSAGE][PASSED] - Delayed 2 second(s)

2019-07-23 18:10:46 - [TEST_STEP][PASSED] - delay(2): Delayed 2 second(s)

2019-07-23 18:10:48 - [MESSAGE][PASSED] - Delayed 2 second(s)

2019-07-23 18:10:48 - [TEST_STEP][PASSED] - click(findTestObject("OCS-DESKTOP/Product page/Quantity Increase - Button")): Object: 'Object Repository/OCS-DESKTOP/Product page/Quantity Increase - Button' is clicked on

2019-07-23 18:10:48 - [MESSAGE][PASSED] - Object: 'Object Repository/OCS-DESKTOP/Product page/Quantity Increase - Button' is clicked on

2019-07-23 18:10:48 - [TEST_STEP][PASSED] - delay(1): Delayed 1 second(s)

2019-07-23 18:10:49 - [MESSAGE][PASSED] - Delayed 1 second(s)

2019-07-23 18:10:49 - [TEST_STEP][PASSED] - click(findTestObject("FRENCH/Quantity Increase - Button")): Object: 'Object Repository/FRENCH/Quantity Increase - Button' is clicked on

2019-07-23 18:10:49 - [MESSAGE][PASSED] - Object: 'Object Repository/FRENCH/Quantity Increase - Button' is clicked on

2019-07-23 18:10:49 - [TEST_STEP][PASSED] - delay(1): Delayed 1 second(s)

2019-07-23 18:10:50 - [MESSAGE][PASSED] - Delayed 1 second(s)

2019-07-23 18:10:50 - [TEST_STEP][PASSED] - click(findTestObject("FRENCH/Quantity Increase - Button")): Object: 'Object Repository/FRENCH/Quantity Increase - Button' is clicked on

2019-07-23 18:10:50 - [MESSAGE][PASSED] - Object: 'Object Repository/FRENCH/Quantity Increase - Button' is clicked on

2019-07-23 18:10:50 - [TEST_STEP][PASSED] - delay(1): Delayed 1 second(s)

2019-07-23 18:10:51 - [MESSAGE][PASSED] - Delayed 1 second(s)

2019-07-23 18:10:51 - [TEST_STEP][PASSED] - click(findTestObject("FRENCH/Quantity Increase - Button")): Object: 'Object Repository/FRENCH/Quantity Increase - Button' is clicked on

2019-07-23 18:10:51 - [MESSAGE][PASSED] - Object: 'Object Repository/FRENCH/Quantity Increase - Button' is clicked on

2019-07-23 18:10:51 - [TEST_STEP][PASSED] - delay(2): Delayed 2 second(s)

2019-07-23 18:10:53 - [MESSAGE][PASSED] - Delayed 2 second(s)

2019-07-23 18:10:53 - [TEST_STEP][PASSED] - click(findTestObject("OCS-DESKTOP/Product page/Add to Bag-button")): Object: 'Object Repository/OCS-DESKTOP/Product page/Add to Bag-button' is clicked on

2019-07-23 18:10:53 - [MESSAGE][PASSED] - Object: 'Object Repository/OCS-DESKTOP/Product page/Add to Bag-button' is clicked on

2019-07-23 18:10:53 - [TEST_STEP][PASSED] - delay(2): Delayed 2 second(s)

2019-07-23 18:10:55 - [MESSAGE][PASSED] - Delayed 2 second(s)

2019-07-23 18:10:55 - [TEST_STEP][PASSED] - click(findTestObject("OCS-DESKTOP/Home - page/view my bag - cart dropdown"), OPTIONAL): Object: 'Object Repository/OCS-DESKTOP/Home - page/view my bag - cart dropdown' is clicked on

2019-07-23 18:10:55 - [MESSAGE][PASSED] - Object: 'Object Repository/OCS-DESKTOP/Home - page/view my bag - cart dropdown' is clicked on

2019-07-23 18:10:55 - [TEST_STEP][PASSED] - delay(3): Delayed 3 second(s)

2019-07-23 18:10:59 - [MESSAGE][PASSED] - Delayed 3 second(s)

2019-07-23 18:10:59 - [TEST_STEP][PASSED] - click(findTestObject("OCS-DESKTOP/Cart flyout/Checkbox_I confirm that")): Object: 'Object Repository/OCS-DESKTOP/Cart flyout/Checkbox_I confirm that' is clicked on

2019-07-23 18:10:59 - [MESSAGE][PASSED] - Object: 'Object Repository/OCS-DESKTOP/Cart flyout/Checkbox_I confirm that' is clicked on

2019-07-23 18:10:59 - [TEST_STEP][PASSED] - delay(1): Delayed 1 second(s)

2019-07-23 18:11:00 - [MESSAGE][PASSED] - Delayed 1 second(s)

2019-07-23 18:11:00 - [TEST_STEP][PASSED] - click(findTestObject("OCS-DESKTOP/Cart flyout/Checkbox_Accept the Terms Condition")): Object: 'Object Repository/OCS-DESKTOP/Cart flyout/Checkbox_Accept the Terms Condition' is clicked on

2019-07-23 18:11:00 - [MESSAGE][PASSED] - Object: 'Object Repository/OCS-DESKTOP/Cart flyout/Checkbox_Accept the Terms Condition' is clicked on

2019-07-23 18:11:00 - [TEST_STEP][PASSED] - delay(1): Delayed 1 second(s)

2019-07-23 18:11:01 - [MESSAGE][PASSED] - Delayed 1 second(s)

2019-07-23 18:11:01 - [TEST_STEP][PASSED] - click(findTestObject("OCS-DESKTOP/Cart flyout/Checkout - Button")): Object: 'Object Repository/OCS-DESKTOP/Cart flyout/Checkout - Button' is clicked on

2019-07-23 18:11:03 - [MESSAGE][PASSED] - Object: 'Object Repository/OCS-DESKTOP/Cart flyout/Checkout - Button' is clicked on

2019-07-23 18:11:03 - [TEST_STEP][PASSED] - executeJavaScript("var previewBar = document.getElementById("preview-bar-iframe"); previewBar.style.display = "none";", []): Execute JavaScript 'var previewBar = document.getElementById("preview-bar-iframe"); previewBar.style.display = "none";' successfully

2019-07-23 18:11:03 - [MESSAGE][PASSED] - Execute JavaScript 'var previewBar = document.getElementById("preview-bar-iframe"); previewBar.style.display = "none";' successfully

2019-07-23 18:11:03 - [TEST_STEP][PASSED] - delay(2): Delayed 2 second(s)

2019-07-23 18:11:05 - [MESSAGE][PASSED] - Delayed 2 second(s)

2019-07-23 18:11:05 - [TEST_STEP][NOT_RUN] - scrollToElement(findTestObject("OCS-DESKTOP/Customer info page/Return to Cart - Link"), 1): NOT_RUN: scrollToElement(findTestObject("OCS-DESKTOP/Customer info page/Return to Cart - Link"), 1)

2019-07-23 18:11:05 - [MESSAGE][NOT_RUN] - NOT_RUN: scrollToElement(findTestObject("OCS-DESKTOP/Customer info page/Return to Cart - Link"), 1)

2019-07-23 18:11:05 - [TEST_STEP][PASSED] - delay(1): Delayed 1 second(s)

2019-07-23 18:11:06 - [MESSAGE][PASSED] - Delayed 1 second(s)

2019-07-23 18:11:06 - [TEST_STEP][PASSED] - delay(2): Delayed 2 second(s)

2019-07-23 18:11:08 - [MESSAGE][PASSED] - Delayed 2 second(s)

2019-07-23 18:11:08 - [TEST_STEP][PASSED] - click(findTestObject("OCS-DESKTOP/Customer info page/Return to Cart - Link")): Object: 'Object Repository/OCS-DESKTOP/Customer info page/Return to Cart - Link' is clicked on

2019-07-23 18:11:10 - [MESSAGE][PASSED] - Object: 'Object Repository/OCS-DESKTOP/Customer info page/Return to Cart - Link' is clicked on

2019-07-23 18:11:10 - [TEST_STEP][PASSED] - delay(1): Delayed 1 second(s)

2019-07-23 18:11:11 - [MESSAGE][PASSED] - Delayed 1 second(s)

2019-07-23 18:11:11 - [TEST_STEP][PASSED] - delay(1): Delayed 1 second(s)

2019-07-23 18:11:12 - [MESSAGE][PASSED] - Delayed 1 second(s)

2019-07-23 18:11:12 - [TEST_STEP][PASSED] - a = getText(findTestObject("OCS-DESKTOP/Cart page/Unit price - product - price in cart page")): Text of object 'Object Repository/OCS-DESKTOP/Cart page/Unit price - product - price in cart page' is: '52,50 $'

2019-07-23 18:11:12 - [MESSAGE][PASSED] - Text of object 'Object Repository/OCS-DESKTOP/Cart page/Unit price - product - price in cart page' is: '52,50 $'

2019-07-23 18:11:12 - [TEST_STEP][PASSED] - comment(a): 52,50 $

2019-07-23 18:11:12 - [MESSAGE][INFO] - 52,50 $

2019-07-23 18:11:12 - [TEST_STEP][PASSED] - a1 = a.substring(0, a.length() - 1): null

2019-07-23 18:11:12 - [TEST_STEP][PASSED] - comment("a1 = " + a1): a1 = 52,50 

2019-07-23 18:11:12 - [MESSAGE][INFO] - a1 = 52,50 

2019-07-23 18:11:12 - [TEST_STEP][PASSED] - x1 = a1.substring(0, a1.length() - 1): null

2019-07-23 18:11:12 - [TEST_STEP][PASSED] - comment("x1 = " + x1): x1 = 52,50

2019-07-23 18:11:12 - [MESSAGE][INFO] - x1 = 52,50

2019-07-23 18:11:12 - [TEST_STEP][PASSED] - x2 = x1.substring(0, x1.length() - 1): null

2019-07-23 18:11:12 - [TEST_STEP][PASSED] - comment("x2 = " + x2): x2 = 52,5

2019-07-23 18:11:12 - [MESSAGE][INFO] - x2 = 52,5

2019-07-23 18:11:12 - [TEST_STEP][PASSED] - x3 = x2.substring(0, x2.length() - 1): null

2019-07-23 18:11:12 - [TEST_STEP][PASSED] - comment("x3 = " + x3): x3 = 52,

2019-07-23 18:11:12 - [MESSAGE][INFO] - x3 = 52,

2019-07-23 18:11:12 - [TEST_STEP][PASSED] - x6 = x3.substring(0, x3.length() - 1): null

2019-07-23 18:11:12 - [TEST_STEP][PASSED] - comment("x6 = " + x6): x6 = 52

2019-07-23 18:11:12 - [MESSAGE][INFO] - x6 = 52

2019-07-23 18:11:12 - [TEST_STEP][PASSED] - click(findTestObject("OCS-DESKTOP/Cart page/Quantity Input field")): Object: 'Object Repository/OCS-DESKTOP/Cart page/Quantity Input field' is clicked on

2019-07-23 18:11:12 - [MESSAGE][PASSED] - Object: 'Object Repository/OCS-DESKTOP/Cart page/Quantity Input field' is clicked on

2019-07-23 18:11:12 - [TEST_STEP][NOT_RUN] - sendKeys(findTestObject("OCS-DESKTOP/Cart page/Quantity Input field"), Keys.chord(CLEAR)): NOT_RUN: sendKeys(findTestObject("OCS-DESKTOP/Cart page/Quantity Input field"), Keys.chord(CLEAR))

2019-07-23 18:11:12 - [MESSAGE][NOT_RUN] - NOT_RUN: sendKeys(findTestObject("OCS-DESKTOP/Cart page/Quantity Input field"), Keys.chord(CLEAR))

2019-07-23 18:11:12 - [TEST_STEP][PASSED] - setText(findTestObject("OCS-DESKTOP/Cart page/Quantity Input field"), "10"): Text '10' is set on object 'Object Repository/OCS-DESKTOP/Cart page/Quantity Input field'

2019-07-23 18:11:12 - [MESSAGE][PASSED] - Text '10' is set on object 'Object Repository/OCS-DESKTOP/Cart page/Quantity Input field'

2019-07-23 18:11:12 - [TEST_STEP][PASSED] - delay(2): Delayed 2 second(s)

2019-07-23 18:11:14 - [MESSAGE][PASSED] - Delayed 2 second(s)

2019-07-23 18:11:14 - [TEST_STEP][NOT_RUN] - sendKeys(findTestObject("OCS-DESKTOP/Cart page/Quantity Input field"), Keys.chord(CLEAR)): NOT_RUN: sendKeys(findTestObject("OCS-DESKTOP/Cart page/Quantity Input field"), Keys.chord(CLEAR))

2019-07-23 18:11:14 - [MESSAGE][NOT_RUN] - NOT_RUN: sendKeys(findTestObject("OCS-DESKTOP/Cart page/Quantity Input field"), Keys.chord(CLEAR))

2019-07-23 18:11:14 - [TEST_STEP][NOT_RUN] - click(findTestObject("OCS-DESKTOP/Cart page/enter quantity")): NOT_RUN: click(findTestObject("OCS-DESKTOP/Cart page/enter quantity"))

2019-07-23 18:11:14 - [MESSAGE][NOT_RUN] - NOT_RUN: click(findTestObject("OCS-DESKTOP/Cart page/enter quantity"))

2019-07-23 18:11:14 - [TEST_STEP][PASSED] - delay(2): Delayed 2 second(s)

2019-07-23 18:11:16 - [MESSAGE][PASSED] - Delayed 2 second(s)

2019-07-23 18:11:16 - [TEST_STEP][PASSED] - setText(findTestObject("OCS-DESKTOP/Cart page/Quantity Input field"), "7"): Text '7' is set on object 'Object Repository/OCS-DESKTOP/Cart page/Quantity Input field'

2019-07-23 18:11:16 - [MESSAGE][PASSED] - Text '7' is set on object 'Object Repository/OCS-DESKTOP/Cart page/Quantity Input field'

2019-07-23 18:11:16 - [TEST_STEP][PASSED] - delay(2): Delayed 2 second(s)

2019-07-23 18:11:18 - [MESSAGE][PASSED] - Delayed 2 second(s)

2019-07-23 18:11:18 - [TEST_STEP][NOT_RUN] - click(findTestObject("OCS-DESKTOP/Cart page/Unit price - product")): NOT_RUN: click(findTestObject("OCS-DESKTOP/Cart page/Unit price - product"))

2019-07-23 18:11:18 - [MESSAGE][NOT_RUN] - NOT_RUN: click(findTestObject("OCS-DESKTOP/Cart page/Unit price - product"))

2019-07-23 18:11:18 - [TEST_STEP][PASSED] - delay(2): Delayed 2 second(s)

2019-07-23 18:11:20 - [MESSAGE][PASSED] - Delayed 2 second(s)

2019-07-23 18:11:20 - [TEST_STEP][PASSED] - click(findTestObject("OCS-DESKTOP/Cart page/Qty Decrease icon")): Object: 'Object Repository/OCS-DESKTOP/Cart page/Qty Decrease icon' is clicked on

2019-07-23 18:11:20 - [MESSAGE][PASSED] - Object: 'Object Repository/OCS-DESKTOP/Cart page/Qty Decrease icon' is clicked on

2019-07-23 18:11:20 - [TEST_STEP][PASSED] - delay(2): Delayed 2 second(s)

2019-07-23 18:11:22 - [MESSAGE][PASSED] - Delayed 2 second(s)

2019-07-23 18:11:22 - [TEST_STEP][PASSED] - click(findTestObject("OCS-DESKTOP/Cart page/Qty Decrease icon")): Object: 'Object Repository/OCS-DESKTOP/Cart page/Qty Decrease icon' is clicked on

2019-07-23 18:11:22 - [MESSAGE][PASSED] - Object: 'Object Repository/OCS-DESKTOP/Cart page/Qty Decrease icon' is clicked on

2019-07-23 18:11:22 - [TEST_STEP][PASSED] - delay(2): Delayed 2 second(s)

2019-07-23 18:11:24 - [MESSAGE][PASSED] - Delayed 2 second(s)

2019-07-23 18:11:24 - [TEST_STEP][PASSED] - click(findTestObject("OCS-DESKTOP/Cart page/Qty Decrease icon")): Object: 'Object Repository/OCS-DESKTOP/Cart page/Qty Decrease icon' is clicked on

2019-07-23 18:11:24 - [MESSAGE][PASSED] - Object: 'Object Repository/OCS-DESKTOP/Cart page/Qty Decrease icon' is clicked on

2019-07-23 18:11:24 - [TEST_STEP][PASSED] - delay(2): Delayed 2 second(s)

2019-07-23 18:11:26 - [MESSAGE][PASSED] - Delayed 2 second(s)

2019-07-23 18:11:26 - [TEST_STEP][PASSED] - b = getText(findTestObject("OCS-DESKTOP/Cart page/Unit price - product - price in cart page")): Text of object 'Object Repository/OCS-DESKTOP/Cart page/Unit price - product - price in cart page' is: '42,00 $'

2019-07-23 18:11:26 - [MESSAGE][PASSED] - Text of object 'Object Repository/OCS-DESKTOP/Cart page/Unit price - product - price in cart page' is: '42,00 $'

2019-07-23 18:11:26 - [TEST_STEP][PASSED] - comment(b): 42,00 $

2019-07-23 18:11:26 - [MESSAGE][INFO] - 42,00 $

2019-07-23 18:11:26 - [TEST_STEP][PASSED] - a2 = b.substring(0, b.length() - 1): null

2019-07-23 18:11:26 - [TEST_STEP][PASSED] - comment("a2 = " + a2): a2 = 42,00 

2019-07-23 18:11:26 - [MESSAGE][INFO] - a2 = 42,00 

2019-07-23 18:11:26 - [TEST_STEP][PASSED] - y1 = a2.substring(0, a2.length() - 1): null

2019-07-23 18:11:26 - [TEST_STEP][PASSED] - comment("y1 = " + y1): y1 = 42,00

2019-07-23 18:11:26 - [MESSAGE][INFO] - y1 = 42,00

2019-07-23 18:11:26 - [TEST_STEP][PASSED] - y2 = y1.substring(0, y1.length() - 1): null

2019-07-23 18:11:26 - [TEST_STEP][PASSED] - comment("y2 = " + y2): y2 = 42,0

2019-07-23 18:11:26 - [MESSAGE][INFO] - y2 = 42,0

2019-07-23 18:11:26 - [TEST_STEP][PASSED] - y3 = y2.substring(0, y2.length() - 1): null

2019-07-23 18:11:26 - [TEST_STEP][PASSED] - comment("y3 = " + y3): y3 = 42,

2019-07-23 18:11:26 - [MESSAGE][INFO] - y3 = 42,

2019-07-23 18:11:26 - [TEST_STEP][PASSED] - y4 = y3.substring(0, y3.length() - 1): null

2019-07-23 18:11:26 - [TEST_STEP][PASSED] - comment("y4 = " + y4): y4 = 42

2019-07-23 18:11:26 - [MESSAGE][INFO] - y4 = 42

2019-07-23 18:11:26 - [TEST_STEP][PASSED] - verifyNotEqual("x6", "y4"): Actual object 'x6' and expected object 'y4' are not equal

2019-07-23 18:11:26 - [MESSAGE][PASSED] - Actual object 'x6' and expected object 'y4' are not equal

2019-07-23 18:11:26 - [TEST_STEP][PASSED] - comment(" price changed . Quantity selector is working"):  price changed . Quantity selector is working

2019-07-23 18:11:26 - [MESSAGE][INFO] -  price changed . Quantity selector is working

2019-07-23 18:11:26 - [TEST_STEP][PASSED] - callTestCase(findTestCase("OCS - DESKTOP/CALL - CART PAGE - SHIPPING TO PAYMENT"), [:], STOP_ON_FAILURE): Call Test Case 'Test Cases/OCS - DESKTOP/CALL - CART PAGE - SHIPPING TO PAYMENT' successfully

2019-07-23 18:11:27 - [TEST_CASE][PASSED] - Test Cases/OCS - DESKTOP/CALL - CART PAGE - SHIPPING TO PAYMENT: Test Cases/OCS - DESKTOP/CALL - CART PAGE - SHIPPING TO PAYMENT

2019-07-23 18:11:27 - [TEST_STEP][PASSED] - delay(2): Delayed 2 second(s)

2019-07-23 18:11:29 - [MESSAGE][PASSED] - Delayed 2 second(s)

2019-07-23 18:11:29 - [TEST_STEP][PASSED] - click(findTestObject("OCS-DESKTOP/Cart page/cart page-Checkbox_I confirm that")): Object: 'Object Repository/OCS-DESKTOP/Cart page/cart page-Checkbox_I confirm that' is clicked on

2019-07-23 18:11:29 - [MESSAGE][PASSED] - Object: 'Object Repository/OCS-DESKTOP/Cart page/cart page-Checkbox_I confirm that' is clicked on

2019-07-23 18:11:29 - [TEST_STEP][PASSED] - delay(2): Delayed 2 second(s)

2019-07-23 18:11:31 - [MESSAGE][PASSED] - Delayed 2 second(s)

2019-07-23 18:11:31 - [TEST_STEP][PASSED] - click(findTestObject("OCS-DESKTOP/Cart page/cart page - Checkbox_Accept the Terms Condition")): Object: 'Object Repository/OCS-DESKTOP/Cart page/cart page - Checkbox_Accept the Terms Condition' is clicked on

2019-07-23 18:11:31 - [MESSAGE][PASSED] - Object: 'Object Repository/OCS-DESKTOP/Cart page/cart page - Checkbox_Accept the Terms Condition' is clicked on

2019-07-23 18:11:31 - [TEST_STEP][PASSED] - delay(1): Delayed 1 second(s)

2019-07-23 18:11:32 - [MESSAGE][PASSED] - Delayed 1 second(s)

2019-07-23 18:11:32 - [TEST_STEP][PASSED] - click(findTestObject("FRENCH/Cart page -checkout button")): Object: 'Object Repository/FRENCH/Cart page -checkout button' is clicked on

2019-07-23 18:11:34 - [MESSAGE][PASSED] - Object: 'Object Repository/FRENCH/Cart page -checkout button' is clicked on

2019-07-23 18:11:34 - [TEST_STEP][PASSED] - executeJavaScript("var previewBar = document.getElementById("preview-bar-iframe"); previewBar.style.display = "none";", []): Execute JavaScript 'var previewBar = document.getElementById("preview-bar-iframe"); previewBar.style.display = "none";' successfully

2019-07-23 18:11:34 - [MESSAGE][PASSED] - Execute JavaScript 'var previewBar = document.getElementById("preview-bar-iframe"); previewBar.style.display = "none";' successfully

2019-07-23 18:11:34 - [TEST_STEP][PASSED] - delay(2): Delayed 2 second(s)

2019-07-23 18:11:36 - [MESSAGE][PASSED] - Delayed 2 second(s)

2019-07-23 18:11:36 - [TEST_STEP][PASSED] - setText(findTestObject("Object Repository/Page_Ontario Cannabis Store - Infor/input_Adresse e-mail_checkoute"), "suman@gmail.com"): Text 'suman@gmail.com' is set on object 'Object Repository/Page_Ontario Cannabis Store - Infor/input_Adresse e-mail_checkoute'

2019-07-23 18:11:36 - [MESSAGE][PASSED] - Text 'suman@gmail.com' is set on object 'Object Repository/Page_Ontario Cannabis Store - Infor/input_Adresse e-mail_checkoute'

2019-07-23 18:11:36 - [TEST_STEP][PASSED] - setText(findTestObject("Object Repository/Page_Ontario Cannabis Store - Infor/input_Prnom_checkoutshipping_a"), "suman"): Text 'suman' is set on object 'Object Repository/Page_Ontario Cannabis Store - Infor/input_Prnom_checkoutshipping_a'

2019-07-23 18:11:36 - [MESSAGE][PASSED] - Text 'suman' is set on object 'Object Repository/Page_Ontario Cannabis Store - Infor/input_Prnom_checkoutshipping_a'

2019-07-23 18:11:36 - [TEST_STEP][PASSED] - setText(findTestObject("Object Repository/Page_Ontario Cannabis Store - Infor/input_Nom_checkoutshipping_add"), "kompelly"): Text 'kompelly' is set on object 'Object Repository/Page_Ontario Cannabis Store - Infor/input_Nom_checkoutshipping_add'

2019-07-23 18:11:36 - [MESSAGE][PASSED] - Text 'kompelly' is set on object 'Object Repository/Page_Ontario Cannabis Store - Infor/input_Nom_checkoutshipping_add'

2019-07-23 18:11:36 - [TEST_STEP][PASSED] - setText(findTestObject("Object Repository/Page_Ontario Cannabis Store - Infor/input_Adresse_checkoutshipping"), "123 test"): Text '123 test' is set on object 'Object Repository/Page_Ontario Cannabis Store - Infor/input_Adresse_checkoutshipping'

2019-07-23 18:11:36 - [MESSAGE][PASSED] - Text '123 test' is set on object 'Object Repository/Page_Ontario Cannabis Store - Infor/input_Adresse_checkoutshipping'

2019-07-23 18:11:36 - [TEST_STEP][PASSED] - setText(findTestObject("Object Repository/Page_Ontario Cannabis Store - Infor/input_Appartement suite etc. ("), "123"): Text '123' is set on object 'Object Repository/Page_Ontario Cannabis Store - Infor/input_Appartement suite etc. ('

2019-07-23 18:11:37 - [MESSAGE][PASSED] - Text '123' is set on object 'Object Repository/Page_Ontario Cannabis Store - Infor/input_Appartement suite etc. ('

2019-07-23 18:11:37 - [TEST_STEP][PASSED] - setText(findTestObject("Object Repository/Page_Ontario Cannabis Store - Infor/input_Ville_checkoutshipping_a"), "montreal"): Text 'montreal' is set on object 'Object Repository/Page_Ontario Cannabis Store - Infor/input_Ville_checkoutshipping_a'

2019-07-23 18:11:37 - [MESSAGE][PASSED] - Text 'montreal' is set on object 'Object Repository/Page_Ontario Cannabis Store - Infor/input_Ville_checkoutshipping_a'

2019-07-23 18:11:37 - [TEST_STEP][PASSED] - setText(findTestObject("Object Repository/Page_Ontario Cannabis Store - Infor/input_Code postal_checkoutship"), "n0r1k0"): Text 'n0r1k0' is set on object 'Object Repository/Page_Ontario Cannabis Store - Infor/input_Code postal_checkoutship'

2019-07-23 18:11:37 - [MESSAGE][PASSED] - Text 'n0r1k0' is set on object 'Object Repository/Page_Ontario Cannabis Store - Infor/input_Code postal_checkoutship'

2019-07-23 18:11:37 - [TEST_STEP][PASSED] - setText(findTestObject("Object Repository/Page_Ontario Cannabis Store - Infor/input_Tlphone_checkoutshipping"), "514-449-3883"): Text '514-449-3883' is set on object 'Object Repository/Page_Ontario Cannabis Store - Infor/input_Tlphone_checkoutshipping'

2019-07-23 18:11:37 - [MESSAGE][PASSED] - Text '514-449-3883' is set on object 'Object Repository/Page_Ontario Cannabis Store - Infor/input_Tlphone_checkoutshipping'

2019-07-23 18:11:37 - [TEST_STEP][PASSED] - delay(2): Delayed 2 second(s)

2019-07-23 18:11:39 - [MESSAGE][PASSED] - Delayed 2 second(s)

2019-07-23 18:11:39 - [TEST_STEP][PASSED] - click(findTestObject("Object Repository/Page_Ontario Cannabis Store - Infor/button_Continuer vers le mode")): Object: 'Object Repository/Page_Ontario Cannabis Store - Infor/button_Continuer vers le mode' is clicked on

2019-07-23 18:11:41 - [MESSAGE][PASSED] - Object: 'Object Repository/Page_Ontario Cannabis Store - Infor/button_Continuer vers le mode' is clicked on

2019-07-23 18:11:41 - [TEST_STEP][PASSED] - delay(4): Delayed 4 second(s)

2019-07-23 18:11:45 - [MESSAGE][PASSED] - Delayed 4 second(s)

2019-07-23 18:11:45 - [TEST_STEP][PASSED] - executeJavaScript("var previewBar = document.getElementById("preview-bar-iframe"); previewBar.style.display = "none";", []): Execute JavaScript 'var previewBar = document.getElementById("preview-bar-iframe"); previewBar.style.display = "none";' successfully

2019-07-23 18:11:45 - [MESSAGE][PASSED] - Execute JavaScript 'var previewBar = document.getElementById("preview-bar-iframe"); previewBar.style.display = "none";' successfully

2019-07-23 18:11:45 - [TEST_STEP][PASSED] - delay(2): Delayed 2 second(s)

2019-07-23 18:11:47 - [MESSAGE][PASSED] - Delayed 2 second(s)

2019-07-23 18:11:47 - [TEST_STEP][PASSED] - click(findTestObject("Object Repository/Page_Ontario Cannabis Store - Livra/button_Continuer vers le moyen")): Object: 'Object Repository/Page_Ontario Cannabis Store - Livra/button_Continuer vers le moyen' is clicked on

2019-07-23 18:11:49 - [MESSAGE][PASSED] - Object: 'Object Repository/Page_Ontario Cannabis Store - Livra/button_Continuer vers le moyen' is clicked on

2019-07-23 18:11:49 - [MESSAGE][PASSED] - Call Test Case 'Test Cases/OCS - DESKTOP/CALL - CART PAGE - SHIPPING TO PAYMENT' successfully]]></system-out>
         <system-err><![CDATA[]]></system-err>
      </testcase>
      <testcase name="Test Cases/OCS - DESKTOP/OCS- CRITICAL PATH - FRENCH/Cart flyout - accessories -fr" classname="Test Cases/OCS - DESKTOP/OCS- CRITICAL PATH - FRENCH/Cart flyout - accessories -fr" status="FAILED">
         <failure type="FAILED" message="Test Cases/OCS - DESKTOP/OCS- CRITICAL PATH - FRENCH/Cart flyout - accessories -fr FAILED.
Reason:
com.kms.katalon.core.exception.StepFailedException: Unable to click on object 'Object Repository/OCS-DESKTOP/Cart flyout/Up Chevron - Accessories you might need' (Root cause: com.kms.katalon.core.webui.exception.WebElementNotFoundException: Web element with id: 'Object Repository/OCS-DESKTOP/Cart flyout/Up Chevron - Accessories you might need' located by 'By.xpath: //i[@class='icon icon--chevron-right icon--desktop']' not found)
	at com.kms.katalon.core.keyword.internal.KeywordMain.stepFailed(KeywordMain.groovy:36)
	at com.kms.katalon.core.webui.keyword.internal.WebUIKeywordMain.stepFailed(WebUIKeywordMain.groovy:65)
	at com.kms.katalon.core.webui.keyword.internal.WebUIKeywordMain.runKeyword(WebUIKeywordMain.groovy:27)
	at com.kms.katalon.core.webui.keyword.builtin.ClickKeyword.click(ClickKeyword.groovy:86)
	at com.kms.katalon.core.webui.keyword.builtin.ClickKeyword.execute(ClickKeyword.groovy:67)
	at com.kms.katalon.core.keyword.internal.KeywordExecutor.executeKeywordForPlatform(KeywordExecutor.groovy:53)
	at com.kms.katalon.core.webui.keyword.WebUiBuiltInKeywords.click(WebUiBuiltInKeywords.groovy:616)
	at com.kms.katalon.core.webui.keyword.WebUiBuiltInKeywords$click$4.call(Unknown Source)
	at Cart flyout - accessories -fr.run(Cart flyout - accessories -fr:57)
	at com.kms.katalon.core.main.ScriptEngine.run(ScriptEngine.java:194)
	at com.kms.katalon.core.main.ScriptEngine.runScriptAsRawText(ScriptEngine.java:119)
	at com.kms.katalon.core.main.TestCaseExecutor.runScript(TestCaseExecutor.java:328)
	at com.kms.katalon.core.main.TestCaseExecutor.doExecute(TestCaseExecutor.java:319)
	at com.kms.katalon.core.main.TestCaseExecutor.processExecutionPhase(TestCaseExecutor.java:298)
	at com.kms.katalon.core.main.TestCaseExecutor.accessMainPhase(TestCaseExecutor.java:290)
	at com.kms.katalon.core.main.TestCaseExecutor.execute(TestCaseExecutor.java:224)
	at com.kms.katalon.core.main.TestSuiteExecutor.accessTestCaseMainPhase(TestSuiteExecutor.java:129)
	at com.kms.katalon.core.main.TestSuiteExecutor.accessTestSuiteMainPhase(TestSuiteExecutor.java:112)
	at com.kms.katalon.core.main.TestSuiteExecutor.execute(TestSuiteExecutor.java:81)
	at com.kms.katalon.core.main.TestCaseMain.startTestSuite(TestCaseMain.java:149)
	at com.kms.katalon.core.main.TestCaseMain$startTestSuite$0.call(Unknown Source)
	at TempTestSuite1563918963353.run(TempTestSuite1563918963353.groovy:36)
"/>
         <system-out><![CDATA[2019-07-23 18:11:49 - [TEST_CASE][FAILED] - Test Cases/OCS - DESKTOP/OCS- CRITICAL PATH - FRENCH/Cart flyout - accessories -fr: Test Cases/OCS - DESKTOP/OCS- CRITICAL PATH - FRENCH/Cart flyout - accessories -fr FAILED.
Reason:
com.kms.katalon.core.exception.StepFailedException: Unable to click on object 'Object Repository/OCS-DESKTOP/Cart flyout/Up Chevron - Accessories you might need' (Root cause: com.kms.katalon.core.webui.exception.WebElementNotFoundException: Web element with id: 'Object Repository/OCS-DESKTOP/Cart flyout/Up Chevron - Accessories you might need' located by 'By.xpath: //i[@class='icon icon--chevron-right icon--desktop']' not found)
	at com.kms.katalon.core.keyword.internal.KeywordMain.stepFailed(KeywordMain.groovy:36)
	at com.kms.katalon.core.webui.keyword.internal.WebUIKeywordMain.stepFailed(WebUIKeywordMain.groovy:65)
	at com.kms.katalon.core.webui.keyword.internal.WebUIKeywordMain.runKeyword(WebUIKeywordMain.groovy:27)
	at com.kms.katalon.core.webui.keyword.builtin.ClickKeyword.click(ClickKeyword.groovy:86)
	at com.kms.katalon.core.webui.keyword.builtin.ClickKeyword.execute(ClickKeyword.groovy:67)
	at com.kms.katalon.core.keyword.internal.KeywordExecutor.executeKeywordForPlatform(KeywordExecutor.groovy:53)
	at com.kms.katalon.core.webui.keyword.WebUiBuiltInKeywords.click(WebUiBuiltInKeywords.groovy:616)
	at com.kms.katalon.core.webui.keyword.WebUiBuiltInKeywords$click$4.call(Unknown Source)
	at Cart flyout - accessories -fr.run(Cart flyout - accessories -fr:57)
	at com.kms.katalon.core.main.ScriptEngine.run(ScriptEngine.java:194)
	at com.kms.katalon.core.main.ScriptEngine.runScriptAsRawText(ScriptEngine.java:119)
	at com.kms.katalon.core.main.TestCaseExecutor.runScript(TestCaseExecutor.java:328)
	at com.kms.katalon.core.main.TestCaseExecutor.doExecute(TestCaseExecutor.java:319)
	at com.kms.katalon.core.main.TestCaseExecutor.processExecutionPhase(TestCaseExecutor.java:298)
	at com.kms.katalon.core.main.TestCaseExecutor.accessMainPhase(TestCaseExecutor.java:290)
	at com.kms.katalon.core.main.TestCaseExecutor.execute(TestCaseExecutor.java:224)
	at com.kms.katalon.core.main.TestSuiteExecutor.accessTestCaseMainPhase(TestSuiteExecutor.java:129)
	at com.kms.katalon.core.main.TestSuiteExecutor.accessTestSuiteMainPhase(TestSuiteExecutor.java:112)
	at com.kms.katalon.core.main.TestSuiteExecutor.execute(TestSuiteExecutor.java:81)
	at com.kms.katalon.core.main.TestCaseMain.startTestSuite(TestCaseMain.java:149)
	at com.kms.katalon.core.main.TestCaseMain$startTestSuite$0.call(Unknown Source)
	at TempTestSuite1563918963353.run(TempTestSuite1563918963353.groovy:36)


2019-07-23 18:11:49 - [TEST_STEP][PASSED] - callTestCase(findTestCase("OCS - DESKTOP/CALL- Age gate"), [:], STOP_ON_FAILURE): Call Test Case 'Test Cases/OCS - DESKTOP/CALL- Age gate' successfully

2019-07-23 18:11:49 - [TEST_CASE][PASSED] - Test Cases/OCS - DESKTOP/CALL- Age gate: Test Cases/OCS - DESKTOP/CALL- Age gate

2019-07-23 18:11:49 - [TEST_STEP][PASSED] - openBrowser(""): Browser is opened with url: ''

2019-07-23 18:11:49 - [MESSAGE][WARNING] - A browser is already opened. Closing browser and opening a new one

2019-07-23 18:11:49 - [MESSAGE][INFO] - Starting 'Chrome' driver

2019-07-23 18:11:50 - [MESSAGE][PASSED] - Browser is opened with url: ''

2019-07-23 18:11:50 - [TEST_STEP][PASSED] - navigateToUrl("https://ocs.ca/?fts=0&preview_theme_id=74209363788"): Navigate to 'https://ocs.ca/?fts=0&preview_theme_id=74209363788' successfully

2019-07-23 18:11:55 - [MESSAGE][PASSED] - Navigate to 'https://ocs.ca/?fts=0&preview_theme_id=74209363788' successfully

2019-07-23 18:11:55 - [TEST_STEP][PASSED] - maximizeWindow(): Current window maximized

2019-07-23 18:11:56 - [MESSAGE][PASSED] - Current window maximized

2019-07-23 18:11:56 - [TEST_STEP][PASSED] - delay(2): Delayed 2 second(s)

2019-07-23 18:11:58 - [MESSAGE][PASSED] - Delayed 2 second(s)

2019-07-23 18:11:58 - [TEST_STEP][PASSED] - executeJavaScript("var previewBar = document.getElementById("preview-bar-iframe"); previewBar.style.display = "none";", []): Execute JavaScript 'var previewBar = document.getElementById("preview-bar-iframe"); previewBar.style.display = "none";' successfully

2019-07-23 18:11:58 - [MESSAGE][PASSED] - Execute JavaScript 'var previewBar = document.getElementById("preview-bar-iframe"); previewBar.style.display = "none";' successfully

2019-07-23 18:11:58 - [TEST_STEP][PASSED] - selectOptionByValue(findTestObject("OCS-DESKTOP/Age gate and Mega menu/Date"), "12", true): All options with value '12' are selected in object 'Object Repository/OCS-DESKTOP/Age gate and Mega menu/Date'  using regular expression

2019-07-23 18:11:58 - [MESSAGE][PASSED] - All options with value '12' are selected in object 'Object Repository/OCS-DESKTOP/Age gate and Mega menu/Date'  using regular expression

2019-07-23 18:11:58 - [TEST_STEP][PASSED] - selectOptionByValue(findTestObject("OCS-DESKTOP/Age gate and Mega menu/month"), "6", true): All options with value '6' are selected in object 'Object Repository/OCS-DESKTOP/Age gate and Mega menu/month'  using regular expression

2019-07-23 18:11:58 - [MESSAGE][PASSED] - All options with value '6' are selected in object 'Object Repository/OCS-DESKTOP/Age gate and Mega menu/month'  using regular expression

2019-07-23 18:11:58 - [TEST_STEP][PASSED] - delay(2): Delayed 2 second(s)

2019-07-23 18:12:00 - [MESSAGE][PASSED] - Delayed 2 second(s)

2019-07-23 18:12:00 - [TEST_STEP][PASSED] - selectOptionByValue(findTestObject("OCS-DESKTOP/Age gate and Mega menu/Year Dropdown"), "1990", true): All options with value '1990' are selected in object 'Object Repository/OCS-DESKTOP/Age gate and Mega menu/Year Dropdown'  using regular expression

2019-07-23 18:12:01 - [MESSAGE][PASSED] - All options with value '1990' are selected in object 'Object Repository/OCS-DESKTOP/Age gate and Mega menu/Year Dropdown'  using regular expression

2019-07-23 18:12:01 - [TEST_STEP][PASSED] - click(findTestObject("OCS-DESKTOP/Age gate and Mega menu/button_Verify")): Object: 'Object Repository/OCS-DESKTOP/Age gate and Mega menu/button_Verify' is clicked on

2019-07-23 18:12:01 - [MESSAGE][PASSED] - Object: 'Object Repository/OCS-DESKTOP/Age gate and Mega menu/button_Verify' is clicked on

2019-07-23 18:12:01 - [TEST_STEP][PASSED] - click(findTestObject("OCS-DESKTOP/Age gate and Mega menu/Checkbox_CONFIRM AND ACKNOWLEDGE")): Object: 'Object Repository/OCS-DESKTOP/Age gate and Mega menu/Checkbox_CONFIRM AND ACKNOWLEDGE' is clicked on

2019-07-23 18:12:02 - [MESSAGE][PASSED] - Object: 'Object Repository/OCS-DESKTOP/Age gate and Mega menu/Checkbox_CONFIRM AND ACKNOWLEDGE' is clicked on

2019-07-23 18:12:02 - [TEST_STEP][PASSED] - click(findTestObject("OCS-DESKTOP/Age gate and Mega menu/button_CONFIRM")): Object: 'Object Repository/OCS-DESKTOP/Age gate and Mega menu/button_CONFIRM' is clicked on

2019-07-23 18:12:02 - [MESSAGE][PASSED] - Object: 'Object Repository/OCS-DESKTOP/Age gate and Mega menu/button_CONFIRM' is clicked on

2019-07-23 18:12:02 - [TEST_STEP][PASSED] - click(findTestObject("OCS-DESKTOP/Age gate and Mega menu/button_Start Browsing")): Object: 'Object Repository/OCS-DESKTOP/Age gate and Mega menu/button_Start Browsing' is clicked on

2019-07-23 18:12:02 - [MESSAGE][PASSED] - Object: 'Object Repository/OCS-DESKTOP/Age gate and Mega menu/button_Start Browsing' is clicked on

2019-07-23 18:12:02 - [TEST_STEP][PASSED] - delay(2): Delayed 2 second(s)

2019-07-23 18:12:04 - [MESSAGE][PASSED] - Delayed 2 second(s)

2019-07-23 18:12:04 - [TEST_STEP][PASSED] - refresh(): Refresh successfully

2019-07-23 18:12:04 - [MESSAGE][PASSED] - Refresh successfully

2019-07-23 18:12:04 - [MESSAGE][PASSED] - Call Test Case 'Test Cases/OCS - DESKTOP/CALL- Age gate' successfully

2019-07-23 18:12:04 - [TEST_STEP][PASSED] - delay(2): Delayed 2 second(s)

2019-07-23 18:12:06 - [MESSAGE][PASSED] - Delayed 2 second(s)

2019-07-23 18:12:06 - [TEST_STEP][PASSED] - callTestCase(findTestCase("OCS - DESKTOP/CALL - TOGGLING LANGUAGE"), [:], STOP_ON_FAILURE): Call Test Case 'Test Cases/OCS - DESKTOP/CALL - TOGGLING LANGUAGE' successfully

2019-07-23 18:12:06 - [TEST_CASE][PASSED] - Test Cases/OCS - DESKTOP/CALL - TOGGLING LANGUAGE: Test Cases/OCS - DESKTOP/CALL - TOGGLING LANGUAGE

2019-07-23 18:12:06 - [TEST_STEP][PASSED] - delay(2): Delayed 2 second(s)

2019-07-23 18:12:08 - [MESSAGE][PASSED] - Delayed 2 second(s)

2019-07-23 18:12:08 - [TEST_STEP][PASSED] - click(findTestObject("OCS-DESKTOP/Cart flyout/English dropdown")): Object: 'Object Repository/OCS-DESKTOP/Cart flyout/English dropdown' is clicked on

2019-07-23 18:12:08 - [MESSAGE][PASSED] - Object: 'Object Repository/OCS-DESKTOP/Cart flyout/English dropdown' is clicked on

2019-07-23 18:12:08 - [TEST_STEP][PASSED] - delay(2): Delayed 2 second(s)

2019-07-23 18:12:10 - [MESSAGE][PASSED] - Delayed 2 second(s)

2019-07-23 18:12:10 - [TEST_STEP][PASSED] - click(findTestObject("OCS-DESKTOP/Cart flyout/Select French")): Object: 'Object Repository/OCS-DESKTOP/Cart flyout/Select French' is clicked on

2019-07-23 18:12:10 - [MESSAGE][PASSED] - Object: 'Object Repository/OCS-DESKTOP/Cart flyout/Select French' is clicked on

2019-07-23 18:12:10 - [TEST_STEP][PASSED] - delay(5): Delayed 5 second(s)

2019-07-23 18:12:15 - [MESSAGE][PASSED] - Delayed 5 second(s)

2019-07-23 18:12:16 - [TEST_STEP][PASSED] - e = getWindowTitle(): Current window's title is: 'Magasin de Cannabis de l'Ontario | Ontario Cannabis Store'

2019-07-23 18:12:16 - [MESSAGE][PASSED] - Current window's title is: 'Magasin de Cannabis de l'Ontario | Ontario Cannabis Store'

2019-07-23 18:12:16 - [MESSAGE][PASSED] - Call Test Case 'Test Cases/OCS - DESKTOP/CALL - TOGGLING LANGUAGE' successfully

2019-07-23 18:12:16 - [TEST_STEP][PASSED] - click(findTestObject("OCS-DESKTOP/Age gate and Mega menu/Header/CANNABIS menu - English")): Object: 'Object Repository/OCS-DESKTOP/Age gate and Mega menu/Header/CANNABIS menu - English' is clicked on

2019-07-23 18:12:16 - [MESSAGE][PASSED] - Object: 'Object Repository/OCS-DESKTOP/Age gate and Mega menu/Header/CANNABIS menu - English' is clicked on

2019-07-23 18:12:16 - [TEST_STEP][PASSED] - delay(2): Delayed 2 second(s)

2019-07-23 18:12:18 - [MESSAGE][PASSED] - Delayed 2 second(s)

2019-07-23 18:12:18 - [TEST_STEP][PASSED] - executeJavaScript("var previewBar = document.getElementById("preview-bar-iframe"); previewBar.style.display = "none";", []): Execute JavaScript 'var previewBar = document.getElementById("preview-bar-iframe"); previewBar.style.display = "none";' successfully

2019-07-23 18:12:18 - [MESSAGE][PASSED] - Execute JavaScript 'var previewBar = document.getElementById("preview-bar-iframe"); previewBar.style.display = "none";' successfully

2019-07-23 18:12:18 - [TEST_STEP][PASSED] - click(findTestObject("OCS-DESKTOP/Age gate and Mega menu/Indica Dominant_Menu item")): Object: 'Object Repository/OCS-DESKTOP/Age gate and Mega menu/Indica Dominant_Menu item' is clicked on

2019-07-23 18:12:20 - [MESSAGE][PASSED] - Object: 'Object Repository/OCS-DESKTOP/Age gate and Mega menu/Indica Dominant_Menu item' is clicked on

2019-07-23 18:12:20 - [TEST_STEP][PASSED] - executeJavaScript("var previewBar = document.getElementById("preview-bar-iframe"); previewBar.style.display = "none";", []): Execute JavaScript 'var previewBar = document.getElementById("preview-bar-iframe"); previewBar.style.display = "none";' successfully

2019-07-23 18:12:20 - [MESSAGE][PASSED] - Execute JavaScript 'var previewBar = document.getElementById("preview-bar-iframe"); previewBar.style.display = "none";' successfully

2019-07-23 18:12:20 - [TEST_STEP][PASSED] - delay(2): Delayed 2 second(s)

2019-07-23 18:12:22 - [MESSAGE][PASSED] - Delayed 2 second(s)

2019-07-23 18:12:22 - [TEST_STEP][PASSED] - click(findTestObject("FRENCH/Product image - 1st one")): Object: 'Object Repository/FRENCH/Product image - 1st one' is clicked on

2019-07-23 18:12:26 - [MESSAGE][PASSED] - Object: 'Object Repository/FRENCH/Product image - 1st one' is clicked on

2019-07-23 18:12:26 - [TEST_STEP][PASSED] - executeJavaScript("var previewBar = document.getElementById("preview-bar-iframe"); previewBar.style.display = "none";", []): Execute JavaScript 'var previewBar = document.getElementById("preview-bar-iframe"); previewBar.style.display = "none";' successfully

2019-07-23 18:12:26 - [MESSAGE][PASSED] - Execute JavaScript 'var previewBar = document.getElementById("preview-bar-iframe"); previewBar.style.display = "none";' successfully

2019-07-23 18:12:26 - [TEST_STEP][PASSED] - delay(1): Delayed 1 second(s)

2019-07-23 18:12:27 - [MESSAGE][PASSED] - Delayed 1 second(s)

2019-07-23 18:12:27 - [TEST_STEP][PASSED] - delay(3): Delayed 3 second(s)

2019-07-23 18:12:30 - [MESSAGE][PASSED] - Delayed 3 second(s)

2019-07-23 18:12:30 - [TEST_STEP][PASSED] - click(findTestObject("OCS-DESKTOP/Product page/Swatch_1g")): Object: 'Object Repository/OCS-DESKTOP/Product page/Swatch_1g' is clicked on

2019-07-23 18:12:30 - [MESSAGE][PASSED] - Object: 'Object Repository/OCS-DESKTOP/Product page/Swatch_1g' is clicked on

2019-07-23 18:12:30 - [TEST_STEP][PASSED] - delay(2): Delayed 2 second(s)

2019-07-23 18:12:32 - [MESSAGE][PASSED] - Delayed 2 second(s)

2019-07-23 18:12:32 - [TEST_STEP][PASSED] - click(findTestObject("OCS-DESKTOP/Product page/Add to Bag-button")): Object: 'Object Repository/OCS-DESKTOP/Product page/Add to Bag-button' is clicked on

2019-07-23 18:12:32 - [MESSAGE][PASSED] - Object: 'Object Repository/OCS-DESKTOP/Product page/Add to Bag-button' is clicked on

2019-07-23 18:12:32 - [TEST_STEP][PASSED] - delay(1): Delayed 1 second(s)

2019-07-23 18:12:33 - [MESSAGE][PASSED] - Delayed 1 second(s)

2019-07-23 18:12:33 - [TEST_STEP][PASSED] - click(findTestObject("OCS-DESKTOP/Home - page/view my bag - cart dropdown")): Object: 'Object Repository/OCS-DESKTOP/Home - page/view my bag - cart dropdown' is clicked on

2019-07-23 18:12:33 - [MESSAGE][PASSED] - Object: 'Object Repository/OCS-DESKTOP/Home - page/view my bag - cart dropdown' is clicked on

2019-07-23 18:12:33 - [TEST_STEP][PASSED] - delay(2): Delayed 2 second(s)

2019-07-23 18:12:35 - [MESSAGE][PASSED] - Delayed 2 second(s)

2019-07-23 18:12:35 - [TEST_STEP][FAILED] - click(findTestObject("OCS-DESKTOP/Cart flyout/Up Chevron - Accessories you might need")): click(findTestObject("OCS-DESKTOP/Cart flyout/Up Chevron - Accessories you might need")) FAILED.
Reason:
com.kms.katalon.core.exception.StepFailedException: Unable to click on object 'Object Repository/OCS-DESKTOP/Cart flyout/Up Chevron - Accessories you might need' (Root cause: com.kms.katalon.core.webui.exception.WebElementNotFoundException: Web element with id: 'Object Repository/OCS-DESKTOP/Cart flyout/Up Chevron - Accessories you might need' located by 'By.xpath: //i[@class='icon icon--chevron-right icon--desktop']' not found)
	at com.kms.katalon.core.keyword.internal.KeywordMain.stepFailed(KeywordMain.groovy:36)
	at com.kms.katalon.core.webui.keyword.internal.WebUIKeywordMain.stepFailed(WebUIKeywordMain.groovy:65)
	at com.kms.katalon.core.webui.keyword.internal.WebUIKeywordMain.runKeyword(WebUIKeywordMain.groovy:27)
	at com.kms.katalon.core.webui.keyword.builtin.ClickKeyword.click(ClickKeyword.groovy:86)
	at com.kms.katalon.core.webui.keyword.builtin.ClickKeyword.execute(ClickKeyword.groovy:67)
	at com.kms.katalon.core.keyword.internal.KeywordExecutor.executeKeywordForPlatform(KeywordExecutor.groovy:53)
	at com.kms.katalon.core.webui.keyword.WebUiBuiltInKeywords.click(WebUiBuiltInKeywords.groovy:616)
	at com.kms.katalon.core.webui.keyword.WebUiBuiltInKeywords$click$4.call(Unknown Source)
	at Cart flyout - accessories -fr.run(Cart flyout - accessories -fr:57)
	at com.kms.katalon.core.main.ScriptEngine.run(ScriptEngine.java:194)
	at com.kms.katalon.core.main.ScriptEngine.runScriptAsRawText(ScriptEngine.java:119)
	at com.kms.katalon.core.main.TestCaseExecutor.runScript(TestCaseExecutor.java:328)
	at com.kms.katalon.core.main.TestCaseExecutor.doExecute(TestCaseExecutor.java:319)
	at com.kms.katalon.core.main.TestCaseExecutor.processExecutionPhase(TestCaseExecutor.java:298)
	at com.kms.katalon.core.main.TestCaseExecutor.accessMainPhase(TestCaseExecutor.java:290)
	at com.kms.katalon.core.main.TestCaseExecutor.execute(TestCaseExecutor.java:224)
	at com.kms.katalon.core.main.TestSuiteExecutor.accessTestCaseMainPhase(TestSuiteExecutor.java:129)
	at com.kms.katalon.core.main.TestSuiteExecutor.accessTestSuiteMainPhase(TestSuiteExecutor.java:112)
	at com.kms.katalon.core.main.TestSuiteExecutor.execute(TestSuiteExecutor.java:81)
	at com.kms.katalon.core.main.TestCaseMain.startTestSuite(TestCaseMain.java:149)
	at com.kms.katalon.core.main.TestCaseMain$startTestSuite$0.call(Unknown Source)
	at TempTestSuite1563918963353.run(TempTestSuite1563918963353.groovy:36)


2019-07-23 18:13:06 - [MESSAGE][INFO] - Unable to find the element located by 'By.xpath: //i[@class='icon icon--chevron-right icon--desktop']'. Please recheck the objects properties to make sure the desired element is located. 

2019-07-23 18:13:06 - [MESSAGE][FAILED] - Unable to click on object 'Object Repository/OCS-DESKTOP/Cart flyout/Up Chevron - Accessories you might need' (Root cause: com.kms.katalon.core.webui.exception.WebElementNotFoundException: Web element with id: 'Object Repository/OCS-DESKTOP/Cart flyout/Up Chevron - Accessories you might need' located by 'By.xpath: //i[@class='icon icon--chevron-right icon--desktop']' not found)
[[ATTACHMENT|/Users/sumankompelly/git/OCS--Relative-xpath-Desktop/Reports/Suite - Chrome/20190723_175603/1563919986260.png]]

2019-07-23 18:13:06 - [MESSAGE][FAILED] - click(findTestObject("OCS-DESKTOP/Cart flyout/Up Chevron - Accessories you might need")) FAILED.
Reason:
com.kms.katalon.core.exception.StepFailedException: Unable to click on object 'Object Repository/OCS-DESKTOP/Cart flyout/Up Chevron - Accessories you might need' (Root cause: com.kms.katalon.core.webui.exception.WebElementNotFoundException: Web element with id: 'Object Repository/OCS-DESKTOP/Cart flyout/Up Chevron - Accessories you might need' located by 'By.xpath: //i[@class='icon icon--chevron-right icon--desktop']' not found)
	at com.kms.katalon.core.keyword.internal.KeywordMain.stepFailed(KeywordMain.groovy:36)
	at com.kms.katalon.core.webui.keyword.internal.WebUIKeywordMain.stepFailed(WebUIKeywordMain.groovy:65)
	at com.kms.katalon.core.webui.keyword.internal.WebUIKeywordMain.runKeyword(WebUIKeywordMain.groovy:27)
	at com.kms.katalon.core.webui.keyword.builtin.ClickKeyword.click(ClickKeyword.groovy:86)
	at com.kms.katalon.core.webui.keyword.builtin.ClickKeyword.execute(ClickKeyword.groovy:67)
	at com.kms.katalon.core.keyword.internal.KeywordExecutor.executeKeywordForPlatform(KeywordExecutor.groovy:53)
	at com.kms.katalon.core.webui.keyword.WebUiBuiltInKeywords.click(WebUiBuiltInKeywords.groovy:616)
	at com.kms.katalon.core.webui.keyword.WebUiBuiltInKeywords$click$4.call(Unknown Source)
	at Cart flyout - accessories -fr.run(Cart flyout - accessories -fr:57)
	at com.kms.katalon.core.main.ScriptEngine.run(ScriptEngine.java:194)
	at com.kms.katalon.core.main.ScriptEngine.runScriptAsRawText(ScriptEngine.java:119)
	at com.kms.katalon.core.main.TestCaseExecutor.runScript(TestCaseExecutor.java:328)
	at com.kms.katalon.core.main.TestCaseExecutor.doExecute(TestCaseExecutor.java:319)
	at com.kms.katalon.core.main.TestCaseExecutor.processExecutionPhase(TestCaseExecutor.java:298)
	at com.kms.katalon.core.main.TestCaseExecutor.accessMainPhase(TestCaseExecutor.java:290)
	at com.kms.katalon.core.main.TestCaseExecutor.execute(TestCaseExecutor.java:224)
	at com.kms.katalon.core.main.TestSuiteExecutor.accessTestCaseMainPhase(TestSuiteExecutor.java:129)
	at com.kms.katalon.core.main.TestSuiteExecutor.accessTestSuiteMainPhase(TestSuiteExecutor.java:112)
	at com.kms.katalon.core.main.TestSuiteExecutor.execute(TestSuiteExecutor.java:81)
	at com.kms.katalon.core.main.TestCaseMain.startTestSuite(TestCaseMain.java:149)
	at com.kms.katalon.core.main.TestCaseMain$startTestSuite$0.call(Unknown Source)
	at TempTestSuite1563918963353.run(TempTestSuite1563918963353.groovy:36)]]></system-out>
         <system-err><![CDATA[2019-07-23 18:11:49 - [TEST_CASE][FAILED] - Test Cases/OCS - DESKTOP/OCS- CRITICAL PATH - FRENCH/Cart flyout - accessories -fr: Test Cases/OCS - DESKTOP/OCS- CRITICAL PATH - FRENCH/Cart flyout - accessories -fr FAILED.
Reason:
com.kms.katalon.core.exception.StepFailedException: Unable to click on object 'Object Repository/OCS-DESKTOP/Cart flyout/Up Chevron - Accessories you might need' (Root cause: com.kms.katalon.core.webui.exception.WebElementNotFoundException: Web element with id: 'Object Repository/OCS-DESKTOP/Cart flyout/Up Chevron - Accessories you might need' located by 'By.xpath: //i[@class='icon icon--chevron-right icon--desktop']' not found)
	at com.kms.katalon.core.keyword.internal.KeywordMain.stepFailed(KeywordMain.groovy:36)
	at com.kms.katalon.core.webui.keyword.internal.WebUIKeywordMain.stepFailed(WebUIKeywordMain.groovy:65)
	at com.kms.katalon.core.webui.keyword.internal.WebUIKeywordMain.runKeyword(WebUIKeywordMain.groovy:27)
	at com.kms.katalon.core.webui.keyword.builtin.ClickKeyword.click(ClickKeyword.groovy:86)
	at com.kms.katalon.core.webui.keyword.builtin.ClickKeyword.execute(ClickKeyword.groovy:67)
	at com.kms.katalon.core.keyword.internal.KeywordExecutor.executeKeywordForPlatform(KeywordExecutor.groovy:53)
	at com.kms.katalon.core.webui.keyword.WebUiBuiltInKeywords.click(WebUiBuiltInKeywords.groovy:616)
	at com.kms.katalon.core.webui.keyword.WebUiBuiltInKeywords$click$4.call(Unknown Source)
	at Cart flyout - accessories -fr.run(Cart flyout - accessories -fr:57)
	at com.kms.katalon.core.main.ScriptEngine.run(ScriptEngine.java:194)
	at com.kms.katalon.core.main.ScriptEngine.runScriptAsRawText(ScriptEngine.java:119)
	at com.kms.katalon.core.main.TestCaseExecutor.runScript(TestCaseExecutor.java:328)
	at com.kms.katalon.core.main.TestCaseExecutor.doExecute(TestCaseExecutor.java:319)
	at com.kms.katalon.core.main.TestCaseExecutor.processExecutionPhase(TestCaseExecutor.java:298)
	at com.kms.katalon.core.main.TestCaseExecutor.accessMainPhase(TestCaseExecutor.java:290)
	at com.kms.katalon.core.main.TestCaseExecutor.execute(TestCaseExecutor.java:224)
	at com.kms.katalon.core.main.TestSuiteExecutor.accessTestCaseMainPhase(TestSuiteExecutor.java:129)
	at com.kms.katalon.core.main.TestSuiteExecutor.accessTestSuiteMainPhase(TestSuiteExecutor.java:112)
	at com.kms.katalon.core.main.TestSuiteExecutor.execute(TestSuiteExecutor.java:81)
	at com.kms.katalon.core.main.TestCaseMain.startTestSuite(TestCaseMain.java:149)
	at com.kms.katalon.core.main.TestCaseMain$startTestSuite$0.call(Unknown Source)
	at TempTestSuite1563918963353.run(TempTestSuite1563918963353.groovy:36)]]></system-err>
      </testcase>
      <testcase name="Test Cases/OCS - DESKTOP/OCS- CRITICAL PATH - FRENCH/Cart - fr" classname="Test Cases/OCS - DESKTOP/OCS- CRITICAL PATH - FRENCH/Cart - fr" status="PASSED">
         <system-out><![CDATA[2019-07-23 18:13:06 - [TEST_CASE][PASSED] - Test Cases/OCS - DESKTOP/OCS- CRITICAL PATH - FRENCH/Cart - fr: Test Cases/OCS - DESKTOP/OCS- CRITICAL PATH - FRENCH/Cart - fr

2019-07-23 18:13:06 - [TEST_STEP][PASSED] - callTestCase(findTestCase("OCS - DESKTOP/CALL- Age gate"), [:], STOP_ON_FAILURE): Call Test Case 'Test Cases/OCS - DESKTOP/CALL- Age gate' successfully

2019-07-23 18:13:06 - [TEST_CASE][PASSED] - Test Cases/OCS - DESKTOP/CALL- Age gate: Test Cases/OCS - DESKTOP/CALL- Age gate

2019-07-23 18:13:06 - [TEST_STEP][PASSED] - openBrowser(""): Browser is opened with url: ''

2019-07-23 18:13:06 - [MESSAGE][WARNING] - A browser is already opened. Closing browser and opening a new one

2019-07-23 18:13:06 - [MESSAGE][INFO] - Starting 'Chrome' driver

2019-07-23 18:13:08 - [MESSAGE][PASSED] - Browser is opened with url: ''

2019-07-23 18:13:08 - [TEST_STEP][PASSED] - navigateToUrl("https://ocs.ca/?fts=0&preview_theme_id=74209363788"): Navigate to 'https://ocs.ca/?fts=0&preview_theme_id=74209363788' successfully

2019-07-23 18:13:12 - [MESSAGE][PASSED] - Navigate to 'https://ocs.ca/?fts=0&preview_theme_id=74209363788' successfully

2019-07-23 18:13:12 - [TEST_STEP][PASSED] - maximizeWindow(): Current window maximized

2019-07-23 18:13:13 - [MESSAGE][PASSED] - Current window maximized

2019-07-23 18:13:13 - [TEST_STEP][PASSED] - delay(2): Delayed 2 second(s)

2019-07-23 18:13:15 - [MESSAGE][PASSED] - Delayed 2 second(s)

2019-07-23 18:13:15 - [TEST_STEP][PASSED] - executeJavaScript("var previewBar = document.getElementById("preview-bar-iframe"); previewBar.style.display = "none";", []): Execute JavaScript 'var previewBar = document.getElementById("preview-bar-iframe"); previewBar.style.display = "none";' successfully

2019-07-23 18:13:15 - [MESSAGE][PASSED] - Execute JavaScript 'var previewBar = document.getElementById("preview-bar-iframe"); previewBar.style.display = "none";' successfully

2019-07-23 18:13:15 - [TEST_STEP][PASSED] - selectOptionByValue(findTestObject("OCS-DESKTOP/Age gate and Mega menu/Date"), "12", true): All options with value '12' are selected in object 'Object Repository/OCS-DESKTOP/Age gate and Mega menu/Date'  using regular expression

2019-07-23 18:13:15 - [MESSAGE][PASSED] - All options with value '12' are selected in object 'Object Repository/OCS-DESKTOP/Age gate and Mega menu/Date'  using regular expression

2019-07-23 18:13:15 - [TEST_STEP][PASSED] - selectOptionByValue(findTestObject("OCS-DESKTOP/Age gate and Mega menu/month"), "6", true): All options with value '6' are selected in object 'Object Repository/OCS-DESKTOP/Age gate and Mega menu/month'  using regular expression

2019-07-23 18:13:15 - [MESSAGE][PASSED] - All options with value '6' are selected in object 'Object Repository/OCS-DESKTOP/Age gate and Mega menu/month'  using regular expression

2019-07-23 18:13:15 - [TEST_STEP][PASSED] - delay(2): Delayed 2 second(s)

2019-07-23 18:13:17 - [MESSAGE][PASSED] - Delayed 2 second(s)

2019-07-23 18:13:17 - [TEST_STEP][PASSED] - selectOptionByValue(findTestObject("OCS-DESKTOP/Age gate and Mega menu/Year Dropdown"), "1990", true): All options with value '1990' are selected in object 'Object Repository/OCS-DESKTOP/Age gate and Mega menu/Year Dropdown'  using regular expression

2019-07-23 18:13:18 - [MESSAGE][PASSED] - All options with value '1990' are selected in object 'Object Repository/OCS-DESKTOP/Age gate and Mega menu/Year Dropdown'  using regular expression

2019-07-23 18:13:18 - [TEST_STEP][PASSED] - click(findTestObject("OCS-DESKTOP/Age gate and Mega menu/button_Verify")): Object: 'Object Repository/OCS-DESKTOP/Age gate and Mega menu/button_Verify' is clicked on

2019-07-23 18:13:18 - [MESSAGE][PASSED] - Object: 'Object Repository/OCS-DESKTOP/Age gate and Mega menu/button_Verify' is clicked on

2019-07-23 18:13:18 - [TEST_STEP][PASSED] - click(findTestObject("OCS-DESKTOP/Age gate and Mega menu/Checkbox_CONFIRM AND ACKNOWLEDGE")): Object: 'Object Repository/OCS-DESKTOP/Age gate and Mega menu/Checkbox_CONFIRM AND ACKNOWLEDGE' is clicked on

2019-07-23 18:13:18 - [MESSAGE][PASSED] - Object: 'Object Repository/OCS-DESKTOP/Age gate and Mega menu/Checkbox_CONFIRM AND ACKNOWLEDGE' is clicked on

2019-07-23 18:13:18 - [TEST_STEP][PASSED] - click(findTestObject("OCS-DESKTOP/Age gate and Mega menu/button_CONFIRM")): Object: 'Object Repository/OCS-DESKTOP/Age gate and Mega menu/button_CONFIRM' is clicked on

2019-07-23 18:13:18 - [MESSAGE][PASSED] - Object: 'Object Repository/OCS-DESKTOP/Age gate and Mega menu/button_CONFIRM' is clicked on

2019-07-23 18:13:18 - [TEST_STEP][PASSED] - click(findTestObject("OCS-DESKTOP/Age gate and Mega menu/button_Start Browsing")): Object: 'Object Repository/OCS-DESKTOP/Age gate and Mega menu/button_Start Browsing' is clicked on

2019-07-23 18:13:18 - [MESSAGE][PASSED] - Object: 'Object Repository/OCS-DESKTOP/Age gate and Mega menu/button_Start Browsing' is clicked on

2019-07-23 18:13:18 - [TEST_STEP][PASSED] - delay(2): Delayed 2 second(s)

2019-07-23 18:13:20 - [MESSAGE][PASSED] - Delayed 2 second(s)

2019-07-23 18:13:20 - [TEST_STEP][PASSED] - refresh(): Refresh successfully

2019-07-23 18:13:20 - [MESSAGE][PASSED] - Refresh successfully

2019-07-23 18:13:20 - [MESSAGE][PASSED] - Call Test Case 'Test Cases/OCS - DESKTOP/CALL- Age gate' successfully

2019-07-23 18:13:20 - [TEST_STEP][PASSED] - delay(2): Delayed 2 second(s)

2019-07-23 18:13:22 - [MESSAGE][PASSED] - Delayed 2 second(s)

2019-07-23 18:13:22 - [TEST_STEP][PASSED] - callTestCase(findTestCase("OCS - DESKTOP/CALL - TOGGLING LANGUAGE"), [:], STOP_ON_FAILURE): Call Test Case 'Test Cases/OCS - DESKTOP/CALL - TOGGLING LANGUAGE' successfully

2019-07-23 18:13:23 - [TEST_CASE][PASSED] - Test Cases/OCS - DESKTOP/CALL - TOGGLING LANGUAGE: Test Cases/OCS - DESKTOP/CALL - TOGGLING LANGUAGE

2019-07-23 18:13:23 - [TEST_STEP][PASSED] - delay(2): Delayed 2 second(s)

2019-07-23 18:13:25 - [MESSAGE][PASSED] - Delayed 2 second(s)

2019-07-23 18:13:25 - [TEST_STEP][PASSED] - click(findTestObject("OCS-DESKTOP/Cart flyout/English dropdown")): Object: 'Object Repository/OCS-DESKTOP/Cart flyout/English dropdown' is clicked on

2019-07-23 18:13:25 - [MESSAGE][PASSED] - Object: 'Object Repository/OCS-DESKTOP/Cart flyout/English dropdown' is clicked on

2019-07-23 18:13:25 - [TEST_STEP][PASSED] - delay(2): Delayed 2 second(s)

2019-07-23 18:13:27 - [MESSAGE][PASSED] - Delayed 2 second(s)

2019-07-23 18:13:27 - [TEST_STEP][PASSED] - click(findTestObject("OCS-DESKTOP/Cart flyout/Select French")): Object: 'Object Repository/OCS-DESKTOP/Cart flyout/Select French' is clicked on

2019-07-23 18:13:27 - [MESSAGE][PASSED] - Object: 'Object Repository/OCS-DESKTOP/Cart flyout/Select French' is clicked on

2019-07-23 18:13:27 - [TEST_STEP][PASSED] - delay(5): Delayed 5 second(s)

2019-07-23 18:13:32 - [MESSAGE][PASSED] - Delayed 5 second(s)

2019-07-23 18:13:32 - [TEST_STEP][PASSED] - e = getWindowTitle(): Current window's title is: 'Magasin de Cannabis de l'Ontario | Ontario Cannabis Store'

2019-07-23 18:13:32 - [MESSAGE][PASSED] - Current window's title is: 'Magasin de Cannabis de l'Ontario | Ontario Cannabis Store'

2019-07-23 18:13:32 - [MESSAGE][PASSED] - Call Test Case 'Test Cases/OCS - DESKTOP/CALL - TOGGLING LANGUAGE' successfully

2019-07-23 18:13:32 - [TEST_STEP][PASSED] - click(findTestObject("OCS-DESKTOP/Age gate and Mega menu/Header/CANNABIS menu - English")): Object: 'Object Repository/OCS-DESKTOP/Age gate and Mega menu/Header/CANNABIS menu - English' is clicked on

2019-07-23 18:13:32 - [MESSAGE][PASSED] - Object: 'Object Repository/OCS-DESKTOP/Age gate and Mega menu/Header/CANNABIS menu - English' is clicked on

2019-07-23 18:13:32 - [TEST_STEP][PASSED] - delay(2): Delayed 2 second(s)

2019-07-23 18:13:34 - [MESSAGE][PASSED] - Delayed 2 second(s)

2019-07-23 18:13:34 - [TEST_STEP][PASSED] - executeJavaScript("var previewBar = document.getElementById("preview-bar-iframe"); previewBar.style.display = "none";", []): Execute JavaScript 'var previewBar = document.getElementById("preview-bar-iframe"); previewBar.style.display = "none";' successfully

2019-07-23 18:13:34 - [MESSAGE][PASSED] - Execute JavaScript 'var previewBar = document.getElementById("preview-bar-iframe"); previewBar.style.display = "none";' successfully

2019-07-23 18:13:34 - [TEST_STEP][PASSED] - click(findTestObject("OCS-DESKTOP/Age gate and Mega menu/Indica Dominant_Menu item")): Object: 'Object Repository/OCS-DESKTOP/Age gate and Mega menu/Indica Dominant_Menu item' is clicked on

2019-07-23 18:13:37 - [MESSAGE][PASSED] - Object: 'Object Repository/OCS-DESKTOP/Age gate and Mega menu/Indica Dominant_Menu item' is clicked on

2019-07-23 18:13:37 - [TEST_STEP][PASSED] - executeJavaScript("var previewBar = document.getElementById("preview-bar-iframe"); previewBar.style.display = "none";", []): Execute JavaScript 'var previewBar = document.getElementById("preview-bar-iframe"); previewBar.style.display = "none";' successfully

2019-07-23 18:13:37 - [MESSAGE][PASSED] - Execute JavaScript 'var previewBar = document.getElementById("preview-bar-iframe"); previewBar.style.display = "none";' successfully

2019-07-23 18:13:37 - [TEST_STEP][PASSED] - delay(2): Delayed 2 second(s)

2019-07-23 18:13:39 - [MESSAGE][PASSED] - Delayed 2 second(s)

2019-07-23 18:13:39 - [TEST_STEP][PASSED] - click(findTestObject("FRENCH/Product image - 1st one")): Object: 'Object Repository/FRENCH/Product image - 1st one' is clicked on

2019-07-23 18:13:43 - [MESSAGE][PASSED] - Object: 'Object Repository/FRENCH/Product image - 1st one' is clicked on

2019-07-23 18:13:43 - [TEST_STEP][PASSED] - executeJavaScript("var previewBar = document.getElementById("preview-bar-iframe"); previewBar.style.display = "none";", []): Execute JavaScript 'var previewBar = document.getElementById("preview-bar-iframe"); previewBar.style.display = "none";' successfully

2019-07-23 18:13:43 - [MESSAGE][PASSED] - Execute JavaScript 'var previewBar = document.getElementById("preview-bar-iframe"); previewBar.style.display = "none";' successfully

2019-07-23 18:13:43 - [TEST_STEP][PASSED] - delay(1): Delayed 1 second(s)

2019-07-23 18:13:44 - [MESSAGE][PASSED] - Delayed 1 second(s)

2019-07-23 18:13:44 - [TEST_STEP][PASSED] - delay(3): Delayed 3 second(s)

2019-07-23 18:13:47 - [MESSAGE][PASSED] - Delayed 3 second(s)

2019-07-23 18:13:47 - [TEST_STEP][PASSED] - click(findTestObject("OCS-DESKTOP/Product page/Swatch_1g")): Object: 'Object Repository/OCS-DESKTOP/Product page/Swatch_1g' is clicked on

2019-07-23 18:13:47 - [MESSAGE][PASSED] - Object: 'Object Repository/OCS-DESKTOP/Product page/Swatch_1g' is clicked on

2019-07-23 18:13:47 - [TEST_STEP][PASSED] - delay(2): Delayed 2 second(s)

2019-07-23 18:13:49 - [MESSAGE][PASSED] - Delayed 2 second(s)

2019-07-23 18:13:49 - [TEST_STEP][PASSED] - click(findTestObject("OCS-DESKTOP/Product page/Add to Bag-button")): Object: 'Object Repository/OCS-DESKTOP/Product page/Add to Bag-button' is clicked on

2019-07-23 18:13:49 - [MESSAGE][PASSED] - Object: 'Object Repository/OCS-DESKTOP/Product page/Add to Bag-button' is clicked on

2019-07-23 18:13:49 - [TEST_STEP][PASSED] - delay(1): Delayed 1 second(s)

2019-07-23 18:13:50 - [MESSAGE][PASSED] - Delayed 1 second(s)

2019-07-23 18:13:50 - [TEST_STEP][NOT_RUN] - click(findTestObject("OCS-DESKTOP/Cart flyout/Back icon"), CONTINUE_ON_FAILURE): NOT_RUN: click(findTestObject("OCS-DESKTOP/Cart flyout/Back icon"), CONTINUE_ON_FAILURE)

2019-07-23 18:13:50 - [MESSAGE][NOT_RUN] - NOT_RUN: click(findTestObject("OCS-DESKTOP/Cart flyout/Back icon"), CONTINUE_ON_FAILURE)

2019-07-23 18:13:50 - [TEST_STEP][PASSED] - delay(2): Delayed 2 second(s)

2019-07-23 18:13:52 - [MESSAGE][PASSED] - Delayed 2 second(s)

2019-07-23 18:13:52 - [TEST_STEP][NOT_RUN] - click(findTestObject("OCS-DESKTOP/Home - page/view my bag - cart dropdown"), OPTIONAL): NOT_RUN: click(findTestObject("OCS-DESKTOP/Home - page/view my bag - cart dropdown"), OPTIONAL)

2019-07-23 18:13:52 - [MESSAGE][NOT_RUN] - NOT_RUN: click(findTestObject("OCS-DESKTOP/Home - page/view my bag - cart dropdown"), OPTIONAL)

2019-07-23 18:13:52 - [TEST_STEP][PASSED] - delay(2): Delayed 2 second(s)

2019-07-23 18:13:54 - [MESSAGE][PASSED] - Delayed 2 second(s)

2019-07-23 18:13:54 - [TEST_STEP][PASSED] - click(findTestObject("OCS-DESKTOP/Product page/Swatch_3.5g"), CONTINUE_ON_FAILURE): Object: 'Object Repository/OCS-DESKTOP/Product page/Swatch_3.5g' is clicked on

2019-07-23 18:13:54 - [MESSAGE][PASSED] - Object: 'Object Repository/OCS-DESKTOP/Product page/Swatch_3.5g' is clicked on

2019-07-23 18:13:54 - [TEST_STEP][PASSED] - delay(2): Delayed 2 second(s)

2019-07-23 18:13:56 - [MESSAGE][PASSED] - Delayed 2 second(s)

2019-07-23 18:13:56 - [TEST_STEP][PASSED] - click(findTestObject("OCS-DESKTOP/Product page/Add to Bag-button")): Object: 'Object Repository/OCS-DESKTOP/Product page/Add to Bag-button' is clicked on

2019-07-23 18:13:56 - [MESSAGE][PASSED] - Object: 'Object Repository/OCS-DESKTOP/Product page/Add to Bag-button' is clicked on

2019-07-23 18:13:56 - [TEST_STEP][PASSED] - delay(2): Delayed 2 second(s)

2019-07-23 18:13:58 - [MESSAGE][PASSED] - Delayed 2 second(s)

2019-07-23 18:13:58 - [TEST_STEP][PASSED] - click(findTestObject("OCS-DESKTOP/Home - page/view my bag - cart dropdown"), OPTIONAL): Object: 'Object Repository/OCS-DESKTOP/Home - page/view my bag - cart dropdown' is clicked on

2019-07-23 18:13:58 - [MESSAGE][PASSED] - Object: 'Object Repository/OCS-DESKTOP/Home - page/view my bag - cart dropdown' is clicked on

2019-07-23 18:13:58 - [TEST_STEP][PASSED] - delay(2): Delayed 2 second(s)

2019-07-23 18:14:00 - [MESSAGE][PASSED] - Delayed 2 second(s)

2019-07-23 18:14:00 - [TEST_STEP][PASSED] - click(findTestObject("OCS-DESKTOP/Cart flyout/Checkbox_I confirm that")): Object: 'Object Repository/OCS-DESKTOP/Cart flyout/Checkbox_I confirm that' is clicked on

2019-07-23 18:14:00 - [MESSAGE][PASSED] - Object: 'Object Repository/OCS-DESKTOP/Cart flyout/Checkbox_I confirm that' is clicked on

2019-07-23 18:14:00 - [TEST_STEP][PASSED] - delay(2): Delayed 2 second(s)

2019-07-23 18:14:02 - [MESSAGE][PASSED] - Delayed 2 second(s)

2019-07-23 18:14:02 - [TEST_STEP][PASSED] - click(findTestObject("OCS-DESKTOP/Cart flyout/Checkbox_Accept the Terms Condition")): Object: 'Object Repository/OCS-DESKTOP/Cart flyout/Checkbox_Accept the Terms Condition' is clicked on

2019-07-23 18:14:02 - [MESSAGE][PASSED] - Object: 'Object Repository/OCS-DESKTOP/Cart flyout/Checkbox_Accept the Terms Condition' is clicked on

2019-07-23 18:14:02 - [TEST_STEP][PASSED] - delay(2): Delayed 2 second(s)

2019-07-23 18:14:04 - [MESSAGE][PASSED] - Delayed 2 second(s)

2019-07-23 18:14:04 - [TEST_STEP][PASSED] - click(findTestObject("OCS-DESKTOP/Cart flyout/Checkout - Button")): Object: 'Object Repository/OCS-DESKTOP/Cart flyout/Checkout - Button' is clicked on

2019-07-23 18:14:07 - [MESSAGE][PASSED] - Object: 'Object Repository/OCS-DESKTOP/Cart flyout/Checkout - Button' is clicked on

2019-07-23 18:14:07 - [TEST_STEP][PASSED] - delay(2): Delayed 2 second(s)

2019-07-23 18:14:09 - [MESSAGE][PASSED] - Delayed 2 second(s)

2019-07-23 18:14:09 - [TEST_STEP][PASSED] - click(findTestObject("OCS-DESKTOP/Customer info page/Cart - Breadcrumb link")): Object: 'Object Repository/OCS-DESKTOP/Customer info page/Cart - Breadcrumb link' is clicked on

2019-07-23 18:14:10 - [MESSAGE][PASSED] - Object: 'Object Repository/OCS-DESKTOP/Customer info page/Cart - Breadcrumb link' is clicked on

2019-07-23 18:14:10 - [TEST_STEP][PASSED] - delay(2): Delayed 2 second(s)

2019-07-23 18:14:12 - [MESSAGE][PASSED] - Delayed 2 second(s)

2019-07-23 18:14:12 - [TEST_STEP][PASSED] - a = getText(findTestObject("OCS-DESKTOP/Cart page/Unit price - 1st product")): Text of object 'Object Repository/OCS-DESKTOP/Cart page/Unit price - 1st product' is: '35,00 $'

2019-07-23 18:14:12 - [MESSAGE][PASSED] - Text of object 'Object Repository/OCS-DESKTOP/Cart page/Unit price - 1st product' is: '35,00 $'

2019-07-23 18:14:12 - [TEST_STEP][PASSED] - comment(a): 35,00 $

2019-07-23 18:14:12 - [MESSAGE][INFO] - 35,00 $

2019-07-23 18:14:12 - [TEST_STEP][PASSED] - a1 = a.substring(0, a.length() - 1): null

2019-07-23 18:14:12 - [TEST_STEP][PASSED] - comment("a1 = " + a1): a1 = 35,00 

2019-07-23 18:14:12 - [MESSAGE][INFO] - a1 = 35,00 

2019-07-23 18:14:12 - [TEST_STEP][PASSED] - x1 = a1.substring(0, a1.length() - 1): null

2019-07-23 18:14:12 - [TEST_STEP][PASSED] - comment("x1 = " + x1): x1 = 35,00

2019-07-23 18:14:12 - [MESSAGE][INFO] - x1 = 35,00

2019-07-23 18:14:12 - [TEST_STEP][PASSED] - x2 = x1.substring(0, x1.length() - 1): null

2019-07-23 18:14:12 - [TEST_STEP][PASSED] - comment("x2 = " + x2): x2 = 35,0

2019-07-23 18:14:12 - [MESSAGE][INFO] - x2 = 35,0

2019-07-23 18:14:12 - [TEST_STEP][PASSED] - x3 = x2.substring(0, x2.length() - 1): null

2019-07-23 18:14:12 - [TEST_STEP][PASSED] - comment("x3 = " + x3): x3 = 35,

2019-07-23 18:14:12 - [MESSAGE][INFO] - x3 = 35,

2019-07-23 18:14:12 - [TEST_STEP][PASSED] - x6 = x3.substring(0, x3.length() - 1): null

2019-07-23 18:14:12 - [TEST_STEP][PASSED] - comment("x6 = " + x6): x6 = 35

2019-07-23 18:14:12 - [MESSAGE][INFO] - x6 = 35

2019-07-23 18:14:12 - [TEST_STEP][PASSED] - delay(2): Delayed 2 second(s)

2019-07-23 18:14:14 - [MESSAGE][PASSED] - Delayed 2 second(s)

2019-07-23 18:14:14 - [TEST_STEP][PASSED] - b = getText(findTestObject("OCS-DESKTOP/Cart page/Unit price - 2nd product")): Text of object 'Object Repository/OCS-DESKTOP/Cart page/Unit price - 2nd product' is: '10,50 $'

2019-07-23 18:14:14 - [MESSAGE][PASSED] - Text of object 'Object Repository/OCS-DESKTOP/Cart page/Unit price - 2nd product' is: '10,50 $'

2019-07-23 18:14:14 - [TEST_STEP][PASSED] - comment(b): 10,50 $

2019-07-23 18:14:14 - [MESSAGE][INFO] - 10,50 $

2019-07-23 18:14:14 - [TEST_STEP][PASSED] - a2 = b.substring(0, b.length() - 1): null

2019-07-23 18:14:14 - [TEST_STEP][PASSED] - comment("a2 = " + a2): a2 = 10,50 

2019-07-23 18:14:14 - [MESSAGE][INFO] - a2 = 10,50 

2019-07-23 18:14:14 - [TEST_STEP][PASSED] - y1 = a2.substring(0, a2.length() - 1): null

2019-07-23 18:14:14 - [TEST_STEP][PASSED] - comment("y1 = " + y1): y1 = 10,50

2019-07-23 18:14:14 - [MESSAGE][INFO] - y1 = 10,50

2019-07-23 18:14:14 - [TEST_STEP][PASSED] - y2 = y1.substring(0, y1.length() - 1): null

2019-07-23 18:14:14 - [TEST_STEP][PASSED] - comment("y2 = " + y2): y2 = 10,5

2019-07-23 18:14:14 - [MESSAGE][INFO] - y2 = 10,5

2019-07-23 18:14:14 - [TEST_STEP][PASSED] - y3 = y2.substring(0, y2.length() - 1): null

2019-07-23 18:14:14 - [TEST_STEP][PASSED] - comment("y3 = " + y3): y3 = 10,

2019-07-23 18:14:14 - [MESSAGE][INFO] - y3 = 10,

2019-07-23 18:14:14 - [TEST_STEP][PASSED] - y4 = y3.substring(0, y3.length() - 1): null

2019-07-23 18:14:14 - [TEST_STEP][PASSED] - comment("y4 = " + y4): y4 = 10

2019-07-23 18:14:14 - [MESSAGE][INFO] - y4 = 10

2019-07-23 18:14:14 - [TEST_STEP][PASSED] - c = getText(findTestObject("OCS-DESKTOP/Cart page/Sub-total")): Text of object 'Object Repository/OCS-DESKTOP/Cart page/Sub-total' is: '45,50 $'

2019-07-23 18:14:14 - [MESSAGE][PASSED] - Text of object 'Object Repository/OCS-DESKTOP/Cart page/Sub-total' is: '45,50 $'

2019-07-23 18:14:14 - [TEST_STEP][PASSED] - comment(c): 45,50 $

2019-07-23 18:14:14 - [MESSAGE][INFO] - 45,50 $

2019-07-23 18:14:14 - [TEST_STEP][PASSED] - a3 = c.substring(0, c.length() - 1): null

2019-07-23 18:14:14 - [TEST_STEP][PASSED] - comment("a3 = " + a3): a3 = 45,50 

2019-07-23 18:14:14 - [MESSAGE][INFO] - a3 = 45,50 

2019-07-23 18:14:14 - [TEST_STEP][PASSED] - z1 = a3.substring(0, a3.length() - 1): null

2019-07-23 18:14:14 - [TEST_STEP][PASSED] - comment("z1 = " + z1): z1 = 45,50

2019-07-23 18:14:14 - [MESSAGE][INFO] - z1 = 45,50

2019-07-23 18:14:14 - [TEST_STEP][PASSED] - z2 = z1.substring(0, z1.length() - 1): null

2019-07-23 18:14:14 - [TEST_STEP][PASSED] - comment("z2 = " + z2): z2 = 45,5

2019-07-23 18:14:14 - [MESSAGE][INFO] - z2 = 45,5

2019-07-23 18:14:14 - [TEST_STEP][PASSED] - z3 = z2.substring(0, z2.length() - 1): null

2019-07-23 18:14:14 - [TEST_STEP][PASSED] - comment("z3 = " + z3): z3 = 45,

2019-07-23 18:14:14 - [MESSAGE][INFO] - z3 = 45,

2019-07-23 18:14:14 - [TEST_STEP][PASSED] - z4 = z3.substring(0, z3.length() - 1): null

2019-07-23 18:14:14 - [TEST_STEP][PASSED] - comment("z4 = " + z4): z4 = 45

2019-07-23 18:14:14 - [MESSAGE][INFO] - z4 = 45

2019-07-23 18:14:14 - [TEST_STEP][PASSED] - p2 = <not implemented yet for class: org.codehaus.groovy.ast.expr.EmptyExpression>: null

2019-07-23 18:14:14 - [TEST_STEP][PASSED] - p3 = <not implemented yet for class: org.codehaus.groovy.ast.expr.EmptyExpression>: null

2019-07-23 18:14:14 - [TEST_STEP][PASSED] - try: p2=35.0

2019-07-23 18:14:14 - [TEST_STEP][PASSED] - x4 = x6: null

2019-07-23 18:14:14 - [TEST_STEP][PASSED] - comment("x4=" + x4): x4=35

2019-07-23 18:14:14 - [MESSAGE][INFO] - x4=35

2019-07-23 18:14:14 - [TEST_STEP][PASSED] - p2 = Double.valueOf(x4): null

2019-07-23 18:14:14 - [TEST_STEP][PASSED] - comment("p2=" + p2): p2=35.0

2019-07-23 18:14:14 - [MESSAGE][INFO] - p2=35.0

2019-07-23 18:14:14 - [TEST_STEP][PASSED] - try: p3=10.0

2019-07-23 18:14:14 - [TEST_STEP][PASSED] - x5 = y4: null

2019-07-23 18:14:14 - [TEST_STEP][PASSED] - comment("x5=" + x5): x5=10

2019-07-23 18:14:14 - [MESSAGE][INFO] - x5=10

2019-07-23 18:14:14 - [TEST_STEP][PASSED] - p3 = Double.valueOf(x5): null

2019-07-23 18:14:14 - [TEST_STEP][PASSED] - comment("p3=" + p3): p3=10.0

2019-07-23 18:14:14 - [MESSAGE][INFO] - p3=10.0

2019-07-23 18:14:14 - [TEST_STEP][PASSED] - comment("p2=" + p2): p2=35.0

2019-07-23 18:14:14 - [MESSAGE][INFO] - p2=35.0

2019-07-23 18:14:14 - [TEST_STEP][PASSED] - comment("p3=" + p3): p3=10.0

2019-07-23 18:14:14 - [MESSAGE][INFO] - p3=10.0

2019-07-23 18:14:14 - [TEST_STEP][PASSED] - total = p2 + p3: null

2019-07-23 18:14:14 - [TEST_STEP][PASSED] - comment("total=" + total): total=45.0

2019-07-23 18:14:14 - [MESSAGE][INFO] - total=45.0

2019-07-23 18:14:14 - [TEST_STEP][PASSED] - verifyEqual(total, z4): Actual object '45' and expected object '45' are equal

2019-07-23 18:14:14 - [MESSAGE][PASSED] - Actual object '45' and expected object '45' are equal

2019-07-23 18:14:14 - [TEST_STEP][PASSED] - click(findTestObject("FRENCH/Remove icon - 1st Product")): Object: 'Object Repository/FRENCH/Remove icon - 1st Product' is clicked on

2019-07-23 18:14:16 - [MESSAGE][PASSED] - Object: 'Object Repository/FRENCH/Remove icon - 1st Product' is clicked on

2019-07-23 18:14:16 - [TEST_STEP][PASSED] - delay(2): Delayed 2 second(s)

2019-07-23 18:14:18 - [MESSAGE][PASSED] - Delayed 2 second(s)

2019-07-23 18:14:18 - [TEST_STEP][PASSED] - c23 = getText(findTestObject("OCS-DESKTOP/Cart page/Sub-total")): Text of object 'Object Repository/OCS-DESKTOP/Cart page/Sub-total' is: '35,00 $'

2019-07-23 18:14:18 - [MESSAGE][PASSED] - Text of object 'Object Repository/OCS-DESKTOP/Cart page/Sub-total' is: '35,00 $'

2019-07-23 18:14:18 - [TEST_STEP][PASSED] - comment(c23): 35,00 $

2019-07-23 18:14:18 - [MESSAGE][INFO] - 35,00 $

2019-07-23 18:14:18 - [TEST_STEP][PASSED] - a4 = c23.substring(0, c23.length() - 1): null

2019-07-23 18:14:18 - [TEST_STEP][PASSED] - comment("a4= " + a4): a4= 35,00 

2019-07-23 18:14:18 - [MESSAGE][INFO] - a4= 35,00 

2019-07-23 18:14:18 - [TEST_STEP][PASSED] - v1 = a4.substring(0, a4.length() - 1): null

2019-07-23 18:14:18 - [TEST_STEP][PASSED] - comment("v1= " + v1): v1= 35,00

2019-07-23 18:14:18 - [MESSAGE][INFO] - v1= 35,00

2019-07-23 18:14:18 - [TEST_STEP][PASSED] - v2 = v1.substring(0, v1.length() - 1): null

2019-07-23 18:14:18 - [TEST_STEP][PASSED] - comment("v2= " + v2): v2= 35,0

2019-07-23 18:14:18 - [MESSAGE][INFO] - v2= 35,0

2019-07-23 18:14:18 - [TEST_STEP][PASSED] - v3 = v2.substring(0, v2.length() - 1): null

2019-07-23 18:14:18 - [TEST_STEP][PASSED] - comment("v3= " + v3): v3= 35,

2019-07-23 18:14:18 - [MESSAGE][INFO] - v3= 35,

2019-07-23 18:14:18 - [TEST_STEP][PASSED] - v7 = v3.substring(0, v3.length() - 1): null

2019-07-23 18:14:18 - [TEST_STEP][PASSED] - comment("v7= " + v7): v7= 35

2019-07-23 18:14:18 - [MESSAGE][INFO] - v7= 35

2019-07-23 18:14:18 - [TEST_STEP][PASSED] - b25 = getText(findTestObject("OCS-DESKTOP/Cart page/Unit price - 1st product")): Text of object 'Object Repository/OCS-DESKTOP/Cart page/Unit price - 1st product' is: '35,00 $'

2019-07-23 18:14:18 - [MESSAGE][PASSED] - Text of object 'Object Repository/OCS-DESKTOP/Cart page/Unit price - 1st product' is: '35,00 $'

2019-07-23 18:14:18 - [TEST_STEP][PASSED] - comment(b25): 35,00 $

2019-07-23 18:14:18 - [MESSAGE][INFO] - 35,00 $

2019-07-23 18:14:18 - [TEST_STEP][PASSED] - a25 = b25.substring(0, b25.length() - 1): null

2019-07-23 18:14:18 - [TEST_STEP][PASSED] - comment("a25 = " + a25): a25 = 35,00 

2019-07-23 18:14:18 - [MESSAGE][INFO] - a25 = 35,00 

2019-07-23 18:14:18 - [TEST_STEP][PASSED] - v4 = a25.substring(0, a25.length() - 1): null

2019-07-23 18:14:18 - [TEST_STEP][PASSED] - comment("v4= " + v4): v4= 35,00

2019-07-23 18:14:18 - [MESSAGE][INFO] - v4= 35,00

2019-07-23 18:14:18 - [TEST_STEP][PASSED] - v5 = v4.substring(0, v4.length() - 1): null

2019-07-23 18:14:18 - [TEST_STEP][PASSED] - comment("v5= " + v5): v5= 35,0

2019-07-23 18:14:18 - [MESSAGE][INFO] - v5= 35,0

2019-07-23 18:14:18 - [TEST_STEP][PASSED] - v6 = v5.substring(0, v5.length() - 1): null

2019-07-23 18:14:18 - [TEST_STEP][PASSED] - comment("v6= " + v6): v6= 35,

2019-07-23 18:14:18 - [MESSAGE][INFO] - v6= 35,

2019-07-23 18:14:18 - [TEST_STEP][PASSED] - v8 = v6.substring(0, v6.length() - 1): null

2019-07-23 18:14:18 - [TEST_STEP][PASSED] - comment("v8= " + v8): v8= 35

2019-07-23 18:14:18 - [MESSAGE][INFO] - v8= 35

2019-07-23 18:14:18 - [TEST_STEP][PASSED] - verifyEqual(v7, v8): Actual object '35' and expected object '35' are equal

2019-07-23 18:14:18 - [MESSAGE][PASSED] - Actual object '35' and expected object '35' are equal

2019-07-23 18:14:18 - [TEST_STEP][PASSED] - callTestCase(findTestCase("OCS - DESKTOP/CALL - CART PAGE - SHIPPING TO PAYMENT"), [:], STOP_ON_FAILURE): Call Test Case 'Test Cases/OCS - DESKTOP/CALL - CART PAGE - SHIPPING TO PAYMENT' successfully

2019-07-23 18:14:18 - [TEST_CASE][PASSED] - Test Cases/OCS - DESKTOP/CALL - CART PAGE - SHIPPING TO PAYMENT: Test Cases/OCS - DESKTOP/CALL - CART PAGE - SHIPPING TO PAYMENT

2019-07-23 18:14:18 - [TEST_STEP][PASSED] - delay(2): Delayed 2 second(s)

2019-07-23 18:14:20 - [MESSAGE][PASSED] - Delayed 2 second(s)

2019-07-23 18:14:20 - [TEST_STEP][PASSED] - click(findTestObject("OCS-DESKTOP/Cart page/cart page-Checkbox_I confirm that")): Object: 'Object Repository/OCS-DESKTOP/Cart page/cart page-Checkbox_I confirm that' is clicked on

2019-07-23 18:14:20 - [MESSAGE][PASSED] - Object: 'Object Repository/OCS-DESKTOP/Cart page/cart page-Checkbox_I confirm that' is clicked on

2019-07-23 18:14:20 - [TEST_STEP][PASSED] - delay(2): Delayed 2 second(s)

2019-07-23 18:14:22 - [MESSAGE][PASSED] - Delayed 2 second(s)

2019-07-23 18:14:22 - [TEST_STEP][PASSED] - click(findTestObject("OCS-DESKTOP/Cart page/cart page - Checkbox_Accept the Terms Condition")): Object: 'Object Repository/OCS-DESKTOP/Cart page/cart page - Checkbox_Accept the Terms Condition' is clicked on

2019-07-23 18:14:22 - [MESSAGE][PASSED] - Object: 'Object Repository/OCS-DESKTOP/Cart page/cart page - Checkbox_Accept the Terms Condition' is clicked on

2019-07-23 18:14:22 - [TEST_STEP][PASSED] - delay(1): Delayed 1 second(s)

2019-07-23 18:14:23 - [MESSAGE][PASSED] - Delayed 1 second(s)

2019-07-23 18:14:23 - [TEST_STEP][PASSED] - click(findTestObject("FRENCH/Cart page -checkout button")): Object: 'Object Repository/FRENCH/Cart page -checkout button' is clicked on

2019-07-23 18:14:25 - [MESSAGE][PASSED] - Object: 'Object Repository/FRENCH/Cart page -checkout button' is clicked on

2019-07-23 18:14:25 - [TEST_STEP][PASSED] - executeJavaScript("var previewBar = document.getElementById("preview-bar-iframe"); previewBar.style.display = "none";", []): Execute JavaScript 'var previewBar = document.getElementById("preview-bar-iframe"); previewBar.style.display = "none";' successfully

2019-07-23 18:14:25 - [MESSAGE][PASSED] - Execute JavaScript 'var previewBar = document.getElementById("preview-bar-iframe"); previewBar.style.display = "none";' successfully

2019-07-23 18:14:25 - [TEST_STEP][PASSED] - delay(2): Delayed 2 second(s)

2019-07-23 18:14:27 - [MESSAGE][PASSED] - Delayed 2 second(s)

2019-07-23 18:14:27 - [TEST_STEP][PASSED] - setText(findTestObject("Object Repository/Page_Ontario Cannabis Store - Infor/input_Adresse e-mail_checkoute"), "suman@gmail.com"): Text 'suman@gmail.com' is set on object 'Object Repository/Page_Ontario Cannabis Store - Infor/input_Adresse e-mail_checkoute'

2019-07-23 18:14:27 - [MESSAGE][PASSED] - Text 'suman@gmail.com' is set on object 'Object Repository/Page_Ontario Cannabis Store - Infor/input_Adresse e-mail_checkoute'

2019-07-23 18:14:27 - [TEST_STEP][PASSED] - setText(findTestObject("Object Repository/Page_Ontario Cannabis Store - Infor/input_Prnom_checkoutshipping_a"), "suman"): Text 'suman' is set on object 'Object Repository/Page_Ontario Cannabis Store - Infor/input_Prnom_checkoutshipping_a'

2019-07-23 18:14:27 - [MESSAGE][PASSED] - Text 'suman' is set on object 'Object Repository/Page_Ontario Cannabis Store - Infor/input_Prnom_checkoutshipping_a'

2019-07-23 18:14:27 - [TEST_STEP][PASSED] - setText(findTestObject("Object Repository/Page_Ontario Cannabis Store - Infor/input_Nom_checkoutshipping_add"), "kompelly"): Text 'kompelly' is set on object 'Object Repository/Page_Ontario Cannabis Store - Infor/input_Nom_checkoutshipping_add'

2019-07-23 18:14:27 - [MESSAGE][PASSED] - Text 'kompelly' is set on object 'Object Repository/Page_Ontario Cannabis Store - Infor/input_Nom_checkoutshipping_add'

2019-07-23 18:14:27 - [TEST_STEP][PASSED] - setText(findTestObject("Object Repository/Page_Ontario Cannabis Store - Infor/input_Adresse_checkoutshipping"), "123 test"): Text '123 test' is set on object 'Object Repository/Page_Ontario Cannabis Store - Infor/input_Adresse_checkoutshipping'

2019-07-23 18:14:27 - [MESSAGE][PASSED] - Text '123 test' is set on object 'Object Repository/Page_Ontario Cannabis Store - Infor/input_Adresse_checkoutshipping'

2019-07-23 18:14:27 - [TEST_STEP][PASSED] - setText(findTestObject("Object Repository/Page_Ontario Cannabis Store - Infor/input_Appartement suite etc. ("), "123"): Text '123' is set on object 'Object Repository/Page_Ontario Cannabis Store - Infor/input_Appartement suite etc. ('

2019-07-23 18:14:27 - [MESSAGE][PASSED] - Text '123' is set on object 'Object Repository/Page_Ontario Cannabis Store - Infor/input_Appartement suite etc. ('

2019-07-23 18:14:27 - [TEST_STEP][PASSED] - setText(findTestObject("Object Repository/Page_Ontario Cannabis Store - Infor/input_Ville_checkoutshipping_a"), "montreal"): Text 'montreal' is set on object 'Object Repository/Page_Ontario Cannabis Store - Infor/input_Ville_checkoutshipping_a'

2019-07-23 18:14:28 - [MESSAGE][PASSED] - Text 'montreal' is set on object 'Object Repository/Page_Ontario Cannabis Store - Infor/input_Ville_checkoutshipping_a'

2019-07-23 18:14:28 - [TEST_STEP][PASSED] - setText(findTestObject("Object Repository/Page_Ontario Cannabis Store - Infor/input_Code postal_checkoutship"), "n0r1k0"): Text 'n0r1k0' is set on object 'Object Repository/Page_Ontario Cannabis Store - Infor/input_Code postal_checkoutship'

2019-07-23 18:14:28 - [MESSAGE][PASSED] - Text 'n0r1k0' is set on object 'Object Repository/Page_Ontario Cannabis Store - Infor/input_Code postal_checkoutship'

2019-07-23 18:14:28 - [TEST_STEP][PASSED] - setText(findTestObject("Object Repository/Page_Ontario Cannabis Store - Infor/input_Tlphone_checkoutshipping"), "514-449-3883"): Text '514-449-3883' is set on object 'Object Repository/Page_Ontario Cannabis Store - Infor/input_Tlphone_checkoutshipping'

2019-07-23 18:14:28 - [MESSAGE][PASSED] - Text '514-449-3883' is set on object 'Object Repository/Page_Ontario Cannabis Store - Infor/input_Tlphone_checkoutshipping'

2019-07-23 18:14:28 - [TEST_STEP][PASSED] - delay(2): Delayed 2 second(s)

2019-07-23 18:14:30 - [MESSAGE][PASSED] - Delayed 2 second(s)

2019-07-23 18:14:30 - [TEST_STEP][PASSED] - click(findTestObject("Object Repository/Page_Ontario Cannabis Store - Infor/button_Continuer vers le mode")): Object: 'Object Repository/Page_Ontario Cannabis Store - Infor/button_Continuer vers le mode' is clicked on

2019-07-23 18:14:32 - [MESSAGE][PASSED] - Object: 'Object Repository/Page_Ontario Cannabis Store - Infor/button_Continuer vers le mode' is clicked on

2019-07-23 18:14:32 - [TEST_STEP][PASSED] - delay(4): Delayed 4 second(s)

2019-07-23 18:14:36 - [MESSAGE][PASSED] - Delayed 4 second(s)

2019-07-23 18:14:36 - [TEST_STEP][PASSED] - executeJavaScript("var previewBar = document.getElementById("preview-bar-iframe"); previewBar.style.display = "none";", []): Execute JavaScript 'var previewBar = document.getElementById("preview-bar-iframe"); previewBar.style.display = "none";' successfully

2019-07-23 18:14:36 - [MESSAGE][PASSED] - Execute JavaScript 'var previewBar = document.getElementById("preview-bar-iframe"); previewBar.style.display = "none";' successfully

2019-07-23 18:14:36 - [TEST_STEP][PASSED] - delay(2): Delayed 2 second(s)

2019-07-23 18:14:38 - [MESSAGE][PASSED] - Delayed 2 second(s)

2019-07-23 18:14:38 - [TEST_STEP][PASSED] - click(findTestObject("Object Repository/Page_Ontario Cannabis Store - Livra/button_Continuer vers le moyen")): Object: 'Object Repository/Page_Ontario Cannabis Store - Livra/button_Continuer vers le moyen' is clicked on

2019-07-23 18:14:41 - [MESSAGE][PASSED] - Object: 'Object Repository/Page_Ontario Cannabis Store - Livra/button_Continuer vers le moyen' is clicked on

2019-07-23 18:14:41 - [MESSAGE][PASSED] - Call Test Case 'Test Cases/OCS - DESKTOP/CALL - CART PAGE - SHIPPING TO PAYMENT' successfully]]></system-out>
         <system-err><![CDATA[]]></system-err>
      </testcase>
      <testcase name="Test Cases/OCS - DESKTOP/OCS- CRITICAL PATH - FRENCH/Cart flyout - tooltips -fr" classname="Test Cases/OCS - DESKTOP/OCS- CRITICAL PATH - FRENCH/Cart flyout - tooltips -fr" status="PASSED">
         <system-out><![CDATA[2019-07-23 18:14:41 - [TEST_CASE][PASSED] - Test Cases/OCS - DESKTOP/OCS- CRITICAL PATH - FRENCH/Cart flyout - tooltips -fr: Test Cases/OCS - DESKTOP/OCS- CRITICAL PATH - FRENCH/Cart flyout - tooltips -fr

2019-07-23 18:14:41 - [TEST_STEP][PASSED] - callTestCase(findTestCase("OCS - DESKTOP/CALL- Age gate"), [:], STOP_ON_FAILURE): Call Test Case 'Test Cases/OCS - DESKTOP/CALL- Age gate' successfully

2019-07-23 18:14:41 - [TEST_CASE][PASSED] - Test Cases/OCS - DESKTOP/CALL- Age gate: Test Cases/OCS - DESKTOP/CALL- Age gate

2019-07-23 18:14:41 - [TEST_STEP][PASSED] - openBrowser(""): Browser is opened with url: ''

2019-07-23 18:14:41 - [MESSAGE][WARNING] - A browser is already opened. Closing browser and opening a new one

2019-07-23 18:14:41 - [MESSAGE][INFO] - Starting 'Chrome' driver

2019-07-23 18:14:42 - [MESSAGE][PASSED] - Browser is opened with url: ''

2019-07-23 18:14:42 - [TEST_STEP][PASSED] - navigateToUrl("https://ocs.ca/?fts=0&preview_theme_id=74209363788"): Navigate to 'https://ocs.ca/?fts=0&preview_theme_id=74209363788' successfully

2019-07-23 18:14:47 - [MESSAGE][PASSED] - Navigate to 'https://ocs.ca/?fts=0&preview_theme_id=74209363788' successfully

2019-07-23 18:14:47 - [TEST_STEP][PASSED] - maximizeWindow(): Current window maximized

2019-07-23 18:14:47 - [MESSAGE][PASSED] - Current window maximized

2019-07-23 18:14:47 - [TEST_STEP][PASSED] - delay(2): Delayed 2 second(s)

2019-07-23 18:14:49 - [MESSAGE][PASSED] - Delayed 2 second(s)

2019-07-23 18:14:49 - [TEST_STEP][PASSED] - executeJavaScript("var previewBar = document.getElementById("preview-bar-iframe"); previewBar.style.display = "none";", []): Execute JavaScript 'var previewBar = document.getElementById("preview-bar-iframe"); previewBar.style.display = "none";' successfully

2019-07-23 18:14:49 - [MESSAGE][PASSED] - Execute JavaScript 'var previewBar = document.getElementById("preview-bar-iframe"); previewBar.style.display = "none";' successfully

2019-07-23 18:14:49 - [TEST_STEP][PASSED] - selectOptionByValue(findTestObject("OCS-DESKTOP/Age gate and Mega menu/Date"), "12", true): All options with value '12' are selected in object 'Object Repository/OCS-DESKTOP/Age gate and Mega menu/Date'  using regular expression

2019-07-23 18:14:50 - [MESSAGE][PASSED] - All options with value '12' are selected in object 'Object Repository/OCS-DESKTOP/Age gate and Mega menu/Date'  using regular expression

2019-07-23 18:14:50 - [TEST_STEP][PASSED] - selectOptionByValue(findTestObject("OCS-DESKTOP/Age gate and Mega menu/month"), "6", true): All options with value '6' are selected in object 'Object Repository/OCS-DESKTOP/Age gate and Mega menu/month'  using regular expression

2019-07-23 18:14:50 - [MESSAGE][PASSED] - All options with value '6' are selected in object 'Object Repository/OCS-DESKTOP/Age gate and Mega menu/month'  using regular expression

2019-07-23 18:14:50 - [TEST_STEP][PASSED] - delay(2): Delayed 2 second(s)

2019-07-23 18:14:52 - [MESSAGE][PASSED] - Delayed 2 second(s)

2019-07-23 18:14:52 - [TEST_STEP][PASSED] - selectOptionByValue(findTestObject("OCS-DESKTOP/Age gate and Mega menu/Year Dropdown"), "1990", true): All options with value '1990' are selected in object 'Object Repository/OCS-DESKTOP/Age gate and Mega menu/Year Dropdown'  using regular expression

2019-07-23 18:14:53 - [MESSAGE][PASSED] - All options with value '1990' are selected in object 'Object Repository/OCS-DESKTOP/Age gate and Mega menu/Year Dropdown'  using regular expression

2019-07-23 18:14:53 - [TEST_STEP][PASSED] - click(findTestObject("OCS-DESKTOP/Age gate and Mega menu/button_Verify")): Object: 'Object Repository/OCS-DESKTOP/Age gate and Mega menu/button_Verify' is clicked on

2019-07-23 18:14:53 - [MESSAGE][PASSED] - Object: 'Object Repository/OCS-DESKTOP/Age gate and Mega menu/button_Verify' is clicked on

2019-07-23 18:14:53 - [TEST_STEP][PASSED] - click(findTestObject("OCS-DESKTOP/Age gate and Mega menu/Checkbox_CONFIRM AND ACKNOWLEDGE")): Object: 'Object Repository/OCS-DESKTOP/Age gate and Mega menu/Checkbox_CONFIRM AND ACKNOWLEDGE' is clicked on

2019-07-23 18:14:53 - [MESSAGE][PASSED] - Object: 'Object Repository/OCS-DESKTOP/Age gate and Mega menu/Checkbox_CONFIRM AND ACKNOWLEDGE' is clicked on

2019-07-23 18:14:53 - [TEST_STEP][PASSED] - click(findTestObject("OCS-DESKTOP/Age gate and Mega menu/button_CONFIRM")): Object: 'Object Repository/OCS-DESKTOP/Age gate and Mega menu/button_CONFIRM' is clicked on

2019-07-23 18:14:53 - [MESSAGE][PASSED] - Object: 'Object Repository/OCS-DESKTOP/Age gate and Mega menu/button_CONFIRM' is clicked on

2019-07-23 18:14:53 - [TEST_STEP][PASSED] - click(findTestObject("OCS-DESKTOP/Age gate and Mega menu/button_Start Browsing")): Object: 'Object Repository/OCS-DESKTOP/Age gate and Mega menu/button_Start Browsing' is clicked on

2019-07-23 18:14:53 - [MESSAGE][PASSED] - Object: 'Object Repository/OCS-DESKTOP/Age gate and Mega menu/button_Start Browsing' is clicked on

2019-07-23 18:14:53 - [TEST_STEP][PASSED] - delay(2): Delayed 2 second(s)

2019-07-23 18:14:55 - [MESSAGE][PASSED] - Delayed 2 second(s)

2019-07-23 18:14:55 - [TEST_STEP][PASSED] - refresh(): Refresh successfully

2019-07-23 18:14:55 - [MESSAGE][PASSED] - Refresh successfully

2019-07-23 18:14:55 - [MESSAGE][PASSED] - Call Test Case 'Test Cases/OCS - DESKTOP/CALL- Age gate' successfully

2019-07-23 18:14:55 - [TEST_STEP][PASSED] - delay(2): Delayed 2 second(s)

2019-07-23 18:14:57 - [MESSAGE][PASSED] - Delayed 2 second(s)

2019-07-23 18:14:58 - [TEST_STEP][PASSED] - callTestCase(findTestCase("OCS - DESKTOP/CALL - TOGGLING LANGUAGE"), [:], STOP_ON_FAILURE): Call Test Case 'Test Cases/OCS - DESKTOP/CALL - TOGGLING LANGUAGE' successfully

2019-07-23 18:14:58 - [TEST_CASE][PASSED] - Test Cases/OCS - DESKTOP/CALL - TOGGLING LANGUAGE: Test Cases/OCS - DESKTOP/CALL - TOGGLING LANGUAGE

2019-07-23 18:14:58 - [TEST_STEP][PASSED] - delay(2): Delayed 2 second(s)

2019-07-23 18:15:00 - [MESSAGE][PASSED] - Delayed 2 second(s)

2019-07-23 18:15:00 - [TEST_STEP][PASSED] - click(findTestObject("OCS-DESKTOP/Cart flyout/English dropdown")): Object: 'Object Repository/OCS-DESKTOP/Cart flyout/English dropdown' is clicked on

2019-07-23 18:15:00 - [MESSAGE][PASSED] - Object: 'Object Repository/OCS-DESKTOP/Cart flyout/English dropdown' is clicked on

2019-07-23 18:15:00 - [TEST_STEP][PASSED] - delay(2): Delayed 2 second(s)

2019-07-23 18:15:02 - [MESSAGE][PASSED] - Delayed 2 second(s)

2019-07-23 18:15:02 - [TEST_STEP][PASSED] - click(findTestObject("OCS-DESKTOP/Cart flyout/Select French")): Object: 'Object Repository/OCS-DESKTOP/Cart flyout/Select French' is clicked on

2019-07-23 18:15:02 - [MESSAGE][PASSED] - Object: 'Object Repository/OCS-DESKTOP/Cart flyout/Select French' is clicked on

2019-07-23 18:15:02 - [TEST_STEP][PASSED] - delay(5): Delayed 5 second(s)

2019-07-23 18:15:07 - [MESSAGE][PASSED] - Delayed 5 second(s)

2019-07-23 18:15:07 - [TEST_STEP][PASSED] - e = getWindowTitle(): Current window's title is: 'Magasin de Cannabis de l'Ontario | Ontario Cannabis Store'

2019-07-23 18:15:07 - [MESSAGE][PASSED] - Current window's title is: 'Magasin de Cannabis de l'Ontario | Ontario Cannabis Store'

2019-07-23 18:15:07 - [MESSAGE][PASSED] - Call Test Case 'Test Cases/OCS - DESKTOP/CALL - TOGGLING LANGUAGE' successfully

2019-07-23 18:15:07 - [TEST_STEP][PASSED] - click(findTestObject("OCS-DESKTOP/Age gate and Mega menu/Header/CANNABIS menu - English")): Object: 'Object Repository/OCS-DESKTOP/Age gate and Mega menu/Header/CANNABIS menu - English' is clicked on

2019-07-23 18:15:07 - [MESSAGE][PASSED] - Object: 'Object Repository/OCS-DESKTOP/Age gate and Mega menu/Header/CANNABIS menu - English' is clicked on

2019-07-23 18:15:07 - [TEST_STEP][PASSED] - delay(2): Delayed 2 second(s)

2019-07-23 18:15:09 - [MESSAGE][PASSED] - Delayed 2 second(s)

2019-07-23 18:15:09 - [TEST_STEP][PASSED] - executeJavaScript("var previewBar = document.getElementById("preview-bar-iframe"); previewBar.style.display = "none";", []): Execute JavaScript 'var previewBar = document.getElementById("preview-bar-iframe"); previewBar.style.display = "none";' successfully

2019-07-23 18:15:09 - [MESSAGE][PASSED] - Execute JavaScript 'var previewBar = document.getElementById("preview-bar-iframe"); previewBar.style.display = "none";' successfully

2019-07-23 18:15:09 - [TEST_STEP][PASSED] - click(findTestObject("OCS-DESKTOP/Age gate and Mega menu/Indica Dominant_Menu item")): Object: 'Object Repository/OCS-DESKTOP/Age gate and Mega menu/Indica Dominant_Menu item' is clicked on

2019-07-23 18:15:11 - [MESSAGE][PASSED] - Object: 'Object Repository/OCS-DESKTOP/Age gate and Mega menu/Indica Dominant_Menu item' is clicked on

2019-07-23 18:15:11 - [TEST_STEP][PASSED] - executeJavaScript("var previewBar = document.getElementById("preview-bar-iframe"); previewBar.style.display = "none";", []): Execute JavaScript 'var previewBar = document.getElementById("preview-bar-iframe"); previewBar.style.display = "none";' successfully

2019-07-23 18:15:11 - [MESSAGE][PASSED] - Execute JavaScript 'var previewBar = document.getElementById("preview-bar-iframe"); previewBar.style.display = "none";' successfully

2019-07-23 18:15:11 - [TEST_STEP][PASSED] - delay(2): Delayed 2 second(s)

2019-07-23 18:15:13 - [MESSAGE][PASSED] - Delayed 2 second(s)

2019-07-23 18:15:13 - [TEST_STEP][PASSED] - click(findTestObject("FRENCH/Product image - 1st one")): Object: 'Object Repository/FRENCH/Product image - 1st one' is clicked on

2019-07-23 18:15:18 - [MESSAGE][PASSED] - Object: 'Object Repository/FRENCH/Product image - 1st one' is clicked on

2019-07-23 18:15:18 - [TEST_STEP][PASSED] - executeJavaScript("var previewBar = document.getElementById("preview-bar-iframe"); previewBar.style.display = "none";", []): Execute JavaScript 'var previewBar = document.getElementById("preview-bar-iframe"); previewBar.style.display = "none";' successfully

2019-07-23 18:15:18 - [MESSAGE][PASSED] - Execute JavaScript 'var previewBar = document.getElementById("preview-bar-iframe"); previewBar.style.display = "none";' successfully

2019-07-23 18:15:18 - [TEST_STEP][PASSED] - delay(1): Delayed 1 second(s)

2019-07-23 18:15:19 - [MESSAGE][PASSED] - Delayed 1 second(s)

2019-07-23 18:15:19 - [TEST_STEP][PASSED] - delay(3): Delayed 3 second(s)

2019-07-23 18:15:22 - [MESSAGE][PASSED] - Delayed 3 second(s)

2019-07-23 18:15:22 - [TEST_STEP][PASSED] - click(findTestObject("OCS-DESKTOP/Product page/Swatch_1g")): Object: 'Object Repository/OCS-DESKTOP/Product page/Swatch_1g' is clicked on

2019-07-23 18:15:22 - [MESSAGE][PASSED] - Object: 'Object Repository/OCS-DESKTOP/Product page/Swatch_1g' is clicked on

2019-07-23 18:15:22 - [TEST_STEP][PASSED] - delay(2): Delayed 2 second(s)

2019-07-23 18:15:24 - [MESSAGE][PASSED] - Delayed 2 second(s)

2019-07-23 18:15:24 - [TEST_STEP][PASSED] - click(findTestObject("OCS-DESKTOP/Product page/Add to Bag-button")): Object: 'Object Repository/OCS-DESKTOP/Product page/Add to Bag-button' is clicked on

2019-07-23 18:15:24 - [MESSAGE][PASSED] - Object: 'Object Repository/OCS-DESKTOP/Product page/Add to Bag-button' is clicked on

2019-07-23 18:15:24 - [TEST_STEP][PASSED] - delay(1): Delayed 1 second(s)

2019-07-23 18:15:25 - [MESSAGE][PASSED] - Delayed 1 second(s)

2019-07-23 18:15:25 - [TEST_STEP][PASSED] - click(findTestObject("OCS-DESKTOP/Home - page/view my bag - cart dropdown"), OPTIONAL): Object: 'Object Repository/OCS-DESKTOP/Home - page/view my bag - cart dropdown' is clicked on

2019-07-23 18:15:25 - [MESSAGE][PASSED] - Object: 'Object Repository/OCS-DESKTOP/Home - page/view my bag - cart dropdown' is clicked on

2019-07-23 18:15:25 - [TEST_STEP][PASSED] - delay(1): Delayed 1 second(s)

2019-07-23 18:15:26 - [MESSAGE][PASSED] - Delayed 1 second(s)

2019-07-23 18:15:26 - [TEST_STEP][PASSED] - mouseOver(findTestObject("OCS-DESKTOP/Cart flyout/tool tip - TOP")): Object: 'Object Repository/OCS-DESKTOP/Cart flyout/tool tip - TOP' is hovered

2019-07-23 18:15:26 - [MESSAGE][PASSED] - Object: 'Object Repository/OCS-DESKTOP/Cart flyout/tool tip - TOP' is hovered

2019-07-23 18:15:26 - [TEST_STEP][PASSED] - delay(3): Delayed 3 second(s)

2019-07-23 18:15:29 - [MESSAGE][PASSED] - Delayed 3 second(s)

2019-07-23 18:15:29 - [TEST_STEP][PASSED] - delay(2): Delayed 2 second(s)

2019-07-23 18:15:31 - [MESSAGE][PASSED] - Delayed 2 second(s)

2019-07-23 18:15:31 - [TEST_STEP][PASSED] - mouseOver(findTestObject("OCS-DESKTOP/Cart flyout/tool tip -DOWN")): Object: 'Object Repository/OCS-DESKTOP/Cart flyout/tool tip -DOWN' is hovered

2019-07-23 18:15:31 - [MESSAGE][PASSED] - Object: 'Object Repository/OCS-DESKTOP/Cart flyout/tool tip -DOWN' is hovered]]></system-out>
         <system-err><![CDATA[]]></system-err>
      </testcase>
      <testcase name="Test Cases/OCS - DESKTOP/OCS- CRITICAL PATH - FRENCH/Checkout - Customer info page - fr" classname="Test Cases/OCS - DESKTOP/OCS- CRITICAL PATH - FRENCH/Checkout - Customer info page - fr" status="FAILED">
         <failure type="FAILED" message="Test Cases/OCS - DESKTOP/OCS- CRITICAL PATH - FRENCH/Checkout - Customer info page - fr FAILED.
Reason:
com.kms.katalon.core.exception.StepFailedException: Unable to click on object 'Object Repository/OCS-DESKTOP/Home - page/view my bag - cart dropdown' (Root cause: org.openqa.selenium.ElementNotVisibleException: element not interactable
  (Session info: chrome=75.0.3770.142)
  (Driver info: chromedriver=2.43.600229 (3fae4d0cda5334b4f533bede5a4787f7b832d052),platform=Mac OS X 10.13.6 x86_64) (WARNING: The server did not provide any stacktrace information)
Command duration or timeout: 0 milliseconds
Build info: version: '3.7.1', revision: '8a0099a', time: '2017-11-06T21:07:36.161Z'
System info: host: 'sumans-MacBook-Pro.local', ip: 'fe80:0:0:0:1c1a:e441:9b49:e629%en0', os.name: 'Mac OS X', os.arch: 'x86_64', os.version: '10.13.6', java.version: '1.8.0_181'
Driver info: com.kms.katalon.selenium.driver.CChromeDriver
Capabilities {acceptInsecureCerts: false, acceptSslCerts: false, applicationCacheEnabled: false, browserConnectionEnabled: false, browserName: chrome, chrome: {chromedriverVersion: 2.43.600229 (3fae4d0cda5334..., userDataDir: /var/folders/1t/c55l8xzs6gq...}, cssSelectorsEnabled: true, databaseEnabled: false, goog:chromeOptions: {debuggerAddress: localhost:61765}, handlesAlerts: true, hasTouchScreen: false, javascriptEnabled: true, locationContextEnabled: true, mobileEmulationEnabled: false, nativeEvents: true, networkConnectionEnabled: false, pageLoadStrategy: normal, platform: MAC, platformName: MAC, rotatable: false, setWindowRect: true, takesHeapSnapshot: true, takesScreenshot: true, unexpectedAlertBehaviour: , unhandledPromptBehavior: , version: 75.0.3770.142, webStorageEnabled: true}
Session ID: 6ddce5c7f15c38726667e4cc03c49989)
	at com.kms.katalon.core.keyword.internal.KeywordMain.stepFailed(KeywordMain.groovy:36)
	at com.kms.katalon.core.webui.keyword.internal.WebUIKeywordMain.stepFailed(WebUIKeywordMain.groovy:65)
	at com.kms.katalon.core.webui.keyword.internal.WebUIKeywordMain.runKeyword(WebUIKeywordMain.groovy:27)
	at com.kms.katalon.core.webui.keyword.builtin.ClickKeyword.click(ClickKeyword.groovy:86)
	at com.kms.katalon.core.webui.keyword.builtin.ClickKeyword.execute(ClickKeyword.groovy:67)
	at com.kms.katalon.core.keyword.internal.KeywordExecutor.executeKeywordForPlatform(KeywordExecutor.groovy:53)
	at com.kms.katalon.core.webui.keyword.WebUiBuiltInKeywords.click(WebUiBuiltInKeywords.groovy:616)
	at com.kms.katalon.core.webui.keyword.WebUiBuiltInKeywords$click$4.call(Unknown Source)
	at Checkout - Customer info page - fr.run(Checkout - Customer info page - fr:55)
	at com.kms.katalon.core.main.ScriptEngine.run(ScriptEngine.java:194)
	at com.kms.katalon.core.main.ScriptEngine.runScriptAsRawText(ScriptEngine.java:119)
	at com.kms.katalon.core.main.TestCaseExecutor.runScript(TestCaseExecutor.java:328)
	at com.kms.katalon.core.main.TestCaseExecutor.doExecute(TestCaseExecutor.java:319)
	at com.kms.katalon.core.main.TestCaseExecutor.processExecutionPhase(TestCaseExecutor.java:298)
	at com.kms.katalon.core.main.TestCaseExecutor.accessMainPhase(TestCaseExecutor.java:290)
	at com.kms.katalon.core.main.TestCaseExecutor.execute(TestCaseExecutor.java:224)
	at com.kms.katalon.core.main.TestSuiteExecutor.accessTestCaseMainPhase(TestSuiteExecutor.java:129)
	at com.kms.katalon.core.main.TestSuiteExecutor.accessTestSuiteMainPhase(TestSuiteExecutor.java:112)
	at com.kms.katalon.core.main.TestSuiteExecutor.execute(TestSuiteExecutor.java:81)
	at com.kms.katalon.core.main.TestCaseMain.startTestSuite(TestCaseMain.java:149)
	at com.kms.katalon.core.main.TestCaseMain$startTestSuite$0.call(Unknown Source)
	at TempTestSuite1563918963353.run(TempTestSuite1563918963353.groovy:36)
"/>
         <system-out><![CDATA[2019-07-23 18:15:31 - [TEST_CASE][FAILED] - Test Cases/OCS - DESKTOP/OCS- CRITICAL PATH - FRENCH/Checkout - Customer info page - fr: Test Cases/OCS - DESKTOP/OCS- CRITICAL PATH - FRENCH/Checkout - Customer info page - fr FAILED.
Reason:
com.kms.katalon.core.exception.StepFailedException: Unable to click on object 'Object Repository/OCS-DESKTOP/Home - page/view my bag - cart dropdown' (Root cause: org.openqa.selenium.ElementNotVisibleException: element not interactable
  (Session info: chrome=75.0.3770.142)
  (Driver info: chromedriver=2.43.600229 (3fae4d0cda5334b4f533bede5a4787f7b832d052),platform=Mac OS X 10.13.6 x86_64) (WARNING: The server did not provide any stacktrace information)
Command duration or timeout: 0 milliseconds
Build info: version: '3.7.1', revision: '8a0099a', time: '2017-11-06T21:07:36.161Z'
System info: host: 'sumans-MacBook-Pro.local', ip: 'fe80:0:0:0:1c1a:e441:9b49:e629%en0', os.name: 'Mac OS X', os.arch: 'x86_64', os.version: '10.13.6', java.version: '1.8.0_181'
Driver info: com.kms.katalon.selenium.driver.CChromeDriver
Capabilities {acceptInsecureCerts: false, acceptSslCerts: false, applicationCacheEnabled: false, browserConnectionEnabled: false, browserName: chrome, chrome: {chromedriverVersion: 2.43.600229 (3fae4d0cda5334..., userDataDir: /var/folders/1t/c55l8xzs6gq...}, cssSelectorsEnabled: true, databaseEnabled: false, goog:chromeOptions: {debuggerAddress: localhost:61765}, handlesAlerts: true, hasTouchScreen: false, javascriptEnabled: true, locationContextEnabled: true, mobileEmulationEnabled: false, nativeEvents: true, networkConnectionEnabled: false, pageLoadStrategy: normal, platform: MAC, platformName: MAC, rotatable: false, setWindowRect: true, takesHeapSnapshot: true, takesScreenshot: true, unexpectedAlertBehaviour: , unhandledPromptBehavior: , version: 75.0.3770.142, webStorageEnabled: true}
Session ID: 6ddce5c7f15c38726667e4cc03c49989)
	at com.kms.katalon.core.keyword.internal.KeywordMain.stepFailed(KeywordMain.groovy:36)
	at com.kms.katalon.core.webui.keyword.internal.WebUIKeywordMain.stepFailed(WebUIKeywordMain.groovy:65)
	at com.kms.katalon.core.webui.keyword.internal.WebUIKeywordMain.runKeyword(WebUIKeywordMain.groovy:27)
	at com.kms.katalon.core.webui.keyword.builtin.ClickKeyword.click(ClickKeyword.groovy:86)
	at com.kms.katalon.core.webui.keyword.builtin.ClickKeyword.execute(ClickKeyword.groovy:67)
	at com.kms.katalon.core.keyword.internal.KeywordExecutor.executeKeywordForPlatform(KeywordExecutor.groovy:53)
	at com.kms.katalon.core.webui.keyword.WebUiBuiltInKeywords.click(WebUiBuiltInKeywords.groovy:616)
	at com.kms.katalon.core.webui.keyword.WebUiBuiltInKeywords$click$4.call(Unknown Source)
	at Checkout - Customer info page - fr.run(Checkout - Customer info page - fr:55)
	at com.kms.katalon.core.main.ScriptEngine.run(ScriptEngine.java:194)
	at com.kms.katalon.core.main.ScriptEngine.runScriptAsRawText(ScriptEngine.java:119)
	at com.kms.katalon.core.main.TestCaseExecutor.runScript(TestCaseExecutor.java:328)
	at com.kms.katalon.core.main.TestCaseExecutor.doExecute(TestCaseExecutor.java:319)
	at com.kms.katalon.core.main.TestCaseExecutor.processExecutionPhase(TestCaseExecutor.java:298)
	at com.kms.katalon.core.main.TestCaseExecutor.accessMainPhase(TestCaseExecutor.java:290)
	at com.kms.katalon.core.main.TestCaseExecutor.execute(TestCaseExecutor.java:224)
	at com.kms.katalon.core.main.TestSuiteExecutor.accessTestCaseMainPhase(TestSuiteExecutor.java:129)
	at com.kms.katalon.core.main.TestSuiteExecutor.accessTestSuiteMainPhase(TestSuiteExecutor.java:112)
	at com.kms.katalon.core.main.TestSuiteExecutor.execute(TestSuiteExecutor.java:81)
	at com.kms.katalon.core.main.TestCaseMain.startTestSuite(TestCaseMain.java:149)
	at com.kms.katalon.core.main.TestCaseMain$startTestSuite$0.call(Unknown Source)
	at TempTestSuite1563918963353.run(TempTestSuite1563918963353.groovy:36)


2019-07-23 18:15:31 - [TEST_STEP][PASSED] - callTestCase(findTestCase("OCS - DESKTOP/CALL- Age gate"), [:], STOP_ON_FAILURE): Call Test Case 'Test Cases/OCS - DESKTOP/CALL- Age gate' successfully

2019-07-23 18:15:31 - [TEST_CASE][PASSED] - Test Cases/OCS - DESKTOP/CALL- Age gate: Test Cases/OCS - DESKTOP/CALL- Age gate

2019-07-23 18:15:31 - [TEST_STEP][PASSED] - openBrowser(""): Browser is opened with url: ''

2019-07-23 18:15:31 - [MESSAGE][WARNING] - A browser is already opened. Closing browser and opening a new one

2019-07-23 18:15:32 - [MESSAGE][INFO] - Starting 'Chrome' driver

2019-07-23 18:15:33 - [MESSAGE][PASSED] - Browser is opened with url: ''

2019-07-23 18:15:33 - [TEST_STEP][PASSED] - navigateToUrl("https://ocs.ca/?fts=0&preview_theme_id=74209363788"): Navigate to 'https://ocs.ca/?fts=0&preview_theme_id=74209363788' successfully

2019-07-23 18:15:37 - [MESSAGE][PASSED] - Navigate to 'https://ocs.ca/?fts=0&preview_theme_id=74209363788' successfully

2019-07-23 18:15:37 - [TEST_STEP][PASSED] - maximizeWindow(): Current window maximized

2019-07-23 18:15:37 - [MESSAGE][PASSED] - Current window maximized

2019-07-23 18:15:37 - [TEST_STEP][PASSED] - delay(2): Delayed 2 second(s)

2019-07-23 18:15:39 - [MESSAGE][PASSED] - Delayed 2 second(s)

2019-07-23 18:15:39 - [TEST_STEP][PASSED] - executeJavaScript("var previewBar = document.getElementById("preview-bar-iframe"); previewBar.style.display = "none";", []): Execute JavaScript 'var previewBar = document.getElementById("preview-bar-iframe"); previewBar.style.display = "none";' successfully

2019-07-23 18:15:39 - [MESSAGE][PASSED] - Execute JavaScript 'var previewBar = document.getElementById("preview-bar-iframe"); previewBar.style.display = "none";' successfully

2019-07-23 18:15:39 - [TEST_STEP][PASSED] - selectOptionByValue(findTestObject("OCS-DESKTOP/Age gate and Mega menu/Date"), "12", true): All options with value '12' are selected in object 'Object Repository/OCS-DESKTOP/Age gate and Mega menu/Date'  using regular expression

2019-07-23 18:15:40 - [MESSAGE][PASSED] - All options with value '12' are selected in object 'Object Repository/OCS-DESKTOP/Age gate and Mega menu/Date'  using regular expression

2019-07-23 18:15:40 - [TEST_STEP][PASSED] - selectOptionByValue(findTestObject("OCS-DESKTOP/Age gate and Mega menu/month"), "6", true): All options with value '6' are selected in object 'Object Repository/OCS-DESKTOP/Age gate and Mega menu/month'  using regular expression

2019-07-23 18:15:40 - [MESSAGE][PASSED] - All options with value '6' are selected in object 'Object Repository/OCS-DESKTOP/Age gate and Mega menu/month'  using regular expression

2019-07-23 18:15:40 - [TEST_STEP][PASSED] - delay(2): Delayed 2 second(s)

2019-07-23 18:15:42 - [MESSAGE][PASSED] - Delayed 2 second(s)

2019-07-23 18:15:42 - [TEST_STEP][PASSED] - selectOptionByValue(findTestObject("OCS-DESKTOP/Age gate and Mega menu/Year Dropdown"), "1990", true): All options with value '1990' are selected in object 'Object Repository/OCS-DESKTOP/Age gate and Mega menu/Year Dropdown'  using regular expression

2019-07-23 18:15:43 - [MESSAGE][PASSED] - All options with value '1990' are selected in object 'Object Repository/OCS-DESKTOP/Age gate and Mega menu/Year Dropdown'  using regular expression

2019-07-23 18:15:43 - [TEST_STEP][PASSED] - click(findTestObject("OCS-DESKTOP/Age gate and Mega menu/button_Verify")): Object: 'Object Repository/OCS-DESKTOP/Age gate and Mega menu/button_Verify' is clicked on

2019-07-23 18:15:43 - [MESSAGE][PASSED] - Object: 'Object Repository/OCS-DESKTOP/Age gate and Mega menu/button_Verify' is clicked on

2019-07-23 18:15:43 - [TEST_STEP][PASSED] - click(findTestObject("OCS-DESKTOP/Age gate and Mega menu/Checkbox_CONFIRM AND ACKNOWLEDGE")): Object: 'Object Repository/OCS-DESKTOP/Age gate and Mega menu/Checkbox_CONFIRM AND ACKNOWLEDGE' is clicked on

2019-07-23 18:15:43 - [MESSAGE][PASSED] - Object: 'Object Repository/OCS-DESKTOP/Age gate and Mega menu/Checkbox_CONFIRM AND ACKNOWLEDGE' is clicked on

2019-07-23 18:15:43 - [TEST_STEP][PASSED] - click(findTestObject("OCS-DESKTOP/Age gate and Mega menu/button_CONFIRM")): Object: 'Object Repository/OCS-DESKTOP/Age gate and Mega menu/button_CONFIRM' is clicked on

2019-07-23 18:15:43 - [MESSAGE][PASSED] - Object: 'Object Repository/OCS-DESKTOP/Age gate and Mega menu/button_CONFIRM' is clicked on

2019-07-23 18:15:43 - [TEST_STEP][PASSED] - click(findTestObject("OCS-DESKTOP/Age gate and Mega menu/button_Start Browsing")): Object: 'Object Repository/OCS-DESKTOP/Age gate and Mega menu/button_Start Browsing' is clicked on

2019-07-23 18:15:44 - [MESSAGE][PASSED] - Object: 'Object Repository/OCS-DESKTOP/Age gate and Mega menu/button_Start Browsing' is clicked on

2019-07-23 18:15:44 - [TEST_STEP][PASSED] - delay(2): Delayed 2 second(s)

2019-07-23 18:15:46 - [MESSAGE][PASSED] - Delayed 2 second(s)

2019-07-23 18:15:46 - [TEST_STEP][PASSED] - refresh(): Refresh successfully

2019-07-23 18:15:46 - [MESSAGE][PASSED] - Refresh successfully

2019-07-23 18:15:46 - [MESSAGE][PASSED] - Call Test Case 'Test Cases/OCS - DESKTOP/CALL- Age gate' successfully

2019-07-23 18:15:46 - [TEST_STEP][PASSED] - delay(2): Delayed 2 second(s)

2019-07-23 18:15:48 - [MESSAGE][PASSED] - Delayed 2 second(s)

2019-07-23 18:15:48 - [TEST_STEP][PASSED] - callTestCase(findTestCase("OCS - DESKTOP/CALL - TOGGLING LANGUAGE"), [:], STOP_ON_FAILURE): Call Test Case 'Test Cases/OCS - DESKTOP/CALL - TOGGLING LANGUAGE' successfully

2019-07-23 18:15:48 - [TEST_CASE][PASSED] - Test Cases/OCS - DESKTOP/CALL - TOGGLING LANGUAGE: Test Cases/OCS - DESKTOP/CALL - TOGGLING LANGUAGE

2019-07-23 18:15:48 - [TEST_STEP][PASSED] - delay(2): Delayed 2 second(s)

2019-07-23 18:15:50 - [MESSAGE][PASSED] - Delayed 2 second(s)

2019-07-23 18:15:50 - [TEST_STEP][PASSED] - click(findTestObject("OCS-DESKTOP/Cart flyout/English dropdown")): Object: 'Object Repository/OCS-DESKTOP/Cart flyout/English dropdown' is clicked on

2019-07-23 18:15:50 - [MESSAGE][PASSED] - Object: 'Object Repository/OCS-DESKTOP/Cart flyout/English dropdown' is clicked on

2019-07-23 18:15:50 - [TEST_STEP][PASSED] - delay(2): Delayed 2 second(s)

2019-07-23 18:15:52 - [MESSAGE][PASSED] - Delayed 2 second(s)

2019-07-23 18:15:52 - [TEST_STEP][PASSED] - click(findTestObject("OCS-DESKTOP/Cart flyout/Select French")): Object: 'Object Repository/OCS-DESKTOP/Cart flyout/Select French' is clicked on

2019-07-23 18:15:52 - [MESSAGE][PASSED] - Object: 'Object Repository/OCS-DESKTOP/Cart flyout/Select French' is clicked on

2019-07-23 18:15:52 - [TEST_STEP][PASSED] - delay(5): Delayed 5 second(s)

2019-07-23 18:15:57 - [MESSAGE][PASSED] - Delayed 5 second(s)

2019-07-23 18:15:57 - [TEST_STEP][PASSED] - e = getWindowTitle(): Current window's title is: 'Magasin de Cannabis de l'Ontario | Ontario Cannabis Store'

2019-07-23 18:15:58 - [MESSAGE][PASSED] - Current window's title is: 'Magasin de Cannabis de l'Ontario | Ontario Cannabis Store'

2019-07-23 18:15:58 - [MESSAGE][PASSED] - Call Test Case 'Test Cases/OCS - DESKTOP/CALL - TOGGLING LANGUAGE' successfully

2019-07-23 18:15:58 - [TEST_STEP][PASSED] - click(findTestObject("OCS-DESKTOP/Age gate and Mega menu/Header/CANNABIS menu - English")): Object: 'Object Repository/OCS-DESKTOP/Age gate and Mega menu/Header/CANNABIS menu - English' is clicked on

2019-07-23 18:15:58 - [MESSAGE][PASSED] - Object: 'Object Repository/OCS-DESKTOP/Age gate and Mega menu/Header/CANNABIS menu - English' is clicked on

2019-07-23 18:15:58 - [TEST_STEP][PASSED] - delay(2): Delayed 2 second(s)

2019-07-23 18:16:00 - [MESSAGE][PASSED] - Delayed 2 second(s)

2019-07-23 18:16:00 - [TEST_STEP][PASSED] - executeJavaScript("var previewBar = document.getElementById("preview-bar-iframe"); previewBar.style.display = "none";", []): Execute JavaScript 'var previewBar = document.getElementById("preview-bar-iframe"); previewBar.style.display = "none";' successfully

2019-07-23 18:16:00 - [MESSAGE][PASSED] - Execute JavaScript 'var previewBar = document.getElementById("preview-bar-iframe"); previewBar.style.display = "none";' successfully

2019-07-23 18:16:00 - [TEST_STEP][PASSED] - click(findTestObject("OCS-DESKTOP/Age gate and Mega menu/Indica Dominant_Menu item")): Object: 'Object Repository/OCS-DESKTOP/Age gate and Mega menu/Indica Dominant_Menu item' is clicked on

2019-07-23 18:16:02 - [MESSAGE][PASSED] - Object: 'Object Repository/OCS-DESKTOP/Age gate and Mega menu/Indica Dominant_Menu item' is clicked on

2019-07-23 18:16:02 - [TEST_STEP][PASSED] - executeJavaScript("var previewBar = document.getElementById("preview-bar-iframe"); previewBar.style.display = "none";", []): Execute JavaScript 'var previewBar = document.getElementById("preview-bar-iframe"); previewBar.style.display = "none";' successfully

2019-07-23 18:16:02 - [MESSAGE][PASSED] - Execute JavaScript 'var previewBar = document.getElementById("preview-bar-iframe"); previewBar.style.display = "none";' successfully

2019-07-23 18:16:02 - [TEST_STEP][PASSED] - delay(2): Delayed 2 second(s)

2019-07-23 18:16:04 - [MESSAGE][PASSED] - Delayed 2 second(s)

2019-07-23 18:16:04 - [TEST_STEP][PASSED] - click(findTestObject("FRENCH/Product image - 1st one")): Object: 'Object Repository/FRENCH/Product image - 1st one' is clicked on

2019-07-23 18:16:08 - [MESSAGE][PASSED] - Object: 'Object Repository/FRENCH/Product image - 1st one' is clicked on

2019-07-23 18:16:08 - [TEST_STEP][PASSED] - executeJavaScript("var previewBar = document.getElementById("preview-bar-iframe"); previewBar.style.display = "none";", []): Execute JavaScript 'var previewBar = document.getElementById("preview-bar-iframe"); previewBar.style.display = "none";' successfully

2019-07-23 18:16:08 - [MESSAGE][PASSED] - Execute JavaScript 'var previewBar = document.getElementById("preview-bar-iframe"); previewBar.style.display = "none";' successfully

2019-07-23 18:16:08 - [TEST_STEP][PASSED] - delay(1): Delayed 1 second(s)

2019-07-23 18:16:09 - [MESSAGE][PASSED] - Delayed 1 second(s)

2019-07-23 18:16:09 - [TEST_STEP][PASSED] - delay(3): Delayed 3 second(s)

2019-07-23 18:16:12 - [MESSAGE][PASSED] - Delayed 3 second(s)

2019-07-23 18:16:12 - [TEST_STEP][PASSED] - click(findTestObject("OCS-DESKTOP/Product page/Swatch_1g")): Object: 'Object Repository/OCS-DESKTOP/Product page/Swatch_1g' is clicked on

2019-07-23 18:16:17 - [MESSAGE][PASSED] - Object: 'Object Repository/OCS-DESKTOP/Product page/Swatch_1g' is clicked on

2019-07-23 18:16:17 - [TEST_STEP][PASSED] - delay(2): Delayed 2 second(s)

2019-07-23 18:16:19 - [MESSAGE][PASSED] - Delayed 2 second(s)

2019-07-23 18:16:19 - [TEST_STEP][PASSED] - delay(2): Delayed 2 second(s)

2019-07-23 18:16:21 - [MESSAGE][PASSED] - Delayed 2 second(s)

2019-07-23 18:16:21 - [TEST_STEP][PASSED] - click(findTestObject("OCS-DESKTOP/Product page/Add to Bag-button")): Object: 'Object Repository/OCS-DESKTOP/Product page/Add to Bag-button' is clicked on

2019-07-23 18:16:27 - [MESSAGE][PASSED] - Object: 'Object Repository/OCS-DESKTOP/Product page/Add to Bag-button' is clicked on

2019-07-23 18:16:27 - [TEST_STEP][PASSED] - delay(1): Delayed 1 second(s)

2019-07-23 18:16:28 - [MESSAGE][PASSED] - Delayed 1 second(s)

2019-07-23 18:16:28 - [TEST_STEP][FAILED] - click(findTestObject("OCS-DESKTOP/Home - page/view my bag - cart dropdown")): click(findTestObject("OCS-DESKTOP/Home - page/view my bag - cart dropdown")) FAILED.
Reason:
com.kms.katalon.core.exception.StepFailedException: Unable to click on object 'Object Repository/OCS-DESKTOP/Home - page/view my bag - cart dropdown' (Root cause: org.openqa.selenium.ElementNotVisibleException: element not interactable
  (Session info: chrome=75.0.3770.142)
  (Driver info: chromedriver=2.43.600229 (3fae4d0cda5334b4f533bede5a4787f7b832d052),platform=Mac OS X 10.13.6 x86_64) (WARNING: The server did not provide any stacktrace information)
Command duration or timeout: 0 milliseconds
Build info: version: '3.7.1', revision: '8a0099a', time: '2017-11-06T21:07:36.161Z'
System info: host: 'sumans-MacBook-Pro.local', ip: 'fe80:0:0:0:1c1a:e441:9b49:e629%en0', os.name: 'Mac OS X', os.arch: 'x86_64', os.version: '10.13.6', java.version: '1.8.0_181'
Driver info: com.kms.katalon.selenium.driver.CChromeDriver
Capabilities {acceptInsecureCerts: false, acceptSslCerts: false, applicationCacheEnabled: false, browserConnectionEnabled: false, browserName: chrome, chrome: {chromedriverVersion: 2.43.600229 (3fae4d0cda5334..., userDataDir: /var/folders/1t/c55l8xzs6gq...}, cssSelectorsEnabled: true, databaseEnabled: false, goog:chromeOptions: {debuggerAddress: localhost:61765}, handlesAlerts: true, hasTouchScreen: false, javascriptEnabled: true, locationContextEnabled: true, mobileEmulationEnabled: false, nativeEvents: true, networkConnectionEnabled: false, pageLoadStrategy: normal, platform: MAC, platformName: MAC, rotatable: false, setWindowRect: true, takesHeapSnapshot: true, takesScreenshot: true, unexpectedAlertBehaviour: , unhandledPromptBehavior: , version: 75.0.3770.142, webStorageEnabled: true}
Session ID: 6ddce5c7f15c38726667e4cc03c49989)
	at com.kms.katalon.core.keyword.internal.KeywordMain.stepFailed(KeywordMain.groovy:36)
	at com.kms.katalon.core.webui.keyword.internal.WebUIKeywordMain.stepFailed(WebUIKeywordMain.groovy:65)
	at com.kms.katalon.core.webui.keyword.internal.WebUIKeywordMain.runKeyword(WebUIKeywordMain.groovy:27)
	at com.kms.katalon.core.webui.keyword.builtin.ClickKeyword.click(ClickKeyword.groovy:86)
	at com.kms.katalon.core.webui.keyword.builtin.ClickKeyword.execute(ClickKeyword.groovy:67)
	at com.kms.katalon.core.keyword.internal.KeywordExecutor.executeKeywordForPlatform(KeywordExecutor.groovy:53)
	at com.kms.katalon.core.webui.keyword.WebUiBuiltInKeywords.click(WebUiBuiltInKeywords.groovy:616)
	at com.kms.katalon.core.webui.keyword.WebUiBuiltInKeywords$click$4.call(Unknown Source)
	at Checkout - Customer info page - fr.run(Checkout - Customer info page - fr:55)
	at com.kms.katalon.core.main.ScriptEngine.run(ScriptEngine.java:194)
	at com.kms.katalon.core.main.ScriptEngine.runScriptAsRawText(ScriptEngine.java:119)
	at com.kms.katalon.core.main.TestCaseExecutor.runScript(TestCaseExecutor.java:328)
	at com.kms.katalon.core.main.TestCaseExecutor.doExecute(TestCaseExecutor.java:319)
	at com.kms.katalon.core.main.TestCaseExecutor.processExecutionPhase(TestCaseExecutor.java:298)
	at com.kms.katalon.core.main.TestCaseExecutor.accessMainPhase(TestCaseExecutor.java:290)
	at com.kms.katalon.core.main.TestCaseExecutor.execute(TestCaseExecutor.java:224)
	at com.kms.katalon.core.main.TestSuiteExecutor.accessTestCaseMainPhase(TestSuiteExecutor.java:129)
	at com.kms.katalon.core.main.TestSuiteExecutor.accessTestSuiteMainPhase(TestSuiteExecutor.java:112)
	at com.kms.katalon.core.main.TestSuiteExecutor.execute(TestSuiteExecutor.java:81)
	at com.kms.katalon.core.main.TestCaseMain.startTestSuite(TestCaseMain.java:149)
	at com.kms.katalon.core.main.TestCaseMain$startTestSuite$0.call(Unknown Source)
	at TempTestSuite1563918963353.run(TempTestSuite1563918963353.groovy:36)


2019-07-23 18:17:28 - [MESSAGE][WARNING] - Cannot take screenshot

2019-07-23 18:17:28 - [MESSAGE][FAILED] - Unable to click on object 'Object Repository/OCS-DESKTOP/Home - page/view my bag - cart dropdown' (Root cause: org.openqa.selenium.ElementNotVisibleException: element not interactable
  (Session info: chrome=75.0.3770.142)
  (Driver info: chromedriver=2.43.600229 (3fae4d0cda5334b4f533bede5a4787f7b832d052),platform=Mac OS X 10.13.6 x86_64) (WARNING: The server did not provide any stacktrace information)
Command duration or timeout: 0 milliseconds
Build info: version: '3.7.1', revision: '8a0099a', time: '2017-11-06T21:07:36.161Z'
System info: host: 'sumans-MacBook-Pro.local', ip: 'fe80:0:0:0:1c1a:e441:9b49:e629%en0', os.name: 'Mac OS X', os.arch: 'x86_64', os.version: '10.13.6', java.version: '1.8.0_181'
Driver info: com.kms.katalon.selenium.driver.CChromeDriver
Capabilities {acceptInsecureCerts: false, acceptSslCerts: false, applicationCacheEnabled: false, browserConnectionEnabled: false, browserName: chrome, chrome: {chromedriverVersion: 2.43.600229 (3fae4d0cda5334..., userDataDir: /var/folders/1t/c55l8xzs6gq...}, cssSelectorsEnabled: true, databaseEnabled: false, goog:chromeOptions: {debuggerAddress: localhost:61765}, handlesAlerts: true, hasTouchScreen: false, javascriptEnabled: true, locationContextEnabled: true, mobileEmulationEnabled: false, nativeEvents: true, networkConnectionEnabled: false, pageLoadStrategy: normal, platform: MAC, platformName: MAC, rotatable: false, setWindowRect: true, takesHeapSnapshot: true, takesScreenshot: true, unexpectedAlertBehaviour: , unhandledPromptBehavior: , version: 75.0.3770.142, webStorageEnabled: true}
Session ID: 6ddce5c7f15c38726667e4cc03c49989)

2019-07-23 18:17:28 - [MESSAGE][FAILED] - click(findTestObject("OCS-DESKTOP/Home - page/view my bag - cart dropdown")) FAILED.
Reason:
com.kms.katalon.core.exception.StepFailedException: Unable to click on object 'Object Repository/OCS-DESKTOP/Home - page/view my bag - cart dropdown' (Root cause: org.openqa.selenium.ElementNotVisibleException: element not interactable
  (Session info: chrome=75.0.3770.142)
  (Driver info: chromedriver=2.43.600229 (3fae4d0cda5334b4f533bede5a4787f7b832d052),platform=Mac OS X 10.13.6 x86_64) (WARNING: The server did not provide any stacktrace information)
Command duration or timeout: 0 milliseconds
Build info: version: '3.7.1', revision: '8a0099a', time: '2017-11-06T21:07:36.161Z'
System info: host: 'sumans-MacBook-Pro.local', ip: 'fe80:0:0:0:1c1a:e441:9b49:e629%en0', os.name: 'Mac OS X', os.arch: 'x86_64', os.version: '10.13.6', java.version: '1.8.0_181'
Driver info: com.kms.katalon.selenium.driver.CChromeDriver
Capabilities {acceptInsecureCerts: false, acceptSslCerts: false, applicationCacheEnabled: false, browserConnectionEnabled: false, browserName: chrome, chrome: {chromedriverVersion: 2.43.600229 (3fae4d0cda5334..., userDataDir: /var/folders/1t/c55l8xzs6gq...}, cssSelectorsEnabled: true, databaseEnabled: false, goog:chromeOptions: {debuggerAddress: localhost:61765}, handlesAlerts: true, hasTouchScreen: false, javascriptEnabled: true, locationContextEnabled: true, mobileEmulationEnabled: false, nativeEvents: true, networkConnectionEnabled: false, pageLoadStrategy: normal, platform: MAC, platformName: MAC, rotatable: false, setWindowRect: true, takesHeapSnapshot: true, takesScreenshot: true, unexpectedAlertBehaviour: , unhandledPromptBehavior: , version: 75.0.3770.142, webStorageEnabled: true}
Session ID: 6ddce5c7f15c38726667e4cc03c49989)
	at com.kms.katalon.core.keyword.internal.KeywordMain.stepFailed(KeywordMain.groovy:36)
	at com.kms.katalon.core.webui.keyword.internal.WebUIKeywordMain.stepFailed(WebUIKeywordMain.groovy:65)
	at com.kms.katalon.core.webui.keyword.internal.WebUIKeywordMain.runKeyword(WebUIKeywordMain.groovy:27)
	at com.kms.katalon.core.webui.keyword.builtin.ClickKeyword.click(ClickKeyword.groovy:86)
	at com.kms.katalon.core.webui.keyword.builtin.ClickKeyword.execute(ClickKeyword.groovy:67)
	at com.kms.katalon.core.keyword.internal.KeywordExecutor.executeKeywordForPlatform(KeywordExecutor.groovy:53)
	at com.kms.katalon.core.webui.keyword.WebUiBuiltInKeywords.click(WebUiBuiltInKeywords.groovy:616)
	at com.kms.katalon.core.webui.keyword.WebUiBuiltInKeywords$click$4.call(Unknown Source)
	at Checkout - Customer info page - fr.run(Checkout - Customer info page - fr:55)
	at com.kms.katalon.core.main.ScriptEngine.run(ScriptEngine.java:194)
	at com.kms.katalon.core.main.ScriptEngine.runScriptAsRawText(ScriptEngine.java:119)
	at com.kms.katalon.core.main.TestCaseExecutor.runScript(TestCaseExecutor.java:328)
	at com.kms.katalon.core.main.TestCaseExecutor.doExecute(TestCaseExecutor.java:319)
	at com.kms.katalon.core.main.TestCaseExecutor.processExecutionPhase(TestCaseExecutor.java:298)
	at com.kms.katalon.core.main.TestCaseExecutor.accessMainPhase(TestCaseExecutor.java:290)
	at com.kms.katalon.core.main.TestCaseExecutor.execute(TestCaseExecutor.java:224)
	at com.kms.katalon.core.main.TestSuiteExecutor.accessTestCaseMainPhase(TestSuiteExecutor.java:129)
	at com.kms.katalon.core.main.TestSuiteExecutor.accessTestSuiteMainPhase(TestSuiteExecutor.java:112)
	at com.kms.katalon.core.main.TestSuiteExecutor.execute(TestSuiteExecutor.java:81)
	at com.kms.katalon.core.main.TestCaseMain.startTestSuite(TestCaseMain.java:149)
	at com.kms.katalon.core.main.TestCaseMain$startTestSuite$0.call(Unknown Source)
	at TempTestSuite1563918963353.run(TempTestSuite1563918963353.groovy:36)]]></system-out>
         <system-err><![CDATA[2019-07-23 18:15:31 - [TEST_CASE][FAILED] - Test Cases/OCS - DESKTOP/OCS- CRITICAL PATH - FRENCH/Checkout - Customer info page - fr: Test Cases/OCS - DESKTOP/OCS- CRITICAL PATH - FRENCH/Checkout - Customer info page - fr FAILED.
Reason:
com.kms.katalon.core.exception.StepFailedException: Unable to click on object 'Object Repository/OCS-DESKTOP/Home - page/view my bag - cart dropdown' (Root cause: org.openqa.selenium.ElementNotVisibleException: element not interactable
  (Session info: chrome=75.0.3770.142)
  (Driver info: chromedriver=2.43.600229 (3fae4d0cda5334b4f533bede5a4787f7b832d052),platform=Mac OS X 10.13.6 x86_64) (WARNING: The server did not provide any stacktrace information)
Command duration or timeout: 0 milliseconds
Build info: version: '3.7.1', revision: '8a0099a', time: '2017-11-06T21:07:36.161Z'
System info: host: 'sumans-MacBook-Pro.local', ip: 'fe80:0:0:0:1c1a:e441:9b49:e629%en0', os.name: 'Mac OS X', os.arch: 'x86_64', os.version: '10.13.6', java.version: '1.8.0_181'
Driver info: com.kms.katalon.selenium.driver.CChromeDriver
Capabilities {acceptInsecureCerts: false, acceptSslCerts: false, applicationCacheEnabled: false, browserConnectionEnabled: false, browserName: chrome, chrome: {chromedriverVersion: 2.43.600229 (3fae4d0cda5334..., userDataDir: /var/folders/1t/c55l8xzs6gq...}, cssSelectorsEnabled: true, databaseEnabled: false, goog:chromeOptions: {debuggerAddress: localhost:61765}, handlesAlerts: true, hasTouchScreen: false, javascriptEnabled: true, locationContextEnabled: true, mobileEmulationEnabled: false, nativeEvents: true, networkConnectionEnabled: false, pageLoadStrategy: normal, platform: MAC, platformName: MAC, rotatable: false, setWindowRect: true, takesHeapSnapshot: true, takesScreenshot: true, unexpectedAlertBehaviour: , unhandledPromptBehavior: , version: 75.0.3770.142, webStorageEnabled: true}
Session ID: 6ddce5c7f15c38726667e4cc03c49989)
	at com.kms.katalon.core.keyword.internal.KeywordMain.stepFailed(KeywordMain.groovy:36)
	at com.kms.katalon.core.webui.keyword.internal.WebUIKeywordMain.stepFailed(WebUIKeywordMain.groovy:65)
	at com.kms.katalon.core.webui.keyword.internal.WebUIKeywordMain.runKeyword(WebUIKeywordMain.groovy:27)
	at com.kms.katalon.core.webui.keyword.builtin.ClickKeyword.click(ClickKeyword.groovy:86)
	at com.kms.katalon.core.webui.keyword.builtin.ClickKeyword.execute(ClickKeyword.groovy:67)
	at com.kms.katalon.core.keyword.internal.KeywordExecutor.executeKeywordForPlatform(KeywordExecutor.groovy:53)
	at com.kms.katalon.core.webui.keyword.WebUiBuiltInKeywords.click(WebUiBuiltInKeywords.groovy:616)
	at com.kms.katalon.core.webui.keyword.WebUiBuiltInKeywords$click$4.call(Unknown Source)
	at Checkout - Customer info page - fr.run(Checkout - Customer info page - fr:55)
	at com.kms.katalon.core.main.ScriptEngine.run(ScriptEngine.java:194)
	at com.kms.katalon.core.main.ScriptEngine.runScriptAsRawText(ScriptEngine.java:119)
	at com.kms.katalon.core.main.TestCaseExecutor.runScript(TestCaseExecutor.java:328)
	at com.kms.katalon.core.main.TestCaseExecutor.doExecute(TestCaseExecutor.java:319)
	at com.kms.katalon.core.main.TestCaseExecutor.processExecutionPhase(TestCaseExecutor.java:298)
	at com.kms.katalon.core.main.TestCaseExecutor.accessMainPhase(TestCaseExecutor.java:290)
	at com.kms.katalon.core.main.TestCaseExecutor.execute(TestCaseExecutor.java:224)
	at com.kms.katalon.core.main.TestSuiteExecutor.accessTestCaseMainPhase(TestSuiteExecutor.java:129)
	at com.kms.katalon.core.main.TestSuiteExecutor.accessTestSuiteMainPhase(TestSuiteExecutor.java:112)
	at com.kms.katalon.core.main.TestSuiteExecutor.execute(TestSuiteExecutor.java:81)
	at com.kms.katalon.core.main.TestCaseMain.startTestSuite(TestCaseMain.java:149)
	at com.kms.katalon.core.main.TestCaseMain$startTestSuite$0.call(Unknown Source)
	at TempTestSuite1563918963353.run(TempTestSuite1563918963353.groovy:36)]]></system-err>
      </testcase>
      <testcase name="Test Cases/OCS - DESKTOP/OCS- CRITICAL PATH - FRENCH/Checkout-Payment - fr" classname="Test Cases/OCS - DESKTOP/OCS- CRITICAL PATH - FRENCH/Checkout-Payment - fr" status="PASSED">
         <system-out><![CDATA[2019-07-23 18:17:28 - [TEST_CASE][PASSED] - Test Cases/OCS - DESKTOP/OCS- CRITICAL PATH - FRENCH/Checkout-Payment - fr: Test Cases/OCS - DESKTOP/OCS- CRITICAL PATH - FRENCH/Checkout-Payment - fr

2019-07-23 18:17:28 - [TEST_STEP][PASSED] - callTestCase(findTestCase("OCS - DESKTOP/CALL- Age gate"), [:], STOP_ON_FAILURE): Call Test Case 'Test Cases/OCS - DESKTOP/CALL- Age gate' successfully

2019-07-23 18:17:29 - [TEST_CASE][PASSED] - Test Cases/OCS - DESKTOP/CALL- Age gate: Test Cases/OCS - DESKTOP/CALL- Age gate

2019-07-23 18:17:29 - [TEST_STEP][PASSED] - openBrowser(""): Browser is opened with url: ''

2019-07-23 18:17:29 - [MESSAGE][WARNING] - A browser is already opened. Closing browser and opening a new one

2019-07-23 18:17:29 - [MESSAGE][INFO] - Starting 'Chrome' driver

2019-07-23 18:17:30 - [MESSAGE][PASSED] - Browser is opened with url: ''

2019-07-23 18:17:30 - [TEST_STEP][PASSED] - navigateToUrl("https://ocs.ca/?fts=0&preview_theme_id=74209363788"): Navigate to 'https://ocs.ca/?fts=0&preview_theme_id=74209363788' successfully

2019-07-23 18:17:37 - [MESSAGE][PASSED] - Navigate to 'https://ocs.ca/?fts=0&preview_theme_id=74209363788' successfully

2019-07-23 18:17:37 - [TEST_STEP][PASSED] - maximizeWindow(): Current window maximized

2019-07-23 18:17:37 - [MESSAGE][PASSED] - Current window maximized

2019-07-23 18:17:37 - [TEST_STEP][PASSED] - delay(2): Delayed 2 second(s)

2019-07-23 18:17:39 - [MESSAGE][PASSED] - Delayed 2 second(s)

2019-07-23 18:17:39 - [TEST_STEP][PASSED] - executeJavaScript("var previewBar = document.getElementById("preview-bar-iframe"); previewBar.style.display = "none";", []): Execute JavaScript 'var previewBar = document.getElementById("preview-bar-iframe"); previewBar.style.display = "none";' successfully

2019-07-23 18:17:39 - [MESSAGE][PASSED] - Execute JavaScript 'var previewBar = document.getElementById("preview-bar-iframe"); previewBar.style.display = "none";' successfully

2019-07-23 18:17:39 - [TEST_STEP][PASSED] - selectOptionByValue(findTestObject("OCS-DESKTOP/Age gate and Mega menu/Date"), "12", true): All options with value '12' are selected in object 'Object Repository/OCS-DESKTOP/Age gate and Mega menu/Date'  using regular expression

2019-07-23 18:17:39 - [MESSAGE][PASSED] - All options with value '12' are selected in object 'Object Repository/OCS-DESKTOP/Age gate and Mega menu/Date'  using regular expression

2019-07-23 18:17:39 - [TEST_STEP][PASSED] - selectOptionByValue(findTestObject("OCS-DESKTOP/Age gate and Mega menu/month"), "6", true): All options with value '6' are selected in object 'Object Repository/OCS-DESKTOP/Age gate and Mega menu/month'  using regular expression

2019-07-23 18:17:40 - [MESSAGE][PASSED] - All options with value '6' are selected in object 'Object Repository/OCS-DESKTOP/Age gate and Mega menu/month'  using regular expression

2019-07-23 18:17:40 - [TEST_STEP][PASSED] - delay(2): Delayed 2 second(s)

2019-07-23 18:17:42 - [MESSAGE][PASSED] - Delayed 2 second(s)

2019-07-23 18:17:42 - [TEST_STEP][PASSED] - selectOptionByValue(findTestObject("OCS-DESKTOP/Age gate and Mega menu/Year Dropdown"), "1990", true): All options with value '1990' are selected in object 'Object Repository/OCS-DESKTOP/Age gate and Mega menu/Year Dropdown'  using regular expression

2019-07-23 18:17:43 - [MESSAGE][PASSED] - All options with value '1990' are selected in object 'Object Repository/OCS-DESKTOP/Age gate and Mega menu/Year Dropdown'  using regular expression

2019-07-23 18:17:43 - [TEST_STEP][PASSED] - click(findTestObject("OCS-DESKTOP/Age gate and Mega menu/button_Verify")): Object: 'Object Repository/OCS-DESKTOP/Age gate and Mega menu/button_Verify' is clicked on

2019-07-23 18:17:43 - [MESSAGE][PASSED] - Object: 'Object Repository/OCS-DESKTOP/Age gate and Mega menu/button_Verify' is clicked on

2019-07-23 18:17:43 - [TEST_STEP][PASSED] - click(findTestObject("OCS-DESKTOP/Age gate and Mega menu/Checkbox_CONFIRM AND ACKNOWLEDGE")): Object: 'Object Repository/OCS-DESKTOP/Age gate and Mega menu/Checkbox_CONFIRM AND ACKNOWLEDGE' is clicked on

2019-07-23 18:17:43 - [MESSAGE][PASSED] - Object: 'Object Repository/OCS-DESKTOP/Age gate and Mega menu/Checkbox_CONFIRM AND ACKNOWLEDGE' is clicked on

2019-07-23 18:17:43 - [TEST_STEP][PASSED] - click(findTestObject("OCS-DESKTOP/Age gate and Mega menu/button_CONFIRM")): Object: 'Object Repository/OCS-DESKTOP/Age gate and Mega menu/button_CONFIRM' is clicked on

2019-07-23 18:17:43 - [MESSAGE][PASSED] - Object: 'Object Repository/OCS-DESKTOP/Age gate and Mega menu/button_CONFIRM' is clicked on

2019-07-23 18:17:43 - [TEST_STEP][PASSED] - click(findTestObject("OCS-DESKTOP/Age gate and Mega menu/button_Start Browsing")): Object: 'Object Repository/OCS-DESKTOP/Age gate and Mega menu/button_Start Browsing' is clicked on

2019-07-23 18:17:43 - [MESSAGE][PASSED] - Object: 'Object Repository/OCS-DESKTOP/Age gate and Mega menu/button_Start Browsing' is clicked on

2019-07-23 18:17:43 - [TEST_STEP][PASSED] - delay(2): Delayed 2 second(s)

2019-07-23 18:17:45 - [MESSAGE][PASSED] - Delayed 2 second(s)

2019-07-23 18:17:45 - [TEST_STEP][PASSED] - refresh(): Refresh successfully

2019-07-23 18:17:49 - [MESSAGE][PASSED] - Refresh successfully

2019-07-23 18:17:49 - [MESSAGE][PASSED] - Call Test Case 'Test Cases/OCS - DESKTOP/CALL- Age gate' successfully

2019-07-23 18:17:49 - [TEST_STEP][PASSED] - delay(2): Delayed 2 second(s)

2019-07-23 18:17:51 - [MESSAGE][PASSED] - Delayed 2 second(s)

2019-07-23 18:17:51 - [TEST_STEP][PASSED] - callTestCase(findTestCase("OCS - DESKTOP/CALL - TOGGLING LANGUAGE"), [:], STOP_ON_FAILURE): Call Test Case 'Test Cases/OCS - DESKTOP/CALL - TOGGLING LANGUAGE' successfully

2019-07-23 18:17:51 - [TEST_CASE][PASSED] - Test Cases/OCS - DESKTOP/CALL - TOGGLING LANGUAGE: Test Cases/OCS - DESKTOP/CALL - TOGGLING LANGUAGE

2019-07-23 18:17:51 - [TEST_STEP][PASSED] - delay(2): Delayed 2 second(s)

2019-07-23 18:17:53 - [MESSAGE][PASSED] - Delayed 2 second(s)

2019-07-23 18:17:53 - [TEST_STEP][PASSED] - click(findTestObject("OCS-DESKTOP/Cart flyout/English dropdown")): Object: 'Object Repository/OCS-DESKTOP/Cart flyout/English dropdown' is clicked on

2019-07-23 18:17:53 - [MESSAGE][PASSED] - Object: 'Object Repository/OCS-DESKTOP/Cart flyout/English dropdown' is clicked on

2019-07-23 18:17:53 - [TEST_STEP][PASSED] - delay(2): Delayed 2 second(s)

2019-07-23 18:17:55 - [MESSAGE][PASSED] - Delayed 2 second(s)

2019-07-23 18:17:55 - [TEST_STEP][PASSED] - click(findTestObject("OCS-DESKTOP/Cart flyout/Select French")): Object: 'Object Repository/OCS-DESKTOP/Cart flyout/Select French' is clicked on

2019-07-23 18:17:55 - [MESSAGE][PASSED] - Object: 'Object Repository/OCS-DESKTOP/Cart flyout/Select French' is clicked on

2019-07-23 18:17:55 - [TEST_STEP][PASSED] - delay(5): Delayed 5 second(s)

2019-07-23 18:18:00 - [MESSAGE][PASSED] - Delayed 5 second(s)

2019-07-23 18:18:00 - [TEST_STEP][PASSED] - e = getWindowTitle(): Current window's title is: 'Magasin de Cannabis de l'Ontario | Ontario Cannabis Store'

2019-07-23 18:18:00 - [MESSAGE][PASSED] - Current window's title is: 'Magasin de Cannabis de l'Ontario | Ontario Cannabis Store'

2019-07-23 18:18:00 - [MESSAGE][PASSED] - Call Test Case 'Test Cases/OCS - DESKTOP/CALL - TOGGLING LANGUAGE' successfully

2019-07-23 18:18:00 - [TEST_STEP][PASSED] - click(findTestObject("OCS-DESKTOP/Age gate and Mega menu/Header/CANNABIS menu - English")): Object: 'Object Repository/OCS-DESKTOP/Age gate and Mega menu/Header/CANNABIS menu - English' is clicked on

2019-07-23 18:18:00 - [MESSAGE][PASSED] - Object: 'Object Repository/OCS-DESKTOP/Age gate and Mega menu/Header/CANNABIS menu - English' is clicked on

2019-07-23 18:18:00 - [TEST_STEP][PASSED] - delay(2): Delayed 2 second(s)

2019-07-23 18:18:02 - [MESSAGE][PASSED] - Delayed 2 second(s)

2019-07-23 18:18:02 - [TEST_STEP][PASSED] - executeJavaScript("var previewBar = document.getElementById("preview-bar-iframe"); previewBar.style.display = "none";", []): Execute JavaScript 'var previewBar = document.getElementById("preview-bar-iframe"); previewBar.style.display = "none";' successfully

2019-07-23 18:18:02 - [MESSAGE][PASSED] - Execute JavaScript 'var previewBar = document.getElementById("preview-bar-iframe"); previewBar.style.display = "none";' successfully

2019-07-23 18:18:02 - [TEST_STEP][PASSED] - click(findTestObject("OCS-DESKTOP/Age gate and Mega menu/Indica Dominant_Menu item")): Object: 'Object Repository/OCS-DESKTOP/Age gate and Mega menu/Indica Dominant_Menu item' is clicked on

2019-07-23 18:18:04 - [MESSAGE][PASSED] - Object: 'Object Repository/OCS-DESKTOP/Age gate and Mega menu/Indica Dominant_Menu item' is clicked on

2019-07-23 18:18:04 - [TEST_STEP][PASSED] - executeJavaScript("var previewBar = document.getElementById("preview-bar-iframe"); previewBar.style.display = "none";", []): Execute JavaScript 'var previewBar = document.getElementById("preview-bar-iframe"); previewBar.style.display = "none";' successfully

2019-07-23 18:18:04 - [MESSAGE][PASSED] - Execute JavaScript 'var previewBar = document.getElementById("preview-bar-iframe"); previewBar.style.display = "none";' successfully

2019-07-23 18:18:04 - [TEST_STEP][PASSED] - delay(2): Delayed 2 second(s)

2019-07-23 18:18:06 - [MESSAGE][PASSED] - Delayed 2 second(s)

2019-07-23 18:18:06 - [TEST_STEP][PASSED] - click(findTestObject("FRENCH/Product image - 1st one")): Object: 'Object Repository/FRENCH/Product image - 1st one' is clicked on

2019-07-23 18:18:10 - [MESSAGE][PASSED] - Object: 'Object Repository/FRENCH/Product image - 1st one' is clicked on

2019-07-23 18:18:10 - [TEST_STEP][PASSED] - executeJavaScript("var previewBar = document.getElementById("preview-bar-iframe"); previewBar.style.display = "none";", []): Execute JavaScript 'var previewBar = document.getElementById("preview-bar-iframe"); previewBar.style.display = "none";' successfully

2019-07-23 18:18:10 - [MESSAGE][PASSED] - Execute JavaScript 'var previewBar = document.getElementById("preview-bar-iframe"); previewBar.style.display = "none";' successfully

2019-07-23 18:18:10 - [TEST_STEP][PASSED] - delay(3): Delayed 3 second(s)

2019-07-23 18:18:13 - [MESSAGE][PASSED] - Delayed 3 second(s)

2019-07-23 18:18:13 - [TEST_STEP][PASSED] - click(findTestObject("OCS-DESKTOP/Product page/Swatch_1g")): Object: 'Object Repository/OCS-DESKTOP/Product page/Swatch_1g' is clicked on

2019-07-23 18:18:13 - [MESSAGE][PASSED] - Object: 'Object Repository/OCS-DESKTOP/Product page/Swatch_1g' is clicked on

2019-07-23 18:18:13 - [TEST_STEP][PASSED] - delay(2): Delayed 2 second(s)

2019-07-23 18:18:15 - [MESSAGE][PASSED] - Delayed 2 second(s)

2019-07-23 18:18:15 - [TEST_STEP][PASSED] - delay(2): Delayed 2 second(s)

2019-07-23 18:18:17 - [MESSAGE][PASSED] - Delayed 2 second(s)

2019-07-23 18:18:17 - [TEST_STEP][PASSED] - click(findTestObject("OCS-DESKTOP/Product page/Quantity Increase - Button")): Object: 'Object Repository/OCS-DESKTOP/Product page/Quantity Increase - Button' is clicked on

2019-07-23 18:18:17 - [MESSAGE][PASSED] - Object: 'Object Repository/OCS-DESKTOP/Product page/Quantity Increase - Button' is clicked on

2019-07-23 18:18:17 - [TEST_STEP][PASSED] - delay(2): Delayed 2 second(s)

2019-07-23 18:18:19 - [MESSAGE][PASSED] - Delayed 2 second(s)

2019-07-23 18:18:19 - [TEST_STEP][PASSED] - click(findTestObject("OCS-DESKTOP/Product page/Add to Bag-button")): Object: 'Object Repository/OCS-DESKTOP/Product page/Add to Bag-button' is clicked on

2019-07-23 18:18:19 - [MESSAGE][PASSED] - Object: 'Object Repository/OCS-DESKTOP/Product page/Add to Bag-button' is clicked on

2019-07-23 18:18:19 - [TEST_STEP][PASSED] - delay(2): Delayed 2 second(s)

2019-07-23 18:18:21 - [MESSAGE][PASSED] - Delayed 2 second(s)

2019-07-23 18:18:21 - [TEST_STEP][PASSED] - click(findTestObject("OCS-DESKTOP/Home - page/view my bag - cart dropdown"), OPTIONAL): Object: 'Object Repository/OCS-DESKTOP/Home - page/view my bag - cart dropdown' is clicked on

2019-07-23 18:18:22 - [MESSAGE][PASSED] - Object: 'Object Repository/OCS-DESKTOP/Home - page/view my bag - cart dropdown' is clicked on

2019-07-23 18:18:22 - [TEST_STEP][PASSED] - delay(1): Delayed 1 second(s)

2019-07-23 18:18:23 - [MESSAGE][PASSED] - Delayed 1 second(s)

2019-07-23 18:18:23 - [TEST_STEP][PASSED] - click(findTestObject("OCS-DESKTOP/Cart flyout/Checkbox_I confirm that")): Object: 'Object Repository/OCS-DESKTOP/Cart flyout/Checkbox_I confirm that' is clicked on

2019-07-23 18:18:23 - [MESSAGE][PASSED] - Object: 'Object Repository/OCS-DESKTOP/Cart flyout/Checkbox_I confirm that' is clicked on

2019-07-23 18:18:23 - [TEST_STEP][PASSED] - delay(1): Delayed 1 second(s)

2019-07-23 18:18:24 - [MESSAGE][PASSED] - Delayed 1 second(s)

2019-07-23 18:18:24 - [TEST_STEP][PASSED] - click(findTestObject("OCS-DESKTOP/Cart flyout/Checkbox_Accept the Terms Condition")): Object: 'Object Repository/OCS-DESKTOP/Cart flyout/Checkbox_Accept the Terms Condition' is clicked on

2019-07-23 18:18:24 - [MESSAGE][PASSED] - Object: 'Object Repository/OCS-DESKTOP/Cart flyout/Checkbox_Accept the Terms Condition' is clicked on

2019-07-23 18:18:24 - [TEST_STEP][PASSED] - delay(1): Delayed 1 second(s)

2019-07-23 18:18:25 - [MESSAGE][PASSED] - Delayed 1 second(s)

2019-07-23 18:18:25 - [TEST_STEP][PASSED] - click(findTestObject("OCS-DESKTOP/Cart flyout/Checkout - Button")): Object: 'Object Repository/OCS-DESKTOP/Cart flyout/Checkout - Button' is clicked on

2019-07-23 18:18:27 - [MESSAGE][PASSED] - Object: 'Object Repository/OCS-DESKTOP/Cart flyout/Checkout - Button' is clicked on

2019-07-23 18:18:27 - [TEST_STEP][PASSED] - executeJavaScript("var previewBar = document.getElementById("preview-bar-iframe"); previewBar.style.display = "none";", []): Execute JavaScript 'var previewBar = document.getElementById("preview-bar-iframe"); previewBar.style.display = "none";' successfully

2019-07-23 18:18:27 - [MESSAGE][PASSED] - Execute JavaScript 'var previewBar = document.getElementById("preview-bar-iframe"); previewBar.style.display = "none";' successfully

2019-07-23 18:18:27 - [TEST_STEP][PASSED] - delay(2): Delayed 2 second(s)

2019-07-23 18:18:29 - [MESSAGE][PASSED] - Delayed 2 second(s)

2019-07-23 18:18:29 - [TEST_STEP][PASSED] - setText(findTestObject("Object Repository/Page_Ontario Cannabis Store - Infor/input_Adresse e-mail_checkoute"), "suman@gmail.com"): Text 'suman@gmail.com' is set on object 'Object Repository/Page_Ontario Cannabis Store - Infor/input_Adresse e-mail_checkoute'

2019-07-23 18:18:30 - [MESSAGE][PASSED] - Text 'suman@gmail.com' is set on object 'Object Repository/Page_Ontario Cannabis Store - Infor/input_Adresse e-mail_checkoute'

2019-07-23 18:18:30 - [TEST_STEP][PASSED] - setText(findTestObject("Object Repository/Page_Ontario Cannabis Store - Infor/input_Prnom_checkoutshipping_a"), "suman"): Text 'suman' is set on object 'Object Repository/Page_Ontario Cannabis Store - Infor/input_Prnom_checkoutshipping_a'

2019-07-23 18:18:30 - [MESSAGE][PASSED] - Text 'suman' is set on object 'Object Repository/Page_Ontario Cannabis Store - Infor/input_Prnom_checkoutshipping_a'

2019-07-23 18:18:30 - [TEST_STEP][PASSED] - setText(findTestObject("Object Repository/Page_Ontario Cannabis Store - Infor/input_Nom_checkoutshipping_add"), "kompelly"): Text 'kompelly' is set on object 'Object Repository/Page_Ontario Cannabis Store - Infor/input_Nom_checkoutshipping_add'

2019-07-23 18:18:30 - [MESSAGE][PASSED] - Text 'kompelly' is set on object 'Object Repository/Page_Ontario Cannabis Store - Infor/input_Nom_checkoutshipping_add'

2019-07-23 18:18:30 - [TEST_STEP][PASSED] - setText(findTestObject("Object Repository/Page_Ontario Cannabis Store - Infor/input_Adresse_checkoutshipping"), "123 test"): Text '123 test' is set on object 'Object Repository/Page_Ontario Cannabis Store - Infor/input_Adresse_checkoutshipping'

2019-07-23 18:18:30 - [MESSAGE][PASSED] - Text '123 test' is set on object 'Object Repository/Page_Ontario Cannabis Store - Infor/input_Adresse_checkoutshipping'

2019-07-23 18:18:30 - [TEST_STEP][PASSED] - setText(findTestObject("Object Repository/Page_Ontario Cannabis Store - Infor/input_Appartement suite etc. ("), "123"): Text '123' is set on object 'Object Repository/Page_Ontario Cannabis Store - Infor/input_Appartement suite etc. ('

2019-07-23 18:18:30 - [MESSAGE][PASSED] - Text '123' is set on object 'Object Repository/Page_Ontario Cannabis Store - Infor/input_Appartement suite etc. ('

2019-07-23 18:18:30 - [TEST_STEP][PASSED] - setText(findTestObject("Object Repository/Page_Ontario Cannabis Store - Infor/input_Ville_checkoutshipping_a"), "montreal"): Text 'montreal' is set on object 'Object Repository/Page_Ontario Cannabis Store - Infor/input_Ville_checkoutshipping_a'

2019-07-23 18:18:30 - [MESSAGE][PASSED] - Text 'montreal' is set on object 'Object Repository/Page_Ontario Cannabis Store - Infor/input_Ville_checkoutshipping_a'

2019-07-23 18:18:30 - [TEST_STEP][PASSED] - setText(findTestObject("Object Repository/Page_Ontario Cannabis Store - Infor/input_Code postal_checkoutship"), "n0r1k0"): Text 'n0r1k0' is set on object 'Object Repository/Page_Ontario Cannabis Store - Infor/input_Code postal_checkoutship'

2019-07-23 18:18:31 - [MESSAGE][PASSED] - Text 'n0r1k0' is set on object 'Object Repository/Page_Ontario Cannabis Store - Infor/input_Code postal_checkoutship'

2019-07-23 18:18:31 - [TEST_STEP][PASSED] - setText(findTestObject("Object Repository/Page_Ontario Cannabis Store - Infor/input_Tlphone_checkoutshipping"), "514-449-3883"): Text '514-449-3883' is set on object 'Object Repository/Page_Ontario Cannabis Store - Infor/input_Tlphone_checkoutshipping'

2019-07-23 18:18:31 - [MESSAGE][PASSED] - Text '514-449-3883' is set on object 'Object Repository/Page_Ontario Cannabis Store - Infor/input_Tlphone_checkoutshipping'

2019-07-23 18:18:31 - [TEST_STEP][PASSED] - delay(2): Delayed 2 second(s)

2019-07-23 18:18:33 - [MESSAGE][PASSED] - Delayed 2 second(s)

2019-07-23 18:18:33 - [TEST_STEP][PASSED] - click(findTestObject("Object Repository/Page_Ontario Cannabis Store - Infor/button_Continuer vers le mode")): Object: 'Object Repository/Page_Ontario Cannabis Store - Infor/button_Continuer vers le mode' is clicked on

2019-07-23 18:18:36 - [MESSAGE][PASSED] - Object: 'Object Repository/Page_Ontario Cannabis Store - Infor/button_Continuer vers le mode' is clicked on

2019-07-23 18:18:36 - [TEST_STEP][PASSED] - delay(4): Delayed 4 second(s)

2019-07-23 18:18:40 - [MESSAGE][PASSED] - Delayed 4 second(s)

2019-07-23 18:18:40 - [TEST_STEP][PASSED] - executeJavaScript("var previewBar = document.getElementById("preview-bar-iframe"); previewBar.style.display = "none";", []): Execute JavaScript 'var previewBar = document.getElementById("preview-bar-iframe"); previewBar.style.display = "none";' successfully

2019-07-23 18:18:40 - [MESSAGE][PASSED] - Execute JavaScript 'var previewBar = document.getElementById("preview-bar-iframe"); previewBar.style.display = "none";' successfully

2019-07-23 18:18:40 - [TEST_STEP][PASSED] - delay(2): Delayed 2 second(s)

2019-07-23 18:18:42 - [MESSAGE][PASSED] - Delayed 2 second(s)

2019-07-23 18:18:42 - [TEST_STEP][PASSED] - click(findTestObject("Object Repository/Page_Ontario Cannabis Store - Livra/button_Continuer vers le moyen")): Object: 'Object Repository/Page_Ontario Cannabis Store - Livra/button_Continuer vers le moyen' is clicked on

2019-07-23 18:18:45 - [MESSAGE][PASSED] - Object: 'Object Repository/Page_Ontario Cannabis Store - Livra/button_Continuer vers le moyen' is clicked on

2019-07-23 18:18:45 - [TEST_STEP][PASSED] - delay(1): Delayed 1 second(s)

2019-07-23 18:18:46 - [MESSAGE][PASSED] - Delayed 1 second(s)

2019-07-23 18:18:46 - [TEST_STEP][PASSED] - click(findTestObject("FRENCH/Change link span 1")): Object: 'Object Repository/FRENCH/Change link span 1' is clicked on

2019-07-23 18:18:47 - [MESSAGE][PASSED] - Object: 'Object Repository/FRENCH/Change link span 1' is clicked on

2019-07-23 18:18:47 - [TEST_STEP][PASSED] - delay(2): Delayed 2 second(s)

2019-07-23 18:18:49 - [MESSAGE][PASSED] - Delayed 2 second(s)

2019-07-23 18:18:49 - [TEST_STEP][PASSED] - executeJavaScript("var previewBar = document.getElementById("preview-bar-iframe"); previewBar.style.display = "none";", []): Execute JavaScript 'var previewBar = document.getElementById("preview-bar-iframe"); previewBar.style.display = "none";' successfully

2019-07-23 18:18:49 - [MESSAGE][PASSED] - Execute JavaScript 'var previewBar = document.getElementById("preview-bar-iframe"); previewBar.style.display = "none";' successfully

2019-07-23 18:18:49 - [TEST_STEP][PASSED] - delay(3): Delayed 3 second(s)

2019-07-23 18:18:52 - [MESSAGE][PASSED] - Delayed 3 second(s)

2019-07-23 18:18:52 - [TEST_STEP][PASSED] - click(findTestObject("Page_Ontario Cannabis Store - Infor/button_Continuer vers le mode")): Object: 'Object Repository/Page_Ontario Cannabis Store - Infor/button_Continuer vers le mode' is clicked on

2019-07-23 18:18:54 - [MESSAGE][PASSED] - Object: 'Object Repository/Page_Ontario Cannabis Store - Infor/button_Continuer vers le mode' is clicked on

2019-07-23 18:18:54 - [TEST_STEP][PASSED] - delay(3): Delayed 3 second(s)

2019-07-23 18:18:57 - [MESSAGE][PASSED] - Delayed 3 second(s)

2019-07-23 18:18:57 - [TEST_STEP][PASSED] - executeJavaScript("var previewBar = document.getElementById("preview-bar-iframe"); previewBar.style.display = "none";", []): Execute JavaScript 'var previewBar = document.getElementById("preview-bar-iframe"); previewBar.style.display = "none";' successfully

2019-07-23 18:18:57 - [MESSAGE][PASSED] - Execute JavaScript 'var previewBar = document.getElementById("preview-bar-iframe"); previewBar.style.display = "none";' successfully

2019-07-23 18:18:57 - [TEST_STEP][PASSED] - delay(1): Delayed 1 second(s)

2019-07-23 18:18:58 - [MESSAGE][PASSED] - Delayed 1 second(s)

2019-07-23 18:18:58 - [TEST_STEP][PASSED] - click(findTestObject("Page_Ontario Cannabis Store - Livra/button_Continuer vers le moyen")): Object: 'Object Repository/Page_Ontario Cannabis Store - Livra/button_Continuer vers le moyen' is clicked on

2019-07-23 18:19:00 - [MESSAGE][PASSED] - Object: 'Object Repository/Page_Ontario Cannabis Store - Livra/button_Continuer vers le moyen' is clicked on

2019-07-23 18:19:00 - [TEST_STEP][PASSED] - delay(3): Delayed 3 second(s)

2019-07-23 18:19:03 - [MESSAGE][PASSED] - Delayed 3 second(s)

2019-07-23 18:19:03 - [TEST_STEP][PASSED] - executeJavaScript("var previewBar = document.getElementById("preview-bar-iframe"); previewBar.style.display = "none";", []): Execute JavaScript 'var previewBar = document.getElementById("preview-bar-iframe"); previewBar.style.display = "none";' successfully

2019-07-23 18:19:03 - [MESSAGE][PASSED] - Execute JavaScript 'var previewBar = document.getElementById("preview-bar-iframe"); previewBar.style.display = "none";' successfully

2019-07-23 18:19:03 - [TEST_STEP][PASSED] - delay(1): Delayed 1 second(s)

2019-07-23 18:19:04 - [MESSAGE][PASSED] - Delayed 1 second(s)

2019-07-23 18:19:04 - [TEST_STEP][PASSED] - click(findTestObject("FRENCH/Change link span 2")): Object: 'Object Repository/FRENCH/Change link span 2' is clicked on

2019-07-23 18:19:06 - [MESSAGE][PASSED] - Object: 'Object Repository/FRENCH/Change link span 2' is clicked on

2019-07-23 18:19:06 - [TEST_STEP][PASSED] - delay(3): Delayed 3 second(s)

2019-07-23 18:19:09 - [MESSAGE][PASSED] - Delayed 3 second(s)

2019-07-23 18:19:09 - [TEST_STEP][PASSED] - executeJavaScript("var previewBar = document.getElementById("preview-bar-iframe"); previewBar.style.display = "none";", []): Execute JavaScript 'var previewBar = document.getElementById("preview-bar-iframe"); previewBar.style.display = "none";' successfully

2019-07-23 18:19:09 - [MESSAGE][PASSED] - Execute JavaScript 'var previewBar = document.getElementById("preview-bar-iframe"); previewBar.style.display = "none";' successfully

2019-07-23 18:19:09 - [TEST_STEP][PASSED] - delay(1): Delayed 1 second(s)

2019-07-23 18:19:10 - [MESSAGE][PASSED] - Delayed 1 second(s)

2019-07-23 18:19:10 - [TEST_STEP][PASSED] - click(findTestObject("Page_Ontario Cannabis Store - Infor/button_Continuer vers le mode")): Object: 'Object Repository/Page_Ontario Cannabis Store - Infor/button_Continuer vers le mode' is clicked on

2019-07-23 18:19:12 - [MESSAGE][PASSED] - Object: 'Object Repository/Page_Ontario Cannabis Store - Infor/button_Continuer vers le mode' is clicked on

2019-07-23 18:19:12 - [TEST_STEP][PASSED] - delay(3): Delayed 3 second(s)

2019-07-23 18:19:15 - [MESSAGE][PASSED] - Delayed 3 second(s)

2019-07-23 18:19:15 - [TEST_STEP][PASSED] - executeJavaScript("var previewBar = document.getElementById("preview-bar-iframe"); previewBar.style.display = "none";", []): Execute JavaScript 'var previewBar = document.getElementById("preview-bar-iframe"); previewBar.style.display = "none";' successfully

2019-07-23 18:19:15 - [MESSAGE][PASSED] - Execute JavaScript 'var previewBar = document.getElementById("preview-bar-iframe"); previewBar.style.display = "none";' successfully

2019-07-23 18:19:15 - [TEST_STEP][PASSED] - delay(1): Delayed 1 second(s)

2019-07-23 18:19:16 - [MESSAGE][PASSED] - Delayed 1 second(s)

2019-07-23 18:19:16 - [TEST_STEP][PASSED] - click(findTestObject("Page_Ontario Cannabis Store - Infor/button_Continuer vers le mode")): Object: 'Object Repository/Page_Ontario Cannabis Store - Infor/button_Continuer vers le mode' is clicked on

2019-07-23 18:19:18 - [MESSAGE][PASSED] - Object: 'Object Repository/Page_Ontario Cannabis Store - Infor/button_Continuer vers le mode' is clicked on

2019-07-23 18:19:18 - [TEST_STEP][PASSED] - delay(3): Delayed 3 second(s)

2019-07-23 18:19:21 - [MESSAGE][PASSED] - Delayed 3 second(s)

2019-07-23 18:19:21 - [TEST_STEP][PASSED] - executeJavaScript("var previewBar = document.getElementById("preview-bar-iframe"); previewBar.style.display = "none";", []): Execute JavaScript 'var previewBar = document.getElementById("preview-bar-iframe"); previewBar.style.display = "none";' successfully

2019-07-23 18:19:21 - [MESSAGE][PASSED] - Execute JavaScript 'var previewBar = document.getElementById("preview-bar-iframe"); previewBar.style.display = "none";' successfully

2019-07-23 18:19:21 - [TEST_STEP][PASSED] - click(findTestObject("OCS-DESKTOP/Customer info page/Cart - Breadcrumb link")): Object: 'Object Repository/OCS-DESKTOP/Customer info page/Cart - Breadcrumb link' is clicked on

2019-07-23 18:19:22 - [MESSAGE][PASSED] - Object: 'Object Repository/OCS-DESKTOP/Customer info page/Cart - Breadcrumb link' is clicked on

2019-07-23 18:19:22 - [TEST_STEP][PASSED] - executeJavaScript("var previewBar = document.getElementById("preview-bar-iframe"); previewBar.style.display = "none";", []): Execute JavaScript 'var previewBar = document.getElementById("preview-bar-iframe"); previewBar.style.display = "none";' successfully

2019-07-23 18:19:22 - [MESSAGE][PASSED] - Execute JavaScript 'var previewBar = document.getElementById("preview-bar-iframe"); previewBar.style.display = "none";' successfully

2019-07-23 18:19:22 - [TEST_STEP][PASSED] - delay(3): Delayed 3 second(s)

2019-07-23 18:19:25 - [MESSAGE][PASSED] - Delayed 3 second(s)

2019-07-23 18:19:25 - [TEST_STEP][PASSED] - click(findTestObject("OCS-DESKTOP/Cart page/cart page-Checkbox_I confirm that")): Object: 'Object Repository/OCS-DESKTOP/Cart page/cart page-Checkbox_I confirm that' is clicked on

2019-07-23 18:19:25 - [MESSAGE][PASSED] - Object: 'Object Repository/OCS-DESKTOP/Cart page/cart page-Checkbox_I confirm that' is clicked on

2019-07-23 18:19:25 - [TEST_STEP][PASSED] - delay(3): Delayed 3 second(s)

2019-07-23 18:19:28 - [MESSAGE][PASSED] - Delayed 3 second(s)

2019-07-23 18:19:28 - [TEST_STEP][PASSED] - click(findTestObject("OCS-DESKTOP/Cart page/cart page - Checkbox_Accept the Terms Condition")): Object: 'Object Repository/OCS-DESKTOP/Cart page/cart page - Checkbox_Accept the Terms Condition' is clicked on

2019-07-23 18:19:28 - [MESSAGE][PASSED] - Object: 'Object Repository/OCS-DESKTOP/Cart page/cart page - Checkbox_Accept the Terms Condition' is clicked on

2019-07-23 18:19:28 - [TEST_STEP][PASSED] - delay(1): Delayed 1 second(s)

2019-07-23 18:19:29 - [MESSAGE][PASSED] - Delayed 1 second(s)

2019-07-23 18:19:29 - [TEST_STEP][PASSED] - click(findTestObject("FRENCH/Cart page -checkout button")): Object: 'Object Repository/FRENCH/Cart page -checkout button' is clicked on

2019-07-23 18:19:32 - [MESSAGE][PASSED] - Object: 'Object Repository/FRENCH/Cart page -checkout button' is clicked on

2019-07-23 18:19:32 - [TEST_STEP][PASSED] - delay(1): Delayed 1 second(s)

2019-07-23 18:19:33 - [MESSAGE][PASSED] - Delayed 1 second(s)

2019-07-23 18:19:33 - [TEST_STEP][PASSED] - click(findTestObject("OCS-DESKTOP/Payment -page/Information - Breadcrumb link")): Object: 'Object Repository/OCS-DESKTOP/Payment -page/Information - Breadcrumb link' is clicked on

2019-07-23 18:19:34 - [MESSAGE][PASSED] - Object: 'Object Repository/OCS-DESKTOP/Payment -page/Information - Breadcrumb link' is clicked on

2019-07-23 18:19:34 - [TEST_STEP][PASSED] - delay(1): Delayed 1 second(s)

2019-07-23 18:19:35 - [MESSAGE][PASSED] - Delayed 1 second(s)

2019-07-23 18:19:35 - [TEST_STEP][PASSED] - executeJavaScript("var previewBar = document.getElementById("preview-bar-iframe"); previewBar.style.display = "none";", []): Execute JavaScript 'var previewBar = document.getElementById("preview-bar-iframe"); previewBar.style.display = "none";' successfully

2019-07-23 18:19:35 - [MESSAGE][PASSED] - Execute JavaScript 'var previewBar = document.getElementById("preview-bar-iframe"); previewBar.style.display = "none";' successfully

2019-07-23 18:19:35 - [TEST_STEP][PASSED] - delay(1): Delayed 1 second(s)

2019-07-23 18:19:36 - [MESSAGE][PASSED] - Delayed 1 second(s)

2019-07-23 18:19:36 - [TEST_STEP][PASSED] - click(findTestObject("Page_Ontario Cannabis Store - Infor/button_Continuer vers le mode")): Object: 'Object Repository/Page_Ontario Cannabis Store - Infor/button_Continuer vers le mode' is clicked on

2019-07-23 18:19:38 - [MESSAGE][PASSED] - Object: 'Object Repository/Page_Ontario Cannabis Store - Infor/button_Continuer vers le mode' is clicked on

2019-07-23 18:19:38 - [TEST_STEP][PASSED] - delay(1): Delayed 1 second(s)

2019-07-23 18:19:39 - [MESSAGE][PASSED] - Delayed 1 second(s)

2019-07-23 18:19:39 - [TEST_STEP][PASSED] - click(findTestObject("OCS-DESKTOP/Shipping page/Shipping - Breadcrumb link")): Object: 'Object Repository/OCS-DESKTOP/Shipping page/Shipping - Breadcrumb link' is clicked on

2019-07-23 18:19:40 - [MESSAGE][PASSED] - Object: 'Object Repository/OCS-DESKTOP/Shipping page/Shipping - Breadcrumb link' is clicked on

2019-07-23 18:19:40 - [TEST_STEP][PASSED] - delay(3): Delayed 3 second(s)

2019-07-23 18:19:43 - [MESSAGE][PASSED] - Delayed 3 second(s)

2019-07-23 18:19:43 - [TEST_STEP][PASSED] - executeJavaScript("var previewBar = document.getElementById("preview-bar-iframe"); previewBar.style.display = "none";", []): Execute JavaScript 'var previewBar = document.getElementById("preview-bar-iframe"); previewBar.style.display = "none";' successfully

2019-07-23 18:19:43 - [MESSAGE][PASSED] - Execute JavaScript 'var previewBar = document.getElementById("preview-bar-iframe"); previewBar.style.display = "none";' successfully

2019-07-23 18:19:43 - [TEST_STEP][PASSED] - delay(1): Delayed 1 second(s)

2019-07-23 18:19:44 - [MESSAGE][PASSED] - Delayed 1 second(s)

2019-07-23 18:19:44 - [TEST_STEP][PASSED] - click(findTestObject("Page_Ontario Cannabis Store - Livra/button_Continuer vers le moyen")): Object: 'Object Repository/Page_Ontario Cannabis Store - Livra/button_Continuer vers le moyen' is clicked on

2019-07-23 18:19:46 - [MESSAGE][PASSED] - Object: 'Object Repository/Page_Ontario Cannabis Store - Livra/button_Continuer vers le moyen' is clicked on]]></system-out>
         <system-err><![CDATA[]]></system-err>
      </testcase>
      <testcase name="Test Cases/OCS - DESKTOP/OCS- CRITICAL PATH - FRENCH/Cart flyout - increase qty -fr" classname="Test Cases/OCS - DESKTOP/OCS- CRITICAL PATH - FRENCH/Cart flyout - increase qty -fr" status="PASSED">
         <system-out><![CDATA[2019-07-23 18:19:46 - [TEST_CASE][PASSED] - Test Cases/OCS - DESKTOP/OCS- CRITICAL PATH - FRENCH/Cart flyout - increase qty -fr: Test Cases/OCS - DESKTOP/OCS- CRITICAL PATH - FRENCH/Cart flyout - increase qty -fr

2019-07-23 18:19:46 - [TEST_STEP][PASSED] - callTestCase(findTestCase("OCS - DESKTOP/CALL- Age gate"), [:], STOP_ON_FAILURE): Call Test Case 'Test Cases/OCS - DESKTOP/CALL- Age gate' successfully

2019-07-23 18:19:46 - [TEST_CASE][PASSED] - Test Cases/OCS - DESKTOP/CALL- Age gate: Test Cases/OCS - DESKTOP/CALL- Age gate

2019-07-23 18:19:46 - [TEST_STEP][PASSED] - openBrowser(""): Browser is opened with url: ''

2019-07-23 18:19:46 - [MESSAGE][WARNING] - A browser is already opened. Closing browser and opening a new one

2019-07-23 18:19:46 - [MESSAGE][INFO] - Starting 'Chrome' driver

2019-07-23 18:19:47 - [MESSAGE][PASSED] - Browser is opened with url: ''

2019-07-23 18:19:47 - [TEST_STEP][PASSED] - navigateToUrl("https://ocs.ca/?fts=0&preview_theme_id=74209363788"): Navigate to 'https://ocs.ca/?fts=0&preview_theme_id=74209363788' successfully

2019-07-23 18:19:52 - [MESSAGE][PASSED] - Navigate to 'https://ocs.ca/?fts=0&preview_theme_id=74209363788' successfully

2019-07-23 18:19:52 - [TEST_STEP][PASSED] - maximizeWindow(): Current window maximized

2019-07-23 18:19:52 - [MESSAGE][PASSED] - Current window maximized

2019-07-23 18:19:52 - [TEST_STEP][PASSED] - delay(2): Delayed 2 second(s)

2019-07-23 18:19:54 - [MESSAGE][PASSED] - Delayed 2 second(s)

2019-07-23 18:19:54 - [TEST_STEP][PASSED] - executeJavaScript("var previewBar = document.getElementById("preview-bar-iframe"); previewBar.style.display = "none";", []): Execute JavaScript 'var previewBar = document.getElementById("preview-bar-iframe"); previewBar.style.display = "none";' successfully

2019-07-23 18:19:54 - [MESSAGE][PASSED] - Execute JavaScript 'var previewBar = document.getElementById("preview-bar-iframe"); previewBar.style.display = "none";' successfully

2019-07-23 18:19:54 - [TEST_STEP][PASSED] - selectOptionByValue(findTestObject("OCS-DESKTOP/Age gate and Mega menu/Date"), "12", true): All options with value '12' are selected in object 'Object Repository/OCS-DESKTOP/Age gate and Mega menu/Date'  using regular expression

2019-07-23 18:19:55 - [MESSAGE][PASSED] - All options with value '12' are selected in object 'Object Repository/OCS-DESKTOP/Age gate and Mega menu/Date'  using regular expression

2019-07-23 18:19:55 - [TEST_STEP][PASSED] - selectOptionByValue(findTestObject("OCS-DESKTOP/Age gate and Mega menu/month"), "6", true): All options with value '6' are selected in object 'Object Repository/OCS-DESKTOP/Age gate and Mega menu/month'  using regular expression

2019-07-23 18:19:55 - [MESSAGE][PASSED] - All options with value '6' are selected in object 'Object Repository/OCS-DESKTOP/Age gate and Mega menu/month'  using regular expression

2019-07-23 18:19:55 - [TEST_STEP][PASSED] - delay(2): Delayed 2 second(s)

2019-07-23 18:19:57 - [MESSAGE][PASSED] - Delayed 2 second(s)

2019-07-23 18:19:57 - [TEST_STEP][PASSED] - selectOptionByValue(findTestObject("OCS-DESKTOP/Age gate and Mega menu/Year Dropdown"), "1990", true): All options with value '1990' are selected in object 'Object Repository/OCS-DESKTOP/Age gate and Mega menu/Year Dropdown'  using regular expression

2019-07-23 18:19:58 - [MESSAGE][PASSED] - All options with value '1990' are selected in object 'Object Repository/OCS-DESKTOP/Age gate and Mega menu/Year Dropdown'  using regular expression

2019-07-23 18:19:58 - [TEST_STEP][PASSED] - click(findTestObject("OCS-DESKTOP/Age gate and Mega menu/button_Verify")): Object: 'Object Repository/OCS-DESKTOP/Age gate and Mega menu/button_Verify' is clicked on

2019-07-23 18:19:58 - [MESSAGE][PASSED] - Object: 'Object Repository/OCS-DESKTOP/Age gate and Mega menu/button_Verify' is clicked on

2019-07-23 18:19:58 - [TEST_STEP][PASSED] - click(findTestObject("OCS-DESKTOP/Age gate and Mega menu/Checkbox_CONFIRM AND ACKNOWLEDGE")): Object: 'Object Repository/OCS-DESKTOP/Age gate and Mega menu/Checkbox_CONFIRM AND ACKNOWLEDGE' is clicked on

2019-07-23 18:19:58 - [MESSAGE][PASSED] - Object: 'Object Repository/OCS-DESKTOP/Age gate and Mega menu/Checkbox_CONFIRM AND ACKNOWLEDGE' is clicked on

2019-07-23 18:19:58 - [TEST_STEP][PASSED] - click(findTestObject("OCS-DESKTOP/Age gate and Mega menu/button_CONFIRM")): Object: 'Object Repository/OCS-DESKTOP/Age gate and Mega menu/button_CONFIRM' is clicked on

2019-07-23 18:19:58 - [MESSAGE][PASSED] - Object: 'Object Repository/OCS-DESKTOP/Age gate and Mega menu/button_CONFIRM' is clicked on

2019-07-23 18:19:58 - [TEST_STEP][PASSED] - click(findTestObject("OCS-DESKTOP/Age gate and Mega menu/button_Start Browsing")): Object: 'Object Repository/OCS-DESKTOP/Age gate and Mega menu/button_Start Browsing' is clicked on

2019-07-23 18:19:58 - [MESSAGE][PASSED] - Object: 'Object Repository/OCS-DESKTOP/Age gate and Mega menu/button_Start Browsing' is clicked on

2019-07-23 18:19:58 - [TEST_STEP][PASSED] - delay(2): Delayed 2 second(s)

2019-07-23 18:20:00 - [MESSAGE][PASSED] - Delayed 2 second(s)

2019-07-23 18:20:00 - [TEST_STEP][PASSED] - refresh(): Refresh successfully

2019-07-23 18:20:03 - [MESSAGE][PASSED] - Refresh successfully

2019-07-23 18:20:03 - [MESSAGE][PASSED] - Call Test Case 'Test Cases/OCS - DESKTOP/CALL- Age gate' successfully

2019-07-23 18:20:03 - [TEST_STEP][PASSED] - delay(2): Delayed 2 second(s)

2019-07-23 18:20:05 - [MESSAGE][PASSED] - Delayed 2 second(s)

2019-07-23 18:20:05 - [TEST_STEP][PASSED] - callTestCase(findTestCase("OCS - DESKTOP/CALL - TOGGLING LANGUAGE"), [:], STOP_ON_FAILURE): Call Test Case 'Test Cases/OCS - DESKTOP/CALL - TOGGLING LANGUAGE' successfully

2019-07-23 18:20:06 - [TEST_CASE][PASSED] - Test Cases/OCS - DESKTOP/CALL - TOGGLING LANGUAGE: Test Cases/OCS - DESKTOP/CALL - TOGGLING LANGUAGE

2019-07-23 18:20:06 - [TEST_STEP][PASSED] - delay(2): Delayed 2 second(s)

2019-07-23 18:20:08 - [MESSAGE][PASSED] - Delayed 2 second(s)

2019-07-23 18:20:08 - [TEST_STEP][PASSED] - click(findTestObject("OCS-DESKTOP/Cart flyout/English dropdown")): Object: 'Object Repository/OCS-DESKTOP/Cart flyout/English dropdown' is clicked on

2019-07-23 18:20:08 - [MESSAGE][PASSED] - Object: 'Object Repository/OCS-DESKTOP/Cart flyout/English dropdown' is clicked on

2019-07-23 18:20:08 - [TEST_STEP][PASSED] - delay(2): Delayed 2 second(s)

2019-07-23 18:20:10 - [MESSAGE][PASSED] - Delayed 2 second(s)

2019-07-23 18:20:10 - [TEST_STEP][PASSED] - click(findTestObject("OCS-DESKTOP/Cart flyout/Select French")): Object: 'Object Repository/OCS-DESKTOP/Cart flyout/Select French' is clicked on

2019-07-23 18:20:10 - [MESSAGE][PASSED] - Object: 'Object Repository/OCS-DESKTOP/Cart flyout/Select French' is clicked on

2019-07-23 18:20:10 - [TEST_STEP][PASSED] - delay(5): Delayed 5 second(s)

2019-07-23 18:20:15 - [MESSAGE][PASSED] - Delayed 5 second(s)

2019-07-23 18:20:15 - [TEST_STEP][PASSED] - e = getWindowTitle(): Current window's title is: 'Magasin de Cannabis de l'Ontario | Ontario Cannabis Store'

2019-07-23 18:20:15 - [MESSAGE][PASSED] - Current window's title is: 'Magasin de Cannabis de l'Ontario | Ontario Cannabis Store'

2019-07-23 18:20:15 - [MESSAGE][PASSED] - Call Test Case 'Test Cases/OCS - DESKTOP/CALL - TOGGLING LANGUAGE' successfully

2019-07-23 18:20:15 - [TEST_STEP][PASSED] - click(findTestObject("OCS-DESKTOP/Age gate and Mega menu/Header/CANNABIS menu - English")): Object: 'Object Repository/OCS-DESKTOP/Age gate and Mega menu/Header/CANNABIS menu - English' is clicked on

2019-07-23 18:20:15 - [MESSAGE][PASSED] - Object: 'Object Repository/OCS-DESKTOP/Age gate and Mega menu/Header/CANNABIS menu - English' is clicked on

2019-07-23 18:20:15 - [TEST_STEP][PASSED] - delay(2): Delayed 2 second(s)

2019-07-23 18:20:17 - [MESSAGE][PASSED] - Delayed 2 second(s)

2019-07-23 18:20:17 - [TEST_STEP][PASSED] - executeJavaScript("var previewBar = document.getElementById("preview-bar-iframe"); previewBar.style.display = "none";", []): Execute JavaScript 'var previewBar = document.getElementById("preview-bar-iframe"); previewBar.style.display = "none";' successfully

2019-07-23 18:20:17 - [MESSAGE][PASSED] - Execute JavaScript 'var previewBar = document.getElementById("preview-bar-iframe"); previewBar.style.display = "none";' successfully

2019-07-23 18:20:17 - [TEST_STEP][PASSED] - click(findTestObject("OCS-DESKTOP/Age gate and Mega menu/Indica Dominant_Menu item")): Object: 'Object Repository/OCS-DESKTOP/Age gate and Mega menu/Indica Dominant_Menu item' is clicked on

2019-07-23 18:20:19 - [MESSAGE][PASSED] - Object: 'Object Repository/OCS-DESKTOP/Age gate and Mega menu/Indica Dominant_Menu item' is clicked on

2019-07-23 18:20:19 - [TEST_STEP][PASSED] - executeJavaScript("var previewBar = document.getElementById("preview-bar-iframe"); previewBar.style.display = "none";", []): Execute JavaScript 'var previewBar = document.getElementById("preview-bar-iframe"); previewBar.style.display = "none";' successfully

2019-07-23 18:20:19 - [MESSAGE][PASSED] - Execute JavaScript 'var previewBar = document.getElementById("preview-bar-iframe"); previewBar.style.display = "none";' successfully

2019-07-23 18:20:19 - [TEST_STEP][PASSED] - delay(2): Delayed 2 second(s)

2019-07-23 18:20:21 - [MESSAGE][PASSED] - Delayed 2 second(s)

2019-07-23 18:20:21 - [TEST_STEP][PASSED] - click(findTestObject("FRENCH/Product image - 1st one")): Object: 'Object Repository/FRENCH/Product image - 1st one' is clicked on

2019-07-23 18:20:26 - [MESSAGE][PASSED] - Object: 'Object Repository/FRENCH/Product image - 1st one' is clicked on

2019-07-23 18:20:26 - [TEST_STEP][PASSED] - executeJavaScript("var previewBar = document.getElementById("preview-bar-iframe"); previewBar.style.display = "none";", []): Execute JavaScript 'var previewBar = document.getElementById("preview-bar-iframe"); previewBar.style.display = "none";' successfully

2019-07-23 18:20:26 - [MESSAGE][PASSED] - Execute JavaScript 'var previewBar = document.getElementById("preview-bar-iframe"); previewBar.style.display = "none";' successfully

2019-07-23 18:20:26 - [TEST_STEP][PASSED] - delay(3): Delayed 3 second(s)

2019-07-23 18:20:29 - [MESSAGE][PASSED] - Delayed 3 second(s)

2019-07-23 18:20:29 - [TEST_STEP][PASSED] - click(findTestObject("OCS-DESKTOP/Product page/Swatch_1g")): Object: 'Object Repository/OCS-DESKTOP/Product page/Swatch_1g' is clicked on

2019-07-23 18:20:29 - [MESSAGE][PASSED] - Object: 'Object Repository/OCS-DESKTOP/Product page/Swatch_1g' is clicked on

2019-07-23 18:20:29 - [TEST_STEP][PASSED] - delay(2): Delayed 2 second(s)

2019-07-23 18:20:31 - [MESSAGE][PASSED] - Delayed 2 second(s)

2019-07-23 18:20:31 - [TEST_STEP][PASSED] - click(findTestObject("OCS-DESKTOP/Product page/Add to Bag-button")): Object: 'Object Repository/OCS-DESKTOP/Product page/Add to Bag-button' is clicked on

2019-07-23 18:20:31 - [MESSAGE][PASSED] - Object: 'Object Repository/OCS-DESKTOP/Product page/Add to Bag-button' is clicked on

2019-07-23 18:20:31 - [TEST_STEP][PASSED] - delay(2): Delayed 2 second(s)

2019-07-23 18:20:33 - [MESSAGE][PASSED] - Delayed 2 second(s)

2019-07-23 18:20:33 - [TEST_STEP][PASSED] - click(findTestObject("OCS-DESKTOP/Product page/Quantity Increase - Button")): Object: 'Object Repository/OCS-DESKTOP/Product page/Quantity Increase - Button' is clicked on

2019-07-23 18:20:33 - [MESSAGE][PASSED] - Object: 'Object Repository/OCS-DESKTOP/Product page/Quantity Increase - Button' is clicked on

2019-07-23 18:20:33 - [TEST_STEP][PASSED] - delay(2): Delayed 2 second(s)

2019-07-23 18:20:35 - [MESSAGE][PASSED] - Delayed 2 second(s)

2019-07-23 18:20:35 - [TEST_STEP][PASSED] - click(findTestObject("OCS-DESKTOP/Home - page/view my bag - cart dropdown"), OPTIONAL): Object: 'Object Repository/OCS-DESKTOP/Home - page/view my bag - cart dropdown' is clicked on

2019-07-23 18:20:35 - [MESSAGE][PASSED] - Object: 'Object Repository/OCS-DESKTOP/Home - page/view my bag - cart dropdown' is clicked on

2019-07-23 18:20:35 - [TEST_STEP][PASSED] - delay(2): Delayed 2 second(s)

2019-07-23 18:20:37 - [MESSAGE][PASSED] - Delayed 2 second(s)

2019-07-23 18:20:37 - [TEST_STEP][PASSED] - a = getText(findTestObject("OCS-DESKTOP/Cart flyout/Unit price - Product")): Text of object 'Object Repository/OCS-DESKTOP/Cart flyout/Unit price - Product' is: '10,50 $'

2019-07-23 18:20:37 - [MESSAGE][PASSED] - Text of object 'Object Repository/OCS-DESKTOP/Cart flyout/Unit price - Product' is: '10,50 $'

2019-07-23 18:20:37 - [TEST_STEP][PASSED] - comment(a): 10,50 $

2019-07-23 18:20:37 - [MESSAGE][INFO] - 10,50 $

2019-07-23 18:20:37 - [TEST_STEP][PASSED] - b = a.substring(1): null

2019-07-23 18:20:37 - [TEST_STEP][PASSED] - comment(b): 0,50 $

2019-07-23 18:20:37 - [MESSAGE][INFO] - 0,50 $

2019-07-23 18:20:37 - [TEST_STEP][PASSED] - la = b.substring(0, b.length() - 1): null

2019-07-23 18:20:37 - [TEST_STEP][PASSED] - comment("la=" + la): la=0,50 

2019-07-23 18:20:37 - [MESSAGE][INFO] - la=0,50 

2019-07-23 18:20:37 - [TEST_STEP][PASSED] - la1 = la.substring(0, la.length() - 1): null

2019-07-23 18:20:37 - [TEST_STEP][PASSED] - comment(" la1 =" + la1):  la1 =0,50

2019-07-23 18:20:37 - [MESSAGE][INFO] -  la1 =0,50

2019-07-23 18:20:37 - [TEST_STEP][PASSED] - la2 = la1.substring(0, la1.length() - 1): null

2019-07-23 18:20:37 - [TEST_STEP][PASSED] - comment("la2 =" + la2): la2 =0,5

2019-07-23 18:20:37 - [MESSAGE][INFO] - la2 =0,5

2019-07-23 18:20:37 - [TEST_STEP][PASSED] - click(findTestObject("OCS-DESKTOP/Cart flyout/input_-_updates")): Object: 'Object Repository/OCS-DESKTOP/Cart flyout/input_-_updates' is clicked on

2019-07-23 18:20:37 - [MESSAGE][PASSED] - Object: 'Object Repository/OCS-DESKTOP/Cart flyout/input_-_updates' is clicked on

2019-07-23 18:20:37 - [TEST_STEP][PASSED] - delay(1): Delayed 1 second(s)

2019-07-23 18:20:38 - [MESSAGE][PASSED] - Delayed 1 second(s)

2019-07-23 18:20:38 - [TEST_STEP][PASSED] - doubleClick(findTestObject("OCS-DESKTOP/Cart flyout/input_-_updates")): Object: 'Object Repository/OCS-DESKTOP/Cart flyout/input_-_updates' is double clicked on

2019-07-23 18:20:38 - [MESSAGE][PASSED] - Object: 'Object Repository/OCS-DESKTOP/Cart flyout/input_-_updates' is double clicked on

2019-07-23 18:20:38 - [TEST_STEP][PASSED] - delay(1): Delayed 1 second(s)

2019-07-23 18:20:39 - [MESSAGE][PASSED] - Delayed 1 second(s)

2019-07-23 18:20:39 - [TEST_STEP][PASSED] - setText(findTestObject("OCS-DESKTOP/Cart flyout/input_-_updates"), "3"): Text '3' is set on object 'Object Repository/OCS-DESKTOP/Cart flyout/input_-_updates'

2019-07-23 18:20:40 - [MESSAGE][PASSED] - Text '3' is set on object 'Object Repository/OCS-DESKTOP/Cart flyout/input_-_updates'

2019-07-23 18:20:40 - [TEST_STEP][PASSED] - delay(2): Delayed 2 second(s)

2019-07-23 18:20:42 - [MESSAGE][PASSED] - Delayed 2 second(s)

2019-07-23 18:20:42 - [TEST_STEP][PASSED] - click(findTestObject("OCS-DESKTOP/Cart flyout/Quantity increase - Product")): Object: 'Object Repository/OCS-DESKTOP/Cart flyout/Quantity increase - Product' is clicked on

2019-07-23 18:20:42 - [MESSAGE][PASSED] - Object: 'Object Repository/OCS-DESKTOP/Cart flyout/Quantity increase - Product' is clicked on

2019-07-23 18:20:42 - [TEST_STEP][PASSED] - delay(2): Delayed 2 second(s)

2019-07-23 18:20:44 - [MESSAGE][PASSED] - Delayed 2 second(s)

2019-07-23 18:20:44 - [TEST_STEP][PASSED] - click(findTestObject("OCS-DESKTOP/Cart flyout/Quantity increase - Product")): Object: 'Object Repository/OCS-DESKTOP/Cart flyout/Quantity increase - Product' is clicked on

2019-07-23 18:20:44 - [MESSAGE][PASSED] - Object: 'Object Repository/OCS-DESKTOP/Cart flyout/Quantity increase - Product' is clicked on

2019-07-23 18:20:44 - [TEST_STEP][PASSED] - delay(2): Delayed 2 second(s)

2019-07-23 18:20:46 - [MESSAGE][PASSED] - Delayed 2 second(s)

2019-07-23 18:20:46 - [TEST_STEP][PASSED] - click(findTestObject("OCS-DESKTOP/Cart flyout/Quantity increase - Product")): Object: 'Object Repository/OCS-DESKTOP/Cart flyout/Quantity increase - Product' is clicked on

2019-07-23 18:20:46 - [MESSAGE][PASSED] - Object: 'Object Repository/OCS-DESKTOP/Cart flyout/Quantity increase - Product' is clicked on

2019-07-23 18:20:46 - [TEST_STEP][PASSED] - delay(2): Delayed 2 second(s)

2019-07-23 18:20:48 - [MESSAGE][PASSED] - Delayed 2 second(s)

2019-07-23 18:20:48 - [TEST_STEP][PASSED] - c = getText(findTestObject("OCS-DESKTOP/Cart flyout/Sub-total Price")): Text of object 'Object Repository/OCS-DESKTOP/Cart flyout/Sub-total Price' is: '42,00 $'

2019-07-23 18:20:48 - [MESSAGE][PASSED] - Text of object 'Object Repository/OCS-DESKTOP/Cart flyout/Sub-total Price' is: '42,00 $'

2019-07-23 18:20:48 - [TEST_STEP][PASSED] - comment(c): 42,00 $

2019-07-23 18:20:48 - [MESSAGE][INFO] - 42,00 $

2019-07-23 18:20:48 - [TEST_STEP][PASSED] - d = c.substring(1): null

2019-07-23 18:20:48 - [TEST_STEP][PASSED] - comment(d): 2,00 $

2019-07-23 18:20:48 - [MESSAGE][INFO] - 2,00 $

2019-07-23 18:20:48 - [TEST_STEP][PASSED] - verifyNotEqual("c", "d"): Actual object 'c' and expected object 'd' are not equal

2019-07-23 18:20:48 - [MESSAGE][PASSED] - Actual object 'c' and expected object 'd' are not equal

2019-07-23 18:20:48 - [TEST_STEP][PASSED] - comment(" price changed . Quantity selector is working"):  price changed . Quantity selector is working

2019-07-23 18:20:48 - [MESSAGE][INFO] -  price changed . Quantity selector is working

2019-07-23 18:20:48 - [TEST_STEP][PASSED] - callTestCase(findTestCase("OCS - DESKTOP/CALL- SHIPPING TO PAYMENT"), [:], STOP_ON_FAILURE): Call Test Case 'Test Cases/OCS - DESKTOP/CALL- SHIPPING TO PAYMENT' successfully

2019-07-23 18:20:48 - [TEST_CASE][PASSED] - Test Cases/OCS - DESKTOP/CALL- SHIPPING TO PAYMENT: Test Cases/OCS - DESKTOP/CALL- SHIPPING TO PAYMENT

2019-07-23 18:20:48 - [TEST_STEP][PASSED] - delay(1): Delayed 1 second(s)

2019-07-23 18:20:49 - [MESSAGE][PASSED] - Delayed 1 second(s)

2019-07-23 18:20:49 - [TEST_STEP][PASSED] - click(findTestObject("OCS-DESKTOP/Cart flyout/Checkbox_I confirm that")): Object: 'Object Repository/OCS-DESKTOP/Cart flyout/Checkbox_I confirm that' is clicked on

2019-07-23 18:20:49 - [MESSAGE][PASSED] - Object: 'Object Repository/OCS-DESKTOP/Cart flyout/Checkbox_I confirm that' is clicked on

2019-07-23 18:20:49 - [TEST_STEP][PASSED] - delay(1): Delayed 1 second(s)

2019-07-23 18:20:50 - [MESSAGE][PASSED] - Delayed 1 second(s)

2019-07-23 18:20:50 - [TEST_STEP][PASSED] - click(findTestObject("OCS-DESKTOP/Cart flyout/Checkbox_Accept the Terms Condition")): Object: 'Object Repository/OCS-DESKTOP/Cart flyout/Checkbox_Accept the Terms Condition' is clicked on

2019-07-23 18:20:50 - [MESSAGE][PASSED] - Object: 'Object Repository/OCS-DESKTOP/Cart flyout/Checkbox_Accept the Terms Condition' is clicked on

2019-07-23 18:20:50 - [TEST_STEP][PASSED] - delay(1): Delayed 1 second(s)

2019-07-23 18:20:51 - [MESSAGE][PASSED] - Delayed 1 second(s)

2019-07-23 18:20:51 - [TEST_STEP][PASSED] - click(findTestObject("OCS-DESKTOP/Cart flyout/Checkout - Button")): Object: 'Object Repository/OCS-DESKTOP/Cart flyout/Checkout - Button' is clicked on

2019-07-23 18:20:53 - [MESSAGE][PASSED] - Object: 'Object Repository/OCS-DESKTOP/Cart flyout/Checkout - Button' is clicked on

2019-07-23 18:20:53 - [TEST_STEP][PASSED] - executeJavaScript("var previewBar = document.getElementById("preview-bar-iframe"); previewBar.style.display = "none";", []): Execute JavaScript 'var previewBar = document.getElementById("preview-bar-iframe"); previewBar.style.display = "none";' successfully

2019-07-23 18:20:53 - [MESSAGE][PASSED] - Execute JavaScript 'var previewBar = document.getElementById("preview-bar-iframe"); previewBar.style.display = "none";' successfully

2019-07-23 18:20:53 - [TEST_STEP][PASSED] - delay(2): Delayed 2 second(s)

2019-07-23 18:20:56 - [MESSAGE][PASSED] - Delayed 2 second(s)

2019-07-23 18:20:56 - [TEST_STEP][PASSED] - setText(findTestObject("Object Repository/Page_Ontario Cannabis Store - Infor/input_Adresse e-mail_checkoute"), "suman@gmail.com"): Text 'suman@gmail.com' is set on object 'Object Repository/Page_Ontario Cannabis Store - Infor/input_Adresse e-mail_checkoute'

2019-07-23 18:20:56 - [MESSAGE][PASSED] - Text 'suman@gmail.com' is set on object 'Object Repository/Page_Ontario Cannabis Store - Infor/input_Adresse e-mail_checkoute'

2019-07-23 18:20:56 - [TEST_STEP][PASSED] - setText(findTestObject("Object Repository/Page_Ontario Cannabis Store - Infor/input_Prnom_checkoutshipping_a"), "suman"): Text 'suman' is set on object 'Object Repository/Page_Ontario Cannabis Store - Infor/input_Prnom_checkoutshipping_a'

2019-07-23 18:20:56 - [MESSAGE][PASSED] - Text 'suman' is set on object 'Object Repository/Page_Ontario Cannabis Store - Infor/input_Prnom_checkoutshipping_a'

2019-07-23 18:20:56 - [TEST_STEP][PASSED] - setText(findTestObject("Object Repository/Page_Ontario Cannabis Store - Infor/input_Nom_checkoutshipping_add"), "kompelly"): Text 'kompelly' is set on object 'Object Repository/Page_Ontario Cannabis Store - Infor/input_Nom_checkoutshipping_add'

2019-07-23 18:20:56 - [MESSAGE][PASSED] - Text 'kompelly' is set on object 'Object Repository/Page_Ontario Cannabis Store - Infor/input_Nom_checkoutshipping_add'

2019-07-23 18:20:56 - [TEST_STEP][PASSED] - setText(findTestObject("Object Repository/Page_Ontario Cannabis Store - Infor/input_Adresse_checkoutshipping"), "123 test"): Text '123 test' is set on object 'Object Repository/Page_Ontario Cannabis Store - Infor/input_Adresse_checkoutshipping'

2019-07-23 18:20:56 - [MESSAGE][PASSED] - Text '123 test' is set on object 'Object Repository/Page_Ontario Cannabis Store - Infor/input_Adresse_checkoutshipping'

2019-07-23 18:20:56 - [TEST_STEP][PASSED] - setText(findTestObject("Object Repository/Page_Ontario Cannabis Store - Infor/input_Appartement suite etc. ("), "123"): Text '123' is set on object 'Object Repository/Page_Ontario Cannabis Store - Infor/input_Appartement suite etc. ('

2019-07-23 18:20:56 - [MESSAGE][PASSED] - Text '123' is set on object 'Object Repository/Page_Ontario Cannabis Store - Infor/input_Appartement suite etc. ('

2019-07-23 18:20:56 - [TEST_STEP][PASSED] - setText(findTestObject("Object Repository/Page_Ontario Cannabis Store - Infor/input_Ville_checkoutshipping_a"), "montreal"): Text 'montreal' is set on object 'Object Repository/Page_Ontario Cannabis Store - Infor/input_Ville_checkoutshipping_a'

2019-07-23 18:20:56 - [MESSAGE][PASSED] - Text 'montreal' is set on object 'Object Repository/Page_Ontario Cannabis Store - Infor/input_Ville_checkoutshipping_a'

2019-07-23 18:20:56 - [TEST_STEP][PASSED] - setText(findTestObject("Object Repository/Page_Ontario Cannabis Store - Infor/input_Code postal_checkoutship"), "n0r1k0"): Text 'n0r1k0' is set on object 'Object Repository/Page_Ontario Cannabis Store - Infor/input_Code postal_checkoutship'

2019-07-23 18:20:56 - [MESSAGE][PASSED] - Text 'n0r1k0' is set on object 'Object Repository/Page_Ontario Cannabis Store - Infor/input_Code postal_checkoutship'

2019-07-23 18:20:56 - [TEST_STEP][PASSED] - setText(findTestObject("Object Repository/Page_Ontario Cannabis Store - Infor/input_Tlphone_checkoutshipping"), "514-449-3883"): Text '514-449-3883' is set on object 'Object Repository/Page_Ontario Cannabis Store - Infor/input_Tlphone_checkoutshipping'

2019-07-23 18:20:56 - [MESSAGE][PASSED] - Text '514-449-3883' is set on object 'Object Repository/Page_Ontario Cannabis Store - Infor/input_Tlphone_checkoutshipping'

2019-07-23 18:20:56 - [TEST_STEP][PASSED] - delay(2): Delayed 2 second(s)

2019-07-23 18:20:58 - [MESSAGE][PASSED] - Delayed 2 second(s)

2019-07-23 18:20:58 - [TEST_STEP][PASSED] - click(findTestObject("Object Repository/Page_Ontario Cannabis Store - Infor/button_Continuer vers le mode")): Object: 'Object Repository/Page_Ontario Cannabis Store - Infor/button_Continuer vers le mode' is clicked on

2019-07-23 18:21:00 - [MESSAGE][PASSED] - Object: 'Object Repository/Page_Ontario Cannabis Store - Infor/button_Continuer vers le mode' is clicked on

2019-07-23 18:21:00 - [TEST_STEP][PASSED] - delay(4): Delayed 4 second(s)

2019-07-23 18:21:04 - [MESSAGE][PASSED] - Delayed 4 second(s)

2019-07-23 18:21:04 - [TEST_STEP][PASSED] - executeJavaScript("var previewBar = document.getElementById("preview-bar-iframe"); previewBar.style.display = "none";", []): Execute JavaScript 'var previewBar = document.getElementById("preview-bar-iframe"); previewBar.style.display = "none";' successfully

2019-07-23 18:21:04 - [MESSAGE][PASSED] - Execute JavaScript 'var previewBar = document.getElementById("preview-bar-iframe"); previewBar.style.display = "none";' successfully

2019-07-23 18:21:04 - [TEST_STEP][PASSED] - delay(2): Delayed 2 second(s)

2019-07-23 18:21:06 - [MESSAGE][PASSED] - Delayed 2 second(s)

2019-07-23 18:21:06 - [TEST_STEP][PASSED] - click(findTestObject("Object Repository/Page_Ontario Cannabis Store - Livra/button_Continuer vers le moyen")): Object: 'Object Repository/Page_Ontario Cannabis Store - Livra/button_Continuer vers le moyen' is clicked on

2019-07-23 18:21:09 - [MESSAGE][PASSED] - Object: 'Object Repository/Page_Ontario Cannabis Store - Livra/button_Continuer vers le moyen' is clicked on

2019-07-23 18:21:09 - [MESSAGE][PASSED] - Call Test Case 'Test Cases/OCS - DESKTOP/CALL- SHIPPING TO PAYMENT' successfully]]></system-out>
         <system-err><![CDATA[]]></system-err>
      </testcase>
      <testcase name="Test Cases/OCS - DESKTOP/OCS- CRITICAL PATH - FRENCH/Cart flyout - Price comparison-fr" classname="Test Cases/OCS - DESKTOP/OCS- CRITICAL PATH - FRENCH/Cart flyout - Price comparison-fr" status="PASSED">
         <system-out><![CDATA[2019-07-23 18:21:09 - [TEST_CASE][PASSED] - Test Cases/OCS - DESKTOP/OCS- CRITICAL PATH - FRENCH/Cart flyout - Price comparison-fr: Test Cases/OCS - DESKTOP/OCS- CRITICAL PATH - FRENCH/Cart flyout - Price comparison-fr

2019-07-23 18:21:09 - [TEST_STEP][PASSED] - callTestCase(findTestCase("OCS - DESKTOP/CALL- Age gate"), [:], STOP_ON_FAILURE): Call Test Case 'Test Cases/OCS - DESKTOP/CALL- Age gate' successfully

2019-07-23 18:21:09 - [TEST_CASE][PASSED] - Test Cases/OCS - DESKTOP/CALL- Age gate: Test Cases/OCS - DESKTOP/CALL- Age gate

2019-07-23 18:21:09 - [TEST_STEP][PASSED] - openBrowser(""): Browser is opened with url: ''

2019-07-23 18:21:09 - [MESSAGE][WARNING] - A browser is already opened. Closing browser and opening a new one

2019-07-23 18:21:09 - [MESSAGE][INFO] - Starting 'Chrome' driver

2019-07-23 18:21:10 - [MESSAGE][PASSED] - Browser is opened with url: ''

2019-07-23 18:21:10 - [TEST_STEP][PASSED] - navigateToUrl("https://ocs.ca/?fts=0&preview_theme_id=74209363788"): Navigate to 'https://ocs.ca/?fts=0&preview_theme_id=74209363788' successfully

2019-07-23 18:21:16 - [MESSAGE][PASSED] - Navigate to 'https://ocs.ca/?fts=0&preview_theme_id=74209363788' successfully

2019-07-23 18:21:16 - [TEST_STEP][PASSED] - maximizeWindow(): Current window maximized

2019-07-23 18:21:16 - [MESSAGE][PASSED] - Current window maximized

2019-07-23 18:21:16 - [TEST_STEP][PASSED] - delay(2): Delayed 2 second(s)

2019-07-23 18:21:18 - [MESSAGE][PASSED] - Delayed 2 second(s)

2019-07-23 18:21:18 - [TEST_STEP][PASSED] - executeJavaScript("var previewBar = document.getElementById("preview-bar-iframe"); previewBar.style.display = "none";", []): Execute JavaScript 'var previewBar = document.getElementById("preview-bar-iframe"); previewBar.style.display = "none";' successfully

2019-07-23 18:21:18 - [MESSAGE][PASSED] - Execute JavaScript 'var previewBar = document.getElementById("preview-bar-iframe"); previewBar.style.display = "none";' successfully

2019-07-23 18:21:18 - [TEST_STEP][PASSED] - selectOptionByValue(findTestObject("OCS-DESKTOP/Age gate and Mega menu/Date"), "12", true): All options with value '12' are selected in object 'Object Repository/OCS-DESKTOP/Age gate and Mega menu/Date'  using regular expression

2019-07-23 18:21:18 - [MESSAGE][PASSED] - All options with value '12' are selected in object 'Object Repository/OCS-DESKTOP/Age gate and Mega menu/Date'  using regular expression

2019-07-23 18:21:18 - [TEST_STEP][PASSED] - selectOptionByValue(findTestObject("OCS-DESKTOP/Age gate and Mega menu/month"), "6", true): All options with value '6' are selected in object 'Object Repository/OCS-DESKTOP/Age gate and Mega menu/month'  using regular expression

2019-07-23 18:21:19 - [MESSAGE][PASSED] - All options with value '6' are selected in object 'Object Repository/OCS-DESKTOP/Age gate and Mega menu/month'  using regular expression

2019-07-23 18:21:19 - [TEST_STEP][PASSED] - delay(2): Delayed 2 second(s)

2019-07-23 18:21:21 - [MESSAGE][PASSED] - Delayed 2 second(s)

2019-07-23 18:21:21 - [TEST_STEP][PASSED] - selectOptionByValue(findTestObject("OCS-DESKTOP/Age gate and Mega menu/Year Dropdown"), "1990", true): All options with value '1990' are selected in object 'Object Repository/OCS-DESKTOP/Age gate and Mega menu/Year Dropdown'  using regular expression

2019-07-23 18:21:22 - [MESSAGE][PASSED] - All options with value '1990' are selected in object 'Object Repository/OCS-DESKTOP/Age gate and Mega menu/Year Dropdown'  using regular expression

2019-07-23 18:21:22 - [TEST_STEP][PASSED] - click(findTestObject("OCS-DESKTOP/Age gate and Mega menu/button_Verify")): Object: 'Object Repository/OCS-DESKTOP/Age gate and Mega menu/button_Verify' is clicked on

2019-07-23 18:21:22 - [MESSAGE][PASSED] - Object: 'Object Repository/OCS-DESKTOP/Age gate and Mega menu/button_Verify' is clicked on

2019-07-23 18:21:22 - [TEST_STEP][PASSED] - click(findTestObject("OCS-DESKTOP/Age gate and Mega menu/Checkbox_CONFIRM AND ACKNOWLEDGE")): Object: 'Object Repository/OCS-DESKTOP/Age gate and Mega menu/Checkbox_CONFIRM AND ACKNOWLEDGE' is clicked on

2019-07-23 18:21:22 - [MESSAGE][PASSED] - Object: 'Object Repository/OCS-DESKTOP/Age gate and Mega menu/Checkbox_CONFIRM AND ACKNOWLEDGE' is clicked on

2019-07-23 18:21:22 - [TEST_STEP][PASSED] - click(findTestObject("OCS-DESKTOP/Age gate and Mega menu/button_CONFIRM")): Object: 'Object Repository/OCS-DESKTOP/Age gate and Mega menu/button_CONFIRM' is clicked on

2019-07-23 18:21:22 - [MESSAGE][PASSED] - Object: 'Object Repository/OCS-DESKTOP/Age gate and Mega menu/button_CONFIRM' is clicked on

2019-07-23 18:21:22 - [TEST_STEP][PASSED] - click(findTestObject("OCS-DESKTOP/Age gate and Mega menu/button_Start Browsing")): Object: 'Object Repository/OCS-DESKTOP/Age gate and Mega menu/button_Start Browsing' is clicked on

2019-07-23 18:21:22 - [MESSAGE][PASSED] - Object: 'Object Repository/OCS-DESKTOP/Age gate and Mega menu/button_Start Browsing' is clicked on

2019-07-23 18:21:22 - [TEST_STEP][PASSED] - delay(2): Delayed 2 second(s)

2019-07-23 18:21:24 - [MESSAGE][PASSED] - Delayed 2 second(s)

2019-07-23 18:21:24 - [TEST_STEP][PASSED] - refresh(): Refresh successfully

2019-07-23 18:21:24 - [MESSAGE][PASSED] - Refresh successfully

2019-07-23 18:21:24 - [MESSAGE][PASSED] - Call Test Case 'Test Cases/OCS - DESKTOP/CALL- Age gate' successfully

2019-07-23 18:21:24 - [TEST_STEP][PASSED] - delay(2): Delayed 2 second(s)

2019-07-23 18:21:26 - [MESSAGE][PASSED] - Delayed 2 second(s)

2019-07-23 18:21:26 - [TEST_STEP][PASSED] - callTestCase(findTestCase("OCS - DESKTOP/CALL - TOGGLING LANGUAGE"), [:], STOP_ON_FAILURE): Call Test Case 'Test Cases/OCS - DESKTOP/CALL - TOGGLING LANGUAGE' successfully

2019-07-23 18:21:26 - [TEST_CASE][PASSED] - Test Cases/OCS - DESKTOP/CALL - TOGGLING LANGUAGE: Test Cases/OCS - DESKTOP/CALL - TOGGLING LANGUAGE

2019-07-23 18:21:26 - [TEST_STEP][PASSED] - delay(2): Delayed 2 second(s)

2019-07-23 18:21:28 - [MESSAGE][PASSED] - Delayed 2 second(s)

2019-07-23 18:21:28 - [TEST_STEP][PASSED] - click(findTestObject("OCS-DESKTOP/Cart flyout/English dropdown")): Object: 'Object Repository/OCS-DESKTOP/Cart flyout/English dropdown' is clicked on

2019-07-23 18:21:28 - [MESSAGE][PASSED] - Object: 'Object Repository/OCS-DESKTOP/Cart flyout/English dropdown' is clicked on

2019-07-23 18:21:28 - [TEST_STEP][PASSED] - delay(2): Delayed 2 second(s)

2019-07-23 18:21:30 - [MESSAGE][PASSED] - Delayed 2 second(s)

2019-07-23 18:21:30 - [TEST_STEP][PASSED] - click(findTestObject("OCS-DESKTOP/Cart flyout/Select French")): Object: 'Object Repository/OCS-DESKTOP/Cart flyout/Select French' is clicked on

2019-07-23 18:21:31 - [MESSAGE][PASSED] - Object: 'Object Repository/OCS-DESKTOP/Cart flyout/Select French' is clicked on

2019-07-23 18:21:31 - [TEST_STEP][PASSED] - delay(5): Delayed 5 second(s)

2019-07-23 18:21:36 - [MESSAGE][PASSED] - Delayed 5 second(s)

2019-07-23 18:21:36 - [TEST_STEP][PASSED] - e = getWindowTitle(): Current window's title is: 'Magasin de Cannabis de l'Ontario | Ontario Cannabis Store'

2019-07-23 18:21:36 - [MESSAGE][PASSED] - Current window's title is: 'Magasin de Cannabis de l'Ontario | Ontario Cannabis Store'

2019-07-23 18:21:36 - [MESSAGE][PASSED] - Call Test Case 'Test Cases/OCS - DESKTOP/CALL - TOGGLING LANGUAGE' successfully

2019-07-23 18:21:36 - [TEST_STEP][PASSED] - click(findTestObject("OCS-DESKTOP/Age gate and Mega menu/Header/CANNABIS menu - English")): Object: 'Object Repository/OCS-DESKTOP/Age gate and Mega menu/Header/CANNABIS menu - English' is clicked on

2019-07-23 18:21:36 - [MESSAGE][PASSED] - Object: 'Object Repository/OCS-DESKTOP/Age gate and Mega menu/Header/CANNABIS menu - English' is clicked on

2019-07-23 18:21:36 - [TEST_STEP][PASSED] - delay(2): Delayed 2 second(s)

2019-07-23 18:21:38 - [MESSAGE][PASSED] - Delayed 2 second(s)

2019-07-23 18:21:38 - [TEST_STEP][PASSED] - executeJavaScript("var previewBar = document.getElementById("preview-bar-iframe"); previewBar.style.display = "none";", []): Execute JavaScript 'var previewBar = document.getElementById("preview-bar-iframe"); previewBar.style.display = "none";' successfully

2019-07-23 18:21:38 - [MESSAGE][PASSED] - Execute JavaScript 'var previewBar = document.getElementById("preview-bar-iframe"); previewBar.style.display = "none";' successfully

2019-07-23 18:21:38 - [TEST_STEP][PASSED] - click(findTestObject("OCS-DESKTOP/Age gate and Mega menu/Indica Dominant_Menu item")): Object: 'Object Repository/OCS-DESKTOP/Age gate and Mega menu/Indica Dominant_Menu item' is clicked on

2019-07-23 18:21:40 - [MESSAGE][PASSED] - Object: 'Object Repository/OCS-DESKTOP/Age gate and Mega menu/Indica Dominant_Menu item' is clicked on

2019-07-23 18:21:40 - [TEST_STEP][PASSED] - executeJavaScript("var previewBar = document.getElementById("preview-bar-iframe"); previewBar.style.display = "none";", []): Execute JavaScript 'var previewBar = document.getElementById("preview-bar-iframe"); previewBar.style.display = "none";' successfully

2019-07-23 18:21:40 - [MESSAGE][PASSED] - Execute JavaScript 'var previewBar = document.getElementById("preview-bar-iframe"); previewBar.style.display = "none";' successfully

2019-07-23 18:21:40 - [TEST_STEP][PASSED] - delay(2): Delayed 2 second(s)

2019-07-23 18:21:42 - [MESSAGE][PASSED] - Delayed 2 second(s)

2019-07-23 18:21:42 - [TEST_STEP][PASSED] - click(findTestObject("FRENCH/Product image - 1st one")): Object: 'Object Repository/FRENCH/Product image - 1st one' is clicked on

2019-07-23 18:21:47 - [MESSAGE][PASSED] - Object: 'Object Repository/FRENCH/Product image - 1st one' is clicked on

2019-07-23 18:21:47 - [TEST_STEP][PASSED] - executeJavaScript("var previewBar = document.getElementById("preview-bar-iframe"); previewBar.style.display = "none";", []): Execute JavaScript 'var previewBar = document.getElementById("preview-bar-iframe"); previewBar.style.display = "none";' successfully

2019-07-23 18:21:47 - [MESSAGE][PASSED] - Execute JavaScript 'var previewBar = document.getElementById("preview-bar-iframe"); previewBar.style.display = "none";' successfully

2019-07-23 18:21:47 - [TEST_STEP][PASSED] - delay(1): Delayed 1 second(s)

2019-07-23 18:21:48 - [MESSAGE][PASSED] - Delayed 1 second(s)

2019-07-23 18:21:48 - [TEST_STEP][PASSED] - delay(3): Delayed 3 second(s)

2019-07-23 18:21:51 - [MESSAGE][PASSED] - Delayed 3 second(s)

2019-07-23 18:21:51 - [TEST_STEP][PASSED] - click(findTestObject("OCS-DESKTOP/Product page/Swatch_1g")): Object: 'Object Repository/OCS-DESKTOP/Product page/Swatch_1g' is clicked on

2019-07-23 18:21:51 - [MESSAGE][PASSED] - Object: 'Object Repository/OCS-DESKTOP/Product page/Swatch_1g' is clicked on

2019-07-23 18:21:51 - [TEST_STEP][PASSED] - delay(2): Delayed 2 second(s)

2019-07-23 18:21:53 - [MESSAGE][PASSED] - Delayed 2 second(s)

2019-07-23 18:21:53 - [TEST_STEP][PASSED] - click(findTestObject("OCS-DESKTOP/Product page/Add to Bag-button")): Object: 'Object Repository/OCS-DESKTOP/Product page/Add to Bag-button' is clicked on

2019-07-23 18:21:53 - [MESSAGE][PASSED] - Object: 'Object Repository/OCS-DESKTOP/Product page/Add to Bag-button' is clicked on

2019-07-23 18:21:53 - [TEST_STEP][PASSED] - delay(1): Delayed 1 second(s)

2019-07-23 18:21:54 - [MESSAGE][PASSED] - Delayed 1 second(s)

2019-07-23 18:21:54 - [TEST_STEP][NOT_RUN] - click(findTestObject("OCS-DESKTOP/Cart flyout/Back icon"), CONTINUE_ON_FAILURE): NOT_RUN: click(findTestObject("OCS-DESKTOP/Cart flyout/Back icon"), CONTINUE_ON_FAILURE)

2019-07-23 18:21:54 - [MESSAGE][NOT_RUN] - NOT_RUN: click(findTestObject("OCS-DESKTOP/Cart flyout/Back icon"), CONTINUE_ON_FAILURE)

2019-07-23 18:21:54 - [TEST_STEP][PASSED] - delay(2): Delayed 2 second(s)

2019-07-23 18:21:56 - [MESSAGE][PASSED] - Delayed 2 second(s)

2019-07-23 18:21:56 - [TEST_STEP][PASSED] - click(findTestObject("OCS-DESKTOP/Product page/Swatch_3.5g"), CONTINUE_ON_FAILURE): Object: 'Object Repository/OCS-DESKTOP/Product page/Swatch_3.5g' is clicked on

2019-07-23 18:21:56 - [MESSAGE][PASSED] - Object: 'Object Repository/OCS-DESKTOP/Product page/Swatch_3.5g' is clicked on

2019-07-23 18:21:56 - [TEST_STEP][PASSED] - delay(2): Delayed 2 second(s)

2019-07-23 18:21:58 - [MESSAGE][PASSED] - Delayed 2 second(s)

2019-07-23 18:21:58 - [TEST_STEP][PASSED] - click(findTestObject("OCS-DESKTOP/Product page/Add to Bag-button")): Object: 'Object Repository/OCS-DESKTOP/Product page/Add to Bag-button' is clicked on

2019-07-23 18:21:58 - [MESSAGE][PASSED] - Object: 'Object Repository/OCS-DESKTOP/Product page/Add to Bag-button' is clicked on

2019-07-23 18:21:58 - [TEST_STEP][PASSED] - delay(2): Delayed 2 second(s)

2019-07-23 18:22:00 - [MESSAGE][PASSED] - Delayed 2 second(s)

2019-07-23 18:22:00 - [TEST_STEP][PASSED] - click(findTestObject("OCS-DESKTOP/Home - page/view my bag - cart dropdown"), OPTIONAL): Object: 'Object Repository/OCS-DESKTOP/Home - page/view my bag - cart dropdown' is clicked on

2019-07-23 18:22:01 - [MESSAGE][PASSED] - Object: 'Object Repository/OCS-DESKTOP/Home - page/view my bag - cart dropdown' is clicked on

2019-07-23 18:22:01 - [TEST_STEP][PASSED] - delay(2): Delayed 2 second(s)

2019-07-23 18:22:03 - [MESSAGE][PASSED] - Delayed 2 second(s)

2019-07-23 18:22:03 - [TEST_STEP][PASSED] - a = getText(findTestObject("FRENCH/Unit price - 1st Product")): Text of object 'Object Repository/FRENCH/Unit price - 1st Product' is: '35,00 $'

2019-07-23 18:22:03 - [MESSAGE][PASSED] - Text of object 'Object Repository/FRENCH/Unit price - 1st Product' is: '35,00 $'

2019-07-23 18:22:03 - [TEST_STEP][PASSED] - comment(a): 35,00 $

2019-07-23 18:22:03 - [MESSAGE][INFO] - 35,00 $

2019-07-23 18:22:03 - [TEST_STEP][PASSED] - a1 = a.substring(0, a.length() - 1): null

2019-07-23 18:22:03 - [TEST_STEP][PASSED] - comment("a1 = " + a1): a1 = 35,00 

2019-07-23 18:22:03 - [MESSAGE][INFO] - a1 = 35,00 

2019-07-23 18:22:03 - [TEST_STEP][PASSED] - x1 = a1.substring(0, a1.length() - 1): null

2019-07-23 18:22:03 - [TEST_STEP][PASSED] - comment("x1 = " + x1): x1 = 35,00

2019-07-23 18:22:03 - [MESSAGE][INFO] - x1 = 35,00

2019-07-23 18:22:03 - [TEST_STEP][PASSED] - x2 = x1.substring(0, x1.length() - 1): null

2019-07-23 18:22:03 - [TEST_STEP][PASSED] - comment("x2 = " + x2): x2 = 35,0

2019-07-23 18:22:03 - [MESSAGE][INFO] - x2 = 35,0

2019-07-23 18:22:03 - [TEST_STEP][PASSED] - x3 = x2.substring(0, x2.length() - 1): null

2019-07-23 18:22:03 - [TEST_STEP][PASSED] - comment("x3 = " + x3): x3 = 35,

2019-07-23 18:22:03 - [MESSAGE][INFO] - x3 = 35,

2019-07-23 18:22:03 - [TEST_STEP][PASSED] - x6 = x3.substring(0, x3.length() - 1): null

2019-07-23 18:22:03 - [TEST_STEP][PASSED] - comment("x6 = " + x6): x6 = 35

2019-07-23 18:22:03 - [MESSAGE][INFO] - x6 = 35

2019-07-23 18:22:03 - [TEST_STEP][PASSED] - delay(2): Delayed 2 second(s)

2019-07-23 18:22:05 - [MESSAGE][PASSED] - Delayed 2 second(s)

2019-07-23 18:22:05 - [TEST_STEP][PASSED] - b = getText(findTestObject("FRENCH/Unit price - 2nd Product")): Text of object 'Object Repository/FRENCH/Unit price - 2nd Product' is: '10,50 $'

2019-07-23 18:22:05 - [MESSAGE][PASSED] - Text of object 'Object Repository/FRENCH/Unit price - 2nd Product' is: '10,50 $'

2019-07-23 18:22:05 - [TEST_STEP][PASSED] - comment(b): 10,50 $

2019-07-23 18:22:05 - [MESSAGE][INFO] - 10,50 $

2019-07-23 18:22:05 - [TEST_STEP][PASSED] - a2 = b.substring(0, b.length() - 1): null

2019-07-23 18:22:05 - [TEST_STEP][PASSED] - comment("a2 = " + a2): a2 = 10,50 

2019-07-23 18:22:05 - [MESSAGE][INFO] - a2 = 10,50 

2019-07-23 18:22:05 - [TEST_STEP][PASSED] - y1 = a2.substring(0, a2.length() - 1): null

2019-07-23 18:22:05 - [TEST_STEP][PASSED] - comment("y1 = " + y1): y1 = 10,50

2019-07-23 18:22:05 - [MESSAGE][INFO] - y1 = 10,50

2019-07-23 18:22:05 - [TEST_STEP][PASSED] - y2 = y1.substring(0, y1.length() - 1): null

2019-07-23 18:22:05 - [TEST_STEP][PASSED] - comment("y2 = " + y2): y2 = 10,5

2019-07-23 18:22:05 - [MESSAGE][INFO] - y2 = 10,5

2019-07-23 18:22:05 - [TEST_STEP][PASSED] - y3 = y2.substring(0, y2.length() - 1): null

2019-07-23 18:22:05 - [TEST_STEP][PASSED] - comment("y3 = " + y3): y3 = 10,

2019-07-23 18:22:05 - [MESSAGE][INFO] - y3 = 10,

2019-07-23 18:22:05 - [TEST_STEP][PASSED] - y4 = y3.substring(0, y3.length() - 1): null

2019-07-23 18:22:05 - [TEST_STEP][PASSED] - comment("y4 = " + y4): y4 = 10

2019-07-23 18:22:05 - [MESSAGE][INFO] - y4 = 10

2019-07-23 18:22:05 - [TEST_STEP][PASSED] - c = getText(findTestObject("FRENCH/Sub-total")): Text of object 'Object Repository/FRENCH/Sub-total' is: '45,50 $'

2019-07-23 18:22:05 - [MESSAGE][PASSED] - Text of object 'Object Repository/FRENCH/Sub-total' is: '45,50 $'

2019-07-23 18:22:05 - [TEST_STEP][PASSED] - comment(c): 45,50 $

2019-07-23 18:22:05 - [MESSAGE][INFO] - 45,50 $

2019-07-23 18:22:05 - [TEST_STEP][PASSED] - a3 = c.substring(0, c.length() - 1): null

2019-07-23 18:22:05 - [TEST_STEP][PASSED] - comment("a3 = " + a3): a3 = 45,50 

2019-07-23 18:22:05 - [MESSAGE][INFO] - a3 = 45,50 

2019-07-23 18:22:05 - [TEST_STEP][PASSED] - z1 = a3.substring(0, a3.length() - 1): null

2019-07-23 18:22:05 - [TEST_STEP][PASSED] - comment("z1 = " + z1): z1 = 45,50

2019-07-23 18:22:05 - [MESSAGE][INFO] - z1 = 45,50

2019-07-23 18:22:05 - [TEST_STEP][PASSED] - z2 = z1.substring(0, z1.length() - 1): null

2019-07-23 18:22:05 - [TEST_STEP][PASSED] - comment("z2 = " + z2): z2 = 45,5

2019-07-23 18:22:05 - [MESSAGE][INFO] - z2 = 45,5

2019-07-23 18:22:05 - [TEST_STEP][PASSED] - z3 = z2.substring(0, z2.length() - 1): null

2019-07-23 18:22:05 - [TEST_STEP][PASSED] - comment("z3 = " + z3): z3 = 45,

2019-07-23 18:22:05 - [MESSAGE][INFO] - z3 = 45,

2019-07-23 18:22:05 - [TEST_STEP][PASSED] - z4 = z3.substring(0, z3.length() - 1): null

2019-07-23 18:22:05 - [TEST_STEP][PASSED] - comment("z4 = " + z4): z4 = 45

2019-07-23 18:22:05 - [MESSAGE][INFO] - z4 = 45

2019-07-23 18:22:05 - [TEST_STEP][PASSED] - p2 = <not implemented yet for class: org.codehaus.groovy.ast.expr.EmptyExpression>: null

2019-07-23 18:22:05 - [TEST_STEP][PASSED] - p3 = <not implemented yet for class: org.codehaus.groovy.ast.expr.EmptyExpression>: null

2019-07-23 18:22:05 - [TEST_STEP][PASSED] - try: p2=35.0

2019-07-23 18:22:05 - [TEST_STEP][PASSED] - x4 = x6: null

2019-07-23 18:22:05 - [TEST_STEP][PASSED] - comment("x4=" + x4): x4=35

2019-07-23 18:22:05 - [MESSAGE][INFO] - x4=35

2019-07-23 18:22:05 - [TEST_STEP][PASSED] - p2 = Double.valueOf(x4): null

2019-07-23 18:22:05 - [TEST_STEP][PASSED] - comment("p2=" + p2): p2=35.0

2019-07-23 18:22:05 - [MESSAGE][INFO] - p2=35.0

2019-07-23 18:22:05 - [TEST_STEP][PASSED] - try: p3=10.0

2019-07-23 18:22:05 - [TEST_STEP][PASSED] - x5 = y4: null

2019-07-23 18:22:05 - [TEST_STEP][PASSED] - comment("x5=" + x5): x5=10

2019-07-23 18:22:05 - [MESSAGE][INFO] - x5=10

2019-07-23 18:22:05 - [TEST_STEP][PASSED] - p3 = Double.valueOf(x5): null

2019-07-23 18:22:05 - [TEST_STEP][PASSED] - comment("p3=" + p3): p3=10.0

2019-07-23 18:22:05 - [MESSAGE][INFO] - p3=10.0

2019-07-23 18:22:05 - [TEST_STEP][PASSED] - comment("p2=" + p2): p2=35.0

2019-07-23 18:22:05 - [MESSAGE][INFO] - p2=35.0

2019-07-23 18:22:05 - [TEST_STEP][PASSED] - comment("p3=" + p3): p3=10.0

2019-07-23 18:22:05 - [MESSAGE][INFO] - p3=10.0

2019-07-23 18:22:05 - [TEST_STEP][PASSED] - total = p2 + p3: null

2019-07-23 18:22:05 - [TEST_STEP][PASSED] - comment("total=" + total): total=45.0

2019-07-23 18:22:05 - [MESSAGE][INFO] - total=45.0

2019-07-23 18:22:05 - [TEST_STEP][PASSED] - verifyEqual(total, z4): Actual object '45' and expected object '45' are equal

2019-07-23 18:22:05 - [MESSAGE][PASSED] - Actual object '45' and expected object '45' are equal

2019-07-23 18:22:05 - [TEST_STEP][PASSED] - callTestCase(findTestCase("OCS - DESKTOP/CALL- SHIPPING TO PAYMENT"), [:], STOP_ON_FAILURE): Call Test Case 'Test Cases/OCS - DESKTOP/CALL- SHIPPING TO PAYMENT' successfully

2019-07-23 18:22:05 - [TEST_CASE][PASSED] - Test Cases/OCS - DESKTOP/CALL- SHIPPING TO PAYMENT: Test Cases/OCS - DESKTOP/CALL- SHIPPING TO PAYMENT

2019-07-23 18:22:05 - [TEST_STEP][PASSED] - delay(1): Delayed 1 second(s)

2019-07-23 18:22:06 - [MESSAGE][PASSED] - Delayed 1 second(s)

2019-07-23 18:22:06 - [TEST_STEP][PASSED] - click(findTestObject("OCS-DESKTOP/Cart flyout/Checkbox_I confirm that")): Object: 'Object Repository/OCS-DESKTOP/Cart flyout/Checkbox_I confirm that' is clicked on

2019-07-23 18:22:06 - [MESSAGE][PASSED] - Object: 'Object Repository/OCS-DESKTOP/Cart flyout/Checkbox_I confirm that' is clicked on

2019-07-23 18:22:06 - [TEST_STEP][PASSED] - delay(1): Delayed 1 second(s)

2019-07-23 18:22:07 - [MESSAGE][PASSED] - Delayed 1 second(s)

2019-07-23 18:22:07 - [TEST_STEP][PASSED] - click(findTestObject("OCS-DESKTOP/Cart flyout/Checkbox_Accept the Terms Condition")): Object: 'Object Repository/OCS-DESKTOP/Cart flyout/Checkbox_Accept the Terms Condition' is clicked on

2019-07-23 18:22:07 - [MESSAGE][PASSED] - Object: 'Object Repository/OCS-DESKTOP/Cart flyout/Checkbox_Accept the Terms Condition' is clicked on

2019-07-23 18:22:07 - [TEST_STEP][PASSED] - delay(1): Delayed 1 second(s)

2019-07-23 18:22:08 - [MESSAGE][PASSED] - Delayed 1 second(s)

2019-07-23 18:22:08 - [TEST_STEP][PASSED] - click(findTestObject("OCS-DESKTOP/Cart flyout/Checkout - Button")): Object: 'Object Repository/OCS-DESKTOP/Cart flyout/Checkout - Button' is clicked on

2019-07-23 18:22:10 - [MESSAGE][PASSED] - Object: 'Object Repository/OCS-DESKTOP/Cart flyout/Checkout - Button' is clicked on

2019-07-23 18:22:10 - [TEST_STEP][PASSED] - executeJavaScript("var previewBar = document.getElementById("preview-bar-iframe"); previewBar.style.display = "none";", []): Execute JavaScript 'var previewBar = document.getElementById("preview-bar-iframe"); previewBar.style.display = "none";' successfully

2019-07-23 18:22:10 - [MESSAGE][PASSED] - Execute JavaScript 'var previewBar = document.getElementById("preview-bar-iframe"); previewBar.style.display = "none";' successfully

2019-07-23 18:22:10 - [TEST_STEP][PASSED] - delay(2): Delayed 2 second(s)

2019-07-23 18:22:12 - [MESSAGE][PASSED] - Delayed 2 second(s)

2019-07-23 18:22:12 - [TEST_STEP][PASSED] - setText(findTestObject("Object Repository/Page_Ontario Cannabis Store - Infor/input_Adresse e-mail_checkoute"), "suman@gmail.com"): Text 'suman@gmail.com' is set on object 'Object Repository/Page_Ontario Cannabis Store - Infor/input_Adresse e-mail_checkoute'

2019-07-23 18:22:12 - [MESSAGE][PASSED] - Text 'suman@gmail.com' is set on object 'Object Repository/Page_Ontario Cannabis Store - Infor/input_Adresse e-mail_checkoute'

2019-07-23 18:22:12 - [TEST_STEP][PASSED] - setText(findTestObject("Object Repository/Page_Ontario Cannabis Store - Infor/input_Prnom_checkoutshipping_a"), "suman"): Text 'suman' is set on object 'Object Repository/Page_Ontario Cannabis Store - Infor/input_Prnom_checkoutshipping_a'

2019-07-23 18:22:12 - [MESSAGE][PASSED] - Text 'suman' is set on object 'Object Repository/Page_Ontario Cannabis Store - Infor/input_Prnom_checkoutshipping_a'

2019-07-23 18:22:12 - [TEST_STEP][PASSED] - setText(findTestObject("Object Repository/Page_Ontario Cannabis Store - Infor/input_Nom_checkoutshipping_add"), "kompelly"): Text 'kompelly' is set on object 'Object Repository/Page_Ontario Cannabis Store - Infor/input_Nom_checkoutshipping_add'

2019-07-23 18:22:13 - [MESSAGE][PASSED] - Text 'kompelly' is set on object 'Object Repository/Page_Ontario Cannabis Store - Infor/input_Nom_checkoutshipping_add'

2019-07-23 18:22:13 - [TEST_STEP][PASSED] - setText(findTestObject("Object Repository/Page_Ontario Cannabis Store - Infor/input_Adresse_checkoutshipping"), "123 test"): Text '123 test' is set on object 'Object Repository/Page_Ontario Cannabis Store - Infor/input_Adresse_checkoutshipping'

2019-07-23 18:22:13 - [MESSAGE][PASSED] - Text '123 test' is set on object 'Object Repository/Page_Ontario Cannabis Store - Infor/input_Adresse_checkoutshipping'

2019-07-23 18:22:13 - [TEST_STEP][PASSED] - setText(findTestObject("Object Repository/Page_Ontario Cannabis Store - Infor/input_Appartement suite etc. ("), "123"): Text '123' is set on object 'Object Repository/Page_Ontario Cannabis Store - Infor/input_Appartement suite etc. ('

2019-07-23 18:22:13 - [MESSAGE][PASSED] - Text '123' is set on object 'Object Repository/Page_Ontario Cannabis Store - Infor/input_Appartement suite etc. ('

2019-07-23 18:22:13 - [TEST_STEP][PASSED] - setText(findTestObject("Object Repository/Page_Ontario Cannabis Store - Infor/input_Ville_checkoutshipping_a"), "montreal"): Text 'montreal' is set on object 'Object Repository/Page_Ontario Cannabis Store - Infor/input_Ville_checkoutshipping_a'

2019-07-23 18:22:13 - [MESSAGE][PASSED] - Text 'montreal' is set on object 'Object Repository/Page_Ontario Cannabis Store - Infor/input_Ville_checkoutshipping_a'

2019-07-23 18:22:13 - [TEST_STEP][PASSED] - setText(findTestObject("Object Repository/Page_Ontario Cannabis Store - Infor/input_Code postal_checkoutship"), "n0r1k0"): Text 'n0r1k0' is set on object 'Object Repository/Page_Ontario Cannabis Store - Infor/input_Code postal_checkoutship'

2019-07-23 18:22:13 - [MESSAGE][PASSED] - Text 'n0r1k0' is set on object 'Object Repository/Page_Ontario Cannabis Store - Infor/input_Code postal_checkoutship'

2019-07-23 18:22:13 - [TEST_STEP][PASSED] - setText(findTestObject("Object Repository/Page_Ontario Cannabis Store - Infor/input_Tlphone_checkoutshipping"), "514-449-3883"): Text '514-449-3883' is set on object 'Object Repository/Page_Ontario Cannabis Store - Infor/input_Tlphone_checkoutshipping'

2019-07-23 18:22:13 - [MESSAGE][PASSED] - Text '514-449-3883' is set on object 'Object Repository/Page_Ontario Cannabis Store - Infor/input_Tlphone_checkoutshipping'

2019-07-23 18:22:13 - [TEST_STEP][PASSED] - delay(2): Delayed 2 second(s)

2019-07-23 18:22:15 - [MESSAGE][PASSED] - Delayed 2 second(s)

2019-07-23 18:22:15 - [TEST_STEP][PASSED] - click(findTestObject("Object Repository/Page_Ontario Cannabis Store - Infor/button_Continuer vers le mode")): Object: 'Object Repository/Page_Ontario Cannabis Store - Infor/button_Continuer vers le mode' is clicked on

2019-07-23 18:22:17 - [MESSAGE][PASSED] - Object: 'Object Repository/Page_Ontario Cannabis Store - Infor/button_Continuer vers le mode' is clicked on

2019-07-23 18:22:17 - [TEST_STEP][PASSED] - delay(4): Delayed 4 second(s)

2019-07-23 18:22:21 - [MESSAGE][PASSED] - Delayed 4 second(s)

2019-07-23 18:22:21 - [TEST_STEP][PASSED] - executeJavaScript("var previewBar = document.getElementById("preview-bar-iframe"); previewBar.style.display = "none";", []): Execute JavaScript 'var previewBar = document.getElementById("preview-bar-iframe"); previewBar.style.display = "none";' successfully

2019-07-23 18:22:21 - [MESSAGE][PASSED] - Execute JavaScript 'var previewBar = document.getElementById("preview-bar-iframe"); previewBar.style.display = "none";' successfully

2019-07-23 18:22:21 - [TEST_STEP][PASSED] - delay(2): Delayed 2 second(s)

2019-07-23 18:22:23 - [MESSAGE][PASSED] - Delayed 2 second(s)

2019-07-23 18:22:23 - [TEST_STEP][PASSED] - click(findTestObject("Object Repository/Page_Ontario Cannabis Store - Livra/button_Continuer vers le moyen")): Object: 'Object Repository/Page_Ontario Cannabis Store - Livra/button_Continuer vers le moyen' is clicked on

2019-07-23 18:22:27 - [MESSAGE][PASSED] - Object: 'Object Repository/Page_Ontario Cannabis Store - Livra/button_Continuer vers le moyen' is clicked on

2019-07-23 18:22:27 - [MESSAGE][PASSED] - Call Test Case 'Test Cases/OCS - DESKTOP/CALL- SHIPPING TO PAYMENT' successfully]]></system-out>
         <system-err><![CDATA[]]></system-err>
      </testcase>
      <testcase name="Test Cases/OCS - DESKTOP/OCS- CRITICAL PATH - FRENCH/Checkout - Shipping-fr" classname="Test Cases/OCS - DESKTOP/OCS- CRITICAL PATH - FRENCH/Checkout - Shipping-fr" status="PASSED">
         <system-out><![CDATA[2019-07-23 18:22:27 - [TEST_CASE][PASSED] - Test Cases/OCS - DESKTOP/OCS- CRITICAL PATH - FRENCH/Checkout - Shipping-fr: Test Cases/OCS - DESKTOP/OCS- CRITICAL PATH - FRENCH/Checkout - Shipping-fr

2019-07-23 18:22:27 - [TEST_STEP][PASSED] - callTestCase(findTestCase("OCS - DESKTOP/CALL- Age gate"), [:], STOP_ON_FAILURE): Call Test Case 'Test Cases/OCS - DESKTOP/CALL- Age gate' successfully

2019-07-23 18:22:27 - [TEST_CASE][PASSED] - Test Cases/OCS - DESKTOP/CALL- Age gate: Test Cases/OCS - DESKTOP/CALL- Age gate

2019-07-23 18:22:27 - [TEST_STEP][PASSED] - openBrowser(""): Browser is opened with url: ''

2019-07-23 18:22:27 - [MESSAGE][WARNING] - A browser is already opened. Closing browser and opening a new one

2019-07-23 18:22:27 - [MESSAGE][INFO] - Starting 'Chrome' driver

2019-07-23 18:22:28 - [MESSAGE][PASSED] - Browser is opened with url: ''

2019-07-23 18:22:28 - [TEST_STEP][PASSED] - navigateToUrl("https://ocs.ca/?fts=0&preview_theme_id=74209363788"): Navigate to 'https://ocs.ca/?fts=0&preview_theme_id=74209363788' successfully

2019-07-23 18:22:34 - [MESSAGE][PASSED] - Navigate to 'https://ocs.ca/?fts=0&preview_theme_id=74209363788' successfully

2019-07-23 18:22:34 - [TEST_STEP][PASSED] - maximizeWindow(): Current window maximized

2019-07-23 18:22:34 - [MESSAGE][PASSED] - Current window maximized

2019-07-23 18:22:34 - [TEST_STEP][PASSED] - delay(2): Delayed 2 second(s)

2019-07-23 18:22:36 - [MESSAGE][PASSED] - Delayed 2 second(s)

2019-07-23 18:22:36 - [TEST_STEP][PASSED] - executeJavaScript("var previewBar = document.getElementById("preview-bar-iframe"); previewBar.style.display = "none";", []): Execute JavaScript 'var previewBar = document.getElementById("preview-bar-iframe"); previewBar.style.display = "none";' successfully

2019-07-23 18:22:36 - [MESSAGE][PASSED] - Execute JavaScript 'var previewBar = document.getElementById("preview-bar-iframe"); previewBar.style.display = "none";' successfully

2019-07-23 18:22:36 - [TEST_STEP][PASSED] - selectOptionByValue(findTestObject("OCS-DESKTOP/Age gate and Mega menu/Date"), "12", true): All options with value '12' are selected in object 'Object Repository/OCS-DESKTOP/Age gate and Mega menu/Date'  using regular expression

2019-07-23 18:22:36 - [MESSAGE][PASSED] - All options with value '12' are selected in object 'Object Repository/OCS-DESKTOP/Age gate and Mega menu/Date'  using regular expression

2019-07-23 18:22:36 - [TEST_STEP][PASSED] - selectOptionByValue(findTestObject("OCS-DESKTOP/Age gate and Mega menu/month"), "6", true): All options with value '6' are selected in object 'Object Repository/OCS-DESKTOP/Age gate and Mega menu/month'  using regular expression

2019-07-23 18:22:36 - [MESSAGE][PASSED] - All options with value '6' are selected in object 'Object Repository/OCS-DESKTOP/Age gate and Mega menu/month'  using regular expression

2019-07-23 18:22:36 - [TEST_STEP][PASSED] - delay(2): Delayed 2 second(s)

2019-07-23 18:22:38 - [MESSAGE][PASSED] - Delayed 2 second(s)

2019-07-23 18:22:38 - [TEST_STEP][PASSED] - selectOptionByValue(findTestObject("OCS-DESKTOP/Age gate and Mega menu/Year Dropdown"), "1990", true): All options with value '1990' are selected in object 'Object Repository/OCS-DESKTOP/Age gate and Mega menu/Year Dropdown'  using regular expression

2019-07-23 18:22:39 - [MESSAGE][PASSED] - All options with value '1990' are selected in object 'Object Repository/OCS-DESKTOP/Age gate and Mega menu/Year Dropdown'  using regular expression

2019-07-23 18:22:39 - [TEST_STEP][PASSED] - click(findTestObject("OCS-DESKTOP/Age gate and Mega menu/button_Verify")): Object: 'Object Repository/OCS-DESKTOP/Age gate and Mega menu/button_Verify' is clicked on

2019-07-23 18:22:40 - [MESSAGE][PASSED] - Object: 'Object Repository/OCS-DESKTOP/Age gate and Mega menu/button_Verify' is clicked on

2019-07-23 18:22:40 - [TEST_STEP][PASSED] - click(findTestObject("OCS-DESKTOP/Age gate and Mega menu/Checkbox_CONFIRM AND ACKNOWLEDGE")): Object: 'Object Repository/OCS-DESKTOP/Age gate and Mega menu/Checkbox_CONFIRM AND ACKNOWLEDGE' is clicked on

2019-07-23 18:22:40 - [MESSAGE][PASSED] - Object: 'Object Repository/OCS-DESKTOP/Age gate and Mega menu/Checkbox_CONFIRM AND ACKNOWLEDGE' is clicked on

2019-07-23 18:22:40 - [TEST_STEP][PASSED] - click(findTestObject("OCS-DESKTOP/Age gate and Mega menu/button_CONFIRM")): Object: 'Object Repository/OCS-DESKTOP/Age gate and Mega menu/button_CONFIRM' is clicked on

2019-07-23 18:22:40 - [MESSAGE][PASSED] - Object: 'Object Repository/OCS-DESKTOP/Age gate and Mega menu/button_CONFIRM' is clicked on

2019-07-23 18:22:40 - [TEST_STEP][PASSED] - click(findTestObject("OCS-DESKTOP/Age gate and Mega menu/button_Start Browsing")): Object: 'Object Repository/OCS-DESKTOP/Age gate and Mega menu/button_Start Browsing' is clicked on

2019-07-23 18:22:40 - [MESSAGE][PASSED] - Object: 'Object Repository/OCS-DESKTOP/Age gate and Mega menu/button_Start Browsing' is clicked on

2019-07-23 18:22:40 - [TEST_STEP][PASSED] - delay(2): Delayed 2 second(s)

2019-07-23 18:22:42 - [MESSAGE][PASSED] - Delayed 2 second(s)

2019-07-23 18:22:42 - [TEST_STEP][PASSED] - refresh(): Refresh successfully

2019-07-23 18:22:42 - [MESSAGE][PASSED] - Refresh successfully

2019-07-23 18:22:42 - [MESSAGE][PASSED] - Call Test Case 'Test Cases/OCS - DESKTOP/CALL- Age gate' successfully

2019-07-23 18:22:42 - [TEST_STEP][PASSED] - delay(2): Delayed 2 second(s)

2019-07-23 18:22:44 - [MESSAGE][PASSED] - Delayed 2 second(s)

2019-07-23 18:22:44 - [TEST_STEP][PASSED] - callTestCase(findTestCase("OCS - DESKTOP/CALL - TOGGLING LANGUAGE"), [:], STOP_ON_FAILURE): Call Test Case 'Test Cases/OCS - DESKTOP/CALL - TOGGLING LANGUAGE' successfully

2019-07-23 18:22:44 - [TEST_CASE][PASSED] - Test Cases/OCS - DESKTOP/CALL - TOGGLING LANGUAGE: Test Cases/OCS - DESKTOP/CALL - TOGGLING LANGUAGE

2019-07-23 18:22:44 - [TEST_STEP][PASSED] - delay(2): Delayed 2 second(s)

2019-07-23 18:22:46 - [MESSAGE][PASSED] - Delayed 2 second(s)

2019-07-23 18:22:46 - [TEST_STEP][PASSED] - click(findTestObject("OCS-DESKTOP/Cart flyout/English dropdown")): Object: 'Object Repository/OCS-DESKTOP/Cart flyout/English dropdown' is clicked on

2019-07-23 18:22:46 - [MESSAGE][PASSED] - Object: 'Object Repository/OCS-DESKTOP/Cart flyout/English dropdown' is clicked on

2019-07-23 18:22:46 - [TEST_STEP][PASSED] - delay(2): Delayed 2 second(s)

2019-07-23 18:22:48 - [MESSAGE][PASSED] - Delayed 2 second(s)

2019-07-23 18:22:48 - [TEST_STEP][PASSED] - click(findTestObject("OCS-DESKTOP/Cart flyout/Select French")): Object: 'Object Repository/OCS-DESKTOP/Cart flyout/Select French' is clicked on

2019-07-23 18:22:48 - [MESSAGE][PASSED] - Object: 'Object Repository/OCS-DESKTOP/Cart flyout/Select French' is clicked on

2019-07-23 18:22:48 - [TEST_STEP][PASSED] - delay(5): Delayed 5 second(s)

2019-07-23 18:22:53 - [MESSAGE][PASSED] - Delayed 5 second(s)

2019-07-23 18:22:53 - [TEST_STEP][PASSED] - e = getWindowTitle(): Current window's title is: 'Magasin de Cannabis de l'Ontario | Ontario Cannabis Store'

2019-07-23 18:22:53 - [MESSAGE][PASSED] - Current window's title is: 'Magasin de Cannabis de l'Ontario | Ontario Cannabis Store'

2019-07-23 18:22:53 - [MESSAGE][PASSED] - Call Test Case 'Test Cases/OCS - DESKTOP/CALL - TOGGLING LANGUAGE' successfully

2019-07-23 18:22:53 - [TEST_STEP][PASSED] - click(findTestObject("OCS-DESKTOP/Age gate and Mega menu/Header/CANNABIS menu - English")): Object: 'Object Repository/OCS-DESKTOP/Age gate and Mega menu/Header/CANNABIS menu - English' is clicked on

2019-07-23 18:22:53 - [MESSAGE][PASSED] - Object: 'Object Repository/OCS-DESKTOP/Age gate and Mega menu/Header/CANNABIS menu - English' is clicked on

2019-07-23 18:22:53 - [TEST_STEP][PASSED] - delay(2): Delayed 2 second(s)

2019-07-23 18:22:55 - [MESSAGE][PASSED] - Delayed 2 second(s)

2019-07-23 18:22:55 - [TEST_STEP][PASSED] - executeJavaScript("var previewBar = document.getElementById("preview-bar-iframe"); previewBar.style.display = "none";", []): Execute JavaScript 'var previewBar = document.getElementById("preview-bar-iframe"); previewBar.style.display = "none";' successfully

2019-07-23 18:22:55 - [MESSAGE][PASSED] - Execute JavaScript 'var previewBar = document.getElementById("preview-bar-iframe"); previewBar.style.display = "none";' successfully

2019-07-23 18:22:55 - [TEST_STEP][PASSED] - click(findTestObject("OCS-DESKTOP/Age gate and Mega menu/Indica Dominant_Menu item")): Object: 'Object Repository/OCS-DESKTOP/Age gate and Mega menu/Indica Dominant_Menu item' is clicked on

2019-07-23 18:22:58 - [MESSAGE][PASSED] - Object: 'Object Repository/OCS-DESKTOP/Age gate and Mega menu/Indica Dominant_Menu item' is clicked on

2019-07-23 18:22:58 - [TEST_STEP][PASSED] - executeJavaScript("var previewBar = document.getElementById("preview-bar-iframe"); previewBar.style.display = "none";", []): Execute JavaScript 'var previewBar = document.getElementById("preview-bar-iframe"); previewBar.style.display = "none";' successfully

2019-07-23 18:22:58 - [MESSAGE][PASSED] - Execute JavaScript 'var previewBar = document.getElementById("preview-bar-iframe"); previewBar.style.display = "none";' successfully

2019-07-23 18:22:58 - [TEST_STEP][PASSED] - delay(2): Delayed 2 second(s)

2019-07-23 18:23:00 - [MESSAGE][PASSED] - Delayed 2 second(s)

2019-07-23 18:23:00 - [TEST_STEP][PASSED] - click(findTestObject("FRENCH/Product image - 1st one")): Object: 'Object Repository/FRENCH/Product image - 1st one' is clicked on

2019-07-23 18:23:04 - [MESSAGE][PASSED] - Object: 'Object Repository/FRENCH/Product image - 1st one' is clicked on

2019-07-23 18:23:04 - [TEST_STEP][PASSED] - executeJavaScript("var previewBar = document.getElementById("preview-bar-iframe"); previewBar.style.display = "none";", []): Execute JavaScript 'var previewBar = document.getElementById("preview-bar-iframe"); previewBar.style.display = "none";' successfully

2019-07-23 18:23:04 - [MESSAGE][PASSED] - Execute JavaScript 'var previewBar = document.getElementById("preview-bar-iframe"); previewBar.style.display = "none";' successfully

2019-07-23 18:23:04 - [TEST_STEP][PASSED] - delay(1): Delayed 1 second(s)

2019-07-23 18:23:05 - [MESSAGE][PASSED] - Delayed 1 second(s)

2019-07-23 18:23:05 - [TEST_STEP][PASSED] - delay(3): Delayed 3 second(s)

2019-07-23 18:23:08 - [MESSAGE][PASSED] - Delayed 3 second(s)

2019-07-23 18:23:08 - [TEST_STEP][PASSED] - click(findTestObject("OCS-DESKTOP/Product page/Swatch_1g")): Object: 'Object Repository/OCS-DESKTOP/Product page/Swatch_1g' is clicked on

2019-07-23 18:23:08 - [MESSAGE][PASSED] - Object: 'Object Repository/OCS-DESKTOP/Product page/Swatch_1g' is clicked on

2019-07-23 18:23:08 - [TEST_STEP][PASSED] - delay(2): Delayed 2 second(s)

2019-07-23 18:23:10 - [MESSAGE][PASSED] - Delayed 2 second(s)

2019-07-23 18:23:10 - [TEST_STEP][PASSED] - delay(2): Delayed 2 second(s)

2019-07-23 18:23:12 - [MESSAGE][PASSED] - Delayed 2 second(s)

2019-07-23 18:23:12 - [TEST_STEP][PASSED] - click(findTestObject("OCS-DESKTOP/Product page/Add to Bag-button")): Object: 'Object Repository/OCS-DESKTOP/Product page/Add to Bag-button' is clicked on

2019-07-23 18:23:12 - [MESSAGE][PASSED] - Object: 'Object Repository/OCS-DESKTOP/Product page/Add to Bag-button' is clicked on

2019-07-23 18:23:12 - [TEST_STEP][PASSED] - delay(2): Delayed 2 second(s)

2019-07-23 18:23:14 - [MESSAGE][PASSED] - Delayed 2 second(s)

2019-07-23 18:23:14 - [TEST_STEP][PASSED] - click(findTestObject("OCS-DESKTOP/Home - page/view my bag - cart dropdown")): Object: 'Object Repository/OCS-DESKTOP/Home - page/view my bag - cart dropdown' is clicked on

2019-07-23 18:23:14 - [MESSAGE][PASSED] - Object: 'Object Repository/OCS-DESKTOP/Home - page/view my bag - cart dropdown' is clicked on

2019-07-23 18:23:14 - [TEST_STEP][PASSED] - delay(3): Delayed 3 second(s)

2019-07-23 18:23:17 - [MESSAGE][PASSED] - Delayed 3 second(s)

2019-07-23 18:23:17 - [TEST_STEP][PASSED] - click(findTestObject("OCS-DESKTOP/Cart flyout/Checkbox_I confirm that")): Object: 'Object Repository/OCS-DESKTOP/Cart flyout/Checkbox_I confirm that' is clicked on

2019-07-23 18:23:17 - [MESSAGE][PASSED] - Object: 'Object Repository/OCS-DESKTOP/Cart flyout/Checkbox_I confirm that' is clicked on

2019-07-23 18:23:17 - [TEST_STEP][PASSED] - delay(2): Delayed 2 second(s)

2019-07-23 18:23:19 - [MESSAGE][PASSED] - Delayed 2 second(s)

2019-07-23 18:23:19 - [TEST_STEP][PASSED] - click(findTestObject("OCS-DESKTOP/Cart flyout/Checkbox_Accept the Terms Condition")): Object: 'Object Repository/OCS-DESKTOP/Cart flyout/Checkbox_Accept the Terms Condition' is clicked on

2019-07-23 18:23:19 - [MESSAGE][PASSED] - Object: 'Object Repository/OCS-DESKTOP/Cart flyout/Checkbox_Accept the Terms Condition' is clicked on

2019-07-23 18:23:19 - [TEST_STEP][PASSED] - delay(1): Delayed 1 second(s)

2019-07-23 18:23:20 - [MESSAGE][PASSED] - Delayed 1 second(s)

2019-07-23 18:23:20 - [TEST_STEP][PASSED] - click(findTestObject("OCS-DESKTOP/Cart flyout/Checkout - Button")): Object: 'Object Repository/OCS-DESKTOP/Cart flyout/Checkout - Button' is clicked on

2019-07-23 18:23:23 - [MESSAGE][PASSED] - Object: 'Object Repository/OCS-DESKTOP/Cart flyout/Checkout - Button' is clicked on

2019-07-23 18:23:23 - [TEST_STEP][PASSED] - delay(2): Delayed 2 second(s)

2019-07-23 18:23:25 - [MESSAGE][PASSED] - Delayed 2 second(s)

2019-07-23 18:23:25 - [TEST_STEP][PASSED] - executeJavaScript("var previewBar = document.getElementById("preview-bar-iframe"); previewBar.style.display = "none";", []): Execute JavaScript 'var previewBar = document.getElementById("preview-bar-iframe"); previewBar.style.display = "none";' successfully

2019-07-23 18:23:25 - [MESSAGE][PASSED] - Execute JavaScript 'var previewBar = document.getElementById("preview-bar-iframe"); previewBar.style.display = "none";' successfully

2019-07-23 18:23:25 - [TEST_STEP][PASSED] - delay(2): Delayed 2 second(s)

2019-07-23 18:23:27 - [MESSAGE][PASSED] - Delayed 2 second(s)

2019-07-23 18:23:27 - [TEST_STEP][PASSED] - setText(findTestObject("Object Repository/Page_Ontario Cannabis Store - Infor/input_Adresse e-mail_checkoute"), "suman@gmail.com"): Text 'suman@gmail.com' is set on object 'Object Repository/Page_Ontario Cannabis Store - Infor/input_Adresse e-mail_checkoute'

2019-07-23 18:23:27 - [MESSAGE][PASSED] - Text 'suman@gmail.com' is set on object 'Object Repository/Page_Ontario Cannabis Store - Infor/input_Adresse e-mail_checkoute'

2019-07-23 18:23:27 - [TEST_STEP][PASSED] - setText(findTestObject("Object Repository/Page_Ontario Cannabis Store - Infor/input_Prnom_checkoutshipping_a"), "suman"): Text 'suman' is set on object 'Object Repository/Page_Ontario Cannabis Store - Infor/input_Prnom_checkoutshipping_a'

2019-07-23 18:23:27 - [MESSAGE][PASSED] - Text 'suman' is set on object 'Object Repository/Page_Ontario Cannabis Store - Infor/input_Prnom_checkoutshipping_a'

2019-07-23 18:23:27 - [TEST_STEP][PASSED] - setText(findTestObject("Object Repository/Page_Ontario Cannabis Store - Infor/input_Nom_checkoutshipping_add"), "kompelly"): Text 'kompelly' is set on object 'Object Repository/Page_Ontario Cannabis Store - Infor/input_Nom_checkoutshipping_add'

2019-07-23 18:23:27 - [MESSAGE][PASSED] - Text 'kompelly' is set on object 'Object Repository/Page_Ontario Cannabis Store - Infor/input_Nom_checkoutshipping_add'

2019-07-23 18:23:27 - [TEST_STEP][PASSED] - setText(findTestObject("Object Repository/Page_Ontario Cannabis Store - Infor/input_Adresse_checkoutshipping"), "123 test"): Text '123 test' is set on object 'Object Repository/Page_Ontario Cannabis Store - Infor/input_Adresse_checkoutshipping'

2019-07-23 18:23:27 - [MESSAGE][PASSED] - Text '123 test' is set on object 'Object Repository/Page_Ontario Cannabis Store - Infor/input_Adresse_checkoutshipping'

2019-07-23 18:23:27 - [TEST_STEP][PASSED] - setText(findTestObject("Object Repository/Page_Ontario Cannabis Store - Infor/input_Appartement suite etc. ("), "123"): Text '123' is set on object 'Object Repository/Page_Ontario Cannabis Store - Infor/input_Appartement suite etc. ('

2019-07-23 18:23:27 - [MESSAGE][PASSED] - Text '123' is set on object 'Object Repository/Page_Ontario Cannabis Store - Infor/input_Appartement suite etc. ('

2019-07-23 18:23:27 - [TEST_STEP][PASSED] - setText(findTestObject("Object Repository/Page_Ontario Cannabis Store - Infor/input_Ville_checkoutshipping_a"), "montreal"): Text 'montreal' is set on object 'Object Repository/Page_Ontario Cannabis Store - Infor/input_Ville_checkoutshipping_a'

2019-07-23 18:23:28 - [MESSAGE][PASSED] - Text 'montreal' is set on object 'Object Repository/Page_Ontario Cannabis Store - Infor/input_Ville_checkoutshipping_a'

2019-07-23 18:23:28 - [TEST_STEP][PASSED] - setText(findTestObject("Object Repository/Page_Ontario Cannabis Store - Infor/input_Code postal_checkoutship"), "n0r1k0"): Text 'n0r1k0' is set on object 'Object Repository/Page_Ontario Cannabis Store - Infor/input_Code postal_checkoutship'

2019-07-23 18:23:28 - [MESSAGE][PASSED] - Text 'n0r1k0' is set on object 'Object Repository/Page_Ontario Cannabis Store - Infor/input_Code postal_checkoutship'

2019-07-23 18:23:28 - [TEST_STEP][PASSED] - setText(findTestObject("Object Repository/Page_Ontario Cannabis Store - Infor/input_Tlphone_checkoutshipping"), "514-449-3883"): Text '514-449-3883' is set on object 'Object Repository/Page_Ontario Cannabis Store - Infor/input_Tlphone_checkoutshipping'

2019-07-23 18:23:28 - [MESSAGE][PASSED] - Text '514-449-3883' is set on object 'Object Repository/Page_Ontario Cannabis Store - Infor/input_Tlphone_checkoutshipping'

2019-07-23 18:23:28 - [TEST_STEP][PASSED] - delay(2): Delayed 2 second(s)

2019-07-23 18:23:30 - [MESSAGE][PASSED] - Delayed 2 second(s)

2019-07-23 18:23:30 - [TEST_STEP][PASSED] - click(findTestObject("Object Repository/Page_Ontario Cannabis Store - Infor/button_Continuer vers le mode")): Object: 'Object Repository/Page_Ontario Cannabis Store - Infor/button_Continuer vers le mode' is clicked on

2019-07-23 18:23:32 - [MESSAGE][PASSED] - Object: 'Object Repository/Page_Ontario Cannabis Store - Infor/button_Continuer vers le mode' is clicked on

2019-07-23 18:23:32 - [TEST_STEP][PASSED] - delay(2): Delayed 2 second(s)

2019-07-23 18:23:34 - [MESSAGE][PASSED] - Delayed 2 second(s)

2019-07-23 18:23:34 - [TEST_STEP][PASSED] - executeJavaScript("var previewBar = document.getElementById("preview-bar-iframe"); previewBar.style.display = "none";", []): Execute JavaScript 'var previewBar = document.getElementById("preview-bar-iframe"); previewBar.style.display = "none";' successfully

2019-07-23 18:23:34 - [MESSAGE][PASSED] - Execute JavaScript 'var previewBar = document.getElementById("preview-bar-iframe"); previewBar.style.display = "none";' successfully

2019-07-23 18:23:34 - [TEST_STEP][PASSED] - delay(1): Delayed 1 second(s)

2019-07-23 18:23:35 - [MESSAGE][PASSED] - Delayed 1 second(s)

2019-07-23 18:23:35 - [TEST_STEP][PASSED] - click(findTestObject("OCS-DESKTOP/Shipping page/Change link")): Object: 'Object Repository/OCS-DESKTOP/Shipping page/Change link' is clicked on

2019-07-23 18:23:37 - [MESSAGE][PASSED] - Object: 'Object Repository/OCS-DESKTOP/Shipping page/Change link' is clicked on

2019-07-23 18:23:37 - [TEST_STEP][PASSED] - delay(2): Delayed 2 second(s)

2019-07-23 18:23:39 - [MESSAGE][PASSED] - Delayed 2 second(s)

2019-07-23 18:23:39 - [TEST_STEP][PASSED] - executeJavaScript("var previewBar = document.getElementById("preview-bar-iframe"); previewBar.style.display = "none";", []): Execute JavaScript 'var previewBar = document.getElementById("preview-bar-iframe"); previewBar.style.display = "none";' successfully

2019-07-23 18:23:39 - [MESSAGE][PASSED] - Execute JavaScript 'var previewBar = document.getElementById("preview-bar-iframe"); previewBar.style.display = "none";' successfully

2019-07-23 18:23:39 - [TEST_STEP][PASSED] - delay(1): Delayed 1 second(s)

2019-07-23 18:23:40 - [MESSAGE][PASSED] - Delayed 1 second(s)

2019-07-23 18:23:40 - [TEST_STEP][PASSED] - click(findTestObject("Page_Ontario Cannabis Store - Infor/button_Continuer vers le mode")): Object: 'Object Repository/Page_Ontario Cannabis Store - Infor/button_Continuer vers le mode' is clicked on

2019-07-23 18:23:41 - [MESSAGE][PASSED] - Object: 'Object Repository/Page_Ontario Cannabis Store - Infor/button_Continuer vers le mode' is clicked on

2019-07-23 18:23:41 - [TEST_STEP][PASSED] - delay(2): Delayed 2 second(s)

2019-07-23 18:23:43 - [MESSAGE][PASSED] - Delayed 2 second(s)

2019-07-23 18:23:43 - [TEST_STEP][PASSED] - executeJavaScript("var previewBar = document.getElementById("preview-bar-iframe"); previewBar.style.display = "none";", []): Execute JavaScript 'var previewBar = document.getElementById("preview-bar-iframe"); previewBar.style.display = "none";' successfully

2019-07-23 18:23:43 - [MESSAGE][PASSED] - Execute JavaScript 'var previewBar = document.getElementById("preview-bar-iframe"); previewBar.style.display = "none";' successfully

2019-07-23 18:23:43 - [TEST_STEP][PASSED] - delay(1): Delayed 1 second(s)

2019-07-23 18:23:44 - [MESSAGE][PASSED] - Delayed 1 second(s)

2019-07-23 18:23:44 - [TEST_STEP][PASSED] - click(findTestObject("OCS-DESKTOP/Shipping page/Change link 2")): Object: 'Object Repository/OCS-DESKTOP/Shipping page/Change link 2' is clicked on

2019-07-23 18:23:45 - [MESSAGE][PASSED] - Object: 'Object Repository/OCS-DESKTOP/Shipping page/Change link 2' is clicked on

2019-07-23 18:23:45 - [TEST_STEP][PASSED] - delay(2): Delayed 2 second(s)

2019-07-23 18:23:47 - [MESSAGE][PASSED] - Delayed 2 second(s)

2019-07-23 18:23:47 - [TEST_STEP][PASSED] - executeJavaScript("var previewBar = document.getElementById("preview-bar-iframe"); previewBar.style.display = "none";", []): Execute JavaScript 'var previewBar = document.getElementById("preview-bar-iframe"); previewBar.style.display = "none";' successfully

2019-07-23 18:23:47 - [MESSAGE][PASSED] - Execute JavaScript 'var previewBar = document.getElementById("preview-bar-iframe"); previewBar.style.display = "none";' successfully

2019-07-23 18:23:47 - [TEST_STEP][PASSED] - delay(1): Delayed 1 second(s)

2019-07-23 18:23:48 - [MESSAGE][PASSED] - Delayed 1 second(s)

2019-07-23 18:23:48 - [TEST_STEP][PASSED] - click(findTestObject("Page_Ontario Cannabis Store - Infor/button_Continuer vers le mode"), CONTINUE_ON_FAILURE): Object: 'Object Repository/Page_Ontario Cannabis Store - Infor/button_Continuer vers le mode' is clicked on

2019-07-23 18:23:50 - [MESSAGE][PASSED] - Object: 'Object Repository/Page_Ontario Cannabis Store - Infor/button_Continuer vers le mode' is clicked on

2019-07-23 18:23:50 - [TEST_STEP][PASSED] - delay(2): Delayed 2 second(s)

2019-07-23 18:23:52 - [MESSAGE][PASSED] - Delayed 2 second(s)

2019-07-23 18:23:52 - [TEST_STEP][PASSED] - executeJavaScript("var previewBar = document.getElementById("preview-bar-iframe"); previewBar.style.display = "none";", []): Execute JavaScript 'var previewBar = document.getElementById("preview-bar-iframe"); previewBar.style.display = "none";' successfully

2019-07-23 18:23:52 - [MESSAGE][PASSED] - Execute JavaScript 'var previewBar = document.getElementById("preview-bar-iframe"); previewBar.style.display = "none";' successfully

2019-07-23 18:23:52 - [TEST_STEP][PASSED] - delay(1): Delayed 1 second(s)

2019-07-23 18:23:53 - [MESSAGE][PASSED] - Delayed 1 second(s)

2019-07-23 18:23:53 - [TEST_STEP][PASSED] - click(findTestObject("OCS-DESKTOP/Shipping page/Return to customer info")): Object: 'Object Repository/OCS-DESKTOP/Shipping page/Return to customer info' is clicked on

2019-07-23 18:23:55 - [MESSAGE][PASSED] - Object: 'Object Repository/OCS-DESKTOP/Shipping page/Return to customer info' is clicked on

2019-07-23 18:23:55 - [TEST_STEP][PASSED] - delay(2): Delayed 2 second(s)

2019-07-23 18:23:57 - [MESSAGE][PASSED] - Delayed 2 second(s)

2019-07-23 18:23:57 - [TEST_STEP][PASSED] - executeJavaScript("var previewBar = document.getElementById("preview-bar-iframe"); previewBar.style.display = "none";", []): Execute JavaScript 'var previewBar = document.getElementById("preview-bar-iframe"); previewBar.style.display = "none";' successfully

2019-07-23 18:23:57 - [MESSAGE][PASSED] - Execute JavaScript 'var previewBar = document.getElementById("preview-bar-iframe"); previewBar.style.display = "none";' successfully

2019-07-23 18:23:57 - [TEST_STEP][PASSED] - delay(1): Delayed 1 second(s)

2019-07-23 18:23:58 - [MESSAGE][PASSED] - Delayed 1 second(s)

2019-07-23 18:23:58 - [TEST_STEP][PASSED] - click(findTestObject("Page_Ontario Cannabis Store - Infor/button_Continuer vers le mode")): Object: 'Object Repository/Page_Ontario Cannabis Store - Infor/button_Continuer vers le mode' is clicked on

2019-07-23 18:24:00 - [MESSAGE][PASSED] - Object: 'Object Repository/Page_Ontario Cannabis Store - Infor/button_Continuer vers le mode' is clicked on

2019-07-23 18:24:00 - [TEST_STEP][PASSED] - delay(2): Delayed 2 second(s)

2019-07-23 18:24:02 - [MESSAGE][PASSED] - Delayed 2 second(s)

2019-07-23 18:24:02 - [TEST_STEP][PASSED] - executeJavaScript("var previewBar = document.getElementById("preview-bar-iframe"); previewBar.style.display = "none";", []): Execute JavaScript 'var previewBar = document.getElementById("preview-bar-iframe"); previewBar.style.display = "none";' successfully

2019-07-23 18:24:02 - [MESSAGE][PASSED] - Execute JavaScript 'var previewBar = document.getElementById("preview-bar-iframe"); previewBar.style.display = "none";' successfully

2019-07-23 18:24:02 - [TEST_STEP][PASSED] - click(findTestObject("OCS-DESKTOP/Customer info page/Cart - Breadcrumb link")): Object: 'Object Repository/OCS-DESKTOP/Customer info page/Cart - Breadcrumb link' is clicked on

2019-07-23 18:24:03 - [MESSAGE][PASSED] - Object: 'Object Repository/OCS-DESKTOP/Customer info page/Cart - Breadcrumb link' is clicked on

2019-07-23 18:24:03 - [TEST_STEP][PASSED] - delay(2): Delayed 2 second(s)

2019-07-23 18:24:05 - [MESSAGE][PASSED] - Delayed 2 second(s)

2019-07-23 18:24:05 - [TEST_STEP][PASSED] - executeJavaScript("var previewBar = document.getElementById("preview-bar-iframe"); previewBar.style.display = "none";", []): Execute JavaScript 'var previewBar = document.getElementById("preview-bar-iframe"); previewBar.style.display = "none";' successfully

2019-07-23 18:24:05 - [MESSAGE][PASSED] - Execute JavaScript 'var previewBar = document.getElementById("preview-bar-iframe"); previewBar.style.display = "none";' successfully

2019-07-23 18:24:05 - [TEST_STEP][PASSED] - click(findTestObject("OCS-DESKTOP/Cart page/cart page-Checkbox_I confirm that")): Object: 'Object Repository/OCS-DESKTOP/Cart page/cart page-Checkbox_I confirm that' is clicked on

2019-07-23 18:24:06 - [MESSAGE][PASSED] - Object: 'Object Repository/OCS-DESKTOP/Cart page/cart page-Checkbox_I confirm that' is clicked on

2019-07-23 18:24:06 - [TEST_STEP][PASSED] - delay(1): Delayed 1 second(s)

2019-07-23 18:24:07 - [MESSAGE][PASSED] - Delayed 1 second(s)

2019-07-23 18:24:07 - [TEST_STEP][PASSED] - click(findTestObject("OCS-DESKTOP/Cart page/cart page - Checkbox_Accept the Terms Condition")): Object: 'Object Repository/OCS-DESKTOP/Cart page/cart page - Checkbox_Accept the Terms Condition' is clicked on

2019-07-23 18:24:07 - [MESSAGE][PASSED] - Object: 'Object Repository/OCS-DESKTOP/Cart page/cart page - Checkbox_Accept the Terms Condition' is clicked on

2019-07-23 18:24:07 - [TEST_STEP][PASSED] - delay(3): Delayed 3 second(s)

2019-07-23 18:24:10 - [MESSAGE][PASSED] - Delayed 3 second(s)

2019-07-23 18:24:10 - [TEST_STEP][PASSED] - click(findTestObject("FRENCH/Cart page -checkout button")): Object: 'Object Repository/FRENCH/Cart page -checkout button' is clicked on

2019-07-23 18:24:12 - [MESSAGE][PASSED] - Object: 'Object Repository/FRENCH/Cart page -checkout button' is clicked on

2019-07-23 18:24:12 - [TEST_STEP][PASSED] - delay(1): Delayed 1 second(s)

2019-07-23 18:24:13 - [MESSAGE][PASSED] - Delayed 1 second(s)

2019-07-23 18:24:13 - [TEST_STEP][PASSED] - click(findTestObject("OCS-DESKTOP/Payment -page/Information - Breadcrumb link")): Object: 'Object Repository/OCS-DESKTOP/Payment -page/Information - Breadcrumb link' is clicked on

2019-07-23 18:24:16 - [MESSAGE][PASSED] - Object: 'Object Repository/OCS-DESKTOP/Payment -page/Information - Breadcrumb link' is clicked on

2019-07-23 18:24:16 - [TEST_STEP][PASSED] - delay(3): Delayed 3 second(s)

2019-07-23 18:24:19 - [MESSAGE][PASSED] - Delayed 3 second(s)

2019-07-23 18:24:19 - [TEST_STEP][PASSED] - delay(1): Delayed 1 second(s)

2019-07-23 18:24:20 - [MESSAGE][PASSED] - Delayed 1 second(s)

2019-07-23 18:24:20 - [TEST_STEP][PASSED] - executeJavaScript("var previewBar = document.getElementById("preview-bar-iframe"); previewBar.style.display = "none";", []): Execute JavaScript 'var previewBar = document.getElementById("preview-bar-iframe"); previewBar.style.display = "none";' successfully

2019-07-23 18:24:20 - [MESSAGE][PASSED] - Execute JavaScript 'var previewBar = document.getElementById("preview-bar-iframe"); previewBar.style.display = "none";' successfully

2019-07-23 18:24:20 - [TEST_STEP][PASSED] - click(findTestObject("Page_Ontario Cannabis Store - Infor/button_Continuer vers le mode")): Object: 'Object Repository/Page_Ontario Cannabis Store - Infor/button_Continuer vers le mode' is clicked on

2019-07-23 18:24:23 - [MESSAGE][PASSED] - Object: 'Object Repository/Page_Ontario Cannabis Store - Infor/button_Continuer vers le mode' is clicked on

2019-07-23 18:24:23 - [TEST_STEP][PASSED] - delay(3): Delayed 3 second(s)

2019-07-23 18:24:26 - [MESSAGE][PASSED] - Delayed 3 second(s)

2019-07-23 18:24:26 - [TEST_STEP][PASSED] - delay(1): Delayed 1 second(s)

2019-07-23 18:24:27 - [MESSAGE][PASSED] - Delayed 1 second(s)

2019-07-23 18:24:27 - [TEST_STEP][PASSED] - click(findTestObject("Page_Ontario Cannabis Store - Infor/button_Continuer vers le mode")): Object: 'Object Repository/Page_Ontario Cannabis Store - Infor/button_Continuer vers le mode' is clicked on

2019-07-23 18:24:29 - [MESSAGE][PASSED] - Object: 'Object Repository/Page_Ontario Cannabis Store - Infor/button_Continuer vers le mode' is clicked on]]></system-out>
         <system-err><![CDATA[]]></system-err>
      </testcase>
      <testcase name="Test Cases/OCS - DESKTOP/OCS- HOME PAGE/Toggling language" classname="Test Cases/OCS - DESKTOP/OCS- HOME PAGE/Toggling language" status="PASSED">
         <system-out><![CDATA[2019-07-23 18:24:29 - [TEST_CASE][PASSED] - Test Cases/OCS - DESKTOP/OCS- HOME PAGE/Toggling language: Test Cases/OCS - DESKTOP/OCS- HOME PAGE/Toggling language

2019-07-23 18:24:29 - [TEST_STEP][PASSED] - callTestCase(findTestCase("OCS - DESKTOP/CALL- Age gate"), [:], STOP_ON_FAILURE): Call Test Case 'Test Cases/OCS - DESKTOP/CALL- Age gate' successfully

2019-07-23 18:24:29 - [TEST_CASE][PASSED] - Test Cases/OCS - DESKTOP/CALL- Age gate: Test Cases/OCS - DESKTOP/CALL- Age gate

2019-07-23 18:24:29 - [TEST_STEP][PASSED] - openBrowser(""): Browser is opened with url: ''

2019-07-23 18:24:29 - [MESSAGE][WARNING] - A browser is already opened. Closing browser and opening a new one

2019-07-23 18:24:29 - [MESSAGE][INFO] - Starting 'Chrome' driver

2019-07-23 18:24:31 - [MESSAGE][PASSED] - Browser is opened with url: ''

2019-07-23 18:24:31 - [TEST_STEP][PASSED] - navigateToUrl("https://ocs.ca/?fts=0&preview_theme_id=74209363788"): Navigate to 'https://ocs.ca/?fts=0&preview_theme_id=74209363788' successfully

2019-07-23 18:24:36 - [MESSAGE][PASSED] - Navigate to 'https://ocs.ca/?fts=0&preview_theme_id=74209363788' successfully

2019-07-23 18:24:36 - [TEST_STEP][PASSED] - maximizeWindow(): Current window maximized

2019-07-23 18:24:36 - [MESSAGE][PASSED] - Current window maximized

2019-07-23 18:24:36 - [TEST_STEP][PASSED] - delay(2): Delayed 2 second(s)

2019-07-23 18:24:38 - [MESSAGE][PASSED] - Delayed 2 second(s)

2019-07-23 18:24:38 - [TEST_STEP][PASSED] - executeJavaScript("var previewBar = document.getElementById("preview-bar-iframe"); previewBar.style.display = "none";", []): Execute JavaScript 'var previewBar = document.getElementById("preview-bar-iframe"); previewBar.style.display = "none";' successfully

2019-07-23 18:24:38 - [MESSAGE][PASSED] - Execute JavaScript 'var previewBar = document.getElementById("preview-bar-iframe"); previewBar.style.display = "none";' successfully

2019-07-23 18:24:38 - [TEST_STEP][PASSED] - selectOptionByValue(findTestObject("OCS-DESKTOP/Age gate and Mega menu/Date"), "12", true): All options with value '12' are selected in object 'Object Repository/OCS-DESKTOP/Age gate and Mega menu/Date'  using regular expression

2019-07-23 18:24:39 - [MESSAGE][PASSED] - All options with value '12' are selected in object 'Object Repository/OCS-DESKTOP/Age gate and Mega menu/Date'  using regular expression

2019-07-23 18:24:39 - [TEST_STEP][PASSED] - selectOptionByValue(findTestObject("OCS-DESKTOP/Age gate and Mega menu/month"), "6", true): All options with value '6' are selected in object 'Object Repository/OCS-DESKTOP/Age gate and Mega menu/month'  using regular expression

2019-07-23 18:24:39 - [MESSAGE][PASSED] - All options with value '6' are selected in object 'Object Repository/OCS-DESKTOP/Age gate and Mega menu/month'  using regular expression

2019-07-23 18:24:39 - [TEST_STEP][PASSED] - delay(2): Delayed 2 second(s)

2019-07-23 18:24:41 - [MESSAGE][PASSED] - Delayed 2 second(s)

2019-07-23 18:24:41 - [TEST_STEP][PASSED] - selectOptionByValue(findTestObject("OCS-DESKTOP/Age gate and Mega menu/Year Dropdown"), "1990", true): All options with value '1990' are selected in object 'Object Repository/OCS-DESKTOP/Age gate and Mega menu/Year Dropdown'  using regular expression

2019-07-23 18:24:42 - [MESSAGE][PASSED] - All options with value '1990' are selected in object 'Object Repository/OCS-DESKTOP/Age gate and Mega menu/Year Dropdown'  using regular expression

2019-07-23 18:24:42 - [TEST_STEP][PASSED] - click(findTestObject("OCS-DESKTOP/Age gate and Mega menu/button_Verify")): Object: 'Object Repository/OCS-DESKTOP/Age gate and Mega menu/button_Verify' is clicked on

2019-07-23 18:24:42 - [MESSAGE][PASSED] - Object: 'Object Repository/OCS-DESKTOP/Age gate and Mega menu/button_Verify' is clicked on

2019-07-23 18:24:42 - [TEST_STEP][PASSED] - click(findTestObject("OCS-DESKTOP/Age gate and Mega menu/Checkbox_CONFIRM AND ACKNOWLEDGE")): Object: 'Object Repository/OCS-DESKTOP/Age gate and Mega menu/Checkbox_CONFIRM AND ACKNOWLEDGE' is clicked on

2019-07-23 18:24:42 - [MESSAGE][PASSED] - Object: 'Object Repository/OCS-DESKTOP/Age gate and Mega menu/Checkbox_CONFIRM AND ACKNOWLEDGE' is clicked on

2019-07-23 18:24:42 - [TEST_STEP][PASSED] - click(findTestObject("OCS-DESKTOP/Age gate and Mega menu/button_CONFIRM")): Object: 'Object Repository/OCS-DESKTOP/Age gate and Mega menu/button_CONFIRM' is clicked on

2019-07-23 18:24:42 - [MESSAGE][PASSED] - Object: 'Object Repository/OCS-DESKTOP/Age gate and Mega menu/button_CONFIRM' is clicked on

2019-07-23 18:24:42 - [TEST_STEP][PASSED] - click(findTestObject("OCS-DESKTOP/Age gate and Mega menu/button_Start Browsing")): Object: 'Object Repository/OCS-DESKTOP/Age gate and Mega menu/button_Start Browsing' is clicked on

2019-07-23 18:24:42 - [MESSAGE][PASSED] - Object: 'Object Repository/OCS-DESKTOP/Age gate and Mega menu/button_Start Browsing' is clicked on

2019-07-23 18:24:42 - [TEST_STEP][PASSED] - delay(2): Delayed 2 second(s)

2019-07-23 18:24:44 - [MESSAGE][PASSED] - Delayed 2 second(s)

2019-07-23 18:24:44 - [TEST_STEP][PASSED] - refresh(): Refresh successfully

2019-07-23 18:24:44 - [MESSAGE][PASSED] - Refresh successfully

2019-07-23 18:24:44 - [MESSAGE][PASSED] - Call Test Case 'Test Cases/OCS - DESKTOP/CALL- Age gate' successfully

2019-07-23 18:24:44 - [TEST_STEP][PASSED] - delay(2): Delayed 2 second(s)

2019-07-23 18:24:46 - [MESSAGE][PASSED] - Delayed 2 second(s)

2019-07-23 18:24:46 - [TEST_STEP][PASSED] - click(findTestObject("OCS-DESKTOP/Cart flyout/English dropdown")): Object: 'Object Repository/OCS-DESKTOP/Cart flyout/English dropdown' is clicked on

2019-07-23 18:24:48 - [MESSAGE][PASSED] - Object: 'Object Repository/OCS-DESKTOP/Cart flyout/English dropdown' is clicked on

2019-07-23 18:24:48 - [TEST_STEP][PASSED] - delay(2): Delayed 2 second(s)

2019-07-23 18:24:50 - [MESSAGE][PASSED] - Delayed 2 second(s)

2019-07-23 18:24:50 - [TEST_STEP][PASSED] - executeJavaScript("var previewBar = document.getElementById("preview-bar-iframe"); previewBar.style.display = "none";", []): Execute JavaScript 'var previewBar = document.getElementById("preview-bar-iframe"); previewBar.style.display = "none";' successfully

2019-07-23 18:24:50 - [MESSAGE][PASSED] - Execute JavaScript 'var previewBar = document.getElementById("preview-bar-iframe"); previewBar.style.display = "none";' successfully

2019-07-23 18:24:50 - [TEST_STEP][PASSED] - click(findTestObject("OCS-DESKTOP/Cart flyout/Select French")): Object: 'Object Repository/OCS-DESKTOP/Cart flyout/Select French' is clicked on

2019-07-23 18:24:50 - [MESSAGE][PASSED] - Object: 'Object Repository/OCS-DESKTOP/Cart flyout/Select French' is clicked on

2019-07-23 18:24:50 - [TEST_STEP][PASSED] - delay(5): Delayed 5 second(s)

2019-07-23 18:24:55 - [MESSAGE][PASSED] - Delayed 5 second(s)

2019-07-23 18:24:55 - [TEST_STEP][PASSED] - a = getWindowTitle(): Current window's title is: 'Magasin de Cannabis de l'Ontario | Ontario Cannabis Store'

2019-07-23 18:24:56 - [MESSAGE][PASSED] - Current window's title is: 'Magasin de Cannabis de l'Ontario | Ontario Cannabis Store'

2019-07-23 18:24:56 - [TEST_STEP][PASSED] - comment("a = " + a): a = Magasin de Cannabis de l'Ontario | Ontario Cannabis Store

2019-07-23 18:24:56 - [MESSAGE][INFO] - a = Magasin de Cannabis de l'Ontario | Ontario Cannabis Store

2019-07-23 18:24:56 - [TEST_STEP][PASSED] - b = "Magasin de Cannabis de l'Ontario | Ontario Cannabis Store": null

2019-07-23 18:24:56 - [TEST_STEP][PASSED] - delay(2): Delayed 2 second(s)

2019-07-23 18:24:58 - [MESSAGE][PASSED] - Delayed 2 second(s)

2019-07-23 18:24:58 - [TEST_STEP][PASSED] - flag1 = verifyMatch(a, b, false): Actual text 'Magasin de Cannabis de l'Ontario | Ontario Cannabis Store' and expected text 'Magasin de Cannabis de l'Ontario | Ontario Cannabis Store' are matched 

2019-07-23 18:24:58 - [MESSAGE][PASSED] - Actual text 'Magasin de Cannabis de l'Ontario | Ontario Cannabis Store' and expected text 'Magasin de Cannabis de l'Ontario | Ontario Cannabis Store' are matched 

2019-07-23 18:24:58 - [TEST_STEP][PASSED] - comment("flag = " + flag1): flag = true

2019-07-23 18:24:58 - [MESSAGE][INFO] - flag = true

2019-07-23 18:24:58 - [TEST_STEP][PASSED] - if (flag1 == true): translated  to french

2019-07-23 18:24:58 - [TEST_STEP][PASSED] - comment("translated  to french"): translated  to french

2019-07-23 18:24:58 - [MESSAGE][INFO] - translated  to french

2019-07-23 18:24:58 - [TEST_STEP][PASSED] - delay(2): Delayed 2 second(s)

2019-07-23 18:25:00 - [MESSAGE][PASSED] - Delayed 2 second(s)

2019-07-23 18:25:00 - [TEST_STEP][PASSED] - click(findTestObject("OCS-DESKTOP/Cart flyout/French dropdown")): Object: 'Object Repository/OCS-DESKTOP/Cart flyout/French dropdown' is clicked on

2019-07-23 18:25:00 - [MESSAGE][PASSED] - Object: 'Object Repository/OCS-DESKTOP/Cart flyout/French dropdown' is clicked on

2019-07-23 18:25:00 - [TEST_STEP][PASSED] - delay(2): Delayed 2 second(s)

2019-07-23 18:25:02 - [MESSAGE][PASSED] - Delayed 2 second(s)

2019-07-23 18:25:02 - [TEST_STEP][PASSED] - click(findTestObject("OCS-DESKTOP/Cart flyout/Select English")): Object: 'Object Repository/OCS-DESKTOP/Cart flyout/Select English' is clicked on

2019-07-23 18:25:02 - [MESSAGE][PASSED] - Object: 'Object Repository/OCS-DESKTOP/Cart flyout/Select English' is clicked on

2019-07-23 18:25:02 - [TEST_STEP][PASSED] - delay(5): Delayed 5 second(s)

2019-07-23 18:25:07 - [MESSAGE][PASSED] - Delayed 5 second(s)

2019-07-23 18:25:07 - [TEST_STEP][PASSED] - c = getWindowTitle(): Current window's title is: 'Ontario Cannabis Store | Ontario Cannabis Store'

2019-07-23 18:25:07 - [MESSAGE][PASSED] - Current window's title is: 'Ontario Cannabis Store | Ontario Cannabis Store'

2019-07-23 18:25:07 - [TEST_STEP][PASSED] - comment("c =" + c): c =Ontario Cannabis Store | Ontario Cannabis Store

2019-07-23 18:25:07 - [MESSAGE][INFO] - c =Ontario Cannabis Store | Ontario Cannabis Store

2019-07-23 18:25:07 - [TEST_STEP][PASSED] - d = "Ontario Cannabis Store | Ontario Cannabis Store": null

2019-07-23 18:25:07 - [TEST_STEP][PASSED] - comment("d =" + d): d =Ontario Cannabis Store | Ontario Cannabis Store

2019-07-23 18:25:07 - [MESSAGE][INFO] - d =Ontario Cannabis Store | Ontario Cannabis Store

2019-07-23 18:25:07 - [TEST_STEP][PASSED] - flag = verifyMatch(c, d, false): Actual text 'Ontario Cannabis Store | Ontario Cannabis Store' and expected text 'Ontario Cannabis Store | Ontario Cannabis Store' are matched 

2019-07-23 18:25:07 - [MESSAGE][PASSED] - Actual text 'Ontario Cannabis Store | Ontario Cannabis Store' and expected text 'Ontario Cannabis Store | Ontario Cannabis Store' are matched 

2019-07-23 18:25:07 - [TEST_STEP][PASSED] - comment(" flag = " + flag):  flag = true

2019-07-23 18:25:07 - [MESSAGE][INFO] -  flag = true

2019-07-23 18:25:07 - [TEST_STEP][PASSED] - if (flag == true):  Language changing is successful

2019-07-23 18:25:07 - [TEST_STEP][PASSED] - comment(" Language changing is successful"):  Language changing is successful

2019-07-23 18:25:07 - [MESSAGE][INFO] -  Language changing is successful]]></system-out>
         <system-err><![CDATA[]]></system-err>
      </testcase>
      <testcase name="Test Cases/OCS - DESKTOP/OCS- HOME PAGE/HP-Burger menu-Accessories" classname="Test Cases/OCS - DESKTOP/OCS- HOME PAGE/HP-Burger menu-Accessories" status="PASSED">
         <system-out><![CDATA[2019-07-23 18:25:07 - [TEST_CASE][PASSED] - Test Cases/OCS - DESKTOP/OCS- HOME PAGE/HP-Burger menu-Accessories: Test Cases/OCS - DESKTOP/OCS- HOME PAGE/HP-Burger menu-Accessories

2019-07-23 18:25:07 - [TEST_STEP][PASSED] - callTestCase(findTestCase("OCS - DESKTOP/CALL- Age gate"), [:], STOP_ON_FAILURE): Call Test Case 'Test Cases/OCS - DESKTOP/CALL- Age gate' successfully

2019-07-23 18:25:07 - [TEST_CASE][PASSED] - Test Cases/OCS - DESKTOP/CALL- Age gate: Test Cases/OCS - DESKTOP/CALL- Age gate

2019-07-23 18:25:07 - [TEST_STEP][PASSED] - openBrowser(""): Browser is opened with url: ''

2019-07-23 18:25:07 - [MESSAGE][WARNING] - A browser is already opened. Closing browser and opening a new one

2019-07-23 18:25:07 - [MESSAGE][INFO] - Starting 'Chrome' driver

2019-07-23 18:25:08 - [MESSAGE][PASSED] - Browser is opened with url: ''

2019-07-23 18:25:08 - [TEST_STEP][PASSED] - navigateToUrl("https://ocs.ca/?fts=0&preview_theme_id=74209363788"): Navigate to 'https://ocs.ca/?fts=0&preview_theme_id=74209363788' successfully

2019-07-23 18:25:13 - [MESSAGE][PASSED] - Navigate to 'https://ocs.ca/?fts=0&preview_theme_id=74209363788' successfully

2019-07-23 18:25:13 - [TEST_STEP][PASSED] - maximizeWindow(): Current window maximized

2019-07-23 18:25:13 - [MESSAGE][PASSED] - Current window maximized

2019-07-23 18:25:13 - [TEST_STEP][PASSED] - delay(2): Delayed 2 second(s)

2019-07-23 18:25:15 - [MESSAGE][PASSED] - Delayed 2 second(s)

2019-07-23 18:25:15 - [TEST_STEP][PASSED] - executeJavaScript("var previewBar = document.getElementById("preview-bar-iframe"); previewBar.style.display = "none";", []): Execute JavaScript 'var previewBar = document.getElementById("preview-bar-iframe"); previewBar.style.display = "none";' successfully

2019-07-23 18:25:15 - [MESSAGE][PASSED] - Execute JavaScript 'var previewBar = document.getElementById("preview-bar-iframe"); previewBar.style.display = "none";' successfully

2019-07-23 18:25:15 - [TEST_STEP][PASSED] - selectOptionByValue(findTestObject("OCS-DESKTOP/Age gate and Mega menu/Date"), "12", true): All options with value '12' are selected in object 'Object Repository/OCS-DESKTOP/Age gate and Mega menu/Date'  using regular expression

2019-07-23 18:25:15 - [MESSAGE][PASSED] - All options with value '12' are selected in object 'Object Repository/OCS-DESKTOP/Age gate and Mega menu/Date'  using regular expression

2019-07-23 18:25:15 - [TEST_STEP][PASSED] - selectOptionByValue(findTestObject("OCS-DESKTOP/Age gate and Mega menu/month"), "6", true): All options with value '6' are selected in object 'Object Repository/OCS-DESKTOP/Age gate and Mega menu/month'  using regular expression

2019-07-23 18:25:16 - [MESSAGE][PASSED] - All options with value '6' are selected in object 'Object Repository/OCS-DESKTOP/Age gate and Mega menu/month'  using regular expression

2019-07-23 18:25:16 - [TEST_STEP][PASSED] - delay(2): Delayed 2 second(s)

2019-07-23 18:25:18 - [MESSAGE][PASSED] - Delayed 2 second(s)

2019-07-23 18:25:18 - [TEST_STEP][PASSED] - selectOptionByValue(findTestObject("OCS-DESKTOP/Age gate and Mega menu/Year Dropdown"), "1990", true): All options with value '1990' are selected in object 'Object Repository/OCS-DESKTOP/Age gate and Mega menu/Year Dropdown'  using regular expression

2019-07-23 18:25:19 - [MESSAGE][PASSED] - All options with value '1990' are selected in object 'Object Repository/OCS-DESKTOP/Age gate and Mega menu/Year Dropdown'  using regular expression

2019-07-23 18:25:19 - [TEST_STEP][PASSED] - click(findTestObject("OCS-DESKTOP/Age gate and Mega menu/button_Verify")): Object: 'Object Repository/OCS-DESKTOP/Age gate and Mega menu/button_Verify' is clicked on

2019-07-23 18:25:19 - [MESSAGE][PASSED] - Object: 'Object Repository/OCS-DESKTOP/Age gate and Mega menu/button_Verify' is clicked on

2019-07-23 18:25:19 - [TEST_STEP][PASSED] - click(findTestObject("OCS-DESKTOP/Age gate and Mega menu/Checkbox_CONFIRM AND ACKNOWLEDGE")): Object: 'Object Repository/OCS-DESKTOP/Age gate and Mega menu/Checkbox_CONFIRM AND ACKNOWLEDGE' is clicked on

2019-07-23 18:25:19 - [MESSAGE][PASSED] - Object: 'Object Repository/OCS-DESKTOP/Age gate and Mega menu/Checkbox_CONFIRM AND ACKNOWLEDGE' is clicked on

2019-07-23 18:25:19 - [TEST_STEP][PASSED] - click(findTestObject("OCS-DESKTOP/Age gate and Mega menu/button_CONFIRM")): Object: 'Object Repository/OCS-DESKTOP/Age gate and Mega menu/button_CONFIRM' is clicked on

2019-07-23 18:25:19 - [MESSAGE][PASSED] - Object: 'Object Repository/OCS-DESKTOP/Age gate and Mega menu/button_CONFIRM' is clicked on

2019-07-23 18:25:19 - [TEST_STEP][PASSED] - click(findTestObject("OCS-DESKTOP/Age gate and Mega menu/button_Start Browsing")): Object: 'Object Repository/OCS-DESKTOP/Age gate and Mega menu/button_Start Browsing' is clicked on

2019-07-23 18:25:19 - [MESSAGE][PASSED] - Object: 'Object Repository/OCS-DESKTOP/Age gate and Mega menu/button_Start Browsing' is clicked on

2019-07-23 18:25:19 - [TEST_STEP][PASSED] - delay(2): Delayed 2 second(s)

2019-07-23 18:25:21 - [MESSAGE][PASSED] - Delayed 2 second(s)

2019-07-23 18:25:21 - [TEST_STEP][PASSED] - refresh(): Refresh successfully

2019-07-23 18:25:26 - [MESSAGE][PASSED] - Refresh successfully

2019-07-23 18:25:26 - [MESSAGE][PASSED] - Call Test Case 'Test Cases/OCS - DESKTOP/CALL- Age gate' successfully

2019-07-23 18:25:26 - [TEST_STEP][PASSED] - delay(2, CONTINUE_ON_FAILURE): Delayed 2 second(s)

2019-07-23 18:25:28 - [MESSAGE][PASSED] - Delayed 2 second(s)

2019-07-23 18:25:28 - [TEST_STEP][PASSED] - click(findTestObject("OCS-DESKTOP/Age gate and Mega menu/Header/ACCESSORIES menu - En"), CONTINUE_ON_FAILURE): Object: 'Object Repository/OCS-DESKTOP/Age gate and Mega menu/Header/ACCESSORIES menu - En' is clicked on

2019-07-23 18:25:28 - [MESSAGE][PASSED] - Object: 'Object Repository/OCS-DESKTOP/Age gate and Mega menu/Header/ACCESSORIES menu - En' is clicked on

2019-07-23 18:25:28 - [TEST_STEP][PASSED] - delay(2, CONTINUE_ON_FAILURE): Delayed 2 second(s)

2019-07-23 18:25:30 - [MESSAGE][PASSED] - Delayed 2 second(s)

2019-07-23 18:25:30 - [TEST_STEP][NOT_RUN] - click(findTestObject("OCS-DESKTOP/Accessories page/All accessories"), STOP_ON_FAILURE): NOT_RUN: click(findTestObject("OCS-DESKTOP/Accessories page/All accessories"), STOP_ON_FAILURE)

2019-07-23 18:25:30 - [MESSAGE][NOT_RUN] - NOT_RUN: click(findTestObject("OCS-DESKTOP/Accessories page/All accessories"), STOP_ON_FAILURE)

2019-07-23 18:25:30 - [TEST_STEP][PASSED] - delay(1, CONTINUE_ON_FAILURE): Delayed 1 second(s)

2019-07-23 18:25:31 - [MESSAGE][PASSED] - Delayed 1 second(s)

2019-07-23 18:25:31 - [TEST_STEP][PASSED] - click(findTestObject("OCS-DESKTOP/Age gate and Mega menu/Header/ACCESSORIES menu - En"), CONTINUE_ON_FAILURE): Object: 'Object Repository/OCS-DESKTOP/Age gate and Mega menu/Header/ACCESSORIES menu - En' is clicked on

2019-07-23 18:25:31 - [MESSAGE][PASSED] - Object: 'Object Repository/OCS-DESKTOP/Age gate and Mega menu/Header/ACCESSORIES menu - En' is clicked on

2019-07-23 18:25:31 - [TEST_STEP][PASSED] - delay(2, CONTINUE_ON_FAILURE): Delayed 2 second(s)

2019-07-23 18:25:33 - [MESSAGE][PASSED] - Delayed 2 second(s)

2019-07-23 18:25:33 - [TEST_STEP][PASSED] - click(findTestObject("OCS-DESKTOP/Accessories page/Vaporizers"), CONTINUE_ON_FAILURE): Object: 'Object Repository/OCS-DESKTOP/Accessories page/Vaporizers' is clicked on

2019-07-23 18:25:35 - [MESSAGE][PASSED] - Object: 'Object Repository/OCS-DESKTOP/Accessories page/Vaporizers' is clicked on

2019-07-23 18:25:35 - [TEST_STEP][PASSED] - delay(1, CONTINUE_ON_FAILURE): Delayed 1 second(s)

2019-07-23 18:25:36 - [MESSAGE][PASSED] - Delayed 1 second(s)

2019-07-23 18:25:36 - [TEST_STEP][PASSED] - a = getWindowTitle(CONTINUE_ON_FAILURE): Current window's title is: 'Vaporizers | Ontario Cannabis Store'

2019-07-23 18:25:36 - [MESSAGE][PASSED] - Current window's title is: 'Vaporizers | Ontario Cannabis Store'

2019-07-23 18:25:36 - [TEST_STEP][PASSED] - comment(a): Vaporizers | Ontario Cannabis Store

2019-07-23 18:25:36 - [MESSAGE][INFO] - Vaporizers | Ontario Cannabis Store

2019-07-23 18:25:36 - [TEST_STEP][PASSED] - b = "Vaporizers | Ontario Cannabis Store": null

2019-07-23 18:25:36 - [TEST_STEP][PASSED] - comment(b): Vaporizers | Ontario Cannabis Store

2019-07-23 18:25:36 - [MESSAGE][INFO] - Vaporizers | Ontario Cannabis Store

2019-07-23 18:25:36 - [TEST_STEP][PASSED] - if (a == b): correct window page 

2019-07-23 18:25:36 - [TEST_STEP][PASSED] - comment("correct window page "): correct window page 

2019-07-23 18:25:36 - [MESSAGE][INFO] - correct window page 

2019-07-23 18:25:36 - [TEST_STEP][PASSED] - delay(1, CONTINUE_ON_FAILURE): Delayed 1 second(s)

2019-07-23 18:25:37 - [MESSAGE][PASSED] - Delayed 1 second(s)

2019-07-23 18:25:37 - [TEST_STEP][PASSED] - click(findTestObject("OCS-DESKTOP/Age gate and Mega menu/Header/ACCESSORIES menu - En"), CONTINUE_ON_FAILURE): Object: 'Object Repository/OCS-DESKTOP/Age gate and Mega menu/Header/ACCESSORIES menu - En' is clicked on

2019-07-23 18:25:37 - [MESSAGE][PASSED] - Object: 'Object Repository/OCS-DESKTOP/Age gate and Mega menu/Header/ACCESSORIES menu - En' is clicked on

2019-07-23 18:25:37 - [TEST_STEP][PASSED] - delay(2, CONTINUE_ON_FAILURE): Delayed 2 second(s)

2019-07-23 18:25:39 - [MESSAGE][PASSED] - Delayed 2 second(s)

2019-07-23 18:25:39 - [TEST_STEP][PASSED] - delay(1, CONTINUE_ON_FAILURE): Delayed 1 second(s)

2019-07-23 18:25:40 - [MESSAGE][PASSED] - Delayed 1 second(s)

2019-07-23 18:25:40 - [TEST_STEP][PASSED] - click(findTestObject("OCS-DESKTOP/Accessories page/Bongs - water pipes"), CONTINUE_ON_FAILURE): Object: 'Object Repository/OCS-DESKTOP/Accessories page/Bongs - water pipes' is clicked on

2019-07-23 18:25:42 - [MESSAGE][PASSED] - Object: 'Object Repository/OCS-DESKTOP/Accessories page/Bongs - water pipes' is clicked on

2019-07-23 18:25:42 - [TEST_STEP][PASSED] - delay(1, CONTINUE_ON_FAILURE): Delayed 1 second(s)

2019-07-23 18:25:43 - [MESSAGE][PASSED] - Delayed 1 second(s)

2019-07-23 18:25:43 - [TEST_STEP][PASSED] - a1 = getWindowTitle(CONTINUE_ON_FAILURE): Current window's title is: 'Bongs & Water Pipes | Ontario Cannabis Store'

2019-07-23 18:25:43 - [MESSAGE][PASSED] - Current window's title is: 'Bongs & Water Pipes | Ontario Cannabis Store'

2019-07-23 18:25:43 - [TEST_STEP][PASSED] - comment(a1): Bongs & Water Pipes | Ontario Cannabis Store

2019-07-23 18:25:43 - [MESSAGE][INFO] - Bongs & Water Pipes | Ontario Cannabis Store

2019-07-23 18:25:43 - [TEST_STEP][PASSED] - b1 = "Bongs & Water Pipes | Ontario Cannabis Store": null

2019-07-23 18:25:43 - [TEST_STEP][PASSED] - comment(b1): Bongs & Water Pipes | Ontario Cannabis Store

2019-07-23 18:25:43 - [MESSAGE][INFO] - Bongs & Water Pipes | Ontario Cannabis Store

2019-07-23 18:25:43 - [TEST_STEP][PASSED] - if (a1 == b1): correct window page 

2019-07-23 18:25:43 - [TEST_STEP][PASSED] - comment("correct window page "): correct window page 

2019-07-23 18:25:43 - [MESSAGE][INFO] - correct window page 

2019-07-23 18:25:43 - [TEST_STEP][PASSED] - delay(1, CONTINUE_ON_FAILURE): Delayed 1 second(s)

2019-07-23 18:25:44 - [MESSAGE][PASSED] - Delayed 1 second(s)

2019-07-23 18:25:44 - [TEST_STEP][PASSED] - click(findTestObject("OCS-DESKTOP/Age gate and Mega menu/Header/ACCESSORIES menu - En"), CONTINUE_ON_FAILURE): Object: 'Object Repository/OCS-DESKTOP/Age gate and Mega menu/Header/ACCESSORIES menu - En' is clicked on

2019-07-23 18:25:45 - [MESSAGE][PASSED] - Object: 'Object Repository/OCS-DESKTOP/Age gate and Mega menu/Header/ACCESSORIES menu - En' is clicked on

2019-07-23 18:25:45 - [TEST_STEP][PASSED] - delay(2, CONTINUE_ON_FAILURE): Delayed 2 second(s)

2019-07-23 18:25:47 - [MESSAGE][PASSED] - Delayed 2 second(s)

2019-07-23 18:25:47 - [TEST_STEP][PASSED] - delay(1, CONTINUE_ON_FAILURE): Delayed 1 second(s)

2019-07-23 18:25:48 - [MESSAGE][PASSED] - Delayed 1 second(s)

2019-07-23 18:25:48 - [TEST_STEP][PASSED] - click(findTestObject("OCS-DESKTOP/Accessories page/Handheld pipes"), CONTINUE_ON_FAILURE): Object: 'Object Repository/OCS-DESKTOP/Accessories page/Handheld pipes' is clicked on

2019-07-23 18:25:51 - [MESSAGE][PASSED] - Object: 'Object Repository/OCS-DESKTOP/Accessories page/Handheld pipes' is clicked on

2019-07-23 18:25:51 - [TEST_STEP][PASSED] - delay(1, CONTINUE_ON_FAILURE): Delayed 1 second(s)

2019-07-23 18:25:52 - [MESSAGE][PASSED] - Delayed 1 second(s)

2019-07-23 18:25:52 - [TEST_STEP][PASSED] - a11 = getWindowTitle(CONTINUE_ON_FAILURE): Current window's title is: 'Handheld Pipes | Ontario Cannabis Store'

2019-07-23 18:25:52 - [MESSAGE][PASSED] - Current window's title is: 'Handheld Pipes | Ontario Cannabis Store'

2019-07-23 18:25:52 - [TEST_STEP][PASSED] - comment(a11): Handheld Pipes | Ontario Cannabis Store

2019-07-23 18:25:52 - [MESSAGE][INFO] - Handheld Pipes | Ontario Cannabis Store

2019-07-23 18:25:52 - [TEST_STEP][PASSED] - b11 = "Handheld Pipes | Ontario Cannabis Store": null

2019-07-23 18:25:52 - [TEST_STEP][PASSED] - comment(b11): Handheld Pipes | Ontario Cannabis Store

2019-07-23 18:25:52 - [MESSAGE][INFO] - Handheld Pipes | Ontario Cannabis Store

2019-07-23 18:25:52 - [TEST_STEP][PASSED] - if (a11 == b11): correct window page 

2019-07-23 18:25:52 - [TEST_STEP][PASSED] - comment("correct window page "): correct window page 

2019-07-23 18:25:52 - [MESSAGE][INFO] - correct window page 

2019-07-23 18:25:52 - [TEST_STEP][PASSED] - delay(1, CONTINUE_ON_FAILURE): Delayed 1 second(s)

2019-07-23 18:25:53 - [MESSAGE][PASSED] - Delayed 1 second(s)

2019-07-23 18:25:53 - [TEST_STEP][PASSED] - click(findTestObject("OCS-DESKTOP/Age gate and Mega menu/Header/ACCESSORIES menu - En"), CONTINUE_ON_FAILURE): Object: 'Object Repository/OCS-DESKTOP/Age gate and Mega menu/Header/ACCESSORIES menu - En' is clicked on

2019-07-23 18:25:53 - [MESSAGE][PASSED] - Object: 'Object Repository/OCS-DESKTOP/Age gate and Mega menu/Header/ACCESSORIES menu - En' is clicked on

2019-07-23 18:25:53 - [TEST_STEP][PASSED] - delay(2, CONTINUE_ON_FAILURE): Delayed 2 second(s)

2019-07-23 18:25:55 - [MESSAGE][PASSED] - Delayed 2 second(s)

2019-07-23 18:25:55 - [TEST_STEP][PASSED] - delay(1, CONTINUE_ON_FAILURE): Delayed 1 second(s)

2019-07-23 18:25:56 - [MESSAGE][PASSED] - Delayed 1 second(s)

2019-07-23 18:25:56 - [TEST_STEP][PASSED] - click(findTestObject("OCS-DESKTOP/Accessories page/Papers -filters"), CONTINUE_ON_FAILURE): Object: 'Object Repository/OCS-DESKTOP/Accessories page/Papers -filters' is clicked on

2019-07-23 18:25:58 - [MESSAGE][PASSED] - Object: 'Object Repository/OCS-DESKTOP/Accessories page/Papers -filters' is clicked on

2019-07-23 18:25:58 - [TEST_STEP][PASSED] - delay(1, CONTINUE_ON_FAILURE): Delayed 1 second(s)

2019-07-23 18:25:59 - [MESSAGE][PASSED] - Delayed 1 second(s)

2019-07-23 18:25:59 - [TEST_STEP][PASSED] - a111 = getWindowTitle(CONTINUE_ON_FAILURE): Current window's title is: 'Papers & Filters | Ontario Cannabis Store'

2019-07-23 18:25:59 - [MESSAGE][PASSED] - Current window's title is: 'Papers & Filters | Ontario Cannabis Store'

2019-07-23 18:25:59 - [TEST_STEP][PASSED] - comment(a111): Papers & Filters | Ontario Cannabis Store

2019-07-23 18:25:59 - [MESSAGE][INFO] - Papers & Filters | Ontario Cannabis Store

2019-07-23 18:25:59 - [TEST_STEP][PASSED] - b111 = "Papers & Filters | Ontario Cannabis Store": null

2019-07-23 18:25:59 - [TEST_STEP][PASSED] - comment(b111): Papers & Filters | Ontario Cannabis Store

2019-07-23 18:25:59 - [MESSAGE][INFO] - Papers & Filters | Ontario Cannabis Store

2019-07-23 18:25:59 - [TEST_STEP][PASSED] - if (a111 == b111): correct window page 

2019-07-23 18:25:59 - [TEST_STEP][PASSED] - comment("correct window page "): correct window page 

2019-07-23 18:25:59 - [MESSAGE][INFO] - correct window page 

2019-07-23 18:25:59 - [TEST_STEP][PASSED] - delay(1, CONTINUE_ON_FAILURE): Delayed 1 second(s)

2019-07-23 18:26:00 - [MESSAGE][PASSED] - Delayed 1 second(s)

2019-07-23 18:26:00 - [TEST_STEP][PASSED] - click(findTestObject("OCS-DESKTOP/Age gate and Mega menu/Header/ACCESSORIES menu - En"), CONTINUE_ON_FAILURE): Object: 'Object Repository/OCS-DESKTOP/Age gate and Mega menu/Header/ACCESSORIES menu - En' is clicked on

2019-07-23 18:26:00 - [MESSAGE][PASSED] - Object: 'Object Repository/OCS-DESKTOP/Age gate and Mega menu/Header/ACCESSORIES menu - En' is clicked on

2019-07-23 18:26:00 - [TEST_STEP][PASSED] - delay(2, CONTINUE_ON_FAILURE): Delayed 2 second(s)

2019-07-23 18:26:02 - [MESSAGE][PASSED] - Delayed 2 second(s)

2019-07-23 18:26:02 - [TEST_STEP][PASSED] - delay(1, CONTINUE_ON_FAILURE): Delayed 1 second(s)

2019-07-23 18:26:03 - [MESSAGE][PASSED] - Delayed 1 second(s)

2019-07-23 18:26:03 - [TEST_STEP][PASSED] - click(findTestObject("OCS-DESKTOP/Accessories page/Grinders"), CONTINUE_ON_FAILURE): Object: 'Object Repository/OCS-DESKTOP/Accessories page/Grinders' is clicked on

2019-07-23 18:26:05 - [MESSAGE][PASSED] - Object: 'Object Repository/OCS-DESKTOP/Accessories page/Grinders' is clicked on

2019-07-23 18:26:05 - [TEST_STEP][PASSED] - delay(1, CONTINUE_ON_FAILURE): Delayed 1 second(s)

2019-07-23 18:26:06 - [MESSAGE][PASSED] - Delayed 1 second(s)

2019-07-23 18:26:06 - [TEST_STEP][PASSED] - a1111 = getWindowTitle(CONTINUE_ON_FAILURE): Current window's title is: 'Grinders | Ontario Cannabis Store'

2019-07-23 18:26:06 - [MESSAGE][PASSED] - Current window's title is: 'Grinders | Ontario Cannabis Store'

2019-07-23 18:26:06 - [TEST_STEP][PASSED] - comment(a1111): Grinders | Ontario Cannabis Store

2019-07-23 18:26:06 - [MESSAGE][INFO] - Grinders | Ontario Cannabis Store

2019-07-23 18:26:06 - [TEST_STEP][PASSED] - b1111 = "Grinders | Ontario Cannabis Store": null

2019-07-23 18:26:06 - [TEST_STEP][PASSED] - comment(b1111): Grinders | Ontario Cannabis Store

2019-07-23 18:26:06 - [MESSAGE][INFO] - Grinders | Ontario Cannabis Store

2019-07-23 18:26:06 - [TEST_STEP][PASSED] - if (a1111 == b1111): correct window page 

2019-07-23 18:26:06 - [TEST_STEP][PASSED] - comment("correct window page "): correct window page 

2019-07-23 18:26:06 - [MESSAGE][INFO] - correct window page 

2019-07-23 18:26:06 - [TEST_STEP][PASSED] - delay(1, CONTINUE_ON_FAILURE): Delayed 1 second(s)

2019-07-23 18:26:07 - [MESSAGE][PASSED] - Delayed 1 second(s)

2019-07-23 18:26:07 - [TEST_STEP][PASSED] - click(findTestObject("OCS-DESKTOP/Age gate and Mega menu/Header/ACCESSORIES menu - En"), CONTINUE_ON_FAILURE): Object: 'Object Repository/OCS-DESKTOP/Age gate and Mega menu/Header/ACCESSORIES menu - En' is clicked on

2019-07-23 18:26:07 - [MESSAGE][PASSED] - Object: 'Object Repository/OCS-DESKTOP/Age gate and Mega menu/Header/ACCESSORIES menu - En' is clicked on

2019-07-23 18:26:07 - [TEST_STEP][PASSED] - delay(2, CONTINUE_ON_FAILURE): Delayed 2 second(s)

2019-07-23 18:26:09 - [MESSAGE][PASSED] - Delayed 2 second(s)

2019-07-23 18:26:09 - [TEST_STEP][PASSED] - delay(1, CONTINUE_ON_FAILURE): Delayed 1 second(s)

2019-07-23 18:26:10 - [MESSAGE][PASSED] - Delayed 1 second(s)

2019-07-23 18:26:10 - [TEST_STEP][PASSED] - click(findTestObject("OCS-DESKTOP/Accessories page/Tools -kits"), CONTINUE_ON_FAILURE): Object: 'Object Repository/OCS-DESKTOP/Accessories page/Tools -kits' is clicked on

2019-07-23 18:26:12 - [MESSAGE][PASSED] - Object: 'Object Repository/OCS-DESKTOP/Accessories page/Tools -kits' is clicked on

2019-07-23 18:26:12 - [TEST_STEP][PASSED] - delay(1, CONTINUE_ON_FAILURE): Delayed 1 second(s)

2019-07-23 18:26:13 - [MESSAGE][PASSED] - Delayed 1 second(s)

2019-07-23 18:26:13 - [TEST_STEP][PASSED] - a11111 = getWindowTitle(CONTINUE_ON_FAILURE): Current window's title is: 'Multi-Tools & Kits | Ontario Cannabis Store'

2019-07-23 18:26:13 - [MESSAGE][PASSED] - Current window's title is: 'Multi-Tools & Kits | Ontario Cannabis Store'

2019-07-23 18:26:13 - [TEST_STEP][PASSED] - comment(a11111): Multi-Tools & Kits | Ontario Cannabis Store

2019-07-23 18:26:13 - [MESSAGE][INFO] - Multi-Tools & Kits | Ontario Cannabis Store

2019-07-23 18:26:13 - [TEST_STEP][PASSED] - b11111 = "Multi-Tools & Kits | Ontario Cannabis Store": null

2019-07-23 18:26:13 - [TEST_STEP][PASSED] - comment(b11111): Multi-Tools & Kits | Ontario Cannabis Store

2019-07-23 18:26:13 - [MESSAGE][INFO] - Multi-Tools & Kits | Ontario Cannabis Store

2019-07-23 18:26:13 - [TEST_STEP][PASSED] - if (a11111 == b11111): correct window page 

2019-07-23 18:26:13 - [TEST_STEP][PASSED] - comment("correct window page "): correct window page 

2019-07-23 18:26:13 - [MESSAGE][INFO] - correct window page 

2019-07-23 18:26:13 - [TEST_STEP][PASSED] - delay(1, CONTINUE_ON_FAILURE): Delayed 1 second(s)

2019-07-23 18:26:14 - [MESSAGE][PASSED] - Delayed 1 second(s)

2019-07-23 18:26:14 - [TEST_STEP][PASSED] - click(findTestObject("OCS-DESKTOP/Age gate and Mega menu/Header/ACCESSORIES menu - En"), CONTINUE_ON_FAILURE): Object: 'Object Repository/OCS-DESKTOP/Age gate and Mega menu/Header/ACCESSORIES menu - En' is clicked on

2019-07-23 18:26:14 - [MESSAGE][PASSED] - Object: 'Object Repository/OCS-DESKTOP/Age gate and Mega menu/Header/ACCESSORIES menu - En' is clicked on

2019-07-23 18:26:14 - [TEST_STEP][PASSED] - delay(2, CONTINUE_ON_FAILURE): Delayed 2 second(s)

2019-07-23 18:26:16 - [MESSAGE][PASSED] - Delayed 2 second(s)

2019-07-23 18:26:16 - [TEST_STEP][PASSED] - delay(1, CONTINUE_ON_FAILURE): Delayed 1 second(s)

2019-07-23 18:26:17 - [MESSAGE][PASSED] - Delayed 1 second(s)

2019-07-23 18:26:17 - [TEST_STEP][PASSED] - click(findTestObject("OCS-DESKTOP/Accessories page/Cleaning supplies"), CONTINUE_ON_FAILURE): Object: 'Object Repository/OCS-DESKTOP/Accessories page/Cleaning supplies' is clicked on

2019-07-23 18:26:19 - [MESSAGE][PASSED] - Object: 'Object Repository/OCS-DESKTOP/Accessories page/Cleaning supplies' is clicked on

2019-07-23 18:26:19 - [TEST_STEP][PASSED] - delay(1, CONTINUE_ON_FAILURE): Delayed 1 second(s)

2019-07-23 18:26:20 - [MESSAGE][PASSED] - Delayed 1 second(s)

2019-07-23 18:26:20 - [TEST_STEP][PASSED] - a12 = getWindowTitle(CONTINUE_ON_FAILURE): Current window's title is: 'Cleaning Supplies | Ontario Cannabis Store'

2019-07-23 18:26:20 - [MESSAGE][PASSED] - Current window's title is: 'Cleaning Supplies | Ontario Cannabis Store'

2019-07-23 18:26:20 - [TEST_STEP][PASSED] - comment(a12): Cleaning Supplies | Ontario Cannabis Store

2019-07-23 18:26:20 - [MESSAGE][INFO] - Cleaning Supplies | Ontario Cannabis Store

2019-07-23 18:26:20 - [TEST_STEP][PASSED] - b12 = "Cleaning Supplies | Ontario Cannabis Store": null

2019-07-23 18:26:20 - [TEST_STEP][PASSED] - comment(b12): Cleaning Supplies | Ontario Cannabis Store

2019-07-23 18:26:20 - [MESSAGE][INFO] - Cleaning Supplies | Ontario Cannabis Store

2019-07-23 18:26:20 - [TEST_STEP][PASSED] - if (a12 == b12): correct window page 

2019-07-23 18:26:20 - [TEST_STEP][PASSED] - comment("correct window page "): correct window page 

2019-07-23 18:26:20 - [MESSAGE][INFO] - correct window page 

2019-07-23 18:26:20 - [TEST_STEP][PASSED] - delay(1, CONTINUE_ON_FAILURE): Delayed 1 second(s)

2019-07-23 18:26:21 - [MESSAGE][PASSED] - Delayed 1 second(s)

2019-07-23 18:26:21 - [TEST_STEP][PASSED] - click(findTestObject("OCS-DESKTOP/Age gate and Mega menu/Header/ACCESSORIES menu - En"), CONTINUE_ON_FAILURE): Object: 'Object Repository/OCS-DESKTOP/Age gate and Mega menu/Header/ACCESSORIES menu - En' is clicked on

2019-07-23 18:26:22 - [MESSAGE][PASSED] - Object: 'Object Repository/OCS-DESKTOP/Age gate and Mega menu/Header/ACCESSORIES menu - En' is clicked on

2019-07-23 18:26:22 - [TEST_STEP][PASSED] - delay(2, CONTINUE_ON_FAILURE): Delayed 2 second(s)

2019-07-23 18:26:24 - [MESSAGE][PASSED] - Delayed 2 second(s)

2019-07-23 18:26:24 - [TEST_STEP][PASSED] - delay(1, CONTINUE_ON_FAILURE): Delayed 1 second(s)

2019-07-23 18:26:25 - [MESSAGE][PASSED] - Delayed 1 second(s)

2019-07-23 18:26:25 - [TEST_STEP][PASSED] - click(findTestObject("OCS-DESKTOP/Accessories page/Storage"), CONTINUE_ON_FAILURE): Object: 'Object Repository/OCS-DESKTOP/Accessories page/Storage' is clicked on

2019-07-23 18:26:27 - [MESSAGE][PASSED] - Object: 'Object Repository/OCS-DESKTOP/Accessories page/Storage' is clicked on

2019-07-23 18:26:27 - [TEST_STEP][PASSED] - delay(1, CONTINUE_ON_FAILURE): Delayed 1 second(s)

2019-07-23 18:26:29 - [MESSAGE][PASSED] - Delayed 1 second(s)

2019-07-23 18:26:29 - [TEST_STEP][PASSED] - a13 = getWindowTitle(CONTINUE_ON_FAILURE): Current window's title is: 'Storage | Ontario Cannabis Store'

2019-07-23 18:26:29 - [MESSAGE][PASSED] - Current window's title is: 'Storage | Ontario Cannabis Store'

2019-07-23 18:26:29 - [TEST_STEP][PASSED] - comment(a13): Storage | Ontario Cannabis Store

2019-07-23 18:26:29 - [MESSAGE][INFO] - Storage | Ontario Cannabis Store

2019-07-23 18:26:29 - [TEST_STEP][PASSED] - b13 = "Storage | Ontario Cannabis Store": null

2019-07-23 18:26:29 - [TEST_STEP][PASSED] - comment(b): Vaporizers | Ontario Cannabis Store

2019-07-23 18:26:29 - [MESSAGE][INFO] - Vaporizers | Ontario Cannabis Store

2019-07-23 18:26:29 - [TEST_STEP][PASSED] - if (a13 == b13): correct window page 

2019-07-23 18:26:29 - [TEST_STEP][PASSED] - comment("correct window page "): correct window page 

2019-07-23 18:26:29 - [MESSAGE][INFO] - correct window page 

2019-07-23 18:26:29 - [TEST_STEP][PASSED] - delay(1, CONTINUE_ON_FAILURE): Delayed 1 second(s)

2019-07-23 18:26:30 - [MESSAGE][PASSED] - Delayed 1 second(s)

2019-07-23 18:26:30 - [TEST_STEP][PASSED] - click(findTestObject("OCS-DESKTOP/Age gate and Mega menu/Header/ACCESSORIES menu - En"), CONTINUE_ON_FAILURE): Object: 'Object Repository/OCS-DESKTOP/Age gate and Mega menu/Header/ACCESSORIES menu - En' is clicked on

2019-07-23 18:26:30 - [MESSAGE][PASSED] - Object: 'Object Repository/OCS-DESKTOP/Age gate and Mega menu/Header/ACCESSORIES menu - En' is clicked on

2019-07-23 18:26:30 - [TEST_STEP][PASSED] - delay(2, CONTINUE_ON_FAILURE): Delayed 2 second(s)

2019-07-23 18:26:32 - [MESSAGE][PASSED] - Delayed 2 second(s)

2019-07-23 18:26:32 - [TEST_STEP][PASSED] - delay(1, CONTINUE_ON_FAILURE): Delayed 1 second(s)

2019-07-23 18:26:33 - [MESSAGE][PASSED] - Delayed 1 second(s)

2019-07-23 18:26:33 - [TEST_STEP][PASSED] - click(findTestObject("OCS-DESKTOP/Accessories page/Trays"), CONTINUE_ON_FAILURE): Object: 'Object Repository/OCS-DESKTOP/Accessories page/Trays' is clicked on

2019-07-23 18:26:35 - [MESSAGE][PASSED] - Object: 'Object Repository/OCS-DESKTOP/Accessories page/Trays' is clicked on

2019-07-23 18:26:35 - [TEST_STEP][PASSED] - delay(1, CONTINUE_ON_FAILURE): Delayed 1 second(s)

2019-07-23 18:26:36 - [MESSAGE][PASSED] - Delayed 1 second(s)

2019-07-23 18:26:36 - [TEST_STEP][PASSED] - a14 = getWindowTitle(CONTINUE_ON_FAILURE): Current window's title is: 'Trays | Ontario Cannabis Store'

2019-07-23 18:26:36 - [MESSAGE][PASSED] - Current window's title is: 'Trays | Ontario Cannabis Store'

2019-07-23 18:26:36 - [TEST_STEP][PASSED] - comment(a14): Trays | Ontario Cannabis Store

2019-07-23 18:26:36 - [MESSAGE][INFO] - Trays | Ontario Cannabis Store

2019-07-23 18:26:36 - [TEST_STEP][PASSED] - b14 = "Trays | Ontario Cannabis Store": null

2019-07-23 18:26:36 - [TEST_STEP][PASSED] - comment(b14): Trays | Ontario Cannabis Store

2019-07-23 18:26:36 - [MESSAGE][INFO] - Trays | Ontario Cannabis Store

2019-07-23 18:26:36 - [TEST_STEP][PASSED] - if (a14 == b14): correct window page 

2019-07-23 18:26:36 - [TEST_STEP][PASSED] - comment("correct window page "): correct window page 

2019-07-23 18:26:36 - [MESSAGE][INFO] - correct window page 

2019-07-23 18:26:36 - [TEST_STEP][PASSED] - delay(1, CONTINUE_ON_FAILURE): Delayed 1 second(s)

2019-07-23 18:26:37 - [MESSAGE][PASSED] - Delayed 1 second(s)

2019-07-23 18:26:37 - [TEST_STEP][PASSED] - click(findTestObject("OCS-DESKTOP/Age gate and Mega menu/Header/ACCESSORIES menu - En"), CONTINUE_ON_FAILURE): Object: 'Object Repository/OCS-DESKTOP/Age gate and Mega menu/Header/ACCESSORIES menu - En' is clicked on

2019-07-23 18:26:37 - [MESSAGE][PASSED] - Object: 'Object Repository/OCS-DESKTOP/Age gate and Mega menu/Header/ACCESSORIES menu - En' is clicked on

2019-07-23 18:26:37 - [TEST_STEP][PASSED] - delay(2, CONTINUE_ON_FAILURE): Delayed 2 second(s)

2019-07-23 18:26:39 - [MESSAGE][PASSED] - Delayed 2 second(s)

2019-07-23 18:26:39 - [TEST_STEP][PASSED] - delay(1, CONTINUE_ON_FAILURE): Delayed 1 second(s)

2019-07-23 18:26:40 - [MESSAGE][PASSED] - Delayed 1 second(s)

2019-07-23 18:26:40 - [TEST_STEP][PASSED] - click(findTestObject("OCS-DESKTOP/Accessories page/Infusers"), CONTINUE_ON_FAILURE): Object: 'Object Repository/OCS-DESKTOP/Accessories page/Infusers' is clicked on

2019-07-23 18:26:41 - [MESSAGE][PASSED] - Object: 'Object Repository/OCS-DESKTOP/Accessories page/Infusers' is clicked on

2019-07-23 18:26:41 - [TEST_STEP][PASSED] - delay(1, CONTINUE_ON_FAILURE): Delayed 1 second(s)

2019-07-23 18:26:42 - [MESSAGE][PASSED] - Delayed 1 second(s)

2019-07-23 18:26:42 - [TEST_STEP][PASSED] - a15 = getWindowTitle(CONTINUE_ON_FAILURE): Current window's title is: 'Infusers | Ontario Cannabis Store'

2019-07-23 18:26:42 - [MESSAGE][PASSED] - Current window's title is: 'Infusers | Ontario Cannabis Store'

2019-07-23 18:26:42 - [TEST_STEP][PASSED] - comment(a15): Infusers | Ontario Cannabis Store

2019-07-23 18:26:42 - [MESSAGE][INFO] - Infusers | Ontario Cannabis Store

2019-07-23 18:26:42 - [TEST_STEP][PASSED] - b15 = "Infusers | Ontario Cannabis Store": null

2019-07-23 18:26:42 - [TEST_STEP][PASSED] - comment(b15): Infusers | Ontario Cannabis Store

2019-07-23 18:26:42 - [MESSAGE][INFO] - Infusers | Ontario Cannabis Store

2019-07-23 18:26:42 - [TEST_STEP][PASSED] - if (a15 == b15): correct window page 

2019-07-23 18:26:42 - [TEST_STEP][PASSED] - comment("correct window page "): correct window page 

2019-07-23 18:26:42 - [MESSAGE][INFO] - correct window page 

2019-07-23 18:26:42 - [TEST_STEP][PASSED] - delay(1, CONTINUE_ON_FAILURE): Delayed 1 second(s)

2019-07-23 18:26:43 - [MESSAGE][PASSED] - Delayed 1 second(s)

2019-07-23 18:26:43 - [TEST_STEP][PASSED] - click(findTestObject("OCS-DESKTOP/Age gate and Mega menu/Header/ACCESSORIES menu - En"), CONTINUE_ON_FAILURE): Object: 'Object Repository/OCS-DESKTOP/Age gate and Mega menu/Header/ACCESSORIES menu - En' is clicked on

2019-07-23 18:26:43 - [MESSAGE][PASSED] - Object: 'Object Repository/OCS-DESKTOP/Age gate and Mega menu/Header/ACCESSORIES menu - En' is clicked on

2019-07-23 18:26:43 - [TEST_STEP][PASSED] - delay(2, CONTINUE_ON_FAILURE): Delayed 2 second(s)

2019-07-23 18:26:45 - [MESSAGE][PASSED] - Delayed 2 second(s)

2019-07-23 18:26:45 - [TEST_STEP][PASSED] - delay(1, CONTINUE_ON_FAILURE): Delayed 1 second(s)

2019-07-23 18:26:46 - [MESSAGE][PASSED] - Delayed 1 second(s)

2019-07-23 18:26:46 - [TEST_STEP][PASSED] - executeJavaScript("var previewBar = document.getElementById("preview-bar-iframe"); previewBar.style.display = "none";", []): Execute JavaScript 'var previewBar = document.getElementById("preview-bar-iframe"); previewBar.style.display = "none";' successfully

2019-07-23 18:26:46 - [MESSAGE][PASSED] - Execute JavaScript 'var previewBar = document.getElementById("preview-bar-iframe"); previewBar.style.display = "none";' successfully

2019-07-23 18:26:46 - [TEST_STEP][PASSED] - delay(1, CONTINUE_ON_FAILURE): Delayed 1 second(s)

2019-07-23 18:26:47 - [MESSAGE][PASSED] - Delayed 1 second(s)

2019-07-23 18:26:47 - [TEST_STEP][PASSED] - click(findTestObject("OCS-DESKTOP/Accessories page/Best selling pipes")): Object: 'Object Repository/OCS-DESKTOP/Accessories page/Best selling pipes' is clicked on

2019-07-23 18:26:50 - [MESSAGE][PASSED] - Object: 'Object Repository/OCS-DESKTOP/Accessories page/Best selling pipes' is clicked on

2019-07-23 18:26:50 - [TEST_STEP][PASSED] - delay(1, OPTIONAL): Delayed 1 second(s)

2019-07-23 18:26:51 - [MESSAGE][PASSED] - Delayed 1 second(s)

2019-07-23 18:26:51 - [TEST_STEP][NOT_RUN] - flag = verifyTextPresent("Page Not Found", false, CONTINUE_ON_FAILURE): NOT_RUN: flag = verifyTextPresent("Page Not Found", false, CONTINUE_ON_FAILURE)

2019-07-23 18:26:51 - [MESSAGE][NOT_RUN] - NOT_RUN: flag = verifyTextPresent("Page Not Found", false, CONTINUE_ON_FAILURE)

2019-07-23 18:26:51 - [TEST_STEP][NOT_RUN] - comment("flag=" + flag): NOT_RUN: comment("flag=" + flag)

2019-07-23 18:26:51 - [MESSAGE][NOT_RUN] - NOT_RUN: comment("flag=" + flag)

2019-07-23 18:26:51 - [TEST_STEP][NOT_RUN] - if (flag == true): NOT_RUN: if (flag == true)

2019-07-23 18:26:51 - [MESSAGE][NOT_RUN] - NOT_RUN: if (flag == true)

2019-07-23 18:26:51 - [TEST_STEP][PASSED] - click(findTestObject("OCS-DESKTOP/Age gate and Mega menu/Header/ACCESSORIES menu - En"), CONTINUE_ON_FAILURE): Object: 'Object Repository/OCS-DESKTOP/Age gate and Mega menu/Header/ACCESSORIES menu - En' is clicked on

2019-07-23 18:26:51 - [MESSAGE][PASSED] - Object: 'Object Repository/OCS-DESKTOP/Age gate and Mega menu/Header/ACCESSORIES menu - En' is clicked on

2019-07-23 18:26:51 - [TEST_STEP][PASSED] - delay(2, CONTINUE_ON_FAILURE): Delayed 2 second(s)

2019-07-23 18:26:53 - [MESSAGE][PASSED] - Delayed 2 second(s)

2019-07-23 18:26:53 - [TEST_STEP][PASSED] - delay(1, CONTINUE_ON_FAILURE): Delayed 1 second(s)

2019-07-23 18:26:54 - [MESSAGE][PASSED] - Delayed 1 second(s)

2019-07-23 18:26:54 - [TEST_STEP][PASSED] - executeJavaScript("var previewBar = document.getElementById("preview-bar-iframe"); previewBar.style.display = "none";", []): Execute JavaScript 'var previewBar = document.getElementById("preview-bar-iframe"); previewBar.style.display = "none";' successfully

2019-07-23 18:26:54 - [MESSAGE][PASSED] - Execute JavaScript 'var previewBar = document.getElementById("preview-bar-iframe"); previewBar.style.display = "none";' successfully

2019-07-23 18:26:54 - [TEST_STEP][PASSED] - click(findTestObject("OCS-DESKTOP/Accessories page/Travel storage")): Object: 'Object Repository/OCS-DESKTOP/Accessories page/Travel storage' is clicked on

2019-07-23 18:26:57 - [MESSAGE][PASSED] - Object: 'Object Repository/OCS-DESKTOP/Accessories page/Travel storage' is clicked on

2019-07-23 18:26:57 - [TEST_STEP][NOT_RUN] - flag1 = verifyTextPresent("Page Not Found", false, CONTINUE_ON_FAILURE): NOT_RUN: flag1 = verifyTextPresent("Page Not Found", false, CONTINUE_ON_FAILURE)

2019-07-23 18:26:57 - [MESSAGE][NOT_RUN] - NOT_RUN: flag1 = verifyTextPresent("Page Not Found", false, CONTINUE_ON_FAILURE)

2019-07-23 18:26:57 - [TEST_STEP][NOT_RUN] - comment("flag1=" + flag1): NOT_RUN: comment("flag1=" + flag1)

2019-07-23 18:26:57 - [MESSAGE][NOT_RUN] - NOT_RUN: comment("flag1=" + flag1)

2019-07-23 18:26:57 - [TEST_STEP][NOT_RUN] - if (flag1 == true): NOT_RUN: if (flag1 == true)

2019-07-23 18:26:57 - [MESSAGE][NOT_RUN] - NOT_RUN: if (flag1 == true)

2019-07-23 18:26:57 - [TEST_STEP][PASSED] - delay(1, CONTINUE_ON_FAILURE): Delayed 1 second(s)

2019-07-23 18:26:58 - [MESSAGE][PASSED] - Delayed 1 second(s)

2019-07-23 18:26:58 - [TEST_STEP][PASSED] - click(findTestObject("OCS-DESKTOP/Age gate and Mega menu/Header/ACCESSORIES menu - En"), CONTINUE_ON_FAILURE): Object: 'Object Repository/OCS-DESKTOP/Age gate and Mega menu/Header/ACCESSORIES menu - En' is clicked on

2019-07-23 18:26:58 - [MESSAGE][PASSED] - Object: 'Object Repository/OCS-DESKTOP/Age gate and Mega menu/Header/ACCESSORIES menu - En' is clicked on

2019-07-23 18:26:58 - [TEST_STEP][PASSED] - delay(2, CONTINUE_ON_FAILURE): Delayed 2 second(s)

2019-07-23 18:27:00 - [MESSAGE][PASSED] - Delayed 2 second(s)

2019-07-23 18:27:00 - [TEST_STEP][PASSED] - delay(1, OPTIONAL): Delayed 1 second(s)

2019-07-23 18:27:01 - [MESSAGE][PASSED] - Delayed 1 second(s)

2019-07-23 18:27:01 - [TEST_STEP][PASSED] - executeJavaScript("var previewBar = document.getElementById("preview-bar-iframe"); previewBar.style.display = "none";", []): Execute JavaScript 'var previewBar = document.getElementById("preview-bar-iframe"); previewBar.style.display = "none";' successfully

2019-07-23 18:27:01 - [MESSAGE][PASSED] - Execute JavaScript 'var previewBar = document.getElementById("preview-bar-iframe"); previewBar.style.display = "none";' successfully

2019-07-23 18:27:01 - [TEST_STEP][PASSED] - delay(2, CONTINUE_ON_FAILURE): Delayed 2 second(s)

2019-07-23 18:27:03 - [MESSAGE][PASSED] - Delayed 2 second(s)

2019-07-23 18:27:03 - [TEST_STEP][PASSED] - click(findTestObject("OCS-DESKTOP/Accessories page/Shop all acessories")): Object: 'Object Repository/OCS-DESKTOP/Accessories page/Shop all acessories' is clicked on

2019-07-23 18:27:06 - [MESSAGE][PASSED] - Object: 'Object Repository/OCS-DESKTOP/Accessories page/Shop all acessories' is clicked on]]></system-out>
         <system-err><![CDATA[]]></system-err>
      </testcase>
      <testcase name="Test Cases/OCS - DESKTOP/OCS- HOME PAGE/Announcement" classname="Test Cases/OCS - DESKTOP/OCS- HOME PAGE/Announcement" status="FAILED">
         <failure type="FAILED" message="Test Cases/OCS - DESKTOP/OCS- HOME PAGE/Announcement FAILED.
Reason:
com.kms.katalon.core.exception.StepFailedException: Text 'Due to holiday closures within the Canada Post network for Victoria Day, please expect some order delivery delays.' is not present on page 
	at com.kms.katalon.core.keyword.internal.KeywordMain.stepFailed(KeywordMain.groovy:32)
	at com.kms.katalon.core.webui.keyword.internal.WebUIKeywordMain.stepFailed(WebUIKeywordMain.groovy:65)
	at com.kms.katalon.core.webui.keyword.builtin.VerifyTextPresentKeyword$_verifyTextPresent_closure1.doCall(VerifyTextPresentKeyword.groovy:79)
	at com.kms.katalon.core.webui.keyword.builtin.VerifyTextPresentKeyword$_verifyTextPresent_closure1.call(VerifyTextPresentKeyword.groovy)
	at com.kms.katalon.core.webui.keyword.internal.WebUIKeywordMain.runKeyword(WebUIKeywordMain.groovy:21)
	at com.kms.katalon.core.webui.keyword.builtin.VerifyTextPresentKeyword.verifyTextPresent(VerifyTextPresentKeyword.groovy:83)
	at com.kms.katalon.core.webui.keyword.builtin.VerifyTextPresentKeyword.execute(VerifyTextPresentKeyword.groovy:68)
	at com.kms.katalon.core.keyword.internal.KeywordExecutor.executeKeywordForPlatform(KeywordExecutor.groovy:53)
	at com.kms.katalon.core.webui.keyword.WebUiBuiltInKeywords.verifyTextPresent(WebUiBuiltInKeywords.groovy:1677)
	at com.kms.katalon.core.webui.keyword.WebUiBuiltInKeywords$verifyTextPresent$18.call(Unknown Source)
	at Announcement.run(Announcement:18)
	at com.kms.katalon.core.main.ScriptEngine.run(ScriptEngine.java:194)
	at com.kms.katalon.core.main.ScriptEngine.runScriptAsRawText(ScriptEngine.java:119)
	at com.kms.katalon.core.main.TestCaseExecutor.runScript(TestCaseExecutor.java:328)
	at com.kms.katalon.core.main.TestCaseExecutor.doExecute(TestCaseExecutor.java:319)
	at com.kms.katalon.core.main.TestCaseExecutor.processExecutionPhase(TestCaseExecutor.java:298)
	at com.kms.katalon.core.main.TestCaseExecutor.accessMainPhase(TestCaseExecutor.java:290)
	at com.kms.katalon.core.main.TestCaseExecutor.execute(TestCaseExecutor.java:224)
	at com.kms.katalon.core.main.TestSuiteExecutor.accessTestCaseMainPhase(TestSuiteExecutor.java:129)
	at com.kms.katalon.core.main.TestSuiteExecutor.accessTestSuiteMainPhase(TestSuiteExecutor.java:112)
	at com.kms.katalon.core.main.TestSuiteExecutor.execute(TestSuiteExecutor.java:81)
	at com.kms.katalon.core.main.TestCaseMain.startTestSuite(TestCaseMain.java:149)
	at com.kms.katalon.core.main.TestCaseMain$startTestSuite$0.call(Unknown Source)
	at TempTestSuite1563918963353.run(TempTestSuite1563918963353.groovy:36)
"/>
         <system-out><![CDATA[2019-07-23 18:27:06 - [TEST_CASE][FAILED] - Test Cases/OCS - DESKTOP/OCS- HOME PAGE/Announcement: Test Cases/OCS - DESKTOP/OCS- HOME PAGE/Announcement FAILED.
Reason:
com.kms.katalon.core.exception.StepFailedException: Text 'Due to holiday closures within the Canada Post network for Victoria Day, please expect some order delivery delays.' is not present on page 
	at com.kms.katalon.core.keyword.internal.KeywordMain.stepFailed(KeywordMain.groovy:32)
	at com.kms.katalon.core.webui.keyword.internal.WebUIKeywordMain.stepFailed(WebUIKeywordMain.groovy:65)
	at com.kms.katalon.core.webui.keyword.builtin.VerifyTextPresentKeyword$_verifyTextPresent_closure1.doCall(VerifyTextPresentKeyword.groovy:79)
	at com.kms.katalon.core.webui.keyword.builtin.VerifyTextPresentKeyword$_verifyTextPresent_closure1.call(VerifyTextPresentKeyword.groovy)
	at com.kms.katalon.core.webui.keyword.internal.WebUIKeywordMain.runKeyword(WebUIKeywordMain.groovy:21)
	at com.kms.katalon.core.webui.keyword.builtin.VerifyTextPresentKeyword.verifyTextPresent(VerifyTextPresentKeyword.groovy:83)
	at com.kms.katalon.core.webui.keyword.builtin.VerifyTextPresentKeyword.execute(VerifyTextPresentKeyword.groovy:68)
	at com.kms.katalon.core.keyword.internal.KeywordExecutor.executeKeywordForPlatform(KeywordExecutor.groovy:53)
	at com.kms.katalon.core.webui.keyword.WebUiBuiltInKeywords.verifyTextPresent(WebUiBuiltInKeywords.groovy:1677)
	at com.kms.katalon.core.webui.keyword.WebUiBuiltInKeywords$verifyTextPresent$18.call(Unknown Source)
	at Announcement.run(Announcement:18)
	at com.kms.katalon.core.main.ScriptEngine.run(ScriptEngine.java:194)
	at com.kms.katalon.core.main.ScriptEngine.runScriptAsRawText(ScriptEngine.java:119)
	at com.kms.katalon.core.main.TestCaseExecutor.runScript(TestCaseExecutor.java:328)
	at com.kms.katalon.core.main.TestCaseExecutor.doExecute(TestCaseExecutor.java:319)
	at com.kms.katalon.core.main.TestCaseExecutor.processExecutionPhase(TestCaseExecutor.java:298)
	at com.kms.katalon.core.main.TestCaseExecutor.accessMainPhase(TestCaseExecutor.java:290)
	at com.kms.katalon.core.main.TestCaseExecutor.execute(TestCaseExecutor.java:224)
	at com.kms.katalon.core.main.TestSuiteExecutor.accessTestCaseMainPhase(TestSuiteExecutor.java:129)
	at com.kms.katalon.core.main.TestSuiteExecutor.accessTestSuiteMainPhase(TestSuiteExecutor.java:112)
	at com.kms.katalon.core.main.TestSuiteExecutor.execute(TestSuiteExecutor.java:81)
	at com.kms.katalon.core.main.TestCaseMain.startTestSuite(TestCaseMain.java:149)
	at com.kms.katalon.core.main.TestCaseMain$startTestSuite$0.call(Unknown Source)
	at TempTestSuite1563918963353.run(TempTestSuite1563918963353.groovy:36)


2019-07-23 18:27:06 - [TEST_STEP][PASSED] - callTestCase(findTestCase("OCS - DESKTOP/CALL- Age gate"), [:], STOP_ON_FAILURE): Call Test Case 'Test Cases/OCS - DESKTOP/CALL- Age gate' successfully

2019-07-23 18:27:06 - [TEST_CASE][PASSED] - Test Cases/OCS - DESKTOP/CALL- Age gate: Test Cases/OCS - DESKTOP/CALL- Age gate

2019-07-23 18:27:06 - [TEST_STEP][PASSED] - openBrowser(""): Browser is opened with url: ''

2019-07-23 18:27:06 - [MESSAGE][WARNING] - A browser is already opened. Closing browser and opening a new one

2019-07-23 18:27:07 - [MESSAGE][INFO] - Starting 'Chrome' driver

2019-07-23 18:27:08 - [MESSAGE][PASSED] - Browser is opened with url: ''

2019-07-23 18:27:08 - [TEST_STEP][PASSED] - navigateToUrl("https://ocs.ca/?fts=0&preview_theme_id=74209363788"): Navigate to 'https://ocs.ca/?fts=0&preview_theme_id=74209363788' successfully

2019-07-23 18:27:12 - [MESSAGE][PASSED] - Navigate to 'https://ocs.ca/?fts=0&preview_theme_id=74209363788' successfully

2019-07-23 18:27:12 - [TEST_STEP][PASSED] - maximizeWindow(): Current window maximized

2019-07-23 18:27:13 - [MESSAGE][PASSED] - Current window maximized

2019-07-23 18:27:13 - [TEST_STEP][PASSED] - delay(2): Delayed 2 second(s)

2019-07-23 18:27:15 - [MESSAGE][PASSED] - Delayed 2 second(s)

2019-07-23 18:27:15 - [TEST_STEP][PASSED] - executeJavaScript("var previewBar = document.getElementById("preview-bar-iframe"); previewBar.style.display = "none";", []): Execute JavaScript 'var previewBar = document.getElementById("preview-bar-iframe"); previewBar.style.display = "none";' successfully

2019-07-23 18:27:15 - [MESSAGE][PASSED] - Execute JavaScript 'var previewBar = document.getElementById("preview-bar-iframe"); previewBar.style.display = "none";' successfully

2019-07-23 18:27:15 - [TEST_STEP][PASSED] - selectOptionByValue(findTestObject("OCS-DESKTOP/Age gate and Mega menu/Date"), "12", true): All options with value '12' are selected in object 'Object Repository/OCS-DESKTOP/Age gate and Mega menu/Date'  using regular expression

2019-07-23 18:27:15 - [MESSAGE][PASSED] - All options with value '12' are selected in object 'Object Repository/OCS-DESKTOP/Age gate and Mega menu/Date'  using regular expression

2019-07-23 18:27:15 - [TEST_STEP][PASSED] - selectOptionByValue(findTestObject("OCS-DESKTOP/Age gate and Mega menu/month"), "6", true): All options with value '6' are selected in object 'Object Repository/OCS-DESKTOP/Age gate and Mega menu/month'  using regular expression

2019-07-23 18:27:15 - [MESSAGE][PASSED] - All options with value '6' are selected in object 'Object Repository/OCS-DESKTOP/Age gate and Mega menu/month'  using regular expression

2019-07-23 18:27:15 - [TEST_STEP][PASSED] - delay(2): Delayed 2 second(s)

2019-07-23 18:27:17 - [MESSAGE][PASSED] - Delayed 2 second(s)

2019-07-23 18:27:17 - [TEST_STEP][PASSED] - selectOptionByValue(findTestObject("OCS-DESKTOP/Age gate and Mega menu/Year Dropdown"), "1990", true): All options with value '1990' are selected in object 'Object Repository/OCS-DESKTOP/Age gate and Mega menu/Year Dropdown'  using regular expression

2019-07-23 18:27:18 - [MESSAGE][PASSED] - All options with value '1990' are selected in object 'Object Repository/OCS-DESKTOP/Age gate and Mega menu/Year Dropdown'  using regular expression

2019-07-23 18:27:18 - [TEST_STEP][PASSED] - click(findTestObject("OCS-DESKTOP/Age gate and Mega menu/button_Verify")): Object: 'Object Repository/OCS-DESKTOP/Age gate and Mega menu/button_Verify' is clicked on

2019-07-23 18:27:18 - [MESSAGE][PASSED] - Object: 'Object Repository/OCS-DESKTOP/Age gate and Mega menu/button_Verify' is clicked on

2019-07-23 18:27:18 - [TEST_STEP][PASSED] - click(findTestObject("OCS-DESKTOP/Age gate and Mega menu/Checkbox_CONFIRM AND ACKNOWLEDGE")): Object: 'Object Repository/OCS-DESKTOP/Age gate and Mega menu/Checkbox_CONFIRM AND ACKNOWLEDGE' is clicked on

2019-07-23 18:27:18 - [MESSAGE][PASSED] - Object: 'Object Repository/OCS-DESKTOP/Age gate and Mega menu/Checkbox_CONFIRM AND ACKNOWLEDGE' is clicked on

2019-07-23 18:27:18 - [TEST_STEP][PASSED] - click(findTestObject("OCS-DESKTOP/Age gate and Mega menu/button_CONFIRM")): Object: 'Object Repository/OCS-DESKTOP/Age gate and Mega menu/button_CONFIRM' is clicked on

2019-07-23 18:27:18 - [MESSAGE][PASSED] - Object: 'Object Repository/OCS-DESKTOP/Age gate and Mega menu/button_CONFIRM' is clicked on

2019-07-23 18:27:18 - [TEST_STEP][PASSED] - click(findTestObject("OCS-DESKTOP/Age gate and Mega menu/button_Start Browsing")): Object: 'Object Repository/OCS-DESKTOP/Age gate and Mega menu/button_Start Browsing' is clicked on

2019-07-23 18:27:19 - [MESSAGE][PASSED] - Object: 'Object Repository/OCS-DESKTOP/Age gate and Mega menu/button_Start Browsing' is clicked on

2019-07-23 18:27:19 - [TEST_STEP][PASSED] - delay(2): Delayed 2 second(s)

2019-07-23 18:27:21 - [MESSAGE][PASSED] - Delayed 2 second(s)

2019-07-23 18:27:21 - [TEST_STEP][PASSED] - refresh(): Refresh successfully

2019-07-23 18:27:21 - [MESSAGE][PASSED] - Refresh successfully

2019-07-23 18:27:21 - [MESSAGE][PASSED] - Call Test Case 'Test Cases/OCS - DESKTOP/CALL- Age gate' successfully

2019-07-23 18:27:21 - [TEST_STEP][FAILED] - flag = verifyTextPresent("Due to holiday closures within the Canada Post network for Victoria Day, please expect some order delivery delays.", false, CONTINUE_ON_FAILURE): Text 'Due to holiday closures within the Canada Post network for Victoria Day, please expect some order delivery delays.' is not present on page 

2019-07-23 18:27:24 - [MESSAGE][FAILED] - Text 'Due to holiday closures within the Canada Post network for Victoria Day, please expect some order delivery delays.' is not present on page 

2019-07-23 18:27:24 - [TEST_STEP][PASSED] - delay(2): Delayed 2 second(s)

2019-07-23 18:27:26 - [MESSAGE][PASSED] - Delayed 2 second(s)

2019-07-23 18:27:26 - [TEST_STEP][PASSED] - comment("flag =" + flag): flag =false

2019-07-23 18:27:26 - [MESSAGE][INFO] - flag =false

2019-07-23 18:27:26 - [TEST_STEP][FAILED] - if (flag == false): if (flag == false) FAILED.
Reason:
com.kms.katalon.core.exception.StepFailedException: Text 'Due to holiday closures within the Canada Post network for Victoria Day, please expect some order delivery delays.' is not present on page 
	at com.kms.katalon.core.keyword.internal.KeywordMain.stepFailed(KeywordMain.groovy:32)
	at com.kms.katalon.core.webui.keyword.internal.WebUIKeywordMain.stepFailed(WebUIKeywordMain.groovy:65)
	at com.kms.katalon.core.webui.keyword.builtin.VerifyTextPresentKeyword$_verifyTextPresent_closure1.doCall(VerifyTextPresentKeyword.groovy:79)
	at com.kms.katalon.core.webui.keyword.builtin.VerifyTextPresentKeyword$_verifyTextPresent_closure1.call(VerifyTextPresentKeyword.groovy)
	at com.kms.katalon.core.webui.keyword.internal.WebUIKeywordMain.runKeyword(WebUIKeywordMain.groovy:21)
	at com.kms.katalon.core.webui.keyword.builtin.VerifyTextPresentKeyword.verifyTextPresent(VerifyTextPresentKeyword.groovy:83)
	at com.kms.katalon.core.webui.keyword.builtin.VerifyTextPresentKeyword.execute(VerifyTextPresentKeyword.groovy:68)
	at com.kms.katalon.core.keyword.internal.KeywordExecutor.executeKeywordForPlatform(KeywordExecutor.groovy:53)
	at com.kms.katalon.core.webui.keyword.WebUiBuiltInKeywords.verifyTextPresent(WebUiBuiltInKeywords.groovy:1677)
	at com.kms.katalon.core.webui.keyword.WebUiBuiltInKeywords$verifyTextPresent$18.call(Unknown Source)
	at Announcement.run(Announcement:18)
	at com.kms.katalon.core.main.ScriptEngine.run(ScriptEngine.java:194)
	at com.kms.katalon.core.main.ScriptEngine.runScriptAsRawText(ScriptEngine.java:119)
	at com.kms.katalon.core.main.TestCaseExecutor.runScript(TestCaseExecutor.java:328)
	at com.kms.katalon.core.main.TestCaseExecutor.doExecute(TestCaseExecutor.java:319)
	at com.kms.katalon.core.main.TestCaseExecutor.processExecutionPhase(TestCaseExecutor.java:298)
	at com.kms.katalon.core.main.TestCaseExecutor.accessMainPhase(TestCaseExecutor.java:290)
	at com.kms.katalon.core.main.TestCaseExecutor.execute(TestCaseExecutor.java:224)
	at com.kms.katalon.core.main.TestSuiteExecutor.accessTestCaseMainPhase(TestSuiteExecutor.java:129)
	at com.kms.katalon.core.main.TestSuiteExecutor.accessTestSuiteMainPhase(TestSuiteExecutor.java:112)
	at com.kms.katalon.core.main.TestSuiteExecutor.execute(TestSuiteExecutor.java:81)
	at com.kms.katalon.core.main.TestCaseMain.startTestSuite(TestCaseMain.java:149)
	at com.kms.katalon.core.main.TestCaseMain$startTestSuite$0.call(Unknown Source)
	at TempTestSuite1563918963353.run(TempTestSuite1563918963353.groovy:36)


2019-07-23 18:27:26 - [TEST_STEP][FAILED] - comment(" there is no  announcment "): if (flag == false) FAILED.
Reason:
com.kms.katalon.core.exception.StepFailedException: Text 'Due to holiday closures within the Canada Post network for Victoria Day, please expect some order delivery delays.' is not present on page 
	at com.kms.katalon.core.keyword.internal.KeywordMain.stepFailed(KeywordMain.groovy:32)
	at com.kms.katalon.core.webui.keyword.internal.WebUIKeywordMain.stepFailed(WebUIKeywordMain.groovy:65)
	at com.kms.katalon.core.webui.keyword.builtin.VerifyTextPresentKeyword$_verifyTextPresent_closure1.doCall(VerifyTextPresentKeyword.groovy:79)
	at com.kms.katalon.core.webui.keyword.builtin.VerifyTextPresentKeyword$_verifyTextPresent_closure1.call(VerifyTextPresentKeyword.groovy)
	at com.kms.katalon.core.webui.keyword.internal.WebUIKeywordMain.runKeyword(WebUIKeywordMain.groovy:21)
	at com.kms.katalon.core.webui.keyword.builtin.VerifyTextPresentKeyword.verifyTextPresent(VerifyTextPresentKeyword.groovy:83)
	at com.kms.katalon.core.webui.keyword.builtin.VerifyTextPresentKeyword.execute(VerifyTextPresentKeyword.groovy:68)
	at com.kms.katalon.core.keyword.internal.KeywordExecutor.executeKeywordForPlatform(KeywordExecutor.groovy:53)
	at com.kms.katalon.core.webui.keyword.WebUiBuiltInKeywords.verifyTextPresent(WebUiBuiltInKeywords.groovy:1677)
	at com.kms.katalon.core.webui.keyword.WebUiBuiltInKeywords$verifyTextPresent$18.call(Unknown Source)
	at Announcement.run(Announcement:18)
	at com.kms.katalon.core.main.ScriptEngine.run(ScriptEngine.java:194)
	at com.kms.katalon.core.main.ScriptEngine.runScriptAsRawText(ScriptEngine.java:119)
	at com.kms.katalon.core.main.TestCaseExecutor.runScript(TestCaseExecutor.java:328)
	at com.kms.katalon.core.main.TestCaseExecutor.doExecute(TestCaseExecutor.java:319)
	at com.kms.katalon.core.main.TestCaseExecutor.processExecutionPhase(TestCaseExecutor.java:298)
	at com.kms.katalon.core.main.TestCaseExecutor.accessMainPhase(TestCaseExecutor.java:290)
	at com.kms.katalon.core.main.TestCaseExecutor.execute(TestCaseExecutor.java:224)
	at com.kms.katalon.core.main.TestSuiteExecutor.accessTestCaseMainPhase(TestSuiteExecutor.java:129)
	at com.kms.katalon.core.main.TestSuiteExecutor.accessTestSuiteMainPhase(TestSuiteExecutor.java:112)
	at com.kms.katalon.core.main.TestSuiteExecutor.execute(TestSuiteExecutor.java:81)
	at com.kms.katalon.core.main.TestCaseMain.startTestSuite(TestCaseMain.java:149)
	at com.kms.katalon.core.main.TestCaseMain$startTestSuite$0.call(Unknown Source)
	at TempTestSuite1563918963353.run(TempTestSuite1563918963353.groovy:36)


2019-07-23 18:27:26 - [MESSAGE][INFO] -  there is no  announcment 

2019-07-23 18:27:26 - [MESSAGE][FAILED] - if (flag == false) FAILED.
Reason:
com.kms.katalon.core.exception.StepFailedException: Text 'Due to holiday closures within the Canada Post network for Victoria Day, please expect some order delivery delays.' is not present on page 
	at com.kms.katalon.core.keyword.internal.KeywordMain.stepFailed(KeywordMain.groovy:32)
	at com.kms.katalon.core.webui.keyword.internal.WebUIKeywordMain.stepFailed(WebUIKeywordMain.groovy:65)
	at com.kms.katalon.core.webui.keyword.builtin.VerifyTextPresentKeyword$_verifyTextPresent_closure1.doCall(VerifyTextPresentKeyword.groovy:79)
	at com.kms.katalon.core.webui.keyword.builtin.VerifyTextPresentKeyword$_verifyTextPresent_closure1.call(VerifyTextPresentKeyword.groovy)
	at com.kms.katalon.core.webui.keyword.internal.WebUIKeywordMain.runKeyword(WebUIKeywordMain.groovy:21)
	at com.kms.katalon.core.webui.keyword.builtin.VerifyTextPresentKeyword.verifyTextPresent(VerifyTextPresentKeyword.groovy:83)
	at com.kms.katalon.core.webui.keyword.builtin.VerifyTextPresentKeyword.execute(VerifyTextPresentKeyword.groovy:68)
	at com.kms.katalon.core.keyword.internal.KeywordExecutor.executeKeywordForPlatform(KeywordExecutor.groovy:53)
	at com.kms.katalon.core.webui.keyword.WebUiBuiltInKeywords.verifyTextPresent(WebUiBuiltInKeywords.groovy:1677)
	at com.kms.katalon.core.webui.keyword.WebUiBuiltInKeywords$verifyTextPresent$18.call(Unknown Source)
	at Announcement.run(Announcement:18)
	at com.kms.katalon.core.main.ScriptEngine.run(ScriptEngine.java:194)
	at com.kms.katalon.core.main.ScriptEngine.runScriptAsRawText(ScriptEngine.java:119)
	at com.kms.katalon.core.main.TestCaseExecutor.runScript(TestCaseExecutor.java:328)
	at com.kms.katalon.core.main.TestCaseExecutor.doExecute(TestCaseExecutor.java:319)
	at com.kms.katalon.core.main.TestCaseExecutor.processExecutionPhase(TestCaseExecutor.java:298)
	at com.kms.katalon.core.main.TestCaseExecutor.accessMainPhase(TestCaseExecutor.java:290)
	at com.kms.katalon.core.main.TestCaseExecutor.execute(TestCaseExecutor.java:224)
	at com.kms.katalon.core.main.TestSuiteExecutor.accessTestCaseMainPhase(TestSuiteExecutor.java:129)
	at com.kms.katalon.core.main.TestSuiteExecutor.accessTestSuiteMainPhase(TestSuiteExecutor.java:112)
	at com.kms.katalon.core.main.TestSuiteExecutor.execute(TestSuiteExecutor.java:81)
	at com.kms.katalon.core.main.TestCaseMain.startTestSuite(TestCaseMain.java:149)
	at com.kms.katalon.core.main.TestCaseMain$startTestSuite$0.call(Unknown Source)
	at TempTestSuite1563918963353.run(TempTestSuite1563918963353.groovy:36)]]></system-out>
         <system-err><![CDATA[2019-07-23 18:27:06 - [TEST_CASE][FAILED] - Test Cases/OCS - DESKTOP/OCS- HOME PAGE/Announcement: Test Cases/OCS - DESKTOP/OCS- HOME PAGE/Announcement FAILED.
Reason:
com.kms.katalon.core.exception.StepFailedException: Text 'Due to holiday closures within the Canada Post network for Victoria Day, please expect some order delivery delays.' is not present on page 
	at com.kms.katalon.core.keyword.internal.KeywordMain.stepFailed(KeywordMain.groovy:32)
	at com.kms.katalon.core.webui.keyword.internal.WebUIKeywordMain.stepFailed(WebUIKeywordMain.groovy:65)
	at com.kms.katalon.core.webui.keyword.builtin.VerifyTextPresentKeyword$_verifyTextPresent_closure1.doCall(VerifyTextPresentKeyword.groovy:79)
	at com.kms.katalon.core.webui.keyword.builtin.VerifyTextPresentKeyword$_verifyTextPresent_closure1.call(VerifyTextPresentKeyword.groovy)
	at com.kms.katalon.core.webui.keyword.internal.WebUIKeywordMain.runKeyword(WebUIKeywordMain.groovy:21)
	at com.kms.katalon.core.webui.keyword.builtin.VerifyTextPresentKeyword.verifyTextPresent(VerifyTextPresentKeyword.groovy:83)
	at com.kms.katalon.core.webui.keyword.builtin.VerifyTextPresentKeyword.execute(VerifyTextPresentKeyword.groovy:68)
	at com.kms.katalon.core.keyword.internal.KeywordExecutor.executeKeywordForPlatform(KeywordExecutor.groovy:53)
	at com.kms.katalon.core.webui.keyword.WebUiBuiltInKeywords.verifyTextPresent(WebUiBuiltInKeywords.groovy:1677)
	at com.kms.katalon.core.webui.keyword.WebUiBuiltInKeywords$verifyTextPresent$18.call(Unknown Source)
	at Announcement.run(Announcement:18)
	at com.kms.katalon.core.main.ScriptEngine.run(ScriptEngine.java:194)
	at com.kms.katalon.core.main.ScriptEngine.runScriptAsRawText(ScriptEngine.java:119)
	at com.kms.katalon.core.main.TestCaseExecutor.runScript(TestCaseExecutor.java:328)
	at com.kms.katalon.core.main.TestCaseExecutor.doExecute(TestCaseExecutor.java:319)
	at com.kms.katalon.core.main.TestCaseExecutor.processExecutionPhase(TestCaseExecutor.java:298)
	at com.kms.katalon.core.main.TestCaseExecutor.accessMainPhase(TestCaseExecutor.java:290)
	at com.kms.katalon.core.main.TestCaseExecutor.execute(TestCaseExecutor.java:224)
	at com.kms.katalon.core.main.TestSuiteExecutor.accessTestCaseMainPhase(TestSuiteExecutor.java:129)
	at com.kms.katalon.core.main.TestSuiteExecutor.accessTestSuiteMainPhase(TestSuiteExecutor.java:112)
	at com.kms.katalon.core.main.TestSuiteExecutor.execute(TestSuiteExecutor.java:81)
	at com.kms.katalon.core.main.TestCaseMain.startTestSuite(TestCaseMain.java:149)
	at com.kms.katalon.core.main.TestCaseMain$startTestSuite$0.call(Unknown Source)
	at TempTestSuite1563918963353.run(TempTestSuite1563918963353.groovy:36)]]></system-err>
      </testcase>
      <testcase name="Test Cases/OCS - DESKTOP/OCS- HOME PAGE/cart flyout" classname="Test Cases/OCS - DESKTOP/OCS- HOME PAGE/cart flyout" status="FAILED">
         <failure type="FAILED" message="Test Cases/OCS - DESKTOP/OCS- HOME PAGE/cart flyout FAILED.
Reason:
com.kms.katalon.core.exception.StepFailedException: Unable to click on object 'Object Repository/OCS-DESKTOP/Home - page/cart icon - bag' (Root cause: com.kms.katalon.core.webui.exception.WebElementNotFoundException: Web element with id: 'Object Repository/OCS-DESKTOP/Home - page/cart icon - bag' located by 'By.xpath: /div[@class='gram-widget__pricing']' not found)
	at com.kms.katalon.core.keyword.internal.KeywordMain.stepFailed(KeywordMain.groovy:36)
	at com.kms.katalon.core.webui.keyword.internal.WebUIKeywordMain.stepFailed(WebUIKeywordMain.groovy:65)
	at com.kms.katalon.core.webui.keyword.internal.WebUIKeywordMain.runKeyword(WebUIKeywordMain.groovy:27)
	at com.kms.katalon.core.webui.keyword.builtin.ClickKeyword.click(ClickKeyword.groovy:86)
	at com.kms.katalon.core.webui.keyword.builtin.ClickKeyword.execute(ClickKeyword.groovy:67)
	at com.kms.katalon.core.keyword.internal.KeywordExecutor.executeKeywordForPlatform(KeywordExecutor.groovy:53)
	at com.kms.katalon.core.webui.keyword.WebUiBuiltInKeywords.click(WebUiBuiltInKeywords.groovy:616)
	at com.kms.katalon.core.webui.keyword.WebUiBuiltInKeywords$click$4.call(Unknown Source)
	at cart flyout.run(cart flyout:20)
	at com.kms.katalon.core.main.ScriptEngine.run(ScriptEngine.java:194)
	at com.kms.katalon.core.main.ScriptEngine.runScriptAsRawText(ScriptEngine.java:119)
	at com.kms.katalon.core.main.TestCaseExecutor.runScript(TestCaseExecutor.java:328)
	at com.kms.katalon.core.main.TestCaseExecutor.doExecute(TestCaseExecutor.java:319)
	at com.kms.katalon.core.main.TestCaseExecutor.processExecutionPhase(TestCaseExecutor.java:298)
	at com.kms.katalon.core.main.TestCaseExecutor.accessMainPhase(TestCaseExecutor.java:290)
	at com.kms.katalon.core.main.TestCaseExecutor.execute(TestCaseExecutor.java:224)
	at com.kms.katalon.core.main.TestSuiteExecutor.accessTestCaseMainPhase(TestSuiteExecutor.java:129)
	at com.kms.katalon.core.main.TestSuiteExecutor.accessTestSuiteMainPhase(TestSuiteExecutor.java:112)
	at com.kms.katalon.core.main.TestSuiteExecutor.execute(TestSuiteExecutor.java:81)
	at com.kms.katalon.core.main.TestCaseMain.startTestSuite(TestCaseMain.java:149)
	at com.kms.katalon.core.main.TestCaseMain$startTestSuite$0.call(Unknown Source)
	at TempTestSuite1563918963353.run(TempTestSuite1563918963353.groovy:36)
"/>
         <system-out><![CDATA[2019-07-23 18:27:26 - [TEST_CASE][FAILED] - Test Cases/OCS - DESKTOP/OCS- HOME PAGE/cart flyout: Test Cases/OCS - DESKTOP/OCS- HOME PAGE/cart flyout FAILED.
Reason:
com.kms.katalon.core.exception.StepFailedException: Unable to click on object 'Object Repository/OCS-DESKTOP/Home - page/cart icon - bag' (Root cause: com.kms.katalon.core.webui.exception.WebElementNotFoundException: Web element with id: 'Object Repository/OCS-DESKTOP/Home - page/cart icon - bag' located by 'By.xpath: /div[@class='gram-widget__pricing']' not found)
	at com.kms.katalon.core.keyword.internal.KeywordMain.stepFailed(KeywordMain.groovy:36)
	at com.kms.katalon.core.webui.keyword.internal.WebUIKeywordMain.stepFailed(WebUIKeywordMain.groovy:65)
	at com.kms.katalon.core.webui.keyword.internal.WebUIKeywordMain.runKeyword(WebUIKeywordMain.groovy:27)
	at com.kms.katalon.core.webui.keyword.builtin.ClickKeyword.click(ClickKeyword.groovy:86)
	at com.kms.katalon.core.webui.keyword.builtin.ClickKeyword.execute(ClickKeyword.groovy:67)
	at com.kms.katalon.core.keyword.internal.KeywordExecutor.executeKeywordForPlatform(KeywordExecutor.groovy:53)
	at com.kms.katalon.core.webui.keyword.WebUiBuiltInKeywords.click(WebUiBuiltInKeywords.groovy:616)
	at com.kms.katalon.core.webui.keyword.WebUiBuiltInKeywords$click$4.call(Unknown Source)
	at cart flyout.run(cart flyout:20)
	at com.kms.katalon.core.main.ScriptEngine.run(ScriptEngine.java:194)
	at com.kms.katalon.core.main.ScriptEngine.runScriptAsRawText(ScriptEngine.java:119)
	at com.kms.katalon.core.main.TestCaseExecutor.runScript(TestCaseExecutor.java:328)
	at com.kms.katalon.core.main.TestCaseExecutor.doExecute(TestCaseExecutor.java:319)
	at com.kms.katalon.core.main.TestCaseExecutor.processExecutionPhase(TestCaseExecutor.java:298)
	at com.kms.katalon.core.main.TestCaseExecutor.accessMainPhase(TestCaseExecutor.java:290)
	at com.kms.katalon.core.main.TestCaseExecutor.execute(TestCaseExecutor.java:224)
	at com.kms.katalon.core.main.TestSuiteExecutor.accessTestCaseMainPhase(TestSuiteExecutor.java:129)
	at com.kms.katalon.core.main.TestSuiteExecutor.accessTestSuiteMainPhase(TestSuiteExecutor.java:112)
	at com.kms.katalon.core.main.TestSuiteExecutor.execute(TestSuiteExecutor.java:81)
	at com.kms.katalon.core.main.TestCaseMain.startTestSuite(TestCaseMain.java:149)
	at com.kms.katalon.core.main.TestCaseMain$startTestSuite$0.call(Unknown Source)
	at TempTestSuite1563918963353.run(TempTestSuite1563918963353.groovy:36)


2019-07-23 18:27:26 - [TEST_STEP][PASSED] - callTestCase(findTestCase("OCS - DESKTOP/CALL- Age gate"), [:], STOP_ON_FAILURE): Call Test Case 'Test Cases/OCS - DESKTOP/CALL- Age gate' successfully

2019-07-23 18:27:27 - [TEST_CASE][PASSED] - Test Cases/OCS - DESKTOP/CALL- Age gate: Test Cases/OCS - DESKTOP/CALL- Age gate

2019-07-23 18:27:27 - [TEST_STEP][PASSED] - openBrowser(""): Browser is opened with url: ''

2019-07-23 18:27:27 - [MESSAGE][WARNING] - A browser is already opened. Closing browser and opening a new one

2019-07-23 18:27:27 - [MESSAGE][INFO] - Starting 'Chrome' driver

2019-07-23 18:27:28 - [MESSAGE][PASSED] - Browser is opened with url: ''

2019-07-23 18:27:28 - [TEST_STEP][PASSED] - navigateToUrl("https://ocs.ca/?fts=0&preview_theme_id=74209363788"): Navigate to 'https://ocs.ca/?fts=0&preview_theme_id=74209363788' successfully

2019-07-23 18:27:33 - [MESSAGE][PASSED] - Navigate to 'https://ocs.ca/?fts=0&preview_theme_id=74209363788' successfully

2019-07-23 18:27:33 - [TEST_STEP][PASSED] - maximizeWindow(): Current window maximized

2019-07-23 18:27:33 - [MESSAGE][PASSED] - Current window maximized

2019-07-23 18:27:33 - [TEST_STEP][PASSED] - delay(2): Delayed 2 second(s)

2019-07-23 18:27:35 - [MESSAGE][PASSED] - Delayed 2 second(s)

2019-07-23 18:27:35 - [TEST_STEP][PASSED] - executeJavaScript("var previewBar = document.getElementById("preview-bar-iframe"); previewBar.style.display = "none";", []): Execute JavaScript 'var previewBar = document.getElementById("preview-bar-iframe"); previewBar.style.display = "none";' successfully

2019-07-23 18:27:35 - [MESSAGE][PASSED] - Execute JavaScript 'var previewBar = document.getElementById("preview-bar-iframe"); previewBar.style.display = "none";' successfully

2019-07-23 18:27:35 - [TEST_STEP][PASSED] - selectOptionByValue(findTestObject("OCS-DESKTOP/Age gate and Mega menu/Date"), "12", true): All options with value '12' are selected in object 'Object Repository/OCS-DESKTOP/Age gate and Mega menu/Date'  using regular expression

2019-07-23 18:27:35 - [MESSAGE][PASSED] - All options with value '12' are selected in object 'Object Repository/OCS-DESKTOP/Age gate and Mega menu/Date'  using regular expression

2019-07-23 18:27:35 - [TEST_STEP][PASSED] - selectOptionByValue(findTestObject("OCS-DESKTOP/Age gate and Mega menu/month"), "6", true): All options with value '6' are selected in object 'Object Repository/OCS-DESKTOP/Age gate and Mega menu/month'  using regular expression

2019-07-23 18:27:35 - [MESSAGE][PASSED] - All options with value '6' are selected in object 'Object Repository/OCS-DESKTOP/Age gate and Mega menu/month'  using regular expression

2019-07-23 18:27:35 - [TEST_STEP][PASSED] - delay(2): Delayed 2 second(s)

2019-07-23 18:27:37 - [MESSAGE][PASSED] - Delayed 2 second(s)

2019-07-23 18:27:37 - [TEST_STEP][PASSED] - selectOptionByValue(findTestObject("OCS-DESKTOP/Age gate and Mega menu/Year Dropdown"), "1990", true): All options with value '1990' are selected in object 'Object Repository/OCS-DESKTOP/Age gate and Mega menu/Year Dropdown'  using regular expression

2019-07-23 18:27:39 - [MESSAGE][PASSED] - All options with value '1990' are selected in object 'Object Repository/OCS-DESKTOP/Age gate and Mega menu/Year Dropdown'  using regular expression

2019-07-23 18:27:39 - [TEST_STEP][PASSED] - click(findTestObject("OCS-DESKTOP/Age gate and Mega menu/button_Verify")): Object: 'Object Repository/OCS-DESKTOP/Age gate and Mega menu/button_Verify' is clicked on

2019-07-23 18:27:39 - [MESSAGE][PASSED] - Object: 'Object Repository/OCS-DESKTOP/Age gate and Mega menu/button_Verify' is clicked on

2019-07-23 18:27:39 - [TEST_STEP][PASSED] - click(findTestObject("OCS-DESKTOP/Age gate and Mega menu/Checkbox_CONFIRM AND ACKNOWLEDGE")): Object: 'Object Repository/OCS-DESKTOP/Age gate and Mega menu/Checkbox_CONFIRM AND ACKNOWLEDGE' is clicked on

2019-07-23 18:27:39 - [MESSAGE][PASSED] - Object: 'Object Repository/OCS-DESKTOP/Age gate and Mega menu/Checkbox_CONFIRM AND ACKNOWLEDGE' is clicked on

2019-07-23 18:27:39 - [TEST_STEP][PASSED] - click(findTestObject("OCS-DESKTOP/Age gate and Mega menu/button_CONFIRM")): Object: 'Object Repository/OCS-DESKTOP/Age gate and Mega menu/button_CONFIRM' is clicked on

2019-07-23 18:27:39 - [MESSAGE][PASSED] - Object: 'Object Repository/OCS-DESKTOP/Age gate and Mega menu/button_CONFIRM' is clicked on

2019-07-23 18:27:39 - [TEST_STEP][PASSED] - click(findTestObject("OCS-DESKTOP/Age gate and Mega menu/button_Start Browsing")): Object: 'Object Repository/OCS-DESKTOP/Age gate and Mega menu/button_Start Browsing' is clicked on

2019-07-23 18:27:39 - [MESSAGE][PASSED] - Object: 'Object Repository/OCS-DESKTOP/Age gate and Mega menu/button_Start Browsing' is clicked on

2019-07-23 18:27:39 - [TEST_STEP][PASSED] - delay(2): Delayed 2 second(s)

2019-07-23 18:27:41 - [MESSAGE][PASSED] - Delayed 2 second(s)

2019-07-23 18:27:41 - [TEST_STEP][PASSED] - refresh(): Refresh successfully

2019-07-23 18:27:41 - [MESSAGE][PASSED] - Refresh successfully

2019-07-23 18:27:41 - [MESSAGE][PASSED] - Call Test Case 'Test Cases/OCS - DESKTOP/CALL- Age gate' successfully

2019-07-23 18:27:41 - [TEST_STEP][PASSED] - delay(2): Delayed 2 second(s)

2019-07-23 18:27:43 - [MESSAGE][PASSED] - Delayed 2 second(s)

2019-07-23 18:27:43 - [TEST_STEP][FAILED] - click(findTestObject("OCS-DESKTOP/Home - page/cart icon - bag")): click(findTestObject("OCS-DESKTOP/Home - page/cart icon - bag")) FAILED.
Reason:
com.kms.katalon.core.exception.StepFailedException: Unable to click on object 'Object Repository/OCS-DESKTOP/Home - page/cart icon - bag' (Root cause: com.kms.katalon.core.webui.exception.WebElementNotFoundException: Web element with id: 'Object Repository/OCS-DESKTOP/Home - page/cart icon - bag' located by 'By.xpath: /div[@class='gram-widget__pricing']' not found)
	at com.kms.katalon.core.keyword.internal.KeywordMain.stepFailed(KeywordMain.groovy:36)
	at com.kms.katalon.core.webui.keyword.internal.WebUIKeywordMain.stepFailed(WebUIKeywordMain.groovy:65)
	at com.kms.katalon.core.webui.keyword.internal.WebUIKeywordMain.runKeyword(WebUIKeywordMain.groovy:27)
	at com.kms.katalon.core.webui.keyword.builtin.ClickKeyword.click(ClickKeyword.groovy:86)
	at com.kms.katalon.core.webui.keyword.builtin.ClickKeyword.execute(ClickKeyword.groovy:67)
	at com.kms.katalon.core.keyword.internal.KeywordExecutor.executeKeywordForPlatform(KeywordExecutor.groovy:53)
	at com.kms.katalon.core.webui.keyword.WebUiBuiltInKeywords.click(WebUiBuiltInKeywords.groovy:616)
	at com.kms.katalon.core.webui.keyword.WebUiBuiltInKeywords$click$4.call(Unknown Source)
	at cart flyout.run(cart flyout:20)
	at com.kms.katalon.core.main.ScriptEngine.run(ScriptEngine.java:194)
	at com.kms.katalon.core.main.ScriptEngine.runScriptAsRawText(ScriptEngine.java:119)
	at com.kms.katalon.core.main.TestCaseExecutor.runScript(TestCaseExecutor.java:328)
	at com.kms.katalon.core.main.TestCaseExecutor.doExecute(TestCaseExecutor.java:319)
	at com.kms.katalon.core.main.TestCaseExecutor.processExecutionPhase(TestCaseExecutor.java:298)
	at com.kms.katalon.core.main.TestCaseExecutor.accessMainPhase(TestCaseExecutor.java:290)
	at com.kms.katalon.core.main.TestCaseExecutor.execute(TestCaseExecutor.java:224)
	at com.kms.katalon.core.main.TestSuiteExecutor.accessTestCaseMainPhase(TestSuiteExecutor.java:129)
	at com.kms.katalon.core.main.TestSuiteExecutor.accessTestSuiteMainPhase(TestSuiteExecutor.java:112)
	at com.kms.katalon.core.main.TestSuiteExecutor.execute(TestSuiteExecutor.java:81)
	at com.kms.katalon.core.main.TestCaseMain.startTestSuite(TestCaseMain.java:149)
	at com.kms.katalon.core.main.TestCaseMain$startTestSuite$0.call(Unknown Source)
	at TempTestSuite1563918963353.run(TempTestSuite1563918963353.groovy:36)


2019-07-23 18:28:14 - [MESSAGE][INFO] - Unable to find the element located by 'By.xpath: /div[@class='gram-widget__pricing']'. Please recheck the objects properties to make sure the desired element is located. 

2019-07-23 18:28:14 - [MESSAGE][FAILED] - Unable to click on object 'Object Repository/OCS-DESKTOP/Home - page/cart icon - bag' (Root cause: com.kms.katalon.core.webui.exception.WebElementNotFoundException: Web element with id: 'Object Repository/OCS-DESKTOP/Home - page/cart icon - bag' located by 'By.xpath: /div[@class='gram-widget__pricing']' not found)
[[ATTACHMENT|/Users/sumankompelly/git/OCS--Relative-xpath-Desktop/Reports/Suite - Chrome/20190723_175603/1563920894430.png]]

2019-07-23 18:28:14 - [MESSAGE][FAILED] - click(findTestObject("OCS-DESKTOP/Home - page/cart icon - bag")) FAILED.
Reason:
com.kms.katalon.core.exception.StepFailedException: Unable to click on object 'Object Repository/OCS-DESKTOP/Home - page/cart icon - bag' (Root cause: com.kms.katalon.core.webui.exception.WebElementNotFoundException: Web element with id: 'Object Repository/OCS-DESKTOP/Home - page/cart icon - bag' located by 'By.xpath: /div[@class='gram-widget__pricing']' not found)
	at com.kms.katalon.core.keyword.internal.KeywordMain.stepFailed(KeywordMain.groovy:36)
	at com.kms.katalon.core.webui.keyword.internal.WebUIKeywordMain.stepFailed(WebUIKeywordMain.groovy:65)
	at com.kms.katalon.core.webui.keyword.internal.WebUIKeywordMain.runKeyword(WebUIKeywordMain.groovy:27)
	at com.kms.katalon.core.webui.keyword.builtin.ClickKeyword.click(ClickKeyword.groovy:86)
	at com.kms.katalon.core.webui.keyword.builtin.ClickKeyword.execute(ClickKeyword.groovy:67)
	at com.kms.katalon.core.keyword.internal.KeywordExecutor.executeKeywordForPlatform(KeywordExecutor.groovy:53)
	at com.kms.katalon.core.webui.keyword.WebUiBuiltInKeywords.click(WebUiBuiltInKeywords.groovy:616)
	at com.kms.katalon.core.webui.keyword.WebUiBuiltInKeywords$click$4.call(Unknown Source)
	at cart flyout.run(cart flyout:20)
	at com.kms.katalon.core.main.ScriptEngine.run(ScriptEngine.java:194)
	at com.kms.katalon.core.main.ScriptEngine.runScriptAsRawText(ScriptEngine.java:119)
	at com.kms.katalon.core.main.TestCaseExecutor.runScript(TestCaseExecutor.java:328)
	at com.kms.katalon.core.main.TestCaseExecutor.doExecute(TestCaseExecutor.java:319)
	at com.kms.katalon.core.main.TestCaseExecutor.processExecutionPhase(TestCaseExecutor.java:298)
	at com.kms.katalon.core.main.TestCaseExecutor.accessMainPhase(TestCaseExecutor.java:290)
	at com.kms.katalon.core.main.TestCaseExecutor.execute(TestCaseExecutor.java:224)
	at com.kms.katalon.core.main.TestSuiteExecutor.accessTestCaseMainPhase(TestSuiteExecutor.java:129)
	at com.kms.katalon.core.main.TestSuiteExecutor.accessTestSuiteMainPhase(TestSuiteExecutor.java:112)
	at com.kms.katalon.core.main.TestSuiteExecutor.execute(TestSuiteExecutor.java:81)
	at com.kms.katalon.core.main.TestCaseMain.startTestSuite(TestCaseMain.java:149)
	at com.kms.katalon.core.main.TestCaseMain$startTestSuite$0.call(Unknown Source)
	at TempTestSuite1563918963353.run(TempTestSuite1563918963353.groovy:36)]]></system-out>
         <system-err><![CDATA[2019-07-23 18:27:26 - [TEST_CASE][FAILED] - Test Cases/OCS - DESKTOP/OCS- HOME PAGE/cart flyout: Test Cases/OCS - DESKTOP/OCS- HOME PAGE/cart flyout FAILED.
Reason:
com.kms.katalon.core.exception.StepFailedException: Unable to click on object 'Object Repository/OCS-DESKTOP/Home - page/cart icon - bag' (Root cause: com.kms.katalon.core.webui.exception.WebElementNotFoundException: Web element with id: 'Object Repository/OCS-DESKTOP/Home - page/cart icon - bag' located by 'By.xpath: /div[@class='gram-widget__pricing']' not found)
	at com.kms.katalon.core.keyword.internal.KeywordMain.stepFailed(KeywordMain.groovy:36)
	at com.kms.katalon.core.webui.keyword.internal.WebUIKeywordMain.stepFailed(WebUIKeywordMain.groovy:65)
	at com.kms.katalon.core.webui.keyword.internal.WebUIKeywordMain.runKeyword(WebUIKeywordMain.groovy:27)
	at com.kms.katalon.core.webui.keyword.builtin.ClickKeyword.click(ClickKeyword.groovy:86)
	at com.kms.katalon.core.webui.keyword.builtin.ClickKeyword.execute(ClickKeyword.groovy:67)
	at com.kms.katalon.core.keyword.internal.KeywordExecutor.executeKeywordForPlatform(KeywordExecutor.groovy:53)
	at com.kms.katalon.core.webui.keyword.WebUiBuiltInKeywords.click(WebUiBuiltInKeywords.groovy:616)
	at com.kms.katalon.core.webui.keyword.WebUiBuiltInKeywords$click$4.call(Unknown Source)
	at cart flyout.run(cart flyout:20)
	at com.kms.katalon.core.main.ScriptEngine.run(ScriptEngine.java:194)
	at com.kms.katalon.core.main.ScriptEngine.runScriptAsRawText(ScriptEngine.java:119)
	at com.kms.katalon.core.main.TestCaseExecutor.runScript(TestCaseExecutor.java:328)
	at com.kms.katalon.core.main.TestCaseExecutor.doExecute(TestCaseExecutor.java:319)
	at com.kms.katalon.core.main.TestCaseExecutor.processExecutionPhase(TestCaseExecutor.java:298)
	at com.kms.katalon.core.main.TestCaseExecutor.accessMainPhase(TestCaseExecutor.java:290)
	at com.kms.katalon.core.main.TestCaseExecutor.execute(TestCaseExecutor.java:224)
	at com.kms.katalon.core.main.TestSuiteExecutor.accessTestCaseMainPhase(TestSuiteExecutor.java:129)
	at com.kms.katalon.core.main.TestSuiteExecutor.accessTestSuiteMainPhase(TestSuiteExecutor.java:112)
	at com.kms.katalon.core.main.TestSuiteExecutor.execute(TestSuiteExecutor.java:81)
	at com.kms.katalon.core.main.TestCaseMain.startTestSuite(TestCaseMain.java:149)
	at com.kms.katalon.core.main.TestCaseMain$startTestSuite$0.call(Unknown Source)
	at TempTestSuite1563918963353.run(TempTestSuite1563918963353.groovy:36)]]></system-err>
      </testcase>
      <testcase name="Test Cases/OCS - DESKTOP/OCS- HOME PAGE/Retail stores link" classname="Test Cases/OCS - DESKTOP/OCS- HOME PAGE/Retail stores link" status="PASSED">
         <system-out><![CDATA[2019-07-23 18:28:14 - [TEST_CASE][PASSED] - Test Cases/OCS - DESKTOP/OCS- HOME PAGE/Retail stores link: Test Cases/OCS - DESKTOP/OCS- HOME PAGE/Retail stores link

2019-07-23 18:28:15 - [TEST_STEP][PASSED] - callTestCase(findTestCase("OCS - DESKTOP/CALL- Age gate"), [:], STOP_ON_FAILURE): Call Test Case 'Test Cases/OCS - DESKTOP/CALL- Age gate' successfully

2019-07-23 18:28:15 - [TEST_CASE][PASSED] - Test Cases/OCS - DESKTOP/CALL- Age gate: Test Cases/OCS - DESKTOP/CALL- Age gate

2019-07-23 18:28:15 - [TEST_STEP][PASSED] - openBrowser(""): Browser is opened with url: ''

2019-07-23 18:28:15 - [MESSAGE][WARNING] - A browser is already opened. Closing browser and opening a new one

2019-07-23 18:28:15 - [MESSAGE][INFO] - Starting 'Chrome' driver

2019-07-23 18:28:16 - [MESSAGE][PASSED] - Browser is opened with url: ''

2019-07-23 18:28:16 - [TEST_STEP][PASSED] - navigateToUrl("https://ocs.ca/?fts=0&preview_theme_id=74209363788"): Navigate to 'https://ocs.ca/?fts=0&preview_theme_id=74209363788' successfully

2019-07-23 18:28:21 - [MESSAGE][PASSED] - Navigate to 'https://ocs.ca/?fts=0&preview_theme_id=74209363788' successfully

2019-07-23 18:28:21 - [TEST_STEP][PASSED] - maximizeWindow(): Current window maximized

2019-07-23 18:28:21 - [MESSAGE][PASSED] - Current window maximized

2019-07-23 18:28:21 - [TEST_STEP][PASSED] - delay(2): Delayed 2 second(s)

2019-07-23 18:28:23 - [MESSAGE][PASSED] - Delayed 2 second(s)

2019-07-23 18:28:23 - [TEST_STEP][PASSED] - executeJavaScript("var previewBar = document.getElementById("preview-bar-iframe"); previewBar.style.display = "none";", []): Execute JavaScript 'var previewBar = document.getElementById("preview-bar-iframe"); previewBar.style.display = "none";' successfully

2019-07-23 18:28:23 - [MESSAGE][PASSED] - Execute JavaScript 'var previewBar = document.getElementById("preview-bar-iframe"); previewBar.style.display = "none";' successfully

2019-07-23 18:28:23 - [TEST_STEP][PASSED] - selectOptionByValue(findTestObject("OCS-DESKTOP/Age gate and Mega menu/Date"), "12", true): All options with value '12' are selected in object 'Object Repository/OCS-DESKTOP/Age gate and Mega menu/Date'  using regular expression

2019-07-23 18:28:23 - [MESSAGE][PASSED] - All options with value '12' are selected in object 'Object Repository/OCS-DESKTOP/Age gate and Mega menu/Date'  using regular expression

2019-07-23 18:28:23 - [TEST_STEP][PASSED] - selectOptionByValue(findTestObject("OCS-DESKTOP/Age gate and Mega menu/month"), "6", true): All options with value '6' are selected in object 'Object Repository/OCS-DESKTOP/Age gate and Mega menu/month'  using regular expression

2019-07-23 18:28:24 - [MESSAGE][PASSED] - All options with value '6' are selected in object 'Object Repository/OCS-DESKTOP/Age gate and Mega menu/month'  using regular expression

2019-07-23 18:28:24 - [TEST_STEP][PASSED] - delay(2): Delayed 2 second(s)

2019-07-23 18:28:26 - [MESSAGE][PASSED] - Delayed 2 second(s)

2019-07-23 18:28:26 - [TEST_STEP][PASSED] - selectOptionByValue(findTestObject("OCS-DESKTOP/Age gate and Mega menu/Year Dropdown"), "1990", true): All options with value '1990' are selected in object 'Object Repository/OCS-DESKTOP/Age gate and Mega menu/Year Dropdown'  using regular expression

2019-07-23 18:28:27 - [MESSAGE][PASSED] - All options with value '1990' are selected in object 'Object Repository/OCS-DESKTOP/Age gate and Mega menu/Year Dropdown'  using regular expression

2019-07-23 18:28:27 - [TEST_STEP][PASSED] - click(findTestObject("OCS-DESKTOP/Age gate and Mega menu/button_Verify")): Object: 'Object Repository/OCS-DESKTOP/Age gate and Mega menu/button_Verify' is clicked on

2019-07-23 18:28:27 - [MESSAGE][PASSED] - Object: 'Object Repository/OCS-DESKTOP/Age gate and Mega menu/button_Verify' is clicked on

2019-07-23 18:28:27 - [TEST_STEP][PASSED] - click(findTestObject("OCS-DESKTOP/Age gate and Mega menu/Checkbox_CONFIRM AND ACKNOWLEDGE")): Object: 'Object Repository/OCS-DESKTOP/Age gate and Mega menu/Checkbox_CONFIRM AND ACKNOWLEDGE' is clicked on

2019-07-23 18:28:27 - [MESSAGE][PASSED] - Object: 'Object Repository/OCS-DESKTOP/Age gate and Mega menu/Checkbox_CONFIRM AND ACKNOWLEDGE' is clicked on

2019-07-23 18:28:27 - [TEST_STEP][PASSED] - click(findTestObject("OCS-DESKTOP/Age gate and Mega menu/button_CONFIRM")): Object: 'Object Repository/OCS-DESKTOP/Age gate and Mega menu/button_CONFIRM' is clicked on

2019-07-23 18:28:27 - [MESSAGE][PASSED] - Object: 'Object Repository/OCS-DESKTOP/Age gate and Mega menu/button_CONFIRM' is clicked on

2019-07-23 18:28:27 - [TEST_STEP][PASSED] - click(findTestObject("OCS-DESKTOP/Age gate and Mega menu/button_Start Browsing")): Object: 'Object Repository/OCS-DESKTOP/Age gate and Mega menu/button_Start Browsing' is clicked on

2019-07-23 18:28:27 - [MESSAGE][PASSED] - Object: 'Object Repository/OCS-DESKTOP/Age gate and Mega menu/button_Start Browsing' is clicked on

2019-07-23 18:28:27 - [TEST_STEP][PASSED] - delay(2): Delayed 2 second(s)

2019-07-23 18:28:29 - [MESSAGE][PASSED] - Delayed 2 second(s)

2019-07-23 18:28:29 - [TEST_STEP][PASSED] - refresh(): Refresh successfully

2019-07-23 18:28:29 - [MESSAGE][PASSED] - Refresh successfully

2019-07-23 18:28:29 - [MESSAGE][PASSED] - Call Test Case 'Test Cases/OCS - DESKTOP/CALL- Age gate' successfully

2019-07-23 18:28:29 - [TEST_STEP][PASSED] - delay(2): Delayed 2 second(s)

2019-07-23 18:28:31 - [MESSAGE][PASSED] - Delayed 2 second(s)

2019-07-23 18:28:31 - [TEST_STEP][PASSED] - flag = verifyElementPresent(findTestObject("OCS-DESKTOP/Home - page/Retail stores link"), 0, CONTINUE_ON_FAILURE): Object 'Object Repository/OCS-DESKTOP/Home - page/Retail stores link' is present

2019-07-23 18:28:31 - [MESSAGE][WARNING] - Timeout '0' is invalid. Using default page load timeout: '30'

2019-07-23 18:28:32 - [MESSAGE][PASSED] - Object 'Object Repository/OCS-DESKTOP/Home - page/Retail stores link' is present

2019-07-23 18:28:32 - [TEST_STEP][PASSED] - comment("flag=" + flag): flag=true

2019-07-23 18:28:32 - [MESSAGE][INFO] - flag=true

2019-07-23 18:28:32 - [TEST_STEP][PASSED] - if (flag == true): Object: 'Object Repository/OCS-DESKTOP/Home - page/Retail stores link' is clicked on

2019-07-23 18:28:32 - [TEST_STEP][PASSED] - delay(2): Delayed 2 second(s)

2019-07-23 18:28:34 - [MESSAGE][PASSED] - Delayed 2 second(s)

2019-07-23 18:28:34 - [TEST_STEP][PASSED] - click(findTestObject("OCS-DESKTOP/Home - page/Retail stores link")): Object: 'Object Repository/OCS-DESKTOP/Home - page/Retail stores link' is clicked on

2019-07-23 18:28:34 - [MESSAGE][PASSED] - Object: 'Object Repository/OCS-DESKTOP/Home - page/Retail stores link' is clicked on]]></system-out>
         <system-err><![CDATA[]]></system-err>
      </testcase>
      <testcase name="Test Cases/OCS - DESKTOP/OCS- HOME PAGE/Screen reader link" classname="Test Cases/OCS - DESKTOP/OCS- HOME PAGE/Screen reader link" status="FAILED">
         <failure type="FAILED" message="Test Cases/OCS - DESKTOP/OCS- HOME PAGE/Screen reader link FAILED.
Reason:
com.kms.katalon.core.exception.StepFailedException: Unable to click on object 'Object Repository/OCS-DESKTOP/Home - page/Screen readers link' (Root cause: com.kms.katalon.core.webui.exception.WebElementNotFoundException: Web element with id: 'Object Repository/OCS-DESKTOP/Home - page/Screen readers link' located by 'By.xpath: //a[contains(text(),'Customers with difficulties using screen readers')]' not found)
	at com.kms.katalon.core.keyword.internal.KeywordMain.stepFailed(KeywordMain.groovy:36)
	at com.kms.katalon.core.webui.keyword.internal.WebUIKeywordMain.stepFailed(WebUIKeywordMain.groovy:65)
	at com.kms.katalon.core.webui.keyword.internal.WebUIKeywordMain.runKeyword(WebUIKeywordMain.groovy:27)
	at com.kms.katalon.core.webui.keyword.builtin.ClickKeyword.click(ClickKeyword.groovy:86)
	at com.kms.katalon.core.webui.keyword.builtin.ClickKeyword.execute(ClickKeyword.groovy:67)
	at com.kms.katalon.core.keyword.internal.KeywordExecutor.executeKeywordForPlatform(KeywordExecutor.groovy:53)
	at com.kms.katalon.core.webui.keyword.WebUiBuiltInKeywords.click(WebUiBuiltInKeywords.groovy:616)
	at com.kms.katalon.core.webui.keyword.WebUiBuiltInKeywords$click$4.call(Unknown Source)
	at Screen reader link.run(Screen reader link:20)
	at com.kms.katalon.core.main.ScriptEngine.run(ScriptEngine.java:194)
	at com.kms.katalon.core.main.ScriptEngine.runScriptAsRawText(ScriptEngine.java:119)
	at com.kms.katalon.core.main.TestCaseExecutor.runScript(TestCaseExecutor.java:328)
	at com.kms.katalon.core.main.TestCaseExecutor.doExecute(TestCaseExecutor.java:319)
	at com.kms.katalon.core.main.TestCaseExecutor.processExecutionPhase(TestCaseExecutor.java:298)
	at com.kms.katalon.core.main.TestCaseExecutor.accessMainPhase(TestCaseExecutor.java:290)
	at com.kms.katalon.core.main.TestCaseExecutor.execute(TestCaseExecutor.java:224)
	at com.kms.katalon.core.main.TestSuiteExecutor.accessTestCaseMainPhase(TestSuiteExecutor.java:129)
	at com.kms.katalon.core.main.TestSuiteExecutor.accessTestSuiteMainPhase(TestSuiteExecutor.java:112)
	at com.kms.katalon.core.main.TestSuiteExecutor.execute(TestSuiteExecutor.java:81)
	at com.kms.katalon.core.main.TestCaseMain.startTestSuite(TestCaseMain.java:149)
	at com.kms.katalon.core.main.TestCaseMain$startTestSuite$0.call(Unknown Source)
	at TempTestSuite1563918963353.run(TempTestSuite1563918963353.groovy:36)
"/>
         <system-out><![CDATA[2019-07-23 18:28:34 - [TEST_CASE][FAILED] - Test Cases/OCS - DESKTOP/OCS- HOME PAGE/Screen reader link: Test Cases/OCS - DESKTOP/OCS- HOME PAGE/Screen reader link FAILED.
Reason:
com.kms.katalon.core.exception.StepFailedException: Unable to click on object 'Object Repository/OCS-DESKTOP/Home - page/Screen readers link' (Root cause: com.kms.katalon.core.webui.exception.WebElementNotFoundException: Web element with id: 'Object Repository/OCS-DESKTOP/Home - page/Screen readers link' located by 'By.xpath: //a[contains(text(),'Customers with difficulties using screen readers')]' not found)
	at com.kms.katalon.core.keyword.internal.KeywordMain.stepFailed(KeywordMain.groovy:36)
	at com.kms.katalon.core.webui.keyword.internal.WebUIKeywordMain.stepFailed(WebUIKeywordMain.groovy:65)
	at com.kms.katalon.core.webui.keyword.internal.WebUIKeywordMain.runKeyword(WebUIKeywordMain.groovy:27)
	at com.kms.katalon.core.webui.keyword.builtin.ClickKeyword.click(ClickKeyword.groovy:86)
	at com.kms.katalon.core.webui.keyword.builtin.ClickKeyword.execute(ClickKeyword.groovy:67)
	at com.kms.katalon.core.keyword.internal.KeywordExecutor.executeKeywordForPlatform(KeywordExecutor.groovy:53)
	at com.kms.katalon.core.webui.keyword.WebUiBuiltInKeywords.click(WebUiBuiltInKeywords.groovy:616)
	at com.kms.katalon.core.webui.keyword.WebUiBuiltInKeywords$click$4.call(Unknown Source)
	at Screen reader link.run(Screen reader link:20)
	at com.kms.katalon.core.main.ScriptEngine.run(ScriptEngine.java:194)
	at com.kms.katalon.core.main.ScriptEngine.runScriptAsRawText(ScriptEngine.java:119)
	at com.kms.katalon.core.main.TestCaseExecutor.runScript(TestCaseExecutor.java:328)
	at com.kms.katalon.core.main.TestCaseExecutor.doExecute(TestCaseExecutor.java:319)
	at com.kms.katalon.core.main.TestCaseExecutor.processExecutionPhase(TestCaseExecutor.java:298)
	at com.kms.katalon.core.main.TestCaseExecutor.accessMainPhase(TestCaseExecutor.java:290)
	at com.kms.katalon.core.main.TestCaseExecutor.execute(TestCaseExecutor.java:224)
	at com.kms.katalon.core.main.TestSuiteExecutor.accessTestCaseMainPhase(TestSuiteExecutor.java:129)
	at com.kms.katalon.core.main.TestSuiteExecutor.accessTestSuiteMainPhase(TestSuiteExecutor.java:112)
	at com.kms.katalon.core.main.TestSuiteExecutor.execute(TestSuiteExecutor.java:81)
	at com.kms.katalon.core.main.TestCaseMain.startTestSuite(TestCaseMain.java:149)
	at com.kms.katalon.core.main.TestCaseMain$startTestSuite$0.call(Unknown Source)
	at TempTestSuite1563918963353.run(TempTestSuite1563918963353.groovy:36)


2019-07-23 18:28:34 - [TEST_STEP][PASSED] - callTestCase(findTestCase("OCS - DESKTOP/CALL- Age gate"), [:], STOP_ON_FAILURE): Call Test Case 'Test Cases/OCS - DESKTOP/CALL- Age gate' successfully

2019-07-23 18:28:34 - [TEST_CASE][PASSED] - Test Cases/OCS - DESKTOP/CALL- Age gate: Test Cases/OCS - DESKTOP/CALL- Age gate

2019-07-23 18:28:34 - [TEST_STEP][PASSED] - openBrowser(""): Browser is opened with url: ''

2019-07-23 18:28:34 - [MESSAGE][WARNING] - A browser is already opened. Closing browser and opening a new one

2019-07-23 18:28:34 - [MESSAGE][INFO] - Starting 'Chrome' driver

2019-07-23 18:28:35 - [MESSAGE][PASSED] - Browser is opened with url: ''

2019-07-23 18:28:35 - [TEST_STEP][PASSED] - navigateToUrl("https://ocs.ca/?fts=0&preview_theme_id=74209363788"): Navigate to 'https://ocs.ca/?fts=0&preview_theme_id=74209363788' successfully

2019-07-23 18:28:40 - [MESSAGE][PASSED] - Navigate to 'https://ocs.ca/?fts=0&preview_theme_id=74209363788' successfully

2019-07-23 18:28:40 - [TEST_STEP][PASSED] - maximizeWindow(): Current window maximized

2019-07-23 18:28:40 - [MESSAGE][PASSED] - Current window maximized

2019-07-23 18:28:40 - [TEST_STEP][PASSED] - delay(2): Delayed 2 second(s)

2019-07-23 18:28:42 - [MESSAGE][PASSED] - Delayed 2 second(s)

2019-07-23 18:28:42 - [TEST_STEP][PASSED] - executeJavaScript("var previewBar = document.getElementById("preview-bar-iframe"); previewBar.style.display = "none";", []): Execute JavaScript 'var previewBar = document.getElementById("preview-bar-iframe"); previewBar.style.display = "none";' successfully

2019-07-23 18:28:42 - [MESSAGE][PASSED] - Execute JavaScript 'var previewBar = document.getElementById("preview-bar-iframe"); previewBar.style.display = "none";' successfully

2019-07-23 18:28:42 - [TEST_STEP][PASSED] - selectOptionByValue(findTestObject("OCS-DESKTOP/Age gate and Mega menu/Date"), "12", true): All options with value '12' are selected in object 'Object Repository/OCS-DESKTOP/Age gate and Mega menu/Date'  using regular expression

2019-07-23 18:28:43 - [MESSAGE][PASSED] - All options with value '12' are selected in object 'Object Repository/OCS-DESKTOP/Age gate and Mega menu/Date'  using regular expression

2019-07-23 18:28:43 - [TEST_STEP][PASSED] - selectOptionByValue(findTestObject("OCS-DESKTOP/Age gate and Mega menu/month"), "6", true): All options with value '6' are selected in object 'Object Repository/OCS-DESKTOP/Age gate and Mega menu/month'  using regular expression

2019-07-23 18:28:43 - [MESSAGE][PASSED] - All options with value '6' are selected in object 'Object Repository/OCS-DESKTOP/Age gate and Mega menu/month'  using regular expression

2019-07-23 18:28:43 - [TEST_STEP][PASSED] - delay(2): Delayed 2 second(s)

2019-07-23 18:28:45 - [MESSAGE][PASSED] - Delayed 2 second(s)

2019-07-23 18:28:45 - [TEST_STEP][PASSED] - selectOptionByValue(findTestObject("OCS-DESKTOP/Age gate and Mega menu/Year Dropdown"), "1990", true): All options with value '1990' are selected in object 'Object Repository/OCS-DESKTOP/Age gate and Mega menu/Year Dropdown'  using regular expression

2019-07-23 18:28:46 - [MESSAGE][PASSED] - All options with value '1990' are selected in object 'Object Repository/OCS-DESKTOP/Age gate and Mega menu/Year Dropdown'  using regular expression

2019-07-23 18:28:46 - [TEST_STEP][PASSED] - click(findTestObject("OCS-DESKTOP/Age gate and Mega menu/button_Verify")): Object: 'Object Repository/OCS-DESKTOP/Age gate and Mega menu/button_Verify' is clicked on

2019-07-23 18:28:46 - [MESSAGE][PASSED] - Object: 'Object Repository/OCS-DESKTOP/Age gate and Mega menu/button_Verify' is clicked on

2019-07-23 18:28:46 - [TEST_STEP][PASSED] - click(findTestObject("OCS-DESKTOP/Age gate and Mega menu/Checkbox_CONFIRM AND ACKNOWLEDGE")): Object: 'Object Repository/OCS-DESKTOP/Age gate and Mega menu/Checkbox_CONFIRM AND ACKNOWLEDGE' is clicked on

2019-07-23 18:28:46 - [MESSAGE][PASSED] - Object: 'Object Repository/OCS-DESKTOP/Age gate and Mega menu/Checkbox_CONFIRM AND ACKNOWLEDGE' is clicked on

2019-07-23 18:28:46 - [TEST_STEP][PASSED] - click(findTestObject("OCS-DESKTOP/Age gate and Mega menu/button_CONFIRM")): Object: 'Object Repository/OCS-DESKTOP/Age gate and Mega menu/button_CONFIRM' is clicked on

2019-07-23 18:28:47 - [MESSAGE][PASSED] - Object: 'Object Repository/OCS-DESKTOP/Age gate and Mega menu/button_CONFIRM' is clicked on

2019-07-23 18:28:47 - [TEST_STEP][PASSED] - click(findTestObject("OCS-DESKTOP/Age gate and Mega menu/button_Start Browsing")): Object: 'Object Repository/OCS-DESKTOP/Age gate and Mega menu/button_Start Browsing' is clicked on

2019-07-23 18:28:47 - [MESSAGE][PASSED] - Object: 'Object Repository/OCS-DESKTOP/Age gate and Mega menu/button_Start Browsing' is clicked on

2019-07-23 18:28:47 - [TEST_STEP][PASSED] - delay(2): Delayed 2 second(s)

2019-07-23 18:28:49 - [MESSAGE][PASSED] - Delayed 2 second(s)

2019-07-23 18:28:49 - [TEST_STEP][PASSED] - refresh(): Refresh successfully

2019-07-23 18:28:49 - [MESSAGE][PASSED] - Refresh successfully

2019-07-23 18:28:49 - [MESSAGE][PASSED] - Call Test Case 'Test Cases/OCS - DESKTOP/CALL- Age gate' successfully

2019-07-23 18:28:49 - [TEST_STEP][PASSED] - delay(2): Delayed 2 second(s)

2019-07-23 18:28:51 - [MESSAGE][PASSED] - Delayed 2 second(s)

2019-07-23 18:28:51 - [TEST_STEP][FAILED] - click(findTestObject("OCS-DESKTOP/Home - page/Screen readers link")): click(findTestObject("OCS-DESKTOP/Home - page/Screen readers link")) FAILED.
Reason:
com.kms.katalon.core.exception.StepFailedException: Unable to click on object 'Object Repository/OCS-DESKTOP/Home - page/Screen readers link' (Root cause: com.kms.katalon.core.webui.exception.WebElementNotFoundException: Web element with id: 'Object Repository/OCS-DESKTOP/Home - page/Screen readers link' located by 'By.xpath: //a[contains(text(),'Customers with difficulties using screen readers')]' not found)
	at com.kms.katalon.core.keyword.internal.KeywordMain.stepFailed(KeywordMain.groovy:36)
	at com.kms.katalon.core.webui.keyword.internal.WebUIKeywordMain.stepFailed(WebUIKeywordMain.groovy:65)
	at com.kms.katalon.core.webui.keyword.internal.WebUIKeywordMain.runKeyword(WebUIKeywordMain.groovy:27)
	at com.kms.katalon.core.webui.keyword.builtin.ClickKeyword.click(ClickKeyword.groovy:86)
	at com.kms.katalon.core.webui.keyword.builtin.ClickKeyword.execute(ClickKeyword.groovy:67)
	at com.kms.katalon.core.keyword.internal.KeywordExecutor.executeKeywordForPlatform(KeywordExecutor.groovy:53)
	at com.kms.katalon.core.webui.keyword.WebUiBuiltInKeywords.click(WebUiBuiltInKeywords.groovy:616)
	at com.kms.katalon.core.webui.keyword.WebUiBuiltInKeywords$click$4.call(Unknown Source)
	at Screen reader link.run(Screen reader link:20)
	at com.kms.katalon.core.main.ScriptEngine.run(ScriptEngine.java:194)
	at com.kms.katalon.core.main.ScriptEngine.runScriptAsRawText(ScriptEngine.java:119)
	at com.kms.katalon.core.main.TestCaseExecutor.runScript(TestCaseExecutor.java:328)
	at com.kms.katalon.core.main.TestCaseExecutor.doExecute(TestCaseExecutor.java:319)
	at com.kms.katalon.core.main.TestCaseExecutor.processExecutionPhase(TestCaseExecutor.java:298)
	at com.kms.katalon.core.main.TestCaseExecutor.accessMainPhase(TestCaseExecutor.java:290)
	at com.kms.katalon.core.main.TestCaseExecutor.execute(TestCaseExecutor.java:224)
	at com.kms.katalon.core.main.TestSuiteExecutor.accessTestCaseMainPhase(TestSuiteExecutor.java:129)
	at com.kms.katalon.core.main.TestSuiteExecutor.accessTestSuiteMainPhase(TestSuiteExecutor.java:112)
	at com.kms.katalon.core.main.TestSuiteExecutor.execute(TestSuiteExecutor.java:81)
	at com.kms.katalon.core.main.TestCaseMain.startTestSuite(TestCaseMain.java:149)
	at com.kms.katalon.core.main.TestCaseMain$startTestSuite$0.call(Unknown Source)
	at TempTestSuite1563918963353.run(TempTestSuite1563918963353.groovy:36)


2019-07-23 18:29:22 - [MESSAGE][INFO] - Unable to find the element located by 'By.xpath: //a[contains(text(),'Customers with difficulties using screen readers')]'. Please recheck the objects properties to make sure the desired element is located. 

2019-07-23 18:29:22 - [MESSAGE][FAILED] - Unable to click on object 'Object Repository/OCS-DESKTOP/Home - page/Screen readers link' (Root cause: com.kms.katalon.core.webui.exception.WebElementNotFoundException: Web element with id: 'Object Repository/OCS-DESKTOP/Home - page/Screen readers link' located by 'By.xpath: //a[contains(text(),'Customers with difficulties using screen readers')]' not found)
[[ATTACHMENT|/Users/sumankompelly/git/OCS--Relative-xpath-Desktop/Reports/Suite - Chrome/20190723_175603/1563920962257.png]]

2019-07-23 18:29:22 - [MESSAGE][FAILED] - click(findTestObject("OCS-DESKTOP/Home - page/Screen readers link")) FAILED.
Reason:
com.kms.katalon.core.exception.StepFailedException: Unable to click on object 'Object Repository/OCS-DESKTOP/Home - page/Screen readers link' (Root cause: com.kms.katalon.core.webui.exception.WebElementNotFoundException: Web element with id: 'Object Repository/OCS-DESKTOP/Home - page/Screen readers link' located by 'By.xpath: //a[contains(text(),'Customers with difficulties using screen readers')]' not found)
	at com.kms.katalon.core.keyword.internal.KeywordMain.stepFailed(KeywordMain.groovy:36)
	at com.kms.katalon.core.webui.keyword.internal.WebUIKeywordMain.stepFailed(WebUIKeywordMain.groovy:65)
	at com.kms.katalon.core.webui.keyword.internal.WebUIKeywordMain.runKeyword(WebUIKeywordMain.groovy:27)
	at com.kms.katalon.core.webui.keyword.builtin.ClickKeyword.click(ClickKeyword.groovy:86)
	at com.kms.katalon.core.webui.keyword.builtin.ClickKeyword.execute(ClickKeyword.groovy:67)
	at com.kms.katalon.core.keyword.internal.KeywordExecutor.executeKeywordForPlatform(KeywordExecutor.groovy:53)
	at com.kms.katalon.core.webui.keyword.WebUiBuiltInKeywords.click(WebUiBuiltInKeywords.groovy:616)
	at com.kms.katalon.core.webui.keyword.WebUiBuiltInKeywords$click$4.call(Unknown Source)
	at Screen reader link.run(Screen reader link:20)
	at com.kms.katalon.core.main.ScriptEngine.run(ScriptEngine.java:194)
	at com.kms.katalon.core.main.ScriptEngine.runScriptAsRawText(ScriptEngine.java:119)
	at com.kms.katalon.core.main.TestCaseExecutor.runScript(TestCaseExecutor.java:328)
	at com.kms.katalon.core.main.TestCaseExecutor.doExecute(TestCaseExecutor.java:319)
	at com.kms.katalon.core.main.TestCaseExecutor.processExecutionPhase(TestCaseExecutor.java:298)
	at com.kms.katalon.core.main.TestCaseExecutor.accessMainPhase(TestCaseExecutor.java:290)
	at com.kms.katalon.core.main.TestCaseExecutor.execute(TestCaseExecutor.java:224)
	at com.kms.katalon.core.main.TestSuiteExecutor.accessTestCaseMainPhase(TestSuiteExecutor.java:129)
	at com.kms.katalon.core.main.TestSuiteExecutor.accessTestSuiteMainPhase(TestSuiteExecutor.java:112)
	at com.kms.katalon.core.main.TestSuiteExecutor.execute(TestSuiteExecutor.java:81)
	at com.kms.katalon.core.main.TestCaseMain.startTestSuite(TestCaseMain.java:149)
	at com.kms.katalon.core.main.TestCaseMain$startTestSuite$0.call(Unknown Source)
	at TempTestSuite1563918963353.run(TempTestSuite1563918963353.groovy:36)]]></system-out>
         <system-err><![CDATA[2019-07-23 18:28:34 - [TEST_CASE][FAILED] - Test Cases/OCS - DESKTOP/OCS- HOME PAGE/Screen reader link: Test Cases/OCS - DESKTOP/OCS- HOME PAGE/Screen reader link FAILED.
Reason:
com.kms.katalon.core.exception.StepFailedException: Unable to click on object 'Object Repository/OCS-DESKTOP/Home - page/Screen readers link' (Root cause: com.kms.katalon.core.webui.exception.WebElementNotFoundException: Web element with id: 'Object Repository/OCS-DESKTOP/Home - page/Screen readers link' located by 'By.xpath: //a[contains(text(),'Customers with difficulties using screen readers')]' not found)
	at com.kms.katalon.core.keyword.internal.KeywordMain.stepFailed(KeywordMain.groovy:36)
	at com.kms.katalon.core.webui.keyword.internal.WebUIKeywordMain.stepFailed(WebUIKeywordMain.groovy:65)
	at com.kms.katalon.core.webui.keyword.internal.WebUIKeywordMain.runKeyword(WebUIKeywordMain.groovy:27)
	at com.kms.katalon.core.webui.keyword.builtin.ClickKeyword.click(ClickKeyword.groovy:86)
	at com.kms.katalon.core.webui.keyword.builtin.ClickKeyword.execute(ClickKeyword.groovy:67)
	at com.kms.katalon.core.keyword.internal.KeywordExecutor.executeKeywordForPlatform(KeywordExecutor.groovy:53)
	at com.kms.katalon.core.webui.keyword.WebUiBuiltInKeywords.click(WebUiBuiltInKeywords.groovy:616)
	at com.kms.katalon.core.webui.keyword.WebUiBuiltInKeywords$click$4.call(Unknown Source)
	at Screen reader link.run(Screen reader link:20)
	at com.kms.katalon.core.main.ScriptEngine.run(ScriptEngine.java:194)
	at com.kms.katalon.core.main.ScriptEngine.runScriptAsRawText(ScriptEngine.java:119)
	at com.kms.katalon.core.main.TestCaseExecutor.runScript(TestCaseExecutor.java:328)
	at com.kms.katalon.core.main.TestCaseExecutor.doExecute(TestCaseExecutor.java:319)
	at com.kms.katalon.core.main.TestCaseExecutor.processExecutionPhase(TestCaseExecutor.java:298)
	at com.kms.katalon.core.main.TestCaseExecutor.accessMainPhase(TestCaseExecutor.java:290)
	at com.kms.katalon.core.main.TestCaseExecutor.execute(TestCaseExecutor.java:224)
	at com.kms.katalon.core.main.TestSuiteExecutor.accessTestCaseMainPhase(TestSuiteExecutor.java:129)
	at com.kms.katalon.core.main.TestSuiteExecutor.accessTestSuiteMainPhase(TestSuiteExecutor.java:112)
	at com.kms.katalon.core.main.TestSuiteExecutor.execute(TestSuiteExecutor.java:81)
	at com.kms.katalon.core.main.TestCaseMain.startTestSuite(TestCaseMain.java:149)
	at com.kms.katalon.core.main.TestCaseMain$startTestSuite$0.call(Unknown Source)
	at TempTestSuite1563918963353.run(TempTestSuite1563918963353.groovy:36)]]></system-err>
      </testcase>
      <testcase name="Test Cases/OCS - DESKTOP/OCS- HOME PAGE/HP-Burger menu -cannabis" classname="Test Cases/OCS - DESKTOP/OCS- HOME PAGE/HP-Burger menu -cannabis" status="PASSED">
         <system-out><![CDATA[2019-07-23 18:29:22 - [TEST_CASE][PASSED] - Test Cases/OCS - DESKTOP/OCS- HOME PAGE/HP-Burger menu -cannabis: Test Cases/OCS - DESKTOP/OCS- HOME PAGE/HP-Burger menu -cannabis

2019-07-23 18:29:22 - [TEST_STEP][PASSED] - callTestCase(findTestCase("OCS - DESKTOP/CALL- Age gate"), [:], STOP_ON_FAILURE): Call Test Case 'Test Cases/OCS - DESKTOP/CALL- Age gate' successfully

2019-07-23 18:29:22 - [TEST_CASE][PASSED] - Test Cases/OCS - DESKTOP/CALL- Age gate: Test Cases/OCS - DESKTOP/CALL- Age gate

2019-07-23 18:29:22 - [TEST_STEP][PASSED] - openBrowser(""): Browser is opened with url: ''

2019-07-23 18:29:22 - [MESSAGE][WARNING] - A browser is already opened. Closing browser and opening a new one

2019-07-23 18:29:23 - [MESSAGE][INFO] - Starting 'Chrome' driver

2019-07-23 18:29:24 - [MESSAGE][PASSED] - Browser is opened with url: ''

2019-07-23 18:29:24 - [TEST_STEP][PASSED] - navigateToUrl("https://ocs.ca/?fts=0&preview_theme_id=74209363788"): Navigate to 'https://ocs.ca/?fts=0&preview_theme_id=74209363788' successfully

2019-07-23 18:29:29 - [MESSAGE][PASSED] - Navigate to 'https://ocs.ca/?fts=0&preview_theme_id=74209363788' successfully

2019-07-23 18:29:29 - [TEST_STEP][PASSED] - maximizeWindow(): Current window maximized

2019-07-23 18:29:29 - [MESSAGE][PASSED] - Current window maximized

2019-07-23 18:29:29 - [TEST_STEP][PASSED] - delay(2): Delayed 2 second(s)

2019-07-23 18:29:31 - [MESSAGE][PASSED] - Delayed 2 second(s)

2019-07-23 18:29:31 - [TEST_STEP][PASSED] - executeJavaScript("var previewBar = document.getElementById("preview-bar-iframe"); previewBar.style.display = "none";", []): Execute JavaScript 'var previewBar = document.getElementById("preview-bar-iframe"); previewBar.style.display = "none";' successfully

2019-07-23 18:29:31 - [MESSAGE][PASSED] - Execute JavaScript 'var previewBar = document.getElementById("preview-bar-iframe"); previewBar.style.display = "none";' successfully

2019-07-23 18:29:31 - [TEST_STEP][PASSED] - selectOptionByValue(findTestObject("OCS-DESKTOP/Age gate and Mega menu/Date"), "12", true): All options with value '12' are selected in object 'Object Repository/OCS-DESKTOP/Age gate and Mega menu/Date'  using regular expression

2019-07-23 18:29:31 - [MESSAGE][PASSED] - All options with value '12' are selected in object 'Object Repository/OCS-DESKTOP/Age gate and Mega menu/Date'  using regular expression

2019-07-23 18:29:31 - [TEST_STEP][PASSED] - selectOptionByValue(findTestObject("OCS-DESKTOP/Age gate and Mega menu/month"), "6", true): All options with value '6' are selected in object 'Object Repository/OCS-DESKTOP/Age gate and Mega menu/month'  using regular expression

2019-07-23 18:29:31 - [MESSAGE][PASSED] - All options with value '6' are selected in object 'Object Repository/OCS-DESKTOP/Age gate and Mega menu/month'  using regular expression

2019-07-23 18:29:31 - [TEST_STEP][PASSED] - delay(2): Delayed 2 second(s)

2019-07-23 18:29:33 - [MESSAGE][PASSED] - Delayed 2 second(s)

2019-07-23 18:29:33 - [TEST_STEP][PASSED] - selectOptionByValue(findTestObject("OCS-DESKTOP/Age gate and Mega menu/Year Dropdown"), "1990", true): All options with value '1990' are selected in object 'Object Repository/OCS-DESKTOP/Age gate and Mega menu/Year Dropdown'  using regular expression

2019-07-23 18:29:34 - [MESSAGE][PASSED] - All options with value '1990' are selected in object 'Object Repository/OCS-DESKTOP/Age gate and Mega menu/Year Dropdown'  using regular expression

2019-07-23 18:29:34 - [TEST_STEP][PASSED] - click(findTestObject("OCS-DESKTOP/Age gate and Mega menu/button_Verify")): Object: 'Object Repository/OCS-DESKTOP/Age gate and Mega menu/button_Verify' is clicked on

2019-07-23 18:29:34 - [MESSAGE][PASSED] - Object: 'Object Repository/OCS-DESKTOP/Age gate and Mega menu/button_Verify' is clicked on

2019-07-23 18:29:34 - [TEST_STEP][PASSED] - click(findTestObject("OCS-DESKTOP/Age gate and Mega menu/Checkbox_CONFIRM AND ACKNOWLEDGE")): Object: 'Object Repository/OCS-DESKTOP/Age gate and Mega menu/Checkbox_CONFIRM AND ACKNOWLEDGE' is clicked on

2019-07-23 18:29:34 - [MESSAGE][PASSED] - Object: 'Object Repository/OCS-DESKTOP/Age gate and Mega menu/Checkbox_CONFIRM AND ACKNOWLEDGE' is clicked on

2019-07-23 18:29:34 - [TEST_STEP][PASSED] - click(findTestObject("OCS-DESKTOP/Age gate and Mega menu/button_CONFIRM")): Object: 'Object Repository/OCS-DESKTOP/Age gate and Mega menu/button_CONFIRM' is clicked on

2019-07-23 18:29:35 - [MESSAGE][PASSED] - Object: 'Object Repository/OCS-DESKTOP/Age gate and Mega menu/button_CONFIRM' is clicked on

2019-07-23 18:29:35 - [TEST_STEP][PASSED] - click(findTestObject("OCS-DESKTOP/Age gate and Mega menu/button_Start Browsing")): Object: 'Object Repository/OCS-DESKTOP/Age gate and Mega menu/button_Start Browsing' is clicked on

2019-07-23 18:29:35 - [MESSAGE][PASSED] - Object: 'Object Repository/OCS-DESKTOP/Age gate and Mega menu/button_Start Browsing' is clicked on

2019-07-23 18:29:35 - [TEST_STEP][PASSED] - delay(2): Delayed 2 second(s)

2019-07-23 18:29:37 - [MESSAGE][PASSED] - Delayed 2 second(s)

2019-07-23 18:29:37 - [TEST_STEP][PASSED] - refresh(): Refresh successfully

2019-07-23 18:29:37 - [MESSAGE][PASSED] - Refresh successfully

2019-07-23 18:29:37 - [MESSAGE][PASSED] - Call Test Case 'Test Cases/OCS - DESKTOP/CALL- Age gate' successfully

2019-07-23 18:29:37 - [TEST_STEP][PASSED] - delay(2): Delayed 2 second(s)

2019-07-23 18:29:39 - [MESSAGE][PASSED] - Delayed 2 second(s)

2019-07-23 18:29:39 - [TEST_STEP][PASSED] - click(findTestObject("OCS-DESKTOP/Age gate and Mega menu/Header/CANNABIS menu - English"), CONTINUE_ON_FAILURE): Object: 'Object Repository/OCS-DESKTOP/Age gate and Mega menu/Header/CANNABIS menu - English' is clicked on

2019-07-23 18:29:41 - [MESSAGE][PASSED] - Object: 'Object Repository/OCS-DESKTOP/Age gate and Mega menu/Header/CANNABIS menu - English' is clicked on

2019-07-23 18:29:41 - [TEST_STEP][PASSED] - delay(2, CONTINUE_ON_FAILURE): Delayed 2 second(s)

2019-07-23 18:29:43 - [MESSAGE][PASSED] - Delayed 2 second(s)

2019-07-23 18:29:43 - [TEST_STEP][PASSED] - delay(1, CONTINUE_ON_FAILURE): Delayed 1 second(s)

2019-07-23 18:29:44 - [MESSAGE][PASSED] - Delayed 1 second(s)

2019-07-23 18:29:44 - [TEST_STEP][PASSED] - click(findTestObject("OCS-DESKTOP/Cannabis page/Dried flower")): Object: 'Object Repository/OCS-DESKTOP/Cannabis page/Dried flower' is clicked on

2019-07-23 18:29:46 - [MESSAGE][PASSED] - Object: 'Object Repository/OCS-DESKTOP/Cannabis page/Dried flower' is clicked on

2019-07-23 18:29:46 - [TEST_STEP][PASSED] - delay(1, CONTINUE_ON_FAILURE): Delayed 1 second(s)

2019-07-23 18:29:47 - [MESSAGE][PASSED] - Delayed 1 second(s)

2019-07-23 18:29:47 - [TEST_STEP][PASSED] - click(findTestObject("OCS-DESKTOP/Age gate and Mega menu/Header/CANNABIS menu - English")): Object: 'Object Repository/OCS-DESKTOP/Age gate and Mega menu/Header/CANNABIS menu - English' is clicked on

2019-07-23 18:29:47 - [MESSAGE][PASSED] - Object: 'Object Repository/OCS-DESKTOP/Age gate and Mega menu/Header/CANNABIS menu - English' is clicked on

2019-07-23 18:29:47 - [TEST_STEP][PASSED] - delay(1, CONTINUE_ON_FAILURE): Delayed 1 second(s)

2019-07-23 18:29:48 - [MESSAGE][PASSED] - Delayed 1 second(s)

2019-07-23 18:29:48 - [TEST_STEP][PASSED] - delay(1, CONTINUE_ON_FAILURE): Delayed 1 second(s)

2019-07-23 18:29:49 - [MESSAGE][PASSED] - Delayed 1 second(s)

2019-07-23 18:29:49 - [TEST_STEP][PASSED] - click(findTestObject("OCS-DESKTOP/Cannabis page/Dried flower - Indica dominant")): Object: 'Object Repository/OCS-DESKTOP/Cannabis page/Dried flower - Indica dominant' is clicked on

2019-07-23 18:29:51 - [MESSAGE][PASSED] - Object: 'Object Repository/OCS-DESKTOP/Cannabis page/Dried flower - Indica dominant' is clicked on

2019-07-23 18:29:51 - [TEST_STEP][PASSED] - delay(1, CONTINUE_ON_FAILURE): Delayed 1 second(s)

2019-07-23 18:29:52 - [MESSAGE][PASSED] - Delayed 1 second(s)

2019-07-23 18:29:52 - [TEST_STEP][PASSED] - click(findTestObject("OCS-DESKTOP/Age gate and Mega menu/Header/CANNABIS menu - English"), CONTINUE_ON_FAILURE): Object: 'Object Repository/OCS-DESKTOP/Age gate and Mega menu/Header/CANNABIS menu - English' is clicked on

2019-07-23 18:29:52 - [MESSAGE][PASSED] - Object: 'Object Repository/OCS-DESKTOP/Age gate and Mega menu/Header/CANNABIS menu - English' is clicked on

2019-07-23 18:29:52 - [TEST_STEP][PASSED] - delay(2, CONTINUE_ON_FAILURE): Delayed 2 second(s)

2019-07-23 18:29:54 - [MESSAGE][PASSED] - Delayed 2 second(s)

2019-07-23 18:29:54 - [TEST_STEP][PASSED] - click(findTestObject("OCS-DESKTOP/Cannabis page/Dried flower - sativa dominant")): Object: 'Object Repository/OCS-DESKTOP/Cannabis page/Dried flower - sativa dominant' is clicked on

2019-07-23 18:29:56 - [MESSAGE][PASSED] - Object: 'Object Repository/OCS-DESKTOP/Cannabis page/Dried flower - sativa dominant' is clicked on

2019-07-23 18:29:56 - [TEST_STEP][PASSED] - delay(1, CONTINUE_ON_FAILURE): Delayed 1 second(s)

2019-07-23 18:29:57 - [MESSAGE][PASSED] - Delayed 1 second(s)

2019-07-23 18:29:57 - [TEST_STEP][PASSED] - delay(1, CONTINUE_ON_FAILURE): Delayed 1 second(s)

2019-07-23 18:29:58 - [MESSAGE][PASSED] - Delayed 1 second(s)

2019-07-23 18:29:58 - [TEST_STEP][PASSED] - click(findTestObject("OCS-DESKTOP/Age gate and Mega menu/Header/CANNABIS menu - English"), CONTINUE_ON_FAILURE): Object: 'Object Repository/OCS-DESKTOP/Age gate and Mega menu/Header/CANNABIS menu - English' is clicked on

2019-07-23 18:29:58 - [MESSAGE][PASSED] - Object: 'Object Repository/OCS-DESKTOP/Age gate and Mega menu/Header/CANNABIS menu - English' is clicked on

2019-07-23 18:29:58 - [TEST_STEP][PASSED] - delay(2, CONTINUE_ON_FAILURE): Delayed 2 second(s)

2019-07-23 18:30:00 - [MESSAGE][PASSED] - Delayed 2 second(s)

2019-07-23 18:30:00 - [TEST_STEP][PASSED] - click(findTestObject("OCS-DESKTOP/Cannabis page/Dried flower - Hybrid")): Object: 'Object Repository/OCS-DESKTOP/Cannabis page/Dried flower - Hybrid' is clicked on

2019-07-23 18:30:04 - [MESSAGE][PASSED] - Object: 'Object Repository/OCS-DESKTOP/Cannabis page/Dried flower - Hybrid' is clicked on

2019-07-23 18:30:04 - [TEST_STEP][PASSED] - delay(1, CONTINUE_ON_FAILURE): Delayed 1 second(s)

2019-07-23 18:30:05 - [MESSAGE][PASSED] - Delayed 1 second(s)

2019-07-23 18:30:05 - [TEST_STEP][PASSED] - click(findTestObject("OCS-DESKTOP/Age gate and Mega menu/Header/CANNABIS menu - English"), CONTINUE_ON_FAILURE): Object: 'Object Repository/OCS-DESKTOP/Age gate and Mega menu/Header/CANNABIS menu - English' is clicked on

2019-07-23 18:30:05 - [MESSAGE][PASSED] - Object: 'Object Repository/OCS-DESKTOP/Age gate and Mega menu/Header/CANNABIS menu - English' is clicked on

2019-07-23 18:30:05 - [TEST_STEP][PASSED] - delay(1, CONTINUE_ON_FAILURE): Delayed 1 second(s)

2019-07-23 18:30:06 - [MESSAGE][PASSED] - Delayed 1 second(s)

2019-07-23 18:30:06 - [TEST_STEP][PASSED] - delay(1, CONTINUE_ON_FAILURE): Delayed 1 second(s)

2019-07-23 18:30:07 - [MESSAGE][PASSED] - Delayed 1 second(s)

2019-07-23 18:30:07 - [TEST_STEP][PASSED] - click(findTestObject("OCS-DESKTOP/Cannabis page/Shop all dried flower")): Object: 'Object Repository/OCS-DESKTOP/Cannabis page/Shop all dried flower' is clicked on

2019-07-23 18:30:09 - [MESSAGE][PASSED] - Object: 'Object Repository/OCS-DESKTOP/Cannabis page/Shop all dried flower' is clicked on

2019-07-23 18:30:09 - [TEST_STEP][PASSED] - delay(1, CONTINUE_ON_FAILURE): Delayed 1 second(s)

2019-07-23 18:30:10 - [MESSAGE][PASSED] - Delayed 1 second(s)

2019-07-23 18:30:10 - [TEST_STEP][PASSED] - click(findTestObject("OCS-DESKTOP/Age gate and Mega menu/Header/CANNABIS menu - English"), CONTINUE_ON_FAILURE): Object: 'Object Repository/OCS-DESKTOP/Age gate and Mega menu/Header/CANNABIS menu - English' is clicked on

2019-07-23 18:30:10 - [MESSAGE][PASSED] - Object: 'Object Repository/OCS-DESKTOP/Age gate and Mega menu/Header/CANNABIS menu - English' is clicked on

2019-07-23 18:30:10 - [TEST_STEP][PASSED] - delay(2, CONTINUE_ON_FAILURE): Delayed 2 second(s)

2019-07-23 18:30:12 - [MESSAGE][PASSED] - Delayed 2 second(s)

2019-07-23 18:30:12 - [TEST_STEP][PASSED] - delay(1, CONTINUE_ON_FAILURE): Delayed 1 second(s)

2019-07-23 18:30:13 - [MESSAGE][PASSED] - Delayed 1 second(s)

2019-07-23 18:30:13 - [TEST_STEP][PASSED] - click(findTestObject("OCS-DESKTOP/Cannabis page/Prerolled - Plus accordian")): Object: 'Object Repository/OCS-DESKTOP/Cannabis page/Prerolled - Plus accordian' is clicked on

2019-07-23 18:30:16 - [MESSAGE][PASSED] - Object: 'Object Repository/OCS-DESKTOP/Cannabis page/Prerolled - Plus accordian' is clicked on

2019-07-23 18:30:16 - [TEST_STEP][PASSED] - delay(1, CONTINUE_ON_FAILURE): Delayed 1 second(s)

2019-07-23 18:30:17 - [MESSAGE][PASSED] - Delayed 1 second(s)

2019-07-23 18:30:17 - [TEST_STEP][PASSED] - delay(1, CONTINUE_ON_FAILURE): Delayed 1 second(s)

2019-07-23 18:30:18 - [MESSAGE][PASSED] - Delayed 1 second(s)

2019-07-23 18:30:18 - [TEST_STEP][PASSED] - click(findTestObject("OCS-DESKTOP/Age gate and Mega menu/Header/CANNABIS menu - English"), CONTINUE_ON_FAILURE): Object: 'Object Repository/OCS-DESKTOP/Age gate and Mega menu/Header/CANNABIS menu - English' is clicked on

2019-07-23 18:30:18 - [MESSAGE][PASSED] - Object: 'Object Repository/OCS-DESKTOP/Age gate and Mega menu/Header/CANNABIS menu - English' is clicked on

2019-07-23 18:30:18 - [TEST_STEP][PASSED] - delay(1, CONTINUE_ON_FAILURE): Delayed 1 second(s)

2019-07-23 18:30:19 - [MESSAGE][PASSED] - Delayed 1 second(s)

2019-07-23 18:30:19 - [TEST_STEP][PASSED] - click(findTestObject("OCS-DESKTOP/Cannabis page/Prerolled - Indica dominant")): Object: 'Object Repository/OCS-DESKTOP/Cannabis page/Prerolled - Indica dominant' is clicked on

2019-07-23 18:30:21 - [MESSAGE][PASSED] - Object: 'Object Repository/OCS-DESKTOP/Cannabis page/Prerolled - Indica dominant' is clicked on

2019-07-23 18:30:21 - [TEST_STEP][PASSED] - delay(1, CONTINUE_ON_FAILURE): Delayed 1 second(s)

2019-07-23 18:30:22 - [MESSAGE][PASSED] - Delayed 1 second(s)

2019-07-23 18:30:22 - [TEST_STEP][PASSED] - click(findTestObject("OCS-DESKTOP/Age gate and Mega menu/Header/CANNABIS menu - English"), CONTINUE_ON_FAILURE): Object: 'Object Repository/OCS-DESKTOP/Age gate and Mega menu/Header/CANNABIS menu - English' is clicked on

2019-07-23 18:30:22 - [MESSAGE][PASSED] - Object: 'Object Repository/OCS-DESKTOP/Age gate and Mega menu/Header/CANNABIS menu - English' is clicked on

2019-07-23 18:30:22 - [TEST_STEP][PASSED] - delay(2, CONTINUE_ON_FAILURE): Delayed 2 second(s)

2019-07-23 18:30:24 - [MESSAGE][PASSED] - Delayed 2 second(s)

2019-07-23 18:30:24 - [TEST_STEP][PASSED] - delay(1, CONTINUE_ON_FAILURE): Delayed 1 second(s)

2019-07-23 18:30:25 - [MESSAGE][PASSED] - Delayed 1 second(s)

2019-07-23 18:30:25 - [TEST_STEP][PASSED] - delay(1, CONTINUE_ON_FAILURE): Delayed 1 second(s)

2019-07-23 18:30:26 - [MESSAGE][PASSED] - Delayed 1 second(s)

2019-07-23 18:30:26 - [TEST_STEP][PASSED] - click(findTestObject("OCS-DESKTOP/Cannabis page/Prerolled - sativa dominant")): Object: 'Object Repository/OCS-DESKTOP/Cannabis page/Prerolled - sativa dominant' is clicked on

2019-07-23 18:30:28 - [MESSAGE][PASSED] - Object: 'Object Repository/OCS-DESKTOP/Cannabis page/Prerolled - sativa dominant' is clicked on

2019-07-23 18:30:28 - [TEST_STEP][PASSED] - delay(1, CONTINUE_ON_FAILURE): Delayed 1 second(s)

2019-07-23 18:30:29 - [MESSAGE][PASSED] - Delayed 1 second(s)

2019-07-23 18:30:29 - [TEST_STEP][PASSED] - click(findTestObject("OCS-DESKTOP/Age gate and Mega menu/Header/CANNABIS menu - English"), CONTINUE_ON_FAILURE): Object: 'Object Repository/OCS-DESKTOP/Age gate and Mega menu/Header/CANNABIS menu - English' is clicked on

2019-07-23 18:30:29 - [MESSAGE][PASSED] - Object: 'Object Repository/OCS-DESKTOP/Age gate and Mega menu/Header/CANNABIS menu - English' is clicked on

2019-07-23 18:30:29 - [TEST_STEP][PASSED] - delay(2, CONTINUE_ON_FAILURE): Delayed 2 second(s)

2019-07-23 18:30:31 - [MESSAGE][PASSED] - Delayed 2 second(s)

2019-07-23 18:30:31 - [TEST_STEP][PASSED] - delay(1, CONTINUE_ON_FAILURE): Delayed 1 second(s)

2019-07-23 18:30:32 - [MESSAGE][PASSED] - Delayed 1 second(s)

2019-07-23 18:30:32 - [TEST_STEP][PASSED] - delay(1, CONTINUE_ON_FAILURE): Delayed 1 second(s)

2019-07-23 18:30:33 - [MESSAGE][PASSED] - Delayed 1 second(s)

2019-07-23 18:30:33 - [TEST_STEP][PASSED] - click(findTestObject("OCS-DESKTOP/Cannabis page/Prerolled - Hybrid")): Object: 'Object Repository/OCS-DESKTOP/Cannabis page/Prerolled - Hybrid' is clicked on

2019-07-23 18:30:35 - [MESSAGE][PASSED] - Object: 'Object Repository/OCS-DESKTOP/Cannabis page/Prerolled - Hybrid' is clicked on

2019-07-23 18:30:35 - [TEST_STEP][PASSED] - delay(1, CONTINUE_ON_FAILURE): Delayed 1 second(s)

2019-07-23 18:30:36 - [MESSAGE][PASSED] - Delayed 1 second(s)

2019-07-23 18:30:36 - [TEST_STEP][PASSED] - click(findTestObject("OCS-DESKTOP/Age gate and Mega menu/Header/CANNABIS menu - English"), CONTINUE_ON_FAILURE): Object: 'Object Repository/OCS-DESKTOP/Age gate and Mega menu/Header/CANNABIS menu - English' is clicked on

2019-07-23 18:30:36 - [MESSAGE][PASSED] - Object: 'Object Repository/OCS-DESKTOP/Age gate and Mega menu/Header/CANNABIS menu - English' is clicked on

2019-07-23 18:30:36 - [TEST_STEP][PASSED] - delay(2, CONTINUE_ON_FAILURE): Delayed 2 second(s)

2019-07-23 18:30:38 - [MESSAGE][PASSED] - Delayed 2 second(s)

2019-07-23 18:30:38 - [TEST_STEP][PASSED] - delay(1, CONTINUE_ON_FAILURE): Delayed 1 second(s)

2019-07-23 18:30:39 - [MESSAGE][PASSED] - Delayed 1 second(s)

2019-07-23 18:30:39 - [TEST_STEP][PASSED] - delay(1, CONTINUE_ON_FAILURE): Delayed 1 second(s)

2019-07-23 18:30:40 - [MESSAGE][PASSED] - Delayed 1 second(s)

2019-07-23 18:30:40 - [TEST_STEP][PASSED] - click(findTestObject("OCS-DESKTOP/Cannabis page/Shop all prerolled")): Object: 'Object Repository/OCS-DESKTOP/Cannabis page/Shop all prerolled' is clicked on

2019-07-23 18:30:43 - [MESSAGE][PASSED] - Object: 'Object Repository/OCS-DESKTOP/Cannabis page/Shop all prerolled' is clicked on

2019-07-23 18:30:43 - [TEST_STEP][PASSED] - delay(1, CONTINUE_ON_FAILURE): Delayed 1 second(s)

2019-07-23 18:30:44 - [MESSAGE][PASSED] - Delayed 1 second(s)

2019-07-23 18:30:44 - [TEST_STEP][PASSED] - click(findTestObject("OCS-DESKTOP/Age gate and Mega menu/Header/CANNABIS menu - English"), CONTINUE_ON_FAILURE): Object: 'Object Repository/OCS-DESKTOP/Age gate and Mega menu/Header/CANNABIS menu - English' is clicked on

2019-07-23 18:30:44 - [MESSAGE][PASSED] - Object: 'Object Repository/OCS-DESKTOP/Age gate and Mega menu/Header/CANNABIS menu - English' is clicked on

2019-07-23 18:30:44 - [TEST_STEP][PASSED] - delay(2, CONTINUE_ON_FAILURE): Delayed 2 second(s)

2019-07-23 18:30:46 - [MESSAGE][PASSED] - Delayed 2 second(s)

2019-07-23 18:30:46 - [TEST_STEP][PASSED] - delay(1, CONTINUE_ON_FAILURE): Delayed 1 second(s)

2019-07-23 18:30:47 - [MESSAGE][PASSED] - Delayed 1 second(s)

2019-07-23 18:30:47 - [TEST_STEP][PASSED] - delay(1, CONTINUE_ON_FAILURE): Delayed 1 second(s)

2019-07-23 18:30:48 - [MESSAGE][PASSED] - Delayed 1 second(s)

2019-07-23 18:30:48 - [TEST_STEP][PASSED] - click(findTestObject("OCS-DESKTOP/Cannabis page/Oils - plus accordian")): Object: 'Object Repository/OCS-DESKTOP/Cannabis page/Oils - plus accordian' is clicked on

2019-07-23 18:30:50 - [MESSAGE][PASSED] - Object: 'Object Repository/OCS-DESKTOP/Cannabis page/Oils - plus accordian' is clicked on

2019-07-23 18:30:50 - [TEST_STEP][PASSED] - delay(1, CONTINUE_ON_FAILURE): Delayed 1 second(s)

2019-07-23 18:30:51 - [MESSAGE][PASSED] - Delayed 1 second(s)

2019-07-23 18:30:51 - [TEST_STEP][PASSED] - delay(1, CONTINUE_ON_FAILURE): Delayed 1 second(s)

2019-07-23 18:30:52 - [MESSAGE][PASSED] - Delayed 1 second(s)

2019-07-23 18:30:52 - [TEST_STEP][PASSED] - click(findTestObject("OCS-DESKTOP/Age gate and Mega menu/Header/CANNABIS menu - English"), CONTINUE_ON_FAILURE): Object: 'Object Repository/OCS-DESKTOP/Age gate and Mega menu/Header/CANNABIS menu - English' is clicked on

2019-07-23 18:30:52 - [MESSAGE][PASSED] - Object: 'Object Repository/OCS-DESKTOP/Age gate and Mega menu/Header/CANNABIS menu - English' is clicked on

2019-07-23 18:30:52 - [TEST_STEP][PASSED] - delay(1, CONTINUE_ON_FAILURE): Delayed 1 second(s)

2019-07-23 18:30:53 - [MESSAGE][PASSED] - Delayed 1 second(s)

2019-07-23 18:30:53 - [TEST_STEP][PASSED] - click(findTestObject("OCS-DESKTOP/Cannabis page/Oils - Bottled oils")): Object: 'Object Repository/OCS-DESKTOP/Cannabis page/Oils - Bottled oils' is clicked on

2019-07-23 18:30:55 - [MESSAGE][PASSED] - Object: 'Object Repository/OCS-DESKTOP/Cannabis page/Oils - Bottled oils' is clicked on

2019-07-23 18:30:55 - [TEST_STEP][PASSED] - delay(1, CONTINUE_ON_FAILURE): Delayed 1 second(s)

2019-07-23 18:30:56 - [MESSAGE][PASSED] - Delayed 1 second(s)

2019-07-23 18:30:56 - [TEST_STEP][PASSED] - click(findTestObject("OCS-DESKTOP/Age gate and Mega menu/Header/CANNABIS menu - English"), CONTINUE_ON_FAILURE): Object: 'Object Repository/OCS-DESKTOP/Age gate and Mega menu/Header/CANNABIS menu - English' is clicked on

2019-07-23 18:30:56 - [MESSAGE][PASSED] - Object: 'Object Repository/OCS-DESKTOP/Age gate and Mega menu/Header/CANNABIS menu - English' is clicked on

2019-07-23 18:30:56 - [TEST_STEP][PASSED] - delay(2, CONTINUE_ON_FAILURE): Delayed 2 second(s)

2019-07-23 18:30:58 - [MESSAGE][PASSED] - Delayed 2 second(s)

2019-07-23 18:30:58 - [TEST_STEP][PASSED] - delay(1, CONTINUE_ON_FAILURE): Delayed 1 second(s)

2019-07-23 18:30:59 - [MESSAGE][PASSED] - Delayed 1 second(s)

2019-07-23 18:30:59 - [TEST_STEP][PASSED] - delay(1, CONTINUE_ON_FAILURE): Delayed 1 second(s)

2019-07-23 18:31:00 - [MESSAGE][PASSED] - Delayed 1 second(s)

2019-07-23 18:31:00 - [TEST_STEP][PASSED] - click(findTestObject("OCS-DESKTOP/Cannabis page/Oils - oral sprays")): Object: 'Object Repository/OCS-DESKTOP/Cannabis page/Oils - oral sprays' is clicked on

2019-07-23 18:31:02 - [MESSAGE][PASSED] - Object: 'Object Repository/OCS-DESKTOP/Cannabis page/Oils - oral sprays' is clicked on

2019-07-23 18:31:02 - [TEST_STEP][PASSED] - delay(1, CONTINUE_ON_FAILURE): Delayed 1 second(s)

2019-07-23 18:31:03 - [MESSAGE][PASSED] - Delayed 1 second(s)

2019-07-23 18:31:03 - [TEST_STEP][PASSED] - click(findTestObject("OCS-DESKTOP/Age gate and Mega menu/Header/CANNABIS menu - English"), CONTINUE_ON_FAILURE): Object: 'Object Repository/OCS-DESKTOP/Age gate and Mega menu/Header/CANNABIS menu - English' is clicked on

2019-07-23 18:31:03 - [MESSAGE][PASSED] - Object: 'Object Repository/OCS-DESKTOP/Age gate and Mega menu/Header/CANNABIS menu - English' is clicked on

2019-07-23 18:31:03 - [TEST_STEP][PASSED] - delay(2, CONTINUE_ON_FAILURE): Delayed 2 second(s)

2019-07-23 18:31:05 - [MESSAGE][PASSED] - Delayed 2 second(s)

2019-07-23 18:31:05 - [TEST_STEP][PASSED] - delay(1, CONTINUE_ON_FAILURE): Delayed 1 second(s)

2019-07-23 18:31:06 - [MESSAGE][PASSED] - Delayed 1 second(s)

2019-07-23 18:31:06 - [TEST_STEP][PASSED] - delay(1, CONTINUE_ON_FAILURE): Delayed 1 second(s)

2019-07-23 18:31:07 - [MESSAGE][PASSED] - Delayed 1 second(s)

2019-07-23 18:31:07 - [TEST_STEP][PASSED] - click(findTestObject("OCS-DESKTOP/Cannabis page/shop all oils")): Object: 'Object Repository/OCS-DESKTOP/Cannabis page/shop all oils' is clicked on

2019-07-23 18:31:10 - [MESSAGE][PASSED] - Object: 'Object Repository/OCS-DESKTOP/Cannabis page/shop all oils' is clicked on

2019-07-23 18:31:10 - [TEST_STEP][PASSED] - delay(1, CONTINUE_ON_FAILURE): Delayed 1 second(s)

2019-07-23 18:31:11 - [MESSAGE][PASSED] - Delayed 1 second(s)

2019-07-23 18:31:11 - [TEST_STEP][PASSED] - click(findTestObject("OCS-DESKTOP/Age gate and Mega menu/Header/CANNABIS menu - English"), CONTINUE_ON_FAILURE): Object: 'Object Repository/OCS-DESKTOP/Age gate and Mega menu/Header/CANNABIS menu - English' is clicked on

2019-07-23 18:31:11 - [MESSAGE][PASSED] - Object: 'Object Repository/OCS-DESKTOP/Age gate and Mega menu/Header/CANNABIS menu - English' is clicked on

2019-07-23 18:31:11 - [TEST_STEP][PASSED] - delay(2, CONTINUE_ON_FAILURE): Delayed 2 second(s)

2019-07-23 18:31:13 - [MESSAGE][PASSED] - Delayed 2 second(s)

2019-07-23 18:31:13 - [TEST_STEP][PASSED] - delay(1, CONTINUE_ON_FAILURE): Delayed 1 second(s)

2019-07-23 18:31:14 - [MESSAGE][PASSED] - Delayed 1 second(s)

2019-07-23 18:31:14 - [TEST_STEP][PASSED] - click(findTestObject("MOBILE OBJECTS/Capsules chevron")): Object: 'Object Repository/MOBILE OBJECTS/Capsules chevron' is clicked on

2019-07-23 18:31:16 - [MESSAGE][PASSED] - Object: 'Object Repository/MOBILE OBJECTS/Capsules chevron' is clicked on

2019-07-23 18:31:16 - [TEST_STEP][PASSED] - delay(1, CONTINUE_ON_FAILURE): Delayed 1 second(s)

2019-07-23 18:31:17 - [MESSAGE][PASSED] - Delayed 1 second(s)

2019-07-23 18:31:17 - [TEST_STEP][PASSED] - click(findTestObject("OCS-DESKTOP/Age gate and Mega menu/Header/CANNABIS menu - English"), CONTINUE_ON_FAILURE): Object: 'Object Repository/OCS-DESKTOP/Age gate and Mega menu/Header/CANNABIS menu - English' is clicked on

2019-07-23 18:31:18 - [MESSAGE][PASSED] - Object: 'Object Repository/OCS-DESKTOP/Age gate and Mega menu/Header/CANNABIS menu - English' is clicked on

2019-07-23 18:31:18 - [TEST_STEP][PASSED] - delay(2, CONTINUE_ON_FAILURE): Delayed 2 second(s)

2019-07-23 18:31:20 - [MESSAGE][PASSED] - Delayed 2 second(s)

2019-07-23 18:31:20 - [TEST_STEP][PASSED] - delay(1, CONTINUE_ON_FAILURE): Delayed 1 second(s)

2019-07-23 18:31:21 - [MESSAGE][PASSED] - Delayed 1 second(s)

2019-07-23 18:31:21 - [TEST_STEP][NOT_RUN] - click(findTestObject("OCS-DESKTOP/Cannabis page/Shop by plant type - plus accordian")): NOT_RUN: click(findTestObject("OCS-DESKTOP/Cannabis page/Shop by plant type - plus accordian"))

2019-07-23 18:31:21 - [MESSAGE][NOT_RUN] - NOT_RUN: click(findTestObject("OCS-DESKTOP/Cannabis page/Shop by plant type - plus accordian"))

2019-07-23 18:31:21 - [TEST_STEP][PASSED] - delay(1, CONTINUE_ON_FAILURE): Delayed 1 second(s)

2019-07-23 18:31:22 - [MESSAGE][PASSED] - Delayed 1 second(s)

2019-07-23 18:31:22 - [TEST_STEP][PASSED] - delay(1, CONTINUE_ON_FAILURE): Delayed 1 second(s)

2019-07-23 18:31:23 - [MESSAGE][PASSED] - Delayed 1 second(s)

2019-07-23 18:31:23 - [TEST_STEP][PASSED] - delay(1, CONTINUE_ON_FAILURE): Delayed 1 second(s)

2019-07-23 18:31:24 - [MESSAGE][PASSED] - Delayed 1 second(s)

2019-07-23 18:31:24 - [TEST_STEP][PASSED] - click(findTestObject("OCS-DESKTOP/Cannabis page/Shop by plant type - Indica dominant")): Object: 'Object Repository/OCS-DESKTOP/Cannabis page/Shop by plant type - Indica dominant' is clicked on

2019-07-23 18:31:27 - [MESSAGE][PASSED] - Object: 'Object Repository/OCS-DESKTOP/Cannabis page/Shop by plant type - Indica dominant' is clicked on

2019-07-23 18:31:27 - [TEST_STEP][PASSED] - delay(1, CONTINUE_ON_FAILURE): Delayed 1 second(s)

2019-07-23 18:31:28 - [MESSAGE][PASSED] - Delayed 1 second(s)

2019-07-23 18:31:28 - [TEST_STEP][PASSED] - click(findTestObject("OCS-DESKTOP/Age gate and Mega menu/Header/CANNABIS menu - English"), CONTINUE_ON_FAILURE): Object: 'Object Repository/OCS-DESKTOP/Age gate and Mega menu/Header/CANNABIS menu - English' is clicked on

2019-07-23 18:31:28 - [MESSAGE][PASSED] - Object: 'Object Repository/OCS-DESKTOP/Age gate and Mega menu/Header/CANNABIS menu - English' is clicked on

2019-07-23 18:31:28 - [TEST_STEP][PASSED] - delay(2, CONTINUE_ON_FAILURE): Delayed 2 second(s)

2019-07-23 18:31:30 - [MESSAGE][PASSED] - Delayed 2 second(s)

2019-07-23 18:31:30 - [TEST_STEP][PASSED] - delay(1, CONTINUE_ON_FAILURE): Delayed 1 second(s)

2019-07-23 18:31:31 - [MESSAGE][PASSED] - Delayed 1 second(s)

2019-07-23 18:31:31 - [TEST_STEP][PASSED] - delay(1, CONTINUE_ON_FAILURE): Delayed 1 second(s)

2019-07-23 18:31:32 - [MESSAGE][PASSED] - Delayed 1 second(s)

2019-07-23 18:31:32 - [TEST_STEP][PASSED] - click(findTestObject("OCS-DESKTOP/Cannabis page/Shop by plant type - sativa dominant")): Object: 'Object Repository/OCS-DESKTOP/Cannabis page/Shop by plant type - sativa dominant' is clicked on

2019-07-23 18:31:35 - [MESSAGE][PASSED] - Object: 'Object Repository/OCS-DESKTOP/Cannabis page/Shop by plant type - sativa dominant' is clicked on

2019-07-23 18:31:35 - [TEST_STEP][PASSED] - delay(1, CONTINUE_ON_FAILURE): Delayed 1 second(s)

2019-07-23 18:31:36 - [MESSAGE][PASSED] - Delayed 1 second(s)

2019-07-23 18:31:36 - [TEST_STEP][PASSED] - click(findTestObject("OCS-DESKTOP/Age gate and Mega menu/Header/CANNABIS menu - English"), CONTINUE_ON_FAILURE): Object: 'Object Repository/OCS-DESKTOP/Age gate and Mega menu/Header/CANNABIS menu - English' is clicked on

2019-07-23 18:31:36 - [MESSAGE][PASSED] - Object: 'Object Repository/OCS-DESKTOP/Age gate and Mega menu/Header/CANNABIS menu - English' is clicked on

2019-07-23 18:31:36 - [TEST_STEP][PASSED] - delay(2, CONTINUE_ON_FAILURE): Delayed 2 second(s)

2019-07-23 18:31:38 - [MESSAGE][PASSED] - Delayed 2 second(s)

2019-07-23 18:31:38 - [TEST_STEP][PASSED] - delay(1, CONTINUE_ON_FAILURE): Delayed 1 second(s)

2019-07-23 18:31:39 - [MESSAGE][PASSED] - Delayed 1 second(s)

2019-07-23 18:31:39 - [TEST_STEP][PASSED] - delay(1, CONTINUE_ON_FAILURE): Delayed 1 second(s)

2019-07-23 18:31:40 - [MESSAGE][PASSED] - Delayed 1 second(s)

2019-07-23 18:31:40 - [TEST_STEP][PASSED] - click(findTestObject("OCS-DESKTOP/Cannabis page/Shop by plant type - Hybrid")): Object: 'Object Repository/OCS-DESKTOP/Cannabis page/Shop by plant type - Hybrid' is clicked on

2019-07-23 18:31:43 - [MESSAGE][PASSED] - Object: 'Object Repository/OCS-DESKTOP/Cannabis page/Shop by plant type - Hybrid' is clicked on

2019-07-23 18:31:43 - [TEST_STEP][PASSED] - delay(1, CONTINUE_ON_FAILURE): Delayed 1 second(s)

2019-07-23 18:31:44 - [MESSAGE][PASSED] - Delayed 1 second(s)

2019-07-23 18:31:44 - [TEST_STEP][PASSED] - click(findTestObject("OCS-DESKTOP/Age gate and Mega menu/Header/CANNABIS menu - English"), CONTINUE_ON_FAILURE): Object: 'Object Repository/OCS-DESKTOP/Age gate and Mega menu/Header/CANNABIS menu - English' is clicked on

2019-07-23 18:31:44 - [MESSAGE][PASSED] - Object: 'Object Repository/OCS-DESKTOP/Age gate and Mega menu/Header/CANNABIS menu - English' is clicked on

2019-07-23 18:31:44 - [TEST_STEP][PASSED] - delay(2, CONTINUE_ON_FAILURE): Delayed 2 second(s)

2019-07-23 18:31:46 - [MESSAGE][PASSED] - Delayed 2 second(s)

2019-07-23 18:31:46 - [TEST_STEP][PASSED] - delay(1, CONTINUE_ON_FAILURE): Delayed 1 second(s)

2019-07-23 18:31:47 - [MESSAGE][PASSED] - Delayed 1 second(s)

2019-07-23 18:31:47 - [TEST_STEP][NOT_RUN] - click(findTestObject("OCS-DESKTOP/Cannabis page/Collections - plus accordian")): NOT_RUN: click(findTestObject("OCS-DESKTOP/Cannabis page/Collections - plus accordian"))

2019-07-23 18:31:47 - [MESSAGE][NOT_RUN] - NOT_RUN: click(findTestObject("OCS-DESKTOP/Cannabis page/Collections - plus accordian"))

2019-07-23 18:31:47 - [TEST_STEP][PASSED] - delay(1, CONTINUE_ON_FAILURE): Delayed 1 second(s)

2019-07-23 18:31:48 - [MESSAGE][PASSED] - Delayed 1 second(s)

2019-07-23 18:31:48 - [TEST_STEP][PASSED] - click(findTestObject("OCS-DESKTOP/Age gate and Mega menu/Header/CANNABIS menu - English"), CONTINUE_ON_FAILURE): Object: 'Object Repository/OCS-DESKTOP/Age gate and Mega menu/Header/CANNABIS menu - English' is clicked on

2019-07-23 18:31:48 - [MESSAGE][PASSED] - Object: 'Object Repository/OCS-DESKTOP/Age gate and Mega menu/Header/CANNABIS menu - English' is clicked on

2019-07-23 18:31:48 - [TEST_STEP][PASSED] - delay(1, CONTINUE_ON_FAILURE): Delayed 1 second(s)

2019-07-23 18:31:49 - [MESSAGE][PASSED] - Delayed 1 second(s)

2019-07-23 18:31:49 - [TEST_STEP][PASSED] - click(findTestObject("OCS-DESKTOP/Cannabis page/Collections- New products")): Object: 'Object Repository/OCS-DESKTOP/Cannabis page/Collections- New products' is clicked on

2019-07-23 18:31:51 - [MESSAGE][PASSED] - Object: 'Object Repository/OCS-DESKTOP/Cannabis page/Collections- New products' is clicked on

2019-07-23 18:31:51 - [TEST_STEP][PASSED] - delay(1, CONTINUE_ON_FAILURE): Delayed 1 second(s)

2019-07-23 18:31:52 - [MESSAGE][PASSED] - Delayed 1 second(s)

2019-07-23 18:31:52 - [TEST_STEP][PASSED] - click(findTestObject("OCS-DESKTOP/Age gate and Mega menu/Header/CANNABIS menu - English"), CONTINUE_ON_FAILURE): Object: 'Object Repository/OCS-DESKTOP/Age gate and Mega menu/Header/CANNABIS menu - English' is clicked on

2019-07-23 18:31:52 - [MESSAGE][PASSED] - Object: 'Object Repository/OCS-DESKTOP/Age gate and Mega menu/Header/CANNABIS menu - English' is clicked on

2019-07-23 18:31:52 - [TEST_STEP][PASSED] - delay(2, CONTINUE_ON_FAILURE): Delayed 2 second(s)

2019-07-23 18:31:54 - [MESSAGE][PASSED] - Delayed 2 second(s)

2019-07-23 18:31:54 - [TEST_STEP][PASSED] - delay(1, CONTINUE_ON_FAILURE): Delayed 1 second(s)

2019-07-23 18:31:55 - [MESSAGE][PASSED] - Delayed 1 second(s)

2019-07-23 18:31:55 - [TEST_STEP][PASSED] - delay(1, CONTINUE_ON_FAILURE): Delayed 1 second(s)

2019-07-23 18:31:56 - [MESSAGE][PASSED] - Delayed 1 second(s)

2019-07-23 18:31:56 - [TEST_STEP][PASSED] - click(findTestObject("OCS-DESKTOP/Cannabis page/Collections- Shop by brand")): Object: 'Object Repository/OCS-DESKTOP/Cannabis page/Collections- Shop by brand' is clicked on

2019-07-23 18:32:01 - [MESSAGE][PASSED] - Object: 'Object Repository/OCS-DESKTOP/Cannabis page/Collections- Shop by brand' is clicked on

2019-07-23 18:32:01 - [TEST_STEP][PASSED] - delay(1, CONTINUE_ON_FAILURE): Delayed 1 second(s)

2019-07-23 18:32:02 - [MESSAGE][PASSED] - Delayed 1 second(s)

2019-07-23 18:32:02 - [TEST_STEP][PASSED] - click(findTestObject("OCS-DESKTOP/Age gate and Mega menu/Header/CANNABIS menu - English"), CONTINUE_ON_FAILURE): Object: 'Object Repository/OCS-DESKTOP/Age gate and Mega menu/Header/CANNABIS menu - English' is clicked on

2019-07-23 18:32:02 - [MESSAGE][PASSED] - Object: 'Object Repository/OCS-DESKTOP/Age gate and Mega menu/Header/CANNABIS menu - English' is clicked on

2019-07-23 18:32:02 - [TEST_STEP][PASSED] - delay(2, CONTINUE_ON_FAILURE): Delayed 2 second(s)

2019-07-23 18:32:04 - [MESSAGE][PASSED] - Delayed 2 second(s)

2019-07-23 18:32:04 - [TEST_STEP][PASSED] - delay(1, CONTINUE_ON_FAILURE): Delayed 1 second(s)

2019-07-23 18:32:05 - [MESSAGE][PASSED] - Delayed 1 second(s)

2019-07-23 18:32:05 - [TEST_STEP][PASSED] - delay(1, CONTINUE_ON_FAILURE): Delayed 1 second(s)

2019-07-23 18:32:06 - [MESSAGE][PASSED] - Delayed 1 second(s)

2019-07-23 18:32:06 - [TEST_STEP][PASSED] - click(findTestObject("OCS-DESKTOP/Cannabis page/Collections - CBD Dominant")): Object: 'Object Repository/OCS-DESKTOP/Cannabis page/Collections - CBD Dominant' is clicked on

2019-07-23 18:32:08 - [MESSAGE][PASSED] - Object: 'Object Repository/OCS-DESKTOP/Cannabis page/Collections - CBD Dominant' is clicked on

2019-07-23 18:32:08 - [TEST_STEP][PASSED] - delay(1, CONTINUE_ON_FAILURE): Delayed 1 second(s)

2019-07-23 18:32:09 - [MESSAGE][PASSED] - Delayed 1 second(s)

2019-07-23 18:32:09 - [TEST_STEP][PASSED] - click(findTestObject("OCS-DESKTOP/Age gate and Mega menu/Header/CANNABIS menu - English"), CONTINUE_ON_FAILURE): Object: 'Object Repository/OCS-DESKTOP/Age gate and Mega menu/Header/CANNABIS menu - English' is clicked on

2019-07-23 18:32:09 - [MESSAGE][PASSED] - Object: 'Object Repository/OCS-DESKTOP/Age gate and Mega menu/Header/CANNABIS menu - English' is clicked on

2019-07-23 18:32:09 - [TEST_STEP][PASSED] - delay(2, CONTINUE_ON_FAILURE): Delayed 2 second(s)

2019-07-23 18:32:11 - [MESSAGE][PASSED] - Delayed 2 second(s)

2019-07-23 18:32:11 - [TEST_STEP][PASSED] - delay(1, CONTINUE_ON_FAILURE): Delayed 1 second(s)

2019-07-23 18:32:12 - [MESSAGE][PASSED] - Delayed 1 second(s)

2019-07-23 18:32:12 - [TEST_STEP][PASSED] - delay(1, CONTINUE_ON_FAILURE): Delayed 1 second(s)

2019-07-23 18:32:13 - [MESSAGE][PASSED] - Delayed 1 second(s)

2019-07-23 18:32:13 - [TEST_STEP][PASSED] - click(findTestObject("OCS-DESKTOP/Cannabis page/Collections - seeds")): Object: 'Object Repository/OCS-DESKTOP/Cannabis page/Collections - seeds' is clicked on

2019-07-23 18:32:15 - [MESSAGE][PASSED] - Object: 'Object Repository/OCS-DESKTOP/Cannabis page/Collections - seeds' is clicked on

2019-07-23 18:32:15 - [TEST_STEP][PASSED] - delay(1, CONTINUE_ON_FAILURE): Delayed 1 second(s)

2019-07-23 18:32:16 - [MESSAGE][PASSED] - Delayed 1 second(s)

2019-07-23 18:32:16 - [TEST_STEP][PASSED] - click(findTestObject("OCS-DESKTOP/Age gate and Mega menu/Header/CANNABIS menu - English"), CONTINUE_ON_FAILURE): Object: 'Object Repository/OCS-DESKTOP/Age gate and Mega menu/Header/CANNABIS menu - English' is clicked on

2019-07-23 18:32:16 - [MESSAGE][PASSED] - Object: 'Object Repository/OCS-DESKTOP/Age gate and Mega menu/Header/CANNABIS menu - English' is clicked on

2019-07-23 18:32:16 - [TEST_STEP][PASSED] - delay(2, CONTINUE_ON_FAILURE): Delayed 2 second(s)

2019-07-23 18:32:18 - [MESSAGE][PASSED] - Delayed 2 second(s)

2019-07-23 18:32:18 - [TEST_STEP][PASSED] - executeJavaScript("var previewBar = document.getElementById("preview-bar-iframe"); previewBar.style.display = "none";", []): Execute JavaScript 'var previewBar = document.getElementById("preview-bar-iframe"); previewBar.style.display = "none";' successfully

2019-07-23 18:32:18 - [MESSAGE][PASSED] - Execute JavaScript 'var previewBar = document.getElementById("preview-bar-iframe"); previewBar.style.display = "none";' successfully

2019-07-23 18:32:18 - [TEST_STEP][PASSED] - delay(1, CONTINUE_ON_FAILURE): Delayed 1 second(s)

2019-07-23 18:32:19 - [MESSAGE][PASSED] - Delayed 1 second(s)

2019-07-23 18:32:19 - [TEST_STEP][PASSED] - click(findTestObject("OCS-DESKTOP/Cannabis page/Shop all cannabis Button")): Object: 'Object Repository/OCS-DESKTOP/Cannabis page/Shop all cannabis Button' is clicked on

2019-07-23 18:32:21 - [MESSAGE][PASSED] - Object: 'Object Repository/OCS-DESKTOP/Cannabis page/Shop all cannabis Button' is clicked on

2019-07-23 18:32:21 - [TEST_STEP][PASSED] - delay(1, CONTINUE_ON_FAILURE): Delayed 1 second(s)

2019-07-23 18:32:22 - [MESSAGE][PASSED] - Delayed 1 second(s)

2019-07-23 18:32:22 - [TEST_STEP][PASSED] - click(findTestObject("OCS-DESKTOP/Age gate and Mega menu/Header/CANNABIS menu - English"), CONTINUE_ON_FAILURE): Object: 'Object Repository/OCS-DESKTOP/Age gate and Mega menu/Header/CANNABIS menu - English' is clicked on

2019-07-23 18:32:22 - [MESSAGE][PASSED] - Object: 'Object Repository/OCS-DESKTOP/Age gate and Mega menu/Header/CANNABIS menu - English' is clicked on

2019-07-23 18:32:22 - [TEST_STEP][PASSED] - delay(2, CONTINUE_ON_FAILURE): Delayed 2 second(s)

2019-07-23 18:32:24 - [MESSAGE][PASSED] - Delayed 2 second(s)

2019-07-23 18:32:24 - [TEST_STEP][PASSED] - executeJavaScript("var previewBar = document.getElementById("preview-bar-iframe"); previewBar.style.display = "none";", []): Execute JavaScript 'var previewBar = document.getElementById("preview-bar-iframe"); previewBar.style.display = "none";' successfully

2019-07-23 18:32:24 - [MESSAGE][PASSED] - Execute JavaScript 'var previewBar = document.getElementById("preview-bar-iframe"); previewBar.style.display = "none";' successfully

2019-07-23 18:32:24 - [TEST_STEP][PASSED] - delay(1, CONTINUE_ON_FAILURE): Delayed 1 second(s)

2019-07-23 18:32:25 - [MESSAGE][PASSED] - Delayed 1 second(s)

2019-07-23 18:32:25 - [TEST_STEP][PASSED] - click(findTestObject("OCS-DESKTOP/Cannabis page/Shop all brands button")): Object: 'Object Repository/OCS-DESKTOP/Cannabis page/Shop all brands button' is clicked on

2019-07-23 18:32:30 - [MESSAGE][PASSED] - Object: 'Object Repository/OCS-DESKTOP/Cannabis page/Shop all brands button' is clicked on

2019-07-23 18:32:30 - [TEST_STEP][PASSED] - delay(1, CONTINUE_ON_FAILURE): Delayed 1 second(s)

2019-07-23 18:32:31 - [MESSAGE][PASSED] - Delayed 1 second(s)

2019-07-23 18:32:31 - [TEST_STEP][PASSED] - click(findTestObject("OCS-DESKTOP/Age gate and Mega menu/Header/CANNABIS menu - English"), CONTINUE_ON_FAILURE): Object: 'Object Repository/OCS-DESKTOP/Age gate and Mega menu/Header/CANNABIS menu - English' is clicked on

2019-07-23 18:32:31 - [MESSAGE][PASSED] - Object: 'Object Repository/OCS-DESKTOP/Age gate and Mega menu/Header/CANNABIS menu - English' is clicked on

2019-07-23 18:32:31 - [TEST_STEP][PASSED] - delay(2, CONTINUE_ON_FAILURE): Delayed 2 second(s)

2019-07-23 18:32:33 - [MESSAGE][PASSED] - Delayed 2 second(s)

2019-07-23 18:32:33 - [TEST_STEP][PASSED] - click(findTestObject("OCS-DESKTOP/Cannabis page/Best selling pre rolls")): Object: 'Object Repository/OCS-DESKTOP/Cannabis page/Best selling pre rolls' is clicked on

2019-07-23 18:32:35 - [MESSAGE][PASSED] - Object: 'Object Repository/OCS-DESKTOP/Cannabis page/Best selling pre rolls' is clicked on

2019-07-23 18:32:35 - [TEST_STEP][PASSED] - delay(1, CONTINUE_ON_FAILURE): Delayed 1 second(s)

2019-07-23 18:32:36 - [MESSAGE][PASSED] - Delayed 1 second(s)]]></system-out>
         <system-err><![CDATA[]]></system-err>
      </testcase>
      <testcase name="Test Cases/OCS - DESKTOP/OCS- HOME PAGE/footer" classname="Test Cases/OCS - DESKTOP/OCS- HOME PAGE/footer" status="FAILED">
         <failure type="FAILED" message="Test Cases/OCS - DESKTOP/OCS- HOME PAGE/footer FAILED.
Reason:
com.kms.katalon.core.exception.StepFailedException: Unable to click on object 'Object Repository/OCS-DESKTOP/Home - page/AGCO Cannabis retail stores' (Root cause: com.kms.katalon.core.webui.exception.WebElementNotFoundException: Web element with id: 'Object Repository/OCS-DESKTOP/Home - page/AGCO Cannabis retail stores' located by 'By.xpath: //a[contains(text(),'AGCO Cannabis Retail Stores')]' not found)
	at com.kms.katalon.core.keyword.internal.KeywordMain.stepFailed(KeywordMain.groovy:36)
	at com.kms.katalon.core.webui.keyword.internal.WebUIKeywordMain.stepFailed(WebUIKeywordMain.groovy:65)
	at com.kms.katalon.core.webui.keyword.internal.WebUIKeywordMain.runKeyword(WebUIKeywordMain.groovy:27)
	at com.kms.katalon.core.webui.keyword.builtin.ClickKeyword.click(ClickKeyword.groovy:86)
	at com.kms.katalon.core.webui.keyword.builtin.ClickKeyword.execute(ClickKeyword.groovy:67)
	at com.kms.katalon.core.keyword.internal.KeywordExecutor.executeKeywordForPlatform(KeywordExecutor.groovy:53)
	at com.kms.katalon.core.webui.keyword.WebUiBuiltInKeywords.click(WebUiBuiltInKeywords.groovy:616)
	at com.kms.katalon.core.webui.keyword.WebUiBuiltInKeywords$click$4.call(Unknown Source)
	at footer.run(footer:30)
	at com.kms.katalon.core.main.ScriptEngine.run(ScriptEngine.java:194)
	at com.kms.katalon.core.main.ScriptEngine.runScriptAsRawText(ScriptEngine.java:119)
	at com.kms.katalon.core.main.TestCaseExecutor.runScript(TestCaseExecutor.java:328)
	at com.kms.katalon.core.main.TestCaseExecutor.doExecute(TestCaseExecutor.java:319)
	at com.kms.katalon.core.main.TestCaseExecutor.processExecutionPhase(TestCaseExecutor.java:298)
	at com.kms.katalon.core.main.TestCaseExecutor.accessMainPhase(TestCaseExecutor.java:290)
	at com.kms.katalon.core.main.TestCaseExecutor.execute(TestCaseExecutor.java:224)
	at com.kms.katalon.core.main.TestSuiteExecutor.accessTestCaseMainPhase(TestSuiteExecutor.java:129)
	at com.kms.katalon.core.main.TestSuiteExecutor.accessTestSuiteMainPhase(TestSuiteExecutor.java:112)
	at com.kms.katalon.core.main.TestSuiteExecutor.execute(TestSuiteExecutor.java:81)
	at com.kms.katalon.core.main.TestCaseMain.startTestSuite(TestCaseMain.java:149)
	at com.kms.katalon.core.main.TestCaseMain$startTestSuite$0.call(Unknown Source)
	at TempTestSuite1563918963353.run(TempTestSuite1563918963353.groovy:36)
"/>
         <system-out><![CDATA[2019-07-23 18:32:36 - [TEST_CASE][FAILED] - Test Cases/OCS - DESKTOP/OCS- HOME PAGE/footer: Test Cases/OCS - DESKTOP/OCS- HOME PAGE/footer FAILED.
Reason:
com.kms.katalon.core.exception.StepFailedException: Unable to click on object 'Object Repository/OCS-DESKTOP/Home - page/AGCO Cannabis retail stores' (Root cause: com.kms.katalon.core.webui.exception.WebElementNotFoundException: Web element with id: 'Object Repository/OCS-DESKTOP/Home - page/AGCO Cannabis retail stores' located by 'By.xpath: //a[contains(text(),'AGCO Cannabis Retail Stores')]' not found)
	at com.kms.katalon.core.keyword.internal.KeywordMain.stepFailed(KeywordMain.groovy:36)
	at com.kms.katalon.core.webui.keyword.internal.WebUIKeywordMain.stepFailed(WebUIKeywordMain.groovy:65)
	at com.kms.katalon.core.webui.keyword.internal.WebUIKeywordMain.runKeyword(WebUIKeywordMain.groovy:27)
	at com.kms.katalon.core.webui.keyword.builtin.ClickKeyword.click(ClickKeyword.groovy:86)
	at com.kms.katalon.core.webui.keyword.builtin.ClickKeyword.execute(ClickKeyword.groovy:67)
	at com.kms.katalon.core.keyword.internal.KeywordExecutor.executeKeywordForPlatform(KeywordExecutor.groovy:53)
	at com.kms.katalon.core.webui.keyword.WebUiBuiltInKeywords.click(WebUiBuiltInKeywords.groovy:616)
	at com.kms.katalon.core.webui.keyword.WebUiBuiltInKeywords$click$4.call(Unknown Source)
	at footer.run(footer:30)
	at com.kms.katalon.core.main.ScriptEngine.run(ScriptEngine.java:194)
	at com.kms.katalon.core.main.ScriptEngine.runScriptAsRawText(ScriptEngine.java:119)
	at com.kms.katalon.core.main.TestCaseExecutor.runScript(TestCaseExecutor.java:328)
	at com.kms.katalon.core.main.TestCaseExecutor.doExecute(TestCaseExecutor.java:319)
	at com.kms.katalon.core.main.TestCaseExecutor.processExecutionPhase(TestCaseExecutor.java:298)
	at com.kms.katalon.core.main.TestCaseExecutor.accessMainPhase(TestCaseExecutor.java:290)
	at com.kms.katalon.core.main.TestCaseExecutor.execute(TestCaseExecutor.java:224)
	at com.kms.katalon.core.main.TestSuiteExecutor.accessTestCaseMainPhase(TestSuiteExecutor.java:129)
	at com.kms.katalon.core.main.TestSuiteExecutor.accessTestSuiteMainPhase(TestSuiteExecutor.java:112)
	at com.kms.katalon.core.main.TestSuiteExecutor.execute(TestSuiteExecutor.java:81)
	at com.kms.katalon.core.main.TestCaseMain.startTestSuite(TestCaseMain.java:149)
	at com.kms.katalon.core.main.TestCaseMain$startTestSuite$0.call(Unknown Source)
	at TempTestSuite1563918963353.run(TempTestSuite1563918963353.groovy:36)


2019-07-23 18:32:36 - [TEST_STEP][PASSED] - callTestCase(findTestCase("OCS - DESKTOP/CALL- Age gate"), [:], STOP_ON_FAILURE): Call Test Case 'Test Cases/OCS - DESKTOP/CALL- Age gate' successfully

2019-07-23 18:32:36 - [TEST_CASE][PASSED] - Test Cases/OCS - DESKTOP/CALL- Age gate: Test Cases/OCS - DESKTOP/CALL- Age gate

2019-07-23 18:32:37 - [TEST_STEP][PASSED] - openBrowser(""): Browser is opened with url: ''

2019-07-23 18:32:37 - [MESSAGE][WARNING] - A browser is already opened. Closing browser and opening a new one

2019-07-23 18:32:37 - [MESSAGE][INFO] - Starting 'Chrome' driver

2019-07-23 18:32:38 - [MESSAGE][PASSED] - Browser is opened with url: ''

2019-07-23 18:32:38 - [TEST_STEP][PASSED] - navigateToUrl("https://ocs.ca/?fts=0&preview_theme_id=74209363788"): Navigate to 'https://ocs.ca/?fts=0&preview_theme_id=74209363788' successfully

2019-07-23 18:32:42 - [MESSAGE][PASSED] - Navigate to 'https://ocs.ca/?fts=0&preview_theme_id=74209363788' successfully

2019-07-23 18:32:42 - [TEST_STEP][PASSED] - maximizeWindow(): Current window maximized

2019-07-23 18:32:42 - [MESSAGE][PASSED] - Current window maximized

2019-07-23 18:32:42 - [TEST_STEP][PASSED] - delay(2): Delayed 2 second(s)

2019-07-23 18:32:44 - [MESSAGE][PASSED] - Delayed 2 second(s)

2019-07-23 18:32:44 - [TEST_STEP][PASSED] - executeJavaScript("var previewBar = document.getElementById("preview-bar-iframe"); previewBar.style.display = "none";", []): Execute JavaScript 'var previewBar = document.getElementById("preview-bar-iframe"); previewBar.style.display = "none";' successfully

2019-07-23 18:32:44 - [MESSAGE][PASSED] - Execute JavaScript 'var previewBar = document.getElementById("preview-bar-iframe"); previewBar.style.display = "none";' successfully

2019-07-23 18:32:44 - [TEST_STEP][PASSED] - selectOptionByValue(findTestObject("OCS-DESKTOP/Age gate and Mega menu/Date"), "12", true): All options with value '12' are selected in object 'Object Repository/OCS-DESKTOP/Age gate and Mega menu/Date'  using regular expression

2019-07-23 18:32:45 - [MESSAGE][PASSED] - All options with value '12' are selected in object 'Object Repository/OCS-DESKTOP/Age gate and Mega menu/Date'  using regular expression

2019-07-23 18:32:45 - [TEST_STEP][PASSED] - selectOptionByValue(findTestObject("OCS-DESKTOP/Age gate and Mega menu/month"), "6", true): All options with value '6' are selected in object 'Object Repository/OCS-DESKTOP/Age gate and Mega menu/month'  using regular expression

2019-07-23 18:32:45 - [MESSAGE][PASSED] - All options with value '6' are selected in object 'Object Repository/OCS-DESKTOP/Age gate and Mega menu/month'  using regular expression

2019-07-23 18:32:45 - [TEST_STEP][PASSED] - delay(2): Delayed 2 second(s)

2019-07-23 18:32:47 - [MESSAGE][PASSED] - Delayed 2 second(s)

2019-07-23 18:32:47 - [TEST_STEP][PASSED] - selectOptionByValue(findTestObject("OCS-DESKTOP/Age gate and Mega menu/Year Dropdown"), "1990", true): All options with value '1990' are selected in object 'Object Repository/OCS-DESKTOP/Age gate and Mega menu/Year Dropdown'  using regular expression

2019-07-23 18:32:48 - [MESSAGE][PASSED] - All options with value '1990' are selected in object 'Object Repository/OCS-DESKTOP/Age gate and Mega menu/Year Dropdown'  using regular expression

2019-07-23 18:32:48 - [TEST_STEP][PASSED] - click(findTestObject("OCS-DESKTOP/Age gate and Mega menu/button_Verify")): Object: 'Object Repository/OCS-DESKTOP/Age gate and Mega menu/button_Verify' is clicked on

2019-07-23 18:32:48 - [MESSAGE][PASSED] - Object: 'Object Repository/OCS-DESKTOP/Age gate and Mega menu/button_Verify' is clicked on

2019-07-23 18:32:48 - [TEST_STEP][PASSED] - click(findTestObject("OCS-DESKTOP/Age gate and Mega menu/Checkbox_CONFIRM AND ACKNOWLEDGE")): Object: 'Object Repository/OCS-DESKTOP/Age gate and Mega menu/Checkbox_CONFIRM AND ACKNOWLEDGE' is clicked on

2019-07-23 18:32:48 - [MESSAGE][PASSED] - Object: 'Object Repository/OCS-DESKTOP/Age gate and Mega menu/Checkbox_CONFIRM AND ACKNOWLEDGE' is clicked on

2019-07-23 18:32:48 - [TEST_STEP][PASSED] - click(findTestObject("OCS-DESKTOP/Age gate and Mega menu/button_CONFIRM")): Object: 'Object Repository/OCS-DESKTOP/Age gate and Mega menu/button_CONFIRM' is clicked on

2019-07-23 18:32:48 - [MESSAGE][PASSED] - Object: 'Object Repository/OCS-DESKTOP/Age gate and Mega menu/button_CONFIRM' is clicked on

2019-07-23 18:32:48 - [TEST_STEP][PASSED] - click(findTestObject("OCS-DESKTOP/Age gate and Mega menu/button_Start Browsing")): Object: 'Object Repository/OCS-DESKTOP/Age gate and Mega menu/button_Start Browsing' is clicked on

2019-07-23 18:32:49 - [MESSAGE][PASSED] - Object: 'Object Repository/OCS-DESKTOP/Age gate and Mega menu/button_Start Browsing' is clicked on

2019-07-23 18:32:49 - [TEST_STEP][PASSED] - delay(2): Delayed 2 second(s)

2019-07-23 18:32:51 - [MESSAGE][PASSED] - Delayed 2 second(s)

2019-07-23 18:32:51 - [TEST_STEP][PASSED] - refresh(): Refresh successfully

2019-07-23 18:32:51 - [MESSAGE][PASSED] - Refresh successfully

2019-07-23 18:32:51 - [MESSAGE][PASSED] - Call Test Case 'Test Cases/OCS - DESKTOP/CALL- Age gate' successfully

2019-07-23 18:32:51 - [TEST_STEP][PASSED] - delay(2): Delayed 2 second(s)

2019-07-23 18:32:53 - [MESSAGE][PASSED] - Delayed 2 second(s)

2019-07-23 18:32:53 - [TEST_STEP][PASSED] - executeJavaScript("var previewBar = document.getElementById("preview-bar-iframe"); previewBar.style.display = "none";", []): Execute JavaScript 'var previewBar = document.getElementById("preview-bar-iframe"); previewBar.style.display = "none";' successfully

2019-07-23 18:32:54 - [MESSAGE][PASSED] - Execute JavaScript 'var previewBar = document.getElementById("preview-bar-iframe"); previewBar.style.display = "none";' successfully

2019-07-23 18:32:54 - [TEST_STEP][PASSED] - click(findTestObject("OCS-DESKTOP/Home - page/Return Policy")): Object: 'Object Repository/OCS-DESKTOP/Home - page/Return Policy' is clicked on

2019-07-23 18:32:56 - [MESSAGE][PASSED] - Object: 'Object Repository/OCS-DESKTOP/Home - page/Return Policy' is clicked on

2019-07-23 18:32:56 - [TEST_STEP][PASSED] - executeJavaScript("var previewBar = document.getElementById("preview-bar-iframe"); previewBar.style.display = "none";", []): Execute JavaScript 'var previewBar = document.getElementById("preview-bar-iframe"); previewBar.style.display = "none";' successfully

2019-07-23 18:32:56 - [MESSAGE][PASSED] - Execute JavaScript 'var previewBar = document.getElementById("preview-bar-iframe"); previewBar.style.display = "none";' successfully

2019-07-23 18:32:56 - [TEST_STEP][PASSED] - delay(2, OPTIONAL): Delayed 2 second(s)

2019-07-23 18:32:58 - [MESSAGE][PASSED] - Delayed 2 second(s)

2019-07-23 18:32:58 - [TEST_STEP][FAILED] - click(findTestObject("OCS-DESKTOP/Home - page/AGCO Cannabis retail stores")): click(findTestObject("OCS-DESKTOP/Home - page/AGCO Cannabis retail stores")) FAILED.
Reason:
com.kms.katalon.core.exception.StepFailedException: Unable to click on object 'Object Repository/OCS-DESKTOP/Home - page/AGCO Cannabis retail stores' (Root cause: com.kms.katalon.core.webui.exception.WebElementNotFoundException: Web element with id: 'Object Repository/OCS-DESKTOP/Home - page/AGCO Cannabis retail stores' located by 'By.xpath: //a[contains(text(),'AGCO Cannabis Retail Stores')]' not found)
	at com.kms.katalon.core.keyword.internal.KeywordMain.stepFailed(KeywordMain.groovy:36)
	at com.kms.katalon.core.webui.keyword.internal.WebUIKeywordMain.stepFailed(WebUIKeywordMain.groovy:65)
	at com.kms.katalon.core.webui.keyword.internal.WebUIKeywordMain.runKeyword(WebUIKeywordMain.groovy:27)
	at com.kms.katalon.core.webui.keyword.builtin.ClickKeyword.click(ClickKeyword.groovy:86)
	at com.kms.katalon.core.webui.keyword.builtin.ClickKeyword.execute(ClickKeyword.groovy:67)
	at com.kms.katalon.core.keyword.internal.KeywordExecutor.executeKeywordForPlatform(KeywordExecutor.groovy:53)
	at com.kms.katalon.core.webui.keyword.WebUiBuiltInKeywords.click(WebUiBuiltInKeywords.groovy:616)
	at com.kms.katalon.core.webui.keyword.WebUiBuiltInKeywords$click$4.call(Unknown Source)
	at footer.run(footer:30)
	at com.kms.katalon.core.main.ScriptEngine.run(ScriptEngine.java:194)
	at com.kms.katalon.core.main.ScriptEngine.runScriptAsRawText(ScriptEngine.java:119)
	at com.kms.katalon.core.main.TestCaseExecutor.runScript(TestCaseExecutor.java:328)
	at com.kms.katalon.core.main.TestCaseExecutor.doExecute(TestCaseExecutor.java:319)
	at com.kms.katalon.core.main.TestCaseExecutor.processExecutionPhase(TestCaseExecutor.java:298)
	at com.kms.katalon.core.main.TestCaseExecutor.accessMainPhase(TestCaseExecutor.java:290)
	at com.kms.katalon.core.main.TestCaseExecutor.execute(TestCaseExecutor.java:224)
	at com.kms.katalon.core.main.TestSuiteExecutor.accessTestCaseMainPhase(TestSuiteExecutor.java:129)
	at com.kms.katalon.core.main.TestSuiteExecutor.accessTestSuiteMainPhase(TestSuiteExecutor.java:112)
	at com.kms.katalon.core.main.TestSuiteExecutor.execute(TestSuiteExecutor.java:81)
	at com.kms.katalon.core.main.TestCaseMain.startTestSuite(TestCaseMain.java:149)
	at com.kms.katalon.core.main.TestCaseMain$startTestSuite$0.call(Unknown Source)
	at TempTestSuite1563918963353.run(TempTestSuite1563918963353.groovy:36)


2019-07-23 18:33:29 - [MESSAGE][INFO] - Unable to find the element located by 'By.xpath: //a[contains(text(),'AGCO Cannabis Retail Stores')]'. Please recheck the objects properties to make sure the desired element is located. 

2019-07-23 18:33:30 - [MESSAGE][FAILED] - Unable to click on object 'Object Repository/OCS-DESKTOP/Home - page/AGCO Cannabis retail stores' (Root cause: com.kms.katalon.core.webui.exception.WebElementNotFoundException: Web element with id: 'Object Repository/OCS-DESKTOP/Home - page/AGCO Cannabis retail stores' located by 'By.xpath: //a[contains(text(),'AGCO Cannabis Retail Stores')]' not found)
[[ATTACHMENT|/Users/sumankompelly/git/OCS--Relative-xpath-Desktop/Reports/Suite - Chrome/20190723_175603/1563921209760.png]]

2019-07-23 18:33:30 - [MESSAGE][FAILED] - click(findTestObject("OCS-DESKTOP/Home - page/AGCO Cannabis retail stores")) FAILED.
Reason:
com.kms.katalon.core.exception.StepFailedException: Unable to click on object 'Object Repository/OCS-DESKTOP/Home - page/AGCO Cannabis retail stores' (Root cause: com.kms.katalon.core.webui.exception.WebElementNotFoundException: Web element with id: 'Object Repository/OCS-DESKTOP/Home - page/AGCO Cannabis retail stores' located by 'By.xpath: //a[contains(text(),'AGCO Cannabis Retail Stores')]' not found)
	at com.kms.katalon.core.keyword.internal.KeywordMain.stepFailed(KeywordMain.groovy:36)
	at com.kms.katalon.core.webui.keyword.internal.WebUIKeywordMain.stepFailed(WebUIKeywordMain.groovy:65)
	at com.kms.katalon.core.webui.keyword.internal.WebUIKeywordMain.runKeyword(WebUIKeywordMain.groovy:27)
	at com.kms.katalon.core.webui.keyword.builtin.ClickKeyword.click(ClickKeyword.groovy:86)
	at com.kms.katalon.core.webui.keyword.builtin.ClickKeyword.execute(ClickKeyword.groovy:67)
	at com.kms.katalon.core.keyword.internal.KeywordExecutor.executeKeywordForPlatform(KeywordExecutor.groovy:53)
	at com.kms.katalon.core.webui.keyword.WebUiBuiltInKeywords.click(WebUiBuiltInKeywords.groovy:616)
	at com.kms.katalon.core.webui.keyword.WebUiBuiltInKeywords$click$4.call(Unknown Source)
	at footer.run(footer:30)
	at com.kms.katalon.core.main.ScriptEngine.run(ScriptEngine.java:194)
	at com.kms.katalon.core.main.ScriptEngine.runScriptAsRawText(ScriptEngine.java:119)
	at com.kms.katalon.core.main.TestCaseExecutor.runScript(TestCaseExecutor.java:328)
	at com.kms.katalon.core.main.TestCaseExecutor.doExecute(TestCaseExecutor.java:319)
	at com.kms.katalon.core.main.TestCaseExecutor.processExecutionPhase(TestCaseExecutor.java:298)
	at com.kms.katalon.core.main.TestCaseExecutor.accessMainPhase(TestCaseExecutor.java:290)
	at com.kms.katalon.core.main.TestCaseExecutor.execute(TestCaseExecutor.java:224)
	at com.kms.katalon.core.main.TestSuiteExecutor.accessTestCaseMainPhase(TestSuiteExecutor.java:129)
	at com.kms.katalon.core.main.TestSuiteExecutor.accessTestSuiteMainPhase(TestSuiteExecutor.java:112)
	at com.kms.katalon.core.main.TestSuiteExecutor.execute(TestSuiteExecutor.java:81)
	at com.kms.katalon.core.main.TestCaseMain.startTestSuite(TestCaseMain.java:149)
	at com.kms.katalon.core.main.TestCaseMain$startTestSuite$0.call(Unknown Source)
	at TempTestSuite1563918963353.run(TempTestSuite1563918963353.groovy:36)]]></system-out>
         <system-err><![CDATA[2019-07-23 18:32:36 - [TEST_CASE][FAILED] - Test Cases/OCS - DESKTOP/OCS- HOME PAGE/footer: Test Cases/OCS - DESKTOP/OCS- HOME PAGE/footer FAILED.
Reason:
com.kms.katalon.core.exception.StepFailedException: Unable to click on object 'Object Repository/OCS-DESKTOP/Home - page/AGCO Cannabis retail stores' (Root cause: com.kms.katalon.core.webui.exception.WebElementNotFoundException: Web element with id: 'Object Repository/OCS-DESKTOP/Home - page/AGCO Cannabis retail stores' located by 'By.xpath: //a[contains(text(),'AGCO Cannabis Retail Stores')]' not found)
	at com.kms.katalon.core.keyword.internal.KeywordMain.stepFailed(KeywordMain.groovy:36)
	at com.kms.katalon.core.webui.keyword.internal.WebUIKeywordMain.stepFailed(WebUIKeywordMain.groovy:65)
	at com.kms.katalon.core.webui.keyword.internal.WebUIKeywordMain.runKeyword(WebUIKeywordMain.groovy:27)
	at com.kms.katalon.core.webui.keyword.builtin.ClickKeyword.click(ClickKeyword.groovy:86)
	at com.kms.katalon.core.webui.keyword.builtin.ClickKeyword.execute(ClickKeyword.groovy:67)
	at com.kms.katalon.core.keyword.internal.KeywordExecutor.executeKeywordForPlatform(KeywordExecutor.groovy:53)
	at com.kms.katalon.core.webui.keyword.WebUiBuiltInKeywords.click(WebUiBuiltInKeywords.groovy:616)
	at com.kms.katalon.core.webui.keyword.WebUiBuiltInKeywords$click$4.call(Unknown Source)
	at footer.run(footer:30)
	at com.kms.katalon.core.main.ScriptEngine.run(ScriptEngine.java:194)
	at com.kms.katalon.core.main.ScriptEngine.runScriptAsRawText(ScriptEngine.java:119)
	at com.kms.katalon.core.main.TestCaseExecutor.runScript(TestCaseExecutor.java:328)
	at com.kms.katalon.core.main.TestCaseExecutor.doExecute(TestCaseExecutor.java:319)
	at com.kms.katalon.core.main.TestCaseExecutor.processExecutionPhase(TestCaseExecutor.java:298)
	at com.kms.katalon.core.main.TestCaseExecutor.accessMainPhase(TestCaseExecutor.java:290)
	at com.kms.katalon.core.main.TestCaseExecutor.execute(TestCaseExecutor.java:224)
	at com.kms.katalon.core.main.TestSuiteExecutor.accessTestCaseMainPhase(TestSuiteExecutor.java:129)
	at com.kms.katalon.core.main.TestSuiteExecutor.accessTestSuiteMainPhase(TestSuiteExecutor.java:112)
	at com.kms.katalon.core.main.TestSuiteExecutor.execute(TestSuiteExecutor.java:81)
	at com.kms.katalon.core.main.TestCaseMain.startTestSuite(TestCaseMain.java:149)
	at com.kms.katalon.core.main.TestCaseMain$startTestSuite$0.call(Unknown Source)
	at TempTestSuite1563918963353.run(TempTestSuite1563918963353.groovy:36)]]></system-err>
      </testcase>
      <testcase name="Test Cases/OCS - DESKTOP/OCS- HOME PAGE/why trust OCS" classname="Test Cases/OCS - DESKTOP/OCS- HOME PAGE/why trust OCS" status="PASSED">
         <system-out><![CDATA[2019-07-23 18:33:30 - [TEST_CASE][PASSED] - Test Cases/OCS - DESKTOP/OCS- HOME PAGE/why trust OCS: Test Cases/OCS - DESKTOP/OCS- HOME PAGE/why trust OCS

2019-07-23 18:33:30 - [TEST_STEP][PASSED] - callTestCase(findTestCase("OCS - DESKTOP/CALL- Age gate"), [:], STOP_ON_FAILURE): Call Test Case 'Test Cases/OCS - DESKTOP/CALL- Age gate' successfully

2019-07-23 18:33:30 - [TEST_CASE][PASSED] - Test Cases/OCS - DESKTOP/CALL- Age gate: Test Cases/OCS - DESKTOP/CALL- Age gate

2019-07-23 18:33:30 - [TEST_STEP][PASSED] - openBrowser(""): Browser is opened with url: ''

2019-07-23 18:33:30 - [MESSAGE][WARNING] - A browser is already opened. Closing browser and opening a new one

2019-07-23 18:33:30 - [MESSAGE][INFO] - Starting 'Chrome' driver

2019-07-23 18:33:31 - [MESSAGE][PASSED] - Browser is opened with url: ''

2019-07-23 18:33:31 - [TEST_STEP][PASSED] - navigateToUrl("https://ocs.ca/?fts=0&preview_theme_id=74209363788"): Navigate to 'https://ocs.ca/?fts=0&preview_theme_id=74209363788' successfully

2019-07-23 18:33:35 - [MESSAGE][PASSED] - Navigate to 'https://ocs.ca/?fts=0&preview_theme_id=74209363788' successfully

2019-07-23 18:33:35 - [TEST_STEP][PASSED] - maximizeWindow(): Current window maximized

2019-07-23 18:33:35 - [MESSAGE][PASSED] - Current window maximized

2019-07-23 18:33:35 - [TEST_STEP][PASSED] - delay(2): Delayed 2 second(s)

2019-07-23 18:33:37 - [MESSAGE][PASSED] - Delayed 2 second(s)

2019-07-23 18:33:37 - [TEST_STEP][PASSED] - executeJavaScript("var previewBar = document.getElementById("preview-bar-iframe"); previewBar.style.display = "none";", []): Execute JavaScript 'var previewBar = document.getElementById("preview-bar-iframe"); previewBar.style.display = "none";' successfully

2019-07-23 18:33:37 - [MESSAGE][PASSED] - Execute JavaScript 'var previewBar = document.getElementById("preview-bar-iframe"); previewBar.style.display = "none";' successfully

2019-07-23 18:33:37 - [TEST_STEP][PASSED] - selectOptionByValue(findTestObject("OCS-DESKTOP/Age gate and Mega menu/Date"), "12", true): All options with value '12' are selected in object 'Object Repository/OCS-DESKTOP/Age gate and Mega menu/Date'  using regular expression

2019-07-23 18:33:38 - [MESSAGE][PASSED] - All options with value '12' are selected in object 'Object Repository/OCS-DESKTOP/Age gate and Mega menu/Date'  using regular expression

2019-07-23 18:33:38 - [TEST_STEP][PASSED] - selectOptionByValue(findTestObject("OCS-DESKTOP/Age gate and Mega menu/month"), "6", true): All options with value '6' are selected in object 'Object Repository/OCS-DESKTOP/Age gate and Mega menu/month'  using regular expression

2019-07-23 18:33:38 - [MESSAGE][PASSED] - All options with value '6' are selected in object 'Object Repository/OCS-DESKTOP/Age gate and Mega menu/month'  using regular expression

2019-07-23 18:33:38 - [TEST_STEP][PASSED] - delay(2): Delayed 2 second(s)

2019-07-23 18:33:40 - [MESSAGE][PASSED] - Delayed 2 second(s)

2019-07-23 18:33:40 - [TEST_STEP][PASSED] - selectOptionByValue(findTestObject("OCS-DESKTOP/Age gate and Mega menu/Year Dropdown"), "1990", true): All options with value '1990' are selected in object 'Object Repository/OCS-DESKTOP/Age gate and Mega menu/Year Dropdown'  using regular expression

2019-07-23 18:33:41 - [MESSAGE][PASSED] - All options with value '1990' are selected in object 'Object Repository/OCS-DESKTOP/Age gate and Mega menu/Year Dropdown'  using regular expression

2019-07-23 18:33:41 - [TEST_STEP][PASSED] - click(findTestObject("OCS-DESKTOP/Age gate and Mega menu/button_Verify")): Object: 'Object Repository/OCS-DESKTOP/Age gate and Mega menu/button_Verify' is clicked on

2019-07-23 18:33:41 - [MESSAGE][PASSED] - Object: 'Object Repository/OCS-DESKTOP/Age gate and Mega menu/button_Verify' is clicked on

2019-07-23 18:33:41 - [TEST_STEP][PASSED] - click(findTestObject("OCS-DESKTOP/Age gate and Mega menu/Checkbox_CONFIRM AND ACKNOWLEDGE")): Object: 'Object Repository/OCS-DESKTOP/Age gate and Mega menu/Checkbox_CONFIRM AND ACKNOWLEDGE' is clicked on

2019-07-23 18:33:41 - [MESSAGE][PASSED] - Object: 'Object Repository/OCS-DESKTOP/Age gate and Mega menu/Checkbox_CONFIRM AND ACKNOWLEDGE' is clicked on

2019-07-23 18:33:41 - [TEST_STEP][PASSED] - click(findTestObject("OCS-DESKTOP/Age gate and Mega menu/button_CONFIRM")): Object: 'Object Repository/OCS-DESKTOP/Age gate and Mega menu/button_CONFIRM' is clicked on

2019-07-23 18:33:42 - [MESSAGE][PASSED] - Object: 'Object Repository/OCS-DESKTOP/Age gate and Mega menu/button_CONFIRM' is clicked on

2019-07-23 18:33:42 - [TEST_STEP][PASSED] - click(findTestObject("OCS-DESKTOP/Age gate and Mega menu/button_Start Browsing")): Object: 'Object Repository/OCS-DESKTOP/Age gate and Mega menu/button_Start Browsing' is clicked on

2019-07-23 18:33:42 - [MESSAGE][PASSED] - Object: 'Object Repository/OCS-DESKTOP/Age gate and Mega menu/button_Start Browsing' is clicked on

2019-07-23 18:33:42 - [TEST_STEP][PASSED] - delay(2): Delayed 2 second(s)

2019-07-23 18:33:44 - [MESSAGE][PASSED] - Delayed 2 second(s)

2019-07-23 18:33:44 - [TEST_STEP][PASSED] - refresh(): Refresh successfully

2019-07-23 18:33:44 - [MESSAGE][PASSED] - Refresh successfully

2019-07-23 18:33:44 - [MESSAGE][PASSED] - Call Test Case 'Test Cases/OCS - DESKTOP/CALL- Age gate' successfully

2019-07-23 18:33:44 - [TEST_STEP][PASSED] - delay(2): Delayed 2 second(s)

2019-07-23 18:33:46 - [MESSAGE][PASSED] - Delayed 2 second(s)

2019-07-23 18:33:46 - [TEST_STEP][PASSED] - executeJavaScript("var previewBar = document.getElementById("preview-bar-iframe"); previewBar.style.display = "none";", []): Execute JavaScript 'var previewBar = document.getElementById("preview-bar-iframe"); previewBar.style.display = "none";' successfully

2019-07-23 18:33:47 - [MESSAGE][PASSED] - Execute JavaScript 'var previewBar = document.getElementById("preview-bar-iframe"); previewBar.style.display = "none";' successfully

2019-07-23 18:33:47 - [TEST_STEP][PASSED] - delay(1, OPTIONAL): Delayed 1 second(s)

2019-07-23 18:33:48 - [MESSAGE][PASSED] - Delayed 1 second(s)

2019-07-23 18:33:48 - [TEST_STEP][PASSED] - click(findTestObject("OCS-DESKTOP/Home - page/Why trust OCS -img")): Object: 'Object Repository/OCS-DESKTOP/Home - page/Why trust OCS -img' is clicked on

2019-07-23 18:33:51 - [MESSAGE][PASSED] - Object: 'Object Repository/OCS-DESKTOP/Home - page/Why trust OCS -img' is clicked on]]></system-out>
         <system-err><![CDATA[]]></system-err>
      </testcase>
      <testcase name="Test Cases/OCS - DESKTOP/OCS- HOME PAGE/How to choose cannabis-learn more" classname="Test Cases/OCS - DESKTOP/OCS- HOME PAGE/How to choose cannabis-learn more" status="PASSED">
         <system-out><![CDATA[2019-07-23 18:33:51 - [TEST_CASE][PASSED] - Test Cases/OCS - DESKTOP/OCS- HOME PAGE/How to choose cannabis-learn more: Test Cases/OCS - DESKTOP/OCS- HOME PAGE/How to choose cannabis-learn more

2019-07-23 18:33:51 - [TEST_STEP][PASSED] - callTestCase(findTestCase("OCS - DESKTOP/CALL- Age gate"), [:], STOP_ON_FAILURE): Call Test Case 'Test Cases/OCS - DESKTOP/CALL- Age gate' successfully

2019-07-23 18:33:51 - [TEST_CASE][PASSED] - Test Cases/OCS - DESKTOP/CALL- Age gate: Test Cases/OCS - DESKTOP/CALL- Age gate

2019-07-23 18:33:51 - [TEST_STEP][PASSED] - openBrowser(""): Browser is opened with url: ''

2019-07-23 18:33:51 - [MESSAGE][WARNING] - A browser is already opened. Closing browser and opening a new one

2019-07-23 18:33:51 - [MESSAGE][INFO] - Starting 'Chrome' driver

2019-07-23 18:33:52 - [MESSAGE][PASSED] - Browser is opened with url: ''

2019-07-23 18:33:52 - [TEST_STEP][PASSED] - navigateToUrl("https://ocs.ca/?fts=0&preview_theme_id=74209363788"): Navigate to 'https://ocs.ca/?fts=0&preview_theme_id=74209363788' successfully

2019-07-23 18:33:58 - [MESSAGE][PASSED] - Navigate to 'https://ocs.ca/?fts=0&preview_theme_id=74209363788' successfully

2019-07-23 18:33:58 - [TEST_STEP][PASSED] - maximizeWindow(): Current window maximized

2019-07-23 18:33:58 - [MESSAGE][PASSED] - Current window maximized

2019-07-23 18:33:58 - [TEST_STEP][PASSED] - delay(2): Delayed 2 second(s)

2019-07-23 18:34:00 - [MESSAGE][PASSED] - Delayed 2 second(s)

2019-07-23 18:34:00 - [TEST_STEP][PASSED] - executeJavaScript("var previewBar = document.getElementById("preview-bar-iframe"); previewBar.style.display = "none";", []): Execute JavaScript 'var previewBar = document.getElementById("preview-bar-iframe"); previewBar.style.display = "none";' successfully

2019-07-23 18:34:00 - [MESSAGE][PASSED] - Execute JavaScript 'var previewBar = document.getElementById("preview-bar-iframe"); previewBar.style.display = "none";' successfully

2019-07-23 18:34:00 - [TEST_STEP][PASSED] - selectOptionByValue(findTestObject("OCS-DESKTOP/Age gate and Mega menu/Date"), "12", true): All options with value '12' are selected in object 'Object Repository/OCS-DESKTOP/Age gate and Mega menu/Date'  using regular expression

2019-07-23 18:34:00 - [MESSAGE][PASSED] - All options with value '12' are selected in object 'Object Repository/OCS-DESKTOP/Age gate and Mega menu/Date'  using regular expression

2019-07-23 18:34:00 - [TEST_STEP][PASSED] - selectOptionByValue(findTestObject("OCS-DESKTOP/Age gate and Mega menu/month"), "6", true): All options with value '6' are selected in object 'Object Repository/OCS-DESKTOP/Age gate and Mega menu/month'  using regular expression

2019-07-23 18:34:00 - [MESSAGE][PASSED] - All options with value '6' are selected in object 'Object Repository/OCS-DESKTOP/Age gate and Mega menu/month'  using regular expression

2019-07-23 18:34:00 - [TEST_STEP][PASSED] - delay(2): Delayed 2 second(s)

2019-07-23 18:34:02 - [MESSAGE][PASSED] - Delayed 2 second(s)

2019-07-23 18:34:02 - [TEST_STEP][PASSED] - selectOptionByValue(findTestObject("OCS-DESKTOP/Age gate and Mega menu/Year Dropdown"), "1990", true): All options with value '1990' are selected in object 'Object Repository/OCS-DESKTOP/Age gate and Mega menu/Year Dropdown'  using regular expression

2019-07-23 18:34:03 - [MESSAGE][PASSED] - All options with value '1990' are selected in object 'Object Repository/OCS-DESKTOP/Age gate and Mega menu/Year Dropdown'  using regular expression

2019-07-23 18:34:03 - [TEST_STEP][PASSED] - click(findTestObject("OCS-DESKTOP/Age gate and Mega menu/button_Verify")): Object: 'Object Repository/OCS-DESKTOP/Age gate and Mega menu/button_Verify' is clicked on

2019-07-23 18:34:04 - [MESSAGE][PASSED] - Object: 'Object Repository/OCS-DESKTOP/Age gate and Mega menu/button_Verify' is clicked on

2019-07-23 18:34:04 - [TEST_STEP][PASSED] - click(findTestObject("OCS-DESKTOP/Age gate and Mega menu/Checkbox_CONFIRM AND ACKNOWLEDGE")): Object: 'Object Repository/OCS-DESKTOP/Age gate and Mega menu/Checkbox_CONFIRM AND ACKNOWLEDGE' is clicked on

2019-07-23 18:34:04 - [MESSAGE][PASSED] - Object: 'Object Repository/OCS-DESKTOP/Age gate and Mega menu/Checkbox_CONFIRM AND ACKNOWLEDGE' is clicked on

2019-07-23 18:34:04 - [TEST_STEP][PASSED] - click(findTestObject("OCS-DESKTOP/Age gate and Mega menu/button_CONFIRM")): Object: 'Object Repository/OCS-DESKTOP/Age gate and Mega menu/button_CONFIRM' is clicked on

2019-07-23 18:34:04 - [MESSAGE][PASSED] - Object: 'Object Repository/OCS-DESKTOP/Age gate and Mega menu/button_CONFIRM' is clicked on

2019-07-23 18:34:04 - [TEST_STEP][PASSED] - click(findTestObject("OCS-DESKTOP/Age gate and Mega menu/button_Start Browsing")): Object: 'Object Repository/OCS-DESKTOP/Age gate and Mega menu/button_Start Browsing' is clicked on

2019-07-23 18:34:04 - [MESSAGE][PASSED] - Object: 'Object Repository/OCS-DESKTOP/Age gate and Mega menu/button_Start Browsing' is clicked on

2019-07-23 18:34:04 - [TEST_STEP][PASSED] - delay(2): Delayed 2 second(s)

2019-07-23 18:34:06 - [MESSAGE][PASSED] - Delayed 2 second(s)

2019-07-23 18:34:06 - [TEST_STEP][PASSED] - refresh(): Refresh successfully

2019-07-23 18:34:06 - [MESSAGE][PASSED] - Refresh successfully

2019-07-23 18:34:06 - [MESSAGE][PASSED] - Call Test Case 'Test Cases/OCS - DESKTOP/CALL- Age gate' successfully

2019-07-23 18:34:06 - [TEST_STEP][PASSED] - delay(2, OPTIONAL): Delayed 2 second(s)

2019-07-23 18:34:08 - [MESSAGE][PASSED] - Delayed 2 second(s)

2019-07-23 18:34:08 - [TEST_STEP][PASSED] - executeJavaScript("var previewBar = document.getElementById("preview-bar-iframe"); previewBar.style.display = "none";", []): Execute JavaScript 'var previewBar = document.getElementById("preview-bar-iframe"); previewBar.style.display = "none";' successfully

2019-07-23 18:34:11 - [MESSAGE][PASSED] - Execute JavaScript 'var previewBar = document.getElementById("preview-bar-iframe"); previewBar.style.display = "none";' successfully

2019-07-23 18:34:11 - [TEST_STEP][PASSED] - click(findTestObject("OCS-DESKTOP/Home - page/a_Learn more- A brief history of cannabis")): Object: 'Object Repository/OCS-DESKTOP/Home - page/a_Learn more- A brief history of cannabis' is clicked on

2019-07-23 18:34:14 - [MESSAGE][PASSED] - Object: 'Object Repository/OCS-DESKTOP/Home - page/a_Learn more- A brief history of cannabis' is clicked on

2019-07-23 18:34:14 - [TEST_STEP][PASSED] - delay(2): Delayed 2 second(s)

2019-07-23 18:34:16 - [MESSAGE][PASSED] - Delayed 2 second(s)

2019-07-23 18:34:16 - [TEST_STEP][NOT_RUN] - click(findTestObject("OCS-DESKTOP/Home - page/OCS icon"), STOP_ON_FAILURE): NOT_RUN: click(findTestObject("OCS-DESKTOP/Home - page/OCS icon"), STOP_ON_FAILURE)

2019-07-23 18:34:16 - [MESSAGE][NOT_RUN] - NOT_RUN: click(findTestObject("OCS-DESKTOP/Home - page/OCS icon"), STOP_ON_FAILURE)

2019-07-23 18:34:16 - [TEST_STEP][PASSED] - back(): Navigate back successfully

2019-07-23 18:34:18 - [MESSAGE][PASSED] - Navigate back successfully

2019-07-23 18:34:18 - [TEST_STEP][PASSED] - delay(2): Delayed 2 second(s)

2019-07-23 18:34:20 - [MESSAGE][PASSED] - Delayed 2 second(s)

2019-07-23 18:34:20 - [TEST_STEP][PASSED] - executeJavaScript("var previewBar = document.getElementById("preview-bar-iframe"); previewBar.style.display = "none";", []): Execute JavaScript 'var previewBar = document.getElementById("preview-bar-iframe"); previewBar.style.display = "none";' successfully

2019-07-23 18:34:20 - [MESSAGE][PASSED] - Execute JavaScript 'var previewBar = document.getElementById("preview-bar-iframe"); previewBar.style.display = "none";' successfully

2019-07-23 18:34:20 - [TEST_STEP][PASSED] - click(findTestObject("OCS-DESKTOP/Home - page/a_Learn more- Tips for responsible use")): Object: 'Object Repository/OCS-DESKTOP/Home - page/a_Learn more- Tips for responsible use' is clicked on

2019-07-23 18:34:24 - [MESSAGE][PASSED] - Object: 'Object Repository/OCS-DESKTOP/Home - page/a_Learn more- Tips for responsible use' is clicked on]]></system-out>
         <system-err><![CDATA[]]></system-err>
      </testcase>
      <testcase name="Test Cases/OCS - DESKTOP/OCS- HOME PAGE/HP -Burger menu-FAQ" classname="Test Cases/OCS - DESKTOP/OCS- HOME PAGE/HP -Burger menu-FAQ" status="PASSED">
         <system-out><![CDATA[2019-07-23 18:34:24 - [TEST_CASE][PASSED] - Test Cases/OCS - DESKTOP/OCS- HOME PAGE/HP -Burger menu-FAQ: Test Cases/OCS - DESKTOP/OCS- HOME PAGE/HP -Burger menu-FAQ

2019-07-23 18:34:24 - [TEST_STEP][PASSED] - callTestCase(findTestCase("OCS - DESKTOP/CALL- Age gate"), [:], STOP_ON_FAILURE): Call Test Case 'Test Cases/OCS - DESKTOP/CALL- Age gate' successfully

2019-07-23 18:34:24 - [TEST_CASE][PASSED] - Test Cases/OCS - DESKTOP/CALL- Age gate: Test Cases/OCS - DESKTOP/CALL- Age gate

2019-07-23 18:34:24 - [TEST_STEP][PASSED] - openBrowser(""): Browser is opened with url: ''

2019-07-23 18:34:24 - [MESSAGE][WARNING] - A browser is already opened. Closing browser and opening a new one

2019-07-23 18:34:24 - [MESSAGE][INFO] - Starting 'Chrome' driver

2019-07-23 18:34:25 - [MESSAGE][PASSED] - Browser is opened with url: ''

2019-07-23 18:34:25 - [TEST_STEP][PASSED] - navigateToUrl("https://ocs.ca/?fts=0&preview_theme_id=74209363788"): Navigate to 'https://ocs.ca/?fts=0&preview_theme_id=74209363788' successfully

2019-07-23 18:34:31 - [MESSAGE][PASSED] - Navigate to 'https://ocs.ca/?fts=0&preview_theme_id=74209363788' successfully

2019-07-23 18:34:31 - [TEST_STEP][PASSED] - maximizeWindow(): Current window maximized

2019-07-23 18:34:31 - [MESSAGE][PASSED] - Current window maximized

2019-07-23 18:34:31 - [TEST_STEP][PASSED] - delay(2): Delayed 2 second(s)

2019-07-23 18:34:33 - [MESSAGE][PASSED] - Delayed 2 second(s)

2019-07-23 18:34:33 - [TEST_STEP][PASSED] - executeJavaScript("var previewBar = document.getElementById("preview-bar-iframe"); previewBar.style.display = "none";", []): Execute JavaScript 'var previewBar = document.getElementById("preview-bar-iframe"); previewBar.style.display = "none";' successfully

2019-07-23 18:34:33 - [MESSAGE][PASSED] - Execute JavaScript 'var previewBar = document.getElementById("preview-bar-iframe"); previewBar.style.display = "none";' successfully

2019-07-23 18:34:33 - [TEST_STEP][PASSED] - selectOptionByValue(findTestObject("OCS-DESKTOP/Age gate and Mega menu/Date"), "12", true): All options with value '12' are selected in object 'Object Repository/OCS-DESKTOP/Age gate and Mega menu/Date'  using regular expression

2019-07-23 18:34:34 - [MESSAGE][PASSED] - All options with value '12' are selected in object 'Object Repository/OCS-DESKTOP/Age gate and Mega menu/Date'  using regular expression

2019-07-23 18:34:34 - [TEST_STEP][PASSED] - selectOptionByValue(findTestObject("OCS-DESKTOP/Age gate and Mega menu/month"), "6", true): All options with value '6' are selected in object 'Object Repository/OCS-DESKTOP/Age gate and Mega menu/month'  using regular expression

2019-07-23 18:34:34 - [MESSAGE][PASSED] - All options with value '6' are selected in object 'Object Repository/OCS-DESKTOP/Age gate and Mega menu/month'  using regular expression

2019-07-23 18:34:34 - [TEST_STEP][PASSED] - delay(2): Delayed 2 second(s)

2019-07-23 18:34:36 - [MESSAGE][PASSED] - Delayed 2 second(s)

2019-07-23 18:34:36 - [TEST_STEP][PASSED] - selectOptionByValue(findTestObject("OCS-DESKTOP/Age gate and Mega menu/Year Dropdown"), "1990", true): All options with value '1990' are selected in object 'Object Repository/OCS-DESKTOP/Age gate and Mega menu/Year Dropdown'  using regular expression

2019-07-23 18:34:37 - [MESSAGE][PASSED] - All options with value '1990' are selected in object 'Object Repository/OCS-DESKTOP/Age gate and Mega menu/Year Dropdown'  using regular expression

2019-07-23 18:34:37 - [TEST_STEP][PASSED] - click(findTestObject("OCS-DESKTOP/Age gate and Mega menu/button_Verify")): Object: 'Object Repository/OCS-DESKTOP/Age gate and Mega menu/button_Verify' is clicked on

2019-07-23 18:34:37 - [MESSAGE][PASSED] - Object: 'Object Repository/OCS-DESKTOP/Age gate and Mega menu/button_Verify' is clicked on

2019-07-23 18:34:37 - [TEST_STEP][PASSED] - click(findTestObject("OCS-DESKTOP/Age gate and Mega menu/Checkbox_CONFIRM AND ACKNOWLEDGE")): Object: 'Object Repository/OCS-DESKTOP/Age gate and Mega menu/Checkbox_CONFIRM AND ACKNOWLEDGE' is clicked on

2019-07-23 18:34:37 - [MESSAGE][PASSED] - Object: 'Object Repository/OCS-DESKTOP/Age gate and Mega menu/Checkbox_CONFIRM AND ACKNOWLEDGE' is clicked on

2019-07-23 18:34:37 - [TEST_STEP][PASSED] - click(findTestObject("OCS-DESKTOP/Age gate and Mega menu/button_CONFIRM")): Object: 'Object Repository/OCS-DESKTOP/Age gate and Mega menu/button_CONFIRM' is clicked on

2019-07-23 18:34:37 - [MESSAGE][PASSED] - Object: 'Object Repository/OCS-DESKTOP/Age gate and Mega menu/button_CONFIRM' is clicked on

2019-07-23 18:34:37 - [TEST_STEP][PASSED] - click(findTestObject("OCS-DESKTOP/Age gate and Mega menu/button_Start Browsing")): Object: 'Object Repository/OCS-DESKTOP/Age gate and Mega menu/button_Start Browsing' is clicked on

2019-07-23 18:34:37 - [MESSAGE][PASSED] - Object: 'Object Repository/OCS-DESKTOP/Age gate and Mega menu/button_Start Browsing' is clicked on

2019-07-23 18:34:37 - [TEST_STEP][PASSED] - delay(2): Delayed 2 second(s)

2019-07-23 18:34:39 - [MESSAGE][PASSED] - Delayed 2 second(s)

2019-07-23 18:34:39 - [TEST_STEP][PASSED] - refresh(): Refresh successfully

2019-07-23 18:34:39 - [MESSAGE][PASSED] - Refresh successfully

2019-07-23 18:34:39 - [MESSAGE][PASSED] - Call Test Case 'Test Cases/OCS - DESKTOP/CALL- Age gate' successfully

2019-07-23 18:34:39 - [TEST_STEP][PASSED] - delay(2): Delayed 2 second(s)

2019-07-23 18:34:41 - [MESSAGE][PASSED] - Delayed 2 second(s)

2019-07-23 18:34:41 - [TEST_STEP][PASSED] - executeJavaScript("var previewBar = document.getElementById("preview-bar-iframe"); previewBar.style.display = "none";", []): Execute JavaScript 'var previewBar = document.getElementById("preview-bar-iframe"); previewBar.style.display = "none";' successfully

2019-07-23 18:34:42 - [MESSAGE][PASSED] - Execute JavaScript 'var previewBar = document.getElementById("preview-bar-iframe"); previewBar.style.display = "none";' successfully

2019-07-23 18:34:42 - [TEST_STEP][PASSED] - delay(2): Delayed 2 second(s)

2019-07-23 18:34:44 - [MESSAGE][PASSED] - Delayed 2 second(s)

2019-07-23 18:34:44 - [TEST_STEP][PASSED] - click(findTestObject("OCS-DESKTOP/Age gate and Mega menu/Header/FAQ menu - En")): Object: 'Object Repository/OCS-DESKTOP/Age gate and Mega menu/Header/FAQ menu - En' is clicked on

2019-07-23 18:34:48 - [MESSAGE][PASSED] - Object: 'Object Repository/OCS-DESKTOP/Age gate and Mega menu/Header/FAQ menu - En' is clicked on

2019-07-23 18:34:48 - [TEST_STEP][PASSED] - delay(2): Delayed 2 second(s)

2019-07-23 18:34:50 - [MESSAGE][PASSED] - Delayed 2 second(s)

2019-07-23 18:34:50 - [TEST_STEP][PASSED] - executeJavaScript("var previewBar = document.getElementById("preview-bar-iframe"); previewBar.style.display = "none";", []): Execute JavaScript 'var previewBar = document.getElementById("preview-bar-iframe"); previewBar.style.display = "none";' successfully

2019-07-23 18:34:50 - [MESSAGE][PASSED] - Execute JavaScript 'var previewBar = document.getElementById("preview-bar-iframe"); previewBar.style.display = "none";' successfully

2019-07-23 18:34:50 - [TEST_STEP][NOT_RUN] - scrollToElement(findTestObject("OCS-MOBILE /FAQ page/scroll view element"), 0): NOT_RUN: scrollToElement(findTestObject("OCS-MOBILE /FAQ page/scroll view element"), 0)

2019-07-23 18:34:50 - [MESSAGE][NOT_RUN] - NOT_RUN: scrollToElement(findTestObject("OCS-MOBILE /FAQ page/scroll view element"), 0)

2019-07-23 18:34:50 - [TEST_STEP][PASSED] - delay(1): Delayed 1 second(s)

2019-07-23 18:34:51 - [MESSAGE][PASSED] - Delayed 1 second(s)

2019-07-23 18:34:51 - [TEST_STEP][PASSED] - click(findTestObject("OCS-DESKTOP/FAQ page/Dropdown button -First chevron -open- FAQ")): Object: 'Object Repository/OCS-DESKTOP/FAQ page/Dropdown button -First chevron -open- FAQ' is clicked on

2019-07-23 18:34:51 - [MESSAGE][PASSED] - Object: 'Object Repository/OCS-DESKTOP/FAQ page/Dropdown button -First chevron -open- FAQ' is clicked on

2019-07-23 18:34:51 - [TEST_STEP][PASSED] - delay(1): Delayed 1 second(s)

2019-07-23 18:34:52 - [MESSAGE][PASSED] - Delayed 1 second(s)

2019-07-23 18:34:52 - [TEST_STEP][PASSED] - click(findTestObject("OCS-DESKTOP/FAQ page/Dropdown button -First chevron - close -FAQ")): Object: 'Object Repository/OCS-DESKTOP/FAQ page/Dropdown button -First chevron - close -FAQ' is clicked on

2019-07-23 18:34:52 - [MESSAGE][PASSED] - Object: 'Object Repository/OCS-DESKTOP/FAQ page/Dropdown button -First chevron - close -FAQ' is clicked on

2019-07-23 18:34:52 - [TEST_STEP][PASSED] - delay(1, OPTIONAL): Delayed 1 second(s)

2019-07-23 18:34:53 - [MESSAGE][PASSED] - Delayed 1 second(s)

2019-07-23 18:34:53 - [TEST_STEP][PASSED] - click(findTestObject("OCS-DESKTOP/FAQ page/First accordian - add")): Object: 'Object Repository/OCS-DESKTOP/FAQ page/First accordian - add' is clicked on

2019-07-23 18:34:53 - [MESSAGE][PASSED] - Object: 'Object Repository/OCS-DESKTOP/FAQ page/First accordian - add' is clicked on

2019-07-23 18:34:53 - [TEST_STEP][PASSED] - delay(1): Delayed 1 second(s)

2019-07-23 18:34:54 - [MESSAGE][PASSED] - Delayed 1 second(s)

2019-07-23 18:34:54 - [TEST_STEP][PASSED] - click(findTestObject("OCS-DESKTOP/FAQ page/First accordian - Subtract")): Object: 'Object Repository/OCS-DESKTOP/FAQ page/First accordian - Subtract' is clicked on

2019-07-23 18:34:55 - [MESSAGE][PASSED] - Object: 'Object Repository/OCS-DESKTOP/FAQ page/First accordian - Subtract' is clicked on

2019-07-23 18:34:55 - [TEST_STEP][PASSED] - delay(1): Delayed 1 second(s)

2019-07-23 18:34:56 - [MESSAGE][PASSED] - Delayed 1 second(s)

2019-07-23 18:34:56 - [TEST_STEP][PASSED] - click(findTestObject("OCS-DESKTOP/FAQ page/Second accordian- add")): Object: 'Object Repository/OCS-DESKTOP/FAQ page/Second accordian- add' is clicked on

2019-07-23 18:34:56 - [MESSAGE][PASSED] - Object: 'Object Repository/OCS-DESKTOP/FAQ page/Second accordian- add' is clicked on

2019-07-23 18:34:56 - [TEST_STEP][PASSED] - delay(1): Delayed 1 second(s)

2019-07-23 18:34:57 - [MESSAGE][PASSED] - Delayed 1 second(s)

2019-07-23 18:34:57 - [TEST_STEP][PASSED] - click(findTestObject("OCS-DESKTOP/FAQ page/Second accordian - subtract")): Object: 'Object Repository/OCS-DESKTOP/FAQ page/Second accordian - subtract' is clicked on

2019-07-23 18:34:57 - [MESSAGE][PASSED] - Object: 'Object Repository/OCS-DESKTOP/FAQ page/Second accordian - subtract' is clicked on

2019-07-23 18:34:57 - [TEST_STEP][PASSED] - delay(1): Delayed 1 second(s)

2019-07-23 18:34:58 - [MESSAGE][PASSED] - Delayed 1 second(s)

2019-07-23 18:34:58 - [TEST_STEP][PASSED] - click(findTestObject("OCS-DESKTOP/FAQ page/Load more1")): Object: 'Object Repository/OCS-DESKTOP/FAQ page/Load more1' is clicked on

2019-07-23 18:34:58 - [MESSAGE][PASSED] - Object: 'Object Repository/OCS-DESKTOP/FAQ page/Load more1' is clicked on

2019-07-23 18:34:58 - [TEST_STEP][PASSED] - delay(1): Delayed 1 second(s)

2019-07-23 18:34:59 - [MESSAGE][PASSED] - Delayed 1 second(s)

2019-07-23 18:34:59 - [TEST_STEP][PASSED] - click(findTestObject("OCS-DESKTOP/FAQ page/Loadmore2")): Object: 'Object Repository/OCS-DESKTOP/FAQ page/Loadmore2' is clicked on

2019-07-23 18:34:59 - [MESSAGE][PASSED] - Object: 'Object Repository/OCS-DESKTOP/FAQ page/Loadmore2' is clicked on

2019-07-23 18:34:59 - [TEST_STEP][PASSED] - delay(1): Delayed 1 second(s)

2019-07-23 18:35:00 - [MESSAGE][PASSED] - Delayed 1 second(s)

2019-07-23 18:35:00 - [TEST_STEP][PASSED] - click(findTestObject("OCS-DESKTOP/FAQ page/Loadmore3")): Object: 'Object Repository/OCS-DESKTOP/FAQ page/Loadmore3' is clicked on

2019-07-23 18:35:00 - [MESSAGE][PASSED] - Object: 'Object Repository/OCS-DESKTOP/FAQ page/Loadmore3' is clicked on

2019-07-23 18:35:00 - [TEST_STEP][PASSED] - delay(1): Delayed 1 second(s)

2019-07-23 18:35:01 - [MESSAGE][PASSED] - Delayed 1 second(s)

2019-07-23 18:35:01 - [TEST_STEP][PASSED] - click(findTestObject("OCS-DESKTOP/FAQ page/Learn about cannabis")): Object: 'Object Repository/OCS-DESKTOP/FAQ page/Learn about cannabis' is clicked on

2019-07-23 18:35:03 - [MESSAGE][PASSED] - Object: 'Object Repository/OCS-DESKTOP/FAQ page/Learn about cannabis' is clicked on

2019-07-23 18:35:03 - [TEST_STEP][PASSED] - delay(1, OPTIONAL): Delayed 1 second(s)

2019-07-23 18:35:04 - [MESSAGE][PASSED] - Delayed 1 second(s)

2019-07-23 18:35:04 - [TEST_STEP][PASSED] - executeJavaScript("var previewBar = document.getElementById("preview-bar-iframe"); previewBar.style.display = "none";", []): Execute JavaScript 'var previewBar = document.getElementById("preview-bar-iframe"); previewBar.style.display = "none";' successfully

2019-07-23 18:35:04 - [MESSAGE][PASSED] - Execute JavaScript 'var previewBar = document.getElementById("preview-bar-iframe"); previewBar.style.display = "none";' successfully

2019-07-23 18:35:04 - [TEST_STEP][PASSED] - click(findTestObject("OCS-DESKTOP/Age gate and Mega menu/Header/FAQ menu - En")): Object: 'Object Repository/OCS-DESKTOP/Age gate and Mega menu/Header/FAQ menu - En' is clicked on

2019-07-23 18:35:08 - [MESSAGE][PASSED] - Object: 'Object Repository/OCS-DESKTOP/Age gate and Mega menu/Header/FAQ menu - En' is clicked on

2019-07-23 18:35:08 - [TEST_STEP][PASSED] - executeJavaScript("var previewBar = document.getElementById("preview-bar-iframe"); previewBar.style.display = "none";", []): Execute JavaScript 'var previewBar = document.getElementById("preview-bar-iframe"); previewBar.style.display = "none";' successfully

2019-07-23 18:35:08 - [MESSAGE][PASSED] - Execute JavaScript 'var previewBar = document.getElementById("preview-bar-iframe"); previewBar.style.display = "none";' successfully

2019-07-23 18:35:08 - [TEST_STEP][PASSED] - click(findTestObject("OCS-DESKTOP/FAQ page/Loadmore4")): Object: 'Object Repository/OCS-DESKTOP/FAQ page/Loadmore4' is clicked on

2019-07-23 18:35:08 - [MESSAGE][PASSED] - Object: 'Object Repository/OCS-DESKTOP/FAQ page/Loadmore4' is clicked on

2019-07-23 18:35:08 - [TEST_STEP][PASSED] - delay(1, OPTIONAL): Delayed 1 second(s)

2019-07-23 18:35:09 - [MESSAGE][PASSED] - Delayed 1 second(s)

2019-07-23 18:35:09 - [TEST_STEP][PASSED] - click(findTestObject("OCS-DESKTOP/FAQ page/Learn about OCS")): Object: 'Object Repository/OCS-DESKTOP/FAQ page/Learn about OCS' is clicked on

2019-07-23 18:35:12 - [MESSAGE][PASSED] - Object: 'Object Repository/OCS-DESKTOP/FAQ page/Learn about OCS' is clicked on

2019-07-23 18:35:12 - [TEST_STEP][PASSED] - back(): Navigate back successfully

2019-07-23 18:35:14 - [MESSAGE][PASSED] - Navigate back successfully

2019-07-23 18:35:14 - [TEST_STEP][PASSED] - delay(1, OPTIONAL): Delayed 1 second(s)

2019-07-23 18:35:15 - [MESSAGE][PASSED] - Delayed 1 second(s)

2019-07-23 18:35:15 - [TEST_STEP][PASSED] - executeJavaScript("var previewBar = document.getElementById("preview-bar-iframe"); previewBar.style.display = "none";", []): Execute JavaScript 'var previewBar = document.getElementById("preview-bar-iframe"); previewBar.style.display = "none";' successfully

2019-07-23 18:35:15 - [MESSAGE][PASSED] - Execute JavaScript 'var previewBar = document.getElementById("preview-bar-iframe"); previewBar.style.display = "none";' successfully

2019-07-23 18:35:15 - [TEST_STEP][PASSED] - click(findTestObject("OCS-DESKTOP/FAQ page/Choose cannabis products")): Object: 'Object Repository/OCS-DESKTOP/FAQ page/Choose cannabis products' is clicked on

2019-07-23 18:35:18 - [MESSAGE][PASSED] - Object: 'Object Repository/OCS-DESKTOP/FAQ page/Choose cannabis products' is clicked on

2019-07-23 18:35:18 - [TEST_STEP][PASSED] - back(): Navigate back successfully

2019-07-23 18:35:19 - [MESSAGE][PASSED] - Navigate back successfully]]></system-out>
         <system-err><![CDATA[]]></system-err>
      </testcase>
      <testcase name="Test Cases/OCS - DESKTOP/OCS- HOME PAGE/HP- Burger menu- Learn" classname="Test Cases/OCS - DESKTOP/OCS- HOME PAGE/HP- Burger menu- Learn" status="PASSED">
         <system-out><![CDATA[2019-07-23 18:35:19 - [TEST_CASE][PASSED] - Test Cases/OCS - DESKTOP/OCS- HOME PAGE/HP- Burger menu- Learn: Test Cases/OCS - DESKTOP/OCS- HOME PAGE/HP- Burger menu- Learn

2019-07-23 18:35:19 - [TEST_STEP][PASSED] - callTestCase(findTestCase("OCS - DESKTOP/CALL- Age gate"), [:], STOP_ON_FAILURE): Call Test Case 'Test Cases/OCS - DESKTOP/CALL- Age gate' successfully

2019-07-23 18:35:19 - [TEST_CASE][PASSED] - Test Cases/OCS - DESKTOP/CALL- Age gate: Test Cases/OCS - DESKTOP/CALL- Age gate

2019-07-23 18:35:19 - [TEST_STEP][PASSED] - openBrowser(""): Browser is opened with url: ''

2019-07-23 18:35:19 - [MESSAGE][WARNING] - A browser is already opened. Closing browser and opening a new one

2019-07-23 18:35:20 - [MESSAGE][INFO] - Starting 'Chrome' driver

2019-07-23 18:35:21 - [MESSAGE][PASSED] - Browser is opened with url: ''

2019-07-23 18:35:21 - [TEST_STEP][PASSED] - navigateToUrl("https://ocs.ca/?fts=0&preview_theme_id=74209363788"): Navigate to 'https://ocs.ca/?fts=0&preview_theme_id=74209363788' successfully

2019-07-23 18:35:26 - [MESSAGE][PASSED] - Navigate to 'https://ocs.ca/?fts=0&preview_theme_id=74209363788' successfully

2019-07-23 18:35:26 - [TEST_STEP][PASSED] - maximizeWindow(): Current window maximized

2019-07-23 18:35:26 - [MESSAGE][PASSED] - Current window maximized

2019-07-23 18:35:26 - [TEST_STEP][PASSED] - delay(2): Delayed 2 second(s)

2019-07-23 18:35:28 - [MESSAGE][PASSED] - Delayed 2 second(s)

2019-07-23 18:35:28 - [TEST_STEP][PASSED] - executeJavaScript("var previewBar = document.getElementById("preview-bar-iframe"); previewBar.style.display = "none";", []): Execute JavaScript 'var previewBar = document.getElementById("preview-bar-iframe"); previewBar.style.display = "none";' successfully

2019-07-23 18:35:28 - [MESSAGE][PASSED] - Execute JavaScript 'var previewBar = document.getElementById("preview-bar-iframe"); previewBar.style.display = "none";' successfully

2019-07-23 18:35:28 - [TEST_STEP][PASSED] - selectOptionByValue(findTestObject("OCS-DESKTOP/Age gate and Mega menu/Date"), "12", true): All options with value '12' are selected in object 'Object Repository/OCS-DESKTOP/Age gate and Mega menu/Date'  using regular expression

2019-07-23 18:35:28 - [MESSAGE][PASSED] - All options with value '12' are selected in object 'Object Repository/OCS-DESKTOP/Age gate and Mega menu/Date'  using regular expression

2019-07-23 18:35:28 - [TEST_STEP][PASSED] - selectOptionByValue(findTestObject("OCS-DESKTOP/Age gate and Mega menu/month"), "6", true): All options with value '6' are selected in object 'Object Repository/OCS-DESKTOP/Age gate and Mega menu/month'  using regular expression

2019-07-23 18:35:29 - [MESSAGE][PASSED] - All options with value '6' are selected in object 'Object Repository/OCS-DESKTOP/Age gate and Mega menu/month'  using regular expression

2019-07-23 18:35:29 - [TEST_STEP][PASSED] - delay(2): Delayed 2 second(s)

2019-07-23 18:35:31 - [MESSAGE][PASSED] - Delayed 2 second(s)

2019-07-23 18:35:31 - [TEST_STEP][PASSED] - selectOptionByValue(findTestObject("OCS-DESKTOP/Age gate and Mega menu/Year Dropdown"), "1990", true): All options with value '1990' are selected in object 'Object Repository/OCS-DESKTOP/Age gate and Mega menu/Year Dropdown'  using regular expression

2019-07-23 18:35:32 - [MESSAGE][PASSED] - All options with value '1990' are selected in object 'Object Repository/OCS-DESKTOP/Age gate and Mega menu/Year Dropdown'  using regular expression

2019-07-23 18:35:32 - [TEST_STEP][PASSED] - click(findTestObject("OCS-DESKTOP/Age gate and Mega menu/button_Verify")): Object: 'Object Repository/OCS-DESKTOP/Age gate and Mega menu/button_Verify' is clicked on

2019-07-23 18:35:32 - [MESSAGE][PASSED] - Object: 'Object Repository/OCS-DESKTOP/Age gate and Mega menu/button_Verify' is clicked on

2019-07-23 18:35:32 - [TEST_STEP][PASSED] - click(findTestObject("OCS-DESKTOP/Age gate and Mega menu/Checkbox_CONFIRM AND ACKNOWLEDGE")): Object: 'Object Repository/OCS-DESKTOP/Age gate and Mega menu/Checkbox_CONFIRM AND ACKNOWLEDGE' is clicked on

2019-07-23 18:35:32 - [MESSAGE][PASSED] - Object: 'Object Repository/OCS-DESKTOP/Age gate and Mega menu/Checkbox_CONFIRM AND ACKNOWLEDGE' is clicked on

2019-07-23 18:35:32 - [TEST_STEP][PASSED] - click(findTestObject("OCS-DESKTOP/Age gate and Mega menu/button_CONFIRM")): Object: 'Object Repository/OCS-DESKTOP/Age gate and Mega menu/button_CONFIRM' is clicked on

2019-07-23 18:35:32 - [MESSAGE][PASSED] - Object: 'Object Repository/OCS-DESKTOP/Age gate and Mega menu/button_CONFIRM' is clicked on

2019-07-23 18:35:32 - [TEST_STEP][PASSED] - click(findTestObject("OCS-DESKTOP/Age gate and Mega menu/button_Start Browsing")): Object: 'Object Repository/OCS-DESKTOP/Age gate and Mega menu/button_Start Browsing' is clicked on

2019-07-23 18:35:32 - [MESSAGE][PASSED] - Object: 'Object Repository/OCS-DESKTOP/Age gate and Mega menu/button_Start Browsing' is clicked on

2019-07-23 18:35:32 - [TEST_STEP][PASSED] - delay(2): Delayed 2 second(s)

2019-07-23 18:35:34 - [MESSAGE][PASSED] - Delayed 2 second(s)

2019-07-23 18:35:34 - [TEST_STEP][PASSED] - refresh(): Refresh successfully

2019-07-23 18:35:34 - [MESSAGE][PASSED] - Refresh successfully

2019-07-23 18:35:34 - [MESSAGE][PASSED] - Call Test Case 'Test Cases/OCS - DESKTOP/CALL- Age gate' successfully

2019-07-23 18:35:34 - [TEST_STEP][PASSED] - delay(2, CONTINUE_ON_FAILURE): Delayed 2 second(s)

2019-07-23 18:35:36 - [MESSAGE][PASSED] - Delayed 2 second(s)

2019-07-23 18:35:36 - [TEST_STEP][PASSED] - click(findTestObject("OCS-DESKTOP/Age gate and Mega menu/Header/LEARN menu - En")): Object: 'Object Repository/OCS-DESKTOP/Age gate and Mega menu/Header/LEARN menu - En' is clicked on

2019-07-23 18:35:37 - [MESSAGE][PASSED] - Object: 'Object Repository/OCS-DESKTOP/Age gate and Mega menu/Header/LEARN menu - En' is clicked on

2019-07-23 18:35:37 - [TEST_STEP][PASSED] - delay(2): Delayed 2 second(s)

2019-07-23 18:35:39 - [MESSAGE][PASSED] - Delayed 2 second(s)

2019-07-23 18:35:39 - [TEST_STEP][PASSED] - click(findTestObject("OCS-DESKTOP/LEARN page/How cannabis works")): Object: 'Object Repository/OCS-DESKTOP/LEARN page/How cannabis works' is clicked on

2019-07-23 18:35:42 - [MESSAGE][PASSED] - Object: 'Object Repository/OCS-DESKTOP/LEARN page/How cannabis works' is clicked on

2019-07-23 18:35:42 - [TEST_STEP][PASSED] - delay(2, CONTINUE_ON_FAILURE): Delayed 2 second(s)

2019-07-23 18:35:44 - [MESSAGE][PASSED] - Delayed 2 second(s)

2019-07-23 18:35:44 - [TEST_STEP][PASSED] - click(findTestObject("OCS-DESKTOP/Age gate and Mega menu/Header/LEARN menu - En")): Object: 'Object Repository/OCS-DESKTOP/Age gate and Mega menu/Header/LEARN menu - En' is clicked on

2019-07-23 18:35:44 - [MESSAGE][PASSED] - Object: 'Object Repository/OCS-DESKTOP/Age gate and Mega menu/Header/LEARN menu - En' is clicked on

2019-07-23 18:35:44 - [TEST_STEP][PASSED] - delay(2, CONTINUE_ON_FAILURE): Delayed 2 second(s)

2019-07-23 18:35:46 - [MESSAGE][PASSED] - Delayed 2 second(s)

2019-07-23 18:35:46 - [TEST_STEP][PASSED] - click(findTestObject("OCS-DESKTOP/LEARN page/The Effects of Cannabis")): Object: 'Object Repository/OCS-DESKTOP/LEARN page/The Effects of Cannabis' is clicked on

2019-07-23 18:35:49 - [MESSAGE][PASSED] - Object: 'Object Repository/OCS-DESKTOP/LEARN page/The Effects of Cannabis' is clicked on

2019-07-23 18:35:49 - [TEST_STEP][PASSED] - verifyTextPresent("The Effects of Cannabis", true): Text 'The Effects of Cannabis' is present on page  using regular expression

2019-07-23 18:35:49 - [MESSAGE][PASSED] - Text 'The Effects of Cannabis' is present on page  using regular expression

2019-07-23 18:35:49 - [TEST_STEP][PASSED] - delay(2): Delayed 2 second(s)

2019-07-23 18:35:51 - [MESSAGE][PASSED] - Delayed 2 second(s)

2019-07-23 18:35:51 - [TEST_STEP][PASSED] - click(findTestObject("OCS-DESKTOP/Age gate and Mega menu/Header/LEARN menu - En"), CONTINUE_ON_FAILURE): Object: 'Object Repository/OCS-DESKTOP/Age gate and Mega menu/Header/LEARN menu - En' is clicked on

2019-07-23 18:35:51 - [MESSAGE][PASSED] - Object: 'Object Repository/OCS-DESKTOP/Age gate and Mega menu/Header/LEARN menu - En' is clicked on

2019-07-23 18:35:51 - [TEST_STEP][PASSED] - delay(2, CONTINUE_ON_FAILURE): Delayed 2 second(s)

2019-07-23 18:35:53 - [MESSAGE][PASSED] - Delayed 2 second(s)

2019-07-23 18:35:53 - [TEST_STEP][PASSED] - click(findTestObject("OCS-DESKTOP/LEARN page/Endocannabinoids chevron")): Object: 'Object Repository/OCS-DESKTOP/LEARN page/Endocannabinoids chevron' is clicked on

2019-07-23 18:35:56 - [MESSAGE][PASSED] - Object: 'Object Repository/OCS-DESKTOP/LEARN page/Endocannabinoids chevron' is clicked on

2019-07-23 18:35:56 - [TEST_STEP][PASSED] - verifyTextPresent("The Endocannabinoid System", true): Text 'The Endocannabinoid System' is present on page  using regular expression

2019-07-23 18:35:56 - [MESSAGE][PASSED] - Text 'The Endocannabinoid System' is present on page  using regular expression

2019-07-23 18:35:56 - [TEST_STEP][PASSED] - delay(2): Delayed 2 second(s)

2019-07-23 18:35:58 - [MESSAGE][PASSED] - Delayed 2 second(s)

2019-07-23 18:35:58 - [TEST_STEP][PASSED] - click(findTestObject("OCS-DESKTOP/Age gate and Mega menu/Header/LEARN menu - En"), CONTINUE_ON_FAILURE): Object: 'Object Repository/OCS-DESKTOP/Age gate and Mega menu/Header/LEARN menu - En' is clicked on

2019-07-23 18:35:58 - [MESSAGE][PASSED] - Object: 'Object Repository/OCS-DESKTOP/Age gate and Mega menu/Header/LEARN menu - En' is clicked on

2019-07-23 18:35:58 - [TEST_STEP][PASSED] - delay(2, CONTINUE_ON_FAILURE): Delayed 2 second(s)

2019-07-23 18:36:00 - [MESSAGE][PASSED] - Delayed 2 second(s)

2019-07-23 18:36:00 - [TEST_STEP][PASSED] - click(findTestObject("OCS-DESKTOP/LEARN page/Read More -1")): Object: 'Object Repository/OCS-DESKTOP/LEARN page/Read More -1' is clicked on

2019-07-23 18:36:02 - [MESSAGE][PASSED] - Object: 'Object Repository/OCS-DESKTOP/LEARN page/Read More -1' is clicked on

2019-07-23 18:36:02 - [TEST_STEP][PASSED] - verifyTextPresent("The human reaction to cannabis.", false): Text 'The human reaction to cannabis.' is present on page 

2019-07-23 18:36:03 - [MESSAGE][PASSED] - Text 'The human reaction to cannabis.' is present on page 

2019-07-23 18:36:03 - [TEST_STEP][PASSED] - delay(2): Delayed 2 second(s)

2019-07-23 18:36:05 - [MESSAGE][PASSED] - Delayed 2 second(s)

2019-07-23 18:36:05 - [TEST_STEP][PASSED] - click(findTestObject("OCS-DESKTOP/Age gate and Mega menu/Header/LEARN menu - En"), CONTINUE_ON_FAILURE): Object: 'Object Repository/OCS-DESKTOP/Age gate and Mega menu/Header/LEARN menu - En' is clicked on

2019-07-23 18:36:05 - [MESSAGE][PASSED] - Object: 'Object Repository/OCS-DESKTOP/Age gate and Mega menu/Header/LEARN menu - En' is clicked on

2019-07-23 18:36:05 - [TEST_STEP][PASSED] - delay(2): Delayed 2 second(s)

2019-07-23 18:36:07 - [MESSAGE][PASSED] - Delayed 2 second(s)

2019-07-23 18:36:07 - [TEST_STEP][PASSED] - click(findTestObject("OCS-DESKTOP/LEARN page/Cannabis anatomy")): Object: 'Object Repository/OCS-DESKTOP/LEARN page/Cannabis anatomy' is clicked on

2019-07-23 18:36:10 - [MESSAGE][PASSED] - Object: 'Object Repository/OCS-DESKTOP/LEARN page/Cannabis anatomy' is clicked on

2019-07-23 18:36:10 - [TEST_STEP][PASSED] - delay(2): Delayed 2 second(s)

2019-07-23 18:36:12 - [MESSAGE][PASSED] - Delayed 2 second(s)

2019-07-23 18:36:12 - [TEST_STEP][PASSED] - click(findTestObject("OCS-DESKTOP/Age gate and Mega menu/Header/LEARN menu - En"), CONTINUE_ON_FAILURE): Object: 'Object Repository/OCS-DESKTOP/Age gate and Mega menu/Header/LEARN menu - En' is clicked on

2019-07-23 18:36:12 - [MESSAGE][PASSED] - Object: 'Object Repository/OCS-DESKTOP/Age gate and Mega menu/Header/LEARN menu - En' is clicked on

2019-07-23 18:36:12 - [TEST_STEP][PASSED] - delay(2): Delayed 2 second(s)

2019-07-23 18:36:14 - [MESSAGE][PASSED] - Delayed 2 second(s)

2019-07-23 18:36:14 - [TEST_STEP][PASSED] - click(findTestObject("OCS-DESKTOP/LEARN page/CBD")): Object: 'Object Repository/OCS-DESKTOP/LEARN page/CBD' is clicked on

2019-07-23 18:36:18 - [MESSAGE][PASSED] - Object: 'Object Repository/OCS-DESKTOP/LEARN page/CBD' is clicked on

2019-07-23 18:36:18 - [TEST_STEP][PASSED] - delay(2): Delayed 2 second(s)

2019-07-23 18:36:20 - [MESSAGE][PASSED] - Delayed 2 second(s)

2019-07-23 18:36:20 - [TEST_STEP][PASSED] - verifyTextPresent("CANNABIS ANATOMY", false, CONTINUE_ON_FAILURE): Text 'CANNABIS ANATOMY' is present on page 

2019-07-23 18:36:20 - [MESSAGE][PASSED] - Text 'CANNABIS ANATOMY' is present on page 

2019-07-23 18:36:20 - [TEST_STEP][PASSED] - delay(2): Delayed 2 second(s)

2019-07-23 18:36:22 - [MESSAGE][PASSED] - Delayed 2 second(s)

2019-07-23 18:36:22 - [TEST_STEP][PASSED] - click(findTestObject("OCS-DESKTOP/Age gate and Mega menu/Header/LEARN menu - En"), CONTINUE_ON_FAILURE): Object: 'Object Repository/OCS-DESKTOP/Age gate and Mega menu/Header/LEARN menu - En' is clicked on

2019-07-23 18:36:22 - [MESSAGE][PASSED] - Object: 'Object Repository/OCS-DESKTOP/Age gate and Mega menu/Header/LEARN menu - En' is clicked on

2019-07-23 18:36:22 - [TEST_STEP][PASSED] - delay(2, CONTINUE_ON_FAILURE): Delayed 2 second(s)

2019-07-23 18:36:24 - [MESSAGE][PASSED] - Delayed 2 second(s)

2019-07-23 18:36:24 - [TEST_STEP][PASSED] - click(findTestObject("OCS-DESKTOP/LEARN page/Terpenes")): Object: 'Object Repository/OCS-DESKTOP/LEARN page/Terpenes' is clicked on

2019-07-23 18:36:27 - [MESSAGE][PASSED] - Object: 'Object Repository/OCS-DESKTOP/LEARN page/Terpenes' is clicked on

2019-07-23 18:36:27 - [TEST_STEP][NOT_RUN] - click(findTestObject("Learn_spy/Page_Ontario Cannabis Store  Ontari/h3_Learn")): NOT_RUN: click(findTestObject("Learn_spy/Page_Ontario Cannabis Store  Ontari/h3_Learn"))

2019-07-23 18:36:27 - [MESSAGE][NOT_RUN] - NOT_RUN: click(findTestObject("Learn_spy/Page_Ontario Cannabis Store  Ontari/h3_Learn"))

2019-07-23 18:36:27 - [TEST_STEP][NOT_RUN] - click(findTestObject("Object Repository/Learn_OR/Page_The Effects of Cannabis  Ontar/a_Read More")): NOT_RUN: click(findTestObject("Object Repository/Learn_OR/Page_The Effects of Cannabis  Ontar/a_Read More"))

2019-07-23 18:36:27 - [MESSAGE][NOT_RUN] - NOT_RUN: click(findTestObject("Object Repository/Learn_OR/Page_The Effects of Cannabis  Ontar/a_Read More"))

2019-07-23 18:36:27 - [TEST_STEP][PASSED] - verifyTextPresent("Terpenes give cannabis strains their unique aromas.", true): Text 'Terpenes give cannabis strains their unique aromas.' is present on page  using regular expression

2019-07-23 18:36:27 - [MESSAGE][PASSED] - Text 'Terpenes give cannabis strains their unique aromas.' is present on page  using regular expression

2019-07-23 18:36:27 - [TEST_STEP][NOT_RUN] - click(findTestObject("Learn_spy/Page_Ontario Cannabis Store  Ontari/h3_Learn")): NOT_RUN: click(findTestObject("Learn_spy/Page_Ontario Cannabis Store  Ontari/h3_Learn"))

2019-07-23 18:36:27 - [MESSAGE][NOT_RUN] - NOT_RUN: click(findTestObject("Learn_spy/Page_Ontario Cannabis Store  Ontari/h3_Learn"))

2019-07-23 18:36:27 - [TEST_STEP][NOT_RUN] - click(findTestObject("Object Repository/Learn_OR/Page_How Cannabis Works  Ontario Ca/span_Cannabis Anatomy")): NOT_RUN: click(findTestObject("Object Repository/Learn_OR/Page_How Cannabis Works  Ontario Ca/span_Cannabis Anatomy"))

2019-07-23 18:36:27 - [MESSAGE][NOT_RUN] - NOT_RUN: click(findTestObject("Object Repository/Learn_OR/Page_How Cannabis Works  Ontario Ca/span_Cannabis Anatomy"))

2019-07-23 18:36:27 - [TEST_STEP][NOT_RUN] - click(findTestObject("Learn_spy/Page_Ontario Cannabis Store  Ontari/h3_Learn")): NOT_RUN: click(findTestObject("Learn_spy/Page_Ontario Cannabis Store  Ontari/h3_Learn"))

2019-07-23 18:36:27 - [MESSAGE][NOT_RUN] - NOT_RUN: click(findTestObject("Learn_spy/Page_Ontario Cannabis Store  Ontari/h3_Learn"))

2019-07-23 18:36:27 - [TEST_STEP][NOT_RUN] - verifyTextPresent("Terpenes give cannabis strains their unique aromas.", true): NOT_RUN: verifyTextPresent("Terpenes give cannabis strains their unique aromas.", true)

2019-07-23 18:36:27 - [MESSAGE][NOT_RUN] - NOT_RUN: verifyTextPresent("Terpenes give cannabis strains their unique aromas.", true)

2019-07-23 18:36:27 - [TEST_STEP][PASSED] - delay(2): Delayed 2 second(s)

2019-07-23 18:36:29 - [MESSAGE][PASSED] - Delayed 2 second(s)

2019-07-23 18:36:29 - [TEST_STEP][PASSED] - click(findTestObject("OCS-DESKTOP/Age gate and Mega menu/Header/LEARN menu - En"), CONTINUE_ON_FAILURE): Object: 'Object Repository/OCS-DESKTOP/Age gate and Mega menu/Header/LEARN menu - En' is clicked on

2019-07-23 18:36:29 - [MESSAGE][PASSED] - Object: 'Object Repository/OCS-DESKTOP/Age gate and Mega menu/Header/LEARN menu - En' is clicked on

2019-07-23 18:36:29 - [TEST_STEP][PASSED] - delay(1): Delayed 1 second(s)

2019-07-23 18:36:30 - [MESSAGE][PASSED] - Delayed 1 second(s)

2019-07-23 18:36:30 - [TEST_STEP][PASSED] - click(findTestObject("OCS-DESKTOP/LEARN page/THC")): Object: 'Object Repository/OCS-DESKTOP/LEARN page/THC' is clicked on

2019-07-23 18:36:33 - [MESSAGE][PASSED] - Object: 'Object Repository/OCS-DESKTOP/LEARN page/THC' is clicked on

2019-07-23 18:36:33 - [TEST_STEP][PASSED] - verifyTextPresent("THC is the component in cannabis that is primarily responsible for its intoxicating, psychoactive effects.", true): Text 'THC is the component in cannabis that is primarily responsible for its intoxicating, psychoactive effects.' is present on page  using regular expression

2019-07-23 18:36:33 - [MESSAGE][PASSED] - Text 'THC is the component in cannabis that is primarily responsible for its intoxicating, psychoactive effects.' is present on page  using regular expression

2019-07-23 18:36:33 - [TEST_STEP][PASSED] - delay(2): Delayed 2 second(s)

2019-07-23 18:36:35 - [MESSAGE][PASSED] - Delayed 2 second(s)

2019-07-23 18:36:35 - [TEST_STEP][PASSED] - click(findTestObject("OCS-DESKTOP/Age gate and Mega menu/Header/LEARN menu - En"), CONTINUE_ON_FAILURE): Object: 'Object Repository/OCS-DESKTOP/Age gate and Mega menu/Header/LEARN menu - En' is clicked on

2019-07-23 18:36:36 - [MESSAGE][PASSED] - Object: 'Object Repository/OCS-DESKTOP/Age gate and Mega menu/Header/LEARN menu - En' is clicked on

2019-07-23 18:36:36 - [TEST_STEP][PASSED] - delay(1): Delayed 1 second(s)

2019-07-23 18:36:37 - [MESSAGE][PASSED] - Delayed 1 second(s)

2019-07-23 18:36:37 - [TEST_STEP][PASSED] - click(findTestObject("OCS-DESKTOP/LEARN page/Read More -2"), STOP_ON_FAILURE): Object: 'Object Repository/OCS-DESKTOP/LEARN page/Read More -2' is clicked on

2019-07-23 18:36:40 - [MESSAGE][PASSED] - Object: 'Object Repository/OCS-DESKTOP/LEARN page/Read More -2' is clicked on

2019-07-23 18:36:40 - [TEST_STEP][PASSED] - delay(2, CONTINUE_ON_FAILURE): Delayed 2 second(s)

2019-07-23 18:36:42 - [MESSAGE][PASSED] - Delayed 2 second(s)

2019-07-23 18:36:42 - [TEST_STEP][PASSED] - verifyTextPresent("The components of a complex plant.", true): Text 'The components of a complex plant.' is present on page  using regular expression

2019-07-23 18:36:42 - [MESSAGE][PASSED] - Text 'The components of a complex plant.' is present on page  using regular expression

2019-07-23 18:36:42 - [TEST_STEP][PASSED] - delay(2): Delayed 2 second(s)

2019-07-23 18:36:44 - [MESSAGE][PASSED] - Delayed 2 second(s)

2019-07-23 18:36:44 - [TEST_STEP][PASSED] - click(findTestObject("OCS-DESKTOP/Age gate and Mega menu/Header/LEARN menu - En"), CONTINUE_ON_FAILURE): Object: 'Object Repository/OCS-DESKTOP/Age gate and Mega menu/Header/LEARN menu - En' is clicked on

2019-07-23 18:36:44 - [MESSAGE][PASSED] - Object: 'Object Repository/OCS-DESKTOP/Age gate and Mega menu/Header/LEARN menu - En' is clicked on

2019-07-23 18:36:44 - [TEST_STEP][PASSED] - delay(2): Delayed 2 second(s)

2019-07-23 18:36:46 - [MESSAGE][PASSED] - Delayed 2 second(s)

2019-07-23 18:36:46 - [TEST_STEP][PASSED] - click(findTestObject("OCS-DESKTOP/LEARN page/Cannabis Consumption")): Object: 'Object Repository/OCS-DESKTOP/LEARN page/Cannabis Consumption' is clicked on

2019-07-23 18:36:49 - [MESSAGE][PASSED] - Object: 'Object Repository/OCS-DESKTOP/LEARN page/Cannabis Consumption' is clicked on

2019-07-23 18:36:49 - [TEST_STEP][PASSED] - delay(1): Delayed 1 second(s)

2019-07-23 18:36:50 - [MESSAGE][PASSED] - Delayed 1 second(s)

2019-07-23 18:36:50 - [TEST_STEP][PASSED] - click(findTestObject("OCS-DESKTOP/Age gate and Mega menu/Header/LEARN menu - En"), CONTINUE_ON_FAILURE): Object: 'Object Repository/OCS-DESKTOP/Age gate and Mega menu/Header/LEARN menu - En' is clicked on

2019-07-23 18:36:50 - [MESSAGE][PASSED] - Object: 'Object Repository/OCS-DESKTOP/Age gate and Mega menu/Header/LEARN menu - En' is clicked on

2019-07-23 18:36:50 - [TEST_STEP][PASSED] - delay(1): Delayed 1 second(s)

2019-07-23 18:36:51 - [MESSAGE][PASSED] - Delayed 1 second(s)

2019-07-23 18:36:51 - [TEST_STEP][PASSED] - click(findTestObject("OCS-DESKTOP/LEARN page/Cooking with cannabis")): Object: 'Object Repository/OCS-DESKTOP/LEARN page/Cooking with cannabis' is clicked on

2019-07-23 18:36:54 - [MESSAGE][PASSED] - Object: 'Object Repository/OCS-DESKTOP/LEARN page/Cooking with cannabis' is clicked on

2019-07-23 18:36:54 - [TEST_STEP][PASSED] - verifyTextPresent("Cannabis-infused foods are becoming more common, and careful preparation is required to avoid overconsumption.", true): Text 'Cannabis-infused foods are becoming more common, and careful preparation is required to avoid overconsumption.' is present on page  using regular expression

2019-07-23 18:36:54 - [MESSAGE][PASSED] - Text 'Cannabis-infused foods are becoming more common, and careful preparation is required to avoid overconsumption.' is present on page  using regular expression

2019-07-23 18:36:54 - [TEST_STEP][PASSED] - delay(2): Delayed 2 second(s)

2019-07-23 18:36:56 - [MESSAGE][PASSED] - Delayed 2 second(s)

2019-07-23 18:36:56 - [TEST_STEP][PASSED] - click(findTestObject("OCS-DESKTOP/Age gate and Mega menu/Header/LEARN menu - En"), CONTINUE_ON_FAILURE): Object: 'Object Repository/OCS-DESKTOP/Age gate and Mega menu/Header/LEARN menu - En' is clicked on

2019-07-23 18:36:56 - [MESSAGE][PASSED] - Object: 'Object Repository/OCS-DESKTOP/Age gate and Mega menu/Header/LEARN menu - En' is clicked on

2019-07-23 18:36:56 - [TEST_STEP][PASSED] - delay(2, CONTINUE_ON_FAILURE): Delayed 2 second(s)

2019-07-23 18:36:58 - [MESSAGE][PASSED] - Delayed 2 second(s)

2019-07-23 18:36:58 - [TEST_STEP][PASSED] - click(findTestObject("OCS-DESKTOP/LEARN page/storing cannabis - chevron")): Object: 'Object Repository/OCS-DESKTOP/LEARN page/storing cannabis - chevron' is clicked on

2019-07-23 18:37:01 - [MESSAGE][PASSED] - Object: 'Object Repository/OCS-DESKTOP/LEARN page/storing cannabis - chevron' is clicked on

2019-07-23 18:37:01 - [TEST_STEP][PASSED] - verifyTextPresent("How to keep your family safe and your cannabis from spoiling.", true): Text 'How to keep your family safe and your cannabis from spoiling.' is present on page  using regular expression

2019-07-23 18:37:01 - [MESSAGE][PASSED] - Text 'How to keep your family safe and your cannabis from spoiling.' is present on page  using regular expression

2019-07-23 18:37:01 - [TEST_STEP][PASSED] - delay(2): Delayed 2 second(s)

2019-07-23 18:37:03 - [MESSAGE][PASSED] - Delayed 2 second(s)

2019-07-23 18:37:03 - [TEST_STEP][PASSED] - click(findTestObject("OCS-DESKTOP/Age gate and Mega menu/Header/LEARN menu - En"), CONTINUE_ON_FAILURE): Object: 'Object Repository/OCS-DESKTOP/Age gate and Mega menu/Header/LEARN menu - En' is clicked on

2019-07-23 18:37:03 - [MESSAGE][PASSED] - Object: 'Object Repository/OCS-DESKTOP/Age gate and Mega menu/Header/LEARN menu - En' is clicked on

2019-07-23 18:37:03 - [TEST_STEP][PASSED] - delay(2, CONTINUE_ON_FAILURE): Delayed 2 second(s)

2019-07-23 18:37:05 - [MESSAGE][PASSED] - Delayed 2 second(s)

2019-07-23 18:37:05 - [TEST_STEP][PASSED] - click(findTestObject("OCS-DESKTOP/LEARN page/Growing cannabis - chevron")): Object: 'Object Repository/OCS-DESKTOP/LEARN page/Growing cannabis - chevron' is clicked on

2019-07-23 18:37:08 - [MESSAGE][PASSED] - Object: 'Object Repository/OCS-DESKTOP/LEARN page/Growing cannabis - chevron' is clicked on

2019-07-23 18:37:08 - [TEST_STEP][PASSED] - verifyTextPresent("It is legal in Ontario to own and grow up to 4 cannabis plants in your own residential dwelling. Get beginner growing tips here.", true): Text 'It is legal in Ontario to own and grow up to 4 cannabis plants in your own residential dwelling. Get beginner growing tips here.' is present on page  using regular expression

2019-07-23 18:37:08 - [MESSAGE][PASSED] - Text 'It is legal in Ontario to own and grow up to 4 cannabis plants in your own residential dwelling. Get beginner growing tips here.' is present on page  using regular expression

2019-07-23 18:37:08 - [TEST_STEP][PASSED] - delay(2): Delayed 2 second(s)

2019-07-23 18:37:10 - [MESSAGE][PASSED] - Delayed 2 second(s)

2019-07-23 18:37:10 - [TEST_STEP][PASSED] - click(findTestObject("OCS-DESKTOP/Age gate and Mega menu/Header/LEARN menu - En"), CONTINUE_ON_FAILURE): Object: 'Object Repository/OCS-DESKTOP/Age gate and Mega menu/Header/LEARN menu - En' is clicked on

2019-07-23 18:37:11 - [MESSAGE][PASSED] - Object: 'Object Repository/OCS-DESKTOP/Age gate and Mega menu/Header/LEARN menu - En' is clicked on

2019-07-23 18:37:11 - [TEST_STEP][PASSED] - delay(2): Delayed 2 second(s)

2019-07-23 18:37:13 - [MESSAGE][PASSED] - Delayed 2 second(s)

2019-07-23 18:37:13 - [TEST_STEP][PASSED] - click(findTestObject("OCS-DESKTOP/LEARN page/Read More -3")): Object: 'Object Repository/OCS-DESKTOP/LEARN page/Read More -3' is clicked on

2019-07-23 18:37:15 - [MESSAGE][PASSED] - Object: 'Object Repository/OCS-DESKTOP/LEARN page/Read More -3' is clicked on

2019-07-23 18:37:15 - [TEST_STEP][PASSED] - delay(2): Delayed 2 second(s)

2019-07-23 18:37:17 - [MESSAGE][PASSED] - Delayed 2 second(s)

2019-07-23 18:37:17 - [TEST_STEP][PASSED] - click(findTestObject("OCS-DESKTOP/Age gate and Mega menu/Header/LEARN menu - En"), CONTINUE_ON_FAILURE): Object: 'Object Repository/OCS-DESKTOP/Age gate and Mega menu/Header/LEARN menu - En' is clicked on

2019-07-23 18:37:17 - [MESSAGE][PASSED] - Object: 'Object Repository/OCS-DESKTOP/Age gate and Mega menu/Header/LEARN menu - En' is clicked on

2019-07-23 18:37:17 - [TEST_STEP][PASSED] - delay(2, CONTINUE_ON_FAILURE): Delayed 2 second(s)

2019-07-23 18:37:19 - [MESSAGE][PASSED] - Delayed 2 second(s)

2019-07-23 18:37:19 - [TEST_STEP][PASSED] - click(findTestObject("OCS-DESKTOP/LEARN page/How to Choose Cannabis Products")): Object: 'Object Repository/OCS-DESKTOP/LEARN page/How to Choose Cannabis Products' is clicked on

2019-07-23 18:37:22 - [MESSAGE][PASSED] - Object: 'Object Repository/OCS-DESKTOP/LEARN page/How to Choose Cannabis Products' is clicked on

2019-07-23 18:37:22 - [TEST_STEP][PASSED] - delay(1): Delayed 1 second(s)

2019-07-23 18:37:23 - [MESSAGE][PASSED] - Delayed 1 second(s)

2019-07-23 18:37:23 - [TEST_STEP][PASSED] - click(findTestObject("OCS-DESKTOP/Age gate and Mega menu/Header/LEARN menu - En"), CONTINUE_ON_FAILURE): Object: 'Object Repository/OCS-DESKTOP/Age gate and Mega menu/Header/LEARN menu - En' is clicked on

2019-07-23 18:37:24 - [MESSAGE][PASSED] - Object: 'Object Repository/OCS-DESKTOP/Age gate and Mega menu/Header/LEARN menu - En' is clicked on

2019-07-23 18:37:24 - [TEST_STEP][PASSED] - delay(1): Delayed 1 second(s)

2019-07-23 18:37:25 - [MESSAGE][PASSED] - Delayed 1 second(s)

2019-07-23 18:37:25 - [TEST_STEP][PASSED] - click(findTestObject("OCS-DESKTOP/LEARN page/Reading a product label - chevron")): Object: 'Object Repository/OCS-DESKTOP/LEARN page/Reading a product label - chevron' is clicked on

2019-07-23 18:37:27 - [MESSAGE][PASSED] - Object: 'Object Repository/OCS-DESKTOP/LEARN page/Reading a product label - chevron' is clicked on

2019-07-23 18:37:27 - [TEST_STEP][PASSED] - delay(2): Delayed 2 second(s)

2019-07-23 18:37:29 - [MESSAGE][PASSED] - Delayed 2 second(s)

2019-07-23 18:37:29 - [TEST_STEP][PASSED] - click(findTestObject("OCS-DESKTOP/Age gate and Mega menu/Header/LEARN menu - En"), CONTINUE_ON_FAILURE): Object: 'Object Repository/OCS-DESKTOP/Age gate and Mega menu/Header/LEARN menu - En' is clicked on

2019-07-23 18:37:29 - [MESSAGE][PASSED] - Object: 'Object Repository/OCS-DESKTOP/Age gate and Mega menu/Header/LEARN menu - En' is clicked on

2019-07-23 18:37:29 - [TEST_STEP][PASSED] - delay(1): Delayed 1 second(s)

2019-07-23 18:37:30 - [MESSAGE][PASSED] - Delayed 1 second(s)

2019-07-23 18:37:30 - [TEST_STEP][PASSED] - click(findTestObject("OCS-DESKTOP/LEARN page/cannabinoid content - chveron")): Object: 'Object Repository/OCS-DESKTOP/LEARN page/cannabinoid content - chveron' is clicked on

2019-07-23 18:37:33 - [MESSAGE][PASSED] - Object: 'Object Repository/OCS-DESKTOP/LEARN page/cannabinoid content - chveron' is clicked on

2019-07-23 18:37:33 - [TEST_STEP][PASSED] - verifyTextPresent("Understanding Cannabinoid Content on Product Labels", true): Text 'Understanding Cannabinoid Content on Product Labels' is present on page  using regular expression

2019-07-23 18:37:33 - [MESSAGE][PASSED] - Text 'Understanding Cannabinoid Content on Product Labels' is present on page  using regular expression

2019-07-23 18:37:33 - [TEST_STEP][PASSED] - delay(2): Delayed 2 second(s)

2019-07-23 18:37:35 - [MESSAGE][PASSED] - Delayed 2 second(s)

2019-07-23 18:37:35 - [TEST_STEP][PASSED] - click(findTestObject("OCS-DESKTOP/Age gate and Mega menu/Header/LEARN menu - En"), CONTINUE_ON_FAILURE): Object: 'Object Repository/OCS-DESKTOP/Age gate and Mega menu/Header/LEARN menu - En' is clicked on

2019-07-23 18:37:36 - [MESSAGE][PASSED] - Object: 'Object Repository/OCS-DESKTOP/Age gate and Mega menu/Header/LEARN menu - En' is clicked on

2019-07-23 18:37:36 - [TEST_STEP][PASSED] - delay(2, CONTINUE_ON_FAILURE): Delayed 2 second(s)

2019-07-23 18:37:38 - [MESSAGE][PASSED] - Delayed 2 second(s)

2019-07-23 18:37:38 - [TEST_STEP][PASSED] - click(findTestObject("OCS-DESKTOP/LEARN page/Factors in Choosing Canna - chevron")): Object: 'Object Repository/OCS-DESKTOP/LEARN page/Factors in Choosing Canna - chevron' is clicked on

2019-07-23 18:37:40 - [MESSAGE][PASSED] - Object: 'Object Repository/OCS-DESKTOP/LEARN page/Factors in Choosing Canna - chevron' is clicked on

2019-07-23 18:37:40 - [TEST_STEP][PASSED] - verifyTextPresent("Factors in Choosing Cannabis Products", true): Text 'Factors in Choosing Cannabis Products' is present on page  using regular expression

2019-07-23 18:37:40 - [MESSAGE][PASSED] - Text 'Factors in Choosing Cannabis Products' is present on page  using regular expression

2019-07-23 18:37:40 - [TEST_STEP][PASSED] - delay(2): Delayed 2 second(s)

2019-07-23 18:37:42 - [MESSAGE][PASSED] - Delayed 2 second(s)

2019-07-23 18:37:42 - [TEST_STEP][PASSED] - click(findTestObject("OCS-DESKTOP/Age gate and Mega menu/Header/LEARN menu - En"), CONTINUE_ON_FAILURE): Object: 'Object Repository/OCS-DESKTOP/Age gate and Mega menu/Header/LEARN menu - En' is clicked on

2019-07-23 18:37:42 - [MESSAGE][PASSED] - Object: 'Object Repository/OCS-DESKTOP/Age gate and Mega menu/Header/LEARN menu - En' is clicked on

2019-07-23 18:37:42 - [TEST_STEP][PASSED] - delay(2): Delayed 2 second(s)

2019-07-23 18:37:44 - [MESSAGE][PASSED] - Delayed 2 second(s)

2019-07-23 18:37:44 - [TEST_STEP][PASSED] - click(findTestObject("OCS-DESKTOP/LEARN page/Read More -4"), CONTINUE_ON_FAILURE): Object: 'Object Repository/OCS-DESKTOP/LEARN page/Read More -4' is clicked on

2019-07-23 18:37:47 - [MESSAGE][PASSED] - Object: 'Object Repository/OCS-DESKTOP/LEARN page/Read More -4' is clicked on

2019-07-23 18:37:47 - [TEST_STEP][PASSED] - delay(2): Delayed 2 second(s)

2019-07-23 18:37:49 - [MESSAGE][PASSED] - Delayed 2 second(s)

2019-07-23 18:37:49 - [TEST_STEP][PASSED] - click(findTestObject("OCS-DESKTOP/Age gate and Mega menu/Header/LEARN menu - En"), CONTINUE_ON_FAILURE): Object: 'Object Repository/OCS-DESKTOP/Age gate and Mega menu/Header/LEARN menu - En' is clicked on

2019-07-23 18:37:49 - [MESSAGE][PASSED] - Object: 'Object Repository/OCS-DESKTOP/Age gate and Mega menu/Header/LEARN menu - En' is clicked on

2019-07-23 18:37:49 - [TEST_STEP][PASSED] - delay(2): Delayed 2 second(s)

2019-07-23 18:37:51 - [MESSAGE][PASSED] - Delayed 2 second(s)

2019-07-23 18:37:51 - [TEST_STEP][PASSED] - click(findTestObject("OCS-DESKTOP/LEARN page/Buying Cannabis at OCS plus accordian")): Object: 'Object Repository/OCS-DESKTOP/LEARN page/Buying Cannabis at OCS plus accordian' is clicked on

2019-07-23 18:37:55 - [MESSAGE][PASSED] - Object: 'Object Repository/OCS-DESKTOP/LEARN page/Buying Cannabis at OCS plus accordian' is clicked on

2019-07-23 18:37:55 - [TEST_STEP][PASSED] - delay(1): Delayed 1 second(s)

2019-07-23 18:37:56 - [MESSAGE][PASSED] - Delayed 1 second(s)

2019-07-23 18:37:56 - [TEST_STEP][PASSED] - click(findTestObject("OCS-DESKTOP/Age gate and Mega menu/Header/LEARN menu - En"), CONTINUE_ON_FAILURE): Object: 'Object Repository/OCS-DESKTOP/Age gate and Mega menu/Header/LEARN menu - En' is clicked on

2019-07-23 18:37:56 - [MESSAGE][PASSED] - Object: 'Object Repository/OCS-DESKTOP/Age gate and Mega menu/Header/LEARN menu - En' is clicked on

2019-07-23 18:37:56 - [TEST_STEP][PASSED] - delay(1): Delayed 1 second(s)

2019-07-23 18:37:57 - [MESSAGE][PASSED] - Delayed 1 second(s)

2019-07-23 18:37:57 - [TEST_STEP][PASSED] - click(findTestObject("OCS-DESKTOP/LEARN page/Why Legal Cannabis Costs more - chevron")): Object: 'Object Repository/OCS-DESKTOP/LEARN page/Why Legal Cannabis Costs more - chevron' is clicked on

2019-07-23 18:37:59 - [MESSAGE][PASSED] - Object: 'Object Repository/OCS-DESKTOP/LEARN page/Why Legal Cannabis Costs more - chevron' is clicked on

2019-07-23 18:37:59 - [TEST_STEP][PASSED] - verifyTextPresent("Four Reasons Why Legal Cannabis Costs More", true): Text 'Four Reasons Why Legal Cannabis Costs More' is present on page  using regular expression

2019-07-23 18:37:59 - [MESSAGE][PASSED] - Text 'Four Reasons Why Legal Cannabis Costs More' is present on page  using regular expression

2019-07-23 18:37:59 - [TEST_STEP][PASSED] - delay(2): Delayed 2 second(s)

2019-07-23 18:38:01 - [MESSAGE][PASSED] - Delayed 2 second(s)

2019-07-23 18:38:01 - [TEST_STEP][PASSED] - click(findTestObject("OCS-DESKTOP/Age gate and Mega menu/Header/LEARN menu - En"), CONTINUE_ON_FAILURE): Object: 'Object Repository/OCS-DESKTOP/Age gate and Mega menu/Header/LEARN menu - En' is clicked on

2019-07-23 18:38:01 - [MESSAGE][PASSED] - Object: 'Object Repository/OCS-DESKTOP/Age gate and Mega menu/Header/LEARN menu - En' is clicked on

2019-07-23 18:38:01 - [TEST_STEP][PASSED] - click(findTestObject("OCS-DESKTOP/LEARN page/Buying Cannabis at OCS plus accordian")): Object: 'Object Repository/OCS-DESKTOP/LEARN page/Buying Cannabis at OCS plus accordian' is clicked on

2019-07-23 18:38:04 - [MESSAGE][PASSED] - Object: 'Object Repository/OCS-DESKTOP/LEARN page/Buying Cannabis at OCS plus accordian' is clicked on

2019-07-23 18:38:04 - [TEST_STEP][PASSED] - delay(1): Delayed 1 second(s)

2019-07-23 18:38:05 - [MESSAGE][PASSED] - Delayed 1 second(s)

2019-07-23 18:38:05 - [TEST_STEP][PASSED] - click(findTestObject("OCS-DESKTOP/Age gate and Mega menu/Header/LEARN menu - En"), CONTINUE_ON_FAILURE): Object: 'Object Repository/OCS-DESKTOP/Age gate and Mega menu/Header/LEARN menu - En' is clicked on

2019-07-23 18:38:05 - [MESSAGE][PASSED] - Object: 'Object Repository/OCS-DESKTOP/Age gate and Mega menu/Header/LEARN menu - En' is clicked on

2019-07-23 18:38:05 - [TEST_STEP][PASSED] - delay(1): Delayed 1 second(s)

2019-07-23 18:38:06 - [MESSAGE][PASSED] - Delayed 1 second(s)

2019-07-23 18:38:06 - [TEST_STEP][PASSED] - click(findTestObject("OCS-DESKTOP/LEARN page/why trust us - chevron")): Object: 'Object Repository/OCS-DESKTOP/LEARN page/why trust us - chevron' is clicked on

2019-07-23 18:38:09 - [MESSAGE][PASSED] - Object: 'Object Repository/OCS-DESKTOP/LEARN page/why trust us - chevron' is clicked on

2019-07-23 18:38:09 - [TEST_STEP][PASSED] - verifyTextPresent("Legal products and reliable information.", true): Text 'Legal products and reliable information.' is present on page  using regular expression

2019-07-23 18:38:09 - [MESSAGE][PASSED] - Text 'Legal products and reliable information.' is present on page  using regular expression

2019-07-23 18:38:09 - [TEST_STEP][PASSED] - delay(2): Delayed 2 second(s)

2019-07-23 18:38:11 - [MESSAGE][PASSED] - Delayed 2 second(s)

2019-07-23 18:38:11 - [TEST_STEP][PASSED] - click(findTestObject("OCS-DESKTOP/Age gate and Mega menu/Header/LEARN menu - En"), CONTINUE_ON_FAILURE): Object: 'Object Repository/OCS-DESKTOP/Age gate and Mega menu/Header/LEARN menu - En' is clicked on

2019-07-23 18:38:11 - [MESSAGE][PASSED] - Object: 'Object Repository/OCS-DESKTOP/Age gate and Mega menu/Header/LEARN menu - En' is clicked on

2019-07-23 18:38:11 - [TEST_STEP][PASSED] - delay(2, CONTINUE_ON_FAILURE): Delayed 2 second(s)

2019-07-23 18:38:13 - [MESSAGE][PASSED] - Delayed 2 second(s)

2019-07-23 18:38:13 - [TEST_STEP][PASSED] - delay(1): Delayed 1 second(s)

2019-07-23 18:38:14 - [MESSAGE][PASSED] - Delayed 1 second(s)

2019-07-23 18:38:14 - [TEST_STEP][PASSED] - click(findTestObject("OCS-DESKTOP/LEARN page/about buying cannabis - chveron")): Object: 'Object Repository/OCS-DESKTOP/LEARN page/about buying cannabis - chveron' is clicked on

2019-07-23 18:38:17 - [MESSAGE][PASSED] - Object: 'Object Repository/OCS-DESKTOP/LEARN page/about buying cannabis - chveron' is clicked on

2019-07-23 18:38:17 - [TEST_STEP][PASSED] - delay(2): Delayed 2 second(s)

2019-07-23 18:38:19 - [MESSAGE][PASSED] - Delayed 2 second(s)

2019-07-23 18:38:19 - [TEST_STEP][PASSED] - verifyTextPresent("These facts are good to know before making a cannabis purchase.", true): Text 'These facts are good to know before making a cannabis purchase.' is present on page  using regular expression

2019-07-23 18:38:19 - [MESSAGE][PASSED] - Text 'These facts are good to know before making a cannabis purchase.' is present on page  using regular expression

2019-07-23 18:38:19 - [TEST_STEP][PASSED] - delay(2): Delayed 2 second(s)

2019-07-23 18:38:21 - [MESSAGE][PASSED] - Delayed 2 second(s)

2019-07-23 18:38:21 - [TEST_STEP][PASSED] - click(findTestObject("OCS-DESKTOP/Age gate and Mega menu/Header/LEARN menu - En"), CONTINUE_ON_FAILURE): Object: 'Object Repository/OCS-DESKTOP/Age gate and Mega menu/Header/LEARN menu - En' is clicked on

2019-07-23 18:38:21 - [MESSAGE][PASSED] - Object: 'Object Repository/OCS-DESKTOP/Age gate and Mega menu/Header/LEARN menu - En' is clicked on

2019-07-23 18:38:21 - [TEST_STEP][PASSED] - delay(2, CONTINUE_ON_FAILURE): Delayed 2 second(s)

2019-07-23 18:38:23 - [MESSAGE][PASSED] - Delayed 2 second(s)

2019-07-23 18:38:23 - [TEST_STEP][PASSED] - click(findTestObject("OCS-DESKTOP/LEARN page/Read More -5")): Object: 'Object Repository/OCS-DESKTOP/LEARN page/Read More -5' is clicked on

2019-07-23 18:38:26 - [MESSAGE][PASSED] - Object: 'Object Repository/OCS-DESKTOP/LEARN page/Read More -5' is clicked on

2019-07-23 18:38:26 - [TEST_STEP][PASSED] - delay(1): Delayed 1 second(s)

2019-07-23 18:38:27 - [MESSAGE][PASSED] - Delayed 1 second(s)

2019-07-23 18:38:27 - [TEST_STEP][PASSED] - verifyTextPresent("Buying Cannabis at OCS", true): Text 'Buying Cannabis at OCS' is present on page  using regular expression

2019-07-23 18:38:27 - [MESSAGE][PASSED] - Text 'Buying Cannabis at OCS' is present on page  using regular expression

2019-07-23 18:38:27 - [TEST_STEP][PASSED] - delay(2): Delayed 2 second(s)

2019-07-23 18:38:29 - [MESSAGE][PASSED] - Delayed 2 second(s)

2019-07-23 18:38:29 - [TEST_STEP][PASSED] - click(findTestObject("OCS-DESKTOP/Age gate and Mega menu/Header/LEARN menu - En"), CONTINUE_ON_FAILURE): Object: 'Object Repository/OCS-DESKTOP/Age gate and Mega menu/Header/LEARN menu - En' is clicked on

2019-07-23 18:38:29 - [MESSAGE][PASSED] - Object: 'Object Repository/OCS-DESKTOP/Age gate and Mega menu/Header/LEARN menu - En' is clicked on

2019-07-23 18:38:29 - [TEST_STEP][PASSED] - delay(2): Delayed 2 second(s)

2019-07-23 18:38:31 - [MESSAGE][PASSED] - Delayed 2 second(s)

2019-07-23 18:38:31 - [TEST_STEP][PASSED] - click(findTestObject("OCS-DESKTOP/LEARN page/Whats Legal plus accordian")): Object: 'Object Repository/OCS-DESKTOP/LEARN page/Whats Legal plus accordian' is clicked on

2019-07-23 18:38:34 - [MESSAGE][PASSED] - Object: 'Object Repository/OCS-DESKTOP/LEARN page/Whats Legal plus accordian' is clicked on

2019-07-23 18:38:34 - [TEST_STEP][PASSED] - delay(1): Delayed 1 second(s)

2019-07-23 18:38:35 - [MESSAGE][PASSED] - Delayed 1 second(s)

2019-07-23 18:38:35 - [TEST_STEP][PASSED] - click(findTestObject("OCS-DESKTOP/Age gate and Mega menu/Header/LEARN menu - En"), CONTINUE_ON_FAILURE): Object: 'Object Repository/OCS-DESKTOP/Age gate and Mega menu/Header/LEARN menu - En' is clicked on

2019-07-23 18:38:35 - [MESSAGE][PASSED] - Object: 'Object Repository/OCS-DESKTOP/Age gate and Mega menu/Header/LEARN menu - En' is clicked on

2019-07-23 18:38:35 - [TEST_STEP][PASSED] - delay(1): Delayed 1 second(s)

2019-07-23 18:38:36 - [MESSAGE][PASSED] - Delayed 1 second(s)

2019-07-23 18:38:36 - [TEST_STEP][PASSED] - click(findTestObject("OCS-DESKTOP/LEARN page/History -part 1 - chveron")): Object: 'Object Repository/OCS-DESKTOP/LEARN page/History -part 1 - chveron' is clicked on

2019-07-23 18:38:39 - [MESSAGE][PASSED] - Object: 'Object Repository/OCS-DESKTOP/LEARN page/History -part 1 - chveron' is clicked on

2019-07-23 18:38:39 - [TEST_STEP][PASSED] - verifyTextPresent("A Brief History of Cannabis - Part 1", true): Text 'A Brief History of Cannabis - Part 1' is present on page  using regular expression

2019-07-23 18:38:39 - [MESSAGE][PASSED] - Text 'A Brief History of Cannabis - Part 1' is present on page  using regular expression

2019-07-23 18:38:39 - [TEST_STEP][PASSED] - delay(2): Delayed 2 second(s)

2019-07-23 18:38:41 - [MESSAGE][PASSED] - Delayed 2 second(s)

2019-07-23 18:38:41 - [TEST_STEP][PASSED] - click(findTestObject("OCS-DESKTOP/Age gate and Mega menu/Header/LEARN menu - En"), CONTINUE_ON_FAILURE): Object: 'Object Repository/OCS-DESKTOP/Age gate and Mega menu/Header/LEARN menu - En' is clicked on

2019-07-23 18:38:41 - [MESSAGE][PASSED] - Object: 'Object Repository/OCS-DESKTOP/Age gate and Mega menu/Header/LEARN menu - En' is clicked on

2019-07-23 18:38:41 - [TEST_STEP][PASSED] - delay(2, CONTINUE_ON_FAILURE): Delayed 2 second(s)

2019-07-23 18:38:43 - [MESSAGE][PASSED] - Delayed 2 second(s)

2019-07-23 18:38:43 - [TEST_STEP][PASSED] - click(findTestObject("OCS-DESKTOP/LEARN page/History -part 2 - chveron")): Object: 'Object Repository/OCS-DESKTOP/LEARN page/History -part 2 - chveron' is clicked on

2019-07-23 18:38:46 - [MESSAGE][PASSED] - Object: 'Object Repository/OCS-DESKTOP/LEARN page/History -part 2 - chveron' is clicked on

2019-07-23 18:38:46 - [TEST_STEP][PASSED] - verifyTextPresent("A Brief History of Cannabis - Part 2", true): Text 'A Brief History of Cannabis - Part 2' is present on page  using regular expression

2019-07-23 18:38:46 - [MESSAGE][PASSED] - Text 'A Brief History of Cannabis - Part 2' is present on page  using regular expression

2019-07-23 18:38:46 - [TEST_STEP][PASSED] - delay(2): Delayed 2 second(s)

2019-07-23 18:38:48 - [MESSAGE][PASSED] - Delayed 2 second(s)

2019-07-23 18:38:48 - [TEST_STEP][PASSED] - click(findTestObject("OCS-DESKTOP/Age gate and Mega menu/Header/LEARN menu - En"), CONTINUE_ON_FAILURE): Object: 'Object Repository/OCS-DESKTOP/Age gate and Mega menu/Header/LEARN menu - En' is clicked on

2019-07-23 18:38:48 - [MESSAGE][PASSED] - Object: 'Object Repository/OCS-DESKTOP/Age gate and Mega menu/Header/LEARN menu - En' is clicked on

2019-07-23 18:38:48 - [TEST_STEP][PASSED] - delay(1): Delayed 1 second(s)

2019-07-23 18:38:49 - [MESSAGE][PASSED] - Delayed 1 second(s)

2019-07-23 18:38:49 - [TEST_STEP][PASSED] - click(findTestObject("OCS-DESKTOP/LEARN page/Legal Use of Cannabis in ontario - chevron")): Object: 'Object Repository/OCS-DESKTOP/LEARN page/Legal Use of Cannabis in ontario - chevron' is clicked on

2019-07-23 18:38:53 - [MESSAGE][PASSED] - Object: 'Object Repository/OCS-DESKTOP/LEARN page/Legal Use of Cannabis in ontario - chevron' is clicked on

2019-07-23 18:38:53 - [TEST_STEP][PASSED] - verifyTextPresent("What you need to know before your start shopping.", true): Text 'What you need to know before your start shopping.' is present on page  using regular expression

2019-07-23 18:38:53 - [MESSAGE][PASSED] - Text 'What you need to know before your start shopping.' is present on page  using regular expression

2019-07-23 18:38:53 - [TEST_STEP][PASSED] - delay(2): Delayed 2 second(s)

2019-07-23 18:38:55 - [MESSAGE][PASSED] - Delayed 2 second(s)

2019-07-23 18:38:55 - [TEST_STEP][PASSED] - click(findTestObject("OCS-DESKTOP/Age gate and Mega menu/Header/LEARN menu - En"), CONTINUE_ON_FAILURE): Object: 'Object Repository/OCS-DESKTOP/Age gate and Mega menu/Header/LEARN menu - En' is clicked on

2019-07-23 18:38:55 - [MESSAGE][PASSED] - Object: 'Object Repository/OCS-DESKTOP/Age gate and Mega menu/Header/LEARN menu - En' is clicked on

2019-07-23 18:38:55 - [TEST_STEP][PASSED] - delay(2): Delayed 2 second(s)

2019-07-23 18:38:57 - [MESSAGE][PASSED] - Delayed 2 second(s)

2019-07-23 18:38:57 - [TEST_STEP][PASSED] - click(findTestObject("OCS-DESKTOP/LEARN page/Read More -6")): Object: 'Object Repository/OCS-DESKTOP/LEARN page/Read More -6' is clicked on

2019-07-23 18:39:00 - [MESSAGE][PASSED] - Object: 'Object Repository/OCS-DESKTOP/LEARN page/Read More -6' is clicked on

2019-07-23 18:39:00 - [TEST_STEP][PASSED] - verifyTextPresent("Learn about cannabis laws.", true): Text 'Learn about cannabis laws.' is present on page  using regular expression

2019-07-23 18:39:00 - [MESSAGE][PASSED] - Text 'Learn about cannabis laws.' is present on page  using regular expression

2019-07-23 18:39:00 - [TEST_STEP][PASSED] - delay(2): Delayed 2 second(s)

2019-07-23 18:39:02 - [MESSAGE][PASSED] - Delayed 2 second(s)

2019-07-23 18:39:02 - [TEST_STEP][PASSED] - click(findTestObject("OCS-DESKTOP/Age gate and Mega menu/Header/LEARN menu - En"), CONTINUE_ON_FAILURE): Object: 'Object Repository/OCS-DESKTOP/Age gate and Mega menu/Header/LEARN menu - En' is clicked on

2019-07-23 18:39:02 - [MESSAGE][PASSED] - Object: 'Object Repository/OCS-DESKTOP/Age gate and Mega menu/Header/LEARN menu - En' is clicked on

2019-07-23 18:39:02 - [TEST_STEP][PASSED] - delay(2): Delayed 2 second(s)

2019-07-23 18:39:04 - [MESSAGE][PASSED] - Delayed 2 second(s)

2019-07-23 18:39:04 - [TEST_STEP][NOT_RUN] - click(findTestObject("OCS-MOBILE /LEARN page/see the learn section button")): NOT_RUN: click(findTestObject("OCS-MOBILE /LEARN page/see the learn section button"))

2019-07-23 18:39:04 - [MESSAGE][NOT_RUN] - NOT_RUN: click(findTestObject("OCS-MOBILE /LEARN page/see the learn section button"))

2019-07-23 18:39:04 - [TEST_STEP][NOT_RUN] - verifyTextPresent("Learn about cannabis laws.", true): NOT_RUN: verifyTextPresent("Learn about cannabis laws.", true)

2019-07-23 18:39:04 - [MESSAGE][NOT_RUN] - NOT_RUN: verifyTextPresent("Learn about cannabis laws.", true)

2019-07-23 18:39:04 - [TEST_STEP][PASSED] - delay(2): Delayed 2 second(s)

2019-07-23 18:39:06 - [MESSAGE][PASSED] - Delayed 2 second(s)

2019-07-23 18:39:06 - [TEST_STEP][NOT_RUN] - click(findTestObject("OCS-DESKTOP/Age gate and Mega menu/Header/LEARN menu - En"), CONTINUE_ON_FAILURE): NOT_RUN: click(findTestObject("OCS-DESKTOP/Age gate and Mega menu/Header/LEARN menu - En"), CONTINUE_ON_FAILURE)

2019-07-23 18:39:06 - [MESSAGE][NOT_RUN] - NOT_RUN: click(findTestObject("OCS-DESKTOP/Age gate and Mega menu/Header/LEARN menu - En"), CONTINUE_ON_FAILURE)

2019-07-23 18:39:06 - [TEST_STEP][PASSED] - click(findTestObject("OCS-DESKTOP/LEARN page/a brief history of cannabis")): Object: 'Object Repository/OCS-DESKTOP/LEARN page/a brief history of cannabis' is clicked on

2019-07-23 18:39:09 - [MESSAGE][PASSED] - Object: 'Object Repository/OCS-DESKTOP/LEARN page/a brief history of cannabis' is clicked on

2019-07-23 18:39:09 - [TEST_STEP][PASSED] - verifyTextPresent("How to Grow Cannabis Outdoors", true): Text 'How to Grow Cannabis Outdoors' is present on page  using regular expression

2019-07-23 18:39:10 - [MESSAGE][PASSED] - Text 'How to Grow Cannabis Outdoors' is present on page  using regular expression

2019-07-23 18:39:10 - [TEST_STEP][PASSED] - delay(2): Delayed 2 second(s)

2019-07-23 18:39:12 - [MESSAGE][PASSED] - Delayed 2 second(s)

2019-07-23 18:39:12 - [TEST_STEP][PASSED] - click(findTestObject("OCS-DESKTOP/Age gate and Mega menu/Header/LEARN menu - En"), CONTINUE_ON_FAILURE): Object: 'Object Repository/OCS-DESKTOP/Age gate and Mega menu/Header/LEARN menu - En' is clicked on

2019-07-23 18:39:12 - [MESSAGE][PASSED] - Object: 'Object Repository/OCS-DESKTOP/Age gate and Mega menu/Header/LEARN menu - En' is clicked on

2019-07-23 18:39:12 - [TEST_STEP][PASSED] - delay(1, OPTIONAL): Delayed 1 second(s)

2019-07-23 18:39:13 - [MESSAGE][PASSED] - Delayed 1 second(s)

2019-07-23 18:39:13 - [TEST_STEP][PASSED] - executeJavaScript("var previewBar = document.getElementById("preview-bar-iframe"); previewBar.style.display = "none";", []): Execute JavaScript 'var previewBar = document.getElementById("preview-bar-iframe"); previewBar.style.display = "none";' successfully

2019-07-23 18:39:13 - [MESSAGE][PASSED] - Execute JavaScript 'var previewBar = document.getElementById("preview-bar-iframe"); previewBar.style.display = "none";' successfully

2019-07-23 18:39:13 - [TEST_STEP][PASSED] - click(findTestObject("OCS-DESKTOP/LEARN page/see our FAQ")): Object: 'Object Repository/OCS-DESKTOP/LEARN page/see our FAQ' is clicked on

2019-07-23 18:39:16 - [MESSAGE][PASSED] - Object: 'Object Repository/OCS-DESKTOP/LEARN page/see our FAQ' is clicked on

2019-07-23 18:39:16 - [TEST_STEP][PASSED] - verifyTextPresent("Legal Use of Cannabis in Ontario", true, OPTIONAL): Text 'Legal Use of Cannabis in Ontario' is not present on page  using regular expression

2019-07-23 18:39:16 - [MESSAGE][WARNING] - Text 'Legal Use of Cannabis in Ontario' is not present on page  using regular expression

2019-07-23 18:39:16 - [TEST_STEP][PASSED] - delay(2): Delayed 2 second(s)

2019-07-23 18:39:18 - [MESSAGE][PASSED] - Delayed 2 second(s)

2019-07-23 18:39:18 - [TEST_STEP][PASSED] - click(findTestObject("OCS-DESKTOP/Age gate and Mega menu/Header/LEARN menu - En"), CONTINUE_ON_FAILURE): Object: 'Object Repository/OCS-DESKTOP/Age gate and Mega menu/Header/LEARN menu - En' is clicked on

2019-07-23 18:39:18 - [MESSAGE][PASSED] - Object: 'Object Repository/OCS-DESKTOP/Age gate and Mega menu/Header/LEARN menu - En' is clicked on

2019-07-23 18:39:18 - [TEST_STEP][PASSED] - delay(1, OPTIONAL): Delayed 1 second(s)

2019-07-23 18:39:19 - [MESSAGE][PASSED] - Delayed 1 second(s)

2019-07-23 18:39:19 - [TEST_STEP][PASSED] - executeJavaScript("var previewBar = document.getElementById("preview-bar-iframe"); previewBar.style.display = "none";", []): Execute JavaScript 'var previewBar = document.getElementById("preview-bar-iframe"); previewBar.style.display = "none";' successfully

2019-07-23 18:39:19 - [MESSAGE][PASSED] - Execute JavaScript 'var previewBar = document.getElementById("preview-bar-iframe"); previewBar.style.display = "none";' successfully

2019-07-23 18:39:19 - [TEST_STEP][PASSED] - click(findTestObject("OCS-DESKTOP/LEARN page/SEE OUR GLOSSARY")): Object: 'Object Repository/OCS-DESKTOP/LEARN page/SEE OUR GLOSSARY' is clicked on

2019-07-23 18:39:22 - [MESSAGE][PASSED] - Object: 'Object Repository/OCS-DESKTOP/LEARN page/SEE OUR GLOSSARY' is clicked on]]></system-out>
         <system-err><![CDATA[]]></system-err>
      </testcase>
      <testcase name="Test Cases/OCS - DESKTOP/OCS- PRODUCT PAGE/Add to bag CTA" classname="Test Cases/OCS - DESKTOP/OCS- PRODUCT PAGE/Add to bag CTA" status="FAILED">
         <failure type="FAILED" message="Test Cases/OCS - DESKTOP/OCS- PRODUCT PAGE/Add to bag CTA FAILED.
Reason:
com.kms.katalon.core.exception.StepFailedException: Unable to click on object 'Object Repository/OCS-DESKTOP/Cart flyout/Back icon' (Root cause: com.kms.katalon.core.webui.exception.WebElementNotFoundException: Web element with id: 'Object Repository/OCS-DESKTOP/Cart flyout/Back icon' located by 'By.xpath: //i[@class='icon icon--back js-close-flyout']' not found)
	at com.kms.katalon.core.keyword.internal.KeywordMain.stepFailed(KeywordMain.groovy:36)
	at com.kms.katalon.core.webui.keyword.internal.WebUIKeywordMain.stepFailed(WebUIKeywordMain.groovy:65)
	at com.kms.katalon.core.webui.keyword.internal.WebUIKeywordMain.runKeyword(WebUIKeywordMain.groovy:27)
	at com.kms.katalon.core.webui.keyword.builtin.ClickKeyword.click(ClickKeyword.groovy:86)
	at com.kms.katalon.core.webui.keyword.builtin.ClickKeyword.execute(ClickKeyword.groovy:67)
	at com.kms.katalon.core.keyword.internal.KeywordExecutor.executeKeywordForPlatform(KeywordExecutor.groovy:53)
	at com.kms.katalon.core.webui.keyword.WebUiBuiltInKeywords.click(WebUiBuiltInKeywords.groovy:616)
	at com.kms.katalon.core.webui.keyword.WebUiBuiltInKeywords$click$4.call(Unknown Source)
	at Add to bag CTA.run(Add to bag CTA:40)
	at com.kms.katalon.core.main.ScriptEngine.run(ScriptEngine.java:194)
	at com.kms.katalon.core.main.ScriptEngine.runScriptAsRawText(ScriptEngine.java:119)
	at com.kms.katalon.core.main.TestCaseExecutor.runScript(TestCaseExecutor.java:328)
	at com.kms.katalon.core.main.TestCaseExecutor.doExecute(TestCaseExecutor.java:319)
	at com.kms.katalon.core.main.TestCaseExecutor.processExecutionPhase(TestCaseExecutor.java:298)
	at com.kms.katalon.core.main.TestCaseExecutor.accessMainPhase(TestCaseExecutor.java:290)
	at com.kms.katalon.core.main.TestCaseExecutor.execute(TestCaseExecutor.java:224)
	at com.kms.katalon.core.main.TestSuiteExecutor.accessTestCaseMainPhase(TestSuiteExecutor.java:129)
	at com.kms.katalon.core.main.TestSuiteExecutor.accessTestSuiteMainPhase(TestSuiteExecutor.java:112)
	at com.kms.katalon.core.main.TestSuiteExecutor.execute(TestSuiteExecutor.java:81)
	at com.kms.katalon.core.main.TestCaseMain.startTestSuite(TestCaseMain.java:149)
	at com.kms.katalon.core.main.TestCaseMain$startTestSuite$0.call(Unknown Source)
	at TempTestSuite1563918963353.run(TempTestSuite1563918963353.groovy:36)
"/>
         <system-out><![CDATA[2019-07-23 18:39:22 - [TEST_CASE][FAILED] - Test Cases/OCS - DESKTOP/OCS- PRODUCT PAGE/Add to bag CTA: Test Cases/OCS - DESKTOP/OCS- PRODUCT PAGE/Add to bag CTA FAILED.
Reason:
com.kms.katalon.core.exception.StepFailedException: Unable to click on object 'Object Repository/OCS-DESKTOP/Cart flyout/Back icon' (Root cause: com.kms.katalon.core.webui.exception.WebElementNotFoundException: Web element with id: 'Object Repository/OCS-DESKTOP/Cart flyout/Back icon' located by 'By.xpath: //i[@class='icon icon--back js-close-flyout']' not found)
	at com.kms.katalon.core.keyword.internal.KeywordMain.stepFailed(KeywordMain.groovy:36)
	at com.kms.katalon.core.webui.keyword.internal.WebUIKeywordMain.stepFailed(WebUIKeywordMain.groovy:65)
	at com.kms.katalon.core.webui.keyword.internal.WebUIKeywordMain.runKeyword(WebUIKeywordMain.groovy:27)
	at com.kms.katalon.core.webui.keyword.builtin.ClickKeyword.click(ClickKeyword.groovy:86)
	at com.kms.katalon.core.webui.keyword.builtin.ClickKeyword.execute(ClickKeyword.groovy:67)
	at com.kms.katalon.core.keyword.internal.KeywordExecutor.executeKeywordForPlatform(KeywordExecutor.groovy:53)
	at com.kms.katalon.core.webui.keyword.WebUiBuiltInKeywords.click(WebUiBuiltInKeywords.groovy:616)
	at com.kms.katalon.core.webui.keyword.WebUiBuiltInKeywords$click$4.call(Unknown Source)
	at Add to bag CTA.run(Add to bag CTA:40)
	at com.kms.katalon.core.main.ScriptEngine.run(ScriptEngine.java:194)
	at com.kms.katalon.core.main.ScriptEngine.runScriptAsRawText(ScriptEngine.java:119)
	at com.kms.katalon.core.main.TestCaseExecutor.runScript(TestCaseExecutor.java:328)
	at com.kms.katalon.core.main.TestCaseExecutor.doExecute(TestCaseExecutor.java:319)
	at com.kms.katalon.core.main.TestCaseExecutor.processExecutionPhase(TestCaseExecutor.java:298)
	at com.kms.katalon.core.main.TestCaseExecutor.accessMainPhase(TestCaseExecutor.java:290)
	at com.kms.katalon.core.main.TestCaseExecutor.execute(TestCaseExecutor.java:224)
	at com.kms.katalon.core.main.TestSuiteExecutor.accessTestCaseMainPhase(TestSuiteExecutor.java:129)
	at com.kms.katalon.core.main.TestSuiteExecutor.accessTestSuiteMainPhase(TestSuiteExecutor.java:112)
	at com.kms.katalon.core.main.TestSuiteExecutor.execute(TestSuiteExecutor.java:81)
	at com.kms.katalon.core.main.TestCaseMain.startTestSuite(TestCaseMain.java:149)
	at com.kms.katalon.core.main.TestCaseMain$startTestSuite$0.call(Unknown Source)
	at TempTestSuite1563918963353.run(TempTestSuite1563918963353.groovy:36)


2019-07-23 18:39:22 - [TEST_STEP][PASSED] - callTestCase(findTestCase("OCS - DESKTOP/CALL - PDP"), [:], STOP_ON_FAILURE): Call Test Case 'Test Cases/OCS - DESKTOP/CALL - PDP' successfully

2019-07-23 18:39:22 - [TEST_CASE][PASSED] - Test Cases/OCS - DESKTOP/CALL - PDP: Test Cases/OCS - DESKTOP/CALL - PDP

2019-07-23 18:39:22 - [TEST_STEP][PASSED] - openBrowser(""): Browser is opened with url: ''

2019-07-23 18:39:22 - [MESSAGE][WARNING] - A browser is already opened. Closing browser and opening a new one

2019-07-23 18:39:22 - [MESSAGE][INFO] - Starting 'Chrome' driver

2019-07-23 18:39:23 - [MESSAGE][PASSED] - Browser is opened with url: ''

2019-07-23 18:39:23 - [TEST_STEP][PASSED] - navigateToUrl("https://ocs.ca/?fts=0&preview_theme_id=74209363788"): Navigate to 'https://ocs.ca/?fts=0&preview_theme_id=74209363788' successfully

2019-07-23 18:39:29 - [MESSAGE][PASSED] - Navigate to 'https://ocs.ca/?fts=0&preview_theme_id=74209363788' successfully

2019-07-23 18:39:29 - [TEST_STEP][PASSED] - maximizeWindow(): Current window maximized

2019-07-23 18:39:29 - [MESSAGE][PASSED] - Current window maximized

2019-07-23 18:39:29 - [TEST_STEP][PASSED] - executeJavaScript("var previewBar = document.getElementById("preview-bar-iframe"); previewBar.style.display = "none";", []): Execute JavaScript 'var previewBar = document.getElementById("preview-bar-iframe"); previewBar.style.display = "none";' successfully

2019-07-23 18:39:29 - [MESSAGE][PASSED] - Execute JavaScript 'var previewBar = document.getElementById("preview-bar-iframe"); previewBar.style.display = "none";' successfully

2019-07-23 18:39:29 - [TEST_STEP][PASSED] - delay(4): Delayed 4 second(s)

2019-07-23 18:39:33 - [MESSAGE][PASSED] - Delayed 4 second(s)

2019-07-23 18:39:33 - [TEST_STEP][PASSED] - selectOptionByValue(findTestObject("OCS-DESKTOP/Age gate and Mega menu/Date"), "12", true): All options with value '12' are selected in object 'Object Repository/OCS-DESKTOP/Age gate and Mega menu/Date'  using regular expression

2019-07-23 18:39:34 - [MESSAGE][PASSED] - All options with value '12' are selected in object 'Object Repository/OCS-DESKTOP/Age gate and Mega menu/Date'  using regular expression

2019-07-23 18:39:34 - [TEST_STEP][PASSED] - selectOptionByValue(findTestObject("OCS-DESKTOP/Age gate and Mega menu/month"), "6", true): All options with value '6' are selected in object 'Object Repository/OCS-DESKTOP/Age gate and Mega menu/month'  using regular expression

2019-07-23 18:39:34 - [MESSAGE][PASSED] - All options with value '6' are selected in object 'Object Repository/OCS-DESKTOP/Age gate and Mega menu/month'  using regular expression

2019-07-23 18:39:34 - [TEST_STEP][PASSED] - delay(2): Delayed 2 second(s)

2019-07-23 18:39:36 - [MESSAGE][PASSED] - Delayed 2 second(s)

2019-07-23 18:39:36 - [TEST_STEP][PASSED] - selectOptionByValue(findTestObject("OCS-DESKTOP/Age gate and Mega menu/Year Dropdown"), "1990", true): All options with value '1990' are selected in object 'Object Repository/OCS-DESKTOP/Age gate and Mega menu/Year Dropdown'  using regular expression

2019-07-23 18:39:37 - [MESSAGE][PASSED] - All options with value '1990' are selected in object 'Object Repository/OCS-DESKTOP/Age gate and Mega menu/Year Dropdown'  using regular expression

2019-07-23 18:39:37 - [TEST_STEP][PASSED] - click(findTestObject("OCS-DESKTOP/Age gate and Mega menu/button_Verify")): Object: 'Object Repository/OCS-DESKTOP/Age gate and Mega menu/button_Verify' is clicked on

2019-07-23 18:39:37 - [MESSAGE][PASSED] - Object: 'Object Repository/OCS-DESKTOP/Age gate and Mega menu/button_Verify' is clicked on

2019-07-23 18:39:37 - [TEST_STEP][PASSED] - click(findTestObject("OCS-DESKTOP/Age gate and Mega menu/Checkbox_CONFIRM AND ACKNOWLEDGE")): Object: 'Object Repository/OCS-DESKTOP/Age gate and Mega menu/Checkbox_CONFIRM AND ACKNOWLEDGE' is clicked on

2019-07-23 18:39:37 - [MESSAGE][PASSED] - Object: 'Object Repository/OCS-DESKTOP/Age gate and Mega menu/Checkbox_CONFIRM AND ACKNOWLEDGE' is clicked on

2019-07-23 18:39:37 - [TEST_STEP][PASSED] - click(findTestObject("OCS-DESKTOP/Age gate and Mega menu/button_CONFIRM")): Object: 'Object Repository/OCS-DESKTOP/Age gate and Mega menu/button_CONFIRM' is clicked on

2019-07-23 18:39:37 - [MESSAGE][PASSED] - Object: 'Object Repository/OCS-DESKTOP/Age gate and Mega menu/button_CONFIRM' is clicked on

2019-07-23 18:39:37 - [TEST_STEP][PASSED] - click(findTestObject("OCS-DESKTOP/Age gate and Mega menu/button_Start Browsing")): Object: 'Object Repository/OCS-DESKTOP/Age gate and Mega menu/button_Start Browsing' is clicked on

2019-07-23 18:39:38 - [MESSAGE][PASSED] - Object: 'Object Repository/OCS-DESKTOP/Age gate and Mega menu/button_Start Browsing' is clicked on

2019-07-23 18:39:38 - [TEST_STEP][PASSED] - refresh(): Refresh successfully

2019-07-23 18:39:38 - [MESSAGE][PASSED] - Refresh successfully

2019-07-23 18:39:38 - [TEST_STEP][PASSED] - delay(2): Delayed 2 second(s)

2019-07-23 18:39:40 - [MESSAGE][PASSED] - Delayed 2 second(s)

2019-07-23 18:39:40 - [TEST_STEP][PASSED] - click(findTestObject("OCS-DESKTOP/Age gate and Mega menu/Header/CANNABIS menu - English")): Object: 'Object Repository/OCS-DESKTOP/Age gate and Mega menu/Header/CANNABIS menu - English' is clicked on

2019-07-23 18:39:42 - [MESSAGE][PASSED] - Object: 'Object Repository/OCS-DESKTOP/Age gate and Mega menu/Header/CANNABIS menu - English' is clicked on

2019-07-23 18:39:42 - [TEST_STEP][PASSED] - delay(2): Delayed 2 second(s)

2019-07-23 18:39:44 - [MESSAGE][PASSED] - Delayed 2 second(s)

2019-07-23 18:39:44 - [TEST_STEP][PASSED] - click(findTestObject("OCS-DESKTOP/Age gate and Mega menu/Indica Dominant_Menu item")): Object: 'Object Repository/OCS-DESKTOP/Age gate and Mega menu/Indica Dominant_Menu item' is clicked on

2019-07-23 18:39:46 - [MESSAGE][PASSED] - Object: 'Object Repository/OCS-DESKTOP/Age gate and Mega menu/Indica Dominant_Menu item' is clicked on

2019-07-23 18:39:46 - [TEST_STEP][PASSED] - delay(2): Delayed 2 second(s)

2019-07-23 18:39:48 - [MESSAGE][PASSED] - Delayed 2 second(s)

2019-07-23 18:39:48 - [TEST_STEP][PASSED] - scrollToElement(findTestObject("OCS-DESKTOP/Collection page/Product image - 1st one"), 0): Scroll to object 'Object Repository/OCS-DESKTOP/Collection page/Product image - 1st one' successfully

2019-07-23 18:39:48 - [MESSAGE][WARNING] - Timeout '0' is invalid. Using default page load timeout: '30'

2019-07-23 18:39:48 - [MESSAGE][PASSED] - Scroll to object 'Object Repository/OCS-DESKTOP/Collection page/Product image - 1st one' successfully

2019-07-23 18:39:48 - [TEST_STEP][PASSED] - delay(2): Delayed 2 second(s)

2019-07-23 18:39:50 - [MESSAGE][PASSED] - Delayed 2 second(s)

2019-07-23 18:39:50 - [TEST_STEP][PASSED] - click(findTestObject("OCS-DESKTOP/Collection page/Product image - 1st one")): Object: 'Object Repository/OCS-DESKTOP/Collection page/Product image - 1st one' is clicked on

2019-07-23 18:39:54 - [MESSAGE][PASSED] - Object: 'Object Repository/OCS-DESKTOP/Collection page/Product image - 1st one' is clicked on

2019-07-23 18:39:54 - [TEST_STEP][PASSED] - executeJavaScript("var previewBar = document.getElementById("preview-bar-iframe"); previewBar.style.display = "none";", []): Execute JavaScript 'var previewBar = document.getElementById("preview-bar-iframe"); previewBar.style.display = "none";' successfully

2019-07-23 18:39:54 - [MESSAGE][PASSED] - Execute JavaScript 'var previewBar = document.getElementById("preview-bar-iframe"); previewBar.style.display = "none";' successfully

2019-07-23 18:39:54 - [TEST_STEP][PASSED] - delay(2): Delayed 2 second(s)

2019-07-23 18:39:56 - [MESSAGE][PASSED] - Delayed 2 second(s)

2019-07-23 18:39:56 - [MESSAGE][PASSED] - Call Test Case 'Test Cases/OCS - DESKTOP/CALL - PDP' successfully

2019-07-23 18:39:56 - [TEST_STEP][NOT_RUN] - scrollToElement(findTestObject("OCS-DESKTOP/Product page/Product image"), 1): NOT_RUN: scrollToElement(findTestObject("OCS-DESKTOP/Product page/Product image"), 1)

2019-07-23 18:39:56 - [MESSAGE][NOT_RUN] - NOT_RUN: scrollToElement(findTestObject("OCS-DESKTOP/Product page/Product image"), 1)

2019-07-23 18:39:56 - [TEST_STEP][PASSED] - delay(2): Delayed 2 second(s)

2019-07-23 18:39:58 - [MESSAGE][PASSED] - Delayed 2 second(s)

2019-07-23 18:39:58 - [TEST_STEP][PASSED] - click(findTestObject("OCS-DESKTOP/Product page/Swatch_1g")): Object: 'Object Repository/OCS-DESKTOP/Product page/Swatch_1g' is clicked on

2019-07-23 18:39:58 - [MESSAGE][PASSED] - Object: 'Object Repository/OCS-DESKTOP/Product page/Swatch_1g' is clicked on

2019-07-23 18:39:58 - [TEST_STEP][PASSED] - scrollToElement(findTestObject("OCS-DESKTOP/Product page/Swatch_3.5g"), 1): Scroll to object 'Object Repository/OCS-DESKTOP/Product page/Swatch_3.5g' successfully

2019-07-23 18:39:58 - [MESSAGE][PASSED] - Scroll to object 'Object Repository/OCS-DESKTOP/Product page/Swatch_3.5g' successfully

2019-07-23 18:39:58 - [TEST_STEP][PASSED] - delay(2): Delayed 2 second(s)

2019-07-23 18:40:00 - [MESSAGE][PASSED] - Delayed 2 second(s)

2019-07-23 18:40:00 - [TEST_STEP][PASSED] - click(findTestObject("OCS-DESKTOP/Product page/Add to Bag-button")): Object: 'Object Repository/OCS-DESKTOP/Product page/Add to Bag-button' is clicked on

2019-07-23 18:40:00 - [MESSAGE][PASSED] - Object: 'Object Repository/OCS-DESKTOP/Product page/Add to Bag-button' is clicked on

2019-07-23 18:40:00 - [TEST_STEP][PASSED] - delay(1): Delayed 1 second(s)

2019-07-23 18:40:01 - [MESSAGE][PASSED] - Delayed 1 second(s)

2019-07-23 18:40:01 - [TEST_STEP][PASSED] - click(findTestObject("OCS-DESKTOP/Home - page/view my bag - cart dropdown")): Object: 'Object Repository/OCS-DESKTOP/Home - page/view my bag - cart dropdown' is clicked on

2019-07-23 18:40:01 - [MESSAGE][PASSED] - Object: 'Object Repository/OCS-DESKTOP/Home - page/view my bag - cart dropdown' is clicked on

2019-07-23 18:40:01 - [TEST_STEP][PASSED] - delay(1): Delayed 1 second(s)

2019-07-23 18:40:02 - [MESSAGE][PASSED] - Delayed 1 second(s)

2019-07-23 18:40:02 - [TEST_STEP][PASSED] - verifyElementPresent(findTestObject("OCS-DESKTOP/Cart flyout/Cart - 1st item"), 2): Object 'Object Repository/OCS-DESKTOP/Cart flyout/Cart - 1st item' is present

2019-07-23 18:40:02 - [MESSAGE][PASSED] - Object 'Object Repository/OCS-DESKTOP/Cart flyout/Cart - 1st item' is present

2019-07-23 18:40:02 - [TEST_STEP][PASSED] - delay(1): Delayed 1 second(s)

2019-07-23 18:40:03 - [MESSAGE][PASSED] - Delayed 1 second(s)

2019-07-23 18:40:03 - [TEST_STEP][FAILED] - click(findTestObject("OCS-DESKTOP/Cart flyout/Back icon")): click(findTestObject("OCS-DESKTOP/Cart flyout/Back icon")) FAILED.
Reason:
com.kms.katalon.core.exception.StepFailedException: Unable to click on object 'Object Repository/OCS-DESKTOP/Cart flyout/Back icon' (Root cause: com.kms.katalon.core.webui.exception.WebElementNotFoundException: Web element with id: 'Object Repository/OCS-DESKTOP/Cart flyout/Back icon' located by 'By.xpath: //i[@class='icon icon--back js-close-flyout']' not found)
	at com.kms.katalon.core.keyword.internal.KeywordMain.stepFailed(KeywordMain.groovy:36)
	at com.kms.katalon.core.webui.keyword.internal.WebUIKeywordMain.stepFailed(WebUIKeywordMain.groovy:65)
	at com.kms.katalon.core.webui.keyword.internal.WebUIKeywordMain.runKeyword(WebUIKeywordMain.groovy:27)
	at com.kms.katalon.core.webui.keyword.builtin.ClickKeyword.click(ClickKeyword.groovy:86)
	at com.kms.katalon.core.webui.keyword.builtin.ClickKeyword.execute(ClickKeyword.groovy:67)
	at com.kms.katalon.core.keyword.internal.KeywordExecutor.executeKeywordForPlatform(KeywordExecutor.groovy:53)
	at com.kms.katalon.core.webui.keyword.WebUiBuiltInKeywords.click(WebUiBuiltInKeywords.groovy:616)
	at com.kms.katalon.core.webui.keyword.WebUiBuiltInKeywords$click$4.call(Unknown Source)
	at Add to bag CTA.run(Add to bag CTA:40)
	at com.kms.katalon.core.main.ScriptEngine.run(ScriptEngine.java:194)
	at com.kms.katalon.core.main.ScriptEngine.runScriptAsRawText(ScriptEngine.java:119)
	at com.kms.katalon.core.main.TestCaseExecutor.runScript(TestCaseExecutor.java:328)
	at com.kms.katalon.core.main.TestCaseExecutor.doExecute(TestCaseExecutor.java:319)
	at com.kms.katalon.core.main.TestCaseExecutor.processExecutionPhase(TestCaseExecutor.java:298)
	at com.kms.katalon.core.main.TestCaseExecutor.accessMainPhase(TestCaseExecutor.java:290)
	at com.kms.katalon.core.main.TestCaseExecutor.execute(TestCaseExecutor.java:224)
	at com.kms.katalon.core.main.TestSuiteExecutor.accessTestCaseMainPhase(TestSuiteExecutor.java:129)
	at com.kms.katalon.core.main.TestSuiteExecutor.accessTestSuiteMainPhase(TestSuiteExecutor.java:112)
	at com.kms.katalon.core.main.TestSuiteExecutor.execute(TestSuiteExecutor.java:81)
	at com.kms.katalon.core.main.TestCaseMain.startTestSuite(TestCaseMain.java:149)
	at com.kms.katalon.core.main.TestCaseMain$startTestSuite$0.call(Unknown Source)
	at TempTestSuite1563918963353.run(TempTestSuite1563918963353.groovy:36)


2019-07-23 18:40:34 - [MESSAGE][INFO] - Unable to find the element located by 'By.xpath: //i[@class='icon icon--back js-close-flyout']'. Please recheck the objects properties to make sure the desired element is located. 

2019-07-23 18:40:35 - [MESSAGE][FAILED] - Unable to click on object 'Object Repository/OCS-DESKTOP/Cart flyout/Back icon' (Root cause: com.kms.katalon.core.webui.exception.WebElementNotFoundException: Web element with id: 'Object Repository/OCS-DESKTOP/Cart flyout/Back icon' located by 'By.xpath: //i[@class='icon icon--back js-close-flyout']' not found)
[[ATTACHMENT|/Users/sumankompelly/git/OCS--Relative-xpath-Desktop/Reports/Suite - Chrome/20190723_175603/1563921634818.png]]

2019-07-23 18:40:35 - [MESSAGE][FAILED] - click(findTestObject("OCS-DESKTOP/Cart flyout/Back icon")) FAILED.
Reason:
com.kms.katalon.core.exception.StepFailedException: Unable to click on object 'Object Repository/OCS-DESKTOP/Cart flyout/Back icon' (Root cause: com.kms.katalon.core.webui.exception.WebElementNotFoundException: Web element with id: 'Object Repository/OCS-DESKTOP/Cart flyout/Back icon' located by 'By.xpath: //i[@class='icon icon--back js-close-flyout']' not found)
	at com.kms.katalon.core.keyword.internal.KeywordMain.stepFailed(KeywordMain.groovy:36)
	at com.kms.katalon.core.webui.keyword.internal.WebUIKeywordMain.stepFailed(WebUIKeywordMain.groovy:65)
	at com.kms.katalon.core.webui.keyword.internal.WebUIKeywordMain.runKeyword(WebUIKeywordMain.groovy:27)
	at com.kms.katalon.core.webui.keyword.builtin.ClickKeyword.click(ClickKeyword.groovy:86)
	at com.kms.katalon.core.webui.keyword.builtin.ClickKeyword.execute(ClickKeyword.groovy:67)
	at com.kms.katalon.core.keyword.internal.KeywordExecutor.executeKeywordForPlatform(KeywordExecutor.groovy:53)
	at com.kms.katalon.core.webui.keyword.WebUiBuiltInKeywords.click(WebUiBuiltInKeywords.groovy:616)
	at com.kms.katalon.core.webui.keyword.WebUiBuiltInKeywords$click$4.call(Unknown Source)
	at Add to bag CTA.run(Add to bag CTA:40)
	at com.kms.katalon.core.main.ScriptEngine.run(ScriptEngine.java:194)
	at com.kms.katalon.core.main.ScriptEngine.runScriptAsRawText(ScriptEngine.java:119)
	at com.kms.katalon.core.main.TestCaseExecutor.runScript(TestCaseExecutor.java:328)
	at com.kms.katalon.core.main.TestCaseExecutor.doExecute(TestCaseExecutor.java:319)
	at com.kms.katalon.core.main.TestCaseExecutor.processExecutionPhase(TestCaseExecutor.java:298)
	at com.kms.katalon.core.main.TestCaseExecutor.accessMainPhase(TestCaseExecutor.java:290)
	at com.kms.katalon.core.main.TestCaseExecutor.execute(TestCaseExecutor.java:224)
	at com.kms.katalon.core.main.TestSuiteExecutor.accessTestCaseMainPhase(TestSuiteExecutor.java:129)
	at com.kms.katalon.core.main.TestSuiteExecutor.accessTestSuiteMainPhase(TestSuiteExecutor.java:112)
	at com.kms.katalon.core.main.TestSuiteExecutor.execute(TestSuiteExecutor.java:81)
	at com.kms.katalon.core.main.TestCaseMain.startTestSuite(TestCaseMain.java:149)
	at com.kms.katalon.core.main.TestCaseMain$startTestSuite$0.call(Unknown Source)
	at TempTestSuite1563918963353.run(TempTestSuite1563918963353.groovy:36)]]></system-out>
         <system-err><![CDATA[2019-07-23 18:39:22 - [TEST_CASE][FAILED] - Test Cases/OCS - DESKTOP/OCS- PRODUCT PAGE/Add to bag CTA: Test Cases/OCS - DESKTOP/OCS- PRODUCT PAGE/Add to bag CTA FAILED.
Reason:
com.kms.katalon.core.exception.StepFailedException: Unable to click on object 'Object Repository/OCS-DESKTOP/Cart flyout/Back icon' (Root cause: com.kms.katalon.core.webui.exception.WebElementNotFoundException: Web element with id: 'Object Repository/OCS-DESKTOP/Cart flyout/Back icon' located by 'By.xpath: //i[@class='icon icon--back js-close-flyout']' not found)
	at com.kms.katalon.core.keyword.internal.KeywordMain.stepFailed(KeywordMain.groovy:36)
	at com.kms.katalon.core.webui.keyword.internal.WebUIKeywordMain.stepFailed(WebUIKeywordMain.groovy:65)
	at com.kms.katalon.core.webui.keyword.internal.WebUIKeywordMain.runKeyword(WebUIKeywordMain.groovy:27)
	at com.kms.katalon.core.webui.keyword.builtin.ClickKeyword.click(ClickKeyword.groovy:86)
	at com.kms.katalon.core.webui.keyword.builtin.ClickKeyword.execute(ClickKeyword.groovy:67)
	at com.kms.katalon.core.keyword.internal.KeywordExecutor.executeKeywordForPlatform(KeywordExecutor.groovy:53)
	at com.kms.katalon.core.webui.keyword.WebUiBuiltInKeywords.click(WebUiBuiltInKeywords.groovy:616)
	at com.kms.katalon.core.webui.keyword.WebUiBuiltInKeywords$click$4.call(Unknown Source)
	at Add to bag CTA.run(Add to bag CTA:40)
	at com.kms.katalon.core.main.ScriptEngine.run(ScriptEngine.java:194)
	at com.kms.katalon.core.main.ScriptEngine.runScriptAsRawText(ScriptEngine.java:119)
	at com.kms.katalon.core.main.TestCaseExecutor.runScript(TestCaseExecutor.java:328)
	at com.kms.katalon.core.main.TestCaseExecutor.doExecute(TestCaseExecutor.java:319)
	at com.kms.katalon.core.main.TestCaseExecutor.processExecutionPhase(TestCaseExecutor.java:298)
	at com.kms.katalon.core.main.TestCaseExecutor.accessMainPhase(TestCaseExecutor.java:290)
	at com.kms.katalon.core.main.TestCaseExecutor.execute(TestCaseExecutor.java:224)
	at com.kms.katalon.core.main.TestSuiteExecutor.accessTestCaseMainPhase(TestSuiteExecutor.java:129)
	at com.kms.katalon.core.main.TestSuiteExecutor.accessTestSuiteMainPhase(TestSuiteExecutor.java:112)
	at com.kms.katalon.core.main.TestSuiteExecutor.execute(TestSuiteExecutor.java:81)
	at com.kms.katalon.core.main.TestCaseMain.startTestSuite(TestCaseMain.java:149)
	at com.kms.katalon.core.main.TestCaseMain$startTestSuite$0.call(Unknown Source)
	at TempTestSuite1563918963353.run(TempTestSuite1563918963353.groovy:36)]]></system-err>
      </testcase>
      <testcase name="Test Cases/OCS - DESKTOP/OCS- PRODUCT PAGE/Shop all of our products" classname="Test Cases/OCS - DESKTOP/OCS- PRODUCT PAGE/Shop all of our products" status="PASSED">
         <system-out><![CDATA[2019-07-23 18:40:35 - [TEST_CASE][PASSED] - Test Cases/OCS - DESKTOP/OCS- PRODUCT PAGE/Shop all of our products: Test Cases/OCS - DESKTOP/OCS- PRODUCT PAGE/Shop all of our products

2019-07-23 18:40:35 - [TEST_STEP][PASSED] - callTestCase(findTestCase("OCS - DESKTOP/CALL - PDP"), [:], STOP_ON_FAILURE): Call Test Case 'Test Cases/OCS - DESKTOP/CALL - PDP' successfully

2019-07-23 18:40:35 - [TEST_CASE][PASSED] - Test Cases/OCS - DESKTOP/CALL - PDP: Test Cases/OCS - DESKTOP/CALL - PDP

2019-07-23 18:40:35 - [TEST_STEP][PASSED] - openBrowser(""): Browser is opened with url: ''

2019-07-23 18:40:35 - [MESSAGE][WARNING] - A browser is already opened. Closing browser and opening a new one

2019-07-23 18:40:35 - [MESSAGE][INFO] - Starting 'Chrome' driver

2019-07-23 18:40:36 - [MESSAGE][PASSED] - Browser is opened with url: ''

2019-07-23 18:40:36 - [TEST_STEP][PASSED] - navigateToUrl("https://ocs.ca/?fts=0&preview_theme_id=74209363788"): Navigate to 'https://ocs.ca/?fts=0&preview_theme_id=74209363788' successfully

2019-07-23 18:40:41 - [MESSAGE][PASSED] - Navigate to 'https://ocs.ca/?fts=0&preview_theme_id=74209363788' successfully

2019-07-23 18:40:41 - [TEST_STEP][PASSED] - maximizeWindow(): Current window maximized

2019-07-23 18:40:41 - [MESSAGE][PASSED] - Current window maximized

2019-07-23 18:40:41 - [TEST_STEP][PASSED] - executeJavaScript("var previewBar = document.getElementById("preview-bar-iframe"); previewBar.style.display = "none";", []): Execute JavaScript 'var previewBar = document.getElementById("preview-bar-iframe"); previewBar.style.display = "none";' successfully

2019-07-23 18:40:41 - [MESSAGE][PASSED] - Execute JavaScript 'var previewBar = document.getElementById("preview-bar-iframe"); previewBar.style.display = "none";' successfully

2019-07-23 18:40:41 - [TEST_STEP][PASSED] - delay(4): Delayed 4 second(s)

2019-07-23 18:40:45 - [MESSAGE][PASSED] - Delayed 4 second(s)

2019-07-23 18:40:45 - [TEST_STEP][PASSED] - selectOptionByValue(findTestObject("OCS-DESKTOP/Age gate and Mega menu/Date"), "12", true): All options with value '12' are selected in object 'Object Repository/OCS-DESKTOP/Age gate and Mega menu/Date'  using regular expression

2019-07-23 18:40:45 - [MESSAGE][PASSED] - All options with value '12' are selected in object 'Object Repository/OCS-DESKTOP/Age gate and Mega menu/Date'  using regular expression

2019-07-23 18:40:45 - [TEST_STEP][PASSED] - selectOptionByValue(findTestObject("OCS-DESKTOP/Age gate and Mega menu/month"), "6", true): All options with value '6' are selected in object 'Object Repository/OCS-DESKTOP/Age gate and Mega menu/month'  using regular expression

2019-07-23 18:40:46 - [MESSAGE][PASSED] - All options with value '6' are selected in object 'Object Repository/OCS-DESKTOP/Age gate and Mega menu/month'  using regular expression

2019-07-23 18:40:46 - [TEST_STEP][PASSED] - delay(2): Delayed 2 second(s)

2019-07-23 18:40:48 - [MESSAGE][PASSED] - Delayed 2 second(s)

2019-07-23 18:40:48 - [TEST_STEP][PASSED] - selectOptionByValue(findTestObject("OCS-DESKTOP/Age gate and Mega menu/Year Dropdown"), "1990", true): All options with value '1990' are selected in object 'Object Repository/OCS-DESKTOP/Age gate and Mega menu/Year Dropdown'  using regular expression

2019-07-23 18:40:49 - [MESSAGE][PASSED] - All options with value '1990' are selected in object 'Object Repository/OCS-DESKTOP/Age gate and Mega menu/Year Dropdown'  using regular expression

2019-07-23 18:40:49 - [TEST_STEP][PASSED] - click(findTestObject("OCS-DESKTOP/Age gate and Mega menu/button_Verify")): Object: 'Object Repository/OCS-DESKTOP/Age gate and Mega menu/button_Verify' is clicked on

2019-07-23 18:40:49 - [MESSAGE][PASSED] - Object: 'Object Repository/OCS-DESKTOP/Age gate and Mega menu/button_Verify' is clicked on

2019-07-23 18:40:49 - [TEST_STEP][PASSED] - click(findTestObject("OCS-DESKTOP/Age gate and Mega menu/Checkbox_CONFIRM AND ACKNOWLEDGE")): Object: 'Object Repository/OCS-DESKTOP/Age gate and Mega menu/Checkbox_CONFIRM AND ACKNOWLEDGE' is clicked on

2019-07-23 18:40:49 - [MESSAGE][PASSED] - Object: 'Object Repository/OCS-DESKTOP/Age gate and Mega menu/Checkbox_CONFIRM AND ACKNOWLEDGE' is clicked on

2019-07-23 18:40:49 - [TEST_STEP][PASSED] - click(findTestObject("OCS-DESKTOP/Age gate and Mega menu/button_CONFIRM")): Object: 'Object Repository/OCS-DESKTOP/Age gate and Mega menu/button_CONFIRM' is clicked on

2019-07-23 18:40:49 - [MESSAGE][PASSED] - Object: 'Object Repository/OCS-DESKTOP/Age gate and Mega menu/button_CONFIRM' is clicked on

2019-07-23 18:40:49 - [TEST_STEP][PASSED] - click(findTestObject("OCS-DESKTOP/Age gate and Mega menu/button_Start Browsing")): Object: 'Object Repository/OCS-DESKTOP/Age gate and Mega menu/button_Start Browsing' is clicked on

2019-07-23 18:40:49 - [MESSAGE][PASSED] - Object: 'Object Repository/OCS-DESKTOP/Age gate and Mega menu/button_Start Browsing' is clicked on

2019-07-23 18:40:49 - [TEST_STEP][PASSED] - refresh(): Refresh successfully

2019-07-23 18:40:49 - [MESSAGE][PASSED] - Refresh successfully

2019-07-23 18:40:49 - [TEST_STEP][PASSED] - delay(2): Delayed 2 second(s)

2019-07-23 18:40:51 - [MESSAGE][PASSED] - Delayed 2 second(s)

2019-07-23 18:40:51 - [TEST_STEP][PASSED] - click(findTestObject("OCS-DESKTOP/Age gate and Mega menu/Header/CANNABIS menu - English")): Object: 'Object Repository/OCS-DESKTOP/Age gate and Mega menu/Header/CANNABIS menu - English' is clicked on

2019-07-23 18:40:53 - [MESSAGE][PASSED] - Object: 'Object Repository/OCS-DESKTOP/Age gate and Mega menu/Header/CANNABIS menu - English' is clicked on

2019-07-23 18:40:53 - [TEST_STEP][PASSED] - delay(2): Delayed 2 second(s)

2019-07-23 18:40:55 - [MESSAGE][PASSED] - Delayed 2 second(s)

2019-07-23 18:40:55 - [TEST_STEP][PASSED] - click(findTestObject("OCS-DESKTOP/Age gate and Mega menu/Indica Dominant_Menu item")): Object: 'Object Repository/OCS-DESKTOP/Age gate and Mega menu/Indica Dominant_Menu item' is clicked on

2019-07-23 18:40:57 - [MESSAGE][PASSED] - Object: 'Object Repository/OCS-DESKTOP/Age gate and Mega menu/Indica Dominant_Menu item' is clicked on

2019-07-23 18:40:57 - [TEST_STEP][PASSED] - delay(2): Delayed 2 second(s)

2019-07-23 18:40:59 - [MESSAGE][PASSED] - Delayed 2 second(s)

2019-07-23 18:40:59 - [TEST_STEP][PASSED] - scrollToElement(findTestObject("OCS-DESKTOP/Collection page/Product image - 1st one"), 0): Scroll to object 'Object Repository/OCS-DESKTOP/Collection page/Product image - 1st one' successfully

2019-07-23 18:40:59 - [MESSAGE][WARNING] - Timeout '0' is invalid. Using default page load timeout: '30'

2019-07-23 18:40:59 - [MESSAGE][PASSED] - Scroll to object 'Object Repository/OCS-DESKTOP/Collection page/Product image - 1st one' successfully

2019-07-23 18:40:59 - [TEST_STEP][PASSED] - delay(2): Delayed 2 second(s)

2019-07-23 18:41:01 - [MESSAGE][PASSED] - Delayed 2 second(s)

2019-07-23 18:41:01 - [TEST_STEP][PASSED] - click(findTestObject("OCS-DESKTOP/Collection page/Product image - 1st one")): Object: 'Object Repository/OCS-DESKTOP/Collection page/Product image - 1st one' is clicked on

2019-07-23 18:41:07 - [MESSAGE][PASSED] - Object: 'Object Repository/OCS-DESKTOP/Collection page/Product image - 1st one' is clicked on

2019-07-23 18:41:07 - [TEST_STEP][PASSED] - executeJavaScript("var previewBar = document.getElementById("preview-bar-iframe"); previewBar.style.display = "none";", []): Execute JavaScript 'var previewBar = document.getElementById("preview-bar-iframe"); previewBar.style.display = "none";' successfully

2019-07-23 18:41:07 - [MESSAGE][PASSED] - Execute JavaScript 'var previewBar = document.getElementById("preview-bar-iframe"); previewBar.style.display = "none";' successfully

2019-07-23 18:41:07 - [TEST_STEP][PASSED] - delay(2): Delayed 2 second(s)

2019-07-23 18:41:09 - [MESSAGE][PASSED] - Delayed 2 second(s)

2019-07-23 18:41:09 - [MESSAGE][PASSED] - Call Test Case 'Test Cases/OCS - DESKTOP/CALL - PDP' successfully

2019-07-23 18:41:09 - [TEST_STEP][NOT_RUN] - scrollToElement(findTestObject("OCS-MOBILE /Product page/Recently Viewed/1st Product - Image"), 2): NOT_RUN: scrollToElement(findTestObject("OCS-MOBILE /Product page/Recently Viewed/1st Product - Image"), 2)

2019-07-23 18:41:09 - [MESSAGE][NOT_RUN] - NOT_RUN: scrollToElement(findTestObject("OCS-MOBILE /Product page/Recently Viewed/1st Product - Image"), 2)

2019-07-23 18:41:09 - [TEST_STEP][PASSED] - delay(1, OPTIONAL): Delayed 1 second(s)

2019-07-23 18:41:10 - [MESSAGE][PASSED] - Delayed 1 second(s)

2019-07-23 18:41:10 - [TEST_STEP][PASSED] - click(findTestObject("OCS-DESKTOP/Product page/Shop all of our products - Button")): Object: 'Object Repository/OCS-DESKTOP/Product page/Shop all of our products - Button' is clicked on

2019-07-23 18:41:13 - [MESSAGE][PASSED] - Object: 'Object Repository/OCS-DESKTOP/Product page/Shop all of our products - Button' is clicked on

2019-07-23 18:41:13 - [TEST_STEP][PASSED] - a = getWindowTitle(): Current window's title is: 'All Products | Ontario Cannabis Store'

2019-07-23 18:41:13 - [MESSAGE][PASSED] - Current window's title is: 'All Products | Ontario Cannabis Store'

2019-07-23 18:41:13 - [TEST_STEP][PASSED] - b = "All Products | Ontario Cannabis Store": null

2019-07-23 18:41:13 - [TEST_STEP][PASSED] - comment("WINDOW TITLE: " + a): WINDOW TITLE: All Products | Ontario Cannabis Store

2019-07-23 18:41:13 - [MESSAGE][INFO] - WINDOW TITLE: All Products | Ontario Cannabis Store

2019-07-23 18:41:13 - [TEST_STEP][PASSED] - verifyEqual(a, b): Actual object 'All Products | Ontario Cannabis Store' and expected object 'All Products | Ontario Cannabis Store' are equal

2019-07-23 18:41:13 - [MESSAGE][PASSED] - Actual object 'All Products | Ontario Cannabis Store' and expected object 'All Products | Ontario Cannabis Store' are equal]]></system-out>
         <system-err><![CDATA[]]></system-err>
      </testcase>
      <testcase name="Test Cases/OCS - DESKTOP/OCS- PRODUCT PAGE/Tooltip" classname="Test Cases/OCS - DESKTOP/OCS- PRODUCT PAGE/Tooltip" status="PASSED">
         <system-out><![CDATA[2019-07-23 18:41:13 - [TEST_CASE][PASSED] - Test Cases/OCS - DESKTOP/OCS- PRODUCT PAGE/Tooltip: Test Cases/OCS - DESKTOP/OCS- PRODUCT PAGE/Tooltip

2019-07-23 18:41:13 - [TEST_STEP][PASSED] - callTestCase(findTestCase("OCS - DESKTOP/CALL - PDP"), [:], STOP_ON_FAILURE): Call Test Case 'Test Cases/OCS - DESKTOP/CALL - PDP' successfully

2019-07-23 18:41:14 - [TEST_CASE][PASSED] - Test Cases/OCS - DESKTOP/CALL - PDP: Test Cases/OCS - DESKTOP/CALL - PDP

2019-07-23 18:41:14 - [TEST_STEP][PASSED] - openBrowser(""): Browser is opened with url: ''

2019-07-23 18:41:14 - [MESSAGE][WARNING] - A browser is already opened. Closing browser and opening a new one

2019-07-23 18:41:14 - [MESSAGE][INFO] - Starting 'Chrome' driver

2019-07-23 18:41:15 - [MESSAGE][PASSED] - Browser is opened with url: ''

2019-07-23 18:41:15 - [TEST_STEP][PASSED] - navigateToUrl("https://ocs.ca/?fts=0&preview_theme_id=74209363788"): Navigate to 'https://ocs.ca/?fts=0&preview_theme_id=74209363788' successfully

2019-07-23 18:41:20 - [MESSAGE][PASSED] - Navigate to 'https://ocs.ca/?fts=0&preview_theme_id=74209363788' successfully

2019-07-23 18:41:20 - [TEST_STEP][PASSED] - maximizeWindow(): Current window maximized

2019-07-23 18:41:20 - [MESSAGE][PASSED] - Current window maximized

2019-07-23 18:41:20 - [TEST_STEP][PASSED] - executeJavaScript("var previewBar = document.getElementById("preview-bar-iframe"); previewBar.style.display = "none";", []): Execute JavaScript 'var previewBar = document.getElementById("preview-bar-iframe"); previewBar.style.display = "none";' successfully

2019-07-23 18:41:20 - [MESSAGE][PASSED] - Execute JavaScript 'var previewBar = document.getElementById("preview-bar-iframe"); previewBar.style.display = "none";' successfully

2019-07-23 18:41:20 - [TEST_STEP][PASSED] - delay(4): Delayed 4 second(s)

2019-07-23 18:41:24 - [MESSAGE][PASSED] - Delayed 4 second(s)

2019-07-23 18:41:24 - [TEST_STEP][PASSED] - selectOptionByValue(findTestObject("OCS-DESKTOP/Age gate and Mega menu/Date"), "12", true): All options with value '12' are selected in object 'Object Repository/OCS-DESKTOP/Age gate and Mega menu/Date'  using regular expression

2019-07-23 18:41:24 - [MESSAGE][PASSED] - All options with value '12' are selected in object 'Object Repository/OCS-DESKTOP/Age gate and Mega menu/Date'  using regular expression

2019-07-23 18:41:24 - [TEST_STEP][PASSED] - selectOptionByValue(findTestObject("OCS-DESKTOP/Age gate and Mega menu/month"), "6", true): All options with value '6' are selected in object 'Object Repository/OCS-DESKTOP/Age gate and Mega menu/month'  using regular expression

2019-07-23 18:41:25 - [MESSAGE][PASSED] - All options with value '6' are selected in object 'Object Repository/OCS-DESKTOP/Age gate and Mega menu/month'  using regular expression

2019-07-23 18:41:25 - [TEST_STEP][PASSED] - delay(2): Delayed 2 second(s)

2019-07-23 18:41:27 - [MESSAGE][PASSED] - Delayed 2 second(s)

2019-07-23 18:41:27 - [TEST_STEP][PASSED] - selectOptionByValue(findTestObject("OCS-DESKTOP/Age gate and Mega menu/Year Dropdown"), "1990", true): All options with value '1990' are selected in object 'Object Repository/OCS-DESKTOP/Age gate and Mega menu/Year Dropdown'  using regular expression

2019-07-23 18:41:28 - [MESSAGE][PASSED] - All options with value '1990' are selected in object 'Object Repository/OCS-DESKTOP/Age gate and Mega menu/Year Dropdown'  using regular expression

2019-07-23 18:41:28 - [TEST_STEP][PASSED] - click(findTestObject("OCS-DESKTOP/Age gate and Mega menu/button_Verify")): Object: 'Object Repository/OCS-DESKTOP/Age gate and Mega menu/button_Verify' is clicked on

2019-07-23 18:41:28 - [MESSAGE][PASSED] - Object: 'Object Repository/OCS-DESKTOP/Age gate and Mega menu/button_Verify' is clicked on

2019-07-23 18:41:28 - [TEST_STEP][PASSED] - click(findTestObject("OCS-DESKTOP/Age gate and Mega menu/Checkbox_CONFIRM AND ACKNOWLEDGE")): Object: 'Object Repository/OCS-DESKTOP/Age gate and Mega menu/Checkbox_CONFIRM AND ACKNOWLEDGE' is clicked on

2019-07-23 18:41:28 - [MESSAGE][PASSED] - Object: 'Object Repository/OCS-DESKTOP/Age gate and Mega menu/Checkbox_CONFIRM AND ACKNOWLEDGE' is clicked on

2019-07-23 18:41:28 - [TEST_STEP][PASSED] - click(findTestObject("OCS-DESKTOP/Age gate and Mega menu/button_CONFIRM")): Object: 'Object Repository/OCS-DESKTOP/Age gate and Mega menu/button_CONFIRM' is clicked on

2019-07-23 18:41:28 - [MESSAGE][PASSED] - Object: 'Object Repository/OCS-DESKTOP/Age gate and Mega menu/button_CONFIRM' is clicked on

2019-07-23 18:41:28 - [TEST_STEP][PASSED] - click(findTestObject("OCS-DESKTOP/Age gate and Mega menu/button_Start Browsing")): Object: 'Object Repository/OCS-DESKTOP/Age gate and Mega menu/button_Start Browsing' is clicked on

2019-07-23 18:41:28 - [MESSAGE][PASSED] - Object: 'Object Repository/OCS-DESKTOP/Age gate and Mega menu/button_Start Browsing' is clicked on

2019-07-23 18:41:28 - [TEST_STEP][PASSED] - refresh(): Refresh successfully

2019-07-23 18:41:28 - [MESSAGE][PASSED] - Refresh successfully

2019-07-23 18:41:28 - [TEST_STEP][PASSED] - delay(2): Delayed 2 second(s)

2019-07-23 18:41:30 - [MESSAGE][PASSED] - Delayed 2 second(s)

2019-07-23 18:41:30 - [TEST_STEP][PASSED] - click(findTestObject("OCS-DESKTOP/Age gate and Mega menu/Header/CANNABIS menu - English")): Object: 'Object Repository/OCS-DESKTOP/Age gate and Mega menu/Header/CANNABIS menu - English' is clicked on

2019-07-23 18:41:32 - [MESSAGE][PASSED] - Object: 'Object Repository/OCS-DESKTOP/Age gate and Mega menu/Header/CANNABIS menu - English' is clicked on

2019-07-23 18:41:32 - [TEST_STEP][PASSED] - delay(2): Delayed 2 second(s)

2019-07-23 18:41:34 - [MESSAGE][PASSED] - Delayed 2 second(s)

2019-07-23 18:41:34 - [TEST_STEP][PASSED] - click(findTestObject("OCS-DESKTOP/Age gate and Mega menu/Indica Dominant_Menu item")): Object: 'Object Repository/OCS-DESKTOP/Age gate and Mega menu/Indica Dominant_Menu item' is clicked on

2019-07-23 18:41:36 - [MESSAGE][PASSED] - Object: 'Object Repository/OCS-DESKTOP/Age gate and Mega menu/Indica Dominant_Menu item' is clicked on

2019-07-23 18:41:36 - [TEST_STEP][PASSED] - delay(2): Delayed 2 second(s)

2019-07-23 18:41:38 - [MESSAGE][PASSED] - Delayed 2 second(s)

2019-07-23 18:41:38 - [TEST_STEP][PASSED] - scrollToElement(findTestObject("OCS-DESKTOP/Collection page/Product image - 1st one"), 0): Scroll to object 'Object Repository/OCS-DESKTOP/Collection page/Product image - 1st one' successfully

2019-07-23 18:41:38 - [MESSAGE][WARNING] - Timeout '0' is invalid. Using default page load timeout: '30'

2019-07-23 18:41:38 - [MESSAGE][PASSED] - Scroll to object 'Object Repository/OCS-DESKTOP/Collection page/Product image - 1st one' successfully

2019-07-23 18:41:38 - [TEST_STEP][PASSED] - delay(2): Delayed 2 second(s)

2019-07-23 18:41:40 - [MESSAGE][PASSED] - Delayed 2 second(s)

2019-07-23 18:41:40 - [TEST_STEP][PASSED] - click(findTestObject("OCS-DESKTOP/Collection page/Product image - 1st one")): Object: 'Object Repository/OCS-DESKTOP/Collection page/Product image - 1st one' is clicked on

2019-07-23 18:41:44 - [MESSAGE][PASSED] - Object: 'Object Repository/OCS-DESKTOP/Collection page/Product image - 1st one' is clicked on

2019-07-23 18:41:44 - [TEST_STEP][PASSED] - executeJavaScript("var previewBar = document.getElementById("preview-bar-iframe"); previewBar.style.display = "none";", []): Execute JavaScript 'var previewBar = document.getElementById("preview-bar-iframe"); previewBar.style.display = "none";' successfully

2019-07-23 18:41:44 - [MESSAGE][PASSED] - Execute JavaScript 'var previewBar = document.getElementById("preview-bar-iframe"); previewBar.style.display = "none";' successfully

2019-07-23 18:41:44 - [TEST_STEP][PASSED] - delay(2): Delayed 2 second(s)

2019-07-23 18:41:46 - [MESSAGE][PASSED] - Delayed 2 second(s)

2019-07-23 18:41:46 - [MESSAGE][PASSED] - Call Test Case 'Test Cases/OCS - DESKTOP/CALL - PDP' successfully

2019-07-23 18:41:46 - [TEST_STEP][PASSED] - mouseOver(findTestObject("OCS-DESKTOP/Product page/Tooltips/THC - Tooltip")): Object: 'Object Repository/OCS-DESKTOP/Product page/Tooltips/THC - Tooltip' is hovered

2019-07-23 18:41:46 - [MESSAGE][PASSED] - Object: 'Object Repository/OCS-DESKTOP/Product page/Tooltips/THC - Tooltip' is hovered

2019-07-23 18:41:46 - [TEST_STEP][PASSED] - takeScreenshot(): Taking screenshot successfully

2019-07-23 18:41:46 - [MESSAGE][PASSED] - Taking screenshot successfully
[[ATTACHMENT|/Users/sumankompelly/git/OCS--Relative-xpath-Desktop/Reports/Suite - Chrome/20190723_175603/1563921706460.png]]

2019-07-23 18:41:46 - [TEST_STEP][PASSED] - delay(2): Delayed 2 second(s)

2019-07-23 18:41:48 - [MESSAGE][PASSED] - Delayed 2 second(s)

2019-07-23 18:41:48 - [TEST_STEP][PASSED] - mouseOver(findTestObject("OCS-DESKTOP/Product page/Tooltips/CBD - Tooltip")): Object: 'Object Repository/OCS-DESKTOP/Product page/Tooltips/CBD - Tooltip' is hovered

2019-07-23 18:41:48 - [MESSAGE][PASSED] - Object: 'Object Repository/OCS-DESKTOP/Product page/Tooltips/CBD - Tooltip' is hovered

2019-07-23 18:41:48 - [TEST_STEP][PASSED] - takeScreenshot(): Taking screenshot successfully

2019-07-23 18:41:49 - [MESSAGE][PASSED] - Taking screenshot successfully
[[ATTACHMENT|/Users/sumankompelly/git/OCS--Relative-xpath-Desktop/Reports/Suite - Chrome/20190723_175603/1563921708911.png]]

2019-07-23 18:41:49 - [TEST_STEP][PASSED] - delay(2): Delayed 2 second(s)

2019-07-23 18:41:51 - [MESSAGE][PASSED] - Delayed 2 second(s)

2019-07-23 18:41:51 - [TEST_STEP][PASSED] - mouseOver(findTestObject("OCS-DESKTOP/Product page/Tooltips/Plant type - Tooltip")): Object: 'Object Repository/OCS-DESKTOP/Product page/Tooltips/Plant type - Tooltip' is hovered

2019-07-23 18:41:51 - [MESSAGE][PASSED] - Object: 'Object Repository/OCS-DESKTOP/Product page/Tooltips/Plant type - Tooltip' is hovered

2019-07-23 18:41:51 - [TEST_STEP][PASSED] - takeScreenshot(): Taking screenshot successfully

2019-07-23 18:41:51 - [MESSAGE][PASSED] - Taking screenshot successfully
[[ATTACHMENT|/Users/sumankompelly/git/OCS--Relative-xpath-Desktop/Reports/Suite - Chrome/20190723_175603/1563921711278.png]]

2019-07-23 18:41:51 - [TEST_STEP][PASSED] - delay(2): Delayed 2 second(s)

2019-07-23 18:41:53 - [MESSAGE][PASSED] - Delayed 2 second(s)

2019-07-23 18:41:53 - [TEST_STEP][PASSED] - click(findTestObject("OCS-DESKTOP/Product page/Tooltips/Terpenes - Tooltip")): Object: 'Object Repository/OCS-DESKTOP/Product page/Tooltips/Terpenes - Tooltip' is clicked on

2019-07-23 18:41:53 - [MESSAGE][PASSED] - Object: 'Object Repository/OCS-DESKTOP/Product page/Tooltips/Terpenes - Tooltip' is clicked on

2019-07-23 18:41:53 - [TEST_STEP][PASSED] - takeScreenshot(): Taking screenshot successfully

2019-07-23 18:41:54 - [MESSAGE][PASSED] - Taking screenshot successfully
[[ATTACHMENT|/Users/sumankompelly/git/OCS--Relative-xpath-Desktop/Reports/Suite - Chrome/20190723_175603/1563921713679.png]]

2019-07-23 18:41:54 - [TEST_STEP][PASSED] - delay(2): Delayed 2 second(s)

2019-07-23 18:41:56 - [MESSAGE][PASSED] - Delayed 2 second(s)

2019-07-23 18:41:56 - [TEST_STEP][PASSED] - scrollToElement(findTestObject("OCS-DESKTOP/Product page/About Product - Section"), 0): Scroll to object 'Object Repository/OCS-DESKTOP/Product page/About Product - Section' successfully

2019-07-23 18:41:56 - [MESSAGE][WARNING] - Timeout '0' is invalid. Using default page load timeout: '30'

2019-07-23 18:41:56 - [MESSAGE][PASSED] - Scroll to object 'Object Repository/OCS-DESKTOP/Product page/About Product - Section' successfully

2019-07-23 18:41:56 - [TEST_STEP][PASSED] - click(findTestObject("OCS-DESKTOP/Product page/Tooltips/THC - Tooltip - About this product")): Object: 'Object Repository/OCS-DESKTOP/Product page/Tooltips/THC - Tooltip - About this product' is clicked on

2019-07-23 18:41:56 - [MESSAGE][PASSED] - Object: 'Object Repository/OCS-DESKTOP/Product page/Tooltips/THC - Tooltip - About this product' is clicked on

2019-07-23 18:41:56 - [TEST_STEP][PASSED] - delay(1): Delayed 1 second(s)

2019-07-23 18:41:57 - [MESSAGE][PASSED] - Delayed 1 second(s)

2019-07-23 18:41:57 - [TEST_STEP][PASSED] - takeScreenshot(): Taking screenshot successfully

2019-07-23 18:41:57 - [MESSAGE][PASSED] - Taking screenshot successfully
[[ATTACHMENT|/Users/sumankompelly/git/OCS--Relative-xpath-Desktop/Reports/Suite - Chrome/20190723_175603/1563921717130.png]]

2019-07-23 18:41:57 - [TEST_STEP][PASSED] - delay(1): Delayed 1 second(s)

2019-07-23 18:41:58 - [MESSAGE][PASSED] - Delayed 1 second(s)

2019-07-23 18:41:58 - [TEST_STEP][NOT_RUN] - click(findTestObject("OCS-DESKTOP/Product page/Tooltips/Close - Tooltip - THC")): NOT_RUN: click(findTestObject("OCS-DESKTOP/Product page/Tooltips/Close - Tooltip - THC"))

2019-07-23 18:41:58 - [MESSAGE][NOT_RUN] - NOT_RUN: click(findTestObject("OCS-DESKTOP/Product page/Tooltips/Close - Tooltip - THC"))

2019-07-23 18:41:58 - [TEST_STEP][PASSED] - delay(1): Delayed 1 second(s)

2019-07-23 18:41:59 - [MESSAGE][PASSED] - Delayed 1 second(s)

2019-07-23 18:41:59 - [TEST_STEP][PASSED] - click(findTestObject("OCS-DESKTOP/Product page/Tooltips/CBD - Tooltip - About this product")): Object: 'Object Repository/OCS-DESKTOP/Product page/Tooltips/CBD - Tooltip - About this product' is clicked on

2019-07-23 18:41:59 - [MESSAGE][PASSED] - Object: 'Object Repository/OCS-DESKTOP/Product page/Tooltips/CBD - Tooltip - About this product' is clicked on

2019-07-23 18:41:59 - [TEST_STEP][PASSED] - delay(1): Delayed 1 second(s)

2019-07-23 18:42:00 - [MESSAGE][PASSED] - Delayed 1 second(s)

2019-07-23 18:42:00 - [TEST_STEP][PASSED] - takeScreenshot(): Taking screenshot successfully

2019-07-23 18:42:00 - [MESSAGE][PASSED] - Taking screenshot successfully
[[ATTACHMENT|/Users/sumankompelly/git/OCS--Relative-xpath-Desktop/Reports/Suite - Chrome/20190723_175603/1563921720597.png]]

2019-07-23 18:42:00 - [TEST_STEP][PASSED] - delay(1): Delayed 1 second(s)

2019-07-23 18:42:01 - [MESSAGE][PASSED] - Delayed 1 second(s)

2019-07-23 18:42:01 - [TEST_STEP][NOT_RUN] - click(findTestObject("OCS-DESKTOP/Product page/Tooltips/Close - Tooltip - CBD")): NOT_RUN: click(findTestObject("OCS-DESKTOP/Product page/Tooltips/Close - Tooltip - CBD"))

2019-07-23 18:42:01 - [MESSAGE][NOT_RUN] - NOT_RUN: click(findTestObject("OCS-DESKTOP/Product page/Tooltips/Close - Tooltip - CBD"))

2019-07-23 18:42:01 - [TEST_STEP][PASSED] - delay(1): Delayed 1 second(s)

2019-07-23 18:42:02 - [MESSAGE][PASSED] - Delayed 1 second(s)

2019-07-23 18:42:02 - [TEST_STEP][PASSED] - click(findTestObject("OCS-DESKTOP/Product page/Tooltips/Plant type - Tooltip - About this product")): Object: 'Object Repository/OCS-DESKTOP/Product page/Tooltips/Plant type - Tooltip - About this product' is clicked on

2019-07-23 18:42:03 - [MESSAGE][PASSED] - Object: 'Object Repository/OCS-DESKTOP/Product page/Tooltips/Plant type - Tooltip - About this product' is clicked on

2019-07-23 18:42:03 - [TEST_STEP][PASSED] - delay(1): Delayed 1 second(s)

2019-07-23 18:42:04 - [MESSAGE][PASSED] - Delayed 1 second(s)

2019-07-23 18:42:04 - [TEST_STEP][PASSED] - takeScreenshot(): Taking screenshot successfully

2019-07-23 18:42:04 - [MESSAGE][PASSED] - Taking screenshot successfully
[[ATTACHMENT|/Users/sumankompelly/git/OCS--Relative-xpath-Desktop/Reports/Suite - Chrome/20190723_175603/1563921724034.png]]

2019-07-23 18:42:04 - [TEST_STEP][PASSED] - delay(1): Delayed 1 second(s)

2019-07-23 18:42:05 - [MESSAGE][PASSED] - Delayed 1 second(s)

2019-07-23 18:42:05 - [TEST_STEP][NOT_RUN] - click(findTestObject("OCS-DESKTOP/Product page/Tooltips/Close - Tooltip - Plant")): NOT_RUN: click(findTestObject("OCS-DESKTOP/Product page/Tooltips/Close - Tooltip - Plant"))

2019-07-23 18:42:05 - [MESSAGE][NOT_RUN] - NOT_RUN: click(findTestObject("OCS-DESKTOP/Product page/Tooltips/Close - Tooltip - Plant"))

2019-07-23 18:42:05 - [TEST_STEP][PASSED] - delay(1): Delayed 1 second(s)

2019-07-23 18:42:06 - [MESSAGE][PASSED] - Delayed 1 second(s)

2019-07-23 18:42:06 - [TEST_STEP][PASSED] - click(findTestObject("OCS-DESKTOP/Product page/Tooltips/Terpenes - Tooltip - About this product")): Object: 'Object Repository/OCS-DESKTOP/Product page/Tooltips/Terpenes - Tooltip - About this product' is clicked on

2019-07-23 18:42:06 - [MESSAGE][PASSED] - Object: 'Object Repository/OCS-DESKTOP/Product page/Tooltips/Terpenes - Tooltip - About this product' is clicked on

2019-07-23 18:42:06 - [TEST_STEP][PASSED] - delay(1): Delayed 1 second(s)

2019-07-23 18:42:07 - [MESSAGE][PASSED] - Delayed 1 second(s)

2019-07-23 18:42:07 - [TEST_STEP][PASSED] - takeScreenshot(): Taking screenshot successfully

2019-07-23 18:42:07 - [MESSAGE][PASSED] - Taking screenshot successfully
[[ATTACHMENT|/Users/sumankompelly/git/OCS--Relative-xpath-Desktop/Reports/Suite - Chrome/20190723_175603/1563921727433.png]]

2019-07-23 18:42:07 - [TEST_STEP][PASSED] - delay(1): Delayed 1 second(s)

2019-07-23 18:42:08 - [MESSAGE][PASSED] - Delayed 1 second(s)

2019-07-23 18:42:08 - [TEST_STEP][NOT_RUN] - click(findTestObject("OCS-DESKTOP/Product page/Tooltips/Close - Tooltip - Terepenes")): NOT_RUN: click(findTestObject("OCS-DESKTOP/Product page/Tooltips/Close - Tooltip - Terepenes"))

2019-07-23 18:42:08 - [MESSAGE][NOT_RUN] - NOT_RUN: click(findTestObject("OCS-DESKTOP/Product page/Tooltips/Close - Tooltip - Terepenes"))

2019-07-23 18:42:08 - [TEST_STEP][PASSED] - delay(1): Delayed 1 second(s)

2019-07-23 18:42:09 - [MESSAGE][PASSED] - Delayed 1 second(s)

2019-07-23 18:42:09 - [TEST_STEP][PASSED] - click(findTestObject("OCS-DESKTOP/Product page/Tooltips/GTIN - Tooltip - About this product")): Object: 'Object Repository/OCS-DESKTOP/Product page/Tooltips/GTIN - Tooltip - About this product' is clicked on

2019-07-23 18:42:09 - [MESSAGE][PASSED] - Object: 'Object Repository/OCS-DESKTOP/Product page/Tooltips/GTIN - Tooltip - About this product' is clicked on

2019-07-23 18:42:09 - [TEST_STEP][PASSED] - delay(1): Delayed 1 second(s)

2019-07-23 18:42:10 - [MESSAGE][PASSED] - Delayed 1 second(s)

2019-07-23 18:42:10 - [TEST_STEP][PASSED] - takeScreenshot(): Taking screenshot successfully

2019-07-23 18:42:11 - [MESSAGE][PASSED] - Taking screenshot successfully
[[ATTACHMENT|/Users/sumankompelly/git/OCS--Relative-xpath-Desktop/Reports/Suite - Chrome/20190723_175603/1563921730832.png]]

2019-07-23 18:42:11 - [TEST_STEP][PASSED] - delay(1): Delayed 1 second(s)

2019-07-23 18:42:12 - [MESSAGE][PASSED] - Delayed 1 second(s)

2019-07-23 18:42:12 - [TEST_STEP][NOT_RUN] - click(findTestObject("OCS-DESKTOP/Product page/Tooltips/Close - Tooltip - GTIN")): NOT_RUN: click(findTestObject("OCS-DESKTOP/Product page/Tooltips/Close - Tooltip - GTIN"))

2019-07-23 18:42:12 - [MESSAGE][NOT_RUN] - NOT_RUN: click(findTestObject("OCS-DESKTOP/Product page/Tooltips/Close - Tooltip - GTIN"))

2019-07-23 18:42:12 - [TEST_STEP][PASSED] - delay(1): Delayed 1 second(s)

2019-07-23 18:42:13 - [MESSAGE][PASSED] - Delayed 1 second(s)]]></system-out>
         <system-err><![CDATA[]]></system-err>
      </testcase>
      <testcase name="Test Cases/OCS - DESKTOP/OCS- PRODUCT PAGE/Show all accessories" classname="Test Cases/OCS - DESKTOP/OCS- PRODUCT PAGE/Show all accessories" status="PASSED">
         <system-out><![CDATA[2019-07-23 18:42:13 - [TEST_CASE][PASSED] - Test Cases/OCS - DESKTOP/OCS- PRODUCT PAGE/Show all accessories: Test Cases/OCS - DESKTOP/OCS- PRODUCT PAGE/Show all accessories

2019-07-23 18:42:13 - [TEST_STEP][PASSED] - callTestCase(findTestCase("OCS - DESKTOP/CALL - PDP"), [:], STOP_ON_FAILURE): Call Test Case 'Test Cases/OCS - DESKTOP/CALL - PDP' successfully

2019-07-23 18:42:13 - [TEST_CASE][PASSED] - Test Cases/OCS - DESKTOP/CALL - PDP: Test Cases/OCS - DESKTOP/CALL - PDP

2019-07-23 18:42:13 - [TEST_STEP][PASSED] - openBrowser(""): Browser is opened with url: ''

2019-07-23 18:42:13 - [MESSAGE][WARNING] - A browser is already opened. Closing browser and opening a new one

2019-07-23 18:42:13 - [MESSAGE][INFO] - Starting 'Chrome' driver

2019-07-23 18:42:14 - [MESSAGE][PASSED] - Browser is opened with url: ''

2019-07-23 18:42:14 - [TEST_STEP][PASSED] - navigateToUrl("https://ocs.ca/?fts=0&preview_theme_id=74209363788"): Navigate to 'https://ocs.ca/?fts=0&preview_theme_id=74209363788' successfully

2019-07-23 18:42:20 - [MESSAGE][PASSED] - Navigate to 'https://ocs.ca/?fts=0&preview_theme_id=74209363788' successfully

2019-07-23 18:42:20 - [TEST_STEP][PASSED] - maximizeWindow(): Current window maximized

2019-07-23 18:42:20 - [MESSAGE][PASSED] - Current window maximized

2019-07-23 18:42:20 - [TEST_STEP][PASSED] - executeJavaScript("var previewBar = document.getElementById("preview-bar-iframe"); previewBar.style.display = "none";", []): Execute JavaScript 'var previewBar = document.getElementById("preview-bar-iframe"); previewBar.style.display = "none";' successfully

2019-07-23 18:42:20 - [MESSAGE][PASSED] - Execute JavaScript 'var previewBar = document.getElementById("preview-bar-iframe"); previewBar.style.display = "none";' successfully

2019-07-23 18:42:20 - [TEST_STEP][PASSED] - delay(4): Delayed 4 second(s)

2019-07-23 18:42:24 - [MESSAGE][PASSED] - Delayed 4 second(s)

2019-07-23 18:42:24 - [TEST_STEP][PASSED] - selectOptionByValue(findTestObject("OCS-DESKTOP/Age gate and Mega menu/Date"), "12", true): All options with value '12' are selected in object 'Object Repository/OCS-DESKTOP/Age gate and Mega menu/Date'  using regular expression

2019-07-23 18:42:25 - [MESSAGE][PASSED] - All options with value '12' are selected in object 'Object Repository/OCS-DESKTOP/Age gate and Mega menu/Date'  using regular expression

2019-07-23 18:42:25 - [TEST_STEP][PASSED] - selectOptionByValue(findTestObject("OCS-DESKTOP/Age gate and Mega menu/month"), "6", true): All options with value '6' are selected in object 'Object Repository/OCS-DESKTOP/Age gate and Mega menu/month'  using regular expression

2019-07-23 18:42:25 - [MESSAGE][PASSED] - All options with value '6' are selected in object 'Object Repository/OCS-DESKTOP/Age gate and Mega menu/month'  using regular expression

2019-07-23 18:42:25 - [TEST_STEP][PASSED] - delay(2): Delayed 2 second(s)

2019-07-23 18:42:27 - [MESSAGE][PASSED] - Delayed 2 second(s)

2019-07-23 18:42:27 - [TEST_STEP][PASSED] - selectOptionByValue(findTestObject("OCS-DESKTOP/Age gate and Mega menu/Year Dropdown"), "1990", true): All options with value '1990' are selected in object 'Object Repository/OCS-DESKTOP/Age gate and Mega menu/Year Dropdown'  using regular expression

2019-07-23 18:42:28 - [MESSAGE][PASSED] - All options with value '1990' are selected in object 'Object Repository/OCS-DESKTOP/Age gate and Mega menu/Year Dropdown'  using regular expression

2019-07-23 18:42:28 - [TEST_STEP][PASSED] - click(findTestObject("OCS-DESKTOP/Age gate and Mega menu/button_Verify")): Object: 'Object Repository/OCS-DESKTOP/Age gate and Mega menu/button_Verify' is clicked on

2019-07-23 18:42:28 - [MESSAGE][PASSED] - Object: 'Object Repository/OCS-DESKTOP/Age gate and Mega menu/button_Verify' is clicked on

2019-07-23 18:42:28 - [TEST_STEP][PASSED] - click(findTestObject("OCS-DESKTOP/Age gate and Mega menu/Checkbox_CONFIRM AND ACKNOWLEDGE")): Object: 'Object Repository/OCS-DESKTOP/Age gate and Mega menu/Checkbox_CONFIRM AND ACKNOWLEDGE' is clicked on

2019-07-23 18:42:28 - [MESSAGE][PASSED] - Object: 'Object Repository/OCS-DESKTOP/Age gate and Mega menu/Checkbox_CONFIRM AND ACKNOWLEDGE' is clicked on

2019-07-23 18:42:28 - [TEST_STEP][PASSED] - click(findTestObject("OCS-DESKTOP/Age gate and Mega menu/button_CONFIRM")): Object: 'Object Repository/OCS-DESKTOP/Age gate and Mega menu/button_CONFIRM' is clicked on

2019-07-23 18:42:28 - [MESSAGE][PASSED] - Object: 'Object Repository/OCS-DESKTOP/Age gate and Mega menu/button_CONFIRM' is clicked on

2019-07-23 18:42:28 - [TEST_STEP][PASSED] - click(findTestObject("OCS-DESKTOP/Age gate and Mega menu/button_Start Browsing")): Object: 'Object Repository/OCS-DESKTOP/Age gate and Mega menu/button_Start Browsing' is clicked on

2019-07-23 18:42:28 - [MESSAGE][PASSED] - Object: 'Object Repository/OCS-DESKTOP/Age gate and Mega menu/button_Start Browsing' is clicked on

2019-07-23 18:42:28 - [TEST_STEP][PASSED] - refresh(): Refresh successfully

2019-07-23 18:42:28 - [MESSAGE][PASSED] - Refresh successfully

2019-07-23 18:42:28 - [TEST_STEP][PASSED] - delay(2): Delayed 2 second(s)

2019-07-23 18:42:30 - [MESSAGE][PASSED] - Delayed 2 second(s)

2019-07-23 18:42:30 - [TEST_STEP][PASSED] - click(findTestObject("OCS-DESKTOP/Age gate and Mega menu/Header/CANNABIS menu - English")): Object: 'Object Repository/OCS-DESKTOP/Age gate and Mega menu/Header/CANNABIS menu - English' is clicked on

2019-07-23 18:42:31 - [MESSAGE][PASSED] - Object: 'Object Repository/OCS-DESKTOP/Age gate and Mega menu/Header/CANNABIS menu - English' is clicked on

2019-07-23 18:42:31 - [TEST_STEP][PASSED] - delay(2): Delayed 2 second(s)

2019-07-23 18:42:33 - [MESSAGE][PASSED] - Delayed 2 second(s)

2019-07-23 18:42:33 - [TEST_STEP][PASSED] - click(findTestObject("OCS-DESKTOP/Age gate and Mega menu/Indica Dominant_Menu item")): Object: 'Object Repository/OCS-DESKTOP/Age gate and Mega menu/Indica Dominant_Menu item' is clicked on

2019-07-23 18:42:36 - [MESSAGE][PASSED] - Object: 'Object Repository/OCS-DESKTOP/Age gate and Mega menu/Indica Dominant_Menu item' is clicked on

2019-07-23 18:42:36 - [TEST_STEP][PASSED] - delay(2): Delayed 2 second(s)

2019-07-23 18:42:38 - [MESSAGE][PASSED] - Delayed 2 second(s)

2019-07-23 18:42:38 - [TEST_STEP][PASSED] - scrollToElement(findTestObject("OCS-DESKTOP/Collection page/Product image - 1st one"), 0): Scroll to object 'Object Repository/OCS-DESKTOP/Collection page/Product image - 1st one' successfully

2019-07-23 18:42:38 - [MESSAGE][WARNING] - Timeout '0' is invalid. Using default page load timeout: '30'

2019-07-23 18:42:38 - [MESSAGE][PASSED] - Scroll to object 'Object Repository/OCS-DESKTOP/Collection page/Product image - 1st one' successfully

2019-07-23 18:42:38 - [TEST_STEP][PASSED] - delay(2): Delayed 2 second(s)

2019-07-23 18:42:40 - [MESSAGE][PASSED] - Delayed 2 second(s)

2019-07-23 18:42:40 - [TEST_STEP][PASSED] - click(findTestObject("OCS-DESKTOP/Collection page/Product image - 1st one")): Object: 'Object Repository/OCS-DESKTOP/Collection page/Product image - 1st one' is clicked on

2019-07-23 18:42:44 - [MESSAGE][PASSED] - Object: 'Object Repository/OCS-DESKTOP/Collection page/Product image - 1st one' is clicked on

2019-07-23 18:42:44 - [TEST_STEP][PASSED] - executeJavaScript("var previewBar = document.getElementById("preview-bar-iframe"); previewBar.style.display = "none";", []): Execute JavaScript 'var previewBar = document.getElementById("preview-bar-iframe"); previewBar.style.display = "none";' successfully

2019-07-23 18:42:44 - [MESSAGE][PASSED] - Execute JavaScript 'var previewBar = document.getElementById("preview-bar-iframe"); previewBar.style.display = "none";' successfully

2019-07-23 18:42:44 - [TEST_STEP][PASSED] - delay(2): Delayed 2 second(s)

2019-07-23 18:42:46 - [MESSAGE][PASSED] - Delayed 2 second(s)

2019-07-23 18:42:46 - [MESSAGE][PASSED] - Call Test Case 'Test Cases/OCS - DESKTOP/CALL - PDP' successfully

2019-07-23 18:42:46 - [TEST_STEP][NOT_RUN] - scrollToElement(findTestObject("OCS-MOBILE /Product page/More items to consider section/Grinders - Tab"), 2): NOT_RUN: scrollToElement(findTestObject("OCS-MOBILE /Product page/More items to consider section/Grinders - Tab"), 2)

2019-07-23 18:42:46 - [MESSAGE][NOT_RUN] - NOT_RUN: scrollToElement(findTestObject("OCS-MOBILE /Product page/More items to consider section/Grinders - Tab"), 2)

2019-07-23 18:42:46 - [TEST_STEP][PASSED] - delay(5): Delayed 5 second(s)

2019-07-23 18:42:51 - [MESSAGE][PASSED] - Delayed 5 second(s)

2019-07-23 18:42:51 - [TEST_STEP][PASSED] - click(findTestObject("OCS-DESKTOP/Product page/More items to consider section/Show all accessories - Link")): Object: 'Object Repository/OCS-DESKTOP/Product page/More items to consider section/Show all accessories - Link' is clicked on

2019-07-23 18:42:54 - [MESSAGE][PASSED] - Object: 'Object Repository/OCS-DESKTOP/Product page/More items to consider section/Show all accessories - Link' is clicked on

2019-07-23 18:42:54 - [TEST_STEP][PASSED] - a = getWindowTitle(): Current window's title is: 'All Products | Ontario Cannabis Store'

2019-07-23 18:42:54 - [MESSAGE][PASSED] - Current window's title is: 'All Products | Ontario Cannabis Store'

2019-07-23 18:42:54 - [TEST_STEP][PASSED] - b = "All Products | Ontario Cannabis Store": null

2019-07-23 18:42:54 - [TEST_STEP][PASSED] - comment("WINDOW TITLE: " + a): WINDOW TITLE: All Products | Ontario Cannabis Store

2019-07-23 18:42:54 - [MESSAGE][INFO] - WINDOW TITLE: All Products | Ontario Cannabis Store

2019-07-23 18:42:54 - [TEST_STEP][PASSED] - verifyEqual(a, b): Actual object 'All Products | Ontario Cannabis Store' and expected object 'All Products | Ontario Cannabis Store' are equal

2019-07-23 18:42:54 - [MESSAGE][PASSED] - Actual object 'All Products | Ontario Cannabis Store' and expected object 'All Products | Ontario Cannabis Store' are equal]]></system-out>
         <system-err><![CDATA[]]></system-err>
      </testcase>
      <testcase name="Test Cases/OCS - DESKTOP/OCS- PRODUCT PAGE/breadcrumb" classname="Test Cases/OCS - DESKTOP/OCS- PRODUCT PAGE/breadcrumb" status="PASSED">
         <system-out><![CDATA[2019-07-23 18:42:54 - [TEST_CASE][PASSED] - Test Cases/OCS - DESKTOP/OCS- PRODUCT PAGE/breadcrumb: Test Cases/OCS - DESKTOP/OCS- PRODUCT PAGE/breadcrumb

2019-07-23 18:42:54 - [TEST_STEP][PASSED] - callTestCase(findTestCase("OCS - DESKTOP/CALL - PDP"), [:], STOP_ON_FAILURE): Call Test Case 'Test Cases/OCS - DESKTOP/CALL - PDP' successfully

2019-07-23 18:42:54 - [TEST_CASE][PASSED] - Test Cases/OCS - DESKTOP/CALL - PDP: Test Cases/OCS - DESKTOP/CALL - PDP

2019-07-23 18:42:54 - [TEST_STEP][PASSED] - openBrowser(""): Browser is opened with url: ''

2019-07-23 18:42:54 - [MESSAGE][WARNING] - A browser is already opened. Closing browser and opening a new one

2019-07-23 18:42:54 - [MESSAGE][INFO] - Starting 'Chrome' driver

2019-07-23 18:42:55 - [MESSAGE][PASSED] - Browser is opened with url: ''

2019-07-23 18:42:55 - [TEST_STEP][PASSED] - navigateToUrl("https://ocs.ca/?fts=0&preview_theme_id=74209363788"): Navigate to 'https://ocs.ca/?fts=0&preview_theme_id=74209363788' successfully

2019-07-23 18:43:01 - [MESSAGE][PASSED] - Navigate to 'https://ocs.ca/?fts=0&preview_theme_id=74209363788' successfully

2019-07-23 18:43:01 - [TEST_STEP][PASSED] - maximizeWindow(): Current window maximized

2019-07-23 18:43:01 - [MESSAGE][PASSED] - Current window maximized

2019-07-23 18:43:01 - [TEST_STEP][PASSED] - executeJavaScript("var previewBar = document.getElementById("preview-bar-iframe"); previewBar.style.display = "none";", []): Execute JavaScript 'var previewBar = document.getElementById("preview-bar-iframe"); previewBar.style.display = "none";' successfully

2019-07-23 18:43:01 - [MESSAGE][PASSED] - Execute JavaScript 'var previewBar = document.getElementById("preview-bar-iframe"); previewBar.style.display = "none";' successfully

2019-07-23 18:43:01 - [TEST_STEP][PASSED] - delay(4): Delayed 4 second(s)

2019-07-23 18:43:05 - [MESSAGE][PASSED] - Delayed 4 second(s)

2019-07-23 18:43:05 - [TEST_STEP][PASSED] - selectOptionByValue(findTestObject("OCS-DESKTOP/Age gate and Mega menu/Date"), "12", true): All options with value '12' are selected in object 'Object Repository/OCS-DESKTOP/Age gate and Mega menu/Date'  using regular expression

2019-07-23 18:43:06 - [MESSAGE][PASSED] - All options with value '12' are selected in object 'Object Repository/OCS-DESKTOP/Age gate and Mega menu/Date'  using regular expression

2019-07-23 18:43:06 - [TEST_STEP][PASSED] - selectOptionByValue(findTestObject("OCS-DESKTOP/Age gate and Mega menu/month"), "6", true): All options with value '6' are selected in object 'Object Repository/OCS-DESKTOP/Age gate and Mega menu/month'  using regular expression

2019-07-23 18:43:06 - [MESSAGE][PASSED] - All options with value '6' are selected in object 'Object Repository/OCS-DESKTOP/Age gate and Mega menu/month'  using regular expression

2019-07-23 18:43:06 - [TEST_STEP][PASSED] - delay(2): Delayed 2 second(s)

2019-07-23 18:43:08 - [MESSAGE][PASSED] - Delayed 2 second(s)

2019-07-23 18:43:08 - [TEST_STEP][PASSED] - selectOptionByValue(findTestObject("OCS-DESKTOP/Age gate and Mega menu/Year Dropdown"), "1990", true): All options with value '1990' are selected in object 'Object Repository/OCS-DESKTOP/Age gate and Mega menu/Year Dropdown'  using regular expression

2019-07-23 18:43:09 - [MESSAGE][PASSED] - All options with value '1990' are selected in object 'Object Repository/OCS-DESKTOP/Age gate and Mega menu/Year Dropdown'  using regular expression

2019-07-23 18:43:09 - [TEST_STEP][PASSED] - click(findTestObject("OCS-DESKTOP/Age gate and Mega menu/button_Verify")): Object: 'Object Repository/OCS-DESKTOP/Age gate and Mega menu/button_Verify' is clicked on

2019-07-23 18:43:09 - [MESSAGE][PASSED] - Object: 'Object Repository/OCS-DESKTOP/Age gate and Mega menu/button_Verify' is clicked on

2019-07-23 18:43:09 - [TEST_STEP][PASSED] - click(findTestObject("OCS-DESKTOP/Age gate and Mega menu/Checkbox_CONFIRM AND ACKNOWLEDGE")): Object: 'Object Repository/OCS-DESKTOP/Age gate and Mega menu/Checkbox_CONFIRM AND ACKNOWLEDGE' is clicked on

2019-07-23 18:43:09 - [MESSAGE][PASSED] - Object: 'Object Repository/OCS-DESKTOP/Age gate and Mega menu/Checkbox_CONFIRM AND ACKNOWLEDGE' is clicked on

2019-07-23 18:43:09 - [TEST_STEP][PASSED] - click(findTestObject("OCS-DESKTOP/Age gate and Mega menu/button_CONFIRM")): Object: 'Object Repository/OCS-DESKTOP/Age gate and Mega menu/button_CONFIRM' is clicked on

2019-07-23 18:43:09 - [MESSAGE][PASSED] - Object: 'Object Repository/OCS-DESKTOP/Age gate and Mega menu/button_CONFIRM' is clicked on

2019-07-23 18:43:09 - [TEST_STEP][PASSED] - click(findTestObject("OCS-DESKTOP/Age gate and Mega menu/button_Start Browsing")): Object: 'Object Repository/OCS-DESKTOP/Age gate and Mega menu/button_Start Browsing' is clicked on

2019-07-23 18:43:09 - [MESSAGE][PASSED] - Object: 'Object Repository/OCS-DESKTOP/Age gate and Mega menu/button_Start Browsing' is clicked on

2019-07-23 18:43:09 - [TEST_STEP][PASSED] - refresh(): Refresh successfully

2019-07-23 18:43:12 - [MESSAGE][PASSED] - Refresh successfully

2019-07-23 18:43:12 - [TEST_STEP][PASSED] - delay(2): Delayed 2 second(s)

2019-07-23 18:43:14 - [MESSAGE][PASSED] - Delayed 2 second(s)

2019-07-23 18:43:14 - [TEST_STEP][PASSED] - click(findTestObject("OCS-DESKTOP/Age gate and Mega menu/Header/CANNABIS menu - English")): Object: 'Object Repository/OCS-DESKTOP/Age gate and Mega menu/Header/CANNABIS menu - English' is clicked on

2019-07-23 18:43:14 - [MESSAGE][PASSED] - Object: 'Object Repository/OCS-DESKTOP/Age gate and Mega menu/Header/CANNABIS menu - English' is clicked on

2019-07-23 18:43:14 - [TEST_STEP][PASSED] - delay(2): Delayed 2 second(s)

2019-07-23 18:43:16 - [MESSAGE][PASSED] - Delayed 2 second(s)

2019-07-23 18:43:16 - [TEST_STEP][PASSED] - click(findTestObject("OCS-DESKTOP/Age gate and Mega menu/Indica Dominant_Menu item")): Object: 'Object Repository/OCS-DESKTOP/Age gate and Mega menu/Indica Dominant_Menu item' is clicked on

2019-07-23 18:43:19 - [MESSAGE][PASSED] - Object: 'Object Repository/OCS-DESKTOP/Age gate and Mega menu/Indica Dominant_Menu item' is clicked on

2019-07-23 18:43:19 - [TEST_STEP][PASSED] - delay(2): Delayed 2 second(s)

2019-07-23 18:43:21 - [MESSAGE][PASSED] - Delayed 2 second(s)

2019-07-23 18:43:21 - [TEST_STEP][PASSED] - scrollToElement(findTestObject("OCS-DESKTOP/Collection page/Product image - 1st one"), 0): Scroll to object 'Object Repository/OCS-DESKTOP/Collection page/Product image - 1st one' successfully

2019-07-23 18:43:21 - [MESSAGE][WARNING] - Timeout '0' is invalid. Using default page load timeout: '30'

2019-07-23 18:43:21 - [MESSAGE][PASSED] - Scroll to object 'Object Repository/OCS-DESKTOP/Collection page/Product image - 1st one' successfully

2019-07-23 18:43:21 - [TEST_STEP][PASSED] - delay(2): Delayed 2 second(s)

2019-07-23 18:43:23 - [MESSAGE][PASSED] - Delayed 2 second(s)

2019-07-23 18:43:23 - [TEST_STEP][PASSED] - click(findTestObject("OCS-DESKTOP/Collection page/Product image - 1st one")): Object: 'Object Repository/OCS-DESKTOP/Collection page/Product image - 1st one' is clicked on

2019-07-23 18:43:27 - [MESSAGE][PASSED] - Object: 'Object Repository/OCS-DESKTOP/Collection page/Product image - 1st one' is clicked on

2019-07-23 18:43:27 - [TEST_STEP][PASSED] - executeJavaScript("var previewBar = document.getElementById("preview-bar-iframe"); previewBar.style.display = "none";", []): Execute JavaScript 'var previewBar = document.getElementById("preview-bar-iframe"); previewBar.style.display = "none";' successfully

2019-07-23 18:43:27 - [MESSAGE][PASSED] - Execute JavaScript 'var previewBar = document.getElementById("preview-bar-iframe"); previewBar.style.display = "none";' successfully

2019-07-23 18:43:27 - [TEST_STEP][PASSED] - delay(2): Delayed 2 second(s)

2019-07-23 18:43:29 - [MESSAGE][PASSED] - Delayed 2 second(s)

2019-07-23 18:43:29 - [MESSAGE][PASSED] - Call Test Case 'Test Cases/OCS - DESKTOP/CALL - PDP' successfully

2019-07-23 18:43:29 - [TEST_STEP][PASSED] - click(findTestObject("OCS-DESKTOP/Product page/a_Dried flower")): Object: 'Object Repository/OCS-DESKTOP/Product page/a_Dried flower' is clicked on

2019-07-23 18:43:32 - [MESSAGE][PASSED] - Object: 'Object Repository/OCS-DESKTOP/Product page/a_Dried flower' is clicked on

2019-07-23 18:43:32 - [TEST_STEP][PASSED] - b = getWindowTitle(): Current window's title is: 'Dried Flower | Ontario Cannabis Store'

2019-07-23 18:43:32 - [MESSAGE][PASSED] - Current window's title is: 'Dried Flower | Ontario Cannabis Store'

2019-07-23 18:43:32 - [TEST_STEP][PASSED] - comment(" b= " + b):  b= Dried Flower | Ontario Cannabis Store

2019-07-23 18:43:32 - [MESSAGE][INFO] -  b= Dried Flower | Ontario Cannabis Store

2019-07-23 18:43:32 - [TEST_STEP][PASSED] - assert getWindowTitle() == b: Current window's title is: 'Dried Flower | Ontario Cannabis Store'

2019-07-23 18:43:32 - [MESSAGE][PASSED] - Current window's title is: 'Dried Flower | Ontario Cannabis Store'

2019-07-23 18:43:32 - [TEST_STEP][PASSED] - click(findTestObject("OCS-DESKTOP/Product page/a_Cannabis")): Object: 'Object Repository/OCS-DESKTOP/Product page/a_Cannabis' is clicked on

2019-07-23 18:43:34 - [MESSAGE][PASSED] - Object: 'Object Repository/OCS-DESKTOP/Product page/a_Cannabis' is clicked on

2019-07-23 18:43:34 - [TEST_STEP][PASSED] - c = getWindowTitle(): Current window's title is: 'All Cannabis Products | Ontario Cannabis Store'

2019-07-23 18:43:34 - [MESSAGE][PASSED] - Current window's title is: 'All Cannabis Products | Ontario Cannabis Store'

2019-07-23 18:43:34 - [TEST_STEP][PASSED] - comment(" c= " + c):  c= All Cannabis Products | Ontario Cannabis Store

2019-07-23 18:43:34 - [MESSAGE][INFO] -  c= All Cannabis Products | Ontario Cannabis Store

2019-07-23 18:43:34 - [TEST_STEP][PASSED] - assert getWindowTitle() == c: Current window's title is: 'All Cannabis Products | Ontario Cannabis Store'

2019-07-23 18:43:34 - [MESSAGE][PASSED] - Current window's title is: 'All Cannabis Products | Ontario Cannabis Store'

2019-07-23 18:43:34 - [TEST_STEP][PASSED] - click(findTestObject("OCS-DESKTOP/Product page/a_Home")): Object: 'Object Repository/OCS-DESKTOP/Product page/a_Home' is clicked on

2019-07-23 18:43:38 - [MESSAGE][PASSED] - Object: 'Object Repository/OCS-DESKTOP/Product page/a_Home' is clicked on

2019-07-23 18:43:38 - [TEST_STEP][PASSED] - a = getWindowTitle(): Current window's title is: 'Ontario Cannabis Store | Ontario Cannabis Store'

2019-07-23 18:43:38 - [MESSAGE][PASSED] - Current window's title is: 'Ontario Cannabis Store | Ontario Cannabis Store'

2019-07-23 18:43:38 - [TEST_STEP][PASSED] - comment(" a= " + a):  a= Ontario Cannabis Store | Ontario Cannabis Store

2019-07-23 18:43:38 - [MESSAGE][INFO] -  a= Ontario Cannabis Store | Ontario Cannabis Store

2019-07-23 18:43:38 - [TEST_STEP][PASSED] - assert getWindowTitle() == a: Current window's title is: 'Ontario Cannabis Store | Ontario Cannabis Store'

2019-07-23 18:43:38 - [MESSAGE][PASSED] - Current window's title is: 'Ontario Cannabis Store | Ontario Cannabis Store']]></system-out>
         <system-err><![CDATA[]]></system-err>
      </testcase>
      <testcase name="Test Cases/OCS - DESKTOP/OCS- PRODUCT PAGE/More items to consider" classname="Test Cases/OCS - DESKTOP/OCS- PRODUCT PAGE/More items to consider" status="FAILED">
         <failure type="FAILED" message="Test Cases/OCS - DESKTOP/OCS- PRODUCT PAGE/More items to consider FAILED.
Reason:
com.kms.katalon.core.exception.StepFailedException: Unable to click on object 'Object Repository/OCS-DESKTOP/Product page/More items to consider section/1st Product - image - Vaporizer' (Root cause: com.kms.katalon.core.webui.exception.WebElementNotFoundException: Web element with id: 'Object Repository/OCS-DESKTOP/Product page/More items to consider section/1st Product - image - Vaporizer' located by 'By.xpath: //div[@id='suggested-accessories__panel--vaporizers']//div[@class='product-grid slick-initialized slick-slider']//div[@class='slick-list draggable']//div[@class='slick-track']//div[@class='slick-slide slick-current slick-active']//div//a//img' not found)
	at com.kms.katalon.core.keyword.internal.KeywordMain.stepFailed(KeywordMain.groovy:36)
	at com.kms.katalon.core.webui.keyword.internal.WebUIKeywordMain.stepFailed(WebUIKeywordMain.groovy:65)
	at com.kms.katalon.core.webui.keyword.internal.WebUIKeywordMain.runKeyword(WebUIKeywordMain.groovy:27)
	at com.kms.katalon.core.webui.keyword.builtin.ClickKeyword.click(ClickKeyword.groovy:86)
	at com.kms.katalon.core.webui.keyword.builtin.ClickKeyword.execute(ClickKeyword.groovy:67)
	at com.kms.katalon.core.keyword.internal.KeywordExecutor.executeKeywordForPlatform(KeywordExecutor.groovy:53)
	at com.kms.katalon.core.webui.keyword.WebUiBuiltInKeywords.click(WebUiBuiltInKeywords.groovy:616)
	at com.kms.katalon.core.webui.keyword.WebUiBuiltInKeywords$click$4.call(Unknown Source)
	at More items to consider.run(More items to consider:54)
	at com.kms.katalon.core.main.ScriptEngine.run(ScriptEngine.java:194)
	at com.kms.katalon.core.main.ScriptEngine.runScriptAsRawText(ScriptEngine.java:119)
	at com.kms.katalon.core.main.TestCaseExecutor.runScript(TestCaseExecutor.java:328)
	at com.kms.katalon.core.main.TestCaseExecutor.doExecute(TestCaseExecutor.java:319)
	at com.kms.katalon.core.main.TestCaseExecutor.processExecutionPhase(TestCaseExecutor.java:298)
	at com.kms.katalon.core.main.TestCaseExecutor.accessMainPhase(TestCaseExecutor.java:290)
	at com.kms.katalon.core.main.TestCaseExecutor.execute(TestCaseExecutor.java:224)
	at com.kms.katalon.core.main.TestSuiteExecutor.accessTestCaseMainPhase(TestSuiteExecutor.java:129)
	at com.kms.katalon.core.main.TestSuiteExecutor.accessTestSuiteMainPhase(TestSuiteExecutor.java:112)
	at com.kms.katalon.core.main.TestSuiteExecutor.execute(TestSuiteExecutor.java:81)
	at com.kms.katalon.core.main.TestCaseMain.startTestSuite(TestCaseMain.java:149)
	at com.kms.katalon.core.main.TestCaseMain$startTestSuite$0.call(Unknown Source)
	at TempTestSuite1563918963353.run(TempTestSuite1563918963353.groovy:36)
"/>
         <system-out><![CDATA[2019-07-23 18:43:38 - [TEST_CASE][FAILED] - Test Cases/OCS - DESKTOP/OCS- PRODUCT PAGE/More items to consider: Test Cases/OCS - DESKTOP/OCS- PRODUCT PAGE/More items to consider FAILED.
Reason:
com.kms.katalon.core.exception.StepFailedException: Unable to click on object 'Object Repository/OCS-DESKTOP/Product page/More items to consider section/1st Product - image - Vaporizer' (Root cause: com.kms.katalon.core.webui.exception.WebElementNotFoundException: Web element with id: 'Object Repository/OCS-DESKTOP/Product page/More items to consider section/1st Product - image - Vaporizer' located by 'By.xpath: //div[@id='suggested-accessories__panel--vaporizers']//div[@class='product-grid slick-initialized slick-slider']//div[@class='slick-list draggable']//div[@class='slick-track']//div[@class='slick-slide slick-current slick-active']//div//a//img' not found)
	at com.kms.katalon.core.keyword.internal.KeywordMain.stepFailed(KeywordMain.groovy:36)
	at com.kms.katalon.core.webui.keyword.internal.WebUIKeywordMain.stepFailed(WebUIKeywordMain.groovy:65)
	at com.kms.katalon.core.webui.keyword.internal.WebUIKeywordMain.runKeyword(WebUIKeywordMain.groovy:27)
	at com.kms.katalon.core.webui.keyword.builtin.ClickKeyword.click(ClickKeyword.groovy:86)
	at com.kms.katalon.core.webui.keyword.builtin.ClickKeyword.execute(ClickKeyword.groovy:67)
	at com.kms.katalon.core.keyword.internal.KeywordExecutor.executeKeywordForPlatform(KeywordExecutor.groovy:53)
	at com.kms.katalon.core.webui.keyword.WebUiBuiltInKeywords.click(WebUiBuiltInKeywords.groovy:616)
	at com.kms.katalon.core.webui.keyword.WebUiBuiltInKeywords$click$4.call(Unknown Source)
	at More items to consider.run(More items to consider:54)
	at com.kms.katalon.core.main.ScriptEngine.run(ScriptEngine.java:194)
	at com.kms.katalon.core.main.ScriptEngine.runScriptAsRawText(ScriptEngine.java:119)
	at com.kms.katalon.core.main.TestCaseExecutor.runScript(TestCaseExecutor.java:328)
	at com.kms.katalon.core.main.TestCaseExecutor.doExecute(TestCaseExecutor.java:319)
	at com.kms.katalon.core.main.TestCaseExecutor.processExecutionPhase(TestCaseExecutor.java:298)
	at com.kms.katalon.core.main.TestCaseExecutor.accessMainPhase(TestCaseExecutor.java:290)
	at com.kms.katalon.core.main.TestCaseExecutor.execute(TestCaseExecutor.java:224)
	at com.kms.katalon.core.main.TestSuiteExecutor.accessTestCaseMainPhase(TestSuiteExecutor.java:129)
	at com.kms.katalon.core.main.TestSuiteExecutor.accessTestSuiteMainPhase(TestSuiteExecutor.java:112)
	at com.kms.katalon.core.main.TestSuiteExecutor.execute(TestSuiteExecutor.java:81)
	at com.kms.katalon.core.main.TestCaseMain.startTestSuite(TestCaseMain.java:149)
	at com.kms.katalon.core.main.TestCaseMain$startTestSuite$0.call(Unknown Source)
	at TempTestSuite1563918963353.run(TempTestSuite1563918963353.groovy:36)


2019-07-23 18:43:38 - [TEST_STEP][PASSED] - callTestCase(findTestCase("OCS - DESKTOP/CALL - PDP"), [:], STOP_ON_FAILURE): Call Test Case 'Test Cases/OCS - DESKTOP/CALL - PDP' successfully

2019-07-23 18:43:38 - [TEST_CASE][PASSED] - Test Cases/OCS - DESKTOP/CALL - PDP: Test Cases/OCS - DESKTOP/CALL - PDP

2019-07-23 18:43:38 - [TEST_STEP][PASSED] - openBrowser(""): Browser is opened with url: ''

2019-07-23 18:43:38 - [MESSAGE][WARNING] - A browser is already opened. Closing browser and opening a new one

2019-07-23 18:43:38 - [MESSAGE][INFO] - Starting 'Chrome' driver

2019-07-23 18:43:39 - [MESSAGE][PASSED] - Browser is opened with url: ''

2019-07-23 18:43:39 - [TEST_STEP][PASSED] - navigateToUrl("https://ocs.ca/?fts=0&preview_theme_id=74209363788"): Navigate to 'https://ocs.ca/?fts=0&preview_theme_id=74209363788' successfully

2019-07-23 18:43:44 - [MESSAGE][PASSED] - Navigate to 'https://ocs.ca/?fts=0&preview_theme_id=74209363788' successfully

2019-07-23 18:43:44 - [TEST_STEP][PASSED] - maximizeWindow(): Current window maximized

2019-07-23 18:43:45 - [MESSAGE][PASSED] - Current window maximized

2019-07-23 18:43:45 - [TEST_STEP][PASSED] - executeJavaScript("var previewBar = document.getElementById("preview-bar-iframe"); previewBar.style.display = "none";", []): Execute JavaScript 'var previewBar = document.getElementById("preview-bar-iframe"); previewBar.style.display = "none";' successfully

2019-07-23 18:43:45 - [MESSAGE][PASSED] - Execute JavaScript 'var previewBar = document.getElementById("preview-bar-iframe"); previewBar.style.display = "none";' successfully

2019-07-23 18:43:45 - [TEST_STEP][PASSED] - delay(4): Delayed 4 second(s)

2019-07-23 18:43:49 - [MESSAGE][PASSED] - Delayed 4 second(s)

2019-07-23 18:43:49 - [TEST_STEP][PASSED] - selectOptionByValue(findTestObject("OCS-DESKTOP/Age gate and Mega menu/Date"), "12", true): All options with value '12' are selected in object 'Object Repository/OCS-DESKTOP/Age gate and Mega menu/Date'  using regular expression

2019-07-23 18:43:49 - [MESSAGE][PASSED] - All options with value '12' are selected in object 'Object Repository/OCS-DESKTOP/Age gate and Mega menu/Date'  using regular expression

2019-07-23 18:43:49 - [TEST_STEP][PASSED] - selectOptionByValue(findTestObject("OCS-DESKTOP/Age gate and Mega menu/month"), "6", true): All options with value '6' are selected in object 'Object Repository/OCS-DESKTOP/Age gate and Mega menu/month'  using regular expression

2019-07-23 18:43:49 - [MESSAGE][PASSED] - All options with value '6' are selected in object 'Object Repository/OCS-DESKTOP/Age gate and Mega menu/month'  using regular expression

2019-07-23 18:43:49 - [TEST_STEP][PASSED] - delay(2): Delayed 2 second(s)

2019-07-23 18:43:51 - [MESSAGE][PASSED] - Delayed 2 second(s)

2019-07-23 18:43:51 - [TEST_STEP][PASSED] - selectOptionByValue(findTestObject("OCS-DESKTOP/Age gate and Mega menu/Year Dropdown"), "1990", true): All options with value '1990' are selected in object 'Object Repository/OCS-DESKTOP/Age gate and Mega menu/Year Dropdown'  using regular expression

2019-07-23 18:43:52 - [MESSAGE][PASSED] - All options with value '1990' are selected in object 'Object Repository/OCS-DESKTOP/Age gate and Mega menu/Year Dropdown'  using regular expression

2019-07-23 18:43:52 - [TEST_STEP][PASSED] - click(findTestObject("OCS-DESKTOP/Age gate and Mega menu/button_Verify")): Object: 'Object Repository/OCS-DESKTOP/Age gate and Mega menu/button_Verify' is clicked on

2019-07-23 18:43:52 - [MESSAGE][PASSED] - Object: 'Object Repository/OCS-DESKTOP/Age gate and Mega menu/button_Verify' is clicked on

2019-07-23 18:43:52 - [TEST_STEP][PASSED] - click(findTestObject("OCS-DESKTOP/Age gate and Mega menu/Checkbox_CONFIRM AND ACKNOWLEDGE")): Object: 'Object Repository/OCS-DESKTOP/Age gate and Mega menu/Checkbox_CONFIRM AND ACKNOWLEDGE' is clicked on

2019-07-23 18:43:53 - [MESSAGE][PASSED] - Object: 'Object Repository/OCS-DESKTOP/Age gate and Mega menu/Checkbox_CONFIRM AND ACKNOWLEDGE' is clicked on

2019-07-23 18:43:53 - [TEST_STEP][PASSED] - click(findTestObject("OCS-DESKTOP/Age gate and Mega menu/button_CONFIRM")): Object: 'Object Repository/OCS-DESKTOP/Age gate and Mega menu/button_CONFIRM' is clicked on

2019-07-23 18:43:53 - [MESSAGE][PASSED] - Object: 'Object Repository/OCS-DESKTOP/Age gate and Mega menu/button_CONFIRM' is clicked on

2019-07-23 18:43:53 - [TEST_STEP][PASSED] - click(findTestObject("OCS-DESKTOP/Age gate and Mega menu/button_Start Browsing")): Object: 'Object Repository/OCS-DESKTOP/Age gate and Mega menu/button_Start Browsing' is clicked on

2019-07-23 18:43:53 - [MESSAGE][PASSED] - Object: 'Object Repository/OCS-DESKTOP/Age gate and Mega menu/button_Start Browsing' is clicked on

2019-07-23 18:43:53 - [TEST_STEP][PASSED] - refresh(): Refresh successfully

2019-07-23 18:43:57 - [MESSAGE][PASSED] - Refresh successfully

2019-07-23 18:43:57 - [TEST_STEP][PASSED] - delay(2): Delayed 2 second(s)

2019-07-23 18:43:59 - [MESSAGE][PASSED] - Delayed 2 second(s)

2019-07-23 18:43:59 - [TEST_STEP][PASSED] - click(findTestObject("OCS-DESKTOP/Age gate and Mega menu/Header/CANNABIS menu - English")): Object: 'Object Repository/OCS-DESKTOP/Age gate and Mega menu/Header/CANNABIS menu - English' is clicked on

2019-07-23 18:43:59 - [MESSAGE][PASSED] - Object: 'Object Repository/OCS-DESKTOP/Age gate and Mega menu/Header/CANNABIS menu - English' is clicked on

2019-07-23 18:43:59 - [TEST_STEP][PASSED] - delay(2): Delayed 2 second(s)

2019-07-23 18:44:01 - [MESSAGE][PASSED] - Delayed 2 second(s)

2019-07-23 18:44:01 - [TEST_STEP][PASSED] - click(findTestObject("OCS-DESKTOP/Age gate and Mega menu/Indica Dominant_Menu item")): Object: 'Object Repository/OCS-DESKTOP/Age gate and Mega menu/Indica Dominant_Menu item' is clicked on

2019-07-23 18:44:03 - [MESSAGE][PASSED] - Object: 'Object Repository/OCS-DESKTOP/Age gate and Mega menu/Indica Dominant_Menu item' is clicked on

2019-07-23 18:44:03 - [TEST_STEP][PASSED] - delay(2): Delayed 2 second(s)

2019-07-23 18:44:05 - [MESSAGE][PASSED] - Delayed 2 second(s)

2019-07-23 18:44:05 - [TEST_STEP][PASSED] - scrollToElement(findTestObject("OCS-DESKTOP/Collection page/Product image - 1st one"), 0): Scroll to object 'Object Repository/OCS-DESKTOP/Collection page/Product image - 1st one' successfully

2019-07-23 18:44:05 - [MESSAGE][WARNING] - Timeout '0' is invalid. Using default page load timeout: '30'

2019-07-23 18:44:05 - [MESSAGE][PASSED] - Scroll to object 'Object Repository/OCS-DESKTOP/Collection page/Product image - 1st one' successfully

2019-07-23 18:44:05 - [TEST_STEP][PASSED] - delay(2): Delayed 2 second(s)

2019-07-23 18:44:07 - [MESSAGE][PASSED] - Delayed 2 second(s)

2019-07-23 18:44:07 - [TEST_STEP][PASSED] - click(findTestObject("OCS-DESKTOP/Collection page/Product image - 1st one")): Object: 'Object Repository/OCS-DESKTOP/Collection page/Product image - 1st one' is clicked on

2019-07-23 18:44:11 - [MESSAGE][PASSED] - Object: 'Object Repository/OCS-DESKTOP/Collection page/Product image - 1st one' is clicked on

2019-07-23 18:44:11 - [TEST_STEP][PASSED] - executeJavaScript("var previewBar = document.getElementById("preview-bar-iframe"); previewBar.style.display = "none";", []): Execute JavaScript 'var previewBar = document.getElementById("preview-bar-iframe"); previewBar.style.display = "none";' successfully

2019-07-23 18:44:11 - [MESSAGE][PASSED] - Execute JavaScript 'var previewBar = document.getElementById("preview-bar-iframe"); previewBar.style.display = "none";' successfully

2019-07-23 18:44:11 - [TEST_STEP][PASSED] - delay(2): Delayed 2 second(s)

2019-07-23 18:44:13 - [MESSAGE][PASSED] - Delayed 2 second(s)

2019-07-23 18:44:13 - [MESSAGE][PASSED] - Call Test Case 'Test Cases/OCS - DESKTOP/CALL - PDP' successfully

2019-07-23 18:44:13 - [TEST_STEP][NOT_RUN] - scrollToElement(findTestObject("OCS-MOBILE /Product page/Product image"), 1): NOT_RUN: scrollToElement(findTestObject("OCS-MOBILE /Product page/Product image"), 1)

2019-07-23 18:44:13 - [MESSAGE][NOT_RUN] - NOT_RUN: scrollToElement(findTestObject("OCS-MOBILE /Product page/Product image"), 1)

2019-07-23 18:44:13 - [TEST_STEP][PASSED] - click(findTestObject("OCS-DESKTOP/Product page/Learn More - Link")): Object: 'Object Repository/OCS-DESKTOP/Product page/Learn More - Link' is clicked on

2019-07-23 18:44:13 - [MESSAGE][PASSED] - Object: 'Object Repository/OCS-DESKTOP/Product page/Learn More - Link' is clicked on

2019-07-23 18:44:13 - [TEST_STEP][PASSED] - delay(1): Delayed 1 second(s)

2019-07-23 18:44:14 - [MESSAGE][PASSED] - Delayed 1 second(s)

2019-07-23 18:44:14 - [TEST_STEP][NOT_RUN] - scrollToElement(findTestObject("OCS-DESKTOP/Product page/Last raw of the table"), 0): NOT_RUN: scrollToElement(findTestObject("OCS-DESKTOP/Product page/Last raw of the table"), 0)

2019-07-23 18:44:14 - [MESSAGE][NOT_RUN] - NOT_RUN: scrollToElement(findTestObject("OCS-DESKTOP/Product page/Last raw of the table"), 0)

2019-07-23 18:44:14 - [TEST_STEP][PASSED] - takeScreenshot(): Taking screenshot successfully

2019-07-23 18:44:15 - [MESSAGE][PASSED] - Taking screenshot successfully
[[ATTACHMENT|/Users/sumankompelly/git/OCS--Relative-xpath-Desktop/Reports/Suite - Chrome/20190723_175603/1563921854651.png]]

2019-07-23 18:44:15 - [TEST_STEP][PASSED] - delay(1): Delayed 1 second(s)

2019-07-23 18:44:16 - [MESSAGE][PASSED] - Delayed 1 second(s)

2019-07-23 18:44:16 - [TEST_STEP][PASSED] - click(findTestObject("OCS-DESKTOP/Product page/More items to consider section/1st Product - image - Grinder")): Object: 'Object Repository/OCS-DESKTOP/Product page/More items to consider section/1st Product - image - Grinder' is clicked on

2019-07-23 18:44:19 - [MESSAGE][PASSED] - Object: 'Object Repository/OCS-DESKTOP/Product page/More items to consider section/1st Product - image - Grinder' is clicked on

2019-07-23 18:44:19 - [TEST_STEP][PASSED] - delay(2, STOP_ON_FAILURE): Delayed 2 second(s)

2019-07-23 18:44:21 - [MESSAGE][PASSED] - Delayed 2 second(s)

2019-07-23 18:44:21 - [TEST_STEP][PASSED] - takeScreenshot(): Taking screenshot successfully

2019-07-23 18:44:21 - [MESSAGE][PASSED] - Taking screenshot successfully
[[ATTACHMENT|/Users/sumankompelly/git/OCS--Relative-xpath-Desktop/Reports/Suite - Chrome/20190723_175603/1563921861503.png]]

2019-07-23 18:44:21 - [TEST_STEP][PASSED] - delay(1): Delayed 1 second(s)

2019-07-23 18:44:22 - [MESSAGE][PASSED] - Delayed 1 second(s)

2019-07-23 18:44:22 - [TEST_STEP][PASSED] - back(): Navigate back successfully

2019-07-23 18:44:25 - [MESSAGE][PASSED] - Navigate back successfully

2019-07-23 18:44:25 - [TEST_STEP][PASSED] - delay(2, STOP_ON_FAILURE): Delayed 2 second(s)

2019-07-23 18:44:27 - [MESSAGE][PASSED] - Delayed 2 second(s)

2019-07-23 18:44:27 - [TEST_STEP][PASSED] - executeJavaScript("var previewBar = document.getElementById("preview-bar-iframe"); previewBar.style.display = "none";", []): Execute JavaScript 'var previewBar = document.getElementById("preview-bar-iframe"); previewBar.style.display = "none";' successfully

2019-07-23 18:44:27 - [MESSAGE][PASSED] - Execute JavaScript 'var previewBar = document.getElementById("preview-bar-iframe"); previewBar.style.display = "none";' successfully

2019-07-23 18:44:27 - [TEST_STEP][PASSED] - click(findTestObject("OCS-DESKTOP/Product page/More items to consider section/Vaporizers - Tab")): Object: 'Object Repository/OCS-DESKTOP/Product page/More items to consider section/Vaporizers - Tab' is clicked on

2019-07-23 18:44:27 - [MESSAGE][PASSED] - Object: 'Object Repository/OCS-DESKTOP/Product page/More items to consider section/Vaporizers - Tab' is clicked on

2019-07-23 18:44:27 - [TEST_STEP][PASSED] - delay(2): Delayed 2 second(s)

2019-07-23 18:44:29 - [MESSAGE][PASSED] - Delayed 2 second(s)

2019-07-23 18:44:29 - [TEST_STEP][PASSED] - takeScreenshot(): Taking screenshot successfully

2019-07-23 18:44:29 - [MESSAGE][PASSED] - Taking screenshot successfully
[[ATTACHMENT|/Users/sumankompelly/git/OCS--Relative-xpath-Desktop/Reports/Suite - Chrome/20190723_175603/1563921869275.png]]

2019-07-23 18:44:29 - [TEST_STEP][PASSED] - delay(1): Delayed 1 second(s)

2019-07-23 18:44:30 - [MESSAGE][PASSED] - Delayed 1 second(s)

2019-07-23 18:44:30 - [TEST_STEP][FAILED] - click(findTestObject("OCS-DESKTOP/Product page/More items to consider section/1st Product - image - Vaporizer")): click(findTestObject("OCS-DESKTOP/Product page/More items to consider section/1st Product - image - Vaporizer")) FAILED.
Reason:
com.kms.katalon.core.exception.StepFailedException: Unable to click on object 'Object Repository/OCS-DESKTOP/Product page/More items to consider section/1st Product - image - Vaporizer' (Root cause: com.kms.katalon.core.webui.exception.WebElementNotFoundException: Web element with id: 'Object Repository/OCS-DESKTOP/Product page/More items to consider section/1st Product - image - Vaporizer' located by 'By.xpath: //div[@id='suggested-accessories__panel--vaporizers']//div[@class='product-grid slick-initialized slick-slider']//div[@class='slick-list draggable']//div[@class='slick-track']//div[@class='slick-slide slick-current slick-active']//div//a//img' not found)
	at com.kms.katalon.core.keyword.internal.KeywordMain.stepFailed(KeywordMain.groovy:36)
	at com.kms.katalon.core.webui.keyword.internal.WebUIKeywordMain.stepFailed(WebUIKeywordMain.groovy:65)
	at com.kms.katalon.core.webui.keyword.internal.WebUIKeywordMain.runKeyword(WebUIKeywordMain.groovy:27)
	at com.kms.katalon.core.webui.keyword.builtin.ClickKeyword.click(ClickKeyword.groovy:86)
	at com.kms.katalon.core.webui.keyword.builtin.ClickKeyword.execute(ClickKeyword.groovy:67)
	at com.kms.katalon.core.keyword.internal.KeywordExecutor.executeKeywordForPlatform(KeywordExecutor.groovy:53)
	at com.kms.katalon.core.webui.keyword.WebUiBuiltInKeywords.click(WebUiBuiltInKeywords.groovy:616)
	at com.kms.katalon.core.webui.keyword.WebUiBuiltInKeywords$click$4.call(Unknown Source)
	at More items to consider.run(More items to consider:54)
	at com.kms.katalon.core.main.ScriptEngine.run(ScriptEngine.java:194)
	at com.kms.katalon.core.main.ScriptEngine.runScriptAsRawText(ScriptEngine.java:119)
	at com.kms.katalon.core.main.TestCaseExecutor.runScript(TestCaseExecutor.java:328)
	at com.kms.katalon.core.main.TestCaseExecutor.doExecute(TestCaseExecutor.java:319)
	at com.kms.katalon.core.main.TestCaseExecutor.processExecutionPhase(TestCaseExecutor.java:298)
	at com.kms.katalon.core.main.TestCaseExecutor.accessMainPhase(TestCaseExecutor.java:290)
	at com.kms.katalon.core.main.TestCaseExecutor.execute(TestCaseExecutor.java:224)
	at com.kms.katalon.core.main.TestSuiteExecutor.accessTestCaseMainPhase(TestSuiteExecutor.java:129)
	at com.kms.katalon.core.main.TestSuiteExecutor.accessTestSuiteMainPhase(TestSuiteExecutor.java:112)
	at com.kms.katalon.core.main.TestSuiteExecutor.execute(TestSuiteExecutor.java:81)
	at com.kms.katalon.core.main.TestCaseMain.startTestSuite(TestCaseMain.java:149)
	at com.kms.katalon.core.main.TestCaseMain$startTestSuite$0.call(Unknown Source)
	at TempTestSuite1563918963353.run(TempTestSuite1563918963353.groovy:36)


2019-07-23 18:45:01 - [MESSAGE][INFO] - Unable to find the element located by 'By.xpath: //div[@id='suggested-accessories__panel--vaporizers']//div[@class='product-grid slick-initialized slick-slider']//div[@class='slick-list draggable']//div[@class='slick-track']//div[@class='slick-slide slick-current slick-active']//div//a//img'. Please recheck the objects properties to make sure the desired element is located. 

2019-07-23 18:45:01 - [MESSAGE][FAILED] - Unable to click on object 'Object Repository/OCS-DESKTOP/Product page/More items to consider section/1st Product - image - Vaporizer' (Root cause: com.kms.katalon.core.webui.exception.WebElementNotFoundException: Web element with id: 'Object Repository/OCS-DESKTOP/Product page/More items to consider section/1st Product - image - Vaporizer' located by 'By.xpath: //div[@id='suggested-accessories__panel--vaporizers']//div[@class='product-grid slick-initialized slick-slider']//div[@class='slick-list draggable']//div[@class='slick-track']//div[@class='slick-slide slick-current slick-active']//div//a//img' not found)
[[ATTACHMENT|/Users/sumankompelly/git/OCS--Relative-xpath-Desktop/Reports/Suite - Chrome/20190723_175603/1563921901542.png]]

2019-07-23 18:45:01 - [MESSAGE][FAILED] - click(findTestObject("OCS-DESKTOP/Product page/More items to consider section/1st Product - image - Vaporizer")) FAILED.
Reason:
com.kms.katalon.core.exception.StepFailedException: Unable to click on object 'Object Repository/OCS-DESKTOP/Product page/More items to consider section/1st Product - image - Vaporizer' (Root cause: com.kms.katalon.core.webui.exception.WebElementNotFoundException: Web element with id: 'Object Repository/OCS-DESKTOP/Product page/More items to consider section/1st Product - image - Vaporizer' located by 'By.xpath: //div[@id='suggested-accessories__panel--vaporizers']//div[@class='product-grid slick-initialized slick-slider']//div[@class='slick-list draggable']//div[@class='slick-track']//div[@class='slick-slide slick-current slick-active']//div//a//img' not found)
	at com.kms.katalon.core.keyword.internal.KeywordMain.stepFailed(KeywordMain.groovy:36)
	at com.kms.katalon.core.webui.keyword.internal.WebUIKeywordMain.stepFailed(WebUIKeywordMain.groovy:65)
	at com.kms.katalon.core.webui.keyword.internal.WebUIKeywordMain.runKeyword(WebUIKeywordMain.groovy:27)
	at com.kms.katalon.core.webui.keyword.builtin.ClickKeyword.click(ClickKeyword.groovy:86)
	at com.kms.katalon.core.webui.keyword.builtin.ClickKeyword.execute(ClickKeyword.groovy:67)
	at com.kms.katalon.core.keyword.internal.KeywordExecutor.executeKeywordForPlatform(KeywordExecutor.groovy:53)
	at com.kms.katalon.core.webui.keyword.WebUiBuiltInKeywords.click(WebUiBuiltInKeywords.groovy:616)
	at com.kms.katalon.core.webui.keyword.WebUiBuiltInKeywords$click$4.call(Unknown Source)
	at More items to consider.run(More items to consider:54)
	at com.kms.katalon.core.main.ScriptEngine.run(ScriptEngine.java:194)
	at com.kms.katalon.core.main.ScriptEngine.runScriptAsRawText(ScriptEngine.java:119)
	at com.kms.katalon.core.main.TestCaseExecutor.runScript(TestCaseExecutor.java:328)
	at com.kms.katalon.core.main.TestCaseExecutor.doExecute(TestCaseExecutor.java:319)
	at com.kms.katalon.core.main.TestCaseExecutor.processExecutionPhase(TestCaseExecutor.java:298)
	at com.kms.katalon.core.main.TestCaseExecutor.accessMainPhase(TestCaseExecutor.java:290)
	at com.kms.katalon.core.main.TestCaseExecutor.execute(TestCaseExecutor.java:224)
	at com.kms.katalon.core.main.TestSuiteExecutor.accessTestCaseMainPhase(TestSuiteExecutor.java:129)
	at com.kms.katalon.core.main.TestSuiteExecutor.accessTestSuiteMainPhase(TestSuiteExecutor.java:112)
	at com.kms.katalon.core.main.TestSuiteExecutor.execute(TestSuiteExecutor.java:81)
	at com.kms.katalon.core.main.TestCaseMain.startTestSuite(TestCaseMain.java:149)
	at com.kms.katalon.core.main.TestCaseMain$startTestSuite$0.call(Unknown Source)
	at TempTestSuite1563918963353.run(TempTestSuite1563918963353.groovy:36)]]></system-out>
         <system-err><![CDATA[2019-07-23 18:43:38 - [TEST_CASE][FAILED] - Test Cases/OCS - DESKTOP/OCS- PRODUCT PAGE/More items to consider: Test Cases/OCS - DESKTOP/OCS- PRODUCT PAGE/More items to consider FAILED.
Reason:
com.kms.katalon.core.exception.StepFailedException: Unable to click on object 'Object Repository/OCS-DESKTOP/Product page/More items to consider section/1st Product - image - Vaporizer' (Root cause: com.kms.katalon.core.webui.exception.WebElementNotFoundException: Web element with id: 'Object Repository/OCS-DESKTOP/Product page/More items to consider section/1st Product - image - Vaporizer' located by 'By.xpath: //div[@id='suggested-accessories__panel--vaporizers']//div[@class='product-grid slick-initialized slick-slider']//div[@class='slick-list draggable']//div[@class='slick-track']//div[@class='slick-slide slick-current slick-active']//div//a//img' not found)
	at com.kms.katalon.core.keyword.internal.KeywordMain.stepFailed(KeywordMain.groovy:36)
	at com.kms.katalon.core.webui.keyword.internal.WebUIKeywordMain.stepFailed(WebUIKeywordMain.groovy:65)
	at com.kms.katalon.core.webui.keyword.internal.WebUIKeywordMain.runKeyword(WebUIKeywordMain.groovy:27)
	at com.kms.katalon.core.webui.keyword.builtin.ClickKeyword.click(ClickKeyword.groovy:86)
	at com.kms.katalon.core.webui.keyword.builtin.ClickKeyword.execute(ClickKeyword.groovy:67)
	at com.kms.katalon.core.keyword.internal.KeywordExecutor.executeKeywordForPlatform(KeywordExecutor.groovy:53)
	at com.kms.katalon.core.webui.keyword.WebUiBuiltInKeywords.click(WebUiBuiltInKeywords.groovy:616)
	at com.kms.katalon.core.webui.keyword.WebUiBuiltInKeywords$click$4.call(Unknown Source)
	at More items to consider.run(More items to consider:54)
	at com.kms.katalon.core.main.ScriptEngine.run(ScriptEngine.java:194)
	at com.kms.katalon.core.main.ScriptEngine.runScriptAsRawText(ScriptEngine.java:119)
	at com.kms.katalon.core.main.TestCaseExecutor.runScript(TestCaseExecutor.java:328)
	at com.kms.katalon.core.main.TestCaseExecutor.doExecute(TestCaseExecutor.java:319)
	at com.kms.katalon.core.main.TestCaseExecutor.processExecutionPhase(TestCaseExecutor.java:298)
	at com.kms.katalon.core.main.TestCaseExecutor.accessMainPhase(TestCaseExecutor.java:290)
	at com.kms.katalon.core.main.TestCaseExecutor.execute(TestCaseExecutor.java:224)
	at com.kms.katalon.core.main.TestSuiteExecutor.accessTestCaseMainPhase(TestSuiteExecutor.java:129)
	at com.kms.katalon.core.main.TestSuiteExecutor.accessTestSuiteMainPhase(TestSuiteExecutor.java:112)
	at com.kms.katalon.core.main.TestSuiteExecutor.execute(TestSuiteExecutor.java:81)
	at com.kms.katalon.core.main.TestCaseMain.startTestSuite(TestCaseMain.java:149)
	at com.kms.katalon.core.main.TestCaseMain$startTestSuite$0.call(Unknown Source)
	at TempTestSuite1563918963353.run(TempTestSuite1563918963353.groovy:36)]]></system-err>
      </testcase>
      <testcase name="Test Cases/OCS - DESKTOP/OCS- PRODUCT PAGE/Price" classname="Test Cases/OCS - DESKTOP/OCS- PRODUCT PAGE/Price" status="PASSED">
         <system-out><![CDATA[2019-07-23 18:45:01 - [TEST_CASE][PASSED] - Test Cases/OCS - DESKTOP/OCS- PRODUCT PAGE/Price: Test Cases/OCS - DESKTOP/OCS- PRODUCT PAGE/Price

2019-07-23 18:45:01 - [TEST_STEP][PASSED] - callTestCase(findTestCase("OCS - DESKTOP/CALL - PDP"), [:], STOP_ON_FAILURE): Call Test Case 'Test Cases/OCS - DESKTOP/CALL - PDP' successfully

2019-07-23 18:45:02 - [TEST_CASE][PASSED] - Test Cases/OCS - DESKTOP/CALL - PDP: Test Cases/OCS - DESKTOP/CALL - PDP

2019-07-23 18:45:02 - [TEST_STEP][PASSED] - openBrowser(""): Browser is opened with url: ''

2019-07-23 18:45:02 - [MESSAGE][WARNING] - A browser is already opened. Closing browser and opening a new one

2019-07-23 18:45:02 - [MESSAGE][INFO] - Starting 'Chrome' driver

2019-07-23 18:45:03 - [MESSAGE][PASSED] - Browser is opened with url: ''

2019-07-23 18:45:03 - [TEST_STEP][PASSED] - navigateToUrl("https://ocs.ca/?fts=0&preview_theme_id=74209363788"): Navigate to 'https://ocs.ca/?fts=0&preview_theme_id=74209363788' successfully

2019-07-23 18:45:08 - [MESSAGE][PASSED] - Navigate to 'https://ocs.ca/?fts=0&preview_theme_id=74209363788' successfully

2019-07-23 18:45:08 - [TEST_STEP][PASSED] - maximizeWindow(): Current window maximized

2019-07-23 18:45:08 - [MESSAGE][PASSED] - Current window maximized

2019-07-23 18:45:08 - [TEST_STEP][PASSED] - executeJavaScript("var previewBar = document.getElementById("preview-bar-iframe"); previewBar.style.display = "none";", []): Execute JavaScript 'var previewBar = document.getElementById("preview-bar-iframe"); previewBar.style.display = "none";' successfully

2019-07-23 18:45:08 - [MESSAGE][PASSED] - Execute JavaScript 'var previewBar = document.getElementById("preview-bar-iframe"); previewBar.style.display = "none";' successfully

2019-07-23 18:45:08 - [TEST_STEP][PASSED] - delay(4): Delayed 4 second(s)

2019-07-23 18:45:12 - [MESSAGE][PASSED] - Delayed 4 second(s)

2019-07-23 18:45:12 - [TEST_STEP][PASSED] - selectOptionByValue(findTestObject("OCS-DESKTOP/Age gate and Mega menu/Date"), "12", true): All options with value '12' are selected in object 'Object Repository/OCS-DESKTOP/Age gate and Mega menu/Date'  using regular expression

2019-07-23 18:45:12 - [MESSAGE][PASSED] - All options with value '12' are selected in object 'Object Repository/OCS-DESKTOP/Age gate and Mega menu/Date'  using regular expression

2019-07-23 18:45:12 - [TEST_STEP][PASSED] - selectOptionByValue(findTestObject("OCS-DESKTOP/Age gate and Mega menu/month"), "6", true): All options with value '6' are selected in object 'Object Repository/OCS-DESKTOP/Age gate and Mega menu/month'  using regular expression

2019-07-23 18:45:12 - [MESSAGE][PASSED] - All options with value '6' are selected in object 'Object Repository/OCS-DESKTOP/Age gate and Mega menu/month'  using regular expression

2019-07-23 18:45:12 - [TEST_STEP][PASSED] - delay(2): Delayed 2 second(s)

2019-07-23 18:45:14 - [MESSAGE][PASSED] - Delayed 2 second(s)

2019-07-23 18:45:14 - [TEST_STEP][PASSED] - selectOptionByValue(findTestObject("OCS-DESKTOP/Age gate and Mega menu/Year Dropdown"), "1990", true): All options with value '1990' are selected in object 'Object Repository/OCS-DESKTOP/Age gate and Mega menu/Year Dropdown'  using regular expression

2019-07-23 18:45:15 - [MESSAGE][PASSED] - All options with value '1990' are selected in object 'Object Repository/OCS-DESKTOP/Age gate and Mega menu/Year Dropdown'  using regular expression

2019-07-23 18:45:15 - [TEST_STEP][PASSED] - click(findTestObject("OCS-DESKTOP/Age gate and Mega menu/button_Verify")): Object: 'Object Repository/OCS-DESKTOP/Age gate and Mega menu/button_Verify' is clicked on

2019-07-23 18:45:15 - [MESSAGE][PASSED] - Object: 'Object Repository/OCS-DESKTOP/Age gate and Mega menu/button_Verify' is clicked on

2019-07-23 18:45:15 - [TEST_STEP][PASSED] - click(findTestObject("OCS-DESKTOP/Age gate and Mega menu/Checkbox_CONFIRM AND ACKNOWLEDGE")): Object: 'Object Repository/OCS-DESKTOP/Age gate and Mega menu/Checkbox_CONFIRM AND ACKNOWLEDGE' is clicked on

2019-07-23 18:45:16 - [MESSAGE][PASSED] - Object: 'Object Repository/OCS-DESKTOP/Age gate and Mega menu/Checkbox_CONFIRM AND ACKNOWLEDGE' is clicked on

2019-07-23 18:45:16 - [TEST_STEP][PASSED] - click(findTestObject("OCS-DESKTOP/Age gate and Mega menu/button_CONFIRM")): Object: 'Object Repository/OCS-DESKTOP/Age gate and Mega menu/button_CONFIRM' is clicked on

2019-07-23 18:45:16 - [MESSAGE][PASSED] - Object: 'Object Repository/OCS-DESKTOP/Age gate and Mega menu/button_CONFIRM' is clicked on

2019-07-23 18:45:16 - [TEST_STEP][PASSED] - click(findTestObject("OCS-DESKTOP/Age gate and Mega menu/button_Start Browsing")): Object: 'Object Repository/OCS-DESKTOP/Age gate and Mega menu/button_Start Browsing' is clicked on

2019-07-23 18:45:16 - [MESSAGE][PASSED] - Object: 'Object Repository/OCS-DESKTOP/Age gate and Mega menu/button_Start Browsing' is clicked on

2019-07-23 18:45:16 - [TEST_STEP][PASSED] - refresh(): Refresh successfully

2019-07-23 18:45:19 - [MESSAGE][PASSED] - Refresh successfully

2019-07-23 18:45:19 - [TEST_STEP][PASSED] - delay(2): Delayed 2 second(s)

2019-07-23 18:45:21 - [MESSAGE][PASSED] - Delayed 2 second(s)

2019-07-23 18:45:21 - [TEST_STEP][PASSED] - click(findTestObject("OCS-DESKTOP/Age gate and Mega menu/Header/CANNABIS menu - English")): Object: 'Object Repository/OCS-DESKTOP/Age gate and Mega menu/Header/CANNABIS menu - English' is clicked on

2019-07-23 18:45:21 - [MESSAGE][PASSED] - Object: 'Object Repository/OCS-DESKTOP/Age gate and Mega menu/Header/CANNABIS menu - English' is clicked on

2019-07-23 18:45:21 - [TEST_STEP][PASSED] - delay(2): Delayed 2 second(s)

2019-07-23 18:45:23 - [MESSAGE][PASSED] - Delayed 2 second(s)

2019-07-23 18:45:23 - [TEST_STEP][PASSED] - click(findTestObject("OCS-DESKTOP/Age gate and Mega menu/Indica Dominant_Menu item")): Object: 'Object Repository/OCS-DESKTOP/Age gate and Mega menu/Indica Dominant_Menu item' is clicked on

2019-07-23 18:45:25 - [MESSAGE][PASSED] - Object: 'Object Repository/OCS-DESKTOP/Age gate and Mega menu/Indica Dominant_Menu item' is clicked on

2019-07-23 18:45:25 - [TEST_STEP][PASSED] - delay(2): Delayed 2 second(s)

2019-07-23 18:45:27 - [MESSAGE][PASSED] - Delayed 2 second(s)

2019-07-23 18:45:27 - [TEST_STEP][PASSED] - scrollToElement(findTestObject("OCS-DESKTOP/Collection page/Product image - 1st one"), 0): Scroll to object 'Object Repository/OCS-DESKTOP/Collection page/Product image - 1st one' successfully

2019-07-23 18:45:27 - [MESSAGE][WARNING] - Timeout '0' is invalid. Using default page load timeout: '30'

2019-07-23 18:45:27 - [MESSAGE][PASSED] - Scroll to object 'Object Repository/OCS-DESKTOP/Collection page/Product image - 1st one' successfully

2019-07-23 18:45:27 - [TEST_STEP][PASSED] - delay(2): Delayed 2 second(s)

2019-07-23 18:45:29 - [MESSAGE][PASSED] - Delayed 2 second(s)

2019-07-23 18:45:29 - [TEST_STEP][PASSED] - click(findTestObject("OCS-DESKTOP/Collection page/Product image - 1st one")): Object: 'Object Repository/OCS-DESKTOP/Collection page/Product image - 1st one' is clicked on

2019-07-23 18:45:33 - [MESSAGE][PASSED] - Object: 'Object Repository/OCS-DESKTOP/Collection page/Product image - 1st one' is clicked on

2019-07-23 18:45:33 - [TEST_STEP][PASSED] - executeJavaScript("var previewBar = document.getElementById("preview-bar-iframe"); previewBar.style.display = "none";", []): Execute JavaScript 'var previewBar = document.getElementById("preview-bar-iframe"); previewBar.style.display = "none";' successfully

2019-07-23 18:45:33 - [MESSAGE][PASSED] - Execute JavaScript 'var previewBar = document.getElementById("preview-bar-iframe"); previewBar.style.display = "none";' successfully

2019-07-23 18:45:33 - [TEST_STEP][PASSED] - delay(2): Delayed 2 second(s)

2019-07-23 18:45:35 - [MESSAGE][PASSED] - Delayed 2 second(s)

2019-07-23 18:45:35 - [MESSAGE][PASSED] - Call Test Case 'Test Cases/OCS - DESKTOP/CALL - PDP' successfully

2019-07-23 18:45:35 - [TEST_STEP][PASSED] - navigateToUrl("https://ocs.ca/products/la-confidential"): Navigate to 'https://ocs.ca/products/la-confidential' successfully

2019-07-23 18:45:39 - [MESSAGE][PASSED] - Navigate to 'https://ocs.ca/products/la-confidential' successfully

2019-07-23 18:45:39 - [TEST_STEP][PASSED] - delay(2): Delayed 2 second(s)

2019-07-23 18:45:41 - [MESSAGE][PASSED] - Delayed 2 second(s)

2019-07-23 18:45:41 - [TEST_STEP][PASSED] - scrollToElement(findTestObject("OCS-DESKTOP/Product page/Product image"), 1): Scroll to object 'Object Repository/OCS-DESKTOP/Product page/Product image' successfully

2019-07-23 18:45:41 - [MESSAGE][PASSED] - Scroll to object 'Object Repository/OCS-DESKTOP/Product page/Product image' successfully

2019-07-23 18:45:41 - [TEST_STEP][PASSED] - delay(2): Delayed 2 second(s)

2019-07-23 18:45:43 - [MESSAGE][PASSED] - Delayed 2 second(s)

2019-07-23 18:45:43 - [TEST_STEP][PASSED] - click(findTestObject("OCS-DESKTOP/Product page/Swatch_1g")): Object: 'Object Repository/OCS-DESKTOP/Product page/Swatch_1g' is clicked on

2019-07-23 18:45:43 - [MESSAGE][PASSED] - Object: 'Object Repository/OCS-DESKTOP/Product page/Swatch_1g' is clicked on

2019-07-23 18:45:43 - [TEST_STEP][PASSED] - delay(2): Delayed 2 second(s)

2019-07-23 18:45:45 - [MESSAGE][PASSED] - Delayed 2 second(s)

2019-07-23 18:45:45 - [TEST_STEP][NOT_RUN] - scrollToElement(findTestObject("OCS-DESKTOP/Product page/Add to Bag-button"), 0): NOT_RUN: scrollToElement(findTestObject("OCS-DESKTOP/Product page/Add to Bag-button"), 0)

2019-07-23 18:45:45 - [MESSAGE][NOT_RUN] - NOT_RUN: scrollToElement(findTestObject("OCS-DESKTOP/Product page/Add to Bag-button"), 0)

2019-07-23 18:45:45 - [TEST_STEP][NOT_RUN] - scrollToElement(findTestObject("OCS-MOBILE /Product page/Product image"), 1): NOT_RUN: scrollToElement(findTestObject("OCS-MOBILE /Product page/Product image"), 1)

2019-07-23 18:45:45 - [MESSAGE][NOT_RUN] - NOT_RUN: scrollToElement(findTestObject("OCS-MOBILE /Product page/Product image"), 1)

2019-07-23 18:45:45 - [TEST_STEP][PASSED] - delay(2): Delayed 2 second(s)

2019-07-23 18:45:47 - [MESSAGE][PASSED] - Delayed 2 second(s)

2019-07-23 18:45:47 - [TEST_STEP][PASSED] - a = getText(findTestObject("OCS-DESKTOP/Product page/Price/1g Price - Swatch")): Text of object 'Object Repository/OCS-DESKTOP/Product page/Price/1g Price - Swatch' is: '$10.50'

2019-07-23 18:45:47 - [MESSAGE][PASSED] - Text of object 'Object Repository/OCS-DESKTOP/Product page/Price/1g Price - Swatch' is: '$10.50'

2019-07-23 18:45:47 - [TEST_STEP][PASSED] - comment("a =" + a): a =$10.50

2019-07-23 18:45:47 - [MESSAGE][INFO] - a =$10.50

2019-07-23 18:45:47 - [TEST_STEP][PASSED] - delay(1, OPTIONAL): Delayed 1 second(s)

2019-07-23 18:45:48 - [MESSAGE][PASSED] - Delayed 1 second(s)

2019-07-23 18:45:48 - [TEST_STEP][PASSED] - flag = verifyElementPresent(findTestObject("OCS-DESKTOP/Product page/Price/Price - Add to cart button"), 0, CONTINUE_ON_FAILURE): Object 'Object Repository/OCS-DESKTOP/Product page/Price/Price - Add to cart button' is present

2019-07-23 18:45:48 - [MESSAGE][WARNING] - Timeout '0' is invalid. Using default page load timeout: '30'

2019-07-23 18:45:48 - [MESSAGE][PASSED] - Object 'Object Repository/OCS-DESKTOP/Product page/Price/Price - Add to cart button' is present

2019-07-23 18:45:48 - [TEST_STEP][PASSED] - comment("flag =" + flag): flag =true

2019-07-23 18:45:48 - [MESSAGE][INFO] - flag =true

2019-07-23 18:45:48 - [TEST_STEP][PASSED] - if (flag == true): Actual object '35.00' and expected object '35.00' are equal

2019-07-23 18:45:48 - [TEST_STEP][PASSED] - b = getText(findTestObject("OCS-DESKTOP/Product page/Price/Price - Add to cart button")): Text of object 'Object Repository/OCS-DESKTOP/Product page/Price/Price - Add to cart button' is: '$10.50'

2019-07-23 18:45:48 - [MESSAGE][PASSED] - Text of object 'Object Repository/OCS-DESKTOP/Product page/Price/Price - Add to cart button' is: '$10.50'

2019-07-23 18:45:48 - [TEST_STEP][PASSED] - comment("a =" + a): a =$10.50

2019-07-23 18:45:48 - [MESSAGE][INFO] - a =$10.50

2019-07-23 18:45:48 - [TEST_STEP][PASSED] - a1 = a.substring(1): null

2019-07-23 18:45:48 - [TEST_STEP][PASSED] - comment("a1=" + a1): a1=10.50

2019-07-23 18:45:48 - [MESSAGE][INFO] - a1=10.50

2019-07-23 18:45:48 - [TEST_STEP][PASSED] - comment("b =" + b): b =$10.50

2019-07-23 18:45:48 - [MESSAGE][INFO] - b =$10.50

2019-07-23 18:45:48 - [TEST_STEP][PASSED] - b1 = a.substring(1): null

2019-07-23 18:45:48 - [TEST_STEP][PASSED] - comment("b1 =" + b1): b1 =10.50

2019-07-23 18:45:48 - [MESSAGE][INFO] - b1 =10.50

2019-07-23 18:45:48 - [TEST_STEP][PASSED] - verifyEqual(a1, b1): Actual object '10.50' and expected object '10.50' are equal

2019-07-23 18:45:48 - [MESSAGE][PASSED] - Actual object '10.50' and expected object '10.50' are equal

2019-07-23 18:45:48 - [TEST_STEP][PASSED] - click(findTestObject("OCS-DESKTOP/Product page/Swatch_3.5g")): Object: 'Object Repository/OCS-DESKTOP/Product page/Swatch_3.5g' is clicked on

2019-07-23 18:45:48 - [MESSAGE][PASSED] - Object: 'Object Repository/OCS-DESKTOP/Product page/Swatch_3.5g' is clicked on

2019-07-23 18:45:48 - [TEST_STEP][PASSED] - c = getText(findTestObject("OCS-DESKTOP/Product page/Price/3.5g Price - Swatch"), STOP_ON_FAILURE): Text of object 'Object Repository/OCS-DESKTOP/Product page/Price/3.5g Price - Swatch' is: '$35.00'

2019-07-23 18:45:48 - [MESSAGE][PASSED] - Text of object 'Object Repository/OCS-DESKTOP/Product page/Price/3.5g Price - Swatch' is: '$35.00'

2019-07-23 18:45:48 - [TEST_STEP][PASSED] - comment("c =" + c): c =$35.00

2019-07-23 18:45:48 - [MESSAGE][INFO] - c =$35.00

2019-07-23 18:45:48 - [TEST_STEP][PASSED] - c1 = c.substring(1): null

2019-07-23 18:45:48 - [TEST_STEP][PASSED] - comment("c1 =" + c1): c1 =35.00

2019-07-23 18:45:48 - [MESSAGE][INFO] - c1 =35.00

2019-07-23 18:45:48 - [TEST_STEP][PASSED] - d = getText(findTestObject("OCS-DESKTOP/Product page/Price/Price - Add to cart button")): Text of object 'Object Repository/OCS-DESKTOP/Product page/Price/Price - Add to cart button' is: '$35.00'

2019-07-23 18:45:48 - [MESSAGE][PASSED] - Text of object 'Object Repository/OCS-DESKTOP/Product page/Price/Price - Add to cart button' is: '$35.00'

2019-07-23 18:45:48 - [TEST_STEP][PASSED] - comment("d =" + d): d =$35.00

2019-07-23 18:45:48 - [MESSAGE][INFO] - d =$35.00

2019-07-23 18:45:48 - [TEST_STEP][PASSED] - d1 = d.substring(1): null

2019-07-23 18:45:48 - [TEST_STEP][PASSED] - comment("d1 =" + d1): d1 =35.00

2019-07-23 18:45:48 - [MESSAGE][INFO] - d1 =35.00

2019-07-23 18:45:48 - [TEST_STEP][PASSED] - verifyEqual(c1, d1): Actual object '35.00' and expected object '35.00' are equal

2019-07-23 18:45:48 - [MESSAGE][PASSED] - Actual object '35.00' and expected object '35.00' are equal]]></system-out>
         <system-err><![CDATA[]]></system-err>
      </testcase>
      <testcase name="Test Cases/OCS - DESKTOP/OCS- PRODUCT PAGE/Learn More" classname="Test Cases/OCS - DESKTOP/OCS- PRODUCT PAGE/Learn More" status="PASSED">
         <system-out><![CDATA[2019-07-23 18:45:48 - [TEST_CASE][PASSED] - Test Cases/OCS - DESKTOP/OCS- PRODUCT PAGE/Learn More: Test Cases/OCS - DESKTOP/OCS- PRODUCT PAGE/Learn More

2019-07-23 18:45:48 - [TEST_STEP][PASSED] - callTestCase(findTestCase("OCS - DESKTOP/CALL - PDP"), [:], STOP_ON_FAILURE): Call Test Case 'Test Cases/OCS - DESKTOP/CALL - PDP' successfully

2019-07-23 18:45:48 - [TEST_CASE][PASSED] - Test Cases/OCS - DESKTOP/CALL - PDP: Test Cases/OCS - DESKTOP/CALL - PDP

2019-07-23 18:45:48 - [TEST_STEP][PASSED] - openBrowser(""): Browser is opened with url: ''

2019-07-23 18:45:48 - [MESSAGE][WARNING] - A browser is already opened. Closing browser and opening a new one

2019-07-23 18:45:48 - [MESSAGE][INFO] - Starting 'Chrome' driver

2019-07-23 18:45:50 - [MESSAGE][PASSED] - Browser is opened with url: ''

2019-07-23 18:45:50 - [TEST_STEP][PASSED] - navigateToUrl("https://ocs.ca/?fts=0&preview_theme_id=74209363788"): Navigate to 'https://ocs.ca/?fts=0&preview_theme_id=74209363788' successfully

2019-07-23 18:45:55 - [MESSAGE][PASSED] - Navigate to 'https://ocs.ca/?fts=0&preview_theme_id=74209363788' successfully

2019-07-23 18:45:55 - [TEST_STEP][PASSED] - maximizeWindow(): Current window maximized

2019-07-23 18:45:55 - [MESSAGE][PASSED] - Current window maximized

2019-07-23 18:45:55 - [TEST_STEP][PASSED] - executeJavaScript("var previewBar = document.getElementById("preview-bar-iframe"); previewBar.style.display = "none";", []): Execute JavaScript 'var previewBar = document.getElementById("preview-bar-iframe"); previewBar.style.display = "none";' successfully

2019-07-23 18:45:55 - [MESSAGE][PASSED] - Execute JavaScript 'var previewBar = document.getElementById("preview-bar-iframe"); previewBar.style.display = "none";' successfully

2019-07-23 18:45:55 - [TEST_STEP][PASSED] - delay(4): Delayed 4 second(s)

2019-07-23 18:45:59 - [MESSAGE][PASSED] - Delayed 4 second(s)

2019-07-23 18:45:59 - [TEST_STEP][PASSED] - selectOptionByValue(findTestObject("OCS-DESKTOP/Age gate and Mega menu/Date"), "12", true): All options with value '12' are selected in object 'Object Repository/OCS-DESKTOP/Age gate and Mega menu/Date'  using regular expression

2019-07-23 18:45:59 - [MESSAGE][PASSED] - All options with value '12' are selected in object 'Object Repository/OCS-DESKTOP/Age gate and Mega menu/Date'  using regular expression

2019-07-23 18:45:59 - [TEST_STEP][PASSED] - selectOptionByValue(findTestObject("OCS-DESKTOP/Age gate and Mega menu/month"), "6", true): All options with value '6' are selected in object 'Object Repository/OCS-DESKTOP/Age gate and Mega menu/month'  using regular expression

2019-07-23 18:45:59 - [MESSAGE][PASSED] - All options with value '6' are selected in object 'Object Repository/OCS-DESKTOP/Age gate and Mega menu/month'  using regular expression

2019-07-23 18:45:59 - [TEST_STEP][PASSED] - delay(2): Delayed 2 second(s)

2019-07-23 18:46:01 - [MESSAGE][PASSED] - Delayed 2 second(s)

2019-07-23 18:46:01 - [TEST_STEP][PASSED] - selectOptionByValue(findTestObject("OCS-DESKTOP/Age gate and Mega menu/Year Dropdown"), "1990", true): All options with value '1990' are selected in object 'Object Repository/OCS-DESKTOP/Age gate and Mega menu/Year Dropdown'  using regular expression

2019-07-23 18:46:02 - [MESSAGE][PASSED] - All options with value '1990' are selected in object 'Object Repository/OCS-DESKTOP/Age gate and Mega menu/Year Dropdown'  using regular expression

2019-07-23 18:46:02 - [TEST_STEP][PASSED] - click(findTestObject("OCS-DESKTOP/Age gate and Mega menu/button_Verify")): Object: 'Object Repository/OCS-DESKTOP/Age gate and Mega menu/button_Verify' is clicked on

2019-07-23 18:46:03 - [MESSAGE][PASSED] - Object: 'Object Repository/OCS-DESKTOP/Age gate and Mega menu/button_Verify' is clicked on

2019-07-23 18:46:03 - [TEST_STEP][PASSED] - click(findTestObject("OCS-DESKTOP/Age gate and Mega menu/Checkbox_CONFIRM AND ACKNOWLEDGE")): Object: 'Object Repository/OCS-DESKTOP/Age gate and Mega menu/Checkbox_CONFIRM AND ACKNOWLEDGE' is clicked on

2019-07-23 18:46:03 - [MESSAGE][PASSED] - Object: 'Object Repository/OCS-DESKTOP/Age gate and Mega menu/Checkbox_CONFIRM AND ACKNOWLEDGE' is clicked on

2019-07-23 18:46:03 - [TEST_STEP][PASSED] - click(findTestObject("OCS-DESKTOP/Age gate and Mega menu/button_CONFIRM")): Object: 'Object Repository/OCS-DESKTOP/Age gate and Mega menu/button_CONFIRM' is clicked on

2019-07-23 18:46:03 - [MESSAGE][PASSED] - Object: 'Object Repository/OCS-DESKTOP/Age gate and Mega menu/button_CONFIRM' is clicked on

2019-07-23 18:46:03 - [TEST_STEP][PASSED] - click(findTestObject("OCS-DESKTOP/Age gate and Mega menu/button_Start Browsing")): Object: 'Object Repository/OCS-DESKTOP/Age gate and Mega menu/button_Start Browsing' is clicked on

2019-07-23 18:46:03 - [MESSAGE][PASSED] - Object: 'Object Repository/OCS-DESKTOP/Age gate and Mega menu/button_Start Browsing' is clicked on

2019-07-23 18:46:03 - [TEST_STEP][PASSED] - refresh(): Refresh successfully

2019-07-23 18:46:03 - [MESSAGE][PASSED] - Refresh successfully

2019-07-23 18:46:03 - [TEST_STEP][PASSED] - delay(2): Delayed 2 second(s)

2019-07-23 18:46:05 - [MESSAGE][PASSED] - Delayed 2 second(s)

2019-07-23 18:46:05 - [TEST_STEP][PASSED] - click(findTestObject("OCS-DESKTOP/Age gate and Mega menu/Header/CANNABIS menu - English")): Object: 'Object Repository/OCS-DESKTOP/Age gate and Mega menu/Header/CANNABIS menu - English' is clicked on

2019-07-23 18:46:06 - [MESSAGE][PASSED] - Object: 'Object Repository/OCS-DESKTOP/Age gate and Mega menu/Header/CANNABIS menu - English' is clicked on

2019-07-23 18:46:06 - [TEST_STEP][PASSED] - delay(2): Delayed 2 second(s)

2019-07-23 18:46:08 - [MESSAGE][PASSED] - Delayed 2 second(s)

2019-07-23 18:46:08 - [TEST_STEP][PASSED] - click(findTestObject("OCS-DESKTOP/Age gate and Mega menu/Indica Dominant_Menu item")): Object: 'Object Repository/OCS-DESKTOP/Age gate and Mega menu/Indica Dominant_Menu item' is clicked on

2019-07-23 18:46:11 - [MESSAGE][PASSED] - Object: 'Object Repository/OCS-DESKTOP/Age gate and Mega menu/Indica Dominant_Menu item' is clicked on

2019-07-23 18:46:11 - [TEST_STEP][PASSED] - delay(2): Delayed 2 second(s)

2019-07-23 18:46:13 - [MESSAGE][PASSED] - Delayed 2 second(s)

2019-07-23 18:46:13 - [TEST_STEP][PASSED] - scrollToElement(findTestObject("OCS-DESKTOP/Collection page/Product image - 1st one"), 0): Scroll to object 'Object Repository/OCS-DESKTOP/Collection page/Product image - 1st one' successfully

2019-07-23 18:46:13 - [MESSAGE][WARNING] - Timeout '0' is invalid. Using default page load timeout: '30'

2019-07-23 18:46:13 - [MESSAGE][PASSED] - Scroll to object 'Object Repository/OCS-DESKTOP/Collection page/Product image - 1st one' successfully

2019-07-23 18:46:13 - [TEST_STEP][PASSED] - delay(2): Delayed 2 second(s)

2019-07-23 18:46:15 - [MESSAGE][PASSED] - Delayed 2 second(s)

2019-07-23 18:46:15 - [TEST_STEP][PASSED] - click(findTestObject("OCS-DESKTOP/Collection page/Product image - 1st one")): Object: 'Object Repository/OCS-DESKTOP/Collection page/Product image - 1st one' is clicked on

2019-07-23 18:46:18 - [MESSAGE][PASSED] - Object: 'Object Repository/OCS-DESKTOP/Collection page/Product image - 1st one' is clicked on

2019-07-23 18:46:18 - [TEST_STEP][PASSED] - executeJavaScript("var previewBar = document.getElementById("preview-bar-iframe"); previewBar.style.display = "none";", []): Execute JavaScript 'var previewBar = document.getElementById("preview-bar-iframe"); previewBar.style.display = "none";' successfully

2019-07-23 18:46:19 - [MESSAGE][PASSED] - Execute JavaScript 'var previewBar = document.getElementById("preview-bar-iframe"); previewBar.style.display = "none";' successfully

2019-07-23 18:46:19 - [TEST_STEP][PASSED] - delay(2): Delayed 2 second(s)

2019-07-23 18:46:21 - [MESSAGE][PASSED] - Delayed 2 second(s)

2019-07-23 18:46:21 - [MESSAGE][PASSED] - Call Test Case 'Test Cases/OCS - DESKTOP/CALL - PDP' successfully

2019-07-23 18:46:21 - [TEST_STEP][NOT_RUN] - scrollToElement(findTestObject("OCS-MOBILE /Product page/Product image"), 1): NOT_RUN: scrollToElement(findTestObject("OCS-MOBILE /Product page/Product image"), 1)

2019-07-23 18:46:21 - [MESSAGE][NOT_RUN] - NOT_RUN: scrollToElement(findTestObject("OCS-MOBILE /Product page/Product image"), 1)

2019-07-23 18:46:21 - [TEST_STEP][PASSED] - click(findTestObject("OCS-DESKTOP/Product page/Learn More - Link")): Object: 'Object Repository/OCS-DESKTOP/Product page/Learn More - Link' is clicked on

2019-07-23 18:46:21 - [MESSAGE][PASSED] - Object: 'Object Repository/OCS-DESKTOP/Product page/Learn More - Link' is clicked on

2019-07-23 18:46:21 - [TEST_STEP][PASSED] - verifyElementPresent(findTestObject("OCS-DESKTOP/Product page/About Product - Table"), 1): Object 'Object Repository/OCS-DESKTOP/Product page/About Product - Table' is present

2019-07-23 18:46:21 - [MESSAGE][PASSED] - Object 'Object Repository/OCS-DESKTOP/Product page/About Product - Table' is present

2019-07-23 18:46:21 - [TEST_STEP][PASSED] - takeScreenshot(): Taking screenshot successfully

2019-07-23 18:46:21 - [MESSAGE][PASSED] - Taking screenshot successfully
[[ATTACHMENT|/Users/sumankompelly/git/OCS--Relative-xpath-Desktop/Reports/Suite - Chrome/20190723_175603/1563921981128.png]]]]></system-out>
         <system-err><![CDATA[]]></system-err>
      </testcase>
      <testcase name="Test Cases/OCS - DESKTOP/OCS- PRODUCT PAGE/Recently viewed" classname="Test Cases/OCS - DESKTOP/OCS- PRODUCT PAGE/Recently viewed" status="FAILED">
         <failure type="FAILED" message="Test Cases/OCS - DESKTOP/OCS- PRODUCT PAGE/Recently viewed FAILED.
Reason:
com.kms.katalon.core.exception.StepFailedException: Unable to click on object 'Object Repository/OCS-DESKTOP/Product page/Recently Viewed/1st Product - Image' (Root cause: com.kms.katalon.core.webui.exception.WebElementNotFoundException: Web element with id: 'Object Repository/OCS-DESKTOP/Product page/Recently Viewed/1st Product - Image' located by 'By.xpath: //*[@id=&quot;product_2108928657228&quot;]/div[1]/a/img' not found)
	at com.kms.katalon.core.keyword.internal.KeywordMain.stepFailed(KeywordMain.groovy:36)
	at com.kms.katalon.core.webui.keyword.internal.WebUIKeywordMain.stepFailed(WebUIKeywordMain.groovy:65)
	at com.kms.katalon.core.webui.keyword.internal.WebUIKeywordMain.runKeyword(WebUIKeywordMain.groovy:27)
	at com.kms.katalon.core.webui.keyword.builtin.ClickKeyword.click(ClickKeyword.groovy:86)
	at com.kms.katalon.core.webui.keyword.builtin.ClickKeyword.execute(ClickKeyword.groovy:67)
	at com.kms.katalon.core.keyword.internal.KeywordExecutor.executeKeywordForPlatform(KeywordExecutor.groovy:53)
	at com.kms.katalon.core.webui.keyword.WebUiBuiltInKeywords.click(WebUiBuiltInKeywords.groovy:616)
	at com.kms.katalon.core.webui.keyword.WebUiBuiltInKeywords$click$4.call(Unknown Source)
	at Recently viewed.run(Recently viewed:24)
	at com.kms.katalon.core.main.ScriptEngine.run(ScriptEngine.java:194)
	at com.kms.katalon.core.main.ScriptEngine.runScriptAsRawText(ScriptEngine.java:119)
	at com.kms.katalon.core.main.TestCaseExecutor.runScript(TestCaseExecutor.java:328)
	at com.kms.katalon.core.main.TestCaseExecutor.doExecute(TestCaseExecutor.java:319)
	at com.kms.katalon.core.main.TestCaseExecutor.processExecutionPhase(TestCaseExecutor.java:298)
	at com.kms.katalon.core.main.TestCaseExecutor.accessMainPhase(TestCaseExecutor.java:290)
	at com.kms.katalon.core.main.TestCaseExecutor.execute(TestCaseExecutor.java:224)
	at com.kms.katalon.core.main.TestSuiteExecutor.accessTestCaseMainPhase(TestSuiteExecutor.java:129)
	at com.kms.katalon.core.main.TestSuiteExecutor.accessTestSuiteMainPhase(TestSuiteExecutor.java:112)
	at com.kms.katalon.core.main.TestSuiteExecutor.execute(TestSuiteExecutor.java:81)
	at com.kms.katalon.core.main.TestCaseMain.startTestSuite(TestCaseMain.java:149)
	at com.kms.katalon.core.main.TestCaseMain$startTestSuite$0.call(Unknown Source)
	at TempTestSuite1563918963353.run(TempTestSuite1563918963353.groovy:36)
"/>
         <system-out><![CDATA[2019-07-23 18:46:21 - [TEST_CASE][FAILED] - Test Cases/OCS - DESKTOP/OCS- PRODUCT PAGE/Recently viewed: Test Cases/OCS - DESKTOP/OCS- PRODUCT PAGE/Recently viewed FAILED.
Reason:
com.kms.katalon.core.exception.StepFailedException: Unable to click on object 'Object Repository/OCS-DESKTOP/Product page/Recently Viewed/1st Product - Image' (Root cause: com.kms.katalon.core.webui.exception.WebElementNotFoundException: Web element with id: 'Object Repository/OCS-DESKTOP/Product page/Recently Viewed/1st Product - Image' located by 'By.xpath: //*[@id="product_2108928657228"]/div[1]/a/img' not found)
	at com.kms.katalon.core.keyword.internal.KeywordMain.stepFailed(KeywordMain.groovy:36)
	at com.kms.katalon.core.webui.keyword.internal.WebUIKeywordMain.stepFailed(WebUIKeywordMain.groovy:65)
	at com.kms.katalon.core.webui.keyword.internal.WebUIKeywordMain.runKeyword(WebUIKeywordMain.groovy:27)
	at com.kms.katalon.core.webui.keyword.builtin.ClickKeyword.click(ClickKeyword.groovy:86)
	at com.kms.katalon.core.webui.keyword.builtin.ClickKeyword.execute(ClickKeyword.groovy:67)
	at com.kms.katalon.core.keyword.internal.KeywordExecutor.executeKeywordForPlatform(KeywordExecutor.groovy:53)
	at com.kms.katalon.core.webui.keyword.WebUiBuiltInKeywords.click(WebUiBuiltInKeywords.groovy:616)
	at com.kms.katalon.core.webui.keyword.WebUiBuiltInKeywords$click$4.call(Unknown Source)
	at Recently viewed.run(Recently viewed:24)
	at com.kms.katalon.core.main.ScriptEngine.run(ScriptEngine.java:194)
	at com.kms.katalon.core.main.ScriptEngine.runScriptAsRawText(ScriptEngine.java:119)
	at com.kms.katalon.core.main.TestCaseExecutor.runScript(TestCaseExecutor.java:328)
	at com.kms.katalon.core.main.TestCaseExecutor.doExecute(TestCaseExecutor.java:319)
	at com.kms.katalon.core.main.TestCaseExecutor.processExecutionPhase(TestCaseExecutor.java:298)
	at com.kms.katalon.core.main.TestCaseExecutor.accessMainPhase(TestCaseExecutor.java:290)
	at com.kms.katalon.core.main.TestCaseExecutor.execute(TestCaseExecutor.java:224)
	at com.kms.katalon.core.main.TestSuiteExecutor.accessTestCaseMainPhase(TestSuiteExecutor.java:129)
	at com.kms.katalon.core.main.TestSuiteExecutor.accessTestSuiteMainPhase(TestSuiteExecutor.java:112)
	at com.kms.katalon.core.main.TestSuiteExecutor.execute(TestSuiteExecutor.java:81)
	at com.kms.katalon.core.main.TestCaseMain.startTestSuite(TestCaseMain.java:149)
	at com.kms.katalon.core.main.TestCaseMain$startTestSuite$0.call(Unknown Source)
	at TempTestSuite1563918963353.run(TempTestSuite1563918963353.groovy:36)


2019-07-23 18:46:21 - [TEST_STEP][PASSED] - callTestCase(findTestCase("OCS - DESKTOP/CALL - PDP"), [:], STOP_ON_FAILURE): Call Test Case 'Test Cases/OCS - DESKTOP/CALL - PDP' successfully

2019-07-23 18:46:21 - [TEST_CASE][PASSED] - Test Cases/OCS - DESKTOP/CALL - PDP: Test Cases/OCS - DESKTOP/CALL - PDP

2019-07-23 18:46:21 - [TEST_STEP][PASSED] - openBrowser(""): Browser is opened with url: ''

2019-07-23 18:46:21 - [MESSAGE][WARNING] - A browser is already opened. Closing browser and opening a new one

2019-07-23 18:46:21 - [MESSAGE][INFO] - Starting 'Chrome' driver

2019-07-23 18:46:22 - [MESSAGE][PASSED] - Browser is opened with url: ''

2019-07-23 18:46:22 - [TEST_STEP][PASSED] - navigateToUrl("https://ocs.ca/?fts=0&preview_theme_id=74209363788"): Navigate to 'https://ocs.ca/?fts=0&preview_theme_id=74209363788' successfully

2019-07-23 18:46:27 - [MESSAGE][PASSED] - Navigate to 'https://ocs.ca/?fts=0&preview_theme_id=74209363788' successfully

2019-07-23 18:46:27 - [TEST_STEP][PASSED] - maximizeWindow(): Current window maximized

2019-07-23 18:46:27 - [MESSAGE][PASSED] - Current window maximized

2019-07-23 18:46:27 - [TEST_STEP][PASSED] - executeJavaScript("var previewBar = document.getElementById("preview-bar-iframe"); previewBar.style.display = "none";", []): Execute JavaScript 'var previewBar = document.getElementById("preview-bar-iframe"); previewBar.style.display = "none";' successfully

2019-07-23 18:46:27 - [MESSAGE][PASSED] - Execute JavaScript 'var previewBar = document.getElementById("preview-bar-iframe"); previewBar.style.display = "none";' successfully

2019-07-23 18:46:27 - [TEST_STEP][PASSED] - delay(4): Delayed 4 second(s)

2019-07-23 18:46:31 - [MESSAGE][PASSED] - Delayed 4 second(s)

2019-07-23 18:46:31 - [TEST_STEP][PASSED] - selectOptionByValue(findTestObject("OCS-DESKTOP/Age gate and Mega menu/Date"), "12", true): All options with value '12' are selected in object 'Object Repository/OCS-DESKTOP/Age gate and Mega menu/Date'  using regular expression

2019-07-23 18:46:32 - [MESSAGE][PASSED] - All options with value '12' are selected in object 'Object Repository/OCS-DESKTOP/Age gate and Mega menu/Date'  using regular expression

2019-07-23 18:46:32 - [TEST_STEP][PASSED] - selectOptionByValue(findTestObject("OCS-DESKTOP/Age gate and Mega menu/month"), "6", true): All options with value '6' are selected in object 'Object Repository/OCS-DESKTOP/Age gate and Mega menu/month'  using regular expression

2019-07-23 18:46:32 - [MESSAGE][PASSED] - All options with value '6' are selected in object 'Object Repository/OCS-DESKTOP/Age gate and Mega menu/month'  using regular expression

2019-07-23 18:46:32 - [TEST_STEP][PASSED] - delay(2): Delayed 2 second(s)

2019-07-23 18:46:34 - [MESSAGE][PASSED] - Delayed 2 second(s)

2019-07-23 18:46:34 - [TEST_STEP][PASSED] - selectOptionByValue(findTestObject("OCS-DESKTOP/Age gate and Mega menu/Year Dropdown"), "1990", true): All options with value '1990' are selected in object 'Object Repository/OCS-DESKTOP/Age gate and Mega menu/Year Dropdown'  using regular expression

2019-07-23 18:46:35 - [MESSAGE][PASSED] - All options with value '1990' are selected in object 'Object Repository/OCS-DESKTOP/Age gate and Mega menu/Year Dropdown'  using regular expression

2019-07-23 18:46:35 - [TEST_STEP][PASSED] - click(findTestObject("OCS-DESKTOP/Age gate and Mega menu/button_Verify")): Object: 'Object Repository/OCS-DESKTOP/Age gate and Mega menu/button_Verify' is clicked on

2019-07-23 18:46:35 - [MESSAGE][PASSED] - Object: 'Object Repository/OCS-DESKTOP/Age gate and Mega menu/button_Verify' is clicked on

2019-07-23 18:46:35 - [TEST_STEP][PASSED] - click(findTestObject("OCS-DESKTOP/Age gate and Mega menu/Checkbox_CONFIRM AND ACKNOWLEDGE")): Object: 'Object Repository/OCS-DESKTOP/Age gate and Mega menu/Checkbox_CONFIRM AND ACKNOWLEDGE' is clicked on

2019-07-23 18:46:35 - [MESSAGE][PASSED] - Object: 'Object Repository/OCS-DESKTOP/Age gate and Mega menu/Checkbox_CONFIRM AND ACKNOWLEDGE' is clicked on

2019-07-23 18:46:35 - [TEST_STEP][PASSED] - click(findTestObject("OCS-DESKTOP/Age gate and Mega menu/button_CONFIRM")): Object: 'Object Repository/OCS-DESKTOP/Age gate and Mega menu/button_CONFIRM' is clicked on

2019-07-23 18:46:35 - [MESSAGE][PASSED] - Object: 'Object Repository/OCS-DESKTOP/Age gate and Mega menu/button_CONFIRM' is clicked on

2019-07-23 18:46:35 - [TEST_STEP][PASSED] - click(findTestObject("OCS-DESKTOP/Age gate and Mega menu/button_Start Browsing")): Object: 'Object Repository/OCS-DESKTOP/Age gate and Mega menu/button_Start Browsing' is clicked on

2019-07-23 18:46:35 - [MESSAGE][PASSED] - Object: 'Object Repository/OCS-DESKTOP/Age gate and Mega menu/button_Start Browsing' is clicked on

2019-07-23 18:46:35 - [TEST_STEP][PASSED] - refresh(): Refresh successfully

2019-07-23 18:46:35 - [MESSAGE][PASSED] - Refresh successfully

2019-07-23 18:46:35 - [TEST_STEP][PASSED] - delay(2): Delayed 2 second(s)

2019-07-23 18:46:37 - [MESSAGE][PASSED] - Delayed 2 second(s)

2019-07-23 18:46:37 - [TEST_STEP][PASSED] - click(findTestObject("OCS-DESKTOP/Age gate and Mega menu/Header/CANNABIS menu - English")): Object: 'Object Repository/OCS-DESKTOP/Age gate and Mega menu/Header/CANNABIS menu - English' is clicked on

2019-07-23 18:46:39 - [MESSAGE][PASSED] - Object: 'Object Repository/OCS-DESKTOP/Age gate and Mega menu/Header/CANNABIS menu - English' is clicked on

2019-07-23 18:46:39 - [TEST_STEP][PASSED] - delay(2): Delayed 2 second(s)

2019-07-23 18:46:41 - [MESSAGE][PASSED] - Delayed 2 second(s)

2019-07-23 18:46:41 - [TEST_STEP][PASSED] - click(findTestObject("OCS-DESKTOP/Age gate and Mega menu/Indica Dominant_Menu item")): Object: 'Object Repository/OCS-DESKTOP/Age gate and Mega menu/Indica Dominant_Menu item' is clicked on

2019-07-23 18:46:44 - [MESSAGE][PASSED] - Object: 'Object Repository/OCS-DESKTOP/Age gate and Mega menu/Indica Dominant_Menu item' is clicked on

2019-07-23 18:46:44 - [TEST_STEP][PASSED] - delay(2): Delayed 2 second(s)

2019-07-23 18:46:46 - [MESSAGE][PASSED] - Delayed 2 second(s)

2019-07-23 18:46:46 - [TEST_STEP][PASSED] - scrollToElement(findTestObject("OCS-DESKTOP/Collection page/Product image - 1st one"), 0): Scroll to object 'Object Repository/OCS-DESKTOP/Collection page/Product image - 1st one' successfully

2019-07-23 18:46:46 - [MESSAGE][WARNING] - Timeout '0' is invalid. Using default page load timeout: '30'

2019-07-23 18:46:46 - [MESSAGE][PASSED] - Scroll to object 'Object Repository/OCS-DESKTOP/Collection page/Product image - 1st one' successfully

2019-07-23 18:46:46 - [TEST_STEP][PASSED] - delay(2): Delayed 2 second(s)

2019-07-23 18:46:48 - [MESSAGE][PASSED] - Delayed 2 second(s)

2019-07-23 18:46:48 - [TEST_STEP][PASSED] - click(findTestObject("OCS-DESKTOP/Collection page/Product image - 1st one")): Object: 'Object Repository/OCS-DESKTOP/Collection page/Product image - 1st one' is clicked on

2019-07-23 18:46:51 - [MESSAGE][PASSED] - Object: 'Object Repository/OCS-DESKTOP/Collection page/Product image - 1st one' is clicked on

2019-07-23 18:46:51 - [TEST_STEP][PASSED] - executeJavaScript("var previewBar = document.getElementById("preview-bar-iframe"); previewBar.style.display = "none";", []): Execute JavaScript 'var previewBar = document.getElementById("preview-bar-iframe"); previewBar.style.display = "none";' successfully

2019-07-23 18:46:51 - [MESSAGE][PASSED] - Execute JavaScript 'var previewBar = document.getElementById("preview-bar-iframe"); previewBar.style.display = "none";' successfully

2019-07-23 18:46:51 - [TEST_STEP][PASSED] - delay(2): Delayed 2 second(s)

2019-07-23 18:46:53 - [MESSAGE][PASSED] - Delayed 2 second(s)

2019-07-23 18:46:53 - [MESSAGE][PASSED] - Call Test Case 'Test Cases/OCS - DESKTOP/CALL - PDP' successfully

2019-07-23 18:46:53 - [TEST_STEP][PASSED] - a = getWindowTitle(): Current window's title is: 'LA Confidential | Ontario Cannabis Store'

2019-07-23 18:46:53 - [MESSAGE][PASSED] - Current window's title is: 'LA Confidential | Ontario Cannabis Store'

2019-07-23 18:46:53 - [TEST_STEP][PASSED] - comment("WINDOW TITLE: " + a): WINDOW TITLE: LA Confidential | Ontario Cannabis Store

2019-07-23 18:46:53 - [MESSAGE][INFO] - WINDOW TITLE: LA Confidential | Ontario Cannabis Store

2019-07-23 18:46:53 - [TEST_STEP][NOT_RUN] - scrollToElement(findTestObject("OCS-MOBILE /Product page/How to choose cannabis product - Button"), 2): NOT_RUN: scrollToElement(findTestObject("OCS-MOBILE /Product page/How to choose cannabis product - Button"), 2)

2019-07-23 18:46:53 - [MESSAGE][NOT_RUN] - NOT_RUN: scrollToElement(findTestObject("OCS-MOBILE /Product page/How to choose cannabis product - Button"), 2)

2019-07-23 18:46:53 - [TEST_STEP][FAILED] - click(findTestObject("OCS-DESKTOP/Product page/Recently Viewed/1st Product - Image")): click(findTestObject("OCS-DESKTOP/Product page/Recently Viewed/1st Product - Image")) FAILED.
Reason:
com.kms.katalon.core.exception.StepFailedException: Unable to click on object 'Object Repository/OCS-DESKTOP/Product page/Recently Viewed/1st Product - Image' (Root cause: com.kms.katalon.core.webui.exception.WebElementNotFoundException: Web element with id: 'Object Repository/OCS-DESKTOP/Product page/Recently Viewed/1st Product - Image' located by 'By.xpath: //*[@id="product_2108928657228"]/div[1]/a/img' not found)
	at com.kms.katalon.core.keyword.internal.KeywordMain.stepFailed(KeywordMain.groovy:36)
	at com.kms.katalon.core.webui.keyword.internal.WebUIKeywordMain.stepFailed(WebUIKeywordMain.groovy:65)
	at com.kms.katalon.core.webui.keyword.internal.WebUIKeywordMain.runKeyword(WebUIKeywordMain.groovy:27)
	at com.kms.katalon.core.webui.keyword.builtin.ClickKeyword.click(ClickKeyword.groovy:86)
	at com.kms.katalon.core.webui.keyword.builtin.ClickKeyword.execute(ClickKeyword.groovy:67)
	at com.kms.katalon.core.keyword.internal.KeywordExecutor.executeKeywordForPlatform(KeywordExecutor.groovy:53)
	at com.kms.katalon.core.webui.keyword.WebUiBuiltInKeywords.click(WebUiBuiltInKeywords.groovy:616)
	at com.kms.katalon.core.webui.keyword.WebUiBuiltInKeywords$click$4.call(Unknown Source)
	at Recently viewed.run(Recently viewed:24)
	at com.kms.katalon.core.main.ScriptEngine.run(ScriptEngine.java:194)
	at com.kms.katalon.core.main.ScriptEngine.runScriptAsRawText(ScriptEngine.java:119)
	at com.kms.katalon.core.main.TestCaseExecutor.runScript(TestCaseExecutor.java:328)
	at com.kms.katalon.core.main.TestCaseExecutor.doExecute(TestCaseExecutor.java:319)
	at com.kms.katalon.core.main.TestCaseExecutor.processExecutionPhase(TestCaseExecutor.java:298)
	at com.kms.katalon.core.main.TestCaseExecutor.accessMainPhase(TestCaseExecutor.java:290)
	at com.kms.katalon.core.main.TestCaseExecutor.execute(TestCaseExecutor.java:224)
	at com.kms.katalon.core.main.TestSuiteExecutor.accessTestCaseMainPhase(TestSuiteExecutor.java:129)
	at com.kms.katalon.core.main.TestSuiteExecutor.accessTestSuiteMainPhase(TestSuiteExecutor.java:112)
	at com.kms.katalon.core.main.TestSuiteExecutor.execute(TestSuiteExecutor.java:81)
	at com.kms.katalon.core.main.TestCaseMain.startTestSuite(TestCaseMain.java:149)
	at com.kms.katalon.core.main.TestCaseMain$startTestSuite$0.call(Unknown Source)
	at TempTestSuite1563918963353.run(TempTestSuite1563918963353.groovy:36)


2019-07-23 18:47:24 - [MESSAGE][INFO] - Unable to find the element located by 'By.xpath: //*[@id="product_2108928657228"]/div[1]/a/img'. Please recheck the objects properties to make sure the desired element is located. 

2019-07-23 18:47:25 - [MESSAGE][FAILED] - Unable to click on object 'Object Repository/OCS-DESKTOP/Product page/Recently Viewed/1st Product - Image' (Root cause: com.kms.katalon.core.webui.exception.WebElementNotFoundException: Web element with id: 'Object Repository/OCS-DESKTOP/Product page/Recently Viewed/1st Product - Image' located by 'By.xpath: //*[@id="product_2108928657228"]/div[1]/a/img' not found)
[[ATTACHMENT|/Users/sumankompelly/git/OCS--Relative-xpath-Desktop/Reports/Suite - Chrome/20190723_175603/1563922044900.png]]

2019-07-23 18:47:25 - [MESSAGE][FAILED] - click(findTestObject("OCS-DESKTOP/Product page/Recently Viewed/1st Product - Image")) FAILED.
Reason:
com.kms.katalon.core.exception.StepFailedException: Unable to click on object 'Object Repository/OCS-DESKTOP/Product page/Recently Viewed/1st Product - Image' (Root cause: com.kms.katalon.core.webui.exception.WebElementNotFoundException: Web element with id: 'Object Repository/OCS-DESKTOP/Product page/Recently Viewed/1st Product - Image' located by 'By.xpath: //*[@id="product_2108928657228"]/div[1]/a/img' not found)
	at com.kms.katalon.core.keyword.internal.KeywordMain.stepFailed(KeywordMain.groovy:36)
	at com.kms.katalon.core.webui.keyword.internal.WebUIKeywordMain.stepFailed(WebUIKeywordMain.groovy:65)
	at com.kms.katalon.core.webui.keyword.internal.WebUIKeywordMain.runKeyword(WebUIKeywordMain.groovy:27)
	at com.kms.katalon.core.webui.keyword.builtin.ClickKeyword.click(ClickKeyword.groovy:86)
	at com.kms.katalon.core.webui.keyword.builtin.ClickKeyword.execute(ClickKeyword.groovy:67)
	at com.kms.katalon.core.keyword.internal.KeywordExecutor.executeKeywordForPlatform(KeywordExecutor.groovy:53)
	at com.kms.katalon.core.webui.keyword.WebUiBuiltInKeywords.click(WebUiBuiltInKeywords.groovy:616)
	at com.kms.katalon.core.webui.keyword.WebUiBuiltInKeywords$click$4.call(Unknown Source)
	at Recently viewed.run(Recently viewed:24)
	at com.kms.katalon.core.main.ScriptEngine.run(ScriptEngine.java:194)
	at com.kms.katalon.core.main.ScriptEngine.runScriptAsRawText(ScriptEngine.java:119)
	at com.kms.katalon.core.main.TestCaseExecutor.runScript(TestCaseExecutor.java:328)
	at com.kms.katalon.core.main.TestCaseExecutor.doExecute(TestCaseExecutor.java:319)
	at com.kms.katalon.core.main.TestCaseExecutor.processExecutionPhase(TestCaseExecutor.java:298)
	at com.kms.katalon.core.main.TestCaseExecutor.accessMainPhase(TestCaseExecutor.java:290)
	at com.kms.katalon.core.main.TestCaseExecutor.execute(TestCaseExecutor.java:224)
	at com.kms.katalon.core.main.TestSuiteExecutor.accessTestCaseMainPhase(TestSuiteExecutor.java:129)
	at com.kms.katalon.core.main.TestSuiteExecutor.accessTestSuiteMainPhase(TestSuiteExecutor.java:112)
	at com.kms.katalon.core.main.TestSuiteExecutor.execute(TestSuiteExecutor.java:81)
	at com.kms.katalon.core.main.TestCaseMain.startTestSuite(TestCaseMain.java:149)
	at com.kms.katalon.core.main.TestCaseMain$startTestSuite$0.call(Unknown Source)
	at TempTestSuite1563918963353.run(TempTestSuite1563918963353.groovy:36)]]></system-out>
         <system-err><![CDATA[2019-07-23 18:46:21 - [TEST_CASE][FAILED] - Test Cases/OCS - DESKTOP/OCS- PRODUCT PAGE/Recently viewed: Test Cases/OCS - DESKTOP/OCS- PRODUCT PAGE/Recently viewed FAILED.
Reason:
com.kms.katalon.core.exception.StepFailedException: Unable to click on object 'Object Repository/OCS-DESKTOP/Product page/Recently Viewed/1st Product - Image' (Root cause: com.kms.katalon.core.webui.exception.WebElementNotFoundException: Web element with id: 'Object Repository/OCS-DESKTOP/Product page/Recently Viewed/1st Product - Image' located by 'By.xpath: //*[@id="product_2108928657228"]/div[1]/a/img' not found)
	at com.kms.katalon.core.keyword.internal.KeywordMain.stepFailed(KeywordMain.groovy:36)
	at com.kms.katalon.core.webui.keyword.internal.WebUIKeywordMain.stepFailed(WebUIKeywordMain.groovy:65)
	at com.kms.katalon.core.webui.keyword.internal.WebUIKeywordMain.runKeyword(WebUIKeywordMain.groovy:27)
	at com.kms.katalon.core.webui.keyword.builtin.ClickKeyword.click(ClickKeyword.groovy:86)
	at com.kms.katalon.core.webui.keyword.builtin.ClickKeyword.execute(ClickKeyword.groovy:67)
	at com.kms.katalon.core.keyword.internal.KeywordExecutor.executeKeywordForPlatform(KeywordExecutor.groovy:53)
	at com.kms.katalon.core.webui.keyword.WebUiBuiltInKeywords.click(WebUiBuiltInKeywords.groovy:616)
	at com.kms.katalon.core.webui.keyword.WebUiBuiltInKeywords$click$4.call(Unknown Source)
	at Recently viewed.run(Recently viewed:24)
	at com.kms.katalon.core.main.ScriptEngine.run(ScriptEngine.java:194)
	at com.kms.katalon.core.main.ScriptEngine.runScriptAsRawText(ScriptEngine.java:119)
	at com.kms.katalon.core.main.TestCaseExecutor.runScript(TestCaseExecutor.java:328)
	at com.kms.katalon.core.main.TestCaseExecutor.doExecute(TestCaseExecutor.java:319)
	at com.kms.katalon.core.main.TestCaseExecutor.processExecutionPhase(TestCaseExecutor.java:298)
	at com.kms.katalon.core.main.TestCaseExecutor.accessMainPhase(TestCaseExecutor.java:290)
	at com.kms.katalon.core.main.TestCaseExecutor.execute(TestCaseExecutor.java:224)
	at com.kms.katalon.core.main.TestSuiteExecutor.accessTestCaseMainPhase(TestSuiteExecutor.java:129)
	at com.kms.katalon.core.main.TestSuiteExecutor.accessTestSuiteMainPhase(TestSuiteExecutor.java:112)
	at com.kms.katalon.core.main.TestSuiteExecutor.execute(TestSuiteExecutor.java:81)
	at com.kms.katalon.core.main.TestCaseMain.startTestSuite(TestCaseMain.java:149)
	at com.kms.katalon.core.main.TestCaseMain$startTestSuite$0.call(Unknown Source)
	at TempTestSuite1563918963353.run(TempTestSuite1563918963353.groovy:36)]]></system-err>
      </testcase>
      <testcase name="Test Cases/OCS - DESKTOP/OCS- PRODUCT PAGE/variants selector" classname="Test Cases/OCS - DESKTOP/OCS- PRODUCT PAGE/variants selector" status="PASSED">
         <system-out><![CDATA[2019-07-23 18:47:25 - [TEST_CASE][PASSED] - Test Cases/OCS - DESKTOP/OCS- PRODUCT PAGE/variants selector: Test Cases/OCS - DESKTOP/OCS- PRODUCT PAGE/variants selector

2019-07-23 18:47:25 - [TEST_STEP][PASSED] - callTestCase(findTestCase("OCS - DESKTOP/CALL - PDP"), [:], STOP_ON_FAILURE): Call Test Case 'Test Cases/OCS - DESKTOP/CALL - PDP' successfully

2019-07-23 18:47:25 - [TEST_CASE][PASSED] - Test Cases/OCS - DESKTOP/CALL - PDP: Test Cases/OCS - DESKTOP/CALL - PDP

2019-07-23 18:47:25 - [TEST_STEP][PASSED] - openBrowser(""): Browser is opened with url: ''

2019-07-23 18:47:25 - [MESSAGE][WARNING] - A browser is already opened. Closing browser and opening a new one

2019-07-23 18:47:25 - [MESSAGE][INFO] - Starting 'Chrome' driver

2019-07-23 18:47:26 - [MESSAGE][PASSED] - Browser is opened with url: ''

2019-07-23 18:47:26 - [TEST_STEP][PASSED] - navigateToUrl("https://ocs.ca/?fts=0&preview_theme_id=74209363788"): Navigate to 'https://ocs.ca/?fts=0&preview_theme_id=74209363788' successfully

2019-07-23 18:47:31 - [MESSAGE][PASSED] - Navigate to 'https://ocs.ca/?fts=0&preview_theme_id=74209363788' successfully

2019-07-23 18:47:31 - [TEST_STEP][PASSED] - maximizeWindow(): Current window maximized

2019-07-23 18:47:31 - [MESSAGE][PASSED] - Current window maximized

2019-07-23 18:47:31 - [TEST_STEP][PASSED] - executeJavaScript("var previewBar = document.getElementById("preview-bar-iframe"); previewBar.style.display = "none";", []): Execute JavaScript 'var previewBar = document.getElementById("preview-bar-iframe"); previewBar.style.display = "none";' successfully

2019-07-23 18:47:31 - [MESSAGE][PASSED] - Execute JavaScript 'var previewBar = document.getElementById("preview-bar-iframe"); previewBar.style.display = "none";' successfully

2019-07-23 18:47:31 - [TEST_STEP][PASSED] - delay(4): Delayed 4 second(s)

2019-07-23 18:47:35 - [MESSAGE][PASSED] - Delayed 4 second(s)

2019-07-23 18:47:35 - [TEST_STEP][PASSED] - selectOptionByValue(findTestObject("OCS-DESKTOP/Age gate and Mega menu/Date"), "12", true): All options with value '12' are selected in object 'Object Repository/OCS-DESKTOP/Age gate and Mega menu/Date'  using regular expression

2019-07-23 18:47:36 - [MESSAGE][PASSED] - All options with value '12' are selected in object 'Object Repository/OCS-DESKTOP/Age gate and Mega menu/Date'  using regular expression

2019-07-23 18:47:36 - [TEST_STEP][PASSED] - selectOptionByValue(findTestObject("OCS-DESKTOP/Age gate and Mega menu/month"), "6", true): All options with value '6' are selected in object 'Object Repository/OCS-DESKTOP/Age gate and Mega menu/month'  using regular expression

2019-07-23 18:47:36 - [MESSAGE][PASSED] - All options with value '6' are selected in object 'Object Repository/OCS-DESKTOP/Age gate and Mega menu/month'  using regular expression

2019-07-23 18:47:36 - [TEST_STEP][PASSED] - delay(2): Delayed 2 second(s)

2019-07-23 18:47:38 - [MESSAGE][PASSED] - Delayed 2 second(s)

2019-07-23 18:47:38 - [TEST_STEP][PASSED] - selectOptionByValue(findTestObject("OCS-DESKTOP/Age gate and Mega menu/Year Dropdown"), "1990", true): All options with value '1990' are selected in object 'Object Repository/OCS-DESKTOP/Age gate and Mega menu/Year Dropdown'  using regular expression

2019-07-23 18:47:39 - [MESSAGE][PASSED] - All options with value '1990' are selected in object 'Object Repository/OCS-DESKTOP/Age gate and Mega menu/Year Dropdown'  using regular expression

2019-07-23 18:47:39 - [TEST_STEP][PASSED] - click(findTestObject("OCS-DESKTOP/Age gate and Mega menu/button_Verify")): Object: 'Object Repository/OCS-DESKTOP/Age gate and Mega menu/button_Verify' is clicked on

2019-07-23 18:47:39 - [MESSAGE][PASSED] - Object: 'Object Repository/OCS-DESKTOP/Age gate and Mega menu/button_Verify' is clicked on

2019-07-23 18:47:39 - [TEST_STEP][PASSED] - click(findTestObject("OCS-DESKTOP/Age gate and Mega menu/Checkbox_CONFIRM AND ACKNOWLEDGE")): Object: 'Object Repository/OCS-DESKTOP/Age gate and Mega menu/Checkbox_CONFIRM AND ACKNOWLEDGE' is clicked on

2019-07-23 18:47:39 - [MESSAGE][PASSED] - Object: 'Object Repository/OCS-DESKTOP/Age gate and Mega menu/Checkbox_CONFIRM AND ACKNOWLEDGE' is clicked on

2019-07-23 18:47:39 - [TEST_STEP][PASSED] - click(findTestObject("OCS-DESKTOP/Age gate and Mega menu/button_CONFIRM")): Object: 'Object Repository/OCS-DESKTOP/Age gate and Mega menu/button_CONFIRM' is clicked on

2019-07-23 18:47:39 - [MESSAGE][PASSED] - Object: 'Object Repository/OCS-DESKTOP/Age gate and Mega menu/button_CONFIRM' is clicked on

2019-07-23 18:47:39 - [TEST_STEP][PASSED] - click(findTestObject("OCS-DESKTOP/Age gate and Mega menu/button_Start Browsing")): Object: 'Object Repository/OCS-DESKTOP/Age gate and Mega menu/button_Start Browsing' is clicked on

2019-07-23 18:47:39 - [MESSAGE][PASSED] - Object: 'Object Repository/OCS-DESKTOP/Age gate and Mega menu/button_Start Browsing' is clicked on

2019-07-23 18:47:39 - [TEST_STEP][PASSED] - refresh(): Refresh successfully

2019-07-23 18:47:39 - [MESSAGE][PASSED] - Refresh successfully

2019-07-23 18:47:39 - [TEST_STEP][PASSED] - delay(2): Delayed 2 second(s)

2019-07-23 18:47:41 - [MESSAGE][PASSED] - Delayed 2 second(s)

2019-07-23 18:47:41 - [TEST_STEP][PASSED] - click(findTestObject("OCS-DESKTOP/Age gate and Mega menu/Header/CANNABIS menu - English")): Object: 'Object Repository/OCS-DESKTOP/Age gate and Mega menu/Header/CANNABIS menu - English' is clicked on

2019-07-23 18:47:43 - [MESSAGE][PASSED] - Object: 'Object Repository/OCS-DESKTOP/Age gate and Mega menu/Header/CANNABIS menu - English' is clicked on

2019-07-23 18:47:43 - [TEST_STEP][PASSED] - delay(2): Delayed 2 second(s)

2019-07-23 18:47:45 - [MESSAGE][PASSED] - Delayed 2 second(s)

2019-07-23 18:47:45 - [TEST_STEP][PASSED] - click(findTestObject("OCS-DESKTOP/Age gate and Mega menu/Indica Dominant_Menu item")): Object: 'Object Repository/OCS-DESKTOP/Age gate and Mega menu/Indica Dominant_Menu item' is clicked on

2019-07-23 18:47:47 - [MESSAGE][PASSED] - Object: 'Object Repository/OCS-DESKTOP/Age gate and Mega menu/Indica Dominant_Menu item' is clicked on

2019-07-23 18:47:47 - [TEST_STEP][PASSED] - delay(2): Delayed 2 second(s)

2019-07-23 18:47:49 - [MESSAGE][PASSED] - Delayed 2 second(s)

2019-07-23 18:47:49 - [TEST_STEP][PASSED] - scrollToElement(findTestObject("OCS-DESKTOP/Collection page/Product image - 1st one"), 0): Scroll to object 'Object Repository/OCS-DESKTOP/Collection page/Product image - 1st one' successfully

2019-07-23 18:47:49 - [MESSAGE][WARNING] - Timeout '0' is invalid. Using default page load timeout: '30'

2019-07-23 18:47:49 - [MESSAGE][PASSED] - Scroll to object 'Object Repository/OCS-DESKTOP/Collection page/Product image - 1st one' successfully

2019-07-23 18:47:49 - [TEST_STEP][PASSED] - delay(2): Delayed 2 second(s)

2019-07-23 18:47:51 - [MESSAGE][PASSED] - Delayed 2 second(s)

2019-07-23 18:47:51 - [TEST_STEP][PASSED] - click(findTestObject("OCS-DESKTOP/Collection page/Product image - 1st one")): Object: 'Object Repository/OCS-DESKTOP/Collection page/Product image - 1st one' is clicked on

2019-07-23 18:47:55 - [MESSAGE][PASSED] - Object: 'Object Repository/OCS-DESKTOP/Collection page/Product image - 1st one' is clicked on

2019-07-23 18:47:55 - [TEST_STEP][PASSED] - executeJavaScript("var previewBar = document.getElementById("preview-bar-iframe"); previewBar.style.display = "none";", []): Execute JavaScript 'var previewBar = document.getElementById("preview-bar-iframe"); previewBar.style.display = "none";' successfully

2019-07-23 18:47:55 - [MESSAGE][PASSED] - Execute JavaScript 'var previewBar = document.getElementById("preview-bar-iframe"); previewBar.style.display = "none";' successfully

2019-07-23 18:47:55 - [TEST_STEP][PASSED] - delay(2): Delayed 2 second(s)

2019-07-23 18:47:57 - [MESSAGE][PASSED] - Delayed 2 second(s)

2019-07-23 18:47:57 - [MESSAGE][PASSED] - Call Test Case 'Test Cases/OCS - DESKTOP/CALL - PDP' successfully

2019-07-23 18:47:57 - [TEST_STEP][PASSED] - navigateToUrl("https://ocs.ca/products/lola-montes-edison"): Navigate to 'https://ocs.ca/products/lola-montes-edison' successfully

2019-07-23 18:48:01 - [MESSAGE][PASSED] - Navigate to 'https://ocs.ca/products/lola-montes-edison' successfully

2019-07-23 18:48:01 - [TEST_STEP][PASSED] - executeJavaScript("var previewBar = document.getElementById("preview-bar-iframe"); previewBar.style.display = "none";", []): Execute JavaScript 'var previewBar = document.getElementById("preview-bar-iframe"); previewBar.style.display = "none";' successfully

2019-07-23 18:48:01 - [MESSAGE][PASSED] - Execute JavaScript 'var previewBar = document.getElementById("preview-bar-iframe"); previewBar.style.display = "none";' successfully

2019-07-23 18:48:01 - [TEST_STEP][PASSED] - delay(2): Delayed 2 second(s)

2019-07-23 18:48:03 - [MESSAGE][PASSED] - Delayed 2 second(s)

2019-07-23 18:48:03 - [TEST_STEP][NOT_RUN] - scrollToElement(findTestObject("OCS-DESKTOP/Product page/Product image"), 1): NOT_RUN: scrollToElement(findTestObject("OCS-DESKTOP/Product page/Product image"), 1)

2019-07-23 18:48:03 - [MESSAGE][NOT_RUN] - NOT_RUN: scrollToElement(findTestObject("OCS-DESKTOP/Product page/Product image"), 1)

2019-07-23 18:48:03 - [TEST_STEP][PASSED] - delay(2): Delayed 2 second(s)

2019-07-23 18:48:05 - [MESSAGE][PASSED] - Delayed 2 second(s)

2019-07-23 18:48:05 - [TEST_STEP][PASSED] - flag1 = verifyElementClickable(findTestObject("OCS-DESKTOP/Product page/Swatch_1g")): Object 'Object Repository/OCS-DESKTOP/Product page/Swatch_1g' is clickable

2019-07-23 18:48:05 - [MESSAGE][PASSED] - Object 'Object Repository/OCS-DESKTOP/Product page/Swatch_1g' is clickable

2019-07-23 18:48:05 - [TEST_STEP][PASSED] - comment("flag1=" + flag1): flag1=true

2019-07-23 18:48:05 - [MESSAGE][INFO] - flag1=true

2019-07-23 18:48:05 - [TEST_STEP][PASSED] - if (flag1 == true): Delayed 1 second(s)

2019-07-23 18:48:05 - [TEST_STEP][PASSED] - delay(2): Delayed 2 second(s)

2019-07-23 18:48:07 - [MESSAGE][PASSED] - Delayed 2 second(s)

2019-07-23 18:48:07 - [TEST_STEP][PASSED] - click(findTestObject("OCS-DESKTOP/Product page/Swatch_1g"), CONTINUE_ON_FAILURE): Object: 'Object Repository/OCS-DESKTOP/Product page/Swatch_1g' is clicked on

2019-07-23 18:48:07 - [MESSAGE][PASSED] - Object: 'Object Repository/OCS-DESKTOP/Product page/Swatch_1g' is clicked on

2019-07-23 18:48:07 - [TEST_STEP][PASSED] - delay(3): Delayed 3 second(s)

2019-07-23 18:48:10 - [MESSAGE][PASSED] - Delayed 3 second(s)

2019-07-23 18:48:10 - [TEST_STEP][PASSED] - delay(1): Delayed 1 second(s)

2019-07-23 18:48:11 - [MESSAGE][PASSED] - Delayed 1 second(s)

2019-07-23 18:48:11 - [TEST_STEP][PASSED] - takeScreenshot(): Taking screenshot successfully

2019-07-23 18:48:11 - [MESSAGE][PASSED] - Taking screenshot successfully
[[ATTACHMENT|/Users/sumankompelly/git/OCS--Relative-xpath-Desktop/Reports/Suite - Chrome/20190723_175603/1563922091410.png]]

2019-07-23 18:48:11 - [TEST_STEP][PASSED] - delay(1): Delayed 1 second(s)

2019-07-23 18:48:12 - [MESSAGE][PASSED] - Delayed 1 second(s)

2019-07-23 18:48:12 - [TEST_STEP][PASSED] - flag2 = verifyElementClickable(findTestObject("OCS-DESKTOP/Product page/Swatch_3.5g")): Object 'Object Repository/OCS-DESKTOP/Product page/Swatch_3.5g' is clickable

2019-07-23 18:48:12 - [MESSAGE][PASSED] - Object 'Object Repository/OCS-DESKTOP/Product page/Swatch_3.5g' is clickable

2019-07-23 18:48:12 - [TEST_STEP][PASSED] - comment("flag2=" + flag2): flag2=true

2019-07-23 18:48:12 - [MESSAGE][INFO] - flag2=true

2019-07-23 18:48:12 - [TEST_STEP][PASSED] - if (flag2 == true): Delayed 1 second(s)

2019-07-23 18:48:12 - [TEST_STEP][PASSED] - click(findTestObject("OCS-DESKTOP/Product page/Swatch_3.5g"), CONTINUE_ON_FAILURE): Object: 'Object Repository/OCS-DESKTOP/Product page/Swatch_3.5g' is clicked on

2019-07-23 18:48:12 - [MESSAGE][PASSED] - Object: 'Object Repository/OCS-DESKTOP/Product page/Swatch_3.5g' is clicked on

2019-07-23 18:48:12 - [TEST_STEP][PASSED] - delay(1): Delayed 1 second(s)

2019-07-23 18:48:13 - [MESSAGE][PASSED] - Delayed 1 second(s)

2019-07-23 18:48:13 - [TEST_STEP][PASSED] - takeScreenshot(): Taking screenshot successfully

2019-07-23 18:48:14 - [MESSAGE][PASSED] - Taking screenshot successfully
[[ATTACHMENT|/Users/sumankompelly/git/OCS--Relative-xpath-Desktop/Reports/Suite - Chrome/20190723_175603/1563922093896.png]]

2019-07-23 18:48:14 - [TEST_STEP][PASSED] - delay(1): Delayed 1 second(s)

2019-07-23 18:48:15 - [MESSAGE][PASSED] - Delayed 1 second(s)

2019-07-23 18:48:15 - [TEST_STEP][PASSED] - flag3 = verifyElementClickable(findTestObject("OCS-DESKTOP/Product page/Swatch_7g")): Object 'Object Repository/OCS-DESKTOP/Product page/Swatch_7g' is clickable

2019-07-23 18:48:15 - [MESSAGE][PASSED] - Object 'Object Repository/OCS-DESKTOP/Product page/Swatch_7g' is clickable

2019-07-23 18:48:15 - [TEST_STEP][PASSED] - comment("flag3=" + flag3): flag3=true

2019-07-23 18:48:15 - [MESSAGE][INFO] - flag3=true

2019-07-23 18:48:15 - [TEST_STEP][PASSED] - if (flag3 == true): NOT_RUN: closeBrowser()

2019-07-23 18:48:15 - [TEST_STEP][PASSED] - click(findTestObject("OCS-DESKTOP/Product page/Swatch_7g"), CONTINUE_ON_FAILURE): Object: 'Object Repository/OCS-DESKTOP/Product page/Swatch_7g' is clicked on

2019-07-23 18:48:15 - [MESSAGE][PASSED] - Object: 'Object Repository/OCS-DESKTOP/Product page/Swatch_7g' is clicked on

2019-07-23 18:48:15 - [TEST_STEP][PASSED] - delay(1): Delayed 1 second(s)

2019-07-23 18:48:16 - [MESSAGE][PASSED] - Delayed 1 second(s)

2019-07-23 18:48:16 - [TEST_STEP][PASSED] - takeScreenshot(): Taking screenshot successfully

2019-07-23 18:48:16 - [MESSAGE][PASSED] - Taking screenshot successfully
[[ATTACHMENT|/Users/sumankompelly/git/OCS--Relative-xpath-Desktop/Reports/Suite - Chrome/20190723_175603/1563922096391.png]]

2019-07-23 18:48:16 - [TEST_STEP][PASSED] - delay(1): Delayed 1 second(s)

2019-07-23 18:48:17 - [MESSAGE][PASSED] - Delayed 1 second(s)

2019-07-23 18:48:17 - [TEST_STEP][NOT_RUN] - closeBrowser(): NOT_RUN: closeBrowser()

2019-07-23 18:48:17 - [MESSAGE][NOT_RUN] - NOT_RUN: closeBrowser()]]></system-out>
         <system-err><![CDATA[]]></system-err>
      </testcase>
      <testcase name="Test Cases/OCS - DESKTOP/OCS- PRODUCT PAGE/How to choose cannbis products" classname="Test Cases/OCS - DESKTOP/OCS- PRODUCT PAGE/How to choose cannbis products" status="PASSED">
         <system-out><![CDATA[2019-07-23 18:48:17 - [TEST_CASE][PASSED] - Test Cases/OCS - DESKTOP/OCS- PRODUCT PAGE/How to choose cannbis products: Test Cases/OCS - DESKTOP/OCS- PRODUCT PAGE/How to choose cannbis products

2019-07-23 18:48:17 - [TEST_STEP][PASSED] - callTestCase(findTestCase("OCS - DESKTOP/CALL - PDP"), [:], STOP_ON_FAILURE): Call Test Case 'Test Cases/OCS - DESKTOP/CALL - PDP' successfully

2019-07-23 18:48:17 - [TEST_CASE][PASSED] - Test Cases/OCS - DESKTOP/CALL - PDP: Test Cases/OCS - DESKTOP/CALL - PDP

2019-07-23 18:48:17 - [TEST_STEP][PASSED] - openBrowser(""): Browser is opened with url: ''

2019-07-23 18:48:17 - [MESSAGE][WARNING] - A browser is already opened. Closing browser and opening a new one

2019-07-23 18:48:18 - [MESSAGE][INFO] - Starting 'Chrome' driver

2019-07-23 18:48:19 - [MESSAGE][PASSED] - Browser is opened with url: ''

2019-07-23 18:48:19 - [TEST_STEP][PASSED] - navigateToUrl("https://ocs.ca/?fts=0&preview_theme_id=74209363788"): Navigate to 'https://ocs.ca/?fts=0&preview_theme_id=74209363788' successfully

2019-07-23 18:48:23 - [MESSAGE][PASSED] - Navigate to 'https://ocs.ca/?fts=0&preview_theme_id=74209363788' successfully

2019-07-23 18:48:23 - [TEST_STEP][PASSED] - maximizeWindow(): Current window maximized

2019-07-23 18:48:24 - [MESSAGE][PASSED] - Current window maximized

2019-07-23 18:48:24 - [TEST_STEP][PASSED] - executeJavaScript("var previewBar = document.getElementById("preview-bar-iframe"); previewBar.style.display = "none";", []): Execute JavaScript 'var previewBar = document.getElementById("preview-bar-iframe"); previewBar.style.display = "none";' successfully

2019-07-23 18:48:24 - [MESSAGE][PASSED] - Execute JavaScript 'var previewBar = document.getElementById("preview-bar-iframe"); previewBar.style.display = "none";' successfully

2019-07-23 18:48:24 - [TEST_STEP][PASSED] - delay(4): Delayed 4 second(s)

2019-07-23 18:48:28 - [MESSAGE][PASSED] - Delayed 4 second(s)

2019-07-23 18:48:28 - [TEST_STEP][PASSED] - selectOptionByValue(findTestObject("OCS-DESKTOP/Age gate and Mega menu/Date"), "12", true): All options with value '12' are selected in object 'Object Repository/OCS-DESKTOP/Age gate and Mega menu/Date'  using regular expression

2019-07-23 18:48:28 - [MESSAGE][PASSED] - All options with value '12' are selected in object 'Object Repository/OCS-DESKTOP/Age gate and Mega menu/Date'  using regular expression

2019-07-23 18:48:28 - [TEST_STEP][PASSED] - selectOptionByValue(findTestObject("OCS-DESKTOP/Age gate and Mega menu/month"), "6", true): All options with value '6' are selected in object 'Object Repository/OCS-DESKTOP/Age gate and Mega menu/month'  using regular expression

2019-07-23 18:48:28 - [MESSAGE][PASSED] - All options with value '6' are selected in object 'Object Repository/OCS-DESKTOP/Age gate and Mega menu/month'  using regular expression

2019-07-23 18:48:28 - [TEST_STEP][PASSED] - delay(2): Delayed 2 second(s)

2019-07-23 18:48:30 - [MESSAGE][PASSED] - Delayed 2 second(s)

2019-07-23 18:48:30 - [TEST_STEP][PASSED] - selectOptionByValue(findTestObject("OCS-DESKTOP/Age gate and Mega menu/Year Dropdown"), "1990", true): All options with value '1990' are selected in object 'Object Repository/OCS-DESKTOP/Age gate and Mega menu/Year Dropdown'  using regular expression

2019-07-23 18:48:31 - [MESSAGE][PASSED] - All options with value '1990' are selected in object 'Object Repository/OCS-DESKTOP/Age gate and Mega menu/Year Dropdown'  using regular expression

2019-07-23 18:48:31 - [TEST_STEP][PASSED] - click(findTestObject("OCS-DESKTOP/Age gate and Mega menu/button_Verify")): Object: 'Object Repository/OCS-DESKTOP/Age gate and Mega menu/button_Verify' is clicked on

2019-07-23 18:48:31 - [MESSAGE][PASSED] - Object: 'Object Repository/OCS-DESKTOP/Age gate and Mega menu/button_Verify' is clicked on

2019-07-23 18:48:31 - [TEST_STEP][PASSED] - click(findTestObject("OCS-DESKTOP/Age gate and Mega menu/Checkbox_CONFIRM AND ACKNOWLEDGE")): Object: 'Object Repository/OCS-DESKTOP/Age gate and Mega menu/Checkbox_CONFIRM AND ACKNOWLEDGE' is clicked on

2019-07-23 18:48:31 - [MESSAGE][PASSED] - Object: 'Object Repository/OCS-DESKTOP/Age gate and Mega menu/Checkbox_CONFIRM AND ACKNOWLEDGE' is clicked on

2019-07-23 18:48:31 - [TEST_STEP][PASSED] - click(findTestObject("OCS-DESKTOP/Age gate and Mega menu/button_CONFIRM")): Object: 'Object Repository/OCS-DESKTOP/Age gate and Mega menu/button_CONFIRM' is clicked on

2019-07-23 18:48:32 - [MESSAGE][PASSED] - Object: 'Object Repository/OCS-DESKTOP/Age gate and Mega menu/button_CONFIRM' is clicked on

2019-07-23 18:48:32 - [TEST_STEP][PASSED] - click(findTestObject("OCS-DESKTOP/Age gate and Mega menu/button_Start Browsing")): Object: 'Object Repository/OCS-DESKTOP/Age gate and Mega menu/button_Start Browsing' is clicked on

2019-07-23 18:48:32 - [MESSAGE][PASSED] - Object: 'Object Repository/OCS-DESKTOP/Age gate and Mega menu/button_Start Browsing' is clicked on

2019-07-23 18:48:32 - [TEST_STEP][PASSED] - refresh(): Refresh successfully

2019-07-23 18:48:32 - [MESSAGE][PASSED] - Refresh successfully

2019-07-23 18:48:32 - [TEST_STEP][PASSED] - delay(2): Delayed 2 second(s)

2019-07-23 18:48:34 - [MESSAGE][PASSED] - Delayed 2 second(s)

2019-07-23 18:48:34 - [TEST_STEP][PASSED] - click(findTestObject("OCS-DESKTOP/Age gate and Mega menu/Header/CANNABIS menu - English")): Object: 'Object Repository/OCS-DESKTOP/Age gate and Mega menu/Header/CANNABIS menu - English' is clicked on

2019-07-23 18:48:36 - [MESSAGE][PASSED] - Object: 'Object Repository/OCS-DESKTOP/Age gate and Mega menu/Header/CANNABIS menu - English' is clicked on

2019-07-23 18:48:36 - [TEST_STEP][PASSED] - delay(2): Delayed 2 second(s)

2019-07-23 18:48:38 - [MESSAGE][PASSED] - Delayed 2 second(s)

2019-07-23 18:48:38 - [TEST_STEP][PASSED] - click(findTestObject("OCS-DESKTOP/Age gate and Mega menu/Indica Dominant_Menu item")): Object: 'Object Repository/OCS-DESKTOP/Age gate and Mega menu/Indica Dominant_Menu item' is clicked on

2019-07-23 18:48:40 - [MESSAGE][PASSED] - Object: 'Object Repository/OCS-DESKTOP/Age gate and Mega menu/Indica Dominant_Menu item' is clicked on

2019-07-23 18:48:40 - [TEST_STEP][PASSED] - delay(2): Delayed 2 second(s)

2019-07-23 18:48:42 - [MESSAGE][PASSED] - Delayed 2 second(s)

2019-07-23 18:48:42 - [TEST_STEP][PASSED] - scrollToElement(findTestObject("OCS-DESKTOP/Collection page/Product image - 1st one"), 0): Scroll to object 'Object Repository/OCS-DESKTOP/Collection page/Product image - 1st one' successfully

2019-07-23 18:48:42 - [MESSAGE][WARNING] - Timeout '0' is invalid. Using default page load timeout: '30'

2019-07-23 18:48:42 - [MESSAGE][PASSED] - Scroll to object 'Object Repository/OCS-DESKTOP/Collection page/Product image - 1st one' successfully

2019-07-23 18:48:42 - [TEST_STEP][PASSED] - delay(2): Delayed 2 second(s)

2019-07-23 18:48:44 - [MESSAGE][PASSED] - Delayed 2 second(s)

2019-07-23 18:48:44 - [TEST_STEP][PASSED] - click(findTestObject("OCS-DESKTOP/Collection page/Product image - 1st one")): Object: 'Object Repository/OCS-DESKTOP/Collection page/Product image - 1st one' is clicked on

2019-07-23 18:48:47 - [MESSAGE][PASSED] - Object: 'Object Repository/OCS-DESKTOP/Collection page/Product image - 1st one' is clicked on

2019-07-23 18:48:47 - [TEST_STEP][PASSED] - executeJavaScript("var previewBar = document.getElementById("preview-bar-iframe"); previewBar.style.display = "none";", []): Execute JavaScript 'var previewBar = document.getElementById("preview-bar-iframe"); previewBar.style.display = "none";' successfully

2019-07-23 18:48:47 - [MESSAGE][PASSED] - Execute JavaScript 'var previewBar = document.getElementById("preview-bar-iframe"); previewBar.style.display = "none";' successfully

2019-07-23 18:48:47 - [TEST_STEP][PASSED] - delay(2): Delayed 2 second(s)

2019-07-23 18:48:49 - [MESSAGE][PASSED] - Delayed 2 second(s)

2019-07-23 18:48:49 - [MESSAGE][PASSED] - Call Test Case 'Test Cases/OCS - DESKTOP/CALL - PDP' successfully

2019-07-23 18:48:49 - [TEST_STEP][NOT_RUN] - scrollToElement(findTestObject("OCS-MOBILE /Product page/How to choose cannabis product - Section"), 2): NOT_RUN: scrollToElement(findTestObject("OCS-MOBILE /Product page/How to choose cannabis product - Section"), 2)

2019-07-23 18:48:49 - [MESSAGE][NOT_RUN] - NOT_RUN: scrollToElement(findTestObject("OCS-MOBILE /Product page/How to choose cannabis product - Section"), 2)

2019-07-23 18:48:49 - [TEST_STEP][PASSED] - click(findTestObject("OCS-DESKTOP/Product page/How to choose cannabis product - Button")): Object: 'Object Repository/OCS-DESKTOP/Product page/How to choose cannabis product - Button' is clicked on

2019-07-23 18:48:52 - [MESSAGE][PASSED] - Object: 'Object Repository/OCS-DESKTOP/Product page/How to choose cannabis product - Button' is clicked on

2019-07-23 18:48:52 - [TEST_STEP][PASSED] - a = getWindowTitle(): Current window's title is: 'Factors in Choosing Cannabis Products | Ontario Cannabis Store'

2019-07-23 18:48:52 - [MESSAGE][PASSED] - Current window's title is: 'Factors in Choosing Cannabis Products | Ontario Cannabis Store'

2019-07-23 18:48:52 - [TEST_STEP][PASSED] - b = "Factors in Choosing Cannabis Products | Ontario Cannabis Store": null

2019-07-23 18:48:52 - [TEST_STEP][PASSED] - comment("WINDOW TITLE IS: " + a): WINDOW TITLE IS: Factors in Choosing Cannabis Products | Ontario Cannabis Store

2019-07-23 18:48:52 - [MESSAGE][INFO] - WINDOW TITLE IS: Factors in Choosing Cannabis Products | Ontario Cannabis Store

2019-07-23 18:48:52 - [TEST_STEP][PASSED] - if (a == b): TITLE IS SAME

2019-07-23 18:48:52 - [TEST_STEP][PASSED] - comment("TITLE IS SAME"): TITLE IS SAME

2019-07-23 18:48:52 - [MESSAGE][INFO] - TITLE IS SAME

2019-07-23 18:48:52 - [TEST_STEP][PASSED] - back(): Navigate back successfully

2019-07-23 18:48:55 - [MESSAGE][PASSED] - Navigate back successfully]]></system-out>
         <system-err><![CDATA[]]></system-err>
      </testcase>
      <testcase name="Test Cases/OCS - DESKTOP/OCS-AGE GATE/AG- Under Age" classname="Test Cases/OCS - DESKTOP/OCS-AGE GATE/AG- Under Age" status="PASSED">
         <system-out><![CDATA[2019-07-23 18:48:55 - [TEST_CASE][PASSED] - Test Cases/OCS - DESKTOP/OCS-AGE GATE/AG- Under Age: Test Cases/OCS - DESKTOP/OCS-AGE GATE/AG- Under Age

2019-07-23 18:48:55 - [TEST_STEP][PASSED] - openBrowser(""): Browser is opened with url: ''

2019-07-23 18:48:55 - [MESSAGE][WARNING] - A browser is already opened. Closing browser and opening a new one

2019-07-23 18:48:55 - [MESSAGE][INFO] - Starting 'Chrome' driver

2019-07-23 18:48:56 - [MESSAGE][PASSED] - Browser is opened with url: ''

2019-07-23 18:48:56 - [TEST_STEP][PASSED] - navigateToUrl("https://ocs.ca/?fts=0&preview_theme_id=74209363788"): Navigate to 'https://ocs.ca/?fts=0&preview_theme_id=74209363788' successfully

2019-07-23 18:49:00 - [MESSAGE][PASSED] - Navigate to 'https://ocs.ca/?fts=0&preview_theme_id=74209363788' successfully

2019-07-23 18:49:00 - [TEST_STEP][PASSED] - executeJavaScript("var previewBar = document.getElementById("preview-bar-iframe"); previewBar.style.display = "none";", []): Execute JavaScript 'var previewBar = document.getElementById("preview-bar-iframe"); previewBar.style.display = "none";' successfully

2019-07-23 18:49:00 - [MESSAGE][PASSED] - Execute JavaScript 'var previewBar = document.getElementById("preview-bar-iframe"); previewBar.style.display = "none";' successfully

2019-07-23 18:49:00 - [TEST_STEP][PASSED] - selectOptionByValue(findTestObject("OCS-DESKTOP/Age gate and Mega menu/Date"), "12", true): All options with value '12' are selected in object 'Object Repository/OCS-DESKTOP/Age gate and Mega menu/Date'  using regular expression

2019-07-23 18:49:01 - [MESSAGE][PASSED] - All options with value '12' are selected in object 'Object Repository/OCS-DESKTOP/Age gate and Mega menu/Date'  using regular expression

2019-07-23 18:49:01 - [TEST_STEP][PASSED] - selectOptionByValue(findTestObject("OCS-DESKTOP/Age gate and Mega menu/month"), "6", true): All options with value '6' are selected in object 'Object Repository/OCS-DESKTOP/Age gate and Mega menu/month'  using regular expression

2019-07-23 18:49:01 - [MESSAGE][PASSED] - All options with value '6' are selected in object 'Object Repository/OCS-DESKTOP/Age gate and Mega menu/month'  using regular expression

2019-07-23 18:49:01 - [TEST_STEP][PASSED] - delay(2): Delayed 2 second(s)

2019-07-23 18:49:03 - [MESSAGE][PASSED] - Delayed 2 second(s)

2019-07-23 18:49:03 - [TEST_STEP][PASSED] - selectOptionByValue(findTestObject("OCS-DESKTOP/Age gate and Mega menu/Year Dropdown"), "2017", true): All options with value '2017' are selected in object 'Object Repository/OCS-DESKTOP/Age gate and Mega menu/Year Dropdown'  using regular expression

2019-07-23 18:49:04 - [MESSAGE][PASSED] - All options with value '2017' are selected in object 'Object Repository/OCS-DESKTOP/Age gate and Mega menu/Year Dropdown'  using regular expression

2019-07-23 18:49:04 - [TEST_STEP][PASSED] - click(findTestObject("OCS-DESKTOP/Age gate and Mega menu/button_Verify")): Object: 'Object Repository/OCS-DESKTOP/Age gate and Mega menu/button_Verify' is clicked on

2019-07-23 18:49:04 - [MESSAGE][PASSED] - Object: 'Object Repository/OCS-DESKTOP/Age gate and Mega menu/button_Verify' is clicked on

2019-07-23 18:49:04 - [TEST_STEP][PASSED] - click(findTestObject("OCS-DESKTOP/Age gate and Mega menu/Checkbox_CONFIRM AND ACKNOWLEDGE")): Object: 'Object Repository/OCS-DESKTOP/Age gate and Mega menu/Checkbox_CONFIRM AND ACKNOWLEDGE' is clicked on

2019-07-23 18:49:04 - [MESSAGE][PASSED] - Object: 'Object Repository/OCS-DESKTOP/Age gate and Mega menu/Checkbox_CONFIRM AND ACKNOWLEDGE' is clicked on

2019-07-23 18:49:04 - [TEST_STEP][PASSED] - click(findTestObject("OCS-DESKTOP/Age gate and Mega menu/button_CONFIRM")): Object: 'Object Repository/OCS-DESKTOP/Age gate and Mega menu/button_CONFIRM' is clicked on

2019-07-23 18:49:04 - [MESSAGE][PASSED] - Object: 'Object Repository/OCS-DESKTOP/Age gate and Mega menu/button_CONFIRM' is clicked on

2019-07-23 18:49:04 - [TEST_STEP][PASSED] - delay(3): Delayed 3 second(s)

2019-07-23 18:49:07 - [MESSAGE][PASSED] - Delayed 3 second(s)

2019-07-23 18:49:07 - [TEST_STEP][PASSED] - click(findTestObject("OCS-DESKTOP/Age gate and Mega menu/Oops Im actually 19 or older - Link")): Object: 'Object Repository/OCS-DESKTOP/Age gate and Mega menu/Oops Im actually 19 or older - Link' is clicked on

2019-07-23 18:49:07 - [MESSAGE][PASSED] - Object: 'Object Repository/OCS-DESKTOP/Age gate and Mega menu/Oops Im actually 19 or older - Link' is clicked on

2019-07-23 18:49:07 - [TEST_STEP][PASSED] - selectOptionByValue(findTestObject("OCS-DESKTOP/Age gate and Mega menu/Date"), "5", true): All options with value '5' are selected in object 'Object Repository/OCS-DESKTOP/Age gate and Mega menu/Date'  using regular expression

2019-07-23 18:49:07 - [MESSAGE][PASSED] - All options with value '5' are selected in object 'Object Repository/OCS-DESKTOP/Age gate and Mega menu/Date'  using regular expression

2019-07-23 18:49:07 - [TEST_STEP][PASSED] - selectOptionByValue(findTestObject("OCS-DESKTOP/Age gate and Mega menu/month"), "6", true): All options with value '6' are selected in object 'Object Repository/OCS-DESKTOP/Age gate and Mega menu/month'  using regular expression

2019-07-23 18:49:08 - [MESSAGE][PASSED] - All options with value '6' are selected in object 'Object Repository/OCS-DESKTOP/Age gate and Mega menu/month'  using regular expression

2019-07-23 18:49:08 - [TEST_STEP][PASSED] - selectOptionByValue(findTestObject("OCS-DESKTOP/Age gate and Mega menu/Year Dropdown"), "1970", true): All options with value '1970' are selected in object 'Object Repository/OCS-DESKTOP/Age gate and Mega menu/Year Dropdown'  using regular expression

2019-07-23 18:49:09 - [MESSAGE][PASSED] - All options with value '1970' are selected in object 'Object Repository/OCS-DESKTOP/Age gate and Mega menu/Year Dropdown'  using regular expression

2019-07-23 18:49:09 - [TEST_STEP][PASSED] - click(findTestObject("OCS-DESKTOP/Age gate and Mega menu/button_Verify")): Object: 'Object Repository/OCS-DESKTOP/Age gate and Mega menu/button_Verify' is clicked on

2019-07-23 18:49:09 - [MESSAGE][PASSED] - Object: 'Object Repository/OCS-DESKTOP/Age gate and Mega menu/button_Verify' is clicked on

2019-07-23 18:49:09 - [TEST_STEP][PASSED] - click(findTestObject("OCS-DESKTOP/Age gate and Mega menu/Checkbox_CONFIRM AND ACKNOWLEDGE")): Object: 'Object Repository/OCS-DESKTOP/Age gate and Mega menu/Checkbox_CONFIRM AND ACKNOWLEDGE' is clicked on

2019-07-23 18:49:09 - [MESSAGE][PASSED] - Object: 'Object Repository/OCS-DESKTOP/Age gate and Mega menu/Checkbox_CONFIRM AND ACKNOWLEDGE' is clicked on

2019-07-23 18:49:09 - [TEST_STEP][PASSED] - click(findTestObject("OCS-DESKTOP/Age gate and Mega menu/button_CONFIRM")): Object: 'Object Repository/OCS-DESKTOP/Age gate and Mega menu/button_CONFIRM' is clicked on

2019-07-23 18:49:09 - [MESSAGE][PASSED] - Object: 'Object Repository/OCS-DESKTOP/Age gate and Mega menu/button_CONFIRM' is clicked on

2019-07-23 18:49:09 - [TEST_STEP][PASSED] - click(findTestObject("OCS-DESKTOP/Age gate and Mega menu/button_Start Browsing")): Object: 'Object Repository/OCS-DESKTOP/Age gate and Mega menu/button_Start Browsing' is clicked on

2019-07-23 18:49:09 - [MESSAGE][PASSED] - Object: 'Object Repository/OCS-DESKTOP/Age gate and Mega menu/button_Start Browsing' is clicked on

2019-07-23 18:49:09 - [TEST_STEP][PASSED] - delay(3): Delayed 3 second(s)

2019-07-23 18:49:12 - [MESSAGE][PASSED] - Delayed 3 second(s)

2019-07-23 18:49:12 - [TEST_STEP][PASSED] - closeBrowser(): Browser is closed

2019-07-23 18:49:12 - [MESSAGE][PASSED] - Browser is closed]]></system-out>
         <system-err><![CDATA[]]></system-err>
      </testcase>
      <testcase name="Test Cases/OCS - DESKTOP/OCS-AGE GATE/AG - Date correction" classname="Test Cases/OCS - DESKTOP/OCS-AGE GATE/AG - Date correction" status="PASSED">
         <system-out><![CDATA[2019-07-23 18:49:12 - [TEST_CASE][PASSED] - Test Cases/OCS - DESKTOP/OCS-AGE GATE/AG - Date correction: Test Cases/OCS - DESKTOP/OCS-AGE GATE/AG - Date correction

2019-07-23 18:49:12 - [TEST_STEP][PASSED] - openBrowser(""): Browser is opened with url: ''

2019-07-23 18:49:12 - [MESSAGE][INFO] - Starting 'Chrome' driver

2019-07-23 18:49:14 - [MESSAGE][PASSED] - Browser is opened with url: ''

2019-07-23 18:49:14 - [TEST_STEP][PASSED] - navigateToUrl("https://ocs.ca/?fts=0&preview_theme_id=74209363788"): Navigate to 'https://ocs.ca/?fts=0&preview_theme_id=74209363788' successfully

2019-07-23 18:49:18 - [MESSAGE][PASSED] - Navigate to 'https://ocs.ca/?fts=0&preview_theme_id=74209363788' successfully

2019-07-23 18:49:18 - [TEST_STEP][PASSED] - executeJavaScript("var previewBar = document.getElementById("preview-bar-iframe"); previewBar.style.display = "none";", []): Execute JavaScript 'var previewBar = document.getElementById("preview-bar-iframe"); previewBar.style.display = "none";' successfully

2019-07-23 18:49:18 - [MESSAGE][PASSED] - Execute JavaScript 'var previewBar = document.getElementById("preview-bar-iframe"); previewBar.style.display = "none";' successfully

2019-07-23 18:49:18 - [TEST_STEP][PASSED] - selectOptionByValue(findTestObject("OCS-DESKTOP/Age gate and Mega menu/Date"), "12", true): All options with value '12' are selected in object 'Object Repository/OCS-DESKTOP/Age gate and Mega menu/Date'  using regular expression

2019-07-23 18:49:18 - [MESSAGE][PASSED] - All options with value '12' are selected in object 'Object Repository/OCS-DESKTOP/Age gate and Mega menu/Date'  using regular expression

2019-07-23 18:49:18 - [TEST_STEP][PASSED] - selectOptionByValue(findTestObject("OCS-DESKTOP/Age gate and Mega menu/month"), "6", true): All options with value '6' are selected in object 'Object Repository/OCS-DESKTOP/Age gate and Mega menu/month'  using regular expression

2019-07-23 18:49:19 - [MESSAGE][PASSED] - All options with value '6' are selected in object 'Object Repository/OCS-DESKTOP/Age gate and Mega menu/month'  using regular expression

2019-07-23 18:49:19 - [TEST_STEP][PASSED] - delay(2): Delayed 2 second(s)

2019-07-23 18:49:21 - [MESSAGE][PASSED] - Delayed 2 second(s)

2019-07-23 18:49:21 - [TEST_STEP][PASSED] - selectOptionByValue(findTestObject("OCS-DESKTOP/Age gate and Mega menu/Year Dropdown"), "1990", true): All options with value '1990' are selected in object 'Object Repository/OCS-DESKTOP/Age gate and Mega menu/Year Dropdown'  using regular expression

2019-07-23 18:49:22 - [MESSAGE][PASSED] - All options with value '1990' are selected in object 'Object Repository/OCS-DESKTOP/Age gate and Mega menu/Year Dropdown'  using regular expression

2019-07-23 18:49:22 - [TEST_STEP][PASSED] - delay(3): Delayed 3 second(s)

2019-07-23 18:49:25 - [MESSAGE][PASSED] - Delayed 3 second(s)

2019-07-23 18:49:25 - [TEST_STEP][PASSED] - click(findTestObject("OCS-DESKTOP/Age gate and Mega menu/button_Verify")): Object: 'Object Repository/OCS-DESKTOP/Age gate and Mega menu/button_Verify' is clicked on

2019-07-23 18:49:25 - [MESSAGE][PASSED] - Object: 'Object Repository/OCS-DESKTOP/Age gate and Mega menu/button_Verify' is clicked on

2019-07-23 18:49:25 - [TEST_STEP][PASSED] - delay(1): Delayed 1 second(s)

2019-07-23 18:49:26 - [MESSAGE][PASSED] - Delayed 1 second(s)

2019-07-23 18:49:26 - [TEST_STEP][PASSED] - click(findTestObject("OCS-DESKTOP/Age gate and Mega menu/a_Correct your date of birth")): Object: 'Object Repository/OCS-DESKTOP/Age gate and Mega menu/a_Correct your date of birth' is clicked on

2019-07-23 18:49:26 - [MESSAGE][PASSED] - Object: 'Object Repository/OCS-DESKTOP/Age gate and Mega menu/a_Correct your date of birth' is clicked on

2019-07-23 18:49:26 - [TEST_STEP][PASSED] - selectOptionByValue(findTestObject("OCS-DESKTOP/Age gate and Mega menu/Date"), "1", true): All options with value '1' are selected in object 'Object Repository/OCS-DESKTOP/Age gate and Mega menu/Date'  using regular expression

2019-07-23 18:49:26 - [MESSAGE][PASSED] - All options with value '1' are selected in object 'Object Repository/OCS-DESKTOP/Age gate and Mega menu/Date'  using regular expression

2019-07-23 18:49:26 - [TEST_STEP][PASSED] - selectOptionByValue(findTestObject("OCS-DESKTOP/Age gate and Mega menu/month"), "5", true): All options with value '5' are selected in object 'Object Repository/OCS-DESKTOP/Age gate and Mega menu/month'  using regular expression

2019-07-23 18:49:26 - [MESSAGE][PASSED] - All options with value '5' are selected in object 'Object Repository/OCS-DESKTOP/Age gate and Mega menu/month'  using regular expression

2019-07-23 18:49:26 - [TEST_STEP][PASSED] - selectOptionByValue(findTestObject("OCS-DESKTOP/Age gate and Mega menu/Year Dropdown"), "1980", true): All options with value '1980' are selected in object 'Object Repository/OCS-DESKTOP/Age gate and Mega menu/Year Dropdown'  using regular expression

2019-07-23 18:49:27 - [MESSAGE][PASSED] - All options with value '1980' are selected in object 'Object Repository/OCS-DESKTOP/Age gate and Mega menu/Year Dropdown'  using regular expression

2019-07-23 18:49:27 - [TEST_STEP][PASSED] - click(findTestObject("OCS-DESKTOP/Age gate and Mega menu/button_Verify")): Object: 'Object Repository/OCS-DESKTOP/Age gate and Mega menu/button_Verify' is clicked on

2019-07-23 18:49:27 - [MESSAGE][PASSED] - Object: 'Object Repository/OCS-DESKTOP/Age gate and Mega menu/button_Verify' is clicked on

2019-07-23 18:49:27 - [TEST_STEP][PASSED] - closeBrowser(): Browser is closed

2019-07-23 18:49:27 - [MESSAGE][PASSED] - Browser is closed]]></system-out>
         <system-err><![CDATA[]]></system-err>
      </testcase>
      <testcase name="Test Cases/OCS - DESKTOP/OCS-COLLECTION PAGE/Sort" classname="Test Cases/OCS - DESKTOP/OCS-COLLECTION PAGE/Sort" status="PASSED">
         <system-out><![CDATA[2019-07-23 18:49:27 - [TEST_CASE][PASSED] - Test Cases/OCS - DESKTOP/OCS-COLLECTION PAGE/Sort: Test Cases/OCS - DESKTOP/OCS-COLLECTION PAGE/Sort

2019-07-23 18:49:28 - [TEST_STEP][PASSED] - callTestCase(findTestCase("OCS - DESKTOP/CALL- Age gate"), [:], STOP_ON_FAILURE): Call Test Case 'Test Cases/OCS - DESKTOP/CALL- Age gate' successfully

2019-07-23 18:49:28 - [TEST_CASE][PASSED] - Test Cases/OCS - DESKTOP/CALL- Age gate: Test Cases/OCS - DESKTOP/CALL- Age gate

2019-07-23 18:49:28 - [TEST_STEP][PASSED] - openBrowser(""): Browser is opened with url: ''

2019-07-23 18:49:28 - [MESSAGE][INFO] - Starting 'Chrome' driver

2019-07-23 18:49:29 - [MESSAGE][PASSED] - Browser is opened with url: ''

2019-07-23 18:49:29 - [TEST_STEP][PASSED] - navigateToUrl("https://ocs.ca/?fts=0&preview_theme_id=74209363788"): Navigate to 'https://ocs.ca/?fts=0&preview_theme_id=74209363788' successfully

2019-07-23 18:49:33 - [MESSAGE][PASSED] - Navigate to 'https://ocs.ca/?fts=0&preview_theme_id=74209363788' successfully

2019-07-23 18:49:33 - [TEST_STEP][PASSED] - maximizeWindow(): Current window maximized

2019-07-23 18:49:34 - [MESSAGE][PASSED] - Current window maximized

2019-07-23 18:49:34 - [TEST_STEP][PASSED] - delay(2): Delayed 2 second(s)

2019-07-23 18:49:36 - [MESSAGE][PASSED] - Delayed 2 second(s)

2019-07-23 18:49:36 - [TEST_STEP][PASSED] - executeJavaScript("var previewBar = document.getElementById("preview-bar-iframe"); previewBar.style.display = "none";", []): Execute JavaScript 'var previewBar = document.getElementById("preview-bar-iframe"); previewBar.style.display = "none";' successfully

2019-07-23 18:49:36 - [MESSAGE][PASSED] - Execute JavaScript 'var previewBar = document.getElementById("preview-bar-iframe"); previewBar.style.display = "none";' successfully

2019-07-23 18:49:36 - [TEST_STEP][PASSED] - selectOptionByValue(findTestObject("OCS-DESKTOP/Age gate and Mega menu/Date"), "12", true): All options with value '12' are selected in object 'Object Repository/OCS-DESKTOP/Age gate and Mega menu/Date'  using regular expression

2019-07-23 18:49:36 - [MESSAGE][PASSED] - All options with value '12' are selected in object 'Object Repository/OCS-DESKTOP/Age gate and Mega menu/Date'  using regular expression

2019-07-23 18:49:36 - [TEST_STEP][PASSED] - selectOptionByValue(findTestObject("OCS-DESKTOP/Age gate and Mega menu/month"), "6", true): All options with value '6' are selected in object 'Object Repository/OCS-DESKTOP/Age gate and Mega menu/month'  using regular expression

2019-07-23 18:49:36 - [MESSAGE][PASSED] - All options with value '6' are selected in object 'Object Repository/OCS-DESKTOP/Age gate and Mega menu/month'  using regular expression

2019-07-23 18:49:36 - [TEST_STEP][PASSED] - delay(2): Delayed 2 second(s)

2019-07-23 18:49:38 - [MESSAGE][PASSED] - Delayed 2 second(s)

2019-07-23 18:49:38 - [TEST_STEP][PASSED] - selectOptionByValue(findTestObject("OCS-DESKTOP/Age gate and Mega menu/Year Dropdown"), "1990", true): All options with value '1990' are selected in object 'Object Repository/OCS-DESKTOP/Age gate and Mega menu/Year Dropdown'  using regular expression

2019-07-23 18:49:39 - [MESSAGE][PASSED] - All options with value '1990' are selected in object 'Object Repository/OCS-DESKTOP/Age gate and Mega menu/Year Dropdown'  using regular expression

2019-07-23 18:49:39 - [TEST_STEP][PASSED] - click(findTestObject("OCS-DESKTOP/Age gate and Mega menu/button_Verify")): Object: 'Object Repository/OCS-DESKTOP/Age gate and Mega menu/button_Verify' is clicked on

2019-07-23 18:49:39 - [MESSAGE][PASSED] - Object: 'Object Repository/OCS-DESKTOP/Age gate and Mega menu/button_Verify' is clicked on

2019-07-23 18:49:39 - [TEST_STEP][PASSED] - click(findTestObject("OCS-DESKTOP/Age gate and Mega menu/Checkbox_CONFIRM AND ACKNOWLEDGE")): Object: 'Object Repository/OCS-DESKTOP/Age gate and Mega menu/Checkbox_CONFIRM AND ACKNOWLEDGE' is clicked on

2019-07-23 18:49:40 - [MESSAGE][PASSED] - Object: 'Object Repository/OCS-DESKTOP/Age gate and Mega menu/Checkbox_CONFIRM AND ACKNOWLEDGE' is clicked on

2019-07-23 18:49:40 - [TEST_STEP][PASSED] - click(findTestObject("OCS-DESKTOP/Age gate and Mega menu/button_CONFIRM")): Object: 'Object Repository/OCS-DESKTOP/Age gate and Mega menu/button_CONFIRM' is clicked on

2019-07-23 18:49:40 - [MESSAGE][PASSED] - Object: 'Object Repository/OCS-DESKTOP/Age gate and Mega menu/button_CONFIRM' is clicked on

2019-07-23 18:49:40 - [TEST_STEP][PASSED] - click(findTestObject("OCS-DESKTOP/Age gate and Mega menu/button_Start Browsing")): Object: 'Object Repository/OCS-DESKTOP/Age gate and Mega menu/button_Start Browsing' is clicked on

2019-07-23 18:49:40 - [MESSAGE][PASSED] - Object: 'Object Repository/OCS-DESKTOP/Age gate and Mega menu/button_Start Browsing' is clicked on

2019-07-23 18:49:40 - [TEST_STEP][PASSED] - delay(2): Delayed 2 second(s)

2019-07-23 18:49:42 - [MESSAGE][PASSED] - Delayed 2 second(s)

2019-07-23 18:49:42 - [TEST_STEP][PASSED] - refresh(): Refresh successfully

2019-07-23 18:49:42 - [MESSAGE][PASSED] - Refresh successfully

2019-07-23 18:49:42 - [MESSAGE][PASSED] - Call Test Case 'Test Cases/OCS - DESKTOP/CALL- Age gate' successfully

2019-07-23 18:49:42 - [TEST_STEP][PASSED] - delay(2): Delayed 2 second(s)

2019-07-23 18:49:44 - [MESSAGE][PASSED] - Delayed 2 second(s)

2019-07-23 18:49:44 - [TEST_STEP][NOT_RUN] - click(findTestObject("OCS-MOBILE /Age gate and burger menu/Burger menu - English")): NOT_RUN: click(findTestObject("OCS-MOBILE /Age gate and burger menu/Burger menu - English"))

2019-07-23 18:49:44 - [MESSAGE][NOT_RUN] - NOT_RUN: click(findTestObject("OCS-MOBILE /Age gate and burger menu/Burger menu - English"))

2019-07-23 18:49:44 - [TEST_STEP][PASSED] - delay(2): Delayed 2 second(s)

2019-07-23 18:49:46 - [MESSAGE][PASSED] - Delayed 2 second(s)

2019-07-23 18:49:46 - [TEST_STEP][PASSED] - click(findTestObject("OCS-DESKTOP/Age gate and Mega menu/Chevron_Cannabis")): Object: 'Object Repository/OCS-DESKTOP/Age gate and Mega menu/Chevron_Cannabis' is clicked on

2019-07-23 18:49:46 - [MESSAGE][PASSED] - Object: 'Object Repository/OCS-DESKTOP/Age gate and Mega menu/Chevron_Cannabis' is clicked on

2019-07-23 18:49:46 - [TEST_STEP][PASSED] - delay(2): Delayed 2 second(s)

2019-07-23 18:49:48 - [MESSAGE][PASSED] - Delayed 2 second(s)

2019-07-23 18:49:48 - [TEST_STEP][NOT_RUN] - click(findTestObject("OCS-DESKTOP/Age gate and Mega menu/Dried Flower_Plus icon")): NOT_RUN: click(findTestObject("OCS-DESKTOP/Age gate and Mega menu/Dried Flower_Plus icon"))

2019-07-23 18:49:48 - [MESSAGE][NOT_RUN] - NOT_RUN: click(findTestObject("OCS-DESKTOP/Age gate and Mega menu/Dried Flower_Plus icon"))

2019-07-23 18:49:48 - [TEST_STEP][PASSED] - delay(2): Delayed 2 second(s)

2019-07-23 18:49:50 - [MESSAGE][PASSED] - Delayed 2 second(s)

2019-07-23 18:49:50 - [TEST_STEP][PASSED] - click(findTestObject("OCS-DESKTOP/Cannabis page/Dried flower - Indica dominant")): Object: 'Object Repository/OCS-DESKTOP/Cannabis page/Dried flower - Indica dominant' is clicked on

2019-07-23 18:49:52 - [MESSAGE][PASSED] - Object: 'Object Repository/OCS-DESKTOP/Cannabis page/Dried flower - Indica dominant' is clicked on

2019-07-23 18:49:52 - [TEST_STEP][PASSED] - delay(2): Delayed 2 second(s)

2019-07-23 18:49:54 - [MESSAGE][PASSED] - Delayed 2 second(s)

2019-07-23 18:49:54 - [TEST_STEP][PASSED] - click(findTestObject("OCS-DESKTOP/Collection page/sort option")): Object: 'Object Repository/OCS-DESKTOP/Collection page/sort option' is clicked on

2019-07-23 18:49:54 - [MESSAGE][PASSED] - Object: 'Object Repository/OCS-DESKTOP/Collection page/sort option' is clicked on

2019-07-23 18:49:54 - [TEST_STEP][PASSED] - delay(1): Delayed 1 second(s)

2019-07-23 18:49:55 - [MESSAGE][PASSED] - Delayed 1 second(s)

2019-07-23 18:49:55 - [TEST_STEP][PASSED] - executeJavaScript("var previewBar = document.getElementById("preview-bar-iframe"); previewBar.style.display = "none";", []): Execute JavaScript 'var previewBar = document.getElementById("preview-bar-iframe"); previewBar.style.display = "none";' successfully

2019-07-23 18:49:55 - [MESSAGE][PASSED] - Execute JavaScript 'var previewBar = document.getElementById("preview-bar-iframe"); previewBar.style.display = "none";' successfully

2019-07-23 18:49:55 - [TEST_STEP][PASSED] - click(findTestObject("OCS-DESKTOP/Collection page/Price Low to High")): Object: 'Object Repository/OCS-DESKTOP/Collection page/Price Low to High' is clicked on

2019-07-23 18:49:55 - [MESSAGE][PASSED] - Object: 'Object Repository/OCS-DESKTOP/Collection page/Price Low to High' is clicked on

2019-07-23 18:49:56 - [TEST_STEP][PASSED] - delay(1): Delayed 1 second(s)

2019-07-23 18:49:57 - [MESSAGE][PASSED] - Delayed 1 second(s)

2019-07-23 18:49:57 - [TEST_STEP][PASSED] - refresh(): Refresh successfully

2019-07-23 18:49:57 - [MESSAGE][PASSED] - Refresh successfully

2019-07-23 18:49:57 - [TEST_STEP][PASSED] - delay(1): Delayed 1 second(s)

2019-07-23 18:49:58 - [MESSAGE][PASSED] - Delayed 1 second(s)

2019-07-23 18:49:58 - [TEST_STEP][PASSED] - callTestCase(findTestCase("OCS - DESKTOP/OCS-COLLECTION PAGE/calling test case"), [:], STOP_ON_FAILURE): Call Test Case 'Test Cases/OCS - DESKTOP/OCS-COLLECTION PAGE/calling test case' successfully

2019-07-23 18:49:58 - [TEST_CASE][PASSED] - Test Cases/OCS - DESKTOP/OCS-COLLECTION PAGE/calling test case: Test Cases/OCS - DESKTOP/OCS-COLLECTION PAGE/calling test case

2019-07-23 18:49:58 - [TEST_STEP][NOT_RUN] - delay(2): NOT_RUN: delay(2)

2019-07-23 18:49:58 - [MESSAGE][NOT_RUN] - NOT_RUN: delay(2)

2019-07-23 18:49:58 - [TEST_STEP][NOT_RUN] - click(findTestObject("OCS-MOBILE /Age gate and burger menu/Burger menu - English")): NOT_RUN: click(findTestObject("OCS-MOBILE /Age gate and burger menu/Burger menu - English"))

2019-07-23 18:49:58 - [MESSAGE][NOT_RUN] - NOT_RUN: click(findTestObject("OCS-MOBILE /Age gate and burger menu/Burger menu - English"))

2019-07-23 18:49:58 - [TEST_STEP][NOT_RUN] - delay(2): NOT_RUN: delay(2)

2019-07-23 18:49:58 - [MESSAGE][NOT_RUN] - NOT_RUN: delay(2)

2019-07-23 18:49:58 - [TEST_STEP][NOT_RUN] - click(findTestObject("OCS-MOBILE /Cannabis page/Cannabis chevron")): NOT_RUN: click(findTestObject("OCS-MOBILE /Cannabis page/Cannabis chevron"))

2019-07-23 18:49:58 - [MESSAGE][NOT_RUN] - NOT_RUN: click(findTestObject("OCS-MOBILE /Cannabis page/Cannabis chevron"))

2019-07-23 18:49:58 - [TEST_STEP][NOT_RUN] - delay(2): NOT_RUN: delay(2)

2019-07-23 18:49:58 - [MESSAGE][NOT_RUN] - NOT_RUN: delay(2)

2019-07-23 18:49:58 - [TEST_STEP][NOT_RUN] - click(findTestObject("OCS-MOBILE /Cannabis page/Dried flower - plus accordian")): NOT_RUN: click(findTestObject("OCS-MOBILE /Cannabis page/Dried flower - plus accordian"))

2019-07-23 18:49:58 - [MESSAGE][NOT_RUN] - NOT_RUN: click(findTestObject("OCS-MOBILE /Cannabis page/Dried flower - plus accordian"))

2019-07-23 18:49:58 - [TEST_STEP][NOT_RUN] - delay(2): NOT_RUN: delay(2)

2019-07-23 18:49:58 - [MESSAGE][NOT_RUN] - NOT_RUN: delay(2)

2019-07-23 18:49:58 - [TEST_STEP][NOT_RUN] - click(findTestObject("OCS-MOBILE /Cannabis page/Dried flower - Indica dominant")): NOT_RUN: click(findTestObject("OCS-MOBILE /Cannabis page/Dried flower - Indica dominant"))

2019-07-23 18:49:58 - [MESSAGE][NOT_RUN] - NOT_RUN: click(findTestObject("OCS-MOBILE /Cannabis page/Dried flower - Indica dominant"))

2019-07-23 18:49:58 - [TEST_STEP][NOT_RUN] - delay(2): NOT_RUN: delay(2)

2019-07-23 18:49:58 - [MESSAGE][NOT_RUN] - NOT_RUN: delay(2)

2019-07-23 18:49:58 - [TEST_STEP][PASSED] - scrollToElement(findTestObject("OCS-DESKTOP/Collection page/scroll element"), 0): Scroll to object 'Object Repository/OCS-DESKTOP/Collection page/scroll element' successfully

2019-07-23 18:49:58 - [MESSAGE][WARNING] - Timeout '0' is invalid. Using default page load timeout: '30'

2019-07-23 18:49:59 - [MESSAGE][PASSED] - Scroll to object 'Object Repository/OCS-DESKTOP/Collection page/scroll element' successfully

2019-07-23 18:49:59 - [TEST_STEP][PASSED] - click(findTestObject("OCS-DESKTOP/Collection page/sort option")): Object: 'Object Repository/OCS-DESKTOP/Collection page/sort option' is clicked on

2019-07-23 18:49:59 - [MESSAGE][PASSED] - Object: 'Object Repository/OCS-DESKTOP/Collection page/sort option' is clicked on

2019-07-23 18:49:59 - [MESSAGE][PASSED] - Call Test Case 'Test Cases/OCS - DESKTOP/OCS-COLLECTION PAGE/calling test case' successfully

2019-07-23 18:49:59 - [TEST_STEP][NOT_RUN] - scrollToElement(findTestObject("OCS-MOBILE /Collection page/scroll element"), 0): NOT_RUN: scrollToElement(findTestObject("OCS-MOBILE /Collection page/scroll element"), 0)

2019-07-23 18:49:59 - [MESSAGE][NOT_RUN] - NOT_RUN: scrollToElement(findTestObject("OCS-MOBILE /Collection page/scroll element"), 0)

2019-07-23 18:49:59 - [TEST_STEP][PASSED] - delay(1): Delayed 1 second(s)

2019-07-23 18:50:00 - [MESSAGE][PASSED] - Delayed 1 second(s)

2019-07-23 18:50:00 - [TEST_STEP][NOT_RUN] - click(findTestObject("OCS-DESKTOP/Collection page/sort option")): NOT_RUN: click(findTestObject("OCS-DESKTOP/Collection page/sort option"))

2019-07-23 18:50:00 - [MESSAGE][NOT_RUN] - NOT_RUN: click(findTestObject("OCS-DESKTOP/Collection page/sort option"))

2019-07-23 18:50:00 - [TEST_STEP][PASSED] - executeJavaScript("var previewBar = document.getElementById("preview-bar-iframe"); previewBar.style.display = "none";", []): Execute JavaScript 'var previewBar = document.getElementById("preview-bar-iframe"); previewBar.style.display = "none";' successfully

2019-07-23 18:50:00 - [MESSAGE][PASSED] - Execute JavaScript 'var previewBar = document.getElementById("preview-bar-iframe"); previewBar.style.display = "none";' successfully

2019-07-23 18:50:00 - [TEST_STEP][PASSED] - delay(1): Delayed 1 second(s)

2019-07-23 18:50:01 - [MESSAGE][PASSED] - Delayed 1 second(s)

2019-07-23 18:50:01 - [TEST_STEP][PASSED] - click(findTestObject("OCS-DESKTOP/Collection page/Price High to Low")): Object: 'Object Repository/OCS-DESKTOP/Collection page/Price High to Low' is clicked on

2019-07-23 18:50:01 - [MESSAGE][PASSED] - Object: 'Object Repository/OCS-DESKTOP/Collection page/Price High to Low' is clicked on

2019-07-23 18:50:01 - [TEST_STEP][PASSED] - delay(1): Delayed 1 second(s)

2019-07-23 18:50:02 - [MESSAGE][PASSED] - Delayed 1 second(s)

2019-07-23 18:50:02 - [TEST_STEP][PASSED] - refresh(): Refresh successfully

2019-07-23 18:50:02 - [MESSAGE][PASSED] - Refresh successfully

2019-07-23 18:50:02 - [TEST_STEP][PASSED] - callTestCase(findTestCase("OCS - DESKTOP/OCS-COLLECTION PAGE/calling test case"), [:], STOP_ON_FAILURE): Call Test Case 'Test Cases/OCS - DESKTOP/OCS-COLLECTION PAGE/calling test case' successfully

2019-07-23 18:50:02 - [TEST_CASE][PASSED] - Test Cases/OCS - DESKTOP/OCS-COLLECTION PAGE/calling test case: Test Cases/OCS - DESKTOP/OCS-COLLECTION PAGE/calling test case

2019-07-23 18:50:02 - [TEST_STEP][NOT_RUN] - delay(2): NOT_RUN: delay(2)

2019-07-23 18:50:02 - [MESSAGE][NOT_RUN] - NOT_RUN: delay(2)

2019-07-23 18:50:02 - [TEST_STEP][NOT_RUN] - click(findTestObject("OCS-MOBILE /Age gate and burger menu/Burger menu - English")): NOT_RUN: click(findTestObject("OCS-MOBILE /Age gate and burger menu/Burger menu - English"))

2019-07-23 18:50:02 - [MESSAGE][NOT_RUN] - NOT_RUN: click(findTestObject("OCS-MOBILE /Age gate and burger menu/Burger menu - English"))

2019-07-23 18:50:02 - [TEST_STEP][NOT_RUN] - delay(2): NOT_RUN: delay(2)

2019-07-23 18:50:02 - [MESSAGE][NOT_RUN] - NOT_RUN: delay(2)

2019-07-23 18:50:02 - [TEST_STEP][NOT_RUN] - click(findTestObject("OCS-MOBILE /Cannabis page/Cannabis chevron")): NOT_RUN: click(findTestObject("OCS-MOBILE /Cannabis page/Cannabis chevron"))

2019-07-23 18:50:02 - [MESSAGE][NOT_RUN] - NOT_RUN: click(findTestObject("OCS-MOBILE /Cannabis page/Cannabis chevron"))

2019-07-23 18:50:02 - [TEST_STEP][NOT_RUN] - delay(2): NOT_RUN: delay(2)

2019-07-23 18:50:02 - [MESSAGE][NOT_RUN] - NOT_RUN: delay(2)

2019-07-23 18:50:02 - [TEST_STEP][NOT_RUN] - click(findTestObject("OCS-MOBILE /Cannabis page/Dried flower - plus accordian")): NOT_RUN: click(findTestObject("OCS-MOBILE /Cannabis page/Dried flower - plus accordian"))

2019-07-23 18:50:02 - [MESSAGE][NOT_RUN] - NOT_RUN: click(findTestObject("OCS-MOBILE /Cannabis page/Dried flower - plus accordian"))

2019-07-23 18:50:02 - [TEST_STEP][NOT_RUN] - delay(2): NOT_RUN: delay(2)

2019-07-23 18:50:02 - [MESSAGE][NOT_RUN] - NOT_RUN: delay(2)

2019-07-23 18:50:02 - [TEST_STEP][NOT_RUN] - click(findTestObject("OCS-MOBILE /Cannabis page/Dried flower - Indica dominant")): NOT_RUN: click(findTestObject("OCS-MOBILE /Cannabis page/Dried flower - Indica dominant"))

2019-07-23 18:50:02 - [MESSAGE][NOT_RUN] - NOT_RUN: click(findTestObject("OCS-MOBILE /Cannabis page/Dried flower - Indica dominant"))

2019-07-23 18:50:02 - [TEST_STEP][NOT_RUN] - delay(2): NOT_RUN: delay(2)

2019-07-23 18:50:02 - [MESSAGE][NOT_RUN] - NOT_RUN: delay(2)

2019-07-23 18:50:02 - [TEST_STEP][PASSED] - scrollToElement(findTestObject("OCS-DESKTOP/Collection page/scroll element"), 0): Scroll to object 'Object Repository/OCS-DESKTOP/Collection page/scroll element' successfully

2019-07-23 18:50:02 - [MESSAGE][WARNING] - Timeout '0' is invalid. Using default page load timeout: '30'

2019-07-23 18:50:05 - [MESSAGE][PASSED] - Scroll to object 'Object Repository/OCS-DESKTOP/Collection page/scroll element' successfully

2019-07-23 18:50:05 - [TEST_STEP][PASSED] - click(findTestObject("OCS-DESKTOP/Collection page/sort option")): Object: 'Object Repository/OCS-DESKTOP/Collection page/sort option' is clicked on

2019-07-23 18:50:05 - [MESSAGE][PASSED] - Object: 'Object Repository/OCS-DESKTOP/Collection page/sort option' is clicked on

2019-07-23 18:50:05 - [MESSAGE][PASSED] - Call Test Case 'Test Cases/OCS - DESKTOP/OCS-COLLECTION PAGE/calling test case' successfully

2019-07-23 18:50:05 - [TEST_STEP][NOT_RUN] - click(findTestObject("OCS-DESKTOP/Collection page/sort option")): NOT_RUN: click(findTestObject("OCS-DESKTOP/Collection page/sort option"))

2019-07-23 18:50:05 - [MESSAGE][NOT_RUN] - NOT_RUN: click(findTestObject("OCS-DESKTOP/Collection page/sort option"))

2019-07-23 18:50:05 - [TEST_STEP][PASSED] - delay(1): Delayed 1 second(s)

2019-07-23 18:50:06 - [MESSAGE][PASSED] - Delayed 1 second(s)

2019-07-23 18:50:06 - [TEST_STEP][PASSED] - click(findTestObject("OCS-DESKTOP/Collection page/Alphabetically A - Z")): Object: 'Object Repository/OCS-DESKTOP/Collection page/Alphabetically A - Z' is clicked on

2019-07-23 18:50:06 - [MESSAGE][PASSED] - Object: 'Object Repository/OCS-DESKTOP/Collection page/Alphabetically A - Z' is clicked on

2019-07-23 18:50:06 - [TEST_STEP][PASSED] - delay(1): Delayed 1 second(s)

2019-07-23 18:50:07 - [MESSAGE][PASSED] - Delayed 1 second(s)

2019-07-23 18:50:07 - [TEST_STEP][PASSED] - refresh(): Refresh successfully

2019-07-23 18:50:07 - [MESSAGE][PASSED] - Refresh successfully

2019-07-23 18:50:07 - [TEST_STEP][PASSED] - callTestCase(findTestCase("OCS - DESKTOP/OCS-COLLECTION PAGE/calling test case"), [:], STOP_ON_FAILURE): Call Test Case 'Test Cases/OCS - DESKTOP/OCS-COLLECTION PAGE/calling test case' successfully

2019-07-23 18:50:07 - [TEST_CASE][PASSED] - Test Cases/OCS - DESKTOP/OCS-COLLECTION PAGE/calling test case: Test Cases/OCS - DESKTOP/OCS-COLLECTION PAGE/calling test case

2019-07-23 18:50:07 - [TEST_STEP][NOT_RUN] - delay(2): NOT_RUN: delay(2)

2019-07-23 18:50:07 - [MESSAGE][NOT_RUN] - NOT_RUN: delay(2)

2019-07-23 18:50:07 - [TEST_STEP][NOT_RUN] - click(findTestObject("OCS-MOBILE /Age gate and burger menu/Burger menu - English")): NOT_RUN: click(findTestObject("OCS-MOBILE /Age gate and burger menu/Burger menu - English"))

2019-07-23 18:50:07 - [MESSAGE][NOT_RUN] - NOT_RUN: click(findTestObject("OCS-MOBILE /Age gate and burger menu/Burger menu - English"))

2019-07-23 18:50:07 - [TEST_STEP][NOT_RUN] - delay(2): NOT_RUN: delay(2)

2019-07-23 18:50:07 - [MESSAGE][NOT_RUN] - NOT_RUN: delay(2)

2019-07-23 18:50:07 - [TEST_STEP][NOT_RUN] - click(findTestObject("OCS-MOBILE /Cannabis page/Cannabis chevron")): NOT_RUN: click(findTestObject("OCS-MOBILE /Cannabis page/Cannabis chevron"))

2019-07-23 18:50:07 - [MESSAGE][NOT_RUN] - NOT_RUN: click(findTestObject("OCS-MOBILE /Cannabis page/Cannabis chevron"))

2019-07-23 18:50:07 - [TEST_STEP][NOT_RUN] - delay(2): NOT_RUN: delay(2)

2019-07-23 18:50:07 - [MESSAGE][NOT_RUN] - NOT_RUN: delay(2)

2019-07-23 18:50:07 - [TEST_STEP][NOT_RUN] - click(findTestObject("OCS-MOBILE /Cannabis page/Dried flower - plus accordian")): NOT_RUN: click(findTestObject("OCS-MOBILE /Cannabis page/Dried flower - plus accordian"))

2019-07-23 18:50:07 - [MESSAGE][NOT_RUN] - NOT_RUN: click(findTestObject("OCS-MOBILE /Cannabis page/Dried flower - plus accordian"))

2019-07-23 18:50:07 - [TEST_STEP][NOT_RUN] - delay(2): NOT_RUN: delay(2)

2019-07-23 18:50:07 - [MESSAGE][NOT_RUN] - NOT_RUN: delay(2)

2019-07-23 18:50:07 - [TEST_STEP][NOT_RUN] - click(findTestObject("OCS-MOBILE /Cannabis page/Dried flower - Indica dominant")): NOT_RUN: click(findTestObject("OCS-MOBILE /Cannabis page/Dried flower - Indica dominant"))

2019-07-23 18:50:07 - [MESSAGE][NOT_RUN] - NOT_RUN: click(findTestObject("OCS-MOBILE /Cannabis page/Dried flower - Indica dominant"))

2019-07-23 18:50:07 - [TEST_STEP][NOT_RUN] - delay(2): NOT_RUN: delay(2)

2019-07-23 18:50:07 - [MESSAGE][NOT_RUN] - NOT_RUN: delay(2)

2019-07-23 18:50:07 - [TEST_STEP][PASSED] - scrollToElement(findTestObject("OCS-DESKTOP/Collection page/scroll element"), 0): Scroll to object 'Object Repository/OCS-DESKTOP/Collection page/scroll element' successfully

2019-07-23 18:50:07 - [MESSAGE][WARNING] - Timeout '0' is invalid. Using default page load timeout: '30'

2019-07-23 18:50:09 - [MESSAGE][PASSED] - Scroll to object 'Object Repository/OCS-DESKTOP/Collection page/scroll element' successfully

2019-07-23 18:50:09 - [TEST_STEP][PASSED] - click(findTestObject("OCS-DESKTOP/Collection page/sort option")): Object: 'Object Repository/OCS-DESKTOP/Collection page/sort option' is clicked on

2019-07-23 18:50:09 - [MESSAGE][PASSED] - Object: 'Object Repository/OCS-DESKTOP/Collection page/sort option' is clicked on

2019-07-23 18:50:09 - [MESSAGE][PASSED] - Call Test Case 'Test Cases/OCS - DESKTOP/OCS-COLLECTION PAGE/calling test case' successfully

2019-07-23 18:50:09 - [TEST_STEP][NOT_RUN] - click(findTestObject("OCS-DESKTOP/Collection page/sort option")): NOT_RUN: click(findTestObject("OCS-DESKTOP/Collection page/sort option"))

2019-07-23 18:50:09 - [MESSAGE][NOT_RUN] - NOT_RUN: click(findTestObject("OCS-DESKTOP/Collection page/sort option"))

2019-07-23 18:50:09 - [TEST_STEP][PASSED] - delay(1): Delayed 1 second(s)

2019-07-23 18:50:10 - [MESSAGE][PASSED] - Delayed 1 second(s)

2019-07-23 18:50:10 - [TEST_STEP][PASSED] - executeJavaScript("var previewBar = document.getElementById("preview-bar-iframe"); previewBar.style.display = "none";", []): Execute JavaScript 'var previewBar = document.getElementById("preview-bar-iframe"); previewBar.style.display = "none";' successfully

2019-07-23 18:50:10 - [MESSAGE][PASSED] - Execute JavaScript 'var previewBar = document.getElementById("preview-bar-iframe"); previewBar.style.display = "none";' successfully

2019-07-23 18:50:10 - [TEST_STEP][PASSED] - click(findTestObject("OCS-DESKTOP/Collection page/Alphabetically Z - A")): Object: 'Object Repository/OCS-DESKTOP/Collection page/Alphabetically Z - A' is clicked on

2019-07-23 18:50:11 - [MESSAGE][PASSED] - Object: 'Object Repository/OCS-DESKTOP/Collection page/Alphabetically Z - A' is clicked on

2019-07-23 18:50:11 - [TEST_STEP][PASSED] - delay(1): Delayed 1 second(s)

2019-07-23 18:50:12 - [MESSAGE][PASSED] - Delayed 1 second(s)

2019-07-23 18:50:12 - [TEST_STEP][PASSED] - refresh(): Refresh successfully

2019-07-23 18:50:12 - [MESSAGE][PASSED] - Refresh successfully

2019-07-23 18:50:12 - [TEST_STEP][PASSED] - callTestCase(findTestCase("OCS - DESKTOP/OCS-COLLECTION PAGE/calling test case"), [:], STOP_ON_FAILURE): Call Test Case 'Test Cases/OCS - DESKTOP/OCS-COLLECTION PAGE/calling test case' successfully

2019-07-23 18:50:12 - [TEST_CASE][PASSED] - Test Cases/OCS - DESKTOP/OCS-COLLECTION PAGE/calling test case: Test Cases/OCS - DESKTOP/OCS-COLLECTION PAGE/calling test case

2019-07-23 18:50:12 - [TEST_STEP][NOT_RUN] - delay(2): NOT_RUN: delay(2)

2019-07-23 18:50:12 - [MESSAGE][NOT_RUN] - NOT_RUN: delay(2)

2019-07-23 18:50:12 - [TEST_STEP][NOT_RUN] - click(findTestObject("OCS-MOBILE /Age gate and burger menu/Burger menu - English")): NOT_RUN: click(findTestObject("OCS-MOBILE /Age gate and burger menu/Burger menu - English"))

2019-07-23 18:50:12 - [MESSAGE][NOT_RUN] - NOT_RUN: click(findTestObject("OCS-MOBILE /Age gate and burger menu/Burger menu - English"))

2019-07-23 18:50:12 - [TEST_STEP][NOT_RUN] - delay(2): NOT_RUN: delay(2)

2019-07-23 18:50:12 - [MESSAGE][NOT_RUN] - NOT_RUN: delay(2)

2019-07-23 18:50:12 - [TEST_STEP][NOT_RUN] - click(findTestObject("OCS-MOBILE /Cannabis page/Cannabis chevron")): NOT_RUN: click(findTestObject("OCS-MOBILE /Cannabis page/Cannabis chevron"))

2019-07-23 18:50:12 - [MESSAGE][NOT_RUN] - NOT_RUN: click(findTestObject("OCS-MOBILE /Cannabis page/Cannabis chevron"))

2019-07-23 18:50:12 - [TEST_STEP][NOT_RUN] - delay(2): NOT_RUN: delay(2)

2019-07-23 18:50:12 - [MESSAGE][NOT_RUN] - NOT_RUN: delay(2)

2019-07-23 18:50:12 - [TEST_STEP][NOT_RUN] - click(findTestObject("OCS-MOBILE /Cannabis page/Dried flower - plus accordian")): NOT_RUN: click(findTestObject("OCS-MOBILE /Cannabis page/Dried flower - plus accordian"))

2019-07-23 18:50:12 - [MESSAGE][NOT_RUN] - NOT_RUN: click(findTestObject("OCS-MOBILE /Cannabis page/Dried flower - plus accordian"))

2019-07-23 18:50:12 - [TEST_STEP][NOT_RUN] - delay(2): NOT_RUN: delay(2)

2019-07-23 18:50:12 - [MESSAGE][NOT_RUN] - NOT_RUN: delay(2)

2019-07-23 18:50:12 - [TEST_STEP][NOT_RUN] - click(findTestObject("OCS-MOBILE /Cannabis page/Dried flower - Indica dominant")): NOT_RUN: click(findTestObject("OCS-MOBILE /Cannabis page/Dried flower - Indica dominant"))

2019-07-23 18:50:12 - [MESSAGE][NOT_RUN] - NOT_RUN: click(findTestObject("OCS-MOBILE /Cannabis page/Dried flower - Indica dominant"))

2019-07-23 18:50:12 - [TEST_STEP][NOT_RUN] - delay(2): NOT_RUN: delay(2)

2019-07-23 18:50:12 - [MESSAGE][NOT_RUN] - NOT_RUN: delay(2)

2019-07-23 18:50:12 - [TEST_STEP][PASSED] - scrollToElement(findTestObject("OCS-DESKTOP/Collection page/scroll element"), 0): Scroll to object 'Object Repository/OCS-DESKTOP/Collection page/scroll element' successfully

2019-07-23 18:50:12 - [MESSAGE][WARNING] - Timeout '0' is invalid. Using default page load timeout: '30'

2019-07-23 18:50:15 - [MESSAGE][PASSED] - Scroll to object 'Object Repository/OCS-DESKTOP/Collection page/scroll element' successfully

2019-07-23 18:50:15 - [TEST_STEP][PASSED] - click(findTestObject("OCS-DESKTOP/Collection page/sort option")): Object: 'Object Repository/OCS-DESKTOP/Collection page/sort option' is clicked on

2019-07-23 18:50:15 - [MESSAGE][PASSED] - Object: 'Object Repository/OCS-DESKTOP/Collection page/sort option' is clicked on

2019-07-23 18:50:15 - [MESSAGE][PASSED] - Call Test Case 'Test Cases/OCS - DESKTOP/OCS-COLLECTION PAGE/calling test case' successfully

2019-07-23 18:50:15 - [TEST_STEP][NOT_RUN] - click(findTestObject("OCS-DESKTOP/Collection page/sort option")): NOT_RUN: click(findTestObject("OCS-DESKTOP/Collection page/sort option"))

2019-07-23 18:50:15 - [MESSAGE][NOT_RUN] - NOT_RUN: click(findTestObject("OCS-DESKTOP/Collection page/sort option"))

2019-07-23 18:50:15 - [TEST_STEP][PASSED] - delay(1): Delayed 1 second(s)

2019-07-23 18:50:16 - [MESSAGE][PASSED] - Delayed 1 second(s)

2019-07-23 18:50:16 - [TEST_STEP][PASSED] - executeJavaScript("var previewBar = document.getElementById("preview-bar-iframe"); previewBar.style.display = "none";", []): Execute JavaScript 'var previewBar = document.getElementById("preview-bar-iframe"); previewBar.style.display = "none";' successfully

2019-07-23 18:50:16 - [MESSAGE][PASSED] - Execute JavaScript 'var previewBar = document.getElementById("preview-bar-iframe"); previewBar.style.display = "none";' successfully

2019-07-23 18:50:16 - [TEST_STEP][PASSED] - click(findTestObject("OCS-DESKTOP/Collection page/CBD Low to High")): Object: 'Object Repository/OCS-DESKTOP/Collection page/CBD Low to High' is clicked on

2019-07-23 18:50:16 - [MESSAGE][PASSED] - Object: 'Object Repository/OCS-DESKTOP/Collection page/CBD Low to High' is clicked on

2019-07-23 18:50:16 - [TEST_STEP][PASSED] - delay(1): Delayed 1 second(s)

2019-07-23 18:50:17 - [MESSAGE][PASSED] - Delayed 1 second(s)

2019-07-23 18:50:17 - [TEST_STEP][PASSED] - refresh(): Refresh successfully

2019-07-23 18:50:19 - [MESSAGE][PASSED] - Refresh successfully

2019-07-23 18:50:19 - [TEST_STEP][PASSED] - callTestCase(findTestCase("OCS - DESKTOP/OCS-COLLECTION PAGE/calling test case"), [:], STOP_ON_FAILURE): Call Test Case 'Test Cases/OCS - DESKTOP/OCS-COLLECTION PAGE/calling test case' successfully

2019-07-23 18:50:19 - [TEST_CASE][PASSED] - Test Cases/OCS - DESKTOP/OCS-COLLECTION PAGE/calling test case: Test Cases/OCS - DESKTOP/OCS-COLLECTION PAGE/calling test case

2019-07-23 18:50:19 - [TEST_STEP][NOT_RUN] - delay(2): NOT_RUN: delay(2)

2019-07-23 18:50:19 - [MESSAGE][NOT_RUN] - NOT_RUN: delay(2)

2019-07-23 18:50:19 - [TEST_STEP][NOT_RUN] - click(findTestObject("OCS-MOBILE /Age gate and burger menu/Burger menu - English")): NOT_RUN: click(findTestObject("OCS-MOBILE /Age gate and burger menu/Burger menu - English"))

2019-07-23 18:50:19 - [MESSAGE][NOT_RUN] - NOT_RUN: click(findTestObject("OCS-MOBILE /Age gate and burger menu/Burger menu - English"))

2019-07-23 18:50:19 - [TEST_STEP][NOT_RUN] - delay(2): NOT_RUN: delay(2)

2019-07-23 18:50:19 - [MESSAGE][NOT_RUN] - NOT_RUN: delay(2)

2019-07-23 18:50:19 - [TEST_STEP][NOT_RUN] - click(findTestObject("OCS-MOBILE /Cannabis page/Cannabis chevron")): NOT_RUN: click(findTestObject("OCS-MOBILE /Cannabis page/Cannabis chevron"))

2019-07-23 18:50:19 - [MESSAGE][NOT_RUN] - NOT_RUN: click(findTestObject("OCS-MOBILE /Cannabis page/Cannabis chevron"))

2019-07-23 18:50:19 - [TEST_STEP][NOT_RUN] - delay(2): NOT_RUN: delay(2)

2019-07-23 18:50:19 - [MESSAGE][NOT_RUN] - NOT_RUN: delay(2)

2019-07-23 18:50:19 - [TEST_STEP][NOT_RUN] - click(findTestObject("OCS-MOBILE /Cannabis page/Dried flower - plus accordian")): NOT_RUN: click(findTestObject("OCS-MOBILE /Cannabis page/Dried flower - plus accordian"))

2019-07-23 18:50:19 - [MESSAGE][NOT_RUN] - NOT_RUN: click(findTestObject("OCS-MOBILE /Cannabis page/Dried flower - plus accordian"))

2019-07-23 18:50:19 - [TEST_STEP][NOT_RUN] - delay(2): NOT_RUN: delay(2)

2019-07-23 18:50:19 - [MESSAGE][NOT_RUN] - NOT_RUN: delay(2)

2019-07-23 18:50:19 - [TEST_STEP][NOT_RUN] - click(findTestObject("OCS-MOBILE /Cannabis page/Dried flower - Indica dominant")): NOT_RUN: click(findTestObject("OCS-MOBILE /Cannabis page/Dried flower - Indica dominant"))

2019-07-23 18:50:19 - [MESSAGE][NOT_RUN] - NOT_RUN: click(findTestObject("OCS-MOBILE /Cannabis page/Dried flower - Indica dominant"))

2019-07-23 18:50:19 - [TEST_STEP][NOT_RUN] - delay(2): NOT_RUN: delay(2)

2019-07-23 18:50:19 - [MESSAGE][NOT_RUN] - NOT_RUN: delay(2)

2019-07-23 18:50:19 - [TEST_STEP][PASSED] - scrollToElement(findTestObject("OCS-DESKTOP/Collection page/scroll element"), 0): Scroll to object 'Object Repository/OCS-DESKTOP/Collection page/scroll element' successfully

2019-07-23 18:50:19 - [MESSAGE][WARNING] - Timeout '0' is invalid. Using default page load timeout: '30'

2019-07-23 18:50:19 - [MESSAGE][PASSED] - Scroll to object 'Object Repository/OCS-DESKTOP/Collection page/scroll element' successfully

2019-07-23 18:50:19 - [TEST_STEP][PASSED] - click(findTestObject("OCS-DESKTOP/Collection page/sort option")): Object: 'Object Repository/OCS-DESKTOP/Collection page/sort option' is clicked on

2019-07-23 18:50:19 - [MESSAGE][PASSED] - Object: 'Object Repository/OCS-DESKTOP/Collection page/sort option' is clicked on

2019-07-23 18:50:19 - [MESSAGE][PASSED] - Call Test Case 'Test Cases/OCS - DESKTOP/OCS-COLLECTION PAGE/calling test case' successfully

2019-07-23 18:50:19 - [TEST_STEP][NOT_RUN] - click(findTestObject("OCS-DESKTOP/Collection page/sort option")): NOT_RUN: click(findTestObject("OCS-DESKTOP/Collection page/sort option"))

2019-07-23 18:50:19 - [MESSAGE][NOT_RUN] - NOT_RUN: click(findTestObject("OCS-DESKTOP/Collection page/sort option"))

2019-07-23 18:50:19 - [TEST_STEP][PASSED] - delay(1): Delayed 1 second(s)

2019-07-23 18:50:20 - [MESSAGE][PASSED] - Delayed 1 second(s)

2019-07-23 18:50:20 - [TEST_STEP][PASSED] - delay(1, OPTIONAL): Delayed 1 second(s)

2019-07-23 18:50:21 - [MESSAGE][PASSED] - Delayed 1 second(s)

2019-07-23 18:50:21 - [TEST_STEP][PASSED] - executeJavaScript("var previewBar = document.getElementById("preview-bar-iframe"); previewBar.style.display = "none";", []): Execute JavaScript 'var previewBar = document.getElementById("preview-bar-iframe"); previewBar.style.display = "none";' successfully

2019-07-23 18:50:21 - [MESSAGE][PASSED] - Execute JavaScript 'var previewBar = document.getElementById("preview-bar-iframe"); previewBar.style.display = "none";' successfully

2019-07-23 18:50:21 - [TEST_STEP][PASSED] - click(findTestObject("OCS-DESKTOP/Collection page/CBD High to Low")): Object: 'Object Repository/OCS-DESKTOP/Collection page/CBD High to Low' is clicked on

2019-07-23 18:50:22 - [MESSAGE][PASSED] - Object: 'Object Repository/OCS-DESKTOP/Collection page/CBD High to Low' is clicked on

2019-07-23 18:50:22 - [TEST_STEP][PASSED] - delay(1): Delayed 1 second(s)

2019-07-23 18:50:23 - [MESSAGE][PASSED] - Delayed 1 second(s)

2019-07-23 18:50:23 - [TEST_STEP][PASSED] - refresh(): Refresh successfully

2019-07-23 18:50:23 - [MESSAGE][PASSED] - Refresh successfully]]></system-out>
         <system-err><![CDATA[]]></system-err>
      </testcase>
      <testcase name="Test Cases/OCS - DESKTOP/OCS-COLLECTION PAGE/Chevron dropdown" classname="Test Cases/OCS - DESKTOP/OCS-COLLECTION PAGE/Chevron dropdown" status="PASSED">
         <system-out><![CDATA[2019-07-23 18:50:23 - [TEST_CASE][PASSED] - Test Cases/OCS - DESKTOP/OCS-COLLECTION PAGE/Chevron dropdown: Test Cases/OCS - DESKTOP/OCS-COLLECTION PAGE/Chevron dropdown

2019-07-23 18:50:23 - [TEST_STEP][PASSED] - callTestCase(findTestCase("OCS - DESKTOP/CALL- Age gate"), [:], STOP_ON_FAILURE): Call Test Case 'Test Cases/OCS - DESKTOP/CALL- Age gate' successfully

2019-07-23 18:50:23 - [TEST_CASE][PASSED] - Test Cases/OCS - DESKTOP/CALL- Age gate: Test Cases/OCS - DESKTOP/CALL- Age gate

2019-07-23 18:50:23 - [TEST_STEP][PASSED] - openBrowser(""): Browser is opened with url: ''

2019-07-23 18:50:23 - [MESSAGE][WARNING] - A browser is already opened. Closing browser and opening a new one

2019-07-23 18:50:23 - [MESSAGE][INFO] - Starting 'Chrome' driver

2019-07-23 18:50:24 - [MESSAGE][PASSED] - Browser is opened with url: ''

2019-07-23 18:50:24 - [TEST_STEP][PASSED] - navigateToUrl("https://ocs.ca/?fts=0&preview_theme_id=74209363788"): Navigate to 'https://ocs.ca/?fts=0&preview_theme_id=74209363788' successfully

2019-07-23 18:50:28 - [MESSAGE][PASSED] - Navigate to 'https://ocs.ca/?fts=0&preview_theme_id=74209363788' successfully

2019-07-23 18:50:28 - [TEST_STEP][PASSED] - maximizeWindow(): Current window maximized

2019-07-23 18:50:29 - [MESSAGE][PASSED] - Current window maximized

2019-07-23 18:50:29 - [TEST_STEP][PASSED] - delay(2): Delayed 2 second(s)

2019-07-23 18:50:31 - [MESSAGE][PASSED] - Delayed 2 second(s)

2019-07-23 18:50:31 - [TEST_STEP][PASSED] - executeJavaScript("var previewBar = document.getElementById("preview-bar-iframe"); previewBar.style.display = "none";", []): Execute JavaScript 'var previewBar = document.getElementById("preview-bar-iframe"); previewBar.style.display = "none";' successfully

2019-07-23 18:50:31 - [MESSAGE][PASSED] - Execute JavaScript 'var previewBar = document.getElementById("preview-bar-iframe"); previewBar.style.display = "none";' successfully

2019-07-23 18:50:31 - [TEST_STEP][PASSED] - selectOptionByValue(findTestObject("OCS-DESKTOP/Age gate and Mega menu/Date"), "12", true): All options with value '12' are selected in object 'Object Repository/OCS-DESKTOP/Age gate and Mega menu/Date'  using regular expression

2019-07-23 18:50:31 - [MESSAGE][PASSED] - All options with value '12' are selected in object 'Object Repository/OCS-DESKTOP/Age gate and Mega menu/Date'  using regular expression

2019-07-23 18:50:31 - [TEST_STEP][PASSED] - selectOptionByValue(findTestObject("OCS-DESKTOP/Age gate and Mega menu/month"), "6", true): All options with value '6' are selected in object 'Object Repository/OCS-DESKTOP/Age gate and Mega menu/month'  using regular expression

2019-07-23 18:50:31 - [MESSAGE][PASSED] - All options with value '6' are selected in object 'Object Repository/OCS-DESKTOP/Age gate and Mega menu/month'  using regular expression

2019-07-23 18:50:31 - [TEST_STEP][PASSED] - delay(2): Delayed 2 second(s)

2019-07-23 18:50:33 - [MESSAGE][PASSED] - Delayed 2 second(s)

2019-07-23 18:50:33 - [TEST_STEP][PASSED] - selectOptionByValue(findTestObject("OCS-DESKTOP/Age gate and Mega menu/Year Dropdown"), "1990", true): All options with value '1990' are selected in object 'Object Repository/OCS-DESKTOP/Age gate and Mega menu/Year Dropdown'  using regular expression

2019-07-23 18:50:34 - [MESSAGE][PASSED] - All options with value '1990' are selected in object 'Object Repository/OCS-DESKTOP/Age gate and Mega menu/Year Dropdown'  using regular expression

2019-07-23 18:50:34 - [TEST_STEP][PASSED] - click(findTestObject("OCS-DESKTOP/Age gate and Mega menu/button_Verify")): Object: 'Object Repository/OCS-DESKTOP/Age gate and Mega menu/button_Verify' is clicked on

2019-07-23 18:50:34 - [MESSAGE][PASSED] - Object: 'Object Repository/OCS-DESKTOP/Age gate and Mega menu/button_Verify' is clicked on

2019-07-23 18:50:34 - [TEST_STEP][PASSED] - click(findTestObject("OCS-DESKTOP/Age gate and Mega menu/Checkbox_CONFIRM AND ACKNOWLEDGE")): Object: 'Object Repository/OCS-DESKTOP/Age gate and Mega menu/Checkbox_CONFIRM AND ACKNOWLEDGE' is clicked on

2019-07-23 18:50:35 - [MESSAGE][PASSED] - Object: 'Object Repository/OCS-DESKTOP/Age gate and Mega menu/Checkbox_CONFIRM AND ACKNOWLEDGE' is clicked on

2019-07-23 18:50:35 - [TEST_STEP][PASSED] - click(findTestObject("OCS-DESKTOP/Age gate and Mega menu/button_CONFIRM")): Object: 'Object Repository/OCS-DESKTOP/Age gate and Mega menu/button_CONFIRM' is clicked on

2019-07-23 18:50:35 - [MESSAGE][PASSED] - Object: 'Object Repository/OCS-DESKTOP/Age gate and Mega menu/button_CONFIRM' is clicked on

2019-07-23 18:50:35 - [TEST_STEP][PASSED] - click(findTestObject("OCS-DESKTOP/Age gate and Mega menu/button_Start Browsing")): Object: 'Object Repository/OCS-DESKTOP/Age gate and Mega menu/button_Start Browsing' is clicked on

2019-07-23 18:50:35 - [MESSAGE][PASSED] - Object: 'Object Repository/OCS-DESKTOP/Age gate and Mega menu/button_Start Browsing' is clicked on

2019-07-23 18:50:35 - [TEST_STEP][PASSED] - delay(2): Delayed 2 second(s)

2019-07-23 18:50:37 - [MESSAGE][PASSED] - Delayed 2 second(s)

2019-07-23 18:50:37 - [TEST_STEP][PASSED] - refresh(): Refresh successfully

2019-07-23 18:50:37 - [MESSAGE][PASSED] - Refresh successfully

2019-07-23 18:50:37 - [MESSAGE][PASSED] - Call Test Case 'Test Cases/OCS - DESKTOP/CALL- Age gate' successfully

2019-07-23 18:50:37 - [TEST_STEP][PASSED] - delay(2): Delayed 2 second(s)

2019-07-23 18:50:39 - [MESSAGE][PASSED] - Delayed 2 second(s)

2019-07-23 18:50:39 - [TEST_STEP][PASSED] - click(findTestObject("OCS-DESKTOP/Age gate and Mega menu/Chevron_Cannabis")): Object: 'Object Repository/OCS-DESKTOP/Age gate and Mega menu/Chevron_Cannabis' is clicked on

2019-07-23 18:50:40 - [MESSAGE][PASSED] - Object: 'Object Repository/OCS-DESKTOP/Age gate and Mega menu/Chevron_Cannabis' is clicked on

2019-07-23 18:50:40 - [TEST_STEP][PASSED] - delay(2): Delayed 2 second(s)

2019-07-23 18:50:42 - [MESSAGE][PASSED] - Delayed 2 second(s)

2019-07-23 18:50:42 - [TEST_STEP][NOT_RUN] - click(findTestObject("OCS-MOBILE /Cannabis page/Cannabis chevron")): NOT_RUN: click(findTestObject("OCS-MOBILE /Cannabis page/Cannabis chevron"))

2019-07-23 18:50:42 - [MESSAGE][NOT_RUN] - NOT_RUN: click(findTestObject("OCS-MOBILE /Cannabis page/Cannabis chevron"))

2019-07-23 18:50:42 - [TEST_STEP][PASSED] - delay(2): Delayed 2 second(s)

2019-07-23 18:50:44 - [MESSAGE][PASSED] - Delayed 2 second(s)

2019-07-23 18:50:44 - [TEST_STEP][PASSED] - click(findTestObject("OCS-DESKTOP/Cannabis page/Dried flower")): Object: 'Object Repository/OCS-DESKTOP/Cannabis page/Dried flower' is clicked on

2019-07-23 18:50:46 - [MESSAGE][PASSED] - Object: 'Object Repository/OCS-DESKTOP/Cannabis page/Dried flower' is clicked on

2019-07-23 18:50:46 - [TEST_STEP][PASSED] - delay(2): Delayed 2 second(s)

2019-07-23 18:50:48 - [MESSAGE][PASSED] - Delayed 2 second(s)

2019-07-23 18:50:48 - [TEST_STEP][NOT_RUN] - click(findTestObject("OCS-DESKTOP/Cannabis page/Dried flower - Indica dominant")): NOT_RUN: click(findTestObject("OCS-DESKTOP/Cannabis page/Dried flower - Indica dominant"))

2019-07-23 18:50:48 - [MESSAGE][NOT_RUN] - NOT_RUN: click(findTestObject("OCS-DESKTOP/Cannabis page/Dried flower - Indica dominant"))

2019-07-23 18:50:48 - [TEST_STEP][PASSED] - delay(2): Delayed 2 second(s)

2019-07-23 18:50:50 - [MESSAGE][PASSED] - Delayed 2 second(s)

2019-07-23 18:50:50 - [TEST_STEP][PASSED] - click(findTestObject("OCS-DESKTOP/Collection page/dropdown")): Object: 'Object Repository/OCS-DESKTOP/Collection page/dropdown' is clicked on

2019-07-23 18:50:50 - [MESSAGE][PASSED] - Object: 'Object Repository/OCS-DESKTOP/Collection page/dropdown' is clicked on

2019-07-23 18:50:50 - [TEST_STEP][PASSED] - delay(2): Delayed 2 second(s)

2019-07-23 18:50:52 - [MESSAGE][PASSED] - Delayed 2 second(s)

2019-07-23 18:50:52 - [TEST_STEP][PASSED] - verifyElementPresent(findTestObject("OCS-DESKTOP/Collection page/element inside"), 0): Object 'Object Repository/OCS-DESKTOP/Collection page/element inside' is present

2019-07-23 18:50:52 - [MESSAGE][WARNING] - Timeout '0' is invalid. Using default page load timeout: '30'

2019-07-23 18:50:52 - [MESSAGE][PASSED] - Object 'Object Repository/OCS-DESKTOP/Collection page/element inside' is present

2019-07-23 18:50:52 - [TEST_STEP][PASSED] - delay(2): Delayed 2 second(s)

2019-07-23 18:50:54 - [MESSAGE][PASSED] - Delayed 2 second(s)

2019-07-23 18:50:54 - [TEST_STEP][PASSED] - click(findTestObject("OCS-DESKTOP/Collection page/dropdown")): Object: 'Object Repository/OCS-DESKTOP/Collection page/dropdown' is clicked on

2019-07-23 18:50:54 - [MESSAGE][PASSED] - Object: 'Object Repository/OCS-DESKTOP/Collection page/dropdown' is clicked on]]></system-out>
         <system-err><![CDATA[]]></system-err>
      </testcase>
      <testcase name="Test Cases/OCS - DESKTOP/OCS-COLLECTION PAGE/breadcrumbs" classname="Test Cases/OCS - DESKTOP/OCS-COLLECTION PAGE/breadcrumbs" status="PASSED">
         <system-out><![CDATA[2019-07-23 18:50:54 - [TEST_CASE][PASSED] - Test Cases/OCS - DESKTOP/OCS-COLLECTION PAGE/breadcrumbs: Test Cases/OCS - DESKTOP/OCS-COLLECTION PAGE/breadcrumbs

2019-07-23 18:50:55 - [TEST_STEP][PASSED] - callTestCase(findTestCase("OCS - DESKTOP/CALL- Age gate"), [:], STOP_ON_FAILURE): Call Test Case 'Test Cases/OCS - DESKTOP/CALL- Age gate' successfully

2019-07-23 18:50:55 - [TEST_CASE][PASSED] - Test Cases/OCS - DESKTOP/CALL- Age gate: Test Cases/OCS - DESKTOP/CALL- Age gate

2019-07-23 18:50:55 - [TEST_STEP][PASSED] - openBrowser(""): Browser is opened with url: ''

2019-07-23 18:50:55 - [MESSAGE][WARNING] - A browser is already opened. Closing browser and opening a new one

2019-07-23 18:50:55 - [MESSAGE][INFO] - Starting 'Chrome' driver

2019-07-23 18:50:56 - [MESSAGE][PASSED] - Browser is opened with url: ''

2019-07-23 18:50:56 - [TEST_STEP][PASSED] - navigateToUrl("https://ocs.ca/?fts=0&preview_theme_id=74209363788"): Navigate to 'https://ocs.ca/?fts=0&preview_theme_id=74209363788' successfully

2019-07-23 18:51:00 - [MESSAGE][PASSED] - Navigate to 'https://ocs.ca/?fts=0&preview_theme_id=74209363788' successfully

2019-07-23 18:51:00 - [TEST_STEP][PASSED] - maximizeWindow(): Current window maximized

2019-07-23 18:51:00 - [MESSAGE][PASSED] - Current window maximized

2019-07-23 18:51:00 - [TEST_STEP][PASSED] - delay(2): Delayed 2 second(s)

2019-07-23 18:51:02 - [MESSAGE][PASSED] - Delayed 2 second(s)

2019-07-23 18:51:02 - [TEST_STEP][PASSED] - executeJavaScript("var previewBar = document.getElementById("preview-bar-iframe"); previewBar.style.display = "none";", []): Execute JavaScript 'var previewBar = document.getElementById("preview-bar-iframe"); previewBar.style.display = "none";' successfully

2019-07-23 18:51:02 - [MESSAGE][PASSED] - Execute JavaScript 'var previewBar = document.getElementById("preview-bar-iframe"); previewBar.style.display = "none";' successfully

2019-07-23 18:51:02 - [TEST_STEP][PASSED] - selectOptionByValue(findTestObject("OCS-DESKTOP/Age gate and Mega menu/Date"), "12", true): All options with value '12' are selected in object 'Object Repository/OCS-DESKTOP/Age gate and Mega menu/Date'  using regular expression

2019-07-23 18:51:03 - [MESSAGE][PASSED] - All options with value '12' are selected in object 'Object Repository/OCS-DESKTOP/Age gate and Mega menu/Date'  using regular expression

2019-07-23 18:51:03 - [TEST_STEP][PASSED] - selectOptionByValue(findTestObject("OCS-DESKTOP/Age gate and Mega menu/month"), "6", true): All options with value '6' are selected in object 'Object Repository/OCS-DESKTOP/Age gate and Mega menu/month'  using regular expression

2019-07-23 18:51:03 - [MESSAGE][PASSED] - All options with value '6' are selected in object 'Object Repository/OCS-DESKTOP/Age gate and Mega menu/month'  using regular expression

2019-07-23 18:51:03 - [TEST_STEP][PASSED] - delay(2): Delayed 2 second(s)

2019-07-23 18:51:05 - [MESSAGE][PASSED] - Delayed 2 second(s)

2019-07-23 18:51:05 - [TEST_STEP][PASSED] - selectOptionByValue(findTestObject("OCS-DESKTOP/Age gate and Mega menu/Year Dropdown"), "1990", true): All options with value '1990' are selected in object 'Object Repository/OCS-DESKTOP/Age gate and Mega menu/Year Dropdown'  using regular expression

2019-07-23 18:51:06 - [MESSAGE][PASSED] - All options with value '1990' are selected in object 'Object Repository/OCS-DESKTOP/Age gate and Mega menu/Year Dropdown'  using regular expression

2019-07-23 18:51:06 - [TEST_STEP][PASSED] - click(findTestObject("OCS-DESKTOP/Age gate and Mega menu/button_Verify")): Object: 'Object Repository/OCS-DESKTOP/Age gate and Mega menu/button_Verify' is clicked on

2019-07-23 18:51:06 - [MESSAGE][PASSED] - Object: 'Object Repository/OCS-DESKTOP/Age gate and Mega menu/button_Verify' is clicked on

2019-07-23 18:51:06 - [TEST_STEP][PASSED] - click(findTestObject("OCS-DESKTOP/Age gate and Mega menu/Checkbox_CONFIRM AND ACKNOWLEDGE")): Object: 'Object Repository/OCS-DESKTOP/Age gate and Mega menu/Checkbox_CONFIRM AND ACKNOWLEDGE' is clicked on

2019-07-23 18:51:06 - [MESSAGE][PASSED] - Object: 'Object Repository/OCS-DESKTOP/Age gate and Mega menu/Checkbox_CONFIRM AND ACKNOWLEDGE' is clicked on

2019-07-23 18:51:06 - [TEST_STEP][PASSED] - click(findTestObject("OCS-DESKTOP/Age gate and Mega menu/button_CONFIRM")): Object: 'Object Repository/OCS-DESKTOP/Age gate and Mega menu/button_CONFIRM' is clicked on

2019-07-23 18:51:06 - [MESSAGE][PASSED] - Object: 'Object Repository/OCS-DESKTOP/Age gate and Mega menu/button_CONFIRM' is clicked on

2019-07-23 18:51:06 - [TEST_STEP][PASSED] - click(findTestObject("OCS-DESKTOP/Age gate and Mega menu/button_Start Browsing")): Object: 'Object Repository/OCS-DESKTOP/Age gate and Mega menu/button_Start Browsing' is clicked on

2019-07-23 18:51:06 - [MESSAGE][PASSED] - Object: 'Object Repository/OCS-DESKTOP/Age gate and Mega menu/button_Start Browsing' is clicked on

2019-07-23 18:51:06 - [TEST_STEP][PASSED] - delay(2): Delayed 2 second(s)

2019-07-23 18:51:08 - [MESSAGE][PASSED] - Delayed 2 second(s)

2019-07-23 18:51:08 - [TEST_STEP][PASSED] - refresh(): Refresh successfully

2019-07-23 18:51:08 - [MESSAGE][PASSED] - Refresh successfully

2019-07-23 18:51:08 - [MESSAGE][PASSED] - Call Test Case 'Test Cases/OCS - DESKTOP/CALL- Age gate' successfully

2019-07-23 18:51:08 - [TEST_STEP][PASSED] - click(findTestObject("OCS-DESKTOP/Age gate and Mega menu/Header/CANNABIS menu - English")): Object: 'Object Repository/OCS-DESKTOP/Age gate and Mega menu/Header/CANNABIS menu - English' is clicked on

2019-07-23 18:51:12 - [MESSAGE][PASSED] - Object: 'Object Repository/OCS-DESKTOP/Age gate and Mega menu/Header/CANNABIS menu - English' is clicked on

2019-07-23 18:51:12 - [TEST_STEP][PASSED] - click(findTestObject("OCS-DESKTOP/Cannabis page/Dried flower - Indica dominant")): Object: 'Object Repository/OCS-DESKTOP/Cannabis page/Dried flower - Indica dominant' is clicked on

2019-07-23 18:51:15 - [MESSAGE][PASSED] - Object: 'Object Repository/OCS-DESKTOP/Cannabis page/Dried flower - Indica dominant' is clicked on

2019-07-23 18:51:15 - [TEST_STEP][PASSED] - click(findTestObject("OCS-DESKTOP/breadcrumbs_OR/Page_Dried Flower  Ontario Cannabis/a_Cannabis")): Object: 'Object Repository/OCS-DESKTOP/breadcrumbs_OR/Page_Dried Flower  Ontario Cannabis/a_Cannabis' is clicked on

2019-07-23 18:51:18 - [MESSAGE][PASSED] - Object: 'Object Repository/OCS-DESKTOP/breadcrumbs_OR/Page_Dried Flower  Ontario Cannabis/a_Cannabis' is clicked on

2019-07-23 18:51:18 - [TEST_STEP][PASSED] - executeJavaScript("var previewBar = document.getElementById("preview-bar-iframe"); previewBar.style.display = "none";", []): Execute JavaScript 'var previewBar = document.getElementById("preview-bar-iframe"); previewBar.style.display = "none";' successfully

2019-07-23 18:51:18 - [MESSAGE][PASSED] - Execute JavaScript 'var previewBar = document.getElementById("preview-bar-iframe"); previewBar.style.display = "none";' successfully

2019-07-23 18:51:18 - [TEST_STEP][PASSED] - a = getWindowTitle(): Current window's title is: 'All Cannabis Products | Ontario Cannabis Store'

2019-07-23 18:51:18 - [MESSAGE][PASSED] - Current window's title is: 'All Cannabis Products | Ontario Cannabis Store'

2019-07-23 18:51:18 - [TEST_STEP][PASSED] - comment(a): All Cannabis Products | Ontario Cannabis Store

2019-07-23 18:51:18 - [MESSAGE][INFO] - All Cannabis Products | Ontario Cannabis Store

2019-07-23 18:51:18 - [TEST_STEP][PASSED] - assert getWindowTitle() == a: Current window's title is: 'All Cannabis Products | Ontario Cannabis Store'

2019-07-23 18:51:18 - [MESSAGE][PASSED] - Current window's title is: 'All Cannabis Products | Ontario Cannabis Store'

2019-07-23 18:51:18 - [TEST_STEP][PASSED] - click(findTestObject("OCS-DESKTOP/breadcrumbs_OR/Page_All Cannabis Products  Ontario/a_Home")): Object: 'Object Repository/OCS-DESKTOP/breadcrumbs_OR/Page_All Cannabis Products  Ontario/a_Home' is clicked on

2019-07-23 18:51:21 - [MESSAGE][PASSED] - Object: 'Object Repository/OCS-DESKTOP/breadcrumbs_OR/Page_All Cannabis Products  Ontario/a_Home' is clicked on

2019-07-23 18:51:21 - [TEST_STEP][PASSED] - b = getWindowTitle(): Current window's title is: 'Ontario Cannabis Store | Ontario Cannabis Store'

2019-07-23 18:51:21 - [MESSAGE][PASSED] - Current window's title is: 'Ontario Cannabis Store | Ontario Cannabis Store'

2019-07-23 18:51:21 - [TEST_STEP][PASSED] - comment(b): Ontario Cannabis Store | Ontario Cannabis Store

2019-07-23 18:51:21 - [MESSAGE][INFO] - Ontario Cannabis Store | Ontario Cannabis Store

2019-07-23 18:51:21 - [TEST_STEP][PASSED] - assert getWindowTitle() == b: Current window's title is: 'Ontario Cannabis Store | Ontario Cannabis Store'

2019-07-23 18:51:21 - [MESSAGE][PASSED] - Current window's title is: 'Ontario Cannabis Store | Ontario Cannabis Store']]></system-out>
         <system-err><![CDATA[]]></system-err>
      </testcase>
      <testcase name="Test Cases/OCS - DESKTOP/OCS-COLLECTION PAGE/Pagination" classname="Test Cases/OCS - DESKTOP/OCS-COLLECTION PAGE/Pagination" status="FAILED">
         <failure type="FAILED" message="Test Cases/OCS - DESKTOP/OCS-COLLECTION PAGE/Pagination FAILED.
Reason:
com.kms.katalon.core.exception.StepFailedException: Unable to click on object 'Object Repository/OCS-DESKTOP/Pagination_OR/Page_Pre-Rolled  Ontario Cannabis S/a_Next - down' (Root cause: com.kms.katalon.core.webui.exception.WebElementNotFoundException: Web element with id: 'Object Repository/OCS-DESKTOP/Pagination_OR/Page_Pre-Rolled  Ontario Cannabis S/a_Next - down' located by 'By.xpath: //div[@class='collection__products']//a[@class='js-page-link'][contains(text(),'Next')]' not found)
	at com.kms.katalon.core.keyword.internal.KeywordMain.stepFailed(KeywordMain.groovy:36)
	at com.kms.katalon.core.webui.keyword.internal.WebUIKeywordMain.stepFailed(WebUIKeywordMain.groovy:65)
	at com.kms.katalon.core.webui.keyword.internal.WebUIKeywordMain.runKeyword(WebUIKeywordMain.groovy:27)
	at com.kms.katalon.core.webui.keyword.builtin.ClickKeyword.click(ClickKeyword.groovy:86)
	at com.kms.katalon.core.webui.keyword.builtin.ClickKeyword.execute(ClickKeyword.groovy:67)
	at com.kms.katalon.core.keyword.internal.KeywordExecutor.executeKeywordForPlatform(KeywordExecutor.groovy:53)
	at com.kms.katalon.core.webui.keyword.WebUiBuiltInKeywords.click(WebUiBuiltInKeywords.groovy:616)
	at com.kms.katalon.core.webui.keyword.WebUiBuiltInKeywords$click$4.call(Unknown Source)
	at Pagination.run(Pagination:71)
	at com.kms.katalon.core.main.ScriptEngine.run(ScriptEngine.java:194)
	at com.kms.katalon.core.main.ScriptEngine.runScriptAsRawText(ScriptEngine.java:119)
	at com.kms.katalon.core.main.TestCaseExecutor.runScript(TestCaseExecutor.java:328)
	at com.kms.katalon.core.main.TestCaseExecutor.doExecute(TestCaseExecutor.java:319)
	at com.kms.katalon.core.main.TestCaseExecutor.processExecutionPhase(TestCaseExecutor.java:298)
	at com.kms.katalon.core.main.TestCaseExecutor.accessMainPhase(TestCaseExecutor.java:290)
	at com.kms.katalon.core.main.TestCaseExecutor.execute(TestCaseExecutor.java:224)
	at com.kms.katalon.core.main.TestSuiteExecutor.accessTestCaseMainPhase(TestSuiteExecutor.java:129)
	at com.kms.katalon.core.main.TestSuiteExecutor.accessTestSuiteMainPhase(TestSuiteExecutor.java:112)
	at com.kms.katalon.core.main.TestSuiteExecutor.execute(TestSuiteExecutor.java:81)
	at com.kms.katalon.core.main.TestCaseMain.startTestSuite(TestCaseMain.java:149)
	at com.kms.katalon.core.main.TestCaseMain$startTestSuite$0.call(Unknown Source)
	at TempTestSuite1563918963353.run(TempTestSuite1563918963353.groovy:36)
"/>
         <system-out><![CDATA[2019-07-23 18:51:21 - [TEST_CASE][FAILED] - Test Cases/OCS - DESKTOP/OCS-COLLECTION PAGE/Pagination: Test Cases/OCS - DESKTOP/OCS-COLLECTION PAGE/Pagination FAILED.
Reason:
com.kms.katalon.core.exception.StepFailedException: Unable to click on object 'Object Repository/OCS-DESKTOP/Pagination_OR/Page_Pre-Rolled  Ontario Cannabis S/a_Next - down' (Root cause: com.kms.katalon.core.webui.exception.WebElementNotFoundException: Web element with id: 'Object Repository/OCS-DESKTOP/Pagination_OR/Page_Pre-Rolled  Ontario Cannabis S/a_Next - down' located by 'By.xpath: //div[@class='collection__products']//a[@class='js-page-link'][contains(text(),'Next')]' not found)
	at com.kms.katalon.core.keyword.internal.KeywordMain.stepFailed(KeywordMain.groovy:36)
	at com.kms.katalon.core.webui.keyword.internal.WebUIKeywordMain.stepFailed(WebUIKeywordMain.groovy:65)
	at com.kms.katalon.core.webui.keyword.internal.WebUIKeywordMain.runKeyword(WebUIKeywordMain.groovy:27)
	at com.kms.katalon.core.webui.keyword.builtin.ClickKeyword.click(ClickKeyword.groovy:86)
	at com.kms.katalon.core.webui.keyword.builtin.ClickKeyword.execute(ClickKeyword.groovy:67)
	at com.kms.katalon.core.keyword.internal.KeywordExecutor.executeKeywordForPlatform(KeywordExecutor.groovy:53)
	at com.kms.katalon.core.webui.keyword.WebUiBuiltInKeywords.click(WebUiBuiltInKeywords.groovy:616)
	at com.kms.katalon.core.webui.keyword.WebUiBuiltInKeywords$click$4.call(Unknown Source)
	at Pagination.run(Pagination:71)
	at com.kms.katalon.core.main.ScriptEngine.run(ScriptEngine.java:194)
	at com.kms.katalon.core.main.ScriptEngine.runScriptAsRawText(ScriptEngine.java:119)
	at com.kms.katalon.core.main.TestCaseExecutor.runScript(TestCaseExecutor.java:328)
	at com.kms.katalon.core.main.TestCaseExecutor.doExecute(TestCaseExecutor.java:319)
	at com.kms.katalon.core.main.TestCaseExecutor.processExecutionPhase(TestCaseExecutor.java:298)
	at com.kms.katalon.core.main.TestCaseExecutor.accessMainPhase(TestCaseExecutor.java:290)
	at com.kms.katalon.core.main.TestCaseExecutor.execute(TestCaseExecutor.java:224)
	at com.kms.katalon.core.main.TestSuiteExecutor.accessTestCaseMainPhase(TestSuiteExecutor.java:129)
	at com.kms.katalon.core.main.TestSuiteExecutor.accessTestSuiteMainPhase(TestSuiteExecutor.java:112)
	at com.kms.katalon.core.main.TestSuiteExecutor.execute(TestSuiteExecutor.java:81)
	at com.kms.katalon.core.main.TestCaseMain.startTestSuite(TestCaseMain.java:149)
	at com.kms.katalon.core.main.TestCaseMain$startTestSuite$0.call(Unknown Source)
	at TempTestSuite1563918963353.run(TempTestSuite1563918963353.groovy:36)


2019-07-23 18:51:21 - [TEST_STEP][PASSED] - callTestCase(findTestCase("OCS - DESKTOP/CALL- Age gate"), [:], STOP_ON_FAILURE): Call Test Case 'Test Cases/OCS - DESKTOP/CALL- Age gate' successfully

2019-07-23 18:51:21 - [TEST_CASE][PASSED] - Test Cases/OCS - DESKTOP/CALL- Age gate: Test Cases/OCS - DESKTOP/CALL- Age gate

2019-07-23 18:51:21 - [TEST_STEP][PASSED] - openBrowser(""): Browser is opened with url: ''

2019-07-23 18:51:21 - [MESSAGE][WARNING] - A browser is already opened. Closing browser and opening a new one

2019-07-23 18:51:21 - [MESSAGE][INFO] - Starting 'Chrome' driver

2019-07-23 18:51:22 - [MESSAGE][PASSED] - Browser is opened with url: ''

2019-07-23 18:51:22 - [TEST_STEP][PASSED] - navigateToUrl("https://ocs.ca/?fts=0&preview_theme_id=74209363788"): Navigate to 'https://ocs.ca/?fts=0&preview_theme_id=74209363788' successfully

2019-07-23 18:51:26 - [MESSAGE][PASSED] - Navigate to 'https://ocs.ca/?fts=0&preview_theme_id=74209363788' successfully

2019-07-23 18:51:26 - [TEST_STEP][PASSED] - maximizeWindow(): Current window maximized

2019-07-23 18:51:27 - [MESSAGE][PASSED] - Current window maximized

2019-07-23 18:51:27 - [TEST_STEP][PASSED] - delay(2): Delayed 2 second(s)

2019-07-23 18:51:29 - [MESSAGE][PASSED] - Delayed 2 second(s)

2019-07-23 18:51:29 - [TEST_STEP][PASSED] - executeJavaScript("var previewBar = document.getElementById("preview-bar-iframe"); previewBar.style.display = "none";", []): Execute JavaScript 'var previewBar = document.getElementById("preview-bar-iframe"); previewBar.style.display = "none";' successfully

2019-07-23 18:51:29 - [MESSAGE][PASSED] - Execute JavaScript 'var previewBar = document.getElementById("preview-bar-iframe"); previewBar.style.display = "none";' successfully

2019-07-23 18:51:29 - [TEST_STEP][PASSED] - selectOptionByValue(findTestObject("OCS-DESKTOP/Age gate and Mega menu/Date"), "12", true): All options with value '12' are selected in object 'Object Repository/OCS-DESKTOP/Age gate and Mega menu/Date'  using regular expression

2019-07-23 18:51:29 - [MESSAGE][PASSED] - All options with value '12' are selected in object 'Object Repository/OCS-DESKTOP/Age gate and Mega menu/Date'  using regular expression

2019-07-23 18:51:29 - [TEST_STEP][PASSED] - selectOptionByValue(findTestObject("OCS-DESKTOP/Age gate and Mega menu/month"), "6", true): All options with value '6' are selected in object 'Object Repository/OCS-DESKTOP/Age gate and Mega menu/month'  using regular expression

2019-07-23 18:51:29 - [MESSAGE][PASSED] - All options with value '6' are selected in object 'Object Repository/OCS-DESKTOP/Age gate and Mega menu/month'  using regular expression

2019-07-23 18:51:29 - [TEST_STEP][PASSED] - delay(2): Delayed 2 second(s)

2019-07-23 18:51:31 - [MESSAGE][PASSED] - Delayed 2 second(s)

2019-07-23 18:51:31 - [TEST_STEP][PASSED] - selectOptionByValue(findTestObject("OCS-DESKTOP/Age gate and Mega menu/Year Dropdown"), "1990", true): All options with value '1990' are selected in object 'Object Repository/OCS-DESKTOP/Age gate and Mega menu/Year Dropdown'  using regular expression

2019-07-23 18:51:32 - [MESSAGE][PASSED] - All options with value '1990' are selected in object 'Object Repository/OCS-DESKTOP/Age gate and Mega menu/Year Dropdown'  using regular expression

2019-07-23 18:51:32 - [TEST_STEP][PASSED] - click(findTestObject("OCS-DESKTOP/Age gate and Mega menu/button_Verify")): Object: 'Object Repository/OCS-DESKTOP/Age gate and Mega menu/button_Verify' is clicked on

2019-07-23 18:51:32 - [MESSAGE][PASSED] - Object: 'Object Repository/OCS-DESKTOP/Age gate and Mega menu/button_Verify' is clicked on

2019-07-23 18:51:32 - [TEST_STEP][PASSED] - click(findTestObject("OCS-DESKTOP/Age gate and Mega menu/Checkbox_CONFIRM AND ACKNOWLEDGE")): Object: 'Object Repository/OCS-DESKTOP/Age gate and Mega menu/Checkbox_CONFIRM AND ACKNOWLEDGE' is clicked on

2019-07-23 18:51:32 - [MESSAGE][PASSED] - Object: 'Object Repository/OCS-DESKTOP/Age gate and Mega menu/Checkbox_CONFIRM AND ACKNOWLEDGE' is clicked on

2019-07-23 18:51:32 - [TEST_STEP][PASSED] - click(findTestObject("OCS-DESKTOP/Age gate and Mega menu/button_CONFIRM")): Object: 'Object Repository/OCS-DESKTOP/Age gate and Mega menu/button_CONFIRM' is clicked on

2019-07-23 18:51:32 - [MESSAGE][PASSED] - Object: 'Object Repository/OCS-DESKTOP/Age gate and Mega menu/button_CONFIRM' is clicked on

2019-07-23 18:51:32 - [TEST_STEP][PASSED] - click(findTestObject("OCS-DESKTOP/Age gate and Mega menu/button_Start Browsing")): Object: 'Object Repository/OCS-DESKTOP/Age gate and Mega menu/button_Start Browsing' is clicked on

2019-07-23 18:51:33 - [MESSAGE][PASSED] - Object: 'Object Repository/OCS-DESKTOP/Age gate and Mega menu/button_Start Browsing' is clicked on

2019-07-23 18:51:33 - [TEST_STEP][PASSED] - delay(2): Delayed 2 second(s)

2019-07-23 18:51:35 - [MESSAGE][PASSED] - Delayed 2 second(s)

2019-07-23 18:51:35 - [TEST_STEP][PASSED] - refresh(): Refresh successfully

2019-07-23 18:51:35 - [MESSAGE][PASSED] - Refresh successfully

2019-07-23 18:51:35 - [MESSAGE][PASSED] - Call Test Case 'Test Cases/OCS - DESKTOP/CALL- Age gate' successfully

2019-07-23 18:51:35 - [TEST_STEP][PASSED] - click(findTestObject("OCS-DESKTOP/Age gate and Mega menu/Header/CANNABIS menu - English")): Object: 'Object Repository/OCS-DESKTOP/Age gate and Mega menu/Header/CANNABIS menu - English' is clicked on

2019-07-23 18:51:38 - [MESSAGE][PASSED] - Object: 'Object Repository/OCS-DESKTOP/Age gate and Mega menu/Header/CANNABIS menu - English' is clicked on

2019-07-23 18:51:38 - [TEST_STEP][PASSED] - delay(2): Delayed 2 second(s)

2019-07-23 18:51:40 - [MESSAGE][PASSED] - Delayed 2 second(s)

2019-07-23 18:51:40 - [TEST_STEP][PASSED] - click(findTestObject("OCS-DESKTOP/Cannabis page/Prerolled - Indica dominant")): Object: 'Object Repository/OCS-DESKTOP/Cannabis page/Prerolled - Indica dominant' is clicked on

2019-07-23 18:51:42 - [MESSAGE][PASSED] - Object: 'Object Repository/OCS-DESKTOP/Cannabis page/Prerolled - Indica dominant' is clicked on

2019-07-23 18:51:42 - [TEST_STEP][PASSED] - executeJavaScript("var previewBar = document.getElementById("preview-bar-iframe"); previewBar.style.display = "none";", []): Execute JavaScript 'var previewBar = document.getElementById("preview-bar-iframe"); previewBar.style.display = "none";' successfully

2019-07-23 18:51:42 - [MESSAGE][PASSED] - Execute JavaScript 'var previewBar = document.getElementById("preview-bar-iframe"); previewBar.style.display = "none";' successfully

2019-07-23 18:51:42 - [TEST_STEP][PASSED] - delay(2): Delayed 2 second(s)

2019-07-23 18:51:44 - [MESSAGE][PASSED] - Delayed 2 second(s)

2019-07-23 18:51:44 - [TEST_STEP][PASSED] - click(findTestObject("OCS-DESKTOP/Pagination_OR/Page_Pre-Rolled  Ontario Cannabis S/a_2")): Object: 'Object Repository/OCS-DESKTOP/Pagination_OR/Page_Pre-Rolled  Ontario Cannabis S/a_2' is clicked on

2019-07-23 18:51:44 - [MESSAGE][PASSED] - Object: 'Object Repository/OCS-DESKTOP/Pagination_OR/Page_Pre-Rolled  Ontario Cannabis S/a_2' is clicked on

2019-07-23 18:51:44 - [TEST_STEP][NOT_RUN] - delay(2): NOT_RUN: delay(2)

2019-07-23 18:51:44 - [MESSAGE][NOT_RUN] - NOT_RUN: delay(2)

2019-07-23 18:51:44 - [TEST_STEP][NOT_RUN] - scrollToPosition(570, 49): NOT_RUN: scrollToPosition(570, 49)

2019-07-23 18:51:44 - [MESSAGE][NOT_RUN] - NOT_RUN: scrollToPosition(570, 49)

2019-07-23 18:51:44 - [TEST_STEP][NOT_RUN] - click(findTestObject("COLLECTION PAGE _OR/Pagination_OR/Page_Pre-Rolled  Ontario Cannabis S/a_3"), STOP_ON_FAILURE): NOT_RUN: click(findTestObject("COLLECTION PAGE _OR/Pagination_OR/Page_Pre-Rolled  Ontario Cannabis S/a_3"), STOP_ON_FAILURE)

2019-07-23 18:51:44 - [MESSAGE][NOT_RUN] - NOT_RUN: click(findTestObject("COLLECTION PAGE _OR/Pagination_OR/Page_Pre-Rolled  Ontario Cannabis S/a_3"), STOP_ON_FAILURE)

2019-07-23 18:51:44 - [TEST_STEP][PASSED] - delay(2): Delayed 2 second(s)

2019-07-23 18:51:46 - [MESSAGE][PASSED] - Delayed 2 second(s)

2019-07-23 18:51:46 - [TEST_STEP][PASSED] - scrollToPosition(570, 49): Browser is scrolled to position x = 570, y = 49

2019-07-23 18:51:46 - [MESSAGE][PASSED] - Browser is scrolled to position x = 570, y = 49

2019-07-23 18:51:46 - [TEST_STEP][PASSED] - delay(2): Delayed 2 second(s)

2019-07-23 18:51:48 - [MESSAGE][PASSED] - Delayed 2 second(s)

2019-07-23 18:51:48 - [TEST_STEP][PASSED] - click(findTestObject("OCS-DESKTOP/Pagination_OR/Page_Pre-Rolled  Ontario Cannabis S/a_Previous")): Object: 'Object Repository/OCS-DESKTOP/Pagination_OR/Page_Pre-Rolled  Ontario Cannabis S/a_Previous' is clicked on

2019-07-23 18:51:48 - [MESSAGE][PASSED] - Object: 'Object Repository/OCS-DESKTOP/Pagination_OR/Page_Pre-Rolled  Ontario Cannabis S/a_Previous' is clicked on

2019-07-23 18:51:48 - [TEST_STEP][PASSED] - delay(2): Delayed 2 second(s)

2019-07-23 18:51:50 - [MESSAGE][PASSED] - Delayed 2 second(s)

2019-07-23 18:51:50 - [TEST_STEP][PASSED] - scrollToPosition(570, 49): Browser is scrolled to position x = 570, y = 49

2019-07-23 18:51:51 - [MESSAGE][PASSED] - Browser is scrolled to position x = 570, y = 49

2019-07-23 18:51:51 - [TEST_STEP][PASSED] - click(findTestObject("OCS-DESKTOP/Pagination_OR/Page_Pre-Rolled  Ontario Cannabis S/a_Next")): Object: 'Object Repository/OCS-DESKTOP/Pagination_OR/Page_Pre-Rolled  Ontario Cannabis S/a_Next' is clicked on

2019-07-23 18:51:51 - [MESSAGE][PASSED] - Object: 'Object Repository/OCS-DESKTOP/Pagination_OR/Page_Pre-Rolled  Ontario Cannabis S/a_Next' is clicked on

2019-07-23 18:51:51 - [TEST_STEP][PASSED] - delay(2): Delayed 2 second(s)

2019-07-23 18:51:53 - [MESSAGE][PASSED] - Delayed 2 second(s)

2019-07-23 18:51:53 - [TEST_STEP][PASSED] - executeJavaScript("var previewBar = document.getElementById("preview-bar-iframe"); previewBar.style.display = "none";", []): Execute JavaScript 'var previewBar = document.getElementById("preview-bar-iframe"); previewBar.style.display = "none";' successfully

2019-07-23 18:51:53 - [MESSAGE][PASSED] - Execute JavaScript 'var previewBar = document.getElementById("preview-bar-iframe"); previewBar.style.display = "none";' successfully

2019-07-23 18:51:53 - [TEST_STEP][PASSED] - click(findTestObject("OCS-DESKTOP/Pagination_OR/Page_Pre-Rolled  Ontario Cannabis S/a_What to consider")): Object: 'Object Repository/OCS-DESKTOP/Pagination_OR/Page_Pre-Rolled  Ontario Cannabis S/a_What to consider' is clicked on

2019-07-23 18:51:56 - [MESSAGE][PASSED] - Object: 'Object Repository/OCS-DESKTOP/Pagination_OR/Page_Pre-Rolled  Ontario Cannabis S/a_What to consider' is clicked on

2019-07-23 18:51:56 - [TEST_STEP][PASSED] - back(): Navigate back successfully

2019-07-23 18:51:58 - [MESSAGE][PASSED] - Navigate back successfully

2019-07-23 18:51:58 - [TEST_STEP][PASSED] - executeJavaScript("var previewBar = document.getElementById("preview-bar-iframe"); previewBar.style.display = "none";", []): Execute JavaScript 'var previewBar = document.getElementById("preview-bar-iframe"); previewBar.style.display = "none";' successfully

2019-07-23 18:51:58 - [MESSAGE][PASSED] - Execute JavaScript 'var previewBar = document.getElementById("preview-bar-iframe"); previewBar.style.display = "none";' successfully

2019-07-23 18:51:58 - [TEST_STEP][PASSED] - delay(4): Delayed 4 second(s)

2019-07-23 18:52:02 - [MESSAGE][PASSED] - Delayed 4 second(s)

2019-07-23 18:52:02 - [TEST_STEP][NOT_RUN] - click(findTestObject("OCS-DESKTOP/Pagination_OR/Page_Pre-Rolled  Ontario Cannabis S/a_Previous")): NOT_RUN: click(findTestObject("OCS-DESKTOP/Pagination_OR/Page_Pre-Rolled  Ontario Cannabis S/a_Previous"))

2019-07-23 18:52:02 - [MESSAGE][NOT_RUN] - NOT_RUN: click(findTestObject("OCS-DESKTOP/Pagination_OR/Page_Pre-Rolled  Ontario Cannabis S/a_Previous"))

2019-07-23 18:52:02 - [TEST_STEP][PASSED] - delay(2): Delayed 2 second(s)

2019-07-23 18:52:04 - [MESSAGE][PASSED] - Delayed 2 second(s)

2019-07-23 18:52:04 - [TEST_STEP][PASSED] - delay(2): Delayed 2 second(s)

2019-07-23 18:52:06 - [MESSAGE][PASSED] - Delayed 2 second(s)

2019-07-23 18:52:06 - [TEST_STEP][FAILED] - click(findTestObject("OCS-DESKTOP/Pagination_OR/Page_Pre-Rolled  Ontario Cannabis S/a_Next - down")): click(findTestObject("OCS-DESKTOP/Pagination_OR/Page_Pre-Rolled  Ontario Cannabis S/a_Next - down")) FAILED.
Reason:
com.kms.katalon.core.exception.StepFailedException: Unable to click on object 'Object Repository/OCS-DESKTOP/Pagination_OR/Page_Pre-Rolled  Ontario Cannabis S/a_Next - down' (Root cause: com.kms.katalon.core.webui.exception.WebElementNotFoundException: Web element with id: 'Object Repository/OCS-DESKTOP/Pagination_OR/Page_Pre-Rolled  Ontario Cannabis S/a_Next - down' located by 'By.xpath: //div[@class='collection__products']//a[@class='js-page-link'][contains(text(),'Next')]' not found)
	at com.kms.katalon.core.keyword.internal.KeywordMain.stepFailed(KeywordMain.groovy:36)
	at com.kms.katalon.core.webui.keyword.internal.WebUIKeywordMain.stepFailed(WebUIKeywordMain.groovy:65)
	at com.kms.katalon.core.webui.keyword.internal.WebUIKeywordMain.runKeyword(WebUIKeywordMain.groovy:27)
	at com.kms.katalon.core.webui.keyword.builtin.ClickKeyword.click(ClickKeyword.groovy:86)
	at com.kms.katalon.core.webui.keyword.builtin.ClickKeyword.execute(ClickKeyword.groovy:67)
	at com.kms.katalon.core.keyword.internal.KeywordExecutor.executeKeywordForPlatform(KeywordExecutor.groovy:53)
	at com.kms.katalon.core.webui.keyword.WebUiBuiltInKeywords.click(WebUiBuiltInKeywords.groovy:616)
	at com.kms.katalon.core.webui.keyword.WebUiBuiltInKeywords$click$4.call(Unknown Source)
	at Pagination.run(Pagination:71)
	at com.kms.katalon.core.main.ScriptEngine.run(ScriptEngine.java:194)
	at com.kms.katalon.core.main.ScriptEngine.runScriptAsRawText(ScriptEngine.java:119)
	at com.kms.katalon.core.main.TestCaseExecutor.runScript(TestCaseExecutor.java:328)
	at com.kms.katalon.core.main.TestCaseExecutor.doExecute(TestCaseExecutor.java:319)
	at com.kms.katalon.core.main.TestCaseExecutor.processExecutionPhase(TestCaseExecutor.java:298)
	at com.kms.katalon.core.main.TestCaseExecutor.accessMainPhase(TestCaseExecutor.java:290)
	at com.kms.katalon.core.main.TestCaseExecutor.execute(TestCaseExecutor.java:224)
	at com.kms.katalon.core.main.TestSuiteExecutor.accessTestCaseMainPhase(TestSuiteExecutor.java:129)
	at com.kms.katalon.core.main.TestSuiteExecutor.accessTestSuiteMainPhase(TestSuiteExecutor.java:112)
	at com.kms.katalon.core.main.TestSuiteExecutor.execute(TestSuiteExecutor.java:81)
	at com.kms.katalon.core.main.TestCaseMain.startTestSuite(TestCaseMain.java:149)
	at com.kms.katalon.core.main.TestCaseMain$startTestSuite$0.call(Unknown Source)
	at TempTestSuite1563918963353.run(TempTestSuite1563918963353.groovy:36)


2019-07-23 18:52:37 - [MESSAGE][INFO] - Unable to find the element located by 'By.xpath: //div[@class='collection__products']//a[@class='js-page-link'][contains(text(),'Next')]'. Please recheck the objects properties to make sure the desired element is located. 

2019-07-23 18:52:37 - [MESSAGE][FAILED] - Unable to click on object 'Object Repository/OCS-DESKTOP/Pagination_OR/Page_Pre-Rolled  Ontario Cannabis S/a_Next - down' (Root cause: com.kms.katalon.core.webui.exception.WebElementNotFoundException: Web element with id: 'Object Repository/OCS-DESKTOP/Pagination_OR/Page_Pre-Rolled  Ontario Cannabis S/a_Next - down' located by 'By.xpath: //div[@class='collection__products']//a[@class='js-page-link'][contains(text(),'Next')]' not found)
[[ATTACHMENT|/Users/sumankompelly/git/OCS--Relative-xpath-Desktop/Reports/Suite - Chrome/20190723_175603/1563922357009.png]]

2019-07-23 18:52:37 - [MESSAGE][FAILED] - click(findTestObject("OCS-DESKTOP/Pagination_OR/Page_Pre-Rolled  Ontario Cannabis S/a_Next - down")) FAILED.
Reason:
com.kms.katalon.core.exception.StepFailedException: Unable to click on object 'Object Repository/OCS-DESKTOP/Pagination_OR/Page_Pre-Rolled  Ontario Cannabis S/a_Next - down' (Root cause: com.kms.katalon.core.webui.exception.WebElementNotFoundException: Web element with id: 'Object Repository/OCS-DESKTOP/Pagination_OR/Page_Pre-Rolled  Ontario Cannabis S/a_Next - down' located by 'By.xpath: //div[@class='collection__products']//a[@class='js-page-link'][contains(text(),'Next')]' not found)
	at com.kms.katalon.core.keyword.internal.KeywordMain.stepFailed(KeywordMain.groovy:36)
	at com.kms.katalon.core.webui.keyword.internal.WebUIKeywordMain.stepFailed(WebUIKeywordMain.groovy:65)
	at com.kms.katalon.core.webui.keyword.internal.WebUIKeywordMain.runKeyword(WebUIKeywordMain.groovy:27)
	at com.kms.katalon.core.webui.keyword.builtin.ClickKeyword.click(ClickKeyword.groovy:86)
	at com.kms.katalon.core.webui.keyword.builtin.ClickKeyword.execute(ClickKeyword.groovy:67)
	at com.kms.katalon.core.keyword.internal.KeywordExecutor.executeKeywordForPlatform(KeywordExecutor.groovy:53)
	at com.kms.katalon.core.webui.keyword.WebUiBuiltInKeywords.click(WebUiBuiltInKeywords.groovy:616)
	at com.kms.katalon.core.webui.keyword.WebUiBuiltInKeywords$click$4.call(Unknown Source)
	at Pagination.run(Pagination:71)
	at com.kms.katalon.core.main.ScriptEngine.run(ScriptEngine.java:194)
	at com.kms.katalon.core.main.ScriptEngine.runScriptAsRawText(ScriptEngine.java:119)
	at com.kms.katalon.core.main.TestCaseExecutor.runScript(TestCaseExecutor.java:328)
	at com.kms.katalon.core.main.TestCaseExecutor.doExecute(TestCaseExecutor.java:319)
	at com.kms.katalon.core.main.TestCaseExecutor.processExecutionPhase(TestCaseExecutor.java:298)
	at com.kms.katalon.core.main.TestCaseExecutor.accessMainPhase(TestCaseExecutor.java:290)
	at com.kms.katalon.core.main.TestCaseExecutor.execute(TestCaseExecutor.java:224)
	at com.kms.katalon.core.main.TestSuiteExecutor.accessTestCaseMainPhase(TestSuiteExecutor.java:129)
	at com.kms.katalon.core.main.TestSuiteExecutor.accessTestSuiteMainPhase(TestSuiteExecutor.java:112)
	at com.kms.katalon.core.main.TestSuiteExecutor.execute(TestSuiteExecutor.java:81)
	at com.kms.katalon.core.main.TestCaseMain.startTestSuite(TestCaseMain.java:149)
	at com.kms.katalon.core.main.TestCaseMain$startTestSuite$0.call(Unknown Source)
	at TempTestSuite1563918963353.run(TempTestSuite1563918963353.groovy:36)]]></system-out>
         <system-err><![CDATA[2019-07-23 18:51:21 - [TEST_CASE][FAILED] - Test Cases/OCS - DESKTOP/OCS-COLLECTION PAGE/Pagination: Test Cases/OCS - DESKTOP/OCS-COLLECTION PAGE/Pagination FAILED.
Reason:
com.kms.katalon.core.exception.StepFailedException: Unable to click on object 'Object Repository/OCS-DESKTOP/Pagination_OR/Page_Pre-Rolled  Ontario Cannabis S/a_Next - down' (Root cause: com.kms.katalon.core.webui.exception.WebElementNotFoundException: Web element with id: 'Object Repository/OCS-DESKTOP/Pagination_OR/Page_Pre-Rolled  Ontario Cannabis S/a_Next - down' located by 'By.xpath: //div[@class='collection__products']//a[@class='js-page-link'][contains(text(),'Next')]' not found)
	at com.kms.katalon.core.keyword.internal.KeywordMain.stepFailed(KeywordMain.groovy:36)
	at com.kms.katalon.core.webui.keyword.internal.WebUIKeywordMain.stepFailed(WebUIKeywordMain.groovy:65)
	at com.kms.katalon.core.webui.keyword.internal.WebUIKeywordMain.runKeyword(WebUIKeywordMain.groovy:27)
	at com.kms.katalon.core.webui.keyword.builtin.ClickKeyword.click(ClickKeyword.groovy:86)
	at com.kms.katalon.core.webui.keyword.builtin.ClickKeyword.execute(ClickKeyword.groovy:67)
	at com.kms.katalon.core.keyword.internal.KeywordExecutor.executeKeywordForPlatform(KeywordExecutor.groovy:53)
	at com.kms.katalon.core.webui.keyword.WebUiBuiltInKeywords.click(WebUiBuiltInKeywords.groovy:616)
	at com.kms.katalon.core.webui.keyword.WebUiBuiltInKeywords$click$4.call(Unknown Source)
	at Pagination.run(Pagination:71)
	at com.kms.katalon.core.main.ScriptEngine.run(ScriptEngine.java:194)
	at com.kms.katalon.core.main.ScriptEngine.runScriptAsRawText(ScriptEngine.java:119)
	at com.kms.katalon.core.main.TestCaseExecutor.runScript(TestCaseExecutor.java:328)
	at com.kms.katalon.core.main.TestCaseExecutor.doExecute(TestCaseExecutor.java:319)
	at com.kms.katalon.core.main.TestCaseExecutor.processExecutionPhase(TestCaseExecutor.java:298)
	at com.kms.katalon.core.main.TestCaseExecutor.accessMainPhase(TestCaseExecutor.java:290)
	at com.kms.katalon.core.main.TestCaseExecutor.execute(TestCaseExecutor.java:224)
	at com.kms.katalon.core.main.TestSuiteExecutor.accessTestCaseMainPhase(TestSuiteExecutor.java:129)
	at com.kms.katalon.core.main.TestSuiteExecutor.accessTestSuiteMainPhase(TestSuiteExecutor.java:112)
	at com.kms.katalon.core.main.TestSuiteExecutor.execute(TestSuiteExecutor.java:81)
	at com.kms.katalon.core.main.TestCaseMain.startTestSuite(TestCaseMain.java:149)
	at com.kms.katalon.core.main.TestCaseMain$startTestSuite$0.call(Unknown Source)
	at TempTestSuite1563918963353.run(TempTestSuite1563918963353.groovy:36)]]></system-err>
      </testcase>
      <testcase name="Test Cases/OCS - DESKTOP/OCS-COLLECTION PAGE/What to consider" classname="Test Cases/OCS - DESKTOP/OCS-COLLECTION PAGE/What to consider" status="PASSED">
         <system-out><![CDATA[2019-07-23 18:52:37 - [TEST_CASE][PASSED] - Test Cases/OCS - DESKTOP/OCS-COLLECTION PAGE/What to consider: Test Cases/OCS - DESKTOP/OCS-COLLECTION PAGE/What to consider

2019-07-23 18:52:37 - [TEST_STEP][PASSED] - callTestCase(findTestCase("OCS - DESKTOP/CALL- Age gate"), [:], STOP_ON_FAILURE): Call Test Case 'Test Cases/OCS - DESKTOP/CALL- Age gate' successfully

2019-07-23 18:52:37 - [TEST_CASE][PASSED] - Test Cases/OCS - DESKTOP/CALL- Age gate: Test Cases/OCS - DESKTOP/CALL- Age gate

2019-07-23 18:52:37 - [TEST_STEP][PASSED] - openBrowser(""): Browser is opened with url: ''

2019-07-23 18:52:37 - [MESSAGE][WARNING] - A browser is already opened. Closing browser and opening a new one

2019-07-23 18:52:37 - [MESSAGE][INFO] - Starting 'Chrome' driver

2019-07-23 18:52:38 - [MESSAGE][PASSED] - Browser is opened with url: ''

2019-07-23 18:52:38 - [TEST_STEP][PASSED] - navigateToUrl("https://ocs.ca/?fts=0&preview_theme_id=74209363788"): Navigate to 'https://ocs.ca/?fts=0&preview_theme_id=74209363788' successfully

2019-07-23 18:52:42 - [MESSAGE][PASSED] - Navigate to 'https://ocs.ca/?fts=0&preview_theme_id=74209363788' successfully

2019-07-23 18:52:42 - [TEST_STEP][PASSED] - maximizeWindow(): Current window maximized

2019-07-23 18:52:43 - [MESSAGE][PASSED] - Current window maximized

2019-07-23 18:52:43 - [TEST_STEP][PASSED] - delay(2): Delayed 2 second(s)

2019-07-23 18:52:45 - [MESSAGE][PASSED] - Delayed 2 second(s)

2019-07-23 18:52:45 - [TEST_STEP][PASSED] - executeJavaScript("var previewBar = document.getElementById("preview-bar-iframe"); previewBar.style.display = "none";", []): Execute JavaScript 'var previewBar = document.getElementById("preview-bar-iframe"); previewBar.style.display = "none";' successfully

2019-07-23 18:52:45 - [MESSAGE][PASSED] - Execute JavaScript 'var previewBar = document.getElementById("preview-bar-iframe"); previewBar.style.display = "none";' successfully

2019-07-23 18:52:45 - [TEST_STEP][PASSED] - selectOptionByValue(findTestObject("OCS-DESKTOP/Age gate and Mega menu/Date"), "12", true): All options with value '12' are selected in object 'Object Repository/OCS-DESKTOP/Age gate and Mega menu/Date'  using regular expression

2019-07-23 18:52:45 - [MESSAGE][PASSED] - All options with value '12' are selected in object 'Object Repository/OCS-DESKTOP/Age gate and Mega menu/Date'  using regular expression

2019-07-23 18:52:45 - [TEST_STEP][PASSED] - selectOptionByValue(findTestObject("OCS-DESKTOP/Age gate and Mega menu/month"), "6", true): All options with value '6' are selected in object 'Object Repository/OCS-DESKTOP/Age gate and Mega menu/month'  using regular expression

2019-07-23 18:52:45 - [MESSAGE][PASSED] - All options with value '6' are selected in object 'Object Repository/OCS-DESKTOP/Age gate and Mega menu/month'  using regular expression

2019-07-23 18:52:45 - [TEST_STEP][PASSED] - delay(2): Delayed 2 second(s)

2019-07-23 18:52:47 - [MESSAGE][PASSED] - Delayed 2 second(s)

2019-07-23 18:52:47 - [TEST_STEP][PASSED] - selectOptionByValue(findTestObject("OCS-DESKTOP/Age gate and Mega menu/Year Dropdown"), "1990", true): All options with value '1990' are selected in object 'Object Repository/OCS-DESKTOP/Age gate and Mega menu/Year Dropdown'  using regular expression

2019-07-23 18:52:48 - [MESSAGE][PASSED] - All options with value '1990' are selected in object 'Object Repository/OCS-DESKTOP/Age gate and Mega menu/Year Dropdown'  using regular expression

2019-07-23 18:52:48 - [TEST_STEP][PASSED] - click(findTestObject("OCS-DESKTOP/Age gate and Mega menu/button_Verify")): Object: 'Object Repository/OCS-DESKTOP/Age gate and Mega menu/button_Verify' is clicked on

2019-07-23 18:52:49 - [MESSAGE][PASSED] - Object: 'Object Repository/OCS-DESKTOP/Age gate and Mega menu/button_Verify' is clicked on

2019-07-23 18:52:49 - [TEST_STEP][PASSED] - click(findTestObject("OCS-DESKTOP/Age gate and Mega menu/Checkbox_CONFIRM AND ACKNOWLEDGE")): Object: 'Object Repository/OCS-DESKTOP/Age gate and Mega menu/Checkbox_CONFIRM AND ACKNOWLEDGE' is clicked on

2019-07-23 18:52:49 - [MESSAGE][PASSED] - Object: 'Object Repository/OCS-DESKTOP/Age gate and Mega menu/Checkbox_CONFIRM AND ACKNOWLEDGE' is clicked on

2019-07-23 18:52:49 - [TEST_STEP][PASSED] - click(findTestObject("OCS-DESKTOP/Age gate and Mega menu/button_CONFIRM")): Object: 'Object Repository/OCS-DESKTOP/Age gate and Mega menu/button_CONFIRM' is clicked on

2019-07-23 18:52:49 - [MESSAGE][PASSED] - Object: 'Object Repository/OCS-DESKTOP/Age gate and Mega menu/button_CONFIRM' is clicked on

2019-07-23 18:52:49 - [TEST_STEP][PASSED] - click(findTestObject("OCS-DESKTOP/Age gate and Mega menu/button_Start Browsing")): Object: 'Object Repository/OCS-DESKTOP/Age gate and Mega menu/button_Start Browsing' is clicked on

2019-07-23 18:52:49 - [MESSAGE][PASSED] - Object: 'Object Repository/OCS-DESKTOP/Age gate and Mega menu/button_Start Browsing' is clicked on

2019-07-23 18:52:49 - [TEST_STEP][PASSED] - delay(2): Delayed 2 second(s)

2019-07-23 18:52:51 - [MESSAGE][PASSED] - Delayed 2 second(s)

2019-07-23 18:52:51 - [TEST_STEP][PASSED] - refresh(): Refresh successfully

2019-07-23 18:52:51 - [MESSAGE][PASSED] - Refresh successfully

2019-07-23 18:52:51 - [MESSAGE][PASSED] - Call Test Case 'Test Cases/OCS - DESKTOP/CALL- Age gate' successfully

2019-07-23 18:52:51 - [TEST_STEP][PASSED] - delay(2): Delayed 2 second(s)

2019-07-23 18:52:53 - [MESSAGE][PASSED] - Delayed 2 second(s)

2019-07-23 18:52:53 - [TEST_STEP][NOT_RUN] - click(findTestObject("OCS-MOBILE /Age gate and burger menu/Burger menu - English")): NOT_RUN: click(findTestObject("OCS-MOBILE /Age gate and burger menu/Burger menu - English"))

2019-07-23 18:52:53 - [MESSAGE][NOT_RUN] - NOT_RUN: click(findTestObject("OCS-MOBILE /Age gate and burger menu/Burger menu - English"))

2019-07-23 18:52:53 - [TEST_STEP][PASSED] - delay(2): Delayed 2 second(s)

2019-07-23 18:52:55 - [MESSAGE][PASSED] - Delayed 2 second(s)

2019-07-23 18:52:55 - [TEST_STEP][PASSED] - click(findTestObject("OCS-DESKTOP/Age gate and Mega menu/Chevron_Cannabis")): Object: 'Object Repository/OCS-DESKTOP/Age gate and Mega menu/Chevron_Cannabis' is clicked on

2019-07-23 18:52:55 - [MESSAGE][PASSED] - Object: 'Object Repository/OCS-DESKTOP/Age gate and Mega menu/Chevron_Cannabis' is clicked on

2019-07-23 18:52:55 - [TEST_STEP][PASSED] - delay(2): Delayed 2 second(s)

2019-07-23 18:52:57 - [MESSAGE][PASSED] - Delayed 2 second(s)

2019-07-23 18:52:57 - [TEST_STEP][PASSED] - click(findTestObject("OCS-DESKTOP/Cannabis page/Dried flower")): Object: 'Object Repository/OCS-DESKTOP/Cannabis page/Dried flower' is clicked on

2019-07-23 18:53:00 - [MESSAGE][PASSED] - Object: 'Object Repository/OCS-DESKTOP/Cannabis page/Dried flower' is clicked on

2019-07-23 18:53:00 - [TEST_STEP][PASSED] - delay(2): Delayed 2 second(s)

2019-07-23 18:53:02 - [MESSAGE][PASSED] - Delayed 2 second(s)

2019-07-23 18:53:02 - [TEST_STEP][NOT_RUN] - click(findTestObject("OCS-DESKTOP/Cannabis page/Dried flower - Indica dominant")): NOT_RUN: click(findTestObject("OCS-DESKTOP/Cannabis page/Dried flower - Indica dominant"))

2019-07-23 18:53:02 - [MESSAGE][NOT_RUN] - NOT_RUN: click(findTestObject("OCS-DESKTOP/Cannabis page/Dried flower - Indica dominant"))

2019-07-23 18:53:02 - [TEST_STEP][PASSED] - executeJavaScript("var previewBar = document.getElementById("preview-bar-iframe"); previewBar.style.display = "none";", []): Execute JavaScript 'var previewBar = document.getElementById("preview-bar-iframe"); previewBar.style.display = "none";' successfully

2019-07-23 18:53:02 - [MESSAGE][PASSED] - Execute JavaScript 'var previewBar = document.getElementById("preview-bar-iframe"); previewBar.style.display = "none";' successfully

2019-07-23 18:53:02 - [TEST_STEP][PASSED] - delay(2): Delayed 2 second(s)

2019-07-23 18:53:04 - [MESSAGE][PASSED] - Delayed 2 second(s)

2019-07-23 18:53:04 - [TEST_STEP][NOT_RUN] - click(findTestObject("OCS-DESKTOP/Collection page/loadmore")): NOT_RUN: click(findTestObject("OCS-DESKTOP/Collection page/loadmore"))

2019-07-23 18:53:04 - [MESSAGE][NOT_RUN] - NOT_RUN: click(findTestObject("OCS-DESKTOP/Collection page/loadmore"))

2019-07-23 18:53:04 - [TEST_STEP][PASSED] - delay(2): Delayed 2 second(s)

2019-07-23 18:53:06 - [MESSAGE][PASSED] - Delayed 2 second(s)

2019-07-23 18:53:06 - [TEST_STEP][PASSED] - click(findTestObject("OCS-DESKTOP/Collection page/What to consider")): Object: 'Object Repository/OCS-DESKTOP/Collection page/What to consider' is clicked on

2019-07-23 18:53:08 - [MESSAGE][PASSED] - Object: 'Object Repository/OCS-DESKTOP/Collection page/What to consider' is clicked on

2019-07-23 18:53:08 - [TEST_STEP][PASSED] - delay(2): Delayed 2 second(s)

2019-07-23 18:53:10 - [MESSAGE][PASSED] - Delayed 2 second(s)

2019-07-23 18:53:10 - [TEST_STEP][PASSED] - verifyTextPresent("Six things to know before deciding to consume cannabis.", false): Text 'Six things to know before deciding to consume cannabis.' is present on page 

2019-07-23 18:53:11 - [MESSAGE][PASSED] - Text 'Six things to know before deciding to consume cannabis.' is present on page]]></system-out>
         <system-err><![CDATA[]]></system-err>
      </testcase>
      <testcase name="Test Cases/OCS - DESKTOP/OCS-COLLECTION PAGE/Filter" classname="Test Cases/OCS - DESKTOP/OCS-COLLECTION PAGE/Filter" status="PASSED">
         <system-out><![CDATA[2019-07-23 18:53:11 - [TEST_CASE][PASSED] - Test Cases/OCS - DESKTOP/OCS-COLLECTION PAGE/Filter: Test Cases/OCS - DESKTOP/OCS-COLLECTION PAGE/Filter

2019-07-23 18:53:11 - [TEST_STEP][PASSED] - callTestCase(findTestCase("OCS - DESKTOP/CALL- Age gate"), [:], STOP_ON_FAILURE): Call Test Case 'Test Cases/OCS - DESKTOP/CALL- Age gate' successfully

2019-07-23 18:53:11 - [TEST_CASE][PASSED] - Test Cases/OCS - DESKTOP/CALL- Age gate: Test Cases/OCS - DESKTOP/CALL- Age gate

2019-07-23 18:53:11 - [TEST_STEP][PASSED] - openBrowser(""): Browser is opened with url: ''

2019-07-23 18:53:11 - [MESSAGE][WARNING] - A browser is already opened. Closing browser and opening a new one

2019-07-23 18:53:11 - [MESSAGE][INFO] - Starting 'Chrome' driver

2019-07-23 18:53:12 - [MESSAGE][PASSED] - Browser is opened with url: ''

2019-07-23 18:53:12 - [TEST_STEP][PASSED] - navigateToUrl("https://ocs.ca/?fts=0&preview_theme_id=74209363788"): Navigate to 'https://ocs.ca/?fts=0&preview_theme_id=74209363788' successfully

2019-07-23 18:53:19 - [MESSAGE][PASSED] - Navigate to 'https://ocs.ca/?fts=0&preview_theme_id=74209363788' successfully

2019-07-23 18:53:19 - [TEST_STEP][PASSED] - maximizeWindow(): Current window maximized

2019-07-23 18:53:19 - [MESSAGE][PASSED] - Current window maximized

2019-07-23 18:53:19 - [TEST_STEP][PASSED] - delay(2): Delayed 2 second(s)

2019-07-23 18:53:21 - [MESSAGE][PASSED] - Delayed 2 second(s)

2019-07-23 18:53:21 - [TEST_STEP][PASSED] - executeJavaScript("var previewBar = document.getElementById("preview-bar-iframe"); previewBar.style.display = "none";", []): Execute JavaScript 'var previewBar = document.getElementById("preview-bar-iframe"); previewBar.style.display = "none";' successfully

2019-07-23 18:53:21 - [MESSAGE][PASSED] - Execute JavaScript 'var previewBar = document.getElementById("preview-bar-iframe"); previewBar.style.display = "none";' successfully

2019-07-23 18:53:21 - [TEST_STEP][PASSED] - selectOptionByValue(findTestObject("OCS-DESKTOP/Age gate and Mega menu/Date"), "12", true): All options with value '12' are selected in object 'Object Repository/OCS-DESKTOP/Age gate and Mega menu/Date'  using regular expression

2019-07-23 18:53:22 - [MESSAGE][PASSED] - All options with value '12' are selected in object 'Object Repository/OCS-DESKTOP/Age gate and Mega menu/Date'  using regular expression

2019-07-23 18:53:22 - [TEST_STEP][PASSED] - selectOptionByValue(findTestObject("OCS-DESKTOP/Age gate and Mega menu/month"), "6", true): All options with value '6' are selected in object 'Object Repository/OCS-DESKTOP/Age gate and Mega menu/month'  using regular expression

2019-07-23 18:53:22 - [MESSAGE][PASSED] - All options with value '6' are selected in object 'Object Repository/OCS-DESKTOP/Age gate and Mega menu/month'  using regular expression

2019-07-23 18:53:22 - [TEST_STEP][PASSED] - delay(2): Delayed 2 second(s)

2019-07-23 18:53:24 - [MESSAGE][PASSED] - Delayed 2 second(s)

2019-07-23 18:53:24 - [TEST_STEP][PASSED] - selectOptionByValue(findTestObject("OCS-DESKTOP/Age gate and Mega menu/Year Dropdown"), "1990", true): All options with value '1990' are selected in object 'Object Repository/OCS-DESKTOP/Age gate and Mega menu/Year Dropdown'  using regular expression

2019-07-23 18:53:25 - [MESSAGE][PASSED] - All options with value '1990' are selected in object 'Object Repository/OCS-DESKTOP/Age gate and Mega menu/Year Dropdown'  using regular expression

2019-07-23 18:53:25 - [TEST_STEP][PASSED] - click(findTestObject("OCS-DESKTOP/Age gate and Mega menu/button_Verify")): Object: 'Object Repository/OCS-DESKTOP/Age gate and Mega menu/button_Verify' is clicked on

2019-07-23 18:53:25 - [MESSAGE][PASSED] - Object: 'Object Repository/OCS-DESKTOP/Age gate and Mega menu/button_Verify' is clicked on

2019-07-23 18:53:25 - [TEST_STEP][PASSED] - click(findTestObject("OCS-DESKTOP/Age gate and Mega menu/Checkbox_CONFIRM AND ACKNOWLEDGE")): Object: 'Object Repository/OCS-DESKTOP/Age gate and Mega menu/Checkbox_CONFIRM AND ACKNOWLEDGE' is clicked on

2019-07-23 18:53:25 - [MESSAGE][PASSED] - Object: 'Object Repository/OCS-DESKTOP/Age gate and Mega menu/Checkbox_CONFIRM AND ACKNOWLEDGE' is clicked on

2019-07-23 18:53:25 - [TEST_STEP][PASSED] - click(findTestObject("OCS-DESKTOP/Age gate and Mega menu/button_CONFIRM")): Object: 'Object Repository/OCS-DESKTOP/Age gate and Mega menu/button_CONFIRM' is clicked on

2019-07-23 18:53:25 - [MESSAGE][PASSED] - Object: 'Object Repository/OCS-DESKTOP/Age gate and Mega menu/button_CONFIRM' is clicked on

2019-07-23 18:53:25 - [TEST_STEP][PASSED] - click(findTestObject("OCS-DESKTOP/Age gate and Mega menu/button_Start Browsing")): Object: 'Object Repository/OCS-DESKTOP/Age gate and Mega menu/button_Start Browsing' is clicked on

2019-07-23 18:53:25 - [MESSAGE][PASSED] - Object: 'Object Repository/OCS-DESKTOP/Age gate and Mega menu/button_Start Browsing' is clicked on

2019-07-23 18:53:25 - [TEST_STEP][PASSED] - delay(2): Delayed 2 second(s)

2019-07-23 18:53:27 - [MESSAGE][PASSED] - Delayed 2 second(s)

2019-07-23 18:53:27 - [TEST_STEP][PASSED] - refresh(): Refresh successfully

2019-07-23 18:53:27 - [MESSAGE][PASSED] - Refresh successfully

2019-07-23 18:53:27 - [MESSAGE][PASSED] - Call Test Case 'Test Cases/OCS - DESKTOP/CALL- Age gate' successfully

2019-07-23 18:53:27 - [TEST_STEP][NOT_RUN] - click(findTestObject("OCS-MOBILE /Age gate and burger menu/Burger menu - English")): NOT_RUN: click(findTestObject("OCS-MOBILE /Age gate and burger menu/Burger menu - English"))

2019-07-23 18:53:27 - [MESSAGE][NOT_RUN] - NOT_RUN: click(findTestObject("OCS-MOBILE /Age gate and burger menu/Burger menu - English"))

2019-07-23 18:53:27 - [TEST_STEP][PASSED] - delay(2): Delayed 2 second(s)

2019-07-23 18:53:29 - [MESSAGE][PASSED] - Delayed 2 second(s)

2019-07-23 18:53:29 - [TEST_STEP][PASSED] - click(findTestObject("OCS-DESKTOP/Age gate and Mega menu/Chevron_Cannabis")): Object: 'Object Repository/OCS-DESKTOP/Age gate and Mega menu/Chevron_Cannabis' is clicked on

2019-07-23 18:53:30 - [MESSAGE][PASSED] - Object: 'Object Repository/OCS-DESKTOP/Age gate and Mega menu/Chevron_Cannabis' is clicked on

2019-07-23 18:53:30 - [TEST_STEP][PASSED] - delay(1): Delayed 1 second(s)

2019-07-23 18:53:31 - [MESSAGE][PASSED] - Delayed 1 second(s)

2019-07-23 18:53:31 - [TEST_STEP][PASSED] - click(findTestObject("OCS-DESKTOP/Cannabis page/Dried flower")): Object: 'Object Repository/OCS-DESKTOP/Cannabis page/Dried flower' is clicked on

2019-07-23 18:53:34 - [MESSAGE][PASSED] - Object: 'Object Repository/OCS-DESKTOP/Cannabis page/Dried flower' is clicked on

2019-07-23 18:53:34 - [TEST_STEP][PASSED] - delay(1): Delayed 1 second(s)

2019-07-23 18:53:35 - [MESSAGE][PASSED] - Delayed 1 second(s)

2019-07-23 18:53:35 - [TEST_STEP][NOT_RUN] - click(findTestObject("OCS-DESKTOP/Cannabis page/Dried flower - Indica dominant")): NOT_RUN: click(findTestObject("OCS-DESKTOP/Cannabis page/Dried flower - Indica dominant"))

2019-07-23 18:53:35 - [MESSAGE][NOT_RUN] - NOT_RUN: click(findTestObject("OCS-DESKTOP/Cannabis page/Dried flower - Indica dominant"))

2019-07-23 18:53:35 - [TEST_STEP][PASSED] - delay(1): Delayed 1 second(s)

2019-07-23 18:53:36 - [MESSAGE][PASSED] - Delayed 1 second(s)

2019-07-23 18:53:36 - [TEST_STEP][PASSED] - click(findTestObject("OCS-DESKTOP/Filter flyout/Filter option")): Object: 'Object Repository/OCS-DESKTOP/Filter flyout/Filter option' is clicked on

2019-07-23 18:53:36 - [MESSAGE][PASSED] - Object: 'Object Repository/OCS-DESKTOP/Filter flyout/Filter option' is clicked on

2019-07-23 18:53:36 - [TEST_STEP][PASSED] - delay(2): Delayed 2 second(s)

2019-07-23 18:53:38 - [MESSAGE][PASSED] - Delayed 2 second(s)

2019-07-23 18:53:38 - [TEST_STEP][PASSED] - mouseOver(findTestObject("OCS-DESKTOP/Filter flyout/THC - CBD Tool tip")): Object: 'Object Repository/OCS-DESKTOP/Filter flyout/THC - CBD Tool tip' is hovered

2019-07-23 18:53:38 - [MESSAGE][PASSED] - Object: 'Object Repository/OCS-DESKTOP/Filter flyout/THC - CBD Tool tip' is hovered

2019-07-23 18:53:38 - [TEST_STEP][PASSED] - click(findTestObject("OCS-DESKTOP/Filter flyout/Click element outside")): Object: 'Object Repository/OCS-DESKTOP/Filter flyout/Click element outside' is clicked on

2019-07-23 18:53:38 - [MESSAGE][PASSED] - Object: 'Object Repository/OCS-DESKTOP/Filter flyout/Click element outside' is clicked on

2019-07-23 18:53:38 - [TEST_STEP][PASSED] - delay(2): Delayed 2 second(s)

2019-07-23 18:53:40 - [MESSAGE][PASSED] - Delayed 2 second(s)

2019-07-23 18:53:40 - [TEST_STEP][PASSED] - click(findTestObject("OCS-DESKTOP/Filter flyout/THC CBD plus accordian")): Object: 'Object Repository/OCS-DESKTOP/Filter flyout/THC CBD plus accordian' is clicked on

2019-07-23 18:53:41 - [MESSAGE][PASSED] - Object: 'Object Repository/OCS-DESKTOP/Filter flyout/THC CBD plus accordian' is clicked on

2019-07-23 18:53:41 - [TEST_STEP][PASSED] - delay(2): Delayed 2 second(s)

2019-07-23 18:53:43 - [MESSAGE][PASSED] - Delayed 2 second(s)

2019-07-23 18:53:43 - [TEST_STEP][PASSED] - click(findTestObject("OCS-DESKTOP/Filter flyout/THC - CBD Subtract accordian")): Object: 'Object Repository/OCS-DESKTOP/Filter flyout/THC - CBD Subtract accordian' is clicked on

2019-07-23 18:53:43 - [MESSAGE][PASSED] - Object: 'Object Repository/OCS-DESKTOP/Filter flyout/THC - CBD Subtract accordian' is clicked on

2019-07-23 18:53:43 - [TEST_STEP][PASSED] - delay(2): Delayed 2 second(s)

2019-07-23 18:53:45 - [MESSAGE][PASSED] - Delayed 2 second(s)

2019-07-23 18:53:45 - [TEST_STEP][PASSED] - click(findTestObject("OCS-DESKTOP/Filter flyout/THC CBD plus accordian")): Object: 'Object Repository/OCS-DESKTOP/Filter flyout/THC CBD plus accordian' is clicked on

2019-07-23 18:53:45 - [MESSAGE][PASSED] - Object: 'Object Repository/OCS-DESKTOP/Filter flyout/THC CBD plus accordian' is clicked on

2019-07-23 18:53:45 - [TEST_STEP][NOT_RUN] - click(findTestObject("OCS-MOBILE /Filter flyout/div_18.00")): NOT_RUN: click(findTestObject("OCS-MOBILE /Filter flyout/div_18.00"))

2019-07-23 18:53:45 - [MESSAGE][NOT_RUN] - NOT_RUN: click(findTestObject("OCS-MOBILE /Filter flyout/div_18.00"))

2019-07-23 18:53:45 - [TEST_STEP][NOT_RUN] - delay(2): NOT_RUN: delay(2)

2019-07-23 18:53:45 - [MESSAGE][NOT_RUN] - NOT_RUN: delay(2)

2019-07-23 18:53:45 - [TEST_STEP][NOT_RUN] - click(findTestObject("OCS-MOBILE /Filter flyout/div_25.00")): NOT_RUN: click(findTestObject("OCS-MOBILE /Filter flyout/div_25.00"))

2019-07-23 18:53:45 - [MESSAGE][NOT_RUN] - NOT_RUN: click(findTestObject("OCS-MOBILE /Filter flyout/div_25.00"))

2019-07-23 18:53:45 - [TEST_STEP][NOT_RUN] - delay(2): NOT_RUN: delay(2)

2019-07-23 18:53:45 - [MESSAGE][NOT_RUN] - NOT_RUN: delay(2)

2019-07-23 18:53:45 - [TEST_STEP][NOT_RUN] - click(findTestObject("OCS-MOBILE /Filter flyout/div_14.00")): NOT_RUN: click(findTestObject("OCS-MOBILE /Filter flyout/div_14.00"))

2019-07-23 18:53:45 - [MESSAGE][NOT_RUN] - NOT_RUN: click(findTestObject("OCS-MOBILE /Filter flyout/div_14.00"))

2019-07-23 18:53:45 - [TEST_STEP][NOT_RUN] - delay(2): NOT_RUN: delay(2)

2019-07-23 18:53:45 - [MESSAGE][NOT_RUN] - NOT_RUN: delay(2)

2019-07-23 18:53:45 - [TEST_STEP][NOT_RUN] - click(findTestObject("OCS-MOBILE /Filter flyout/div_19.00")): NOT_RUN: click(findTestObject("OCS-MOBILE /Filter flyout/div_19.00"))

2019-07-23 18:53:45 - [MESSAGE][NOT_RUN] - NOT_RUN: click(findTestObject("OCS-MOBILE /Filter flyout/div_19.00"))

2019-07-23 18:53:45 - [TEST_STEP][PASSED] - delay(2): Delayed 2 second(s)

2019-07-23 18:53:47 - [MESSAGE][PASSED] - Delayed 2 second(s)

2019-07-23 18:53:47 - [TEST_STEP][NOT_RUN] - click(findTestObject("OCS-MOBILE /Filter flyout/Learn More About THC CBD")): NOT_RUN: click(findTestObject("OCS-MOBILE /Filter flyout/Learn More About THC CBD"))

2019-07-23 18:53:47 - [MESSAGE][NOT_RUN] - NOT_RUN: click(findTestObject("OCS-MOBILE /Filter flyout/Learn More About THC CBD"))

2019-07-23 18:53:47 - [TEST_STEP][PASSED] - delay(4): Delayed 4 second(s)

2019-07-23 18:53:51 - [MESSAGE][PASSED] - Delayed 4 second(s)

2019-07-23 18:53:51 - [TEST_STEP][NOT_RUN] - callTestCase(findTestCase("OCS - MOBILE/OCS-COLLECTION PAGE/calling test case"), [:], STOP_ON_FAILURE): NOT_RUN: callTestCase(findTestCase("OCS - MOBILE/OCS-COLLECTION PAGE/calling test case"), [:], STOP_ON_FAILURE)

2019-07-23 18:53:51 - [MESSAGE][NOT_RUN] - NOT_RUN: callTestCase(findTestCase("OCS - MOBILE/OCS-COLLECTION PAGE/calling test case"), [:], STOP_ON_FAILURE)

2019-07-23 18:53:51 - [TEST_STEP][NOT_RUN] - click(findTestObject("OCS-MOBILE /Filter flyout/Filter option")): NOT_RUN: click(findTestObject("OCS-MOBILE /Filter flyout/Filter option"))

2019-07-23 18:53:51 - [MESSAGE][NOT_RUN] - NOT_RUN: click(findTestObject("OCS-MOBILE /Filter flyout/Filter option"))

2019-07-23 18:53:51 - [TEST_STEP][PASSED] - click(findTestObject("OCS-DESKTOP/Filter flyout/Plant type tooltip")): Object: 'Object Repository/OCS-DESKTOP/Filter flyout/Plant type tooltip' is clicked on

2019-07-23 18:53:51 - [MESSAGE][PASSED] - Object: 'Object Repository/OCS-DESKTOP/Filter flyout/Plant type tooltip' is clicked on

2019-07-23 18:53:51 - [TEST_STEP][PASSED] - delay(2): Delayed 2 second(s)

2019-07-23 18:53:53 - [MESSAGE][PASSED] - Delayed 2 second(s)

2019-07-23 18:53:53 - [TEST_STEP][PASSED] - click(findTestObject("OCS-DESKTOP/Filter flyout/Click element outside")): Object: 'Object Repository/OCS-DESKTOP/Filter flyout/Click element outside' is clicked on

2019-07-23 18:53:53 - [MESSAGE][PASSED] - Object: 'Object Repository/OCS-DESKTOP/Filter flyout/Click element outside' is clicked on

2019-07-23 18:53:53 - [TEST_STEP][PASSED] - click(findTestObject("OCS-DESKTOP/Filter flyout/Plant type plus accordian")): Object: 'Object Repository/OCS-DESKTOP/Filter flyout/Plant type plus accordian' is clicked on

2019-07-23 18:53:53 - [MESSAGE][PASSED] - Object: 'Object Repository/OCS-DESKTOP/Filter flyout/Plant type plus accordian' is clicked on

2019-07-23 18:53:53 - [TEST_STEP][PASSED] - delay(1): Delayed 1 second(s)

2019-07-23 18:53:54 - [MESSAGE][PASSED] - Delayed 1 second(s)

2019-07-23 18:53:54 - [TEST_STEP][PASSED] - click(findTestObject("OCS-DESKTOP/Filter flyout/Plant type subtract accordian")): Object: 'Object Repository/OCS-DESKTOP/Filter flyout/Plant type subtract accordian' is clicked on

2019-07-23 18:53:54 - [MESSAGE][PASSED] - Object: 'Object Repository/OCS-DESKTOP/Filter flyout/Plant type subtract accordian' is clicked on

2019-07-23 18:53:54 - [TEST_STEP][PASSED] - delay(1): Delayed 1 second(s)

2019-07-23 18:53:55 - [MESSAGE][PASSED] - Delayed 1 second(s)

2019-07-23 18:53:55 - [TEST_STEP][PASSED] - click(findTestObject("OCS-DESKTOP/Filter flyout/Plant type plus accordian")): Object: 'Object Repository/OCS-DESKTOP/Filter flyout/Plant type plus accordian' is clicked on

2019-07-23 18:53:55 - [MESSAGE][PASSED] - Object: 'Object Repository/OCS-DESKTOP/Filter flyout/Plant type plus accordian' is clicked on

2019-07-23 18:53:55 - [TEST_STEP][PASSED] - delay(2): Delayed 2 second(s)

2019-07-23 18:53:57 - [MESSAGE][PASSED] - Delayed 2 second(s)

2019-07-23 18:53:57 - [TEST_STEP][PASSED] - click(findTestObject("OCS-DESKTOP/Filter flyout/Indica Dominant")): Object: 'Object Repository/OCS-DESKTOP/Filter flyout/Indica Dominant' is clicked on

2019-07-23 18:53:57 - [MESSAGE][PASSED] - Object: 'Object Repository/OCS-DESKTOP/Filter flyout/Indica Dominant' is clicked on

2019-07-23 18:53:57 - [TEST_STEP][PASSED] - delay(2): Delayed 2 second(s)

2019-07-23 18:53:59 - [MESSAGE][PASSED] - Delayed 2 second(s)

2019-07-23 18:53:59 - [TEST_STEP][PASSED] - click(findTestObject("OCS-DESKTOP/Filter flyout/Sativa Dominant")): Object: 'Object Repository/OCS-DESKTOP/Filter flyout/Sativa Dominant' is clicked on

2019-07-23 18:53:59 - [MESSAGE][PASSED] - Object: 'Object Repository/OCS-DESKTOP/Filter flyout/Sativa Dominant' is clicked on

2019-07-23 18:53:59 - [TEST_STEP][PASSED] - delay(2): Delayed 2 second(s)

2019-07-23 18:54:01 - [MESSAGE][PASSED] - Delayed 2 second(s)

2019-07-23 18:54:01 - [TEST_STEP][PASSED] - click(findTestObject("OCS-DESKTOP/Filter flyout/Hybrid")): Object: 'Object Repository/OCS-DESKTOP/Filter flyout/Hybrid' is clicked on

2019-07-23 18:54:01 - [MESSAGE][PASSED] - Object: 'Object Repository/OCS-DESKTOP/Filter flyout/Hybrid' is clicked on

2019-07-23 18:54:01 - [TEST_STEP][PASSED] - delay(2): Delayed 2 second(s)

2019-07-23 18:54:03 - [MESSAGE][PASSED] - Delayed 2 second(s)

2019-07-23 18:54:03 - [TEST_STEP][PASSED] - click(findTestObject("OCS-DESKTOP/Filter flyout/Blend")): Object: 'Object Repository/OCS-DESKTOP/Filter flyout/Blend' is clicked on

2019-07-23 18:54:03 - [MESSAGE][PASSED] - Object: 'Object Repository/OCS-DESKTOP/Filter flyout/Blend' is clicked on

2019-07-23 18:54:03 - [TEST_STEP][PASSED] - delay(2): Delayed 2 second(s)

2019-07-23 18:54:05 - [MESSAGE][PASSED] - Delayed 2 second(s)

2019-07-23 18:54:05 - [TEST_STEP][NOT_RUN] - click(findTestObject("Object Repository/COLLECTION PAGE _OR/Filter_OR/Page_Pre-Rolled  Ontario Cannabis S/label_Sativa Dominant")): NOT_RUN: click(findTestObject("Object Repository/COLLECTION PAGE _OR/Filter_OR/Page_Pre-Rolled  Ontario Cannabis S/label_Sativa Dominant"))

2019-07-23 18:54:05 - [MESSAGE][NOT_RUN] - NOT_RUN: click(findTestObject("Object Repository/COLLECTION PAGE _OR/Filter_OR/Page_Pre-Rolled  Ontario Cannabis S/label_Sativa Dominant"))

2019-07-23 18:54:05 - [TEST_STEP][NOT_RUN] - delay(2): NOT_RUN: delay(2)

2019-07-23 18:54:05 - [MESSAGE][NOT_RUN] - NOT_RUN: delay(2)

2019-07-23 18:54:05 - [TEST_STEP][NOT_RUN] - click(findTestObject("Object Repository/COLLECTION PAGE _OR/Filter_OR/Page_Pre-Rolled  Ontario Cannabis S/label_Hybrid")): NOT_RUN: click(findTestObject("Object Repository/COLLECTION PAGE _OR/Filter_OR/Page_Pre-Rolled  Ontario Cannabis S/label_Hybrid"))

2019-07-23 18:54:05 - [MESSAGE][NOT_RUN] - NOT_RUN: click(findTestObject("Object Repository/COLLECTION PAGE _OR/Filter_OR/Page_Pre-Rolled  Ontario Cannabis S/label_Hybrid"))

2019-07-23 18:54:05 - [TEST_STEP][NOT_RUN] - delay(2): NOT_RUN: delay(2)

2019-07-23 18:54:05 - [MESSAGE][NOT_RUN] - NOT_RUN: delay(2)

2019-07-23 18:54:05 - [TEST_STEP][NOT_RUN] - click(findTestObject("Object Repository/COLLECTION PAGE _OR/Filter_OR/Page_Pre-Rolled  Ontario Cannabis S/label_Blend")): NOT_RUN: click(findTestObject("Object Repository/COLLECTION PAGE _OR/Filter_OR/Page_Pre-Rolled  Ontario Cannabis S/label_Blend"))

2019-07-23 18:54:05 - [MESSAGE][NOT_RUN] - NOT_RUN: click(findTestObject("Object Repository/COLLECTION PAGE _OR/Filter_OR/Page_Pre-Rolled  Ontario Cannabis S/label_Blend"))

2019-07-23 18:54:05 - [TEST_STEP][NOT_RUN] - delay(2): NOT_RUN: delay(2)

2019-07-23 18:54:05 - [MESSAGE][NOT_RUN] - NOT_RUN: delay(2)

2019-07-23 18:54:05 - [TEST_STEP][NOT_RUN] - click(findTestObject("OCS-MOBILE /Filter flyout/Learn More About Plant Type")): NOT_RUN: click(findTestObject("OCS-MOBILE /Filter flyout/Learn More About Plant Type"))

2019-07-23 18:54:05 - [MESSAGE][NOT_RUN] - NOT_RUN: click(findTestObject("OCS-MOBILE /Filter flyout/Learn More About Plant Type"))

2019-07-23 18:54:05 - [TEST_STEP][NOT_RUN] - delay(2): NOT_RUN: delay(2)

2019-07-23 18:54:05 - [MESSAGE][NOT_RUN] - NOT_RUN: delay(2)

2019-07-23 18:54:05 - [TEST_STEP][NOT_RUN] - callTestCase(findTestCase("OCS - MOBILE/OCS-COLLECTION PAGE/calling test case"), [:], STOP_ON_FAILURE): NOT_RUN: callTestCase(findTestCase("OCS - MOBILE/OCS-COLLECTION PAGE/calling test case"), [:], STOP_ON_FAILURE)

2019-07-23 18:54:05 - [MESSAGE][NOT_RUN] - NOT_RUN: callTestCase(findTestCase("OCS - MOBILE/OCS-COLLECTION PAGE/calling test case"), [:], STOP_ON_FAILURE)

2019-07-23 18:54:05 - [TEST_STEP][PASSED] - click(findTestObject("OCS-DESKTOP/Filter flyout/Plant type subtract accordian")): Object: 'Object Repository/OCS-DESKTOP/Filter flyout/Plant type subtract accordian' is clicked on

2019-07-23 18:54:05 - [MESSAGE][PASSED] - Object: 'Object Repository/OCS-DESKTOP/Filter flyout/Plant type subtract accordian' is clicked on

2019-07-23 18:54:05 - [TEST_STEP][PASSED] - delay(1): Delayed 1 second(s)

2019-07-23 18:54:06 - [MESSAGE][PASSED] - Delayed 1 second(s)

2019-07-23 18:54:06 - [TEST_STEP][PASSED] - click(findTestObject("OCS-DESKTOP/Filter flyout/Filter option"), OPTIONAL): Unable to click on object 'Object Repository/OCS-DESKTOP/Filter flyout/Filter option' (Root cause: org.openqa.selenium.WebDriverException: unknown error: Element <a data-flyout="#flyout--filters" tabindex="0">...</a> is not clickable at point (1597, 370). Other element would receive the click: <p class="filter__group--description">...</p>
  (Session info: chrome=75.0.3770.142)
  (Driver info: chromedriver=2.43.600229 (3fae4d0cda5334b4f533bede5a4787f7b832d052),platform=Mac OS X 10.13.6 x86_64) (WARNING: The server did not provide any stacktrace information)
Command duration or timeout: 0 milliseconds
Build info: version: '3.7.1', revision: '8a0099a', time: '2017-11-06T21:07:36.161Z'
System info: host: 'sumans-MacBook-Pro.local', ip: 'fe80:0:0:0:1c1a:e441:9b49:e629%en0', os.name: 'Mac OS X', os.arch: 'x86_64', os.version: '10.13.6', java.version: '1.8.0_181'
Driver info: com.kms.katalon.selenium.driver.CChromeDriver
Capabilities {acceptInsecureCerts: false, acceptSslCerts: false, applicationCacheEnabled: false, browserConnectionEnabled: false, browserName: chrome, chrome: {chromedriverVersion: 2.43.600229 (3fae4d0cda5334..., userDataDir: /var/folders/1t/c55l8xzs6gq...}, cssSelectorsEnabled: true, databaseEnabled: false, goog:chromeOptions: {debuggerAddress: localhost:56000}, handlesAlerts: true, hasTouchScreen: false, javascriptEnabled: true, locationContextEnabled: true, mobileEmulationEnabled: false, nativeEvents: true, networkConnectionEnabled: false, pageLoadStrategy: normal, platform: MAC, platformName: MAC, rotatable: false, setWindowRect: true, takesHeapSnapshot: true, takesScreenshot: true, unexpectedAlertBehaviour: , unhandledPromptBehavior: , version: 75.0.3770.142, webStorageEnabled: true}
Session ID: e87ed775c8144fa716262079178d2b17)

2019-07-23 18:54:07 - [MESSAGE][WARNING] - Unable to click on object 'Object Repository/OCS-DESKTOP/Filter flyout/Filter option' (Root cause: org.openqa.selenium.WebDriverException: unknown error: Element <a data-flyout="#flyout--filters" tabindex="0">...</a> is not clickable at point (1597, 370). Other element would receive the click: <p class="filter__group--description">...</p>
  (Session info: chrome=75.0.3770.142)
  (Driver info: chromedriver=2.43.600229 (3fae4d0cda5334b4f533bede5a4787f7b832d052),platform=Mac OS X 10.13.6 x86_64) (WARNING: The server did not provide any stacktrace information)
Command duration or timeout: 0 milliseconds
Build info: version: '3.7.1', revision: '8a0099a', time: '2017-11-06T21:07:36.161Z'
System info: host: 'sumans-MacBook-Pro.local', ip: 'fe80:0:0:0:1c1a:e441:9b49:e629%en0', os.name: 'Mac OS X', os.arch: 'x86_64', os.version: '10.13.6', java.version: '1.8.0_181'
Driver info: com.kms.katalon.selenium.driver.CChromeDriver
Capabilities {acceptInsecureCerts: false, acceptSslCerts: false, applicationCacheEnabled: false, browserConnectionEnabled: false, browserName: chrome, chrome: {chromedriverVersion: 2.43.600229 (3fae4d0cda5334..., userDataDir: /var/folders/1t/c55l8xzs6gq...}, cssSelectorsEnabled: true, databaseEnabled: false, goog:chromeOptions: {debuggerAddress: localhost:56000}, handlesAlerts: true, hasTouchScreen: false, javascriptEnabled: true, locationContextEnabled: true, mobileEmulationEnabled: false, nativeEvents: true, networkConnectionEnabled: false, pageLoadStrategy: normal, platform: MAC, platformName: MAC, rotatable: false, setWindowRect: true, takesHeapSnapshot: true, takesScreenshot: true, unexpectedAlertBehaviour: , unhandledPromptBehavior: , version: 75.0.3770.142, webStorageEnabled: true}
Session ID: e87ed775c8144fa716262079178d2b17)
[[ATTACHMENT|/Users/sumankompelly/git/OCS--Relative-xpath-Desktop/Reports/Suite - Chrome/20190723_175603/1563922446841.png]]

2019-07-23 18:54:07 - [TEST_STEP][PASSED] - executeJavaScript("var previewBar = document.getElementById("preview-bar-iframe"); previewBar.style.display = "none";", []): Execute JavaScript 'var previewBar = document.getElementById("preview-bar-iframe"); previewBar.style.display = "none";' successfully

2019-07-23 18:54:07 - [MESSAGE][PASSED] - Execute JavaScript 'var previewBar = document.getElementById("preview-bar-iframe"); previewBar.style.display = "none";' successfully

2019-07-23 18:54:07 - [TEST_STEP][PASSED] - click(findTestObject("OCS-DESKTOP/Filter flyout/Brand tool tip")): Object: 'Object Repository/OCS-DESKTOP/Filter flyout/Brand tool tip' is clicked on

2019-07-23 18:54:07 - [MESSAGE][PASSED] - Object: 'Object Repository/OCS-DESKTOP/Filter flyout/Brand tool tip' is clicked on

2019-07-23 18:54:07 - [TEST_STEP][PASSED] - click(findTestObject("OCS-DESKTOP/Filter flyout/Click element outside")): Object: 'Object Repository/OCS-DESKTOP/Filter flyout/Click element outside' is clicked on

2019-07-23 18:54:07 - [MESSAGE][PASSED] - Object: 'Object Repository/OCS-DESKTOP/Filter flyout/Click element outside' is clicked on

2019-07-23 18:54:07 - [TEST_STEP][PASSED] - delay(1): Delayed 1 second(s)

2019-07-23 18:54:08 - [MESSAGE][PASSED] - Delayed 1 second(s)

2019-07-23 18:54:08 - [TEST_STEP][PASSED] - click(findTestObject("OCS-DESKTOP/Filter flyout/Brand plus accordian")): Object: 'Object Repository/OCS-DESKTOP/Filter flyout/Brand plus accordian' is clicked on

2019-07-23 18:54:08 - [MESSAGE][PASSED] - Object: 'Object Repository/OCS-DESKTOP/Filter flyout/Brand plus accordian' is clicked on

2019-07-23 18:54:08 - [TEST_STEP][PASSED] - delay(2): Delayed 2 second(s)

2019-07-23 18:54:10 - [MESSAGE][PASSED] - Delayed 2 second(s)

2019-07-23 18:54:10 - [TEST_STEP][PASSED] - click(findTestObject("OCS-DESKTOP/Filter flyout/Brand subtract accordian")): Object: 'Object Repository/OCS-DESKTOP/Filter flyout/Brand subtract accordian' is clicked on

2019-07-23 18:54:10 - [MESSAGE][PASSED] - Object: 'Object Repository/OCS-DESKTOP/Filter flyout/Brand subtract accordian' is clicked on

2019-07-23 18:54:10 - [TEST_STEP][PASSED] - delay(1): Delayed 1 second(s)

2019-07-23 18:54:11 - [MESSAGE][PASSED] - Delayed 1 second(s)

2019-07-23 18:54:11 - [TEST_STEP][PASSED] - click(findTestObject("OCS-DESKTOP/Filter flyout/Brand plus accordian")): Object: 'Object Repository/OCS-DESKTOP/Filter flyout/Brand plus accordian' is clicked on

2019-07-23 18:54:11 - [MESSAGE][PASSED] - Object: 'Object Repository/OCS-DESKTOP/Filter flyout/Brand plus accordian' is clicked on

2019-07-23 18:54:11 - [TEST_STEP][PASSED] - delay(2): Delayed 2 second(s)

2019-07-23 18:54:13 - [MESSAGE][PASSED] - Delayed 2 second(s)

2019-07-23 18:54:13 - [TEST_STEP][PASSED] - click(findTestObject("OCS-DESKTOP/Filter flyout/Edison"), OPTIONAL): Object: 'Object Repository/OCS-DESKTOP/Filter flyout/Edison' is clicked on

2019-07-23 18:54:13 - [MESSAGE][PASSED] - Object: 'Object Repository/OCS-DESKTOP/Filter flyout/Edison' is clicked on

2019-07-23 18:54:13 - [TEST_STEP][PASSED] - delay(2, OPTIONAL): Delayed 2 second(s)

2019-07-23 18:54:15 - [MESSAGE][PASSED] - Delayed 2 second(s)

2019-07-23 18:54:15 - [TEST_STEP][PASSED] - delay(2, OPTIONAL): Delayed 2 second(s)

2019-07-23 18:54:17 - [MESSAGE][PASSED] - Delayed 2 second(s)

2019-07-23 18:54:17 - [TEST_STEP][PASSED] - click(findTestObject("OCS-DESKTOP/Filter flyout/Haven St"), OPTIONAL): Object: 'Object Repository/OCS-DESKTOP/Filter flyout/Haven St' is clicked on

2019-07-23 18:54:17 - [MESSAGE][PASSED] - Object: 'Object Repository/OCS-DESKTOP/Filter flyout/Haven St' is clicked on

2019-07-23 18:54:17 - [TEST_STEP][PASSED] - delay(2, OPTIONAL): Delayed 2 second(s)

2019-07-23 18:54:19 - [MESSAGE][PASSED] - Delayed 2 second(s)

2019-07-23 18:54:19 - [TEST_STEP][PASSED] - click(findTestObject("OCS-DESKTOP/Filter flyout/Emerald"), OPTIONAL): Object: 'Object Repository/OCS-DESKTOP/Filter flyout/Emerald' is clicked on

2019-07-23 18:54:19 - [MESSAGE][PASSED] - Object: 'Object Repository/OCS-DESKTOP/Filter flyout/Emerald' is clicked on

2019-07-23 18:54:19 - [TEST_STEP][PASSED] - delay(2, OPTIONAL): Delayed 2 second(s)

2019-07-23 18:54:21 - [MESSAGE][PASSED] - Delayed 2 second(s)

2019-07-23 18:54:21 - [TEST_STEP][NOT_RUN] - click(findTestObject("OCS-MOBILE /Filter flyout/Gage Cannabis Co"), OPTIONAL): NOT_RUN: click(findTestObject("OCS-MOBILE /Filter flyout/Gage Cannabis Co"), OPTIONAL)

2019-07-23 18:54:21 - [MESSAGE][NOT_RUN] - NOT_RUN: click(findTestObject("OCS-MOBILE /Filter flyout/Gage Cannabis Co"), OPTIONAL)

2019-07-23 18:54:21 - [TEST_STEP][PASSED] - delay(2, OPTIONAL): Delayed 2 second(s)

2019-07-23 18:54:23 - [MESSAGE][PASSED] - Delayed 2 second(s)

2019-07-23 18:54:23 - [TEST_STEP][NOT_RUN] - click(findTestObject("OCS-MOBILE /Filter flyout/INDIVA"), OPTIONAL): NOT_RUN: click(findTestObject("OCS-MOBILE /Filter flyout/INDIVA"), OPTIONAL)

2019-07-23 18:54:23 - [MESSAGE][NOT_RUN] - NOT_RUN: click(findTestObject("OCS-MOBILE /Filter flyout/INDIVA"), OPTIONAL)

2019-07-23 18:54:23 - [TEST_STEP][PASSED] - delay(2, OPTIONAL): Delayed 2 second(s)

2019-07-23 18:54:25 - [MESSAGE][PASSED] - Delayed 2 second(s)

2019-07-23 18:54:25 - [TEST_STEP][PASSED] - click(findTestObject("OCS-DESKTOP/Filter flyout/RIFF"), OPTIONAL): Unable to click on object 'Object Repository/OCS-DESKTOP/Filter flyout/RIFF' (Root cause: com.kms.katalon.core.webui.exception.WebElementNotFoundException: Web element with id: 'Object Repository/OCS-DESKTOP/Filter flyout/RIFF' located by 'By.xpath: //span[contains(text(),'RIFF')]' not found)

2019-07-23 18:54:56 - [MESSAGE][INFO] - Unable to find the element located by 'By.xpath: //span[contains(text(),'RIFF')]'. Please recheck the objects properties to make sure the desired element is located. 

2019-07-23 18:54:56 - [MESSAGE][WARNING] - Unable to click on object 'Object Repository/OCS-DESKTOP/Filter flyout/RIFF' (Root cause: com.kms.katalon.core.webui.exception.WebElementNotFoundException: Web element with id: 'Object Repository/OCS-DESKTOP/Filter flyout/RIFF' located by 'By.xpath: //span[contains(text(),'RIFF')]' not found)
[[ATTACHMENT|/Users/sumankompelly/git/OCS--Relative-xpath-Desktop/Reports/Suite - Chrome/20190723_175603/1563922496605.png]]

2019-07-23 18:54:56 - [TEST_STEP][PASSED] - delay(2, OPTIONAL): Delayed 2 second(s)

2019-07-23 18:54:58 - [MESSAGE][PASSED] - Delayed 2 second(s)

2019-07-23 18:54:58 - [TEST_STEP][PASSED] - click(findTestObject("OCS-DESKTOP/Filter flyout/Seven Oaks"), OPTIONAL): Object: 'Object Repository/OCS-DESKTOP/Filter flyout/Seven Oaks' is clicked on

2019-07-23 18:54:58 - [MESSAGE][PASSED] - Object: 'Object Repository/OCS-DESKTOP/Filter flyout/Seven Oaks' is clicked on

2019-07-23 18:54:58 - [TEST_STEP][PASSED] - delay(2, OPTIONAL): Delayed 2 second(s)

2019-07-23 18:55:01 - [MESSAGE][PASSED] - Delayed 2 second(s)

2019-07-23 18:55:01 - [TEST_STEP][PASSED] - click(findTestObject("OCS-DESKTOP/Filter flyout/Synr.g"), OPTIONAL): Unable to click on object 'Object Repository/OCS-DESKTOP/Filter flyout/Synr.g' (Root cause: com.kms.katalon.core.webui.exception.WebElementNotFoundException: Web element with id: 'Object Repository/OCS-DESKTOP/Filter flyout/Synr.g' located by 'By.xpath: //span[contains(text(),'Synr.g')][count(. | //label[(text() = 'Synr.g' or . = 'Synr.g')]) = count(//label[(text() = 'Synr.g' or . = 'Synr.g')])]' not found)

2019-07-23 18:55:31 - [MESSAGE][INFO] - Unable to find the element located by 'By.xpath: //span[contains(text(),'Synr.g')][count(. | //label[(text() = 'Synr.g' or . = 'Synr.g')]) = count(//label[(text() = 'Synr.g' or . = 'Synr.g')])]'. Please recheck the objects properties to make sure the desired element is located. 

2019-07-23 18:55:32 - [MESSAGE][WARNING] - Unable to click on object 'Object Repository/OCS-DESKTOP/Filter flyout/Synr.g' (Root cause: com.kms.katalon.core.webui.exception.WebElementNotFoundException: Web element with id: 'Object Repository/OCS-DESKTOP/Filter flyout/Synr.g' located by 'By.xpath: //span[contains(text(),'Synr.g')][count(. | //label[(text() = 'Synr.g' or . = 'Synr.g')]) = count(//label[(text() = 'Synr.g' or . = 'Synr.g')])]' not found)
[[ATTACHMENT|/Users/sumankompelly/git/OCS--Relative-xpath-Desktop/Reports/Suite - Chrome/20190723_175603/1563922531944.png]]

2019-07-23 18:55:32 - [TEST_STEP][PASSED] - delay(2, OPTIONAL): Delayed 2 second(s)

2019-07-23 18:55:34 - [MESSAGE][PASSED] - Delayed 2 second(s)

2019-07-23 18:55:34 - [TEST_STEP][PASSED] - click(findTestObject("OCS-DESKTOP/Filter flyout/Trailblazer"), OPTIONAL): Object: 'Object Repository/OCS-DESKTOP/Filter flyout/Trailblazer' is clicked on

2019-07-23 18:55:34 - [MESSAGE][PASSED] - Object: 'Object Repository/OCS-DESKTOP/Filter flyout/Trailblazer' is clicked on

2019-07-23 18:55:34 - [TEST_STEP][PASSED] - delay(2, OPTIONAL): Delayed 2 second(s)

2019-07-23 18:55:36 - [MESSAGE][PASSED] - Delayed 2 second(s)

2019-07-23 18:55:36 - [TEST_STEP][PASSED] - click(findTestObject("OCS-DESKTOP/Filter flyout/_Xscape"), OPTIONAL): Unable to click on object 'Object Repository/OCS-DESKTOP/Filter flyout/_Xscape' (Root cause: com.kms.katalon.core.webui.exception.WebElementNotFoundException: Web element with id: 'Object Repository/OCS-DESKTOP/Filter flyout/_Xscape' located by 'By.xpath: //span[contains(text(),'Xscape')]' not found)

2019-07-23 18:56:07 - [MESSAGE][INFO] - Unable to find the element located by 'By.xpath: //span[contains(text(),'Xscape')]'. Please recheck the objects properties to make sure the desired element is located. 

2019-07-23 18:56:07 - [MESSAGE][WARNING] - Unable to click on object 'Object Repository/OCS-DESKTOP/Filter flyout/_Xscape' (Root cause: com.kms.katalon.core.webui.exception.WebElementNotFoundException: Web element with id: 'Object Repository/OCS-DESKTOP/Filter flyout/_Xscape' located by 'By.xpath: //span[contains(text(),'Xscape')]' not found)
[[ATTACHMENT|/Users/sumankompelly/git/OCS--Relative-xpath-Desktop/Reports/Suite - Chrome/20190723_175603/1563922567290.png]]

2019-07-23 18:56:07 - [TEST_STEP][PASSED] - delay(2, OPTIONAL): Delayed 2 second(s)

2019-07-23 18:56:09 - [MESSAGE][PASSED] - Delayed 2 second(s)

2019-07-23 18:56:09 - [TEST_STEP][PASSED] - click(findTestObject("OCS-DESKTOP/Filter flyout/Aurora"), OPTIONAL): Object: 'Object Repository/OCS-DESKTOP/Filter flyout/Aurora' is clicked on

2019-07-23 18:56:09 - [MESSAGE][PASSED] - Object: 'Object Repository/OCS-DESKTOP/Filter flyout/Aurora' is clicked on

2019-07-23 18:56:09 - [TEST_STEP][PASSED] - click(findTestObject("OCS-DESKTOP/Filter flyout/Canna Farms"), OPTIONAL): Object: 'Object Repository/OCS-DESKTOP/Filter flyout/Canna Farms' is clicked on

2019-07-23 18:56:09 - [MESSAGE][PASSED] - Object: 'Object Repository/OCS-DESKTOP/Filter flyout/Canna Farms' is clicked on

2019-07-23 18:56:09 - [TEST_STEP][PASSED] - click(findTestObject("OCS-DESKTOP/Filter flyout/Edison"), OPTIONAL): Object: 'Object Repository/OCS-DESKTOP/Filter flyout/Edison' is clicked on

2019-07-23 18:56:09 - [MESSAGE][PASSED] - Object: 'Object Repository/OCS-DESKTOP/Filter flyout/Edison' is clicked on

2019-07-23 18:56:09 - [TEST_STEP][PASSED] - click(findTestObject("OCS-DESKTOP/Filter flyout/Flowr"), OPTIONAL): Object: 'Object Repository/OCS-DESKTOP/Filter flyout/Flowr' is clicked on

2019-07-23 18:56:09 - [MESSAGE][PASSED] - Object: 'Object Repository/OCS-DESKTOP/Filter flyout/Flowr' is clicked on

2019-07-23 18:56:09 - [TEST_STEP][PASSED] - click(findTestObject("OCS-DESKTOP/Filter flyout/Haven St"), OPTIONAL): Object: 'Object Repository/OCS-DESKTOP/Filter flyout/Haven St' is clicked on

2019-07-23 18:56:10 - [MESSAGE][PASSED] - Object: 'Object Repository/OCS-DESKTOP/Filter flyout/Haven St' is clicked on

2019-07-23 18:56:10 - [TEST_STEP][PASSED] - click(findTestObject("OCS-DESKTOP/Filter flyout/liiv"), OPTIONAL): Unable to click on object 'Object Repository/OCS-DESKTOP/Filter flyout/liiv' (Root cause: com.kms.katalon.core.webui.exception.WebElementNotFoundException: Web element with id: 'Object Repository/OCS-DESKTOP/Filter flyout/liiv' located by 'By.xpath: //span[(text() = 'liiv' or . = 'liiv')]' not found)

2019-07-23 18:56:40 - [MESSAGE][INFO] - Unable to find the element located by 'By.xpath: //span[(text() = 'liiv' or . = 'liiv')]'. Please recheck the objects properties to make sure the desired element is located. 

2019-07-23 18:56:41 - [MESSAGE][WARNING] - Unable to click on object 'Object Repository/OCS-DESKTOP/Filter flyout/liiv' (Root cause: com.kms.katalon.core.webui.exception.WebElementNotFoundException: Web element with id: 'Object Repository/OCS-DESKTOP/Filter flyout/liiv' located by 'By.xpath: //span[(text() = 'liiv' or . = 'liiv')]' not found)
[[ATTACHMENT|/Users/sumankompelly/git/OCS--Relative-xpath-Desktop/Reports/Suite - Chrome/20190723_175603/1563922600968.png]]

2019-07-23 18:56:41 - [TEST_STEP][PASSED] - click(findTestObject("OCS-DESKTOP/Filter flyout/Saturday"), OPTIONAL): Unable to click on object 'Object Repository/OCS-DESKTOP/Filter flyout/Saturday' (Root cause: com.kms.katalon.core.webui.exception.WebElementNotFoundException: Web element with id: 'Object Repository/OCS-DESKTOP/Filter flyout/Saturday' located by 'By.xpath: /html/body/div/div[2]/div[2]/div[2]/div/div[3]/div[2]/div/fieldset/div[14]/label/span' not found)

2019-07-23 18:57:12 - [MESSAGE][INFO] - Unable to find the element located by 'By.xpath: /html/body/div/div[2]/div[2]/div[2]/div/div[3]/div[2]/div/fieldset/div[14]/label/span'. Please recheck the objects properties to make sure the desired element is located. 

2019-07-23 18:57:12 - [MESSAGE][WARNING] - Unable to click on object 'Object Repository/OCS-DESKTOP/Filter flyout/Saturday' (Root cause: com.kms.katalon.core.webui.exception.WebElementNotFoundException: Web element with id: 'Object Repository/OCS-DESKTOP/Filter flyout/Saturday' located by 'By.xpath: /html/body/div/div[2]/div[2]/div[2]/div/div[3]/div[2]/div/fieldset/div[14]/label/span' not found)
[[ATTACHMENT|/Users/sumankompelly/git/OCS--Relative-xpath-Desktop/Reports/Suite - Chrome/20190723_175603/1563922632158.png]]

2019-07-23 18:57:12 - [TEST_STEP][PASSED] - click(findTestObject("OCS-DESKTOP/Filter flyout/Spinach"), OPTIONAL): Unable to click on object 'Object Repository/OCS-DESKTOP/Filter flyout/Spinach' (Root cause: com.kms.katalon.core.webui.exception.WebElementNotFoundException: Web element with id: 'Object Repository/OCS-DESKTOP/Filter flyout/Spinach' located by 'By.xpath: //span[contains(text(),'Spinach')][count(. | //label[(text() = 'Spinach' or . = 'Spinach')]) = count(//label[(text() = 'Spinach' or . = 'Spinach')])]' not found)

2019-07-23 18:57:43 - [MESSAGE][INFO] - Unable to find the element located by 'By.xpath: //span[contains(text(),'Spinach')][count(. | //label[(text() = 'Spinach' or . = 'Spinach')]) = count(//label[(text() = 'Spinach' or . = 'Spinach')])]'. Please recheck the objects properties to make sure the desired element is located. 

2019-07-23 18:57:43 - [MESSAGE][WARNING] - Unable to click on object 'Object Repository/OCS-DESKTOP/Filter flyout/Spinach' (Root cause: com.kms.katalon.core.webui.exception.WebElementNotFoundException: Web element with id: 'Object Repository/OCS-DESKTOP/Filter flyout/Spinach' located by 'By.xpath: //span[contains(text(),'Spinach')][count(. | //label[(text() = 'Spinach' or . = 'Spinach')]) = count(//label[(text() = 'Spinach' or . = 'Spinach')])]' not found)
[[ATTACHMENT|/Users/sumankompelly/git/OCS--Relative-xpath-Desktop/Reports/Suite - Chrome/20190723_175603/1563922663376.png]]

2019-07-23 18:57:43 - [TEST_STEP][PASSED] - click(findTestObject("OCS-DESKTOP/Filter flyout/Spinach1"), OPTIONAL): Unable to click on object 'Object Repository/OCS-DESKTOP/Filter flyout/Spinach1' (Root cause: com.kms.katalon.core.webui.exception.WebElementNotFoundException: Web element with id: 'Object Repository/OCS-DESKTOP/Filter flyout/Spinach1' located by 'By.xpath: //div[@id='flyout--filters']/div[2]/div/div[3]/div[2]/div/fieldset/div[16]/label/span' not found)

2019-07-23 18:58:14 - [MESSAGE][INFO] - Unable to find the element located by 'By.xpath: //div[@id='flyout--filters']/div[2]/div/div[3]/div[2]/div/fieldset/div[16]/label/span'. Please recheck the objects properties to make sure the desired element is located. 

2019-07-23 18:58:14 - [MESSAGE][WARNING] - Unable to click on object 'Object Repository/OCS-DESKTOP/Filter flyout/Spinach1' (Root cause: com.kms.katalon.core.webui.exception.WebElementNotFoundException: Web element with id: 'Object Repository/OCS-DESKTOP/Filter flyout/Spinach1' located by 'By.xpath: //div[@id='flyout--filters']/div[2]/div/div[3]/div[2]/div/fieldset/div[16]/label/span' not found)
[[ATTACHMENT|/Users/sumankompelly/git/OCS--Relative-xpath-Desktop/Reports/Suite - Chrome/20190723_175603/1563922694548.png]]

2019-07-23 18:58:14 - [TEST_STEP][PASSED] - click(findTestObject("OCS-DESKTOP/Filter flyout/THC BioMed"), OPTIONAL): Unable to click on object 'Object Repository/OCS-DESKTOP/Filter flyout/THC BioMed' (Root cause: com.kms.katalon.core.webui.exception.WebElementNotFoundException: Web element with id: 'Object Repository/OCS-DESKTOP/Filter flyout/THC BioMed' located by 'By.xpath: //div[@id='flyout--filters']/div[2]/div/div[3]/div[2]/div/fieldset/div[18]/label' not found)

2019-07-23 18:58:45 - [MESSAGE][INFO] - Unable to find the element located by 'By.xpath: //div[@id='flyout--filters']/div[2]/div/div[3]/div[2]/div/fieldset/div[18]/label'. Please recheck the objects properties to make sure the desired element is located. 

2019-07-23 18:58:46 - [MESSAGE][WARNING] - Unable to click on object 'Object Repository/OCS-DESKTOP/Filter flyout/THC BioMed' (Root cause: com.kms.katalon.core.webui.exception.WebElementNotFoundException: Web element with id: 'Object Repository/OCS-DESKTOP/Filter flyout/THC BioMed' located by 'By.xpath: //div[@id='flyout--filters']/div[2]/div/div[3]/div[2]/div/fieldset/div[18]/label' not found)
[[ATTACHMENT|/Users/sumankompelly/git/OCS--Relative-xpath-Desktop/Reports/Suite - Chrome/20190723_175603/1563922725752.png]]

2019-07-23 18:58:46 - [TEST_STEP][PASSED] - click(findTestObject("OCS-DESKTOP/Filter flyout/Whistler Cannabis Co"), OPTIONAL): Object: 'Object Repository/OCS-DESKTOP/Filter flyout/Whistler Cannabis Co' is clicked on

2019-07-23 18:58:46 - [MESSAGE][PASSED] - Object: 'Object Repository/OCS-DESKTOP/Filter flyout/Whistler Cannabis Co' is clicked on

2019-07-23 18:58:46 - [TEST_STEP][PASSED] - click(findTestObject("OCS-DESKTOP/Filter flyout/Spinach"), OPTIONAL): Unable to click on object 'Object Repository/OCS-DESKTOP/Filter flyout/Spinach' (Root cause: com.kms.katalon.core.webui.exception.WebElementNotFoundException: Web element with id: 'Object Repository/OCS-DESKTOP/Filter flyout/Spinach' located by 'By.xpath: //span[contains(text(),'Spinach')][count(. | //label[(text() = 'Spinach' or . = 'Spinach')]) = count(//label[(text() = 'Spinach' or . = 'Spinach')])]' not found)

2019-07-23 18:59:16 - [MESSAGE][INFO] - Unable to find the element located by 'By.xpath: //span[contains(text(),'Spinach')][count(. | //label[(text() = 'Spinach' or . = 'Spinach')]) = count(//label[(text() = 'Spinach' or . = 'Spinach')])]'. Please recheck the objects properties to make sure the desired element is located. 

2019-07-23 18:59:17 - [MESSAGE][WARNING] - Unable to click on object 'Object Repository/OCS-DESKTOP/Filter flyout/Spinach' (Root cause: com.kms.katalon.core.webui.exception.WebElementNotFoundException: Web element with id: 'Object Repository/OCS-DESKTOP/Filter flyout/Spinach' located by 'By.xpath: //span[contains(text(),'Spinach')][count(. | //label[(text() = 'Spinach' or . = 'Spinach')]) = count(//label[(text() = 'Spinach' or . = 'Spinach')])]' not found)
[[ATTACHMENT|/Users/sumankompelly/git/OCS--Relative-xpath-Desktop/Reports/Suite - Chrome/20190723_175603/1563922756996.png]]

2019-07-23 18:59:17 - [TEST_STEP][PASSED] - click(findTestObject("OCS-DESKTOP/Filter flyout/Spinach1"), OPTIONAL): Unable to click on object 'Object Repository/OCS-DESKTOP/Filter flyout/Spinach1' (Root cause: com.kms.katalon.core.webui.exception.WebElementNotFoundException: Web element with id: 'Object Repository/OCS-DESKTOP/Filter flyout/Spinach1' located by 'By.xpath: //div[@id='flyout--filters']/div[2]/div/div[3]/div[2]/div/fieldset/div[16]/label/span' not found)

2019-07-23 18:59:48 - [MESSAGE][INFO] - Unable to find the element located by 'By.xpath: //div[@id='flyout--filters']/div[2]/div/div[3]/div[2]/div/fieldset/div[16]/label/span'. Please recheck the objects properties to make sure the desired element is located. 

2019-07-23 18:59:48 - [MESSAGE][WARNING] - Unable to click on object 'Object Repository/OCS-DESKTOP/Filter flyout/Spinach1' (Root cause: com.kms.katalon.core.webui.exception.WebElementNotFoundException: Web element with id: 'Object Repository/OCS-DESKTOP/Filter flyout/Spinach1' located by 'By.xpath: //div[@id='flyout--filters']/div[2]/div/div[3]/div[2]/div/fieldset/div[16]/label/span' not found)
[[ATTACHMENT|/Users/sumankompelly/git/OCS--Relative-xpath-Desktop/Reports/Suite - Chrome/20190723_175603/1563922788141.png]]

2019-07-23 18:59:48 - [TEST_STEP][NOT_RUN] - click(findTestObject("OCS-MOBILE /Filter flyout/Learn More About brand"), OPTIONAL): NOT_RUN: click(findTestObject("OCS-MOBILE /Filter flyout/Learn More About brand"), OPTIONAL)

2019-07-23 18:59:48 - [MESSAGE][NOT_RUN] - NOT_RUN: click(findTestObject("OCS-MOBILE /Filter flyout/Learn More About brand"), OPTIONAL)

2019-07-23 18:59:48 - [TEST_STEP][NOT_RUN] - setText(findTestObject("OCS-MOBILE /Filter flyout/Input to search - brand"), "boveda", OPTIONAL): NOT_RUN: setText(findTestObject("OCS-MOBILE /Filter flyout/Input to search - brand"), "boveda", OPTIONAL)

2019-07-23 18:59:48 - [MESSAGE][NOT_RUN] - NOT_RUN: setText(findTestObject("OCS-MOBILE /Filter flyout/Input to search - brand"), "boveda", OPTIONAL)

2019-07-23 18:59:48 - [TEST_STEP][NOT_RUN] - verifyTextPresent("", Keys.chord(ENTER), OPTIONAL): NOT_RUN: verifyTextPresent("", Keys.chord(ENTER), OPTIONAL)

2019-07-23 18:59:48 - [MESSAGE][NOT_RUN] - NOT_RUN: verifyTextPresent("", Keys.chord(ENTER), OPTIONAL)

2019-07-23 18:59:48 - [TEST_STEP][NOT_RUN] - verifyTextPresent("Boveda", false, OPTIONAL): NOT_RUN: verifyTextPresent("Boveda", false, OPTIONAL)

2019-07-23 18:59:48 - [MESSAGE][NOT_RUN] - NOT_RUN: verifyTextPresent("Boveda", false, OPTIONAL)

2019-07-23 18:59:48 - [TEST_STEP][NOT_RUN] - setText(findTestObject("OCS-MOBILE /Filter flyout/Input to search - brand"), "ace valley", OPTIONAL): NOT_RUN: setText(findTestObject("OCS-MOBILE /Filter flyout/Input to search - brand"), "ace valley", OPTIONAL)

2019-07-23 18:59:48 - [MESSAGE][NOT_RUN] - NOT_RUN: setText(findTestObject("OCS-MOBILE /Filter flyout/Input to search - brand"), "ace valley", OPTIONAL)

2019-07-23 18:59:48 - [TEST_STEP][NOT_RUN] - sendKeys(findTestObject("Object Repository/COLLECTION PAGE _OR/Filter_OR/Page_Shop by Brands  Ontario Cannab/input_Shop by Brands_q"), Keys.chord(ENTER), OPTIONAL): NOT_RUN: sendKeys(findTestObject("Object Repository/COLLECTION PAGE _OR/Filter_OR/Page_Shop by Brands  Ontario Cannab/input_Shop by Brands_q"), Keys.chord(ENTER), OPTIONAL)

2019-07-23 18:59:48 - [MESSAGE][NOT_RUN] - NOT_RUN: sendKeys(findTestObject("Object Repository/COLLECTION PAGE _OR/Filter_OR/Page_Shop by Brands  Ontario Cannab/input_Shop by Brands_q"), Keys.chord(ENTER), OPTIONAL)

2019-07-23 18:59:48 - [TEST_STEP][NOT_RUN] - verifyTextPresent("Ace Valley", false, OPTIONAL): NOT_RUN: verifyTextPresent("Ace Valley", false, OPTIONAL)

2019-07-23 18:59:48 - [MESSAGE][NOT_RUN] - NOT_RUN: verifyTextPresent("Ace Valley", false, OPTIONAL)

2019-07-23 18:59:48 - [TEST_STEP][NOT_RUN] - back(OPTIONAL): NOT_RUN: back(OPTIONAL)

2019-07-23 18:59:48 - [MESSAGE][NOT_RUN] - NOT_RUN: back(OPTIONAL)

2019-07-23 18:59:48 - [TEST_STEP][NOT_RUN] - back(OPTIONAL): NOT_RUN: back(OPTIONAL)

2019-07-23 18:59:48 - [MESSAGE][NOT_RUN] - NOT_RUN: back(OPTIONAL)

2019-07-23 18:59:48 - [TEST_STEP][NOT_RUN] - click(findTestObject("OCS-MOBILE /Filter flyout/Filter option"), OPTIONAL): NOT_RUN: click(findTestObject("OCS-MOBILE /Filter flyout/Filter option"), OPTIONAL)

2019-07-23 18:59:48 - [MESSAGE][NOT_RUN] - NOT_RUN: click(findTestObject("OCS-MOBILE /Filter flyout/Filter option"), OPTIONAL)

2019-07-23 18:59:48 - [TEST_STEP][PASSED] - click(findTestObject("OCS-DESKTOP/Filter flyout/Terpenes tooltip"), OPTIONAL): Object: 'Object Repository/OCS-DESKTOP/Filter flyout/Terpenes tooltip' is clicked on

2019-07-23 18:59:48 - [MESSAGE][PASSED] - Object: 'Object Repository/OCS-DESKTOP/Filter flyout/Terpenes tooltip' is clicked on

2019-07-23 18:59:48 - [TEST_STEP][PASSED] - click(findTestObject("OCS-DESKTOP/Filter flyout/Click element outside")): Object: 'Object Repository/OCS-DESKTOP/Filter flyout/Click element outside' is clicked on

2019-07-23 18:59:48 - [MESSAGE][PASSED] - Object: 'Object Repository/OCS-DESKTOP/Filter flyout/Click element outside' is clicked on

2019-07-23 18:59:48 - [TEST_STEP][PASSED] - click(findTestObject("OCS-DESKTOP/Filter flyout/Terpenes plus accordian"), OPTIONAL): Object: 'Object Repository/OCS-DESKTOP/Filter flyout/Terpenes plus accordian' is clicked on

2019-07-23 18:59:48 - [MESSAGE][PASSED] - Object: 'Object Repository/OCS-DESKTOP/Filter flyout/Terpenes plus accordian' is clicked on

2019-07-23 18:59:48 - [TEST_STEP][PASSED] - click(findTestObject("OCS-DESKTOP/Filter flyout/Terpenes subtract accordian"), OPTIONAL): Unable to click on object 'Object Repository/OCS-DESKTOP/Filter flyout/Terpenes subtract accordian' (Root cause: com.kms.katalon.core.webui.exception.WebElementNotFoundException: Web element with id: 'Object Repository/OCS-DESKTOP/Filter flyout/Terpenes subtract accordian' located by 'By.xpath: //div[@class='filter__group accordionize tags']//i[@class='icon icon--subtract']' not found)

2019-07-23 19:00:19 - [MESSAGE][INFO] - Unable to find the element located by 'By.xpath: //div[@class='filter__group accordionize tags']//i[@class='icon icon--subtract']'. Please recheck the objects properties to make sure the desired element is located. 

2019-07-23 19:00:19 - [MESSAGE][WARNING] - Unable to click on object 'Object Repository/OCS-DESKTOP/Filter flyout/Terpenes subtract accordian' (Root cause: com.kms.katalon.core.webui.exception.WebElementNotFoundException: Web element with id: 'Object Repository/OCS-DESKTOP/Filter flyout/Terpenes subtract accordian' located by 'By.xpath: //div[@class='filter__group accordionize tags']//i[@class='icon icon--subtract']' not found)
[[ATTACHMENT|/Users/sumankompelly/git/OCS--Relative-xpath-Desktop/Reports/Suite - Chrome/20190723_175603/1563922819474.png]]

2019-07-23 19:00:19 - [TEST_STEP][PASSED] - click(findTestObject("OCS-DESKTOP/Filter flyout/Terpenes plus accordian"), OPTIONAL): Unable to click on object 'Object Repository/OCS-DESKTOP/Filter flyout/Terpenes plus accordian' (Root cause: com.kms.katalon.core.webui.exception.WebElementNotFoundException: Web element with id: 'Object Repository/OCS-DESKTOP/Filter flyout/Terpenes plus accordian' located by 'By.xpath: //div[@class='filter__group accordionize tags']//i[@class='icon icon--plus']' not found)

2019-07-23 19:00:50 - [MESSAGE][INFO] - Unable to find the element located by 'By.xpath: //div[@class='filter__group accordionize tags']//i[@class='icon icon--plus']'. Please recheck the objects properties to make sure the desired element is located. 

2019-07-23 19:00:50 - [MESSAGE][WARNING] - Unable to click on object 'Object Repository/OCS-DESKTOP/Filter flyout/Terpenes plus accordian' (Root cause: com.kms.katalon.core.webui.exception.WebElementNotFoundException: Web element with id: 'Object Repository/OCS-DESKTOP/Filter flyout/Terpenes plus accordian' located by 'By.xpath: //div[@class='filter__group accordionize tags']//i[@class='icon icon--plus']' not found)
[[ATTACHMENT|/Users/sumankompelly/git/OCS--Relative-xpath-Desktop/Reports/Suite - Chrome/20190723_175603/1563922850660.png]]

2019-07-23 19:00:50 - [TEST_STEP][PASSED] - click(findTestObject("OCS-DESKTOP/Filter flyout/Alpha-bisabolol"), OPTIONAL): Object: 'Object Repository/OCS-DESKTOP/Filter flyout/Alpha-bisabolol' is clicked on

2019-07-23 19:00:51 - [MESSAGE][PASSED] - Object: 'Object Repository/OCS-DESKTOP/Filter flyout/Alpha-bisabolol' is clicked on

2019-07-23 19:00:51 - [TEST_STEP][PASSED] - click(findTestObject("OCS-DESKTOP/Filter flyout/Alpha-pinene"), OPTIONAL): Object: 'Object Repository/OCS-DESKTOP/Filter flyout/Alpha-pinene' is clicked on

2019-07-23 19:00:51 - [MESSAGE][PASSED] - Object: 'Object Repository/OCS-DESKTOP/Filter flyout/Alpha-pinene' is clicked on

2019-07-23 19:00:51 - [TEST_STEP][PASSED] - click(findTestObject("OCS-DESKTOP/Filter flyout/Alpha-pinene1"), OPTIONAL): Unable to click on object 'Object Repository/OCS-DESKTOP/Filter flyout/Alpha-pinene1' (Root cause: org.openqa.selenium.ElementNotVisibleException: element not interactable
  (Session info: chrome=75.0.3770.142)
  (Driver info: chromedriver=2.43.600229 (3fae4d0cda5334b4f533bede5a4787f7b832d052),platform=Mac OS X 10.13.6 x86_64) (WARNING: The server did not provide any stacktrace information)
Command duration or timeout: 0 milliseconds
Build info: version: '3.7.1', revision: '8a0099a', time: '2017-11-06T21:07:36.161Z'
System info: host: 'sumans-MacBook-Pro.local', ip: 'fe80:0:0:0:1c1a:e441:9b49:e629%en0', os.name: 'Mac OS X', os.arch: 'x86_64', os.version: '10.13.6', java.version: '1.8.0_181'
Driver info: com.kms.katalon.selenium.driver.CChromeDriver
Capabilities {acceptInsecureCerts: false, acceptSslCerts: false, applicationCacheEnabled: false, browserConnectionEnabled: false, browserName: chrome, chrome: {chromedriverVersion: 2.43.600229 (3fae4d0cda5334..., userDataDir: /var/folders/1t/c55l8xzs6gq...}, cssSelectorsEnabled: true, databaseEnabled: false, goog:chromeOptions: {debuggerAddress: localhost:56000}, handlesAlerts: true, hasTouchScreen: false, javascriptEnabled: true, locationContextEnabled: true, mobileEmulationEnabled: false, nativeEvents: true, networkConnectionEnabled: false, pageLoadStrategy: normal, platform: MAC, platformName: MAC, rotatable: false, setWindowRect: true, takesHeapSnapshot: true, takesScreenshot: true, unexpectedAlertBehaviour: , unhandledPromptBehavior: , version: 75.0.3770.142, webStorageEnabled: true}
Session ID: e87ed775c8144fa716262079178d2b17)

2019-07-23 19:00:51 - [MESSAGE][WARNING] - Unable to click on object 'Object Repository/OCS-DESKTOP/Filter flyout/Alpha-pinene1' (Root cause: org.openqa.selenium.ElementNotVisibleException: element not interactable
  (Session info: chrome=75.0.3770.142)
  (Driver info: chromedriver=2.43.600229 (3fae4d0cda5334b4f533bede5a4787f7b832d052),platform=Mac OS X 10.13.6 x86_64) (WARNING: The server did not provide any stacktrace information)
Command duration or timeout: 0 milliseconds
Build info: version: '3.7.1', revision: '8a0099a', time: '2017-11-06T21:07:36.161Z'
System info: host: 'sumans-MacBook-Pro.local', ip: 'fe80:0:0:0:1c1a:e441:9b49:e629%en0', os.name: 'Mac OS X', os.arch: 'x86_64', os.version: '10.13.6', java.version: '1.8.0_181'
Driver info: com.kms.katalon.selenium.driver.CChromeDriver
Capabilities {acceptInsecureCerts: false, acceptSslCerts: false, applicationCacheEnabled: false, browserConnectionEnabled: false, browserName: chrome, chrome: {chromedriverVersion: 2.43.600229 (3fae4d0cda5334..., userDataDir: /var/folders/1t/c55l8xzs6gq...}, cssSelectorsEnabled: true, databaseEnabled: false, goog:chromeOptions: {debuggerAddress: localhost:56000}, handlesAlerts: true, hasTouchScreen: false, javascriptEnabled: true, locationContextEnabled: true, mobileEmulationEnabled: false, nativeEvents: true, networkConnectionEnabled: false, pageLoadStrategy: normal, platform: MAC, platformName: MAC, rotatable: false, setWindowRect: true, takesHeapSnapshot: true, takesScreenshot: true, unexpectedAlertBehaviour: , unhandledPromptBehavior: , version: 75.0.3770.142, webStorageEnabled: true}
Session ID: e87ed775c8144fa716262079178d2b17)
[[ATTACHMENT|/Users/sumankompelly/git/OCS--Relative-xpath-Desktop/Reports/Suite - Chrome/20190723_175603/1563922851161.png]]

2019-07-23 19:00:51 - [TEST_STEP][PASSED] - click(findTestObject("OCS-DESKTOP/Filter flyout/Beta-pinene"), OPTIONAL): Object: 'Object Repository/OCS-DESKTOP/Filter flyout/Beta-pinene' is clicked on

2019-07-23 19:00:51 - [MESSAGE][PASSED] - Object: 'Object Repository/OCS-DESKTOP/Filter flyout/Beta-pinene' is clicked on

2019-07-23 19:00:51 - [TEST_STEP][PASSED] - click(findTestObject("OCS-DESKTOP/Filter flyout/Guaiol"), OPTIONAL): Object: 'Object Repository/OCS-DESKTOP/Filter flyout/Guaiol' is clicked on

2019-07-23 19:00:51 - [MESSAGE][PASSED] - Object: 'Object Repository/OCS-DESKTOP/Filter flyout/Guaiol' is clicked on

2019-07-23 19:00:51 - [TEST_STEP][PASSED] - click(findTestObject("OCS-DESKTOP/Filter flyout/Limonene"), OPTIONAL): Object: 'Object Repository/OCS-DESKTOP/Filter flyout/Limonene' is clicked on

2019-07-23 19:00:51 - [MESSAGE][PASSED] - Object: 'Object Repository/OCS-DESKTOP/Filter flyout/Limonene' is clicked on

2019-07-23 19:00:51 - [TEST_STEP][PASSED] - delay(1, OPTIONAL): Delayed 1 second(s)

2019-07-23 19:00:52 - [MESSAGE][PASSED] - Delayed 1 second(s)

2019-07-23 19:00:52 - [TEST_STEP][PASSED] - click(findTestObject("OCS-DESKTOP/Filter flyout/Myrcene"), OPTIONAL): Object: 'Object Repository/OCS-DESKTOP/Filter flyout/Myrcene' is clicked on

2019-07-23 19:00:52 - [MESSAGE][PASSED] - Object: 'Object Repository/OCS-DESKTOP/Filter flyout/Myrcene' is clicked on

2019-07-23 19:00:52 - [TEST_STEP][PASSED] - delay(1, OPTIONAL): Delayed 1 second(s)

2019-07-23 19:00:53 - [MESSAGE][PASSED] - Delayed 1 second(s)

2019-07-23 19:00:53 - [TEST_STEP][PASSED] - click(findTestObject("OCS-DESKTOP/Filter flyout/Ocimene"), OPTIONAL): Object: 'Object Repository/OCS-DESKTOP/Filter flyout/Ocimene' is clicked on

2019-07-23 19:00:53 - [MESSAGE][PASSED] - Object: 'Object Repository/OCS-DESKTOP/Filter flyout/Ocimene' is clicked on

2019-07-23 19:00:53 - [TEST_STEP][PASSED] - click(findTestObject("OCS-DESKTOP/Filter flyout/Terpinene"), OPTIONAL): Object: 'Object Repository/OCS-DESKTOP/Filter flyout/Terpinene' is clicked on

2019-07-23 19:00:53 - [MESSAGE][PASSED] - Object: 'Object Repository/OCS-DESKTOP/Filter flyout/Terpinene' is clicked on

2019-07-23 19:00:53 - [TEST_STEP][PASSED] - click(findTestObject("OCS-DESKTOP/Filter flyout/Terpinolene"), OPTIONAL): Object: 'Object Repository/OCS-DESKTOP/Filter flyout/Terpinolene' is clicked on

2019-07-23 19:00:54 - [MESSAGE][PASSED] - Object: 'Object Repository/OCS-DESKTOP/Filter flyout/Terpinolene' is clicked on

2019-07-23 19:00:54 - [TEST_STEP][PASSED] - delay(1, OPTIONAL): Delayed 1 second(s)

2019-07-23 19:00:55 - [MESSAGE][PASSED] - Delayed 1 second(s)

2019-07-23 19:00:55 - [TEST_STEP][NOT_RUN] - click(findTestObject("Object Repository/COLLECTION PAGE _OR/Filter_OR/Page_Pre-Rolled  Ontario Cannabis S/span_Trans-caryophyllene"), OPTIONAL): NOT_RUN: click(findTestObject("Object Repository/COLLECTION PAGE _OR/Filter_OR/Page_Pre-Rolled  Ontario Cannabis S/span_Trans-caryophyllene"), OPTIONAL)

2019-07-23 19:00:55 - [MESSAGE][NOT_RUN] - NOT_RUN: click(findTestObject("Object Repository/COLLECTION PAGE _OR/Filter_OR/Page_Pre-Rolled  Ontario Cannabis S/span_Trans-caryophyllene"), OPTIONAL)

2019-07-23 19:00:55 - [TEST_STEP][PASSED] - click(findTestObject("OCS-DESKTOP/Filter flyout/Terpineol"), OPTIONAL): Object: 'Object Repository/OCS-DESKTOP/Filter flyout/Terpineol' is clicked on

2019-07-23 19:00:55 - [MESSAGE][PASSED] - Object: 'Object Repository/OCS-DESKTOP/Filter flyout/Terpineol' is clicked on

2019-07-23 19:00:55 - [TEST_STEP][PASSED] - click(findTestObject("OCS-DESKTOP/Filter flyout/Para-cymenene"), OPTIONAL): Unable to click on object 'Object Repository/OCS-DESKTOP/Filter flyout/Para-cymenene' (Root cause: org.openqa.selenium.ElementNotVisibleException: element not interactable
  (Session info: chrome=75.0.3770.142)
  (Driver info: chromedriver=2.43.600229 (3fae4d0cda5334b4f533bede5a4787f7b832d052),platform=Mac OS X 10.13.6 x86_64) (WARNING: The server did not provide any stacktrace information)
Command duration or timeout: 0 milliseconds
Build info: version: '3.7.1', revision: '8a0099a', time: '2017-11-06T21:07:36.161Z'
System info: host: 'sumans-MacBook-Pro.local', ip: 'fe80:0:0:0:1c1a:e441:9b49:e629%en0', os.name: 'Mac OS X', os.arch: 'x86_64', os.version: '10.13.6', java.version: '1.8.0_181'
Driver info: com.kms.katalon.selenium.driver.CChromeDriver
Capabilities {acceptInsecureCerts: false, acceptSslCerts: false, applicationCacheEnabled: false, browserConnectionEnabled: false, browserName: chrome, chrome: {chromedriverVersion: 2.43.600229 (3fae4d0cda5334..., userDataDir: /var/folders/1t/c55l8xzs6gq...}, cssSelectorsEnabled: true, databaseEnabled: false, goog:chromeOptions: {debuggerAddress: localhost:56000}, handlesAlerts: true, hasTouchScreen: false, javascriptEnabled: true, locationContextEnabled: true, mobileEmulationEnabled: false, nativeEvents: true, networkConnectionEnabled: false, pageLoadStrategy: normal, platform: MAC, platformName: MAC, rotatable: false, setWindowRect: true, takesHeapSnapshot: true, takesScreenshot: true, unexpectedAlertBehaviour: , unhandledPromptBehavior: , version: 75.0.3770.142, webStorageEnabled: true}
Session ID: e87ed775c8144fa716262079178d2b17)

2019-07-23 19:00:55 - [MESSAGE][WARNING] - Unable to click on object 'Object Repository/OCS-DESKTOP/Filter flyout/Para-cymenene' (Root cause: org.openqa.selenium.ElementNotVisibleException: element not interactable
  (Session info: chrome=75.0.3770.142)
  (Driver info: chromedriver=2.43.600229 (3fae4d0cda5334b4f533bede5a4787f7b832d052),platform=Mac OS X 10.13.6 x86_64) (WARNING: The server did not provide any stacktrace information)
Command duration or timeout: 0 milliseconds
Build info: version: '3.7.1', revision: '8a0099a', time: '2017-11-06T21:07:36.161Z'
System info: host: 'sumans-MacBook-Pro.local', ip: 'fe80:0:0:0:1c1a:e441:9b49:e629%en0', os.name: 'Mac OS X', os.arch: 'x86_64', os.version: '10.13.6', java.version: '1.8.0_181'
Driver info: com.kms.katalon.selenium.driver.CChromeDriver
Capabilities {acceptInsecureCerts: false, acceptSslCerts: false, applicationCacheEnabled: false, browserConnectionEnabled: false, browserName: chrome, chrome: {chromedriverVersion: 2.43.600229 (3fae4d0cda5334..., userDataDir: /var/folders/1t/c55l8xzs6gq...}, cssSelectorsEnabled: true, databaseEnabled: false, goog:chromeOptions: {debuggerAddress: localhost:56000}, handlesAlerts: true, hasTouchScreen: false, javascriptEnabled: true, locationContextEnabled: true, mobileEmulationEnabled: false, nativeEvents: true, networkConnectionEnabled: false, pageLoadStrategy: normal, platform: MAC, platformName: MAC, rotatable: false, setWindowRect: true, takesHeapSnapshot: true, takesScreenshot: true, unexpectedAlertBehaviour: , unhandledPromptBehavior: , version: 75.0.3770.142, webStorageEnabled: true}
Session ID: e87ed775c8144fa716262079178d2b17)
[[ATTACHMENT|/Users/sumankompelly/git/OCS--Relative-xpath-Desktop/Reports/Suite - Chrome/20190723_175603/1563922855128.png]]

2019-07-23 19:00:55 - [TEST_STEP][PASSED] - click(findTestObject("OCS-DESKTOP/Filter flyout/Nerolidol"), OPTIONAL): Object: 'Object Repository/OCS-DESKTOP/Filter flyout/Nerolidol' is clicked on

2019-07-23 19:00:55 - [MESSAGE][PASSED] - Object: 'Object Repository/OCS-DESKTOP/Filter flyout/Nerolidol' is clicked on

2019-07-23 19:00:55 - [TEST_STEP][PASSED] - click(findTestObject("OCS-DESKTOP/Filter flyout/Linalool"), OPTIONAL): Object: 'Object Repository/OCS-DESKTOP/Filter flyout/Linalool' is clicked on

2019-07-23 19:00:55 - [MESSAGE][PASSED] - Object: 'Object Repository/OCS-DESKTOP/Filter flyout/Linalool' is clicked on

2019-07-23 19:00:55 - [TEST_STEP][PASSED] - click(findTestObject("OCS-DESKTOP/Filter flyout/Humulene"), OPTIONAL): Object: 'Object Repository/OCS-DESKTOP/Filter flyout/Humulene' is clicked on

2019-07-23 19:00:55 - [MESSAGE][PASSED] - Object: 'Object Repository/OCS-DESKTOP/Filter flyout/Humulene' is clicked on

2019-07-23 19:00:55 - [TEST_STEP][PASSED] - click(findTestObject("OCS-DESKTOP/Filter flyout/Bisabolol"), OPTIONAL): Object: 'Object Repository/OCS-DESKTOP/Filter flyout/Bisabolol' is clicked on

2019-07-23 19:00:55 - [MESSAGE][PASSED] - Object: 'Object Repository/OCS-DESKTOP/Filter flyout/Bisabolol' is clicked on

2019-07-23 19:00:55 - [TEST_STEP][PASSED] - click(findTestObject("OCS-DESKTOP/Filter flyout/Beta-caryophyllene"), OPTIONAL): Object: 'Object Repository/OCS-DESKTOP/Filter flyout/Beta-caryophyllene' is clicked on

2019-07-23 19:00:55 - [MESSAGE][PASSED] - Object: 'Object Repository/OCS-DESKTOP/Filter flyout/Beta-caryophyllene' is clicked on

2019-07-23 19:00:55 - [TEST_STEP][PASSED] - click(findTestObject("OCS-DESKTOP/Filter flyout/Alpha-caryophyllene"), OPTIONAL): Object: 'Object Repository/OCS-DESKTOP/Filter flyout/Alpha-caryophyllene' is clicked on

2019-07-23 19:00:55 - [MESSAGE][PASSED] - Object: 'Object Repository/OCS-DESKTOP/Filter flyout/Alpha-caryophyllene' is clicked on

2019-07-23 19:00:55 - [TEST_STEP][PASSED] - click(findTestObject("OCS-DESKTOP/Filter flyout/Trans-caryophyllene"), OPTIONAL): Object: 'Object Repository/OCS-DESKTOP/Filter flyout/Trans-caryophyllene' is clicked on

2019-07-23 19:00:56 - [MESSAGE][PASSED] - Object: 'Object Repository/OCS-DESKTOP/Filter flyout/Trans-caryophyllene' is clicked on

2019-07-23 19:00:56 - [TEST_STEP][PASSED] - delay(2): Delayed 2 second(s)

2019-07-23 19:00:58 - [MESSAGE][PASSED] - Delayed 2 second(s)

2019-07-23 19:00:58 - [TEST_STEP][PASSED] - delay(1, OPTIONAL): Delayed 1 second(s)

2019-07-23 19:00:59 - [MESSAGE][PASSED] - Delayed 1 second(s)

2019-07-23 19:00:59 - [TEST_STEP][PASSED] - click(findTestObject("OCS-DESKTOP/Filter flyout/Done (43)")): Object: 'Object Repository/OCS-DESKTOP/Filter flyout/Done (43)' is clicked on

2019-07-23 19:00:59 - [MESSAGE][PASSED] - Object: 'Object Repository/OCS-DESKTOP/Filter flyout/Done (43)' is clicked on

2019-07-23 19:00:59 - [TEST_STEP][PASSED] - a = getText(findTestObject("OCS-DESKTOP/Filter flyout/li_Pre-Rolled")): Text of object 'Object Repository/OCS-DESKTOP/Filter flyout/li_Pre-Rolled' is: 'DRIED FLOWER 24 Products'

2019-07-23 19:00:59 - [MESSAGE][PASSED] - Text of object 'Object Repository/OCS-DESKTOP/Filter flyout/li_Pre-Rolled' is: 'DRIED FLOWER 24 Products'

2019-07-23 19:00:59 - [TEST_STEP][PASSED] - comment(a): DRIED FLOWER 24 Products

2019-07-23 19:00:59 - [MESSAGE][INFO] - DRIED FLOWER 24 Products

2019-07-23 19:00:59 - [TEST_STEP][PASSED] - if (a == "40 Products"): null

2019-07-23 19:00:59 - [TEST_STEP][PASSED] - else: products filtered

2019-07-23 19:00:59 - [TEST_STEP][PASSED] - comment("products filtered"): products filtered

2019-07-23 19:00:59 - [MESSAGE][INFO] - products filtered

2019-07-23 19:00:59 - [TEST_STEP][NOT_RUN] - callTestCase(findTestCase("OCS - MOBILE/OCS-COLLECTION PAGE/calling test case"), [:], STOP_ON_FAILURE): NOT_RUN: callTestCase(findTestCase("OCS - MOBILE/OCS-COLLECTION PAGE/calling test case"), [:], STOP_ON_FAILURE)

2019-07-23 19:00:59 - [MESSAGE][NOT_RUN] - NOT_RUN: callTestCase(findTestCase("OCS - MOBILE/OCS-COLLECTION PAGE/calling test case"), [:], STOP_ON_FAILURE)

2019-07-23 19:00:59 - [TEST_STEP][NOT_RUN] - click(findTestObject("OCS-MOBILE /Filter flyout/Filter option")): NOT_RUN: click(findTestObject("OCS-MOBILE /Filter flyout/Filter option"))

2019-07-23 19:00:59 - [MESSAGE][NOT_RUN] - NOT_RUN: click(findTestObject("OCS-MOBILE /Filter flyout/Filter option"))

2019-07-23 19:00:59 - [TEST_STEP][NOT_RUN] - delay(2): NOT_RUN: delay(2)

2019-07-23 19:00:59 - [MESSAGE][NOT_RUN] - NOT_RUN: delay(2)

2019-07-23 19:00:59 - [TEST_STEP][NOT_RUN] - setViewPortSize(1000, 800, OPTIONAL): NOT_RUN: setViewPortSize(1000, 800, OPTIONAL)

2019-07-23 19:00:59 - [MESSAGE][NOT_RUN] - NOT_RUN: setViewPortSize(1000, 800, OPTIONAL)

2019-07-23 19:00:59 - [TEST_STEP][NOT_RUN] - delay(2, OPTIONAL): NOT_RUN: delay(2, OPTIONAL)

2019-07-23 19:00:59 - [MESSAGE][NOT_RUN] - NOT_RUN: delay(2, OPTIONAL)

2019-07-23 19:00:59 - [TEST_STEP][NOT_RUN] - click(findTestObject("Theme_oR/Page_Ontario Cannabis Store  Ontari/button_Hide bar"), OPTIONAL): NOT_RUN: click(findTestObject("Theme_oR/Page_Ontario Cannabis Store  Ontari/button_Hide bar"), OPTIONAL)

2019-07-23 19:00:59 - [MESSAGE][NOT_RUN] - NOT_RUN: click(findTestObject("Theme_oR/Page_Ontario Cannabis Store  Ontari/button_Hide bar"), OPTIONAL)

2019-07-23 19:00:59 - [TEST_STEP][NOT_RUN] - delay(2, OPTIONAL): NOT_RUN: delay(2, OPTIONAL)

2019-07-23 19:00:59 - [MESSAGE][NOT_RUN] - NOT_RUN: delay(2, OPTIONAL)

2019-07-23 19:00:59 - [TEST_STEP][NOT_RUN] - setViewPortSize(360, 800, OPTIONAL): NOT_RUN: setViewPortSize(360, 800, OPTIONAL)

2019-07-23 19:00:59 - [MESSAGE][NOT_RUN] - NOT_RUN: setViewPortSize(360, 800, OPTIONAL)

2019-07-23 19:00:59 - [TEST_STEP][NOT_RUN] - delay(1, OPTIONAL): NOT_RUN: delay(1, OPTIONAL)

2019-07-23 19:00:59 - [MESSAGE][NOT_RUN] - NOT_RUN: delay(1, OPTIONAL)

2019-07-23 19:00:59 - [TEST_STEP][NOT_RUN] - click(findTestObject("OCS-MOBILE /Filter flyout/Learn More About Terpenes")): NOT_RUN: click(findTestObject("OCS-MOBILE /Filter flyout/Learn More About Terpenes"))

2019-07-23 19:00:59 - [MESSAGE][NOT_RUN] - NOT_RUN: click(findTestObject("OCS-MOBILE /Filter flyout/Learn More About Terpenes"))]]></system-out>
         <system-err><![CDATA[]]></system-err>
      </testcase>
      <testcase name="Test Cases/OCS - DESKTOP/OCS- CRITICAL PATH/Max limit" classname="Test Cases/OCS - DESKTOP/OCS- CRITICAL PATH/Max limit" status="FAILED">
         <failure type="FAILED" message="Test Cases/OCS - DESKTOP/OCS- CRITICAL PATH/Max limit FAILED.
Reason:
com.kms.katalon.core.exception.StepFailedException: Unable to verify object 'Object Repository/OCS-DESKTOP/Cart flyout/Checkout - Button' to be clickable (Root cause: com.kms.katalon.core.exception.StepFailedException: Web element with id: 'Object Repository/OCS-DESKTOP/Cart flyout/Checkout - Button' located by 'By.xpath: //a[@class='btn btn--primary full-width js-checkout-button']' not found)
	at com.kms.katalon.core.keyword.internal.KeywordMain.stepFailed(KeywordMain.groovy:36)
	at com.kms.katalon.core.webui.keyword.internal.WebUIKeywordMain.stepFailed(WebUIKeywordMain.groovy:65)
	at com.kms.katalon.core.webui.keyword.internal.WebUIKeywordMain.runKeyword(WebUIKeywordMain.groovy:27)
	at com.kms.katalon.core.webui.keyword.builtin.VerifyElementClickableKeyword.verifyElementClickable(VerifyElementClickableKeyword.groovy:96)
	at com.kms.katalon.core.webui.keyword.builtin.VerifyElementClickableKeyword.execute(VerifyElementClickableKeyword.groovy:67)
	at com.kms.katalon.core.keyword.internal.KeywordExecutor.executeKeywordForPlatform(KeywordExecutor.groovy:53)
	at com.kms.katalon.core.webui.keyword.WebUiBuiltInKeywords.verifyElementClickable(WebUiBuiltInKeywords.groovy:562)
	at com.kms.katalon.core.webui.keyword.WebUiBuiltInKeywords$verifyElementClickable$23.call(Unknown Source)
	at Max limit.run(Max limit:80)
	at com.kms.katalon.core.main.ScriptEngine.run(ScriptEngine.java:194)
	at com.kms.katalon.core.main.ScriptEngine.runScriptAsRawText(ScriptEngine.java:119)
	at com.kms.katalon.core.main.TestCaseExecutor.runScript(TestCaseExecutor.java:328)
	at com.kms.katalon.core.main.TestCaseExecutor.doExecute(TestCaseExecutor.java:319)
	at com.kms.katalon.core.main.TestCaseExecutor.processExecutionPhase(TestCaseExecutor.java:298)
	at com.kms.katalon.core.main.TestCaseExecutor.accessMainPhase(TestCaseExecutor.java:290)
	at com.kms.katalon.core.main.TestCaseExecutor.execute(TestCaseExecutor.java:224)
	at com.kms.katalon.core.main.TestSuiteExecutor.accessTestCaseMainPhase(TestSuiteExecutor.java:129)
	at com.kms.katalon.core.main.TestSuiteExecutor.accessTestSuiteMainPhase(TestSuiteExecutor.java:112)
	at com.kms.katalon.core.main.TestSuiteExecutor.execute(TestSuiteExecutor.java:81)
	at com.kms.katalon.core.main.TestCaseMain.startTestSuite(TestCaseMain.java:149)
	at com.kms.katalon.core.main.TestCaseMain$startTestSuite$0.call(Unknown Source)
	at TempTestSuite1563918963353.run(TempTestSuite1563918963353.groovy:36)
"/>
         <system-out><![CDATA[2019-07-23 19:00:59 - [TEST_CASE][FAILED] - Test Cases/OCS - DESKTOP/OCS- CRITICAL PATH/Max limit: Test Cases/OCS - DESKTOP/OCS- CRITICAL PATH/Max limit FAILED.
Reason:
com.kms.katalon.core.exception.StepFailedException: Unable to verify object 'Object Repository/OCS-DESKTOP/Cart flyout/Checkout - Button' to be clickable (Root cause: com.kms.katalon.core.exception.StepFailedException: Web element with id: 'Object Repository/OCS-DESKTOP/Cart flyout/Checkout - Button' located by 'By.xpath: //a[@class='btn btn--primary full-width js-checkout-button']' not found)
	at com.kms.katalon.core.keyword.internal.KeywordMain.stepFailed(KeywordMain.groovy:36)
	at com.kms.katalon.core.webui.keyword.internal.WebUIKeywordMain.stepFailed(WebUIKeywordMain.groovy:65)
	at com.kms.katalon.core.webui.keyword.internal.WebUIKeywordMain.runKeyword(WebUIKeywordMain.groovy:27)
	at com.kms.katalon.core.webui.keyword.builtin.VerifyElementClickableKeyword.verifyElementClickable(VerifyElementClickableKeyword.groovy:96)
	at com.kms.katalon.core.webui.keyword.builtin.VerifyElementClickableKeyword.execute(VerifyElementClickableKeyword.groovy:67)
	at com.kms.katalon.core.keyword.internal.KeywordExecutor.executeKeywordForPlatform(KeywordExecutor.groovy:53)
	at com.kms.katalon.core.webui.keyword.WebUiBuiltInKeywords.verifyElementClickable(WebUiBuiltInKeywords.groovy:562)
	at com.kms.katalon.core.webui.keyword.WebUiBuiltInKeywords$verifyElementClickable$23.call(Unknown Source)
	at Max limit.run(Max limit:80)
	at com.kms.katalon.core.main.ScriptEngine.run(ScriptEngine.java:194)
	at com.kms.katalon.core.main.ScriptEngine.runScriptAsRawText(ScriptEngine.java:119)
	at com.kms.katalon.core.main.TestCaseExecutor.runScript(TestCaseExecutor.java:328)
	at com.kms.katalon.core.main.TestCaseExecutor.doExecute(TestCaseExecutor.java:319)
	at com.kms.katalon.core.main.TestCaseExecutor.processExecutionPhase(TestCaseExecutor.java:298)
	at com.kms.katalon.core.main.TestCaseExecutor.accessMainPhase(TestCaseExecutor.java:290)
	at com.kms.katalon.core.main.TestCaseExecutor.execute(TestCaseExecutor.java:224)
	at com.kms.katalon.core.main.TestSuiteExecutor.accessTestCaseMainPhase(TestSuiteExecutor.java:129)
	at com.kms.katalon.core.main.TestSuiteExecutor.accessTestSuiteMainPhase(TestSuiteExecutor.java:112)
	at com.kms.katalon.core.main.TestSuiteExecutor.execute(TestSuiteExecutor.java:81)
	at com.kms.katalon.core.main.TestCaseMain.startTestSuite(TestCaseMain.java:149)
	at com.kms.katalon.core.main.TestCaseMain$startTestSuite$0.call(Unknown Source)
	at TempTestSuite1563918963353.run(TempTestSuite1563918963353.groovy:36)


2019-07-23 19:00:59 - [TEST_STEP][PASSED] - callTestCase(findTestCase("OCS - DESKTOP/CALL - Navigate to PDP"), [:], STOP_ON_FAILURE): Call Test Case 'Test Cases/OCS - DESKTOP/CALL - Navigate to PDP' successfully

2019-07-23 19:00:59 - [TEST_CASE][PASSED] - Test Cases/OCS - DESKTOP/CALL - Navigate to PDP: Test Cases/OCS - DESKTOP/CALL - Navigate to PDP

2019-07-23 19:00:59 - [TEST_STEP][PASSED] - openBrowser(""): Browser is opened with url: ''

2019-07-23 19:00:59 - [MESSAGE][WARNING] - A browser is already opened. Closing browser and opening a new one

2019-07-23 19:00:59 - [MESSAGE][INFO] - Starting 'Chrome' driver

2019-07-23 19:01:00 - [MESSAGE][PASSED] - Browser is opened with url: ''

2019-07-23 19:01:00 - [TEST_STEP][PASSED] - maximizeWindow(): Current window maximized

2019-07-23 19:01:00 - [MESSAGE][PASSED] - Current window maximized

2019-07-23 19:01:00 - [TEST_STEP][PASSED] - navigateToUrl("https://ocs.ca/?fts=0&preview_theme_id=74209363788"): Navigate to 'https://ocs.ca/?fts=0&preview_theme_id=74209363788' successfully

2019-07-23 19:01:06 - [MESSAGE][PASSED] - Navigate to 'https://ocs.ca/?fts=0&preview_theme_id=74209363788' successfully

2019-07-23 19:01:06 - [TEST_STEP][PASSED] - executeJavaScript("var previewBar = document.getElementById("preview-bar-iframe"); previewBar.style.display = "none";", []): Execute JavaScript 'var previewBar = document.getElementById("preview-bar-iframe"); previewBar.style.display = "none";' successfully

2019-07-23 19:01:06 - [MESSAGE][PASSED] - Execute JavaScript 'var previewBar = document.getElementById("preview-bar-iframe"); previewBar.style.display = "none";' successfully

2019-07-23 19:01:06 - [TEST_STEP][PASSED] - delay(4): Delayed 4 second(s)

2019-07-23 19:01:10 - [MESSAGE][PASSED] - Delayed 4 second(s)

2019-07-23 19:01:10 - [TEST_STEP][PASSED] - selectOptionByValue(findTestObject("OCS-DESKTOP/Age gate and Mega menu/Date"), "12", true): All options with value '12' are selected in object 'Object Repository/OCS-DESKTOP/Age gate and Mega menu/Date'  using regular expression

2019-07-23 19:01:10 - [MESSAGE][PASSED] - All options with value '12' are selected in object 'Object Repository/OCS-DESKTOP/Age gate and Mega menu/Date'  using regular expression

2019-07-23 19:01:10 - [TEST_STEP][PASSED] - selectOptionByValue(findTestObject("OCS-DESKTOP/Age gate and Mega menu/month"), "6", true): All options with value '6' are selected in object 'Object Repository/OCS-DESKTOP/Age gate and Mega menu/month'  using regular expression

2019-07-23 19:01:10 - [MESSAGE][PASSED] - All options with value '6' are selected in object 'Object Repository/OCS-DESKTOP/Age gate and Mega menu/month'  using regular expression

2019-07-23 19:01:10 - [TEST_STEP][PASSED] - delay(2): Delayed 2 second(s)

2019-07-23 19:01:12 - [MESSAGE][PASSED] - Delayed 2 second(s)

2019-07-23 19:01:12 - [TEST_STEP][PASSED] - selectOptionByValue(findTestObject("OCS-DESKTOP/Age gate and Mega menu/Year Dropdown"), "1990", true): All options with value '1990' are selected in object 'Object Repository/OCS-DESKTOP/Age gate and Mega menu/Year Dropdown'  using regular expression

2019-07-23 19:01:14 - [MESSAGE][PASSED] - All options with value '1990' are selected in object 'Object Repository/OCS-DESKTOP/Age gate and Mega menu/Year Dropdown'  using regular expression

2019-07-23 19:01:14 - [TEST_STEP][PASSED] - click(findTestObject("OCS-DESKTOP/Age gate and Mega menu/button_Verify")): Object: 'Object Repository/OCS-DESKTOP/Age gate and Mega menu/button_Verify' is clicked on

2019-07-23 19:01:14 - [MESSAGE][PASSED] - Object: 'Object Repository/OCS-DESKTOP/Age gate and Mega menu/button_Verify' is clicked on

2019-07-23 19:01:14 - [TEST_STEP][PASSED] - click(findTestObject("OCS-DESKTOP/Age gate and Mega menu/Checkbox_CONFIRM AND ACKNOWLEDGE")): Object: 'Object Repository/OCS-DESKTOP/Age gate and Mega menu/Checkbox_CONFIRM AND ACKNOWLEDGE' is clicked on

2019-07-23 19:01:14 - [MESSAGE][PASSED] - Object: 'Object Repository/OCS-DESKTOP/Age gate and Mega menu/Checkbox_CONFIRM AND ACKNOWLEDGE' is clicked on

2019-07-23 19:01:14 - [TEST_STEP][PASSED] - click(findTestObject("OCS-DESKTOP/Age gate and Mega menu/button_CONFIRM")): Object: 'Object Repository/OCS-DESKTOP/Age gate and Mega menu/button_CONFIRM' is clicked on

2019-07-23 19:01:14 - [MESSAGE][PASSED] - Object: 'Object Repository/OCS-DESKTOP/Age gate and Mega menu/button_CONFIRM' is clicked on

2019-07-23 19:01:14 - [TEST_STEP][PASSED] - click(findTestObject("OCS-DESKTOP/Age gate and Mega menu/button_Start Browsing")): Object: 'Object Repository/OCS-DESKTOP/Age gate and Mega menu/button_Start Browsing' is clicked on

2019-07-23 19:01:14 - [MESSAGE][PASSED] - Object: 'Object Repository/OCS-DESKTOP/Age gate and Mega menu/button_Start Browsing' is clicked on

2019-07-23 19:01:14 - [TEST_STEP][PASSED] - delay(2): Delayed 2 second(s)

2019-07-23 19:01:16 - [MESSAGE][PASSED] - Delayed 2 second(s)

2019-07-23 19:01:16 - [TEST_STEP][PASSED] - navigateToUrl("https://ocs.ca/products/la-confidential"): Navigate to 'https://ocs.ca/products/la-confidential' successfully

2019-07-23 19:01:20 - [MESSAGE][PASSED] - Navigate to 'https://ocs.ca/products/la-confidential' successfully

2019-07-23 19:01:20 - [TEST_STEP][PASSED] - executeJavaScript("var previewBar = document.getElementById("preview-bar-iframe"); previewBar.style.display = "none";", []): Execute JavaScript 'var previewBar = document.getElementById("preview-bar-iframe"); previewBar.style.display = "none";' successfully

2019-07-23 19:01:20 - [MESSAGE][PASSED] - Execute JavaScript 'var previewBar = document.getElementById("preview-bar-iframe"); previewBar.style.display = "none";' successfully

2019-07-23 19:01:20 - [MESSAGE][PASSED] - Call Test Case 'Test Cases/OCS - DESKTOP/CALL - Navigate to PDP' successfully

2019-07-23 19:01:20 - [TEST_STEP][PASSED] - delay(2): Delayed 2 second(s)

2019-07-23 19:01:22 - [MESSAGE][PASSED] - Delayed 2 second(s)

2019-07-23 19:01:22 - [TEST_STEP][PASSED] - click(findTestObject("OCS-DESKTOP/Product page/Swatch_3.5g")): Object: 'Object Repository/OCS-DESKTOP/Product page/Swatch_3.5g' is clicked on

2019-07-23 19:01:22 - [MESSAGE][PASSED] - Object: 'Object Repository/OCS-DESKTOP/Product page/Swatch_3.5g' is clicked on

2019-07-23 19:01:22 - [TEST_STEP][PASSED] - delay(2): Delayed 2 second(s)

2019-07-23 19:01:24 - [MESSAGE][PASSED] - Delayed 2 second(s)

2019-07-23 19:01:24 - [TEST_STEP][PASSED] - click(findTestObject("OCS-DESKTOP/Product page/Quantity Increase - Button")): Object: 'Object Repository/OCS-DESKTOP/Product page/Quantity Increase - Button' is clicked on

2019-07-23 19:01:24 - [MESSAGE][PASSED] - Object: 'Object Repository/OCS-DESKTOP/Product page/Quantity Increase - Button' is clicked on

2019-07-23 19:01:24 - [TEST_STEP][PASSED] - delay(2): Delayed 2 second(s)

2019-07-23 19:01:26 - [MESSAGE][PASSED] - Delayed 2 second(s)

2019-07-23 19:01:26 - [TEST_STEP][PASSED] - click(findTestObject("OCS-DESKTOP/Product page/Quantity Increase - Button")): Object: 'Object Repository/OCS-DESKTOP/Product page/Quantity Increase - Button' is clicked on

2019-07-23 19:01:26 - [MESSAGE][PASSED] - Object: 'Object Repository/OCS-DESKTOP/Product page/Quantity Increase - Button' is clicked on

2019-07-23 19:01:26 - [TEST_STEP][PASSED] - delay(2): Delayed 2 second(s)

2019-07-23 19:01:28 - [MESSAGE][PASSED] - Delayed 2 second(s)

2019-07-23 19:01:28 - [TEST_STEP][PASSED] - click(findTestObject("OCS-DESKTOP/Product page/Quantity Increase - Button")): Object: 'Object Repository/OCS-DESKTOP/Product page/Quantity Increase - Button' is clicked on

2019-07-23 19:01:28 - [MESSAGE][PASSED] - Object: 'Object Repository/OCS-DESKTOP/Product page/Quantity Increase - Button' is clicked on

2019-07-23 19:01:28 - [TEST_STEP][PASSED] - delay(2): Delayed 2 second(s)

2019-07-23 19:01:30 - [MESSAGE][PASSED] - Delayed 2 second(s)

2019-07-23 19:01:30 - [TEST_STEP][PASSED] - click(findTestObject("OCS-DESKTOP/Product page/Quantity Increase - Button")): Object: 'Object Repository/OCS-DESKTOP/Product page/Quantity Increase - Button' is clicked on

2019-07-23 19:01:30 - [MESSAGE][PASSED] - Object: 'Object Repository/OCS-DESKTOP/Product page/Quantity Increase - Button' is clicked on

2019-07-23 19:01:30 - [TEST_STEP][PASSED] - delay(2): Delayed 2 second(s)

2019-07-23 19:01:32 - [MESSAGE][PASSED] - Delayed 2 second(s)

2019-07-23 19:01:32 - [TEST_STEP][PASSED] - click(findTestObject("OCS-DESKTOP/Product page/Quantity Increase - Button")): Object: 'Object Repository/OCS-DESKTOP/Product page/Quantity Increase - Button' is clicked on

2019-07-23 19:01:32 - [MESSAGE][PASSED] - Object: 'Object Repository/OCS-DESKTOP/Product page/Quantity Increase - Button' is clicked on

2019-07-23 19:01:32 - [TEST_STEP][PASSED] - delay(2): Delayed 2 second(s)

2019-07-23 19:01:34 - [MESSAGE][PASSED] - Delayed 2 second(s)

2019-07-23 19:01:34 - [TEST_STEP][PASSED] - click(findTestObject("OCS-DESKTOP/Product page/Quantity Increase - Button")): Object: 'Object Repository/OCS-DESKTOP/Product page/Quantity Increase - Button' is clicked on

2019-07-23 19:01:34 - [MESSAGE][PASSED] - Object: 'Object Repository/OCS-DESKTOP/Product page/Quantity Increase - Button' is clicked on

2019-07-23 19:01:34 - [TEST_STEP][PASSED] - delay(2): Delayed 2 second(s)

2019-07-23 19:01:36 - [MESSAGE][PASSED] - Delayed 2 second(s)

2019-07-23 19:01:36 - [TEST_STEP][PASSED] - click(findTestObject("OCS-DESKTOP/Product page/Quantity Increase - Button")): Object: 'Object Repository/OCS-DESKTOP/Product page/Quantity Increase - Button' is clicked on

2019-07-23 19:01:36 - [MESSAGE][PASSED] - Object: 'Object Repository/OCS-DESKTOP/Product page/Quantity Increase - Button' is clicked on

2019-07-23 19:01:36 - [TEST_STEP][PASSED] - delay(2): Delayed 2 second(s)

2019-07-23 19:01:38 - [MESSAGE][PASSED] - Delayed 2 second(s)

2019-07-23 19:01:38 - [TEST_STEP][PASSED] - click(findTestObject("OCS-DESKTOP/Product page/Quantity Increase - Button")): Object: 'Object Repository/OCS-DESKTOP/Product page/Quantity Increase - Button' is clicked on

2019-07-23 19:01:38 - [MESSAGE][PASSED] - Object: 'Object Repository/OCS-DESKTOP/Product page/Quantity Increase - Button' is clicked on

2019-07-23 19:01:38 - [TEST_STEP][PASSED] - delay(2): Delayed 2 second(s)

2019-07-23 19:01:40 - [MESSAGE][PASSED] - Delayed 2 second(s)

2019-07-23 19:01:40 - [TEST_STEP][PASSED] - click(findTestObject("OCS-DESKTOP/Product page/Quantity Increase - Button")): Object: 'Object Repository/OCS-DESKTOP/Product page/Quantity Increase - Button' is clicked on

2019-07-23 19:01:41 - [MESSAGE][PASSED] - Object: 'Object Repository/OCS-DESKTOP/Product page/Quantity Increase - Button' is clicked on

2019-07-23 19:01:41 - [TEST_STEP][PASSED] - delay(2): Delayed 2 second(s)

2019-07-23 19:01:43 - [MESSAGE][PASSED] - Delayed 2 second(s)

2019-07-23 19:01:43 - [TEST_STEP][PASSED] - click(findTestObject("OCS-DESKTOP/Product page/Add to Bag-button")): Object: 'Object Repository/OCS-DESKTOP/Product page/Add to Bag-button' is clicked on

2019-07-23 19:01:43 - [MESSAGE][PASSED] - Object: 'Object Repository/OCS-DESKTOP/Product page/Add to Bag-button' is clicked on

2019-07-23 19:01:43 - [TEST_STEP][PASSED] - delay(2): Delayed 2 second(s)

2019-07-23 19:01:45 - [MESSAGE][PASSED] - Delayed 2 second(s)

2019-07-23 19:01:45 - [TEST_STEP][PASSED] - click(findTestObject("OCS-DESKTOP/Home - page/view my bag - cart dropdown")): Object: 'Object Repository/OCS-DESKTOP/Home - page/view my bag - cart dropdown' is clicked on

2019-07-23 19:01:45 - [MESSAGE][PASSED] - Object: 'Object Repository/OCS-DESKTOP/Home - page/view my bag - cart dropdown' is clicked on

2019-07-23 19:01:45 - [TEST_STEP][PASSED] - delay(2): Delayed 2 second(s)

2019-07-23 19:01:47 - [MESSAGE][PASSED] - Delayed 2 second(s)

2019-07-23 19:01:47 - [TEST_STEP][PASSED] - click(findTestObject("OCS-DESKTOP/Cart flyout/Quantity increase - Product")): Object: 'Object Repository/OCS-DESKTOP/Cart flyout/Quantity increase - Product' is clicked on

2019-07-23 19:01:47 - [MESSAGE][PASSED] - Object: 'Object Repository/OCS-DESKTOP/Cart flyout/Quantity increase - Product' is clicked on

2019-07-23 19:01:47 - [TEST_STEP][PASSED] - delay(2): Delayed 2 second(s)

2019-07-23 19:01:49 - [MESSAGE][PASSED] - Delayed 2 second(s)

2019-07-23 19:01:49 - [TEST_STEP][PASSED] - click(findTestObject("OCS-DESKTOP/Cart flyout/Checkbox_I confirm that")): Object: 'Object Repository/OCS-DESKTOP/Cart flyout/Checkbox_I confirm that' is clicked on

2019-07-23 19:01:49 - [MESSAGE][PASSED] - Object: 'Object Repository/OCS-DESKTOP/Cart flyout/Checkbox_I confirm that' is clicked on

2019-07-23 19:01:49 - [TEST_STEP][PASSED] - delay(2): Delayed 2 second(s)

2019-07-23 19:01:51 - [MESSAGE][PASSED] - Delayed 2 second(s)

2019-07-23 19:01:51 - [TEST_STEP][PASSED] - click(findTestObject("OCS-DESKTOP/Cart flyout/Checkbox_Accept the Terms Condition")): Object: 'Object Repository/OCS-DESKTOP/Cart flyout/Checkbox_Accept the Terms Condition' is clicked on

2019-07-23 19:01:51 - [MESSAGE][PASSED] - Object: 'Object Repository/OCS-DESKTOP/Cart flyout/Checkbox_Accept the Terms Condition' is clicked on

2019-07-23 19:01:51 - [TEST_STEP][PASSED] - delay(2): Delayed 2 second(s)

2019-07-23 19:01:53 - [MESSAGE][PASSED] - Delayed 2 second(s)

2019-07-23 19:01:53 - [TEST_STEP][FAILED] - verifyElementClickable(findTestObject("OCS-DESKTOP/Cart flyout/Checkout - Button")): verifyElementClickable(findTestObject("OCS-DESKTOP/Cart flyout/Checkout - Button")) FAILED.
Reason:
com.kms.katalon.core.exception.StepFailedException: Unable to verify object 'Object Repository/OCS-DESKTOP/Cart flyout/Checkout - Button' to be clickable (Root cause: com.kms.katalon.core.exception.StepFailedException: Web element with id: 'Object Repository/OCS-DESKTOP/Cart flyout/Checkout - Button' located by 'By.xpath: //a[@class='btn btn--primary full-width js-checkout-button']' not found)
	at com.kms.katalon.core.keyword.internal.KeywordMain.stepFailed(KeywordMain.groovy:36)
	at com.kms.katalon.core.webui.keyword.internal.WebUIKeywordMain.stepFailed(WebUIKeywordMain.groovy:65)
	at com.kms.katalon.core.webui.keyword.internal.WebUIKeywordMain.runKeyword(WebUIKeywordMain.groovy:27)
	at com.kms.katalon.core.webui.keyword.builtin.VerifyElementClickableKeyword.verifyElementClickable(VerifyElementClickableKeyword.groovy:96)
	at com.kms.katalon.core.webui.keyword.builtin.VerifyElementClickableKeyword.execute(VerifyElementClickableKeyword.groovy:67)
	at com.kms.katalon.core.keyword.internal.KeywordExecutor.executeKeywordForPlatform(KeywordExecutor.groovy:53)
	at com.kms.katalon.core.webui.keyword.WebUiBuiltInKeywords.verifyElementClickable(WebUiBuiltInKeywords.groovy:562)
	at com.kms.katalon.core.webui.keyword.WebUiBuiltInKeywords$verifyElementClickable$23.call(Unknown Source)
	at Max limit.run(Max limit:80)
	at com.kms.katalon.core.main.ScriptEngine.run(ScriptEngine.java:194)
	at com.kms.katalon.core.main.ScriptEngine.runScriptAsRawText(ScriptEngine.java:119)
	at com.kms.katalon.core.main.TestCaseExecutor.runScript(TestCaseExecutor.java:328)
	at com.kms.katalon.core.main.TestCaseExecutor.doExecute(TestCaseExecutor.java:319)
	at com.kms.katalon.core.main.TestCaseExecutor.processExecutionPhase(TestCaseExecutor.java:298)
	at com.kms.katalon.core.main.TestCaseExecutor.accessMainPhase(TestCaseExecutor.java:290)
	at com.kms.katalon.core.main.TestCaseExecutor.execute(TestCaseExecutor.java:224)
	at com.kms.katalon.core.main.TestSuiteExecutor.accessTestCaseMainPhase(TestSuiteExecutor.java:129)
	at com.kms.katalon.core.main.TestSuiteExecutor.accessTestSuiteMainPhase(TestSuiteExecutor.java:112)
	at com.kms.katalon.core.main.TestSuiteExecutor.execute(TestSuiteExecutor.java:81)
	at com.kms.katalon.core.main.TestCaseMain.startTestSuite(TestCaseMain.java:149)
	at com.kms.katalon.core.main.TestCaseMain$startTestSuite$0.call(Unknown Source)
	at TempTestSuite1563918963353.run(TempTestSuite1563918963353.groovy:36)


2019-07-23 19:02:24 - [MESSAGE][INFO] - Unable to find the element located by 'By.xpath: //a[@class='btn btn--primary full-width js-checkout-button']'. Please recheck the objects properties to make sure the desired element is located. 

2019-07-23 19:02:24 - [MESSAGE][FAILED] - Web element with id: 'Object Repository/OCS-DESKTOP/Cart flyout/Checkout - Button' located by 'By.xpath: //a[@class='btn btn--primary full-width js-checkout-button']' not found
[[ATTACHMENT|/Users/sumankompelly/git/OCS--Relative-xpath-Desktop/Reports/Suite - Chrome/20190723_175603/1563922944415.png]]

2019-07-23 19:02:25 - [MESSAGE][FAILED] - Unable to verify object 'Object Repository/OCS-DESKTOP/Cart flyout/Checkout - Button' to be clickable (Root cause: com.kms.katalon.core.exception.StepFailedException: Web element with id: 'Object Repository/OCS-DESKTOP/Cart flyout/Checkout - Button' located by 'By.xpath: //a[@class='btn btn--primary full-width js-checkout-button']' not found)
[[ATTACHMENT|/Users/sumankompelly/git/OCS--Relative-xpath-Desktop/Reports/Suite - Chrome/20190723_175603/1563922944740.png]]

2019-07-23 19:02:25 - [MESSAGE][FAILED] - verifyElementClickable(findTestObject("OCS-DESKTOP/Cart flyout/Checkout - Button")) FAILED.
Reason:
com.kms.katalon.core.exception.StepFailedException: Unable to verify object 'Object Repository/OCS-DESKTOP/Cart flyout/Checkout - Button' to be clickable (Root cause: com.kms.katalon.core.exception.StepFailedException: Web element with id: 'Object Repository/OCS-DESKTOP/Cart flyout/Checkout - Button' located by 'By.xpath: //a[@class='btn btn--primary full-width js-checkout-button']' not found)
	at com.kms.katalon.core.keyword.internal.KeywordMain.stepFailed(KeywordMain.groovy:36)
	at com.kms.katalon.core.webui.keyword.internal.WebUIKeywordMain.stepFailed(WebUIKeywordMain.groovy:65)
	at com.kms.katalon.core.webui.keyword.internal.WebUIKeywordMain.runKeyword(WebUIKeywordMain.groovy:27)
	at com.kms.katalon.core.webui.keyword.builtin.VerifyElementClickableKeyword.verifyElementClickable(VerifyElementClickableKeyword.groovy:96)
	at com.kms.katalon.core.webui.keyword.builtin.VerifyElementClickableKeyword.execute(VerifyElementClickableKeyword.groovy:67)
	at com.kms.katalon.core.keyword.internal.KeywordExecutor.executeKeywordForPlatform(KeywordExecutor.groovy:53)
	at com.kms.katalon.core.webui.keyword.WebUiBuiltInKeywords.verifyElementClickable(WebUiBuiltInKeywords.groovy:562)
	at com.kms.katalon.core.webui.keyword.WebUiBuiltInKeywords$verifyElementClickable$23.call(Unknown Source)
	at Max limit.run(Max limit:80)
	at com.kms.katalon.core.main.ScriptEngine.run(ScriptEngine.java:194)
	at com.kms.katalon.core.main.ScriptEngine.runScriptAsRawText(ScriptEngine.java:119)
	at com.kms.katalon.core.main.TestCaseExecutor.runScript(TestCaseExecutor.java:328)
	at com.kms.katalon.core.main.TestCaseExecutor.doExecute(TestCaseExecutor.java:319)
	at com.kms.katalon.core.main.TestCaseExecutor.processExecutionPhase(TestCaseExecutor.java:298)
	at com.kms.katalon.core.main.TestCaseExecutor.accessMainPhase(TestCaseExecutor.java:290)
	at com.kms.katalon.core.main.TestCaseExecutor.execute(TestCaseExecutor.java:224)
	at com.kms.katalon.core.main.TestSuiteExecutor.accessTestCaseMainPhase(TestSuiteExecutor.java:129)
	at com.kms.katalon.core.main.TestSuiteExecutor.accessTestSuiteMainPhase(TestSuiteExecutor.java:112)
	at com.kms.katalon.core.main.TestSuiteExecutor.execute(TestSuiteExecutor.java:81)
	at com.kms.katalon.core.main.TestCaseMain.startTestSuite(TestCaseMain.java:149)
	at com.kms.katalon.core.main.TestCaseMain$startTestSuite$0.call(Unknown Source)
	at TempTestSuite1563918963353.run(TempTestSuite1563918963353.groovy:36)]]></system-out>
         <system-err><![CDATA[2019-07-23 19:00:59 - [TEST_CASE][FAILED] - Test Cases/OCS - DESKTOP/OCS- CRITICAL PATH/Max limit: Test Cases/OCS - DESKTOP/OCS- CRITICAL PATH/Max limit FAILED.
Reason:
com.kms.katalon.core.exception.StepFailedException: Unable to verify object 'Object Repository/OCS-DESKTOP/Cart flyout/Checkout - Button' to be clickable (Root cause: com.kms.katalon.core.exception.StepFailedException: Web element with id: 'Object Repository/OCS-DESKTOP/Cart flyout/Checkout - Button' located by 'By.xpath: //a[@class='btn btn--primary full-width js-checkout-button']' not found)
	at com.kms.katalon.core.keyword.internal.KeywordMain.stepFailed(KeywordMain.groovy:36)
	at com.kms.katalon.core.webui.keyword.internal.WebUIKeywordMain.stepFailed(WebUIKeywordMain.groovy:65)
	at com.kms.katalon.core.webui.keyword.internal.WebUIKeywordMain.runKeyword(WebUIKeywordMain.groovy:27)
	at com.kms.katalon.core.webui.keyword.builtin.VerifyElementClickableKeyword.verifyElementClickable(VerifyElementClickableKeyword.groovy:96)
	at com.kms.katalon.core.webui.keyword.builtin.VerifyElementClickableKeyword.execute(VerifyElementClickableKeyword.groovy:67)
	at com.kms.katalon.core.keyword.internal.KeywordExecutor.executeKeywordForPlatform(KeywordExecutor.groovy:53)
	at com.kms.katalon.core.webui.keyword.WebUiBuiltInKeywords.verifyElementClickable(WebUiBuiltInKeywords.groovy:562)
	at com.kms.katalon.core.webui.keyword.WebUiBuiltInKeywords$verifyElementClickable$23.call(Unknown Source)
	at Max limit.run(Max limit:80)
	at com.kms.katalon.core.main.ScriptEngine.run(ScriptEngine.java:194)
	at com.kms.katalon.core.main.ScriptEngine.runScriptAsRawText(ScriptEngine.java:119)
	at com.kms.katalon.core.main.TestCaseExecutor.runScript(TestCaseExecutor.java:328)
	at com.kms.katalon.core.main.TestCaseExecutor.doExecute(TestCaseExecutor.java:319)
	at com.kms.katalon.core.main.TestCaseExecutor.processExecutionPhase(TestCaseExecutor.java:298)
	at com.kms.katalon.core.main.TestCaseExecutor.accessMainPhase(TestCaseExecutor.java:290)
	at com.kms.katalon.core.main.TestCaseExecutor.execute(TestCaseExecutor.java:224)
	at com.kms.katalon.core.main.TestSuiteExecutor.accessTestCaseMainPhase(TestSuiteExecutor.java:129)
	at com.kms.katalon.core.main.TestSuiteExecutor.accessTestSuiteMainPhase(TestSuiteExecutor.java:112)
	at com.kms.katalon.core.main.TestSuiteExecutor.execute(TestSuiteExecutor.java:81)
	at com.kms.katalon.core.main.TestCaseMain.startTestSuite(TestCaseMain.java:149)
	at com.kms.katalon.core.main.TestCaseMain$startTestSuite$0.call(Unknown Source)
	at TempTestSuite1563918963353.run(TempTestSuite1563918963353.groovy:36)]]></system-err>
      </testcase>
      <testcase name="Test Cases/OCS - DESKTOP/OCS- CRITICAL PATH - FRENCH/Max limit - fr" classname="Test Cases/OCS - DESKTOP/OCS- CRITICAL PATH - FRENCH/Max limit - fr" status="FAILED">
         <failure type="FAILED" message="Test Cases/OCS - DESKTOP/OCS- CRITICAL PATH - FRENCH/Max limit - fr FAILED.
Reason:
com.kms.katalon.core.exception.StepFailedException: Unable to click on object 'Object Repository/Page_Blue Dream  Ontario Cannabis S/a_Passer  la caisse' (Root cause: org.openqa.selenium.WebDriverException: unknown error: Element &lt;a href=&quot;/checkout?locale=fr-CA&quot; class=&quot;btn btn--primary full-width is-disabled js-checkout-button&quot; aria-role=&quot;button&quot;>...&lt;/a> is not clickable at point (1830, 858). Other element would receive the click: &lt;div class=&quot;cart__totals&quot;>...&lt;/div>
  (Session info: chrome=75.0.3770.142)
  (Driver info: chromedriver=2.43.600229 (3fae4d0cda5334b4f533bede5a4787f7b832d052),platform=Mac OS X 10.13.6 x86_64) (WARNING: The server did not provide any stacktrace information)
Command duration or timeout: 0 milliseconds
Build info: version: '3.7.1', revision: '8a0099a', time: '2017-11-06T21:07:36.161Z'
System info: host: 'sumans-MacBook-Pro.local', ip: 'fe80:0:0:0:1c1a:e441:9b49:e629%en0', os.name: 'Mac OS X', os.arch: 'x86_64', os.version: '10.13.6', java.version: '1.8.0_181'
Driver info: com.kms.katalon.selenium.driver.CChromeDriver
Capabilities {acceptInsecureCerts: false, acceptSslCerts: false, applicationCacheEnabled: false, browserConnectionEnabled: false, browserName: chrome, chrome: {chromedriverVersion: 2.43.600229 (3fae4d0cda5334..., userDataDir: /var/folders/1t/c55l8xzs6gq...}, cssSelectorsEnabled: true, databaseEnabled: false, goog:chromeOptions: {debuggerAddress: localhost:56775}, handlesAlerts: true, hasTouchScreen: false, javascriptEnabled: true, locationContextEnabled: true, mobileEmulationEnabled: false, nativeEvents: true, networkConnectionEnabled: false, pageLoadStrategy: normal, platform: MAC, platformName: MAC, rotatable: false, setWindowRect: true, takesHeapSnapshot: true, takesScreenshot: true, unexpectedAlertBehaviour: , unhandledPromptBehavior: , version: 75.0.3770.142, webStorageEnabled: true}
Session ID: 3fb75a296c4997783ec41d31cdee830c)
	at com.kms.katalon.core.keyword.internal.KeywordMain.stepFailed(KeywordMain.groovy:36)
	at com.kms.katalon.core.webui.keyword.internal.WebUIKeywordMain.stepFailed(WebUIKeywordMain.groovy:65)
	at com.kms.katalon.core.webui.keyword.internal.WebUIKeywordMain.runKeyword(WebUIKeywordMain.groovy:27)
	at com.kms.katalon.core.webui.keyword.builtin.ClickKeyword.click(ClickKeyword.groovy:86)
	at com.kms.katalon.core.webui.keyword.builtin.ClickKeyword.execute(ClickKeyword.groovy:67)
	at com.kms.katalon.core.keyword.internal.KeywordExecutor.executeKeywordForPlatform(KeywordExecutor.groovy:53)
	at com.kms.katalon.core.webui.keyword.WebUiBuiltInKeywords.click(WebUiBuiltInKeywords.groovy:616)
	at com.kms.katalon.core.webui.keyword.WebUiBuiltInKeywords$click$4.call(Unknown Source)
	at Max limit - fr.run(Max limit - fr:87)
	at com.kms.katalon.core.main.ScriptEngine.run(ScriptEngine.java:194)
	at com.kms.katalon.core.main.ScriptEngine.runScriptAsRawText(ScriptEngine.java:119)
	at com.kms.katalon.core.main.TestCaseExecutor.runScript(TestCaseExecutor.java:328)
	at com.kms.katalon.core.main.TestCaseExecutor.doExecute(TestCaseExecutor.java:319)
	at com.kms.katalon.core.main.TestCaseExecutor.processExecutionPhase(TestCaseExecutor.java:298)
	at com.kms.katalon.core.main.TestCaseExecutor.accessMainPhase(TestCaseExecutor.java:290)
	at com.kms.katalon.core.main.TestCaseExecutor.execute(TestCaseExecutor.java:224)
	at com.kms.katalon.core.main.TestSuiteExecutor.accessTestCaseMainPhase(TestSuiteExecutor.java:129)
	at com.kms.katalon.core.main.TestSuiteExecutor.accessTestSuiteMainPhase(TestSuiteExecutor.java:112)
	at com.kms.katalon.core.main.TestSuiteExecutor.execute(TestSuiteExecutor.java:81)
	at com.kms.katalon.core.main.TestCaseMain.startTestSuite(TestCaseMain.java:149)
	at com.kms.katalon.core.main.TestCaseMain$startTestSuite$0.call(Unknown Source)
	at TempTestSuite1563918963353.run(TempTestSuite1563918963353.groovy:36)
"/>
         <system-out><![CDATA[2019-07-23 19:02:25 - [TEST_CASE][FAILED] - Test Cases/OCS - DESKTOP/OCS- CRITICAL PATH - FRENCH/Max limit - fr: Test Cases/OCS - DESKTOP/OCS- CRITICAL PATH - FRENCH/Max limit - fr FAILED.
Reason:
com.kms.katalon.core.exception.StepFailedException: Unable to click on object 'Object Repository/Page_Blue Dream  Ontario Cannabis S/a_Passer  la caisse' (Root cause: org.openqa.selenium.WebDriverException: unknown error: Element <a href="/checkout?locale=fr-CA" class="btn btn--primary full-width is-disabled js-checkout-button" aria-role="button">...</a> is not clickable at point (1830, 858). Other element would receive the click: <div class="cart__totals">...</div>
  (Session info: chrome=75.0.3770.142)
  (Driver info: chromedriver=2.43.600229 (3fae4d0cda5334b4f533bede5a4787f7b832d052),platform=Mac OS X 10.13.6 x86_64) (WARNING: The server did not provide any stacktrace information)
Command duration or timeout: 0 milliseconds
Build info: version: '3.7.1', revision: '8a0099a', time: '2017-11-06T21:07:36.161Z'
System info: host: 'sumans-MacBook-Pro.local', ip: 'fe80:0:0:0:1c1a:e441:9b49:e629%en0', os.name: 'Mac OS X', os.arch: 'x86_64', os.version: '10.13.6', java.version: '1.8.0_181'
Driver info: com.kms.katalon.selenium.driver.CChromeDriver
Capabilities {acceptInsecureCerts: false, acceptSslCerts: false, applicationCacheEnabled: false, browserConnectionEnabled: false, browserName: chrome, chrome: {chromedriverVersion: 2.43.600229 (3fae4d0cda5334..., userDataDir: /var/folders/1t/c55l8xzs6gq...}, cssSelectorsEnabled: true, databaseEnabled: false, goog:chromeOptions: {debuggerAddress: localhost:56775}, handlesAlerts: true, hasTouchScreen: false, javascriptEnabled: true, locationContextEnabled: true, mobileEmulationEnabled: false, nativeEvents: true, networkConnectionEnabled: false, pageLoadStrategy: normal, platform: MAC, platformName: MAC, rotatable: false, setWindowRect: true, takesHeapSnapshot: true, takesScreenshot: true, unexpectedAlertBehaviour: , unhandledPromptBehavior: , version: 75.0.3770.142, webStorageEnabled: true}
Session ID: 3fb75a296c4997783ec41d31cdee830c)
	at com.kms.katalon.core.keyword.internal.KeywordMain.stepFailed(KeywordMain.groovy:36)
	at com.kms.katalon.core.webui.keyword.internal.WebUIKeywordMain.stepFailed(WebUIKeywordMain.groovy:65)
	at com.kms.katalon.core.webui.keyword.internal.WebUIKeywordMain.runKeyword(WebUIKeywordMain.groovy:27)
	at com.kms.katalon.core.webui.keyword.builtin.ClickKeyword.click(ClickKeyword.groovy:86)
	at com.kms.katalon.core.webui.keyword.builtin.ClickKeyword.execute(ClickKeyword.groovy:67)
	at com.kms.katalon.core.keyword.internal.KeywordExecutor.executeKeywordForPlatform(KeywordExecutor.groovy:53)
	at com.kms.katalon.core.webui.keyword.WebUiBuiltInKeywords.click(WebUiBuiltInKeywords.groovy:616)
	at com.kms.katalon.core.webui.keyword.WebUiBuiltInKeywords$click$4.call(Unknown Source)
	at Max limit - fr.run(Max limit - fr:87)
	at com.kms.katalon.core.main.ScriptEngine.run(ScriptEngine.java:194)
	at com.kms.katalon.core.main.ScriptEngine.runScriptAsRawText(ScriptEngine.java:119)
	at com.kms.katalon.core.main.TestCaseExecutor.runScript(TestCaseExecutor.java:328)
	at com.kms.katalon.core.main.TestCaseExecutor.doExecute(TestCaseExecutor.java:319)
	at com.kms.katalon.core.main.TestCaseExecutor.processExecutionPhase(TestCaseExecutor.java:298)
	at com.kms.katalon.core.main.TestCaseExecutor.accessMainPhase(TestCaseExecutor.java:290)
	at com.kms.katalon.core.main.TestCaseExecutor.execute(TestCaseExecutor.java:224)
	at com.kms.katalon.core.main.TestSuiteExecutor.accessTestCaseMainPhase(TestSuiteExecutor.java:129)
	at com.kms.katalon.core.main.TestSuiteExecutor.accessTestSuiteMainPhase(TestSuiteExecutor.java:112)
	at com.kms.katalon.core.main.TestSuiteExecutor.execute(TestSuiteExecutor.java:81)
	at com.kms.katalon.core.main.TestCaseMain.startTestSuite(TestCaseMain.java:149)
	at com.kms.katalon.core.main.TestCaseMain$startTestSuite$0.call(Unknown Source)
	at TempTestSuite1563918963353.run(TempTestSuite1563918963353.groovy:36)


2019-07-23 19:02:25 - [TEST_STEP][PASSED] - callTestCase(findTestCase("OCS - DESKTOP/CALL - Navigate to PDP"), [:], STOP_ON_FAILURE): Call Test Case 'Test Cases/OCS - DESKTOP/CALL - Navigate to PDP' successfully

2019-07-23 19:02:25 - [TEST_CASE][PASSED] - Test Cases/OCS - DESKTOP/CALL - Navigate to PDP: Test Cases/OCS - DESKTOP/CALL - Navigate to PDP

2019-07-23 19:02:25 - [TEST_STEP][PASSED] - openBrowser(""): Browser is opened with url: ''

2019-07-23 19:02:25 - [MESSAGE][WARNING] - A browser is already opened. Closing browser and opening a new one

2019-07-23 19:02:25 - [MESSAGE][INFO] - Starting 'Chrome' driver

2019-07-23 19:02:26 - [MESSAGE][PASSED] - Browser is opened with url: ''

2019-07-23 19:02:26 - [TEST_STEP][PASSED] - maximizeWindow(): Current window maximized

2019-07-23 19:02:26 - [MESSAGE][PASSED] - Current window maximized

2019-07-23 19:02:26 - [TEST_STEP][PASSED] - navigateToUrl("https://ocs.ca/?fts=0&preview_theme_id=74209363788"): Navigate to 'https://ocs.ca/?fts=0&preview_theme_id=74209363788' successfully

2019-07-23 19:02:31 - [MESSAGE][PASSED] - Navigate to 'https://ocs.ca/?fts=0&preview_theme_id=74209363788' successfully

2019-07-23 19:02:31 - [TEST_STEP][PASSED] - executeJavaScript("var previewBar = document.getElementById("preview-bar-iframe"); previewBar.style.display = "none";", []): Execute JavaScript 'var previewBar = document.getElementById("preview-bar-iframe"); previewBar.style.display = "none";' successfully

2019-07-23 19:02:31 - [MESSAGE][PASSED] - Execute JavaScript 'var previewBar = document.getElementById("preview-bar-iframe"); previewBar.style.display = "none";' successfully

2019-07-23 19:02:31 - [TEST_STEP][PASSED] - delay(4): Delayed 4 second(s)

2019-07-23 19:02:35 - [MESSAGE][PASSED] - Delayed 4 second(s)

2019-07-23 19:02:35 - [TEST_STEP][PASSED] - selectOptionByValue(findTestObject("OCS-DESKTOP/Age gate and Mega menu/Date"), "12", true): All options with value '12' are selected in object 'Object Repository/OCS-DESKTOP/Age gate and Mega menu/Date'  using regular expression

2019-07-23 19:02:35 - [MESSAGE][PASSED] - All options with value '12' are selected in object 'Object Repository/OCS-DESKTOP/Age gate and Mega menu/Date'  using regular expression

2019-07-23 19:02:35 - [TEST_STEP][PASSED] - selectOptionByValue(findTestObject("OCS-DESKTOP/Age gate and Mega menu/month"), "6", true): All options with value '6' are selected in object 'Object Repository/OCS-DESKTOP/Age gate and Mega menu/month'  using regular expression

2019-07-23 19:02:35 - [MESSAGE][PASSED] - All options with value '6' are selected in object 'Object Repository/OCS-DESKTOP/Age gate and Mega menu/month'  using regular expression

2019-07-23 19:02:35 - [TEST_STEP][PASSED] - delay(2): Delayed 2 second(s)

2019-07-23 19:02:37 - [MESSAGE][PASSED] - Delayed 2 second(s)

2019-07-23 19:02:37 - [TEST_STEP][PASSED] - selectOptionByValue(findTestObject("OCS-DESKTOP/Age gate and Mega menu/Year Dropdown"), "1990", true): All options with value '1990' are selected in object 'Object Repository/OCS-DESKTOP/Age gate and Mega menu/Year Dropdown'  using regular expression

2019-07-23 19:02:38 - [MESSAGE][PASSED] - All options with value '1990' are selected in object 'Object Repository/OCS-DESKTOP/Age gate and Mega menu/Year Dropdown'  using regular expression

2019-07-23 19:02:38 - [TEST_STEP][PASSED] - click(findTestObject("OCS-DESKTOP/Age gate and Mega menu/button_Verify")): Object: 'Object Repository/OCS-DESKTOP/Age gate and Mega menu/button_Verify' is clicked on

2019-07-23 19:02:38 - [MESSAGE][PASSED] - Object: 'Object Repository/OCS-DESKTOP/Age gate and Mega menu/button_Verify' is clicked on

2019-07-23 19:02:38 - [TEST_STEP][PASSED] - click(findTestObject("OCS-DESKTOP/Age gate and Mega menu/Checkbox_CONFIRM AND ACKNOWLEDGE")): Object: 'Object Repository/OCS-DESKTOP/Age gate and Mega menu/Checkbox_CONFIRM AND ACKNOWLEDGE' is clicked on

2019-07-23 19:02:39 - [MESSAGE][PASSED] - Object: 'Object Repository/OCS-DESKTOP/Age gate and Mega menu/Checkbox_CONFIRM AND ACKNOWLEDGE' is clicked on

2019-07-23 19:02:39 - [TEST_STEP][PASSED] - click(findTestObject("OCS-DESKTOP/Age gate and Mega menu/button_CONFIRM")): Object: 'Object Repository/OCS-DESKTOP/Age gate and Mega menu/button_CONFIRM' is clicked on

2019-07-23 19:02:39 - [MESSAGE][PASSED] - Object: 'Object Repository/OCS-DESKTOP/Age gate and Mega menu/button_CONFIRM' is clicked on

2019-07-23 19:02:39 - [TEST_STEP][PASSED] - click(findTestObject("OCS-DESKTOP/Age gate and Mega menu/button_Start Browsing")): Object: 'Object Repository/OCS-DESKTOP/Age gate and Mega menu/button_Start Browsing' is clicked on

2019-07-23 19:02:39 - [MESSAGE][PASSED] - Object: 'Object Repository/OCS-DESKTOP/Age gate and Mega menu/button_Start Browsing' is clicked on

2019-07-23 19:02:39 - [TEST_STEP][PASSED] - delay(2): Delayed 2 second(s)

2019-07-23 19:02:41 - [MESSAGE][PASSED] - Delayed 2 second(s)

2019-07-23 19:02:41 - [TEST_STEP][PASSED] - navigateToUrl("https://ocs.ca/products/la-confidential"): Navigate to 'https://ocs.ca/products/la-confidential' successfully

2019-07-23 19:02:45 - [MESSAGE][PASSED] - Navigate to 'https://ocs.ca/products/la-confidential' successfully

2019-07-23 19:02:45 - [TEST_STEP][PASSED] - executeJavaScript("var previewBar = document.getElementById("preview-bar-iframe"); previewBar.style.display = "none";", []): Execute JavaScript 'var previewBar = document.getElementById("preview-bar-iframe"); previewBar.style.display = "none";' successfully

2019-07-23 19:02:45 - [MESSAGE][PASSED] - Execute JavaScript 'var previewBar = document.getElementById("preview-bar-iframe"); previewBar.style.display = "none";' successfully

2019-07-23 19:02:45 - [MESSAGE][PASSED] - Call Test Case 'Test Cases/OCS - DESKTOP/CALL - Navigate to PDP' successfully

2019-07-23 19:02:45 - [TEST_STEP][PASSED] - delay(2): Delayed 2 second(s)

2019-07-23 19:02:47 - [MESSAGE][PASSED] - Delayed 2 second(s)

2019-07-23 19:02:47 - [TEST_STEP][PASSED] - callTestCase(findTestCase("OCS - DESKTOP/CALL - TOGGLING LANGUAGE"), [:], STOP_ON_FAILURE): Call Test Case 'Test Cases/OCS - DESKTOP/CALL - TOGGLING LANGUAGE' successfully

2019-07-23 19:02:47 - [TEST_CASE][PASSED] - Test Cases/OCS - DESKTOP/CALL - TOGGLING LANGUAGE: Test Cases/OCS - DESKTOP/CALL - TOGGLING LANGUAGE

2019-07-23 19:02:47 - [TEST_STEP][PASSED] - delay(2): Delayed 2 second(s)

2019-07-23 19:02:49 - [MESSAGE][PASSED] - Delayed 2 second(s)

2019-07-23 19:02:49 - [TEST_STEP][PASSED] - click(findTestObject("OCS-DESKTOP/Cart flyout/English dropdown")): Object: 'Object Repository/OCS-DESKTOP/Cart flyout/English dropdown' is clicked on

2019-07-23 19:02:49 - [MESSAGE][PASSED] - Object: 'Object Repository/OCS-DESKTOP/Cart flyout/English dropdown' is clicked on

2019-07-23 19:02:49 - [TEST_STEP][PASSED] - delay(2): Delayed 2 second(s)

2019-07-23 19:02:51 - [MESSAGE][PASSED] - Delayed 2 second(s)

2019-07-23 19:02:51 - [TEST_STEP][PASSED] - click(findTestObject("OCS-DESKTOP/Cart flyout/Select French")): Object: 'Object Repository/OCS-DESKTOP/Cart flyout/Select French' is clicked on

2019-07-23 19:02:51 - [MESSAGE][PASSED] - Object: 'Object Repository/OCS-DESKTOP/Cart flyout/Select French' is clicked on

2019-07-23 19:02:51 - [TEST_STEP][PASSED] - delay(5): Delayed 5 second(s)

2019-07-23 19:02:56 - [MESSAGE][PASSED] - Delayed 5 second(s)

2019-07-23 19:02:56 - [TEST_STEP][PASSED] - e = getWindowTitle(): Current window's title is: 'LA Confidential | Ontario Cannabis Store'

2019-07-23 19:02:56 - [MESSAGE][PASSED] - Current window's title is: 'LA Confidential | Ontario Cannabis Store'

2019-07-23 19:02:56 - [MESSAGE][PASSED] - Call Test Case 'Test Cases/OCS - DESKTOP/CALL - TOGGLING LANGUAGE' successfully

2019-07-23 19:02:56 - [TEST_STEP][PASSED] - executeJavaScript("var previewBar = document.getElementById("preview-bar-iframe"); previewBar.style.display = "none";", []): Execute JavaScript 'var previewBar = document.getElementById("preview-bar-iframe"); previewBar.style.display = "none";' successfully

2019-07-23 19:02:56 - [MESSAGE][PASSED] - Execute JavaScript 'var previewBar = document.getElementById("preview-bar-iframe"); previewBar.style.display = "none";' successfully

2019-07-23 19:02:56 - [TEST_STEP][PASSED] - delay(2): Delayed 2 second(s)

2019-07-23 19:02:58 - [MESSAGE][PASSED] - Delayed 2 second(s)

2019-07-23 19:02:58 - [TEST_STEP][PASSED] - click(findTestObject("OCS-DESKTOP/Product page/Swatch_3.5g")): Object: 'Object Repository/OCS-DESKTOP/Product page/Swatch_3.5g' is clicked on

2019-07-23 19:02:58 - [MESSAGE][PASSED] - Object: 'Object Repository/OCS-DESKTOP/Product page/Swatch_3.5g' is clicked on

2019-07-23 19:02:58 - [TEST_STEP][PASSED] - delay(2): Delayed 2 second(s)

2019-07-23 19:03:00 - [MESSAGE][PASSED] - Delayed 2 second(s)

2019-07-23 19:03:00 - [TEST_STEP][PASSED] - click(findTestObject("OCS-DESKTOP/Product page/Quantity Increase - Button")): Object: 'Object Repository/OCS-DESKTOP/Product page/Quantity Increase - Button' is clicked on

2019-07-23 19:03:00 - [MESSAGE][PASSED] - Object: 'Object Repository/OCS-DESKTOP/Product page/Quantity Increase - Button' is clicked on

2019-07-23 19:03:00 - [TEST_STEP][PASSED] - delay(2): Delayed 2 second(s)

2019-07-23 19:03:02 - [MESSAGE][PASSED] - Delayed 2 second(s)

2019-07-23 19:03:02 - [TEST_STEP][PASSED] - click(findTestObject("OCS-DESKTOP/Product page/Quantity Increase - Button")): Object: 'Object Repository/OCS-DESKTOP/Product page/Quantity Increase - Button' is clicked on

2019-07-23 19:03:02 - [MESSAGE][PASSED] - Object: 'Object Repository/OCS-DESKTOP/Product page/Quantity Increase - Button' is clicked on

2019-07-23 19:03:02 - [TEST_STEP][PASSED] - delay(2): Delayed 2 second(s)

2019-07-23 19:03:04 - [MESSAGE][PASSED] - Delayed 2 second(s)

2019-07-23 19:03:04 - [TEST_STEP][PASSED] - click(findTestObject("OCS-DESKTOP/Product page/Quantity Increase - Button")): Object: 'Object Repository/OCS-DESKTOP/Product page/Quantity Increase - Button' is clicked on

2019-07-23 19:03:04 - [MESSAGE][PASSED] - Object: 'Object Repository/OCS-DESKTOP/Product page/Quantity Increase - Button' is clicked on

2019-07-23 19:03:04 - [TEST_STEP][PASSED] - delay(2): Delayed 2 second(s)

2019-07-23 19:03:06 - [MESSAGE][PASSED] - Delayed 2 second(s)

2019-07-23 19:03:06 - [TEST_STEP][PASSED] - click(findTestObject("OCS-DESKTOP/Product page/Quantity Increase - Button")): Object: 'Object Repository/OCS-DESKTOP/Product page/Quantity Increase - Button' is clicked on

2019-07-23 19:03:06 - [MESSAGE][PASSED] - Object: 'Object Repository/OCS-DESKTOP/Product page/Quantity Increase - Button' is clicked on

2019-07-23 19:03:06 - [TEST_STEP][PASSED] - delay(2): Delayed 2 second(s)

2019-07-23 19:03:08 - [MESSAGE][PASSED] - Delayed 2 second(s)

2019-07-23 19:03:08 - [TEST_STEP][PASSED] - click(findTestObject("OCS-DESKTOP/Product page/Quantity Increase - Button")): Object: 'Object Repository/OCS-DESKTOP/Product page/Quantity Increase - Button' is clicked on

2019-07-23 19:03:08 - [MESSAGE][PASSED] - Object: 'Object Repository/OCS-DESKTOP/Product page/Quantity Increase - Button' is clicked on

2019-07-23 19:03:08 - [TEST_STEP][PASSED] - delay(2): Delayed 2 second(s)

2019-07-23 19:03:10 - [MESSAGE][PASSED] - Delayed 2 second(s)

2019-07-23 19:03:10 - [TEST_STEP][PASSED] - click(findTestObject("OCS-DESKTOP/Product page/Quantity Increase - Button")): Object: 'Object Repository/OCS-DESKTOP/Product page/Quantity Increase - Button' is clicked on

2019-07-23 19:03:10 - [MESSAGE][PASSED] - Object: 'Object Repository/OCS-DESKTOP/Product page/Quantity Increase - Button' is clicked on

2019-07-23 19:03:10 - [TEST_STEP][PASSED] - delay(2): Delayed 2 second(s)

2019-07-23 19:03:12 - [MESSAGE][PASSED] - Delayed 2 second(s)

2019-07-23 19:03:12 - [TEST_STEP][PASSED] - click(findTestObject("OCS-DESKTOP/Product page/Quantity Increase - Button")): Object: 'Object Repository/OCS-DESKTOP/Product page/Quantity Increase - Button' is clicked on

2019-07-23 19:03:12 - [MESSAGE][PASSED] - Object: 'Object Repository/OCS-DESKTOP/Product page/Quantity Increase - Button' is clicked on

2019-07-23 19:03:12 - [TEST_STEP][PASSED] - delay(2): Delayed 2 second(s)

2019-07-23 19:03:14 - [MESSAGE][PASSED] - Delayed 2 second(s)

2019-07-23 19:03:14 - [TEST_STEP][PASSED] - click(findTestObject("OCS-DESKTOP/Product page/Quantity Increase - Button")): Object: 'Object Repository/OCS-DESKTOP/Product page/Quantity Increase - Button' is clicked on

2019-07-23 19:03:14 - [MESSAGE][PASSED] - Object: 'Object Repository/OCS-DESKTOP/Product page/Quantity Increase - Button' is clicked on

2019-07-23 19:03:14 - [TEST_STEP][PASSED] - delay(2): Delayed 2 second(s)

2019-07-23 19:03:16 - [MESSAGE][PASSED] - Delayed 2 second(s)

2019-07-23 19:03:16 - [TEST_STEP][PASSED] - click(findTestObject("OCS-DESKTOP/Product page/Quantity Increase - Button")): Object: 'Object Repository/OCS-DESKTOP/Product page/Quantity Increase - Button' is clicked on

2019-07-23 19:03:16 - [MESSAGE][PASSED] - Object: 'Object Repository/OCS-DESKTOP/Product page/Quantity Increase - Button' is clicked on

2019-07-23 19:03:16 - [TEST_STEP][PASSED] - delay(2): Delayed 2 second(s)

2019-07-23 19:03:18 - [MESSAGE][PASSED] - Delayed 2 second(s)

2019-07-23 19:03:18 - [TEST_STEP][PASSED] - click(findTestObject("OCS-DESKTOP/Product page/Add to Bag-button")): Object: 'Object Repository/OCS-DESKTOP/Product page/Add to Bag-button' is clicked on

2019-07-23 19:03:19 - [MESSAGE][PASSED] - Object: 'Object Repository/OCS-DESKTOP/Product page/Add to Bag-button' is clicked on

2019-07-23 19:03:19 - [TEST_STEP][PASSED] - delay(2): Delayed 2 second(s)

2019-07-23 19:03:21 - [MESSAGE][PASSED] - Delayed 2 second(s)

2019-07-23 19:03:21 - [TEST_STEP][PASSED] - click(findTestObject("OCS-DESKTOP/Home - page/view my bag - cart dropdown")): Object: 'Object Repository/OCS-DESKTOP/Home - page/view my bag - cart dropdown' is clicked on

2019-07-23 19:03:21 - [MESSAGE][PASSED] - Object: 'Object Repository/OCS-DESKTOP/Home - page/view my bag - cart dropdown' is clicked on

2019-07-23 19:03:21 - [TEST_STEP][PASSED] - delay(2): Delayed 2 second(s)

2019-07-23 19:03:23 - [MESSAGE][PASSED] - Delayed 2 second(s)

2019-07-23 19:03:23 - [TEST_STEP][PASSED] - click(findTestObject("OCS-DESKTOP/Cart flyout/Quantity increase - Product")): Object: 'Object Repository/OCS-DESKTOP/Cart flyout/Quantity increase - Product' is clicked on

2019-07-23 19:03:23 - [MESSAGE][PASSED] - Object: 'Object Repository/OCS-DESKTOP/Cart flyout/Quantity increase - Product' is clicked on

2019-07-23 19:03:23 - [TEST_STEP][PASSED] - delay(2): Delayed 2 second(s)

2019-07-23 19:03:25 - [MESSAGE][PASSED] - Delayed 2 second(s)

2019-07-23 19:03:25 - [TEST_STEP][PASSED] - click(findTestObject("OCS-DESKTOP/Cart flyout/Checkbox_I confirm that")): Object: 'Object Repository/OCS-DESKTOP/Cart flyout/Checkbox_I confirm that' is clicked on

2019-07-23 19:03:25 - [MESSAGE][PASSED] - Object: 'Object Repository/OCS-DESKTOP/Cart flyout/Checkbox_I confirm that' is clicked on

2019-07-23 19:03:25 - [TEST_STEP][PASSED] - delay(2): Delayed 2 second(s)

2019-07-23 19:03:27 - [MESSAGE][PASSED] - Delayed 2 second(s)

2019-07-23 19:03:27 - [TEST_STEP][PASSED] - click(findTestObject("OCS-DESKTOP/Cart flyout/Checkbox_Accept the Terms Condition")): Object: 'Object Repository/OCS-DESKTOP/Cart flyout/Checkbox_Accept the Terms Condition' is clicked on

2019-07-23 19:03:27 - [MESSAGE][PASSED] - Object: 'Object Repository/OCS-DESKTOP/Cart flyout/Checkbox_Accept the Terms Condition' is clicked on

2019-07-23 19:03:27 - [TEST_STEP][PASSED] - delay(2): Delayed 2 second(s)

2019-07-23 19:03:29 - [MESSAGE][PASSED] - Delayed 2 second(s)

2019-07-23 19:03:29 - [TEST_STEP][FAILED] - click(findTestObject("Page_Blue Dream  Ontario Cannabis S/a_Passer  la caisse")): click(findTestObject("Page_Blue Dream  Ontario Cannabis S/a_Passer  la caisse")) FAILED.
Reason:
com.kms.katalon.core.exception.StepFailedException: Unable to click on object 'Object Repository/Page_Blue Dream  Ontario Cannabis S/a_Passer  la caisse' (Root cause: org.openqa.selenium.WebDriverException: unknown error: Element <a href="/checkout?locale=fr-CA" class="btn btn--primary full-width is-disabled js-checkout-button" aria-role="button">...</a> is not clickable at point (1830, 858). Other element would receive the click: <div class="cart__totals">...</div>
  (Session info: chrome=75.0.3770.142)
  (Driver info: chromedriver=2.43.600229 (3fae4d0cda5334b4f533bede5a4787f7b832d052),platform=Mac OS X 10.13.6 x86_64) (WARNING: The server did not provide any stacktrace information)
Command duration or timeout: 0 milliseconds
Build info: version: '3.7.1', revision: '8a0099a', time: '2017-11-06T21:07:36.161Z'
System info: host: 'sumans-MacBook-Pro.local', ip: 'fe80:0:0:0:1c1a:e441:9b49:e629%en0', os.name: 'Mac OS X', os.arch: 'x86_64', os.version: '10.13.6', java.version: '1.8.0_181'
Driver info: com.kms.katalon.selenium.driver.CChromeDriver
Capabilities {acceptInsecureCerts: false, acceptSslCerts: false, applicationCacheEnabled: false, browserConnectionEnabled: false, browserName: chrome, chrome: {chromedriverVersion: 2.43.600229 (3fae4d0cda5334..., userDataDir: /var/folders/1t/c55l8xzs6gq...}, cssSelectorsEnabled: true, databaseEnabled: false, goog:chromeOptions: {debuggerAddress: localhost:56775}, handlesAlerts: true, hasTouchScreen: false, javascriptEnabled: true, locationContextEnabled: true, mobileEmulationEnabled: false, nativeEvents: true, networkConnectionEnabled: false, pageLoadStrategy: normal, platform: MAC, platformName: MAC, rotatable: false, setWindowRect: true, takesHeapSnapshot: true, takesScreenshot: true, unexpectedAlertBehaviour: , unhandledPromptBehavior: , version: 75.0.3770.142, webStorageEnabled: true}
Session ID: 3fb75a296c4997783ec41d31cdee830c)
	at com.kms.katalon.core.keyword.internal.KeywordMain.stepFailed(KeywordMain.groovy:36)
	at com.kms.katalon.core.webui.keyword.internal.WebUIKeywordMain.stepFailed(WebUIKeywordMain.groovy:65)
	at com.kms.katalon.core.webui.keyword.internal.WebUIKeywordMain.runKeyword(WebUIKeywordMain.groovy:27)
	at com.kms.katalon.core.webui.keyword.builtin.ClickKeyword.click(ClickKeyword.groovy:86)
	at com.kms.katalon.core.webui.keyword.builtin.ClickKeyword.execute(ClickKeyword.groovy:67)
	at com.kms.katalon.core.keyword.internal.KeywordExecutor.executeKeywordForPlatform(KeywordExecutor.groovy:53)
	at com.kms.katalon.core.webui.keyword.WebUiBuiltInKeywords.click(WebUiBuiltInKeywords.groovy:616)
	at com.kms.katalon.core.webui.keyword.WebUiBuiltInKeywords$click$4.call(Unknown Source)
	at Max limit - fr.run(Max limit - fr:87)
	at com.kms.katalon.core.main.ScriptEngine.run(ScriptEngine.java:194)
	at com.kms.katalon.core.main.ScriptEngine.runScriptAsRawText(ScriptEngine.java:119)
	at com.kms.katalon.core.main.TestCaseExecutor.runScript(TestCaseExecutor.java:328)
	at com.kms.katalon.core.main.TestCaseExecutor.doExecute(TestCaseExecutor.java:319)
	at com.kms.katalon.core.main.TestCaseExecutor.processExecutionPhase(TestCaseExecutor.java:298)
	at com.kms.katalon.core.main.TestCaseExecutor.accessMainPhase(TestCaseExecutor.java:290)
	at com.kms.katalon.core.main.TestCaseExecutor.execute(TestCaseExecutor.java:224)
	at com.kms.katalon.core.main.TestSuiteExecutor.accessTestCaseMainPhase(TestSuiteExecutor.java:129)
	at com.kms.katalon.core.main.TestSuiteExecutor.accessTestSuiteMainPhase(TestSuiteExecutor.java:112)
	at com.kms.katalon.core.main.TestSuiteExecutor.execute(TestSuiteExecutor.java:81)
	at com.kms.katalon.core.main.TestCaseMain.startTestSuite(TestCaseMain.java:149)
	at com.kms.katalon.core.main.TestCaseMain$startTestSuite$0.call(Unknown Source)
	at TempTestSuite1563918963353.run(TempTestSuite1563918963353.groovy:36)


2019-07-23 19:03:29 - [MESSAGE][FAILED] - Unable to click on object 'Object Repository/Page_Blue Dream  Ontario Cannabis S/a_Passer  la caisse' (Root cause: org.openqa.selenium.WebDriverException: unknown error: Element <a href="/checkout?locale=fr-CA" class="btn btn--primary full-width is-disabled js-checkout-button" aria-role="button">...</a> is not clickable at point (1830, 858). Other element would receive the click: <div class="cart__totals">...</div>
  (Session info: chrome=75.0.3770.142)
  (Driver info: chromedriver=2.43.600229 (3fae4d0cda5334b4f533bede5a4787f7b832d052),platform=Mac OS X 10.13.6 x86_64) (WARNING: The server did not provide any stacktrace information)
Command duration or timeout: 0 milliseconds
Build info: version: '3.7.1', revision: '8a0099a', time: '2017-11-06T21:07:36.161Z'
System info: host: 'sumans-MacBook-Pro.local', ip: 'fe80:0:0:0:1c1a:e441:9b49:e629%en0', os.name: 'Mac OS X', os.arch: 'x86_64', os.version: '10.13.6', java.version: '1.8.0_181'
Driver info: com.kms.katalon.selenium.driver.CChromeDriver
Capabilities {acceptInsecureCerts: false, acceptSslCerts: false, applicationCacheEnabled: false, browserConnectionEnabled: false, browserName: chrome, chrome: {chromedriverVersion: 2.43.600229 (3fae4d0cda5334..., userDataDir: /var/folders/1t/c55l8xzs6gq...}, cssSelectorsEnabled: true, databaseEnabled: false, goog:chromeOptions: {debuggerAddress: localhost:56775}, handlesAlerts: true, hasTouchScreen: false, javascriptEnabled: true, locationContextEnabled: true, mobileEmulationEnabled: false, nativeEvents: true, networkConnectionEnabled: false, pageLoadStrategy: normal, platform: MAC, platformName: MAC, rotatable: false, setWindowRect: true, takesHeapSnapshot: true, takesScreenshot: true, unexpectedAlertBehaviour: , unhandledPromptBehavior: , version: 75.0.3770.142, webStorageEnabled: true}
Session ID: 3fb75a296c4997783ec41d31cdee830c)
[[ATTACHMENT|/Users/sumankompelly/git/OCS--Relative-xpath-Desktop/Reports/Suite - Chrome/20190723_175603/1563923009367.png]]

2019-07-23 19:03:29 - [MESSAGE][FAILED] - click(findTestObject("Page_Blue Dream  Ontario Cannabis S/a_Passer  la caisse")) FAILED.
Reason:
com.kms.katalon.core.exception.StepFailedException: Unable to click on object 'Object Repository/Page_Blue Dream  Ontario Cannabis S/a_Passer  la caisse' (Root cause: org.openqa.selenium.WebDriverException: unknown error: Element <a href="/checkout?locale=fr-CA" class="btn btn--primary full-width is-disabled js-checkout-button" aria-role="button">...</a> is not clickable at point (1830, 858). Other element would receive the click: <div class="cart__totals">...</div>
  (Session info: chrome=75.0.3770.142)
  (Driver info: chromedriver=2.43.600229 (3fae4d0cda5334b4f533bede5a4787f7b832d052),platform=Mac OS X 10.13.6 x86_64) (WARNING: The server did not provide any stacktrace information)
Command duration or timeout: 0 milliseconds
Build info: version: '3.7.1', revision: '8a0099a', time: '2017-11-06T21:07:36.161Z'
System info: host: 'sumans-MacBook-Pro.local', ip: 'fe80:0:0:0:1c1a:e441:9b49:e629%en0', os.name: 'Mac OS X', os.arch: 'x86_64', os.version: '10.13.6', java.version: '1.8.0_181'
Driver info: com.kms.katalon.selenium.driver.CChromeDriver
Capabilities {acceptInsecureCerts: false, acceptSslCerts: false, applicationCacheEnabled: false, browserConnectionEnabled: false, browserName: chrome, chrome: {chromedriverVersion: 2.43.600229 (3fae4d0cda5334..., userDataDir: /var/folders/1t/c55l8xzs6gq...}, cssSelectorsEnabled: true, databaseEnabled: false, goog:chromeOptions: {debuggerAddress: localhost:56775}, handlesAlerts: true, hasTouchScreen: false, javascriptEnabled: true, locationContextEnabled: true, mobileEmulationEnabled: false, nativeEvents: true, networkConnectionEnabled: false, pageLoadStrategy: normal, platform: MAC, platformName: MAC, rotatable: false, setWindowRect: true, takesHeapSnapshot: true, takesScreenshot: true, unexpectedAlertBehaviour: , unhandledPromptBehavior: , version: 75.0.3770.142, webStorageEnabled: true}
Session ID: 3fb75a296c4997783ec41d31cdee830c)
	at com.kms.katalon.core.keyword.internal.KeywordMain.stepFailed(KeywordMain.groovy:36)
	at com.kms.katalon.core.webui.keyword.internal.WebUIKeywordMain.stepFailed(WebUIKeywordMain.groovy:65)
	at com.kms.katalon.core.webui.keyword.internal.WebUIKeywordMain.runKeyword(WebUIKeywordMain.groovy:27)
	at com.kms.katalon.core.webui.keyword.builtin.ClickKeyword.click(ClickKeyword.groovy:86)
	at com.kms.katalon.core.webui.keyword.builtin.ClickKeyword.execute(ClickKeyword.groovy:67)
	at com.kms.katalon.core.keyword.internal.KeywordExecutor.executeKeywordForPlatform(KeywordExecutor.groovy:53)
	at com.kms.katalon.core.webui.keyword.WebUiBuiltInKeywords.click(WebUiBuiltInKeywords.groovy:616)
	at com.kms.katalon.core.webui.keyword.WebUiBuiltInKeywords$click$4.call(Unknown Source)
	at Max limit - fr.run(Max limit - fr:87)
	at com.kms.katalon.core.main.ScriptEngine.run(ScriptEngine.java:194)
	at com.kms.katalon.core.main.ScriptEngine.runScriptAsRawText(ScriptEngine.java:119)
	at com.kms.katalon.core.main.TestCaseExecutor.runScript(TestCaseExecutor.java:328)
	at com.kms.katalon.core.main.TestCaseExecutor.doExecute(TestCaseExecutor.java:319)
	at com.kms.katalon.core.main.TestCaseExecutor.processExecutionPhase(TestCaseExecutor.java:298)
	at com.kms.katalon.core.main.TestCaseExecutor.accessMainPhase(TestCaseExecutor.java:290)
	at com.kms.katalon.core.main.TestCaseExecutor.execute(TestCaseExecutor.java:224)
	at com.kms.katalon.core.main.TestSuiteExecutor.accessTestCaseMainPhase(TestSuiteExecutor.java:129)
	at com.kms.katalon.core.main.TestSuiteExecutor.accessTestSuiteMainPhase(TestSuiteExecutor.java:112)
	at com.kms.katalon.core.main.TestSuiteExecutor.execute(TestSuiteExecutor.java:81)
	at com.kms.katalon.core.main.TestCaseMain.startTestSuite(TestCaseMain.java:149)
	at com.kms.katalon.core.main.TestCaseMain$startTestSuite$0.call(Unknown Source)
	at TempTestSuite1563918963353.run(TempTestSuite1563918963353.groovy:36)]]></system-out>
         <system-err><![CDATA[2019-07-23 19:02:25 - [TEST_CASE][FAILED] - Test Cases/OCS - DESKTOP/OCS- CRITICAL PATH - FRENCH/Max limit - fr: Test Cases/OCS - DESKTOP/OCS- CRITICAL PATH - FRENCH/Max limit - fr FAILED.
Reason:
com.kms.katalon.core.exception.StepFailedException: Unable to click on object 'Object Repository/Page_Blue Dream  Ontario Cannabis S/a_Passer  la caisse' (Root cause: org.openqa.selenium.WebDriverException: unknown error: Element <a href="/checkout?locale=fr-CA" class="btn btn--primary full-width is-disabled js-checkout-button" aria-role="button">...</a> is not clickable at point (1830, 858). Other element would receive the click: <div class="cart__totals">...</div>
  (Session info: chrome=75.0.3770.142)
  (Driver info: chromedriver=2.43.600229 (3fae4d0cda5334b4f533bede5a4787f7b832d052),platform=Mac OS X 10.13.6 x86_64) (WARNING: The server did not provide any stacktrace information)
Command duration or timeout: 0 milliseconds
Build info: version: '3.7.1', revision: '8a0099a', time: '2017-11-06T21:07:36.161Z'
System info: host: 'sumans-MacBook-Pro.local', ip: 'fe80:0:0:0:1c1a:e441:9b49:e629%en0', os.name: 'Mac OS X', os.arch: 'x86_64', os.version: '10.13.6', java.version: '1.8.0_181'
Driver info: com.kms.katalon.selenium.driver.CChromeDriver
Capabilities {acceptInsecureCerts: false, acceptSslCerts: false, applicationCacheEnabled: false, browserConnectionEnabled: false, browserName: chrome, chrome: {chromedriverVersion: 2.43.600229 (3fae4d0cda5334..., userDataDir: /var/folders/1t/c55l8xzs6gq...}, cssSelectorsEnabled: true, databaseEnabled: false, goog:chromeOptions: {debuggerAddress: localhost:56775}, handlesAlerts: true, hasTouchScreen: false, javascriptEnabled: true, locationContextEnabled: true, mobileEmulationEnabled: false, nativeEvents: true, networkConnectionEnabled: false, pageLoadStrategy: normal, platform: MAC, platformName: MAC, rotatable: false, setWindowRect: true, takesHeapSnapshot: true, takesScreenshot: true, unexpectedAlertBehaviour: , unhandledPromptBehavior: , version: 75.0.3770.142, webStorageEnabled: true}
Session ID: 3fb75a296c4997783ec41d31cdee830c)
	at com.kms.katalon.core.keyword.internal.KeywordMain.stepFailed(KeywordMain.groovy:36)
	at com.kms.katalon.core.webui.keyword.internal.WebUIKeywordMain.stepFailed(WebUIKeywordMain.groovy:65)
	at com.kms.katalon.core.webui.keyword.internal.WebUIKeywordMain.runKeyword(WebUIKeywordMain.groovy:27)
	at com.kms.katalon.core.webui.keyword.builtin.ClickKeyword.click(ClickKeyword.groovy:86)
	at com.kms.katalon.core.webui.keyword.builtin.ClickKeyword.execute(ClickKeyword.groovy:67)
	at com.kms.katalon.core.keyword.internal.KeywordExecutor.executeKeywordForPlatform(KeywordExecutor.groovy:53)
	at com.kms.katalon.core.webui.keyword.WebUiBuiltInKeywords.click(WebUiBuiltInKeywords.groovy:616)
	at com.kms.katalon.core.webui.keyword.WebUiBuiltInKeywords$click$4.call(Unknown Source)
	at Max limit - fr.run(Max limit - fr:87)
	at com.kms.katalon.core.main.ScriptEngine.run(ScriptEngine.java:194)
	at com.kms.katalon.core.main.ScriptEngine.runScriptAsRawText(ScriptEngine.java:119)
	at com.kms.katalon.core.main.TestCaseExecutor.runScript(TestCaseExecutor.java:328)
	at com.kms.katalon.core.main.TestCaseExecutor.doExecute(TestCaseExecutor.java:319)
	at com.kms.katalon.core.main.TestCaseExecutor.processExecutionPhase(TestCaseExecutor.java:298)
	at com.kms.katalon.core.main.TestCaseExecutor.accessMainPhase(TestCaseExecutor.java:290)
	at com.kms.katalon.core.main.TestCaseExecutor.execute(TestCaseExecutor.java:224)
	at com.kms.katalon.core.main.TestSuiteExecutor.accessTestCaseMainPhase(TestSuiteExecutor.java:129)
	at com.kms.katalon.core.main.TestSuiteExecutor.accessTestSuiteMainPhase(TestSuiteExecutor.java:112)
	at com.kms.katalon.core.main.TestSuiteExecutor.execute(TestSuiteExecutor.java:81)
	at com.kms.katalon.core.main.TestCaseMain.startTestSuite(TestCaseMain.java:149)
	at com.kms.katalon.core.main.TestCaseMain$startTestSuite$0.call(Unknown Source)
	at TempTestSuite1563918963353.run(TempTestSuite1563918963353.groovy:36)]]></system-err>
      </testcase>
      <system-out><![CDATA[2019-07-23 17:56:06 - [TEST_SUITE][FAILED] - Suite - Chrome: Test Cases/OCS - DESKTOP/OCS- CRITICAL PATH/Cart flyout- decrease qty FAILED.
Reason:
com.kms.katalon.core.exception.StepFailedException: Unable to click on object 'Object Repository/OCS-DESKTOP/Cart flyout/Quantity decrease - Product' (Root cause: org.openqa.selenium.StaleElementReferenceException: stale element reference: element is not attached to the page document
  (Session info: chrome=75.0.3770.142)
  (Driver info: chromedriver=2.43.600229 (3fae4d0cda5334b4f533bede5a4787f7b832d052),platform=Mac OS X 10.13.6 x86_64) (WARNING: The server did not provide any stacktrace information)
Command duration or timeout: 0 milliseconds
For documentation on this error, please visit: http://seleniumhq.org/exceptions/stale_element_reference.html
Build info: version: '3.7.1', revision: '8a0099a', time: '2017-11-06T21:07:36.161Z'
System info: host: 'sumans-MacBook-Pro.local', ip: 'fe80:0:0:0:1c1a:e441:9b49:e629%en0', os.name: 'Mac OS X', os.arch: 'x86_64', os.version: '10.13.6', java.version: '1.8.0_181'
Driver info: com.kms.katalon.selenium.driver.CChromeDriver
Capabilities {acceptInsecureCerts: false, acceptSslCerts: false, applicationCacheEnabled: false, browserConnectionEnabled: false, browserName: chrome, chrome: {chromedriverVersion: 2.43.600229 (3fae4d0cda5334..., userDataDir: /var/folders/1t/c55l8xzs6gq...}, cssSelectorsEnabled: true, databaseEnabled: false, goog:chromeOptions: {debuggerAddress: localhost:57525}, handlesAlerts: true, hasTouchScreen: false, javascriptEnabled: true, locationContextEnabled: true, mobileEmulationEnabled: false, nativeEvents: true, networkConnectionEnabled: false, pageLoadStrategy: normal, platform: MAC, platformName: MAC, rotatable: false, setWindowRect: true, takesHeapSnapshot: true, takesScreenshot: true, unexpectedAlertBehaviour: , unhandledPromptBehavior: , version: 75.0.3770.142, webStorageEnabled: true}
Session ID: ab3fd2ea85cd075b0ada6c2e82cc08f5)
	at com.kms.katalon.core.keyword.internal.KeywordMain.stepFailed(KeywordMain.groovy:36)
	at com.kms.katalon.core.webui.keyword.internal.WebUIKeywordMain.stepFailed(WebUIKeywordMain.groovy:65)
	at com.kms.katalon.core.webui.keyword.internal.WebUIKeywordMain.runKeyword(WebUIKeywordMain.groovy:27)
	at com.kms.katalon.core.webui.keyword.builtin.ClickKeyword.click(ClickKeyword.groovy:86)
	at com.kms.katalon.core.webui.keyword.builtin.ClickKeyword.execute(ClickKeyword.groovy:67)
	at com.kms.katalon.core.keyword.internal.KeywordExecutor.executeKeywordForPlatform(KeywordExecutor.groovy:53)
	at com.kms.katalon.core.webui.keyword.WebUiBuiltInKeywords.click(WebUiBuiltInKeywords.groovy:616)
	at com.kms.katalon.core.webui.keyword.WebUiBuiltInKeywords$click$4.call(Unknown Source)
	at Cart flyout- decrease qty.run(Cart flyout- decrease qty:93)
	at com.kms.katalon.core.main.ScriptEngine.run(ScriptEngine.java:194)
	at com.kms.katalon.core.main.ScriptEngine.runScriptAsRawText(ScriptEngine.java:119)
	at com.kms.katalon.core.main.TestCaseExecutor.runScript(TestCaseExecutor.java:328)
	at com.kms.katalon.core.main.TestCaseExecutor.doExecute(TestCaseExecutor.java:319)
	at com.kms.katalon.core.main.TestCaseExecutor.processExecutionPhase(TestCaseExecutor.java:298)
	at com.kms.katalon.core.main.TestCaseExecutor.accessMainPhase(TestCaseExecutor.java:290)
	at com.kms.katalon.core.main.TestCaseExecutor.execute(TestCaseExecutor.java:224)
	at com.kms.katalon.core.main.TestSuiteExecutor.accessTestCaseMainPhase(TestSuiteExecutor.java:129)
	at com.kms.katalon.core.main.TestSuiteExecutor.accessTestSuiteMainPhase(TestSuiteExecutor.java:112)
	at com.kms.katalon.core.main.TestSuiteExecutor.execute(TestSuiteExecutor.java:81)
	at com.kms.katalon.core.main.TestCaseMain.startTestSuite(TestCaseMain.java:149)
	at com.kms.katalon.core.main.TestCaseMain$startTestSuite$0.call(Unknown Source)
	at TempTestSuite1563918963353.run(TempTestSuite1563918963353.groovy:36)]]></system-out>
      <system-err><![CDATA[2019-07-23 17:56:06 - [TEST_SUITE][FAILED] - Suite - Chrome: Test Cases/OCS - DESKTOP/OCS- CRITICAL PATH/Cart flyout- decrease qty FAILED.
Reason:
com.kms.katalon.core.exception.StepFailedException: Unable to click on object 'Object Repository/OCS-DESKTOP/Cart flyout/Quantity decrease - Product' (Root cause: org.openqa.selenium.StaleElementReferenceException: stale element reference: element is not attached to the page document
  (Session info: chrome=75.0.3770.142)
  (Driver info: chromedriver=2.43.600229 (3fae4d0cda5334b4f533bede5a4787f7b832d052),platform=Mac OS X 10.13.6 x86_64) (WARNING: The server did not provide any stacktrace information)
Command duration or timeout: 0 milliseconds
For documentation on this error, please visit: http://seleniumhq.org/exceptions/stale_element_reference.html
Build info: version: '3.7.1', revision: '8a0099a', time: '2017-11-06T21:07:36.161Z'
System info: host: 'sumans-MacBook-Pro.local', ip: 'fe80:0:0:0:1c1a:e441:9b49:e629%en0', os.name: 'Mac OS X', os.arch: 'x86_64', os.version: '10.13.6', java.version: '1.8.0_181'
Driver info: com.kms.katalon.selenium.driver.CChromeDriver
Capabilities {acceptInsecureCerts: false, acceptSslCerts: false, applicationCacheEnabled: false, browserConnectionEnabled: false, browserName: chrome, chrome: {chromedriverVersion: 2.43.600229 (3fae4d0cda5334..., userDataDir: /var/folders/1t/c55l8xzs6gq...}, cssSelectorsEnabled: true, databaseEnabled: false, goog:chromeOptions: {debuggerAddress: localhost:57525}, handlesAlerts: true, hasTouchScreen: false, javascriptEnabled: true, locationContextEnabled: true, mobileEmulationEnabled: false, nativeEvents: true, networkConnectionEnabled: false, pageLoadStrategy: normal, platform: MAC, platformName: MAC, rotatable: false, setWindowRect: true, takesHeapSnapshot: true, takesScreenshot: true, unexpectedAlertBehaviour: , unhandledPromptBehavior: , version: 75.0.3770.142, webStorageEnabled: true}
Session ID: ab3fd2ea85cd075b0ada6c2e82cc08f5)
	at com.kms.katalon.core.keyword.internal.KeywordMain.stepFailed(KeywordMain.groovy:36)
	at com.kms.katalon.core.webui.keyword.internal.WebUIKeywordMain.stepFailed(WebUIKeywordMain.groovy:65)
	at com.kms.katalon.core.webui.keyword.internal.WebUIKeywordMain.runKeyword(WebUIKeywordMain.groovy:27)
	at com.kms.katalon.core.webui.keyword.builtin.ClickKeyword.click(ClickKeyword.groovy:86)
	at com.kms.katalon.core.webui.keyword.builtin.ClickKeyword.execute(ClickKeyword.groovy:67)
	at com.kms.katalon.core.keyword.internal.KeywordExecutor.executeKeywordForPlatform(KeywordExecutor.groovy:53)
	at com.kms.katalon.core.webui.keyword.WebUiBuiltInKeywords.click(WebUiBuiltInKeywords.groovy:616)
	at com.kms.katalon.core.webui.keyword.WebUiBuiltInKeywords$click$4.call(Unknown Source)
	at Cart flyout- decrease qty.run(Cart flyout- decrease qty:93)
	at com.kms.katalon.core.main.ScriptEngine.run(ScriptEngine.java:194)
	at com.kms.katalon.core.main.ScriptEngine.runScriptAsRawText(ScriptEngine.java:119)
	at com.kms.katalon.core.main.TestCaseExecutor.runScript(TestCaseExecutor.java:328)
	at com.kms.katalon.core.main.TestCaseExecutor.doExecute(TestCaseExecutor.java:319)
	at com.kms.katalon.core.main.TestCaseExecutor.processExecutionPhase(TestCaseExecutor.java:298)
	at com.kms.katalon.core.main.TestCaseExecutor.accessMainPhase(TestCaseExecutor.java:290)
	at com.kms.katalon.core.main.TestCaseExecutor.execute(TestCaseExecutor.java:224)
	at com.kms.katalon.core.main.TestSuiteExecutor.accessTestCaseMainPhase(TestSuiteExecutor.java:129)
	at com.kms.katalon.core.main.TestSuiteExecutor.accessTestSuiteMainPhase(TestSuiteExecutor.java:112)
	at com.kms.katalon.core.main.TestSuiteExecutor.execute(TestSuiteExecutor.java:81)
	at com.kms.katalon.core.main.TestCaseMain.startTestSuite(TestCaseMain.java:149)
	at com.kms.katalon.core.main.TestCaseMain$startTestSuite$0.call(Unknown Source)
	at TempTestSuite1563918963353.run(TempTestSuite1563918963353.groovy:36)]]></system-err>
   </testsuite>
</testsuites>
