<?xml version="1.0" encoding="UTF-8"?>
<testsuites name="OCS - 1.10.2.1" time="2408" tests="32" failures="10" errors="0">
   <testsuite name="OCS - 1.10.2.1" tests="32" failures="10" errors="0" time="2408" timestamp="2019-06-25 17:46:14" hostname="sumankompelly - 10.0.126.233" id="Test Suites/OCS - 1.10.2.1">
      <properties>
         <property name="deviceName" value=""/>
         <property name="devicePlatform" value=""/>
         <property name="logFolder" value="/Users/sumankompelly/Relative xpath-Desktop/Reports/OCS - 1.10.2.1/20190625_174612"/>
         <property name="logFiles" value="/Users/sumankompelly/Relative xpath-Desktop/Reports/OCS - 1.10.2.1/20190625_174612/execution0.log"/>
         <property name="attachments" value="/Users/sumankompelly/Relative xpath-Desktop/Reports/OCS - 1.10.2.1/20190625_174612/1561499240626.png, /Users/sumankompelly/Relative xpath-Desktop/Reports/OCS - 1.10.2.1/20190625_174612/1561499345373.png, /Users/sumankompelly/Relative xpath-Desktop/Reports/OCS - 1.10.2.1/20190625_174612/1561499489426.png, /Users/sumankompelly/Relative xpath-Desktop/Reports/OCS - 1.10.2.1/20190625_174612/1561499557400.png, /Users/sumankompelly/Relative xpath-Desktop/Reports/OCS - 1.10.2.1/20190625_174612/1561499585349.png, /Users/sumankompelly/Relative xpath-Desktop/Reports/OCS - 1.10.2.1/20190625_174612/1561499595250.png, /Users/sumankompelly/Relative xpath-Desktop/Reports/OCS - 1.10.2.1/20190625_174612/1561499620981.png, /Users/sumankompelly/Relative xpath-Desktop/Reports/OCS - 1.10.2.1/20190625_174612/1561499677317.png, /Users/sumankompelly/Relative xpath-Desktop/Reports/OCS - 1.10.2.1/20190625_174612/1561500113727.png, /Users/sumankompelly/Relative xpath-Desktop/Reports/OCS - 1.10.2.1/20190625_174612/1561500405437.png, /Users/sumankompelly/Relative xpath-Desktop/Reports/OCS - 1.10.2.1/20190625_174612/1561500512506.png, /Users/sumankompelly/Relative xpath-Desktop/Reports/OCS - 1.10.2.1/20190625_174612/1561500515084.png, /Users/sumankompelly/Relative xpath-Desktop/Reports/OCS - 1.10.2.1/20190625_174612/1561500517592.png, /Users/sumankompelly/Relative xpath-Desktop/Reports/OCS - 1.10.2.1/20190625_174612/1561500520146.png, /Users/sumankompelly/Relative xpath-Desktop/Reports/OCS - 1.10.2.1/20190625_174612/1561500523793.png, /Users/sumankompelly/Relative xpath-Desktop/Reports/OCS - 1.10.2.1/20190625_174612/1561500527356.png, /Users/sumankompelly/Relative xpath-Desktop/Reports/OCS - 1.10.2.1/20190625_174612/1561500530907.png, /Users/sumankompelly/Relative xpath-Desktop/Reports/OCS - 1.10.2.1/20190625_174612/1561500534465.png, /Users/sumankompelly/Relative xpath-Desktop/Reports/OCS - 1.10.2.1/20190625_174612/1561500538034.png, /Users/sumankompelly/Relative xpath-Desktop/Reports/OCS - 1.10.2.1/20190625_174612/1561500656650.png, /Users/sumankompelly/Relative xpath-Desktop/Reports/OCS - 1.10.2.1/20190625_174612/1561500663496.png, /Users/sumankompelly/Relative xpath-Desktop/Reports/OCS - 1.10.2.1/20190625_174612/1561500669332.png, /Users/sumankompelly/Relative xpath-Desktop/Reports/OCS - 1.10.2.1/20190625_174612/1561500676029.png, /Users/sumankompelly/Relative xpath-Desktop/Reports/OCS - 1.10.2.1/20190625_174612/1561500681804.png, /Users/sumankompelly/Relative xpath-Desktop/Reports/OCS - 1.10.2.1/20190625_174612/1561500688718.png, /Users/sumankompelly/Relative xpath-Desktop/Reports/OCS - 1.10.2.1/20190625_174612/1561500697277.png, /Users/sumankompelly/Relative xpath-Desktop/Reports/OCS - 1.10.2.1/20190625_174612/1561500703359.png, /Users/sumankompelly/Relative xpath-Desktop/Reports/OCS - 1.10.2.1/20190625_174612/1561500782755.png, /Users/sumankompelly/Relative xpath-Desktop/Reports/OCS - 1.10.2.1/20190625_174612/1561500817767.png, /Users/sumankompelly/Relative xpath-Desktop/Reports/OCS - 1.10.2.1/20190625_174612/1561500851389.png, /Users/sumankompelly/Relative xpath-Desktop/Reports/OCS - 1.10.2.1/20190625_174612/1561500937065.png, /Users/sumankompelly/Relative xpath-Desktop/Reports/OCS - 1.10.2.1/20190625_174612/1561500939688.png, /Users/sumankompelly/Relative xpath-Desktop/Reports/OCS - 1.10.2.1/20190625_174612/1561500941213.png, /Users/sumankompelly/Relative xpath-Desktop/Reports/OCS - 1.10.2.1/20190625_174612/1561500942671.png, /Users/sumankompelly/Relative xpath-Desktop/Reports/OCS - 1.10.2.1/20190625_174612/1561501176222.png, /Users/sumankompelly/Relative xpath-Desktop/Reports/OCS - 1.10.2.1/20190625_174612/1561501262525.png, /Users/sumankompelly/Relative xpath-Desktop/Reports/OCS - 1.10.2.1/20190625_174612/1561501312335.png, /Users/sumankompelly/Relative xpath-Desktop/Reports/OCS - 1.10.2.1/20190625_174612/1561501347757.png, /Users/sumankompelly/Relative xpath-Desktop/Reports/OCS - 1.10.2.1/20190625_174612/1561501385593.png, /Users/sumankompelly/Relative xpath-Desktop/Reports/OCS - 1.10.2.1/20190625_174612/1561501416825.png, /Users/sumankompelly/Relative xpath-Desktop/Reports/OCS - 1.10.2.1/20190625_174612/1561501448136.png, /Users/sumankompelly/Relative xpath-Desktop/Reports/OCS - 1.10.2.1/20190625_174612/1561501448944.png, /Users/sumankompelly/Relative xpath-Desktop/Reports/OCS - 1.10.2.1/20190625_174612/1561501480190.png, /Users/sumankompelly/Relative xpath-Desktop/Reports/OCS - 1.10.2.1/20190625_174612/1561501511724.png, /Users/sumankompelly/Relative xpath-Desktop/Reports/OCS - 1.10.2.1/20190625_174612/1561501542970.png, /Users/sumankompelly/Relative xpath-Desktop/Reports/OCS - 1.10.2.1/20190625_174612/1561501578067.png"/>
         <property name="hostName" value="sumankompelly - 10.0.126.233"/>
         <property name="os" value="Mac OS X 64bit"/>
         <property name="katalonVersion" value="5.10.1.1"/>
         <property name="browser" value="Chrome 75.0.3770.100"/>
         <property name="hostAddress" value="10.0.126.233"/>
         <property name="sessionId" value="d14d08009b9acf1a302e86f01972ab12"/>
         <property name="seleniumVersion" value="3.7.1"/>
         <property name="proxyInformation" value="ProxyInformation{proxyOption=NO_PROXY, proxyServerType=HTTP, password=, proxyServerAddress=, proxyServerPort=0}"/>
         <property name="platform" value="Mac OS X"/>
      </properties>
      <testcase name="Test Cases/OCS - DESKTOP/OCS- CRITICAL PATH/Cart flyout- increase qty" classname="Test Cases/OCS - DESKTOP/OCS- CRITICAL PATH/Cart flyout- increase qty" status="PASSED">
         <system-out><![CDATA[2019-06-25 17:46:14 - [TEST_CASE][PASSED] - Test Cases/OCS - DESKTOP/OCS- CRITICAL PATH/Cart flyout- increase qty: Test Cases/OCS - DESKTOP/OCS- CRITICAL PATH/Cart flyout- increase qty

2019-06-25 17:46:14 - [TEST_STEP][PASSED] - callTestCase(findTestCase("OCS - DESKTOP/CALL - Navigate to PDP"), [:], STOP_ON_FAILURE): Call Test Case 'Test Cases/OCS - DESKTOP/CALL - Navigate to PDP' successfully

2019-06-25 17:46:14 - [TEST_CASE][PASSED] - Test Cases/OCS - DESKTOP/CALL - Navigate to PDP: Test Cases/OCS - DESKTOP/CALL - Navigate to PDP

2019-06-25 17:46:15 - [TEST_STEP][PASSED] - openBrowser(""): Browser is opened with url: ''

2019-06-25 17:46:15 - [MESSAGE][INFO] - Starting 'Chrome' driver

2019-06-25 17:46:15 - [MESSAGE][INFO] - Action delay is set to 0 seconds

2019-06-25 17:46:17 - [MESSAGE][PASSED] - Browser is opened with url: ''

2019-06-25 17:46:17 - [TEST_STEP][PASSED] - maximizeWindow(): Current window maximized

2019-06-25 17:46:17 - [MESSAGE][PASSED] - Current window maximized

2019-06-25 17:46:17 - [TEST_STEP][PASSED] - navigateToUrl("https://ocs.ca/?fts=0&preview_theme_id=72920106828"): Navigate to 'https://ocs.ca/?fts=0&preview_theme_id=72920106828' successfully

2019-06-25 17:46:22 - [MESSAGE][PASSED] - Navigate to 'https://ocs.ca/?fts=0&preview_theme_id=72920106828' successfully

2019-06-25 17:46:22 - [TEST_STEP][PASSED] - executeJavaScript("var previewBar = document.getElementById("preview-bar-iframe"); previewBar.style.display = "none";", []): Execute JavaScript 'var previewBar = document.getElementById("preview-bar-iframe"); previewBar.style.display = "none";' successfully

2019-06-25 17:46:22 - [MESSAGE][PASSED] - Execute JavaScript 'var previewBar = document.getElementById("preview-bar-iframe"); previewBar.style.display = "none";' successfully

2019-06-25 17:46:22 - [TEST_STEP][PASSED] - delay(4): Delayed 4 second(s)

2019-06-25 17:46:26 - [MESSAGE][PASSED] - Delayed 4 second(s)

2019-06-25 17:46:26 - [TEST_STEP][PASSED] - selectOptionByValue(findTestObject("OCS-DESKTOP/Age gate and Mega menu/Date"), "12", true): All options with value '12' are selected in object 'Object Repository/OCS-DESKTOP/Age gate and Mega menu/Date'  using regular expression

2019-06-25 17:46:27 - [MESSAGE][PASSED] - All options with value '12' are selected in object 'Object Repository/OCS-DESKTOP/Age gate and Mega menu/Date'  using regular expression

2019-06-25 17:46:27 - [TEST_STEP][PASSED] - selectOptionByValue(findTestObject("OCS-DESKTOP/Age gate and Mega menu/month"), "6", true): All options with value '6' are selected in object 'Object Repository/OCS-DESKTOP/Age gate and Mega menu/month'  using regular expression

2019-06-25 17:46:27 - [MESSAGE][PASSED] - All options with value '6' are selected in object 'Object Repository/OCS-DESKTOP/Age gate and Mega menu/month'  using regular expression

2019-06-25 17:46:27 - [TEST_STEP][PASSED] - delay(2): Delayed 2 second(s)

2019-06-25 17:46:29 - [MESSAGE][PASSED] - Delayed 2 second(s)

2019-06-25 17:46:29 - [TEST_STEP][PASSED] - selectOptionByValue(findTestObject("OCS-DESKTOP/Age gate and Mega menu/Year Dropdown"), "1990", true): All options with value '1990' are selected in object 'Object Repository/OCS-DESKTOP/Age gate and Mega menu/Year Dropdown'  using regular expression

2019-06-25 17:46:30 - [MESSAGE][PASSED] - All options with value '1990' are selected in object 'Object Repository/OCS-DESKTOP/Age gate and Mega menu/Year Dropdown'  using regular expression

2019-06-25 17:46:30 - [TEST_STEP][PASSED] - click(findTestObject("OCS-DESKTOP/Age gate and Mega menu/button_Verify")): Object: 'Object Repository/OCS-DESKTOP/Age gate and Mega menu/button_Verify' is clicked on

2019-06-25 17:46:30 - [MESSAGE][PASSED] - Object: 'Object Repository/OCS-DESKTOP/Age gate and Mega menu/button_Verify' is clicked on

2019-06-25 17:46:30 - [TEST_STEP][PASSED] - click(findTestObject("OCS-DESKTOP/Age gate and Mega menu/Checkbox_CONFIRM AND ACKNOWLEDGE")): Object: 'Object Repository/OCS-DESKTOP/Age gate and Mega menu/Checkbox_CONFIRM AND ACKNOWLEDGE' is clicked on

2019-06-25 17:46:30 - [MESSAGE][PASSED] - Object: 'Object Repository/OCS-DESKTOP/Age gate and Mega menu/Checkbox_CONFIRM AND ACKNOWLEDGE' is clicked on

2019-06-25 17:46:30 - [TEST_STEP][PASSED] - click(findTestObject("OCS-DESKTOP/Age gate and Mega menu/button_CONFIRM")): Object: 'Object Repository/OCS-DESKTOP/Age gate and Mega menu/button_CONFIRM' is clicked on

2019-06-25 17:46:30 - [MESSAGE][PASSED] - Object: 'Object Repository/OCS-DESKTOP/Age gate and Mega menu/button_CONFIRM' is clicked on

2019-06-25 17:46:30 - [TEST_STEP][PASSED] - click(findTestObject("OCS-DESKTOP/Age gate and Mega menu/button_Start Browsing")): Object: 'Object Repository/OCS-DESKTOP/Age gate and Mega menu/button_Start Browsing' is clicked on

2019-06-25 17:46:31 - [MESSAGE][PASSED] - Object: 'Object Repository/OCS-DESKTOP/Age gate and Mega menu/button_Start Browsing' is clicked on

2019-06-25 17:46:31 - [TEST_STEP][PASSED] - delay(2): Delayed 2 second(s)

2019-06-25 17:46:33 - [MESSAGE][PASSED] - Delayed 2 second(s)

2019-06-25 17:46:33 - [TEST_STEP][PASSED] - navigateToUrl("https://ocs.ca/products/la-confidential"): Navigate to 'https://ocs.ca/products/la-confidential' successfully

2019-06-25 17:46:36 - [MESSAGE][PASSED] - Navigate to 'https://ocs.ca/products/la-confidential' successfully

2019-06-25 17:46:36 - [TEST_STEP][PASSED] - executeJavaScript("var previewBar = document.getElementById("preview-bar-iframe"); previewBar.style.display = "none";", []): Execute JavaScript 'var previewBar = document.getElementById("preview-bar-iframe"); previewBar.style.display = "none";' successfully

2019-06-25 17:46:36 - [MESSAGE][PASSED] - Execute JavaScript 'var previewBar = document.getElementById("preview-bar-iframe"); previewBar.style.display = "none";' successfully

2019-06-25 17:46:36 - [MESSAGE][PASSED] - Call Test Case 'Test Cases/OCS - DESKTOP/CALL - Navigate to PDP' successfully

2019-06-25 17:46:36 - [TEST_STEP][NOT_RUN] - scrollToElement(findTestObject("OCS-DESKTOP/Product page/Product image"), 1): NOT_RUN: scrollToElement(findTestObject("OCS-DESKTOP/Product page/Product image"), 1)

2019-06-25 17:46:36 - [MESSAGE][NOT_RUN] - NOT_RUN: scrollToElement(findTestObject("OCS-DESKTOP/Product page/Product image"), 1)

2019-06-25 17:46:36 - [TEST_STEP][PASSED] - delay(2): Delayed 2 second(s)

2019-06-25 17:46:38 - [MESSAGE][PASSED] - Delayed 2 second(s)

2019-06-25 17:46:38 - [TEST_STEP][PASSED] - flag = verifyElementPresent(findTestObject("OCS-DESKTOP/Product page/Swatch_3.5g"), 0): Object 'Object Repository/OCS-DESKTOP/Product page/Swatch_3.5g' is present

2019-06-25 17:46:38 - [MESSAGE][WARNING] - Timeout '0' is invalid. Using default page load timeout: '30'

2019-06-25 17:46:38 - [MESSAGE][PASSED] - Object 'Object Repository/OCS-DESKTOP/Product page/Swatch_3.5g' is present

2019-06-25 17:46:38 - [TEST_STEP][PASSED] - comment(" flag =" + flag):  flag =true

2019-06-25 17:46:38 - [MESSAGE][INFO] -  flag =true

2019-06-25 17:46:38 - [TEST_STEP][PASSED] - if (flag == true):  price changed . Quantity selector is working

2019-06-25 17:46:38 - [TEST_STEP][PASSED] - click(findTestObject("OCS-DESKTOP/Product page/Swatch_3.5g")): Object: 'Object Repository/OCS-DESKTOP/Product page/Swatch_3.5g' is clicked on

2019-06-25 17:46:38 - [MESSAGE][PASSED] - Object: 'Object Repository/OCS-DESKTOP/Product page/Swatch_3.5g' is clicked on

2019-06-25 17:46:38 - [TEST_STEP][PASSED] - delay(2): Delayed 2 second(s)

2019-06-25 17:46:40 - [MESSAGE][PASSED] - Delayed 2 second(s)

2019-06-25 17:46:40 - [TEST_STEP][PASSED] - click(findTestObject("OCS-DESKTOP/Product page/Quantity Increase - Button")): Object: 'Object Repository/OCS-DESKTOP/Product page/Quantity Increase - Button' is clicked on

2019-06-25 17:46:40 - [MESSAGE][PASSED] - Object: 'Object Repository/OCS-DESKTOP/Product page/Quantity Increase - Button' is clicked on

2019-06-25 17:46:40 - [TEST_STEP][PASSED] - delay(2): Delayed 2 second(s)

2019-06-25 17:46:42 - [MESSAGE][PASSED] - Delayed 2 second(s)

2019-06-25 17:46:42 - [TEST_STEP][PASSED] - click(findTestObject("OCS-DESKTOP/Product page/Add to Bag-button")): Object: 'Object Repository/OCS-DESKTOP/Product page/Add to Bag-button' is clicked on

2019-06-25 17:46:42 - [MESSAGE][PASSED] - Object: 'Object Repository/OCS-DESKTOP/Product page/Add to Bag-button' is clicked on

2019-06-25 17:46:42 - [TEST_STEP][PASSED] - delay(1): Delayed 1 second(s)

2019-06-25 17:46:43 - [MESSAGE][PASSED] - Delayed 1 second(s)

2019-06-25 17:46:43 - [TEST_STEP][NOT_RUN] - click(findTestObject("OCS-DESKTOP/Home - page/Cart icon -bag"), OPTIONAL): NOT_RUN: click(findTestObject("OCS-DESKTOP/Home - page/Cart icon -bag"), OPTIONAL)

2019-06-25 17:46:43 - [MESSAGE][NOT_RUN] - NOT_RUN: click(findTestObject("OCS-DESKTOP/Home - page/Cart icon -bag"), OPTIONAL)

2019-06-25 17:46:43 - [TEST_STEP][NOT_RUN] - click(findTestObject("OCS-DESKTOP/Cart flyout/Quantity increase - Product")): NOT_RUN: click(findTestObject("OCS-DESKTOP/Cart flyout/Quantity increase - Product"))

2019-06-25 17:46:43 - [MESSAGE][NOT_RUN] - NOT_RUN: click(findTestObject("OCS-DESKTOP/Cart flyout/Quantity increase - Product"))

2019-06-25 17:46:43 - [TEST_STEP][PASSED] - delay(1): Delayed 1 second(s)

2019-06-25 17:46:44 - [MESSAGE][PASSED] - Delayed 1 second(s)

2019-06-25 17:46:44 - [TEST_STEP][NOT_RUN] - click(findTestObject("OCS-DESKTOP/Cart flyout/Quantity increase - Product")): NOT_RUN: click(findTestObject("OCS-DESKTOP/Cart flyout/Quantity increase - Product"))

2019-06-25 17:46:44 - [MESSAGE][NOT_RUN] - NOT_RUN: click(findTestObject("OCS-DESKTOP/Cart flyout/Quantity increase - Product"))

2019-06-25 17:46:44 - [TEST_STEP][PASSED] - delay(2): Delayed 2 second(s)

2019-06-25 17:46:46 - [MESSAGE][PASSED] - Delayed 2 second(s)

2019-06-25 17:46:46 - [TEST_STEP][PASSED] - a = getText(findTestObject("OCS-DESKTOP/Cart flyout/Unit price - Product")): Text of object 'Object Repository/OCS-DESKTOP/Cart flyout/Unit price - Product' is: '$70.00'

2019-06-25 17:46:46 - [MESSAGE][PASSED] - Text of object 'Object Repository/OCS-DESKTOP/Cart flyout/Unit price - Product' is: '$70.00'

2019-06-25 17:46:46 - [TEST_STEP][PASSED] - comment(a): $70.00

2019-06-25 17:46:46 - [MESSAGE][INFO] - $70.00

2019-06-25 17:46:46 - [TEST_STEP][PASSED] - b = a.substring(1): null

2019-06-25 17:46:46 - [TEST_STEP][PASSED] - comment(b): 70.00

2019-06-25 17:46:46 - [MESSAGE][INFO] - 70.00

2019-06-25 17:46:46 - [TEST_STEP][PASSED] - la = b.substring(0, b.length() - 1): null

2019-06-25 17:46:46 - [TEST_STEP][PASSED] - comment("la=" + la): la=70.0

2019-06-25 17:46:46 - [MESSAGE][INFO] - la=70.0

2019-06-25 17:46:46 - [TEST_STEP][PASSED] - la1 = la.substring(0, la.length() - 1): null

2019-06-25 17:46:46 - [TEST_STEP][PASSED] - comment(" la1 =" + la1):  la1 =70.

2019-06-25 17:46:46 - [MESSAGE][INFO] -  la1 =70.

2019-06-25 17:46:46 - [TEST_STEP][PASSED] - la2 = la1.substring(0, la1.length() - 1): null

2019-06-25 17:46:46 - [TEST_STEP][PASSED] - comment("la2 =" + la2): la2 =70

2019-06-25 17:46:46 - [MESSAGE][INFO] - la2 =70

2019-06-25 17:46:46 - [TEST_STEP][PASSED] - click(findTestObject("OCS-DESKTOP/Cart flyout/input_-_updates")): Object: 'Object Repository/OCS-DESKTOP/Cart flyout/input_-_updates' is clicked on

2019-06-25 17:46:47 - [MESSAGE][PASSED] - Object: 'Object Repository/OCS-DESKTOP/Cart flyout/input_-_updates' is clicked on

2019-06-25 17:46:47 - [TEST_STEP][PASSED] - delay(1): Delayed 1 second(s)

2019-06-25 17:46:48 - [MESSAGE][PASSED] - Delayed 1 second(s)

2019-06-25 17:46:48 - [TEST_STEP][PASSED] - doubleClick(findTestObject("OCS-DESKTOP/Cart flyout/input_-_updates")): Object: 'Object Repository/OCS-DESKTOP/Cart flyout/input_-_updates' is double clicked on

2019-06-25 17:46:48 - [MESSAGE][PASSED] - Object: 'Object Repository/OCS-DESKTOP/Cart flyout/input_-_updates' is double clicked on

2019-06-25 17:46:48 - [TEST_STEP][NOT_RUN] - setText(findTestObject("OCS-DESKTOP/Cart flyout/Qty - Input field"), Keys.chord(CLEAR)): NOT_RUN: setText(findTestObject("OCS-DESKTOP/Cart flyout/Qty - Input field"), Keys.chord(CLEAR))

2019-06-25 17:46:48 - [MESSAGE][NOT_RUN] - NOT_RUN: setText(findTestObject("OCS-DESKTOP/Cart flyout/Qty - Input field"), Keys.chord(CLEAR))

2019-06-25 17:46:48 - [TEST_STEP][PASSED] - delay(1): Delayed 1 second(s)

2019-06-25 17:46:49 - [MESSAGE][PASSED] - Delayed 1 second(s)

2019-06-25 17:46:49 - [TEST_STEP][PASSED] - setText(findTestObject("OCS-DESKTOP/Cart flyout/input_-_updates"), "3"): Text '3' is set on object 'Object Repository/OCS-DESKTOP/Cart flyout/input_-_updates'

2019-06-25 17:46:49 - [MESSAGE][PASSED] - Text '3' is set on object 'Object Repository/OCS-DESKTOP/Cart flyout/input_-_updates'

2019-06-25 17:46:49 - [TEST_STEP][PASSED] - delay(2): Delayed 2 second(s)

2019-06-25 17:46:51 - [MESSAGE][PASSED] - Delayed 2 second(s)

2019-06-25 17:46:51 - [TEST_STEP][PASSED] - click(findTestObject("OCS-DESKTOP/Cart flyout/Quantity increase - Product")): Object: 'Object Repository/OCS-DESKTOP/Cart flyout/Quantity increase - Product' is clicked on

2019-06-25 17:46:51 - [MESSAGE][PASSED] - Object: 'Object Repository/OCS-DESKTOP/Cart flyout/Quantity increase - Product' is clicked on

2019-06-25 17:46:51 - [TEST_STEP][PASSED] - delay(2): Delayed 2 second(s)

2019-06-25 17:46:53 - [MESSAGE][PASSED] - Delayed 2 second(s)

2019-06-25 17:46:53 - [TEST_STEP][PASSED] - click(findTestObject("OCS-DESKTOP/Cart flyout/Quantity increase - Product")): Object: 'Object Repository/OCS-DESKTOP/Cart flyout/Quantity increase - Product' is clicked on

2019-06-25 17:46:53 - [MESSAGE][PASSED] - Object: 'Object Repository/OCS-DESKTOP/Cart flyout/Quantity increase - Product' is clicked on

2019-06-25 17:46:53 - [TEST_STEP][PASSED] - delay(2): Delayed 2 second(s)

2019-06-25 17:46:55 - [MESSAGE][PASSED] - Delayed 2 second(s)

2019-06-25 17:46:55 - [TEST_STEP][PASSED] - click(findTestObject("OCS-DESKTOP/Cart flyout/Quantity increase - Product")): Object: 'Object Repository/OCS-DESKTOP/Cart flyout/Quantity increase - Product' is clicked on

2019-06-25 17:46:55 - [MESSAGE][PASSED] - Object: 'Object Repository/OCS-DESKTOP/Cart flyout/Quantity increase - Product' is clicked on

2019-06-25 17:46:55 - [TEST_STEP][PASSED] - delay(2): Delayed 2 second(s)

2019-06-25 17:46:57 - [MESSAGE][PASSED] - Delayed 2 second(s)

2019-06-25 17:46:57 - [TEST_STEP][PASSED] - c = getText(findTestObject("OCS-DESKTOP/Cart flyout/Sub-total Price")): Text of object 'Object Repository/OCS-DESKTOP/Cart flyout/Sub-total Price' is: '$210.00'

2019-06-25 17:46:57 - [MESSAGE][PASSED] - Text of object 'Object Repository/OCS-DESKTOP/Cart flyout/Sub-total Price' is: '$210.00'

2019-06-25 17:46:57 - [TEST_STEP][PASSED] - comment(c): $210.00

2019-06-25 17:46:57 - [MESSAGE][INFO] - $210.00

2019-06-25 17:46:57 - [TEST_STEP][PASSED] - d = c.substring(1): null

2019-06-25 17:46:57 - [TEST_STEP][PASSED] - comment(d): 210.00

2019-06-25 17:46:57 - [MESSAGE][INFO] - 210.00

2019-06-25 17:46:57 - [TEST_STEP][PASSED] - verifyNotEqual("c", "d"): Actual object 'c' and expected object 'd' are not equal

2019-06-25 17:46:57 - [MESSAGE][PASSED] - Actual object 'c' and expected object 'd' are not equal

2019-06-25 17:46:57 - [TEST_STEP][PASSED] - comment(" price changed . Quantity selector is working"):  price changed . Quantity selector is working

2019-06-25 17:46:57 - [MESSAGE][INFO] -  price changed . Quantity selector is working]]></system-out>
         <system-err><![CDATA[]]></system-err>
      </testcase>
      <testcase name="Test Cases/OCS - DESKTOP/OCS- CRITICAL PATH/Cart flyout- decrease qty" classname="Test Cases/OCS - DESKTOP/OCS- CRITICAL PATH/Cart flyout- decrease qty" status="PASSED">
         <system-out><![CDATA[2019-06-25 17:46:57 - [TEST_CASE][PASSED] - Test Cases/OCS - DESKTOP/OCS- CRITICAL PATH/Cart flyout- decrease qty: Test Cases/OCS - DESKTOP/OCS- CRITICAL PATH/Cart flyout- decrease qty

2019-06-25 17:46:57 - [TEST_STEP][PASSED] - callTestCase(findTestCase("OCS - DESKTOP/CALL - Navigate to PDP"), [:], STOP_ON_FAILURE): Call Test Case 'Test Cases/OCS - DESKTOP/CALL - Navigate to PDP' successfully

2019-06-25 17:46:57 - [TEST_CASE][PASSED] - Test Cases/OCS - DESKTOP/CALL - Navigate to PDP: Test Cases/OCS - DESKTOP/CALL - Navigate to PDP

2019-06-25 17:46:57 - [TEST_STEP][PASSED] - openBrowser(""): Browser is opened with url: ''

2019-06-25 17:46:57 - [MESSAGE][WARNING] - A browser is already opened. Closing browser and opening a new one

2019-06-25 17:46:57 - [MESSAGE][INFO] - Starting 'Chrome' driver

2019-06-25 17:46:59 - [MESSAGE][PASSED] - Browser is opened with url: ''

2019-06-25 17:46:59 - [TEST_STEP][PASSED] - maximizeWindow(): Current window maximized

2019-06-25 17:46:59 - [MESSAGE][PASSED] - Current window maximized

2019-06-25 17:46:59 - [TEST_STEP][PASSED] - navigateToUrl("https://ocs.ca/?fts=0&preview_theme_id=72920106828"): Navigate to 'https://ocs.ca/?fts=0&preview_theme_id=72920106828' successfully

2019-06-25 17:47:03 - [MESSAGE][PASSED] - Navigate to 'https://ocs.ca/?fts=0&preview_theme_id=72920106828' successfully

2019-06-25 17:47:03 - [TEST_STEP][PASSED] - executeJavaScript("var previewBar = document.getElementById("preview-bar-iframe"); previewBar.style.display = "none";", []): Execute JavaScript 'var previewBar = document.getElementById("preview-bar-iframe"); previewBar.style.display = "none";' successfully

2019-06-25 17:47:03 - [MESSAGE][PASSED] - Execute JavaScript 'var previewBar = document.getElementById("preview-bar-iframe"); previewBar.style.display = "none";' successfully

2019-06-25 17:47:03 - [TEST_STEP][PASSED] - delay(4): Delayed 4 second(s)

2019-06-25 17:47:07 - [MESSAGE][PASSED] - Delayed 4 second(s)

2019-06-25 17:47:07 - [TEST_STEP][PASSED] - selectOptionByValue(findTestObject("OCS-DESKTOP/Age gate and Mega menu/Date"), "12", true): All options with value '12' are selected in object 'Object Repository/OCS-DESKTOP/Age gate and Mega menu/Date'  using regular expression

2019-06-25 17:47:07 - [MESSAGE][PASSED] - All options with value '12' are selected in object 'Object Repository/OCS-DESKTOP/Age gate and Mega menu/Date'  using regular expression

2019-06-25 17:47:07 - [TEST_STEP][PASSED] - selectOptionByValue(findTestObject("OCS-DESKTOP/Age gate and Mega menu/month"), "6", true): All options with value '6' are selected in object 'Object Repository/OCS-DESKTOP/Age gate and Mega menu/month'  using regular expression

2019-06-25 17:47:07 - [MESSAGE][PASSED] - All options with value '6' are selected in object 'Object Repository/OCS-DESKTOP/Age gate and Mega menu/month'  using regular expression

2019-06-25 17:47:07 - [TEST_STEP][PASSED] - delay(2): Delayed 2 second(s)

2019-06-25 17:47:09 - [MESSAGE][PASSED] - Delayed 2 second(s)

2019-06-25 17:47:09 - [TEST_STEP][PASSED] - selectOptionByValue(findTestObject("OCS-DESKTOP/Age gate and Mega menu/Year Dropdown"), "1990", true): All options with value '1990' are selected in object 'Object Repository/OCS-DESKTOP/Age gate and Mega menu/Year Dropdown'  using regular expression

2019-06-25 17:47:10 - [MESSAGE][PASSED] - All options with value '1990' are selected in object 'Object Repository/OCS-DESKTOP/Age gate and Mega menu/Year Dropdown'  using regular expression

2019-06-25 17:47:10 - [TEST_STEP][PASSED] - click(findTestObject("OCS-DESKTOP/Age gate and Mega menu/button_Verify")): Object: 'Object Repository/OCS-DESKTOP/Age gate and Mega menu/button_Verify' is clicked on

2019-06-25 17:47:11 - [MESSAGE][PASSED] - Object: 'Object Repository/OCS-DESKTOP/Age gate and Mega menu/button_Verify' is clicked on

2019-06-25 17:47:11 - [TEST_STEP][PASSED] - click(findTestObject("OCS-DESKTOP/Age gate and Mega menu/Checkbox_CONFIRM AND ACKNOWLEDGE")): Object: 'Object Repository/OCS-DESKTOP/Age gate and Mega menu/Checkbox_CONFIRM AND ACKNOWLEDGE' is clicked on

2019-06-25 17:47:11 - [MESSAGE][PASSED] - Object: 'Object Repository/OCS-DESKTOP/Age gate and Mega menu/Checkbox_CONFIRM AND ACKNOWLEDGE' is clicked on

2019-06-25 17:47:11 - [TEST_STEP][PASSED] - click(findTestObject("OCS-DESKTOP/Age gate and Mega menu/button_CONFIRM")): Object: 'Object Repository/OCS-DESKTOP/Age gate and Mega menu/button_CONFIRM' is clicked on

2019-06-25 17:47:11 - [MESSAGE][PASSED] - Object: 'Object Repository/OCS-DESKTOP/Age gate and Mega menu/button_CONFIRM' is clicked on

2019-06-25 17:47:11 - [TEST_STEP][PASSED] - click(findTestObject("OCS-DESKTOP/Age gate and Mega menu/button_Start Browsing")): Object: 'Object Repository/OCS-DESKTOP/Age gate and Mega menu/button_Start Browsing' is clicked on

2019-06-25 17:47:11 - [MESSAGE][PASSED] - Object: 'Object Repository/OCS-DESKTOP/Age gate and Mega menu/button_Start Browsing' is clicked on

2019-06-25 17:47:11 - [TEST_STEP][PASSED] - delay(2): Delayed 2 second(s)

2019-06-25 17:47:13 - [MESSAGE][PASSED] - Delayed 2 second(s)

2019-06-25 17:47:13 - [TEST_STEP][PASSED] - navigateToUrl("https://ocs.ca/products/la-confidential"): Navigate to 'https://ocs.ca/products/la-confidential' successfully

2019-06-25 17:47:18 - [MESSAGE][PASSED] - Navigate to 'https://ocs.ca/products/la-confidential' successfully

2019-06-25 17:47:18 - [TEST_STEP][PASSED] - executeJavaScript("var previewBar = document.getElementById("preview-bar-iframe"); previewBar.style.display = "none";", []): Execute JavaScript 'var previewBar = document.getElementById("preview-bar-iframe"); previewBar.style.display = "none";' successfully

2019-06-25 17:47:18 - [MESSAGE][PASSED] - Execute JavaScript 'var previewBar = document.getElementById("preview-bar-iframe"); previewBar.style.display = "none";' successfully

2019-06-25 17:47:18 - [MESSAGE][PASSED] - Call Test Case 'Test Cases/OCS - DESKTOP/CALL - Navigate to PDP' successfully

2019-06-25 17:47:18 - [TEST_STEP][NOT_RUN] - scrollToElement(findTestObject("OCS-DESKTOP/Product page/Product image"), 1): NOT_RUN: scrollToElement(findTestObject("OCS-DESKTOP/Product page/Product image"), 1)

2019-06-25 17:47:18 - [MESSAGE][NOT_RUN] - NOT_RUN: scrollToElement(findTestObject("OCS-DESKTOP/Product page/Product image"), 1)

2019-06-25 17:47:18 - [TEST_STEP][PASSED] - delay(2): Delayed 2 second(s)

2019-06-25 17:47:20 - [MESSAGE][PASSED] - Delayed 2 second(s)

2019-06-25 17:47:20 - [TEST_STEP][PASSED] - executeJavaScript("var previewBar = document.getElementById("preview-bar-iframe"); previewBar.style.display = "none";", []): Execute JavaScript 'var previewBar = document.getElementById("preview-bar-iframe"); previewBar.style.display = "none";' successfully

2019-06-25 17:47:20 - [MESSAGE][PASSED] - Execute JavaScript 'var previewBar = document.getElementById("preview-bar-iframe"); previewBar.style.display = "none";' successfully

2019-06-25 17:47:20 - [TEST_STEP][PASSED] - flag = verifyElementPresent(findTestObject("OCS-DESKTOP/Product page/Swatch_1g"), 0): Object 'Object Repository/OCS-DESKTOP/Product page/Swatch_1g' is present

2019-06-25 17:47:20 - [MESSAGE][WARNING] - Timeout '0' is invalid. Using default page load timeout: '30'

2019-06-25 17:47:20 - [MESSAGE][PASSED] - Object 'Object Repository/OCS-DESKTOP/Product page/Swatch_1g' is present

2019-06-25 17:47:20 - [TEST_STEP][PASSED] - click(findTestObject("OCS-DESKTOP/Product page/Swatch_1g")): Object: 'Object Repository/OCS-DESKTOP/Product page/Swatch_1g' is clicked on

2019-06-25 17:47:20 - [MESSAGE][PASSED] - Object: 'Object Repository/OCS-DESKTOP/Product page/Swatch_1g' is clicked on

2019-06-25 17:47:20 - [TEST_STEP][PASSED] - takeScreenshot(): Taking screenshot successfully

2019-06-25 17:47:21 - [MESSAGE][PASSED] - Taking screenshot successfully
[[ATTACHMENT|/Users/sumankompelly/Relative xpath-Desktop/Reports/OCS - 1.10.2.1/20190625_174612/1561499240626.png]]

2019-06-25 17:47:21 - [TEST_STEP][PASSED] - comment(" flag =" + flag):  flag =true

2019-06-25 17:47:21 - [MESSAGE][INFO] -  flag =true

2019-06-25 17:47:21 - [TEST_STEP][PASSED] - if (flag == true):  Sub-total Price changed . Quantity selector is working

2019-06-25 17:47:21 - [TEST_STEP][PASSED] - delay(2): Delayed 2 second(s)

2019-06-25 17:47:23 - [MESSAGE][PASSED] - Delayed 2 second(s)

2019-06-25 17:47:23 - [TEST_STEP][NOT_RUN] - click(findTestObject("OCS-DESKTOP/Product page/Quantity Increase - Button")): NOT_RUN: click(findTestObject("OCS-DESKTOP/Product page/Quantity Increase - Button"))

2019-06-25 17:47:23 - [MESSAGE][NOT_RUN] - NOT_RUN: click(findTestObject("OCS-DESKTOP/Product page/Quantity Increase - Button"))

2019-06-25 17:47:23 - [TEST_STEP][PASSED] - delay(1): Delayed 1 second(s)

2019-06-25 17:47:24 - [MESSAGE][PASSED] - Delayed 1 second(s)

2019-06-25 17:47:24 - [TEST_STEP][PASSED] - click(findTestObject("OCS-DESKTOP/Product page/Quantity Increase - Button")): Object: 'Object Repository/OCS-DESKTOP/Product page/Quantity Increase - Button' is clicked on

2019-06-25 17:47:24 - [MESSAGE][PASSED] - Object: 'Object Repository/OCS-DESKTOP/Product page/Quantity Increase - Button' is clicked on

2019-06-25 17:47:24 - [TEST_STEP][PASSED] - delay(1): Delayed 1 second(s)

2019-06-25 17:47:25 - [MESSAGE][PASSED] - Delayed 1 second(s)

2019-06-25 17:47:25 - [TEST_STEP][PASSED] - click(findTestObject("OCS-DESKTOP/Product page/Quantity Increase - Button")): Object: 'Object Repository/OCS-DESKTOP/Product page/Quantity Increase - Button' is clicked on

2019-06-25 17:47:25 - [MESSAGE][PASSED] - Object: 'Object Repository/OCS-DESKTOP/Product page/Quantity Increase - Button' is clicked on

2019-06-25 17:47:25 - [TEST_STEP][PASSED] - delay(1): Delayed 1 second(s)

2019-06-25 17:47:26 - [MESSAGE][PASSED] - Delayed 1 second(s)

2019-06-25 17:47:26 - [TEST_STEP][PASSED] - click(findTestObject("OCS-DESKTOP/Product page/Quantity Increase - Button")): Object: 'Object Repository/OCS-DESKTOP/Product page/Quantity Increase - Button' is clicked on

2019-06-25 17:47:26 - [MESSAGE][PASSED] - Object: 'Object Repository/OCS-DESKTOP/Product page/Quantity Increase - Button' is clicked on

2019-06-25 17:47:26 - [TEST_STEP][PASSED] - delay(1): Delayed 1 second(s)

2019-06-25 17:47:27 - [MESSAGE][PASSED] - Delayed 1 second(s)

2019-06-25 17:47:27 - [TEST_STEP][PASSED] - click(findTestObject("OCS-DESKTOP/Product page/Quantity Increase - Button")): Object: 'Object Repository/OCS-DESKTOP/Product page/Quantity Increase - Button' is clicked on

2019-06-25 17:47:27 - [MESSAGE][PASSED] - Object: 'Object Repository/OCS-DESKTOP/Product page/Quantity Increase - Button' is clicked on

2019-06-25 17:47:27 - [TEST_STEP][PASSED] - delay(2): Delayed 2 second(s)

2019-06-25 17:47:29 - [MESSAGE][PASSED] - Delayed 2 second(s)

2019-06-25 17:47:29 - [TEST_STEP][PASSED] - click(findTestObject("OCS-DESKTOP/Product page/Add to Bag-button")): Object: 'Object Repository/OCS-DESKTOP/Product page/Add to Bag-button' is clicked on

2019-06-25 17:47:29 - [MESSAGE][PASSED] - Object: 'Object Repository/OCS-DESKTOP/Product page/Add to Bag-button' is clicked on

2019-06-25 17:47:29 - [TEST_STEP][PASSED] - delay(1): Delayed 1 second(s)

2019-06-25 17:47:30 - [MESSAGE][PASSED] - Delayed 1 second(s)

2019-06-25 17:47:30 - [TEST_STEP][NOT_RUN] - click(findTestObject("OCS-DESKTOP/Home - page/Cart icon -bag"), OPTIONAL): NOT_RUN: click(findTestObject("OCS-DESKTOP/Home - page/Cart icon -bag"), OPTIONAL)

2019-06-25 17:47:30 - [MESSAGE][NOT_RUN] - NOT_RUN: click(findTestObject("OCS-DESKTOP/Home - page/Cart icon -bag"), OPTIONAL)

2019-06-25 17:47:30 - [TEST_STEP][NOT_RUN] - click(findTestObject("OCS-DESKTOP/Cart flyout/Quantity decrease - Product")): NOT_RUN: click(findTestObject("OCS-DESKTOP/Cart flyout/Quantity decrease - Product"))

2019-06-25 17:47:30 - [MESSAGE][NOT_RUN] - NOT_RUN: click(findTestObject("OCS-DESKTOP/Cart flyout/Quantity decrease - Product"))

2019-06-25 17:47:30 - [TEST_STEP][PASSED] - delay(2): Delayed 2 second(s)

2019-06-25 17:47:32 - [MESSAGE][PASSED] - Delayed 2 second(s)

2019-06-25 17:47:32 - [TEST_STEP][PASSED] - a = getText(findTestObject("OCS-DESKTOP/Cart flyout/Unit price - Product")): Text of object 'Object Repository/OCS-DESKTOP/Cart flyout/Unit price - Product' is: '$52.50'

2019-06-25 17:47:32 - [MESSAGE][PASSED] - Text of object 'Object Repository/OCS-DESKTOP/Cart flyout/Unit price - Product' is: '$52.50'

2019-06-25 17:47:32 - [TEST_STEP][PASSED] - comment(a): $52.50

2019-06-25 17:47:32 - [MESSAGE][INFO] - $52.50

2019-06-25 17:47:32 - [TEST_STEP][PASSED] - b = a.substring(1): null

2019-06-25 17:47:32 - [TEST_STEP][PASSED] - comment(b): 52.50

2019-06-25 17:47:32 - [MESSAGE][INFO] - 52.50

2019-06-25 17:47:32 - [TEST_STEP][PASSED] - click(findTestObject("OCS-DESKTOP/Cart flyout/input_-_updates")): Object: 'Object Repository/OCS-DESKTOP/Cart flyout/input_-_updates' is clicked on

2019-06-25 17:47:32 - [MESSAGE][PASSED] - Object: 'Object Repository/OCS-DESKTOP/Cart flyout/input_-_updates' is clicked on

2019-06-25 17:47:32 - [TEST_STEP][PASSED] - setText(findTestObject("OCS-DESKTOP/Cart flyout/input_-_updates"), Keys.chord(CLEAR)): Text 'CLEAR + ' is set on object 'Object Repository/OCS-DESKTOP/Cart flyout/input_-_updates'

2019-06-25 17:47:33 - [MESSAGE][PASSED] - Text 'CLEAR + ' is set on object 'Object Repository/OCS-DESKTOP/Cart flyout/input_-_updates'

2019-06-25 17:47:33 - [TEST_STEP][PASSED] - delay(1): Delayed 1 second(s)

2019-06-25 17:47:34 - [MESSAGE][PASSED] - Delayed 1 second(s)

2019-06-25 17:47:34 - [TEST_STEP][PASSED] - setText(findTestObject("OCS-DESKTOP/Cart flyout/input_-_updates"), "10"): Text '10' is set on object 'Object Repository/OCS-DESKTOP/Cart flyout/input_-_updates'

2019-06-25 17:47:34 - [MESSAGE][PASSED] - Text '10' is set on object 'Object Repository/OCS-DESKTOP/Cart flyout/input_-_updates'

2019-06-25 17:47:34 - [TEST_STEP][PASSED] - delay(2): Delayed 2 second(s)

2019-06-25 17:47:36 - [MESSAGE][PASSED] - Delayed 2 second(s)

2019-06-25 17:47:36 - [TEST_STEP][PASSED] - click(findTestObject("OCS-DESKTOP/Cart flyout/Quantity decrease - Product")): Object: 'Object Repository/OCS-DESKTOP/Cart flyout/Quantity decrease - Product' is clicked on

2019-06-25 17:47:36 - [MESSAGE][PASSED] - Object: 'Object Repository/OCS-DESKTOP/Cart flyout/Quantity decrease - Product' is clicked on

2019-06-25 17:47:36 - [TEST_STEP][PASSED] - delay(1): Delayed 1 second(s)

2019-06-25 17:47:37 - [MESSAGE][PASSED] - Delayed 1 second(s)

2019-06-25 17:47:37 - [TEST_STEP][PASSED] - click(findTestObject("OCS-DESKTOP/Cart flyout/Quantity decrease - Product")): Object: 'Object Repository/OCS-DESKTOP/Cart flyout/Quantity decrease - Product' is clicked on

2019-06-25 17:47:37 - [MESSAGE][PASSED] - Object: 'Object Repository/OCS-DESKTOP/Cart flyout/Quantity decrease - Product' is clicked on

2019-06-25 17:47:37 - [TEST_STEP][PASSED] - delay(1): Delayed 1 second(s)

2019-06-25 17:47:38 - [MESSAGE][PASSED] - Delayed 1 second(s)

2019-06-25 17:47:38 - [TEST_STEP][PASSED] - click(findTestObject("OCS-DESKTOP/Cart flyout/Quantity decrease - Product")): Object: 'Object Repository/OCS-DESKTOP/Cart flyout/Quantity decrease - Product' is clicked on

2019-06-25 17:47:38 - [MESSAGE][PASSED] - Object: 'Object Repository/OCS-DESKTOP/Cart flyout/Quantity decrease - Product' is clicked on

2019-06-25 17:47:38 - [TEST_STEP][PASSED] - delay(5): Delayed 5 second(s)

2019-06-25 17:47:43 - [MESSAGE][PASSED] - Delayed 5 second(s)

2019-06-25 17:47:43 - [TEST_STEP][PASSED] - c = getText(findTestObject("OCS-DESKTOP/Cart flyout/Sub-total Price")): Text of object 'Object Repository/OCS-DESKTOP/Cart flyout/Sub-total Price' is: '$10.50'

2019-06-25 17:47:43 - [MESSAGE][PASSED] - Text of object 'Object Repository/OCS-DESKTOP/Cart flyout/Sub-total Price' is: '$10.50'

2019-06-25 17:47:43 - [TEST_STEP][PASSED] - comment(c): $10.50

2019-06-25 17:47:43 - [MESSAGE][INFO] - $10.50

2019-06-25 17:47:43 - [TEST_STEP][PASSED] - d = c.substring(1): null

2019-06-25 17:47:43 - [TEST_STEP][PASSED] - comment(d): 10.50

2019-06-25 17:47:43 - [MESSAGE][INFO] - 10.50

2019-06-25 17:47:43 - [TEST_STEP][PASSED] - verifyNotEqual("b", "d"): Actual object 'b' and expected object 'd' are not equal

2019-06-25 17:47:43 - [MESSAGE][PASSED] - Actual object 'b' and expected object 'd' are not equal

2019-06-25 17:47:43 - [TEST_STEP][PASSED] - comment(" Sub-total Price changed . Quantity selector is working"):  Sub-total Price changed . Quantity selector is working

2019-06-25 17:47:43 - [MESSAGE][INFO] -  Sub-total Price changed . Quantity selector is working]]></system-out>
         <system-err><![CDATA[]]></system-err>
      </testcase>
      <testcase name="Test Cases/OCS - DESKTOP/OCS- CRITICAL PATH/Checkout- Payment" classname="Test Cases/OCS - DESKTOP/OCS- CRITICAL PATH/Checkout- Payment" status="FAILED">
         <failure type="FAILED" message="Test Cases/OCS - DESKTOP/OCS- CRITICAL PATH/Checkout- Payment FAILED.
Reason:
com.kms.katalon.core.exception.StepFailedException: Unable to execute JavaScript. (Root cause: org.openqa.selenium.WebDriverException: unknown error: Cannot read property 'style' of null
  (Session info: chrome=75.0.3770.100)
  (Driver info: chromedriver=2.43.600229 (3fae4d0cda5334b4f533bede5a4787f7b832d052),platform=Mac OS X 10.13.6 x86_64) (WARNING: The server did not provide any stacktrace information)
Command duration or timeout: 0 milliseconds
Build info: version: '3.7.1', revision: '8a0099a', time: '2017-11-06T21:07:36.161Z'
System info: host: 'sumans-MacBook-Pro.local', ip: 'fe80:0:0:0:b7:68e8:717b:cb34%en0', os.name: 'Mac OS X', os.arch: 'x86_64', os.version: '10.13.6', java.version: '1.8.0_181'
Driver info: com.kms.katalon.selenium.driver.CChromeDriver
Capabilities {acceptInsecureCerts: false, acceptSslCerts: false, applicationCacheEnabled: false, browserConnectionEnabled: false, browserName: chrome, chrome: {chromedriverVersion: 2.43.600229 (3fae4d0cda5334..., userDataDir: /var/folders/1t/c55l8xzs6gq...}, cssSelectorsEnabled: true, databaseEnabled: false, goog:chromeOptions: {debuggerAddress: localhost:52623}, handlesAlerts: true, hasTouchScreen: false, javascriptEnabled: true, locationContextEnabled: true, mobileEmulationEnabled: false, nativeEvents: true, networkConnectionEnabled: false, pageLoadStrategy: normal, platform: MAC, platformName: MAC, rotatable: false, setWindowRect: true, takesHeapSnapshot: true, takesScreenshot: true, unexpectedAlertBehaviour: , unhandledPromptBehavior: , version: 75.0.3770.100, webStorageEnabled: true}
Session ID: 85a34af9e52cc2234ebb69f7dad26941)
	at com.kms.katalon.core.keyword.internal.KeywordMain.stepFailed(KeywordMain.groovy:36)
	at com.kms.katalon.core.webui.keyword.internal.WebUIKeywordMain.stepFailed(WebUIKeywordMain.groovy:65)
	at com.kms.katalon.core.webui.keyword.internal.WebUIKeywordMain.runKeyword(WebUIKeywordMain.groovy:27)
	at com.kms.katalon.core.webui.keyword.builtin.ExecuteJavaScriptKeyword.executeJavascript(ExecuteJavascriptKeyword.groovy:42)
	at com.kms.katalon.core.webui.keyword.builtin.ExecuteJavaScriptKeyword.execute(ExecuteJavascriptKeyword.groovy:37)
	at com.kms.katalon.core.keyword.internal.KeywordExecutor.executeKeywordForPlatform(KeywordExecutor.groovy:53)
	at com.kms.katalon.core.webui.keyword.WebUiBuiltInKeywords.executeJavaScript(WebUiBuiltInKeywords.groovy:3787)
	at com.kms.katalon.core.webui.keyword.WebUiBuiltInKeywords$executeJavaScript$2.call(Unknown Source)
	at Checkout- Payment.run(Checkout- Payment:142)
	at com.kms.katalon.core.main.ScriptEngine.run(ScriptEngine.java:194)
	at com.kms.katalon.core.main.ScriptEngine.runScriptAsRawText(ScriptEngine.java:119)
	at com.kms.katalon.core.main.TestCaseExecutor.runScript(TestCaseExecutor.java:328)
	at com.kms.katalon.core.main.TestCaseExecutor.doExecute(TestCaseExecutor.java:319)
	at com.kms.katalon.core.main.TestCaseExecutor.processExecutionPhase(TestCaseExecutor.java:298)
	at com.kms.katalon.core.main.TestCaseExecutor.accessMainPhase(TestCaseExecutor.java:290)
	at com.kms.katalon.core.main.TestCaseExecutor.execute(TestCaseExecutor.java:224)
	at com.kms.katalon.core.main.TestSuiteExecutor.accessTestCaseMainPhase(TestSuiteExecutor.java:129)
	at com.kms.katalon.core.main.TestSuiteExecutor.accessTestSuiteMainPhase(TestSuiteExecutor.java:112)
	at com.kms.katalon.core.main.TestSuiteExecutor.execute(TestSuiteExecutor.java:81)
	at com.kms.katalon.core.main.TestCaseMain.startTestSuite(TestCaseMain.java:149)
	at com.kms.katalon.core.main.TestCaseMain$startTestSuite$0.call(Unknown Source)
	at TempTestSuite1561499172132.run(TempTestSuite1561499172132.groovy:36)
"/>
         <system-out><![CDATA[2019-06-25 17:47:43 - [TEST_CASE][FAILED] - Test Cases/OCS - DESKTOP/OCS- CRITICAL PATH/Checkout- Payment: Test Cases/OCS - DESKTOP/OCS- CRITICAL PATH/Checkout- Payment FAILED.
Reason:
com.kms.katalon.core.exception.StepFailedException: Unable to execute JavaScript. (Root cause: org.openqa.selenium.WebDriverException: unknown error: Cannot read property 'style' of null
  (Session info: chrome=75.0.3770.100)
  (Driver info: chromedriver=2.43.600229 (3fae4d0cda5334b4f533bede5a4787f7b832d052),platform=Mac OS X 10.13.6 x86_64) (WARNING: The server did not provide any stacktrace information)
Command duration or timeout: 0 milliseconds
Build info: version: '3.7.1', revision: '8a0099a', time: '2017-11-06T21:07:36.161Z'
System info: host: 'sumans-MacBook-Pro.local', ip: 'fe80:0:0:0:b7:68e8:717b:cb34%en0', os.name: 'Mac OS X', os.arch: 'x86_64', os.version: '10.13.6', java.version: '1.8.0_181'
Driver info: com.kms.katalon.selenium.driver.CChromeDriver
Capabilities {acceptInsecureCerts: false, acceptSslCerts: false, applicationCacheEnabled: false, browserConnectionEnabled: false, browserName: chrome, chrome: {chromedriverVersion: 2.43.600229 (3fae4d0cda5334..., userDataDir: /var/folders/1t/c55l8xzs6gq...}, cssSelectorsEnabled: true, databaseEnabled: false, goog:chromeOptions: {debuggerAddress: localhost:52623}, handlesAlerts: true, hasTouchScreen: false, javascriptEnabled: true, locationContextEnabled: true, mobileEmulationEnabled: false, nativeEvents: true, networkConnectionEnabled: false, pageLoadStrategy: normal, platform: MAC, platformName: MAC, rotatable: false, setWindowRect: true, takesHeapSnapshot: true, takesScreenshot: true, unexpectedAlertBehaviour: , unhandledPromptBehavior: , version: 75.0.3770.100, webStorageEnabled: true}
Session ID: 85a34af9e52cc2234ebb69f7dad26941)
	at com.kms.katalon.core.keyword.internal.KeywordMain.stepFailed(KeywordMain.groovy:36)
	at com.kms.katalon.core.webui.keyword.internal.WebUIKeywordMain.stepFailed(WebUIKeywordMain.groovy:65)
	at com.kms.katalon.core.webui.keyword.internal.WebUIKeywordMain.runKeyword(WebUIKeywordMain.groovy:27)
	at com.kms.katalon.core.webui.keyword.builtin.ExecuteJavaScriptKeyword.executeJavascript(ExecuteJavascriptKeyword.groovy:42)
	at com.kms.katalon.core.webui.keyword.builtin.ExecuteJavaScriptKeyword.execute(ExecuteJavascriptKeyword.groovy:37)
	at com.kms.katalon.core.keyword.internal.KeywordExecutor.executeKeywordForPlatform(KeywordExecutor.groovy:53)
	at com.kms.katalon.core.webui.keyword.WebUiBuiltInKeywords.executeJavaScript(WebUiBuiltInKeywords.groovy:3787)
	at com.kms.katalon.core.webui.keyword.WebUiBuiltInKeywords$executeJavaScript$2.call(Unknown Source)
	at Checkout- Payment.run(Checkout- Payment:142)
	at com.kms.katalon.core.main.ScriptEngine.run(ScriptEngine.java:194)
	at com.kms.katalon.core.main.ScriptEngine.runScriptAsRawText(ScriptEngine.java:119)
	at com.kms.katalon.core.main.TestCaseExecutor.runScript(TestCaseExecutor.java:328)
	at com.kms.katalon.core.main.TestCaseExecutor.doExecute(TestCaseExecutor.java:319)
	at com.kms.katalon.core.main.TestCaseExecutor.processExecutionPhase(TestCaseExecutor.java:298)
	at com.kms.katalon.core.main.TestCaseExecutor.accessMainPhase(TestCaseExecutor.java:290)
	at com.kms.katalon.core.main.TestCaseExecutor.execute(TestCaseExecutor.java:224)
	at com.kms.katalon.core.main.TestSuiteExecutor.accessTestCaseMainPhase(TestSuiteExecutor.java:129)
	at com.kms.katalon.core.main.TestSuiteExecutor.accessTestSuiteMainPhase(TestSuiteExecutor.java:112)
	at com.kms.katalon.core.main.TestSuiteExecutor.execute(TestSuiteExecutor.java:81)
	at com.kms.katalon.core.main.TestCaseMain.startTestSuite(TestCaseMain.java:149)
	at com.kms.katalon.core.main.TestCaseMain$startTestSuite$0.call(Unknown Source)
	at TempTestSuite1561499172132.run(TempTestSuite1561499172132.groovy:36)


2019-06-25 17:47:43 - [TEST_STEP][PASSED] - callTestCase(findTestCase("OCS - DESKTOP/CALL- Age gate"), [:], STOP_ON_FAILURE): Call Test Case 'Test Cases/OCS - DESKTOP/CALL- Age gate' successfully

2019-06-25 17:47:43 - [TEST_CASE][PASSED] - Test Cases/OCS - DESKTOP/CALL- Age gate: Test Cases/OCS - DESKTOP/CALL- Age gate

2019-06-25 17:47:43 - [TEST_STEP][PASSED] - openBrowser(""): Browser is opened with url: ''

2019-06-25 17:47:43 - [MESSAGE][WARNING] - A browser is already opened. Closing browser and opening a new one

2019-06-25 17:47:43 - [MESSAGE][INFO] - Starting 'Chrome' driver

2019-06-25 17:47:45 - [MESSAGE][PASSED] - Browser is opened with url: ''

2019-06-25 17:47:45 - [TEST_STEP][PASSED] - navigateToUrl("https://ocs.ca/?fts=0&preview_theme_id=72920106828"): Navigate to 'https://ocs.ca/?fts=0&preview_theme_id=72920106828' successfully

2019-06-25 17:47:49 - [MESSAGE][PASSED] - Navigate to 'https://ocs.ca/?fts=0&preview_theme_id=72920106828' successfully

2019-06-25 17:47:49 - [TEST_STEP][PASSED] - maximizeWindow(): Current window maximized

2019-06-25 17:47:49 - [MESSAGE][PASSED] - Current window maximized

2019-06-25 17:47:49 - [TEST_STEP][PASSED] - delay(2): Delayed 2 second(s)

2019-06-25 17:47:51 - [MESSAGE][PASSED] - Delayed 2 second(s)

2019-06-25 17:47:51 - [TEST_STEP][PASSED] - executeJavaScript("var previewBar = document.getElementById("preview-bar-iframe"); previewBar.style.display = "none";", []): Execute JavaScript 'var previewBar = document.getElementById("preview-bar-iframe"); previewBar.style.display = "none";' successfully

2019-06-25 17:47:51 - [MESSAGE][PASSED] - Execute JavaScript 'var previewBar = document.getElementById("preview-bar-iframe"); previewBar.style.display = "none";' successfully

2019-06-25 17:47:51 - [TEST_STEP][PASSED] - selectOptionByValue(findTestObject("OCS-DESKTOP/Age gate and Mega menu/Date"), "12", true): All options with value '12' are selected in object 'Object Repository/OCS-DESKTOP/Age gate and Mega menu/Date'  using regular expression

2019-06-25 17:47:51 - [MESSAGE][PASSED] - All options with value '12' are selected in object 'Object Repository/OCS-DESKTOP/Age gate and Mega menu/Date'  using regular expression

2019-06-25 17:47:51 - [TEST_STEP][PASSED] - selectOptionByValue(findTestObject("OCS-DESKTOP/Age gate and Mega menu/month"), "6", true): All options with value '6' are selected in object 'Object Repository/OCS-DESKTOP/Age gate and Mega menu/month'  using regular expression

2019-06-25 17:47:52 - [MESSAGE][PASSED] - All options with value '6' are selected in object 'Object Repository/OCS-DESKTOP/Age gate and Mega menu/month'  using regular expression

2019-06-25 17:47:52 - [TEST_STEP][PASSED] - delay(2): Delayed 2 second(s)

2019-06-25 17:47:54 - [MESSAGE][PASSED] - Delayed 2 second(s)

2019-06-25 17:47:54 - [TEST_STEP][PASSED] - selectOptionByValue(findTestObject("OCS-DESKTOP/Age gate and Mega menu/Year Dropdown"), "1990", true): All options with value '1990' are selected in object 'Object Repository/OCS-DESKTOP/Age gate and Mega menu/Year Dropdown'  using regular expression

2019-06-25 17:47:55 - [MESSAGE][PASSED] - All options with value '1990' are selected in object 'Object Repository/OCS-DESKTOP/Age gate and Mega menu/Year Dropdown'  using regular expression

2019-06-25 17:47:55 - [TEST_STEP][PASSED] - click(findTestObject("OCS-DESKTOP/Age gate and Mega menu/button_Verify")): Object: 'Object Repository/OCS-DESKTOP/Age gate and Mega menu/button_Verify' is clicked on

2019-06-25 17:47:55 - [MESSAGE][PASSED] - Object: 'Object Repository/OCS-DESKTOP/Age gate and Mega menu/button_Verify' is clicked on

2019-06-25 17:47:55 - [TEST_STEP][PASSED] - click(findTestObject("OCS-DESKTOP/Age gate and Mega menu/Checkbox_CONFIRM AND ACKNOWLEDGE")): Object: 'Object Repository/OCS-DESKTOP/Age gate and Mega menu/Checkbox_CONFIRM AND ACKNOWLEDGE' is clicked on

2019-06-25 17:47:55 - [MESSAGE][PASSED] - Object: 'Object Repository/OCS-DESKTOP/Age gate and Mega menu/Checkbox_CONFIRM AND ACKNOWLEDGE' is clicked on

2019-06-25 17:47:55 - [TEST_STEP][PASSED] - click(findTestObject("OCS-DESKTOP/Age gate and Mega menu/button_CONFIRM")): Object: 'Object Repository/OCS-DESKTOP/Age gate and Mega menu/button_CONFIRM' is clicked on

2019-06-25 17:47:55 - [MESSAGE][PASSED] - Object: 'Object Repository/OCS-DESKTOP/Age gate and Mega menu/button_CONFIRM' is clicked on

2019-06-25 17:47:55 - [TEST_STEP][PASSED] - click(findTestObject("OCS-DESKTOP/Age gate and Mega menu/button_Start Browsing")): Object: 'Object Repository/OCS-DESKTOP/Age gate and Mega menu/button_Start Browsing' is clicked on

2019-06-25 17:47:55 - [MESSAGE][PASSED] - Object: 'Object Repository/OCS-DESKTOP/Age gate and Mega menu/button_Start Browsing' is clicked on

2019-06-25 17:47:55 - [TEST_STEP][PASSED] - delay(2): Delayed 2 second(s)

2019-06-25 17:47:57 - [MESSAGE][PASSED] - Delayed 2 second(s)

2019-06-25 17:47:57 - [TEST_STEP][PASSED] - refresh(): Refresh successfully

2019-06-25 17:47:57 - [MESSAGE][PASSED] - Refresh successfully

2019-06-25 17:47:57 - [MESSAGE][PASSED] - Call Test Case 'Test Cases/OCS - DESKTOP/CALL- Age gate' successfully

2019-06-25 17:47:57 - [TEST_STEP][PASSED] - click(findTestObject("OCS-DESKTOP/Age gate and Mega menu/Header/CANNABIS menu - English")): Object: 'Object Repository/OCS-DESKTOP/Age gate and Mega menu/Header/CANNABIS menu - English' is clicked on

2019-06-25 17:48:00 - [MESSAGE][PASSED] - Object: 'Object Repository/OCS-DESKTOP/Age gate and Mega menu/Header/CANNABIS menu - English' is clicked on

2019-06-25 17:48:00 - [TEST_STEP][PASSED] - delay(2): Delayed 2 second(s)

2019-06-25 17:48:02 - [MESSAGE][PASSED] - Delayed 2 second(s)

2019-06-25 17:48:02 - [TEST_STEP][PASSED] - click(findTestObject("OCS-DESKTOP/Age gate and Mega menu/Indica Dominant_Menu item")): Object: 'Object Repository/OCS-DESKTOP/Age gate and Mega menu/Indica Dominant_Menu item' is clicked on

2019-06-25 17:48:04 - [MESSAGE][PASSED] - Object: 'Object Repository/OCS-DESKTOP/Age gate and Mega menu/Indica Dominant_Menu item' is clicked on

2019-06-25 17:48:04 - [TEST_STEP][PASSED] - executeJavaScript("var previewBar = document.getElementById("preview-bar-iframe"); previewBar.style.display = "none";", []): Execute JavaScript 'var previewBar = document.getElementById("preview-bar-iframe"); previewBar.style.display = "none";' successfully

2019-06-25 17:48:04 - [MESSAGE][PASSED] - Execute JavaScript 'var previewBar = document.getElementById("preview-bar-iframe"); previewBar.style.display = "none";' successfully

2019-06-25 17:48:04 - [TEST_STEP][PASSED] - delay(2): Delayed 2 second(s)

2019-06-25 17:48:06 - [MESSAGE][PASSED] - Delayed 2 second(s)

2019-06-25 17:48:06 - [TEST_STEP][PASSED] - click(findTestObject("OCS-DESKTOP/Collection page/Product image - 1st one")): Object: 'Object Repository/OCS-DESKTOP/Collection page/Product image - 1st one' is clicked on

2019-06-25 17:48:12 - [MESSAGE][PASSED] - Object: 'Object Repository/OCS-DESKTOP/Collection page/Product image - 1st one' is clicked on

2019-06-25 17:48:12 - [TEST_STEP][PASSED] - executeJavaScript("var previewBar = document.getElementById("preview-bar-iframe"); previewBar.style.display = "none";", []): Execute JavaScript 'var previewBar = document.getElementById("preview-bar-iframe"); previewBar.style.display = "none";' successfully

2019-06-25 17:48:12 - [MESSAGE][PASSED] - Execute JavaScript 'var previewBar = document.getElementById("preview-bar-iframe"); previewBar.style.display = "none";' successfully

2019-06-25 17:48:12 - [TEST_STEP][PASSED] - delay(1): Delayed 1 second(s)

2019-06-25 17:48:13 - [MESSAGE][PASSED] - Delayed 1 second(s)

2019-06-25 17:48:13 - [TEST_STEP][PASSED] - delay(3): Delayed 3 second(s)

2019-06-25 17:48:16 - [MESSAGE][PASSED] - Delayed 3 second(s)

2019-06-25 17:48:16 - [TEST_STEP][NOT_RUN] - scrollToElement(findTestObject("OCS-DESKTOP/Product page/Product image"), 1): NOT_RUN: scrollToElement(findTestObject("OCS-DESKTOP/Product page/Product image"), 1)

2019-06-25 17:48:16 - [MESSAGE][NOT_RUN] - NOT_RUN: scrollToElement(findTestObject("OCS-DESKTOP/Product page/Product image"), 1)

2019-06-25 17:48:16 - [TEST_STEP][PASSED] - click(findTestObject("OCS-DESKTOP/Product page/Swatch_1g")): Object: 'Object Repository/OCS-DESKTOP/Product page/Swatch_1g' is clicked on

2019-06-25 17:48:16 - [MESSAGE][PASSED] - Object: 'Object Repository/OCS-DESKTOP/Product page/Swatch_1g' is clicked on

2019-06-25 17:48:16 - [TEST_STEP][PASSED] - delay(2): Delayed 2 second(s)

2019-06-25 17:48:18 - [MESSAGE][PASSED] - Delayed 2 second(s)

2019-06-25 17:48:18 - [TEST_STEP][PASSED] - click(findTestObject("OCS-DESKTOP/Product page/Add to Bag-button")): Object: 'Object Repository/OCS-DESKTOP/Product page/Add to Bag-button' is clicked on

2019-06-25 17:48:18 - [MESSAGE][PASSED] - Object: 'Object Repository/OCS-DESKTOP/Product page/Add to Bag-button' is clicked on

2019-06-25 17:48:18 - [TEST_STEP][PASSED] - delay(1): Delayed 1 second(s)

2019-06-25 17:48:19 - [MESSAGE][PASSED] - Delayed 1 second(s)

2019-06-25 17:48:19 - [TEST_STEP][NOT_RUN] - click(findTestObject("OCS-DESKTOP/Home - page/Cart icon -bag")): NOT_RUN: click(findTestObject("OCS-DESKTOP/Home - page/Cart icon -bag"))

2019-06-25 17:48:19 - [MESSAGE][NOT_RUN] - NOT_RUN: click(findTestObject("OCS-DESKTOP/Home - page/Cart icon -bag"))

2019-06-25 17:48:19 - [TEST_STEP][PASSED] - delay(3): Delayed 3 second(s)

2019-06-25 17:48:22 - [MESSAGE][PASSED] - Delayed 3 second(s)

2019-06-25 17:48:22 - [TEST_STEP][PASSED] - click(findTestObject("OCS-DESKTOP/Cart flyout/Checkbox_I confirm that")): Object: 'Object Repository/OCS-DESKTOP/Cart flyout/Checkbox_I confirm that' is clicked on

2019-06-25 17:48:22 - [MESSAGE][PASSED] - Object: 'Object Repository/OCS-DESKTOP/Cart flyout/Checkbox_I confirm that' is clicked on

2019-06-25 17:48:22 - [TEST_STEP][PASSED] - delay(1): Delayed 1 second(s)

2019-06-25 17:48:23 - [MESSAGE][PASSED] - Delayed 1 second(s)

2019-06-25 17:48:23 - [TEST_STEP][PASSED] - click(findTestObject("OCS-DESKTOP/Cart flyout/Checkbox_Accept the Terms Condition")): Object: 'Object Repository/OCS-DESKTOP/Cart flyout/Checkbox_Accept the Terms Condition' is clicked on

2019-06-25 17:48:23 - [MESSAGE][PASSED] - Object: 'Object Repository/OCS-DESKTOP/Cart flyout/Checkbox_Accept the Terms Condition' is clicked on

2019-06-25 17:48:23 - [TEST_STEP][PASSED] - delay(1): Delayed 1 second(s)

2019-06-25 17:48:24 - [MESSAGE][PASSED] - Delayed 1 second(s)

2019-06-25 17:48:24 - [TEST_STEP][PASSED] - click(findTestObject("OCS-DESKTOP/Cart flyout/Checkout - Button")): Object: 'Object Repository/OCS-DESKTOP/Cart flyout/Checkout - Button' is clicked on

2019-06-25 17:48:27 - [MESSAGE][PASSED] - Object: 'Object Repository/OCS-DESKTOP/Cart flyout/Checkout - Button' is clicked on

2019-06-25 17:48:27 - [TEST_STEP][PASSED] - executeJavaScript("var previewBar = document.getElementById("preview-bar-iframe"); previewBar.style.display = "none";", []): Execute JavaScript 'var previewBar = document.getElementById("preview-bar-iframe"); previewBar.style.display = "none";' successfully

2019-06-25 17:48:27 - [MESSAGE][PASSED] - Execute JavaScript 'var previewBar = document.getElementById("preview-bar-iframe"); previewBar.style.display = "none";' successfully

2019-06-25 17:48:27 - [TEST_STEP][PASSED] - delay(1): Delayed 1 second(s)

2019-06-25 17:48:28 - [MESSAGE][PASSED] - Delayed 1 second(s)

2019-06-25 17:48:28 - [TEST_STEP][PASSED] - delay(2): Delayed 2 second(s)

2019-06-25 17:48:30 - [MESSAGE][PASSED] - Delayed 2 second(s)

2019-06-25 17:48:30 - [TEST_STEP][PASSED] - scrollToElement(findTestObject("OCS-DESKTOP/Customer info page/input_Email"), 0): Scroll to object 'Object Repository/OCS-DESKTOP/Customer info page/input_Email' successfully

2019-06-25 17:48:30 - [MESSAGE][WARNING] - Timeout '0' is invalid. Using default page load timeout: '30'

2019-06-25 17:48:30 - [MESSAGE][PASSED] - Scroll to object 'Object Repository/OCS-DESKTOP/Customer info page/input_Email' successfully

2019-06-25 17:48:30 - [TEST_STEP][PASSED] - setText(findTestObject("OCS-DESKTOP/Customer info page/input_Email"), "suman.kompelly@diffagency.com"): Text 'suman.kompelly@diffagency.com' is set on object 'Object Repository/OCS-DESKTOP/Customer info page/input_Email'

2019-06-25 17:48:30 - [MESSAGE][PASSED] - Text 'suman.kompelly@diffagency.com' is set on object 'Object Repository/OCS-DESKTOP/Customer info page/input_Email'

2019-06-25 17:48:30 - [TEST_STEP][PASSED] - setText(findTestObject("OCS-DESKTOP/Customer info page/input_First name"), "suman"): Text 'suman' is set on object 'Object Repository/OCS-DESKTOP/Customer info page/input_First name'

2019-06-25 17:48:30 - [MESSAGE][PASSED] - Text 'suman' is set on object 'Object Repository/OCS-DESKTOP/Customer info page/input_First name'

2019-06-25 17:48:30 - [TEST_STEP][PASSED] - setText(findTestObject("OCS-DESKTOP/Customer info page/input_Last name"), "kompelly"): Text 'kompelly' is set on object 'Object Repository/OCS-DESKTOP/Customer info page/input_Last name'

2019-06-25 17:48:31 - [MESSAGE][PASSED] - Text 'kompelly' is set on object 'Object Repository/OCS-DESKTOP/Customer info page/input_Last name'

2019-06-25 17:48:31 - [TEST_STEP][PASSED] - setText(findTestObject("OCS-DESKTOP/Customer info page/input_Address"), "300 saint alxendre"): Text '300 saint alxendre' is set on object 'Object Repository/OCS-DESKTOP/Customer info page/input_Address'

2019-06-25 17:48:31 - [MESSAGE][PASSED] - Text '300 saint alxendre' is set on object 'Object Repository/OCS-DESKTOP/Customer info page/input_Address'

2019-06-25 17:48:31 - [TEST_STEP][PASSED] - setText(findTestObject("OCS-DESKTOP/Customer info page/input_Apartment suite etc. (op"), "199"): Text '199' is set on object 'Object Repository/OCS-DESKTOP/Customer info page/input_Apartment suite etc. (op'

2019-06-25 17:48:31 - [MESSAGE][PASSED] - Text '199' is set on object 'Object Repository/OCS-DESKTOP/Customer info page/input_Apartment suite etc. (op'

2019-06-25 17:48:31 - [TEST_STEP][PASSED] - setText(findTestObject("OCS-DESKTOP/Customer info page/input_City"), "montreal"): Text 'montreal' is set on object 'Object Repository/OCS-DESKTOP/Customer info page/input_City'

2019-06-25 17:48:31 - [MESSAGE][PASSED] - Text 'montreal' is set on object 'Object Repository/OCS-DESKTOP/Customer info page/input_City'

2019-06-25 17:48:31 - [TEST_STEP][PASSED] - setText(findTestObject("OCS-DESKTOP/Customer info page/input_Postal code"), "n0R1K0"): Text 'n0R1K0' is set on object 'Object Repository/OCS-DESKTOP/Customer info page/input_Postal code'

2019-06-25 17:48:32 - [MESSAGE][PASSED] - Text 'n0R1K0' is set on object 'Object Repository/OCS-DESKTOP/Customer info page/input_Postal code'

2019-06-25 17:48:32 - [TEST_STEP][PASSED] - setText(findTestObject("OCS-DESKTOP/Customer info page/input_Phone"), "(514) 449-3882"): Text '(514) 449-3882' is set on object 'Object Repository/OCS-DESKTOP/Customer info page/input_Phone'

2019-06-25 17:48:32 - [MESSAGE][PASSED] - Text '(514) 449-3882' is set on object 'Object Repository/OCS-DESKTOP/Customer info page/input_Phone'

2019-06-25 17:48:32 - [TEST_STEP][PASSED] - delay(3): Delayed 3 second(s)

2019-06-25 17:48:35 - [MESSAGE][PASSED] - Delayed 3 second(s)

2019-06-25 17:48:35 - [TEST_STEP][PASSED] - click(findTestObject("OCS-DESKTOP/Customer info page/Continue to shipping method - Button")): Object: 'Object Repository/OCS-DESKTOP/Customer info page/Continue to shipping method - Button' is clicked on

2019-06-25 17:48:37 - [MESSAGE][PASSED] - Object: 'Object Repository/OCS-DESKTOP/Customer info page/Continue to shipping method - Button' is clicked on

2019-06-25 17:48:37 - [TEST_STEP][PASSED] - delay(3): Delayed 3 second(s)

2019-06-25 17:48:40 - [MESSAGE][PASSED] - Delayed 3 second(s)

2019-06-25 17:48:40 - [TEST_STEP][PASSED] - executeJavaScript("var previewBar = document.getElementById("preview-bar-iframe"); previewBar.style.display = "none";", []): Execute JavaScript 'var previewBar = document.getElementById("preview-bar-iframe"); previewBar.style.display = "none";' successfully

2019-06-25 17:48:40 - [MESSAGE][PASSED] - Execute JavaScript 'var previewBar = document.getElementById("preview-bar-iframe"); previewBar.style.display = "none";' successfully

2019-06-25 17:48:40 - [TEST_STEP][PASSED] - delay(1): Delayed 1 second(s)

2019-06-25 17:48:41 - [MESSAGE][PASSED] - Delayed 1 second(s)

2019-06-25 17:48:41 - [TEST_STEP][PASSED] - delay(1): Delayed 1 second(s)

2019-06-25 17:48:42 - [MESSAGE][PASSED] - Delayed 1 second(s)

2019-06-25 17:48:42 - [TEST_STEP][PASSED] - click(findTestObject("OCS-DESKTOP/Shipping page/Continue to payment method - Button")): Object: 'Object Repository/OCS-DESKTOP/Shipping page/Continue to payment method - Button' is clicked on

2019-06-25 17:48:44 - [MESSAGE][PASSED] - Object: 'Object Repository/OCS-DESKTOP/Shipping page/Continue to payment method - Button' is clicked on

2019-06-25 17:48:44 - [TEST_STEP][PASSED] - executeJavaScript("var previewBar = document.getElementById("preview-bar-iframe"); previewBar.style.display = "none";", []): Execute JavaScript 'var previewBar = document.getElementById("preview-bar-iframe"); previewBar.style.display = "none";' successfully

2019-06-25 17:48:44 - [MESSAGE][PASSED] - Execute JavaScript 'var previewBar = document.getElementById("preview-bar-iframe"); previewBar.style.display = "none";' successfully

2019-06-25 17:48:44 - [TEST_STEP][PASSED] - delay(1): Delayed 1 second(s)

2019-06-25 17:48:45 - [MESSAGE][PASSED] - Delayed 1 second(s)

2019-06-25 17:48:45 - [TEST_STEP][PASSED] - click(findTestObject("OCS-DESKTOP/Payment -page/Change link span 1")): Object: 'Object Repository/OCS-DESKTOP/Payment -page/Change link span 1' is clicked on

2019-06-25 17:48:46 - [MESSAGE][PASSED] - Object: 'Object Repository/OCS-DESKTOP/Payment -page/Change link span 1' is clicked on

2019-06-25 17:48:46 - [TEST_STEP][PASSED] - executeJavaScript("var previewBar = document.getElementById("preview-bar-iframe"); previewBar.style.display = "none";", []): Execute JavaScript 'var previewBar = document.getElementById("preview-bar-iframe"); previewBar.style.display = "none";' successfully

2019-06-25 17:48:46 - [MESSAGE][PASSED] - Execute JavaScript 'var previewBar = document.getElementById("preview-bar-iframe"); previewBar.style.display = "none";' successfully

2019-06-25 17:48:46 - [TEST_STEP][PASSED] - delay(3): Delayed 3 second(s)

2019-06-25 17:48:49 - [MESSAGE][PASSED] - Delayed 3 second(s)

2019-06-25 17:48:49 - [TEST_STEP][PASSED] - click(findTestObject("OCS-DESKTOP/Shipping page/Continue to payment method - Button")): Object: 'Object Repository/OCS-DESKTOP/Shipping page/Continue to payment method - Button' is clicked on

2019-06-25 17:48:52 - [MESSAGE][PASSED] - Object: 'Object Repository/OCS-DESKTOP/Shipping page/Continue to payment method - Button' is clicked on

2019-06-25 17:48:52 - [TEST_STEP][PASSED] - delay(3): Delayed 3 second(s)

2019-06-25 17:48:55 - [MESSAGE][PASSED] - Delayed 3 second(s)

2019-06-25 17:48:55 - [TEST_STEP][PASSED] - executeJavaScript("var previewBar = document.getElementById("preview-bar-iframe"); previewBar.style.display = "none";", []): Execute JavaScript 'var previewBar = document.getElementById("preview-bar-iframe"); previewBar.style.display = "none";' successfully

2019-06-25 17:48:55 - [MESSAGE][PASSED] - Execute JavaScript 'var previewBar = document.getElementById("preview-bar-iframe"); previewBar.style.display = "none";' successfully

2019-06-25 17:48:55 - [TEST_STEP][PASSED] - delay(1): Delayed 1 second(s)

2019-06-25 17:48:56 - [MESSAGE][PASSED] - Delayed 1 second(s)

2019-06-25 17:48:56 - [TEST_STEP][PASSED] - click(findTestObject("OCS-DESKTOP/Shipping page/Continue to payment method - Button")): Object: 'Object Repository/OCS-DESKTOP/Shipping page/Continue to payment method - Button' is clicked on

2019-06-25 17:48:58 - [MESSAGE][PASSED] - Object: 'Object Repository/OCS-DESKTOP/Shipping page/Continue to payment method - Button' is clicked on

2019-06-25 17:48:58 - [TEST_STEP][PASSED] - delay(3): Delayed 3 second(s)

2019-06-25 17:49:01 - [MESSAGE][PASSED] - Delayed 3 second(s)

2019-06-25 17:49:01 - [TEST_STEP][PASSED] - executeJavaScript("var previewBar = document.getElementById("preview-bar-iframe"); previewBar.style.display = "none";", []): Execute JavaScript 'var previewBar = document.getElementById("preview-bar-iframe"); previewBar.style.display = "none";' successfully

2019-06-25 17:49:01 - [MESSAGE][PASSED] - Execute JavaScript 'var previewBar = document.getElementById("preview-bar-iframe"); previewBar.style.display = "none";' successfully

2019-06-25 17:49:01 - [TEST_STEP][PASSED] - delay(1): Delayed 1 second(s)

2019-06-25 17:49:02 - [MESSAGE][PASSED] - Delayed 1 second(s)

2019-06-25 17:49:02 - [TEST_STEP][PASSED] - click(findTestObject("OCS-DESKTOP/Payment -page/Change link span 2")): Object: 'Object Repository/OCS-DESKTOP/Payment -page/Change link span 2' is clicked on

2019-06-25 17:49:03 - [MESSAGE][PASSED] - Object: 'Object Repository/OCS-DESKTOP/Payment -page/Change link span 2' is clicked on

2019-06-25 17:49:03 - [TEST_STEP][PASSED] - executeJavaScript("var previewBar = document.getElementById("preview-bar-iframe"); previewBar.style.display = "none";", []): Execute JavaScript 'var previewBar = document.getElementById("preview-bar-iframe"); previewBar.style.display = "none";' successfully

2019-06-25 17:49:03 - [MESSAGE][PASSED] - Execute JavaScript 'var previewBar = document.getElementById("preview-bar-iframe"); previewBar.style.display = "none";' successfully

2019-06-25 17:49:03 - [TEST_STEP][PASSED] - delay(1): Delayed 1 second(s)

2019-06-25 17:49:04 - [MESSAGE][PASSED] - Delayed 1 second(s)

2019-06-25 17:49:04 - [TEST_STEP][PASSED] - click(findTestObject("OCS-DESKTOP/Shipping page/Continue to payment method - Button")): Object: 'Object Repository/OCS-DESKTOP/Shipping page/Continue to payment method - Button' is clicked on

2019-06-25 17:49:05 - [MESSAGE][PASSED] - Object: 'Object Repository/OCS-DESKTOP/Shipping page/Continue to payment method - Button' is clicked on

2019-06-25 17:49:05 - [TEST_STEP][FAILED] - executeJavaScript("var previewBar = document.getElementById("preview-bar-iframe"); previewBar.style.display = "none";", []): executeJavaScript("var previewBar = document.getElementById("preview-bar-iframe"); previewBar.style.display = "none";", []) FAILED.
Reason:
com.kms.katalon.core.exception.StepFailedException: Unable to execute JavaScript. (Root cause: org.openqa.selenium.WebDriverException: unknown error: Cannot read property 'style' of null
  (Session info: chrome=75.0.3770.100)
  (Driver info: chromedriver=2.43.600229 (3fae4d0cda5334b4f533bede5a4787f7b832d052),platform=Mac OS X 10.13.6 x86_64) (WARNING: The server did not provide any stacktrace information)
Command duration or timeout: 0 milliseconds
Build info: version: '3.7.1', revision: '8a0099a', time: '2017-11-06T21:07:36.161Z'
System info: host: 'sumans-MacBook-Pro.local', ip: 'fe80:0:0:0:b7:68e8:717b:cb34%en0', os.name: 'Mac OS X', os.arch: 'x86_64', os.version: '10.13.6', java.version: '1.8.0_181'
Driver info: com.kms.katalon.selenium.driver.CChromeDriver
Capabilities {acceptInsecureCerts: false, acceptSslCerts: false, applicationCacheEnabled: false, browserConnectionEnabled: false, browserName: chrome, chrome: {chromedriverVersion: 2.43.600229 (3fae4d0cda5334..., userDataDir: /var/folders/1t/c55l8xzs6gq...}, cssSelectorsEnabled: true, databaseEnabled: false, goog:chromeOptions: {debuggerAddress: localhost:52623}, handlesAlerts: true, hasTouchScreen: false, javascriptEnabled: true, locationContextEnabled: true, mobileEmulationEnabled: false, nativeEvents: true, networkConnectionEnabled: false, pageLoadStrategy: normal, platform: MAC, platformName: MAC, rotatable: false, setWindowRect: true, takesHeapSnapshot: true, takesScreenshot: true, unexpectedAlertBehaviour: , unhandledPromptBehavior: , version: 75.0.3770.100, webStorageEnabled: true}
Session ID: 85a34af9e52cc2234ebb69f7dad26941)
	at com.kms.katalon.core.keyword.internal.KeywordMain.stepFailed(KeywordMain.groovy:36)
	at com.kms.katalon.core.webui.keyword.internal.WebUIKeywordMain.stepFailed(WebUIKeywordMain.groovy:65)
	at com.kms.katalon.core.webui.keyword.internal.WebUIKeywordMain.runKeyword(WebUIKeywordMain.groovy:27)
	at com.kms.katalon.core.webui.keyword.builtin.ExecuteJavaScriptKeyword.executeJavascript(ExecuteJavascriptKeyword.groovy:42)
	at com.kms.katalon.core.webui.keyword.builtin.ExecuteJavaScriptKeyword.execute(ExecuteJavascriptKeyword.groovy:37)
	at com.kms.katalon.core.keyword.internal.KeywordExecutor.executeKeywordForPlatform(KeywordExecutor.groovy:53)
	at com.kms.katalon.core.webui.keyword.WebUiBuiltInKeywords.executeJavaScript(WebUiBuiltInKeywords.groovy:3787)
	at com.kms.katalon.core.webui.keyword.WebUiBuiltInKeywords$executeJavaScript$2.call(Unknown Source)
	at Checkout- Payment.run(Checkout- Payment:142)
	at com.kms.katalon.core.main.ScriptEngine.run(ScriptEngine.java:194)
	at com.kms.katalon.core.main.ScriptEngine.runScriptAsRawText(ScriptEngine.java:119)
	at com.kms.katalon.core.main.TestCaseExecutor.runScript(TestCaseExecutor.java:328)
	at com.kms.katalon.core.main.TestCaseExecutor.doExecute(TestCaseExecutor.java:319)
	at com.kms.katalon.core.main.TestCaseExecutor.processExecutionPhase(TestCaseExecutor.java:298)
	at com.kms.katalon.core.main.TestCaseExecutor.accessMainPhase(TestCaseExecutor.java:290)
	at com.kms.katalon.core.main.TestCaseExecutor.execute(TestCaseExecutor.java:224)
	at com.kms.katalon.core.main.TestSuiteExecutor.accessTestCaseMainPhase(TestSuiteExecutor.java:129)
	at com.kms.katalon.core.main.TestSuiteExecutor.accessTestSuiteMainPhase(TestSuiteExecutor.java:112)
	at com.kms.katalon.core.main.TestSuiteExecutor.execute(TestSuiteExecutor.java:81)
	at com.kms.katalon.core.main.TestCaseMain.startTestSuite(TestCaseMain.java:149)
	at com.kms.katalon.core.main.TestCaseMain$startTestSuite$0.call(Unknown Source)
	at TempTestSuite1561499172132.run(TempTestSuite1561499172132.groovy:36)


2019-06-25 17:49:06 - [MESSAGE][FAILED] - Unable to execute JavaScript. (Root cause: org.openqa.selenium.WebDriverException: unknown error: Cannot read property 'style' of null
  (Session info: chrome=75.0.3770.100)
  (Driver info: chromedriver=2.43.600229 (3fae4d0cda5334b4f533bede5a4787f7b832d052),platform=Mac OS X 10.13.6 x86_64) (WARNING: The server did not provide any stacktrace information)
Command duration or timeout: 0 milliseconds
Build info: version: '3.7.1', revision: '8a0099a', time: '2017-11-06T21:07:36.161Z'
System info: host: 'sumans-MacBook-Pro.local', ip: 'fe80:0:0:0:b7:68e8:717b:cb34%en0', os.name: 'Mac OS X', os.arch: 'x86_64', os.version: '10.13.6', java.version: '1.8.0_181'
Driver info: com.kms.katalon.selenium.driver.CChromeDriver
Capabilities {acceptInsecureCerts: false, acceptSslCerts: false, applicationCacheEnabled: false, browserConnectionEnabled: false, browserName: chrome, chrome: {chromedriverVersion: 2.43.600229 (3fae4d0cda5334..., userDataDir: /var/folders/1t/c55l8xzs6gq...}, cssSelectorsEnabled: true, databaseEnabled: false, goog:chromeOptions: {debuggerAddress: localhost:52623}, handlesAlerts: true, hasTouchScreen: false, javascriptEnabled: true, locationContextEnabled: true, mobileEmulationEnabled: false, nativeEvents: true, networkConnectionEnabled: false, pageLoadStrategy: normal, platform: MAC, platformName: MAC, rotatable: false, setWindowRect: true, takesHeapSnapshot: true, takesScreenshot: true, unexpectedAlertBehaviour: , unhandledPromptBehavior: , version: 75.0.3770.100, webStorageEnabled: true}
Session ID: 85a34af9e52cc2234ebb69f7dad26941)
[[ATTACHMENT|/Users/sumankompelly/Relative xpath-Desktop/Reports/OCS - 1.10.2.1/20190625_174612/1561499345373.png]]

2019-06-25 17:49:06 - [MESSAGE][FAILED] - executeJavaScript("var previewBar = document.getElementById("preview-bar-iframe"); previewBar.style.display = "none";", []) FAILED.
Reason:
com.kms.katalon.core.exception.StepFailedException: Unable to execute JavaScript. (Root cause: org.openqa.selenium.WebDriverException: unknown error: Cannot read property 'style' of null
  (Session info: chrome=75.0.3770.100)
  (Driver info: chromedriver=2.43.600229 (3fae4d0cda5334b4f533bede5a4787f7b832d052),platform=Mac OS X 10.13.6 x86_64) (WARNING: The server did not provide any stacktrace information)
Command duration or timeout: 0 milliseconds
Build info: version: '3.7.1', revision: '8a0099a', time: '2017-11-06T21:07:36.161Z'
System info: host: 'sumans-MacBook-Pro.local', ip: 'fe80:0:0:0:b7:68e8:717b:cb34%en0', os.name: 'Mac OS X', os.arch: 'x86_64', os.version: '10.13.6', java.version: '1.8.0_181'
Driver info: com.kms.katalon.selenium.driver.CChromeDriver
Capabilities {acceptInsecureCerts: false, acceptSslCerts: false, applicationCacheEnabled: false, browserConnectionEnabled: false, browserName: chrome, chrome: {chromedriverVersion: 2.43.600229 (3fae4d0cda5334..., userDataDir: /var/folders/1t/c55l8xzs6gq...}, cssSelectorsEnabled: true, databaseEnabled: false, goog:chromeOptions: {debuggerAddress: localhost:52623}, handlesAlerts: true, hasTouchScreen: false, javascriptEnabled: true, locationContextEnabled: true, mobileEmulationEnabled: false, nativeEvents: true, networkConnectionEnabled: false, pageLoadStrategy: normal, platform: MAC, platformName: MAC, rotatable: false, setWindowRect: true, takesHeapSnapshot: true, takesScreenshot: true, unexpectedAlertBehaviour: , unhandledPromptBehavior: , version: 75.0.3770.100, webStorageEnabled: true}
Session ID: 85a34af9e52cc2234ebb69f7dad26941)
	at com.kms.katalon.core.keyword.internal.KeywordMain.stepFailed(KeywordMain.groovy:36)
	at com.kms.katalon.core.webui.keyword.internal.WebUIKeywordMain.stepFailed(WebUIKeywordMain.groovy:65)
	at com.kms.katalon.core.webui.keyword.internal.WebUIKeywordMain.runKeyword(WebUIKeywordMain.groovy:27)
	at com.kms.katalon.core.webui.keyword.builtin.ExecuteJavaScriptKeyword.executeJavascript(ExecuteJavascriptKeyword.groovy:42)
	at com.kms.katalon.core.webui.keyword.builtin.ExecuteJavaScriptKeyword.execute(ExecuteJavascriptKeyword.groovy:37)
	at com.kms.katalon.core.keyword.internal.KeywordExecutor.executeKeywordForPlatform(KeywordExecutor.groovy:53)
	at com.kms.katalon.core.webui.keyword.WebUiBuiltInKeywords.executeJavaScript(WebUiBuiltInKeywords.groovy:3787)
	at com.kms.katalon.core.webui.keyword.WebUiBuiltInKeywords$executeJavaScript$2.call(Unknown Source)
	at Checkout- Payment.run(Checkout- Payment:142)
	at com.kms.katalon.core.main.ScriptEngine.run(ScriptEngine.java:194)
	at com.kms.katalon.core.main.ScriptEngine.runScriptAsRawText(ScriptEngine.java:119)
	at com.kms.katalon.core.main.TestCaseExecutor.runScript(TestCaseExecutor.java:328)
	at com.kms.katalon.core.main.TestCaseExecutor.doExecute(TestCaseExecutor.java:319)
	at com.kms.katalon.core.main.TestCaseExecutor.processExecutionPhase(TestCaseExecutor.java:298)
	at com.kms.katalon.core.main.TestCaseExecutor.accessMainPhase(TestCaseExecutor.java:290)
	at com.kms.katalon.core.main.TestCaseExecutor.execute(TestCaseExecutor.java:224)
	at com.kms.katalon.core.main.TestSuiteExecutor.accessTestCaseMainPhase(TestSuiteExecutor.java:129)
	at com.kms.katalon.core.main.TestSuiteExecutor.accessTestSuiteMainPhase(TestSuiteExecutor.java:112)
	at com.kms.katalon.core.main.TestSuiteExecutor.execute(TestSuiteExecutor.java:81)
	at com.kms.katalon.core.main.TestCaseMain.startTestSuite(TestCaseMain.java:149)
	at com.kms.katalon.core.main.TestCaseMain$startTestSuite$0.call(Unknown Source)
	at TempTestSuite1561499172132.run(TempTestSuite1561499172132.groovy:36)]]></system-out>
         <system-err><![CDATA[2019-06-25 17:47:43 - [TEST_CASE][FAILED] - Test Cases/OCS - DESKTOP/OCS- CRITICAL PATH/Checkout- Payment: Test Cases/OCS - DESKTOP/OCS- CRITICAL PATH/Checkout- Payment FAILED.
Reason:
com.kms.katalon.core.exception.StepFailedException: Unable to execute JavaScript. (Root cause: org.openqa.selenium.WebDriverException: unknown error: Cannot read property 'style' of null
  (Session info: chrome=75.0.3770.100)
  (Driver info: chromedriver=2.43.600229 (3fae4d0cda5334b4f533bede5a4787f7b832d052),platform=Mac OS X 10.13.6 x86_64) (WARNING: The server did not provide any stacktrace information)
Command duration or timeout: 0 milliseconds
Build info: version: '3.7.1', revision: '8a0099a', time: '2017-11-06T21:07:36.161Z'
System info: host: 'sumans-MacBook-Pro.local', ip: 'fe80:0:0:0:b7:68e8:717b:cb34%en0', os.name: 'Mac OS X', os.arch: 'x86_64', os.version: '10.13.6', java.version: '1.8.0_181'
Driver info: com.kms.katalon.selenium.driver.CChromeDriver
Capabilities {acceptInsecureCerts: false, acceptSslCerts: false, applicationCacheEnabled: false, browserConnectionEnabled: false, browserName: chrome, chrome: {chromedriverVersion: 2.43.600229 (3fae4d0cda5334..., userDataDir: /var/folders/1t/c55l8xzs6gq...}, cssSelectorsEnabled: true, databaseEnabled: false, goog:chromeOptions: {debuggerAddress: localhost:52623}, handlesAlerts: true, hasTouchScreen: false, javascriptEnabled: true, locationContextEnabled: true, mobileEmulationEnabled: false, nativeEvents: true, networkConnectionEnabled: false, pageLoadStrategy: normal, platform: MAC, platformName: MAC, rotatable: false, setWindowRect: true, takesHeapSnapshot: true, takesScreenshot: true, unexpectedAlertBehaviour: , unhandledPromptBehavior: , version: 75.0.3770.100, webStorageEnabled: true}
Session ID: 85a34af9e52cc2234ebb69f7dad26941)
	at com.kms.katalon.core.keyword.internal.KeywordMain.stepFailed(KeywordMain.groovy:36)
	at com.kms.katalon.core.webui.keyword.internal.WebUIKeywordMain.stepFailed(WebUIKeywordMain.groovy:65)
	at com.kms.katalon.core.webui.keyword.internal.WebUIKeywordMain.runKeyword(WebUIKeywordMain.groovy:27)
	at com.kms.katalon.core.webui.keyword.builtin.ExecuteJavaScriptKeyword.executeJavascript(ExecuteJavascriptKeyword.groovy:42)
	at com.kms.katalon.core.webui.keyword.builtin.ExecuteJavaScriptKeyword.execute(ExecuteJavascriptKeyword.groovy:37)
	at com.kms.katalon.core.keyword.internal.KeywordExecutor.executeKeywordForPlatform(KeywordExecutor.groovy:53)
	at com.kms.katalon.core.webui.keyword.WebUiBuiltInKeywords.executeJavaScript(WebUiBuiltInKeywords.groovy:3787)
	at com.kms.katalon.core.webui.keyword.WebUiBuiltInKeywords$executeJavaScript$2.call(Unknown Source)
	at Checkout- Payment.run(Checkout- Payment:142)
	at com.kms.katalon.core.main.ScriptEngine.run(ScriptEngine.java:194)
	at com.kms.katalon.core.main.ScriptEngine.runScriptAsRawText(ScriptEngine.java:119)
	at com.kms.katalon.core.main.TestCaseExecutor.runScript(TestCaseExecutor.java:328)
	at com.kms.katalon.core.main.TestCaseExecutor.doExecute(TestCaseExecutor.java:319)
	at com.kms.katalon.core.main.TestCaseExecutor.processExecutionPhase(TestCaseExecutor.java:298)
	at com.kms.katalon.core.main.TestCaseExecutor.accessMainPhase(TestCaseExecutor.java:290)
	at com.kms.katalon.core.main.TestCaseExecutor.execute(TestCaseExecutor.java:224)
	at com.kms.katalon.core.main.TestSuiteExecutor.accessTestCaseMainPhase(TestSuiteExecutor.java:129)
	at com.kms.katalon.core.main.TestSuiteExecutor.accessTestSuiteMainPhase(TestSuiteExecutor.java:112)
	at com.kms.katalon.core.main.TestSuiteExecutor.execute(TestSuiteExecutor.java:81)
	at com.kms.katalon.core.main.TestCaseMain.startTestSuite(TestCaseMain.java:149)
	at com.kms.katalon.core.main.TestCaseMain$startTestSuite$0.call(Unknown Source)
	at TempTestSuite1561499172132.run(TempTestSuite1561499172132.groovy:36)]]></system-err>
      </testcase>
      <testcase name="Test Cases/OCS - DESKTOP/OCS- CRITICAL PATH/Checkout - customer information page" classname="Test Cases/OCS - DESKTOP/OCS- CRITICAL PATH/Checkout - customer information page" status="PASSED">
         <system-out><![CDATA[2019-06-25 17:49:06 - [TEST_CASE][PASSED] - Test Cases/OCS - DESKTOP/OCS- CRITICAL PATH/Checkout - customer information page: Test Cases/OCS - DESKTOP/OCS- CRITICAL PATH/Checkout - customer information page

2019-06-25 17:49:06 - [TEST_STEP][PASSED] - callTestCase(findTestCase("OCS - DESKTOP/CALL- Age gate"), [:], STOP_ON_FAILURE): Call Test Case 'Test Cases/OCS - DESKTOP/CALL- Age gate' successfully

2019-06-25 17:49:06 - [TEST_CASE][PASSED] - Test Cases/OCS - DESKTOP/CALL- Age gate: Test Cases/OCS - DESKTOP/CALL- Age gate

2019-06-25 17:49:06 - [TEST_STEP][PASSED] - openBrowser(""): Browser is opened with url: ''

2019-06-25 17:49:06 - [MESSAGE][WARNING] - A browser is already opened. Closing browser and opening a new one

2019-06-25 17:49:06 - [MESSAGE][INFO] - Starting 'Chrome' driver

2019-06-25 17:49:08 - [MESSAGE][PASSED] - Browser is opened with url: ''

2019-06-25 17:49:08 - [TEST_STEP][PASSED] - navigateToUrl("https://ocs.ca/?fts=0&preview_theme_id=72920106828"): Navigate to 'https://ocs.ca/?fts=0&preview_theme_id=72920106828' successfully

2019-06-25 17:49:13 - [MESSAGE][PASSED] - Navigate to 'https://ocs.ca/?fts=0&preview_theme_id=72920106828' successfully

2019-06-25 17:49:13 - [TEST_STEP][PASSED] - maximizeWindow(): Current window maximized

2019-06-25 17:49:13 - [MESSAGE][PASSED] - Current window maximized

2019-06-25 17:49:13 - [TEST_STEP][PASSED] - delay(2): Delayed 2 second(s)

2019-06-25 17:49:15 - [MESSAGE][PASSED] - Delayed 2 second(s)

2019-06-25 17:49:15 - [TEST_STEP][PASSED] - executeJavaScript("var previewBar = document.getElementById("preview-bar-iframe"); previewBar.style.display = "none";", []): Execute JavaScript 'var previewBar = document.getElementById("preview-bar-iframe"); previewBar.style.display = "none";' successfully

2019-06-25 17:49:15 - [MESSAGE][PASSED] - Execute JavaScript 'var previewBar = document.getElementById("preview-bar-iframe"); previewBar.style.display = "none";' successfully

2019-06-25 17:49:15 - [TEST_STEP][PASSED] - selectOptionByValue(findTestObject("OCS-DESKTOP/Age gate and Mega menu/Date"), "12", true): All options with value '12' are selected in object 'Object Repository/OCS-DESKTOP/Age gate and Mega menu/Date'  using regular expression

2019-06-25 17:49:16 - [MESSAGE][PASSED] - All options with value '12' are selected in object 'Object Repository/OCS-DESKTOP/Age gate and Mega menu/Date'  using regular expression

2019-06-25 17:49:16 - [TEST_STEP][PASSED] - selectOptionByValue(findTestObject("OCS-DESKTOP/Age gate and Mega menu/month"), "6", true): All options with value '6' are selected in object 'Object Repository/OCS-DESKTOP/Age gate and Mega menu/month'  using regular expression

2019-06-25 17:49:16 - [MESSAGE][PASSED] - All options with value '6' are selected in object 'Object Repository/OCS-DESKTOP/Age gate and Mega menu/month'  using regular expression

2019-06-25 17:49:16 - [TEST_STEP][PASSED] - delay(2): Delayed 2 second(s)

2019-06-25 17:49:18 - [MESSAGE][PASSED] - Delayed 2 second(s)

2019-06-25 17:49:18 - [TEST_STEP][PASSED] - selectOptionByValue(findTestObject("OCS-DESKTOP/Age gate and Mega menu/Year Dropdown"), "1990", true): All options with value '1990' are selected in object 'Object Repository/OCS-DESKTOP/Age gate and Mega menu/Year Dropdown'  using regular expression

2019-06-25 17:49:19 - [MESSAGE][PASSED] - All options with value '1990' are selected in object 'Object Repository/OCS-DESKTOP/Age gate and Mega menu/Year Dropdown'  using regular expression

2019-06-25 17:49:19 - [TEST_STEP][PASSED] - click(findTestObject("OCS-DESKTOP/Age gate and Mega menu/button_Verify")): Object: 'Object Repository/OCS-DESKTOP/Age gate and Mega menu/button_Verify' is clicked on

2019-06-25 17:49:19 - [MESSAGE][PASSED] - Object: 'Object Repository/OCS-DESKTOP/Age gate and Mega menu/button_Verify' is clicked on

2019-06-25 17:49:19 - [TEST_STEP][PASSED] - click(findTestObject("OCS-DESKTOP/Age gate and Mega menu/Checkbox_CONFIRM AND ACKNOWLEDGE")): Object: 'Object Repository/OCS-DESKTOP/Age gate and Mega menu/Checkbox_CONFIRM AND ACKNOWLEDGE' is clicked on

2019-06-25 17:49:19 - [MESSAGE][PASSED] - Object: 'Object Repository/OCS-DESKTOP/Age gate and Mega menu/Checkbox_CONFIRM AND ACKNOWLEDGE' is clicked on

2019-06-25 17:49:19 - [TEST_STEP][PASSED] - click(findTestObject("OCS-DESKTOP/Age gate and Mega menu/button_CONFIRM")): Object: 'Object Repository/OCS-DESKTOP/Age gate and Mega menu/button_CONFIRM' is clicked on

2019-06-25 17:49:19 - [MESSAGE][PASSED] - Object: 'Object Repository/OCS-DESKTOP/Age gate and Mega menu/button_CONFIRM' is clicked on

2019-06-25 17:49:19 - [TEST_STEP][PASSED] - click(findTestObject("OCS-DESKTOP/Age gate and Mega menu/button_Start Browsing")): Object: 'Object Repository/OCS-DESKTOP/Age gate and Mega menu/button_Start Browsing' is clicked on

2019-06-25 17:49:19 - [MESSAGE][PASSED] - Object: 'Object Repository/OCS-DESKTOP/Age gate and Mega menu/button_Start Browsing' is clicked on

2019-06-25 17:49:19 - [TEST_STEP][PASSED] - delay(2): Delayed 2 second(s)

2019-06-25 17:49:21 - [MESSAGE][PASSED] - Delayed 2 second(s)

2019-06-25 17:49:21 - [TEST_STEP][PASSED] - refresh(): Refresh successfully

2019-06-25 17:49:24 - [MESSAGE][PASSED] - Refresh successfully

2019-06-25 17:49:24 - [MESSAGE][PASSED] - Call Test Case 'Test Cases/OCS - DESKTOP/CALL- Age gate' successfully

2019-06-25 17:49:24 - [TEST_STEP][PASSED] - delay(2): Delayed 2 second(s)

2019-06-25 17:49:26 - [MESSAGE][PASSED] - Delayed 2 second(s)

2019-06-25 17:49:26 - [TEST_STEP][PASSED] - click(findTestObject("OCS-DESKTOP/Age gate and Mega menu/Header/CANNABIS menu - English")): Object: 'Object Repository/OCS-DESKTOP/Age gate and Mega menu/Header/CANNABIS menu - English' is clicked on

2019-06-25 17:49:26 - [MESSAGE][PASSED] - Object: 'Object Repository/OCS-DESKTOP/Age gate and Mega menu/Header/CANNABIS menu - English' is clicked on

2019-06-25 17:49:26 - [TEST_STEP][PASSED] - delay(2): Delayed 2 second(s)

2019-06-25 17:49:28 - [MESSAGE][PASSED] - Delayed 2 second(s)

2019-06-25 17:49:28 - [TEST_STEP][PASSED] - executeJavaScript("var previewBar = document.getElementById("preview-bar-iframe"); previewBar.style.display = "none";", []): Execute JavaScript 'var previewBar = document.getElementById("preview-bar-iframe"); previewBar.style.display = "none";' successfully

2019-06-25 17:49:28 - [MESSAGE][PASSED] - Execute JavaScript 'var previewBar = document.getElementById("preview-bar-iframe"); previewBar.style.display = "none";' successfully

2019-06-25 17:49:28 - [TEST_STEP][PASSED] - click(findTestObject("OCS-DESKTOP/Age gate and Mega menu/Indica Dominant_Menu item")): Object: 'Object Repository/OCS-DESKTOP/Age gate and Mega menu/Indica Dominant_Menu item' is clicked on

2019-06-25 17:49:31 - [MESSAGE][PASSED] - Object: 'Object Repository/OCS-DESKTOP/Age gate and Mega menu/Indica Dominant_Menu item' is clicked on

2019-06-25 17:49:31 - [TEST_STEP][PASSED] - executeJavaScript("var previewBar = document.getElementById("preview-bar-iframe"); previewBar.style.display = "none";", []): Execute JavaScript 'var previewBar = document.getElementById("preview-bar-iframe"); previewBar.style.display = "none";' successfully

2019-06-25 17:49:31 - [MESSAGE][PASSED] - Execute JavaScript 'var previewBar = document.getElementById("preview-bar-iframe"); previewBar.style.display = "none";' successfully

2019-06-25 17:49:31 - [TEST_STEP][PASSED] - delay(2): Delayed 2 second(s)

2019-06-25 17:49:33 - [MESSAGE][PASSED] - Delayed 2 second(s)

2019-06-25 17:49:33 - [TEST_STEP][PASSED] - click(findTestObject("OCS-DESKTOP/Collection page/Product image - 1st one")): Object: 'Object Repository/OCS-DESKTOP/Collection page/Product image - 1st one' is clicked on

2019-06-25 17:49:37 - [MESSAGE][PASSED] - Object: 'Object Repository/OCS-DESKTOP/Collection page/Product image - 1st one' is clicked on

2019-06-25 17:49:37 - [TEST_STEP][PASSED] - executeJavaScript("var previewBar = document.getElementById("preview-bar-iframe"); previewBar.style.display = "none";", []): Execute JavaScript 'var previewBar = document.getElementById("preview-bar-iframe"); previewBar.style.display = "none";' successfully

2019-06-25 17:49:37 - [MESSAGE][PASSED] - Execute JavaScript 'var previewBar = document.getElementById("preview-bar-iframe"); previewBar.style.display = "none";' successfully

2019-06-25 17:49:37 - [TEST_STEP][PASSED] - delay(1): Delayed 1 second(s)

2019-06-25 17:49:38 - [MESSAGE][PASSED] - Delayed 1 second(s)

2019-06-25 17:49:38 - [TEST_STEP][PASSED] - delay(3): Delayed 3 second(s)

2019-06-25 17:49:41 - [MESSAGE][PASSED] - Delayed 3 second(s)

2019-06-25 17:49:41 - [TEST_STEP][NOT_RUN] - scrollToElement(findTestObject("OCS-DESKTOP/Product page/Product image"), 1): NOT_RUN: scrollToElement(findTestObject("OCS-DESKTOP/Product page/Product image"), 1)

2019-06-25 17:49:41 - [MESSAGE][NOT_RUN] - NOT_RUN: scrollToElement(findTestObject("OCS-DESKTOP/Product page/Product image"), 1)

2019-06-25 17:49:41 - [TEST_STEP][PASSED] - click(findTestObject("OCS-DESKTOP/Product page/Swatch_1g")): Object: 'Object Repository/OCS-DESKTOP/Product page/Swatch_1g' is clicked on

2019-06-25 17:49:41 - [MESSAGE][PASSED] - Object: 'Object Repository/OCS-DESKTOP/Product page/Swatch_1g' is clicked on

2019-06-25 17:49:41 - [TEST_STEP][PASSED] - delay(2): Delayed 2 second(s)

2019-06-25 17:49:43 - [MESSAGE][PASSED] - Delayed 2 second(s)

2019-06-25 17:49:43 - [TEST_STEP][PASSED] - click(findTestObject("OCS-DESKTOP/Product page/Add to Bag-button")): Object: 'Object Repository/OCS-DESKTOP/Product page/Add to Bag-button' is clicked on

2019-06-25 17:49:43 - [MESSAGE][PASSED] - Object: 'Object Repository/OCS-DESKTOP/Product page/Add to Bag-button' is clicked on

2019-06-25 17:49:43 - [TEST_STEP][PASSED] - delay(1): Delayed 1 second(s)

2019-06-25 17:49:44 - [MESSAGE][PASSED] - Delayed 1 second(s)

2019-06-25 17:49:44 - [TEST_STEP][NOT_RUN] - click(findTestObject("OCS-DESKTOP/Home - page/Cart icon -bag")): NOT_RUN: click(findTestObject("OCS-DESKTOP/Home - page/Cart icon -bag"))

2019-06-25 17:49:44 - [MESSAGE][NOT_RUN] - NOT_RUN: click(findTestObject("OCS-DESKTOP/Home - page/Cart icon -bag"))

2019-06-25 17:49:44 - [TEST_STEP][PASSED] - delay(1): Delayed 1 second(s)

2019-06-25 17:49:45 - [MESSAGE][PASSED] - Delayed 1 second(s)

2019-06-25 17:49:45 - [TEST_STEP][PASSED] - click(findTestObject("OCS-DESKTOP/Cart flyout/Checkbox_I confirm that")): Object: 'Object Repository/OCS-DESKTOP/Cart flyout/Checkbox_I confirm that' is clicked on

2019-06-25 17:49:45 - [MESSAGE][PASSED] - Object: 'Object Repository/OCS-DESKTOP/Cart flyout/Checkbox_I confirm that' is clicked on

2019-06-25 17:49:45 - [TEST_STEP][PASSED] - delay(1): Delayed 1 second(s)

2019-06-25 17:49:46 - [MESSAGE][PASSED] - Delayed 1 second(s)

2019-06-25 17:49:46 - [TEST_STEP][PASSED] - click(findTestObject("OCS-DESKTOP/Cart flyout/Checkbox_Accept the Terms Condition")): Object: 'Object Repository/OCS-DESKTOP/Cart flyout/Checkbox_Accept the Terms Condition' is clicked on

2019-06-25 17:49:46 - [MESSAGE][PASSED] - Object: 'Object Repository/OCS-DESKTOP/Cart flyout/Checkbox_Accept the Terms Condition' is clicked on

2019-06-25 17:49:46 - [TEST_STEP][PASSED] - delay(1): Delayed 1 second(s)

2019-06-25 17:49:47 - [MESSAGE][PASSED] - Delayed 1 second(s)

2019-06-25 17:49:47 - [TEST_STEP][PASSED] - click(findTestObject("OCS-DESKTOP/Cart flyout/Checkout - Button")): Object: 'Object Repository/OCS-DESKTOP/Cart flyout/Checkout - Button' is clicked on

2019-06-25 17:49:55 - [MESSAGE][PASSED] - Object: 'Object Repository/OCS-DESKTOP/Cart flyout/Checkout - Button' is clicked on

2019-06-25 17:49:55 - [TEST_STEP][PASSED] - executeJavaScript("var previewBar = document.getElementById("preview-bar-iframe"); previewBar.style.display = "none";", []): Execute JavaScript 'var previewBar = document.getElementById("preview-bar-iframe"); previewBar.style.display = "none";' successfully

2019-06-25 17:49:55 - [MESSAGE][PASSED] - Execute JavaScript 'var previewBar = document.getElementById("preview-bar-iframe"); previewBar.style.display = "none";' successfully

2019-06-25 17:49:55 - [TEST_STEP][PASSED] - delay(1): Delayed 1 second(s)

2019-06-25 17:49:56 - [MESSAGE][PASSED] - Delayed 1 second(s)

2019-06-25 17:49:56 - [TEST_STEP][PASSED] - delay(2): Delayed 2 second(s)

2019-06-25 17:49:58 - [MESSAGE][PASSED] - Delayed 2 second(s)

2019-06-25 17:49:58 - [TEST_STEP][PASSED] - scrollToElement(findTestObject("OCS-DESKTOP/Customer info page/input_Email"), 0): Scroll to object 'Object Repository/OCS-DESKTOP/Customer info page/input_Email' successfully

2019-06-25 17:49:58 - [MESSAGE][WARNING] - Timeout '0' is invalid. Using default page load timeout: '30'

2019-06-25 17:49:58 - [MESSAGE][PASSED] - Scroll to object 'Object Repository/OCS-DESKTOP/Customer info page/input_Email' successfully

2019-06-25 17:49:58 - [TEST_STEP][PASSED] - setText(findTestObject("OCS-DESKTOP/Customer info page/input_Email"), "suman.kompelly@diffagency.com"): Text 'suman.kompelly@diffagency.com' is set on object 'Object Repository/OCS-DESKTOP/Customer info page/input_Email'

2019-06-25 17:49:58 - [MESSAGE][PASSED] - Text 'suman.kompelly@diffagency.com' is set on object 'Object Repository/OCS-DESKTOP/Customer info page/input_Email'

2019-06-25 17:49:58 - [TEST_STEP][PASSED] - setText(findTestObject("OCS-DESKTOP/Customer info page/input_First name"), "suman"): Text 'suman' is set on object 'Object Repository/OCS-DESKTOP/Customer info page/input_First name'

2019-06-25 17:49:58 - [MESSAGE][PASSED] - Text 'suman' is set on object 'Object Repository/OCS-DESKTOP/Customer info page/input_First name'

2019-06-25 17:49:58 - [TEST_STEP][PASSED] - setText(findTestObject("OCS-DESKTOP/Customer info page/input_Last name"), "kompelly"): Text 'kompelly' is set on object 'Object Repository/OCS-DESKTOP/Customer info page/input_Last name'

2019-06-25 17:49:59 - [MESSAGE][PASSED] - Text 'kompelly' is set on object 'Object Repository/OCS-DESKTOP/Customer info page/input_Last name'

2019-06-25 17:49:59 - [TEST_STEP][PASSED] - setText(findTestObject("OCS-DESKTOP/Customer info page/input_Address"), "300 saint alxendre"): Text '300 saint alxendre' is set on object 'Object Repository/OCS-DESKTOP/Customer info page/input_Address'

2019-06-25 17:49:59 - [MESSAGE][PASSED] - Text '300 saint alxendre' is set on object 'Object Repository/OCS-DESKTOP/Customer info page/input_Address'

2019-06-25 17:49:59 - [TEST_STEP][PASSED] - setText(findTestObject("OCS-DESKTOP/Customer info page/input_Apartment suite etc. (op"), "199"): Text '199' is set on object 'Object Repository/OCS-DESKTOP/Customer info page/input_Apartment suite etc. (op'

2019-06-25 17:49:59 - [MESSAGE][PASSED] - Text '199' is set on object 'Object Repository/OCS-DESKTOP/Customer info page/input_Apartment suite etc. (op'

2019-06-25 17:49:59 - [TEST_STEP][PASSED] - setText(findTestObject("OCS-DESKTOP/Customer info page/input_City"), "montreal"): Text 'montreal' is set on object 'Object Repository/OCS-DESKTOP/Customer info page/input_City'

2019-06-25 17:49:59 - [MESSAGE][PASSED] - Text 'montreal' is set on object 'Object Repository/OCS-DESKTOP/Customer info page/input_City'

2019-06-25 17:49:59 - [TEST_STEP][PASSED] - setText(findTestObject("OCS-DESKTOP/Customer info page/input_Postal code"), "n0R1K0"): Text 'n0R1K0' is set on object 'Object Repository/OCS-DESKTOP/Customer info page/input_Postal code'

2019-06-25 17:49:59 - [MESSAGE][PASSED] - Text 'n0R1K0' is set on object 'Object Repository/OCS-DESKTOP/Customer info page/input_Postal code'

2019-06-25 17:49:59 - [TEST_STEP][PASSED] - setText(findTestObject("OCS-DESKTOP/Customer info page/input_Phone"), "(514) 449-3882"): Text '(514) 449-3882' is set on object 'Object Repository/OCS-DESKTOP/Customer info page/input_Phone'

2019-06-25 17:49:59 - [MESSAGE][PASSED] - Text '(514) 449-3882' is set on object 'Object Repository/OCS-DESKTOP/Customer info page/input_Phone'

2019-06-25 17:49:59 - [TEST_STEP][PASSED] - delay(1): Delayed 1 second(s)

2019-06-25 17:50:00 - [MESSAGE][PASSED] - Delayed 1 second(s)

2019-06-25 17:50:00 - [TEST_STEP][PASSED] - click(findTestObject("OCS-DESKTOP/Customer info page/Return to Cart - Link")): Object: 'Object Repository/OCS-DESKTOP/Customer info page/Return to Cart - Link' is clicked on

2019-06-25 17:50:02 - [MESSAGE][PASSED] - Object: 'Object Repository/OCS-DESKTOP/Customer info page/Return to Cart - Link' is clicked on

2019-06-25 17:50:02 - [TEST_STEP][PASSED] - delay(2): Delayed 2 second(s)

2019-06-25 17:50:04 - [MESSAGE][PASSED] - Delayed 2 second(s)

2019-06-25 17:50:04 - [TEST_STEP][PASSED] - click(findTestObject("OCS-DESKTOP/Cart page/cart page-Checkbox_I confirm that")): Object: 'Object Repository/OCS-DESKTOP/Cart page/cart page-Checkbox_I confirm that' is clicked on

2019-06-25 17:50:04 - [MESSAGE][PASSED] - Object: 'Object Repository/OCS-DESKTOP/Cart page/cart page-Checkbox_I confirm that' is clicked on

2019-06-25 17:50:04 - [TEST_STEP][PASSED] - delay(2): Delayed 2 second(s)

2019-06-25 17:50:06 - [MESSAGE][PASSED] - Delayed 2 second(s)

2019-06-25 17:50:06 - [TEST_STEP][PASSED] - click(findTestObject("OCS-DESKTOP/Cart page/cart page - Checkbox_Accept the Terms Condition")): Object: 'Object Repository/OCS-DESKTOP/Cart page/cart page - Checkbox_Accept the Terms Condition' is clicked on

2019-06-25 17:50:06 - [MESSAGE][PASSED] - Object: 'Object Repository/OCS-DESKTOP/Cart page/cart page - Checkbox_Accept the Terms Condition' is clicked on

2019-06-25 17:50:06 - [TEST_STEP][PASSED] - delay(1): Delayed 1 second(s)

2019-06-25 17:50:07 - [MESSAGE][PASSED] - Delayed 1 second(s)

2019-06-25 17:50:07 - [TEST_STEP][PASSED] - click(findTestObject("OCS-DESKTOP/Cart page/Cart page -checkout button")): Object: 'Object Repository/OCS-DESKTOP/Cart page/Cart page -checkout button' is clicked on

2019-06-25 17:50:09 - [MESSAGE][PASSED] - Object: 'Object Repository/OCS-DESKTOP/Cart page/Cart page -checkout button' is clicked on

2019-06-25 17:50:09 - [TEST_STEP][PASSED] - setText(findTestObject("OCS-DESKTOP/Customer info page/input_Email"), "suman.kompelly@diffagency.com"): Text 'suman.kompelly@diffagency.com' is set on object 'Object Repository/OCS-DESKTOP/Customer info page/input_Email'

2019-06-25 17:50:09 - [MESSAGE][PASSED] - Text 'suman.kompelly@diffagency.com' is set on object 'Object Repository/OCS-DESKTOP/Customer info page/input_Email'

2019-06-25 17:50:09 - [TEST_STEP][PASSED] - setText(findTestObject("OCS-DESKTOP/Customer info page/input_First name"), "suman"): Text 'suman' is set on object 'Object Repository/OCS-DESKTOP/Customer info page/input_First name'

2019-06-25 17:50:09 - [MESSAGE][PASSED] - Text 'suman' is set on object 'Object Repository/OCS-DESKTOP/Customer info page/input_First name'

2019-06-25 17:50:09 - [TEST_STEP][PASSED] - setText(findTestObject("OCS-DESKTOP/Customer info page/input_Last name"), "kompelly"): Text 'kompelly' is set on object 'Object Repository/OCS-DESKTOP/Customer info page/input_Last name'

2019-06-25 17:50:09 - [MESSAGE][PASSED] - Text 'kompelly' is set on object 'Object Repository/OCS-DESKTOP/Customer info page/input_Last name'

2019-06-25 17:50:09 - [TEST_STEP][PASSED] - setText(findTestObject("OCS-DESKTOP/Customer info page/input_Address"), "300 saint alxendre"): Text '300 saint alxendre' is set on object 'Object Repository/OCS-DESKTOP/Customer info page/input_Address'

2019-06-25 17:50:10 - [MESSAGE][PASSED] - Text '300 saint alxendre' is set on object 'Object Repository/OCS-DESKTOP/Customer info page/input_Address'

2019-06-25 17:50:10 - [TEST_STEP][PASSED] - setText(findTestObject("OCS-DESKTOP/Customer info page/input_Apartment suite etc. (op"), "199"): Text '199' is set on object 'Object Repository/OCS-DESKTOP/Customer info page/input_Apartment suite etc. (op'

2019-06-25 17:50:10 - [MESSAGE][PASSED] - Text '199' is set on object 'Object Repository/OCS-DESKTOP/Customer info page/input_Apartment suite etc. (op'

2019-06-25 17:50:10 - [TEST_STEP][PASSED] - setText(findTestObject("OCS-DESKTOP/Customer info page/input_City"), "montreal"): Text 'montreal' is set on object 'Object Repository/OCS-DESKTOP/Customer info page/input_City'

2019-06-25 17:50:10 - [MESSAGE][PASSED] - Text 'montreal' is set on object 'Object Repository/OCS-DESKTOP/Customer info page/input_City'

2019-06-25 17:50:10 - [TEST_STEP][PASSED] - setText(findTestObject("OCS-DESKTOP/Customer info page/input_Postal code"), "n0R1K0"): Text 'n0R1K0' is set on object 'Object Repository/OCS-DESKTOP/Customer info page/input_Postal code'

2019-06-25 17:50:10 - [MESSAGE][PASSED] - Text 'n0R1K0' is set on object 'Object Repository/OCS-DESKTOP/Customer info page/input_Postal code'

2019-06-25 17:50:10 - [TEST_STEP][PASSED] - setText(findTestObject("OCS-DESKTOP/Customer info page/input_Phone"), "(514) 449-3882"): Text '(514) 449-3882' is set on object 'Object Repository/OCS-DESKTOP/Customer info page/input_Phone'

2019-06-25 17:50:10 - [MESSAGE][PASSED] - Text '(514) 449-3882' is set on object 'Object Repository/OCS-DESKTOP/Customer info page/input_Phone'

2019-06-25 17:50:10 - [TEST_STEP][PASSED] - delay(1): Delayed 1 second(s)

2019-06-25 17:50:11 - [MESSAGE][PASSED] - Delayed 1 second(s)

2019-06-25 17:50:11 - [TEST_STEP][PASSED] - executeJavaScript("var previewBar = document.getElementById("preview-bar-iframe"); previewBar.style.display = "none";", []): Execute JavaScript 'var previewBar = document.getElementById("preview-bar-iframe"); previewBar.style.display = "none";' successfully

2019-06-25 17:50:11 - [MESSAGE][PASSED] - Execute JavaScript 'var previewBar = document.getElementById("preview-bar-iframe"); previewBar.style.display = "none";' successfully

2019-06-25 17:50:11 - [TEST_STEP][PASSED] - click(findTestObject("OCS-DESKTOP/Customer info page/Continue to shipping method - Button")): Object: 'Object Repository/OCS-DESKTOP/Customer info page/Continue to shipping method - Button' is clicked on

2019-06-25 17:50:12 - [MESSAGE][PASSED] - Object: 'Object Repository/OCS-DESKTOP/Customer info page/Continue to shipping method - Button' is clicked on

2019-06-25 17:50:12 - [TEST_STEP][PASSED] - closeBrowser(): Browser is closed

2019-06-25 17:50:12 - [MESSAGE][PASSED] - Browser is closed]]></system-out>
         <system-err><![CDATA[]]></system-err>
      </testcase>
      <testcase name="Test Cases/OCS - DESKTOP/OCS- CRITICAL PATH/Cart flyout-tooltips" classname="Test Cases/OCS - DESKTOP/OCS- CRITICAL PATH/Cart flyout-tooltips" status="PASSED">
         <system-out><![CDATA[2019-06-25 17:50:12 - [TEST_CASE][PASSED] - Test Cases/OCS - DESKTOP/OCS- CRITICAL PATH/Cart flyout-tooltips: Test Cases/OCS - DESKTOP/OCS- CRITICAL PATH/Cart flyout-tooltips

2019-06-25 17:50:12 - [TEST_STEP][PASSED] - callTestCase(findTestCase("OCS - DESKTOP/CALL- Age gate"), [:], STOP_ON_FAILURE): Call Test Case 'Test Cases/OCS - DESKTOP/CALL- Age gate' successfully

2019-06-25 17:50:12 - [TEST_CASE][PASSED] - Test Cases/OCS - DESKTOP/CALL- Age gate: Test Cases/OCS - DESKTOP/CALL- Age gate

2019-06-25 17:50:12 - [TEST_STEP][PASSED] - openBrowser(""): Browser is opened with url: ''

2019-06-25 17:50:12 - [MESSAGE][INFO] - Starting 'Chrome' driver

2019-06-25 17:50:13 - [MESSAGE][PASSED] - Browser is opened with url: ''

2019-06-25 17:50:13 - [TEST_STEP][PASSED] - navigateToUrl("https://ocs.ca/?fts=0&preview_theme_id=72920106828"): Navigate to 'https://ocs.ca/?fts=0&preview_theme_id=72920106828' successfully

2019-06-25 17:50:19 - [MESSAGE][PASSED] - Navigate to 'https://ocs.ca/?fts=0&preview_theme_id=72920106828' successfully

2019-06-25 17:50:19 - [TEST_STEP][PASSED] - maximizeWindow(): Current window maximized

2019-06-25 17:50:19 - [MESSAGE][PASSED] - Current window maximized

2019-06-25 17:50:19 - [TEST_STEP][PASSED] - delay(2): Delayed 2 second(s)

2019-06-25 17:50:21 - [MESSAGE][PASSED] - Delayed 2 second(s)

2019-06-25 17:50:21 - [TEST_STEP][PASSED] - executeJavaScript("var previewBar = document.getElementById("preview-bar-iframe"); previewBar.style.display = "none";", []): Execute JavaScript 'var previewBar = document.getElementById("preview-bar-iframe"); previewBar.style.display = "none";' successfully

2019-06-25 17:50:21 - [MESSAGE][PASSED] - Execute JavaScript 'var previewBar = document.getElementById("preview-bar-iframe"); previewBar.style.display = "none";' successfully

2019-06-25 17:50:21 - [TEST_STEP][PASSED] - selectOptionByValue(findTestObject("OCS-DESKTOP/Age gate and Mega menu/Date"), "12", true): All options with value '12' are selected in object 'Object Repository/OCS-DESKTOP/Age gate and Mega menu/Date'  using regular expression

2019-06-25 17:50:22 - [MESSAGE][PASSED] - All options with value '12' are selected in object 'Object Repository/OCS-DESKTOP/Age gate and Mega menu/Date'  using regular expression

2019-06-25 17:50:22 - [TEST_STEP][PASSED] - selectOptionByValue(findTestObject("OCS-DESKTOP/Age gate and Mega menu/month"), "6", true): All options with value '6' are selected in object 'Object Repository/OCS-DESKTOP/Age gate and Mega menu/month'  using regular expression

2019-06-25 17:50:22 - [MESSAGE][PASSED] - All options with value '6' are selected in object 'Object Repository/OCS-DESKTOP/Age gate and Mega menu/month'  using regular expression

2019-06-25 17:50:22 - [TEST_STEP][PASSED] - delay(2): Delayed 2 second(s)

2019-06-25 17:50:24 - [MESSAGE][PASSED] - Delayed 2 second(s)

2019-06-25 17:50:24 - [TEST_STEP][PASSED] - selectOptionByValue(findTestObject("OCS-DESKTOP/Age gate and Mega menu/Year Dropdown"), "1990", true): All options with value '1990' are selected in object 'Object Repository/OCS-DESKTOP/Age gate and Mega menu/Year Dropdown'  using regular expression

2019-06-25 17:50:25 - [MESSAGE][PASSED] - All options with value '1990' are selected in object 'Object Repository/OCS-DESKTOP/Age gate and Mega menu/Year Dropdown'  using regular expression

2019-06-25 17:50:25 - [TEST_STEP][PASSED] - click(findTestObject("OCS-DESKTOP/Age gate and Mega menu/button_Verify")): Object: 'Object Repository/OCS-DESKTOP/Age gate and Mega menu/button_Verify' is clicked on

2019-06-25 17:50:25 - [MESSAGE][PASSED] - Object: 'Object Repository/OCS-DESKTOP/Age gate and Mega menu/button_Verify' is clicked on

2019-06-25 17:50:25 - [TEST_STEP][PASSED] - click(findTestObject("OCS-DESKTOP/Age gate and Mega menu/Checkbox_CONFIRM AND ACKNOWLEDGE")): Object: 'Object Repository/OCS-DESKTOP/Age gate and Mega menu/Checkbox_CONFIRM AND ACKNOWLEDGE' is clicked on

2019-06-25 17:50:25 - [MESSAGE][PASSED] - Object: 'Object Repository/OCS-DESKTOP/Age gate and Mega menu/Checkbox_CONFIRM AND ACKNOWLEDGE' is clicked on

2019-06-25 17:50:25 - [TEST_STEP][PASSED] - click(findTestObject("OCS-DESKTOP/Age gate and Mega menu/button_CONFIRM")): Object: 'Object Repository/OCS-DESKTOP/Age gate and Mega menu/button_CONFIRM' is clicked on

2019-06-25 17:50:25 - [MESSAGE][PASSED] - Object: 'Object Repository/OCS-DESKTOP/Age gate and Mega menu/button_CONFIRM' is clicked on

2019-06-25 17:50:25 - [TEST_STEP][PASSED] - click(findTestObject("OCS-DESKTOP/Age gate and Mega menu/button_Start Browsing")): Object: 'Object Repository/OCS-DESKTOP/Age gate and Mega menu/button_Start Browsing' is clicked on

2019-06-25 17:50:25 - [MESSAGE][PASSED] - Object: 'Object Repository/OCS-DESKTOP/Age gate and Mega menu/button_Start Browsing' is clicked on

2019-06-25 17:50:25 - [TEST_STEP][PASSED] - delay(2): Delayed 2 second(s)

2019-06-25 17:50:27 - [MESSAGE][PASSED] - Delayed 2 second(s)

2019-06-25 17:50:27 - [TEST_STEP][PASSED] - refresh(): Refresh successfully

2019-06-25 17:50:27 - [MESSAGE][PASSED] - Refresh successfully

2019-06-25 17:50:27 - [MESSAGE][PASSED] - Call Test Case 'Test Cases/OCS - DESKTOP/CALL- Age gate' successfully

2019-06-25 17:50:27 - [TEST_STEP][PASSED] - delay(2): Delayed 2 second(s)

2019-06-25 17:50:29 - [MESSAGE][PASSED] - Delayed 2 second(s)

2019-06-25 17:50:29 - [TEST_STEP][PASSED] - refresh(): Refresh successfully

2019-06-25 17:50:31 - [MESSAGE][PASSED] - Refresh successfully

2019-06-25 17:50:31 - [TEST_STEP][PASSED] - click(findTestObject("OCS-DESKTOP/Age gate and Mega menu/Header/CANNABIS menu - English")): Object: 'Object Repository/OCS-DESKTOP/Age gate and Mega menu/Header/CANNABIS menu - English' is clicked on

2019-06-25 17:50:34 - [MESSAGE][PASSED] - Object: 'Object Repository/OCS-DESKTOP/Age gate and Mega menu/Header/CANNABIS menu - English' is clicked on

2019-06-25 17:50:34 - [TEST_STEP][PASSED] - delay(4): Delayed 4 second(s)

2019-06-25 17:50:38 - [MESSAGE][PASSED] - Delayed 4 second(s)

2019-06-25 17:50:38 - [TEST_STEP][NOT_RUN] - maximizeWindow(): NOT_RUN: maximizeWindow()

2019-06-25 17:50:38 - [MESSAGE][NOT_RUN] - NOT_RUN: maximizeWindow()

2019-06-25 17:50:38 - [TEST_STEP][PASSED] - click(findTestObject("OCS-DESKTOP/Age gate and Mega menu/Indica Dominant_Menu item")): Object: 'Object Repository/OCS-DESKTOP/Age gate and Mega menu/Indica Dominant_Menu item' is clicked on

2019-06-25 17:50:40 - [MESSAGE][PASSED] - Object: 'Object Repository/OCS-DESKTOP/Age gate and Mega menu/Indica Dominant_Menu item' is clicked on

2019-06-25 17:50:40 - [TEST_STEP][PASSED] - delay(2): Delayed 2 second(s)

2019-06-25 17:50:42 - [MESSAGE][PASSED] - Delayed 2 second(s)

2019-06-25 17:50:42 - [TEST_STEP][PASSED] - executeJavaScript("var previewBar = document.getElementById("preview-bar-iframe"); previewBar.style.display = "none";", []): Execute JavaScript 'var previewBar = document.getElementById("preview-bar-iframe"); previewBar.style.display = "none";' successfully

2019-06-25 17:50:42 - [MESSAGE][PASSED] - Execute JavaScript 'var previewBar = document.getElementById("preview-bar-iframe"); previewBar.style.display = "none";' successfully

2019-06-25 17:50:42 - [TEST_STEP][PASSED] - click(findTestObject("OCS-DESKTOP/Collection page/Product image - 1st one")): Object: 'Object Repository/OCS-DESKTOP/Collection page/Product image - 1st one' is clicked on

2019-06-25 17:50:46 - [MESSAGE][PASSED] - Object: 'Object Repository/OCS-DESKTOP/Collection page/Product image - 1st one' is clicked on

2019-06-25 17:50:46 - [TEST_STEP][PASSED] - delay(3): Delayed 3 second(s)

2019-06-25 17:50:49 - [MESSAGE][PASSED] - Delayed 3 second(s)

2019-06-25 17:50:49 - [TEST_STEP][PASSED] - executeJavaScript("var previewBar = document.getElementById("preview-bar-iframe"); previewBar.style.display = "none";", []): Execute JavaScript 'var previewBar = document.getElementById("preview-bar-iframe"); previewBar.style.display = "none";' successfully

2019-06-25 17:50:49 - [MESSAGE][PASSED] - Execute JavaScript 'var previewBar = document.getElementById("preview-bar-iframe"); previewBar.style.display = "none";' successfully

2019-06-25 17:50:49 - [TEST_STEP][NOT_RUN] - scrollToElement(findTestObject("OCS-DESKTOP/Product page/Product image"), 1): NOT_RUN: scrollToElement(findTestObject("OCS-DESKTOP/Product page/Product image"), 1)

2019-06-25 17:50:49 - [MESSAGE][NOT_RUN] - NOT_RUN: scrollToElement(findTestObject("OCS-DESKTOP/Product page/Product image"), 1)

2019-06-25 17:50:49 - [TEST_STEP][PASSED] - click(findTestObject("OCS-DESKTOP/Product page/Swatch_1g")): Object: 'Object Repository/OCS-DESKTOP/Product page/Swatch_1g' is clicked on

2019-06-25 17:50:49 - [MESSAGE][PASSED] - Object: 'Object Repository/OCS-DESKTOP/Product page/Swatch_1g' is clicked on

2019-06-25 17:50:49 - [TEST_STEP][PASSED] - delay(2): Delayed 2 second(s)

2019-06-25 17:50:51 - [MESSAGE][PASSED] - Delayed 2 second(s)

2019-06-25 17:50:51 - [TEST_STEP][PASSED] - click(findTestObject("OCS-DESKTOP/Product page/Add to Bag-button")): Object: 'Object Repository/OCS-DESKTOP/Product page/Add to Bag-button' is clicked on

2019-06-25 17:50:51 - [MESSAGE][PASSED] - Object: 'Object Repository/OCS-DESKTOP/Product page/Add to Bag-button' is clicked on

2019-06-25 17:50:51 - [TEST_STEP][PASSED] - delay(1): Delayed 1 second(s)

2019-06-25 17:50:52 - [MESSAGE][PASSED] - Delayed 1 second(s)

2019-06-25 17:50:52 - [TEST_STEP][NOT_RUN] - click(findTestObject("OCS-DESKTOP/Home - page/Cart icon -bag"), OPTIONAL): NOT_RUN: click(findTestObject("OCS-DESKTOP/Home - page/Cart icon -bag"), OPTIONAL)

2019-06-25 17:50:52 - [MESSAGE][NOT_RUN] - NOT_RUN: click(findTestObject("OCS-DESKTOP/Home - page/Cart icon -bag"), OPTIONAL)

2019-06-25 17:50:52 - [TEST_STEP][PASSED] - delay(1): Delayed 1 second(s)

2019-06-25 17:50:53 - [MESSAGE][PASSED] - Delayed 1 second(s)

2019-06-25 17:50:53 - [TEST_STEP][PASSED] - mouseOver(findTestObject("OCS-DESKTOP/Cart flyout/tool tip - TOP")): Object: 'Object Repository/OCS-DESKTOP/Cart flyout/tool tip - TOP' is hovered

2019-06-25 17:50:53 - [MESSAGE][PASSED] - Object: 'Object Repository/OCS-DESKTOP/Cart flyout/tool tip - TOP' is hovered

2019-06-25 17:50:53 - [TEST_STEP][PASSED] - delay(3): Delayed 3 second(s)

2019-06-25 17:50:56 - [MESSAGE][PASSED] - Delayed 3 second(s)

2019-06-25 17:50:56 - [TEST_STEP][PASSED] - delay(2): Delayed 2 second(s)

2019-06-25 17:50:58 - [MESSAGE][PASSED] - Delayed 2 second(s)

2019-06-25 17:50:58 - [TEST_STEP][PASSED] - mouseOver(findTestObject("OCS-DESKTOP/Cart flyout/tool tip -DOWN")): Object: 'Object Repository/OCS-DESKTOP/Cart flyout/tool tip -DOWN' is hovered

2019-06-25 17:50:58 - [MESSAGE][PASSED] - Object: 'Object Repository/OCS-DESKTOP/Cart flyout/tool tip -DOWN' is hovered]]></system-out>
         <system-err><![CDATA[]]></system-err>
      </testcase>
      <testcase name="Test Cases/OCS - DESKTOP/OCS- CRITICAL PATH/Cart" classname="Test Cases/OCS - DESKTOP/OCS- CRITICAL PATH/Cart" status="PASSED">
         <system-out><![CDATA[2019-06-25 17:50:58 - [TEST_CASE][PASSED] - Test Cases/OCS - DESKTOP/OCS- CRITICAL PATH/Cart: Test Cases/OCS - DESKTOP/OCS- CRITICAL PATH/Cart

2019-06-25 17:50:58 - [TEST_STEP][PASSED] - callTestCase(findTestCase("OCS - DESKTOP/CALL - Navigate to PDP"), [:], STOP_ON_FAILURE): Call Test Case 'Test Cases/OCS - DESKTOP/CALL - Navigate to PDP' successfully

2019-06-25 17:50:58 - [TEST_CASE][PASSED] - Test Cases/OCS - DESKTOP/CALL - Navigate to PDP: Test Cases/OCS - DESKTOP/CALL - Navigate to PDP

2019-06-25 17:50:58 - [TEST_STEP][PASSED] - openBrowser(""): Browser is opened with url: ''

2019-06-25 17:50:58 - [MESSAGE][WARNING] - A browser is already opened. Closing browser and opening a new one

2019-06-25 17:50:58 - [MESSAGE][INFO] - Starting 'Chrome' driver

2019-06-25 17:51:00 - [MESSAGE][PASSED] - Browser is opened with url: ''

2019-06-25 17:51:00 - [TEST_STEP][PASSED] - maximizeWindow(): Current window maximized

2019-06-25 17:51:00 - [MESSAGE][PASSED] - Current window maximized

2019-06-25 17:51:00 - [TEST_STEP][PASSED] - navigateToUrl("https://ocs.ca/?fts=0&preview_theme_id=72920106828"): Navigate to 'https://ocs.ca/?fts=0&preview_theme_id=72920106828' successfully

2019-06-25 17:51:05 - [MESSAGE][PASSED] - Navigate to 'https://ocs.ca/?fts=0&preview_theme_id=72920106828' successfully

2019-06-25 17:51:05 - [TEST_STEP][PASSED] - executeJavaScript("var previewBar = document.getElementById("preview-bar-iframe"); previewBar.style.display = "none";", []): Execute JavaScript 'var previewBar = document.getElementById("preview-bar-iframe"); previewBar.style.display = "none";' successfully

2019-06-25 17:51:05 - [MESSAGE][PASSED] - Execute JavaScript 'var previewBar = document.getElementById("preview-bar-iframe"); previewBar.style.display = "none";' successfully

2019-06-25 17:51:05 - [TEST_STEP][PASSED] - delay(4): Delayed 4 second(s)

2019-06-25 17:51:09 - [MESSAGE][PASSED] - Delayed 4 second(s)

2019-06-25 17:51:09 - [TEST_STEP][PASSED] - selectOptionByValue(findTestObject("OCS-DESKTOP/Age gate and Mega menu/Date"), "12", true): All options with value '12' are selected in object 'Object Repository/OCS-DESKTOP/Age gate and Mega menu/Date'  using regular expression

2019-06-25 17:51:09 - [MESSAGE][PASSED] - All options with value '12' are selected in object 'Object Repository/OCS-DESKTOP/Age gate and Mega menu/Date'  using regular expression

2019-06-25 17:51:09 - [TEST_STEP][PASSED] - selectOptionByValue(findTestObject("OCS-DESKTOP/Age gate and Mega menu/month"), "6", true): All options with value '6' are selected in object 'Object Repository/OCS-DESKTOP/Age gate and Mega menu/month'  using regular expression

2019-06-25 17:51:09 - [MESSAGE][PASSED] - All options with value '6' are selected in object 'Object Repository/OCS-DESKTOP/Age gate and Mega menu/month'  using regular expression

2019-06-25 17:51:09 - [TEST_STEP][PASSED] - delay(2): Delayed 2 second(s)

2019-06-25 17:51:11 - [MESSAGE][PASSED] - Delayed 2 second(s)

2019-06-25 17:51:11 - [TEST_STEP][PASSED] - selectOptionByValue(findTestObject("OCS-DESKTOP/Age gate and Mega menu/Year Dropdown"), "1990", true): All options with value '1990' are selected in object 'Object Repository/OCS-DESKTOP/Age gate and Mega menu/Year Dropdown'  using regular expression

2019-06-25 17:51:13 - [MESSAGE][PASSED] - All options with value '1990' are selected in object 'Object Repository/OCS-DESKTOP/Age gate and Mega menu/Year Dropdown'  using regular expression

2019-06-25 17:51:13 - [TEST_STEP][PASSED] - click(findTestObject("OCS-DESKTOP/Age gate and Mega menu/button_Verify")): Object: 'Object Repository/OCS-DESKTOP/Age gate and Mega menu/button_Verify' is clicked on

2019-06-25 17:51:13 - [MESSAGE][PASSED] - Object: 'Object Repository/OCS-DESKTOP/Age gate and Mega menu/button_Verify' is clicked on

2019-06-25 17:51:13 - [TEST_STEP][PASSED] - click(findTestObject("OCS-DESKTOP/Age gate and Mega menu/Checkbox_CONFIRM AND ACKNOWLEDGE")): Object: 'Object Repository/OCS-DESKTOP/Age gate and Mega menu/Checkbox_CONFIRM AND ACKNOWLEDGE' is clicked on

2019-06-25 17:51:13 - [MESSAGE][PASSED] - Object: 'Object Repository/OCS-DESKTOP/Age gate and Mega menu/Checkbox_CONFIRM AND ACKNOWLEDGE' is clicked on

2019-06-25 17:51:13 - [TEST_STEP][PASSED] - click(findTestObject("OCS-DESKTOP/Age gate and Mega menu/button_CONFIRM")): Object: 'Object Repository/OCS-DESKTOP/Age gate and Mega menu/button_CONFIRM' is clicked on

2019-06-25 17:51:13 - [MESSAGE][PASSED] - Object: 'Object Repository/OCS-DESKTOP/Age gate and Mega menu/button_CONFIRM' is clicked on

2019-06-25 17:51:13 - [TEST_STEP][PASSED] - click(findTestObject("OCS-DESKTOP/Age gate and Mega menu/button_Start Browsing")): Object: 'Object Repository/OCS-DESKTOP/Age gate and Mega menu/button_Start Browsing' is clicked on

2019-06-25 17:51:13 - [MESSAGE][PASSED] - Object: 'Object Repository/OCS-DESKTOP/Age gate and Mega menu/button_Start Browsing' is clicked on

2019-06-25 17:51:13 - [TEST_STEP][PASSED] - delay(2): Delayed 2 second(s)

2019-06-25 17:51:15 - [MESSAGE][PASSED] - Delayed 2 second(s)

2019-06-25 17:51:15 - [TEST_STEP][PASSED] - navigateToUrl("https://ocs.ca/products/la-confidential"): Navigate to 'https://ocs.ca/products/la-confidential' successfully

2019-06-25 17:51:19 - [MESSAGE][PASSED] - Navigate to 'https://ocs.ca/products/la-confidential' successfully

2019-06-25 17:51:19 - [TEST_STEP][PASSED] - executeJavaScript("var previewBar = document.getElementById("preview-bar-iframe"); previewBar.style.display = "none";", []): Execute JavaScript 'var previewBar = document.getElementById("preview-bar-iframe"); previewBar.style.display = "none";' successfully

2019-06-25 17:51:19 - [MESSAGE][PASSED] - Execute JavaScript 'var previewBar = document.getElementById("preview-bar-iframe"); previewBar.style.display = "none";' successfully

2019-06-25 17:51:19 - [MESSAGE][PASSED] - Call Test Case 'Test Cases/OCS - DESKTOP/CALL - Navigate to PDP' successfully

2019-06-25 17:51:19 - [TEST_STEP][NOT_RUN] - scrollToElement(findTestObject("OCS-DESKTOP/Product page/Product image"), 1): NOT_RUN: scrollToElement(findTestObject("OCS-DESKTOP/Product page/Product image"), 1)

2019-06-25 17:51:19 - [MESSAGE][NOT_RUN] - NOT_RUN: scrollToElement(findTestObject("OCS-DESKTOP/Product page/Product image"), 1)

2019-06-25 17:51:19 - [TEST_STEP][PASSED] - delay(2): Delayed 2 second(s)

2019-06-25 17:51:21 - [MESSAGE][PASSED] - Delayed 2 second(s)

2019-06-25 17:51:21 - [TEST_STEP][PASSED] - executeJavaScript("var previewBar = document.getElementById("preview-bar-iframe"); previewBar.style.display = "none";", []): Execute JavaScript 'var previewBar = document.getElementById("preview-bar-iframe"); previewBar.style.display = "none";' successfully

2019-06-25 17:51:21 - [MESSAGE][PASSED] - Execute JavaScript 'var previewBar = document.getElementById("preview-bar-iframe"); previewBar.style.display = "none";' successfully

2019-06-25 17:51:21 - [TEST_STEP][PASSED] - click(findTestObject("OCS-DESKTOP/Product page/Swatch_1g")): Object: 'Object Repository/OCS-DESKTOP/Product page/Swatch_1g' is clicked on

2019-06-25 17:51:21 - [MESSAGE][PASSED] - Object: 'Object Repository/OCS-DESKTOP/Product page/Swatch_1g' is clicked on

2019-06-25 17:51:21 - [TEST_STEP][NOT_RUN] - scrollToElement(findTestObject("OCS-DESKTOP/Product page/Swatch_3.5g"), 1): NOT_RUN: scrollToElement(findTestObject("OCS-DESKTOP/Product page/Swatch_3.5g"), 1)

2019-06-25 17:51:21 - [MESSAGE][NOT_RUN] - NOT_RUN: scrollToElement(findTestObject("OCS-DESKTOP/Product page/Swatch_3.5g"), 1)

2019-06-25 17:51:21 - [TEST_STEP][PASSED] - delay(2): Delayed 2 second(s)

2019-06-25 17:51:23 - [MESSAGE][PASSED] - Delayed 2 second(s)

2019-06-25 17:51:23 - [TEST_STEP][PASSED] - click(findTestObject("OCS-DESKTOP/Product page/Add to Bag-button")): Object: 'Object Repository/OCS-DESKTOP/Product page/Add to Bag-button' is clicked on

2019-06-25 17:51:23 - [MESSAGE][PASSED] - Object: 'Object Repository/OCS-DESKTOP/Product page/Add to Bag-button' is clicked on

2019-06-25 17:51:23 - [TEST_STEP][PASSED] - delay(2): Delayed 2 second(s)

2019-06-25 17:51:25 - [MESSAGE][PASSED] - Delayed 2 second(s)

2019-06-25 17:51:25 - [TEST_STEP][PASSED] - click(findTestObject("OCS-DESKTOP/Cart flyout/Back icon"), CONTINUE_ON_FAILURE): Object: 'Object Repository/OCS-DESKTOP/Cart flyout/Back icon' is clicked on

2019-06-25 17:51:25 - [MESSAGE][PASSED] - Object: 'Object Repository/OCS-DESKTOP/Cart flyout/Back icon' is clicked on

2019-06-25 17:51:25 - [TEST_STEP][PASSED] - delay(2): Delayed 2 second(s)

2019-06-25 17:51:27 - [MESSAGE][PASSED] - Delayed 2 second(s)

2019-06-25 17:51:27 - [TEST_STEP][NOT_RUN] - click(findTestObject("OCS-DESKTOP/Home - page/Cart icon -bag"), OPTIONAL): NOT_RUN: click(findTestObject("OCS-DESKTOP/Home - page/Cart icon -bag"), OPTIONAL)

2019-06-25 17:51:27 - [MESSAGE][NOT_RUN] - NOT_RUN: click(findTestObject("OCS-DESKTOP/Home - page/Cart icon -bag"), OPTIONAL)

2019-06-25 17:51:27 - [TEST_STEP][PASSED] - delay(2): Delayed 2 second(s)

2019-06-25 17:51:29 - [MESSAGE][PASSED] - Delayed 2 second(s)

2019-06-25 17:51:29 - [TEST_STEP][PASSED] - flag = verifyElementPresent(findTestObject("OCS-DESKTOP/Product page/Swatch_3.5g"), 0): Object 'Object Repository/OCS-DESKTOP/Product page/Swatch_3.5g' is present

2019-06-25 17:51:29 - [MESSAGE][WARNING] - Timeout '0' is invalid. Using default page load timeout: '30'

2019-06-25 17:51:29 - [MESSAGE][PASSED] - Object 'Object Repository/OCS-DESKTOP/Product page/Swatch_3.5g' is present

2019-06-25 17:51:29 - [TEST_STEP][PASSED] - comment(" flag=" + flag):  flag=true

2019-06-25 17:51:29 - [MESSAGE][INFO] -  flag=true

2019-06-25 17:51:29 - [TEST_STEP][PASSED] - takeScreenshot(): Taking screenshot successfully

2019-06-25 17:51:30 - [MESSAGE][PASSED] - Taking screenshot successfully
[[ATTACHMENT|/Users/sumankompelly/Relative xpath-Desktop/Reports/OCS - 1.10.2.1/20190625_174612/1561499489426.png]]

2019-06-25 17:51:30 - [TEST_STEP][PASSED] - delay(2): Delayed 2 second(s)

2019-06-25 17:51:32 - [MESSAGE][PASSED] - Delayed 2 second(s)

2019-06-25 17:51:32 - [TEST_STEP][PASSED] - click(findTestObject("OCS-DESKTOP/Product page/Swatch_3.5g"), CONTINUE_ON_FAILURE): Object: 'Object Repository/OCS-DESKTOP/Product page/Swatch_3.5g' is clicked on

2019-06-25 17:51:32 - [MESSAGE][PASSED] - Object: 'Object Repository/OCS-DESKTOP/Product page/Swatch_3.5g' is clicked on

2019-06-25 17:51:32 - [TEST_STEP][PASSED] - delay(2): Delayed 2 second(s)

2019-06-25 17:51:34 - [MESSAGE][PASSED] - Delayed 2 second(s)

2019-06-25 17:51:34 - [TEST_STEP][PASSED] - click(findTestObject("OCS-DESKTOP/Product page/Add to Bag-button")): Object: 'Object Repository/OCS-DESKTOP/Product page/Add to Bag-button' is clicked on

2019-06-25 17:51:34 - [MESSAGE][PASSED] - Object: 'Object Repository/OCS-DESKTOP/Product page/Add to Bag-button' is clicked on

2019-06-25 17:51:34 - [TEST_STEP][PASSED] - delay(2): Delayed 2 second(s)

2019-06-25 17:51:36 - [MESSAGE][PASSED] - Delayed 2 second(s)

2019-06-25 17:51:36 - [TEST_STEP][PASSED] - delay(2): Delayed 2 second(s)

2019-06-25 17:51:38 - [MESSAGE][PASSED] - Delayed 2 second(s)

2019-06-25 17:51:38 - [TEST_STEP][NOT_RUN] - click(findTestObject("OCS-DESKTOP/Home - page/Cart icon -bag"), OPTIONAL): NOT_RUN: click(findTestObject("OCS-DESKTOP/Home - page/Cart icon -bag"), OPTIONAL)

2019-06-25 17:51:38 - [MESSAGE][NOT_RUN] - NOT_RUN: click(findTestObject("OCS-DESKTOP/Home - page/Cart icon -bag"), OPTIONAL)

2019-06-25 17:51:38 - [TEST_STEP][PASSED] - click(findTestObject("OCS-DESKTOP/Cart flyout/Checkbox_I confirm that")): Object: 'Object Repository/OCS-DESKTOP/Cart flyout/Checkbox_I confirm that' is clicked on

2019-06-25 17:51:38 - [MESSAGE][PASSED] - Object: 'Object Repository/OCS-DESKTOP/Cart flyout/Checkbox_I confirm that' is clicked on

2019-06-25 17:51:38 - [TEST_STEP][PASSED] - delay(2): Delayed 2 second(s)

2019-06-25 17:51:40 - [MESSAGE][PASSED] - Delayed 2 second(s)

2019-06-25 17:51:40 - [TEST_STEP][PASSED] - click(findTestObject("OCS-DESKTOP/Cart flyout/Checkbox_Accept the Terms Condition")): Object: 'Object Repository/OCS-DESKTOP/Cart flyout/Checkbox_Accept the Terms Condition' is clicked on

2019-06-25 17:51:40 - [MESSAGE][PASSED] - Object: 'Object Repository/OCS-DESKTOP/Cart flyout/Checkbox_Accept the Terms Condition' is clicked on

2019-06-25 17:51:40 - [TEST_STEP][PASSED] - delay(2): Delayed 2 second(s)

2019-06-25 17:51:42 - [MESSAGE][PASSED] - Delayed 2 second(s)

2019-06-25 17:51:42 - [TEST_STEP][PASSED] - click(findTestObject("OCS-DESKTOP/Cart flyout/Checkout - Button")): Object: 'Object Repository/OCS-DESKTOP/Cart flyout/Checkout - Button' is clicked on

2019-06-25 17:51:44 - [MESSAGE][PASSED] - Object: 'Object Repository/OCS-DESKTOP/Cart flyout/Checkout - Button' is clicked on

2019-06-25 17:51:44 - [TEST_STEP][PASSED] - delay(2): Delayed 2 second(s)

2019-06-25 17:51:46 - [MESSAGE][PASSED] - Delayed 2 second(s)

2019-06-25 17:51:46 - [TEST_STEP][NOT_RUN] - scrollToElement(findTestObject("OCS-DESKTOP/Customer info page/Return to Cart - Link"), 1): NOT_RUN: scrollToElement(findTestObject("OCS-DESKTOP/Customer info page/Return to Cart - Link"), 1)

2019-06-25 17:51:46 - [MESSAGE][NOT_RUN] - NOT_RUN: scrollToElement(findTestObject("OCS-DESKTOP/Customer info page/Return to Cart - Link"), 1)

2019-06-25 17:51:46 - [TEST_STEP][PASSED] - delay(2): Delayed 2 second(s)

2019-06-25 17:51:48 - [MESSAGE][PASSED] - Delayed 2 second(s)

2019-06-25 17:51:48 - [TEST_STEP][PASSED] - click(findTestObject("OCS-DESKTOP/Customer info page/Cart - Breadcrumb link")): Object: 'Object Repository/OCS-DESKTOP/Customer info page/Cart - Breadcrumb link' is clicked on

2019-06-25 17:51:49 - [MESSAGE][PASSED] - Object: 'Object Repository/OCS-DESKTOP/Customer info page/Cart - Breadcrumb link' is clicked on

2019-06-25 17:51:49 - [TEST_STEP][PASSED] - delay(2): Delayed 2 second(s)

2019-06-25 17:51:51 - [MESSAGE][PASSED] - Delayed 2 second(s)

2019-06-25 17:51:51 - [TEST_STEP][PASSED] - a = getText(findTestObject("OCS-DESKTOP/Cart page/Unit price - 1st product")): Text of object 'Object Repository/OCS-DESKTOP/Cart page/Unit price - 1st product' is: '$35.00'

2019-06-25 17:51:51 - [MESSAGE][PASSED] - Text of object 'Object Repository/OCS-DESKTOP/Cart page/Unit price - 1st product' is: '$35.00'

2019-06-25 17:51:51 - [TEST_STEP][PASSED] - comment(a): $35.00

2019-06-25 17:51:51 - [MESSAGE][INFO] - $35.00

2019-06-25 17:51:51 - [TEST_STEP][PASSED] - a1 = a.substring(1): null

2019-06-25 17:51:51 - [TEST_STEP][PASSED] - comment("a1 = " + a1): a1 = 35.00

2019-06-25 17:51:51 - [MESSAGE][INFO] - a1 = 35.00

2019-06-25 17:51:51 - [TEST_STEP][PASSED] - delay(2): Delayed 2 second(s)

2019-06-25 17:51:53 - [MESSAGE][PASSED] - Delayed 2 second(s)

2019-06-25 17:51:53 - [TEST_STEP][PASSED] - b = getText(findTestObject("OCS-DESKTOP/Cart page/Unit price - 2nd product")): Text of object 'Object Repository/OCS-DESKTOP/Cart page/Unit price - 2nd product' is: '$10.50'

2019-06-25 17:51:53 - [MESSAGE][PASSED] - Text of object 'Object Repository/OCS-DESKTOP/Cart page/Unit price - 2nd product' is: '$10.50'

2019-06-25 17:51:53 - [TEST_STEP][PASSED] - comment(b): $10.50

2019-06-25 17:51:53 - [MESSAGE][INFO] - $10.50

2019-06-25 17:51:53 - [TEST_STEP][PASSED] - a2 = b.substring(1): null

2019-06-25 17:51:53 - [TEST_STEP][PASSED] - comment("a2 = " + a2): a2 = 10.50

2019-06-25 17:51:53 - [MESSAGE][INFO] - a2 = 10.50

2019-06-25 17:51:53 - [TEST_STEP][PASSED] - c = getText(findTestObject("OCS-DESKTOP/Cart page/Sub-total")): Text of object 'Object Repository/OCS-DESKTOP/Cart page/Sub-total' is: '$45.50'

2019-06-25 17:51:53 - [MESSAGE][PASSED] - Text of object 'Object Repository/OCS-DESKTOP/Cart page/Sub-total' is: '$45.50'

2019-06-25 17:51:53 - [TEST_STEP][PASSED] - comment(c): $45.50

2019-06-25 17:51:53 - [MESSAGE][INFO] - $45.50

2019-06-25 17:51:53 - [TEST_STEP][PASSED] - a3 = c.substring(1): null

2019-06-25 17:51:53 - [TEST_STEP][PASSED] - comment("a3 = " + a3): a3 = 45.50

2019-06-25 17:51:53 - [MESSAGE][INFO] - a3 = 45.50

2019-06-25 17:51:53 - [TEST_STEP][PASSED] - p2 = <not implemented yet for class: org.codehaus.groovy.ast.expr.EmptyExpression>: null

2019-06-25 17:51:53 - [TEST_STEP][PASSED] - p3 = <not implemented yet for class: org.codehaus.groovy.ast.expr.EmptyExpression>: null

2019-06-25 17:51:53 - [TEST_STEP][PASSED] - try: p2=35.0

2019-06-25 17:51:53 - [TEST_STEP][PASSED] - x1 = a1: null

2019-06-25 17:51:53 - [TEST_STEP][PASSED] - comment("x1=" + x1): x1=35.00

2019-06-25 17:51:53 - [MESSAGE][INFO] - x1=35.00

2019-06-25 17:51:53 - [TEST_STEP][PASSED] - p2 = Double.valueOf(x1): null

2019-06-25 17:51:53 - [TEST_STEP][PASSED] - comment("p2=" + p2): p2=35.0

2019-06-25 17:51:53 - [MESSAGE][INFO] - p2=35.0

2019-06-25 17:51:53 - [TEST_STEP][PASSED] - try: p3=10.5

2019-06-25 17:51:53 - [TEST_STEP][PASSED] - x2 = a2: null

2019-06-25 17:51:53 - [TEST_STEP][PASSED] - comment("x2=" + x2): x2=10.50

2019-06-25 17:51:53 - [MESSAGE][INFO] - x2=10.50

2019-06-25 17:51:53 - [TEST_STEP][PASSED] - p3 = Double.valueOf(x2): null

2019-06-25 17:51:53 - [TEST_STEP][PASSED] - comment("p3=" + p3): p3=10.5

2019-06-25 17:51:53 - [MESSAGE][INFO] - p3=10.5

2019-06-25 17:51:53 - [TEST_STEP][PASSED] - comment("p2=" + p2): p2=35.0

2019-06-25 17:51:53 - [MESSAGE][INFO] - p2=35.0

2019-06-25 17:51:53 - [TEST_STEP][PASSED] - comment("p3=" + p3): p3=10.5

2019-06-25 17:51:53 - [MESSAGE][INFO] - p3=10.5

2019-06-25 17:51:53 - [TEST_STEP][PASSED] - total = p2 + p3: null

2019-06-25 17:51:53 - [TEST_STEP][PASSED] - comment("total=" + total): total=45.5

2019-06-25 17:51:53 - [MESSAGE][INFO] - total=45.5

2019-06-25 17:51:53 - [TEST_STEP][PASSED] - verifyEqual(total, a3): Actual object '45.5' and expected object '45.50' are equal

2019-06-25 17:51:53 - [MESSAGE][PASSED] - Actual object '45.5' and expected object '45.50' are equal

2019-06-25 17:51:53 - [TEST_STEP][PASSED] - click(findTestObject("OCS-DESKTOP/Cart page/Remove icon - 1st Product")): Object: 'Object Repository/OCS-DESKTOP/Cart page/Remove icon - 1st Product' is clicked on

2019-06-25 17:51:55 - [MESSAGE][PASSED] - Object: 'Object Repository/OCS-DESKTOP/Cart page/Remove icon - 1st Product' is clicked on

2019-06-25 17:51:55 - [TEST_STEP][PASSED] - delay(2): Delayed 2 second(s)

2019-06-25 17:51:57 - [MESSAGE][PASSED] - Delayed 2 second(s)

2019-06-25 17:51:57 - [TEST_STEP][PASSED] - c23 = getText(findTestObject("OCS-DESKTOP/Cart page/Sub-total")): Text of object 'Object Repository/OCS-DESKTOP/Cart page/Sub-total' is: '$10.50'

2019-06-25 17:51:57 - [MESSAGE][PASSED] - Text of object 'Object Repository/OCS-DESKTOP/Cart page/Sub-total' is: '$10.50'

2019-06-25 17:51:57 - [TEST_STEP][PASSED] - comment(c23): $10.50

2019-06-25 17:51:57 - [MESSAGE][INFO] - $10.50

2019-06-25 17:51:57 - [TEST_STEP][PASSED] - a4 = c23.substring(1): null

2019-06-25 17:51:57 - [TEST_STEP][PASSED] - comment("a4= " + a4): a4= 10.50

2019-06-25 17:51:57 - [MESSAGE][INFO] - a4= 10.50

2019-06-25 17:51:57 - [TEST_STEP][PASSED] - b25 = getText(findTestObject("OCS-DESKTOP/Cart page/Unit price - 1st product")): Text of object 'Object Repository/OCS-DESKTOP/Cart page/Unit price - 1st product' is: '$10.50'

2019-06-25 17:51:57 - [MESSAGE][PASSED] - Text of object 'Object Repository/OCS-DESKTOP/Cart page/Unit price - 1st product' is: '$10.50'

2019-06-25 17:51:57 - [TEST_STEP][PASSED] - comment(b25): $10.50

2019-06-25 17:51:57 - [MESSAGE][INFO] - $10.50

2019-06-25 17:51:57 - [TEST_STEP][PASSED] - a25 = b25.substring(1): null

2019-06-25 17:51:57 - [TEST_STEP][PASSED] - comment("a25 = " + a25): a25 = 10.50

2019-06-25 17:51:57 - [MESSAGE][INFO] - a25 = 10.50

2019-06-25 17:51:57 - [TEST_STEP][PASSED] - verifyEqual(a4, a25): Actual object '10.50' and expected object '10.50' are equal

2019-06-25 17:51:57 - [MESSAGE][PASSED] - Actual object '10.50' and expected object '10.50' are equal]]></system-out>
         <system-err><![CDATA[]]></system-err>
      </testcase>
      <testcase name="Test Cases/OCS - DESKTOP/OCS- CRITICAL PATH/cart flyout- accessories" classname="Test Cases/OCS - DESKTOP/OCS- CRITICAL PATH/cart flyout- accessories" status="PASSED">
         <system-out><![CDATA[2019-06-25 17:51:57 - [TEST_CASE][PASSED] - Test Cases/OCS - DESKTOP/OCS- CRITICAL PATH/cart flyout- accessories: Test Cases/OCS - DESKTOP/OCS- CRITICAL PATH/cart flyout- accessories

2019-06-25 17:51:57 - [TEST_STEP][PASSED] - callTestCase(findTestCase("OCS - DESKTOP/CALL - PDP"), [:], STOP_ON_FAILURE): Call Test Case 'Test Cases/OCS - DESKTOP/CALL - PDP' successfully

2019-06-25 17:51:57 - [TEST_CASE][PASSED] - Test Cases/OCS - DESKTOP/CALL - PDP: Test Cases/OCS - DESKTOP/CALL - PDP

2019-06-25 17:51:57 - [TEST_STEP][PASSED] - openBrowser(""): Browser is opened with url: ''

2019-06-25 17:51:57 - [MESSAGE][WARNING] - A browser is already opened. Closing browser and opening a new one

2019-06-25 17:51:57 - [MESSAGE][INFO] - Starting 'Chrome' driver

2019-06-25 17:51:58 - [MESSAGE][PASSED] - Browser is opened with url: ''

2019-06-25 17:51:58 - [TEST_STEP][PASSED] - navigateToUrl("https://ocs.ca/?fts=0&preview_theme_id=72920106828"): Navigate to 'https://ocs.ca/?fts=0&preview_theme_id=72920106828' successfully

2019-06-25 17:52:03 - [MESSAGE][PASSED] - Navigate to 'https://ocs.ca/?fts=0&preview_theme_id=72920106828' successfully

2019-06-25 17:52:03 - [TEST_STEP][PASSED] - maximizeWindow(): Current window maximized

2019-06-25 17:52:03 - [MESSAGE][PASSED] - Current window maximized

2019-06-25 17:52:03 - [TEST_STEP][PASSED] - executeJavaScript("var previewBar = document.getElementById("preview-bar-iframe"); previewBar.style.display = "none";", []): Execute JavaScript 'var previewBar = document.getElementById("preview-bar-iframe"); previewBar.style.display = "none";' successfully

2019-06-25 17:52:03 - [MESSAGE][PASSED] - Execute JavaScript 'var previewBar = document.getElementById("preview-bar-iframe"); previewBar.style.display = "none";' successfully

2019-06-25 17:52:03 - [TEST_STEP][PASSED] - delay(4): Delayed 4 second(s)

2019-06-25 17:52:07 - [MESSAGE][PASSED] - Delayed 4 second(s)

2019-06-25 17:52:07 - [TEST_STEP][PASSED] - selectOptionByValue(findTestObject("OCS-DESKTOP/Age gate and Mega menu/Date"), "12", true): All options with value '12' are selected in object 'Object Repository/OCS-DESKTOP/Age gate and Mega menu/Date'  using regular expression

2019-06-25 17:52:08 - [MESSAGE][PASSED] - All options with value '12' are selected in object 'Object Repository/OCS-DESKTOP/Age gate and Mega menu/Date'  using regular expression

2019-06-25 17:52:08 - [TEST_STEP][PASSED] - selectOptionByValue(findTestObject("OCS-DESKTOP/Age gate and Mega menu/month"), "6", true): All options with value '6' are selected in object 'Object Repository/OCS-DESKTOP/Age gate and Mega menu/month'  using regular expression

2019-06-25 17:52:08 - [MESSAGE][PASSED] - All options with value '6' are selected in object 'Object Repository/OCS-DESKTOP/Age gate and Mega menu/month'  using regular expression

2019-06-25 17:52:08 - [TEST_STEP][PASSED] - delay(2): Delayed 2 second(s)

2019-06-25 17:52:10 - [MESSAGE][PASSED] - Delayed 2 second(s)

2019-06-25 17:52:10 - [TEST_STEP][PASSED] - selectOptionByValue(findTestObject("OCS-DESKTOP/Age gate and Mega menu/Year Dropdown"), "1990", true): All options with value '1990' are selected in object 'Object Repository/OCS-DESKTOP/Age gate and Mega menu/Year Dropdown'  using regular expression

2019-06-25 17:52:11 - [MESSAGE][PASSED] - All options with value '1990' are selected in object 'Object Repository/OCS-DESKTOP/Age gate and Mega menu/Year Dropdown'  using regular expression

2019-06-25 17:52:11 - [TEST_STEP][PASSED] - click(findTestObject("OCS-DESKTOP/Age gate and Mega menu/button_Verify")): Object: 'Object Repository/OCS-DESKTOP/Age gate and Mega menu/button_Verify' is clicked on

2019-06-25 17:52:11 - [MESSAGE][PASSED] - Object: 'Object Repository/OCS-DESKTOP/Age gate and Mega menu/button_Verify' is clicked on

2019-06-25 17:52:11 - [TEST_STEP][PASSED] - click(findTestObject("OCS-DESKTOP/Age gate and Mega menu/Checkbox_CONFIRM AND ACKNOWLEDGE")): Object: 'Object Repository/OCS-DESKTOP/Age gate and Mega menu/Checkbox_CONFIRM AND ACKNOWLEDGE' is clicked on

2019-06-25 17:52:11 - [MESSAGE][PASSED] - Object: 'Object Repository/OCS-DESKTOP/Age gate and Mega menu/Checkbox_CONFIRM AND ACKNOWLEDGE' is clicked on

2019-06-25 17:52:11 - [TEST_STEP][PASSED] - click(findTestObject("OCS-DESKTOP/Age gate and Mega menu/button_CONFIRM")): Object: 'Object Repository/OCS-DESKTOP/Age gate and Mega menu/button_CONFIRM' is clicked on

2019-06-25 17:52:11 - [MESSAGE][PASSED] - Object: 'Object Repository/OCS-DESKTOP/Age gate and Mega menu/button_CONFIRM' is clicked on

2019-06-25 17:52:11 - [TEST_STEP][PASSED] - click(findTestObject("OCS-DESKTOP/Age gate and Mega menu/button_Start Browsing")): Object: 'Object Repository/OCS-DESKTOP/Age gate and Mega menu/button_Start Browsing' is clicked on

2019-06-25 17:52:11 - [MESSAGE][PASSED] - Object: 'Object Repository/OCS-DESKTOP/Age gate and Mega menu/button_Start Browsing' is clicked on

2019-06-25 17:52:11 - [TEST_STEP][PASSED] - refresh(): Refresh successfully

2019-06-25 17:52:11 - [MESSAGE][PASSED] - Refresh successfully

2019-06-25 17:52:11 - [TEST_STEP][PASSED] - delay(2): Delayed 2 second(s)

2019-06-25 17:52:13 - [MESSAGE][PASSED] - Delayed 2 second(s)

2019-06-25 17:52:13 - [TEST_STEP][PASSED] - click(findTestObject("OCS-DESKTOP/Age gate and Mega menu/Header/CANNABIS menu - English")): Object: 'Object Repository/OCS-DESKTOP/Age gate and Mega menu/Header/CANNABIS menu - English' is clicked on

2019-06-25 17:52:16 - [MESSAGE][PASSED] - Object: 'Object Repository/OCS-DESKTOP/Age gate and Mega menu/Header/CANNABIS menu - English' is clicked on

2019-06-25 17:52:16 - [TEST_STEP][PASSED] - delay(2): Delayed 2 second(s)

2019-06-25 17:52:18 - [MESSAGE][PASSED] - Delayed 2 second(s)

2019-06-25 17:52:18 - [TEST_STEP][PASSED] - click(findTestObject("OCS-DESKTOP/Age gate and Mega menu/Indica Dominant_Menu item")): Object: 'Object Repository/OCS-DESKTOP/Age gate and Mega menu/Indica Dominant_Menu item' is clicked on

2019-06-25 17:52:20 - [MESSAGE][PASSED] - Object: 'Object Repository/OCS-DESKTOP/Age gate and Mega menu/Indica Dominant_Menu item' is clicked on

2019-06-25 17:52:20 - [TEST_STEP][PASSED] - delay(2): Delayed 2 second(s)

2019-06-25 17:52:22 - [MESSAGE][PASSED] - Delayed 2 second(s)

2019-06-25 17:52:22 - [TEST_STEP][PASSED] - scrollToElement(findTestObject("OCS-DESKTOP/Collection page/Product image - 1st one"), 0): Scroll to object 'Object Repository/OCS-DESKTOP/Collection page/Product image - 1st one' successfully

2019-06-25 17:52:22 - [MESSAGE][WARNING] - Timeout '0' is invalid. Using default page load timeout: '30'

2019-06-25 17:52:22 - [MESSAGE][PASSED] - Scroll to object 'Object Repository/OCS-DESKTOP/Collection page/Product image - 1st one' successfully

2019-06-25 17:52:22 - [TEST_STEP][PASSED] - delay(2): Delayed 2 second(s)

2019-06-25 17:52:24 - [MESSAGE][PASSED] - Delayed 2 second(s)

2019-06-25 17:52:24 - [TEST_STEP][PASSED] - click(findTestObject("OCS-DESKTOP/Collection page/Product image - 1st one")): Object: 'Object Repository/OCS-DESKTOP/Collection page/Product image - 1st one' is clicked on

2019-06-25 17:52:28 - [MESSAGE][PASSED] - Object: 'Object Repository/OCS-DESKTOP/Collection page/Product image - 1st one' is clicked on

2019-06-25 17:52:28 - [TEST_STEP][PASSED] - executeJavaScript("var previewBar = document.getElementById("preview-bar-iframe"); previewBar.style.display = "none";", []): Execute JavaScript 'var previewBar = document.getElementById("preview-bar-iframe"); previewBar.style.display = "none";' successfully

2019-06-25 17:52:28 - [MESSAGE][PASSED] - Execute JavaScript 'var previewBar = document.getElementById("preview-bar-iframe"); previewBar.style.display = "none";' successfully

2019-06-25 17:52:28 - [TEST_STEP][PASSED] - delay(2): Delayed 2 second(s)

2019-06-25 17:52:30 - [MESSAGE][PASSED] - Delayed 2 second(s)

2019-06-25 17:52:30 - [MESSAGE][PASSED] - Call Test Case 'Test Cases/OCS - DESKTOP/CALL - PDP' successfully

2019-06-25 17:52:30 - [TEST_STEP][NOT_RUN] - scrollToElement(findTestObject("OCS-DESKTOP/Product page/Product image"), 1): NOT_RUN: scrollToElement(findTestObject("OCS-DESKTOP/Product page/Product image"), 1)

2019-06-25 17:52:30 - [MESSAGE][NOT_RUN] - NOT_RUN: scrollToElement(findTestObject("OCS-DESKTOP/Product page/Product image"), 1)

2019-06-25 17:52:30 - [TEST_STEP][PASSED] - delay(2): Delayed 2 second(s)

2019-06-25 17:52:32 - [MESSAGE][PASSED] - Delayed 2 second(s)

2019-06-25 17:52:32 - [TEST_STEP][PASSED] - click(findTestObject("OCS-DESKTOP/Product page/Swatch_1g")): Object: 'Object Repository/OCS-DESKTOP/Product page/Swatch_1g' is clicked on

2019-06-25 17:52:32 - [MESSAGE][PASSED] - Object: 'Object Repository/OCS-DESKTOP/Product page/Swatch_1g' is clicked on

2019-06-25 17:52:32 - [TEST_STEP][PASSED] - scrollToElement(findTestObject("OCS-DESKTOP/Product page/Swatch_3.5g"), 1): Scroll to object 'Object Repository/OCS-DESKTOP/Product page/Swatch_3.5g' successfully

2019-06-25 17:52:32 - [MESSAGE][PASSED] - Scroll to object 'Object Repository/OCS-DESKTOP/Product page/Swatch_3.5g' successfully

2019-06-25 17:52:32 - [TEST_STEP][PASSED] - delay(2): Delayed 2 second(s)

2019-06-25 17:52:34 - [MESSAGE][PASSED] - Delayed 2 second(s)

2019-06-25 17:52:34 - [TEST_STEP][PASSED] - click(findTestObject("OCS-DESKTOP/Product page/Add to Bag-button")): Object: 'Object Repository/OCS-DESKTOP/Product page/Add to Bag-button' is clicked on

2019-06-25 17:52:34 - [MESSAGE][PASSED] - Object: 'Object Repository/OCS-DESKTOP/Product page/Add to Bag-button' is clicked on

2019-06-25 17:52:34 - [TEST_STEP][PASSED] - delay(1): Delayed 1 second(s)

2019-06-25 17:52:35 - [MESSAGE][PASSED] - Delayed 1 second(s)

2019-06-25 17:52:35 - [TEST_STEP][NOT_RUN] - click(findTestObject("OCS-DESKTOP/Home - page/Cart icon -bag"), OPTIONAL): NOT_RUN: click(findTestObject("OCS-DESKTOP/Home - page/Cart icon -bag"), OPTIONAL)

2019-06-25 17:52:35 - [MESSAGE][NOT_RUN] - NOT_RUN: click(findTestObject("OCS-DESKTOP/Home - page/Cart icon -bag"), OPTIONAL)

2019-06-25 17:52:35 - [TEST_STEP][PASSED] - delay(2): Delayed 2 second(s)

2019-06-25 17:52:37 - [MESSAGE][PASSED] - Delayed 2 second(s)

2019-06-25 17:52:37 - [TEST_STEP][NOT_RUN] - click(findTestObject("OCS-DESKTOP/Theme preview - Hide bar")): NOT_RUN: click(findTestObject("OCS-DESKTOP/Theme preview - Hide bar"))

2019-06-25 17:52:37 - [MESSAGE][NOT_RUN] - NOT_RUN: click(findTestObject("OCS-DESKTOP/Theme preview - Hide bar"))

2019-06-25 17:52:37 - [TEST_STEP][NOT_RUN] - delay(2): NOT_RUN: delay(2)

2019-06-25 17:52:37 - [MESSAGE][NOT_RUN] - NOT_RUN: delay(2)

2019-06-25 17:52:37 - [TEST_STEP][PASSED] - click(findTestObject("OCS-DESKTOP/Cart flyout/Up Chevron - Accessories you might need")): Object: 'Object Repository/OCS-DESKTOP/Cart flyout/Up Chevron - Accessories you might need' is clicked on

2019-06-25 17:52:37 - [MESSAGE][PASSED] - Object: 'Object Repository/OCS-DESKTOP/Cart flyout/Up Chevron - Accessories you might need' is clicked on

2019-06-25 17:52:37 - [TEST_STEP][PASSED] - takeScreenshot(): Taking screenshot successfully

2019-06-25 17:52:38 - [MESSAGE][PASSED] - Taking screenshot successfully
[[ATTACHMENT|/Users/sumankompelly/Relative xpath-Desktop/Reports/OCS - 1.10.2.1/20190625_174612/1561499557400.png]]

2019-06-25 17:52:38 - [TEST_STEP][PASSED] - delay(4): Delayed 4 second(s)

2019-06-25 17:52:42 - [MESSAGE][PASSED] - Delayed 4 second(s)

2019-06-25 17:52:42 - [TEST_STEP][PASSED] - click(findTestObject("OCS-DESKTOP/Cart flyout/Down Chevron - Accessories you might need")): Object: 'Object Repository/OCS-DESKTOP/Cart flyout/Down Chevron - Accessories you might need' is clicked on

2019-06-25 17:52:42 - [MESSAGE][PASSED] - Object: 'Object Repository/OCS-DESKTOP/Cart flyout/Down Chevron - Accessories you might need' is clicked on]]></system-out>
         <system-err><![CDATA[]]></system-err>
      </testcase>
      <testcase name="Test Cases/OCS - DESKTOP/OCS- CRITICAL PATH/Cart flyout-price comparison" classname="Test Cases/OCS - DESKTOP/OCS- CRITICAL PATH/Cart flyout-price comparison" status="FAILED">
         <failure type="FAILED" message="Test Cases/OCS - DESKTOP/OCS- CRITICAL PATH/Cart flyout-price comparison FAILED.
Reason:
com.kms.katalon.core.exception.StepFailedException: Unable to verify text 'Payment' is present  (Root cause: com.kms.katalon.core.exception.StepFailedException: Text 'Payment' is not present on page )
	at com.kms.katalon.core.keyword.internal.KeywordMain.stepFailed(KeywordMain.groovy:36)
	at com.kms.katalon.core.webui.keyword.internal.WebUIKeywordMain.stepFailed(WebUIKeywordMain.groovy:65)
	at com.kms.katalon.core.webui.keyword.internal.WebUIKeywordMain.runKeyword(WebUIKeywordMain.groovy:27)
	at com.kms.katalon.core.webui.keyword.builtin.VerifyTextPresentKeyword.verifyTextPresent(VerifyTextPresentKeyword.groovy:83)
	at com.kms.katalon.core.webui.keyword.builtin.VerifyTextPresentKeyword.execute(VerifyTextPresentKeyword.groovy:68)
	at com.kms.katalon.core.keyword.internal.KeywordExecutor.executeKeywordForPlatform(KeywordExecutor.groovy:53)
	at com.kms.katalon.core.webui.keyword.WebUiBuiltInKeywords.verifyTextPresent(WebUiBuiltInKeywords.groovy:1693)
	at com.kms.katalon.core.webui.keyword.WebUiBuiltInKeywords$verifyTextPresent$15.call(Unknown Source)
	at Cart flyout-price comparison.run(Cart flyout-price comparison:223)
	at com.kms.katalon.core.main.ScriptEngine.run(ScriptEngine.java:194)
	at com.kms.katalon.core.main.ScriptEngine.runScriptAsRawText(ScriptEngine.java:119)
	at com.kms.katalon.core.main.TestCaseExecutor.runScript(TestCaseExecutor.java:328)
	at com.kms.katalon.core.main.TestCaseExecutor.doExecute(TestCaseExecutor.java:319)
	at com.kms.katalon.core.main.TestCaseExecutor.processExecutionPhase(TestCaseExecutor.java:298)
	at com.kms.katalon.core.main.TestCaseExecutor.accessMainPhase(TestCaseExecutor.java:290)
	at com.kms.katalon.core.main.TestCaseExecutor.execute(TestCaseExecutor.java:224)
	at com.kms.katalon.core.main.TestSuiteExecutor.accessTestCaseMainPhase(TestSuiteExecutor.java:129)
	at com.kms.katalon.core.main.TestSuiteExecutor.accessTestSuiteMainPhase(TestSuiteExecutor.java:112)
	at com.kms.katalon.core.main.TestSuiteExecutor.execute(TestSuiteExecutor.java:81)
	at com.kms.katalon.core.main.TestCaseMain.startTestSuite(TestCaseMain.java:149)
	at com.kms.katalon.core.main.TestCaseMain$startTestSuite$0.call(Unknown Source)
	at TempTestSuite1561499172132.run(TempTestSuite1561499172132.groovy:36)
"/>
         <system-out><![CDATA[2019-06-25 17:52:42 - [TEST_CASE][FAILED] - Test Cases/OCS - DESKTOP/OCS- CRITICAL PATH/Cart flyout-price comparison: Test Cases/OCS - DESKTOP/OCS- CRITICAL PATH/Cart flyout-price comparison FAILED.
Reason:
com.kms.katalon.core.exception.StepFailedException: Unable to verify text 'Payment' is present  (Root cause: com.kms.katalon.core.exception.StepFailedException: Text 'Payment' is not present on page )
	at com.kms.katalon.core.keyword.internal.KeywordMain.stepFailed(KeywordMain.groovy:36)
	at com.kms.katalon.core.webui.keyword.internal.WebUIKeywordMain.stepFailed(WebUIKeywordMain.groovy:65)
	at com.kms.katalon.core.webui.keyword.internal.WebUIKeywordMain.runKeyword(WebUIKeywordMain.groovy:27)
	at com.kms.katalon.core.webui.keyword.builtin.VerifyTextPresentKeyword.verifyTextPresent(VerifyTextPresentKeyword.groovy:83)
	at com.kms.katalon.core.webui.keyword.builtin.VerifyTextPresentKeyword.execute(VerifyTextPresentKeyword.groovy:68)
	at com.kms.katalon.core.keyword.internal.KeywordExecutor.executeKeywordForPlatform(KeywordExecutor.groovy:53)
	at com.kms.katalon.core.webui.keyword.WebUiBuiltInKeywords.verifyTextPresent(WebUiBuiltInKeywords.groovy:1693)
	at com.kms.katalon.core.webui.keyword.WebUiBuiltInKeywords$verifyTextPresent$15.call(Unknown Source)
	at Cart flyout-price comparison.run(Cart flyout-price comparison:223)
	at com.kms.katalon.core.main.ScriptEngine.run(ScriptEngine.java:194)
	at com.kms.katalon.core.main.ScriptEngine.runScriptAsRawText(ScriptEngine.java:119)
	at com.kms.katalon.core.main.TestCaseExecutor.runScript(TestCaseExecutor.java:328)
	at com.kms.katalon.core.main.TestCaseExecutor.doExecute(TestCaseExecutor.java:319)
	at com.kms.katalon.core.main.TestCaseExecutor.processExecutionPhase(TestCaseExecutor.java:298)
	at com.kms.katalon.core.main.TestCaseExecutor.accessMainPhase(TestCaseExecutor.java:290)
	at com.kms.katalon.core.main.TestCaseExecutor.execute(TestCaseExecutor.java:224)
	at com.kms.katalon.core.main.TestSuiteExecutor.accessTestCaseMainPhase(TestSuiteExecutor.java:129)
	at com.kms.katalon.core.main.TestSuiteExecutor.accessTestSuiteMainPhase(TestSuiteExecutor.java:112)
	at com.kms.katalon.core.main.TestSuiteExecutor.execute(TestSuiteExecutor.java:81)
	at com.kms.katalon.core.main.TestCaseMain.startTestSuite(TestCaseMain.java:149)
	at com.kms.katalon.core.main.TestCaseMain$startTestSuite$0.call(Unknown Source)
	at TempTestSuite1561499172132.run(TempTestSuite1561499172132.groovy:36)


2019-06-25 17:52:42 - [TEST_STEP][PASSED] - callTestCase(findTestCase("OCS - DESKTOP/CALL - Navigate to PDP"), [:], STOP_ON_FAILURE): Call Test Case 'Test Cases/OCS - DESKTOP/CALL - Navigate to PDP' successfully

2019-06-25 17:52:42 - [TEST_CASE][PASSED] - Test Cases/OCS - DESKTOP/CALL - Navigate to PDP: Test Cases/OCS - DESKTOP/CALL - Navigate to PDP

2019-06-25 17:52:42 - [TEST_STEP][PASSED] - openBrowser(""): Browser is opened with url: ''

2019-06-25 17:52:42 - [MESSAGE][WARNING] - A browser is already opened. Closing browser and opening a new one

2019-06-25 17:52:42 - [MESSAGE][INFO] - Starting 'Chrome' driver

2019-06-25 17:52:43 - [MESSAGE][PASSED] - Browser is opened with url: ''

2019-06-25 17:52:43 - [TEST_STEP][PASSED] - maximizeWindow(): Current window maximized

2019-06-25 17:52:44 - [MESSAGE][PASSED] - Current window maximized

2019-06-25 17:52:44 - [TEST_STEP][PASSED] - navigateToUrl("https://ocs.ca/?fts=0&preview_theme_id=72920106828"): Navigate to 'https://ocs.ca/?fts=0&preview_theme_id=72920106828' successfully

2019-06-25 17:52:49 - [MESSAGE][PASSED] - Navigate to 'https://ocs.ca/?fts=0&preview_theme_id=72920106828' successfully

2019-06-25 17:52:49 - [TEST_STEP][PASSED] - executeJavaScript("var previewBar = document.getElementById("preview-bar-iframe"); previewBar.style.display = "none";", []): Execute JavaScript 'var previewBar = document.getElementById("preview-bar-iframe"); previewBar.style.display = "none";' successfully

2019-06-25 17:52:49 - [MESSAGE][PASSED] - Execute JavaScript 'var previewBar = document.getElementById("preview-bar-iframe"); previewBar.style.display = "none";' successfully

2019-06-25 17:52:49 - [TEST_STEP][PASSED] - delay(4): Delayed 4 second(s)

2019-06-25 17:52:53 - [MESSAGE][PASSED] - Delayed 4 second(s)

2019-06-25 17:52:53 - [TEST_STEP][PASSED] - selectOptionByValue(findTestObject("OCS-DESKTOP/Age gate and Mega menu/Date"), "12", true): All options with value '12' are selected in object 'Object Repository/OCS-DESKTOP/Age gate and Mega menu/Date'  using regular expression

2019-06-25 17:52:53 - [MESSAGE][PASSED] - All options with value '12' are selected in object 'Object Repository/OCS-DESKTOP/Age gate and Mega menu/Date'  using regular expression

2019-06-25 17:52:53 - [TEST_STEP][PASSED] - selectOptionByValue(findTestObject("OCS-DESKTOP/Age gate and Mega menu/month"), "6", true): All options with value '6' are selected in object 'Object Repository/OCS-DESKTOP/Age gate and Mega menu/month'  using regular expression

2019-06-25 17:52:53 - [MESSAGE][PASSED] - All options with value '6' are selected in object 'Object Repository/OCS-DESKTOP/Age gate and Mega menu/month'  using regular expression

2019-06-25 17:52:53 - [TEST_STEP][PASSED] - delay(2): Delayed 2 second(s)

2019-06-25 17:52:55 - [MESSAGE][PASSED] - Delayed 2 second(s)

2019-06-25 17:52:55 - [TEST_STEP][PASSED] - selectOptionByValue(findTestObject("OCS-DESKTOP/Age gate and Mega menu/Year Dropdown"), "1990", true): All options with value '1990' are selected in object 'Object Repository/OCS-DESKTOP/Age gate and Mega menu/Year Dropdown'  using regular expression

2019-06-25 17:52:56 - [MESSAGE][PASSED] - All options with value '1990' are selected in object 'Object Repository/OCS-DESKTOP/Age gate and Mega menu/Year Dropdown'  using regular expression

2019-06-25 17:52:56 - [TEST_STEP][PASSED] - click(findTestObject("OCS-DESKTOP/Age gate and Mega menu/button_Verify")): Object: 'Object Repository/OCS-DESKTOP/Age gate and Mega menu/button_Verify' is clicked on

2019-06-25 17:52:56 - [MESSAGE][PASSED] - Object: 'Object Repository/OCS-DESKTOP/Age gate and Mega menu/button_Verify' is clicked on

2019-06-25 17:52:56 - [TEST_STEP][PASSED] - click(findTestObject("OCS-DESKTOP/Age gate and Mega menu/Checkbox_CONFIRM AND ACKNOWLEDGE")): Object: 'Object Repository/OCS-DESKTOP/Age gate and Mega menu/Checkbox_CONFIRM AND ACKNOWLEDGE' is clicked on

2019-06-25 17:52:56 - [MESSAGE][PASSED] - Object: 'Object Repository/OCS-DESKTOP/Age gate and Mega menu/Checkbox_CONFIRM AND ACKNOWLEDGE' is clicked on

2019-06-25 17:52:56 - [TEST_STEP][PASSED] - click(findTestObject("OCS-DESKTOP/Age gate and Mega menu/button_CONFIRM")): Object: 'Object Repository/OCS-DESKTOP/Age gate and Mega menu/button_CONFIRM' is clicked on

2019-06-25 17:52:56 - [MESSAGE][PASSED] - Object: 'Object Repository/OCS-DESKTOP/Age gate and Mega menu/button_CONFIRM' is clicked on

2019-06-25 17:52:56 - [TEST_STEP][PASSED] - click(findTestObject("OCS-DESKTOP/Age gate and Mega menu/button_Start Browsing")): Object: 'Object Repository/OCS-DESKTOP/Age gate and Mega menu/button_Start Browsing' is clicked on

2019-06-25 17:52:56 - [MESSAGE][PASSED] - Object: 'Object Repository/OCS-DESKTOP/Age gate and Mega menu/button_Start Browsing' is clicked on

2019-06-25 17:52:56 - [TEST_STEP][PASSED] - delay(2): Delayed 2 second(s)

2019-06-25 17:52:58 - [MESSAGE][PASSED] - Delayed 2 second(s)

2019-06-25 17:52:58 - [TEST_STEP][PASSED] - navigateToUrl("https://ocs.ca/products/la-confidential"): Navigate to 'https://ocs.ca/products/la-confidential' successfully

2019-06-25 17:53:03 - [MESSAGE][PASSED] - Navigate to 'https://ocs.ca/products/la-confidential' successfully

2019-06-25 17:53:03 - [TEST_STEP][PASSED] - executeJavaScript("var previewBar = document.getElementById("preview-bar-iframe"); previewBar.style.display = "none";", []): Execute JavaScript 'var previewBar = document.getElementById("preview-bar-iframe"); previewBar.style.display = "none";' successfully

2019-06-25 17:53:03 - [MESSAGE][PASSED] - Execute JavaScript 'var previewBar = document.getElementById("preview-bar-iframe"); previewBar.style.display = "none";' successfully

2019-06-25 17:53:03 - [MESSAGE][PASSED] - Call Test Case 'Test Cases/OCS - DESKTOP/CALL - Navigate to PDP' successfully

2019-06-25 17:53:03 - [TEST_STEP][NOT_RUN] - scrollToElement(findTestObject("OCS-DESKTOP/Product page/Product image"), 1): NOT_RUN: scrollToElement(findTestObject("OCS-DESKTOP/Product page/Product image"), 1)

2019-06-25 17:53:03 - [MESSAGE][NOT_RUN] - NOT_RUN: scrollToElement(findTestObject("OCS-DESKTOP/Product page/Product image"), 1)

2019-06-25 17:53:03 - [TEST_STEP][PASSED] - delay(2): Delayed 2 second(s)

2019-06-25 17:53:05 - [MESSAGE][PASSED] - Delayed 2 second(s)

2019-06-25 17:53:05 - [TEST_STEP][NOT_RUN] - flag = verifyElementPresent(findTestObject("OCS-DESKTOP/Product page/Swatch_3.5g"), 0): NOT_RUN: flag = verifyElementPresent(findTestObject("OCS-DESKTOP/Product page/Swatch_3.5g"), 0)

2019-06-25 17:53:05 - [MESSAGE][NOT_RUN] - NOT_RUN: flag = verifyElementPresent(findTestObject("OCS-DESKTOP/Product page/Swatch_3.5g"), 0)

2019-06-25 17:53:05 - [TEST_STEP][NOT_RUN] - comment(" flag=" + flag): NOT_RUN: comment(" flag=" + flag)

2019-06-25 17:53:05 - [MESSAGE][NOT_RUN] - NOT_RUN: comment(" flag=" + flag)

2019-06-25 17:53:05 - [TEST_STEP][PASSED] - takeScreenshot(): Taking screenshot successfully

2019-06-25 17:53:05 - [MESSAGE][PASSED] - Taking screenshot successfully
[[ATTACHMENT|/Users/sumankompelly/Relative xpath-Desktop/Reports/OCS - 1.10.2.1/20190625_174612/1561499585349.png]]

2019-06-25 17:53:05 - [TEST_STEP][NOT_RUN] - scrollToElement(findTestObject("OCS-DESKTOP/Product page/Swatch_3.5g"), 1): NOT_RUN: scrollToElement(findTestObject("OCS-DESKTOP/Product page/Swatch_3.5g"), 1)

2019-06-25 17:53:05 - [MESSAGE][NOT_RUN] - NOT_RUN: scrollToElement(findTestObject("OCS-DESKTOP/Product page/Swatch_3.5g"), 1)

2019-06-25 17:53:05 - [TEST_STEP][PASSED] - click(findTestObject("OCS-DESKTOP/Product page/Swatch_1g"), CONTINUE_ON_FAILURE): Object: 'Object Repository/OCS-DESKTOP/Product page/Swatch_1g' is clicked on

2019-06-25 17:53:06 - [MESSAGE][PASSED] - Object: 'Object Repository/OCS-DESKTOP/Product page/Swatch_1g' is clicked on

2019-06-25 17:53:06 - [TEST_STEP][NOT_RUN] - delay(2): NOT_RUN: delay(2)

2019-06-25 17:53:06 - [MESSAGE][NOT_RUN] - NOT_RUN: delay(2)

2019-06-25 17:53:06 - [TEST_STEP][NOT_RUN] - click(findTestObject("OCS-DESKTOP/Theme preview - Hide bar"), OPTIONAL): NOT_RUN: click(findTestObject("OCS-DESKTOP/Theme preview - Hide bar"), OPTIONAL)

2019-06-25 17:53:06 - [MESSAGE][NOT_RUN] - NOT_RUN: click(findTestObject("OCS-DESKTOP/Theme preview - Hide bar"), OPTIONAL)

2019-06-25 17:53:06 - [TEST_STEP][PASSED] - delay(2, OPTIONAL): Delayed 2 second(s)

2019-06-25 17:53:08 - [MESSAGE][PASSED] - Delayed 2 second(s)

2019-06-25 17:53:08 - [TEST_STEP][PASSED] - click(findTestObject("OCS-DESKTOP/Product page/Add to Bag-button")): Object: 'Object Repository/OCS-DESKTOP/Product page/Add to Bag-button' is clicked on

2019-06-25 17:53:08 - [MESSAGE][PASSED] - Object: 'Object Repository/OCS-DESKTOP/Product page/Add to Bag-button' is clicked on

2019-06-25 17:53:08 - [TEST_STEP][PASSED] - delay(1): Delayed 1 second(s)

2019-06-25 17:53:09 - [MESSAGE][PASSED] - Delayed 1 second(s)

2019-06-25 17:53:09 - [TEST_STEP][PASSED] - click(findTestObject("OCS-DESKTOP/Cart flyout/Back icon")): Object: 'Object Repository/OCS-DESKTOP/Cart flyout/Back icon' is clicked on

2019-06-25 17:53:09 - [MESSAGE][PASSED] - Object: 'Object Repository/OCS-DESKTOP/Cart flyout/Back icon' is clicked on

2019-06-25 17:53:09 - [TEST_STEP][PASSED] - delay(2): Delayed 2 second(s)

2019-06-25 17:53:11 - [MESSAGE][PASSED] - Delayed 2 second(s)

2019-06-25 17:53:11 - [TEST_STEP][NOT_RUN] - click(findTestObject("OCS-DESKTOP/Age gate and Mega menu/Header/CANNABIS menu - English")): NOT_RUN: click(findTestObject("OCS-DESKTOP/Age gate and Mega menu/Header/CANNABIS menu - English"))

2019-06-25 17:53:11 - [MESSAGE][NOT_RUN] - NOT_RUN: click(findTestObject("OCS-DESKTOP/Age gate and Mega menu/Header/CANNABIS menu - English"))

2019-06-25 17:53:11 - [TEST_STEP][NOT_RUN] - delay(2): NOT_RUN: delay(2)

2019-06-25 17:53:11 - [MESSAGE][NOT_RUN] - NOT_RUN: delay(2)

2019-06-25 17:53:11 - [TEST_STEP][NOT_RUN] - click(findTestObject("OCS-DESKTOP/Age gate and Mega menu/Chevron_Cannabis")): NOT_RUN: click(findTestObject("OCS-DESKTOP/Age gate and Mega menu/Chevron_Cannabis"))

2019-06-25 17:53:11 - [MESSAGE][NOT_RUN] - NOT_RUN: click(findTestObject("OCS-DESKTOP/Age gate and Mega menu/Chevron_Cannabis"))

2019-06-25 17:53:11 - [TEST_STEP][NOT_RUN] - delay(2): NOT_RUN: delay(2)

2019-06-25 17:53:11 - [MESSAGE][NOT_RUN] - NOT_RUN: delay(2)

2019-06-25 17:53:11 - [TEST_STEP][NOT_RUN] - click(findTestObject("OCS-DESKTOP/Age gate and Mega menu/Dried Flower_Plus icon")): NOT_RUN: click(findTestObject("OCS-DESKTOP/Age gate and Mega menu/Dried Flower_Plus icon"))

2019-06-25 17:53:11 - [MESSAGE][NOT_RUN] - NOT_RUN: click(findTestObject("OCS-DESKTOP/Age gate and Mega menu/Dried Flower_Plus icon"))

2019-06-25 17:53:11 - [TEST_STEP][NOT_RUN] - delay(2): NOT_RUN: delay(2)

2019-06-25 17:53:11 - [MESSAGE][NOT_RUN] - NOT_RUN: delay(2)

2019-06-25 17:53:11 - [TEST_STEP][NOT_RUN] - click(findTestObject("OCS-DESKTOP/Age gate and Mega menu/Indica Dominant_Menu item")): NOT_RUN: click(findTestObject("OCS-DESKTOP/Age gate and Mega menu/Indica Dominant_Menu item"))

2019-06-25 17:53:11 - [MESSAGE][NOT_RUN] - NOT_RUN: click(findTestObject("OCS-DESKTOP/Age gate and Mega menu/Indica Dominant_Menu item"))

2019-06-25 17:53:11 - [TEST_STEP][NOT_RUN] - click(findTestObject("OCS-DESKTOP/Collection page/Product image - 2nd one")): NOT_RUN: click(findTestObject("OCS-DESKTOP/Collection page/Product image - 2nd one"))

2019-06-25 17:53:11 - [MESSAGE][NOT_RUN] - NOT_RUN: click(findTestObject("OCS-DESKTOP/Collection page/Product image - 2nd one"))

2019-06-25 17:53:11 - [TEST_STEP][PASSED] - delay(2): Delayed 2 second(s)

2019-06-25 17:53:13 - [MESSAGE][PASSED] - Delayed 2 second(s)

2019-06-25 17:53:13 - [TEST_STEP][NOT_RUN] - navigateToUrl("https://ocs.ca/products/la-confidential"): NOT_RUN: navigateToUrl("https://ocs.ca/products/la-confidential")

2019-06-25 17:53:13 - [MESSAGE][NOT_RUN] - NOT_RUN: navigateToUrl("https://ocs.ca/products/la-confidential")

2019-06-25 17:53:13 - [TEST_STEP][PASSED] - delay(2): Delayed 2 second(s)

2019-06-25 17:53:15 - [MESSAGE][PASSED] - Delayed 2 second(s)

2019-06-25 17:53:15 - [TEST_STEP][PASSED] - takeScreenshot(): Taking screenshot successfully

2019-06-25 17:53:15 - [MESSAGE][PASSED] - Taking screenshot successfully
[[ATTACHMENT|/Users/sumankompelly/Relative xpath-Desktop/Reports/OCS - 1.10.2.1/20190625_174612/1561499595250.png]]

2019-06-25 17:53:15 - [TEST_STEP][PASSED] - delay(2): Delayed 2 second(s)

2019-06-25 17:53:17 - [MESSAGE][PASSED] - Delayed 2 second(s)

2019-06-25 17:53:17 - [TEST_STEP][PASSED] - click(findTestObject("OCS-DESKTOP/Product page/Swatch_3.5g")): Object: 'Object Repository/OCS-DESKTOP/Product page/Swatch_3.5g' is clicked on

2019-06-25 17:53:18 - [MESSAGE][PASSED] - Object: 'Object Repository/OCS-DESKTOP/Product page/Swatch_3.5g' is clicked on

2019-06-25 17:53:18 - [TEST_STEP][PASSED] - delay(2): Delayed 2 second(s)

2019-06-25 17:53:20 - [MESSAGE][PASSED] - Delayed 2 second(s)

2019-06-25 17:53:20 - [TEST_STEP][PASSED] - click(findTestObject("OCS-DESKTOP/Product page/Add to Bag-button")): Object: 'Object Repository/OCS-DESKTOP/Product page/Add to Bag-button' is clicked on

2019-06-25 17:53:20 - [MESSAGE][PASSED] - Object: 'Object Repository/OCS-DESKTOP/Product page/Add to Bag-button' is clicked on

2019-06-25 17:53:20 - [TEST_STEP][PASSED] - delay(1): Delayed 1 second(s)

2019-06-25 17:53:21 - [MESSAGE][PASSED] - Delayed 1 second(s)

2019-06-25 17:53:21 - [TEST_STEP][NOT_RUN] - click(findTestObject("OCS-DESKTOP/Home - page/Cart icon -bag"), OPTIONAL): NOT_RUN: click(findTestObject("OCS-DESKTOP/Home - page/Cart icon -bag"), OPTIONAL)

2019-06-25 17:53:21 - [MESSAGE][NOT_RUN] - NOT_RUN: click(findTestObject("OCS-DESKTOP/Home - page/Cart icon -bag"), OPTIONAL)

2019-06-25 17:53:21 - [TEST_STEP][NOT_RUN] - delay(2): NOT_RUN: delay(2)

2019-06-25 17:53:21 - [MESSAGE][NOT_RUN] - NOT_RUN: delay(2)

2019-06-25 17:53:21 - [TEST_STEP][NOT_RUN] - click(findTestObject("OCS-DESKTOP/Theme preview - Hide bar")): NOT_RUN: click(findTestObject("OCS-DESKTOP/Theme preview - Hide bar"))

2019-06-25 17:53:21 - [MESSAGE][NOT_RUN] - NOT_RUN: click(findTestObject("OCS-DESKTOP/Theme preview - Hide bar"))

2019-06-25 17:53:21 - [TEST_STEP][PASSED] - a = getText(findTestObject("OCS-DESKTOP/Cart flyout/Unit price - 1st Product")): Text of object 'Object Repository/OCS-DESKTOP/Cart flyout/Unit price - 1st Product' is: '$35.00'

2019-06-25 17:53:21 - [MESSAGE][PASSED] - Text of object 'Object Repository/OCS-DESKTOP/Cart flyout/Unit price - 1st Product' is: '$35.00'

2019-06-25 17:53:21 - [TEST_STEP][PASSED] - delay(2): Delayed 2 second(s)

2019-06-25 17:53:23 - [MESSAGE][PASSED] - Delayed 2 second(s)

2019-06-25 17:53:23 - [TEST_STEP][PASSED] - comment("a=" + a): a=$35.00

2019-06-25 17:53:23 - [MESSAGE][INFO] - a=$35.00

2019-06-25 17:53:23 - [TEST_STEP][PASSED] - without = a.substring(1): null

2019-06-25 17:53:23 - [TEST_STEP][PASSED] - comment("without = " + without): without = 35.00

2019-06-25 17:53:23 - [MESSAGE][INFO] - without = 35.00

2019-06-25 17:53:23 - [TEST_STEP][PASSED] - last = without.substring(0, without.length() - 1): null

2019-06-25 17:53:23 - [TEST_STEP][PASSED] - comment("last=" + last): last=35.0

2019-06-25 17:53:23 - [MESSAGE][INFO] - last=35.0

2019-06-25 17:53:23 - [TEST_STEP][PASSED] - delay(2): Delayed 2 second(s)

2019-06-25 17:53:25 - [MESSAGE][PASSED] - Delayed 2 second(s)

2019-06-25 17:53:25 - [TEST_STEP][PASSED] - k = getText(findTestObject("OCS-DESKTOP/Cart flyout/Unit price - 2nd Product")): Text of object 'Object Repository/OCS-DESKTOP/Cart flyout/Unit price - 2nd Product' is: '$10.50'

2019-06-25 17:53:25 - [MESSAGE][PASSED] - Text of object 'Object Repository/OCS-DESKTOP/Cart flyout/Unit price - 2nd Product' is: '$10.50'

2019-06-25 17:53:25 - [TEST_STEP][PASSED] - delay(2): Delayed 2 second(s)

2019-06-25 17:53:27 - [MESSAGE][PASSED] - Delayed 2 second(s)

2019-06-25 17:53:27 - [TEST_STEP][PASSED] - comment("k=" + k): k=$10.50

2019-06-25 17:53:27 - [MESSAGE][INFO] - k=$10.50

2019-06-25 17:53:27 - [TEST_STEP][PASSED] - without1 = k.substring(1): null

2019-06-25 17:53:27 - [TEST_STEP][PASSED] - comment("without1 = " + without1): without1 = 10.50

2019-06-25 17:53:27 - [MESSAGE][INFO] - without1 = 10.50

2019-06-25 17:53:27 - [TEST_STEP][PASSED] - p1 = <not implemented yet for class: org.codehaus.groovy.ast.expr.EmptyExpression>: null

2019-06-25 17:53:27 - [TEST_STEP][PASSED] - p2 = <not implemented yet for class: org.codehaus.groovy.ast.expr.EmptyExpression>: null

2019-06-25 17:53:27 - [TEST_STEP][PASSED] - try: p1=35.0

2019-06-25 17:53:27 - [TEST_STEP][PASSED] - str = last: null

2019-06-25 17:53:27 - [TEST_STEP][PASSED] - comment("str=" + str): str=35.0

2019-06-25 17:53:27 - [MESSAGE][INFO] - str=35.0

2019-06-25 17:53:27 - [TEST_STEP][PASSED] - p1 = Double.valueOf(str): null

2019-06-25 17:53:27 - [TEST_STEP][PASSED] - comment("p1=" + p1): p1=35.0

2019-06-25 17:53:27 - [MESSAGE][INFO] - p1=35.0

2019-06-25 17:53:27 - [TEST_STEP][PASSED] - try: p2=10.5

2019-06-25 17:53:27 - [TEST_STEP][PASSED] - str5 = without1: null

2019-06-25 17:53:27 - [TEST_STEP][PASSED] - comment("str5=" + str5): str5=10.50

2019-06-25 17:53:27 - [MESSAGE][INFO] - str5=10.50

2019-06-25 17:53:27 - [TEST_STEP][PASSED] - p2 = Double.valueOf(str5): null

2019-06-25 17:53:27 - [TEST_STEP][PASSED] - comment("p2=" + p2): p2=10.5

2019-06-25 17:53:27 - [MESSAGE][INFO] - p2=10.5

2019-06-25 17:53:27 - [TEST_STEP][PASSED] - total = p1 + p2: null

2019-06-25 17:53:27 - [TEST_STEP][PASSED] - comment("total =" + total): total =45.5

2019-06-25 17:53:27 - [MESSAGE][INFO] - total =45.5

2019-06-25 17:53:27 - [TEST_STEP][PASSED] - amount = getText(findTestObject("OCS-DESKTOP/Cart flyout/Sub-total Price")): Text of object 'Object Repository/OCS-DESKTOP/Cart flyout/Sub-total Price' is: '$45.50'

2019-06-25 17:53:27 - [MESSAGE][PASSED] - Text of object 'Object Repository/OCS-DESKTOP/Cart flyout/Sub-total Price' is: '$45.50'

2019-06-25 17:53:27 - [TEST_STEP][PASSED] - delay(2): Delayed 2 second(s)

2019-06-25 17:53:29 - [MESSAGE][PASSED] - Delayed 2 second(s)

2019-06-25 17:53:29 - [TEST_STEP][PASSED] - comment("amount =" + amount): amount =$45.50

2019-06-25 17:53:29 - [MESSAGE][INFO] - amount =$45.50

2019-06-25 17:53:29 - [TEST_STEP][PASSED] - soustotal = amount.substring(1): null

2019-06-25 17:53:29 - [TEST_STEP][PASSED] - comment("soustotal= " + soustotal): soustotal= 45.50

2019-06-25 17:53:29 - [MESSAGE][INFO] - soustotal= 45.50

2019-06-25 17:53:29 - [TEST_STEP][PASSED] - p = <not implemented yet for class: org.codehaus.groovy.ast.expr.EmptyExpression>: null

2019-06-25 17:53:29 - [TEST_STEP][PASSED] - try: p=45.5

2019-06-25 17:53:29 - [TEST_STEP][PASSED] - finalprice = soustotal: null

2019-06-25 17:53:29 - [TEST_STEP][PASSED] - comment("finalprice=" + finalprice): finalprice=45.50

2019-06-25 17:53:29 - [MESSAGE][INFO] - finalprice=45.50

2019-06-25 17:53:29 - [TEST_STEP][PASSED] - p = Double.valueOf(finalprice): null

2019-06-25 17:53:29 - [TEST_STEP][PASSED] - comment("p=" + p): p=45.5

2019-06-25 17:53:29 - [MESSAGE][INFO] - p=45.5

2019-06-25 17:53:29 - [TEST_STEP][PASSED] - finalprice = soustotal: null

2019-06-25 17:53:29 - [TEST_STEP][PASSED] - comment("finalprice=" + finalprice): finalprice=45.50

2019-06-25 17:53:29 - [MESSAGE][INFO] - finalprice=45.50

2019-06-25 17:53:29 - [TEST_STEP][PASSED] - p = Double.valueOf(finalprice): null

2019-06-25 17:53:29 - [TEST_STEP][PASSED] - comment("p=" + p): p=45.5

2019-06-25 17:53:29 - [MESSAGE][INFO] - p=45.5

2019-06-25 17:53:29 - [TEST_STEP][PASSED] - verifyEqual(total, p): Actual object '45.5' and expected object '45.5' are equal

2019-06-25 17:53:29 - [MESSAGE][PASSED] - Actual object '45.5' and expected object '45.5' are equal

2019-06-25 17:53:29 - [TEST_STEP][PASSED] - comment("cart items price equal"): cart items price equal

2019-06-25 17:53:29 - [MESSAGE][INFO] - cart items price equal

2019-06-25 17:53:29 - [TEST_STEP][PASSED] - click(findTestObject("OCS-DESKTOP/Cart flyout/Checkbox_I confirm that")): Object: 'Object Repository/OCS-DESKTOP/Cart flyout/Checkbox_I confirm that' is clicked on

2019-06-25 17:53:29 - [MESSAGE][PASSED] - Object: 'Object Repository/OCS-DESKTOP/Cart flyout/Checkbox_I confirm that' is clicked on

2019-06-25 17:53:29 - [TEST_STEP][PASSED] - click(findTestObject("OCS-DESKTOP/Cart flyout/Checkbox_Accept the Terms Condition")): Object: 'Object Repository/OCS-DESKTOP/Cart flyout/Checkbox_Accept the Terms Condition' is clicked on

2019-06-25 17:53:29 - [MESSAGE][PASSED] - Object: 'Object Repository/OCS-DESKTOP/Cart flyout/Checkbox_Accept the Terms Condition' is clicked on

2019-06-25 17:53:29 - [TEST_STEP][PASSED] - delay(2): Delayed 2 second(s)

2019-06-25 17:53:31 - [MESSAGE][PASSED] - Delayed 2 second(s)

2019-06-25 17:53:31 - [TEST_STEP][PASSED] - click(findTestObject("OCS-DESKTOP/Cart flyout/Checkout - Button")): Object: 'Object Repository/OCS-DESKTOP/Cart flyout/Checkout - Button' is clicked on

2019-06-25 17:53:33 - [MESSAGE][PASSED] - Object: 'Object Repository/OCS-DESKTOP/Cart flyout/Checkout - Button' is clicked on

2019-06-25 17:53:33 - [TEST_STEP][PASSED] - scrollToElement(findTestObject("OCS-DESKTOP/Customer info page/input_Email"), 0): Scroll to object 'Object Repository/OCS-DESKTOP/Customer info page/input_Email' successfully

2019-06-25 17:53:33 - [MESSAGE][WARNING] - Timeout '0' is invalid. Using default page load timeout: '30'

2019-06-25 17:53:33 - [MESSAGE][PASSED] - Scroll to object 'Object Repository/OCS-DESKTOP/Customer info page/input_Email' successfully

2019-06-25 17:53:33 - [TEST_STEP][PASSED] - setText(findTestObject("OCS-DESKTOP/Customer info page/input_Email"), "suman.kompelly@diffagency.com"): Text 'suman.kompelly@diffagency.com' is set on object 'Object Repository/OCS-DESKTOP/Customer info page/input_Email'

2019-06-25 17:53:34 - [MESSAGE][PASSED] - Text 'suman.kompelly@diffagency.com' is set on object 'Object Repository/OCS-DESKTOP/Customer info page/input_Email'

2019-06-25 17:53:34 - [TEST_STEP][PASSED] - setText(findTestObject("OCS-DESKTOP/Customer info page/input_First name"), "suman"): Text 'suman' is set on object 'Object Repository/OCS-DESKTOP/Customer info page/input_First name'

2019-06-25 17:53:34 - [MESSAGE][PASSED] - Text 'suman' is set on object 'Object Repository/OCS-DESKTOP/Customer info page/input_First name'

2019-06-25 17:53:34 - [TEST_STEP][PASSED] - setText(findTestObject("OCS-DESKTOP/Customer info page/input_Last name"), "kompelly"): Text 'kompelly' is set on object 'Object Repository/OCS-DESKTOP/Customer info page/input_Last name'

2019-06-25 17:53:34 - [MESSAGE][PASSED] - Text 'kompelly' is set on object 'Object Repository/OCS-DESKTOP/Customer info page/input_Last name'

2019-06-25 17:53:34 - [TEST_STEP][PASSED] - setText(findTestObject("OCS-DESKTOP/Customer info page/input_Address"), "300 saint alxendre"): Text '300 saint alxendre' is set on object 'Object Repository/OCS-DESKTOP/Customer info page/input_Address'

2019-06-25 17:53:34 - [MESSAGE][PASSED] - Text '300 saint alxendre' is set on object 'Object Repository/OCS-DESKTOP/Customer info page/input_Address'

2019-06-25 17:53:34 - [TEST_STEP][PASSED] - setText(findTestObject("OCS-DESKTOP/Customer info page/input_Apartment suite etc. (op"), "199"): Text '199' is set on object 'Object Repository/OCS-DESKTOP/Customer info page/input_Apartment suite etc. (op'

2019-06-25 17:53:34 - [MESSAGE][PASSED] - Text '199' is set on object 'Object Repository/OCS-DESKTOP/Customer info page/input_Apartment suite etc. (op'

2019-06-25 17:53:34 - [TEST_STEP][PASSED] - setText(findTestObject("OCS-DESKTOP/Customer info page/input_City"), "montreal"): Text 'montreal' is set on object 'Object Repository/OCS-DESKTOP/Customer info page/input_City'

2019-06-25 17:53:34 - [MESSAGE][PASSED] - Text 'montreal' is set on object 'Object Repository/OCS-DESKTOP/Customer info page/input_City'

2019-06-25 17:53:34 - [TEST_STEP][PASSED] - setText(findTestObject("OCS-DESKTOP/Customer info page/input_Postal code"), "n0R1K0"): Text 'n0R1K0' is set on object 'Object Repository/OCS-DESKTOP/Customer info page/input_Postal code'

2019-06-25 17:53:34 - [MESSAGE][PASSED] - Text 'n0R1K0' is set on object 'Object Repository/OCS-DESKTOP/Customer info page/input_Postal code'

2019-06-25 17:53:34 - [TEST_STEP][PASSED] - setText(findTestObject("OCS-DESKTOP/Customer info page/input_Phone"), "(514) 449-3882"): Text '(514) 449-3882' is set on object 'Object Repository/OCS-DESKTOP/Customer info page/input_Phone'

2019-06-25 17:53:35 - [MESSAGE][PASSED] - Text '(514) 449-3882' is set on object 'Object Repository/OCS-DESKTOP/Customer info page/input_Phone'

2019-06-25 17:53:35 - [TEST_STEP][PASSED] - executeJavaScript("var previewBar = document.getElementById("preview-bar-iframe"); previewBar.style.display = "none";", []): Execute JavaScript 'var previewBar = document.getElementById("preview-bar-iframe"); previewBar.style.display = "none";' successfully

2019-06-25 17:53:35 - [MESSAGE][PASSED] - Execute JavaScript 'var previewBar = document.getElementById("preview-bar-iframe"); previewBar.style.display = "none";' successfully

2019-06-25 17:53:35 - [TEST_STEP][PASSED] - delay(1): Delayed 1 second(s)

2019-06-25 17:53:36 - [MESSAGE][PASSED] - Delayed 1 second(s)

2019-06-25 17:53:36 - [TEST_STEP][PASSED] - click(findTestObject("OCS-DESKTOP/Customer info page/Continue to shipping method - Button")): Object: 'Object Repository/OCS-DESKTOP/Customer info page/Continue to shipping method - Button' is clicked on

2019-06-25 17:53:36 - [MESSAGE][PASSED] - Object: 'Object Repository/OCS-DESKTOP/Customer info page/Continue to shipping method - Button' is clicked on

2019-06-25 17:53:36 - [TEST_STEP][PASSED] - delay(2): Delayed 2 second(s)

2019-06-25 17:53:38 - [MESSAGE][PASSED] - Delayed 2 second(s)

2019-06-25 17:53:38 - [TEST_STEP][PASSED] - refresh(): Refresh successfully

2019-06-25 17:53:38 - [MESSAGE][PASSED] - Refresh successfully

2019-06-25 17:53:38 - [TEST_STEP][PASSED] - delay(2): Delayed 2 second(s)

2019-06-25 17:53:40 - [MESSAGE][PASSED] - Delayed 2 second(s)

2019-06-25 17:53:40 - [TEST_STEP][PASSED] - click(findTestObject("OCS-DESKTOP/Shipping page/Continue to payment method - Button")): Object: 'Object Repository/OCS-DESKTOP/Shipping page/Continue to payment method - Button' is clicked on

2019-06-25 17:53:40 - [MESSAGE][PASSED] - Object: 'Object Repository/OCS-DESKTOP/Shipping page/Continue to payment method - Button' is clicked on

2019-06-25 17:53:40 - [TEST_STEP][FAILED] - verifyTextPresent("Payment", false): verifyTextPresent("Payment", false) FAILED.
Reason:
com.kms.katalon.core.exception.StepFailedException: Unable to verify text 'Payment' is present  (Root cause: com.kms.katalon.core.exception.StepFailedException: Text 'Payment' is not present on page )
	at com.kms.katalon.core.keyword.internal.KeywordMain.stepFailed(KeywordMain.groovy:36)
	at com.kms.katalon.core.webui.keyword.internal.WebUIKeywordMain.stepFailed(WebUIKeywordMain.groovy:65)
	at com.kms.katalon.core.webui.keyword.internal.WebUIKeywordMain.runKeyword(WebUIKeywordMain.groovy:27)
	at com.kms.katalon.core.webui.keyword.builtin.VerifyTextPresentKeyword.verifyTextPresent(VerifyTextPresentKeyword.groovy:83)
	at com.kms.katalon.core.webui.keyword.builtin.VerifyTextPresentKeyword.execute(VerifyTextPresentKeyword.groovy:68)
	at com.kms.katalon.core.keyword.internal.KeywordExecutor.executeKeywordForPlatform(KeywordExecutor.groovy:53)
	at com.kms.katalon.core.webui.keyword.WebUiBuiltInKeywords.verifyTextPresent(WebUiBuiltInKeywords.groovy:1693)
	at com.kms.katalon.core.webui.keyword.WebUiBuiltInKeywords$verifyTextPresent$15.call(Unknown Source)
	at Cart flyout-price comparison.run(Cart flyout-price comparison:223)
	at com.kms.katalon.core.main.ScriptEngine.run(ScriptEngine.java:194)
	at com.kms.katalon.core.main.ScriptEngine.runScriptAsRawText(ScriptEngine.java:119)
	at com.kms.katalon.core.main.TestCaseExecutor.runScript(TestCaseExecutor.java:328)
	at com.kms.katalon.core.main.TestCaseExecutor.doExecute(TestCaseExecutor.java:319)
	at com.kms.katalon.core.main.TestCaseExecutor.processExecutionPhase(TestCaseExecutor.java:298)
	at com.kms.katalon.core.main.TestCaseExecutor.accessMainPhase(TestCaseExecutor.java:290)
	at com.kms.katalon.core.main.TestCaseExecutor.execute(TestCaseExecutor.java:224)
	at com.kms.katalon.core.main.TestSuiteExecutor.accessTestCaseMainPhase(TestSuiteExecutor.java:129)
	at com.kms.katalon.core.main.TestSuiteExecutor.accessTestSuiteMainPhase(TestSuiteExecutor.java:112)
	at com.kms.katalon.core.main.TestSuiteExecutor.execute(TestSuiteExecutor.java:81)
	at com.kms.katalon.core.main.TestCaseMain.startTestSuite(TestCaseMain.java:149)
	at com.kms.katalon.core.main.TestCaseMain$startTestSuite$0.call(Unknown Source)
	at TempTestSuite1561499172132.run(TempTestSuite1561499172132.groovy:36)


2019-06-25 17:53:40 - [MESSAGE][FAILED] - Text 'Payment' is not present on page 

2019-06-25 17:53:41 - [MESSAGE][FAILED] - Unable to verify text 'Payment' is present  (Root cause: com.kms.katalon.core.exception.StepFailedException: Text 'Payment' is not present on page )
[[ATTACHMENT|/Users/sumankompelly/Relative xpath-Desktop/Reports/OCS - 1.10.2.1/20190625_174612/1561499620981.png]]

2019-06-25 17:53:41 - [MESSAGE][FAILED] - verifyTextPresent("Payment", false) FAILED.
Reason:
com.kms.katalon.core.exception.StepFailedException: Unable to verify text 'Payment' is present  (Root cause: com.kms.katalon.core.exception.StepFailedException: Text 'Payment' is not present on page )
	at com.kms.katalon.core.keyword.internal.KeywordMain.stepFailed(KeywordMain.groovy:36)
	at com.kms.katalon.core.webui.keyword.internal.WebUIKeywordMain.stepFailed(WebUIKeywordMain.groovy:65)
	at com.kms.katalon.core.webui.keyword.internal.WebUIKeywordMain.runKeyword(WebUIKeywordMain.groovy:27)
	at com.kms.katalon.core.webui.keyword.builtin.VerifyTextPresentKeyword.verifyTextPresent(VerifyTextPresentKeyword.groovy:83)
	at com.kms.katalon.core.webui.keyword.builtin.VerifyTextPresentKeyword.execute(VerifyTextPresentKeyword.groovy:68)
	at com.kms.katalon.core.keyword.internal.KeywordExecutor.executeKeywordForPlatform(KeywordExecutor.groovy:53)
	at com.kms.katalon.core.webui.keyword.WebUiBuiltInKeywords.verifyTextPresent(WebUiBuiltInKeywords.groovy:1693)
	at com.kms.katalon.core.webui.keyword.WebUiBuiltInKeywords$verifyTextPresent$15.call(Unknown Source)
	at Cart flyout-price comparison.run(Cart flyout-price comparison:223)
	at com.kms.katalon.core.main.ScriptEngine.run(ScriptEngine.java:194)
	at com.kms.katalon.core.main.ScriptEngine.runScriptAsRawText(ScriptEngine.java:119)
	at com.kms.katalon.core.main.TestCaseExecutor.runScript(TestCaseExecutor.java:328)
	at com.kms.katalon.core.main.TestCaseExecutor.doExecute(TestCaseExecutor.java:319)
	at com.kms.katalon.core.main.TestCaseExecutor.processExecutionPhase(TestCaseExecutor.java:298)
	at com.kms.katalon.core.main.TestCaseExecutor.accessMainPhase(TestCaseExecutor.java:290)
	at com.kms.katalon.core.main.TestCaseExecutor.execute(TestCaseExecutor.java:224)
	at com.kms.katalon.core.main.TestSuiteExecutor.accessTestCaseMainPhase(TestSuiteExecutor.java:129)
	at com.kms.katalon.core.main.TestSuiteExecutor.accessTestSuiteMainPhase(TestSuiteExecutor.java:112)
	at com.kms.katalon.core.main.TestSuiteExecutor.execute(TestSuiteExecutor.java:81)
	at com.kms.katalon.core.main.TestCaseMain.startTestSuite(TestCaseMain.java:149)
	at com.kms.katalon.core.main.TestCaseMain$startTestSuite$0.call(Unknown Source)
	at TempTestSuite1561499172132.run(TempTestSuite1561499172132.groovy:36)]]></system-out>
         <system-err><![CDATA[2019-06-25 17:52:42 - [TEST_CASE][FAILED] - Test Cases/OCS - DESKTOP/OCS- CRITICAL PATH/Cart flyout-price comparison: Test Cases/OCS - DESKTOP/OCS- CRITICAL PATH/Cart flyout-price comparison FAILED.
Reason:
com.kms.katalon.core.exception.StepFailedException: Unable to verify text 'Payment' is present  (Root cause: com.kms.katalon.core.exception.StepFailedException: Text 'Payment' is not present on page )
	at com.kms.katalon.core.keyword.internal.KeywordMain.stepFailed(KeywordMain.groovy:36)
	at com.kms.katalon.core.webui.keyword.internal.WebUIKeywordMain.stepFailed(WebUIKeywordMain.groovy:65)
	at com.kms.katalon.core.webui.keyword.internal.WebUIKeywordMain.runKeyword(WebUIKeywordMain.groovy:27)
	at com.kms.katalon.core.webui.keyword.builtin.VerifyTextPresentKeyword.verifyTextPresent(VerifyTextPresentKeyword.groovy:83)
	at com.kms.katalon.core.webui.keyword.builtin.VerifyTextPresentKeyword.execute(VerifyTextPresentKeyword.groovy:68)
	at com.kms.katalon.core.keyword.internal.KeywordExecutor.executeKeywordForPlatform(KeywordExecutor.groovy:53)
	at com.kms.katalon.core.webui.keyword.WebUiBuiltInKeywords.verifyTextPresent(WebUiBuiltInKeywords.groovy:1693)
	at com.kms.katalon.core.webui.keyword.WebUiBuiltInKeywords$verifyTextPresent$15.call(Unknown Source)
	at Cart flyout-price comparison.run(Cart flyout-price comparison:223)
	at com.kms.katalon.core.main.ScriptEngine.run(ScriptEngine.java:194)
	at com.kms.katalon.core.main.ScriptEngine.runScriptAsRawText(ScriptEngine.java:119)
	at com.kms.katalon.core.main.TestCaseExecutor.runScript(TestCaseExecutor.java:328)
	at com.kms.katalon.core.main.TestCaseExecutor.doExecute(TestCaseExecutor.java:319)
	at com.kms.katalon.core.main.TestCaseExecutor.processExecutionPhase(TestCaseExecutor.java:298)
	at com.kms.katalon.core.main.TestCaseExecutor.accessMainPhase(TestCaseExecutor.java:290)
	at com.kms.katalon.core.main.TestCaseExecutor.execute(TestCaseExecutor.java:224)
	at com.kms.katalon.core.main.TestSuiteExecutor.accessTestCaseMainPhase(TestSuiteExecutor.java:129)
	at com.kms.katalon.core.main.TestSuiteExecutor.accessTestSuiteMainPhase(TestSuiteExecutor.java:112)
	at com.kms.katalon.core.main.TestSuiteExecutor.execute(TestSuiteExecutor.java:81)
	at com.kms.katalon.core.main.TestCaseMain.startTestSuite(TestCaseMain.java:149)
	at com.kms.katalon.core.main.TestCaseMain$startTestSuite$0.call(Unknown Source)
	at TempTestSuite1561499172132.run(TempTestSuite1561499172132.groovy:36)]]></system-err>
      </testcase>
      <testcase name="Test Cases/OCS - DESKTOP/OCS- CRITICAL PATH/Checkout - Shipping" classname="Test Cases/OCS - DESKTOP/OCS- CRITICAL PATH/Checkout - Shipping" status="FAILED">
         <failure type="FAILED" message="Test Cases/OCS - DESKTOP/OCS- CRITICAL PATH/Checkout - Shipping FAILED.
Reason:
com.kms.katalon.core.exception.StepFailedException: Unable to execute JavaScript. (Root cause: org.openqa.selenium.WebDriverException: unknown error: Cannot read property 'style' of null
  (Session info: chrome=75.0.3770.100)
  (Driver info: chromedriver=2.43.600229 (3fae4d0cda5334b4f533bede5a4787f7b832d052),platform=Mac OS X 10.13.6 x86_64) (WARNING: The server did not provide any stacktrace information)
Command duration or timeout: 0 milliseconds
Build info: version: '3.7.1', revision: '8a0099a', time: '2017-11-06T21:07:36.161Z'
System info: host: 'sumans-MacBook-Pro.local', ip: 'fe80:0:0:0:b7:68e8:717b:cb34%en0', os.name: 'Mac OS X', os.arch: 'x86_64', os.version: '10.13.6', java.version: '1.8.0_181'
Driver info: com.kms.katalon.selenium.driver.CChromeDriver
Capabilities {acceptInsecureCerts: false, acceptSslCerts: false, applicationCacheEnabled: false, browserConnectionEnabled: false, browserName: chrome, chrome: {chromedriverVersion: 2.43.600229 (3fae4d0cda5334..., userDataDir: /var/folders/1t/c55l8xzs6gq...}, cssSelectorsEnabled: true, databaseEnabled: false, goog:chromeOptions: {debuggerAddress: localhost:54382}, handlesAlerts: true, hasTouchScreen: false, javascriptEnabled: true, locationContextEnabled: true, mobileEmulationEnabled: false, nativeEvents: true, networkConnectionEnabled: false, pageLoadStrategy: normal, platform: MAC, platformName: MAC, rotatable: false, setWindowRect: true, takesHeapSnapshot: true, takesScreenshot: true, unexpectedAlertBehaviour: , unhandledPromptBehavior: , version: 75.0.3770.100, webStorageEnabled: true}
Session ID: a2197f1f846782309dfa0d567d745e25)
	at com.kms.katalon.core.keyword.internal.KeywordMain.stepFailed(KeywordMain.groovy:36)
	at com.kms.katalon.core.webui.keyword.internal.WebUIKeywordMain.stepFailed(WebUIKeywordMain.groovy:65)
	at com.kms.katalon.core.webui.keyword.internal.WebUIKeywordMain.runKeyword(WebUIKeywordMain.groovy:27)
	at com.kms.katalon.core.webui.keyword.builtin.ExecuteJavaScriptKeyword.executeJavascript(ExecuteJavascriptKeyword.groovy:42)
	at com.kms.katalon.core.webui.keyword.builtin.ExecuteJavaScriptKeyword.execute(ExecuteJavascriptKeyword.groovy:37)
	at com.kms.katalon.core.keyword.internal.KeywordExecutor.executeKeywordForPlatform(KeywordExecutor.groovy:53)
	at com.kms.katalon.core.webui.keyword.WebUiBuiltInKeywords.executeJavaScript(WebUiBuiltInKeywords.groovy:3787)
	at com.kms.katalon.core.webui.keyword.WebUiBuiltInKeywords$executeJavaScript$2.call(Unknown Source)
	at Checkout - Shipping.run(Checkout - Shipping:123)
	at com.kms.katalon.core.main.ScriptEngine.run(ScriptEngine.java:194)
	at com.kms.katalon.core.main.ScriptEngine.runScriptAsRawText(ScriptEngine.java:119)
	at com.kms.katalon.core.main.TestCaseExecutor.runScript(TestCaseExecutor.java:328)
	at com.kms.katalon.core.main.TestCaseExecutor.doExecute(TestCaseExecutor.java:319)
	at com.kms.katalon.core.main.TestCaseExecutor.processExecutionPhase(TestCaseExecutor.java:298)
	at com.kms.katalon.core.main.TestCaseExecutor.accessMainPhase(TestCaseExecutor.java:290)
	at com.kms.katalon.core.main.TestCaseExecutor.execute(TestCaseExecutor.java:224)
	at com.kms.katalon.core.main.TestSuiteExecutor.accessTestCaseMainPhase(TestSuiteExecutor.java:129)
	at com.kms.katalon.core.main.TestSuiteExecutor.accessTestSuiteMainPhase(TestSuiteExecutor.java:112)
	at com.kms.katalon.core.main.TestSuiteExecutor.execute(TestSuiteExecutor.java:81)
	at com.kms.katalon.core.main.TestCaseMain.startTestSuite(TestCaseMain.java:149)
	at com.kms.katalon.core.main.TestCaseMain$startTestSuite$0.call(Unknown Source)
	at TempTestSuite1561499172132.run(TempTestSuite1561499172132.groovy:36)
"/>
         <system-out><![CDATA[2019-06-25 17:53:41 - [TEST_CASE][FAILED] - Test Cases/OCS - DESKTOP/OCS- CRITICAL PATH/Checkout - Shipping: Test Cases/OCS - DESKTOP/OCS- CRITICAL PATH/Checkout - Shipping FAILED.
Reason:
com.kms.katalon.core.exception.StepFailedException: Unable to execute JavaScript. (Root cause: org.openqa.selenium.WebDriverException: unknown error: Cannot read property 'style' of null
  (Session info: chrome=75.0.3770.100)
  (Driver info: chromedriver=2.43.600229 (3fae4d0cda5334b4f533bede5a4787f7b832d052),platform=Mac OS X 10.13.6 x86_64) (WARNING: The server did not provide any stacktrace information)
Command duration or timeout: 0 milliseconds
Build info: version: '3.7.1', revision: '8a0099a', time: '2017-11-06T21:07:36.161Z'
System info: host: 'sumans-MacBook-Pro.local', ip: 'fe80:0:0:0:b7:68e8:717b:cb34%en0', os.name: 'Mac OS X', os.arch: 'x86_64', os.version: '10.13.6', java.version: '1.8.0_181'
Driver info: com.kms.katalon.selenium.driver.CChromeDriver
Capabilities {acceptInsecureCerts: false, acceptSslCerts: false, applicationCacheEnabled: false, browserConnectionEnabled: false, browserName: chrome, chrome: {chromedriverVersion: 2.43.600229 (3fae4d0cda5334..., userDataDir: /var/folders/1t/c55l8xzs6gq...}, cssSelectorsEnabled: true, databaseEnabled: false, goog:chromeOptions: {debuggerAddress: localhost:54382}, handlesAlerts: true, hasTouchScreen: false, javascriptEnabled: true, locationContextEnabled: true, mobileEmulationEnabled: false, nativeEvents: true, networkConnectionEnabled: false, pageLoadStrategy: normal, platform: MAC, platformName: MAC, rotatable: false, setWindowRect: true, takesHeapSnapshot: true, takesScreenshot: true, unexpectedAlertBehaviour: , unhandledPromptBehavior: , version: 75.0.3770.100, webStorageEnabled: true}
Session ID: a2197f1f846782309dfa0d567d745e25)
	at com.kms.katalon.core.keyword.internal.KeywordMain.stepFailed(KeywordMain.groovy:36)
	at com.kms.katalon.core.webui.keyword.internal.WebUIKeywordMain.stepFailed(WebUIKeywordMain.groovy:65)
	at com.kms.katalon.core.webui.keyword.internal.WebUIKeywordMain.runKeyword(WebUIKeywordMain.groovy:27)
	at com.kms.katalon.core.webui.keyword.builtin.ExecuteJavaScriptKeyword.executeJavascript(ExecuteJavascriptKeyword.groovy:42)
	at com.kms.katalon.core.webui.keyword.builtin.ExecuteJavaScriptKeyword.execute(ExecuteJavascriptKeyword.groovy:37)
	at com.kms.katalon.core.keyword.internal.KeywordExecutor.executeKeywordForPlatform(KeywordExecutor.groovy:53)
	at com.kms.katalon.core.webui.keyword.WebUiBuiltInKeywords.executeJavaScript(WebUiBuiltInKeywords.groovy:3787)
	at com.kms.katalon.core.webui.keyword.WebUiBuiltInKeywords$executeJavaScript$2.call(Unknown Source)
	at Checkout - Shipping.run(Checkout - Shipping:123)
	at com.kms.katalon.core.main.ScriptEngine.run(ScriptEngine.java:194)
	at com.kms.katalon.core.main.ScriptEngine.runScriptAsRawText(ScriptEngine.java:119)
	at com.kms.katalon.core.main.TestCaseExecutor.runScript(TestCaseExecutor.java:328)
	at com.kms.katalon.core.main.TestCaseExecutor.doExecute(TestCaseExecutor.java:319)
	at com.kms.katalon.core.main.TestCaseExecutor.processExecutionPhase(TestCaseExecutor.java:298)
	at com.kms.katalon.core.main.TestCaseExecutor.accessMainPhase(TestCaseExecutor.java:290)
	at com.kms.katalon.core.main.TestCaseExecutor.execute(TestCaseExecutor.java:224)
	at com.kms.katalon.core.main.TestSuiteExecutor.accessTestCaseMainPhase(TestSuiteExecutor.java:129)
	at com.kms.katalon.core.main.TestSuiteExecutor.accessTestSuiteMainPhase(TestSuiteExecutor.java:112)
	at com.kms.katalon.core.main.TestSuiteExecutor.execute(TestSuiteExecutor.java:81)
	at com.kms.katalon.core.main.TestCaseMain.startTestSuite(TestCaseMain.java:149)
	at com.kms.katalon.core.main.TestCaseMain$startTestSuite$0.call(Unknown Source)
	at TempTestSuite1561499172132.run(TempTestSuite1561499172132.groovy:36)


2019-06-25 17:53:41 - [TEST_STEP][PASSED] - callTestCase(findTestCase("OCS - DESKTOP/CALL- Age gate"), [:], STOP_ON_FAILURE): Call Test Case 'Test Cases/OCS - DESKTOP/CALL- Age gate' successfully

2019-06-25 17:53:41 - [TEST_CASE][PASSED] - Test Cases/OCS - DESKTOP/CALL- Age gate: Test Cases/OCS - DESKTOP/CALL- Age gate

2019-06-25 17:53:41 - [TEST_STEP][PASSED] - openBrowser(""): Browser is opened with url: ''

2019-06-25 17:53:41 - [MESSAGE][WARNING] - A browser is already opened. Closing browser and opening a new one

2019-06-25 17:53:41 - [MESSAGE][INFO] - Starting 'Chrome' driver

2019-06-25 17:53:43 - [MESSAGE][PASSED] - Browser is opened with url: ''

2019-06-25 17:53:43 - [TEST_STEP][PASSED] - navigateToUrl("https://ocs.ca/?fts=0&preview_theme_id=72920106828"): Navigate to 'https://ocs.ca/?fts=0&preview_theme_id=72920106828' successfully

2019-06-25 17:53:47 - [MESSAGE][PASSED] - Navigate to 'https://ocs.ca/?fts=0&preview_theme_id=72920106828' successfully

2019-06-25 17:53:47 - [TEST_STEP][PASSED] - maximizeWindow(): Current window maximized

2019-06-25 17:53:47 - [MESSAGE][PASSED] - Current window maximized

2019-06-25 17:53:47 - [TEST_STEP][PASSED] - delay(2): Delayed 2 second(s)

2019-06-25 17:53:49 - [MESSAGE][PASSED] - Delayed 2 second(s)

2019-06-25 17:53:49 - [TEST_STEP][PASSED] - executeJavaScript("var previewBar = document.getElementById("preview-bar-iframe"); previewBar.style.display = "none";", []): Execute JavaScript 'var previewBar = document.getElementById("preview-bar-iframe"); previewBar.style.display = "none";' successfully

2019-06-25 17:53:49 - [MESSAGE][PASSED] - Execute JavaScript 'var previewBar = document.getElementById("preview-bar-iframe"); previewBar.style.display = "none";' successfully

2019-06-25 17:53:49 - [TEST_STEP][PASSED] - selectOptionByValue(findTestObject("OCS-DESKTOP/Age gate and Mega menu/Date"), "12", true): All options with value '12' are selected in object 'Object Repository/OCS-DESKTOP/Age gate and Mega menu/Date'  using regular expression

2019-06-25 17:53:50 - [MESSAGE][PASSED] - All options with value '12' are selected in object 'Object Repository/OCS-DESKTOP/Age gate and Mega menu/Date'  using regular expression

2019-06-25 17:53:50 - [TEST_STEP][PASSED] - selectOptionByValue(findTestObject("OCS-DESKTOP/Age gate and Mega menu/month"), "6", true): All options with value '6' are selected in object 'Object Repository/OCS-DESKTOP/Age gate and Mega menu/month'  using regular expression

2019-06-25 17:53:50 - [MESSAGE][PASSED] - All options with value '6' are selected in object 'Object Repository/OCS-DESKTOP/Age gate and Mega menu/month'  using regular expression

2019-06-25 17:53:50 - [TEST_STEP][PASSED] - delay(2): Delayed 2 second(s)

2019-06-25 17:53:52 - [MESSAGE][PASSED] - Delayed 2 second(s)

2019-06-25 17:53:52 - [TEST_STEP][PASSED] - selectOptionByValue(findTestObject("OCS-DESKTOP/Age gate and Mega menu/Year Dropdown"), "1990", true): All options with value '1990' are selected in object 'Object Repository/OCS-DESKTOP/Age gate and Mega menu/Year Dropdown'  using regular expression

2019-06-25 17:53:53 - [MESSAGE][PASSED] - All options with value '1990' are selected in object 'Object Repository/OCS-DESKTOP/Age gate and Mega menu/Year Dropdown'  using regular expression

2019-06-25 17:53:53 - [TEST_STEP][PASSED] - click(findTestObject("OCS-DESKTOP/Age gate and Mega menu/button_Verify")): Object: 'Object Repository/OCS-DESKTOP/Age gate and Mega menu/button_Verify' is clicked on

2019-06-25 17:53:53 - [MESSAGE][PASSED] - Object: 'Object Repository/OCS-DESKTOP/Age gate and Mega menu/button_Verify' is clicked on

2019-06-25 17:53:53 - [TEST_STEP][PASSED] - click(findTestObject("OCS-DESKTOP/Age gate and Mega menu/Checkbox_CONFIRM AND ACKNOWLEDGE")): Object: 'Object Repository/OCS-DESKTOP/Age gate and Mega menu/Checkbox_CONFIRM AND ACKNOWLEDGE' is clicked on

2019-06-25 17:53:53 - [MESSAGE][PASSED] - Object: 'Object Repository/OCS-DESKTOP/Age gate and Mega menu/Checkbox_CONFIRM AND ACKNOWLEDGE' is clicked on

2019-06-25 17:53:53 - [TEST_STEP][PASSED] - click(findTestObject("OCS-DESKTOP/Age gate and Mega menu/button_CONFIRM")): Object: 'Object Repository/OCS-DESKTOP/Age gate and Mega menu/button_CONFIRM' is clicked on

2019-06-25 17:53:53 - [MESSAGE][PASSED] - Object: 'Object Repository/OCS-DESKTOP/Age gate and Mega menu/button_CONFIRM' is clicked on

2019-06-25 17:53:53 - [TEST_STEP][PASSED] - click(findTestObject("OCS-DESKTOP/Age gate and Mega menu/button_Start Browsing")): Object: 'Object Repository/OCS-DESKTOP/Age gate and Mega menu/button_Start Browsing' is clicked on

2019-06-25 17:53:53 - [MESSAGE][PASSED] - Object: 'Object Repository/OCS-DESKTOP/Age gate and Mega menu/button_Start Browsing' is clicked on

2019-06-25 17:53:53 - [TEST_STEP][PASSED] - delay(2): Delayed 2 second(s)

2019-06-25 17:53:55 - [MESSAGE][PASSED] - Delayed 2 second(s)

2019-06-25 17:53:55 - [TEST_STEP][PASSED] - refresh(): Refresh successfully

2019-06-25 17:53:55 - [MESSAGE][PASSED] - Refresh successfully

2019-06-25 17:53:55 - [MESSAGE][PASSED] - Call Test Case 'Test Cases/OCS - DESKTOP/CALL- Age gate' successfully

2019-06-25 17:53:55 - [TEST_STEP][PASSED] - delay(2): Delayed 2 second(s)

2019-06-25 17:53:57 - [MESSAGE][PASSED] - Delayed 2 second(s)

2019-06-25 17:53:57 - [TEST_STEP][PASSED] - click(findTestObject("OCS-DESKTOP/Age gate and Mega menu/Header/CANNABIS menu - English")): Object: 'Object Repository/OCS-DESKTOP/Age gate and Mega menu/Header/CANNABIS menu - English' is clicked on

2019-06-25 17:53:59 - [MESSAGE][PASSED] - Object: 'Object Repository/OCS-DESKTOP/Age gate and Mega menu/Header/CANNABIS menu - English' is clicked on

2019-06-25 17:53:59 - [TEST_STEP][PASSED] - executeJavaScript("var previewBar = document.getElementById("preview-bar-iframe"); previewBar.style.display = "none";", []): Execute JavaScript 'var previewBar = document.getElementById("preview-bar-iframe"); previewBar.style.display = "none";' successfully

2019-06-25 17:53:59 - [MESSAGE][PASSED] - Execute JavaScript 'var previewBar = document.getElementById("preview-bar-iframe"); previewBar.style.display = "none";' successfully

2019-06-25 17:53:59 - [TEST_STEP][PASSED] - delay(2): Delayed 2 second(s)

2019-06-25 17:54:01 - [MESSAGE][PASSED] - Delayed 2 second(s)

2019-06-25 17:54:01 - [TEST_STEP][PASSED] - click(findTestObject("OCS-DESKTOP/Age gate and Mega menu/Indica Dominant_Menu item")): Object: 'Object Repository/OCS-DESKTOP/Age gate and Mega menu/Indica Dominant_Menu item' is clicked on

2019-06-25 17:54:04 - [MESSAGE][PASSED] - Object: 'Object Repository/OCS-DESKTOP/Age gate and Mega menu/Indica Dominant_Menu item' is clicked on

2019-06-25 17:54:04 - [TEST_STEP][PASSED] - executeJavaScript("var previewBar = document.getElementById("preview-bar-iframe"); previewBar.style.display = "none";", []): Execute JavaScript 'var previewBar = document.getElementById("preview-bar-iframe"); previewBar.style.display = "none";' successfully

2019-06-25 17:54:04 - [MESSAGE][PASSED] - Execute JavaScript 'var previewBar = document.getElementById("preview-bar-iframe"); previewBar.style.display = "none";' successfully

2019-06-25 17:54:04 - [TEST_STEP][PASSED] - delay(2): Delayed 2 second(s)

2019-06-25 17:54:06 - [MESSAGE][PASSED] - Delayed 2 second(s)

2019-06-25 17:54:06 - [TEST_STEP][PASSED] - click(findTestObject("OCS-DESKTOP/Collection page/Product image - 1st one")): Object: 'Object Repository/OCS-DESKTOP/Collection page/Product image - 1st one' is clicked on

2019-06-25 17:54:10 - [MESSAGE][PASSED] - Object: 'Object Repository/OCS-DESKTOP/Collection page/Product image - 1st one' is clicked on

2019-06-25 17:54:10 - [TEST_STEP][PASSED] - executeJavaScript("var previewBar = document.getElementById("preview-bar-iframe"); previewBar.style.display = "none";", []): Execute JavaScript 'var previewBar = document.getElementById("preview-bar-iframe"); previewBar.style.display = "none";' successfully

2019-06-25 17:54:10 - [MESSAGE][PASSED] - Execute JavaScript 'var previewBar = document.getElementById("preview-bar-iframe"); previewBar.style.display = "none";' successfully

2019-06-25 17:54:10 - [TEST_STEP][PASSED] - delay(1): Delayed 1 second(s)

2019-06-25 17:54:11 - [MESSAGE][PASSED] - Delayed 1 second(s)

2019-06-25 17:54:11 - [TEST_STEP][PASSED] - delay(3): Delayed 3 second(s)

2019-06-25 17:54:14 - [MESSAGE][PASSED] - Delayed 3 second(s)

2019-06-25 17:54:14 - [TEST_STEP][NOT_RUN] - scrollToElement(findTestObject("OCS-DESKTOP/Product page/Product image"), 1): NOT_RUN: scrollToElement(findTestObject("OCS-DESKTOP/Product page/Product image"), 1)

2019-06-25 17:54:14 - [MESSAGE][NOT_RUN] - NOT_RUN: scrollToElement(findTestObject("OCS-DESKTOP/Product page/Product image"), 1)

2019-06-25 17:54:14 - [TEST_STEP][PASSED] - click(findTestObject("OCS-DESKTOP/Product page/Swatch_1g")): Object: 'Object Repository/OCS-DESKTOP/Product page/Swatch_1g' is clicked on

2019-06-25 17:54:14 - [MESSAGE][PASSED] - Object: 'Object Repository/OCS-DESKTOP/Product page/Swatch_1g' is clicked on

2019-06-25 17:54:14 - [TEST_STEP][PASSED] - delay(2): Delayed 2 second(s)

2019-06-25 17:54:16 - [MESSAGE][PASSED] - Delayed 2 second(s)

2019-06-25 17:54:16 - [TEST_STEP][PASSED] - click(findTestObject("OCS-DESKTOP/Product page/Add to Bag-button")): Object: 'Object Repository/OCS-DESKTOP/Product page/Add to Bag-button' is clicked on

2019-06-25 17:54:16 - [MESSAGE][PASSED] - Object: 'Object Repository/OCS-DESKTOP/Product page/Add to Bag-button' is clicked on

2019-06-25 17:54:16 - [TEST_STEP][PASSED] - delay(1): Delayed 1 second(s)

2019-06-25 17:54:17 - [MESSAGE][PASSED] - Delayed 1 second(s)

2019-06-25 17:54:17 - [TEST_STEP][NOT_RUN] - click(findTestObject("OCS-DESKTOP/Home - page/Cart icon -bag")): NOT_RUN: click(findTestObject("OCS-DESKTOP/Home - page/Cart icon -bag"))

2019-06-25 17:54:17 - [MESSAGE][NOT_RUN] - NOT_RUN: click(findTestObject("OCS-DESKTOP/Home - page/Cart icon -bag"))

2019-06-25 17:54:17 - [TEST_STEP][PASSED] - delay(1): Delayed 1 second(s)

2019-06-25 17:54:18 - [MESSAGE][PASSED] - Delayed 1 second(s)

2019-06-25 17:54:18 - [TEST_STEP][PASSED] - click(findTestObject("OCS-DESKTOP/Cart flyout/Checkbox_I confirm that")): Object: 'Object Repository/OCS-DESKTOP/Cart flyout/Checkbox_I confirm that' is clicked on

2019-06-25 17:54:18 - [MESSAGE][PASSED] - Object: 'Object Repository/OCS-DESKTOP/Cart flyout/Checkbox_I confirm that' is clicked on

2019-06-25 17:54:18 - [TEST_STEP][PASSED] - delay(1): Delayed 1 second(s)

2019-06-25 17:54:19 - [MESSAGE][PASSED] - Delayed 1 second(s)

2019-06-25 17:54:19 - [TEST_STEP][PASSED] - click(findTestObject("OCS-DESKTOP/Cart flyout/Checkbox_Accept the Terms Condition")): Object: 'Object Repository/OCS-DESKTOP/Cart flyout/Checkbox_Accept the Terms Condition' is clicked on

2019-06-25 17:54:20 - [MESSAGE][PASSED] - Object: 'Object Repository/OCS-DESKTOP/Cart flyout/Checkbox_Accept the Terms Condition' is clicked on

2019-06-25 17:54:20 - [TEST_STEP][PASSED] - delay(1): Delayed 1 second(s)

2019-06-25 17:54:21 - [MESSAGE][PASSED] - Delayed 1 second(s)

2019-06-25 17:54:21 - [TEST_STEP][PASSED] - click(findTestObject("OCS-DESKTOP/Cart flyout/Checkout - Button")): Object: 'Object Repository/OCS-DESKTOP/Cart flyout/Checkout - Button' is clicked on

2019-06-25 17:54:23 - [MESSAGE][PASSED] - Object: 'Object Repository/OCS-DESKTOP/Cart flyout/Checkout - Button' is clicked on

2019-06-25 17:54:23 - [TEST_STEP][PASSED] - executeJavaScript("var previewBar = document.getElementById("preview-bar-iframe"); previewBar.style.display = "none";", []): Execute JavaScript 'var previewBar = document.getElementById("preview-bar-iframe"); previewBar.style.display = "none";' successfully

2019-06-25 17:54:23 - [MESSAGE][PASSED] - Execute JavaScript 'var previewBar = document.getElementById("preview-bar-iframe"); previewBar.style.display = "none";' successfully

2019-06-25 17:54:23 - [TEST_STEP][PASSED] - delay(1): Delayed 1 second(s)

2019-06-25 17:54:24 - [MESSAGE][PASSED] - Delayed 1 second(s)

2019-06-25 17:54:24 - [TEST_STEP][PASSED] - scrollToElement(findTestObject("OCS-DESKTOP/Customer info page/input_Email"), 0): Scroll to object 'Object Repository/OCS-DESKTOP/Customer info page/input_Email' successfully

2019-06-25 17:54:24 - [MESSAGE][WARNING] - Timeout '0' is invalid. Using default page load timeout: '30'

2019-06-25 17:54:24 - [MESSAGE][PASSED] - Scroll to object 'Object Repository/OCS-DESKTOP/Customer info page/input_Email' successfully

2019-06-25 17:54:24 - [TEST_STEP][PASSED] - setText(findTestObject("OCS-DESKTOP/Customer info page/input_Email"), "suman.kompelly@diffagency.com"): Text 'suman.kompelly@diffagency.com' is set on object 'Object Repository/OCS-DESKTOP/Customer info page/input_Email'

2019-06-25 17:54:24 - [MESSAGE][PASSED] - Text 'suman.kompelly@diffagency.com' is set on object 'Object Repository/OCS-DESKTOP/Customer info page/input_Email'

2019-06-25 17:54:24 - [TEST_STEP][PASSED] - setText(findTestObject("OCS-DESKTOP/Customer info page/input_First name"), "suman"): Text 'suman' is set on object 'Object Repository/OCS-DESKTOP/Customer info page/input_First name'

2019-06-25 17:54:24 - [MESSAGE][PASSED] - Text 'suman' is set on object 'Object Repository/OCS-DESKTOP/Customer info page/input_First name'

2019-06-25 17:54:24 - [TEST_STEP][PASSED] - setText(findTestObject("OCS-DESKTOP/Customer info page/input_Last name"), "kompelly"): Text 'kompelly' is set on object 'Object Repository/OCS-DESKTOP/Customer info page/input_Last name'

2019-06-25 17:54:24 - [MESSAGE][PASSED] - Text 'kompelly' is set on object 'Object Repository/OCS-DESKTOP/Customer info page/input_Last name'

2019-06-25 17:54:24 - [TEST_STEP][PASSED] - setText(findTestObject("OCS-DESKTOP/Customer info page/input_Address"), "300 saint alxendre"): Text '300 saint alxendre' is set on object 'Object Repository/OCS-DESKTOP/Customer info page/input_Address'

2019-06-25 17:54:24 - [MESSAGE][PASSED] - Text '300 saint alxendre' is set on object 'Object Repository/OCS-DESKTOP/Customer info page/input_Address'

2019-06-25 17:54:24 - [TEST_STEP][PASSED] - setText(findTestObject("OCS-DESKTOP/Customer info page/input_Apartment suite etc. (op"), "199"): Text '199' is set on object 'Object Repository/OCS-DESKTOP/Customer info page/input_Apartment suite etc. (op'

2019-06-25 17:54:25 - [MESSAGE][PASSED] - Text '199' is set on object 'Object Repository/OCS-DESKTOP/Customer info page/input_Apartment suite etc. (op'

2019-06-25 17:54:25 - [TEST_STEP][PASSED] - setText(findTestObject("OCS-DESKTOP/Customer info page/input_City"), "montreal"): Text 'montreal' is set on object 'Object Repository/OCS-DESKTOP/Customer info page/input_City'

2019-06-25 17:54:25 - [MESSAGE][PASSED] - Text 'montreal' is set on object 'Object Repository/OCS-DESKTOP/Customer info page/input_City'

2019-06-25 17:54:25 - [TEST_STEP][PASSED] - setText(findTestObject("OCS-DESKTOP/Customer info page/input_Postal code"), "n0R1K0"): Text 'n0R1K0' is set on object 'Object Repository/OCS-DESKTOP/Customer info page/input_Postal code'

2019-06-25 17:54:25 - [MESSAGE][PASSED] - Text 'n0R1K0' is set on object 'Object Repository/OCS-DESKTOP/Customer info page/input_Postal code'

2019-06-25 17:54:25 - [TEST_STEP][PASSED] - setText(findTestObject("OCS-DESKTOP/Customer info page/input_Phone"), "(514) 449-3882"): Text '(514) 449-3882' is set on object 'Object Repository/OCS-DESKTOP/Customer info page/input_Phone'

2019-06-25 17:54:25 - [MESSAGE][PASSED] - Text '(514) 449-3882' is set on object 'Object Repository/OCS-DESKTOP/Customer info page/input_Phone'

2019-06-25 17:54:25 - [TEST_STEP][PASSED] - delay(1): Delayed 1 second(s)

2019-06-25 17:54:26 - [MESSAGE][PASSED] - Delayed 1 second(s)

2019-06-25 17:54:26 - [TEST_STEP][PASSED] - click(findTestObject("OCS-DESKTOP/Customer info page/Continue to shipping method - Button")): Object: 'Object Repository/OCS-DESKTOP/Customer info page/Continue to shipping method - Button' is clicked on

2019-06-25 17:54:28 - [MESSAGE][PASSED] - Object: 'Object Repository/OCS-DESKTOP/Customer info page/Continue to shipping method - Button' is clicked on

2019-06-25 17:54:28 - [TEST_STEP][PASSED] - executeJavaScript("var previewBar = document.getElementById("preview-bar-iframe"); previewBar.style.display = "none";", []): Execute JavaScript 'var previewBar = document.getElementById("preview-bar-iframe"); previewBar.style.display = "none";' successfully

2019-06-25 17:54:28 - [MESSAGE][PASSED] - Execute JavaScript 'var previewBar = document.getElementById("preview-bar-iframe"); previewBar.style.display = "none";' successfully

2019-06-25 17:54:28 - [TEST_STEP][PASSED] - delay(1): Delayed 1 second(s)

2019-06-25 17:54:29 - [MESSAGE][PASSED] - Delayed 1 second(s)

2019-06-25 17:54:29 - [TEST_STEP][PASSED] - click(findTestObject("OCS-DESKTOP/Shipping page/Change link")): Object: 'Object Repository/OCS-DESKTOP/Shipping page/Change link' is clicked on

2019-06-25 17:54:30 - [MESSAGE][PASSED] - Object: 'Object Repository/OCS-DESKTOP/Shipping page/Change link' is clicked on

2019-06-25 17:54:30 - [TEST_STEP][PASSED] - executeJavaScript("var previewBar = document.getElementById("preview-bar-iframe"); previewBar.style.display = "none";", []): Execute JavaScript 'var previewBar = document.getElementById("preview-bar-iframe"); previewBar.style.display = "none";' successfully

2019-06-25 17:54:30 - [MESSAGE][PASSED] - Execute JavaScript 'var previewBar = document.getElementById("preview-bar-iframe"); previewBar.style.display = "none";' successfully

2019-06-25 17:54:30 - [TEST_STEP][PASSED] - delay(1): Delayed 1 second(s)

2019-06-25 17:54:31 - [MESSAGE][PASSED] - Delayed 1 second(s)

2019-06-25 17:54:31 - [TEST_STEP][PASSED] - click(findTestObject("OCS-DESKTOP/Customer info page/Continue to shipping method - Button")): Object: 'Object Repository/OCS-DESKTOP/Customer info page/Continue to shipping method - Button' is clicked on

2019-06-25 17:54:33 - [MESSAGE][PASSED] - Object: 'Object Repository/OCS-DESKTOP/Customer info page/Continue to shipping method - Button' is clicked on

2019-06-25 17:54:33 - [TEST_STEP][PASSED] - executeJavaScript("var previewBar = document.getElementById("preview-bar-iframe"); previewBar.style.display = "none";", []): Execute JavaScript 'var previewBar = document.getElementById("preview-bar-iframe"); previewBar.style.display = "none";' successfully

2019-06-25 17:54:33 - [MESSAGE][PASSED] - Execute JavaScript 'var previewBar = document.getElementById("preview-bar-iframe"); previewBar.style.display = "none";' successfully

2019-06-25 17:54:33 - [TEST_STEP][PASSED] - delay(1): Delayed 1 second(s)

2019-06-25 17:54:34 - [MESSAGE][PASSED] - Delayed 1 second(s)

2019-06-25 17:54:34 - [TEST_STEP][PASSED] - click(findTestObject("OCS-DESKTOP/Shipping page/Change link 2")): Object: 'Object Repository/OCS-DESKTOP/Shipping page/Change link 2' is clicked on

2019-06-25 17:54:35 - [MESSAGE][PASSED] - Object: 'Object Repository/OCS-DESKTOP/Shipping page/Change link 2' is clicked on

2019-06-25 17:54:35 - [TEST_STEP][PASSED] - executeJavaScript("var previewBar = document.getElementById("preview-bar-iframe"); previewBar.style.display = "none";", []): Execute JavaScript 'var previewBar = document.getElementById("preview-bar-iframe"); previewBar.style.display = "none";' successfully

2019-06-25 17:54:35 - [MESSAGE][PASSED] - Execute JavaScript 'var previewBar = document.getElementById("preview-bar-iframe"); previewBar.style.display = "none";' successfully

2019-06-25 17:54:35 - [TEST_STEP][PASSED] - delay(1): Delayed 1 second(s)

2019-06-25 17:54:36 - [MESSAGE][PASSED] - Delayed 1 second(s)

2019-06-25 17:54:36 - [TEST_STEP][PASSED] - click(findTestObject("OCS-DESKTOP/Customer info page/Continue to shipping method - Button"), CONTINUE_ON_FAILURE): Object: 'Object Repository/OCS-DESKTOP/Customer info page/Continue to shipping method - Button' is clicked on

2019-06-25 17:54:37 - [MESSAGE][PASSED] - Object: 'Object Repository/OCS-DESKTOP/Customer info page/Continue to shipping method - Button' is clicked on

2019-06-25 17:54:37 - [TEST_STEP][FAILED] - executeJavaScript("var previewBar = document.getElementById("preview-bar-iframe"); previewBar.style.display = "none";", []): executeJavaScript("var previewBar = document.getElementById("preview-bar-iframe"); previewBar.style.display = "none";", []) FAILED.
Reason:
com.kms.katalon.core.exception.StepFailedException: Unable to execute JavaScript. (Root cause: org.openqa.selenium.WebDriverException: unknown error: Cannot read property 'style' of null
  (Session info: chrome=75.0.3770.100)
  (Driver info: chromedriver=2.43.600229 (3fae4d0cda5334b4f533bede5a4787f7b832d052),platform=Mac OS X 10.13.6 x86_64) (WARNING: The server did not provide any stacktrace information)
Command duration or timeout: 0 milliseconds
Build info: version: '3.7.1', revision: '8a0099a', time: '2017-11-06T21:07:36.161Z'
System info: host: 'sumans-MacBook-Pro.local', ip: 'fe80:0:0:0:b7:68e8:717b:cb34%en0', os.name: 'Mac OS X', os.arch: 'x86_64', os.version: '10.13.6', java.version: '1.8.0_181'
Driver info: com.kms.katalon.selenium.driver.CChromeDriver
Capabilities {acceptInsecureCerts: false, acceptSslCerts: false, applicationCacheEnabled: false, browserConnectionEnabled: false, browserName: chrome, chrome: {chromedriverVersion: 2.43.600229 (3fae4d0cda5334..., userDataDir: /var/folders/1t/c55l8xzs6gq...}, cssSelectorsEnabled: true, databaseEnabled: false, goog:chromeOptions: {debuggerAddress: localhost:54382}, handlesAlerts: true, hasTouchScreen: false, javascriptEnabled: true, locationContextEnabled: true, mobileEmulationEnabled: false, nativeEvents: true, networkConnectionEnabled: false, pageLoadStrategy: normal, platform: MAC, platformName: MAC, rotatable: false, setWindowRect: true, takesHeapSnapshot: true, takesScreenshot: true, unexpectedAlertBehaviour: , unhandledPromptBehavior: , version: 75.0.3770.100, webStorageEnabled: true}
Session ID: a2197f1f846782309dfa0d567d745e25)
	at com.kms.katalon.core.keyword.internal.KeywordMain.stepFailed(KeywordMain.groovy:36)
	at com.kms.katalon.core.webui.keyword.internal.WebUIKeywordMain.stepFailed(WebUIKeywordMain.groovy:65)
	at com.kms.katalon.core.webui.keyword.internal.WebUIKeywordMain.runKeyword(WebUIKeywordMain.groovy:27)
	at com.kms.katalon.core.webui.keyword.builtin.ExecuteJavaScriptKeyword.executeJavascript(ExecuteJavascriptKeyword.groovy:42)
	at com.kms.katalon.core.webui.keyword.builtin.ExecuteJavaScriptKeyword.execute(ExecuteJavascriptKeyword.groovy:37)
	at com.kms.katalon.core.keyword.internal.KeywordExecutor.executeKeywordForPlatform(KeywordExecutor.groovy:53)
	at com.kms.katalon.core.webui.keyword.WebUiBuiltInKeywords.executeJavaScript(WebUiBuiltInKeywords.groovy:3787)
	at com.kms.katalon.core.webui.keyword.WebUiBuiltInKeywords$executeJavaScript$2.call(Unknown Source)
	at Checkout - Shipping.run(Checkout - Shipping:123)
	at com.kms.katalon.core.main.ScriptEngine.run(ScriptEngine.java:194)
	at com.kms.katalon.core.main.ScriptEngine.runScriptAsRawText(ScriptEngine.java:119)
	at com.kms.katalon.core.main.TestCaseExecutor.runScript(TestCaseExecutor.java:328)
	at com.kms.katalon.core.main.TestCaseExecutor.doExecute(TestCaseExecutor.java:319)
	at com.kms.katalon.core.main.TestCaseExecutor.processExecutionPhase(TestCaseExecutor.java:298)
	at com.kms.katalon.core.main.TestCaseExecutor.accessMainPhase(TestCaseExecutor.java:290)
	at com.kms.katalon.core.main.TestCaseExecutor.execute(TestCaseExecutor.java:224)
	at com.kms.katalon.core.main.TestSuiteExecutor.accessTestCaseMainPhase(TestSuiteExecutor.java:129)
	at com.kms.katalon.core.main.TestSuiteExecutor.accessTestSuiteMainPhase(TestSuiteExecutor.java:112)
	at com.kms.katalon.core.main.TestSuiteExecutor.execute(TestSuiteExecutor.java:81)
	at com.kms.katalon.core.main.TestCaseMain.startTestSuite(TestCaseMain.java:149)
	at com.kms.katalon.core.main.TestCaseMain$startTestSuite$0.call(Unknown Source)
	at TempTestSuite1561499172132.run(TempTestSuite1561499172132.groovy:36)


2019-06-25 17:54:37 - [MESSAGE][FAILED] - Unable to execute JavaScript. (Root cause: org.openqa.selenium.WebDriverException: unknown error: Cannot read property 'style' of null
  (Session info: chrome=75.0.3770.100)
  (Driver info: chromedriver=2.43.600229 (3fae4d0cda5334b4f533bede5a4787f7b832d052),platform=Mac OS X 10.13.6 x86_64) (WARNING: The server did not provide any stacktrace information)
Command duration or timeout: 0 milliseconds
Build info: version: '3.7.1', revision: '8a0099a', time: '2017-11-06T21:07:36.161Z'
System info: host: 'sumans-MacBook-Pro.local', ip: 'fe80:0:0:0:b7:68e8:717b:cb34%en0', os.name: 'Mac OS X', os.arch: 'x86_64', os.version: '10.13.6', java.version: '1.8.0_181'
Driver info: com.kms.katalon.selenium.driver.CChromeDriver
Capabilities {acceptInsecureCerts: false, acceptSslCerts: false, applicationCacheEnabled: false, browserConnectionEnabled: false, browserName: chrome, chrome: {chromedriverVersion: 2.43.600229 (3fae4d0cda5334..., userDataDir: /var/folders/1t/c55l8xzs6gq...}, cssSelectorsEnabled: true, databaseEnabled: false, goog:chromeOptions: {debuggerAddress: localhost:54382}, handlesAlerts: true, hasTouchScreen: false, javascriptEnabled: true, locationContextEnabled: true, mobileEmulationEnabled: false, nativeEvents: true, networkConnectionEnabled: false, pageLoadStrategy: normal, platform: MAC, platformName: MAC, rotatable: false, setWindowRect: true, takesHeapSnapshot: true, takesScreenshot: true, unexpectedAlertBehaviour: , unhandledPromptBehavior: , version: 75.0.3770.100, webStorageEnabled: true}
Session ID: a2197f1f846782309dfa0d567d745e25)
[[ATTACHMENT|/Users/sumankompelly/Relative xpath-Desktop/Reports/OCS - 1.10.2.1/20190625_174612/1561499677317.png]]

2019-06-25 17:54:37 - [MESSAGE][FAILED] - executeJavaScript("var previewBar = document.getElementById("preview-bar-iframe"); previewBar.style.display = "none";", []) FAILED.
Reason:
com.kms.katalon.core.exception.StepFailedException: Unable to execute JavaScript. (Root cause: org.openqa.selenium.WebDriverException: unknown error: Cannot read property 'style' of null
  (Session info: chrome=75.0.3770.100)
  (Driver info: chromedriver=2.43.600229 (3fae4d0cda5334b4f533bede5a4787f7b832d052),platform=Mac OS X 10.13.6 x86_64) (WARNING: The server did not provide any stacktrace information)
Command duration or timeout: 0 milliseconds
Build info: version: '3.7.1', revision: '8a0099a', time: '2017-11-06T21:07:36.161Z'
System info: host: 'sumans-MacBook-Pro.local', ip: 'fe80:0:0:0:b7:68e8:717b:cb34%en0', os.name: 'Mac OS X', os.arch: 'x86_64', os.version: '10.13.6', java.version: '1.8.0_181'
Driver info: com.kms.katalon.selenium.driver.CChromeDriver
Capabilities {acceptInsecureCerts: false, acceptSslCerts: false, applicationCacheEnabled: false, browserConnectionEnabled: false, browserName: chrome, chrome: {chromedriverVersion: 2.43.600229 (3fae4d0cda5334..., userDataDir: /var/folders/1t/c55l8xzs6gq...}, cssSelectorsEnabled: true, databaseEnabled: false, goog:chromeOptions: {debuggerAddress: localhost:54382}, handlesAlerts: true, hasTouchScreen: false, javascriptEnabled: true, locationContextEnabled: true, mobileEmulationEnabled: false, nativeEvents: true, networkConnectionEnabled: false, pageLoadStrategy: normal, platform: MAC, platformName: MAC, rotatable: false, setWindowRect: true, takesHeapSnapshot: true, takesScreenshot: true, unexpectedAlertBehaviour: , unhandledPromptBehavior: , version: 75.0.3770.100, webStorageEnabled: true}
Session ID: a2197f1f846782309dfa0d567d745e25)
	at com.kms.katalon.core.keyword.internal.KeywordMain.stepFailed(KeywordMain.groovy:36)
	at com.kms.katalon.core.webui.keyword.internal.WebUIKeywordMain.stepFailed(WebUIKeywordMain.groovy:65)
	at com.kms.katalon.core.webui.keyword.internal.WebUIKeywordMain.runKeyword(WebUIKeywordMain.groovy:27)
	at com.kms.katalon.core.webui.keyword.builtin.ExecuteJavaScriptKeyword.executeJavascript(ExecuteJavascriptKeyword.groovy:42)
	at com.kms.katalon.core.webui.keyword.builtin.ExecuteJavaScriptKeyword.execute(ExecuteJavascriptKeyword.groovy:37)
	at com.kms.katalon.core.keyword.internal.KeywordExecutor.executeKeywordForPlatform(KeywordExecutor.groovy:53)
	at com.kms.katalon.core.webui.keyword.WebUiBuiltInKeywords.executeJavaScript(WebUiBuiltInKeywords.groovy:3787)
	at com.kms.katalon.core.webui.keyword.WebUiBuiltInKeywords$executeJavaScript$2.call(Unknown Source)
	at Checkout - Shipping.run(Checkout - Shipping:123)
	at com.kms.katalon.core.main.ScriptEngine.run(ScriptEngine.java:194)
	at com.kms.katalon.core.main.ScriptEngine.runScriptAsRawText(ScriptEngine.java:119)
	at com.kms.katalon.core.main.TestCaseExecutor.runScript(TestCaseExecutor.java:328)
	at com.kms.katalon.core.main.TestCaseExecutor.doExecute(TestCaseExecutor.java:319)
	at com.kms.katalon.core.main.TestCaseExecutor.processExecutionPhase(TestCaseExecutor.java:298)
	at com.kms.katalon.core.main.TestCaseExecutor.accessMainPhase(TestCaseExecutor.java:290)
	at com.kms.katalon.core.main.TestCaseExecutor.execute(TestCaseExecutor.java:224)
	at com.kms.katalon.core.main.TestSuiteExecutor.accessTestCaseMainPhase(TestSuiteExecutor.java:129)
	at com.kms.katalon.core.main.TestSuiteExecutor.accessTestSuiteMainPhase(TestSuiteExecutor.java:112)
	at com.kms.katalon.core.main.TestSuiteExecutor.execute(TestSuiteExecutor.java:81)
	at com.kms.katalon.core.main.TestCaseMain.startTestSuite(TestCaseMain.java:149)
	at com.kms.katalon.core.main.TestCaseMain$startTestSuite$0.call(Unknown Source)
	at TempTestSuite1561499172132.run(TempTestSuite1561499172132.groovy:36)]]></system-out>
         <system-err><![CDATA[2019-06-25 17:53:41 - [TEST_CASE][FAILED] - Test Cases/OCS - DESKTOP/OCS- CRITICAL PATH/Checkout - Shipping: Test Cases/OCS - DESKTOP/OCS- CRITICAL PATH/Checkout - Shipping FAILED.
Reason:
com.kms.katalon.core.exception.StepFailedException: Unable to execute JavaScript. (Root cause: org.openqa.selenium.WebDriverException: unknown error: Cannot read property 'style' of null
  (Session info: chrome=75.0.3770.100)
  (Driver info: chromedriver=2.43.600229 (3fae4d0cda5334b4f533bede5a4787f7b832d052),platform=Mac OS X 10.13.6 x86_64) (WARNING: The server did not provide any stacktrace information)
Command duration or timeout: 0 milliseconds
Build info: version: '3.7.1', revision: '8a0099a', time: '2017-11-06T21:07:36.161Z'
System info: host: 'sumans-MacBook-Pro.local', ip: 'fe80:0:0:0:b7:68e8:717b:cb34%en0', os.name: 'Mac OS X', os.arch: 'x86_64', os.version: '10.13.6', java.version: '1.8.0_181'
Driver info: com.kms.katalon.selenium.driver.CChromeDriver
Capabilities {acceptInsecureCerts: false, acceptSslCerts: false, applicationCacheEnabled: false, browserConnectionEnabled: false, browserName: chrome, chrome: {chromedriverVersion: 2.43.600229 (3fae4d0cda5334..., userDataDir: /var/folders/1t/c55l8xzs6gq...}, cssSelectorsEnabled: true, databaseEnabled: false, goog:chromeOptions: {debuggerAddress: localhost:54382}, handlesAlerts: true, hasTouchScreen: false, javascriptEnabled: true, locationContextEnabled: true, mobileEmulationEnabled: false, nativeEvents: true, networkConnectionEnabled: false, pageLoadStrategy: normal, platform: MAC, platformName: MAC, rotatable: false, setWindowRect: true, takesHeapSnapshot: true, takesScreenshot: true, unexpectedAlertBehaviour: , unhandledPromptBehavior: , version: 75.0.3770.100, webStorageEnabled: true}
Session ID: a2197f1f846782309dfa0d567d745e25)
	at com.kms.katalon.core.keyword.internal.KeywordMain.stepFailed(KeywordMain.groovy:36)
	at com.kms.katalon.core.webui.keyword.internal.WebUIKeywordMain.stepFailed(WebUIKeywordMain.groovy:65)
	at com.kms.katalon.core.webui.keyword.internal.WebUIKeywordMain.runKeyword(WebUIKeywordMain.groovy:27)
	at com.kms.katalon.core.webui.keyword.builtin.ExecuteJavaScriptKeyword.executeJavascript(ExecuteJavascriptKeyword.groovy:42)
	at com.kms.katalon.core.webui.keyword.builtin.ExecuteJavaScriptKeyword.execute(ExecuteJavascriptKeyword.groovy:37)
	at com.kms.katalon.core.keyword.internal.KeywordExecutor.executeKeywordForPlatform(KeywordExecutor.groovy:53)
	at com.kms.katalon.core.webui.keyword.WebUiBuiltInKeywords.executeJavaScript(WebUiBuiltInKeywords.groovy:3787)
	at com.kms.katalon.core.webui.keyword.WebUiBuiltInKeywords$executeJavaScript$2.call(Unknown Source)
	at Checkout - Shipping.run(Checkout - Shipping:123)
	at com.kms.katalon.core.main.ScriptEngine.run(ScriptEngine.java:194)
	at com.kms.katalon.core.main.ScriptEngine.runScriptAsRawText(ScriptEngine.java:119)
	at com.kms.katalon.core.main.TestCaseExecutor.runScript(TestCaseExecutor.java:328)
	at com.kms.katalon.core.main.TestCaseExecutor.doExecute(TestCaseExecutor.java:319)
	at com.kms.katalon.core.main.TestCaseExecutor.processExecutionPhase(TestCaseExecutor.java:298)
	at com.kms.katalon.core.main.TestCaseExecutor.accessMainPhase(TestCaseExecutor.java:290)
	at com.kms.katalon.core.main.TestCaseExecutor.execute(TestCaseExecutor.java:224)
	at com.kms.katalon.core.main.TestSuiteExecutor.accessTestCaseMainPhase(TestSuiteExecutor.java:129)
	at com.kms.katalon.core.main.TestSuiteExecutor.accessTestSuiteMainPhase(TestSuiteExecutor.java:112)
	at com.kms.katalon.core.main.TestSuiteExecutor.execute(TestSuiteExecutor.java:81)
	at com.kms.katalon.core.main.TestCaseMain.startTestSuite(TestCaseMain.java:149)
	at com.kms.katalon.core.main.TestCaseMain$startTestSuite$0.call(Unknown Source)
	at TempTestSuite1561499172132.run(TempTestSuite1561499172132.groovy:36)]]></system-err>
      </testcase>
      <testcase name="Test Cases/OCS - DESKTOP/OCS- CRITICAL PATH/Cart page- decrease qty" classname="Test Cases/OCS - DESKTOP/OCS- CRITICAL PATH/Cart page- decrease qty" status="PASSED">
         <system-out><![CDATA[2019-06-25 17:54:37 - [TEST_CASE][PASSED] - Test Cases/OCS - DESKTOP/OCS- CRITICAL PATH/Cart page- decrease qty: Test Cases/OCS - DESKTOP/OCS- CRITICAL PATH/Cart page- decrease qty

2019-06-25 17:54:38 - [TEST_STEP][PASSED] - callTestCase(findTestCase("OCS - DESKTOP/CALL- Age gate"), [:], STOP_ON_FAILURE): Call Test Case 'Test Cases/OCS - DESKTOP/CALL- Age gate' successfully

2019-06-25 17:54:38 - [TEST_CASE][PASSED] - Test Cases/OCS - DESKTOP/CALL- Age gate: Test Cases/OCS - DESKTOP/CALL- Age gate

2019-06-25 17:54:38 - [TEST_STEP][PASSED] - openBrowser(""): Browser is opened with url: ''

2019-06-25 17:54:38 - [MESSAGE][WARNING] - A browser is already opened. Closing browser and opening a new one

2019-06-25 17:54:38 - [MESSAGE][INFO] - Starting 'Chrome' driver

2019-06-25 17:54:39 - [MESSAGE][PASSED] - Browser is opened with url: ''

2019-06-25 17:54:39 - [TEST_STEP][PASSED] - navigateToUrl("https://ocs.ca/?fts=0&preview_theme_id=72920106828"): Navigate to 'https://ocs.ca/?fts=0&preview_theme_id=72920106828' successfully

2019-06-25 17:54:44 - [MESSAGE][PASSED] - Navigate to 'https://ocs.ca/?fts=0&preview_theme_id=72920106828' successfully

2019-06-25 17:54:44 - [TEST_STEP][PASSED] - maximizeWindow(): Current window maximized

2019-06-25 17:54:44 - [MESSAGE][PASSED] - Current window maximized

2019-06-25 17:54:44 - [TEST_STEP][PASSED] - delay(2): Delayed 2 second(s)

2019-06-25 17:54:46 - [MESSAGE][PASSED] - Delayed 2 second(s)

2019-06-25 17:54:46 - [TEST_STEP][PASSED] - executeJavaScript("var previewBar = document.getElementById("preview-bar-iframe"); previewBar.style.display = "none";", []): Execute JavaScript 'var previewBar = document.getElementById("preview-bar-iframe"); previewBar.style.display = "none";' successfully

2019-06-25 17:54:46 - [MESSAGE][PASSED] - Execute JavaScript 'var previewBar = document.getElementById("preview-bar-iframe"); previewBar.style.display = "none";' successfully

2019-06-25 17:54:46 - [TEST_STEP][PASSED] - selectOptionByValue(findTestObject("OCS-DESKTOP/Age gate and Mega menu/Date"), "12", true): All options with value '12' are selected in object 'Object Repository/OCS-DESKTOP/Age gate and Mega menu/Date'  using regular expression

2019-06-25 17:54:46 - [MESSAGE][PASSED] - All options with value '12' are selected in object 'Object Repository/OCS-DESKTOP/Age gate and Mega menu/Date'  using regular expression

2019-06-25 17:54:46 - [TEST_STEP][PASSED] - selectOptionByValue(findTestObject("OCS-DESKTOP/Age gate and Mega menu/month"), "6", true): All options with value '6' are selected in object 'Object Repository/OCS-DESKTOP/Age gate and Mega menu/month'  using regular expression

2019-06-25 17:54:47 - [MESSAGE][PASSED] - All options with value '6' are selected in object 'Object Repository/OCS-DESKTOP/Age gate and Mega menu/month'  using regular expression

2019-06-25 17:54:47 - [TEST_STEP][PASSED] - delay(2): Delayed 2 second(s)

2019-06-25 17:54:49 - [MESSAGE][PASSED] - Delayed 2 second(s)

2019-06-25 17:54:49 - [TEST_STEP][PASSED] - selectOptionByValue(findTestObject("OCS-DESKTOP/Age gate and Mega menu/Year Dropdown"), "1990", true): All options with value '1990' are selected in object 'Object Repository/OCS-DESKTOP/Age gate and Mega menu/Year Dropdown'  using regular expression

2019-06-25 17:54:50 - [MESSAGE][PASSED] - All options with value '1990' are selected in object 'Object Repository/OCS-DESKTOP/Age gate and Mega menu/Year Dropdown'  using regular expression

2019-06-25 17:54:50 - [TEST_STEP][PASSED] - click(findTestObject("OCS-DESKTOP/Age gate and Mega menu/button_Verify")): Object: 'Object Repository/OCS-DESKTOP/Age gate and Mega menu/button_Verify' is clicked on

2019-06-25 17:54:50 - [MESSAGE][PASSED] - Object: 'Object Repository/OCS-DESKTOP/Age gate and Mega menu/button_Verify' is clicked on

2019-06-25 17:54:50 - [TEST_STEP][PASSED] - click(findTestObject("OCS-DESKTOP/Age gate and Mega menu/Checkbox_CONFIRM AND ACKNOWLEDGE")): Object: 'Object Repository/OCS-DESKTOP/Age gate and Mega menu/Checkbox_CONFIRM AND ACKNOWLEDGE' is clicked on

2019-06-25 17:54:50 - [MESSAGE][PASSED] - Object: 'Object Repository/OCS-DESKTOP/Age gate and Mega menu/Checkbox_CONFIRM AND ACKNOWLEDGE' is clicked on

2019-06-25 17:54:50 - [TEST_STEP][PASSED] - click(findTestObject("OCS-DESKTOP/Age gate and Mega menu/button_CONFIRM")): Object: 'Object Repository/OCS-DESKTOP/Age gate and Mega menu/button_CONFIRM' is clicked on

2019-06-25 17:54:50 - [MESSAGE][PASSED] - Object: 'Object Repository/OCS-DESKTOP/Age gate and Mega menu/button_CONFIRM' is clicked on

2019-06-25 17:54:50 - [TEST_STEP][PASSED] - click(findTestObject("OCS-DESKTOP/Age gate and Mega menu/button_Start Browsing")): Object: 'Object Repository/OCS-DESKTOP/Age gate and Mega menu/button_Start Browsing' is clicked on

2019-06-25 17:54:50 - [MESSAGE][PASSED] - Object: 'Object Repository/OCS-DESKTOP/Age gate and Mega menu/button_Start Browsing' is clicked on

2019-06-25 17:54:50 - [TEST_STEP][PASSED] - delay(2): Delayed 2 second(s)

2019-06-25 17:54:52 - [MESSAGE][PASSED] - Delayed 2 second(s)

2019-06-25 17:54:52 - [TEST_STEP][PASSED] - refresh(): Refresh successfully

2019-06-25 17:54:52 - [MESSAGE][PASSED] - Refresh successfully

2019-06-25 17:54:52 - [MESSAGE][PASSED] - Call Test Case 'Test Cases/OCS - DESKTOP/CALL- Age gate' successfully

2019-06-25 17:54:52 - [TEST_STEP][PASSED] - delay(2): Delayed 2 second(s)

2019-06-25 17:54:54 - [MESSAGE][PASSED] - Delayed 2 second(s)

2019-06-25 17:54:54 - [TEST_STEP][PASSED] - click(findTestObject("OCS-DESKTOP/Age gate and Mega menu/Header/CANNABIS menu - English")): Object: 'Object Repository/OCS-DESKTOP/Age gate and Mega menu/Header/CANNABIS menu - English' is clicked on

2019-06-25 17:54:55 - [MESSAGE][PASSED] - Object: 'Object Repository/OCS-DESKTOP/Age gate and Mega menu/Header/CANNABIS menu - English' is clicked on

2019-06-25 17:54:55 - [TEST_STEP][PASSED] - delay(2): Delayed 2 second(s)

2019-06-25 17:54:57 - [MESSAGE][PASSED] - Delayed 2 second(s)

2019-06-25 17:54:57 - [TEST_STEP][PASSED] - click(findTestObject("OCS-DESKTOP/Age gate and Mega menu/Indica Dominant_Menu item")): Object: 'Object Repository/OCS-DESKTOP/Age gate and Mega menu/Indica Dominant_Menu item' is clicked on

2019-06-25 17:55:00 - [MESSAGE][PASSED] - Object: 'Object Repository/OCS-DESKTOP/Age gate and Mega menu/Indica Dominant_Menu item' is clicked on

2019-06-25 17:55:00 - [TEST_STEP][PASSED] - executeJavaScript("var previewBar = document.getElementById("preview-bar-iframe"); previewBar.style.display = "none";", []): Execute JavaScript 'var previewBar = document.getElementById("preview-bar-iframe"); previewBar.style.display = "none";' successfully

2019-06-25 17:55:00 - [MESSAGE][PASSED] - Execute JavaScript 'var previewBar = document.getElementById("preview-bar-iframe"); previewBar.style.display = "none";' successfully

2019-06-25 17:55:00 - [TEST_STEP][PASSED] - delay(2): Delayed 2 second(s)

2019-06-25 17:55:02 - [MESSAGE][PASSED] - Delayed 2 second(s)

2019-06-25 17:55:02 - [TEST_STEP][NOT_RUN] - click(findTestObject("OCS-DESKTOP/Age gate and Mega menu/Dried Flower_Plus icon")): NOT_RUN: click(findTestObject("OCS-DESKTOP/Age gate and Mega menu/Dried Flower_Plus icon"))

2019-06-25 17:55:02 - [MESSAGE][NOT_RUN] - NOT_RUN: click(findTestObject("OCS-DESKTOP/Age gate and Mega menu/Dried Flower_Plus icon"))

2019-06-25 17:55:02 - [TEST_STEP][PASSED] - delay(2): Delayed 2 second(s)

2019-06-25 17:55:04 - [MESSAGE][PASSED] - Delayed 2 second(s)

2019-06-25 17:55:04 - [TEST_STEP][NOT_RUN] - click(findTestObject("OCS-DESKTOP/Age gate and Mega menu/Indica Dominant_Menu item")): NOT_RUN: click(findTestObject("OCS-DESKTOP/Age gate and Mega menu/Indica Dominant_Menu item"))

2019-06-25 17:55:04 - [MESSAGE][NOT_RUN] - NOT_RUN: click(findTestObject("OCS-DESKTOP/Age gate and Mega menu/Indica Dominant_Menu item"))

2019-06-25 17:55:04 - [TEST_STEP][PASSED] - delay(2): Delayed 2 second(s)

2019-06-25 17:55:06 - [MESSAGE][PASSED] - Delayed 2 second(s)

2019-06-25 17:55:06 - [TEST_STEP][PASSED] - click(findTestObject("OCS-DESKTOP/Collection page/Product image - 1st one")): Object: 'Object Repository/OCS-DESKTOP/Collection page/Product image - 1st one' is clicked on

2019-06-25 17:55:09 - [MESSAGE][PASSED] - Object: 'Object Repository/OCS-DESKTOP/Collection page/Product image - 1st one' is clicked on

2019-06-25 17:55:09 - [TEST_STEP][PASSED] - executeJavaScript("var previewBar = document.getElementById("preview-bar-iframe"); previewBar.style.display = "none";", []): Execute JavaScript 'var previewBar = document.getElementById("preview-bar-iframe"); previewBar.style.display = "none";' successfully

2019-06-25 17:55:09 - [MESSAGE][PASSED] - Execute JavaScript 'var previewBar = document.getElementById("preview-bar-iframe"); previewBar.style.display = "none";' successfully

2019-06-25 17:55:09 - [TEST_STEP][NOT_RUN] - scrollToElement(findTestObject("OCS-DESKTOP/Product page/Product image"), 1): NOT_RUN: scrollToElement(findTestObject("OCS-DESKTOP/Product page/Product image"), 1)

2019-06-25 17:55:09 - [MESSAGE][NOT_RUN] - NOT_RUN: scrollToElement(findTestObject("OCS-DESKTOP/Product page/Product image"), 1)

2019-06-25 17:55:09 - [TEST_STEP][PASSED] - delay(2): Delayed 2 second(s)

2019-06-25 17:55:11 - [MESSAGE][PASSED] - Delayed 2 second(s)

2019-06-25 17:55:11 - [TEST_STEP][PASSED] - click(findTestObject("OCS-DESKTOP/Product page/Swatch_1g")): Object: 'Object Repository/OCS-DESKTOP/Product page/Swatch_1g' is clicked on

2019-06-25 17:55:11 - [MESSAGE][PASSED] - Object: 'Object Repository/OCS-DESKTOP/Product page/Swatch_1g' is clicked on

2019-06-25 17:55:11 - [TEST_STEP][NOT_RUN] - scrollToElement(findTestObject("OCS-DESKTOP/Product page/Swatch_3.5g"), 1): NOT_RUN: scrollToElement(findTestObject("OCS-DESKTOP/Product page/Swatch_3.5g"), 1)

2019-06-25 17:55:11 - [MESSAGE][NOT_RUN] - NOT_RUN: scrollToElement(findTestObject("OCS-DESKTOP/Product page/Swatch_3.5g"), 1)

2019-06-25 17:55:11 - [TEST_STEP][PASSED] - delay(2): Delayed 2 second(s)

2019-06-25 17:55:13 - [MESSAGE][PASSED] - Delayed 2 second(s)

2019-06-25 17:55:13 - [TEST_STEP][PASSED] - click(findTestObject("OCS-DESKTOP/Product page/Quantity Increase - Button")): Object: 'Object Repository/OCS-DESKTOP/Product page/Quantity Increase - Button' is clicked on

2019-06-25 17:55:13 - [MESSAGE][PASSED] - Object: 'Object Repository/OCS-DESKTOP/Product page/Quantity Increase - Button' is clicked on

2019-06-25 17:55:13 - [TEST_STEP][PASSED] - delay(1): Delayed 1 second(s)

2019-06-25 17:55:14 - [MESSAGE][PASSED] - Delayed 1 second(s)

2019-06-25 17:55:14 - [TEST_STEP][PASSED] - click(findTestObject("OCS-DESKTOP/Product page/Quantity Increase - Button")): Object: 'Object Repository/OCS-DESKTOP/Product page/Quantity Increase - Button' is clicked on

2019-06-25 17:55:14 - [MESSAGE][PASSED] - Object: 'Object Repository/OCS-DESKTOP/Product page/Quantity Increase - Button' is clicked on

2019-06-25 17:55:14 - [TEST_STEP][PASSED] - delay(1): Delayed 1 second(s)

2019-06-25 17:55:15 - [MESSAGE][PASSED] - Delayed 1 second(s)

2019-06-25 17:55:15 - [TEST_STEP][PASSED] - click(findTestObject("OCS-DESKTOP/Product page/Quantity Increase - Button")): Object: 'Object Repository/OCS-DESKTOP/Product page/Quantity Increase - Button' is clicked on

2019-06-25 17:55:15 - [MESSAGE][PASSED] - Object: 'Object Repository/OCS-DESKTOP/Product page/Quantity Increase - Button' is clicked on

2019-06-25 17:55:15 - [TEST_STEP][PASSED] - delay(1): Delayed 1 second(s)

2019-06-25 17:55:16 - [MESSAGE][PASSED] - Delayed 1 second(s)

2019-06-25 17:55:16 - [TEST_STEP][PASSED] - click(findTestObject("OCS-DESKTOP/Product page/Quantity Increase - Button")): Object: 'Object Repository/OCS-DESKTOP/Product page/Quantity Increase - Button' is clicked on

2019-06-25 17:55:16 - [MESSAGE][PASSED] - Object: 'Object Repository/OCS-DESKTOP/Product page/Quantity Increase - Button' is clicked on

2019-06-25 17:55:16 - [TEST_STEP][PASSED] - delay(1): Delayed 1 second(s)

2019-06-25 17:55:17 - [MESSAGE][PASSED] - Delayed 1 second(s)

2019-06-25 17:55:17 - [TEST_STEP][PASSED] - click(findTestObject("OCS-DESKTOP/Product page/Quantity Increase - Button")): Object: 'Object Repository/OCS-DESKTOP/Product page/Quantity Increase - Button' is clicked on

2019-06-25 17:55:17 - [MESSAGE][PASSED] - Object: 'Object Repository/OCS-DESKTOP/Product page/Quantity Increase - Button' is clicked on

2019-06-25 17:55:17 - [TEST_STEP][PASSED] - delay(2): Delayed 2 second(s)

2019-06-25 17:55:19 - [MESSAGE][PASSED] - Delayed 2 second(s)

2019-06-25 17:55:19 - [TEST_STEP][PASSED] - click(findTestObject("OCS-DESKTOP/Product page/Add to Bag-button")): Object: 'Object Repository/OCS-DESKTOP/Product page/Add to Bag-button' is clicked on

2019-06-25 17:55:20 - [MESSAGE][PASSED] - Object: 'Object Repository/OCS-DESKTOP/Product page/Add to Bag-button' is clicked on

2019-06-25 17:55:20 - [TEST_STEP][PASSED] - delay(1): Delayed 1 second(s)

2019-06-25 17:55:21 - [MESSAGE][PASSED] - Delayed 1 second(s)

2019-06-25 17:55:21 - [TEST_STEP][NOT_RUN] - click(findTestObject("OCS-DESKTOP/Home - page/Cart icon -bag")): NOT_RUN: click(findTestObject("OCS-DESKTOP/Home - page/Cart icon -bag"))

2019-06-25 17:55:21 - [MESSAGE][NOT_RUN] - NOT_RUN: click(findTestObject("OCS-DESKTOP/Home - page/Cart icon -bag"))

2019-06-25 17:55:21 - [TEST_STEP][PASSED] - delay(2): Delayed 2 second(s)

2019-06-25 17:55:23 - [MESSAGE][PASSED] - Delayed 2 second(s)

2019-06-25 17:55:23 - [TEST_STEP][PASSED] - click(findTestObject("OCS-DESKTOP/Cart flyout/Checkbox_I confirm that")): Object: 'Object Repository/OCS-DESKTOP/Cart flyout/Checkbox_I confirm that' is clicked on

2019-06-25 17:55:23 - [MESSAGE][PASSED] - Object: 'Object Repository/OCS-DESKTOP/Cart flyout/Checkbox_I confirm that' is clicked on

2019-06-25 17:55:23 - [TEST_STEP][PASSED] - delay(2): Delayed 2 second(s)

2019-06-25 17:55:25 - [MESSAGE][PASSED] - Delayed 2 second(s)

2019-06-25 17:55:25 - [TEST_STEP][PASSED] - click(findTestObject("OCS-DESKTOP/Cart flyout/Checkbox_Accept the Terms Condition")): Object: 'Object Repository/OCS-DESKTOP/Cart flyout/Checkbox_Accept the Terms Condition' is clicked on

2019-06-25 17:55:25 - [MESSAGE][PASSED] - Object: 'Object Repository/OCS-DESKTOP/Cart flyout/Checkbox_Accept the Terms Condition' is clicked on

2019-06-25 17:55:25 - [TEST_STEP][PASSED] - delay(1): Delayed 1 second(s)

2019-06-25 17:55:26 - [MESSAGE][PASSED] - Delayed 1 second(s)

2019-06-25 17:55:26 - [TEST_STEP][PASSED] - click(findTestObject("OCS-DESKTOP/Cart flyout/Checkout - Button")): Object: 'Object Repository/OCS-DESKTOP/Cart flyout/Checkout - Button' is clicked on

2019-06-25 17:55:28 - [MESSAGE][PASSED] - Object: 'Object Repository/OCS-DESKTOP/Cart flyout/Checkout - Button' is clicked on

2019-06-25 17:55:28 - [TEST_STEP][PASSED] - executeJavaScript("var previewBar = document.getElementById("preview-bar-iframe"); previewBar.style.display = "none";", []): Execute JavaScript 'var previewBar = document.getElementById("preview-bar-iframe"); previewBar.style.display = "none";' successfully

2019-06-25 17:55:28 - [MESSAGE][PASSED] - Execute JavaScript 'var previewBar = document.getElementById("preview-bar-iframe"); previewBar.style.display = "none";' successfully

2019-06-25 17:55:28 - [TEST_STEP][PASSED] - delay(2): Delayed 2 second(s)

2019-06-25 17:55:30 - [MESSAGE][PASSED] - Delayed 2 second(s)

2019-06-25 17:55:30 - [TEST_STEP][NOT_RUN] - scrollToElement(findTestObject("OCS-DESKTOP/Customer info page/Return to Cart - Link"), 1): NOT_RUN: scrollToElement(findTestObject("OCS-DESKTOP/Customer info page/Return to Cart - Link"), 1)

2019-06-25 17:55:30 - [MESSAGE][NOT_RUN] - NOT_RUN: scrollToElement(findTestObject("OCS-DESKTOP/Customer info page/Return to Cart - Link"), 1)

2019-06-25 17:55:30 - [TEST_STEP][PASSED] - delay(1): Delayed 1 second(s)

2019-06-25 17:55:31 - [MESSAGE][PASSED] - Delayed 1 second(s)

2019-06-25 17:55:31 - [TEST_STEP][PASSED] - delay(2): Delayed 2 second(s)

2019-06-25 17:55:33 - [MESSAGE][PASSED] - Delayed 2 second(s)

2019-06-25 17:55:33 - [TEST_STEP][PASSED] - click(findTestObject("OCS-DESKTOP/Customer info page/Return to Cart - Link")): Object: 'Object Repository/OCS-DESKTOP/Customer info page/Return to Cart - Link' is clicked on

2019-06-25 17:55:34 - [MESSAGE][PASSED] - Object: 'Object Repository/OCS-DESKTOP/Customer info page/Return to Cart - Link' is clicked on

2019-06-25 17:55:34 - [TEST_STEP][PASSED] - delay(1): Delayed 1 second(s)

2019-06-25 17:55:35 - [MESSAGE][PASSED] - Delayed 1 second(s)

2019-06-25 17:55:35 - [TEST_STEP][PASSED] - delay(1): Delayed 1 second(s)

2019-06-25 17:55:36 - [MESSAGE][PASSED] - Delayed 1 second(s)

2019-06-25 17:55:36 - [TEST_STEP][PASSED] - a = getText(findTestObject("OCS-DESKTOP/Cart page/Unit price - product - price in cart page")): Text of object 'Object Repository/OCS-DESKTOP/Cart page/Unit price - product - price in cart page' is: '$61.50'

2019-06-25 17:55:36 - [MESSAGE][PASSED] - Text of object 'Object Repository/OCS-DESKTOP/Cart page/Unit price - product - price in cart page' is: '$61.50'

2019-06-25 17:55:36 - [TEST_STEP][PASSED] - comment(a): $61.50

2019-06-25 17:55:36 - [MESSAGE][INFO] - $61.50

2019-06-25 17:55:36 - [TEST_STEP][PASSED] - click(findTestObject("OCS-DESKTOP/Cart page/Quantity Input field")): Object: 'Object Repository/OCS-DESKTOP/Cart page/Quantity Input field' is clicked on

2019-06-25 17:55:36 - [MESSAGE][PASSED] - Object: 'Object Repository/OCS-DESKTOP/Cart page/Quantity Input field' is clicked on

2019-06-25 17:55:36 - [TEST_STEP][PASSED] - sendKeys(findTestObject("OCS-DESKTOP/Cart page/Quantity Input field"), Keys.chord(CLEAR)): Keys 'CLEAR + ' sent to object: 'Object Repository/OCS-DESKTOP/Cart page/Quantity Input field'

2019-06-25 17:55:36 - [MESSAGE][PASSED] - Keys 'CLEAR + ' sent to object: 'Object Repository/OCS-DESKTOP/Cart page/Quantity Input field'

2019-06-25 17:55:36 - [TEST_STEP][PASSED] - setText(findTestObject("OCS-DESKTOP/Cart page/Quantity Input field"), "10"): Text '10' is set on object 'Object Repository/OCS-DESKTOP/Cart page/Quantity Input field'

2019-06-25 17:55:37 - [MESSAGE][PASSED] - Text '10' is set on object 'Object Repository/OCS-DESKTOP/Cart page/Quantity Input field'

2019-06-25 17:55:37 - [TEST_STEP][PASSED] - delay(2): Delayed 2 second(s)

2019-06-25 17:55:39 - [MESSAGE][PASSED] - Delayed 2 second(s)

2019-06-25 17:55:39 - [TEST_STEP][PASSED] - sendKeys(findTestObject("OCS-DESKTOP/Cart page/Quantity Input field"), Keys.chord(CLEAR)): Keys 'CLEAR + ' sent to object: 'Object Repository/OCS-DESKTOP/Cart page/Quantity Input field'

2019-06-25 17:55:39 - [MESSAGE][PASSED] - Keys 'CLEAR + ' sent to object: 'Object Repository/OCS-DESKTOP/Cart page/Quantity Input field'

2019-06-25 17:55:39 - [TEST_STEP][NOT_RUN] - click(findTestObject("OCS-DESKTOP/Cart page/enter quantity")): NOT_RUN: click(findTestObject("OCS-DESKTOP/Cart page/enter quantity"))

2019-06-25 17:55:39 - [MESSAGE][NOT_RUN] - NOT_RUN: click(findTestObject("OCS-DESKTOP/Cart page/enter quantity"))

2019-06-25 17:55:39 - [TEST_STEP][PASSED] - delay(2): Delayed 2 second(s)

2019-06-25 17:55:41 - [MESSAGE][PASSED] - Delayed 2 second(s)

2019-06-25 17:55:41 - [TEST_STEP][PASSED] - setText(findTestObject("OCS-DESKTOP/Cart page/Quantity Input field"), "7"): Text '7' is set on object 'Object Repository/OCS-DESKTOP/Cart page/Quantity Input field'

2019-06-25 17:55:41 - [MESSAGE][PASSED] - Text '7' is set on object 'Object Repository/OCS-DESKTOP/Cart page/Quantity Input field'

2019-06-25 17:55:41 - [TEST_STEP][PASSED] - delay(2): Delayed 2 second(s)

2019-06-25 17:55:43 - [MESSAGE][PASSED] - Delayed 2 second(s)

2019-06-25 17:55:43 - [TEST_STEP][NOT_RUN] - click(findTestObject("OCS-DESKTOP/Cart page/Unit price - product")): NOT_RUN: click(findTestObject("OCS-DESKTOP/Cart page/Unit price - product"))

2019-06-25 17:55:43 - [MESSAGE][NOT_RUN] - NOT_RUN: click(findTestObject("OCS-DESKTOP/Cart page/Unit price - product"))

2019-06-25 17:55:43 - [TEST_STEP][PASSED] - delay(2): Delayed 2 second(s)

2019-06-25 17:55:45 - [MESSAGE][PASSED] - Delayed 2 second(s)

2019-06-25 17:55:45 - [TEST_STEP][PASSED] - click(findTestObject("OCS-DESKTOP/Cart page/Qty Decrease icon")): Object: 'Object Repository/OCS-DESKTOP/Cart page/Qty Decrease icon' is clicked on

2019-06-25 17:55:45 - [MESSAGE][PASSED] - Object: 'Object Repository/OCS-DESKTOP/Cart page/Qty Decrease icon' is clicked on

2019-06-25 17:55:45 - [TEST_STEP][PASSED] - delay(2): Delayed 2 second(s)

2019-06-25 17:55:47 - [MESSAGE][PASSED] - Delayed 2 second(s)

2019-06-25 17:55:47 - [TEST_STEP][PASSED] - click(findTestObject("OCS-DESKTOP/Cart page/Qty Decrease icon")): Object: 'Object Repository/OCS-DESKTOP/Cart page/Qty Decrease icon' is clicked on

2019-06-25 17:55:47 - [MESSAGE][PASSED] - Object: 'Object Repository/OCS-DESKTOP/Cart page/Qty Decrease icon' is clicked on

2019-06-25 17:55:47 - [TEST_STEP][PASSED] - delay(2): Delayed 2 second(s)

2019-06-25 17:55:49 - [MESSAGE][PASSED] - Delayed 2 second(s)

2019-06-25 17:55:49 - [TEST_STEP][PASSED] - click(findTestObject("OCS-DESKTOP/Cart page/Qty Decrease icon")): Object: 'Object Repository/OCS-DESKTOP/Cart page/Qty Decrease icon' is clicked on

2019-06-25 17:55:49 - [MESSAGE][PASSED] - Object: 'Object Repository/OCS-DESKTOP/Cart page/Qty Decrease icon' is clicked on

2019-06-25 17:55:49 - [TEST_STEP][PASSED] - delay(2): Delayed 2 second(s)

2019-06-25 17:55:51 - [MESSAGE][PASSED] - Delayed 2 second(s)

2019-06-25 17:55:51 - [TEST_STEP][PASSED] - b = getText(findTestObject("OCS-DESKTOP/Cart page/Unit price - product - price in cart page")): Text of object 'Object Repository/OCS-DESKTOP/Cart page/Unit price - product - price in cart page' is: '$41.00'

2019-06-25 17:55:51 - [MESSAGE][PASSED] - Text of object 'Object Repository/OCS-DESKTOP/Cart page/Unit price - product - price in cart page' is: '$41.00'

2019-06-25 17:55:51 - [TEST_STEP][PASSED] - comment(b): $41.00

2019-06-25 17:55:51 - [MESSAGE][INFO] - $41.00

2019-06-25 17:55:51 - [TEST_STEP][PASSED] - verifyNotEqual("a", "b"): Actual object 'a' and expected object 'b' are not equal

2019-06-25 17:55:51 - [MESSAGE][PASSED] - Actual object 'a' and expected object 'b' are not equal

2019-06-25 17:55:51 - [TEST_STEP][PASSED] - comment(" price changed . Quantity selector is working"):  price changed . Quantity selector is working

2019-06-25 17:55:51 - [MESSAGE][INFO] -  price changed . Quantity selector is working]]></system-out>
         <system-err><![CDATA[]]></system-err>
      </testcase>
      <testcase name="Test Cases/OCS - DESKTOP/OCS- CRITICAL PATH/cart page-increase qty" classname="Test Cases/OCS - DESKTOP/OCS- CRITICAL PATH/cart page-increase qty" status="PASSED">
         <system-out><![CDATA[2019-06-25 17:55:51 - [TEST_CASE][PASSED] - Test Cases/OCS - DESKTOP/OCS- CRITICAL PATH/cart page-increase qty: Test Cases/OCS - DESKTOP/OCS- CRITICAL PATH/cart page-increase qty

2019-06-25 17:55:51 - [TEST_STEP][PASSED] - callTestCase(findTestCase("OCS - DESKTOP/CALL- Age gate"), [:], STOP_ON_FAILURE): Call Test Case 'Test Cases/OCS - DESKTOP/CALL- Age gate' successfully

2019-06-25 17:55:51 - [TEST_CASE][PASSED] - Test Cases/OCS - DESKTOP/CALL- Age gate: Test Cases/OCS - DESKTOP/CALL- Age gate

2019-06-25 17:55:51 - [TEST_STEP][PASSED] - openBrowser(""): Browser is opened with url: ''

2019-06-25 17:55:51 - [MESSAGE][WARNING] - A browser is already opened. Closing browser and opening a new one

2019-06-25 17:55:51 - [MESSAGE][INFO] - Starting 'Chrome' driver

2019-06-25 17:55:52 - [MESSAGE][PASSED] - Browser is opened with url: ''

2019-06-25 17:55:52 - [TEST_STEP][PASSED] - navigateToUrl("https://ocs.ca/?fts=0&preview_theme_id=72920106828"): Navigate to 'https://ocs.ca/?fts=0&preview_theme_id=72920106828' successfully

2019-06-25 17:56:00 - [MESSAGE][PASSED] - Navigate to 'https://ocs.ca/?fts=0&preview_theme_id=72920106828' successfully

2019-06-25 17:56:00 - [TEST_STEP][PASSED] - maximizeWindow(): Current window maximized

2019-06-25 17:56:00 - [MESSAGE][PASSED] - Current window maximized

2019-06-25 17:56:00 - [TEST_STEP][PASSED] - delay(2): Delayed 2 second(s)

2019-06-25 17:56:02 - [MESSAGE][PASSED] - Delayed 2 second(s)

2019-06-25 17:56:02 - [TEST_STEP][PASSED] - executeJavaScript("var previewBar = document.getElementById("preview-bar-iframe"); previewBar.style.display = "none";", []): Execute JavaScript 'var previewBar = document.getElementById("preview-bar-iframe"); previewBar.style.display = "none";' successfully

2019-06-25 17:56:02 - [MESSAGE][PASSED] - Execute JavaScript 'var previewBar = document.getElementById("preview-bar-iframe"); previewBar.style.display = "none";' successfully

2019-06-25 17:56:02 - [TEST_STEP][PASSED] - selectOptionByValue(findTestObject("OCS-DESKTOP/Age gate and Mega menu/Date"), "12", true): All options with value '12' are selected in object 'Object Repository/OCS-DESKTOP/Age gate and Mega menu/Date'  using regular expression

2019-06-25 17:56:02 - [MESSAGE][PASSED] - All options with value '12' are selected in object 'Object Repository/OCS-DESKTOP/Age gate and Mega menu/Date'  using regular expression

2019-06-25 17:56:02 - [TEST_STEP][PASSED] - selectOptionByValue(findTestObject("OCS-DESKTOP/Age gate and Mega menu/month"), "6", true): All options with value '6' are selected in object 'Object Repository/OCS-DESKTOP/Age gate and Mega menu/month'  using regular expression

2019-06-25 17:56:03 - [MESSAGE][PASSED] - All options with value '6' are selected in object 'Object Repository/OCS-DESKTOP/Age gate and Mega menu/month'  using regular expression

2019-06-25 17:56:03 - [TEST_STEP][PASSED] - delay(2): Delayed 2 second(s)

2019-06-25 17:56:05 - [MESSAGE][PASSED] - Delayed 2 second(s)

2019-06-25 17:56:05 - [TEST_STEP][PASSED] - selectOptionByValue(findTestObject("OCS-DESKTOP/Age gate and Mega menu/Year Dropdown"), "1990", true): All options with value '1990' are selected in object 'Object Repository/OCS-DESKTOP/Age gate and Mega menu/Year Dropdown'  using regular expression

2019-06-25 17:56:06 - [MESSAGE][PASSED] - All options with value '1990' are selected in object 'Object Repository/OCS-DESKTOP/Age gate and Mega menu/Year Dropdown'  using regular expression

2019-06-25 17:56:06 - [TEST_STEP][PASSED] - click(findTestObject("OCS-DESKTOP/Age gate and Mega menu/button_Verify")): Object: 'Object Repository/OCS-DESKTOP/Age gate and Mega menu/button_Verify' is clicked on

2019-06-25 17:56:06 - [MESSAGE][PASSED] - Object: 'Object Repository/OCS-DESKTOP/Age gate and Mega menu/button_Verify' is clicked on

2019-06-25 17:56:06 - [TEST_STEP][PASSED] - click(findTestObject("OCS-DESKTOP/Age gate and Mega menu/Checkbox_CONFIRM AND ACKNOWLEDGE")): Object: 'Object Repository/OCS-DESKTOP/Age gate and Mega menu/Checkbox_CONFIRM AND ACKNOWLEDGE' is clicked on

2019-06-25 17:56:06 - [MESSAGE][PASSED] - Object: 'Object Repository/OCS-DESKTOP/Age gate and Mega menu/Checkbox_CONFIRM AND ACKNOWLEDGE' is clicked on

2019-06-25 17:56:06 - [TEST_STEP][PASSED] - click(findTestObject("OCS-DESKTOP/Age gate and Mega menu/button_CONFIRM")): Object: 'Object Repository/OCS-DESKTOP/Age gate and Mega menu/button_CONFIRM' is clicked on

2019-06-25 17:56:06 - [MESSAGE][PASSED] - Object: 'Object Repository/OCS-DESKTOP/Age gate and Mega menu/button_CONFIRM' is clicked on

2019-06-25 17:56:06 - [TEST_STEP][PASSED] - click(findTestObject("OCS-DESKTOP/Age gate and Mega menu/button_Start Browsing")): Object: 'Object Repository/OCS-DESKTOP/Age gate and Mega menu/button_Start Browsing' is clicked on

2019-06-25 17:56:06 - [MESSAGE][PASSED] - Object: 'Object Repository/OCS-DESKTOP/Age gate and Mega menu/button_Start Browsing' is clicked on

2019-06-25 17:56:06 - [TEST_STEP][PASSED] - delay(2): Delayed 2 second(s)

2019-06-25 17:56:08 - [MESSAGE][PASSED] - Delayed 2 second(s)

2019-06-25 17:56:08 - [TEST_STEP][PASSED] - refresh(): Refresh successfully

2019-06-25 17:56:08 - [MESSAGE][PASSED] - Refresh successfully

2019-06-25 17:56:08 - [MESSAGE][PASSED] - Call Test Case 'Test Cases/OCS - DESKTOP/CALL- Age gate' successfully

2019-06-25 17:56:08 - [TEST_STEP][PASSED] - delay(2): Delayed 2 second(s)

2019-06-25 17:56:10 - [MESSAGE][PASSED] - Delayed 2 second(s)

2019-06-25 17:56:10 - [TEST_STEP][PASSED] - click(findTestObject("OCS-DESKTOP/Age gate and Mega menu/Header/CANNABIS menu - English")): Object: 'Object Repository/OCS-DESKTOP/Age gate and Mega menu/Header/CANNABIS menu - English' is clicked on

2019-06-25 17:56:11 - [MESSAGE][PASSED] - Object: 'Object Repository/OCS-DESKTOP/Age gate and Mega menu/Header/CANNABIS menu - English' is clicked on

2019-06-25 17:56:11 - [TEST_STEP][PASSED] - delay(2): Delayed 2 second(s)

2019-06-25 17:56:13 - [MESSAGE][PASSED] - Delayed 2 second(s)

2019-06-25 17:56:13 - [TEST_STEP][PASSED] - executeJavaScript("var previewBar = document.getElementById("preview-bar-iframe"); previewBar.style.display = "none";", []): Execute JavaScript 'var previewBar = document.getElementById("preview-bar-iframe"); previewBar.style.display = "none";' successfully

2019-06-25 17:56:13 - [MESSAGE][PASSED] - Execute JavaScript 'var previewBar = document.getElementById("preview-bar-iframe"); previewBar.style.display = "none";' successfully

2019-06-25 17:56:13 - [TEST_STEP][PASSED] - click(findTestObject("OCS-DESKTOP/Age gate and Mega menu/Indica Dominant_Menu item")): Object: 'Object Repository/OCS-DESKTOP/Age gate and Mega menu/Indica Dominant_Menu item' is clicked on

2019-06-25 17:56:16 - [MESSAGE][PASSED] - Object: 'Object Repository/OCS-DESKTOP/Age gate and Mega menu/Indica Dominant_Menu item' is clicked on

2019-06-25 17:56:16 - [TEST_STEP][PASSED] - delay(2): Delayed 2 second(s)

2019-06-25 17:56:18 - [MESSAGE][PASSED] - Delayed 2 second(s)

2019-06-25 17:56:18 - [TEST_STEP][PASSED] - executeJavaScript("var previewBar = document.getElementById("preview-bar-iframe"); previewBar.style.display = "none";", []): Execute JavaScript 'var previewBar = document.getElementById("preview-bar-iframe"); previewBar.style.display = "none";' successfully

2019-06-25 17:56:18 - [MESSAGE][PASSED] - Execute JavaScript 'var previewBar = document.getElementById("preview-bar-iframe"); previewBar.style.display = "none";' successfully

2019-06-25 17:56:18 - [TEST_STEP][PASSED] - click(findTestObject("OCS-DESKTOP/Collection page/Product image - 1st one")): Object: 'Object Repository/OCS-DESKTOP/Collection page/Product image - 1st one' is clicked on

2019-06-25 17:56:21 - [MESSAGE][PASSED] - Object: 'Object Repository/OCS-DESKTOP/Collection page/Product image - 1st one' is clicked on

2019-06-25 17:56:21 - [TEST_STEP][PASSED] - executeJavaScript("var previewBar = document.getElementById("preview-bar-iframe"); previewBar.style.display = "none";", []): Execute JavaScript 'var previewBar = document.getElementById("preview-bar-iframe"); previewBar.style.display = "none";' successfully

2019-06-25 17:56:21 - [MESSAGE][PASSED] - Execute JavaScript 'var previewBar = document.getElementById("preview-bar-iframe"); previewBar.style.display = "none";' successfully

2019-06-25 17:56:21 - [TEST_STEP][NOT_RUN] - scrollToElement(findTestObject("OCS-DESKTOP/Product page/Product image"), 1): NOT_RUN: scrollToElement(findTestObject("OCS-DESKTOP/Product page/Product image"), 1)

2019-06-25 17:56:21 - [MESSAGE][NOT_RUN] - NOT_RUN: scrollToElement(findTestObject("OCS-DESKTOP/Product page/Product image"), 1)

2019-06-25 17:56:21 - [TEST_STEP][PASSED] - delay(2): Delayed 2 second(s)

2019-06-25 17:56:23 - [MESSAGE][PASSED] - Delayed 2 second(s)

2019-06-25 17:56:23 - [TEST_STEP][PASSED] - click(findTestObject("OCS-DESKTOP/Product page/Swatch_1g")): Object: 'Object Repository/OCS-DESKTOP/Product page/Swatch_1g' is clicked on

2019-06-25 17:56:23 - [MESSAGE][PASSED] - Object: 'Object Repository/OCS-DESKTOP/Product page/Swatch_1g' is clicked on

2019-06-25 17:56:23 - [TEST_STEP][PASSED] - delay(2): Delayed 2 second(s)

2019-06-25 17:56:25 - [MESSAGE][PASSED] - Delayed 2 second(s)

2019-06-25 17:56:25 - [TEST_STEP][PASSED] - click(findTestObject("OCS-DESKTOP/Product page/Add to Bag-button")): Object: 'Object Repository/OCS-DESKTOP/Product page/Add to Bag-button' is clicked on

2019-06-25 17:56:25 - [MESSAGE][PASSED] - Object: 'Object Repository/OCS-DESKTOP/Product page/Add to Bag-button' is clicked on

2019-06-25 17:56:25 - [TEST_STEP][PASSED] - delay(1): Delayed 1 second(s)

2019-06-25 17:56:26 - [MESSAGE][PASSED] - Delayed 1 second(s)

2019-06-25 17:56:26 - [TEST_STEP][NOT_RUN] - click(findTestObject("OCS-DESKTOP/Home - page/Cart icon -bag")): NOT_RUN: click(findTestObject("OCS-DESKTOP/Home - page/Cart icon -bag"))

2019-06-25 17:56:26 - [MESSAGE][NOT_RUN] - NOT_RUN: click(findTestObject("OCS-DESKTOP/Home - page/Cart icon -bag"))

2019-06-25 17:56:26 - [TEST_STEP][PASSED] - delay(1): Delayed 1 second(s)

2019-06-25 17:56:27 - [MESSAGE][PASSED] - Delayed 1 second(s)

2019-06-25 17:56:27 - [TEST_STEP][PASSED] - click(findTestObject("OCS-DESKTOP/Cart flyout/Checkbox_I confirm that")): Object: 'Object Repository/OCS-DESKTOP/Cart flyout/Checkbox_I confirm that' is clicked on

2019-06-25 17:56:28 - [MESSAGE][PASSED] - Object: 'Object Repository/OCS-DESKTOP/Cart flyout/Checkbox_I confirm that' is clicked on

2019-06-25 17:56:28 - [TEST_STEP][PASSED] - click(findTestObject("OCS-DESKTOP/Cart flyout/Checkbox_Accept the Terms Condition")): Object: 'Object Repository/OCS-DESKTOP/Cart flyout/Checkbox_Accept the Terms Condition' is clicked on

2019-06-25 17:56:28 - [MESSAGE][PASSED] - Object: 'Object Repository/OCS-DESKTOP/Cart flyout/Checkbox_Accept the Terms Condition' is clicked on

2019-06-25 17:56:28 - [TEST_STEP][PASSED] - delay(1): Delayed 1 second(s)

2019-06-25 17:56:29 - [MESSAGE][PASSED] - Delayed 1 second(s)

2019-06-25 17:56:29 - [TEST_STEP][PASSED] - click(findTestObject("OCS-DESKTOP/Cart flyout/Checkout - Button")): Object: 'Object Repository/OCS-DESKTOP/Cart flyout/Checkout - Button' is clicked on

2019-06-25 17:56:30 - [MESSAGE][PASSED] - Object: 'Object Repository/OCS-DESKTOP/Cart flyout/Checkout - Button' is clicked on

2019-06-25 17:56:30 - [TEST_STEP][PASSED] - delay(2): Delayed 2 second(s)

2019-06-25 17:56:32 - [MESSAGE][PASSED] - Delayed 2 second(s)

2019-06-25 17:56:32 - [TEST_STEP][PASSED] - scrollToElement(findTestObject("OCS-DESKTOP/Customer info page/Return to Cart - Link"), 1): Scroll to object 'Object Repository/OCS-DESKTOP/Customer info page/Return to Cart - Link' successfully

2019-06-25 17:56:32 - [MESSAGE][PASSED] - Scroll to object 'Object Repository/OCS-DESKTOP/Customer info page/Return to Cart - Link' successfully

2019-06-25 17:56:32 - [TEST_STEP][PASSED] - executeJavaScript("var previewBar = document.getElementById("preview-bar-iframe"); previewBar.style.display = "none";", []): Execute JavaScript 'var previewBar = document.getElementById("preview-bar-iframe"); previewBar.style.display = "none";' successfully

2019-06-25 17:56:32 - [MESSAGE][PASSED] - Execute JavaScript 'var previewBar = document.getElementById("preview-bar-iframe"); previewBar.style.display = "none";' successfully

2019-06-25 17:56:32 - [TEST_STEP][PASSED] - delay(1): Delayed 1 second(s)

2019-06-25 17:56:33 - [MESSAGE][PASSED] - Delayed 1 second(s)

2019-06-25 17:56:33 - [TEST_STEP][PASSED] - click(findTestObject("OCS-DESKTOP/Customer info page/Return to Cart - Link")): Object: 'Object Repository/OCS-DESKTOP/Customer info page/Return to Cart - Link' is clicked on

2019-06-25 17:56:35 - [MESSAGE][PASSED] - Object: 'Object Repository/OCS-DESKTOP/Customer info page/Return to Cart - Link' is clicked on

2019-06-25 17:56:35 - [TEST_STEP][PASSED] - delay(1): Delayed 1 second(s)

2019-06-25 17:56:36 - [MESSAGE][PASSED] - Delayed 1 second(s)

2019-06-25 17:56:36 - [TEST_STEP][PASSED] - a = getText(findTestObject("OCS-DESKTOP/Cart page/Unit price - product - price in cart page")): Text of object 'Object Repository/OCS-DESKTOP/Cart page/Unit price - product - price in cart page' is: '$10.25'

2019-06-25 17:56:36 - [MESSAGE][PASSED] - Text of object 'Object Repository/OCS-DESKTOP/Cart page/Unit price - product - price in cart page' is: '$10.25'

2019-06-25 17:56:36 - [TEST_STEP][PASSED] - comment(a): $10.25

2019-06-25 17:56:36 - [MESSAGE][INFO] - $10.25

2019-06-25 17:56:36 - [TEST_STEP][PASSED] - click(findTestObject("OCS-DESKTOP/Cart page/Quantity Input field")): Object: 'Object Repository/OCS-DESKTOP/Cart page/Quantity Input field' is clicked on

2019-06-25 17:56:36 - [MESSAGE][PASSED] - Object: 'Object Repository/OCS-DESKTOP/Cart page/Quantity Input field' is clicked on

2019-06-25 17:56:36 - [TEST_STEP][PASSED] - sendKeys(findTestObject("OCS-DESKTOP/Cart page/Quantity Input field"), Keys.chord(CLEAR)): Keys 'CLEAR + ' sent to object: 'Object Repository/OCS-DESKTOP/Cart page/Quantity Input field'

2019-06-25 17:56:36 - [MESSAGE][PASSED] - Keys 'CLEAR + ' sent to object: 'Object Repository/OCS-DESKTOP/Cart page/Quantity Input field'

2019-06-25 17:56:36 - [TEST_STEP][PASSED] - setText(findTestObject("OCS-DESKTOP/Cart page/Quantity Input field"), "5"): Text '5' is set on object 'Object Repository/OCS-DESKTOP/Cart page/Quantity Input field'

2019-06-25 17:56:36 - [MESSAGE][PASSED] - Text '5' is set on object 'Object Repository/OCS-DESKTOP/Cart page/Quantity Input field'

2019-06-25 17:56:36 - [TEST_STEP][PASSED] - delay(2): Delayed 2 second(s)

2019-06-25 17:56:38 - [MESSAGE][PASSED] - Delayed 2 second(s)

2019-06-25 17:56:38 - [TEST_STEP][PASSED] - sendKeys(findTestObject("OCS-DESKTOP/Cart page/Quantity Input field"), Keys.chord(CLEAR)): Keys 'CLEAR + ' sent to object: 'Object Repository/OCS-DESKTOP/Cart page/Quantity Input field'

2019-06-25 17:56:38 - [MESSAGE][PASSED] - Keys 'CLEAR + ' sent to object: 'Object Repository/OCS-DESKTOP/Cart page/Quantity Input field'

2019-06-25 17:56:38 - [TEST_STEP][PASSED] - setText(findTestObject("OCS-DESKTOP/Cart page/Quantity Input field"), "7"): Text '7' is set on object 'Object Repository/OCS-DESKTOP/Cart page/Quantity Input field'

2019-06-25 17:56:38 - [MESSAGE][PASSED] - Text '7' is set on object 'Object Repository/OCS-DESKTOP/Cart page/Quantity Input field'

2019-06-25 17:56:38 - [TEST_STEP][PASSED] - delay(2): Delayed 2 second(s)

2019-06-25 17:56:40 - [MESSAGE][PASSED] - Delayed 2 second(s)

2019-06-25 17:56:40 - [TEST_STEP][PASSED] - click(findTestObject("OCS-DESKTOP/Cart page/Qty Increase icon")): Object: 'Object Repository/OCS-DESKTOP/Cart page/Qty Increase icon' is clicked on

2019-06-25 17:56:40 - [MESSAGE][PASSED] - Object: 'Object Repository/OCS-DESKTOP/Cart page/Qty Increase icon' is clicked on

2019-06-25 17:56:40 - [TEST_STEP][PASSED] - delay(2): Delayed 2 second(s)

2019-06-25 17:56:42 - [MESSAGE][PASSED] - Delayed 2 second(s)

2019-06-25 17:56:42 - [TEST_STEP][PASSED] - click(findTestObject("OCS-DESKTOP/Cart page/Qty Increase icon")): Object: 'Object Repository/OCS-DESKTOP/Cart page/Qty Increase icon' is clicked on

2019-06-25 17:56:42 - [MESSAGE][PASSED] - Object: 'Object Repository/OCS-DESKTOP/Cart page/Qty Increase icon' is clicked on

2019-06-25 17:56:42 - [TEST_STEP][PASSED] - delay(2): Delayed 2 second(s)

2019-06-25 17:56:44 - [MESSAGE][PASSED] - Delayed 2 second(s)

2019-06-25 17:56:44 - [TEST_STEP][PASSED] - click(findTestObject("OCS-DESKTOP/Cart page/Qty Increase icon")): Object: 'Object Repository/OCS-DESKTOP/Cart page/Qty Increase icon' is clicked on

2019-06-25 17:56:44 - [MESSAGE][PASSED] - Object: 'Object Repository/OCS-DESKTOP/Cart page/Qty Increase icon' is clicked on

2019-06-25 17:56:44 - [TEST_STEP][PASSED] - delay(2): Delayed 2 second(s)

2019-06-25 17:56:46 - [MESSAGE][PASSED] - Delayed 2 second(s)

2019-06-25 17:56:46 - [TEST_STEP][PASSED] - b = getText(findTestObject("OCS-DESKTOP/Cart page/Unit price - product - price in cart page")): Text of object 'Object Repository/OCS-DESKTOP/Cart page/Unit price - product - price in cart page' is: '$102.50'

2019-06-25 17:56:46 - [MESSAGE][PASSED] - Text of object 'Object Repository/OCS-DESKTOP/Cart page/Unit price - product - price in cart page' is: '$102.50'

2019-06-25 17:56:46 - [TEST_STEP][PASSED] - comment(b): $102.50

2019-06-25 17:56:46 - [MESSAGE][INFO] - $102.50

2019-06-25 17:56:46 - [TEST_STEP][PASSED] - verifyNotEqual("a", "b"): Actual object 'a' and expected object 'b' are not equal

2019-06-25 17:56:46 - [MESSAGE][PASSED] - Actual object 'a' and expected object 'b' are not equal

2019-06-25 17:56:46 - [TEST_STEP][PASSED] - comment(" price changed . Quantity selector is working"):  price changed . Quantity selector is working

2019-06-25 17:56:46 - [MESSAGE][INFO] -  price changed . Quantity selector is working]]></system-out>
         <system-err><![CDATA[]]></system-err>
      </testcase>
      <testcase name="Test Cases/OCS - DESKTOP/OCS- HOME PAGE/Toggling language" classname="Test Cases/OCS - DESKTOP/OCS- HOME PAGE/Toggling language" status="PASSED">
         <system-out><![CDATA[2019-06-25 17:56:46 - [TEST_CASE][PASSED] - Test Cases/OCS - DESKTOP/OCS- HOME PAGE/Toggling language: Test Cases/OCS - DESKTOP/OCS- HOME PAGE/Toggling language

2019-06-25 17:56:46 - [TEST_STEP][PASSED] - callTestCase(findTestCase("OCS - DESKTOP/CALL- Age gate"), [:], STOP_ON_FAILURE): Call Test Case 'Test Cases/OCS - DESKTOP/CALL- Age gate' successfully

2019-06-25 17:56:46 - [TEST_CASE][PASSED] - Test Cases/OCS - DESKTOP/CALL- Age gate: Test Cases/OCS - DESKTOP/CALL- Age gate

2019-06-25 17:56:46 - [TEST_STEP][PASSED] - openBrowser(""): Browser is opened with url: ''

2019-06-25 17:56:46 - [MESSAGE][WARNING] - A browser is already opened. Closing browser and opening a new one

2019-06-25 17:56:46 - [MESSAGE][INFO] - Starting 'Chrome' driver

2019-06-25 17:56:48 - [MESSAGE][PASSED] - Browser is opened with url: ''

2019-06-25 17:56:48 - [TEST_STEP][PASSED] - navigateToUrl("https://ocs.ca/?fts=0&preview_theme_id=72920106828"): Navigate to 'https://ocs.ca/?fts=0&preview_theme_id=72920106828' successfully

2019-06-25 17:56:52 - [MESSAGE][PASSED] - Navigate to 'https://ocs.ca/?fts=0&preview_theme_id=72920106828' successfully

2019-06-25 17:56:52 - [TEST_STEP][PASSED] - maximizeWindow(): Current window maximized

2019-06-25 17:56:52 - [MESSAGE][PASSED] - Current window maximized

2019-06-25 17:56:52 - [TEST_STEP][PASSED] - delay(2): Delayed 2 second(s)

2019-06-25 17:56:54 - [MESSAGE][PASSED] - Delayed 2 second(s)

2019-06-25 17:56:54 - [TEST_STEP][PASSED] - executeJavaScript("var previewBar = document.getElementById("preview-bar-iframe"); previewBar.style.display = "none";", []): Execute JavaScript 'var previewBar = document.getElementById("preview-bar-iframe"); previewBar.style.display = "none";' successfully

2019-06-25 17:56:54 - [MESSAGE][PASSED] - Execute JavaScript 'var previewBar = document.getElementById("preview-bar-iframe"); previewBar.style.display = "none";' successfully

2019-06-25 17:56:54 - [TEST_STEP][PASSED] - selectOptionByValue(findTestObject("OCS-DESKTOP/Age gate and Mega menu/Date"), "12", true): All options with value '12' are selected in object 'Object Repository/OCS-DESKTOP/Age gate and Mega menu/Date'  using regular expression

2019-06-25 17:56:55 - [MESSAGE][PASSED] - All options with value '12' are selected in object 'Object Repository/OCS-DESKTOP/Age gate and Mega menu/Date'  using regular expression

2019-06-25 17:56:55 - [TEST_STEP][PASSED] - selectOptionByValue(findTestObject("OCS-DESKTOP/Age gate and Mega menu/month"), "6", true): All options with value '6' are selected in object 'Object Repository/OCS-DESKTOP/Age gate and Mega menu/month'  using regular expression

2019-06-25 17:56:55 - [MESSAGE][PASSED] - All options with value '6' are selected in object 'Object Repository/OCS-DESKTOP/Age gate and Mega menu/month'  using regular expression

2019-06-25 17:56:55 - [TEST_STEP][PASSED] - delay(2): Delayed 2 second(s)

2019-06-25 17:56:57 - [MESSAGE][PASSED] - Delayed 2 second(s)

2019-06-25 17:56:57 - [TEST_STEP][PASSED] - selectOptionByValue(findTestObject("OCS-DESKTOP/Age gate and Mega menu/Year Dropdown"), "1990", true): All options with value '1990' are selected in object 'Object Repository/OCS-DESKTOP/Age gate and Mega menu/Year Dropdown'  using regular expression

2019-06-25 17:56:58 - [MESSAGE][PASSED] - All options with value '1990' are selected in object 'Object Repository/OCS-DESKTOP/Age gate and Mega menu/Year Dropdown'  using regular expression

2019-06-25 17:56:58 - [TEST_STEP][PASSED] - click(findTestObject("OCS-DESKTOP/Age gate and Mega menu/button_Verify")): Object: 'Object Repository/OCS-DESKTOP/Age gate and Mega menu/button_Verify' is clicked on

2019-06-25 17:56:58 - [MESSAGE][PASSED] - Object: 'Object Repository/OCS-DESKTOP/Age gate and Mega menu/button_Verify' is clicked on

2019-06-25 17:56:58 - [TEST_STEP][PASSED] - click(findTestObject("OCS-DESKTOP/Age gate and Mega menu/Checkbox_CONFIRM AND ACKNOWLEDGE")): Object: 'Object Repository/OCS-DESKTOP/Age gate and Mega menu/Checkbox_CONFIRM AND ACKNOWLEDGE' is clicked on

2019-06-25 17:56:58 - [MESSAGE][PASSED] - Object: 'Object Repository/OCS-DESKTOP/Age gate and Mega menu/Checkbox_CONFIRM AND ACKNOWLEDGE' is clicked on

2019-06-25 17:56:58 - [TEST_STEP][PASSED] - click(findTestObject("OCS-DESKTOP/Age gate and Mega menu/button_CONFIRM")): Object: 'Object Repository/OCS-DESKTOP/Age gate and Mega menu/button_CONFIRM' is clicked on

2019-06-25 17:56:58 - [MESSAGE][PASSED] - Object: 'Object Repository/OCS-DESKTOP/Age gate and Mega menu/button_CONFIRM' is clicked on

2019-06-25 17:56:58 - [TEST_STEP][PASSED] - click(findTestObject("OCS-DESKTOP/Age gate and Mega menu/button_Start Browsing")): Object: 'Object Repository/OCS-DESKTOP/Age gate and Mega menu/button_Start Browsing' is clicked on

2019-06-25 17:56:58 - [MESSAGE][PASSED] - Object: 'Object Repository/OCS-DESKTOP/Age gate and Mega menu/button_Start Browsing' is clicked on

2019-06-25 17:56:58 - [TEST_STEP][PASSED] - delay(2): Delayed 2 second(s)

2019-06-25 17:57:00 - [MESSAGE][PASSED] - Delayed 2 second(s)

2019-06-25 17:57:00 - [TEST_STEP][PASSED] - refresh(): Refresh successfully

2019-06-25 17:57:00 - [MESSAGE][PASSED] - Refresh successfully

2019-06-25 17:57:00 - [MESSAGE][PASSED] - Call Test Case 'Test Cases/OCS - DESKTOP/CALL- Age gate' successfully

2019-06-25 17:57:00 - [TEST_STEP][PASSED] - delay(2): Delayed 2 second(s)

2019-06-25 17:57:02 - [MESSAGE][PASSED] - Delayed 2 second(s)

2019-06-25 17:57:02 - [TEST_STEP][PASSED] - click(findTestObject("OCS-DESKTOP/Cart flyout/English dropdown")): Object: 'Object Repository/OCS-DESKTOP/Cart flyout/English dropdown' is clicked on

2019-06-25 17:57:05 - [MESSAGE][PASSED] - Object: 'Object Repository/OCS-DESKTOP/Cart flyout/English dropdown' is clicked on

2019-06-25 17:57:05 - [TEST_STEP][PASSED] - delay(2): Delayed 2 second(s)

2019-06-25 17:57:07 - [MESSAGE][PASSED] - Delayed 2 second(s)

2019-06-25 17:57:07 - [TEST_STEP][PASSED] - executeJavaScript("var previewBar = document.getElementById("preview-bar-iframe"); previewBar.style.display = "none";", []): Execute JavaScript 'var previewBar = document.getElementById("preview-bar-iframe"); previewBar.style.display = "none";' successfully

2019-06-25 17:57:07 - [MESSAGE][PASSED] - Execute JavaScript 'var previewBar = document.getElementById("preview-bar-iframe"); previewBar.style.display = "none";' successfully

2019-06-25 17:57:07 - [TEST_STEP][PASSED] - click(findTestObject("OCS-DESKTOP/Cart flyout/Select French")): Object: 'Object Repository/OCS-DESKTOP/Cart flyout/Select French' is clicked on

2019-06-25 17:57:07 - [MESSAGE][PASSED] - Object: 'Object Repository/OCS-DESKTOP/Cart flyout/Select French' is clicked on

2019-06-25 17:57:07 - [TEST_STEP][PASSED] - delay(5): Delayed 5 second(s)

2019-06-25 17:57:12 - [MESSAGE][PASSED] - Delayed 5 second(s)

2019-06-25 17:57:12 - [TEST_STEP][PASSED] - a = getWindowTitle(): Current window's title is: 'Magasin de Cannabis de l'Ontario | Ontario Cannabis Store'

2019-06-25 17:57:12 - [MESSAGE][PASSED] - Current window's title is: 'Magasin de Cannabis de l'Ontario | Ontario Cannabis Store'

2019-06-25 17:57:12 - [TEST_STEP][PASSED] - comment("a = " + a): a = Magasin de Cannabis de l'Ontario | Ontario Cannabis Store

2019-06-25 17:57:12 - [MESSAGE][INFO] - a = Magasin de Cannabis de l'Ontario | Ontario Cannabis Store

2019-06-25 17:57:12 - [TEST_STEP][PASSED] - b = "Magasin de Cannabis de l'Ontario | Ontario Cannabis Store": null

2019-06-25 17:57:12 - [TEST_STEP][PASSED] - delay(2): Delayed 2 second(s)

2019-06-25 17:57:14 - [MESSAGE][PASSED] - Delayed 2 second(s)

2019-06-25 17:57:14 - [TEST_STEP][PASSED] - flag1 = verifyMatch(a, b, false): Actual text 'Magasin de Cannabis de l'Ontario | Ontario Cannabis Store' and expected text 'Magasin de Cannabis de l'Ontario | Ontario Cannabis Store' are matched 

2019-06-25 17:57:14 - [MESSAGE][PASSED] - Actual text 'Magasin de Cannabis de l'Ontario | Ontario Cannabis Store' and expected text 'Magasin de Cannabis de l'Ontario | Ontario Cannabis Store' are matched 

2019-06-25 17:57:14 - [TEST_STEP][PASSED] - comment("flag = " + flag1): flag = true

2019-06-25 17:57:14 - [MESSAGE][INFO] - flag = true

2019-06-25 17:57:14 - [TEST_STEP][PASSED] - if (flag1 == true): translated  to french

2019-06-25 17:57:14 - [TEST_STEP][PASSED] - comment("translated  to french"): translated  to french

2019-06-25 17:57:14 - [MESSAGE][INFO] - translated  to french

2019-06-25 17:57:14 - [TEST_STEP][PASSED] - delay(2): Delayed 2 second(s)

2019-06-25 17:57:16 - [MESSAGE][PASSED] - Delayed 2 second(s)

2019-06-25 17:57:16 - [TEST_STEP][PASSED] - click(findTestObject("OCS-DESKTOP/Cart flyout/French dropdown")): Object: 'Object Repository/OCS-DESKTOP/Cart flyout/French dropdown' is clicked on

2019-06-25 17:57:16 - [MESSAGE][PASSED] - Object: 'Object Repository/OCS-DESKTOP/Cart flyout/French dropdown' is clicked on

2019-06-25 17:57:16 - [TEST_STEP][PASSED] - delay(2): Delayed 2 second(s)

2019-06-25 17:57:18 - [MESSAGE][PASSED] - Delayed 2 second(s)

2019-06-25 17:57:18 - [TEST_STEP][PASSED] - click(findTestObject("OCS-DESKTOP/Cart flyout/Select English")): Object: 'Object Repository/OCS-DESKTOP/Cart flyout/Select English' is clicked on

2019-06-25 17:57:18 - [MESSAGE][PASSED] - Object: 'Object Repository/OCS-DESKTOP/Cart flyout/Select English' is clicked on

2019-06-25 17:57:18 - [TEST_STEP][PASSED] - delay(5): Delayed 5 second(s)

2019-06-25 17:57:23 - [MESSAGE][PASSED] - Delayed 5 second(s)

2019-06-25 17:57:23 - [TEST_STEP][PASSED] - c = getWindowTitle(): Current window's title is: 'Ontario Cannabis Store | Ontario Cannabis Store'

2019-06-25 17:57:23 - [MESSAGE][PASSED] - Current window's title is: 'Ontario Cannabis Store | Ontario Cannabis Store'

2019-06-25 17:57:23 - [TEST_STEP][PASSED] - comment("c =" + c): c =Ontario Cannabis Store | Ontario Cannabis Store

2019-06-25 17:57:23 - [MESSAGE][INFO] - c =Ontario Cannabis Store | Ontario Cannabis Store

2019-06-25 17:57:23 - [TEST_STEP][PASSED] - d = "Ontario Cannabis Store | Ontario Cannabis Store": null

2019-06-25 17:57:23 - [TEST_STEP][PASSED] - comment("d =" + d): d =Ontario Cannabis Store | Ontario Cannabis Store

2019-06-25 17:57:23 - [MESSAGE][INFO] - d =Ontario Cannabis Store | Ontario Cannabis Store

2019-06-25 17:57:23 - [TEST_STEP][PASSED] - flag = verifyMatch(c, d, false): Actual text 'Ontario Cannabis Store | Ontario Cannabis Store' and expected text 'Ontario Cannabis Store | Ontario Cannabis Store' are matched 

2019-06-25 17:57:23 - [MESSAGE][PASSED] - Actual text 'Ontario Cannabis Store | Ontario Cannabis Store' and expected text 'Ontario Cannabis Store | Ontario Cannabis Store' are matched 

2019-06-25 17:57:23 - [TEST_STEP][PASSED] - comment(" flag = " + flag):  flag = true

2019-06-25 17:57:23 - [MESSAGE][INFO] -  flag = true

2019-06-25 17:57:23 - [TEST_STEP][PASSED] - if (flag == true):  Language changing is successful

2019-06-25 17:57:23 - [TEST_STEP][PASSED] - comment(" Language changing is successful"):  Language changing is successful

2019-06-25 17:57:23 - [MESSAGE][INFO] -  Language changing is successful]]></system-out>
         <system-err><![CDATA[]]></system-err>
      </testcase>
      <testcase name="Test Cases/OCS - DESKTOP/OCS- HOME PAGE/HP-Burger menu-Accessories" classname="Test Cases/OCS - DESKTOP/OCS- HOME PAGE/HP-Burger menu-Accessories" status="FAILED">
         <failure type="FAILED" message="Test Cases/OCS - DESKTOP/OCS- HOME PAGE/HP-Burger menu-Accessories FAILED.
Reason:
com.kms.katalon.core.exception.StepFailedException: Text 'Page Not Found' is not present on page 
	at com.kms.katalon.core.keyword.internal.KeywordMain.stepFailed(KeywordMain.groovy:32)
	at com.kms.katalon.core.webui.keyword.internal.WebUIKeywordMain.stepFailed(WebUIKeywordMain.groovy:65)
	at com.kms.katalon.core.webui.keyword.builtin.VerifyTextPresentKeyword$_verifyTextPresent_closure1.doCall(VerifyTextPresentKeyword.groovy:79)
	at com.kms.katalon.core.webui.keyword.builtin.VerifyTextPresentKeyword$_verifyTextPresent_closure1.call(VerifyTextPresentKeyword.groovy)
	at com.kms.katalon.core.webui.keyword.internal.WebUIKeywordMain.runKeyword(WebUIKeywordMain.groovy:21)
	at com.kms.katalon.core.webui.keyword.builtin.VerifyTextPresentKeyword.verifyTextPresent(VerifyTextPresentKeyword.groovy:83)
	at com.kms.katalon.core.webui.keyword.builtin.VerifyTextPresentKeyword.execute(VerifyTextPresentKeyword.groovy:68)
	at com.kms.katalon.core.keyword.internal.KeywordExecutor.executeKeywordForPlatform(KeywordExecutor.groovy:53)
	at com.kms.katalon.core.webui.keyword.WebUiBuiltInKeywords.verifyTextPresent(WebUiBuiltInKeywords.groovy:1677)
	at com.kms.katalon.core.webui.keyword.WebUiBuiltInKeywords$verifyTextPresent$19.call(Unknown Source)
	at HP-Burger menu-Accessories.run(HP-Burger menu-Accessories:335)
	at com.kms.katalon.core.main.ScriptEngine.run(ScriptEngine.java:194)
	at com.kms.katalon.core.main.ScriptEngine.runScriptAsRawText(ScriptEngine.java:119)
	at com.kms.katalon.core.main.TestCaseExecutor.runScript(TestCaseExecutor.java:328)
	at com.kms.katalon.core.main.TestCaseExecutor.doExecute(TestCaseExecutor.java:319)
	at com.kms.katalon.core.main.TestCaseExecutor.processExecutionPhase(TestCaseExecutor.java:298)
	at com.kms.katalon.core.main.TestCaseExecutor.accessMainPhase(TestCaseExecutor.java:290)
	at com.kms.katalon.core.main.TestCaseExecutor.execute(TestCaseExecutor.java:224)
	at com.kms.katalon.core.main.TestSuiteExecutor.accessTestCaseMainPhase(TestSuiteExecutor.java:129)
	at com.kms.katalon.core.main.TestSuiteExecutor.accessTestSuiteMainPhase(TestSuiteExecutor.java:112)
	at com.kms.katalon.core.main.TestSuiteExecutor.execute(TestSuiteExecutor.java:81)
	at com.kms.katalon.core.main.TestCaseMain.startTestSuite(TestCaseMain.java:149)
	at com.kms.katalon.core.main.TestCaseMain$startTestSuite$0.call(Unknown Source)
	at TempTestSuite1561499172132.run(TempTestSuite1561499172132.groovy:36)
"/>
         <system-out><![CDATA[2019-06-25 17:57:23 - [TEST_CASE][FAILED] - Test Cases/OCS - DESKTOP/OCS- HOME PAGE/HP-Burger menu-Accessories: Test Cases/OCS - DESKTOP/OCS- HOME PAGE/HP-Burger menu-Accessories FAILED.
Reason:
com.kms.katalon.core.exception.StepFailedException: Text 'Page Not Found' is not present on page 
	at com.kms.katalon.core.keyword.internal.KeywordMain.stepFailed(KeywordMain.groovy:32)
	at com.kms.katalon.core.webui.keyword.internal.WebUIKeywordMain.stepFailed(WebUIKeywordMain.groovy:65)
	at com.kms.katalon.core.webui.keyword.builtin.VerifyTextPresentKeyword$_verifyTextPresent_closure1.doCall(VerifyTextPresentKeyword.groovy:79)
	at com.kms.katalon.core.webui.keyword.builtin.VerifyTextPresentKeyword$_verifyTextPresent_closure1.call(VerifyTextPresentKeyword.groovy)
	at com.kms.katalon.core.webui.keyword.internal.WebUIKeywordMain.runKeyword(WebUIKeywordMain.groovy:21)
	at com.kms.katalon.core.webui.keyword.builtin.VerifyTextPresentKeyword.verifyTextPresent(VerifyTextPresentKeyword.groovy:83)
	at com.kms.katalon.core.webui.keyword.builtin.VerifyTextPresentKeyword.execute(VerifyTextPresentKeyword.groovy:68)
	at com.kms.katalon.core.keyword.internal.KeywordExecutor.executeKeywordForPlatform(KeywordExecutor.groovy:53)
	at com.kms.katalon.core.webui.keyword.WebUiBuiltInKeywords.verifyTextPresent(WebUiBuiltInKeywords.groovy:1677)
	at com.kms.katalon.core.webui.keyword.WebUiBuiltInKeywords$verifyTextPresent$19.call(Unknown Source)
	at HP-Burger menu-Accessories.run(HP-Burger menu-Accessories:335)
	at com.kms.katalon.core.main.ScriptEngine.run(ScriptEngine.java:194)
	at com.kms.katalon.core.main.ScriptEngine.runScriptAsRawText(ScriptEngine.java:119)
	at com.kms.katalon.core.main.TestCaseExecutor.runScript(TestCaseExecutor.java:328)
	at com.kms.katalon.core.main.TestCaseExecutor.doExecute(TestCaseExecutor.java:319)
	at com.kms.katalon.core.main.TestCaseExecutor.processExecutionPhase(TestCaseExecutor.java:298)
	at com.kms.katalon.core.main.TestCaseExecutor.accessMainPhase(TestCaseExecutor.java:290)
	at com.kms.katalon.core.main.TestCaseExecutor.execute(TestCaseExecutor.java:224)
	at com.kms.katalon.core.main.TestSuiteExecutor.accessTestCaseMainPhase(TestSuiteExecutor.java:129)
	at com.kms.katalon.core.main.TestSuiteExecutor.accessTestSuiteMainPhase(TestSuiteExecutor.java:112)
	at com.kms.katalon.core.main.TestSuiteExecutor.execute(TestSuiteExecutor.java:81)
	at com.kms.katalon.core.main.TestCaseMain.startTestSuite(TestCaseMain.java:149)
	at com.kms.katalon.core.main.TestCaseMain$startTestSuite$0.call(Unknown Source)
	at TempTestSuite1561499172132.run(TempTestSuite1561499172132.groovy:36)


2019-06-25 17:57:23 - [TEST_STEP][PASSED] - callTestCase(findTestCase("OCS - DESKTOP/CALL- Age gate"), [:], STOP_ON_FAILURE): Call Test Case 'Test Cases/OCS - DESKTOP/CALL- Age gate' successfully

2019-06-25 17:57:23 - [TEST_CASE][PASSED] - Test Cases/OCS - DESKTOP/CALL- Age gate: Test Cases/OCS - DESKTOP/CALL- Age gate

2019-06-25 17:57:23 - [TEST_STEP][PASSED] - openBrowser(""): Browser is opened with url: ''

2019-06-25 17:57:23 - [MESSAGE][WARNING] - A browser is already opened. Closing browser and opening a new one

2019-06-25 17:57:24 - [MESSAGE][INFO] - Starting 'Chrome' driver

2019-06-25 17:57:25 - [MESSAGE][PASSED] - Browser is opened with url: ''

2019-06-25 17:57:25 - [TEST_STEP][PASSED] - navigateToUrl("https://ocs.ca/?fts=0&preview_theme_id=72920106828"): Navigate to 'https://ocs.ca/?fts=0&preview_theme_id=72920106828' successfully

2019-06-25 17:57:30 - [MESSAGE][PASSED] - Navigate to 'https://ocs.ca/?fts=0&preview_theme_id=72920106828' successfully

2019-06-25 17:57:30 - [TEST_STEP][PASSED] - maximizeWindow(): Current window maximized

2019-06-25 17:57:30 - [MESSAGE][PASSED] - Current window maximized

2019-06-25 17:57:30 - [TEST_STEP][PASSED] - delay(2): Delayed 2 second(s)

2019-06-25 17:57:32 - [MESSAGE][PASSED] - Delayed 2 second(s)

2019-06-25 17:57:32 - [TEST_STEP][PASSED] - executeJavaScript("var previewBar = document.getElementById("preview-bar-iframe"); previewBar.style.display = "none";", []): Execute JavaScript 'var previewBar = document.getElementById("preview-bar-iframe"); previewBar.style.display = "none";' successfully

2019-06-25 17:57:32 - [MESSAGE][PASSED] - Execute JavaScript 'var previewBar = document.getElementById("preview-bar-iframe"); previewBar.style.display = "none";' successfully

2019-06-25 17:57:32 - [TEST_STEP][PASSED] - selectOptionByValue(findTestObject("OCS-DESKTOP/Age gate and Mega menu/Date"), "12", true): All options with value '12' are selected in object 'Object Repository/OCS-DESKTOP/Age gate and Mega menu/Date'  using regular expression

2019-06-25 17:57:32 - [MESSAGE][PASSED] - All options with value '12' are selected in object 'Object Repository/OCS-DESKTOP/Age gate and Mega menu/Date'  using regular expression

2019-06-25 17:57:32 - [TEST_STEP][PASSED] - selectOptionByValue(findTestObject("OCS-DESKTOP/Age gate and Mega menu/month"), "6", true): All options with value '6' are selected in object 'Object Repository/OCS-DESKTOP/Age gate and Mega menu/month'  using regular expression

2019-06-25 17:57:33 - [MESSAGE][PASSED] - All options with value '6' are selected in object 'Object Repository/OCS-DESKTOP/Age gate and Mega menu/month'  using regular expression

2019-06-25 17:57:33 - [TEST_STEP][PASSED] - delay(2): Delayed 2 second(s)

2019-06-25 17:57:35 - [MESSAGE][PASSED] - Delayed 2 second(s)

2019-06-25 17:57:35 - [TEST_STEP][PASSED] - selectOptionByValue(findTestObject("OCS-DESKTOP/Age gate and Mega menu/Year Dropdown"), "1990", true): All options with value '1990' are selected in object 'Object Repository/OCS-DESKTOP/Age gate and Mega menu/Year Dropdown'  using regular expression

2019-06-25 17:57:36 - [MESSAGE][PASSED] - All options with value '1990' are selected in object 'Object Repository/OCS-DESKTOP/Age gate and Mega menu/Year Dropdown'  using regular expression

2019-06-25 17:57:36 - [TEST_STEP][PASSED] - click(findTestObject("OCS-DESKTOP/Age gate and Mega menu/button_Verify")): Object: 'Object Repository/OCS-DESKTOP/Age gate and Mega menu/button_Verify' is clicked on

2019-06-25 17:57:36 - [MESSAGE][PASSED] - Object: 'Object Repository/OCS-DESKTOP/Age gate and Mega menu/button_Verify' is clicked on

2019-06-25 17:57:36 - [TEST_STEP][PASSED] - click(findTestObject("OCS-DESKTOP/Age gate and Mega menu/Checkbox_CONFIRM AND ACKNOWLEDGE")): Object: 'Object Repository/OCS-DESKTOP/Age gate and Mega menu/Checkbox_CONFIRM AND ACKNOWLEDGE' is clicked on

2019-06-25 17:57:36 - [MESSAGE][PASSED] - Object: 'Object Repository/OCS-DESKTOP/Age gate and Mega menu/Checkbox_CONFIRM AND ACKNOWLEDGE' is clicked on

2019-06-25 17:57:36 - [TEST_STEP][PASSED] - click(findTestObject("OCS-DESKTOP/Age gate and Mega menu/button_CONFIRM")): Object: 'Object Repository/OCS-DESKTOP/Age gate and Mega menu/button_CONFIRM' is clicked on

2019-06-25 17:57:36 - [MESSAGE][PASSED] - Object: 'Object Repository/OCS-DESKTOP/Age gate and Mega menu/button_CONFIRM' is clicked on

2019-06-25 17:57:36 - [TEST_STEP][PASSED] - click(findTestObject("OCS-DESKTOP/Age gate and Mega menu/button_Start Browsing")): Object: 'Object Repository/OCS-DESKTOP/Age gate and Mega menu/button_Start Browsing' is clicked on

2019-06-25 17:57:36 - [MESSAGE][PASSED] - Object: 'Object Repository/OCS-DESKTOP/Age gate and Mega menu/button_Start Browsing' is clicked on

2019-06-25 17:57:36 - [TEST_STEP][PASSED] - delay(2): Delayed 2 second(s)

2019-06-25 17:57:38 - [MESSAGE][PASSED] - Delayed 2 second(s)

2019-06-25 17:57:38 - [TEST_STEP][PASSED] - refresh(): Refresh successfully

2019-06-25 17:57:38 - [MESSAGE][PASSED] - Refresh successfully

2019-06-25 17:57:38 - [MESSAGE][PASSED] - Call Test Case 'Test Cases/OCS - DESKTOP/CALL- Age gate' successfully

2019-06-25 17:57:38 - [TEST_STEP][PASSED] - delay(2, CONTINUE_ON_FAILURE): Delayed 2 second(s)

2019-06-25 17:57:40 - [MESSAGE][PASSED] - Delayed 2 second(s)

2019-06-25 17:57:40 - [TEST_STEP][PASSED] - click(findTestObject("OCS-DESKTOP/Age gate and Mega menu/Header/ACCESSORIES menu - En"), CONTINUE_ON_FAILURE): Object: 'Object Repository/OCS-DESKTOP/Age gate and Mega menu/Header/ACCESSORIES menu - En' is clicked on

2019-06-25 17:57:41 - [MESSAGE][PASSED] - Object: 'Object Repository/OCS-DESKTOP/Age gate and Mega menu/Header/ACCESSORIES menu - En' is clicked on

2019-06-25 17:57:41 - [TEST_STEP][PASSED] - delay(2, CONTINUE_ON_FAILURE): Delayed 2 second(s)

2019-06-25 17:57:43 - [MESSAGE][PASSED] - Delayed 2 second(s)

2019-06-25 17:57:43 - [TEST_STEP][NOT_RUN] - click(findTestObject("OCS-DESKTOP/Accessories page/All accessories"), STOP_ON_FAILURE): NOT_RUN: click(findTestObject("OCS-DESKTOP/Accessories page/All accessories"), STOP_ON_FAILURE)

2019-06-25 17:57:43 - [MESSAGE][NOT_RUN] - NOT_RUN: click(findTestObject("OCS-DESKTOP/Accessories page/All accessories"), STOP_ON_FAILURE)

2019-06-25 17:57:43 - [TEST_STEP][PASSED] - delay(1, CONTINUE_ON_FAILURE): Delayed 1 second(s)

2019-06-25 17:57:44 - [MESSAGE][PASSED] - Delayed 1 second(s)

2019-06-25 17:57:44 - [TEST_STEP][PASSED] - click(findTestObject("OCS-DESKTOP/Age gate and Mega menu/Header/ACCESSORIES menu - En"), CONTINUE_ON_FAILURE): Object: 'Object Repository/OCS-DESKTOP/Age gate and Mega menu/Header/ACCESSORIES menu - En' is clicked on

2019-06-25 17:57:44 - [MESSAGE][PASSED] - Object: 'Object Repository/OCS-DESKTOP/Age gate and Mega menu/Header/ACCESSORIES menu - En' is clicked on

2019-06-25 17:57:44 - [TEST_STEP][PASSED] - delay(1, CONTINUE_ON_FAILURE): Delayed 1 second(s)

2019-06-25 17:57:45 - [MESSAGE][PASSED] - Delayed 1 second(s)

2019-06-25 17:57:45 - [TEST_STEP][PASSED] - click(findTestObject("OCS-DESKTOP/Accessories page/Vaporizers"), CONTINUE_ON_FAILURE): Object: 'Object Repository/OCS-DESKTOP/Accessories page/Vaporizers' is clicked on

2019-06-25 17:57:47 - [MESSAGE][PASSED] - Object: 'Object Repository/OCS-DESKTOP/Accessories page/Vaporizers' is clicked on

2019-06-25 17:57:47 - [TEST_STEP][PASSED] - delay(1, CONTINUE_ON_FAILURE): Delayed 1 second(s)

2019-06-25 17:57:48 - [MESSAGE][PASSED] - Delayed 1 second(s)

2019-06-25 17:57:48 - [TEST_STEP][PASSED] - a = getWindowTitle(CONTINUE_ON_FAILURE): Current window's title is: 'Vaporizers | Ontario Cannabis Store'

2019-06-25 17:57:48 - [MESSAGE][PASSED] - Current window's title is: 'Vaporizers | Ontario Cannabis Store'

2019-06-25 17:57:48 - [TEST_STEP][PASSED] - comment(a): Vaporizers | Ontario Cannabis Store

2019-06-25 17:57:48 - [MESSAGE][INFO] - Vaporizers | Ontario Cannabis Store

2019-06-25 17:57:48 - [TEST_STEP][PASSED] - b = "Vaporizers | Ontario Cannabis Store": null

2019-06-25 17:57:48 - [TEST_STEP][PASSED] - comment(b): Vaporizers | Ontario Cannabis Store

2019-06-25 17:57:48 - [MESSAGE][INFO] - Vaporizers | Ontario Cannabis Store

2019-06-25 17:57:48 - [TEST_STEP][PASSED] - if (a == b): correct window page 

2019-06-25 17:57:48 - [TEST_STEP][PASSED] - comment("correct window page "): correct window page 

2019-06-25 17:57:48 - [MESSAGE][INFO] - correct window page 

2019-06-25 17:57:48 - [TEST_STEP][PASSED] - delay(1, CONTINUE_ON_FAILURE): Delayed 1 second(s)

2019-06-25 17:57:49 - [MESSAGE][PASSED] - Delayed 1 second(s)

2019-06-25 17:57:49 - [TEST_STEP][PASSED] - click(findTestObject("OCS-DESKTOP/Age gate and Mega menu/Header/ACCESSORIES menu - En"), CONTINUE_ON_FAILURE): Object: 'Object Repository/OCS-DESKTOP/Age gate and Mega menu/Header/ACCESSORIES menu - En' is clicked on

2019-06-25 17:57:49 - [MESSAGE][PASSED] - Object: 'Object Repository/OCS-DESKTOP/Age gate and Mega menu/Header/ACCESSORIES menu - En' is clicked on

2019-06-25 17:57:49 - [TEST_STEP][PASSED] - delay(2, CONTINUE_ON_FAILURE): Delayed 2 second(s)

2019-06-25 17:57:51 - [MESSAGE][PASSED] - Delayed 2 second(s)

2019-06-25 17:57:51 - [TEST_STEP][PASSED] - delay(1, CONTINUE_ON_FAILURE): Delayed 1 second(s)

2019-06-25 17:57:52 - [MESSAGE][PASSED] - Delayed 1 second(s)

2019-06-25 17:57:52 - [TEST_STEP][PASSED] - click(findTestObject("OCS-DESKTOP/Accessories page/Bongs - water pipes"), CONTINUE_ON_FAILURE): Object: 'Object Repository/OCS-DESKTOP/Accessories page/Bongs - water pipes' is clicked on

2019-06-25 17:57:55 - [MESSAGE][PASSED] - Object: 'Object Repository/OCS-DESKTOP/Accessories page/Bongs - water pipes' is clicked on

2019-06-25 17:57:55 - [TEST_STEP][PASSED] - delay(1, CONTINUE_ON_FAILURE): Delayed 1 second(s)

2019-06-25 17:57:56 - [MESSAGE][PASSED] - Delayed 1 second(s)

2019-06-25 17:57:56 - [TEST_STEP][PASSED] - a1 = getWindowTitle(CONTINUE_ON_FAILURE): Current window's title is: 'Bongs & Water Pipes | Ontario Cannabis Store'

2019-06-25 17:57:56 - [MESSAGE][PASSED] - Current window's title is: 'Bongs & Water Pipes | Ontario Cannabis Store'

2019-06-25 17:57:56 - [TEST_STEP][PASSED] - comment(a1): Bongs & Water Pipes | Ontario Cannabis Store

2019-06-25 17:57:56 - [MESSAGE][INFO] - Bongs & Water Pipes | Ontario Cannabis Store

2019-06-25 17:57:56 - [TEST_STEP][PASSED] - b1 = "Bongs & Water Pipes | Ontario Cannabis Store": null

2019-06-25 17:57:56 - [TEST_STEP][PASSED] - comment(b1): Bongs & Water Pipes | Ontario Cannabis Store

2019-06-25 17:57:56 - [MESSAGE][INFO] - Bongs & Water Pipes | Ontario Cannabis Store

2019-06-25 17:57:56 - [TEST_STEP][PASSED] - if (a1 == b1): correct window page 

2019-06-25 17:57:56 - [TEST_STEP][PASSED] - comment("correct window page "): correct window page 

2019-06-25 17:57:56 - [MESSAGE][INFO] - correct window page 

2019-06-25 17:57:56 - [TEST_STEP][PASSED] - delay(1, CONTINUE_ON_FAILURE): Delayed 1 second(s)

2019-06-25 17:57:57 - [MESSAGE][PASSED] - Delayed 1 second(s)

2019-06-25 17:57:57 - [TEST_STEP][PASSED] - click(findTestObject("OCS-DESKTOP/Age gate and Mega menu/Header/ACCESSORIES menu - En"), CONTINUE_ON_FAILURE): Object: 'Object Repository/OCS-DESKTOP/Age gate and Mega menu/Header/ACCESSORIES menu - En' is clicked on

2019-06-25 17:57:57 - [MESSAGE][PASSED] - Object: 'Object Repository/OCS-DESKTOP/Age gate and Mega menu/Header/ACCESSORIES menu - En' is clicked on

2019-06-25 17:57:57 - [TEST_STEP][PASSED] - delay(2, CONTINUE_ON_FAILURE): Delayed 2 second(s)

2019-06-25 17:57:59 - [MESSAGE][PASSED] - Delayed 2 second(s)

2019-06-25 17:57:59 - [TEST_STEP][PASSED] - delay(1, CONTINUE_ON_FAILURE): Delayed 1 second(s)

2019-06-25 17:58:00 - [MESSAGE][PASSED] - Delayed 1 second(s)

2019-06-25 17:58:00 - [TEST_STEP][PASSED] - click(findTestObject("OCS-DESKTOP/Accessories page/Handheld pipes"), CONTINUE_ON_FAILURE): Object: 'Object Repository/OCS-DESKTOP/Accessories page/Handheld pipes' is clicked on

2019-06-25 17:58:02 - [MESSAGE][PASSED] - Object: 'Object Repository/OCS-DESKTOP/Accessories page/Handheld pipes' is clicked on

2019-06-25 17:58:02 - [TEST_STEP][PASSED] - delay(1, CONTINUE_ON_FAILURE): Delayed 1 second(s)

2019-06-25 17:58:03 - [MESSAGE][PASSED] - Delayed 1 second(s)

2019-06-25 17:58:03 - [TEST_STEP][PASSED] - a11 = getWindowTitle(CONTINUE_ON_FAILURE): Current window's title is: 'Handheld Pipes | Ontario Cannabis Store'

2019-06-25 17:58:03 - [MESSAGE][PASSED] - Current window's title is: 'Handheld Pipes | Ontario Cannabis Store'

2019-06-25 17:58:03 - [TEST_STEP][PASSED] - comment(a11): Handheld Pipes | Ontario Cannabis Store

2019-06-25 17:58:03 - [MESSAGE][INFO] - Handheld Pipes | Ontario Cannabis Store

2019-06-25 17:58:03 - [TEST_STEP][PASSED] - b11 = "Handheld Pipes | Ontario Cannabis Store": null

2019-06-25 17:58:03 - [TEST_STEP][PASSED] - comment(b11): Handheld Pipes | Ontario Cannabis Store

2019-06-25 17:58:03 - [MESSAGE][INFO] - Handheld Pipes | Ontario Cannabis Store

2019-06-25 17:58:03 - [TEST_STEP][PASSED] - if (a11 == b11): correct window page 

2019-06-25 17:58:03 - [TEST_STEP][PASSED] - comment("correct window page "): correct window page 

2019-06-25 17:58:03 - [MESSAGE][INFO] - correct window page 

2019-06-25 17:58:03 - [TEST_STEP][PASSED] - delay(1, CONTINUE_ON_FAILURE): Delayed 1 second(s)

2019-06-25 17:58:04 - [MESSAGE][PASSED] - Delayed 1 second(s)

2019-06-25 17:58:04 - [TEST_STEP][PASSED] - click(findTestObject("OCS-DESKTOP/Age gate and Mega menu/Header/ACCESSORIES menu - En"), CONTINUE_ON_FAILURE): Object: 'Object Repository/OCS-DESKTOP/Age gate and Mega menu/Header/ACCESSORIES menu - En' is clicked on

2019-06-25 17:58:04 - [MESSAGE][PASSED] - Object: 'Object Repository/OCS-DESKTOP/Age gate and Mega menu/Header/ACCESSORIES menu - En' is clicked on

2019-06-25 17:58:04 - [TEST_STEP][PASSED] - delay(2, CONTINUE_ON_FAILURE): Delayed 2 second(s)

2019-06-25 17:58:06 - [MESSAGE][PASSED] - Delayed 2 second(s)

2019-06-25 17:58:06 - [TEST_STEP][PASSED] - delay(1, CONTINUE_ON_FAILURE): Delayed 1 second(s)

2019-06-25 17:58:07 - [MESSAGE][PASSED] - Delayed 1 second(s)

2019-06-25 17:58:07 - [TEST_STEP][PASSED] - click(findTestObject("OCS-DESKTOP/Accessories page/Papers -filters"), CONTINUE_ON_FAILURE): Object: 'Object Repository/OCS-DESKTOP/Accessories page/Papers -filters' is clicked on

2019-06-25 17:58:09 - [MESSAGE][PASSED] - Object: 'Object Repository/OCS-DESKTOP/Accessories page/Papers -filters' is clicked on

2019-06-25 17:58:09 - [TEST_STEP][PASSED] - delay(1, CONTINUE_ON_FAILURE): Delayed 1 second(s)

2019-06-25 17:58:10 - [MESSAGE][PASSED] - Delayed 1 second(s)

2019-06-25 17:58:10 - [TEST_STEP][PASSED] - a111 = getWindowTitle(CONTINUE_ON_FAILURE): Current window's title is: 'Papers & Filters | Ontario Cannabis Store'

2019-06-25 17:58:10 - [MESSAGE][PASSED] - Current window's title is: 'Papers & Filters | Ontario Cannabis Store'

2019-06-25 17:58:10 - [TEST_STEP][PASSED] - comment(a111): Papers & Filters | Ontario Cannabis Store

2019-06-25 17:58:10 - [MESSAGE][INFO] - Papers & Filters | Ontario Cannabis Store

2019-06-25 17:58:10 - [TEST_STEP][PASSED] - b111 = "Papers & Filters | Ontario Cannabis Store": null

2019-06-25 17:58:10 - [TEST_STEP][PASSED] - comment(b111): Papers & Filters | Ontario Cannabis Store

2019-06-25 17:58:10 - [MESSAGE][INFO] - Papers & Filters | Ontario Cannabis Store

2019-06-25 17:58:10 - [TEST_STEP][PASSED] - if (a111 == b111): correct window page 

2019-06-25 17:58:10 - [TEST_STEP][PASSED] - comment("correct window page "): correct window page 

2019-06-25 17:58:10 - [MESSAGE][INFO] - correct window page 

2019-06-25 17:58:10 - [TEST_STEP][PASSED] - delay(1, CONTINUE_ON_FAILURE): Delayed 1 second(s)

2019-06-25 17:58:11 - [MESSAGE][PASSED] - Delayed 1 second(s)

2019-06-25 17:58:11 - [TEST_STEP][PASSED] - click(findTestObject("OCS-DESKTOP/Age gate and Mega menu/Header/ACCESSORIES menu - En"), CONTINUE_ON_FAILURE): Object: 'Object Repository/OCS-DESKTOP/Age gate and Mega menu/Header/ACCESSORIES menu - En' is clicked on

2019-06-25 17:58:11 - [MESSAGE][PASSED] - Object: 'Object Repository/OCS-DESKTOP/Age gate and Mega menu/Header/ACCESSORIES menu - En' is clicked on

2019-06-25 17:58:11 - [TEST_STEP][PASSED] - delay(2, CONTINUE_ON_FAILURE): Delayed 2 second(s)

2019-06-25 17:58:13 - [MESSAGE][PASSED] - Delayed 2 second(s)

2019-06-25 17:58:13 - [TEST_STEP][PASSED] - delay(1, CONTINUE_ON_FAILURE): Delayed 1 second(s)

2019-06-25 17:58:14 - [MESSAGE][PASSED] - Delayed 1 second(s)

2019-06-25 17:58:14 - [TEST_STEP][PASSED] - click(findTestObject("OCS-DESKTOP/Accessories page/Grinders"), CONTINUE_ON_FAILURE): Object: 'Object Repository/OCS-DESKTOP/Accessories page/Grinders' is clicked on

2019-06-25 17:58:16 - [MESSAGE][PASSED] - Object: 'Object Repository/OCS-DESKTOP/Accessories page/Grinders' is clicked on

2019-06-25 17:58:16 - [TEST_STEP][PASSED] - delay(1, CONTINUE_ON_FAILURE): Delayed 1 second(s)

2019-06-25 17:58:17 - [MESSAGE][PASSED] - Delayed 1 second(s)

2019-06-25 17:58:17 - [TEST_STEP][PASSED] - a1111 = getWindowTitle(CONTINUE_ON_FAILURE): Current window's title is: 'Grinders | Ontario Cannabis Store'

2019-06-25 17:58:17 - [MESSAGE][PASSED] - Current window's title is: 'Grinders | Ontario Cannabis Store'

2019-06-25 17:58:17 - [TEST_STEP][PASSED] - comment(a1111): Grinders | Ontario Cannabis Store

2019-06-25 17:58:17 - [MESSAGE][INFO] - Grinders | Ontario Cannabis Store

2019-06-25 17:58:17 - [TEST_STEP][PASSED] - b1111 = "Grinders | Ontario Cannabis Store": null

2019-06-25 17:58:17 - [TEST_STEP][PASSED] - comment(b1111): Grinders | Ontario Cannabis Store

2019-06-25 17:58:17 - [MESSAGE][INFO] - Grinders | Ontario Cannabis Store

2019-06-25 17:58:17 - [TEST_STEP][PASSED] - if (a1111 == b1111): correct window page 

2019-06-25 17:58:17 - [TEST_STEP][PASSED] - comment("correct window page "): correct window page 

2019-06-25 17:58:17 - [MESSAGE][INFO] - correct window page 

2019-06-25 17:58:17 - [TEST_STEP][PASSED] - delay(1, CONTINUE_ON_FAILURE): Delayed 1 second(s)

2019-06-25 17:58:18 - [MESSAGE][PASSED] - Delayed 1 second(s)

2019-06-25 17:58:18 - [TEST_STEP][PASSED] - click(findTestObject("OCS-DESKTOP/Age gate and Mega menu/Header/ACCESSORIES menu - En"), CONTINUE_ON_FAILURE): Object: 'Object Repository/OCS-DESKTOP/Age gate and Mega menu/Header/ACCESSORIES menu - En' is clicked on

2019-06-25 17:58:18 - [MESSAGE][PASSED] - Object: 'Object Repository/OCS-DESKTOP/Age gate and Mega menu/Header/ACCESSORIES menu - En' is clicked on

2019-06-25 17:58:18 - [TEST_STEP][PASSED] - delay(2, CONTINUE_ON_FAILURE): Delayed 2 second(s)

2019-06-25 17:58:20 - [MESSAGE][PASSED] - Delayed 2 second(s)

2019-06-25 17:58:20 - [TEST_STEP][PASSED] - delay(1, CONTINUE_ON_FAILURE): Delayed 1 second(s)

2019-06-25 17:58:21 - [MESSAGE][PASSED] - Delayed 1 second(s)

2019-06-25 17:58:21 - [TEST_STEP][PASSED] - click(findTestObject("OCS-DESKTOP/Accessories page/Tools -kits"), CONTINUE_ON_FAILURE): Object: 'Object Repository/OCS-DESKTOP/Accessories page/Tools -kits' is clicked on

2019-06-25 17:58:22 - [MESSAGE][PASSED] - Object: 'Object Repository/OCS-DESKTOP/Accessories page/Tools -kits' is clicked on

2019-06-25 17:58:22 - [TEST_STEP][PASSED] - delay(1, CONTINUE_ON_FAILURE): Delayed 1 second(s)

2019-06-25 17:58:23 - [MESSAGE][PASSED] - Delayed 1 second(s)

2019-06-25 17:58:23 - [TEST_STEP][PASSED] - a11111 = getWindowTitle(CONTINUE_ON_FAILURE): Current window's title is: 'Multi-Tools & Kits | Ontario Cannabis Store'

2019-06-25 17:58:23 - [MESSAGE][PASSED] - Current window's title is: 'Multi-Tools & Kits | Ontario Cannabis Store'

2019-06-25 17:58:23 - [TEST_STEP][PASSED] - comment(a11111): Multi-Tools & Kits | Ontario Cannabis Store

2019-06-25 17:58:23 - [MESSAGE][INFO] - Multi-Tools & Kits | Ontario Cannabis Store

2019-06-25 17:58:23 - [TEST_STEP][PASSED] - b11111 = "Multi-Tools & Kits | Ontario Cannabis Store": null

2019-06-25 17:58:23 - [TEST_STEP][PASSED] - comment(b11111): Multi-Tools & Kits | Ontario Cannabis Store

2019-06-25 17:58:23 - [MESSAGE][INFO] - Multi-Tools & Kits | Ontario Cannabis Store

2019-06-25 17:58:23 - [TEST_STEP][PASSED] - if (a11111 == b11111): correct window page 

2019-06-25 17:58:23 - [TEST_STEP][PASSED] - comment("correct window page "): correct window page 

2019-06-25 17:58:23 - [MESSAGE][INFO] - correct window page 

2019-06-25 17:58:23 - [TEST_STEP][PASSED] - delay(1, CONTINUE_ON_FAILURE): Delayed 1 second(s)

2019-06-25 17:58:24 - [MESSAGE][PASSED] - Delayed 1 second(s)

2019-06-25 17:58:24 - [TEST_STEP][PASSED] - click(findTestObject("OCS-DESKTOP/Age gate and Mega menu/Header/ACCESSORIES menu - En"), CONTINUE_ON_FAILURE): Object: 'Object Repository/OCS-DESKTOP/Age gate and Mega menu/Header/ACCESSORIES menu - En' is clicked on

2019-06-25 17:58:25 - [MESSAGE][PASSED] - Object: 'Object Repository/OCS-DESKTOP/Age gate and Mega menu/Header/ACCESSORIES menu - En' is clicked on

2019-06-25 17:58:25 - [TEST_STEP][PASSED] - delay(2, CONTINUE_ON_FAILURE): Delayed 2 second(s)

2019-06-25 17:58:27 - [MESSAGE][PASSED] - Delayed 2 second(s)

2019-06-25 17:58:27 - [TEST_STEP][PASSED] - delay(1, CONTINUE_ON_FAILURE): Delayed 1 second(s)

2019-06-25 17:58:28 - [MESSAGE][PASSED] - Delayed 1 second(s)

2019-06-25 17:58:28 - [TEST_STEP][PASSED] - click(findTestObject("OCS-DESKTOP/Accessories page/Cleaning supplies"), CONTINUE_ON_FAILURE): Object: 'Object Repository/OCS-DESKTOP/Accessories page/Cleaning supplies' is clicked on

2019-06-25 17:58:30 - [MESSAGE][PASSED] - Object: 'Object Repository/OCS-DESKTOP/Accessories page/Cleaning supplies' is clicked on

2019-06-25 17:58:30 - [TEST_STEP][PASSED] - delay(1, CONTINUE_ON_FAILURE): Delayed 1 second(s)

2019-06-25 17:58:31 - [MESSAGE][PASSED] - Delayed 1 second(s)

2019-06-25 17:58:31 - [TEST_STEP][PASSED] - a12 = getWindowTitle(CONTINUE_ON_FAILURE): Current window's title is: 'Cleaning Supplies | Ontario Cannabis Store'

2019-06-25 17:58:31 - [MESSAGE][PASSED] - Current window's title is: 'Cleaning Supplies | Ontario Cannabis Store'

2019-06-25 17:58:31 - [TEST_STEP][PASSED] - comment(a12): Cleaning Supplies | Ontario Cannabis Store

2019-06-25 17:58:31 - [MESSAGE][INFO] - Cleaning Supplies | Ontario Cannabis Store

2019-06-25 17:58:31 - [TEST_STEP][PASSED] - b12 = "Cleaning Supplies | Ontario Cannabis Store": null

2019-06-25 17:58:31 - [TEST_STEP][PASSED] - comment(b12): Cleaning Supplies | Ontario Cannabis Store

2019-06-25 17:58:31 - [MESSAGE][INFO] - Cleaning Supplies | Ontario Cannabis Store

2019-06-25 17:58:31 - [TEST_STEP][PASSED] - if (a12 == b12): correct window page 

2019-06-25 17:58:31 - [TEST_STEP][PASSED] - comment("correct window page "): correct window page 

2019-06-25 17:58:31 - [MESSAGE][INFO] - correct window page 

2019-06-25 17:58:31 - [TEST_STEP][PASSED] - delay(1, CONTINUE_ON_FAILURE): Delayed 1 second(s)

2019-06-25 17:58:32 - [MESSAGE][PASSED] - Delayed 1 second(s)

2019-06-25 17:58:32 - [TEST_STEP][PASSED] - click(findTestObject("OCS-DESKTOP/Age gate and Mega menu/Header/ACCESSORIES menu - En"), CONTINUE_ON_FAILURE): Object: 'Object Repository/OCS-DESKTOP/Age gate and Mega menu/Header/ACCESSORIES menu - En' is clicked on

2019-06-25 17:58:32 - [MESSAGE][PASSED] - Object: 'Object Repository/OCS-DESKTOP/Age gate and Mega menu/Header/ACCESSORIES menu - En' is clicked on

2019-06-25 17:58:32 - [TEST_STEP][PASSED] - delay(2, CONTINUE_ON_FAILURE): Delayed 2 second(s)

2019-06-25 17:58:34 - [MESSAGE][PASSED] - Delayed 2 second(s)

2019-06-25 17:58:34 - [TEST_STEP][PASSED] - delay(1, CONTINUE_ON_FAILURE): Delayed 1 second(s)

2019-06-25 17:58:35 - [MESSAGE][PASSED] - Delayed 1 second(s)

2019-06-25 17:58:35 - [TEST_STEP][PASSED] - click(findTestObject("OCS-DESKTOP/Accessories page/Storage"), CONTINUE_ON_FAILURE): Object: 'Object Repository/OCS-DESKTOP/Accessories page/Storage' is clicked on

2019-06-25 17:58:36 - [MESSAGE][PASSED] - Object: 'Object Repository/OCS-DESKTOP/Accessories page/Storage' is clicked on

2019-06-25 17:58:36 - [TEST_STEP][PASSED] - delay(1, CONTINUE_ON_FAILURE): Delayed 1 second(s)

2019-06-25 17:58:37 - [MESSAGE][PASSED] - Delayed 1 second(s)

2019-06-25 17:58:37 - [TEST_STEP][PASSED] - a13 = getWindowTitle(CONTINUE_ON_FAILURE): Current window's title is: 'Storage | Ontario Cannabis Store'

2019-06-25 17:58:37 - [MESSAGE][PASSED] - Current window's title is: 'Storage | Ontario Cannabis Store'

2019-06-25 17:58:37 - [TEST_STEP][PASSED] - comment(a13): Storage | Ontario Cannabis Store

2019-06-25 17:58:37 - [MESSAGE][INFO] - Storage | Ontario Cannabis Store

2019-06-25 17:58:37 - [TEST_STEP][PASSED] - b13 = "Storage | Ontario Cannabis Store": null

2019-06-25 17:58:37 - [TEST_STEP][PASSED] - comment(b): Vaporizers | Ontario Cannabis Store

2019-06-25 17:58:37 - [MESSAGE][INFO] - Vaporizers | Ontario Cannabis Store

2019-06-25 17:58:37 - [TEST_STEP][PASSED] - if (a13 == b13): correct window page 

2019-06-25 17:58:37 - [TEST_STEP][PASSED] - comment("correct window page "): correct window page 

2019-06-25 17:58:37 - [MESSAGE][INFO] - correct window page 

2019-06-25 17:58:37 - [TEST_STEP][PASSED] - delay(1, CONTINUE_ON_FAILURE): Delayed 1 second(s)

2019-06-25 17:58:38 - [MESSAGE][PASSED] - Delayed 1 second(s)

2019-06-25 17:58:38 - [TEST_STEP][PASSED] - click(findTestObject("OCS-DESKTOP/Age gate and Mega menu/Header/ACCESSORIES menu - En"), CONTINUE_ON_FAILURE): Object: 'Object Repository/OCS-DESKTOP/Age gate and Mega menu/Header/ACCESSORIES menu - En' is clicked on

2019-06-25 17:58:38 - [MESSAGE][PASSED] - Object: 'Object Repository/OCS-DESKTOP/Age gate and Mega menu/Header/ACCESSORIES menu - En' is clicked on

2019-06-25 17:58:38 - [TEST_STEP][PASSED] - delay(2, CONTINUE_ON_FAILURE): Delayed 2 second(s)

2019-06-25 17:58:40 - [MESSAGE][PASSED] - Delayed 2 second(s)

2019-06-25 17:58:40 - [TEST_STEP][PASSED] - delay(1, CONTINUE_ON_FAILURE): Delayed 1 second(s)

2019-06-25 17:58:41 - [MESSAGE][PASSED] - Delayed 1 second(s)

2019-06-25 17:58:41 - [TEST_STEP][PASSED] - click(findTestObject("OCS-DESKTOP/Accessories page/Trays"), CONTINUE_ON_FAILURE): Object: 'Object Repository/OCS-DESKTOP/Accessories page/Trays' is clicked on

2019-06-25 17:58:43 - [MESSAGE][PASSED] - Object: 'Object Repository/OCS-DESKTOP/Accessories page/Trays' is clicked on

2019-06-25 17:58:43 - [TEST_STEP][PASSED] - delay(1, CONTINUE_ON_FAILURE): Delayed 1 second(s)

2019-06-25 17:58:44 - [MESSAGE][PASSED] - Delayed 1 second(s)

2019-06-25 17:58:44 - [TEST_STEP][PASSED] - a14 = getWindowTitle(CONTINUE_ON_FAILURE): Current window's title is: 'Trays | Ontario Cannabis Store'

2019-06-25 17:58:44 - [MESSAGE][PASSED] - Current window's title is: 'Trays | Ontario Cannabis Store'

2019-06-25 17:58:44 - [TEST_STEP][PASSED] - comment(a14): Trays | Ontario Cannabis Store

2019-06-25 17:58:44 - [MESSAGE][INFO] - Trays | Ontario Cannabis Store

2019-06-25 17:58:44 - [TEST_STEP][PASSED] - b14 = "Trays | Ontario Cannabis Store": null

2019-06-25 17:58:44 - [TEST_STEP][PASSED] - comment(b14): Trays | Ontario Cannabis Store

2019-06-25 17:58:44 - [MESSAGE][INFO] - Trays | Ontario Cannabis Store

2019-06-25 17:58:44 - [TEST_STEP][PASSED] - if (a14 == b14): correct window page 

2019-06-25 17:58:44 - [TEST_STEP][PASSED] - comment("correct window page "): correct window page 

2019-06-25 17:58:44 - [MESSAGE][INFO] - correct window page 

2019-06-25 17:58:44 - [TEST_STEP][PASSED] - delay(1, CONTINUE_ON_FAILURE): Delayed 1 second(s)

2019-06-25 17:58:45 - [MESSAGE][PASSED] - Delayed 1 second(s)

2019-06-25 17:58:45 - [TEST_STEP][PASSED] - click(findTestObject("OCS-DESKTOP/Age gate and Mega menu/Header/ACCESSORIES menu - En"), CONTINUE_ON_FAILURE): Object: 'Object Repository/OCS-DESKTOP/Age gate and Mega menu/Header/ACCESSORIES menu - En' is clicked on

2019-06-25 17:58:45 - [MESSAGE][PASSED] - Object: 'Object Repository/OCS-DESKTOP/Age gate and Mega menu/Header/ACCESSORIES menu - En' is clicked on

2019-06-25 17:58:45 - [TEST_STEP][PASSED] - delay(2, CONTINUE_ON_FAILURE): Delayed 2 second(s)

2019-06-25 17:58:47 - [MESSAGE][PASSED] - Delayed 2 second(s)

2019-06-25 17:58:47 - [TEST_STEP][PASSED] - delay(1, CONTINUE_ON_FAILURE): Delayed 1 second(s)

2019-06-25 17:58:48 - [MESSAGE][PASSED] - Delayed 1 second(s)

2019-06-25 17:58:48 - [TEST_STEP][PASSED] - click(findTestObject("OCS-DESKTOP/Accessories page/Infusers"), CONTINUE_ON_FAILURE): Object: 'Object Repository/OCS-DESKTOP/Accessories page/Infusers' is clicked on

2019-06-25 17:58:50 - [MESSAGE][PASSED] - Object: 'Object Repository/OCS-DESKTOP/Accessories page/Infusers' is clicked on

2019-06-25 17:58:50 - [TEST_STEP][PASSED] - delay(1, CONTINUE_ON_FAILURE): Delayed 1 second(s)

2019-06-25 17:58:51 - [MESSAGE][PASSED] - Delayed 1 second(s)

2019-06-25 17:58:51 - [TEST_STEP][PASSED] - a15 = getWindowTitle(CONTINUE_ON_FAILURE): Current window's title is: 'Infusers | Ontario Cannabis Store'

2019-06-25 17:58:51 - [MESSAGE][PASSED] - Current window's title is: 'Infusers | Ontario Cannabis Store'

2019-06-25 17:58:51 - [TEST_STEP][PASSED] - comment(a15): Infusers | Ontario Cannabis Store

2019-06-25 17:58:51 - [MESSAGE][INFO] - Infusers | Ontario Cannabis Store

2019-06-25 17:58:51 - [TEST_STEP][PASSED] - b15 = "Infusers | Ontario Cannabis Store": null

2019-06-25 17:58:51 - [TEST_STEP][PASSED] - comment(b15): Infusers | Ontario Cannabis Store

2019-06-25 17:58:51 - [MESSAGE][INFO] - Infusers | Ontario Cannabis Store

2019-06-25 17:58:51 - [TEST_STEP][PASSED] - if (a15 == b15): correct window page 

2019-06-25 17:58:51 - [TEST_STEP][PASSED] - comment("correct window page "): correct window page 

2019-06-25 17:58:51 - [MESSAGE][INFO] - correct window page 

2019-06-25 17:58:51 - [TEST_STEP][PASSED] - delay(1, CONTINUE_ON_FAILURE): Delayed 1 second(s)

2019-06-25 17:58:52 - [MESSAGE][PASSED] - Delayed 1 second(s)

2019-06-25 17:58:52 - [TEST_STEP][PASSED] - click(findTestObject("OCS-DESKTOP/Age gate and Mega menu/Header/ACCESSORIES menu - En"), CONTINUE_ON_FAILURE): Object: 'Object Repository/OCS-DESKTOP/Age gate and Mega menu/Header/ACCESSORIES menu - En' is clicked on

2019-06-25 17:58:52 - [MESSAGE][PASSED] - Object: 'Object Repository/OCS-DESKTOP/Age gate and Mega menu/Header/ACCESSORIES menu - En' is clicked on

2019-06-25 17:58:52 - [TEST_STEP][PASSED] - delay(2, CONTINUE_ON_FAILURE): Delayed 2 second(s)

2019-06-25 17:58:54 - [MESSAGE][PASSED] - Delayed 2 second(s)

2019-06-25 17:58:54 - [TEST_STEP][PASSED] - delay(1, CONTINUE_ON_FAILURE): Delayed 1 second(s)

2019-06-25 17:58:55 - [MESSAGE][PASSED] - Delayed 1 second(s)

2019-06-25 17:58:55 - [TEST_STEP][PASSED] - executeJavaScript("var previewBar = document.getElementById("preview-bar-iframe"); previewBar.style.display = "none";", []): Execute JavaScript 'var previewBar = document.getElementById("preview-bar-iframe"); previewBar.style.display = "none";' successfully

2019-06-25 17:58:55 - [MESSAGE][PASSED] - Execute JavaScript 'var previewBar = document.getElementById("preview-bar-iframe"); previewBar.style.display = "none";' successfully

2019-06-25 17:58:55 - [TEST_STEP][PASSED] - delay(1, CONTINUE_ON_FAILURE): Delayed 1 second(s)

2019-06-25 17:58:56 - [MESSAGE][PASSED] - Delayed 1 second(s)

2019-06-25 17:58:56 - [TEST_STEP][PASSED] - click(findTestObject("OCS-DESKTOP/Accessories page/Best selling pipes")): Object: 'Object Repository/OCS-DESKTOP/Accessories page/Best selling pipes' is clicked on

2019-06-25 17:58:57 - [MESSAGE][PASSED] - Object: 'Object Repository/OCS-DESKTOP/Accessories page/Best selling pipes' is clicked on

2019-06-25 17:58:57 - [TEST_STEP][PASSED] - delay(1, OPTIONAL): Delayed 1 second(s)

2019-06-25 17:58:58 - [MESSAGE][PASSED] - Delayed 1 second(s)

2019-06-25 17:58:58 - [TEST_STEP][PASSED] - flag = verifyTextPresent("Page Not Found", false, CONTINUE_ON_FAILURE): Text 'Page Not Found' is present on page 

2019-06-25 17:58:58 - [MESSAGE][PASSED] - Text 'Page Not Found' is present on page 

2019-06-25 17:58:58 - [TEST_STEP][PASSED] - comment("flag=" + flag): flag=true

2019-06-25 17:58:58 - [MESSAGE][INFO] - flag=true

2019-06-25 17:58:58 - [TEST_STEP][PASSED] - if (flag == true): pae not ready yet

2019-06-25 17:58:58 - [TEST_STEP][PASSED] - comment("pae not ready yet"): pae not ready yet

2019-06-25 17:58:58 - [MESSAGE][INFO] - pae not ready yet

2019-06-25 17:58:58 - [TEST_STEP][PASSED] - click(findTestObject("OCS-DESKTOP/Age gate and Mega menu/Header/ACCESSORIES menu - En"), CONTINUE_ON_FAILURE): Object: 'Object Repository/OCS-DESKTOP/Age gate and Mega menu/Header/ACCESSORIES menu - En' is clicked on

2019-06-25 17:58:58 - [MESSAGE][PASSED] - Object: 'Object Repository/OCS-DESKTOP/Age gate and Mega menu/Header/ACCESSORIES menu - En' is clicked on

2019-06-25 17:58:58 - [TEST_STEP][PASSED] - delay(2, CONTINUE_ON_FAILURE): Delayed 2 second(s)

2019-06-25 17:59:00 - [MESSAGE][PASSED] - Delayed 2 second(s)

2019-06-25 17:59:00 - [TEST_STEP][PASSED] - delay(1, CONTINUE_ON_FAILURE): Delayed 1 second(s)

2019-06-25 17:59:01 - [MESSAGE][PASSED] - Delayed 1 second(s)

2019-06-25 17:59:01 - [TEST_STEP][PASSED] - executeJavaScript("var previewBar = document.getElementById("preview-bar-iframe"); previewBar.style.display = "none";", []): Execute JavaScript 'var previewBar = document.getElementById("preview-bar-iframe"); previewBar.style.display = "none";' successfully

2019-06-25 17:59:01 - [MESSAGE][PASSED] - Execute JavaScript 'var previewBar = document.getElementById("preview-bar-iframe"); previewBar.style.display = "none";' successfully

2019-06-25 17:59:01 - [TEST_STEP][PASSED] - click(findTestObject("OCS-DESKTOP/Accessories page/Travel storage")): Object: 'Object Repository/OCS-DESKTOP/Accessories page/Travel storage' is clicked on

2019-06-25 17:59:03 - [MESSAGE][PASSED] - Object: 'Object Repository/OCS-DESKTOP/Accessories page/Travel storage' is clicked on

2019-06-25 17:59:03 - [TEST_STEP][FAILED] - flag1 = verifyTextPresent("Page Not Found", false, CONTINUE_ON_FAILURE): Text 'Page Not Found' is not present on page 

2019-06-25 17:59:03 - [MESSAGE][FAILED] - Text 'Page Not Found' is not present on page 

2019-06-25 17:59:03 - [TEST_STEP][PASSED] - comment("flag1=" + flag1): flag1=false

2019-06-25 17:59:03 - [MESSAGE][INFO] - flag1=false

2019-06-25 17:59:03 - [TEST_STEP][PASSED] - if (flag1 == true): null

2019-06-25 17:59:03 - [TEST_STEP][PASSED] - else: Some random page 

2019-06-25 17:59:03 - [TEST_STEP][PASSED] - x1 = getWindowTitle(CONTINUE_ON_FAILURE): Current window's title is: 'New Accessories | Ontario Cannabis Store'

2019-06-25 17:59:03 - [MESSAGE][PASSED] - Current window's title is: 'New Accessories | Ontario Cannabis Store'

2019-06-25 17:59:03 - [TEST_STEP][PASSED] - comment(x1): New Accessories | Ontario Cannabis Store

2019-06-25 17:59:03 - [MESSAGE][INFO] - New Accessories | Ontario Cannabis Store

2019-06-25 17:59:03 - [TEST_STEP][PASSED] - y1 = "best selling pipes | Ontario Cannabis Store": null

2019-06-25 17:59:03 - [TEST_STEP][PASSED] - comment(y1): best selling pipes | Ontario Cannabis Store

2019-06-25 17:59:03 - [MESSAGE][INFO] - best selling pipes | Ontario Cannabis Store

2019-06-25 17:59:03 - [TEST_STEP][PASSED] - if (x1 == y1): null

2019-06-25 17:59:03 - [TEST_STEP][PASSED] - else: Some random page 

2019-06-25 17:59:03 - [TEST_STEP][PASSED] - comment("Some random page "): Some random page 

2019-06-25 17:59:03 - [MESSAGE][INFO] - Some random page 

2019-06-25 17:59:03 - [TEST_STEP][PASSED] - delay(1, CONTINUE_ON_FAILURE): Delayed 1 second(s)

2019-06-25 17:59:04 - [MESSAGE][PASSED] - Delayed 1 second(s)

2019-06-25 17:59:04 - [TEST_STEP][PASSED] - click(findTestObject("OCS-DESKTOP/Age gate and Mega menu/Header/ACCESSORIES menu - En"), CONTINUE_ON_FAILURE): Object: 'Object Repository/OCS-DESKTOP/Age gate and Mega menu/Header/ACCESSORIES menu - En' is clicked on

2019-06-25 17:59:04 - [MESSAGE][PASSED] - Object: 'Object Repository/OCS-DESKTOP/Age gate and Mega menu/Header/ACCESSORIES menu - En' is clicked on

2019-06-25 17:59:04 - [TEST_STEP][PASSED] - delay(2, CONTINUE_ON_FAILURE): Delayed 2 second(s)

2019-06-25 17:59:06 - [MESSAGE][PASSED] - Delayed 2 second(s)

2019-06-25 17:59:06 - [TEST_STEP][PASSED] - delay(1, OPTIONAL): Delayed 1 second(s)

2019-06-25 17:59:07 - [MESSAGE][PASSED] - Delayed 1 second(s)

2019-06-25 17:59:07 - [TEST_STEP][PASSED] - executeJavaScript("var previewBar = document.getElementById("preview-bar-iframe"); previewBar.style.display = "none";", []): Execute JavaScript 'var previewBar = document.getElementById("preview-bar-iframe"); previewBar.style.display = "none";' successfully

2019-06-25 17:59:07 - [MESSAGE][PASSED] - Execute JavaScript 'var previewBar = document.getElementById("preview-bar-iframe"); previewBar.style.display = "none";' successfully

2019-06-25 17:59:07 - [TEST_STEP][PASSED] - delay(2, CONTINUE_ON_FAILURE): Delayed 2 second(s)

2019-06-25 17:59:09 - [MESSAGE][PASSED] - Delayed 2 second(s)

2019-06-25 17:59:09 - [TEST_STEP][FAILED] - click(findTestObject("OCS-DESKTOP/Accessories page/Shop all acessories")): click(findTestObject("OCS-DESKTOP/Accessories page/Shop all acessories")) FAILED.
Reason:
com.kms.katalon.core.exception.StepFailedException: Text 'Page Not Found' is not present on page 
	at com.kms.katalon.core.keyword.internal.KeywordMain.stepFailed(KeywordMain.groovy:32)
	at com.kms.katalon.core.webui.keyword.internal.WebUIKeywordMain.stepFailed(WebUIKeywordMain.groovy:65)
	at com.kms.katalon.core.webui.keyword.builtin.VerifyTextPresentKeyword$_verifyTextPresent_closure1.doCall(VerifyTextPresentKeyword.groovy:79)
	at com.kms.katalon.core.webui.keyword.builtin.VerifyTextPresentKeyword$_verifyTextPresent_closure1.call(VerifyTextPresentKeyword.groovy)
	at com.kms.katalon.core.webui.keyword.internal.WebUIKeywordMain.runKeyword(WebUIKeywordMain.groovy:21)
	at com.kms.katalon.core.webui.keyword.builtin.VerifyTextPresentKeyword.verifyTextPresent(VerifyTextPresentKeyword.groovy:83)
	at com.kms.katalon.core.webui.keyword.builtin.VerifyTextPresentKeyword.execute(VerifyTextPresentKeyword.groovy:68)
	at com.kms.katalon.core.keyword.internal.KeywordExecutor.executeKeywordForPlatform(KeywordExecutor.groovy:53)
	at com.kms.katalon.core.webui.keyword.WebUiBuiltInKeywords.verifyTextPresent(WebUiBuiltInKeywords.groovy:1677)
	at com.kms.katalon.core.webui.keyword.WebUiBuiltInKeywords$verifyTextPresent$19.call(Unknown Source)
	at HP-Burger menu-Accessories.run(HP-Burger menu-Accessories:335)
	at com.kms.katalon.core.main.ScriptEngine.run(ScriptEngine.java:194)
	at com.kms.katalon.core.main.ScriptEngine.runScriptAsRawText(ScriptEngine.java:119)
	at com.kms.katalon.core.main.TestCaseExecutor.runScript(TestCaseExecutor.java:328)
	at com.kms.katalon.core.main.TestCaseExecutor.doExecute(TestCaseExecutor.java:319)
	at com.kms.katalon.core.main.TestCaseExecutor.processExecutionPhase(TestCaseExecutor.java:298)
	at com.kms.katalon.core.main.TestCaseExecutor.accessMainPhase(TestCaseExecutor.java:290)
	at com.kms.katalon.core.main.TestCaseExecutor.execute(TestCaseExecutor.java:224)
	at com.kms.katalon.core.main.TestSuiteExecutor.accessTestCaseMainPhase(TestSuiteExecutor.java:129)
	at com.kms.katalon.core.main.TestSuiteExecutor.accessTestSuiteMainPhase(TestSuiteExecutor.java:112)
	at com.kms.katalon.core.main.TestSuiteExecutor.execute(TestSuiteExecutor.java:81)
	at com.kms.katalon.core.main.TestCaseMain.startTestSuite(TestCaseMain.java:149)
	at com.kms.katalon.core.main.TestCaseMain$startTestSuite$0.call(Unknown Source)
	at TempTestSuite1561499172132.run(TempTestSuite1561499172132.groovy:36)


2019-06-25 17:59:11 - [MESSAGE][PASSED] - Object: 'Object Repository/OCS-DESKTOP/Accessories page/Shop all acessories' is clicked on

2019-06-25 17:59:11 - [MESSAGE][FAILED] - click(findTestObject("OCS-DESKTOP/Accessories page/Shop all acessories")) FAILED.
Reason:
com.kms.katalon.core.exception.StepFailedException: Text 'Page Not Found' is not present on page 
	at com.kms.katalon.core.keyword.internal.KeywordMain.stepFailed(KeywordMain.groovy:32)
	at com.kms.katalon.core.webui.keyword.internal.WebUIKeywordMain.stepFailed(WebUIKeywordMain.groovy:65)
	at com.kms.katalon.core.webui.keyword.builtin.VerifyTextPresentKeyword$_verifyTextPresent_closure1.doCall(VerifyTextPresentKeyword.groovy:79)
	at com.kms.katalon.core.webui.keyword.builtin.VerifyTextPresentKeyword$_verifyTextPresent_closure1.call(VerifyTextPresentKeyword.groovy)
	at com.kms.katalon.core.webui.keyword.internal.WebUIKeywordMain.runKeyword(WebUIKeywordMain.groovy:21)
	at com.kms.katalon.core.webui.keyword.builtin.VerifyTextPresentKeyword.verifyTextPresent(VerifyTextPresentKeyword.groovy:83)
	at com.kms.katalon.core.webui.keyword.builtin.VerifyTextPresentKeyword.execute(VerifyTextPresentKeyword.groovy:68)
	at com.kms.katalon.core.keyword.internal.KeywordExecutor.executeKeywordForPlatform(KeywordExecutor.groovy:53)
	at com.kms.katalon.core.webui.keyword.WebUiBuiltInKeywords.verifyTextPresent(WebUiBuiltInKeywords.groovy:1677)
	at com.kms.katalon.core.webui.keyword.WebUiBuiltInKeywords$verifyTextPresent$19.call(Unknown Source)
	at HP-Burger menu-Accessories.run(HP-Burger menu-Accessories:335)
	at com.kms.katalon.core.main.ScriptEngine.run(ScriptEngine.java:194)
	at com.kms.katalon.core.main.ScriptEngine.runScriptAsRawText(ScriptEngine.java:119)
	at com.kms.katalon.core.main.TestCaseExecutor.runScript(TestCaseExecutor.java:328)
	at com.kms.katalon.core.main.TestCaseExecutor.doExecute(TestCaseExecutor.java:319)
	at com.kms.katalon.core.main.TestCaseExecutor.processExecutionPhase(TestCaseExecutor.java:298)
	at com.kms.katalon.core.main.TestCaseExecutor.accessMainPhase(TestCaseExecutor.java:290)
	at com.kms.katalon.core.main.TestCaseExecutor.execute(TestCaseExecutor.java:224)
	at com.kms.katalon.core.main.TestSuiteExecutor.accessTestCaseMainPhase(TestSuiteExecutor.java:129)
	at com.kms.katalon.core.main.TestSuiteExecutor.accessTestSuiteMainPhase(TestSuiteExecutor.java:112)
	at com.kms.katalon.core.main.TestSuiteExecutor.execute(TestSuiteExecutor.java:81)
	at com.kms.katalon.core.main.TestCaseMain.startTestSuite(TestCaseMain.java:149)
	at com.kms.katalon.core.main.TestCaseMain$startTestSuite$0.call(Unknown Source)
	at TempTestSuite1561499172132.run(TempTestSuite1561499172132.groovy:36)]]></system-out>
         <system-err><![CDATA[2019-06-25 17:57:23 - [TEST_CASE][FAILED] - Test Cases/OCS - DESKTOP/OCS- HOME PAGE/HP-Burger menu-Accessories: Test Cases/OCS - DESKTOP/OCS- HOME PAGE/HP-Burger menu-Accessories FAILED.
Reason:
com.kms.katalon.core.exception.StepFailedException: Text 'Page Not Found' is not present on page 
	at com.kms.katalon.core.keyword.internal.KeywordMain.stepFailed(KeywordMain.groovy:32)
	at com.kms.katalon.core.webui.keyword.internal.WebUIKeywordMain.stepFailed(WebUIKeywordMain.groovy:65)
	at com.kms.katalon.core.webui.keyword.builtin.VerifyTextPresentKeyword$_verifyTextPresent_closure1.doCall(VerifyTextPresentKeyword.groovy:79)
	at com.kms.katalon.core.webui.keyword.builtin.VerifyTextPresentKeyword$_verifyTextPresent_closure1.call(VerifyTextPresentKeyword.groovy)
	at com.kms.katalon.core.webui.keyword.internal.WebUIKeywordMain.runKeyword(WebUIKeywordMain.groovy:21)
	at com.kms.katalon.core.webui.keyword.builtin.VerifyTextPresentKeyword.verifyTextPresent(VerifyTextPresentKeyword.groovy:83)
	at com.kms.katalon.core.webui.keyword.builtin.VerifyTextPresentKeyword.execute(VerifyTextPresentKeyword.groovy:68)
	at com.kms.katalon.core.keyword.internal.KeywordExecutor.executeKeywordForPlatform(KeywordExecutor.groovy:53)
	at com.kms.katalon.core.webui.keyword.WebUiBuiltInKeywords.verifyTextPresent(WebUiBuiltInKeywords.groovy:1677)
	at com.kms.katalon.core.webui.keyword.WebUiBuiltInKeywords$verifyTextPresent$19.call(Unknown Source)
	at HP-Burger menu-Accessories.run(HP-Burger menu-Accessories:335)
	at com.kms.katalon.core.main.ScriptEngine.run(ScriptEngine.java:194)
	at com.kms.katalon.core.main.ScriptEngine.runScriptAsRawText(ScriptEngine.java:119)
	at com.kms.katalon.core.main.TestCaseExecutor.runScript(TestCaseExecutor.java:328)
	at com.kms.katalon.core.main.TestCaseExecutor.doExecute(TestCaseExecutor.java:319)
	at com.kms.katalon.core.main.TestCaseExecutor.processExecutionPhase(TestCaseExecutor.java:298)
	at com.kms.katalon.core.main.TestCaseExecutor.accessMainPhase(TestCaseExecutor.java:290)
	at com.kms.katalon.core.main.TestCaseExecutor.execute(TestCaseExecutor.java:224)
	at com.kms.katalon.core.main.TestSuiteExecutor.accessTestCaseMainPhase(TestSuiteExecutor.java:129)
	at com.kms.katalon.core.main.TestSuiteExecutor.accessTestSuiteMainPhase(TestSuiteExecutor.java:112)
	at com.kms.katalon.core.main.TestSuiteExecutor.execute(TestSuiteExecutor.java:81)
	at com.kms.katalon.core.main.TestCaseMain.startTestSuite(TestCaseMain.java:149)
	at com.kms.katalon.core.main.TestCaseMain$startTestSuite$0.call(Unknown Source)
	at TempTestSuite1561499172132.run(TempTestSuite1561499172132.groovy:36)]]></system-err>
      </testcase>
      <testcase name="Test Cases/OCS - DESKTOP/OCS- HOME PAGE/Announcement" classname="Test Cases/OCS - DESKTOP/OCS- HOME PAGE/Announcement" status="FAILED">
         <failure type="FAILED" message="Test Cases/OCS - DESKTOP/OCS- HOME PAGE/Announcement FAILED.
Reason:
com.kms.katalon.core.exception.StepFailedException: Text 'Due to holiday closures within the Canada Post network for Victoria Day, please expect some order delivery delays.' is not present on page 
	at com.kms.katalon.core.keyword.internal.KeywordMain.stepFailed(KeywordMain.groovy:32)
	at com.kms.katalon.core.webui.keyword.internal.WebUIKeywordMain.stepFailed(WebUIKeywordMain.groovy:65)
	at com.kms.katalon.core.webui.keyword.builtin.VerifyTextPresentKeyword$_verifyTextPresent_closure1.doCall(VerifyTextPresentKeyword.groovy:79)
	at com.kms.katalon.core.webui.keyword.builtin.VerifyTextPresentKeyword$_verifyTextPresent_closure1.call(VerifyTextPresentKeyword.groovy)
	at com.kms.katalon.core.webui.keyword.internal.WebUIKeywordMain.runKeyword(WebUIKeywordMain.groovy:21)
	at com.kms.katalon.core.webui.keyword.builtin.VerifyTextPresentKeyword.verifyTextPresent(VerifyTextPresentKeyword.groovy:83)
	at com.kms.katalon.core.webui.keyword.builtin.VerifyTextPresentKeyword.execute(VerifyTextPresentKeyword.groovy:68)
	at com.kms.katalon.core.keyword.internal.KeywordExecutor.executeKeywordForPlatform(KeywordExecutor.groovy:53)
	at com.kms.katalon.core.webui.keyword.WebUiBuiltInKeywords.verifyTextPresent(WebUiBuiltInKeywords.groovy:1677)
	at com.kms.katalon.core.webui.keyword.WebUiBuiltInKeywords$verifyTextPresent$19.call(Unknown Source)
	at Announcement.run(Announcement:18)
	at com.kms.katalon.core.main.ScriptEngine.run(ScriptEngine.java:194)
	at com.kms.katalon.core.main.ScriptEngine.runScriptAsRawText(ScriptEngine.java:119)
	at com.kms.katalon.core.main.TestCaseExecutor.runScript(TestCaseExecutor.java:328)
	at com.kms.katalon.core.main.TestCaseExecutor.doExecute(TestCaseExecutor.java:319)
	at com.kms.katalon.core.main.TestCaseExecutor.processExecutionPhase(TestCaseExecutor.java:298)
	at com.kms.katalon.core.main.TestCaseExecutor.accessMainPhase(TestCaseExecutor.java:290)
	at com.kms.katalon.core.main.TestCaseExecutor.execute(TestCaseExecutor.java:224)
	at com.kms.katalon.core.main.TestSuiteExecutor.accessTestCaseMainPhase(TestSuiteExecutor.java:129)
	at com.kms.katalon.core.main.TestSuiteExecutor.accessTestSuiteMainPhase(TestSuiteExecutor.java:112)
	at com.kms.katalon.core.main.TestSuiteExecutor.execute(TestSuiteExecutor.java:81)
	at com.kms.katalon.core.main.TestCaseMain.startTestSuite(TestCaseMain.java:149)
	at com.kms.katalon.core.main.TestCaseMain$startTestSuite$0.call(Unknown Source)
	at TempTestSuite1561499172132.run(TempTestSuite1561499172132.groovy:36)
"/>
         <system-out><![CDATA[2019-06-25 17:59:11 - [TEST_CASE][FAILED] - Test Cases/OCS - DESKTOP/OCS- HOME PAGE/Announcement: Test Cases/OCS - DESKTOP/OCS- HOME PAGE/Announcement FAILED.
Reason:
com.kms.katalon.core.exception.StepFailedException: Text 'Due to holiday closures within the Canada Post network for Victoria Day, please expect some order delivery delays.' is not present on page 
	at com.kms.katalon.core.keyword.internal.KeywordMain.stepFailed(KeywordMain.groovy:32)
	at com.kms.katalon.core.webui.keyword.internal.WebUIKeywordMain.stepFailed(WebUIKeywordMain.groovy:65)
	at com.kms.katalon.core.webui.keyword.builtin.VerifyTextPresentKeyword$_verifyTextPresent_closure1.doCall(VerifyTextPresentKeyword.groovy:79)
	at com.kms.katalon.core.webui.keyword.builtin.VerifyTextPresentKeyword$_verifyTextPresent_closure1.call(VerifyTextPresentKeyword.groovy)
	at com.kms.katalon.core.webui.keyword.internal.WebUIKeywordMain.runKeyword(WebUIKeywordMain.groovy:21)
	at com.kms.katalon.core.webui.keyword.builtin.VerifyTextPresentKeyword.verifyTextPresent(VerifyTextPresentKeyword.groovy:83)
	at com.kms.katalon.core.webui.keyword.builtin.VerifyTextPresentKeyword.execute(VerifyTextPresentKeyword.groovy:68)
	at com.kms.katalon.core.keyword.internal.KeywordExecutor.executeKeywordForPlatform(KeywordExecutor.groovy:53)
	at com.kms.katalon.core.webui.keyword.WebUiBuiltInKeywords.verifyTextPresent(WebUiBuiltInKeywords.groovy:1677)
	at com.kms.katalon.core.webui.keyword.WebUiBuiltInKeywords$verifyTextPresent$19.call(Unknown Source)
	at Announcement.run(Announcement:18)
	at com.kms.katalon.core.main.ScriptEngine.run(ScriptEngine.java:194)
	at com.kms.katalon.core.main.ScriptEngine.runScriptAsRawText(ScriptEngine.java:119)
	at com.kms.katalon.core.main.TestCaseExecutor.runScript(TestCaseExecutor.java:328)
	at com.kms.katalon.core.main.TestCaseExecutor.doExecute(TestCaseExecutor.java:319)
	at com.kms.katalon.core.main.TestCaseExecutor.processExecutionPhase(TestCaseExecutor.java:298)
	at com.kms.katalon.core.main.TestCaseExecutor.accessMainPhase(TestCaseExecutor.java:290)
	at com.kms.katalon.core.main.TestCaseExecutor.execute(TestCaseExecutor.java:224)
	at com.kms.katalon.core.main.TestSuiteExecutor.accessTestCaseMainPhase(TestSuiteExecutor.java:129)
	at com.kms.katalon.core.main.TestSuiteExecutor.accessTestSuiteMainPhase(TestSuiteExecutor.java:112)
	at com.kms.katalon.core.main.TestSuiteExecutor.execute(TestSuiteExecutor.java:81)
	at com.kms.katalon.core.main.TestCaseMain.startTestSuite(TestCaseMain.java:149)
	at com.kms.katalon.core.main.TestCaseMain$startTestSuite$0.call(Unknown Source)
	at TempTestSuite1561499172132.run(TempTestSuite1561499172132.groovy:36)


2019-06-25 17:59:11 - [TEST_STEP][PASSED] - callTestCase(findTestCase("OCS - DESKTOP/CALL- Age gate"), [:], STOP_ON_FAILURE): Call Test Case 'Test Cases/OCS - DESKTOP/CALL- Age gate' successfully

2019-06-25 17:59:11 - [TEST_CASE][PASSED] - Test Cases/OCS - DESKTOP/CALL- Age gate: Test Cases/OCS - DESKTOP/CALL- Age gate

2019-06-25 17:59:11 - [TEST_STEP][PASSED] - openBrowser(""): Browser is opened with url: ''

2019-06-25 17:59:11 - [MESSAGE][WARNING] - A browser is already opened. Closing browser and opening a new one

2019-06-25 17:59:11 - [MESSAGE][INFO] - Starting 'Chrome' driver

2019-06-25 17:59:12 - [MESSAGE][PASSED] - Browser is opened with url: ''

2019-06-25 17:59:12 - [TEST_STEP][PASSED] - navigateToUrl("https://ocs.ca/?fts=0&preview_theme_id=72920106828"): Navigate to 'https://ocs.ca/?fts=0&preview_theme_id=72920106828' successfully

2019-06-25 17:59:16 - [MESSAGE][PASSED] - Navigate to 'https://ocs.ca/?fts=0&preview_theme_id=72920106828' successfully

2019-06-25 17:59:16 - [TEST_STEP][PASSED] - maximizeWindow(): Current window maximized

2019-06-25 17:59:17 - [MESSAGE][PASSED] - Current window maximized

2019-06-25 17:59:17 - [TEST_STEP][PASSED] - delay(2): Delayed 2 second(s)

2019-06-25 17:59:19 - [MESSAGE][PASSED] - Delayed 2 second(s)

2019-06-25 17:59:19 - [TEST_STEP][PASSED] - executeJavaScript("var previewBar = document.getElementById("preview-bar-iframe"); previewBar.style.display = "none";", []): Execute JavaScript 'var previewBar = document.getElementById("preview-bar-iframe"); previewBar.style.display = "none";' successfully

2019-06-25 17:59:19 - [MESSAGE][PASSED] - Execute JavaScript 'var previewBar = document.getElementById("preview-bar-iframe"); previewBar.style.display = "none";' successfully

2019-06-25 17:59:19 - [TEST_STEP][PASSED] - selectOptionByValue(findTestObject("OCS-DESKTOP/Age gate and Mega menu/Date"), "12", true): All options with value '12' are selected in object 'Object Repository/OCS-DESKTOP/Age gate and Mega menu/Date'  using regular expression

2019-06-25 17:59:19 - [MESSAGE][PASSED] - All options with value '12' are selected in object 'Object Repository/OCS-DESKTOP/Age gate and Mega menu/Date'  using regular expression

2019-06-25 17:59:19 - [TEST_STEP][PASSED] - selectOptionByValue(findTestObject("OCS-DESKTOP/Age gate and Mega menu/month"), "6", true): All options with value '6' are selected in object 'Object Repository/OCS-DESKTOP/Age gate and Mega menu/month'  using regular expression

2019-06-25 17:59:19 - [MESSAGE][PASSED] - All options with value '6' are selected in object 'Object Repository/OCS-DESKTOP/Age gate and Mega menu/month'  using regular expression

2019-06-25 17:59:19 - [TEST_STEP][PASSED] - delay(2): Delayed 2 second(s)

2019-06-25 17:59:21 - [MESSAGE][PASSED] - Delayed 2 second(s)

2019-06-25 17:59:21 - [TEST_STEP][PASSED] - selectOptionByValue(findTestObject("OCS-DESKTOP/Age gate and Mega menu/Year Dropdown"), "1990", true): All options with value '1990' are selected in object 'Object Repository/OCS-DESKTOP/Age gate and Mega menu/Year Dropdown'  using regular expression

2019-06-25 17:59:22 - [MESSAGE][PASSED] - All options with value '1990' are selected in object 'Object Repository/OCS-DESKTOP/Age gate and Mega menu/Year Dropdown'  using regular expression

2019-06-25 17:59:22 - [TEST_STEP][PASSED] - click(findTestObject("OCS-DESKTOP/Age gate and Mega menu/button_Verify")): Object: 'Object Repository/OCS-DESKTOP/Age gate and Mega menu/button_Verify' is clicked on

2019-06-25 17:59:22 - [MESSAGE][PASSED] - Object: 'Object Repository/OCS-DESKTOP/Age gate and Mega menu/button_Verify' is clicked on

2019-06-25 17:59:22 - [TEST_STEP][PASSED] - click(findTestObject("OCS-DESKTOP/Age gate and Mega menu/Checkbox_CONFIRM AND ACKNOWLEDGE")): Object: 'Object Repository/OCS-DESKTOP/Age gate and Mega menu/Checkbox_CONFIRM AND ACKNOWLEDGE' is clicked on

2019-06-25 17:59:22 - [MESSAGE][PASSED] - Object: 'Object Repository/OCS-DESKTOP/Age gate and Mega menu/Checkbox_CONFIRM AND ACKNOWLEDGE' is clicked on

2019-06-25 17:59:22 - [TEST_STEP][PASSED] - click(findTestObject("OCS-DESKTOP/Age gate and Mega menu/button_CONFIRM")): Object: 'Object Repository/OCS-DESKTOP/Age gate and Mega menu/button_CONFIRM' is clicked on

2019-06-25 17:59:22 - [MESSAGE][PASSED] - Object: 'Object Repository/OCS-DESKTOP/Age gate and Mega menu/button_CONFIRM' is clicked on

2019-06-25 17:59:22 - [TEST_STEP][PASSED] - click(findTestObject("OCS-DESKTOP/Age gate and Mega menu/button_Start Browsing")): Object: 'Object Repository/OCS-DESKTOP/Age gate and Mega menu/button_Start Browsing' is clicked on

2019-06-25 17:59:23 - [MESSAGE][PASSED] - Object: 'Object Repository/OCS-DESKTOP/Age gate and Mega menu/button_Start Browsing' is clicked on

2019-06-25 17:59:23 - [TEST_STEP][PASSED] - delay(2): Delayed 2 second(s)

2019-06-25 17:59:25 - [MESSAGE][PASSED] - Delayed 2 second(s)

2019-06-25 17:59:25 - [TEST_STEP][PASSED] - refresh(): Refresh successfully

2019-06-25 17:59:25 - [MESSAGE][PASSED] - Refresh successfully

2019-06-25 17:59:25 - [MESSAGE][PASSED] - Call Test Case 'Test Cases/OCS - DESKTOP/CALL- Age gate' successfully

2019-06-25 17:59:25 - [TEST_STEP][FAILED] - flag = verifyTextPresent("Due to holiday closures within the Canada Post network for Victoria Day, please expect some order delivery delays.", false, CONTINUE_ON_FAILURE): Text 'Due to holiday closures within the Canada Post network for Victoria Day, please expect some order delivery delays.' is not present on page 

2019-06-25 17:59:28 - [MESSAGE][FAILED] - Text 'Due to holiday closures within the Canada Post network for Victoria Day, please expect some order delivery delays.' is not present on page 

2019-06-25 17:59:28 - [TEST_STEP][PASSED] - delay(2): Delayed 2 second(s)

2019-06-25 17:59:30 - [MESSAGE][PASSED] - Delayed 2 second(s)

2019-06-25 17:59:30 - [TEST_STEP][PASSED] - comment("flag =" + flag): flag =false

2019-06-25 17:59:30 - [MESSAGE][INFO] - flag =false

2019-06-25 17:59:30 - [TEST_STEP][FAILED] - if (flag == false): if (flag == false) FAILED.
Reason:
com.kms.katalon.core.exception.StepFailedException: Text 'Due to holiday closures within the Canada Post network for Victoria Day, please expect some order delivery delays.' is not present on page 
	at com.kms.katalon.core.keyword.internal.KeywordMain.stepFailed(KeywordMain.groovy:32)
	at com.kms.katalon.core.webui.keyword.internal.WebUIKeywordMain.stepFailed(WebUIKeywordMain.groovy:65)
	at com.kms.katalon.core.webui.keyword.builtin.VerifyTextPresentKeyword$_verifyTextPresent_closure1.doCall(VerifyTextPresentKeyword.groovy:79)
	at com.kms.katalon.core.webui.keyword.builtin.VerifyTextPresentKeyword$_verifyTextPresent_closure1.call(VerifyTextPresentKeyword.groovy)
	at com.kms.katalon.core.webui.keyword.internal.WebUIKeywordMain.runKeyword(WebUIKeywordMain.groovy:21)
	at com.kms.katalon.core.webui.keyword.builtin.VerifyTextPresentKeyword.verifyTextPresent(VerifyTextPresentKeyword.groovy:83)
	at com.kms.katalon.core.webui.keyword.builtin.VerifyTextPresentKeyword.execute(VerifyTextPresentKeyword.groovy:68)
	at com.kms.katalon.core.keyword.internal.KeywordExecutor.executeKeywordForPlatform(KeywordExecutor.groovy:53)
	at com.kms.katalon.core.webui.keyword.WebUiBuiltInKeywords.verifyTextPresent(WebUiBuiltInKeywords.groovy:1677)
	at com.kms.katalon.core.webui.keyword.WebUiBuiltInKeywords$verifyTextPresent$19.call(Unknown Source)
	at Announcement.run(Announcement:18)
	at com.kms.katalon.core.main.ScriptEngine.run(ScriptEngine.java:194)
	at com.kms.katalon.core.main.ScriptEngine.runScriptAsRawText(ScriptEngine.java:119)
	at com.kms.katalon.core.main.TestCaseExecutor.runScript(TestCaseExecutor.java:328)
	at com.kms.katalon.core.main.TestCaseExecutor.doExecute(TestCaseExecutor.java:319)
	at com.kms.katalon.core.main.TestCaseExecutor.processExecutionPhase(TestCaseExecutor.java:298)
	at com.kms.katalon.core.main.TestCaseExecutor.accessMainPhase(TestCaseExecutor.java:290)
	at com.kms.katalon.core.main.TestCaseExecutor.execute(TestCaseExecutor.java:224)
	at com.kms.katalon.core.main.TestSuiteExecutor.accessTestCaseMainPhase(TestSuiteExecutor.java:129)
	at com.kms.katalon.core.main.TestSuiteExecutor.accessTestSuiteMainPhase(TestSuiteExecutor.java:112)
	at com.kms.katalon.core.main.TestSuiteExecutor.execute(TestSuiteExecutor.java:81)
	at com.kms.katalon.core.main.TestCaseMain.startTestSuite(TestCaseMain.java:149)
	at com.kms.katalon.core.main.TestCaseMain$startTestSuite$0.call(Unknown Source)
	at TempTestSuite1561499172132.run(TempTestSuite1561499172132.groovy:36)


2019-06-25 17:59:30 - [TEST_STEP][FAILED] - comment(" there is no  announcment "): if (flag == false) FAILED.
Reason:
com.kms.katalon.core.exception.StepFailedException: Text 'Due to holiday closures within the Canada Post network for Victoria Day, please expect some order delivery delays.' is not present on page 
	at com.kms.katalon.core.keyword.internal.KeywordMain.stepFailed(KeywordMain.groovy:32)
	at com.kms.katalon.core.webui.keyword.internal.WebUIKeywordMain.stepFailed(WebUIKeywordMain.groovy:65)
	at com.kms.katalon.core.webui.keyword.builtin.VerifyTextPresentKeyword$_verifyTextPresent_closure1.doCall(VerifyTextPresentKeyword.groovy:79)
	at com.kms.katalon.core.webui.keyword.builtin.VerifyTextPresentKeyword$_verifyTextPresent_closure1.call(VerifyTextPresentKeyword.groovy)
	at com.kms.katalon.core.webui.keyword.internal.WebUIKeywordMain.runKeyword(WebUIKeywordMain.groovy:21)
	at com.kms.katalon.core.webui.keyword.builtin.VerifyTextPresentKeyword.verifyTextPresent(VerifyTextPresentKeyword.groovy:83)
	at com.kms.katalon.core.webui.keyword.builtin.VerifyTextPresentKeyword.execute(VerifyTextPresentKeyword.groovy:68)
	at com.kms.katalon.core.keyword.internal.KeywordExecutor.executeKeywordForPlatform(KeywordExecutor.groovy:53)
	at com.kms.katalon.core.webui.keyword.WebUiBuiltInKeywords.verifyTextPresent(WebUiBuiltInKeywords.groovy:1677)
	at com.kms.katalon.core.webui.keyword.WebUiBuiltInKeywords$verifyTextPresent$19.call(Unknown Source)
	at Announcement.run(Announcement:18)
	at com.kms.katalon.core.main.ScriptEngine.run(ScriptEngine.java:194)
	at com.kms.katalon.core.main.ScriptEngine.runScriptAsRawText(ScriptEngine.java:119)
	at com.kms.katalon.core.main.TestCaseExecutor.runScript(TestCaseExecutor.java:328)
	at com.kms.katalon.core.main.TestCaseExecutor.doExecute(TestCaseExecutor.java:319)
	at com.kms.katalon.core.main.TestCaseExecutor.processExecutionPhase(TestCaseExecutor.java:298)
	at com.kms.katalon.core.main.TestCaseExecutor.accessMainPhase(TestCaseExecutor.java:290)
	at com.kms.katalon.core.main.TestCaseExecutor.execute(TestCaseExecutor.java:224)
	at com.kms.katalon.core.main.TestSuiteExecutor.accessTestCaseMainPhase(TestSuiteExecutor.java:129)
	at com.kms.katalon.core.main.TestSuiteExecutor.accessTestSuiteMainPhase(TestSuiteExecutor.java:112)
	at com.kms.katalon.core.main.TestSuiteExecutor.execute(TestSuiteExecutor.java:81)
	at com.kms.katalon.core.main.TestCaseMain.startTestSuite(TestCaseMain.java:149)
	at com.kms.katalon.core.main.TestCaseMain$startTestSuite$0.call(Unknown Source)
	at TempTestSuite1561499172132.run(TempTestSuite1561499172132.groovy:36)


2019-06-25 17:59:30 - [MESSAGE][INFO] -  there is no  announcment 

2019-06-25 17:59:30 - [MESSAGE][FAILED] - if (flag == false) FAILED.
Reason:
com.kms.katalon.core.exception.StepFailedException: Text 'Due to holiday closures within the Canada Post network for Victoria Day, please expect some order delivery delays.' is not present on page 
	at com.kms.katalon.core.keyword.internal.KeywordMain.stepFailed(KeywordMain.groovy:32)
	at com.kms.katalon.core.webui.keyword.internal.WebUIKeywordMain.stepFailed(WebUIKeywordMain.groovy:65)
	at com.kms.katalon.core.webui.keyword.builtin.VerifyTextPresentKeyword$_verifyTextPresent_closure1.doCall(VerifyTextPresentKeyword.groovy:79)
	at com.kms.katalon.core.webui.keyword.builtin.VerifyTextPresentKeyword$_verifyTextPresent_closure1.call(VerifyTextPresentKeyword.groovy)
	at com.kms.katalon.core.webui.keyword.internal.WebUIKeywordMain.runKeyword(WebUIKeywordMain.groovy:21)
	at com.kms.katalon.core.webui.keyword.builtin.VerifyTextPresentKeyword.verifyTextPresent(VerifyTextPresentKeyword.groovy:83)
	at com.kms.katalon.core.webui.keyword.builtin.VerifyTextPresentKeyword.execute(VerifyTextPresentKeyword.groovy:68)
	at com.kms.katalon.core.keyword.internal.KeywordExecutor.executeKeywordForPlatform(KeywordExecutor.groovy:53)
	at com.kms.katalon.core.webui.keyword.WebUiBuiltInKeywords.verifyTextPresent(WebUiBuiltInKeywords.groovy:1677)
	at com.kms.katalon.core.webui.keyword.WebUiBuiltInKeywords$verifyTextPresent$19.call(Unknown Source)
	at Announcement.run(Announcement:18)
	at com.kms.katalon.core.main.ScriptEngine.run(ScriptEngine.java:194)
	at com.kms.katalon.core.main.ScriptEngine.runScriptAsRawText(ScriptEngine.java:119)
	at com.kms.katalon.core.main.TestCaseExecutor.runScript(TestCaseExecutor.java:328)
	at com.kms.katalon.core.main.TestCaseExecutor.doExecute(TestCaseExecutor.java:319)
	at com.kms.katalon.core.main.TestCaseExecutor.processExecutionPhase(TestCaseExecutor.java:298)
	at com.kms.katalon.core.main.TestCaseExecutor.accessMainPhase(TestCaseExecutor.java:290)
	at com.kms.katalon.core.main.TestCaseExecutor.execute(TestCaseExecutor.java:224)
	at com.kms.katalon.core.main.TestSuiteExecutor.accessTestCaseMainPhase(TestSuiteExecutor.java:129)
	at com.kms.katalon.core.main.TestSuiteExecutor.accessTestSuiteMainPhase(TestSuiteExecutor.java:112)
	at com.kms.katalon.core.main.TestSuiteExecutor.execute(TestSuiteExecutor.java:81)
	at com.kms.katalon.core.main.TestCaseMain.startTestSuite(TestCaseMain.java:149)
	at com.kms.katalon.core.main.TestCaseMain$startTestSuite$0.call(Unknown Source)
	at TempTestSuite1561499172132.run(TempTestSuite1561499172132.groovy:36)]]></system-out>
         <system-err><![CDATA[2019-06-25 17:59:11 - [TEST_CASE][FAILED] - Test Cases/OCS - DESKTOP/OCS- HOME PAGE/Announcement: Test Cases/OCS - DESKTOP/OCS- HOME PAGE/Announcement FAILED.
Reason:
com.kms.katalon.core.exception.StepFailedException: Text 'Due to holiday closures within the Canada Post network for Victoria Day, please expect some order delivery delays.' is not present on page 
	at com.kms.katalon.core.keyword.internal.KeywordMain.stepFailed(KeywordMain.groovy:32)
	at com.kms.katalon.core.webui.keyword.internal.WebUIKeywordMain.stepFailed(WebUIKeywordMain.groovy:65)
	at com.kms.katalon.core.webui.keyword.builtin.VerifyTextPresentKeyword$_verifyTextPresent_closure1.doCall(VerifyTextPresentKeyword.groovy:79)
	at com.kms.katalon.core.webui.keyword.builtin.VerifyTextPresentKeyword$_verifyTextPresent_closure1.call(VerifyTextPresentKeyword.groovy)
	at com.kms.katalon.core.webui.keyword.internal.WebUIKeywordMain.runKeyword(WebUIKeywordMain.groovy:21)
	at com.kms.katalon.core.webui.keyword.builtin.VerifyTextPresentKeyword.verifyTextPresent(VerifyTextPresentKeyword.groovy:83)
	at com.kms.katalon.core.webui.keyword.builtin.VerifyTextPresentKeyword.execute(VerifyTextPresentKeyword.groovy:68)
	at com.kms.katalon.core.keyword.internal.KeywordExecutor.executeKeywordForPlatform(KeywordExecutor.groovy:53)
	at com.kms.katalon.core.webui.keyword.WebUiBuiltInKeywords.verifyTextPresent(WebUiBuiltInKeywords.groovy:1677)
	at com.kms.katalon.core.webui.keyword.WebUiBuiltInKeywords$verifyTextPresent$19.call(Unknown Source)
	at Announcement.run(Announcement:18)
	at com.kms.katalon.core.main.ScriptEngine.run(ScriptEngine.java:194)
	at com.kms.katalon.core.main.ScriptEngine.runScriptAsRawText(ScriptEngine.java:119)
	at com.kms.katalon.core.main.TestCaseExecutor.runScript(TestCaseExecutor.java:328)
	at com.kms.katalon.core.main.TestCaseExecutor.doExecute(TestCaseExecutor.java:319)
	at com.kms.katalon.core.main.TestCaseExecutor.processExecutionPhase(TestCaseExecutor.java:298)
	at com.kms.katalon.core.main.TestCaseExecutor.accessMainPhase(TestCaseExecutor.java:290)
	at com.kms.katalon.core.main.TestCaseExecutor.execute(TestCaseExecutor.java:224)
	at com.kms.katalon.core.main.TestSuiteExecutor.accessTestCaseMainPhase(TestSuiteExecutor.java:129)
	at com.kms.katalon.core.main.TestSuiteExecutor.accessTestSuiteMainPhase(TestSuiteExecutor.java:112)
	at com.kms.katalon.core.main.TestSuiteExecutor.execute(TestSuiteExecutor.java:81)
	at com.kms.katalon.core.main.TestCaseMain.startTestSuite(TestCaseMain.java:149)
	at com.kms.katalon.core.main.TestCaseMain$startTestSuite$0.call(Unknown Source)
	at TempTestSuite1561499172132.run(TempTestSuite1561499172132.groovy:36)]]></system-err>
      </testcase>
      <testcase name="Test Cases/OCS - DESKTOP/OCS- HOME PAGE/cart flyout" classname="Test Cases/OCS - DESKTOP/OCS- HOME PAGE/cart flyout" status="PASSED">
         <system-out><![CDATA[2019-06-25 17:59:30 - [TEST_CASE][PASSED] - Test Cases/OCS - DESKTOP/OCS- HOME PAGE/cart flyout: Test Cases/OCS - DESKTOP/OCS- HOME PAGE/cart flyout

2019-06-25 17:59:31 - [TEST_STEP][PASSED] - callTestCase(findTestCase("OCS - DESKTOP/CALL- Age gate"), [:], STOP_ON_FAILURE): Call Test Case 'Test Cases/OCS - DESKTOP/CALL- Age gate' successfully

2019-06-25 17:59:31 - [TEST_CASE][PASSED] - Test Cases/OCS - DESKTOP/CALL- Age gate: Test Cases/OCS - DESKTOP/CALL- Age gate

2019-06-25 17:59:31 - [TEST_STEP][PASSED] - openBrowser(""): Browser is opened with url: ''

2019-06-25 17:59:31 - [MESSAGE][WARNING] - A browser is already opened. Closing browser and opening a new one

2019-06-25 17:59:31 - [MESSAGE][INFO] - Starting 'Chrome' driver

2019-06-25 17:59:32 - [MESSAGE][PASSED] - Browser is opened with url: ''

2019-06-25 17:59:32 - [TEST_STEP][PASSED] - navigateToUrl("https://ocs.ca/?fts=0&preview_theme_id=72920106828"): Navigate to 'https://ocs.ca/?fts=0&preview_theme_id=72920106828' successfully

2019-06-25 17:59:36 - [MESSAGE][PASSED] - Navigate to 'https://ocs.ca/?fts=0&preview_theme_id=72920106828' successfully

2019-06-25 17:59:36 - [TEST_STEP][PASSED] - maximizeWindow(): Current window maximized

2019-06-25 17:59:36 - [MESSAGE][PASSED] - Current window maximized

2019-06-25 17:59:36 - [TEST_STEP][PASSED] - delay(2): Delayed 2 second(s)

2019-06-25 17:59:38 - [MESSAGE][PASSED] - Delayed 2 second(s)

2019-06-25 17:59:38 - [TEST_STEP][PASSED] - executeJavaScript("var previewBar = document.getElementById("preview-bar-iframe"); previewBar.style.display = "none";", []): Execute JavaScript 'var previewBar = document.getElementById("preview-bar-iframe"); previewBar.style.display = "none";' successfully

2019-06-25 17:59:38 - [MESSAGE][PASSED] - Execute JavaScript 'var previewBar = document.getElementById("preview-bar-iframe"); previewBar.style.display = "none";' successfully

2019-06-25 17:59:38 - [TEST_STEP][PASSED] - selectOptionByValue(findTestObject("OCS-DESKTOP/Age gate and Mega menu/Date"), "12", true): All options with value '12' are selected in object 'Object Repository/OCS-DESKTOP/Age gate and Mega menu/Date'  using regular expression

2019-06-25 17:59:39 - [MESSAGE][PASSED] - All options with value '12' are selected in object 'Object Repository/OCS-DESKTOP/Age gate and Mega menu/Date'  using regular expression

2019-06-25 17:59:39 - [TEST_STEP][PASSED] - selectOptionByValue(findTestObject("OCS-DESKTOP/Age gate and Mega menu/month"), "6", true): All options with value '6' are selected in object 'Object Repository/OCS-DESKTOP/Age gate and Mega menu/month'  using regular expression

2019-06-25 17:59:39 - [MESSAGE][PASSED] - All options with value '6' are selected in object 'Object Repository/OCS-DESKTOP/Age gate and Mega menu/month'  using regular expression

2019-06-25 17:59:39 - [TEST_STEP][PASSED] - delay(2): Delayed 2 second(s)

2019-06-25 17:59:41 - [MESSAGE][PASSED] - Delayed 2 second(s)

2019-06-25 17:59:41 - [TEST_STEP][PASSED] - selectOptionByValue(findTestObject("OCS-DESKTOP/Age gate and Mega menu/Year Dropdown"), "1990", true): All options with value '1990' are selected in object 'Object Repository/OCS-DESKTOP/Age gate and Mega menu/Year Dropdown'  using regular expression

2019-06-25 17:59:42 - [MESSAGE][PASSED] - All options with value '1990' are selected in object 'Object Repository/OCS-DESKTOP/Age gate and Mega menu/Year Dropdown'  using regular expression

2019-06-25 17:59:42 - [TEST_STEP][PASSED] - click(findTestObject("OCS-DESKTOP/Age gate and Mega menu/button_Verify")): Object: 'Object Repository/OCS-DESKTOP/Age gate and Mega menu/button_Verify' is clicked on

2019-06-25 17:59:42 - [MESSAGE][PASSED] - Object: 'Object Repository/OCS-DESKTOP/Age gate and Mega menu/button_Verify' is clicked on

2019-06-25 17:59:42 - [TEST_STEP][PASSED] - click(findTestObject("OCS-DESKTOP/Age gate and Mega menu/Checkbox_CONFIRM AND ACKNOWLEDGE")): Object: 'Object Repository/OCS-DESKTOP/Age gate and Mega menu/Checkbox_CONFIRM AND ACKNOWLEDGE' is clicked on

2019-06-25 17:59:42 - [MESSAGE][PASSED] - Object: 'Object Repository/OCS-DESKTOP/Age gate and Mega menu/Checkbox_CONFIRM AND ACKNOWLEDGE' is clicked on

2019-06-25 17:59:42 - [TEST_STEP][PASSED] - click(findTestObject("OCS-DESKTOP/Age gate and Mega menu/button_CONFIRM")): Object: 'Object Repository/OCS-DESKTOP/Age gate and Mega menu/button_CONFIRM' is clicked on

2019-06-25 17:59:42 - [MESSAGE][PASSED] - Object: 'Object Repository/OCS-DESKTOP/Age gate and Mega menu/button_CONFIRM' is clicked on

2019-06-25 17:59:42 - [TEST_STEP][PASSED] - click(findTestObject("OCS-DESKTOP/Age gate and Mega menu/button_Start Browsing")): Object: 'Object Repository/OCS-DESKTOP/Age gate and Mega menu/button_Start Browsing' is clicked on

2019-06-25 17:59:42 - [MESSAGE][PASSED] - Object: 'Object Repository/OCS-DESKTOP/Age gate and Mega menu/button_Start Browsing' is clicked on

2019-06-25 17:59:42 - [TEST_STEP][PASSED] - delay(2): Delayed 2 second(s)

2019-06-25 17:59:44 - [MESSAGE][PASSED] - Delayed 2 second(s)

2019-06-25 17:59:44 - [TEST_STEP][PASSED] - refresh(): Refresh successfully

2019-06-25 17:59:44 - [MESSAGE][PASSED] - Refresh successfully

2019-06-25 17:59:44 - [MESSAGE][PASSED] - Call Test Case 'Test Cases/OCS - DESKTOP/CALL- Age gate' successfully

2019-06-25 17:59:44 - [TEST_STEP][PASSED] - delay(2): Delayed 2 second(s)

2019-06-25 17:59:46 - [MESSAGE][PASSED] - Delayed 2 second(s)

2019-06-25 17:59:46 - [TEST_STEP][PASSED] - click(findTestObject("OCS-DESKTOP/Home - page/Cart icon -bag")): Object: 'Object Repository/OCS-DESKTOP/Home - page/Cart icon -bag' is clicked on

2019-06-25 17:59:48 - [MESSAGE][PASSED] - Object: 'Object Repository/OCS-DESKTOP/Home - page/Cart icon -bag' is clicked on

2019-06-25 17:59:48 - [TEST_STEP][PASSED] - delay(3): Delayed 3 second(s)

2019-06-25 17:59:51 - [MESSAGE][PASSED] - Delayed 3 second(s)

2019-06-25 17:59:51 - [TEST_STEP][PASSED] - verifyTextPresent("Bag", false, OPTIONAL): Text 'Bag' is present on page 

2019-06-25 17:59:51 - [MESSAGE][PASSED] - Text 'Bag' is present on page 

2019-06-25 17:59:51 - [TEST_STEP][PASSED] - if (true):  cart flyout opened 

2019-06-25 17:59:51 - [TEST_STEP][PASSED] - comment(" cart flyout opened "):  cart flyout opened 

2019-06-25 17:59:51 - [MESSAGE][INFO] -  cart flyout opened 

2019-06-25 17:59:51 - [TEST_STEP][PASSED] - delay(5): Delayed 5 second(s)

2019-06-25 17:59:56 - [MESSAGE][PASSED] - Delayed 5 second(s)

2019-06-25 17:59:56 - [TEST_STEP][PASSED] - click(findTestObject("OCS-DESKTOP/Home - page/Collapse cart flyout")): Object: 'Object Repository/OCS-DESKTOP/Home - page/Collapse cart flyout' is clicked on

2019-06-25 17:59:56 - [MESSAGE][PASSED] - Object: 'Object Repository/OCS-DESKTOP/Home - page/Collapse cart flyout' is clicked on

2019-06-25 17:59:56 - [TEST_STEP][PASSED] - verifyTextNotPresent("Bag", false, STOP_ON_FAILURE): Text 'Bag' is not present on page

2019-06-25 17:59:57 - [MESSAGE][PASSED] - Text 'Bag' is not present on page

2019-06-25 17:59:57 - [TEST_STEP][PASSED] - if (true):  cart flyout closed 

2019-06-25 17:59:57 - [TEST_STEP][PASSED] - comment(" cart flyout closed "):  cart flyout closed 

2019-06-25 17:59:57 - [MESSAGE][INFO] -  cart flyout closed]]></system-out>
         <system-err><![CDATA[]]></system-err>
      </testcase>
      <testcase name="Test Cases/OCS - DESKTOP/OCS- HOME PAGE/Retail stores link" classname="Test Cases/OCS - DESKTOP/OCS- HOME PAGE/Retail stores link" status="PASSED">
         <system-out><![CDATA[2019-06-25 17:59:57 - [TEST_CASE][PASSED] - Test Cases/OCS - DESKTOP/OCS- HOME PAGE/Retail stores link: Test Cases/OCS - DESKTOP/OCS- HOME PAGE/Retail stores link

2019-06-25 17:59:57 - [TEST_STEP][PASSED] - callTestCase(findTestCase("OCS - DESKTOP/CALL- Age gate"), [:], STOP_ON_FAILURE): Call Test Case 'Test Cases/OCS - DESKTOP/CALL- Age gate' successfully

2019-06-25 17:59:57 - [TEST_CASE][PASSED] - Test Cases/OCS - DESKTOP/CALL- Age gate: Test Cases/OCS - DESKTOP/CALL- Age gate

2019-06-25 17:59:57 - [TEST_STEP][PASSED] - openBrowser(""): Browser is opened with url: ''

2019-06-25 17:59:57 - [MESSAGE][WARNING] - A browser is already opened. Closing browser and opening a new one

2019-06-25 17:59:57 - [MESSAGE][INFO] - Starting 'Chrome' driver

2019-06-25 17:59:58 - [MESSAGE][PASSED] - Browser is opened with url: ''

2019-06-25 17:59:58 - [TEST_STEP][PASSED] - navigateToUrl("https://ocs.ca/?fts=0&preview_theme_id=72920106828"): Navigate to 'https://ocs.ca/?fts=0&preview_theme_id=72920106828' successfully

2019-06-25 18:00:04 - [MESSAGE][PASSED] - Navigate to 'https://ocs.ca/?fts=0&preview_theme_id=72920106828' successfully

2019-06-25 18:00:04 - [TEST_STEP][PASSED] - maximizeWindow(): Current window maximized

2019-06-25 18:00:04 - [MESSAGE][PASSED] - Current window maximized

2019-06-25 18:00:04 - [TEST_STEP][PASSED] - delay(2): Delayed 2 second(s)

2019-06-25 18:00:06 - [MESSAGE][PASSED] - Delayed 2 second(s)

2019-06-25 18:00:06 - [TEST_STEP][PASSED] - executeJavaScript("var previewBar = document.getElementById("preview-bar-iframe"); previewBar.style.display = "none";", []): Execute JavaScript 'var previewBar = document.getElementById("preview-bar-iframe"); previewBar.style.display = "none";' successfully

2019-06-25 18:00:06 - [MESSAGE][PASSED] - Execute JavaScript 'var previewBar = document.getElementById("preview-bar-iframe"); previewBar.style.display = "none";' successfully

2019-06-25 18:00:06 - [TEST_STEP][PASSED] - selectOptionByValue(findTestObject("OCS-DESKTOP/Age gate and Mega menu/Date"), "12", true): All options with value '12' are selected in object 'Object Repository/OCS-DESKTOP/Age gate and Mega menu/Date'  using regular expression

2019-06-25 18:00:06 - [MESSAGE][PASSED] - All options with value '12' are selected in object 'Object Repository/OCS-DESKTOP/Age gate and Mega menu/Date'  using regular expression

2019-06-25 18:00:06 - [TEST_STEP][PASSED] - selectOptionByValue(findTestObject("OCS-DESKTOP/Age gate and Mega menu/month"), "6", true): All options with value '6' are selected in object 'Object Repository/OCS-DESKTOP/Age gate and Mega menu/month'  using regular expression

2019-06-25 18:00:06 - [MESSAGE][PASSED] - All options with value '6' are selected in object 'Object Repository/OCS-DESKTOP/Age gate and Mega menu/month'  using regular expression

2019-06-25 18:00:06 - [TEST_STEP][PASSED] - delay(2): Delayed 2 second(s)

2019-06-25 18:00:08 - [MESSAGE][PASSED] - Delayed 2 second(s)

2019-06-25 18:00:08 - [TEST_STEP][PASSED] - selectOptionByValue(findTestObject("OCS-DESKTOP/Age gate and Mega menu/Year Dropdown"), "1990", true): All options with value '1990' are selected in object 'Object Repository/OCS-DESKTOP/Age gate and Mega menu/Year Dropdown'  using regular expression

2019-06-25 18:00:09 - [MESSAGE][PASSED] - All options with value '1990' are selected in object 'Object Repository/OCS-DESKTOP/Age gate and Mega menu/Year Dropdown'  using regular expression

2019-06-25 18:00:09 - [TEST_STEP][PASSED] - click(findTestObject("OCS-DESKTOP/Age gate and Mega menu/button_Verify")): Object: 'Object Repository/OCS-DESKTOP/Age gate and Mega menu/button_Verify' is clicked on

2019-06-25 18:00:09 - [MESSAGE][PASSED] - Object: 'Object Repository/OCS-DESKTOP/Age gate and Mega menu/button_Verify' is clicked on

2019-06-25 18:00:09 - [TEST_STEP][PASSED] - click(findTestObject("OCS-DESKTOP/Age gate and Mega menu/Checkbox_CONFIRM AND ACKNOWLEDGE")): Object: 'Object Repository/OCS-DESKTOP/Age gate and Mega menu/Checkbox_CONFIRM AND ACKNOWLEDGE' is clicked on

2019-06-25 18:00:10 - [MESSAGE][PASSED] - Object: 'Object Repository/OCS-DESKTOP/Age gate and Mega menu/Checkbox_CONFIRM AND ACKNOWLEDGE' is clicked on

2019-06-25 18:00:10 - [TEST_STEP][PASSED] - click(findTestObject("OCS-DESKTOP/Age gate and Mega menu/button_CONFIRM")): Object: 'Object Repository/OCS-DESKTOP/Age gate and Mega menu/button_CONFIRM' is clicked on

2019-06-25 18:00:10 - [MESSAGE][PASSED] - Object: 'Object Repository/OCS-DESKTOP/Age gate and Mega menu/button_CONFIRM' is clicked on

2019-06-25 18:00:10 - [TEST_STEP][PASSED] - click(findTestObject("OCS-DESKTOP/Age gate and Mega menu/button_Start Browsing")): Object: 'Object Repository/OCS-DESKTOP/Age gate and Mega menu/button_Start Browsing' is clicked on

2019-06-25 18:00:10 - [MESSAGE][PASSED] - Object: 'Object Repository/OCS-DESKTOP/Age gate and Mega menu/button_Start Browsing' is clicked on

2019-06-25 18:00:10 - [TEST_STEP][PASSED] - delay(2): Delayed 2 second(s)

2019-06-25 18:00:12 - [MESSAGE][PASSED] - Delayed 2 second(s)

2019-06-25 18:00:12 - [TEST_STEP][PASSED] - refresh(): Refresh successfully

2019-06-25 18:00:12 - [MESSAGE][PASSED] - Refresh successfully

2019-06-25 18:00:12 - [MESSAGE][PASSED] - Call Test Case 'Test Cases/OCS - DESKTOP/CALL- Age gate' successfully

2019-06-25 18:00:12 - [TEST_STEP][PASSED] - delay(2): Delayed 2 second(s)

2019-06-25 18:00:14 - [MESSAGE][PASSED] - Delayed 2 second(s)

2019-06-25 18:00:14 - [TEST_STEP][PASSED] - flag = verifyElementPresent(findTestObject("OCS-DESKTOP/Home - page/Retail stores link"), 0, CONTINUE_ON_FAILURE): Object 'Object Repository/OCS-DESKTOP/Home - page/Retail stores link' is present

2019-06-25 18:00:14 - [MESSAGE][WARNING] - Timeout '0' is invalid. Using default page load timeout: '30'

2019-06-25 18:00:14 - [MESSAGE][PASSED] - Object 'Object Repository/OCS-DESKTOP/Home - page/Retail stores link' is present

2019-06-25 18:00:14 - [TEST_STEP][PASSED] - comment("flag=" + flag): flag=true

2019-06-25 18:00:14 - [MESSAGE][INFO] - flag=true

2019-06-25 18:00:14 - [TEST_STEP][PASSED] - if (flag == true): Object: 'Object Repository/OCS-DESKTOP/Home - page/Retail stores link' is clicked on

2019-06-25 18:00:14 - [TEST_STEP][PASSED] - delay(2): Delayed 2 second(s)

2019-06-25 18:00:16 - [MESSAGE][PASSED] - Delayed 2 second(s)

2019-06-25 18:00:16 - [TEST_STEP][PASSED] - click(findTestObject("OCS-DESKTOP/Home - page/Retail stores link")): Object: 'Object Repository/OCS-DESKTOP/Home - page/Retail stores link' is clicked on

2019-06-25 18:00:16 - [MESSAGE][PASSED] - Object: 'Object Repository/OCS-DESKTOP/Home - page/Retail stores link' is clicked on]]></system-out>
         <system-err><![CDATA[]]></system-err>
      </testcase>
      <testcase name="Test Cases/OCS - DESKTOP/OCS- HOME PAGE/Screen reader link" classname="Test Cases/OCS - DESKTOP/OCS- HOME PAGE/Screen reader link" status="PASSED">
         <system-out><![CDATA[2019-06-25 18:00:16 - [TEST_CASE][PASSED] - Test Cases/OCS - DESKTOP/OCS- HOME PAGE/Screen reader link: Test Cases/OCS - DESKTOP/OCS- HOME PAGE/Screen reader link

2019-06-25 18:00:17 - [TEST_STEP][PASSED] - callTestCase(findTestCase("OCS - DESKTOP/CALL- Age gate"), [:], STOP_ON_FAILURE): Call Test Case 'Test Cases/OCS - DESKTOP/CALL- Age gate' successfully

2019-06-25 18:00:17 - [TEST_CASE][PASSED] - Test Cases/OCS - DESKTOP/CALL- Age gate: Test Cases/OCS - DESKTOP/CALL- Age gate

2019-06-25 18:00:17 - [TEST_STEP][PASSED] - openBrowser(""): Browser is opened with url: ''

2019-06-25 18:00:17 - [MESSAGE][WARNING] - A browser is already opened. Closing browser and opening a new one

2019-06-25 18:00:17 - [MESSAGE][INFO] - Starting 'Chrome' driver

2019-06-25 18:00:18 - [MESSAGE][PASSED] - Browser is opened with url: ''

2019-06-25 18:00:18 - [TEST_STEP][PASSED] - navigateToUrl("https://ocs.ca/?fts=0&preview_theme_id=72920106828"): Navigate to 'https://ocs.ca/?fts=0&preview_theme_id=72920106828' successfully

2019-06-25 18:00:24 - [MESSAGE][PASSED] - Navigate to 'https://ocs.ca/?fts=0&preview_theme_id=72920106828' successfully

2019-06-25 18:00:24 - [TEST_STEP][PASSED] - maximizeWindow(): Current window maximized

2019-06-25 18:00:24 - [MESSAGE][PASSED] - Current window maximized

2019-06-25 18:00:24 - [TEST_STEP][PASSED] - delay(2): Delayed 2 second(s)

2019-06-25 18:00:26 - [MESSAGE][PASSED] - Delayed 2 second(s)

2019-06-25 18:00:26 - [TEST_STEP][PASSED] - executeJavaScript("var previewBar = document.getElementById("preview-bar-iframe"); previewBar.style.display = "none";", []): Execute JavaScript 'var previewBar = document.getElementById("preview-bar-iframe"); previewBar.style.display = "none";' successfully

2019-06-25 18:00:26 - [MESSAGE][PASSED] - Execute JavaScript 'var previewBar = document.getElementById("preview-bar-iframe"); previewBar.style.display = "none";' successfully

2019-06-25 18:00:26 - [TEST_STEP][PASSED] - selectOptionByValue(findTestObject("OCS-DESKTOP/Age gate and Mega menu/Date"), "12", true): All options with value '12' are selected in object 'Object Repository/OCS-DESKTOP/Age gate and Mega menu/Date'  using regular expression

2019-06-25 18:00:27 - [MESSAGE][PASSED] - All options with value '12' are selected in object 'Object Repository/OCS-DESKTOP/Age gate and Mega menu/Date'  using regular expression

2019-06-25 18:00:27 - [TEST_STEP][PASSED] - selectOptionByValue(findTestObject("OCS-DESKTOP/Age gate and Mega menu/month"), "6", true): All options with value '6' are selected in object 'Object Repository/OCS-DESKTOP/Age gate and Mega menu/month'  using regular expression

2019-06-25 18:00:27 - [MESSAGE][PASSED] - All options with value '6' are selected in object 'Object Repository/OCS-DESKTOP/Age gate and Mega menu/month'  using regular expression

2019-06-25 18:00:27 - [TEST_STEP][PASSED] - delay(2): Delayed 2 second(s)

2019-06-25 18:00:29 - [MESSAGE][PASSED] - Delayed 2 second(s)

2019-06-25 18:00:29 - [TEST_STEP][PASSED] - selectOptionByValue(findTestObject("OCS-DESKTOP/Age gate and Mega menu/Year Dropdown"), "1990", true): All options with value '1990' are selected in object 'Object Repository/OCS-DESKTOP/Age gate and Mega menu/Year Dropdown'  using regular expression

2019-06-25 18:00:30 - [MESSAGE][PASSED] - All options with value '1990' are selected in object 'Object Repository/OCS-DESKTOP/Age gate and Mega menu/Year Dropdown'  using regular expression

2019-06-25 18:00:30 - [TEST_STEP][PASSED] - click(findTestObject("OCS-DESKTOP/Age gate and Mega menu/button_Verify")): Object: 'Object Repository/OCS-DESKTOP/Age gate and Mega menu/button_Verify' is clicked on

2019-06-25 18:00:30 - [MESSAGE][PASSED] - Object: 'Object Repository/OCS-DESKTOP/Age gate and Mega menu/button_Verify' is clicked on

2019-06-25 18:00:30 - [TEST_STEP][PASSED] - click(findTestObject("OCS-DESKTOP/Age gate and Mega menu/Checkbox_CONFIRM AND ACKNOWLEDGE")): Object: 'Object Repository/OCS-DESKTOP/Age gate and Mega menu/Checkbox_CONFIRM AND ACKNOWLEDGE' is clicked on

2019-06-25 18:00:30 - [MESSAGE][PASSED] - Object: 'Object Repository/OCS-DESKTOP/Age gate and Mega menu/Checkbox_CONFIRM AND ACKNOWLEDGE' is clicked on

2019-06-25 18:00:30 - [TEST_STEP][PASSED] - click(findTestObject("OCS-DESKTOP/Age gate and Mega menu/button_CONFIRM")): Object: 'Object Repository/OCS-DESKTOP/Age gate and Mega menu/button_CONFIRM' is clicked on

2019-06-25 18:00:30 - [MESSAGE][PASSED] - Object: 'Object Repository/OCS-DESKTOP/Age gate and Mega menu/button_CONFIRM' is clicked on

2019-06-25 18:00:30 - [TEST_STEP][PASSED] - click(findTestObject("OCS-DESKTOP/Age gate and Mega menu/button_Start Browsing")): Object: 'Object Repository/OCS-DESKTOP/Age gate and Mega menu/button_Start Browsing' is clicked on

2019-06-25 18:00:30 - [MESSAGE][PASSED] - Object: 'Object Repository/OCS-DESKTOP/Age gate and Mega menu/button_Start Browsing' is clicked on

2019-06-25 18:00:30 - [TEST_STEP][PASSED] - delay(2): Delayed 2 second(s)

2019-06-25 18:00:32 - [MESSAGE][PASSED] - Delayed 2 second(s)

2019-06-25 18:00:32 - [TEST_STEP][PASSED] - refresh(): Refresh successfully

2019-06-25 18:00:32 - [MESSAGE][PASSED] - Refresh successfully

2019-06-25 18:00:32 - [MESSAGE][PASSED] - Call Test Case 'Test Cases/OCS - DESKTOP/CALL- Age gate' successfully

2019-06-25 18:00:32 - [TEST_STEP][PASSED] - delay(2): Delayed 2 second(s)

2019-06-25 18:00:34 - [MESSAGE][PASSED] - Delayed 2 second(s)

2019-06-25 18:00:34 - [TEST_STEP][PASSED] - click(findTestObject("OCS-DESKTOP/Home - page/Screen readers link")): Object: 'Object Repository/OCS-DESKTOP/Home - page/Screen readers link' is clicked on

2019-06-25 18:00:40 - [MESSAGE][PASSED] - Object: 'Object Repository/OCS-DESKTOP/Home - page/Screen readers link' is clicked on

2019-06-25 18:00:40 - [TEST_STEP][PASSED] - flag = verifyTextPresent("Accessibility at the Ontario Cannabis Store (OCS)", false): Text 'Accessibility at the Ontario Cannabis Store (OCS)' is present on page 

2019-06-25 18:00:40 - [MESSAGE][PASSED] - Text 'Accessibility at the Ontario Cannabis Store (OCS)' is present on page 

2019-06-25 18:00:40 - [TEST_STEP][PASSED] - comment("flag =" + flag): flag =true

2019-06-25 18:00:40 - [MESSAGE][INFO] - flag =true

2019-06-25 18:00:40 - [TEST_STEP][PASSED] - if (flag == false): null

2019-06-25 18:00:40 - [TEST_STEP][PASSED] - else:  naviagtion is  on right page

2019-06-25 18:00:40 - [TEST_STEP][PASSED] - comment(" naviagtion is  on right page"):  naviagtion is  on right page

2019-06-25 18:00:40 - [MESSAGE][INFO] -  naviagtion is  on right page]]></system-out>
         <system-err><![CDATA[]]></system-err>
      </testcase>
      <testcase name="Test Cases/OCS - DESKTOP/OCS- HOME PAGE/HP-Burger menu -cannabis" classname="Test Cases/OCS - DESKTOP/OCS- HOME PAGE/HP-Burger menu -cannabis" status="FAILED">
         <failure type="FAILED" message="Test Cases/OCS - DESKTOP/OCS- HOME PAGE/HP-Burger menu -cannabis FAILED.
Reason:
com.kms.katalon.core.exception.StepFailedException: Unable to click on object 'Object Repository/OCS-DESKTOP/Cannabis page/Shop all dried flower' (Root cause: com.kms.katalon.core.webui.exception.WebElementNotFoundException: Web element with id: 'Object Repository/OCS-DESKTOP/Cannabis page/Shop all dried flower' located by 'By.xpath: //body/div/header[@class='nav']/div[@id='shopify-section-en-header']/div[@class='header']/div[contains(@class,'menu-bar')]/div[@class='menu-bar__content']/div[@class='menu-bar__left-wrapper']/div[@class='mega-menu js-mega-menu']/nav[@class='menu js-menu']/ul[@class='menu__list unstyled']/li[@class='menu__tier-one js-menu__tier-one has-tier-two-open']/div[@class='menu__tier-two js-menu__tier-two menu__tier-two--with-footer']/div[@class='menu__tier-two__content-container clearfix']/ul[@class='unstyled no-margin menu__tier-two__menu-primary']/li[1]/div[1]/div[1]/a[1]' not found)
	at com.kms.katalon.core.keyword.internal.KeywordMain.stepFailed(KeywordMain.groovy:36)
	at com.kms.katalon.core.webui.keyword.internal.WebUIKeywordMain.stepFailed(WebUIKeywordMain.groovy:65)
	at com.kms.katalon.core.webui.keyword.internal.WebUIKeywordMain.runKeyword(WebUIKeywordMain.groovy:27)
	at com.kms.katalon.core.webui.keyword.builtin.ClickKeyword.click(ClickKeyword.groovy:86)
	at com.kms.katalon.core.webui.keyword.builtin.ClickKeyword.execute(ClickKeyword.groovy:67)
	at com.kms.katalon.core.keyword.internal.KeywordExecutor.executeKeywordForPlatform(KeywordExecutor.groovy:53)
	at com.kms.katalon.core.webui.keyword.WebUiBuiltInKeywords.click(WebUiBuiltInKeywords.groovy:616)
	at com.kms.katalon.core.webui.keyword.WebUiBuiltInKeywords$click$4.call(Unknown Source)
	at HP-Burger menu -cannabis.run(HP-Burger menu -cannabis:64)
	at com.kms.katalon.core.main.ScriptEngine.run(ScriptEngine.java:194)
	at com.kms.katalon.core.main.ScriptEngine.runScriptAsRawText(ScriptEngine.java:119)
	at com.kms.katalon.core.main.TestCaseExecutor.runScript(TestCaseExecutor.java:328)
	at com.kms.katalon.core.main.TestCaseExecutor.doExecute(TestCaseExecutor.java:319)
	at com.kms.katalon.core.main.TestCaseExecutor.processExecutionPhase(TestCaseExecutor.java:298)
	at com.kms.katalon.core.main.TestCaseExecutor.accessMainPhase(TestCaseExecutor.java:290)
	at com.kms.katalon.core.main.TestCaseExecutor.execute(TestCaseExecutor.java:224)
	at com.kms.katalon.core.main.TestSuiteExecutor.accessTestCaseMainPhase(TestSuiteExecutor.java:129)
	at com.kms.katalon.core.main.TestSuiteExecutor.accessTestSuiteMainPhase(TestSuiteExecutor.java:112)
	at com.kms.katalon.core.main.TestSuiteExecutor.execute(TestSuiteExecutor.java:81)
	at com.kms.katalon.core.main.TestCaseMain.startTestSuite(TestCaseMain.java:149)
	at com.kms.katalon.core.main.TestCaseMain$startTestSuite$0.call(Unknown Source)
	at TempTestSuite1561499172132.run(TempTestSuite1561499172132.groovy:36)
"/>
         <system-out><![CDATA[2019-06-25 18:00:40 - [TEST_CASE][FAILED] - Test Cases/OCS - DESKTOP/OCS- HOME PAGE/HP-Burger menu -cannabis: Test Cases/OCS - DESKTOP/OCS- HOME PAGE/HP-Burger menu -cannabis FAILED.
Reason:
com.kms.katalon.core.exception.StepFailedException: Unable to click on object 'Object Repository/OCS-DESKTOP/Cannabis page/Shop all dried flower' (Root cause: com.kms.katalon.core.webui.exception.WebElementNotFoundException: Web element with id: 'Object Repository/OCS-DESKTOP/Cannabis page/Shop all dried flower' located by 'By.xpath: //body/div/header[@class='nav']/div[@id='shopify-section-en-header']/div[@class='header']/div[contains(@class,'menu-bar')]/div[@class='menu-bar__content']/div[@class='menu-bar__left-wrapper']/div[@class='mega-menu js-mega-menu']/nav[@class='menu js-menu']/ul[@class='menu__list unstyled']/li[@class='menu__tier-one js-menu__tier-one has-tier-two-open']/div[@class='menu__tier-two js-menu__tier-two menu__tier-two--with-footer']/div[@class='menu__tier-two__content-container clearfix']/ul[@class='unstyled no-margin menu__tier-two__menu-primary']/li[1]/div[1]/div[1]/a[1]' not found)
	at com.kms.katalon.core.keyword.internal.KeywordMain.stepFailed(KeywordMain.groovy:36)
	at com.kms.katalon.core.webui.keyword.internal.WebUIKeywordMain.stepFailed(WebUIKeywordMain.groovy:65)
	at com.kms.katalon.core.webui.keyword.internal.WebUIKeywordMain.runKeyword(WebUIKeywordMain.groovy:27)
	at com.kms.katalon.core.webui.keyword.builtin.ClickKeyword.click(ClickKeyword.groovy:86)
	at com.kms.katalon.core.webui.keyword.builtin.ClickKeyword.execute(ClickKeyword.groovy:67)
	at com.kms.katalon.core.keyword.internal.KeywordExecutor.executeKeywordForPlatform(KeywordExecutor.groovy:53)
	at com.kms.katalon.core.webui.keyword.WebUiBuiltInKeywords.click(WebUiBuiltInKeywords.groovy:616)
	at com.kms.katalon.core.webui.keyword.WebUiBuiltInKeywords$click$4.call(Unknown Source)
	at HP-Burger menu -cannabis.run(HP-Burger menu -cannabis:64)
	at com.kms.katalon.core.main.ScriptEngine.run(ScriptEngine.java:194)
	at com.kms.katalon.core.main.ScriptEngine.runScriptAsRawText(ScriptEngine.java:119)
	at com.kms.katalon.core.main.TestCaseExecutor.runScript(TestCaseExecutor.java:328)
	at com.kms.katalon.core.main.TestCaseExecutor.doExecute(TestCaseExecutor.java:319)
	at com.kms.katalon.core.main.TestCaseExecutor.processExecutionPhase(TestCaseExecutor.java:298)
	at com.kms.katalon.core.main.TestCaseExecutor.accessMainPhase(TestCaseExecutor.java:290)
	at com.kms.katalon.core.main.TestCaseExecutor.execute(TestCaseExecutor.java:224)
	at com.kms.katalon.core.main.TestSuiteExecutor.accessTestCaseMainPhase(TestSuiteExecutor.java:129)
	at com.kms.katalon.core.main.TestSuiteExecutor.accessTestSuiteMainPhase(TestSuiteExecutor.java:112)
	at com.kms.katalon.core.main.TestSuiteExecutor.execute(TestSuiteExecutor.java:81)
	at com.kms.katalon.core.main.TestCaseMain.startTestSuite(TestCaseMain.java:149)
	at com.kms.katalon.core.main.TestCaseMain$startTestSuite$0.call(Unknown Source)
	at TempTestSuite1561499172132.run(TempTestSuite1561499172132.groovy:36)


2019-06-25 18:00:40 - [TEST_STEP][PASSED] - callTestCase(findTestCase("OCS - DESKTOP/CALL- Age gate"), [:], STOP_ON_FAILURE): Call Test Case 'Test Cases/OCS - DESKTOP/CALL- Age gate' successfully

2019-06-25 18:00:40 - [TEST_CASE][PASSED] - Test Cases/OCS - DESKTOP/CALL- Age gate: Test Cases/OCS - DESKTOP/CALL- Age gate

2019-06-25 18:00:40 - [TEST_STEP][PASSED] - openBrowser(""): Browser is opened with url: ''

2019-06-25 18:00:40 - [MESSAGE][WARNING] - A browser is already opened. Closing browser and opening a new one

2019-06-25 18:00:40 - [MESSAGE][INFO] - Starting 'Chrome' driver

2019-06-25 18:00:41 - [MESSAGE][PASSED] - Browser is opened with url: ''

2019-06-25 18:00:41 - [TEST_STEP][PASSED] - navigateToUrl("https://ocs.ca/?fts=0&preview_theme_id=72920106828"): Navigate to 'https://ocs.ca/?fts=0&preview_theme_id=72920106828' successfully

2019-06-25 18:00:46 - [MESSAGE][PASSED] - Navigate to 'https://ocs.ca/?fts=0&preview_theme_id=72920106828' successfully

2019-06-25 18:00:46 - [TEST_STEP][PASSED] - maximizeWindow(): Current window maximized

2019-06-25 18:00:46 - [MESSAGE][PASSED] - Current window maximized

2019-06-25 18:00:46 - [TEST_STEP][PASSED] - delay(2): Delayed 2 second(s)

2019-06-25 18:00:48 - [MESSAGE][PASSED] - Delayed 2 second(s)

2019-06-25 18:00:48 - [TEST_STEP][PASSED] - executeJavaScript("var previewBar = document.getElementById("preview-bar-iframe"); previewBar.style.display = "none";", []): Execute JavaScript 'var previewBar = document.getElementById("preview-bar-iframe"); previewBar.style.display = "none";' successfully

2019-06-25 18:00:48 - [MESSAGE][PASSED] - Execute JavaScript 'var previewBar = document.getElementById("preview-bar-iframe"); previewBar.style.display = "none";' successfully

2019-06-25 18:00:48 - [TEST_STEP][PASSED] - selectOptionByValue(findTestObject("OCS-DESKTOP/Age gate and Mega menu/Date"), "12", true): All options with value '12' are selected in object 'Object Repository/OCS-DESKTOP/Age gate and Mega menu/Date'  using regular expression

2019-06-25 18:00:48 - [MESSAGE][PASSED] - All options with value '12' are selected in object 'Object Repository/OCS-DESKTOP/Age gate and Mega menu/Date'  using regular expression

2019-06-25 18:00:48 - [TEST_STEP][PASSED] - selectOptionByValue(findTestObject("OCS-DESKTOP/Age gate and Mega menu/month"), "6", true): All options with value '6' are selected in object 'Object Repository/OCS-DESKTOP/Age gate and Mega menu/month'  using regular expression

2019-06-25 18:00:48 - [MESSAGE][PASSED] - All options with value '6' are selected in object 'Object Repository/OCS-DESKTOP/Age gate and Mega menu/month'  using regular expression

2019-06-25 18:00:48 - [TEST_STEP][PASSED] - delay(2): Delayed 2 second(s)

2019-06-25 18:00:50 - [MESSAGE][PASSED] - Delayed 2 second(s)

2019-06-25 18:00:50 - [TEST_STEP][PASSED] - selectOptionByValue(findTestObject("OCS-DESKTOP/Age gate and Mega menu/Year Dropdown"), "1990", true): All options with value '1990' are selected in object 'Object Repository/OCS-DESKTOP/Age gate and Mega menu/Year Dropdown'  using regular expression

2019-06-25 18:00:51 - [MESSAGE][PASSED] - All options with value '1990' are selected in object 'Object Repository/OCS-DESKTOP/Age gate and Mega menu/Year Dropdown'  using regular expression

2019-06-25 18:00:51 - [TEST_STEP][PASSED] - click(findTestObject("OCS-DESKTOP/Age gate and Mega menu/button_Verify")): Object: 'Object Repository/OCS-DESKTOP/Age gate and Mega menu/button_Verify' is clicked on

2019-06-25 18:00:51 - [MESSAGE][PASSED] - Object: 'Object Repository/OCS-DESKTOP/Age gate and Mega menu/button_Verify' is clicked on

2019-06-25 18:00:51 - [TEST_STEP][PASSED] - click(findTestObject("OCS-DESKTOP/Age gate and Mega menu/Checkbox_CONFIRM AND ACKNOWLEDGE")): Object: 'Object Repository/OCS-DESKTOP/Age gate and Mega menu/Checkbox_CONFIRM AND ACKNOWLEDGE' is clicked on

2019-06-25 18:00:51 - [MESSAGE][PASSED] - Object: 'Object Repository/OCS-DESKTOP/Age gate and Mega menu/Checkbox_CONFIRM AND ACKNOWLEDGE' is clicked on

2019-06-25 18:00:51 - [TEST_STEP][PASSED] - click(findTestObject("OCS-DESKTOP/Age gate and Mega menu/button_CONFIRM")): Object: 'Object Repository/OCS-DESKTOP/Age gate and Mega menu/button_CONFIRM' is clicked on

2019-06-25 18:00:52 - [MESSAGE][PASSED] - Object: 'Object Repository/OCS-DESKTOP/Age gate and Mega menu/button_CONFIRM' is clicked on

2019-06-25 18:00:52 - [TEST_STEP][PASSED] - click(findTestObject("OCS-DESKTOP/Age gate and Mega menu/button_Start Browsing")): Object: 'Object Repository/OCS-DESKTOP/Age gate and Mega menu/button_Start Browsing' is clicked on

2019-06-25 18:00:52 - [MESSAGE][PASSED] - Object: 'Object Repository/OCS-DESKTOP/Age gate and Mega menu/button_Start Browsing' is clicked on

2019-06-25 18:00:52 - [TEST_STEP][PASSED] - delay(2): Delayed 2 second(s)

2019-06-25 18:00:54 - [MESSAGE][PASSED] - Delayed 2 second(s)

2019-06-25 18:00:54 - [TEST_STEP][PASSED] - refresh(): Refresh successfully

2019-06-25 18:00:54 - [MESSAGE][PASSED] - Refresh successfully

2019-06-25 18:00:54 - [MESSAGE][PASSED] - Call Test Case 'Test Cases/OCS - DESKTOP/CALL- Age gate' successfully

2019-06-25 18:00:54 - [TEST_STEP][PASSED] - delay(2): Delayed 2 second(s)

2019-06-25 18:00:56 - [MESSAGE][PASSED] - Delayed 2 second(s)

2019-06-25 18:00:56 - [TEST_STEP][PASSED] - click(findTestObject("OCS-DESKTOP/Age gate and Mega menu/Header/CANNABIS menu - English"), CONTINUE_ON_FAILURE): Object: 'Object Repository/OCS-DESKTOP/Age gate and Mega menu/Header/CANNABIS menu - English' is clicked on

2019-06-25 18:00:57 - [MESSAGE][PASSED] - Object: 'Object Repository/OCS-DESKTOP/Age gate and Mega menu/Header/CANNABIS menu - English' is clicked on

2019-06-25 18:00:57 - [TEST_STEP][PASSED] - delay(2, CONTINUE_ON_FAILURE): Delayed 2 second(s)

2019-06-25 18:00:59 - [MESSAGE][PASSED] - Delayed 2 second(s)

2019-06-25 18:00:59 - [TEST_STEP][PASSED] - delay(1, CONTINUE_ON_FAILURE): Delayed 1 second(s)

2019-06-25 18:01:00 - [MESSAGE][PASSED] - Delayed 1 second(s)

2019-06-25 18:01:00 - [TEST_STEP][PASSED] - click(findTestObject("OCS-DESKTOP/Cannabis page/Dried flower")): Object: 'Object Repository/OCS-DESKTOP/Cannabis page/Dried flower' is clicked on

2019-06-25 18:01:03 - [MESSAGE][PASSED] - Object: 'Object Repository/OCS-DESKTOP/Cannabis page/Dried flower' is clicked on

2019-06-25 18:01:03 - [TEST_STEP][PASSED] - delay(1, CONTINUE_ON_FAILURE): Delayed 1 second(s)

2019-06-25 18:01:04 - [MESSAGE][PASSED] - Delayed 1 second(s)

2019-06-25 18:01:04 - [TEST_STEP][PASSED] - click(findTestObject("OCS-DESKTOP/Age gate and Mega menu/Header/CANNABIS menu - English")): Object: 'Object Repository/OCS-DESKTOP/Age gate and Mega menu/Header/CANNABIS menu - English' is clicked on

2019-06-25 18:01:04 - [MESSAGE][PASSED] - Object: 'Object Repository/OCS-DESKTOP/Age gate and Mega menu/Header/CANNABIS menu - English' is clicked on

2019-06-25 18:01:04 - [TEST_STEP][PASSED] - delay(1, CONTINUE_ON_FAILURE): Delayed 1 second(s)

2019-06-25 18:01:05 - [MESSAGE][PASSED] - Delayed 1 second(s)

2019-06-25 18:01:05 - [TEST_STEP][PASSED] - delay(1, CONTINUE_ON_FAILURE): Delayed 1 second(s)

2019-06-25 18:01:06 - [MESSAGE][PASSED] - Delayed 1 second(s)

2019-06-25 18:01:06 - [TEST_STEP][PASSED] - click(findTestObject("OCS-DESKTOP/Cannabis page/Dried flower - Indica dominant")): Object: 'Object Repository/OCS-DESKTOP/Cannabis page/Dried flower - Indica dominant' is clicked on

2019-06-25 18:01:08 - [MESSAGE][PASSED] - Object: 'Object Repository/OCS-DESKTOP/Cannabis page/Dried flower - Indica dominant' is clicked on

2019-06-25 18:01:08 - [TEST_STEP][PASSED] - delay(1, CONTINUE_ON_FAILURE): Delayed 1 second(s)

2019-06-25 18:01:09 - [MESSAGE][PASSED] - Delayed 1 second(s)

2019-06-25 18:01:09 - [TEST_STEP][PASSED] - click(findTestObject("OCS-DESKTOP/Age gate and Mega menu/Header/CANNABIS menu - English"), CONTINUE_ON_FAILURE): Object: 'Object Repository/OCS-DESKTOP/Age gate and Mega menu/Header/CANNABIS menu - English' is clicked on

2019-06-25 18:01:09 - [MESSAGE][PASSED] - Object: 'Object Repository/OCS-DESKTOP/Age gate and Mega menu/Header/CANNABIS menu - English' is clicked on

2019-06-25 18:01:09 - [TEST_STEP][PASSED] - delay(2, CONTINUE_ON_FAILURE): Delayed 2 second(s)

2019-06-25 18:01:11 - [MESSAGE][PASSED] - Delayed 2 second(s)

2019-06-25 18:01:11 - [TEST_STEP][PASSED] - click(findTestObject("OCS-DESKTOP/Cannabis page/Dried flower - sativa dominant")): Object: 'Object Repository/OCS-DESKTOP/Cannabis page/Dried flower - sativa dominant' is clicked on

2019-06-25 18:01:13 - [MESSAGE][PASSED] - Object: 'Object Repository/OCS-DESKTOP/Cannabis page/Dried flower - sativa dominant' is clicked on

2019-06-25 18:01:13 - [TEST_STEP][PASSED] - delay(1, CONTINUE_ON_FAILURE): Delayed 1 second(s)

2019-06-25 18:01:14 - [MESSAGE][PASSED] - Delayed 1 second(s)

2019-06-25 18:01:14 - [TEST_STEP][PASSED] - delay(1, CONTINUE_ON_FAILURE): Delayed 1 second(s)

2019-06-25 18:01:15 - [MESSAGE][PASSED] - Delayed 1 second(s)

2019-06-25 18:01:15 - [TEST_STEP][PASSED] - click(findTestObject("OCS-DESKTOP/Age gate and Mega menu/Header/CANNABIS menu - English"), CONTINUE_ON_FAILURE): Object: 'Object Repository/OCS-DESKTOP/Age gate and Mega menu/Header/CANNABIS menu - English' is clicked on

2019-06-25 18:01:15 - [MESSAGE][PASSED] - Object: 'Object Repository/OCS-DESKTOP/Age gate and Mega menu/Header/CANNABIS menu - English' is clicked on

2019-06-25 18:01:15 - [TEST_STEP][PASSED] - delay(2, CONTINUE_ON_FAILURE): Delayed 2 second(s)

2019-06-25 18:01:17 - [MESSAGE][PASSED] - Delayed 2 second(s)

2019-06-25 18:01:17 - [TEST_STEP][PASSED] - click(findTestObject("OCS-DESKTOP/Cannabis page/Dried flower - Hybrid")): Object: 'Object Repository/OCS-DESKTOP/Cannabis page/Dried flower - Hybrid' is clicked on

2019-06-25 18:01:19 - [MESSAGE][PASSED] - Object: 'Object Repository/OCS-DESKTOP/Cannabis page/Dried flower - Hybrid' is clicked on

2019-06-25 18:01:19 - [TEST_STEP][PASSED] - delay(1, CONTINUE_ON_FAILURE): Delayed 1 second(s)

2019-06-25 18:01:20 - [MESSAGE][PASSED] - Delayed 1 second(s)

2019-06-25 18:01:20 - [TEST_STEP][PASSED] - click(findTestObject("OCS-DESKTOP/Age gate and Mega menu/Header/CANNABIS menu - English"), CONTINUE_ON_FAILURE): Object: 'Object Repository/OCS-DESKTOP/Age gate and Mega menu/Header/CANNABIS menu - English' is clicked on

2019-06-25 18:01:20 - [MESSAGE][PASSED] - Object: 'Object Repository/OCS-DESKTOP/Age gate and Mega menu/Header/CANNABIS menu - English' is clicked on

2019-06-25 18:01:20 - [TEST_STEP][PASSED] - delay(1, CONTINUE_ON_FAILURE): Delayed 1 second(s)

2019-06-25 18:01:21 - [MESSAGE][PASSED] - Delayed 1 second(s)

2019-06-25 18:01:21 - [TEST_STEP][PASSED] - delay(1, CONTINUE_ON_FAILURE): Delayed 1 second(s)

2019-06-25 18:01:22 - [MESSAGE][PASSED] - Delayed 1 second(s)

2019-06-25 18:01:22 - [TEST_STEP][FAILED] - click(findTestObject("OCS-DESKTOP/Cannabis page/Shop all dried flower")): click(findTestObject("OCS-DESKTOP/Cannabis page/Shop all dried flower")) FAILED.
Reason:
com.kms.katalon.core.exception.StepFailedException: Unable to click on object 'Object Repository/OCS-DESKTOP/Cannabis page/Shop all dried flower' (Root cause: com.kms.katalon.core.webui.exception.WebElementNotFoundException: Web element with id: 'Object Repository/OCS-DESKTOP/Cannabis page/Shop all dried flower' located by 'By.xpath: //body/div/header[@class='nav']/div[@id='shopify-section-en-header']/div[@class='header']/div[contains(@class,'menu-bar')]/div[@class='menu-bar__content']/div[@class='menu-bar__left-wrapper']/div[@class='mega-menu js-mega-menu']/nav[@class='menu js-menu']/ul[@class='menu__list unstyled']/li[@class='menu__tier-one js-menu__tier-one has-tier-two-open']/div[@class='menu__tier-two js-menu__tier-two menu__tier-two--with-footer']/div[@class='menu__tier-two__content-container clearfix']/ul[@class='unstyled no-margin menu__tier-two__menu-primary']/li[1]/div[1]/div[1]/a[1]' not found)
	at com.kms.katalon.core.keyword.internal.KeywordMain.stepFailed(KeywordMain.groovy:36)
	at com.kms.katalon.core.webui.keyword.internal.WebUIKeywordMain.stepFailed(WebUIKeywordMain.groovy:65)
	at com.kms.katalon.core.webui.keyword.internal.WebUIKeywordMain.runKeyword(WebUIKeywordMain.groovy:27)
	at com.kms.katalon.core.webui.keyword.builtin.ClickKeyword.click(ClickKeyword.groovy:86)
	at com.kms.katalon.core.webui.keyword.builtin.ClickKeyword.execute(ClickKeyword.groovy:67)
	at com.kms.katalon.core.keyword.internal.KeywordExecutor.executeKeywordForPlatform(KeywordExecutor.groovy:53)
	at com.kms.katalon.core.webui.keyword.WebUiBuiltInKeywords.click(WebUiBuiltInKeywords.groovy:616)
	at com.kms.katalon.core.webui.keyword.WebUiBuiltInKeywords$click$4.call(Unknown Source)
	at HP-Burger menu -cannabis.run(HP-Burger menu -cannabis:64)
	at com.kms.katalon.core.main.ScriptEngine.run(ScriptEngine.java:194)
	at com.kms.katalon.core.main.ScriptEngine.runScriptAsRawText(ScriptEngine.java:119)
	at com.kms.katalon.core.main.TestCaseExecutor.runScript(TestCaseExecutor.java:328)
	at com.kms.katalon.core.main.TestCaseExecutor.doExecute(TestCaseExecutor.java:319)
	at com.kms.katalon.core.main.TestCaseExecutor.processExecutionPhase(TestCaseExecutor.java:298)
	at com.kms.katalon.core.main.TestCaseExecutor.accessMainPhase(TestCaseExecutor.java:290)
	at com.kms.katalon.core.main.TestCaseExecutor.execute(TestCaseExecutor.java:224)
	at com.kms.katalon.core.main.TestSuiteExecutor.accessTestCaseMainPhase(TestSuiteExecutor.java:129)
	at com.kms.katalon.core.main.TestSuiteExecutor.accessTestSuiteMainPhase(TestSuiteExecutor.java:112)
	at com.kms.katalon.core.main.TestSuiteExecutor.execute(TestSuiteExecutor.java:81)
	at com.kms.katalon.core.main.TestCaseMain.startTestSuite(TestCaseMain.java:149)
	at com.kms.katalon.core.main.TestCaseMain$startTestSuite$0.call(Unknown Source)
	at TempTestSuite1561499172132.run(TempTestSuite1561499172132.groovy:36)


2019-06-25 18:01:53 - [MESSAGE][INFO] - Unable to find the element located by 'By.xpath: //body/div/header[@class='nav']/div[@id='shopify-section-en-header']/div[@class='header']/div[contains(@class,'menu-bar')]/div[@class='menu-bar__content']/div[@class='menu-bar__left-wrapper']/div[@class='mega-menu js-mega-menu']/nav[@class='menu js-menu']/ul[@class='menu__list unstyled']/li[@class='menu__tier-one js-menu__tier-one has-tier-two-open']/div[@class='menu__tier-two js-menu__tier-two menu__tier-two--with-footer']/div[@class='menu__tier-two__content-container clearfix']/ul[@class='unstyled no-margin menu__tier-two__menu-primary']/li[1]/div[1]/div[1]/a[1]'. Please recheck the objects properties to make sure the desired element is located. 

2019-06-25 18:01:54 - [MESSAGE][FAILED] - Unable to click on object 'Object Repository/OCS-DESKTOP/Cannabis page/Shop all dried flower' (Root cause: com.kms.katalon.core.webui.exception.WebElementNotFoundException: Web element with id: 'Object Repository/OCS-DESKTOP/Cannabis page/Shop all dried flower' located by 'By.xpath: //body/div/header[@class='nav']/div[@id='shopify-section-en-header']/div[@class='header']/div[contains(@class,'menu-bar')]/div[@class='menu-bar__content']/div[@class='menu-bar__left-wrapper']/div[@class='mega-menu js-mega-menu']/nav[@class='menu js-menu']/ul[@class='menu__list unstyled']/li[@class='menu__tier-one js-menu__tier-one has-tier-two-open']/div[@class='menu__tier-two js-menu__tier-two menu__tier-two--with-footer']/div[@class='menu__tier-two__content-container clearfix']/ul[@class='unstyled no-margin menu__tier-two__menu-primary']/li[1]/div[1]/div[1]/a[1]' not found)
[[ATTACHMENT|/Users/sumankompelly/Relative xpath-Desktop/Reports/OCS - 1.10.2.1/20190625_174612/1561500113727.png]]

2019-06-25 18:01:54 - [MESSAGE][FAILED] - click(findTestObject("OCS-DESKTOP/Cannabis page/Shop all dried flower")) FAILED.
Reason:
com.kms.katalon.core.exception.StepFailedException: Unable to click on object 'Object Repository/OCS-DESKTOP/Cannabis page/Shop all dried flower' (Root cause: com.kms.katalon.core.webui.exception.WebElementNotFoundException: Web element with id: 'Object Repository/OCS-DESKTOP/Cannabis page/Shop all dried flower' located by 'By.xpath: //body/div/header[@class='nav']/div[@id='shopify-section-en-header']/div[@class='header']/div[contains(@class,'menu-bar')]/div[@class='menu-bar__content']/div[@class='menu-bar__left-wrapper']/div[@class='mega-menu js-mega-menu']/nav[@class='menu js-menu']/ul[@class='menu__list unstyled']/li[@class='menu__tier-one js-menu__tier-one has-tier-two-open']/div[@class='menu__tier-two js-menu__tier-two menu__tier-two--with-footer']/div[@class='menu__tier-two__content-container clearfix']/ul[@class='unstyled no-margin menu__tier-two__menu-primary']/li[1]/div[1]/div[1]/a[1]' not found)
	at com.kms.katalon.core.keyword.internal.KeywordMain.stepFailed(KeywordMain.groovy:36)
	at com.kms.katalon.core.webui.keyword.internal.WebUIKeywordMain.stepFailed(WebUIKeywordMain.groovy:65)
	at com.kms.katalon.core.webui.keyword.internal.WebUIKeywordMain.runKeyword(WebUIKeywordMain.groovy:27)
	at com.kms.katalon.core.webui.keyword.builtin.ClickKeyword.click(ClickKeyword.groovy:86)
	at com.kms.katalon.core.webui.keyword.builtin.ClickKeyword.execute(ClickKeyword.groovy:67)
	at com.kms.katalon.core.keyword.internal.KeywordExecutor.executeKeywordForPlatform(KeywordExecutor.groovy:53)
	at com.kms.katalon.core.webui.keyword.WebUiBuiltInKeywords.click(WebUiBuiltInKeywords.groovy:616)
	at com.kms.katalon.core.webui.keyword.WebUiBuiltInKeywords$click$4.call(Unknown Source)
	at HP-Burger menu -cannabis.run(HP-Burger menu -cannabis:64)
	at com.kms.katalon.core.main.ScriptEngine.run(ScriptEngine.java:194)
	at com.kms.katalon.core.main.ScriptEngine.runScriptAsRawText(ScriptEngine.java:119)
	at com.kms.katalon.core.main.TestCaseExecutor.runScript(TestCaseExecutor.java:328)
	at com.kms.katalon.core.main.TestCaseExecutor.doExecute(TestCaseExecutor.java:319)
	at com.kms.katalon.core.main.TestCaseExecutor.processExecutionPhase(TestCaseExecutor.java:298)
	at com.kms.katalon.core.main.TestCaseExecutor.accessMainPhase(TestCaseExecutor.java:290)
	at com.kms.katalon.core.main.TestCaseExecutor.execute(TestCaseExecutor.java:224)
	at com.kms.katalon.core.main.TestSuiteExecutor.accessTestCaseMainPhase(TestSuiteExecutor.java:129)
	at com.kms.katalon.core.main.TestSuiteExecutor.accessTestSuiteMainPhase(TestSuiteExecutor.java:112)
	at com.kms.katalon.core.main.TestSuiteExecutor.execute(TestSuiteExecutor.java:81)
	at com.kms.katalon.core.main.TestCaseMain.startTestSuite(TestCaseMain.java:149)
	at com.kms.katalon.core.main.TestCaseMain$startTestSuite$0.call(Unknown Source)
	at TempTestSuite1561499172132.run(TempTestSuite1561499172132.groovy:36)]]></system-out>
         <system-err><![CDATA[2019-06-25 18:00:40 - [TEST_CASE][FAILED] - Test Cases/OCS - DESKTOP/OCS- HOME PAGE/HP-Burger menu -cannabis: Test Cases/OCS - DESKTOP/OCS- HOME PAGE/HP-Burger menu -cannabis FAILED.
Reason:
com.kms.katalon.core.exception.StepFailedException: Unable to click on object 'Object Repository/OCS-DESKTOP/Cannabis page/Shop all dried flower' (Root cause: com.kms.katalon.core.webui.exception.WebElementNotFoundException: Web element with id: 'Object Repository/OCS-DESKTOP/Cannabis page/Shop all dried flower' located by 'By.xpath: //body/div/header[@class='nav']/div[@id='shopify-section-en-header']/div[@class='header']/div[contains(@class,'menu-bar')]/div[@class='menu-bar__content']/div[@class='menu-bar__left-wrapper']/div[@class='mega-menu js-mega-menu']/nav[@class='menu js-menu']/ul[@class='menu__list unstyled']/li[@class='menu__tier-one js-menu__tier-one has-tier-two-open']/div[@class='menu__tier-two js-menu__tier-two menu__tier-two--with-footer']/div[@class='menu__tier-two__content-container clearfix']/ul[@class='unstyled no-margin menu__tier-two__menu-primary']/li[1]/div[1]/div[1]/a[1]' not found)
	at com.kms.katalon.core.keyword.internal.KeywordMain.stepFailed(KeywordMain.groovy:36)
	at com.kms.katalon.core.webui.keyword.internal.WebUIKeywordMain.stepFailed(WebUIKeywordMain.groovy:65)
	at com.kms.katalon.core.webui.keyword.internal.WebUIKeywordMain.runKeyword(WebUIKeywordMain.groovy:27)
	at com.kms.katalon.core.webui.keyword.builtin.ClickKeyword.click(ClickKeyword.groovy:86)
	at com.kms.katalon.core.webui.keyword.builtin.ClickKeyword.execute(ClickKeyword.groovy:67)
	at com.kms.katalon.core.keyword.internal.KeywordExecutor.executeKeywordForPlatform(KeywordExecutor.groovy:53)
	at com.kms.katalon.core.webui.keyword.WebUiBuiltInKeywords.click(WebUiBuiltInKeywords.groovy:616)
	at com.kms.katalon.core.webui.keyword.WebUiBuiltInKeywords$click$4.call(Unknown Source)
	at HP-Burger menu -cannabis.run(HP-Burger menu -cannabis:64)
	at com.kms.katalon.core.main.ScriptEngine.run(ScriptEngine.java:194)
	at com.kms.katalon.core.main.ScriptEngine.runScriptAsRawText(ScriptEngine.java:119)
	at com.kms.katalon.core.main.TestCaseExecutor.runScript(TestCaseExecutor.java:328)
	at com.kms.katalon.core.main.TestCaseExecutor.doExecute(TestCaseExecutor.java:319)
	at com.kms.katalon.core.main.TestCaseExecutor.processExecutionPhase(TestCaseExecutor.java:298)
	at com.kms.katalon.core.main.TestCaseExecutor.accessMainPhase(TestCaseExecutor.java:290)
	at com.kms.katalon.core.main.TestCaseExecutor.execute(TestCaseExecutor.java:224)
	at com.kms.katalon.core.main.TestSuiteExecutor.accessTestCaseMainPhase(TestSuiteExecutor.java:129)
	at com.kms.katalon.core.main.TestSuiteExecutor.accessTestSuiteMainPhase(TestSuiteExecutor.java:112)
	at com.kms.katalon.core.main.TestSuiteExecutor.execute(TestSuiteExecutor.java:81)
	at com.kms.katalon.core.main.TestCaseMain.startTestSuite(TestCaseMain.java:149)
	at com.kms.katalon.core.main.TestCaseMain$startTestSuite$0.call(Unknown Source)
	at TempTestSuite1561499172132.run(TempTestSuite1561499172132.groovy:36)]]></system-err>
      </testcase>
      <testcase name="Test Cases/OCS - DESKTOP/OCS- HOME PAGE/footer" classname="Test Cases/OCS - DESKTOP/OCS- HOME PAGE/footer" status="PASSED">
         <system-out><![CDATA[2019-06-25 18:01:54 - [TEST_CASE][PASSED] - Test Cases/OCS - DESKTOP/OCS- HOME PAGE/footer: Test Cases/OCS - DESKTOP/OCS- HOME PAGE/footer

2019-06-25 18:01:54 - [TEST_STEP][PASSED] - callTestCase(findTestCase("OCS - DESKTOP/CALL- Age gate"), [:], STOP_ON_FAILURE): Call Test Case 'Test Cases/OCS - DESKTOP/CALL- Age gate' successfully

2019-06-25 18:01:54 - [TEST_CASE][PASSED] - Test Cases/OCS - DESKTOP/CALL- Age gate: Test Cases/OCS - DESKTOP/CALL- Age gate

2019-06-25 18:01:54 - [TEST_STEP][PASSED] - openBrowser(""): Browser is opened with url: ''

2019-06-25 18:01:54 - [MESSAGE][WARNING] - A browser is already opened. Closing browser and opening a new one

2019-06-25 18:01:54 - [MESSAGE][INFO] - Starting 'Chrome' driver

2019-06-25 18:01:55 - [MESSAGE][PASSED] - Browser is opened with url: ''

2019-06-25 18:01:55 - [TEST_STEP][PASSED] - navigateToUrl("https://ocs.ca/?fts=0&preview_theme_id=72920106828"): Navigate to 'https://ocs.ca/?fts=0&preview_theme_id=72920106828' successfully

2019-06-25 18:02:01 - [MESSAGE][PASSED] - Navigate to 'https://ocs.ca/?fts=0&preview_theme_id=72920106828' successfully

2019-06-25 18:02:01 - [TEST_STEP][PASSED] - maximizeWindow(): Current window maximized

2019-06-25 18:02:02 - [MESSAGE][PASSED] - Current window maximized

2019-06-25 18:02:02 - [TEST_STEP][PASSED] - delay(2): Delayed 2 second(s)

2019-06-25 18:02:04 - [MESSAGE][PASSED] - Delayed 2 second(s)

2019-06-25 18:02:04 - [TEST_STEP][PASSED] - executeJavaScript("var previewBar = document.getElementById("preview-bar-iframe"); previewBar.style.display = "none";", []): Execute JavaScript 'var previewBar = document.getElementById("preview-bar-iframe"); previewBar.style.display = "none";' successfully

2019-06-25 18:02:04 - [MESSAGE][PASSED] - Execute JavaScript 'var previewBar = document.getElementById("preview-bar-iframe"); previewBar.style.display = "none";' successfully

2019-06-25 18:02:04 - [TEST_STEP][PASSED] - selectOptionByValue(findTestObject("OCS-DESKTOP/Age gate and Mega menu/Date"), "12", true): All options with value '12' are selected in object 'Object Repository/OCS-DESKTOP/Age gate and Mega menu/Date'  using regular expression

2019-06-25 18:02:04 - [MESSAGE][PASSED] - All options with value '12' are selected in object 'Object Repository/OCS-DESKTOP/Age gate and Mega menu/Date'  using regular expression

2019-06-25 18:02:04 - [TEST_STEP][PASSED] - selectOptionByValue(findTestObject("OCS-DESKTOP/Age gate and Mega menu/month"), "6", true): All options with value '6' are selected in object 'Object Repository/OCS-DESKTOP/Age gate and Mega menu/month'  using regular expression

2019-06-25 18:02:04 - [MESSAGE][PASSED] - All options with value '6' are selected in object 'Object Repository/OCS-DESKTOP/Age gate and Mega menu/month'  using regular expression

2019-06-25 18:02:04 - [TEST_STEP][PASSED] - delay(2): Delayed 2 second(s)

2019-06-25 18:02:06 - [MESSAGE][PASSED] - Delayed 2 second(s)

2019-06-25 18:02:06 - [TEST_STEP][PASSED] - selectOptionByValue(findTestObject("OCS-DESKTOP/Age gate and Mega menu/Year Dropdown"), "1990", true): All options with value '1990' are selected in object 'Object Repository/OCS-DESKTOP/Age gate and Mega menu/Year Dropdown'  using regular expression

2019-06-25 18:02:07 - [MESSAGE][PASSED] - All options with value '1990' are selected in object 'Object Repository/OCS-DESKTOP/Age gate and Mega menu/Year Dropdown'  using regular expression

2019-06-25 18:02:07 - [TEST_STEP][PASSED] - click(findTestObject("OCS-DESKTOP/Age gate and Mega menu/button_Verify")): Object: 'Object Repository/OCS-DESKTOP/Age gate and Mega menu/button_Verify' is clicked on

2019-06-25 18:02:07 - [MESSAGE][PASSED] - Object: 'Object Repository/OCS-DESKTOP/Age gate and Mega menu/button_Verify' is clicked on

2019-06-25 18:02:07 - [TEST_STEP][PASSED] - click(findTestObject("OCS-DESKTOP/Age gate and Mega menu/Checkbox_CONFIRM AND ACKNOWLEDGE")): Object: 'Object Repository/OCS-DESKTOP/Age gate and Mega menu/Checkbox_CONFIRM AND ACKNOWLEDGE' is clicked on

2019-06-25 18:02:07 - [MESSAGE][PASSED] - Object: 'Object Repository/OCS-DESKTOP/Age gate and Mega menu/Checkbox_CONFIRM AND ACKNOWLEDGE' is clicked on

2019-06-25 18:02:07 - [TEST_STEP][PASSED] - click(findTestObject("OCS-DESKTOP/Age gate and Mega menu/button_CONFIRM")): Object: 'Object Repository/OCS-DESKTOP/Age gate and Mega menu/button_CONFIRM' is clicked on

2019-06-25 18:02:07 - [MESSAGE][PASSED] - Object: 'Object Repository/OCS-DESKTOP/Age gate and Mega menu/button_CONFIRM' is clicked on

2019-06-25 18:02:07 - [TEST_STEP][PASSED] - click(findTestObject("OCS-DESKTOP/Age gate and Mega menu/button_Start Browsing")): Object: 'Object Repository/OCS-DESKTOP/Age gate and Mega menu/button_Start Browsing' is clicked on

2019-06-25 18:02:07 - [MESSAGE][PASSED] - Object: 'Object Repository/OCS-DESKTOP/Age gate and Mega menu/button_Start Browsing' is clicked on

2019-06-25 18:02:07 - [TEST_STEP][PASSED] - delay(2): Delayed 2 second(s)

2019-06-25 18:02:09 - [MESSAGE][PASSED] - Delayed 2 second(s)

2019-06-25 18:02:09 - [TEST_STEP][PASSED] - refresh(): Refresh successfully

2019-06-25 18:02:09 - [MESSAGE][PASSED] - Refresh successfully

2019-06-25 18:02:09 - [MESSAGE][PASSED] - Call Test Case 'Test Cases/OCS - DESKTOP/CALL- Age gate' successfully

2019-06-25 18:02:09 - [TEST_STEP][PASSED] - delay(2): Delayed 2 second(s)

2019-06-25 18:02:11 - [MESSAGE][PASSED] - Delayed 2 second(s)

2019-06-25 18:02:11 - [TEST_STEP][PASSED] - executeJavaScript("var previewBar = document.getElementById("preview-bar-iframe"); previewBar.style.display = "none";", []): Execute JavaScript 'var previewBar = document.getElementById("preview-bar-iframe"); previewBar.style.display = "none";' successfully

2019-06-25 18:02:13 - [MESSAGE][PASSED] - Execute JavaScript 'var previewBar = document.getElementById("preview-bar-iframe"); previewBar.style.display = "none";' successfully

2019-06-25 18:02:13 - [TEST_STEP][PASSED] - click(findTestObject("OCS-DESKTOP/Home - page/Return Policy")): Object: 'Object Repository/OCS-DESKTOP/Home - page/Return Policy' is clicked on

2019-06-25 18:02:15 - [MESSAGE][PASSED] - Object: 'Object Repository/OCS-DESKTOP/Home - page/Return Policy' is clicked on

2019-06-25 18:02:15 - [TEST_STEP][PASSED] - executeJavaScript("var previewBar = document.getElementById("preview-bar-iframe"); previewBar.style.display = "none";", []): Execute JavaScript 'var previewBar = document.getElementById("preview-bar-iframe"); previewBar.style.display = "none";' successfully

2019-06-25 18:02:15 - [MESSAGE][PASSED] - Execute JavaScript 'var previewBar = document.getElementById("preview-bar-iframe"); previewBar.style.display = "none";' successfully

2019-06-25 18:02:15 - [TEST_STEP][PASSED] - click(findTestObject("OCS-DESKTOP/Home - page/Glossary of terms")): Object: 'Object Repository/OCS-DESKTOP/Home - page/Glossary of terms' is clicked on

2019-06-25 18:02:18 - [MESSAGE][PASSED] - Object: 'Object Repository/OCS-DESKTOP/Home - page/Glossary of terms' is clicked on

2019-06-25 18:02:18 - [TEST_STEP][PASSED] - delay(2, OPTIONAL): Delayed 2 second(s)

2019-06-25 18:02:20 - [MESSAGE][PASSED] - Delayed 2 second(s)

2019-06-25 18:02:20 - [TEST_STEP][PASSED] - executeJavaScript("var previewBar = document.getElementById("preview-bar-iframe"); previewBar.style.display = "none";", []): Execute JavaScript 'var previewBar = document.getElementById("preview-bar-iframe"); previewBar.style.display = "none";' successfully

2019-06-25 18:02:20 - [MESSAGE][PASSED] - Execute JavaScript 'var previewBar = document.getElementById("preview-bar-iframe"); previewBar.style.display = "none";' successfully

2019-06-25 18:02:20 - [TEST_STEP][PASSED] - click(findTestObject("OCS-DESKTOP/Home - page/Product Recall")): Object: 'Object Repository/OCS-DESKTOP/Home - page/Product Recall' is clicked on

2019-06-25 18:02:23 - [MESSAGE][PASSED] - Object: 'Object Repository/OCS-DESKTOP/Home - page/Product Recall' is clicked on

2019-06-25 18:02:23 - [TEST_STEP][PASSED] - delay(2, OPTIONAL): Delayed 2 second(s)

2019-06-25 18:02:25 - [MESSAGE][PASSED] - Delayed 2 second(s)

2019-06-25 18:02:25 - [TEST_STEP][PASSED] - executeJavaScript("var previewBar = document.getElementById("preview-bar-iframe"); previewBar.style.display = "none";", []): Execute JavaScript 'var previewBar = document.getElementById("preview-bar-iframe"); previewBar.style.display = "none";' successfully

2019-06-25 18:02:25 - [MESSAGE][PASSED] - Execute JavaScript 'var previewBar = document.getElementById("preview-bar-iframe"); previewBar.style.display = "none";' successfully

2019-06-25 18:02:25 - [TEST_STEP][PASSED] - click(findTestObject("OCS-DESKTOP/Home - page/Government of Canada - Canna")): Object: 'Object Repository/OCS-DESKTOP/Home - page/Government of Canada - Canna' is clicked on

2019-06-25 18:02:26 - [MESSAGE][PASSED] - Object: 'Object Repository/OCS-DESKTOP/Home - page/Government of Canada - Canna' is clicked on

2019-06-25 18:02:26 - [TEST_STEP][PASSED] - delay(2): Delayed 2 second(s)

2019-06-25 18:02:28 - [MESSAGE][PASSED] - Delayed 2 second(s)

2019-06-25 18:02:28 - [TEST_STEP][PASSED] - delay(2, OPTIONAL): Delayed 2 second(s)

2019-06-25 18:02:30 - [MESSAGE][PASSED] - Delayed 2 second(s)

2019-06-25 18:02:30 - [TEST_STEP][PASSED] - executeJavaScript("var previewBar = document.getElementById("preview-bar-iframe"); previewBar.style.display = "none";", []): Execute JavaScript 'var previewBar = document.getElementById("preview-bar-iframe"); previewBar.style.display = "none";' successfully

2019-06-25 18:02:30 - [MESSAGE][PASSED] - Execute JavaScript 'var previewBar = document.getElementById("preview-bar-iframe"); previewBar.style.display = "none";' successfully

2019-06-25 18:02:30 - [TEST_STEP][PASSED] - click(findTestObject("OCS-DESKTOP/Home - page/Government of Ontario - Cann")): Object: 'Object Repository/OCS-DESKTOP/Home - page/Government of Ontario - Cann' is clicked on

2019-06-25 18:02:35 - [MESSAGE][PASSED] - Object: 'Object Repository/OCS-DESKTOP/Home - page/Government of Ontario - Cann' is clicked on

2019-06-25 18:02:35 - [TEST_STEP][PASSED] - executeJavaScript("var previewBar = document.getElementById("preview-bar-iframe"); previewBar.style.display = "none";", []): Execute JavaScript 'var previewBar = document.getElementById("preview-bar-iframe"); previewBar.style.display = "none";' successfully

2019-06-25 18:02:35 - [MESSAGE][PASSED] - Execute JavaScript 'var previewBar = document.getElementById("preview-bar-iframe"); previewBar.style.display = "none";' successfully

2019-06-25 18:02:35 - [TEST_STEP][PASSED] - click(findTestObject("OCS-DESKTOP/Home - page/About the OCS")): Object: 'Object Repository/OCS-DESKTOP/Home - page/About the OCS' is clicked on

2019-06-25 18:02:41 - [MESSAGE][PASSED] - Object: 'Object Repository/OCS-DESKTOP/Home - page/About the OCS' is clicked on

2019-06-25 18:02:41 - [TEST_STEP][PASSED] - delay(2): Delayed 2 second(s)

2019-06-25 18:02:43 - [MESSAGE][PASSED] - Delayed 2 second(s)

2019-06-25 18:02:43 - [TEST_STEP][PASSED] - executeJavaScript("var previewBar = document.getElementById("preview-bar-iframe"); previewBar.style.display = "none";", []): Execute JavaScript 'var previewBar = document.getElementById("preview-bar-iframe"); previewBar.style.display = "none";' successfully

2019-06-25 18:02:43 - [MESSAGE][PASSED] - Execute JavaScript 'var previewBar = document.getElementById("preview-bar-iframe"); previewBar.style.display = "none";' successfully

2019-06-25 18:02:43 - [TEST_STEP][PASSED] - click(findTestObject("OCS-DESKTOP/Home - page/Careers")): Object: 'Object Repository/OCS-DESKTOP/Home - page/Careers' is clicked on

2019-06-25 18:02:46 - [MESSAGE][PASSED] - Object: 'Object Repository/OCS-DESKTOP/Home - page/Careers' is clicked on

2019-06-25 18:02:46 - [TEST_STEP][PASSED] - delay(2): Delayed 2 second(s)

2019-06-25 18:02:48 - [MESSAGE][PASSED] - Delayed 2 second(s)

2019-06-25 18:02:48 - [TEST_STEP][PASSED] - delay(2, OPTIONAL): Delayed 2 second(s)

2019-06-25 18:02:50 - [MESSAGE][PASSED] - Delayed 2 second(s)

2019-06-25 18:02:50 - [TEST_STEP][PASSED] - executeJavaScript("var previewBar = document.getElementById("preview-bar-iframe"); previewBar.style.display = "none";", []): Execute JavaScript 'var previewBar = document.getElementById("preview-bar-iframe"); previewBar.style.display = "none";' successfully

2019-06-25 18:02:50 - [MESSAGE][PASSED] - Execute JavaScript 'var previewBar = document.getElementById("preview-bar-iframe"); previewBar.style.display = "none";' successfully

2019-06-25 18:02:50 - [TEST_STEP][PASSED] - click(findTestObject("OCS-DESKTOP/Home - page/News"), OPTIONAL): Object: 'Object Repository/OCS-DESKTOP/Home - page/News' is clicked on

2019-06-25 18:02:53 - [MESSAGE][PASSED] - Object: 'Object Repository/OCS-DESKTOP/Home - page/News' is clicked on

2019-06-25 18:02:53 - [TEST_STEP][PASSED] - delay(2): Delayed 2 second(s)

2019-06-25 18:02:55 - [MESSAGE][PASSED] - Delayed 2 second(s)

2019-06-25 18:02:55 - [TEST_STEP][PASSED] - executeJavaScript("var previewBar = document.getElementById("preview-bar-iframe"); previewBar.style.display = "none";", []): Execute JavaScript 'var previewBar = document.getElementById("preview-bar-iframe"); previewBar.style.display = "none";' successfully

2019-06-25 18:02:55 - [MESSAGE][PASSED] - Execute JavaScript 'var previewBar = document.getElementById("preview-bar-iframe"); previewBar.style.display = "none";' successfully

2019-06-25 18:02:55 - [TEST_STEP][PASSED] - click(findTestObject("OCS-DESKTOP/Home - page/Doing Business With OCS")): Object: 'Object Repository/OCS-DESKTOP/Home - page/Doing Business With OCS' is clicked on

2019-06-25 18:02:55 - [MESSAGE][PASSED] - Object: 'Object Repository/OCS-DESKTOP/Home - page/Doing Business With OCS' is clicked on

2019-06-25 18:02:55 - [TEST_STEP][PASSED] - delay(2): Delayed 2 second(s)

2019-06-25 18:02:57 - [MESSAGE][PASSED] - Delayed 2 second(s)

2019-06-25 18:02:57 - [TEST_STEP][PASSED] - executeJavaScript("var previewBar = document.getElementById("preview-bar-iframe"); previewBar.style.display = "none";", []): Execute JavaScript 'var previewBar = document.getElementById("preview-bar-iframe"); previewBar.style.display = "none";' successfully

2019-06-25 18:02:57 - [MESSAGE][PASSED] - Execute JavaScript 'var previewBar = document.getElementById("preview-bar-iframe"); previewBar.style.display = "none";' successfully

2019-06-25 18:02:57 - [TEST_STEP][PASSED] - click(findTestObject("OCS-DESKTOP/Home - page/Help us improve OCS.ca"), CONTINUE_ON_FAILURE): Object: 'Object Repository/OCS-DESKTOP/Home - page/Help us improve OCS.ca' is clicked on

2019-06-25 18:03:03 - [MESSAGE][PASSED] - Object: 'Object Repository/OCS-DESKTOP/Home - page/Help us improve OCS.ca' is clicked on

2019-06-25 18:03:03 - [TEST_STEP][PASSED] - delay(2): Delayed 2 second(s)

2019-06-25 18:03:05 - [MESSAGE][PASSED] - Delayed 2 second(s)

2019-06-25 18:03:05 - [TEST_STEP][PASSED] - executeJavaScript("var previewBar = document.getElementById("preview-bar-iframe"); previewBar.style.display = "none";", []): Execute JavaScript 'var previewBar = document.getElementById("preview-bar-iframe"); previewBar.style.display = "none";' successfully

2019-06-25 18:03:05 - [MESSAGE][PASSED] - Execute JavaScript 'var previewBar = document.getElementById("preview-bar-iframe"); previewBar.style.display = "none";' successfully

2019-06-25 18:03:05 - [TEST_STEP][PASSED] - click(findTestObject("OCS-DESKTOP/Home - page/Terms and Conditions")): Object: 'Object Repository/OCS-DESKTOP/Home - page/Terms and Conditions' is clicked on

2019-06-25 18:03:13 - [MESSAGE][PASSED] - Object: 'Object Repository/OCS-DESKTOP/Home - page/Terms and Conditions' is clicked on

2019-06-25 18:03:13 - [TEST_STEP][PASSED] - delay(2): Delayed 2 second(s)

2019-06-25 18:03:15 - [MESSAGE][PASSED] - Delayed 2 second(s)

2019-06-25 18:03:15 - [TEST_STEP][PASSED] - executeJavaScript("var previewBar = document.getElementById("preview-bar-iframe"); previewBar.style.display = "none";", []): Execute JavaScript 'var previewBar = document.getElementById("preview-bar-iframe"); previewBar.style.display = "none";' successfully

2019-06-25 18:03:15 - [MESSAGE][PASSED] - Execute JavaScript 'var previewBar = document.getElementById("preview-bar-iframe"); previewBar.style.display = "none";' successfully

2019-06-25 18:03:15 - [TEST_STEP][PASSED] - click(findTestObject("OCS-DESKTOP/Home - page/Privacy")): Object: 'Object Repository/OCS-DESKTOP/Home - page/Privacy' is clicked on

2019-06-25 18:03:21 - [MESSAGE][PASSED] - Object: 'Object Repository/OCS-DESKTOP/Home - page/Privacy' is clicked on

2019-06-25 18:03:21 - [TEST_STEP][PASSED] - executeJavaScript("var previewBar = document.getElementById("preview-bar-iframe"); previewBar.style.display = "none";", []): Execute JavaScript 'var previewBar = document.getElementById("preview-bar-iframe"); previewBar.style.display = "none";' successfully

2019-06-25 18:03:21 - [MESSAGE][PASSED] - Execute JavaScript 'var previewBar = document.getElementById("preview-bar-iframe"); previewBar.style.display = "none";' successfully

2019-06-25 18:03:21 - [TEST_STEP][PASSED] - delay(2): Delayed 2 second(s)

2019-06-25 18:03:23 - [MESSAGE][PASSED] - Delayed 2 second(s)

2019-06-25 18:03:23 - [TEST_STEP][PASSED] - click(findTestObject("OCS-DESKTOP/Home - page/Accessibility")): Object: 'Object Repository/OCS-DESKTOP/Home - page/Accessibility' is clicked on

2019-06-25 18:03:30 - [MESSAGE][PASSED] - Object: 'Object Repository/OCS-DESKTOP/Home - page/Accessibility' is clicked on

2019-06-25 18:03:30 - [TEST_STEP][PASSED] - delay(2): Delayed 2 second(s)

2019-06-25 18:03:32 - [MESSAGE][PASSED] - Delayed 2 second(s)

2019-06-25 18:03:32 - [TEST_STEP][PASSED] - executeJavaScript("var previewBar = document.getElementById("preview-bar-iframe"); previewBar.style.display = "none";", []): Execute JavaScript 'var previewBar = document.getElementById("preview-bar-iframe"); previewBar.style.display = "none";' successfully

2019-06-25 18:03:32 - [MESSAGE][PASSED] - Execute JavaScript 'var previewBar = document.getElementById("preview-bar-iframe"); previewBar.style.display = "none";' successfully

2019-06-25 18:03:32 - [TEST_STEP][PASSED] - click(findTestObject("OCS-DESKTOP/Home - page/Delivery to First Nations")): Object: 'Object Repository/OCS-DESKTOP/Home - page/Delivery to First Nations' is clicked on

2019-06-25 18:03:38 - [MESSAGE][PASSED] - Object: 'Object Repository/OCS-DESKTOP/Home - page/Delivery to First Nations' is clicked on

2019-06-25 18:03:38 - [TEST_STEP][PASSED] - delay(2): Delayed 2 second(s)

2019-06-25 18:03:40 - [MESSAGE][PASSED] - Delayed 2 second(s)

2019-06-25 18:03:40 - [TEST_STEP][PASSED] - executeJavaScript("var previewBar = document.getElementById("preview-bar-iframe"); previewBar.style.display = "none";", []): Execute JavaScript 'var previewBar = document.getElementById("preview-bar-iframe"); previewBar.style.display = "none";' successfully

2019-06-25 18:03:40 - [MESSAGE][PASSED] - Execute JavaScript 'var previewBar = document.getElementById("preview-bar-iframe"); previewBar.style.display = "none";' successfully

2019-06-25 18:03:40 - [TEST_STEP][PASSED] - click(findTestObject("OCS-DESKTOP/Home - page/Hello OCS image")): Object: 'Object Repository/OCS-DESKTOP/Home - page/Hello OCS image' is clicked on

2019-06-25 18:03:45 - [MESSAGE][PASSED] - Object: 'Object Repository/OCS-DESKTOP/Home - page/Hello OCS image' is clicked on

2019-06-25 18:03:45 - [TEST_STEP][PASSED] - delay(2): Delayed 2 second(s)

2019-06-25 18:03:47 - [MESSAGE][PASSED] - Delayed 2 second(s)

2019-06-25 18:03:47 - [TEST_STEP][PASSED] - click(findTestObject("OCS-DESKTOP/Home - page/twitter")): Object: 'Object Repository/OCS-DESKTOP/Home - page/twitter' is clicked on

2019-06-25 18:03:53 - [MESSAGE][PASSED] - Object: 'Object Repository/OCS-DESKTOP/Home - page/twitter' is clicked on]]></system-out>
         <system-err><![CDATA[]]></system-err>
      </testcase>
      <testcase name="Test Cases/OCS - DESKTOP/OCS- HOME PAGE/why trust OCS" classname="Test Cases/OCS - DESKTOP/OCS- HOME PAGE/why trust OCS" status="PASSED">
         <system-out><![CDATA[2019-06-25 18:03:53 - [TEST_CASE][PASSED] - Test Cases/OCS - DESKTOP/OCS- HOME PAGE/why trust OCS: Test Cases/OCS - DESKTOP/OCS- HOME PAGE/why trust OCS

2019-06-25 18:03:53 - [TEST_STEP][PASSED] - callTestCase(findTestCase("OCS - DESKTOP/CALL- Age gate"), [:], STOP_ON_FAILURE): Call Test Case 'Test Cases/OCS - DESKTOP/CALL- Age gate' successfully

2019-06-25 18:03:53 - [TEST_CASE][PASSED] - Test Cases/OCS - DESKTOP/CALL- Age gate: Test Cases/OCS - DESKTOP/CALL- Age gate

2019-06-25 18:03:53 - [TEST_STEP][PASSED] - openBrowser(""): Browser is opened with url: ''

2019-06-25 18:03:53 - [MESSAGE][WARNING] - A browser is already opened. Closing browser and opening a new one

2019-06-25 18:03:53 - [MESSAGE][INFO] - Starting 'Chrome' driver

2019-06-25 18:03:54 - [MESSAGE][PASSED] - Browser is opened with url: ''

2019-06-25 18:03:54 - [TEST_STEP][PASSED] - navigateToUrl("https://ocs.ca/?fts=0&preview_theme_id=72920106828"): Navigate to 'https://ocs.ca/?fts=0&preview_theme_id=72920106828' successfully

2019-06-25 18:03:59 - [MESSAGE][PASSED] - Navigate to 'https://ocs.ca/?fts=0&preview_theme_id=72920106828' successfully

2019-06-25 18:03:59 - [TEST_STEP][PASSED] - maximizeWindow(): Current window maximized

2019-06-25 18:03:59 - [MESSAGE][PASSED] - Current window maximized

2019-06-25 18:03:59 - [TEST_STEP][PASSED] - delay(2): Delayed 2 second(s)

2019-06-25 18:04:01 - [MESSAGE][PASSED] - Delayed 2 second(s)

2019-06-25 18:04:01 - [TEST_STEP][PASSED] - executeJavaScript("var previewBar = document.getElementById("preview-bar-iframe"); previewBar.style.display = "none";", []): Execute JavaScript 'var previewBar = document.getElementById("preview-bar-iframe"); previewBar.style.display = "none";' successfully

2019-06-25 18:04:01 - [MESSAGE][PASSED] - Execute JavaScript 'var previewBar = document.getElementById("preview-bar-iframe"); previewBar.style.display = "none";' successfully

2019-06-25 18:04:01 - [TEST_STEP][PASSED] - selectOptionByValue(findTestObject("OCS-DESKTOP/Age gate and Mega menu/Date"), "12", true): All options with value '12' are selected in object 'Object Repository/OCS-DESKTOP/Age gate and Mega menu/Date'  using regular expression

2019-06-25 18:04:01 - [MESSAGE][PASSED] - All options with value '12' are selected in object 'Object Repository/OCS-DESKTOP/Age gate and Mega menu/Date'  using regular expression

2019-06-25 18:04:01 - [TEST_STEP][PASSED] - selectOptionByValue(findTestObject("OCS-DESKTOP/Age gate and Mega menu/month"), "6", true): All options with value '6' are selected in object 'Object Repository/OCS-DESKTOP/Age gate and Mega menu/month'  using regular expression

2019-06-25 18:04:02 - [MESSAGE][PASSED] - All options with value '6' are selected in object 'Object Repository/OCS-DESKTOP/Age gate and Mega menu/month'  using regular expression

2019-06-25 18:04:02 - [TEST_STEP][PASSED] - delay(2): Delayed 2 second(s)

2019-06-25 18:04:04 - [MESSAGE][PASSED] - Delayed 2 second(s)

2019-06-25 18:04:04 - [TEST_STEP][PASSED] - selectOptionByValue(findTestObject("OCS-DESKTOP/Age gate and Mega menu/Year Dropdown"), "1990", true): All options with value '1990' are selected in object 'Object Repository/OCS-DESKTOP/Age gate and Mega menu/Year Dropdown'  using regular expression

2019-06-25 18:04:05 - [MESSAGE][PASSED] - All options with value '1990' are selected in object 'Object Repository/OCS-DESKTOP/Age gate and Mega menu/Year Dropdown'  using regular expression

2019-06-25 18:04:05 - [TEST_STEP][PASSED] - click(findTestObject("OCS-DESKTOP/Age gate and Mega menu/button_Verify")): Object: 'Object Repository/OCS-DESKTOP/Age gate and Mega menu/button_Verify' is clicked on

2019-06-25 18:04:05 - [MESSAGE][PASSED] - Object: 'Object Repository/OCS-DESKTOP/Age gate and Mega menu/button_Verify' is clicked on

2019-06-25 18:04:05 - [TEST_STEP][PASSED] - click(findTestObject("OCS-DESKTOP/Age gate and Mega menu/Checkbox_CONFIRM AND ACKNOWLEDGE")): Object: 'Object Repository/OCS-DESKTOP/Age gate and Mega menu/Checkbox_CONFIRM AND ACKNOWLEDGE' is clicked on

2019-06-25 18:04:05 - [MESSAGE][PASSED] - Object: 'Object Repository/OCS-DESKTOP/Age gate and Mega menu/Checkbox_CONFIRM AND ACKNOWLEDGE' is clicked on

2019-06-25 18:04:05 - [TEST_STEP][PASSED] - click(findTestObject("OCS-DESKTOP/Age gate and Mega menu/button_CONFIRM")): Object: 'Object Repository/OCS-DESKTOP/Age gate and Mega menu/button_CONFIRM' is clicked on

2019-06-25 18:04:05 - [MESSAGE][PASSED] - Object: 'Object Repository/OCS-DESKTOP/Age gate and Mega menu/button_CONFIRM' is clicked on

2019-06-25 18:04:05 - [TEST_STEP][PASSED] - click(findTestObject("OCS-DESKTOP/Age gate and Mega menu/button_Start Browsing")): Object: 'Object Repository/OCS-DESKTOP/Age gate and Mega menu/button_Start Browsing' is clicked on

2019-06-25 18:04:05 - [MESSAGE][PASSED] - Object: 'Object Repository/OCS-DESKTOP/Age gate and Mega menu/button_Start Browsing' is clicked on

2019-06-25 18:04:05 - [TEST_STEP][PASSED] - delay(2): Delayed 2 second(s)

2019-06-25 18:04:07 - [MESSAGE][PASSED] - Delayed 2 second(s)

2019-06-25 18:04:07 - [TEST_STEP][PASSED] - refresh(): Refresh successfully

2019-06-25 18:04:07 - [MESSAGE][PASSED] - Refresh successfully

2019-06-25 18:04:07 - [MESSAGE][PASSED] - Call Test Case 'Test Cases/OCS - DESKTOP/CALL- Age gate' successfully

2019-06-25 18:04:07 - [TEST_STEP][PASSED] - delay(2): Delayed 2 second(s)

2019-06-25 18:04:09 - [MESSAGE][PASSED] - Delayed 2 second(s)

2019-06-25 18:04:09 - [TEST_STEP][PASSED] - executeJavaScript("var previewBar = document.getElementById("preview-bar-iframe"); previewBar.style.display = "none";", []): Execute JavaScript 'var previewBar = document.getElementById("preview-bar-iframe"); previewBar.style.display = "none";' successfully

2019-06-25 18:04:10 - [MESSAGE][PASSED] - Execute JavaScript 'var previewBar = document.getElementById("preview-bar-iframe"); previewBar.style.display = "none";' successfully

2019-06-25 18:04:10 - [TEST_STEP][PASSED] - delay(1, OPTIONAL): Delayed 1 second(s)

2019-06-25 18:04:11 - [MESSAGE][PASSED] - Delayed 1 second(s)

2019-06-25 18:04:11 - [TEST_STEP][PASSED] - click(findTestObject("OCS-DESKTOP/Home - page/Why trust OCS -img")): Object: 'Object Repository/OCS-DESKTOP/Home - page/Why trust OCS -img' is clicked on

2019-06-25 18:04:13 - [MESSAGE][PASSED] - Object: 'Object Repository/OCS-DESKTOP/Home - page/Why trust OCS -img' is clicked on]]></system-out>
         <system-err><![CDATA[]]></system-err>
      </testcase>
      <testcase name="Test Cases/OCS - DESKTOP/OCS- HOME PAGE/How to choose cannabis-learn more" classname="Test Cases/OCS - DESKTOP/OCS- HOME PAGE/How to choose cannabis-learn more" status="PASSED">
         <system-out><![CDATA[2019-06-25 18:04:13 - [TEST_CASE][PASSED] - Test Cases/OCS - DESKTOP/OCS- HOME PAGE/How to choose cannabis-learn more: Test Cases/OCS - DESKTOP/OCS- HOME PAGE/How to choose cannabis-learn more

2019-06-25 18:04:13 - [TEST_STEP][PASSED] - callTestCase(findTestCase("OCS - DESKTOP/CALL- Age gate"), [:], STOP_ON_FAILURE): Call Test Case 'Test Cases/OCS - DESKTOP/CALL- Age gate' successfully

2019-06-25 18:04:13 - [TEST_CASE][PASSED] - Test Cases/OCS - DESKTOP/CALL- Age gate: Test Cases/OCS - DESKTOP/CALL- Age gate

2019-06-25 18:04:13 - [TEST_STEP][PASSED] - openBrowser(""): Browser is opened with url: ''

2019-06-25 18:04:13 - [MESSAGE][WARNING] - A browser is already opened. Closing browser and opening a new one

2019-06-25 18:04:13 - [MESSAGE][INFO] - Starting 'Chrome' driver

2019-06-25 18:04:14 - [MESSAGE][PASSED] - Browser is opened with url: ''

2019-06-25 18:04:14 - [TEST_STEP][PASSED] - navigateToUrl("https://ocs.ca/?fts=0&preview_theme_id=72920106828"): Navigate to 'https://ocs.ca/?fts=0&preview_theme_id=72920106828' successfully

2019-06-25 18:04:19 - [MESSAGE][PASSED] - Navigate to 'https://ocs.ca/?fts=0&preview_theme_id=72920106828' successfully

2019-06-25 18:04:19 - [TEST_STEP][PASSED] - maximizeWindow(): Current window maximized

2019-06-25 18:04:19 - [MESSAGE][PASSED] - Current window maximized

2019-06-25 18:04:19 - [TEST_STEP][PASSED] - delay(2): Delayed 2 second(s)

2019-06-25 18:04:21 - [MESSAGE][PASSED] - Delayed 2 second(s)

2019-06-25 18:04:21 - [TEST_STEP][PASSED] - executeJavaScript("var previewBar = document.getElementById("preview-bar-iframe"); previewBar.style.display = "none";", []): Execute JavaScript 'var previewBar = document.getElementById("preview-bar-iframe"); previewBar.style.display = "none";' successfully

2019-06-25 18:04:21 - [MESSAGE][PASSED] - Execute JavaScript 'var previewBar = document.getElementById("preview-bar-iframe"); previewBar.style.display = "none";' successfully

2019-06-25 18:04:21 - [TEST_STEP][PASSED] - selectOptionByValue(findTestObject("OCS-DESKTOP/Age gate and Mega menu/Date"), "12", true): All options with value '12' are selected in object 'Object Repository/OCS-DESKTOP/Age gate and Mega menu/Date'  using regular expression

2019-06-25 18:04:21 - [MESSAGE][PASSED] - All options with value '12' are selected in object 'Object Repository/OCS-DESKTOP/Age gate and Mega menu/Date'  using regular expression

2019-06-25 18:04:21 - [TEST_STEP][PASSED] - selectOptionByValue(findTestObject("OCS-DESKTOP/Age gate and Mega menu/month"), "6", true): All options with value '6' are selected in object 'Object Repository/OCS-DESKTOP/Age gate and Mega menu/month'  using regular expression

2019-06-25 18:04:22 - [MESSAGE][PASSED] - All options with value '6' are selected in object 'Object Repository/OCS-DESKTOP/Age gate and Mega menu/month'  using regular expression

2019-06-25 18:04:22 - [TEST_STEP][PASSED] - delay(2): Delayed 2 second(s)

2019-06-25 18:04:24 - [MESSAGE][PASSED] - Delayed 2 second(s)

2019-06-25 18:04:24 - [TEST_STEP][PASSED] - selectOptionByValue(findTestObject("OCS-DESKTOP/Age gate and Mega menu/Year Dropdown"), "1990", true): All options with value '1990' are selected in object 'Object Repository/OCS-DESKTOP/Age gate and Mega menu/Year Dropdown'  using regular expression

2019-06-25 18:04:25 - [MESSAGE][PASSED] - All options with value '1990' are selected in object 'Object Repository/OCS-DESKTOP/Age gate and Mega menu/Year Dropdown'  using regular expression

2019-06-25 18:04:25 - [TEST_STEP][PASSED] - click(findTestObject("OCS-DESKTOP/Age gate and Mega menu/button_Verify")): Object: 'Object Repository/OCS-DESKTOP/Age gate and Mega menu/button_Verify' is clicked on

2019-06-25 18:04:25 - [MESSAGE][PASSED] - Object: 'Object Repository/OCS-DESKTOP/Age gate and Mega menu/button_Verify' is clicked on

2019-06-25 18:04:25 - [TEST_STEP][PASSED] - click(findTestObject("OCS-DESKTOP/Age gate and Mega menu/Checkbox_CONFIRM AND ACKNOWLEDGE")): Object: 'Object Repository/OCS-DESKTOP/Age gate and Mega menu/Checkbox_CONFIRM AND ACKNOWLEDGE' is clicked on

2019-06-25 18:04:25 - [MESSAGE][PASSED] - Object: 'Object Repository/OCS-DESKTOP/Age gate and Mega menu/Checkbox_CONFIRM AND ACKNOWLEDGE' is clicked on

2019-06-25 18:04:25 - [TEST_STEP][PASSED] - click(findTestObject("OCS-DESKTOP/Age gate and Mega menu/button_CONFIRM")): Object: 'Object Repository/OCS-DESKTOP/Age gate and Mega menu/button_CONFIRM' is clicked on

2019-06-25 18:04:25 - [MESSAGE][PASSED] - Object: 'Object Repository/OCS-DESKTOP/Age gate and Mega menu/button_CONFIRM' is clicked on

2019-06-25 18:04:25 - [TEST_STEP][PASSED] - click(findTestObject("OCS-DESKTOP/Age gate and Mega menu/button_Start Browsing")): Object: 'Object Repository/OCS-DESKTOP/Age gate and Mega menu/button_Start Browsing' is clicked on

2019-06-25 18:04:25 - [MESSAGE][PASSED] - Object: 'Object Repository/OCS-DESKTOP/Age gate and Mega menu/button_Start Browsing' is clicked on

2019-06-25 18:04:25 - [TEST_STEP][PASSED] - delay(2): Delayed 2 second(s)

2019-06-25 18:04:27 - [MESSAGE][PASSED] - Delayed 2 second(s)

2019-06-25 18:04:27 - [TEST_STEP][PASSED] - refresh(): Refresh successfully

2019-06-25 18:04:27 - [MESSAGE][PASSED] - Refresh successfully

2019-06-25 18:04:27 - [MESSAGE][PASSED] - Call Test Case 'Test Cases/OCS - DESKTOP/CALL- Age gate' successfully

2019-06-25 18:04:27 - [TEST_STEP][PASSED] - delay(2, OPTIONAL): Delayed 2 second(s)

2019-06-25 18:04:29 - [MESSAGE][PASSED] - Delayed 2 second(s)

2019-06-25 18:04:29 - [TEST_STEP][PASSED] - executeJavaScript("var previewBar = document.getElementById("preview-bar-iframe"); previewBar.style.display = "none";", []): Execute JavaScript 'var previewBar = document.getElementById("preview-bar-iframe"); previewBar.style.display = "none";' successfully

2019-06-25 18:04:30 - [MESSAGE][PASSED] - Execute JavaScript 'var previewBar = document.getElementById("preview-bar-iframe"); previewBar.style.display = "none";' successfully

2019-06-25 18:04:30 - [TEST_STEP][PASSED] - click(findTestObject("OCS-DESKTOP/Home - page/a_Learn more- A brief history of cannabis")): Object: 'Object Repository/OCS-DESKTOP/Home - page/a_Learn more- A brief history of cannabis' is clicked on

2019-06-25 18:04:33 - [MESSAGE][PASSED] - Object: 'Object Repository/OCS-DESKTOP/Home - page/a_Learn more- A brief history of cannabis' is clicked on

2019-06-25 18:04:33 - [TEST_STEP][PASSED] - click(findTestObject("OCS-DESKTOP/Home - page/OCS icon"), STOP_ON_FAILURE): Object: 'Object Repository/OCS-DESKTOP/Home - page/OCS icon' is clicked on

2019-06-25 18:04:36 - [MESSAGE][PASSED] - Object: 'Object Repository/OCS-DESKTOP/Home - page/OCS icon' is clicked on

2019-06-25 18:04:36 - [TEST_STEP][NOT_RUN] - back(): NOT_RUN: back()

2019-06-25 18:04:36 - [MESSAGE][NOT_RUN] - NOT_RUN: back()

2019-06-25 18:04:36 - [TEST_STEP][PASSED] - delay(2): Delayed 2 second(s)

2019-06-25 18:04:38 - [MESSAGE][PASSED] - Delayed 2 second(s)

2019-06-25 18:04:38 - [TEST_STEP][PASSED] - executeJavaScript("var previewBar = document.getElementById("preview-bar-iframe"); previewBar.style.display = "none";", []): Execute JavaScript 'var previewBar = document.getElementById("preview-bar-iframe"); previewBar.style.display = "none";' successfully

2019-06-25 18:04:38 - [MESSAGE][PASSED] - Execute JavaScript 'var previewBar = document.getElementById("preview-bar-iframe"); previewBar.style.display = "none";' successfully

2019-06-25 18:04:38 - [TEST_STEP][PASSED] - click(findTestObject("OCS-DESKTOP/Home - page/a_Learn more- Tips for responsible use")): Object: 'Object Repository/OCS-DESKTOP/Home - page/a_Learn more- Tips for responsible use' is clicked on

2019-06-25 18:04:41 - [MESSAGE][PASSED] - Object: 'Object Repository/OCS-DESKTOP/Home - page/a_Learn more- Tips for responsible use' is clicked on]]></system-out>
         <system-err><![CDATA[]]></system-err>
      </testcase>
      <testcase name="Test Cases/OCS - DESKTOP/OCS- HOME PAGE/HP -Burger menu-FAQ" classname="Test Cases/OCS - DESKTOP/OCS- HOME PAGE/HP -Burger menu-FAQ" status="PASSED">
         <system-out><![CDATA[2019-06-25 18:04:41 - [TEST_CASE][PASSED] - Test Cases/OCS - DESKTOP/OCS- HOME PAGE/HP -Burger menu-FAQ: Test Cases/OCS - DESKTOP/OCS- HOME PAGE/HP -Burger menu-FAQ

2019-06-25 18:04:41 - [TEST_STEP][PASSED] - callTestCase(findTestCase("OCS - DESKTOP/CALL- Age gate"), [:], STOP_ON_FAILURE): Call Test Case 'Test Cases/OCS - DESKTOP/CALL- Age gate' successfully

2019-06-25 18:04:41 - [TEST_CASE][PASSED] - Test Cases/OCS - DESKTOP/CALL- Age gate: Test Cases/OCS - DESKTOP/CALL- Age gate

2019-06-25 18:04:41 - [TEST_STEP][PASSED] - openBrowser(""): Browser is opened with url: ''

2019-06-25 18:04:41 - [MESSAGE][WARNING] - A browser is already opened. Closing browser and opening a new one

2019-06-25 18:04:41 - [MESSAGE][INFO] - Starting 'Chrome' driver

2019-06-25 18:04:42 - [MESSAGE][PASSED] - Browser is opened with url: ''

2019-06-25 18:04:42 - [TEST_STEP][PASSED] - navigateToUrl("https://ocs.ca/?fts=0&preview_theme_id=72920106828"): Navigate to 'https://ocs.ca/?fts=0&preview_theme_id=72920106828' successfully

2019-06-25 18:04:47 - [MESSAGE][PASSED] - Navigate to 'https://ocs.ca/?fts=0&preview_theme_id=72920106828' successfully

2019-06-25 18:04:47 - [TEST_STEP][PASSED] - maximizeWindow(): Current window maximized

2019-06-25 18:04:47 - [MESSAGE][PASSED] - Current window maximized

2019-06-25 18:04:47 - [TEST_STEP][PASSED] - delay(2): Delayed 2 second(s)

2019-06-25 18:04:49 - [MESSAGE][PASSED] - Delayed 2 second(s)

2019-06-25 18:04:49 - [TEST_STEP][PASSED] - executeJavaScript("var previewBar = document.getElementById("preview-bar-iframe"); previewBar.style.display = "none";", []): Execute JavaScript 'var previewBar = document.getElementById("preview-bar-iframe"); previewBar.style.display = "none";' successfully

2019-06-25 18:04:49 - [MESSAGE][PASSED] - Execute JavaScript 'var previewBar = document.getElementById("preview-bar-iframe"); previewBar.style.display = "none";' successfully

2019-06-25 18:04:49 - [TEST_STEP][PASSED] - selectOptionByValue(findTestObject("OCS-DESKTOP/Age gate and Mega menu/Date"), "12", true): All options with value '12' are selected in object 'Object Repository/OCS-DESKTOP/Age gate and Mega menu/Date'  using regular expression

2019-06-25 18:04:49 - [MESSAGE][PASSED] - All options with value '12' are selected in object 'Object Repository/OCS-DESKTOP/Age gate and Mega menu/Date'  using regular expression

2019-06-25 18:04:49 - [TEST_STEP][PASSED] - selectOptionByValue(findTestObject("OCS-DESKTOP/Age gate and Mega menu/month"), "6", true): All options with value '6' are selected in object 'Object Repository/OCS-DESKTOP/Age gate and Mega menu/month'  using regular expression

2019-06-25 18:04:50 - [MESSAGE][PASSED] - All options with value '6' are selected in object 'Object Repository/OCS-DESKTOP/Age gate and Mega menu/month'  using regular expression

2019-06-25 18:04:50 - [TEST_STEP][PASSED] - delay(2): Delayed 2 second(s)

2019-06-25 18:04:52 - [MESSAGE][PASSED] - Delayed 2 second(s)

2019-06-25 18:04:52 - [TEST_STEP][PASSED] - selectOptionByValue(findTestObject("OCS-DESKTOP/Age gate and Mega menu/Year Dropdown"), "1990", true): All options with value '1990' are selected in object 'Object Repository/OCS-DESKTOP/Age gate and Mega menu/Year Dropdown'  using regular expression

2019-06-25 18:04:53 - [MESSAGE][PASSED] - All options with value '1990' are selected in object 'Object Repository/OCS-DESKTOP/Age gate and Mega menu/Year Dropdown'  using regular expression

2019-06-25 18:04:53 - [TEST_STEP][PASSED] - click(findTestObject("OCS-DESKTOP/Age gate and Mega menu/button_Verify")): Object: 'Object Repository/OCS-DESKTOP/Age gate and Mega menu/button_Verify' is clicked on

2019-06-25 18:04:53 - [MESSAGE][PASSED] - Object: 'Object Repository/OCS-DESKTOP/Age gate and Mega menu/button_Verify' is clicked on

2019-06-25 18:04:53 - [TEST_STEP][PASSED] - click(findTestObject("OCS-DESKTOP/Age gate and Mega menu/Checkbox_CONFIRM AND ACKNOWLEDGE")): Object: 'Object Repository/OCS-DESKTOP/Age gate and Mega menu/Checkbox_CONFIRM AND ACKNOWLEDGE' is clicked on

2019-06-25 18:04:53 - [MESSAGE][PASSED] - Object: 'Object Repository/OCS-DESKTOP/Age gate and Mega menu/Checkbox_CONFIRM AND ACKNOWLEDGE' is clicked on

2019-06-25 18:04:53 - [TEST_STEP][PASSED] - click(findTestObject("OCS-DESKTOP/Age gate and Mega menu/button_CONFIRM")): Object: 'Object Repository/OCS-DESKTOP/Age gate and Mega menu/button_CONFIRM' is clicked on

2019-06-25 18:04:53 - [MESSAGE][PASSED] - Object: 'Object Repository/OCS-DESKTOP/Age gate and Mega menu/button_CONFIRM' is clicked on

2019-06-25 18:04:53 - [TEST_STEP][PASSED] - click(findTestObject("OCS-DESKTOP/Age gate and Mega menu/button_Start Browsing")): Object: 'Object Repository/OCS-DESKTOP/Age gate and Mega menu/button_Start Browsing' is clicked on

2019-06-25 18:04:53 - [MESSAGE][PASSED] - Object: 'Object Repository/OCS-DESKTOP/Age gate and Mega menu/button_Start Browsing' is clicked on

2019-06-25 18:04:53 - [TEST_STEP][PASSED] - delay(2): Delayed 2 second(s)

2019-06-25 18:04:55 - [MESSAGE][PASSED] - Delayed 2 second(s)

2019-06-25 18:04:55 - [TEST_STEP][PASSED] - refresh(): Refresh successfully

2019-06-25 18:04:55 - [MESSAGE][PASSED] - Refresh successfully

2019-06-25 18:04:55 - [MESSAGE][PASSED] - Call Test Case 'Test Cases/OCS - DESKTOP/CALL- Age gate' successfully

2019-06-25 18:04:55 - [TEST_STEP][PASSED] - delay(2): Delayed 2 second(s)

2019-06-25 18:04:57 - [MESSAGE][PASSED] - Delayed 2 second(s)

2019-06-25 18:04:57 - [TEST_STEP][PASSED] - executeJavaScript("var previewBar = document.getElementById("preview-bar-iframe"); previewBar.style.display = "none";", []): Execute JavaScript 'var previewBar = document.getElementById("preview-bar-iframe"); previewBar.style.display = "none";' successfully

2019-06-25 18:04:59 - [MESSAGE][PASSED] - Execute JavaScript 'var previewBar = document.getElementById("preview-bar-iframe"); previewBar.style.display = "none";' successfully

2019-06-25 18:04:59 - [TEST_STEP][PASSED] - delay(2): Delayed 2 second(s)

2019-06-25 18:05:01 - [MESSAGE][PASSED] - Delayed 2 second(s)

2019-06-25 18:05:01 - [TEST_STEP][PASSED] - click(findTestObject("OCS-DESKTOP/Age gate and Mega menu/Header/FAQ menu - En")): Object: 'Object Repository/OCS-DESKTOP/Age gate and Mega menu/Header/FAQ menu - En' is clicked on

2019-06-25 18:05:04 - [MESSAGE][PASSED] - Object: 'Object Repository/OCS-DESKTOP/Age gate and Mega menu/Header/FAQ menu - En' is clicked on

2019-06-25 18:05:04 - [TEST_STEP][PASSED] - delay(2): Delayed 2 second(s)

2019-06-25 18:05:06 - [MESSAGE][PASSED] - Delayed 2 second(s)

2019-06-25 18:05:06 - [TEST_STEP][PASSED] - executeJavaScript("var previewBar = document.getElementById("preview-bar-iframe"); previewBar.style.display = "none";", []): Execute JavaScript 'var previewBar = document.getElementById("preview-bar-iframe"); previewBar.style.display = "none";' successfully

2019-06-25 18:05:06 - [MESSAGE][PASSED] - Execute JavaScript 'var previewBar = document.getElementById("preview-bar-iframe"); previewBar.style.display = "none";' successfully

2019-06-25 18:05:06 - [TEST_STEP][NOT_RUN] - scrollToElement(findTestObject("OCS-MOBILE /FAQ page/scroll view element"), 0): NOT_RUN: scrollToElement(findTestObject("OCS-MOBILE /FAQ page/scroll view element"), 0)

2019-06-25 18:05:06 - [MESSAGE][NOT_RUN] - NOT_RUN: scrollToElement(findTestObject("OCS-MOBILE /FAQ page/scroll view element"), 0)

2019-06-25 18:05:06 - [TEST_STEP][PASSED] - delay(1): Delayed 1 second(s)

2019-06-25 18:05:07 - [MESSAGE][PASSED] - Delayed 1 second(s)

2019-06-25 18:05:07 - [TEST_STEP][PASSED] - click(findTestObject("OCS-DESKTOP/FAQ page/Dropdown button -First chevron -open- FAQ")): Object: 'Object Repository/OCS-DESKTOP/FAQ page/Dropdown button -First chevron -open- FAQ' is clicked on

2019-06-25 18:05:07 - [MESSAGE][PASSED] - Object: 'Object Repository/OCS-DESKTOP/FAQ page/Dropdown button -First chevron -open- FAQ' is clicked on

2019-06-25 18:05:07 - [TEST_STEP][PASSED] - delay(1): Delayed 1 second(s)

2019-06-25 18:05:08 - [MESSAGE][PASSED] - Delayed 1 second(s)

2019-06-25 18:05:08 - [TEST_STEP][PASSED] - click(findTestObject("OCS-DESKTOP/FAQ page/Dropdown button -First chevron - close -FAQ")): Object: 'Object Repository/OCS-DESKTOP/FAQ page/Dropdown button -First chevron - close -FAQ' is clicked on

2019-06-25 18:05:08 - [MESSAGE][PASSED] - Object: 'Object Repository/OCS-DESKTOP/FAQ page/Dropdown button -First chevron - close -FAQ' is clicked on

2019-06-25 18:05:08 - [TEST_STEP][PASSED] - delay(1, OPTIONAL): Delayed 1 second(s)

2019-06-25 18:05:09 - [MESSAGE][PASSED] - Delayed 1 second(s)

2019-06-25 18:05:09 - [TEST_STEP][PASSED] - click(findTestObject("OCS-DESKTOP/FAQ page/First accordian - add")): Object: 'Object Repository/OCS-DESKTOP/FAQ page/First accordian - add' is clicked on

2019-06-25 18:05:09 - [MESSAGE][PASSED] - Object: 'Object Repository/OCS-DESKTOP/FAQ page/First accordian - add' is clicked on

2019-06-25 18:05:09 - [TEST_STEP][PASSED] - delay(1): Delayed 1 second(s)

2019-06-25 18:05:10 - [MESSAGE][PASSED] - Delayed 1 second(s)

2019-06-25 18:05:10 - [TEST_STEP][PASSED] - click(findTestObject("OCS-DESKTOP/FAQ page/First accordian - Subtract")): Object: 'Object Repository/OCS-DESKTOP/FAQ page/First accordian - Subtract' is clicked on

2019-06-25 18:05:10 - [MESSAGE][PASSED] - Object: 'Object Repository/OCS-DESKTOP/FAQ page/First accordian - Subtract' is clicked on

2019-06-25 18:05:10 - [TEST_STEP][PASSED] - delay(1): Delayed 1 second(s)

2019-06-25 18:05:11 - [MESSAGE][PASSED] - Delayed 1 second(s)

2019-06-25 18:05:11 - [TEST_STEP][PASSED] - click(findTestObject("OCS-DESKTOP/FAQ page/Second accordian- add")): Object: 'Object Repository/OCS-DESKTOP/FAQ page/Second accordian- add' is clicked on

2019-06-25 18:05:11 - [MESSAGE][PASSED] - Object: 'Object Repository/OCS-DESKTOP/FAQ page/Second accordian- add' is clicked on

2019-06-25 18:05:11 - [TEST_STEP][PASSED] - delay(1): Delayed 1 second(s)

2019-06-25 18:05:12 - [MESSAGE][PASSED] - Delayed 1 second(s)

2019-06-25 18:05:12 - [TEST_STEP][PASSED] - click(findTestObject("OCS-DESKTOP/FAQ page/Second accordian - subtract")): Object: 'Object Repository/OCS-DESKTOP/FAQ page/Second accordian - subtract' is clicked on

2019-06-25 18:05:12 - [MESSAGE][PASSED] - Object: 'Object Repository/OCS-DESKTOP/FAQ page/Second accordian - subtract' is clicked on

2019-06-25 18:05:12 - [TEST_STEP][PASSED] - delay(1): Delayed 1 second(s)

2019-06-25 18:05:13 - [MESSAGE][PASSED] - Delayed 1 second(s)

2019-06-25 18:05:13 - [TEST_STEP][PASSED] - click(findTestObject("OCS-DESKTOP/FAQ page/Load more1")): Object: 'Object Repository/OCS-DESKTOP/FAQ page/Load more1' is clicked on

2019-06-25 18:05:13 - [MESSAGE][PASSED] - Object: 'Object Repository/OCS-DESKTOP/FAQ page/Load more1' is clicked on

2019-06-25 18:05:13 - [TEST_STEP][PASSED] - delay(1): Delayed 1 second(s)

2019-06-25 18:05:14 - [MESSAGE][PASSED] - Delayed 1 second(s)

2019-06-25 18:05:14 - [TEST_STEP][PASSED] - click(findTestObject("OCS-DESKTOP/FAQ page/Loadmore2")): Object: 'Object Repository/OCS-DESKTOP/FAQ page/Loadmore2' is clicked on

2019-06-25 18:05:14 - [MESSAGE][PASSED] - Object: 'Object Repository/OCS-DESKTOP/FAQ page/Loadmore2' is clicked on

2019-06-25 18:05:14 - [TEST_STEP][PASSED] - delay(1): Delayed 1 second(s)

2019-06-25 18:05:15 - [MESSAGE][PASSED] - Delayed 1 second(s)

2019-06-25 18:05:15 - [TEST_STEP][PASSED] - click(findTestObject("OCS-DESKTOP/FAQ page/Loadmore3")): Object: 'Object Repository/OCS-DESKTOP/FAQ page/Loadmore3' is clicked on

2019-06-25 18:05:15 - [MESSAGE][PASSED] - Object: 'Object Repository/OCS-DESKTOP/FAQ page/Loadmore3' is clicked on

2019-06-25 18:05:15 - [TEST_STEP][PASSED] - delay(1): Delayed 1 second(s)

2019-06-25 18:05:16 - [MESSAGE][PASSED] - Delayed 1 second(s)

2019-06-25 18:05:16 - [TEST_STEP][PASSED] - click(findTestObject("OCS-DESKTOP/FAQ page/Learn about cannabis")): Object: 'Object Repository/OCS-DESKTOP/FAQ page/Learn about cannabis' is clicked on

2019-06-25 18:05:19 - [MESSAGE][PASSED] - Object: 'Object Repository/OCS-DESKTOP/FAQ page/Learn about cannabis' is clicked on

2019-06-25 18:05:19 - [TEST_STEP][PASSED] - delay(1, OPTIONAL): Delayed 1 second(s)

2019-06-25 18:05:20 - [MESSAGE][PASSED] - Delayed 1 second(s)

2019-06-25 18:05:20 - [TEST_STEP][PASSED] - executeJavaScript("var previewBar = document.getElementById("preview-bar-iframe"); previewBar.style.display = "none";", []): Execute JavaScript 'var previewBar = document.getElementById("preview-bar-iframe"); previewBar.style.display = "none";' successfully

2019-06-25 18:05:20 - [MESSAGE][PASSED] - Execute JavaScript 'var previewBar = document.getElementById("preview-bar-iframe"); previewBar.style.display = "none";' successfully

2019-06-25 18:05:20 - [TEST_STEP][PASSED] - click(findTestObject("OCS-DESKTOP/Age gate and Mega menu/Header/FAQ menu - En")): Object: 'Object Repository/OCS-DESKTOP/Age gate and Mega menu/Header/FAQ menu - En' is clicked on

2019-06-25 18:05:24 - [MESSAGE][PASSED] - Object: 'Object Repository/OCS-DESKTOP/Age gate and Mega menu/Header/FAQ menu - En' is clicked on

2019-06-25 18:05:24 - [TEST_STEP][PASSED] - executeJavaScript("var previewBar = document.getElementById("preview-bar-iframe"); previewBar.style.display = "none";", []): Execute JavaScript 'var previewBar = document.getElementById("preview-bar-iframe"); previewBar.style.display = "none";' successfully

2019-06-25 18:05:24 - [MESSAGE][PASSED] - Execute JavaScript 'var previewBar = document.getElementById("preview-bar-iframe"); previewBar.style.display = "none";' successfully

2019-06-25 18:05:24 - [TEST_STEP][PASSED] - click(findTestObject("OCS-DESKTOP/FAQ page/Loadmore4")): Object: 'Object Repository/OCS-DESKTOP/FAQ page/Loadmore4' is clicked on

2019-06-25 18:05:24 - [MESSAGE][PASSED] - Object: 'Object Repository/OCS-DESKTOP/FAQ page/Loadmore4' is clicked on

2019-06-25 18:05:24 - [TEST_STEP][PASSED] - delay(1, OPTIONAL): Delayed 1 second(s)

2019-06-25 18:05:25 - [MESSAGE][PASSED] - Delayed 1 second(s)

2019-06-25 18:05:25 - [TEST_STEP][PASSED] - click(findTestObject("OCS-DESKTOP/FAQ page/Learn about OCS")): Object: 'Object Repository/OCS-DESKTOP/FAQ page/Learn about OCS' is clicked on

2019-06-25 18:05:28 - [MESSAGE][PASSED] - Object: 'Object Repository/OCS-DESKTOP/FAQ page/Learn about OCS' is clicked on

2019-06-25 18:05:28 - [TEST_STEP][PASSED] - back(): Navigate back successfully

2019-06-25 18:05:29 - [MESSAGE][PASSED] - Navigate back successfully

2019-06-25 18:05:29 - [TEST_STEP][PASSED] - delay(1, OPTIONAL): Delayed 1 second(s)

2019-06-25 18:05:30 - [MESSAGE][PASSED] - Delayed 1 second(s)

2019-06-25 18:05:30 - [TEST_STEP][PASSED] - executeJavaScript("var previewBar = document.getElementById("preview-bar-iframe"); previewBar.style.display = "none";", []): Execute JavaScript 'var previewBar = document.getElementById("preview-bar-iframe"); previewBar.style.display = "none";' successfully

2019-06-25 18:05:30 - [MESSAGE][PASSED] - Execute JavaScript 'var previewBar = document.getElementById("preview-bar-iframe"); previewBar.style.display = "none";' successfully

2019-06-25 18:05:30 - [TEST_STEP][PASSED] - click(findTestObject("OCS-DESKTOP/FAQ page/Choose cannabis products")): Object: 'Object Repository/OCS-DESKTOP/FAQ page/Choose cannabis products' is clicked on

2019-06-25 18:05:33 - [MESSAGE][PASSED] - Object: 'Object Repository/OCS-DESKTOP/FAQ page/Choose cannabis products' is clicked on

2019-06-25 18:05:33 - [TEST_STEP][PASSED] - back(): Navigate back successfully

2019-06-25 18:05:34 - [MESSAGE][PASSED] - Navigate back successfully

2019-06-25 18:05:34 - [TEST_STEP][PASSED] - executeJavaScript("var previewBar = document.getElementById("preview-bar-iframe"); previewBar.style.display = "none";", []): Execute JavaScript 'var previewBar = document.getElementById("preview-bar-iframe"); previewBar.style.display = "none";' successfully

2019-06-25 18:05:34 - [MESSAGE][PASSED] - Execute JavaScript 'var previewBar = document.getElementById("preview-bar-iframe"); previewBar.style.display = "none";' successfully

2019-06-25 18:05:34 - [TEST_STEP][NOT_RUN] - delay(1, OPTIONAL): NOT_RUN: delay(1, OPTIONAL)

2019-06-25 18:05:34 - [MESSAGE][NOT_RUN] - NOT_RUN: delay(1, OPTIONAL)

2019-06-25 18:05:34 - [TEST_STEP][NOT_RUN] - click(findTestObject("OCS-DESKTOP/Age gate and Mega menu/Header/FAQ menu - En")): NOT_RUN: click(findTestObject("OCS-DESKTOP/Age gate and Mega menu/Header/FAQ menu - En"))

2019-06-25 18:05:34 - [MESSAGE][NOT_RUN] - NOT_RUN: click(findTestObject("OCS-DESKTOP/Age gate and Mega menu/Header/FAQ menu - En"))

2019-06-25 18:05:34 - [TEST_STEP][NOT_RUN] - delay(1, OPTIONAL): NOT_RUN: delay(1, OPTIONAL)

2019-06-25 18:05:34 - [MESSAGE][NOT_RUN] - NOT_RUN: delay(1, OPTIONAL)

2019-06-25 18:05:34 - [TEST_STEP][NOT_RUN] - delay(1, OPTIONAL): NOT_RUN: delay(1, OPTIONAL)

2019-06-25 18:05:34 - [MESSAGE][NOT_RUN] - NOT_RUN: delay(1, OPTIONAL)

2019-06-25 18:05:34 - [TEST_STEP][NOT_RUN] - click(findTestObject("OCS-MOBILE /FAQ page/Second chveron link")): NOT_RUN: click(findTestObject("OCS-MOBILE /FAQ page/Second chveron link"))

2019-06-25 18:05:34 - [MESSAGE][NOT_RUN] - NOT_RUN: click(findTestObject("OCS-MOBILE /FAQ page/Second chveron link"))

2019-06-25 18:05:34 - [TEST_STEP][NOT_RUN] - executeJavaScript("var previewBar = document.getElementById("preview-bar-iframe"); previewBar.style.display = "none";", []): NOT_RUN: executeJavaScript("var previewBar = document.getElementById("preview-bar-iframe"); previewBar.style.display = "none";", [])

2019-06-25 18:05:34 - [MESSAGE][NOT_RUN] - NOT_RUN: executeJavaScript("var previewBar = document.getElementById("preview-bar-iframe"); previewBar.style.display = "none";", [])

2019-06-25 18:05:34 - [TEST_STEP][NOT_RUN] - delay(1, OPTIONAL): NOT_RUN: delay(1, OPTIONAL)

2019-06-25 18:05:34 - [MESSAGE][NOT_RUN] - NOT_RUN: delay(1, OPTIONAL)

2019-06-25 18:05:34 - [TEST_STEP][NOT_RUN] - scrollToElement(findTestObject("OCS-MOBILE /FAQ page/scroll view element"), 0): NOT_RUN: scrollToElement(findTestObject("OCS-MOBILE /FAQ page/scroll view element"), 0)

2019-06-25 18:05:34 - [MESSAGE][NOT_RUN] - NOT_RUN: scrollToElement(findTestObject("OCS-MOBILE /FAQ page/scroll view element"), 0)

2019-06-25 18:05:34 - [TEST_STEP][NOT_RUN] - delay(1, OPTIONAL): NOT_RUN: delay(1, OPTIONAL)

2019-06-25 18:05:34 - [MESSAGE][NOT_RUN] - NOT_RUN: delay(1, OPTIONAL)

2019-06-25 18:05:34 - [TEST_STEP][NOT_RUN] - click(findTestObject("OCS-MOBILE /FAQ page/Dropdown button -second chevron -open- FAQ")): NOT_RUN: click(findTestObject("OCS-MOBILE /FAQ page/Dropdown button -second chevron -open- FAQ"))

2019-06-25 18:05:34 - [MESSAGE][NOT_RUN] - NOT_RUN: click(findTestObject("OCS-MOBILE /FAQ page/Dropdown button -second chevron -open- FAQ"))

2019-06-25 18:05:34 - [TEST_STEP][NOT_RUN] - delay(1, OPTIONAL): NOT_RUN: delay(1, OPTIONAL)

2019-06-25 18:05:34 - [MESSAGE][NOT_RUN] - NOT_RUN: delay(1, OPTIONAL)

2019-06-25 18:05:34 - [TEST_STEP][NOT_RUN] - click(findTestObject("OCS-MOBILE /FAQ page/Dropdown button -second chevron -close - FAQ")): NOT_RUN: click(findTestObject("OCS-MOBILE /FAQ page/Dropdown button -second chevron -close - FAQ"))

2019-06-25 18:05:34 - [MESSAGE][NOT_RUN] - NOT_RUN: click(findTestObject("OCS-MOBILE /FAQ page/Dropdown button -second chevron -close - FAQ"))

2019-06-25 18:05:34 - [TEST_STEP][NOT_RUN] - delay(2, OPTIONAL): NOT_RUN: delay(2, OPTIONAL)

2019-06-25 18:05:34 - [MESSAGE][NOT_RUN] - NOT_RUN: delay(2, OPTIONAL)

2019-06-25 18:05:34 - [TEST_STEP][NOT_RUN] - setViewPortSize(1000, 800, OPTIONAL): NOT_RUN: setViewPortSize(1000, 800, OPTIONAL)

2019-06-25 18:05:34 - [MESSAGE][NOT_RUN] - NOT_RUN: setViewPortSize(1000, 800, OPTIONAL)

2019-06-25 18:05:34 - [TEST_STEP][NOT_RUN] - delay(2, OPTIONAL): NOT_RUN: delay(2, OPTIONAL)

2019-06-25 18:05:34 - [MESSAGE][NOT_RUN] - NOT_RUN: delay(2, OPTIONAL)

2019-06-25 18:05:34 - [TEST_STEP][NOT_RUN] - click(findTestObject("Theme_oR/Page_Ontario Cannabis Store  Ontari/button_Hide bar"), OPTIONAL): NOT_RUN: click(findTestObject("Theme_oR/Page_Ontario Cannabis Store  Ontari/button_Hide bar"), OPTIONAL)

2019-06-25 18:05:34 - [MESSAGE][NOT_RUN] - NOT_RUN: click(findTestObject("Theme_oR/Page_Ontario Cannabis Store  Ontari/button_Hide bar"), OPTIONAL)

2019-06-25 18:05:34 - [TEST_STEP][NOT_RUN] - delay(2, OPTIONAL): NOT_RUN: delay(2, OPTIONAL)

2019-06-25 18:05:34 - [MESSAGE][NOT_RUN] - NOT_RUN: delay(2, OPTIONAL)

2019-06-25 18:05:34 - [TEST_STEP][NOT_RUN] - setViewPortSize(360, 800, OPTIONAL): NOT_RUN: setViewPortSize(360, 800, OPTIONAL)

2019-06-25 18:05:34 - [MESSAGE][NOT_RUN] - NOT_RUN: setViewPortSize(360, 800, OPTIONAL)

2019-06-25 18:05:34 - [TEST_STEP][NOT_RUN] - delay(1, OPTIONAL): NOT_RUN: delay(1, OPTIONAL)

2019-06-25 18:05:34 - [MESSAGE][NOT_RUN] - NOT_RUN: delay(1, OPTIONAL)

2019-06-25 18:05:34 - [TEST_STEP][NOT_RUN] - click(findTestObject("OCS-MOBILE /FAQ page/First accordian - add")): NOT_RUN: click(findTestObject("OCS-MOBILE /FAQ page/First accordian - add"))

2019-06-25 18:05:34 - [MESSAGE][NOT_RUN] - NOT_RUN: click(findTestObject("OCS-MOBILE /FAQ page/First accordian - add"))

2019-06-25 18:05:34 - [TEST_STEP][NOT_RUN] - delay(1): NOT_RUN: delay(1)

2019-06-25 18:05:34 - [MESSAGE][NOT_RUN] - NOT_RUN: delay(1)

2019-06-25 18:05:34 - [TEST_STEP][NOT_RUN] - click(findTestObject("OCS-MOBILE /FAQ page/First accordian - Subtract")): NOT_RUN: click(findTestObject("OCS-MOBILE /FAQ page/First accordian - Subtract"))

2019-06-25 18:05:34 - [MESSAGE][NOT_RUN] - NOT_RUN: click(findTestObject("OCS-MOBILE /FAQ page/First accordian - Subtract"))

2019-06-25 18:05:34 - [TEST_STEP][NOT_RUN] - delay(1): NOT_RUN: delay(1)

2019-06-25 18:05:34 - [MESSAGE][NOT_RUN] - NOT_RUN: delay(1)

2019-06-25 18:05:34 - [TEST_STEP][NOT_RUN] - click(findTestObject("OCS-MOBILE /FAQ page/Second accordian- add")): NOT_RUN: click(findTestObject("OCS-MOBILE /FAQ page/Second accordian- add"))

2019-06-25 18:05:34 - [MESSAGE][NOT_RUN] - NOT_RUN: click(findTestObject("OCS-MOBILE /FAQ page/Second accordian- add"))

2019-06-25 18:05:34 - [TEST_STEP][NOT_RUN] - delay(1): NOT_RUN: delay(1)

2019-06-25 18:05:34 - [MESSAGE][NOT_RUN] - NOT_RUN: delay(1)

2019-06-25 18:05:34 - [TEST_STEP][NOT_RUN] - click(findTestObject("OCS-MOBILE /FAQ page/Second accordian - subtract")): NOT_RUN: click(findTestObject("OCS-MOBILE /FAQ page/Second accordian - subtract"))

2019-06-25 18:05:34 - [MESSAGE][NOT_RUN] - NOT_RUN: click(findTestObject("OCS-MOBILE /FAQ page/Second accordian - subtract"))

2019-06-25 18:05:34 - [TEST_STEP][NOT_RUN] - delay(1): NOT_RUN: delay(1)

2019-06-25 18:05:34 - [MESSAGE][NOT_RUN] - NOT_RUN: delay(1)

2019-06-25 18:05:34 - [TEST_STEP][NOT_RUN] - click(findTestObject("OCS-MOBILE /FAQ page/Load more1")): NOT_RUN: click(findTestObject("OCS-MOBILE /FAQ page/Load more1"))

2019-06-25 18:05:34 - [MESSAGE][NOT_RUN] - NOT_RUN: click(findTestObject("OCS-MOBILE /FAQ page/Load more1"))

2019-06-25 18:05:34 - [TEST_STEP][NOT_RUN] - delay(1): NOT_RUN: delay(1)

2019-06-25 18:05:34 - [MESSAGE][NOT_RUN] - NOT_RUN: delay(1)

2019-06-25 18:05:34 - [TEST_STEP][NOT_RUN] - click(findTestObject("OCS-MOBILE /FAQ page/Loadmore2")): NOT_RUN: click(findTestObject("OCS-MOBILE /FAQ page/Loadmore2"))

2019-06-25 18:05:34 - [MESSAGE][NOT_RUN] - NOT_RUN: click(findTestObject("OCS-MOBILE /FAQ page/Loadmore2"))

2019-06-25 18:05:34 - [TEST_STEP][NOT_RUN] - delay(1): NOT_RUN: delay(1)

2019-06-25 18:05:34 - [MESSAGE][NOT_RUN] - NOT_RUN: delay(1)

2019-06-25 18:05:34 - [TEST_STEP][NOT_RUN] - click(findTestObject("OCS-MOBILE /FAQ page/Loadmore3")): NOT_RUN: click(findTestObject("OCS-MOBILE /FAQ page/Loadmore3"))

2019-06-25 18:05:34 - [MESSAGE][NOT_RUN] - NOT_RUN: click(findTestObject("OCS-MOBILE /FAQ page/Loadmore3"))

2019-06-25 18:05:34 - [TEST_STEP][NOT_RUN] - delay(1): NOT_RUN: delay(1)

2019-06-25 18:05:34 - [MESSAGE][NOT_RUN] - NOT_RUN: delay(1)

2019-06-25 18:05:34 - [TEST_STEP][NOT_RUN] - click(findTestObject("OCS-MOBILE /FAQ page/Learn about cannabis")): NOT_RUN: click(findTestObject("OCS-MOBILE /FAQ page/Learn about cannabis"))

2019-06-25 18:05:34 - [MESSAGE][NOT_RUN] - NOT_RUN: click(findTestObject("OCS-MOBILE /FAQ page/Learn about cannabis"))

2019-06-25 18:05:34 - [TEST_STEP][NOT_RUN] - delay(1): NOT_RUN: delay(1)

2019-06-25 18:05:34 - [MESSAGE][NOT_RUN] - NOT_RUN: delay(1)

2019-06-25 18:05:34 - [TEST_STEP][NOT_RUN] - back(): NOT_RUN: back()

2019-06-25 18:05:34 - [MESSAGE][NOT_RUN] - NOT_RUN: back()

2019-06-25 18:05:34 - [TEST_STEP][NOT_RUN] - delay(1): NOT_RUN: delay(1)

2019-06-25 18:05:34 - [MESSAGE][NOT_RUN] - NOT_RUN: delay(1)

2019-06-25 18:05:34 - [TEST_STEP][NOT_RUN] - setViewPortSize(1000, 800, OPTIONAL): NOT_RUN: setViewPortSize(1000, 800, OPTIONAL)

2019-06-25 18:05:34 - [MESSAGE][NOT_RUN] - NOT_RUN: setViewPortSize(1000, 800, OPTIONAL)

2019-06-25 18:05:34 - [TEST_STEP][NOT_RUN] - delay(2, OPTIONAL): NOT_RUN: delay(2, OPTIONAL)

2019-06-25 18:05:34 - [MESSAGE][NOT_RUN] - NOT_RUN: delay(2, OPTIONAL)

2019-06-25 18:05:34 - [TEST_STEP][NOT_RUN] - click(findTestObject("Theme_oR/Page_Ontario Cannabis Store  Ontari/button_Hide bar"), OPTIONAL): NOT_RUN: click(findTestObject("Theme_oR/Page_Ontario Cannabis Store  Ontari/button_Hide bar"), OPTIONAL)

2019-06-25 18:05:34 - [MESSAGE][NOT_RUN] - NOT_RUN: click(findTestObject("Theme_oR/Page_Ontario Cannabis Store  Ontari/button_Hide bar"), OPTIONAL)

2019-06-25 18:05:34 - [TEST_STEP][NOT_RUN] - delay(2, OPTIONAL): NOT_RUN: delay(2, OPTIONAL)

2019-06-25 18:05:34 - [MESSAGE][NOT_RUN] - NOT_RUN: delay(2, OPTIONAL)

2019-06-25 18:05:34 - [TEST_STEP][NOT_RUN] - setViewPortSize(360, 800, OPTIONAL): NOT_RUN: setViewPortSize(360, 800, OPTIONAL)

2019-06-25 18:05:34 - [MESSAGE][NOT_RUN] - NOT_RUN: setViewPortSize(360, 800, OPTIONAL)

2019-06-25 18:05:34 - [TEST_STEP][NOT_RUN] - delay(1, OPTIONAL): NOT_RUN: delay(1, OPTIONAL)

2019-06-25 18:05:34 - [MESSAGE][NOT_RUN] - NOT_RUN: delay(1, OPTIONAL)

2019-06-25 18:05:34 - [TEST_STEP][NOT_RUN] - executeJavaScript("var previewBar = document.getElementById("preview-bar-iframe"); previewBar.style.display = "none";", []): NOT_RUN: executeJavaScript("var previewBar = document.getElementById("preview-bar-iframe"); previewBar.style.display = "none";", [])

2019-06-25 18:05:34 - [MESSAGE][NOT_RUN] - NOT_RUN: executeJavaScript("var previewBar = document.getElementById("preview-bar-iframe"); previewBar.style.display = "none";", [])

2019-06-25 18:05:34 - [TEST_STEP][NOT_RUN] - click(findTestObject("OCS-MOBILE /FAQ page/Loadmore4")): NOT_RUN: click(findTestObject("OCS-MOBILE /FAQ page/Loadmore4"))

2019-06-25 18:05:34 - [MESSAGE][NOT_RUN] - NOT_RUN: click(findTestObject("OCS-MOBILE /FAQ page/Loadmore4"))

2019-06-25 18:05:34 - [TEST_STEP][NOT_RUN] - delay(2, OPTIONAL): NOT_RUN: delay(2, OPTIONAL)

2019-06-25 18:05:34 - [MESSAGE][NOT_RUN] - NOT_RUN: delay(2, OPTIONAL)

2019-06-25 18:05:34 - [TEST_STEP][NOT_RUN] - setViewPortSize(1000, 800, OPTIONAL): NOT_RUN: setViewPortSize(1000, 800, OPTIONAL)

2019-06-25 18:05:34 - [MESSAGE][NOT_RUN] - NOT_RUN: setViewPortSize(1000, 800, OPTIONAL)

2019-06-25 18:05:34 - [TEST_STEP][NOT_RUN] - delay(2, OPTIONAL): NOT_RUN: delay(2, OPTIONAL)

2019-06-25 18:05:34 - [MESSAGE][NOT_RUN] - NOT_RUN: delay(2, OPTIONAL)

2019-06-25 18:05:34 - [TEST_STEP][NOT_RUN] - click(findTestObject("Theme_oR/Page_Ontario Cannabis Store  Ontari/button_Hide bar"), OPTIONAL): NOT_RUN: click(findTestObject("Theme_oR/Page_Ontario Cannabis Store  Ontari/button_Hide bar"), OPTIONAL)

2019-06-25 18:05:34 - [MESSAGE][NOT_RUN] - NOT_RUN: click(findTestObject("Theme_oR/Page_Ontario Cannabis Store  Ontari/button_Hide bar"), OPTIONAL)

2019-06-25 18:05:34 - [TEST_STEP][NOT_RUN] - delay(2, OPTIONAL): NOT_RUN: delay(2, OPTIONAL)

2019-06-25 18:05:34 - [MESSAGE][NOT_RUN] - NOT_RUN: delay(2, OPTIONAL)

2019-06-25 18:05:34 - [TEST_STEP][NOT_RUN] - setViewPortSize(360, 800, OPTIONAL): NOT_RUN: setViewPortSize(360, 800, OPTIONAL)

2019-06-25 18:05:34 - [MESSAGE][NOT_RUN] - NOT_RUN: setViewPortSize(360, 800, OPTIONAL)

2019-06-25 18:05:34 - [TEST_STEP][NOT_RUN] - delay(1, OPTIONAL): NOT_RUN: delay(1, OPTIONAL)

2019-06-25 18:05:34 - [MESSAGE][NOT_RUN] - NOT_RUN: delay(1, OPTIONAL)

2019-06-25 18:05:34 - [TEST_STEP][NOT_RUN] - executeJavaScript("var previewBar = document.getElementById("preview-bar-iframe"); previewBar.style.display = "none";", []): NOT_RUN: executeJavaScript("var previewBar = document.getElementById("preview-bar-iframe"); previewBar.style.display = "none";", [])

2019-06-25 18:05:34 - [MESSAGE][NOT_RUN] - NOT_RUN: executeJavaScript("var previewBar = document.getElementById("preview-bar-iframe"); previewBar.style.display = "none";", [])

2019-06-25 18:05:34 - [TEST_STEP][NOT_RUN] - click(findTestObject("OCS-MOBILE /FAQ page/Learn about OCS")): NOT_RUN: click(findTestObject("OCS-MOBILE /FAQ page/Learn about OCS"))

2019-06-25 18:05:34 - [MESSAGE][NOT_RUN] - NOT_RUN: click(findTestObject("OCS-MOBILE /FAQ page/Learn about OCS"))

2019-06-25 18:05:34 - [TEST_STEP][NOT_RUN] - back(): NOT_RUN: back()

2019-06-25 18:05:34 - [MESSAGE][NOT_RUN] - NOT_RUN: back()

2019-06-25 18:05:34 - [TEST_STEP][NOT_RUN] - delay(2, OPTIONAL): NOT_RUN: delay(2, OPTIONAL)

2019-06-25 18:05:34 - [MESSAGE][NOT_RUN] - NOT_RUN: delay(2, OPTIONAL)

2019-06-25 18:05:34 - [TEST_STEP][NOT_RUN] - setViewPortSize(1000, 800, OPTIONAL): NOT_RUN: setViewPortSize(1000, 800, OPTIONAL)

2019-06-25 18:05:34 - [MESSAGE][NOT_RUN] - NOT_RUN: setViewPortSize(1000, 800, OPTIONAL)

2019-06-25 18:05:34 - [TEST_STEP][NOT_RUN] - delay(2, OPTIONAL): NOT_RUN: delay(2, OPTIONAL)

2019-06-25 18:05:34 - [MESSAGE][NOT_RUN] - NOT_RUN: delay(2, OPTIONAL)

2019-06-25 18:05:34 - [TEST_STEP][NOT_RUN] - click(findTestObject("Theme_oR/Page_Ontario Cannabis Store  Ontari/button_Hide bar"), OPTIONAL): NOT_RUN: click(findTestObject("Theme_oR/Page_Ontario Cannabis Store  Ontari/button_Hide bar"), OPTIONAL)

2019-06-25 18:05:34 - [MESSAGE][NOT_RUN] - NOT_RUN: click(findTestObject("Theme_oR/Page_Ontario Cannabis Store  Ontari/button_Hide bar"), OPTIONAL)

2019-06-25 18:05:34 - [TEST_STEP][NOT_RUN] - delay(2, OPTIONAL): NOT_RUN: delay(2, OPTIONAL)

2019-06-25 18:05:34 - [MESSAGE][NOT_RUN] - NOT_RUN: delay(2, OPTIONAL)

2019-06-25 18:05:34 - [TEST_STEP][NOT_RUN] - setViewPortSize(360, 800, OPTIONAL): NOT_RUN: setViewPortSize(360, 800, OPTIONAL)

2019-06-25 18:05:34 - [MESSAGE][NOT_RUN] - NOT_RUN: setViewPortSize(360, 800, OPTIONAL)

2019-06-25 18:05:34 - [TEST_STEP][NOT_RUN] - delay(1, OPTIONAL): NOT_RUN: delay(1, OPTIONAL)

2019-06-25 18:05:34 - [MESSAGE][NOT_RUN] - NOT_RUN: delay(1, OPTIONAL)

2019-06-25 18:05:34 - [TEST_STEP][NOT_RUN] - executeJavaScript("var previewBar = document.getElementById("preview-bar-iframe"); previewBar.style.display = "none";", []): NOT_RUN: executeJavaScript("var previewBar = document.getElementById("preview-bar-iframe"); previewBar.style.display = "none";", [])

2019-06-25 18:05:34 - [MESSAGE][NOT_RUN] - NOT_RUN: executeJavaScript("var previewBar = document.getElementById("preview-bar-iframe"); previewBar.style.display = "none";", [])

2019-06-25 18:05:34 - [TEST_STEP][NOT_RUN] - click(findTestObject("OCS-MOBILE /FAQ page/Choose cannabis products")): NOT_RUN: click(findTestObject("OCS-MOBILE /FAQ page/Choose cannabis products"))

2019-06-25 18:05:34 - [MESSAGE][NOT_RUN] - NOT_RUN: click(findTestObject("OCS-MOBILE /FAQ page/Choose cannabis products"))

2019-06-25 18:05:34 - [TEST_STEP][NOT_RUN] - back(): NOT_RUN: back()

2019-06-25 18:05:34 - [MESSAGE][NOT_RUN] - NOT_RUN: back()

2019-06-25 18:05:34 - [TEST_STEP][NOT_RUN] - click(findTestObject("OCS-MOBILE /Age gate and burger menu/Burger menu - English")): NOT_RUN: click(findTestObject("OCS-MOBILE /Age gate and burger menu/Burger menu - English"))

2019-06-25 18:05:34 - [MESSAGE][NOT_RUN] - NOT_RUN: click(findTestObject("OCS-MOBILE /Age gate and burger menu/Burger menu - English"))

2019-06-25 18:05:34 - [TEST_STEP][NOT_RUN] - delay(2, OPTIONAL): NOT_RUN: delay(2, OPTIONAL)

2019-06-25 18:05:34 - [MESSAGE][NOT_RUN] - NOT_RUN: delay(2, OPTIONAL)

2019-06-25 18:05:34 - [TEST_STEP][NOT_RUN] - click(findTestObject("OCS-MOBILE /FAQ page/FAQ")): NOT_RUN: click(findTestObject("OCS-MOBILE /FAQ page/FAQ"))

2019-06-25 18:05:34 - [MESSAGE][NOT_RUN] - NOT_RUN: click(findTestObject("OCS-MOBILE /FAQ page/FAQ"))

2019-06-25 18:05:34 - [TEST_STEP][NOT_RUN] - delay(2, OPTIONAL): NOT_RUN: delay(2, OPTIONAL)

2019-06-25 18:05:34 - [MESSAGE][NOT_RUN] - NOT_RUN: delay(2, OPTIONAL)

2019-06-25 18:05:34 - [TEST_STEP][NOT_RUN] - click(findTestObject("OCS-MOBILE /FAQ page/third chevron link")): NOT_RUN: click(findTestObject("OCS-MOBILE /FAQ page/third chevron link"))

2019-06-25 18:05:34 - [MESSAGE][NOT_RUN] - NOT_RUN: click(findTestObject("OCS-MOBILE /FAQ page/third chevron link"))

2019-06-25 18:05:34 - [TEST_STEP][NOT_RUN] - executeJavaScript("var previewBar = document.getElementById("preview-bar-iframe"); previewBar.style.display = "none";", []): NOT_RUN: executeJavaScript("var previewBar = document.getElementById("preview-bar-iframe"); previewBar.style.display = "none";", [])

2019-06-25 18:05:34 - [MESSAGE][NOT_RUN] - NOT_RUN: executeJavaScript("var previewBar = document.getElementById("preview-bar-iframe"); previewBar.style.display = "none";", [])

2019-06-25 18:05:34 - [TEST_STEP][NOT_RUN] - delay(1, OPTIONAL): NOT_RUN: delay(1, OPTIONAL)

2019-06-25 18:05:34 - [MESSAGE][NOT_RUN] - NOT_RUN: delay(1, OPTIONAL)

2019-06-25 18:05:34 - [TEST_STEP][NOT_RUN] - scrollToElement(findTestObject("OCS-MOBILE /FAQ page/scroll view element"), 0): NOT_RUN: scrollToElement(findTestObject("OCS-MOBILE /FAQ page/scroll view element"), 0)

2019-06-25 18:05:34 - [MESSAGE][NOT_RUN] - NOT_RUN: scrollToElement(findTestObject("OCS-MOBILE /FAQ page/scroll view element"), 0)

2019-06-25 18:05:34 - [TEST_STEP][NOT_RUN] - delay(1, OPTIONAL): NOT_RUN: delay(1, OPTIONAL)

2019-06-25 18:05:34 - [MESSAGE][NOT_RUN] - NOT_RUN: delay(1, OPTIONAL)

2019-06-25 18:05:34 - [TEST_STEP][NOT_RUN] - click(findTestObject("OCS-MOBILE /FAQ page/Dropdown button -First chevron -open- FAQ")): NOT_RUN: click(findTestObject("OCS-MOBILE /FAQ page/Dropdown button -First chevron -open- FAQ"))

2019-06-25 18:05:34 - [MESSAGE][NOT_RUN] - NOT_RUN: click(findTestObject("OCS-MOBILE /FAQ page/Dropdown button -First chevron -open- FAQ"))

2019-06-25 18:05:34 - [TEST_STEP][NOT_RUN] - delay(1, OPTIONAL): NOT_RUN: delay(1, OPTIONAL)

2019-06-25 18:05:34 - [MESSAGE][NOT_RUN] - NOT_RUN: delay(1, OPTIONAL)

2019-06-25 18:05:34 - [TEST_STEP][NOT_RUN] - click(findTestObject("OCS-MOBILE /FAQ page/Dropdown button -First chevron - close -FAQ")): NOT_RUN: click(findTestObject("OCS-MOBILE /FAQ page/Dropdown button -First chevron - close -FAQ"))

2019-06-25 18:05:34 - [MESSAGE][NOT_RUN] - NOT_RUN: click(findTestObject("OCS-MOBILE /FAQ page/Dropdown button -First chevron - close -FAQ"))

2019-06-25 18:05:34 - [TEST_STEP][NOT_RUN] - delay(1, OPTIONAL): NOT_RUN: delay(1, OPTIONAL)

2019-06-25 18:05:34 - [MESSAGE][NOT_RUN] - NOT_RUN: delay(1, OPTIONAL)

2019-06-25 18:05:34 - [TEST_STEP][NOT_RUN] - setViewPortSize(1000, 800, OPTIONAL): NOT_RUN: setViewPortSize(1000, 800, OPTIONAL)

2019-06-25 18:05:34 - [MESSAGE][NOT_RUN] - NOT_RUN: setViewPortSize(1000, 800, OPTIONAL)

2019-06-25 18:05:34 - [TEST_STEP][NOT_RUN] - delay(2, OPTIONAL): NOT_RUN: delay(2, OPTIONAL)

2019-06-25 18:05:34 - [MESSAGE][NOT_RUN] - NOT_RUN: delay(2, OPTIONAL)

2019-06-25 18:05:34 - [TEST_STEP][NOT_RUN] - click(findTestObject("Theme_oR/Page_Ontario Cannabis Store  Ontari/button_Hide bar"), OPTIONAL): NOT_RUN: click(findTestObject("Theme_oR/Page_Ontario Cannabis Store  Ontari/button_Hide bar"), OPTIONAL)

2019-06-25 18:05:34 - [MESSAGE][NOT_RUN] - NOT_RUN: click(findTestObject("Theme_oR/Page_Ontario Cannabis Store  Ontari/button_Hide bar"), OPTIONAL)

2019-06-25 18:05:34 - [TEST_STEP][NOT_RUN] - delay(2, OPTIONAL): NOT_RUN: delay(2, OPTIONAL)

2019-06-25 18:05:34 - [MESSAGE][NOT_RUN] - NOT_RUN: delay(2, OPTIONAL)

2019-06-25 18:05:34 - [TEST_STEP][NOT_RUN] - setViewPortSize(360, 800, OPTIONAL): NOT_RUN: setViewPortSize(360, 800, OPTIONAL)

2019-06-25 18:05:34 - [MESSAGE][NOT_RUN] - NOT_RUN: setViewPortSize(360, 800, OPTIONAL)

2019-06-25 18:05:34 - [TEST_STEP][NOT_RUN] - delay(1, OPTIONAL): NOT_RUN: delay(1, OPTIONAL)

2019-06-25 18:05:34 - [MESSAGE][NOT_RUN] - NOT_RUN: delay(1, OPTIONAL)

2019-06-25 18:05:34 - [TEST_STEP][NOT_RUN] - click(findTestObject("OCS-MOBILE /FAQ page/First accordian - add")): NOT_RUN: click(findTestObject("OCS-MOBILE /FAQ page/First accordian - add"))

2019-06-25 18:05:34 - [MESSAGE][NOT_RUN] - NOT_RUN: click(findTestObject("OCS-MOBILE /FAQ page/First accordian - add"))

2019-06-25 18:05:34 - [TEST_STEP][NOT_RUN] - delay(1): NOT_RUN: delay(1)

2019-06-25 18:05:34 - [MESSAGE][NOT_RUN] - NOT_RUN: delay(1)

2019-06-25 18:05:34 - [TEST_STEP][NOT_RUN] - click(findTestObject("OCS-MOBILE /FAQ page/First accordian - Subtract")): NOT_RUN: click(findTestObject("OCS-MOBILE /FAQ page/First accordian - Subtract"))

2019-06-25 18:05:34 - [MESSAGE][NOT_RUN] - NOT_RUN: click(findTestObject("OCS-MOBILE /FAQ page/First accordian - Subtract"))

2019-06-25 18:05:34 - [TEST_STEP][NOT_RUN] - delay(1): NOT_RUN: delay(1)

2019-06-25 18:05:34 - [MESSAGE][NOT_RUN] - NOT_RUN: delay(1)

2019-06-25 18:05:34 - [TEST_STEP][NOT_RUN] - click(findTestObject("OCS-MOBILE /FAQ page/Second accordian- add")): NOT_RUN: click(findTestObject("OCS-MOBILE /FAQ page/Second accordian- add"))

2019-06-25 18:05:34 - [MESSAGE][NOT_RUN] - NOT_RUN: click(findTestObject("OCS-MOBILE /FAQ page/Second accordian- add"))

2019-06-25 18:05:34 - [TEST_STEP][NOT_RUN] - delay(1): NOT_RUN: delay(1)

2019-06-25 18:05:34 - [MESSAGE][NOT_RUN] - NOT_RUN: delay(1)

2019-06-25 18:05:34 - [TEST_STEP][NOT_RUN] - click(findTestObject("OCS-MOBILE /FAQ page/Second accordian - subtract")): NOT_RUN: click(findTestObject("OCS-MOBILE /FAQ page/Second accordian - subtract"))

2019-06-25 18:05:35 - [MESSAGE][NOT_RUN] - NOT_RUN: click(findTestObject("OCS-MOBILE /FAQ page/Second accordian - subtract"))

2019-06-25 18:05:35 - [TEST_STEP][NOT_RUN] - delay(1): NOT_RUN: delay(1)

2019-06-25 18:05:35 - [MESSAGE][NOT_RUN] - NOT_RUN: delay(1)

2019-06-25 18:05:35 - [TEST_STEP][NOT_RUN] - click(findTestObject("OCS-MOBILE /FAQ page/Load more1")): NOT_RUN: click(findTestObject("OCS-MOBILE /FAQ page/Load more1"))

2019-06-25 18:05:35 - [MESSAGE][NOT_RUN] - NOT_RUN: click(findTestObject("OCS-MOBILE /FAQ page/Load more1"))

2019-06-25 18:05:35 - [TEST_STEP][NOT_RUN] - delay(1): NOT_RUN: delay(1)

2019-06-25 18:05:35 - [MESSAGE][NOT_RUN] - NOT_RUN: delay(1)

2019-06-25 18:05:35 - [TEST_STEP][NOT_RUN] - click(findTestObject("OCS-MOBILE /FAQ page/Loadmore2")): NOT_RUN: click(findTestObject("OCS-MOBILE /FAQ page/Loadmore2"))

2019-06-25 18:05:35 - [MESSAGE][NOT_RUN] - NOT_RUN: click(findTestObject("OCS-MOBILE /FAQ page/Loadmore2"))

2019-06-25 18:05:35 - [TEST_STEP][NOT_RUN] - delay(1): NOT_RUN: delay(1)

2019-06-25 18:05:35 - [MESSAGE][NOT_RUN] - NOT_RUN: delay(1)

2019-06-25 18:05:35 - [TEST_STEP][NOT_RUN] - click(findTestObject("OCS-MOBILE /FAQ page/Loadmore3")): NOT_RUN: click(findTestObject("OCS-MOBILE /FAQ page/Loadmore3"))

2019-06-25 18:05:35 - [MESSAGE][NOT_RUN] - NOT_RUN: click(findTestObject("OCS-MOBILE /FAQ page/Loadmore3"))

2019-06-25 18:05:35 - [TEST_STEP][NOT_RUN] - delay(1): NOT_RUN: delay(1)

2019-06-25 18:05:35 - [MESSAGE][NOT_RUN] - NOT_RUN: delay(1)

2019-06-25 18:05:35 - [TEST_STEP][NOT_RUN] - click(findTestObject("OCS-MOBILE /FAQ page/Learn about cannabis")): NOT_RUN: click(findTestObject("OCS-MOBILE /FAQ page/Learn about cannabis"))

2019-06-25 18:05:35 - [MESSAGE][NOT_RUN] - NOT_RUN: click(findTestObject("OCS-MOBILE /FAQ page/Learn about cannabis"))

2019-06-25 18:05:35 - [TEST_STEP][NOT_RUN] - delay(1): NOT_RUN: delay(1)

2019-06-25 18:05:35 - [MESSAGE][NOT_RUN] - NOT_RUN: delay(1)

2019-06-25 18:05:35 - [TEST_STEP][NOT_RUN] - back(): NOT_RUN: back()

2019-06-25 18:05:35 - [MESSAGE][NOT_RUN] - NOT_RUN: back()

2019-06-25 18:05:35 - [TEST_STEP][NOT_RUN] - delay(1): NOT_RUN: delay(1)

2019-06-25 18:05:35 - [MESSAGE][NOT_RUN] - NOT_RUN: delay(1)

2019-06-25 18:05:35 - [TEST_STEP][NOT_RUN] - setViewPortSize(1000, 800, OPTIONAL): NOT_RUN: setViewPortSize(1000, 800, OPTIONAL)

2019-06-25 18:05:35 - [MESSAGE][NOT_RUN] - NOT_RUN: setViewPortSize(1000, 800, OPTIONAL)

2019-06-25 18:05:35 - [TEST_STEP][NOT_RUN] - delay(2, OPTIONAL): NOT_RUN: delay(2, OPTIONAL)

2019-06-25 18:05:35 - [MESSAGE][NOT_RUN] - NOT_RUN: delay(2, OPTIONAL)

2019-06-25 18:05:35 - [TEST_STEP][NOT_RUN] - click(findTestObject("Theme_oR/Page_Ontario Cannabis Store  Ontari/button_Hide bar"), OPTIONAL): NOT_RUN: click(findTestObject("Theme_oR/Page_Ontario Cannabis Store  Ontari/button_Hide bar"), OPTIONAL)

2019-06-25 18:05:35 - [MESSAGE][NOT_RUN] - NOT_RUN: click(findTestObject("Theme_oR/Page_Ontario Cannabis Store  Ontari/button_Hide bar"), OPTIONAL)

2019-06-25 18:05:35 - [TEST_STEP][NOT_RUN] - delay(2, OPTIONAL): NOT_RUN: delay(2, OPTIONAL)

2019-06-25 18:05:35 - [MESSAGE][NOT_RUN] - NOT_RUN: delay(2, OPTIONAL)

2019-06-25 18:05:35 - [TEST_STEP][NOT_RUN] - setViewPortSize(360, 800, OPTIONAL): NOT_RUN: setViewPortSize(360, 800, OPTIONAL)

2019-06-25 18:05:35 - [MESSAGE][NOT_RUN] - NOT_RUN: setViewPortSize(360, 800, OPTIONAL)

2019-06-25 18:05:35 - [TEST_STEP][NOT_RUN] - delay(1, OPTIONAL): NOT_RUN: delay(1, OPTIONAL)

2019-06-25 18:05:35 - [MESSAGE][NOT_RUN] - NOT_RUN: delay(1, OPTIONAL)

2019-06-25 18:05:35 - [TEST_STEP][NOT_RUN] - executeJavaScript("var previewBar = document.getElementById("preview-bar-iframe"); previewBar.style.display = "none";", []): NOT_RUN: executeJavaScript("var previewBar = document.getElementById("preview-bar-iframe"); previewBar.style.display = "none";", [])

2019-06-25 18:05:35 - [MESSAGE][NOT_RUN] - NOT_RUN: executeJavaScript("var previewBar = document.getElementById("preview-bar-iframe"); previewBar.style.display = "none";", [])

2019-06-25 18:05:35 - [TEST_STEP][NOT_RUN] - click(findTestObject("OCS-MOBILE /FAQ page/Loadmore4")): NOT_RUN: click(findTestObject("OCS-MOBILE /FAQ page/Loadmore4"))

2019-06-25 18:05:35 - [MESSAGE][NOT_RUN] - NOT_RUN: click(findTestObject("OCS-MOBILE /FAQ page/Loadmore4"))

2019-06-25 18:05:35 - [TEST_STEP][NOT_RUN] - delay(2, OPTIONAL): NOT_RUN: delay(2, OPTIONAL)

2019-06-25 18:05:35 - [MESSAGE][NOT_RUN] - NOT_RUN: delay(2, OPTIONAL)

2019-06-25 18:05:35 - [TEST_STEP][NOT_RUN] - setViewPortSize(1000, 800, OPTIONAL): NOT_RUN: setViewPortSize(1000, 800, OPTIONAL)

2019-06-25 18:05:35 - [MESSAGE][NOT_RUN] - NOT_RUN: setViewPortSize(1000, 800, OPTIONAL)

2019-06-25 18:05:35 - [TEST_STEP][NOT_RUN] - delay(2, OPTIONAL): NOT_RUN: delay(2, OPTIONAL)

2019-06-25 18:05:35 - [MESSAGE][NOT_RUN] - NOT_RUN: delay(2, OPTIONAL)

2019-06-25 18:05:35 - [TEST_STEP][NOT_RUN] - click(findTestObject("Theme_oR/Page_Ontario Cannabis Store  Ontari/button_Hide bar"), OPTIONAL): NOT_RUN: click(findTestObject("Theme_oR/Page_Ontario Cannabis Store  Ontari/button_Hide bar"), OPTIONAL)

2019-06-25 18:05:35 - [MESSAGE][NOT_RUN] - NOT_RUN: click(findTestObject("Theme_oR/Page_Ontario Cannabis Store  Ontari/button_Hide bar"), OPTIONAL)

2019-06-25 18:05:35 - [TEST_STEP][NOT_RUN] - delay(2, OPTIONAL): NOT_RUN: delay(2, OPTIONAL)

2019-06-25 18:05:35 - [MESSAGE][NOT_RUN] - NOT_RUN: delay(2, OPTIONAL)

2019-06-25 18:05:35 - [TEST_STEP][NOT_RUN] - setViewPortSize(360, 800, OPTIONAL): NOT_RUN: setViewPortSize(360, 800, OPTIONAL)

2019-06-25 18:05:35 - [MESSAGE][NOT_RUN] - NOT_RUN: setViewPortSize(360, 800, OPTIONAL)

2019-06-25 18:05:35 - [TEST_STEP][NOT_RUN] - delay(1, OPTIONAL): NOT_RUN: delay(1, OPTIONAL)

2019-06-25 18:05:35 - [MESSAGE][NOT_RUN] - NOT_RUN: delay(1, OPTIONAL)

2019-06-25 18:05:35 - [TEST_STEP][NOT_RUN] - click(findTestObject("OCS-MOBILE /FAQ page/Learn about OCS")): NOT_RUN: click(findTestObject("OCS-MOBILE /FAQ page/Learn about OCS"))

2019-06-25 18:05:35 - [MESSAGE][NOT_RUN] - NOT_RUN: click(findTestObject("OCS-MOBILE /FAQ page/Learn about OCS"))

2019-06-25 18:05:35 - [TEST_STEP][NOT_RUN] - back(): NOT_RUN: back()

2019-06-25 18:05:35 - [MESSAGE][NOT_RUN] - NOT_RUN: back()

2019-06-25 18:05:35 - [TEST_STEP][NOT_RUN] - delay(2, OPTIONAL): NOT_RUN: delay(2, OPTIONAL)

2019-06-25 18:05:35 - [MESSAGE][NOT_RUN] - NOT_RUN: delay(2, OPTIONAL)

2019-06-25 18:05:35 - [TEST_STEP][NOT_RUN] - setViewPortSize(1000, 800, OPTIONAL): NOT_RUN: setViewPortSize(1000, 800, OPTIONAL)

2019-06-25 18:05:35 - [MESSAGE][NOT_RUN] - NOT_RUN: setViewPortSize(1000, 800, OPTIONAL)

2019-06-25 18:05:35 - [TEST_STEP][NOT_RUN] - delay(2, OPTIONAL): NOT_RUN: delay(2, OPTIONAL)

2019-06-25 18:05:35 - [MESSAGE][NOT_RUN] - NOT_RUN: delay(2, OPTIONAL)

2019-06-25 18:05:35 - [TEST_STEP][NOT_RUN] - click(findTestObject("Theme_oR/Page_Ontario Cannabis Store  Ontari/button_Hide bar"), OPTIONAL): NOT_RUN: click(findTestObject("Theme_oR/Page_Ontario Cannabis Store  Ontari/button_Hide bar"), OPTIONAL)

2019-06-25 18:05:35 - [MESSAGE][NOT_RUN] - NOT_RUN: click(findTestObject("Theme_oR/Page_Ontario Cannabis Store  Ontari/button_Hide bar"), OPTIONAL)

2019-06-25 18:05:35 - [TEST_STEP][NOT_RUN] - delay(2, OPTIONAL): NOT_RUN: delay(2, OPTIONAL)

2019-06-25 18:05:35 - [MESSAGE][NOT_RUN] - NOT_RUN: delay(2, OPTIONAL)

2019-06-25 18:05:35 - [TEST_STEP][NOT_RUN] - setViewPortSize(360, 800, OPTIONAL): NOT_RUN: setViewPortSize(360, 800, OPTIONAL)

2019-06-25 18:05:35 - [MESSAGE][NOT_RUN] - NOT_RUN: setViewPortSize(360, 800, OPTIONAL)

2019-06-25 18:05:35 - [TEST_STEP][NOT_RUN] - delay(1, OPTIONAL): NOT_RUN: delay(1, OPTIONAL)

2019-06-25 18:05:35 - [MESSAGE][NOT_RUN] - NOT_RUN: delay(1, OPTIONAL)

2019-06-25 18:05:35 - [TEST_STEP][NOT_RUN] - executeJavaScript("var previewBar = document.getElementById("preview-bar-iframe"); previewBar.style.display = "none";", []): NOT_RUN: executeJavaScript("var previewBar = document.getElementById("preview-bar-iframe"); previewBar.style.display = "none";", [])

2019-06-25 18:05:35 - [MESSAGE][NOT_RUN] - NOT_RUN: executeJavaScript("var previewBar = document.getElementById("preview-bar-iframe"); previewBar.style.display = "none";", [])

2019-06-25 18:05:35 - [TEST_STEP][NOT_RUN] - click(findTestObject("OCS-MOBILE /FAQ page/Choose cannabis products")): NOT_RUN: click(findTestObject("OCS-MOBILE /FAQ page/Choose cannabis products"))

2019-06-25 18:05:35 - [MESSAGE][NOT_RUN] - NOT_RUN: click(findTestObject("OCS-MOBILE /FAQ page/Choose cannabis products"))

2019-06-25 18:05:35 - [TEST_STEP][NOT_RUN] - back(): NOT_RUN: back()

2019-06-25 18:05:35 - [MESSAGE][NOT_RUN] - NOT_RUN: back()

2019-06-25 18:05:35 - [TEST_STEP][NOT_RUN] - click(findTestObject("OCS-MOBILE /Age gate and burger menu/Burger menu - English")): NOT_RUN: click(findTestObject("OCS-MOBILE /Age gate and burger menu/Burger menu - English"))

2019-06-25 18:05:35 - [MESSAGE][NOT_RUN] - NOT_RUN: click(findTestObject("OCS-MOBILE /Age gate and burger menu/Burger menu - English"))

2019-06-25 18:05:35 - [TEST_STEP][NOT_RUN] - delay(1, OPTIONAL): NOT_RUN: delay(1, OPTIONAL)

2019-06-25 18:05:35 - [MESSAGE][NOT_RUN] - NOT_RUN: delay(1, OPTIONAL)

2019-06-25 18:05:35 - [TEST_STEP][NOT_RUN] - click(findTestObject("OCS-MOBILE /FAQ page/FAQ")): NOT_RUN: click(findTestObject("OCS-MOBILE /FAQ page/FAQ"))

2019-06-25 18:05:35 - [MESSAGE][NOT_RUN] - NOT_RUN: click(findTestObject("OCS-MOBILE /FAQ page/FAQ"))]]></system-out>
         <system-err><![CDATA[]]></system-err>
      </testcase>
      <testcase name="Test Cases/OCS - DESKTOP/OCS- HOME PAGE/HP- Burger menu- Learn" classname="Test Cases/OCS - DESKTOP/OCS- HOME PAGE/HP- Burger menu- Learn" status="FAILED">
         <failure type="FAILED" message="Test Cases/OCS - DESKTOP/OCS- HOME PAGE/HP- Burger menu- Learn FAILED.
Reason:
com.kms.katalon.core.exception.StepFailedException: Unable to click on object 'Object Repository/OCS-DESKTOP/LEARN page/Read More -1' (Root cause: com.kms.katalon.core.webui.exception.WebElementNotFoundException: Web element with id: 'Object Repository/OCS-DESKTOP/LEARN page/Read More -1' located by 'By.xpath: /html[1]/body[1]/div[1]/header[1]/div[2]/div[1]/div[2]/div[1]/div[1]/div[1]/nav[1]/ul[1]/li[3]/div[1]/div[2]/ul[1]/li[1]/div[1]/div[1]/a[1]' not found)
	at com.kms.katalon.core.keyword.internal.KeywordMain.stepFailed(KeywordMain.groovy:36)
	at com.kms.katalon.core.webui.keyword.internal.WebUIKeywordMain.stepFailed(WebUIKeywordMain.groovy:65)
	at com.kms.katalon.core.webui.keyword.internal.WebUIKeywordMain.runKeyword(WebUIKeywordMain.groovy:27)
	at com.kms.katalon.core.webui.keyword.builtin.ClickKeyword.click(ClickKeyword.groovy:86)
	at com.kms.katalon.core.webui.keyword.builtin.ClickKeyword.execute(ClickKeyword.groovy:67)
	at com.kms.katalon.core.keyword.internal.KeywordExecutor.executeKeywordForPlatform(KeywordExecutor.groovy:53)
	at com.kms.katalon.core.webui.keyword.WebUiBuiltInKeywords.click(WebUiBuiltInKeywords.groovy:616)
	at com.kms.katalon.core.webui.keyword.WebUiBuiltInKeywords$click$4.call(Unknown Source)
	at HP- Burger menu- Learn.run(HP- Burger menu- Learn:52)
	at com.kms.katalon.core.main.ScriptEngine.run(ScriptEngine.java:194)
	at com.kms.katalon.core.main.ScriptEngine.runScriptAsRawText(ScriptEngine.java:119)
	at com.kms.katalon.core.main.TestCaseExecutor.runScript(TestCaseExecutor.java:328)
	at com.kms.katalon.core.main.TestCaseExecutor.doExecute(TestCaseExecutor.java:319)
	at com.kms.katalon.core.main.TestCaseExecutor.processExecutionPhase(TestCaseExecutor.java:298)
	at com.kms.katalon.core.main.TestCaseExecutor.accessMainPhase(TestCaseExecutor.java:290)
	at com.kms.katalon.core.main.TestCaseExecutor.execute(TestCaseExecutor.java:224)
	at com.kms.katalon.core.main.TestSuiteExecutor.accessTestCaseMainPhase(TestSuiteExecutor.java:129)
	at com.kms.katalon.core.main.TestSuiteExecutor.accessTestSuiteMainPhase(TestSuiteExecutor.java:112)
	at com.kms.katalon.core.main.TestSuiteExecutor.execute(TestSuiteExecutor.java:81)
	at com.kms.katalon.core.main.TestCaseMain.startTestSuite(TestCaseMain.java:149)
	at com.kms.katalon.core.main.TestCaseMain$startTestSuite$0.call(Unknown Source)
	at TempTestSuite1561499172132.run(TempTestSuite1561499172132.groovy:36)
"/>
         <system-out><![CDATA[2019-06-25 18:05:35 - [TEST_CASE][FAILED] - Test Cases/OCS - DESKTOP/OCS- HOME PAGE/HP- Burger menu- Learn: Test Cases/OCS - DESKTOP/OCS- HOME PAGE/HP- Burger menu- Learn FAILED.
Reason:
com.kms.katalon.core.exception.StepFailedException: Unable to click on object 'Object Repository/OCS-DESKTOP/LEARN page/Read More -1' (Root cause: com.kms.katalon.core.webui.exception.WebElementNotFoundException: Web element with id: 'Object Repository/OCS-DESKTOP/LEARN page/Read More -1' located by 'By.xpath: /html[1]/body[1]/div[1]/header[1]/div[2]/div[1]/div[2]/div[1]/div[1]/div[1]/nav[1]/ul[1]/li[3]/div[1]/div[2]/ul[1]/li[1]/div[1]/div[1]/a[1]' not found)
	at com.kms.katalon.core.keyword.internal.KeywordMain.stepFailed(KeywordMain.groovy:36)
	at com.kms.katalon.core.webui.keyword.internal.WebUIKeywordMain.stepFailed(WebUIKeywordMain.groovy:65)
	at com.kms.katalon.core.webui.keyword.internal.WebUIKeywordMain.runKeyword(WebUIKeywordMain.groovy:27)
	at com.kms.katalon.core.webui.keyword.builtin.ClickKeyword.click(ClickKeyword.groovy:86)
	at com.kms.katalon.core.webui.keyword.builtin.ClickKeyword.execute(ClickKeyword.groovy:67)
	at com.kms.katalon.core.keyword.internal.KeywordExecutor.executeKeywordForPlatform(KeywordExecutor.groovy:53)
	at com.kms.katalon.core.webui.keyword.WebUiBuiltInKeywords.click(WebUiBuiltInKeywords.groovy:616)
	at com.kms.katalon.core.webui.keyword.WebUiBuiltInKeywords$click$4.call(Unknown Source)
	at HP- Burger menu- Learn.run(HP- Burger menu- Learn:52)
	at com.kms.katalon.core.main.ScriptEngine.run(ScriptEngine.java:194)
	at com.kms.katalon.core.main.ScriptEngine.runScriptAsRawText(ScriptEngine.java:119)
	at com.kms.katalon.core.main.TestCaseExecutor.runScript(TestCaseExecutor.java:328)
	at com.kms.katalon.core.main.TestCaseExecutor.doExecute(TestCaseExecutor.java:319)
	at com.kms.katalon.core.main.TestCaseExecutor.processExecutionPhase(TestCaseExecutor.java:298)
	at com.kms.katalon.core.main.TestCaseExecutor.accessMainPhase(TestCaseExecutor.java:290)
	at com.kms.katalon.core.main.TestCaseExecutor.execute(TestCaseExecutor.java:224)
	at com.kms.katalon.core.main.TestSuiteExecutor.accessTestCaseMainPhase(TestSuiteExecutor.java:129)
	at com.kms.katalon.core.main.TestSuiteExecutor.accessTestSuiteMainPhase(TestSuiteExecutor.java:112)
	at com.kms.katalon.core.main.TestSuiteExecutor.execute(TestSuiteExecutor.java:81)
	at com.kms.katalon.core.main.TestCaseMain.startTestSuite(TestCaseMain.java:149)
	at com.kms.katalon.core.main.TestCaseMain$startTestSuite$0.call(Unknown Source)
	at TempTestSuite1561499172132.run(TempTestSuite1561499172132.groovy:36)


2019-06-25 18:05:35 - [TEST_STEP][PASSED] - callTestCase(findTestCase("OCS - DESKTOP/CALL- Age gate"), [:], STOP_ON_FAILURE): Call Test Case 'Test Cases/OCS - DESKTOP/CALL- Age gate' successfully

2019-06-25 18:05:35 - [TEST_CASE][PASSED] - Test Cases/OCS - DESKTOP/CALL- Age gate: Test Cases/OCS - DESKTOP/CALL- Age gate

2019-06-25 18:05:35 - [TEST_STEP][PASSED] - openBrowser(""): Browser is opened with url: ''

2019-06-25 18:05:35 - [MESSAGE][WARNING] - A browser is already opened. Closing browser and opening a new one

2019-06-25 18:05:35 - [MESSAGE][INFO] - Starting 'Chrome' driver

2019-06-25 18:05:36 - [MESSAGE][PASSED] - Browser is opened with url: ''

2019-06-25 18:05:36 - [TEST_STEP][PASSED] - navigateToUrl("https://ocs.ca/?fts=0&preview_theme_id=72920106828"): Navigate to 'https://ocs.ca/?fts=0&preview_theme_id=72920106828' successfully

2019-06-25 18:05:41 - [MESSAGE][PASSED] - Navigate to 'https://ocs.ca/?fts=0&preview_theme_id=72920106828' successfully

2019-06-25 18:05:41 - [TEST_STEP][PASSED] - maximizeWindow(): Current window maximized

2019-06-25 18:05:41 - [MESSAGE][PASSED] - Current window maximized

2019-06-25 18:05:41 - [TEST_STEP][PASSED] - delay(2): Delayed 2 second(s)

2019-06-25 18:05:43 - [MESSAGE][PASSED] - Delayed 2 second(s)

2019-06-25 18:05:43 - [TEST_STEP][PASSED] - executeJavaScript("var previewBar = document.getElementById("preview-bar-iframe"); previewBar.style.display = "none";", []): Execute JavaScript 'var previewBar = document.getElementById("preview-bar-iframe"); previewBar.style.display = "none";' successfully

2019-06-25 18:05:43 - [MESSAGE][PASSED] - Execute JavaScript 'var previewBar = document.getElementById("preview-bar-iframe"); previewBar.style.display = "none";' successfully

2019-06-25 18:05:43 - [TEST_STEP][PASSED] - selectOptionByValue(findTestObject("OCS-DESKTOP/Age gate and Mega menu/Date"), "12", true): All options with value '12' are selected in object 'Object Repository/OCS-DESKTOP/Age gate and Mega menu/Date'  using regular expression

2019-06-25 18:05:43 - [MESSAGE][PASSED] - All options with value '12' are selected in object 'Object Repository/OCS-DESKTOP/Age gate and Mega menu/Date'  using regular expression

2019-06-25 18:05:43 - [TEST_STEP][PASSED] - selectOptionByValue(findTestObject("OCS-DESKTOP/Age gate and Mega menu/month"), "6", true): All options with value '6' are selected in object 'Object Repository/OCS-DESKTOP/Age gate and Mega menu/month'  using regular expression

2019-06-25 18:05:43 - [MESSAGE][PASSED] - All options with value '6' are selected in object 'Object Repository/OCS-DESKTOP/Age gate and Mega menu/month'  using regular expression

2019-06-25 18:05:43 - [TEST_STEP][PASSED] - delay(2): Delayed 2 second(s)

2019-06-25 18:05:45 - [MESSAGE][PASSED] - Delayed 2 second(s)

2019-06-25 18:05:45 - [TEST_STEP][PASSED] - selectOptionByValue(findTestObject("OCS-DESKTOP/Age gate and Mega menu/Year Dropdown"), "1990", true): All options with value '1990' are selected in object 'Object Repository/OCS-DESKTOP/Age gate and Mega menu/Year Dropdown'  using regular expression

2019-06-25 18:05:46 - [MESSAGE][PASSED] - All options with value '1990' are selected in object 'Object Repository/OCS-DESKTOP/Age gate and Mega menu/Year Dropdown'  using regular expression

2019-06-25 18:05:46 - [TEST_STEP][PASSED] - click(findTestObject("OCS-DESKTOP/Age gate and Mega menu/button_Verify")): Object: 'Object Repository/OCS-DESKTOP/Age gate and Mega menu/button_Verify' is clicked on

2019-06-25 18:05:47 - [MESSAGE][PASSED] - Object: 'Object Repository/OCS-DESKTOP/Age gate and Mega menu/button_Verify' is clicked on

2019-06-25 18:05:47 - [TEST_STEP][PASSED] - click(findTestObject("OCS-DESKTOP/Age gate and Mega menu/Checkbox_CONFIRM AND ACKNOWLEDGE")): Object: 'Object Repository/OCS-DESKTOP/Age gate and Mega menu/Checkbox_CONFIRM AND ACKNOWLEDGE' is clicked on

2019-06-25 18:05:47 - [MESSAGE][PASSED] - Object: 'Object Repository/OCS-DESKTOP/Age gate and Mega menu/Checkbox_CONFIRM AND ACKNOWLEDGE' is clicked on

2019-06-25 18:05:47 - [TEST_STEP][PASSED] - click(findTestObject("OCS-DESKTOP/Age gate and Mega menu/button_CONFIRM")): Object: 'Object Repository/OCS-DESKTOP/Age gate and Mega menu/button_CONFIRM' is clicked on

2019-06-25 18:05:47 - [MESSAGE][PASSED] - Object: 'Object Repository/OCS-DESKTOP/Age gate and Mega menu/button_CONFIRM' is clicked on

2019-06-25 18:05:47 - [TEST_STEP][PASSED] - click(findTestObject("OCS-DESKTOP/Age gate and Mega menu/button_Start Browsing")): Object: 'Object Repository/OCS-DESKTOP/Age gate and Mega menu/button_Start Browsing' is clicked on

2019-06-25 18:05:47 - [MESSAGE][PASSED] - Object: 'Object Repository/OCS-DESKTOP/Age gate and Mega menu/button_Start Browsing' is clicked on

2019-06-25 18:05:47 - [TEST_STEP][PASSED] - delay(2): Delayed 2 second(s)

2019-06-25 18:05:49 - [MESSAGE][PASSED] - Delayed 2 second(s)

2019-06-25 18:05:49 - [TEST_STEP][PASSED] - refresh(): Refresh successfully

2019-06-25 18:05:49 - [MESSAGE][PASSED] - Refresh successfully

2019-06-25 18:05:49 - [MESSAGE][PASSED] - Call Test Case 'Test Cases/OCS - DESKTOP/CALL- Age gate' successfully

2019-06-25 18:05:49 - [TEST_STEP][PASSED] - delay(2, CONTINUE_ON_FAILURE): Delayed 2 second(s)

2019-06-25 18:05:51 - [MESSAGE][PASSED] - Delayed 2 second(s)

2019-06-25 18:05:51 - [TEST_STEP][PASSED] - click(findTestObject("OCS-DESKTOP/Age gate and Mega menu/Header/LEARN menu - En")): Object: 'Object Repository/OCS-DESKTOP/Age gate and Mega menu/Header/LEARN menu - En' is clicked on

2019-06-25 18:05:52 - [MESSAGE][PASSED] - Object: 'Object Repository/OCS-DESKTOP/Age gate and Mega menu/Header/LEARN menu - En' is clicked on

2019-06-25 18:05:52 - [TEST_STEP][PASSED] - delay(2): Delayed 2 second(s)

2019-06-25 18:05:54 - [MESSAGE][PASSED] - Delayed 2 second(s)

2019-06-25 18:05:54 - [TEST_STEP][PASSED] - click(findTestObject("OCS-DESKTOP/LEARN page/How cannabis works")): Object: 'Object Repository/OCS-DESKTOP/LEARN page/How cannabis works' is clicked on

2019-06-25 18:05:56 - [MESSAGE][PASSED] - Object: 'Object Repository/OCS-DESKTOP/LEARN page/How cannabis works' is clicked on

2019-06-25 18:05:56 - [TEST_STEP][PASSED] - delay(2, CONTINUE_ON_FAILURE): Delayed 2 second(s)

2019-06-25 18:05:58 - [MESSAGE][PASSED] - Delayed 2 second(s)

2019-06-25 18:05:58 - [TEST_STEP][PASSED] - click(findTestObject("OCS-DESKTOP/Age gate and Mega menu/Header/LEARN menu - En")): Object: 'Object Repository/OCS-DESKTOP/Age gate and Mega menu/Header/LEARN menu - En' is clicked on

2019-06-25 18:05:58 - [MESSAGE][PASSED] - Object: 'Object Repository/OCS-DESKTOP/Age gate and Mega menu/Header/LEARN menu - En' is clicked on

2019-06-25 18:05:58 - [TEST_STEP][PASSED] - delay(2, CONTINUE_ON_FAILURE): Delayed 2 second(s)

2019-06-25 18:06:00 - [MESSAGE][PASSED] - Delayed 2 second(s)

2019-06-25 18:06:00 - [TEST_STEP][PASSED] - click(findTestObject("OCS-DESKTOP/LEARN page/The Effects of Cannabis")): Object: 'Object Repository/OCS-DESKTOP/LEARN page/The Effects of Cannabis' is clicked on

2019-06-25 18:06:03 - [MESSAGE][PASSED] - Object: 'Object Repository/OCS-DESKTOP/LEARN page/The Effects of Cannabis' is clicked on

2019-06-25 18:06:03 - [TEST_STEP][PASSED] - verifyTextPresent("The Effects of Cannabis", true): Text 'The Effects of Cannabis' is present on page  using regular expression

2019-06-25 18:06:03 - [MESSAGE][PASSED] - Text 'The Effects of Cannabis' is present on page  using regular expression

2019-06-25 18:06:03 - [TEST_STEP][PASSED] - delay(2): Delayed 2 second(s)

2019-06-25 18:06:05 - [MESSAGE][PASSED] - Delayed 2 second(s)

2019-06-25 18:06:05 - [TEST_STEP][PASSED] - click(findTestObject("OCS-DESKTOP/Age gate and Mega menu/Header/LEARN menu - En"), CONTINUE_ON_FAILURE): Object: 'Object Repository/OCS-DESKTOP/Age gate and Mega menu/Header/LEARN menu - En' is clicked on

2019-06-25 18:06:05 - [MESSAGE][PASSED] - Object: 'Object Repository/OCS-DESKTOP/Age gate and Mega menu/Header/LEARN menu - En' is clicked on

2019-06-25 18:06:05 - [TEST_STEP][PASSED] - delay(2, CONTINUE_ON_FAILURE): Delayed 2 second(s)

2019-06-25 18:06:07 - [MESSAGE][PASSED] - Delayed 2 second(s)

2019-06-25 18:06:07 - [TEST_STEP][PASSED] - click(findTestObject("OCS-DESKTOP/LEARN page/Endocannabinoids chevron")): Object: 'Object Repository/OCS-DESKTOP/LEARN page/Endocannabinoids chevron' is clicked on

2019-06-25 18:06:10 - [MESSAGE][PASSED] - Object: 'Object Repository/OCS-DESKTOP/LEARN page/Endocannabinoids chevron' is clicked on

2019-06-25 18:06:10 - [TEST_STEP][PASSED] - verifyTextPresent("The Endocannabinoid System", true): Text 'The Endocannabinoid System' is present on page  using regular expression

2019-06-25 18:06:10 - [MESSAGE][PASSED] - Text 'The Endocannabinoid System' is present on page  using regular expression

2019-06-25 18:06:10 - [TEST_STEP][PASSED] - delay(2): Delayed 2 second(s)

2019-06-25 18:06:12 - [MESSAGE][PASSED] - Delayed 2 second(s)

2019-06-25 18:06:12 - [TEST_STEP][PASSED] - click(findTestObject("OCS-DESKTOP/Age gate and Mega menu/Header/LEARN menu - En"), CONTINUE_ON_FAILURE): Object: 'Object Repository/OCS-DESKTOP/Age gate and Mega menu/Header/LEARN menu - En' is clicked on

2019-06-25 18:06:12 - [MESSAGE][PASSED] - Object: 'Object Repository/OCS-DESKTOP/Age gate and Mega menu/Header/LEARN menu - En' is clicked on

2019-06-25 18:06:12 - [TEST_STEP][PASSED] - delay(2, CONTINUE_ON_FAILURE): Delayed 2 second(s)

2019-06-25 18:06:14 - [MESSAGE][PASSED] - Delayed 2 second(s)

2019-06-25 18:06:14 - [TEST_STEP][FAILED] - click(findTestObject("OCS-DESKTOP/LEARN page/Read More -1")): click(findTestObject("OCS-DESKTOP/LEARN page/Read More -1")) FAILED.
Reason:
com.kms.katalon.core.exception.StepFailedException: Unable to click on object 'Object Repository/OCS-DESKTOP/LEARN page/Read More -1' (Root cause: com.kms.katalon.core.webui.exception.WebElementNotFoundException: Web element with id: 'Object Repository/OCS-DESKTOP/LEARN page/Read More -1' located by 'By.xpath: /html[1]/body[1]/div[1]/header[1]/div[2]/div[1]/div[2]/div[1]/div[1]/div[1]/nav[1]/ul[1]/li[3]/div[1]/div[2]/ul[1]/li[1]/div[1]/div[1]/a[1]' not found)
	at com.kms.katalon.core.keyword.internal.KeywordMain.stepFailed(KeywordMain.groovy:36)
	at com.kms.katalon.core.webui.keyword.internal.WebUIKeywordMain.stepFailed(WebUIKeywordMain.groovy:65)
	at com.kms.katalon.core.webui.keyword.internal.WebUIKeywordMain.runKeyword(WebUIKeywordMain.groovy:27)
	at com.kms.katalon.core.webui.keyword.builtin.ClickKeyword.click(ClickKeyword.groovy:86)
	at com.kms.katalon.core.webui.keyword.builtin.ClickKeyword.execute(ClickKeyword.groovy:67)
	at com.kms.katalon.core.keyword.internal.KeywordExecutor.executeKeywordForPlatform(KeywordExecutor.groovy:53)
	at com.kms.katalon.core.webui.keyword.WebUiBuiltInKeywords.click(WebUiBuiltInKeywords.groovy:616)
	at com.kms.katalon.core.webui.keyword.WebUiBuiltInKeywords$click$4.call(Unknown Source)
	at HP- Burger menu- Learn.run(HP- Burger menu- Learn:52)
	at com.kms.katalon.core.main.ScriptEngine.run(ScriptEngine.java:194)
	at com.kms.katalon.core.main.ScriptEngine.runScriptAsRawText(ScriptEngine.java:119)
	at com.kms.katalon.core.main.TestCaseExecutor.runScript(TestCaseExecutor.java:328)
	at com.kms.katalon.core.main.TestCaseExecutor.doExecute(TestCaseExecutor.java:319)
	at com.kms.katalon.core.main.TestCaseExecutor.processExecutionPhase(TestCaseExecutor.java:298)
	at com.kms.katalon.core.main.TestCaseExecutor.accessMainPhase(TestCaseExecutor.java:290)
	at com.kms.katalon.core.main.TestCaseExecutor.execute(TestCaseExecutor.java:224)
	at com.kms.katalon.core.main.TestSuiteExecutor.accessTestCaseMainPhase(TestSuiteExecutor.java:129)
	at com.kms.katalon.core.main.TestSuiteExecutor.accessTestSuiteMainPhase(TestSuiteExecutor.java:112)
	at com.kms.katalon.core.main.TestSuiteExecutor.execute(TestSuiteExecutor.java:81)
	at com.kms.katalon.core.main.TestCaseMain.startTestSuite(TestCaseMain.java:149)
	at com.kms.katalon.core.main.TestCaseMain$startTestSuite$0.call(Unknown Source)
	at TempTestSuite1561499172132.run(TempTestSuite1561499172132.groovy:36)


2019-06-25 18:06:45 - [MESSAGE][INFO] - Unable to find the element located by 'By.xpath: /html[1]/body[1]/div[1]/header[1]/div[2]/div[1]/div[2]/div[1]/div[1]/div[1]/nav[1]/ul[1]/li[3]/div[1]/div[2]/ul[1]/li[1]/div[1]/div[1]/a[1]'. Please recheck the objects properties to make sure the desired element is located. 

2019-06-25 18:06:46 - [MESSAGE][FAILED] - Unable to click on object 'Object Repository/OCS-DESKTOP/LEARN page/Read More -1' (Root cause: com.kms.katalon.core.webui.exception.WebElementNotFoundException: Web element with id: 'Object Repository/OCS-DESKTOP/LEARN page/Read More -1' located by 'By.xpath: /html[1]/body[1]/div[1]/header[1]/div[2]/div[1]/div[2]/div[1]/div[1]/div[1]/nav[1]/ul[1]/li[3]/div[1]/div[2]/ul[1]/li[1]/div[1]/div[1]/a[1]' not found)
[[ATTACHMENT|/Users/sumankompelly/Relative xpath-Desktop/Reports/OCS - 1.10.2.1/20190625_174612/1561500405437.png]]

2019-06-25 18:06:46 - [MESSAGE][FAILED] - click(findTestObject("OCS-DESKTOP/LEARN page/Read More -1")) FAILED.
Reason:
com.kms.katalon.core.exception.StepFailedException: Unable to click on object 'Object Repository/OCS-DESKTOP/LEARN page/Read More -1' (Root cause: com.kms.katalon.core.webui.exception.WebElementNotFoundException: Web element with id: 'Object Repository/OCS-DESKTOP/LEARN page/Read More -1' located by 'By.xpath: /html[1]/body[1]/div[1]/header[1]/div[2]/div[1]/div[2]/div[1]/div[1]/div[1]/nav[1]/ul[1]/li[3]/div[1]/div[2]/ul[1]/li[1]/div[1]/div[1]/a[1]' not found)
	at com.kms.katalon.core.keyword.internal.KeywordMain.stepFailed(KeywordMain.groovy:36)
	at com.kms.katalon.core.webui.keyword.internal.WebUIKeywordMain.stepFailed(WebUIKeywordMain.groovy:65)
	at com.kms.katalon.core.webui.keyword.internal.WebUIKeywordMain.runKeyword(WebUIKeywordMain.groovy:27)
	at com.kms.katalon.core.webui.keyword.builtin.ClickKeyword.click(ClickKeyword.groovy:86)
	at com.kms.katalon.core.webui.keyword.builtin.ClickKeyword.execute(ClickKeyword.groovy:67)
	at com.kms.katalon.core.keyword.internal.KeywordExecutor.executeKeywordForPlatform(KeywordExecutor.groovy:53)
	at com.kms.katalon.core.webui.keyword.WebUiBuiltInKeywords.click(WebUiBuiltInKeywords.groovy:616)
	at com.kms.katalon.core.webui.keyword.WebUiBuiltInKeywords$click$4.call(Unknown Source)
	at HP- Burger menu- Learn.run(HP- Burger menu- Learn:52)
	at com.kms.katalon.core.main.ScriptEngine.run(ScriptEngine.java:194)
	at com.kms.katalon.core.main.ScriptEngine.runScriptAsRawText(ScriptEngine.java:119)
	at com.kms.katalon.core.main.TestCaseExecutor.runScript(TestCaseExecutor.java:328)
	at com.kms.katalon.core.main.TestCaseExecutor.doExecute(TestCaseExecutor.java:319)
	at com.kms.katalon.core.main.TestCaseExecutor.processExecutionPhase(TestCaseExecutor.java:298)
	at com.kms.katalon.core.main.TestCaseExecutor.accessMainPhase(TestCaseExecutor.java:290)
	at com.kms.katalon.core.main.TestCaseExecutor.execute(TestCaseExecutor.java:224)
	at com.kms.katalon.core.main.TestSuiteExecutor.accessTestCaseMainPhase(TestSuiteExecutor.java:129)
	at com.kms.katalon.core.main.TestSuiteExecutor.accessTestSuiteMainPhase(TestSuiteExecutor.java:112)
	at com.kms.katalon.core.main.TestSuiteExecutor.execute(TestSuiteExecutor.java:81)
	at com.kms.katalon.core.main.TestCaseMain.startTestSuite(TestCaseMain.java:149)
	at com.kms.katalon.core.main.TestCaseMain$startTestSuite$0.call(Unknown Source)
	at TempTestSuite1561499172132.run(TempTestSuite1561499172132.groovy:36)]]></system-out>
         <system-err><![CDATA[2019-06-25 18:05:35 - [TEST_CASE][FAILED] - Test Cases/OCS - DESKTOP/OCS- HOME PAGE/HP- Burger menu- Learn: Test Cases/OCS - DESKTOP/OCS- HOME PAGE/HP- Burger menu- Learn FAILED.
Reason:
com.kms.katalon.core.exception.StepFailedException: Unable to click on object 'Object Repository/OCS-DESKTOP/LEARN page/Read More -1' (Root cause: com.kms.katalon.core.webui.exception.WebElementNotFoundException: Web element with id: 'Object Repository/OCS-DESKTOP/LEARN page/Read More -1' located by 'By.xpath: /html[1]/body[1]/div[1]/header[1]/div[2]/div[1]/div[2]/div[1]/div[1]/div[1]/nav[1]/ul[1]/li[3]/div[1]/div[2]/ul[1]/li[1]/div[1]/div[1]/a[1]' not found)
	at com.kms.katalon.core.keyword.internal.KeywordMain.stepFailed(KeywordMain.groovy:36)
	at com.kms.katalon.core.webui.keyword.internal.WebUIKeywordMain.stepFailed(WebUIKeywordMain.groovy:65)
	at com.kms.katalon.core.webui.keyword.internal.WebUIKeywordMain.runKeyword(WebUIKeywordMain.groovy:27)
	at com.kms.katalon.core.webui.keyword.builtin.ClickKeyword.click(ClickKeyword.groovy:86)
	at com.kms.katalon.core.webui.keyword.builtin.ClickKeyword.execute(ClickKeyword.groovy:67)
	at com.kms.katalon.core.keyword.internal.KeywordExecutor.executeKeywordForPlatform(KeywordExecutor.groovy:53)
	at com.kms.katalon.core.webui.keyword.WebUiBuiltInKeywords.click(WebUiBuiltInKeywords.groovy:616)
	at com.kms.katalon.core.webui.keyword.WebUiBuiltInKeywords$click$4.call(Unknown Source)
	at HP- Burger menu- Learn.run(HP- Burger menu- Learn:52)
	at com.kms.katalon.core.main.ScriptEngine.run(ScriptEngine.java:194)
	at com.kms.katalon.core.main.ScriptEngine.runScriptAsRawText(ScriptEngine.java:119)
	at com.kms.katalon.core.main.TestCaseExecutor.runScript(TestCaseExecutor.java:328)
	at com.kms.katalon.core.main.TestCaseExecutor.doExecute(TestCaseExecutor.java:319)
	at com.kms.katalon.core.main.TestCaseExecutor.processExecutionPhase(TestCaseExecutor.java:298)
	at com.kms.katalon.core.main.TestCaseExecutor.accessMainPhase(TestCaseExecutor.java:290)
	at com.kms.katalon.core.main.TestCaseExecutor.execute(TestCaseExecutor.java:224)
	at com.kms.katalon.core.main.TestSuiteExecutor.accessTestCaseMainPhase(TestSuiteExecutor.java:129)
	at com.kms.katalon.core.main.TestSuiteExecutor.accessTestSuiteMainPhase(TestSuiteExecutor.java:112)
	at com.kms.katalon.core.main.TestSuiteExecutor.execute(TestSuiteExecutor.java:81)
	at com.kms.katalon.core.main.TestCaseMain.startTestSuite(TestCaseMain.java:149)
	at com.kms.katalon.core.main.TestCaseMain$startTestSuite$0.call(Unknown Source)
	at TempTestSuite1561499172132.run(TempTestSuite1561499172132.groovy:36)]]></system-err>
      </testcase>
      <testcase name="Test Cases/OCS - DESKTOP/OCS- PRODUCT PAGE/Add to bag CTA" classname="Test Cases/OCS - DESKTOP/OCS- PRODUCT PAGE/Add to bag CTA" status="PASSED">
         <system-out><![CDATA[2019-06-25 18:06:46 - [TEST_CASE][PASSED] - Test Cases/OCS - DESKTOP/OCS- PRODUCT PAGE/Add to bag CTA: Test Cases/OCS - DESKTOP/OCS- PRODUCT PAGE/Add to bag CTA

2019-06-25 18:06:46 - [TEST_STEP][PASSED] - callTestCase(findTestCase("OCS - DESKTOP/CALL - PDP"), [:], STOP_ON_FAILURE): Call Test Case 'Test Cases/OCS - DESKTOP/CALL - PDP' successfully

2019-06-25 18:06:46 - [TEST_CASE][PASSED] - Test Cases/OCS - DESKTOP/CALL - PDP: Test Cases/OCS - DESKTOP/CALL - PDP

2019-06-25 18:06:46 - [TEST_STEP][PASSED] - openBrowser(""): Browser is opened with url: ''

2019-06-25 18:06:46 - [MESSAGE][WARNING] - A browser is already opened. Closing browser and opening a new one

2019-06-25 18:06:46 - [MESSAGE][INFO] - Starting 'Chrome' driver

2019-06-25 18:06:47 - [MESSAGE][PASSED] - Browser is opened with url: ''

2019-06-25 18:06:47 - [TEST_STEP][PASSED] - navigateToUrl("https://ocs.ca/?fts=0&preview_theme_id=72920106828"): Navigate to 'https://ocs.ca/?fts=0&preview_theme_id=72920106828' successfully

2019-06-25 18:06:52 - [MESSAGE][PASSED] - Navigate to 'https://ocs.ca/?fts=0&preview_theme_id=72920106828' successfully

2019-06-25 18:06:52 - [TEST_STEP][PASSED] - maximizeWindow(): Current window maximized

2019-06-25 18:06:52 - [MESSAGE][PASSED] - Current window maximized

2019-06-25 18:06:52 - [TEST_STEP][PASSED] - executeJavaScript("var previewBar = document.getElementById("preview-bar-iframe"); previewBar.style.display = "none";", []): Execute JavaScript 'var previewBar = document.getElementById("preview-bar-iframe"); previewBar.style.display = "none";' successfully

2019-06-25 18:06:52 - [MESSAGE][PASSED] - Execute JavaScript 'var previewBar = document.getElementById("preview-bar-iframe"); previewBar.style.display = "none";' successfully

2019-06-25 18:06:52 - [TEST_STEP][PASSED] - delay(4): Delayed 4 second(s)

2019-06-25 18:06:56 - [MESSAGE][PASSED] - Delayed 4 second(s)

2019-06-25 18:06:56 - [TEST_STEP][PASSED] - selectOptionByValue(findTestObject("OCS-DESKTOP/Age gate and Mega menu/Date"), "12", true): All options with value '12' are selected in object 'Object Repository/OCS-DESKTOP/Age gate and Mega menu/Date'  using regular expression

2019-06-25 18:06:56 - [MESSAGE][PASSED] - All options with value '12' are selected in object 'Object Repository/OCS-DESKTOP/Age gate and Mega menu/Date'  using regular expression

2019-06-25 18:06:56 - [TEST_STEP][PASSED] - selectOptionByValue(findTestObject("OCS-DESKTOP/Age gate and Mega menu/month"), "6", true): All options with value '6' are selected in object 'Object Repository/OCS-DESKTOP/Age gate and Mega menu/month'  using regular expression

2019-06-25 18:06:57 - [MESSAGE][PASSED] - All options with value '6' are selected in object 'Object Repository/OCS-DESKTOP/Age gate and Mega menu/month'  using regular expression

2019-06-25 18:06:57 - [TEST_STEP][PASSED] - delay(2): Delayed 2 second(s)

2019-06-25 18:06:59 - [MESSAGE][PASSED] - Delayed 2 second(s)

2019-06-25 18:06:59 - [TEST_STEP][PASSED] - selectOptionByValue(findTestObject("OCS-DESKTOP/Age gate and Mega menu/Year Dropdown"), "1990", true): All options with value '1990' are selected in object 'Object Repository/OCS-DESKTOP/Age gate and Mega menu/Year Dropdown'  using regular expression

2019-06-25 18:07:00 - [MESSAGE][PASSED] - All options with value '1990' are selected in object 'Object Repository/OCS-DESKTOP/Age gate and Mega menu/Year Dropdown'  using regular expression

2019-06-25 18:07:00 - [TEST_STEP][PASSED] - click(findTestObject("OCS-DESKTOP/Age gate and Mega menu/button_Verify")): Object: 'Object Repository/OCS-DESKTOP/Age gate and Mega menu/button_Verify' is clicked on

2019-06-25 18:07:00 - [MESSAGE][PASSED] - Object: 'Object Repository/OCS-DESKTOP/Age gate and Mega menu/button_Verify' is clicked on

2019-06-25 18:07:00 - [TEST_STEP][PASSED] - click(findTestObject("OCS-DESKTOP/Age gate and Mega menu/Checkbox_CONFIRM AND ACKNOWLEDGE")): Object: 'Object Repository/OCS-DESKTOP/Age gate and Mega menu/Checkbox_CONFIRM AND ACKNOWLEDGE' is clicked on

2019-06-25 18:07:00 - [MESSAGE][PASSED] - Object: 'Object Repository/OCS-DESKTOP/Age gate and Mega menu/Checkbox_CONFIRM AND ACKNOWLEDGE' is clicked on

2019-06-25 18:07:00 - [TEST_STEP][PASSED] - click(findTestObject("OCS-DESKTOP/Age gate and Mega menu/button_CONFIRM")): Object: 'Object Repository/OCS-DESKTOP/Age gate and Mega menu/button_CONFIRM' is clicked on

2019-06-25 18:07:00 - [MESSAGE][PASSED] - Object: 'Object Repository/OCS-DESKTOP/Age gate and Mega menu/button_CONFIRM' is clicked on

2019-06-25 18:07:00 - [TEST_STEP][PASSED] - click(findTestObject("OCS-DESKTOP/Age gate and Mega menu/button_Start Browsing")): Object: 'Object Repository/OCS-DESKTOP/Age gate and Mega menu/button_Start Browsing' is clicked on

2019-06-25 18:07:00 - [MESSAGE][PASSED] - Object: 'Object Repository/OCS-DESKTOP/Age gate and Mega menu/button_Start Browsing' is clicked on

2019-06-25 18:07:00 - [TEST_STEP][PASSED] - refresh(): Refresh successfully

2019-06-25 18:07:00 - [MESSAGE][PASSED] - Refresh successfully

2019-06-25 18:07:00 - [TEST_STEP][PASSED] - delay(2): Delayed 2 second(s)

2019-06-25 18:07:02 - [MESSAGE][PASSED] - Delayed 2 second(s)

2019-06-25 18:07:02 - [TEST_STEP][PASSED] - click(findTestObject("OCS-DESKTOP/Age gate and Mega menu/Header/CANNABIS menu - English")): Object: 'Object Repository/OCS-DESKTOP/Age gate and Mega menu/Header/CANNABIS menu - English' is clicked on

2019-06-25 18:07:03 - [MESSAGE][PASSED] - Object: 'Object Repository/OCS-DESKTOP/Age gate and Mega menu/Header/CANNABIS menu - English' is clicked on

2019-06-25 18:07:03 - [TEST_STEP][PASSED] - delay(2): Delayed 2 second(s)

2019-06-25 18:07:05 - [MESSAGE][PASSED] - Delayed 2 second(s)

2019-06-25 18:07:05 - [TEST_STEP][PASSED] - click(findTestObject("OCS-DESKTOP/Age gate and Mega menu/Indica Dominant_Menu item")): Object: 'Object Repository/OCS-DESKTOP/Age gate and Mega menu/Indica Dominant_Menu item' is clicked on

2019-06-25 18:07:07 - [MESSAGE][PASSED] - Object: 'Object Repository/OCS-DESKTOP/Age gate and Mega menu/Indica Dominant_Menu item' is clicked on

2019-06-25 18:07:07 - [TEST_STEP][PASSED] - delay(2): Delayed 2 second(s)

2019-06-25 18:07:09 - [MESSAGE][PASSED] - Delayed 2 second(s)

2019-06-25 18:07:09 - [TEST_STEP][PASSED] - scrollToElement(findTestObject("OCS-DESKTOP/Collection page/Product image - 1st one"), 0): Scroll to object 'Object Repository/OCS-DESKTOP/Collection page/Product image - 1st one' successfully

2019-06-25 18:07:09 - [MESSAGE][WARNING] - Timeout '0' is invalid. Using default page load timeout: '30'

2019-06-25 18:07:09 - [MESSAGE][PASSED] - Scroll to object 'Object Repository/OCS-DESKTOP/Collection page/Product image - 1st one' successfully

2019-06-25 18:07:09 - [TEST_STEP][PASSED] - delay(2): Delayed 2 second(s)

2019-06-25 18:07:11 - [MESSAGE][PASSED] - Delayed 2 second(s)

2019-06-25 18:07:11 - [TEST_STEP][PASSED] - click(findTestObject("OCS-DESKTOP/Collection page/Product image - 1st one")): Object: 'Object Repository/OCS-DESKTOP/Collection page/Product image - 1st one' is clicked on

2019-06-25 18:07:14 - [MESSAGE][PASSED] - Object: 'Object Repository/OCS-DESKTOP/Collection page/Product image - 1st one' is clicked on

2019-06-25 18:07:14 - [TEST_STEP][PASSED] - executeJavaScript("var previewBar = document.getElementById("preview-bar-iframe"); previewBar.style.display = "none";", []): Execute JavaScript 'var previewBar = document.getElementById("preview-bar-iframe"); previewBar.style.display = "none";' successfully

2019-06-25 18:07:14 - [MESSAGE][PASSED] - Execute JavaScript 'var previewBar = document.getElementById("preview-bar-iframe"); previewBar.style.display = "none";' successfully

2019-06-25 18:07:14 - [TEST_STEP][PASSED] - delay(2): Delayed 2 second(s)

2019-06-25 18:07:16 - [MESSAGE][PASSED] - Delayed 2 second(s)

2019-06-25 18:07:16 - [MESSAGE][PASSED] - Call Test Case 'Test Cases/OCS - DESKTOP/CALL - PDP' successfully

2019-06-25 18:07:16 - [TEST_STEP][NOT_RUN] - scrollToElement(findTestObject("OCS-DESKTOP/Product page/Product image"), 1): NOT_RUN: scrollToElement(findTestObject("OCS-DESKTOP/Product page/Product image"), 1)

2019-06-25 18:07:16 - [MESSAGE][NOT_RUN] - NOT_RUN: scrollToElement(findTestObject("OCS-DESKTOP/Product page/Product image"), 1)

2019-06-25 18:07:16 - [TEST_STEP][PASSED] - delay(2): Delayed 2 second(s)

2019-06-25 18:07:18 - [MESSAGE][PASSED] - Delayed 2 second(s)

2019-06-25 18:07:18 - [TEST_STEP][PASSED] - click(findTestObject("OCS-DESKTOP/Product page/Swatch_1g")): Object: 'Object Repository/OCS-DESKTOP/Product page/Swatch_1g' is clicked on

2019-06-25 18:07:18 - [MESSAGE][PASSED] - Object: 'Object Repository/OCS-DESKTOP/Product page/Swatch_1g' is clicked on

2019-06-25 18:07:18 - [TEST_STEP][PASSED] - scrollToElement(findTestObject("OCS-DESKTOP/Product page/Swatch_3.5g"), 1): Scroll to object 'Object Repository/OCS-DESKTOP/Product page/Swatch_3.5g' successfully

2019-06-25 18:07:18 - [MESSAGE][PASSED] - Scroll to object 'Object Repository/OCS-DESKTOP/Product page/Swatch_3.5g' successfully

2019-06-25 18:07:18 - [TEST_STEP][PASSED] - delay(2): Delayed 2 second(s)

2019-06-25 18:07:20 - [MESSAGE][PASSED] - Delayed 2 second(s)

2019-06-25 18:07:20 - [TEST_STEP][PASSED] - click(findTestObject("OCS-DESKTOP/Product page/Add to Bag-button")): Object: 'Object Repository/OCS-DESKTOP/Product page/Add to Bag-button' is clicked on

2019-06-25 18:07:20 - [MESSAGE][PASSED] - Object: 'Object Repository/OCS-DESKTOP/Product page/Add to Bag-button' is clicked on

2019-06-25 18:07:20 - [TEST_STEP][PASSED] - delay(1): Delayed 1 second(s)

2019-06-25 18:07:21 - [MESSAGE][PASSED] - Delayed 1 second(s)

2019-06-25 18:07:21 - [TEST_STEP][NOT_RUN] - click(findTestObject("OCS-DESKTOP/Home - page/Cart icon -bag")): NOT_RUN: click(findTestObject("OCS-DESKTOP/Home - page/Cart icon -bag"))

2019-06-25 18:07:21 - [MESSAGE][NOT_RUN] - NOT_RUN: click(findTestObject("OCS-DESKTOP/Home - page/Cart icon -bag"))

2019-06-25 18:07:21 - [TEST_STEP][PASSED] - delay(1): Delayed 1 second(s)

2019-06-25 18:07:22 - [MESSAGE][PASSED] - Delayed 1 second(s)

2019-06-25 18:07:22 - [TEST_STEP][PASSED] - verifyElementPresent(findTestObject("OCS-DESKTOP/Cart flyout/Cart - 1st item"), 2): Object 'Object Repository/OCS-DESKTOP/Cart flyout/Cart - 1st item' is present

2019-06-25 18:07:22 - [MESSAGE][PASSED] - Object 'Object Repository/OCS-DESKTOP/Cart flyout/Cart - 1st item' is present

2019-06-25 18:07:22 - [TEST_STEP][PASSED] - delay(1): Delayed 1 second(s)

2019-06-25 18:07:23 - [MESSAGE][PASSED] - Delayed 1 second(s)

2019-06-25 18:07:23 - [TEST_STEP][PASSED] - click(findTestObject("OCS-DESKTOP/Cart flyout/Back icon")): Object: 'Object Repository/OCS-DESKTOP/Cart flyout/Back icon' is clicked on

2019-06-25 18:07:23 - [MESSAGE][PASSED] - Object: 'Object Repository/OCS-DESKTOP/Cart flyout/Back icon' is clicked on

2019-06-25 18:07:23 - [TEST_STEP][PASSED] - closeBrowser(): Browser is closed

2019-06-25 18:07:23 - [MESSAGE][PASSED] - Browser is closed]]></system-out>
         <system-err><![CDATA[]]></system-err>
      </testcase>
      <testcase name="Test Cases/OCS - DESKTOP/OCS- PRODUCT PAGE/Shop all of our products" classname="Test Cases/OCS - DESKTOP/OCS- PRODUCT PAGE/Shop all of our products" status="PASSED">
         <system-out><![CDATA[2019-06-25 18:07:23 - [TEST_CASE][PASSED] - Test Cases/OCS - DESKTOP/OCS- PRODUCT PAGE/Shop all of our products: Test Cases/OCS - DESKTOP/OCS- PRODUCT PAGE/Shop all of our products

2019-06-25 18:07:24 - [TEST_STEP][PASSED] - callTestCase(findTestCase("OCS - DESKTOP/CALL - PDP"), [:], STOP_ON_FAILURE): Call Test Case 'Test Cases/OCS - DESKTOP/CALL - PDP' successfully

2019-06-25 18:07:24 - [TEST_CASE][PASSED] - Test Cases/OCS - DESKTOP/CALL - PDP: Test Cases/OCS - DESKTOP/CALL - PDP

2019-06-25 18:07:24 - [TEST_STEP][PASSED] - openBrowser(""): Browser is opened with url: ''

2019-06-25 18:07:24 - [MESSAGE][INFO] - Starting 'Chrome' driver

2019-06-25 18:07:25 - [MESSAGE][PASSED] - Browser is opened with url: ''

2019-06-25 18:07:25 - [TEST_STEP][PASSED] - navigateToUrl("https://ocs.ca/?fts=0&preview_theme_id=72920106828"): Navigate to 'https://ocs.ca/?fts=0&preview_theme_id=72920106828' successfully

2019-06-25 18:07:30 - [MESSAGE][PASSED] - Navigate to 'https://ocs.ca/?fts=0&preview_theme_id=72920106828' successfully

2019-06-25 18:07:30 - [TEST_STEP][PASSED] - maximizeWindow(): Current window maximized

2019-06-25 18:07:31 - [MESSAGE][PASSED] - Current window maximized

2019-06-25 18:07:31 - [TEST_STEP][PASSED] - executeJavaScript("var previewBar = document.getElementById("preview-bar-iframe"); previewBar.style.display = "none";", []): Execute JavaScript 'var previewBar = document.getElementById("preview-bar-iframe"); previewBar.style.display = "none";' successfully

2019-06-25 18:07:31 - [MESSAGE][PASSED] - Execute JavaScript 'var previewBar = document.getElementById("preview-bar-iframe"); previewBar.style.display = "none";' successfully

2019-06-25 18:07:31 - [TEST_STEP][PASSED] - delay(4): Delayed 4 second(s)

2019-06-25 18:07:35 - [MESSAGE][PASSED] - Delayed 4 second(s)

2019-06-25 18:07:35 - [TEST_STEP][PASSED] - selectOptionByValue(findTestObject("OCS-DESKTOP/Age gate and Mega menu/Date"), "12", true): All options with value '12' are selected in object 'Object Repository/OCS-DESKTOP/Age gate and Mega menu/Date'  using regular expression

2019-06-25 18:07:35 - [MESSAGE][PASSED] - All options with value '12' are selected in object 'Object Repository/OCS-DESKTOP/Age gate and Mega menu/Date'  using regular expression

2019-06-25 18:07:35 - [TEST_STEP][PASSED] - selectOptionByValue(findTestObject("OCS-DESKTOP/Age gate and Mega menu/month"), "6", true): All options with value '6' are selected in object 'Object Repository/OCS-DESKTOP/Age gate and Mega menu/month'  using regular expression

2019-06-25 18:07:35 - [MESSAGE][PASSED] - All options with value '6' are selected in object 'Object Repository/OCS-DESKTOP/Age gate and Mega menu/month'  using regular expression

2019-06-25 18:07:35 - [TEST_STEP][PASSED] - delay(2): Delayed 2 second(s)

2019-06-25 18:07:37 - [MESSAGE][PASSED] - Delayed 2 second(s)

2019-06-25 18:07:37 - [TEST_STEP][PASSED] - selectOptionByValue(findTestObject("OCS-DESKTOP/Age gate and Mega menu/Year Dropdown"), "1990", true): All options with value '1990' are selected in object 'Object Repository/OCS-DESKTOP/Age gate and Mega menu/Year Dropdown'  using regular expression

2019-06-25 18:07:38 - [MESSAGE][PASSED] - All options with value '1990' are selected in object 'Object Repository/OCS-DESKTOP/Age gate and Mega menu/Year Dropdown'  using regular expression

2019-06-25 18:07:38 - [TEST_STEP][PASSED] - click(findTestObject("OCS-DESKTOP/Age gate and Mega menu/button_Verify")): Object: 'Object Repository/OCS-DESKTOP/Age gate and Mega menu/button_Verify' is clicked on

2019-06-25 18:07:38 - [MESSAGE][PASSED] - Object: 'Object Repository/OCS-DESKTOP/Age gate and Mega menu/button_Verify' is clicked on

2019-06-25 18:07:38 - [TEST_STEP][PASSED] - click(findTestObject("OCS-DESKTOP/Age gate and Mega menu/Checkbox_CONFIRM AND ACKNOWLEDGE")): Object: 'Object Repository/OCS-DESKTOP/Age gate and Mega menu/Checkbox_CONFIRM AND ACKNOWLEDGE' is clicked on

2019-06-25 18:07:38 - [MESSAGE][PASSED] - Object: 'Object Repository/OCS-DESKTOP/Age gate and Mega menu/Checkbox_CONFIRM AND ACKNOWLEDGE' is clicked on

2019-06-25 18:07:38 - [TEST_STEP][PASSED] - click(findTestObject("OCS-DESKTOP/Age gate and Mega menu/button_CONFIRM")): Object: 'Object Repository/OCS-DESKTOP/Age gate and Mega menu/button_CONFIRM' is clicked on

2019-06-25 18:07:38 - [MESSAGE][PASSED] - Object: 'Object Repository/OCS-DESKTOP/Age gate and Mega menu/button_CONFIRM' is clicked on

2019-06-25 18:07:38 - [TEST_STEP][PASSED] - click(findTestObject("OCS-DESKTOP/Age gate and Mega menu/button_Start Browsing")): Object: 'Object Repository/OCS-DESKTOP/Age gate and Mega menu/button_Start Browsing' is clicked on

2019-06-25 18:07:38 - [MESSAGE][PASSED] - Object: 'Object Repository/OCS-DESKTOP/Age gate and Mega menu/button_Start Browsing' is clicked on

2019-06-25 18:07:38 - [TEST_STEP][PASSED] - refresh(): Refresh successfully

2019-06-25 18:07:38 - [MESSAGE][PASSED] - Refresh successfully

2019-06-25 18:07:38 - [TEST_STEP][PASSED] - delay(2): Delayed 2 second(s)

2019-06-25 18:07:40 - [MESSAGE][PASSED] - Delayed 2 second(s)

2019-06-25 18:07:40 - [TEST_STEP][PASSED] - click(findTestObject("OCS-DESKTOP/Age gate and Mega menu/Header/CANNABIS menu - English")): Object: 'Object Repository/OCS-DESKTOP/Age gate and Mega menu/Header/CANNABIS menu - English' is clicked on

2019-06-25 18:07:42 - [MESSAGE][PASSED] - Object: 'Object Repository/OCS-DESKTOP/Age gate and Mega menu/Header/CANNABIS menu - English' is clicked on

2019-06-25 18:07:42 - [TEST_STEP][PASSED] - delay(2): Delayed 2 second(s)

2019-06-25 18:07:44 - [MESSAGE][PASSED] - Delayed 2 second(s)

2019-06-25 18:07:44 - [TEST_STEP][PASSED] - click(findTestObject("OCS-DESKTOP/Age gate and Mega menu/Indica Dominant_Menu item")): Object: 'Object Repository/OCS-DESKTOP/Age gate and Mega menu/Indica Dominant_Menu item' is clicked on

2019-06-25 18:07:47 - [MESSAGE][PASSED] - Object: 'Object Repository/OCS-DESKTOP/Age gate and Mega menu/Indica Dominant_Menu item' is clicked on

2019-06-25 18:07:47 - [TEST_STEP][PASSED] - delay(2): Delayed 2 second(s)

2019-06-25 18:07:49 - [MESSAGE][PASSED] - Delayed 2 second(s)

2019-06-25 18:07:49 - [TEST_STEP][PASSED] - scrollToElement(findTestObject("OCS-DESKTOP/Collection page/Product image - 1st one"), 0): Scroll to object 'Object Repository/OCS-DESKTOP/Collection page/Product image - 1st one' successfully

2019-06-25 18:07:49 - [MESSAGE][WARNING] - Timeout '0' is invalid. Using default page load timeout: '30'

2019-06-25 18:07:49 - [MESSAGE][PASSED] - Scroll to object 'Object Repository/OCS-DESKTOP/Collection page/Product image - 1st one' successfully

2019-06-25 18:07:49 - [TEST_STEP][PASSED] - delay(2): Delayed 2 second(s)

2019-06-25 18:07:51 - [MESSAGE][PASSED] - Delayed 2 second(s)

2019-06-25 18:07:51 - [TEST_STEP][PASSED] - click(findTestObject("OCS-DESKTOP/Collection page/Product image - 1st one")): Object: 'Object Repository/OCS-DESKTOP/Collection page/Product image - 1st one' is clicked on

2019-06-25 18:07:54 - [MESSAGE][PASSED] - Object: 'Object Repository/OCS-DESKTOP/Collection page/Product image - 1st one' is clicked on

2019-06-25 18:07:54 - [TEST_STEP][PASSED] - executeJavaScript("var previewBar = document.getElementById("preview-bar-iframe"); previewBar.style.display = "none";", []): Execute JavaScript 'var previewBar = document.getElementById("preview-bar-iframe"); previewBar.style.display = "none";' successfully

2019-06-25 18:07:54 - [MESSAGE][PASSED] - Execute JavaScript 'var previewBar = document.getElementById("preview-bar-iframe"); previewBar.style.display = "none";' successfully

2019-06-25 18:07:54 - [TEST_STEP][PASSED] - delay(2): Delayed 2 second(s)

2019-06-25 18:07:56 - [MESSAGE][PASSED] - Delayed 2 second(s)

2019-06-25 18:07:56 - [MESSAGE][PASSED] - Call Test Case 'Test Cases/OCS - DESKTOP/CALL - PDP' successfully

2019-06-25 18:07:56 - [TEST_STEP][NOT_RUN] - scrollToElement(findTestObject("OCS-MOBILE /Product page/Recently Viewed/1st Product - Image"), 2): NOT_RUN: scrollToElement(findTestObject("OCS-MOBILE /Product page/Recently Viewed/1st Product - Image"), 2)

2019-06-25 18:07:56 - [MESSAGE][NOT_RUN] - NOT_RUN: scrollToElement(findTestObject("OCS-MOBILE /Product page/Recently Viewed/1st Product - Image"), 2)

2019-06-25 18:07:56 - [TEST_STEP][PASSED] - delay(1, OPTIONAL): Delayed 1 second(s)

2019-06-25 18:07:57 - [MESSAGE][PASSED] - Delayed 1 second(s)

2019-06-25 18:07:57 - [TEST_STEP][PASSED] - click(findTestObject("OCS-DESKTOP/Product page/Shop all of our products - Button")): Object: 'Object Repository/OCS-DESKTOP/Product page/Shop all of our products - Button' is clicked on

2019-06-25 18:07:59 - [MESSAGE][PASSED] - Object: 'Object Repository/OCS-DESKTOP/Product page/Shop all of our products - Button' is clicked on

2019-06-25 18:07:59 - [TEST_STEP][PASSED] - a = getWindowTitle(): Current window's title is: 'All Products | Ontario Cannabis Store'

2019-06-25 18:07:59 - [MESSAGE][PASSED] - Current window's title is: 'All Products | Ontario Cannabis Store'

2019-06-25 18:07:59 - [TEST_STEP][PASSED] - b = "All Products | Ontario Cannabis Store": null

2019-06-25 18:07:59 - [TEST_STEP][PASSED] - comment("WINDOW TITLE: " + a): WINDOW TITLE: All Products | Ontario Cannabis Store

2019-06-25 18:07:59 - [MESSAGE][INFO] - WINDOW TITLE: All Products | Ontario Cannabis Store

2019-06-25 18:07:59 - [TEST_STEP][PASSED] - verifyEqual(a, b): Actual object 'All Products | Ontario Cannabis Store' and expected object 'All Products | Ontario Cannabis Store' are equal

2019-06-25 18:07:59 - [MESSAGE][PASSED] - Actual object 'All Products | Ontario Cannabis Store' and expected object 'All Products | Ontario Cannabis Store' are equal]]></system-out>
         <system-err><![CDATA[]]></system-err>
      </testcase>
      <testcase name="Test Cases/OCS - DESKTOP/OCS- PRODUCT PAGE/Tooltip" classname="Test Cases/OCS - DESKTOP/OCS- PRODUCT PAGE/Tooltip" status="PASSED">
         <system-out><![CDATA[2019-06-25 18:07:59 - [TEST_CASE][PASSED] - Test Cases/OCS - DESKTOP/OCS- PRODUCT PAGE/Tooltip: Test Cases/OCS - DESKTOP/OCS- PRODUCT PAGE/Tooltip

2019-06-25 18:07:59 - [TEST_STEP][PASSED] - callTestCase(findTestCase("OCS - DESKTOP/CALL - PDP"), [:], STOP_ON_FAILURE): Call Test Case 'Test Cases/OCS - DESKTOP/CALL - PDP' successfully

2019-06-25 18:07:59 - [TEST_CASE][PASSED] - Test Cases/OCS - DESKTOP/CALL - PDP: Test Cases/OCS - DESKTOP/CALL - PDP

2019-06-25 18:07:59 - [TEST_STEP][PASSED] - openBrowser(""): Browser is opened with url: ''

2019-06-25 18:07:59 - [MESSAGE][WARNING] - A browser is already opened. Closing browser and opening a new one

2019-06-25 18:08:00 - [MESSAGE][INFO] - Starting 'Chrome' driver

2019-06-25 18:08:01 - [MESSAGE][PASSED] - Browser is opened with url: ''

2019-06-25 18:08:01 - [TEST_STEP][PASSED] - navigateToUrl("https://ocs.ca/?fts=0&preview_theme_id=72920106828"): Navigate to 'https://ocs.ca/?fts=0&preview_theme_id=72920106828' successfully

2019-06-25 18:08:05 - [MESSAGE][PASSED] - Navigate to 'https://ocs.ca/?fts=0&preview_theme_id=72920106828' successfully

2019-06-25 18:08:05 - [TEST_STEP][PASSED] - maximizeWindow(): Current window maximized

2019-06-25 18:08:05 - [MESSAGE][PASSED] - Current window maximized

2019-06-25 18:08:05 - [TEST_STEP][PASSED] - executeJavaScript("var previewBar = document.getElementById("preview-bar-iframe"); previewBar.style.display = "none";", []): Execute JavaScript 'var previewBar = document.getElementById("preview-bar-iframe"); previewBar.style.display = "none";' successfully

2019-06-25 18:08:05 - [MESSAGE][PASSED] - Execute JavaScript 'var previewBar = document.getElementById("preview-bar-iframe"); previewBar.style.display = "none";' successfully

2019-06-25 18:08:05 - [TEST_STEP][PASSED] - delay(4): Delayed 4 second(s)

2019-06-25 18:08:09 - [MESSAGE][PASSED] - Delayed 4 second(s)

2019-06-25 18:08:09 - [TEST_STEP][PASSED] - selectOptionByValue(findTestObject("OCS-DESKTOP/Age gate and Mega menu/Date"), "12", true): All options with value '12' are selected in object 'Object Repository/OCS-DESKTOP/Age gate and Mega menu/Date'  using regular expression

2019-06-25 18:08:10 - [MESSAGE][PASSED] - All options with value '12' are selected in object 'Object Repository/OCS-DESKTOP/Age gate and Mega menu/Date'  using regular expression

2019-06-25 18:08:10 - [TEST_STEP][PASSED] - selectOptionByValue(findTestObject("OCS-DESKTOP/Age gate and Mega menu/month"), "6", true): All options with value '6' are selected in object 'Object Repository/OCS-DESKTOP/Age gate and Mega menu/month'  using regular expression

2019-06-25 18:08:10 - [MESSAGE][PASSED] - All options with value '6' are selected in object 'Object Repository/OCS-DESKTOP/Age gate and Mega menu/month'  using regular expression

2019-06-25 18:08:10 - [TEST_STEP][PASSED] - delay(2): Delayed 2 second(s)

2019-06-25 18:08:12 - [MESSAGE][PASSED] - Delayed 2 second(s)

2019-06-25 18:08:12 - [TEST_STEP][PASSED] - selectOptionByValue(findTestObject("OCS-DESKTOP/Age gate and Mega menu/Year Dropdown"), "1990", true): All options with value '1990' are selected in object 'Object Repository/OCS-DESKTOP/Age gate and Mega menu/Year Dropdown'  using regular expression

2019-06-25 18:08:13 - [MESSAGE][PASSED] - All options with value '1990' are selected in object 'Object Repository/OCS-DESKTOP/Age gate and Mega menu/Year Dropdown'  using regular expression

2019-06-25 18:08:13 - [TEST_STEP][PASSED] - click(findTestObject("OCS-DESKTOP/Age gate and Mega menu/button_Verify")): Object: 'Object Repository/OCS-DESKTOP/Age gate and Mega menu/button_Verify' is clicked on

2019-06-25 18:08:13 - [MESSAGE][PASSED] - Object: 'Object Repository/OCS-DESKTOP/Age gate and Mega menu/button_Verify' is clicked on

2019-06-25 18:08:13 - [TEST_STEP][PASSED] - click(findTestObject("OCS-DESKTOP/Age gate and Mega menu/Checkbox_CONFIRM AND ACKNOWLEDGE")): Object: 'Object Repository/OCS-DESKTOP/Age gate and Mega menu/Checkbox_CONFIRM AND ACKNOWLEDGE' is clicked on

2019-06-25 18:08:13 - [MESSAGE][PASSED] - Object: 'Object Repository/OCS-DESKTOP/Age gate and Mega menu/Checkbox_CONFIRM AND ACKNOWLEDGE' is clicked on

2019-06-25 18:08:13 - [TEST_STEP][PASSED] - click(findTestObject("OCS-DESKTOP/Age gate and Mega menu/button_CONFIRM")): Object: 'Object Repository/OCS-DESKTOP/Age gate and Mega menu/button_CONFIRM' is clicked on

2019-06-25 18:08:13 - [MESSAGE][PASSED] - Object: 'Object Repository/OCS-DESKTOP/Age gate and Mega menu/button_CONFIRM' is clicked on

2019-06-25 18:08:13 - [TEST_STEP][PASSED] - click(findTestObject("OCS-DESKTOP/Age gate and Mega menu/button_Start Browsing")): Object: 'Object Repository/OCS-DESKTOP/Age gate and Mega menu/button_Start Browsing' is clicked on

2019-06-25 18:08:13 - [MESSAGE][PASSED] - Object: 'Object Repository/OCS-DESKTOP/Age gate and Mega menu/button_Start Browsing' is clicked on

2019-06-25 18:08:13 - [TEST_STEP][PASSED] - refresh(): Refresh successfully

2019-06-25 18:08:13 - [MESSAGE][PASSED] - Refresh successfully

2019-06-25 18:08:13 - [TEST_STEP][PASSED] - delay(2): Delayed 2 second(s)

2019-06-25 18:08:15 - [MESSAGE][PASSED] - Delayed 2 second(s)

2019-06-25 18:08:15 - [TEST_STEP][PASSED] - click(findTestObject("OCS-DESKTOP/Age gate and Mega menu/Header/CANNABIS menu - English")): Object: 'Object Repository/OCS-DESKTOP/Age gate and Mega menu/Header/CANNABIS menu - English' is clicked on

2019-06-25 18:08:17 - [MESSAGE][PASSED] - Object: 'Object Repository/OCS-DESKTOP/Age gate and Mega menu/Header/CANNABIS menu - English' is clicked on

2019-06-25 18:08:17 - [TEST_STEP][PASSED] - delay(2): Delayed 2 second(s)

2019-06-25 18:08:19 - [MESSAGE][PASSED] - Delayed 2 second(s)

2019-06-25 18:08:19 - [TEST_STEP][PASSED] - click(findTestObject("OCS-DESKTOP/Age gate and Mega menu/Indica Dominant_Menu item")): Object: 'Object Repository/OCS-DESKTOP/Age gate and Mega menu/Indica Dominant_Menu item' is clicked on

2019-06-25 18:08:21 - [MESSAGE][PASSED] - Object: 'Object Repository/OCS-DESKTOP/Age gate and Mega menu/Indica Dominant_Menu item' is clicked on

2019-06-25 18:08:21 - [TEST_STEP][PASSED] - delay(2): Delayed 2 second(s)

2019-06-25 18:08:23 - [MESSAGE][PASSED] - Delayed 2 second(s)

2019-06-25 18:08:23 - [TEST_STEP][PASSED] - scrollToElement(findTestObject("OCS-DESKTOP/Collection page/Product image - 1st one"), 0): Scroll to object 'Object Repository/OCS-DESKTOP/Collection page/Product image - 1st one' successfully

2019-06-25 18:08:23 - [MESSAGE][WARNING] - Timeout '0' is invalid. Using default page load timeout: '30'

2019-06-25 18:08:23 - [MESSAGE][PASSED] - Scroll to object 'Object Repository/OCS-DESKTOP/Collection page/Product image - 1st one' successfully

2019-06-25 18:08:23 - [TEST_STEP][PASSED] - delay(2): Delayed 2 second(s)

2019-06-25 18:08:25 - [MESSAGE][PASSED] - Delayed 2 second(s)

2019-06-25 18:08:25 - [TEST_STEP][PASSED] - click(findTestObject("OCS-DESKTOP/Collection page/Product image - 1st one")): Object: 'Object Repository/OCS-DESKTOP/Collection page/Product image - 1st one' is clicked on

2019-06-25 18:08:30 - [MESSAGE][PASSED] - Object: 'Object Repository/OCS-DESKTOP/Collection page/Product image - 1st one' is clicked on

2019-06-25 18:08:30 - [TEST_STEP][PASSED] - executeJavaScript("var previewBar = document.getElementById("preview-bar-iframe"); previewBar.style.display = "none";", []): Execute JavaScript 'var previewBar = document.getElementById("preview-bar-iframe"); previewBar.style.display = "none";' successfully

2019-06-25 18:08:30 - [MESSAGE][PASSED] - Execute JavaScript 'var previewBar = document.getElementById("preview-bar-iframe"); previewBar.style.display = "none";' successfully

2019-06-25 18:08:30 - [TEST_STEP][PASSED] - delay(2): Delayed 2 second(s)

2019-06-25 18:08:32 - [MESSAGE][PASSED] - Delayed 2 second(s)

2019-06-25 18:08:32 - [MESSAGE][PASSED] - Call Test Case 'Test Cases/OCS - DESKTOP/CALL - PDP' successfully

2019-06-25 18:08:32 - [TEST_STEP][PASSED] - mouseOver(findTestObject("OCS-DESKTOP/Product page/Tooltips/THC - Tooltip")): Object: 'Object Repository/OCS-DESKTOP/Product page/Tooltips/THC - Tooltip' is hovered

2019-06-25 18:08:32 - [MESSAGE][PASSED] - Object: 'Object Repository/OCS-DESKTOP/Product page/Tooltips/THC - Tooltip' is hovered

2019-06-25 18:08:32 - [TEST_STEP][PASSED] - takeScreenshot(): Taking screenshot successfully

2019-06-25 18:08:33 - [MESSAGE][PASSED] - Taking screenshot successfully
[[ATTACHMENT|/Users/sumankompelly/Relative xpath-Desktop/Reports/OCS - 1.10.2.1/20190625_174612/1561500512506.png]]

2019-06-25 18:08:33 - [TEST_STEP][PASSED] - delay(2): Delayed 2 second(s)

2019-06-25 18:08:35 - [MESSAGE][PASSED] - Delayed 2 second(s)

2019-06-25 18:08:35 - [TEST_STEP][PASSED] - mouseOver(findTestObject("OCS-DESKTOP/Product page/Tooltips/CBD - Tooltip")): Object: 'Object Repository/OCS-DESKTOP/Product page/Tooltips/CBD - Tooltip' is hovered

2019-06-25 18:08:35 - [MESSAGE][PASSED] - Object: 'Object Repository/OCS-DESKTOP/Product page/Tooltips/CBD - Tooltip' is hovered

2019-06-25 18:08:35 - [TEST_STEP][PASSED] - takeScreenshot(): Taking screenshot successfully

2019-06-25 18:08:35 - [MESSAGE][PASSED] - Taking screenshot successfully
[[ATTACHMENT|/Users/sumankompelly/Relative xpath-Desktop/Reports/OCS - 1.10.2.1/20190625_174612/1561500515084.png]]

2019-06-25 18:08:35 - [TEST_STEP][PASSED] - delay(2): Delayed 2 second(s)

2019-06-25 18:08:37 - [MESSAGE][PASSED] - Delayed 2 second(s)

2019-06-25 18:08:37 - [TEST_STEP][PASSED] - mouseOver(findTestObject("OCS-DESKTOP/Product page/Tooltips/Plant type - Tooltip")): Object: 'Object Repository/OCS-DESKTOP/Product page/Tooltips/Plant type - Tooltip' is hovered

2019-06-25 18:08:37 - [MESSAGE][PASSED] - Object: 'Object Repository/OCS-DESKTOP/Product page/Tooltips/Plant type - Tooltip' is hovered

2019-06-25 18:08:37 - [TEST_STEP][PASSED] - takeScreenshot(): Taking screenshot successfully

2019-06-25 18:08:38 - [MESSAGE][PASSED] - Taking screenshot successfully
[[ATTACHMENT|/Users/sumankompelly/Relative xpath-Desktop/Reports/OCS - 1.10.2.1/20190625_174612/1561500517592.png]]

2019-06-25 18:08:38 - [TEST_STEP][PASSED] - delay(2): Delayed 2 second(s)

2019-06-25 18:08:40 - [MESSAGE][PASSED] - Delayed 2 second(s)

2019-06-25 18:08:40 - [TEST_STEP][PASSED] - click(findTestObject("OCS-DESKTOP/Product page/Tooltips/Terpenes - Tooltip")): Object: 'Object Repository/OCS-DESKTOP/Product page/Tooltips/Terpenes - Tooltip' is clicked on

2019-06-25 18:08:40 - [MESSAGE][PASSED] - Object: 'Object Repository/OCS-DESKTOP/Product page/Tooltips/Terpenes - Tooltip' is clicked on

2019-06-25 18:08:40 - [TEST_STEP][PASSED] - takeScreenshot(): Taking screenshot successfully

2019-06-25 18:08:40 - [MESSAGE][PASSED] - Taking screenshot successfully
[[ATTACHMENT|/Users/sumankompelly/Relative xpath-Desktop/Reports/OCS - 1.10.2.1/20190625_174612/1561500520146.png]]

2019-06-25 18:08:40 - [TEST_STEP][PASSED] - delay(2): Delayed 2 second(s)

2019-06-25 18:08:42 - [MESSAGE][PASSED] - Delayed 2 second(s)

2019-06-25 18:08:42 - [TEST_STEP][PASSED] - scrollToElement(findTestObject("OCS-DESKTOP/Product page/About Product - Section"), 0): Scroll to object 'Object Repository/OCS-DESKTOP/Product page/About Product - Section' successfully

2019-06-25 18:08:42 - [MESSAGE][WARNING] - Timeout '0' is invalid. Using default page load timeout: '30'

2019-06-25 18:08:42 - [MESSAGE][PASSED] - Scroll to object 'Object Repository/OCS-DESKTOP/Product page/About Product - Section' successfully

2019-06-25 18:08:42 - [TEST_STEP][PASSED] - click(findTestObject("OCS-DESKTOP/Product page/Tooltips/THC - Tooltip - About this product")): Object: 'Object Repository/OCS-DESKTOP/Product page/Tooltips/THC - Tooltip - About this product' is clicked on

2019-06-25 18:08:42 - [MESSAGE][PASSED] - Object: 'Object Repository/OCS-DESKTOP/Product page/Tooltips/THC - Tooltip - About this product' is clicked on

2019-06-25 18:08:42 - [TEST_STEP][PASSED] - delay(1): Delayed 1 second(s)

2019-06-25 18:08:43 - [MESSAGE][PASSED] - Delayed 1 second(s)

2019-06-25 18:08:43 - [TEST_STEP][PASSED] - takeScreenshot(): Taking screenshot successfully

2019-06-25 18:08:44 - [MESSAGE][PASSED] - Taking screenshot successfully
[[ATTACHMENT|/Users/sumankompelly/Relative xpath-Desktop/Reports/OCS - 1.10.2.1/20190625_174612/1561500523793.png]]

2019-06-25 18:08:44 - [TEST_STEP][PASSED] - delay(1): Delayed 1 second(s)

2019-06-25 18:08:45 - [MESSAGE][PASSED] - Delayed 1 second(s)

2019-06-25 18:08:45 - [TEST_STEP][NOT_RUN] - click(findTestObject("OCS-DESKTOP/Product page/Tooltips/Close - Tooltip - THC")): NOT_RUN: click(findTestObject("OCS-DESKTOP/Product page/Tooltips/Close - Tooltip - THC"))

2019-06-25 18:08:45 - [MESSAGE][NOT_RUN] - NOT_RUN: click(findTestObject("OCS-DESKTOP/Product page/Tooltips/Close - Tooltip - THC"))

2019-06-25 18:08:45 - [TEST_STEP][PASSED] - delay(1): Delayed 1 second(s)

2019-06-25 18:08:46 - [MESSAGE][PASSED] - Delayed 1 second(s)

2019-06-25 18:08:46 - [TEST_STEP][PASSED] - click(findTestObject("OCS-DESKTOP/Product page/Tooltips/CBD - Tooltip - About this product")): Object: 'Object Repository/OCS-DESKTOP/Product page/Tooltips/CBD - Tooltip - About this product' is clicked on

2019-06-25 18:08:46 - [MESSAGE][PASSED] - Object: 'Object Repository/OCS-DESKTOP/Product page/Tooltips/CBD - Tooltip - About this product' is clicked on

2019-06-25 18:08:46 - [TEST_STEP][PASSED] - delay(1): Delayed 1 second(s)

2019-06-25 18:08:47 - [MESSAGE][PASSED] - Delayed 1 second(s)

2019-06-25 18:08:47 - [TEST_STEP][PASSED] - takeScreenshot(): Taking screenshot successfully

2019-06-25 18:08:47 - [MESSAGE][PASSED] - Taking screenshot successfully
[[ATTACHMENT|/Users/sumankompelly/Relative xpath-Desktop/Reports/OCS - 1.10.2.1/20190625_174612/1561500527356.png]]

2019-06-25 18:08:47 - [TEST_STEP][PASSED] - delay(1): Delayed 1 second(s)

2019-06-25 18:08:48 - [MESSAGE][PASSED] - Delayed 1 second(s)

2019-06-25 18:08:48 - [TEST_STEP][NOT_RUN] - click(findTestObject("OCS-DESKTOP/Product page/Tooltips/Close - Tooltip - CBD")): NOT_RUN: click(findTestObject("OCS-DESKTOP/Product page/Tooltips/Close - Tooltip - CBD"))

2019-06-25 18:08:48 - [MESSAGE][NOT_RUN] - NOT_RUN: click(findTestObject("OCS-DESKTOP/Product page/Tooltips/Close - Tooltip - CBD"))

2019-06-25 18:08:48 - [TEST_STEP][PASSED] - delay(1): Delayed 1 second(s)

2019-06-25 18:08:49 - [MESSAGE][PASSED] - Delayed 1 second(s)

2019-06-25 18:08:49 - [TEST_STEP][PASSED] - click(findTestObject("OCS-DESKTOP/Product page/Tooltips/Plant type - Tooltip - About this product")): Object: 'Object Repository/OCS-DESKTOP/Product page/Tooltips/Plant type - Tooltip - About this product' is clicked on

2019-06-25 18:08:49 - [MESSAGE][PASSED] - Object: 'Object Repository/OCS-DESKTOP/Product page/Tooltips/Plant type - Tooltip - About this product' is clicked on

2019-06-25 18:08:49 - [TEST_STEP][PASSED] - delay(1): Delayed 1 second(s)

2019-06-25 18:08:50 - [MESSAGE][PASSED] - Delayed 1 second(s)

2019-06-25 18:08:50 - [TEST_STEP][PASSED] - takeScreenshot(): Taking screenshot successfully

2019-06-25 18:08:51 - [MESSAGE][PASSED] - Taking screenshot successfully
[[ATTACHMENT|/Users/sumankompelly/Relative xpath-Desktop/Reports/OCS - 1.10.2.1/20190625_174612/1561500530907.png]]

2019-06-25 18:08:51 - [TEST_STEP][PASSED] - delay(1): Delayed 1 second(s)

2019-06-25 18:08:52 - [MESSAGE][PASSED] - Delayed 1 second(s)

2019-06-25 18:08:52 - [TEST_STEP][NOT_RUN] - click(findTestObject("OCS-DESKTOP/Product page/Tooltips/Close - Tooltip - Plant")): NOT_RUN: click(findTestObject("OCS-DESKTOP/Product page/Tooltips/Close - Tooltip - Plant"))

2019-06-25 18:08:52 - [MESSAGE][NOT_RUN] - NOT_RUN: click(findTestObject("OCS-DESKTOP/Product page/Tooltips/Close - Tooltip - Plant"))

2019-06-25 18:08:52 - [TEST_STEP][PASSED] - delay(1): Delayed 1 second(s)

2019-06-25 18:08:53 - [MESSAGE][PASSED] - Delayed 1 second(s)

2019-06-25 18:08:53 - [TEST_STEP][PASSED] - click(findTestObject("OCS-DESKTOP/Product page/Tooltips/Terpenes - Tooltip - About this product")): Object: 'Object Repository/OCS-DESKTOP/Product page/Tooltips/Terpenes - Tooltip - About this product' is clicked on

2019-06-25 18:08:53 - [MESSAGE][PASSED] - Object: 'Object Repository/OCS-DESKTOP/Product page/Tooltips/Terpenes - Tooltip - About this product' is clicked on

2019-06-25 18:08:53 - [TEST_STEP][PASSED] - delay(1): Delayed 1 second(s)

2019-06-25 18:08:54 - [MESSAGE][PASSED] - Delayed 1 second(s)

2019-06-25 18:08:54 - [TEST_STEP][PASSED] - takeScreenshot(): Taking screenshot successfully

2019-06-25 18:08:54 - [MESSAGE][PASSED] - Taking screenshot successfully
[[ATTACHMENT|/Users/sumankompelly/Relative xpath-Desktop/Reports/OCS - 1.10.2.1/20190625_174612/1561500534465.png]]

2019-06-25 18:08:54 - [TEST_STEP][PASSED] - delay(1): Delayed 1 second(s)

2019-06-25 18:08:55 - [MESSAGE][PASSED] - Delayed 1 second(s)

2019-06-25 18:08:55 - [TEST_STEP][NOT_RUN] - click(findTestObject("OCS-DESKTOP/Product page/Tooltips/Close - Tooltip - Terepenes")): NOT_RUN: click(findTestObject("OCS-DESKTOP/Product page/Tooltips/Close - Tooltip - Terepenes"))

2019-06-25 18:08:55 - [MESSAGE][NOT_RUN] - NOT_RUN: click(findTestObject("OCS-DESKTOP/Product page/Tooltips/Close - Tooltip - Terepenes"))

2019-06-25 18:08:55 - [TEST_STEP][PASSED] - delay(1): Delayed 1 second(s)

2019-06-25 18:08:56 - [MESSAGE][PASSED] - Delayed 1 second(s)

2019-06-25 18:08:56 - [TEST_STEP][PASSED] - click(findTestObject("OCS-DESKTOP/Product page/Tooltips/GTIN - Tooltip - About this product")): Object: 'Object Repository/OCS-DESKTOP/Product page/Tooltips/GTIN - Tooltip - About this product' is clicked on

2019-06-25 18:08:57 - [MESSAGE][PASSED] - Object: 'Object Repository/OCS-DESKTOP/Product page/Tooltips/GTIN - Tooltip - About this product' is clicked on

2019-06-25 18:08:57 - [TEST_STEP][PASSED] - delay(1): Delayed 1 second(s)

2019-06-25 18:08:58 - [MESSAGE][PASSED] - Delayed 1 second(s)

2019-06-25 18:08:58 - [TEST_STEP][PASSED] - takeScreenshot(): Taking screenshot successfully

2019-06-25 18:08:58 - [MESSAGE][PASSED] - Taking screenshot successfully
[[ATTACHMENT|/Users/sumankompelly/Relative xpath-Desktop/Reports/OCS - 1.10.2.1/20190625_174612/1561500538034.png]]

2019-06-25 18:08:58 - [TEST_STEP][PASSED] - delay(1): Delayed 1 second(s)

2019-06-25 18:08:59 - [MESSAGE][PASSED] - Delayed 1 second(s)

2019-06-25 18:08:59 - [TEST_STEP][NOT_RUN] - click(findTestObject("OCS-DESKTOP/Product page/Tooltips/Close - Tooltip - GTIN")): NOT_RUN: click(findTestObject("OCS-DESKTOP/Product page/Tooltips/Close - Tooltip - GTIN"))

2019-06-25 18:08:59 - [MESSAGE][NOT_RUN] - NOT_RUN: click(findTestObject("OCS-DESKTOP/Product page/Tooltips/Close - Tooltip - GTIN"))

2019-06-25 18:08:59 - [TEST_STEP][PASSED] - delay(1): Delayed 1 second(s)

2019-06-25 18:09:00 - [MESSAGE][PASSED] - Delayed 1 second(s)]]></system-out>
         <system-err><![CDATA[]]></system-err>
      </testcase>
      <testcase name="Test Cases/OCS - DESKTOP/OCS- PRODUCT PAGE/Show all accessories" classname="Test Cases/OCS - DESKTOP/OCS- PRODUCT PAGE/Show all accessories" status="PASSED">
         <system-out><![CDATA[2019-06-25 18:09:00 - [TEST_CASE][PASSED] - Test Cases/OCS - DESKTOP/OCS- PRODUCT PAGE/Show all accessories: Test Cases/OCS - DESKTOP/OCS- PRODUCT PAGE/Show all accessories

2019-06-25 18:09:00 - [TEST_STEP][PASSED] - callTestCase(findTestCase("OCS - DESKTOP/CALL - PDP"), [:], STOP_ON_FAILURE): Call Test Case 'Test Cases/OCS - DESKTOP/CALL - PDP' successfully

2019-06-25 18:09:00 - [TEST_CASE][PASSED] - Test Cases/OCS - DESKTOP/CALL - PDP: Test Cases/OCS - DESKTOP/CALL - PDP

2019-06-25 18:09:00 - [TEST_STEP][PASSED] - openBrowser(""): Browser is opened with url: ''

2019-06-25 18:09:00 - [MESSAGE][WARNING] - A browser is already opened. Closing browser and opening a new one

2019-06-25 18:09:00 - [MESSAGE][INFO] - Starting 'Chrome' driver

2019-06-25 18:09:01 - [MESSAGE][PASSED] - Browser is opened with url: ''

2019-06-25 18:09:01 - [TEST_STEP][PASSED] - navigateToUrl("https://ocs.ca/?fts=0&preview_theme_id=72920106828"): Navigate to 'https://ocs.ca/?fts=0&preview_theme_id=72920106828' successfully

2019-06-25 18:09:05 - [MESSAGE][PASSED] - Navigate to 'https://ocs.ca/?fts=0&preview_theme_id=72920106828' successfully

2019-06-25 18:09:05 - [TEST_STEP][PASSED] - maximizeWindow(): Current window maximized

2019-06-25 18:09:06 - [MESSAGE][PASSED] - Current window maximized

2019-06-25 18:09:06 - [TEST_STEP][PASSED] - executeJavaScript("var previewBar = document.getElementById("preview-bar-iframe"); previewBar.style.display = "none";", []): Execute JavaScript 'var previewBar = document.getElementById("preview-bar-iframe"); previewBar.style.display = "none";' successfully

2019-06-25 18:09:06 - [MESSAGE][PASSED] - Execute JavaScript 'var previewBar = document.getElementById("preview-bar-iframe"); previewBar.style.display = "none";' successfully

2019-06-25 18:09:06 - [TEST_STEP][PASSED] - delay(4): Delayed 4 second(s)

2019-06-25 18:09:10 - [MESSAGE][PASSED] - Delayed 4 second(s)

2019-06-25 18:09:10 - [TEST_STEP][PASSED] - selectOptionByValue(findTestObject("OCS-DESKTOP/Age gate and Mega menu/Date"), "12", true): All options with value '12' are selected in object 'Object Repository/OCS-DESKTOP/Age gate and Mega menu/Date'  using regular expression

2019-06-25 18:09:10 - [MESSAGE][PASSED] - All options with value '12' are selected in object 'Object Repository/OCS-DESKTOP/Age gate and Mega menu/Date'  using regular expression

2019-06-25 18:09:10 - [TEST_STEP][PASSED] - selectOptionByValue(findTestObject("OCS-DESKTOP/Age gate and Mega menu/month"), "6", true): All options with value '6' are selected in object 'Object Repository/OCS-DESKTOP/Age gate and Mega menu/month'  using regular expression

2019-06-25 18:09:10 - [MESSAGE][PASSED] - All options with value '6' are selected in object 'Object Repository/OCS-DESKTOP/Age gate and Mega menu/month'  using regular expression

2019-06-25 18:09:10 - [TEST_STEP][PASSED] - delay(2): Delayed 2 second(s)

2019-06-25 18:09:12 - [MESSAGE][PASSED] - Delayed 2 second(s)

2019-06-25 18:09:12 - [TEST_STEP][PASSED] - selectOptionByValue(findTestObject("OCS-DESKTOP/Age gate and Mega menu/Year Dropdown"), "1990", true): All options with value '1990' are selected in object 'Object Repository/OCS-DESKTOP/Age gate and Mega menu/Year Dropdown'  using regular expression

2019-06-25 18:09:13 - [MESSAGE][PASSED] - All options with value '1990' are selected in object 'Object Repository/OCS-DESKTOP/Age gate and Mega menu/Year Dropdown'  using regular expression

2019-06-25 18:09:13 - [TEST_STEP][PASSED] - click(findTestObject("OCS-DESKTOP/Age gate and Mega menu/button_Verify")): Object: 'Object Repository/OCS-DESKTOP/Age gate and Mega menu/button_Verify' is clicked on

2019-06-25 18:09:13 - [MESSAGE][PASSED] - Object: 'Object Repository/OCS-DESKTOP/Age gate and Mega menu/button_Verify' is clicked on

2019-06-25 18:09:13 - [TEST_STEP][PASSED] - click(findTestObject("OCS-DESKTOP/Age gate and Mega menu/Checkbox_CONFIRM AND ACKNOWLEDGE")): Object: 'Object Repository/OCS-DESKTOP/Age gate and Mega menu/Checkbox_CONFIRM AND ACKNOWLEDGE' is clicked on

2019-06-25 18:09:13 - [MESSAGE][PASSED] - Object: 'Object Repository/OCS-DESKTOP/Age gate and Mega menu/Checkbox_CONFIRM AND ACKNOWLEDGE' is clicked on

2019-06-25 18:09:13 - [TEST_STEP][PASSED] - click(findTestObject("OCS-DESKTOP/Age gate and Mega menu/button_CONFIRM")): Object: 'Object Repository/OCS-DESKTOP/Age gate and Mega menu/button_CONFIRM' is clicked on

2019-06-25 18:09:13 - [MESSAGE][PASSED] - Object: 'Object Repository/OCS-DESKTOP/Age gate and Mega menu/button_CONFIRM' is clicked on

2019-06-25 18:09:13 - [TEST_STEP][PASSED] - click(findTestObject("OCS-DESKTOP/Age gate and Mega menu/button_Start Browsing")): Object: 'Object Repository/OCS-DESKTOP/Age gate and Mega menu/button_Start Browsing' is clicked on

2019-06-25 18:09:13 - [MESSAGE][PASSED] - Object: 'Object Repository/OCS-DESKTOP/Age gate and Mega menu/button_Start Browsing' is clicked on

2019-06-25 18:09:13 - [TEST_STEP][PASSED] - refresh(): Refresh successfully

2019-06-25 18:09:16 - [MESSAGE][PASSED] - Refresh successfully

2019-06-25 18:09:16 - [TEST_STEP][PASSED] - delay(2): Delayed 2 second(s)

2019-06-25 18:09:18 - [MESSAGE][PASSED] - Delayed 2 second(s)

2019-06-25 18:09:18 - [TEST_STEP][PASSED] - click(findTestObject("OCS-DESKTOP/Age gate and Mega menu/Header/CANNABIS menu - English")): Object: 'Object Repository/OCS-DESKTOP/Age gate and Mega menu/Header/CANNABIS menu - English' is clicked on

2019-06-25 18:09:18 - [MESSAGE][PASSED] - Object: 'Object Repository/OCS-DESKTOP/Age gate and Mega menu/Header/CANNABIS menu - English' is clicked on

2019-06-25 18:09:18 - [TEST_STEP][PASSED] - delay(2): Delayed 2 second(s)

2019-06-25 18:09:20 - [MESSAGE][PASSED] - Delayed 2 second(s)

2019-06-25 18:09:20 - [TEST_STEP][PASSED] - click(findTestObject("OCS-DESKTOP/Age gate and Mega menu/Indica Dominant_Menu item")): Object: 'Object Repository/OCS-DESKTOP/Age gate and Mega menu/Indica Dominant_Menu item' is clicked on

2019-06-25 18:09:22 - [MESSAGE][PASSED] - Object: 'Object Repository/OCS-DESKTOP/Age gate and Mega menu/Indica Dominant_Menu item' is clicked on

2019-06-25 18:09:22 - [TEST_STEP][PASSED] - delay(2): Delayed 2 second(s)

2019-06-25 18:09:24 - [MESSAGE][PASSED] - Delayed 2 second(s)

2019-06-25 18:09:24 - [TEST_STEP][PASSED] - scrollToElement(findTestObject("OCS-DESKTOP/Collection page/Product image - 1st one"), 0): Scroll to object 'Object Repository/OCS-DESKTOP/Collection page/Product image - 1st one' successfully

2019-06-25 18:09:24 - [MESSAGE][WARNING] - Timeout '0' is invalid. Using default page load timeout: '30'

2019-06-25 18:09:24 - [MESSAGE][PASSED] - Scroll to object 'Object Repository/OCS-DESKTOP/Collection page/Product image - 1st one' successfully

2019-06-25 18:09:24 - [TEST_STEP][PASSED] - delay(2): Delayed 2 second(s)

2019-06-25 18:09:26 - [MESSAGE][PASSED] - Delayed 2 second(s)

2019-06-25 18:09:26 - [TEST_STEP][PASSED] - click(findTestObject("OCS-DESKTOP/Collection page/Product image - 1st one")): Object: 'Object Repository/OCS-DESKTOP/Collection page/Product image - 1st one' is clicked on

2019-06-25 18:09:30 - [MESSAGE][PASSED] - Object: 'Object Repository/OCS-DESKTOP/Collection page/Product image - 1st one' is clicked on

2019-06-25 18:09:30 - [TEST_STEP][PASSED] - executeJavaScript("var previewBar = document.getElementById("preview-bar-iframe"); previewBar.style.display = "none";", []): Execute JavaScript 'var previewBar = document.getElementById("preview-bar-iframe"); previewBar.style.display = "none";' successfully

2019-06-25 18:09:30 - [MESSAGE][PASSED] - Execute JavaScript 'var previewBar = document.getElementById("preview-bar-iframe"); previewBar.style.display = "none";' successfully

2019-06-25 18:09:30 - [TEST_STEP][PASSED] - delay(2): Delayed 2 second(s)

2019-06-25 18:09:32 - [MESSAGE][PASSED] - Delayed 2 second(s)

2019-06-25 18:09:32 - [MESSAGE][PASSED] - Call Test Case 'Test Cases/OCS - DESKTOP/CALL - PDP' successfully

2019-06-25 18:09:32 - [TEST_STEP][NOT_RUN] - scrollToElement(findTestObject("OCS-MOBILE /Product page/More items to consider section/Grinders - Tab"), 2): NOT_RUN: scrollToElement(findTestObject("OCS-MOBILE /Product page/More items to consider section/Grinders - Tab"), 2)

2019-06-25 18:09:32 - [MESSAGE][NOT_RUN] - NOT_RUN: scrollToElement(findTestObject("OCS-MOBILE /Product page/More items to consider section/Grinders - Tab"), 2)

2019-06-25 18:09:32 - [TEST_STEP][PASSED] - delay(5): Delayed 5 second(s)

2019-06-25 18:09:37 - [MESSAGE][PASSED] - Delayed 5 second(s)

2019-06-25 18:09:37 - [TEST_STEP][PASSED] - click(findTestObject("OCS-DESKTOP/Product page/More items to consider section/Show all accessories - Link")): Object: 'Object Repository/OCS-DESKTOP/Product page/More items to consider section/Show all accessories - Link' is clicked on

2019-06-25 18:09:40 - [MESSAGE][PASSED] - Object: 'Object Repository/OCS-DESKTOP/Product page/More items to consider section/Show all accessories - Link' is clicked on

2019-06-25 18:09:40 - [TEST_STEP][PASSED] - a = getWindowTitle(): Current window's title is: 'All Products | Ontario Cannabis Store'

2019-06-25 18:09:40 - [MESSAGE][PASSED] - Current window's title is: 'All Products | Ontario Cannabis Store'

2019-06-25 18:09:40 - [TEST_STEP][PASSED] - b = "All Products | Ontario Cannabis Store": null

2019-06-25 18:09:40 - [TEST_STEP][PASSED] - comment("WINDOW TITLE: " + a): WINDOW TITLE: All Products | Ontario Cannabis Store

2019-06-25 18:09:40 - [MESSAGE][INFO] - WINDOW TITLE: All Products | Ontario Cannabis Store

2019-06-25 18:09:40 - [TEST_STEP][PASSED] - verifyEqual(a, b): Actual object 'All Products | Ontario Cannabis Store' and expected object 'All Products | Ontario Cannabis Store' are equal

2019-06-25 18:09:40 - [MESSAGE][PASSED] - Actual object 'All Products | Ontario Cannabis Store' and expected object 'All Products | Ontario Cannabis Store' are equal]]></system-out>
         <system-err><![CDATA[]]></system-err>
      </testcase>
      <testcase name="Test Cases/OCS - DESKTOP/OCS- PRODUCT PAGE/breadcrumb" classname="Test Cases/OCS - DESKTOP/OCS- PRODUCT PAGE/breadcrumb" status="PASSED">
         <system-out><![CDATA[2019-06-25 18:09:40 - [TEST_CASE][PASSED] - Test Cases/OCS - DESKTOP/OCS- PRODUCT PAGE/breadcrumb: Test Cases/OCS - DESKTOP/OCS- PRODUCT PAGE/breadcrumb

2019-06-25 18:09:40 - [TEST_STEP][PASSED] - callTestCase(findTestCase("OCS - DESKTOP/CALL - PDP"), [:], STOP_ON_FAILURE): Call Test Case 'Test Cases/OCS - DESKTOP/CALL - PDP' successfully

2019-06-25 18:09:40 - [TEST_CASE][PASSED] - Test Cases/OCS - DESKTOP/CALL - PDP: Test Cases/OCS - DESKTOP/CALL - PDP

2019-06-25 18:09:40 - [TEST_STEP][PASSED] - openBrowser(""): Browser is opened with url: ''

2019-06-25 18:09:40 - [MESSAGE][WARNING] - A browser is already opened. Closing browser and opening a new one

2019-06-25 18:09:40 - [MESSAGE][INFO] - Starting 'Chrome' driver

2019-06-25 18:09:41 - [MESSAGE][PASSED] - Browser is opened with url: ''

2019-06-25 18:09:41 - [TEST_STEP][PASSED] - navigateToUrl("https://ocs.ca/?fts=0&preview_theme_id=72920106828"): Navigate to 'https://ocs.ca/?fts=0&preview_theme_id=72920106828' successfully

2019-06-25 18:09:46 - [MESSAGE][PASSED] - Navigate to 'https://ocs.ca/?fts=0&preview_theme_id=72920106828' successfully

2019-06-25 18:09:46 - [TEST_STEP][PASSED] - maximizeWindow(): Current window maximized

2019-06-25 18:09:46 - [MESSAGE][PASSED] - Current window maximized

2019-06-25 18:09:46 - [TEST_STEP][PASSED] - executeJavaScript("var previewBar = document.getElementById("preview-bar-iframe"); previewBar.style.display = "none";", []): Execute JavaScript 'var previewBar = document.getElementById("preview-bar-iframe"); previewBar.style.display = "none";' successfully

2019-06-25 18:09:46 - [MESSAGE][PASSED] - Execute JavaScript 'var previewBar = document.getElementById("preview-bar-iframe"); previewBar.style.display = "none";' successfully

2019-06-25 18:09:46 - [TEST_STEP][PASSED] - delay(4): Delayed 4 second(s)

2019-06-25 18:09:50 - [MESSAGE][PASSED] - Delayed 4 second(s)

2019-06-25 18:09:50 - [TEST_STEP][PASSED] - selectOptionByValue(findTestObject("OCS-DESKTOP/Age gate and Mega menu/Date"), "12", true): All options with value '12' are selected in object 'Object Repository/OCS-DESKTOP/Age gate and Mega menu/Date'  using regular expression

2019-06-25 18:09:51 - [MESSAGE][PASSED] - All options with value '12' are selected in object 'Object Repository/OCS-DESKTOP/Age gate and Mega menu/Date'  using regular expression

2019-06-25 18:09:51 - [TEST_STEP][PASSED] - selectOptionByValue(findTestObject("OCS-DESKTOP/Age gate and Mega menu/month"), "6", true): All options with value '6' are selected in object 'Object Repository/OCS-DESKTOP/Age gate and Mega menu/month'  using regular expression

2019-06-25 18:09:51 - [MESSAGE][PASSED] - All options with value '6' are selected in object 'Object Repository/OCS-DESKTOP/Age gate and Mega menu/month'  using regular expression

2019-06-25 18:09:51 - [TEST_STEP][PASSED] - delay(2): Delayed 2 second(s)

2019-06-25 18:09:53 - [MESSAGE][PASSED] - Delayed 2 second(s)

2019-06-25 18:09:53 - [TEST_STEP][PASSED] - selectOptionByValue(findTestObject("OCS-DESKTOP/Age gate and Mega menu/Year Dropdown"), "1990", true): All options with value '1990' are selected in object 'Object Repository/OCS-DESKTOP/Age gate and Mega menu/Year Dropdown'  using regular expression

2019-06-25 18:09:54 - [MESSAGE][PASSED] - All options with value '1990' are selected in object 'Object Repository/OCS-DESKTOP/Age gate and Mega menu/Year Dropdown'  using regular expression

2019-06-25 18:09:54 - [TEST_STEP][PASSED] - click(findTestObject("OCS-DESKTOP/Age gate and Mega menu/button_Verify")): Object: 'Object Repository/OCS-DESKTOP/Age gate and Mega menu/button_Verify' is clicked on

2019-06-25 18:09:54 - [MESSAGE][PASSED] - Object: 'Object Repository/OCS-DESKTOP/Age gate and Mega menu/button_Verify' is clicked on

2019-06-25 18:09:54 - [TEST_STEP][PASSED] - click(findTestObject("OCS-DESKTOP/Age gate and Mega menu/Checkbox_CONFIRM AND ACKNOWLEDGE")): Object: 'Object Repository/OCS-DESKTOP/Age gate and Mega menu/Checkbox_CONFIRM AND ACKNOWLEDGE' is clicked on

2019-06-25 18:09:54 - [MESSAGE][PASSED] - Object: 'Object Repository/OCS-DESKTOP/Age gate and Mega menu/Checkbox_CONFIRM AND ACKNOWLEDGE' is clicked on

2019-06-25 18:09:54 - [TEST_STEP][PASSED] - click(findTestObject("OCS-DESKTOP/Age gate and Mega menu/button_CONFIRM")): Object: 'Object Repository/OCS-DESKTOP/Age gate and Mega menu/button_CONFIRM' is clicked on

2019-06-25 18:09:54 - [MESSAGE][PASSED] - Object: 'Object Repository/OCS-DESKTOP/Age gate and Mega menu/button_CONFIRM' is clicked on

2019-06-25 18:09:54 - [TEST_STEP][PASSED] - click(findTestObject("OCS-DESKTOP/Age gate and Mega menu/button_Start Browsing")): Object: 'Object Repository/OCS-DESKTOP/Age gate and Mega menu/button_Start Browsing' is clicked on

2019-06-25 18:09:54 - [MESSAGE][PASSED] - Object: 'Object Repository/OCS-DESKTOP/Age gate and Mega menu/button_Start Browsing' is clicked on

2019-06-25 18:09:54 - [TEST_STEP][PASSED] - refresh(): Refresh successfully

2019-06-25 18:09:57 - [MESSAGE][PASSED] - Refresh successfully

2019-06-25 18:09:57 - [TEST_STEP][PASSED] - delay(2): Delayed 2 second(s)

2019-06-25 18:09:59 - [MESSAGE][PASSED] - Delayed 2 second(s)

2019-06-25 18:09:59 - [TEST_STEP][PASSED] - click(findTestObject("OCS-DESKTOP/Age gate and Mega menu/Header/CANNABIS menu - English")): Object: 'Object Repository/OCS-DESKTOP/Age gate and Mega menu/Header/CANNABIS menu - English' is clicked on

2019-06-25 18:09:59 - [MESSAGE][PASSED] - Object: 'Object Repository/OCS-DESKTOP/Age gate and Mega menu/Header/CANNABIS menu - English' is clicked on

2019-06-25 18:09:59 - [TEST_STEP][PASSED] - delay(2): Delayed 2 second(s)

2019-06-25 18:10:01 - [MESSAGE][PASSED] - Delayed 2 second(s)

2019-06-25 18:10:01 - [TEST_STEP][PASSED] - click(findTestObject("OCS-DESKTOP/Age gate and Mega menu/Indica Dominant_Menu item")): Object: 'Object Repository/OCS-DESKTOP/Age gate and Mega menu/Indica Dominant_Menu item' is clicked on

2019-06-25 18:10:05 - [MESSAGE][PASSED] - Object: 'Object Repository/OCS-DESKTOP/Age gate and Mega menu/Indica Dominant_Menu item' is clicked on

2019-06-25 18:10:05 - [TEST_STEP][PASSED] - delay(2): Delayed 2 second(s)

2019-06-25 18:10:07 - [MESSAGE][PASSED] - Delayed 2 second(s)

2019-06-25 18:10:07 - [TEST_STEP][PASSED] - scrollToElement(findTestObject("OCS-DESKTOP/Collection page/Product image - 1st one"), 0): Scroll to object 'Object Repository/OCS-DESKTOP/Collection page/Product image - 1st one' successfully

2019-06-25 18:10:07 - [MESSAGE][WARNING] - Timeout '0' is invalid. Using default page load timeout: '30'

2019-06-25 18:10:07 - [MESSAGE][PASSED] - Scroll to object 'Object Repository/OCS-DESKTOP/Collection page/Product image - 1st one' successfully

2019-06-25 18:10:07 - [TEST_STEP][PASSED] - delay(2): Delayed 2 second(s)

2019-06-25 18:10:09 - [MESSAGE][PASSED] - Delayed 2 second(s)

2019-06-25 18:10:09 - [TEST_STEP][PASSED] - click(findTestObject("OCS-DESKTOP/Collection page/Product image - 1st one")): Object: 'Object Repository/OCS-DESKTOP/Collection page/Product image - 1st one' is clicked on

2019-06-25 18:10:12 - [MESSAGE][PASSED] - Object: 'Object Repository/OCS-DESKTOP/Collection page/Product image - 1st one' is clicked on

2019-06-25 18:10:12 - [TEST_STEP][PASSED] - executeJavaScript("var previewBar = document.getElementById("preview-bar-iframe"); previewBar.style.display = "none";", []): Execute JavaScript 'var previewBar = document.getElementById("preview-bar-iframe"); previewBar.style.display = "none";' successfully

2019-06-25 18:10:12 - [MESSAGE][PASSED] - Execute JavaScript 'var previewBar = document.getElementById("preview-bar-iframe"); previewBar.style.display = "none";' successfully

2019-06-25 18:10:12 - [TEST_STEP][PASSED] - delay(2): Delayed 2 second(s)

2019-06-25 18:10:15 - [MESSAGE][PASSED] - Delayed 2 second(s)

2019-06-25 18:10:15 - [MESSAGE][PASSED] - Call Test Case 'Test Cases/OCS - DESKTOP/CALL - PDP' successfully

2019-06-25 18:10:15 - [TEST_STEP][PASSED] - click(findTestObject("OCS-DESKTOP/Product page/a_Dried flower")): Object: 'Object Repository/OCS-DESKTOP/Product page/a_Dried flower' is clicked on

2019-06-25 18:10:17 - [MESSAGE][PASSED] - Object: 'Object Repository/OCS-DESKTOP/Product page/a_Dried flower' is clicked on

2019-06-25 18:10:17 - [TEST_STEP][PASSED] - b = getWindowTitle(): Current window's title is: 'Dried Flower | Ontario Cannabis Store'

2019-06-25 18:10:17 - [MESSAGE][PASSED] - Current window's title is: 'Dried Flower | Ontario Cannabis Store'

2019-06-25 18:10:17 - [TEST_STEP][PASSED] - comment(" b= " + b):  b= Dried Flower | Ontario Cannabis Store

2019-06-25 18:10:17 - [MESSAGE][INFO] -  b= Dried Flower | Ontario Cannabis Store

2019-06-25 18:10:17 - [TEST_STEP][PASSED] - assert getWindowTitle() == b: Current window's title is: 'Dried Flower | Ontario Cannabis Store'

2019-06-25 18:10:17 - [MESSAGE][PASSED] - Current window's title is: 'Dried Flower | Ontario Cannabis Store'

2019-06-25 18:10:17 - [TEST_STEP][PASSED] - click(findTestObject("OCS-DESKTOP/Product page/a_Cannabis")): Object: 'Object Repository/OCS-DESKTOP/Product page/a_Cannabis' is clicked on

2019-06-25 18:10:19 - [MESSAGE][PASSED] - Object: 'Object Repository/OCS-DESKTOP/Product page/a_Cannabis' is clicked on

2019-06-25 18:10:19 - [TEST_STEP][PASSED] - c = getWindowTitle(): Current window's title is: 'All Cannabis Products | Ontario Cannabis Store'

2019-06-25 18:10:19 - [MESSAGE][PASSED] - Current window's title is: 'All Cannabis Products | Ontario Cannabis Store'

2019-06-25 18:10:19 - [TEST_STEP][PASSED] - comment(" c= " + c):  c= All Cannabis Products | Ontario Cannabis Store

2019-06-25 18:10:19 - [MESSAGE][INFO] -  c= All Cannabis Products | Ontario Cannabis Store

2019-06-25 18:10:19 - [TEST_STEP][PASSED] - assert getWindowTitle() == c: Current window's title is: 'All Cannabis Products | Ontario Cannabis Store'

2019-06-25 18:10:19 - [MESSAGE][PASSED] - Current window's title is: 'All Cannabis Products | Ontario Cannabis Store'

2019-06-25 18:10:19 - [TEST_STEP][PASSED] - click(findTestObject("OCS-DESKTOP/Product page/a_Home")): Object: 'Object Repository/OCS-DESKTOP/Product page/a_Home' is clicked on

2019-06-25 18:10:22 - [MESSAGE][PASSED] - Object: 'Object Repository/OCS-DESKTOP/Product page/a_Home' is clicked on

2019-06-25 18:10:22 - [TEST_STEP][PASSED] - a = getWindowTitle(): Current window's title is: 'Ontario Cannabis Store | Ontario Cannabis Store'

2019-06-25 18:10:22 - [MESSAGE][PASSED] - Current window's title is: 'Ontario Cannabis Store | Ontario Cannabis Store'

2019-06-25 18:10:22 - [TEST_STEP][PASSED] - comment(" a= " + a):  a= Ontario Cannabis Store | Ontario Cannabis Store

2019-06-25 18:10:22 - [MESSAGE][INFO] -  a= Ontario Cannabis Store | Ontario Cannabis Store

2019-06-25 18:10:22 - [TEST_STEP][PASSED] - assert getWindowTitle() == a: Current window's title is: 'Ontario Cannabis Store | Ontario Cannabis Store'

2019-06-25 18:10:22 - [MESSAGE][PASSED] - Current window's title is: 'Ontario Cannabis Store | Ontario Cannabis Store']]></system-out>
         <system-err><![CDATA[]]></system-err>
      </testcase>
      <testcase name="Test Cases/OCS - DESKTOP/OCS- PRODUCT PAGE/More items to consider" classname="Test Cases/OCS - DESKTOP/OCS- PRODUCT PAGE/More items to consider" status="PASSED">
         <system-out><![CDATA[2019-06-25 18:10:22 - [TEST_CASE][PASSED] - Test Cases/OCS - DESKTOP/OCS- PRODUCT PAGE/More items to consider: Test Cases/OCS - DESKTOP/OCS- PRODUCT PAGE/More items to consider

2019-06-25 18:10:22 - [TEST_STEP][PASSED] - callTestCase(findTestCase("OCS - DESKTOP/CALL - PDP"), [:], STOP_ON_FAILURE): Call Test Case 'Test Cases/OCS - DESKTOP/CALL - PDP' successfully

2019-06-25 18:10:22 - [TEST_CASE][PASSED] - Test Cases/OCS - DESKTOP/CALL - PDP: Test Cases/OCS - DESKTOP/CALL - PDP

2019-06-25 18:10:22 - [TEST_STEP][PASSED] - openBrowser(""): Browser is opened with url: ''

2019-06-25 18:10:22 - [MESSAGE][WARNING] - A browser is already opened. Closing browser and opening a new one

2019-06-25 18:10:22 - [MESSAGE][INFO] - Starting 'Chrome' driver

2019-06-25 18:10:23 - [MESSAGE][PASSED] - Browser is opened with url: ''

2019-06-25 18:10:23 - [TEST_STEP][PASSED] - navigateToUrl("https://ocs.ca/?fts=0&preview_theme_id=72920106828"): Navigate to 'https://ocs.ca/?fts=0&preview_theme_id=72920106828' successfully

2019-06-25 18:10:29 - [MESSAGE][PASSED] - Navigate to 'https://ocs.ca/?fts=0&preview_theme_id=72920106828' successfully

2019-06-25 18:10:29 - [TEST_STEP][PASSED] - maximizeWindow(): Current window maximized

2019-06-25 18:10:29 - [MESSAGE][PASSED] - Current window maximized

2019-06-25 18:10:29 - [TEST_STEP][PASSED] - executeJavaScript("var previewBar = document.getElementById("preview-bar-iframe"); previewBar.style.display = "none";", []): Execute JavaScript 'var previewBar = document.getElementById("preview-bar-iframe"); previewBar.style.display = "none";' successfully

2019-06-25 18:10:29 - [MESSAGE][PASSED] - Execute JavaScript 'var previewBar = document.getElementById("preview-bar-iframe"); previewBar.style.display = "none";' successfully

2019-06-25 18:10:29 - [TEST_STEP][PASSED] - delay(4): Delayed 4 second(s)

2019-06-25 18:10:33 - [MESSAGE][PASSED] - Delayed 4 second(s)

2019-06-25 18:10:33 - [TEST_STEP][PASSED] - selectOptionByValue(findTestObject("OCS-DESKTOP/Age gate and Mega menu/Date"), "12", true): All options with value '12' are selected in object 'Object Repository/OCS-DESKTOP/Age gate and Mega menu/Date'  using regular expression

2019-06-25 18:10:33 - [MESSAGE][PASSED] - All options with value '12' are selected in object 'Object Repository/OCS-DESKTOP/Age gate and Mega menu/Date'  using regular expression

2019-06-25 18:10:33 - [TEST_STEP][PASSED] - selectOptionByValue(findTestObject("OCS-DESKTOP/Age gate and Mega menu/month"), "6", true): All options with value '6' are selected in object 'Object Repository/OCS-DESKTOP/Age gate and Mega menu/month'  using regular expression

2019-06-25 18:10:34 - [MESSAGE][PASSED] - All options with value '6' are selected in object 'Object Repository/OCS-DESKTOP/Age gate and Mega menu/month'  using regular expression

2019-06-25 18:10:34 - [TEST_STEP][PASSED] - delay(2): Delayed 2 second(s)

2019-06-25 18:10:36 - [MESSAGE][PASSED] - Delayed 2 second(s)

2019-06-25 18:10:36 - [TEST_STEP][PASSED] - selectOptionByValue(findTestObject("OCS-DESKTOP/Age gate and Mega menu/Year Dropdown"), "1990", true): All options with value '1990' are selected in object 'Object Repository/OCS-DESKTOP/Age gate and Mega menu/Year Dropdown'  using regular expression

2019-06-25 18:10:37 - [MESSAGE][PASSED] - All options with value '1990' are selected in object 'Object Repository/OCS-DESKTOP/Age gate and Mega menu/Year Dropdown'  using regular expression

2019-06-25 18:10:37 - [TEST_STEP][PASSED] - click(findTestObject("OCS-DESKTOP/Age gate and Mega menu/button_Verify")): Object: 'Object Repository/OCS-DESKTOP/Age gate and Mega menu/button_Verify' is clicked on

2019-06-25 18:10:37 - [MESSAGE][PASSED] - Object: 'Object Repository/OCS-DESKTOP/Age gate and Mega menu/button_Verify' is clicked on

2019-06-25 18:10:37 - [TEST_STEP][PASSED] - click(findTestObject("OCS-DESKTOP/Age gate and Mega menu/Checkbox_CONFIRM AND ACKNOWLEDGE")): Object: 'Object Repository/OCS-DESKTOP/Age gate and Mega menu/Checkbox_CONFIRM AND ACKNOWLEDGE' is clicked on

2019-06-25 18:10:37 - [MESSAGE][PASSED] - Object: 'Object Repository/OCS-DESKTOP/Age gate and Mega menu/Checkbox_CONFIRM AND ACKNOWLEDGE' is clicked on

2019-06-25 18:10:37 - [TEST_STEP][PASSED] - click(findTestObject("OCS-DESKTOP/Age gate and Mega menu/button_CONFIRM")): Object: 'Object Repository/OCS-DESKTOP/Age gate and Mega menu/button_CONFIRM' is clicked on

2019-06-25 18:10:37 - [MESSAGE][PASSED] - Object: 'Object Repository/OCS-DESKTOP/Age gate and Mega menu/button_CONFIRM' is clicked on

2019-06-25 18:10:37 - [TEST_STEP][PASSED] - click(findTestObject("OCS-DESKTOP/Age gate and Mega menu/button_Start Browsing")): Object: 'Object Repository/OCS-DESKTOP/Age gate and Mega menu/button_Start Browsing' is clicked on

2019-06-25 18:10:37 - [MESSAGE][PASSED] - Object: 'Object Repository/OCS-DESKTOP/Age gate and Mega menu/button_Start Browsing' is clicked on

2019-06-25 18:10:37 - [TEST_STEP][PASSED] - refresh(): Refresh successfully

2019-06-25 18:10:37 - [MESSAGE][PASSED] - Refresh successfully

2019-06-25 18:10:37 - [TEST_STEP][PASSED] - delay(2): Delayed 2 second(s)

2019-06-25 18:10:39 - [MESSAGE][PASSED] - Delayed 2 second(s)

2019-06-25 18:10:39 - [TEST_STEP][PASSED] - click(findTestObject("OCS-DESKTOP/Age gate and Mega menu/Header/CANNABIS menu - English")): Object: 'Object Repository/OCS-DESKTOP/Age gate and Mega menu/Header/CANNABIS menu - English' is clicked on

2019-06-25 18:10:41 - [MESSAGE][PASSED] - Object: 'Object Repository/OCS-DESKTOP/Age gate and Mega menu/Header/CANNABIS menu - English' is clicked on

2019-06-25 18:10:41 - [TEST_STEP][PASSED] - delay(2): Delayed 2 second(s)

2019-06-25 18:10:43 - [MESSAGE][PASSED] - Delayed 2 second(s)

2019-06-25 18:10:43 - [TEST_STEP][PASSED] - click(findTestObject("OCS-DESKTOP/Age gate and Mega menu/Indica Dominant_Menu item")): Object: 'Object Repository/OCS-DESKTOP/Age gate and Mega menu/Indica Dominant_Menu item' is clicked on

2019-06-25 18:10:45 - [MESSAGE][PASSED] - Object: 'Object Repository/OCS-DESKTOP/Age gate and Mega menu/Indica Dominant_Menu item' is clicked on

2019-06-25 18:10:45 - [TEST_STEP][PASSED] - delay(2): Delayed 2 second(s)

2019-06-25 18:10:47 - [MESSAGE][PASSED] - Delayed 2 second(s)

2019-06-25 18:10:47 - [TEST_STEP][PASSED] - scrollToElement(findTestObject("OCS-DESKTOP/Collection page/Product image - 1st one"), 0): Scroll to object 'Object Repository/OCS-DESKTOP/Collection page/Product image - 1st one' successfully

2019-06-25 18:10:47 - [MESSAGE][WARNING] - Timeout '0' is invalid. Using default page load timeout: '30'

2019-06-25 18:10:47 - [MESSAGE][PASSED] - Scroll to object 'Object Repository/OCS-DESKTOP/Collection page/Product image - 1st one' successfully

2019-06-25 18:10:47 - [TEST_STEP][PASSED] - delay(2): Delayed 2 second(s)

2019-06-25 18:10:49 - [MESSAGE][PASSED] - Delayed 2 second(s)

2019-06-25 18:10:49 - [TEST_STEP][PASSED] - click(findTestObject("OCS-DESKTOP/Collection page/Product image - 1st one")): Object: 'Object Repository/OCS-DESKTOP/Collection page/Product image - 1st one' is clicked on

2019-06-25 18:10:53 - [MESSAGE][PASSED] - Object: 'Object Repository/OCS-DESKTOP/Collection page/Product image - 1st one' is clicked on

2019-06-25 18:10:53 - [TEST_STEP][PASSED] - executeJavaScript("var previewBar = document.getElementById("preview-bar-iframe"); previewBar.style.display = "none";", []): Execute JavaScript 'var previewBar = document.getElementById("preview-bar-iframe"); previewBar.style.display = "none";' successfully

2019-06-25 18:10:53 - [MESSAGE][PASSED] - Execute JavaScript 'var previewBar = document.getElementById("preview-bar-iframe"); previewBar.style.display = "none";' successfully

2019-06-25 18:10:53 - [TEST_STEP][PASSED] - delay(2): Delayed 2 second(s)

2019-06-25 18:10:55 - [MESSAGE][PASSED] - Delayed 2 second(s)

2019-06-25 18:10:55 - [MESSAGE][PASSED] - Call Test Case 'Test Cases/OCS - DESKTOP/CALL - PDP' successfully

2019-06-25 18:10:55 - [TEST_STEP][NOT_RUN] - scrollToElement(findTestObject("OCS-MOBILE /Product page/Product image"), 1): NOT_RUN: scrollToElement(findTestObject("OCS-MOBILE /Product page/Product image"), 1)

2019-06-25 18:10:55 - [MESSAGE][NOT_RUN] - NOT_RUN: scrollToElement(findTestObject("OCS-MOBILE /Product page/Product image"), 1)

2019-06-25 18:10:55 - [TEST_STEP][PASSED] - click(findTestObject("OCS-DESKTOP/Product page/Learn More - Link")): Object: 'Object Repository/OCS-DESKTOP/Product page/Learn More - Link' is clicked on

2019-06-25 18:10:55 - [MESSAGE][PASSED] - Object: 'Object Repository/OCS-DESKTOP/Product page/Learn More - Link' is clicked on

2019-06-25 18:10:55 - [TEST_STEP][PASSED] - delay(1): Delayed 1 second(s)

2019-06-25 18:10:56 - [MESSAGE][PASSED] - Delayed 1 second(s)

2019-06-25 18:10:56 - [TEST_STEP][NOT_RUN] - scrollToElement(findTestObject("OCS-DESKTOP/Product page/Last raw of the table"), 0): NOT_RUN: scrollToElement(findTestObject("OCS-DESKTOP/Product page/Last raw of the table"), 0)

2019-06-25 18:10:56 - [MESSAGE][NOT_RUN] - NOT_RUN: scrollToElement(findTestObject("OCS-DESKTOP/Product page/Last raw of the table"), 0)

2019-06-25 18:10:56 - [TEST_STEP][PASSED] - takeScreenshot(): Taking screenshot successfully

2019-06-25 18:10:57 - [MESSAGE][PASSED] - Taking screenshot successfully
[[ATTACHMENT|/Users/sumankompelly/Relative xpath-Desktop/Reports/OCS - 1.10.2.1/20190625_174612/1561500656650.png]]

2019-06-25 18:10:57 - [TEST_STEP][PASSED] - delay(1): Delayed 1 second(s)

2019-06-25 18:10:58 - [MESSAGE][PASSED] - Delayed 1 second(s)

2019-06-25 18:10:58 - [TEST_STEP][PASSED] - click(findTestObject("OCS-DESKTOP/Product page/More items to consider section/1st Product - image - Grinder")): Object: 'Object Repository/OCS-DESKTOP/Product page/More items to consider section/1st Product - image - Grinder' is clicked on

2019-06-25 18:11:01 - [MESSAGE][PASSED] - Object: 'Object Repository/OCS-DESKTOP/Product page/More items to consider section/1st Product - image - Grinder' is clicked on

2019-06-25 18:11:01 - [TEST_STEP][PASSED] - delay(2, STOP_ON_FAILURE): Delayed 2 second(s)

2019-06-25 18:11:03 - [MESSAGE][PASSED] - Delayed 2 second(s)

2019-06-25 18:11:03 - [TEST_STEP][PASSED] - takeScreenshot(): Taking screenshot successfully

2019-06-25 18:11:04 - [MESSAGE][PASSED] - Taking screenshot successfully
[[ATTACHMENT|/Users/sumankompelly/Relative xpath-Desktop/Reports/OCS - 1.10.2.1/20190625_174612/1561500663496.png]]

2019-06-25 18:11:04 - [TEST_STEP][PASSED] - delay(1): Delayed 1 second(s)

2019-06-25 18:11:05 - [MESSAGE][PASSED] - Delayed 1 second(s)

2019-06-25 18:11:05 - [TEST_STEP][PASSED] - back(): Navigate back successfully

2019-06-25 18:11:07 - [MESSAGE][PASSED] - Navigate back successfully

2019-06-25 18:11:07 - [TEST_STEP][PASSED] - executeJavaScript("var previewBar = document.getElementById("preview-bar-iframe"); previewBar.style.display = "none";", []): Execute JavaScript 'var previewBar = document.getElementById("preview-bar-iframe"); previewBar.style.display = "none";' successfully

2019-06-25 18:11:07 - [MESSAGE][PASSED] - Execute JavaScript 'var previewBar = document.getElementById("preview-bar-iframe"); previewBar.style.display = "none";' successfully

2019-06-25 18:11:07 - [TEST_STEP][PASSED] - click(findTestObject("OCS-DESKTOP/Product page/More items to consider section/Vaporizers - Tab")): Object: 'Object Repository/OCS-DESKTOP/Product page/More items to consider section/Vaporizers - Tab' is clicked on

2019-06-25 18:11:07 - [MESSAGE][PASSED] - Object: 'Object Repository/OCS-DESKTOP/Product page/More items to consider section/Vaporizers - Tab' is clicked on

2019-06-25 18:11:07 - [TEST_STEP][PASSED] - delay(2): Delayed 2 second(s)

2019-06-25 18:11:09 - [MESSAGE][PASSED] - Delayed 2 second(s)

2019-06-25 18:11:09 - [TEST_STEP][PASSED] - takeScreenshot(): Taking screenshot successfully

2019-06-25 18:11:09 - [MESSAGE][PASSED] - Taking screenshot successfully
[[ATTACHMENT|/Users/sumankompelly/Relative xpath-Desktop/Reports/OCS - 1.10.2.1/20190625_174612/1561500669332.png]]

2019-06-25 18:11:09 - [TEST_STEP][PASSED] - delay(1): Delayed 1 second(s)

2019-06-25 18:11:10 - [MESSAGE][PASSED] - Delayed 1 second(s)

2019-06-25 18:11:10 - [TEST_STEP][PASSED] - click(findTestObject("OCS-DESKTOP/Product page/More items to consider section/1st Product - image - Vaporizer")): Object: 'Object Repository/OCS-DESKTOP/Product page/More items to consider section/1st Product - image - Vaporizer' is clicked on

2019-06-25 18:11:14 - [MESSAGE][PASSED] - Object: 'Object Repository/OCS-DESKTOP/Product page/More items to consider section/1st Product - image - Vaporizer' is clicked on

2019-06-25 18:11:14 - [TEST_STEP][PASSED] - delay(2, STOP_ON_FAILURE): Delayed 2 second(s)

2019-06-25 18:11:16 - [MESSAGE][PASSED] - Delayed 2 second(s)

2019-06-25 18:11:16 - [TEST_STEP][PASSED] - takeScreenshot(): Taking screenshot successfully

2019-06-25 18:11:16 - [MESSAGE][PASSED] - Taking screenshot successfully
[[ATTACHMENT|/Users/sumankompelly/Relative xpath-Desktop/Reports/OCS - 1.10.2.1/20190625_174612/1561500676029.png]]

2019-06-25 18:11:16 - [TEST_STEP][PASSED] - delay(1): Delayed 1 second(s)

2019-06-25 18:11:17 - [MESSAGE][PASSED] - Delayed 1 second(s)

2019-06-25 18:11:17 - [TEST_STEP][PASSED] - back(): Navigate back successfully

2019-06-25 18:11:19 - [MESSAGE][PASSED] - Navigate back successfully

2019-06-25 18:11:19 - [TEST_STEP][PASSED] - executeJavaScript("var previewBar = document.getElementById("preview-bar-iframe"); previewBar.style.display = "none";", []): Execute JavaScript 'var previewBar = document.getElementById("preview-bar-iframe"); previewBar.style.display = "none";' successfully

2019-06-25 18:11:19 - [MESSAGE][PASSED] - Execute JavaScript 'var previewBar = document.getElementById("preview-bar-iframe"); previewBar.style.display = "none";' successfully

2019-06-25 18:11:19 - [TEST_STEP][PASSED] - delay(2, STOP_ON_FAILURE): Delayed 2 second(s)

2019-06-25 18:11:21 - [MESSAGE][PASSED] - Delayed 2 second(s)

2019-06-25 18:11:21 - [TEST_STEP][PASSED] - click(findTestObject("OCS-DESKTOP/Product page/More items to consider section/Papers Filters - Tab")): Object: 'Object Repository/OCS-DESKTOP/Product page/More items to consider section/Papers Filters - Tab' is clicked on

2019-06-25 18:11:21 - [MESSAGE][PASSED] - Object: 'Object Repository/OCS-DESKTOP/Product page/More items to consider section/Papers Filters - Tab' is clicked on

2019-06-25 18:11:21 - [TEST_STEP][PASSED] - takeScreenshot(): Taking screenshot successfully

2019-06-25 18:11:22 - [MESSAGE][PASSED] - Taking screenshot successfully
[[ATTACHMENT|/Users/sumankompelly/Relative xpath-Desktop/Reports/OCS - 1.10.2.1/20190625_174612/1561500681804.png]]

2019-06-25 18:11:22 - [TEST_STEP][PASSED] - delay(1): Delayed 1 second(s)

2019-06-25 18:11:23 - [MESSAGE][PASSED] - Delayed 1 second(s)

2019-06-25 18:11:23 - [TEST_STEP][PASSED] - click(findTestObject("OCS-DESKTOP/Product page/More items to consider section/1st Product - image - Paper Filter")): Object: 'Object Repository/OCS-DESKTOP/Product page/More items to consider section/1st Product - image - Paper Filter' is clicked on

2019-06-25 18:11:26 - [MESSAGE][PASSED] - Object: 'Object Repository/OCS-DESKTOP/Product page/More items to consider section/1st Product - image - Paper Filter' is clicked on

2019-06-25 18:11:26 - [TEST_STEP][PASSED] - delay(2, STOP_ON_FAILURE): Delayed 2 second(s)

2019-06-25 18:11:28 - [MESSAGE][PASSED] - Delayed 2 second(s)

2019-06-25 18:11:28 - [TEST_STEP][PASSED] - takeScreenshot(): Taking screenshot successfully

2019-06-25 18:11:29 - [MESSAGE][PASSED] - Taking screenshot successfully
[[ATTACHMENT|/Users/sumankompelly/Relative xpath-Desktop/Reports/OCS - 1.10.2.1/20190625_174612/1561500688718.png]]

2019-06-25 18:11:29 - [TEST_STEP][PASSED] - delay(1): Delayed 1 second(s)

2019-06-25 18:11:30 - [MESSAGE][PASSED] - Delayed 1 second(s)

2019-06-25 18:11:30 - [TEST_STEP][PASSED] - executeJavaScript("var previewBar = document.getElementById("preview-bar-iframe"); previewBar.style.display = "none";", []): Execute JavaScript 'var previewBar = document.getElementById("preview-bar-iframe"); previewBar.style.display = "none";' successfully

2019-06-25 18:11:30 - [MESSAGE][PASSED] - Execute JavaScript 'var previewBar = document.getElementById("preview-bar-iframe"); previewBar.style.display = "none";' successfully

2019-06-25 18:11:30 - [TEST_STEP][PASSED] - back(): Navigate back successfully

2019-06-25 18:11:33 - [MESSAGE][PASSED] - Navigate back successfully

2019-06-25 18:11:33 - [TEST_STEP][PASSED] - delay(2): Delayed 2 second(s)

2019-06-25 18:11:35 - [MESSAGE][PASSED] - Delayed 2 second(s)

2019-06-25 18:11:35 - [TEST_STEP][PASSED] - click(findTestObject("OCS-DESKTOP/Product page/More items to consider section/Bongs Pipes - Tab")): Object: 'Object Repository/OCS-DESKTOP/Product page/More items to consider section/Bongs Pipes - Tab' is clicked on

2019-06-25 18:11:35 - [MESSAGE][PASSED] - Object: 'Object Repository/OCS-DESKTOP/Product page/More items to consider section/Bongs Pipes - Tab' is clicked on

2019-06-25 18:11:35 - [TEST_STEP][PASSED] - delay(2): Delayed 2 second(s)

2019-06-25 18:11:37 - [MESSAGE][PASSED] - Delayed 2 second(s)

2019-06-25 18:11:37 - [TEST_STEP][PASSED] - takeScreenshot(): Taking screenshot successfully

2019-06-25 18:11:37 - [MESSAGE][PASSED] - Taking screenshot successfully
[[ATTACHMENT|/Users/sumankompelly/Relative xpath-Desktop/Reports/OCS - 1.10.2.1/20190625_174612/1561500697277.png]]

2019-06-25 18:11:37 - [TEST_STEP][PASSED] - delay(1): Delayed 1 second(s)

2019-06-25 18:11:38 - [MESSAGE][PASSED] - Delayed 1 second(s)

2019-06-25 18:11:38 - [TEST_STEP][PASSED] - click(findTestObject("OCS-DESKTOP/Product page/More items to consider section/1st Product - image - Bongs Pipes")): Object: 'Object Repository/OCS-DESKTOP/Product page/More items to consider section/1st Product - image - Bongs Pipes' is clicked on

2019-06-25 18:11:41 - [MESSAGE][PASSED] - Object: 'Object Repository/OCS-DESKTOP/Product page/More items to consider section/1st Product - image - Bongs Pipes' is clicked on

2019-06-25 18:11:41 - [TEST_STEP][PASSED] - delay(2, STOP_ON_FAILURE): Delayed 2 second(s)

2019-06-25 18:11:43 - [MESSAGE][PASSED] - Delayed 2 second(s)

2019-06-25 18:11:43 - [TEST_STEP][PASSED] - takeScreenshot(): Taking screenshot successfully

2019-06-25 18:11:43 - [MESSAGE][PASSED] - Taking screenshot successfully
[[ATTACHMENT|/Users/sumankompelly/Relative xpath-Desktop/Reports/OCS - 1.10.2.1/20190625_174612/1561500703359.png]]

2019-06-25 18:11:43 - [TEST_STEP][PASSED] - delay(1): Delayed 1 second(s)

2019-06-25 18:11:44 - [MESSAGE][PASSED] - Delayed 1 second(s)

2019-06-25 18:11:44 - [TEST_STEP][PASSED] - back(): Navigate back successfully

2019-06-25 18:11:47 - [MESSAGE][PASSED] - Navigate back successfully]]></system-out>
         <system-err><![CDATA[]]></system-err>
      </testcase>
      <testcase name="Test Cases/OCS - DESKTOP/OCS- PRODUCT PAGE/Price" classname="Test Cases/OCS - DESKTOP/OCS- PRODUCT PAGE/Price" status="FAILED">
         <failure type="FAILED" message="Test Cases/OCS - DESKTOP/OCS- PRODUCT PAGE/Price FAILED.
Reason:
com.kms.katalon.core.exception.StepFailedException: com.kms.katalon.core.webui.exception.WebElementNotFoundException: Web element with id: 'Object Repository/OCS-DESKTOP/Product page/Price/Price - Add to cart button' located by 'By.xpath: //span[@class='btn__price price']' not found
	at com.kms.katalon.core.keyword.internal.KeywordMain.stepFailed(KeywordMain.groovy:32)
	at com.kms.katalon.core.webui.keyword.internal.WebUIKeywordMain.stepFailed(WebUIKeywordMain.groovy:65)
	at com.kms.katalon.core.webui.keyword.builtin.VerifyElementPresentKeyword$_verifyElementPresent_closure1.doCall(VerifyElementPresentKeyword.groovy:85)
	at com.kms.katalon.core.webui.keyword.builtin.VerifyElementPresentKeyword$_verifyElementPresent_closure1.call(VerifyElementPresentKeyword.groovy)
	at com.kms.katalon.core.webui.keyword.internal.WebUIKeywordMain.runKeyword(WebUIKeywordMain.groovy:21)
	at com.kms.katalon.core.webui.keyword.builtin.VerifyElementPresentKeyword.verifyElementPresent(VerifyElementPresentKeyword.groovy:92)
	at com.kms.katalon.core.webui.keyword.builtin.VerifyElementPresentKeyword.execute(VerifyElementPresentKeyword.groovy:68)
	at com.kms.katalon.core.keyword.internal.KeywordExecutor.executeKeywordForPlatform(KeywordExecutor.groovy:53)
	at com.kms.katalon.core.webui.keyword.WebUiBuiltInKeywords.verifyElementPresent(WebUiBuiltInKeywords.groovy:1418)
	at com.kms.katalon.core.webui.keyword.WebUiBuiltInKeywords$verifyElementPresent$21.call(Unknown Source)
	at Price.run(Price:42)
	at com.kms.katalon.core.main.ScriptEngine.run(ScriptEngine.java:194)
	at com.kms.katalon.core.main.ScriptEngine.runScriptAsRawText(ScriptEngine.java:119)
	at com.kms.katalon.core.main.TestCaseExecutor.runScript(TestCaseExecutor.java:328)
	at com.kms.katalon.core.main.TestCaseExecutor.doExecute(TestCaseExecutor.java:319)
	at com.kms.katalon.core.main.TestCaseExecutor.processExecutionPhase(TestCaseExecutor.java:298)
	at com.kms.katalon.core.main.TestCaseExecutor.accessMainPhase(TestCaseExecutor.java:290)
	at com.kms.katalon.core.main.TestCaseExecutor.execute(TestCaseExecutor.java:224)
	at com.kms.katalon.core.main.TestSuiteExecutor.accessTestCaseMainPhase(TestSuiteExecutor.java:129)
	at com.kms.katalon.core.main.TestSuiteExecutor.accessTestSuiteMainPhase(TestSuiteExecutor.java:112)
	at com.kms.katalon.core.main.TestSuiteExecutor.execute(TestSuiteExecutor.java:81)
	at com.kms.katalon.core.main.TestCaseMain.startTestSuite(TestCaseMain.java:149)
	at com.kms.katalon.core.main.TestCaseMain$startTestSuite$0.call(Unknown Source)
	at TempTestSuite1561499172132.run(TempTestSuite1561499172132.groovy:36)
"/>
         <system-out><![CDATA[2019-06-25 18:11:47 - [TEST_CASE][FAILED] - Test Cases/OCS - DESKTOP/OCS- PRODUCT PAGE/Price: Test Cases/OCS - DESKTOP/OCS- PRODUCT PAGE/Price FAILED.
Reason:
com.kms.katalon.core.exception.StepFailedException: com.kms.katalon.core.webui.exception.WebElementNotFoundException: Web element with id: 'Object Repository/OCS-DESKTOP/Product page/Price/Price - Add to cart button' located by 'By.xpath: //span[@class='btn__price price']' not found
	at com.kms.katalon.core.keyword.internal.KeywordMain.stepFailed(KeywordMain.groovy:32)
	at com.kms.katalon.core.webui.keyword.internal.WebUIKeywordMain.stepFailed(WebUIKeywordMain.groovy:65)
	at com.kms.katalon.core.webui.keyword.builtin.VerifyElementPresentKeyword$_verifyElementPresent_closure1.doCall(VerifyElementPresentKeyword.groovy:85)
	at com.kms.katalon.core.webui.keyword.builtin.VerifyElementPresentKeyword$_verifyElementPresent_closure1.call(VerifyElementPresentKeyword.groovy)
	at com.kms.katalon.core.webui.keyword.internal.WebUIKeywordMain.runKeyword(WebUIKeywordMain.groovy:21)
	at com.kms.katalon.core.webui.keyword.builtin.VerifyElementPresentKeyword.verifyElementPresent(VerifyElementPresentKeyword.groovy:92)
	at com.kms.katalon.core.webui.keyword.builtin.VerifyElementPresentKeyword.execute(VerifyElementPresentKeyword.groovy:68)
	at com.kms.katalon.core.keyword.internal.KeywordExecutor.executeKeywordForPlatform(KeywordExecutor.groovy:53)
	at com.kms.katalon.core.webui.keyword.WebUiBuiltInKeywords.verifyElementPresent(WebUiBuiltInKeywords.groovy:1418)
	at com.kms.katalon.core.webui.keyword.WebUiBuiltInKeywords$verifyElementPresent$21.call(Unknown Source)
	at Price.run(Price:42)
	at com.kms.katalon.core.main.ScriptEngine.run(ScriptEngine.java:194)
	at com.kms.katalon.core.main.ScriptEngine.runScriptAsRawText(ScriptEngine.java:119)
	at com.kms.katalon.core.main.TestCaseExecutor.runScript(TestCaseExecutor.java:328)
	at com.kms.katalon.core.main.TestCaseExecutor.doExecute(TestCaseExecutor.java:319)
	at com.kms.katalon.core.main.TestCaseExecutor.processExecutionPhase(TestCaseExecutor.java:298)
	at com.kms.katalon.core.main.TestCaseExecutor.accessMainPhase(TestCaseExecutor.java:290)
	at com.kms.katalon.core.main.TestCaseExecutor.execute(TestCaseExecutor.java:224)
	at com.kms.katalon.core.main.TestSuiteExecutor.accessTestCaseMainPhase(TestSuiteExecutor.java:129)
	at com.kms.katalon.core.main.TestSuiteExecutor.accessTestSuiteMainPhase(TestSuiteExecutor.java:112)
	at com.kms.katalon.core.main.TestSuiteExecutor.execute(TestSuiteExecutor.java:81)
	at com.kms.katalon.core.main.TestCaseMain.startTestSuite(TestCaseMain.java:149)
	at com.kms.katalon.core.main.TestCaseMain$startTestSuite$0.call(Unknown Source)
	at TempTestSuite1561499172132.run(TempTestSuite1561499172132.groovy:36)


2019-06-25 18:11:47 - [TEST_STEP][PASSED] - callTestCase(findTestCase("OCS - DESKTOP/CALL - PDP"), [:], STOP_ON_FAILURE): Call Test Case 'Test Cases/OCS - DESKTOP/CALL - PDP' successfully

2019-06-25 18:11:47 - [TEST_CASE][PASSED] - Test Cases/OCS - DESKTOP/CALL - PDP: Test Cases/OCS - DESKTOP/CALL - PDP

2019-06-25 18:11:47 - [TEST_STEP][PASSED] - openBrowser(""): Browser is opened with url: ''

2019-06-25 18:11:47 - [MESSAGE][WARNING] - A browser is already opened. Closing browser and opening a new one

2019-06-25 18:11:48 - [MESSAGE][INFO] - Starting 'Chrome' driver

2019-06-25 18:11:49 - [MESSAGE][PASSED] - Browser is opened with url: ''

2019-06-25 18:11:49 - [TEST_STEP][PASSED] - navigateToUrl("https://ocs.ca/?fts=0&preview_theme_id=72920106828"): Navigate to 'https://ocs.ca/?fts=0&preview_theme_id=72920106828' successfully

2019-06-25 18:11:53 - [MESSAGE][PASSED] - Navigate to 'https://ocs.ca/?fts=0&preview_theme_id=72920106828' successfully

2019-06-25 18:11:53 - [TEST_STEP][PASSED] - maximizeWindow(): Current window maximized

2019-06-25 18:11:53 - [MESSAGE][PASSED] - Current window maximized

2019-06-25 18:11:53 - [TEST_STEP][PASSED] - executeJavaScript("var previewBar = document.getElementById("preview-bar-iframe"); previewBar.style.display = "none";", []): Execute JavaScript 'var previewBar = document.getElementById("preview-bar-iframe"); previewBar.style.display = "none";' successfully

2019-06-25 18:11:53 - [MESSAGE][PASSED] - Execute JavaScript 'var previewBar = document.getElementById("preview-bar-iframe"); previewBar.style.display = "none";' successfully

2019-06-25 18:11:53 - [TEST_STEP][PASSED] - delay(4): Delayed 4 second(s)

2019-06-25 18:11:57 - [MESSAGE][PASSED] - Delayed 4 second(s)

2019-06-25 18:11:57 - [TEST_STEP][PASSED] - selectOptionByValue(findTestObject("OCS-DESKTOP/Age gate and Mega menu/Date"), "12", true): All options with value '12' are selected in object 'Object Repository/OCS-DESKTOP/Age gate and Mega menu/Date'  using regular expression

2019-06-25 18:11:58 - [MESSAGE][PASSED] - All options with value '12' are selected in object 'Object Repository/OCS-DESKTOP/Age gate and Mega menu/Date'  using regular expression

2019-06-25 18:11:58 - [TEST_STEP][PASSED] - selectOptionByValue(findTestObject("OCS-DESKTOP/Age gate and Mega menu/month"), "6", true): All options with value '6' are selected in object 'Object Repository/OCS-DESKTOP/Age gate and Mega menu/month'  using regular expression

2019-06-25 18:11:58 - [MESSAGE][PASSED] - All options with value '6' are selected in object 'Object Repository/OCS-DESKTOP/Age gate and Mega menu/month'  using regular expression

2019-06-25 18:11:58 - [TEST_STEP][PASSED] - delay(2): Delayed 2 second(s)

2019-06-25 18:12:00 - [MESSAGE][PASSED] - Delayed 2 second(s)

2019-06-25 18:12:00 - [TEST_STEP][PASSED] - selectOptionByValue(findTestObject("OCS-DESKTOP/Age gate and Mega menu/Year Dropdown"), "1990", true): All options with value '1990' are selected in object 'Object Repository/OCS-DESKTOP/Age gate and Mega menu/Year Dropdown'  using regular expression

2019-06-25 18:12:01 - [MESSAGE][PASSED] - All options with value '1990' are selected in object 'Object Repository/OCS-DESKTOP/Age gate and Mega menu/Year Dropdown'  using regular expression

2019-06-25 18:12:01 - [TEST_STEP][PASSED] - click(findTestObject("OCS-DESKTOP/Age gate and Mega menu/button_Verify")): Object: 'Object Repository/OCS-DESKTOP/Age gate and Mega menu/button_Verify' is clicked on

2019-06-25 18:12:01 - [MESSAGE][PASSED] - Object: 'Object Repository/OCS-DESKTOP/Age gate and Mega menu/button_Verify' is clicked on

2019-06-25 18:12:01 - [TEST_STEP][PASSED] - click(findTestObject("OCS-DESKTOP/Age gate and Mega menu/Checkbox_CONFIRM AND ACKNOWLEDGE")): Object: 'Object Repository/OCS-DESKTOP/Age gate and Mega menu/Checkbox_CONFIRM AND ACKNOWLEDGE' is clicked on

2019-06-25 18:12:01 - [MESSAGE][PASSED] - Object: 'Object Repository/OCS-DESKTOP/Age gate and Mega menu/Checkbox_CONFIRM AND ACKNOWLEDGE' is clicked on

2019-06-25 18:12:01 - [TEST_STEP][PASSED] - click(findTestObject("OCS-DESKTOP/Age gate and Mega menu/button_CONFIRM")): Object: 'Object Repository/OCS-DESKTOP/Age gate and Mega menu/button_CONFIRM' is clicked on

2019-06-25 18:12:01 - [MESSAGE][PASSED] - Object: 'Object Repository/OCS-DESKTOP/Age gate and Mega menu/button_CONFIRM' is clicked on

2019-06-25 18:12:01 - [TEST_STEP][PASSED] - click(findTestObject("OCS-DESKTOP/Age gate and Mega menu/button_Start Browsing")): Object: 'Object Repository/OCS-DESKTOP/Age gate and Mega menu/button_Start Browsing' is clicked on

2019-06-25 18:12:01 - [MESSAGE][PASSED] - Object: 'Object Repository/OCS-DESKTOP/Age gate and Mega menu/button_Start Browsing' is clicked on

2019-06-25 18:12:01 - [TEST_STEP][PASSED] - refresh(): Refresh successfully

2019-06-25 18:12:01 - [MESSAGE][PASSED] - Refresh successfully

2019-06-25 18:12:01 - [TEST_STEP][PASSED] - delay(2): Delayed 2 second(s)

2019-06-25 18:12:03 - [MESSAGE][PASSED] - Delayed 2 second(s)

2019-06-25 18:12:03 - [TEST_STEP][PASSED] - click(findTestObject("OCS-DESKTOP/Age gate and Mega menu/Header/CANNABIS menu - English")): Object: 'Object Repository/OCS-DESKTOP/Age gate and Mega menu/Header/CANNABIS menu - English' is clicked on

2019-06-25 18:12:06 - [MESSAGE][PASSED] - Object: 'Object Repository/OCS-DESKTOP/Age gate and Mega menu/Header/CANNABIS menu - English' is clicked on

2019-06-25 18:12:06 - [TEST_STEP][PASSED] - delay(2): Delayed 2 second(s)

2019-06-25 18:12:08 - [MESSAGE][PASSED] - Delayed 2 second(s)

2019-06-25 18:12:08 - [TEST_STEP][PASSED] - click(findTestObject("OCS-DESKTOP/Age gate and Mega menu/Indica Dominant_Menu item")): Object: 'Object Repository/OCS-DESKTOP/Age gate and Mega menu/Indica Dominant_Menu item' is clicked on

2019-06-25 18:12:11 - [MESSAGE][PASSED] - Object: 'Object Repository/OCS-DESKTOP/Age gate and Mega menu/Indica Dominant_Menu item' is clicked on

2019-06-25 18:12:11 - [TEST_STEP][PASSED] - delay(2): Delayed 2 second(s)

2019-06-25 18:12:13 - [MESSAGE][PASSED] - Delayed 2 second(s)

2019-06-25 18:12:13 - [TEST_STEP][PASSED] - scrollToElement(findTestObject("OCS-DESKTOP/Collection page/Product image - 1st one"), 0): Scroll to object 'Object Repository/OCS-DESKTOP/Collection page/Product image - 1st one' successfully

2019-06-25 18:12:13 - [MESSAGE][WARNING] - Timeout '0' is invalid. Using default page load timeout: '30'

2019-06-25 18:12:13 - [MESSAGE][PASSED] - Scroll to object 'Object Repository/OCS-DESKTOP/Collection page/Product image - 1st one' successfully

2019-06-25 18:12:13 - [TEST_STEP][PASSED] - delay(2): Delayed 2 second(s)

2019-06-25 18:12:15 - [MESSAGE][PASSED] - Delayed 2 second(s)

2019-06-25 18:12:15 - [TEST_STEP][PASSED] - click(findTestObject("OCS-DESKTOP/Collection page/Product image - 1st one")): Object: 'Object Repository/OCS-DESKTOP/Collection page/Product image - 1st one' is clicked on

2019-06-25 18:12:20 - [MESSAGE][PASSED] - Object: 'Object Repository/OCS-DESKTOP/Collection page/Product image - 1st one' is clicked on

2019-06-25 18:12:20 - [TEST_STEP][PASSED] - executeJavaScript("var previewBar = document.getElementById("preview-bar-iframe"); previewBar.style.display = "none";", []): Execute JavaScript 'var previewBar = document.getElementById("preview-bar-iframe"); previewBar.style.display = "none";' successfully

2019-06-25 18:12:20 - [MESSAGE][PASSED] - Execute JavaScript 'var previewBar = document.getElementById("preview-bar-iframe"); previewBar.style.display = "none";' successfully

2019-06-25 18:12:20 - [TEST_STEP][PASSED] - delay(2): Delayed 2 second(s)

2019-06-25 18:12:22 - [MESSAGE][PASSED] - Delayed 2 second(s)

2019-06-25 18:12:22 - [MESSAGE][PASSED] - Call Test Case 'Test Cases/OCS - DESKTOP/CALL - PDP' successfully

2019-06-25 18:12:22 - [TEST_STEP][NOT_RUN] - navigateToUrl("https://ocs.ca/?fts=0&preview_theme_id=53373863756"): NOT_RUN: navigateToUrl("https://ocs.ca/?fts=0&preview_theme_id=53373863756")

2019-06-25 18:12:22 - [MESSAGE][NOT_RUN] - NOT_RUN: navigateToUrl("https://ocs.ca/?fts=0&preview_theme_id=53373863756")

2019-06-25 18:12:22 - [TEST_STEP][PASSED] - delay(2): Delayed 2 second(s)

2019-06-25 18:12:24 - [MESSAGE][PASSED] - Delayed 2 second(s)

2019-06-25 18:12:24 - [TEST_STEP][PASSED] - scrollToElement(findTestObject("OCS-DESKTOP/Product page/Product image"), 1): Scroll to object 'Object Repository/OCS-DESKTOP/Product page/Product image' successfully

2019-06-25 18:12:24 - [MESSAGE][PASSED] - Scroll to object 'Object Repository/OCS-DESKTOP/Product page/Product image' successfully

2019-06-25 18:12:24 - [TEST_STEP][PASSED] - delay(2): Delayed 2 second(s)

2019-06-25 18:12:26 - [MESSAGE][PASSED] - Delayed 2 second(s)

2019-06-25 18:12:26 - [TEST_STEP][PASSED] - click(findTestObject("OCS-DESKTOP/Product page/Swatch_1g")): Object: 'Object Repository/OCS-DESKTOP/Product page/Swatch_1g' is clicked on

2019-06-25 18:12:26 - [MESSAGE][PASSED] - Object: 'Object Repository/OCS-DESKTOP/Product page/Swatch_1g' is clicked on

2019-06-25 18:12:26 - [TEST_STEP][PASSED] - delay(2): Delayed 2 second(s)

2019-06-25 18:12:28 - [MESSAGE][PASSED] - Delayed 2 second(s)

2019-06-25 18:12:28 - [TEST_STEP][NOT_RUN] - scrollToElement(findTestObject("OCS-DESKTOP/Product page/Add to Bag-button"), 0): NOT_RUN: scrollToElement(findTestObject("OCS-DESKTOP/Product page/Add to Bag-button"), 0)

2019-06-25 18:12:28 - [MESSAGE][NOT_RUN] - NOT_RUN: scrollToElement(findTestObject("OCS-DESKTOP/Product page/Add to Bag-button"), 0)

2019-06-25 18:12:28 - [TEST_STEP][NOT_RUN] - scrollToElement(findTestObject("OCS-MOBILE /Product page/Product image"), 1): NOT_RUN: scrollToElement(findTestObject("OCS-MOBILE /Product page/Product image"), 1)

2019-06-25 18:12:28 - [MESSAGE][NOT_RUN] - NOT_RUN: scrollToElement(findTestObject("OCS-MOBILE /Product page/Product image"), 1)

2019-06-25 18:12:28 - [TEST_STEP][PASSED] - delay(2): Delayed 2 second(s)

2019-06-25 18:12:30 - [MESSAGE][PASSED] - Delayed 2 second(s)

2019-06-25 18:12:30 - [TEST_STEP][PASSED] - a = getText(findTestObject("OCS-DESKTOP/Product page/Price/1g Price - Swatch")): Text of object 'Object Repository/OCS-DESKTOP/Product page/Price/1g Price - Swatch' is: '$10.25'

2019-06-25 18:12:30 - [MESSAGE][PASSED] - Text of object 'Object Repository/OCS-DESKTOP/Product page/Price/1g Price - Swatch' is: '$10.25'

2019-06-25 18:12:30 - [TEST_STEP][PASSED] - comment("a =" + a): a =$10.25

2019-06-25 18:12:30 - [MESSAGE][INFO] - a =$10.25

2019-06-25 18:12:30 - [TEST_STEP][PASSED] - delay(1, OPTIONAL): Delayed 1 second(s)

2019-06-25 18:12:31 - [MESSAGE][PASSED] - Delayed 1 second(s)

2019-06-25 18:12:31 - [TEST_STEP][FAILED] - flag = verifyElementPresent(findTestObject("OCS-DESKTOP/Product page/Price/Price - Add to cart button"), 0, CONTINUE_ON_FAILURE): com.kms.katalon.core.webui.exception.WebElementNotFoundException: Web element with id: 'Object Repository/OCS-DESKTOP/Product page/Price/Price - Add to cart button' located by 'By.xpath: //span[@class='btn__price price']' not found

2019-06-25 18:12:31 - [MESSAGE][WARNING] - Timeout '0' is invalid. Using default page load timeout: '30'

2019-06-25 18:13:02 - [MESSAGE][INFO] - Unable to find the element located by 'By.xpath: //span[@class='btn__price price']'. Please recheck the objects properties to make sure the desired element is located. 

2019-06-25 18:13:03 - [MESSAGE][FAILED] - com.kms.katalon.core.webui.exception.WebElementNotFoundException: Web element with id: 'Object Repository/OCS-DESKTOP/Product page/Price/Price - Add to cart button' located by 'By.xpath: //span[@class='btn__price price']' not found
[[ATTACHMENT|/Users/sumankompelly/Relative xpath-Desktop/Reports/OCS - 1.10.2.1/20190625_174612/1561500782755.png]]

2019-06-25 18:13:03 - [TEST_STEP][PASSED] - comment("flag =" + flag): flag =false

2019-06-25 18:13:03 - [MESSAGE][INFO] - flag =false

2019-06-25 18:13:03 - [TEST_STEP][PASSED] - if (flag == true): null

2019-06-25 18:13:03 - [TEST_STEP][FAILED] - else: else FAILED.
Reason:
com.kms.katalon.core.exception.StepFailedException: com.kms.katalon.core.webui.exception.WebElementNotFoundException: Web element with id: 'Object Repository/OCS-DESKTOP/Product page/Price/Price - Add to cart button' located by 'By.xpath: //span[@class='btn__price price']' not found
	at com.kms.katalon.core.keyword.internal.KeywordMain.stepFailed(KeywordMain.groovy:32)
	at com.kms.katalon.core.webui.keyword.internal.WebUIKeywordMain.stepFailed(WebUIKeywordMain.groovy:65)
	at com.kms.katalon.core.webui.keyword.builtin.VerifyElementPresentKeyword$_verifyElementPresent_closure1.doCall(VerifyElementPresentKeyword.groovy:85)
	at com.kms.katalon.core.webui.keyword.builtin.VerifyElementPresentKeyword$_verifyElementPresent_closure1.call(VerifyElementPresentKeyword.groovy)
	at com.kms.katalon.core.webui.keyword.internal.WebUIKeywordMain.runKeyword(WebUIKeywordMain.groovy:21)
	at com.kms.katalon.core.webui.keyword.builtin.VerifyElementPresentKeyword.verifyElementPresent(VerifyElementPresentKeyword.groovy:92)
	at com.kms.katalon.core.webui.keyword.builtin.VerifyElementPresentKeyword.execute(VerifyElementPresentKeyword.groovy:68)
	at com.kms.katalon.core.keyword.internal.KeywordExecutor.executeKeywordForPlatform(KeywordExecutor.groovy:53)
	at com.kms.katalon.core.webui.keyword.WebUiBuiltInKeywords.verifyElementPresent(WebUiBuiltInKeywords.groovy:1418)
	at com.kms.katalon.core.webui.keyword.WebUiBuiltInKeywords$verifyElementPresent$21.call(Unknown Source)
	at Price.run(Price:42)
	at com.kms.katalon.core.main.ScriptEngine.run(ScriptEngine.java:194)
	at com.kms.katalon.core.main.ScriptEngine.runScriptAsRawText(ScriptEngine.java:119)
	at com.kms.katalon.core.main.TestCaseExecutor.runScript(TestCaseExecutor.java:328)
	at com.kms.katalon.core.main.TestCaseExecutor.doExecute(TestCaseExecutor.java:319)
	at com.kms.katalon.core.main.TestCaseExecutor.processExecutionPhase(TestCaseExecutor.java:298)
	at com.kms.katalon.core.main.TestCaseExecutor.accessMainPhase(TestCaseExecutor.java:290)
	at com.kms.katalon.core.main.TestCaseExecutor.execute(TestCaseExecutor.java:224)
	at com.kms.katalon.core.main.TestSuiteExecutor.accessTestCaseMainPhase(TestSuiteExecutor.java:129)
	at com.kms.katalon.core.main.TestSuiteExecutor.accessTestSuiteMainPhase(TestSuiteExecutor.java:112)
	at com.kms.katalon.core.main.TestSuiteExecutor.execute(TestSuiteExecutor.java:81)
	at com.kms.katalon.core.main.TestCaseMain.startTestSuite(TestCaseMain.java:149)
	at com.kms.katalon.core.main.TestCaseMain$startTestSuite$0.call(Unknown Source)
	at TempTestSuite1561499172132.run(TempTestSuite1561499172132.groovy:36)


2019-06-25 18:13:03 - [TEST_STEP][PASSED] - back(): Navigate back successfully

2019-06-25 18:13:05 - [MESSAGE][PASSED] - Navigate back successfully

2019-06-25 18:13:05 - [TEST_STEP][PASSED] - delay(1, OPTIONAL): Delayed 1 second(s)

2019-06-25 18:13:06 - [MESSAGE][PASSED] - Delayed 1 second(s)

2019-06-25 18:13:06 - [TEST_STEP][PASSED] - executeJavaScript("var previewBar = document.getElementById("preview-bar-iframe"); previewBar.style.display = "none";", []): Execute JavaScript 'var previewBar = document.getElementById("preview-bar-iframe"); previewBar.style.display = "none";' successfully

2019-06-25 18:13:06 - [MESSAGE][PASSED] - Execute JavaScript 'var previewBar = document.getElementById("preview-bar-iframe"); previewBar.style.display = "none";' successfully

2019-06-25 18:13:06 - [TEST_STEP][FAILED] - click(findTestObject("OCS-DESKTOP/Collection page/Product image - 2nd one")): else FAILED.
Reason:
com.kms.katalon.core.exception.StepFailedException: com.kms.katalon.core.webui.exception.WebElementNotFoundException: Web element with id: 'Object Repository/OCS-DESKTOP/Product page/Price/Price - Add to cart button' located by 'By.xpath: //span[@class='btn__price price']' not found
	at com.kms.katalon.core.keyword.internal.KeywordMain.stepFailed(KeywordMain.groovy:32)
	at com.kms.katalon.core.webui.keyword.internal.WebUIKeywordMain.stepFailed(WebUIKeywordMain.groovy:65)
	at com.kms.katalon.core.webui.keyword.builtin.VerifyElementPresentKeyword$_verifyElementPresent_closure1.doCall(VerifyElementPresentKeyword.groovy:85)
	at com.kms.katalon.core.webui.keyword.builtin.VerifyElementPresentKeyword$_verifyElementPresent_closure1.call(VerifyElementPresentKeyword.groovy)
	at com.kms.katalon.core.webui.keyword.internal.WebUIKeywordMain.runKeyword(WebUIKeywordMain.groovy:21)
	at com.kms.katalon.core.webui.keyword.builtin.VerifyElementPresentKeyword.verifyElementPresent(VerifyElementPresentKeyword.groovy:92)
	at com.kms.katalon.core.webui.keyword.builtin.VerifyElementPresentKeyword.execute(VerifyElementPresentKeyword.groovy:68)
	at com.kms.katalon.core.keyword.internal.KeywordExecutor.executeKeywordForPlatform(KeywordExecutor.groovy:53)
	at com.kms.katalon.core.webui.keyword.WebUiBuiltInKeywords.verifyElementPresent(WebUiBuiltInKeywords.groovy:1418)
	at com.kms.katalon.core.webui.keyword.WebUiBuiltInKeywords$verifyElementPresent$21.call(Unknown Source)
	at Price.run(Price:42)
	at com.kms.katalon.core.main.ScriptEngine.run(ScriptEngine.java:194)
	at com.kms.katalon.core.main.ScriptEngine.runScriptAsRawText(ScriptEngine.java:119)
	at com.kms.katalon.core.main.TestCaseExecutor.runScript(TestCaseExecutor.java:328)
	at com.kms.katalon.core.main.TestCaseExecutor.doExecute(TestCaseExecutor.java:319)
	at com.kms.katalon.core.main.TestCaseExecutor.processExecutionPhase(TestCaseExecutor.java:298)
	at com.kms.katalon.core.main.TestCaseExecutor.accessMainPhase(TestCaseExecutor.java:290)
	at com.kms.katalon.core.main.TestCaseExecutor.execute(TestCaseExecutor.java:224)
	at com.kms.katalon.core.main.TestSuiteExecutor.accessTestCaseMainPhase(TestSuiteExecutor.java:129)
	at com.kms.katalon.core.main.TestSuiteExecutor.accessTestSuiteMainPhase(TestSuiteExecutor.java:112)
	at com.kms.katalon.core.main.TestSuiteExecutor.execute(TestSuiteExecutor.java:81)
	at com.kms.katalon.core.main.TestCaseMain.startTestSuite(TestCaseMain.java:149)
	at com.kms.katalon.core.main.TestCaseMain$startTestSuite$0.call(Unknown Source)
	at TempTestSuite1561499172132.run(TempTestSuite1561499172132.groovy:36)


2019-06-25 18:13:37 - [MESSAGE][INFO] - Unable to find the element located by 'By.xpath: /html/body/div/div[3]/section/div[1]/div[3]/div[1]/article[2]/div[1]/a/img'. Please recheck the objects properties to make sure the desired element is located. 

2019-06-25 18:13:38 - [MESSAGE][FAILED] - Unable to click on object 'Object Repository/OCS-DESKTOP/Collection page/Product image - 2nd one' (Root cause: com.kms.katalon.core.webui.exception.WebElementNotFoundException: Web element with id: 'Object Repository/OCS-DESKTOP/Collection page/Product image - 2nd one' located by 'By.xpath: /html/body/div/div[3]/section/div[1]/div[3]/div[1]/article[2]/div[1]/a/img' not found)
[[ATTACHMENT|/Users/sumankompelly/Relative xpath-Desktop/Reports/OCS - 1.10.2.1/20190625_174612/1561500817767.png]]

2019-06-25 18:13:38 - [MESSAGE][FAILED] - else FAILED.
Reason:
com.kms.katalon.core.exception.StepFailedException: com.kms.katalon.core.webui.exception.WebElementNotFoundException: Web element with id: 'Object Repository/OCS-DESKTOP/Product page/Price/Price - Add to cart button' located by 'By.xpath: //span[@class='btn__price price']' not found
	at com.kms.katalon.core.keyword.internal.KeywordMain.stepFailed(KeywordMain.groovy:32)
	at com.kms.katalon.core.webui.keyword.internal.WebUIKeywordMain.stepFailed(WebUIKeywordMain.groovy:65)
	at com.kms.katalon.core.webui.keyword.builtin.VerifyElementPresentKeyword$_verifyElementPresent_closure1.doCall(VerifyElementPresentKeyword.groovy:85)
	at com.kms.katalon.core.webui.keyword.builtin.VerifyElementPresentKeyword$_verifyElementPresent_closure1.call(VerifyElementPresentKeyword.groovy)
	at com.kms.katalon.core.webui.keyword.internal.WebUIKeywordMain.runKeyword(WebUIKeywordMain.groovy:21)
	at com.kms.katalon.core.webui.keyword.builtin.VerifyElementPresentKeyword.verifyElementPresent(VerifyElementPresentKeyword.groovy:92)
	at com.kms.katalon.core.webui.keyword.builtin.VerifyElementPresentKeyword.execute(VerifyElementPresentKeyword.groovy:68)
	at com.kms.katalon.core.keyword.internal.KeywordExecutor.executeKeywordForPlatform(KeywordExecutor.groovy:53)
	at com.kms.katalon.core.webui.keyword.WebUiBuiltInKeywords.verifyElementPresent(WebUiBuiltInKeywords.groovy:1418)
	at com.kms.katalon.core.webui.keyword.WebUiBuiltInKeywords$verifyElementPresent$21.call(Unknown Source)
	at Price.run(Price:42)
	at com.kms.katalon.core.main.ScriptEngine.run(ScriptEngine.java:194)
	at com.kms.katalon.core.main.ScriptEngine.runScriptAsRawText(ScriptEngine.java:119)
	at com.kms.katalon.core.main.TestCaseExecutor.runScript(TestCaseExecutor.java:328)
	at com.kms.katalon.core.main.TestCaseExecutor.doExecute(TestCaseExecutor.java:319)
	at com.kms.katalon.core.main.TestCaseExecutor.processExecutionPhase(TestCaseExecutor.java:298)
	at com.kms.katalon.core.main.TestCaseExecutor.accessMainPhase(TestCaseExecutor.java:290)
	at com.kms.katalon.core.main.TestCaseExecutor.execute(TestCaseExecutor.java:224)
	at com.kms.katalon.core.main.TestSuiteExecutor.accessTestCaseMainPhase(TestSuiteExecutor.java:129)
	at com.kms.katalon.core.main.TestSuiteExecutor.accessTestSuiteMainPhase(TestSuiteExecutor.java:112)
	at com.kms.katalon.core.main.TestSuiteExecutor.execute(TestSuiteExecutor.java:81)
	at com.kms.katalon.core.main.TestCaseMain.startTestSuite(TestCaseMain.java:149)
	at com.kms.katalon.core.main.TestCaseMain$startTestSuite$0.call(Unknown Source)
	at TempTestSuite1561499172132.run(TempTestSuite1561499172132.groovy:36)]]></system-out>
         <system-err><![CDATA[2019-06-25 18:11:47 - [TEST_CASE][FAILED] - Test Cases/OCS - DESKTOP/OCS- PRODUCT PAGE/Price: Test Cases/OCS - DESKTOP/OCS- PRODUCT PAGE/Price FAILED.
Reason:
com.kms.katalon.core.exception.StepFailedException: com.kms.katalon.core.webui.exception.WebElementNotFoundException: Web element with id: 'Object Repository/OCS-DESKTOP/Product page/Price/Price - Add to cart button' located by 'By.xpath: //span[@class='btn__price price']' not found
	at com.kms.katalon.core.keyword.internal.KeywordMain.stepFailed(KeywordMain.groovy:32)
	at com.kms.katalon.core.webui.keyword.internal.WebUIKeywordMain.stepFailed(WebUIKeywordMain.groovy:65)
	at com.kms.katalon.core.webui.keyword.builtin.VerifyElementPresentKeyword$_verifyElementPresent_closure1.doCall(VerifyElementPresentKeyword.groovy:85)
	at com.kms.katalon.core.webui.keyword.builtin.VerifyElementPresentKeyword$_verifyElementPresent_closure1.call(VerifyElementPresentKeyword.groovy)
	at com.kms.katalon.core.webui.keyword.internal.WebUIKeywordMain.runKeyword(WebUIKeywordMain.groovy:21)
	at com.kms.katalon.core.webui.keyword.builtin.VerifyElementPresentKeyword.verifyElementPresent(VerifyElementPresentKeyword.groovy:92)
	at com.kms.katalon.core.webui.keyword.builtin.VerifyElementPresentKeyword.execute(VerifyElementPresentKeyword.groovy:68)
	at com.kms.katalon.core.keyword.internal.KeywordExecutor.executeKeywordForPlatform(KeywordExecutor.groovy:53)
	at com.kms.katalon.core.webui.keyword.WebUiBuiltInKeywords.verifyElementPresent(WebUiBuiltInKeywords.groovy:1418)
	at com.kms.katalon.core.webui.keyword.WebUiBuiltInKeywords$verifyElementPresent$21.call(Unknown Source)
	at Price.run(Price:42)
	at com.kms.katalon.core.main.ScriptEngine.run(ScriptEngine.java:194)
	at com.kms.katalon.core.main.ScriptEngine.runScriptAsRawText(ScriptEngine.java:119)
	at com.kms.katalon.core.main.TestCaseExecutor.runScript(TestCaseExecutor.java:328)
	at com.kms.katalon.core.main.TestCaseExecutor.doExecute(TestCaseExecutor.java:319)
	at com.kms.katalon.core.main.TestCaseExecutor.processExecutionPhase(TestCaseExecutor.java:298)
	at com.kms.katalon.core.main.TestCaseExecutor.accessMainPhase(TestCaseExecutor.java:290)
	at com.kms.katalon.core.main.TestCaseExecutor.execute(TestCaseExecutor.java:224)
	at com.kms.katalon.core.main.TestSuiteExecutor.accessTestCaseMainPhase(TestSuiteExecutor.java:129)
	at com.kms.katalon.core.main.TestSuiteExecutor.accessTestSuiteMainPhase(TestSuiteExecutor.java:112)
	at com.kms.katalon.core.main.TestSuiteExecutor.execute(TestSuiteExecutor.java:81)
	at com.kms.katalon.core.main.TestCaseMain.startTestSuite(TestCaseMain.java:149)
	at com.kms.katalon.core.main.TestCaseMain$startTestSuite$0.call(Unknown Source)
	at TempTestSuite1561499172132.run(TempTestSuite1561499172132.groovy:36)]]></system-err>
      </testcase>
      <testcase name="Test Cases/OCS - DESKTOP/OCS- PRODUCT PAGE/Learn More" classname="Test Cases/OCS - DESKTOP/OCS- PRODUCT PAGE/Learn More" status="PASSED">
         <system-out><![CDATA[2019-06-25 18:13:38 - [TEST_CASE][PASSED] - Test Cases/OCS - DESKTOP/OCS- PRODUCT PAGE/Learn More: Test Cases/OCS - DESKTOP/OCS- PRODUCT PAGE/Learn More

2019-06-25 18:13:38 - [TEST_STEP][PASSED] - callTestCase(findTestCase("OCS - DESKTOP/CALL - PDP"), [:], STOP_ON_FAILURE): Call Test Case 'Test Cases/OCS - DESKTOP/CALL - PDP' successfully

2019-06-25 18:13:38 - [TEST_CASE][PASSED] - Test Cases/OCS - DESKTOP/CALL - PDP: Test Cases/OCS - DESKTOP/CALL - PDP

2019-06-25 18:13:38 - [TEST_STEP][PASSED] - openBrowser(""): Browser is opened with url: ''

2019-06-25 18:13:38 - [MESSAGE][WARNING] - A browser is already opened. Closing browser and opening a new one

2019-06-25 18:13:38 - [MESSAGE][INFO] - Starting 'Chrome' driver

2019-06-25 18:13:40 - [MESSAGE][PASSED] - Browser is opened with url: ''

2019-06-25 18:13:40 - [TEST_STEP][PASSED] - navigateToUrl("https://ocs.ca/?fts=0&preview_theme_id=72920106828"): Navigate to 'https://ocs.ca/?fts=0&preview_theme_id=72920106828' successfully

2019-06-25 18:13:44 - [MESSAGE][PASSED] - Navigate to 'https://ocs.ca/?fts=0&preview_theme_id=72920106828' successfully

2019-06-25 18:13:44 - [TEST_STEP][PASSED] - maximizeWindow(): Current window maximized

2019-06-25 18:13:44 - [MESSAGE][PASSED] - Current window maximized

2019-06-25 18:13:44 - [TEST_STEP][PASSED] - executeJavaScript("var previewBar = document.getElementById("preview-bar-iframe"); previewBar.style.display = "none";", []): Execute JavaScript 'var previewBar = document.getElementById("preview-bar-iframe"); previewBar.style.display = "none";' successfully

2019-06-25 18:13:44 - [MESSAGE][PASSED] - Execute JavaScript 'var previewBar = document.getElementById("preview-bar-iframe"); previewBar.style.display = "none";' successfully

2019-06-25 18:13:44 - [TEST_STEP][PASSED] - delay(4): Delayed 4 second(s)

2019-06-25 18:13:48 - [MESSAGE][PASSED] - Delayed 4 second(s)

2019-06-25 18:13:48 - [TEST_STEP][PASSED] - selectOptionByValue(findTestObject("OCS-DESKTOP/Age gate and Mega menu/Date"), "12", true): All options with value '12' are selected in object 'Object Repository/OCS-DESKTOP/Age gate and Mega menu/Date'  using regular expression

2019-06-25 18:13:48 - [MESSAGE][PASSED] - All options with value '12' are selected in object 'Object Repository/OCS-DESKTOP/Age gate and Mega menu/Date'  using regular expression

2019-06-25 18:13:48 - [TEST_STEP][PASSED] - selectOptionByValue(findTestObject("OCS-DESKTOP/Age gate and Mega menu/month"), "6", true): All options with value '6' are selected in object 'Object Repository/OCS-DESKTOP/Age gate and Mega menu/month'  using regular expression

2019-06-25 18:13:48 - [MESSAGE][PASSED] - All options with value '6' are selected in object 'Object Repository/OCS-DESKTOP/Age gate and Mega menu/month'  using regular expression

2019-06-25 18:13:48 - [TEST_STEP][PASSED] - delay(2): Delayed 2 second(s)

2019-06-25 18:13:50 - [MESSAGE][PASSED] - Delayed 2 second(s)

2019-06-25 18:13:50 - [TEST_STEP][PASSED] - selectOptionByValue(findTestObject("OCS-DESKTOP/Age gate and Mega menu/Year Dropdown"), "1990", true): All options with value '1990' are selected in object 'Object Repository/OCS-DESKTOP/Age gate and Mega menu/Year Dropdown'  using regular expression

2019-06-25 18:13:51 - [MESSAGE][PASSED] - All options with value '1990' are selected in object 'Object Repository/OCS-DESKTOP/Age gate and Mega menu/Year Dropdown'  using regular expression

2019-06-25 18:13:51 - [TEST_STEP][PASSED] - click(findTestObject("OCS-DESKTOP/Age gate and Mega menu/button_Verify")): Object: 'Object Repository/OCS-DESKTOP/Age gate and Mega menu/button_Verify' is clicked on

2019-06-25 18:13:52 - [MESSAGE][PASSED] - Object: 'Object Repository/OCS-DESKTOP/Age gate and Mega menu/button_Verify' is clicked on

2019-06-25 18:13:52 - [TEST_STEP][PASSED] - click(findTestObject("OCS-DESKTOP/Age gate and Mega menu/Checkbox_CONFIRM AND ACKNOWLEDGE")): Object: 'Object Repository/OCS-DESKTOP/Age gate and Mega menu/Checkbox_CONFIRM AND ACKNOWLEDGE' is clicked on

2019-06-25 18:13:52 - [MESSAGE][PASSED] - Object: 'Object Repository/OCS-DESKTOP/Age gate and Mega menu/Checkbox_CONFIRM AND ACKNOWLEDGE' is clicked on

2019-06-25 18:13:52 - [TEST_STEP][PASSED] - click(findTestObject("OCS-DESKTOP/Age gate and Mega menu/button_CONFIRM")): Object: 'Object Repository/OCS-DESKTOP/Age gate and Mega menu/button_CONFIRM' is clicked on

2019-06-25 18:13:52 - [MESSAGE][PASSED] - Object: 'Object Repository/OCS-DESKTOP/Age gate and Mega menu/button_CONFIRM' is clicked on

2019-06-25 18:13:52 - [TEST_STEP][PASSED] - click(findTestObject("OCS-DESKTOP/Age gate and Mega menu/button_Start Browsing")): Object: 'Object Repository/OCS-DESKTOP/Age gate and Mega menu/button_Start Browsing' is clicked on

2019-06-25 18:13:52 - [MESSAGE][PASSED] - Object: 'Object Repository/OCS-DESKTOP/Age gate and Mega menu/button_Start Browsing' is clicked on

2019-06-25 18:13:52 - [TEST_STEP][PASSED] - refresh(): Refresh successfully

2019-06-25 18:13:52 - [MESSAGE][PASSED] - Refresh successfully

2019-06-25 18:13:52 - [TEST_STEP][PASSED] - delay(2): Delayed 2 second(s)

2019-06-25 18:13:54 - [MESSAGE][PASSED] - Delayed 2 second(s)

2019-06-25 18:13:54 - [TEST_STEP][PASSED] - click(findTestObject("OCS-DESKTOP/Age gate and Mega menu/Header/CANNABIS menu - English")): Object: 'Object Repository/OCS-DESKTOP/Age gate and Mega menu/Header/CANNABIS menu - English' is clicked on

2019-06-25 18:13:55 - [MESSAGE][PASSED] - Object: 'Object Repository/OCS-DESKTOP/Age gate and Mega menu/Header/CANNABIS menu - English' is clicked on

2019-06-25 18:13:55 - [TEST_STEP][PASSED] - delay(2): Delayed 2 second(s)

2019-06-25 18:13:57 - [MESSAGE][PASSED] - Delayed 2 second(s)

2019-06-25 18:13:57 - [TEST_STEP][PASSED] - click(findTestObject("OCS-DESKTOP/Age gate and Mega menu/Indica Dominant_Menu item")): Object: 'Object Repository/OCS-DESKTOP/Age gate and Mega menu/Indica Dominant_Menu item' is clicked on

2019-06-25 18:14:01 - [MESSAGE][PASSED] - Object: 'Object Repository/OCS-DESKTOP/Age gate and Mega menu/Indica Dominant_Menu item' is clicked on

2019-06-25 18:14:01 - [TEST_STEP][PASSED] - delay(2): Delayed 2 second(s)

2019-06-25 18:14:03 - [MESSAGE][PASSED] - Delayed 2 second(s)

2019-06-25 18:14:03 - [TEST_STEP][PASSED] - scrollToElement(findTestObject("OCS-DESKTOP/Collection page/Product image - 1st one"), 0): Scroll to object 'Object Repository/OCS-DESKTOP/Collection page/Product image - 1st one' successfully

2019-06-25 18:14:03 - [MESSAGE][WARNING] - Timeout '0' is invalid. Using default page load timeout: '30'

2019-06-25 18:14:03 - [MESSAGE][PASSED] - Scroll to object 'Object Repository/OCS-DESKTOP/Collection page/Product image - 1st one' successfully

2019-06-25 18:14:03 - [TEST_STEP][PASSED] - delay(2): Delayed 2 second(s)

2019-06-25 18:14:05 - [MESSAGE][PASSED] - Delayed 2 second(s)

2019-06-25 18:14:05 - [TEST_STEP][PASSED] - click(findTestObject("OCS-DESKTOP/Collection page/Product image - 1st one")): Object: 'Object Repository/OCS-DESKTOP/Collection page/Product image - 1st one' is clicked on

2019-06-25 18:14:09 - [MESSAGE][PASSED] - Object: 'Object Repository/OCS-DESKTOP/Collection page/Product image - 1st one' is clicked on

2019-06-25 18:14:09 - [TEST_STEP][PASSED] - executeJavaScript("var previewBar = document.getElementById("preview-bar-iframe"); previewBar.style.display = "none";", []): Execute JavaScript 'var previewBar = document.getElementById("preview-bar-iframe"); previewBar.style.display = "none";' successfully

2019-06-25 18:14:09 - [MESSAGE][PASSED] - Execute JavaScript 'var previewBar = document.getElementById("preview-bar-iframe"); previewBar.style.display = "none";' successfully

2019-06-25 18:14:09 - [TEST_STEP][PASSED] - delay(2): Delayed 2 second(s)

2019-06-25 18:14:11 - [MESSAGE][PASSED] - Delayed 2 second(s)

2019-06-25 18:14:11 - [MESSAGE][PASSED] - Call Test Case 'Test Cases/OCS - DESKTOP/CALL - PDP' successfully

2019-06-25 18:14:11 - [TEST_STEP][NOT_RUN] - scrollToElement(findTestObject("OCS-MOBILE /Product page/Product image"), 1): NOT_RUN: scrollToElement(findTestObject("OCS-MOBILE /Product page/Product image"), 1)

2019-06-25 18:14:11 - [MESSAGE][NOT_RUN] - NOT_RUN: scrollToElement(findTestObject("OCS-MOBILE /Product page/Product image"), 1)

2019-06-25 18:14:11 - [TEST_STEP][PASSED] - click(findTestObject("OCS-DESKTOP/Product page/Learn More - Link")): Object: 'Object Repository/OCS-DESKTOP/Product page/Learn More - Link' is clicked on

2019-06-25 18:14:11 - [MESSAGE][PASSED] - Object: 'Object Repository/OCS-DESKTOP/Product page/Learn More - Link' is clicked on

2019-06-25 18:14:11 - [TEST_STEP][PASSED] - verifyElementPresent(findTestObject("OCS-DESKTOP/Product page/About Product - Table"), 1): Object 'Object Repository/OCS-DESKTOP/Product page/About Product - Table' is present

2019-06-25 18:14:11 - [MESSAGE][PASSED] - Object 'Object Repository/OCS-DESKTOP/Product page/About Product - Table' is present

2019-06-25 18:14:11 - [TEST_STEP][PASSED] - takeScreenshot(): Taking screenshot successfully

2019-06-25 18:14:12 - [MESSAGE][PASSED] - Taking screenshot successfully
[[ATTACHMENT|/Users/sumankompelly/Relative xpath-Desktop/Reports/OCS - 1.10.2.1/20190625_174612/1561500851389.png]]]]></system-out>
         <system-err><![CDATA[]]></system-err>
      </testcase>
      <testcase name="Test Cases/OCS - DESKTOP/OCS- PRODUCT PAGE/Recently viewed" classname="Test Cases/OCS - DESKTOP/OCS- PRODUCT PAGE/Recently viewed" status="PASSED">
         <system-out><![CDATA[2019-06-25 18:14:12 - [TEST_CASE][PASSED] - Test Cases/OCS - DESKTOP/OCS- PRODUCT PAGE/Recently viewed: Test Cases/OCS - DESKTOP/OCS- PRODUCT PAGE/Recently viewed

2019-06-25 18:14:12 - [TEST_STEP][PASSED] - callTestCase(findTestCase("OCS - DESKTOP/CALL - PDP"), [:], STOP_ON_FAILURE): Call Test Case 'Test Cases/OCS - DESKTOP/CALL - PDP' successfully

2019-06-25 18:14:12 - [TEST_CASE][PASSED] - Test Cases/OCS - DESKTOP/CALL - PDP: Test Cases/OCS - DESKTOP/CALL - PDP

2019-06-25 18:14:12 - [TEST_STEP][PASSED] - openBrowser(""): Browser is opened with url: ''

2019-06-25 18:14:12 - [MESSAGE][WARNING] - A browser is already opened. Closing browser and opening a new one

2019-06-25 18:14:12 - [MESSAGE][INFO] - Starting 'Chrome' driver

2019-06-25 18:14:14 - [MESSAGE][PASSED] - Browser is opened with url: ''

2019-06-25 18:14:14 - [TEST_STEP][PASSED] - navigateToUrl("https://ocs.ca/?fts=0&preview_theme_id=72920106828"): Navigate to 'https://ocs.ca/?fts=0&preview_theme_id=72920106828' successfully

2019-06-25 18:14:18 - [MESSAGE][PASSED] - Navigate to 'https://ocs.ca/?fts=0&preview_theme_id=72920106828' successfully

2019-06-25 18:14:18 - [TEST_STEP][PASSED] - maximizeWindow(): Current window maximized

2019-06-25 18:14:19 - [MESSAGE][PASSED] - Current window maximized

2019-06-25 18:14:19 - [TEST_STEP][PASSED] - executeJavaScript("var previewBar = document.getElementById("preview-bar-iframe"); previewBar.style.display = "none";", []): Execute JavaScript 'var previewBar = document.getElementById("preview-bar-iframe"); previewBar.style.display = "none";' successfully

2019-06-25 18:14:19 - [MESSAGE][PASSED] - Execute JavaScript 'var previewBar = document.getElementById("preview-bar-iframe"); previewBar.style.display = "none";' successfully

2019-06-25 18:14:19 - [TEST_STEP][PASSED] - delay(4): Delayed 4 second(s)

2019-06-25 18:14:23 - [MESSAGE][PASSED] - Delayed 4 second(s)

2019-06-25 18:14:23 - [TEST_STEP][PASSED] - selectOptionByValue(findTestObject("OCS-DESKTOP/Age gate and Mega menu/Date"), "12", true): All options with value '12' are selected in object 'Object Repository/OCS-DESKTOP/Age gate and Mega menu/Date'  using regular expression

2019-06-25 18:14:23 - [MESSAGE][PASSED] - All options with value '12' are selected in object 'Object Repository/OCS-DESKTOP/Age gate and Mega menu/Date'  using regular expression

2019-06-25 18:14:23 - [TEST_STEP][PASSED] - selectOptionByValue(findTestObject("OCS-DESKTOP/Age gate and Mega menu/month"), "6", true): All options with value '6' are selected in object 'Object Repository/OCS-DESKTOP/Age gate and Mega menu/month'  using regular expression

2019-06-25 18:14:23 - [MESSAGE][PASSED] - All options with value '6' are selected in object 'Object Repository/OCS-DESKTOP/Age gate and Mega menu/month'  using regular expression

2019-06-25 18:14:23 - [TEST_STEP][PASSED] - delay(2): Delayed 2 second(s)

2019-06-25 18:14:25 - [MESSAGE][PASSED] - Delayed 2 second(s)

2019-06-25 18:14:25 - [TEST_STEP][PASSED] - selectOptionByValue(findTestObject("OCS-DESKTOP/Age gate and Mega menu/Year Dropdown"), "1990", true): All options with value '1990' are selected in object 'Object Repository/OCS-DESKTOP/Age gate and Mega menu/Year Dropdown'  using regular expression

2019-06-25 18:14:26 - [MESSAGE][PASSED] - All options with value '1990' are selected in object 'Object Repository/OCS-DESKTOP/Age gate and Mega menu/Year Dropdown'  using regular expression

2019-06-25 18:14:26 - [TEST_STEP][PASSED] - click(findTestObject("OCS-DESKTOP/Age gate and Mega menu/button_Verify")): Object: 'Object Repository/OCS-DESKTOP/Age gate and Mega menu/button_Verify' is clicked on

2019-06-25 18:14:27 - [MESSAGE][PASSED] - Object: 'Object Repository/OCS-DESKTOP/Age gate and Mega menu/button_Verify' is clicked on

2019-06-25 18:14:27 - [TEST_STEP][PASSED] - click(findTestObject("OCS-DESKTOP/Age gate and Mega menu/Checkbox_CONFIRM AND ACKNOWLEDGE")): Object: 'Object Repository/OCS-DESKTOP/Age gate and Mega menu/Checkbox_CONFIRM AND ACKNOWLEDGE' is clicked on

2019-06-25 18:14:27 - [MESSAGE][PASSED] - Object: 'Object Repository/OCS-DESKTOP/Age gate and Mega menu/Checkbox_CONFIRM AND ACKNOWLEDGE' is clicked on

2019-06-25 18:14:27 - [TEST_STEP][PASSED] - click(findTestObject("OCS-DESKTOP/Age gate and Mega menu/button_CONFIRM")): Object: 'Object Repository/OCS-DESKTOP/Age gate and Mega menu/button_CONFIRM' is clicked on

2019-06-25 18:14:27 - [MESSAGE][PASSED] - Object: 'Object Repository/OCS-DESKTOP/Age gate and Mega menu/button_CONFIRM' is clicked on

2019-06-25 18:14:27 - [TEST_STEP][PASSED] - click(findTestObject("OCS-DESKTOP/Age gate and Mega menu/button_Start Browsing")): Object: 'Object Repository/OCS-DESKTOP/Age gate and Mega menu/button_Start Browsing' is clicked on

2019-06-25 18:14:27 - [MESSAGE][PASSED] - Object: 'Object Repository/OCS-DESKTOP/Age gate and Mega menu/button_Start Browsing' is clicked on

2019-06-25 18:14:27 - [TEST_STEP][PASSED] - refresh(): Refresh successfully

2019-06-25 18:14:27 - [MESSAGE][PASSED] - Refresh successfully

2019-06-25 18:14:27 - [TEST_STEP][PASSED] - delay(2): Delayed 2 second(s)

2019-06-25 18:14:29 - [MESSAGE][PASSED] - Delayed 2 second(s)

2019-06-25 18:14:29 - [TEST_STEP][PASSED] - click(findTestObject("OCS-DESKTOP/Age gate and Mega menu/Header/CANNABIS menu - English")): Object: 'Object Repository/OCS-DESKTOP/Age gate and Mega menu/Header/CANNABIS menu - English' is clicked on

2019-06-25 18:14:30 - [MESSAGE][PASSED] - Object: 'Object Repository/OCS-DESKTOP/Age gate and Mega menu/Header/CANNABIS menu - English' is clicked on

2019-06-25 18:14:30 - [TEST_STEP][PASSED] - delay(2): Delayed 2 second(s)

2019-06-25 18:14:32 - [MESSAGE][PASSED] - Delayed 2 second(s)

2019-06-25 18:14:32 - [TEST_STEP][PASSED] - click(findTestObject("OCS-DESKTOP/Age gate and Mega menu/Indica Dominant_Menu item")): Object: 'Object Repository/OCS-DESKTOP/Age gate and Mega menu/Indica Dominant_Menu item' is clicked on

2019-06-25 18:14:35 - [MESSAGE][PASSED] - Object: 'Object Repository/OCS-DESKTOP/Age gate and Mega menu/Indica Dominant_Menu item' is clicked on

2019-06-25 18:14:35 - [TEST_STEP][PASSED] - delay(2): Delayed 2 second(s)

2019-06-25 18:14:37 - [MESSAGE][PASSED] - Delayed 2 second(s)

2019-06-25 18:14:37 - [TEST_STEP][PASSED] - scrollToElement(findTestObject("OCS-DESKTOP/Collection page/Product image - 1st one"), 0): Scroll to object 'Object Repository/OCS-DESKTOP/Collection page/Product image - 1st one' successfully

2019-06-25 18:14:37 - [MESSAGE][WARNING] - Timeout '0' is invalid. Using default page load timeout: '30'

2019-06-25 18:14:37 - [MESSAGE][PASSED] - Scroll to object 'Object Repository/OCS-DESKTOP/Collection page/Product image - 1st one' successfully

2019-06-25 18:14:37 - [TEST_STEP][PASSED] - delay(2): Delayed 2 second(s)

2019-06-25 18:14:39 - [MESSAGE][PASSED] - Delayed 2 second(s)

2019-06-25 18:14:39 - [TEST_STEP][PASSED] - click(findTestObject("OCS-DESKTOP/Collection page/Product image - 1st one")): Object: 'Object Repository/OCS-DESKTOP/Collection page/Product image - 1st one' is clicked on

2019-06-25 18:14:43 - [MESSAGE][PASSED] - Object: 'Object Repository/OCS-DESKTOP/Collection page/Product image - 1st one' is clicked on

2019-06-25 18:14:43 - [TEST_STEP][PASSED] - executeJavaScript("var previewBar = document.getElementById("preview-bar-iframe"); previewBar.style.display = "none";", []): Execute JavaScript 'var previewBar = document.getElementById("preview-bar-iframe"); previewBar.style.display = "none";' successfully

2019-06-25 18:14:43 - [MESSAGE][PASSED] - Execute JavaScript 'var previewBar = document.getElementById("preview-bar-iframe"); previewBar.style.display = "none";' successfully

2019-06-25 18:14:43 - [TEST_STEP][PASSED] - delay(2): Delayed 2 second(s)

2019-06-25 18:14:45 - [MESSAGE][PASSED] - Delayed 2 second(s)

2019-06-25 18:14:45 - [MESSAGE][PASSED] - Call Test Case 'Test Cases/OCS - DESKTOP/CALL - PDP' successfully

2019-06-25 18:14:45 - [TEST_STEP][PASSED] - a = getWindowTitle(): Current window's title is: 'Dreamweaver | Ontario Cannabis Store'

2019-06-25 18:14:45 - [MESSAGE][PASSED] - Current window's title is: 'Dreamweaver | Ontario Cannabis Store'

2019-06-25 18:14:45 - [TEST_STEP][PASSED] - comment("WINDOW TITLE: " + a): WINDOW TITLE: Dreamweaver | Ontario Cannabis Store

2019-06-25 18:14:45 - [MESSAGE][INFO] - WINDOW TITLE: Dreamweaver | Ontario Cannabis Store

2019-06-25 18:14:45 - [TEST_STEP][NOT_RUN] - scrollToElement(findTestObject("OCS-MOBILE /Product page/How to choose cannabis product - Button"), 2): NOT_RUN: scrollToElement(findTestObject("OCS-MOBILE /Product page/How to choose cannabis product - Button"), 2)

2019-06-25 18:14:45 - [MESSAGE][NOT_RUN] - NOT_RUN: scrollToElement(findTestObject("OCS-MOBILE /Product page/How to choose cannabis product - Button"), 2)

2019-06-25 18:14:45 - [TEST_STEP][PASSED] - click(findTestObject("OCS-DESKTOP/Product page/Recently Viewed/1st Product - Image")): Object: 'Object Repository/OCS-DESKTOP/Product page/Recently Viewed/1st Product - Image' is clicked on

2019-06-25 18:14:49 - [MESSAGE][PASSED] - Object: 'Object Repository/OCS-DESKTOP/Product page/Recently Viewed/1st Product - Image' is clicked on

2019-06-25 18:14:49 - [TEST_STEP][PASSED] - delay(2): Delayed 2 second(s)

2019-06-25 18:14:51 - [MESSAGE][PASSED] - Delayed 2 second(s)

2019-06-25 18:14:51 - [TEST_STEP][PASSED] - b = getWindowTitle(): Current window's title is: 'Dreamweaver | Ontario Cannabis Store'

2019-06-25 18:14:51 - [MESSAGE][PASSED] - Current window's title is: 'Dreamweaver | Ontario Cannabis Store'

2019-06-25 18:14:51 - [TEST_STEP][PASSED] - comment("WINDOW TITLE:" + b): WINDOW TITLE:Dreamweaver | Ontario Cannabis Store

2019-06-25 18:14:51 - [MESSAGE][INFO] - WINDOW TITLE:Dreamweaver | Ontario Cannabis Store

2019-06-25 18:14:51 - [TEST_STEP][PASSED] - if (a == b): WINDOW TITLES ARE SAME

2019-06-25 18:14:51 - [TEST_STEP][PASSED] - comment("WINDOW TITLES ARE SAME"): WINDOW TITLES ARE SAME

2019-06-25 18:14:51 - [MESSAGE][INFO] - WINDOW TITLES ARE SAME]]></system-out>
         <system-err><![CDATA[]]></system-err>
      </testcase>
      <testcase name="Test Cases/OCS - DESKTOP/OCS- PRODUCT PAGE/variants selector" classname="Test Cases/OCS - DESKTOP/OCS- PRODUCT PAGE/variants selector" status="FAILED">
         <failure type="FAILED" message="Test Cases/OCS - DESKTOP/OCS- PRODUCT PAGE/variants selector FAILED.
Reason:
com.kms.katalon.core.exception.StepFailedException: Unable to click on object 'Object Repository/OCS-DESKTOP/Product page/Swatch_7g' (Root cause: org.openqa.selenium.WebDriverException: unknown error: Element &lt;span class=&quot;swatch__title&quot;>...&lt;/span> is not clickable at point (1028, 631). Other element would receive the click: &lt;li class=&quot;swatch swatch--weight&quot; aria-disabled=&quot;true&quot;>...&lt;/li>
  (Session info: chrome=75.0.3770.100)
  (Driver info: chromedriver=2.43.600229 (3fae4d0cda5334b4f533bede5a4787f7b832d052),platform=Mac OS X 10.13.6 x86_64) (WARNING: The server did not provide any stacktrace information)
Command duration or timeout: 0 milliseconds
Build info: version: '3.7.1', revision: '8a0099a', time: '2017-11-06T21:07:36.161Z'
System info: host: 'sumans-MacBook-Pro.local', ip: 'fe80:0:0:0:b7:68e8:717b:cb34%en0', os.name: 'Mac OS X', os.arch: 'x86_64', os.version: '10.13.6', java.version: '1.8.0_181'
Driver info: com.kms.katalon.selenium.driver.CChromeDriver
Capabilities {acceptInsecureCerts: false, acceptSslCerts: false, applicationCacheEnabled: false, browserConnectionEnabled: false, browserName: chrome, chrome: {chromedriverVersion: 2.43.600229 (3fae4d0cda5334..., userDataDir: /var/folders/1t/c55l8xzs6gq...}, cssSelectorsEnabled: true, databaseEnabled: false, goog:chromeOptions: {debuggerAddress: localhost:60667}, handlesAlerts: true, hasTouchScreen: false, javascriptEnabled: true, locationContextEnabled: true, mobileEmulationEnabled: false, nativeEvents: true, networkConnectionEnabled: false, pageLoadStrategy: normal, platform: MAC, platformName: MAC, rotatable: false, setWindowRect: true, takesHeapSnapshot: true, takesScreenshot: true, unexpectedAlertBehaviour: , unhandledPromptBehavior: , version: 75.0.3770.100, webStorageEnabled: true}
Session ID: 249d04e6d8f46e7c0d4afc955eed3092)
	at com.kms.katalon.core.keyword.internal.KeywordMain.stepFailed(KeywordMain.groovy:32)
	at com.kms.katalon.core.webui.keyword.internal.WebUIKeywordMain.stepFailed(WebUIKeywordMain.groovy:65)
	at com.kms.katalon.core.webui.keyword.internal.WebUIKeywordMain.runKeyword(WebUIKeywordMain.groovy:27)
	at com.kms.katalon.core.webui.keyword.builtin.ClickKeyword.click(ClickKeyword.groovy:86)
	at com.kms.katalon.core.webui.keyword.builtin.ClickKeyword.execute(ClickKeyword.groovy:67)
	at com.kms.katalon.core.keyword.internal.KeywordExecutor.executeKeywordForPlatform(KeywordExecutor.groovy:53)
	at com.kms.katalon.core.webui.keyword.WebUiBuiltInKeywords.click(WebUiBuiltInKeywords.groovy:604)
	at com.kms.katalon.core.webui.keyword.WebUiBuiltInKeywords$click$14.call(Unknown Source)
	at variants selector.run(variants selector:70)
	at com.kms.katalon.core.main.ScriptEngine.run(ScriptEngine.java:194)
	at com.kms.katalon.core.main.ScriptEngine.runScriptAsRawText(ScriptEngine.java:119)
	at com.kms.katalon.core.main.TestCaseExecutor.runScript(TestCaseExecutor.java:328)
	at com.kms.katalon.core.main.TestCaseExecutor.doExecute(TestCaseExecutor.java:319)
	at com.kms.katalon.core.main.TestCaseExecutor.processExecutionPhase(TestCaseExecutor.java:298)
	at com.kms.katalon.core.main.TestCaseExecutor.accessMainPhase(TestCaseExecutor.java:290)
	at com.kms.katalon.core.main.TestCaseExecutor.execute(TestCaseExecutor.java:224)
	at com.kms.katalon.core.main.TestSuiteExecutor.accessTestCaseMainPhase(TestSuiteExecutor.java:129)
	at com.kms.katalon.core.main.TestSuiteExecutor.accessTestSuiteMainPhase(TestSuiteExecutor.java:112)
	at com.kms.katalon.core.main.TestSuiteExecutor.execute(TestSuiteExecutor.java:81)
	at com.kms.katalon.core.main.TestCaseMain.startTestSuite(TestCaseMain.java:149)
	at com.kms.katalon.core.main.TestCaseMain$startTestSuite$0.call(Unknown Source)
	at TempTestSuite1561499172132.run(TempTestSuite1561499172132.groovy:36)
"/>
         <system-out><![CDATA[2019-06-25 18:14:51 - [TEST_CASE][FAILED] - Test Cases/OCS - DESKTOP/OCS- PRODUCT PAGE/variants selector: Test Cases/OCS - DESKTOP/OCS- PRODUCT PAGE/variants selector FAILED.
Reason:
com.kms.katalon.core.exception.StepFailedException: Unable to click on object 'Object Repository/OCS-DESKTOP/Product page/Swatch_7g' (Root cause: org.openqa.selenium.WebDriverException: unknown error: Element <span class="swatch__title">...</span> is not clickable at point (1028, 631). Other element would receive the click: <li class="swatch swatch--weight" aria-disabled="true">...</li>
  (Session info: chrome=75.0.3770.100)
  (Driver info: chromedriver=2.43.600229 (3fae4d0cda5334b4f533bede5a4787f7b832d052),platform=Mac OS X 10.13.6 x86_64) (WARNING: The server did not provide any stacktrace information)
Command duration or timeout: 0 milliseconds
Build info: version: '3.7.1', revision: '8a0099a', time: '2017-11-06T21:07:36.161Z'
System info: host: 'sumans-MacBook-Pro.local', ip: 'fe80:0:0:0:b7:68e8:717b:cb34%en0', os.name: 'Mac OS X', os.arch: 'x86_64', os.version: '10.13.6', java.version: '1.8.0_181'
Driver info: com.kms.katalon.selenium.driver.CChromeDriver
Capabilities {acceptInsecureCerts: false, acceptSslCerts: false, applicationCacheEnabled: false, browserConnectionEnabled: false, browserName: chrome, chrome: {chromedriverVersion: 2.43.600229 (3fae4d0cda5334..., userDataDir: /var/folders/1t/c55l8xzs6gq...}, cssSelectorsEnabled: true, databaseEnabled: false, goog:chromeOptions: {debuggerAddress: localhost:60667}, handlesAlerts: true, hasTouchScreen: false, javascriptEnabled: true, locationContextEnabled: true, mobileEmulationEnabled: false, nativeEvents: true, networkConnectionEnabled: false, pageLoadStrategy: normal, platform: MAC, platformName: MAC, rotatable: false, setWindowRect: true, takesHeapSnapshot: true, takesScreenshot: true, unexpectedAlertBehaviour: , unhandledPromptBehavior: , version: 75.0.3770.100, webStorageEnabled: true}
Session ID: 249d04e6d8f46e7c0d4afc955eed3092)
	at com.kms.katalon.core.keyword.internal.KeywordMain.stepFailed(KeywordMain.groovy:32)
	at com.kms.katalon.core.webui.keyword.internal.WebUIKeywordMain.stepFailed(WebUIKeywordMain.groovy:65)
	at com.kms.katalon.core.webui.keyword.internal.WebUIKeywordMain.runKeyword(WebUIKeywordMain.groovy:27)
	at com.kms.katalon.core.webui.keyword.builtin.ClickKeyword.click(ClickKeyword.groovy:86)
	at com.kms.katalon.core.webui.keyword.builtin.ClickKeyword.execute(ClickKeyword.groovy:67)
	at com.kms.katalon.core.keyword.internal.KeywordExecutor.executeKeywordForPlatform(KeywordExecutor.groovy:53)
	at com.kms.katalon.core.webui.keyword.WebUiBuiltInKeywords.click(WebUiBuiltInKeywords.groovy:604)
	at com.kms.katalon.core.webui.keyword.WebUiBuiltInKeywords$click$14.call(Unknown Source)
	at variants selector.run(variants selector:70)
	at com.kms.katalon.core.main.ScriptEngine.run(ScriptEngine.java:194)
	at com.kms.katalon.core.main.ScriptEngine.runScriptAsRawText(ScriptEngine.java:119)
	at com.kms.katalon.core.main.TestCaseExecutor.runScript(TestCaseExecutor.java:328)
	at com.kms.katalon.core.main.TestCaseExecutor.doExecute(TestCaseExecutor.java:319)
	at com.kms.katalon.core.main.TestCaseExecutor.processExecutionPhase(TestCaseExecutor.java:298)
	at com.kms.katalon.core.main.TestCaseExecutor.accessMainPhase(TestCaseExecutor.java:290)
	at com.kms.katalon.core.main.TestCaseExecutor.execute(TestCaseExecutor.java:224)
	at com.kms.katalon.core.main.TestSuiteExecutor.accessTestCaseMainPhase(TestSuiteExecutor.java:129)
	at com.kms.katalon.core.main.TestSuiteExecutor.accessTestSuiteMainPhase(TestSuiteExecutor.java:112)
	at com.kms.katalon.core.main.TestSuiteExecutor.execute(TestSuiteExecutor.java:81)
	at com.kms.katalon.core.main.TestCaseMain.startTestSuite(TestCaseMain.java:149)
	at com.kms.katalon.core.main.TestCaseMain$startTestSuite$0.call(Unknown Source)
	at TempTestSuite1561499172132.run(TempTestSuite1561499172132.groovy:36)


2019-06-25 18:14:52 - [TEST_STEP][PASSED] - callTestCase(findTestCase("OCS - DESKTOP/CALL - PDP"), [:], STOP_ON_FAILURE): Call Test Case 'Test Cases/OCS - DESKTOP/CALL - PDP' successfully

2019-06-25 18:14:52 - [TEST_CASE][PASSED] - Test Cases/OCS - DESKTOP/CALL - PDP: Test Cases/OCS - DESKTOP/CALL - PDP

2019-06-25 18:14:52 - [TEST_STEP][PASSED] - openBrowser(""): Browser is opened with url: ''

2019-06-25 18:14:52 - [MESSAGE][WARNING] - A browser is already opened. Closing browser and opening a new one

2019-06-25 18:14:52 - [MESSAGE][INFO] - Starting 'Chrome' driver

2019-06-25 18:14:53 - [MESSAGE][PASSED] - Browser is opened with url: ''

2019-06-25 18:14:53 - [TEST_STEP][PASSED] - navigateToUrl("https://ocs.ca/?fts=0&preview_theme_id=72920106828"): Navigate to 'https://ocs.ca/?fts=0&preview_theme_id=72920106828' successfully

2019-06-25 18:14:58 - [MESSAGE][PASSED] - Navigate to 'https://ocs.ca/?fts=0&preview_theme_id=72920106828' successfully

2019-06-25 18:14:58 - [TEST_STEP][PASSED] - maximizeWindow(): Current window maximized

2019-06-25 18:14:58 - [MESSAGE][PASSED] - Current window maximized

2019-06-25 18:14:58 - [TEST_STEP][PASSED] - executeJavaScript("var previewBar = document.getElementById("preview-bar-iframe"); previewBar.style.display = "none";", []): Execute JavaScript 'var previewBar = document.getElementById("preview-bar-iframe"); previewBar.style.display = "none";' successfully

2019-06-25 18:14:58 - [MESSAGE][PASSED] - Execute JavaScript 'var previewBar = document.getElementById("preview-bar-iframe"); previewBar.style.display = "none";' successfully

2019-06-25 18:14:58 - [TEST_STEP][PASSED] - delay(4): Delayed 4 second(s)

2019-06-25 18:15:02 - [MESSAGE][PASSED] - Delayed 4 second(s)

2019-06-25 18:15:02 - [TEST_STEP][PASSED] - selectOptionByValue(findTestObject("OCS-DESKTOP/Age gate and Mega menu/Date"), "12", true): All options with value '12' are selected in object 'Object Repository/OCS-DESKTOP/Age gate and Mega menu/Date'  using regular expression

2019-06-25 18:15:03 - [MESSAGE][PASSED] - All options with value '12' are selected in object 'Object Repository/OCS-DESKTOP/Age gate and Mega menu/Date'  using regular expression

2019-06-25 18:15:03 - [TEST_STEP][PASSED] - selectOptionByValue(findTestObject("OCS-DESKTOP/Age gate and Mega menu/month"), "6", true): All options with value '6' are selected in object 'Object Repository/OCS-DESKTOP/Age gate and Mega menu/month'  using regular expression

2019-06-25 18:15:03 - [MESSAGE][PASSED] - All options with value '6' are selected in object 'Object Repository/OCS-DESKTOP/Age gate and Mega menu/month'  using regular expression

2019-06-25 18:15:03 - [TEST_STEP][PASSED] - delay(2): Delayed 2 second(s)

2019-06-25 18:15:05 - [MESSAGE][PASSED] - Delayed 2 second(s)

2019-06-25 18:15:05 - [TEST_STEP][PASSED] - selectOptionByValue(findTestObject("OCS-DESKTOP/Age gate and Mega menu/Year Dropdown"), "1990", true): All options with value '1990' are selected in object 'Object Repository/OCS-DESKTOP/Age gate and Mega menu/Year Dropdown'  using regular expression

2019-06-25 18:15:06 - [MESSAGE][PASSED] - All options with value '1990' are selected in object 'Object Repository/OCS-DESKTOP/Age gate and Mega menu/Year Dropdown'  using regular expression

2019-06-25 18:15:06 - [TEST_STEP][PASSED] - click(findTestObject("OCS-DESKTOP/Age gate and Mega menu/button_Verify")): Object: 'Object Repository/OCS-DESKTOP/Age gate and Mega menu/button_Verify' is clicked on

2019-06-25 18:15:06 - [MESSAGE][PASSED] - Object: 'Object Repository/OCS-DESKTOP/Age gate and Mega menu/button_Verify' is clicked on

2019-06-25 18:15:06 - [TEST_STEP][PASSED] - click(findTestObject("OCS-DESKTOP/Age gate and Mega menu/Checkbox_CONFIRM AND ACKNOWLEDGE")): Object: 'Object Repository/OCS-DESKTOP/Age gate and Mega menu/Checkbox_CONFIRM AND ACKNOWLEDGE' is clicked on

2019-06-25 18:15:06 - [MESSAGE][PASSED] - Object: 'Object Repository/OCS-DESKTOP/Age gate and Mega menu/Checkbox_CONFIRM AND ACKNOWLEDGE' is clicked on

2019-06-25 18:15:06 - [TEST_STEP][PASSED] - click(findTestObject("OCS-DESKTOP/Age gate and Mega menu/button_CONFIRM")): Object: 'Object Repository/OCS-DESKTOP/Age gate and Mega menu/button_CONFIRM' is clicked on

2019-06-25 18:15:06 - [MESSAGE][PASSED] - Object: 'Object Repository/OCS-DESKTOP/Age gate and Mega menu/button_CONFIRM' is clicked on

2019-06-25 18:15:06 - [TEST_STEP][PASSED] - click(findTestObject("OCS-DESKTOP/Age gate and Mega menu/button_Start Browsing")): Object: 'Object Repository/OCS-DESKTOP/Age gate and Mega menu/button_Start Browsing' is clicked on

2019-06-25 18:15:06 - [MESSAGE][PASSED] - Object: 'Object Repository/OCS-DESKTOP/Age gate and Mega menu/button_Start Browsing' is clicked on

2019-06-25 18:15:06 - [TEST_STEP][PASSED] - refresh(): Refresh successfully

2019-06-25 18:15:06 - [MESSAGE][PASSED] - Refresh successfully

2019-06-25 18:15:06 - [TEST_STEP][PASSED] - delay(2): Delayed 2 second(s)

2019-06-25 18:15:08 - [MESSAGE][PASSED] - Delayed 2 second(s)

2019-06-25 18:15:08 - [TEST_STEP][PASSED] - click(findTestObject("OCS-DESKTOP/Age gate and Mega menu/Header/CANNABIS menu - English")): Object: 'Object Repository/OCS-DESKTOP/Age gate and Mega menu/Header/CANNABIS menu - English' is clicked on

2019-06-25 18:15:09 - [MESSAGE][PASSED] - Object: 'Object Repository/OCS-DESKTOP/Age gate and Mega menu/Header/CANNABIS menu - English' is clicked on

2019-06-25 18:15:09 - [TEST_STEP][PASSED] - delay(2): Delayed 2 second(s)

2019-06-25 18:15:11 - [MESSAGE][PASSED] - Delayed 2 second(s)

2019-06-25 18:15:11 - [TEST_STEP][PASSED] - click(findTestObject("OCS-DESKTOP/Age gate and Mega menu/Indica Dominant_Menu item")): Object: 'Object Repository/OCS-DESKTOP/Age gate and Mega menu/Indica Dominant_Menu item' is clicked on

2019-06-25 18:15:13 - [MESSAGE][PASSED] - Object: 'Object Repository/OCS-DESKTOP/Age gate and Mega menu/Indica Dominant_Menu item' is clicked on

2019-06-25 18:15:13 - [TEST_STEP][PASSED] - delay(2): Delayed 2 second(s)

2019-06-25 18:15:15 - [MESSAGE][PASSED] - Delayed 2 second(s)

2019-06-25 18:15:15 - [TEST_STEP][PASSED] - scrollToElement(findTestObject("OCS-DESKTOP/Collection page/Product image - 1st one"), 0): Scroll to object 'Object Repository/OCS-DESKTOP/Collection page/Product image - 1st one' successfully

2019-06-25 18:15:15 - [MESSAGE][WARNING] - Timeout '0' is invalid. Using default page load timeout: '30'

2019-06-25 18:15:15 - [MESSAGE][PASSED] - Scroll to object 'Object Repository/OCS-DESKTOP/Collection page/Product image - 1st one' successfully

2019-06-25 18:15:15 - [TEST_STEP][PASSED] - delay(2): Delayed 2 second(s)

2019-06-25 18:15:17 - [MESSAGE][PASSED] - Delayed 2 second(s)

2019-06-25 18:15:17 - [TEST_STEP][PASSED] - click(findTestObject("OCS-DESKTOP/Collection page/Product image - 1st one")): Object: 'Object Repository/OCS-DESKTOP/Collection page/Product image - 1st one' is clicked on

2019-06-25 18:15:20 - [MESSAGE][PASSED] - Object: 'Object Repository/OCS-DESKTOP/Collection page/Product image - 1st one' is clicked on

2019-06-25 18:15:20 - [TEST_STEP][PASSED] - executeJavaScript("var previewBar = document.getElementById("preview-bar-iframe"); previewBar.style.display = "none";", []): Execute JavaScript 'var previewBar = document.getElementById("preview-bar-iframe"); previewBar.style.display = "none";' successfully

2019-06-25 18:15:20 - [MESSAGE][PASSED] - Execute JavaScript 'var previewBar = document.getElementById("preview-bar-iframe"); previewBar.style.display = "none";' successfully

2019-06-25 18:15:20 - [TEST_STEP][PASSED] - delay(2): Delayed 2 second(s)

2019-06-25 18:15:22 - [MESSAGE][PASSED] - Delayed 2 second(s)

2019-06-25 18:15:22 - [MESSAGE][PASSED] - Call Test Case 'Test Cases/OCS - DESKTOP/CALL - PDP' successfully

2019-06-25 18:15:22 - [TEST_STEP][PASSED] - navigateToUrl("https://ocs.ca/products/lola-montes-edison"): Navigate to 'https://ocs.ca/products/lola-montes-edison' successfully

2019-06-25 18:15:26 - [MESSAGE][PASSED] - Navigate to 'https://ocs.ca/products/lola-montes-edison' successfully

2019-06-25 18:15:26 - [TEST_STEP][PASSED] - executeJavaScript("var previewBar = document.getElementById("preview-bar-iframe"); previewBar.style.display = "none";", []): Execute JavaScript 'var previewBar = document.getElementById("preview-bar-iframe"); previewBar.style.display = "none";' successfully

2019-06-25 18:15:26 - [MESSAGE][PASSED] - Execute JavaScript 'var previewBar = document.getElementById("preview-bar-iframe"); previewBar.style.display = "none";' successfully

2019-06-25 18:15:26 - [TEST_STEP][PASSED] - delay(2): Delayed 2 second(s)

2019-06-25 18:15:28 - [MESSAGE][PASSED] - Delayed 2 second(s)

2019-06-25 18:15:28 - [TEST_STEP][NOT_RUN] - scrollToElement(findTestObject("OCS-DESKTOP/Product page/Product image"), 1): NOT_RUN: scrollToElement(findTestObject("OCS-DESKTOP/Product page/Product image"), 1)

2019-06-25 18:15:28 - [MESSAGE][NOT_RUN] - NOT_RUN: scrollToElement(findTestObject("OCS-DESKTOP/Product page/Product image"), 1)

2019-06-25 18:15:28 - [TEST_STEP][PASSED] - delay(2): Delayed 2 second(s)

2019-06-25 18:15:30 - [MESSAGE][PASSED] - Delayed 2 second(s)

2019-06-25 18:15:30 - [TEST_STEP][PASSED] - flag1 = verifyElementClickable(findTestObject("OCS-DESKTOP/Product page/Swatch_1g")): Object 'Object Repository/OCS-DESKTOP/Product page/Swatch_1g' is clickable

2019-06-25 18:15:30 - [MESSAGE][PASSED] - Object 'Object Repository/OCS-DESKTOP/Product page/Swatch_1g' is clickable

2019-06-25 18:15:30 - [TEST_STEP][PASSED] - comment("flag1=" + flag1): flag1=true

2019-06-25 18:15:30 - [MESSAGE][INFO] - flag1=true

2019-06-25 18:15:30 - [TEST_STEP][PASSED] - if (flag1 == true): Delayed 1 second(s)

2019-06-25 18:15:30 - [TEST_STEP][PASSED] - delay(2): Delayed 2 second(s)

2019-06-25 18:15:32 - [MESSAGE][PASSED] - Delayed 2 second(s)

2019-06-25 18:15:32 - [TEST_STEP][PASSED] - click(findTestObject("OCS-DESKTOP/Product page/Swatch_1g"), CONTINUE_ON_FAILURE): Object: 'Object Repository/OCS-DESKTOP/Product page/Swatch_1g' is clicked on

2019-06-25 18:15:33 - [MESSAGE][PASSED] - Object: 'Object Repository/OCS-DESKTOP/Product page/Swatch_1g' is clicked on

2019-06-25 18:15:33 - [TEST_STEP][PASSED] - delay(3): Delayed 3 second(s)

2019-06-25 18:15:36 - [MESSAGE][PASSED] - Delayed 3 second(s)

2019-06-25 18:15:36 - [TEST_STEP][PASSED] - delay(1): Delayed 1 second(s)

2019-06-25 18:15:37 - [MESSAGE][PASSED] - Delayed 1 second(s)

2019-06-25 18:15:37 - [TEST_STEP][PASSED] - takeScreenshot(): Taking screenshot successfully

2019-06-25 18:15:37 - [MESSAGE][PASSED] - Taking screenshot successfully
[[ATTACHMENT|/Users/sumankompelly/Relative xpath-Desktop/Reports/OCS - 1.10.2.1/20190625_174612/1561500937065.png]]

2019-06-25 18:15:37 - [TEST_STEP][PASSED] - delay(1): Delayed 1 second(s)

2019-06-25 18:15:38 - [MESSAGE][PASSED] - Delayed 1 second(s)

2019-06-25 18:15:38 - [TEST_STEP][PASSED] - flag2 = verifyElementClickable(findTestObject("OCS-DESKTOP/Product page/Swatch_3.5g")): Object 'Object Repository/OCS-DESKTOP/Product page/Swatch_3.5g' is clickable

2019-06-25 18:15:38 - [MESSAGE][PASSED] - Object 'Object Repository/OCS-DESKTOP/Product page/Swatch_3.5g' is clickable

2019-06-25 18:15:38 - [TEST_STEP][PASSED] - comment("flag2=" + flag2): flag2=true

2019-06-25 18:15:38 - [MESSAGE][INFO] - flag2=true

2019-06-25 18:15:38 - [TEST_STEP][PASSED] - if (flag2 == true): Delayed 1 second(s)

2019-06-25 18:15:38 - [TEST_STEP][PASSED] - click(findTestObject("OCS-DESKTOP/Product page/Swatch_3.5g"), CONTINUE_ON_FAILURE): Object: 'Object Repository/OCS-DESKTOP/Product page/Swatch_3.5g' is clicked on

2019-06-25 18:15:38 - [MESSAGE][PASSED] - Object: 'Object Repository/OCS-DESKTOP/Product page/Swatch_3.5g' is clicked on

2019-06-25 18:15:38 - [TEST_STEP][PASSED] - delay(1): Delayed 1 second(s)

2019-06-25 18:15:39 - [MESSAGE][PASSED] - Delayed 1 second(s)

2019-06-25 18:15:39 - [TEST_STEP][PASSED] - takeScreenshot(): Taking screenshot successfully

2019-06-25 18:15:40 - [MESSAGE][PASSED] - Taking screenshot successfully
[[ATTACHMENT|/Users/sumankompelly/Relative xpath-Desktop/Reports/OCS - 1.10.2.1/20190625_174612/1561500939688.png]]

2019-06-25 18:15:40 - [TEST_STEP][PASSED] - delay(1): Delayed 1 second(s)

2019-06-25 18:15:41 - [MESSAGE][PASSED] - Delayed 1 second(s)

2019-06-25 18:15:41 - [TEST_STEP][PASSED] - flag3 = verifyElementClickable(findTestObject("OCS-DESKTOP/Product page/Swatch_7g")): Object 'Object Repository/OCS-DESKTOP/Product page/Swatch_7g' is clickable

2019-06-25 18:15:41 - [MESSAGE][PASSED] - Object 'Object Repository/OCS-DESKTOP/Product page/Swatch_7g' is clickable

2019-06-25 18:15:41 - [TEST_STEP][PASSED] - comment("flag3=" + flag3): flag3=true

2019-06-25 18:15:41 - [MESSAGE][INFO] - flag3=true

2019-06-25 18:15:41 - [TEST_STEP][FAILED] - if (flag3 == true): if (flag3 == true) FAILED.
Reason:
com.kms.katalon.core.exception.StepFailedException: Unable to click on object 'Object Repository/OCS-DESKTOP/Product page/Swatch_7g' (Root cause: org.openqa.selenium.WebDriverException: unknown error: Element <span class="swatch__title">...</span> is not clickable at point (1028, 631). Other element would receive the click: <li class="swatch swatch--weight" aria-disabled="true">...</li>
  (Session info: chrome=75.0.3770.100)
  (Driver info: chromedriver=2.43.600229 (3fae4d0cda5334b4f533bede5a4787f7b832d052),platform=Mac OS X 10.13.6 x86_64) (WARNING: The server did not provide any stacktrace information)
Command duration or timeout: 0 milliseconds
Build info: version: '3.7.1', revision: '8a0099a', time: '2017-11-06T21:07:36.161Z'
System info: host: 'sumans-MacBook-Pro.local', ip: 'fe80:0:0:0:b7:68e8:717b:cb34%en0', os.name: 'Mac OS X', os.arch: 'x86_64', os.version: '10.13.6', java.version: '1.8.0_181'
Driver info: com.kms.katalon.selenium.driver.CChromeDriver
Capabilities {acceptInsecureCerts: false, acceptSslCerts: false, applicationCacheEnabled: false, browserConnectionEnabled: false, browserName: chrome, chrome: {chromedriverVersion: 2.43.600229 (3fae4d0cda5334..., userDataDir: /var/folders/1t/c55l8xzs6gq...}, cssSelectorsEnabled: true, databaseEnabled: false, goog:chromeOptions: {debuggerAddress: localhost:60667}, handlesAlerts: true, hasTouchScreen: false, javascriptEnabled: true, locationContextEnabled: true, mobileEmulationEnabled: false, nativeEvents: true, networkConnectionEnabled: false, pageLoadStrategy: normal, platform: MAC, platformName: MAC, rotatable: false, setWindowRect: true, takesHeapSnapshot: true, takesScreenshot: true, unexpectedAlertBehaviour: , unhandledPromptBehavior: , version: 75.0.3770.100, webStorageEnabled: true}
Session ID: 249d04e6d8f46e7c0d4afc955eed3092)
	at com.kms.katalon.core.keyword.internal.KeywordMain.stepFailed(KeywordMain.groovy:32)
	at com.kms.katalon.core.webui.keyword.internal.WebUIKeywordMain.stepFailed(WebUIKeywordMain.groovy:65)
	at com.kms.katalon.core.webui.keyword.internal.WebUIKeywordMain.runKeyword(WebUIKeywordMain.groovy:27)
	at com.kms.katalon.core.webui.keyword.builtin.ClickKeyword.click(ClickKeyword.groovy:86)
	at com.kms.katalon.core.webui.keyword.builtin.ClickKeyword.execute(ClickKeyword.groovy:67)
	at com.kms.katalon.core.keyword.internal.KeywordExecutor.executeKeywordForPlatform(KeywordExecutor.groovy:53)
	at com.kms.katalon.core.webui.keyword.WebUiBuiltInKeywords.click(WebUiBuiltInKeywords.groovy:604)
	at com.kms.katalon.core.webui.keyword.WebUiBuiltInKeywords$click$14.call(Unknown Source)
	at variants selector.run(variants selector:70)
	at com.kms.katalon.core.main.ScriptEngine.run(ScriptEngine.java:194)
	at com.kms.katalon.core.main.ScriptEngine.runScriptAsRawText(ScriptEngine.java:119)
	at com.kms.katalon.core.main.TestCaseExecutor.runScript(TestCaseExecutor.java:328)
	at com.kms.katalon.core.main.TestCaseExecutor.doExecute(TestCaseExecutor.java:319)
	at com.kms.katalon.core.main.TestCaseExecutor.processExecutionPhase(TestCaseExecutor.java:298)
	at com.kms.katalon.core.main.TestCaseExecutor.accessMainPhase(TestCaseExecutor.java:290)
	at com.kms.katalon.core.main.TestCaseExecutor.execute(TestCaseExecutor.java:224)
	at com.kms.katalon.core.main.TestSuiteExecutor.accessTestCaseMainPhase(TestSuiteExecutor.java:129)
	at com.kms.katalon.core.main.TestSuiteExecutor.accessTestSuiteMainPhase(TestSuiteExecutor.java:112)
	at com.kms.katalon.core.main.TestSuiteExecutor.execute(TestSuiteExecutor.java:81)
	at com.kms.katalon.core.main.TestCaseMain.startTestSuite(TestCaseMain.java:149)
	at com.kms.katalon.core.main.TestCaseMain$startTestSuite$0.call(Unknown Source)
	at TempTestSuite1561499172132.run(TempTestSuite1561499172132.groovy:36)


2019-06-25 18:15:41 - [TEST_STEP][FAILED] - click(findTestObject("OCS-DESKTOP/Product page/Swatch_7g"), CONTINUE_ON_FAILURE): Unable to click on object 'Object Repository/OCS-DESKTOP/Product page/Swatch_7g' (Root cause: org.openqa.selenium.WebDriverException: unknown error: Element <span class="swatch__title">...</span> is not clickable at point (1028, 631). Other element would receive the click: <li class="swatch swatch--weight" aria-disabled="true">...</li>
  (Session info: chrome=75.0.3770.100)
  (Driver info: chromedriver=2.43.600229 (3fae4d0cda5334b4f533bede5a4787f7b832d052),platform=Mac OS X 10.13.6 x86_64) (WARNING: The server did not provide any stacktrace information)
Command duration or timeout: 0 milliseconds
Build info: version: '3.7.1', revision: '8a0099a', time: '2017-11-06T21:07:36.161Z'
System info: host: 'sumans-MacBook-Pro.local', ip: 'fe80:0:0:0:b7:68e8:717b:cb34%en0', os.name: 'Mac OS X', os.arch: 'x86_64', os.version: '10.13.6', java.version: '1.8.0_181'
Driver info: com.kms.katalon.selenium.driver.CChromeDriver
Capabilities {acceptInsecureCerts: false, acceptSslCerts: false, applicationCacheEnabled: false, browserConnectionEnabled: false, browserName: chrome, chrome: {chromedriverVersion: 2.43.600229 (3fae4d0cda5334..., userDataDir: /var/folders/1t/c55l8xzs6gq...}, cssSelectorsEnabled: true, databaseEnabled: false, goog:chromeOptions: {debuggerAddress: localhost:60667}, handlesAlerts: true, hasTouchScreen: false, javascriptEnabled: true, locationContextEnabled: true, mobileEmulationEnabled: false, nativeEvents: true, networkConnectionEnabled: false, pageLoadStrategy: normal, platform: MAC, platformName: MAC, rotatable: false, setWindowRect: true, takesHeapSnapshot: true, takesScreenshot: true, unexpectedAlertBehaviour: , unhandledPromptBehavior: , version: 75.0.3770.100, webStorageEnabled: true}
Session ID: 249d04e6d8f46e7c0d4afc955eed3092)

2019-06-25 18:15:41 - [MESSAGE][FAILED] - Unable to click on object 'Object Repository/OCS-DESKTOP/Product page/Swatch_7g' (Root cause: org.openqa.selenium.WebDriverException: unknown error: Element <span class="swatch__title">...</span> is not clickable at point (1028, 631). Other element would receive the click: <li class="swatch swatch--weight" aria-disabled="true">...</li>
  (Session info: chrome=75.0.3770.100)
  (Driver info: chromedriver=2.43.600229 (3fae4d0cda5334b4f533bede5a4787f7b832d052),platform=Mac OS X 10.13.6 x86_64) (WARNING: The server did not provide any stacktrace information)
Command duration or timeout: 0 milliseconds
Build info: version: '3.7.1', revision: '8a0099a', time: '2017-11-06T21:07:36.161Z'
System info: host: 'sumans-MacBook-Pro.local', ip: 'fe80:0:0:0:b7:68e8:717b:cb34%en0', os.name: 'Mac OS X', os.arch: 'x86_64', os.version: '10.13.6', java.version: '1.8.0_181'
Driver info: com.kms.katalon.selenium.driver.CChromeDriver
Capabilities {acceptInsecureCerts: false, acceptSslCerts: false, applicationCacheEnabled: false, browserConnectionEnabled: false, browserName: chrome, chrome: {chromedriverVersion: 2.43.600229 (3fae4d0cda5334..., userDataDir: /var/folders/1t/c55l8xzs6gq...}, cssSelectorsEnabled: true, databaseEnabled: false, goog:chromeOptions: {debuggerAddress: localhost:60667}, handlesAlerts: true, hasTouchScreen: false, javascriptEnabled: true, locationContextEnabled: true, mobileEmulationEnabled: false, nativeEvents: true, networkConnectionEnabled: false, pageLoadStrategy: normal, platform: MAC, platformName: MAC, rotatable: false, setWindowRect: true, takesHeapSnapshot: true, takesScreenshot: true, unexpectedAlertBehaviour: , unhandledPromptBehavior: , version: 75.0.3770.100, webStorageEnabled: true}
Session ID: 249d04e6d8f46e7c0d4afc955eed3092)
[[ATTACHMENT|/Users/sumankompelly/Relative xpath-Desktop/Reports/OCS - 1.10.2.1/20190625_174612/1561500941213.png]]

2019-06-25 18:15:41 - [TEST_STEP][PASSED] - delay(1): Delayed 1 second(s)

2019-06-25 18:15:42 - [MESSAGE][PASSED] - Delayed 1 second(s)

2019-06-25 18:15:42 - [TEST_STEP][PASSED] - takeScreenshot(): Taking screenshot successfully

2019-06-25 18:15:43 - [MESSAGE][PASSED] - Taking screenshot successfully
[[ATTACHMENT|/Users/sumankompelly/Relative xpath-Desktop/Reports/OCS - 1.10.2.1/20190625_174612/1561500942671.png]]

2019-06-25 18:15:43 - [TEST_STEP][PASSED] - delay(1): Delayed 1 second(s)

2019-06-25 18:15:44 - [MESSAGE][PASSED] - Delayed 1 second(s)

2019-06-25 18:15:44 - [TEST_STEP][FAILED] - closeBrowser(): if (flag3 == true) FAILED.
Reason:
com.kms.katalon.core.exception.StepFailedException: Unable to click on object 'Object Repository/OCS-DESKTOP/Product page/Swatch_7g' (Root cause: org.openqa.selenium.WebDriverException: unknown error: Element <span class="swatch__title">...</span> is not clickable at point (1028, 631). Other element would receive the click: <li class="swatch swatch--weight" aria-disabled="true">...</li>
  (Session info: chrome=75.0.3770.100)
  (Driver info: chromedriver=2.43.600229 (3fae4d0cda5334b4f533bede5a4787f7b832d052),platform=Mac OS X 10.13.6 x86_64) (WARNING: The server did not provide any stacktrace information)
Command duration or timeout: 0 milliseconds
Build info: version: '3.7.1', revision: '8a0099a', time: '2017-11-06T21:07:36.161Z'
System info: host: 'sumans-MacBook-Pro.local', ip: 'fe80:0:0:0:b7:68e8:717b:cb34%en0', os.name: 'Mac OS X', os.arch: 'x86_64', os.version: '10.13.6', java.version: '1.8.0_181'
Driver info: com.kms.katalon.selenium.driver.CChromeDriver
Capabilities {acceptInsecureCerts: false, acceptSslCerts: false, applicationCacheEnabled: false, browserConnectionEnabled: false, browserName: chrome, chrome: {chromedriverVersion: 2.43.600229 (3fae4d0cda5334..., userDataDir: /var/folders/1t/c55l8xzs6gq...}, cssSelectorsEnabled: true, databaseEnabled: false, goog:chromeOptions: {debuggerAddress: localhost:60667}, handlesAlerts: true, hasTouchScreen: false, javascriptEnabled: true, locationContextEnabled: true, mobileEmulationEnabled: false, nativeEvents: true, networkConnectionEnabled: false, pageLoadStrategy: normal, platform: MAC, platformName: MAC, rotatable: false, setWindowRect: true, takesHeapSnapshot: true, takesScreenshot: true, unexpectedAlertBehaviour: , unhandledPromptBehavior: , version: 75.0.3770.100, webStorageEnabled: true}
Session ID: 249d04e6d8f46e7c0d4afc955eed3092)
	at com.kms.katalon.core.keyword.internal.KeywordMain.stepFailed(KeywordMain.groovy:32)
	at com.kms.katalon.core.webui.keyword.internal.WebUIKeywordMain.stepFailed(WebUIKeywordMain.groovy:65)
	at com.kms.katalon.core.webui.keyword.internal.WebUIKeywordMain.runKeyword(WebUIKeywordMain.groovy:27)
	at com.kms.katalon.core.webui.keyword.builtin.ClickKeyword.click(ClickKeyword.groovy:86)
	at com.kms.katalon.core.webui.keyword.builtin.ClickKeyword.execute(ClickKeyword.groovy:67)
	at com.kms.katalon.core.keyword.internal.KeywordExecutor.executeKeywordForPlatform(KeywordExecutor.groovy:53)
	at com.kms.katalon.core.webui.keyword.WebUiBuiltInKeywords.click(WebUiBuiltInKeywords.groovy:604)
	at com.kms.katalon.core.webui.keyword.WebUiBuiltInKeywords$click$14.call(Unknown Source)
	at variants selector.run(variants selector:70)
	at com.kms.katalon.core.main.ScriptEngine.run(ScriptEngine.java:194)
	at com.kms.katalon.core.main.ScriptEngine.runScriptAsRawText(ScriptEngine.java:119)
	at com.kms.katalon.core.main.TestCaseExecutor.runScript(TestCaseExecutor.java:328)
	at com.kms.katalon.core.main.TestCaseExecutor.doExecute(TestCaseExecutor.java:319)
	at com.kms.katalon.core.main.TestCaseExecutor.processExecutionPhase(TestCaseExecutor.java:298)
	at com.kms.katalon.core.main.TestCaseExecutor.accessMainPhase(TestCaseExecutor.java:290)
	at com.kms.katalon.core.main.TestCaseExecutor.execute(TestCaseExecutor.java:224)
	at com.kms.katalon.core.main.TestSuiteExecutor.accessTestCaseMainPhase(TestSuiteExecutor.java:129)
	at com.kms.katalon.core.main.TestSuiteExecutor.accessTestSuiteMainPhase(TestSuiteExecutor.java:112)
	at com.kms.katalon.core.main.TestSuiteExecutor.execute(TestSuiteExecutor.java:81)
	at com.kms.katalon.core.main.TestCaseMain.startTestSuite(TestCaseMain.java:149)
	at com.kms.katalon.core.main.TestCaseMain$startTestSuite$0.call(Unknown Source)
	at TempTestSuite1561499172132.run(TempTestSuite1561499172132.groovy:36)


2019-06-25 18:15:44 - [MESSAGE][NOT_RUN] - NOT_RUN: closeBrowser()

2019-06-25 18:15:44 - [MESSAGE][FAILED] - if (flag3 == true) FAILED.
Reason:
com.kms.katalon.core.exception.StepFailedException: Unable to click on object 'Object Repository/OCS-DESKTOP/Product page/Swatch_7g' (Root cause: org.openqa.selenium.WebDriverException: unknown error: Element <span class="swatch__title">...</span> is not clickable at point (1028, 631). Other element would receive the click: <li class="swatch swatch--weight" aria-disabled="true">...</li>
  (Session info: chrome=75.0.3770.100)
  (Driver info: chromedriver=2.43.600229 (3fae4d0cda5334b4f533bede5a4787f7b832d052),platform=Mac OS X 10.13.6 x86_64) (WARNING: The server did not provide any stacktrace information)
Command duration or timeout: 0 milliseconds
Build info: version: '3.7.1', revision: '8a0099a', time: '2017-11-06T21:07:36.161Z'
System info: host: 'sumans-MacBook-Pro.local', ip: 'fe80:0:0:0:b7:68e8:717b:cb34%en0', os.name: 'Mac OS X', os.arch: 'x86_64', os.version: '10.13.6', java.version: '1.8.0_181'
Driver info: com.kms.katalon.selenium.driver.CChromeDriver
Capabilities {acceptInsecureCerts: false, acceptSslCerts: false, applicationCacheEnabled: false, browserConnectionEnabled: false, browserName: chrome, chrome: {chromedriverVersion: 2.43.600229 (3fae4d0cda5334..., userDataDir: /var/folders/1t/c55l8xzs6gq...}, cssSelectorsEnabled: true, databaseEnabled: false, goog:chromeOptions: {debuggerAddress: localhost:60667}, handlesAlerts: true, hasTouchScreen: false, javascriptEnabled: true, locationContextEnabled: true, mobileEmulationEnabled: false, nativeEvents: true, networkConnectionEnabled: false, pageLoadStrategy: normal, platform: MAC, platformName: MAC, rotatable: false, setWindowRect: true, takesHeapSnapshot: true, takesScreenshot: true, unexpectedAlertBehaviour: , unhandledPromptBehavior: , version: 75.0.3770.100, webStorageEnabled: true}
Session ID: 249d04e6d8f46e7c0d4afc955eed3092)
	at com.kms.katalon.core.keyword.internal.KeywordMain.stepFailed(KeywordMain.groovy:32)
	at com.kms.katalon.core.webui.keyword.internal.WebUIKeywordMain.stepFailed(WebUIKeywordMain.groovy:65)
	at com.kms.katalon.core.webui.keyword.internal.WebUIKeywordMain.runKeyword(WebUIKeywordMain.groovy:27)
	at com.kms.katalon.core.webui.keyword.builtin.ClickKeyword.click(ClickKeyword.groovy:86)
	at com.kms.katalon.core.webui.keyword.builtin.ClickKeyword.execute(ClickKeyword.groovy:67)
	at com.kms.katalon.core.keyword.internal.KeywordExecutor.executeKeywordForPlatform(KeywordExecutor.groovy:53)
	at com.kms.katalon.core.webui.keyword.WebUiBuiltInKeywords.click(WebUiBuiltInKeywords.groovy:604)
	at com.kms.katalon.core.webui.keyword.WebUiBuiltInKeywords$click$14.call(Unknown Source)
	at variants selector.run(variants selector:70)
	at com.kms.katalon.core.main.ScriptEngine.run(ScriptEngine.java:194)
	at com.kms.katalon.core.main.ScriptEngine.runScriptAsRawText(ScriptEngine.java:119)
	at com.kms.katalon.core.main.TestCaseExecutor.runScript(TestCaseExecutor.java:328)
	at com.kms.katalon.core.main.TestCaseExecutor.doExecute(TestCaseExecutor.java:319)
	at com.kms.katalon.core.main.TestCaseExecutor.processExecutionPhase(TestCaseExecutor.java:298)
	at com.kms.katalon.core.main.TestCaseExecutor.accessMainPhase(TestCaseExecutor.java:290)
	at com.kms.katalon.core.main.TestCaseExecutor.execute(TestCaseExecutor.java:224)
	at com.kms.katalon.core.main.TestSuiteExecutor.accessTestCaseMainPhase(TestSuiteExecutor.java:129)
	at com.kms.katalon.core.main.TestSuiteExecutor.accessTestSuiteMainPhase(TestSuiteExecutor.java:112)
	at com.kms.katalon.core.main.TestSuiteExecutor.execute(TestSuiteExecutor.java:81)
	at com.kms.katalon.core.main.TestCaseMain.startTestSuite(TestCaseMain.java:149)
	at com.kms.katalon.core.main.TestCaseMain$startTestSuite$0.call(Unknown Source)
	at TempTestSuite1561499172132.run(TempTestSuite1561499172132.groovy:36)]]></system-out>
         <system-err><![CDATA[2019-06-25 18:14:51 - [TEST_CASE][FAILED] - Test Cases/OCS - DESKTOP/OCS- PRODUCT PAGE/variants selector: Test Cases/OCS - DESKTOP/OCS- PRODUCT PAGE/variants selector FAILED.
Reason:
com.kms.katalon.core.exception.StepFailedException: Unable to click on object 'Object Repository/OCS-DESKTOP/Product page/Swatch_7g' (Root cause: org.openqa.selenium.WebDriverException: unknown error: Element <span class="swatch__title">...</span> is not clickable at point (1028, 631). Other element would receive the click: <li class="swatch swatch--weight" aria-disabled="true">...</li>
  (Session info: chrome=75.0.3770.100)
  (Driver info: chromedriver=2.43.600229 (3fae4d0cda5334b4f533bede5a4787f7b832d052),platform=Mac OS X 10.13.6 x86_64) (WARNING: The server did not provide any stacktrace information)
Command duration or timeout: 0 milliseconds
Build info: version: '3.7.1', revision: '8a0099a', time: '2017-11-06T21:07:36.161Z'
System info: host: 'sumans-MacBook-Pro.local', ip: 'fe80:0:0:0:b7:68e8:717b:cb34%en0', os.name: 'Mac OS X', os.arch: 'x86_64', os.version: '10.13.6', java.version: '1.8.0_181'
Driver info: com.kms.katalon.selenium.driver.CChromeDriver
Capabilities {acceptInsecureCerts: false, acceptSslCerts: false, applicationCacheEnabled: false, browserConnectionEnabled: false, browserName: chrome, chrome: {chromedriverVersion: 2.43.600229 (3fae4d0cda5334..., userDataDir: /var/folders/1t/c55l8xzs6gq...}, cssSelectorsEnabled: true, databaseEnabled: false, goog:chromeOptions: {debuggerAddress: localhost:60667}, handlesAlerts: true, hasTouchScreen: false, javascriptEnabled: true, locationContextEnabled: true, mobileEmulationEnabled: false, nativeEvents: true, networkConnectionEnabled: false, pageLoadStrategy: normal, platform: MAC, platformName: MAC, rotatable: false, setWindowRect: true, takesHeapSnapshot: true, takesScreenshot: true, unexpectedAlertBehaviour: , unhandledPromptBehavior: , version: 75.0.3770.100, webStorageEnabled: true}
Session ID: 249d04e6d8f46e7c0d4afc955eed3092)
	at com.kms.katalon.core.keyword.internal.KeywordMain.stepFailed(KeywordMain.groovy:32)
	at com.kms.katalon.core.webui.keyword.internal.WebUIKeywordMain.stepFailed(WebUIKeywordMain.groovy:65)
	at com.kms.katalon.core.webui.keyword.internal.WebUIKeywordMain.runKeyword(WebUIKeywordMain.groovy:27)
	at com.kms.katalon.core.webui.keyword.builtin.ClickKeyword.click(ClickKeyword.groovy:86)
	at com.kms.katalon.core.webui.keyword.builtin.ClickKeyword.execute(ClickKeyword.groovy:67)
	at com.kms.katalon.core.keyword.internal.KeywordExecutor.executeKeywordForPlatform(KeywordExecutor.groovy:53)
	at com.kms.katalon.core.webui.keyword.WebUiBuiltInKeywords.click(WebUiBuiltInKeywords.groovy:604)
	at com.kms.katalon.core.webui.keyword.WebUiBuiltInKeywords$click$14.call(Unknown Source)
	at variants selector.run(variants selector:70)
	at com.kms.katalon.core.main.ScriptEngine.run(ScriptEngine.java:194)
	at com.kms.katalon.core.main.ScriptEngine.runScriptAsRawText(ScriptEngine.java:119)
	at com.kms.katalon.core.main.TestCaseExecutor.runScript(TestCaseExecutor.java:328)
	at com.kms.katalon.core.main.TestCaseExecutor.doExecute(TestCaseExecutor.java:319)
	at com.kms.katalon.core.main.TestCaseExecutor.processExecutionPhase(TestCaseExecutor.java:298)
	at com.kms.katalon.core.main.TestCaseExecutor.accessMainPhase(TestCaseExecutor.java:290)
	at com.kms.katalon.core.main.TestCaseExecutor.execute(TestCaseExecutor.java:224)
	at com.kms.katalon.core.main.TestSuiteExecutor.accessTestCaseMainPhase(TestSuiteExecutor.java:129)
	at com.kms.katalon.core.main.TestSuiteExecutor.accessTestSuiteMainPhase(TestSuiteExecutor.java:112)
	at com.kms.katalon.core.main.TestSuiteExecutor.execute(TestSuiteExecutor.java:81)
	at com.kms.katalon.core.main.TestCaseMain.startTestSuite(TestCaseMain.java:149)
	at com.kms.katalon.core.main.TestCaseMain$startTestSuite$0.call(Unknown Source)
	at TempTestSuite1561499172132.run(TempTestSuite1561499172132.groovy:36)]]></system-err>
      </testcase>
      <testcase name="Test Cases/OCS - DESKTOP/OCS- PRODUCT PAGE/How to choose cannbis products" classname="Test Cases/OCS - DESKTOP/OCS- PRODUCT PAGE/How to choose cannbis products" status="PASSED">
         <system-out><![CDATA[2019-06-25 18:15:44 - [TEST_CASE][PASSED] - Test Cases/OCS - DESKTOP/OCS- PRODUCT PAGE/How to choose cannbis products: Test Cases/OCS - DESKTOP/OCS- PRODUCT PAGE/How to choose cannbis products

2019-06-25 18:15:44 - [TEST_STEP][PASSED] - callTestCase(findTestCase("OCS - DESKTOP/CALL - PDP"), [:], STOP_ON_FAILURE): Call Test Case 'Test Cases/OCS - DESKTOP/CALL - PDP' successfully

2019-06-25 18:15:44 - [TEST_CASE][PASSED] - Test Cases/OCS - DESKTOP/CALL - PDP: Test Cases/OCS - DESKTOP/CALL - PDP

2019-06-25 18:15:44 - [TEST_STEP][PASSED] - openBrowser(""): Browser is opened with url: ''

2019-06-25 18:15:44 - [MESSAGE][WARNING] - A browser is already opened. Closing browser and opening a new one

2019-06-25 18:15:44 - [MESSAGE][INFO] - Starting 'Chrome' driver

2019-06-25 18:15:45 - [MESSAGE][PASSED] - Browser is opened with url: ''

2019-06-25 18:15:45 - [TEST_STEP][PASSED] - navigateToUrl("https://ocs.ca/?fts=0&preview_theme_id=72920106828"): Navigate to 'https://ocs.ca/?fts=0&preview_theme_id=72920106828' successfully

2019-06-25 18:15:51 - [MESSAGE][PASSED] - Navigate to 'https://ocs.ca/?fts=0&preview_theme_id=72920106828' successfully

2019-06-25 18:15:51 - [TEST_STEP][PASSED] - maximizeWindow(): Current window maximized

2019-06-25 18:15:51 - [MESSAGE][PASSED] - Current window maximized

2019-06-25 18:15:51 - [TEST_STEP][PASSED] - executeJavaScript("var previewBar = document.getElementById("preview-bar-iframe"); previewBar.style.display = "none";", []): Execute JavaScript 'var previewBar = document.getElementById("preview-bar-iframe"); previewBar.style.display = "none";' successfully

2019-06-25 18:15:51 - [MESSAGE][PASSED] - Execute JavaScript 'var previewBar = document.getElementById("preview-bar-iframe"); previewBar.style.display = "none";' successfully

2019-06-25 18:15:51 - [TEST_STEP][PASSED] - delay(4): Delayed 4 second(s)

2019-06-25 18:15:55 - [MESSAGE][PASSED] - Delayed 4 second(s)

2019-06-25 18:15:55 - [TEST_STEP][PASSED] - selectOptionByValue(findTestObject("OCS-DESKTOP/Age gate and Mega menu/Date"), "12", true): All options with value '12' are selected in object 'Object Repository/OCS-DESKTOP/Age gate and Mega menu/Date'  using regular expression

2019-06-25 18:15:56 - [MESSAGE][PASSED] - All options with value '12' are selected in object 'Object Repository/OCS-DESKTOP/Age gate and Mega menu/Date'  using regular expression

2019-06-25 18:15:56 - [TEST_STEP][PASSED] - selectOptionByValue(findTestObject("OCS-DESKTOP/Age gate and Mega menu/month"), "6", true): All options with value '6' are selected in object 'Object Repository/OCS-DESKTOP/Age gate and Mega menu/month'  using regular expression

2019-06-25 18:15:56 - [MESSAGE][PASSED] - All options with value '6' are selected in object 'Object Repository/OCS-DESKTOP/Age gate and Mega menu/month'  using regular expression

2019-06-25 18:15:56 - [TEST_STEP][PASSED] - delay(2): Delayed 2 second(s)

2019-06-25 18:15:58 - [MESSAGE][PASSED] - Delayed 2 second(s)

2019-06-25 18:15:58 - [TEST_STEP][PASSED] - selectOptionByValue(findTestObject("OCS-DESKTOP/Age gate and Mega menu/Year Dropdown"), "1990", true): All options with value '1990' are selected in object 'Object Repository/OCS-DESKTOP/Age gate and Mega menu/Year Dropdown'  using regular expression

2019-06-25 18:15:59 - [MESSAGE][PASSED] - All options with value '1990' are selected in object 'Object Repository/OCS-DESKTOP/Age gate and Mega menu/Year Dropdown'  using regular expression

2019-06-25 18:15:59 - [TEST_STEP][PASSED] - click(findTestObject("OCS-DESKTOP/Age gate and Mega menu/button_Verify")): Object: 'Object Repository/OCS-DESKTOP/Age gate and Mega menu/button_Verify' is clicked on

2019-06-25 18:15:59 - [MESSAGE][PASSED] - Object: 'Object Repository/OCS-DESKTOP/Age gate and Mega menu/button_Verify' is clicked on

2019-06-25 18:15:59 - [TEST_STEP][PASSED] - click(findTestObject("OCS-DESKTOP/Age gate and Mega menu/Checkbox_CONFIRM AND ACKNOWLEDGE")): Object: 'Object Repository/OCS-DESKTOP/Age gate and Mega menu/Checkbox_CONFIRM AND ACKNOWLEDGE' is clicked on

2019-06-25 18:15:59 - [MESSAGE][PASSED] - Object: 'Object Repository/OCS-DESKTOP/Age gate and Mega menu/Checkbox_CONFIRM AND ACKNOWLEDGE' is clicked on

2019-06-25 18:15:59 - [TEST_STEP][PASSED] - click(findTestObject("OCS-DESKTOP/Age gate and Mega menu/button_CONFIRM")): Object: 'Object Repository/OCS-DESKTOP/Age gate and Mega menu/button_CONFIRM' is clicked on

2019-06-25 18:15:59 - [MESSAGE][PASSED] - Object: 'Object Repository/OCS-DESKTOP/Age gate and Mega menu/button_CONFIRM' is clicked on

2019-06-25 18:15:59 - [TEST_STEP][PASSED] - click(findTestObject("OCS-DESKTOP/Age gate and Mega menu/button_Start Browsing")): Object: 'Object Repository/OCS-DESKTOP/Age gate and Mega menu/button_Start Browsing' is clicked on

2019-06-25 18:15:59 - [MESSAGE][PASSED] - Object: 'Object Repository/OCS-DESKTOP/Age gate and Mega menu/button_Start Browsing' is clicked on

2019-06-25 18:15:59 - [TEST_STEP][PASSED] - refresh(): Refresh successfully

2019-06-25 18:15:59 - [MESSAGE][PASSED] - Refresh successfully

2019-06-25 18:15:59 - [TEST_STEP][PASSED] - delay(2): Delayed 2 second(s)

2019-06-25 18:16:01 - [MESSAGE][PASSED] - Delayed 2 second(s)

2019-06-25 18:16:01 - [TEST_STEP][PASSED] - click(findTestObject("OCS-DESKTOP/Age gate and Mega menu/Header/CANNABIS menu - English")): Object: 'Object Repository/OCS-DESKTOP/Age gate and Mega menu/Header/CANNABIS menu - English' is clicked on

2019-06-25 18:16:04 - [MESSAGE][PASSED] - Object: 'Object Repository/OCS-DESKTOP/Age gate and Mega menu/Header/CANNABIS menu - English' is clicked on

2019-06-25 18:16:04 - [TEST_STEP][PASSED] - delay(2): Delayed 2 second(s)

2019-06-25 18:16:06 - [MESSAGE][PASSED] - Delayed 2 second(s)

2019-06-25 18:16:06 - [TEST_STEP][PASSED] - click(findTestObject("OCS-DESKTOP/Age gate and Mega menu/Indica Dominant_Menu item")): Object: 'Object Repository/OCS-DESKTOP/Age gate and Mega menu/Indica Dominant_Menu item' is clicked on

2019-06-25 18:16:08 - [MESSAGE][PASSED] - Object: 'Object Repository/OCS-DESKTOP/Age gate and Mega menu/Indica Dominant_Menu item' is clicked on

2019-06-25 18:16:08 - [TEST_STEP][PASSED] - delay(2): Delayed 2 second(s)

2019-06-25 18:16:10 - [MESSAGE][PASSED] - Delayed 2 second(s)

2019-06-25 18:16:10 - [TEST_STEP][PASSED] - scrollToElement(findTestObject("OCS-DESKTOP/Collection page/Product image - 1st one"), 0): Scroll to object 'Object Repository/OCS-DESKTOP/Collection page/Product image - 1st one' successfully

2019-06-25 18:16:10 - [MESSAGE][WARNING] - Timeout '0' is invalid. Using default page load timeout: '30'

2019-06-25 18:16:10 - [MESSAGE][PASSED] - Scroll to object 'Object Repository/OCS-DESKTOP/Collection page/Product image - 1st one' successfully

2019-06-25 18:16:10 - [TEST_STEP][PASSED] - delay(2): Delayed 2 second(s)

2019-06-25 18:16:12 - [MESSAGE][PASSED] - Delayed 2 second(s)

2019-06-25 18:16:12 - [TEST_STEP][PASSED] - click(findTestObject("OCS-DESKTOP/Collection page/Product image - 1st one")): Object: 'Object Repository/OCS-DESKTOP/Collection page/Product image - 1st one' is clicked on

2019-06-25 18:16:17 - [MESSAGE][PASSED] - Object: 'Object Repository/OCS-DESKTOP/Collection page/Product image - 1st one' is clicked on

2019-06-25 18:16:17 - [TEST_STEP][PASSED] - executeJavaScript("var previewBar = document.getElementById("preview-bar-iframe"); previewBar.style.display = "none";", []): Execute JavaScript 'var previewBar = document.getElementById("preview-bar-iframe"); previewBar.style.display = "none";' successfully

2019-06-25 18:16:17 - [MESSAGE][PASSED] - Execute JavaScript 'var previewBar = document.getElementById("preview-bar-iframe"); previewBar.style.display = "none";' successfully

2019-06-25 18:16:17 - [TEST_STEP][PASSED] - delay(2): Delayed 2 second(s)

2019-06-25 18:16:19 - [MESSAGE][PASSED] - Delayed 2 second(s)

2019-06-25 18:16:19 - [MESSAGE][PASSED] - Call Test Case 'Test Cases/OCS - DESKTOP/CALL - PDP' successfully

2019-06-25 18:16:19 - [TEST_STEP][NOT_RUN] - scrollToElement(findTestObject("OCS-MOBILE /Product page/How to choose cannabis product - Section"), 2): NOT_RUN: scrollToElement(findTestObject("OCS-MOBILE /Product page/How to choose cannabis product - Section"), 2)

2019-06-25 18:16:19 - [MESSAGE][NOT_RUN] - NOT_RUN: scrollToElement(findTestObject("OCS-MOBILE /Product page/How to choose cannabis product - Section"), 2)

2019-06-25 18:16:19 - [TEST_STEP][PASSED] - click(findTestObject("OCS-DESKTOP/Product page/How to choose cannabis product - Button")): Object: 'Object Repository/OCS-DESKTOP/Product page/How to choose cannabis product - Button' is clicked on

2019-06-25 18:16:23 - [MESSAGE][PASSED] - Object: 'Object Repository/OCS-DESKTOP/Product page/How to choose cannabis product - Button' is clicked on

2019-06-25 18:16:23 - [TEST_STEP][PASSED] - a = getWindowTitle(): Current window's title is: 'Factors in Choosing Cannabis Products | Ontario Cannabis Store'

2019-06-25 18:16:23 - [MESSAGE][PASSED] - Current window's title is: 'Factors in Choosing Cannabis Products | Ontario Cannabis Store'

2019-06-25 18:16:23 - [TEST_STEP][PASSED] - b = "Factors in Choosing Cannabis Products | Ontario Cannabis Store": null

2019-06-25 18:16:23 - [TEST_STEP][PASSED] - comment("WINDOW TITLE IS: " + a): WINDOW TITLE IS: Factors in Choosing Cannabis Products | Ontario Cannabis Store

2019-06-25 18:16:23 - [MESSAGE][INFO] - WINDOW TITLE IS: Factors in Choosing Cannabis Products | Ontario Cannabis Store

2019-06-25 18:16:23 - [TEST_STEP][PASSED] - if (a == b): TITLE IS SAME

2019-06-25 18:16:23 - [TEST_STEP][PASSED] - comment("TITLE IS SAME"): TITLE IS SAME

2019-06-25 18:16:23 - [MESSAGE][INFO] - TITLE IS SAME

2019-06-25 18:16:23 - [TEST_STEP][PASSED] - back(): Navigate back successfully

2019-06-25 18:16:25 - [MESSAGE][PASSED] - Navigate back successfully]]></system-out>
         <system-err><![CDATA[]]></system-err>
      </testcase>
      <testcase name="Test Cases/OCS - DESKTOP/OCS-AGE GATE/AG- Under Age" classname="Test Cases/OCS - DESKTOP/OCS-AGE GATE/AG- Under Age" status="PASSED">
         <system-out><![CDATA[2019-06-25 18:16:25 - [TEST_CASE][PASSED] - Test Cases/OCS - DESKTOP/OCS-AGE GATE/AG- Under Age: Test Cases/OCS - DESKTOP/OCS-AGE GATE/AG- Under Age

2019-06-25 18:16:25 - [TEST_STEP][PASSED] - openBrowser(""): Browser is opened with url: ''

2019-06-25 18:16:25 - [MESSAGE][WARNING] - A browser is already opened. Closing browser and opening a new one

2019-06-25 18:16:25 - [MESSAGE][INFO] - Starting 'Chrome' driver

2019-06-25 18:16:26 - [MESSAGE][PASSED] - Browser is opened with url: ''

2019-06-25 18:16:26 - [TEST_STEP][PASSED] - navigateToUrl("https://ocs.ca/?fts=0&preview_theme_id=53376026444"): Navigate to 'https://ocs.ca/?fts=0&preview_theme_id=53376026444' successfully

2019-06-25 18:16:36 - [MESSAGE][PASSED] - Navigate to 'https://ocs.ca/?fts=0&preview_theme_id=53376026444' successfully

2019-06-25 18:16:36 - [TEST_STEP][PASSED] - executeJavaScript("var previewBar = document.getElementById("preview-bar-iframe"); previewBar.style.display = "none";", []): Execute JavaScript 'var previewBar = document.getElementById("preview-bar-iframe"); previewBar.style.display = "none";' successfully

2019-06-25 18:16:36 - [MESSAGE][PASSED] - Execute JavaScript 'var previewBar = document.getElementById("preview-bar-iframe"); previewBar.style.display = "none";' successfully

2019-06-25 18:16:36 - [TEST_STEP][PASSED] - selectOptionByValue(findTestObject("OCS-DESKTOP/Age gate and Mega menu/Date"), "12", true): All options with value '12' are selected in object 'Object Repository/OCS-DESKTOP/Age gate and Mega menu/Date'  using regular expression

2019-06-25 18:16:36 - [MESSAGE][PASSED] - All options with value '12' are selected in object 'Object Repository/OCS-DESKTOP/Age gate and Mega menu/Date'  using regular expression

2019-06-25 18:16:36 - [TEST_STEP][PASSED] - selectOptionByValue(findTestObject("OCS-DESKTOP/Age gate and Mega menu/month"), "6", true): All options with value '6' are selected in object 'Object Repository/OCS-DESKTOP/Age gate and Mega menu/month'  using regular expression

2019-06-25 18:16:36 - [MESSAGE][PASSED] - All options with value '6' are selected in object 'Object Repository/OCS-DESKTOP/Age gate and Mega menu/month'  using regular expression

2019-06-25 18:16:36 - [TEST_STEP][PASSED] - delay(2): Delayed 2 second(s)

2019-06-25 18:16:38 - [MESSAGE][PASSED] - Delayed 2 second(s)

2019-06-25 18:16:38 - [TEST_STEP][PASSED] - selectOptionByValue(findTestObject("OCS-DESKTOP/Age gate and Mega menu/Year Dropdown"), "2017", true): All options with value '2017' are selected in object 'Object Repository/OCS-DESKTOP/Age gate and Mega menu/Year Dropdown'  using regular expression

2019-06-25 18:16:39 - [MESSAGE][PASSED] - All options with value '2017' are selected in object 'Object Repository/OCS-DESKTOP/Age gate and Mega menu/Year Dropdown'  using regular expression

2019-06-25 18:16:39 - [TEST_STEP][PASSED] - click(findTestObject("OCS-DESKTOP/Age gate and Mega menu/button_Verify")): Object: 'Object Repository/OCS-DESKTOP/Age gate and Mega menu/button_Verify' is clicked on

2019-06-25 18:16:39 - [MESSAGE][PASSED] - Object: 'Object Repository/OCS-DESKTOP/Age gate and Mega menu/button_Verify' is clicked on

2019-06-25 18:16:39 - [TEST_STEP][PASSED] - click(findTestObject("OCS-DESKTOP/Age gate and Mega menu/Checkbox_CONFIRM AND ACKNOWLEDGE")): Object: 'Object Repository/OCS-DESKTOP/Age gate and Mega menu/Checkbox_CONFIRM AND ACKNOWLEDGE' is clicked on

2019-06-25 18:16:39 - [MESSAGE][PASSED] - Object: 'Object Repository/OCS-DESKTOP/Age gate and Mega menu/Checkbox_CONFIRM AND ACKNOWLEDGE' is clicked on

2019-06-25 18:16:39 - [TEST_STEP][PASSED] - click(findTestObject("OCS-DESKTOP/Age gate and Mega menu/button_CONFIRM")): Object: 'Object Repository/OCS-DESKTOP/Age gate and Mega menu/button_CONFIRM' is clicked on

2019-06-25 18:16:39 - [MESSAGE][PASSED] - Object: 'Object Repository/OCS-DESKTOP/Age gate and Mega menu/button_CONFIRM' is clicked on

2019-06-25 18:16:39 - [TEST_STEP][PASSED] - delay(3): Delayed 3 second(s)

2019-06-25 18:16:42 - [MESSAGE][PASSED] - Delayed 3 second(s)

2019-06-25 18:16:42 - [TEST_STEP][PASSED] - click(findTestObject("OCS-DESKTOP/Age gate and Mega menu/Oops Im actually 19 or older - Link")): Object: 'Object Repository/OCS-DESKTOP/Age gate and Mega menu/Oops Im actually 19 or older - Link' is clicked on

2019-06-25 18:16:42 - [MESSAGE][PASSED] - Object: 'Object Repository/OCS-DESKTOP/Age gate and Mega menu/Oops Im actually 19 or older - Link' is clicked on

2019-06-25 18:16:42 - [TEST_STEP][PASSED] - selectOptionByValue(findTestObject("OCS-DESKTOP/Age gate and Mega menu/Date"), "5", true): All options with value '5' are selected in object 'Object Repository/OCS-DESKTOP/Age gate and Mega menu/Date'  using regular expression

2019-06-25 18:16:43 - [MESSAGE][PASSED] - All options with value '5' are selected in object 'Object Repository/OCS-DESKTOP/Age gate and Mega menu/Date'  using regular expression

2019-06-25 18:16:43 - [TEST_STEP][PASSED] - selectOptionByValue(findTestObject("OCS-DESKTOP/Age gate and Mega menu/month"), "6", true): All options with value '6' are selected in object 'Object Repository/OCS-DESKTOP/Age gate and Mega menu/month'  using regular expression

2019-06-25 18:16:43 - [MESSAGE][PASSED] - All options with value '6' are selected in object 'Object Repository/OCS-DESKTOP/Age gate and Mega menu/month'  using regular expression

2019-06-25 18:16:43 - [TEST_STEP][PASSED] - selectOptionByValue(findTestObject("OCS-DESKTOP/Age gate and Mega menu/Year Dropdown"), "1970", true): All options with value '1970' are selected in object 'Object Repository/OCS-DESKTOP/Age gate and Mega menu/Year Dropdown'  using regular expression

2019-06-25 18:16:44 - [MESSAGE][PASSED] - All options with value '1970' are selected in object 'Object Repository/OCS-DESKTOP/Age gate and Mega menu/Year Dropdown'  using regular expression

2019-06-25 18:16:44 - [TEST_STEP][PASSED] - click(findTestObject("OCS-DESKTOP/Age gate and Mega menu/button_Verify")): Object: 'Object Repository/OCS-DESKTOP/Age gate and Mega menu/button_Verify' is clicked on

2019-06-25 18:16:44 - [MESSAGE][PASSED] - Object: 'Object Repository/OCS-DESKTOP/Age gate and Mega menu/button_Verify' is clicked on

2019-06-25 18:16:44 - [TEST_STEP][PASSED] - click(findTestObject("OCS-DESKTOP/Age gate and Mega menu/Checkbox_CONFIRM AND ACKNOWLEDGE")): Object: 'Object Repository/OCS-DESKTOP/Age gate and Mega menu/Checkbox_CONFIRM AND ACKNOWLEDGE' is clicked on

2019-06-25 18:16:44 - [MESSAGE][PASSED] - Object: 'Object Repository/OCS-DESKTOP/Age gate and Mega menu/Checkbox_CONFIRM AND ACKNOWLEDGE' is clicked on

2019-06-25 18:16:44 - [TEST_STEP][PASSED] - click(findTestObject("OCS-DESKTOP/Age gate and Mega menu/button_CONFIRM")): Object: 'Object Repository/OCS-DESKTOP/Age gate and Mega menu/button_CONFIRM' is clicked on

2019-06-25 18:16:44 - [MESSAGE][PASSED] - Object: 'Object Repository/OCS-DESKTOP/Age gate and Mega menu/button_CONFIRM' is clicked on

2019-06-25 18:16:44 - [TEST_STEP][PASSED] - click(findTestObject("OCS-DESKTOP/Age gate and Mega menu/button_Start Browsing")): Object: 'Object Repository/OCS-DESKTOP/Age gate and Mega menu/button_Start Browsing' is clicked on

2019-06-25 18:16:44 - [MESSAGE][PASSED] - Object: 'Object Repository/OCS-DESKTOP/Age gate and Mega menu/button_Start Browsing' is clicked on

2019-06-25 18:16:44 - [TEST_STEP][PASSED] - delay(3): Delayed 3 second(s)

2019-06-25 18:16:47 - [MESSAGE][PASSED] - Delayed 3 second(s)

2019-06-25 18:16:47 - [TEST_STEP][PASSED] - closeBrowser(): Browser is closed

2019-06-25 18:16:47 - [MESSAGE][PASSED] - Browser is closed]]></system-out>
         <system-err><![CDATA[]]></system-err>
      </testcase>
      <testcase name="Test Cases/OCS - DESKTOP/OCS-AGE GATE/AG - Date correction" classname="Test Cases/OCS - DESKTOP/OCS-AGE GATE/AG - Date correction" status="PASSED">
         <system-out><![CDATA[2019-06-25 18:16:47 - [TEST_CASE][PASSED] - Test Cases/OCS - DESKTOP/OCS-AGE GATE/AG - Date correction: Test Cases/OCS - DESKTOP/OCS-AGE GATE/AG - Date correction

2019-06-25 18:16:48 - [TEST_STEP][PASSED] - openBrowser(""): Browser is opened with url: ''

2019-06-25 18:16:48 - [MESSAGE][INFO] - Starting 'Chrome' driver

2019-06-25 18:16:49 - [MESSAGE][PASSED] - Browser is opened with url: ''

2019-06-25 18:16:49 - [TEST_STEP][PASSED] - navigateToUrl("https://ocs.ca/?fts=0&preview_theme_id=53376026444"): Navigate to 'https://ocs.ca/?fts=0&preview_theme_id=53376026444' successfully

2019-06-25 18:16:55 - [MESSAGE][PASSED] - Navigate to 'https://ocs.ca/?fts=0&preview_theme_id=53376026444' successfully

2019-06-25 18:16:55 - [TEST_STEP][PASSED] - executeJavaScript("var previewBar = document.getElementById("preview-bar-iframe"); previewBar.style.display = "none";", []): Execute JavaScript 'var previewBar = document.getElementById("preview-bar-iframe"); previewBar.style.display = "none";' successfully

2019-06-25 18:16:55 - [MESSAGE][PASSED] - Execute JavaScript 'var previewBar = document.getElementById("preview-bar-iframe"); previewBar.style.display = "none";' successfully

2019-06-25 18:16:55 - [TEST_STEP][PASSED] - selectOptionByValue(findTestObject("OCS-DESKTOP/Age gate and Mega menu/Date"), "12", true): All options with value '12' are selected in object 'Object Repository/OCS-DESKTOP/Age gate and Mega menu/Date'  using regular expression

2019-06-25 18:16:55 - [MESSAGE][PASSED] - All options with value '12' are selected in object 'Object Repository/OCS-DESKTOP/Age gate and Mega menu/Date'  using regular expression

2019-06-25 18:16:55 - [TEST_STEP][PASSED] - selectOptionByValue(findTestObject("OCS-DESKTOP/Age gate and Mega menu/month"), "6", true): All options with value '6' are selected in object 'Object Repository/OCS-DESKTOP/Age gate and Mega menu/month'  using regular expression

2019-06-25 18:16:55 - [MESSAGE][PASSED] - All options with value '6' are selected in object 'Object Repository/OCS-DESKTOP/Age gate and Mega menu/month'  using regular expression

2019-06-25 18:16:55 - [TEST_STEP][PASSED] - delay(2): Delayed 2 second(s)

2019-06-25 18:16:57 - [MESSAGE][PASSED] - Delayed 2 second(s)

2019-06-25 18:16:57 - [TEST_STEP][PASSED] - selectOptionByValue(findTestObject("OCS-DESKTOP/Age gate and Mega menu/Year Dropdown"), "1990", true): All options with value '1990' are selected in object 'Object Repository/OCS-DESKTOP/Age gate and Mega menu/Year Dropdown'  using regular expression

2019-06-25 18:16:58 - [MESSAGE][PASSED] - All options with value '1990' are selected in object 'Object Repository/OCS-DESKTOP/Age gate and Mega menu/Year Dropdown'  using regular expression

2019-06-25 18:16:58 - [TEST_STEP][PASSED] - delay(3): Delayed 3 second(s)

2019-06-25 18:17:01 - [MESSAGE][PASSED] - Delayed 3 second(s)

2019-06-25 18:17:01 - [TEST_STEP][PASSED] - click(findTestObject("OCS-DESKTOP/Age gate and Mega menu/button_Verify")): Object: 'Object Repository/OCS-DESKTOP/Age gate and Mega menu/button_Verify' is clicked on

2019-06-25 18:17:02 - [MESSAGE][PASSED] - Object: 'Object Repository/OCS-DESKTOP/Age gate and Mega menu/button_Verify' is clicked on

2019-06-25 18:17:02 - [TEST_STEP][PASSED] - delay(1): Delayed 1 second(s)

2019-06-25 18:17:03 - [MESSAGE][PASSED] - Delayed 1 second(s)

2019-06-25 18:17:03 - [TEST_STEP][PASSED] - click(findTestObject("OCS-DESKTOP/Age gate and Mega menu/a_Correct your date of birth")): Object: 'Object Repository/OCS-DESKTOP/Age gate and Mega menu/a_Correct your date of birth' is clicked on

2019-06-25 18:17:03 - [MESSAGE][PASSED] - Object: 'Object Repository/OCS-DESKTOP/Age gate and Mega menu/a_Correct your date of birth' is clicked on

2019-06-25 18:17:03 - [TEST_STEP][PASSED] - selectOptionByValue(findTestObject("OCS-DESKTOP/Age gate and Mega menu/Date"), "1", true): All options with value '1' are selected in object 'Object Repository/OCS-DESKTOP/Age gate and Mega menu/Date'  using regular expression

2019-06-25 18:17:03 - [MESSAGE][PASSED] - All options with value '1' are selected in object 'Object Repository/OCS-DESKTOP/Age gate and Mega menu/Date'  using regular expression

2019-06-25 18:17:03 - [TEST_STEP][PASSED] - selectOptionByValue(findTestObject("OCS-DESKTOP/Age gate and Mega menu/month"), "5", true): All options with value '5' are selected in object 'Object Repository/OCS-DESKTOP/Age gate and Mega menu/month'  using regular expression

2019-06-25 18:17:03 - [MESSAGE][PASSED] - All options with value '5' are selected in object 'Object Repository/OCS-DESKTOP/Age gate and Mega menu/month'  using regular expression

2019-06-25 18:17:03 - [TEST_STEP][PASSED] - selectOptionByValue(findTestObject("OCS-DESKTOP/Age gate and Mega menu/Year Dropdown"), "1980", true): All options with value '1980' are selected in object 'Object Repository/OCS-DESKTOP/Age gate and Mega menu/Year Dropdown'  using regular expression

2019-06-25 18:17:04 - [MESSAGE][PASSED] - All options with value '1980' are selected in object 'Object Repository/OCS-DESKTOP/Age gate and Mega menu/Year Dropdown'  using regular expression

2019-06-25 18:17:04 - [TEST_STEP][PASSED] - click(findTestObject("OCS-DESKTOP/Age gate and Mega menu/button_Verify")): Object: 'Object Repository/OCS-DESKTOP/Age gate and Mega menu/button_Verify' is clicked on

2019-06-25 18:17:04 - [MESSAGE][PASSED] - Object: 'Object Repository/OCS-DESKTOP/Age gate and Mega menu/button_Verify' is clicked on

2019-06-25 18:17:04 - [TEST_STEP][PASSED] - closeBrowser(): Browser is closed

2019-06-25 18:17:04 - [MESSAGE][PASSED] - Browser is closed]]></system-out>
         <system-err><![CDATA[]]></system-err>
      </testcase>
      <testcase name="Test Cases/OCS - DESKTOP/OCS-COLLECTION PAGE/Sort" classname="Test Cases/OCS - DESKTOP/OCS-COLLECTION PAGE/Sort" status="PASSED">
         <system-out><![CDATA[2019-06-25 18:17:04 - [TEST_CASE][PASSED] - Test Cases/OCS - DESKTOP/OCS-COLLECTION PAGE/Sort: Test Cases/OCS - DESKTOP/OCS-COLLECTION PAGE/Sort

2019-06-25 18:17:04 - [TEST_STEP][PASSED] - callTestCase(findTestCase("OCS - DESKTOP/CALL- Age gate"), [:], STOP_ON_FAILURE): Call Test Case 'Test Cases/OCS - DESKTOP/CALL- Age gate' successfully

2019-06-25 18:17:04 - [TEST_CASE][PASSED] - Test Cases/OCS - DESKTOP/CALL- Age gate: Test Cases/OCS - DESKTOP/CALL- Age gate

2019-06-25 18:17:04 - [TEST_STEP][PASSED] - openBrowser(""): Browser is opened with url: ''

2019-06-25 18:17:04 - [MESSAGE][INFO] - Starting 'Chrome' driver

2019-06-25 18:17:06 - [MESSAGE][PASSED] - Browser is opened with url: ''

2019-06-25 18:17:06 - [TEST_STEP][PASSED] - navigateToUrl("https://ocs.ca/?fts=0&preview_theme_id=72920106828"): Navigate to 'https://ocs.ca/?fts=0&preview_theme_id=72920106828' successfully

2019-06-25 18:17:10 - [MESSAGE][PASSED] - Navigate to 'https://ocs.ca/?fts=0&preview_theme_id=72920106828' successfully

2019-06-25 18:17:10 - [TEST_STEP][PASSED] - maximizeWindow(): Current window maximized

2019-06-25 18:17:11 - [MESSAGE][PASSED] - Current window maximized

2019-06-25 18:17:11 - [TEST_STEP][PASSED] - delay(2): Delayed 2 second(s)

2019-06-25 18:17:13 - [MESSAGE][PASSED] - Delayed 2 second(s)

2019-06-25 18:17:13 - [TEST_STEP][PASSED] - executeJavaScript("var previewBar = document.getElementById("preview-bar-iframe"); previewBar.style.display = "none";", []): Execute JavaScript 'var previewBar = document.getElementById("preview-bar-iframe"); previewBar.style.display = "none";' successfully

2019-06-25 18:17:13 - [MESSAGE][PASSED] - Execute JavaScript 'var previewBar = document.getElementById("preview-bar-iframe"); previewBar.style.display = "none";' successfully

2019-06-25 18:17:13 - [TEST_STEP][PASSED] - selectOptionByValue(findTestObject("OCS-DESKTOP/Age gate and Mega menu/Date"), "12", true): All options with value '12' are selected in object 'Object Repository/OCS-DESKTOP/Age gate and Mega menu/Date'  using regular expression

2019-06-25 18:17:13 - [MESSAGE][PASSED] - All options with value '12' are selected in object 'Object Repository/OCS-DESKTOP/Age gate and Mega menu/Date'  using regular expression

2019-06-25 18:17:13 - [TEST_STEP][PASSED] - selectOptionByValue(findTestObject("OCS-DESKTOP/Age gate and Mega menu/month"), "6", true): All options with value '6' are selected in object 'Object Repository/OCS-DESKTOP/Age gate and Mega menu/month'  using regular expression

2019-06-25 18:17:13 - [MESSAGE][PASSED] - All options with value '6' are selected in object 'Object Repository/OCS-DESKTOP/Age gate and Mega menu/month'  using regular expression

2019-06-25 18:17:13 - [TEST_STEP][PASSED] - delay(2): Delayed 2 second(s)

2019-06-25 18:17:15 - [MESSAGE][PASSED] - Delayed 2 second(s)

2019-06-25 18:17:15 - [TEST_STEP][PASSED] - selectOptionByValue(findTestObject("OCS-DESKTOP/Age gate and Mega menu/Year Dropdown"), "1990", true): All options with value '1990' are selected in object 'Object Repository/OCS-DESKTOP/Age gate and Mega menu/Year Dropdown'  using regular expression

2019-06-25 18:17:16 - [MESSAGE][PASSED] - All options with value '1990' are selected in object 'Object Repository/OCS-DESKTOP/Age gate and Mega menu/Year Dropdown'  using regular expression

2019-06-25 18:17:16 - [TEST_STEP][PASSED] - click(findTestObject("OCS-DESKTOP/Age gate and Mega menu/button_Verify")): Object: 'Object Repository/OCS-DESKTOP/Age gate and Mega menu/button_Verify' is clicked on

2019-06-25 18:17:16 - [MESSAGE][PASSED] - Object: 'Object Repository/OCS-DESKTOP/Age gate and Mega menu/button_Verify' is clicked on

2019-06-25 18:17:16 - [TEST_STEP][PASSED] - click(findTestObject("OCS-DESKTOP/Age gate and Mega menu/Checkbox_CONFIRM AND ACKNOWLEDGE")): Object: 'Object Repository/OCS-DESKTOP/Age gate and Mega menu/Checkbox_CONFIRM AND ACKNOWLEDGE' is clicked on

2019-06-25 18:17:16 - [MESSAGE][PASSED] - Object: 'Object Repository/OCS-DESKTOP/Age gate and Mega menu/Checkbox_CONFIRM AND ACKNOWLEDGE' is clicked on

2019-06-25 18:17:16 - [TEST_STEP][PASSED] - click(findTestObject("OCS-DESKTOP/Age gate and Mega menu/button_CONFIRM")): Object: 'Object Repository/OCS-DESKTOP/Age gate and Mega menu/button_CONFIRM' is clicked on

2019-06-25 18:17:16 - [MESSAGE][PASSED] - Object: 'Object Repository/OCS-DESKTOP/Age gate and Mega menu/button_CONFIRM' is clicked on

2019-06-25 18:17:16 - [TEST_STEP][PASSED] - click(findTestObject("OCS-DESKTOP/Age gate and Mega menu/button_Start Browsing")): Object: 'Object Repository/OCS-DESKTOP/Age gate and Mega menu/button_Start Browsing' is clicked on

2019-06-25 18:17:16 - [MESSAGE][PASSED] - Object: 'Object Repository/OCS-DESKTOP/Age gate and Mega menu/button_Start Browsing' is clicked on

2019-06-25 18:17:16 - [TEST_STEP][PASSED] - delay(2): Delayed 2 second(s)

2019-06-25 18:17:18 - [MESSAGE][PASSED] - Delayed 2 second(s)

2019-06-25 18:17:18 - [TEST_STEP][PASSED] - refresh(): Refresh successfully

2019-06-25 18:17:18 - [MESSAGE][PASSED] - Refresh successfully

2019-06-25 18:17:18 - [MESSAGE][PASSED] - Call Test Case 'Test Cases/OCS - DESKTOP/CALL- Age gate' successfully

2019-06-25 18:17:18 - [TEST_STEP][PASSED] - delay(2): Delayed 2 second(s)

2019-06-25 18:17:20 - [MESSAGE][PASSED] - Delayed 2 second(s)

2019-06-25 18:17:20 - [TEST_STEP][NOT_RUN] - click(findTestObject("OCS-MOBILE /Age gate and burger menu/Burger menu - English")): NOT_RUN: click(findTestObject("OCS-MOBILE /Age gate and burger menu/Burger menu - English"))

2019-06-25 18:17:20 - [MESSAGE][NOT_RUN] - NOT_RUN: click(findTestObject("OCS-MOBILE /Age gate and burger menu/Burger menu - English"))

2019-06-25 18:17:20 - [TEST_STEP][PASSED] - delay(2): Delayed 2 second(s)

2019-06-25 18:17:22 - [MESSAGE][PASSED] - Delayed 2 second(s)

2019-06-25 18:17:22 - [TEST_STEP][PASSED] - click(findTestObject("OCS-DESKTOP/Age gate and Mega menu/Chevron_Cannabis")): Object: 'Object Repository/OCS-DESKTOP/Age gate and Mega menu/Chevron_Cannabis' is clicked on

2019-06-25 18:17:23 - [MESSAGE][PASSED] - Object: 'Object Repository/OCS-DESKTOP/Age gate and Mega menu/Chevron_Cannabis' is clicked on

2019-06-25 18:17:23 - [TEST_STEP][PASSED] - delay(2): Delayed 2 second(s)

2019-06-25 18:17:25 - [MESSAGE][PASSED] - Delayed 2 second(s)

2019-06-25 18:17:25 - [TEST_STEP][NOT_RUN] - click(findTestObject("OCS-DESKTOP/Age gate and Mega menu/Dried Flower_Plus icon")): NOT_RUN: click(findTestObject("OCS-DESKTOP/Age gate and Mega menu/Dried Flower_Plus icon"))

2019-06-25 18:17:25 - [MESSAGE][NOT_RUN] - NOT_RUN: click(findTestObject("OCS-DESKTOP/Age gate and Mega menu/Dried Flower_Plus icon"))

2019-06-25 18:17:25 - [TEST_STEP][PASSED] - delay(2): Delayed 2 second(s)

2019-06-25 18:17:27 - [MESSAGE][PASSED] - Delayed 2 second(s)

2019-06-25 18:17:27 - [TEST_STEP][PASSED] - click(findTestObject("OCS-DESKTOP/Cannabis page/Dried flower - Indica dominant")): Object: 'Object Repository/OCS-DESKTOP/Cannabis page/Dried flower - Indica dominant' is clicked on

2019-06-25 18:17:29 - [MESSAGE][PASSED] - Object: 'Object Repository/OCS-DESKTOP/Cannabis page/Dried flower - Indica dominant' is clicked on

2019-06-25 18:17:29 - [TEST_STEP][PASSED] - delay(2): Delayed 2 second(s)

2019-06-25 18:17:31 - [MESSAGE][PASSED] - Delayed 2 second(s)

2019-06-25 18:17:31 - [TEST_STEP][PASSED] - click(findTestObject("OCS-DESKTOP/Collection page/sort option")): Object: 'Object Repository/OCS-DESKTOP/Collection page/sort option' is clicked on

2019-06-25 18:17:31 - [MESSAGE][PASSED] - Object: 'Object Repository/OCS-DESKTOP/Collection page/sort option' is clicked on

2019-06-25 18:17:31 - [TEST_STEP][PASSED] - delay(1): Delayed 1 second(s)

2019-06-25 18:17:32 - [MESSAGE][PASSED] - Delayed 1 second(s)

2019-06-25 18:17:32 - [TEST_STEP][PASSED] - executeJavaScript("var previewBar = document.getElementById("preview-bar-iframe"); previewBar.style.display = "none";", []): Execute JavaScript 'var previewBar = document.getElementById("preview-bar-iframe"); previewBar.style.display = "none";' successfully

2019-06-25 18:17:32 - [MESSAGE][PASSED] - Execute JavaScript 'var previewBar = document.getElementById("preview-bar-iframe"); previewBar.style.display = "none";' successfully

2019-06-25 18:17:32 - [TEST_STEP][PASSED] - click(findTestObject("OCS-DESKTOP/Collection page/Price Low to High")): Object: 'Object Repository/OCS-DESKTOP/Collection page/Price Low to High' is clicked on

2019-06-25 18:17:32 - [MESSAGE][PASSED] - Object: 'Object Repository/OCS-DESKTOP/Collection page/Price Low to High' is clicked on

2019-06-25 18:17:32 - [TEST_STEP][PASSED] - delay(1): Delayed 1 second(s)

2019-06-25 18:17:33 - [MESSAGE][PASSED] - Delayed 1 second(s)

2019-06-25 18:17:33 - [TEST_STEP][PASSED] - refresh(): Refresh successfully

2019-06-25 18:17:33 - [MESSAGE][PASSED] - Refresh successfully

2019-06-25 18:17:33 - [TEST_STEP][PASSED] - delay(1): Delayed 1 second(s)

2019-06-25 18:17:34 - [MESSAGE][PASSED] - Delayed 1 second(s)

2019-06-25 18:17:34 - [TEST_STEP][PASSED] - callTestCase(findTestCase("OCS - DESKTOP/OCS-COLLECTION PAGE/calling test case"), [:], STOP_ON_FAILURE): Call Test Case 'Test Cases/OCS - DESKTOP/OCS-COLLECTION PAGE/calling test case' successfully

2019-06-25 18:17:34 - [TEST_CASE][PASSED] - Test Cases/OCS - DESKTOP/OCS-COLLECTION PAGE/calling test case: Test Cases/OCS - DESKTOP/OCS-COLLECTION PAGE/calling test case

2019-06-25 18:17:34 - [TEST_STEP][NOT_RUN] - delay(2): NOT_RUN: delay(2)

2019-06-25 18:17:34 - [MESSAGE][NOT_RUN] - NOT_RUN: delay(2)

2019-06-25 18:17:34 - [TEST_STEP][NOT_RUN] - click(findTestObject("OCS-MOBILE /Age gate and burger menu/Burger menu - English")): NOT_RUN: click(findTestObject("OCS-MOBILE /Age gate and burger menu/Burger menu - English"))

2019-06-25 18:17:34 - [MESSAGE][NOT_RUN] - NOT_RUN: click(findTestObject("OCS-MOBILE /Age gate and burger menu/Burger menu - English"))

2019-06-25 18:17:34 - [TEST_STEP][NOT_RUN] - delay(2): NOT_RUN: delay(2)

2019-06-25 18:17:34 - [MESSAGE][NOT_RUN] - NOT_RUN: delay(2)

2019-06-25 18:17:34 - [TEST_STEP][NOT_RUN] - click(findTestObject("OCS-MOBILE /Cannabis page/Cannabis chevron")): NOT_RUN: click(findTestObject("OCS-MOBILE /Cannabis page/Cannabis chevron"))

2019-06-25 18:17:34 - [MESSAGE][NOT_RUN] - NOT_RUN: click(findTestObject("OCS-MOBILE /Cannabis page/Cannabis chevron"))

2019-06-25 18:17:34 - [TEST_STEP][NOT_RUN] - delay(2): NOT_RUN: delay(2)

2019-06-25 18:17:34 - [MESSAGE][NOT_RUN] - NOT_RUN: delay(2)

2019-06-25 18:17:34 - [TEST_STEP][NOT_RUN] - click(findTestObject("OCS-MOBILE /Cannabis page/Dried flower - plus accordian")): NOT_RUN: click(findTestObject("OCS-MOBILE /Cannabis page/Dried flower - plus accordian"))

2019-06-25 18:17:34 - [MESSAGE][NOT_RUN] - NOT_RUN: click(findTestObject("OCS-MOBILE /Cannabis page/Dried flower - plus accordian"))

2019-06-25 18:17:34 - [TEST_STEP][NOT_RUN] - delay(2): NOT_RUN: delay(2)

2019-06-25 18:17:34 - [MESSAGE][NOT_RUN] - NOT_RUN: delay(2)

2019-06-25 18:17:34 - [TEST_STEP][NOT_RUN] - click(findTestObject("OCS-MOBILE /Cannabis page/Dried flower - Indica dominant")): NOT_RUN: click(findTestObject("OCS-MOBILE /Cannabis page/Dried flower - Indica dominant"))

2019-06-25 18:17:34 - [MESSAGE][NOT_RUN] - NOT_RUN: click(findTestObject("OCS-MOBILE /Cannabis page/Dried flower - Indica dominant"))

2019-06-25 18:17:34 - [TEST_STEP][NOT_RUN] - delay(2): NOT_RUN: delay(2)

2019-06-25 18:17:34 - [MESSAGE][NOT_RUN] - NOT_RUN: delay(2)

2019-06-25 18:17:34 - [TEST_STEP][PASSED] - scrollToElement(findTestObject("OCS-DESKTOP/Collection page/scroll element"), 0): Scroll to object 'Object Repository/OCS-DESKTOP/Collection page/scroll element' successfully

2019-06-25 18:17:34 - [MESSAGE][WARNING] - Timeout '0' is invalid. Using default page load timeout: '30'

2019-06-25 18:17:35 - [MESSAGE][PASSED] - Scroll to object 'Object Repository/OCS-DESKTOP/Collection page/scroll element' successfully

2019-06-25 18:17:35 - [TEST_STEP][PASSED] - click(findTestObject("OCS-DESKTOP/Collection page/sort option")): Object: 'Object Repository/OCS-DESKTOP/Collection page/sort option' is clicked on

2019-06-25 18:17:35 - [MESSAGE][PASSED] - Object: 'Object Repository/OCS-DESKTOP/Collection page/sort option' is clicked on

2019-06-25 18:17:35 - [MESSAGE][PASSED] - Call Test Case 'Test Cases/OCS - DESKTOP/OCS-COLLECTION PAGE/calling test case' successfully

2019-06-25 18:17:35 - [TEST_STEP][NOT_RUN] - scrollToElement(findTestObject("OCS-MOBILE /Collection page/scroll element"), 0): NOT_RUN: scrollToElement(findTestObject("OCS-MOBILE /Collection page/scroll element"), 0)

2019-06-25 18:17:35 - [MESSAGE][NOT_RUN] - NOT_RUN: scrollToElement(findTestObject("OCS-MOBILE /Collection page/scroll element"), 0)

2019-06-25 18:17:35 - [TEST_STEP][PASSED] - delay(1): Delayed 1 second(s)

2019-06-25 18:17:36 - [MESSAGE][PASSED] - Delayed 1 second(s)

2019-06-25 18:17:36 - [TEST_STEP][NOT_RUN] - click(findTestObject("OCS-DESKTOP/Collection page/sort option")): NOT_RUN: click(findTestObject("OCS-DESKTOP/Collection page/sort option"))

2019-06-25 18:17:36 - [MESSAGE][NOT_RUN] - NOT_RUN: click(findTestObject("OCS-DESKTOP/Collection page/sort option"))

2019-06-25 18:17:36 - [TEST_STEP][PASSED] - executeJavaScript("var previewBar = document.getElementById("preview-bar-iframe"); previewBar.style.display = "none";", []): Execute JavaScript 'var previewBar = document.getElementById("preview-bar-iframe"); previewBar.style.display = "none";' successfully

2019-06-25 18:17:36 - [MESSAGE][PASSED] - Execute JavaScript 'var previewBar = document.getElementById("preview-bar-iframe"); previewBar.style.display = "none";' successfully

2019-06-25 18:17:36 - [TEST_STEP][PASSED] - delay(1): Delayed 1 second(s)

2019-06-25 18:17:37 - [MESSAGE][PASSED] - Delayed 1 second(s)

2019-06-25 18:17:37 - [TEST_STEP][PASSED] - click(findTestObject("OCS-DESKTOP/Collection page/Price High to Low")): Object: 'Object Repository/OCS-DESKTOP/Collection page/Price High to Low' is clicked on

2019-06-25 18:17:37 - [MESSAGE][PASSED] - Object: 'Object Repository/OCS-DESKTOP/Collection page/Price High to Low' is clicked on

2019-06-25 18:17:37 - [TEST_STEP][PASSED] - delay(1): Delayed 1 second(s)

2019-06-25 18:17:38 - [MESSAGE][PASSED] - Delayed 1 second(s)

2019-06-25 18:17:38 - [TEST_STEP][PASSED] - refresh(): Refresh successfully

2019-06-25 18:17:38 - [MESSAGE][PASSED] - Refresh successfully

2019-06-25 18:17:38 - [TEST_STEP][PASSED] - callTestCase(findTestCase("OCS - DESKTOP/OCS-COLLECTION PAGE/calling test case"), [:], STOP_ON_FAILURE): Call Test Case 'Test Cases/OCS - DESKTOP/OCS-COLLECTION PAGE/calling test case' successfully

2019-06-25 18:17:38 - [TEST_CASE][PASSED] - Test Cases/OCS - DESKTOP/OCS-COLLECTION PAGE/calling test case: Test Cases/OCS - DESKTOP/OCS-COLLECTION PAGE/calling test case

2019-06-25 18:17:38 - [TEST_STEP][NOT_RUN] - delay(2): NOT_RUN: delay(2)

2019-06-25 18:17:38 - [MESSAGE][NOT_RUN] - NOT_RUN: delay(2)

2019-06-25 18:17:38 - [TEST_STEP][NOT_RUN] - click(findTestObject("OCS-MOBILE /Age gate and burger menu/Burger menu - English")): NOT_RUN: click(findTestObject("OCS-MOBILE /Age gate and burger menu/Burger menu - English"))

2019-06-25 18:17:38 - [MESSAGE][NOT_RUN] - NOT_RUN: click(findTestObject("OCS-MOBILE /Age gate and burger menu/Burger menu - English"))

2019-06-25 18:17:38 - [TEST_STEP][NOT_RUN] - delay(2): NOT_RUN: delay(2)

2019-06-25 18:17:38 - [MESSAGE][NOT_RUN] - NOT_RUN: delay(2)

2019-06-25 18:17:38 - [TEST_STEP][NOT_RUN] - click(findTestObject("OCS-MOBILE /Cannabis page/Cannabis chevron")): NOT_RUN: click(findTestObject("OCS-MOBILE /Cannabis page/Cannabis chevron"))

2019-06-25 18:17:38 - [MESSAGE][NOT_RUN] - NOT_RUN: click(findTestObject("OCS-MOBILE /Cannabis page/Cannabis chevron"))

2019-06-25 18:17:38 - [TEST_STEP][NOT_RUN] - delay(2): NOT_RUN: delay(2)

2019-06-25 18:17:38 - [MESSAGE][NOT_RUN] - NOT_RUN: delay(2)

2019-06-25 18:17:38 - [TEST_STEP][NOT_RUN] - click(findTestObject("OCS-MOBILE /Cannabis page/Dried flower - plus accordian")): NOT_RUN: click(findTestObject("OCS-MOBILE /Cannabis page/Dried flower - plus accordian"))

2019-06-25 18:17:38 - [MESSAGE][NOT_RUN] - NOT_RUN: click(findTestObject("OCS-MOBILE /Cannabis page/Dried flower - plus accordian"))

2019-06-25 18:17:38 - [TEST_STEP][NOT_RUN] - delay(2): NOT_RUN: delay(2)

2019-06-25 18:17:38 - [MESSAGE][NOT_RUN] - NOT_RUN: delay(2)

2019-06-25 18:17:38 - [TEST_STEP][NOT_RUN] - click(findTestObject("OCS-MOBILE /Cannabis page/Dried flower - Indica dominant")): NOT_RUN: click(findTestObject("OCS-MOBILE /Cannabis page/Dried flower - Indica dominant"))

2019-06-25 18:17:38 - [MESSAGE][NOT_RUN] - NOT_RUN: click(findTestObject("OCS-MOBILE /Cannabis page/Dried flower - Indica dominant"))

2019-06-25 18:17:38 - [TEST_STEP][NOT_RUN] - delay(2): NOT_RUN: delay(2)

2019-06-25 18:17:38 - [MESSAGE][NOT_RUN] - NOT_RUN: delay(2)

2019-06-25 18:17:38 - [TEST_STEP][PASSED] - scrollToElement(findTestObject("OCS-DESKTOP/Collection page/scroll element"), 0): Scroll to object 'Object Repository/OCS-DESKTOP/Collection page/scroll element' successfully

2019-06-25 18:17:38 - [MESSAGE][WARNING] - Timeout '0' is invalid. Using default page load timeout: '30'

2019-06-25 18:17:40 - [MESSAGE][PASSED] - Scroll to object 'Object Repository/OCS-DESKTOP/Collection page/scroll element' successfully

2019-06-25 18:17:40 - [TEST_STEP][PASSED] - click(findTestObject("OCS-DESKTOP/Collection page/sort option")): Object: 'Object Repository/OCS-DESKTOP/Collection page/sort option' is clicked on

2019-06-25 18:17:40 - [MESSAGE][PASSED] - Object: 'Object Repository/OCS-DESKTOP/Collection page/sort option' is clicked on

2019-06-25 18:17:40 - [MESSAGE][PASSED] - Call Test Case 'Test Cases/OCS - DESKTOP/OCS-COLLECTION PAGE/calling test case' successfully

2019-06-25 18:17:40 - [TEST_STEP][NOT_RUN] - click(findTestObject("OCS-DESKTOP/Collection page/sort option")): NOT_RUN: click(findTestObject("OCS-DESKTOP/Collection page/sort option"))

2019-06-25 18:17:40 - [MESSAGE][NOT_RUN] - NOT_RUN: click(findTestObject("OCS-DESKTOP/Collection page/sort option"))

2019-06-25 18:17:40 - [TEST_STEP][PASSED] - delay(1): Delayed 1 second(s)

2019-06-25 18:17:41 - [MESSAGE][PASSED] - Delayed 1 second(s)

2019-06-25 18:17:41 - [TEST_STEP][PASSED] - click(findTestObject("OCS-DESKTOP/Collection page/Alphabetically A - Z")): Object: 'Object Repository/OCS-DESKTOP/Collection page/Alphabetically A - Z' is clicked on

2019-06-25 18:17:41 - [MESSAGE][PASSED] - Object: 'Object Repository/OCS-DESKTOP/Collection page/Alphabetically A - Z' is clicked on

2019-06-25 18:17:41 - [TEST_STEP][PASSED] - delay(1): Delayed 1 second(s)

2019-06-25 18:17:42 - [MESSAGE][PASSED] - Delayed 1 second(s)

2019-06-25 18:17:42 - [TEST_STEP][PASSED] - refresh(): Refresh successfully

2019-06-25 18:17:44 - [MESSAGE][PASSED] - Refresh successfully

2019-06-25 18:17:44 - [TEST_STEP][PASSED] - callTestCase(findTestCase("OCS - DESKTOP/OCS-COLLECTION PAGE/calling test case"), [:], STOP_ON_FAILURE): Call Test Case 'Test Cases/OCS - DESKTOP/OCS-COLLECTION PAGE/calling test case' successfully

2019-06-25 18:17:45 - [TEST_CASE][PASSED] - Test Cases/OCS - DESKTOP/OCS-COLLECTION PAGE/calling test case: Test Cases/OCS - DESKTOP/OCS-COLLECTION PAGE/calling test case

2019-06-25 18:17:45 - [TEST_STEP][NOT_RUN] - delay(2): NOT_RUN: delay(2)

2019-06-25 18:17:45 - [MESSAGE][NOT_RUN] - NOT_RUN: delay(2)

2019-06-25 18:17:45 - [TEST_STEP][NOT_RUN] - click(findTestObject("OCS-MOBILE /Age gate and burger menu/Burger menu - English")): NOT_RUN: click(findTestObject("OCS-MOBILE /Age gate and burger menu/Burger menu - English"))

2019-06-25 18:17:45 - [MESSAGE][NOT_RUN] - NOT_RUN: click(findTestObject("OCS-MOBILE /Age gate and burger menu/Burger menu - English"))

2019-06-25 18:17:45 - [TEST_STEP][NOT_RUN] - delay(2): NOT_RUN: delay(2)

2019-06-25 18:17:45 - [MESSAGE][NOT_RUN] - NOT_RUN: delay(2)

2019-06-25 18:17:45 - [TEST_STEP][NOT_RUN] - click(findTestObject("OCS-MOBILE /Cannabis page/Cannabis chevron")): NOT_RUN: click(findTestObject("OCS-MOBILE /Cannabis page/Cannabis chevron"))

2019-06-25 18:17:45 - [MESSAGE][NOT_RUN] - NOT_RUN: click(findTestObject("OCS-MOBILE /Cannabis page/Cannabis chevron"))

2019-06-25 18:17:45 - [TEST_STEP][NOT_RUN] - delay(2): NOT_RUN: delay(2)

2019-06-25 18:17:45 - [MESSAGE][NOT_RUN] - NOT_RUN: delay(2)

2019-06-25 18:17:45 - [TEST_STEP][NOT_RUN] - click(findTestObject("OCS-MOBILE /Cannabis page/Dried flower - plus accordian")): NOT_RUN: click(findTestObject("OCS-MOBILE /Cannabis page/Dried flower - plus accordian"))

2019-06-25 18:17:45 - [MESSAGE][NOT_RUN] - NOT_RUN: click(findTestObject("OCS-MOBILE /Cannabis page/Dried flower - plus accordian"))

2019-06-25 18:17:45 - [TEST_STEP][NOT_RUN] - delay(2): NOT_RUN: delay(2)

2019-06-25 18:17:45 - [MESSAGE][NOT_RUN] - NOT_RUN: delay(2)

2019-06-25 18:17:45 - [TEST_STEP][NOT_RUN] - click(findTestObject("OCS-MOBILE /Cannabis page/Dried flower - Indica dominant")): NOT_RUN: click(findTestObject("OCS-MOBILE /Cannabis page/Dried flower - Indica dominant"))

2019-06-25 18:17:45 - [MESSAGE][NOT_RUN] - NOT_RUN: click(findTestObject("OCS-MOBILE /Cannabis page/Dried flower - Indica dominant"))

2019-06-25 18:17:45 - [TEST_STEP][NOT_RUN] - delay(2): NOT_RUN: delay(2)

2019-06-25 18:17:45 - [MESSAGE][NOT_RUN] - NOT_RUN: delay(2)

2019-06-25 18:17:45 - [TEST_STEP][PASSED] - scrollToElement(findTestObject("OCS-DESKTOP/Collection page/scroll element"), 0): Scroll to object 'Object Repository/OCS-DESKTOP/Collection page/scroll element' successfully

2019-06-25 18:17:45 - [MESSAGE][WARNING] - Timeout '0' is invalid. Using default page load timeout: '30'

2019-06-25 18:17:45 - [MESSAGE][PASSED] - Scroll to object 'Object Repository/OCS-DESKTOP/Collection page/scroll element' successfully

2019-06-25 18:17:45 - [TEST_STEP][PASSED] - click(findTestObject("OCS-DESKTOP/Collection page/sort option")): Object: 'Object Repository/OCS-DESKTOP/Collection page/sort option' is clicked on

2019-06-25 18:17:45 - [MESSAGE][PASSED] - Object: 'Object Repository/OCS-DESKTOP/Collection page/sort option' is clicked on

2019-06-25 18:17:45 - [MESSAGE][PASSED] - Call Test Case 'Test Cases/OCS - DESKTOP/OCS-COLLECTION PAGE/calling test case' successfully

2019-06-25 18:17:45 - [TEST_STEP][NOT_RUN] - click(findTestObject("OCS-DESKTOP/Collection page/sort option")): NOT_RUN: click(findTestObject("OCS-DESKTOP/Collection page/sort option"))

2019-06-25 18:17:45 - [MESSAGE][NOT_RUN] - NOT_RUN: click(findTestObject("OCS-DESKTOP/Collection page/sort option"))

2019-06-25 18:17:45 - [TEST_STEP][PASSED] - delay(1): Delayed 1 second(s)

2019-06-25 18:17:46 - [MESSAGE][PASSED] - Delayed 1 second(s)

2019-06-25 18:17:46 - [TEST_STEP][PASSED] - executeJavaScript("var previewBar = document.getElementById("preview-bar-iframe"); previewBar.style.display = "none";", []): Execute JavaScript 'var previewBar = document.getElementById("preview-bar-iframe"); previewBar.style.display = "none";' successfully

2019-06-25 18:17:46 - [MESSAGE][PASSED] - Execute JavaScript 'var previewBar = document.getElementById("preview-bar-iframe"); previewBar.style.display = "none";' successfully

2019-06-25 18:17:46 - [TEST_STEP][PASSED] - click(findTestObject("OCS-DESKTOP/Collection page/Alphabetically Z - A")): Object: 'Object Repository/OCS-DESKTOP/Collection page/Alphabetically Z - A' is clicked on

2019-06-25 18:17:46 - [MESSAGE][PASSED] - Object: 'Object Repository/OCS-DESKTOP/Collection page/Alphabetically Z - A' is clicked on

2019-06-25 18:17:46 - [TEST_STEP][PASSED] - delay(1): Delayed 1 second(s)

2019-06-25 18:17:47 - [MESSAGE][PASSED] - Delayed 1 second(s)

2019-06-25 18:17:47 - [TEST_STEP][PASSED] - refresh(): Refresh successfully

2019-06-25 18:17:47 - [MESSAGE][PASSED] - Refresh successfully

2019-06-25 18:17:47 - [TEST_STEP][PASSED] - callTestCase(findTestCase("OCS - DESKTOP/OCS-COLLECTION PAGE/calling test case"), [:], STOP_ON_FAILURE): Call Test Case 'Test Cases/OCS - DESKTOP/OCS-COLLECTION PAGE/calling test case' successfully

2019-06-25 18:17:47 - [TEST_CASE][PASSED] - Test Cases/OCS - DESKTOP/OCS-COLLECTION PAGE/calling test case: Test Cases/OCS - DESKTOP/OCS-COLLECTION PAGE/calling test case

2019-06-25 18:17:47 - [TEST_STEP][NOT_RUN] - delay(2): NOT_RUN: delay(2)

2019-06-25 18:17:47 - [MESSAGE][NOT_RUN] - NOT_RUN: delay(2)

2019-06-25 18:17:47 - [TEST_STEP][NOT_RUN] - click(findTestObject("OCS-MOBILE /Age gate and burger menu/Burger menu - English")): NOT_RUN: click(findTestObject("OCS-MOBILE /Age gate and burger menu/Burger menu - English"))

2019-06-25 18:17:47 - [MESSAGE][NOT_RUN] - NOT_RUN: click(findTestObject("OCS-MOBILE /Age gate and burger menu/Burger menu - English"))

2019-06-25 18:17:47 - [TEST_STEP][NOT_RUN] - delay(2): NOT_RUN: delay(2)

2019-06-25 18:17:47 - [MESSAGE][NOT_RUN] - NOT_RUN: delay(2)

2019-06-25 18:17:47 - [TEST_STEP][NOT_RUN] - click(findTestObject("OCS-MOBILE /Cannabis page/Cannabis chevron")): NOT_RUN: click(findTestObject("OCS-MOBILE /Cannabis page/Cannabis chevron"))

2019-06-25 18:17:47 - [MESSAGE][NOT_RUN] - NOT_RUN: click(findTestObject("OCS-MOBILE /Cannabis page/Cannabis chevron"))

2019-06-25 18:17:47 - [TEST_STEP][NOT_RUN] - delay(2): NOT_RUN: delay(2)

2019-06-25 18:17:47 - [MESSAGE][NOT_RUN] - NOT_RUN: delay(2)

2019-06-25 18:17:47 - [TEST_STEP][NOT_RUN] - click(findTestObject("OCS-MOBILE /Cannabis page/Dried flower - plus accordian")): NOT_RUN: click(findTestObject("OCS-MOBILE /Cannabis page/Dried flower - plus accordian"))

2019-06-25 18:17:47 - [MESSAGE][NOT_RUN] - NOT_RUN: click(findTestObject("OCS-MOBILE /Cannabis page/Dried flower - plus accordian"))

2019-06-25 18:17:47 - [TEST_STEP][NOT_RUN] - delay(2): NOT_RUN: delay(2)

2019-06-25 18:17:47 - [MESSAGE][NOT_RUN] - NOT_RUN: delay(2)

2019-06-25 18:17:47 - [TEST_STEP][NOT_RUN] - click(findTestObject("OCS-MOBILE /Cannabis page/Dried flower - Indica dominant")): NOT_RUN: click(findTestObject("OCS-MOBILE /Cannabis page/Dried flower - Indica dominant"))

2019-06-25 18:17:47 - [MESSAGE][NOT_RUN] - NOT_RUN: click(findTestObject("OCS-MOBILE /Cannabis page/Dried flower - Indica dominant"))

2019-06-25 18:17:47 - [TEST_STEP][NOT_RUN] - delay(2): NOT_RUN: delay(2)

2019-06-25 18:17:47 - [MESSAGE][NOT_RUN] - NOT_RUN: delay(2)

2019-06-25 18:17:47 - [TEST_STEP][PASSED] - scrollToElement(findTestObject("OCS-DESKTOP/Collection page/scroll element"), 0): Scroll to object 'Object Repository/OCS-DESKTOP/Collection page/scroll element' successfully

2019-06-25 18:17:47 - [MESSAGE][WARNING] - Timeout '0' is invalid. Using default page load timeout: '30'

2019-06-25 18:17:49 - [MESSAGE][PASSED] - Scroll to object 'Object Repository/OCS-DESKTOP/Collection page/scroll element' successfully

2019-06-25 18:17:49 - [TEST_STEP][PASSED] - click(findTestObject("OCS-DESKTOP/Collection page/sort option")): Object: 'Object Repository/OCS-DESKTOP/Collection page/sort option' is clicked on

2019-06-25 18:17:49 - [MESSAGE][PASSED] - Object: 'Object Repository/OCS-DESKTOP/Collection page/sort option' is clicked on

2019-06-25 18:17:49 - [MESSAGE][PASSED] - Call Test Case 'Test Cases/OCS - DESKTOP/OCS-COLLECTION PAGE/calling test case' successfully

2019-06-25 18:17:49 - [TEST_STEP][NOT_RUN] - click(findTestObject("OCS-DESKTOP/Collection page/sort option")): NOT_RUN: click(findTestObject("OCS-DESKTOP/Collection page/sort option"))

2019-06-25 18:17:49 - [MESSAGE][NOT_RUN] - NOT_RUN: click(findTestObject("OCS-DESKTOP/Collection page/sort option"))

2019-06-25 18:17:49 - [TEST_STEP][PASSED] - delay(1): Delayed 1 second(s)

2019-06-25 18:17:50 - [MESSAGE][PASSED] - Delayed 1 second(s)

2019-06-25 18:17:50 - [TEST_STEP][PASSED] - executeJavaScript("var previewBar = document.getElementById("preview-bar-iframe"); previewBar.style.display = "none";", []): Execute JavaScript 'var previewBar = document.getElementById("preview-bar-iframe"); previewBar.style.display = "none";' successfully

2019-06-25 18:17:50 - [MESSAGE][PASSED] - Execute JavaScript 'var previewBar = document.getElementById("preview-bar-iframe"); previewBar.style.display = "none";' successfully

2019-06-25 18:17:50 - [TEST_STEP][PASSED] - click(findTestObject("OCS-DESKTOP/Collection page/CBD Low to High")): Object: 'Object Repository/OCS-DESKTOP/Collection page/CBD Low to High' is clicked on

2019-06-25 18:17:50 - [MESSAGE][PASSED] - Object: 'Object Repository/OCS-DESKTOP/Collection page/CBD Low to High' is clicked on

2019-06-25 18:17:50 - [TEST_STEP][PASSED] - delay(1): Delayed 1 second(s)

2019-06-25 18:17:51 - [MESSAGE][PASSED] - Delayed 1 second(s)

2019-06-25 18:17:51 - [TEST_STEP][PASSED] - refresh(): Refresh successfully

2019-06-25 18:17:53 - [MESSAGE][PASSED] - Refresh successfully

2019-06-25 18:17:53 - [TEST_STEP][PASSED] - callTestCase(findTestCase("OCS - DESKTOP/OCS-COLLECTION PAGE/calling test case"), [:], STOP_ON_FAILURE): Call Test Case 'Test Cases/OCS - DESKTOP/OCS-COLLECTION PAGE/calling test case' successfully

2019-06-25 18:17:53 - [TEST_CASE][PASSED] - Test Cases/OCS - DESKTOP/OCS-COLLECTION PAGE/calling test case: Test Cases/OCS - DESKTOP/OCS-COLLECTION PAGE/calling test case

2019-06-25 18:17:53 - [TEST_STEP][NOT_RUN] - delay(2): NOT_RUN: delay(2)

2019-06-25 18:17:53 - [MESSAGE][NOT_RUN] - NOT_RUN: delay(2)

2019-06-25 18:17:53 - [TEST_STEP][NOT_RUN] - click(findTestObject("OCS-MOBILE /Age gate and burger menu/Burger menu - English")): NOT_RUN: click(findTestObject("OCS-MOBILE /Age gate and burger menu/Burger menu - English"))

2019-06-25 18:17:53 - [MESSAGE][NOT_RUN] - NOT_RUN: click(findTestObject("OCS-MOBILE /Age gate and burger menu/Burger menu - English"))

2019-06-25 18:17:53 - [TEST_STEP][NOT_RUN] - delay(2): NOT_RUN: delay(2)

2019-06-25 18:17:53 - [MESSAGE][NOT_RUN] - NOT_RUN: delay(2)

2019-06-25 18:17:53 - [TEST_STEP][NOT_RUN] - click(findTestObject("OCS-MOBILE /Cannabis page/Cannabis chevron")): NOT_RUN: click(findTestObject("OCS-MOBILE /Cannabis page/Cannabis chevron"))

2019-06-25 18:17:53 - [MESSAGE][NOT_RUN] - NOT_RUN: click(findTestObject("OCS-MOBILE /Cannabis page/Cannabis chevron"))

2019-06-25 18:17:53 - [TEST_STEP][NOT_RUN] - delay(2): NOT_RUN: delay(2)

2019-06-25 18:17:53 - [MESSAGE][NOT_RUN] - NOT_RUN: delay(2)

2019-06-25 18:17:53 - [TEST_STEP][NOT_RUN] - click(findTestObject("OCS-MOBILE /Cannabis page/Dried flower - plus accordian")): NOT_RUN: click(findTestObject("OCS-MOBILE /Cannabis page/Dried flower - plus accordian"))

2019-06-25 18:17:53 - [MESSAGE][NOT_RUN] - NOT_RUN: click(findTestObject("OCS-MOBILE /Cannabis page/Dried flower - plus accordian"))

2019-06-25 18:17:53 - [TEST_STEP][NOT_RUN] - delay(2): NOT_RUN: delay(2)

2019-06-25 18:17:53 - [MESSAGE][NOT_RUN] - NOT_RUN: delay(2)

2019-06-25 18:17:53 - [TEST_STEP][NOT_RUN] - click(findTestObject("OCS-MOBILE /Cannabis page/Dried flower - Indica dominant")): NOT_RUN: click(findTestObject("OCS-MOBILE /Cannabis page/Dried flower - Indica dominant"))

2019-06-25 18:17:53 - [MESSAGE][NOT_RUN] - NOT_RUN: click(findTestObject("OCS-MOBILE /Cannabis page/Dried flower - Indica dominant"))

2019-06-25 18:17:53 - [TEST_STEP][NOT_RUN] - delay(2): NOT_RUN: delay(2)

2019-06-25 18:17:53 - [MESSAGE][NOT_RUN] - NOT_RUN: delay(2)

2019-06-25 18:17:53 - [TEST_STEP][PASSED] - scrollToElement(findTestObject("OCS-DESKTOP/Collection page/scroll element"), 0): Scroll to object 'Object Repository/OCS-DESKTOP/Collection page/scroll element' successfully

2019-06-25 18:17:53 - [MESSAGE][WARNING] - Timeout '0' is invalid. Using default page load timeout: '30'

2019-06-25 18:17:53 - [MESSAGE][PASSED] - Scroll to object 'Object Repository/OCS-DESKTOP/Collection page/scroll element' successfully

2019-06-25 18:17:53 - [TEST_STEP][PASSED] - click(findTestObject("OCS-DESKTOP/Collection page/sort option")): Object: 'Object Repository/OCS-DESKTOP/Collection page/sort option' is clicked on

2019-06-25 18:17:53 - [MESSAGE][PASSED] - Object: 'Object Repository/OCS-DESKTOP/Collection page/sort option' is clicked on

2019-06-25 18:17:53 - [MESSAGE][PASSED] - Call Test Case 'Test Cases/OCS - DESKTOP/OCS-COLLECTION PAGE/calling test case' successfully

2019-06-25 18:17:53 - [TEST_STEP][NOT_RUN] - click(findTestObject("OCS-DESKTOP/Collection page/sort option")): NOT_RUN: click(findTestObject("OCS-DESKTOP/Collection page/sort option"))

2019-06-25 18:17:53 - [MESSAGE][NOT_RUN] - NOT_RUN: click(findTestObject("OCS-DESKTOP/Collection page/sort option"))

2019-06-25 18:17:53 - [TEST_STEP][PASSED] - delay(1): Delayed 1 second(s)

2019-06-25 18:17:54 - [MESSAGE][PASSED] - Delayed 1 second(s)

2019-06-25 18:17:54 - [TEST_STEP][PASSED] - delay(1, OPTIONAL): Delayed 1 second(s)

2019-06-25 18:17:55 - [MESSAGE][PASSED] - Delayed 1 second(s)

2019-06-25 18:17:55 - [TEST_STEP][PASSED] - executeJavaScript("var previewBar = document.getElementById("preview-bar-iframe"); previewBar.style.display = "none";", []): Execute JavaScript 'var previewBar = document.getElementById("preview-bar-iframe"); previewBar.style.display = "none";' successfully

2019-06-25 18:17:55 - [MESSAGE][PASSED] - Execute JavaScript 'var previewBar = document.getElementById("preview-bar-iframe"); previewBar.style.display = "none";' successfully

2019-06-25 18:17:55 - [TEST_STEP][PASSED] - click(findTestObject("OCS-DESKTOP/Collection page/CBD High to Low")): Object: 'Object Repository/OCS-DESKTOP/Collection page/CBD High to Low' is clicked on

2019-06-25 18:17:55 - [MESSAGE][PASSED] - Object: 'Object Repository/OCS-DESKTOP/Collection page/CBD High to Low' is clicked on

2019-06-25 18:17:55 - [TEST_STEP][PASSED] - delay(1): Delayed 1 second(s)

2019-06-25 18:17:56 - [MESSAGE][PASSED] - Delayed 1 second(s)

2019-06-25 18:17:56 - [TEST_STEP][PASSED] - refresh(): Refresh successfully

2019-06-25 18:17:56 - [MESSAGE][PASSED] - Refresh successfully]]></system-out>
         <system-err><![CDATA[]]></system-err>
      </testcase>
      <testcase name="Test Cases/OCS - DESKTOP/OCS-COLLECTION PAGE/Chevron dropdown" classname="Test Cases/OCS - DESKTOP/OCS-COLLECTION PAGE/Chevron dropdown" status="PASSED">
         <system-out><![CDATA[2019-06-25 18:17:56 - [TEST_CASE][PASSED] - Test Cases/OCS - DESKTOP/OCS-COLLECTION PAGE/Chevron dropdown: Test Cases/OCS - DESKTOP/OCS-COLLECTION PAGE/Chevron dropdown

2019-06-25 18:17:56 - [TEST_STEP][PASSED] - callTestCase(findTestCase("OCS - DESKTOP/CALL- Age gate"), [:], STOP_ON_FAILURE): Call Test Case 'Test Cases/OCS - DESKTOP/CALL- Age gate' successfully

2019-06-25 18:17:56 - [TEST_CASE][PASSED] - Test Cases/OCS - DESKTOP/CALL- Age gate: Test Cases/OCS - DESKTOP/CALL- Age gate

2019-06-25 18:17:56 - [TEST_STEP][PASSED] - openBrowser(""): Browser is opened with url: ''

2019-06-25 18:17:56 - [MESSAGE][WARNING] - A browser is already opened. Closing browser and opening a new one

2019-06-25 18:17:56 - [MESSAGE][INFO] - Starting 'Chrome' driver

2019-06-25 18:17:57 - [MESSAGE][PASSED] - Browser is opened with url: ''

2019-06-25 18:17:57 - [TEST_STEP][PASSED] - navigateToUrl("https://ocs.ca/?fts=0&preview_theme_id=72920106828"): Navigate to 'https://ocs.ca/?fts=0&preview_theme_id=72920106828' successfully

2019-06-25 18:18:02 - [MESSAGE][PASSED] - Navigate to 'https://ocs.ca/?fts=0&preview_theme_id=72920106828' successfully

2019-06-25 18:18:02 - [TEST_STEP][PASSED] - maximizeWindow(): Current window maximized

2019-06-25 18:18:02 - [MESSAGE][PASSED] - Current window maximized

2019-06-25 18:18:02 - [TEST_STEP][PASSED] - delay(2): Delayed 2 second(s)

2019-06-25 18:18:04 - [MESSAGE][PASSED] - Delayed 2 second(s)

2019-06-25 18:18:04 - [TEST_STEP][PASSED] - executeJavaScript("var previewBar = document.getElementById("preview-bar-iframe"); previewBar.style.display = "none";", []): Execute JavaScript 'var previewBar = document.getElementById("preview-bar-iframe"); previewBar.style.display = "none";' successfully

2019-06-25 18:18:04 - [MESSAGE][PASSED] - Execute JavaScript 'var previewBar = document.getElementById("preview-bar-iframe"); previewBar.style.display = "none";' successfully

2019-06-25 18:18:04 - [TEST_STEP][PASSED] - selectOptionByValue(findTestObject("OCS-DESKTOP/Age gate and Mega menu/Date"), "12", true): All options with value '12' are selected in object 'Object Repository/OCS-DESKTOP/Age gate and Mega menu/Date'  using regular expression

2019-06-25 18:18:04 - [MESSAGE][PASSED] - All options with value '12' are selected in object 'Object Repository/OCS-DESKTOP/Age gate and Mega menu/Date'  using regular expression

2019-06-25 18:18:04 - [TEST_STEP][PASSED] - selectOptionByValue(findTestObject("OCS-DESKTOP/Age gate and Mega menu/month"), "6", true): All options with value '6' are selected in object 'Object Repository/OCS-DESKTOP/Age gate and Mega menu/month'  using regular expression

2019-06-25 18:18:05 - [MESSAGE][PASSED] - All options with value '6' are selected in object 'Object Repository/OCS-DESKTOP/Age gate and Mega menu/month'  using regular expression

2019-06-25 18:18:05 - [TEST_STEP][PASSED] - delay(2): Delayed 2 second(s)

2019-06-25 18:18:07 - [MESSAGE][PASSED] - Delayed 2 second(s)

2019-06-25 18:18:07 - [TEST_STEP][PASSED] - selectOptionByValue(findTestObject("OCS-DESKTOP/Age gate and Mega menu/Year Dropdown"), "1990", true): All options with value '1990' are selected in object 'Object Repository/OCS-DESKTOP/Age gate and Mega menu/Year Dropdown'  using regular expression

2019-06-25 18:18:08 - [MESSAGE][PASSED] - All options with value '1990' are selected in object 'Object Repository/OCS-DESKTOP/Age gate and Mega menu/Year Dropdown'  using regular expression

2019-06-25 18:18:08 - [TEST_STEP][PASSED] - click(findTestObject("OCS-DESKTOP/Age gate and Mega menu/button_Verify")): Object: 'Object Repository/OCS-DESKTOP/Age gate and Mega menu/button_Verify' is clicked on

2019-06-25 18:18:08 - [MESSAGE][PASSED] - Object: 'Object Repository/OCS-DESKTOP/Age gate and Mega menu/button_Verify' is clicked on

2019-06-25 18:18:08 - [TEST_STEP][PASSED] - click(findTestObject("OCS-DESKTOP/Age gate and Mega menu/Checkbox_CONFIRM AND ACKNOWLEDGE")): Object: 'Object Repository/OCS-DESKTOP/Age gate and Mega menu/Checkbox_CONFIRM AND ACKNOWLEDGE' is clicked on

2019-06-25 18:18:08 - [MESSAGE][PASSED] - Object: 'Object Repository/OCS-DESKTOP/Age gate and Mega menu/Checkbox_CONFIRM AND ACKNOWLEDGE' is clicked on

2019-06-25 18:18:08 - [TEST_STEP][PASSED] - click(findTestObject("OCS-DESKTOP/Age gate and Mega menu/button_CONFIRM")): Object: 'Object Repository/OCS-DESKTOP/Age gate and Mega menu/button_CONFIRM' is clicked on

2019-06-25 18:18:08 - [MESSAGE][PASSED] - Object: 'Object Repository/OCS-DESKTOP/Age gate and Mega menu/button_CONFIRM' is clicked on

2019-06-25 18:18:08 - [TEST_STEP][PASSED] - click(findTestObject("OCS-DESKTOP/Age gate and Mega menu/button_Start Browsing")): Object: 'Object Repository/OCS-DESKTOP/Age gate and Mega menu/button_Start Browsing' is clicked on

2019-06-25 18:18:08 - [MESSAGE][PASSED] - Object: 'Object Repository/OCS-DESKTOP/Age gate and Mega menu/button_Start Browsing' is clicked on

2019-06-25 18:18:08 - [TEST_STEP][PASSED] - delay(2): Delayed 2 second(s)

2019-06-25 18:18:10 - [MESSAGE][PASSED] - Delayed 2 second(s)

2019-06-25 18:18:10 - [TEST_STEP][PASSED] - refresh(): Refresh successfully

2019-06-25 18:18:10 - [MESSAGE][PASSED] - Refresh successfully

2019-06-25 18:18:10 - [MESSAGE][PASSED] - Call Test Case 'Test Cases/OCS - DESKTOP/CALL- Age gate' successfully

2019-06-25 18:18:10 - [TEST_STEP][PASSED] - delay(2): Delayed 2 second(s)

2019-06-25 18:18:12 - [MESSAGE][PASSED] - Delayed 2 second(s)

2019-06-25 18:18:12 - [TEST_STEP][PASSED] - click(findTestObject("OCS-DESKTOP/Age gate and Mega menu/Chevron_Cannabis")): Object: 'Object Repository/OCS-DESKTOP/Age gate and Mega menu/Chevron_Cannabis' is clicked on

2019-06-25 18:18:13 - [MESSAGE][PASSED] - Object: 'Object Repository/OCS-DESKTOP/Age gate and Mega menu/Chevron_Cannabis' is clicked on

2019-06-25 18:18:13 - [TEST_STEP][PASSED] - delay(2): Delayed 2 second(s)

2019-06-25 18:18:15 - [MESSAGE][PASSED] - Delayed 2 second(s)

2019-06-25 18:18:15 - [TEST_STEP][NOT_RUN] - click(findTestObject("OCS-MOBILE /Cannabis page/Cannabis chevron")): NOT_RUN: click(findTestObject("OCS-MOBILE /Cannabis page/Cannabis chevron"))

2019-06-25 18:18:15 - [MESSAGE][NOT_RUN] - NOT_RUN: click(findTestObject("OCS-MOBILE /Cannabis page/Cannabis chevron"))

2019-06-25 18:18:15 - [TEST_STEP][PASSED] - delay(2): Delayed 2 second(s)

2019-06-25 18:18:17 - [MESSAGE][PASSED] - Delayed 2 second(s)

2019-06-25 18:18:17 - [TEST_STEP][PASSED] - click(findTestObject("OCS-DESKTOP/Cannabis page/Dried flower")): Object: 'Object Repository/OCS-DESKTOP/Cannabis page/Dried flower' is clicked on

2019-06-25 18:18:19 - [MESSAGE][PASSED] - Object: 'Object Repository/OCS-DESKTOP/Cannabis page/Dried flower' is clicked on

2019-06-25 18:18:19 - [TEST_STEP][PASSED] - delay(2): Delayed 2 second(s)

2019-06-25 18:18:21 - [MESSAGE][PASSED] - Delayed 2 second(s)

2019-06-25 18:18:21 - [TEST_STEP][NOT_RUN] - click(findTestObject("OCS-DESKTOP/Cannabis page/Dried flower - Indica dominant")): NOT_RUN: click(findTestObject("OCS-DESKTOP/Cannabis page/Dried flower - Indica dominant"))

2019-06-25 18:18:21 - [MESSAGE][NOT_RUN] - NOT_RUN: click(findTestObject("OCS-DESKTOP/Cannabis page/Dried flower - Indica dominant"))

2019-06-25 18:18:21 - [TEST_STEP][PASSED] - delay(2): Delayed 2 second(s)

2019-06-25 18:18:23 - [MESSAGE][PASSED] - Delayed 2 second(s)

2019-06-25 18:18:23 - [TEST_STEP][PASSED] - click(findTestObject("OCS-DESKTOP/Collection page/dropdown")): Object: 'Object Repository/OCS-DESKTOP/Collection page/dropdown' is clicked on

2019-06-25 18:18:23 - [MESSAGE][PASSED] - Object: 'Object Repository/OCS-DESKTOP/Collection page/dropdown' is clicked on

2019-06-25 18:18:23 - [TEST_STEP][PASSED] - delay(2): Delayed 2 second(s)

2019-06-25 18:18:25 - [MESSAGE][PASSED] - Delayed 2 second(s)

2019-06-25 18:18:25 - [TEST_STEP][PASSED] - verifyElementPresent(findTestObject("OCS-DESKTOP/Collection page/element inside"), 0): Object 'Object Repository/OCS-DESKTOP/Collection page/element inside' is present

2019-06-25 18:18:25 - [MESSAGE][WARNING] - Timeout '0' is invalid. Using default page load timeout: '30'

2019-06-25 18:18:25 - [MESSAGE][PASSED] - Object 'Object Repository/OCS-DESKTOP/Collection page/element inside' is present

2019-06-25 18:18:25 - [TEST_STEP][PASSED] - delay(2): Delayed 2 second(s)

2019-06-25 18:18:27 - [MESSAGE][PASSED] - Delayed 2 second(s)

2019-06-25 18:18:27 - [TEST_STEP][PASSED] - click(findTestObject("OCS-DESKTOP/Collection page/dropdown")): Object: 'Object Repository/OCS-DESKTOP/Collection page/dropdown' is clicked on

2019-06-25 18:18:27 - [MESSAGE][PASSED] - Object: 'Object Repository/OCS-DESKTOP/Collection page/dropdown' is clicked on]]></system-out>
         <system-err><![CDATA[]]></system-err>
      </testcase>
      <testcase name="Test Cases/OCS - DESKTOP/OCS-COLLECTION PAGE/breadcrumbs" classname="Test Cases/OCS - DESKTOP/OCS-COLLECTION PAGE/breadcrumbs" status="PASSED">
         <system-out><![CDATA[2019-06-25 18:18:27 - [TEST_CASE][PASSED] - Test Cases/OCS - DESKTOP/OCS-COLLECTION PAGE/breadcrumbs: Test Cases/OCS - DESKTOP/OCS-COLLECTION PAGE/breadcrumbs

2019-06-25 18:18:27 - [TEST_STEP][PASSED] - callTestCase(findTestCase("OCS - DESKTOP/CALL- Age gate"), [:], STOP_ON_FAILURE): Call Test Case 'Test Cases/OCS - DESKTOP/CALL- Age gate' successfully

2019-06-25 18:18:28 - [TEST_CASE][PASSED] - Test Cases/OCS - DESKTOP/CALL- Age gate: Test Cases/OCS - DESKTOP/CALL- Age gate

2019-06-25 18:18:28 - [TEST_STEP][PASSED] - openBrowser(""): Browser is opened with url: ''

2019-06-25 18:18:28 - [MESSAGE][WARNING] - A browser is already opened. Closing browser and opening a new one

2019-06-25 18:18:28 - [MESSAGE][INFO] - Starting 'Chrome' driver

2019-06-25 18:18:29 - [MESSAGE][PASSED] - Browser is opened with url: ''

2019-06-25 18:18:29 - [TEST_STEP][PASSED] - navigateToUrl("https://ocs.ca/?fts=0&preview_theme_id=72920106828"): Navigate to 'https://ocs.ca/?fts=0&preview_theme_id=72920106828' successfully

2019-06-25 18:18:35 - [MESSAGE][PASSED] - Navigate to 'https://ocs.ca/?fts=0&preview_theme_id=72920106828' successfully

2019-06-25 18:18:35 - [TEST_STEP][PASSED] - maximizeWindow(): Current window maximized

2019-06-25 18:18:35 - [MESSAGE][PASSED] - Current window maximized

2019-06-25 18:18:35 - [TEST_STEP][PASSED] - delay(2): Delayed 2 second(s)

2019-06-25 18:18:37 - [MESSAGE][PASSED] - Delayed 2 second(s)

2019-06-25 18:18:37 - [TEST_STEP][PASSED] - executeJavaScript("var previewBar = document.getElementById("preview-bar-iframe"); previewBar.style.display = "none";", []): Execute JavaScript 'var previewBar = document.getElementById("preview-bar-iframe"); previewBar.style.display = "none";' successfully

2019-06-25 18:18:37 - [MESSAGE][PASSED] - Execute JavaScript 'var previewBar = document.getElementById("preview-bar-iframe"); previewBar.style.display = "none";' successfully

2019-06-25 18:18:37 - [TEST_STEP][PASSED] - selectOptionByValue(findTestObject("OCS-DESKTOP/Age gate and Mega menu/Date"), "12", true): All options with value '12' are selected in object 'Object Repository/OCS-DESKTOP/Age gate and Mega menu/Date'  using regular expression

2019-06-25 18:18:38 - [MESSAGE][PASSED] - All options with value '12' are selected in object 'Object Repository/OCS-DESKTOP/Age gate and Mega menu/Date'  using regular expression

2019-06-25 18:18:38 - [TEST_STEP][PASSED] - selectOptionByValue(findTestObject("OCS-DESKTOP/Age gate and Mega menu/month"), "6", true): All options with value '6' are selected in object 'Object Repository/OCS-DESKTOP/Age gate and Mega menu/month'  using regular expression

2019-06-25 18:18:38 - [MESSAGE][PASSED] - All options with value '6' are selected in object 'Object Repository/OCS-DESKTOP/Age gate and Mega menu/month'  using regular expression

2019-06-25 18:18:38 - [TEST_STEP][PASSED] - delay(2): Delayed 2 second(s)

2019-06-25 18:18:40 - [MESSAGE][PASSED] - Delayed 2 second(s)

2019-06-25 18:18:40 - [TEST_STEP][PASSED] - selectOptionByValue(findTestObject("OCS-DESKTOP/Age gate and Mega menu/Year Dropdown"), "1990", true): All options with value '1990' are selected in object 'Object Repository/OCS-DESKTOP/Age gate and Mega menu/Year Dropdown'  using regular expression

2019-06-25 18:18:41 - [MESSAGE][PASSED] - All options with value '1990' are selected in object 'Object Repository/OCS-DESKTOP/Age gate and Mega menu/Year Dropdown'  using regular expression

2019-06-25 18:18:41 - [TEST_STEP][PASSED] - click(findTestObject("OCS-DESKTOP/Age gate and Mega menu/button_Verify")): Object: 'Object Repository/OCS-DESKTOP/Age gate and Mega menu/button_Verify' is clicked on

2019-06-25 18:18:41 - [MESSAGE][PASSED] - Object: 'Object Repository/OCS-DESKTOP/Age gate and Mega menu/button_Verify' is clicked on

2019-06-25 18:18:41 - [TEST_STEP][PASSED] - click(findTestObject("OCS-DESKTOP/Age gate and Mega menu/Checkbox_CONFIRM AND ACKNOWLEDGE")): Object: 'Object Repository/OCS-DESKTOP/Age gate and Mega menu/Checkbox_CONFIRM AND ACKNOWLEDGE' is clicked on

2019-06-25 18:18:41 - [MESSAGE][PASSED] - Object: 'Object Repository/OCS-DESKTOP/Age gate and Mega menu/Checkbox_CONFIRM AND ACKNOWLEDGE' is clicked on

2019-06-25 18:18:41 - [TEST_STEP][PASSED] - click(findTestObject("OCS-DESKTOP/Age gate and Mega menu/button_CONFIRM")): Object: 'Object Repository/OCS-DESKTOP/Age gate and Mega menu/button_CONFIRM' is clicked on

2019-06-25 18:18:41 - [MESSAGE][PASSED] - Object: 'Object Repository/OCS-DESKTOP/Age gate and Mega menu/button_CONFIRM' is clicked on

2019-06-25 18:18:41 - [TEST_STEP][PASSED] - click(findTestObject("OCS-DESKTOP/Age gate and Mega menu/button_Start Browsing")): Object: 'Object Repository/OCS-DESKTOP/Age gate and Mega menu/button_Start Browsing' is clicked on

2019-06-25 18:18:41 - [MESSAGE][PASSED] - Object: 'Object Repository/OCS-DESKTOP/Age gate and Mega menu/button_Start Browsing' is clicked on

2019-06-25 18:18:41 - [TEST_STEP][PASSED] - delay(2): Delayed 2 second(s)

2019-06-25 18:18:43 - [MESSAGE][PASSED] - Delayed 2 second(s)

2019-06-25 18:18:43 - [TEST_STEP][PASSED] - refresh(): Refresh successfully

2019-06-25 18:18:43 - [MESSAGE][PASSED] - Refresh successfully

2019-06-25 18:18:43 - [MESSAGE][PASSED] - Call Test Case 'Test Cases/OCS - DESKTOP/CALL- Age gate' successfully

2019-06-25 18:18:43 - [TEST_STEP][PASSED] - click(findTestObject("OCS-DESKTOP/Age gate and Mega menu/Header/CANNABIS menu - English")): Object: 'Object Repository/OCS-DESKTOP/Age gate and Mega menu/Header/CANNABIS menu - English' is clicked on

2019-06-25 18:18:47 - [MESSAGE][PASSED] - Object: 'Object Repository/OCS-DESKTOP/Age gate and Mega menu/Header/CANNABIS menu - English' is clicked on

2019-06-25 18:18:47 - [TEST_STEP][PASSED] - click(findTestObject("OCS-DESKTOP/Cannabis page/Dried flower - Indica dominant")): Object: 'Object Repository/OCS-DESKTOP/Cannabis page/Dried flower - Indica dominant' is clicked on

2019-06-25 18:18:49 - [MESSAGE][PASSED] - Object: 'Object Repository/OCS-DESKTOP/Cannabis page/Dried flower - Indica dominant' is clicked on

2019-06-25 18:18:49 - [TEST_STEP][PASSED] - click(findTestObject("OCS-DESKTOP/breadcrumbs_OR/Page_Dried Flower  Ontario Cannabis/a_Cannabis")): Object: 'Object Repository/OCS-DESKTOP/breadcrumbs_OR/Page_Dried Flower  Ontario Cannabis/a_Cannabis' is clicked on

2019-06-25 18:18:52 - [MESSAGE][PASSED] - Object: 'Object Repository/OCS-DESKTOP/breadcrumbs_OR/Page_Dried Flower  Ontario Cannabis/a_Cannabis' is clicked on

2019-06-25 18:18:52 - [TEST_STEP][PASSED] - executeJavaScript("var previewBar = document.getElementById("preview-bar-iframe"); previewBar.style.display = "none";", []): Execute JavaScript 'var previewBar = document.getElementById("preview-bar-iframe"); previewBar.style.display = "none";' successfully

2019-06-25 18:18:52 - [MESSAGE][PASSED] - Execute JavaScript 'var previewBar = document.getElementById("preview-bar-iframe"); previewBar.style.display = "none";' successfully

2019-06-25 18:18:52 - [TEST_STEP][PASSED] - a = getWindowTitle(): Current window's title is: 'All Cannabis Products | Ontario Cannabis Store'

2019-06-25 18:18:52 - [MESSAGE][PASSED] - Current window's title is: 'All Cannabis Products | Ontario Cannabis Store'

2019-06-25 18:18:52 - [TEST_STEP][PASSED] - comment(a): All Cannabis Products | Ontario Cannabis Store

2019-06-25 18:18:52 - [MESSAGE][INFO] - All Cannabis Products | Ontario Cannabis Store

2019-06-25 18:18:52 - [TEST_STEP][PASSED] - assert getWindowTitle() == a: Current window's title is: 'All Cannabis Products | Ontario Cannabis Store'

2019-06-25 18:18:52 - [MESSAGE][PASSED] - Current window's title is: 'All Cannabis Products | Ontario Cannabis Store'

2019-06-25 18:18:52 - [TEST_STEP][PASSED] - click(findTestObject("OCS-DESKTOP/breadcrumbs_OR/Page_All Cannabis Products  Ontario/a_Home")): Object: 'Object Repository/OCS-DESKTOP/breadcrumbs_OR/Page_All Cannabis Products  Ontario/a_Home' is clicked on

2019-06-25 18:18:55 - [MESSAGE][PASSED] - Object: 'Object Repository/OCS-DESKTOP/breadcrumbs_OR/Page_All Cannabis Products  Ontario/a_Home' is clicked on

2019-06-25 18:18:55 - [TEST_STEP][PASSED] - b = getWindowTitle(): Current window's title is: 'Ontario Cannabis Store | Ontario Cannabis Store'

2019-06-25 18:18:55 - [MESSAGE][PASSED] - Current window's title is: 'Ontario Cannabis Store | Ontario Cannabis Store'

2019-06-25 18:18:55 - [TEST_STEP][PASSED] - comment(b): Ontario Cannabis Store | Ontario Cannabis Store

2019-06-25 18:18:55 - [MESSAGE][INFO] - Ontario Cannabis Store | Ontario Cannabis Store

2019-06-25 18:18:55 - [TEST_STEP][PASSED] - assert getWindowTitle() == b: Current window's title is: 'Ontario Cannabis Store | Ontario Cannabis Store'

2019-06-25 18:18:55 - [MESSAGE][PASSED] - Current window's title is: 'Ontario Cannabis Store | Ontario Cannabis Store']]></system-out>
         <system-err><![CDATA[]]></system-err>
      </testcase>
      <testcase name="Test Cases/OCS - DESKTOP/OCS-COLLECTION PAGE/Pagination" classname="Test Cases/OCS - DESKTOP/OCS-COLLECTION PAGE/Pagination" status="FAILED">
         <failure type="FAILED" message="Test Cases/OCS - DESKTOP/OCS-COLLECTION PAGE/Pagination FAILED.
Reason:
com.kms.katalon.core.exception.StepFailedException: Unable to click on object 'Object Repository/OCS-DESKTOP/Pagination_OR/Page_Pre-Rolled  Ontario Cannabis S/a_Previous' (Root cause: org.openqa.selenium.WebDriverException: unknown error: Element &lt;i class=&quot;icon--chevron-thick-left&quot;>&lt;/i> is not clickable at point (1042, 20). Other element would receive the click: &lt;div class=&quot;menu-bar__right-wrapper&quot;>...&lt;/div>
  (Session info: chrome=75.0.3770.100)
  (Driver info: chromedriver=2.43.600229 (3fae4d0cda5334b4f533bede5a4787f7b832d052),platform=Mac OS X 10.13.6 x86_64) (WARNING: The server did not provide any stacktrace information)
Command duration or timeout: 0 milliseconds
Build info: version: '3.7.1', revision: '8a0099a', time: '2017-11-06T21:07:36.161Z'
System info: host: 'sumans-MacBook-Pro.local', ip: 'fe80:0:0:0:b7:68e8:717b:cb34%en0', os.name: 'Mac OS X', os.arch: 'x86_64', os.version: '10.13.6', java.version: '1.8.0_181'
Driver info: com.kms.katalon.selenium.driver.CChromeDriver
Capabilities {acceptInsecureCerts: false, acceptSslCerts: false, applicationCacheEnabled: false, browserConnectionEnabled: false, browserName: chrome, chrome: {chromedriverVersion: 2.43.600229 (3fae4d0cda5334..., userDataDir: /var/folders/1t/c55l8xzs6gq...}, cssSelectorsEnabled: true, databaseEnabled: false, goog:chromeOptions: {debuggerAddress: localhost:61957}, handlesAlerts: true, hasTouchScreen: false, javascriptEnabled: true, locationContextEnabled: true, mobileEmulationEnabled: false, nativeEvents: true, networkConnectionEnabled: false, pageLoadStrategy: normal, platform: MAC, platformName: MAC, rotatable: false, setWindowRect: true, takesHeapSnapshot: true, takesScreenshot: true, unexpectedAlertBehaviour: , unhandledPromptBehavior: , version: 75.0.3770.100, webStorageEnabled: true}
Session ID: 0ea3a3ab7905492fb6dc96e6ed0378a5)
	at com.kms.katalon.core.keyword.internal.KeywordMain.stepFailed(KeywordMain.groovy:36)
	at com.kms.katalon.core.webui.keyword.internal.WebUIKeywordMain.stepFailed(WebUIKeywordMain.groovy:65)
	at com.kms.katalon.core.webui.keyword.internal.WebUIKeywordMain.runKeyword(WebUIKeywordMain.groovy:27)
	at com.kms.katalon.core.webui.keyword.builtin.ClickKeyword.click(ClickKeyword.groovy:86)
	at com.kms.katalon.core.webui.keyword.builtin.ClickKeyword.execute(ClickKeyword.groovy:67)
	at com.kms.katalon.core.keyword.internal.KeywordExecutor.executeKeywordForPlatform(KeywordExecutor.groovy:53)
	at com.kms.katalon.core.webui.keyword.WebUiBuiltInKeywords.click(WebUiBuiltInKeywords.groovy:616)
	at com.kms.katalon.core.webui.keyword.WebUiBuiltInKeywords$click$4.call(Unknown Source)
	at Pagination.run(Pagination:65)
	at com.kms.katalon.core.main.ScriptEngine.run(ScriptEngine.java:194)
	at com.kms.katalon.core.main.ScriptEngine.runScriptAsRawText(ScriptEngine.java:119)
	at com.kms.katalon.core.main.TestCaseExecutor.runScript(TestCaseExecutor.java:328)
	at com.kms.katalon.core.main.TestCaseExecutor.doExecute(TestCaseExecutor.java:319)
	at com.kms.katalon.core.main.TestCaseExecutor.processExecutionPhase(TestCaseExecutor.java:298)
	at com.kms.katalon.core.main.TestCaseExecutor.accessMainPhase(TestCaseExecutor.java:290)
	at com.kms.katalon.core.main.TestCaseExecutor.execute(TestCaseExecutor.java:224)
	at com.kms.katalon.core.main.TestSuiteExecutor.accessTestCaseMainPhase(TestSuiteExecutor.java:129)
	at com.kms.katalon.core.main.TestSuiteExecutor.accessTestSuiteMainPhase(TestSuiteExecutor.java:112)
	at com.kms.katalon.core.main.TestSuiteExecutor.execute(TestSuiteExecutor.java:81)
	at com.kms.katalon.core.main.TestCaseMain.startTestSuite(TestCaseMain.java:149)
	at com.kms.katalon.core.main.TestCaseMain$startTestSuite$0.call(Unknown Source)
	at TempTestSuite1561499172132.run(TempTestSuite1561499172132.groovy:36)
"/>
         <system-out><![CDATA[2019-06-25 18:18:55 - [TEST_CASE][FAILED] - Test Cases/OCS - DESKTOP/OCS-COLLECTION PAGE/Pagination: Test Cases/OCS - DESKTOP/OCS-COLLECTION PAGE/Pagination FAILED.
Reason:
com.kms.katalon.core.exception.StepFailedException: Unable to click on object 'Object Repository/OCS-DESKTOP/Pagination_OR/Page_Pre-Rolled  Ontario Cannabis S/a_Previous' (Root cause: org.openqa.selenium.WebDriverException: unknown error: Element <i class="icon--chevron-thick-left"></i> is not clickable at point (1042, 20). Other element would receive the click: <div class="menu-bar__right-wrapper">...</div>
  (Session info: chrome=75.0.3770.100)
  (Driver info: chromedriver=2.43.600229 (3fae4d0cda5334b4f533bede5a4787f7b832d052),platform=Mac OS X 10.13.6 x86_64) (WARNING: The server did not provide any stacktrace information)
Command duration or timeout: 0 milliseconds
Build info: version: '3.7.1', revision: '8a0099a', time: '2017-11-06T21:07:36.161Z'
System info: host: 'sumans-MacBook-Pro.local', ip: 'fe80:0:0:0:b7:68e8:717b:cb34%en0', os.name: 'Mac OS X', os.arch: 'x86_64', os.version: '10.13.6', java.version: '1.8.0_181'
Driver info: com.kms.katalon.selenium.driver.CChromeDriver
Capabilities {acceptInsecureCerts: false, acceptSslCerts: false, applicationCacheEnabled: false, browserConnectionEnabled: false, browserName: chrome, chrome: {chromedriverVersion: 2.43.600229 (3fae4d0cda5334..., userDataDir: /var/folders/1t/c55l8xzs6gq...}, cssSelectorsEnabled: true, databaseEnabled: false, goog:chromeOptions: {debuggerAddress: localhost:61957}, handlesAlerts: true, hasTouchScreen: false, javascriptEnabled: true, locationContextEnabled: true, mobileEmulationEnabled: false, nativeEvents: true, networkConnectionEnabled: false, pageLoadStrategy: normal, platform: MAC, platformName: MAC, rotatable: false, setWindowRect: true, takesHeapSnapshot: true, takesScreenshot: true, unexpectedAlertBehaviour: , unhandledPromptBehavior: , version: 75.0.3770.100, webStorageEnabled: true}
Session ID: 0ea3a3ab7905492fb6dc96e6ed0378a5)
	at com.kms.katalon.core.keyword.internal.KeywordMain.stepFailed(KeywordMain.groovy:36)
	at com.kms.katalon.core.webui.keyword.internal.WebUIKeywordMain.stepFailed(WebUIKeywordMain.groovy:65)
	at com.kms.katalon.core.webui.keyword.internal.WebUIKeywordMain.runKeyword(WebUIKeywordMain.groovy:27)
	at com.kms.katalon.core.webui.keyword.builtin.ClickKeyword.click(ClickKeyword.groovy:86)
	at com.kms.katalon.core.webui.keyword.builtin.ClickKeyword.execute(ClickKeyword.groovy:67)
	at com.kms.katalon.core.keyword.internal.KeywordExecutor.executeKeywordForPlatform(KeywordExecutor.groovy:53)
	at com.kms.katalon.core.webui.keyword.WebUiBuiltInKeywords.click(WebUiBuiltInKeywords.groovy:616)
	at com.kms.katalon.core.webui.keyword.WebUiBuiltInKeywords$click$4.call(Unknown Source)
	at Pagination.run(Pagination:65)
	at com.kms.katalon.core.main.ScriptEngine.run(ScriptEngine.java:194)
	at com.kms.katalon.core.main.ScriptEngine.runScriptAsRawText(ScriptEngine.java:119)
	at com.kms.katalon.core.main.TestCaseExecutor.runScript(TestCaseExecutor.java:328)
	at com.kms.katalon.core.main.TestCaseExecutor.doExecute(TestCaseExecutor.java:319)
	at com.kms.katalon.core.main.TestCaseExecutor.processExecutionPhase(TestCaseExecutor.java:298)
	at com.kms.katalon.core.main.TestCaseExecutor.accessMainPhase(TestCaseExecutor.java:290)
	at com.kms.katalon.core.main.TestCaseExecutor.execute(TestCaseExecutor.java:224)
	at com.kms.katalon.core.main.TestSuiteExecutor.accessTestCaseMainPhase(TestSuiteExecutor.java:129)
	at com.kms.katalon.core.main.TestSuiteExecutor.accessTestSuiteMainPhase(TestSuiteExecutor.java:112)
	at com.kms.katalon.core.main.TestSuiteExecutor.execute(TestSuiteExecutor.java:81)
	at com.kms.katalon.core.main.TestCaseMain.startTestSuite(TestCaseMain.java:149)
	at com.kms.katalon.core.main.TestCaseMain$startTestSuite$0.call(Unknown Source)
	at TempTestSuite1561499172132.run(TempTestSuite1561499172132.groovy:36)


2019-06-25 18:18:55 - [TEST_STEP][PASSED] - callTestCase(findTestCase("OCS - DESKTOP/CALL- Age gate"), [:], STOP_ON_FAILURE): Call Test Case 'Test Cases/OCS - DESKTOP/CALL- Age gate' successfully

2019-06-25 18:18:55 - [TEST_CASE][PASSED] - Test Cases/OCS - DESKTOP/CALL- Age gate: Test Cases/OCS - DESKTOP/CALL- Age gate

2019-06-25 18:18:55 - [TEST_STEP][PASSED] - openBrowser(""): Browser is opened with url: ''

2019-06-25 18:18:55 - [MESSAGE][WARNING] - A browser is already opened. Closing browser and opening a new one

2019-06-25 18:18:55 - [MESSAGE][INFO] - Starting 'Chrome' driver

2019-06-25 18:18:56 - [MESSAGE][PASSED] - Browser is opened with url: ''

2019-06-25 18:18:56 - [TEST_STEP][PASSED] - navigateToUrl("https://ocs.ca/?fts=0&preview_theme_id=72920106828"): Navigate to 'https://ocs.ca/?fts=0&preview_theme_id=72920106828' successfully

2019-06-25 18:19:01 - [MESSAGE][PASSED] - Navigate to 'https://ocs.ca/?fts=0&preview_theme_id=72920106828' successfully

2019-06-25 18:19:01 - [TEST_STEP][PASSED] - maximizeWindow(): Current window maximized

2019-06-25 18:19:01 - [MESSAGE][PASSED] - Current window maximized

2019-06-25 18:19:01 - [TEST_STEP][PASSED] - delay(2): Delayed 2 second(s)

2019-06-25 18:19:03 - [MESSAGE][PASSED] - Delayed 2 second(s)

2019-06-25 18:19:03 - [TEST_STEP][PASSED] - executeJavaScript("var previewBar = document.getElementById("preview-bar-iframe"); previewBar.style.display = "none";", []): Execute JavaScript 'var previewBar = document.getElementById("preview-bar-iframe"); previewBar.style.display = "none";' successfully

2019-06-25 18:19:03 - [MESSAGE][PASSED] - Execute JavaScript 'var previewBar = document.getElementById("preview-bar-iframe"); previewBar.style.display = "none";' successfully

2019-06-25 18:19:03 - [TEST_STEP][PASSED] - selectOptionByValue(findTestObject("OCS-DESKTOP/Age gate and Mega menu/Date"), "12", true): All options with value '12' are selected in object 'Object Repository/OCS-DESKTOP/Age gate and Mega menu/Date'  using regular expression

2019-06-25 18:19:03 - [MESSAGE][PASSED] - All options with value '12' are selected in object 'Object Repository/OCS-DESKTOP/Age gate and Mega menu/Date'  using regular expression

2019-06-25 18:19:03 - [TEST_STEP][PASSED] - selectOptionByValue(findTestObject("OCS-DESKTOP/Age gate and Mega menu/month"), "6", true): All options with value '6' are selected in object 'Object Repository/OCS-DESKTOP/Age gate and Mega menu/month'  using regular expression

2019-06-25 18:19:04 - [MESSAGE][PASSED] - All options with value '6' are selected in object 'Object Repository/OCS-DESKTOP/Age gate and Mega menu/month'  using regular expression

2019-06-25 18:19:04 - [TEST_STEP][PASSED] - delay(2): Delayed 2 second(s)

2019-06-25 18:19:06 - [MESSAGE][PASSED] - Delayed 2 second(s)

2019-06-25 18:19:06 - [TEST_STEP][PASSED] - selectOptionByValue(findTestObject("OCS-DESKTOP/Age gate and Mega menu/Year Dropdown"), "1990", true): All options with value '1990' are selected in object 'Object Repository/OCS-DESKTOP/Age gate and Mega menu/Year Dropdown'  using regular expression

2019-06-25 18:19:07 - [MESSAGE][PASSED] - All options with value '1990' are selected in object 'Object Repository/OCS-DESKTOP/Age gate and Mega menu/Year Dropdown'  using regular expression

2019-06-25 18:19:07 - [TEST_STEP][PASSED] - click(findTestObject("OCS-DESKTOP/Age gate and Mega menu/button_Verify")): Object: 'Object Repository/OCS-DESKTOP/Age gate and Mega menu/button_Verify' is clicked on

2019-06-25 18:19:07 - [MESSAGE][PASSED] - Object: 'Object Repository/OCS-DESKTOP/Age gate and Mega menu/button_Verify' is clicked on

2019-06-25 18:19:07 - [TEST_STEP][PASSED] - click(findTestObject("OCS-DESKTOP/Age gate and Mega menu/Checkbox_CONFIRM AND ACKNOWLEDGE")): Object: 'Object Repository/OCS-DESKTOP/Age gate and Mega menu/Checkbox_CONFIRM AND ACKNOWLEDGE' is clicked on

2019-06-25 18:19:07 - [MESSAGE][PASSED] - Object: 'Object Repository/OCS-DESKTOP/Age gate and Mega menu/Checkbox_CONFIRM AND ACKNOWLEDGE' is clicked on

2019-06-25 18:19:07 - [TEST_STEP][PASSED] - click(findTestObject("OCS-DESKTOP/Age gate and Mega menu/button_CONFIRM")): Object: 'Object Repository/OCS-DESKTOP/Age gate and Mega menu/button_CONFIRM' is clicked on

2019-06-25 18:19:07 - [MESSAGE][PASSED] - Object: 'Object Repository/OCS-DESKTOP/Age gate and Mega menu/button_CONFIRM' is clicked on

2019-06-25 18:19:07 - [TEST_STEP][PASSED] - click(findTestObject("OCS-DESKTOP/Age gate and Mega menu/button_Start Browsing")): Object: 'Object Repository/OCS-DESKTOP/Age gate and Mega menu/button_Start Browsing' is clicked on

2019-06-25 18:19:07 - [MESSAGE][PASSED] - Object: 'Object Repository/OCS-DESKTOP/Age gate and Mega menu/button_Start Browsing' is clicked on

2019-06-25 18:19:07 - [TEST_STEP][PASSED] - delay(2): Delayed 2 second(s)

2019-06-25 18:19:09 - [MESSAGE][PASSED] - Delayed 2 second(s)

2019-06-25 18:19:09 - [TEST_STEP][PASSED] - refresh(): Refresh successfully

2019-06-25 18:19:09 - [MESSAGE][PASSED] - Refresh successfully

2019-06-25 18:19:09 - [MESSAGE][PASSED] - Call Test Case 'Test Cases/OCS - DESKTOP/CALL- Age gate' successfully

2019-06-25 18:19:09 - [TEST_STEP][PASSED] - click(findTestObject("OCS-DESKTOP/Age gate and Mega menu/Header/CANNABIS menu - English")): Object: 'Object Repository/OCS-DESKTOP/Age gate and Mega menu/Header/CANNABIS menu - English' is clicked on

2019-06-25 18:19:12 - [MESSAGE][PASSED] - Object: 'Object Repository/OCS-DESKTOP/Age gate and Mega menu/Header/CANNABIS menu - English' is clicked on

2019-06-25 18:19:12 - [TEST_STEP][PASSED] - delay(2): Delayed 2 second(s)

2019-06-25 18:19:14 - [MESSAGE][PASSED] - Delayed 2 second(s)

2019-06-25 18:19:14 - [TEST_STEP][PASSED] - click(findTestObject("OCS-DESKTOP/Cannabis page/Prerolled - Indica dominant")): Object: 'Object Repository/OCS-DESKTOP/Cannabis page/Prerolled - Indica dominant' is clicked on

2019-06-25 18:19:16 - [MESSAGE][PASSED] - Object: 'Object Repository/OCS-DESKTOP/Cannabis page/Prerolled - Indica dominant' is clicked on

2019-06-25 18:19:16 - [TEST_STEP][PASSED] - executeJavaScript("var previewBar = document.getElementById("preview-bar-iframe"); previewBar.style.display = "none";", []): Execute JavaScript 'var previewBar = document.getElementById("preview-bar-iframe"); previewBar.style.display = "none";' successfully

2019-06-25 18:19:16 - [MESSAGE][PASSED] - Execute JavaScript 'var previewBar = document.getElementById("preview-bar-iframe"); previewBar.style.display = "none";' successfully

2019-06-25 18:19:16 - [TEST_STEP][PASSED] - delay(2): Delayed 2 second(s)

2019-06-25 18:19:18 - [MESSAGE][PASSED] - Delayed 2 second(s)

2019-06-25 18:19:18 - [TEST_STEP][PASSED] - click(findTestObject("OCS-DESKTOP/Pagination_OR/Page_Pre-Rolled  Ontario Cannabis S/a_2")): Object: 'Object Repository/OCS-DESKTOP/Pagination_OR/Page_Pre-Rolled  Ontario Cannabis S/a_2' is clicked on

2019-06-25 18:19:18 - [MESSAGE][PASSED] - Object: 'Object Repository/OCS-DESKTOP/Pagination_OR/Page_Pre-Rolled  Ontario Cannabis S/a_2' is clicked on

2019-06-25 18:19:18 - [TEST_STEP][NOT_RUN] - delay(2): NOT_RUN: delay(2)

2019-06-25 18:19:18 - [MESSAGE][NOT_RUN] - NOT_RUN: delay(2)

2019-06-25 18:19:18 - [TEST_STEP][NOT_RUN] - scrollToPosition(570, 49): NOT_RUN: scrollToPosition(570, 49)

2019-06-25 18:19:18 - [MESSAGE][NOT_RUN] - NOT_RUN: scrollToPosition(570, 49)

2019-06-25 18:19:18 - [TEST_STEP][NOT_RUN] - click(findTestObject("COLLECTION PAGE _OR/Pagination_OR/Page_Pre-Rolled  Ontario Cannabis S/a_3"), STOP_ON_FAILURE): NOT_RUN: click(findTestObject("COLLECTION PAGE _OR/Pagination_OR/Page_Pre-Rolled  Ontario Cannabis S/a_3"), STOP_ON_FAILURE)

2019-06-25 18:19:18 - [MESSAGE][NOT_RUN] - NOT_RUN: click(findTestObject("COLLECTION PAGE _OR/Pagination_OR/Page_Pre-Rolled  Ontario Cannabis S/a_3"), STOP_ON_FAILURE)

2019-06-25 18:19:18 - [TEST_STEP][PASSED] - delay(2): Delayed 2 second(s)

2019-06-25 18:19:20 - [MESSAGE][PASSED] - Delayed 2 second(s)

2019-06-25 18:19:20 - [TEST_STEP][PASSED] - scrollToPosition(570, 49): Browser is scrolled to position x = 570, y = 49

2019-06-25 18:19:20 - [MESSAGE][PASSED] - Browser is scrolled to position x = 570, y = 49

2019-06-25 18:19:20 - [TEST_STEP][PASSED] - delay(2): Delayed 2 second(s)

2019-06-25 18:19:22 - [MESSAGE][PASSED] - Delayed 2 second(s)

2019-06-25 18:19:22 - [TEST_STEP][PASSED] - click(findTestObject("OCS-DESKTOP/Pagination_OR/Page_Pre-Rolled  Ontario Cannabis S/a_Previous")): Object: 'Object Repository/OCS-DESKTOP/Pagination_OR/Page_Pre-Rolled  Ontario Cannabis S/a_Previous' is clicked on

2019-06-25 18:19:22 - [MESSAGE][PASSED] - Object: 'Object Repository/OCS-DESKTOP/Pagination_OR/Page_Pre-Rolled  Ontario Cannabis S/a_Previous' is clicked on

2019-06-25 18:19:22 - [TEST_STEP][PASSED] - delay(2): Delayed 2 second(s)

2019-06-25 18:19:24 - [MESSAGE][PASSED] - Delayed 2 second(s)

2019-06-25 18:19:24 - [TEST_STEP][PASSED] - scrollToPosition(570, 49): Browser is scrolled to position x = 570, y = 49

2019-06-25 18:19:24 - [MESSAGE][PASSED] - Browser is scrolled to position x = 570, y = 49

2019-06-25 18:19:24 - [TEST_STEP][PASSED] - click(findTestObject("OCS-DESKTOP/Pagination_OR/Page_Pre-Rolled  Ontario Cannabis S/a_Next")): Object: 'Object Repository/OCS-DESKTOP/Pagination_OR/Page_Pre-Rolled  Ontario Cannabis S/a_Next' is clicked on

2019-06-25 18:19:24 - [MESSAGE][PASSED] - Object: 'Object Repository/OCS-DESKTOP/Pagination_OR/Page_Pre-Rolled  Ontario Cannabis S/a_Next' is clicked on

2019-06-25 18:19:24 - [TEST_STEP][PASSED] - delay(2): Delayed 2 second(s)

2019-06-25 18:19:26 - [MESSAGE][PASSED] - Delayed 2 second(s)

2019-06-25 18:19:26 - [TEST_STEP][PASSED] - executeJavaScript("var previewBar = document.getElementById("preview-bar-iframe"); previewBar.style.display = "none";", []): Execute JavaScript 'var previewBar = document.getElementById("preview-bar-iframe"); previewBar.style.display = "none";' successfully

2019-06-25 18:19:26 - [MESSAGE][PASSED] - Execute JavaScript 'var previewBar = document.getElementById("preview-bar-iframe"); previewBar.style.display = "none";' successfully

2019-06-25 18:19:26 - [TEST_STEP][PASSED] - click(findTestObject("OCS-DESKTOP/Pagination_OR/Page_Pre-Rolled  Ontario Cannabis S/a_What to consider")): Object: 'Object Repository/OCS-DESKTOP/Pagination_OR/Page_Pre-Rolled  Ontario Cannabis S/a_What to consider' is clicked on

2019-06-25 18:19:29 - [MESSAGE][PASSED] - Object: 'Object Repository/OCS-DESKTOP/Pagination_OR/Page_Pre-Rolled  Ontario Cannabis S/a_What to consider' is clicked on

2019-06-25 18:19:29 - [TEST_STEP][PASSED] - back(): Navigate back successfully

2019-06-25 18:19:32 - [MESSAGE][PASSED] - Navigate back successfully

2019-06-25 18:19:32 - [TEST_STEP][PASSED] - executeJavaScript("var previewBar = document.getElementById("preview-bar-iframe"); previewBar.style.display = "none";", []): Execute JavaScript 'var previewBar = document.getElementById("preview-bar-iframe"); previewBar.style.display = "none";' successfully

2019-06-25 18:19:32 - [MESSAGE][PASSED] - Execute JavaScript 'var previewBar = document.getElementById("preview-bar-iframe"); previewBar.style.display = "none";' successfully

2019-06-25 18:19:32 - [TEST_STEP][PASSED] - delay(4): Delayed 4 second(s)

2019-06-25 18:19:36 - [MESSAGE][PASSED] - Delayed 4 second(s)

2019-06-25 18:19:36 - [TEST_STEP][FAILED] - click(findTestObject("OCS-DESKTOP/Pagination_OR/Page_Pre-Rolled  Ontario Cannabis S/a_Previous")): click(findTestObject("OCS-DESKTOP/Pagination_OR/Page_Pre-Rolled  Ontario Cannabis S/a_Previous")) FAILED.
Reason:
com.kms.katalon.core.exception.StepFailedException: Unable to click on object 'Object Repository/OCS-DESKTOP/Pagination_OR/Page_Pre-Rolled  Ontario Cannabis S/a_Previous' (Root cause: org.openqa.selenium.WebDriverException: unknown error: Element <i class="icon--chevron-thick-left"></i> is not clickable at point (1042, 20). Other element would receive the click: <div class="menu-bar__right-wrapper">...</div>
  (Session info: chrome=75.0.3770.100)
  (Driver info: chromedriver=2.43.600229 (3fae4d0cda5334b4f533bede5a4787f7b832d052),platform=Mac OS X 10.13.6 x86_64) (WARNING: The server did not provide any stacktrace information)
Command duration or timeout: 0 milliseconds
Build info: version: '3.7.1', revision: '8a0099a', time: '2017-11-06T21:07:36.161Z'
System info: host: 'sumans-MacBook-Pro.local', ip: 'fe80:0:0:0:b7:68e8:717b:cb34%en0', os.name: 'Mac OS X', os.arch: 'x86_64', os.version: '10.13.6', java.version: '1.8.0_181'
Driver info: com.kms.katalon.selenium.driver.CChromeDriver
Capabilities {acceptInsecureCerts: false, acceptSslCerts: false, applicationCacheEnabled: false, browserConnectionEnabled: false, browserName: chrome, chrome: {chromedriverVersion: 2.43.600229 (3fae4d0cda5334..., userDataDir: /var/folders/1t/c55l8xzs6gq...}, cssSelectorsEnabled: true, databaseEnabled: false, goog:chromeOptions: {debuggerAddress: localhost:61957}, handlesAlerts: true, hasTouchScreen: false, javascriptEnabled: true, locationContextEnabled: true, mobileEmulationEnabled: false, nativeEvents: true, networkConnectionEnabled: false, pageLoadStrategy: normal, platform: MAC, platformName: MAC, rotatable: false, setWindowRect: true, takesHeapSnapshot: true, takesScreenshot: true, unexpectedAlertBehaviour: , unhandledPromptBehavior: , version: 75.0.3770.100, webStorageEnabled: true}
Session ID: 0ea3a3ab7905492fb6dc96e6ed0378a5)
	at com.kms.katalon.core.keyword.internal.KeywordMain.stepFailed(KeywordMain.groovy:36)
	at com.kms.katalon.core.webui.keyword.internal.WebUIKeywordMain.stepFailed(WebUIKeywordMain.groovy:65)
	at com.kms.katalon.core.webui.keyword.internal.WebUIKeywordMain.runKeyword(WebUIKeywordMain.groovy:27)
	at com.kms.katalon.core.webui.keyword.builtin.ClickKeyword.click(ClickKeyword.groovy:86)
	at com.kms.katalon.core.webui.keyword.builtin.ClickKeyword.execute(ClickKeyword.groovy:67)
	at com.kms.katalon.core.keyword.internal.KeywordExecutor.executeKeywordForPlatform(KeywordExecutor.groovy:53)
	at com.kms.katalon.core.webui.keyword.WebUiBuiltInKeywords.click(WebUiBuiltInKeywords.groovy:616)
	at com.kms.katalon.core.webui.keyword.WebUiBuiltInKeywords$click$4.call(Unknown Source)
	at Pagination.run(Pagination:65)
	at com.kms.katalon.core.main.ScriptEngine.run(ScriptEngine.java:194)
	at com.kms.katalon.core.main.ScriptEngine.runScriptAsRawText(ScriptEngine.java:119)
	at com.kms.katalon.core.main.TestCaseExecutor.runScript(TestCaseExecutor.java:328)
	at com.kms.katalon.core.main.TestCaseExecutor.doExecute(TestCaseExecutor.java:319)
	at com.kms.katalon.core.main.TestCaseExecutor.processExecutionPhase(TestCaseExecutor.java:298)
	at com.kms.katalon.core.main.TestCaseExecutor.accessMainPhase(TestCaseExecutor.java:290)
	at com.kms.katalon.core.main.TestCaseExecutor.execute(TestCaseExecutor.java:224)
	at com.kms.katalon.core.main.TestSuiteExecutor.accessTestCaseMainPhase(TestSuiteExecutor.java:129)
	at com.kms.katalon.core.main.TestSuiteExecutor.accessTestSuiteMainPhase(TestSuiteExecutor.java:112)
	at com.kms.katalon.core.main.TestSuiteExecutor.execute(TestSuiteExecutor.java:81)
	at com.kms.katalon.core.main.TestCaseMain.startTestSuite(TestCaseMain.java:149)
	at com.kms.katalon.core.main.TestCaseMain$startTestSuite$0.call(Unknown Source)
	at TempTestSuite1561499172132.run(TempTestSuite1561499172132.groovy:36)


2019-06-25 18:19:36 - [MESSAGE][FAILED] - Unable to click on object 'Object Repository/OCS-DESKTOP/Pagination_OR/Page_Pre-Rolled  Ontario Cannabis S/a_Previous' (Root cause: org.openqa.selenium.WebDriverException: unknown error: Element <i class="icon--chevron-thick-left"></i> is not clickable at point (1042, 20). Other element would receive the click: <div class="menu-bar__right-wrapper">...</div>
  (Session info: chrome=75.0.3770.100)
  (Driver info: chromedriver=2.43.600229 (3fae4d0cda5334b4f533bede5a4787f7b832d052),platform=Mac OS X 10.13.6 x86_64) (WARNING: The server did not provide any stacktrace information)
Command duration or timeout: 0 milliseconds
Build info: version: '3.7.1', revision: '8a0099a', time: '2017-11-06T21:07:36.161Z'
System info: host: 'sumans-MacBook-Pro.local', ip: 'fe80:0:0:0:b7:68e8:717b:cb34%en0', os.name: 'Mac OS X', os.arch: 'x86_64', os.version: '10.13.6', java.version: '1.8.0_181'
Driver info: com.kms.katalon.selenium.driver.CChromeDriver
Capabilities {acceptInsecureCerts: false, acceptSslCerts: false, applicationCacheEnabled: false, browserConnectionEnabled: false, browserName: chrome, chrome: {chromedriverVersion: 2.43.600229 (3fae4d0cda5334..., userDataDir: /var/folders/1t/c55l8xzs6gq...}, cssSelectorsEnabled: true, databaseEnabled: false, goog:chromeOptions: {debuggerAddress: localhost:61957}, handlesAlerts: true, hasTouchScreen: false, javascriptEnabled: true, locationContextEnabled: true, mobileEmulationEnabled: false, nativeEvents: true, networkConnectionEnabled: false, pageLoadStrategy: normal, platform: MAC, platformName: MAC, rotatable: false, setWindowRect: true, takesHeapSnapshot: true, takesScreenshot: true, unexpectedAlertBehaviour: , unhandledPromptBehavior: , version: 75.0.3770.100, webStorageEnabled: true}
Session ID: 0ea3a3ab7905492fb6dc96e6ed0378a5)
[[ATTACHMENT|/Users/sumankompelly/Relative xpath-Desktop/Reports/OCS - 1.10.2.1/20190625_174612/1561501176222.png]]

2019-06-25 18:19:36 - [MESSAGE][FAILED] - click(findTestObject("OCS-DESKTOP/Pagination_OR/Page_Pre-Rolled  Ontario Cannabis S/a_Previous")) FAILED.
Reason:
com.kms.katalon.core.exception.StepFailedException: Unable to click on object 'Object Repository/OCS-DESKTOP/Pagination_OR/Page_Pre-Rolled  Ontario Cannabis S/a_Previous' (Root cause: org.openqa.selenium.WebDriverException: unknown error: Element <i class="icon--chevron-thick-left"></i> is not clickable at point (1042, 20). Other element would receive the click: <div class="menu-bar__right-wrapper">...</div>
  (Session info: chrome=75.0.3770.100)
  (Driver info: chromedriver=2.43.600229 (3fae4d0cda5334b4f533bede5a4787f7b832d052),platform=Mac OS X 10.13.6 x86_64) (WARNING: The server did not provide any stacktrace information)
Command duration or timeout: 0 milliseconds
Build info: version: '3.7.1', revision: '8a0099a', time: '2017-11-06T21:07:36.161Z'
System info: host: 'sumans-MacBook-Pro.local', ip: 'fe80:0:0:0:b7:68e8:717b:cb34%en0', os.name: 'Mac OS X', os.arch: 'x86_64', os.version: '10.13.6', java.version: '1.8.0_181'
Driver info: com.kms.katalon.selenium.driver.CChromeDriver
Capabilities {acceptInsecureCerts: false, acceptSslCerts: false, applicationCacheEnabled: false, browserConnectionEnabled: false, browserName: chrome, chrome: {chromedriverVersion: 2.43.600229 (3fae4d0cda5334..., userDataDir: /var/folders/1t/c55l8xzs6gq...}, cssSelectorsEnabled: true, databaseEnabled: false, goog:chromeOptions: {debuggerAddress: localhost:61957}, handlesAlerts: true, hasTouchScreen: false, javascriptEnabled: true, locationContextEnabled: true, mobileEmulationEnabled: false, nativeEvents: true, networkConnectionEnabled: false, pageLoadStrategy: normal, platform: MAC, platformName: MAC, rotatable: false, setWindowRect: true, takesHeapSnapshot: true, takesScreenshot: true, unexpectedAlertBehaviour: , unhandledPromptBehavior: , version: 75.0.3770.100, webStorageEnabled: true}
Session ID: 0ea3a3ab7905492fb6dc96e6ed0378a5)
	at com.kms.katalon.core.keyword.internal.KeywordMain.stepFailed(KeywordMain.groovy:36)
	at com.kms.katalon.core.webui.keyword.internal.WebUIKeywordMain.stepFailed(WebUIKeywordMain.groovy:65)
	at com.kms.katalon.core.webui.keyword.internal.WebUIKeywordMain.runKeyword(WebUIKeywordMain.groovy:27)
	at com.kms.katalon.core.webui.keyword.builtin.ClickKeyword.click(ClickKeyword.groovy:86)
	at com.kms.katalon.core.webui.keyword.builtin.ClickKeyword.execute(ClickKeyword.groovy:67)
	at com.kms.katalon.core.keyword.internal.KeywordExecutor.executeKeywordForPlatform(KeywordExecutor.groovy:53)
	at com.kms.katalon.core.webui.keyword.WebUiBuiltInKeywords.click(WebUiBuiltInKeywords.groovy:616)
	at com.kms.katalon.core.webui.keyword.WebUiBuiltInKeywords$click$4.call(Unknown Source)
	at Pagination.run(Pagination:65)
	at com.kms.katalon.core.main.ScriptEngine.run(ScriptEngine.java:194)
	at com.kms.katalon.core.main.ScriptEngine.runScriptAsRawText(ScriptEngine.java:119)
	at com.kms.katalon.core.main.TestCaseExecutor.runScript(TestCaseExecutor.java:328)
	at com.kms.katalon.core.main.TestCaseExecutor.doExecute(TestCaseExecutor.java:319)
	at com.kms.katalon.core.main.TestCaseExecutor.processExecutionPhase(TestCaseExecutor.java:298)
	at com.kms.katalon.core.main.TestCaseExecutor.accessMainPhase(TestCaseExecutor.java:290)
	at com.kms.katalon.core.main.TestCaseExecutor.execute(TestCaseExecutor.java:224)
	at com.kms.katalon.core.main.TestSuiteExecutor.accessTestCaseMainPhase(TestSuiteExecutor.java:129)
	at com.kms.katalon.core.main.TestSuiteExecutor.accessTestSuiteMainPhase(TestSuiteExecutor.java:112)
	at com.kms.katalon.core.main.TestSuiteExecutor.execute(TestSuiteExecutor.java:81)
	at com.kms.katalon.core.main.TestCaseMain.startTestSuite(TestCaseMain.java:149)
	at com.kms.katalon.core.main.TestCaseMain$startTestSuite$0.call(Unknown Source)
	at TempTestSuite1561499172132.run(TempTestSuite1561499172132.groovy:36)]]></system-out>
         <system-err><![CDATA[2019-06-25 18:18:55 - [TEST_CASE][FAILED] - Test Cases/OCS - DESKTOP/OCS-COLLECTION PAGE/Pagination: Test Cases/OCS - DESKTOP/OCS-COLLECTION PAGE/Pagination FAILED.
Reason:
com.kms.katalon.core.exception.StepFailedException: Unable to click on object 'Object Repository/OCS-DESKTOP/Pagination_OR/Page_Pre-Rolled  Ontario Cannabis S/a_Previous' (Root cause: org.openqa.selenium.WebDriverException: unknown error: Element <i class="icon--chevron-thick-left"></i> is not clickable at point (1042, 20). Other element would receive the click: <div class="menu-bar__right-wrapper">...</div>
  (Session info: chrome=75.0.3770.100)
  (Driver info: chromedriver=2.43.600229 (3fae4d0cda5334b4f533bede5a4787f7b832d052),platform=Mac OS X 10.13.6 x86_64) (WARNING: The server did not provide any stacktrace information)
Command duration or timeout: 0 milliseconds
Build info: version: '3.7.1', revision: '8a0099a', time: '2017-11-06T21:07:36.161Z'
System info: host: 'sumans-MacBook-Pro.local', ip: 'fe80:0:0:0:b7:68e8:717b:cb34%en0', os.name: 'Mac OS X', os.arch: 'x86_64', os.version: '10.13.6', java.version: '1.8.0_181'
Driver info: com.kms.katalon.selenium.driver.CChromeDriver
Capabilities {acceptInsecureCerts: false, acceptSslCerts: false, applicationCacheEnabled: false, browserConnectionEnabled: false, browserName: chrome, chrome: {chromedriverVersion: 2.43.600229 (3fae4d0cda5334..., userDataDir: /var/folders/1t/c55l8xzs6gq...}, cssSelectorsEnabled: true, databaseEnabled: false, goog:chromeOptions: {debuggerAddress: localhost:61957}, handlesAlerts: true, hasTouchScreen: false, javascriptEnabled: true, locationContextEnabled: true, mobileEmulationEnabled: false, nativeEvents: true, networkConnectionEnabled: false, pageLoadStrategy: normal, platform: MAC, platformName: MAC, rotatable: false, setWindowRect: true, takesHeapSnapshot: true, takesScreenshot: true, unexpectedAlertBehaviour: , unhandledPromptBehavior: , version: 75.0.3770.100, webStorageEnabled: true}
Session ID: 0ea3a3ab7905492fb6dc96e6ed0378a5)
	at com.kms.katalon.core.keyword.internal.KeywordMain.stepFailed(KeywordMain.groovy:36)
	at com.kms.katalon.core.webui.keyword.internal.WebUIKeywordMain.stepFailed(WebUIKeywordMain.groovy:65)
	at com.kms.katalon.core.webui.keyword.internal.WebUIKeywordMain.runKeyword(WebUIKeywordMain.groovy:27)
	at com.kms.katalon.core.webui.keyword.builtin.ClickKeyword.click(ClickKeyword.groovy:86)
	at com.kms.katalon.core.webui.keyword.builtin.ClickKeyword.execute(ClickKeyword.groovy:67)
	at com.kms.katalon.core.keyword.internal.KeywordExecutor.executeKeywordForPlatform(KeywordExecutor.groovy:53)
	at com.kms.katalon.core.webui.keyword.WebUiBuiltInKeywords.click(WebUiBuiltInKeywords.groovy:616)
	at com.kms.katalon.core.webui.keyword.WebUiBuiltInKeywords$click$4.call(Unknown Source)
	at Pagination.run(Pagination:65)
	at com.kms.katalon.core.main.ScriptEngine.run(ScriptEngine.java:194)
	at com.kms.katalon.core.main.ScriptEngine.runScriptAsRawText(ScriptEngine.java:119)
	at com.kms.katalon.core.main.TestCaseExecutor.runScript(TestCaseExecutor.java:328)
	at com.kms.katalon.core.main.TestCaseExecutor.doExecute(TestCaseExecutor.java:319)
	at com.kms.katalon.core.main.TestCaseExecutor.processExecutionPhase(TestCaseExecutor.java:298)
	at com.kms.katalon.core.main.TestCaseExecutor.accessMainPhase(TestCaseExecutor.java:290)
	at com.kms.katalon.core.main.TestCaseExecutor.execute(TestCaseExecutor.java:224)
	at com.kms.katalon.core.main.TestSuiteExecutor.accessTestCaseMainPhase(TestSuiteExecutor.java:129)
	at com.kms.katalon.core.main.TestSuiteExecutor.accessTestSuiteMainPhase(TestSuiteExecutor.java:112)
	at com.kms.katalon.core.main.TestSuiteExecutor.execute(TestSuiteExecutor.java:81)
	at com.kms.katalon.core.main.TestCaseMain.startTestSuite(TestCaseMain.java:149)
	at com.kms.katalon.core.main.TestCaseMain$startTestSuite$0.call(Unknown Source)
	at TempTestSuite1561499172132.run(TempTestSuite1561499172132.groovy:36)]]></system-err>
      </testcase>
      <testcase name="Test Cases/OCS - DESKTOP/OCS-COLLECTION PAGE/What to consider" classname="Test Cases/OCS - DESKTOP/OCS-COLLECTION PAGE/What to consider" status="PASSED">
         <system-out><![CDATA[2019-06-25 18:19:36 - [TEST_CASE][PASSED] - Test Cases/OCS - DESKTOP/OCS-COLLECTION PAGE/What to consider: Test Cases/OCS - DESKTOP/OCS-COLLECTION PAGE/What to consider

2019-06-25 18:19:36 - [TEST_STEP][PASSED] - callTestCase(findTestCase("OCS - DESKTOP/CALL- Age gate"), [:], STOP_ON_FAILURE): Call Test Case 'Test Cases/OCS - DESKTOP/CALL- Age gate' successfully

2019-06-25 18:19:36 - [TEST_CASE][PASSED] - Test Cases/OCS - DESKTOP/CALL- Age gate: Test Cases/OCS - DESKTOP/CALL- Age gate

2019-06-25 18:19:36 - [TEST_STEP][PASSED] - openBrowser(""): Browser is opened with url: ''

2019-06-25 18:19:36 - [MESSAGE][WARNING] - A browser is already opened. Closing browser and opening a new one

2019-06-25 18:19:37 - [MESSAGE][INFO] - Starting 'Chrome' driver

2019-06-25 18:19:38 - [MESSAGE][PASSED] - Browser is opened with url: ''

2019-06-25 18:19:38 - [TEST_STEP][PASSED] - navigateToUrl("https://ocs.ca/?fts=0&preview_theme_id=72920106828"): Navigate to 'https://ocs.ca/?fts=0&preview_theme_id=72920106828' successfully

2019-06-25 18:19:42 - [MESSAGE][PASSED] - Navigate to 'https://ocs.ca/?fts=0&preview_theme_id=72920106828' successfully

2019-06-25 18:19:42 - [TEST_STEP][PASSED] - maximizeWindow(): Current window maximized

2019-06-25 18:19:42 - [MESSAGE][PASSED] - Current window maximized

2019-06-25 18:19:42 - [TEST_STEP][PASSED] - delay(2): Delayed 2 second(s)

2019-06-25 18:19:44 - [MESSAGE][PASSED] - Delayed 2 second(s)

2019-06-25 18:19:44 - [TEST_STEP][PASSED] - executeJavaScript("var previewBar = document.getElementById("preview-bar-iframe"); previewBar.style.display = "none";", []): Execute JavaScript 'var previewBar = document.getElementById("preview-bar-iframe"); previewBar.style.display = "none";' successfully

2019-06-25 18:19:44 - [MESSAGE][PASSED] - Execute JavaScript 'var previewBar = document.getElementById("preview-bar-iframe"); previewBar.style.display = "none";' successfully

2019-06-25 18:19:44 - [TEST_STEP][PASSED] - selectOptionByValue(findTestObject("OCS-DESKTOP/Age gate and Mega menu/Date"), "12", true): All options with value '12' are selected in object 'Object Repository/OCS-DESKTOP/Age gate and Mega menu/Date'  using regular expression

2019-06-25 18:19:45 - [MESSAGE][PASSED] - All options with value '12' are selected in object 'Object Repository/OCS-DESKTOP/Age gate and Mega menu/Date'  using regular expression

2019-06-25 18:19:45 - [TEST_STEP][PASSED] - selectOptionByValue(findTestObject("OCS-DESKTOP/Age gate and Mega menu/month"), "6", true): All options with value '6' are selected in object 'Object Repository/OCS-DESKTOP/Age gate and Mega menu/month'  using regular expression

2019-06-25 18:19:45 - [MESSAGE][PASSED] - All options with value '6' are selected in object 'Object Repository/OCS-DESKTOP/Age gate and Mega menu/month'  using regular expression

2019-06-25 18:19:45 - [TEST_STEP][PASSED] - delay(2): Delayed 2 second(s)

2019-06-25 18:19:47 - [MESSAGE][PASSED] - Delayed 2 second(s)

2019-06-25 18:19:47 - [TEST_STEP][PASSED] - selectOptionByValue(findTestObject("OCS-DESKTOP/Age gate and Mega menu/Year Dropdown"), "1990", true): All options with value '1990' are selected in object 'Object Repository/OCS-DESKTOP/Age gate and Mega menu/Year Dropdown'  using regular expression

2019-06-25 18:19:48 - [MESSAGE][PASSED] - All options with value '1990' are selected in object 'Object Repository/OCS-DESKTOP/Age gate and Mega menu/Year Dropdown'  using regular expression

2019-06-25 18:19:48 - [TEST_STEP][PASSED] - click(findTestObject("OCS-DESKTOP/Age gate and Mega menu/button_Verify")): Object: 'Object Repository/OCS-DESKTOP/Age gate and Mega menu/button_Verify' is clicked on

2019-06-25 18:19:48 - [MESSAGE][PASSED] - Object: 'Object Repository/OCS-DESKTOP/Age gate and Mega menu/button_Verify' is clicked on

2019-06-25 18:19:48 - [TEST_STEP][PASSED] - click(findTestObject("OCS-DESKTOP/Age gate and Mega menu/Checkbox_CONFIRM AND ACKNOWLEDGE")): Object: 'Object Repository/OCS-DESKTOP/Age gate and Mega menu/Checkbox_CONFIRM AND ACKNOWLEDGE' is clicked on

2019-06-25 18:19:48 - [MESSAGE][PASSED] - Object: 'Object Repository/OCS-DESKTOP/Age gate and Mega menu/Checkbox_CONFIRM AND ACKNOWLEDGE' is clicked on

2019-06-25 18:19:48 - [TEST_STEP][PASSED] - click(findTestObject("OCS-DESKTOP/Age gate and Mega menu/button_CONFIRM")): Object: 'Object Repository/OCS-DESKTOP/Age gate and Mega menu/button_CONFIRM' is clicked on

2019-06-25 18:19:48 - [MESSAGE][PASSED] - Object: 'Object Repository/OCS-DESKTOP/Age gate and Mega menu/button_CONFIRM' is clicked on

2019-06-25 18:19:48 - [TEST_STEP][PASSED] - click(findTestObject("OCS-DESKTOP/Age gate and Mega menu/button_Start Browsing")): Object: 'Object Repository/OCS-DESKTOP/Age gate and Mega menu/button_Start Browsing' is clicked on

2019-06-25 18:19:48 - [MESSAGE][PASSED] - Object: 'Object Repository/OCS-DESKTOP/Age gate and Mega menu/button_Start Browsing' is clicked on

2019-06-25 18:19:48 - [TEST_STEP][PASSED] - delay(2): Delayed 2 second(s)

2019-06-25 18:19:50 - [MESSAGE][PASSED] - Delayed 2 second(s)

2019-06-25 18:19:50 - [TEST_STEP][PASSED] - refresh(): Refresh successfully

2019-06-25 18:19:50 - [MESSAGE][PASSED] - Refresh successfully

2019-06-25 18:19:50 - [MESSAGE][PASSED] - Call Test Case 'Test Cases/OCS - DESKTOP/CALL- Age gate' successfully

2019-06-25 18:19:50 - [TEST_STEP][PASSED] - delay(2): Delayed 2 second(s)

2019-06-25 18:19:52 - [MESSAGE][PASSED] - Delayed 2 second(s)

2019-06-25 18:19:52 - [TEST_STEP][NOT_RUN] - click(findTestObject("OCS-MOBILE /Age gate and burger menu/Burger menu - English")): NOT_RUN: click(findTestObject("OCS-MOBILE /Age gate and burger menu/Burger menu - English"))

2019-06-25 18:19:52 - [MESSAGE][NOT_RUN] - NOT_RUN: click(findTestObject("OCS-MOBILE /Age gate and burger menu/Burger menu - English"))

2019-06-25 18:19:52 - [TEST_STEP][PASSED] - delay(2): Delayed 2 second(s)

2019-06-25 18:19:54 - [MESSAGE][PASSED] - Delayed 2 second(s)

2019-06-25 18:19:54 - [TEST_STEP][PASSED] - click(findTestObject("OCS-DESKTOP/Age gate and Mega menu/Chevron_Cannabis")): Object: 'Object Repository/OCS-DESKTOP/Age gate and Mega menu/Chevron_Cannabis' is clicked on

2019-06-25 18:19:55 - [MESSAGE][PASSED] - Object: 'Object Repository/OCS-DESKTOP/Age gate and Mega menu/Chevron_Cannabis' is clicked on

2019-06-25 18:19:55 - [TEST_STEP][PASSED] - delay(2): Delayed 2 second(s)

2019-06-25 18:19:57 - [MESSAGE][PASSED] - Delayed 2 second(s)

2019-06-25 18:19:57 - [TEST_STEP][PASSED] - click(findTestObject("OCS-DESKTOP/Cannabis page/Dried flower")): Object: 'Object Repository/OCS-DESKTOP/Cannabis page/Dried flower' is clicked on

2019-06-25 18:19:59 - [MESSAGE][PASSED] - Object: 'Object Repository/OCS-DESKTOP/Cannabis page/Dried flower' is clicked on

2019-06-25 18:19:59 - [TEST_STEP][PASSED] - delay(2): Delayed 2 second(s)

2019-06-25 18:20:01 - [MESSAGE][PASSED] - Delayed 2 second(s)

2019-06-25 18:20:01 - [TEST_STEP][NOT_RUN] - click(findTestObject("OCS-DESKTOP/Cannabis page/Dried flower - Indica dominant")): NOT_RUN: click(findTestObject("OCS-DESKTOP/Cannabis page/Dried flower - Indica dominant"))

2019-06-25 18:20:01 - [MESSAGE][NOT_RUN] - NOT_RUN: click(findTestObject("OCS-DESKTOP/Cannabis page/Dried flower - Indica dominant"))

2019-06-25 18:20:01 - [TEST_STEP][PASSED] - executeJavaScript("var previewBar = document.getElementById("preview-bar-iframe"); previewBar.style.display = "none";", []): Execute JavaScript 'var previewBar = document.getElementById("preview-bar-iframe"); previewBar.style.display = "none";' successfully

2019-06-25 18:20:01 - [MESSAGE][PASSED] - Execute JavaScript 'var previewBar = document.getElementById("preview-bar-iframe"); previewBar.style.display = "none";' successfully

2019-06-25 18:20:01 - [TEST_STEP][PASSED] - delay(2): Delayed 2 second(s)

2019-06-25 18:20:03 - [MESSAGE][PASSED] - Delayed 2 second(s)

2019-06-25 18:20:03 - [TEST_STEP][NOT_RUN] - click(findTestObject("OCS-DESKTOP/Collection page/loadmore")): NOT_RUN: click(findTestObject("OCS-DESKTOP/Collection page/loadmore"))

2019-06-25 18:20:03 - [MESSAGE][NOT_RUN] - NOT_RUN: click(findTestObject("OCS-DESKTOP/Collection page/loadmore"))

2019-06-25 18:20:03 - [TEST_STEP][PASSED] - delay(2): Delayed 2 second(s)

2019-06-25 18:20:05 - [MESSAGE][PASSED] - Delayed 2 second(s)

2019-06-25 18:20:05 - [TEST_STEP][PASSED] - click(findTestObject("OCS-DESKTOP/Collection page/What to consider")): Object: 'Object Repository/OCS-DESKTOP/Collection page/What to consider' is clicked on

2019-06-25 18:20:08 - [MESSAGE][PASSED] - Object: 'Object Repository/OCS-DESKTOP/Collection page/What to consider' is clicked on

2019-06-25 18:20:08 - [TEST_STEP][PASSED] - verifyTextPresent("Six things to know before deciding to consume cannabis.", false): Text 'Six things to know before deciding to consume cannabis.' is present on page 

2019-06-25 18:20:09 - [MESSAGE][PASSED] - Text 'Six things to know before deciding to consume cannabis.' is present on page]]></system-out>
         <system-err><![CDATA[]]></system-err>
      </testcase>
      <testcase name="Test Cases/OCS - DESKTOP/OCS-COLLECTION PAGE/Filter" classname="Test Cases/OCS - DESKTOP/OCS-COLLECTION PAGE/Filter" status="PASSED">
         <system-out><![CDATA[2019-06-25 18:20:09 - [TEST_CASE][PASSED] - Test Cases/OCS - DESKTOP/OCS-COLLECTION PAGE/Filter: Test Cases/OCS - DESKTOP/OCS-COLLECTION PAGE/Filter

2019-06-25 18:20:09 - [TEST_STEP][PASSED] - callTestCase(findTestCase("OCS - DESKTOP/CALL- Age gate"), [:], STOP_ON_FAILURE): Call Test Case 'Test Cases/OCS - DESKTOP/CALL- Age gate' successfully

2019-06-25 18:20:09 - [TEST_CASE][PASSED] - Test Cases/OCS - DESKTOP/CALL- Age gate: Test Cases/OCS - DESKTOP/CALL- Age gate

2019-06-25 18:20:09 - [TEST_STEP][PASSED] - openBrowser(""): Browser is opened with url: ''

2019-06-25 18:20:09 - [MESSAGE][WARNING] - A browser is already opened. Closing browser and opening a new one

2019-06-25 18:20:09 - [MESSAGE][INFO] - Starting 'Chrome' driver

2019-06-25 18:20:10 - [MESSAGE][PASSED] - Browser is opened with url: ''

2019-06-25 18:20:10 - [TEST_STEP][PASSED] - navigateToUrl("https://ocs.ca/?fts=0&preview_theme_id=72920106828"): Navigate to 'https://ocs.ca/?fts=0&preview_theme_id=72920106828' successfully

2019-06-25 18:20:15 - [MESSAGE][PASSED] - Navigate to 'https://ocs.ca/?fts=0&preview_theme_id=72920106828' successfully

2019-06-25 18:20:15 - [TEST_STEP][PASSED] - maximizeWindow(): Current window maximized

2019-06-25 18:20:15 - [MESSAGE][PASSED] - Current window maximized

2019-06-25 18:20:15 - [TEST_STEP][PASSED] - delay(2): Delayed 2 second(s)

2019-06-25 18:20:17 - [MESSAGE][PASSED] - Delayed 2 second(s)

2019-06-25 18:20:17 - [TEST_STEP][PASSED] - executeJavaScript("var previewBar = document.getElementById("preview-bar-iframe"); previewBar.style.display = "none";", []): Execute JavaScript 'var previewBar = document.getElementById("preview-bar-iframe"); previewBar.style.display = "none";' successfully

2019-06-25 18:20:17 - [MESSAGE][PASSED] - Execute JavaScript 'var previewBar = document.getElementById("preview-bar-iframe"); previewBar.style.display = "none";' successfully

2019-06-25 18:20:17 - [TEST_STEP][PASSED] - selectOptionByValue(findTestObject("OCS-DESKTOP/Age gate and Mega menu/Date"), "12", true): All options with value '12' are selected in object 'Object Repository/OCS-DESKTOP/Age gate and Mega menu/Date'  using regular expression

2019-06-25 18:20:18 - [MESSAGE][PASSED] - All options with value '12' are selected in object 'Object Repository/OCS-DESKTOP/Age gate and Mega menu/Date'  using regular expression

2019-06-25 18:20:18 - [TEST_STEP][PASSED] - selectOptionByValue(findTestObject("OCS-DESKTOP/Age gate and Mega menu/month"), "6", true): All options with value '6' are selected in object 'Object Repository/OCS-DESKTOP/Age gate and Mega menu/month'  using regular expression

2019-06-25 18:20:18 - [MESSAGE][PASSED] - All options with value '6' are selected in object 'Object Repository/OCS-DESKTOP/Age gate and Mega menu/month'  using regular expression

2019-06-25 18:20:18 - [TEST_STEP][PASSED] - delay(2): Delayed 2 second(s)

2019-06-25 18:20:20 - [MESSAGE][PASSED] - Delayed 2 second(s)

2019-06-25 18:20:20 - [TEST_STEP][PASSED] - selectOptionByValue(findTestObject("OCS-DESKTOP/Age gate and Mega menu/Year Dropdown"), "1990", true): All options with value '1990' are selected in object 'Object Repository/OCS-DESKTOP/Age gate and Mega menu/Year Dropdown'  using regular expression

2019-06-25 18:20:21 - [MESSAGE][PASSED] - All options with value '1990' are selected in object 'Object Repository/OCS-DESKTOP/Age gate and Mega menu/Year Dropdown'  using regular expression

2019-06-25 18:20:21 - [TEST_STEP][PASSED] - click(findTestObject("OCS-DESKTOP/Age gate and Mega menu/button_Verify")): Object: 'Object Repository/OCS-DESKTOP/Age gate and Mega menu/button_Verify' is clicked on

2019-06-25 18:20:21 - [MESSAGE][PASSED] - Object: 'Object Repository/OCS-DESKTOP/Age gate and Mega menu/button_Verify' is clicked on

2019-06-25 18:20:21 - [TEST_STEP][PASSED] - click(findTestObject("OCS-DESKTOP/Age gate and Mega menu/Checkbox_CONFIRM AND ACKNOWLEDGE")): Object: 'Object Repository/OCS-DESKTOP/Age gate and Mega menu/Checkbox_CONFIRM AND ACKNOWLEDGE' is clicked on

2019-06-25 18:20:21 - [MESSAGE][PASSED] - Object: 'Object Repository/OCS-DESKTOP/Age gate and Mega menu/Checkbox_CONFIRM AND ACKNOWLEDGE' is clicked on

2019-06-25 18:20:21 - [TEST_STEP][PASSED] - click(findTestObject("OCS-DESKTOP/Age gate and Mega menu/button_CONFIRM")): Object: 'Object Repository/OCS-DESKTOP/Age gate and Mega menu/button_CONFIRM' is clicked on

2019-06-25 18:20:21 - [MESSAGE][PASSED] - Object: 'Object Repository/OCS-DESKTOP/Age gate and Mega menu/button_CONFIRM' is clicked on

2019-06-25 18:20:21 - [TEST_STEP][PASSED] - click(findTestObject("OCS-DESKTOP/Age gate and Mega menu/button_Start Browsing")): Object: 'Object Repository/OCS-DESKTOP/Age gate and Mega menu/button_Start Browsing' is clicked on

2019-06-25 18:20:21 - [MESSAGE][PASSED] - Object: 'Object Repository/OCS-DESKTOP/Age gate and Mega menu/button_Start Browsing' is clicked on

2019-06-25 18:20:21 - [TEST_STEP][PASSED] - delay(2): Delayed 2 second(s)

2019-06-25 18:20:23 - [MESSAGE][PASSED] - Delayed 2 second(s)

2019-06-25 18:20:23 - [TEST_STEP][PASSED] - refresh(): Refresh successfully

2019-06-25 18:20:23 - [MESSAGE][PASSED] - Refresh successfully

2019-06-25 18:20:23 - [MESSAGE][PASSED] - Call Test Case 'Test Cases/OCS - DESKTOP/CALL- Age gate' successfully

2019-06-25 18:20:23 - [TEST_STEP][NOT_RUN] - click(findTestObject("OCS-MOBILE /Age gate and burger menu/Burger menu - English")): NOT_RUN: click(findTestObject("OCS-MOBILE /Age gate and burger menu/Burger menu - English"))

2019-06-25 18:20:23 - [MESSAGE][NOT_RUN] - NOT_RUN: click(findTestObject("OCS-MOBILE /Age gate and burger menu/Burger menu - English"))

2019-06-25 18:20:23 - [TEST_STEP][PASSED] - delay(2): Delayed 2 second(s)

2019-06-25 18:20:25 - [MESSAGE][PASSED] - Delayed 2 second(s)

2019-06-25 18:20:25 - [TEST_STEP][PASSED] - click(findTestObject("OCS-DESKTOP/Age gate and Mega menu/Chevron_Cannabis")): Object: 'Object Repository/OCS-DESKTOP/Age gate and Mega menu/Chevron_Cannabis' is clicked on

2019-06-25 18:20:26 - [MESSAGE][PASSED] - Object: 'Object Repository/OCS-DESKTOP/Age gate and Mega menu/Chevron_Cannabis' is clicked on

2019-06-25 18:20:26 - [TEST_STEP][PASSED] - delay(1): Delayed 1 second(s)

2019-06-25 18:20:27 - [MESSAGE][PASSED] - Delayed 1 second(s)

2019-06-25 18:20:27 - [TEST_STEP][PASSED] - click(findTestObject("OCS-DESKTOP/Cannabis page/Dried flower")): Object: 'Object Repository/OCS-DESKTOP/Cannabis page/Dried flower' is clicked on

2019-06-25 18:20:30 - [MESSAGE][PASSED] - Object: 'Object Repository/OCS-DESKTOP/Cannabis page/Dried flower' is clicked on

2019-06-25 18:20:30 - [TEST_STEP][PASSED] - delay(1): Delayed 1 second(s)

2019-06-25 18:20:31 - [MESSAGE][PASSED] - Delayed 1 second(s)

2019-06-25 18:20:31 - [TEST_STEP][NOT_RUN] - click(findTestObject("OCS-DESKTOP/Cannabis page/Dried flower - Indica dominant")): NOT_RUN: click(findTestObject("OCS-DESKTOP/Cannabis page/Dried flower - Indica dominant"))

2019-06-25 18:20:31 - [MESSAGE][NOT_RUN] - NOT_RUN: click(findTestObject("OCS-DESKTOP/Cannabis page/Dried flower - Indica dominant"))

2019-06-25 18:20:31 - [TEST_STEP][PASSED] - delay(1): Delayed 1 second(s)

2019-06-25 18:20:32 - [MESSAGE][PASSED] - Delayed 1 second(s)

2019-06-25 18:20:32 - [TEST_STEP][PASSED] - click(findTestObject("OCS-DESKTOP/Filter flyout/Filter option")): Object: 'Object Repository/OCS-DESKTOP/Filter flyout/Filter option' is clicked on

2019-06-25 18:20:32 - [MESSAGE][PASSED] - Object: 'Object Repository/OCS-DESKTOP/Filter flyout/Filter option' is clicked on

2019-06-25 18:20:32 - [TEST_STEP][PASSED] - delay(2): Delayed 2 second(s)

2019-06-25 18:20:34 - [MESSAGE][PASSED] - Delayed 2 second(s)

2019-06-25 18:20:34 - [TEST_STEP][PASSED] - mouseOver(findTestObject("OCS-DESKTOP/Filter flyout/THC - CBD Tool tip")): Object: 'Object Repository/OCS-DESKTOP/Filter flyout/THC - CBD Tool tip' is hovered

2019-06-25 18:20:34 - [MESSAGE][PASSED] - Object: 'Object Repository/OCS-DESKTOP/Filter flyout/THC - CBD Tool tip' is hovered

2019-06-25 18:20:34 - [TEST_STEP][PASSED] - click(findTestObject("OCS-DESKTOP/Filter flyout/Click element outside")): Object: 'Object Repository/OCS-DESKTOP/Filter flyout/Click element outside' is clicked on

2019-06-25 18:20:34 - [MESSAGE][PASSED] - Object: 'Object Repository/OCS-DESKTOP/Filter flyout/Click element outside' is clicked on

2019-06-25 18:20:34 - [TEST_STEP][PASSED] - delay(2): Delayed 2 second(s)

2019-06-25 18:20:36 - [MESSAGE][PASSED] - Delayed 2 second(s)

2019-06-25 18:20:36 - [TEST_STEP][PASSED] - click(findTestObject("OCS-DESKTOP/Filter flyout/THC CBD plus accordian")): Object: 'Object Repository/OCS-DESKTOP/Filter flyout/THC CBD plus accordian' is clicked on

2019-06-25 18:20:36 - [MESSAGE][PASSED] - Object: 'Object Repository/OCS-DESKTOP/Filter flyout/THC CBD plus accordian' is clicked on

2019-06-25 18:20:36 - [TEST_STEP][PASSED] - delay(2): Delayed 2 second(s)

2019-06-25 18:20:38 - [MESSAGE][PASSED] - Delayed 2 second(s)

2019-06-25 18:20:38 - [TEST_STEP][PASSED] - click(findTestObject("OCS-DESKTOP/Filter flyout/THC - CBD Subtract accordian")): Object: 'Object Repository/OCS-DESKTOP/Filter flyout/THC - CBD Subtract accordian' is clicked on

2019-06-25 18:20:38 - [MESSAGE][PASSED] - Object: 'Object Repository/OCS-DESKTOP/Filter flyout/THC - CBD Subtract accordian' is clicked on

2019-06-25 18:20:38 - [TEST_STEP][PASSED] - delay(2): Delayed 2 second(s)

2019-06-25 18:20:40 - [MESSAGE][PASSED] - Delayed 2 second(s)

2019-06-25 18:20:40 - [TEST_STEP][PASSED] - click(findTestObject("OCS-DESKTOP/Filter flyout/THC CBD plus accordian")): Object: 'Object Repository/OCS-DESKTOP/Filter flyout/THC CBD plus accordian' is clicked on

2019-06-25 18:20:40 - [MESSAGE][PASSED] - Object: 'Object Repository/OCS-DESKTOP/Filter flyout/THC CBD plus accordian' is clicked on

2019-06-25 18:20:40 - [TEST_STEP][NOT_RUN] - click(findTestObject("OCS-MOBILE /Filter flyout/div_18.00")): NOT_RUN: click(findTestObject("OCS-MOBILE /Filter flyout/div_18.00"))

2019-06-25 18:20:40 - [MESSAGE][NOT_RUN] - NOT_RUN: click(findTestObject("OCS-MOBILE /Filter flyout/div_18.00"))

2019-06-25 18:20:40 - [TEST_STEP][NOT_RUN] - delay(2): NOT_RUN: delay(2)

2019-06-25 18:20:40 - [MESSAGE][NOT_RUN] - NOT_RUN: delay(2)

2019-06-25 18:20:40 - [TEST_STEP][NOT_RUN] - click(findTestObject("OCS-MOBILE /Filter flyout/div_25.00")): NOT_RUN: click(findTestObject("OCS-MOBILE /Filter flyout/div_25.00"))

2019-06-25 18:20:40 - [MESSAGE][NOT_RUN] - NOT_RUN: click(findTestObject("OCS-MOBILE /Filter flyout/div_25.00"))

2019-06-25 18:20:40 - [TEST_STEP][NOT_RUN] - delay(2): NOT_RUN: delay(2)

2019-06-25 18:20:40 - [MESSAGE][NOT_RUN] - NOT_RUN: delay(2)

2019-06-25 18:20:40 - [TEST_STEP][NOT_RUN] - click(findTestObject("OCS-MOBILE /Filter flyout/div_14.00")): NOT_RUN: click(findTestObject("OCS-MOBILE /Filter flyout/div_14.00"))

2019-06-25 18:20:40 - [MESSAGE][NOT_RUN] - NOT_RUN: click(findTestObject("OCS-MOBILE /Filter flyout/div_14.00"))

2019-06-25 18:20:40 - [TEST_STEP][NOT_RUN] - delay(2): NOT_RUN: delay(2)

2019-06-25 18:20:40 - [MESSAGE][NOT_RUN] - NOT_RUN: delay(2)

2019-06-25 18:20:40 - [TEST_STEP][NOT_RUN] - click(findTestObject("OCS-MOBILE /Filter flyout/div_19.00")): NOT_RUN: click(findTestObject("OCS-MOBILE /Filter flyout/div_19.00"))

2019-06-25 18:20:40 - [MESSAGE][NOT_RUN] - NOT_RUN: click(findTestObject("OCS-MOBILE /Filter flyout/div_19.00"))

2019-06-25 18:20:40 - [TEST_STEP][PASSED] - delay(2): Delayed 2 second(s)

2019-06-25 18:20:42 - [MESSAGE][PASSED] - Delayed 2 second(s)

2019-06-25 18:20:42 - [TEST_STEP][NOT_RUN] - click(findTestObject("OCS-MOBILE /Filter flyout/Learn More About THC CBD")): NOT_RUN: click(findTestObject("OCS-MOBILE /Filter flyout/Learn More About THC CBD"))

2019-06-25 18:20:42 - [MESSAGE][NOT_RUN] - NOT_RUN: click(findTestObject("OCS-MOBILE /Filter flyout/Learn More About THC CBD"))

2019-06-25 18:20:42 - [TEST_STEP][PASSED] - delay(4): Delayed 4 second(s)

2019-06-25 18:20:46 - [MESSAGE][PASSED] - Delayed 4 second(s)

2019-06-25 18:20:46 - [TEST_STEP][NOT_RUN] - callTestCase(findTestCase("OCS - MOBILE/OCS-COLLECTION PAGE/calling test case"), [:], STOP_ON_FAILURE): NOT_RUN: callTestCase(findTestCase("OCS - MOBILE/OCS-COLLECTION PAGE/calling test case"), [:], STOP_ON_FAILURE)

2019-06-25 18:20:46 - [MESSAGE][NOT_RUN] - NOT_RUN: callTestCase(findTestCase("OCS - MOBILE/OCS-COLLECTION PAGE/calling test case"), [:], STOP_ON_FAILURE)

2019-06-25 18:20:46 - [TEST_STEP][NOT_RUN] - click(findTestObject("OCS-MOBILE /Filter flyout/Filter option")): NOT_RUN: click(findTestObject("OCS-MOBILE /Filter flyout/Filter option"))

2019-06-25 18:20:46 - [MESSAGE][NOT_RUN] - NOT_RUN: click(findTestObject("OCS-MOBILE /Filter flyout/Filter option"))

2019-06-25 18:20:46 - [TEST_STEP][PASSED] - click(findTestObject("OCS-DESKTOP/Filter flyout/Plant type tooltip")): Object: 'Object Repository/OCS-DESKTOP/Filter flyout/Plant type tooltip' is clicked on

2019-06-25 18:20:46 - [MESSAGE][PASSED] - Object: 'Object Repository/OCS-DESKTOP/Filter flyout/Plant type tooltip' is clicked on

2019-06-25 18:20:46 - [TEST_STEP][PASSED] - delay(2): Delayed 2 second(s)

2019-06-25 18:20:48 - [MESSAGE][PASSED] - Delayed 2 second(s)

2019-06-25 18:20:48 - [TEST_STEP][PASSED] - click(findTestObject("OCS-DESKTOP/Filter flyout/Click element outside")): Object: 'Object Repository/OCS-DESKTOP/Filter flyout/Click element outside' is clicked on

2019-06-25 18:20:49 - [MESSAGE][PASSED] - Object: 'Object Repository/OCS-DESKTOP/Filter flyout/Click element outside' is clicked on

2019-06-25 18:20:49 - [TEST_STEP][PASSED] - click(findTestObject("OCS-DESKTOP/Filter flyout/Plant type plus accordian")): Object: 'Object Repository/OCS-DESKTOP/Filter flyout/Plant type plus accordian' is clicked on

2019-06-25 18:20:49 - [MESSAGE][PASSED] - Object: 'Object Repository/OCS-DESKTOP/Filter flyout/Plant type plus accordian' is clicked on

2019-06-25 18:20:49 - [TEST_STEP][PASSED] - delay(1): Delayed 1 second(s)

2019-06-25 18:20:50 - [MESSAGE][PASSED] - Delayed 1 second(s)

2019-06-25 18:20:50 - [TEST_STEP][PASSED] - click(findTestObject("OCS-DESKTOP/Filter flyout/Plant type subtract accordian")): Object: 'Object Repository/OCS-DESKTOP/Filter flyout/Plant type subtract accordian' is clicked on

2019-06-25 18:20:50 - [MESSAGE][PASSED] - Object: 'Object Repository/OCS-DESKTOP/Filter flyout/Plant type subtract accordian' is clicked on

2019-06-25 18:20:50 - [TEST_STEP][PASSED] - delay(1): Delayed 1 second(s)

2019-06-25 18:20:51 - [MESSAGE][PASSED] - Delayed 1 second(s)

2019-06-25 18:20:51 - [TEST_STEP][PASSED] - click(findTestObject("OCS-DESKTOP/Filter flyout/Plant type plus accordian")): Object: 'Object Repository/OCS-DESKTOP/Filter flyout/Plant type plus accordian' is clicked on

2019-06-25 18:20:51 - [MESSAGE][PASSED] - Object: 'Object Repository/OCS-DESKTOP/Filter flyout/Plant type plus accordian' is clicked on

2019-06-25 18:20:51 - [TEST_STEP][PASSED] - delay(2): Delayed 2 second(s)

2019-06-25 18:20:53 - [MESSAGE][PASSED] - Delayed 2 second(s)

2019-06-25 18:20:53 - [TEST_STEP][PASSED] - click(findTestObject("OCS-DESKTOP/Filter flyout/Indica Dominant")): Object: 'Object Repository/OCS-DESKTOP/Filter flyout/Indica Dominant' is clicked on

2019-06-25 18:20:53 - [MESSAGE][PASSED] - Object: 'Object Repository/OCS-DESKTOP/Filter flyout/Indica Dominant' is clicked on

2019-06-25 18:20:53 - [TEST_STEP][PASSED] - delay(2): Delayed 2 second(s)

2019-06-25 18:20:55 - [MESSAGE][PASSED] - Delayed 2 second(s)

2019-06-25 18:20:55 - [TEST_STEP][PASSED] - click(findTestObject("OCS-DESKTOP/Filter flyout/Sativa Dominant")): Object: 'Object Repository/OCS-DESKTOP/Filter flyout/Sativa Dominant' is clicked on

2019-06-25 18:20:55 - [MESSAGE][PASSED] - Object: 'Object Repository/OCS-DESKTOP/Filter flyout/Sativa Dominant' is clicked on

2019-06-25 18:20:55 - [TEST_STEP][PASSED] - delay(2): Delayed 2 second(s)

2019-06-25 18:20:57 - [MESSAGE][PASSED] - Delayed 2 second(s)

2019-06-25 18:20:57 - [TEST_STEP][PASSED] - click(findTestObject("OCS-DESKTOP/Filter flyout/Hybrid")): Object: 'Object Repository/OCS-DESKTOP/Filter flyout/Hybrid' is clicked on

2019-06-25 18:20:57 - [MESSAGE][PASSED] - Object: 'Object Repository/OCS-DESKTOP/Filter flyout/Hybrid' is clicked on

2019-06-25 18:20:57 - [TEST_STEP][PASSED] - delay(2): Delayed 2 second(s)

2019-06-25 18:20:59 - [MESSAGE][PASSED] - Delayed 2 second(s)

2019-06-25 18:20:59 - [TEST_STEP][PASSED] - click(findTestObject("OCS-DESKTOP/Filter flyout/Blend")): Object: 'Object Repository/OCS-DESKTOP/Filter flyout/Blend' is clicked on

2019-06-25 18:20:59 - [MESSAGE][PASSED] - Object: 'Object Repository/OCS-DESKTOP/Filter flyout/Blend' is clicked on

2019-06-25 18:20:59 - [TEST_STEP][PASSED] - delay(2): Delayed 2 second(s)

2019-06-25 18:21:01 - [MESSAGE][PASSED] - Delayed 2 second(s)

2019-06-25 18:21:01 - [TEST_STEP][NOT_RUN] - click(findTestObject("Object Repository/COLLECTION PAGE _OR/Filter_OR/Page_Pre-Rolled  Ontario Cannabis S/label_Sativa Dominant")): NOT_RUN: click(findTestObject("Object Repository/COLLECTION PAGE _OR/Filter_OR/Page_Pre-Rolled  Ontario Cannabis S/label_Sativa Dominant"))

2019-06-25 18:21:01 - [MESSAGE][NOT_RUN] - NOT_RUN: click(findTestObject("Object Repository/COLLECTION PAGE _OR/Filter_OR/Page_Pre-Rolled  Ontario Cannabis S/label_Sativa Dominant"))

2019-06-25 18:21:01 - [TEST_STEP][NOT_RUN] - delay(2): NOT_RUN: delay(2)

2019-06-25 18:21:01 - [MESSAGE][NOT_RUN] - NOT_RUN: delay(2)

2019-06-25 18:21:01 - [TEST_STEP][NOT_RUN] - click(findTestObject("Object Repository/COLLECTION PAGE _OR/Filter_OR/Page_Pre-Rolled  Ontario Cannabis S/label_Hybrid")): NOT_RUN: click(findTestObject("Object Repository/COLLECTION PAGE _OR/Filter_OR/Page_Pre-Rolled  Ontario Cannabis S/label_Hybrid"))

2019-06-25 18:21:01 - [MESSAGE][NOT_RUN] - NOT_RUN: click(findTestObject("Object Repository/COLLECTION PAGE _OR/Filter_OR/Page_Pre-Rolled  Ontario Cannabis S/label_Hybrid"))

2019-06-25 18:21:01 - [TEST_STEP][NOT_RUN] - delay(2): NOT_RUN: delay(2)

2019-06-25 18:21:01 - [MESSAGE][NOT_RUN] - NOT_RUN: delay(2)

2019-06-25 18:21:01 - [TEST_STEP][NOT_RUN] - click(findTestObject("Object Repository/COLLECTION PAGE _OR/Filter_OR/Page_Pre-Rolled  Ontario Cannabis S/label_Blend")): NOT_RUN: click(findTestObject("Object Repository/COLLECTION PAGE _OR/Filter_OR/Page_Pre-Rolled  Ontario Cannabis S/label_Blend"))

2019-06-25 18:21:01 - [MESSAGE][NOT_RUN] - NOT_RUN: click(findTestObject("Object Repository/COLLECTION PAGE _OR/Filter_OR/Page_Pre-Rolled  Ontario Cannabis S/label_Blend"))

2019-06-25 18:21:01 - [TEST_STEP][NOT_RUN] - delay(2): NOT_RUN: delay(2)

2019-06-25 18:21:01 - [MESSAGE][NOT_RUN] - NOT_RUN: delay(2)

2019-06-25 18:21:01 - [TEST_STEP][NOT_RUN] - click(findTestObject("OCS-MOBILE /Filter flyout/Learn More About Plant Type")): NOT_RUN: click(findTestObject("OCS-MOBILE /Filter flyout/Learn More About Plant Type"))

2019-06-25 18:21:01 - [MESSAGE][NOT_RUN] - NOT_RUN: click(findTestObject("OCS-MOBILE /Filter flyout/Learn More About Plant Type"))

2019-06-25 18:21:01 - [TEST_STEP][NOT_RUN] - delay(2): NOT_RUN: delay(2)

2019-06-25 18:21:01 - [MESSAGE][NOT_RUN] - NOT_RUN: delay(2)

2019-06-25 18:21:01 - [TEST_STEP][NOT_RUN] - callTestCase(findTestCase("OCS - MOBILE/OCS-COLLECTION PAGE/calling test case"), [:], STOP_ON_FAILURE): NOT_RUN: callTestCase(findTestCase("OCS - MOBILE/OCS-COLLECTION PAGE/calling test case"), [:], STOP_ON_FAILURE)

2019-06-25 18:21:01 - [MESSAGE][NOT_RUN] - NOT_RUN: callTestCase(findTestCase("OCS - MOBILE/OCS-COLLECTION PAGE/calling test case"), [:], STOP_ON_FAILURE)

2019-06-25 18:21:01 - [TEST_STEP][PASSED] - click(findTestObject("OCS-DESKTOP/Filter flyout/Plant type subtract accordian")): Object: 'Object Repository/OCS-DESKTOP/Filter flyout/Plant type subtract accordian' is clicked on

2019-06-25 18:21:01 - [MESSAGE][PASSED] - Object: 'Object Repository/OCS-DESKTOP/Filter flyout/Plant type subtract accordian' is clicked on

2019-06-25 18:21:01 - [TEST_STEP][PASSED] - delay(1): Delayed 1 second(s)

2019-06-25 18:21:02 - [MESSAGE][PASSED] - Delayed 1 second(s)

2019-06-25 18:21:02 - [TEST_STEP][PASSED] - click(findTestObject("OCS-DESKTOP/Filter flyout/Filter option"), OPTIONAL): Unable to click on object 'Object Repository/OCS-DESKTOP/Filter flyout/Filter option' (Root cause: org.openqa.selenium.WebDriverException: unknown error: Element <a data-flyout="#flyout--filters" tabindex="0">...</a> is not clickable at point (1237, 428). Other element would receive the click: <i id="collection-subsubcategory-tooltip" class="icon icon--question-mark js-tooltip" data-placement-desktop="right-start" data-placement-mobile="right-start" data-header="Dried Flower Type" data-description="Choose a product type"></i>
  (Session info: chrome=75.0.3770.100)
  (Driver info: chromedriver=2.43.600229 (3fae4d0cda5334b4f533bede5a4787f7b832d052),platform=Mac OS X 10.13.6 x86_64) (WARNING: The server did not provide any stacktrace information)
Command duration or timeout: 0 milliseconds
Build info: version: '3.7.1', revision: '8a0099a', time: '2017-11-06T21:07:36.161Z'
System info: host: 'sumans-MacBook-Pro.local', ip: 'fe80:0:0:0:b7:68e8:717b:cb34%en0', os.name: 'Mac OS X', os.arch: 'x86_64', os.version: '10.13.6', java.version: '1.8.0_181'
Driver info: com.kms.katalon.selenium.driver.CChromeDriver
Capabilities {acceptInsecureCerts: false, acceptSslCerts: false, applicationCacheEnabled: false, browserConnectionEnabled: false, browserName: chrome, chrome: {chromedriverVersion: 2.43.600229 (3fae4d0cda5334..., userDataDir: /var/folders/1t/c55l8xzs6gq...}, cssSelectorsEnabled: true, databaseEnabled: false, goog:chromeOptions: {debuggerAddress: localhost:62360}, handlesAlerts: true, hasTouchScreen: false, javascriptEnabled: true, locationContextEnabled: true, mobileEmulationEnabled: false, nativeEvents: true, networkConnectionEnabled: false, pageLoadStrategy: normal, platform: MAC, platformName: MAC, rotatable: false, setWindowRect: true, takesHeapSnapshot: true, takesScreenshot: true, unexpectedAlertBehaviour: , unhandledPromptBehavior: , version: 75.0.3770.100, webStorageEnabled: true}
Session ID: d14d08009b9acf1a302e86f01972ab12)

2019-06-25 18:21:03 - [MESSAGE][WARNING] - Unable to click on object 'Object Repository/OCS-DESKTOP/Filter flyout/Filter option' (Root cause: org.openqa.selenium.WebDriverException: unknown error: Element <a data-flyout="#flyout--filters" tabindex="0">...</a> is not clickable at point (1237, 428). Other element would receive the click: <i id="collection-subsubcategory-tooltip" class="icon icon--question-mark js-tooltip" data-placement-desktop="right-start" data-placement-mobile="right-start" data-header="Dried Flower Type" data-description="Choose a product type"></i>
  (Session info: chrome=75.0.3770.100)
  (Driver info: chromedriver=2.43.600229 (3fae4d0cda5334b4f533bede5a4787f7b832d052),platform=Mac OS X 10.13.6 x86_64) (WARNING: The server did not provide any stacktrace information)
Command duration or timeout: 0 milliseconds
Build info: version: '3.7.1', revision: '8a0099a', time: '2017-11-06T21:07:36.161Z'
System info: host: 'sumans-MacBook-Pro.local', ip: 'fe80:0:0:0:b7:68e8:717b:cb34%en0', os.name: 'Mac OS X', os.arch: 'x86_64', os.version: '10.13.6', java.version: '1.8.0_181'
Driver info: com.kms.katalon.selenium.driver.CChromeDriver
Capabilities {acceptInsecureCerts: false, acceptSslCerts: false, applicationCacheEnabled: false, browserConnectionEnabled: false, browserName: chrome, chrome: {chromedriverVersion: 2.43.600229 (3fae4d0cda5334..., userDataDir: /var/folders/1t/c55l8xzs6gq...}, cssSelectorsEnabled: true, databaseEnabled: false, goog:chromeOptions: {debuggerAddress: localhost:62360}, handlesAlerts: true, hasTouchScreen: false, javascriptEnabled: true, locationContextEnabled: true, mobileEmulationEnabled: false, nativeEvents: true, networkConnectionEnabled: false, pageLoadStrategy: normal, platform: MAC, platformName: MAC, rotatable: false, setWindowRect: true, takesHeapSnapshot: true, takesScreenshot: true, unexpectedAlertBehaviour: , unhandledPromptBehavior: , version: 75.0.3770.100, webStorageEnabled: true}
Session ID: d14d08009b9acf1a302e86f01972ab12)
[[ATTACHMENT|/Users/sumankompelly/Relative xpath-Desktop/Reports/OCS - 1.10.2.1/20190625_174612/1561501262525.png]]

2019-06-25 18:21:03 - [TEST_STEP][PASSED] - executeJavaScript("var previewBar = document.getElementById("preview-bar-iframe"); previewBar.style.display = "none";", []): Execute JavaScript 'var previewBar = document.getElementById("preview-bar-iframe"); previewBar.style.display = "none";' successfully

2019-06-25 18:21:03 - [MESSAGE][PASSED] - Execute JavaScript 'var previewBar = document.getElementById("preview-bar-iframe"); previewBar.style.display = "none";' successfully

2019-06-25 18:21:03 - [TEST_STEP][PASSED] - click(findTestObject("OCS-DESKTOP/Filter flyout/Brand tool tip")): Object: 'Object Repository/OCS-DESKTOP/Filter flyout/Brand tool tip' is clicked on

2019-06-25 18:21:03 - [MESSAGE][PASSED] - Object: 'Object Repository/OCS-DESKTOP/Filter flyout/Brand tool tip' is clicked on

2019-06-25 18:21:03 - [TEST_STEP][PASSED] - click(findTestObject("OCS-DESKTOP/Filter flyout/Click element outside")): Object: 'Object Repository/OCS-DESKTOP/Filter flyout/Click element outside' is clicked on

2019-06-25 18:21:03 - [MESSAGE][PASSED] - Object: 'Object Repository/OCS-DESKTOP/Filter flyout/Click element outside' is clicked on

2019-06-25 18:21:03 - [TEST_STEP][PASSED] - delay(1): Delayed 1 second(s)

2019-06-25 18:21:04 - [MESSAGE][PASSED] - Delayed 1 second(s)

2019-06-25 18:21:04 - [TEST_STEP][PASSED] - click(findTestObject("OCS-DESKTOP/Filter flyout/Brand plus accordian")): Object: 'Object Repository/OCS-DESKTOP/Filter flyout/Brand plus accordian' is clicked on

2019-06-25 18:21:04 - [MESSAGE][PASSED] - Object: 'Object Repository/OCS-DESKTOP/Filter flyout/Brand plus accordian' is clicked on

2019-06-25 18:21:04 - [TEST_STEP][PASSED] - delay(2): Delayed 2 second(s)

2019-06-25 18:21:06 - [MESSAGE][PASSED] - Delayed 2 second(s)

2019-06-25 18:21:06 - [TEST_STEP][PASSED] - click(findTestObject("OCS-DESKTOP/Filter flyout/Brand subtract accordian")): Object: 'Object Repository/OCS-DESKTOP/Filter flyout/Brand subtract accordian' is clicked on

2019-06-25 18:21:06 - [MESSAGE][PASSED] - Object: 'Object Repository/OCS-DESKTOP/Filter flyout/Brand subtract accordian' is clicked on

2019-06-25 18:21:06 - [TEST_STEP][PASSED] - delay(1): Delayed 1 second(s)

2019-06-25 18:21:07 - [MESSAGE][PASSED] - Delayed 1 second(s)

2019-06-25 18:21:07 - [TEST_STEP][PASSED] - click(findTestObject("OCS-DESKTOP/Filter flyout/Brand plus accordian")): Object: 'Object Repository/OCS-DESKTOP/Filter flyout/Brand plus accordian' is clicked on

2019-06-25 18:21:07 - [MESSAGE][PASSED] - Object: 'Object Repository/OCS-DESKTOP/Filter flyout/Brand plus accordian' is clicked on

2019-06-25 18:21:07 - [TEST_STEP][PASSED] - delay(2): Delayed 2 second(s)

2019-06-25 18:21:09 - [MESSAGE][PASSED] - Delayed 2 second(s)

2019-06-25 18:21:09 - [TEST_STEP][PASSED] - click(findTestObject("OCS-DESKTOP/Filter flyout/Edison"), OPTIONAL): Object: 'Object Repository/OCS-DESKTOP/Filter flyout/Edison' is clicked on

2019-06-25 18:21:09 - [MESSAGE][PASSED] - Object: 'Object Repository/OCS-DESKTOP/Filter flyout/Edison' is clicked on

2019-06-25 18:21:09 - [TEST_STEP][PASSED] - delay(2, OPTIONAL): Delayed 2 second(s)

2019-06-25 18:21:11 - [MESSAGE][PASSED] - Delayed 2 second(s)

2019-06-25 18:21:11 - [TEST_STEP][PASSED] - delay(2, OPTIONAL): Delayed 2 second(s)

2019-06-25 18:21:13 - [MESSAGE][PASSED] - Delayed 2 second(s)

2019-06-25 18:21:13 - [TEST_STEP][PASSED] - click(findTestObject("OCS-DESKTOP/Filter flyout/Haven St"), OPTIONAL): Object: 'Object Repository/OCS-DESKTOP/Filter flyout/Haven St' is clicked on

2019-06-25 18:21:13 - [MESSAGE][PASSED] - Object: 'Object Repository/OCS-DESKTOP/Filter flyout/Haven St' is clicked on

2019-06-25 18:21:13 - [TEST_STEP][PASSED] - delay(2, OPTIONAL): Delayed 2 second(s)

2019-06-25 18:21:15 - [MESSAGE][PASSED] - Delayed 2 second(s)

2019-06-25 18:21:15 - [TEST_STEP][PASSED] - click(findTestObject("OCS-DESKTOP/Filter flyout/Emerald"), OPTIONAL): Object: 'Object Repository/OCS-DESKTOP/Filter flyout/Emerald' is clicked on

2019-06-25 18:21:15 - [MESSAGE][PASSED] - Object: 'Object Repository/OCS-DESKTOP/Filter flyout/Emerald' is clicked on

2019-06-25 18:21:15 - [TEST_STEP][PASSED] - delay(2, OPTIONAL): Delayed 2 second(s)

2019-06-25 18:21:17 - [MESSAGE][PASSED] - Delayed 2 second(s)

2019-06-25 18:21:17 - [TEST_STEP][NOT_RUN] - click(findTestObject("OCS-MOBILE /Filter flyout/Gage Cannabis Co"), OPTIONAL): NOT_RUN: click(findTestObject("OCS-MOBILE /Filter flyout/Gage Cannabis Co"), OPTIONAL)

2019-06-25 18:21:17 - [MESSAGE][NOT_RUN] - NOT_RUN: click(findTestObject("OCS-MOBILE /Filter flyout/Gage Cannabis Co"), OPTIONAL)

2019-06-25 18:21:17 - [TEST_STEP][PASSED] - delay(2, OPTIONAL): Delayed 2 second(s)

2019-06-25 18:21:19 - [MESSAGE][PASSED] - Delayed 2 second(s)

2019-06-25 18:21:19 - [TEST_STEP][NOT_RUN] - click(findTestObject("OCS-MOBILE /Filter flyout/INDIVA"), OPTIONAL): NOT_RUN: click(findTestObject("OCS-MOBILE /Filter flyout/INDIVA"), OPTIONAL)

2019-06-25 18:21:19 - [MESSAGE][NOT_RUN] - NOT_RUN: click(findTestObject("OCS-MOBILE /Filter flyout/INDIVA"), OPTIONAL)

2019-06-25 18:21:19 - [TEST_STEP][PASSED] - delay(2, OPTIONAL): Delayed 2 second(s)

2019-06-25 18:21:21 - [MESSAGE][PASSED] - Delayed 2 second(s)

2019-06-25 18:21:21 - [TEST_STEP][PASSED] - click(findTestObject("OCS-DESKTOP/Filter flyout/RIFF"), OPTIONAL): Unable to click on object 'Object Repository/OCS-DESKTOP/Filter flyout/RIFF' (Root cause: com.kms.katalon.core.webui.exception.WebElementNotFoundException: Web element with id: 'Object Repository/OCS-DESKTOP/Filter flyout/RIFF' located by 'By.xpath: //span[contains(text(),'RIFF')]' not found)

2019-06-25 18:21:52 - [MESSAGE][INFO] - Unable to find the element located by 'By.xpath: //span[contains(text(),'RIFF')]'. Please recheck the objects properties to make sure the desired element is located. 

2019-06-25 18:21:52 - [MESSAGE][WARNING] - Unable to click on object 'Object Repository/OCS-DESKTOP/Filter flyout/RIFF' (Root cause: com.kms.katalon.core.webui.exception.WebElementNotFoundException: Web element with id: 'Object Repository/OCS-DESKTOP/Filter flyout/RIFF' located by 'By.xpath: //span[contains(text(),'RIFF')]' not found)
[[ATTACHMENT|/Users/sumankompelly/Relative xpath-Desktop/Reports/OCS - 1.10.2.1/20190625_174612/1561501312335.png]]

2019-06-25 18:21:52 - [TEST_STEP][PASSED] - delay(2, OPTIONAL): Delayed 2 second(s)

2019-06-25 18:21:54 - [MESSAGE][PASSED] - Delayed 2 second(s)

2019-06-25 18:21:54 - [TEST_STEP][PASSED] - click(findTestObject("OCS-DESKTOP/Filter flyout/Seven Oaks"), OPTIONAL): Object: 'Object Repository/OCS-DESKTOP/Filter flyout/Seven Oaks' is clicked on

2019-06-25 18:21:54 - [MESSAGE][PASSED] - Object: 'Object Repository/OCS-DESKTOP/Filter flyout/Seven Oaks' is clicked on

2019-06-25 18:21:54 - [TEST_STEP][PASSED] - delay(2, OPTIONAL): Delayed 2 second(s)

2019-06-25 18:21:56 - [MESSAGE][PASSED] - Delayed 2 second(s)

2019-06-25 18:21:56 - [TEST_STEP][PASSED] - click(findTestObject("OCS-DESKTOP/Filter flyout/Synr.g"), OPTIONAL): Unable to click on object 'Object Repository/OCS-DESKTOP/Filter flyout/Synr.g' (Root cause: com.kms.katalon.core.webui.exception.WebElementNotFoundException: Web element with id: 'Object Repository/OCS-DESKTOP/Filter flyout/Synr.g' located by 'By.xpath: //span[contains(text(),'Synr.g')][count(. | //label[(text() = 'Synr.g' or . = 'Synr.g')]) = count(//label[(text() = 'Synr.g' or . = 'Synr.g')])]' not found)

2019-06-25 18:22:27 - [MESSAGE][INFO] - Unable to find the element located by 'By.xpath: //span[contains(text(),'Synr.g')][count(. | //label[(text() = 'Synr.g' or . = 'Synr.g')]) = count(//label[(text() = 'Synr.g' or . = 'Synr.g')])]'. Please recheck the objects properties to make sure the desired element is located. 

2019-06-25 18:22:28 - [MESSAGE][WARNING] - Unable to click on object 'Object Repository/OCS-DESKTOP/Filter flyout/Synr.g' (Root cause: com.kms.katalon.core.webui.exception.WebElementNotFoundException: Web element with id: 'Object Repository/OCS-DESKTOP/Filter flyout/Synr.g' located by 'By.xpath: //span[contains(text(),'Synr.g')][count(. | //label[(text() = 'Synr.g' or . = 'Synr.g')]) = count(//label[(text() = 'Synr.g' or . = 'Synr.g')])]' not found)
[[ATTACHMENT|/Users/sumankompelly/Relative xpath-Desktop/Reports/OCS - 1.10.2.1/20190625_174612/1561501347757.png]]

2019-06-25 18:22:28 - [TEST_STEP][PASSED] - delay(2, OPTIONAL): Delayed 2 second(s)

2019-06-25 18:22:30 - [MESSAGE][PASSED] - Delayed 2 second(s)

2019-06-25 18:22:30 - [TEST_STEP][PASSED] - click(findTestObject("OCS-DESKTOP/Filter flyout/Trailblazer"), OPTIONAL): Object: 'Object Repository/OCS-DESKTOP/Filter flyout/Trailblazer' is clicked on

2019-06-25 18:22:30 - [MESSAGE][PASSED] - Object: 'Object Repository/OCS-DESKTOP/Filter flyout/Trailblazer' is clicked on

2019-06-25 18:22:30 - [TEST_STEP][PASSED] - delay(2, OPTIONAL): Delayed 2 second(s)

2019-06-25 18:22:32 - [MESSAGE][PASSED] - Delayed 2 second(s)

2019-06-25 18:22:32 - [TEST_STEP][PASSED] - click(findTestObject("OCS-DESKTOP/Filter flyout/_Xscape"), OPTIONAL): Object: 'Object Repository/OCS-DESKTOP/Filter flyout/_Xscape' is clicked on

2019-06-25 18:22:32 - [MESSAGE][PASSED] - Object: 'Object Repository/OCS-DESKTOP/Filter flyout/_Xscape' is clicked on

2019-06-25 18:22:32 - [TEST_STEP][PASSED] - delay(2, OPTIONAL): Delayed 2 second(s)

2019-06-25 18:22:34 - [MESSAGE][PASSED] - Delayed 2 second(s)

2019-06-25 18:22:34 - [TEST_STEP][PASSED] - click(findTestObject("OCS-DESKTOP/Filter flyout/Aurora"), OPTIONAL): Object: 'Object Repository/OCS-DESKTOP/Filter flyout/Aurora' is clicked on

2019-06-25 18:22:34 - [MESSAGE][PASSED] - Object: 'Object Repository/OCS-DESKTOP/Filter flyout/Aurora' is clicked on

2019-06-25 18:22:34 - [TEST_STEP][PASSED] - click(findTestObject("OCS-DESKTOP/Filter flyout/Canna Farms"), OPTIONAL): Object: 'Object Repository/OCS-DESKTOP/Filter flyout/Canna Farms' is clicked on

2019-06-25 18:22:34 - [MESSAGE][PASSED] - Object: 'Object Repository/OCS-DESKTOP/Filter flyout/Canna Farms' is clicked on

2019-06-25 18:22:34 - [TEST_STEP][PASSED] - click(findTestObject("OCS-DESKTOP/Filter flyout/Edison"), OPTIONAL): Object: 'Object Repository/OCS-DESKTOP/Filter flyout/Edison' is clicked on

2019-06-25 18:22:34 - [MESSAGE][PASSED] - Object: 'Object Repository/OCS-DESKTOP/Filter flyout/Edison' is clicked on

2019-06-25 18:22:34 - [TEST_STEP][PASSED] - click(findTestObject("OCS-DESKTOP/Filter flyout/Flowr"), OPTIONAL): Object: 'Object Repository/OCS-DESKTOP/Filter flyout/Flowr' is clicked on

2019-06-25 18:22:34 - [MESSAGE][PASSED] - Object: 'Object Repository/OCS-DESKTOP/Filter flyout/Flowr' is clicked on

2019-06-25 18:22:34 - [TEST_STEP][PASSED] - click(findTestObject("OCS-DESKTOP/Filter flyout/Haven St"), OPTIONAL): Object: 'Object Repository/OCS-DESKTOP/Filter flyout/Haven St' is clicked on

2019-06-25 18:22:34 - [MESSAGE][PASSED] - Object: 'Object Repository/OCS-DESKTOP/Filter flyout/Haven St' is clicked on

2019-06-25 18:22:34 - [TEST_STEP][PASSED] - click(findTestObject("OCS-DESKTOP/Filter flyout/liiv"), OPTIONAL): Unable to click on object 'Object Repository/OCS-DESKTOP/Filter flyout/liiv' (Root cause: com.kms.katalon.core.webui.exception.WebElementNotFoundException: Web element with id: 'Object Repository/OCS-DESKTOP/Filter flyout/liiv' located by 'By.xpath: //span[(text() = 'liiv' or . = 'liiv')]' not found)

2019-06-25 18:23:05 - [MESSAGE][INFO] - Unable to find the element located by 'By.xpath: //span[(text() = 'liiv' or . = 'liiv')]'. Please recheck the objects properties to make sure the desired element is located. 

2019-06-25 18:23:06 - [MESSAGE][WARNING] - Unable to click on object 'Object Repository/OCS-DESKTOP/Filter flyout/liiv' (Root cause: com.kms.katalon.core.webui.exception.WebElementNotFoundException: Web element with id: 'Object Repository/OCS-DESKTOP/Filter flyout/liiv' located by 'By.xpath: //span[(text() = 'liiv' or . = 'liiv')]' not found)
[[ATTACHMENT|/Users/sumankompelly/Relative xpath-Desktop/Reports/OCS - 1.10.2.1/20190625_174612/1561501385593.png]]

2019-06-25 18:23:06 - [TEST_STEP][PASSED] - click(findTestObject("OCS-DESKTOP/Filter flyout/Saturday"), OPTIONAL): Unable to click on object 'Object Repository/OCS-DESKTOP/Filter flyout/Saturday' (Root cause: com.kms.katalon.core.webui.exception.WebElementNotFoundException: Web element with id: 'Object Repository/OCS-DESKTOP/Filter flyout/Saturday' located by 'By.xpath: /html/body/div/div[2]/div[2]/div[2]/div/div[3]/div[2]/div/fieldset/div[14]/label/span' not found)

2019-06-25 18:23:36 - [MESSAGE][INFO] - Unable to find the element located by 'By.xpath: /html/body/div/div[2]/div[2]/div[2]/div/div[3]/div[2]/div/fieldset/div[14]/label/span'. Please recheck the objects properties to make sure the desired element is located. 

2019-06-25 18:23:37 - [MESSAGE][WARNING] - Unable to click on object 'Object Repository/OCS-DESKTOP/Filter flyout/Saturday' (Root cause: com.kms.katalon.core.webui.exception.WebElementNotFoundException: Web element with id: 'Object Repository/OCS-DESKTOP/Filter flyout/Saturday' located by 'By.xpath: /html/body/div/div[2]/div[2]/div[2]/div/div[3]/div[2]/div/fieldset/div[14]/label/span' not found)
[[ATTACHMENT|/Users/sumankompelly/Relative xpath-Desktop/Reports/OCS - 1.10.2.1/20190625_174612/1561501416825.png]]

2019-06-25 18:23:37 - [TEST_STEP][PASSED] - click(findTestObject("OCS-DESKTOP/Filter flyout/Spinach"), OPTIONAL): Unable to click on object 'Object Repository/OCS-DESKTOP/Filter flyout/Spinach' (Root cause: com.kms.katalon.core.webui.exception.WebElementNotFoundException: Web element with id: 'Object Repository/OCS-DESKTOP/Filter flyout/Spinach' located by 'By.xpath: //span[contains(text(),'Spinach')][count(. | //label[(text() = 'Spinach' or . = 'Spinach')]) = count(//label[(text() = 'Spinach' or . = 'Spinach')])]' not found)

2019-06-25 18:24:08 - [MESSAGE][INFO] - Unable to find the element located by 'By.xpath: //span[contains(text(),'Spinach')][count(. | //label[(text() = 'Spinach' or . = 'Spinach')]) = count(//label[(text() = 'Spinach' or . = 'Spinach')])]'. Please recheck the objects properties to make sure the desired element is located. 

2019-06-25 18:24:08 - [MESSAGE][WARNING] - Unable to click on object 'Object Repository/OCS-DESKTOP/Filter flyout/Spinach' (Root cause: com.kms.katalon.core.webui.exception.WebElementNotFoundException: Web element with id: 'Object Repository/OCS-DESKTOP/Filter flyout/Spinach' located by 'By.xpath: //span[contains(text(),'Spinach')][count(. | //label[(text() = 'Spinach' or . = 'Spinach')]) = count(//label[(text() = 'Spinach' or . = 'Spinach')])]' not found)
[[ATTACHMENT|/Users/sumankompelly/Relative xpath-Desktop/Reports/OCS - 1.10.2.1/20190625_174612/1561501448136.png]]

2019-06-25 18:24:08 - [TEST_STEP][PASSED] - click(findTestObject("OCS-DESKTOP/Filter flyout/Spinach1"), OPTIONAL): Object: 'Object Repository/OCS-DESKTOP/Filter flyout/Spinach1' is clicked on

2019-06-25 18:24:08 - [MESSAGE][PASSED] - Object: 'Object Repository/OCS-DESKTOP/Filter flyout/Spinach1' is clicked on

2019-06-25 18:24:08 - [TEST_STEP][PASSED] - click(findTestObject("OCS-DESKTOP/Filter flyout/THC BioMed"), OPTIONAL): Object: 'Object Repository/OCS-DESKTOP/Filter flyout/THC BioMed' is clicked on

2019-06-25 18:24:08 - [MESSAGE][PASSED] - Object: 'Object Repository/OCS-DESKTOP/Filter flyout/THC BioMed' is clicked on

2019-06-25 18:24:08 - [TEST_STEP][PASSED] - click(findTestObject("OCS-DESKTOP/Filter flyout/Whistler Cannabis Co"), OPTIONAL): Unable to click on object 'Object Repository/OCS-DESKTOP/Filter flyout/Whistler Cannabis Co' (Root cause: org.openqa.selenium.WebDriverException: unknown error: Element <span>...</span> is not clickable at point (1326, 518). Other element would receive the click: <div class="filter__applied-filters" style="display: block;">...</div>
  (Session info: chrome=75.0.3770.100)
  (Driver info: chromedriver=2.43.600229 (3fae4d0cda5334b4f533bede5a4787f7b832d052),platform=Mac OS X 10.13.6 x86_64) (WARNING: The server did not provide any stacktrace information)
Command duration or timeout: 0 milliseconds
Build info: version: '3.7.1', revision: '8a0099a', time: '2017-11-06T21:07:36.161Z'
System info: host: 'sumans-MacBook-Pro.local', ip: 'fe80:0:0:0:b7:68e8:717b:cb34%en0', os.name: 'Mac OS X', os.arch: 'x86_64', os.version: '10.13.6', java.version: '1.8.0_181'
Driver info: com.kms.katalon.selenium.driver.CChromeDriver
Capabilities {acceptInsecureCerts: false, acceptSslCerts: false, applicationCacheEnabled: false, browserConnectionEnabled: false, browserName: chrome, chrome: {chromedriverVersion: 2.43.600229 (3fae4d0cda5334..., userDataDir: /var/folders/1t/c55l8xzs6gq...}, cssSelectorsEnabled: true, databaseEnabled: false, goog:chromeOptions: {debuggerAddress: localhost:62360}, handlesAlerts: true, hasTouchScreen: false, javascriptEnabled: true, locationContextEnabled: true, mobileEmulationEnabled: false, nativeEvents: true, networkConnectionEnabled: false, pageLoadStrategy: normal, platform: MAC, platformName: MAC, rotatable: false, setWindowRect: true, takesHeapSnapshot: true, takesScreenshot: true, unexpectedAlertBehaviour: , unhandledPromptBehavior: , version: 75.0.3770.100, webStorageEnabled: true}
Session ID: d14d08009b9acf1a302e86f01972ab12)

2019-06-25 18:24:09 - [MESSAGE][WARNING] - Unable to click on object 'Object Repository/OCS-DESKTOP/Filter flyout/Whistler Cannabis Co' (Root cause: org.openqa.selenium.WebDriverException: unknown error: Element <span>...</span> is not clickable at point (1326, 518). Other element would receive the click: <div class="filter__applied-filters" style="display: block;">...</div>
  (Session info: chrome=75.0.3770.100)
  (Driver info: chromedriver=2.43.600229 (3fae4d0cda5334b4f533bede5a4787f7b832d052),platform=Mac OS X 10.13.6 x86_64) (WARNING: The server did not provide any stacktrace information)
Command duration or timeout: 0 milliseconds
Build info: version: '3.7.1', revision: '8a0099a', time: '2017-11-06T21:07:36.161Z'
System info: host: 'sumans-MacBook-Pro.local', ip: 'fe80:0:0:0:b7:68e8:717b:cb34%en0', os.name: 'Mac OS X', os.arch: 'x86_64', os.version: '10.13.6', java.version: '1.8.0_181'
Driver info: com.kms.katalon.selenium.driver.CChromeDriver
Capabilities {acceptInsecureCerts: false, acceptSslCerts: false, applicationCacheEnabled: false, browserConnectionEnabled: false, browserName: chrome, chrome: {chromedriverVersion: 2.43.600229 (3fae4d0cda5334..., userDataDir: /var/folders/1t/c55l8xzs6gq...}, cssSelectorsEnabled: true, databaseEnabled: false, goog:chromeOptions: {debuggerAddress: localhost:62360}, handlesAlerts: true, hasTouchScreen: false, javascriptEnabled: true, locationContextEnabled: true, mobileEmulationEnabled: false, nativeEvents: true, networkConnectionEnabled: false, pageLoadStrategy: normal, platform: MAC, platformName: MAC, rotatable: false, setWindowRect: true, takesHeapSnapshot: true, takesScreenshot: true, unexpectedAlertBehaviour: , unhandledPromptBehavior: , version: 75.0.3770.100, webStorageEnabled: true}
Session ID: d14d08009b9acf1a302e86f01972ab12)
[[ATTACHMENT|/Users/sumankompelly/Relative xpath-Desktop/Reports/OCS - 1.10.2.1/20190625_174612/1561501448944.png]]

2019-06-25 18:24:09 - [TEST_STEP][PASSED] - click(findTestObject("OCS-DESKTOP/Filter flyout/Spinach"), OPTIONAL): Unable to click on object 'Object Repository/OCS-DESKTOP/Filter flyout/Spinach' (Root cause: com.kms.katalon.core.webui.exception.WebElementNotFoundException: Web element with id: 'Object Repository/OCS-DESKTOP/Filter flyout/Spinach' located by 'By.xpath: //span[contains(text(),'Spinach')][count(. | //label[(text() = 'Spinach' or . = 'Spinach')]) = count(//label[(text() = 'Spinach' or . = 'Spinach')])]' not found)

2019-06-25 18:24:40 - [MESSAGE][INFO] - Unable to find the element located by 'By.xpath: //span[contains(text(),'Spinach')][count(. | //label[(text() = 'Spinach' or . = 'Spinach')]) = count(//label[(text() = 'Spinach' or . = 'Spinach')])]'. Please recheck the objects properties to make sure the desired element is located. 

2019-06-25 18:24:40 - [MESSAGE][WARNING] - Unable to click on object 'Object Repository/OCS-DESKTOP/Filter flyout/Spinach' (Root cause: com.kms.katalon.core.webui.exception.WebElementNotFoundException: Web element with id: 'Object Repository/OCS-DESKTOP/Filter flyout/Spinach' located by 'By.xpath: //span[contains(text(),'Spinach')][count(. | //label[(text() = 'Spinach' or . = 'Spinach')]) = count(//label[(text() = 'Spinach' or . = 'Spinach')])]' not found)
[[ATTACHMENT|/Users/sumankompelly/Relative xpath-Desktop/Reports/OCS - 1.10.2.1/20190625_174612/1561501480190.png]]

2019-06-25 18:24:40 - [TEST_STEP][PASSED] - click(findTestObject("OCS-DESKTOP/Filter flyout/Spinach1"), OPTIONAL): Object: 'Object Repository/OCS-DESKTOP/Filter flyout/Spinach1' is clicked on

2019-06-25 18:24:40 - [MESSAGE][PASSED] - Object: 'Object Repository/OCS-DESKTOP/Filter flyout/Spinach1' is clicked on

2019-06-25 18:24:40 - [TEST_STEP][NOT_RUN] - click(findTestObject("OCS-MOBILE /Filter flyout/Learn More About brand"), OPTIONAL): NOT_RUN: click(findTestObject("OCS-MOBILE /Filter flyout/Learn More About brand"), OPTIONAL)

2019-06-25 18:24:40 - [MESSAGE][NOT_RUN] - NOT_RUN: click(findTestObject("OCS-MOBILE /Filter flyout/Learn More About brand"), OPTIONAL)

2019-06-25 18:24:40 - [TEST_STEP][NOT_RUN] - setText(findTestObject("OCS-MOBILE /Filter flyout/Input to search - brand"), "boveda", OPTIONAL): NOT_RUN: setText(findTestObject("OCS-MOBILE /Filter flyout/Input to search - brand"), "boveda", OPTIONAL)

2019-06-25 18:24:40 - [MESSAGE][NOT_RUN] - NOT_RUN: setText(findTestObject("OCS-MOBILE /Filter flyout/Input to search - brand"), "boveda", OPTIONAL)

2019-06-25 18:24:40 - [TEST_STEP][NOT_RUN] - verifyTextPresent("", Keys.chord(ENTER), OPTIONAL): NOT_RUN: verifyTextPresent("", Keys.chord(ENTER), OPTIONAL)

2019-06-25 18:24:40 - [MESSAGE][NOT_RUN] - NOT_RUN: verifyTextPresent("", Keys.chord(ENTER), OPTIONAL)

2019-06-25 18:24:40 - [TEST_STEP][NOT_RUN] - verifyTextPresent("Boveda", false, OPTIONAL): NOT_RUN: verifyTextPresent("Boveda", false, OPTIONAL)

2019-06-25 18:24:40 - [MESSAGE][NOT_RUN] - NOT_RUN: verifyTextPresent("Boveda", false, OPTIONAL)

2019-06-25 18:24:40 - [TEST_STEP][NOT_RUN] - setText(findTestObject("OCS-MOBILE /Filter flyout/Input to search - brand"), "ace valley", OPTIONAL): NOT_RUN: setText(findTestObject("OCS-MOBILE /Filter flyout/Input to search - brand"), "ace valley", OPTIONAL)

2019-06-25 18:24:40 - [MESSAGE][NOT_RUN] - NOT_RUN: setText(findTestObject("OCS-MOBILE /Filter flyout/Input to search - brand"), "ace valley", OPTIONAL)

2019-06-25 18:24:40 - [TEST_STEP][NOT_RUN] - sendKeys(findTestObject("Object Repository/COLLECTION PAGE _OR/Filter_OR/Page_Shop by Brands  Ontario Cannab/input_Shop by Brands_q"), Keys.chord(ENTER), OPTIONAL): NOT_RUN: sendKeys(findTestObject("Object Repository/COLLECTION PAGE _OR/Filter_OR/Page_Shop by Brands  Ontario Cannab/input_Shop by Brands_q"), Keys.chord(ENTER), OPTIONAL)

2019-06-25 18:24:40 - [MESSAGE][NOT_RUN] - NOT_RUN: sendKeys(findTestObject("Object Repository/COLLECTION PAGE _OR/Filter_OR/Page_Shop by Brands  Ontario Cannab/input_Shop by Brands_q"), Keys.chord(ENTER), OPTIONAL)

2019-06-25 18:24:40 - [TEST_STEP][NOT_RUN] - verifyTextPresent("Ace Valley", false, OPTIONAL): NOT_RUN: verifyTextPresent("Ace Valley", false, OPTIONAL)

2019-06-25 18:24:40 - [MESSAGE][NOT_RUN] - NOT_RUN: verifyTextPresent("Ace Valley", false, OPTIONAL)

2019-06-25 18:24:40 - [TEST_STEP][NOT_RUN] - back(OPTIONAL): NOT_RUN: back(OPTIONAL)

2019-06-25 18:24:40 - [MESSAGE][NOT_RUN] - NOT_RUN: back(OPTIONAL)

2019-06-25 18:24:40 - [TEST_STEP][NOT_RUN] - back(OPTIONAL): NOT_RUN: back(OPTIONAL)

2019-06-25 18:24:40 - [MESSAGE][NOT_RUN] - NOT_RUN: back(OPTIONAL)

2019-06-25 18:24:40 - [TEST_STEP][NOT_RUN] - click(findTestObject("OCS-MOBILE /Filter flyout/Filter option"), OPTIONAL): NOT_RUN: click(findTestObject("OCS-MOBILE /Filter flyout/Filter option"), OPTIONAL)

2019-06-25 18:24:40 - [MESSAGE][NOT_RUN] - NOT_RUN: click(findTestObject("OCS-MOBILE /Filter flyout/Filter option"), OPTIONAL)

2019-06-25 18:24:40 - [TEST_STEP][PASSED] - click(findTestObject("OCS-DESKTOP/Filter flyout/Terpenes tooltip"), OPTIONAL): Object: 'Object Repository/OCS-DESKTOP/Filter flyout/Terpenes tooltip' is clicked on

2019-06-25 18:24:40 - [MESSAGE][PASSED] - Object: 'Object Repository/OCS-DESKTOP/Filter flyout/Terpenes tooltip' is clicked on

2019-06-25 18:24:40 - [TEST_STEP][PASSED] - click(findTestObject("OCS-DESKTOP/Filter flyout/Click element outside")): Object: 'Object Repository/OCS-DESKTOP/Filter flyout/Click element outside' is clicked on

2019-06-25 18:24:40 - [MESSAGE][PASSED] - Object: 'Object Repository/OCS-DESKTOP/Filter flyout/Click element outside' is clicked on

2019-06-25 18:24:40 - [TEST_STEP][PASSED] - click(findTestObject("OCS-DESKTOP/Filter flyout/Terpenes plus accordian"), OPTIONAL): Object: 'Object Repository/OCS-DESKTOP/Filter flyout/Terpenes plus accordian' is clicked on

2019-06-25 18:24:41 - [MESSAGE][PASSED] - Object: 'Object Repository/OCS-DESKTOP/Filter flyout/Terpenes plus accordian' is clicked on

2019-06-25 18:24:41 - [TEST_STEP][PASSED] - click(findTestObject("OCS-DESKTOP/Filter flyout/Terpenes subtract accordian"), OPTIONAL): Unable to click on object 'Object Repository/OCS-DESKTOP/Filter flyout/Terpenes subtract accordian' (Root cause: com.kms.katalon.core.webui.exception.WebElementNotFoundException: Web element with id: 'Object Repository/OCS-DESKTOP/Filter flyout/Terpenes subtract accordian' located by 'By.xpath: //div[@class='filter__group accordionize tags']//i[@class='icon icon--subtract']' not found)

2019-06-25 18:25:11 - [MESSAGE][INFO] - Unable to find the element located by 'By.xpath: //div[@class='filter__group accordionize tags']//i[@class='icon icon--subtract']'. Please recheck the objects properties to make sure the desired element is located. 

2019-06-25 18:25:12 - [MESSAGE][WARNING] - Unable to click on object 'Object Repository/OCS-DESKTOP/Filter flyout/Terpenes subtract accordian' (Root cause: com.kms.katalon.core.webui.exception.WebElementNotFoundException: Web element with id: 'Object Repository/OCS-DESKTOP/Filter flyout/Terpenes subtract accordian' located by 'By.xpath: //div[@class='filter__group accordionize tags']//i[@class='icon icon--subtract']' not found)
[[ATTACHMENT|/Users/sumankompelly/Relative xpath-Desktop/Reports/OCS - 1.10.2.1/20190625_174612/1561501511724.png]]

2019-06-25 18:25:12 - [TEST_STEP][PASSED] - click(findTestObject("OCS-DESKTOP/Filter flyout/Terpenes plus accordian"), OPTIONAL): Unable to click on object 'Object Repository/OCS-DESKTOP/Filter flyout/Terpenes plus accordian' (Root cause: com.kms.katalon.core.webui.exception.WebElementNotFoundException: Web element with id: 'Object Repository/OCS-DESKTOP/Filter flyout/Terpenes plus accordian' located by 'By.xpath: //div[@class='filter__group accordionize tags']//i[@class='icon icon--plus']' not found)

2019-06-25 18:25:42 - [MESSAGE][INFO] - Unable to find the element located by 'By.xpath: //div[@class='filter__group accordionize tags']//i[@class='icon icon--plus']'. Please recheck the objects properties to make sure the desired element is located. 

2019-06-25 18:25:43 - [MESSAGE][WARNING] - Unable to click on object 'Object Repository/OCS-DESKTOP/Filter flyout/Terpenes plus accordian' (Root cause: com.kms.katalon.core.webui.exception.WebElementNotFoundException: Web element with id: 'Object Repository/OCS-DESKTOP/Filter flyout/Terpenes plus accordian' located by 'By.xpath: //div[@class='filter__group accordionize tags']//i[@class='icon icon--plus']' not found)
[[ATTACHMENT|/Users/sumankompelly/Relative xpath-Desktop/Reports/OCS - 1.10.2.1/20190625_174612/1561501542970.png]]

2019-06-25 18:25:43 - [TEST_STEP][PASSED] - click(findTestObject("OCS-DESKTOP/Filter flyout/Alpha-bisabolol"), OPTIONAL): Object: 'Object Repository/OCS-DESKTOP/Filter flyout/Alpha-bisabolol' is clicked on

2019-06-25 18:25:43 - [MESSAGE][PASSED] - Object: 'Object Repository/OCS-DESKTOP/Filter flyout/Alpha-bisabolol' is clicked on

2019-06-25 18:25:43 - [TEST_STEP][PASSED] - click(findTestObject("OCS-DESKTOP/Filter flyout/Alpha-pinene"), OPTIONAL): Object: 'Object Repository/OCS-DESKTOP/Filter flyout/Alpha-pinene' is clicked on

2019-06-25 18:25:43 - [MESSAGE][PASSED] - Object: 'Object Repository/OCS-DESKTOP/Filter flyout/Alpha-pinene' is clicked on

2019-06-25 18:25:43 - [TEST_STEP][PASSED] - click(findTestObject("OCS-DESKTOP/Filter flyout/Alpha-pinene1"), OPTIONAL): Object: 'Object Repository/OCS-DESKTOP/Filter flyout/Alpha-pinene1' is clicked on

2019-06-25 18:25:43 - [MESSAGE][PASSED] - Object: 'Object Repository/OCS-DESKTOP/Filter flyout/Alpha-pinene1' is clicked on

2019-06-25 18:25:43 - [TEST_STEP][PASSED] - click(findTestObject("OCS-DESKTOP/Filter flyout/Beta-pinene"), OPTIONAL): Object: 'Object Repository/OCS-DESKTOP/Filter flyout/Beta-pinene' is clicked on

2019-06-25 18:25:43 - [MESSAGE][PASSED] - Object: 'Object Repository/OCS-DESKTOP/Filter flyout/Beta-pinene' is clicked on

2019-06-25 18:25:43 - [TEST_STEP][PASSED] - click(findTestObject("OCS-DESKTOP/Filter flyout/Guaiol"), OPTIONAL): Object: 'Object Repository/OCS-DESKTOP/Filter flyout/Guaiol' is clicked on

2019-06-25 18:25:43 - [MESSAGE][PASSED] - Object: 'Object Repository/OCS-DESKTOP/Filter flyout/Guaiol' is clicked on

2019-06-25 18:25:43 - [TEST_STEP][PASSED] - click(findTestObject("OCS-DESKTOP/Filter flyout/Limonene"), OPTIONAL): Object: 'Object Repository/OCS-DESKTOP/Filter flyout/Limonene' is clicked on

2019-06-25 18:25:43 - [MESSAGE][PASSED] - Object: 'Object Repository/OCS-DESKTOP/Filter flyout/Limonene' is clicked on

2019-06-25 18:25:43 - [TEST_STEP][PASSED] - delay(1, OPTIONAL): Delayed 1 second(s)

2019-06-25 18:25:44 - [MESSAGE][PASSED] - Delayed 1 second(s)

2019-06-25 18:25:44 - [TEST_STEP][PASSED] - click(findTestObject("OCS-DESKTOP/Filter flyout/Myrcene"), OPTIONAL): Object: 'Object Repository/OCS-DESKTOP/Filter flyout/Myrcene' is clicked on

2019-06-25 18:25:45 - [MESSAGE][PASSED] - Object: 'Object Repository/OCS-DESKTOP/Filter flyout/Myrcene' is clicked on

2019-06-25 18:25:45 - [TEST_STEP][PASSED] - delay(1, OPTIONAL): Delayed 1 second(s)

2019-06-25 18:25:46 - [MESSAGE][PASSED] - Delayed 1 second(s)

2019-06-25 18:25:46 - [TEST_STEP][PASSED] - click(findTestObject("OCS-DESKTOP/Filter flyout/Ocimene"), OPTIONAL): Object: 'Object Repository/OCS-DESKTOP/Filter flyout/Ocimene' is clicked on

2019-06-25 18:25:46 - [MESSAGE][PASSED] - Object: 'Object Repository/OCS-DESKTOP/Filter flyout/Ocimene' is clicked on

2019-06-25 18:25:46 - [TEST_STEP][PASSED] - click(findTestObject("OCS-DESKTOP/Filter flyout/Terpinene"), OPTIONAL): Object: 'Object Repository/OCS-DESKTOP/Filter flyout/Terpinene' is clicked on

2019-06-25 18:25:46 - [MESSAGE][PASSED] - Object: 'Object Repository/OCS-DESKTOP/Filter flyout/Terpinene' is clicked on

2019-06-25 18:25:46 - [TEST_STEP][PASSED] - click(findTestObject("OCS-DESKTOP/Filter flyout/Terpinolene"), OPTIONAL): Object: 'Object Repository/OCS-DESKTOP/Filter flyout/Terpinolene' is clicked on

2019-06-25 18:25:46 - [MESSAGE][PASSED] - Object: 'Object Repository/OCS-DESKTOP/Filter flyout/Terpinolene' is clicked on

2019-06-25 18:25:46 - [TEST_STEP][PASSED] - delay(1, OPTIONAL): Delayed 1 second(s)

2019-06-25 18:25:47 - [MESSAGE][PASSED] - Delayed 1 second(s)

2019-06-25 18:25:47 - [TEST_STEP][NOT_RUN] - click(findTestObject("Object Repository/COLLECTION PAGE _OR/Filter_OR/Page_Pre-Rolled  Ontario Cannabis S/span_Trans-caryophyllene"), OPTIONAL): NOT_RUN: click(findTestObject("Object Repository/COLLECTION PAGE _OR/Filter_OR/Page_Pre-Rolled  Ontario Cannabis S/span_Trans-caryophyllene"), OPTIONAL)

2019-06-25 18:25:47 - [MESSAGE][NOT_RUN] - NOT_RUN: click(findTestObject("Object Repository/COLLECTION PAGE _OR/Filter_OR/Page_Pre-Rolled  Ontario Cannabis S/span_Trans-caryophyllene"), OPTIONAL)

2019-06-25 18:25:47 - [TEST_STEP][PASSED] - click(findTestObject("OCS-DESKTOP/Filter flyout/Terpineol"), OPTIONAL): Object: 'Object Repository/OCS-DESKTOP/Filter flyout/Terpineol' is clicked on

2019-06-25 18:25:47 - [MESSAGE][PASSED] - Object: 'Object Repository/OCS-DESKTOP/Filter flyout/Terpineol' is clicked on

2019-06-25 18:25:47 - [TEST_STEP][PASSED] - click(findTestObject("OCS-DESKTOP/Filter flyout/Para-cymenene"), OPTIONAL): Unable to click on object 'Object Repository/OCS-DESKTOP/Filter flyout/Para-cymenene' (Root cause: com.kms.katalon.core.webui.exception.WebElementNotFoundException: Web element with id: 'Object Repository/OCS-DESKTOP/Filter flyout/Para-cymenene' located by 'By.xpath: /html/body/div/div[2]/div[2]/div[2]/div/div[4]/div[2]/div/fieldset/div[13]/label/span' not found)

2019-06-25 18:26:18 - [MESSAGE][INFO] - Unable to find the element located by 'By.xpath: /html/body/div/div[2]/div[2]/div[2]/div/div[4]/div[2]/div/fieldset/div[13]/label/span'. Please recheck the objects properties to make sure the desired element is located. 

2019-06-25 18:26:18 - [MESSAGE][WARNING] - Unable to click on object 'Object Repository/OCS-DESKTOP/Filter flyout/Para-cymenene' (Root cause: com.kms.katalon.core.webui.exception.WebElementNotFoundException: Web element with id: 'Object Repository/OCS-DESKTOP/Filter flyout/Para-cymenene' located by 'By.xpath: /html/body/div/div[2]/div[2]/div[2]/div/div[4]/div[2]/div/fieldset/div[13]/label/span' not found)
[[ATTACHMENT|/Users/sumankompelly/Relative xpath-Desktop/Reports/OCS - 1.10.2.1/20190625_174612/1561501578067.png]]

2019-06-25 18:26:18 - [TEST_STEP][PASSED] - click(findTestObject("OCS-DESKTOP/Filter flyout/Nerolidol"), OPTIONAL): Object: 'Object Repository/OCS-DESKTOP/Filter flyout/Nerolidol' is clicked on

2019-06-25 18:26:18 - [MESSAGE][PASSED] - Object: 'Object Repository/OCS-DESKTOP/Filter flyout/Nerolidol' is clicked on

2019-06-25 18:26:18 - [TEST_STEP][PASSED] - click(findTestObject("OCS-DESKTOP/Filter flyout/Linalool"), OPTIONAL): Object: 'Object Repository/OCS-DESKTOP/Filter flyout/Linalool' is clicked on

2019-06-25 18:26:18 - [MESSAGE][PASSED] - Object: 'Object Repository/OCS-DESKTOP/Filter flyout/Linalool' is clicked on

2019-06-25 18:26:18 - [TEST_STEP][PASSED] - click(findTestObject("OCS-DESKTOP/Filter flyout/Humulene"), OPTIONAL): Object: 'Object Repository/OCS-DESKTOP/Filter flyout/Humulene' is clicked on

2019-06-25 18:26:18 - [MESSAGE][PASSED] - Object: 'Object Repository/OCS-DESKTOP/Filter flyout/Humulene' is clicked on

2019-06-25 18:26:18 - [TEST_STEP][PASSED] - click(findTestObject("OCS-DESKTOP/Filter flyout/Bisabolol"), OPTIONAL): Object: 'Object Repository/OCS-DESKTOP/Filter flyout/Bisabolol' is clicked on

2019-06-25 18:26:18 - [MESSAGE][PASSED] - Object: 'Object Repository/OCS-DESKTOP/Filter flyout/Bisabolol' is clicked on

2019-06-25 18:26:18 - [TEST_STEP][PASSED] - click(findTestObject("OCS-DESKTOP/Filter flyout/Beta-caryophyllene"), OPTIONAL): Object: 'Object Repository/OCS-DESKTOP/Filter flyout/Beta-caryophyllene' is clicked on

2019-06-25 18:26:19 - [MESSAGE][PASSED] - Object: 'Object Repository/OCS-DESKTOP/Filter flyout/Beta-caryophyllene' is clicked on

2019-06-25 18:26:19 - [TEST_STEP][PASSED] - click(findTestObject("OCS-DESKTOP/Filter flyout/Alpha-caryophyllene"), OPTIONAL): Object: 'Object Repository/OCS-DESKTOP/Filter flyout/Alpha-caryophyllene' is clicked on

2019-06-25 18:26:19 - [MESSAGE][PASSED] - Object: 'Object Repository/OCS-DESKTOP/Filter flyout/Alpha-caryophyllene' is clicked on

2019-06-25 18:26:19 - [TEST_STEP][PASSED] - click(findTestObject("OCS-DESKTOP/Filter flyout/Trans-caryophyllene"), OPTIONAL): Object: 'Object Repository/OCS-DESKTOP/Filter flyout/Trans-caryophyllene' is clicked on

2019-06-25 18:26:19 - [MESSAGE][PASSED] - Object: 'Object Repository/OCS-DESKTOP/Filter flyout/Trans-caryophyllene' is clicked on

2019-06-25 18:26:19 - [TEST_STEP][PASSED] - delay(2): Delayed 2 second(s)

2019-06-25 18:26:21 - [MESSAGE][PASSED] - Delayed 2 second(s)

2019-06-25 18:26:21 - [TEST_STEP][PASSED] - delay(1, OPTIONAL): Delayed 1 second(s)

2019-06-25 18:26:22 - [MESSAGE][PASSED] - Delayed 1 second(s)

2019-06-25 18:26:22 - [TEST_STEP][PASSED] - click(findTestObject("OCS-DESKTOP/Filter flyout/Done (43)")): Object: 'Object Repository/OCS-DESKTOP/Filter flyout/Done (43)' is clicked on

2019-06-25 18:26:22 - [MESSAGE][PASSED] - Object: 'Object Repository/OCS-DESKTOP/Filter flyout/Done (43)' is clicked on

2019-06-25 18:26:22 - [TEST_STEP][PASSED] - a = getText(findTestObject("OCS-DESKTOP/Filter flyout/li_Pre-Rolled")): Text of object 'Object Repository/OCS-DESKTOP/Filter flyout/li_Pre-Rolled' is: 'DRIED FLOWER 21 Products'

2019-06-25 18:26:22 - [MESSAGE][PASSED] - Text of object 'Object Repository/OCS-DESKTOP/Filter flyout/li_Pre-Rolled' is: 'DRIED FLOWER 21 Products'

2019-06-25 18:26:22 - [TEST_STEP][PASSED] - comment(a): DRIED FLOWER 21 Products

2019-06-25 18:26:22 - [MESSAGE][INFO] - DRIED FLOWER 21 Products

2019-06-25 18:26:22 - [TEST_STEP][PASSED] - if (a == "40 Products"): null

2019-06-25 18:26:22 - [TEST_STEP][PASSED] - else: products filtered

2019-06-25 18:26:22 - [TEST_STEP][PASSED] - comment("products filtered"): products filtered

2019-06-25 18:26:22 - [MESSAGE][INFO] - products filtered

2019-06-25 18:26:22 - [TEST_STEP][NOT_RUN] - callTestCase(findTestCase("OCS - MOBILE/OCS-COLLECTION PAGE/calling test case"), [:], STOP_ON_FAILURE): NOT_RUN: callTestCase(findTestCase("OCS - MOBILE/OCS-COLLECTION PAGE/calling test case"), [:], STOP_ON_FAILURE)

2019-06-25 18:26:22 - [MESSAGE][NOT_RUN] - NOT_RUN: callTestCase(findTestCase("OCS - MOBILE/OCS-COLLECTION PAGE/calling test case"), [:], STOP_ON_FAILURE)

2019-06-25 18:26:22 - [TEST_STEP][NOT_RUN] - click(findTestObject("OCS-MOBILE /Filter flyout/Filter option")): NOT_RUN: click(findTestObject("OCS-MOBILE /Filter flyout/Filter option"))

2019-06-25 18:26:22 - [MESSAGE][NOT_RUN] - NOT_RUN: click(findTestObject("OCS-MOBILE /Filter flyout/Filter option"))

2019-06-25 18:26:22 - [TEST_STEP][NOT_RUN] - delay(2): NOT_RUN: delay(2)

2019-06-25 18:26:22 - [MESSAGE][NOT_RUN] - NOT_RUN: delay(2)

2019-06-25 18:26:22 - [TEST_STEP][NOT_RUN] - setViewPortSize(1000, 800, OPTIONAL): NOT_RUN: setViewPortSize(1000, 800, OPTIONAL)

2019-06-25 18:26:22 - [MESSAGE][NOT_RUN] - NOT_RUN: setViewPortSize(1000, 800, OPTIONAL)

2019-06-25 18:26:22 - [TEST_STEP][NOT_RUN] - delay(2, OPTIONAL): NOT_RUN: delay(2, OPTIONAL)

2019-06-25 18:26:22 - [MESSAGE][NOT_RUN] - NOT_RUN: delay(2, OPTIONAL)

2019-06-25 18:26:22 - [TEST_STEP][NOT_RUN] - click(findTestObject("Theme_oR/Page_Ontario Cannabis Store  Ontari/button_Hide bar"), OPTIONAL): NOT_RUN: click(findTestObject("Theme_oR/Page_Ontario Cannabis Store  Ontari/button_Hide bar"), OPTIONAL)

2019-06-25 18:26:22 - [MESSAGE][NOT_RUN] - NOT_RUN: click(findTestObject("Theme_oR/Page_Ontario Cannabis Store  Ontari/button_Hide bar"), OPTIONAL)

2019-06-25 18:26:22 - [TEST_STEP][NOT_RUN] - delay(2, OPTIONAL): NOT_RUN: delay(2, OPTIONAL)

2019-06-25 18:26:22 - [MESSAGE][NOT_RUN] - NOT_RUN: delay(2, OPTIONAL)

2019-06-25 18:26:22 - [TEST_STEP][NOT_RUN] - setViewPortSize(360, 800, OPTIONAL): NOT_RUN: setViewPortSize(360, 800, OPTIONAL)

2019-06-25 18:26:22 - [MESSAGE][NOT_RUN] - NOT_RUN: setViewPortSize(360, 800, OPTIONAL)

2019-06-25 18:26:22 - [TEST_STEP][NOT_RUN] - delay(1, OPTIONAL): NOT_RUN: delay(1, OPTIONAL)

2019-06-25 18:26:22 - [MESSAGE][NOT_RUN] - NOT_RUN: delay(1, OPTIONAL)

2019-06-25 18:26:22 - [TEST_STEP][NOT_RUN] - click(findTestObject("OCS-MOBILE /Filter flyout/Learn More About Terpenes")): NOT_RUN: click(findTestObject("OCS-MOBILE /Filter flyout/Learn More About Terpenes"))

2019-06-25 18:26:22 - [MESSAGE][NOT_RUN] - NOT_RUN: click(findTestObject("OCS-MOBILE /Filter flyout/Learn More About Terpenes"))]]></system-out>
         <system-err><![CDATA[]]></system-err>
      </testcase>
      <system-out><![CDATA[2019-06-25 17:46:14 - [TEST_SUITE][FAILED] - OCS - 1.10.2.1: Test Cases/OCS - DESKTOP/OCS- CRITICAL PATH/Checkout- Payment FAILED.
Reason:
com.kms.katalon.core.exception.StepFailedException: Unable to execute JavaScript. (Root cause: org.openqa.selenium.WebDriverException: unknown error: Cannot read property 'style' of null
  (Session info: chrome=75.0.3770.100)
  (Driver info: chromedriver=2.43.600229 (3fae4d0cda5334b4f533bede5a4787f7b832d052),platform=Mac OS X 10.13.6 x86_64) (WARNING: The server did not provide any stacktrace information)
Command duration or timeout: 0 milliseconds
Build info: version: '3.7.1', revision: '8a0099a', time: '2017-11-06T21:07:36.161Z'
System info: host: 'sumans-MacBook-Pro.local', ip: 'fe80:0:0:0:b7:68e8:717b:cb34%en0', os.name: 'Mac OS X', os.arch: 'x86_64', os.version: '10.13.6', java.version: '1.8.0_181'
Driver info: com.kms.katalon.selenium.driver.CChromeDriver
Capabilities {acceptInsecureCerts: false, acceptSslCerts: false, applicationCacheEnabled: false, browserConnectionEnabled: false, browserName: chrome, chrome: {chromedriverVersion: 2.43.600229 (3fae4d0cda5334..., userDataDir: /var/folders/1t/c55l8xzs6gq...}, cssSelectorsEnabled: true, databaseEnabled: false, goog:chromeOptions: {debuggerAddress: localhost:52623}, handlesAlerts: true, hasTouchScreen: false, javascriptEnabled: true, locationContextEnabled: true, mobileEmulationEnabled: false, nativeEvents: true, networkConnectionEnabled: false, pageLoadStrategy: normal, platform: MAC, platformName: MAC, rotatable: false, setWindowRect: true, takesHeapSnapshot: true, takesScreenshot: true, unexpectedAlertBehaviour: , unhandledPromptBehavior: , version: 75.0.3770.100, webStorageEnabled: true}
Session ID: 85a34af9e52cc2234ebb69f7dad26941)
	at com.kms.katalon.core.keyword.internal.KeywordMain.stepFailed(KeywordMain.groovy:36)
	at com.kms.katalon.core.webui.keyword.internal.WebUIKeywordMain.stepFailed(WebUIKeywordMain.groovy:65)
	at com.kms.katalon.core.webui.keyword.internal.WebUIKeywordMain.runKeyword(WebUIKeywordMain.groovy:27)
	at com.kms.katalon.core.webui.keyword.builtin.ExecuteJavaScriptKeyword.executeJavascript(ExecuteJavascriptKeyword.groovy:42)
	at com.kms.katalon.core.webui.keyword.builtin.ExecuteJavaScriptKeyword.execute(ExecuteJavascriptKeyword.groovy:37)
	at com.kms.katalon.core.keyword.internal.KeywordExecutor.executeKeywordForPlatform(KeywordExecutor.groovy:53)
	at com.kms.katalon.core.webui.keyword.WebUiBuiltInKeywords.executeJavaScript(WebUiBuiltInKeywords.groovy:3787)
	at com.kms.katalon.core.webui.keyword.WebUiBuiltInKeywords$executeJavaScript$2.call(Unknown Source)
	at Checkout- Payment.run(Checkout- Payment:142)
	at com.kms.katalon.core.main.ScriptEngine.run(ScriptEngine.java:194)
	at com.kms.katalon.core.main.ScriptEngine.runScriptAsRawText(ScriptEngine.java:119)
	at com.kms.katalon.core.main.TestCaseExecutor.runScript(TestCaseExecutor.java:328)
	at com.kms.katalon.core.main.TestCaseExecutor.doExecute(TestCaseExecutor.java:319)
	at com.kms.katalon.core.main.TestCaseExecutor.processExecutionPhase(TestCaseExecutor.java:298)
	at com.kms.katalon.core.main.TestCaseExecutor.accessMainPhase(TestCaseExecutor.java:290)
	at com.kms.katalon.core.main.TestCaseExecutor.execute(TestCaseExecutor.java:224)
	at com.kms.katalon.core.main.TestSuiteExecutor.accessTestCaseMainPhase(TestSuiteExecutor.java:129)
	at com.kms.katalon.core.main.TestSuiteExecutor.accessTestSuiteMainPhase(TestSuiteExecutor.java:112)
	at com.kms.katalon.core.main.TestSuiteExecutor.execute(TestSuiteExecutor.java:81)
	at com.kms.katalon.core.main.TestCaseMain.startTestSuite(TestCaseMain.java:149)
	at com.kms.katalon.core.main.TestCaseMain$startTestSuite$0.call(Unknown Source)
	at TempTestSuite1561499172132.run(TempTestSuite1561499172132.groovy:36)]]></system-out>
      <system-err><![CDATA[2019-06-25 17:46:14 - [TEST_SUITE][FAILED] - OCS - 1.10.2.1: Test Cases/OCS - DESKTOP/OCS- CRITICAL PATH/Checkout- Payment FAILED.
Reason:
com.kms.katalon.core.exception.StepFailedException: Unable to execute JavaScript. (Root cause: org.openqa.selenium.WebDriverException: unknown error: Cannot read property 'style' of null
  (Session info: chrome=75.0.3770.100)
  (Driver info: chromedriver=2.43.600229 (3fae4d0cda5334b4f533bede5a4787f7b832d052),platform=Mac OS X 10.13.6 x86_64) (WARNING: The server did not provide any stacktrace information)
Command duration or timeout: 0 milliseconds
Build info: version: '3.7.1', revision: '8a0099a', time: '2017-11-06T21:07:36.161Z'
System info: host: 'sumans-MacBook-Pro.local', ip: 'fe80:0:0:0:b7:68e8:717b:cb34%en0', os.name: 'Mac OS X', os.arch: 'x86_64', os.version: '10.13.6', java.version: '1.8.0_181'
Driver info: com.kms.katalon.selenium.driver.CChromeDriver
Capabilities {acceptInsecureCerts: false, acceptSslCerts: false, applicationCacheEnabled: false, browserConnectionEnabled: false, browserName: chrome, chrome: {chromedriverVersion: 2.43.600229 (3fae4d0cda5334..., userDataDir: /var/folders/1t/c55l8xzs6gq...}, cssSelectorsEnabled: true, databaseEnabled: false, goog:chromeOptions: {debuggerAddress: localhost:52623}, handlesAlerts: true, hasTouchScreen: false, javascriptEnabled: true, locationContextEnabled: true, mobileEmulationEnabled: false, nativeEvents: true, networkConnectionEnabled: false, pageLoadStrategy: normal, platform: MAC, platformName: MAC, rotatable: false, setWindowRect: true, takesHeapSnapshot: true, takesScreenshot: true, unexpectedAlertBehaviour: , unhandledPromptBehavior: , version: 75.0.3770.100, webStorageEnabled: true}
Session ID: 85a34af9e52cc2234ebb69f7dad26941)
	at com.kms.katalon.core.keyword.internal.KeywordMain.stepFailed(KeywordMain.groovy:36)
	at com.kms.katalon.core.webui.keyword.internal.WebUIKeywordMain.stepFailed(WebUIKeywordMain.groovy:65)
	at com.kms.katalon.core.webui.keyword.internal.WebUIKeywordMain.runKeyword(WebUIKeywordMain.groovy:27)
	at com.kms.katalon.core.webui.keyword.builtin.ExecuteJavaScriptKeyword.executeJavascript(ExecuteJavascriptKeyword.groovy:42)
	at com.kms.katalon.core.webui.keyword.builtin.ExecuteJavaScriptKeyword.execute(ExecuteJavascriptKeyword.groovy:37)
	at com.kms.katalon.core.keyword.internal.KeywordExecutor.executeKeywordForPlatform(KeywordExecutor.groovy:53)
	at com.kms.katalon.core.webui.keyword.WebUiBuiltInKeywords.executeJavaScript(WebUiBuiltInKeywords.groovy:3787)
	at com.kms.katalon.core.webui.keyword.WebUiBuiltInKeywords$executeJavaScript$2.call(Unknown Source)
	at Checkout- Payment.run(Checkout- Payment:142)
	at com.kms.katalon.core.main.ScriptEngine.run(ScriptEngine.java:194)
	at com.kms.katalon.core.main.ScriptEngine.runScriptAsRawText(ScriptEngine.java:119)
	at com.kms.katalon.core.main.TestCaseExecutor.runScript(TestCaseExecutor.java:328)
	at com.kms.katalon.core.main.TestCaseExecutor.doExecute(TestCaseExecutor.java:319)
	at com.kms.katalon.core.main.TestCaseExecutor.processExecutionPhase(TestCaseExecutor.java:298)
	at com.kms.katalon.core.main.TestCaseExecutor.accessMainPhase(TestCaseExecutor.java:290)
	at com.kms.katalon.core.main.TestCaseExecutor.execute(TestCaseExecutor.java:224)
	at com.kms.katalon.core.main.TestSuiteExecutor.accessTestCaseMainPhase(TestSuiteExecutor.java:129)
	at com.kms.katalon.core.main.TestSuiteExecutor.accessTestSuiteMainPhase(TestSuiteExecutor.java:112)
	at com.kms.katalon.core.main.TestSuiteExecutor.execute(TestSuiteExecutor.java:81)
	at com.kms.katalon.core.main.TestCaseMain.startTestSuite(TestCaseMain.java:149)
	at com.kms.katalon.core.main.TestCaseMain$startTestSuite$0.call(Unknown Source)
	at TempTestSuite1561499172132.run(TempTestSuite1561499172132.groovy:36)]]></system-err>
   </testsuite>
</testsuites>
