<?xml version="1.0" encoding="UTF-8"?>
<testsuites name="OCS- 1.9.2.1" time="2236" tests="18" failures="23" errors="0">
   <testsuite name="OCS- 1.9.2.1" tests="18" failures="23" errors="0" time="2236" timestamp="2019-06-07 11:36:53" hostname="sumankompelly - 10.0.126.233" id="Test Suites/OCS- 1.9.2.1">
      <properties>
         <property name="deviceName" value=""/>
         <property name="devicePlatform" value=""/>
         <property name="logFolder" value="/Users/sumankompelly/Relative xpath-Desktop/Reports/OCS- 1.9.2.1/20190607_113651"/>
         <property name="logFiles" value="/Users/sumankompelly/Relative xpath-Desktop/Reports/OCS- 1.9.2.1/20190607_113651/execution0.log"/>
         <property name="attachments" value="/Users/sumankompelly/Relative xpath-Desktop/Reports/OCS- 1.9.2.1/20190607_113651/1559921853120.png, /Users/sumankompelly/Relative xpath-Desktop/Reports/OCS- 1.9.2.1/20190607_113651/1559921858073.png, /Users/sumankompelly/Relative xpath-Desktop/Reports/OCS- 1.9.2.1/20190607_113651/1559921927642.png, /Users/sumankompelly/Relative xpath-Desktop/Reports/OCS- 1.9.2.1/20190607_113651/1559921960519.png, /Users/sumankompelly/Relative xpath-Desktop/Reports/OCS- 1.9.2.1/20190607_113651/1559922057080.png, /Users/sumankompelly/Relative xpath-Desktop/Reports/OCS- 1.9.2.1/20190607_113651/1559922067224.png, /Users/sumankompelly/Relative xpath-Desktop/Reports/OCS- 1.9.2.1/20190607_113651/1559922128665.png, /Users/sumankompelly/Relative xpath-Desktop/Reports/OCS- 1.9.2.1/20190607_113651/1559922710941.png, /Users/sumankompelly/Relative xpath-Desktop/Reports/OCS- 1.9.2.1/20190607_113651/1559922807622.png, /Users/sumankompelly/Relative xpath-Desktop/Reports/OCS- 1.9.2.1/20190607_113651/1559922995529.png, /Users/sumankompelly/Relative xpath-Desktop/Reports/OCS- 1.9.2.1/20190607_113651/1559923139301.png, /Users/sumankompelly/Relative xpath-Desktop/Reports/OCS- 1.9.2.1/20190607_113651/1559923168804.png, /Users/sumankompelly/Relative xpath-Desktop/Reports/OCS- 1.9.2.1/20190607_113651/1559923247618.png, /Users/sumankompelly/Relative xpath-Desktop/Reports/OCS- 1.9.2.1/20190607_113651/1559923275150.png, /Users/sumankompelly/Relative xpath-Desktop/Reports/OCS- 1.9.2.1/20190607_113651/1559923414994.png, /Users/sumankompelly/Relative xpath-Desktop/Reports/OCS- 1.9.2.1/20190607_113651/1559923501710.png, /Users/sumankompelly/Relative xpath-Desktop/Reports/OCS- 1.9.2.1/20190607_113651/1559923539673.png, /Users/sumankompelly/Relative xpath-Desktop/Reports/OCS- 1.9.2.1/20190607_113651/1559923577643.png, /Users/sumankompelly/Relative xpath-Desktop/Reports/OCS- 1.9.2.1/20190607_113651/1559923621345.png, /Users/sumankompelly/Relative xpath-Desktop/Reports/OCS- 1.9.2.1/20190607_113651/1559923657992.png, /Users/sumankompelly/Relative xpath-Desktop/Reports/OCS- 1.9.2.1/20190607_113651/1559923697167.png, /Users/sumankompelly/Relative xpath-Desktop/Reports/OCS- 1.9.2.1/20190607_113651/1559923733775.png, /Users/sumankompelly/Relative xpath-Desktop/Reports/OCS- 1.9.2.1/20190607_113651/1559923771217.png, /Users/sumankompelly/Relative xpath-Desktop/Reports/OCS- 1.9.2.1/20190607_113651/1559923813581.png, /Users/sumankompelly/Relative xpath-Desktop/Reports/OCS- 1.9.2.1/20190607_113651/1559923916500.png, /Users/sumankompelly/Relative xpath-Desktop/Reports/OCS- 1.9.2.1/20190607_113651/1559923939755.png, /Users/sumankompelly/Relative xpath-Desktop/Reports/OCS- 1.9.2.1/20190607_113651/1559924025192.png, /Users/sumankompelly/Relative xpath-Desktop/Reports/OCS- 1.9.2.1/20190607_113651/1559924049276.png"/>
         <property name="hostName" value="sumankompelly - 10.0.126.233"/>
         <property name="os" value="Mac OS X 64bit"/>
         <property name="katalonVersion" value="5.10.1.1"/>
         <property name="browser" value="Firefox 67.0"/>
         <property name="hostAddress" value="10.0.126.233"/>
         <property name="sessionId" value="93e7d8a7-fbc2-9140-a0c2-899dda123623"/>
         <property name="seleniumVersion" value="3.7.1"/>
         <property name="proxyInformation" value="ProxyInformation{proxyOption=NO_PROXY, proxyServerType=HTTP, password=, proxyServerAddress=, proxyServerPort=0}"/>
         <property name="platform" value="Mac OS X"/>
      </properties>
      <testcase name="Test Cases/OCS - DESKTOP/OCS- CRITICAL PATH/Cart" classname="Test Cases/OCS - DESKTOP/OCS- CRITICAL PATH/Cart" status="PASSED">
         <system-out><![CDATA[2019-06-07 11:36:53 - [TEST_CASE][PASSED] - Test Cases/OCS - DESKTOP/OCS- CRITICAL PATH/Cart: Test Cases/OCS - DESKTOP/OCS- CRITICAL PATH/Cart

2019-06-07 11:36:53 - [TEST_STEP][PASSED] - callTestCase(findTestCase("OCS - DESKTOP/CALL - Navigate to PDP"), [:], STOP_ON_FAILURE): Call Test Case 'Test Cases/OCS - DESKTOP/CALL - Navigate to PDP' successfully

2019-06-07 11:36:54 - [TEST_CASE][PASSED] - Test Cases/OCS - DESKTOP/CALL - Navigate to PDP: Test Cases/OCS - DESKTOP/CALL - Navigate to PDP

2019-06-07 11:36:54 - [TEST_STEP][PASSED] - openBrowser(""): Browser is opened with url: ''

2019-06-07 11:36:54 - [MESSAGE][INFO] - Starting 'Firefox' driver

2019-06-07 11:36:54 - [MESSAGE][INFO] - Action delay is set to 0 seconds

2019-06-07 11:36:57 - [MESSAGE][PASSED] - Browser is opened with url: ''

2019-06-07 11:36:57 - [TEST_STEP][PASSED] - maximizeWindow(): Current window maximized

2019-06-07 11:36:58 - [MESSAGE][PASSED] - Current window maximized

2019-06-07 11:36:58 - [TEST_STEP][PASSED] - navigateToUrl("https://ocs.ca/?fts=0&preview_theme_id=72920074060"): Navigate to 'https://ocs.ca/?fts=0&preview_theme_id=72920074060' successfully

2019-06-07 11:37:07 - [MESSAGE][PASSED] - Navigate to 'https://ocs.ca/?fts=0&preview_theme_id=72920074060' successfully

2019-06-07 11:37:07 - [TEST_STEP][PASSED] - executeJavaScript("var previewBar = document.getElementById("preview-bar-iframe"); previewBar.style.display = "none";", []): Execute JavaScript 'var previewBar = document.getElementById("preview-bar-iframe"); previewBar.style.display = "none";' successfully

2019-06-07 11:37:07 - [MESSAGE][PASSED] - Execute JavaScript 'var previewBar = document.getElementById("preview-bar-iframe"); previewBar.style.display = "none";' successfully

2019-06-07 11:37:07 - [TEST_STEP][PASSED] - delay(4): Delayed 4 second(s)

2019-06-07 11:37:11 - [MESSAGE][PASSED] - Delayed 4 second(s)

2019-06-07 11:37:11 - [TEST_STEP][PASSED] - selectOptionByValue(findTestObject("OCS-DESKTOP/Age gate and Mega menu/Date"), "12", true): All options with value '12' are selected in object 'Object Repository/OCS-DESKTOP/Age gate and Mega menu/Date'  using regular expression

2019-06-07 11:37:12 - [MESSAGE][PASSED] - All options with value '12' are selected in object 'Object Repository/OCS-DESKTOP/Age gate and Mega menu/Date'  using regular expression

2019-06-07 11:37:12 - [TEST_STEP][PASSED] - selectOptionByValue(findTestObject("OCS-DESKTOP/Age gate and Mega menu/month"), "6", true): All options with value '6' are selected in object 'Object Repository/OCS-DESKTOP/Age gate and Mega menu/month'  using regular expression

2019-06-07 11:37:12 - [MESSAGE][PASSED] - All options with value '6' are selected in object 'Object Repository/OCS-DESKTOP/Age gate and Mega menu/month'  using regular expression

2019-06-07 11:37:12 - [TEST_STEP][PASSED] - delay(2): Delayed 2 second(s)

2019-06-07 11:37:14 - [MESSAGE][PASSED] - Delayed 2 second(s)

2019-06-07 11:37:14 - [TEST_STEP][PASSED] - selectOptionByValue(findTestObject("OCS-DESKTOP/Age gate and Mega menu/Year Dropdown"), "1990", true): All options with value '1990' are selected in object 'Object Repository/OCS-DESKTOP/Age gate and Mega menu/Year Dropdown'  using regular expression

2019-06-07 11:37:16 - [MESSAGE][PASSED] - All options with value '1990' are selected in object 'Object Repository/OCS-DESKTOP/Age gate and Mega menu/Year Dropdown'  using regular expression

2019-06-07 11:37:16 - [TEST_STEP][PASSED] - click(findTestObject("OCS-DESKTOP/Age gate and Mega menu/button_Verify")): Object: 'Object Repository/OCS-DESKTOP/Age gate and Mega menu/button_Verify' is clicked on

2019-06-07 11:37:16 - [MESSAGE][PASSED] - Object: 'Object Repository/OCS-DESKTOP/Age gate and Mega menu/button_Verify' is clicked on

2019-06-07 11:37:16 - [TEST_STEP][PASSED] - click(findTestObject("OCS-DESKTOP/Age gate and Mega menu/Checkbox_CONFIRM AND ACKNOWLEDGE")): Object: 'Object Repository/OCS-DESKTOP/Age gate and Mega menu/Checkbox_CONFIRM AND ACKNOWLEDGE' is clicked on

2019-06-07 11:37:17 - [MESSAGE][PASSED] - Object: 'Object Repository/OCS-DESKTOP/Age gate and Mega menu/Checkbox_CONFIRM AND ACKNOWLEDGE' is clicked on

2019-06-07 11:37:17 - [TEST_STEP][PASSED] - click(findTestObject("OCS-DESKTOP/Age gate and Mega menu/button_CONFIRM")): Object: 'Object Repository/OCS-DESKTOP/Age gate and Mega menu/button_CONFIRM' is clicked on

2019-06-07 11:37:17 - [MESSAGE][PASSED] - Object: 'Object Repository/OCS-DESKTOP/Age gate and Mega menu/button_CONFIRM' is clicked on

2019-06-07 11:37:17 - [TEST_STEP][PASSED] - click(findTestObject("OCS-DESKTOP/Age gate and Mega menu/button_Start Browsing")): Object: 'Object Repository/OCS-DESKTOP/Age gate and Mega menu/button_Start Browsing' is clicked on

2019-06-07 11:37:17 - [MESSAGE][PASSED] - Object: 'Object Repository/OCS-DESKTOP/Age gate and Mega menu/button_Start Browsing' is clicked on

2019-06-07 11:37:17 - [TEST_STEP][PASSED] - delay(2): Delayed 2 second(s)

2019-06-07 11:37:19 - [MESSAGE][PASSED] - Delayed 2 second(s)

2019-06-07 11:37:19 - [TEST_STEP][PASSED] - navigateToUrl("https://ocs.ca/products/la-confidential"): Navigate to 'https://ocs.ca/products/la-confidential' successfully

2019-06-07 11:37:21 - [MESSAGE][PASSED] - Navigate to 'https://ocs.ca/products/la-confidential' successfully

2019-06-07 11:37:21 - [TEST_STEP][PASSED] - executeJavaScript("var previewBar = document.getElementById("preview-bar-iframe"); previewBar.style.display = "none";", []): Execute JavaScript 'var previewBar = document.getElementById("preview-bar-iframe"); previewBar.style.display = "none";' successfully

2019-06-07 11:37:22 - [MESSAGE][PASSED] - Execute JavaScript 'var previewBar = document.getElementById("preview-bar-iframe"); previewBar.style.display = "none";' successfully

2019-06-07 11:37:22 - [MESSAGE][PASSED] - Call Test Case 'Test Cases/OCS - DESKTOP/CALL - Navigate to PDP' successfully

2019-06-07 11:37:22 - [TEST_STEP][NOT_RUN] - scrollToElement(findTestObject("OCS-DESKTOP/Product page/Product image"), 1): NOT_RUN: scrollToElement(findTestObject("OCS-DESKTOP/Product page/Product image"), 1)

2019-06-07 11:37:22 - [MESSAGE][NOT_RUN] - NOT_RUN: scrollToElement(findTestObject("OCS-DESKTOP/Product page/Product image"), 1)

2019-06-07 11:37:22 - [TEST_STEP][PASSED] - delay(2): Delayed 2 second(s)

2019-06-07 11:37:24 - [MESSAGE][PASSED] - Delayed 2 second(s)

2019-06-07 11:37:24 - [TEST_STEP][PASSED] - executeJavaScript("var previewBar = document.getElementById("preview-bar-iframe"); previewBar.style.display = "none";", []): Execute JavaScript 'var previewBar = document.getElementById("preview-bar-iframe"); previewBar.style.display = "none";' successfully

2019-06-07 11:37:24 - [MESSAGE][PASSED] - Execute JavaScript 'var previewBar = document.getElementById("preview-bar-iframe"); previewBar.style.display = "none";' successfully

2019-06-07 11:37:24 - [TEST_STEP][PASSED] - click(findTestObject("OCS-DESKTOP/Product page/Swatch_1g")): Object: 'Object Repository/OCS-DESKTOP/Product page/Swatch_1g' is clicked on

2019-06-07 11:37:24 - [MESSAGE][PASSED] - Object: 'Object Repository/OCS-DESKTOP/Product page/Swatch_1g' is clicked on

2019-06-07 11:37:24 - [TEST_STEP][NOT_RUN] - scrollToElement(findTestObject("OCS-DESKTOP/Product page/Swatch_3.5g"), 1): NOT_RUN: scrollToElement(findTestObject("OCS-DESKTOP/Product page/Swatch_3.5g"), 1)

2019-06-07 11:37:24 - [MESSAGE][NOT_RUN] - NOT_RUN: scrollToElement(findTestObject("OCS-DESKTOP/Product page/Swatch_3.5g"), 1)

2019-06-07 11:37:24 - [TEST_STEP][PASSED] - delay(2): Delayed 2 second(s)

2019-06-07 11:37:26 - [MESSAGE][PASSED] - Delayed 2 second(s)

2019-06-07 11:37:26 - [TEST_STEP][PASSED] - click(findTestObject("OCS-DESKTOP/Product page/Add to Bag-button")): Object: 'Object Repository/OCS-DESKTOP/Product page/Add to Bag-button' is clicked on

2019-06-07 11:37:26 - [MESSAGE][PASSED] - Object: 'Object Repository/OCS-DESKTOP/Product page/Add to Bag-button' is clicked on

2019-06-07 11:37:26 - [TEST_STEP][PASSED] - delay(2): Delayed 2 second(s)

2019-06-07 11:37:28 - [MESSAGE][PASSED] - Delayed 2 second(s)

2019-06-07 11:37:28 - [TEST_STEP][PASSED] - click(findTestObject("OCS-DESKTOP/Cart flyout/Back icon"), CONTINUE_ON_FAILURE): Object: 'Object Repository/OCS-DESKTOP/Cart flyout/Back icon' is clicked on

2019-06-07 11:37:29 - [MESSAGE][PASSED] - Object: 'Object Repository/OCS-DESKTOP/Cart flyout/Back icon' is clicked on

2019-06-07 11:37:29 - [TEST_STEP][PASSED] - delay(2): Delayed 2 second(s)

2019-06-07 11:37:31 - [MESSAGE][PASSED] - Delayed 2 second(s)

2019-06-07 11:37:31 - [TEST_STEP][NOT_RUN] - click(findTestObject("OCS-DESKTOP/Home - page/Cart icon -bag"), OPTIONAL): NOT_RUN: click(findTestObject("OCS-DESKTOP/Home - page/Cart icon -bag"), OPTIONAL)

2019-06-07 11:37:31 - [MESSAGE][NOT_RUN] - NOT_RUN: click(findTestObject("OCS-DESKTOP/Home - page/Cart icon -bag"), OPTIONAL)

2019-06-07 11:37:31 - [TEST_STEP][PASSED] - delay(2): Delayed 2 second(s)

2019-06-07 11:37:33 - [MESSAGE][PASSED] - Delayed 2 second(s)

2019-06-07 11:37:33 - [TEST_STEP][PASSED] - flag = verifyElementPresent(findTestObject("OCS-DESKTOP/Product page/Swatch_3.5g"), 0): Object 'Object Repository/OCS-DESKTOP/Product page/Swatch_3.5g' is present

2019-06-07 11:37:33 - [MESSAGE][WARNING] - Timeout '0' is invalid. Using default page load timeout: '30'

2019-06-07 11:37:33 - [MESSAGE][PASSED] - Object 'Object Repository/OCS-DESKTOP/Product page/Swatch_3.5g' is present

2019-06-07 11:37:33 - [TEST_STEP][PASSED] - comment(" flag=" + flag):  flag=true

2019-06-07 11:37:33 - [MESSAGE][INFO] -  flag=true

2019-06-07 11:37:33 - [TEST_STEP][PASSED] - takeScreenshot(): Taking screenshot successfully

2019-06-07 11:37:33 - [MESSAGE][PASSED] - Taking screenshot successfully
[[ATTACHMENT|/Users/sumankompelly/Relative xpath-Desktop/Reports/OCS- 1.9.2.1/20190607_113651/1559921853120.png]]

2019-06-07 11:37:33 - [TEST_STEP][PASSED] - delay(2): Delayed 2 second(s)

2019-06-07 11:37:35 - [MESSAGE][PASSED] - Delayed 2 second(s)

2019-06-07 11:37:35 - [TEST_STEP][PASSED] - click(findTestObject("OCS-DESKTOP/Product page/Swatch_3.5g"), CONTINUE_ON_FAILURE): Object: 'Object Repository/OCS-DESKTOP/Product page/Swatch_3.5g' is clicked on

2019-06-07 11:37:35 - [MESSAGE][PASSED] - Object: 'Object Repository/OCS-DESKTOP/Product page/Swatch_3.5g' is clicked on

2019-06-07 11:37:35 - [TEST_STEP][PASSED] - click(findTestObject("OCS-DESKTOP/Product page/Add to Bag-button")): Object: 'Object Repository/OCS-DESKTOP/Product page/Add to Bag-button' is clicked on

2019-06-07 11:37:36 - [MESSAGE][PASSED] - Object: 'Object Repository/OCS-DESKTOP/Product page/Add to Bag-button' is clicked on

2019-06-07 11:37:36 - [TEST_STEP][PASSED] - delay(2): Delayed 2 second(s)

2019-06-07 11:37:38 - [MESSAGE][PASSED] - Delayed 2 second(s)

2019-06-07 11:37:38 - [TEST_STEP][PASSED] - click(findTestObject("OCS-DESKTOP/Home - page/Cart icon -bag"), OPTIONAL): Unable to click on object 'Object Repository/OCS-DESKTOP/Home - page/Cart icon -bag' (Root cause: org.openqa.selenium.ElementClickInterceptedException: Element <div class="gram-widget__pricing"> is not clickable at point (1245,68) because another element <div class="cart__items"> obscures it
Build info: version: '3.7.1', revision: '8a0099a', time: '2017-11-06T21:07:36.161Z'
System info: host: 'sumans-MacBook-Pro.local', ip: 'fe80:0:0:0:8ee:14b5:7377:44cf%en0', os.name: 'Mac OS X', os.arch: 'x86_64', os.version: '10.13.6', java.version: '1.8.0_181'
Driver info: com.kms.katalon.core.webui.driver.firefox.CGeckoDriver
Capabilities {acceptInsecureCerts: true, browserName: firefox, browserVersion: 67.0, javascriptEnabled: true, moz:accessibilityChecks: false, moz:buildID: 20190516215225, moz:geckodriverVersion: 0.23.0, moz:headless: false, moz:processID: 1641, moz:profile: /var/folders/1t/c55l8xzs6gq..., moz:shutdownTimeout: 60000, moz:useNonSpecCompliantPointerOrigin: false, moz:webdriverClick: true, pageLoadStrategy: normal, platform: MAC, platformName: MAC, platformVersion: 17.7.0, proxy: Proxy(direct), rotatable: false, setWindowRect: true, strictFileInteractability: false, timeouts: {implicit: 0, pageLoad: 300000, script: 30000}, unhandledPromptBehavior: dismiss and notify}
Session ID: cefcf476-1fbd-ff4d-8c7e-f22036d2e56f)

2019-06-07 11:37:38 - [MESSAGE][WARNING] - Unable to click on object 'Object Repository/OCS-DESKTOP/Home - page/Cart icon -bag' (Root cause: org.openqa.selenium.ElementClickInterceptedException: Element <div class="gram-widget__pricing"> is not clickable at point (1245,68) because another element <div class="cart__items"> obscures it
Build info: version: '3.7.1', revision: '8a0099a', time: '2017-11-06T21:07:36.161Z'
System info: host: 'sumans-MacBook-Pro.local', ip: 'fe80:0:0:0:8ee:14b5:7377:44cf%en0', os.name: 'Mac OS X', os.arch: 'x86_64', os.version: '10.13.6', java.version: '1.8.0_181'
Driver info: com.kms.katalon.core.webui.driver.firefox.CGeckoDriver
Capabilities {acceptInsecureCerts: true, browserName: firefox, browserVersion: 67.0, javascriptEnabled: true, moz:accessibilityChecks: false, moz:buildID: 20190516215225, moz:geckodriverVersion: 0.23.0, moz:headless: false, moz:processID: 1641, moz:profile: /var/folders/1t/c55l8xzs6gq..., moz:shutdownTimeout: 60000, moz:useNonSpecCompliantPointerOrigin: false, moz:webdriverClick: true, pageLoadStrategy: normal, platform: MAC, platformName: MAC, platformVersion: 17.7.0, proxy: Proxy(direct), rotatable: false, setWindowRect: true, strictFileInteractability: false, timeouts: {implicit: 0, pageLoad: 300000, script: 30000}, unhandledPromptBehavior: dismiss and notify}
Session ID: cefcf476-1fbd-ff4d-8c7e-f22036d2e56f)
[[ATTACHMENT|/Users/sumankompelly/Relative xpath-Desktop/Reports/OCS- 1.9.2.1/20190607_113651/1559921858073.png]]

2019-06-07 11:37:38 - [TEST_STEP][PASSED] - delay(2): Delayed 2 second(s)

2019-06-07 11:37:40 - [MESSAGE][PASSED] - Delayed 2 second(s)

2019-06-07 11:37:40 - [TEST_STEP][PASSED] - click(findTestObject("OCS-DESKTOP/Cart flyout/Checkbox_I confirm that")): Object: 'Object Repository/OCS-DESKTOP/Cart flyout/Checkbox_I confirm that' is clicked on

2019-06-07 11:37:40 - [MESSAGE][PASSED] - Object: 'Object Repository/OCS-DESKTOP/Cart flyout/Checkbox_I confirm that' is clicked on

2019-06-07 11:37:40 - [TEST_STEP][PASSED] - delay(2): Delayed 2 second(s)

2019-06-07 11:37:42 - [MESSAGE][PASSED] - Delayed 2 second(s)

2019-06-07 11:37:42 - [TEST_STEP][PASSED] - click(findTestObject("OCS-DESKTOP/Cart flyout/Checkbox_Accept the Terms Condition")): Object: 'Object Repository/OCS-DESKTOP/Cart flyout/Checkbox_Accept the Terms Condition' is clicked on

2019-06-07 11:37:42 - [MESSAGE][PASSED] - Object: 'Object Repository/OCS-DESKTOP/Cart flyout/Checkbox_Accept the Terms Condition' is clicked on

2019-06-07 11:37:42 - [TEST_STEP][PASSED] - delay(2): Delayed 2 second(s)

2019-06-07 11:37:44 - [MESSAGE][PASSED] - Delayed 2 second(s)

2019-06-07 11:37:44 - [TEST_STEP][PASSED] - click(findTestObject("OCS-DESKTOP/Cart flyout/Checkout - Button")): Object: 'Object Repository/OCS-DESKTOP/Cart flyout/Checkout - Button' is clicked on

2019-06-07 11:37:49 - [MESSAGE][PASSED] - Object: 'Object Repository/OCS-DESKTOP/Cart flyout/Checkout - Button' is clicked on

2019-06-07 11:37:49 - [TEST_STEP][PASSED] - delay(2): Delayed 2 second(s)

2019-06-07 11:37:51 - [MESSAGE][PASSED] - Delayed 2 second(s)

2019-06-07 11:37:51 - [TEST_STEP][NOT_RUN] - scrollToElement(findTestObject("OCS-DESKTOP/Customer info page/Return to Cart - Link"), 1): NOT_RUN: scrollToElement(findTestObject("OCS-DESKTOP/Customer info page/Return to Cart - Link"), 1)

2019-06-07 11:37:51 - [MESSAGE][NOT_RUN] - NOT_RUN: scrollToElement(findTestObject("OCS-DESKTOP/Customer info page/Return to Cart - Link"), 1)

2019-06-07 11:37:51 - [TEST_STEP][PASSED] - delay(2): Delayed 2 second(s)

2019-06-07 11:37:53 - [MESSAGE][PASSED] - Delayed 2 second(s)

2019-06-07 11:37:53 - [TEST_STEP][PASSED] - click(findTestObject("OCS-DESKTOP/Customer info page/Cart - Breadcrumb link")): Object: 'Object Repository/OCS-DESKTOP/Customer info page/Cart - Breadcrumb link' is clicked on

2019-06-07 11:37:55 - [MESSAGE][PASSED] - Object: 'Object Repository/OCS-DESKTOP/Customer info page/Cart - Breadcrumb link' is clicked on

2019-06-07 11:37:55 - [TEST_STEP][PASSED] - delay(2): Delayed 2 second(s)

2019-06-07 11:37:57 - [MESSAGE][PASSED] - Delayed 2 second(s)

2019-06-07 11:37:57 - [TEST_STEP][PASSED] - a = getText(findTestObject("OCS-DESKTOP/Cart page/Unit price - 1st product")): Text of object 'Object Repository/OCS-DESKTOP/Cart page/Unit price - 1st product' is: '$35.00'

2019-06-07 11:37:57 - [MESSAGE][PASSED] - Text of object 'Object Repository/OCS-DESKTOP/Cart page/Unit price - 1st product' is: '$35.00'

2019-06-07 11:37:57 - [TEST_STEP][PASSED] - comment(a): $35.00

2019-06-07 11:37:57 - [MESSAGE][INFO] - $35.00

2019-06-07 11:37:57 - [TEST_STEP][PASSED] - a1 = a.substring(1): null

2019-06-07 11:37:57 - [TEST_STEP][PASSED] - comment("a1 = " + a1): a1 = 35.00

2019-06-07 11:37:57 - [MESSAGE][INFO] - a1 = 35.00

2019-06-07 11:37:57 - [TEST_STEP][PASSED] - delay(2): Delayed 2 second(s)

2019-06-07 11:37:59 - [MESSAGE][PASSED] - Delayed 2 second(s)

2019-06-07 11:37:59 - [TEST_STEP][PASSED] - b = getText(findTestObject("OCS-DESKTOP/Cart page/Unit price - 2nd product")): Text of object 'Object Repository/OCS-DESKTOP/Cart page/Unit price - 2nd product' is: '$10.50'

2019-06-07 11:37:59 - [MESSAGE][PASSED] - Text of object 'Object Repository/OCS-DESKTOP/Cart page/Unit price - 2nd product' is: '$10.50'

2019-06-07 11:37:59 - [TEST_STEP][PASSED] - comment(b): $10.50

2019-06-07 11:37:59 - [MESSAGE][INFO] - $10.50

2019-06-07 11:37:59 - [TEST_STEP][PASSED] - a2 = b.substring(1): null

2019-06-07 11:37:59 - [TEST_STEP][PASSED] - comment("a2 = " + a2): a2 = 10.50

2019-06-07 11:37:59 - [MESSAGE][INFO] - a2 = 10.50

2019-06-07 11:37:59 - [TEST_STEP][PASSED] - c = getText(findTestObject("OCS-DESKTOP/Cart page/Sub-total")): Text of object 'Object Repository/OCS-DESKTOP/Cart page/Sub-total' is: '$45.50'

2019-06-07 11:37:59 - [MESSAGE][PASSED] - Text of object 'Object Repository/OCS-DESKTOP/Cart page/Sub-total' is: '$45.50'

2019-06-07 11:37:59 - [TEST_STEP][PASSED] - comment(c): $45.50

2019-06-07 11:37:59 - [MESSAGE][INFO] - $45.50

2019-06-07 11:37:59 - [TEST_STEP][PASSED] - a3 = c.substring(1): null

2019-06-07 11:37:59 - [TEST_STEP][PASSED] - comment("a3 = " + a3): a3 = 45.50

2019-06-07 11:37:59 - [MESSAGE][INFO] - a3 = 45.50

2019-06-07 11:37:59 - [TEST_STEP][PASSED] - p2 = <not implemented yet for class: org.codehaus.groovy.ast.expr.EmptyExpression>: null

2019-06-07 11:37:59 - [TEST_STEP][PASSED] - p3 = <not implemented yet for class: org.codehaus.groovy.ast.expr.EmptyExpression>: null

2019-06-07 11:37:59 - [TEST_STEP][PASSED] - try: p2=35.0

2019-06-07 11:37:59 - [TEST_STEP][PASSED] - x1 = a1: null

2019-06-07 11:37:59 - [TEST_STEP][PASSED] - comment("x1=" + x1): x1=35.00

2019-06-07 11:37:59 - [MESSAGE][INFO] - x1=35.00

2019-06-07 11:37:59 - [TEST_STEP][PASSED] - p2 = Double.valueOf(x1): null

2019-06-07 11:37:59 - [TEST_STEP][PASSED] - comment("p2=" + p2): p2=35.0

2019-06-07 11:37:59 - [MESSAGE][INFO] - p2=35.0

2019-06-07 11:37:59 - [TEST_STEP][PASSED] - try: p3=10.5

2019-06-07 11:37:59 - [TEST_STEP][PASSED] - x2 = a2: null

2019-06-07 11:37:59 - [TEST_STEP][PASSED] - comment("x2=" + x2): x2=10.50

2019-06-07 11:37:59 - [MESSAGE][INFO] - x2=10.50

2019-06-07 11:37:59 - [TEST_STEP][PASSED] - p3 = Double.valueOf(x2): null

2019-06-07 11:37:59 - [TEST_STEP][PASSED] - comment("p3=" + p3): p3=10.5

2019-06-07 11:37:59 - [MESSAGE][INFO] - p3=10.5

2019-06-07 11:37:59 - [TEST_STEP][PASSED] - comment("p2=" + p2): p2=35.0

2019-06-07 11:37:59 - [MESSAGE][INFO] - p2=35.0

2019-06-07 11:37:59 - [TEST_STEP][PASSED] - comment("p3=" + p3): p3=10.5

2019-06-07 11:37:59 - [MESSAGE][INFO] - p3=10.5

2019-06-07 11:37:59 - [TEST_STEP][PASSED] - total = p2 + p3: null

2019-06-07 11:37:59 - [TEST_STEP][PASSED] - comment("total=" + total): total=45.5

2019-06-07 11:37:59 - [MESSAGE][INFO] - total=45.5

2019-06-07 11:37:59 - [TEST_STEP][PASSED] - verifyEqual(total, a3): Actual object '45.5' and expected object '45.50' are equal

2019-06-07 11:37:59 - [MESSAGE][PASSED] - Actual object '45.5' and expected object '45.50' are equal

2019-06-07 11:37:59 - [TEST_STEP][PASSED] - click(findTestObject("OCS-DESKTOP/Cart page/Remove icon - 1st Product")): Object: 'Object Repository/OCS-DESKTOP/Cart page/Remove icon - 1st Product' is clicked on

2019-06-07 11:38:01 - [MESSAGE][PASSED] - Object: 'Object Repository/OCS-DESKTOP/Cart page/Remove icon - 1st Product' is clicked on

2019-06-07 11:38:01 - [TEST_STEP][PASSED] - delay(2): Delayed 2 second(s)

2019-06-07 11:38:03 - [MESSAGE][PASSED] - Delayed 2 second(s)

2019-06-07 11:38:03 - [TEST_STEP][PASSED] - c23 = getText(findTestObject("OCS-DESKTOP/Cart page/Sub-total")): Text of object 'Object Repository/OCS-DESKTOP/Cart page/Sub-total' is: '$10.50'

2019-06-07 11:38:03 - [MESSAGE][PASSED] - Text of object 'Object Repository/OCS-DESKTOP/Cart page/Sub-total' is: '$10.50'

2019-06-07 11:38:03 - [TEST_STEP][PASSED] - comment(c23): $10.50

2019-06-07 11:38:03 - [MESSAGE][INFO] - $10.50

2019-06-07 11:38:03 - [TEST_STEP][PASSED] - a4 = c23.substring(1): null

2019-06-07 11:38:03 - [TEST_STEP][PASSED] - comment("a4= " + a4): a4= 10.50

2019-06-07 11:38:03 - [MESSAGE][INFO] - a4= 10.50

2019-06-07 11:38:03 - [TEST_STEP][PASSED] - b25 = getText(findTestObject("OCS-DESKTOP/Cart page/Unit price - 1st product")): Text of object 'Object Repository/OCS-DESKTOP/Cart page/Unit price - 1st product' is: '$10.50'

2019-06-07 11:38:03 - [MESSAGE][PASSED] - Text of object 'Object Repository/OCS-DESKTOP/Cart page/Unit price - 1st product' is: '$10.50'

2019-06-07 11:38:03 - [TEST_STEP][PASSED] - comment(b25): $10.50

2019-06-07 11:38:03 - [MESSAGE][INFO] - $10.50

2019-06-07 11:38:03 - [TEST_STEP][PASSED] - a25 = b25.substring(1): null

2019-06-07 11:38:03 - [TEST_STEP][PASSED] - comment("a25 = " + a25): a25 = 10.50

2019-06-07 11:38:03 - [MESSAGE][INFO] - a25 = 10.50

2019-06-07 11:38:03 - [TEST_STEP][PASSED] - verifyEqual(a4, a25): Actual object '10.50' and expected object '10.50' are equal

2019-06-07 11:38:03 - [MESSAGE][PASSED] - Actual object '10.50' and expected object '10.50' are equal]]></system-out>
         <system-err><![CDATA[]]></system-err>
      </testcase>
      <testcase name="Test Cases/OCS - DESKTOP/OCS- CRITICAL PATH/cart flyout- accessories" classname="Test Cases/OCS - DESKTOP/OCS- CRITICAL PATH/cart flyout- accessories" status="PASSED">
         <system-out><![CDATA[2019-06-07 11:38:03 - [TEST_CASE][PASSED] - Test Cases/OCS - DESKTOP/OCS- CRITICAL PATH/cart flyout- accessories: Test Cases/OCS - DESKTOP/OCS- CRITICAL PATH/cart flyout- accessories

2019-06-07 11:38:03 - [TEST_STEP][PASSED] - callTestCase(findTestCase("OCS - DESKTOP/CALL - PDP"), [:], STOP_ON_FAILURE): Call Test Case 'Test Cases/OCS - DESKTOP/CALL - PDP' successfully

2019-06-07 11:38:03 - [TEST_CASE][PASSED] - Test Cases/OCS - DESKTOP/CALL - PDP: Test Cases/OCS - DESKTOP/CALL - PDP

2019-06-07 11:38:03 - [TEST_STEP][PASSED] - openBrowser(""): Browser is opened with url: ''

2019-06-07 11:38:03 - [MESSAGE][WARNING] - A browser is already opened. Closing browser and opening a new one

2019-06-07 11:38:03 - [MESSAGE][INFO] - Starting 'Firefox' driver

2019-06-07 11:38:06 - [MESSAGE][PASSED] - Browser is opened with url: ''

2019-06-07 11:38:06 - [TEST_STEP][PASSED] - navigateToUrl("https://ocs.ca/?fts=0&preview_theme_id=72920074060"): Navigate to 'https://ocs.ca/?fts=0&preview_theme_id=72920074060' successfully

2019-06-07 11:38:11 - [MESSAGE][PASSED] - Navigate to 'https://ocs.ca/?fts=0&preview_theme_id=72920074060' successfully

2019-06-07 11:38:11 - [TEST_STEP][PASSED] - maximizeWindow(): Current window maximized

2019-06-07 11:38:12 - [MESSAGE][PASSED] - Current window maximized

2019-06-07 11:38:12 - [TEST_STEP][PASSED] - executeJavaScript("var previewBar = document.getElementById("preview-bar-iframe"); previewBar.style.display = "none";", []): Execute JavaScript 'var previewBar = document.getElementById("preview-bar-iframe"); previewBar.style.display = "none";' successfully

2019-06-07 11:38:12 - [MESSAGE][PASSED] - Execute JavaScript 'var previewBar = document.getElementById("preview-bar-iframe"); previewBar.style.display = "none";' successfully

2019-06-07 11:38:12 - [TEST_STEP][PASSED] - delay(4): Delayed 4 second(s)

2019-06-07 11:38:16 - [MESSAGE][PASSED] - Delayed 4 second(s)

2019-06-07 11:38:16 - [TEST_STEP][PASSED] - selectOptionByValue(findTestObject("OCS-DESKTOP/Age gate and Mega menu/Date"), "12", true): All options with value '12' are selected in object 'Object Repository/OCS-DESKTOP/Age gate and Mega menu/Date'  using regular expression

2019-06-07 11:38:17 - [MESSAGE][PASSED] - All options with value '12' are selected in object 'Object Repository/OCS-DESKTOP/Age gate and Mega menu/Date'  using regular expression

2019-06-07 11:38:17 - [TEST_STEP][PASSED] - selectOptionByValue(findTestObject("OCS-DESKTOP/Age gate and Mega menu/month"), "6", true): All options with value '6' are selected in object 'Object Repository/OCS-DESKTOP/Age gate and Mega menu/month'  using regular expression

2019-06-07 11:38:17 - [MESSAGE][PASSED] - All options with value '6' are selected in object 'Object Repository/OCS-DESKTOP/Age gate and Mega menu/month'  using regular expression

2019-06-07 11:38:17 - [TEST_STEP][PASSED] - delay(2): Delayed 2 second(s)

2019-06-07 11:38:19 - [MESSAGE][PASSED] - Delayed 2 second(s)

2019-06-07 11:38:19 - [TEST_STEP][PASSED] - selectOptionByValue(findTestObject("OCS-DESKTOP/Age gate and Mega menu/Year Dropdown"), "1990", true): All options with value '1990' are selected in object 'Object Repository/OCS-DESKTOP/Age gate and Mega menu/Year Dropdown'  using regular expression

2019-06-07 11:38:21 - [MESSAGE][PASSED] - All options with value '1990' are selected in object 'Object Repository/OCS-DESKTOP/Age gate and Mega menu/Year Dropdown'  using regular expression

2019-06-07 11:38:21 - [TEST_STEP][PASSED] - click(findTestObject("OCS-DESKTOP/Age gate and Mega menu/button_Verify")): Object: 'Object Repository/OCS-DESKTOP/Age gate and Mega menu/button_Verify' is clicked on

2019-06-07 11:38:21 - [MESSAGE][PASSED] - Object: 'Object Repository/OCS-DESKTOP/Age gate and Mega menu/button_Verify' is clicked on

2019-06-07 11:38:21 - [TEST_STEP][PASSED] - click(findTestObject("OCS-DESKTOP/Age gate and Mega menu/Checkbox_CONFIRM AND ACKNOWLEDGE")): Object: 'Object Repository/OCS-DESKTOP/Age gate and Mega menu/Checkbox_CONFIRM AND ACKNOWLEDGE' is clicked on

2019-06-07 11:38:21 - [MESSAGE][PASSED] - Object: 'Object Repository/OCS-DESKTOP/Age gate and Mega menu/Checkbox_CONFIRM AND ACKNOWLEDGE' is clicked on

2019-06-07 11:38:21 - [TEST_STEP][PASSED] - click(findTestObject("OCS-DESKTOP/Age gate and Mega menu/button_CONFIRM")): Object: 'Object Repository/OCS-DESKTOP/Age gate and Mega menu/button_CONFIRM' is clicked on

2019-06-07 11:38:21 - [MESSAGE][PASSED] - Object: 'Object Repository/OCS-DESKTOP/Age gate and Mega menu/button_CONFIRM' is clicked on

2019-06-07 11:38:21 - [TEST_STEP][PASSED] - click(findTestObject("OCS-DESKTOP/Age gate and Mega menu/button_Start Browsing")): Object: 'Object Repository/OCS-DESKTOP/Age gate and Mega menu/button_Start Browsing' is clicked on

2019-06-07 11:38:22 - [MESSAGE][PASSED] - Object: 'Object Repository/OCS-DESKTOP/Age gate and Mega menu/button_Start Browsing' is clicked on

2019-06-07 11:38:22 - [TEST_STEP][PASSED] - refresh(): Refresh successfully

2019-06-07 11:38:24 - [MESSAGE][PASSED] - Refresh successfully

2019-06-07 11:38:24 - [TEST_STEP][PASSED] - delay(2): Delayed 2 second(s)

2019-06-07 11:38:26 - [MESSAGE][PASSED] - Delayed 2 second(s)

2019-06-07 11:38:26 - [TEST_STEP][PASSED] - mouseOver(findTestObject("OCS-DESKTOP/Age gate and Mega menu/Header/CANNABIS menu - English")): Object: 'Object Repository/OCS-DESKTOP/Age gate and Mega menu/Header/CANNABIS menu - English' is hovered

2019-06-07 11:38:26 - [MESSAGE][PASSED] - Object: 'Object Repository/OCS-DESKTOP/Age gate and Mega menu/Header/CANNABIS menu - English' is hovered

2019-06-07 11:38:26 - [TEST_STEP][PASSED] - delay(2): Delayed 2 second(s)

2019-06-07 11:38:28 - [MESSAGE][PASSED] - Delayed 2 second(s)

2019-06-07 11:38:28 - [TEST_STEP][PASSED] - click(findTestObject("OCS-DESKTOP/Age gate and Mega menu/Indica Dominant_Menu item")): Object: 'Object Repository/OCS-DESKTOP/Age gate and Mega menu/Indica Dominant_Menu item' is clicked on

2019-06-07 11:38:31 - [MESSAGE][PASSED] - Object: 'Object Repository/OCS-DESKTOP/Age gate and Mega menu/Indica Dominant_Menu item' is clicked on

2019-06-07 11:38:31 - [TEST_STEP][PASSED] - delay(2): Delayed 2 second(s)

2019-06-07 11:38:33 - [MESSAGE][PASSED] - Delayed 2 second(s)

2019-06-07 11:38:33 - [TEST_STEP][PASSED] - scrollToElement(findTestObject("OCS-DESKTOP/Collection page/Product image - 1st one"), 0): Scroll to object 'Object Repository/OCS-DESKTOP/Collection page/Product image - 1st one' successfully

2019-06-07 11:38:33 - [MESSAGE][WARNING] - Timeout '0' is invalid. Using default page load timeout: '30'

2019-06-07 11:38:33 - [MESSAGE][PASSED] - Scroll to object 'Object Repository/OCS-DESKTOP/Collection page/Product image - 1st one' successfully

2019-06-07 11:38:33 - [TEST_STEP][PASSED] - delay(2): Delayed 2 second(s)

2019-06-07 11:38:35 - [MESSAGE][PASSED] - Delayed 2 second(s)

2019-06-07 11:38:35 - [TEST_STEP][PASSED] - click(findTestObject("OCS-DESKTOP/Collection page/Product image - 1st one")): Object: 'Object Repository/OCS-DESKTOP/Collection page/Product image - 1st one' is clicked on

2019-06-07 11:38:37 - [MESSAGE][PASSED] - Object: 'Object Repository/OCS-DESKTOP/Collection page/Product image - 1st one' is clicked on

2019-06-07 11:38:37 - [TEST_STEP][PASSED] - executeJavaScript("var previewBar = document.getElementById("preview-bar-iframe"); previewBar.style.display = "none";", []): Execute JavaScript 'var previewBar = document.getElementById("preview-bar-iframe"); previewBar.style.display = "none";' successfully

2019-06-07 11:38:37 - [MESSAGE][PASSED] - Execute JavaScript 'var previewBar = document.getElementById("preview-bar-iframe"); previewBar.style.display = "none";' successfully

2019-06-07 11:38:37 - [TEST_STEP][PASSED] - delay(2): Delayed 2 second(s)

2019-06-07 11:38:39 - [MESSAGE][PASSED] - Delayed 2 second(s)

2019-06-07 11:38:39 - [MESSAGE][PASSED] - Call Test Case 'Test Cases/OCS - DESKTOP/CALL - PDP' successfully

2019-06-07 11:38:39 - [TEST_STEP][NOT_RUN] - scrollToElement(findTestObject("OCS-DESKTOP/Product page/Product image"), 1): NOT_RUN: scrollToElement(findTestObject("OCS-DESKTOP/Product page/Product image"), 1)

2019-06-07 11:38:39 - [MESSAGE][NOT_RUN] - NOT_RUN: scrollToElement(findTestObject("OCS-DESKTOP/Product page/Product image"), 1)

2019-06-07 11:38:39 - [TEST_STEP][PASSED] - delay(2): Delayed 2 second(s)

2019-06-07 11:38:41 - [MESSAGE][PASSED] - Delayed 2 second(s)

2019-06-07 11:38:41 - [TEST_STEP][PASSED] - click(findTestObject("OCS-DESKTOP/Product page/Swatch_1g")): Object: 'Object Repository/OCS-DESKTOP/Product page/Swatch_1g' is clicked on

2019-06-07 11:38:42 - [MESSAGE][PASSED] - Object: 'Object Repository/OCS-DESKTOP/Product page/Swatch_1g' is clicked on

2019-06-07 11:38:42 - [TEST_STEP][PASSED] - scrollToElement(findTestObject("OCS-DESKTOP/Product page/Swatch_3.5g"), 1): Scroll to object 'Object Repository/OCS-DESKTOP/Product page/Swatch_3.5g' successfully

2019-06-07 11:38:42 - [MESSAGE][PASSED] - Scroll to object 'Object Repository/OCS-DESKTOP/Product page/Swatch_3.5g' successfully

2019-06-07 11:38:42 - [TEST_STEP][PASSED] - delay(2): Delayed 2 second(s)

2019-06-07 11:38:44 - [MESSAGE][PASSED] - Delayed 2 second(s)

2019-06-07 11:38:44 - [TEST_STEP][PASSED] - click(findTestObject("OCS-DESKTOP/Product page/Add to Bag-button")): Object: 'Object Repository/OCS-DESKTOP/Product page/Add to Bag-button' is clicked on

2019-06-07 11:38:44 - [MESSAGE][PASSED] - Object: 'Object Repository/OCS-DESKTOP/Product page/Add to Bag-button' is clicked on

2019-06-07 11:38:44 - [TEST_STEP][PASSED] - delay(1): Delayed 1 second(s)

2019-06-07 11:38:45 - [MESSAGE][PASSED] - Delayed 1 second(s)

2019-06-07 11:38:45 - [TEST_STEP][PASSED] - delay(2): Delayed 2 second(s)

2019-06-07 11:38:47 - [MESSAGE][PASSED] - Delayed 2 second(s)

2019-06-07 11:38:47 - [TEST_STEP][NOT_RUN] - click(findTestObject("OCS-DESKTOP/Theme preview - Hide bar")): NOT_RUN: click(findTestObject("OCS-DESKTOP/Theme preview - Hide bar"))

2019-06-07 11:38:47 - [MESSAGE][NOT_RUN] - NOT_RUN: click(findTestObject("OCS-DESKTOP/Theme preview - Hide bar"))

2019-06-07 11:38:47 - [TEST_STEP][NOT_RUN] - delay(2): NOT_RUN: delay(2)

2019-06-07 11:38:47 - [MESSAGE][NOT_RUN] - NOT_RUN: delay(2)

2019-06-07 11:38:47 - [TEST_STEP][PASSED] - click(findTestObject("OCS-DESKTOP/Cart flyout/Up Chevron - Accessories you might need")): Object: 'Object Repository/OCS-DESKTOP/Cart flyout/Up Chevron - Accessories you might need' is clicked on

2019-06-07 11:38:47 - [MESSAGE][PASSED] - Object: 'Object Repository/OCS-DESKTOP/Cart flyout/Up Chevron - Accessories you might need' is clicked on

2019-06-07 11:38:47 - [TEST_STEP][PASSED] - takeScreenshot(): Taking screenshot successfully

2019-06-07 11:38:47 - [MESSAGE][PASSED] - Taking screenshot successfully
[[ATTACHMENT|/Users/sumankompelly/Relative xpath-Desktop/Reports/OCS- 1.9.2.1/20190607_113651/1559921927642.png]]

2019-06-07 11:38:47 - [TEST_STEP][PASSED] - delay(4): Delayed 4 second(s)

2019-06-07 11:38:51 - [MESSAGE][PASSED] - Delayed 4 second(s)

2019-06-07 11:38:51 - [TEST_STEP][PASSED] - click(findTestObject("OCS-DESKTOP/Cart flyout/Down Chevron - Accessories you might need")): Object: 'Object Repository/OCS-DESKTOP/Cart flyout/Down Chevron - Accessories you might need' is clicked on

2019-06-07 11:38:52 - [MESSAGE][PASSED] - Object: 'Object Repository/OCS-DESKTOP/Cart flyout/Down Chevron - Accessories you might need' is clicked on]]></system-out>
         <system-err><![CDATA[]]></system-err>
      </testcase>
      <testcase name="Test Cases/OCS - DESKTOP/OCS- CRITICAL PATH/Cart flyout- decrease qty" classname="Test Cases/OCS - DESKTOP/OCS- CRITICAL PATH/Cart flyout- decrease qty" status="PASSED">
         <system-out><![CDATA[2019-06-07 11:38:52 - [TEST_CASE][PASSED] - Test Cases/OCS - DESKTOP/OCS- CRITICAL PATH/Cart flyout- decrease qty: Test Cases/OCS - DESKTOP/OCS- CRITICAL PATH/Cart flyout- decrease qty

2019-06-07 11:38:52 - [TEST_STEP][PASSED] - callTestCase(findTestCase("OCS - DESKTOP/CALL - Navigate to PDP"), [:], STOP_ON_FAILURE): Call Test Case 'Test Cases/OCS - DESKTOP/CALL - Navigate to PDP' successfully

2019-06-07 11:38:52 - [TEST_CASE][PASSED] - Test Cases/OCS - DESKTOP/CALL - Navigate to PDP: Test Cases/OCS - DESKTOP/CALL - Navigate to PDP

2019-06-07 11:38:52 - [TEST_STEP][PASSED] - openBrowser(""): Browser is opened with url: ''

2019-06-07 11:38:52 - [MESSAGE][WARNING] - A browser is already opened. Closing browser and opening a new one

2019-06-07 11:38:52 - [MESSAGE][INFO] - Starting 'Firefox' driver

2019-06-07 11:38:55 - [MESSAGE][PASSED] - Browser is opened with url: ''

2019-06-07 11:38:55 - [TEST_STEP][PASSED] - maximizeWindow(): Current window maximized

2019-06-07 11:38:55 - [MESSAGE][PASSED] - Current window maximized

2019-06-07 11:38:55 - [TEST_STEP][PASSED] - navigateToUrl("https://ocs.ca/?fts=0&preview_theme_id=72920074060"): Navigate to 'https://ocs.ca/?fts=0&preview_theme_id=72920074060' successfully

2019-06-07 11:39:00 - [MESSAGE][PASSED] - Navigate to 'https://ocs.ca/?fts=0&preview_theme_id=72920074060' successfully

2019-06-07 11:39:00 - [TEST_STEP][PASSED] - executeJavaScript("var previewBar = document.getElementById("preview-bar-iframe"); previewBar.style.display = "none";", []): Execute JavaScript 'var previewBar = document.getElementById("preview-bar-iframe"); previewBar.style.display = "none";' successfully

2019-06-07 11:39:00 - [MESSAGE][PASSED] - Execute JavaScript 'var previewBar = document.getElementById("preview-bar-iframe"); previewBar.style.display = "none";' successfully

2019-06-07 11:39:00 - [TEST_STEP][PASSED] - delay(4): Delayed 4 second(s)

2019-06-07 11:39:04 - [MESSAGE][PASSED] - Delayed 4 second(s)

2019-06-07 11:39:04 - [TEST_STEP][PASSED] - selectOptionByValue(findTestObject("OCS-DESKTOP/Age gate and Mega menu/Date"), "12", true): All options with value '12' are selected in object 'Object Repository/OCS-DESKTOP/Age gate and Mega menu/Date'  using regular expression

2019-06-07 11:39:05 - [MESSAGE][PASSED] - All options with value '12' are selected in object 'Object Repository/OCS-DESKTOP/Age gate and Mega menu/Date'  using regular expression

2019-06-07 11:39:05 - [TEST_STEP][PASSED] - selectOptionByValue(findTestObject("OCS-DESKTOP/Age gate and Mega menu/month"), "6", true): All options with value '6' are selected in object 'Object Repository/OCS-DESKTOP/Age gate and Mega menu/month'  using regular expression

2019-06-07 11:39:05 - [MESSAGE][PASSED] - All options with value '6' are selected in object 'Object Repository/OCS-DESKTOP/Age gate and Mega menu/month'  using regular expression

2019-06-07 11:39:05 - [TEST_STEP][PASSED] - delay(2): Delayed 2 second(s)

2019-06-07 11:39:07 - [MESSAGE][PASSED] - Delayed 2 second(s)

2019-06-07 11:39:07 - [TEST_STEP][PASSED] - selectOptionByValue(findTestObject("OCS-DESKTOP/Age gate and Mega menu/Year Dropdown"), "1990", true): All options with value '1990' are selected in object 'Object Repository/OCS-DESKTOP/Age gate and Mega menu/Year Dropdown'  using regular expression

2019-06-07 11:39:09 - [MESSAGE][PASSED] - All options with value '1990' are selected in object 'Object Repository/OCS-DESKTOP/Age gate and Mega menu/Year Dropdown'  using regular expression

2019-06-07 11:39:09 - [TEST_STEP][PASSED] - click(findTestObject("OCS-DESKTOP/Age gate and Mega menu/button_Verify")): Object: 'Object Repository/OCS-DESKTOP/Age gate and Mega menu/button_Verify' is clicked on

2019-06-07 11:39:09 - [MESSAGE][PASSED] - Object: 'Object Repository/OCS-DESKTOP/Age gate and Mega menu/button_Verify' is clicked on

2019-06-07 11:39:09 - [TEST_STEP][PASSED] - click(findTestObject("OCS-DESKTOP/Age gate and Mega menu/Checkbox_CONFIRM AND ACKNOWLEDGE")): Object: 'Object Repository/OCS-DESKTOP/Age gate and Mega menu/Checkbox_CONFIRM AND ACKNOWLEDGE' is clicked on

2019-06-07 11:39:09 - [MESSAGE][PASSED] - Object: 'Object Repository/OCS-DESKTOP/Age gate and Mega menu/Checkbox_CONFIRM AND ACKNOWLEDGE' is clicked on

2019-06-07 11:39:09 - [TEST_STEP][PASSED] - click(findTestObject("OCS-DESKTOP/Age gate and Mega menu/button_CONFIRM")): Object: 'Object Repository/OCS-DESKTOP/Age gate and Mega menu/button_CONFIRM' is clicked on

2019-06-07 11:39:09 - [MESSAGE][PASSED] - Object: 'Object Repository/OCS-DESKTOP/Age gate and Mega menu/button_CONFIRM' is clicked on

2019-06-07 11:39:09 - [TEST_STEP][PASSED] - click(findTestObject("OCS-DESKTOP/Age gate and Mega menu/button_Start Browsing")): Object: 'Object Repository/OCS-DESKTOP/Age gate and Mega menu/button_Start Browsing' is clicked on

2019-06-07 11:39:10 - [MESSAGE][PASSED] - Object: 'Object Repository/OCS-DESKTOP/Age gate and Mega menu/button_Start Browsing' is clicked on

2019-06-07 11:39:10 - [TEST_STEP][PASSED] - delay(2): Delayed 2 second(s)

2019-06-07 11:39:12 - [MESSAGE][PASSED] - Delayed 2 second(s)

2019-06-07 11:39:12 - [TEST_STEP][PASSED] - navigateToUrl("https://ocs.ca/products/la-confidential"): Navigate to 'https://ocs.ca/products/la-confidential' successfully

2019-06-07 11:39:18 - [MESSAGE][PASSED] - Navigate to 'https://ocs.ca/products/la-confidential' successfully

2019-06-07 11:39:18 - [TEST_STEP][PASSED] - executeJavaScript("var previewBar = document.getElementById("preview-bar-iframe"); previewBar.style.display = "none";", []): Execute JavaScript 'var previewBar = document.getElementById("preview-bar-iframe"); previewBar.style.display = "none";' successfully

2019-06-07 11:39:18 - [MESSAGE][PASSED] - Execute JavaScript 'var previewBar = document.getElementById("preview-bar-iframe"); previewBar.style.display = "none";' successfully

2019-06-07 11:39:18 - [MESSAGE][PASSED] - Call Test Case 'Test Cases/OCS - DESKTOP/CALL - Navigate to PDP' successfully

2019-06-07 11:39:18 - [TEST_STEP][NOT_RUN] - scrollToElement(findTestObject("OCS-DESKTOP/Product page/Product image"), 1): NOT_RUN: scrollToElement(findTestObject("OCS-DESKTOP/Product page/Product image"), 1)

2019-06-07 11:39:18 - [MESSAGE][NOT_RUN] - NOT_RUN: scrollToElement(findTestObject("OCS-DESKTOP/Product page/Product image"), 1)

2019-06-07 11:39:18 - [TEST_STEP][PASSED] - delay(2): Delayed 2 second(s)

2019-06-07 11:39:20 - [MESSAGE][PASSED] - Delayed 2 second(s)

2019-06-07 11:39:20 - [TEST_STEP][PASSED] - executeJavaScript("var previewBar = document.getElementById("preview-bar-iframe"); previewBar.style.display = "none";", []): Execute JavaScript 'var previewBar = document.getElementById("preview-bar-iframe"); previewBar.style.display = "none";' successfully

2019-06-07 11:39:20 - [MESSAGE][PASSED] - Execute JavaScript 'var previewBar = document.getElementById("preview-bar-iframe"); previewBar.style.display = "none";' successfully

2019-06-07 11:39:20 - [TEST_STEP][PASSED] - flag = verifyElementPresent(findTestObject("OCS-DESKTOP/Product page/Swatch_1g"), 0): Object 'Object Repository/OCS-DESKTOP/Product page/Swatch_1g' is present

2019-06-07 11:39:20 - [MESSAGE][WARNING] - Timeout '0' is invalid. Using default page load timeout: '30'

2019-06-07 11:39:20 - [MESSAGE][PASSED] - Object 'Object Repository/OCS-DESKTOP/Product page/Swatch_1g' is present

2019-06-07 11:39:20 - [TEST_STEP][PASSED] - click(findTestObject("OCS-DESKTOP/Product page/Swatch_1g")): Object: 'Object Repository/OCS-DESKTOP/Product page/Swatch_1g' is clicked on

2019-06-07 11:39:20 - [MESSAGE][PASSED] - Object: 'Object Repository/OCS-DESKTOP/Product page/Swatch_1g' is clicked on

2019-06-07 11:39:20 - [TEST_STEP][PASSED] - takeScreenshot(): Taking screenshot successfully

2019-06-07 11:39:20 - [MESSAGE][PASSED] - Taking screenshot successfully
[[ATTACHMENT|/Users/sumankompelly/Relative xpath-Desktop/Reports/OCS- 1.9.2.1/20190607_113651/1559921960519.png]]

2019-06-07 11:39:20 - [TEST_STEP][PASSED] - comment(" flag =" + flag):  flag =true

2019-06-07 11:39:20 - [MESSAGE][INFO] -  flag =true

2019-06-07 11:39:20 - [TEST_STEP][PASSED] - if (flag == true):  Sub-total Price changed . Quantity selector is working

2019-06-07 11:39:20 - [TEST_STEP][PASSED] - delay(2): Delayed 2 second(s)

2019-06-07 11:39:22 - [MESSAGE][PASSED] - Delayed 2 second(s)

2019-06-07 11:39:22 - [TEST_STEP][NOT_RUN] - click(findTestObject("OCS-DESKTOP/Product page/Quantity Increase - Button")): NOT_RUN: click(findTestObject("OCS-DESKTOP/Product page/Quantity Increase - Button"))

2019-06-07 11:39:22 - [MESSAGE][NOT_RUN] - NOT_RUN: click(findTestObject("OCS-DESKTOP/Product page/Quantity Increase - Button"))

2019-06-07 11:39:22 - [TEST_STEP][PASSED] - delay(1): Delayed 1 second(s)

2019-06-07 11:39:23 - [MESSAGE][PASSED] - Delayed 1 second(s)

2019-06-07 11:39:23 - [TEST_STEP][PASSED] - click(findTestObject("OCS-DESKTOP/Product page/Quantity Increase - Button")): Object: 'Object Repository/OCS-DESKTOP/Product page/Quantity Increase - Button' is clicked on

2019-06-07 11:39:24 - [MESSAGE][PASSED] - Object: 'Object Repository/OCS-DESKTOP/Product page/Quantity Increase - Button' is clicked on

2019-06-07 11:39:24 - [TEST_STEP][PASSED] - delay(1): Delayed 1 second(s)

2019-06-07 11:39:25 - [MESSAGE][PASSED] - Delayed 1 second(s)

2019-06-07 11:39:25 - [TEST_STEP][PASSED] - click(findTestObject("OCS-DESKTOP/Product page/Quantity Increase - Button")): Object: 'Object Repository/OCS-DESKTOP/Product page/Quantity Increase - Button' is clicked on

2019-06-07 11:39:25 - [MESSAGE][PASSED] - Object: 'Object Repository/OCS-DESKTOP/Product page/Quantity Increase - Button' is clicked on

2019-06-07 11:39:25 - [TEST_STEP][PASSED] - delay(1): Delayed 1 second(s)

2019-06-07 11:39:26 - [MESSAGE][PASSED] - Delayed 1 second(s)

2019-06-07 11:39:26 - [TEST_STEP][PASSED] - click(findTestObject("OCS-DESKTOP/Product page/Quantity Increase - Button")): Object: 'Object Repository/OCS-DESKTOP/Product page/Quantity Increase - Button' is clicked on

2019-06-07 11:39:26 - [MESSAGE][PASSED] - Object: 'Object Repository/OCS-DESKTOP/Product page/Quantity Increase - Button' is clicked on

2019-06-07 11:39:26 - [TEST_STEP][PASSED] - delay(1): Delayed 1 second(s)

2019-06-07 11:39:27 - [MESSAGE][PASSED] - Delayed 1 second(s)

2019-06-07 11:39:27 - [TEST_STEP][PASSED] - click(findTestObject("OCS-DESKTOP/Product page/Quantity Increase - Button")): Object: 'Object Repository/OCS-DESKTOP/Product page/Quantity Increase - Button' is clicked on

2019-06-07 11:39:27 - [MESSAGE][PASSED] - Object: 'Object Repository/OCS-DESKTOP/Product page/Quantity Increase - Button' is clicked on

2019-06-07 11:39:27 - [TEST_STEP][PASSED] - delay(2): Delayed 2 second(s)

2019-06-07 11:39:29 - [MESSAGE][PASSED] - Delayed 2 second(s)

2019-06-07 11:39:29 - [TEST_STEP][PASSED] - click(findTestObject("OCS-DESKTOP/Product page/Add to Bag-button")): Object: 'Object Repository/OCS-DESKTOP/Product page/Add to Bag-button' is clicked on

2019-06-07 11:39:30 - [MESSAGE][PASSED] - Object: 'Object Repository/OCS-DESKTOP/Product page/Add to Bag-button' is clicked on

2019-06-07 11:39:30 - [TEST_STEP][PASSED] - delay(1): Delayed 1 second(s)

2019-06-07 11:39:31 - [MESSAGE][PASSED] - Delayed 1 second(s)

2019-06-07 11:39:31 - [TEST_STEP][NOT_RUN] - click(findTestObject("OCS-DESKTOP/Cart flyout/Quantity decrease - Product")): NOT_RUN: click(findTestObject("OCS-DESKTOP/Cart flyout/Quantity decrease - Product"))

2019-06-07 11:39:31 - [MESSAGE][NOT_RUN] - NOT_RUN: click(findTestObject("OCS-DESKTOP/Cart flyout/Quantity decrease - Product"))

2019-06-07 11:39:31 - [TEST_STEP][PASSED] - delay(2): Delayed 2 second(s)

2019-06-07 11:39:33 - [MESSAGE][PASSED] - Delayed 2 second(s)

2019-06-07 11:39:33 - [TEST_STEP][PASSED] - a = getText(findTestObject("OCS-DESKTOP/Cart flyout/Unit price - Product")): Text of object 'Object Repository/OCS-DESKTOP/Cart flyout/Unit price - Product' is: '$52.50'

2019-06-07 11:39:33 - [MESSAGE][PASSED] - Text of object 'Object Repository/OCS-DESKTOP/Cart flyout/Unit price - Product' is: '$52.50'

2019-06-07 11:39:33 - [TEST_STEP][PASSED] - comment(a): $52.50

2019-06-07 11:39:33 - [MESSAGE][INFO] - $52.50

2019-06-07 11:39:33 - [TEST_STEP][PASSED] - b = a.substring(1): null

2019-06-07 11:39:33 - [TEST_STEP][PASSED] - comment(b): 52.50

2019-06-07 11:39:33 - [MESSAGE][INFO] - 52.50

2019-06-07 11:39:33 - [TEST_STEP][PASSED] - click(findTestObject("OCS-DESKTOP/Cart flyout/input_-_updates")): Object: 'Object Repository/OCS-DESKTOP/Cart flyout/input_-_updates' is clicked on

2019-06-07 11:39:33 - [MESSAGE][PASSED] - Object: 'Object Repository/OCS-DESKTOP/Cart flyout/input_-_updates' is clicked on

2019-06-07 11:39:33 - [TEST_STEP][PASSED] - setText(findTestObject("OCS-DESKTOP/Cart flyout/input_-_updates"), Keys.chord(CLEAR)): Text 'CLEAR + ' is set on object 'Object Repository/OCS-DESKTOP/Cart flyout/input_-_updates'

2019-06-07 11:39:33 - [MESSAGE][PASSED] - Text 'CLEAR + ' is set on object 'Object Repository/OCS-DESKTOP/Cart flyout/input_-_updates'

2019-06-07 11:39:33 - [TEST_STEP][PASSED] - delay(1): Delayed 1 second(s)

2019-06-07 11:39:34 - [MESSAGE][PASSED] - Delayed 1 second(s)

2019-06-07 11:39:34 - [TEST_STEP][PASSED] - setText(findTestObject("OCS-DESKTOP/Cart flyout/input_-_updates"), "10"): Text '10' is set on object 'Object Repository/OCS-DESKTOP/Cart flyout/input_-_updates'

2019-06-07 11:39:34 - [MESSAGE][PASSED] - Text '10' is set on object 'Object Repository/OCS-DESKTOP/Cart flyout/input_-_updates'

2019-06-07 11:39:34 - [TEST_STEP][PASSED] - delay(2): Delayed 2 second(s)

2019-06-07 11:39:36 - [MESSAGE][PASSED] - Delayed 2 second(s)

2019-06-07 11:39:36 - [TEST_STEP][PASSED] - click(findTestObject("OCS-DESKTOP/Cart flyout/Quantity decrease - Product")): Object: 'Object Repository/OCS-DESKTOP/Cart flyout/Quantity decrease - Product' is clicked on

2019-06-07 11:39:36 - [MESSAGE][PASSED] - Object: 'Object Repository/OCS-DESKTOP/Cart flyout/Quantity decrease - Product' is clicked on

2019-06-07 11:39:36 - [TEST_STEP][PASSED] - delay(1): Delayed 1 second(s)

2019-06-07 11:39:37 - [MESSAGE][PASSED] - Delayed 1 second(s)

2019-06-07 11:39:37 - [TEST_STEP][PASSED] - click(findTestObject("OCS-DESKTOP/Cart flyout/Quantity decrease - Product")): Object: 'Object Repository/OCS-DESKTOP/Cart flyout/Quantity decrease - Product' is clicked on

2019-06-07 11:39:37 - [MESSAGE][PASSED] - Object: 'Object Repository/OCS-DESKTOP/Cart flyout/Quantity decrease - Product' is clicked on

2019-06-07 11:39:37 - [TEST_STEP][PASSED] - delay(1): Delayed 1 second(s)

2019-06-07 11:39:38 - [MESSAGE][PASSED] - Delayed 1 second(s)

2019-06-07 11:39:38 - [TEST_STEP][PASSED] - click(findTestObject("OCS-DESKTOP/Cart flyout/Quantity decrease - Product")): Object: 'Object Repository/OCS-DESKTOP/Cart flyout/Quantity decrease - Product' is clicked on

2019-06-07 11:39:39 - [MESSAGE][PASSED] - Object: 'Object Repository/OCS-DESKTOP/Cart flyout/Quantity decrease - Product' is clicked on

2019-06-07 11:39:39 - [TEST_STEP][PASSED] - delay(5): Delayed 5 second(s)

2019-06-07 11:39:44 - [MESSAGE][PASSED] - Delayed 5 second(s)

2019-06-07 11:39:44 - [TEST_STEP][PASSED] - c = getText(findTestObject("OCS-DESKTOP/Cart flyout/Sub-total Price")): Text of object 'Object Repository/OCS-DESKTOP/Cart flyout/Sub-total Price' is: '$10.50'

2019-06-07 11:39:44 - [MESSAGE][PASSED] - Text of object 'Object Repository/OCS-DESKTOP/Cart flyout/Sub-total Price' is: '$10.50'

2019-06-07 11:39:44 - [TEST_STEP][PASSED] - comment(c): $10.50

2019-06-07 11:39:44 - [MESSAGE][INFO] - $10.50

2019-06-07 11:39:44 - [TEST_STEP][PASSED] - d = c.substring(1): null

2019-06-07 11:39:44 - [TEST_STEP][PASSED] - comment(d): 10.50

2019-06-07 11:39:44 - [MESSAGE][INFO] - 10.50

2019-06-07 11:39:44 - [TEST_STEP][PASSED] - verifyNotEqual("b", "d"): Actual object 'b' and expected object 'd' are not equal

2019-06-07 11:39:44 - [MESSAGE][PASSED] - Actual object 'b' and expected object 'd' are not equal

2019-06-07 11:39:44 - [TEST_STEP][PASSED] - comment(" Sub-total Price changed . Quantity selector is working"):  Sub-total Price changed . Quantity selector is working

2019-06-07 11:39:44 - [MESSAGE][INFO] -  Sub-total Price changed . Quantity selector is working]]></system-out>
         <system-err><![CDATA[]]></system-err>
      </testcase>
      <testcase name="Test Cases/OCS - DESKTOP/OCS- CRITICAL PATH/Cart flyout- increase qty" classname="Test Cases/OCS - DESKTOP/OCS- CRITICAL PATH/Cart flyout- increase qty" status="PASSED">
         <system-out><![CDATA[2019-06-07 11:39:44 - [TEST_CASE][PASSED] - Test Cases/OCS - DESKTOP/OCS- CRITICAL PATH/Cart flyout- increase qty: Test Cases/OCS - DESKTOP/OCS- CRITICAL PATH/Cart flyout- increase qty

2019-06-07 11:39:44 - [TEST_STEP][PASSED] - callTestCase(findTestCase("OCS - DESKTOP/CALL - Navigate to PDP"), [:], STOP_ON_FAILURE): Call Test Case 'Test Cases/OCS - DESKTOP/CALL - Navigate to PDP' successfully

2019-06-07 11:39:44 - [TEST_CASE][PASSED] - Test Cases/OCS - DESKTOP/CALL - Navigate to PDP: Test Cases/OCS - DESKTOP/CALL - Navigate to PDP

2019-06-07 11:39:44 - [TEST_STEP][PASSED] - openBrowser(""): Browser is opened with url: ''

2019-06-07 11:39:44 - [MESSAGE][WARNING] - A browser is already opened. Closing browser and opening a new one

2019-06-07 11:39:45 - [MESSAGE][INFO] - Starting 'Firefox' driver

2019-06-07 11:39:47 - [MESSAGE][PASSED] - Browser is opened with url: ''

2019-06-07 11:39:47 - [TEST_STEP][PASSED] - maximizeWindow(): Current window maximized

2019-06-07 11:39:47 - [MESSAGE][PASSED] - Current window maximized

2019-06-07 11:39:47 - [TEST_STEP][PASSED] - navigateToUrl("https://ocs.ca/?fts=0&preview_theme_id=72920074060"): Navigate to 'https://ocs.ca/?fts=0&preview_theme_id=72920074060' successfully

2019-06-07 11:39:52 - [MESSAGE][PASSED] - Navigate to 'https://ocs.ca/?fts=0&preview_theme_id=72920074060' successfully

2019-06-07 11:39:52 - [TEST_STEP][PASSED] - executeJavaScript("var previewBar = document.getElementById("preview-bar-iframe"); previewBar.style.display = "none";", []): Execute JavaScript 'var previewBar = document.getElementById("preview-bar-iframe"); previewBar.style.display = "none";' successfully

2019-06-07 11:39:52 - [MESSAGE][PASSED] - Execute JavaScript 'var previewBar = document.getElementById("preview-bar-iframe"); previewBar.style.display = "none";' successfully

2019-06-07 11:39:52 - [TEST_STEP][PASSED] - delay(4): Delayed 4 second(s)

2019-06-07 11:39:56 - [MESSAGE][PASSED] - Delayed 4 second(s)

2019-06-07 11:39:56 - [TEST_STEP][PASSED] - selectOptionByValue(findTestObject("OCS-DESKTOP/Age gate and Mega menu/Date"), "12", true): All options with value '12' are selected in object 'Object Repository/OCS-DESKTOP/Age gate and Mega menu/Date'  using regular expression

2019-06-07 11:39:57 - [MESSAGE][PASSED] - All options with value '12' are selected in object 'Object Repository/OCS-DESKTOP/Age gate and Mega menu/Date'  using regular expression

2019-06-07 11:39:57 - [TEST_STEP][PASSED] - selectOptionByValue(findTestObject("OCS-DESKTOP/Age gate and Mega menu/month"), "6", true): All options with value '6' are selected in object 'Object Repository/OCS-DESKTOP/Age gate and Mega menu/month'  using regular expression

2019-06-07 11:39:57 - [MESSAGE][PASSED] - All options with value '6' are selected in object 'Object Repository/OCS-DESKTOP/Age gate and Mega menu/month'  using regular expression

2019-06-07 11:39:57 - [TEST_STEP][PASSED] - delay(2): Delayed 2 second(s)

2019-06-07 11:39:59 - [MESSAGE][PASSED] - Delayed 2 second(s)

2019-06-07 11:39:59 - [TEST_STEP][PASSED] - selectOptionByValue(findTestObject("OCS-DESKTOP/Age gate and Mega menu/Year Dropdown"), "1990", true): All options with value '1990' are selected in object 'Object Repository/OCS-DESKTOP/Age gate and Mega menu/Year Dropdown'  using regular expression

2019-06-07 11:40:01 - [MESSAGE][PASSED] - All options with value '1990' are selected in object 'Object Repository/OCS-DESKTOP/Age gate and Mega menu/Year Dropdown'  using regular expression

2019-06-07 11:40:01 - [TEST_STEP][PASSED] - click(findTestObject("OCS-DESKTOP/Age gate and Mega menu/button_Verify")): Object: 'Object Repository/OCS-DESKTOP/Age gate and Mega menu/button_Verify' is clicked on

2019-06-07 11:40:01 - [MESSAGE][PASSED] - Object: 'Object Repository/OCS-DESKTOP/Age gate and Mega menu/button_Verify' is clicked on

2019-06-07 11:40:01 - [TEST_STEP][PASSED] - click(findTestObject("OCS-DESKTOP/Age gate and Mega menu/Checkbox_CONFIRM AND ACKNOWLEDGE")): Object: 'Object Repository/OCS-DESKTOP/Age gate and Mega menu/Checkbox_CONFIRM AND ACKNOWLEDGE' is clicked on

2019-06-07 11:40:01 - [MESSAGE][PASSED] - Object: 'Object Repository/OCS-DESKTOP/Age gate and Mega menu/Checkbox_CONFIRM AND ACKNOWLEDGE' is clicked on

2019-06-07 11:40:01 - [TEST_STEP][PASSED] - click(findTestObject("OCS-DESKTOP/Age gate and Mega menu/button_CONFIRM")): Object: 'Object Repository/OCS-DESKTOP/Age gate and Mega menu/button_CONFIRM' is clicked on

2019-06-07 11:40:02 - [MESSAGE][PASSED] - Object: 'Object Repository/OCS-DESKTOP/Age gate and Mega menu/button_CONFIRM' is clicked on

2019-06-07 11:40:02 - [TEST_STEP][PASSED] - click(findTestObject("OCS-DESKTOP/Age gate and Mega menu/button_Start Browsing")): Object: 'Object Repository/OCS-DESKTOP/Age gate and Mega menu/button_Start Browsing' is clicked on

2019-06-07 11:40:02 - [MESSAGE][PASSED] - Object: 'Object Repository/OCS-DESKTOP/Age gate and Mega menu/button_Start Browsing' is clicked on

2019-06-07 11:40:02 - [TEST_STEP][PASSED] - delay(2): Delayed 2 second(s)

2019-06-07 11:40:04 - [MESSAGE][PASSED] - Delayed 2 second(s)

2019-06-07 11:40:04 - [TEST_STEP][PASSED] - navigateToUrl("https://ocs.ca/products/la-confidential"): Navigate to 'https://ocs.ca/products/la-confidential' successfully

2019-06-07 11:40:06 - [MESSAGE][PASSED] - Navigate to 'https://ocs.ca/products/la-confidential' successfully

2019-06-07 11:40:06 - [TEST_STEP][PASSED] - executeJavaScript("var previewBar = document.getElementById("preview-bar-iframe"); previewBar.style.display = "none";", []): Execute JavaScript 'var previewBar = document.getElementById("preview-bar-iframe"); previewBar.style.display = "none";' successfully

2019-06-07 11:40:06 - [MESSAGE][PASSED] - Execute JavaScript 'var previewBar = document.getElementById("preview-bar-iframe"); previewBar.style.display = "none";' successfully

2019-06-07 11:40:06 - [MESSAGE][PASSED] - Call Test Case 'Test Cases/OCS - DESKTOP/CALL - Navigate to PDP' successfully

2019-06-07 11:40:06 - [TEST_STEP][NOT_RUN] - scrollToElement(findTestObject("OCS-DESKTOP/Product page/Product image"), 1): NOT_RUN: scrollToElement(findTestObject("OCS-DESKTOP/Product page/Product image"), 1)

2019-06-07 11:40:06 - [MESSAGE][NOT_RUN] - NOT_RUN: scrollToElement(findTestObject("OCS-DESKTOP/Product page/Product image"), 1)

2019-06-07 11:40:06 - [TEST_STEP][PASSED] - delay(2): Delayed 2 second(s)

2019-06-07 11:40:08 - [MESSAGE][PASSED] - Delayed 2 second(s)

2019-06-07 11:40:08 - [TEST_STEP][PASSED] - flag = verifyElementPresent(findTestObject("OCS-DESKTOP/Product page/Swatch_3.5g"), 0): Object 'Object Repository/OCS-DESKTOP/Product page/Swatch_3.5g' is present

2019-06-07 11:40:08 - [MESSAGE][WARNING] - Timeout '0' is invalid. Using default page load timeout: '30'

2019-06-07 11:40:08 - [MESSAGE][PASSED] - Object 'Object Repository/OCS-DESKTOP/Product page/Swatch_3.5g' is present

2019-06-07 11:40:08 - [TEST_STEP][PASSED] - comment(" flag =" + flag):  flag =true

2019-06-07 11:40:08 - [MESSAGE][INFO] -  flag =true

2019-06-07 11:40:08 - [TEST_STEP][PASSED] - if (flag == true):  price changed . Quantity selector is working

2019-06-07 11:40:08 - [TEST_STEP][PASSED] - click(findTestObject("OCS-DESKTOP/Product page/Swatch_3.5g")): Object: 'Object Repository/OCS-DESKTOP/Product page/Swatch_3.5g' is clicked on

2019-06-07 11:40:09 - [MESSAGE][PASSED] - Object: 'Object Repository/OCS-DESKTOP/Product page/Swatch_3.5g' is clicked on

2019-06-07 11:40:09 - [TEST_STEP][PASSED] - delay(2): Delayed 2 second(s)

2019-06-07 11:40:11 - [MESSAGE][PASSED] - Delayed 2 second(s)

2019-06-07 11:40:11 - [TEST_STEP][PASSED] - click(findTestObject("OCS-DESKTOP/Product page/Quantity Increase - Button")): Object: 'Object Repository/OCS-DESKTOP/Product page/Quantity Increase - Button' is clicked on

2019-06-07 11:40:11 - [MESSAGE][PASSED] - Object: 'Object Repository/OCS-DESKTOP/Product page/Quantity Increase - Button' is clicked on

2019-06-07 11:40:11 - [TEST_STEP][PASSED] - delay(2): Delayed 2 second(s)

2019-06-07 11:40:13 - [MESSAGE][PASSED] - Delayed 2 second(s)

2019-06-07 11:40:13 - [TEST_STEP][PASSED] - click(findTestObject("OCS-DESKTOP/Product page/Add to Bag-button")): Object: 'Object Repository/OCS-DESKTOP/Product page/Add to Bag-button' is clicked on

2019-06-07 11:40:13 - [MESSAGE][PASSED] - Object: 'Object Repository/OCS-DESKTOP/Product page/Add to Bag-button' is clicked on

2019-06-07 11:40:13 - [TEST_STEP][PASSED] - delay(1): Delayed 1 second(s)

2019-06-07 11:40:14 - [MESSAGE][PASSED] - Delayed 1 second(s)

2019-06-07 11:40:14 - [TEST_STEP][NOT_RUN] - click(findTestObject("OCS-DESKTOP/Cart flyout/Quantity increase - Product")): NOT_RUN: click(findTestObject("OCS-DESKTOP/Cart flyout/Quantity increase - Product"))

2019-06-07 11:40:14 - [MESSAGE][NOT_RUN] - NOT_RUN: click(findTestObject("OCS-DESKTOP/Cart flyout/Quantity increase - Product"))

2019-06-07 11:40:14 - [TEST_STEP][PASSED] - delay(1): Delayed 1 second(s)

2019-06-07 11:40:15 - [MESSAGE][PASSED] - Delayed 1 second(s)

2019-06-07 11:40:15 - [TEST_STEP][NOT_RUN] - click(findTestObject("OCS-DESKTOP/Cart flyout/Quantity increase - Product")): NOT_RUN: click(findTestObject("OCS-DESKTOP/Cart flyout/Quantity increase - Product"))

2019-06-07 11:40:15 - [MESSAGE][NOT_RUN] - NOT_RUN: click(findTestObject("OCS-DESKTOP/Cart flyout/Quantity increase - Product"))

2019-06-07 11:40:15 - [TEST_STEP][PASSED] - delay(2): Delayed 2 second(s)

2019-06-07 11:40:17 - [MESSAGE][PASSED] - Delayed 2 second(s)

2019-06-07 11:40:17 - [TEST_STEP][PASSED] - a = getText(findTestObject("OCS-DESKTOP/Cart flyout/Unit price - Product")): Text of object 'Object Repository/OCS-DESKTOP/Cart flyout/Unit price - Product' is: '$70.00'

2019-06-07 11:40:17 - [MESSAGE][PASSED] - Text of object 'Object Repository/OCS-DESKTOP/Cart flyout/Unit price - Product' is: '$70.00'

2019-06-07 11:40:17 - [TEST_STEP][PASSED] - comment(a): $70.00

2019-06-07 11:40:17 - [MESSAGE][INFO] - $70.00

2019-06-07 11:40:17 - [TEST_STEP][PASSED] - b = a.substring(1): null

2019-06-07 11:40:17 - [TEST_STEP][PASSED] - comment(b): 70.00

2019-06-07 11:40:17 - [MESSAGE][INFO] - 70.00

2019-06-07 11:40:17 - [TEST_STEP][PASSED] - la = b.substring(0, b.length() - 1): null

2019-06-07 11:40:17 - [TEST_STEP][PASSED] - comment("la=" + la): la=70.0

2019-06-07 11:40:17 - [MESSAGE][INFO] - la=70.0

2019-06-07 11:40:17 - [TEST_STEP][PASSED] - la1 = la.substring(0, la.length() - 1): null

2019-06-07 11:40:17 - [TEST_STEP][PASSED] - comment(" la1 =" + la1):  la1 =70.

2019-06-07 11:40:17 - [MESSAGE][INFO] -  la1 =70.

2019-06-07 11:40:17 - [TEST_STEP][PASSED] - la2 = la1.substring(0, la1.length() - 1): null

2019-06-07 11:40:17 - [TEST_STEP][PASSED] - comment("la2 =" + la2): la2 =70

2019-06-07 11:40:17 - [MESSAGE][INFO] - la2 =70

2019-06-07 11:40:17 - [TEST_STEP][PASSED] - click(findTestObject("OCS-DESKTOP/Cart flyout/input_-_updates")): Object: 'Object Repository/OCS-DESKTOP/Cart flyout/input_-_updates' is clicked on

2019-06-07 11:40:17 - [MESSAGE][PASSED] - Object: 'Object Repository/OCS-DESKTOP/Cart flyout/input_-_updates' is clicked on

2019-06-07 11:40:17 - [TEST_STEP][PASSED] - delay(1): Delayed 1 second(s)

2019-06-07 11:40:18 - [MESSAGE][PASSED] - Delayed 1 second(s)

2019-06-07 11:40:18 - [TEST_STEP][PASSED] - doubleClick(findTestObject("OCS-DESKTOP/Cart flyout/input_-_updates")): Object: 'Object Repository/OCS-DESKTOP/Cart flyout/input_-_updates' is double clicked on

2019-06-07 11:40:19 - [MESSAGE][PASSED] - Object: 'Object Repository/OCS-DESKTOP/Cart flyout/input_-_updates' is double clicked on

2019-06-07 11:40:19 - [TEST_STEP][NOT_RUN] - setText(findTestObject("OCS-DESKTOP/Cart flyout/Qty - Input field"), Keys.chord(CLEAR)): NOT_RUN: setText(findTestObject("OCS-DESKTOP/Cart flyout/Qty - Input field"), Keys.chord(CLEAR))

2019-06-07 11:40:19 - [MESSAGE][NOT_RUN] - NOT_RUN: setText(findTestObject("OCS-DESKTOP/Cart flyout/Qty - Input field"), Keys.chord(CLEAR))

2019-06-07 11:40:19 - [TEST_STEP][PASSED] - delay(1): Delayed 1 second(s)

2019-06-07 11:40:20 - [MESSAGE][PASSED] - Delayed 1 second(s)

2019-06-07 11:40:20 - [TEST_STEP][PASSED] - setText(findTestObject("OCS-DESKTOP/Cart flyout/input_-_updates"), "3"): Text '3' is set on object 'Object Repository/OCS-DESKTOP/Cart flyout/input_-_updates'

2019-06-07 11:40:20 - [MESSAGE][PASSED] - Text '3' is set on object 'Object Repository/OCS-DESKTOP/Cart flyout/input_-_updates'

2019-06-07 11:40:20 - [TEST_STEP][PASSED] - delay(2): Delayed 2 second(s)

2019-06-07 11:40:22 - [MESSAGE][PASSED] - Delayed 2 second(s)

2019-06-07 11:40:22 - [TEST_STEP][PASSED] - click(findTestObject("OCS-DESKTOP/Cart flyout/Quantity increase - Product")): Object: 'Object Repository/OCS-DESKTOP/Cart flyout/Quantity increase - Product' is clicked on

2019-06-07 11:40:22 - [MESSAGE][PASSED] - Object: 'Object Repository/OCS-DESKTOP/Cart flyout/Quantity increase - Product' is clicked on

2019-06-07 11:40:22 - [TEST_STEP][PASSED] - delay(2): Delayed 2 second(s)

2019-06-07 11:40:24 - [MESSAGE][PASSED] - Delayed 2 second(s)

2019-06-07 11:40:24 - [TEST_STEP][PASSED] - click(findTestObject("OCS-DESKTOP/Cart flyout/Quantity increase - Product")): Object: 'Object Repository/OCS-DESKTOP/Cart flyout/Quantity increase - Product' is clicked on

2019-06-07 11:40:24 - [MESSAGE][PASSED] - Object: 'Object Repository/OCS-DESKTOP/Cart flyout/Quantity increase - Product' is clicked on

2019-06-07 11:40:24 - [TEST_STEP][PASSED] - delay(2): Delayed 2 second(s)

2019-06-07 11:40:26 - [MESSAGE][PASSED] - Delayed 2 second(s)

2019-06-07 11:40:26 - [TEST_STEP][PASSED] - click(findTestObject("OCS-DESKTOP/Cart flyout/Quantity increase - Product")): Object: 'Object Repository/OCS-DESKTOP/Cart flyout/Quantity increase - Product' is clicked on

2019-06-07 11:40:26 - [MESSAGE][PASSED] - Object: 'Object Repository/OCS-DESKTOP/Cart flyout/Quantity increase - Product' is clicked on

2019-06-07 11:40:26 - [TEST_STEP][PASSED] - delay(2): Delayed 2 second(s)

2019-06-07 11:40:28 - [MESSAGE][PASSED] - Delayed 2 second(s)

2019-06-07 11:40:28 - [TEST_STEP][PASSED] - c = getText(findTestObject("OCS-DESKTOP/Cart flyout/Sub-total Price")): Text of object 'Object Repository/OCS-DESKTOP/Cart flyout/Sub-total Price' is: '$140.00'

2019-06-07 11:40:28 - [MESSAGE][PASSED] - Text of object 'Object Repository/OCS-DESKTOP/Cart flyout/Sub-total Price' is: '$140.00'

2019-06-07 11:40:28 - [TEST_STEP][PASSED] - comment(c): $140.00

2019-06-07 11:40:28 - [MESSAGE][INFO] - $140.00

2019-06-07 11:40:28 - [TEST_STEP][PASSED] - d = c.substring(1): null

2019-06-07 11:40:28 - [TEST_STEP][PASSED] - comment(d): 140.00

2019-06-07 11:40:28 - [MESSAGE][INFO] - 140.00

2019-06-07 11:40:28 - [TEST_STEP][PASSED] - verifyNotEqual("c", "d"): Actual object 'c' and expected object 'd' are not equal

2019-06-07 11:40:28 - [MESSAGE][PASSED] - Actual object 'c' and expected object 'd' are not equal

2019-06-07 11:40:28 - [TEST_STEP][PASSED] - comment(" price changed . Quantity selector is working"):  price changed . Quantity selector is working

2019-06-07 11:40:28 - [MESSAGE][INFO] -  price changed . Quantity selector is working]]></system-out>
         <system-err><![CDATA[]]></system-err>
      </testcase>
      <testcase name="Test Cases/OCS - DESKTOP/OCS- CRITICAL PATH/Cart flyout-price comparison" classname="Test Cases/OCS - DESKTOP/OCS- CRITICAL PATH/Cart flyout-price comparison" status="FAILED">
         <failure type="FAILED" message="Test Cases/OCS - DESKTOP/OCS- CRITICAL PATH/Cart flyout-price comparison FAILED.
Reason:
com.kms.katalon.core.exception.StepFailedException: Unable to verify equal between actual object '70' and expected object '45.5' (Root cause: com.kms.katalon.core.exception.StepFailedException: Actual object '70' and expected object '45.5' are not equal)
	at com.kms.katalon.core.keyword.internal.KeywordMain.stepFailed(KeywordMain.groovy:36)
	at com.kms.katalon.core.keyword.internal.KeywordMain.stepFailed(KeywordMain.groovy)
	at com.kms.katalon.core.keyword.internal.KeywordMain.runKeyword(KeywordMain.groovy:56)
	at com.kms.katalon.core.keyword.builtin.VerifyEqualKeyword.verifyEqual(VerifyEqualKeyword.groovy:63)
	at com.kms.katalon.core.keyword.builtin.VerifyEqualKeyword.execute(VerifyEqualKeyword.groovy:44)
	at com.kms.katalon.core.keyword.internal.KeywordExecutor.executeKeywordForPlatform(KeywordExecutor.groovy:53)
	at com.kms.katalon.core.keyword.BuiltinKeywords.verifyEqual(BuiltinKeywords.groovy:141)
	at Cart flyout-price comparison.run(Cart flyout-price comparison:176)
	at com.kms.katalon.core.main.ScriptEngine.run(ScriptEngine.java:194)
	at com.kms.katalon.core.main.ScriptEngine.runScriptAsRawText(ScriptEngine.java:119)
	at com.kms.katalon.core.main.TestCaseExecutor.runScript(TestCaseExecutor.java:328)
	at com.kms.katalon.core.main.TestCaseExecutor.doExecute(TestCaseExecutor.java:319)
	at com.kms.katalon.core.main.TestCaseExecutor.processExecutionPhase(TestCaseExecutor.java:298)
	at com.kms.katalon.core.main.TestCaseExecutor.accessMainPhase(TestCaseExecutor.java:290)
	at com.kms.katalon.core.main.TestCaseExecutor.execute(TestCaseExecutor.java:224)
	at com.kms.katalon.core.main.TestSuiteExecutor.accessTestCaseMainPhase(TestSuiteExecutor.java:129)
	at com.kms.katalon.core.main.TestSuiteExecutor.accessTestSuiteMainPhase(TestSuiteExecutor.java:112)
	at com.kms.katalon.core.main.TestSuiteExecutor.execute(TestSuiteExecutor.java:81)
	at com.kms.katalon.core.main.TestCaseMain.startTestSuite(TestCaseMain.java:149)
	at com.kms.katalon.core.main.TestCaseMain$startTestSuite$0.call(Unknown Source)
	at TempTestSuite1559921811030.run(TempTestSuite1559921811030.groovy:36)
"/>
         <system-out><![CDATA[2019-06-07 11:40:28 - [TEST_CASE][FAILED] - Test Cases/OCS - DESKTOP/OCS- CRITICAL PATH/Cart flyout-price comparison: Test Cases/OCS - DESKTOP/OCS- CRITICAL PATH/Cart flyout-price comparison FAILED.
Reason:
com.kms.katalon.core.exception.StepFailedException: Unable to verify equal between actual object '70' and expected object '45.5' (Root cause: com.kms.katalon.core.exception.StepFailedException: Actual object '70' and expected object '45.5' are not equal)
	at com.kms.katalon.core.keyword.internal.KeywordMain.stepFailed(KeywordMain.groovy:36)
	at com.kms.katalon.core.keyword.internal.KeywordMain.stepFailed(KeywordMain.groovy)
	at com.kms.katalon.core.keyword.internal.KeywordMain.runKeyword(KeywordMain.groovy:56)
	at com.kms.katalon.core.keyword.builtin.VerifyEqualKeyword.verifyEqual(VerifyEqualKeyword.groovy:63)
	at com.kms.katalon.core.keyword.builtin.VerifyEqualKeyword.execute(VerifyEqualKeyword.groovy:44)
	at com.kms.katalon.core.keyword.internal.KeywordExecutor.executeKeywordForPlatform(KeywordExecutor.groovy:53)
	at com.kms.katalon.core.keyword.BuiltinKeywords.verifyEqual(BuiltinKeywords.groovy:141)
	at Cart flyout-price comparison.run(Cart flyout-price comparison:176)
	at com.kms.katalon.core.main.ScriptEngine.run(ScriptEngine.java:194)
	at com.kms.katalon.core.main.ScriptEngine.runScriptAsRawText(ScriptEngine.java:119)
	at com.kms.katalon.core.main.TestCaseExecutor.runScript(TestCaseExecutor.java:328)
	at com.kms.katalon.core.main.TestCaseExecutor.doExecute(TestCaseExecutor.java:319)
	at com.kms.katalon.core.main.TestCaseExecutor.processExecutionPhase(TestCaseExecutor.java:298)
	at com.kms.katalon.core.main.TestCaseExecutor.accessMainPhase(TestCaseExecutor.java:290)
	at com.kms.katalon.core.main.TestCaseExecutor.execute(TestCaseExecutor.java:224)
	at com.kms.katalon.core.main.TestSuiteExecutor.accessTestCaseMainPhase(TestSuiteExecutor.java:129)
	at com.kms.katalon.core.main.TestSuiteExecutor.accessTestSuiteMainPhase(TestSuiteExecutor.java:112)
	at com.kms.katalon.core.main.TestSuiteExecutor.execute(TestSuiteExecutor.java:81)
	at com.kms.katalon.core.main.TestCaseMain.startTestSuite(TestCaseMain.java:149)
	at com.kms.katalon.core.main.TestCaseMain$startTestSuite$0.call(Unknown Source)
	at TempTestSuite1559921811030.run(TempTestSuite1559921811030.groovy:36)


2019-06-07 11:40:28 - [TEST_STEP][PASSED] - callTestCase(findTestCase("OCS - DESKTOP/CALL - Navigate to PDP"), [:], STOP_ON_FAILURE): Call Test Case 'Test Cases/OCS - DESKTOP/CALL - Navigate to PDP' successfully

2019-06-07 11:40:29 - [TEST_CASE][PASSED] - Test Cases/OCS - DESKTOP/CALL - Navigate to PDP: Test Cases/OCS - DESKTOP/CALL - Navigate to PDP

2019-06-07 11:40:29 - [TEST_STEP][PASSED] - openBrowser(""): Browser is opened with url: ''

2019-06-07 11:40:29 - [MESSAGE][WARNING] - A browser is already opened. Closing browser and opening a new one

2019-06-07 11:40:29 - [MESSAGE][INFO] - Starting 'Firefox' driver

2019-06-07 11:40:31 - [MESSAGE][PASSED] - Browser is opened with url: ''

2019-06-07 11:40:31 - [TEST_STEP][PASSED] - maximizeWindow(): Current window maximized

2019-06-07 11:40:32 - [MESSAGE][PASSED] - Current window maximized

2019-06-07 11:40:32 - [TEST_STEP][PASSED] - navigateToUrl("https://ocs.ca/?fts=0&preview_theme_id=72920074060"): Navigate to 'https://ocs.ca/?fts=0&preview_theme_id=72920074060' successfully

2019-06-07 11:40:40 - [MESSAGE][PASSED] - Navigate to 'https://ocs.ca/?fts=0&preview_theme_id=72920074060' successfully

2019-06-07 11:40:40 - [TEST_STEP][PASSED] - executeJavaScript("var previewBar = document.getElementById("preview-bar-iframe"); previewBar.style.display = "none";", []): Execute JavaScript 'var previewBar = document.getElementById("preview-bar-iframe"); previewBar.style.display = "none";' successfully

2019-06-07 11:40:40 - [MESSAGE][PASSED] - Execute JavaScript 'var previewBar = document.getElementById("preview-bar-iframe"); previewBar.style.display = "none";' successfully

2019-06-07 11:40:40 - [TEST_STEP][PASSED] - delay(4): Delayed 4 second(s)

2019-06-07 11:40:44 - [MESSAGE][PASSED] - Delayed 4 second(s)

2019-06-07 11:40:44 - [TEST_STEP][PASSED] - selectOptionByValue(findTestObject("OCS-DESKTOP/Age gate and Mega menu/Date"), "12", true): All options with value '12' are selected in object 'Object Repository/OCS-DESKTOP/Age gate and Mega menu/Date'  using regular expression

2019-06-07 11:40:44 - [MESSAGE][PASSED] - All options with value '12' are selected in object 'Object Repository/OCS-DESKTOP/Age gate and Mega menu/Date'  using regular expression

2019-06-07 11:40:44 - [TEST_STEP][PASSED] - selectOptionByValue(findTestObject("OCS-DESKTOP/Age gate and Mega menu/month"), "6", true): All options with value '6' are selected in object 'Object Repository/OCS-DESKTOP/Age gate and Mega menu/month'  using regular expression

2019-06-07 11:40:45 - [MESSAGE][PASSED] - All options with value '6' are selected in object 'Object Repository/OCS-DESKTOP/Age gate and Mega menu/month'  using regular expression

2019-06-07 11:40:45 - [TEST_STEP][PASSED] - delay(2): Delayed 2 second(s)

2019-06-07 11:40:47 - [MESSAGE][PASSED] - Delayed 2 second(s)

2019-06-07 11:40:47 - [TEST_STEP][PASSED] - selectOptionByValue(findTestObject("OCS-DESKTOP/Age gate and Mega menu/Year Dropdown"), "1990", true): All options with value '1990' are selected in object 'Object Repository/OCS-DESKTOP/Age gate and Mega menu/Year Dropdown'  using regular expression

2019-06-07 11:40:48 - [MESSAGE][PASSED] - All options with value '1990' are selected in object 'Object Repository/OCS-DESKTOP/Age gate and Mega menu/Year Dropdown'  using regular expression

2019-06-07 11:40:48 - [TEST_STEP][PASSED] - click(findTestObject("OCS-DESKTOP/Age gate and Mega menu/button_Verify")): Object: 'Object Repository/OCS-DESKTOP/Age gate and Mega menu/button_Verify' is clicked on

2019-06-07 11:40:48 - [MESSAGE][PASSED] - Object: 'Object Repository/OCS-DESKTOP/Age gate and Mega menu/button_Verify' is clicked on

2019-06-07 11:40:48 - [TEST_STEP][PASSED] - click(findTestObject("OCS-DESKTOP/Age gate and Mega menu/Checkbox_CONFIRM AND ACKNOWLEDGE")): Object: 'Object Repository/OCS-DESKTOP/Age gate and Mega menu/Checkbox_CONFIRM AND ACKNOWLEDGE' is clicked on

2019-06-07 11:40:49 - [MESSAGE][PASSED] - Object: 'Object Repository/OCS-DESKTOP/Age gate and Mega menu/Checkbox_CONFIRM AND ACKNOWLEDGE' is clicked on

2019-06-07 11:40:49 - [TEST_STEP][PASSED] - click(findTestObject("OCS-DESKTOP/Age gate and Mega menu/button_CONFIRM")): Object: 'Object Repository/OCS-DESKTOP/Age gate and Mega menu/button_CONFIRM' is clicked on

2019-06-07 11:40:49 - [MESSAGE][PASSED] - Object: 'Object Repository/OCS-DESKTOP/Age gate and Mega menu/button_CONFIRM' is clicked on

2019-06-07 11:40:49 - [TEST_STEP][PASSED] - click(findTestObject("OCS-DESKTOP/Age gate and Mega menu/button_Start Browsing")): Object: 'Object Repository/OCS-DESKTOP/Age gate and Mega menu/button_Start Browsing' is clicked on

2019-06-07 11:40:49 - [MESSAGE][PASSED] - Object: 'Object Repository/OCS-DESKTOP/Age gate and Mega menu/button_Start Browsing' is clicked on

2019-06-07 11:40:49 - [TEST_STEP][PASSED] - delay(2): Delayed 2 second(s)

2019-06-07 11:40:51 - [MESSAGE][PASSED] - Delayed 2 second(s)

2019-06-07 11:40:51 - [TEST_STEP][PASSED] - navigateToUrl("https://ocs.ca/products/la-confidential"): Navigate to 'https://ocs.ca/products/la-confidential' successfully

2019-06-07 11:40:54 - [MESSAGE][PASSED] - Navigate to 'https://ocs.ca/products/la-confidential' successfully

2019-06-07 11:40:54 - [TEST_STEP][PASSED] - executeJavaScript("var previewBar = document.getElementById("preview-bar-iframe"); previewBar.style.display = "none";", []): Execute JavaScript 'var previewBar = document.getElementById("preview-bar-iframe"); previewBar.style.display = "none";' successfully

2019-06-07 11:40:55 - [MESSAGE][PASSED] - Execute JavaScript 'var previewBar = document.getElementById("preview-bar-iframe"); previewBar.style.display = "none";' successfully

2019-06-07 11:40:55 - [MESSAGE][PASSED] - Call Test Case 'Test Cases/OCS - DESKTOP/CALL - Navigate to PDP' successfully

2019-06-07 11:40:55 - [TEST_STEP][NOT_RUN] - scrollToElement(findTestObject("OCS-DESKTOP/Product page/Product image"), 1): NOT_RUN: scrollToElement(findTestObject("OCS-DESKTOP/Product page/Product image"), 1)

2019-06-07 11:40:55 - [MESSAGE][NOT_RUN] - NOT_RUN: scrollToElement(findTestObject("OCS-DESKTOP/Product page/Product image"), 1)

2019-06-07 11:40:55 - [TEST_STEP][PASSED] - delay(2): Delayed 2 second(s)

2019-06-07 11:40:57 - [MESSAGE][PASSED] - Delayed 2 second(s)

2019-06-07 11:40:57 - [TEST_STEP][NOT_RUN] - flag = verifyElementPresent(findTestObject("OCS-DESKTOP/Product page/Swatch_3.5g"), 0): NOT_RUN: flag = verifyElementPresent(findTestObject("OCS-DESKTOP/Product page/Swatch_3.5g"), 0)

2019-06-07 11:40:57 - [MESSAGE][NOT_RUN] - NOT_RUN: flag = verifyElementPresent(findTestObject("OCS-DESKTOP/Product page/Swatch_3.5g"), 0)

2019-06-07 11:40:57 - [TEST_STEP][NOT_RUN] - comment(" flag=" + flag): NOT_RUN: comment(" flag=" + flag)

2019-06-07 11:40:57 - [MESSAGE][NOT_RUN] - NOT_RUN: comment(" flag=" + flag)

2019-06-07 11:40:57 - [TEST_STEP][PASSED] - takeScreenshot(): Taking screenshot successfully

2019-06-07 11:40:57 - [MESSAGE][PASSED] - Taking screenshot successfully
[[ATTACHMENT|/Users/sumankompelly/Relative xpath-Desktop/Reports/OCS- 1.9.2.1/20190607_113651/1559922057080.png]]

2019-06-07 11:40:57 - [TEST_STEP][NOT_RUN] - scrollToElement(findTestObject("OCS-DESKTOP/Product page/Swatch_3.5g"), 1): NOT_RUN: scrollToElement(findTestObject("OCS-DESKTOP/Product page/Swatch_3.5g"), 1)

2019-06-07 11:40:57 - [MESSAGE][NOT_RUN] - NOT_RUN: scrollToElement(findTestObject("OCS-DESKTOP/Product page/Swatch_3.5g"), 1)

2019-06-07 11:40:57 - [TEST_STEP][PASSED] - click(findTestObject("OCS-DESKTOP/Product page/Swatch_1g"), CONTINUE_ON_FAILURE): Object: 'Object Repository/OCS-DESKTOP/Product page/Swatch_1g' is clicked on

2019-06-07 11:40:57 - [MESSAGE][PASSED] - Object: 'Object Repository/OCS-DESKTOP/Product page/Swatch_1g' is clicked on

2019-06-07 11:40:57 - [TEST_STEP][NOT_RUN] - delay(2): NOT_RUN: delay(2)

2019-06-07 11:40:57 - [MESSAGE][NOT_RUN] - NOT_RUN: delay(2)

2019-06-07 11:40:57 - [TEST_STEP][NOT_RUN] - click(findTestObject("OCS-DESKTOP/Theme preview - Hide bar"), OPTIONAL): NOT_RUN: click(findTestObject("OCS-DESKTOP/Theme preview - Hide bar"), OPTIONAL)

2019-06-07 11:40:57 - [MESSAGE][NOT_RUN] - NOT_RUN: click(findTestObject("OCS-DESKTOP/Theme preview - Hide bar"), OPTIONAL)

2019-06-07 11:40:57 - [TEST_STEP][PASSED] - delay(2, OPTIONAL): Delayed 2 second(s)

2019-06-07 11:40:59 - [MESSAGE][PASSED] - Delayed 2 second(s)

2019-06-07 11:40:59 - [TEST_STEP][PASSED] - click(findTestObject("OCS-DESKTOP/Product page/Add to Bag-button")): Object: 'Object Repository/OCS-DESKTOP/Product page/Add to Bag-button' is clicked on

2019-06-07 11:40:59 - [MESSAGE][PASSED] - Object: 'Object Repository/OCS-DESKTOP/Product page/Add to Bag-button' is clicked on

2019-06-07 11:40:59 - [TEST_STEP][PASSED] - delay(1): Delayed 1 second(s)

2019-06-07 11:41:00 - [MESSAGE][PASSED] - Delayed 1 second(s)

2019-06-07 11:41:00 - [TEST_STEP][PASSED] - click(findTestObject("OCS-DESKTOP/Cart flyout/Back icon")): Object: 'Object Repository/OCS-DESKTOP/Cart flyout/Back icon' is clicked on

2019-06-07 11:41:01 - [MESSAGE][PASSED] - Object: 'Object Repository/OCS-DESKTOP/Cart flyout/Back icon' is clicked on

2019-06-07 11:41:01 - [TEST_STEP][PASSED] - delay(2): Delayed 2 second(s)

2019-06-07 11:41:03 - [MESSAGE][PASSED] - Delayed 2 second(s)

2019-06-07 11:41:03 - [TEST_STEP][NOT_RUN] - click(findTestObject("OCS-DESKTOP/Age gate and Mega menu/Header/CANNABIS menu - English")): NOT_RUN: click(findTestObject("OCS-DESKTOP/Age gate and Mega menu/Header/CANNABIS menu - English"))

2019-06-07 11:41:03 - [MESSAGE][NOT_RUN] - NOT_RUN: click(findTestObject("OCS-DESKTOP/Age gate and Mega menu/Header/CANNABIS menu - English"))

2019-06-07 11:41:03 - [TEST_STEP][NOT_RUN] - delay(2): NOT_RUN: delay(2)

2019-06-07 11:41:03 - [MESSAGE][NOT_RUN] - NOT_RUN: delay(2)

2019-06-07 11:41:03 - [TEST_STEP][NOT_RUN] - click(findTestObject("OCS-DESKTOP/Age gate and Mega menu/Chevron_Cannabis")): NOT_RUN: click(findTestObject("OCS-DESKTOP/Age gate and Mega menu/Chevron_Cannabis"))

2019-06-07 11:41:03 - [MESSAGE][NOT_RUN] - NOT_RUN: click(findTestObject("OCS-DESKTOP/Age gate and Mega menu/Chevron_Cannabis"))

2019-06-07 11:41:03 - [TEST_STEP][NOT_RUN] - delay(2): NOT_RUN: delay(2)

2019-06-07 11:41:03 - [MESSAGE][NOT_RUN] - NOT_RUN: delay(2)

2019-06-07 11:41:03 - [TEST_STEP][NOT_RUN] - click(findTestObject("OCS-DESKTOP/Age gate and Mega menu/Dried Flower_Plus icon")): NOT_RUN: click(findTestObject("OCS-DESKTOP/Age gate and Mega menu/Dried Flower_Plus icon"))

2019-06-07 11:41:03 - [MESSAGE][NOT_RUN] - NOT_RUN: click(findTestObject("OCS-DESKTOP/Age gate and Mega menu/Dried Flower_Plus icon"))

2019-06-07 11:41:03 - [TEST_STEP][NOT_RUN] - delay(2): NOT_RUN: delay(2)

2019-06-07 11:41:03 - [MESSAGE][NOT_RUN] - NOT_RUN: delay(2)

2019-06-07 11:41:03 - [TEST_STEP][NOT_RUN] - click(findTestObject("OCS-DESKTOP/Age gate and Mega menu/Indica Dominant_Menu item")): NOT_RUN: click(findTestObject("OCS-DESKTOP/Age gate and Mega menu/Indica Dominant_Menu item"))

2019-06-07 11:41:03 - [MESSAGE][NOT_RUN] - NOT_RUN: click(findTestObject("OCS-DESKTOP/Age gate and Mega menu/Indica Dominant_Menu item"))

2019-06-07 11:41:03 - [TEST_STEP][NOT_RUN] - click(findTestObject("OCS-DESKTOP/Collection page/Product image - 2nd one")): NOT_RUN: click(findTestObject("OCS-DESKTOP/Collection page/Product image - 2nd one"))

2019-06-07 11:41:03 - [MESSAGE][NOT_RUN] - NOT_RUN: click(findTestObject("OCS-DESKTOP/Collection page/Product image - 2nd one"))

2019-06-07 11:41:03 - [TEST_STEP][PASSED] - delay(2): Delayed 2 second(s)

2019-06-07 11:41:05 - [MESSAGE][PASSED] - Delayed 2 second(s)

2019-06-07 11:41:05 - [TEST_STEP][NOT_RUN] - navigateToUrl("https://ocs.ca/products/la-confidential"): NOT_RUN: navigateToUrl("https://ocs.ca/products/la-confidential")

2019-06-07 11:41:05 - [MESSAGE][NOT_RUN] - NOT_RUN: navigateToUrl("https://ocs.ca/products/la-confidential")

2019-06-07 11:41:05 - [TEST_STEP][PASSED] - delay(2): Delayed 2 second(s)

2019-06-07 11:41:07 - [MESSAGE][PASSED] - Delayed 2 second(s)

2019-06-07 11:41:07 - [TEST_STEP][PASSED] - takeScreenshot(): Taking screenshot successfully

2019-06-07 11:41:07 - [MESSAGE][PASSED] - Taking screenshot successfully
[[ATTACHMENT|/Users/sumankompelly/Relative xpath-Desktop/Reports/OCS- 1.9.2.1/20190607_113651/1559922067224.png]]

2019-06-07 11:41:07 - [TEST_STEP][PASSED] - delay(2): Delayed 2 second(s)

2019-06-07 11:41:09 - [MESSAGE][PASSED] - Delayed 2 second(s)

2019-06-07 11:41:09 - [TEST_STEP][PASSED] - click(findTestObject("OCS-DESKTOP/Product page/Swatch_3.5g")): Object: 'Object Repository/OCS-DESKTOP/Product page/Swatch_3.5g' is clicked on

2019-06-07 11:41:09 - [MESSAGE][PASSED] - Object: 'Object Repository/OCS-DESKTOP/Product page/Swatch_3.5g' is clicked on

2019-06-07 11:41:09 - [TEST_STEP][PASSED] - delay(2): Delayed 2 second(s)

2019-06-07 11:41:11 - [MESSAGE][PASSED] - Delayed 2 second(s)

2019-06-07 11:41:11 - [TEST_STEP][PASSED] - click(findTestObject("OCS-DESKTOP/Product page/Add to Bag-button")): Object: 'Object Repository/OCS-DESKTOP/Product page/Add to Bag-button' is clicked on

2019-06-07 11:41:11 - [MESSAGE][PASSED] - Object: 'Object Repository/OCS-DESKTOP/Product page/Add to Bag-button' is clicked on

2019-06-07 11:41:11 - [TEST_STEP][PASSED] - delay(1): Delayed 1 second(s)

2019-06-07 11:41:12 - [MESSAGE][PASSED] - Delayed 1 second(s)

2019-06-07 11:41:12 - [TEST_STEP][NOT_RUN] - delay(2): NOT_RUN: delay(2)

2019-06-07 11:41:12 - [MESSAGE][NOT_RUN] - NOT_RUN: delay(2)

2019-06-07 11:41:12 - [TEST_STEP][NOT_RUN] - click(findTestObject("OCS-DESKTOP/Theme preview - Hide bar")): NOT_RUN: click(findTestObject("OCS-DESKTOP/Theme preview - Hide bar"))

2019-06-07 11:41:12 - [MESSAGE][NOT_RUN] - NOT_RUN: click(findTestObject("OCS-DESKTOP/Theme preview - Hide bar"))

2019-06-07 11:41:12 - [TEST_STEP][PASSED] - a = getText(findTestObject("OCS-DESKTOP/Cart flyout/Unit price - 1st Product")): Text of object 'Object Repository/OCS-DESKTOP/Cart flyout/Unit price - 1st Product' is: '$35.00'

2019-06-07 11:41:12 - [MESSAGE][PASSED] - Text of object 'Object Repository/OCS-DESKTOP/Cart flyout/Unit price - 1st Product' is: '$35.00'

2019-06-07 11:41:12 - [TEST_STEP][PASSED] - delay(2): Delayed 2 second(s)

2019-06-07 11:41:14 - [MESSAGE][PASSED] - Delayed 2 second(s)

2019-06-07 11:41:14 - [TEST_STEP][PASSED] - comment("a=" + a): a=$35.00

2019-06-07 11:41:14 - [MESSAGE][INFO] - a=$35.00

2019-06-07 11:41:14 - [TEST_STEP][PASSED] - without = a.substring(1): null

2019-06-07 11:41:14 - [TEST_STEP][PASSED] - comment("without = " + without): without = 35.00

2019-06-07 11:41:14 - [MESSAGE][INFO] - without = 35.00

2019-06-07 11:41:14 - [TEST_STEP][PASSED] - last = without.substring(0, without.length() - 1): null

2019-06-07 11:41:14 - [TEST_STEP][PASSED] - comment("last=" + last): last=35.0

2019-06-07 11:41:14 - [MESSAGE][INFO] - last=35.0

2019-06-07 11:41:14 - [TEST_STEP][PASSED] - delay(2): Delayed 2 second(s)

2019-06-07 11:41:16 - [MESSAGE][PASSED] - Delayed 2 second(s)

2019-06-07 11:41:16 - [TEST_STEP][PASSED] - k = getText(findTestObject("OCS-DESKTOP/Cart flyout/Unit price - 2nd Product")): Text of object 'Object Repository/OCS-DESKTOP/Cart flyout/Unit price - 2nd Product' is: '$35.00'

2019-06-07 11:41:17 - [MESSAGE][PASSED] - Text of object 'Object Repository/OCS-DESKTOP/Cart flyout/Unit price - 2nd Product' is: '$35.00'

2019-06-07 11:41:17 - [TEST_STEP][PASSED] - delay(2): Delayed 2 second(s)

2019-06-07 11:41:19 - [MESSAGE][PASSED] - Delayed 2 second(s)

2019-06-07 11:41:19 - [TEST_STEP][PASSED] - comment("k=" + k): k=$35.00

2019-06-07 11:41:19 - [MESSAGE][INFO] - k=$35.00

2019-06-07 11:41:19 - [TEST_STEP][PASSED] - without1 = k.substring(1): null

2019-06-07 11:41:19 - [TEST_STEP][PASSED] - comment("without1 = " + without1): without1 = 35.00

2019-06-07 11:41:19 - [MESSAGE][INFO] - without1 = 35.00

2019-06-07 11:41:19 - [TEST_STEP][PASSED] - p1 = <not implemented yet for class: org.codehaus.groovy.ast.expr.EmptyExpression>: null

2019-06-07 11:41:19 - [TEST_STEP][PASSED] - p2 = <not implemented yet for class: org.codehaus.groovy.ast.expr.EmptyExpression>: null

2019-06-07 11:41:19 - [TEST_STEP][PASSED] - try: p1=35.0

2019-06-07 11:41:19 - [TEST_STEP][PASSED] - str = last: null

2019-06-07 11:41:19 - [TEST_STEP][PASSED] - comment("str=" + str): str=35.0

2019-06-07 11:41:19 - [MESSAGE][INFO] - str=35.0

2019-06-07 11:41:19 - [TEST_STEP][PASSED] - p1 = Double.valueOf(str): null

2019-06-07 11:41:19 - [TEST_STEP][PASSED] - comment("p1=" + p1): p1=35.0

2019-06-07 11:41:19 - [MESSAGE][INFO] - p1=35.0

2019-06-07 11:41:19 - [TEST_STEP][PASSED] - try: p2=35.0

2019-06-07 11:41:19 - [TEST_STEP][PASSED] - str5 = without1: null

2019-06-07 11:41:19 - [TEST_STEP][PASSED] - comment("str5=" + str5): str5=35.00

2019-06-07 11:41:19 - [MESSAGE][INFO] - str5=35.00

2019-06-07 11:41:19 - [TEST_STEP][PASSED] - p2 = Double.valueOf(str5): null

2019-06-07 11:41:19 - [TEST_STEP][PASSED] - comment("p2=" + p2): p2=35.0

2019-06-07 11:41:19 - [MESSAGE][INFO] - p2=35.0

2019-06-07 11:41:19 - [TEST_STEP][PASSED] - total = p1 + p2: null

2019-06-07 11:41:19 - [TEST_STEP][PASSED] - comment("total =" + total): total =70.0

2019-06-07 11:41:19 - [MESSAGE][INFO] - total =70.0

2019-06-07 11:41:19 - [TEST_STEP][PASSED] - amount = getText(findTestObject("OCS-DESKTOP/Cart flyout/Sub-total Price")): Text of object 'Object Repository/OCS-DESKTOP/Cart flyout/Sub-total Price' is: '$45.50'

2019-06-07 11:41:19 - [MESSAGE][PASSED] - Text of object 'Object Repository/OCS-DESKTOP/Cart flyout/Sub-total Price' is: '$45.50'

2019-06-07 11:41:19 - [TEST_STEP][PASSED] - delay(2): Delayed 2 second(s)

2019-06-07 11:41:21 - [MESSAGE][PASSED] - Delayed 2 second(s)

2019-06-07 11:41:21 - [TEST_STEP][PASSED] - comment("amount =" + amount): amount =$45.50

2019-06-07 11:41:21 - [MESSAGE][INFO] - amount =$45.50

2019-06-07 11:41:21 - [TEST_STEP][PASSED] - soustotal = amount.substring(1): null

2019-06-07 11:41:21 - [TEST_STEP][PASSED] - comment("soustotal= " + soustotal): soustotal= 45.50

2019-06-07 11:41:21 - [MESSAGE][INFO] - soustotal= 45.50

2019-06-07 11:41:21 - [TEST_STEP][PASSED] - p = <not implemented yet for class: org.codehaus.groovy.ast.expr.EmptyExpression>: null

2019-06-07 11:41:21 - [TEST_STEP][PASSED] - try: p=45.5

2019-06-07 11:41:21 - [TEST_STEP][PASSED] - finalprice = soustotal: null

2019-06-07 11:41:21 - [TEST_STEP][PASSED] - comment("finalprice=" + finalprice): finalprice=45.50

2019-06-07 11:41:21 - [MESSAGE][INFO] - finalprice=45.50

2019-06-07 11:41:21 - [TEST_STEP][PASSED] - p = Double.valueOf(finalprice): null

2019-06-07 11:41:21 - [TEST_STEP][PASSED] - comment("p=" + p): p=45.5

2019-06-07 11:41:21 - [MESSAGE][INFO] - p=45.5

2019-06-07 11:41:21 - [TEST_STEP][PASSED] - finalprice = soustotal: null

2019-06-07 11:41:21 - [TEST_STEP][PASSED] - comment("finalprice=" + finalprice): finalprice=45.50

2019-06-07 11:41:21 - [MESSAGE][INFO] - finalprice=45.50

2019-06-07 11:41:21 - [TEST_STEP][PASSED] - p = Double.valueOf(finalprice): null

2019-06-07 11:41:21 - [TEST_STEP][PASSED] - comment("p=" + p): p=45.5

2019-06-07 11:41:21 - [MESSAGE][INFO] - p=45.5

2019-06-07 11:41:21 - [TEST_STEP][FAILED] - verifyEqual(total, p): verifyEqual(total, p) FAILED.
Reason:
com.kms.katalon.core.exception.StepFailedException: Unable to verify equal between actual object '70' and expected object '45.5' (Root cause: com.kms.katalon.core.exception.StepFailedException: Actual object '70' and expected object '45.5' are not equal)
	at com.kms.katalon.core.keyword.internal.KeywordMain.stepFailed(KeywordMain.groovy:36)
	at com.kms.katalon.core.keyword.internal.KeywordMain.stepFailed(KeywordMain.groovy)
	at com.kms.katalon.core.keyword.internal.KeywordMain.runKeyword(KeywordMain.groovy:56)
	at com.kms.katalon.core.keyword.builtin.VerifyEqualKeyword.verifyEqual(VerifyEqualKeyword.groovy:63)
	at com.kms.katalon.core.keyword.builtin.VerifyEqualKeyword.execute(VerifyEqualKeyword.groovy:44)
	at com.kms.katalon.core.keyword.internal.KeywordExecutor.executeKeywordForPlatform(KeywordExecutor.groovy:53)
	at com.kms.katalon.core.keyword.BuiltinKeywords.verifyEqual(BuiltinKeywords.groovy:141)
	at Cart flyout-price comparison.run(Cart flyout-price comparison:176)
	at com.kms.katalon.core.main.ScriptEngine.run(ScriptEngine.java:194)
	at com.kms.katalon.core.main.ScriptEngine.runScriptAsRawText(ScriptEngine.java:119)
	at com.kms.katalon.core.main.TestCaseExecutor.runScript(TestCaseExecutor.java:328)
	at com.kms.katalon.core.main.TestCaseExecutor.doExecute(TestCaseExecutor.java:319)
	at com.kms.katalon.core.main.TestCaseExecutor.processExecutionPhase(TestCaseExecutor.java:298)
	at com.kms.katalon.core.main.TestCaseExecutor.accessMainPhase(TestCaseExecutor.java:290)
	at com.kms.katalon.core.main.TestCaseExecutor.execute(TestCaseExecutor.java:224)
	at com.kms.katalon.core.main.TestSuiteExecutor.accessTestCaseMainPhase(TestSuiteExecutor.java:129)
	at com.kms.katalon.core.main.TestSuiteExecutor.accessTestSuiteMainPhase(TestSuiteExecutor.java:112)
	at com.kms.katalon.core.main.TestSuiteExecutor.execute(TestSuiteExecutor.java:81)
	at com.kms.katalon.core.main.TestCaseMain.startTestSuite(TestCaseMain.java:149)
	at com.kms.katalon.core.main.TestCaseMain$startTestSuite$0.call(Unknown Source)
	at TempTestSuite1559921811030.run(TempTestSuite1559921811030.groovy:36)


2019-06-07 11:41:21 - [MESSAGE][FAILED] - Unable to verify equal between actual object '70' and expected object '45.5' (Root cause: com.kms.katalon.core.exception.StepFailedException: Actual object '70' and expected object '45.5' are not equal)

2019-06-07 11:41:21 - [MESSAGE][FAILED] - verifyEqual(total, p) FAILED.
Reason:
com.kms.katalon.core.exception.StepFailedException: Unable to verify equal between actual object '70' and expected object '45.5' (Root cause: com.kms.katalon.core.exception.StepFailedException: Actual object '70' and expected object '45.5' are not equal)
	at com.kms.katalon.core.keyword.internal.KeywordMain.stepFailed(KeywordMain.groovy:36)
	at com.kms.katalon.core.keyword.internal.KeywordMain.stepFailed(KeywordMain.groovy)
	at com.kms.katalon.core.keyword.internal.KeywordMain.runKeyword(KeywordMain.groovy:56)
	at com.kms.katalon.core.keyword.builtin.VerifyEqualKeyword.verifyEqual(VerifyEqualKeyword.groovy:63)
	at com.kms.katalon.core.keyword.builtin.VerifyEqualKeyword.execute(VerifyEqualKeyword.groovy:44)
	at com.kms.katalon.core.keyword.internal.KeywordExecutor.executeKeywordForPlatform(KeywordExecutor.groovy:53)
	at com.kms.katalon.core.keyword.BuiltinKeywords.verifyEqual(BuiltinKeywords.groovy:141)
	at Cart flyout-price comparison.run(Cart flyout-price comparison:176)
	at com.kms.katalon.core.main.ScriptEngine.run(ScriptEngine.java:194)
	at com.kms.katalon.core.main.ScriptEngine.runScriptAsRawText(ScriptEngine.java:119)
	at com.kms.katalon.core.main.TestCaseExecutor.runScript(TestCaseExecutor.java:328)
	at com.kms.katalon.core.main.TestCaseExecutor.doExecute(TestCaseExecutor.java:319)
	at com.kms.katalon.core.main.TestCaseExecutor.processExecutionPhase(TestCaseExecutor.java:298)
	at com.kms.katalon.core.main.TestCaseExecutor.accessMainPhase(TestCaseExecutor.java:290)
	at com.kms.katalon.core.main.TestCaseExecutor.execute(TestCaseExecutor.java:224)
	at com.kms.katalon.core.main.TestSuiteExecutor.accessTestCaseMainPhase(TestSuiteExecutor.java:129)
	at com.kms.katalon.core.main.TestSuiteExecutor.accessTestSuiteMainPhase(TestSuiteExecutor.java:112)
	at com.kms.katalon.core.main.TestSuiteExecutor.execute(TestSuiteExecutor.java:81)
	at com.kms.katalon.core.main.TestCaseMain.startTestSuite(TestCaseMain.java:149)
	at com.kms.katalon.core.main.TestCaseMain$startTestSuite$0.call(Unknown Source)
	at TempTestSuite1559921811030.run(TempTestSuite1559921811030.groovy:36)]]></system-out>
         <system-err><![CDATA[2019-06-07 11:40:28 - [TEST_CASE][FAILED] - Test Cases/OCS - DESKTOP/OCS- CRITICAL PATH/Cart flyout-price comparison: Test Cases/OCS - DESKTOP/OCS- CRITICAL PATH/Cart flyout-price comparison FAILED.
Reason:
com.kms.katalon.core.exception.StepFailedException: Unable to verify equal between actual object '70' and expected object '45.5' (Root cause: com.kms.katalon.core.exception.StepFailedException: Actual object '70' and expected object '45.5' are not equal)
	at com.kms.katalon.core.keyword.internal.KeywordMain.stepFailed(KeywordMain.groovy:36)
	at com.kms.katalon.core.keyword.internal.KeywordMain.stepFailed(KeywordMain.groovy)
	at com.kms.katalon.core.keyword.internal.KeywordMain.runKeyword(KeywordMain.groovy:56)
	at com.kms.katalon.core.keyword.builtin.VerifyEqualKeyword.verifyEqual(VerifyEqualKeyword.groovy:63)
	at com.kms.katalon.core.keyword.builtin.VerifyEqualKeyword.execute(VerifyEqualKeyword.groovy:44)
	at com.kms.katalon.core.keyword.internal.KeywordExecutor.executeKeywordForPlatform(KeywordExecutor.groovy:53)
	at com.kms.katalon.core.keyword.BuiltinKeywords.verifyEqual(BuiltinKeywords.groovy:141)
	at Cart flyout-price comparison.run(Cart flyout-price comparison:176)
	at com.kms.katalon.core.main.ScriptEngine.run(ScriptEngine.java:194)
	at com.kms.katalon.core.main.ScriptEngine.runScriptAsRawText(ScriptEngine.java:119)
	at com.kms.katalon.core.main.TestCaseExecutor.runScript(TestCaseExecutor.java:328)
	at com.kms.katalon.core.main.TestCaseExecutor.doExecute(TestCaseExecutor.java:319)
	at com.kms.katalon.core.main.TestCaseExecutor.processExecutionPhase(TestCaseExecutor.java:298)
	at com.kms.katalon.core.main.TestCaseExecutor.accessMainPhase(TestCaseExecutor.java:290)
	at com.kms.katalon.core.main.TestCaseExecutor.execute(TestCaseExecutor.java:224)
	at com.kms.katalon.core.main.TestSuiteExecutor.accessTestCaseMainPhase(TestSuiteExecutor.java:129)
	at com.kms.katalon.core.main.TestSuiteExecutor.accessTestSuiteMainPhase(TestSuiteExecutor.java:112)
	at com.kms.katalon.core.main.TestSuiteExecutor.execute(TestSuiteExecutor.java:81)
	at com.kms.katalon.core.main.TestCaseMain.startTestSuite(TestCaseMain.java:149)
	at com.kms.katalon.core.main.TestCaseMain$startTestSuite$0.call(Unknown Source)
	at TempTestSuite1559921811030.run(TempTestSuite1559921811030.groovy:36)]]></system-err>
      </testcase>
      <testcase name="Test Cases/OCS - DESKTOP/OCS- CRITICAL PATH/Cart flyout-tooltips" classname="Test Cases/OCS - DESKTOP/OCS- CRITICAL PATH/Cart flyout-tooltips" status="PASSED">
         <system-out><![CDATA[2019-06-07 11:41:21 - [TEST_CASE][PASSED] - Test Cases/OCS - DESKTOP/OCS- CRITICAL PATH/Cart flyout-tooltips: Test Cases/OCS - DESKTOP/OCS- CRITICAL PATH/Cart flyout-tooltips

2019-06-07 11:41:21 - [TEST_STEP][PASSED] - callTestCase(findTestCase("OCS - DESKTOP/CALL- Age gate"), [:], STOP_ON_FAILURE): Call Test Case 'Test Cases/OCS - DESKTOP/CALL- Age gate' successfully

2019-06-07 11:41:21 - [TEST_CASE][PASSED] - Test Cases/OCS - DESKTOP/CALL- Age gate: Test Cases/OCS - DESKTOP/CALL- Age gate

2019-06-07 11:41:21 - [TEST_STEP][PASSED] - openBrowser(""): Browser is opened with url: ''

2019-06-07 11:41:21 - [MESSAGE][WARNING] - A browser is already opened. Closing browser and opening a new one

2019-06-07 11:41:21 - [MESSAGE][INFO] - Starting 'Firefox' driver

2019-06-07 11:41:24 - [MESSAGE][PASSED] - Browser is opened with url: ''

2019-06-07 11:41:24 - [TEST_STEP][PASSED] - navigateToUrl("https://ocs.ca/?fts=0&preview_theme_id=72920074060"): Navigate to 'https://ocs.ca/?fts=0&preview_theme_id=72920074060' successfully

2019-06-07 11:41:31 - [MESSAGE][PASSED] - Navigate to 'https://ocs.ca/?fts=0&preview_theme_id=72920074060' successfully

2019-06-07 11:41:31 - [TEST_STEP][PASSED] - maximizeWindow(): Current window maximized

2019-06-07 11:41:31 - [MESSAGE][PASSED] - Current window maximized

2019-06-07 11:41:31 - [TEST_STEP][PASSED] - delay(2): Delayed 2 second(s)

2019-06-07 11:41:33 - [MESSAGE][PASSED] - Delayed 2 second(s)

2019-06-07 11:41:33 - [TEST_STEP][PASSED] - executeJavaScript("var previewBar = document.getElementById("preview-bar-iframe"); previewBar.style.display = "none";", []): Execute JavaScript 'var previewBar = document.getElementById("preview-bar-iframe"); previewBar.style.display = "none";' successfully

2019-06-07 11:41:33 - [MESSAGE][PASSED] - Execute JavaScript 'var previewBar = document.getElementById("preview-bar-iframe"); previewBar.style.display = "none";' successfully

2019-06-07 11:41:33 - [TEST_STEP][PASSED] - selectOptionByValue(findTestObject("OCS-DESKTOP/Age gate and Mega menu/Date"), "12", true): All options with value '12' are selected in object 'Object Repository/OCS-DESKTOP/Age gate and Mega menu/Date'  using regular expression

2019-06-07 11:41:34 - [MESSAGE][PASSED] - All options with value '12' are selected in object 'Object Repository/OCS-DESKTOP/Age gate and Mega menu/Date'  using regular expression

2019-06-07 11:41:34 - [TEST_STEP][PASSED] - selectOptionByValue(findTestObject("OCS-DESKTOP/Age gate and Mega menu/month"), "6", true): All options with value '6' are selected in object 'Object Repository/OCS-DESKTOP/Age gate and Mega menu/month'  using regular expression

2019-06-07 11:41:34 - [MESSAGE][PASSED] - All options with value '6' are selected in object 'Object Repository/OCS-DESKTOP/Age gate and Mega menu/month'  using regular expression

2019-06-07 11:41:34 - [TEST_STEP][PASSED] - delay(2): Delayed 2 second(s)

2019-06-07 11:41:36 - [MESSAGE][PASSED] - Delayed 2 second(s)

2019-06-07 11:41:36 - [TEST_STEP][PASSED] - selectOptionByValue(findTestObject("OCS-DESKTOP/Age gate and Mega menu/Year Dropdown"), "1990", true): All options with value '1990' are selected in object 'Object Repository/OCS-DESKTOP/Age gate and Mega menu/Year Dropdown'  using regular expression

2019-06-07 11:41:38 - [MESSAGE][PASSED] - All options with value '1990' are selected in object 'Object Repository/OCS-DESKTOP/Age gate and Mega menu/Year Dropdown'  using regular expression

2019-06-07 11:41:38 - [TEST_STEP][PASSED] - click(findTestObject("OCS-DESKTOP/Age gate and Mega menu/button_Verify")): Object: 'Object Repository/OCS-DESKTOP/Age gate and Mega menu/button_Verify' is clicked on

2019-06-07 11:41:38 - [MESSAGE][PASSED] - Object: 'Object Repository/OCS-DESKTOP/Age gate and Mega menu/button_Verify' is clicked on

2019-06-07 11:41:38 - [TEST_STEP][PASSED] - click(findTestObject("OCS-DESKTOP/Age gate and Mega menu/Checkbox_CONFIRM AND ACKNOWLEDGE")): Object: 'Object Repository/OCS-DESKTOP/Age gate and Mega menu/Checkbox_CONFIRM AND ACKNOWLEDGE' is clicked on

2019-06-07 11:41:38 - [MESSAGE][PASSED] - Object: 'Object Repository/OCS-DESKTOP/Age gate and Mega menu/Checkbox_CONFIRM AND ACKNOWLEDGE' is clicked on

2019-06-07 11:41:38 - [TEST_STEP][PASSED] - click(findTestObject("OCS-DESKTOP/Age gate and Mega menu/button_CONFIRM")): Object: 'Object Repository/OCS-DESKTOP/Age gate and Mega menu/button_CONFIRM' is clicked on

2019-06-07 11:41:38 - [MESSAGE][PASSED] - Object: 'Object Repository/OCS-DESKTOP/Age gate and Mega menu/button_CONFIRM' is clicked on

2019-06-07 11:41:38 - [TEST_STEP][PASSED] - click(findTestObject("OCS-DESKTOP/Age gate and Mega menu/button_Start Browsing")): Object: 'Object Repository/OCS-DESKTOP/Age gate and Mega menu/button_Start Browsing' is clicked on

2019-06-07 11:41:39 - [MESSAGE][PASSED] - Object: 'Object Repository/OCS-DESKTOP/Age gate and Mega menu/button_Start Browsing' is clicked on

2019-06-07 11:41:39 - [TEST_STEP][PASSED] - delay(2): Delayed 2 second(s)

2019-06-07 11:41:41 - [MESSAGE][PASSED] - Delayed 2 second(s)

2019-06-07 11:41:41 - [TEST_STEP][PASSED] - refresh(): Refresh successfully

2019-06-07 11:41:44 - [MESSAGE][PASSED] - Refresh successfully

2019-06-07 11:41:44 - [MESSAGE][PASSED] - Call Test Case 'Test Cases/OCS - DESKTOP/CALL- Age gate' successfully

2019-06-07 11:41:44 - [TEST_STEP][PASSED] - delay(2): Delayed 2 second(s)

2019-06-07 11:41:46 - [MESSAGE][PASSED] - Delayed 2 second(s)

2019-06-07 11:41:46 - [TEST_STEP][PASSED] - refresh(): Refresh successfully

2019-06-07 11:41:50 - [MESSAGE][PASSED] - Refresh successfully

2019-06-07 11:41:50 - [TEST_STEP][PASSED] - click(findTestObject("OCS-DESKTOP/Age gate and Mega menu/Header/CANNABIS menu - English")): Object: 'Object Repository/OCS-DESKTOP/Age gate and Mega menu/Header/CANNABIS menu - English' is clicked on

2019-06-07 11:41:51 - [MESSAGE][PASSED] - Object: 'Object Repository/OCS-DESKTOP/Age gate and Mega menu/Header/CANNABIS menu - English' is clicked on

2019-06-07 11:41:51 - [TEST_STEP][PASSED] - delay(4): Delayed 4 second(s)

2019-06-07 11:41:55 - [MESSAGE][PASSED] - Delayed 4 second(s)

2019-06-07 11:41:55 - [TEST_STEP][NOT_RUN] - maximizeWindow(): NOT_RUN: maximizeWindow()

2019-06-07 11:41:55 - [MESSAGE][NOT_RUN] - NOT_RUN: maximizeWindow()

2019-06-07 11:41:55 - [TEST_STEP][PASSED] - click(findTestObject("OCS-DESKTOP/Age gate and Mega menu/Indica Dominant_Menu item")): Object: 'Object Repository/OCS-DESKTOP/Age gate and Mega menu/Indica Dominant_Menu item' is clicked on

2019-06-07 11:41:57 - [MESSAGE][PASSED] - Object: 'Object Repository/OCS-DESKTOP/Age gate and Mega menu/Indica Dominant_Menu item' is clicked on

2019-06-07 11:41:57 - [TEST_STEP][PASSED] - delay(2): Delayed 2 second(s)

2019-06-07 11:41:59 - [MESSAGE][PASSED] - Delayed 2 second(s)

2019-06-07 11:41:59 - [TEST_STEP][PASSED] - executeJavaScript("var previewBar = document.getElementById("preview-bar-iframe"); previewBar.style.display = "none";", []): Execute JavaScript 'var previewBar = document.getElementById("preview-bar-iframe"); previewBar.style.display = "none";' successfully

2019-06-07 11:41:59 - [MESSAGE][PASSED] - Execute JavaScript 'var previewBar = document.getElementById("preview-bar-iframe"); previewBar.style.display = "none";' successfully

2019-06-07 11:41:59 - [TEST_STEP][PASSED] - click(findTestObject("OCS-DESKTOP/Collection page/Product image - 1st one")): Object: 'Object Repository/OCS-DESKTOP/Collection page/Product image - 1st one' is clicked on

2019-06-07 11:42:02 - [MESSAGE][PASSED] - Object: 'Object Repository/OCS-DESKTOP/Collection page/Product image - 1st one' is clicked on

2019-06-07 11:42:02 - [TEST_STEP][PASSED] - delay(3): Delayed 3 second(s)

2019-06-07 11:42:05 - [MESSAGE][PASSED] - Delayed 3 second(s)

2019-06-07 11:42:05 - [TEST_STEP][PASSED] - executeJavaScript("var previewBar = document.getElementById("preview-bar-iframe"); previewBar.style.display = "none";", []): Execute JavaScript 'var previewBar = document.getElementById("preview-bar-iframe"); previewBar.style.display = "none";' successfully

2019-06-07 11:42:05 - [MESSAGE][PASSED] - Execute JavaScript 'var previewBar = document.getElementById("preview-bar-iframe"); previewBar.style.display = "none";' successfully

2019-06-07 11:42:05 - [TEST_STEP][NOT_RUN] - scrollToElement(findTestObject("OCS-DESKTOP/Product page/Product image"), 1): NOT_RUN: scrollToElement(findTestObject("OCS-DESKTOP/Product page/Product image"), 1)

2019-06-07 11:42:05 - [MESSAGE][NOT_RUN] - NOT_RUN: scrollToElement(findTestObject("OCS-DESKTOP/Product page/Product image"), 1)

2019-06-07 11:42:05 - [TEST_STEP][PASSED] - click(findTestObject("OCS-DESKTOP/Product page/Swatch_1g")): Object: 'Object Repository/OCS-DESKTOP/Product page/Swatch_1g' is clicked on

2019-06-07 11:42:05 - [MESSAGE][PASSED] - Object: 'Object Repository/OCS-DESKTOP/Product page/Swatch_1g' is clicked on

2019-06-07 11:42:05 - [TEST_STEP][PASSED] - delay(2): Delayed 2 second(s)

2019-06-07 11:42:07 - [MESSAGE][PASSED] - Delayed 2 second(s)

2019-06-07 11:42:07 - [TEST_STEP][PASSED] - click(findTestObject("OCS-DESKTOP/Product page/Add to Bag-button")): Object: 'Object Repository/OCS-DESKTOP/Product page/Add to Bag-button' is clicked on

2019-06-07 11:42:07 - [MESSAGE][PASSED] - Object: 'Object Repository/OCS-DESKTOP/Product page/Add to Bag-button' is clicked on

2019-06-07 11:42:07 - [TEST_STEP][PASSED] - delay(1): Delayed 1 second(s)

2019-06-07 11:42:08 - [MESSAGE][PASSED] - Delayed 1 second(s)

2019-06-07 11:42:08 - [TEST_STEP][PASSED] - click(findTestObject("OCS-DESKTOP/Home - page/Cart icon -bag"), OPTIONAL): Unable to click on object 'Object Repository/OCS-DESKTOP/Home - page/Cart icon -bag' (Root cause: org.openqa.selenium.ElementClickInterceptedException: Element <div class="gram-widget__pricing"> is not clickable at point (1245,68) because another element <div class="cart__items"> obscures it
Build info: version: '3.7.1', revision: '8a0099a', time: '2017-11-06T21:07:36.161Z'
System info: host: 'sumans-MacBook-Pro.local', ip: 'fe80:0:0:0:8ee:14b5:7377:44cf%en0', os.name: 'Mac OS X', os.arch: 'x86_64', os.version: '10.13.6', java.version: '1.8.0_181'
Driver info: com.kms.katalon.core.webui.driver.firefox.CGeckoDriver
Capabilities {acceptInsecureCerts: true, browserName: firefox, browserVersion: 67.0, javascriptEnabled: true, moz:accessibilityChecks: false, moz:buildID: 20190516215225, moz:geckodriverVersion: 0.23.0, moz:headless: false, moz:processID: 1710, moz:profile: /var/folders/1t/c55l8xzs6gq..., moz:shutdownTimeout: 60000, moz:useNonSpecCompliantPointerOrigin: false, moz:webdriverClick: true, pageLoadStrategy: normal, platform: MAC, platformName: MAC, platformVersion: 17.7.0, proxy: Proxy(direct), rotatable: false, setWindowRect: true, strictFileInteractability: false, timeouts: {implicit: 0, pageLoad: 300000, script: 30000}, unhandledPromptBehavior: dismiss and notify}
Session ID: 052af69f-1615-6f43-93a3-a1213b344720)

2019-06-07 11:42:08 - [MESSAGE][WARNING] - Unable to click on object 'Object Repository/OCS-DESKTOP/Home - page/Cart icon -bag' (Root cause: org.openqa.selenium.ElementClickInterceptedException: Element <div class="gram-widget__pricing"> is not clickable at point (1245,68) because another element <div class="cart__items"> obscures it
Build info: version: '3.7.1', revision: '8a0099a', time: '2017-11-06T21:07:36.161Z'
System info: host: 'sumans-MacBook-Pro.local', ip: 'fe80:0:0:0:8ee:14b5:7377:44cf%en0', os.name: 'Mac OS X', os.arch: 'x86_64', os.version: '10.13.6', java.version: '1.8.0_181'
Driver info: com.kms.katalon.core.webui.driver.firefox.CGeckoDriver
Capabilities {acceptInsecureCerts: true, browserName: firefox, browserVersion: 67.0, javascriptEnabled: true, moz:accessibilityChecks: false, moz:buildID: 20190516215225, moz:geckodriverVersion: 0.23.0, moz:headless: false, moz:processID: 1710, moz:profile: /var/folders/1t/c55l8xzs6gq..., moz:shutdownTimeout: 60000, moz:useNonSpecCompliantPointerOrigin: false, moz:webdriverClick: true, pageLoadStrategy: normal, platform: MAC, platformName: MAC, platformVersion: 17.7.0, proxy: Proxy(direct), rotatable: false, setWindowRect: true, strictFileInteractability: false, timeouts: {implicit: 0, pageLoad: 300000, script: 30000}, unhandledPromptBehavior: dismiss and notify}
Session ID: 052af69f-1615-6f43-93a3-a1213b344720)
[[ATTACHMENT|/Users/sumankompelly/Relative xpath-Desktop/Reports/OCS- 1.9.2.1/20190607_113651/1559922128665.png]]

2019-06-07 11:42:08 - [TEST_STEP][PASSED] - delay(1): Delayed 1 second(s)

2019-06-07 11:42:09 - [MESSAGE][PASSED] - Delayed 1 second(s)

2019-06-07 11:42:09 - [TEST_STEP][PASSED] - mouseOver(findTestObject("OCS-DESKTOP/Cart flyout/tool tip - TOP")): Object: 'Object Repository/OCS-DESKTOP/Cart flyout/tool tip - TOP' is hovered

2019-06-07 11:42:10 - [MESSAGE][PASSED] - Object: 'Object Repository/OCS-DESKTOP/Cart flyout/tool tip - TOP' is hovered

2019-06-07 11:42:10 - [TEST_STEP][PASSED] - delay(3): Delayed 3 second(s)

2019-06-07 11:42:13 - [MESSAGE][PASSED] - Delayed 3 second(s)

2019-06-07 11:42:13 - [TEST_STEP][PASSED] - delay(2): Delayed 2 second(s)

2019-06-07 11:42:15 - [MESSAGE][PASSED] - Delayed 2 second(s)

2019-06-07 11:42:15 - [TEST_STEP][PASSED] - mouseOver(findTestObject("OCS-DESKTOP/Cart flyout/tool tip -DOWN")): Object: 'Object Repository/OCS-DESKTOP/Cart flyout/tool tip -DOWN' is hovered

2019-06-07 11:42:15 - [MESSAGE][PASSED] - Object: 'Object Repository/OCS-DESKTOP/Cart flyout/tool tip -DOWN' is hovered]]></system-out>
         <system-err><![CDATA[]]></system-err>
      </testcase>
      <testcase name="Test Cases/OCS - DESKTOP/OCS- CRITICAL PATH/Cart page- decrease qty" classname="Test Cases/OCS - DESKTOP/OCS- CRITICAL PATH/Cart page- decrease qty" status="PASSED">
         <system-out><![CDATA[2019-06-07 11:42:15 - [TEST_CASE][PASSED] - Test Cases/OCS - DESKTOP/OCS- CRITICAL PATH/Cart page- decrease qty: Test Cases/OCS - DESKTOP/OCS- CRITICAL PATH/Cart page- decrease qty

2019-06-07 11:42:15 - [TEST_STEP][PASSED] - callTestCase(findTestCase("OCS - DESKTOP/CALL- Age gate"), [:], STOP_ON_FAILURE): Call Test Case 'Test Cases/OCS - DESKTOP/CALL- Age gate' successfully

2019-06-07 11:42:15 - [TEST_CASE][PASSED] - Test Cases/OCS - DESKTOP/CALL- Age gate: Test Cases/OCS - DESKTOP/CALL- Age gate

2019-06-07 11:42:15 - [TEST_STEP][PASSED] - openBrowser(""): Browser is opened with url: ''

2019-06-07 11:42:15 - [MESSAGE][WARNING] - A browser is already opened. Closing browser and opening a new one

2019-06-07 11:42:16 - [MESSAGE][INFO] - Starting 'Firefox' driver

2019-06-07 11:42:18 - [MESSAGE][PASSED] - Browser is opened with url: ''

2019-06-07 11:42:18 - [TEST_STEP][PASSED] - navigateToUrl("https://ocs.ca/?fts=0&preview_theme_id=72920074060"): Navigate to 'https://ocs.ca/?fts=0&preview_theme_id=72920074060' successfully

2019-06-07 11:42:24 - [MESSAGE][PASSED] - Navigate to 'https://ocs.ca/?fts=0&preview_theme_id=72920074060' successfully

2019-06-07 11:42:24 - [TEST_STEP][PASSED] - maximizeWindow(): Current window maximized

2019-06-07 11:42:25 - [MESSAGE][PASSED] - Current window maximized

2019-06-07 11:42:25 - [TEST_STEP][PASSED] - delay(2): Delayed 2 second(s)

2019-06-07 11:42:27 - [MESSAGE][PASSED] - Delayed 2 second(s)

2019-06-07 11:42:27 - [TEST_STEP][PASSED] - executeJavaScript("var previewBar = document.getElementById("preview-bar-iframe"); previewBar.style.display = "none";", []): Execute JavaScript 'var previewBar = document.getElementById("preview-bar-iframe"); previewBar.style.display = "none";' successfully

2019-06-07 11:42:27 - [MESSAGE][PASSED] - Execute JavaScript 'var previewBar = document.getElementById("preview-bar-iframe"); previewBar.style.display = "none";' successfully

2019-06-07 11:42:27 - [TEST_STEP][PASSED] - selectOptionByValue(findTestObject("OCS-DESKTOP/Age gate and Mega menu/Date"), "12", true): All options with value '12' are selected in object 'Object Repository/OCS-DESKTOP/Age gate and Mega menu/Date'  using regular expression

2019-06-07 11:42:27 - [MESSAGE][PASSED] - All options with value '12' are selected in object 'Object Repository/OCS-DESKTOP/Age gate and Mega menu/Date'  using regular expression

2019-06-07 11:42:27 - [TEST_STEP][PASSED] - selectOptionByValue(findTestObject("OCS-DESKTOP/Age gate and Mega menu/month"), "6", true): All options with value '6' are selected in object 'Object Repository/OCS-DESKTOP/Age gate and Mega menu/month'  using regular expression

2019-06-07 11:42:28 - [MESSAGE][PASSED] - All options with value '6' are selected in object 'Object Repository/OCS-DESKTOP/Age gate and Mega menu/month'  using regular expression

2019-06-07 11:42:28 - [TEST_STEP][PASSED] - delay(2): Delayed 2 second(s)

2019-06-07 11:42:30 - [MESSAGE][PASSED] - Delayed 2 second(s)

2019-06-07 11:42:30 - [TEST_STEP][PASSED] - selectOptionByValue(findTestObject("OCS-DESKTOP/Age gate and Mega menu/Year Dropdown"), "1990", true): All options with value '1990' are selected in object 'Object Repository/OCS-DESKTOP/Age gate and Mega menu/Year Dropdown'  using regular expression

2019-06-07 11:42:31 - [MESSAGE][PASSED] - All options with value '1990' are selected in object 'Object Repository/OCS-DESKTOP/Age gate and Mega menu/Year Dropdown'  using regular expression

2019-06-07 11:42:31 - [TEST_STEP][PASSED] - click(findTestObject("OCS-DESKTOP/Age gate and Mega menu/button_Verify")): Object: 'Object Repository/OCS-DESKTOP/Age gate and Mega menu/button_Verify' is clicked on

2019-06-07 11:42:32 - [MESSAGE][PASSED] - Object: 'Object Repository/OCS-DESKTOP/Age gate and Mega menu/button_Verify' is clicked on

2019-06-07 11:42:32 - [TEST_STEP][PASSED] - click(findTestObject("OCS-DESKTOP/Age gate and Mega menu/Checkbox_CONFIRM AND ACKNOWLEDGE")): Object: 'Object Repository/OCS-DESKTOP/Age gate and Mega menu/Checkbox_CONFIRM AND ACKNOWLEDGE' is clicked on

2019-06-07 11:42:32 - [MESSAGE][PASSED] - Object: 'Object Repository/OCS-DESKTOP/Age gate and Mega menu/Checkbox_CONFIRM AND ACKNOWLEDGE' is clicked on

2019-06-07 11:42:32 - [TEST_STEP][PASSED] - click(findTestObject("OCS-DESKTOP/Age gate and Mega menu/button_CONFIRM")): Object: 'Object Repository/OCS-DESKTOP/Age gate and Mega menu/button_CONFIRM' is clicked on

2019-06-07 11:42:32 - [MESSAGE][PASSED] - Object: 'Object Repository/OCS-DESKTOP/Age gate and Mega menu/button_CONFIRM' is clicked on

2019-06-07 11:42:32 - [TEST_STEP][PASSED] - click(findTestObject("OCS-DESKTOP/Age gate and Mega menu/button_Start Browsing")): Object: 'Object Repository/OCS-DESKTOP/Age gate and Mega menu/button_Start Browsing' is clicked on

2019-06-07 11:42:32 - [MESSAGE][PASSED] - Object: 'Object Repository/OCS-DESKTOP/Age gate and Mega menu/button_Start Browsing' is clicked on

2019-06-07 11:42:32 - [TEST_STEP][PASSED] - delay(2): Delayed 2 second(s)

2019-06-07 11:42:34 - [MESSAGE][PASSED] - Delayed 2 second(s)

2019-06-07 11:42:34 - [TEST_STEP][PASSED] - refresh(): Refresh successfully

2019-06-07 11:42:39 - [MESSAGE][PASSED] - Refresh successfully

2019-06-07 11:42:39 - [MESSAGE][PASSED] - Call Test Case 'Test Cases/OCS - DESKTOP/CALL- Age gate' successfully

2019-06-07 11:42:39 - [TEST_STEP][PASSED] - delay(2): Delayed 2 second(s)

2019-06-07 11:42:41 - [MESSAGE][PASSED] - Delayed 2 second(s)

2019-06-07 11:42:41 - [TEST_STEP][PASSED] - click(findTestObject("OCS-DESKTOP/Age gate and Mega menu/Header/CANNABIS menu - English")): Object: 'Object Repository/OCS-DESKTOP/Age gate and Mega menu/Header/CANNABIS menu - English' is clicked on

2019-06-07 11:42:41 - [MESSAGE][PASSED] - Object: 'Object Repository/OCS-DESKTOP/Age gate and Mega menu/Header/CANNABIS menu - English' is clicked on

2019-06-07 11:42:41 - [TEST_STEP][PASSED] - delay(2): Delayed 2 second(s)

2019-06-07 11:42:43 - [MESSAGE][PASSED] - Delayed 2 second(s)

2019-06-07 11:42:43 - [TEST_STEP][PASSED] - click(findTestObject("OCS-DESKTOP/Age gate and Mega menu/Indica Dominant_Menu item")): Object: 'Object Repository/OCS-DESKTOP/Age gate and Mega menu/Indica Dominant_Menu item' is clicked on

2019-06-07 11:42:46 - [MESSAGE][PASSED] - Object: 'Object Repository/OCS-DESKTOP/Age gate and Mega menu/Indica Dominant_Menu item' is clicked on

2019-06-07 11:42:46 - [TEST_STEP][PASSED] - executeJavaScript("var previewBar = document.getElementById("preview-bar-iframe"); previewBar.style.display = "none";", []): Execute JavaScript 'var previewBar = document.getElementById("preview-bar-iframe"); previewBar.style.display = "none";' successfully

2019-06-07 11:42:46 - [MESSAGE][PASSED] - Execute JavaScript 'var previewBar = document.getElementById("preview-bar-iframe"); previewBar.style.display = "none";' successfully

2019-06-07 11:42:46 - [TEST_STEP][PASSED] - delay(2): Delayed 2 second(s)

2019-06-07 11:42:48 - [MESSAGE][PASSED] - Delayed 2 second(s)

2019-06-07 11:42:48 - [TEST_STEP][NOT_RUN] - click(findTestObject("OCS-DESKTOP/Age gate and Mega menu/Dried Flower_Plus icon")): NOT_RUN: click(findTestObject("OCS-DESKTOP/Age gate and Mega menu/Dried Flower_Plus icon"))

2019-06-07 11:42:48 - [MESSAGE][NOT_RUN] - NOT_RUN: click(findTestObject("OCS-DESKTOP/Age gate and Mega menu/Dried Flower_Plus icon"))

2019-06-07 11:42:48 - [TEST_STEP][PASSED] - delay(2): Delayed 2 second(s)

2019-06-07 11:42:50 - [MESSAGE][PASSED] - Delayed 2 second(s)

2019-06-07 11:42:50 - [TEST_STEP][NOT_RUN] - click(findTestObject("OCS-DESKTOP/Age gate and Mega menu/Indica Dominant_Menu item")): NOT_RUN: click(findTestObject("OCS-DESKTOP/Age gate and Mega menu/Indica Dominant_Menu item"))

2019-06-07 11:42:50 - [MESSAGE][NOT_RUN] - NOT_RUN: click(findTestObject("OCS-DESKTOP/Age gate and Mega menu/Indica Dominant_Menu item"))

2019-06-07 11:42:50 - [TEST_STEP][PASSED] - delay(2): Delayed 2 second(s)

2019-06-07 11:42:52 - [MESSAGE][PASSED] - Delayed 2 second(s)

2019-06-07 11:42:52 - [TEST_STEP][PASSED] - click(findTestObject("OCS-DESKTOP/Collection page/Product image - 1st one")): Object: 'Object Repository/OCS-DESKTOP/Collection page/Product image - 1st one' is clicked on

2019-06-07 11:42:54 - [MESSAGE][PASSED] - Object: 'Object Repository/OCS-DESKTOP/Collection page/Product image - 1st one' is clicked on

2019-06-07 11:42:54 - [TEST_STEP][PASSED] - executeJavaScript("var previewBar = document.getElementById("preview-bar-iframe"); previewBar.style.display = "none";", []): Execute JavaScript 'var previewBar = document.getElementById("preview-bar-iframe"); previewBar.style.display = "none";' successfully

2019-06-07 11:42:54 - [MESSAGE][PASSED] - Execute JavaScript 'var previewBar = document.getElementById("preview-bar-iframe"); previewBar.style.display = "none";' successfully

2019-06-07 11:42:54 - [TEST_STEP][NOT_RUN] - scrollToElement(findTestObject("OCS-DESKTOP/Product page/Product image"), 1): NOT_RUN: scrollToElement(findTestObject("OCS-DESKTOP/Product page/Product image"), 1)

2019-06-07 11:42:54 - [MESSAGE][NOT_RUN] - NOT_RUN: scrollToElement(findTestObject("OCS-DESKTOP/Product page/Product image"), 1)

2019-06-07 11:42:54 - [TEST_STEP][PASSED] - delay(2): Delayed 2 second(s)

2019-06-07 11:42:56 - [MESSAGE][PASSED] - Delayed 2 second(s)

2019-06-07 11:42:56 - [TEST_STEP][PASSED] - click(findTestObject("OCS-DESKTOP/Product page/Swatch_1g")): Object: 'Object Repository/OCS-DESKTOP/Product page/Swatch_1g' is clicked on

2019-06-07 11:42:57 - [MESSAGE][PASSED] - Object: 'Object Repository/OCS-DESKTOP/Product page/Swatch_1g' is clicked on

2019-06-07 11:42:57 - [TEST_STEP][NOT_RUN] - scrollToElement(findTestObject("OCS-DESKTOP/Product page/Swatch_3.5g"), 1): NOT_RUN: scrollToElement(findTestObject("OCS-DESKTOP/Product page/Swatch_3.5g"), 1)

2019-06-07 11:42:57 - [MESSAGE][NOT_RUN] - NOT_RUN: scrollToElement(findTestObject("OCS-DESKTOP/Product page/Swatch_3.5g"), 1)

2019-06-07 11:42:57 - [TEST_STEP][PASSED] - delay(2): Delayed 2 second(s)

2019-06-07 11:42:59 - [MESSAGE][PASSED] - Delayed 2 second(s)

2019-06-07 11:42:59 - [TEST_STEP][PASSED] - click(findTestObject("OCS-DESKTOP/Product page/Quantity Increase - Button")): Object: 'Object Repository/OCS-DESKTOP/Product page/Quantity Increase - Button' is clicked on

2019-06-07 11:42:59 - [MESSAGE][PASSED] - Object: 'Object Repository/OCS-DESKTOP/Product page/Quantity Increase - Button' is clicked on

2019-06-07 11:42:59 - [TEST_STEP][PASSED] - delay(1): Delayed 1 second(s)

2019-06-07 11:43:00 - [MESSAGE][PASSED] - Delayed 1 second(s)

2019-06-07 11:43:00 - [TEST_STEP][PASSED] - click(findTestObject("OCS-DESKTOP/Product page/Quantity Increase - Button")): Object: 'Object Repository/OCS-DESKTOP/Product page/Quantity Increase - Button' is clicked on

2019-06-07 11:43:00 - [MESSAGE][PASSED] - Object: 'Object Repository/OCS-DESKTOP/Product page/Quantity Increase - Button' is clicked on

2019-06-07 11:43:00 - [TEST_STEP][PASSED] - delay(1): Delayed 1 second(s)

2019-06-07 11:43:01 - [MESSAGE][PASSED] - Delayed 1 second(s)

2019-06-07 11:43:01 - [TEST_STEP][PASSED] - click(findTestObject("OCS-DESKTOP/Product page/Quantity Increase - Button")): Object: 'Object Repository/OCS-DESKTOP/Product page/Quantity Increase - Button' is clicked on

2019-06-07 11:43:02 - [MESSAGE][PASSED] - Object: 'Object Repository/OCS-DESKTOP/Product page/Quantity Increase - Button' is clicked on

2019-06-07 11:43:02 - [TEST_STEP][PASSED] - delay(1): Delayed 1 second(s)

2019-06-07 11:43:03 - [MESSAGE][PASSED] - Delayed 1 second(s)

2019-06-07 11:43:03 - [TEST_STEP][PASSED] - click(findTestObject("OCS-DESKTOP/Product page/Quantity Increase - Button")): Object: 'Object Repository/OCS-DESKTOP/Product page/Quantity Increase - Button' is clicked on

2019-06-07 11:43:03 - [MESSAGE][PASSED] - Object: 'Object Repository/OCS-DESKTOP/Product page/Quantity Increase - Button' is clicked on

2019-06-07 11:43:03 - [TEST_STEP][PASSED] - delay(1): Delayed 1 second(s)

2019-06-07 11:43:04 - [MESSAGE][PASSED] - Delayed 1 second(s)

2019-06-07 11:43:04 - [TEST_STEP][PASSED] - click(findTestObject("OCS-DESKTOP/Product page/Quantity Increase - Button")): Object: 'Object Repository/OCS-DESKTOP/Product page/Quantity Increase - Button' is clicked on

2019-06-07 11:43:04 - [MESSAGE][PASSED] - Object: 'Object Repository/OCS-DESKTOP/Product page/Quantity Increase - Button' is clicked on

2019-06-07 11:43:04 - [TEST_STEP][PASSED] - delay(2): Delayed 2 second(s)

2019-06-07 11:43:06 - [MESSAGE][PASSED] - Delayed 2 second(s)

2019-06-07 11:43:06 - [TEST_STEP][PASSED] - click(findTestObject("OCS-DESKTOP/Product page/Add to Bag-button")): Object: 'Object Repository/OCS-DESKTOP/Product page/Add to Bag-button' is clicked on

2019-06-07 11:43:06 - [MESSAGE][PASSED] - Object: 'Object Repository/OCS-DESKTOP/Product page/Add to Bag-button' is clicked on

2019-06-07 11:43:06 - [TEST_STEP][PASSED] - delay(1): Delayed 1 second(s)

2019-06-07 11:43:07 - [MESSAGE][PASSED] - Delayed 1 second(s)

2019-06-07 11:43:07 - [TEST_STEP][NOT_RUN] - click(findTestObject("OCS-DESKTOP/Home - page/Cart icon -bag")): NOT_RUN: click(findTestObject("OCS-DESKTOP/Home - page/Cart icon -bag"))

2019-06-07 11:43:07 - [MESSAGE][NOT_RUN] - NOT_RUN: click(findTestObject("OCS-DESKTOP/Home - page/Cart icon -bag"))

2019-06-07 11:43:07 - [TEST_STEP][PASSED] - delay(2): Delayed 2 second(s)

2019-06-07 11:43:09 - [MESSAGE][PASSED] - Delayed 2 second(s)

2019-06-07 11:43:09 - [TEST_STEP][PASSED] - click(findTestObject("OCS-DESKTOP/Cart flyout/Checkbox_I confirm that")): Object: 'Object Repository/OCS-DESKTOP/Cart flyout/Checkbox_I confirm that' is clicked on

2019-06-07 11:43:10 - [MESSAGE][PASSED] - Object: 'Object Repository/OCS-DESKTOP/Cart flyout/Checkbox_I confirm that' is clicked on

2019-06-07 11:43:10 - [TEST_STEP][PASSED] - delay(2): Delayed 2 second(s)

2019-06-07 11:43:12 - [MESSAGE][PASSED] - Delayed 2 second(s)

2019-06-07 11:43:12 - [TEST_STEP][PASSED] - click(findTestObject("OCS-DESKTOP/Cart flyout/Checkbox_Accept the Terms Condition")): Object: 'Object Repository/OCS-DESKTOP/Cart flyout/Checkbox_Accept the Terms Condition' is clicked on

2019-06-07 11:43:12 - [MESSAGE][PASSED] - Object: 'Object Repository/OCS-DESKTOP/Cart flyout/Checkbox_Accept the Terms Condition' is clicked on

2019-06-07 11:43:12 - [TEST_STEP][PASSED] - delay(1): Delayed 1 second(s)

2019-06-07 11:43:13 - [MESSAGE][PASSED] - Delayed 1 second(s)

2019-06-07 11:43:13 - [TEST_STEP][PASSED] - click(findTestObject("OCS-DESKTOP/Cart flyout/Checkout - Button")): Object: 'Object Repository/OCS-DESKTOP/Cart flyout/Checkout - Button' is clicked on

2019-06-07 11:43:15 - [MESSAGE][PASSED] - Object: 'Object Repository/OCS-DESKTOP/Cart flyout/Checkout - Button' is clicked on

2019-06-07 11:43:15 - [TEST_STEP][PASSED] - executeJavaScript("var previewBar = document.getElementById("preview-bar-iframe"); previewBar.style.display = "none";", []): Execute JavaScript 'var previewBar = document.getElementById("preview-bar-iframe"); previewBar.style.display = "none";' successfully

2019-06-07 11:43:16 - [MESSAGE][PASSED] - Execute JavaScript 'var previewBar = document.getElementById("preview-bar-iframe"); previewBar.style.display = "none";' successfully

2019-06-07 11:43:16 - [TEST_STEP][PASSED] - delay(2): Delayed 2 second(s)

2019-06-07 11:43:18 - [MESSAGE][PASSED] - Delayed 2 second(s)

2019-06-07 11:43:18 - [TEST_STEP][NOT_RUN] - scrollToElement(findTestObject("OCS-DESKTOP/Customer info page/Return to Cart - Link"), 1): NOT_RUN: scrollToElement(findTestObject("OCS-DESKTOP/Customer info page/Return to Cart - Link"), 1)

2019-06-07 11:43:18 - [MESSAGE][NOT_RUN] - NOT_RUN: scrollToElement(findTestObject("OCS-DESKTOP/Customer info page/Return to Cart - Link"), 1)

2019-06-07 11:43:18 - [TEST_STEP][PASSED] - delay(1): Delayed 1 second(s)

2019-06-07 11:43:19 - [MESSAGE][PASSED] - Delayed 1 second(s)

2019-06-07 11:43:19 - [TEST_STEP][PASSED] - delay(2): Delayed 2 second(s)

2019-06-07 11:43:21 - [MESSAGE][PASSED] - Delayed 2 second(s)

2019-06-07 11:43:21 - [TEST_STEP][PASSED] - click(findTestObject("OCS-DESKTOP/Customer info page/Return to Cart - Link")): Object: 'Object Repository/OCS-DESKTOP/Customer info page/Return to Cart - Link' is clicked on

2019-06-07 11:43:22 - [MESSAGE][PASSED] - Object: 'Object Repository/OCS-DESKTOP/Customer info page/Return to Cart - Link' is clicked on

2019-06-07 11:43:22 - [TEST_STEP][PASSED] - delay(1): Delayed 1 second(s)

2019-06-07 11:43:23 - [MESSAGE][PASSED] - Delayed 1 second(s)

2019-06-07 11:43:23 - [TEST_STEP][PASSED] - delay(1): Delayed 1 second(s)

2019-06-07 11:43:24 - [MESSAGE][PASSED] - Delayed 1 second(s)

2019-06-07 11:43:24 - [TEST_STEP][PASSED] - a = getText(findTestObject("OCS-DESKTOP/Cart page/Unit price - product - price in cart page")): Text of object 'Object Repository/OCS-DESKTOP/Cart page/Unit price - product - price in cart page' is: '$61.50'

2019-06-07 11:43:24 - [MESSAGE][PASSED] - Text of object 'Object Repository/OCS-DESKTOP/Cart page/Unit price - product - price in cart page' is: '$61.50'

2019-06-07 11:43:24 - [TEST_STEP][PASSED] - comment(a): $61.50

2019-06-07 11:43:24 - [MESSAGE][INFO] - $61.50

2019-06-07 11:43:24 - [TEST_STEP][PASSED] - click(findTestObject("OCS-DESKTOP/Cart page/Quantity Input field")): Object: 'Object Repository/OCS-DESKTOP/Cart page/Quantity Input field' is clicked on

2019-06-07 11:43:24 - [MESSAGE][PASSED] - Object: 'Object Repository/OCS-DESKTOP/Cart page/Quantity Input field' is clicked on

2019-06-07 11:43:24 - [TEST_STEP][PASSED] - sendKeys(findTestObject("OCS-DESKTOP/Cart page/Quantity Input field"), Keys.chord(CLEAR)): Keys 'CLEAR + ' sent to object: 'Object Repository/OCS-DESKTOP/Cart page/Quantity Input field'

2019-06-07 11:43:24 - [MESSAGE][PASSED] - Keys 'CLEAR + ' sent to object: 'Object Repository/OCS-DESKTOP/Cart page/Quantity Input field'

2019-06-07 11:43:24 - [TEST_STEP][PASSED] - setText(findTestObject("OCS-DESKTOP/Cart page/Quantity Input field"), "10"): Text '10' is set on object 'Object Repository/OCS-DESKTOP/Cart page/Quantity Input field'

2019-06-07 11:43:25 - [MESSAGE][PASSED] - Text '10' is set on object 'Object Repository/OCS-DESKTOP/Cart page/Quantity Input field'

2019-06-07 11:43:25 - [TEST_STEP][PASSED] - delay(2): Delayed 2 second(s)

2019-06-07 11:43:27 - [MESSAGE][PASSED] - Delayed 2 second(s)

2019-06-07 11:43:27 - [TEST_STEP][PASSED] - sendKeys(findTestObject("OCS-DESKTOP/Cart page/Quantity Input field"), Keys.chord(CLEAR)): Keys 'CLEAR + ' sent to object: 'Object Repository/OCS-DESKTOP/Cart page/Quantity Input field'

2019-06-07 11:43:27 - [MESSAGE][PASSED] - Keys 'CLEAR + ' sent to object: 'Object Repository/OCS-DESKTOP/Cart page/Quantity Input field'

2019-06-07 11:43:27 - [TEST_STEP][NOT_RUN] - click(findTestObject("OCS-DESKTOP/Cart page/enter quantity")): NOT_RUN: click(findTestObject("OCS-DESKTOP/Cart page/enter quantity"))

2019-06-07 11:43:27 - [MESSAGE][NOT_RUN] - NOT_RUN: click(findTestObject("OCS-DESKTOP/Cart page/enter quantity"))

2019-06-07 11:43:27 - [TEST_STEP][PASSED] - delay(2): Delayed 2 second(s)

2019-06-07 11:43:29 - [MESSAGE][PASSED] - Delayed 2 second(s)

2019-06-07 11:43:29 - [TEST_STEP][PASSED] - setText(findTestObject("OCS-DESKTOP/Cart page/Quantity Input field"), "7"): Text '7' is set on object 'Object Repository/OCS-DESKTOP/Cart page/Quantity Input field'

2019-06-07 11:43:29 - [MESSAGE][PASSED] - Text '7' is set on object 'Object Repository/OCS-DESKTOP/Cart page/Quantity Input field'

2019-06-07 11:43:29 - [TEST_STEP][PASSED] - delay(2): Delayed 2 second(s)

2019-06-07 11:43:31 - [MESSAGE][PASSED] - Delayed 2 second(s)

2019-06-07 11:43:31 - [TEST_STEP][NOT_RUN] - click(findTestObject("OCS-DESKTOP/Cart page/Unit price - product")): NOT_RUN: click(findTestObject("OCS-DESKTOP/Cart page/Unit price - product"))

2019-06-07 11:43:31 - [MESSAGE][NOT_RUN] - NOT_RUN: click(findTestObject("OCS-DESKTOP/Cart page/Unit price - product"))

2019-06-07 11:43:31 - [TEST_STEP][PASSED] - delay(2): Delayed 2 second(s)

2019-06-07 11:43:33 - [MESSAGE][PASSED] - Delayed 2 second(s)

2019-06-07 11:43:33 - [TEST_STEP][PASSED] - click(findTestObject("OCS-DESKTOP/Cart page/Qty Decrease icon")): Object: 'Object Repository/OCS-DESKTOP/Cart page/Qty Decrease icon' is clicked on

2019-06-07 11:43:33 - [MESSAGE][PASSED] - Object: 'Object Repository/OCS-DESKTOP/Cart page/Qty Decrease icon' is clicked on

2019-06-07 11:43:33 - [TEST_STEP][PASSED] - delay(2): Delayed 2 second(s)

2019-06-07 11:43:35 - [MESSAGE][PASSED] - Delayed 2 second(s)

2019-06-07 11:43:35 - [TEST_STEP][PASSED] - click(findTestObject("OCS-DESKTOP/Cart page/Qty Decrease icon")): Object: 'Object Repository/OCS-DESKTOP/Cart page/Qty Decrease icon' is clicked on

2019-06-07 11:43:35 - [MESSAGE][PASSED] - Object: 'Object Repository/OCS-DESKTOP/Cart page/Qty Decrease icon' is clicked on

2019-06-07 11:43:35 - [TEST_STEP][PASSED] - delay(2): Delayed 2 second(s)

2019-06-07 11:43:37 - [MESSAGE][PASSED] - Delayed 2 second(s)

2019-06-07 11:43:37 - [TEST_STEP][PASSED] - click(findTestObject("OCS-DESKTOP/Cart page/Qty Decrease icon")): Object: 'Object Repository/OCS-DESKTOP/Cart page/Qty Decrease icon' is clicked on

2019-06-07 11:43:37 - [MESSAGE][PASSED] - Object: 'Object Repository/OCS-DESKTOP/Cart page/Qty Decrease icon' is clicked on

2019-06-07 11:43:37 - [TEST_STEP][PASSED] - delay(2): Delayed 2 second(s)

2019-06-07 11:43:39 - [MESSAGE][PASSED] - Delayed 2 second(s)

2019-06-07 11:43:39 - [TEST_STEP][PASSED] - b = getText(findTestObject("OCS-DESKTOP/Cart page/Unit price - product - price in cart page")): Text of object 'Object Repository/OCS-DESKTOP/Cart page/Unit price - product - price in cart page' is: '$10.25'

2019-06-07 11:43:39 - [MESSAGE][PASSED] - Text of object 'Object Repository/OCS-DESKTOP/Cart page/Unit price - product - price in cart page' is: '$10.25'

2019-06-07 11:43:39 - [TEST_STEP][PASSED] - comment(b): $10.25

2019-06-07 11:43:39 - [MESSAGE][INFO] - $10.25

2019-06-07 11:43:39 - [TEST_STEP][PASSED] - verifyNotEqual("a", "b"): Actual object 'a' and expected object 'b' are not equal

2019-06-07 11:43:39 - [MESSAGE][PASSED] - Actual object 'a' and expected object 'b' are not equal

2019-06-07 11:43:39 - [TEST_STEP][PASSED] - comment(" price changed . Quantity selector is working"):  price changed . Quantity selector is working

2019-06-07 11:43:39 - [MESSAGE][INFO] -  price changed . Quantity selector is working]]></system-out>
         <system-err><![CDATA[]]></system-err>
      </testcase>
      <testcase name="Test Cases/OCS - DESKTOP/OCS- CRITICAL PATH/cart page-increase qty" classname="Test Cases/OCS - DESKTOP/OCS- CRITICAL PATH/cart page-increase qty" status="PASSED">
         <system-out><![CDATA[2019-06-07 11:43:39 - [TEST_CASE][PASSED] - Test Cases/OCS - DESKTOP/OCS- CRITICAL PATH/cart page-increase qty: Test Cases/OCS - DESKTOP/OCS- CRITICAL PATH/cart page-increase qty

2019-06-07 11:43:40 - [TEST_STEP][PASSED] - callTestCase(findTestCase("OCS - DESKTOP/CALL- Age gate"), [:], STOP_ON_FAILURE): Call Test Case 'Test Cases/OCS - DESKTOP/CALL- Age gate' successfully

2019-06-07 11:43:40 - [TEST_CASE][PASSED] - Test Cases/OCS - DESKTOP/CALL- Age gate: Test Cases/OCS - DESKTOP/CALL- Age gate

2019-06-07 11:43:40 - [TEST_STEP][PASSED] - openBrowser(""): Browser is opened with url: ''

2019-06-07 11:43:40 - [MESSAGE][WARNING] - A browser is already opened. Closing browser and opening a new one

2019-06-07 11:43:40 - [MESSAGE][INFO] - Starting 'Firefox' driver

2019-06-07 11:43:42 - [MESSAGE][PASSED] - Browser is opened with url: ''

2019-06-07 11:43:42 - [TEST_STEP][PASSED] - navigateToUrl("https://ocs.ca/?fts=0&preview_theme_id=72920074060"): Navigate to 'https://ocs.ca/?fts=0&preview_theme_id=72920074060' successfully

2019-06-07 11:43:49 - [MESSAGE][PASSED] - Navigate to 'https://ocs.ca/?fts=0&preview_theme_id=72920074060' successfully

2019-06-07 11:43:49 - [TEST_STEP][PASSED] - maximizeWindow(): Current window maximized

2019-06-07 11:43:49 - [MESSAGE][PASSED] - Current window maximized

2019-06-07 11:43:49 - [TEST_STEP][PASSED] - delay(2): Delayed 2 second(s)

2019-06-07 11:43:51 - [MESSAGE][PASSED] - Delayed 2 second(s)

2019-06-07 11:43:51 - [TEST_STEP][PASSED] - executeJavaScript("var previewBar = document.getElementById("preview-bar-iframe"); previewBar.style.display = "none";", []): Execute JavaScript 'var previewBar = document.getElementById("preview-bar-iframe"); previewBar.style.display = "none";' successfully

2019-06-07 11:43:51 - [MESSAGE][PASSED] - Execute JavaScript 'var previewBar = document.getElementById("preview-bar-iframe"); previewBar.style.display = "none";' successfully

2019-06-07 11:43:51 - [TEST_STEP][PASSED] - selectOptionByValue(findTestObject("OCS-DESKTOP/Age gate and Mega menu/Date"), "12", true): All options with value '12' are selected in object 'Object Repository/OCS-DESKTOP/Age gate and Mega menu/Date'  using regular expression

2019-06-07 11:43:52 - [MESSAGE][PASSED] - All options with value '12' are selected in object 'Object Repository/OCS-DESKTOP/Age gate and Mega menu/Date'  using regular expression

2019-06-07 11:43:52 - [TEST_STEP][PASSED] - selectOptionByValue(findTestObject("OCS-DESKTOP/Age gate and Mega menu/month"), "6", true): All options with value '6' are selected in object 'Object Repository/OCS-DESKTOP/Age gate and Mega menu/month'  using regular expression

2019-06-07 11:43:52 - [MESSAGE][PASSED] - All options with value '6' are selected in object 'Object Repository/OCS-DESKTOP/Age gate and Mega menu/month'  using regular expression

2019-06-07 11:43:52 - [TEST_STEP][PASSED] - delay(2): Delayed 2 second(s)

2019-06-07 11:43:54 - [MESSAGE][PASSED] - Delayed 2 second(s)

2019-06-07 11:43:54 - [TEST_STEP][PASSED] - selectOptionByValue(findTestObject("OCS-DESKTOP/Age gate and Mega menu/Year Dropdown"), "1990", true): All options with value '1990' are selected in object 'Object Repository/OCS-DESKTOP/Age gate and Mega menu/Year Dropdown'  using regular expression

2019-06-07 11:43:56 - [MESSAGE][PASSED] - All options with value '1990' are selected in object 'Object Repository/OCS-DESKTOP/Age gate and Mega menu/Year Dropdown'  using regular expression

2019-06-07 11:43:56 - [TEST_STEP][PASSED] - click(findTestObject("OCS-DESKTOP/Age gate and Mega menu/button_Verify")): Object: 'Object Repository/OCS-DESKTOP/Age gate and Mega menu/button_Verify' is clicked on

2019-06-07 11:43:56 - [MESSAGE][PASSED] - Object: 'Object Repository/OCS-DESKTOP/Age gate and Mega menu/button_Verify' is clicked on

2019-06-07 11:43:56 - [TEST_STEP][PASSED] - click(findTestObject("OCS-DESKTOP/Age gate and Mega menu/Checkbox_CONFIRM AND ACKNOWLEDGE")): Object: 'Object Repository/OCS-DESKTOP/Age gate and Mega menu/Checkbox_CONFIRM AND ACKNOWLEDGE' is clicked on

2019-06-07 11:43:56 - [MESSAGE][PASSED] - Object: 'Object Repository/OCS-DESKTOP/Age gate and Mega menu/Checkbox_CONFIRM AND ACKNOWLEDGE' is clicked on

2019-06-07 11:43:56 - [TEST_STEP][PASSED] - click(findTestObject("OCS-DESKTOP/Age gate and Mega menu/button_CONFIRM")): Object: 'Object Repository/OCS-DESKTOP/Age gate and Mega menu/button_CONFIRM' is clicked on

2019-06-07 11:43:57 - [MESSAGE][PASSED] - Object: 'Object Repository/OCS-DESKTOP/Age gate and Mega menu/button_CONFIRM' is clicked on

2019-06-07 11:43:57 - [TEST_STEP][PASSED] - click(findTestObject("OCS-DESKTOP/Age gate and Mega menu/button_Start Browsing")): Object: 'Object Repository/OCS-DESKTOP/Age gate and Mega menu/button_Start Browsing' is clicked on

2019-06-07 11:43:57 - [MESSAGE][PASSED] - Object: 'Object Repository/OCS-DESKTOP/Age gate and Mega menu/button_Start Browsing' is clicked on

2019-06-07 11:43:57 - [TEST_STEP][PASSED] - delay(2): Delayed 2 second(s)

2019-06-07 11:43:59 - [MESSAGE][PASSED] - Delayed 2 second(s)

2019-06-07 11:43:59 - [TEST_STEP][PASSED] - refresh(): Refresh successfully

2019-06-07 11:44:03 - [MESSAGE][PASSED] - Refresh successfully

2019-06-07 11:44:03 - [MESSAGE][PASSED] - Call Test Case 'Test Cases/OCS - DESKTOP/CALL- Age gate' successfully

2019-06-07 11:44:03 - [TEST_STEP][PASSED] - delay(2): Delayed 2 second(s)

2019-06-07 11:44:05 - [MESSAGE][PASSED] - Delayed 2 second(s)

2019-06-07 11:44:05 - [TEST_STEP][PASSED] - click(findTestObject("OCS-DESKTOP/Age gate and Mega menu/Header/CANNABIS menu - English")): Object: 'Object Repository/OCS-DESKTOP/Age gate and Mega menu/Header/CANNABIS menu - English' is clicked on

2019-06-07 11:44:05 - [MESSAGE][PASSED] - Object: 'Object Repository/OCS-DESKTOP/Age gate and Mega menu/Header/CANNABIS menu - English' is clicked on

2019-06-07 11:44:05 - [TEST_STEP][PASSED] - delay(2): Delayed 2 second(s)

2019-06-07 11:44:07 - [MESSAGE][PASSED] - Delayed 2 second(s)

2019-06-07 11:44:07 - [TEST_STEP][PASSED] - executeJavaScript("var previewBar = document.getElementById("preview-bar-iframe"); previewBar.style.display = "none";", []): Execute JavaScript 'var previewBar = document.getElementById("preview-bar-iframe"); previewBar.style.display = "none";' successfully

2019-06-07 11:44:07 - [MESSAGE][PASSED] - Execute JavaScript 'var previewBar = document.getElementById("preview-bar-iframe"); previewBar.style.display = "none";' successfully

2019-06-07 11:44:07 - [TEST_STEP][PASSED] - click(findTestObject("OCS-DESKTOP/Age gate and Mega menu/Indica Dominant_Menu item")): Object: 'Object Repository/OCS-DESKTOP/Age gate and Mega menu/Indica Dominant_Menu item' is clicked on

2019-06-07 11:44:10 - [MESSAGE][PASSED] - Object: 'Object Repository/OCS-DESKTOP/Age gate and Mega menu/Indica Dominant_Menu item' is clicked on

2019-06-07 11:44:10 - [TEST_STEP][PASSED] - delay(2): Delayed 2 second(s)

2019-06-07 11:44:12 - [MESSAGE][PASSED] - Delayed 2 second(s)

2019-06-07 11:44:12 - [TEST_STEP][PASSED] - executeJavaScript("var previewBar = document.getElementById("preview-bar-iframe"); previewBar.style.display = "none";", []): Execute JavaScript 'var previewBar = document.getElementById("preview-bar-iframe"); previewBar.style.display = "none";' successfully

2019-06-07 11:44:12 - [MESSAGE][PASSED] - Execute JavaScript 'var previewBar = document.getElementById("preview-bar-iframe"); previewBar.style.display = "none";' successfully

2019-06-07 11:44:12 - [TEST_STEP][PASSED] - click(findTestObject("OCS-DESKTOP/Collection page/Product image - 1st one")): Object: 'Object Repository/OCS-DESKTOP/Collection page/Product image - 1st one' is clicked on

2019-06-07 11:44:14 - [MESSAGE][PASSED] - Object: 'Object Repository/OCS-DESKTOP/Collection page/Product image - 1st one' is clicked on

2019-06-07 11:44:14 - [TEST_STEP][PASSED] - executeJavaScript("var previewBar = document.getElementById("preview-bar-iframe"); previewBar.style.display = "none";", []): Execute JavaScript 'var previewBar = document.getElementById("preview-bar-iframe"); previewBar.style.display = "none";' successfully

2019-06-07 11:44:14 - [MESSAGE][PASSED] - Execute JavaScript 'var previewBar = document.getElementById("preview-bar-iframe"); previewBar.style.display = "none";' successfully

2019-06-07 11:44:14 - [TEST_STEP][NOT_RUN] - scrollToElement(findTestObject("OCS-DESKTOP/Product page/Product image"), 1): NOT_RUN: scrollToElement(findTestObject("OCS-DESKTOP/Product page/Product image"), 1)

2019-06-07 11:44:14 - [MESSAGE][NOT_RUN] - NOT_RUN: scrollToElement(findTestObject("OCS-DESKTOP/Product page/Product image"), 1)

2019-06-07 11:44:14 - [TEST_STEP][PASSED] - delay(2): Delayed 2 second(s)

2019-06-07 11:44:16 - [MESSAGE][PASSED] - Delayed 2 second(s)

2019-06-07 11:44:16 - [TEST_STEP][PASSED] - click(findTestObject("OCS-DESKTOP/Product page/Swatch_1g")): Object: 'Object Repository/OCS-DESKTOP/Product page/Swatch_1g' is clicked on

2019-06-07 11:44:16 - [MESSAGE][PASSED] - Object: 'Object Repository/OCS-DESKTOP/Product page/Swatch_1g' is clicked on

2019-06-07 11:44:16 - [TEST_STEP][PASSED] - delay(2): Delayed 2 second(s)

2019-06-07 11:44:18 - [MESSAGE][PASSED] - Delayed 2 second(s)

2019-06-07 11:44:18 - [TEST_STEP][PASSED] - click(findTestObject("OCS-DESKTOP/Product page/Add to Bag-button")): Object: 'Object Repository/OCS-DESKTOP/Product page/Add to Bag-button' is clicked on

2019-06-07 11:44:19 - [MESSAGE][PASSED] - Object: 'Object Repository/OCS-DESKTOP/Product page/Add to Bag-button' is clicked on

2019-06-07 11:44:19 - [TEST_STEP][PASSED] - delay(1): Delayed 1 second(s)

2019-06-07 11:44:20 - [MESSAGE][PASSED] - Delayed 1 second(s)

2019-06-07 11:44:20 - [TEST_STEP][NOT_RUN] - click(findTestObject("OCS-DESKTOP/Home - page/Cart icon -bag")): NOT_RUN: click(findTestObject("OCS-DESKTOP/Home - page/Cart icon -bag"))

2019-06-07 11:44:20 - [MESSAGE][NOT_RUN] - NOT_RUN: click(findTestObject("OCS-DESKTOP/Home - page/Cart icon -bag"))

2019-06-07 11:44:20 - [TEST_STEP][PASSED] - delay(1): Delayed 1 second(s)

2019-06-07 11:44:21 - [MESSAGE][PASSED] - Delayed 1 second(s)

2019-06-07 11:44:21 - [TEST_STEP][PASSED] - click(findTestObject("OCS-DESKTOP/Cart flyout/Checkbox_I confirm that")): Object: 'Object Repository/OCS-DESKTOP/Cart flyout/Checkbox_I confirm that' is clicked on

2019-06-07 11:44:21 - [MESSAGE][PASSED] - Object: 'Object Repository/OCS-DESKTOP/Cart flyout/Checkbox_I confirm that' is clicked on

2019-06-07 11:44:21 - [TEST_STEP][PASSED] - click(findTestObject("OCS-DESKTOP/Cart flyout/Checkbox_Accept the Terms Condition")): Object: 'Object Repository/OCS-DESKTOP/Cart flyout/Checkbox_Accept the Terms Condition' is clicked on

2019-06-07 11:44:21 - [MESSAGE][PASSED] - Object: 'Object Repository/OCS-DESKTOP/Cart flyout/Checkbox_Accept the Terms Condition' is clicked on

2019-06-07 11:44:21 - [TEST_STEP][PASSED] - delay(1): Delayed 1 second(s)

2019-06-07 11:44:22 - [MESSAGE][PASSED] - Delayed 1 second(s)

2019-06-07 11:44:22 - [TEST_STEP][PASSED] - click(findTestObject("OCS-DESKTOP/Cart flyout/Checkout - Button")): Object: 'Object Repository/OCS-DESKTOP/Cart flyout/Checkout - Button' is clicked on

2019-06-07 11:44:29 - [MESSAGE][PASSED] - Object: 'Object Repository/OCS-DESKTOP/Cart flyout/Checkout - Button' is clicked on

2019-06-07 11:44:29 - [TEST_STEP][PASSED] - delay(2): Delayed 2 second(s)

2019-06-07 11:44:31 - [MESSAGE][PASSED] - Delayed 2 second(s)

2019-06-07 11:44:31 - [TEST_STEP][PASSED] - scrollToElement(findTestObject("OCS-DESKTOP/Customer info page/Return to Cart - Link"), 1): Scroll to object 'Object Repository/OCS-DESKTOP/Customer info page/Return to Cart - Link' successfully

2019-06-07 11:44:31 - [MESSAGE][PASSED] - Scroll to object 'Object Repository/OCS-DESKTOP/Customer info page/Return to Cart - Link' successfully

2019-06-07 11:44:31 - [TEST_STEP][PASSED] - executeJavaScript("var previewBar = document.getElementById("preview-bar-iframe"); previewBar.style.display = "none";", []): Execute JavaScript 'var previewBar = document.getElementById("preview-bar-iframe"); previewBar.style.display = "none";' successfully

2019-06-07 11:44:31 - [MESSAGE][PASSED] - Execute JavaScript 'var previewBar = document.getElementById("preview-bar-iframe"); previewBar.style.display = "none";' successfully

2019-06-07 11:44:31 - [TEST_STEP][PASSED] - delay(1): Delayed 1 second(s)

2019-06-07 11:44:32 - [MESSAGE][PASSED] - Delayed 1 second(s)

2019-06-07 11:44:32 - [TEST_STEP][PASSED] - click(findTestObject("OCS-DESKTOP/Customer info page/Return to Cart - Link")): Object: 'Object Repository/OCS-DESKTOP/Customer info page/Return to Cart - Link' is clicked on

2019-06-07 11:44:34 - [MESSAGE][PASSED] - Object: 'Object Repository/OCS-DESKTOP/Customer info page/Return to Cart - Link' is clicked on

2019-06-07 11:44:34 - [TEST_STEP][PASSED] - delay(1): Delayed 1 second(s)

2019-06-07 11:44:35 - [MESSAGE][PASSED] - Delayed 1 second(s)

2019-06-07 11:44:35 - [TEST_STEP][PASSED] - a = getText(findTestObject("OCS-DESKTOP/Cart page/Unit price - product - price in cart page")): Text of object 'Object Repository/OCS-DESKTOP/Cart page/Unit price - product - price in cart page' is: '$10.25'

2019-06-07 11:44:35 - [MESSAGE][PASSED] - Text of object 'Object Repository/OCS-DESKTOP/Cart page/Unit price - product - price in cart page' is: '$10.25'

2019-06-07 11:44:35 - [TEST_STEP][PASSED] - comment(a): $10.25

2019-06-07 11:44:35 - [MESSAGE][INFO] - $10.25

2019-06-07 11:44:35 - [TEST_STEP][PASSED] - click(findTestObject("OCS-DESKTOP/Cart page/Quantity Input field")): Object: 'Object Repository/OCS-DESKTOP/Cart page/Quantity Input field' is clicked on

2019-06-07 11:44:35 - [MESSAGE][PASSED] - Object: 'Object Repository/OCS-DESKTOP/Cart page/Quantity Input field' is clicked on

2019-06-07 11:44:35 - [TEST_STEP][PASSED] - sendKeys(findTestObject("OCS-DESKTOP/Cart page/Quantity Input field"), Keys.chord(CLEAR)): Keys 'CLEAR + ' sent to object: 'Object Repository/OCS-DESKTOP/Cart page/Quantity Input field'

2019-06-07 11:44:35 - [MESSAGE][PASSED] - Keys 'CLEAR + ' sent to object: 'Object Repository/OCS-DESKTOP/Cart page/Quantity Input field'

2019-06-07 11:44:35 - [TEST_STEP][PASSED] - setText(findTestObject("OCS-DESKTOP/Cart page/Quantity Input field"), "5"): Text '5' is set on object 'Object Repository/OCS-DESKTOP/Cart page/Quantity Input field'

2019-06-07 11:44:35 - [MESSAGE][PASSED] - Text '5' is set on object 'Object Repository/OCS-DESKTOP/Cart page/Quantity Input field'

2019-06-07 11:44:35 - [TEST_STEP][PASSED] - delay(2): Delayed 2 second(s)

2019-06-07 11:44:37 - [MESSAGE][PASSED] - Delayed 2 second(s)

2019-06-07 11:44:37 - [TEST_STEP][PASSED] - sendKeys(findTestObject("OCS-DESKTOP/Cart page/Quantity Input field"), Keys.chord(CLEAR)): Keys 'CLEAR + ' sent to object: 'Object Repository/OCS-DESKTOP/Cart page/Quantity Input field'

2019-06-07 11:44:37 - [MESSAGE][PASSED] - Keys 'CLEAR + ' sent to object: 'Object Repository/OCS-DESKTOP/Cart page/Quantity Input field'

2019-06-07 11:44:37 - [TEST_STEP][PASSED] - setText(findTestObject("OCS-DESKTOP/Cart page/Quantity Input field"), "7"): Text '7' is set on object 'Object Repository/OCS-DESKTOP/Cart page/Quantity Input field'

2019-06-07 11:44:37 - [MESSAGE][PASSED] - Text '7' is set on object 'Object Repository/OCS-DESKTOP/Cart page/Quantity Input field'

2019-06-07 11:44:37 - [TEST_STEP][PASSED] - delay(2): Delayed 2 second(s)

2019-06-07 11:44:39 - [MESSAGE][PASSED] - Delayed 2 second(s)

2019-06-07 11:44:39 - [TEST_STEP][PASSED] - click(findTestObject("OCS-DESKTOP/Cart page/Qty Increase icon")): Object: 'Object Repository/OCS-DESKTOP/Cart page/Qty Increase icon' is clicked on

2019-06-07 11:44:40 - [MESSAGE][PASSED] - Object: 'Object Repository/OCS-DESKTOP/Cart page/Qty Increase icon' is clicked on

2019-06-07 11:44:40 - [TEST_STEP][PASSED] - delay(2): Delayed 2 second(s)

2019-06-07 11:44:42 - [MESSAGE][PASSED] - Delayed 2 second(s)

2019-06-07 11:44:42 - [TEST_STEP][PASSED] - click(findTestObject("OCS-DESKTOP/Cart page/Qty Increase icon")): Object: 'Object Repository/OCS-DESKTOP/Cart page/Qty Increase icon' is clicked on

2019-06-07 11:44:42 - [MESSAGE][PASSED] - Object: 'Object Repository/OCS-DESKTOP/Cart page/Qty Increase icon' is clicked on

2019-06-07 11:44:42 - [TEST_STEP][PASSED] - delay(2): Delayed 2 second(s)

2019-06-07 11:44:44 - [MESSAGE][PASSED] - Delayed 2 second(s)

2019-06-07 11:44:44 - [TEST_STEP][PASSED] - click(findTestObject("OCS-DESKTOP/Cart page/Qty Increase icon")): Object: 'Object Repository/OCS-DESKTOP/Cart page/Qty Increase icon' is clicked on

2019-06-07 11:44:44 - [MESSAGE][PASSED] - Object: 'Object Repository/OCS-DESKTOP/Cart page/Qty Increase icon' is clicked on

2019-06-07 11:44:44 - [TEST_STEP][PASSED] - delay(2): Delayed 2 second(s)

2019-06-07 11:44:46 - [MESSAGE][PASSED] - Delayed 2 second(s)

2019-06-07 11:44:46 - [TEST_STEP][PASSED] - b = getText(findTestObject("OCS-DESKTOP/Cart page/Unit price - product - price in cart page")): Text of object 'Object Repository/OCS-DESKTOP/Cart page/Unit price - product - price in cart page' is: '$41.00'

2019-06-07 11:44:46 - [MESSAGE][PASSED] - Text of object 'Object Repository/OCS-DESKTOP/Cart page/Unit price - product - price in cart page' is: '$41.00'

2019-06-07 11:44:46 - [TEST_STEP][PASSED] - comment(b): $41.00

2019-06-07 11:44:46 - [MESSAGE][INFO] - $41.00

2019-06-07 11:44:46 - [TEST_STEP][PASSED] - verifyNotEqual("a", "b"): Actual object 'a' and expected object 'b' are not equal

2019-06-07 11:44:46 - [MESSAGE][PASSED] - Actual object 'a' and expected object 'b' are not equal

2019-06-07 11:44:46 - [TEST_STEP][PASSED] - comment(" price changed . Quantity selector is working"):  price changed . Quantity selector is working

2019-06-07 11:44:46 - [MESSAGE][INFO] -  price changed . Quantity selector is working]]></system-out>
         <system-err><![CDATA[]]></system-err>
      </testcase>
      <testcase name="Test Cases/OCS - DESKTOP/OCS- CRITICAL PATH/Checkout - customer information page" classname="Test Cases/OCS - DESKTOP/OCS- CRITICAL PATH/Checkout - customer information page" status="PASSED">
         <system-out><![CDATA[2019-06-07 11:44:46 - [TEST_CASE][PASSED] - Test Cases/OCS - DESKTOP/OCS- CRITICAL PATH/Checkout - customer information page: Test Cases/OCS - DESKTOP/OCS- CRITICAL PATH/Checkout - customer information page

2019-06-07 11:44:46 - [TEST_STEP][PASSED] - callTestCase(findTestCase("OCS - DESKTOP/CALL- Age gate"), [:], STOP_ON_FAILURE): Call Test Case 'Test Cases/OCS - DESKTOP/CALL- Age gate' successfully

2019-06-07 11:44:46 - [TEST_CASE][PASSED] - Test Cases/OCS - DESKTOP/CALL- Age gate: Test Cases/OCS - DESKTOP/CALL- Age gate

2019-06-07 11:44:46 - [TEST_STEP][PASSED] - openBrowser(""): Browser is opened with url: ''

2019-06-07 11:44:46 - [MESSAGE][WARNING] - A browser is already opened. Closing browser and opening a new one

2019-06-07 11:44:47 - [MESSAGE][INFO] - Starting 'Firefox' driver

2019-06-07 11:44:49 - [MESSAGE][PASSED] - Browser is opened with url: ''

2019-06-07 11:44:49 - [TEST_STEP][PASSED] - navigateToUrl("https://ocs.ca/?fts=0&preview_theme_id=72920074060"): Navigate to 'https://ocs.ca/?fts=0&preview_theme_id=72920074060' successfully

2019-06-07 11:44:55 - [MESSAGE][PASSED] - Navigate to 'https://ocs.ca/?fts=0&preview_theme_id=72920074060' successfully

2019-06-07 11:44:55 - [TEST_STEP][PASSED] - maximizeWindow(): Current window maximized

2019-06-07 11:44:55 - [MESSAGE][PASSED] - Current window maximized

2019-06-07 11:44:55 - [TEST_STEP][PASSED] - delay(2): Delayed 2 second(s)

2019-06-07 11:44:57 - [MESSAGE][PASSED] - Delayed 2 second(s)

2019-06-07 11:44:57 - [TEST_STEP][PASSED] - executeJavaScript("var previewBar = document.getElementById("preview-bar-iframe"); previewBar.style.display = "none";", []): Execute JavaScript 'var previewBar = document.getElementById("preview-bar-iframe"); previewBar.style.display = "none";' successfully

2019-06-07 11:44:57 - [MESSAGE][PASSED] - Execute JavaScript 'var previewBar = document.getElementById("preview-bar-iframe"); previewBar.style.display = "none";' successfully

2019-06-07 11:44:57 - [TEST_STEP][PASSED] - selectOptionByValue(findTestObject("OCS-DESKTOP/Age gate and Mega menu/Date"), "12", true): All options with value '12' are selected in object 'Object Repository/OCS-DESKTOP/Age gate and Mega menu/Date'  using regular expression

2019-06-07 11:44:58 - [MESSAGE][PASSED] - All options with value '12' are selected in object 'Object Repository/OCS-DESKTOP/Age gate and Mega menu/Date'  using regular expression

2019-06-07 11:44:58 - [TEST_STEP][PASSED] - selectOptionByValue(findTestObject("OCS-DESKTOP/Age gate and Mega menu/month"), "6", true): All options with value '6' are selected in object 'Object Repository/OCS-DESKTOP/Age gate and Mega menu/month'  using regular expression

2019-06-07 11:44:58 - [MESSAGE][PASSED] - All options with value '6' are selected in object 'Object Repository/OCS-DESKTOP/Age gate and Mega menu/month'  using regular expression

2019-06-07 11:44:58 - [TEST_STEP][PASSED] - delay(2): Delayed 2 second(s)

2019-06-07 11:45:00 - [MESSAGE][PASSED] - Delayed 2 second(s)

2019-06-07 11:45:00 - [TEST_STEP][PASSED] - selectOptionByValue(findTestObject("OCS-DESKTOP/Age gate and Mega menu/Year Dropdown"), "1990", true): All options with value '1990' are selected in object 'Object Repository/OCS-DESKTOP/Age gate and Mega menu/Year Dropdown'  using regular expression

2019-06-07 11:45:02 - [MESSAGE][PASSED] - All options with value '1990' are selected in object 'Object Repository/OCS-DESKTOP/Age gate and Mega menu/Year Dropdown'  using regular expression

2019-06-07 11:45:02 - [TEST_STEP][PASSED] - click(findTestObject("OCS-DESKTOP/Age gate and Mega menu/button_Verify")): Object: 'Object Repository/OCS-DESKTOP/Age gate and Mega menu/button_Verify' is clicked on

2019-06-07 11:45:02 - [MESSAGE][PASSED] - Object: 'Object Repository/OCS-DESKTOP/Age gate and Mega menu/button_Verify' is clicked on

2019-06-07 11:45:02 - [TEST_STEP][PASSED] - click(findTestObject("OCS-DESKTOP/Age gate and Mega menu/Checkbox_CONFIRM AND ACKNOWLEDGE")): Object: 'Object Repository/OCS-DESKTOP/Age gate and Mega menu/Checkbox_CONFIRM AND ACKNOWLEDGE' is clicked on

2019-06-07 11:45:02 - [MESSAGE][PASSED] - Object: 'Object Repository/OCS-DESKTOP/Age gate and Mega menu/Checkbox_CONFIRM AND ACKNOWLEDGE' is clicked on

2019-06-07 11:45:02 - [TEST_STEP][PASSED] - click(findTestObject("OCS-DESKTOP/Age gate and Mega menu/button_CONFIRM")): Object: 'Object Repository/OCS-DESKTOP/Age gate and Mega menu/button_CONFIRM' is clicked on

2019-06-07 11:45:02 - [MESSAGE][PASSED] - Object: 'Object Repository/OCS-DESKTOP/Age gate and Mega menu/button_CONFIRM' is clicked on

2019-06-07 11:45:02 - [TEST_STEP][PASSED] - click(findTestObject("OCS-DESKTOP/Age gate and Mega menu/button_Start Browsing")): Object: 'Object Repository/OCS-DESKTOP/Age gate and Mega menu/button_Start Browsing' is clicked on

2019-06-07 11:45:03 - [MESSAGE][PASSED] - Object: 'Object Repository/OCS-DESKTOP/Age gate and Mega menu/button_Start Browsing' is clicked on

2019-06-07 11:45:03 - [TEST_STEP][PASSED] - delay(2): Delayed 2 second(s)

2019-06-07 11:45:05 - [MESSAGE][PASSED] - Delayed 2 second(s)

2019-06-07 11:45:05 - [TEST_STEP][PASSED] - refresh(): Refresh successfully

2019-06-07 11:45:07 - [MESSAGE][PASSED] - Refresh successfully

2019-06-07 11:45:07 - [MESSAGE][PASSED] - Call Test Case 'Test Cases/OCS - DESKTOP/CALL- Age gate' successfully

2019-06-07 11:45:07 - [TEST_STEP][PASSED] - delay(2): Delayed 2 second(s)

2019-06-07 11:45:09 - [MESSAGE][PASSED] - Delayed 2 second(s)

2019-06-07 11:45:09 - [TEST_STEP][PASSED] - click(findTestObject("OCS-DESKTOP/Age gate and Mega menu/Header/CANNABIS menu - English")): Object: 'Object Repository/OCS-DESKTOP/Age gate and Mega menu/Header/CANNABIS menu - English' is clicked on

2019-06-07 11:45:10 - [MESSAGE][PASSED] - Object: 'Object Repository/OCS-DESKTOP/Age gate and Mega menu/Header/CANNABIS menu - English' is clicked on

2019-06-07 11:45:10 - [TEST_STEP][PASSED] - delay(2): Delayed 2 second(s)

2019-06-07 11:45:12 - [MESSAGE][PASSED] - Delayed 2 second(s)

2019-06-07 11:45:12 - [TEST_STEP][PASSED] - executeJavaScript("var previewBar = document.getElementById("preview-bar-iframe"); previewBar.style.display = "none";", []): Execute JavaScript 'var previewBar = document.getElementById("preview-bar-iframe"); previewBar.style.display = "none";' successfully

2019-06-07 11:45:12 - [MESSAGE][PASSED] - Execute JavaScript 'var previewBar = document.getElementById("preview-bar-iframe"); previewBar.style.display = "none";' successfully

2019-06-07 11:45:12 - [TEST_STEP][PASSED] - click(findTestObject("OCS-DESKTOP/Age gate and Mega menu/Indica Dominant_Menu item")): Object: 'Object Repository/OCS-DESKTOP/Age gate and Mega menu/Indica Dominant_Menu item' is clicked on

2019-06-07 11:45:15 - [MESSAGE][PASSED] - Object: 'Object Repository/OCS-DESKTOP/Age gate and Mega menu/Indica Dominant_Menu item' is clicked on

2019-06-07 11:45:15 - [TEST_STEP][PASSED] - executeJavaScript("var previewBar = document.getElementById("preview-bar-iframe"); previewBar.style.display = "none";", []): Execute JavaScript 'var previewBar = document.getElementById("preview-bar-iframe"); previewBar.style.display = "none";' successfully

2019-06-07 11:45:15 - [MESSAGE][PASSED] - Execute JavaScript 'var previewBar = document.getElementById("preview-bar-iframe"); previewBar.style.display = "none";' successfully

2019-06-07 11:45:15 - [TEST_STEP][PASSED] - delay(2): Delayed 2 second(s)

2019-06-07 11:45:17 - [MESSAGE][PASSED] - Delayed 2 second(s)

2019-06-07 11:45:17 - [TEST_STEP][PASSED] - click(findTestObject("OCS-DESKTOP/Collection page/Product image - 1st one")): Object: 'Object Repository/OCS-DESKTOP/Collection page/Product image - 1st one' is clicked on

2019-06-07 11:45:20 - [MESSAGE][PASSED] - Object: 'Object Repository/OCS-DESKTOP/Collection page/Product image - 1st one' is clicked on

2019-06-07 11:45:20 - [TEST_STEP][PASSED] - executeJavaScript("var previewBar = document.getElementById("preview-bar-iframe"); previewBar.style.display = "none";", []): Execute JavaScript 'var previewBar = document.getElementById("preview-bar-iframe"); previewBar.style.display = "none";' successfully

2019-06-07 11:45:20 - [MESSAGE][PASSED] - Execute JavaScript 'var previewBar = document.getElementById("preview-bar-iframe"); previewBar.style.display = "none";' successfully

2019-06-07 11:45:20 - [TEST_STEP][PASSED] - delay(1): Delayed 1 second(s)

2019-06-07 11:45:21 - [MESSAGE][PASSED] - Delayed 1 second(s)

2019-06-07 11:45:21 - [TEST_STEP][PASSED] - delay(3): Delayed 3 second(s)

2019-06-07 11:45:24 - [MESSAGE][PASSED] - Delayed 3 second(s)

2019-06-07 11:45:24 - [TEST_STEP][NOT_RUN] - scrollToElement(findTestObject("OCS-DESKTOP/Product page/Product image"), 1): NOT_RUN: scrollToElement(findTestObject("OCS-DESKTOP/Product page/Product image"), 1)

2019-06-07 11:45:24 - [MESSAGE][NOT_RUN] - NOT_RUN: scrollToElement(findTestObject("OCS-DESKTOP/Product page/Product image"), 1)

2019-06-07 11:45:24 - [TEST_STEP][PASSED] - click(findTestObject("OCS-DESKTOP/Product page/Swatch_1g")): Object: 'Object Repository/OCS-DESKTOP/Product page/Swatch_1g' is clicked on

2019-06-07 11:45:24 - [MESSAGE][PASSED] - Object: 'Object Repository/OCS-DESKTOP/Product page/Swatch_1g' is clicked on

2019-06-07 11:45:24 - [TEST_STEP][PASSED] - delay(2): Delayed 2 second(s)

2019-06-07 11:45:26 - [MESSAGE][PASSED] - Delayed 2 second(s)

2019-06-07 11:45:26 - [TEST_STEP][PASSED] - click(findTestObject("OCS-DESKTOP/Product page/Add to Bag-button")): Object: 'Object Repository/OCS-DESKTOP/Product page/Add to Bag-button' is clicked on

2019-06-07 11:45:26 - [MESSAGE][PASSED] - Object: 'Object Repository/OCS-DESKTOP/Product page/Add to Bag-button' is clicked on

2019-06-07 11:45:26 - [TEST_STEP][PASSED] - delay(1): Delayed 1 second(s)

2019-06-07 11:45:27 - [MESSAGE][PASSED] - Delayed 1 second(s)

2019-06-07 11:45:27 - [TEST_STEP][NOT_RUN] - click(findTestObject("OCS-DESKTOP/Home - page/Cart icon -bag")): NOT_RUN: click(findTestObject("OCS-DESKTOP/Home - page/Cart icon -bag"))

2019-06-07 11:45:27 - [MESSAGE][NOT_RUN] - NOT_RUN: click(findTestObject("OCS-DESKTOP/Home - page/Cart icon -bag"))

2019-06-07 11:45:27 - [TEST_STEP][PASSED] - delay(1): Delayed 1 second(s)

2019-06-07 11:45:28 - [MESSAGE][PASSED] - Delayed 1 second(s)

2019-06-07 11:45:28 - [TEST_STEP][PASSED] - click(findTestObject("OCS-DESKTOP/Cart flyout/Checkbox_I confirm that")): Object: 'Object Repository/OCS-DESKTOP/Cart flyout/Checkbox_I confirm that' is clicked on

2019-06-07 11:45:28 - [MESSAGE][PASSED] - Object: 'Object Repository/OCS-DESKTOP/Cart flyout/Checkbox_I confirm that' is clicked on

2019-06-07 11:45:28 - [TEST_STEP][PASSED] - delay(1): Delayed 1 second(s)

2019-06-07 11:45:29 - [MESSAGE][PASSED] - Delayed 1 second(s)

2019-06-07 11:45:29 - [TEST_STEP][PASSED] - click(findTestObject("OCS-DESKTOP/Cart flyout/Checkbox_Accept the Terms Condition")): Object: 'Object Repository/OCS-DESKTOP/Cart flyout/Checkbox_Accept the Terms Condition' is clicked on

2019-06-07 11:45:30 - [MESSAGE][PASSED] - Object: 'Object Repository/OCS-DESKTOP/Cart flyout/Checkbox_Accept the Terms Condition' is clicked on

2019-06-07 11:45:30 - [TEST_STEP][PASSED] - delay(1): Delayed 1 second(s)

2019-06-07 11:45:31 - [MESSAGE][PASSED] - Delayed 1 second(s)

2019-06-07 11:45:31 - [TEST_STEP][PASSED] - click(findTestObject("OCS-DESKTOP/Cart flyout/Checkout - Button")): Object: 'Object Repository/OCS-DESKTOP/Cart flyout/Checkout - Button' is clicked on

2019-06-07 11:45:38 - [MESSAGE][PASSED] - Object: 'Object Repository/OCS-DESKTOP/Cart flyout/Checkout - Button' is clicked on

2019-06-07 11:45:38 - [TEST_STEP][PASSED] - executeJavaScript("var previewBar = document.getElementById("preview-bar-iframe"); previewBar.style.display = "none";", []): Execute JavaScript 'var previewBar = document.getElementById("preview-bar-iframe"); previewBar.style.display = "none";' successfully

2019-06-07 11:45:38 - [MESSAGE][PASSED] - Execute JavaScript 'var previewBar = document.getElementById("preview-bar-iframe"); previewBar.style.display = "none";' successfully

2019-06-07 11:45:38 - [TEST_STEP][PASSED] - delay(1): Delayed 1 second(s)

2019-06-07 11:45:39 - [MESSAGE][PASSED] - Delayed 1 second(s)

2019-06-07 11:45:39 - [TEST_STEP][PASSED] - delay(2): Delayed 2 second(s)

2019-06-07 11:45:41 - [MESSAGE][PASSED] - Delayed 2 second(s)

2019-06-07 11:45:41 - [TEST_STEP][PASSED] - scrollToElement(findTestObject("OCS-DESKTOP/Customer info page/input_Email"), 0): Scroll to object 'Object Repository/OCS-DESKTOP/Customer info page/input_Email' successfully

2019-06-07 11:45:41 - [MESSAGE][WARNING] - Timeout '0' is invalid. Using default page load timeout: '30'

2019-06-07 11:45:42 - [MESSAGE][PASSED] - Scroll to object 'Object Repository/OCS-DESKTOP/Customer info page/input_Email' successfully

2019-06-07 11:45:42 - [TEST_STEP][PASSED] - setText(findTestObject("OCS-DESKTOP/Customer info page/input_Email"), "suman.kompelly@diffagency.com"): Text 'suman.kompelly@diffagency.com' is set on object 'Object Repository/OCS-DESKTOP/Customer info page/input_Email'

2019-06-07 11:45:42 - [MESSAGE][PASSED] - Text 'suman.kompelly@diffagency.com' is set on object 'Object Repository/OCS-DESKTOP/Customer info page/input_Email'

2019-06-07 11:45:42 - [TEST_STEP][PASSED] - setText(findTestObject("OCS-DESKTOP/Customer info page/input_First name"), "suman"): Text 'suman' is set on object 'Object Repository/OCS-DESKTOP/Customer info page/input_First name'

2019-06-07 11:45:42 - [MESSAGE][PASSED] - Text 'suman' is set on object 'Object Repository/OCS-DESKTOP/Customer info page/input_First name'

2019-06-07 11:45:42 - [TEST_STEP][PASSED] - setText(findTestObject("OCS-DESKTOP/Customer info page/input_Last name"), "kompelly"): Text 'kompelly' is set on object 'Object Repository/OCS-DESKTOP/Customer info page/input_Last name'

2019-06-07 11:45:42 - [MESSAGE][PASSED] - Text 'kompelly' is set on object 'Object Repository/OCS-DESKTOP/Customer info page/input_Last name'

2019-06-07 11:45:42 - [TEST_STEP][PASSED] - setText(findTestObject("OCS-DESKTOP/Customer info page/input_Address"), "300 saint alxendre"): Text '300 saint alxendre' is set on object 'Object Repository/OCS-DESKTOP/Customer info page/input_Address'

2019-06-07 11:45:42 - [MESSAGE][PASSED] - Text '300 saint alxendre' is set on object 'Object Repository/OCS-DESKTOP/Customer info page/input_Address'

2019-06-07 11:45:42 - [TEST_STEP][PASSED] - setText(findTestObject("OCS-DESKTOP/Customer info page/input_Apartment suite etc. (op"), "199"): Text '199' is set on object 'Object Repository/OCS-DESKTOP/Customer info page/input_Apartment suite etc. (op'

2019-06-07 11:45:42 - [MESSAGE][PASSED] - Text '199' is set on object 'Object Repository/OCS-DESKTOP/Customer info page/input_Apartment suite etc. (op'

2019-06-07 11:45:42 - [TEST_STEP][PASSED] - setText(findTestObject("OCS-DESKTOP/Customer info page/input_City"), "montreal"): Text 'montreal' is set on object 'Object Repository/OCS-DESKTOP/Customer info page/input_City'

2019-06-07 11:45:42 - [MESSAGE][PASSED] - Text 'montreal' is set on object 'Object Repository/OCS-DESKTOP/Customer info page/input_City'

2019-06-07 11:45:42 - [TEST_STEP][PASSED] - setText(findTestObject("OCS-DESKTOP/Customer info page/input_Postal code"), "n0R1K0"): Text 'n0R1K0' is set on object 'Object Repository/OCS-DESKTOP/Customer info page/input_Postal code'

2019-06-07 11:45:43 - [MESSAGE][PASSED] - Text 'n0R1K0' is set on object 'Object Repository/OCS-DESKTOP/Customer info page/input_Postal code'

2019-06-07 11:45:43 - [TEST_STEP][PASSED] - setText(findTestObject("OCS-DESKTOP/Customer info page/input_Phone"), "(514) 449-3882"): Text '(514) 449-3882' is set on object 'Object Repository/OCS-DESKTOP/Customer info page/input_Phone'

2019-06-07 11:45:43 - [MESSAGE][PASSED] - Text '(514) 449-3882' is set on object 'Object Repository/OCS-DESKTOP/Customer info page/input_Phone'

2019-06-07 11:45:43 - [TEST_STEP][PASSED] - delay(1): Delayed 1 second(s)

2019-06-07 11:45:44 - [MESSAGE][PASSED] - Delayed 1 second(s)

2019-06-07 11:45:44 - [TEST_STEP][PASSED] - click(findTestObject("OCS-DESKTOP/Customer info page/Return to Cart - Link")): Object: 'Object Repository/OCS-DESKTOP/Customer info page/Return to Cart - Link' is clicked on

2019-06-07 11:45:45 - [MESSAGE][PASSED] - Object: 'Object Repository/OCS-DESKTOP/Customer info page/Return to Cart - Link' is clicked on

2019-06-07 11:45:45 - [TEST_STEP][PASSED] - delay(2): Delayed 2 second(s)

2019-06-07 11:45:47 - [MESSAGE][PASSED] - Delayed 2 second(s)

2019-06-07 11:45:47 - [TEST_STEP][PASSED] - click(findTestObject("OCS-DESKTOP/Cart page/cart page-Checkbox_I confirm that")): Object: 'Object Repository/OCS-DESKTOP/Cart page/cart page-Checkbox_I confirm that' is clicked on

2019-06-07 11:45:47 - [MESSAGE][PASSED] - Object: 'Object Repository/OCS-DESKTOP/Cart page/cart page-Checkbox_I confirm that' is clicked on

2019-06-07 11:45:47 - [TEST_STEP][PASSED] - delay(2): Delayed 2 second(s)

2019-06-07 11:45:49 - [MESSAGE][PASSED] - Delayed 2 second(s)

2019-06-07 11:45:49 - [TEST_STEP][PASSED] - click(findTestObject("OCS-DESKTOP/Cart page/cart page - Checkbox_Accept the Terms Condition")): Object: 'Object Repository/OCS-DESKTOP/Cart page/cart page - Checkbox_Accept the Terms Condition' is clicked on

2019-06-07 11:45:50 - [MESSAGE][PASSED] - Object: 'Object Repository/OCS-DESKTOP/Cart page/cart page - Checkbox_Accept the Terms Condition' is clicked on

2019-06-07 11:45:50 - [TEST_STEP][PASSED] - delay(1): Delayed 1 second(s)

2019-06-07 11:45:51 - [MESSAGE][PASSED] - Delayed 1 second(s)

2019-06-07 11:45:51 - [TEST_STEP][PASSED] - click(findTestObject("OCS-DESKTOP/Cart page/Cart page -checkout button")): Object: 'Object Repository/OCS-DESKTOP/Cart page/Cart page -checkout button' is clicked on

2019-06-07 11:45:53 - [MESSAGE][PASSED] - Object: 'Object Repository/OCS-DESKTOP/Cart page/Cart page -checkout button' is clicked on

2019-06-07 11:45:53 - [TEST_STEP][PASSED] - setText(findTestObject("OCS-DESKTOP/Customer info page/input_Email"), "suman.kompelly@diffagency.com"): Text 'suman.kompelly@diffagency.com' is set on object 'Object Repository/OCS-DESKTOP/Customer info page/input_Email'

2019-06-07 11:45:53 - [MESSAGE][PASSED] - Text 'suman.kompelly@diffagency.com' is set on object 'Object Repository/OCS-DESKTOP/Customer info page/input_Email'

2019-06-07 11:45:53 - [TEST_STEP][PASSED] - setText(findTestObject("OCS-DESKTOP/Customer info page/input_First name"), "suman"): Text 'suman' is set on object 'Object Repository/OCS-DESKTOP/Customer info page/input_First name'

2019-06-07 11:45:53 - [MESSAGE][PASSED] - Text 'suman' is set on object 'Object Repository/OCS-DESKTOP/Customer info page/input_First name'

2019-06-07 11:45:53 - [TEST_STEP][PASSED] - setText(findTestObject("OCS-DESKTOP/Customer info page/input_Last name"), "kompelly"): Text 'kompelly' is set on object 'Object Repository/OCS-DESKTOP/Customer info page/input_Last name'

2019-06-07 11:45:53 - [MESSAGE][PASSED] - Text 'kompelly' is set on object 'Object Repository/OCS-DESKTOP/Customer info page/input_Last name'

2019-06-07 11:45:53 - [TEST_STEP][PASSED] - setText(findTestObject("OCS-DESKTOP/Customer info page/input_Address"), "300 saint alxendre"): Text '300 saint alxendre' is set on object 'Object Repository/OCS-DESKTOP/Customer info page/input_Address'

2019-06-07 11:45:53 - [MESSAGE][PASSED] - Text '300 saint alxendre' is set on object 'Object Repository/OCS-DESKTOP/Customer info page/input_Address'

2019-06-07 11:45:53 - [TEST_STEP][PASSED] - setText(findTestObject("OCS-DESKTOP/Customer info page/input_Apartment suite etc. (op"), "199"): Text '199' is set on object 'Object Repository/OCS-DESKTOP/Customer info page/input_Apartment suite etc. (op'

2019-06-07 11:45:54 - [MESSAGE][PASSED] - Text '199' is set on object 'Object Repository/OCS-DESKTOP/Customer info page/input_Apartment suite etc. (op'

2019-06-07 11:45:54 - [TEST_STEP][PASSED] - setText(findTestObject("OCS-DESKTOP/Customer info page/input_City"), "montreal"): Text 'montreal' is set on object 'Object Repository/OCS-DESKTOP/Customer info page/input_City'

2019-06-07 11:45:54 - [MESSAGE][PASSED] - Text 'montreal' is set on object 'Object Repository/OCS-DESKTOP/Customer info page/input_City'

2019-06-07 11:45:54 - [TEST_STEP][PASSED] - setText(findTestObject("OCS-DESKTOP/Customer info page/input_Postal code"), "n0R1K0"): Text 'n0R1K0' is set on object 'Object Repository/OCS-DESKTOP/Customer info page/input_Postal code'

2019-06-07 11:45:54 - [MESSAGE][PASSED] - Text 'n0R1K0' is set on object 'Object Repository/OCS-DESKTOP/Customer info page/input_Postal code'

2019-06-07 11:45:54 - [TEST_STEP][PASSED] - setText(findTestObject("OCS-DESKTOP/Customer info page/input_Phone"), "(514) 449-3882"): Text '(514) 449-3882' is set on object 'Object Repository/OCS-DESKTOP/Customer info page/input_Phone'

2019-06-07 11:45:54 - [MESSAGE][PASSED] - Text '(514) 449-3882' is set on object 'Object Repository/OCS-DESKTOP/Customer info page/input_Phone'

2019-06-07 11:45:54 - [TEST_STEP][PASSED] - delay(1): Delayed 1 second(s)

2019-06-07 11:45:55 - [MESSAGE][PASSED] - Delayed 1 second(s)

2019-06-07 11:45:55 - [TEST_STEP][PASSED] - executeJavaScript("var previewBar = document.getElementById("preview-bar-iframe"); previewBar.style.display = "none";", []): Execute JavaScript 'var previewBar = document.getElementById("preview-bar-iframe"); previewBar.style.display = "none";' successfully

2019-06-07 11:45:55 - [MESSAGE][PASSED] - Execute JavaScript 'var previewBar = document.getElementById("preview-bar-iframe"); previewBar.style.display = "none";' successfully

2019-06-07 11:45:55 - [TEST_STEP][PASSED] - click(findTestObject("OCS-DESKTOP/Customer info page/Continue to shipping method - Button")): Object: 'Object Repository/OCS-DESKTOP/Customer info page/Continue to shipping method - Button' is clicked on

2019-06-07 11:45:57 - [MESSAGE][PASSED] - Object: 'Object Repository/OCS-DESKTOP/Customer info page/Continue to shipping method - Button' is clicked on

2019-06-07 11:45:57 - [TEST_STEP][PASSED] - closeBrowser(): Browser is closed

2019-06-07 11:45:58 - [MESSAGE][PASSED] - Browser is closed]]></system-out>
         <system-err><![CDATA[]]></system-err>
      </testcase>
      <testcase name="Test Cases/OCS - DESKTOP/OCS- CRITICAL PATH/Checkout - Shipping" classname="Test Cases/OCS - DESKTOP/OCS- CRITICAL PATH/Checkout - Shipping" status="PASSED">
         <system-out><![CDATA[2019-06-07 11:45:58 - [TEST_CASE][PASSED] - Test Cases/OCS - DESKTOP/OCS- CRITICAL PATH/Checkout - Shipping: Test Cases/OCS - DESKTOP/OCS- CRITICAL PATH/Checkout - Shipping

2019-06-07 11:45:58 - [TEST_STEP][PASSED] - callTestCase(findTestCase("OCS - DESKTOP/CALL- Age gate"), [:], STOP_ON_FAILURE): Call Test Case 'Test Cases/OCS - DESKTOP/CALL- Age gate' successfully

2019-06-07 11:45:58 - [TEST_CASE][PASSED] - Test Cases/OCS - DESKTOP/CALL- Age gate: Test Cases/OCS - DESKTOP/CALL- Age gate

2019-06-07 11:45:58 - [TEST_STEP][PASSED] - openBrowser(""): Browser is opened with url: ''

2019-06-07 11:45:58 - [MESSAGE][INFO] - Starting 'Firefox' driver

2019-06-07 11:46:00 - [MESSAGE][PASSED] - Browser is opened with url: ''

2019-06-07 11:46:00 - [TEST_STEP][PASSED] - navigateToUrl("https://ocs.ca/?fts=0&preview_theme_id=72920074060"): Navigate to 'https://ocs.ca/?fts=0&preview_theme_id=72920074060' successfully

2019-06-07 11:46:06 - [MESSAGE][PASSED] - Navigate to 'https://ocs.ca/?fts=0&preview_theme_id=72920074060' successfully

2019-06-07 11:46:06 - [TEST_STEP][PASSED] - maximizeWindow(): Current window maximized

2019-06-07 11:46:07 - [MESSAGE][PASSED] - Current window maximized

2019-06-07 11:46:07 - [TEST_STEP][PASSED] - delay(2): Delayed 2 second(s)

2019-06-07 11:46:09 - [MESSAGE][PASSED] - Delayed 2 second(s)

2019-06-07 11:46:09 - [TEST_STEP][PASSED] - executeJavaScript("var previewBar = document.getElementById("preview-bar-iframe"); previewBar.style.display = "none";", []): Execute JavaScript 'var previewBar = document.getElementById("preview-bar-iframe"); previewBar.style.display = "none";' successfully

2019-06-07 11:46:09 - [MESSAGE][PASSED] - Execute JavaScript 'var previewBar = document.getElementById("preview-bar-iframe"); previewBar.style.display = "none";' successfully

2019-06-07 11:46:09 - [TEST_STEP][PASSED] - selectOptionByValue(findTestObject("OCS-DESKTOP/Age gate and Mega menu/Date"), "12", true): All options with value '12' are selected in object 'Object Repository/OCS-DESKTOP/Age gate and Mega menu/Date'  using regular expression

2019-06-07 11:46:10 - [MESSAGE][PASSED] - All options with value '12' are selected in object 'Object Repository/OCS-DESKTOP/Age gate and Mega menu/Date'  using regular expression

2019-06-07 11:46:10 - [TEST_STEP][PASSED] - selectOptionByValue(findTestObject("OCS-DESKTOP/Age gate and Mega menu/month"), "6", true): All options with value '6' are selected in object 'Object Repository/OCS-DESKTOP/Age gate and Mega menu/month'  using regular expression

2019-06-07 11:46:10 - [MESSAGE][PASSED] - All options with value '6' are selected in object 'Object Repository/OCS-DESKTOP/Age gate and Mega menu/month'  using regular expression

2019-06-07 11:46:10 - [TEST_STEP][PASSED] - delay(2): Delayed 2 second(s)

2019-06-07 11:46:12 - [MESSAGE][PASSED] - Delayed 2 second(s)

2019-06-07 11:46:12 - [TEST_STEP][PASSED] - selectOptionByValue(findTestObject("OCS-DESKTOP/Age gate and Mega menu/Year Dropdown"), "1990", true): All options with value '1990' are selected in object 'Object Repository/OCS-DESKTOP/Age gate and Mega menu/Year Dropdown'  using regular expression

2019-06-07 11:46:14 - [MESSAGE][PASSED] - All options with value '1990' are selected in object 'Object Repository/OCS-DESKTOP/Age gate and Mega menu/Year Dropdown'  using regular expression

2019-06-07 11:46:14 - [TEST_STEP][PASSED] - click(findTestObject("OCS-DESKTOP/Age gate and Mega menu/button_Verify")): Object: 'Object Repository/OCS-DESKTOP/Age gate and Mega menu/button_Verify' is clicked on

2019-06-07 11:46:14 - [MESSAGE][PASSED] - Object: 'Object Repository/OCS-DESKTOP/Age gate and Mega menu/button_Verify' is clicked on

2019-06-07 11:46:14 - [TEST_STEP][PASSED] - click(findTestObject("OCS-DESKTOP/Age gate and Mega menu/Checkbox_CONFIRM AND ACKNOWLEDGE")): Object: 'Object Repository/OCS-DESKTOP/Age gate and Mega menu/Checkbox_CONFIRM AND ACKNOWLEDGE' is clicked on

2019-06-07 11:46:14 - [MESSAGE][PASSED] - Object: 'Object Repository/OCS-DESKTOP/Age gate and Mega menu/Checkbox_CONFIRM AND ACKNOWLEDGE' is clicked on

2019-06-07 11:46:14 - [TEST_STEP][PASSED] - click(findTestObject("OCS-DESKTOP/Age gate and Mega menu/button_CONFIRM")): Object: 'Object Repository/OCS-DESKTOP/Age gate and Mega menu/button_CONFIRM' is clicked on

2019-06-07 11:46:14 - [MESSAGE][PASSED] - Object: 'Object Repository/OCS-DESKTOP/Age gate and Mega menu/button_CONFIRM' is clicked on

2019-06-07 11:46:14 - [TEST_STEP][PASSED] - click(findTestObject("OCS-DESKTOP/Age gate and Mega menu/button_Start Browsing")): Object: 'Object Repository/OCS-DESKTOP/Age gate and Mega menu/button_Start Browsing' is clicked on

2019-06-07 11:46:15 - [MESSAGE][PASSED] - Object: 'Object Repository/OCS-DESKTOP/Age gate and Mega menu/button_Start Browsing' is clicked on

2019-06-07 11:46:15 - [TEST_STEP][PASSED] - delay(2): Delayed 2 second(s)

2019-06-07 11:46:17 - [MESSAGE][PASSED] - Delayed 2 second(s)

2019-06-07 11:46:17 - [TEST_STEP][PASSED] - refresh(): Refresh successfully

2019-06-07 11:46:21 - [MESSAGE][PASSED] - Refresh successfully

2019-06-07 11:46:21 - [MESSAGE][PASSED] - Call Test Case 'Test Cases/OCS - DESKTOP/CALL- Age gate' successfully

2019-06-07 11:46:21 - [TEST_STEP][PASSED] - delay(2): Delayed 2 second(s)

2019-06-07 11:46:23 - [MESSAGE][PASSED] - Delayed 2 second(s)

2019-06-07 11:46:23 - [TEST_STEP][PASSED] - click(findTestObject("OCS-DESKTOP/Age gate and Mega menu/Header/CANNABIS menu - English")): Object: 'Object Repository/OCS-DESKTOP/Age gate and Mega menu/Header/CANNABIS menu - English' is clicked on

2019-06-07 11:46:23 - [MESSAGE][PASSED] - Object: 'Object Repository/OCS-DESKTOP/Age gate and Mega menu/Header/CANNABIS menu - English' is clicked on

2019-06-07 11:46:23 - [TEST_STEP][PASSED] - executeJavaScript("var previewBar = document.getElementById("preview-bar-iframe"); previewBar.style.display = "none";", []): Execute JavaScript 'var previewBar = document.getElementById("preview-bar-iframe"); previewBar.style.display = "none";' successfully

2019-06-07 11:46:23 - [MESSAGE][PASSED] - Execute JavaScript 'var previewBar = document.getElementById("preview-bar-iframe"); previewBar.style.display = "none";' successfully

2019-06-07 11:46:23 - [TEST_STEP][PASSED] - delay(2): Delayed 2 second(s)

2019-06-07 11:46:25 - [MESSAGE][PASSED] - Delayed 2 second(s)

2019-06-07 11:46:25 - [TEST_STEP][PASSED] - click(findTestObject("OCS-DESKTOP/Age gate and Mega menu/Indica Dominant_Menu item")): Object: 'Object Repository/OCS-DESKTOP/Age gate and Mega menu/Indica Dominant_Menu item' is clicked on

2019-06-07 11:46:28 - [MESSAGE][PASSED] - Object: 'Object Repository/OCS-DESKTOP/Age gate and Mega menu/Indica Dominant_Menu item' is clicked on

2019-06-07 11:46:28 - [TEST_STEP][PASSED] - executeJavaScript("var previewBar = document.getElementById("preview-bar-iframe"); previewBar.style.display = "none";", []): Execute JavaScript 'var previewBar = document.getElementById("preview-bar-iframe"); previewBar.style.display = "none";' successfully

2019-06-07 11:46:28 - [MESSAGE][PASSED] - Execute JavaScript 'var previewBar = document.getElementById("preview-bar-iframe"); previewBar.style.display = "none";' successfully

2019-06-07 11:46:28 - [TEST_STEP][PASSED] - delay(2): Delayed 2 second(s)

2019-06-07 11:46:30 - [MESSAGE][PASSED] - Delayed 2 second(s)

2019-06-07 11:46:30 - [TEST_STEP][PASSED] - click(findTestObject("OCS-DESKTOP/Collection page/Product image - 1st one")): Object: 'Object Repository/OCS-DESKTOP/Collection page/Product image - 1st one' is clicked on

2019-06-07 11:46:32 - [MESSAGE][PASSED] - Object: 'Object Repository/OCS-DESKTOP/Collection page/Product image - 1st one' is clicked on

2019-06-07 11:46:32 - [TEST_STEP][PASSED] - executeJavaScript("var previewBar = document.getElementById("preview-bar-iframe"); previewBar.style.display = "none";", []): Execute JavaScript 'var previewBar = document.getElementById("preview-bar-iframe"); previewBar.style.display = "none";' successfully

2019-06-07 11:46:32 - [MESSAGE][PASSED] - Execute JavaScript 'var previewBar = document.getElementById("preview-bar-iframe"); previewBar.style.display = "none";' successfully

2019-06-07 11:46:32 - [TEST_STEP][PASSED] - delay(1): Delayed 1 second(s)

2019-06-07 11:46:33 - [MESSAGE][PASSED] - Delayed 1 second(s)

2019-06-07 11:46:33 - [TEST_STEP][PASSED] - delay(3): Delayed 3 second(s)

2019-06-07 11:46:36 - [MESSAGE][PASSED] - Delayed 3 second(s)

2019-06-07 11:46:36 - [TEST_STEP][NOT_RUN] - scrollToElement(findTestObject("OCS-DESKTOP/Product page/Product image"), 1): NOT_RUN: scrollToElement(findTestObject("OCS-DESKTOP/Product page/Product image"), 1)

2019-06-07 11:46:36 - [MESSAGE][NOT_RUN] - NOT_RUN: scrollToElement(findTestObject("OCS-DESKTOP/Product page/Product image"), 1)

2019-06-07 11:46:36 - [TEST_STEP][PASSED] - click(findTestObject("OCS-DESKTOP/Product page/Swatch_1g")): Object: 'Object Repository/OCS-DESKTOP/Product page/Swatch_1g' is clicked on

2019-06-07 11:46:36 - [MESSAGE][PASSED] - Object: 'Object Repository/OCS-DESKTOP/Product page/Swatch_1g' is clicked on

2019-06-07 11:46:36 - [TEST_STEP][PASSED] - delay(2): Delayed 2 second(s)

2019-06-07 11:46:38 - [MESSAGE][PASSED] - Delayed 2 second(s)

2019-06-07 11:46:38 - [TEST_STEP][PASSED] - click(findTestObject("OCS-DESKTOP/Product page/Add to Bag-button")): Object: 'Object Repository/OCS-DESKTOP/Product page/Add to Bag-button' is clicked on

2019-06-07 11:46:39 - [MESSAGE][PASSED] - Object: 'Object Repository/OCS-DESKTOP/Product page/Add to Bag-button' is clicked on

2019-06-07 11:46:39 - [TEST_STEP][PASSED] - delay(1): Delayed 1 second(s)

2019-06-07 11:46:40 - [MESSAGE][PASSED] - Delayed 1 second(s)

2019-06-07 11:46:40 - [TEST_STEP][NOT_RUN] - click(findTestObject("OCS-DESKTOP/Home - page/Cart icon -bag")): NOT_RUN: click(findTestObject("OCS-DESKTOP/Home - page/Cart icon -bag"))

2019-06-07 11:46:40 - [MESSAGE][NOT_RUN] - NOT_RUN: click(findTestObject("OCS-DESKTOP/Home - page/Cart icon -bag"))

2019-06-07 11:46:40 - [TEST_STEP][PASSED] - delay(1): Delayed 1 second(s)

2019-06-07 11:46:41 - [MESSAGE][PASSED] - Delayed 1 second(s)

2019-06-07 11:46:41 - [TEST_STEP][PASSED] - click(findTestObject("OCS-DESKTOP/Cart flyout/Checkbox_I confirm that")): Object: 'Object Repository/OCS-DESKTOP/Cart flyout/Checkbox_I confirm that' is clicked on

2019-06-07 11:46:41 - [MESSAGE][PASSED] - Object: 'Object Repository/OCS-DESKTOP/Cart flyout/Checkbox_I confirm that' is clicked on

2019-06-07 11:46:41 - [TEST_STEP][PASSED] - delay(1): Delayed 1 second(s)

2019-06-07 11:46:42 - [MESSAGE][PASSED] - Delayed 1 second(s)

2019-06-07 11:46:42 - [TEST_STEP][PASSED] - click(findTestObject("OCS-DESKTOP/Cart flyout/Checkbox_Accept the Terms Condition")): Object: 'Object Repository/OCS-DESKTOP/Cart flyout/Checkbox_Accept the Terms Condition' is clicked on

2019-06-07 11:46:42 - [MESSAGE][PASSED] - Object: 'Object Repository/OCS-DESKTOP/Cart flyout/Checkbox_Accept the Terms Condition' is clicked on

2019-06-07 11:46:42 - [TEST_STEP][PASSED] - delay(1): Delayed 1 second(s)

2019-06-07 11:46:43 - [MESSAGE][PASSED] - Delayed 1 second(s)

2019-06-07 11:46:43 - [TEST_STEP][PASSED] - click(findTestObject("OCS-DESKTOP/Cart flyout/Checkout - Button")): Object: 'Object Repository/OCS-DESKTOP/Cart flyout/Checkout - Button' is clicked on

2019-06-07 11:46:49 - [MESSAGE][PASSED] - Object: 'Object Repository/OCS-DESKTOP/Cart flyout/Checkout - Button' is clicked on

2019-06-07 11:46:49 - [TEST_STEP][PASSED] - executeJavaScript("var previewBar = document.getElementById("preview-bar-iframe"); previewBar.style.display = "none";", []): Execute JavaScript 'var previewBar = document.getElementById("preview-bar-iframe"); previewBar.style.display = "none";' successfully

2019-06-07 11:46:50 - [MESSAGE][PASSED] - Execute JavaScript 'var previewBar = document.getElementById("preview-bar-iframe"); previewBar.style.display = "none";' successfully

2019-06-07 11:46:50 - [TEST_STEP][PASSED] - delay(1): Delayed 1 second(s)

2019-06-07 11:46:51 - [MESSAGE][PASSED] - Delayed 1 second(s)

2019-06-07 11:46:51 - [TEST_STEP][PASSED] - scrollToElement(findTestObject("OCS-DESKTOP/Customer info page/input_Email"), 0): Scroll to object 'Object Repository/OCS-DESKTOP/Customer info page/input_Email' successfully

2019-06-07 11:46:51 - [MESSAGE][WARNING] - Timeout '0' is invalid. Using default page load timeout: '30'

2019-06-07 11:46:51 - [MESSAGE][PASSED] - Scroll to object 'Object Repository/OCS-DESKTOP/Customer info page/input_Email' successfully

2019-06-07 11:46:51 - [TEST_STEP][PASSED] - setText(findTestObject("OCS-DESKTOP/Customer info page/input_Email"), "suman.kompelly@diffagency.com"): Text 'suman.kompelly@diffagency.com' is set on object 'Object Repository/OCS-DESKTOP/Customer info page/input_Email'

2019-06-07 11:46:51 - [MESSAGE][PASSED] - Text 'suman.kompelly@diffagency.com' is set on object 'Object Repository/OCS-DESKTOP/Customer info page/input_Email'

2019-06-07 11:46:51 - [TEST_STEP][PASSED] - setText(findTestObject("OCS-DESKTOP/Customer info page/input_First name"), "suman"): Text 'suman' is set on object 'Object Repository/OCS-DESKTOP/Customer info page/input_First name'

2019-06-07 11:46:51 - [MESSAGE][PASSED] - Text 'suman' is set on object 'Object Repository/OCS-DESKTOP/Customer info page/input_First name'

2019-06-07 11:46:51 - [TEST_STEP][PASSED] - setText(findTestObject("OCS-DESKTOP/Customer info page/input_Last name"), "kompelly"): Text 'kompelly' is set on object 'Object Repository/OCS-DESKTOP/Customer info page/input_Last name'

2019-06-07 11:46:52 - [MESSAGE][PASSED] - Text 'kompelly' is set on object 'Object Repository/OCS-DESKTOP/Customer info page/input_Last name'

2019-06-07 11:46:52 - [TEST_STEP][PASSED] - setText(findTestObject("OCS-DESKTOP/Customer info page/input_Address"), "300 saint alxendre"): Text '300 saint alxendre' is set on object 'Object Repository/OCS-DESKTOP/Customer info page/input_Address'

2019-06-07 11:46:52 - [MESSAGE][PASSED] - Text '300 saint alxendre' is set on object 'Object Repository/OCS-DESKTOP/Customer info page/input_Address'

2019-06-07 11:46:52 - [TEST_STEP][PASSED] - setText(findTestObject("OCS-DESKTOP/Customer info page/input_Apartment suite etc. (op"), "199"): Text '199' is set on object 'Object Repository/OCS-DESKTOP/Customer info page/input_Apartment suite etc. (op'

2019-06-07 11:46:52 - [MESSAGE][PASSED] - Text '199' is set on object 'Object Repository/OCS-DESKTOP/Customer info page/input_Apartment suite etc. (op'

2019-06-07 11:46:52 - [TEST_STEP][PASSED] - setText(findTestObject("OCS-DESKTOP/Customer info page/input_City"), "montreal"): Text 'montreal' is set on object 'Object Repository/OCS-DESKTOP/Customer info page/input_City'

2019-06-07 11:46:52 - [MESSAGE][PASSED] - Text 'montreal' is set on object 'Object Repository/OCS-DESKTOP/Customer info page/input_City'

2019-06-07 11:46:52 - [TEST_STEP][PASSED] - setText(findTestObject("OCS-DESKTOP/Customer info page/input_Postal code"), "n0R1K0"): Text 'n0R1K0' is set on object 'Object Repository/OCS-DESKTOP/Customer info page/input_Postal code'

2019-06-07 11:46:52 - [MESSAGE][PASSED] - Text 'n0R1K0' is set on object 'Object Repository/OCS-DESKTOP/Customer info page/input_Postal code'

2019-06-07 11:46:52 - [TEST_STEP][PASSED] - setText(findTestObject("OCS-DESKTOP/Customer info page/input_Phone"), "(514) 449-3882"): Text '(514) 449-3882' is set on object 'Object Repository/OCS-DESKTOP/Customer info page/input_Phone'

2019-06-07 11:46:52 - [MESSAGE][PASSED] - Text '(514) 449-3882' is set on object 'Object Repository/OCS-DESKTOP/Customer info page/input_Phone'

2019-06-07 11:46:52 - [TEST_STEP][PASSED] - delay(1): Delayed 1 second(s)

2019-06-07 11:46:53 - [MESSAGE][PASSED] - Delayed 1 second(s)

2019-06-07 11:46:53 - [TEST_STEP][PASSED] - click(findTestObject("OCS-DESKTOP/Customer info page/Continue to shipping method - Button")): Object: 'Object Repository/OCS-DESKTOP/Customer info page/Continue to shipping method - Button' is clicked on

2019-06-07 11:46:56 - [MESSAGE][PASSED] - Object: 'Object Repository/OCS-DESKTOP/Customer info page/Continue to shipping method - Button' is clicked on

2019-06-07 11:46:56 - [TEST_STEP][PASSED] - executeJavaScript("var previewBar = document.getElementById("preview-bar-iframe"); previewBar.style.display = "none";", []): Execute JavaScript 'var previewBar = document.getElementById("preview-bar-iframe"); previewBar.style.display = "none";' successfully

2019-06-07 11:46:56 - [MESSAGE][PASSED] - Execute JavaScript 'var previewBar = document.getElementById("preview-bar-iframe"); previewBar.style.display = "none";' successfully

2019-06-07 11:46:56 - [TEST_STEP][PASSED] - delay(1): Delayed 1 second(s)

2019-06-07 11:46:57 - [MESSAGE][PASSED] - Delayed 1 second(s)

2019-06-07 11:46:57 - [TEST_STEP][PASSED] - click(findTestObject("OCS-DESKTOP/Shipping page/Change link")): Object: 'Object Repository/OCS-DESKTOP/Shipping page/Change link' is clicked on

2019-06-07 11:46:59 - [MESSAGE][PASSED] - Object: 'Object Repository/OCS-DESKTOP/Shipping page/Change link' is clicked on

2019-06-07 11:46:59 - [TEST_STEP][PASSED] - executeJavaScript("var previewBar = document.getElementById("preview-bar-iframe"); previewBar.style.display = "none";", []): Execute JavaScript 'var previewBar = document.getElementById("preview-bar-iframe"); previewBar.style.display = "none";' successfully

2019-06-07 11:47:00 - [MESSAGE][PASSED] - Execute JavaScript 'var previewBar = document.getElementById("preview-bar-iframe"); previewBar.style.display = "none";' successfully

2019-06-07 11:47:00 - [TEST_STEP][PASSED] - delay(1): Delayed 1 second(s)

2019-06-07 11:47:01 - [MESSAGE][PASSED] - Delayed 1 second(s)

2019-06-07 11:47:01 - [TEST_STEP][PASSED] - click(findTestObject("OCS-DESKTOP/Customer info page/Continue to shipping method - Button")): Object: 'Object Repository/OCS-DESKTOP/Customer info page/Continue to shipping method - Button' is clicked on

2019-06-07 11:47:03 - [MESSAGE][PASSED] - Object: 'Object Repository/OCS-DESKTOP/Customer info page/Continue to shipping method - Button' is clicked on

2019-06-07 11:47:03 - [TEST_STEP][PASSED] - executeJavaScript("var previewBar = document.getElementById("preview-bar-iframe"); previewBar.style.display = "none";", []): Execute JavaScript 'var previewBar = document.getElementById("preview-bar-iframe"); previewBar.style.display = "none";' successfully

2019-06-07 11:47:03 - [MESSAGE][PASSED] - Execute JavaScript 'var previewBar = document.getElementById("preview-bar-iframe"); previewBar.style.display = "none";' successfully

2019-06-07 11:47:03 - [TEST_STEP][PASSED] - delay(1): Delayed 1 second(s)

2019-06-07 11:47:04 - [MESSAGE][PASSED] - Delayed 1 second(s)

2019-06-07 11:47:04 - [TEST_STEP][PASSED] - click(findTestObject("OCS-DESKTOP/Shipping page/Change link 2")): Object: 'Object Repository/OCS-DESKTOP/Shipping page/Change link 2' is clicked on

2019-06-07 11:47:06 - [MESSAGE][PASSED] - Object: 'Object Repository/OCS-DESKTOP/Shipping page/Change link 2' is clicked on

2019-06-07 11:47:06 - [TEST_STEP][PASSED] - executeJavaScript("var previewBar = document.getElementById("preview-bar-iframe"); previewBar.style.display = "none";", []): Execute JavaScript 'var previewBar = document.getElementById("preview-bar-iframe"); previewBar.style.display = "none";' successfully

2019-06-07 11:47:06 - [MESSAGE][PASSED] - Execute JavaScript 'var previewBar = document.getElementById("preview-bar-iframe"); previewBar.style.display = "none";' successfully

2019-06-07 11:47:06 - [TEST_STEP][PASSED] - delay(1): Delayed 1 second(s)

2019-06-07 11:47:07 - [MESSAGE][PASSED] - Delayed 1 second(s)

2019-06-07 11:47:07 - [TEST_STEP][PASSED] - click(findTestObject("OCS-DESKTOP/Customer info page/Continue to shipping method - Button"), CONTINUE_ON_FAILURE): Object: 'Object Repository/OCS-DESKTOP/Customer info page/Continue to shipping method - Button' is clicked on

2019-06-07 11:47:09 - [MESSAGE][PASSED] - Object: 'Object Repository/OCS-DESKTOP/Customer info page/Continue to shipping method - Button' is clicked on

2019-06-07 11:47:09 - [TEST_STEP][PASSED] - executeJavaScript("var previewBar = document.getElementById("preview-bar-iframe"); previewBar.style.display = "none";", []): Execute JavaScript 'var previewBar = document.getElementById("preview-bar-iframe"); previewBar.style.display = "none";' successfully

2019-06-07 11:47:09 - [MESSAGE][PASSED] - Execute JavaScript 'var previewBar = document.getElementById("preview-bar-iframe"); previewBar.style.display = "none";' successfully

2019-06-07 11:47:09 - [TEST_STEP][PASSED] - delay(1): Delayed 1 second(s)

2019-06-07 11:47:10 - [MESSAGE][PASSED] - Delayed 1 second(s)

2019-06-07 11:47:10 - [TEST_STEP][PASSED] - click(findTestObject("OCS-DESKTOP/Shipping page/Return to customer info")): Object: 'Object Repository/OCS-DESKTOP/Shipping page/Return to customer info' is clicked on

2019-06-07 11:47:13 - [MESSAGE][PASSED] - Object: 'Object Repository/OCS-DESKTOP/Shipping page/Return to customer info' is clicked on

2019-06-07 11:47:13 - [TEST_STEP][PASSED] - executeJavaScript("var previewBar = document.getElementById("preview-bar-iframe"); previewBar.style.display = "none";", []): Execute JavaScript 'var previewBar = document.getElementById("preview-bar-iframe"); previewBar.style.display = "none";' successfully

2019-06-07 11:47:13 - [MESSAGE][PASSED] - Execute JavaScript 'var previewBar = document.getElementById("preview-bar-iframe"); previewBar.style.display = "none";' successfully

2019-06-07 11:47:13 - [TEST_STEP][PASSED] - delay(1): Delayed 1 second(s)

2019-06-07 11:47:14 - [MESSAGE][PASSED] - Delayed 1 second(s)

2019-06-07 11:47:14 - [TEST_STEP][PASSED] - click(findTestObject("OCS-DESKTOP/Customer info page/Continue to shipping method - Button")): Object: 'Object Repository/OCS-DESKTOP/Customer info page/Continue to shipping method - Button' is clicked on

2019-06-07 11:47:16 - [MESSAGE][PASSED] - Object: 'Object Repository/OCS-DESKTOP/Customer info page/Continue to shipping method - Button' is clicked on

2019-06-07 11:47:16 - [TEST_STEP][PASSED] - executeJavaScript("var previewBar = document.getElementById("preview-bar-iframe"); previewBar.style.display = "none";", []): Execute JavaScript 'var previewBar = document.getElementById("preview-bar-iframe"); previewBar.style.display = "none";' successfully

2019-06-07 11:47:16 - [MESSAGE][PASSED] - Execute JavaScript 'var previewBar = document.getElementById("preview-bar-iframe"); previewBar.style.display = "none";' successfully

2019-06-07 11:47:16 - [TEST_STEP][PASSED] - click(findTestObject("OCS-DESKTOP/Customer info page/Cart - Breadcrumb link")): Object: 'Object Repository/OCS-DESKTOP/Customer info page/Cart - Breadcrumb link' is clicked on

2019-06-07 11:47:18 - [MESSAGE][PASSED] - Object: 'Object Repository/OCS-DESKTOP/Customer info page/Cart - Breadcrumb link' is clicked on

2019-06-07 11:47:18 - [TEST_STEP][PASSED] - executeJavaScript("var previewBar = document.getElementById("preview-bar-iframe"); previewBar.style.display = "none";", []): Execute JavaScript 'var previewBar = document.getElementById("preview-bar-iframe"); previewBar.style.display = "none";' successfully

2019-06-07 11:47:18 - [MESSAGE][PASSED] - Execute JavaScript 'var previewBar = document.getElementById("preview-bar-iframe"); previewBar.style.display = "none";' successfully

2019-06-07 11:47:18 - [TEST_STEP][PASSED] - click(findTestObject("OCS-DESKTOP/Cart page/cart page-Checkbox_I confirm that")): Object: 'Object Repository/OCS-DESKTOP/Cart page/cart page-Checkbox_I confirm that' is clicked on

2019-06-07 11:47:18 - [MESSAGE][PASSED] - Object: 'Object Repository/OCS-DESKTOP/Cart page/cart page-Checkbox_I confirm that' is clicked on

2019-06-07 11:47:18 - [TEST_STEP][PASSED] - delay(1): Delayed 1 second(s)

2019-06-07 11:47:19 - [MESSAGE][PASSED] - Delayed 1 second(s)

2019-06-07 11:47:19 - [TEST_STEP][PASSED] - click(findTestObject("OCS-DESKTOP/Cart page/cart page - Checkbox_Accept the Terms Condition")): Object: 'Object Repository/OCS-DESKTOP/Cart page/cart page - Checkbox_Accept the Terms Condition' is clicked on

2019-06-07 11:47:20 - [MESSAGE][PASSED] - Object: 'Object Repository/OCS-DESKTOP/Cart page/cart page - Checkbox_Accept the Terms Condition' is clicked on

2019-06-07 11:47:20 - [TEST_STEP][PASSED] - delay(1): Delayed 1 second(s)

2019-06-07 11:47:21 - [MESSAGE][PASSED] - Delayed 1 second(s)

2019-06-07 11:47:21 - [TEST_STEP][PASSED] - click(findTestObject("OCS-DESKTOP/Cart page/Cart page -checkout button")): Object: 'Object Repository/OCS-DESKTOP/Cart page/Cart page -checkout button' is clicked on

2019-06-07 11:47:23 - [MESSAGE][PASSED] - Object: 'Object Repository/OCS-DESKTOP/Cart page/Cart page -checkout button' is clicked on

2019-06-07 11:47:23 - [TEST_STEP][PASSED] - delay(1): Delayed 1 second(s)

2019-06-07 11:47:24 - [MESSAGE][PASSED] - Delayed 1 second(s)

2019-06-07 11:47:24 - [TEST_STEP][PASSED] - click(findTestObject("OCS-DESKTOP/Payment -page/Information - Breadcrumb link")): Object: 'Object Repository/OCS-DESKTOP/Payment -page/Information - Breadcrumb link' is clicked on

2019-06-07 11:47:25 - [MESSAGE][PASSED] - Object: 'Object Repository/OCS-DESKTOP/Payment -page/Information - Breadcrumb link' is clicked on

2019-06-07 11:47:25 - [TEST_STEP][PASSED] - delay(1): Delayed 1 second(s)

2019-06-07 11:47:26 - [MESSAGE][PASSED] - Delayed 1 second(s)

2019-06-07 11:47:26 - [TEST_STEP][PASSED] - executeJavaScript("var previewBar = document.getElementById("preview-bar-iframe"); previewBar.style.display = "none";", []): Execute JavaScript 'var previewBar = document.getElementById("preview-bar-iframe"); previewBar.style.display = "none";' successfully

2019-06-07 11:47:26 - [MESSAGE][PASSED] - Execute JavaScript 'var previewBar = document.getElementById("preview-bar-iframe"); previewBar.style.display = "none";' successfully

2019-06-07 11:47:26 - [TEST_STEP][PASSED] - click(findTestObject("OCS-DESKTOP/Customer info page/Continue to shipping method - Button")): Object: 'Object Repository/OCS-DESKTOP/Customer info page/Continue to shipping method - Button' is clicked on

2019-06-07 11:47:28 - [MESSAGE][PASSED] - Object: 'Object Repository/OCS-DESKTOP/Customer info page/Continue to shipping method - Button' is clicked on

2019-06-07 11:47:28 - [TEST_STEP][PASSED] - delay(1): Delayed 1 second(s)

2019-06-07 11:47:29 - [MESSAGE][PASSED] - Delayed 1 second(s)

2019-06-07 11:47:29 - [TEST_STEP][PASSED] - click(findTestObject("OCS-DESKTOP/Shipping page/Continue to payment method - Button")): Object: 'Object Repository/OCS-DESKTOP/Shipping page/Continue to payment method - Button' is clicked on

2019-06-07 11:47:31 - [MESSAGE][PASSED] - Object: 'Object Repository/OCS-DESKTOP/Shipping page/Continue to payment method - Button' is clicked on

2019-06-07 11:47:31 - [TEST_STEP][PASSED] - closeBrowser(): Browser is closed

2019-06-07 11:47:32 - [MESSAGE][PASSED] - Browser is closed]]></system-out>
         <system-err><![CDATA[]]></system-err>
      </testcase>
      <testcase name="Test Cases/OCS - DESKTOP/OCS- CRITICAL PATH/Checkout- Payment" classname="Test Cases/OCS - DESKTOP/OCS- CRITICAL PATH/Checkout- Payment" status="PASSED">
         <system-out><![CDATA[2019-06-07 11:47:32 - [TEST_CASE][PASSED] - Test Cases/OCS - DESKTOP/OCS- CRITICAL PATH/Checkout- Payment: Test Cases/OCS - DESKTOP/OCS- CRITICAL PATH/Checkout- Payment

2019-06-07 11:47:32 - [TEST_STEP][PASSED] - callTestCase(findTestCase("OCS - DESKTOP/CALL- Age gate"), [:], STOP_ON_FAILURE): Call Test Case 'Test Cases/OCS - DESKTOP/CALL- Age gate' successfully

2019-06-07 11:47:32 - [TEST_CASE][PASSED] - Test Cases/OCS - DESKTOP/CALL- Age gate: Test Cases/OCS - DESKTOP/CALL- Age gate

2019-06-07 11:47:32 - [TEST_STEP][PASSED] - openBrowser(""): Browser is opened with url: ''

2019-06-07 11:47:32 - [MESSAGE][INFO] - Starting 'Firefox' driver

2019-06-07 11:47:35 - [MESSAGE][PASSED] - Browser is opened with url: ''

2019-06-07 11:47:35 - [TEST_STEP][PASSED] - navigateToUrl("https://ocs.ca/?fts=0&preview_theme_id=72920074060"): Navigate to 'https://ocs.ca/?fts=0&preview_theme_id=72920074060' successfully

2019-06-07 11:47:42 - [MESSAGE][PASSED] - Navigate to 'https://ocs.ca/?fts=0&preview_theme_id=72920074060' successfully

2019-06-07 11:47:42 - [TEST_STEP][PASSED] - maximizeWindow(): Current window maximized

2019-06-07 11:47:43 - [MESSAGE][PASSED] - Current window maximized

2019-06-07 11:47:43 - [TEST_STEP][PASSED] - delay(2): Delayed 2 second(s)

2019-06-07 11:47:45 - [MESSAGE][PASSED] - Delayed 2 second(s)

2019-06-07 11:47:45 - [TEST_STEP][PASSED] - executeJavaScript("var previewBar = document.getElementById("preview-bar-iframe"); previewBar.style.display = "none";", []): Execute JavaScript 'var previewBar = document.getElementById("preview-bar-iframe"); previewBar.style.display = "none";' successfully

2019-06-07 11:47:45 - [MESSAGE][PASSED] - Execute JavaScript 'var previewBar = document.getElementById("preview-bar-iframe"); previewBar.style.display = "none";' successfully

2019-06-07 11:47:45 - [TEST_STEP][PASSED] - selectOptionByValue(findTestObject("OCS-DESKTOP/Age gate and Mega menu/Date"), "12", true): All options with value '12' are selected in object 'Object Repository/OCS-DESKTOP/Age gate and Mega menu/Date'  using regular expression

2019-06-07 11:47:45 - [MESSAGE][PASSED] - All options with value '12' are selected in object 'Object Repository/OCS-DESKTOP/Age gate and Mega menu/Date'  using regular expression

2019-06-07 11:47:45 - [TEST_STEP][PASSED] - selectOptionByValue(findTestObject("OCS-DESKTOP/Age gate and Mega menu/month"), "6", true): All options with value '6' are selected in object 'Object Repository/OCS-DESKTOP/Age gate and Mega menu/month'  using regular expression

2019-06-07 11:47:46 - [MESSAGE][PASSED] - All options with value '6' are selected in object 'Object Repository/OCS-DESKTOP/Age gate and Mega menu/month'  using regular expression

2019-06-07 11:47:46 - [TEST_STEP][PASSED] - delay(2): Delayed 2 second(s)

2019-06-07 11:47:48 - [MESSAGE][PASSED] - Delayed 2 second(s)

2019-06-07 11:47:48 - [TEST_STEP][PASSED] - selectOptionByValue(findTestObject("OCS-DESKTOP/Age gate and Mega menu/Year Dropdown"), "1990", true): All options with value '1990' are selected in object 'Object Repository/OCS-DESKTOP/Age gate and Mega menu/Year Dropdown'  using regular expression

2019-06-07 11:47:49 - [MESSAGE][PASSED] - All options with value '1990' are selected in object 'Object Repository/OCS-DESKTOP/Age gate and Mega menu/Year Dropdown'  using regular expression

2019-06-07 11:47:49 - [TEST_STEP][PASSED] - click(findTestObject("OCS-DESKTOP/Age gate and Mega menu/button_Verify")): Object: 'Object Repository/OCS-DESKTOP/Age gate and Mega menu/button_Verify' is clicked on

2019-06-07 11:47:49 - [MESSAGE][PASSED] - Object: 'Object Repository/OCS-DESKTOP/Age gate and Mega menu/button_Verify' is clicked on

2019-06-07 11:47:49 - [TEST_STEP][PASSED] - click(findTestObject("OCS-DESKTOP/Age gate and Mega menu/Checkbox_CONFIRM AND ACKNOWLEDGE")): Object: 'Object Repository/OCS-DESKTOP/Age gate and Mega menu/Checkbox_CONFIRM AND ACKNOWLEDGE' is clicked on

2019-06-07 11:47:50 - [MESSAGE][PASSED] - Object: 'Object Repository/OCS-DESKTOP/Age gate and Mega menu/Checkbox_CONFIRM AND ACKNOWLEDGE' is clicked on

2019-06-07 11:47:50 - [TEST_STEP][PASSED] - click(findTestObject("OCS-DESKTOP/Age gate and Mega menu/button_CONFIRM")): Object: 'Object Repository/OCS-DESKTOP/Age gate and Mega menu/button_CONFIRM' is clicked on

2019-06-07 11:47:50 - [MESSAGE][PASSED] - Object: 'Object Repository/OCS-DESKTOP/Age gate and Mega menu/button_CONFIRM' is clicked on

2019-06-07 11:47:50 - [TEST_STEP][PASSED] - click(findTestObject("OCS-DESKTOP/Age gate and Mega menu/button_Start Browsing")): Object: 'Object Repository/OCS-DESKTOP/Age gate and Mega menu/button_Start Browsing' is clicked on

2019-06-07 11:47:50 - [MESSAGE][PASSED] - Object: 'Object Repository/OCS-DESKTOP/Age gate and Mega menu/button_Start Browsing' is clicked on

2019-06-07 11:47:50 - [TEST_STEP][PASSED] - delay(2): Delayed 2 second(s)

2019-06-07 11:47:52 - [MESSAGE][PASSED] - Delayed 2 second(s)

2019-06-07 11:47:52 - [TEST_STEP][PASSED] - refresh(): Refresh successfully

2019-06-07 11:47:55 - [MESSAGE][PASSED] - Refresh successfully

2019-06-07 11:47:55 - [MESSAGE][PASSED] - Call Test Case 'Test Cases/OCS - DESKTOP/CALL- Age gate' successfully

2019-06-07 11:47:55 - [TEST_STEP][PASSED] - click(findTestObject("OCS-DESKTOP/Age gate and Mega menu/Header/CANNABIS menu - English")): Object: 'Object Repository/OCS-DESKTOP/Age gate and Mega menu/Header/CANNABIS menu - English' is clicked on

2019-06-07 11:47:56 - [MESSAGE][PASSED] - Object: 'Object Repository/OCS-DESKTOP/Age gate and Mega menu/Header/CANNABIS menu - English' is clicked on

2019-06-07 11:47:56 - [TEST_STEP][PASSED] - delay(2): Delayed 2 second(s)

2019-06-07 11:47:58 - [MESSAGE][PASSED] - Delayed 2 second(s)

2019-06-07 11:47:58 - [TEST_STEP][PASSED] - click(findTestObject("OCS-DESKTOP/Age gate and Mega menu/Indica Dominant_Menu item")): Object: 'Object Repository/OCS-DESKTOP/Age gate and Mega menu/Indica Dominant_Menu item' is clicked on

2019-06-07 11:48:01 - [MESSAGE][PASSED] - Object: 'Object Repository/OCS-DESKTOP/Age gate and Mega menu/Indica Dominant_Menu item' is clicked on

2019-06-07 11:48:01 - [TEST_STEP][PASSED] - executeJavaScript("var previewBar = document.getElementById("preview-bar-iframe"); previewBar.style.display = "none";", []): Execute JavaScript 'var previewBar = document.getElementById("preview-bar-iframe"); previewBar.style.display = "none";' successfully

2019-06-07 11:48:01 - [MESSAGE][PASSED] - Execute JavaScript 'var previewBar = document.getElementById("preview-bar-iframe"); previewBar.style.display = "none";' successfully

2019-06-07 11:48:01 - [TEST_STEP][PASSED] - delay(2): Delayed 2 second(s)

2019-06-07 11:48:03 - [MESSAGE][PASSED] - Delayed 2 second(s)

2019-06-07 11:48:03 - [TEST_STEP][PASSED] - click(findTestObject("OCS-DESKTOP/Collection page/Product image - 1st one")): Object: 'Object Repository/OCS-DESKTOP/Collection page/Product image - 1st one' is clicked on

2019-06-07 11:48:05 - [MESSAGE][PASSED] - Object: 'Object Repository/OCS-DESKTOP/Collection page/Product image - 1st one' is clicked on

2019-06-07 11:48:05 - [TEST_STEP][PASSED] - executeJavaScript("var previewBar = document.getElementById("preview-bar-iframe"); previewBar.style.display = "none";", []): Execute JavaScript 'var previewBar = document.getElementById("preview-bar-iframe"); previewBar.style.display = "none";' successfully

2019-06-07 11:48:05 - [MESSAGE][PASSED] - Execute JavaScript 'var previewBar = document.getElementById("preview-bar-iframe"); previewBar.style.display = "none";' successfully

2019-06-07 11:48:05 - [TEST_STEP][PASSED] - delay(1): Delayed 1 second(s)

2019-06-07 11:48:07 - [MESSAGE][PASSED] - Delayed 1 second(s)

2019-06-07 11:48:07 - [TEST_STEP][PASSED] - delay(3): Delayed 3 second(s)

2019-06-07 11:48:10 - [MESSAGE][PASSED] - Delayed 3 second(s)

2019-06-07 11:48:10 - [TEST_STEP][NOT_RUN] - scrollToElement(findTestObject("OCS-DESKTOP/Product page/Product image"), 1): NOT_RUN: scrollToElement(findTestObject("OCS-DESKTOP/Product page/Product image"), 1)

2019-06-07 11:48:10 - [MESSAGE][NOT_RUN] - NOT_RUN: scrollToElement(findTestObject("OCS-DESKTOP/Product page/Product image"), 1)

2019-06-07 11:48:10 - [TEST_STEP][PASSED] - click(findTestObject("OCS-DESKTOP/Product page/Swatch_1g")): Object: 'Object Repository/OCS-DESKTOP/Product page/Swatch_1g' is clicked on

2019-06-07 11:48:10 - [MESSAGE][PASSED] - Object: 'Object Repository/OCS-DESKTOP/Product page/Swatch_1g' is clicked on

2019-06-07 11:48:10 - [TEST_STEP][PASSED] - delay(2): Delayed 2 second(s)

2019-06-07 11:48:12 - [MESSAGE][PASSED] - Delayed 2 second(s)

2019-06-07 11:48:12 - [TEST_STEP][PASSED] - click(findTestObject("OCS-DESKTOP/Product page/Add to Bag-button")): Object: 'Object Repository/OCS-DESKTOP/Product page/Add to Bag-button' is clicked on

2019-06-07 11:48:12 - [MESSAGE][PASSED] - Object: 'Object Repository/OCS-DESKTOP/Product page/Add to Bag-button' is clicked on

2019-06-07 11:48:12 - [TEST_STEP][PASSED] - delay(1): Delayed 1 second(s)

2019-06-07 11:48:13 - [MESSAGE][PASSED] - Delayed 1 second(s)

2019-06-07 11:48:13 - [TEST_STEP][NOT_RUN] - click(findTestObject("OCS-DESKTOP/Home - page/Cart icon -bag")): NOT_RUN: click(findTestObject("OCS-DESKTOP/Home - page/Cart icon -bag"))

2019-06-07 11:48:13 - [MESSAGE][NOT_RUN] - NOT_RUN: click(findTestObject("OCS-DESKTOP/Home - page/Cart icon -bag"))

2019-06-07 11:48:13 - [TEST_STEP][PASSED] - delay(1): Delayed 1 second(s)

2019-06-07 11:48:14 - [MESSAGE][PASSED] - Delayed 1 second(s)

2019-06-07 11:48:14 - [TEST_STEP][PASSED] - click(findTestObject("OCS-DESKTOP/Cart flyout/Checkbox_I confirm that")): Object: 'Object Repository/OCS-DESKTOP/Cart flyout/Checkbox_I confirm that' is clicked on

2019-06-07 11:48:14 - [MESSAGE][PASSED] - Object: 'Object Repository/OCS-DESKTOP/Cart flyout/Checkbox_I confirm that' is clicked on

2019-06-07 11:48:14 - [TEST_STEP][PASSED] - delay(1): Delayed 1 second(s)

2019-06-07 11:48:15 - [MESSAGE][PASSED] - Delayed 1 second(s)

2019-06-07 11:48:15 - [TEST_STEP][PASSED] - click(findTestObject("OCS-DESKTOP/Cart flyout/Checkbox_Accept the Terms Condition")): Object: 'Object Repository/OCS-DESKTOP/Cart flyout/Checkbox_Accept the Terms Condition' is clicked on

2019-06-07 11:48:16 - [MESSAGE][PASSED] - Object: 'Object Repository/OCS-DESKTOP/Cart flyout/Checkbox_Accept the Terms Condition' is clicked on

2019-06-07 11:48:16 - [TEST_STEP][PASSED] - delay(1): Delayed 1 second(s)

2019-06-07 11:48:17 - [MESSAGE][PASSED] - Delayed 1 second(s)

2019-06-07 11:48:17 - [TEST_STEP][PASSED] - click(findTestObject("OCS-DESKTOP/Cart flyout/Checkout - Button")): Object: 'Object Repository/OCS-DESKTOP/Cart flyout/Checkout - Button' is clicked on

2019-06-07 11:48:22 - [MESSAGE][PASSED] - Object: 'Object Repository/OCS-DESKTOP/Cart flyout/Checkout - Button' is clicked on

2019-06-07 11:48:22 - [TEST_STEP][PASSED] - executeJavaScript("var previewBar = document.getElementById("preview-bar-iframe"); previewBar.style.display = "none";", []): Execute JavaScript 'var previewBar = document.getElementById("preview-bar-iframe"); previewBar.style.display = "none";' successfully

2019-06-07 11:48:22 - [MESSAGE][PASSED] - Execute JavaScript 'var previewBar = document.getElementById("preview-bar-iframe"); previewBar.style.display = "none";' successfully

2019-06-07 11:48:22 - [TEST_STEP][PASSED] - delay(1): Delayed 1 second(s)

2019-06-07 11:48:23 - [MESSAGE][PASSED] - Delayed 1 second(s)

2019-06-07 11:48:23 - [TEST_STEP][PASSED] - delay(2): Delayed 2 second(s)

2019-06-07 11:48:25 - [MESSAGE][PASSED] - Delayed 2 second(s)

2019-06-07 11:48:25 - [TEST_STEP][PASSED] - scrollToElement(findTestObject("OCS-DESKTOP/Customer info page/input_Email"), 0): Scroll to object 'Object Repository/OCS-DESKTOP/Customer info page/input_Email' successfully

2019-06-07 11:48:25 - [MESSAGE][WARNING] - Timeout '0' is invalid. Using default page load timeout: '30'

2019-06-07 11:48:25 - [MESSAGE][PASSED] - Scroll to object 'Object Repository/OCS-DESKTOP/Customer info page/input_Email' successfully

2019-06-07 11:48:25 - [TEST_STEP][PASSED] - setText(findTestObject("OCS-DESKTOP/Customer info page/input_Email"), "suman.kompelly@diffagency.com"): Text 'suman.kompelly@diffagency.com' is set on object 'Object Repository/OCS-DESKTOP/Customer info page/input_Email'

2019-06-07 11:48:25 - [MESSAGE][PASSED] - Text 'suman.kompelly@diffagency.com' is set on object 'Object Repository/OCS-DESKTOP/Customer info page/input_Email'

2019-06-07 11:48:25 - [TEST_STEP][PASSED] - setText(findTestObject("OCS-DESKTOP/Customer info page/input_First name"), "suman"): Text 'suman' is set on object 'Object Repository/OCS-DESKTOP/Customer info page/input_First name'

2019-06-07 11:48:25 - [MESSAGE][PASSED] - Text 'suman' is set on object 'Object Repository/OCS-DESKTOP/Customer info page/input_First name'

2019-06-07 11:48:25 - [TEST_STEP][PASSED] - setText(findTestObject("OCS-DESKTOP/Customer info page/input_Last name"), "kompelly"): Text 'kompelly' is set on object 'Object Repository/OCS-DESKTOP/Customer info page/input_Last name'

2019-06-07 11:48:26 - [MESSAGE][PASSED] - Text 'kompelly' is set on object 'Object Repository/OCS-DESKTOP/Customer info page/input_Last name'

2019-06-07 11:48:26 - [TEST_STEP][PASSED] - setText(findTestObject("OCS-DESKTOP/Customer info page/input_Address"), "300 saint alxendre"): Text '300 saint alxendre' is set on object 'Object Repository/OCS-DESKTOP/Customer info page/input_Address'

2019-06-07 11:48:26 - [MESSAGE][PASSED] - Text '300 saint alxendre' is set on object 'Object Repository/OCS-DESKTOP/Customer info page/input_Address'

2019-06-07 11:48:26 - [TEST_STEP][PASSED] - setText(findTestObject("OCS-DESKTOP/Customer info page/input_Apartment suite etc. (op"), "199"): Text '199' is set on object 'Object Repository/OCS-DESKTOP/Customer info page/input_Apartment suite etc. (op'

2019-06-07 11:48:26 - [MESSAGE][PASSED] - Text '199' is set on object 'Object Repository/OCS-DESKTOP/Customer info page/input_Apartment suite etc. (op'

2019-06-07 11:48:26 - [TEST_STEP][PASSED] - setText(findTestObject("OCS-DESKTOP/Customer info page/input_City"), "montreal"): Text 'montreal' is set on object 'Object Repository/OCS-DESKTOP/Customer info page/input_City'

2019-06-07 11:48:26 - [MESSAGE][PASSED] - Text 'montreal' is set on object 'Object Repository/OCS-DESKTOP/Customer info page/input_City'

2019-06-07 11:48:26 - [TEST_STEP][PASSED] - setText(findTestObject("OCS-DESKTOP/Customer info page/input_Postal code"), "n0R1K0"): Text 'n0R1K0' is set on object 'Object Repository/OCS-DESKTOP/Customer info page/input_Postal code'

2019-06-07 11:48:26 - [MESSAGE][PASSED] - Text 'n0R1K0' is set on object 'Object Repository/OCS-DESKTOP/Customer info page/input_Postal code'

2019-06-07 11:48:26 - [TEST_STEP][PASSED] - setText(findTestObject("OCS-DESKTOP/Customer info page/input_Phone"), "(514) 449-3882"): Text '(514) 449-3882' is set on object 'Object Repository/OCS-DESKTOP/Customer info page/input_Phone'

2019-06-07 11:48:26 - [MESSAGE][PASSED] - Text '(514) 449-3882' is set on object 'Object Repository/OCS-DESKTOP/Customer info page/input_Phone'

2019-06-07 11:48:26 - [TEST_STEP][PASSED] - delay(3): Delayed 3 second(s)

2019-06-07 11:48:29 - [MESSAGE][PASSED] - Delayed 3 second(s)

2019-06-07 11:48:29 - [TEST_STEP][PASSED] - click(findTestObject("OCS-DESKTOP/Customer info page/Continue to shipping method - Button")): Object: 'Object Repository/OCS-DESKTOP/Customer info page/Continue to shipping method - Button' is clicked on

2019-06-07 11:48:31 - [MESSAGE][PASSED] - Object: 'Object Repository/OCS-DESKTOP/Customer info page/Continue to shipping method - Button' is clicked on

2019-06-07 11:48:31 - [TEST_STEP][PASSED] - delay(3): Delayed 3 second(s)

2019-06-07 11:48:34 - [MESSAGE][PASSED] - Delayed 3 second(s)

2019-06-07 11:48:34 - [TEST_STEP][PASSED] - executeJavaScript("var previewBar = document.getElementById("preview-bar-iframe"); previewBar.style.display = "none";", []): Execute JavaScript 'var previewBar = document.getElementById("preview-bar-iframe"); previewBar.style.display = "none";' successfully

2019-06-07 11:48:34 - [MESSAGE][PASSED] - Execute JavaScript 'var previewBar = document.getElementById("preview-bar-iframe"); previewBar.style.display = "none";' successfully

2019-06-07 11:48:34 - [TEST_STEP][PASSED] - delay(1): Delayed 1 second(s)

2019-06-07 11:48:35 - [MESSAGE][PASSED] - Delayed 1 second(s)

2019-06-07 11:48:35 - [TEST_STEP][PASSED] - delay(1): Delayed 1 second(s)

2019-06-07 11:48:36 - [MESSAGE][PASSED] - Delayed 1 second(s)

2019-06-07 11:48:36 - [TEST_STEP][PASSED] - click(findTestObject("OCS-DESKTOP/Shipping page/Continue to payment method - Button")): Object: 'Object Repository/OCS-DESKTOP/Shipping page/Continue to payment method - Button' is clicked on

2019-06-07 11:48:39 - [MESSAGE][PASSED] - Object: 'Object Repository/OCS-DESKTOP/Shipping page/Continue to payment method - Button' is clicked on

2019-06-07 11:48:39 - [TEST_STEP][PASSED] - executeJavaScript("var previewBar = document.getElementById("preview-bar-iframe"); previewBar.style.display = "none";", []): Execute JavaScript 'var previewBar = document.getElementById("preview-bar-iframe"); previewBar.style.display = "none";' successfully

2019-06-07 11:48:39 - [MESSAGE][PASSED] - Execute JavaScript 'var previewBar = document.getElementById("preview-bar-iframe"); previewBar.style.display = "none";' successfully

2019-06-07 11:48:39 - [TEST_STEP][PASSED] - delay(1): Delayed 1 second(s)

2019-06-07 11:48:40 - [MESSAGE][PASSED] - Delayed 1 second(s)

2019-06-07 11:48:40 - [TEST_STEP][PASSED] - click(findTestObject("OCS-DESKTOP/Payment -page/Change link span 1")): Object: 'Object Repository/OCS-DESKTOP/Payment -page/Change link span 1' is clicked on

2019-06-07 11:48:42 - [MESSAGE][PASSED] - Object: 'Object Repository/OCS-DESKTOP/Payment -page/Change link span 1' is clicked on

2019-06-07 11:48:42 - [TEST_STEP][PASSED] - executeJavaScript("var previewBar = document.getElementById("preview-bar-iframe"); previewBar.style.display = "none";", []): Execute JavaScript 'var previewBar = document.getElementById("preview-bar-iframe"); previewBar.style.display = "none";' successfully

2019-06-07 11:48:42 - [MESSAGE][PASSED] - Execute JavaScript 'var previewBar = document.getElementById("preview-bar-iframe"); previewBar.style.display = "none";' successfully

2019-06-07 11:48:42 - [TEST_STEP][PASSED] - delay(1): Delayed 1 second(s)

2019-06-07 11:48:43 - [MESSAGE][PASSED] - Delayed 1 second(s)

2019-06-07 11:48:43 - [TEST_STEP][PASSED] - click(findTestObject("OCS-DESKTOP/Shipping page/Continue to payment method - Button")): Object: 'Object Repository/OCS-DESKTOP/Shipping page/Continue to payment method - Button' is clicked on

2019-06-07 11:48:45 - [MESSAGE][PASSED] - Object: 'Object Repository/OCS-DESKTOP/Shipping page/Continue to payment method - Button' is clicked on

2019-06-07 11:48:45 - [TEST_STEP][PASSED] - executeJavaScript("var previewBar = document.getElementById("preview-bar-iframe"); previewBar.style.display = "none";", []): Execute JavaScript 'var previewBar = document.getElementById("preview-bar-iframe"); previewBar.style.display = "none";' successfully

2019-06-07 11:48:45 - [MESSAGE][PASSED] - Execute JavaScript 'var previewBar = document.getElementById("preview-bar-iframe"); previewBar.style.display = "none";' successfully

2019-06-07 11:48:45 - [TEST_STEP][PASSED] - delay(1): Delayed 1 second(s)

2019-06-07 11:48:46 - [MESSAGE][PASSED] - Delayed 1 second(s)

2019-06-07 11:48:46 - [TEST_STEP][PASSED] - click(findTestObject("OCS-DESKTOP/Shipping page/Continue to payment method - Button")): Object: 'Object Repository/OCS-DESKTOP/Shipping page/Continue to payment method - Button' is clicked on

2019-06-07 11:48:48 - [MESSAGE][PASSED] - Object: 'Object Repository/OCS-DESKTOP/Shipping page/Continue to payment method - Button' is clicked on

2019-06-07 11:48:48 - [TEST_STEP][PASSED] - executeJavaScript("var previewBar = document.getElementById("preview-bar-iframe"); previewBar.style.display = "none";", []): Execute JavaScript 'var previewBar = document.getElementById("preview-bar-iframe"); previewBar.style.display = "none";' successfully

2019-06-07 11:48:48 - [MESSAGE][PASSED] - Execute JavaScript 'var previewBar = document.getElementById("preview-bar-iframe"); previewBar.style.display = "none";' successfully

2019-06-07 11:48:48 - [TEST_STEP][PASSED] - delay(1): Delayed 1 second(s)

2019-06-07 11:48:49 - [MESSAGE][PASSED] - Delayed 1 second(s)

2019-06-07 11:48:49 - [TEST_STEP][PASSED] - click(findTestObject("OCS-DESKTOP/Payment -page/Change link span 2")): Object: 'Object Repository/OCS-DESKTOP/Payment -page/Change link span 2' is clicked on

2019-06-07 11:48:51 - [MESSAGE][PASSED] - Object: 'Object Repository/OCS-DESKTOP/Payment -page/Change link span 2' is clicked on

2019-06-07 11:48:51 - [TEST_STEP][PASSED] - executeJavaScript("var previewBar = document.getElementById("preview-bar-iframe"); previewBar.style.display = "none";", []): Execute JavaScript 'var previewBar = document.getElementById("preview-bar-iframe"); previewBar.style.display = "none";' successfully

2019-06-07 11:48:51 - [MESSAGE][PASSED] - Execute JavaScript 'var previewBar = document.getElementById("preview-bar-iframe"); previewBar.style.display = "none";' successfully

2019-06-07 11:48:51 - [TEST_STEP][PASSED] - delay(1): Delayed 1 second(s)

2019-06-07 11:48:52 - [MESSAGE][PASSED] - Delayed 1 second(s)

2019-06-07 11:48:52 - [TEST_STEP][PASSED] - click(findTestObject("OCS-DESKTOP/Shipping page/Continue to payment method - Button")): Object: 'Object Repository/OCS-DESKTOP/Shipping page/Continue to payment method - Button' is clicked on

2019-06-07 11:48:54 - [MESSAGE][PASSED] - Object: 'Object Repository/OCS-DESKTOP/Shipping page/Continue to payment method - Button' is clicked on

2019-06-07 11:48:54 - [TEST_STEP][PASSED] - executeJavaScript("var previewBar = document.getElementById("preview-bar-iframe"); previewBar.style.display = "none";", []): Execute JavaScript 'var previewBar = document.getElementById("preview-bar-iframe"); previewBar.style.display = "none";' successfully

2019-06-07 11:48:54 - [MESSAGE][PASSED] - Execute JavaScript 'var previewBar = document.getElementById("preview-bar-iframe"); previewBar.style.display = "none";' successfully

2019-06-07 11:48:54 - [TEST_STEP][PASSED] - delay(1): Delayed 1 second(s)

2019-06-07 11:48:55 - [MESSAGE][PASSED] - Delayed 1 second(s)

2019-06-07 11:48:55 - [TEST_STEP][PASSED] - click(findTestObject("OCS-DESKTOP/Shipping page/Continue to payment method - Button")): Object: 'Object Repository/OCS-DESKTOP/Shipping page/Continue to payment method - Button' is clicked on

2019-06-07 11:48:57 - [MESSAGE][PASSED] - Object: 'Object Repository/OCS-DESKTOP/Shipping page/Continue to payment method - Button' is clicked on

2019-06-07 11:48:57 - [TEST_STEP][PASSED] - executeJavaScript("var previewBar = document.getElementById("preview-bar-iframe"); previewBar.style.display = "none";", []): Execute JavaScript 'var previewBar = document.getElementById("preview-bar-iframe"); previewBar.style.display = "none";' successfully

2019-06-07 11:48:57 - [MESSAGE][PASSED] - Execute JavaScript 'var previewBar = document.getElementById("preview-bar-iframe"); previewBar.style.display = "none";' successfully

2019-06-07 11:48:57 - [TEST_STEP][PASSED] - click(findTestObject("OCS-DESKTOP/Customer info page/Cart - Breadcrumb link")): Object: 'Object Repository/OCS-DESKTOP/Customer info page/Cart - Breadcrumb link' is clicked on

2019-06-07 11:48:59 - [MESSAGE][PASSED] - Object: 'Object Repository/OCS-DESKTOP/Customer info page/Cart - Breadcrumb link' is clicked on

2019-06-07 11:48:59 - [TEST_STEP][PASSED] - executeJavaScript("var previewBar = document.getElementById("preview-bar-iframe"); previewBar.style.display = "none";", []): Execute JavaScript 'var previewBar = document.getElementById("preview-bar-iframe"); previewBar.style.display = "none";' successfully

2019-06-07 11:48:59 - [MESSAGE][PASSED] - Execute JavaScript 'var previewBar = document.getElementById("preview-bar-iframe"); previewBar.style.display = "none";' successfully

2019-06-07 11:48:59 - [TEST_STEP][PASSED] - delay(1): Delayed 1 second(s)

2019-06-07 11:49:00 - [MESSAGE][PASSED] - Delayed 1 second(s)

2019-06-07 11:49:00 - [TEST_STEP][PASSED] - click(findTestObject("OCS-DESKTOP/Cart page/cart page-Checkbox_I confirm that")): Object: 'Object Repository/OCS-DESKTOP/Cart page/cart page-Checkbox_I confirm that' is clicked on

2019-06-07 11:49:00 - [MESSAGE][PASSED] - Object: 'Object Repository/OCS-DESKTOP/Cart page/cart page-Checkbox_I confirm that' is clicked on

2019-06-07 11:49:00 - [TEST_STEP][PASSED] - delay(1): Delayed 1 second(s)

2019-06-07 11:49:01 - [MESSAGE][PASSED] - Delayed 1 second(s)

2019-06-07 11:49:01 - [TEST_STEP][PASSED] - click(findTestObject("OCS-DESKTOP/Cart page/cart page - Checkbox_Accept the Terms Condition")): Object: 'Object Repository/OCS-DESKTOP/Cart page/cart page - Checkbox_Accept the Terms Condition' is clicked on

2019-06-07 11:49:02 - [MESSAGE][PASSED] - Object: 'Object Repository/OCS-DESKTOP/Cart page/cart page - Checkbox_Accept the Terms Condition' is clicked on

2019-06-07 11:49:02 - [TEST_STEP][PASSED] - delay(1): Delayed 1 second(s)

2019-06-07 11:49:03 - [MESSAGE][PASSED] - Delayed 1 second(s)

2019-06-07 11:49:03 - [TEST_STEP][PASSED] - click(findTestObject("OCS-DESKTOP/Cart page/Cart page -checkout button")): Object: 'Object Repository/OCS-DESKTOP/Cart page/Cart page -checkout button' is clicked on

2019-06-07 11:49:04 - [MESSAGE][PASSED] - Object: 'Object Repository/OCS-DESKTOP/Cart page/Cart page -checkout button' is clicked on

2019-06-07 11:49:04 - [TEST_STEP][PASSED] - delay(1): Delayed 1 second(s)

2019-06-07 11:49:05 - [MESSAGE][PASSED] - Delayed 1 second(s)

2019-06-07 11:49:05 - [TEST_STEP][PASSED] - click(findTestObject("OCS-DESKTOP/Payment -page/Information - Breadcrumb link")): Object: 'Object Repository/OCS-DESKTOP/Payment -page/Information - Breadcrumb link' is clicked on

2019-06-07 11:49:07 - [MESSAGE][PASSED] - Object: 'Object Repository/OCS-DESKTOP/Payment -page/Information - Breadcrumb link' is clicked on

2019-06-07 11:49:07 - [TEST_STEP][PASSED] - delay(1): Delayed 1 second(s)

2019-06-07 11:49:08 - [MESSAGE][PASSED] - Delayed 1 second(s)

2019-06-07 11:49:08 - [TEST_STEP][PASSED] - executeJavaScript("var previewBar = document.getElementById("preview-bar-iframe"); previewBar.style.display = "none";", []): Execute JavaScript 'var previewBar = document.getElementById("preview-bar-iframe"); previewBar.style.display = "none";' successfully

2019-06-07 11:49:08 - [MESSAGE][PASSED] - Execute JavaScript 'var previewBar = document.getElementById("preview-bar-iframe"); previewBar.style.display = "none";' successfully

2019-06-07 11:49:08 - [TEST_STEP][PASSED] - delay(1): Delayed 1 second(s)

2019-06-07 11:49:09 - [MESSAGE][PASSED] - Delayed 1 second(s)

2019-06-07 11:49:09 - [TEST_STEP][PASSED] - click(findTestObject("OCS-DESKTOP/Customer info page/Continue to shipping method - Button")): Object: 'Object Repository/OCS-DESKTOP/Customer info page/Continue to shipping method - Button' is clicked on

2019-06-07 11:49:11 - [MESSAGE][PASSED] - Object: 'Object Repository/OCS-DESKTOP/Customer info page/Continue to shipping method - Button' is clicked on

2019-06-07 11:49:11 - [TEST_STEP][PASSED] - delay(1): Delayed 1 second(s)

2019-06-07 11:49:12 - [MESSAGE][PASSED] - Delayed 1 second(s)

2019-06-07 11:49:12 - [TEST_STEP][PASSED] - click(findTestObject("OCS-DESKTOP/Shipping page/Shipping - Breadcrumb link")): Object: 'Object Repository/OCS-DESKTOP/Shipping page/Shipping - Breadcrumb link' is clicked on

2019-06-07 11:49:13 - [MESSAGE][PASSED] - Object: 'Object Repository/OCS-DESKTOP/Shipping page/Shipping - Breadcrumb link' is clicked on

2019-06-07 11:49:13 - [TEST_STEP][PASSED] - executeJavaScript("var previewBar = document.getElementById("preview-bar-iframe"); previewBar.style.display = "none";", []): Execute JavaScript 'var previewBar = document.getElementById("preview-bar-iframe"); previewBar.style.display = "none";' successfully

2019-06-07 11:49:13 - [MESSAGE][PASSED] - Execute JavaScript 'var previewBar = document.getElementById("preview-bar-iframe"); previewBar.style.display = "none";' successfully

2019-06-07 11:49:13 - [TEST_STEP][PASSED] - delay(1): Delayed 1 second(s)

2019-06-07 11:49:14 - [MESSAGE][PASSED] - Delayed 1 second(s)

2019-06-07 11:49:14 - [TEST_STEP][PASSED] - click(findTestObject("OCS-DESKTOP/Shipping page/Continue to payment method - Button")): Object: 'Object Repository/OCS-DESKTOP/Shipping page/Continue to payment method - Button' is clicked on

2019-06-07 11:49:18 - [MESSAGE][PASSED] - Object: 'Object Repository/OCS-DESKTOP/Shipping page/Continue to payment method - Button' is clicked on]]></system-out>
         <system-err><![CDATA[]]></system-err>
      </testcase>
      <testcase name="Test Cases/OCS - DESKTOP/OCS- HOME PAGE/Announcement" classname="Test Cases/OCS - DESKTOP/OCS- HOME PAGE/Announcement" status="FAILED">
         <failure type="FAILED" message="Test Cases/OCS - DESKTOP/OCS- HOME PAGE/Announcement FAILED.
Reason:
com.kms.katalon.core.exception.StepFailedException: Text 'Due to holiday closures within the Canada Post network for Victoria Day, please expect some order delivery delays.' is not present on page 
	at com.kms.katalon.core.keyword.internal.KeywordMain.stepFailed(KeywordMain.groovy:32)
	at com.kms.katalon.core.webui.keyword.internal.WebUIKeywordMain.stepFailed(WebUIKeywordMain.groovy:65)
	at com.kms.katalon.core.webui.keyword.builtin.VerifyTextPresentKeyword$_verifyTextPresent_closure1.doCall(VerifyTextPresentKeyword.groovy:79)
	at com.kms.katalon.core.webui.keyword.builtin.VerifyTextPresentKeyword$_verifyTextPresent_closure1.call(VerifyTextPresentKeyword.groovy)
	at com.kms.katalon.core.webui.keyword.internal.WebUIKeywordMain.runKeyword(WebUIKeywordMain.groovy:21)
	at com.kms.katalon.core.webui.keyword.builtin.VerifyTextPresentKeyword.verifyTextPresent(VerifyTextPresentKeyword.groovy:83)
	at com.kms.katalon.core.webui.keyword.builtin.VerifyTextPresentKeyword.execute(VerifyTextPresentKeyword.groovy:68)
	at com.kms.katalon.core.keyword.internal.KeywordExecutor.executeKeywordForPlatform(KeywordExecutor.groovy:53)
	at com.kms.katalon.core.webui.keyword.WebUiBuiltInKeywords.verifyTextPresent(WebUiBuiltInKeywords.groovy:1677)
	at com.kms.katalon.core.webui.keyword.WebUiBuiltInKeywords$verifyTextPresent$16.call(Unknown Source)
	at Announcement.run(Announcement:18)
	at com.kms.katalon.core.main.ScriptEngine.run(ScriptEngine.java:194)
	at com.kms.katalon.core.main.ScriptEngine.runScriptAsRawText(ScriptEngine.java:119)
	at com.kms.katalon.core.main.TestCaseExecutor.runScript(TestCaseExecutor.java:328)
	at com.kms.katalon.core.main.TestCaseExecutor.doExecute(TestCaseExecutor.java:319)
	at com.kms.katalon.core.main.TestCaseExecutor.processExecutionPhase(TestCaseExecutor.java:298)
	at com.kms.katalon.core.main.TestCaseExecutor.accessMainPhase(TestCaseExecutor.java:290)
	at com.kms.katalon.core.main.TestCaseExecutor.execute(TestCaseExecutor.java:224)
	at com.kms.katalon.core.main.TestSuiteExecutor.accessTestCaseMainPhase(TestSuiteExecutor.java:129)
	at com.kms.katalon.core.main.TestSuiteExecutor.accessTestSuiteMainPhase(TestSuiteExecutor.java:112)
	at com.kms.katalon.core.main.TestSuiteExecutor.execute(TestSuiteExecutor.java:81)
	at com.kms.katalon.core.main.TestCaseMain.startTestSuite(TestCaseMain.java:149)
	at com.kms.katalon.core.main.TestCaseMain$startTestSuite$0.call(Unknown Source)
	at TempTestSuite1559921811030.run(TempTestSuite1559921811030.groovy:36)
"/>
         <system-out><![CDATA[2019-06-07 11:49:18 - [TEST_CASE][FAILED] - Test Cases/OCS - DESKTOP/OCS- HOME PAGE/Announcement: Test Cases/OCS - DESKTOP/OCS- HOME PAGE/Announcement FAILED.
Reason:
com.kms.katalon.core.exception.StepFailedException: Text 'Due to holiday closures within the Canada Post network for Victoria Day, please expect some order delivery delays.' is not present on page 
	at com.kms.katalon.core.keyword.internal.KeywordMain.stepFailed(KeywordMain.groovy:32)
	at com.kms.katalon.core.webui.keyword.internal.WebUIKeywordMain.stepFailed(WebUIKeywordMain.groovy:65)
	at com.kms.katalon.core.webui.keyword.builtin.VerifyTextPresentKeyword$_verifyTextPresent_closure1.doCall(VerifyTextPresentKeyword.groovy:79)
	at com.kms.katalon.core.webui.keyword.builtin.VerifyTextPresentKeyword$_verifyTextPresent_closure1.call(VerifyTextPresentKeyword.groovy)
	at com.kms.katalon.core.webui.keyword.internal.WebUIKeywordMain.runKeyword(WebUIKeywordMain.groovy:21)
	at com.kms.katalon.core.webui.keyword.builtin.VerifyTextPresentKeyword.verifyTextPresent(VerifyTextPresentKeyword.groovy:83)
	at com.kms.katalon.core.webui.keyword.builtin.VerifyTextPresentKeyword.execute(VerifyTextPresentKeyword.groovy:68)
	at com.kms.katalon.core.keyword.internal.KeywordExecutor.executeKeywordForPlatform(KeywordExecutor.groovy:53)
	at com.kms.katalon.core.webui.keyword.WebUiBuiltInKeywords.verifyTextPresent(WebUiBuiltInKeywords.groovy:1677)
	at com.kms.katalon.core.webui.keyword.WebUiBuiltInKeywords$verifyTextPresent$16.call(Unknown Source)
	at Announcement.run(Announcement:18)
	at com.kms.katalon.core.main.ScriptEngine.run(ScriptEngine.java:194)
	at com.kms.katalon.core.main.ScriptEngine.runScriptAsRawText(ScriptEngine.java:119)
	at com.kms.katalon.core.main.TestCaseExecutor.runScript(TestCaseExecutor.java:328)
	at com.kms.katalon.core.main.TestCaseExecutor.doExecute(TestCaseExecutor.java:319)
	at com.kms.katalon.core.main.TestCaseExecutor.processExecutionPhase(TestCaseExecutor.java:298)
	at com.kms.katalon.core.main.TestCaseExecutor.accessMainPhase(TestCaseExecutor.java:290)
	at com.kms.katalon.core.main.TestCaseExecutor.execute(TestCaseExecutor.java:224)
	at com.kms.katalon.core.main.TestSuiteExecutor.accessTestCaseMainPhase(TestSuiteExecutor.java:129)
	at com.kms.katalon.core.main.TestSuiteExecutor.accessTestSuiteMainPhase(TestSuiteExecutor.java:112)
	at com.kms.katalon.core.main.TestSuiteExecutor.execute(TestSuiteExecutor.java:81)
	at com.kms.katalon.core.main.TestCaseMain.startTestSuite(TestCaseMain.java:149)
	at com.kms.katalon.core.main.TestCaseMain$startTestSuite$0.call(Unknown Source)
	at TempTestSuite1559921811030.run(TempTestSuite1559921811030.groovy:36)


2019-06-07 11:49:18 - [TEST_STEP][PASSED] - callTestCase(findTestCase("OCS - DESKTOP/CALL- Age gate"), [:], STOP_ON_FAILURE): Call Test Case 'Test Cases/OCS - DESKTOP/CALL- Age gate' successfully

2019-06-07 11:49:18 - [TEST_CASE][PASSED] - Test Cases/OCS - DESKTOP/CALL- Age gate: Test Cases/OCS - DESKTOP/CALL- Age gate

2019-06-07 11:49:18 - [TEST_STEP][PASSED] - openBrowser(""): Browser is opened with url: ''

2019-06-07 11:49:18 - [MESSAGE][WARNING] - A browser is already opened. Closing browser and opening a new one

2019-06-07 11:49:18 - [MESSAGE][INFO] - Starting 'Firefox' driver

2019-06-07 11:49:21 - [MESSAGE][PASSED] - Browser is opened with url: ''

2019-06-07 11:49:21 - [TEST_STEP][PASSED] - navigateToUrl("https://ocs.ca/?fts=0&preview_theme_id=72920074060"): Navigate to 'https://ocs.ca/?fts=0&preview_theme_id=72920074060' successfully

2019-06-07 11:49:30 - [MESSAGE][PASSED] - Navigate to 'https://ocs.ca/?fts=0&preview_theme_id=72920074060' successfully

2019-06-07 11:49:30 - [TEST_STEP][PASSED] - maximizeWindow(): Current window maximized

2019-06-07 11:49:30 - [MESSAGE][PASSED] - Current window maximized

2019-06-07 11:49:30 - [TEST_STEP][PASSED] - delay(2): Delayed 2 second(s)

2019-06-07 11:49:32 - [MESSAGE][PASSED] - Delayed 2 second(s)

2019-06-07 11:49:32 - [TEST_STEP][PASSED] - executeJavaScript("var previewBar = document.getElementById("preview-bar-iframe"); previewBar.style.display = "none";", []): Execute JavaScript 'var previewBar = document.getElementById("preview-bar-iframe"); previewBar.style.display = "none";' successfully

2019-06-07 11:49:32 - [MESSAGE][PASSED] - Execute JavaScript 'var previewBar = document.getElementById("preview-bar-iframe"); previewBar.style.display = "none";' successfully

2019-06-07 11:49:32 - [TEST_STEP][PASSED] - selectOptionByValue(findTestObject("OCS-DESKTOP/Age gate and Mega menu/Date"), "12", true): All options with value '12' are selected in object 'Object Repository/OCS-DESKTOP/Age gate and Mega menu/Date'  using regular expression

2019-06-07 11:49:33 - [MESSAGE][PASSED] - All options with value '12' are selected in object 'Object Repository/OCS-DESKTOP/Age gate and Mega menu/Date'  using regular expression

2019-06-07 11:49:33 - [TEST_STEP][PASSED] - selectOptionByValue(findTestObject("OCS-DESKTOP/Age gate and Mega menu/month"), "6", true): All options with value '6' are selected in object 'Object Repository/OCS-DESKTOP/Age gate and Mega menu/month'  using regular expression

2019-06-07 11:49:33 - [MESSAGE][PASSED] - All options with value '6' are selected in object 'Object Repository/OCS-DESKTOP/Age gate and Mega menu/month'  using regular expression

2019-06-07 11:49:33 - [TEST_STEP][PASSED] - delay(2): Delayed 2 second(s)

2019-06-07 11:49:35 - [MESSAGE][PASSED] - Delayed 2 second(s)

2019-06-07 11:49:35 - [TEST_STEP][PASSED] - selectOptionByValue(findTestObject("OCS-DESKTOP/Age gate and Mega menu/Year Dropdown"), "1990", true): All options with value '1990' are selected in object 'Object Repository/OCS-DESKTOP/Age gate and Mega menu/Year Dropdown'  using regular expression

2019-06-07 11:49:37 - [MESSAGE][PASSED] - All options with value '1990' are selected in object 'Object Repository/OCS-DESKTOP/Age gate and Mega menu/Year Dropdown'  using regular expression

2019-06-07 11:49:37 - [TEST_STEP][PASSED] - click(findTestObject("OCS-DESKTOP/Age gate and Mega menu/button_Verify")): Object: 'Object Repository/OCS-DESKTOP/Age gate and Mega menu/button_Verify' is clicked on

2019-06-07 11:49:37 - [MESSAGE][PASSED] - Object: 'Object Repository/OCS-DESKTOP/Age gate and Mega menu/button_Verify' is clicked on

2019-06-07 11:49:37 - [TEST_STEP][PASSED] - click(findTestObject("OCS-DESKTOP/Age gate and Mega menu/Checkbox_CONFIRM AND ACKNOWLEDGE")): Object: 'Object Repository/OCS-DESKTOP/Age gate and Mega menu/Checkbox_CONFIRM AND ACKNOWLEDGE' is clicked on

2019-06-07 11:49:37 - [MESSAGE][PASSED] - Object: 'Object Repository/OCS-DESKTOP/Age gate and Mega menu/Checkbox_CONFIRM AND ACKNOWLEDGE' is clicked on

2019-06-07 11:49:37 - [TEST_STEP][PASSED] - click(findTestObject("OCS-DESKTOP/Age gate and Mega menu/button_CONFIRM")): Object: 'Object Repository/OCS-DESKTOP/Age gate and Mega menu/button_CONFIRM' is clicked on

2019-06-07 11:49:38 - [MESSAGE][PASSED] - Object: 'Object Repository/OCS-DESKTOP/Age gate and Mega menu/button_CONFIRM' is clicked on

2019-06-07 11:49:38 - [TEST_STEP][PASSED] - click(findTestObject("OCS-DESKTOP/Age gate and Mega menu/button_Start Browsing")): Object: 'Object Repository/OCS-DESKTOP/Age gate and Mega menu/button_Start Browsing' is clicked on

2019-06-07 11:49:38 - [MESSAGE][PASSED] - Object: 'Object Repository/OCS-DESKTOP/Age gate and Mega menu/button_Start Browsing' is clicked on

2019-06-07 11:49:38 - [TEST_STEP][PASSED] - delay(2): Delayed 2 second(s)

2019-06-07 11:49:40 - [MESSAGE][PASSED] - Delayed 2 second(s)

2019-06-07 11:49:40 - [TEST_STEP][PASSED] - refresh(): Refresh successfully

2019-06-07 11:49:44 - [MESSAGE][PASSED] - Refresh successfully

2019-06-07 11:49:44 - [MESSAGE][PASSED] - Call Test Case 'Test Cases/OCS - DESKTOP/CALL- Age gate' successfully

2019-06-07 11:49:44 - [TEST_STEP][FAILED] - flag = verifyTextPresent("Due to holiday closures within the Canada Post network for Victoria Day, please expect some order delivery delays.", false, CONTINUE_ON_FAILURE): Text 'Due to holiday closures within the Canada Post network for Victoria Day, please expect some order delivery delays.' is not present on page 

2019-06-07 11:49:45 - [MESSAGE][FAILED] - Text 'Due to holiday closures within the Canada Post network for Victoria Day, please expect some order delivery delays.' is not present on page 

2019-06-07 11:49:45 - [TEST_STEP][PASSED] - delay(2): Delayed 2 second(s)

2019-06-07 11:49:47 - [MESSAGE][PASSED] - Delayed 2 second(s)

2019-06-07 11:49:47 - [TEST_STEP][PASSED] - comment("flag =" + flag): flag =false

2019-06-07 11:49:47 - [MESSAGE][INFO] - flag =false

2019-06-07 11:49:47 - [TEST_STEP][FAILED] - if (flag == false): if (flag == false) FAILED.
Reason:
com.kms.katalon.core.exception.StepFailedException: Text 'Due to holiday closures within the Canada Post network for Victoria Day, please expect some order delivery delays.' is not present on page 
	at com.kms.katalon.core.keyword.internal.KeywordMain.stepFailed(KeywordMain.groovy:32)
	at com.kms.katalon.core.webui.keyword.internal.WebUIKeywordMain.stepFailed(WebUIKeywordMain.groovy:65)
	at com.kms.katalon.core.webui.keyword.builtin.VerifyTextPresentKeyword$_verifyTextPresent_closure1.doCall(VerifyTextPresentKeyword.groovy:79)
	at com.kms.katalon.core.webui.keyword.builtin.VerifyTextPresentKeyword$_verifyTextPresent_closure1.call(VerifyTextPresentKeyword.groovy)
	at com.kms.katalon.core.webui.keyword.internal.WebUIKeywordMain.runKeyword(WebUIKeywordMain.groovy:21)
	at com.kms.katalon.core.webui.keyword.builtin.VerifyTextPresentKeyword.verifyTextPresent(VerifyTextPresentKeyword.groovy:83)
	at com.kms.katalon.core.webui.keyword.builtin.VerifyTextPresentKeyword.execute(VerifyTextPresentKeyword.groovy:68)
	at com.kms.katalon.core.keyword.internal.KeywordExecutor.executeKeywordForPlatform(KeywordExecutor.groovy:53)
	at com.kms.katalon.core.webui.keyword.WebUiBuiltInKeywords.verifyTextPresent(WebUiBuiltInKeywords.groovy:1677)
	at com.kms.katalon.core.webui.keyword.WebUiBuiltInKeywords$verifyTextPresent$16.call(Unknown Source)
	at Announcement.run(Announcement:18)
	at com.kms.katalon.core.main.ScriptEngine.run(ScriptEngine.java:194)
	at com.kms.katalon.core.main.ScriptEngine.runScriptAsRawText(ScriptEngine.java:119)
	at com.kms.katalon.core.main.TestCaseExecutor.runScript(TestCaseExecutor.java:328)
	at com.kms.katalon.core.main.TestCaseExecutor.doExecute(TestCaseExecutor.java:319)
	at com.kms.katalon.core.main.TestCaseExecutor.processExecutionPhase(TestCaseExecutor.java:298)
	at com.kms.katalon.core.main.TestCaseExecutor.accessMainPhase(TestCaseExecutor.java:290)
	at com.kms.katalon.core.main.TestCaseExecutor.execute(TestCaseExecutor.java:224)
	at com.kms.katalon.core.main.TestSuiteExecutor.accessTestCaseMainPhase(TestSuiteExecutor.java:129)
	at com.kms.katalon.core.main.TestSuiteExecutor.accessTestSuiteMainPhase(TestSuiteExecutor.java:112)
	at com.kms.katalon.core.main.TestSuiteExecutor.execute(TestSuiteExecutor.java:81)
	at com.kms.katalon.core.main.TestCaseMain.startTestSuite(TestCaseMain.java:149)
	at com.kms.katalon.core.main.TestCaseMain$startTestSuite$0.call(Unknown Source)
	at TempTestSuite1559921811030.run(TempTestSuite1559921811030.groovy:36)


2019-06-07 11:49:47 - [TEST_STEP][FAILED] - comment(" there is no  announcment "): if (flag == false) FAILED.
Reason:
com.kms.katalon.core.exception.StepFailedException: Text 'Due to holiday closures within the Canada Post network for Victoria Day, please expect some order delivery delays.' is not present on page 
	at com.kms.katalon.core.keyword.internal.KeywordMain.stepFailed(KeywordMain.groovy:32)
	at com.kms.katalon.core.webui.keyword.internal.WebUIKeywordMain.stepFailed(WebUIKeywordMain.groovy:65)
	at com.kms.katalon.core.webui.keyword.builtin.VerifyTextPresentKeyword$_verifyTextPresent_closure1.doCall(VerifyTextPresentKeyword.groovy:79)
	at com.kms.katalon.core.webui.keyword.builtin.VerifyTextPresentKeyword$_verifyTextPresent_closure1.call(VerifyTextPresentKeyword.groovy)
	at com.kms.katalon.core.webui.keyword.internal.WebUIKeywordMain.runKeyword(WebUIKeywordMain.groovy:21)
	at com.kms.katalon.core.webui.keyword.builtin.VerifyTextPresentKeyword.verifyTextPresent(VerifyTextPresentKeyword.groovy:83)
	at com.kms.katalon.core.webui.keyword.builtin.VerifyTextPresentKeyword.execute(VerifyTextPresentKeyword.groovy:68)
	at com.kms.katalon.core.keyword.internal.KeywordExecutor.executeKeywordForPlatform(KeywordExecutor.groovy:53)
	at com.kms.katalon.core.webui.keyword.WebUiBuiltInKeywords.verifyTextPresent(WebUiBuiltInKeywords.groovy:1677)
	at com.kms.katalon.core.webui.keyword.WebUiBuiltInKeywords$verifyTextPresent$16.call(Unknown Source)
	at Announcement.run(Announcement:18)
	at com.kms.katalon.core.main.ScriptEngine.run(ScriptEngine.java:194)
	at com.kms.katalon.core.main.ScriptEngine.runScriptAsRawText(ScriptEngine.java:119)
	at com.kms.katalon.core.main.TestCaseExecutor.runScript(TestCaseExecutor.java:328)
	at com.kms.katalon.core.main.TestCaseExecutor.doExecute(TestCaseExecutor.java:319)
	at com.kms.katalon.core.main.TestCaseExecutor.processExecutionPhase(TestCaseExecutor.java:298)
	at com.kms.katalon.core.main.TestCaseExecutor.accessMainPhase(TestCaseExecutor.java:290)
	at com.kms.katalon.core.main.TestCaseExecutor.execute(TestCaseExecutor.java:224)
	at com.kms.katalon.core.main.TestSuiteExecutor.accessTestCaseMainPhase(TestSuiteExecutor.java:129)
	at com.kms.katalon.core.main.TestSuiteExecutor.accessTestSuiteMainPhase(TestSuiteExecutor.java:112)
	at com.kms.katalon.core.main.TestSuiteExecutor.execute(TestSuiteExecutor.java:81)
	at com.kms.katalon.core.main.TestCaseMain.startTestSuite(TestCaseMain.java:149)
	at com.kms.katalon.core.main.TestCaseMain$startTestSuite$0.call(Unknown Source)
	at TempTestSuite1559921811030.run(TempTestSuite1559921811030.groovy:36)


2019-06-07 11:49:47 - [MESSAGE][INFO] -  there is no  announcment 

2019-06-07 11:49:47 - [MESSAGE][FAILED] - if (flag == false) FAILED.
Reason:
com.kms.katalon.core.exception.StepFailedException: Text 'Due to holiday closures within the Canada Post network for Victoria Day, please expect some order delivery delays.' is not present on page 
	at com.kms.katalon.core.keyword.internal.KeywordMain.stepFailed(KeywordMain.groovy:32)
	at com.kms.katalon.core.webui.keyword.internal.WebUIKeywordMain.stepFailed(WebUIKeywordMain.groovy:65)
	at com.kms.katalon.core.webui.keyword.builtin.VerifyTextPresentKeyword$_verifyTextPresent_closure1.doCall(VerifyTextPresentKeyword.groovy:79)
	at com.kms.katalon.core.webui.keyword.builtin.VerifyTextPresentKeyword$_verifyTextPresent_closure1.call(VerifyTextPresentKeyword.groovy)
	at com.kms.katalon.core.webui.keyword.internal.WebUIKeywordMain.runKeyword(WebUIKeywordMain.groovy:21)
	at com.kms.katalon.core.webui.keyword.builtin.VerifyTextPresentKeyword.verifyTextPresent(VerifyTextPresentKeyword.groovy:83)
	at com.kms.katalon.core.webui.keyword.builtin.VerifyTextPresentKeyword.execute(VerifyTextPresentKeyword.groovy:68)
	at com.kms.katalon.core.keyword.internal.KeywordExecutor.executeKeywordForPlatform(KeywordExecutor.groovy:53)
	at com.kms.katalon.core.webui.keyword.WebUiBuiltInKeywords.verifyTextPresent(WebUiBuiltInKeywords.groovy:1677)
	at com.kms.katalon.core.webui.keyword.WebUiBuiltInKeywords$verifyTextPresent$16.call(Unknown Source)
	at Announcement.run(Announcement:18)
	at com.kms.katalon.core.main.ScriptEngine.run(ScriptEngine.java:194)
	at com.kms.katalon.core.main.ScriptEngine.runScriptAsRawText(ScriptEngine.java:119)
	at com.kms.katalon.core.main.TestCaseExecutor.runScript(TestCaseExecutor.java:328)
	at com.kms.katalon.core.main.TestCaseExecutor.doExecute(TestCaseExecutor.java:319)
	at com.kms.katalon.core.main.TestCaseExecutor.processExecutionPhase(TestCaseExecutor.java:298)
	at com.kms.katalon.core.main.TestCaseExecutor.accessMainPhase(TestCaseExecutor.java:290)
	at com.kms.katalon.core.main.TestCaseExecutor.execute(TestCaseExecutor.java:224)
	at com.kms.katalon.core.main.TestSuiteExecutor.accessTestCaseMainPhase(TestSuiteExecutor.java:129)
	at com.kms.katalon.core.main.TestSuiteExecutor.accessTestSuiteMainPhase(TestSuiteExecutor.java:112)
	at com.kms.katalon.core.main.TestSuiteExecutor.execute(TestSuiteExecutor.java:81)
	at com.kms.katalon.core.main.TestCaseMain.startTestSuite(TestCaseMain.java:149)
	at com.kms.katalon.core.main.TestCaseMain$startTestSuite$0.call(Unknown Source)
	at TempTestSuite1559921811030.run(TempTestSuite1559921811030.groovy:36)]]></system-out>
         <system-err><![CDATA[2019-06-07 11:49:18 - [TEST_CASE][FAILED] - Test Cases/OCS - DESKTOP/OCS- HOME PAGE/Announcement: Test Cases/OCS - DESKTOP/OCS- HOME PAGE/Announcement FAILED.
Reason:
com.kms.katalon.core.exception.StepFailedException: Text 'Due to holiday closures within the Canada Post network for Victoria Day, please expect some order delivery delays.' is not present on page 
	at com.kms.katalon.core.keyword.internal.KeywordMain.stepFailed(KeywordMain.groovy:32)
	at com.kms.katalon.core.webui.keyword.internal.WebUIKeywordMain.stepFailed(WebUIKeywordMain.groovy:65)
	at com.kms.katalon.core.webui.keyword.builtin.VerifyTextPresentKeyword$_verifyTextPresent_closure1.doCall(VerifyTextPresentKeyword.groovy:79)
	at com.kms.katalon.core.webui.keyword.builtin.VerifyTextPresentKeyword$_verifyTextPresent_closure1.call(VerifyTextPresentKeyword.groovy)
	at com.kms.katalon.core.webui.keyword.internal.WebUIKeywordMain.runKeyword(WebUIKeywordMain.groovy:21)
	at com.kms.katalon.core.webui.keyword.builtin.VerifyTextPresentKeyword.verifyTextPresent(VerifyTextPresentKeyword.groovy:83)
	at com.kms.katalon.core.webui.keyword.builtin.VerifyTextPresentKeyword.execute(VerifyTextPresentKeyword.groovy:68)
	at com.kms.katalon.core.keyword.internal.KeywordExecutor.executeKeywordForPlatform(KeywordExecutor.groovy:53)
	at com.kms.katalon.core.webui.keyword.WebUiBuiltInKeywords.verifyTextPresent(WebUiBuiltInKeywords.groovy:1677)
	at com.kms.katalon.core.webui.keyword.WebUiBuiltInKeywords$verifyTextPresent$16.call(Unknown Source)
	at Announcement.run(Announcement:18)
	at com.kms.katalon.core.main.ScriptEngine.run(ScriptEngine.java:194)
	at com.kms.katalon.core.main.ScriptEngine.runScriptAsRawText(ScriptEngine.java:119)
	at com.kms.katalon.core.main.TestCaseExecutor.runScript(TestCaseExecutor.java:328)
	at com.kms.katalon.core.main.TestCaseExecutor.doExecute(TestCaseExecutor.java:319)
	at com.kms.katalon.core.main.TestCaseExecutor.processExecutionPhase(TestCaseExecutor.java:298)
	at com.kms.katalon.core.main.TestCaseExecutor.accessMainPhase(TestCaseExecutor.java:290)
	at com.kms.katalon.core.main.TestCaseExecutor.execute(TestCaseExecutor.java:224)
	at com.kms.katalon.core.main.TestSuiteExecutor.accessTestCaseMainPhase(TestSuiteExecutor.java:129)
	at com.kms.katalon.core.main.TestSuiteExecutor.accessTestSuiteMainPhase(TestSuiteExecutor.java:112)
	at com.kms.katalon.core.main.TestSuiteExecutor.execute(TestSuiteExecutor.java:81)
	at com.kms.katalon.core.main.TestCaseMain.startTestSuite(TestCaseMain.java:149)
	at com.kms.katalon.core.main.TestCaseMain$startTestSuite$0.call(Unknown Source)
	at TempTestSuite1559921811030.run(TempTestSuite1559921811030.groovy:36)]]></system-err>
      </testcase>
      <testcase name="Test Cases/OCS - DESKTOP/OCS- HOME PAGE/cart flyout" classname="Test Cases/OCS - DESKTOP/OCS- HOME PAGE/cart flyout" status="FAILED">
         <failure type="FAILED" message="Test Cases/OCS - DESKTOP/OCS- HOME PAGE/cart flyout FAILED.
Reason:
com.kms.katalon.core.exception.StepFailedException: Text 'Bag' is not present on page 
	at com.kms.katalon.core.keyword.internal.KeywordMain.stepFailed(KeywordMain.groovy:32)
	at com.kms.katalon.core.webui.keyword.internal.WebUIKeywordMain.stepFailed(WebUIKeywordMain.groovy:65)
	at com.kms.katalon.core.webui.keyword.builtin.VerifyTextPresentKeyword$_verifyTextPresent_closure1.doCall(VerifyTextPresentKeyword.groovy:79)
	at com.kms.katalon.core.webui.keyword.builtin.VerifyTextPresentKeyword$_verifyTextPresent_closure1.call(VerifyTextPresentKeyword.groovy)
	at com.kms.katalon.core.webui.keyword.internal.WebUIKeywordMain.runKeyword(WebUIKeywordMain.groovy:21)
	at com.kms.katalon.core.webui.keyword.builtin.VerifyTextPresentKeyword.verifyTextPresent(VerifyTextPresentKeyword.groovy:83)
	at com.kms.katalon.core.webui.keyword.builtin.VerifyTextPresentKeyword.execute(VerifyTextPresentKeyword.groovy:68)
	at com.kms.katalon.core.keyword.internal.KeywordExecutor.executeKeywordForPlatform(KeywordExecutor.groovy:53)
	at com.kms.katalon.core.webui.keyword.WebUiBuiltInKeywords.verifyTextPresent(WebUiBuiltInKeywords.groovy:1677)
	at com.kms.katalon.core.webui.keyword.WebUiBuiltInKeywords$verifyTextPresent$16.call(Unknown Source)
	at cart flyout.run(cart flyout:36)
	at com.kms.katalon.core.main.ScriptEngine.run(ScriptEngine.java:194)
	at com.kms.katalon.core.main.ScriptEngine.runScriptAsRawText(ScriptEngine.java:119)
	at com.kms.katalon.core.main.TestCaseExecutor.runScript(TestCaseExecutor.java:328)
	at com.kms.katalon.core.main.TestCaseExecutor.doExecute(TestCaseExecutor.java:319)
	at com.kms.katalon.core.main.TestCaseExecutor.processExecutionPhase(TestCaseExecutor.java:298)
	at com.kms.katalon.core.main.TestCaseExecutor.accessMainPhase(TestCaseExecutor.java:290)
	at com.kms.katalon.core.main.TestCaseExecutor.execute(TestCaseExecutor.java:224)
	at com.kms.katalon.core.main.TestSuiteExecutor.accessTestCaseMainPhase(TestSuiteExecutor.java:129)
	at com.kms.katalon.core.main.TestSuiteExecutor.accessTestSuiteMainPhase(TestSuiteExecutor.java:112)
	at com.kms.katalon.core.main.TestSuiteExecutor.execute(TestSuiteExecutor.java:81)
	at com.kms.katalon.core.main.TestCaseMain.startTestSuite(TestCaseMain.java:149)
	at com.kms.katalon.core.main.TestCaseMain$startTestSuite$0.call(Unknown Source)
	at TempTestSuite1559921811030.run(TempTestSuite1559921811030.groovy:36)
"/>
         <system-out><![CDATA[2019-06-07 11:49:47 - [TEST_CASE][FAILED] - Test Cases/OCS - DESKTOP/OCS- HOME PAGE/cart flyout: Test Cases/OCS - DESKTOP/OCS- HOME PAGE/cart flyout FAILED.
Reason:
com.kms.katalon.core.exception.StepFailedException: Text 'Bag' is not present on page 
	at com.kms.katalon.core.keyword.internal.KeywordMain.stepFailed(KeywordMain.groovy:32)
	at com.kms.katalon.core.webui.keyword.internal.WebUIKeywordMain.stepFailed(WebUIKeywordMain.groovy:65)
	at com.kms.katalon.core.webui.keyword.builtin.VerifyTextPresentKeyword$_verifyTextPresent_closure1.doCall(VerifyTextPresentKeyword.groovy:79)
	at com.kms.katalon.core.webui.keyword.builtin.VerifyTextPresentKeyword$_verifyTextPresent_closure1.call(VerifyTextPresentKeyword.groovy)
	at com.kms.katalon.core.webui.keyword.internal.WebUIKeywordMain.runKeyword(WebUIKeywordMain.groovy:21)
	at com.kms.katalon.core.webui.keyword.builtin.VerifyTextPresentKeyword.verifyTextPresent(VerifyTextPresentKeyword.groovy:83)
	at com.kms.katalon.core.webui.keyword.builtin.VerifyTextPresentKeyword.execute(VerifyTextPresentKeyword.groovy:68)
	at com.kms.katalon.core.keyword.internal.KeywordExecutor.executeKeywordForPlatform(KeywordExecutor.groovy:53)
	at com.kms.katalon.core.webui.keyword.WebUiBuiltInKeywords.verifyTextPresent(WebUiBuiltInKeywords.groovy:1677)
	at com.kms.katalon.core.webui.keyword.WebUiBuiltInKeywords$verifyTextPresent$16.call(Unknown Source)
	at cart flyout.run(cart flyout:36)
	at com.kms.katalon.core.main.ScriptEngine.run(ScriptEngine.java:194)
	at com.kms.katalon.core.main.ScriptEngine.runScriptAsRawText(ScriptEngine.java:119)
	at com.kms.katalon.core.main.TestCaseExecutor.runScript(TestCaseExecutor.java:328)
	at com.kms.katalon.core.main.TestCaseExecutor.doExecute(TestCaseExecutor.java:319)
	at com.kms.katalon.core.main.TestCaseExecutor.processExecutionPhase(TestCaseExecutor.java:298)
	at com.kms.katalon.core.main.TestCaseExecutor.accessMainPhase(TestCaseExecutor.java:290)
	at com.kms.katalon.core.main.TestCaseExecutor.execute(TestCaseExecutor.java:224)
	at com.kms.katalon.core.main.TestSuiteExecutor.accessTestCaseMainPhase(TestSuiteExecutor.java:129)
	at com.kms.katalon.core.main.TestSuiteExecutor.accessTestSuiteMainPhase(TestSuiteExecutor.java:112)
	at com.kms.katalon.core.main.TestSuiteExecutor.execute(TestSuiteExecutor.java:81)
	at com.kms.katalon.core.main.TestCaseMain.startTestSuite(TestCaseMain.java:149)
	at com.kms.katalon.core.main.TestCaseMain$startTestSuite$0.call(Unknown Source)
	at TempTestSuite1559921811030.run(TempTestSuite1559921811030.groovy:36)


2019-06-07 11:49:47 - [TEST_STEP][PASSED] - callTestCase(findTestCase("OCS - DESKTOP/CALL- Age gate"), [:], STOP_ON_FAILURE): Call Test Case 'Test Cases/OCS - DESKTOP/CALL- Age gate' successfully

2019-06-07 11:49:47 - [TEST_CASE][PASSED] - Test Cases/OCS - DESKTOP/CALL- Age gate: Test Cases/OCS - DESKTOP/CALL- Age gate

2019-06-07 11:49:47 - [TEST_STEP][PASSED] - openBrowser(""): Browser is opened with url: ''

2019-06-07 11:49:47 - [MESSAGE][WARNING] - A browser is already opened. Closing browser and opening a new one

2019-06-07 11:49:48 - [MESSAGE][INFO] - Starting 'Firefox' driver

2019-06-07 11:49:50 - [MESSAGE][PASSED] - Browser is opened with url: ''

2019-06-07 11:49:50 - [TEST_STEP][PASSED] - navigateToUrl("https://ocs.ca/?fts=0&preview_theme_id=72920074060"): Navigate to 'https://ocs.ca/?fts=0&preview_theme_id=72920074060' successfully

2019-06-07 11:49:55 - [MESSAGE][PASSED] - Navigate to 'https://ocs.ca/?fts=0&preview_theme_id=72920074060' successfully

2019-06-07 11:49:55 - [TEST_STEP][PASSED] - maximizeWindow(): Current window maximized

2019-06-07 11:49:55 - [MESSAGE][PASSED] - Current window maximized

2019-06-07 11:49:55 - [TEST_STEP][PASSED] - delay(2): Delayed 2 second(s)

2019-06-07 11:49:57 - [MESSAGE][PASSED] - Delayed 2 second(s)

2019-06-07 11:49:57 - [TEST_STEP][PASSED] - executeJavaScript("var previewBar = document.getElementById("preview-bar-iframe"); previewBar.style.display = "none";", []): Execute JavaScript 'var previewBar = document.getElementById("preview-bar-iframe"); previewBar.style.display = "none";' successfully

2019-06-07 11:49:57 - [MESSAGE][PASSED] - Execute JavaScript 'var previewBar = document.getElementById("preview-bar-iframe"); previewBar.style.display = "none";' successfully

2019-06-07 11:49:57 - [TEST_STEP][PASSED] - selectOptionByValue(findTestObject("OCS-DESKTOP/Age gate and Mega menu/Date"), "12", true): All options with value '12' are selected in object 'Object Repository/OCS-DESKTOP/Age gate and Mega menu/Date'  using regular expression

2019-06-07 11:49:58 - [MESSAGE][PASSED] - All options with value '12' are selected in object 'Object Repository/OCS-DESKTOP/Age gate and Mega menu/Date'  using regular expression

2019-06-07 11:49:58 - [TEST_STEP][PASSED] - selectOptionByValue(findTestObject("OCS-DESKTOP/Age gate and Mega menu/month"), "6", true): All options with value '6' are selected in object 'Object Repository/OCS-DESKTOP/Age gate and Mega menu/month'  using regular expression

2019-06-07 11:49:59 - [MESSAGE][PASSED] - All options with value '6' are selected in object 'Object Repository/OCS-DESKTOP/Age gate and Mega menu/month'  using regular expression

2019-06-07 11:49:59 - [TEST_STEP][PASSED] - delay(2): Delayed 2 second(s)

2019-06-07 11:50:01 - [MESSAGE][PASSED] - Delayed 2 second(s)

2019-06-07 11:50:01 - [TEST_STEP][PASSED] - selectOptionByValue(findTestObject("OCS-DESKTOP/Age gate and Mega menu/Year Dropdown"), "1990", true): All options with value '1990' are selected in object 'Object Repository/OCS-DESKTOP/Age gate and Mega menu/Year Dropdown'  using regular expression

2019-06-07 11:50:02 - [MESSAGE][PASSED] - All options with value '1990' are selected in object 'Object Repository/OCS-DESKTOP/Age gate and Mega menu/Year Dropdown'  using regular expression

2019-06-07 11:50:02 - [TEST_STEP][PASSED] - click(findTestObject("OCS-DESKTOP/Age gate and Mega menu/button_Verify")): Object: 'Object Repository/OCS-DESKTOP/Age gate and Mega menu/button_Verify' is clicked on

2019-06-07 11:50:02 - [MESSAGE][PASSED] - Object: 'Object Repository/OCS-DESKTOP/Age gate and Mega menu/button_Verify' is clicked on

2019-06-07 11:50:02 - [TEST_STEP][PASSED] - click(findTestObject("OCS-DESKTOP/Age gate and Mega menu/Checkbox_CONFIRM AND ACKNOWLEDGE")): Object: 'Object Repository/OCS-DESKTOP/Age gate and Mega menu/Checkbox_CONFIRM AND ACKNOWLEDGE' is clicked on

2019-06-07 11:50:02 - [MESSAGE][PASSED] - Object: 'Object Repository/OCS-DESKTOP/Age gate and Mega menu/Checkbox_CONFIRM AND ACKNOWLEDGE' is clicked on

2019-06-07 11:50:02 - [TEST_STEP][PASSED] - click(findTestObject("OCS-DESKTOP/Age gate and Mega menu/button_CONFIRM")): Object: 'Object Repository/OCS-DESKTOP/Age gate and Mega menu/button_CONFIRM' is clicked on

2019-06-07 11:50:03 - [MESSAGE][PASSED] - Object: 'Object Repository/OCS-DESKTOP/Age gate and Mega menu/button_CONFIRM' is clicked on

2019-06-07 11:50:03 - [TEST_STEP][PASSED] - click(findTestObject("OCS-DESKTOP/Age gate and Mega menu/button_Start Browsing")): Object: 'Object Repository/OCS-DESKTOP/Age gate and Mega menu/button_Start Browsing' is clicked on

2019-06-07 11:50:03 - [MESSAGE][PASSED] - Object: 'Object Repository/OCS-DESKTOP/Age gate and Mega menu/button_Start Browsing' is clicked on

2019-06-07 11:50:03 - [TEST_STEP][PASSED] - delay(2): Delayed 2 second(s)

2019-06-07 11:50:05 - [MESSAGE][PASSED] - Delayed 2 second(s)

2019-06-07 11:50:05 - [TEST_STEP][PASSED] - refresh(): Refresh successfully

2019-06-07 11:50:07 - [MESSAGE][PASSED] - Refresh successfully

2019-06-07 11:50:07 - [MESSAGE][PASSED] - Call Test Case 'Test Cases/OCS - DESKTOP/CALL- Age gate' successfully

2019-06-07 11:50:07 - [TEST_STEP][PASSED] - delay(2): Delayed 2 second(s)

2019-06-07 11:50:09 - [MESSAGE][PASSED] - Delayed 2 second(s)

2019-06-07 11:50:09 - [TEST_STEP][PASSED] - click(findTestObject("OCS-DESKTOP/Home - page/Cart icon -bag")): Object: 'Object Repository/OCS-DESKTOP/Home - page/Cart icon -bag' is clicked on

2019-06-07 11:50:10 - [MESSAGE][PASSED] - Object: 'Object Repository/OCS-DESKTOP/Home - page/Cart icon -bag' is clicked on

2019-06-07 11:50:10 - [TEST_STEP][PASSED] - delay(3): Delayed 3 second(s)

2019-06-07 11:50:13 - [MESSAGE][PASSED] - Delayed 3 second(s)

2019-06-07 11:50:13 - [TEST_STEP][PASSED] - verifyTextPresent("Bag", false, OPTIONAL): Text 'Bag' is present on page 

2019-06-07 11:50:15 - [MESSAGE][PASSED] - Text 'Bag' is present on page 

2019-06-07 11:50:15 - [TEST_STEP][PASSED] - if (true):  cart flyout opened 

2019-06-07 11:50:15 - [TEST_STEP][PASSED] - comment(" cart flyout opened "):  cart flyout opened 

2019-06-07 11:50:15 - [MESSAGE][INFO] -  cart flyout opened 

2019-06-07 11:50:15 - [TEST_STEP][PASSED] - delay(5): Delayed 5 second(s)

2019-06-07 11:50:20 - [MESSAGE][PASSED] - Delayed 5 second(s)

2019-06-07 11:50:20 - [TEST_STEP][PASSED] - click(findTestObject("OCS-DESKTOP/Home - page/Collapse cart flyout")): Object: 'Object Repository/OCS-DESKTOP/Home - page/Collapse cart flyout' is clicked on

2019-06-07 11:50:20 - [MESSAGE][PASSED] - Object: 'Object Repository/OCS-DESKTOP/Home - page/Collapse cart flyout' is clicked on

2019-06-07 11:50:20 - [TEST_STEP][FAILED] - verifyTextPresent("Bag", false, CONTINUE_ON_FAILURE): Text 'Bag' is not present on page 

2019-06-07 11:50:21 - [MESSAGE][FAILED] - Text 'Bag' is not present on page 

2019-06-07 11:50:21 - [TEST_STEP][FAILED] - if (true): if (true) FAILED.
Reason:
com.kms.katalon.core.exception.StepFailedException: Text 'Bag' is not present on page 
	at com.kms.katalon.core.keyword.internal.KeywordMain.stepFailed(KeywordMain.groovy:32)
	at com.kms.katalon.core.webui.keyword.internal.WebUIKeywordMain.stepFailed(WebUIKeywordMain.groovy:65)
	at com.kms.katalon.core.webui.keyword.builtin.VerifyTextPresentKeyword$_verifyTextPresent_closure1.doCall(VerifyTextPresentKeyword.groovy:79)
	at com.kms.katalon.core.webui.keyword.builtin.VerifyTextPresentKeyword$_verifyTextPresent_closure1.call(VerifyTextPresentKeyword.groovy)
	at com.kms.katalon.core.webui.keyword.internal.WebUIKeywordMain.runKeyword(WebUIKeywordMain.groovy:21)
	at com.kms.katalon.core.webui.keyword.builtin.VerifyTextPresentKeyword.verifyTextPresent(VerifyTextPresentKeyword.groovy:83)
	at com.kms.katalon.core.webui.keyword.builtin.VerifyTextPresentKeyword.execute(VerifyTextPresentKeyword.groovy:68)
	at com.kms.katalon.core.keyword.internal.KeywordExecutor.executeKeywordForPlatform(KeywordExecutor.groovy:53)
	at com.kms.katalon.core.webui.keyword.WebUiBuiltInKeywords.verifyTextPresent(WebUiBuiltInKeywords.groovy:1677)
	at com.kms.katalon.core.webui.keyword.WebUiBuiltInKeywords$verifyTextPresent$16.call(Unknown Source)
	at cart flyout.run(cart flyout:36)
	at com.kms.katalon.core.main.ScriptEngine.run(ScriptEngine.java:194)
	at com.kms.katalon.core.main.ScriptEngine.runScriptAsRawText(ScriptEngine.java:119)
	at com.kms.katalon.core.main.TestCaseExecutor.runScript(TestCaseExecutor.java:328)
	at com.kms.katalon.core.main.TestCaseExecutor.doExecute(TestCaseExecutor.java:319)
	at com.kms.katalon.core.main.TestCaseExecutor.processExecutionPhase(TestCaseExecutor.java:298)
	at com.kms.katalon.core.main.TestCaseExecutor.accessMainPhase(TestCaseExecutor.java:290)
	at com.kms.katalon.core.main.TestCaseExecutor.execute(TestCaseExecutor.java:224)
	at com.kms.katalon.core.main.TestSuiteExecutor.accessTestCaseMainPhase(TestSuiteExecutor.java:129)
	at com.kms.katalon.core.main.TestSuiteExecutor.accessTestSuiteMainPhase(TestSuiteExecutor.java:112)
	at com.kms.katalon.core.main.TestSuiteExecutor.execute(TestSuiteExecutor.java:81)
	at com.kms.katalon.core.main.TestCaseMain.startTestSuite(TestCaseMain.java:149)
	at com.kms.katalon.core.main.TestCaseMain$startTestSuite$0.call(Unknown Source)
	at TempTestSuite1559921811030.run(TempTestSuite1559921811030.groovy:36)


2019-06-07 11:50:21 - [TEST_STEP][FAILED] - comment(" cart flyout closed "): if (true) FAILED.
Reason:
com.kms.katalon.core.exception.StepFailedException: Text 'Bag' is not present on page 
	at com.kms.katalon.core.keyword.internal.KeywordMain.stepFailed(KeywordMain.groovy:32)
	at com.kms.katalon.core.webui.keyword.internal.WebUIKeywordMain.stepFailed(WebUIKeywordMain.groovy:65)
	at com.kms.katalon.core.webui.keyword.builtin.VerifyTextPresentKeyword$_verifyTextPresent_closure1.doCall(VerifyTextPresentKeyword.groovy:79)
	at com.kms.katalon.core.webui.keyword.builtin.VerifyTextPresentKeyword$_verifyTextPresent_closure1.call(VerifyTextPresentKeyword.groovy)
	at com.kms.katalon.core.webui.keyword.internal.WebUIKeywordMain.runKeyword(WebUIKeywordMain.groovy:21)
	at com.kms.katalon.core.webui.keyword.builtin.VerifyTextPresentKeyword.verifyTextPresent(VerifyTextPresentKeyword.groovy:83)
	at com.kms.katalon.core.webui.keyword.builtin.VerifyTextPresentKeyword.execute(VerifyTextPresentKeyword.groovy:68)
	at com.kms.katalon.core.keyword.internal.KeywordExecutor.executeKeywordForPlatform(KeywordExecutor.groovy:53)
	at com.kms.katalon.core.webui.keyword.WebUiBuiltInKeywords.verifyTextPresent(WebUiBuiltInKeywords.groovy:1677)
	at com.kms.katalon.core.webui.keyword.WebUiBuiltInKeywords$verifyTextPresent$16.call(Unknown Source)
	at cart flyout.run(cart flyout:36)
	at com.kms.katalon.core.main.ScriptEngine.run(ScriptEngine.java:194)
	at com.kms.katalon.core.main.ScriptEngine.runScriptAsRawText(ScriptEngine.java:119)
	at com.kms.katalon.core.main.TestCaseExecutor.runScript(TestCaseExecutor.java:328)
	at com.kms.katalon.core.main.TestCaseExecutor.doExecute(TestCaseExecutor.java:319)
	at com.kms.katalon.core.main.TestCaseExecutor.processExecutionPhase(TestCaseExecutor.java:298)
	at com.kms.katalon.core.main.TestCaseExecutor.accessMainPhase(TestCaseExecutor.java:290)
	at com.kms.katalon.core.main.TestCaseExecutor.execute(TestCaseExecutor.java:224)
	at com.kms.katalon.core.main.TestSuiteExecutor.accessTestCaseMainPhase(TestSuiteExecutor.java:129)
	at com.kms.katalon.core.main.TestSuiteExecutor.accessTestSuiteMainPhase(TestSuiteExecutor.java:112)
	at com.kms.katalon.core.main.TestSuiteExecutor.execute(TestSuiteExecutor.java:81)
	at com.kms.katalon.core.main.TestCaseMain.startTestSuite(TestCaseMain.java:149)
	at com.kms.katalon.core.main.TestCaseMain$startTestSuite$0.call(Unknown Source)
	at TempTestSuite1559921811030.run(TempTestSuite1559921811030.groovy:36)


2019-06-07 11:50:21 - [MESSAGE][INFO] -  cart flyout closed 

2019-06-07 11:50:21 - [MESSAGE][FAILED] - if (true) FAILED.
Reason:
com.kms.katalon.core.exception.StepFailedException: Text 'Bag' is not present on page 
	at com.kms.katalon.core.keyword.internal.KeywordMain.stepFailed(KeywordMain.groovy:32)
	at com.kms.katalon.core.webui.keyword.internal.WebUIKeywordMain.stepFailed(WebUIKeywordMain.groovy:65)
	at com.kms.katalon.core.webui.keyword.builtin.VerifyTextPresentKeyword$_verifyTextPresent_closure1.doCall(VerifyTextPresentKeyword.groovy:79)
	at com.kms.katalon.core.webui.keyword.builtin.VerifyTextPresentKeyword$_verifyTextPresent_closure1.call(VerifyTextPresentKeyword.groovy)
	at com.kms.katalon.core.webui.keyword.internal.WebUIKeywordMain.runKeyword(WebUIKeywordMain.groovy:21)
	at com.kms.katalon.core.webui.keyword.builtin.VerifyTextPresentKeyword.verifyTextPresent(VerifyTextPresentKeyword.groovy:83)
	at com.kms.katalon.core.webui.keyword.builtin.VerifyTextPresentKeyword.execute(VerifyTextPresentKeyword.groovy:68)
	at com.kms.katalon.core.keyword.internal.KeywordExecutor.executeKeywordForPlatform(KeywordExecutor.groovy:53)
	at com.kms.katalon.core.webui.keyword.WebUiBuiltInKeywords.verifyTextPresent(WebUiBuiltInKeywords.groovy:1677)
	at com.kms.katalon.core.webui.keyword.WebUiBuiltInKeywords$verifyTextPresent$16.call(Unknown Source)
	at cart flyout.run(cart flyout:36)
	at com.kms.katalon.core.main.ScriptEngine.run(ScriptEngine.java:194)
	at com.kms.katalon.core.main.ScriptEngine.runScriptAsRawText(ScriptEngine.java:119)
	at com.kms.katalon.core.main.TestCaseExecutor.runScript(TestCaseExecutor.java:328)
	at com.kms.katalon.core.main.TestCaseExecutor.doExecute(TestCaseExecutor.java:319)
	at com.kms.katalon.core.main.TestCaseExecutor.processExecutionPhase(TestCaseExecutor.java:298)
	at com.kms.katalon.core.main.TestCaseExecutor.accessMainPhase(TestCaseExecutor.java:290)
	at com.kms.katalon.core.main.TestCaseExecutor.execute(TestCaseExecutor.java:224)
	at com.kms.katalon.core.main.TestSuiteExecutor.accessTestCaseMainPhase(TestSuiteExecutor.java:129)
	at com.kms.katalon.core.main.TestSuiteExecutor.accessTestSuiteMainPhase(TestSuiteExecutor.java:112)
	at com.kms.katalon.core.main.TestSuiteExecutor.execute(TestSuiteExecutor.java:81)
	at com.kms.katalon.core.main.TestCaseMain.startTestSuite(TestCaseMain.java:149)
	at com.kms.katalon.core.main.TestCaseMain$startTestSuite$0.call(Unknown Source)
	at TempTestSuite1559921811030.run(TempTestSuite1559921811030.groovy:36)]]></system-out>
         <system-err><![CDATA[2019-06-07 11:49:47 - [TEST_CASE][FAILED] - Test Cases/OCS - DESKTOP/OCS- HOME PAGE/cart flyout: Test Cases/OCS - DESKTOP/OCS- HOME PAGE/cart flyout FAILED.
Reason:
com.kms.katalon.core.exception.StepFailedException: Text 'Bag' is not present on page 
	at com.kms.katalon.core.keyword.internal.KeywordMain.stepFailed(KeywordMain.groovy:32)
	at com.kms.katalon.core.webui.keyword.internal.WebUIKeywordMain.stepFailed(WebUIKeywordMain.groovy:65)
	at com.kms.katalon.core.webui.keyword.builtin.VerifyTextPresentKeyword$_verifyTextPresent_closure1.doCall(VerifyTextPresentKeyword.groovy:79)
	at com.kms.katalon.core.webui.keyword.builtin.VerifyTextPresentKeyword$_verifyTextPresent_closure1.call(VerifyTextPresentKeyword.groovy)
	at com.kms.katalon.core.webui.keyword.internal.WebUIKeywordMain.runKeyword(WebUIKeywordMain.groovy:21)
	at com.kms.katalon.core.webui.keyword.builtin.VerifyTextPresentKeyword.verifyTextPresent(VerifyTextPresentKeyword.groovy:83)
	at com.kms.katalon.core.webui.keyword.builtin.VerifyTextPresentKeyword.execute(VerifyTextPresentKeyword.groovy:68)
	at com.kms.katalon.core.keyword.internal.KeywordExecutor.executeKeywordForPlatform(KeywordExecutor.groovy:53)
	at com.kms.katalon.core.webui.keyword.WebUiBuiltInKeywords.verifyTextPresent(WebUiBuiltInKeywords.groovy:1677)
	at com.kms.katalon.core.webui.keyword.WebUiBuiltInKeywords$verifyTextPresent$16.call(Unknown Source)
	at cart flyout.run(cart flyout:36)
	at com.kms.katalon.core.main.ScriptEngine.run(ScriptEngine.java:194)
	at com.kms.katalon.core.main.ScriptEngine.runScriptAsRawText(ScriptEngine.java:119)
	at com.kms.katalon.core.main.TestCaseExecutor.runScript(TestCaseExecutor.java:328)
	at com.kms.katalon.core.main.TestCaseExecutor.doExecute(TestCaseExecutor.java:319)
	at com.kms.katalon.core.main.TestCaseExecutor.processExecutionPhase(TestCaseExecutor.java:298)
	at com.kms.katalon.core.main.TestCaseExecutor.accessMainPhase(TestCaseExecutor.java:290)
	at com.kms.katalon.core.main.TestCaseExecutor.execute(TestCaseExecutor.java:224)
	at com.kms.katalon.core.main.TestSuiteExecutor.accessTestCaseMainPhase(TestSuiteExecutor.java:129)
	at com.kms.katalon.core.main.TestSuiteExecutor.accessTestSuiteMainPhase(TestSuiteExecutor.java:112)
	at com.kms.katalon.core.main.TestSuiteExecutor.execute(TestSuiteExecutor.java:81)
	at com.kms.katalon.core.main.TestCaseMain.startTestSuite(TestCaseMain.java:149)
	at com.kms.katalon.core.main.TestCaseMain$startTestSuite$0.call(Unknown Source)
	at TempTestSuite1559921811030.run(TempTestSuite1559921811030.groovy:36)]]></system-err>
      </testcase>
      <testcase name="Test Cases/OCS - DESKTOP/OCS- HOME PAGE/footer" classname="Test Cases/OCS - DESKTOP/OCS- HOME PAGE/footer" status="FAILED">
         <failure type="FAILED" message="Test Cases/OCS - DESKTOP/OCS- HOME PAGE/footer FAILED.
Reason:
com.kms.katalon.core.exception.StepFailedException: Unable to click on object 'Object Repository/OCS-DESKTOP/Home - page/Terms and Conditions' (Root cause: com.kms.katalon.core.webui.exception.WebElementNotFoundException: Web element with id: 'Object Repository/OCS-DESKTOP/Home - page/Terms and Conditions' located by 'By.xpath: //a[contains(text(),'Terms and Conditions')][count(. | //*[@href = '/pages/terms-and-conditions']) = count(//*[@href = '/pages/terms-and-conditions'])]' not found)
	at com.kms.katalon.core.keyword.internal.KeywordMain.stepFailed(KeywordMain.groovy:36)
	at com.kms.katalon.core.webui.keyword.internal.WebUIKeywordMain.stepFailed(WebUIKeywordMain.groovy:65)
	at com.kms.katalon.core.webui.keyword.internal.WebUIKeywordMain.runKeyword(WebUIKeywordMain.groovy:27)
	at com.kms.katalon.core.webui.keyword.builtin.ClickKeyword.click(ClickKeyword.groovy:86)
	at com.kms.katalon.core.webui.keyword.builtin.ClickKeyword.execute(ClickKeyword.groovy:67)
	at com.kms.katalon.core.keyword.internal.KeywordExecutor.executeKeywordForPlatform(KeywordExecutor.groovy:53)
	at com.kms.katalon.core.webui.keyword.WebUiBuiltInKeywords.click(WebUiBuiltInKeywords.groovy:616)
	at com.kms.katalon.core.webui.keyword.WebUiBuiltInKeywords$click$4.call(Unknown Source)
	at footer.run(footer:93)
	at com.kms.katalon.core.main.ScriptEngine.run(ScriptEngine.java:194)
	at com.kms.katalon.core.main.ScriptEngine.runScriptAsRawText(ScriptEngine.java:119)
	at com.kms.katalon.core.main.TestCaseExecutor.runScript(TestCaseExecutor.java:328)
	at com.kms.katalon.core.main.TestCaseExecutor.doExecute(TestCaseExecutor.java:319)
	at com.kms.katalon.core.main.TestCaseExecutor.processExecutionPhase(TestCaseExecutor.java:298)
	at com.kms.katalon.core.main.TestCaseExecutor.accessMainPhase(TestCaseExecutor.java:290)
	at com.kms.katalon.core.main.TestCaseExecutor.execute(TestCaseExecutor.java:224)
	at com.kms.katalon.core.main.TestSuiteExecutor.accessTestCaseMainPhase(TestSuiteExecutor.java:129)
	at com.kms.katalon.core.main.TestSuiteExecutor.accessTestSuiteMainPhase(TestSuiteExecutor.java:112)
	at com.kms.katalon.core.main.TestSuiteExecutor.execute(TestSuiteExecutor.java:81)
	at com.kms.katalon.core.main.TestCaseMain.startTestSuite(TestCaseMain.java:149)
	at com.kms.katalon.core.main.TestCaseMain$startTestSuite$0.call(Unknown Source)
	at TempTestSuite1559921811030.run(TempTestSuite1559921811030.groovy:36)
"/>
         <system-out><![CDATA[2019-06-07 11:50:21 - [TEST_CASE][FAILED] - Test Cases/OCS - DESKTOP/OCS- HOME PAGE/footer: Test Cases/OCS - DESKTOP/OCS- HOME PAGE/footer FAILED.
Reason:
com.kms.katalon.core.exception.StepFailedException: Unable to click on object 'Object Repository/OCS-DESKTOP/Home - page/Terms and Conditions' (Root cause: com.kms.katalon.core.webui.exception.WebElementNotFoundException: Web element with id: 'Object Repository/OCS-DESKTOP/Home - page/Terms and Conditions' located by 'By.xpath: //a[contains(text(),'Terms and Conditions')][count(. | //*[@href = '/pages/terms-and-conditions']) = count(//*[@href = '/pages/terms-and-conditions'])]' not found)
	at com.kms.katalon.core.keyword.internal.KeywordMain.stepFailed(KeywordMain.groovy:36)
	at com.kms.katalon.core.webui.keyword.internal.WebUIKeywordMain.stepFailed(WebUIKeywordMain.groovy:65)
	at com.kms.katalon.core.webui.keyword.internal.WebUIKeywordMain.runKeyword(WebUIKeywordMain.groovy:27)
	at com.kms.katalon.core.webui.keyword.builtin.ClickKeyword.click(ClickKeyword.groovy:86)
	at com.kms.katalon.core.webui.keyword.builtin.ClickKeyword.execute(ClickKeyword.groovy:67)
	at com.kms.katalon.core.keyword.internal.KeywordExecutor.executeKeywordForPlatform(KeywordExecutor.groovy:53)
	at com.kms.katalon.core.webui.keyword.WebUiBuiltInKeywords.click(WebUiBuiltInKeywords.groovy:616)
	at com.kms.katalon.core.webui.keyword.WebUiBuiltInKeywords$click$4.call(Unknown Source)
	at footer.run(footer:93)
	at com.kms.katalon.core.main.ScriptEngine.run(ScriptEngine.java:194)
	at com.kms.katalon.core.main.ScriptEngine.runScriptAsRawText(ScriptEngine.java:119)
	at com.kms.katalon.core.main.TestCaseExecutor.runScript(TestCaseExecutor.java:328)
	at com.kms.katalon.core.main.TestCaseExecutor.doExecute(TestCaseExecutor.java:319)
	at com.kms.katalon.core.main.TestCaseExecutor.processExecutionPhase(TestCaseExecutor.java:298)
	at com.kms.katalon.core.main.TestCaseExecutor.accessMainPhase(TestCaseExecutor.java:290)
	at com.kms.katalon.core.main.TestCaseExecutor.execute(TestCaseExecutor.java:224)
	at com.kms.katalon.core.main.TestSuiteExecutor.accessTestCaseMainPhase(TestSuiteExecutor.java:129)
	at com.kms.katalon.core.main.TestSuiteExecutor.accessTestSuiteMainPhase(TestSuiteExecutor.java:112)
	at com.kms.katalon.core.main.TestSuiteExecutor.execute(TestSuiteExecutor.java:81)
	at com.kms.katalon.core.main.TestCaseMain.startTestSuite(TestCaseMain.java:149)
	at com.kms.katalon.core.main.TestCaseMain$startTestSuite$0.call(Unknown Source)
	at TempTestSuite1559921811030.run(TempTestSuite1559921811030.groovy:36)


2019-06-07 11:50:21 - [TEST_STEP][PASSED] - callTestCase(findTestCase("OCS - DESKTOP/CALL- Age gate"), [:], STOP_ON_FAILURE): Call Test Case 'Test Cases/OCS - DESKTOP/CALL- Age gate' successfully

2019-06-07 11:50:21 - [TEST_CASE][PASSED] - Test Cases/OCS - DESKTOP/CALL- Age gate: Test Cases/OCS - DESKTOP/CALL- Age gate

2019-06-07 11:50:21 - [TEST_STEP][PASSED] - openBrowser(""): Browser is opened with url: ''

2019-06-07 11:50:21 - [MESSAGE][WARNING] - A browser is already opened. Closing browser and opening a new one

2019-06-07 11:50:22 - [MESSAGE][INFO] - Starting 'Firefox' driver

2019-06-07 11:50:24 - [MESSAGE][PASSED] - Browser is opened with url: ''

2019-06-07 11:50:24 - [TEST_STEP][PASSED] - navigateToUrl("https://ocs.ca/?fts=0&preview_theme_id=72920074060"): Navigate to 'https://ocs.ca/?fts=0&preview_theme_id=72920074060' successfully

2019-06-07 11:50:27 - [MESSAGE][PASSED] - Navigate to 'https://ocs.ca/?fts=0&preview_theme_id=72920074060' successfully

2019-06-07 11:50:27 - [TEST_STEP][PASSED] - maximizeWindow(): Current window maximized

2019-06-07 11:50:27 - [MESSAGE][PASSED] - Current window maximized

2019-06-07 11:50:27 - [TEST_STEP][PASSED] - delay(2): Delayed 2 second(s)

2019-06-07 11:50:29 - [MESSAGE][PASSED] - Delayed 2 second(s)

2019-06-07 11:50:29 - [TEST_STEP][PASSED] - executeJavaScript("var previewBar = document.getElementById("preview-bar-iframe"); previewBar.style.display = "none";", []): Execute JavaScript 'var previewBar = document.getElementById("preview-bar-iframe"); previewBar.style.display = "none";' successfully

2019-06-07 11:50:29 - [MESSAGE][PASSED] - Execute JavaScript 'var previewBar = document.getElementById("preview-bar-iframe"); previewBar.style.display = "none";' successfully

2019-06-07 11:50:29 - [TEST_STEP][PASSED] - selectOptionByValue(findTestObject("OCS-DESKTOP/Age gate and Mega menu/Date"), "12", true): All options with value '12' are selected in object 'Object Repository/OCS-DESKTOP/Age gate and Mega menu/Date'  using regular expression

2019-06-07 11:50:30 - [MESSAGE][PASSED] - All options with value '12' are selected in object 'Object Repository/OCS-DESKTOP/Age gate and Mega menu/Date'  using regular expression

2019-06-07 11:50:30 - [TEST_STEP][PASSED] - selectOptionByValue(findTestObject("OCS-DESKTOP/Age gate and Mega menu/month"), "6", true): All options with value '6' are selected in object 'Object Repository/OCS-DESKTOP/Age gate and Mega menu/month'  using regular expression

2019-06-07 11:50:30 - [MESSAGE][PASSED] - All options with value '6' are selected in object 'Object Repository/OCS-DESKTOP/Age gate and Mega menu/month'  using regular expression

2019-06-07 11:50:30 - [TEST_STEP][PASSED] - delay(2): Delayed 2 second(s)

2019-06-07 11:50:32 - [MESSAGE][PASSED] - Delayed 2 second(s)

2019-06-07 11:50:32 - [TEST_STEP][PASSED] - selectOptionByValue(findTestObject("OCS-DESKTOP/Age gate and Mega menu/Year Dropdown"), "1990", true): All options with value '1990' are selected in object 'Object Repository/OCS-DESKTOP/Age gate and Mega menu/Year Dropdown'  using regular expression

2019-06-07 11:50:34 - [MESSAGE][PASSED] - All options with value '1990' are selected in object 'Object Repository/OCS-DESKTOP/Age gate and Mega menu/Year Dropdown'  using regular expression

2019-06-07 11:50:34 - [TEST_STEP][PASSED] - click(findTestObject("OCS-DESKTOP/Age gate and Mega menu/button_Verify")): Object: 'Object Repository/OCS-DESKTOP/Age gate and Mega menu/button_Verify' is clicked on

2019-06-07 11:50:34 - [MESSAGE][PASSED] - Object: 'Object Repository/OCS-DESKTOP/Age gate and Mega menu/button_Verify' is clicked on

2019-06-07 11:50:34 - [TEST_STEP][PASSED] - click(findTestObject("OCS-DESKTOP/Age gate and Mega menu/Checkbox_CONFIRM AND ACKNOWLEDGE")): Object: 'Object Repository/OCS-DESKTOP/Age gate and Mega menu/Checkbox_CONFIRM AND ACKNOWLEDGE' is clicked on

2019-06-07 11:50:34 - [MESSAGE][PASSED] - Object: 'Object Repository/OCS-DESKTOP/Age gate and Mega menu/Checkbox_CONFIRM AND ACKNOWLEDGE' is clicked on

2019-06-07 11:50:34 - [TEST_STEP][PASSED] - click(findTestObject("OCS-DESKTOP/Age gate and Mega menu/button_CONFIRM")): Object: 'Object Repository/OCS-DESKTOP/Age gate and Mega menu/button_CONFIRM' is clicked on

2019-06-07 11:50:34 - [MESSAGE][PASSED] - Object: 'Object Repository/OCS-DESKTOP/Age gate and Mega menu/button_CONFIRM' is clicked on

2019-06-07 11:50:34 - [TEST_STEP][PASSED] - click(findTestObject("OCS-DESKTOP/Age gate and Mega menu/button_Start Browsing")): Object: 'Object Repository/OCS-DESKTOP/Age gate and Mega menu/button_Start Browsing' is clicked on

2019-06-07 11:50:35 - [MESSAGE][PASSED] - Object: 'Object Repository/OCS-DESKTOP/Age gate and Mega menu/button_Start Browsing' is clicked on

2019-06-07 11:50:35 - [TEST_STEP][PASSED] - delay(2): Delayed 2 second(s)

2019-06-07 11:50:37 - [MESSAGE][PASSED] - Delayed 2 second(s)

2019-06-07 11:50:37 - [TEST_STEP][PASSED] - refresh(): Refresh successfully

2019-06-07 11:50:41 - [MESSAGE][PASSED] - Refresh successfully

2019-06-07 11:50:41 - [MESSAGE][PASSED] - Call Test Case 'Test Cases/OCS - DESKTOP/CALL- Age gate' successfully

2019-06-07 11:50:41 - [TEST_STEP][PASSED] - delay(2): Delayed 2 second(s)

2019-06-07 11:50:43 - [MESSAGE][PASSED] - Delayed 2 second(s)

2019-06-07 11:50:43 - [TEST_STEP][PASSED] - executeJavaScript("var previewBar = document.getElementById("preview-bar-iframe"); previewBar.style.display = "none";", []): Execute JavaScript 'var previewBar = document.getElementById("preview-bar-iframe"); previewBar.style.display = "none";' successfully

2019-06-07 11:50:43 - [MESSAGE][PASSED] - Execute JavaScript 'var previewBar = document.getElementById("preview-bar-iframe"); previewBar.style.display = "none";' successfully

2019-06-07 11:50:43 - [TEST_STEP][PASSED] - click(findTestObject("OCS-DESKTOP/Home - page/Return Policy")): Object: 'Object Repository/OCS-DESKTOP/Home - page/Return Policy' is clicked on

2019-06-07 11:50:44 - [MESSAGE][PASSED] - Object: 'Object Repository/OCS-DESKTOP/Home - page/Return Policy' is clicked on

2019-06-07 11:50:44 - [TEST_STEP][PASSED] - executeJavaScript("var previewBar = document.getElementById("preview-bar-iframe"); previewBar.style.display = "none";", []): Execute JavaScript 'var previewBar = document.getElementById("preview-bar-iframe"); previewBar.style.display = "none";' successfully

2019-06-07 11:50:44 - [MESSAGE][PASSED] - Execute JavaScript 'var previewBar = document.getElementById("preview-bar-iframe"); previewBar.style.display = "none";' successfully

2019-06-07 11:50:44 - [TEST_STEP][PASSED] - click(findTestObject("OCS-DESKTOP/Home - page/Glossary of terms")): Object: 'Object Repository/OCS-DESKTOP/Home - page/Glossary of terms' is clicked on

2019-06-07 11:50:47 - [MESSAGE][PASSED] - Object: 'Object Repository/OCS-DESKTOP/Home - page/Glossary of terms' is clicked on

2019-06-07 11:50:47 - [TEST_STEP][PASSED] - delay(2, OPTIONAL): Delayed 2 second(s)

2019-06-07 11:50:49 - [MESSAGE][PASSED] - Delayed 2 second(s)

2019-06-07 11:50:49 - [TEST_STEP][PASSED] - executeJavaScript("var previewBar = document.getElementById("preview-bar-iframe"); previewBar.style.display = "none";", []): Execute JavaScript 'var previewBar = document.getElementById("preview-bar-iframe"); previewBar.style.display = "none";' successfully

2019-06-07 11:50:49 - [MESSAGE][PASSED] - Execute JavaScript 'var previewBar = document.getElementById("preview-bar-iframe"); previewBar.style.display = "none";' successfully

2019-06-07 11:50:49 - [TEST_STEP][PASSED] - click(findTestObject("OCS-DESKTOP/Home - page/Product Recall")): Object: 'Object Repository/OCS-DESKTOP/Home - page/Product Recall' is clicked on

2019-06-07 11:50:51 - [MESSAGE][PASSED] - Object: 'Object Repository/OCS-DESKTOP/Home - page/Product Recall' is clicked on

2019-06-07 11:50:51 - [TEST_STEP][PASSED] - delay(2, OPTIONAL): Delayed 2 second(s)

2019-06-07 11:50:53 - [MESSAGE][PASSED] - Delayed 2 second(s)

2019-06-07 11:50:53 - [TEST_STEP][PASSED] - executeJavaScript("var previewBar = document.getElementById("preview-bar-iframe"); previewBar.style.display = "none";", []): Execute JavaScript 'var previewBar = document.getElementById("preview-bar-iframe"); previewBar.style.display = "none";' successfully

2019-06-07 11:50:53 - [MESSAGE][PASSED] - Execute JavaScript 'var previewBar = document.getElementById("preview-bar-iframe"); previewBar.style.display = "none";' successfully

2019-06-07 11:50:53 - [TEST_STEP][PASSED] - click(findTestObject("OCS-DESKTOP/Home - page/Government of Canada - Canna")): Object: 'Object Repository/OCS-DESKTOP/Home - page/Government of Canada - Canna' is clicked on

2019-06-07 11:50:53 - [MESSAGE][PASSED] - Object: 'Object Repository/OCS-DESKTOP/Home - page/Government of Canada - Canna' is clicked on

2019-06-07 11:50:53 - [TEST_STEP][PASSED] - delay(2): Delayed 2 second(s)

2019-06-07 11:50:55 - [MESSAGE][PASSED] - Delayed 2 second(s)

2019-06-07 11:50:55 - [TEST_STEP][PASSED] - delay(2, OPTIONAL): Delayed 2 second(s)

2019-06-07 11:50:57 - [MESSAGE][PASSED] - Delayed 2 second(s)

2019-06-07 11:50:57 - [TEST_STEP][PASSED] - executeJavaScript("var previewBar = document.getElementById("preview-bar-iframe"); previewBar.style.display = "none";", []): Execute JavaScript 'var previewBar = document.getElementById("preview-bar-iframe"); previewBar.style.display = "none";' successfully

2019-06-07 11:50:57 - [MESSAGE][PASSED] - Execute JavaScript 'var previewBar = document.getElementById("preview-bar-iframe"); previewBar.style.display = "none";' successfully

2019-06-07 11:50:57 - [TEST_STEP][PASSED] - click(findTestObject("OCS-DESKTOP/Home - page/Government of Ontario - Cann")): Object: 'Object Repository/OCS-DESKTOP/Home - page/Government of Ontario - Cann' is clicked on

2019-06-07 11:50:57 - [MESSAGE][PASSED] - Object: 'Object Repository/OCS-DESKTOP/Home - page/Government of Ontario - Cann' is clicked on

2019-06-07 11:50:57 - [TEST_STEP][PASSED] - executeJavaScript("var previewBar = document.getElementById("preview-bar-iframe"); previewBar.style.display = "none";", []): Execute JavaScript 'var previewBar = document.getElementById("preview-bar-iframe"); previewBar.style.display = "none";' successfully

2019-06-07 11:50:57 - [MESSAGE][PASSED] - Execute JavaScript 'var previewBar = document.getElementById("preview-bar-iframe"); previewBar.style.display = "none";' successfully

2019-06-07 11:50:57 - [TEST_STEP][PASSED] - click(findTestObject("OCS-DESKTOP/Home - page/About the OCS")): Object: 'Object Repository/OCS-DESKTOP/Home - page/About the OCS' is clicked on

2019-06-07 11:51:00 - [MESSAGE][PASSED] - Object: 'Object Repository/OCS-DESKTOP/Home - page/About the OCS' is clicked on

2019-06-07 11:51:00 - [TEST_STEP][PASSED] - delay(2): Delayed 2 second(s)

2019-06-07 11:51:02 - [MESSAGE][PASSED] - Delayed 2 second(s)

2019-06-07 11:51:02 - [TEST_STEP][PASSED] - executeJavaScript("var previewBar = document.getElementById("preview-bar-iframe"); previewBar.style.display = "none";", []): Execute JavaScript 'var previewBar = document.getElementById("preview-bar-iframe"); previewBar.style.display = "none";' successfully

2019-06-07 11:51:02 - [MESSAGE][PASSED] - Execute JavaScript 'var previewBar = document.getElementById("preview-bar-iframe"); previewBar.style.display = "none";' successfully

2019-06-07 11:51:02 - [TEST_STEP][PASSED] - click(findTestObject("OCS-DESKTOP/Home - page/Careers")): Object: 'Object Repository/OCS-DESKTOP/Home - page/Careers' is clicked on

2019-06-07 11:51:05 - [MESSAGE][PASSED] - Object: 'Object Repository/OCS-DESKTOP/Home - page/Careers' is clicked on

2019-06-07 11:51:05 - [TEST_STEP][PASSED] - delay(2): Delayed 2 second(s)

2019-06-07 11:51:07 - [MESSAGE][PASSED] - Delayed 2 second(s)

2019-06-07 11:51:07 - [TEST_STEP][PASSED] - delay(2, OPTIONAL): Delayed 2 second(s)

2019-06-07 11:51:09 - [MESSAGE][PASSED] - Delayed 2 second(s)

2019-06-07 11:51:09 - [TEST_STEP][PASSED] - executeJavaScript("var previewBar = document.getElementById("preview-bar-iframe"); previewBar.style.display = "none";", []): Execute JavaScript 'var previewBar = document.getElementById("preview-bar-iframe"); previewBar.style.display = "none";' successfully

2019-06-07 11:51:09 - [MESSAGE][PASSED] - Execute JavaScript 'var previewBar = document.getElementById("preview-bar-iframe"); previewBar.style.display = "none";' successfully

2019-06-07 11:51:09 - [TEST_STEP][PASSED] - click(findTestObject("OCS-DESKTOP/Home - page/News"), OPTIONAL): Object: 'Object Repository/OCS-DESKTOP/Home - page/News' is clicked on

2019-06-07 11:51:12 - [MESSAGE][PASSED] - Object: 'Object Repository/OCS-DESKTOP/Home - page/News' is clicked on

2019-06-07 11:51:12 - [TEST_STEP][PASSED] - delay(2): Delayed 2 second(s)

2019-06-07 11:51:14 - [MESSAGE][PASSED] - Delayed 2 second(s)

2019-06-07 11:51:14 - [TEST_STEP][PASSED] - executeJavaScript("var previewBar = document.getElementById("preview-bar-iframe"); previewBar.style.display = "none";", []): Execute JavaScript 'var previewBar = document.getElementById("preview-bar-iframe"); previewBar.style.display = "none";' successfully

2019-06-07 11:51:14 - [MESSAGE][PASSED] - Execute JavaScript 'var previewBar = document.getElementById("preview-bar-iframe"); previewBar.style.display = "none";' successfully

2019-06-07 11:51:14 - [TEST_STEP][PASSED] - click(findTestObject("OCS-DESKTOP/Home - page/Doing Business With OCS")): Object: 'Object Repository/OCS-DESKTOP/Home - page/Doing Business With OCS' is clicked on

2019-06-07 11:51:15 - [MESSAGE][PASSED] - Object: 'Object Repository/OCS-DESKTOP/Home - page/Doing Business With OCS' is clicked on

2019-06-07 11:51:15 - [TEST_STEP][PASSED] - delay(2): Delayed 2 second(s)

2019-06-07 11:51:17 - [MESSAGE][PASSED] - Delayed 2 second(s)

2019-06-07 11:51:17 - [TEST_STEP][PASSED] - executeJavaScript("var previewBar = document.getElementById("preview-bar-iframe"); previewBar.style.display = "none";", []): Execute JavaScript 'var previewBar = document.getElementById("preview-bar-iframe"); previewBar.style.display = "none";' successfully

2019-06-07 11:51:17 - [MESSAGE][PASSED] - Execute JavaScript 'var previewBar = document.getElementById("preview-bar-iframe"); previewBar.style.display = "none";' successfully

2019-06-07 11:51:17 - [TEST_STEP][PASSED] - click(findTestObject("OCS-DESKTOP/Home - page/Help us improve OCS.ca"), CONTINUE_ON_FAILURE): Object: 'Object Repository/OCS-DESKTOP/Home - page/Help us improve OCS.ca' is clicked on

2019-06-07 11:51:18 - [MESSAGE][PASSED] - Object: 'Object Repository/OCS-DESKTOP/Home - page/Help us improve OCS.ca' is clicked on

2019-06-07 11:51:18 - [TEST_STEP][PASSED] - delay(2): Delayed 2 second(s)

2019-06-07 11:51:20 - [MESSAGE][PASSED] - Delayed 2 second(s)

2019-06-07 11:51:20 - [TEST_STEP][PASSED] - executeJavaScript("var previewBar = document.getElementById("preview-bar-iframe"); previewBar.style.display = "none";", []): Execute JavaScript 'var previewBar = document.getElementById("preview-bar-iframe"); previewBar.style.display = "none";' successfully

2019-06-07 11:51:20 - [MESSAGE][PASSED] - Execute JavaScript 'var previewBar = document.getElementById("preview-bar-iframe"); previewBar.style.display = "none";' successfully

2019-06-07 11:51:20 - [TEST_STEP][FAILED] - click(findTestObject("OCS-DESKTOP/Home - page/Terms and Conditions")): click(findTestObject("OCS-DESKTOP/Home - page/Terms and Conditions")) FAILED.
Reason:
com.kms.katalon.core.exception.StepFailedException: Unable to click on object 'Object Repository/OCS-DESKTOP/Home - page/Terms and Conditions' (Root cause: com.kms.katalon.core.webui.exception.WebElementNotFoundException: Web element with id: 'Object Repository/OCS-DESKTOP/Home - page/Terms and Conditions' located by 'By.xpath: //a[contains(text(),'Terms and Conditions')][count(. | //*[@href = '/pages/terms-and-conditions']) = count(//*[@href = '/pages/terms-and-conditions'])]' not found)
	at com.kms.katalon.core.keyword.internal.KeywordMain.stepFailed(KeywordMain.groovy:36)
	at com.kms.katalon.core.webui.keyword.internal.WebUIKeywordMain.stepFailed(WebUIKeywordMain.groovy:65)
	at com.kms.katalon.core.webui.keyword.internal.WebUIKeywordMain.runKeyword(WebUIKeywordMain.groovy:27)
	at com.kms.katalon.core.webui.keyword.builtin.ClickKeyword.click(ClickKeyword.groovy:86)
	at com.kms.katalon.core.webui.keyword.builtin.ClickKeyword.execute(ClickKeyword.groovy:67)
	at com.kms.katalon.core.keyword.internal.KeywordExecutor.executeKeywordForPlatform(KeywordExecutor.groovy:53)
	at com.kms.katalon.core.webui.keyword.WebUiBuiltInKeywords.click(WebUiBuiltInKeywords.groovy:616)
	at com.kms.katalon.core.webui.keyword.WebUiBuiltInKeywords$click$4.call(Unknown Source)
	at footer.run(footer:93)
	at com.kms.katalon.core.main.ScriptEngine.run(ScriptEngine.java:194)
	at com.kms.katalon.core.main.ScriptEngine.runScriptAsRawText(ScriptEngine.java:119)
	at com.kms.katalon.core.main.TestCaseExecutor.runScript(TestCaseExecutor.java:328)
	at com.kms.katalon.core.main.TestCaseExecutor.doExecute(TestCaseExecutor.java:319)
	at com.kms.katalon.core.main.TestCaseExecutor.processExecutionPhase(TestCaseExecutor.java:298)
	at com.kms.katalon.core.main.TestCaseExecutor.accessMainPhase(TestCaseExecutor.java:290)
	at com.kms.katalon.core.main.TestCaseExecutor.execute(TestCaseExecutor.java:224)
	at com.kms.katalon.core.main.TestSuiteExecutor.accessTestCaseMainPhase(TestSuiteExecutor.java:129)
	at com.kms.katalon.core.main.TestSuiteExecutor.accessTestSuiteMainPhase(TestSuiteExecutor.java:112)
	at com.kms.katalon.core.main.TestSuiteExecutor.execute(TestSuiteExecutor.java:81)
	at com.kms.katalon.core.main.TestCaseMain.startTestSuite(TestCaseMain.java:149)
	at com.kms.katalon.core.main.TestCaseMain$startTestSuite$0.call(Unknown Source)
	at TempTestSuite1559921811030.run(TempTestSuite1559921811030.groovy:36)


2019-06-07 11:51:50 - [MESSAGE][INFO] - Unable to find the element located by 'By.xpath: //a[contains(text(),'Terms and Conditions')][count(. | //*[@href = '/pages/terms-and-conditions']) = count(//*[@href = '/pages/terms-and-conditions'])]'. Please recheck the objects properties to make sure the desired element is located. 

2019-06-07 11:51:51 - [MESSAGE][FAILED] - Unable to click on object 'Object Repository/OCS-DESKTOP/Home - page/Terms and Conditions' (Root cause: com.kms.katalon.core.webui.exception.WebElementNotFoundException: Web element with id: 'Object Repository/OCS-DESKTOP/Home - page/Terms and Conditions' located by 'By.xpath: //a[contains(text(),'Terms and Conditions')][count(. | //*[@href = '/pages/terms-and-conditions']) = count(//*[@href = '/pages/terms-and-conditions'])]' not found)
[[ATTACHMENT|/Users/sumankompelly/Relative xpath-Desktop/Reports/OCS- 1.9.2.1/20190607_113651/1559922710941.png]]

2019-06-07 11:51:51 - [MESSAGE][FAILED] - click(findTestObject("OCS-DESKTOP/Home - page/Terms and Conditions")) FAILED.
Reason:
com.kms.katalon.core.exception.StepFailedException: Unable to click on object 'Object Repository/OCS-DESKTOP/Home - page/Terms and Conditions' (Root cause: com.kms.katalon.core.webui.exception.WebElementNotFoundException: Web element with id: 'Object Repository/OCS-DESKTOP/Home - page/Terms and Conditions' located by 'By.xpath: //a[contains(text(),'Terms and Conditions')][count(. | //*[@href = '/pages/terms-and-conditions']) = count(//*[@href = '/pages/terms-and-conditions'])]' not found)
	at com.kms.katalon.core.keyword.internal.KeywordMain.stepFailed(KeywordMain.groovy:36)
	at com.kms.katalon.core.webui.keyword.internal.WebUIKeywordMain.stepFailed(WebUIKeywordMain.groovy:65)
	at com.kms.katalon.core.webui.keyword.internal.WebUIKeywordMain.runKeyword(WebUIKeywordMain.groovy:27)
	at com.kms.katalon.core.webui.keyword.builtin.ClickKeyword.click(ClickKeyword.groovy:86)
	at com.kms.katalon.core.webui.keyword.builtin.ClickKeyword.execute(ClickKeyword.groovy:67)
	at com.kms.katalon.core.keyword.internal.KeywordExecutor.executeKeywordForPlatform(KeywordExecutor.groovy:53)
	at com.kms.katalon.core.webui.keyword.WebUiBuiltInKeywords.click(WebUiBuiltInKeywords.groovy:616)
	at com.kms.katalon.core.webui.keyword.WebUiBuiltInKeywords$click$4.call(Unknown Source)
	at footer.run(footer:93)
	at com.kms.katalon.core.main.ScriptEngine.run(ScriptEngine.java:194)
	at com.kms.katalon.core.main.ScriptEngine.runScriptAsRawText(ScriptEngine.java:119)
	at com.kms.katalon.core.main.TestCaseExecutor.runScript(TestCaseExecutor.java:328)
	at com.kms.katalon.core.main.TestCaseExecutor.doExecute(TestCaseExecutor.java:319)
	at com.kms.katalon.core.main.TestCaseExecutor.processExecutionPhase(TestCaseExecutor.java:298)
	at com.kms.katalon.core.main.TestCaseExecutor.accessMainPhase(TestCaseExecutor.java:290)
	at com.kms.katalon.core.main.TestCaseExecutor.execute(TestCaseExecutor.java:224)
	at com.kms.katalon.core.main.TestSuiteExecutor.accessTestCaseMainPhase(TestSuiteExecutor.java:129)
	at com.kms.katalon.core.main.TestSuiteExecutor.accessTestSuiteMainPhase(TestSuiteExecutor.java:112)
	at com.kms.katalon.core.main.TestSuiteExecutor.execute(TestSuiteExecutor.java:81)
	at com.kms.katalon.core.main.TestCaseMain.startTestSuite(TestCaseMain.java:149)
	at com.kms.katalon.core.main.TestCaseMain$startTestSuite$0.call(Unknown Source)
	at TempTestSuite1559921811030.run(TempTestSuite1559921811030.groovy:36)]]></system-out>
         <system-err><![CDATA[2019-06-07 11:50:21 - [TEST_CASE][FAILED] - Test Cases/OCS - DESKTOP/OCS- HOME PAGE/footer: Test Cases/OCS - DESKTOP/OCS- HOME PAGE/footer FAILED.
Reason:
com.kms.katalon.core.exception.StepFailedException: Unable to click on object 'Object Repository/OCS-DESKTOP/Home - page/Terms and Conditions' (Root cause: com.kms.katalon.core.webui.exception.WebElementNotFoundException: Web element with id: 'Object Repository/OCS-DESKTOP/Home - page/Terms and Conditions' located by 'By.xpath: //a[contains(text(),'Terms and Conditions')][count(. | //*[@href = '/pages/terms-and-conditions']) = count(//*[@href = '/pages/terms-and-conditions'])]' not found)
	at com.kms.katalon.core.keyword.internal.KeywordMain.stepFailed(KeywordMain.groovy:36)
	at com.kms.katalon.core.webui.keyword.internal.WebUIKeywordMain.stepFailed(WebUIKeywordMain.groovy:65)
	at com.kms.katalon.core.webui.keyword.internal.WebUIKeywordMain.runKeyword(WebUIKeywordMain.groovy:27)
	at com.kms.katalon.core.webui.keyword.builtin.ClickKeyword.click(ClickKeyword.groovy:86)
	at com.kms.katalon.core.webui.keyword.builtin.ClickKeyword.execute(ClickKeyword.groovy:67)
	at com.kms.katalon.core.keyword.internal.KeywordExecutor.executeKeywordForPlatform(KeywordExecutor.groovy:53)
	at com.kms.katalon.core.webui.keyword.WebUiBuiltInKeywords.click(WebUiBuiltInKeywords.groovy:616)
	at com.kms.katalon.core.webui.keyword.WebUiBuiltInKeywords$click$4.call(Unknown Source)
	at footer.run(footer:93)
	at com.kms.katalon.core.main.ScriptEngine.run(ScriptEngine.java:194)
	at com.kms.katalon.core.main.ScriptEngine.runScriptAsRawText(ScriptEngine.java:119)
	at com.kms.katalon.core.main.TestCaseExecutor.runScript(TestCaseExecutor.java:328)
	at com.kms.katalon.core.main.TestCaseExecutor.doExecute(TestCaseExecutor.java:319)
	at com.kms.katalon.core.main.TestCaseExecutor.processExecutionPhase(TestCaseExecutor.java:298)
	at com.kms.katalon.core.main.TestCaseExecutor.accessMainPhase(TestCaseExecutor.java:290)
	at com.kms.katalon.core.main.TestCaseExecutor.execute(TestCaseExecutor.java:224)
	at com.kms.katalon.core.main.TestSuiteExecutor.accessTestCaseMainPhase(TestSuiteExecutor.java:129)
	at com.kms.katalon.core.main.TestSuiteExecutor.accessTestSuiteMainPhase(TestSuiteExecutor.java:112)
	at com.kms.katalon.core.main.TestSuiteExecutor.execute(TestSuiteExecutor.java:81)
	at com.kms.katalon.core.main.TestCaseMain.startTestSuite(TestCaseMain.java:149)
	at com.kms.katalon.core.main.TestCaseMain$startTestSuite$0.call(Unknown Source)
	at TempTestSuite1559921811030.run(TempTestSuite1559921811030.groovy:36)]]></system-err>
      </testcase>
      <testcase name="Test Cases/OCS - DESKTOP/OCS- HOME PAGE/How to choose cannabis-learn more" classname="Test Cases/OCS - DESKTOP/OCS- HOME PAGE/How to choose cannabis-learn more" status="PASSED">
         <system-out><![CDATA[2019-06-07 11:51:51 - [TEST_CASE][PASSED] - Test Cases/OCS - DESKTOP/OCS- HOME PAGE/How to choose cannabis-learn more: Test Cases/OCS - DESKTOP/OCS- HOME PAGE/How to choose cannabis-learn more

2019-06-07 11:51:51 - [TEST_STEP][PASSED] - callTestCase(findTestCase("OCS - DESKTOP/CALL- Age gate"), [:], STOP_ON_FAILURE): Call Test Case 'Test Cases/OCS - DESKTOP/CALL- Age gate' successfully

2019-06-07 11:51:51 - [TEST_CASE][PASSED] - Test Cases/OCS - DESKTOP/CALL- Age gate: Test Cases/OCS - DESKTOP/CALL- Age gate

2019-06-07 11:51:51 - [TEST_STEP][PASSED] - openBrowser(""): Browser is opened with url: ''

2019-06-07 11:51:51 - [MESSAGE][WARNING] - A browser is already opened. Closing browser and opening a new one

2019-06-07 11:51:52 - [MESSAGE][INFO] - Starting 'Firefox' driver

2019-06-07 11:51:54 - [MESSAGE][PASSED] - Browser is opened with url: ''

2019-06-07 11:51:54 - [TEST_STEP][PASSED] - navigateToUrl("https://ocs.ca/?fts=0&preview_theme_id=72920074060"): Navigate to 'https://ocs.ca/?fts=0&preview_theme_id=72920074060' successfully

2019-06-07 11:51:57 - [MESSAGE][PASSED] - Navigate to 'https://ocs.ca/?fts=0&preview_theme_id=72920074060' successfully

2019-06-07 11:51:57 - [TEST_STEP][PASSED] - maximizeWindow(): Current window maximized

2019-06-07 11:51:57 - [MESSAGE][PASSED] - Current window maximized

2019-06-07 11:51:57 - [TEST_STEP][PASSED] - delay(2): Delayed 2 second(s)

2019-06-07 11:51:59 - [MESSAGE][PASSED] - Delayed 2 second(s)

2019-06-07 11:51:59 - [TEST_STEP][PASSED] - executeJavaScript("var previewBar = document.getElementById("preview-bar-iframe"); previewBar.style.display = "none";", []): Execute JavaScript 'var previewBar = document.getElementById("preview-bar-iframe"); previewBar.style.display = "none";' successfully

2019-06-07 11:51:59 - [MESSAGE][PASSED] - Execute JavaScript 'var previewBar = document.getElementById("preview-bar-iframe"); previewBar.style.display = "none";' successfully

2019-06-07 11:51:59 - [TEST_STEP][PASSED] - selectOptionByValue(findTestObject("OCS-DESKTOP/Age gate and Mega menu/Date"), "12", true): All options with value '12' are selected in object 'Object Repository/OCS-DESKTOP/Age gate and Mega menu/Date'  using regular expression

2019-06-07 11:52:00 - [MESSAGE][PASSED] - All options with value '12' are selected in object 'Object Repository/OCS-DESKTOP/Age gate and Mega menu/Date'  using regular expression

2019-06-07 11:52:00 - [TEST_STEP][PASSED] - selectOptionByValue(findTestObject("OCS-DESKTOP/Age gate and Mega menu/month"), "6", true): All options with value '6' are selected in object 'Object Repository/OCS-DESKTOP/Age gate and Mega menu/month'  using regular expression

2019-06-07 11:52:00 - [MESSAGE][PASSED] - All options with value '6' are selected in object 'Object Repository/OCS-DESKTOP/Age gate and Mega menu/month'  using regular expression

2019-06-07 11:52:00 - [TEST_STEP][PASSED] - delay(2): Delayed 2 second(s)

2019-06-07 11:52:02 - [MESSAGE][PASSED] - Delayed 2 second(s)

2019-06-07 11:52:02 - [TEST_STEP][PASSED] - selectOptionByValue(findTestObject("OCS-DESKTOP/Age gate and Mega menu/Year Dropdown"), "1990", true): All options with value '1990' are selected in object 'Object Repository/OCS-DESKTOP/Age gate and Mega menu/Year Dropdown'  using regular expression

2019-06-07 11:52:04 - [MESSAGE][PASSED] - All options with value '1990' are selected in object 'Object Repository/OCS-DESKTOP/Age gate and Mega menu/Year Dropdown'  using regular expression

2019-06-07 11:52:04 - [TEST_STEP][PASSED] - click(findTestObject("OCS-DESKTOP/Age gate and Mega menu/button_Verify")): Object: 'Object Repository/OCS-DESKTOP/Age gate and Mega menu/button_Verify' is clicked on

2019-06-07 11:52:04 - [MESSAGE][PASSED] - Object: 'Object Repository/OCS-DESKTOP/Age gate and Mega menu/button_Verify' is clicked on

2019-06-07 11:52:04 - [TEST_STEP][PASSED] - click(findTestObject("OCS-DESKTOP/Age gate and Mega menu/Checkbox_CONFIRM AND ACKNOWLEDGE")): Object: 'Object Repository/OCS-DESKTOP/Age gate and Mega menu/Checkbox_CONFIRM AND ACKNOWLEDGE' is clicked on

2019-06-07 11:52:04 - [MESSAGE][PASSED] - Object: 'Object Repository/OCS-DESKTOP/Age gate and Mega menu/Checkbox_CONFIRM AND ACKNOWLEDGE' is clicked on

2019-06-07 11:52:04 - [TEST_STEP][PASSED] - click(findTestObject("OCS-DESKTOP/Age gate and Mega menu/button_CONFIRM")): Object: 'Object Repository/OCS-DESKTOP/Age gate and Mega menu/button_CONFIRM' is clicked on

2019-06-07 11:52:05 - [MESSAGE][PASSED] - Object: 'Object Repository/OCS-DESKTOP/Age gate and Mega menu/button_CONFIRM' is clicked on

2019-06-07 11:52:05 - [TEST_STEP][PASSED] - click(findTestObject("OCS-DESKTOP/Age gate and Mega menu/button_Start Browsing")): Object: 'Object Repository/OCS-DESKTOP/Age gate and Mega menu/button_Start Browsing' is clicked on

2019-06-07 11:52:05 - [MESSAGE][PASSED] - Object: 'Object Repository/OCS-DESKTOP/Age gate and Mega menu/button_Start Browsing' is clicked on

2019-06-07 11:52:05 - [TEST_STEP][PASSED] - delay(2): Delayed 2 second(s)

2019-06-07 11:52:07 - [MESSAGE][PASSED] - Delayed 2 second(s)

2019-06-07 11:52:07 - [TEST_STEP][PASSED] - refresh(): Refresh successfully

2019-06-07 11:52:11 - [MESSAGE][PASSED] - Refresh successfully

2019-06-07 11:52:11 - [MESSAGE][PASSED] - Call Test Case 'Test Cases/OCS - DESKTOP/CALL- Age gate' successfully

2019-06-07 11:52:11 - [TEST_STEP][PASSED] - delay(2, OPTIONAL): Delayed 2 second(s)

2019-06-07 11:52:13 - [MESSAGE][PASSED] - Delayed 2 second(s)

2019-06-07 11:52:13 - [TEST_STEP][PASSED] - executeJavaScript("var previewBar = document.getElementById("preview-bar-iframe"); previewBar.style.display = "none";", []): Execute JavaScript 'var previewBar = document.getElementById("preview-bar-iframe"); previewBar.style.display = "none";' successfully

2019-06-07 11:52:13 - [MESSAGE][PASSED] - Execute JavaScript 'var previewBar = document.getElementById("preview-bar-iframe"); previewBar.style.display = "none";' successfully

2019-06-07 11:52:13 - [TEST_STEP][PASSED] - click(findTestObject("OCS-DESKTOP/Home - page/a_Learn more- A brief history of cannabis")): Object: 'Object Repository/OCS-DESKTOP/Home - page/a_Learn more- A brief history of cannabis' is clicked on

2019-06-07 11:52:15 - [MESSAGE][PASSED] - Object: 'Object Repository/OCS-DESKTOP/Home - page/a_Learn more- A brief history of cannabis' is clicked on

2019-06-07 11:52:15 - [TEST_STEP][PASSED] - click(findTestObject("OCS-DESKTOP/Home - page/OCS icon"), STOP_ON_FAILURE): Object: 'Object Repository/OCS-DESKTOP/Home - page/OCS icon' is clicked on

2019-06-07 11:52:17 - [MESSAGE][PASSED] - Object: 'Object Repository/OCS-DESKTOP/Home - page/OCS icon' is clicked on

2019-06-07 11:52:17 - [TEST_STEP][NOT_RUN] - back(): NOT_RUN: back()

2019-06-07 11:52:17 - [MESSAGE][NOT_RUN] - NOT_RUN: back()

2019-06-07 11:52:17 - [TEST_STEP][PASSED] - delay(2): Delayed 2 second(s)

2019-06-07 11:52:19 - [MESSAGE][PASSED] - Delayed 2 second(s)

2019-06-07 11:52:19 - [TEST_STEP][PASSED] - executeJavaScript("var previewBar = document.getElementById("preview-bar-iframe"); previewBar.style.display = "none";", []): Execute JavaScript 'var previewBar = document.getElementById("preview-bar-iframe"); previewBar.style.display = "none";' successfully

2019-06-07 11:52:19 - [MESSAGE][PASSED] - Execute JavaScript 'var previewBar = document.getElementById("preview-bar-iframe"); previewBar.style.display = "none";' successfully

2019-06-07 11:52:19 - [TEST_STEP][PASSED] - click(findTestObject("OCS-DESKTOP/Home - page/a_Learn more- Tips for responsible use")): Object: 'Object Repository/OCS-DESKTOP/Home - page/a_Learn more- Tips for responsible use' is clicked on

2019-06-07 11:52:21 - [MESSAGE][PASSED] - Object: 'Object Repository/OCS-DESKTOP/Home - page/a_Learn more- Tips for responsible use' is clicked on]]></system-out>
         <system-err><![CDATA[]]></system-err>
      </testcase>
      <testcase name="Test Cases/OCS - DESKTOP/OCS- HOME PAGE/HP -Burger menu-FAQ" classname="Test Cases/OCS - DESKTOP/OCS- HOME PAGE/HP -Burger menu-FAQ" status="FAILED">
         <failure type="FAILED" message="Test Cases/OCS - DESKTOP/OCS- HOME PAGE/HP -Burger menu-FAQ FAILED.
Reason:
com.kms.katalon.core.exception.StepFailedException: Unable to click on object 'Object Repository/OCS-DESKTOP/FAQ page/Second accordian- add' (Root cause: com.kms.katalon.core.webui.exception.WebElementNotFoundException: Web element with id: 'Object Repository/OCS-DESKTOP/FAQ page/Second accordian- add' located by 'By.xpath: /html/body/div/div[3]/div[1]/div/div[3]/ul/li[2]/div[1]/i[1]' not found)
	at com.kms.katalon.core.keyword.internal.KeywordMain.stepFailed(KeywordMain.groovy:36)
	at com.kms.katalon.core.webui.keyword.internal.WebUIKeywordMain.stepFailed(WebUIKeywordMain.groovy:65)
	at com.kms.katalon.core.webui.keyword.internal.WebUIKeywordMain.runKeyword(WebUIKeywordMain.groovy:27)
	at com.kms.katalon.core.webui.keyword.builtin.ClickKeyword.click(ClickKeyword.groovy:86)
	at com.kms.katalon.core.webui.keyword.builtin.ClickKeyword.execute(ClickKeyword.groovy:67)
	at com.kms.katalon.core.keyword.internal.KeywordExecutor.executeKeywordForPlatform(KeywordExecutor.groovy:53)
	at com.kms.katalon.core.webui.keyword.WebUiBuiltInKeywords.click(WebUiBuiltInKeywords.groovy:616)
	at com.kms.katalon.core.webui.keyword.WebUiBuiltInKeywords$click$4.call(Unknown Source)
	at HP -Burger menu-FAQ.run(HP -Burger menu-FAQ:52)
	at com.kms.katalon.core.main.ScriptEngine.run(ScriptEngine.java:194)
	at com.kms.katalon.core.main.ScriptEngine.runScriptAsRawText(ScriptEngine.java:119)
	at com.kms.katalon.core.main.TestCaseExecutor.runScript(TestCaseExecutor.java:328)
	at com.kms.katalon.core.main.TestCaseExecutor.doExecute(TestCaseExecutor.java:319)
	at com.kms.katalon.core.main.TestCaseExecutor.processExecutionPhase(TestCaseExecutor.java:298)
	at com.kms.katalon.core.main.TestCaseExecutor.accessMainPhase(TestCaseExecutor.java:290)
	at com.kms.katalon.core.main.TestCaseExecutor.execute(TestCaseExecutor.java:224)
	at com.kms.katalon.core.main.TestSuiteExecutor.accessTestCaseMainPhase(TestSuiteExecutor.java:129)
	at com.kms.katalon.core.main.TestSuiteExecutor.accessTestSuiteMainPhase(TestSuiteExecutor.java:112)
	at com.kms.katalon.core.main.TestSuiteExecutor.execute(TestSuiteExecutor.java:81)
	at com.kms.katalon.core.main.TestCaseMain.startTestSuite(TestCaseMain.java:149)
	at com.kms.katalon.core.main.TestCaseMain$startTestSuite$0.call(Unknown Source)
	at TempTestSuite1559921811030.run(TempTestSuite1559921811030.groovy:36)
"/>
         <system-out><![CDATA[2019-06-07 11:52:21 - [TEST_CASE][FAILED] - Test Cases/OCS - DESKTOP/OCS- HOME PAGE/HP -Burger menu-FAQ: Test Cases/OCS - DESKTOP/OCS- HOME PAGE/HP -Burger menu-FAQ FAILED.
Reason:
com.kms.katalon.core.exception.StepFailedException: Unable to click on object 'Object Repository/OCS-DESKTOP/FAQ page/Second accordian- add' (Root cause: com.kms.katalon.core.webui.exception.WebElementNotFoundException: Web element with id: 'Object Repository/OCS-DESKTOP/FAQ page/Second accordian- add' located by 'By.xpath: /html/body/div/div[3]/div[1]/div/div[3]/ul/li[2]/div[1]/i[1]' not found)
	at com.kms.katalon.core.keyword.internal.KeywordMain.stepFailed(KeywordMain.groovy:36)
	at com.kms.katalon.core.webui.keyword.internal.WebUIKeywordMain.stepFailed(WebUIKeywordMain.groovy:65)
	at com.kms.katalon.core.webui.keyword.internal.WebUIKeywordMain.runKeyword(WebUIKeywordMain.groovy:27)
	at com.kms.katalon.core.webui.keyword.builtin.ClickKeyword.click(ClickKeyword.groovy:86)
	at com.kms.katalon.core.webui.keyword.builtin.ClickKeyword.execute(ClickKeyword.groovy:67)
	at com.kms.katalon.core.keyword.internal.KeywordExecutor.executeKeywordForPlatform(KeywordExecutor.groovy:53)
	at com.kms.katalon.core.webui.keyword.WebUiBuiltInKeywords.click(WebUiBuiltInKeywords.groovy:616)
	at com.kms.katalon.core.webui.keyword.WebUiBuiltInKeywords$click$4.call(Unknown Source)
	at HP -Burger menu-FAQ.run(HP -Burger menu-FAQ:52)
	at com.kms.katalon.core.main.ScriptEngine.run(ScriptEngine.java:194)
	at com.kms.katalon.core.main.ScriptEngine.runScriptAsRawText(ScriptEngine.java:119)
	at com.kms.katalon.core.main.TestCaseExecutor.runScript(TestCaseExecutor.java:328)
	at com.kms.katalon.core.main.TestCaseExecutor.doExecute(TestCaseExecutor.java:319)
	at com.kms.katalon.core.main.TestCaseExecutor.processExecutionPhase(TestCaseExecutor.java:298)
	at com.kms.katalon.core.main.TestCaseExecutor.accessMainPhase(TestCaseExecutor.java:290)
	at com.kms.katalon.core.main.TestCaseExecutor.execute(TestCaseExecutor.java:224)
	at com.kms.katalon.core.main.TestSuiteExecutor.accessTestCaseMainPhase(TestSuiteExecutor.java:129)
	at com.kms.katalon.core.main.TestSuiteExecutor.accessTestSuiteMainPhase(TestSuiteExecutor.java:112)
	at com.kms.katalon.core.main.TestSuiteExecutor.execute(TestSuiteExecutor.java:81)
	at com.kms.katalon.core.main.TestCaseMain.startTestSuite(TestCaseMain.java:149)
	at com.kms.katalon.core.main.TestCaseMain$startTestSuite$0.call(Unknown Source)
	at TempTestSuite1559921811030.run(TempTestSuite1559921811030.groovy:36)


2019-06-07 11:52:21 - [TEST_STEP][PASSED] - callTestCase(findTestCase("OCS - DESKTOP/CALL- Age gate"), [:], STOP_ON_FAILURE): Call Test Case 'Test Cases/OCS - DESKTOP/CALL- Age gate' successfully

2019-06-07 11:52:21 - [TEST_CASE][PASSED] - Test Cases/OCS - DESKTOP/CALL- Age gate: Test Cases/OCS - DESKTOP/CALL- Age gate

2019-06-07 11:52:21 - [TEST_STEP][PASSED] - openBrowser(""): Browser is opened with url: ''

2019-06-07 11:52:21 - [MESSAGE][WARNING] - A browser is already opened. Closing browser and opening a new one

2019-06-07 11:52:22 - [MESSAGE][INFO] - Starting 'Firefox' driver

2019-06-07 11:52:24 - [MESSAGE][PASSED] - Browser is opened with url: ''

2019-06-07 11:52:24 - [TEST_STEP][PASSED] - navigateToUrl("https://ocs.ca/?fts=0&preview_theme_id=72920074060"): Navigate to 'https://ocs.ca/?fts=0&preview_theme_id=72920074060' successfully

2019-06-07 11:52:29 - [MESSAGE][PASSED] - Navigate to 'https://ocs.ca/?fts=0&preview_theme_id=72920074060' successfully

2019-06-07 11:52:29 - [TEST_STEP][PASSED] - maximizeWindow(): Current window maximized

2019-06-07 11:52:29 - [MESSAGE][PASSED] - Current window maximized

2019-06-07 11:52:29 - [TEST_STEP][PASSED] - delay(2): Delayed 2 second(s)

2019-06-07 11:52:31 - [MESSAGE][PASSED] - Delayed 2 second(s)

2019-06-07 11:52:31 - [TEST_STEP][PASSED] - executeJavaScript("var previewBar = document.getElementById("preview-bar-iframe"); previewBar.style.display = "none";", []): Execute JavaScript 'var previewBar = document.getElementById("preview-bar-iframe"); previewBar.style.display = "none";' successfully

2019-06-07 11:52:31 - [MESSAGE][PASSED] - Execute JavaScript 'var previewBar = document.getElementById("preview-bar-iframe"); previewBar.style.display = "none";' successfully

2019-06-07 11:52:31 - [TEST_STEP][PASSED] - selectOptionByValue(findTestObject("OCS-DESKTOP/Age gate and Mega menu/Date"), "12", true): All options with value '12' are selected in object 'Object Repository/OCS-DESKTOP/Age gate and Mega menu/Date'  using regular expression

2019-06-07 11:52:32 - [MESSAGE][PASSED] - All options with value '12' are selected in object 'Object Repository/OCS-DESKTOP/Age gate and Mega menu/Date'  using regular expression

2019-06-07 11:52:32 - [TEST_STEP][PASSED] - selectOptionByValue(findTestObject("OCS-DESKTOP/Age gate and Mega menu/month"), "6", true): All options with value '6' are selected in object 'Object Repository/OCS-DESKTOP/Age gate and Mega menu/month'  using regular expression

2019-06-07 11:52:32 - [MESSAGE][PASSED] - All options with value '6' are selected in object 'Object Repository/OCS-DESKTOP/Age gate and Mega menu/month'  using regular expression

2019-06-07 11:52:32 - [TEST_STEP][PASSED] - delay(2): Delayed 2 second(s)

2019-06-07 11:52:34 - [MESSAGE][PASSED] - Delayed 2 second(s)

2019-06-07 11:52:34 - [TEST_STEP][PASSED] - selectOptionByValue(findTestObject("OCS-DESKTOP/Age gate and Mega menu/Year Dropdown"), "1990", true): All options with value '1990' are selected in object 'Object Repository/OCS-DESKTOP/Age gate and Mega menu/Year Dropdown'  using regular expression

2019-06-07 11:52:36 - [MESSAGE][PASSED] - All options with value '1990' are selected in object 'Object Repository/OCS-DESKTOP/Age gate and Mega menu/Year Dropdown'  using regular expression

2019-06-07 11:52:36 - [TEST_STEP][PASSED] - click(findTestObject("OCS-DESKTOP/Age gate and Mega menu/button_Verify")): Object: 'Object Repository/OCS-DESKTOP/Age gate and Mega menu/button_Verify' is clicked on

2019-06-07 11:52:36 - [MESSAGE][PASSED] - Object: 'Object Repository/OCS-DESKTOP/Age gate and Mega menu/button_Verify' is clicked on

2019-06-07 11:52:36 - [TEST_STEP][PASSED] - click(findTestObject("OCS-DESKTOP/Age gate and Mega menu/Checkbox_CONFIRM AND ACKNOWLEDGE")): Object: 'Object Repository/OCS-DESKTOP/Age gate and Mega menu/Checkbox_CONFIRM AND ACKNOWLEDGE' is clicked on

2019-06-07 11:52:36 - [MESSAGE][PASSED] - Object: 'Object Repository/OCS-DESKTOP/Age gate and Mega menu/Checkbox_CONFIRM AND ACKNOWLEDGE' is clicked on

2019-06-07 11:52:36 - [TEST_STEP][PASSED] - click(findTestObject("OCS-DESKTOP/Age gate and Mega menu/button_CONFIRM")): Object: 'Object Repository/OCS-DESKTOP/Age gate and Mega menu/button_CONFIRM' is clicked on

2019-06-07 11:52:37 - [MESSAGE][PASSED] - Object: 'Object Repository/OCS-DESKTOP/Age gate and Mega menu/button_CONFIRM' is clicked on

2019-06-07 11:52:37 - [TEST_STEP][PASSED] - click(findTestObject("OCS-DESKTOP/Age gate and Mega menu/button_Start Browsing")): Object: 'Object Repository/OCS-DESKTOP/Age gate and Mega menu/button_Start Browsing' is clicked on

2019-06-07 11:52:37 - [MESSAGE][PASSED] - Object: 'Object Repository/OCS-DESKTOP/Age gate and Mega menu/button_Start Browsing' is clicked on

2019-06-07 11:52:37 - [TEST_STEP][PASSED] - delay(2): Delayed 2 second(s)

2019-06-07 11:52:39 - [MESSAGE][PASSED] - Delayed 2 second(s)

2019-06-07 11:52:39 - [TEST_STEP][PASSED] - refresh(): Refresh successfully

2019-06-07 11:52:43 - [MESSAGE][PASSED] - Refresh successfully

2019-06-07 11:52:43 - [MESSAGE][PASSED] - Call Test Case 'Test Cases/OCS - DESKTOP/CALL- Age gate' successfully

2019-06-07 11:52:43 - [TEST_STEP][PASSED] - delay(2): Delayed 2 second(s)

2019-06-07 11:52:45 - [MESSAGE][PASSED] - Delayed 2 second(s)

2019-06-07 11:52:45 - [TEST_STEP][PASSED] - executeJavaScript("var previewBar = document.getElementById("preview-bar-iframe"); previewBar.style.display = "none";", []): Execute JavaScript 'var previewBar = document.getElementById("preview-bar-iframe"); previewBar.style.display = "none";' successfully

2019-06-07 11:52:45 - [MESSAGE][PASSED] - Execute JavaScript 'var previewBar = document.getElementById("preview-bar-iframe"); previewBar.style.display = "none";' successfully

2019-06-07 11:52:45 - [TEST_STEP][PASSED] - delay(2): Delayed 2 second(s)

2019-06-07 11:52:47 - [MESSAGE][PASSED] - Delayed 2 second(s)

2019-06-07 11:52:47 - [TEST_STEP][PASSED] - click(findTestObject("OCS-DESKTOP/Age gate and Mega menu/Header/FAQ menu - En")): Object: 'Object Repository/OCS-DESKTOP/Age gate and Mega menu/Header/FAQ menu - En' is clicked on

2019-06-07 11:52:49 - [MESSAGE][PASSED] - Object: 'Object Repository/OCS-DESKTOP/Age gate and Mega menu/Header/FAQ menu - En' is clicked on

2019-06-07 11:52:49 - [TEST_STEP][PASSED] - delay(2): Delayed 2 second(s)

2019-06-07 11:52:51 - [MESSAGE][PASSED] - Delayed 2 second(s)

2019-06-07 11:52:51 - [TEST_STEP][PASSED] - executeJavaScript("var previewBar = document.getElementById("preview-bar-iframe"); previewBar.style.display = "none";", []): Execute JavaScript 'var previewBar = document.getElementById("preview-bar-iframe"); previewBar.style.display = "none";' successfully

2019-06-07 11:52:51 - [MESSAGE][PASSED] - Execute JavaScript 'var previewBar = document.getElementById("preview-bar-iframe"); previewBar.style.display = "none";' successfully

2019-06-07 11:52:51 - [TEST_STEP][NOT_RUN] - scrollToElement(findTestObject("OCS-MOBILE /FAQ page/scroll view element"), 0): NOT_RUN: scrollToElement(findTestObject("OCS-MOBILE /FAQ page/scroll view element"), 0)

2019-06-07 11:52:51 - [MESSAGE][NOT_RUN] - NOT_RUN: scrollToElement(findTestObject("OCS-MOBILE /FAQ page/scroll view element"), 0)

2019-06-07 11:52:51 - [TEST_STEP][PASSED] - delay(1): Delayed 1 second(s)

2019-06-07 11:52:52 - [MESSAGE][PASSED] - Delayed 1 second(s)

2019-06-07 11:52:52 - [TEST_STEP][PASSED] - click(findTestObject("OCS-DESKTOP/FAQ page/Dropdown button -First chevron -open- FAQ")): Object: 'Object Repository/OCS-DESKTOP/FAQ page/Dropdown button -First chevron -open- FAQ' is clicked on

2019-06-07 11:52:52 - [MESSAGE][PASSED] - Object: 'Object Repository/OCS-DESKTOP/FAQ page/Dropdown button -First chevron -open- FAQ' is clicked on

2019-06-07 11:52:52 - [TEST_STEP][PASSED] - delay(1): Delayed 1 second(s)

2019-06-07 11:52:53 - [MESSAGE][PASSED] - Delayed 1 second(s)

2019-06-07 11:52:53 - [TEST_STEP][PASSED] - click(findTestObject("OCS-DESKTOP/FAQ page/Dropdown button -First chevron - close -FAQ")): Object: 'Object Repository/OCS-DESKTOP/FAQ page/Dropdown button -First chevron - close -FAQ' is clicked on

2019-06-07 11:52:53 - [MESSAGE][PASSED] - Object: 'Object Repository/OCS-DESKTOP/FAQ page/Dropdown button -First chevron - close -FAQ' is clicked on

2019-06-07 11:52:53 - [TEST_STEP][PASSED] - delay(1, OPTIONAL): Delayed 1 second(s)

2019-06-07 11:52:54 - [MESSAGE][PASSED] - Delayed 1 second(s)

2019-06-07 11:52:54 - [TEST_STEP][PASSED] - click(findTestObject("OCS-DESKTOP/FAQ page/First accordian - add")): Object: 'Object Repository/OCS-DESKTOP/FAQ page/First accordian - add' is clicked on

2019-06-07 11:52:54 - [MESSAGE][PASSED] - Object: 'Object Repository/OCS-DESKTOP/FAQ page/First accordian - add' is clicked on

2019-06-07 11:52:54 - [TEST_STEP][PASSED] - delay(1): Delayed 1 second(s)

2019-06-07 11:52:55 - [MESSAGE][PASSED] - Delayed 1 second(s)

2019-06-07 11:52:55 - [TEST_STEP][PASSED] - click(findTestObject("OCS-DESKTOP/FAQ page/First accordian - Subtract")): Object: 'Object Repository/OCS-DESKTOP/FAQ page/First accordian - Subtract' is clicked on

2019-06-07 11:52:56 - [MESSAGE][PASSED] - Object: 'Object Repository/OCS-DESKTOP/FAQ page/First accordian - Subtract' is clicked on

2019-06-07 11:52:56 - [TEST_STEP][PASSED] - delay(1): Delayed 1 second(s)

2019-06-07 11:52:57 - [MESSAGE][PASSED] - Delayed 1 second(s)

2019-06-07 11:52:57 - [TEST_STEP][FAILED] - click(findTestObject("OCS-DESKTOP/FAQ page/Second accordian- add")): click(findTestObject("OCS-DESKTOP/FAQ page/Second accordian- add")) FAILED.
Reason:
com.kms.katalon.core.exception.StepFailedException: Unable to click on object 'Object Repository/OCS-DESKTOP/FAQ page/Second accordian- add' (Root cause: com.kms.katalon.core.webui.exception.WebElementNotFoundException: Web element with id: 'Object Repository/OCS-DESKTOP/FAQ page/Second accordian- add' located by 'By.xpath: /html/body/div/div[3]/div[1]/div/div[3]/ul/li[2]/div[1]/i[1]' not found)
	at com.kms.katalon.core.keyword.internal.KeywordMain.stepFailed(KeywordMain.groovy:36)
	at com.kms.katalon.core.webui.keyword.internal.WebUIKeywordMain.stepFailed(WebUIKeywordMain.groovy:65)
	at com.kms.katalon.core.webui.keyword.internal.WebUIKeywordMain.runKeyword(WebUIKeywordMain.groovy:27)
	at com.kms.katalon.core.webui.keyword.builtin.ClickKeyword.click(ClickKeyword.groovy:86)
	at com.kms.katalon.core.webui.keyword.builtin.ClickKeyword.execute(ClickKeyword.groovy:67)
	at com.kms.katalon.core.keyword.internal.KeywordExecutor.executeKeywordForPlatform(KeywordExecutor.groovy:53)
	at com.kms.katalon.core.webui.keyword.WebUiBuiltInKeywords.click(WebUiBuiltInKeywords.groovy:616)
	at com.kms.katalon.core.webui.keyword.WebUiBuiltInKeywords$click$4.call(Unknown Source)
	at HP -Burger menu-FAQ.run(HP -Burger menu-FAQ:52)
	at com.kms.katalon.core.main.ScriptEngine.run(ScriptEngine.java:194)
	at com.kms.katalon.core.main.ScriptEngine.runScriptAsRawText(ScriptEngine.java:119)
	at com.kms.katalon.core.main.TestCaseExecutor.runScript(TestCaseExecutor.java:328)
	at com.kms.katalon.core.main.TestCaseExecutor.doExecute(TestCaseExecutor.java:319)
	at com.kms.katalon.core.main.TestCaseExecutor.processExecutionPhase(TestCaseExecutor.java:298)
	at com.kms.katalon.core.main.TestCaseExecutor.accessMainPhase(TestCaseExecutor.java:290)
	at com.kms.katalon.core.main.TestCaseExecutor.execute(TestCaseExecutor.java:224)
	at com.kms.katalon.core.main.TestSuiteExecutor.accessTestCaseMainPhase(TestSuiteExecutor.java:129)
	at com.kms.katalon.core.main.TestSuiteExecutor.accessTestSuiteMainPhase(TestSuiteExecutor.java:112)
	at com.kms.katalon.core.main.TestSuiteExecutor.execute(TestSuiteExecutor.java:81)
	at com.kms.katalon.core.main.TestCaseMain.startTestSuite(TestCaseMain.java:149)
	at com.kms.katalon.core.main.TestCaseMain$startTestSuite$0.call(Unknown Source)
	at TempTestSuite1559921811030.run(TempTestSuite1559921811030.groovy:36)


2019-06-07 11:53:27 - [MESSAGE][INFO] - Unable to find the element located by 'By.xpath: /html/body/div/div[3]/div[1]/div/div[3]/ul/li[2]/div[1]/i[1]'. Please recheck the objects properties to make sure the desired element is located. 

2019-06-07 11:53:27 - [MESSAGE][FAILED] - Unable to click on object 'Object Repository/OCS-DESKTOP/FAQ page/Second accordian- add' (Root cause: com.kms.katalon.core.webui.exception.WebElementNotFoundException: Web element with id: 'Object Repository/OCS-DESKTOP/FAQ page/Second accordian- add' located by 'By.xpath: /html/body/div/div[3]/div[1]/div/div[3]/ul/li[2]/div[1]/i[1]' not found)
[[ATTACHMENT|/Users/sumankompelly/Relative xpath-Desktop/Reports/OCS- 1.9.2.1/20190607_113651/1559922807622.png]]

2019-06-07 11:53:27 - [MESSAGE][FAILED] - click(findTestObject("OCS-DESKTOP/FAQ page/Second accordian- add")) FAILED.
Reason:
com.kms.katalon.core.exception.StepFailedException: Unable to click on object 'Object Repository/OCS-DESKTOP/FAQ page/Second accordian- add' (Root cause: com.kms.katalon.core.webui.exception.WebElementNotFoundException: Web element with id: 'Object Repository/OCS-DESKTOP/FAQ page/Second accordian- add' located by 'By.xpath: /html/body/div/div[3]/div[1]/div/div[3]/ul/li[2]/div[1]/i[1]' not found)
	at com.kms.katalon.core.keyword.internal.KeywordMain.stepFailed(KeywordMain.groovy:36)
	at com.kms.katalon.core.webui.keyword.internal.WebUIKeywordMain.stepFailed(WebUIKeywordMain.groovy:65)
	at com.kms.katalon.core.webui.keyword.internal.WebUIKeywordMain.runKeyword(WebUIKeywordMain.groovy:27)
	at com.kms.katalon.core.webui.keyword.builtin.ClickKeyword.click(ClickKeyword.groovy:86)
	at com.kms.katalon.core.webui.keyword.builtin.ClickKeyword.execute(ClickKeyword.groovy:67)
	at com.kms.katalon.core.keyword.internal.KeywordExecutor.executeKeywordForPlatform(KeywordExecutor.groovy:53)
	at com.kms.katalon.core.webui.keyword.WebUiBuiltInKeywords.click(WebUiBuiltInKeywords.groovy:616)
	at com.kms.katalon.core.webui.keyword.WebUiBuiltInKeywords$click$4.call(Unknown Source)
	at HP -Burger menu-FAQ.run(HP -Burger menu-FAQ:52)
	at com.kms.katalon.core.main.ScriptEngine.run(ScriptEngine.java:194)
	at com.kms.katalon.core.main.ScriptEngine.runScriptAsRawText(ScriptEngine.java:119)
	at com.kms.katalon.core.main.TestCaseExecutor.runScript(TestCaseExecutor.java:328)
	at com.kms.katalon.core.main.TestCaseExecutor.doExecute(TestCaseExecutor.java:319)
	at com.kms.katalon.core.main.TestCaseExecutor.processExecutionPhase(TestCaseExecutor.java:298)
	at com.kms.katalon.core.main.TestCaseExecutor.accessMainPhase(TestCaseExecutor.java:290)
	at com.kms.katalon.core.main.TestCaseExecutor.execute(TestCaseExecutor.java:224)
	at com.kms.katalon.core.main.TestSuiteExecutor.accessTestCaseMainPhase(TestSuiteExecutor.java:129)
	at com.kms.katalon.core.main.TestSuiteExecutor.accessTestSuiteMainPhase(TestSuiteExecutor.java:112)
	at com.kms.katalon.core.main.TestSuiteExecutor.execute(TestSuiteExecutor.java:81)
	at com.kms.katalon.core.main.TestCaseMain.startTestSuite(TestCaseMain.java:149)
	at com.kms.katalon.core.main.TestCaseMain$startTestSuite$0.call(Unknown Source)
	at TempTestSuite1559921811030.run(TempTestSuite1559921811030.groovy:36)]]></system-out>
         <system-err><![CDATA[2019-06-07 11:52:21 - [TEST_CASE][FAILED] - Test Cases/OCS - DESKTOP/OCS- HOME PAGE/HP -Burger menu-FAQ: Test Cases/OCS - DESKTOP/OCS- HOME PAGE/HP -Burger menu-FAQ FAILED.
Reason:
com.kms.katalon.core.exception.StepFailedException: Unable to click on object 'Object Repository/OCS-DESKTOP/FAQ page/Second accordian- add' (Root cause: com.kms.katalon.core.webui.exception.WebElementNotFoundException: Web element with id: 'Object Repository/OCS-DESKTOP/FAQ page/Second accordian- add' located by 'By.xpath: /html/body/div/div[3]/div[1]/div/div[3]/ul/li[2]/div[1]/i[1]' not found)
	at com.kms.katalon.core.keyword.internal.KeywordMain.stepFailed(KeywordMain.groovy:36)
	at com.kms.katalon.core.webui.keyword.internal.WebUIKeywordMain.stepFailed(WebUIKeywordMain.groovy:65)
	at com.kms.katalon.core.webui.keyword.internal.WebUIKeywordMain.runKeyword(WebUIKeywordMain.groovy:27)
	at com.kms.katalon.core.webui.keyword.builtin.ClickKeyword.click(ClickKeyword.groovy:86)
	at com.kms.katalon.core.webui.keyword.builtin.ClickKeyword.execute(ClickKeyword.groovy:67)
	at com.kms.katalon.core.keyword.internal.KeywordExecutor.executeKeywordForPlatform(KeywordExecutor.groovy:53)
	at com.kms.katalon.core.webui.keyword.WebUiBuiltInKeywords.click(WebUiBuiltInKeywords.groovy:616)
	at com.kms.katalon.core.webui.keyword.WebUiBuiltInKeywords$click$4.call(Unknown Source)
	at HP -Burger menu-FAQ.run(HP -Burger menu-FAQ:52)
	at com.kms.katalon.core.main.ScriptEngine.run(ScriptEngine.java:194)
	at com.kms.katalon.core.main.ScriptEngine.runScriptAsRawText(ScriptEngine.java:119)
	at com.kms.katalon.core.main.TestCaseExecutor.runScript(TestCaseExecutor.java:328)
	at com.kms.katalon.core.main.TestCaseExecutor.doExecute(TestCaseExecutor.java:319)
	at com.kms.katalon.core.main.TestCaseExecutor.processExecutionPhase(TestCaseExecutor.java:298)
	at com.kms.katalon.core.main.TestCaseExecutor.accessMainPhase(TestCaseExecutor.java:290)
	at com.kms.katalon.core.main.TestCaseExecutor.execute(TestCaseExecutor.java:224)
	at com.kms.katalon.core.main.TestSuiteExecutor.accessTestCaseMainPhase(TestSuiteExecutor.java:129)
	at com.kms.katalon.core.main.TestSuiteExecutor.accessTestSuiteMainPhase(TestSuiteExecutor.java:112)
	at com.kms.katalon.core.main.TestSuiteExecutor.execute(TestSuiteExecutor.java:81)
	at com.kms.katalon.core.main.TestCaseMain.startTestSuite(TestCaseMain.java:149)
	at com.kms.katalon.core.main.TestCaseMain$startTestSuite$0.call(Unknown Source)
	at TempTestSuite1559921811030.run(TempTestSuite1559921811030.groovy:36)]]></system-err>
      </testcase>
      <testcase name="Test Cases/OCS - DESKTOP/OCS- HOME PAGE/HP- Burger menu- Learn" classname="Test Cases/OCS - DESKTOP/OCS- HOME PAGE/HP- Burger menu- Learn" status="FAILED">
         <failure type="FAILED" message="Test Cases/OCS - DESKTOP/OCS- HOME PAGE/HP- Burger menu- Learn FAILED.
Reason:
com.kms.katalon.core.exception.StepFailedException: Unable to click on object 'Object Repository/OCS-DESKTOP/LEARN page/Read More -4' (Root cause: com.kms.katalon.core.webui.exception.WebElementNotFoundException: Web element with id: 'Object Repository/OCS-DESKTOP/LEARN page/Read More -4' located by 'By.xpath: //body[@class='header--sticky']/header[@class='nav']/div[@id='shopify-section-en-header']/div[@class='header']/div[contains(@class,'menu-bar')]/div[@class='menu-bar__content']/div[@class='menu-bar__left-wrapper']/div[@class='mega-menu js-mega-menu']/nav[@class='menu js-menu']/ul[@class='menu__list unstyled']/li[@class='menu__tier-one js-menu__tier-one has-tier-two-open']/div[@class='menu__tier-two js-menu__tier-two menu__tier-two--with-footer']/div[@class='menu__tier-two__content-container clearfix']/ul[@class='unstyled menu__tier-two__menu-primary is-bigger']/li[4]/div[1]/div[1]/a[1]' not found)
	at com.kms.katalon.core.keyword.internal.KeywordMain.stepFailed(KeywordMain.groovy:36)
	at com.kms.katalon.core.webui.keyword.internal.WebUIKeywordMain.stepFailed(WebUIKeywordMain.groovy:65)
	at com.kms.katalon.core.webui.keyword.internal.WebUIKeywordMain.runKeyword(WebUIKeywordMain.groovy:27)
	at com.kms.katalon.core.webui.keyword.builtin.ClickKeyword.click(ClickKeyword.groovy:86)
	at com.kms.katalon.core.webui.keyword.builtin.ClickKeyword.execute(ClickKeyword.groovy:67)
	at com.kms.katalon.core.keyword.internal.KeywordExecutor.executeKeywordForPlatform(KeywordExecutor.groovy:53)
	at com.kms.katalon.core.webui.keyword.WebUiBuiltInKeywords.click(WebUiBuiltInKeywords.groovy:616)
	at com.kms.katalon.core.webui.keyword.WebUiBuiltInKeywords$click$4.call(Unknown Source)
	at HP- Burger menu- Learn.run(HP- Burger menu- Learn:211)
	at com.kms.katalon.core.main.ScriptEngine.run(ScriptEngine.java:194)
	at com.kms.katalon.core.main.ScriptEngine.runScriptAsRawText(ScriptEngine.java:119)
	at com.kms.katalon.core.main.TestCaseExecutor.runScript(TestCaseExecutor.java:328)
	at com.kms.katalon.core.main.TestCaseExecutor.doExecute(TestCaseExecutor.java:319)
	at com.kms.katalon.core.main.TestCaseExecutor.processExecutionPhase(TestCaseExecutor.java:298)
	at com.kms.katalon.core.main.TestCaseExecutor.accessMainPhase(TestCaseExecutor.java:290)
	at com.kms.katalon.core.main.TestCaseExecutor.execute(TestCaseExecutor.java:224)
	at com.kms.katalon.core.main.TestSuiteExecutor.accessTestCaseMainPhase(TestSuiteExecutor.java:129)
	at com.kms.katalon.core.main.TestSuiteExecutor.accessTestSuiteMainPhase(TestSuiteExecutor.java:112)
	at com.kms.katalon.core.main.TestSuiteExecutor.execute(TestSuiteExecutor.java:81)
	at com.kms.katalon.core.main.TestCaseMain.startTestSuite(TestCaseMain.java:149)
	at com.kms.katalon.core.main.TestCaseMain$startTestSuite$0.call(Unknown Source)
	at TempTestSuite1559921811030.run(TempTestSuite1559921811030.groovy:36)
"/>
         <system-out><![CDATA[2019-06-07 11:53:27 - [TEST_CASE][FAILED] - Test Cases/OCS - DESKTOP/OCS- HOME PAGE/HP- Burger menu- Learn: Test Cases/OCS - DESKTOP/OCS- HOME PAGE/HP- Burger menu- Learn FAILED.
Reason:
com.kms.katalon.core.exception.StepFailedException: Unable to click on object 'Object Repository/OCS-DESKTOP/LEARN page/Read More -4' (Root cause: com.kms.katalon.core.webui.exception.WebElementNotFoundException: Web element with id: 'Object Repository/OCS-DESKTOP/LEARN page/Read More -4' located by 'By.xpath: //body[@class='header--sticky']/header[@class='nav']/div[@id='shopify-section-en-header']/div[@class='header']/div[contains(@class,'menu-bar')]/div[@class='menu-bar__content']/div[@class='menu-bar__left-wrapper']/div[@class='mega-menu js-mega-menu']/nav[@class='menu js-menu']/ul[@class='menu__list unstyled']/li[@class='menu__tier-one js-menu__tier-one has-tier-two-open']/div[@class='menu__tier-two js-menu__tier-two menu__tier-two--with-footer']/div[@class='menu__tier-two__content-container clearfix']/ul[@class='unstyled menu__tier-two__menu-primary is-bigger']/li[4]/div[1]/div[1]/a[1]' not found)
	at com.kms.katalon.core.keyword.internal.KeywordMain.stepFailed(KeywordMain.groovy:36)
	at com.kms.katalon.core.webui.keyword.internal.WebUIKeywordMain.stepFailed(WebUIKeywordMain.groovy:65)
	at com.kms.katalon.core.webui.keyword.internal.WebUIKeywordMain.runKeyword(WebUIKeywordMain.groovy:27)
	at com.kms.katalon.core.webui.keyword.builtin.ClickKeyword.click(ClickKeyword.groovy:86)
	at com.kms.katalon.core.webui.keyword.builtin.ClickKeyword.execute(ClickKeyword.groovy:67)
	at com.kms.katalon.core.keyword.internal.KeywordExecutor.executeKeywordForPlatform(KeywordExecutor.groovy:53)
	at com.kms.katalon.core.webui.keyword.WebUiBuiltInKeywords.click(WebUiBuiltInKeywords.groovy:616)
	at com.kms.katalon.core.webui.keyword.WebUiBuiltInKeywords$click$4.call(Unknown Source)
	at HP- Burger menu- Learn.run(HP- Burger menu- Learn:211)
	at com.kms.katalon.core.main.ScriptEngine.run(ScriptEngine.java:194)
	at com.kms.katalon.core.main.ScriptEngine.runScriptAsRawText(ScriptEngine.java:119)
	at com.kms.katalon.core.main.TestCaseExecutor.runScript(TestCaseExecutor.java:328)
	at com.kms.katalon.core.main.TestCaseExecutor.doExecute(TestCaseExecutor.java:319)
	at com.kms.katalon.core.main.TestCaseExecutor.processExecutionPhase(TestCaseExecutor.java:298)
	at com.kms.katalon.core.main.TestCaseExecutor.accessMainPhase(TestCaseExecutor.java:290)
	at com.kms.katalon.core.main.TestCaseExecutor.execute(TestCaseExecutor.java:224)
	at com.kms.katalon.core.main.TestSuiteExecutor.accessTestCaseMainPhase(TestSuiteExecutor.java:129)
	at com.kms.katalon.core.main.TestSuiteExecutor.accessTestSuiteMainPhase(TestSuiteExecutor.java:112)
	at com.kms.katalon.core.main.TestSuiteExecutor.execute(TestSuiteExecutor.java:81)
	at com.kms.katalon.core.main.TestCaseMain.startTestSuite(TestCaseMain.java:149)
	at com.kms.katalon.core.main.TestCaseMain$startTestSuite$0.call(Unknown Source)
	at TempTestSuite1559921811030.run(TempTestSuite1559921811030.groovy:36)


2019-06-07 11:53:27 - [TEST_STEP][PASSED] - callTestCase(findTestCase("OCS - DESKTOP/CALL- Age gate"), [:], STOP_ON_FAILURE): Call Test Case 'Test Cases/OCS - DESKTOP/CALL- Age gate' successfully

2019-06-07 11:53:27 - [TEST_CASE][PASSED] - Test Cases/OCS - DESKTOP/CALL- Age gate: Test Cases/OCS - DESKTOP/CALL- Age gate

2019-06-07 11:53:27 - [TEST_STEP][PASSED] - openBrowser(""): Browser is opened with url: ''

2019-06-07 11:53:27 - [MESSAGE][WARNING] - A browser is already opened. Closing browser and opening a new one

2019-06-07 11:53:28 - [MESSAGE][INFO] - Starting 'Firefox' driver

2019-06-07 11:53:30 - [MESSAGE][PASSED] - Browser is opened with url: ''

2019-06-07 11:53:30 - [TEST_STEP][PASSED] - navigateToUrl("https://ocs.ca/?fts=0&preview_theme_id=72920074060"): Navigate to 'https://ocs.ca/?fts=0&preview_theme_id=72920074060' successfully

2019-06-07 11:53:39 - [MESSAGE][PASSED] - Navigate to 'https://ocs.ca/?fts=0&preview_theme_id=72920074060' successfully

2019-06-07 11:53:39 - [TEST_STEP][PASSED] - maximizeWindow(): Current window maximized

2019-06-07 11:53:40 - [MESSAGE][PASSED] - Current window maximized

2019-06-07 11:53:40 - [TEST_STEP][PASSED] - delay(2): Delayed 2 second(s)

2019-06-07 11:53:42 - [MESSAGE][PASSED] - Delayed 2 second(s)

2019-06-07 11:53:42 - [TEST_STEP][PASSED] - executeJavaScript("var previewBar = document.getElementById("preview-bar-iframe"); previewBar.style.display = "none";", []): Execute JavaScript 'var previewBar = document.getElementById("preview-bar-iframe"); previewBar.style.display = "none";' successfully

2019-06-07 11:53:42 - [MESSAGE][PASSED] - Execute JavaScript 'var previewBar = document.getElementById("preview-bar-iframe"); previewBar.style.display = "none";' successfully

2019-06-07 11:53:42 - [TEST_STEP][PASSED] - selectOptionByValue(findTestObject("OCS-DESKTOP/Age gate and Mega menu/Date"), "12", true): All options with value '12' are selected in object 'Object Repository/OCS-DESKTOP/Age gate and Mega menu/Date'  using regular expression

2019-06-07 11:53:42 - [MESSAGE][PASSED] - All options with value '12' are selected in object 'Object Repository/OCS-DESKTOP/Age gate and Mega menu/Date'  using regular expression

2019-06-07 11:53:42 - [TEST_STEP][PASSED] - selectOptionByValue(findTestObject("OCS-DESKTOP/Age gate and Mega menu/month"), "6", true): All options with value '6' are selected in object 'Object Repository/OCS-DESKTOP/Age gate and Mega menu/month'  using regular expression

2019-06-07 11:53:43 - [MESSAGE][PASSED] - All options with value '6' are selected in object 'Object Repository/OCS-DESKTOP/Age gate and Mega menu/month'  using regular expression

2019-06-07 11:53:43 - [TEST_STEP][PASSED] - delay(2): Delayed 2 second(s)

2019-06-07 11:53:45 - [MESSAGE][PASSED] - Delayed 2 second(s)

2019-06-07 11:53:45 - [TEST_STEP][PASSED] - selectOptionByValue(findTestObject("OCS-DESKTOP/Age gate and Mega menu/Year Dropdown"), "1990", true): All options with value '1990' are selected in object 'Object Repository/OCS-DESKTOP/Age gate and Mega menu/Year Dropdown'  using regular expression

2019-06-07 11:53:46 - [MESSAGE][PASSED] - All options with value '1990' are selected in object 'Object Repository/OCS-DESKTOP/Age gate and Mega menu/Year Dropdown'  using regular expression

2019-06-07 11:53:46 - [TEST_STEP][PASSED] - click(findTestObject("OCS-DESKTOP/Age gate and Mega menu/button_Verify")): Object: 'Object Repository/OCS-DESKTOP/Age gate and Mega menu/button_Verify' is clicked on

2019-06-07 11:53:46 - [MESSAGE][PASSED] - Object: 'Object Repository/OCS-DESKTOP/Age gate and Mega menu/button_Verify' is clicked on

2019-06-07 11:53:46 - [TEST_STEP][PASSED] - click(findTestObject("OCS-DESKTOP/Age gate and Mega menu/Checkbox_CONFIRM AND ACKNOWLEDGE")): Object: 'Object Repository/OCS-DESKTOP/Age gate and Mega menu/Checkbox_CONFIRM AND ACKNOWLEDGE' is clicked on

2019-06-07 11:53:47 - [MESSAGE][PASSED] - Object: 'Object Repository/OCS-DESKTOP/Age gate and Mega menu/Checkbox_CONFIRM AND ACKNOWLEDGE' is clicked on

2019-06-07 11:53:47 - [TEST_STEP][PASSED] - click(findTestObject("OCS-DESKTOP/Age gate and Mega menu/button_CONFIRM")): Object: 'Object Repository/OCS-DESKTOP/Age gate and Mega menu/button_CONFIRM' is clicked on

2019-06-07 11:53:47 - [MESSAGE][PASSED] - Object: 'Object Repository/OCS-DESKTOP/Age gate and Mega menu/button_CONFIRM' is clicked on

2019-06-07 11:53:47 - [TEST_STEP][PASSED] - click(findTestObject("OCS-DESKTOP/Age gate and Mega menu/button_Start Browsing")): Object: 'Object Repository/OCS-DESKTOP/Age gate and Mega menu/button_Start Browsing' is clicked on

2019-06-07 11:53:47 - [MESSAGE][PASSED] - Object: 'Object Repository/OCS-DESKTOP/Age gate and Mega menu/button_Start Browsing' is clicked on

2019-06-07 11:53:47 - [TEST_STEP][PASSED] - delay(2): Delayed 2 second(s)

2019-06-07 11:53:49 - [MESSAGE][PASSED] - Delayed 2 second(s)

2019-06-07 11:53:49 - [TEST_STEP][PASSED] - refresh(): Refresh successfully

2019-06-07 11:53:54 - [MESSAGE][PASSED] - Refresh successfully

2019-06-07 11:53:54 - [MESSAGE][PASSED] - Call Test Case 'Test Cases/OCS - DESKTOP/CALL- Age gate' successfully

2019-06-07 11:53:54 - [TEST_STEP][PASSED] - delay(2, CONTINUE_ON_FAILURE): Delayed 2 second(s)

2019-06-07 11:53:56 - [MESSAGE][PASSED] - Delayed 2 second(s)

2019-06-07 11:53:56 - [TEST_STEP][PASSED] - click(findTestObject("OCS-DESKTOP/Age gate and Mega menu/Header/LEARN menu - En")): Object: 'Object Repository/OCS-DESKTOP/Age gate and Mega menu/Header/LEARN menu - En' is clicked on

2019-06-07 11:53:56 - [MESSAGE][PASSED] - Object: 'Object Repository/OCS-DESKTOP/Age gate and Mega menu/Header/LEARN menu - En' is clicked on

2019-06-07 11:53:56 - [TEST_STEP][PASSED] - delay(2): Delayed 2 second(s)

2019-06-07 11:53:58 - [MESSAGE][PASSED] - Delayed 2 second(s)

2019-06-07 11:53:58 - [TEST_STEP][PASSED] - click(findTestObject("OCS-DESKTOP/LEARN page/How cannabis works")): Object: 'Object Repository/OCS-DESKTOP/LEARN page/How cannabis works' is clicked on

2019-06-07 11:54:01 - [MESSAGE][PASSED] - Object: 'Object Repository/OCS-DESKTOP/LEARN page/How cannabis works' is clicked on

2019-06-07 11:54:01 - [TEST_STEP][PASSED] - delay(2, CONTINUE_ON_FAILURE): Delayed 2 second(s)

2019-06-07 11:54:03 - [MESSAGE][PASSED] - Delayed 2 second(s)

2019-06-07 11:54:03 - [TEST_STEP][PASSED] - click(findTestObject("OCS-DESKTOP/Age gate and Mega menu/Header/LEARN menu - En")): Object: 'Object Repository/OCS-DESKTOP/Age gate and Mega menu/Header/LEARN menu - En' is clicked on

2019-06-07 11:54:03 - [MESSAGE][PASSED] - Object: 'Object Repository/OCS-DESKTOP/Age gate and Mega menu/Header/LEARN menu - En' is clicked on

2019-06-07 11:54:03 - [TEST_STEP][PASSED] - delay(2, CONTINUE_ON_FAILURE): Delayed 2 second(s)

2019-06-07 11:54:05 - [MESSAGE][PASSED] - Delayed 2 second(s)

2019-06-07 11:54:05 - [TEST_STEP][PASSED] - click(findTestObject("OCS-DESKTOP/LEARN page/The Effects of Cannabis")): Object: 'Object Repository/OCS-DESKTOP/LEARN page/The Effects of Cannabis' is clicked on

2019-06-07 11:54:07 - [MESSAGE][PASSED] - Object: 'Object Repository/OCS-DESKTOP/LEARN page/The Effects of Cannabis' is clicked on

2019-06-07 11:54:07 - [TEST_STEP][PASSED] - verifyTextPresent("The Effects of Cannabis", true): Text 'The Effects of Cannabis' is present on page  using regular expression

2019-06-07 11:54:07 - [MESSAGE][PASSED] - Text 'The Effects of Cannabis' is present on page  using regular expression

2019-06-07 11:54:07 - [TEST_STEP][PASSED] - delay(2): Delayed 2 second(s)

2019-06-07 11:54:09 - [MESSAGE][PASSED] - Delayed 2 second(s)

2019-06-07 11:54:09 - [TEST_STEP][PASSED] - click(findTestObject("OCS-DESKTOP/Age gate and Mega menu/Header/LEARN menu - En"), CONTINUE_ON_FAILURE): Object: 'Object Repository/OCS-DESKTOP/Age gate and Mega menu/Header/LEARN menu - En' is clicked on

2019-06-07 11:54:09 - [MESSAGE][PASSED] - Object: 'Object Repository/OCS-DESKTOP/Age gate and Mega menu/Header/LEARN menu - En' is clicked on

2019-06-07 11:54:09 - [TEST_STEP][PASSED] - delay(2, CONTINUE_ON_FAILURE): Delayed 2 second(s)

2019-06-07 11:54:11 - [MESSAGE][PASSED] - Delayed 2 second(s)

2019-06-07 11:54:11 - [TEST_STEP][PASSED] - click(findTestObject("OCS-DESKTOP/LEARN page/Endocannabinoids chevron")): Object: 'Object Repository/OCS-DESKTOP/LEARN page/Endocannabinoids chevron' is clicked on

2019-06-07 11:54:14 - [MESSAGE][PASSED] - Object: 'Object Repository/OCS-DESKTOP/LEARN page/Endocannabinoids chevron' is clicked on

2019-06-07 11:54:14 - [TEST_STEP][PASSED] - verifyTextPresent("The Endocannabinoid System", true): Text 'The Endocannabinoid System' is present on page  using regular expression

2019-06-07 11:54:15 - [MESSAGE][PASSED] - Text 'The Endocannabinoid System' is present on page  using regular expression

2019-06-07 11:54:15 - [TEST_STEP][PASSED] - delay(2): Delayed 2 second(s)

2019-06-07 11:54:17 - [MESSAGE][PASSED] - Delayed 2 second(s)

2019-06-07 11:54:17 - [TEST_STEP][PASSED] - click(findTestObject("OCS-DESKTOP/Age gate and Mega menu/Header/LEARN menu - En"), CONTINUE_ON_FAILURE): Object: 'Object Repository/OCS-DESKTOP/Age gate and Mega menu/Header/LEARN menu - En' is clicked on

2019-06-07 11:54:17 - [MESSAGE][PASSED] - Object: 'Object Repository/OCS-DESKTOP/Age gate and Mega menu/Header/LEARN menu - En' is clicked on

2019-06-07 11:54:17 - [TEST_STEP][PASSED] - delay(2, CONTINUE_ON_FAILURE): Delayed 2 second(s)

2019-06-07 11:54:19 - [MESSAGE][PASSED] - Delayed 2 second(s)

2019-06-07 11:54:19 - [TEST_STEP][PASSED] - click(findTestObject("OCS-DESKTOP/LEARN page/Read More -1")): Object: 'Object Repository/OCS-DESKTOP/LEARN page/Read More -1' is clicked on

2019-06-07 11:54:22 - [MESSAGE][PASSED] - Object: 'Object Repository/OCS-DESKTOP/LEARN page/Read More -1' is clicked on

2019-06-07 11:54:22 - [TEST_STEP][PASSED] - verifyTextPresent("The human reaction to cannabis.", false): Text 'The human reaction to cannabis.' is present on page 

2019-06-07 11:54:23 - [MESSAGE][PASSED] - Text 'The human reaction to cannabis.' is present on page 

2019-06-07 11:54:23 - [TEST_STEP][PASSED] - delay(2): Delayed 2 second(s)

2019-06-07 11:54:25 - [MESSAGE][PASSED] - Delayed 2 second(s)

2019-06-07 11:54:25 - [TEST_STEP][PASSED] - click(findTestObject("OCS-DESKTOP/Age gate and Mega menu/Header/LEARN menu - En"), CONTINUE_ON_FAILURE): Object: 'Object Repository/OCS-DESKTOP/Age gate and Mega menu/Header/LEARN menu - En' is clicked on

2019-06-07 11:54:25 - [MESSAGE][PASSED] - Object: 'Object Repository/OCS-DESKTOP/Age gate and Mega menu/Header/LEARN menu - En' is clicked on

2019-06-07 11:54:25 - [TEST_STEP][PASSED] - delay(2): Delayed 2 second(s)

2019-06-07 11:54:27 - [MESSAGE][PASSED] - Delayed 2 second(s)

2019-06-07 11:54:27 - [TEST_STEP][PASSED] - click(findTestObject("OCS-DESKTOP/LEARN page/Cannabis anatomy")): Object: 'Object Repository/OCS-DESKTOP/LEARN page/Cannabis anatomy' is clicked on

2019-06-07 11:54:30 - [MESSAGE][PASSED] - Object: 'Object Repository/OCS-DESKTOP/LEARN page/Cannabis anatomy' is clicked on

2019-06-07 11:54:30 - [TEST_STEP][PASSED] - delay(2): Delayed 2 second(s)

2019-06-07 11:54:32 - [MESSAGE][PASSED] - Delayed 2 second(s)

2019-06-07 11:54:32 - [TEST_STEP][PASSED] - click(findTestObject("OCS-DESKTOP/Age gate and Mega menu/Header/LEARN menu - En"), CONTINUE_ON_FAILURE): Object: 'Object Repository/OCS-DESKTOP/Age gate and Mega menu/Header/LEARN menu - En' is clicked on

2019-06-07 11:54:32 - [MESSAGE][PASSED] - Object: 'Object Repository/OCS-DESKTOP/Age gate and Mega menu/Header/LEARN menu - En' is clicked on

2019-06-07 11:54:32 - [TEST_STEP][PASSED] - delay(2): Delayed 2 second(s)

2019-06-07 11:54:34 - [MESSAGE][PASSED] - Delayed 2 second(s)

2019-06-07 11:54:34 - [TEST_STEP][PASSED] - click(findTestObject("OCS-DESKTOP/LEARN page/CBD")): Object: 'Object Repository/OCS-DESKTOP/LEARN page/CBD' is clicked on

2019-06-07 11:54:35 - [MESSAGE][PASSED] - Object: 'Object Repository/OCS-DESKTOP/LEARN page/CBD' is clicked on

2019-06-07 11:54:35 - [TEST_STEP][PASSED] - delay(2): Delayed 2 second(s)

2019-06-07 11:54:37 - [MESSAGE][PASSED] - Delayed 2 second(s)

2019-06-07 11:54:37 - [TEST_STEP][PASSED] - verifyTextPresent("CANNABIS ANATOMY", false, CONTINUE_ON_FAILURE): Text 'CANNABIS ANATOMY' is present on page 

2019-06-07 11:54:38 - [MESSAGE][PASSED] - Text 'CANNABIS ANATOMY' is present on page 

2019-06-07 11:54:38 - [TEST_STEP][PASSED] - delay(2): Delayed 2 second(s)

2019-06-07 11:54:40 - [MESSAGE][PASSED] - Delayed 2 second(s)

2019-06-07 11:54:40 - [TEST_STEP][PASSED] - click(findTestObject("OCS-DESKTOP/Age gate and Mega menu/Header/LEARN menu - En"), CONTINUE_ON_FAILURE): Object: 'Object Repository/OCS-DESKTOP/Age gate and Mega menu/Header/LEARN menu - En' is clicked on

2019-06-07 11:54:40 - [MESSAGE][PASSED] - Object: 'Object Repository/OCS-DESKTOP/Age gate and Mega menu/Header/LEARN menu - En' is clicked on

2019-06-07 11:54:40 - [TEST_STEP][PASSED] - delay(2, CONTINUE_ON_FAILURE): Delayed 2 second(s)

2019-06-07 11:54:42 - [MESSAGE][PASSED] - Delayed 2 second(s)

2019-06-07 11:54:42 - [TEST_STEP][PASSED] - click(findTestObject("OCS-DESKTOP/LEARN page/Terpenes")): Object: 'Object Repository/OCS-DESKTOP/LEARN page/Terpenes' is clicked on

2019-06-07 11:54:45 - [MESSAGE][PASSED] - Object: 'Object Repository/OCS-DESKTOP/LEARN page/Terpenes' is clicked on

2019-06-07 11:54:45 - [TEST_STEP][NOT_RUN] - click(findTestObject("Learn_spy/Page_Ontario Cannabis Store  Ontari/h3_Learn")): NOT_RUN: click(findTestObject("Learn_spy/Page_Ontario Cannabis Store  Ontari/h3_Learn"))

2019-06-07 11:54:45 - [MESSAGE][NOT_RUN] - NOT_RUN: click(findTestObject("Learn_spy/Page_Ontario Cannabis Store  Ontari/h3_Learn"))

2019-06-07 11:54:45 - [TEST_STEP][NOT_RUN] - click(findTestObject("Object Repository/Learn_OR/Page_The Effects of Cannabis  Ontar/a_Read More")): NOT_RUN: click(findTestObject("Object Repository/Learn_OR/Page_The Effects of Cannabis  Ontar/a_Read More"))

2019-06-07 11:54:45 - [MESSAGE][NOT_RUN] - NOT_RUN: click(findTestObject("Object Repository/Learn_OR/Page_The Effects of Cannabis  Ontar/a_Read More"))

2019-06-07 11:54:45 - [TEST_STEP][PASSED] - verifyTextPresent("Terpenes give cannabis strains their unique aromas.", true): Text 'Terpenes give cannabis strains their unique aromas.' is present on page  using regular expression

2019-06-07 11:54:45 - [MESSAGE][PASSED] - Text 'Terpenes give cannabis strains their unique aromas.' is present on page  using regular expression

2019-06-07 11:54:45 - [TEST_STEP][NOT_RUN] - click(findTestObject("Learn_spy/Page_Ontario Cannabis Store  Ontari/h3_Learn")): NOT_RUN: click(findTestObject("Learn_spy/Page_Ontario Cannabis Store  Ontari/h3_Learn"))

2019-06-07 11:54:45 - [MESSAGE][NOT_RUN] - NOT_RUN: click(findTestObject("Learn_spy/Page_Ontario Cannabis Store  Ontari/h3_Learn"))

2019-06-07 11:54:45 - [TEST_STEP][NOT_RUN] - click(findTestObject("Object Repository/Learn_OR/Page_How Cannabis Works  Ontario Ca/span_Cannabis Anatomy")): NOT_RUN: click(findTestObject("Object Repository/Learn_OR/Page_How Cannabis Works  Ontario Ca/span_Cannabis Anatomy"))

2019-06-07 11:54:45 - [MESSAGE][NOT_RUN] - NOT_RUN: click(findTestObject("Object Repository/Learn_OR/Page_How Cannabis Works  Ontario Ca/span_Cannabis Anatomy"))

2019-06-07 11:54:45 - [TEST_STEP][NOT_RUN] - click(findTestObject("Learn_spy/Page_Ontario Cannabis Store  Ontari/h3_Learn")): NOT_RUN: click(findTestObject("Learn_spy/Page_Ontario Cannabis Store  Ontari/h3_Learn"))

2019-06-07 11:54:45 - [MESSAGE][NOT_RUN] - NOT_RUN: click(findTestObject("Learn_spy/Page_Ontario Cannabis Store  Ontari/h3_Learn"))

2019-06-07 11:54:45 - [TEST_STEP][NOT_RUN] - verifyTextPresent("Terpenes give cannabis strains their unique aromas.", true): NOT_RUN: verifyTextPresent("Terpenes give cannabis strains their unique aromas.", true)

2019-06-07 11:54:45 - [MESSAGE][NOT_RUN] - NOT_RUN: verifyTextPresent("Terpenes give cannabis strains their unique aromas.", true)

2019-06-07 11:54:45 - [TEST_STEP][PASSED] - delay(2): Delayed 2 second(s)

2019-06-07 11:54:47 - [MESSAGE][PASSED] - Delayed 2 second(s)

2019-06-07 11:54:47 - [TEST_STEP][PASSED] - click(findTestObject("OCS-DESKTOP/Age gate and Mega menu/Header/LEARN menu - En"), CONTINUE_ON_FAILURE): Object: 'Object Repository/OCS-DESKTOP/Age gate and Mega menu/Header/LEARN menu - En' is clicked on

2019-06-07 11:54:48 - [MESSAGE][PASSED] - Object: 'Object Repository/OCS-DESKTOP/Age gate and Mega menu/Header/LEARN menu - En' is clicked on

2019-06-07 11:54:48 - [TEST_STEP][PASSED] - delay(1): Delayed 1 second(s)

2019-06-07 11:54:49 - [MESSAGE][PASSED] - Delayed 1 second(s)

2019-06-07 11:54:49 - [TEST_STEP][PASSED] - click(findTestObject("OCS-DESKTOP/LEARN page/THC")): Object: 'Object Repository/OCS-DESKTOP/LEARN page/THC' is clicked on

2019-06-07 11:54:52 - [MESSAGE][PASSED] - Object: 'Object Repository/OCS-DESKTOP/LEARN page/THC' is clicked on

2019-06-07 11:54:52 - [TEST_STEP][PASSED] - verifyTextPresent("THC is the component in cannabis that is primarily responsible for its intoxicating, psychoactive effects.", true): Text 'THC is the component in cannabis that is primarily responsible for its intoxicating, psychoactive effects.' is present on page  using regular expression

2019-06-07 11:54:52 - [MESSAGE][PASSED] - Text 'THC is the component in cannabis that is primarily responsible for its intoxicating, psychoactive effects.' is present on page  using regular expression

2019-06-07 11:54:52 - [TEST_STEP][PASSED] - delay(2): Delayed 2 second(s)

2019-06-07 11:54:54 - [MESSAGE][PASSED] - Delayed 2 second(s)

2019-06-07 11:54:54 - [TEST_STEP][PASSED] - click(findTestObject("OCS-DESKTOP/Age gate and Mega menu/Header/LEARN menu - En"), CONTINUE_ON_FAILURE): Object: 'Object Repository/OCS-DESKTOP/Age gate and Mega menu/Header/LEARN menu - En' is clicked on

2019-06-07 11:54:54 - [MESSAGE][PASSED] - Object: 'Object Repository/OCS-DESKTOP/Age gate and Mega menu/Header/LEARN menu - En' is clicked on

2019-06-07 11:54:54 - [TEST_STEP][PASSED] - delay(1): Delayed 1 second(s)

2019-06-07 11:54:55 - [MESSAGE][PASSED] - Delayed 1 second(s)

2019-06-07 11:54:55 - [TEST_STEP][PASSED] - click(findTestObject("OCS-DESKTOP/LEARN page/Read More -2"), STOP_ON_FAILURE): Object: 'Object Repository/OCS-DESKTOP/LEARN page/Read More -2' is clicked on

2019-06-07 11:54:59 - [MESSAGE][PASSED] - Object: 'Object Repository/OCS-DESKTOP/LEARN page/Read More -2' is clicked on

2019-06-07 11:54:59 - [TEST_STEP][PASSED] - delay(2, CONTINUE_ON_FAILURE): Delayed 2 second(s)

2019-06-07 11:55:01 - [MESSAGE][PASSED] - Delayed 2 second(s)

2019-06-07 11:55:01 - [TEST_STEP][PASSED] - verifyTextPresent("The components of a complex plant.", true): Text 'The components of a complex plant.' is present on page  using regular expression

2019-06-07 11:55:01 - [MESSAGE][PASSED] - Text 'The components of a complex plant.' is present on page  using regular expression

2019-06-07 11:55:01 - [TEST_STEP][PASSED] - delay(2): Delayed 2 second(s)

2019-06-07 11:55:03 - [MESSAGE][PASSED] - Delayed 2 second(s)

2019-06-07 11:55:03 - [TEST_STEP][PASSED] - click(findTestObject("OCS-DESKTOP/Age gate and Mega menu/Header/LEARN menu - En"), CONTINUE_ON_FAILURE): Object: 'Object Repository/OCS-DESKTOP/Age gate and Mega menu/Header/LEARN menu - En' is clicked on

2019-06-07 11:55:03 - [MESSAGE][PASSED] - Object: 'Object Repository/OCS-DESKTOP/Age gate and Mega menu/Header/LEARN menu - En' is clicked on

2019-06-07 11:55:03 - [TEST_STEP][PASSED] - delay(2): Delayed 2 second(s)

2019-06-07 11:55:05 - [MESSAGE][PASSED] - Delayed 2 second(s)

2019-06-07 11:55:05 - [TEST_STEP][PASSED] - click(findTestObject("OCS-DESKTOP/LEARN page/Cannabis Consumption")): Object: 'Object Repository/OCS-DESKTOP/LEARN page/Cannabis Consumption' is clicked on

2019-06-07 11:55:07 - [MESSAGE][PASSED] - Object: 'Object Repository/OCS-DESKTOP/LEARN page/Cannabis Consumption' is clicked on

2019-06-07 11:55:07 - [TEST_STEP][PASSED] - delay(1): Delayed 1 second(s)

2019-06-07 11:55:08 - [MESSAGE][PASSED] - Delayed 1 second(s)

2019-06-07 11:55:08 - [TEST_STEP][PASSED] - click(findTestObject("OCS-DESKTOP/Age gate and Mega menu/Header/LEARN menu - En"), CONTINUE_ON_FAILURE): Object: 'Object Repository/OCS-DESKTOP/Age gate and Mega menu/Header/LEARN menu - En' is clicked on

2019-06-07 11:55:08 - [MESSAGE][PASSED] - Object: 'Object Repository/OCS-DESKTOP/Age gate and Mega menu/Header/LEARN menu - En' is clicked on

2019-06-07 11:55:08 - [TEST_STEP][PASSED] - delay(1): Delayed 1 second(s)

2019-06-07 11:55:09 - [MESSAGE][PASSED] - Delayed 1 second(s)

2019-06-07 11:55:09 - [TEST_STEP][PASSED] - click(findTestObject("OCS-DESKTOP/LEARN page/Cooking with cannabis")): Object: 'Object Repository/OCS-DESKTOP/LEARN page/Cooking with cannabis' is clicked on

2019-06-07 11:55:12 - [MESSAGE][PASSED] - Object: 'Object Repository/OCS-DESKTOP/LEARN page/Cooking with cannabis' is clicked on

2019-06-07 11:55:12 - [TEST_STEP][PASSED] - verifyTextPresent("Cannabis-infused foods are becoming more common, and careful preparation is required to avoid overconsumption.", true): Text 'Cannabis-infused foods are becoming more common, and careful preparation is required to avoid overconsumption.' is present on page  using regular expression

2019-06-07 11:55:12 - [MESSAGE][PASSED] - Text 'Cannabis-infused foods are becoming more common, and careful preparation is required to avoid overconsumption.' is present on page  using regular expression

2019-06-07 11:55:12 - [TEST_STEP][PASSED] - delay(2): Delayed 2 second(s)

2019-06-07 11:55:14 - [MESSAGE][PASSED] - Delayed 2 second(s)

2019-06-07 11:55:14 - [TEST_STEP][PASSED] - click(findTestObject("OCS-DESKTOP/Age gate and Mega menu/Header/LEARN menu - En"), CONTINUE_ON_FAILURE): Object: 'Object Repository/OCS-DESKTOP/Age gate and Mega menu/Header/LEARN menu - En' is clicked on

2019-06-07 11:55:15 - [MESSAGE][PASSED] - Object: 'Object Repository/OCS-DESKTOP/Age gate and Mega menu/Header/LEARN menu - En' is clicked on

2019-06-07 11:55:15 - [TEST_STEP][PASSED] - delay(2, CONTINUE_ON_FAILURE): Delayed 2 second(s)

2019-06-07 11:55:17 - [MESSAGE][PASSED] - Delayed 2 second(s)

2019-06-07 11:55:17 - [TEST_STEP][PASSED] - click(findTestObject("OCS-DESKTOP/LEARN page/storing cannabis - chevron")): Object: 'Object Repository/OCS-DESKTOP/LEARN page/storing cannabis - chevron' is clicked on

2019-06-07 11:55:19 - [MESSAGE][PASSED] - Object: 'Object Repository/OCS-DESKTOP/LEARN page/storing cannabis - chevron' is clicked on

2019-06-07 11:55:19 - [TEST_STEP][PASSED] - verifyTextPresent("How to keep your family safe and your cannabis from spoiling.", true): Text 'How to keep your family safe and your cannabis from spoiling.' is present on page  using regular expression

2019-06-07 11:55:19 - [MESSAGE][PASSED] - Text 'How to keep your family safe and your cannabis from spoiling.' is present on page  using regular expression

2019-06-07 11:55:19 - [TEST_STEP][PASSED] - delay(2): Delayed 2 second(s)

2019-06-07 11:55:21 - [MESSAGE][PASSED] - Delayed 2 second(s)

2019-06-07 11:55:21 - [TEST_STEP][PASSED] - click(findTestObject("OCS-DESKTOP/Age gate and Mega menu/Header/LEARN menu - En"), CONTINUE_ON_FAILURE): Object: 'Object Repository/OCS-DESKTOP/Age gate and Mega menu/Header/LEARN menu - En' is clicked on

2019-06-07 11:55:22 - [MESSAGE][PASSED] - Object: 'Object Repository/OCS-DESKTOP/Age gate and Mega menu/Header/LEARN menu - En' is clicked on

2019-06-07 11:55:22 - [TEST_STEP][PASSED] - delay(2, CONTINUE_ON_FAILURE): Delayed 2 second(s)

2019-06-07 11:55:24 - [MESSAGE][PASSED] - Delayed 2 second(s)

2019-06-07 11:55:24 - [TEST_STEP][PASSED] - click(findTestObject("OCS-DESKTOP/LEARN page/Growing cannabis - chevron")): Object: 'Object Repository/OCS-DESKTOP/LEARN page/Growing cannabis - chevron' is clicked on

2019-06-07 11:55:27 - [MESSAGE][PASSED] - Object: 'Object Repository/OCS-DESKTOP/LEARN page/Growing cannabis - chevron' is clicked on

2019-06-07 11:55:27 - [TEST_STEP][PASSED] - verifyTextPresent("It is legal in Ontario to own and grow up to 4 cannabis plants in your own residential dwelling. Get beginner growing tips here.", true): Text 'It is legal in Ontario to own and grow up to 4 cannabis plants in your own residential dwelling. Get beginner growing tips here.' is present on page  using regular expression

2019-06-07 11:55:28 - [MESSAGE][PASSED] - Text 'It is legal in Ontario to own and grow up to 4 cannabis plants in your own residential dwelling. Get beginner growing tips here.' is present on page  using regular expression

2019-06-07 11:55:28 - [TEST_STEP][PASSED] - delay(2): Delayed 2 second(s)

2019-06-07 11:55:30 - [MESSAGE][PASSED] - Delayed 2 second(s)

2019-06-07 11:55:30 - [TEST_STEP][PASSED] - click(findTestObject("OCS-DESKTOP/Age gate and Mega menu/Header/LEARN menu - En"), CONTINUE_ON_FAILURE): Object: 'Object Repository/OCS-DESKTOP/Age gate and Mega menu/Header/LEARN menu - En' is clicked on

2019-06-07 11:55:30 - [MESSAGE][PASSED] - Object: 'Object Repository/OCS-DESKTOP/Age gate and Mega menu/Header/LEARN menu - En' is clicked on

2019-06-07 11:55:30 - [TEST_STEP][PASSED] - delay(2): Delayed 2 second(s)

2019-06-07 11:55:32 - [MESSAGE][PASSED] - Delayed 2 second(s)

2019-06-07 11:55:32 - [TEST_STEP][PASSED] - click(findTestObject("OCS-DESKTOP/LEARN page/Read More -3")): Object: 'Object Repository/OCS-DESKTOP/LEARN page/Read More -3' is clicked on

2019-06-07 11:55:35 - [MESSAGE][PASSED] - Object: 'Object Repository/OCS-DESKTOP/LEARN page/Read More -3' is clicked on

2019-06-07 11:55:35 - [TEST_STEP][PASSED] - delay(2): Delayed 2 second(s)

2019-06-07 11:55:37 - [MESSAGE][PASSED] - Delayed 2 second(s)

2019-06-07 11:55:37 - [TEST_STEP][PASSED] - click(findTestObject("OCS-DESKTOP/Age gate and Mega menu/Header/LEARN menu - En"), CONTINUE_ON_FAILURE): Object: 'Object Repository/OCS-DESKTOP/Age gate and Mega menu/Header/LEARN menu - En' is clicked on

2019-06-07 11:55:37 - [MESSAGE][PASSED] - Object: 'Object Repository/OCS-DESKTOP/Age gate and Mega menu/Header/LEARN menu - En' is clicked on

2019-06-07 11:55:37 - [TEST_STEP][PASSED] - delay(2, CONTINUE_ON_FAILURE): Delayed 2 second(s)

2019-06-07 11:55:39 - [MESSAGE][PASSED] - Delayed 2 second(s)

2019-06-07 11:55:39 - [TEST_STEP][PASSED] - click(findTestObject("OCS-DESKTOP/LEARN page/How to Choose Cannabis Products")): Object: 'Object Repository/OCS-DESKTOP/LEARN page/How to Choose Cannabis Products' is clicked on

2019-06-07 11:55:43 - [MESSAGE][PASSED] - Object: 'Object Repository/OCS-DESKTOP/LEARN page/How to Choose Cannabis Products' is clicked on

2019-06-07 11:55:43 - [TEST_STEP][PASSED] - delay(1): Delayed 1 second(s)

2019-06-07 11:55:44 - [MESSAGE][PASSED] - Delayed 1 second(s)

2019-06-07 11:55:44 - [TEST_STEP][PASSED] - click(findTestObject("OCS-DESKTOP/Age gate and Mega menu/Header/LEARN menu - En"), CONTINUE_ON_FAILURE): Object: 'Object Repository/OCS-DESKTOP/Age gate and Mega menu/Header/LEARN menu - En' is clicked on

2019-06-07 11:55:44 - [MESSAGE][PASSED] - Object: 'Object Repository/OCS-DESKTOP/Age gate and Mega menu/Header/LEARN menu - En' is clicked on

2019-06-07 11:55:44 - [TEST_STEP][PASSED] - delay(1): Delayed 1 second(s)

2019-06-07 11:55:45 - [MESSAGE][PASSED] - Delayed 1 second(s)

2019-06-07 11:55:45 - [TEST_STEP][PASSED] - click(findTestObject("OCS-DESKTOP/LEARN page/Reading a product label - chevron")): Object: 'Object Repository/OCS-DESKTOP/LEARN page/Reading a product label - chevron' is clicked on

2019-06-07 11:55:47 - [MESSAGE][PASSED] - Object: 'Object Repository/OCS-DESKTOP/LEARN page/Reading a product label - chevron' is clicked on

2019-06-07 11:55:47 - [TEST_STEP][PASSED] - delay(2): Delayed 2 second(s)

2019-06-07 11:55:49 - [MESSAGE][PASSED] - Delayed 2 second(s)

2019-06-07 11:55:49 - [TEST_STEP][PASSED] - click(findTestObject("OCS-DESKTOP/Age gate and Mega menu/Header/LEARN menu - En"), CONTINUE_ON_FAILURE): Object: 'Object Repository/OCS-DESKTOP/Age gate and Mega menu/Header/LEARN menu - En' is clicked on

2019-06-07 11:55:50 - [MESSAGE][PASSED] - Object: 'Object Repository/OCS-DESKTOP/Age gate and Mega menu/Header/LEARN menu - En' is clicked on

2019-06-07 11:55:50 - [TEST_STEP][PASSED] - delay(1): Delayed 1 second(s)

2019-06-07 11:55:51 - [MESSAGE][PASSED] - Delayed 1 second(s)

2019-06-07 11:55:51 - [TEST_STEP][PASSED] - click(findTestObject("OCS-DESKTOP/LEARN page/cannabinoid content - chveron")): Object: 'Object Repository/OCS-DESKTOP/LEARN page/cannabinoid content - chveron' is clicked on

2019-06-07 11:55:54 - [MESSAGE][PASSED] - Object: 'Object Repository/OCS-DESKTOP/LEARN page/cannabinoid content - chveron' is clicked on

2019-06-07 11:55:54 - [TEST_STEP][PASSED] - verifyTextPresent("Understanding Cannabinoid Content on Product Labels", true): Text 'Understanding Cannabinoid Content on Product Labels' is present on page  using regular expression

2019-06-07 11:55:54 - [MESSAGE][PASSED] - Text 'Understanding Cannabinoid Content on Product Labels' is present on page  using regular expression

2019-06-07 11:55:54 - [TEST_STEP][PASSED] - delay(2): Delayed 2 second(s)

2019-06-07 11:55:56 - [MESSAGE][PASSED] - Delayed 2 second(s)

2019-06-07 11:55:56 - [TEST_STEP][PASSED] - click(findTestObject("OCS-DESKTOP/Age gate and Mega menu/Header/LEARN menu - En"), CONTINUE_ON_FAILURE): Object: 'Object Repository/OCS-DESKTOP/Age gate and Mega menu/Header/LEARN menu - En' is clicked on

2019-06-07 11:55:56 - [MESSAGE][PASSED] - Object: 'Object Repository/OCS-DESKTOP/Age gate and Mega menu/Header/LEARN menu - En' is clicked on

2019-06-07 11:55:56 - [TEST_STEP][PASSED] - delay(2, CONTINUE_ON_FAILURE): Delayed 2 second(s)

2019-06-07 11:55:58 - [MESSAGE][PASSED] - Delayed 2 second(s)

2019-06-07 11:55:58 - [TEST_STEP][PASSED] - click(findTestObject("OCS-DESKTOP/LEARN page/Factors in Choosing Canna - chevron")): Object: 'Object Repository/OCS-DESKTOP/LEARN page/Factors in Choosing Canna - chevron' is clicked on

2019-06-07 11:56:00 - [MESSAGE][PASSED] - Object: 'Object Repository/OCS-DESKTOP/LEARN page/Factors in Choosing Canna - chevron' is clicked on

2019-06-07 11:56:00 - [TEST_STEP][PASSED] - verifyTextPresent("Six things to know before deciding to consume cannabis.", true): Text 'Six things to know before deciding to consume cannabis.' is present on page  using regular expression

2019-06-07 11:56:00 - [MESSAGE][PASSED] - Text 'Six things to know before deciding to consume cannabis.' is present on page  using regular expression

2019-06-07 11:56:00 - [TEST_STEP][PASSED] - delay(2): Delayed 2 second(s)

2019-06-07 11:56:02 - [MESSAGE][PASSED] - Delayed 2 second(s)

2019-06-07 11:56:02 - [TEST_STEP][PASSED] - click(findTestObject("OCS-DESKTOP/Age gate and Mega menu/Header/LEARN menu - En"), CONTINUE_ON_FAILURE): Object: 'Object Repository/OCS-DESKTOP/Age gate and Mega menu/Header/LEARN menu - En' is clicked on

2019-06-07 11:56:03 - [MESSAGE][PASSED] - Object: 'Object Repository/OCS-DESKTOP/Age gate and Mega menu/Header/LEARN menu - En' is clicked on

2019-06-07 11:56:03 - [TEST_STEP][PASSED] - delay(2): Delayed 2 second(s)

2019-06-07 11:56:05 - [MESSAGE][PASSED] - Delayed 2 second(s)

2019-06-07 11:56:05 - [TEST_STEP][FAILED] - click(findTestObject("OCS-DESKTOP/LEARN page/Read More -4")): click(findTestObject("OCS-DESKTOP/LEARN page/Read More -4")) FAILED.
Reason:
com.kms.katalon.core.exception.StepFailedException: Unable to click on object 'Object Repository/OCS-DESKTOP/LEARN page/Read More -4' (Root cause: com.kms.katalon.core.webui.exception.WebElementNotFoundException: Web element with id: 'Object Repository/OCS-DESKTOP/LEARN page/Read More -4' located by 'By.xpath: //body[@class='header--sticky']/header[@class='nav']/div[@id='shopify-section-en-header']/div[@class='header']/div[contains(@class,'menu-bar')]/div[@class='menu-bar__content']/div[@class='menu-bar__left-wrapper']/div[@class='mega-menu js-mega-menu']/nav[@class='menu js-menu']/ul[@class='menu__list unstyled']/li[@class='menu__tier-one js-menu__tier-one has-tier-two-open']/div[@class='menu__tier-two js-menu__tier-two menu__tier-two--with-footer']/div[@class='menu__tier-two__content-container clearfix']/ul[@class='unstyled menu__tier-two__menu-primary is-bigger']/li[4]/div[1]/div[1]/a[1]' not found)
	at com.kms.katalon.core.keyword.internal.KeywordMain.stepFailed(KeywordMain.groovy:36)
	at com.kms.katalon.core.webui.keyword.internal.WebUIKeywordMain.stepFailed(WebUIKeywordMain.groovy:65)
	at com.kms.katalon.core.webui.keyword.internal.WebUIKeywordMain.runKeyword(WebUIKeywordMain.groovy:27)
	at com.kms.katalon.core.webui.keyword.builtin.ClickKeyword.click(ClickKeyword.groovy:86)
	at com.kms.katalon.core.webui.keyword.builtin.ClickKeyword.execute(ClickKeyword.groovy:67)
	at com.kms.katalon.core.keyword.internal.KeywordExecutor.executeKeywordForPlatform(KeywordExecutor.groovy:53)
	at com.kms.katalon.core.webui.keyword.WebUiBuiltInKeywords.click(WebUiBuiltInKeywords.groovy:616)
	at com.kms.katalon.core.webui.keyword.WebUiBuiltInKeywords$click$4.call(Unknown Source)
	at HP- Burger menu- Learn.run(HP- Burger menu- Learn:211)
	at com.kms.katalon.core.main.ScriptEngine.run(ScriptEngine.java:194)
	at com.kms.katalon.core.main.ScriptEngine.runScriptAsRawText(ScriptEngine.java:119)
	at com.kms.katalon.core.main.TestCaseExecutor.runScript(TestCaseExecutor.java:328)
	at com.kms.katalon.core.main.TestCaseExecutor.doExecute(TestCaseExecutor.java:319)
	at com.kms.katalon.core.main.TestCaseExecutor.processExecutionPhase(TestCaseExecutor.java:298)
	at com.kms.katalon.core.main.TestCaseExecutor.accessMainPhase(TestCaseExecutor.java:290)
	at com.kms.katalon.core.main.TestCaseExecutor.execute(TestCaseExecutor.java:224)
	at com.kms.katalon.core.main.TestSuiteExecutor.accessTestCaseMainPhase(TestSuiteExecutor.java:129)
	at com.kms.katalon.core.main.TestSuiteExecutor.accessTestSuiteMainPhase(TestSuiteExecutor.java:112)
	at com.kms.katalon.core.main.TestSuiteExecutor.execute(TestSuiteExecutor.java:81)
	at com.kms.katalon.core.main.TestCaseMain.startTestSuite(TestCaseMain.java:149)
	at com.kms.katalon.core.main.TestCaseMain$startTestSuite$0.call(Unknown Source)
	at TempTestSuite1559921811030.run(TempTestSuite1559921811030.groovy:36)


2019-06-07 11:56:35 - [MESSAGE][INFO] - Unable to find the element located by 'By.xpath: //body[@class='header--sticky']/header[@class='nav']/div[@id='shopify-section-en-header']/div[@class='header']/div[contains(@class,'menu-bar')]/div[@class='menu-bar__content']/div[@class='menu-bar__left-wrapper']/div[@class='mega-menu js-mega-menu']/nav[@class='menu js-menu']/ul[@class='menu__list unstyled']/li[@class='menu__tier-one js-menu__tier-one has-tier-two-open']/div[@class='menu__tier-two js-menu__tier-two menu__tier-two--with-footer']/div[@class='menu__tier-two__content-container clearfix']/ul[@class='unstyled menu__tier-two__menu-primary is-bigger']/li[4]/div[1]/div[1]/a[1]'. Please recheck the objects properties to make sure the desired element is located. 

2019-06-07 11:56:35 - [MESSAGE][FAILED] - Unable to click on object 'Object Repository/OCS-DESKTOP/LEARN page/Read More -4' (Root cause: com.kms.katalon.core.webui.exception.WebElementNotFoundException: Web element with id: 'Object Repository/OCS-DESKTOP/LEARN page/Read More -4' located by 'By.xpath: //body[@class='header--sticky']/header[@class='nav']/div[@id='shopify-section-en-header']/div[@class='header']/div[contains(@class,'menu-bar')]/div[@class='menu-bar__content']/div[@class='menu-bar__left-wrapper']/div[@class='mega-menu js-mega-menu']/nav[@class='menu js-menu']/ul[@class='menu__list unstyled']/li[@class='menu__tier-one js-menu__tier-one has-tier-two-open']/div[@class='menu__tier-two js-menu__tier-two menu__tier-two--with-footer']/div[@class='menu__tier-two__content-container clearfix']/ul[@class='unstyled menu__tier-two__menu-primary is-bigger']/li[4]/div[1]/div[1]/a[1]' not found)
[[ATTACHMENT|/Users/sumankompelly/Relative xpath-Desktop/Reports/OCS- 1.9.2.1/20190607_113651/1559922995529.png]]

2019-06-07 11:56:35 - [MESSAGE][FAILED] - click(findTestObject("OCS-DESKTOP/LEARN page/Read More -4")) FAILED.
Reason:
com.kms.katalon.core.exception.StepFailedException: Unable to click on object 'Object Repository/OCS-DESKTOP/LEARN page/Read More -4' (Root cause: com.kms.katalon.core.webui.exception.WebElementNotFoundException: Web element with id: 'Object Repository/OCS-DESKTOP/LEARN page/Read More -4' located by 'By.xpath: //body[@class='header--sticky']/header[@class='nav']/div[@id='shopify-section-en-header']/div[@class='header']/div[contains(@class,'menu-bar')]/div[@class='menu-bar__content']/div[@class='menu-bar__left-wrapper']/div[@class='mega-menu js-mega-menu']/nav[@class='menu js-menu']/ul[@class='menu__list unstyled']/li[@class='menu__tier-one js-menu__tier-one has-tier-two-open']/div[@class='menu__tier-two js-menu__tier-two menu__tier-two--with-footer']/div[@class='menu__tier-two__content-container clearfix']/ul[@class='unstyled menu__tier-two__menu-primary is-bigger']/li[4]/div[1]/div[1]/a[1]' not found)
	at com.kms.katalon.core.keyword.internal.KeywordMain.stepFailed(KeywordMain.groovy:36)
	at com.kms.katalon.core.webui.keyword.internal.WebUIKeywordMain.stepFailed(WebUIKeywordMain.groovy:65)
	at com.kms.katalon.core.webui.keyword.internal.WebUIKeywordMain.runKeyword(WebUIKeywordMain.groovy:27)
	at com.kms.katalon.core.webui.keyword.builtin.ClickKeyword.click(ClickKeyword.groovy:86)
	at com.kms.katalon.core.webui.keyword.builtin.ClickKeyword.execute(ClickKeyword.groovy:67)
	at com.kms.katalon.core.keyword.internal.KeywordExecutor.executeKeywordForPlatform(KeywordExecutor.groovy:53)
	at com.kms.katalon.core.webui.keyword.WebUiBuiltInKeywords.click(WebUiBuiltInKeywords.groovy:616)
	at com.kms.katalon.core.webui.keyword.WebUiBuiltInKeywords$click$4.call(Unknown Source)
	at HP- Burger menu- Learn.run(HP- Burger menu- Learn:211)
	at com.kms.katalon.core.main.ScriptEngine.run(ScriptEngine.java:194)
	at com.kms.katalon.core.main.ScriptEngine.runScriptAsRawText(ScriptEngine.java:119)
	at com.kms.katalon.core.main.TestCaseExecutor.runScript(TestCaseExecutor.java:328)
	at com.kms.katalon.core.main.TestCaseExecutor.doExecute(TestCaseExecutor.java:319)
	at com.kms.katalon.core.main.TestCaseExecutor.processExecutionPhase(TestCaseExecutor.java:298)
	at com.kms.katalon.core.main.TestCaseExecutor.accessMainPhase(TestCaseExecutor.java:290)
	at com.kms.katalon.core.main.TestCaseExecutor.execute(TestCaseExecutor.java:224)
	at com.kms.katalon.core.main.TestSuiteExecutor.accessTestCaseMainPhase(TestSuiteExecutor.java:129)
	at com.kms.katalon.core.main.TestSuiteExecutor.accessTestSuiteMainPhase(TestSuiteExecutor.java:112)
	at com.kms.katalon.core.main.TestSuiteExecutor.execute(TestSuiteExecutor.java:81)
	at com.kms.katalon.core.main.TestCaseMain.startTestSuite(TestCaseMain.java:149)
	at com.kms.katalon.core.main.TestCaseMain$startTestSuite$0.call(Unknown Source)
	at TempTestSuite1559921811030.run(TempTestSuite1559921811030.groovy:36)]]></system-out>
         <system-err><![CDATA[2019-06-07 11:53:27 - [TEST_CASE][FAILED] - Test Cases/OCS - DESKTOP/OCS- HOME PAGE/HP- Burger menu- Learn: Test Cases/OCS - DESKTOP/OCS- HOME PAGE/HP- Burger menu- Learn FAILED.
Reason:
com.kms.katalon.core.exception.StepFailedException: Unable to click on object 'Object Repository/OCS-DESKTOP/LEARN page/Read More -4' (Root cause: com.kms.katalon.core.webui.exception.WebElementNotFoundException: Web element with id: 'Object Repository/OCS-DESKTOP/LEARN page/Read More -4' located by 'By.xpath: //body[@class='header--sticky']/header[@class='nav']/div[@id='shopify-section-en-header']/div[@class='header']/div[contains(@class,'menu-bar')]/div[@class='menu-bar__content']/div[@class='menu-bar__left-wrapper']/div[@class='mega-menu js-mega-menu']/nav[@class='menu js-menu']/ul[@class='menu__list unstyled']/li[@class='menu__tier-one js-menu__tier-one has-tier-two-open']/div[@class='menu__tier-two js-menu__tier-two menu__tier-two--with-footer']/div[@class='menu__tier-two__content-container clearfix']/ul[@class='unstyled menu__tier-two__menu-primary is-bigger']/li[4]/div[1]/div[1]/a[1]' not found)
	at com.kms.katalon.core.keyword.internal.KeywordMain.stepFailed(KeywordMain.groovy:36)
	at com.kms.katalon.core.webui.keyword.internal.WebUIKeywordMain.stepFailed(WebUIKeywordMain.groovy:65)
	at com.kms.katalon.core.webui.keyword.internal.WebUIKeywordMain.runKeyword(WebUIKeywordMain.groovy:27)
	at com.kms.katalon.core.webui.keyword.builtin.ClickKeyword.click(ClickKeyword.groovy:86)
	at com.kms.katalon.core.webui.keyword.builtin.ClickKeyword.execute(ClickKeyword.groovy:67)
	at com.kms.katalon.core.keyword.internal.KeywordExecutor.executeKeywordForPlatform(KeywordExecutor.groovy:53)
	at com.kms.katalon.core.webui.keyword.WebUiBuiltInKeywords.click(WebUiBuiltInKeywords.groovy:616)
	at com.kms.katalon.core.webui.keyword.WebUiBuiltInKeywords$click$4.call(Unknown Source)
	at HP- Burger menu- Learn.run(HP- Burger menu- Learn:211)
	at com.kms.katalon.core.main.ScriptEngine.run(ScriptEngine.java:194)
	at com.kms.katalon.core.main.ScriptEngine.runScriptAsRawText(ScriptEngine.java:119)
	at com.kms.katalon.core.main.TestCaseExecutor.runScript(TestCaseExecutor.java:328)
	at com.kms.katalon.core.main.TestCaseExecutor.doExecute(TestCaseExecutor.java:319)
	at com.kms.katalon.core.main.TestCaseExecutor.processExecutionPhase(TestCaseExecutor.java:298)
	at com.kms.katalon.core.main.TestCaseExecutor.accessMainPhase(TestCaseExecutor.java:290)
	at com.kms.katalon.core.main.TestCaseExecutor.execute(TestCaseExecutor.java:224)
	at com.kms.katalon.core.main.TestSuiteExecutor.accessTestCaseMainPhase(TestSuiteExecutor.java:129)
	at com.kms.katalon.core.main.TestSuiteExecutor.accessTestSuiteMainPhase(TestSuiteExecutor.java:112)
	at com.kms.katalon.core.main.TestSuiteExecutor.execute(TestSuiteExecutor.java:81)
	at com.kms.katalon.core.main.TestCaseMain.startTestSuite(TestCaseMain.java:149)
	at com.kms.katalon.core.main.TestCaseMain$startTestSuite$0.call(Unknown Source)
	at TempTestSuite1559921811030.run(TempTestSuite1559921811030.groovy:36)]]></system-err>
      </testcase>
      <testcase name="Test Cases/OCS - DESKTOP/OCS- HOME PAGE/HP-Burger menu -cannabis" classname="Test Cases/OCS - DESKTOP/OCS- HOME PAGE/HP-Burger menu -cannabis" status="FAILED">
         <failure type="FAILED" message="Test Cases/OCS - DESKTOP/OCS- HOME PAGE/HP-Burger menu -cannabis FAILED.
Reason:
com.kms.katalon.core.exception.StepFailedException: Unable to click on object 'Object Repository/MOBILE OBJECTS/Capsules chevron' (Root cause: com.kms.katalon.core.webui.exception.WebElementNotFoundException: Web element with id: 'Object Repository/MOBILE OBJECTS/Capsules chevron' located by 'By.xpath: /html/body/div/header/div[2]/div/div[2]/div/div[1]/div[1]/nav/ul/li[1]/div/div[2]/ul[1]/li[4]/a/span' not found)
	at com.kms.katalon.core.keyword.internal.KeywordMain.stepFailed(KeywordMain.groovy:36)
	at com.kms.katalon.core.webui.keyword.internal.WebUIKeywordMain.stepFailed(WebUIKeywordMain.groovy:65)
	at com.kms.katalon.core.webui.keyword.internal.WebUIKeywordMain.runKeyword(WebUIKeywordMain.groovy:27)
	at com.kms.katalon.core.webui.keyword.builtin.ClickKeyword.click(ClickKeyword.groovy:86)
	at com.kms.katalon.core.webui.keyword.builtin.ClickKeyword.execute(ClickKeyword.groovy:67)
	at com.kms.katalon.core.keyword.internal.KeywordExecutor.executeKeywordForPlatform(KeywordExecutor.groovy:53)
	at com.kms.katalon.core.webui.keyword.WebUiBuiltInKeywords.click(WebUiBuiltInKeywords.groovy:616)
	at com.kms.katalon.core.webui.keyword.WebUiBuiltInKeywords$click$4.call(Unknown Source)
	at HP-Burger menu -cannabis.run(HP-Burger menu -cannabis:176)
	at com.kms.katalon.core.main.ScriptEngine.run(ScriptEngine.java:194)
	at com.kms.katalon.core.main.ScriptEngine.runScriptAsRawText(ScriptEngine.java:119)
	at com.kms.katalon.core.main.TestCaseExecutor.runScript(TestCaseExecutor.java:328)
	at com.kms.katalon.core.main.TestCaseExecutor.doExecute(TestCaseExecutor.java:319)
	at com.kms.katalon.core.main.TestCaseExecutor.processExecutionPhase(TestCaseExecutor.java:298)
	at com.kms.katalon.core.main.TestCaseExecutor.accessMainPhase(TestCaseExecutor.java:290)
	at com.kms.katalon.core.main.TestCaseExecutor.execute(TestCaseExecutor.java:224)
	at com.kms.katalon.core.main.TestSuiteExecutor.accessTestCaseMainPhase(TestSuiteExecutor.java:129)
	at com.kms.katalon.core.main.TestSuiteExecutor.accessTestSuiteMainPhase(TestSuiteExecutor.java:112)
	at com.kms.katalon.core.main.TestSuiteExecutor.execute(TestSuiteExecutor.java:81)
	at com.kms.katalon.core.main.TestCaseMain.startTestSuite(TestCaseMain.java:149)
	at com.kms.katalon.core.main.TestCaseMain$startTestSuite$0.call(Unknown Source)
	at TempTestSuite1559921811030.run(TempTestSuite1559921811030.groovy:36)
"/>
         <system-out><![CDATA[2019-06-07 11:56:35 - [TEST_CASE][FAILED] - Test Cases/OCS - DESKTOP/OCS- HOME PAGE/HP-Burger menu -cannabis: Test Cases/OCS - DESKTOP/OCS- HOME PAGE/HP-Burger menu -cannabis FAILED.
Reason:
com.kms.katalon.core.exception.StepFailedException: Unable to click on object 'Object Repository/MOBILE OBJECTS/Capsules chevron' (Root cause: com.kms.katalon.core.webui.exception.WebElementNotFoundException: Web element with id: 'Object Repository/MOBILE OBJECTS/Capsules chevron' located by 'By.xpath: /html/body/div/header/div[2]/div/div[2]/div/div[1]/div[1]/nav/ul/li[1]/div/div[2]/ul[1]/li[4]/a/span' not found)
	at com.kms.katalon.core.keyword.internal.KeywordMain.stepFailed(KeywordMain.groovy:36)
	at com.kms.katalon.core.webui.keyword.internal.WebUIKeywordMain.stepFailed(WebUIKeywordMain.groovy:65)
	at com.kms.katalon.core.webui.keyword.internal.WebUIKeywordMain.runKeyword(WebUIKeywordMain.groovy:27)
	at com.kms.katalon.core.webui.keyword.builtin.ClickKeyword.click(ClickKeyword.groovy:86)
	at com.kms.katalon.core.webui.keyword.builtin.ClickKeyword.execute(ClickKeyword.groovy:67)
	at com.kms.katalon.core.keyword.internal.KeywordExecutor.executeKeywordForPlatform(KeywordExecutor.groovy:53)
	at com.kms.katalon.core.webui.keyword.WebUiBuiltInKeywords.click(WebUiBuiltInKeywords.groovy:616)
	at com.kms.katalon.core.webui.keyword.WebUiBuiltInKeywords$click$4.call(Unknown Source)
	at HP-Burger menu -cannabis.run(HP-Burger menu -cannabis:176)
	at com.kms.katalon.core.main.ScriptEngine.run(ScriptEngine.java:194)
	at com.kms.katalon.core.main.ScriptEngine.runScriptAsRawText(ScriptEngine.java:119)
	at com.kms.katalon.core.main.TestCaseExecutor.runScript(TestCaseExecutor.java:328)
	at com.kms.katalon.core.main.TestCaseExecutor.doExecute(TestCaseExecutor.java:319)
	at com.kms.katalon.core.main.TestCaseExecutor.processExecutionPhase(TestCaseExecutor.java:298)
	at com.kms.katalon.core.main.TestCaseExecutor.accessMainPhase(TestCaseExecutor.java:290)
	at com.kms.katalon.core.main.TestCaseExecutor.execute(TestCaseExecutor.java:224)
	at com.kms.katalon.core.main.TestSuiteExecutor.accessTestCaseMainPhase(TestSuiteExecutor.java:129)
	at com.kms.katalon.core.main.TestSuiteExecutor.accessTestSuiteMainPhase(TestSuiteExecutor.java:112)
	at com.kms.katalon.core.main.TestSuiteExecutor.execute(TestSuiteExecutor.java:81)
	at com.kms.katalon.core.main.TestCaseMain.startTestSuite(TestCaseMain.java:149)
	at com.kms.katalon.core.main.TestCaseMain$startTestSuite$0.call(Unknown Source)
	at TempTestSuite1559921811030.run(TempTestSuite1559921811030.groovy:36)


2019-06-07 11:56:35 - [TEST_STEP][PASSED] - callTestCase(findTestCase("OCS - DESKTOP/CALL- Age gate"), [:], STOP_ON_FAILURE): Call Test Case 'Test Cases/OCS - DESKTOP/CALL- Age gate' successfully

2019-06-07 11:56:35 - [TEST_CASE][PASSED] - Test Cases/OCS - DESKTOP/CALL- Age gate: Test Cases/OCS - DESKTOP/CALL- Age gate

2019-06-07 11:56:35 - [TEST_STEP][PASSED] - openBrowser(""): Browser is opened with url: ''

2019-06-07 11:56:35 - [MESSAGE][WARNING] - A browser is already opened. Closing browser and opening a new one

2019-06-07 11:56:36 - [MESSAGE][INFO] - Starting 'Firefox' driver

2019-06-07 11:56:38 - [MESSAGE][PASSED] - Browser is opened with url: ''

2019-06-07 11:56:38 - [TEST_STEP][PASSED] - navigateToUrl("https://ocs.ca/?fts=0&preview_theme_id=72920074060"): Navigate to 'https://ocs.ca/?fts=0&preview_theme_id=72920074060' successfully

2019-06-07 11:56:41 - [MESSAGE][PASSED] - Navigate to 'https://ocs.ca/?fts=0&preview_theme_id=72920074060' successfully

2019-06-07 11:56:41 - [TEST_STEP][PASSED] - maximizeWindow(): Current window maximized

2019-06-07 11:56:41 - [MESSAGE][PASSED] - Current window maximized

2019-06-07 11:56:41 - [TEST_STEP][PASSED] - delay(2): Delayed 2 second(s)

2019-06-07 11:56:43 - [MESSAGE][PASSED] - Delayed 2 second(s)

2019-06-07 11:56:43 - [TEST_STEP][PASSED] - executeJavaScript("var previewBar = document.getElementById("preview-bar-iframe"); previewBar.style.display = "none";", []): Execute JavaScript 'var previewBar = document.getElementById("preview-bar-iframe"); previewBar.style.display = "none";' successfully

2019-06-07 11:56:43 - [MESSAGE][PASSED] - Execute JavaScript 'var previewBar = document.getElementById("preview-bar-iframe"); previewBar.style.display = "none";' successfully

2019-06-07 11:56:43 - [TEST_STEP][PASSED] - selectOptionByValue(findTestObject("OCS-DESKTOP/Age gate and Mega menu/Date"), "12", true): All options with value '12' are selected in object 'Object Repository/OCS-DESKTOP/Age gate and Mega menu/Date'  using regular expression

2019-06-07 11:56:44 - [MESSAGE][PASSED] - All options with value '12' are selected in object 'Object Repository/OCS-DESKTOP/Age gate and Mega menu/Date'  using regular expression

2019-06-07 11:56:44 - [TEST_STEP][PASSED] - selectOptionByValue(findTestObject("OCS-DESKTOP/Age gate and Mega menu/month"), "6", true): All options with value '6' are selected in object 'Object Repository/OCS-DESKTOP/Age gate and Mega menu/month'  using regular expression

2019-06-07 11:56:44 - [MESSAGE][PASSED] - All options with value '6' are selected in object 'Object Repository/OCS-DESKTOP/Age gate and Mega menu/month'  using regular expression

2019-06-07 11:56:44 - [TEST_STEP][PASSED] - delay(2): Delayed 2 second(s)

2019-06-07 11:56:46 - [MESSAGE][PASSED] - Delayed 2 second(s)

2019-06-07 11:56:46 - [TEST_STEP][PASSED] - selectOptionByValue(findTestObject("OCS-DESKTOP/Age gate and Mega menu/Year Dropdown"), "1990", true): All options with value '1990' are selected in object 'Object Repository/OCS-DESKTOP/Age gate and Mega menu/Year Dropdown'  using regular expression

2019-06-07 11:56:48 - [MESSAGE][PASSED] - All options with value '1990' are selected in object 'Object Repository/OCS-DESKTOP/Age gate and Mega menu/Year Dropdown'  using regular expression

2019-06-07 11:56:48 - [TEST_STEP][PASSED] - click(findTestObject("OCS-DESKTOP/Age gate and Mega menu/button_Verify")): Object: 'Object Repository/OCS-DESKTOP/Age gate and Mega menu/button_Verify' is clicked on

2019-06-07 11:56:48 - [MESSAGE][PASSED] - Object: 'Object Repository/OCS-DESKTOP/Age gate and Mega menu/button_Verify' is clicked on

2019-06-07 11:56:48 - [TEST_STEP][PASSED] - click(findTestObject("OCS-DESKTOP/Age gate and Mega menu/Checkbox_CONFIRM AND ACKNOWLEDGE")): Object: 'Object Repository/OCS-DESKTOP/Age gate and Mega menu/Checkbox_CONFIRM AND ACKNOWLEDGE' is clicked on

2019-06-07 11:56:48 - [MESSAGE][PASSED] - Object: 'Object Repository/OCS-DESKTOP/Age gate and Mega menu/Checkbox_CONFIRM AND ACKNOWLEDGE' is clicked on

2019-06-07 11:56:48 - [TEST_STEP][PASSED] - click(findTestObject("OCS-DESKTOP/Age gate and Mega menu/button_CONFIRM")): Object: 'Object Repository/OCS-DESKTOP/Age gate and Mega menu/button_CONFIRM' is clicked on

2019-06-07 11:56:48 - [MESSAGE][PASSED] - Object: 'Object Repository/OCS-DESKTOP/Age gate and Mega menu/button_CONFIRM' is clicked on

2019-06-07 11:56:48 - [TEST_STEP][PASSED] - click(findTestObject("OCS-DESKTOP/Age gate and Mega menu/button_Start Browsing")): Object: 'Object Repository/OCS-DESKTOP/Age gate and Mega menu/button_Start Browsing' is clicked on

2019-06-07 11:56:49 - [MESSAGE][PASSED] - Object: 'Object Repository/OCS-DESKTOP/Age gate and Mega menu/button_Start Browsing' is clicked on

2019-06-07 11:56:49 - [TEST_STEP][PASSED] - delay(2): Delayed 2 second(s)

2019-06-07 11:56:51 - [MESSAGE][PASSED] - Delayed 2 second(s)

2019-06-07 11:56:51 - [TEST_STEP][PASSED] - refresh(): Refresh successfully

2019-06-07 11:56:53 - [MESSAGE][PASSED] - Refresh successfully

2019-06-07 11:56:53 - [MESSAGE][PASSED] - Call Test Case 'Test Cases/OCS - DESKTOP/CALL- Age gate' successfully

2019-06-07 11:56:53 - [TEST_STEP][PASSED] - delay(2): Delayed 2 second(s)

2019-06-07 11:56:55 - [MESSAGE][PASSED] - Delayed 2 second(s)

2019-06-07 11:56:55 - [TEST_STEP][PASSED] - click(findTestObject("OCS-DESKTOP/Age gate and Mega menu/Header/CANNABIS menu - English"), CONTINUE_ON_FAILURE): Object: 'Object Repository/OCS-DESKTOP/Age gate and Mega menu/Header/CANNABIS menu - English' is clicked on

2019-06-07 11:56:56 - [MESSAGE][PASSED] - Object: 'Object Repository/OCS-DESKTOP/Age gate and Mega menu/Header/CANNABIS menu - English' is clicked on

2019-06-07 11:56:56 - [TEST_STEP][PASSED] - delay(2, CONTINUE_ON_FAILURE): Delayed 2 second(s)

2019-06-07 11:56:58 - [MESSAGE][PASSED] - Delayed 2 second(s)

2019-06-07 11:56:58 - [TEST_STEP][PASSED] - delay(1, CONTINUE_ON_FAILURE): Delayed 1 second(s)

2019-06-07 11:56:59 - [MESSAGE][PASSED] - Delayed 1 second(s)

2019-06-07 11:56:59 - [TEST_STEP][PASSED] - click(findTestObject("OCS-DESKTOP/Cannabis page/Dried flower")): Object: 'Object Repository/OCS-DESKTOP/Cannabis page/Dried flower' is clicked on

2019-06-07 11:57:01 - [MESSAGE][PASSED] - Object: 'Object Repository/OCS-DESKTOP/Cannabis page/Dried flower' is clicked on

2019-06-07 11:57:01 - [TEST_STEP][PASSED] - delay(1, CONTINUE_ON_FAILURE): Delayed 1 second(s)

2019-06-07 11:57:02 - [MESSAGE][PASSED] - Delayed 1 second(s)

2019-06-07 11:57:02 - [TEST_STEP][PASSED] - click(findTestObject("OCS-DESKTOP/Age gate and Mega menu/Header/CANNABIS menu - English")): Object: 'Object Repository/OCS-DESKTOP/Age gate and Mega menu/Header/CANNABIS menu - English' is clicked on

2019-06-07 11:57:03 - [MESSAGE][PASSED] - Object: 'Object Repository/OCS-DESKTOP/Age gate and Mega menu/Header/CANNABIS menu - English' is clicked on

2019-06-07 11:57:03 - [TEST_STEP][PASSED] - delay(1, CONTINUE_ON_FAILURE): Delayed 1 second(s)

2019-06-07 11:57:04 - [MESSAGE][PASSED] - Delayed 1 second(s)

2019-06-07 11:57:04 - [TEST_STEP][PASSED] - delay(1, CONTINUE_ON_FAILURE): Delayed 1 second(s)

2019-06-07 11:57:05 - [MESSAGE][PASSED] - Delayed 1 second(s)

2019-06-07 11:57:05 - [TEST_STEP][PASSED] - click(findTestObject("OCS-DESKTOP/Cannabis page/Dried flower - Indica dominant")): Object: 'Object Repository/OCS-DESKTOP/Cannabis page/Dried flower - Indica dominant' is clicked on

2019-06-07 11:57:06 - [MESSAGE][PASSED] - Object: 'Object Repository/OCS-DESKTOP/Cannabis page/Dried flower - Indica dominant' is clicked on

2019-06-07 11:57:06 - [TEST_STEP][PASSED] - delay(1, CONTINUE_ON_FAILURE): Delayed 1 second(s)

2019-06-07 11:57:07 - [MESSAGE][PASSED] - Delayed 1 second(s)

2019-06-07 11:57:08 - [TEST_STEP][PASSED] - click(findTestObject("OCS-DESKTOP/Age gate and Mega menu/Header/CANNABIS menu - English"), CONTINUE_ON_FAILURE): Object: 'Object Repository/OCS-DESKTOP/Age gate and Mega menu/Header/CANNABIS menu - English' is clicked on

2019-06-07 11:57:08 - [MESSAGE][PASSED] - Object: 'Object Repository/OCS-DESKTOP/Age gate and Mega menu/Header/CANNABIS menu - English' is clicked on

2019-06-07 11:57:08 - [TEST_STEP][PASSED] - delay(2, CONTINUE_ON_FAILURE): Delayed 2 second(s)

2019-06-07 11:57:10 - [MESSAGE][PASSED] - Delayed 2 second(s)

2019-06-07 11:57:10 - [TEST_STEP][PASSED] - click(findTestObject("OCS-DESKTOP/Cannabis page/Dried flower - sativa dominant")): Object: 'Object Repository/OCS-DESKTOP/Cannabis page/Dried flower - sativa dominant' is clicked on

2019-06-07 11:57:12 - [MESSAGE][PASSED] - Object: 'Object Repository/OCS-DESKTOP/Cannabis page/Dried flower - sativa dominant' is clicked on

2019-06-07 11:57:12 - [TEST_STEP][PASSED] - delay(1, CONTINUE_ON_FAILURE): Delayed 1 second(s)

2019-06-07 11:57:13 - [MESSAGE][PASSED] - Delayed 1 second(s)

2019-06-07 11:57:13 - [TEST_STEP][PASSED] - delay(1, CONTINUE_ON_FAILURE): Delayed 1 second(s)

2019-06-07 11:57:14 - [MESSAGE][PASSED] - Delayed 1 second(s)

2019-06-07 11:57:14 - [TEST_STEP][PASSED] - click(findTestObject("OCS-DESKTOP/Age gate and Mega menu/Header/CANNABIS menu - English"), CONTINUE_ON_FAILURE): Object: 'Object Repository/OCS-DESKTOP/Age gate and Mega menu/Header/CANNABIS menu - English' is clicked on

2019-06-07 11:57:14 - [MESSAGE][PASSED] - Object: 'Object Repository/OCS-DESKTOP/Age gate and Mega menu/Header/CANNABIS menu - English' is clicked on

2019-06-07 11:57:14 - [TEST_STEP][PASSED] - delay(2, CONTINUE_ON_FAILURE): Delayed 2 second(s)

2019-06-07 11:57:16 - [MESSAGE][PASSED] - Delayed 2 second(s)

2019-06-07 11:57:16 - [TEST_STEP][PASSED] - click(findTestObject("OCS-DESKTOP/Cannabis page/Dried flower - Hybrid")): Object: 'Object Repository/OCS-DESKTOP/Cannabis page/Dried flower - Hybrid' is clicked on

2019-06-07 11:57:18 - [MESSAGE][PASSED] - Object: 'Object Repository/OCS-DESKTOP/Cannabis page/Dried flower - Hybrid' is clicked on

2019-06-07 11:57:18 - [TEST_STEP][PASSED] - delay(1, CONTINUE_ON_FAILURE): Delayed 1 second(s)

2019-06-07 11:57:19 - [MESSAGE][PASSED] - Delayed 1 second(s)

2019-06-07 11:57:19 - [TEST_STEP][PASSED] - click(findTestObject("OCS-DESKTOP/Age gate and Mega menu/Header/CANNABIS menu - English"), CONTINUE_ON_FAILURE): Object: 'Object Repository/OCS-DESKTOP/Age gate and Mega menu/Header/CANNABIS menu - English' is clicked on

2019-06-07 11:57:20 - [MESSAGE][PASSED] - Object: 'Object Repository/OCS-DESKTOP/Age gate and Mega menu/Header/CANNABIS menu - English' is clicked on

2019-06-07 11:57:20 - [TEST_STEP][PASSED] - delay(1, CONTINUE_ON_FAILURE): Delayed 1 second(s)

2019-06-07 11:57:21 - [MESSAGE][PASSED] - Delayed 1 second(s)

2019-06-07 11:57:21 - [TEST_STEP][PASSED] - delay(1, CONTINUE_ON_FAILURE): Delayed 1 second(s)

2019-06-07 11:57:22 - [MESSAGE][PASSED] - Delayed 1 second(s)

2019-06-07 11:57:22 - [TEST_STEP][PASSED] - click(findTestObject("OCS-DESKTOP/Cannabis page/Shop all dried flower")): Object: 'Object Repository/OCS-DESKTOP/Cannabis page/Shop all dried flower' is clicked on

2019-06-07 11:57:24 - [MESSAGE][PASSED] - Object: 'Object Repository/OCS-DESKTOP/Cannabis page/Shop all dried flower' is clicked on

2019-06-07 11:57:24 - [TEST_STEP][PASSED] - delay(1, CONTINUE_ON_FAILURE): Delayed 1 second(s)

2019-06-07 11:57:25 - [MESSAGE][PASSED] - Delayed 1 second(s)

2019-06-07 11:57:25 - [TEST_STEP][PASSED] - click(findTestObject("OCS-DESKTOP/Age gate and Mega menu/Header/CANNABIS menu - English"), CONTINUE_ON_FAILURE): Object: 'Object Repository/OCS-DESKTOP/Age gate and Mega menu/Header/CANNABIS menu - English' is clicked on

2019-06-07 11:57:25 - [MESSAGE][PASSED] - Object: 'Object Repository/OCS-DESKTOP/Age gate and Mega menu/Header/CANNABIS menu - English' is clicked on

2019-06-07 11:57:25 - [TEST_STEP][PASSED] - delay(2, CONTINUE_ON_FAILURE): Delayed 2 second(s)

2019-06-07 11:57:27 - [MESSAGE][PASSED] - Delayed 2 second(s)

2019-06-07 11:57:27 - [TEST_STEP][PASSED] - delay(1, CONTINUE_ON_FAILURE): Delayed 1 second(s)

2019-06-07 11:57:28 - [MESSAGE][PASSED] - Delayed 1 second(s)

2019-06-07 11:57:28 - [TEST_STEP][PASSED] - click(findTestObject("OCS-DESKTOP/Cannabis page/Prerolled - Plus accordian")): Object: 'Object Repository/OCS-DESKTOP/Cannabis page/Prerolled - Plus accordian' is clicked on

2019-06-07 11:57:30 - [MESSAGE][PASSED] - Object: 'Object Repository/OCS-DESKTOP/Cannabis page/Prerolled - Plus accordian' is clicked on

2019-06-07 11:57:30 - [TEST_STEP][PASSED] - delay(1, CONTINUE_ON_FAILURE): Delayed 1 second(s)

2019-06-07 11:57:31 - [MESSAGE][PASSED] - Delayed 1 second(s)

2019-06-07 11:57:31 - [TEST_STEP][PASSED] - delay(1, CONTINUE_ON_FAILURE): Delayed 1 second(s)

2019-06-07 11:57:32 - [MESSAGE][PASSED] - Delayed 1 second(s)

2019-06-07 11:57:32 - [TEST_STEP][PASSED] - click(findTestObject("OCS-DESKTOP/Age gate and Mega menu/Header/CANNABIS menu - English"), CONTINUE_ON_FAILURE): Object: 'Object Repository/OCS-DESKTOP/Age gate and Mega menu/Header/CANNABIS menu - English' is clicked on

2019-06-07 11:57:32 - [MESSAGE][PASSED] - Object: 'Object Repository/OCS-DESKTOP/Age gate and Mega menu/Header/CANNABIS menu - English' is clicked on

2019-06-07 11:57:32 - [TEST_STEP][PASSED] - delay(1, CONTINUE_ON_FAILURE): Delayed 1 second(s)

2019-06-07 11:57:33 - [MESSAGE][PASSED] - Delayed 1 second(s)

2019-06-07 11:57:33 - [TEST_STEP][PASSED] - click(findTestObject("OCS-DESKTOP/Cannabis page/Prerolled - Indica dominant")): Object: 'Object Repository/OCS-DESKTOP/Cannabis page/Prerolled - Indica dominant' is clicked on

2019-06-07 11:57:35 - [MESSAGE][PASSED] - Object: 'Object Repository/OCS-DESKTOP/Cannabis page/Prerolled - Indica dominant' is clicked on

2019-06-07 11:57:35 - [TEST_STEP][PASSED] - delay(1, CONTINUE_ON_FAILURE): Delayed 1 second(s)

2019-06-07 11:57:36 - [MESSAGE][PASSED] - Delayed 1 second(s)

2019-06-07 11:57:36 - [TEST_STEP][PASSED] - click(findTestObject("OCS-DESKTOP/Age gate and Mega menu/Header/CANNABIS menu - English"), CONTINUE_ON_FAILURE): Object: 'Object Repository/OCS-DESKTOP/Age gate and Mega menu/Header/CANNABIS menu - English' is clicked on

2019-06-07 11:57:36 - [MESSAGE][PASSED] - Object: 'Object Repository/OCS-DESKTOP/Age gate and Mega menu/Header/CANNABIS menu - English' is clicked on

2019-06-07 11:57:36 - [TEST_STEP][PASSED] - delay(2, CONTINUE_ON_FAILURE): Delayed 2 second(s)

2019-06-07 11:57:38 - [MESSAGE][PASSED] - Delayed 2 second(s)

2019-06-07 11:57:38 - [TEST_STEP][PASSED] - delay(1, CONTINUE_ON_FAILURE): Delayed 1 second(s)

2019-06-07 11:57:39 - [MESSAGE][PASSED] - Delayed 1 second(s)

2019-06-07 11:57:39 - [TEST_STEP][PASSED] - delay(1, CONTINUE_ON_FAILURE): Delayed 1 second(s)

2019-06-07 11:57:40 - [MESSAGE][PASSED] - Delayed 1 second(s)

2019-06-07 11:57:40 - [TEST_STEP][PASSED] - click(findTestObject("OCS-DESKTOP/Cannabis page/Prerolled - sativa dominant")): Object: 'Object Repository/OCS-DESKTOP/Cannabis page/Prerolled - sativa dominant' is clicked on

2019-06-07 11:57:42 - [MESSAGE][PASSED] - Object: 'Object Repository/OCS-DESKTOP/Cannabis page/Prerolled - sativa dominant' is clicked on

2019-06-07 11:57:42 - [TEST_STEP][PASSED] - delay(1, CONTINUE_ON_FAILURE): Delayed 1 second(s)

2019-06-07 11:57:43 - [MESSAGE][PASSED] - Delayed 1 second(s)

2019-06-07 11:57:43 - [TEST_STEP][PASSED] - click(findTestObject("OCS-DESKTOP/Age gate and Mega menu/Header/CANNABIS menu - English"), CONTINUE_ON_FAILURE): Object: 'Object Repository/OCS-DESKTOP/Age gate and Mega menu/Header/CANNABIS menu - English' is clicked on

2019-06-07 11:57:44 - [MESSAGE][PASSED] - Object: 'Object Repository/OCS-DESKTOP/Age gate and Mega menu/Header/CANNABIS menu - English' is clicked on

2019-06-07 11:57:44 - [TEST_STEP][PASSED] - delay(2, CONTINUE_ON_FAILURE): Delayed 2 second(s)

2019-06-07 11:57:46 - [MESSAGE][PASSED] - Delayed 2 second(s)

2019-06-07 11:57:46 - [TEST_STEP][PASSED] - delay(1, CONTINUE_ON_FAILURE): Delayed 1 second(s)

2019-06-07 11:57:47 - [MESSAGE][PASSED] - Delayed 1 second(s)

2019-06-07 11:57:47 - [TEST_STEP][PASSED] - delay(1, CONTINUE_ON_FAILURE): Delayed 1 second(s)

2019-06-07 11:57:48 - [MESSAGE][PASSED] - Delayed 1 second(s)

2019-06-07 11:57:48 - [TEST_STEP][PASSED] - click(findTestObject("OCS-DESKTOP/Cannabis page/Prerolled - Hybrid")): Object: 'Object Repository/OCS-DESKTOP/Cannabis page/Prerolled - Hybrid' is clicked on

2019-06-07 11:57:50 - [MESSAGE][PASSED] - Object: 'Object Repository/OCS-DESKTOP/Cannabis page/Prerolled - Hybrid' is clicked on

2019-06-07 11:57:50 - [TEST_STEP][PASSED] - delay(1, CONTINUE_ON_FAILURE): Delayed 1 second(s)

2019-06-07 11:57:51 - [MESSAGE][PASSED] - Delayed 1 second(s)

2019-06-07 11:57:51 - [TEST_STEP][PASSED] - click(findTestObject("OCS-DESKTOP/Age gate and Mega menu/Header/CANNABIS menu - English"), CONTINUE_ON_FAILURE): Object: 'Object Repository/OCS-DESKTOP/Age gate and Mega menu/Header/CANNABIS menu - English' is clicked on

2019-06-07 11:57:51 - [MESSAGE][PASSED] - Object: 'Object Repository/OCS-DESKTOP/Age gate and Mega menu/Header/CANNABIS menu - English' is clicked on

2019-06-07 11:57:51 - [TEST_STEP][PASSED] - delay(2, CONTINUE_ON_FAILURE): Delayed 2 second(s)

2019-06-07 11:57:53 - [MESSAGE][PASSED] - Delayed 2 second(s)

2019-06-07 11:57:53 - [TEST_STEP][PASSED] - delay(1, CONTINUE_ON_FAILURE): Delayed 1 second(s)

2019-06-07 11:57:54 - [MESSAGE][PASSED] - Delayed 1 second(s)

2019-06-07 11:57:54 - [TEST_STEP][PASSED] - delay(1, CONTINUE_ON_FAILURE): Delayed 1 second(s)

2019-06-07 11:57:55 - [MESSAGE][PASSED] - Delayed 1 second(s)

2019-06-07 11:57:55 - [TEST_STEP][PASSED] - click(findTestObject("OCS-DESKTOP/Cannabis page/Shop all prerolled")): Object: 'Object Repository/OCS-DESKTOP/Cannabis page/Shop all prerolled' is clicked on

2019-06-07 11:57:57 - [MESSAGE][PASSED] - Object: 'Object Repository/OCS-DESKTOP/Cannabis page/Shop all prerolled' is clicked on

2019-06-07 11:57:57 - [TEST_STEP][PASSED] - delay(1, CONTINUE_ON_FAILURE): Delayed 1 second(s)

2019-06-07 11:57:58 - [MESSAGE][PASSED] - Delayed 1 second(s)

2019-06-07 11:57:58 - [TEST_STEP][PASSED] - click(findTestObject("OCS-DESKTOP/Age gate and Mega menu/Header/CANNABIS menu - English"), CONTINUE_ON_FAILURE): Object: 'Object Repository/OCS-DESKTOP/Age gate and Mega menu/Header/CANNABIS menu - English' is clicked on

2019-06-07 11:57:59 - [MESSAGE][PASSED] - Object: 'Object Repository/OCS-DESKTOP/Age gate and Mega menu/Header/CANNABIS menu - English' is clicked on

2019-06-07 11:57:59 - [TEST_STEP][PASSED] - delay(2, CONTINUE_ON_FAILURE): Delayed 2 second(s)

2019-06-07 11:58:01 - [MESSAGE][PASSED] - Delayed 2 second(s)

2019-06-07 11:58:01 - [TEST_STEP][PASSED] - delay(1, CONTINUE_ON_FAILURE): Delayed 1 second(s)

2019-06-07 11:58:02 - [MESSAGE][PASSED] - Delayed 1 second(s)

2019-06-07 11:58:02 - [TEST_STEP][PASSED] - delay(1, CONTINUE_ON_FAILURE): Delayed 1 second(s)

2019-06-07 11:58:03 - [MESSAGE][PASSED] - Delayed 1 second(s)

2019-06-07 11:58:03 - [TEST_STEP][PASSED] - click(findTestObject("OCS-DESKTOP/Cannabis page/Oils - plus accordian")): Object: 'Object Repository/OCS-DESKTOP/Cannabis page/Oils - plus accordian' is clicked on

2019-06-07 11:58:05 - [MESSAGE][PASSED] - Object: 'Object Repository/OCS-DESKTOP/Cannabis page/Oils - plus accordian' is clicked on

2019-06-07 11:58:05 - [TEST_STEP][PASSED] - delay(1, CONTINUE_ON_FAILURE): Delayed 1 second(s)

2019-06-07 11:58:06 - [MESSAGE][PASSED] - Delayed 1 second(s)

2019-06-07 11:58:06 - [TEST_STEP][PASSED] - delay(1, CONTINUE_ON_FAILURE): Delayed 1 second(s)

2019-06-07 11:58:07 - [MESSAGE][PASSED] - Delayed 1 second(s)

2019-06-07 11:58:07 - [TEST_STEP][PASSED] - click(findTestObject("OCS-DESKTOP/Age gate and Mega menu/Header/CANNABIS menu - English"), CONTINUE_ON_FAILURE): Object: 'Object Repository/OCS-DESKTOP/Age gate and Mega menu/Header/CANNABIS menu - English' is clicked on

2019-06-07 11:58:07 - [MESSAGE][PASSED] - Object: 'Object Repository/OCS-DESKTOP/Age gate and Mega menu/Header/CANNABIS menu - English' is clicked on

2019-06-07 11:58:07 - [TEST_STEP][PASSED] - delay(1, CONTINUE_ON_FAILURE): Delayed 1 second(s)

2019-06-07 11:58:08 - [MESSAGE][PASSED] - Delayed 1 second(s)

2019-06-07 11:58:08 - [TEST_STEP][PASSED] - click(findTestObject("OCS-DESKTOP/Cannabis page/Oils - Bottled oils")): Object: 'Object Repository/OCS-DESKTOP/Cannabis page/Oils - Bottled oils' is clicked on

2019-06-07 11:58:10 - [MESSAGE][PASSED] - Object: 'Object Repository/OCS-DESKTOP/Cannabis page/Oils - Bottled oils' is clicked on

2019-06-07 11:58:10 - [TEST_STEP][PASSED] - delay(1, CONTINUE_ON_FAILURE): Delayed 1 second(s)

2019-06-07 11:58:11 - [MESSAGE][PASSED] - Delayed 1 second(s)

2019-06-07 11:58:11 - [TEST_STEP][PASSED] - click(findTestObject("OCS-DESKTOP/Age gate and Mega menu/Header/CANNABIS menu - English"), CONTINUE_ON_FAILURE): Object: 'Object Repository/OCS-DESKTOP/Age gate and Mega menu/Header/CANNABIS menu - English' is clicked on

2019-06-07 11:58:11 - [MESSAGE][PASSED] - Object: 'Object Repository/OCS-DESKTOP/Age gate and Mega menu/Header/CANNABIS menu - English' is clicked on

2019-06-07 11:58:11 - [TEST_STEP][PASSED] - delay(2, CONTINUE_ON_FAILURE): Delayed 2 second(s)

2019-06-07 11:58:13 - [MESSAGE][PASSED] - Delayed 2 second(s)

2019-06-07 11:58:13 - [TEST_STEP][PASSED] - delay(1, CONTINUE_ON_FAILURE): Delayed 1 second(s)

2019-06-07 11:58:14 - [MESSAGE][PASSED] - Delayed 1 second(s)

2019-06-07 11:58:14 - [TEST_STEP][PASSED] - delay(1, CONTINUE_ON_FAILURE): Delayed 1 second(s)

2019-06-07 11:58:15 - [MESSAGE][PASSED] - Delayed 1 second(s)

2019-06-07 11:58:15 - [TEST_STEP][PASSED] - click(findTestObject("OCS-DESKTOP/Cannabis page/Oils - oral sprays")): Object: 'Object Repository/OCS-DESKTOP/Cannabis page/Oils - oral sprays' is clicked on

2019-06-07 11:58:17 - [MESSAGE][PASSED] - Object: 'Object Repository/OCS-DESKTOP/Cannabis page/Oils - oral sprays' is clicked on

2019-06-07 11:58:17 - [TEST_STEP][PASSED] - delay(1, CONTINUE_ON_FAILURE): Delayed 1 second(s)

2019-06-07 11:58:18 - [MESSAGE][PASSED] - Delayed 1 second(s)

2019-06-07 11:58:18 - [TEST_STEP][PASSED] - click(findTestObject("OCS-DESKTOP/Age gate and Mega menu/Header/CANNABIS menu - English"), CONTINUE_ON_FAILURE): Object: 'Object Repository/OCS-DESKTOP/Age gate and Mega menu/Header/CANNABIS menu - English' is clicked on

2019-06-07 11:58:18 - [MESSAGE][PASSED] - Object: 'Object Repository/OCS-DESKTOP/Age gate and Mega menu/Header/CANNABIS menu - English' is clicked on

2019-06-07 11:58:18 - [TEST_STEP][PASSED] - delay(2, CONTINUE_ON_FAILURE): Delayed 2 second(s)

2019-06-07 11:58:20 - [MESSAGE][PASSED] - Delayed 2 second(s)

2019-06-07 11:58:20 - [TEST_STEP][PASSED] - delay(1, CONTINUE_ON_FAILURE): Delayed 1 second(s)

2019-06-07 11:58:21 - [MESSAGE][PASSED] - Delayed 1 second(s)

2019-06-07 11:58:21 - [TEST_STEP][PASSED] - delay(1, CONTINUE_ON_FAILURE): Delayed 1 second(s)

2019-06-07 11:58:22 - [MESSAGE][PASSED] - Delayed 1 second(s)

2019-06-07 11:58:22 - [TEST_STEP][PASSED] - click(findTestObject("OCS-DESKTOP/Cannabis page/shop all oils")): Object: 'Object Repository/OCS-DESKTOP/Cannabis page/shop all oils' is clicked on

2019-06-07 11:58:24 - [MESSAGE][PASSED] - Object: 'Object Repository/OCS-DESKTOP/Cannabis page/shop all oils' is clicked on

2019-06-07 11:58:24 - [TEST_STEP][PASSED] - delay(1, CONTINUE_ON_FAILURE): Delayed 1 second(s)

2019-06-07 11:58:25 - [MESSAGE][PASSED] - Delayed 1 second(s)

2019-06-07 11:58:25 - [TEST_STEP][PASSED] - click(findTestObject("OCS-DESKTOP/Age gate and Mega menu/Header/CANNABIS menu - English"), CONTINUE_ON_FAILURE): Object: 'Object Repository/OCS-DESKTOP/Age gate and Mega menu/Header/CANNABIS menu - English' is clicked on

2019-06-07 11:58:25 - [MESSAGE][PASSED] - Object: 'Object Repository/OCS-DESKTOP/Age gate and Mega menu/Header/CANNABIS menu - English' is clicked on

2019-06-07 11:58:25 - [TEST_STEP][PASSED] - delay(2, CONTINUE_ON_FAILURE): Delayed 2 second(s)

2019-06-07 11:58:27 - [MESSAGE][PASSED] - Delayed 2 second(s)

2019-06-07 11:58:27 - [TEST_STEP][PASSED] - delay(1, CONTINUE_ON_FAILURE): Delayed 1 second(s)

2019-06-07 11:58:28 - [MESSAGE][PASSED] - Delayed 1 second(s)

2019-06-07 11:58:28 - [TEST_STEP][FAILED] - click(findTestObject("MOBILE OBJECTS/Capsules chevron")): click(findTestObject("MOBILE OBJECTS/Capsules chevron")) FAILED.
Reason:
com.kms.katalon.core.exception.StepFailedException: Unable to click on object 'Object Repository/MOBILE OBJECTS/Capsules chevron' (Root cause: com.kms.katalon.core.webui.exception.WebElementNotFoundException: Web element with id: 'Object Repository/MOBILE OBJECTS/Capsules chevron' located by 'By.xpath: /html/body/div/header/div[2]/div/div[2]/div/div[1]/div[1]/nav/ul/li[1]/div/div[2]/ul[1]/li[4]/a/span' not found)
	at com.kms.katalon.core.keyword.internal.KeywordMain.stepFailed(KeywordMain.groovy:36)
	at com.kms.katalon.core.webui.keyword.internal.WebUIKeywordMain.stepFailed(WebUIKeywordMain.groovy:65)
	at com.kms.katalon.core.webui.keyword.internal.WebUIKeywordMain.runKeyword(WebUIKeywordMain.groovy:27)
	at com.kms.katalon.core.webui.keyword.builtin.ClickKeyword.click(ClickKeyword.groovy:86)
	at com.kms.katalon.core.webui.keyword.builtin.ClickKeyword.execute(ClickKeyword.groovy:67)
	at com.kms.katalon.core.keyword.internal.KeywordExecutor.executeKeywordForPlatform(KeywordExecutor.groovy:53)
	at com.kms.katalon.core.webui.keyword.WebUiBuiltInKeywords.click(WebUiBuiltInKeywords.groovy:616)
	at com.kms.katalon.core.webui.keyword.WebUiBuiltInKeywords$click$4.call(Unknown Source)
	at HP-Burger menu -cannabis.run(HP-Burger menu -cannabis:176)
	at com.kms.katalon.core.main.ScriptEngine.run(ScriptEngine.java:194)
	at com.kms.katalon.core.main.ScriptEngine.runScriptAsRawText(ScriptEngine.java:119)
	at com.kms.katalon.core.main.TestCaseExecutor.runScript(TestCaseExecutor.java:328)
	at com.kms.katalon.core.main.TestCaseExecutor.doExecute(TestCaseExecutor.java:319)
	at com.kms.katalon.core.main.TestCaseExecutor.processExecutionPhase(TestCaseExecutor.java:298)
	at com.kms.katalon.core.main.TestCaseExecutor.accessMainPhase(TestCaseExecutor.java:290)
	at com.kms.katalon.core.main.TestCaseExecutor.execute(TestCaseExecutor.java:224)
	at com.kms.katalon.core.main.TestSuiteExecutor.accessTestCaseMainPhase(TestSuiteExecutor.java:129)
	at com.kms.katalon.core.main.TestSuiteExecutor.accessTestSuiteMainPhase(TestSuiteExecutor.java:112)
	at com.kms.katalon.core.main.TestSuiteExecutor.execute(TestSuiteExecutor.java:81)
	at com.kms.katalon.core.main.TestCaseMain.startTestSuite(TestCaseMain.java:149)
	at com.kms.katalon.core.main.TestCaseMain$startTestSuite$0.call(Unknown Source)
	at TempTestSuite1559921811030.run(TempTestSuite1559921811030.groovy:36)


2019-06-07 11:58:59 - [MESSAGE][INFO] - Unable to find the element located by 'By.xpath: /html/body/div/header/div[2]/div/div[2]/div/div[1]/div[1]/nav/ul/li[1]/div/div[2]/ul[1]/li[4]/a/span'. Please recheck the objects properties to make sure the desired element is located. 

2019-06-07 11:58:59 - [MESSAGE][FAILED] - Unable to click on object 'Object Repository/MOBILE OBJECTS/Capsules chevron' (Root cause: com.kms.katalon.core.webui.exception.WebElementNotFoundException: Web element with id: 'Object Repository/MOBILE OBJECTS/Capsules chevron' located by 'By.xpath: /html/body/div/header/div[2]/div/div[2]/div/div[1]/div[1]/nav/ul/li[1]/div/div[2]/ul[1]/li[4]/a/span' not found)
[[ATTACHMENT|/Users/sumankompelly/Relative xpath-Desktop/Reports/OCS- 1.9.2.1/20190607_113651/1559923139301.png]]

2019-06-07 11:58:59 - [MESSAGE][FAILED] - click(findTestObject("MOBILE OBJECTS/Capsules chevron")) FAILED.
Reason:
com.kms.katalon.core.exception.StepFailedException: Unable to click on object 'Object Repository/MOBILE OBJECTS/Capsules chevron' (Root cause: com.kms.katalon.core.webui.exception.WebElementNotFoundException: Web element with id: 'Object Repository/MOBILE OBJECTS/Capsules chevron' located by 'By.xpath: /html/body/div/header/div[2]/div/div[2]/div/div[1]/div[1]/nav/ul/li[1]/div/div[2]/ul[1]/li[4]/a/span' not found)
	at com.kms.katalon.core.keyword.internal.KeywordMain.stepFailed(KeywordMain.groovy:36)
	at com.kms.katalon.core.webui.keyword.internal.WebUIKeywordMain.stepFailed(WebUIKeywordMain.groovy:65)
	at com.kms.katalon.core.webui.keyword.internal.WebUIKeywordMain.runKeyword(WebUIKeywordMain.groovy:27)
	at com.kms.katalon.core.webui.keyword.builtin.ClickKeyword.click(ClickKeyword.groovy:86)
	at com.kms.katalon.core.webui.keyword.builtin.ClickKeyword.execute(ClickKeyword.groovy:67)
	at com.kms.katalon.core.keyword.internal.KeywordExecutor.executeKeywordForPlatform(KeywordExecutor.groovy:53)
	at com.kms.katalon.core.webui.keyword.WebUiBuiltInKeywords.click(WebUiBuiltInKeywords.groovy:616)
	at com.kms.katalon.core.webui.keyword.WebUiBuiltInKeywords$click$4.call(Unknown Source)
	at HP-Burger menu -cannabis.run(HP-Burger menu -cannabis:176)
	at com.kms.katalon.core.main.ScriptEngine.run(ScriptEngine.java:194)
	at com.kms.katalon.core.main.ScriptEngine.runScriptAsRawText(ScriptEngine.java:119)
	at com.kms.katalon.core.main.TestCaseExecutor.runScript(TestCaseExecutor.java:328)
	at com.kms.katalon.core.main.TestCaseExecutor.doExecute(TestCaseExecutor.java:319)
	at com.kms.katalon.core.main.TestCaseExecutor.processExecutionPhase(TestCaseExecutor.java:298)
	at com.kms.katalon.core.main.TestCaseExecutor.accessMainPhase(TestCaseExecutor.java:290)
	at com.kms.katalon.core.main.TestCaseExecutor.execute(TestCaseExecutor.java:224)
	at com.kms.katalon.core.main.TestSuiteExecutor.accessTestCaseMainPhase(TestSuiteExecutor.java:129)
	at com.kms.katalon.core.main.TestSuiteExecutor.accessTestSuiteMainPhase(TestSuiteExecutor.java:112)
	at com.kms.katalon.core.main.TestSuiteExecutor.execute(TestSuiteExecutor.java:81)
	at com.kms.katalon.core.main.TestCaseMain.startTestSuite(TestCaseMain.java:149)
	at com.kms.katalon.core.main.TestCaseMain$startTestSuite$0.call(Unknown Source)
	at TempTestSuite1559921811030.run(TempTestSuite1559921811030.groovy:36)]]></system-out>
         <system-err><![CDATA[2019-06-07 11:56:35 - [TEST_CASE][FAILED] - Test Cases/OCS - DESKTOP/OCS- HOME PAGE/HP-Burger menu -cannabis: Test Cases/OCS - DESKTOP/OCS- HOME PAGE/HP-Burger menu -cannabis FAILED.
Reason:
com.kms.katalon.core.exception.StepFailedException: Unable to click on object 'Object Repository/MOBILE OBJECTS/Capsules chevron' (Root cause: com.kms.katalon.core.webui.exception.WebElementNotFoundException: Web element with id: 'Object Repository/MOBILE OBJECTS/Capsules chevron' located by 'By.xpath: /html/body/div/header/div[2]/div/div[2]/div/div[1]/div[1]/nav/ul/li[1]/div/div[2]/ul[1]/li[4]/a/span' not found)
	at com.kms.katalon.core.keyword.internal.KeywordMain.stepFailed(KeywordMain.groovy:36)
	at com.kms.katalon.core.webui.keyword.internal.WebUIKeywordMain.stepFailed(WebUIKeywordMain.groovy:65)
	at com.kms.katalon.core.webui.keyword.internal.WebUIKeywordMain.runKeyword(WebUIKeywordMain.groovy:27)
	at com.kms.katalon.core.webui.keyword.builtin.ClickKeyword.click(ClickKeyword.groovy:86)
	at com.kms.katalon.core.webui.keyword.builtin.ClickKeyword.execute(ClickKeyword.groovy:67)
	at com.kms.katalon.core.keyword.internal.KeywordExecutor.executeKeywordForPlatform(KeywordExecutor.groovy:53)
	at com.kms.katalon.core.webui.keyword.WebUiBuiltInKeywords.click(WebUiBuiltInKeywords.groovy:616)
	at com.kms.katalon.core.webui.keyword.WebUiBuiltInKeywords$click$4.call(Unknown Source)
	at HP-Burger menu -cannabis.run(HP-Burger menu -cannabis:176)
	at com.kms.katalon.core.main.ScriptEngine.run(ScriptEngine.java:194)
	at com.kms.katalon.core.main.ScriptEngine.runScriptAsRawText(ScriptEngine.java:119)
	at com.kms.katalon.core.main.TestCaseExecutor.runScript(TestCaseExecutor.java:328)
	at com.kms.katalon.core.main.TestCaseExecutor.doExecute(TestCaseExecutor.java:319)
	at com.kms.katalon.core.main.TestCaseExecutor.processExecutionPhase(TestCaseExecutor.java:298)
	at com.kms.katalon.core.main.TestCaseExecutor.accessMainPhase(TestCaseExecutor.java:290)
	at com.kms.katalon.core.main.TestCaseExecutor.execute(TestCaseExecutor.java:224)
	at com.kms.katalon.core.main.TestSuiteExecutor.accessTestCaseMainPhase(TestSuiteExecutor.java:129)
	at com.kms.katalon.core.main.TestSuiteExecutor.accessTestSuiteMainPhase(TestSuiteExecutor.java:112)
	at com.kms.katalon.core.main.TestSuiteExecutor.execute(TestSuiteExecutor.java:81)
	at com.kms.katalon.core.main.TestCaseMain.startTestSuite(TestCaseMain.java:149)
	at com.kms.katalon.core.main.TestCaseMain$startTestSuite$0.call(Unknown Source)
	at TempTestSuite1559921811030.run(TempTestSuite1559921811030.groovy:36)]]></system-err>
      </testcase>
      <testcase name="Test Cases/OCS - DESKTOP/OCS- HOME PAGE/HP-Burger menu-Accessories" classname="Test Cases/OCS - DESKTOP/OCS- HOME PAGE/HP-Burger menu-Accessories" status="FAILED">
         <failure type="FAILED" message="Test Cases/OCS - DESKTOP/OCS- HOME PAGE/HP-Burger menu-Accessories FAILED.
Reason:
com.kms.katalon.core.exception.StepFailedException: Unable to click on object 'Object Repository/OCS-DESKTOP/Accessories page/Vaporizers' (Root cause: org.openqa.selenium.ElementNotInteractableException: Element &lt;span class=&quot;menu__tier-four__link--title menu--type-two&quot;> could not be scrolled into view
Build info: version: '3.7.1', revision: '8a0099a', time: '2017-11-06T21:07:36.161Z'
System info: host: 'sumans-MacBook-Pro.local', ip: 'fe80:0:0:0:8ee:14b5:7377:44cf%en0', os.name: 'Mac OS X', os.arch: 'x86_64', os.version: '10.13.6', java.version: '1.8.0_181'
Driver info: com.kms.katalon.core.webui.driver.firefox.CGeckoDriver
Capabilities {acceptInsecureCerts: true, browserName: firefox, browserVersion: 67.0, javascriptEnabled: true, moz:accessibilityChecks: false, moz:buildID: 20190516215225, moz:geckodriverVersion: 0.23.0, moz:headless: false, moz:processID: 1934, moz:profile: /var/folders/1t/c55l8xzs6gq..., moz:shutdownTimeout: 60000, moz:useNonSpecCompliantPointerOrigin: false, moz:webdriverClick: true, pageLoadStrategy: normal, platform: MAC, platformName: MAC, platformVersion: 17.7.0, proxy: Proxy(direct), rotatable: false, setWindowRect: true, strictFileInteractability: false, timeouts: {implicit: 0, pageLoad: 300000, script: 30000}, unhandledPromptBehavior: dismiss and notify}
Session ID: 9c42d8e1-1d1f-ab48-a04b-f499c3b53291)
	at com.kms.katalon.core.keyword.internal.KeywordMain.stepFailed(KeywordMain.groovy:32)
	at com.kms.katalon.core.webui.keyword.internal.WebUIKeywordMain.stepFailed(WebUIKeywordMain.groovy:65)
	at com.kms.katalon.core.webui.keyword.internal.WebUIKeywordMain.runKeyword(WebUIKeywordMain.groovy:27)
	at com.kms.katalon.core.webui.keyword.builtin.ClickKeyword.click(ClickKeyword.groovy:86)
	at com.kms.katalon.core.webui.keyword.builtin.ClickKeyword.execute(ClickKeyword.groovy:67)
	at com.kms.katalon.core.keyword.internal.KeywordExecutor.executeKeywordForPlatform(KeywordExecutor.groovy:53)
	at com.kms.katalon.core.webui.keyword.WebUiBuiltInKeywords.click(WebUiBuiltInKeywords.groovy:604)
	at com.kms.katalon.core.webui.keyword.WebUiBuiltInKeywords$click$5.call(Unknown Source)
	at HP-Burger menu-Accessories.run(HP-Burger menu-Accessories:32)
	at com.kms.katalon.core.main.ScriptEngine.run(ScriptEngine.java:194)
	at com.kms.katalon.core.main.ScriptEngine.runScriptAsRawText(ScriptEngine.java:119)
	at com.kms.katalon.core.main.TestCaseExecutor.runScript(TestCaseExecutor.java:328)
	at com.kms.katalon.core.main.TestCaseExecutor.doExecute(TestCaseExecutor.java:319)
	at com.kms.katalon.core.main.TestCaseExecutor.processExecutionPhase(TestCaseExecutor.java:298)
	at com.kms.katalon.core.main.TestCaseExecutor.accessMainPhase(TestCaseExecutor.java:290)
	at com.kms.katalon.core.main.TestCaseExecutor.execute(TestCaseExecutor.java:224)
	at com.kms.katalon.core.main.TestSuiteExecutor.accessTestCaseMainPhase(TestSuiteExecutor.java:129)
	at com.kms.katalon.core.main.TestSuiteExecutor.accessTestSuiteMainPhase(TestSuiteExecutor.java:112)
	at com.kms.katalon.core.main.TestSuiteExecutor.execute(TestSuiteExecutor.java:81)
	at com.kms.katalon.core.main.TestCaseMain.startTestSuite(TestCaseMain.java:149)
	at com.kms.katalon.core.main.TestCaseMain$startTestSuite$0.call(Unknown Source)
	at TempTestSuite1559921811030.run(TempTestSuite1559921811030.groovy:36)
"/>
         <system-out><![CDATA[2019-06-07 11:58:59 - [TEST_CASE][FAILED] - Test Cases/OCS - DESKTOP/OCS- HOME PAGE/HP-Burger menu-Accessories: Test Cases/OCS - DESKTOP/OCS- HOME PAGE/HP-Burger menu-Accessories FAILED.
Reason:
com.kms.katalon.core.exception.StepFailedException: Unable to click on object 'Object Repository/OCS-DESKTOP/Accessories page/Vaporizers' (Root cause: org.openqa.selenium.ElementNotInteractableException: Element <span class="menu__tier-four__link--title menu--type-two"> could not be scrolled into view
Build info: version: '3.7.1', revision: '8a0099a', time: '2017-11-06T21:07:36.161Z'
System info: host: 'sumans-MacBook-Pro.local', ip: 'fe80:0:0:0:8ee:14b5:7377:44cf%en0', os.name: 'Mac OS X', os.arch: 'x86_64', os.version: '10.13.6', java.version: '1.8.0_181'
Driver info: com.kms.katalon.core.webui.driver.firefox.CGeckoDriver
Capabilities {acceptInsecureCerts: true, browserName: firefox, browserVersion: 67.0, javascriptEnabled: true, moz:accessibilityChecks: false, moz:buildID: 20190516215225, moz:geckodriverVersion: 0.23.0, moz:headless: false, moz:processID: 1934, moz:profile: /var/folders/1t/c55l8xzs6gq..., moz:shutdownTimeout: 60000, moz:useNonSpecCompliantPointerOrigin: false, moz:webdriverClick: true, pageLoadStrategy: normal, platform: MAC, platformName: MAC, platformVersion: 17.7.0, proxy: Proxy(direct), rotatable: false, setWindowRect: true, strictFileInteractability: false, timeouts: {implicit: 0, pageLoad: 300000, script: 30000}, unhandledPromptBehavior: dismiss and notify}
Session ID: 9c42d8e1-1d1f-ab48-a04b-f499c3b53291)
	at com.kms.katalon.core.keyword.internal.KeywordMain.stepFailed(KeywordMain.groovy:32)
	at com.kms.katalon.core.webui.keyword.internal.WebUIKeywordMain.stepFailed(WebUIKeywordMain.groovy:65)
	at com.kms.katalon.core.webui.keyword.internal.WebUIKeywordMain.runKeyword(WebUIKeywordMain.groovy:27)
	at com.kms.katalon.core.webui.keyword.builtin.ClickKeyword.click(ClickKeyword.groovy:86)
	at com.kms.katalon.core.webui.keyword.builtin.ClickKeyword.execute(ClickKeyword.groovy:67)
	at com.kms.katalon.core.keyword.internal.KeywordExecutor.executeKeywordForPlatform(KeywordExecutor.groovy:53)
	at com.kms.katalon.core.webui.keyword.WebUiBuiltInKeywords.click(WebUiBuiltInKeywords.groovy:604)
	at com.kms.katalon.core.webui.keyword.WebUiBuiltInKeywords$click$5.call(Unknown Source)
	at HP-Burger menu-Accessories.run(HP-Burger menu-Accessories:32)
	at com.kms.katalon.core.main.ScriptEngine.run(ScriptEngine.java:194)
	at com.kms.katalon.core.main.ScriptEngine.runScriptAsRawText(ScriptEngine.java:119)
	at com.kms.katalon.core.main.TestCaseExecutor.runScript(TestCaseExecutor.java:328)
	at com.kms.katalon.core.main.TestCaseExecutor.doExecute(TestCaseExecutor.java:319)
	at com.kms.katalon.core.main.TestCaseExecutor.processExecutionPhase(TestCaseExecutor.java:298)
	at com.kms.katalon.core.main.TestCaseExecutor.accessMainPhase(TestCaseExecutor.java:290)
	at com.kms.katalon.core.main.TestCaseExecutor.execute(TestCaseExecutor.java:224)
	at com.kms.katalon.core.main.TestSuiteExecutor.accessTestCaseMainPhase(TestSuiteExecutor.java:129)
	at com.kms.katalon.core.main.TestSuiteExecutor.accessTestSuiteMainPhase(TestSuiteExecutor.java:112)
	at com.kms.katalon.core.main.TestSuiteExecutor.execute(TestSuiteExecutor.java:81)
	at com.kms.katalon.core.main.TestCaseMain.startTestSuite(TestCaseMain.java:149)
	at com.kms.katalon.core.main.TestCaseMain$startTestSuite$0.call(Unknown Source)
	at TempTestSuite1559921811030.run(TempTestSuite1559921811030.groovy:36)


2019-06-07 11:58:59 - [TEST_STEP][PASSED] - callTestCase(findTestCase("OCS - DESKTOP/CALL- Age gate"), [:], STOP_ON_FAILURE): Call Test Case 'Test Cases/OCS - DESKTOP/CALL- Age gate' successfully

2019-06-07 11:58:59 - [TEST_CASE][PASSED] - Test Cases/OCS - DESKTOP/CALL- Age gate: Test Cases/OCS - DESKTOP/CALL- Age gate

2019-06-07 11:58:59 - [TEST_STEP][PASSED] - openBrowser(""): Browser is opened with url: ''

2019-06-07 11:58:59 - [MESSAGE][WARNING] - A browser is already opened. Closing browser and opening a new one

2019-06-07 11:59:00 - [MESSAGE][INFO] - Starting 'Firefox' driver

2019-06-07 11:59:02 - [MESSAGE][PASSED] - Browser is opened with url: ''

2019-06-07 11:59:02 - [TEST_STEP][PASSED] - navigateToUrl("https://ocs.ca/?fts=0&preview_theme_id=72920074060"): Navigate to 'https://ocs.ca/?fts=0&preview_theme_id=72920074060' successfully

2019-06-07 11:59:07 - [MESSAGE][PASSED] - Navigate to 'https://ocs.ca/?fts=0&preview_theme_id=72920074060' successfully

2019-06-07 11:59:07 - [TEST_STEP][PASSED] - maximizeWindow(): Current window maximized

2019-06-07 11:59:08 - [MESSAGE][PASSED] - Current window maximized

2019-06-07 11:59:08 - [TEST_STEP][PASSED] - delay(2): Delayed 2 second(s)

2019-06-07 11:59:10 - [MESSAGE][PASSED] - Delayed 2 second(s)

2019-06-07 11:59:10 - [TEST_STEP][PASSED] - executeJavaScript("var previewBar = document.getElementById("preview-bar-iframe"); previewBar.style.display = "none";", []): Execute JavaScript 'var previewBar = document.getElementById("preview-bar-iframe"); previewBar.style.display = "none";' successfully

2019-06-07 11:59:10 - [MESSAGE][PASSED] - Execute JavaScript 'var previewBar = document.getElementById("preview-bar-iframe"); previewBar.style.display = "none";' successfully

2019-06-07 11:59:10 - [TEST_STEP][PASSED] - selectOptionByValue(findTestObject("OCS-DESKTOP/Age gate and Mega menu/Date"), "12", true): All options with value '12' are selected in object 'Object Repository/OCS-DESKTOP/Age gate and Mega menu/Date'  using regular expression

2019-06-07 11:59:10 - [MESSAGE][PASSED] - All options with value '12' are selected in object 'Object Repository/OCS-DESKTOP/Age gate and Mega menu/Date'  using regular expression

2019-06-07 11:59:11 - [TEST_STEP][PASSED] - selectOptionByValue(findTestObject("OCS-DESKTOP/Age gate and Mega menu/month"), "6", true): All options with value '6' are selected in object 'Object Repository/OCS-DESKTOP/Age gate and Mega menu/month'  using regular expression

2019-06-07 11:59:11 - [MESSAGE][PASSED] - All options with value '6' are selected in object 'Object Repository/OCS-DESKTOP/Age gate and Mega menu/month'  using regular expression

2019-06-07 11:59:11 - [TEST_STEP][PASSED] - delay(2): Delayed 2 second(s)

2019-06-07 11:59:13 - [MESSAGE][PASSED] - Delayed 2 second(s)

2019-06-07 11:59:13 - [TEST_STEP][PASSED] - selectOptionByValue(findTestObject("OCS-DESKTOP/Age gate and Mega menu/Year Dropdown"), "1990", true): All options with value '1990' are selected in object 'Object Repository/OCS-DESKTOP/Age gate and Mega menu/Year Dropdown'  using regular expression

2019-06-07 11:59:14 - [MESSAGE][PASSED] - All options with value '1990' are selected in object 'Object Repository/OCS-DESKTOP/Age gate and Mega menu/Year Dropdown'  using regular expression

2019-06-07 11:59:14 - [TEST_STEP][PASSED] - click(findTestObject("OCS-DESKTOP/Age gate and Mega menu/button_Verify")): Object: 'Object Repository/OCS-DESKTOP/Age gate and Mega menu/button_Verify' is clicked on

2019-06-07 11:59:15 - [MESSAGE][PASSED] - Object: 'Object Repository/OCS-DESKTOP/Age gate and Mega menu/button_Verify' is clicked on

2019-06-07 11:59:15 - [TEST_STEP][PASSED] - click(findTestObject("OCS-DESKTOP/Age gate and Mega menu/Checkbox_CONFIRM AND ACKNOWLEDGE")): Object: 'Object Repository/OCS-DESKTOP/Age gate and Mega menu/Checkbox_CONFIRM AND ACKNOWLEDGE' is clicked on

2019-06-07 11:59:15 - [MESSAGE][PASSED] - Object: 'Object Repository/OCS-DESKTOP/Age gate and Mega menu/Checkbox_CONFIRM AND ACKNOWLEDGE' is clicked on

2019-06-07 11:59:15 - [TEST_STEP][PASSED] - click(findTestObject("OCS-DESKTOP/Age gate and Mega menu/button_CONFIRM")): Object: 'Object Repository/OCS-DESKTOP/Age gate and Mega menu/button_CONFIRM' is clicked on

2019-06-07 11:59:15 - [MESSAGE][PASSED] - Object: 'Object Repository/OCS-DESKTOP/Age gate and Mega menu/button_CONFIRM' is clicked on

2019-06-07 11:59:15 - [TEST_STEP][PASSED] - click(findTestObject("OCS-DESKTOP/Age gate and Mega menu/button_Start Browsing")): Object: 'Object Repository/OCS-DESKTOP/Age gate and Mega menu/button_Start Browsing' is clicked on

2019-06-07 11:59:16 - [MESSAGE][PASSED] - Object: 'Object Repository/OCS-DESKTOP/Age gate and Mega menu/button_Start Browsing' is clicked on

2019-06-07 11:59:16 - [TEST_STEP][PASSED] - delay(2): Delayed 2 second(s)

2019-06-07 11:59:18 - [MESSAGE][PASSED] - Delayed 2 second(s)

2019-06-07 11:59:18 - [TEST_STEP][PASSED] - refresh(): Refresh successfully

2019-06-07 11:59:22 - [MESSAGE][PASSED] - Refresh successfully

2019-06-07 11:59:22 - [MESSAGE][PASSED] - Call Test Case 'Test Cases/OCS - DESKTOP/CALL- Age gate' successfully

2019-06-07 11:59:22 - [TEST_STEP][PASSED] - delay(2, CONTINUE_ON_FAILURE): Delayed 2 second(s)

2019-06-07 11:59:24 - [MESSAGE][PASSED] - Delayed 2 second(s)

2019-06-07 11:59:24 - [TEST_STEP][PASSED] - click(findTestObject("OCS-DESKTOP/Age gate and Mega menu/Header/ACCESSORIES menu - En"), CONTINUE_ON_FAILURE): Object: 'Object Repository/OCS-DESKTOP/Age gate and Mega menu/Header/ACCESSORIES menu - En' is clicked on

2019-06-07 11:59:24 - [MESSAGE][PASSED] - Object: 'Object Repository/OCS-DESKTOP/Age gate and Mega menu/Header/ACCESSORIES menu - En' is clicked on

2019-06-07 11:59:24 - [TEST_STEP][PASSED] - delay(2, CONTINUE_ON_FAILURE): Delayed 2 second(s)

2019-06-07 11:59:26 - [MESSAGE][PASSED] - Delayed 2 second(s)

2019-06-07 11:59:26 - [TEST_STEP][NOT_RUN] - click(findTestObject("OCS-DESKTOP/Accessories page/All accessories"), STOP_ON_FAILURE): NOT_RUN: click(findTestObject("OCS-DESKTOP/Accessories page/All accessories"), STOP_ON_FAILURE)

2019-06-07 11:59:26 - [MESSAGE][NOT_RUN] - NOT_RUN: click(findTestObject("OCS-DESKTOP/Accessories page/All accessories"), STOP_ON_FAILURE)

2019-06-07 11:59:26 - [TEST_STEP][PASSED] - delay(1, CONTINUE_ON_FAILURE): Delayed 1 second(s)

2019-06-07 11:59:27 - [MESSAGE][PASSED] - Delayed 1 second(s)

2019-06-07 11:59:27 - [TEST_STEP][PASSED] - click(findTestObject("OCS-DESKTOP/Age gate and Mega menu/Header/ACCESSORIES menu - En"), CONTINUE_ON_FAILURE): Object: 'Object Repository/OCS-DESKTOP/Age gate and Mega menu/Header/ACCESSORIES menu - En' is clicked on

2019-06-07 11:59:27 - [MESSAGE][PASSED] - Object: 'Object Repository/OCS-DESKTOP/Age gate and Mega menu/Header/ACCESSORIES menu - En' is clicked on

2019-06-07 11:59:27 - [TEST_STEP][PASSED] - delay(1, CONTINUE_ON_FAILURE): Delayed 1 second(s)

2019-06-07 11:59:28 - [MESSAGE][PASSED] - Delayed 1 second(s)

2019-06-07 11:59:28 - [TEST_STEP][FAILED] - click(findTestObject("OCS-DESKTOP/Accessories page/Vaporizers"), CONTINUE_ON_FAILURE): Unable to click on object 'Object Repository/OCS-DESKTOP/Accessories page/Vaporizers' (Root cause: org.openqa.selenium.ElementNotInteractableException: Element <span class="menu__tier-four__link--title menu--type-two"> could not be scrolled into view
Build info: version: '3.7.1', revision: '8a0099a', time: '2017-11-06T21:07:36.161Z'
System info: host: 'sumans-MacBook-Pro.local', ip: 'fe80:0:0:0:8ee:14b5:7377:44cf%en0', os.name: 'Mac OS X', os.arch: 'x86_64', os.version: '10.13.6', java.version: '1.8.0_181'
Driver info: com.kms.katalon.core.webui.driver.firefox.CGeckoDriver
Capabilities {acceptInsecureCerts: true, browserName: firefox, browserVersion: 67.0, javascriptEnabled: true, moz:accessibilityChecks: false, moz:buildID: 20190516215225, moz:geckodriverVersion: 0.23.0, moz:headless: false, moz:processID: 1934, moz:profile: /var/folders/1t/c55l8xzs6gq..., moz:shutdownTimeout: 60000, moz:useNonSpecCompliantPointerOrigin: false, moz:webdriverClick: true, pageLoadStrategy: normal, platform: MAC, platformName: MAC, platformVersion: 17.7.0, proxy: Proxy(direct), rotatable: false, setWindowRect: true, strictFileInteractability: false, timeouts: {implicit: 0, pageLoad: 300000, script: 30000}, unhandledPromptBehavior: dismiss and notify}
Session ID: 9c42d8e1-1d1f-ab48-a04b-f499c3b53291)

2019-06-07 11:59:29 - [MESSAGE][FAILED] - Unable to click on object 'Object Repository/OCS-DESKTOP/Accessories page/Vaporizers' (Root cause: org.openqa.selenium.ElementNotInteractableException: Element <span class="menu__tier-four__link--title menu--type-two"> could not be scrolled into view
Build info: version: '3.7.1', revision: '8a0099a', time: '2017-11-06T21:07:36.161Z'
System info: host: 'sumans-MacBook-Pro.local', ip: 'fe80:0:0:0:8ee:14b5:7377:44cf%en0', os.name: 'Mac OS X', os.arch: 'x86_64', os.version: '10.13.6', java.version: '1.8.0_181'
Driver info: com.kms.katalon.core.webui.driver.firefox.CGeckoDriver
Capabilities {acceptInsecureCerts: true, browserName: firefox, browserVersion: 67.0, javascriptEnabled: true, moz:accessibilityChecks: false, moz:buildID: 20190516215225, moz:geckodriverVersion: 0.23.0, moz:headless: false, moz:processID: 1934, moz:profile: /var/folders/1t/c55l8xzs6gq..., moz:shutdownTimeout: 60000, moz:useNonSpecCompliantPointerOrigin: false, moz:webdriverClick: true, pageLoadStrategy: normal, platform: MAC, platformName: MAC, platformVersion: 17.7.0, proxy: Proxy(direct), rotatable: false, setWindowRect: true, strictFileInteractability: false, timeouts: {implicit: 0, pageLoad: 300000, script: 30000}, unhandledPromptBehavior: dismiss and notify}
Session ID: 9c42d8e1-1d1f-ab48-a04b-f499c3b53291)
[[ATTACHMENT|/Users/sumankompelly/Relative xpath-Desktop/Reports/OCS- 1.9.2.1/20190607_113651/1559923168804.png]]

2019-06-07 11:59:29 - [TEST_STEP][PASSED] - delay(1, CONTINUE_ON_FAILURE): Delayed 1 second(s)

2019-06-07 11:59:30 - [MESSAGE][PASSED] - Delayed 1 second(s)

2019-06-07 11:59:30 - [TEST_STEP][PASSED] - a = getWindowTitle(CONTINUE_ON_FAILURE): Current window's title is: 'Ontario Cannabis Store | Ontario Cannabis Store'

2019-06-07 11:59:30 - [MESSAGE][PASSED] - Current window's title is: 'Ontario Cannabis Store | Ontario Cannabis Store'

2019-06-07 11:59:30 - [TEST_STEP][PASSED] - comment(a): Ontario Cannabis Store | Ontario Cannabis Store

2019-06-07 11:59:30 - [MESSAGE][INFO] - Ontario Cannabis Store | Ontario Cannabis Store

2019-06-07 11:59:30 - [TEST_STEP][PASSED] - b = "Vaporizers | Ontario Cannabis Store": null

2019-06-07 11:59:30 - [TEST_STEP][PASSED] - comment(b): Vaporizers | Ontario Cannabis Store

2019-06-07 11:59:30 - [MESSAGE][INFO] - Vaporizers | Ontario Cannabis Store

2019-06-07 11:59:30 - [TEST_STEP][PASSED] - if (a == b): null

2019-06-07 11:59:30 - [TEST_STEP][PASSED] - else: Some random page 

2019-06-07 11:59:30 - [TEST_STEP][PASSED] - comment("Some random page "): Some random page 

2019-06-07 11:59:30 - [MESSAGE][INFO] - Some random page 

2019-06-07 11:59:30 - [TEST_STEP][PASSED] - delay(1, CONTINUE_ON_FAILURE): Delayed 1 second(s)

2019-06-07 11:59:31 - [MESSAGE][PASSED] - Delayed 1 second(s)

2019-06-07 11:59:31 - [TEST_STEP][PASSED] - click(findTestObject("OCS-DESKTOP/Age gate and Mega menu/Header/ACCESSORIES menu - En"), CONTINUE_ON_FAILURE): Object: 'Object Repository/OCS-DESKTOP/Age gate and Mega menu/Header/ACCESSORIES menu - En' is clicked on

2019-06-07 11:59:31 - [MESSAGE][PASSED] - Object: 'Object Repository/OCS-DESKTOP/Age gate and Mega menu/Header/ACCESSORIES menu - En' is clicked on

2019-06-07 11:59:31 - [TEST_STEP][PASSED] - delay(2, CONTINUE_ON_FAILURE): Delayed 2 second(s)

2019-06-07 11:59:33 - [MESSAGE][PASSED] - Delayed 2 second(s)

2019-06-07 11:59:33 - [TEST_STEP][PASSED] - delay(1, CONTINUE_ON_FAILURE): Delayed 1 second(s)

2019-06-07 11:59:34 - [MESSAGE][PASSED] - Delayed 1 second(s)

2019-06-07 11:59:34 - [TEST_STEP][PASSED] - click(findTestObject("OCS-DESKTOP/Accessories page/Bongs - water pipes"), CONTINUE_ON_FAILURE): Object: 'Object Repository/OCS-DESKTOP/Accessories page/Bongs - water pipes' is clicked on

2019-06-07 11:59:36 - [MESSAGE][PASSED] - Object: 'Object Repository/OCS-DESKTOP/Accessories page/Bongs - water pipes' is clicked on

2019-06-07 11:59:36 - [TEST_STEP][PASSED] - delay(1, CONTINUE_ON_FAILURE): Delayed 1 second(s)

2019-06-07 11:59:37 - [MESSAGE][PASSED] - Delayed 1 second(s)

2019-06-07 11:59:37 - [TEST_STEP][PASSED] - a1 = getWindowTitle(CONTINUE_ON_FAILURE): Current window's title is: 'Bongs & Water Pipes | Ontario Cannabis Store'

2019-06-07 11:59:37 - [MESSAGE][PASSED] - Current window's title is: 'Bongs & Water Pipes | Ontario Cannabis Store'

2019-06-07 11:59:37 - [TEST_STEP][PASSED] - comment(a1): Bongs & Water Pipes | Ontario Cannabis Store

2019-06-07 11:59:37 - [MESSAGE][INFO] - Bongs & Water Pipes | Ontario Cannabis Store

2019-06-07 11:59:37 - [TEST_STEP][PASSED] - b1 = "Bongs & Water Pipes | Ontario Cannabis Store": null

2019-06-07 11:59:37 - [TEST_STEP][PASSED] - comment(b1): Bongs & Water Pipes | Ontario Cannabis Store

2019-06-07 11:59:37 - [MESSAGE][INFO] - Bongs & Water Pipes | Ontario Cannabis Store

2019-06-07 11:59:37 - [TEST_STEP][PASSED] - if (a1 == b1): correct window page 

2019-06-07 11:59:37 - [TEST_STEP][PASSED] - comment("correct window page "): correct window page 

2019-06-07 11:59:37 - [MESSAGE][INFO] - correct window page 

2019-06-07 11:59:37 - [TEST_STEP][PASSED] - delay(1, CONTINUE_ON_FAILURE): Delayed 1 second(s)

2019-06-07 11:59:38 - [MESSAGE][PASSED] - Delayed 1 second(s)

2019-06-07 11:59:38 - [TEST_STEP][PASSED] - click(findTestObject("OCS-DESKTOP/Age gate and Mega menu/Header/ACCESSORIES menu - En"), CONTINUE_ON_FAILURE): Object: 'Object Repository/OCS-DESKTOP/Age gate and Mega menu/Header/ACCESSORIES menu - En' is clicked on

2019-06-07 11:59:38 - [MESSAGE][PASSED] - Object: 'Object Repository/OCS-DESKTOP/Age gate and Mega menu/Header/ACCESSORIES menu - En' is clicked on

2019-06-07 11:59:38 - [TEST_STEP][PASSED] - delay(2, CONTINUE_ON_FAILURE): Delayed 2 second(s)

2019-06-07 11:59:40 - [MESSAGE][PASSED] - Delayed 2 second(s)

2019-06-07 11:59:40 - [TEST_STEP][PASSED] - delay(1, CONTINUE_ON_FAILURE): Delayed 1 second(s)

2019-06-07 11:59:41 - [MESSAGE][PASSED] - Delayed 1 second(s)

2019-06-07 11:59:41 - [TEST_STEP][PASSED] - click(findTestObject("OCS-DESKTOP/Accessories page/Handheld pipes"), CONTINUE_ON_FAILURE): Object: 'Object Repository/OCS-DESKTOP/Accessories page/Handheld pipes' is clicked on

2019-06-07 11:59:45 - [MESSAGE][PASSED] - Object: 'Object Repository/OCS-DESKTOP/Accessories page/Handheld pipes' is clicked on

2019-06-07 11:59:45 - [TEST_STEP][PASSED] - delay(1, CONTINUE_ON_FAILURE): Delayed 1 second(s)

2019-06-07 11:59:46 - [MESSAGE][PASSED] - Delayed 1 second(s)

2019-06-07 11:59:46 - [TEST_STEP][PASSED] - a11 = getWindowTitle(CONTINUE_ON_FAILURE): Current window's title is: 'Handheld Pipes | Ontario Cannabis Store'

2019-06-07 11:59:46 - [MESSAGE][PASSED] - Current window's title is: 'Handheld Pipes | Ontario Cannabis Store'

2019-06-07 11:59:46 - [TEST_STEP][PASSED] - comment(a11): Handheld Pipes | Ontario Cannabis Store

2019-06-07 11:59:46 - [MESSAGE][INFO] - Handheld Pipes | Ontario Cannabis Store

2019-06-07 11:59:46 - [TEST_STEP][PASSED] - b11 = "Handheld Pipes | Ontario Cannabis Store": null

2019-06-07 11:59:46 - [TEST_STEP][PASSED] - comment(b11): Handheld Pipes | Ontario Cannabis Store

2019-06-07 11:59:46 - [MESSAGE][INFO] - Handheld Pipes | Ontario Cannabis Store

2019-06-07 11:59:46 - [TEST_STEP][PASSED] - if (a11 == b11): correct window page 

2019-06-07 11:59:46 - [TEST_STEP][PASSED] - comment("correct window page "): correct window page 

2019-06-07 11:59:46 - [MESSAGE][INFO] - correct window page 

2019-06-07 11:59:46 - [TEST_STEP][PASSED] - delay(1, CONTINUE_ON_FAILURE): Delayed 1 second(s)

2019-06-07 11:59:47 - [MESSAGE][PASSED] - Delayed 1 second(s)

2019-06-07 11:59:47 - [TEST_STEP][PASSED] - click(findTestObject("OCS-DESKTOP/Age gate and Mega menu/Header/ACCESSORIES menu - En"), CONTINUE_ON_FAILURE): Object: 'Object Repository/OCS-DESKTOP/Age gate and Mega menu/Header/ACCESSORIES menu - En' is clicked on

2019-06-07 11:59:47 - [MESSAGE][PASSED] - Object: 'Object Repository/OCS-DESKTOP/Age gate and Mega menu/Header/ACCESSORIES menu - En' is clicked on

2019-06-07 11:59:47 - [TEST_STEP][PASSED] - delay(2, CONTINUE_ON_FAILURE): Delayed 2 second(s)

2019-06-07 11:59:49 - [MESSAGE][PASSED] - Delayed 2 second(s)

2019-06-07 11:59:49 - [TEST_STEP][PASSED] - delay(1, CONTINUE_ON_FAILURE): Delayed 1 second(s)

2019-06-07 11:59:50 - [MESSAGE][PASSED] - Delayed 1 second(s)

2019-06-07 11:59:50 - [TEST_STEP][PASSED] - click(findTestObject("OCS-DESKTOP/Accessories page/Papers -filters"), CONTINUE_ON_FAILURE): Object: 'Object Repository/OCS-DESKTOP/Accessories page/Papers -filters' is clicked on

2019-06-07 11:59:52 - [MESSAGE][PASSED] - Object: 'Object Repository/OCS-DESKTOP/Accessories page/Papers -filters' is clicked on

2019-06-07 11:59:52 - [TEST_STEP][PASSED] - delay(1, CONTINUE_ON_FAILURE): Delayed 1 second(s)

2019-06-07 11:59:53 - [MESSAGE][PASSED] - Delayed 1 second(s)

2019-06-07 11:59:53 - [TEST_STEP][PASSED] - a111 = getWindowTitle(CONTINUE_ON_FAILURE): Current window's title is: 'Papers & Filters | Ontario Cannabis Store'

2019-06-07 11:59:53 - [MESSAGE][PASSED] - Current window's title is: 'Papers & Filters | Ontario Cannabis Store'

2019-06-07 11:59:53 - [TEST_STEP][PASSED] - comment(a111): Papers & Filters | Ontario Cannabis Store

2019-06-07 11:59:53 - [MESSAGE][INFO] - Papers & Filters | Ontario Cannabis Store

2019-06-07 11:59:53 - [TEST_STEP][PASSED] - b111 = "Papers & Filters | Ontario Cannabis Store": null

2019-06-07 11:59:53 - [TEST_STEP][PASSED] - comment(b111): Papers & Filters | Ontario Cannabis Store

2019-06-07 11:59:53 - [MESSAGE][INFO] - Papers & Filters | Ontario Cannabis Store

2019-06-07 11:59:53 - [TEST_STEP][PASSED] - if (a111 == b111): correct window page 

2019-06-07 11:59:53 - [TEST_STEP][PASSED] - comment("correct window page "): correct window page 

2019-06-07 11:59:53 - [MESSAGE][INFO] - correct window page 

2019-06-07 11:59:53 - [TEST_STEP][PASSED] - delay(1, CONTINUE_ON_FAILURE): Delayed 1 second(s)

2019-06-07 11:59:54 - [MESSAGE][PASSED] - Delayed 1 second(s)

2019-06-07 11:59:54 - [TEST_STEP][PASSED] - click(findTestObject("OCS-DESKTOP/Age gate and Mega menu/Header/ACCESSORIES menu - En"), CONTINUE_ON_FAILURE): Object: 'Object Repository/OCS-DESKTOP/Age gate and Mega menu/Header/ACCESSORIES menu - En' is clicked on

2019-06-07 11:59:54 - [MESSAGE][PASSED] - Object: 'Object Repository/OCS-DESKTOP/Age gate and Mega menu/Header/ACCESSORIES menu - En' is clicked on

2019-06-07 11:59:54 - [TEST_STEP][PASSED] - delay(2, CONTINUE_ON_FAILURE): Delayed 2 second(s)

2019-06-07 11:59:56 - [MESSAGE][PASSED] - Delayed 2 second(s)

2019-06-07 11:59:56 - [TEST_STEP][PASSED] - delay(1, CONTINUE_ON_FAILURE): Delayed 1 second(s)

2019-06-07 11:59:57 - [MESSAGE][PASSED] - Delayed 1 second(s)

2019-06-07 11:59:57 - [TEST_STEP][PASSED] - click(findTestObject("OCS-DESKTOP/Accessories page/Grinders"), CONTINUE_ON_FAILURE): Object: 'Object Repository/OCS-DESKTOP/Accessories page/Grinders' is clicked on

2019-06-07 12:00:00 - [MESSAGE][PASSED] - Object: 'Object Repository/OCS-DESKTOP/Accessories page/Grinders' is clicked on

2019-06-07 12:00:00 - [TEST_STEP][PASSED] - delay(1, CONTINUE_ON_FAILURE): Delayed 1 second(s)

2019-06-07 12:00:01 - [MESSAGE][PASSED] - Delayed 1 second(s)

2019-06-07 12:00:01 - [TEST_STEP][PASSED] - a1111 = getWindowTitle(CONTINUE_ON_FAILURE): Current window's title is: 'Grinders | Ontario Cannabis Store'

2019-06-07 12:00:01 - [MESSAGE][PASSED] - Current window's title is: 'Grinders | Ontario Cannabis Store'

2019-06-07 12:00:01 - [TEST_STEP][PASSED] - comment(a1111): Grinders | Ontario Cannabis Store

2019-06-07 12:00:01 - [MESSAGE][INFO] - Grinders | Ontario Cannabis Store

2019-06-07 12:00:01 - [TEST_STEP][PASSED] - b1111 = "Grinders | Ontario Cannabis Store": null

2019-06-07 12:00:01 - [TEST_STEP][PASSED] - comment(b1111): Grinders | Ontario Cannabis Store

2019-06-07 12:00:01 - [MESSAGE][INFO] - Grinders | Ontario Cannabis Store

2019-06-07 12:00:01 - [TEST_STEP][PASSED] - if (a1111 == b1111): correct window page 

2019-06-07 12:00:01 - [TEST_STEP][PASSED] - comment("correct window page "): correct window page 

2019-06-07 12:00:01 - [MESSAGE][INFO] - correct window page 

2019-06-07 12:00:01 - [TEST_STEP][PASSED] - delay(1, CONTINUE_ON_FAILURE): Delayed 1 second(s)

2019-06-07 12:00:02 - [MESSAGE][PASSED] - Delayed 1 second(s)

2019-06-07 12:00:02 - [TEST_STEP][PASSED] - click(findTestObject("OCS-DESKTOP/Age gate and Mega menu/Header/ACCESSORIES menu - En"), CONTINUE_ON_FAILURE): Object: 'Object Repository/OCS-DESKTOP/Age gate and Mega menu/Header/ACCESSORIES menu - En' is clicked on

2019-06-07 12:00:02 - [MESSAGE][PASSED] - Object: 'Object Repository/OCS-DESKTOP/Age gate and Mega menu/Header/ACCESSORIES menu - En' is clicked on

2019-06-07 12:00:02 - [TEST_STEP][PASSED] - delay(2, CONTINUE_ON_FAILURE): Delayed 2 second(s)

2019-06-07 12:00:04 - [MESSAGE][PASSED] - Delayed 2 second(s)

2019-06-07 12:00:04 - [TEST_STEP][PASSED] - delay(1, CONTINUE_ON_FAILURE): Delayed 1 second(s)

2019-06-07 12:00:05 - [MESSAGE][PASSED] - Delayed 1 second(s)

2019-06-07 12:00:05 - [TEST_STEP][PASSED] - click(findTestObject("OCS-DESKTOP/Accessories page/Tools -kits"), CONTINUE_ON_FAILURE): Object: 'Object Repository/OCS-DESKTOP/Accessories page/Tools -kits' is clicked on

2019-06-07 12:00:07 - [MESSAGE][PASSED] - Object: 'Object Repository/OCS-DESKTOP/Accessories page/Tools -kits' is clicked on

2019-06-07 12:00:07 - [TEST_STEP][PASSED] - delay(1, CONTINUE_ON_FAILURE): Delayed 1 second(s)

2019-06-07 12:00:08 - [MESSAGE][PASSED] - Delayed 1 second(s)

2019-06-07 12:00:08 - [TEST_STEP][PASSED] - a11111 = getWindowTitle(CONTINUE_ON_FAILURE): Current window's title is: 'Multi-Tools & Kits | Ontario Cannabis Store'

2019-06-07 12:00:08 - [MESSAGE][PASSED] - Current window's title is: 'Multi-Tools & Kits | Ontario Cannabis Store'

2019-06-07 12:00:08 - [TEST_STEP][PASSED] - comment(a11111): Multi-Tools & Kits | Ontario Cannabis Store

2019-06-07 12:00:08 - [MESSAGE][INFO] - Multi-Tools & Kits | Ontario Cannabis Store

2019-06-07 12:00:08 - [TEST_STEP][PASSED] - b11111 = "Multi-Tools & Kits | Ontario Cannabis Store": null

2019-06-07 12:00:08 - [TEST_STEP][PASSED] - comment(b11111): Multi-Tools & Kits | Ontario Cannabis Store

2019-06-07 12:00:08 - [MESSAGE][INFO] - Multi-Tools & Kits | Ontario Cannabis Store

2019-06-07 12:00:08 - [TEST_STEP][PASSED] - if (a11111 == b11111): correct window page 

2019-06-07 12:00:08 - [TEST_STEP][PASSED] - comment("correct window page "): correct window page 

2019-06-07 12:00:08 - [MESSAGE][INFO] - correct window page 

2019-06-07 12:00:08 - [TEST_STEP][PASSED] - delay(1, CONTINUE_ON_FAILURE): Delayed 1 second(s)

2019-06-07 12:00:09 - [MESSAGE][PASSED] - Delayed 1 second(s)

2019-06-07 12:00:09 - [TEST_STEP][PASSED] - click(findTestObject("OCS-DESKTOP/Age gate and Mega menu/Header/ACCESSORIES menu - En"), CONTINUE_ON_FAILURE): Object: 'Object Repository/OCS-DESKTOP/Age gate and Mega menu/Header/ACCESSORIES menu - En' is clicked on

2019-06-07 12:00:10 - [MESSAGE][PASSED] - Object: 'Object Repository/OCS-DESKTOP/Age gate and Mega menu/Header/ACCESSORIES menu - En' is clicked on

2019-06-07 12:00:10 - [TEST_STEP][PASSED] - delay(2, CONTINUE_ON_FAILURE): Delayed 2 second(s)

2019-06-07 12:00:12 - [MESSAGE][PASSED] - Delayed 2 second(s)

2019-06-07 12:00:12 - [TEST_STEP][PASSED] - delay(1, CONTINUE_ON_FAILURE): Delayed 1 second(s)

2019-06-07 12:00:13 - [MESSAGE][PASSED] - Delayed 1 second(s)

2019-06-07 12:00:13 - [TEST_STEP][PASSED] - click(findTestObject("OCS-DESKTOP/Accessories page/Cleaning supplies"), CONTINUE_ON_FAILURE): Object: 'Object Repository/OCS-DESKTOP/Accessories page/Cleaning supplies' is clicked on

2019-06-07 12:00:15 - [MESSAGE][PASSED] - Object: 'Object Repository/OCS-DESKTOP/Accessories page/Cleaning supplies' is clicked on

2019-06-07 12:00:15 - [TEST_STEP][PASSED] - delay(1, CONTINUE_ON_FAILURE): Delayed 1 second(s)

2019-06-07 12:00:16 - [MESSAGE][PASSED] - Delayed 1 second(s)

2019-06-07 12:00:16 - [TEST_STEP][PASSED] - a12 = getWindowTitle(CONTINUE_ON_FAILURE): Current window's title is: 'Cleaning Supplies | Ontario Cannabis Store'

2019-06-07 12:00:16 - [MESSAGE][PASSED] - Current window's title is: 'Cleaning Supplies | Ontario Cannabis Store'

2019-06-07 12:00:16 - [TEST_STEP][PASSED] - comment(a12): Cleaning Supplies | Ontario Cannabis Store

2019-06-07 12:00:16 - [MESSAGE][INFO] - Cleaning Supplies | Ontario Cannabis Store

2019-06-07 12:00:16 - [TEST_STEP][PASSED] - b12 = "Cleaning Supplies | Ontario Cannabis Store": null

2019-06-07 12:00:16 - [TEST_STEP][PASSED] - comment(b12): Cleaning Supplies | Ontario Cannabis Store

2019-06-07 12:00:16 - [MESSAGE][INFO] - Cleaning Supplies | Ontario Cannabis Store

2019-06-07 12:00:16 - [TEST_STEP][PASSED] - if (a12 == b12): correct window page 

2019-06-07 12:00:16 - [TEST_STEP][PASSED] - comment("correct window page "): correct window page 

2019-06-07 12:00:16 - [MESSAGE][INFO] - correct window page 

2019-06-07 12:00:16 - [TEST_STEP][PASSED] - delay(1, CONTINUE_ON_FAILURE): Delayed 1 second(s)

2019-06-07 12:00:17 - [MESSAGE][PASSED] - Delayed 1 second(s)

2019-06-07 12:00:17 - [TEST_STEP][PASSED] - click(findTestObject("OCS-DESKTOP/Age gate and Mega menu/Header/ACCESSORIES menu - En"), CONTINUE_ON_FAILURE): Object: 'Object Repository/OCS-DESKTOP/Age gate and Mega menu/Header/ACCESSORIES menu - En' is clicked on

2019-06-07 12:00:17 - [MESSAGE][PASSED] - Object: 'Object Repository/OCS-DESKTOP/Age gate and Mega menu/Header/ACCESSORIES menu - En' is clicked on

2019-06-07 12:00:17 - [TEST_STEP][PASSED] - delay(2, CONTINUE_ON_FAILURE): Delayed 2 second(s)

2019-06-07 12:00:19 - [MESSAGE][PASSED] - Delayed 2 second(s)

2019-06-07 12:00:19 - [TEST_STEP][PASSED] - delay(1, CONTINUE_ON_FAILURE): Delayed 1 second(s)

2019-06-07 12:00:20 - [MESSAGE][PASSED] - Delayed 1 second(s)

2019-06-07 12:00:20 - [TEST_STEP][PASSED] - click(findTestObject("OCS-DESKTOP/Accessories page/Storage"), CONTINUE_ON_FAILURE): Object: 'Object Repository/OCS-DESKTOP/Accessories page/Storage' is clicked on

2019-06-07 12:00:22 - [MESSAGE][PASSED] - Object: 'Object Repository/OCS-DESKTOP/Accessories page/Storage' is clicked on

2019-06-07 12:00:22 - [TEST_STEP][PASSED] - delay(1, CONTINUE_ON_FAILURE): Delayed 1 second(s)

2019-06-07 12:00:23 - [MESSAGE][PASSED] - Delayed 1 second(s)

2019-06-07 12:00:23 - [TEST_STEP][PASSED] - a13 = getWindowTitle(CONTINUE_ON_FAILURE): Current window's title is: 'Storage | Ontario Cannabis Store'

2019-06-07 12:00:23 - [MESSAGE][PASSED] - Current window's title is: 'Storage | Ontario Cannabis Store'

2019-06-07 12:00:23 - [TEST_STEP][PASSED] - comment(a13): Storage | Ontario Cannabis Store

2019-06-07 12:00:23 - [MESSAGE][INFO] - Storage | Ontario Cannabis Store

2019-06-07 12:00:23 - [TEST_STEP][PASSED] - b13 = "Storage | Ontario Cannabis Store": null

2019-06-07 12:00:23 - [TEST_STEP][PASSED] - comment(b): Vaporizers | Ontario Cannabis Store

2019-06-07 12:00:23 - [MESSAGE][INFO] - Vaporizers | Ontario Cannabis Store

2019-06-07 12:00:23 - [TEST_STEP][PASSED] - if (a13 == b13): correct window page 

2019-06-07 12:00:23 - [TEST_STEP][PASSED] - comment("correct window page "): correct window page 

2019-06-07 12:00:23 - [MESSAGE][INFO] - correct window page 

2019-06-07 12:00:23 - [TEST_STEP][PASSED] - delay(1, CONTINUE_ON_FAILURE): Delayed 1 second(s)

2019-06-07 12:00:24 - [MESSAGE][PASSED] - Delayed 1 second(s)

2019-06-07 12:00:24 - [TEST_STEP][PASSED] - click(findTestObject("OCS-DESKTOP/Age gate and Mega menu/Header/ACCESSORIES menu - En"), CONTINUE_ON_FAILURE): Object: 'Object Repository/OCS-DESKTOP/Age gate and Mega menu/Header/ACCESSORIES menu - En' is clicked on

2019-06-07 12:00:24 - [MESSAGE][PASSED] - Object: 'Object Repository/OCS-DESKTOP/Age gate and Mega menu/Header/ACCESSORIES menu - En' is clicked on

2019-06-07 12:00:24 - [TEST_STEP][PASSED] - delay(2, CONTINUE_ON_FAILURE): Delayed 2 second(s)

2019-06-07 12:00:26 - [MESSAGE][PASSED] - Delayed 2 second(s)

2019-06-07 12:00:26 - [TEST_STEP][PASSED] - delay(1, CONTINUE_ON_FAILURE): Delayed 1 second(s)

2019-06-07 12:00:27 - [MESSAGE][PASSED] - Delayed 1 second(s)

2019-06-07 12:00:27 - [TEST_STEP][PASSED] - click(findTestObject("OCS-DESKTOP/Accessories page/Trays"), CONTINUE_ON_FAILURE): Object: 'Object Repository/OCS-DESKTOP/Accessories page/Trays' is clicked on

2019-06-07 12:00:29 - [MESSAGE][PASSED] - Object: 'Object Repository/OCS-DESKTOP/Accessories page/Trays' is clicked on

2019-06-07 12:00:29 - [TEST_STEP][PASSED] - delay(1, CONTINUE_ON_FAILURE): Delayed 1 second(s)

2019-06-07 12:00:30 - [MESSAGE][PASSED] - Delayed 1 second(s)

2019-06-07 12:00:30 - [TEST_STEP][PASSED] - a14 = getWindowTitle(CONTINUE_ON_FAILURE): Current window's title is: 'Trays | Ontario Cannabis Store'

2019-06-07 12:00:30 - [MESSAGE][PASSED] - Current window's title is: 'Trays | Ontario Cannabis Store'

2019-06-07 12:00:30 - [TEST_STEP][PASSED] - comment(a14): Trays | Ontario Cannabis Store

2019-06-07 12:00:30 - [MESSAGE][INFO] - Trays | Ontario Cannabis Store

2019-06-07 12:00:30 - [TEST_STEP][PASSED] - b14 = "Trays | Ontario Cannabis Store": null

2019-06-07 12:00:30 - [TEST_STEP][PASSED] - comment(b14): Trays | Ontario Cannabis Store

2019-06-07 12:00:30 - [MESSAGE][INFO] - Trays | Ontario Cannabis Store

2019-06-07 12:00:30 - [TEST_STEP][PASSED] - if (a14 == b14): correct window page 

2019-06-07 12:00:30 - [TEST_STEP][PASSED] - comment("correct window page "): correct window page 

2019-06-07 12:00:30 - [MESSAGE][INFO] - correct window page 

2019-06-07 12:00:30 - [TEST_STEP][PASSED] - delay(1, CONTINUE_ON_FAILURE): Delayed 1 second(s)

2019-06-07 12:00:31 - [MESSAGE][PASSED] - Delayed 1 second(s)

2019-06-07 12:00:31 - [TEST_STEP][PASSED] - click(findTestObject("OCS-DESKTOP/Age gate and Mega menu/Header/ACCESSORIES menu - En"), CONTINUE_ON_FAILURE): Object: 'Object Repository/OCS-DESKTOP/Age gate and Mega menu/Header/ACCESSORIES menu - En' is clicked on

2019-06-07 12:00:31 - [MESSAGE][PASSED] - Object: 'Object Repository/OCS-DESKTOP/Age gate and Mega menu/Header/ACCESSORIES menu - En' is clicked on

2019-06-07 12:00:31 - [TEST_STEP][PASSED] - delay(2, CONTINUE_ON_FAILURE): Delayed 2 second(s)

2019-06-07 12:00:33 - [MESSAGE][PASSED] - Delayed 2 second(s)

2019-06-07 12:00:33 - [TEST_STEP][PASSED] - delay(1, CONTINUE_ON_FAILURE): Delayed 1 second(s)

2019-06-07 12:00:34 - [MESSAGE][PASSED] - Delayed 1 second(s)

2019-06-07 12:00:34 - [TEST_STEP][PASSED] - click(findTestObject("OCS-DESKTOP/Accessories page/Infusers"), CONTINUE_ON_FAILURE): Object: 'Object Repository/OCS-DESKTOP/Accessories page/Infusers' is clicked on

2019-06-07 12:00:36 - [MESSAGE][PASSED] - Object: 'Object Repository/OCS-DESKTOP/Accessories page/Infusers' is clicked on

2019-06-07 12:00:36 - [TEST_STEP][PASSED] - delay(1, CONTINUE_ON_FAILURE): Delayed 1 second(s)

2019-06-07 12:00:37 - [MESSAGE][PASSED] - Delayed 1 second(s)

2019-06-07 12:00:37 - [TEST_STEP][PASSED] - a15 = getWindowTitle(CONTINUE_ON_FAILURE): Current window's title is: 'Infusers | Ontario Cannabis Store'

2019-06-07 12:00:37 - [MESSAGE][PASSED] - Current window's title is: 'Infusers | Ontario Cannabis Store'

2019-06-07 12:00:37 - [TEST_STEP][PASSED] - comment(a15): Infusers | Ontario Cannabis Store

2019-06-07 12:00:37 - [MESSAGE][INFO] - Infusers | Ontario Cannabis Store

2019-06-07 12:00:37 - [TEST_STEP][PASSED] - b15 = "Infusers | Ontario Cannabis Store": null

2019-06-07 12:00:37 - [TEST_STEP][PASSED] - comment(b15): Infusers | Ontario Cannabis Store

2019-06-07 12:00:37 - [MESSAGE][INFO] - Infusers | Ontario Cannabis Store

2019-06-07 12:00:37 - [TEST_STEP][PASSED] - if (a15 == b15): correct window page 

2019-06-07 12:00:37 - [TEST_STEP][PASSED] - comment("correct window page "): correct window page 

2019-06-07 12:00:37 - [MESSAGE][INFO] - correct window page 

2019-06-07 12:00:37 - [TEST_STEP][PASSED] - delay(1, CONTINUE_ON_FAILURE): Delayed 1 second(s)

2019-06-07 12:00:38 - [MESSAGE][PASSED] - Delayed 1 second(s)

2019-06-07 12:00:38 - [TEST_STEP][PASSED] - click(findTestObject("OCS-DESKTOP/Age gate and Mega menu/Header/ACCESSORIES menu - En"), CONTINUE_ON_FAILURE): Object: 'Object Repository/OCS-DESKTOP/Age gate and Mega menu/Header/ACCESSORIES menu - En' is clicked on

2019-06-07 12:00:38 - [MESSAGE][PASSED] - Object: 'Object Repository/OCS-DESKTOP/Age gate and Mega menu/Header/ACCESSORIES menu - En' is clicked on

2019-06-07 12:00:38 - [TEST_STEP][PASSED] - delay(2, CONTINUE_ON_FAILURE): Delayed 2 second(s)

2019-06-07 12:00:40 - [MESSAGE][PASSED] - Delayed 2 second(s)

2019-06-07 12:00:40 - [TEST_STEP][PASSED] - delay(1, CONTINUE_ON_FAILURE): Delayed 1 second(s)

2019-06-07 12:00:41 - [MESSAGE][PASSED] - Delayed 1 second(s)

2019-06-07 12:00:41 - [TEST_STEP][PASSED] - executeJavaScript("var previewBar = document.getElementById("preview-bar-iframe"); previewBar.style.display = "none";", []): Execute JavaScript 'var previewBar = document.getElementById("preview-bar-iframe"); previewBar.style.display = "none";' successfully

2019-06-07 12:00:41 - [MESSAGE][PASSED] - Execute JavaScript 'var previewBar = document.getElementById("preview-bar-iframe"); previewBar.style.display = "none";' successfully

2019-06-07 12:00:41 - [TEST_STEP][PASSED] - delay(1, CONTINUE_ON_FAILURE): Delayed 1 second(s)

2019-06-07 12:00:42 - [MESSAGE][PASSED] - Delayed 1 second(s)

2019-06-07 12:00:42 - [TEST_STEP][PASSED] - click(findTestObject("OCS-DESKTOP/Accessories page/Best selling pipes")): Object: 'Object Repository/OCS-DESKTOP/Accessories page/Best selling pipes' is clicked on

2019-06-07 12:00:46 - [MESSAGE][PASSED] - Object: 'Object Repository/OCS-DESKTOP/Accessories page/Best selling pipes' is clicked on

2019-06-07 12:00:46 - [TEST_STEP][PASSED] - delay(1, OPTIONAL): Delayed 1 second(s)

2019-06-07 12:00:47 - [MESSAGE][PASSED] - Delayed 1 second(s)

2019-06-07 12:00:47 - [TEST_STEP][FAILED] - flag = verifyTextPresent("Page Not Found", false): flag = verifyTextPresent("Page Not Found", false) FAILED.
Reason:
com.kms.katalon.core.exception.StepFailedException: Unable to click on object 'Object Repository/OCS-DESKTOP/Accessories page/Vaporizers' (Root cause: org.openqa.selenium.ElementNotInteractableException: Element <span class="menu__tier-four__link--title menu--type-two"> could not be scrolled into view
Build info: version: '3.7.1', revision: '8a0099a', time: '2017-11-06T21:07:36.161Z'
System info: host: 'sumans-MacBook-Pro.local', ip: 'fe80:0:0:0:8ee:14b5:7377:44cf%en0', os.name: 'Mac OS X', os.arch: 'x86_64', os.version: '10.13.6', java.version: '1.8.0_181'
Driver info: com.kms.katalon.core.webui.driver.firefox.CGeckoDriver
Capabilities {acceptInsecureCerts: true, browserName: firefox, browserVersion: 67.0, javascriptEnabled: true, moz:accessibilityChecks: false, moz:buildID: 20190516215225, moz:geckodriverVersion: 0.23.0, moz:headless: false, moz:processID: 1934, moz:profile: /var/folders/1t/c55l8xzs6gq..., moz:shutdownTimeout: 60000, moz:useNonSpecCompliantPointerOrigin: false, moz:webdriverClick: true, pageLoadStrategy: normal, platform: MAC, platformName: MAC, platformVersion: 17.7.0, proxy: Proxy(direct), rotatable: false, setWindowRect: true, strictFileInteractability: false, timeouts: {implicit: 0, pageLoad: 300000, script: 30000}, unhandledPromptBehavior: dismiss and notify}
Session ID: 9c42d8e1-1d1f-ab48-a04b-f499c3b53291)
	at com.kms.katalon.core.keyword.internal.KeywordMain.stepFailed(KeywordMain.groovy:32)
	at com.kms.katalon.core.webui.keyword.internal.WebUIKeywordMain.stepFailed(WebUIKeywordMain.groovy:65)
	at com.kms.katalon.core.webui.keyword.internal.WebUIKeywordMain.runKeyword(WebUIKeywordMain.groovy:27)
	at com.kms.katalon.core.webui.keyword.builtin.ClickKeyword.click(ClickKeyword.groovy:86)
	at com.kms.katalon.core.webui.keyword.builtin.ClickKeyword.execute(ClickKeyword.groovy:67)
	at com.kms.katalon.core.keyword.internal.KeywordExecutor.executeKeywordForPlatform(KeywordExecutor.groovy:53)
	at com.kms.katalon.core.webui.keyword.WebUiBuiltInKeywords.click(WebUiBuiltInKeywords.groovy:604)
	at com.kms.katalon.core.webui.keyword.WebUiBuiltInKeywords$click$5.call(Unknown Source)
	at HP-Burger menu-Accessories.run(HP-Burger menu-Accessories:32)
	at com.kms.katalon.core.main.ScriptEngine.run(ScriptEngine.java:194)
	at com.kms.katalon.core.main.ScriptEngine.runScriptAsRawText(ScriptEngine.java:119)
	at com.kms.katalon.core.main.TestCaseExecutor.runScript(TestCaseExecutor.java:328)
	at com.kms.katalon.core.main.TestCaseExecutor.doExecute(TestCaseExecutor.java:319)
	at com.kms.katalon.core.main.TestCaseExecutor.processExecutionPhase(TestCaseExecutor.java:298)
	at com.kms.katalon.core.main.TestCaseExecutor.accessMainPhase(TestCaseExecutor.java:290)
	at com.kms.katalon.core.main.TestCaseExecutor.execute(TestCaseExecutor.java:224)
	at com.kms.katalon.core.main.TestSuiteExecutor.accessTestCaseMainPhase(TestSuiteExecutor.java:129)
	at com.kms.katalon.core.main.TestSuiteExecutor.accessTestSuiteMainPhase(TestSuiteExecutor.java:112)
	at com.kms.katalon.core.main.TestSuiteExecutor.execute(TestSuiteExecutor.java:81)
	at com.kms.katalon.core.main.TestCaseMain.startTestSuite(TestCaseMain.java:149)
	at com.kms.katalon.core.main.TestCaseMain$startTestSuite$0.call(Unknown Source)
	at TempTestSuite1559921811030.run(TempTestSuite1559921811030.groovy:36)


2019-06-07 12:00:47 - [MESSAGE][FAILED] - Text 'Page Not Found' is not present on page 

2019-06-07 12:00:47 - [MESSAGE][FAILED] - Unable to verify text 'Page Not Found' is present  (Root cause: com.kms.katalon.core.exception.StepFailedException: Text 'Page Not Found' is not present on page )
[[ATTACHMENT|/Users/sumankompelly/Relative xpath-Desktop/Reports/OCS- 1.9.2.1/20190607_113651/1559923247618.png]]

2019-06-07 12:00:47 - [MESSAGE][FAILED] - flag = verifyTextPresent("Page Not Found", false) FAILED.
Reason:
com.kms.katalon.core.exception.StepFailedException: Unable to click on object 'Object Repository/OCS-DESKTOP/Accessories page/Vaporizers' (Root cause: org.openqa.selenium.ElementNotInteractableException: Element <span class="menu__tier-four__link--title menu--type-two"> could not be scrolled into view
Build info: version: '3.7.1', revision: '8a0099a', time: '2017-11-06T21:07:36.161Z'
System info: host: 'sumans-MacBook-Pro.local', ip: 'fe80:0:0:0:8ee:14b5:7377:44cf%en0', os.name: 'Mac OS X', os.arch: 'x86_64', os.version: '10.13.6', java.version: '1.8.0_181'
Driver info: com.kms.katalon.core.webui.driver.firefox.CGeckoDriver
Capabilities {acceptInsecureCerts: true, browserName: firefox, browserVersion: 67.0, javascriptEnabled: true, moz:accessibilityChecks: false, moz:buildID: 20190516215225, moz:geckodriverVersion: 0.23.0, moz:headless: false, moz:processID: 1934, moz:profile: /var/folders/1t/c55l8xzs6gq..., moz:shutdownTimeout: 60000, moz:useNonSpecCompliantPointerOrigin: false, moz:webdriverClick: true, pageLoadStrategy: normal, platform: MAC, platformName: MAC, platformVersion: 17.7.0, proxy: Proxy(direct), rotatable: false, setWindowRect: true, strictFileInteractability: false, timeouts: {implicit: 0, pageLoad: 300000, script: 30000}, unhandledPromptBehavior: dismiss and notify}
Session ID: 9c42d8e1-1d1f-ab48-a04b-f499c3b53291)
	at com.kms.katalon.core.keyword.internal.KeywordMain.stepFailed(KeywordMain.groovy:32)
	at com.kms.katalon.core.webui.keyword.internal.WebUIKeywordMain.stepFailed(WebUIKeywordMain.groovy:65)
	at com.kms.katalon.core.webui.keyword.internal.WebUIKeywordMain.runKeyword(WebUIKeywordMain.groovy:27)
	at com.kms.katalon.core.webui.keyword.builtin.ClickKeyword.click(ClickKeyword.groovy:86)
	at com.kms.katalon.core.webui.keyword.builtin.ClickKeyword.execute(ClickKeyword.groovy:67)
	at com.kms.katalon.core.keyword.internal.KeywordExecutor.executeKeywordForPlatform(KeywordExecutor.groovy:53)
	at com.kms.katalon.core.webui.keyword.WebUiBuiltInKeywords.click(WebUiBuiltInKeywords.groovy:604)
	at com.kms.katalon.core.webui.keyword.WebUiBuiltInKeywords$click$5.call(Unknown Source)
	at HP-Burger menu-Accessories.run(HP-Burger menu-Accessories:32)
	at com.kms.katalon.core.main.ScriptEngine.run(ScriptEngine.java:194)
	at com.kms.katalon.core.main.ScriptEngine.runScriptAsRawText(ScriptEngine.java:119)
	at com.kms.katalon.core.main.TestCaseExecutor.runScript(TestCaseExecutor.java:328)
	at com.kms.katalon.core.main.TestCaseExecutor.doExecute(TestCaseExecutor.java:319)
	at com.kms.katalon.core.main.TestCaseExecutor.processExecutionPhase(TestCaseExecutor.java:298)
	at com.kms.katalon.core.main.TestCaseExecutor.accessMainPhase(TestCaseExecutor.java:290)
	at com.kms.katalon.core.main.TestCaseExecutor.execute(TestCaseExecutor.java:224)
	at com.kms.katalon.core.main.TestSuiteExecutor.accessTestCaseMainPhase(TestSuiteExecutor.java:129)
	at com.kms.katalon.core.main.TestSuiteExecutor.accessTestSuiteMainPhase(TestSuiteExecutor.java:112)
	at com.kms.katalon.core.main.TestSuiteExecutor.execute(TestSuiteExecutor.java:81)
	at com.kms.katalon.core.main.TestCaseMain.startTestSuite(TestCaseMain.java:149)
	at com.kms.katalon.core.main.TestCaseMain$startTestSuite$0.call(Unknown Source)
	at TempTestSuite1559921811030.run(TempTestSuite1559921811030.groovy:36)]]></system-out>
         <system-err><![CDATA[2019-06-07 11:58:59 - [TEST_CASE][FAILED] - Test Cases/OCS - DESKTOP/OCS- HOME PAGE/HP-Burger menu-Accessories: Test Cases/OCS - DESKTOP/OCS- HOME PAGE/HP-Burger menu-Accessories FAILED.
Reason:
com.kms.katalon.core.exception.StepFailedException: Unable to click on object 'Object Repository/OCS-DESKTOP/Accessories page/Vaporizers' (Root cause: org.openqa.selenium.ElementNotInteractableException: Element <span class="menu__tier-four__link--title menu--type-two"> could not be scrolled into view
Build info: version: '3.7.1', revision: '8a0099a', time: '2017-11-06T21:07:36.161Z'
System info: host: 'sumans-MacBook-Pro.local', ip: 'fe80:0:0:0:8ee:14b5:7377:44cf%en0', os.name: 'Mac OS X', os.arch: 'x86_64', os.version: '10.13.6', java.version: '1.8.0_181'
Driver info: com.kms.katalon.core.webui.driver.firefox.CGeckoDriver
Capabilities {acceptInsecureCerts: true, browserName: firefox, browserVersion: 67.0, javascriptEnabled: true, moz:accessibilityChecks: false, moz:buildID: 20190516215225, moz:geckodriverVersion: 0.23.0, moz:headless: false, moz:processID: 1934, moz:profile: /var/folders/1t/c55l8xzs6gq..., moz:shutdownTimeout: 60000, moz:useNonSpecCompliantPointerOrigin: false, moz:webdriverClick: true, pageLoadStrategy: normal, platform: MAC, platformName: MAC, platformVersion: 17.7.0, proxy: Proxy(direct), rotatable: false, setWindowRect: true, strictFileInteractability: false, timeouts: {implicit: 0, pageLoad: 300000, script: 30000}, unhandledPromptBehavior: dismiss and notify}
Session ID: 9c42d8e1-1d1f-ab48-a04b-f499c3b53291)
	at com.kms.katalon.core.keyword.internal.KeywordMain.stepFailed(KeywordMain.groovy:32)
	at com.kms.katalon.core.webui.keyword.internal.WebUIKeywordMain.stepFailed(WebUIKeywordMain.groovy:65)
	at com.kms.katalon.core.webui.keyword.internal.WebUIKeywordMain.runKeyword(WebUIKeywordMain.groovy:27)
	at com.kms.katalon.core.webui.keyword.builtin.ClickKeyword.click(ClickKeyword.groovy:86)
	at com.kms.katalon.core.webui.keyword.builtin.ClickKeyword.execute(ClickKeyword.groovy:67)
	at com.kms.katalon.core.keyword.internal.KeywordExecutor.executeKeywordForPlatform(KeywordExecutor.groovy:53)
	at com.kms.katalon.core.webui.keyword.WebUiBuiltInKeywords.click(WebUiBuiltInKeywords.groovy:604)
	at com.kms.katalon.core.webui.keyword.WebUiBuiltInKeywords$click$5.call(Unknown Source)
	at HP-Burger menu-Accessories.run(HP-Burger menu-Accessories:32)
	at com.kms.katalon.core.main.ScriptEngine.run(ScriptEngine.java:194)
	at com.kms.katalon.core.main.ScriptEngine.runScriptAsRawText(ScriptEngine.java:119)
	at com.kms.katalon.core.main.TestCaseExecutor.runScript(TestCaseExecutor.java:328)
	at com.kms.katalon.core.main.TestCaseExecutor.doExecute(TestCaseExecutor.java:319)
	at com.kms.katalon.core.main.TestCaseExecutor.processExecutionPhase(TestCaseExecutor.java:298)
	at com.kms.katalon.core.main.TestCaseExecutor.accessMainPhase(TestCaseExecutor.java:290)
	at com.kms.katalon.core.main.TestCaseExecutor.execute(TestCaseExecutor.java:224)
	at com.kms.katalon.core.main.TestSuiteExecutor.accessTestCaseMainPhase(TestSuiteExecutor.java:129)
	at com.kms.katalon.core.main.TestSuiteExecutor.accessTestSuiteMainPhase(TestSuiteExecutor.java:112)
	at com.kms.katalon.core.main.TestSuiteExecutor.execute(TestSuiteExecutor.java:81)
	at com.kms.katalon.core.main.TestCaseMain.startTestSuite(TestCaseMain.java:149)
	at com.kms.katalon.core.main.TestCaseMain$startTestSuite$0.call(Unknown Source)
	at TempTestSuite1559921811030.run(TempTestSuite1559921811030.groovy:36)]]></system-err>
      </testcase>
      <testcase name="Test Cases/OCS - DESKTOP/OCS- HOME PAGE/Retail stores link" classname="Test Cases/OCS - DESKTOP/OCS- HOME PAGE/Retail stores link" status="FAILED">
         <failure type="FAILED" message="Test Cases/OCS - DESKTOP/OCS- HOME PAGE/Retail stores link FAILED.
Reason:
com.kms.katalon.core.exception.StepFailedException: Unable to click on object (Root cause: java.lang.IllegalArgumentException: Object is null)
	at com.kms.katalon.core.keyword.internal.KeywordMain.stepFailed(KeywordMain.groovy:36)
	at com.kms.katalon.core.webui.keyword.internal.WebUIKeywordMain.stepFailed(WebUIKeywordMain.groovy:65)
	at com.kms.katalon.core.webui.keyword.internal.WebUIKeywordMain.runKeyword(WebUIKeywordMain.groovy:27)
	at com.kms.katalon.core.webui.keyword.builtin.ClickKeyword.click(ClickKeyword.groovy:86)
	at com.kms.katalon.core.webui.keyword.builtin.ClickKeyword.execute(ClickKeyword.groovy:67)
	at com.kms.katalon.core.keyword.internal.KeywordExecutor.executeKeywordForPlatform(KeywordExecutor.groovy:53)
	at com.kms.katalon.core.webui.keyword.WebUiBuiltInKeywords.click(WebUiBuiltInKeywords.groovy:616)
	at com.kms.katalon.core.webui.keyword.WebUiBuiltInKeywords$click$4.call(Unknown Source)
	at Retail stores link.run(Retail stores link:27)
	at com.kms.katalon.core.main.ScriptEngine.run(ScriptEngine.java:194)
	at com.kms.katalon.core.main.ScriptEngine.runScriptAsRawText(ScriptEngine.java:119)
	at com.kms.katalon.core.main.TestCaseExecutor.runScript(TestCaseExecutor.java:328)
	at com.kms.katalon.core.main.TestCaseExecutor.doExecute(TestCaseExecutor.java:319)
	at com.kms.katalon.core.main.TestCaseExecutor.processExecutionPhase(TestCaseExecutor.java:298)
	at com.kms.katalon.core.main.TestCaseExecutor.accessMainPhase(TestCaseExecutor.java:290)
	at com.kms.katalon.core.main.TestCaseExecutor.execute(TestCaseExecutor.java:224)
	at com.kms.katalon.core.main.TestSuiteExecutor.accessTestCaseMainPhase(TestSuiteExecutor.java:129)
	at com.kms.katalon.core.main.TestSuiteExecutor.accessTestSuiteMainPhase(TestSuiteExecutor.java:112)
	at com.kms.katalon.core.main.TestSuiteExecutor.execute(TestSuiteExecutor.java:81)
	at com.kms.katalon.core.main.TestCaseMain.startTestSuite(TestCaseMain.java:149)
	at com.kms.katalon.core.main.TestCaseMain$startTestSuite$0.call(Unknown Source)
	at TempTestSuite1559921811030.run(TempTestSuite1559921811030.groovy:36)
"/>
         <system-out><![CDATA[2019-06-07 12:00:47 - [TEST_CASE][FAILED] - Test Cases/OCS - DESKTOP/OCS- HOME PAGE/Retail stores link: Test Cases/OCS - DESKTOP/OCS- HOME PAGE/Retail stores link FAILED.
Reason:
com.kms.katalon.core.exception.StepFailedException: Unable to click on object (Root cause: java.lang.IllegalArgumentException: Object is null)
	at com.kms.katalon.core.keyword.internal.KeywordMain.stepFailed(KeywordMain.groovy:36)
	at com.kms.katalon.core.webui.keyword.internal.WebUIKeywordMain.stepFailed(WebUIKeywordMain.groovy:65)
	at com.kms.katalon.core.webui.keyword.internal.WebUIKeywordMain.runKeyword(WebUIKeywordMain.groovy:27)
	at com.kms.katalon.core.webui.keyword.builtin.ClickKeyword.click(ClickKeyword.groovy:86)
	at com.kms.katalon.core.webui.keyword.builtin.ClickKeyword.execute(ClickKeyword.groovy:67)
	at com.kms.katalon.core.keyword.internal.KeywordExecutor.executeKeywordForPlatform(KeywordExecutor.groovy:53)
	at com.kms.katalon.core.webui.keyword.WebUiBuiltInKeywords.click(WebUiBuiltInKeywords.groovy:616)
	at com.kms.katalon.core.webui.keyword.WebUiBuiltInKeywords$click$4.call(Unknown Source)
	at Retail stores link.run(Retail stores link:27)
	at com.kms.katalon.core.main.ScriptEngine.run(ScriptEngine.java:194)
	at com.kms.katalon.core.main.ScriptEngine.runScriptAsRawText(ScriptEngine.java:119)
	at com.kms.katalon.core.main.TestCaseExecutor.runScript(TestCaseExecutor.java:328)
	at com.kms.katalon.core.main.TestCaseExecutor.doExecute(TestCaseExecutor.java:319)
	at com.kms.katalon.core.main.TestCaseExecutor.processExecutionPhase(TestCaseExecutor.java:298)
	at com.kms.katalon.core.main.TestCaseExecutor.accessMainPhase(TestCaseExecutor.java:290)
	at com.kms.katalon.core.main.TestCaseExecutor.execute(TestCaseExecutor.java:224)
	at com.kms.katalon.core.main.TestSuiteExecutor.accessTestCaseMainPhase(TestSuiteExecutor.java:129)
	at com.kms.katalon.core.main.TestSuiteExecutor.accessTestSuiteMainPhase(TestSuiteExecutor.java:112)
	at com.kms.katalon.core.main.TestSuiteExecutor.execute(TestSuiteExecutor.java:81)
	at com.kms.katalon.core.main.TestCaseMain.startTestSuite(TestCaseMain.java:149)
	at com.kms.katalon.core.main.TestCaseMain$startTestSuite$0.call(Unknown Source)
	at TempTestSuite1559921811030.run(TempTestSuite1559921811030.groovy:36)


2019-06-07 12:00:47 - [TEST_STEP][PASSED] - callTestCase(findTestCase("OCS - DESKTOP/CALL- Age gate"), [:], STOP_ON_FAILURE): Call Test Case 'Test Cases/OCS - DESKTOP/CALL- Age gate' successfully

2019-06-07 12:00:47 - [TEST_CASE][PASSED] - Test Cases/OCS - DESKTOP/CALL- Age gate: Test Cases/OCS - DESKTOP/CALL- Age gate

2019-06-07 12:00:47 - [TEST_STEP][PASSED] - openBrowser(""): Browser is opened with url: ''

2019-06-07 12:00:47 - [MESSAGE][WARNING] - A browser is already opened. Closing browser and opening a new one

2019-06-07 12:00:48 - [MESSAGE][INFO] - Starting 'Firefox' driver

2019-06-07 12:00:50 - [MESSAGE][PASSED] - Browser is opened with url: ''

2019-06-07 12:00:50 - [TEST_STEP][PASSED] - navigateToUrl("https://ocs.ca/?fts=0&preview_theme_id=72920074060"): Navigate to 'https://ocs.ca/?fts=0&preview_theme_id=72920074060' successfully

2019-06-07 12:00:56 - [MESSAGE][PASSED] - Navigate to 'https://ocs.ca/?fts=0&preview_theme_id=72920074060' successfully

2019-06-07 12:00:56 - [TEST_STEP][PASSED] - maximizeWindow(): Current window maximized

2019-06-07 12:00:57 - [MESSAGE][PASSED] - Current window maximized

2019-06-07 12:00:57 - [TEST_STEP][PASSED] - delay(2): Delayed 2 second(s)

2019-06-07 12:00:59 - [MESSAGE][PASSED] - Delayed 2 second(s)

2019-06-07 12:00:59 - [TEST_STEP][PASSED] - executeJavaScript("var previewBar = document.getElementById("preview-bar-iframe"); previewBar.style.display = "none";", []): Execute JavaScript 'var previewBar = document.getElementById("preview-bar-iframe"); previewBar.style.display = "none";' successfully

2019-06-07 12:00:59 - [MESSAGE][PASSED] - Execute JavaScript 'var previewBar = document.getElementById("preview-bar-iframe"); previewBar.style.display = "none";' successfully

2019-06-07 12:00:59 - [TEST_STEP][PASSED] - selectOptionByValue(findTestObject("OCS-DESKTOP/Age gate and Mega menu/Date"), "12", true): All options with value '12' are selected in object 'Object Repository/OCS-DESKTOP/Age gate and Mega menu/Date'  using regular expression

2019-06-07 12:00:59 - [MESSAGE][PASSED] - All options with value '12' are selected in object 'Object Repository/OCS-DESKTOP/Age gate and Mega menu/Date'  using regular expression

2019-06-07 12:00:59 - [TEST_STEP][PASSED] - selectOptionByValue(findTestObject("OCS-DESKTOP/Age gate and Mega menu/month"), "6", true): All options with value '6' are selected in object 'Object Repository/OCS-DESKTOP/Age gate and Mega menu/month'  using regular expression

2019-06-07 12:01:00 - [MESSAGE][PASSED] - All options with value '6' are selected in object 'Object Repository/OCS-DESKTOP/Age gate and Mega menu/month'  using regular expression

2019-06-07 12:01:00 - [TEST_STEP][PASSED] - delay(2): Delayed 2 second(s)

2019-06-07 12:01:02 - [MESSAGE][PASSED] - Delayed 2 second(s)

2019-06-07 12:01:02 - [TEST_STEP][PASSED] - selectOptionByValue(findTestObject("OCS-DESKTOP/Age gate and Mega menu/Year Dropdown"), "1990", true): All options with value '1990' are selected in object 'Object Repository/OCS-DESKTOP/Age gate and Mega menu/Year Dropdown'  using regular expression

2019-06-07 12:01:03 - [MESSAGE][PASSED] - All options with value '1990' are selected in object 'Object Repository/OCS-DESKTOP/Age gate and Mega menu/Year Dropdown'  using regular expression

2019-06-07 12:01:03 - [TEST_STEP][PASSED] - click(findTestObject("OCS-DESKTOP/Age gate and Mega menu/button_Verify")): Object: 'Object Repository/OCS-DESKTOP/Age gate and Mega menu/button_Verify' is clicked on

2019-06-07 12:01:03 - [MESSAGE][PASSED] - Object: 'Object Repository/OCS-DESKTOP/Age gate and Mega menu/button_Verify' is clicked on

2019-06-07 12:01:03 - [TEST_STEP][PASSED] - click(findTestObject("OCS-DESKTOP/Age gate and Mega menu/Checkbox_CONFIRM AND ACKNOWLEDGE")): Object: 'Object Repository/OCS-DESKTOP/Age gate and Mega menu/Checkbox_CONFIRM AND ACKNOWLEDGE' is clicked on

2019-06-07 12:01:04 - [MESSAGE][PASSED] - Object: 'Object Repository/OCS-DESKTOP/Age gate and Mega menu/Checkbox_CONFIRM AND ACKNOWLEDGE' is clicked on

2019-06-07 12:01:04 - [TEST_STEP][PASSED] - click(findTestObject("OCS-DESKTOP/Age gate and Mega menu/button_CONFIRM")): Object: 'Object Repository/OCS-DESKTOP/Age gate and Mega menu/button_CONFIRM' is clicked on

2019-06-07 12:01:04 - [MESSAGE][PASSED] - Object: 'Object Repository/OCS-DESKTOP/Age gate and Mega menu/button_CONFIRM' is clicked on

2019-06-07 12:01:04 - [TEST_STEP][PASSED] - click(findTestObject("OCS-DESKTOP/Age gate and Mega menu/button_Start Browsing")): Object: 'Object Repository/OCS-DESKTOP/Age gate and Mega menu/button_Start Browsing' is clicked on

2019-06-07 12:01:04 - [MESSAGE][PASSED] - Object: 'Object Repository/OCS-DESKTOP/Age gate and Mega menu/button_Start Browsing' is clicked on

2019-06-07 12:01:04 - [TEST_STEP][PASSED] - delay(2): Delayed 2 second(s)

2019-06-07 12:01:06 - [MESSAGE][PASSED] - Delayed 2 second(s)

2019-06-07 12:01:06 - [TEST_STEP][PASSED] - refresh(): Refresh successfully

2019-06-07 12:01:11 - [MESSAGE][PASSED] - Refresh successfully

2019-06-07 12:01:11 - [MESSAGE][PASSED] - Call Test Case 'Test Cases/OCS - DESKTOP/CALL- Age gate' successfully

2019-06-07 12:01:11 - [TEST_STEP][PASSED] - delay(2): Delayed 2 second(s)

2019-06-07 12:01:13 - [MESSAGE][PASSED] - Delayed 2 second(s)

2019-06-07 12:01:13 - [TEST_STEP][PASSED] - flag = verifyElementPresent(findTestObject("OCS-DESKTOP/Home - page/Retail stores link"), 0, CONTINUE_ON_FAILURE): Object 'Object Repository/OCS-DESKTOP/Home - page/Retail stores link' is present

2019-06-07 12:01:13 - [MESSAGE][WARNING] - Timeout '0' is invalid. Using default page load timeout: '30'

2019-06-07 12:01:13 - [MESSAGE][PASSED] - Object 'Object Repository/OCS-DESKTOP/Home - page/Retail stores link' is present

2019-06-07 12:01:13 - [TEST_STEP][PASSED] - comment("flag=" + flag): flag=true

2019-06-07 12:01:13 - [MESSAGE][INFO] - flag=true

2019-06-07 12:01:13 - [TEST_STEP][FAILED] - if (flag == true): if (flag == true) FAILED.
Reason:
com.kms.katalon.core.exception.StepFailedException: Unable to click on object (Root cause: java.lang.IllegalArgumentException: Object is null)
	at com.kms.katalon.core.keyword.internal.KeywordMain.stepFailed(KeywordMain.groovy:36)
	at com.kms.katalon.core.webui.keyword.internal.WebUIKeywordMain.stepFailed(WebUIKeywordMain.groovy:65)
	at com.kms.katalon.core.webui.keyword.internal.WebUIKeywordMain.runKeyword(WebUIKeywordMain.groovy:27)
	at com.kms.katalon.core.webui.keyword.builtin.ClickKeyword.click(ClickKeyword.groovy:86)
	at com.kms.katalon.core.webui.keyword.builtin.ClickKeyword.execute(ClickKeyword.groovy:67)
	at com.kms.katalon.core.keyword.internal.KeywordExecutor.executeKeywordForPlatform(KeywordExecutor.groovy:53)
	at com.kms.katalon.core.webui.keyword.WebUiBuiltInKeywords.click(WebUiBuiltInKeywords.groovy:616)
	at com.kms.katalon.core.webui.keyword.WebUiBuiltInKeywords$click$4.call(Unknown Source)
	at Retail stores link.run(Retail stores link:27)
	at com.kms.katalon.core.main.ScriptEngine.run(ScriptEngine.java:194)
	at com.kms.katalon.core.main.ScriptEngine.runScriptAsRawText(ScriptEngine.java:119)
	at com.kms.katalon.core.main.TestCaseExecutor.runScript(TestCaseExecutor.java:328)
	at com.kms.katalon.core.main.TestCaseExecutor.doExecute(TestCaseExecutor.java:319)
	at com.kms.katalon.core.main.TestCaseExecutor.processExecutionPhase(TestCaseExecutor.java:298)
	at com.kms.katalon.core.main.TestCaseExecutor.accessMainPhase(TestCaseExecutor.java:290)
	at com.kms.katalon.core.main.TestCaseExecutor.execute(TestCaseExecutor.java:224)
	at com.kms.katalon.core.main.TestSuiteExecutor.accessTestCaseMainPhase(TestSuiteExecutor.java:129)
	at com.kms.katalon.core.main.TestSuiteExecutor.accessTestSuiteMainPhase(TestSuiteExecutor.java:112)
	at com.kms.katalon.core.main.TestSuiteExecutor.execute(TestSuiteExecutor.java:81)
	at com.kms.katalon.core.main.TestCaseMain.startTestSuite(TestCaseMain.java:149)
	at com.kms.katalon.core.main.TestCaseMain$startTestSuite$0.call(Unknown Source)
	at TempTestSuite1559921811030.run(TempTestSuite1559921811030.groovy:36)


2019-06-07 12:01:13 - [TEST_STEP][PASSED] - delay(2): Delayed 2 second(s)

2019-06-07 12:01:15 - [MESSAGE][PASSED] - Delayed 2 second(s)

2019-06-07 12:01:15 - [TEST_STEP][FAILED] - click(findTestObject("OCS-MOBILE /Home - page/Retail stores link")): if (flag == true) FAILED.
Reason:
com.kms.katalon.core.exception.StepFailedException: Unable to click on object (Root cause: java.lang.IllegalArgumentException: Object is null)
	at com.kms.katalon.core.keyword.internal.KeywordMain.stepFailed(KeywordMain.groovy:36)
	at com.kms.katalon.core.webui.keyword.internal.WebUIKeywordMain.stepFailed(WebUIKeywordMain.groovy:65)
	at com.kms.katalon.core.webui.keyword.internal.WebUIKeywordMain.runKeyword(WebUIKeywordMain.groovy:27)
	at com.kms.katalon.core.webui.keyword.builtin.ClickKeyword.click(ClickKeyword.groovy:86)
	at com.kms.katalon.core.webui.keyword.builtin.ClickKeyword.execute(ClickKeyword.groovy:67)
	at com.kms.katalon.core.keyword.internal.KeywordExecutor.executeKeywordForPlatform(KeywordExecutor.groovy:53)
	at com.kms.katalon.core.webui.keyword.WebUiBuiltInKeywords.click(WebUiBuiltInKeywords.groovy:616)
	at com.kms.katalon.core.webui.keyword.WebUiBuiltInKeywords$click$4.call(Unknown Source)
	at Retail stores link.run(Retail stores link:27)
	at com.kms.katalon.core.main.ScriptEngine.run(ScriptEngine.java:194)
	at com.kms.katalon.core.main.ScriptEngine.runScriptAsRawText(ScriptEngine.java:119)
	at com.kms.katalon.core.main.TestCaseExecutor.runScript(TestCaseExecutor.java:328)
	at com.kms.katalon.core.main.TestCaseExecutor.doExecute(TestCaseExecutor.java:319)
	at com.kms.katalon.core.main.TestCaseExecutor.processExecutionPhase(TestCaseExecutor.java:298)
	at com.kms.katalon.core.main.TestCaseExecutor.accessMainPhase(TestCaseExecutor.java:290)
	at com.kms.katalon.core.main.TestCaseExecutor.execute(TestCaseExecutor.java:224)
	at com.kms.katalon.core.main.TestSuiteExecutor.accessTestCaseMainPhase(TestSuiteExecutor.java:129)
	at com.kms.katalon.core.main.TestSuiteExecutor.accessTestSuiteMainPhase(TestSuiteExecutor.java:112)
	at com.kms.katalon.core.main.TestSuiteExecutor.execute(TestSuiteExecutor.java:81)
	at com.kms.katalon.core.main.TestCaseMain.startTestSuite(TestCaseMain.java:149)
	at com.kms.katalon.core.main.TestCaseMain$startTestSuite$0.call(Unknown Source)
	at TempTestSuite1559921811030.run(TempTestSuite1559921811030.groovy:36)


2019-06-07 12:01:15 - [MESSAGE][WARNING] - Test object with id 'Object Repository/OCS-MOBILE /Home - page/Retail stores link' does not exist

2019-06-07 12:01:15 - [MESSAGE][WARNING] - Test object with id 'Object Repository/' does not exist

2019-06-07 12:01:15 - [MESSAGE][FAILED] - Unable to click on object (Root cause: java.lang.IllegalArgumentException: Object is null)
[[ATTACHMENT|/Users/sumankompelly/Relative xpath-Desktop/Reports/OCS- 1.9.2.1/20190607_113651/1559923275150.png]]

2019-06-07 12:01:15 - [MESSAGE][FAILED] - if (flag == true) FAILED.
Reason:
com.kms.katalon.core.exception.StepFailedException: Unable to click on object (Root cause: java.lang.IllegalArgumentException: Object is null)
	at com.kms.katalon.core.keyword.internal.KeywordMain.stepFailed(KeywordMain.groovy:36)
	at com.kms.katalon.core.webui.keyword.internal.WebUIKeywordMain.stepFailed(WebUIKeywordMain.groovy:65)
	at com.kms.katalon.core.webui.keyword.internal.WebUIKeywordMain.runKeyword(WebUIKeywordMain.groovy:27)
	at com.kms.katalon.core.webui.keyword.builtin.ClickKeyword.click(ClickKeyword.groovy:86)
	at com.kms.katalon.core.webui.keyword.builtin.ClickKeyword.execute(ClickKeyword.groovy:67)
	at com.kms.katalon.core.keyword.internal.KeywordExecutor.executeKeywordForPlatform(KeywordExecutor.groovy:53)
	at com.kms.katalon.core.webui.keyword.WebUiBuiltInKeywords.click(WebUiBuiltInKeywords.groovy:616)
	at com.kms.katalon.core.webui.keyword.WebUiBuiltInKeywords$click$4.call(Unknown Source)
	at Retail stores link.run(Retail stores link:27)
	at com.kms.katalon.core.main.ScriptEngine.run(ScriptEngine.java:194)
	at com.kms.katalon.core.main.ScriptEngine.runScriptAsRawText(ScriptEngine.java:119)
	at com.kms.katalon.core.main.TestCaseExecutor.runScript(TestCaseExecutor.java:328)
	at com.kms.katalon.core.main.TestCaseExecutor.doExecute(TestCaseExecutor.java:319)
	at com.kms.katalon.core.main.TestCaseExecutor.processExecutionPhase(TestCaseExecutor.java:298)
	at com.kms.katalon.core.main.TestCaseExecutor.accessMainPhase(TestCaseExecutor.java:290)
	at com.kms.katalon.core.main.TestCaseExecutor.execute(TestCaseExecutor.java:224)
	at com.kms.katalon.core.main.TestSuiteExecutor.accessTestCaseMainPhase(TestSuiteExecutor.java:129)
	at com.kms.katalon.core.main.TestSuiteExecutor.accessTestSuiteMainPhase(TestSuiteExecutor.java:112)
	at com.kms.katalon.core.main.TestSuiteExecutor.execute(TestSuiteExecutor.java:81)
	at com.kms.katalon.core.main.TestCaseMain.startTestSuite(TestCaseMain.java:149)
	at com.kms.katalon.core.main.TestCaseMain$startTestSuite$0.call(Unknown Source)
	at TempTestSuite1559921811030.run(TempTestSuite1559921811030.groovy:36)]]></system-out>
         <system-err><![CDATA[2019-06-07 12:00:47 - [TEST_CASE][FAILED] - Test Cases/OCS - DESKTOP/OCS- HOME PAGE/Retail stores link: Test Cases/OCS - DESKTOP/OCS- HOME PAGE/Retail stores link FAILED.
Reason:
com.kms.katalon.core.exception.StepFailedException: Unable to click on object (Root cause: java.lang.IllegalArgumentException: Object is null)
	at com.kms.katalon.core.keyword.internal.KeywordMain.stepFailed(KeywordMain.groovy:36)
	at com.kms.katalon.core.webui.keyword.internal.WebUIKeywordMain.stepFailed(WebUIKeywordMain.groovy:65)
	at com.kms.katalon.core.webui.keyword.internal.WebUIKeywordMain.runKeyword(WebUIKeywordMain.groovy:27)
	at com.kms.katalon.core.webui.keyword.builtin.ClickKeyword.click(ClickKeyword.groovy:86)
	at com.kms.katalon.core.webui.keyword.builtin.ClickKeyword.execute(ClickKeyword.groovy:67)
	at com.kms.katalon.core.keyword.internal.KeywordExecutor.executeKeywordForPlatform(KeywordExecutor.groovy:53)
	at com.kms.katalon.core.webui.keyword.WebUiBuiltInKeywords.click(WebUiBuiltInKeywords.groovy:616)
	at com.kms.katalon.core.webui.keyword.WebUiBuiltInKeywords$click$4.call(Unknown Source)
	at Retail stores link.run(Retail stores link:27)
	at com.kms.katalon.core.main.ScriptEngine.run(ScriptEngine.java:194)
	at com.kms.katalon.core.main.ScriptEngine.runScriptAsRawText(ScriptEngine.java:119)
	at com.kms.katalon.core.main.TestCaseExecutor.runScript(TestCaseExecutor.java:328)
	at com.kms.katalon.core.main.TestCaseExecutor.doExecute(TestCaseExecutor.java:319)
	at com.kms.katalon.core.main.TestCaseExecutor.processExecutionPhase(TestCaseExecutor.java:298)
	at com.kms.katalon.core.main.TestCaseExecutor.accessMainPhase(TestCaseExecutor.java:290)
	at com.kms.katalon.core.main.TestCaseExecutor.execute(TestCaseExecutor.java:224)
	at com.kms.katalon.core.main.TestSuiteExecutor.accessTestCaseMainPhase(TestSuiteExecutor.java:129)
	at com.kms.katalon.core.main.TestSuiteExecutor.accessTestSuiteMainPhase(TestSuiteExecutor.java:112)
	at com.kms.katalon.core.main.TestSuiteExecutor.execute(TestSuiteExecutor.java:81)
	at com.kms.katalon.core.main.TestCaseMain.startTestSuite(TestCaseMain.java:149)
	at com.kms.katalon.core.main.TestCaseMain$startTestSuite$0.call(Unknown Source)
	at TempTestSuite1559921811030.run(TempTestSuite1559921811030.groovy:36)]]></system-err>
      </testcase>
      <testcase name="Test Cases/OCS - DESKTOP/OCS- HOME PAGE/Screen reader link" classname="Test Cases/OCS - DESKTOP/OCS- HOME PAGE/Screen reader link" status="PASSED">
         <system-out><![CDATA[2019-06-07 12:01:15 - [TEST_CASE][PASSED] - Test Cases/OCS - DESKTOP/OCS- HOME PAGE/Screen reader link: Test Cases/OCS - DESKTOP/OCS- HOME PAGE/Screen reader link

2019-06-07 12:01:15 - [TEST_STEP][PASSED] - callTestCase(findTestCase("OCS - DESKTOP/CALL- Age gate"), [:], STOP_ON_FAILURE): Call Test Case 'Test Cases/OCS - DESKTOP/CALL- Age gate' successfully

2019-06-07 12:01:15 - [TEST_CASE][PASSED] - Test Cases/OCS - DESKTOP/CALL- Age gate: Test Cases/OCS - DESKTOP/CALL- Age gate

2019-06-07 12:01:15 - [TEST_STEP][PASSED] - openBrowser(""): Browser is opened with url: ''

2019-06-07 12:01:15 - [MESSAGE][WARNING] - A browser is already opened. Closing browser and opening a new one

2019-06-07 12:01:16 - [MESSAGE][INFO] - Starting 'Firefox' driver

2019-06-07 12:01:18 - [MESSAGE][PASSED] - Browser is opened with url: ''

2019-06-07 12:01:18 - [TEST_STEP][PASSED] - navigateToUrl("https://ocs.ca/?fts=0&preview_theme_id=72920074060"): Navigate to 'https://ocs.ca/?fts=0&preview_theme_id=72920074060' successfully

2019-06-07 12:01:21 - [MESSAGE][PASSED] - Navigate to 'https://ocs.ca/?fts=0&preview_theme_id=72920074060' successfully

2019-06-07 12:01:21 - [TEST_STEP][PASSED] - maximizeWindow(): Current window maximized

2019-06-07 12:01:21 - [MESSAGE][PASSED] - Current window maximized

2019-06-07 12:01:21 - [TEST_STEP][PASSED] - delay(2): Delayed 2 second(s)

2019-06-07 12:01:23 - [MESSAGE][PASSED] - Delayed 2 second(s)

2019-06-07 12:01:23 - [TEST_STEP][PASSED] - executeJavaScript("var previewBar = document.getElementById("preview-bar-iframe"); previewBar.style.display = "none";", []): Execute JavaScript 'var previewBar = document.getElementById("preview-bar-iframe"); previewBar.style.display = "none";' successfully

2019-06-07 12:01:23 - [MESSAGE][PASSED] - Execute JavaScript 'var previewBar = document.getElementById("preview-bar-iframe"); previewBar.style.display = "none";' successfully

2019-06-07 12:01:23 - [TEST_STEP][PASSED] - selectOptionByValue(findTestObject("OCS-DESKTOP/Age gate and Mega menu/Date"), "12", true): All options with value '12' are selected in object 'Object Repository/OCS-DESKTOP/Age gate and Mega menu/Date'  using regular expression

2019-06-07 12:01:24 - [MESSAGE][PASSED] - All options with value '12' are selected in object 'Object Repository/OCS-DESKTOP/Age gate and Mega menu/Date'  using regular expression

2019-06-07 12:01:24 - [TEST_STEP][PASSED] - selectOptionByValue(findTestObject("OCS-DESKTOP/Age gate and Mega menu/month"), "6", true): All options with value '6' are selected in object 'Object Repository/OCS-DESKTOP/Age gate and Mega menu/month'  using regular expression

2019-06-07 12:01:24 - [MESSAGE][PASSED] - All options with value '6' are selected in object 'Object Repository/OCS-DESKTOP/Age gate and Mega menu/month'  using regular expression

2019-06-07 12:01:24 - [TEST_STEP][PASSED] - delay(2): Delayed 2 second(s)

2019-06-07 12:01:26 - [MESSAGE][PASSED] - Delayed 2 second(s)

2019-06-07 12:01:26 - [TEST_STEP][PASSED] - selectOptionByValue(findTestObject("OCS-DESKTOP/Age gate and Mega menu/Year Dropdown"), "1990", true): All options with value '1990' are selected in object 'Object Repository/OCS-DESKTOP/Age gate and Mega menu/Year Dropdown'  using regular expression

2019-06-07 12:01:28 - [MESSAGE][PASSED] - All options with value '1990' are selected in object 'Object Repository/OCS-DESKTOP/Age gate and Mega menu/Year Dropdown'  using regular expression

2019-06-07 12:01:28 - [TEST_STEP][PASSED] - click(findTestObject("OCS-DESKTOP/Age gate and Mega menu/button_Verify")): Object: 'Object Repository/OCS-DESKTOP/Age gate and Mega menu/button_Verify' is clicked on

2019-06-07 12:01:28 - [MESSAGE][PASSED] - Object: 'Object Repository/OCS-DESKTOP/Age gate and Mega menu/button_Verify' is clicked on

2019-06-07 12:01:28 - [TEST_STEP][PASSED] - click(findTestObject("OCS-DESKTOP/Age gate and Mega menu/Checkbox_CONFIRM AND ACKNOWLEDGE")): Object: 'Object Repository/OCS-DESKTOP/Age gate and Mega menu/Checkbox_CONFIRM AND ACKNOWLEDGE' is clicked on

2019-06-07 12:01:28 - [MESSAGE][PASSED] - Object: 'Object Repository/OCS-DESKTOP/Age gate and Mega menu/Checkbox_CONFIRM AND ACKNOWLEDGE' is clicked on

2019-06-07 12:01:28 - [TEST_STEP][PASSED] - click(findTestObject("OCS-DESKTOP/Age gate and Mega menu/button_CONFIRM")): Object: 'Object Repository/OCS-DESKTOP/Age gate and Mega menu/button_CONFIRM' is clicked on

2019-06-07 12:01:28 - [MESSAGE][PASSED] - Object: 'Object Repository/OCS-DESKTOP/Age gate and Mega menu/button_CONFIRM' is clicked on

2019-06-07 12:01:28 - [TEST_STEP][PASSED] - click(findTestObject("OCS-DESKTOP/Age gate and Mega menu/button_Start Browsing")): Object: 'Object Repository/OCS-DESKTOP/Age gate and Mega menu/button_Start Browsing' is clicked on

2019-06-07 12:01:29 - [MESSAGE][PASSED] - Object: 'Object Repository/OCS-DESKTOP/Age gate and Mega menu/button_Start Browsing' is clicked on

2019-06-07 12:01:29 - [TEST_STEP][PASSED] - delay(2): Delayed 2 second(s)

2019-06-07 12:01:31 - [MESSAGE][PASSED] - Delayed 2 second(s)

2019-06-07 12:01:31 - [TEST_STEP][PASSED] - refresh(): Refresh successfully

2019-06-07 12:01:33 - [MESSAGE][PASSED] - Refresh successfully

2019-06-07 12:01:33 - [MESSAGE][PASSED] - Call Test Case 'Test Cases/OCS - DESKTOP/CALL- Age gate' successfully

2019-06-07 12:01:33 - [TEST_STEP][PASSED] - delay(2): Delayed 2 second(s)

2019-06-07 12:01:35 - [MESSAGE][PASSED] - Delayed 2 second(s)

2019-06-07 12:01:35 - [TEST_STEP][PASSED] - click(findTestObject("OCS-DESKTOP/Home - page/Screen readers link")): Object: 'Object Repository/OCS-DESKTOP/Home - page/Screen readers link' is clicked on

2019-06-07 12:01:36 - [MESSAGE][PASSED] - Object: 'Object Repository/OCS-DESKTOP/Home - page/Screen readers link' is clicked on

2019-06-07 12:01:36 - [TEST_STEP][PASSED] - flag = verifyTextPresent("Accessibility at the Ontario Cannabis Store (OCS)", false): Text 'Accessibility at the Ontario Cannabis Store (OCS)' is present on page 

2019-06-07 12:01:36 - [MESSAGE][PASSED] - Text 'Accessibility at the Ontario Cannabis Store (OCS)' is present on page 

2019-06-07 12:01:36 - [TEST_STEP][PASSED] - comment("flag =" + flag): flag =true

2019-06-07 12:01:36 - [MESSAGE][INFO] - flag =true

2019-06-07 12:01:36 - [TEST_STEP][PASSED] - if (flag == false): null

2019-06-07 12:01:36 - [TEST_STEP][PASSED] - else:  naviagtion is  on right page

2019-06-07 12:01:36 - [TEST_STEP][PASSED] - comment(" naviagtion is  on right page"):  naviagtion is  on right page

2019-06-07 12:01:36 - [MESSAGE][INFO] -  naviagtion is  on right page]]></system-out>
         <system-err><![CDATA[]]></system-err>
      </testcase>
      <testcase name="Test Cases/OCS - DESKTOP/OCS- HOME PAGE/Toggling language" classname="Test Cases/OCS - DESKTOP/OCS- HOME PAGE/Toggling language" status="PASSED">
         <system-out><![CDATA[2019-06-07 12:01:36 - [TEST_CASE][PASSED] - Test Cases/OCS - DESKTOP/OCS- HOME PAGE/Toggling language: Test Cases/OCS - DESKTOP/OCS- HOME PAGE/Toggling language

2019-06-07 12:01:36 - [TEST_STEP][PASSED] - callTestCase(findTestCase("OCS - DESKTOP/CALL- Age gate"), [:], STOP_ON_FAILURE): Call Test Case 'Test Cases/OCS - DESKTOP/CALL- Age gate' successfully

2019-06-07 12:01:37 - [TEST_CASE][PASSED] - Test Cases/OCS - DESKTOP/CALL- Age gate: Test Cases/OCS - DESKTOP/CALL- Age gate

2019-06-07 12:01:37 - [TEST_STEP][PASSED] - openBrowser(""): Browser is opened with url: ''

2019-06-07 12:01:37 - [MESSAGE][WARNING] - A browser is already opened. Closing browser and opening a new one

2019-06-07 12:01:37 - [MESSAGE][INFO] - Starting 'Firefox' driver

2019-06-07 12:01:39 - [MESSAGE][PASSED] - Browser is opened with url: ''

2019-06-07 12:01:39 - [TEST_STEP][PASSED] - navigateToUrl("https://ocs.ca/?fts=0&preview_theme_id=72920074060"): Navigate to 'https://ocs.ca/?fts=0&preview_theme_id=72920074060' successfully

2019-06-07 12:01:47 - [MESSAGE][PASSED] - Navigate to 'https://ocs.ca/?fts=0&preview_theme_id=72920074060' successfully

2019-06-07 12:01:47 - [TEST_STEP][PASSED] - maximizeWindow(): Current window maximized

2019-06-07 12:01:47 - [MESSAGE][PASSED] - Current window maximized

2019-06-07 12:01:47 - [TEST_STEP][PASSED] - delay(2): Delayed 2 second(s)

2019-06-07 12:01:49 - [MESSAGE][PASSED] - Delayed 2 second(s)

2019-06-07 12:01:49 - [TEST_STEP][PASSED] - executeJavaScript("var previewBar = document.getElementById("preview-bar-iframe"); previewBar.style.display = "none";", []): Execute JavaScript 'var previewBar = document.getElementById("preview-bar-iframe"); previewBar.style.display = "none";' successfully

2019-06-07 12:01:49 - [MESSAGE][PASSED] - Execute JavaScript 'var previewBar = document.getElementById("preview-bar-iframe"); previewBar.style.display = "none";' successfully

2019-06-07 12:01:49 - [TEST_STEP][PASSED] - selectOptionByValue(findTestObject("OCS-DESKTOP/Age gate and Mega menu/Date"), "12", true): All options with value '12' are selected in object 'Object Repository/OCS-DESKTOP/Age gate and Mega menu/Date'  using regular expression

2019-06-07 12:01:50 - [MESSAGE][PASSED] - All options with value '12' are selected in object 'Object Repository/OCS-DESKTOP/Age gate and Mega menu/Date'  using regular expression

2019-06-07 12:01:50 - [TEST_STEP][PASSED] - selectOptionByValue(findTestObject("OCS-DESKTOP/Age gate and Mega menu/month"), "6", true): All options with value '6' are selected in object 'Object Repository/OCS-DESKTOP/Age gate and Mega menu/month'  using regular expression

2019-06-07 12:01:51 - [MESSAGE][PASSED] - All options with value '6' are selected in object 'Object Repository/OCS-DESKTOP/Age gate and Mega menu/month'  using regular expression

2019-06-07 12:01:51 - [TEST_STEP][PASSED] - delay(2): Delayed 2 second(s)

2019-06-07 12:01:53 - [MESSAGE][PASSED] - Delayed 2 second(s)

2019-06-07 12:01:53 - [TEST_STEP][PASSED] - selectOptionByValue(findTestObject("OCS-DESKTOP/Age gate and Mega menu/Year Dropdown"), "1990", true): All options with value '1990' are selected in object 'Object Repository/OCS-DESKTOP/Age gate and Mega menu/Year Dropdown'  using regular expression

2019-06-07 12:01:54 - [MESSAGE][PASSED] - All options with value '1990' are selected in object 'Object Repository/OCS-DESKTOP/Age gate and Mega menu/Year Dropdown'  using regular expression

2019-06-07 12:01:54 - [TEST_STEP][PASSED] - click(findTestObject("OCS-DESKTOP/Age gate and Mega menu/button_Verify")): Object: 'Object Repository/OCS-DESKTOP/Age gate and Mega menu/button_Verify' is clicked on

2019-06-07 12:01:54 - [MESSAGE][PASSED] - Object: 'Object Repository/OCS-DESKTOP/Age gate and Mega menu/button_Verify' is clicked on

2019-06-07 12:01:54 - [TEST_STEP][PASSED] - click(findTestObject("OCS-DESKTOP/Age gate and Mega menu/Checkbox_CONFIRM AND ACKNOWLEDGE")): Object: 'Object Repository/OCS-DESKTOP/Age gate and Mega menu/Checkbox_CONFIRM AND ACKNOWLEDGE' is clicked on

2019-06-07 12:01:54 - [MESSAGE][PASSED] - Object: 'Object Repository/OCS-DESKTOP/Age gate and Mega menu/Checkbox_CONFIRM AND ACKNOWLEDGE' is clicked on

2019-06-07 12:01:54 - [TEST_STEP][PASSED] - click(findTestObject("OCS-DESKTOP/Age gate and Mega menu/button_CONFIRM")): Object: 'Object Repository/OCS-DESKTOP/Age gate and Mega menu/button_CONFIRM' is clicked on

2019-06-07 12:01:55 - [MESSAGE][PASSED] - Object: 'Object Repository/OCS-DESKTOP/Age gate and Mega menu/button_CONFIRM' is clicked on

2019-06-07 12:01:55 - [TEST_STEP][PASSED] - click(findTestObject("OCS-DESKTOP/Age gate and Mega menu/button_Start Browsing")): Object: 'Object Repository/OCS-DESKTOP/Age gate and Mega menu/button_Start Browsing' is clicked on

2019-06-07 12:01:55 - [MESSAGE][PASSED] - Object: 'Object Repository/OCS-DESKTOP/Age gate and Mega menu/button_Start Browsing' is clicked on

2019-06-07 12:01:55 - [TEST_STEP][PASSED] - delay(2): Delayed 2 second(s)

2019-06-07 12:01:57 - [MESSAGE][PASSED] - Delayed 2 second(s)

2019-06-07 12:01:57 - [TEST_STEP][PASSED] - refresh(): Refresh successfully

2019-06-07 12:02:01 - [MESSAGE][PASSED] - Refresh successfully

2019-06-07 12:02:01 - [MESSAGE][PASSED] - Call Test Case 'Test Cases/OCS - DESKTOP/CALL- Age gate' successfully

2019-06-07 12:02:01 - [TEST_STEP][PASSED] - delay(2): Delayed 2 second(s)

2019-06-07 12:02:03 - [MESSAGE][PASSED] - Delayed 2 second(s)

2019-06-07 12:02:03 - [TEST_STEP][PASSED] - click(findTestObject("OCS-DESKTOP/Cart flyout/English dropdown")): Object: 'Object Repository/OCS-DESKTOP/Cart flyout/English dropdown' is clicked on

2019-06-07 12:02:03 - [MESSAGE][PASSED] - Object: 'Object Repository/OCS-DESKTOP/Cart flyout/English dropdown' is clicked on

2019-06-07 12:02:03 - [TEST_STEP][PASSED] - delay(2): Delayed 2 second(s)

2019-06-07 12:02:05 - [MESSAGE][PASSED] - Delayed 2 second(s)

2019-06-07 12:02:05 - [TEST_STEP][PASSED] - executeJavaScript("var previewBar = document.getElementById("preview-bar-iframe"); previewBar.style.display = "none";", []): Execute JavaScript 'var previewBar = document.getElementById("preview-bar-iframe"); previewBar.style.display = "none";' successfully

2019-06-07 12:02:05 - [MESSAGE][PASSED] - Execute JavaScript 'var previewBar = document.getElementById("preview-bar-iframe"); previewBar.style.display = "none";' successfully

2019-06-07 12:02:05 - [TEST_STEP][PASSED] - click(findTestObject("OCS-DESKTOP/Cart flyout/Select French")): Object: 'Object Repository/OCS-DESKTOP/Cart flyout/Select French' is clicked on

2019-06-07 12:02:05 - [MESSAGE][PASSED] - Object: 'Object Repository/OCS-DESKTOP/Cart flyout/Select French' is clicked on

2019-06-07 12:02:05 - [TEST_STEP][PASSED] - delay(5): Delayed 5 second(s)

2019-06-07 12:02:10 - [MESSAGE][PASSED] - Delayed 5 second(s)

2019-06-07 12:02:10 - [TEST_STEP][PASSED] - a = getWindowTitle(): Current window's title is: 'Magasin de Cannabis de l'Ontario | Ontario Cannabis Store'

2019-06-07 12:02:10 - [MESSAGE][PASSED] - Current window's title is: 'Magasin de Cannabis de l'Ontario | Ontario Cannabis Store'

2019-06-07 12:02:10 - [TEST_STEP][PASSED] - comment("a = " + a): a = Magasin de Cannabis de l'Ontario | Ontario Cannabis Store

2019-06-07 12:02:10 - [MESSAGE][INFO] - a = Magasin de Cannabis de l'Ontario | Ontario Cannabis Store

2019-06-07 12:02:10 - [TEST_STEP][PASSED] - b = "Magasin de Cannabis de l'Ontario | Ontario Cannabis Store": null

2019-06-07 12:02:10 - [TEST_STEP][PASSED] - delay(2): Delayed 2 second(s)

2019-06-07 12:02:12 - [MESSAGE][PASSED] - Delayed 2 second(s)

2019-06-07 12:02:12 - [TEST_STEP][PASSED] - flag1 = verifyMatch(a, b, false): Actual text 'Magasin de Cannabis de l'Ontario | Ontario Cannabis Store' and expected text 'Magasin de Cannabis de l'Ontario | Ontario Cannabis Store' are matched 

2019-06-07 12:02:12 - [MESSAGE][PASSED] - Actual text 'Magasin de Cannabis de l'Ontario | Ontario Cannabis Store' and expected text 'Magasin de Cannabis de l'Ontario | Ontario Cannabis Store' are matched 

2019-06-07 12:02:12 - [TEST_STEP][PASSED] - comment("flag = " + flag1): flag = true

2019-06-07 12:02:12 - [MESSAGE][INFO] - flag = true

2019-06-07 12:02:12 - [TEST_STEP][PASSED] - if (flag1 == true): translated  to french

2019-06-07 12:02:12 - [TEST_STEP][PASSED] - comment("translated  to french"): translated  to french

2019-06-07 12:02:12 - [MESSAGE][INFO] - translated  to french

2019-06-07 12:02:12 - [TEST_STEP][PASSED] - delay(2): Delayed 2 second(s)

2019-06-07 12:02:14 - [MESSAGE][PASSED] - Delayed 2 second(s)

2019-06-07 12:02:14 - [TEST_STEP][PASSED] - click(findTestObject("OCS-DESKTOP/Cart flyout/French dropdown")): Object: 'Object Repository/OCS-DESKTOP/Cart flyout/French dropdown' is clicked on

2019-06-07 12:02:15 - [MESSAGE][PASSED] - Object: 'Object Repository/OCS-DESKTOP/Cart flyout/French dropdown' is clicked on

2019-06-07 12:02:15 - [TEST_STEP][PASSED] - delay(2): Delayed 2 second(s)

2019-06-07 12:02:17 - [MESSAGE][PASSED] - Delayed 2 second(s)

2019-06-07 12:02:17 - [TEST_STEP][PASSED] - click(findTestObject("OCS-DESKTOP/Cart flyout/Select English")): Object: 'Object Repository/OCS-DESKTOP/Cart flyout/Select English' is clicked on

2019-06-07 12:02:17 - [MESSAGE][PASSED] - Object: 'Object Repository/OCS-DESKTOP/Cart flyout/Select English' is clicked on

2019-06-07 12:02:17 - [TEST_STEP][PASSED] - delay(5): Delayed 5 second(s)

2019-06-07 12:02:22 - [MESSAGE][PASSED] - Delayed 5 second(s)

2019-06-07 12:02:22 - [TEST_STEP][PASSED] - c = getWindowTitle(): Current window's title is: 'Ontario Cannabis Store | Ontario Cannabis Store'

2019-06-07 12:02:22 - [MESSAGE][PASSED] - Current window's title is: 'Ontario Cannabis Store | Ontario Cannabis Store'

2019-06-07 12:02:22 - [TEST_STEP][PASSED] - comment("c =" + c): c =Ontario Cannabis Store | Ontario Cannabis Store

2019-06-07 12:02:22 - [MESSAGE][INFO] - c =Ontario Cannabis Store | Ontario Cannabis Store

2019-06-07 12:02:22 - [TEST_STEP][PASSED] - d = "Ontario Cannabis Store | Ontario Cannabis Store": null

2019-06-07 12:02:22 - [TEST_STEP][PASSED] - comment("d =" + d): d =Ontario Cannabis Store | Ontario Cannabis Store

2019-06-07 12:02:22 - [MESSAGE][INFO] - d =Ontario Cannabis Store | Ontario Cannabis Store

2019-06-07 12:02:22 - [TEST_STEP][PASSED] - flag = verifyMatch(c, d, false): Actual text 'Ontario Cannabis Store | Ontario Cannabis Store' and expected text 'Ontario Cannabis Store | Ontario Cannabis Store' are matched 

2019-06-07 12:02:22 - [MESSAGE][PASSED] - Actual text 'Ontario Cannabis Store | Ontario Cannabis Store' and expected text 'Ontario Cannabis Store | Ontario Cannabis Store' are matched 

2019-06-07 12:02:22 - [TEST_STEP][PASSED] - comment(" flag = " + flag):  flag = true

2019-06-07 12:02:22 - [MESSAGE][INFO] -  flag = true

2019-06-07 12:02:22 - [TEST_STEP][PASSED] - if (flag == true):  Language changing is successful

2019-06-07 12:02:22 - [TEST_STEP][PASSED] - comment(" Language changing is successful"):  Language changing is successful

2019-06-07 12:02:22 - [MESSAGE][INFO] -  Language changing is successful]]></system-out>
         <system-err><![CDATA[]]></system-err>
      </testcase>
      <testcase name="Test Cases/OCS - DESKTOP/OCS- HOME PAGE/why trust OCS" classname="Test Cases/OCS - DESKTOP/OCS- HOME PAGE/why trust OCS" status="PASSED">
         <system-out><![CDATA[2019-06-07 12:02:22 - [TEST_CASE][PASSED] - Test Cases/OCS - DESKTOP/OCS- HOME PAGE/why trust OCS: Test Cases/OCS - DESKTOP/OCS- HOME PAGE/why trust OCS

2019-06-07 12:02:22 - [TEST_STEP][PASSED] - callTestCase(findTestCase("OCS - DESKTOP/CALL- Age gate"), [:], STOP_ON_FAILURE): Call Test Case 'Test Cases/OCS - DESKTOP/CALL- Age gate' successfully

2019-06-07 12:02:22 - [TEST_CASE][PASSED] - Test Cases/OCS - DESKTOP/CALL- Age gate: Test Cases/OCS - DESKTOP/CALL- Age gate

2019-06-07 12:02:22 - [TEST_STEP][PASSED] - openBrowser(""): Browser is opened with url: ''

2019-06-07 12:02:22 - [MESSAGE][WARNING] - A browser is already opened. Closing browser and opening a new one

2019-06-07 12:02:23 - [MESSAGE][INFO] - Starting 'Firefox' driver

2019-06-07 12:02:25 - [MESSAGE][PASSED] - Browser is opened with url: ''

2019-06-07 12:02:25 - [TEST_STEP][PASSED] - navigateToUrl("https://ocs.ca/?fts=0&preview_theme_id=72920074060"): Navigate to 'https://ocs.ca/?fts=0&preview_theme_id=72920074060' successfully

2019-06-07 12:02:30 - [MESSAGE][PASSED] - Navigate to 'https://ocs.ca/?fts=0&preview_theme_id=72920074060' successfully

2019-06-07 12:02:30 - [TEST_STEP][PASSED] - maximizeWindow(): Current window maximized

2019-06-07 12:02:30 - [MESSAGE][PASSED] - Current window maximized

2019-06-07 12:02:30 - [TEST_STEP][PASSED] - delay(2): Delayed 2 second(s)

2019-06-07 12:02:32 - [MESSAGE][PASSED] - Delayed 2 second(s)

2019-06-07 12:02:32 - [TEST_STEP][PASSED] - executeJavaScript("var previewBar = document.getElementById("preview-bar-iframe"); previewBar.style.display = "none";", []): Execute JavaScript 'var previewBar = document.getElementById("preview-bar-iframe"); previewBar.style.display = "none";' successfully

2019-06-07 12:02:32 - [MESSAGE][PASSED] - Execute JavaScript 'var previewBar = document.getElementById("preview-bar-iframe"); previewBar.style.display = "none";' successfully

2019-06-07 12:02:32 - [TEST_STEP][PASSED] - selectOptionByValue(findTestObject("OCS-DESKTOP/Age gate and Mega menu/Date"), "12", true): All options with value '12' are selected in object 'Object Repository/OCS-DESKTOP/Age gate and Mega menu/Date'  using regular expression

2019-06-07 12:02:33 - [MESSAGE][PASSED] - All options with value '12' are selected in object 'Object Repository/OCS-DESKTOP/Age gate and Mega menu/Date'  using regular expression

2019-06-07 12:02:33 - [TEST_STEP][PASSED] - selectOptionByValue(findTestObject("OCS-DESKTOP/Age gate and Mega menu/month"), "6", true): All options with value '6' are selected in object 'Object Repository/OCS-DESKTOP/Age gate and Mega menu/month'  using regular expression

2019-06-07 12:02:33 - [MESSAGE][PASSED] - All options with value '6' are selected in object 'Object Repository/OCS-DESKTOP/Age gate and Mega menu/month'  using regular expression

2019-06-07 12:02:33 - [TEST_STEP][PASSED] - delay(2): Delayed 2 second(s)

2019-06-07 12:02:35 - [MESSAGE][PASSED] - Delayed 2 second(s)

2019-06-07 12:02:35 - [TEST_STEP][PASSED] - selectOptionByValue(findTestObject("OCS-DESKTOP/Age gate and Mega menu/Year Dropdown"), "1990", true): All options with value '1990' are selected in object 'Object Repository/OCS-DESKTOP/Age gate and Mega menu/Year Dropdown'  using regular expression

2019-06-07 12:02:37 - [MESSAGE][PASSED] - All options with value '1990' are selected in object 'Object Repository/OCS-DESKTOP/Age gate and Mega menu/Year Dropdown'  using regular expression

2019-06-07 12:02:37 - [TEST_STEP][PASSED] - click(findTestObject("OCS-DESKTOP/Age gate and Mega menu/button_Verify")): Object: 'Object Repository/OCS-DESKTOP/Age gate and Mega menu/button_Verify' is clicked on

2019-06-07 12:02:37 - [MESSAGE][PASSED] - Object: 'Object Repository/OCS-DESKTOP/Age gate and Mega menu/button_Verify' is clicked on

2019-06-07 12:02:37 - [TEST_STEP][PASSED] - click(findTestObject("OCS-DESKTOP/Age gate and Mega menu/Checkbox_CONFIRM AND ACKNOWLEDGE")): Object: 'Object Repository/OCS-DESKTOP/Age gate and Mega menu/Checkbox_CONFIRM AND ACKNOWLEDGE' is clicked on

2019-06-07 12:02:37 - [MESSAGE][PASSED] - Object: 'Object Repository/OCS-DESKTOP/Age gate and Mega menu/Checkbox_CONFIRM AND ACKNOWLEDGE' is clicked on

2019-06-07 12:02:37 - [TEST_STEP][PASSED] - click(findTestObject("OCS-DESKTOP/Age gate and Mega menu/button_CONFIRM")): Object: 'Object Repository/OCS-DESKTOP/Age gate and Mega menu/button_CONFIRM' is clicked on

2019-06-07 12:02:37 - [MESSAGE][PASSED] - Object: 'Object Repository/OCS-DESKTOP/Age gate and Mega menu/button_CONFIRM' is clicked on

2019-06-07 12:02:37 - [TEST_STEP][PASSED] - click(findTestObject("OCS-DESKTOP/Age gate and Mega menu/button_Start Browsing")): Object: 'Object Repository/OCS-DESKTOP/Age gate and Mega menu/button_Start Browsing' is clicked on

2019-06-07 12:02:38 - [MESSAGE][PASSED] - Object: 'Object Repository/OCS-DESKTOP/Age gate and Mega menu/button_Start Browsing' is clicked on

2019-06-07 12:02:38 - [TEST_STEP][PASSED] - delay(2): Delayed 2 second(s)

2019-06-07 12:02:40 - [MESSAGE][PASSED] - Delayed 2 second(s)

2019-06-07 12:02:40 - [TEST_STEP][PASSED] - refresh(): Refresh successfully

2019-06-07 12:02:43 - [MESSAGE][PASSED] - Refresh successfully

2019-06-07 12:02:43 - [MESSAGE][PASSED] - Call Test Case 'Test Cases/OCS - DESKTOP/CALL- Age gate' successfully

2019-06-07 12:02:43 - [TEST_STEP][PASSED] - delay(2): Delayed 2 second(s)

2019-06-07 12:02:45 - [MESSAGE][PASSED] - Delayed 2 second(s)

2019-06-07 12:02:45 - [TEST_STEP][PASSED] - executeJavaScript("var previewBar = document.getElementById("preview-bar-iframe"); previewBar.style.display = "none";", []): Execute JavaScript 'var previewBar = document.getElementById("preview-bar-iframe"); previewBar.style.display = "none";' successfully

2019-06-07 12:02:45 - [MESSAGE][PASSED] - Execute JavaScript 'var previewBar = document.getElementById("preview-bar-iframe"); previewBar.style.display = "none";' successfully

2019-06-07 12:02:45 - [TEST_STEP][PASSED] - delay(1, OPTIONAL): Delayed 1 second(s)

2019-06-07 12:02:46 - [MESSAGE][PASSED] - Delayed 1 second(s)

2019-06-07 12:02:46 - [TEST_STEP][PASSED] - click(findTestObject("OCS-DESKTOP/Home - page/Why trust OCS -img")): Object: 'Object Repository/OCS-DESKTOP/Home - page/Why trust OCS -img' is clicked on

2019-06-07 12:02:50 - [MESSAGE][PASSED] - Object: 'Object Repository/OCS-DESKTOP/Home - page/Why trust OCS -img' is clicked on]]></system-out>
         <system-err><![CDATA[]]></system-err>
      </testcase>
      <testcase name="Test Cases/OCS - DESKTOP/OCS- PRODUCT PAGE/Add to bag CTA" classname="Test Cases/OCS - DESKTOP/OCS- PRODUCT PAGE/Add to bag CTA" status="FAILED">
         <failure type="FAILED" message="Test Cases/OCS - DESKTOP/OCS- PRODUCT PAGE/Add to bag CTA FAILED.
Reason:
com.kms.katalon.core.exception.StepFailedException: Unable to click on object 'Object Repository/OCS-DESKTOP/Home - page/Cart icon -bag' (Root cause: org.openqa.selenium.ElementClickInterceptedException: Element &lt;div class=&quot;gram-widget__pricing&quot;> is not clickable at point (1245,44) because another element &lt;div class=&quot;cart__title&quot;> obscures it
Build info: version: '3.7.1', revision: '8a0099a', time: '2017-11-06T21:07:36.161Z'
System info: host: 'sumans-MacBook-Pro.local', ip: 'fe80:0:0:0:8ee:14b5:7377:44cf%en0', os.name: 'Mac OS X', os.arch: 'x86_64', os.version: '10.13.6', java.version: '1.8.0_181'
Driver info: com.kms.katalon.core.webui.driver.firefox.CGeckoDriver
Capabilities {acceptInsecureCerts: true, browserName: firefox, browserVersion: 67.0, javascriptEnabled: true, moz:accessibilityChecks: false, moz:buildID: 20190516215225, moz:geckodriverVersion: 0.23.0, moz:headless: false, moz:processID: 1995, moz:profile: /var/folders/1t/c55l8xzs6gq..., moz:shutdownTimeout: 60000, moz:useNonSpecCompliantPointerOrigin: false, moz:webdriverClick: true, pageLoadStrategy: normal, platform: MAC, platformName: MAC, platformVersion: 17.7.0, proxy: Proxy(direct), rotatable: false, setWindowRect: true, strictFileInteractability: false, timeouts: {implicit: 0, pageLoad: 300000, script: 30000}, unhandledPromptBehavior: dismiss and notify}
Session ID: 1c65bccf-56f5-b540-a9ad-199e707a3c0b)
	at com.kms.katalon.core.keyword.internal.KeywordMain.stepFailed(KeywordMain.groovy:36)
	at com.kms.katalon.core.webui.keyword.internal.WebUIKeywordMain.stepFailed(WebUIKeywordMain.groovy:65)
	at com.kms.katalon.core.webui.keyword.internal.WebUIKeywordMain.runKeyword(WebUIKeywordMain.groovy:27)
	at com.kms.katalon.core.webui.keyword.builtin.ClickKeyword.click(ClickKeyword.groovy:86)
	at com.kms.katalon.core.webui.keyword.builtin.ClickKeyword.execute(ClickKeyword.groovy:67)
	at com.kms.katalon.core.keyword.internal.KeywordExecutor.executeKeywordForPlatform(KeywordExecutor.groovy:53)
	at com.kms.katalon.core.webui.keyword.WebUiBuiltInKeywords.click(WebUiBuiltInKeywords.groovy:616)
	at com.kms.katalon.core.webui.keyword.WebUiBuiltInKeywords$click$4.call(Unknown Source)
	at Add to bag CTA.run(Add to bag CTA:32)
	at com.kms.katalon.core.main.ScriptEngine.run(ScriptEngine.java:194)
	at com.kms.katalon.core.main.ScriptEngine.runScriptAsRawText(ScriptEngine.java:119)
	at com.kms.katalon.core.main.TestCaseExecutor.runScript(TestCaseExecutor.java:328)
	at com.kms.katalon.core.main.TestCaseExecutor.doExecute(TestCaseExecutor.java:319)
	at com.kms.katalon.core.main.TestCaseExecutor.processExecutionPhase(TestCaseExecutor.java:298)
	at com.kms.katalon.core.main.TestCaseExecutor.accessMainPhase(TestCaseExecutor.java:290)
	at com.kms.katalon.core.main.TestCaseExecutor.execute(TestCaseExecutor.java:224)
	at com.kms.katalon.core.main.TestSuiteExecutor.accessTestCaseMainPhase(TestSuiteExecutor.java:129)
	at com.kms.katalon.core.main.TestSuiteExecutor.accessTestSuiteMainPhase(TestSuiteExecutor.java:112)
	at com.kms.katalon.core.main.TestSuiteExecutor.execute(TestSuiteExecutor.java:81)
	at com.kms.katalon.core.main.TestCaseMain.startTestSuite(TestCaseMain.java:149)
	at com.kms.katalon.core.main.TestCaseMain$startTestSuite$0.call(Unknown Source)
	at TempTestSuite1559921811030.run(TempTestSuite1559921811030.groovy:36)
"/>
         <system-out><![CDATA[2019-06-07 12:02:50 - [TEST_CASE][FAILED] - Test Cases/OCS - DESKTOP/OCS- PRODUCT PAGE/Add to bag CTA: Test Cases/OCS - DESKTOP/OCS- PRODUCT PAGE/Add to bag CTA FAILED.
Reason:
com.kms.katalon.core.exception.StepFailedException: Unable to click on object 'Object Repository/OCS-DESKTOP/Home - page/Cart icon -bag' (Root cause: org.openqa.selenium.ElementClickInterceptedException: Element <div class="gram-widget__pricing"> is not clickable at point (1245,44) because another element <div class="cart__title"> obscures it
Build info: version: '3.7.1', revision: '8a0099a', time: '2017-11-06T21:07:36.161Z'
System info: host: 'sumans-MacBook-Pro.local', ip: 'fe80:0:0:0:8ee:14b5:7377:44cf%en0', os.name: 'Mac OS X', os.arch: 'x86_64', os.version: '10.13.6', java.version: '1.8.0_181'
Driver info: com.kms.katalon.core.webui.driver.firefox.CGeckoDriver
Capabilities {acceptInsecureCerts: true, browserName: firefox, browserVersion: 67.0, javascriptEnabled: true, moz:accessibilityChecks: false, moz:buildID: 20190516215225, moz:geckodriverVersion: 0.23.0, moz:headless: false, moz:processID: 1995, moz:profile: /var/folders/1t/c55l8xzs6gq..., moz:shutdownTimeout: 60000, moz:useNonSpecCompliantPointerOrigin: false, moz:webdriverClick: true, pageLoadStrategy: normal, platform: MAC, platformName: MAC, platformVersion: 17.7.0, proxy: Proxy(direct), rotatable: false, setWindowRect: true, strictFileInteractability: false, timeouts: {implicit: 0, pageLoad: 300000, script: 30000}, unhandledPromptBehavior: dismiss and notify}
Session ID: 1c65bccf-56f5-b540-a9ad-199e707a3c0b)
	at com.kms.katalon.core.keyword.internal.KeywordMain.stepFailed(KeywordMain.groovy:36)
	at com.kms.katalon.core.webui.keyword.internal.WebUIKeywordMain.stepFailed(WebUIKeywordMain.groovy:65)
	at com.kms.katalon.core.webui.keyword.internal.WebUIKeywordMain.runKeyword(WebUIKeywordMain.groovy:27)
	at com.kms.katalon.core.webui.keyword.builtin.ClickKeyword.click(ClickKeyword.groovy:86)
	at com.kms.katalon.core.webui.keyword.builtin.ClickKeyword.execute(ClickKeyword.groovy:67)
	at com.kms.katalon.core.keyword.internal.KeywordExecutor.executeKeywordForPlatform(KeywordExecutor.groovy:53)
	at com.kms.katalon.core.webui.keyword.WebUiBuiltInKeywords.click(WebUiBuiltInKeywords.groovy:616)
	at com.kms.katalon.core.webui.keyword.WebUiBuiltInKeywords$click$4.call(Unknown Source)
	at Add to bag CTA.run(Add to bag CTA:32)
	at com.kms.katalon.core.main.ScriptEngine.run(ScriptEngine.java:194)
	at com.kms.katalon.core.main.ScriptEngine.runScriptAsRawText(ScriptEngine.java:119)
	at com.kms.katalon.core.main.TestCaseExecutor.runScript(TestCaseExecutor.java:328)
	at com.kms.katalon.core.main.TestCaseExecutor.doExecute(TestCaseExecutor.java:319)
	at com.kms.katalon.core.main.TestCaseExecutor.processExecutionPhase(TestCaseExecutor.java:298)
	at com.kms.katalon.core.main.TestCaseExecutor.accessMainPhase(TestCaseExecutor.java:290)
	at com.kms.katalon.core.main.TestCaseExecutor.execute(TestCaseExecutor.java:224)
	at com.kms.katalon.core.main.TestSuiteExecutor.accessTestCaseMainPhase(TestSuiteExecutor.java:129)
	at com.kms.katalon.core.main.TestSuiteExecutor.accessTestSuiteMainPhase(TestSuiteExecutor.java:112)
	at com.kms.katalon.core.main.TestSuiteExecutor.execute(TestSuiteExecutor.java:81)
	at com.kms.katalon.core.main.TestCaseMain.startTestSuite(TestCaseMain.java:149)
	at com.kms.katalon.core.main.TestCaseMain$startTestSuite$0.call(Unknown Source)
	at TempTestSuite1559921811030.run(TempTestSuite1559921811030.groovy:36)


2019-06-07 12:02:50 - [TEST_STEP][PASSED] - callTestCase(findTestCase("OCS - DESKTOP/CALL - PDP"), [:], STOP_ON_FAILURE): Call Test Case 'Test Cases/OCS - DESKTOP/CALL - PDP' successfully

2019-06-07 12:02:51 - [TEST_CASE][PASSED] - Test Cases/OCS - DESKTOP/CALL - PDP: Test Cases/OCS - DESKTOP/CALL - PDP

2019-06-07 12:02:51 - [TEST_STEP][PASSED] - openBrowser(""): Browser is opened with url: ''

2019-06-07 12:02:51 - [MESSAGE][WARNING] - A browser is already opened. Closing browser and opening a new one

2019-06-07 12:02:51 - [MESSAGE][INFO] - Starting 'Firefox' driver

2019-06-07 12:02:53 - [MESSAGE][PASSED] - Browser is opened with url: ''

2019-06-07 12:02:53 - [TEST_STEP][PASSED] - navigateToUrl("https://ocs.ca/?fts=0&preview_theme_id=72920074060"): Navigate to 'https://ocs.ca/?fts=0&preview_theme_id=72920074060' successfully

2019-06-07 12:03:00 - [MESSAGE][PASSED] - Navigate to 'https://ocs.ca/?fts=0&preview_theme_id=72920074060' successfully

2019-06-07 12:03:00 - [TEST_STEP][PASSED] - maximizeWindow(): Current window maximized

2019-06-07 12:03:01 - [MESSAGE][PASSED] - Current window maximized

2019-06-07 12:03:01 - [TEST_STEP][PASSED] - executeJavaScript("var previewBar = document.getElementById("preview-bar-iframe"); previewBar.style.display = "none";", []): Execute JavaScript 'var previewBar = document.getElementById("preview-bar-iframe"); previewBar.style.display = "none";' successfully

2019-06-07 12:03:01 - [MESSAGE][PASSED] - Execute JavaScript 'var previewBar = document.getElementById("preview-bar-iframe"); previewBar.style.display = "none";' successfully

2019-06-07 12:03:01 - [TEST_STEP][PASSED] - delay(4): Delayed 4 second(s)

2019-06-07 12:03:05 - [MESSAGE][PASSED] - Delayed 4 second(s)

2019-06-07 12:03:05 - [TEST_STEP][PASSED] - selectOptionByValue(findTestObject("OCS-DESKTOP/Age gate and Mega menu/Date"), "12", true): All options with value '12' are selected in object 'Object Repository/OCS-DESKTOP/Age gate and Mega menu/Date'  using regular expression

2019-06-07 12:03:05 - [MESSAGE][PASSED] - All options with value '12' are selected in object 'Object Repository/OCS-DESKTOP/Age gate and Mega menu/Date'  using regular expression

2019-06-07 12:03:05 - [TEST_STEP][PASSED] - selectOptionByValue(findTestObject("OCS-DESKTOP/Age gate and Mega menu/month"), "6", true): All options with value '6' are selected in object 'Object Repository/OCS-DESKTOP/Age gate and Mega menu/month'  using regular expression

2019-06-07 12:03:06 - [MESSAGE][PASSED] - All options with value '6' are selected in object 'Object Repository/OCS-DESKTOP/Age gate and Mega menu/month'  using regular expression

2019-06-07 12:03:06 - [TEST_STEP][PASSED] - delay(2): Delayed 2 second(s)

2019-06-07 12:03:08 - [MESSAGE][PASSED] - Delayed 2 second(s)

2019-06-07 12:03:08 - [TEST_STEP][PASSED] - selectOptionByValue(findTestObject("OCS-DESKTOP/Age gate and Mega menu/Year Dropdown"), "1990", true): All options with value '1990' are selected in object 'Object Repository/OCS-DESKTOP/Age gate and Mega menu/Year Dropdown'  using regular expression

2019-06-07 12:03:09 - [MESSAGE][PASSED] - All options with value '1990' are selected in object 'Object Repository/OCS-DESKTOP/Age gate and Mega menu/Year Dropdown'  using regular expression

2019-06-07 12:03:09 - [TEST_STEP][PASSED] - click(findTestObject("OCS-DESKTOP/Age gate and Mega menu/button_Verify")): Object: 'Object Repository/OCS-DESKTOP/Age gate and Mega menu/button_Verify' is clicked on

2019-06-07 12:03:09 - [MESSAGE][PASSED] - Object: 'Object Repository/OCS-DESKTOP/Age gate and Mega menu/button_Verify' is clicked on

2019-06-07 12:03:09 - [TEST_STEP][PASSED] - click(findTestObject("OCS-DESKTOP/Age gate and Mega menu/Checkbox_CONFIRM AND ACKNOWLEDGE")): Object: 'Object Repository/OCS-DESKTOP/Age gate and Mega menu/Checkbox_CONFIRM AND ACKNOWLEDGE' is clicked on

2019-06-07 12:03:10 - [MESSAGE][PASSED] - Object: 'Object Repository/OCS-DESKTOP/Age gate and Mega menu/Checkbox_CONFIRM AND ACKNOWLEDGE' is clicked on

2019-06-07 12:03:10 - [TEST_STEP][PASSED] - click(findTestObject("OCS-DESKTOP/Age gate and Mega menu/button_CONFIRM")): Object: 'Object Repository/OCS-DESKTOP/Age gate and Mega menu/button_CONFIRM' is clicked on

2019-06-07 12:03:10 - [MESSAGE][PASSED] - Object: 'Object Repository/OCS-DESKTOP/Age gate and Mega menu/button_CONFIRM' is clicked on

2019-06-07 12:03:10 - [TEST_STEP][PASSED] - click(findTestObject("OCS-DESKTOP/Age gate and Mega menu/button_Start Browsing")): Object: 'Object Repository/OCS-DESKTOP/Age gate and Mega menu/button_Start Browsing' is clicked on

2019-06-07 12:03:10 - [MESSAGE][PASSED] - Object: 'Object Repository/OCS-DESKTOP/Age gate and Mega menu/button_Start Browsing' is clicked on

2019-06-07 12:03:10 - [TEST_STEP][PASSED] - refresh(): Refresh successfully

2019-06-07 12:03:14 - [MESSAGE][PASSED] - Refresh successfully

2019-06-07 12:03:14 - [TEST_STEP][PASSED] - delay(2): Delayed 2 second(s)

2019-06-07 12:03:16 - [MESSAGE][PASSED] - Delayed 2 second(s)

2019-06-07 12:03:16 - [TEST_STEP][PASSED] - mouseOver(findTestObject("OCS-DESKTOP/Age gate and Mega menu/Header/CANNABIS menu - English")): Object: 'Object Repository/OCS-DESKTOP/Age gate and Mega menu/Header/CANNABIS menu - English' is hovered

2019-06-07 12:03:16 - [MESSAGE][PASSED] - Object: 'Object Repository/OCS-DESKTOP/Age gate and Mega menu/Header/CANNABIS menu - English' is hovered

2019-06-07 12:03:16 - [TEST_STEP][PASSED] - delay(2): Delayed 2 second(s)

2019-06-07 12:03:18 - [MESSAGE][PASSED] - Delayed 2 second(s)

2019-06-07 12:03:18 - [TEST_STEP][PASSED] - click(findTestObject("OCS-DESKTOP/Age gate and Mega menu/Indica Dominant_Menu item")): Object: 'Object Repository/OCS-DESKTOP/Age gate and Mega menu/Indica Dominant_Menu item' is clicked on

2019-06-07 12:03:21 - [MESSAGE][PASSED] - Object: 'Object Repository/OCS-DESKTOP/Age gate and Mega menu/Indica Dominant_Menu item' is clicked on

2019-06-07 12:03:21 - [TEST_STEP][PASSED] - delay(2): Delayed 2 second(s)

2019-06-07 12:03:23 - [MESSAGE][PASSED] - Delayed 2 second(s)

2019-06-07 12:03:23 - [TEST_STEP][PASSED] - scrollToElement(findTestObject("OCS-DESKTOP/Collection page/Product image - 1st one"), 0): Scroll to object 'Object Repository/OCS-DESKTOP/Collection page/Product image - 1st one' successfully

2019-06-07 12:03:23 - [MESSAGE][WARNING] - Timeout '0' is invalid. Using default page load timeout: '30'

2019-06-07 12:03:23 - [MESSAGE][PASSED] - Scroll to object 'Object Repository/OCS-DESKTOP/Collection page/Product image - 1st one' successfully

2019-06-07 12:03:23 - [TEST_STEP][PASSED] - delay(2): Delayed 2 second(s)

2019-06-07 12:03:25 - [MESSAGE][PASSED] - Delayed 2 second(s)

2019-06-07 12:03:25 - [TEST_STEP][PASSED] - click(findTestObject("OCS-DESKTOP/Collection page/Product image - 1st one")): Object: 'Object Repository/OCS-DESKTOP/Collection page/Product image - 1st one' is clicked on

2019-06-07 12:03:27 - [MESSAGE][PASSED] - Object: 'Object Repository/OCS-DESKTOP/Collection page/Product image - 1st one' is clicked on

2019-06-07 12:03:27 - [TEST_STEP][PASSED] - executeJavaScript("var previewBar = document.getElementById("preview-bar-iframe"); previewBar.style.display = "none";", []): Execute JavaScript 'var previewBar = document.getElementById("preview-bar-iframe"); previewBar.style.display = "none";' successfully

2019-06-07 12:03:27 - [MESSAGE][PASSED] - Execute JavaScript 'var previewBar = document.getElementById("preview-bar-iframe"); previewBar.style.display = "none";' successfully

2019-06-07 12:03:27 - [TEST_STEP][PASSED] - delay(2): Delayed 2 second(s)

2019-06-07 12:03:29 - [MESSAGE][PASSED] - Delayed 2 second(s)

2019-06-07 12:03:29 - [MESSAGE][PASSED] - Call Test Case 'Test Cases/OCS - DESKTOP/CALL - PDP' successfully

2019-06-07 12:03:29 - [TEST_STEP][NOT_RUN] - scrollToElement(findTestObject("OCS-DESKTOP/Product page/Product image"), 1): NOT_RUN: scrollToElement(findTestObject("OCS-DESKTOP/Product page/Product image"), 1)

2019-06-07 12:03:29 - [MESSAGE][NOT_RUN] - NOT_RUN: scrollToElement(findTestObject("OCS-DESKTOP/Product page/Product image"), 1)

2019-06-07 12:03:29 - [TEST_STEP][PASSED] - delay(2): Delayed 2 second(s)

2019-06-07 12:03:31 - [MESSAGE][PASSED] - Delayed 2 second(s)

2019-06-07 12:03:31 - [TEST_STEP][PASSED] - click(findTestObject("OCS-DESKTOP/Product page/Swatch_1g")): Object: 'Object Repository/OCS-DESKTOP/Product page/Swatch_1g' is clicked on

2019-06-07 12:03:31 - [MESSAGE][PASSED] - Object: 'Object Repository/OCS-DESKTOP/Product page/Swatch_1g' is clicked on

2019-06-07 12:03:31 - [TEST_STEP][PASSED] - scrollToElement(findTestObject("OCS-DESKTOP/Product page/Swatch_3.5g"), 1): Scroll to object 'Object Repository/OCS-DESKTOP/Product page/Swatch_3.5g' successfully

2019-06-07 12:03:31 - [MESSAGE][PASSED] - Scroll to object 'Object Repository/OCS-DESKTOP/Product page/Swatch_3.5g' successfully

2019-06-07 12:03:31 - [TEST_STEP][PASSED] - delay(2): Delayed 2 second(s)

2019-06-07 12:03:33 - [MESSAGE][PASSED] - Delayed 2 second(s)

2019-06-07 12:03:33 - [TEST_STEP][PASSED] - click(findTestObject("OCS-DESKTOP/Product page/Add to Bag-button")): Object: 'Object Repository/OCS-DESKTOP/Product page/Add to Bag-button' is clicked on

2019-06-07 12:03:33 - [MESSAGE][PASSED] - Object: 'Object Repository/OCS-DESKTOP/Product page/Add to Bag-button' is clicked on

2019-06-07 12:03:33 - [TEST_STEP][PASSED] - delay(1): Delayed 1 second(s)

2019-06-07 12:03:34 - [MESSAGE][PASSED] - Delayed 1 second(s)

2019-06-07 12:03:34 - [TEST_STEP][FAILED] - click(findTestObject("OCS-DESKTOP/Home - page/Cart icon -bag")): click(findTestObject("OCS-DESKTOP/Home - page/Cart icon -bag")) FAILED.
Reason:
com.kms.katalon.core.exception.StepFailedException: Unable to click on object 'Object Repository/OCS-DESKTOP/Home - page/Cart icon -bag' (Root cause: org.openqa.selenium.ElementClickInterceptedException: Element <div class="gram-widget__pricing"> is not clickable at point (1245,44) because another element <div class="cart__title"> obscures it
Build info: version: '3.7.1', revision: '8a0099a', time: '2017-11-06T21:07:36.161Z'
System info: host: 'sumans-MacBook-Pro.local', ip: 'fe80:0:0:0:8ee:14b5:7377:44cf%en0', os.name: 'Mac OS X', os.arch: 'x86_64', os.version: '10.13.6', java.version: '1.8.0_181'
Driver info: com.kms.katalon.core.webui.driver.firefox.CGeckoDriver
Capabilities {acceptInsecureCerts: true, browserName: firefox, browserVersion: 67.0, javascriptEnabled: true, moz:accessibilityChecks: false, moz:buildID: 20190516215225, moz:geckodriverVersion: 0.23.0, moz:headless: false, moz:processID: 1995, moz:profile: /var/folders/1t/c55l8xzs6gq..., moz:shutdownTimeout: 60000, moz:useNonSpecCompliantPointerOrigin: false, moz:webdriverClick: true, pageLoadStrategy: normal, platform: MAC, platformName: MAC, platformVersion: 17.7.0, proxy: Proxy(direct), rotatable: false, setWindowRect: true, strictFileInteractability: false, timeouts: {implicit: 0, pageLoad: 300000, script: 30000}, unhandledPromptBehavior: dismiss and notify}
Session ID: 1c65bccf-56f5-b540-a9ad-199e707a3c0b)
	at com.kms.katalon.core.keyword.internal.KeywordMain.stepFailed(KeywordMain.groovy:36)
	at com.kms.katalon.core.webui.keyword.internal.WebUIKeywordMain.stepFailed(WebUIKeywordMain.groovy:65)
	at com.kms.katalon.core.webui.keyword.internal.WebUIKeywordMain.runKeyword(WebUIKeywordMain.groovy:27)
	at com.kms.katalon.core.webui.keyword.builtin.ClickKeyword.click(ClickKeyword.groovy:86)
	at com.kms.katalon.core.webui.keyword.builtin.ClickKeyword.execute(ClickKeyword.groovy:67)
	at com.kms.katalon.core.keyword.internal.KeywordExecutor.executeKeywordForPlatform(KeywordExecutor.groovy:53)
	at com.kms.katalon.core.webui.keyword.WebUiBuiltInKeywords.click(WebUiBuiltInKeywords.groovy:616)
	at com.kms.katalon.core.webui.keyword.WebUiBuiltInKeywords$click$4.call(Unknown Source)
	at Add to bag CTA.run(Add to bag CTA:32)
	at com.kms.katalon.core.main.ScriptEngine.run(ScriptEngine.java:194)
	at com.kms.katalon.core.main.ScriptEngine.runScriptAsRawText(ScriptEngine.java:119)
	at com.kms.katalon.core.main.TestCaseExecutor.runScript(TestCaseExecutor.java:328)
	at com.kms.katalon.core.main.TestCaseExecutor.doExecute(TestCaseExecutor.java:319)
	at com.kms.katalon.core.main.TestCaseExecutor.processExecutionPhase(TestCaseExecutor.java:298)
	at com.kms.katalon.core.main.TestCaseExecutor.accessMainPhase(TestCaseExecutor.java:290)
	at com.kms.katalon.core.main.TestCaseExecutor.execute(TestCaseExecutor.java:224)
	at com.kms.katalon.core.main.TestSuiteExecutor.accessTestCaseMainPhase(TestSuiteExecutor.java:129)
	at com.kms.katalon.core.main.TestSuiteExecutor.accessTestSuiteMainPhase(TestSuiteExecutor.java:112)
	at com.kms.katalon.core.main.TestSuiteExecutor.execute(TestSuiteExecutor.java:81)
	at com.kms.katalon.core.main.TestCaseMain.startTestSuite(TestCaseMain.java:149)
	at com.kms.katalon.core.main.TestCaseMain$startTestSuite$0.call(Unknown Source)
	at TempTestSuite1559921811030.run(TempTestSuite1559921811030.groovy:36)


2019-06-07 12:03:35 - [MESSAGE][FAILED] - Unable to click on object 'Object Repository/OCS-DESKTOP/Home - page/Cart icon -bag' (Root cause: org.openqa.selenium.ElementClickInterceptedException: Element <div class="gram-widget__pricing"> is not clickable at point (1245,44) because another element <div class="cart__title"> obscures it
Build info: version: '3.7.1', revision: '8a0099a', time: '2017-11-06T21:07:36.161Z'
System info: host: 'sumans-MacBook-Pro.local', ip: 'fe80:0:0:0:8ee:14b5:7377:44cf%en0', os.name: 'Mac OS X', os.arch: 'x86_64', os.version: '10.13.6', java.version: '1.8.0_181'
Driver info: com.kms.katalon.core.webui.driver.firefox.CGeckoDriver
Capabilities {acceptInsecureCerts: true, browserName: firefox, browserVersion: 67.0, javascriptEnabled: true, moz:accessibilityChecks: false, moz:buildID: 20190516215225, moz:geckodriverVersion: 0.23.0, moz:headless: false, moz:processID: 1995, moz:profile: /var/folders/1t/c55l8xzs6gq..., moz:shutdownTimeout: 60000, moz:useNonSpecCompliantPointerOrigin: false, moz:webdriverClick: true, pageLoadStrategy: normal, platform: MAC, platformName: MAC, platformVersion: 17.7.0, proxy: Proxy(direct), rotatable: false, setWindowRect: true, strictFileInteractability: false, timeouts: {implicit: 0, pageLoad: 300000, script: 30000}, unhandledPromptBehavior: dismiss and notify}
Session ID: 1c65bccf-56f5-b540-a9ad-199e707a3c0b)
[[ATTACHMENT|/Users/sumankompelly/Relative xpath-Desktop/Reports/OCS- 1.9.2.1/20190607_113651/1559923414994.png]]

2019-06-07 12:03:35 - [MESSAGE][FAILED] - click(findTestObject("OCS-DESKTOP/Home - page/Cart icon -bag")) FAILED.
Reason:
com.kms.katalon.core.exception.StepFailedException: Unable to click on object 'Object Repository/OCS-DESKTOP/Home - page/Cart icon -bag' (Root cause: org.openqa.selenium.ElementClickInterceptedException: Element <div class="gram-widget__pricing"> is not clickable at point (1245,44) because another element <div class="cart__title"> obscures it
Build info: version: '3.7.1', revision: '8a0099a', time: '2017-11-06T21:07:36.161Z'
System info: host: 'sumans-MacBook-Pro.local', ip: 'fe80:0:0:0:8ee:14b5:7377:44cf%en0', os.name: 'Mac OS X', os.arch: 'x86_64', os.version: '10.13.6', java.version: '1.8.0_181'
Driver info: com.kms.katalon.core.webui.driver.firefox.CGeckoDriver
Capabilities {acceptInsecureCerts: true, browserName: firefox, browserVersion: 67.0, javascriptEnabled: true, moz:accessibilityChecks: false, moz:buildID: 20190516215225, moz:geckodriverVersion: 0.23.0, moz:headless: false, moz:processID: 1995, moz:profile: /var/folders/1t/c55l8xzs6gq..., moz:shutdownTimeout: 60000, moz:useNonSpecCompliantPointerOrigin: false, moz:webdriverClick: true, pageLoadStrategy: normal, platform: MAC, platformName: MAC, platformVersion: 17.7.0, proxy: Proxy(direct), rotatable: false, setWindowRect: true, strictFileInteractability: false, timeouts: {implicit: 0, pageLoad: 300000, script: 30000}, unhandledPromptBehavior: dismiss and notify}
Session ID: 1c65bccf-56f5-b540-a9ad-199e707a3c0b)
	at com.kms.katalon.core.keyword.internal.KeywordMain.stepFailed(KeywordMain.groovy:36)
	at com.kms.katalon.core.webui.keyword.internal.WebUIKeywordMain.stepFailed(WebUIKeywordMain.groovy:65)
	at com.kms.katalon.core.webui.keyword.internal.WebUIKeywordMain.runKeyword(WebUIKeywordMain.groovy:27)
	at com.kms.katalon.core.webui.keyword.builtin.ClickKeyword.click(ClickKeyword.groovy:86)
	at com.kms.katalon.core.webui.keyword.builtin.ClickKeyword.execute(ClickKeyword.groovy:67)
	at com.kms.katalon.core.keyword.internal.KeywordExecutor.executeKeywordForPlatform(KeywordExecutor.groovy:53)
	at com.kms.katalon.core.webui.keyword.WebUiBuiltInKeywords.click(WebUiBuiltInKeywords.groovy:616)
	at com.kms.katalon.core.webui.keyword.WebUiBuiltInKeywords$click$4.call(Unknown Source)
	at Add to bag CTA.run(Add to bag CTA:32)
	at com.kms.katalon.core.main.ScriptEngine.run(ScriptEngine.java:194)
	at com.kms.katalon.core.main.ScriptEngine.runScriptAsRawText(ScriptEngine.java:119)
	at com.kms.katalon.core.main.TestCaseExecutor.runScript(TestCaseExecutor.java:328)
	at com.kms.katalon.core.main.TestCaseExecutor.doExecute(TestCaseExecutor.java:319)
	at com.kms.katalon.core.main.TestCaseExecutor.processExecutionPhase(TestCaseExecutor.java:298)
	at com.kms.katalon.core.main.TestCaseExecutor.accessMainPhase(TestCaseExecutor.java:290)
	at com.kms.katalon.core.main.TestCaseExecutor.execute(TestCaseExecutor.java:224)
	at com.kms.katalon.core.main.TestSuiteExecutor.accessTestCaseMainPhase(TestSuiteExecutor.java:129)
	at com.kms.katalon.core.main.TestSuiteExecutor.accessTestSuiteMainPhase(TestSuiteExecutor.java:112)
	at com.kms.katalon.core.main.TestSuiteExecutor.execute(TestSuiteExecutor.java:81)
	at com.kms.katalon.core.main.TestCaseMain.startTestSuite(TestCaseMain.java:149)
	at com.kms.katalon.core.main.TestCaseMain$startTestSuite$0.call(Unknown Source)
	at TempTestSuite1559921811030.run(TempTestSuite1559921811030.groovy:36)]]></system-out>
         <system-err><![CDATA[2019-06-07 12:02:50 - [TEST_CASE][FAILED] - Test Cases/OCS - DESKTOP/OCS- PRODUCT PAGE/Add to bag CTA: Test Cases/OCS - DESKTOP/OCS- PRODUCT PAGE/Add to bag CTA FAILED.
Reason:
com.kms.katalon.core.exception.StepFailedException: Unable to click on object 'Object Repository/OCS-DESKTOP/Home - page/Cart icon -bag' (Root cause: org.openqa.selenium.ElementClickInterceptedException: Element <div class="gram-widget__pricing"> is not clickable at point (1245,44) because another element <div class="cart__title"> obscures it
Build info: version: '3.7.1', revision: '8a0099a', time: '2017-11-06T21:07:36.161Z'
System info: host: 'sumans-MacBook-Pro.local', ip: 'fe80:0:0:0:8ee:14b5:7377:44cf%en0', os.name: 'Mac OS X', os.arch: 'x86_64', os.version: '10.13.6', java.version: '1.8.0_181'
Driver info: com.kms.katalon.core.webui.driver.firefox.CGeckoDriver
Capabilities {acceptInsecureCerts: true, browserName: firefox, browserVersion: 67.0, javascriptEnabled: true, moz:accessibilityChecks: false, moz:buildID: 20190516215225, moz:geckodriverVersion: 0.23.0, moz:headless: false, moz:processID: 1995, moz:profile: /var/folders/1t/c55l8xzs6gq..., moz:shutdownTimeout: 60000, moz:useNonSpecCompliantPointerOrigin: false, moz:webdriverClick: true, pageLoadStrategy: normal, platform: MAC, platformName: MAC, platformVersion: 17.7.0, proxy: Proxy(direct), rotatable: false, setWindowRect: true, strictFileInteractability: false, timeouts: {implicit: 0, pageLoad: 300000, script: 30000}, unhandledPromptBehavior: dismiss and notify}
Session ID: 1c65bccf-56f5-b540-a9ad-199e707a3c0b)
	at com.kms.katalon.core.keyword.internal.KeywordMain.stepFailed(KeywordMain.groovy:36)
	at com.kms.katalon.core.webui.keyword.internal.WebUIKeywordMain.stepFailed(WebUIKeywordMain.groovy:65)
	at com.kms.katalon.core.webui.keyword.internal.WebUIKeywordMain.runKeyword(WebUIKeywordMain.groovy:27)
	at com.kms.katalon.core.webui.keyword.builtin.ClickKeyword.click(ClickKeyword.groovy:86)
	at com.kms.katalon.core.webui.keyword.builtin.ClickKeyword.execute(ClickKeyword.groovy:67)
	at com.kms.katalon.core.keyword.internal.KeywordExecutor.executeKeywordForPlatform(KeywordExecutor.groovy:53)
	at com.kms.katalon.core.webui.keyword.WebUiBuiltInKeywords.click(WebUiBuiltInKeywords.groovy:616)
	at com.kms.katalon.core.webui.keyword.WebUiBuiltInKeywords$click$4.call(Unknown Source)
	at Add to bag CTA.run(Add to bag CTA:32)
	at com.kms.katalon.core.main.ScriptEngine.run(ScriptEngine.java:194)
	at com.kms.katalon.core.main.ScriptEngine.runScriptAsRawText(ScriptEngine.java:119)
	at com.kms.katalon.core.main.TestCaseExecutor.runScript(TestCaseExecutor.java:328)
	at com.kms.katalon.core.main.TestCaseExecutor.doExecute(TestCaseExecutor.java:319)
	at com.kms.katalon.core.main.TestCaseExecutor.processExecutionPhase(TestCaseExecutor.java:298)
	at com.kms.katalon.core.main.TestCaseExecutor.accessMainPhase(TestCaseExecutor.java:290)
	at com.kms.katalon.core.main.TestCaseExecutor.execute(TestCaseExecutor.java:224)
	at com.kms.katalon.core.main.TestSuiteExecutor.accessTestCaseMainPhase(TestSuiteExecutor.java:129)
	at com.kms.katalon.core.main.TestSuiteExecutor.accessTestSuiteMainPhase(TestSuiteExecutor.java:112)
	at com.kms.katalon.core.main.TestSuiteExecutor.execute(TestSuiteExecutor.java:81)
	at com.kms.katalon.core.main.TestCaseMain.startTestSuite(TestCaseMain.java:149)
	at com.kms.katalon.core.main.TestCaseMain$startTestSuite$0.call(Unknown Source)
	at TempTestSuite1559921811030.run(TempTestSuite1559921811030.groovy:36)]]></system-err>
      </testcase>
      <testcase name="Test Cases/OCS - DESKTOP/OCS- PRODUCT PAGE/breadcrumb" classname="Test Cases/OCS - DESKTOP/OCS- PRODUCT PAGE/breadcrumb" status="PASSED">
         <system-out><![CDATA[2019-06-07 12:03:35 - [TEST_CASE][PASSED] - Test Cases/OCS - DESKTOP/OCS- PRODUCT PAGE/breadcrumb: Test Cases/OCS - DESKTOP/OCS- PRODUCT PAGE/breadcrumb

2019-06-07 12:03:35 - [TEST_STEP][PASSED] - callTestCase(findTestCase("OCS - DESKTOP/CALL - PDP"), [:], STOP_ON_FAILURE): Call Test Case 'Test Cases/OCS - DESKTOP/CALL - PDP' successfully

2019-06-07 12:03:35 - [TEST_CASE][PASSED] - Test Cases/OCS - DESKTOP/CALL - PDP: Test Cases/OCS - DESKTOP/CALL - PDP

2019-06-07 12:03:35 - [TEST_STEP][PASSED] - openBrowser(""): Browser is opened with url: ''

2019-06-07 12:03:35 - [MESSAGE][WARNING] - A browser is already opened. Closing browser and opening a new one

2019-06-07 12:03:35 - [MESSAGE][INFO] - Starting 'Firefox' driver

2019-06-07 12:03:38 - [MESSAGE][PASSED] - Browser is opened with url: ''

2019-06-07 12:03:38 - [TEST_STEP][PASSED] - navigateToUrl("https://ocs.ca/?fts=0&preview_theme_id=72920074060"): Navigate to 'https://ocs.ca/?fts=0&preview_theme_id=72920074060' successfully

2019-06-07 12:03:45 - [MESSAGE][PASSED] - Navigate to 'https://ocs.ca/?fts=0&preview_theme_id=72920074060' successfully

2019-06-07 12:03:45 - [TEST_STEP][PASSED] - maximizeWindow(): Current window maximized

2019-06-07 12:03:46 - [MESSAGE][PASSED] - Current window maximized

2019-06-07 12:03:46 - [TEST_STEP][PASSED] - executeJavaScript("var previewBar = document.getElementById("preview-bar-iframe"); previewBar.style.display = "none";", []): Execute JavaScript 'var previewBar = document.getElementById("preview-bar-iframe"); previewBar.style.display = "none";' successfully

2019-06-07 12:03:46 - [MESSAGE][PASSED] - Execute JavaScript 'var previewBar = document.getElementById("preview-bar-iframe"); previewBar.style.display = "none";' successfully

2019-06-07 12:03:46 - [TEST_STEP][PASSED] - delay(4): Delayed 4 second(s)

2019-06-07 12:03:50 - [MESSAGE][PASSED] - Delayed 4 second(s)

2019-06-07 12:03:50 - [TEST_STEP][PASSED] - selectOptionByValue(findTestObject("OCS-DESKTOP/Age gate and Mega menu/Date"), "12", true): All options with value '12' are selected in object 'Object Repository/OCS-DESKTOP/Age gate and Mega menu/Date'  using regular expression

2019-06-07 12:03:51 - [MESSAGE][PASSED] - All options with value '12' are selected in object 'Object Repository/OCS-DESKTOP/Age gate and Mega menu/Date'  using regular expression

2019-06-07 12:03:51 - [TEST_STEP][PASSED] - selectOptionByValue(findTestObject("OCS-DESKTOP/Age gate and Mega menu/month"), "6", true): All options with value '6' are selected in object 'Object Repository/OCS-DESKTOP/Age gate and Mega menu/month'  using regular expression

2019-06-07 12:03:51 - [MESSAGE][PASSED] - All options with value '6' are selected in object 'Object Repository/OCS-DESKTOP/Age gate and Mega menu/month'  using regular expression

2019-06-07 12:03:51 - [TEST_STEP][PASSED] - delay(2): Delayed 2 second(s)

2019-06-07 12:03:53 - [MESSAGE][PASSED] - Delayed 2 second(s)

2019-06-07 12:03:53 - [TEST_STEP][PASSED] - selectOptionByValue(findTestObject("OCS-DESKTOP/Age gate and Mega menu/Year Dropdown"), "1990", true): All options with value '1990' are selected in object 'Object Repository/OCS-DESKTOP/Age gate and Mega menu/Year Dropdown'  using regular expression

2019-06-07 12:03:54 - [MESSAGE][PASSED] - All options with value '1990' are selected in object 'Object Repository/OCS-DESKTOP/Age gate and Mega menu/Year Dropdown'  using regular expression

2019-06-07 12:03:54 - [TEST_STEP][PASSED] - click(findTestObject("OCS-DESKTOP/Age gate and Mega menu/button_Verify")): Object: 'Object Repository/OCS-DESKTOP/Age gate and Mega menu/button_Verify' is clicked on

2019-06-07 12:03:55 - [MESSAGE][PASSED] - Object: 'Object Repository/OCS-DESKTOP/Age gate and Mega menu/button_Verify' is clicked on

2019-06-07 12:03:55 - [TEST_STEP][PASSED] - click(findTestObject("OCS-DESKTOP/Age gate and Mega menu/Checkbox_CONFIRM AND ACKNOWLEDGE")): Object: 'Object Repository/OCS-DESKTOP/Age gate and Mega menu/Checkbox_CONFIRM AND ACKNOWLEDGE' is clicked on

2019-06-07 12:03:55 - [MESSAGE][PASSED] - Object: 'Object Repository/OCS-DESKTOP/Age gate and Mega menu/Checkbox_CONFIRM AND ACKNOWLEDGE' is clicked on

2019-06-07 12:03:55 - [TEST_STEP][PASSED] - click(findTestObject("OCS-DESKTOP/Age gate and Mega menu/button_CONFIRM")): Object: 'Object Repository/OCS-DESKTOP/Age gate and Mega menu/button_CONFIRM' is clicked on

2019-06-07 12:03:55 - [MESSAGE][PASSED] - Object: 'Object Repository/OCS-DESKTOP/Age gate and Mega menu/button_CONFIRM' is clicked on

2019-06-07 12:03:55 - [TEST_STEP][PASSED] - click(findTestObject("OCS-DESKTOP/Age gate and Mega menu/button_Start Browsing")): Object: 'Object Repository/OCS-DESKTOP/Age gate and Mega menu/button_Start Browsing' is clicked on

2019-06-07 12:03:55 - [MESSAGE][PASSED] - Object: 'Object Repository/OCS-DESKTOP/Age gate and Mega menu/button_Start Browsing' is clicked on

2019-06-07 12:03:55 - [TEST_STEP][PASSED] - refresh(): Refresh successfully

2019-06-07 12:04:00 - [MESSAGE][PASSED] - Refresh successfully

2019-06-07 12:04:00 - [TEST_STEP][PASSED] - delay(2): Delayed 2 second(s)

2019-06-07 12:04:02 - [MESSAGE][PASSED] - Delayed 2 second(s)

2019-06-07 12:04:02 - [TEST_STEP][PASSED] - mouseOver(findTestObject("OCS-DESKTOP/Age gate and Mega menu/Header/CANNABIS menu - English")): Object: 'Object Repository/OCS-DESKTOP/Age gate and Mega menu/Header/CANNABIS menu - English' is hovered

2019-06-07 12:04:02 - [MESSAGE][PASSED] - Object: 'Object Repository/OCS-DESKTOP/Age gate and Mega menu/Header/CANNABIS menu - English' is hovered

2019-06-07 12:04:02 - [TEST_STEP][PASSED] - delay(2): Delayed 2 second(s)

2019-06-07 12:04:04 - [MESSAGE][PASSED] - Delayed 2 second(s)

2019-06-07 12:04:04 - [TEST_STEP][PASSED] - click(findTestObject("OCS-DESKTOP/Age gate and Mega menu/Indica Dominant_Menu item")): Object: 'Object Repository/OCS-DESKTOP/Age gate and Mega menu/Indica Dominant_Menu item' is clicked on

2019-06-07 12:04:06 - [MESSAGE][PASSED] - Object: 'Object Repository/OCS-DESKTOP/Age gate and Mega menu/Indica Dominant_Menu item' is clicked on

2019-06-07 12:04:06 - [TEST_STEP][PASSED] - delay(2): Delayed 2 second(s)

2019-06-07 12:04:08 - [MESSAGE][PASSED] - Delayed 2 second(s)

2019-06-07 12:04:08 - [TEST_STEP][PASSED] - scrollToElement(findTestObject("OCS-DESKTOP/Collection page/Product image - 1st one"), 0): Scroll to object 'Object Repository/OCS-DESKTOP/Collection page/Product image - 1st one' successfully

2019-06-07 12:04:08 - [MESSAGE][WARNING] - Timeout '0' is invalid. Using default page load timeout: '30'

2019-06-07 12:04:08 - [MESSAGE][PASSED] - Scroll to object 'Object Repository/OCS-DESKTOP/Collection page/Product image - 1st one' successfully

2019-06-07 12:04:08 - [TEST_STEP][PASSED] - delay(2): Delayed 2 second(s)

2019-06-07 12:04:10 - [MESSAGE][PASSED] - Delayed 2 second(s)

2019-06-07 12:04:10 - [TEST_STEP][PASSED] - click(findTestObject("OCS-DESKTOP/Collection page/Product image - 1st one")): Object: 'Object Repository/OCS-DESKTOP/Collection page/Product image - 1st one' is clicked on

2019-06-07 12:04:12 - [MESSAGE][PASSED] - Object: 'Object Repository/OCS-DESKTOP/Collection page/Product image - 1st one' is clicked on

2019-06-07 12:04:12 - [TEST_STEP][PASSED] - executeJavaScript("var previewBar = document.getElementById("preview-bar-iframe"); previewBar.style.display = "none";", []): Execute JavaScript 'var previewBar = document.getElementById("preview-bar-iframe"); previewBar.style.display = "none";' successfully

2019-06-07 12:04:12 - [MESSAGE][PASSED] - Execute JavaScript 'var previewBar = document.getElementById("preview-bar-iframe"); previewBar.style.display = "none";' successfully

2019-06-07 12:04:12 - [TEST_STEP][PASSED] - delay(2): Delayed 2 second(s)

2019-06-07 12:04:14 - [MESSAGE][PASSED] - Delayed 2 second(s)

2019-06-07 12:04:14 - [MESSAGE][PASSED] - Call Test Case 'Test Cases/OCS - DESKTOP/CALL - PDP' successfully

2019-06-07 12:04:14 - [TEST_STEP][PASSED] - click(findTestObject("OCS-DESKTOP/Product page/a_Dried flower")): Object: 'Object Repository/OCS-DESKTOP/Product page/a_Dried flower' is clicked on

2019-06-07 12:04:17 - [MESSAGE][PASSED] - Object: 'Object Repository/OCS-DESKTOP/Product page/a_Dried flower' is clicked on

2019-06-07 12:04:17 - [TEST_STEP][PASSED] - b = getWindowTitle(): Current window's title is: 'Dried Flower | Ontario Cannabis Store'

2019-06-07 12:04:17 - [MESSAGE][PASSED] - Current window's title is: 'Dried Flower | Ontario Cannabis Store'

2019-06-07 12:04:17 - [TEST_STEP][PASSED] - comment(" b= " + b):  b= Dried Flower | Ontario Cannabis Store

2019-06-07 12:04:17 - [MESSAGE][INFO] -  b= Dried Flower | Ontario Cannabis Store

2019-06-07 12:04:17 - [TEST_STEP][PASSED] - assert getWindowTitle() == b: Current window's title is: 'Dried Flower | Ontario Cannabis Store'

2019-06-07 12:04:17 - [MESSAGE][PASSED] - Current window's title is: 'Dried Flower | Ontario Cannabis Store'

2019-06-07 12:04:17 - [TEST_STEP][PASSED] - click(findTestObject("OCS-DESKTOP/Product page/a_Cannabis")): Object: 'Object Repository/OCS-DESKTOP/Product page/a_Cannabis' is clicked on

2019-06-07 12:04:19 - [MESSAGE][PASSED] - Object: 'Object Repository/OCS-DESKTOP/Product page/a_Cannabis' is clicked on

2019-06-07 12:04:19 - [TEST_STEP][PASSED] - c = getWindowTitle(): Current window's title is: 'All Cannabis Products | Ontario Cannabis Store'

2019-06-07 12:04:19 - [MESSAGE][PASSED] - Current window's title is: 'All Cannabis Products | Ontario Cannabis Store'

2019-06-07 12:04:19 - [TEST_STEP][PASSED] - comment(" c= " + c):  c= All Cannabis Products | Ontario Cannabis Store

2019-06-07 12:04:19 - [MESSAGE][INFO] -  c= All Cannabis Products | Ontario Cannabis Store

2019-06-07 12:04:19 - [TEST_STEP][PASSED] - assert getWindowTitle() == c: Current window's title is: 'All Cannabis Products | Ontario Cannabis Store'

2019-06-07 12:04:19 - [MESSAGE][PASSED] - Current window's title is: 'All Cannabis Products | Ontario Cannabis Store'

2019-06-07 12:04:19 - [TEST_STEP][PASSED] - click(findTestObject("OCS-DESKTOP/Product page/a_Home")): Object: 'Object Repository/OCS-DESKTOP/Product page/a_Home' is clicked on

2019-06-07 12:04:21 - [MESSAGE][PASSED] - Object: 'Object Repository/OCS-DESKTOP/Product page/a_Home' is clicked on

2019-06-07 12:04:21 - [TEST_STEP][PASSED] - a = getWindowTitle(): Current window's title is: 'Ontario Cannabis Store | Ontario Cannabis Store'

2019-06-07 12:04:21 - [MESSAGE][PASSED] - Current window's title is: 'Ontario Cannabis Store | Ontario Cannabis Store'

2019-06-07 12:04:21 - [TEST_STEP][PASSED] - comment(" a= " + a):  a= Ontario Cannabis Store | Ontario Cannabis Store

2019-06-07 12:04:21 - [MESSAGE][INFO] -  a= Ontario Cannabis Store | Ontario Cannabis Store

2019-06-07 12:04:21 - [TEST_STEP][PASSED] - assert getWindowTitle() == a: Current window's title is: 'Ontario Cannabis Store | Ontario Cannabis Store'

2019-06-07 12:04:21 - [MESSAGE][PASSED] - Current window's title is: 'Ontario Cannabis Store | Ontario Cannabis Store']]></system-out>
         <system-err><![CDATA[]]></system-err>
      </testcase>
      <testcase name="Test Cases/OCS - DESKTOP/OCS- PRODUCT PAGE/How to choose cannbis products" classname="Test Cases/OCS - DESKTOP/OCS- PRODUCT PAGE/How to choose cannbis products" status="FAILED">
         <failure type="FAILED" message="Test Cases/OCS - DESKTOP/OCS- PRODUCT PAGE/How to choose cannbis products FAILED.
Reason:
com.kms.katalon.core.exception.StepFailedException: Unable to scroll to object (Root cause: java.lang.IllegalArgumentException: Object is null)
	at com.kms.katalon.core.keyword.internal.KeywordMain.stepFailed(KeywordMain.groovy:36)
	at com.kms.katalon.core.webui.keyword.internal.WebUIKeywordMain.stepFailed(WebUIKeywordMain.groovy:65)
	at com.kms.katalon.core.webui.keyword.internal.WebUIKeywordMain.runKeyword(WebUIKeywordMain.groovy:27)
	at com.kms.katalon.core.webui.keyword.builtin.ScrollToElementKeyword.scrollToElement(ScrollToElementKeyword.groovy:88)
	at com.kms.katalon.core.webui.keyword.builtin.ScrollToElementKeyword.execute(ScrollToElementKeyword.groovy:68)
	at com.kms.katalon.core.keyword.internal.KeywordExecutor.executeKeywordForPlatform(KeywordExecutor.groovy:53)
	at com.kms.katalon.core.webui.keyword.WebUiBuiltInKeywords.scrollToElement(WebUiBuiltInKeywords.groovy:2975)
	at com.kms.katalon.core.webui.keyword.WebUiBuiltInKeywords$scrollToElement$11.call(Unknown Source)
	at How to choose cannbis products.run(How to choose cannbis products:18)
	at com.kms.katalon.core.main.ScriptEngine.run(ScriptEngine.java:194)
	at com.kms.katalon.core.main.ScriptEngine.runScriptAsRawText(ScriptEngine.java:119)
	at com.kms.katalon.core.main.TestCaseExecutor.runScript(TestCaseExecutor.java:328)
	at com.kms.katalon.core.main.TestCaseExecutor.doExecute(TestCaseExecutor.java:319)
	at com.kms.katalon.core.main.TestCaseExecutor.processExecutionPhase(TestCaseExecutor.java:298)
	at com.kms.katalon.core.main.TestCaseExecutor.accessMainPhase(TestCaseExecutor.java:290)
	at com.kms.katalon.core.main.TestCaseExecutor.execute(TestCaseExecutor.java:224)
	at com.kms.katalon.core.main.TestSuiteExecutor.accessTestCaseMainPhase(TestSuiteExecutor.java:129)
	at com.kms.katalon.core.main.TestSuiteExecutor.accessTestSuiteMainPhase(TestSuiteExecutor.java:112)
	at com.kms.katalon.core.main.TestSuiteExecutor.execute(TestSuiteExecutor.java:81)
	at com.kms.katalon.core.main.TestCaseMain.startTestSuite(TestCaseMain.java:149)
	at com.kms.katalon.core.main.TestCaseMain$startTestSuite$0.call(Unknown Source)
	at TempTestSuite1559921811030.run(TempTestSuite1559921811030.groovy:36)
"/>
         <system-out><![CDATA[2019-06-07 12:04:21 - [TEST_CASE][FAILED] - Test Cases/OCS - DESKTOP/OCS- PRODUCT PAGE/How to choose cannbis products: Test Cases/OCS - DESKTOP/OCS- PRODUCT PAGE/How to choose cannbis products FAILED.
Reason:
com.kms.katalon.core.exception.StepFailedException: Unable to scroll to object (Root cause: java.lang.IllegalArgumentException: Object is null)
	at com.kms.katalon.core.keyword.internal.KeywordMain.stepFailed(KeywordMain.groovy:36)
	at com.kms.katalon.core.webui.keyword.internal.WebUIKeywordMain.stepFailed(WebUIKeywordMain.groovy:65)
	at com.kms.katalon.core.webui.keyword.internal.WebUIKeywordMain.runKeyword(WebUIKeywordMain.groovy:27)
	at com.kms.katalon.core.webui.keyword.builtin.ScrollToElementKeyword.scrollToElement(ScrollToElementKeyword.groovy:88)
	at com.kms.katalon.core.webui.keyword.builtin.ScrollToElementKeyword.execute(ScrollToElementKeyword.groovy:68)
	at com.kms.katalon.core.keyword.internal.KeywordExecutor.executeKeywordForPlatform(KeywordExecutor.groovy:53)
	at com.kms.katalon.core.webui.keyword.WebUiBuiltInKeywords.scrollToElement(WebUiBuiltInKeywords.groovy:2975)
	at com.kms.katalon.core.webui.keyword.WebUiBuiltInKeywords$scrollToElement$11.call(Unknown Source)
	at How to choose cannbis products.run(How to choose cannbis products:18)
	at com.kms.katalon.core.main.ScriptEngine.run(ScriptEngine.java:194)
	at com.kms.katalon.core.main.ScriptEngine.runScriptAsRawText(ScriptEngine.java:119)
	at com.kms.katalon.core.main.TestCaseExecutor.runScript(TestCaseExecutor.java:328)
	at com.kms.katalon.core.main.TestCaseExecutor.doExecute(TestCaseExecutor.java:319)
	at com.kms.katalon.core.main.TestCaseExecutor.processExecutionPhase(TestCaseExecutor.java:298)
	at com.kms.katalon.core.main.TestCaseExecutor.accessMainPhase(TestCaseExecutor.java:290)
	at com.kms.katalon.core.main.TestCaseExecutor.execute(TestCaseExecutor.java:224)
	at com.kms.katalon.core.main.TestSuiteExecutor.accessTestCaseMainPhase(TestSuiteExecutor.java:129)
	at com.kms.katalon.core.main.TestSuiteExecutor.accessTestSuiteMainPhase(TestSuiteExecutor.java:112)
	at com.kms.katalon.core.main.TestSuiteExecutor.execute(TestSuiteExecutor.java:81)
	at com.kms.katalon.core.main.TestCaseMain.startTestSuite(TestCaseMain.java:149)
	at com.kms.katalon.core.main.TestCaseMain$startTestSuite$0.call(Unknown Source)
	at TempTestSuite1559921811030.run(TempTestSuite1559921811030.groovy:36)


2019-06-07 12:04:21 - [TEST_STEP][PASSED] - callTestCase(findTestCase("OCS - DESKTOP/CALL - PDP"), [:], STOP_ON_FAILURE): Call Test Case 'Test Cases/OCS - DESKTOP/CALL - PDP' successfully

2019-06-07 12:04:21 - [TEST_CASE][PASSED] - Test Cases/OCS - DESKTOP/CALL - PDP: Test Cases/OCS - DESKTOP/CALL - PDP

2019-06-07 12:04:21 - [TEST_STEP][PASSED] - openBrowser(""): Browser is opened with url: ''

2019-06-07 12:04:21 - [MESSAGE][WARNING] - A browser is already opened. Closing browser and opening a new one

2019-06-07 12:04:22 - [MESSAGE][INFO] - Starting 'Firefox' driver

2019-06-07 12:04:24 - [MESSAGE][PASSED] - Browser is opened with url: ''

2019-06-07 12:04:24 - [TEST_STEP][PASSED] - navigateToUrl("https://ocs.ca/?fts=0&preview_theme_id=72920074060"): Navigate to 'https://ocs.ca/?fts=0&preview_theme_id=72920074060' successfully

2019-06-07 12:04:31 - [MESSAGE][PASSED] - Navigate to 'https://ocs.ca/?fts=0&preview_theme_id=72920074060' successfully

2019-06-07 12:04:31 - [TEST_STEP][PASSED] - maximizeWindow(): Current window maximized

2019-06-07 12:04:31 - [MESSAGE][PASSED] - Current window maximized

2019-06-07 12:04:31 - [TEST_STEP][PASSED] - executeJavaScript("var previewBar = document.getElementById("preview-bar-iframe"); previewBar.style.display = "none";", []): Execute JavaScript 'var previewBar = document.getElementById("preview-bar-iframe"); previewBar.style.display = "none";' successfully

2019-06-07 12:04:31 - [MESSAGE][PASSED] - Execute JavaScript 'var previewBar = document.getElementById("preview-bar-iframe"); previewBar.style.display = "none";' successfully

2019-06-07 12:04:31 - [TEST_STEP][PASSED] - delay(4): Delayed 4 second(s)

2019-06-07 12:04:35 - [MESSAGE][PASSED] - Delayed 4 second(s)

2019-06-07 12:04:35 - [TEST_STEP][PASSED] - selectOptionByValue(findTestObject("OCS-DESKTOP/Age gate and Mega menu/Date"), "12", true): All options with value '12' are selected in object 'Object Repository/OCS-DESKTOP/Age gate and Mega menu/Date'  using regular expression

2019-06-07 12:04:36 - [MESSAGE][PASSED] - All options with value '12' are selected in object 'Object Repository/OCS-DESKTOP/Age gate and Mega menu/Date'  using regular expression

2019-06-07 12:04:36 - [TEST_STEP][PASSED] - selectOptionByValue(findTestObject("OCS-DESKTOP/Age gate and Mega menu/month"), "6", true): All options with value '6' are selected in object 'Object Repository/OCS-DESKTOP/Age gate and Mega menu/month'  using regular expression

2019-06-07 12:04:36 - [MESSAGE][PASSED] - All options with value '6' are selected in object 'Object Repository/OCS-DESKTOP/Age gate and Mega menu/month'  using regular expression

2019-06-07 12:04:36 - [TEST_STEP][PASSED] - delay(2): Delayed 2 second(s)

2019-06-07 12:04:38 - [MESSAGE][PASSED] - Delayed 2 second(s)

2019-06-07 12:04:38 - [TEST_STEP][PASSED] - selectOptionByValue(findTestObject("OCS-DESKTOP/Age gate and Mega menu/Year Dropdown"), "1990", true): All options with value '1990' are selected in object 'Object Repository/OCS-DESKTOP/Age gate and Mega menu/Year Dropdown'  using regular expression

2019-06-07 12:04:40 - [MESSAGE][PASSED] - All options with value '1990' are selected in object 'Object Repository/OCS-DESKTOP/Age gate and Mega menu/Year Dropdown'  using regular expression

2019-06-07 12:04:40 - [TEST_STEP][PASSED] - click(findTestObject("OCS-DESKTOP/Age gate and Mega menu/button_Verify")): Object: 'Object Repository/OCS-DESKTOP/Age gate and Mega menu/button_Verify' is clicked on

2019-06-07 12:04:40 - [MESSAGE][PASSED] - Object: 'Object Repository/OCS-DESKTOP/Age gate and Mega menu/button_Verify' is clicked on

2019-06-07 12:04:40 - [TEST_STEP][PASSED] - click(findTestObject("OCS-DESKTOP/Age gate and Mega menu/Checkbox_CONFIRM AND ACKNOWLEDGE")): Object: 'Object Repository/OCS-DESKTOP/Age gate and Mega menu/Checkbox_CONFIRM AND ACKNOWLEDGE' is clicked on

2019-06-07 12:04:40 - [MESSAGE][PASSED] - Object: 'Object Repository/OCS-DESKTOP/Age gate and Mega menu/Checkbox_CONFIRM AND ACKNOWLEDGE' is clicked on

2019-06-07 12:04:40 - [TEST_STEP][PASSED] - click(findTestObject("OCS-DESKTOP/Age gate and Mega menu/button_CONFIRM")): Object: 'Object Repository/OCS-DESKTOP/Age gate and Mega menu/button_CONFIRM' is clicked on

2019-06-07 12:04:40 - [MESSAGE][PASSED] - Object: 'Object Repository/OCS-DESKTOP/Age gate and Mega menu/button_CONFIRM' is clicked on

2019-06-07 12:04:40 - [TEST_STEP][PASSED] - click(findTestObject("OCS-DESKTOP/Age gate and Mega menu/button_Start Browsing")): Object: 'Object Repository/OCS-DESKTOP/Age gate and Mega menu/button_Start Browsing' is clicked on

2019-06-07 12:04:41 - [MESSAGE][PASSED] - Object: 'Object Repository/OCS-DESKTOP/Age gate and Mega menu/button_Start Browsing' is clicked on

2019-06-07 12:04:41 - [TEST_STEP][PASSED] - refresh(): Refresh successfully

2019-06-07 12:04:47 - [MESSAGE][PASSED] - Refresh successfully

2019-06-07 12:04:47 - [TEST_STEP][PASSED] - delay(2): Delayed 2 second(s)

2019-06-07 12:04:49 - [MESSAGE][PASSED] - Delayed 2 second(s)

2019-06-07 12:04:49 - [TEST_STEP][PASSED] - mouseOver(findTestObject("OCS-DESKTOP/Age gate and Mega menu/Header/CANNABIS menu - English")): Object: 'Object Repository/OCS-DESKTOP/Age gate and Mega menu/Header/CANNABIS menu - English' is hovered

2019-06-07 12:04:49 - [MESSAGE][PASSED] - Object: 'Object Repository/OCS-DESKTOP/Age gate and Mega menu/Header/CANNABIS menu - English' is hovered

2019-06-07 12:04:49 - [TEST_STEP][PASSED] - delay(2): Delayed 2 second(s)

2019-06-07 12:04:51 - [MESSAGE][PASSED] - Delayed 2 second(s)

2019-06-07 12:04:51 - [TEST_STEP][PASSED] - click(findTestObject("OCS-DESKTOP/Age gate and Mega menu/Indica Dominant_Menu item")): Object: 'Object Repository/OCS-DESKTOP/Age gate and Mega menu/Indica Dominant_Menu item' is clicked on

2019-06-07 12:04:53 - [MESSAGE][PASSED] - Object: 'Object Repository/OCS-DESKTOP/Age gate and Mega menu/Indica Dominant_Menu item' is clicked on

2019-06-07 12:04:53 - [TEST_STEP][PASSED] - delay(2): Delayed 2 second(s)

2019-06-07 12:04:55 - [MESSAGE][PASSED] - Delayed 2 second(s)

2019-06-07 12:04:55 - [TEST_STEP][PASSED] - scrollToElement(findTestObject("OCS-DESKTOP/Collection page/Product image - 1st one"), 0): Scroll to object 'Object Repository/OCS-DESKTOP/Collection page/Product image - 1st one' successfully

2019-06-07 12:04:55 - [MESSAGE][WARNING] - Timeout '0' is invalid. Using default page load timeout: '30'

2019-06-07 12:04:55 - [MESSAGE][PASSED] - Scroll to object 'Object Repository/OCS-DESKTOP/Collection page/Product image - 1st one' successfully

2019-06-07 12:04:55 - [TEST_STEP][PASSED] - delay(2): Delayed 2 second(s)

2019-06-07 12:04:57 - [MESSAGE][PASSED] - Delayed 2 second(s)

2019-06-07 12:04:57 - [TEST_STEP][PASSED] - click(findTestObject("OCS-DESKTOP/Collection page/Product image - 1st one")): Object: 'Object Repository/OCS-DESKTOP/Collection page/Product image - 1st one' is clicked on

2019-06-07 12:04:59 - [MESSAGE][PASSED] - Object: 'Object Repository/OCS-DESKTOP/Collection page/Product image - 1st one' is clicked on

2019-06-07 12:04:59 - [TEST_STEP][PASSED] - executeJavaScript("var previewBar = document.getElementById("preview-bar-iframe"); previewBar.style.display = "none";", []): Execute JavaScript 'var previewBar = document.getElementById("preview-bar-iframe"); previewBar.style.display = "none";' successfully

2019-06-07 12:04:59 - [MESSAGE][PASSED] - Execute JavaScript 'var previewBar = document.getElementById("preview-bar-iframe"); previewBar.style.display = "none";' successfully

2019-06-07 12:04:59 - [TEST_STEP][PASSED] - delay(2): Delayed 2 second(s)

2019-06-07 12:05:01 - [MESSAGE][PASSED] - Delayed 2 second(s)

2019-06-07 12:05:01 - [MESSAGE][PASSED] - Call Test Case 'Test Cases/OCS - DESKTOP/CALL - PDP' successfully

2019-06-07 12:05:01 - [TEST_STEP][FAILED] - scrollToElement(findTestObject("OCS-MOBILE /Product page/How to choose cannabis product - Section"), 2): scrollToElement(findTestObject("OCS-MOBILE /Product page/How to choose cannabis product - Section"), 2) FAILED.
Reason:
com.kms.katalon.core.exception.StepFailedException: Unable to scroll to object (Root cause: java.lang.IllegalArgumentException: Object is null)
	at com.kms.katalon.core.keyword.internal.KeywordMain.stepFailed(KeywordMain.groovy:36)
	at com.kms.katalon.core.webui.keyword.internal.WebUIKeywordMain.stepFailed(WebUIKeywordMain.groovy:65)
	at com.kms.katalon.core.webui.keyword.internal.WebUIKeywordMain.runKeyword(WebUIKeywordMain.groovy:27)
	at com.kms.katalon.core.webui.keyword.builtin.ScrollToElementKeyword.scrollToElement(ScrollToElementKeyword.groovy:88)
	at com.kms.katalon.core.webui.keyword.builtin.ScrollToElementKeyword.execute(ScrollToElementKeyword.groovy:68)
	at com.kms.katalon.core.keyword.internal.KeywordExecutor.executeKeywordForPlatform(KeywordExecutor.groovy:53)
	at com.kms.katalon.core.webui.keyword.WebUiBuiltInKeywords.scrollToElement(WebUiBuiltInKeywords.groovy:2975)
	at com.kms.katalon.core.webui.keyword.WebUiBuiltInKeywords$scrollToElement$11.call(Unknown Source)
	at How to choose cannbis products.run(How to choose cannbis products:18)
	at com.kms.katalon.core.main.ScriptEngine.run(ScriptEngine.java:194)
	at com.kms.katalon.core.main.ScriptEngine.runScriptAsRawText(ScriptEngine.java:119)
	at com.kms.katalon.core.main.TestCaseExecutor.runScript(TestCaseExecutor.java:328)
	at com.kms.katalon.core.main.TestCaseExecutor.doExecute(TestCaseExecutor.java:319)
	at com.kms.katalon.core.main.TestCaseExecutor.processExecutionPhase(TestCaseExecutor.java:298)
	at com.kms.katalon.core.main.TestCaseExecutor.accessMainPhase(TestCaseExecutor.java:290)
	at com.kms.katalon.core.main.TestCaseExecutor.execute(TestCaseExecutor.java:224)
	at com.kms.katalon.core.main.TestSuiteExecutor.accessTestCaseMainPhase(TestSuiteExecutor.java:129)
	at com.kms.katalon.core.main.TestSuiteExecutor.accessTestSuiteMainPhase(TestSuiteExecutor.java:112)
	at com.kms.katalon.core.main.TestSuiteExecutor.execute(TestSuiteExecutor.java:81)
	at com.kms.katalon.core.main.TestCaseMain.startTestSuite(TestCaseMain.java:149)
	at com.kms.katalon.core.main.TestCaseMain$startTestSuite$0.call(Unknown Source)
	at TempTestSuite1559921811030.run(TempTestSuite1559921811030.groovy:36)


2019-06-07 12:05:01 - [MESSAGE][WARNING] - Test object with id 'Object Repository/OCS-MOBILE /Product page/How to choose cannabis product - Section' does not exist

2019-06-07 12:05:01 - [MESSAGE][WARNING] - Test object with id 'Object Repository/' does not exist

2019-06-07 12:05:01 - [MESSAGE][FAILED] - Unable to scroll to object (Root cause: java.lang.IllegalArgumentException: Object is null)
[[ATTACHMENT|/Users/sumankompelly/Relative xpath-Desktop/Reports/OCS- 1.9.2.1/20190607_113651/1559923501710.png]]

2019-06-07 12:05:01 - [MESSAGE][FAILED] - scrollToElement(findTestObject("OCS-MOBILE /Product page/How to choose cannabis product - Section"), 2) FAILED.
Reason:
com.kms.katalon.core.exception.StepFailedException: Unable to scroll to object (Root cause: java.lang.IllegalArgumentException: Object is null)
	at com.kms.katalon.core.keyword.internal.KeywordMain.stepFailed(KeywordMain.groovy:36)
	at com.kms.katalon.core.webui.keyword.internal.WebUIKeywordMain.stepFailed(WebUIKeywordMain.groovy:65)
	at com.kms.katalon.core.webui.keyword.internal.WebUIKeywordMain.runKeyword(WebUIKeywordMain.groovy:27)
	at com.kms.katalon.core.webui.keyword.builtin.ScrollToElementKeyword.scrollToElement(ScrollToElementKeyword.groovy:88)
	at com.kms.katalon.core.webui.keyword.builtin.ScrollToElementKeyword.execute(ScrollToElementKeyword.groovy:68)
	at com.kms.katalon.core.keyword.internal.KeywordExecutor.executeKeywordForPlatform(KeywordExecutor.groovy:53)
	at com.kms.katalon.core.webui.keyword.WebUiBuiltInKeywords.scrollToElement(WebUiBuiltInKeywords.groovy:2975)
	at com.kms.katalon.core.webui.keyword.WebUiBuiltInKeywords$scrollToElement$11.call(Unknown Source)
	at How to choose cannbis products.run(How to choose cannbis products:18)
	at com.kms.katalon.core.main.ScriptEngine.run(ScriptEngine.java:194)
	at com.kms.katalon.core.main.ScriptEngine.runScriptAsRawText(ScriptEngine.java:119)
	at com.kms.katalon.core.main.TestCaseExecutor.runScript(TestCaseExecutor.java:328)
	at com.kms.katalon.core.main.TestCaseExecutor.doExecute(TestCaseExecutor.java:319)
	at com.kms.katalon.core.main.TestCaseExecutor.processExecutionPhase(TestCaseExecutor.java:298)
	at com.kms.katalon.core.main.TestCaseExecutor.accessMainPhase(TestCaseExecutor.java:290)
	at com.kms.katalon.core.main.TestCaseExecutor.execute(TestCaseExecutor.java:224)
	at com.kms.katalon.core.main.TestSuiteExecutor.accessTestCaseMainPhase(TestSuiteExecutor.java:129)
	at com.kms.katalon.core.main.TestSuiteExecutor.accessTestSuiteMainPhase(TestSuiteExecutor.java:112)
	at com.kms.katalon.core.main.TestSuiteExecutor.execute(TestSuiteExecutor.java:81)
	at com.kms.katalon.core.main.TestCaseMain.startTestSuite(TestCaseMain.java:149)
	at com.kms.katalon.core.main.TestCaseMain$startTestSuite$0.call(Unknown Source)
	at TempTestSuite1559921811030.run(TempTestSuite1559921811030.groovy:36)]]></system-out>
         <system-err><![CDATA[2019-06-07 12:04:21 - [TEST_CASE][FAILED] - Test Cases/OCS - DESKTOP/OCS- PRODUCT PAGE/How to choose cannbis products: Test Cases/OCS - DESKTOP/OCS- PRODUCT PAGE/How to choose cannbis products FAILED.
Reason:
com.kms.katalon.core.exception.StepFailedException: Unable to scroll to object (Root cause: java.lang.IllegalArgumentException: Object is null)
	at com.kms.katalon.core.keyword.internal.KeywordMain.stepFailed(KeywordMain.groovy:36)
	at com.kms.katalon.core.webui.keyword.internal.WebUIKeywordMain.stepFailed(WebUIKeywordMain.groovy:65)
	at com.kms.katalon.core.webui.keyword.internal.WebUIKeywordMain.runKeyword(WebUIKeywordMain.groovy:27)
	at com.kms.katalon.core.webui.keyword.builtin.ScrollToElementKeyword.scrollToElement(ScrollToElementKeyword.groovy:88)
	at com.kms.katalon.core.webui.keyword.builtin.ScrollToElementKeyword.execute(ScrollToElementKeyword.groovy:68)
	at com.kms.katalon.core.keyword.internal.KeywordExecutor.executeKeywordForPlatform(KeywordExecutor.groovy:53)
	at com.kms.katalon.core.webui.keyword.WebUiBuiltInKeywords.scrollToElement(WebUiBuiltInKeywords.groovy:2975)
	at com.kms.katalon.core.webui.keyword.WebUiBuiltInKeywords$scrollToElement$11.call(Unknown Source)
	at How to choose cannbis products.run(How to choose cannbis products:18)
	at com.kms.katalon.core.main.ScriptEngine.run(ScriptEngine.java:194)
	at com.kms.katalon.core.main.ScriptEngine.runScriptAsRawText(ScriptEngine.java:119)
	at com.kms.katalon.core.main.TestCaseExecutor.runScript(TestCaseExecutor.java:328)
	at com.kms.katalon.core.main.TestCaseExecutor.doExecute(TestCaseExecutor.java:319)
	at com.kms.katalon.core.main.TestCaseExecutor.processExecutionPhase(TestCaseExecutor.java:298)
	at com.kms.katalon.core.main.TestCaseExecutor.accessMainPhase(TestCaseExecutor.java:290)
	at com.kms.katalon.core.main.TestCaseExecutor.execute(TestCaseExecutor.java:224)
	at com.kms.katalon.core.main.TestSuiteExecutor.accessTestCaseMainPhase(TestSuiteExecutor.java:129)
	at com.kms.katalon.core.main.TestSuiteExecutor.accessTestSuiteMainPhase(TestSuiteExecutor.java:112)
	at com.kms.katalon.core.main.TestSuiteExecutor.execute(TestSuiteExecutor.java:81)
	at com.kms.katalon.core.main.TestCaseMain.startTestSuite(TestCaseMain.java:149)
	at com.kms.katalon.core.main.TestCaseMain$startTestSuite$0.call(Unknown Source)
	at TempTestSuite1559921811030.run(TempTestSuite1559921811030.groovy:36)]]></system-err>
      </testcase>
      <testcase name="Test Cases/OCS - DESKTOP/OCS- PRODUCT PAGE/Learn More" classname="Test Cases/OCS - DESKTOP/OCS- PRODUCT PAGE/Learn More" status="FAILED">
         <failure type="FAILED" message="Test Cases/OCS - DESKTOP/OCS- PRODUCT PAGE/Learn More FAILED.
Reason:
com.kms.katalon.core.exception.StepFailedException: Unable to scroll to object (Root cause: java.lang.IllegalArgumentException: Object is null)
	at com.kms.katalon.core.keyword.internal.KeywordMain.stepFailed(KeywordMain.groovy:36)
	at com.kms.katalon.core.webui.keyword.internal.WebUIKeywordMain.stepFailed(WebUIKeywordMain.groovy:65)
	at com.kms.katalon.core.webui.keyword.internal.WebUIKeywordMain.runKeyword(WebUIKeywordMain.groovy:27)
	at com.kms.katalon.core.webui.keyword.builtin.ScrollToElementKeyword.scrollToElement(ScrollToElementKeyword.groovy:88)
	at com.kms.katalon.core.webui.keyword.builtin.ScrollToElementKeyword.execute(ScrollToElementKeyword.groovy:68)
	at com.kms.katalon.core.keyword.internal.KeywordExecutor.executeKeywordForPlatform(KeywordExecutor.groovy:53)
	at com.kms.katalon.core.webui.keyword.WebUiBuiltInKeywords.scrollToElement(WebUiBuiltInKeywords.groovy:2975)
	at com.kms.katalon.core.webui.keyword.WebUiBuiltInKeywords$scrollToElement$11.call(Unknown Source)
	at Learn More.run(Learn More:18)
	at com.kms.katalon.core.main.ScriptEngine.run(ScriptEngine.java:194)
	at com.kms.katalon.core.main.ScriptEngine.runScriptAsRawText(ScriptEngine.java:119)
	at com.kms.katalon.core.main.TestCaseExecutor.runScript(TestCaseExecutor.java:328)
	at com.kms.katalon.core.main.TestCaseExecutor.doExecute(TestCaseExecutor.java:319)
	at com.kms.katalon.core.main.TestCaseExecutor.processExecutionPhase(TestCaseExecutor.java:298)
	at com.kms.katalon.core.main.TestCaseExecutor.accessMainPhase(TestCaseExecutor.java:290)
	at com.kms.katalon.core.main.TestCaseExecutor.execute(TestCaseExecutor.java:224)
	at com.kms.katalon.core.main.TestSuiteExecutor.accessTestCaseMainPhase(TestSuiteExecutor.java:129)
	at com.kms.katalon.core.main.TestSuiteExecutor.accessTestSuiteMainPhase(TestSuiteExecutor.java:112)
	at com.kms.katalon.core.main.TestSuiteExecutor.execute(TestSuiteExecutor.java:81)
	at com.kms.katalon.core.main.TestCaseMain.startTestSuite(TestCaseMain.java:149)
	at com.kms.katalon.core.main.TestCaseMain$startTestSuite$0.call(Unknown Source)
	at TempTestSuite1559921811030.run(TempTestSuite1559921811030.groovy:36)
"/>
         <system-out><![CDATA[2019-06-07 12:05:01 - [TEST_CASE][FAILED] - Test Cases/OCS - DESKTOP/OCS- PRODUCT PAGE/Learn More: Test Cases/OCS - DESKTOP/OCS- PRODUCT PAGE/Learn More FAILED.
Reason:
com.kms.katalon.core.exception.StepFailedException: Unable to scroll to object (Root cause: java.lang.IllegalArgumentException: Object is null)
	at com.kms.katalon.core.keyword.internal.KeywordMain.stepFailed(KeywordMain.groovy:36)
	at com.kms.katalon.core.webui.keyword.internal.WebUIKeywordMain.stepFailed(WebUIKeywordMain.groovy:65)
	at com.kms.katalon.core.webui.keyword.internal.WebUIKeywordMain.runKeyword(WebUIKeywordMain.groovy:27)
	at com.kms.katalon.core.webui.keyword.builtin.ScrollToElementKeyword.scrollToElement(ScrollToElementKeyword.groovy:88)
	at com.kms.katalon.core.webui.keyword.builtin.ScrollToElementKeyword.execute(ScrollToElementKeyword.groovy:68)
	at com.kms.katalon.core.keyword.internal.KeywordExecutor.executeKeywordForPlatform(KeywordExecutor.groovy:53)
	at com.kms.katalon.core.webui.keyword.WebUiBuiltInKeywords.scrollToElement(WebUiBuiltInKeywords.groovy:2975)
	at com.kms.katalon.core.webui.keyword.WebUiBuiltInKeywords$scrollToElement$11.call(Unknown Source)
	at Learn More.run(Learn More:18)
	at com.kms.katalon.core.main.ScriptEngine.run(ScriptEngine.java:194)
	at com.kms.katalon.core.main.ScriptEngine.runScriptAsRawText(ScriptEngine.java:119)
	at com.kms.katalon.core.main.TestCaseExecutor.runScript(TestCaseExecutor.java:328)
	at com.kms.katalon.core.main.TestCaseExecutor.doExecute(TestCaseExecutor.java:319)
	at com.kms.katalon.core.main.TestCaseExecutor.processExecutionPhase(TestCaseExecutor.java:298)
	at com.kms.katalon.core.main.TestCaseExecutor.accessMainPhase(TestCaseExecutor.java:290)
	at com.kms.katalon.core.main.TestCaseExecutor.execute(TestCaseExecutor.java:224)
	at com.kms.katalon.core.main.TestSuiteExecutor.accessTestCaseMainPhase(TestSuiteExecutor.java:129)
	at com.kms.katalon.core.main.TestSuiteExecutor.accessTestSuiteMainPhase(TestSuiteExecutor.java:112)
	at com.kms.katalon.core.main.TestSuiteExecutor.execute(TestSuiteExecutor.java:81)
	at com.kms.katalon.core.main.TestCaseMain.startTestSuite(TestCaseMain.java:149)
	at com.kms.katalon.core.main.TestCaseMain$startTestSuite$0.call(Unknown Source)
	at TempTestSuite1559921811030.run(TempTestSuite1559921811030.groovy:36)


2019-06-07 12:05:02 - [TEST_STEP][PASSED] - callTestCase(findTestCase("OCS - DESKTOP/CALL - PDP"), [:], STOP_ON_FAILURE): Call Test Case 'Test Cases/OCS - DESKTOP/CALL - PDP' successfully

2019-06-07 12:05:02 - [TEST_CASE][PASSED] - Test Cases/OCS - DESKTOP/CALL - PDP: Test Cases/OCS - DESKTOP/CALL - PDP

2019-06-07 12:05:02 - [TEST_STEP][PASSED] - openBrowser(""): Browser is opened with url: ''

2019-06-07 12:05:02 - [MESSAGE][WARNING] - A browser is already opened. Closing browser and opening a new one

2019-06-07 12:05:02 - [MESSAGE][INFO] - Starting 'Firefox' driver

2019-06-07 12:05:04 - [MESSAGE][PASSED] - Browser is opened with url: ''

2019-06-07 12:05:04 - [TEST_STEP][PASSED] - navigateToUrl("https://ocs.ca/?fts=0&preview_theme_id=72920074060"): Navigate to 'https://ocs.ca/?fts=0&preview_theme_id=72920074060' successfully

2019-06-07 12:05:08 - [MESSAGE][PASSED] - Navigate to 'https://ocs.ca/?fts=0&preview_theme_id=72920074060' successfully

2019-06-07 12:05:08 - [TEST_STEP][PASSED] - maximizeWindow(): Current window maximized

2019-06-07 12:05:09 - [MESSAGE][PASSED] - Current window maximized

2019-06-07 12:05:09 - [TEST_STEP][PASSED] - executeJavaScript("var previewBar = document.getElementById("preview-bar-iframe"); previewBar.style.display = "none";", []): Execute JavaScript 'var previewBar = document.getElementById("preview-bar-iframe"); previewBar.style.display = "none";' successfully

2019-06-07 12:05:09 - [MESSAGE][PASSED] - Execute JavaScript 'var previewBar = document.getElementById("preview-bar-iframe"); previewBar.style.display = "none";' successfully

2019-06-07 12:05:09 - [TEST_STEP][PASSED] - delay(4): Delayed 4 second(s)

2019-06-07 12:05:13 - [MESSAGE][PASSED] - Delayed 4 second(s)

2019-06-07 12:05:13 - [TEST_STEP][PASSED] - selectOptionByValue(findTestObject("OCS-DESKTOP/Age gate and Mega menu/Date"), "12", true): All options with value '12' are selected in object 'Object Repository/OCS-DESKTOP/Age gate and Mega menu/Date'  using regular expression

2019-06-07 12:05:14 - [MESSAGE][PASSED] - All options with value '12' are selected in object 'Object Repository/OCS-DESKTOP/Age gate and Mega menu/Date'  using regular expression

2019-06-07 12:05:14 - [TEST_STEP][PASSED] - selectOptionByValue(findTestObject("OCS-DESKTOP/Age gate and Mega menu/month"), "6", true): All options with value '6' are selected in object 'Object Repository/OCS-DESKTOP/Age gate and Mega menu/month'  using regular expression

2019-06-07 12:05:14 - [MESSAGE][PASSED] - All options with value '6' are selected in object 'Object Repository/OCS-DESKTOP/Age gate and Mega menu/month'  using regular expression

2019-06-07 12:05:14 - [TEST_STEP][PASSED] - delay(2): Delayed 2 second(s)

2019-06-07 12:05:16 - [MESSAGE][PASSED] - Delayed 2 second(s)

2019-06-07 12:05:16 - [TEST_STEP][PASSED] - selectOptionByValue(findTestObject("OCS-DESKTOP/Age gate and Mega menu/Year Dropdown"), "1990", true): All options with value '1990' are selected in object 'Object Repository/OCS-DESKTOP/Age gate and Mega menu/Year Dropdown'  using regular expression

2019-06-07 12:05:18 - [MESSAGE][PASSED] - All options with value '1990' are selected in object 'Object Repository/OCS-DESKTOP/Age gate and Mega menu/Year Dropdown'  using regular expression

2019-06-07 12:05:18 - [TEST_STEP][PASSED] - click(findTestObject("OCS-DESKTOP/Age gate and Mega menu/button_Verify")): Object: 'Object Repository/OCS-DESKTOP/Age gate and Mega menu/button_Verify' is clicked on

2019-06-07 12:05:18 - [MESSAGE][PASSED] - Object: 'Object Repository/OCS-DESKTOP/Age gate and Mega menu/button_Verify' is clicked on

2019-06-07 12:05:18 - [TEST_STEP][PASSED] - click(findTestObject("OCS-DESKTOP/Age gate and Mega menu/Checkbox_CONFIRM AND ACKNOWLEDGE")): Object: 'Object Repository/OCS-DESKTOP/Age gate and Mega menu/Checkbox_CONFIRM AND ACKNOWLEDGE' is clicked on

2019-06-07 12:05:18 - [MESSAGE][PASSED] - Object: 'Object Repository/OCS-DESKTOP/Age gate and Mega menu/Checkbox_CONFIRM AND ACKNOWLEDGE' is clicked on

2019-06-07 12:05:18 - [TEST_STEP][PASSED] - click(findTestObject("OCS-DESKTOP/Age gate and Mega menu/button_CONFIRM")): Object: 'Object Repository/OCS-DESKTOP/Age gate and Mega menu/button_CONFIRM' is clicked on

2019-06-07 12:05:19 - [MESSAGE][PASSED] - Object: 'Object Repository/OCS-DESKTOP/Age gate and Mega menu/button_CONFIRM' is clicked on

2019-06-07 12:05:19 - [TEST_STEP][PASSED] - click(findTestObject("OCS-DESKTOP/Age gate and Mega menu/button_Start Browsing")): Object: 'Object Repository/OCS-DESKTOP/Age gate and Mega menu/button_Start Browsing' is clicked on

2019-06-07 12:05:19 - [MESSAGE][PASSED] - Object: 'Object Repository/OCS-DESKTOP/Age gate and Mega menu/button_Start Browsing' is clicked on

2019-06-07 12:05:19 - [TEST_STEP][PASSED] - refresh(): Refresh successfully

2019-06-07 12:05:23 - [MESSAGE][PASSED] - Refresh successfully

2019-06-07 12:05:23 - [TEST_STEP][PASSED] - delay(2): Delayed 2 second(s)

2019-06-07 12:05:25 - [MESSAGE][PASSED] - Delayed 2 second(s)

2019-06-07 12:05:25 - [TEST_STEP][PASSED] - mouseOver(findTestObject("OCS-DESKTOP/Age gate and Mega menu/Header/CANNABIS menu - English")): Object: 'Object Repository/OCS-DESKTOP/Age gate and Mega menu/Header/CANNABIS menu - English' is hovered

2019-06-07 12:05:25 - [MESSAGE][PASSED] - Object: 'Object Repository/OCS-DESKTOP/Age gate and Mega menu/Header/CANNABIS menu - English' is hovered

2019-06-07 12:05:25 - [TEST_STEP][PASSED] - delay(2): Delayed 2 second(s)

2019-06-07 12:05:27 - [MESSAGE][PASSED] - Delayed 2 second(s)

2019-06-07 12:05:27 - [TEST_STEP][PASSED] - click(findTestObject("OCS-DESKTOP/Age gate and Mega menu/Indica Dominant_Menu item")): Object: 'Object Repository/OCS-DESKTOP/Age gate and Mega menu/Indica Dominant_Menu item' is clicked on

2019-06-07 12:05:30 - [MESSAGE][PASSED] - Object: 'Object Repository/OCS-DESKTOP/Age gate and Mega menu/Indica Dominant_Menu item' is clicked on

2019-06-07 12:05:30 - [TEST_STEP][PASSED] - delay(2): Delayed 2 second(s)

2019-06-07 12:05:32 - [MESSAGE][PASSED] - Delayed 2 second(s)

2019-06-07 12:05:32 - [TEST_STEP][PASSED] - scrollToElement(findTestObject("OCS-DESKTOP/Collection page/Product image - 1st one"), 0): Scroll to object 'Object Repository/OCS-DESKTOP/Collection page/Product image - 1st one' successfully

2019-06-07 12:05:32 - [MESSAGE][WARNING] - Timeout '0' is invalid. Using default page load timeout: '30'

2019-06-07 12:05:32 - [MESSAGE][PASSED] - Scroll to object 'Object Repository/OCS-DESKTOP/Collection page/Product image - 1st one' successfully

2019-06-07 12:05:32 - [TEST_STEP][PASSED] - delay(2): Delayed 2 second(s)

2019-06-07 12:05:34 - [MESSAGE][PASSED] - Delayed 2 second(s)

2019-06-07 12:05:34 - [TEST_STEP][PASSED] - click(findTestObject("OCS-DESKTOP/Collection page/Product image - 1st one")): Object: 'Object Repository/OCS-DESKTOP/Collection page/Product image - 1st one' is clicked on

2019-06-07 12:05:37 - [MESSAGE][PASSED] - Object: 'Object Repository/OCS-DESKTOP/Collection page/Product image - 1st one' is clicked on

2019-06-07 12:05:37 - [TEST_STEP][PASSED] - executeJavaScript("var previewBar = document.getElementById("preview-bar-iframe"); previewBar.style.display = "none";", []): Execute JavaScript 'var previewBar = document.getElementById("preview-bar-iframe"); previewBar.style.display = "none";' successfully

2019-06-07 12:05:37 - [MESSAGE][PASSED] - Execute JavaScript 'var previewBar = document.getElementById("preview-bar-iframe"); previewBar.style.display = "none";' successfully

2019-06-07 12:05:37 - [TEST_STEP][PASSED] - delay(2): Delayed 2 second(s)

2019-06-07 12:05:39 - [MESSAGE][PASSED] - Delayed 2 second(s)

2019-06-07 12:05:39 - [MESSAGE][PASSED] - Call Test Case 'Test Cases/OCS - DESKTOP/CALL - PDP' successfully

2019-06-07 12:05:39 - [TEST_STEP][FAILED] - scrollToElement(findTestObject("OCS-MOBILE /Product page/Product image"), 1): scrollToElement(findTestObject("OCS-MOBILE /Product page/Product image"), 1) FAILED.
Reason:
com.kms.katalon.core.exception.StepFailedException: Unable to scroll to object (Root cause: java.lang.IllegalArgumentException: Object is null)
	at com.kms.katalon.core.keyword.internal.KeywordMain.stepFailed(KeywordMain.groovy:36)
	at com.kms.katalon.core.webui.keyword.internal.WebUIKeywordMain.stepFailed(WebUIKeywordMain.groovy:65)
	at com.kms.katalon.core.webui.keyword.internal.WebUIKeywordMain.runKeyword(WebUIKeywordMain.groovy:27)
	at com.kms.katalon.core.webui.keyword.builtin.ScrollToElementKeyword.scrollToElement(ScrollToElementKeyword.groovy:88)
	at com.kms.katalon.core.webui.keyword.builtin.ScrollToElementKeyword.execute(ScrollToElementKeyword.groovy:68)
	at com.kms.katalon.core.keyword.internal.KeywordExecutor.executeKeywordForPlatform(KeywordExecutor.groovy:53)
	at com.kms.katalon.core.webui.keyword.WebUiBuiltInKeywords.scrollToElement(WebUiBuiltInKeywords.groovy:2975)
	at com.kms.katalon.core.webui.keyword.WebUiBuiltInKeywords$scrollToElement$11.call(Unknown Source)
	at Learn More.run(Learn More:18)
	at com.kms.katalon.core.main.ScriptEngine.run(ScriptEngine.java:194)
	at com.kms.katalon.core.main.ScriptEngine.runScriptAsRawText(ScriptEngine.java:119)
	at com.kms.katalon.core.main.TestCaseExecutor.runScript(TestCaseExecutor.java:328)
	at com.kms.katalon.core.main.TestCaseExecutor.doExecute(TestCaseExecutor.java:319)
	at com.kms.katalon.core.main.TestCaseExecutor.processExecutionPhase(TestCaseExecutor.java:298)
	at com.kms.katalon.core.main.TestCaseExecutor.accessMainPhase(TestCaseExecutor.java:290)
	at com.kms.katalon.core.main.TestCaseExecutor.execute(TestCaseExecutor.java:224)
	at com.kms.katalon.core.main.TestSuiteExecutor.accessTestCaseMainPhase(TestSuiteExecutor.java:129)
	at com.kms.katalon.core.main.TestSuiteExecutor.accessTestSuiteMainPhase(TestSuiteExecutor.java:112)
	at com.kms.katalon.core.main.TestSuiteExecutor.execute(TestSuiteExecutor.java:81)
	at com.kms.katalon.core.main.TestCaseMain.startTestSuite(TestCaseMain.java:149)
	at com.kms.katalon.core.main.TestCaseMain$startTestSuite$0.call(Unknown Source)
	at TempTestSuite1559921811030.run(TempTestSuite1559921811030.groovy:36)


2019-06-07 12:05:39 - [MESSAGE][WARNING] - Test object with id 'Object Repository/OCS-MOBILE /Product page/Product image' does not exist

2019-06-07 12:05:39 - [MESSAGE][WARNING] - Test object with id 'Object Repository/' does not exist

2019-06-07 12:05:40 - [MESSAGE][FAILED] - Unable to scroll to object (Root cause: java.lang.IllegalArgumentException: Object is null)
[[ATTACHMENT|/Users/sumankompelly/Relative xpath-Desktop/Reports/OCS- 1.9.2.1/20190607_113651/1559923539673.png]]

2019-06-07 12:05:40 - [MESSAGE][FAILED] - scrollToElement(findTestObject("OCS-MOBILE /Product page/Product image"), 1) FAILED.
Reason:
com.kms.katalon.core.exception.StepFailedException: Unable to scroll to object (Root cause: java.lang.IllegalArgumentException: Object is null)
	at com.kms.katalon.core.keyword.internal.KeywordMain.stepFailed(KeywordMain.groovy:36)
	at com.kms.katalon.core.webui.keyword.internal.WebUIKeywordMain.stepFailed(WebUIKeywordMain.groovy:65)
	at com.kms.katalon.core.webui.keyword.internal.WebUIKeywordMain.runKeyword(WebUIKeywordMain.groovy:27)
	at com.kms.katalon.core.webui.keyword.builtin.ScrollToElementKeyword.scrollToElement(ScrollToElementKeyword.groovy:88)
	at com.kms.katalon.core.webui.keyword.builtin.ScrollToElementKeyword.execute(ScrollToElementKeyword.groovy:68)
	at com.kms.katalon.core.keyword.internal.KeywordExecutor.executeKeywordForPlatform(KeywordExecutor.groovy:53)
	at com.kms.katalon.core.webui.keyword.WebUiBuiltInKeywords.scrollToElement(WebUiBuiltInKeywords.groovy:2975)
	at com.kms.katalon.core.webui.keyword.WebUiBuiltInKeywords$scrollToElement$11.call(Unknown Source)
	at Learn More.run(Learn More:18)
	at com.kms.katalon.core.main.ScriptEngine.run(ScriptEngine.java:194)
	at com.kms.katalon.core.main.ScriptEngine.runScriptAsRawText(ScriptEngine.java:119)
	at com.kms.katalon.core.main.TestCaseExecutor.runScript(TestCaseExecutor.java:328)
	at com.kms.katalon.core.main.TestCaseExecutor.doExecute(TestCaseExecutor.java:319)
	at com.kms.katalon.core.main.TestCaseExecutor.processExecutionPhase(TestCaseExecutor.java:298)
	at com.kms.katalon.core.main.TestCaseExecutor.accessMainPhase(TestCaseExecutor.java:290)
	at com.kms.katalon.core.main.TestCaseExecutor.execute(TestCaseExecutor.java:224)
	at com.kms.katalon.core.main.TestSuiteExecutor.accessTestCaseMainPhase(TestSuiteExecutor.java:129)
	at com.kms.katalon.core.main.TestSuiteExecutor.accessTestSuiteMainPhase(TestSuiteExecutor.java:112)
	at com.kms.katalon.core.main.TestSuiteExecutor.execute(TestSuiteExecutor.java:81)
	at com.kms.katalon.core.main.TestCaseMain.startTestSuite(TestCaseMain.java:149)
	at com.kms.katalon.core.main.TestCaseMain$startTestSuite$0.call(Unknown Source)
	at TempTestSuite1559921811030.run(TempTestSuite1559921811030.groovy:36)]]></system-out>
         <system-err><![CDATA[2019-06-07 12:05:01 - [TEST_CASE][FAILED] - Test Cases/OCS - DESKTOP/OCS- PRODUCT PAGE/Learn More: Test Cases/OCS - DESKTOP/OCS- PRODUCT PAGE/Learn More FAILED.
Reason:
com.kms.katalon.core.exception.StepFailedException: Unable to scroll to object (Root cause: java.lang.IllegalArgumentException: Object is null)
	at com.kms.katalon.core.keyword.internal.KeywordMain.stepFailed(KeywordMain.groovy:36)
	at com.kms.katalon.core.webui.keyword.internal.WebUIKeywordMain.stepFailed(WebUIKeywordMain.groovy:65)
	at com.kms.katalon.core.webui.keyword.internal.WebUIKeywordMain.runKeyword(WebUIKeywordMain.groovy:27)
	at com.kms.katalon.core.webui.keyword.builtin.ScrollToElementKeyword.scrollToElement(ScrollToElementKeyword.groovy:88)
	at com.kms.katalon.core.webui.keyword.builtin.ScrollToElementKeyword.execute(ScrollToElementKeyword.groovy:68)
	at com.kms.katalon.core.keyword.internal.KeywordExecutor.executeKeywordForPlatform(KeywordExecutor.groovy:53)
	at com.kms.katalon.core.webui.keyword.WebUiBuiltInKeywords.scrollToElement(WebUiBuiltInKeywords.groovy:2975)
	at com.kms.katalon.core.webui.keyword.WebUiBuiltInKeywords$scrollToElement$11.call(Unknown Source)
	at Learn More.run(Learn More:18)
	at com.kms.katalon.core.main.ScriptEngine.run(ScriptEngine.java:194)
	at com.kms.katalon.core.main.ScriptEngine.runScriptAsRawText(ScriptEngine.java:119)
	at com.kms.katalon.core.main.TestCaseExecutor.runScript(TestCaseExecutor.java:328)
	at com.kms.katalon.core.main.TestCaseExecutor.doExecute(TestCaseExecutor.java:319)
	at com.kms.katalon.core.main.TestCaseExecutor.processExecutionPhase(TestCaseExecutor.java:298)
	at com.kms.katalon.core.main.TestCaseExecutor.accessMainPhase(TestCaseExecutor.java:290)
	at com.kms.katalon.core.main.TestCaseExecutor.execute(TestCaseExecutor.java:224)
	at com.kms.katalon.core.main.TestSuiteExecutor.accessTestCaseMainPhase(TestSuiteExecutor.java:129)
	at com.kms.katalon.core.main.TestSuiteExecutor.accessTestSuiteMainPhase(TestSuiteExecutor.java:112)
	at com.kms.katalon.core.main.TestSuiteExecutor.execute(TestSuiteExecutor.java:81)
	at com.kms.katalon.core.main.TestCaseMain.startTestSuite(TestCaseMain.java:149)
	at com.kms.katalon.core.main.TestCaseMain$startTestSuite$0.call(Unknown Source)
	at TempTestSuite1559921811030.run(TempTestSuite1559921811030.groovy:36)]]></system-err>
      </testcase>
      <testcase name="Test Cases/OCS - DESKTOP/OCS- PRODUCT PAGE/More items to consider" classname="Test Cases/OCS - DESKTOP/OCS- PRODUCT PAGE/More items to consider" status="FAILED">
         <failure type="FAILED" message="Test Cases/OCS - DESKTOP/OCS- PRODUCT PAGE/More items to consider FAILED.
Reason:
com.kms.katalon.core.exception.StepFailedException: Unable to scroll to object (Root cause: java.lang.IllegalArgumentException: Object is null)
	at com.kms.katalon.core.keyword.internal.KeywordMain.stepFailed(KeywordMain.groovy:36)
	at com.kms.katalon.core.webui.keyword.internal.WebUIKeywordMain.stepFailed(WebUIKeywordMain.groovy:65)
	at com.kms.katalon.core.webui.keyword.internal.WebUIKeywordMain.runKeyword(WebUIKeywordMain.groovy:27)
	at com.kms.katalon.core.webui.keyword.builtin.ScrollToElementKeyword.scrollToElement(ScrollToElementKeyword.groovy:88)
	at com.kms.katalon.core.webui.keyword.builtin.ScrollToElementKeyword.execute(ScrollToElementKeyword.groovy:68)
	at com.kms.katalon.core.keyword.internal.KeywordExecutor.executeKeywordForPlatform(KeywordExecutor.groovy:53)
	at com.kms.katalon.core.webui.keyword.WebUiBuiltInKeywords.scrollToElement(WebUiBuiltInKeywords.groovy:2975)
	at com.kms.katalon.core.webui.keyword.WebUiBuiltInKeywords$scrollToElement$11.call(Unknown Source)
	at More items to consider.run(More items to consider:19)
	at com.kms.katalon.core.main.ScriptEngine.run(ScriptEngine.java:194)
	at com.kms.katalon.core.main.ScriptEngine.runScriptAsRawText(ScriptEngine.java:119)
	at com.kms.katalon.core.main.TestCaseExecutor.runScript(TestCaseExecutor.java:328)
	at com.kms.katalon.core.main.TestCaseExecutor.doExecute(TestCaseExecutor.java:319)
	at com.kms.katalon.core.main.TestCaseExecutor.processExecutionPhase(TestCaseExecutor.java:298)
	at com.kms.katalon.core.main.TestCaseExecutor.accessMainPhase(TestCaseExecutor.java:290)
	at com.kms.katalon.core.main.TestCaseExecutor.execute(TestCaseExecutor.java:224)
	at com.kms.katalon.core.main.TestSuiteExecutor.accessTestCaseMainPhase(TestSuiteExecutor.java:129)
	at com.kms.katalon.core.main.TestSuiteExecutor.accessTestSuiteMainPhase(TestSuiteExecutor.java:112)
	at com.kms.katalon.core.main.TestSuiteExecutor.execute(TestSuiteExecutor.java:81)
	at com.kms.katalon.core.main.TestCaseMain.startTestSuite(TestCaseMain.java:149)
	at com.kms.katalon.core.main.TestCaseMain$startTestSuite$0.call(Unknown Source)
	at TempTestSuite1559921811030.run(TempTestSuite1559921811030.groovy:36)
"/>
         <system-out><![CDATA[2019-06-07 12:05:40 - [TEST_CASE][FAILED] - Test Cases/OCS - DESKTOP/OCS- PRODUCT PAGE/More items to consider: Test Cases/OCS - DESKTOP/OCS- PRODUCT PAGE/More items to consider FAILED.
Reason:
com.kms.katalon.core.exception.StepFailedException: Unable to scroll to object (Root cause: java.lang.IllegalArgumentException: Object is null)
	at com.kms.katalon.core.keyword.internal.KeywordMain.stepFailed(KeywordMain.groovy:36)
	at com.kms.katalon.core.webui.keyword.internal.WebUIKeywordMain.stepFailed(WebUIKeywordMain.groovy:65)
	at com.kms.katalon.core.webui.keyword.internal.WebUIKeywordMain.runKeyword(WebUIKeywordMain.groovy:27)
	at com.kms.katalon.core.webui.keyword.builtin.ScrollToElementKeyword.scrollToElement(ScrollToElementKeyword.groovy:88)
	at com.kms.katalon.core.webui.keyword.builtin.ScrollToElementKeyword.execute(ScrollToElementKeyword.groovy:68)
	at com.kms.katalon.core.keyword.internal.KeywordExecutor.executeKeywordForPlatform(KeywordExecutor.groovy:53)
	at com.kms.katalon.core.webui.keyword.WebUiBuiltInKeywords.scrollToElement(WebUiBuiltInKeywords.groovy:2975)
	at com.kms.katalon.core.webui.keyword.WebUiBuiltInKeywords$scrollToElement$11.call(Unknown Source)
	at More items to consider.run(More items to consider:19)
	at com.kms.katalon.core.main.ScriptEngine.run(ScriptEngine.java:194)
	at com.kms.katalon.core.main.ScriptEngine.runScriptAsRawText(ScriptEngine.java:119)
	at com.kms.katalon.core.main.TestCaseExecutor.runScript(TestCaseExecutor.java:328)
	at com.kms.katalon.core.main.TestCaseExecutor.doExecute(TestCaseExecutor.java:319)
	at com.kms.katalon.core.main.TestCaseExecutor.processExecutionPhase(TestCaseExecutor.java:298)
	at com.kms.katalon.core.main.TestCaseExecutor.accessMainPhase(TestCaseExecutor.java:290)
	at com.kms.katalon.core.main.TestCaseExecutor.execute(TestCaseExecutor.java:224)
	at com.kms.katalon.core.main.TestSuiteExecutor.accessTestCaseMainPhase(TestSuiteExecutor.java:129)
	at com.kms.katalon.core.main.TestSuiteExecutor.accessTestSuiteMainPhase(TestSuiteExecutor.java:112)
	at com.kms.katalon.core.main.TestSuiteExecutor.execute(TestSuiteExecutor.java:81)
	at com.kms.katalon.core.main.TestCaseMain.startTestSuite(TestCaseMain.java:149)
	at com.kms.katalon.core.main.TestCaseMain$startTestSuite$0.call(Unknown Source)
	at TempTestSuite1559921811030.run(TempTestSuite1559921811030.groovy:36)


2019-06-07 12:05:40 - [TEST_STEP][PASSED] - callTestCase(findTestCase("OCS - DESKTOP/CALL - PDP"), [:], STOP_ON_FAILURE): Call Test Case 'Test Cases/OCS - DESKTOP/CALL - PDP' successfully

2019-06-07 12:05:40 - [TEST_CASE][PASSED] - Test Cases/OCS - DESKTOP/CALL - PDP: Test Cases/OCS - DESKTOP/CALL - PDP

2019-06-07 12:05:40 - [TEST_STEP][PASSED] - openBrowser(""): Browser is opened with url: ''

2019-06-07 12:05:40 - [MESSAGE][WARNING] - A browser is already opened. Closing browser and opening a new one

2019-06-07 12:05:40 - [MESSAGE][INFO] - Starting 'Firefox' driver

2019-06-07 12:05:43 - [MESSAGE][PASSED] - Browser is opened with url: ''

2019-06-07 12:05:43 - [TEST_STEP][PASSED] - navigateToUrl("https://ocs.ca/?fts=0&preview_theme_id=72920074060"): Navigate to 'https://ocs.ca/?fts=0&preview_theme_id=72920074060' successfully

2019-06-07 12:05:49 - [MESSAGE][PASSED] - Navigate to 'https://ocs.ca/?fts=0&preview_theme_id=72920074060' successfully

2019-06-07 12:05:49 - [TEST_STEP][PASSED] - maximizeWindow(): Current window maximized

2019-06-07 12:05:49 - [MESSAGE][PASSED] - Current window maximized

2019-06-07 12:05:49 - [TEST_STEP][PASSED] - executeJavaScript("var previewBar = document.getElementById("preview-bar-iframe"); previewBar.style.display = "none";", []): Execute JavaScript 'var previewBar = document.getElementById("preview-bar-iframe"); previewBar.style.display = "none";' successfully

2019-06-07 12:05:49 - [MESSAGE][PASSED] - Execute JavaScript 'var previewBar = document.getElementById("preview-bar-iframe"); previewBar.style.display = "none";' successfully

2019-06-07 12:05:49 - [TEST_STEP][PASSED] - delay(4): Delayed 4 second(s)

2019-06-07 12:05:53 - [MESSAGE][PASSED] - Delayed 4 second(s)

2019-06-07 12:05:53 - [TEST_STEP][PASSED] - selectOptionByValue(findTestObject("OCS-DESKTOP/Age gate and Mega menu/Date"), "12", true): All options with value '12' are selected in object 'Object Repository/OCS-DESKTOP/Age gate and Mega menu/Date'  using regular expression

2019-06-07 12:05:54 - [MESSAGE][PASSED] - All options with value '12' are selected in object 'Object Repository/OCS-DESKTOP/Age gate and Mega menu/Date'  using regular expression

2019-06-07 12:05:54 - [TEST_STEP][PASSED] - selectOptionByValue(findTestObject("OCS-DESKTOP/Age gate and Mega menu/month"), "6", true): All options with value '6' are selected in object 'Object Repository/OCS-DESKTOP/Age gate and Mega menu/month'  using regular expression

2019-06-07 12:05:54 - [MESSAGE][PASSED] - All options with value '6' are selected in object 'Object Repository/OCS-DESKTOP/Age gate and Mega menu/month'  using regular expression

2019-06-07 12:05:54 - [TEST_STEP][PASSED] - delay(2): Delayed 2 second(s)

2019-06-07 12:05:56 - [MESSAGE][PASSED] - Delayed 2 second(s)

2019-06-07 12:05:56 - [TEST_STEP][PASSED] - selectOptionByValue(findTestObject("OCS-DESKTOP/Age gate and Mega menu/Year Dropdown"), "1990", true): All options with value '1990' are selected in object 'Object Repository/OCS-DESKTOP/Age gate and Mega menu/Year Dropdown'  using regular expression

2019-06-07 12:05:58 - [MESSAGE][PASSED] - All options with value '1990' are selected in object 'Object Repository/OCS-DESKTOP/Age gate and Mega menu/Year Dropdown'  using regular expression

2019-06-07 12:05:58 - [TEST_STEP][PASSED] - click(findTestObject("OCS-DESKTOP/Age gate and Mega menu/button_Verify")): Object: 'Object Repository/OCS-DESKTOP/Age gate and Mega menu/button_Verify' is clicked on

2019-06-07 12:05:58 - [MESSAGE][PASSED] - Object: 'Object Repository/OCS-DESKTOP/Age gate and Mega menu/button_Verify' is clicked on

2019-06-07 12:05:58 - [TEST_STEP][PASSED] - click(findTestObject("OCS-DESKTOP/Age gate and Mega menu/Checkbox_CONFIRM AND ACKNOWLEDGE")): Object: 'Object Repository/OCS-DESKTOP/Age gate and Mega menu/Checkbox_CONFIRM AND ACKNOWLEDGE' is clicked on

2019-06-07 12:05:58 - [MESSAGE][PASSED] - Object: 'Object Repository/OCS-DESKTOP/Age gate and Mega menu/Checkbox_CONFIRM AND ACKNOWLEDGE' is clicked on

2019-06-07 12:05:58 - [TEST_STEP][PASSED] - click(findTestObject("OCS-DESKTOP/Age gate and Mega menu/button_CONFIRM")): Object: 'Object Repository/OCS-DESKTOP/Age gate and Mega menu/button_CONFIRM' is clicked on

2019-06-07 12:05:58 - [MESSAGE][PASSED] - Object: 'Object Repository/OCS-DESKTOP/Age gate and Mega menu/button_CONFIRM' is clicked on

2019-06-07 12:05:58 - [TEST_STEP][PASSED] - click(findTestObject("OCS-DESKTOP/Age gate and Mega menu/button_Start Browsing")): Object: 'Object Repository/OCS-DESKTOP/Age gate and Mega menu/button_Start Browsing' is clicked on

2019-06-07 12:05:59 - [MESSAGE][PASSED] - Object: 'Object Repository/OCS-DESKTOP/Age gate and Mega menu/button_Start Browsing' is clicked on

2019-06-07 12:05:59 - [TEST_STEP][PASSED] - refresh(): Refresh successfully

2019-06-07 12:06:03 - [MESSAGE][PASSED] - Refresh successfully

2019-06-07 12:06:03 - [TEST_STEP][PASSED] - delay(2): Delayed 2 second(s)

2019-06-07 12:06:05 - [MESSAGE][PASSED] - Delayed 2 second(s)

2019-06-07 12:06:05 - [TEST_STEP][PASSED] - mouseOver(findTestObject("OCS-DESKTOP/Age gate and Mega menu/Header/CANNABIS menu - English")): Object: 'Object Repository/OCS-DESKTOP/Age gate and Mega menu/Header/CANNABIS menu - English' is hovered

2019-06-07 12:06:05 - [MESSAGE][PASSED] - Object: 'Object Repository/OCS-DESKTOP/Age gate and Mega menu/Header/CANNABIS menu - English' is hovered

2019-06-07 12:06:05 - [TEST_STEP][PASSED] - delay(2): Delayed 2 second(s)

2019-06-07 12:06:07 - [MESSAGE][PASSED] - Delayed 2 second(s)

2019-06-07 12:06:07 - [TEST_STEP][PASSED] - click(findTestObject("OCS-DESKTOP/Age gate and Mega menu/Indica Dominant_Menu item")): Object: 'Object Repository/OCS-DESKTOP/Age gate and Mega menu/Indica Dominant_Menu item' is clicked on

2019-06-07 12:06:09 - [MESSAGE][PASSED] - Object: 'Object Repository/OCS-DESKTOP/Age gate and Mega menu/Indica Dominant_Menu item' is clicked on

2019-06-07 12:06:09 - [TEST_STEP][PASSED] - delay(2): Delayed 2 second(s)

2019-06-07 12:06:11 - [MESSAGE][PASSED] - Delayed 2 second(s)

2019-06-07 12:06:11 - [TEST_STEP][PASSED] - scrollToElement(findTestObject("OCS-DESKTOP/Collection page/Product image - 1st one"), 0): Scroll to object 'Object Repository/OCS-DESKTOP/Collection page/Product image - 1st one' successfully

2019-06-07 12:06:11 - [MESSAGE][WARNING] - Timeout '0' is invalid. Using default page load timeout: '30'

2019-06-07 12:06:11 - [MESSAGE][PASSED] - Scroll to object 'Object Repository/OCS-DESKTOP/Collection page/Product image - 1st one' successfully

2019-06-07 12:06:11 - [TEST_STEP][PASSED] - delay(2): Delayed 2 second(s)

2019-06-07 12:06:13 - [MESSAGE][PASSED] - Delayed 2 second(s)

2019-06-07 12:06:13 - [TEST_STEP][PASSED] - click(findTestObject("OCS-DESKTOP/Collection page/Product image - 1st one")): Object: 'Object Repository/OCS-DESKTOP/Collection page/Product image - 1st one' is clicked on

2019-06-07 12:06:15 - [MESSAGE][PASSED] - Object: 'Object Repository/OCS-DESKTOP/Collection page/Product image - 1st one' is clicked on

2019-06-07 12:06:15 - [TEST_STEP][PASSED] - executeJavaScript("var previewBar = document.getElementById("preview-bar-iframe"); previewBar.style.display = "none";", []): Execute JavaScript 'var previewBar = document.getElementById("preview-bar-iframe"); previewBar.style.display = "none";' successfully

2019-06-07 12:06:15 - [MESSAGE][PASSED] - Execute JavaScript 'var previewBar = document.getElementById("preview-bar-iframe"); previewBar.style.display = "none";' successfully

2019-06-07 12:06:15 - [TEST_STEP][PASSED] - delay(2): Delayed 2 second(s)

2019-06-07 12:06:17 - [MESSAGE][PASSED] - Delayed 2 second(s)

2019-06-07 12:06:17 - [MESSAGE][PASSED] - Call Test Case 'Test Cases/OCS - DESKTOP/CALL - PDP' successfully

2019-06-07 12:06:17 - [TEST_STEP][FAILED] - scrollToElement(findTestObject("OCS-MOBILE /Product page/Product image"), 1): scrollToElement(findTestObject("OCS-MOBILE /Product page/Product image"), 1) FAILED.
Reason:
com.kms.katalon.core.exception.StepFailedException: Unable to scroll to object (Root cause: java.lang.IllegalArgumentException: Object is null)
	at com.kms.katalon.core.keyword.internal.KeywordMain.stepFailed(KeywordMain.groovy:36)
	at com.kms.katalon.core.webui.keyword.internal.WebUIKeywordMain.stepFailed(WebUIKeywordMain.groovy:65)
	at com.kms.katalon.core.webui.keyword.internal.WebUIKeywordMain.runKeyword(WebUIKeywordMain.groovy:27)
	at com.kms.katalon.core.webui.keyword.builtin.ScrollToElementKeyword.scrollToElement(ScrollToElementKeyword.groovy:88)
	at com.kms.katalon.core.webui.keyword.builtin.ScrollToElementKeyword.execute(ScrollToElementKeyword.groovy:68)
	at com.kms.katalon.core.keyword.internal.KeywordExecutor.executeKeywordForPlatform(KeywordExecutor.groovy:53)
	at com.kms.katalon.core.webui.keyword.WebUiBuiltInKeywords.scrollToElement(WebUiBuiltInKeywords.groovy:2975)
	at com.kms.katalon.core.webui.keyword.WebUiBuiltInKeywords$scrollToElement$11.call(Unknown Source)
	at More items to consider.run(More items to consider:19)
	at com.kms.katalon.core.main.ScriptEngine.run(ScriptEngine.java:194)
	at com.kms.katalon.core.main.ScriptEngine.runScriptAsRawText(ScriptEngine.java:119)
	at com.kms.katalon.core.main.TestCaseExecutor.runScript(TestCaseExecutor.java:328)
	at com.kms.katalon.core.main.TestCaseExecutor.doExecute(TestCaseExecutor.java:319)
	at com.kms.katalon.core.main.TestCaseExecutor.processExecutionPhase(TestCaseExecutor.java:298)
	at com.kms.katalon.core.main.TestCaseExecutor.accessMainPhase(TestCaseExecutor.java:290)
	at com.kms.katalon.core.main.TestCaseExecutor.execute(TestCaseExecutor.java:224)
	at com.kms.katalon.core.main.TestSuiteExecutor.accessTestCaseMainPhase(TestSuiteExecutor.java:129)
	at com.kms.katalon.core.main.TestSuiteExecutor.accessTestSuiteMainPhase(TestSuiteExecutor.java:112)
	at com.kms.katalon.core.main.TestSuiteExecutor.execute(TestSuiteExecutor.java:81)
	at com.kms.katalon.core.main.TestCaseMain.startTestSuite(TestCaseMain.java:149)
	at com.kms.katalon.core.main.TestCaseMain$startTestSuite$0.call(Unknown Source)
	at TempTestSuite1559921811030.run(TempTestSuite1559921811030.groovy:36)


2019-06-07 12:06:17 - [MESSAGE][WARNING] - Test object with id 'Object Repository/OCS-MOBILE /Product page/Product image' does not exist

2019-06-07 12:06:17 - [MESSAGE][WARNING] - Test object with id 'Object Repository/' does not exist

2019-06-07 12:06:17 - [MESSAGE][FAILED] - Unable to scroll to object (Root cause: java.lang.IllegalArgumentException: Object is null)
[[ATTACHMENT|/Users/sumankompelly/Relative xpath-Desktop/Reports/OCS- 1.9.2.1/20190607_113651/1559923577643.png]]

2019-06-07 12:06:17 - [MESSAGE][FAILED] - scrollToElement(findTestObject("OCS-MOBILE /Product page/Product image"), 1) FAILED.
Reason:
com.kms.katalon.core.exception.StepFailedException: Unable to scroll to object (Root cause: java.lang.IllegalArgumentException: Object is null)
	at com.kms.katalon.core.keyword.internal.KeywordMain.stepFailed(KeywordMain.groovy:36)
	at com.kms.katalon.core.webui.keyword.internal.WebUIKeywordMain.stepFailed(WebUIKeywordMain.groovy:65)
	at com.kms.katalon.core.webui.keyword.internal.WebUIKeywordMain.runKeyword(WebUIKeywordMain.groovy:27)
	at com.kms.katalon.core.webui.keyword.builtin.ScrollToElementKeyword.scrollToElement(ScrollToElementKeyword.groovy:88)
	at com.kms.katalon.core.webui.keyword.builtin.ScrollToElementKeyword.execute(ScrollToElementKeyword.groovy:68)
	at com.kms.katalon.core.keyword.internal.KeywordExecutor.executeKeywordForPlatform(KeywordExecutor.groovy:53)
	at com.kms.katalon.core.webui.keyword.WebUiBuiltInKeywords.scrollToElement(WebUiBuiltInKeywords.groovy:2975)
	at com.kms.katalon.core.webui.keyword.WebUiBuiltInKeywords$scrollToElement$11.call(Unknown Source)
	at More items to consider.run(More items to consider:19)
	at com.kms.katalon.core.main.ScriptEngine.run(ScriptEngine.java:194)
	at com.kms.katalon.core.main.ScriptEngine.runScriptAsRawText(ScriptEngine.java:119)
	at com.kms.katalon.core.main.TestCaseExecutor.runScript(TestCaseExecutor.java:328)
	at com.kms.katalon.core.main.TestCaseExecutor.doExecute(TestCaseExecutor.java:319)
	at com.kms.katalon.core.main.TestCaseExecutor.processExecutionPhase(TestCaseExecutor.java:298)
	at com.kms.katalon.core.main.TestCaseExecutor.accessMainPhase(TestCaseExecutor.java:290)
	at com.kms.katalon.core.main.TestCaseExecutor.execute(TestCaseExecutor.java:224)
	at com.kms.katalon.core.main.TestSuiteExecutor.accessTestCaseMainPhase(TestSuiteExecutor.java:129)
	at com.kms.katalon.core.main.TestSuiteExecutor.accessTestSuiteMainPhase(TestSuiteExecutor.java:112)
	at com.kms.katalon.core.main.TestSuiteExecutor.execute(TestSuiteExecutor.java:81)
	at com.kms.katalon.core.main.TestCaseMain.startTestSuite(TestCaseMain.java:149)
	at com.kms.katalon.core.main.TestCaseMain$startTestSuite$0.call(Unknown Source)
	at TempTestSuite1559921811030.run(TempTestSuite1559921811030.groovy:36)]]></system-out>
         <system-err><![CDATA[2019-06-07 12:05:40 - [TEST_CASE][FAILED] - Test Cases/OCS - DESKTOP/OCS- PRODUCT PAGE/More items to consider: Test Cases/OCS - DESKTOP/OCS- PRODUCT PAGE/More items to consider FAILED.
Reason:
com.kms.katalon.core.exception.StepFailedException: Unable to scroll to object (Root cause: java.lang.IllegalArgumentException: Object is null)
	at com.kms.katalon.core.keyword.internal.KeywordMain.stepFailed(KeywordMain.groovy:36)
	at com.kms.katalon.core.webui.keyword.internal.WebUIKeywordMain.stepFailed(WebUIKeywordMain.groovy:65)
	at com.kms.katalon.core.webui.keyword.internal.WebUIKeywordMain.runKeyword(WebUIKeywordMain.groovy:27)
	at com.kms.katalon.core.webui.keyword.builtin.ScrollToElementKeyword.scrollToElement(ScrollToElementKeyword.groovy:88)
	at com.kms.katalon.core.webui.keyword.builtin.ScrollToElementKeyword.execute(ScrollToElementKeyword.groovy:68)
	at com.kms.katalon.core.keyword.internal.KeywordExecutor.executeKeywordForPlatform(KeywordExecutor.groovy:53)
	at com.kms.katalon.core.webui.keyword.WebUiBuiltInKeywords.scrollToElement(WebUiBuiltInKeywords.groovy:2975)
	at com.kms.katalon.core.webui.keyword.WebUiBuiltInKeywords$scrollToElement$11.call(Unknown Source)
	at More items to consider.run(More items to consider:19)
	at com.kms.katalon.core.main.ScriptEngine.run(ScriptEngine.java:194)
	at com.kms.katalon.core.main.ScriptEngine.runScriptAsRawText(ScriptEngine.java:119)
	at com.kms.katalon.core.main.TestCaseExecutor.runScript(TestCaseExecutor.java:328)
	at com.kms.katalon.core.main.TestCaseExecutor.doExecute(TestCaseExecutor.java:319)
	at com.kms.katalon.core.main.TestCaseExecutor.processExecutionPhase(TestCaseExecutor.java:298)
	at com.kms.katalon.core.main.TestCaseExecutor.accessMainPhase(TestCaseExecutor.java:290)
	at com.kms.katalon.core.main.TestCaseExecutor.execute(TestCaseExecutor.java:224)
	at com.kms.katalon.core.main.TestSuiteExecutor.accessTestCaseMainPhase(TestSuiteExecutor.java:129)
	at com.kms.katalon.core.main.TestSuiteExecutor.accessTestSuiteMainPhase(TestSuiteExecutor.java:112)
	at com.kms.katalon.core.main.TestSuiteExecutor.execute(TestSuiteExecutor.java:81)
	at com.kms.katalon.core.main.TestCaseMain.startTestSuite(TestCaseMain.java:149)
	at com.kms.katalon.core.main.TestCaseMain$startTestSuite$0.call(Unknown Source)
	at TempTestSuite1559921811030.run(TempTestSuite1559921811030.groovy:36)]]></system-err>
      </testcase>
      <testcase name="Test Cases/OCS - DESKTOP/OCS- PRODUCT PAGE/Price" classname="Test Cases/OCS - DESKTOP/OCS- PRODUCT PAGE/Price" status="FAILED">
         <failure type="FAILED" message="Test Cases/OCS - DESKTOP/OCS- PRODUCT PAGE/Price FAILED.
Reason:
com.kms.katalon.core.exception.StepFailedException: Unable to scroll to object (Root cause: java.lang.IllegalArgumentException: Object is null)
	at com.kms.katalon.core.keyword.internal.KeywordMain.stepFailed(KeywordMain.groovy:36)
	at com.kms.katalon.core.webui.keyword.internal.WebUIKeywordMain.stepFailed(WebUIKeywordMain.groovy:65)
	at com.kms.katalon.core.webui.keyword.internal.WebUIKeywordMain.runKeyword(WebUIKeywordMain.groovy:27)
	at com.kms.katalon.core.webui.keyword.builtin.ScrollToElementKeyword.scrollToElement(ScrollToElementKeyword.groovy:88)
	at com.kms.katalon.core.webui.keyword.builtin.ScrollToElementKeyword.execute(ScrollToElementKeyword.groovy:68)
	at com.kms.katalon.core.keyword.internal.KeywordExecutor.executeKeywordForPlatform(KeywordExecutor.groovy:53)
	at com.kms.katalon.core.webui.keyword.WebUiBuiltInKeywords.scrollToElement(WebUiBuiltInKeywords.groovy:2975)
	at com.kms.katalon.core.webui.keyword.WebUiBuiltInKeywords$scrollToElement$11.call(Unknown Source)
	at Price.run(Price:22)
	at com.kms.katalon.core.main.ScriptEngine.run(ScriptEngine.java:194)
	at com.kms.katalon.core.main.ScriptEngine.runScriptAsRawText(ScriptEngine.java:119)
	at com.kms.katalon.core.main.TestCaseExecutor.runScript(TestCaseExecutor.java:328)
	at com.kms.katalon.core.main.TestCaseExecutor.doExecute(TestCaseExecutor.java:319)
	at com.kms.katalon.core.main.TestCaseExecutor.processExecutionPhase(TestCaseExecutor.java:298)
	at com.kms.katalon.core.main.TestCaseExecutor.accessMainPhase(TestCaseExecutor.java:290)
	at com.kms.katalon.core.main.TestCaseExecutor.execute(TestCaseExecutor.java:224)
	at com.kms.katalon.core.main.TestSuiteExecutor.accessTestCaseMainPhase(TestSuiteExecutor.java:129)
	at com.kms.katalon.core.main.TestSuiteExecutor.accessTestSuiteMainPhase(TestSuiteExecutor.java:112)
	at com.kms.katalon.core.main.TestSuiteExecutor.execute(TestSuiteExecutor.java:81)
	at com.kms.katalon.core.main.TestCaseMain.startTestSuite(TestCaseMain.java:149)
	at com.kms.katalon.core.main.TestCaseMain$startTestSuite$0.call(Unknown Source)
	at TempTestSuite1559921811030.run(TempTestSuite1559921811030.groovy:36)
"/>
         <system-out><![CDATA[2019-06-07 12:06:17 - [TEST_CASE][FAILED] - Test Cases/OCS - DESKTOP/OCS- PRODUCT PAGE/Price: Test Cases/OCS - DESKTOP/OCS- PRODUCT PAGE/Price FAILED.
Reason:
com.kms.katalon.core.exception.StepFailedException: Unable to scroll to object (Root cause: java.lang.IllegalArgumentException: Object is null)
	at com.kms.katalon.core.keyword.internal.KeywordMain.stepFailed(KeywordMain.groovy:36)
	at com.kms.katalon.core.webui.keyword.internal.WebUIKeywordMain.stepFailed(WebUIKeywordMain.groovy:65)
	at com.kms.katalon.core.webui.keyword.internal.WebUIKeywordMain.runKeyword(WebUIKeywordMain.groovy:27)
	at com.kms.katalon.core.webui.keyword.builtin.ScrollToElementKeyword.scrollToElement(ScrollToElementKeyword.groovy:88)
	at com.kms.katalon.core.webui.keyword.builtin.ScrollToElementKeyword.execute(ScrollToElementKeyword.groovy:68)
	at com.kms.katalon.core.keyword.internal.KeywordExecutor.executeKeywordForPlatform(KeywordExecutor.groovy:53)
	at com.kms.katalon.core.webui.keyword.WebUiBuiltInKeywords.scrollToElement(WebUiBuiltInKeywords.groovy:2975)
	at com.kms.katalon.core.webui.keyword.WebUiBuiltInKeywords$scrollToElement$11.call(Unknown Source)
	at Price.run(Price:22)
	at com.kms.katalon.core.main.ScriptEngine.run(ScriptEngine.java:194)
	at com.kms.katalon.core.main.ScriptEngine.runScriptAsRawText(ScriptEngine.java:119)
	at com.kms.katalon.core.main.TestCaseExecutor.runScript(TestCaseExecutor.java:328)
	at com.kms.katalon.core.main.TestCaseExecutor.doExecute(TestCaseExecutor.java:319)
	at com.kms.katalon.core.main.TestCaseExecutor.processExecutionPhase(TestCaseExecutor.java:298)
	at com.kms.katalon.core.main.TestCaseExecutor.accessMainPhase(TestCaseExecutor.java:290)
	at com.kms.katalon.core.main.TestCaseExecutor.execute(TestCaseExecutor.java:224)
	at com.kms.katalon.core.main.TestSuiteExecutor.accessTestCaseMainPhase(TestSuiteExecutor.java:129)
	at com.kms.katalon.core.main.TestSuiteExecutor.accessTestSuiteMainPhase(TestSuiteExecutor.java:112)
	at com.kms.katalon.core.main.TestSuiteExecutor.execute(TestSuiteExecutor.java:81)
	at com.kms.katalon.core.main.TestCaseMain.startTestSuite(TestCaseMain.java:149)
	at com.kms.katalon.core.main.TestCaseMain$startTestSuite$0.call(Unknown Source)
	at TempTestSuite1559921811030.run(TempTestSuite1559921811030.groovy:36)


2019-06-07 12:06:18 - [TEST_STEP][PASSED] - callTestCase(findTestCase("OCS - DESKTOP/CALL - PDP"), [:], STOP_ON_FAILURE): Call Test Case 'Test Cases/OCS - DESKTOP/CALL - PDP' successfully

2019-06-07 12:06:18 - [TEST_CASE][PASSED] - Test Cases/OCS - DESKTOP/CALL - PDP: Test Cases/OCS - DESKTOP/CALL - PDP

2019-06-07 12:06:18 - [TEST_STEP][PASSED] - openBrowser(""): Browser is opened with url: ''

2019-06-07 12:06:18 - [MESSAGE][WARNING] - A browser is already opened. Closing browser and opening a new one

2019-06-07 12:06:18 - [MESSAGE][INFO] - Starting 'Firefox' driver

2019-06-07 12:06:20 - [MESSAGE][PASSED] - Browser is opened with url: ''

2019-06-07 12:06:20 - [TEST_STEP][PASSED] - navigateToUrl("https://ocs.ca/?fts=0&preview_theme_id=72920074060"): Navigate to 'https://ocs.ca/?fts=0&preview_theme_id=72920074060' successfully

2019-06-07 12:06:29 - [MESSAGE][PASSED] - Navigate to 'https://ocs.ca/?fts=0&preview_theme_id=72920074060' successfully

2019-06-07 12:06:29 - [TEST_STEP][PASSED] - maximizeWindow(): Current window maximized

2019-06-07 12:06:30 - [MESSAGE][PASSED] - Current window maximized

2019-06-07 12:06:30 - [TEST_STEP][PASSED] - executeJavaScript("var previewBar = document.getElementById("preview-bar-iframe"); previewBar.style.display = "none";", []): Execute JavaScript 'var previewBar = document.getElementById("preview-bar-iframe"); previewBar.style.display = "none";' successfully

2019-06-07 12:06:30 - [MESSAGE][PASSED] - Execute JavaScript 'var previewBar = document.getElementById("preview-bar-iframe"); previewBar.style.display = "none";' successfully

2019-06-07 12:06:30 - [TEST_STEP][PASSED] - delay(4): Delayed 4 second(s)

2019-06-07 12:06:34 - [MESSAGE][PASSED] - Delayed 4 second(s)

2019-06-07 12:06:34 - [TEST_STEP][PASSED] - selectOptionByValue(findTestObject("OCS-DESKTOP/Age gate and Mega menu/Date"), "12", true): All options with value '12' are selected in object 'Object Repository/OCS-DESKTOP/Age gate and Mega menu/Date'  using regular expression

2019-06-07 12:06:34 - [MESSAGE][PASSED] - All options with value '12' are selected in object 'Object Repository/OCS-DESKTOP/Age gate and Mega menu/Date'  using regular expression

2019-06-07 12:06:34 - [TEST_STEP][PASSED] - selectOptionByValue(findTestObject("OCS-DESKTOP/Age gate and Mega menu/month"), "6", true): All options with value '6' are selected in object 'Object Repository/OCS-DESKTOP/Age gate and Mega menu/month'  using regular expression

2019-06-07 12:06:35 - [MESSAGE][PASSED] - All options with value '6' are selected in object 'Object Repository/OCS-DESKTOP/Age gate and Mega menu/month'  using regular expression

2019-06-07 12:06:35 - [TEST_STEP][PASSED] - delay(2): Delayed 2 second(s)

2019-06-07 12:06:37 - [MESSAGE][PASSED] - Delayed 2 second(s)

2019-06-07 12:06:37 - [TEST_STEP][PASSED] - selectOptionByValue(findTestObject("OCS-DESKTOP/Age gate and Mega menu/Year Dropdown"), "1990", true): All options with value '1990' are selected in object 'Object Repository/OCS-DESKTOP/Age gate and Mega menu/Year Dropdown'  using regular expression

2019-06-07 12:06:38 - [MESSAGE][PASSED] - All options with value '1990' are selected in object 'Object Repository/OCS-DESKTOP/Age gate and Mega menu/Year Dropdown'  using regular expression

2019-06-07 12:06:38 - [TEST_STEP][PASSED] - click(findTestObject("OCS-DESKTOP/Age gate and Mega menu/button_Verify")): Object: 'Object Repository/OCS-DESKTOP/Age gate and Mega menu/button_Verify' is clicked on

2019-06-07 12:06:38 - [MESSAGE][PASSED] - Object: 'Object Repository/OCS-DESKTOP/Age gate and Mega menu/button_Verify' is clicked on

2019-06-07 12:06:38 - [TEST_STEP][PASSED] - click(findTestObject("OCS-DESKTOP/Age gate and Mega menu/Checkbox_CONFIRM AND ACKNOWLEDGE")): Object: 'Object Repository/OCS-DESKTOP/Age gate and Mega menu/Checkbox_CONFIRM AND ACKNOWLEDGE' is clicked on

2019-06-07 12:06:39 - [MESSAGE][PASSED] - Object: 'Object Repository/OCS-DESKTOP/Age gate and Mega menu/Checkbox_CONFIRM AND ACKNOWLEDGE' is clicked on

2019-06-07 12:06:39 - [TEST_STEP][PASSED] - click(findTestObject("OCS-DESKTOP/Age gate and Mega menu/button_CONFIRM")): Object: 'Object Repository/OCS-DESKTOP/Age gate and Mega menu/button_CONFIRM' is clicked on

2019-06-07 12:06:39 - [MESSAGE][PASSED] - Object: 'Object Repository/OCS-DESKTOP/Age gate and Mega menu/button_CONFIRM' is clicked on

2019-06-07 12:06:39 - [TEST_STEP][PASSED] - click(findTestObject("OCS-DESKTOP/Age gate and Mega menu/button_Start Browsing")): Object: 'Object Repository/OCS-DESKTOP/Age gate and Mega menu/button_Start Browsing' is clicked on

2019-06-07 12:06:39 - [MESSAGE][PASSED] - Object: 'Object Repository/OCS-DESKTOP/Age gate and Mega menu/button_Start Browsing' is clicked on

2019-06-07 12:06:39 - [TEST_STEP][PASSED] - refresh(): Refresh successfully

2019-06-07 12:06:43 - [MESSAGE][PASSED] - Refresh successfully

2019-06-07 12:06:43 - [TEST_STEP][PASSED] - delay(2): Delayed 2 second(s)

2019-06-07 12:06:45 - [MESSAGE][PASSED] - Delayed 2 second(s)

2019-06-07 12:06:45 - [TEST_STEP][PASSED] - mouseOver(findTestObject("OCS-DESKTOP/Age gate and Mega menu/Header/CANNABIS menu - English")): Object: 'Object Repository/OCS-DESKTOP/Age gate and Mega menu/Header/CANNABIS menu - English' is hovered

2019-06-07 12:06:45 - [MESSAGE][PASSED] - Object: 'Object Repository/OCS-DESKTOP/Age gate and Mega menu/Header/CANNABIS menu - English' is hovered

2019-06-07 12:06:45 - [TEST_STEP][PASSED] - delay(2): Delayed 2 second(s)

2019-06-07 12:06:47 - [MESSAGE][PASSED] - Delayed 2 second(s)

2019-06-07 12:06:47 - [TEST_STEP][PASSED] - click(findTestObject("OCS-DESKTOP/Age gate and Mega menu/Indica Dominant_Menu item")): Object: 'Object Repository/OCS-DESKTOP/Age gate and Mega menu/Indica Dominant_Menu item' is clicked on

2019-06-07 12:06:50 - [MESSAGE][PASSED] - Object: 'Object Repository/OCS-DESKTOP/Age gate and Mega menu/Indica Dominant_Menu item' is clicked on

2019-06-07 12:06:50 - [TEST_STEP][PASSED] - delay(2): Delayed 2 second(s)

2019-06-07 12:06:52 - [MESSAGE][PASSED] - Delayed 2 second(s)

2019-06-07 12:06:52 - [TEST_STEP][PASSED] - scrollToElement(findTestObject("OCS-DESKTOP/Collection page/Product image - 1st one"), 0): Scroll to object 'Object Repository/OCS-DESKTOP/Collection page/Product image - 1st one' successfully

2019-06-07 12:06:52 - [MESSAGE][WARNING] - Timeout '0' is invalid. Using default page load timeout: '30'

2019-06-07 12:06:52 - [MESSAGE][PASSED] - Scroll to object 'Object Repository/OCS-DESKTOP/Collection page/Product image - 1st one' successfully

2019-06-07 12:06:52 - [TEST_STEP][PASSED] - delay(2): Delayed 2 second(s)

2019-06-07 12:06:54 - [MESSAGE][PASSED] - Delayed 2 second(s)

2019-06-07 12:06:54 - [TEST_STEP][PASSED] - click(findTestObject("OCS-DESKTOP/Collection page/Product image - 1st one")): Object: 'Object Repository/OCS-DESKTOP/Collection page/Product image - 1st one' is clicked on

2019-06-07 12:06:57 - [MESSAGE][PASSED] - Object: 'Object Repository/OCS-DESKTOP/Collection page/Product image - 1st one' is clicked on

2019-06-07 12:06:57 - [TEST_STEP][PASSED] - executeJavaScript("var previewBar = document.getElementById("preview-bar-iframe"); previewBar.style.display = "none";", []): Execute JavaScript 'var previewBar = document.getElementById("preview-bar-iframe"); previewBar.style.display = "none";' successfully

2019-06-07 12:06:57 - [MESSAGE][PASSED] - Execute JavaScript 'var previewBar = document.getElementById("preview-bar-iframe"); previewBar.style.display = "none";' successfully

2019-06-07 12:06:57 - [TEST_STEP][PASSED] - delay(2): Delayed 2 second(s)

2019-06-07 12:06:59 - [MESSAGE][PASSED] - Delayed 2 second(s)

2019-06-07 12:06:59 - [MESSAGE][PASSED] - Call Test Case 'Test Cases/OCS - DESKTOP/CALL - PDP' successfully

2019-06-07 12:06:59 - [TEST_STEP][NOT_RUN] - navigateToUrl("https://ocs.ca/?fts=0&preview_theme_id=53373863756"): NOT_RUN: navigateToUrl("https://ocs.ca/?fts=0&preview_theme_id=53373863756")

2019-06-07 12:06:59 - [MESSAGE][NOT_RUN] - NOT_RUN: navigateToUrl("https://ocs.ca/?fts=0&preview_theme_id=53373863756")

2019-06-07 12:06:59 - [TEST_STEP][PASSED] - delay(2): Delayed 2 second(s)

2019-06-07 12:07:01 - [MESSAGE][PASSED] - Delayed 2 second(s)

2019-06-07 12:07:01 - [TEST_STEP][FAILED] - scrollToElement(findTestObject("OCS-MOBILE /Product page/Product image"), 1): scrollToElement(findTestObject("OCS-MOBILE /Product page/Product image"), 1) FAILED.
Reason:
com.kms.katalon.core.exception.StepFailedException: Unable to scroll to object (Root cause: java.lang.IllegalArgumentException: Object is null)
	at com.kms.katalon.core.keyword.internal.KeywordMain.stepFailed(KeywordMain.groovy:36)
	at com.kms.katalon.core.webui.keyword.internal.WebUIKeywordMain.stepFailed(WebUIKeywordMain.groovy:65)
	at com.kms.katalon.core.webui.keyword.internal.WebUIKeywordMain.runKeyword(WebUIKeywordMain.groovy:27)
	at com.kms.katalon.core.webui.keyword.builtin.ScrollToElementKeyword.scrollToElement(ScrollToElementKeyword.groovy:88)
	at com.kms.katalon.core.webui.keyword.builtin.ScrollToElementKeyword.execute(ScrollToElementKeyword.groovy:68)
	at com.kms.katalon.core.keyword.internal.KeywordExecutor.executeKeywordForPlatform(KeywordExecutor.groovy:53)
	at com.kms.katalon.core.webui.keyword.WebUiBuiltInKeywords.scrollToElement(WebUiBuiltInKeywords.groovy:2975)
	at com.kms.katalon.core.webui.keyword.WebUiBuiltInKeywords$scrollToElement$11.call(Unknown Source)
	at Price.run(Price:22)
	at com.kms.katalon.core.main.ScriptEngine.run(ScriptEngine.java:194)
	at com.kms.katalon.core.main.ScriptEngine.runScriptAsRawText(ScriptEngine.java:119)
	at com.kms.katalon.core.main.TestCaseExecutor.runScript(TestCaseExecutor.java:328)
	at com.kms.katalon.core.main.TestCaseExecutor.doExecute(TestCaseExecutor.java:319)
	at com.kms.katalon.core.main.TestCaseExecutor.processExecutionPhase(TestCaseExecutor.java:298)
	at com.kms.katalon.core.main.TestCaseExecutor.accessMainPhase(TestCaseExecutor.java:290)
	at com.kms.katalon.core.main.TestCaseExecutor.execute(TestCaseExecutor.java:224)
	at com.kms.katalon.core.main.TestSuiteExecutor.accessTestCaseMainPhase(TestSuiteExecutor.java:129)
	at com.kms.katalon.core.main.TestSuiteExecutor.accessTestSuiteMainPhase(TestSuiteExecutor.java:112)
	at com.kms.katalon.core.main.TestSuiteExecutor.execute(TestSuiteExecutor.java:81)
	at com.kms.katalon.core.main.TestCaseMain.startTestSuite(TestCaseMain.java:149)
	at com.kms.katalon.core.main.TestCaseMain$startTestSuite$0.call(Unknown Source)
	at TempTestSuite1559921811030.run(TempTestSuite1559921811030.groovy:36)


2019-06-07 12:07:01 - [MESSAGE][WARNING] - Test object with id 'Object Repository/OCS-MOBILE /Product page/Product image' does not exist

2019-06-07 12:07:01 - [MESSAGE][WARNING] - Test object with id 'Object Repository/' does not exist

2019-06-07 12:07:01 - [MESSAGE][FAILED] - Unable to scroll to object (Root cause: java.lang.IllegalArgumentException: Object is null)
[[ATTACHMENT|/Users/sumankompelly/Relative xpath-Desktop/Reports/OCS- 1.9.2.1/20190607_113651/1559923621345.png]]

2019-06-07 12:07:01 - [MESSAGE][FAILED] - scrollToElement(findTestObject("OCS-MOBILE /Product page/Product image"), 1) FAILED.
Reason:
com.kms.katalon.core.exception.StepFailedException: Unable to scroll to object (Root cause: java.lang.IllegalArgumentException: Object is null)
	at com.kms.katalon.core.keyword.internal.KeywordMain.stepFailed(KeywordMain.groovy:36)
	at com.kms.katalon.core.webui.keyword.internal.WebUIKeywordMain.stepFailed(WebUIKeywordMain.groovy:65)
	at com.kms.katalon.core.webui.keyword.internal.WebUIKeywordMain.runKeyword(WebUIKeywordMain.groovy:27)
	at com.kms.katalon.core.webui.keyword.builtin.ScrollToElementKeyword.scrollToElement(ScrollToElementKeyword.groovy:88)
	at com.kms.katalon.core.webui.keyword.builtin.ScrollToElementKeyword.execute(ScrollToElementKeyword.groovy:68)
	at com.kms.katalon.core.keyword.internal.KeywordExecutor.executeKeywordForPlatform(KeywordExecutor.groovy:53)
	at com.kms.katalon.core.webui.keyword.WebUiBuiltInKeywords.scrollToElement(WebUiBuiltInKeywords.groovy:2975)
	at com.kms.katalon.core.webui.keyword.WebUiBuiltInKeywords$scrollToElement$11.call(Unknown Source)
	at Price.run(Price:22)
	at com.kms.katalon.core.main.ScriptEngine.run(ScriptEngine.java:194)
	at com.kms.katalon.core.main.ScriptEngine.runScriptAsRawText(ScriptEngine.java:119)
	at com.kms.katalon.core.main.TestCaseExecutor.runScript(TestCaseExecutor.java:328)
	at com.kms.katalon.core.main.TestCaseExecutor.doExecute(TestCaseExecutor.java:319)
	at com.kms.katalon.core.main.TestCaseExecutor.processExecutionPhase(TestCaseExecutor.java:298)
	at com.kms.katalon.core.main.TestCaseExecutor.accessMainPhase(TestCaseExecutor.java:290)
	at com.kms.katalon.core.main.TestCaseExecutor.execute(TestCaseExecutor.java:224)
	at com.kms.katalon.core.main.TestSuiteExecutor.accessTestCaseMainPhase(TestSuiteExecutor.java:129)
	at com.kms.katalon.core.main.TestSuiteExecutor.accessTestSuiteMainPhase(TestSuiteExecutor.java:112)
	at com.kms.katalon.core.main.TestSuiteExecutor.execute(TestSuiteExecutor.java:81)
	at com.kms.katalon.core.main.TestCaseMain.startTestSuite(TestCaseMain.java:149)
	at com.kms.katalon.core.main.TestCaseMain$startTestSuite$0.call(Unknown Source)
	at TempTestSuite1559921811030.run(TempTestSuite1559921811030.groovy:36)]]></system-out>
         <system-err><![CDATA[2019-06-07 12:06:17 - [TEST_CASE][FAILED] - Test Cases/OCS - DESKTOP/OCS- PRODUCT PAGE/Price: Test Cases/OCS - DESKTOP/OCS- PRODUCT PAGE/Price FAILED.
Reason:
com.kms.katalon.core.exception.StepFailedException: Unable to scroll to object (Root cause: java.lang.IllegalArgumentException: Object is null)
	at com.kms.katalon.core.keyword.internal.KeywordMain.stepFailed(KeywordMain.groovy:36)
	at com.kms.katalon.core.webui.keyword.internal.WebUIKeywordMain.stepFailed(WebUIKeywordMain.groovy:65)
	at com.kms.katalon.core.webui.keyword.internal.WebUIKeywordMain.runKeyword(WebUIKeywordMain.groovy:27)
	at com.kms.katalon.core.webui.keyword.builtin.ScrollToElementKeyword.scrollToElement(ScrollToElementKeyword.groovy:88)
	at com.kms.katalon.core.webui.keyword.builtin.ScrollToElementKeyword.execute(ScrollToElementKeyword.groovy:68)
	at com.kms.katalon.core.keyword.internal.KeywordExecutor.executeKeywordForPlatform(KeywordExecutor.groovy:53)
	at com.kms.katalon.core.webui.keyword.WebUiBuiltInKeywords.scrollToElement(WebUiBuiltInKeywords.groovy:2975)
	at com.kms.katalon.core.webui.keyword.WebUiBuiltInKeywords$scrollToElement$11.call(Unknown Source)
	at Price.run(Price:22)
	at com.kms.katalon.core.main.ScriptEngine.run(ScriptEngine.java:194)
	at com.kms.katalon.core.main.ScriptEngine.runScriptAsRawText(ScriptEngine.java:119)
	at com.kms.katalon.core.main.TestCaseExecutor.runScript(TestCaseExecutor.java:328)
	at com.kms.katalon.core.main.TestCaseExecutor.doExecute(TestCaseExecutor.java:319)
	at com.kms.katalon.core.main.TestCaseExecutor.processExecutionPhase(TestCaseExecutor.java:298)
	at com.kms.katalon.core.main.TestCaseExecutor.accessMainPhase(TestCaseExecutor.java:290)
	at com.kms.katalon.core.main.TestCaseExecutor.execute(TestCaseExecutor.java:224)
	at com.kms.katalon.core.main.TestSuiteExecutor.accessTestCaseMainPhase(TestSuiteExecutor.java:129)
	at com.kms.katalon.core.main.TestSuiteExecutor.accessTestSuiteMainPhase(TestSuiteExecutor.java:112)
	at com.kms.katalon.core.main.TestSuiteExecutor.execute(TestSuiteExecutor.java:81)
	at com.kms.katalon.core.main.TestCaseMain.startTestSuite(TestCaseMain.java:149)
	at com.kms.katalon.core.main.TestCaseMain$startTestSuite$0.call(Unknown Source)
	at TempTestSuite1559921811030.run(TempTestSuite1559921811030.groovy:36)]]></system-err>
      </testcase>
      <testcase name="Test Cases/OCS - DESKTOP/OCS- PRODUCT PAGE/Recently viewed" classname="Test Cases/OCS - DESKTOP/OCS- PRODUCT PAGE/Recently viewed" status="FAILED">
         <failure type="FAILED" message="Test Cases/OCS - DESKTOP/OCS- PRODUCT PAGE/Recently viewed FAILED.
Reason:
com.kms.katalon.core.exception.StepFailedException: Unable to scroll to object (Root cause: java.lang.IllegalArgumentException: Object is null)
	at com.kms.katalon.core.keyword.internal.KeywordMain.stepFailed(KeywordMain.groovy:36)
	at com.kms.katalon.core.webui.keyword.internal.WebUIKeywordMain.stepFailed(WebUIKeywordMain.groovy:65)
	at com.kms.katalon.core.webui.keyword.internal.WebUIKeywordMain.runKeyword(WebUIKeywordMain.groovy:27)
	at com.kms.katalon.core.webui.keyword.builtin.ScrollToElementKeyword.scrollToElement(ScrollToElementKeyword.groovy:88)
	at com.kms.katalon.core.webui.keyword.builtin.ScrollToElementKeyword.execute(ScrollToElementKeyword.groovy:68)
	at com.kms.katalon.core.keyword.internal.KeywordExecutor.executeKeywordForPlatform(KeywordExecutor.groovy:53)
	at com.kms.katalon.core.webui.keyword.WebUiBuiltInKeywords.scrollToElement(WebUiBuiltInKeywords.groovy:2975)
	at com.kms.katalon.core.webui.keyword.WebUiBuiltInKeywords$scrollToElement$11.call(Unknown Source)
	at Recently viewed.run(Recently viewed:22)
	at com.kms.katalon.core.main.ScriptEngine.run(ScriptEngine.java:194)
	at com.kms.katalon.core.main.ScriptEngine.runScriptAsRawText(ScriptEngine.java:119)
	at com.kms.katalon.core.main.TestCaseExecutor.runScript(TestCaseExecutor.java:328)
	at com.kms.katalon.core.main.TestCaseExecutor.doExecute(TestCaseExecutor.java:319)
	at com.kms.katalon.core.main.TestCaseExecutor.processExecutionPhase(TestCaseExecutor.java:298)
	at com.kms.katalon.core.main.TestCaseExecutor.accessMainPhase(TestCaseExecutor.java:290)
	at com.kms.katalon.core.main.TestCaseExecutor.execute(TestCaseExecutor.java:224)
	at com.kms.katalon.core.main.TestSuiteExecutor.accessTestCaseMainPhase(TestSuiteExecutor.java:129)
	at com.kms.katalon.core.main.TestSuiteExecutor.accessTestSuiteMainPhase(TestSuiteExecutor.java:112)
	at com.kms.katalon.core.main.TestSuiteExecutor.execute(TestSuiteExecutor.java:81)
	at com.kms.katalon.core.main.TestCaseMain.startTestSuite(TestCaseMain.java:149)
	at com.kms.katalon.core.main.TestCaseMain$startTestSuite$0.call(Unknown Source)
	at TempTestSuite1559921811030.run(TempTestSuite1559921811030.groovy:36)
"/>
         <system-out><![CDATA[2019-06-07 12:07:01 - [TEST_CASE][FAILED] - Test Cases/OCS - DESKTOP/OCS- PRODUCT PAGE/Recently viewed: Test Cases/OCS - DESKTOP/OCS- PRODUCT PAGE/Recently viewed FAILED.
Reason:
com.kms.katalon.core.exception.StepFailedException: Unable to scroll to object (Root cause: java.lang.IllegalArgumentException: Object is null)
	at com.kms.katalon.core.keyword.internal.KeywordMain.stepFailed(KeywordMain.groovy:36)
	at com.kms.katalon.core.webui.keyword.internal.WebUIKeywordMain.stepFailed(WebUIKeywordMain.groovy:65)
	at com.kms.katalon.core.webui.keyword.internal.WebUIKeywordMain.runKeyword(WebUIKeywordMain.groovy:27)
	at com.kms.katalon.core.webui.keyword.builtin.ScrollToElementKeyword.scrollToElement(ScrollToElementKeyword.groovy:88)
	at com.kms.katalon.core.webui.keyword.builtin.ScrollToElementKeyword.execute(ScrollToElementKeyword.groovy:68)
	at com.kms.katalon.core.keyword.internal.KeywordExecutor.executeKeywordForPlatform(KeywordExecutor.groovy:53)
	at com.kms.katalon.core.webui.keyword.WebUiBuiltInKeywords.scrollToElement(WebUiBuiltInKeywords.groovy:2975)
	at com.kms.katalon.core.webui.keyword.WebUiBuiltInKeywords$scrollToElement$11.call(Unknown Source)
	at Recently viewed.run(Recently viewed:22)
	at com.kms.katalon.core.main.ScriptEngine.run(ScriptEngine.java:194)
	at com.kms.katalon.core.main.ScriptEngine.runScriptAsRawText(ScriptEngine.java:119)
	at com.kms.katalon.core.main.TestCaseExecutor.runScript(TestCaseExecutor.java:328)
	at com.kms.katalon.core.main.TestCaseExecutor.doExecute(TestCaseExecutor.java:319)
	at com.kms.katalon.core.main.TestCaseExecutor.processExecutionPhase(TestCaseExecutor.java:298)
	at com.kms.katalon.core.main.TestCaseExecutor.accessMainPhase(TestCaseExecutor.java:290)
	at com.kms.katalon.core.main.TestCaseExecutor.execute(TestCaseExecutor.java:224)
	at com.kms.katalon.core.main.TestSuiteExecutor.accessTestCaseMainPhase(TestSuiteExecutor.java:129)
	at com.kms.katalon.core.main.TestSuiteExecutor.accessTestSuiteMainPhase(TestSuiteExecutor.java:112)
	at com.kms.katalon.core.main.TestSuiteExecutor.execute(TestSuiteExecutor.java:81)
	at com.kms.katalon.core.main.TestCaseMain.startTestSuite(TestCaseMain.java:149)
	at com.kms.katalon.core.main.TestCaseMain$startTestSuite$0.call(Unknown Source)
	at TempTestSuite1559921811030.run(TempTestSuite1559921811030.groovy:36)


2019-06-07 12:07:01 - [TEST_STEP][PASSED] - callTestCase(findTestCase("OCS - DESKTOP/CALL - PDP"), [:], STOP_ON_FAILURE): Call Test Case 'Test Cases/OCS - DESKTOP/CALL - PDP' successfully

2019-06-07 12:07:01 - [TEST_CASE][PASSED] - Test Cases/OCS - DESKTOP/CALL - PDP: Test Cases/OCS - DESKTOP/CALL - PDP

2019-06-07 12:07:01 - [TEST_STEP][PASSED] - openBrowser(""): Browser is opened with url: ''

2019-06-07 12:07:01 - [MESSAGE][WARNING] - A browser is already opened. Closing browser and opening a new one

2019-06-07 12:07:02 - [MESSAGE][INFO] - Starting 'Firefox' driver

2019-06-07 12:07:04 - [MESSAGE][PASSED] - Browser is opened with url: ''

2019-06-07 12:07:04 - [TEST_STEP][PASSED] - navigateToUrl("https://ocs.ca/?fts=0&preview_theme_id=72920074060"): Navigate to 'https://ocs.ca/?fts=0&preview_theme_id=72920074060' successfully

2019-06-07 12:07:09 - [MESSAGE][PASSED] - Navigate to 'https://ocs.ca/?fts=0&preview_theme_id=72920074060' successfully

2019-06-07 12:07:09 - [TEST_STEP][PASSED] - maximizeWindow(): Current window maximized

2019-06-07 12:07:09 - [MESSAGE][PASSED] - Current window maximized

2019-06-07 12:07:09 - [TEST_STEP][PASSED] - executeJavaScript("var previewBar = document.getElementById("preview-bar-iframe"); previewBar.style.display = "none";", []): Execute JavaScript 'var previewBar = document.getElementById("preview-bar-iframe"); previewBar.style.display = "none";' successfully

2019-06-07 12:07:09 - [MESSAGE][PASSED] - Execute JavaScript 'var previewBar = document.getElementById("preview-bar-iframe"); previewBar.style.display = "none";' successfully

2019-06-07 12:07:09 - [TEST_STEP][PASSED] - delay(4): Delayed 4 second(s)

2019-06-07 12:07:13 - [MESSAGE][PASSED] - Delayed 4 second(s)

2019-06-07 12:07:13 - [TEST_STEP][PASSED] - selectOptionByValue(findTestObject("OCS-DESKTOP/Age gate and Mega menu/Date"), "12", true): All options with value '12' are selected in object 'Object Repository/OCS-DESKTOP/Age gate and Mega menu/Date'  using regular expression

2019-06-07 12:07:14 - [MESSAGE][PASSED] - All options with value '12' are selected in object 'Object Repository/OCS-DESKTOP/Age gate and Mega menu/Date'  using regular expression

2019-06-07 12:07:14 - [TEST_STEP][PASSED] - selectOptionByValue(findTestObject("OCS-DESKTOP/Age gate and Mega menu/month"), "6", true): All options with value '6' are selected in object 'Object Repository/OCS-DESKTOP/Age gate and Mega menu/month'  using regular expression

2019-06-07 12:07:14 - [MESSAGE][PASSED] - All options with value '6' are selected in object 'Object Repository/OCS-DESKTOP/Age gate and Mega menu/month'  using regular expression

2019-06-07 12:07:14 - [TEST_STEP][PASSED] - delay(2): Delayed 2 second(s)

2019-06-07 12:07:16 - [MESSAGE][PASSED] - Delayed 2 second(s)

2019-06-07 12:07:16 - [TEST_STEP][PASSED] - selectOptionByValue(findTestObject("OCS-DESKTOP/Age gate and Mega menu/Year Dropdown"), "1990", true): All options with value '1990' are selected in object 'Object Repository/OCS-DESKTOP/Age gate and Mega menu/Year Dropdown'  using regular expression

2019-06-07 12:07:18 - [MESSAGE][PASSED] - All options with value '1990' are selected in object 'Object Repository/OCS-DESKTOP/Age gate and Mega menu/Year Dropdown'  using regular expression

2019-06-07 12:07:18 - [TEST_STEP][PASSED] - click(findTestObject("OCS-DESKTOP/Age gate and Mega menu/button_Verify")): Object: 'Object Repository/OCS-DESKTOP/Age gate and Mega menu/button_Verify' is clicked on

2019-06-07 12:07:18 - [MESSAGE][PASSED] - Object: 'Object Repository/OCS-DESKTOP/Age gate and Mega menu/button_Verify' is clicked on

2019-06-07 12:07:18 - [TEST_STEP][PASSED] - click(findTestObject("OCS-DESKTOP/Age gate and Mega menu/Checkbox_CONFIRM AND ACKNOWLEDGE")): Object: 'Object Repository/OCS-DESKTOP/Age gate and Mega menu/Checkbox_CONFIRM AND ACKNOWLEDGE' is clicked on

2019-06-07 12:07:18 - [MESSAGE][PASSED] - Object: 'Object Repository/OCS-DESKTOP/Age gate and Mega menu/Checkbox_CONFIRM AND ACKNOWLEDGE' is clicked on

2019-06-07 12:07:18 - [TEST_STEP][PASSED] - click(findTestObject("OCS-DESKTOP/Age gate and Mega menu/button_CONFIRM")): Object: 'Object Repository/OCS-DESKTOP/Age gate and Mega menu/button_CONFIRM' is clicked on

2019-06-07 12:07:18 - [MESSAGE][PASSED] - Object: 'Object Repository/OCS-DESKTOP/Age gate and Mega menu/button_CONFIRM' is clicked on

2019-06-07 12:07:18 - [TEST_STEP][PASSED] - click(findTestObject("OCS-DESKTOP/Age gate and Mega menu/button_Start Browsing")): Object: 'Object Repository/OCS-DESKTOP/Age gate and Mega menu/button_Start Browsing' is clicked on

2019-06-07 12:07:19 - [MESSAGE][PASSED] - Object: 'Object Repository/OCS-DESKTOP/Age gate and Mega menu/button_Start Browsing' is clicked on

2019-06-07 12:07:19 - [TEST_STEP][PASSED] - refresh(): Refresh successfully

2019-06-07 12:07:23 - [MESSAGE][PASSED] - Refresh successfully

2019-06-07 12:07:23 - [TEST_STEP][PASSED] - delay(2): Delayed 2 second(s)

2019-06-07 12:07:25 - [MESSAGE][PASSED] - Delayed 2 second(s)

2019-06-07 12:07:25 - [TEST_STEP][PASSED] - mouseOver(findTestObject("OCS-DESKTOP/Age gate and Mega menu/Header/CANNABIS menu - English")): Object: 'Object Repository/OCS-DESKTOP/Age gate and Mega menu/Header/CANNABIS menu - English' is hovered

2019-06-07 12:07:25 - [MESSAGE][PASSED] - Object: 'Object Repository/OCS-DESKTOP/Age gate and Mega menu/Header/CANNABIS menu - English' is hovered

2019-06-07 12:07:25 - [TEST_STEP][PASSED] - delay(2): Delayed 2 second(s)

2019-06-07 12:07:27 - [MESSAGE][PASSED] - Delayed 2 second(s)

2019-06-07 12:07:27 - [TEST_STEP][PASSED] - click(findTestObject("OCS-DESKTOP/Age gate and Mega menu/Indica Dominant_Menu item")): Object: 'Object Repository/OCS-DESKTOP/Age gate and Mega menu/Indica Dominant_Menu item' is clicked on

2019-06-07 12:07:29 - [MESSAGE][PASSED] - Object: 'Object Repository/OCS-DESKTOP/Age gate and Mega menu/Indica Dominant_Menu item' is clicked on

2019-06-07 12:07:29 - [TEST_STEP][PASSED] - delay(2): Delayed 2 second(s)

2019-06-07 12:07:31 - [MESSAGE][PASSED] - Delayed 2 second(s)

2019-06-07 12:07:31 - [TEST_STEP][PASSED] - scrollToElement(findTestObject("OCS-DESKTOP/Collection page/Product image - 1st one"), 0): Scroll to object 'Object Repository/OCS-DESKTOP/Collection page/Product image - 1st one' successfully

2019-06-07 12:07:31 - [MESSAGE][WARNING] - Timeout '0' is invalid. Using default page load timeout: '30'

2019-06-07 12:07:31 - [MESSAGE][PASSED] - Scroll to object 'Object Repository/OCS-DESKTOP/Collection page/Product image - 1st one' successfully

2019-06-07 12:07:31 - [TEST_STEP][PASSED] - delay(2): Delayed 2 second(s)

2019-06-07 12:07:33 - [MESSAGE][PASSED] - Delayed 2 second(s)

2019-06-07 12:07:33 - [TEST_STEP][PASSED] - click(findTestObject("OCS-DESKTOP/Collection page/Product image - 1st one")): Object: 'Object Repository/OCS-DESKTOP/Collection page/Product image - 1st one' is clicked on

2019-06-07 12:07:35 - [MESSAGE][PASSED] - Object: 'Object Repository/OCS-DESKTOP/Collection page/Product image - 1st one' is clicked on

2019-06-07 12:07:35 - [TEST_STEP][PASSED] - executeJavaScript("var previewBar = document.getElementById("preview-bar-iframe"); previewBar.style.display = "none";", []): Execute JavaScript 'var previewBar = document.getElementById("preview-bar-iframe"); previewBar.style.display = "none";' successfully

2019-06-07 12:07:35 - [MESSAGE][PASSED] - Execute JavaScript 'var previewBar = document.getElementById("preview-bar-iframe"); previewBar.style.display = "none";' successfully

2019-06-07 12:07:35 - [TEST_STEP][PASSED] - delay(2): Delayed 2 second(s)

2019-06-07 12:07:37 - [MESSAGE][PASSED] - Delayed 2 second(s)

2019-06-07 12:07:37 - [MESSAGE][PASSED] - Call Test Case 'Test Cases/OCS - DESKTOP/CALL - PDP' successfully

2019-06-07 12:07:37 - [TEST_STEP][PASSED] - a = getWindowTitle(): Current window's title is: 'Dreamweaver | Ontario Cannabis Store'

2019-06-07 12:07:37 - [MESSAGE][PASSED] - Current window's title is: 'Dreamweaver | Ontario Cannabis Store'

2019-06-07 12:07:37 - [TEST_STEP][PASSED] - comment("WINDOW TITLE: " + a): WINDOW TITLE: Dreamweaver | Ontario Cannabis Store

2019-06-07 12:07:37 - [MESSAGE][INFO] - WINDOW TITLE: Dreamweaver | Ontario Cannabis Store

2019-06-07 12:07:37 - [TEST_STEP][FAILED] - scrollToElement(findTestObject("OCS-MOBILE /Product page/How to choose cannabis product - Button"), 2): scrollToElement(findTestObject("OCS-MOBILE /Product page/How to choose cannabis product - Button"), 2) FAILED.
Reason:
com.kms.katalon.core.exception.StepFailedException: Unable to scroll to object (Root cause: java.lang.IllegalArgumentException: Object is null)
	at com.kms.katalon.core.keyword.internal.KeywordMain.stepFailed(KeywordMain.groovy:36)
	at com.kms.katalon.core.webui.keyword.internal.WebUIKeywordMain.stepFailed(WebUIKeywordMain.groovy:65)
	at com.kms.katalon.core.webui.keyword.internal.WebUIKeywordMain.runKeyword(WebUIKeywordMain.groovy:27)
	at com.kms.katalon.core.webui.keyword.builtin.ScrollToElementKeyword.scrollToElement(ScrollToElementKeyword.groovy:88)
	at com.kms.katalon.core.webui.keyword.builtin.ScrollToElementKeyword.execute(ScrollToElementKeyword.groovy:68)
	at com.kms.katalon.core.keyword.internal.KeywordExecutor.executeKeywordForPlatform(KeywordExecutor.groovy:53)
	at com.kms.katalon.core.webui.keyword.WebUiBuiltInKeywords.scrollToElement(WebUiBuiltInKeywords.groovy:2975)
	at com.kms.katalon.core.webui.keyword.WebUiBuiltInKeywords$scrollToElement$11.call(Unknown Source)
	at Recently viewed.run(Recently viewed:22)
	at com.kms.katalon.core.main.ScriptEngine.run(ScriptEngine.java:194)
	at com.kms.katalon.core.main.ScriptEngine.runScriptAsRawText(ScriptEngine.java:119)
	at com.kms.katalon.core.main.TestCaseExecutor.runScript(TestCaseExecutor.java:328)
	at com.kms.katalon.core.main.TestCaseExecutor.doExecute(TestCaseExecutor.java:319)
	at com.kms.katalon.core.main.TestCaseExecutor.processExecutionPhase(TestCaseExecutor.java:298)
	at com.kms.katalon.core.main.TestCaseExecutor.accessMainPhase(TestCaseExecutor.java:290)
	at com.kms.katalon.core.main.TestCaseExecutor.execute(TestCaseExecutor.java:224)
	at com.kms.katalon.core.main.TestSuiteExecutor.accessTestCaseMainPhase(TestSuiteExecutor.java:129)
	at com.kms.katalon.core.main.TestSuiteExecutor.accessTestSuiteMainPhase(TestSuiteExecutor.java:112)
	at com.kms.katalon.core.main.TestSuiteExecutor.execute(TestSuiteExecutor.java:81)
	at com.kms.katalon.core.main.TestCaseMain.startTestSuite(TestCaseMain.java:149)
	at com.kms.katalon.core.main.TestCaseMain$startTestSuite$0.call(Unknown Source)
	at TempTestSuite1559921811030.run(TempTestSuite1559921811030.groovy:36)


2019-06-07 12:07:37 - [MESSAGE][WARNING] - Test object with id 'Object Repository/OCS-MOBILE /Product page/How to choose cannabis product - Button' does not exist

2019-06-07 12:07:37 - [MESSAGE][WARNING] - Test object with id 'Object Repository/' does not exist

2019-06-07 12:07:38 - [MESSAGE][FAILED] - Unable to scroll to object (Root cause: java.lang.IllegalArgumentException: Object is null)
[[ATTACHMENT|/Users/sumankompelly/Relative xpath-Desktop/Reports/OCS- 1.9.2.1/20190607_113651/1559923657992.png]]

2019-06-07 12:07:38 - [MESSAGE][FAILED] - scrollToElement(findTestObject("OCS-MOBILE /Product page/How to choose cannabis product - Button"), 2) FAILED.
Reason:
com.kms.katalon.core.exception.StepFailedException: Unable to scroll to object (Root cause: java.lang.IllegalArgumentException: Object is null)
	at com.kms.katalon.core.keyword.internal.KeywordMain.stepFailed(KeywordMain.groovy:36)
	at com.kms.katalon.core.webui.keyword.internal.WebUIKeywordMain.stepFailed(WebUIKeywordMain.groovy:65)
	at com.kms.katalon.core.webui.keyword.internal.WebUIKeywordMain.runKeyword(WebUIKeywordMain.groovy:27)
	at com.kms.katalon.core.webui.keyword.builtin.ScrollToElementKeyword.scrollToElement(ScrollToElementKeyword.groovy:88)
	at com.kms.katalon.core.webui.keyword.builtin.ScrollToElementKeyword.execute(ScrollToElementKeyword.groovy:68)
	at com.kms.katalon.core.keyword.internal.KeywordExecutor.executeKeywordForPlatform(KeywordExecutor.groovy:53)
	at com.kms.katalon.core.webui.keyword.WebUiBuiltInKeywords.scrollToElement(WebUiBuiltInKeywords.groovy:2975)
	at com.kms.katalon.core.webui.keyword.WebUiBuiltInKeywords$scrollToElement$11.call(Unknown Source)
	at Recently viewed.run(Recently viewed:22)
	at com.kms.katalon.core.main.ScriptEngine.run(ScriptEngine.java:194)
	at com.kms.katalon.core.main.ScriptEngine.runScriptAsRawText(ScriptEngine.java:119)
	at com.kms.katalon.core.main.TestCaseExecutor.runScript(TestCaseExecutor.java:328)
	at com.kms.katalon.core.main.TestCaseExecutor.doExecute(TestCaseExecutor.java:319)
	at com.kms.katalon.core.main.TestCaseExecutor.processExecutionPhase(TestCaseExecutor.java:298)
	at com.kms.katalon.core.main.TestCaseExecutor.accessMainPhase(TestCaseExecutor.java:290)
	at com.kms.katalon.core.main.TestCaseExecutor.execute(TestCaseExecutor.java:224)
	at com.kms.katalon.core.main.TestSuiteExecutor.accessTestCaseMainPhase(TestSuiteExecutor.java:129)
	at com.kms.katalon.core.main.TestSuiteExecutor.accessTestSuiteMainPhase(TestSuiteExecutor.java:112)
	at com.kms.katalon.core.main.TestSuiteExecutor.execute(TestSuiteExecutor.java:81)
	at com.kms.katalon.core.main.TestCaseMain.startTestSuite(TestCaseMain.java:149)
	at com.kms.katalon.core.main.TestCaseMain$startTestSuite$0.call(Unknown Source)
	at TempTestSuite1559921811030.run(TempTestSuite1559921811030.groovy:36)]]></system-out>
         <system-err><![CDATA[2019-06-07 12:07:01 - [TEST_CASE][FAILED] - Test Cases/OCS - DESKTOP/OCS- PRODUCT PAGE/Recently viewed: Test Cases/OCS - DESKTOP/OCS- PRODUCT PAGE/Recently viewed FAILED.
Reason:
com.kms.katalon.core.exception.StepFailedException: Unable to scroll to object (Root cause: java.lang.IllegalArgumentException: Object is null)
	at com.kms.katalon.core.keyword.internal.KeywordMain.stepFailed(KeywordMain.groovy:36)
	at com.kms.katalon.core.webui.keyword.internal.WebUIKeywordMain.stepFailed(WebUIKeywordMain.groovy:65)
	at com.kms.katalon.core.webui.keyword.internal.WebUIKeywordMain.runKeyword(WebUIKeywordMain.groovy:27)
	at com.kms.katalon.core.webui.keyword.builtin.ScrollToElementKeyword.scrollToElement(ScrollToElementKeyword.groovy:88)
	at com.kms.katalon.core.webui.keyword.builtin.ScrollToElementKeyword.execute(ScrollToElementKeyword.groovy:68)
	at com.kms.katalon.core.keyword.internal.KeywordExecutor.executeKeywordForPlatform(KeywordExecutor.groovy:53)
	at com.kms.katalon.core.webui.keyword.WebUiBuiltInKeywords.scrollToElement(WebUiBuiltInKeywords.groovy:2975)
	at com.kms.katalon.core.webui.keyword.WebUiBuiltInKeywords$scrollToElement$11.call(Unknown Source)
	at Recently viewed.run(Recently viewed:22)
	at com.kms.katalon.core.main.ScriptEngine.run(ScriptEngine.java:194)
	at com.kms.katalon.core.main.ScriptEngine.runScriptAsRawText(ScriptEngine.java:119)
	at com.kms.katalon.core.main.TestCaseExecutor.runScript(TestCaseExecutor.java:328)
	at com.kms.katalon.core.main.TestCaseExecutor.doExecute(TestCaseExecutor.java:319)
	at com.kms.katalon.core.main.TestCaseExecutor.processExecutionPhase(TestCaseExecutor.java:298)
	at com.kms.katalon.core.main.TestCaseExecutor.accessMainPhase(TestCaseExecutor.java:290)
	at com.kms.katalon.core.main.TestCaseExecutor.execute(TestCaseExecutor.java:224)
	at com.kms.katalon.core.main.TestSuiteExecutor.accessTestCaseMainPhase(TestSuiteExecutor.java:129)
	at com.kms.katalon.core.main.TestSuiteExecutor.accessTestSuiteMainPhase(TestSuiteExecutor.java:112)
	at com.kms.katalon.core.main.TestSuiteExecutor.execute(TestSuiteExecutor.java:81)
	at com.kms.katalon.core.main.TestCaseMain.startTestSuite(TestCaseMain.java:149)
	at com.kms.katalon.core.main.TestCaseMain$startTestSuite$0.call(Unknown Source)
	at TempTestSuite1559921811030.run(TempTestSuite1559921811030.groovy:36)]]></system-err>
      </testcase>
      <testcase name="Test Cases/OCS - DESKTOP/OCS- PRODUCT PAGE/Show all accessories" classname="Test Cases/OCS - DESKTOP/OCS- PRODUCT PAGE/Show all accessories" status="FAILED">
         <failure type="FAILED" message="Test Cases/OCS - DESKTOP/OCS- PRODUCT PAGE/Show all accessories FAILED.
Reason:
com.kms.katalon.core.exception.StepFailedException: Unable to scroll to object (Root cause: java.lang.IllegalArgumentException: Object is null)
	at com.kms.katalon.core.keyword.internal.KeywordMain.stepFailed(KeywordMain.groovy:36)
	at com.kms.katalon.core.webui.keyword.internal.WebUIKeywordMain.stepFailed(WebUIKeywordMain.groovy:65)
	at com.kms.katalon.core.webui.keyword.internal.WebUIKeywordMain.runKeyword(WebUIKeywordMain.groovy:27)
	at com.kms.katalon.core.webui.keyword.builtin.ScrollToElementKeyword.scrollToElement(ScrollToElementKeyword.groovy:88)
	at com.kms.katalon.core.webui.keyword.builtin.ScrollToElementKeyword.execute(ScrollToElementKeyword.groovy:68)
	at com.kms.katalon.core.keyword.internal.KeywordExecutor.executeKeywordForPlatform(KeywordExecutor.groovy:53)
	at com.kms.katalon.core.webui.keyword.WebUiBuiltInKeywords.scrollToElement(WebUiBuiltInKeywords.groovy:2975)
	at com.kms.katalon.core.webui.keyword.WebUiBuiltInKeywords$scrollToElement$11.call(Unknown Source)
	at Show all accessories.run(Show all accessories:18)
	at com.kms.katalon.core.main.ScriptEngine.run(ScriptEngine.java:194)
	at com.kms.katalon.core.main.ScriptEngine.runScriptAsRawText(ScriptEngine.java:119)
	at com.kms.katalon.core.main.TestCaseExecutor.runScript(TestCaseExecutor.java:328)
	at com.kms.katalon.core.main.TestCaseExecutor.doExecute(TestCaseExecutor.java:319)
	at com.kms.katalon.core.main.TestCaseExecutor.processExecutionPhase(TestCaseExecutor.java:298)
	at com.kms.katalon.core.main.TestCaseExecutor.accessMainPhase(TestCaseExecutor.java:290)
	at com.kms.katalon.core.main.TestCaseExecutor.execute(TestCaseExecutor.java:224)
	at com.kms.katalon.core.main.TestSuiteExecutor.accessTestCaseMainPhase(TestSuiteExecutor.java:129)
	at com.kms.katalon.core.main.TestSuiteExecutor.accessTestSuiteMainPhase(TestSuiteExecutor.java:112)
	at com.kms.katalon.core.main.TestSuiteExecutor.execute(TestSuiteExecutor.java:81)
	at com.kms.katalon.core.main.TestCaseMain.startTestSuite(TestCaseMain.java:149)
	at com.kms.katalon.core.main.TestCaseMain$startTestSuite$0.call(Unknown Source)
	at TempTestSuite1559921811030.run(TempTestSuite1559921811030.groovy:36)
"/>
         <system-out><![CDATA[2019-06-07 12:07:38 - [TEST_CASE][FAILED] - Test Cases/OCS - DESKTOP/OCS- PRODUCT PAGE/Show all accessories: Test Cases/OCS - DESKTOP/OCS- PRODUCT PAGE/Show all accessories FAILED.
Reason:
com.kms.katalon.core.exception.StepFailedException: Unable to scroll to object (Root cause: java.lang.IllegalArgumentException: Object is null)
	at com.kms.katalon.core.keyword.internal.KeywordMain.stepFailed(KeywordMain.groovy:36)
	at com.kms.katalon.core.webui.keyword.internal.WebUIKeywordMain.stepFailed(WebUIKeywordMain.groovy:65)
	at com.kms.katalon.core.webui.keyword.internal.WebUIKeywordMain.runKeyword(WebUIKeywordMain.groovy:27)
	at com.kms.katalon.core.webui.keyword.builtin.ScrollToElementKeyword.scrollToElement(ScrollToElementKeyword.groovy:88)
	at com.kms.katalon.core.webui.keyword.builtin.ScrollToElementKeyword.execute(ScrollToElementKeyword.groovy:68)
	at com.kms.katalon.core.keyword.internal.KeywordExecutor.executeKeywordForPlatform(KeywordExecutor.groovy:53)
	at com.kms.katalon.core.webui.keyword.WebUiBuiltInKeywords.scrollToElement(WebUiBuiltInKeywords.groovy:2975)
	at com.kms.katalon.core.webui.keyword.WebUiBuiltInKeywords$scrollToElement$11.call(Unknown Source)
	at Show all accessories.run(Show all accessories:18)
	at com.kms.katalon.core.main.ScriptEngine.run(ScriptEngine.java:194)
	at com.kms.katalon.core.main.ScriptEngine.runScriptAsRawText(ScriptEngine.java:119)
	at com.kms.katalon.core.main.TestCaseExecutor.runScript(TestCaseExecutor.java:328)
	at com.kms.katalon.core.main.TestCaseExecutor.doExecute(TestCaseExecutor.java:319)
	at com.kms.katalon.core.main.TestCaseExecutor.processExecutionPhase(TestCaseExecutor.java:298)
	at com.kms.katalon.core.main.TestCaseExecutor.accessMainPhase(TestCaseExecutor.java:290)
	at com.kms.katalon.core.main.TestCaseExecutor.execute(TestCaseExecutor.java:224)
	at com.kms.katalon.core.main.TestSuiteExecutor.accessTestCaseMainPhase(TestSuiteExecutor.java:129)
	at com.kms.katalon.core.main.TestSuiteExecutor.accessTestSuiteMainPhase(TestSuiteExecutor.java:112)
	at com.kms.katalon.core.main.TestSuiteExecutor.execute(TestSuiteExecutor.java:81)
	at com.kms.katalon.core.main.TestCaseMain.startTestSuite(TestCaseMain.java:149)
	at com.kms.katalon.core.main.TestCaseMain$startTestSuite$0.call(Unknown Source)
	at TempTestSuite1559921811030.run(TempTestSuite1559921811030.groovy:36)


2019-06-07 12:07:38 - [TEST_STEP][PASSED] - callTestCase(findTestCase("OCS - DESKTOP/CALL - PDP"), [:], STOP_ON_FAILURE): Call Test Case 'Test Cases/OCS - DESKTOP/CALL - PDP' successfully

2019-06-07 12:07:38 - [TEST_CASE][PASSED] - Test Cases/OCS - DESKTOP/CALL - PDP: Test Cases/OCS - DESKTOP/CALL - PDP

2019-06-07 12:07:38 - [TEST_STEP][PASSED] - openBrowser(""): Browser is opened with url: ''

2019-06-07 12:07:38 - [MESSAGE][WARNING] - A browser is already opened. Closing browser and opening a new one

2019-06-07 12:07:38 - [MESSAGE][INFO] - Starting 'Firefox' driver

2019-06-07 12:07:41 - [MESSAGE][PASSED] - Browser is opened with url: ''

2019-06-07 12:07:41 - [TEST_STEP][PASSED] - navigateToUrl("https://ocs.ca/?fts=0&preview_theme_id=72920074060"): Navigate to 'https://ocs.ca/?fts=0&preview_theme_id=72920074060' successfully

2019-06-07 12:07:47 - [MESSAGE][PASSED] - Navigate to 'https://ocs.ca/?fts=0&preview_theme_id=72920074060' successfully

2019-06-07 12:07:47 - [TEST_STEP][PASSED] - maximizeWindow(): Current window maximized

2019-06-07 12:07:47 - [MESSAGE][PASSED] - Current window maximized

2019-06-07 12:07:47 - [TEST_STEP][PASSED] - executeJavaScript("var previewBar = document.getElementById("preview-bar-iframe"); previewBar.style.display = "none";", []): Execute JavaScript 'var previewBar = document.getElementById("preview-bar-iframe"); previewBar.style.display = "none";' successfully

2019-06-07 12:07:47 - [MESSAGE][PASSED] - Execute JavaScript 'var previewBar = document.getElementById("preview-bar-iframe"); previewBar.style.display = "none";' successfully

2019-06-07 12:07:47 - [TEST_STEP][PASSED] - delay(4): Delayed 4 second(s)

2019-06-07 12:07:51 - [MESSAGE][PASSED] - Delayed 4 second(s)

2019-06-07 12:07:51 - [TEST_STEP][PASSED] - selectOptionByValue(findTestObject("OCS-DESKTOP/Age gate and Mega menu/Date"), "12", true): All options with value '12' are selected in object 'Object Repository/OCS-DESKTOP/Age gate and Mega menu/Date'  using regular expression

2019-06-07 12:07:52 - [MESSAGE][PASSED] - All options with value '12' are selected in object 'Object Repository/OCS-DESKTOP/Age gate and Mega menu/Date'  using regular expression

2019-06-07 12:07:52 - [TEST_STEP][PASSED] - selectOptionByValue(findTestObject("OCS-DESKTOP/Age gate and Mega menu/month"), "6", true): All options with value '6' are selected in object 'Object Repository/OCS-DESKTOP/Age gate and Mega menu/month'  using regular expression

2019-06-07 12:07:52 - [MESSAGE][PASSED] - All options with value '6' are selected in object 'Object Repository/OCS-DESKTOP/Age gate and Mega menu/month'  using regular expression

2019-06-07 12:07:52 - [TEST_STEP][PASSED] - delay(2): Delayed 2 second(s)

2019-06-07 12:07:54 - [MESSAGE][PASSED] - Delayed 2 second(s)

2019-06-07 12:07:54 - [TEST_STEP][PASSED] - selectOptionByValue(findTestObject("OCS-DESKTOP/Age gate and Mega menu/Year Dropdown"), "1990", true): All options with value '1990' are selected in object 'Object Repository/OCS-DESKTOP/Age gate and Mega menu/Year Dropdown'  using regular expression

2019-06-07 12:07:56 - [MESSAGE][PASSED] - All options with value '1990' are selected in object 'Object Repository/OCS-DESKTOP/Age gate and Mega menu/Year Dropdown'  using regular expression

2019-06-07 12:07:56 - [TEST_STEP][PASSED] - click(findTestObject("OCS-DESKTOP/Age gate and Mega menu/button_Verify")): Object: 'Object Repository/OCS-DESKTOP/Age gate and Mega menu/button_Verify' is clicked on

2019-06-07 12:07:56 - [MESSAGE][PASSED] - Object: 'Object Repository/OCS-DESKTOP/Age gate and Mega menu/button_Verify' is clicked on

2019-06-07 12:07:56 - [TEST_STEP][PASSED] - click(findTestObject("OCS-DESKTOP/Age gate and Mega menu/Checkbox_CONFIRM AND ACKNOWLEDGE")): Object: 'Object Repository/OCS-DESKTOP/Age gate and Mega menu/Checkbox_CONFIRM AND ACKNOWLEDGE' is clicked on

2019-06-07 12:07:56 - [MESSAGE][PASSED] - Object: 'Object Repository/OCS-DESKTOP/Age gate and Mega menu/Checkbox_CONFIRM AND ACKNOWLEDGE' is clicked on

2019-06-07 12:07:56 - [TEST_STEP][PASSED] - click(findTestObject("OCS-DESKTOP/Age gate and Mega menu/button_CONFIRM")): Object: 'Object Repository/OCS-DESKTOP/Age gate and Mega menu/button_CONFIRM' is clicked on

2019-06-07 12:07:56 - [MESSAGE][PASSED] - Object: 'Object Repository/OCS-DESKTOP/Age gate and Mega menu/button_CONFIRM' is clicked on

2019-06-07 12:07:56 - [TEST_STEP][PASSED] - click(findTestObject("OCS-DESKTOP/Age gate and Mega menu/button_Start Browsing")): Object: 'Object Repository/OCS-DESKTOP/Age gate and Mega menu/button_Start Browsing' is clicked on

2019-06-07 12:07:57 - [MESSAGE][PASSED] - Object: 'Object Repository/OCS-DESKTOP/Age gate and Mega menu/button_Start Browsing' is clicked on

2019-06-07 12:07:57 - [TEST_STEP][PASSED] - refresh(): Refresh successfully

2019-06-07 12:08:02 - [MESSAGE][PASSED] - Refresh successfully

2019-06-07 12:08:02 - [TEST_STEP][PASSED] - delay(2): Delayed 2 second(s)

2019-06-07 12:08:04 - [MESSAGE][PASSED] - Delayed 2 second(s)

2019-06-07 12:08:04 - [TEST_STEP][PASSED] - mouseOver(findTestObject("OCS-DESKTOP/Age gate and Mega menu/Header/CANNABIS menu - English")): Object: 'Object Repository/OCS-DESKTOP/Age gate and Mega menu/Header/CANNABIS menu - English' is hovered

2019-06-07 12:08:04 - [MESSAGE][PASSED] - Object: 'Object Repository/OCS-DESKTOP/Age gate and Mega menu/Header/CANNABIS menu - English' is hovered

2019-06-07 12:08:04 - [TEST_STEP][PASSED] - delay(2): Delayed 2 second(s)

2019-06-07 12:08:06 - [MESSAGE][PASSED] - Delayed 2 second(s)

2019-06-07 12:08:06 - [TEST_STEP][PASSED] - click(findTestObject("OCS-DESKTOP/Age gate and Mega menu/Indica Dominant_Menu item")): Object: 'Object Repository/OCS-DESKTOP/Age gate and Mega menu/Indica Dominant_Menu item' is clicked on

2019-06-07 12:08:08 - [MESSAGE][PASSED] - Object: 'Object Repository/OCS-DESKTOP/Age gate and Mega menu/Indica Dominant_Menu item' is clicked on

2019-06-07 12:08:08 - [TEST_STEP][PASSED] - delay(2): Delayed 2 second(s)

2019-06-07 12:08:10 - [MESSAGE][PASSED] - Delayed 2 second(s)

2019-06-07 12:08:10 - [TEST_STEP][PASSED] - scrollToElement(findTestObject("OCS-DESKTOP/Collection page/Product image - 1st one"), 0): Scroll to object 'Object Repository/OCS-DESKTOP/Collection page/Product image - 1st one' successfully

2019-06-07 12:08:10 - [MESSAGE][WARNING] - Timeout '0' is invalid. Using default page load timeout: '30'

2019-06-07 12:08:10 - [MESSAGE][PASSED] - Scroll to object 'Object Repository/OCS-DESKTOP/Collection page/Product image - 1st one' successfully

2019-06-07 12:08:10 - [TEST_STEP][PASSED] - delay(2): Delayed 2 second(s)

2019-06-07 12:08:12 - [MESSAGE][PASSED] - Delayed 2 second(s)

2019-06-07 12:08:12 - [TEST_STEP][PASSED] - click(findTestObject("OCS-DESKTOP/Collection page/Product image - 1st one")): Object: 'Object Repository/OCS-DESKTOP/Collection page/Product image - 1st one' is clicked on

2019-06-07 12:08:15 - [MESSAGE][PASSED] - Object: 'Object Repository/OCS-DESKTOP/Collection page/Product image - 1st one' is clicked on

2019-06-07 12:08:15 - [TEST_STEP][PASSED] - executeJavaScript("var previewBar = document.getElementById("preview-bar-iframe"); previewBar.style.display = "none";", []): Execute JavaScript 'var previewBar = document.getElementById("preview-bar-iframe"); previewBar.style.display = "none";' successfully

2019-06-07 12:08:15 - [MESSAGE][PASSED] - Execute JavaScript 'var previewBar = document.getElementById("preview-bar-iframe"); previewBar.style.display = "none";' successfully

2019-06-07 12:08:15 - [TEST_STEP][PASSED] - delay(2): Delayed 2 second(s)

2019-06-07 12:08:17 - [MESSAGE][PASSED] - Delayed 2 second(s)

2019-06-07 12:08:17 - [MESSAGE][PASSED] - Call Test Case 'Test Cases/OCS - DESKTOP/CALL - PDP' successfully

2019-06-07 12:08:17 - [TEST_STEP][FAILED] - scrollToElement(findTestObject("OCS-MOBILE /Product page/More items to consider section/Grinders - Tab"), 2): scrollToElement(findTestObject("OCS-MOBILE /Product page/More items to consider section/Grinders - Tab"), 2) FAILED.
Reason:
com.kms.katalon.core.exception.StepFailedException: Unable to scroll to object (Root cause: java.lang.IllegalArgumentException: Object is null)
	at com.kms.katalon.core.keyword.internal.KeywordMain.stepFailed(KeywordMain.groovy:36)
	at com.kms.katalon.core.webui.keyword.internal.WebUIKeywordMain.stepFailed(WebUIKeywordMain.groovy:65)
	at com.kms.katalon.core.webui.keyword.internal.WebUIKeywordMain.runKeyword(WebUIKeywordMain.groovy:27)
	at com.kms.katalon.core.webui.keyword.builtin.ScrollToElementKeyword.scrollToElement(ScrollToElementKeyword.groovy:88)
	at com.kms.katalon.core.webui.keyword.builtin.ScrollToElementKeyword.execute(ScrollToElementKeyword.groovy:68)
	at com.kms.katalon.core.keyword.internal.KeywordExecutor.executeKeywordForPlatform(KeywordExecutor.groovy:53)
	at com.kms.katalon.core.webui.keyword.WebUiBuiltInKeywords.scrollToElement(WebUiBuiltInKeywords.groovy:2975)
	at com.kms.katalon.core.webui.keyword.WebUiBuiltInKeywords$scrollToElement$11.call(Unknown Source)
	at Show all accessories.run(Show all accessories:18)
	at com.kms.katalon.core.main.ScriptEngine.run(ScriptEngine.java:194)
	at com.kms.katalon.core.main.ScriptEngine.runScriptAsRawText(ScriptEngine.java:119)
	at com.kms.katalon.core.main.TestCaseExecutor.runScript(TestCaseExecutor.java:328)
	at com.kms.katalon.core.main.TestCaseExecutor.doExecute(TestCaseExecutor.java:319)
	at com.kms.katalon.core.main.TestCaseExecutor.processExecutionPhase(TestCaseExecutor.java:298)
	at com.kms.katalon.core.main.TestCaseExecutor.accessMainPhase(TestCaseExecutor.java:290)
	at com.kms.katalon.core.main.TestCaseExecutor.execute(TestCaseExecutor.java:224)
	at com.kms.katalon.core.main.TestSuiteExecutor.accessTestCaseMainPhase(TestSuiteExecutor.java:129)
	at com.kms.katalon.core.main.TestSuiteExecutor.accessTestSuiteMainPhase(TestSuiteExecutor.java:112)
	at com.kms.katalon.core.main.TestSuiteExecutor.execute(TestSuiteExecutor.java:81)
	at com.kms.katalon.core.main.TestCaseMain.startTestSuite(TestCaseMain.java:149)
	at com.kms.katalon.core.main.TestCaseMain$startTestSuite$0.call(Unknown Source)
	at TempTestSuite1559921811030.run(TempTestSuite1559921811030.groovy:36)


2019-06-07 12:08:17 - [MESSAGE][WARNING] - Test object with id 'Object Repository/OCS-MOBILE /Product page/More items to consider section/Grinders - Tab' does not exist

2019-06-07 12:08:17 - [MESSAGE][WARNING] - Test object with id 'Object Repository/' does not exist

2019-06-07 12:08:17 - [MESSAGE][FAILED] - Unable to scroll to object (Root cause: java.lang.IllegalArgumentException: Object is null)
[[ATTACHMENT|/Users/sumankompelly/Relative xpath-Desktop/Reports/OCS- 1.9.2.1/20190607_113651/1559923697167.png]]

2019-06-07 12:08:17 - [MESSAGE][FAILED] - scrollToElement(findTestObject("OCS-MOBILE /Product page/More items to consider section/Grinders - Tab"), 2) FAILED.
Reason:
com.kms.katalon.core.exception.StepFailedException: Unable to scroll to object (Root cause: java.lang.IllegalArgumentException: Object is null)
	at com.kms.katalon.core.keyword.internal.KeywordMain.stepFailed(KeywordMain.groovy:36)
	at com.kms.katalon.core.webui.keyword.internal.WebUIKeywordMain.stepFailed(WebUIKeywordMain.groovy:65)
	at com.kms.katalon.core.webui.keyword.internal.WebUIKeywordMain.runKeyword(WebUIKeywordMain.groovy:27)
	at com.kms.katalon.core.webui.keyword.builtin.ScrollToElementKeyword.scrollToElement(ScrollToElementKeyword.groovy:88)
	at com.kms.katalon.core.webui.keyword.builtin.ScrollToElementKeyword.execute(ScrollToElementKeyword.groovy:68)
	at com.kms.katalon.core.keyword.internal.KeywordExecutor.executeKeywordForPlatform(KeywordExecutor.groovy:53)
	at com.kms.katalon.core.webui.keyword.WebUiBuiltInKeywords.scrollToElement(WebUiBuiltInKeywords.groovy:2975)
	at com.kms.katalon.core.webui.keyword.WebUiBuiltInKeywords$scrollToElement$11.call(Unknown Source)
	at Show all accessories.run(Show all accessories:18)
	at com.kms.katalon.core.main.ScriptEngine.run(ScriptEngine.java:194)
	at com.kms.katalon.core.main.ScriptEngine.runScriptAsRawText(ScriptEngine.java:119)
	at com.kms.katalon.core.main.TestCaseExecutor.runScript(TestCaseExecutor.java:328)
	at com.kms.katalon.core.main.TestCaseExecutor.doExecute(TestCaseExecutor.java:319)
	at com.kms.katalon.core.main.TestCaseExecutor.processExecutionPhase(TestCaseExecutor.java:298)
	at com.kms.katalon.core.main.TestCaseExecutor.accessMainPhase(TestCaseExecutor.java:290)
	at com.kms.katalon.core.main.TestCaseExecutor.execute(TestCaseExecutor.java:224)
	at com.kms.katalon.core.main.TestSuiteExecutor.accessTestCaseMainPhase(TestSuiteExecutor.java:129)
	at com.kms.katalon.core.main.TestSuiteExecutor.accessTestSuiteMainPhase(TestSuiteExecutor.java:112)
	at com.kms.katalon.core.main.TestSuiteExecutor.execute(TestSuiteExecutor.java:81)
	at com.kms.katalon.core.main.TestCaseMain.startTestSuite(TestCaseMain.java:149)
	at com.kms.katalon.core.main.TestCaseMain$startTestSuite$0.call(Unknown Source)
	at TempTestSuite1559921811030.run(TempTestSuite1559921811030.groovy:36)]]></system-out>
         <system-err><![CDATA[2019-06-07 12:07:38 - [TEST_CASE][FAILED] - Test Cases/OCS - DESKTOP/OCS- PRODUCT PAGE/Show all accessories: Test Cases/OCS - DESKTOP/OCS- PRODUCT PAGE/Show all accessories FAILED.
Reason:
com.kms.katalon.core.exception.StepFailedException: Unable to scroll to object (Root cause: java.lang.IllegalArgumentException: Object is null)
	at com.kms.katalon.core.keyword.internal.KeywordMain.stepFailed(KeywordMain.groovy:36)
	at com.kms.katalon.core.webui.keyword.internal.WebUIKeywordMain.stepFailed(WebUIKeywordMain.groovy:65)
	at com.kms.katalon.core.webui.keyword.internal.WebUIKeywordMain.runKeyword(WebUIKeywordMain.groovy:27)
	at com.kms.katalon.core.webui.keyword.builtin.ScrollToElementKeyword.scrollToElement(ScrollToElementKeyword.groovy:88)
	at com.kms.katalon.core.webui.keyword.builtin.ScrollToElementKeyword.execute(ScrollToElementKeyword.groovy:68)
	at com.kms.katalon.core.keyword.internal.KeywordExecutor.executeKeywordForPlatform(KeywordExecutor.groovy:53)
	at com.kms.katalon.core.webui.keyword.WebUiBuiltInKeywords.scrollToElement(WebUiBuiltInKeywords.groovy:2975)
	at com.kms.katalon.core.webui.keyword.WebUiBuiltInKeywords$scrollToElement$11.call(Unknown Source)
	at Show all accessories.run(Show all accessories:18)
	at com.kms.katalon.core.main.ScriptEngine.run(ScriptEngine.java:194)
	at com.kms.katalon.core.main.ScriptEngine.runScriptAsRawText(ScriptEngine.java:119)
	at com.kms.katalon.core.main.TestCaseExecutor.runScript(TestCaseExecutor.java:328)
	at com.kms.katalon.core.main.TestCaseExecutor.doExecute(TestCaseExecutor.java:319)
	at com.kms.katalon.core.main.TestCaseExecutor.processExecutionPhase(TestCaseExecutor.java:298)
	at com.kms.katalon.core.main.TestCaseExecutor.accessMainPhase(TestCaseExecutor.java:290)
	at com.kms.katalon.core.main.TestCaseExecutor.execute(TestCaseExecutor.java:224)
	at com.kms.katalon.core.main.TestSuiteExecutor.accessTestCaseMainPhase(TestSuiteExecutor.java:129)
	at com.kms.katalon.core.main.TestSuiteExecutor.accessTestSuiteMainPhase(TestSuiteExecutor.java:112)
	at com.kms.katalon.core.main.TestSuiteExecutor.execute(TestSuiteExecutor.java:81)
	at com.kms.katalon.core.main.TestCaseMain.startTestSuite(TestCaseMain.java:149)
	at com.kms.katalon.core.main.TestCaseMain$startTestSuite$0.call(Unknown Source)
	at TempTestSuite1559921811030.run(TempTestSuite1559921811030.groovy:36)]]></system-err>
      </testcase>
      <testcase name="Test Cases/OCS - DESKTOP/OCS- PRODUCT PAGE/Shop all of our products" classname="Test Cases/OCS - DESKTOP/OCS- PRODUCT PAGE/Shop all of our products" status="FAILED">
         <failure type="FAILED" message="Test Cases/OCS - DESKTOP/OCS- PRODUCT PAGE/Shop all of our products FAILED.
Reason:
com.kms.katalon.core.exception.StepFailedException: Unable to scroll to object (Root cause: java.lang.IllegalArgumentException: Object is null)
	at com.kms.katalon.core.keyword.internal.KeywordMain.stepFailed(KeywordMain.groovy:36)
	at com.kms.katalon.core.webui.keyword.internal.WebUIKeywordMain.stepFailed(WebUIKeywordMain.groovy:65)
	at com.kms.katalon.core.webui.keyword.internal.WebUIKeywordMain.runKeyword(WebUIKeywordMain.groovy:27)
	at com.kms.katalon.core.webui.keyword.builtin.ScrollToElementKeyword.scrollToElement(ScrollToElementKeyword.groovy:88)
	at com.kms.katalon.core.webui.keyword.builtin.ScrollToElementKeyword.execute(ScrollToElementKeyword.groovy:68)
	at com.kms.katalon.core.keyword.internal.KeywordExecutor.executeKeywordForPlatform(KeywordExecutor.groovy:53)
	at com.kms.katalon.core.webui.keyword.WebUiBuiltInKeywords.scrollToElement(WebUiBuiltInKeywords.groovy:2975)
	at com.kms.katalon.core.webui.keyword.WebUiBuiltInKeywords$scrollToElement$11.call(Unknown Source)
	at Shop all of our products.run(Shop all of our products:18)
	at com.kms.katalon.core.main.ScriptEngine.run(ScriptEngine.java:194)
	at com.kms.katalon.core.main.ScriptEngine.runScriptAsRawText(ScriptEngine.java:119)
	at com.kms.katalon.core.main.TestCaseExecutor.runScript(TestCaseExecutor.java:328)
	at com.kms.katalon.core.main.TestCaseExecutor.doExecute(TestCaseExecutor.java:319)
	at com.kms.katalon.core.main.TestCaseExecutor.processExecutionPhase(TestCaseExecutor.java:298)
	at com.kms.katalon.core.main.TestCaseExecutor.accessMainPhase(TestCaseExecutor.java:290)
	at com.kms.katalon.core.main.TestCaseExecutor.execute(TestCaseExecutor.java:224)
	at com.kms.katalon.core.main.TestSuiteExecutor.accessTestCaseMainPhase(TestSuiteExecutor.java:129)
	at com.kms.katalon.core.main.TestSuiteExecutor.accessTestSuiteMainPhase(TestSuiteExecutor.java:112)
	at com.kms.katalon.core.main.TestSuiteExecutor.execute(TestSuiteExecutor.java:81)
	at com.kms.katalon.core.main.TestCaseMain.startTestSuite(TestCaseMain.java:149)
	at com.kms.katalon.core.main.TestCaseMain$startTestSuite$0.call(Unknown Source)
	at TempTestSuite1559921811030.run(TempTestSuite1559921811030.groovy:36)
"/>
         <system-out><![CDATA[2019-06-07 12:08:17 - [TEST_CASE][FAILED] - Test Cases/OCS - DESKTOP/OCS- PRODUCT PAGE/Shop all of our products: Test Cases/OCS - DESKTOP/OCS- PRODUCT PAGE/Shop all of our products FAILED.
Reason:
com.kms.katalon.core.exception.StepFailedException: Unable to scroll to object (Root cause: java.lang.IllegalArgumentException: Object is null)
	at com.kms.katalon.core.keyword.internal.KeywordMain.stepFailed(KeywordMain.groovy:36)
	at com.kms.katalon.core.webui.keyword.internal.WebUIKeywordMain.stepFailed(WebUIKeywordMain.groovy:65)
	at com.kms.katalon.core.webui.keyword.internal.WebUIKeywordMain.runKeyword(WebUIKeywordMain.groovy:27)
	at com.kms.katalon.core.webui.keyword.builtin.ScrollToElementKeyword.scrollToElement(ScrollToElementKeyword.groovy:88)
	at com.kms.katalon.core.webui.keyword.builtin.ScrollToElementKeyword.execute(ScrollToElementKeyword.groovy:68)
	at com.kms.katalon.core.keyword.internal.KeywordExecutor.executeKeywordForPlatform(KeywordExecutor.groovy:53)
	at com.kms.katalon.core.webui.keyword.WebUiBuiltInKeywords.scrollToElement(WebUiBuiltInKeywords.groovy:2975)
	at com.kms.katalon.core.webui.keyword.WebUiBuiltInKeywords$scrollToElement$11.call(Unknown Source)
	at Shop all of our products.run(Shop all of our products:18)
	at com.kms.katalon.core.main.ScriptEngine.run(ScriptEngine.java:194)
	at com.kms.katalon.core.main.ScriptEngine.runScriptAsRawText(ScriptEngine.java:119)
	at com.kms.katalon.core.main.TestCaseExecutor.runScript(TestCaseExecutor.java:328)
	at com.kms.katalon.core.main.TestCaseExecutor.doExecute(TestCaseExecutor.java:319)
	at com.kms.katalon.core.main.TestCaseExecutor.processExecutionPhase(TestCaseExecutor.java:298)
	at com.kms.katalon.core.main.TestCaseExecutor.accessMainPhase(TestCaseExecutor.java:290)
	at com.kms.katalon.core.main.TestCaseExecutor.execute(TestCaseExecutor.java:224)
	at com.kms.katalon.core.main.TestSuiteExecutor.accessTestCaseMainPhase(TestSuiteExecutor.java:129)
	at com.kms.katalon.core.main.TestSuiteExecutor.accessTestSuiteMainPhase(TestSuiteExecutor.java:112)
	at com.kms.katalon.core.main.TestSuiteExecutor.execute(TestSuiteExecutor.java:81)
	at com.kms.katalon.core.main.TestCaseMain.startTestSuite(TestCaseMain.java:149)
	at com.kms.katalon.core.main.TestCaseMain$startTestSuite$0.call(Unknown Source)
	at TempTestSuite1559921811030.run(TempTestSuite1559921811030.groovy:36)


2019-06-07 12:08:17 - [TEST_STEP][PASSED] - callTestCase(findTestCase("OCS - DESKTOP/CALL - PDP"), [:], STOP_ON_FAILURE): Call Test Case 'Test Cases/OCS - DESKTOP/CALL - PDP' successfully

2019-06-07 12:08:17 - [TEST_CASE][PASSED] - Test Cases/OCS - DESKTOP/CALL - PDP: Test Cases/OCS - DESKTOP/CALL - PDP

2019-06-07 12:08:17 - [TEST_STEP][PASSED] - openBrowser(""): Browser is opened with url: ''

2019-06-07 12:08:17 - [MESSAGE][WARNING] - A browser is already opened. Closing browser and opening a new one

2019-06-07 12:08:18 - [MESSAGE][INFO] - Starting 'Firefox' driver

2019-06-07 12:08:20 - [MESSAGE][PASSED] - Browser is opened with url: ''

2019-06-07 12:08:20 - [TEST_STEP][PASSED] - navigateToUrl("https://ocs.ca/?fts=0&preview_theme_id=72920074060"): Navigate to 'https://ocs.ca/?fts=0&preview_theme_id=72920074060' successfully

2019-06-07 12:08:24 - [MESSAGE][PASSED] - Navigate to 'https://ocs.ca/?fts=0&preview_theme_id=72920074060' successfully

2019-06-07 12:08:24 - [TEST_STEP][PASSED] - maximizeWindow(): Current window maximized

2019-06-07 12:08:25 - [MESSAGE][PASSED] - Current window maximized

2019-06-07 12:08:25 - [TEST_STEP][PASSED] - executeJavaScript("var previewBar = document.getElementById("preview-bar-iframe"); previewBar.style.display = "none";", []): Execute JavaScript 'var previewBar = document.getElementById("preview-bar-iframe"); previewBar.style.display = "none";' successfully

2019-06-07 12:08:25 - [MESSAGE][PASSED] - Execute JavaScript 'var previewBar = document.getElementById("preview-bar-iframe"); previewBar.style.display = "none";' successfully

2019-06-07 12:08:25 - [TEST_STEP][PASSED] - delay(4): Delayed 4 second(s)

2019-06-07 12:08:29 - [MESSAGE][PASSED] - Delayed 4 second(s)

2019-06-07 12:08:29 - [TEST_STEP][PASSED] - selectOptionByValue(findTestObject("OCS-DESKTOP/Age gate and Mega menu/Date"), "12", true): All options with value '12' are selected in object 'Object Repository/OCS-DESKTOP/Age gate and Mega menu/Date'  using regular expression

2019-06-07 12:08:29 - [MESSAGE][PASSED] - All options with value '12' are selected in object 'Object Repository/OCS-DESKTOP/Age gate and Mega menu/Date'  using regular expression

2019-06-07 12:08:29 - [TEST_STEP][PASSED] - selectOptionByValue(findTestObject("OCS-DESKTOP/Age gate and Mega menu/month"), "6", true): All options with value '6' are selected in object 'Object Repository/OCS-DESKTOP/Age gate and Mega menu/month'  using regular expression

2019-06-07 12:08:30 - [MESSAGE][PASSED] - All options with value '6' are selected in object 'Object Repository/OCS-DESKTOP/Age gate and Mega menu/month'  using regular expression

2019-06-07 12:08:30 - [TEST_STEP][PASSED] - delay(2): Delayed 2 second(s)

2019-06-07 12:08:32 - [MESSAGE][PASSED] - Delayed 2 second(s)

2019-06-07 12:08:32 - [TEST_STEP][PASSED] - selectOptionByValue(findTestObject("OCS-DESKTOP/Age gate and Mega menu/Year Dropdown"), "1990", true): All options with value '1990' are selected in object 'Object Repository/OCS-DESKTOP/Age gate and Mega menu/Year Dropdown'  using regular expression

2019-06-07 12:08:33 - [MESSAGE][PASSED] - All options with value '1990' are selected in object 'Object Repository/OCS-DESKTOP/Age gate and Mega menu/Year Dropdown'  using regular expression

2019-06-07 12:08:33 - [TEST_STEP][PASSED] - click(findTestObject("OCS-DESKTOP/Age gate and Mega menu/button_Verify")): Object: 'Object Repository/OCS-DESKTOP/Age gate and Mega menu/button_Verify' is clicked on

2019-06-07 12:08:34 - [MESSAGE][PASSED] - Object: 'Object Repository/OCS-DESKTOP/Age gate and Mega menu/button_Verify' is clicked on

2019-06-07 12:08:34 - [TEST_STEP][PASSED] - click(findTestObject("OCS-DESKTOP/Age gate and Mega menu/Checkbox_CONFIRM AND ACKNOWLEDGE")): Object: 'Object Repository/OCS-DESKTOP/Age gate and Mega menu/Checkbox_CONFIRM AND ACKNOWLEDGE' is clicked on

2019-06-07 12:08:34 - [MESSAGE][PASSED] - Object: 'Object Repository/OCS-DESKTOP/Age gate and Mega menu/Checkbox_CONFIRM AND ACKNOWLEDGE' is clicked on

2019-06-07 12:08:34 - [TEST_STEP][PASSED] - click(findTestObject("OCS-DESKTOP/Age gate and Mega menu/button_CONFIRM")): Object: 'Object Repository/OCS-DESKTOP/Age gate and Mega menu/button_CONFIRM' is clicked on

2019-06-07 12:08:34 - [MESSAGE][PASSED] - Object: 'Object Repository/OCS-DESKTOP/Age gate and Mega menu/button_CONFIRM' is clicked on

2019-06-07 12:08:34 - [TEST_STEP][PASSED] - click(findTestObject("OCS-DESKTOP/Age gate and Mega menu/button_Start Browsing")): Object: 'Object Repository/OCS-DESKTOP/Age gate and Mega menu/button_Start Browsing' is clicked on

2019-06-07 12:08:34 - [MESSAGE][PASSED] - Object: 'Object Repository/OCS-DESKTOP/Age gate and Mega menu/button_Start Browsing' is clicked on

2019-06-07 12:08:34 - [TEST_STEP][PASSED] - refresh(): Refresh successfully

2019-06-07 12:08:39 - [MESSAGE][PASSED] - Refresh successfully

2019-06-07 12:08:39 - [TEST_STEP][PASSED] - delay(2): Delayed 2 second(s)

2019-06-07 12:08:41 - [MESSAGE][PASSED] - Delayed 2 second(s)

2019-06-07 12:08:41 - [TEST_STEP][PASSED] - mouseOver(findTestObject("OCS-DESKTOP/Age gate and Mega menu/Header/CANNABIS menu - English")): Object: 'Object Repository/OCS-DESKTOP/Age gate and Mega menu/Header/CANNABIS menu - English' is hovered

2019-06-07 12:08:41 - [MESSAGE][PASSED] - Object: 'Object Repository/OCS-DESKTOP/Age gate and Mega menu/Header/CANNABIS menu - English' is hovered

2019-06-07 12:08:41 - [TEST_STEP][PASSED] - delay(2): Delayed 2 second(s)

2019-06-07 12:08:43 - [MESSAGE][PASSED] - Delayed 2 second(s)

2019-06-07 12:08:43 - [TEST_STEP][PASSED] - click(findTestObject("OCS-DESKTOP/Age gate and Mega menu/Indica Dominant_Menu item")): Object: 'Object Repository/OCS-DESKTOP/Age gate and Mega menu/Indica Dominant_Menu item' is clicked on

2019-06-07 12:08:45 - [MESSAGE][PASSED] - Object: 'Object Repository/OCS-DESKTOP/Age gate and Mega menu/Indica Dominant_Menu item' is clicked on

2019-06-07 12:08:45 - [TEST_STEP][PASSED] - delay(2): Delayed 2 second(s)

2019-06-07 12:08:47 - [MESSAGE][PASSED] - Delayed 2 second(s)

2019-06-07 12:08:47 - [TEST_STEP][PASSED] - scrollToElement(findTestObject("OCS-DESKTOP/Collection page/Product image - 1st one"), 0): Scroll to object 'Object Repository/OCS-DESKTOP/Collection page/Product image - 1st one' successfully

2019-06-07 12:08:47 - [MESSAGE][WARNING] - Timeout '0' is invalid. Using default page load timeout: '30'

2019-06-07 12:08:47 - [MESSAGE][PASSED] - Scroll to object 'Object Repository/OCS-DESKTOP/Collection page/Product image - 1st one' successfully

2019-06-07 12:08:47 - [TEST_STEP][PASSED] - delay(2): Delayed 2 second(s)

2019-06-07 12:08:49 - [MESSAGE][PASSED] - Delayed 2 second(s)

2019-06-07 12:08:49 - [TEST_STEP][PASSED] - click(findTestObject("OCS-DESKTOP/Collection page/Product image - 1st one")): Object: 'Object Repository/OCS-DESKTOP/Collection page/Product image - 1st one' is clicked on

2019-06-07 12:08:51 - [MESSAGE][PASSED] - Object: 'Object Repository/OCS-DESKTOP/Collection page/Product image - 1st one' is clicked on

2019-06-07 12:08:51 - [TEST_STEP][PASSED] - executeJavaScript("var previewBar = document.getElementById("preview-bar-iframe"); previewBar.style.display = "none";", []): Execute JavaScript 'var previewBar = document.getElementById("preview-bar-iframe"); previewBar.style.display = "none";' successfully

2019-06-07 12:08:51 - [MESSAGE][PASSED] - Execute JavaScript 'var previewBar = document.getElementById("preview-bar-iframe"); previewBar.style.display = "none";' successfully

2019-06-07 12:08:51 - [TEST_STEP][PASSED] - delay(2): Delayed 2 second(s)

2019-06-07 12:08:53 - [MESSAGE][PASSED] - Delayed 2 second(s)

2019-06-07 12:08:53 - [MESSAGE][PASSED] - Call Test Case 'Test Cases/OCS - DESKTOP/CALL - PDP' successfully

2019-06-07 12:08:53 - [TEST_STEP][FAILED] - scrollToElement(findTestObject("OCS-MOBILE /Product page/Recently Viewed/1st Product - Image"), 2): scrollToElement(findTestObject("OCS-MOBILE /Product page/Recently Viewed/1st Product - Image"), 2) FAILED.
Reason:
com.kms.katalon.core.exception.StepFailedException: Unable to scroll to object (Root cause: java.lang.IllegalArgumentException: Object is null)
	at com.kms.katalon.core.keyword.internal.KeywordMain.stepFailed(KeywordMain.groovy:36)
	at com.kms.katalon.core.webui.keyword.internal.WebUIKeywordMain.stepFailed(WebUIKeywordMain.groovy:65)
	at com.kms.katalon.core.webui.keyword.internal.WebUIKeywordMain.runKeyword(WebUIKeywordMain.groovy:27)
	at com.kms.katalon.core.webui.keyword.builtin.ScrollToElementKeyword.scrollToElement(ScrollToElementKeyword.groovy:88)
	at com.kms.katalon.core.webui.keyword.builtin.ScrollToElementKeyword.execute(ScrollToElementKeyword.groovy:68)
	at com.kms.katalon.core.keyword.internal.KeywordExecutor.executeKeywordForPlatform(KeywordExecutor.groovy:53)
	at com.kms.katalon.core.webui.keyword.WebUiBuiltInKeywords.scrollToElement(WebUiBuiltInKeywords.groovy:2975)
	at com.kms.katalon.core.webui.keyword.WebUiBuiltInKeywords$scrollToElement$11.call(Unknown Source)
	at Shop all of our products.run(Shop all of our products:18)
	at com.kms.katalon.core.main.ScriptEngine.run(ScriptEngine.java:194)
	at com.kms.katalon.core.main.ScriptEngine.runScriptAsRawText(ScriptEngine.java:119)
	at com.kms.katalon.core.main.TestCaseExecutor.runScript(TestCaseExecutor.java:328)
	at com.kms.katalon.core.main.TestCaseExecutor.doExecute(TestCaseExecutor.java:319)
	at com.kms.katalon.core.main.TestCaseExecutor.processExecutionPhase(TestCaseExecutor.java:298)
	at com.kms.katalon.core.main.TestCaseExecutor.accessMainPhase(TestCaseExecutor.java:290)
	at com.kms.katalon.core.main.TestCaseExecutor.execute(TestCaseExecutor.java:224)
	at com.kms.katalon.core.main.TestSuiteExecutor.accessTestCaseMainPhase(TestSuiteExecutor.java:129)
	at com.kms.katalon.core.main.TestSuiteExecutor.accessTestSuiteMainPhase(TestSuiteExecutor.java:112)
	at com.kms.katalon.core.main.TestSuiteExecutor.execute(TestSuiteExecutor.java:81)
	at com.kms.katalon.core.main.TestCaseMain.startTestSuite(TestCaseMain.java:149)
	at com.kms.katalon.core.main.TestCaseMain$startTestSuite$0.call(Unknown Source)
	at TempTestSuite1559921811030.run(TempTestSuite1559921811030.groovy:36)


2019-06-07 12:08:53 - [MESSAGE][WARNING] - Test object with id 'Object Repository/OCS-MOBILE /Product page/Recently Viewed/1st Product - Image' does not exist

2019-06-07 12:08:53 - [MESSAGE][WARNING] - Test object with id 'Object Repository/' does not exist

2019-06-07 12:08:54 - [MESSAGE][FAILED] - Unable to scroll to object (Root cause: java.lang.IllegalArgumentException: Object is null)
[[ATTACHMENT|/Users/sumankompelly/Relative xpath-Desktop/Reports/OCS- 1.9.2.1/20190607_113651/1559923733775.png]]

2019-06-07 12:08:54 - [MESSAGE][FAILED] - scrollToElement(findTestObject("OCS-MOBILE /Product page/Recently Viewed/1st Product - Image"), 2) FAILED.
Reason:
com.kms.katalon.core.exception.StepFailedException: Unable to scroll to object (Root cause: java.lang.IllegalArgumentException: Object is null)
	at com.kms.katalon.core.keyword.internal.KeywordMain.stepFailed(KeywordMain.groovy:36)
	at com.kms.katalon.core.webui.keyword.internal.WebUIKeywordMain.stepFailed(WebUIKeywordMain.groovy:65)
	at com.kms.katalon.core.webui.keyword.internal.WebUIKeywordMain.runKeyword(WebUIKeywordMain.groovy:27)
	at com.kms.katalon.core.webui.keyword.builtin.ScrollToElementKeyword.scrollToElement(ScrollToElementKeyword.groovy:88)
	at com.kms.katalon.core.webui.keyword.builtin.ScrollToElementKeyword.execute(ScrollToElementKeyword.groovy:68)
	at com.kms.katalon.core.keyword.internal.KeywordExecutor.executeKeywordForPlatform(KeywordExecutor.groovy:53)
	at com.kms.katalon.core.webui.keyword.WebUiBuiltInKeywords.scrollToElement(WebUiBuiltInKeywords.groovy:2975)
	at com.kms.katalon.core.webui.keyword.WebUiBuiltInKeywords$scrollToElement$11.call(Unknown Source)
	at Shop all of our products.run(Shop all of our products:18)
	at com.kms.katalon.core.main.ScriptEngine.run(ScriptEngine.java:194)
	at com.kms.katalon.core.main.ScriptEngine.runScriptAsRawText(ScriptEngine.java:119)
	at com.kms.katalon.core.main.TestCaseExecutor.runScript(TestCaseExecutor.java:328)
	at com.kms.katalon.core.main.TestCaseExecutor.doExecute(TestCaseExecutor.java:319)
	at com.kms.katalon.core.main.TestCaseExecutor.processExecutionPhase(TestCaseExecutor.java:298)
	at com.kms.katalon.core.main.TestCaseExecutor.accessMainPhase(TestCaseExecutor.java:290)
	at com.kms.katalon.core.main.TestCaseExecutor.execute(TestCaseExecutor.java:224)
	at com.kms.katalon.core.main.TestSuiteExecutor.accessTestCaseMainPhase(TestSuiteExecutor.java:129)
	at com.kms.katalon.core.main.TestSuiteExecutor.accessTestSuiteMainPhase(TestSuiteExecutor.java:112)
	at com.kms.katalon.core.main.TestSuiteExecutor.execute(TestSuiteExecutor.java:81)
	at com.kms.katalon.core.main.TestCaseMain.startTestSuite(TestCaseMain.java:149)
	at com.kms.katalon.core.main.TestCaseMain$startTestSuite$0.call(Unknown Source)
	at TempTestSuite1559921811030.run(TempTestSuite1559921811030.groovy:36)]]></system-out>
         <system-err><![CDATA[2019-06-07 12:08:17 - [TEST_CASE][FAILED] - Test Cases/OCS - DESKTOP/OCS- PRODUCT PAGE/Shop all of our products: Test Cases/OCS - DESKTOP/OCS- PRODUCT PAGE/Shop all of our products FAILED.
Reason:
com.kms.katalon.core.exception.StepFailedException: Unable to scroll to object (Root cause: java.lang.IllegalArgumentException: Object is null)
	at com.kms.katalon.core.keyword.internal.KeywordMain.stepFailed(KeywordMain.groovy:36)
	at com.kms.katalon.core.webui.keyword.internal.WebUIKeywordMain.stepFailed(WebUIKeywordMain.groovy:65)
	at com.kms.katalon.core.webui.keyword.internal.WebUIKeywordMain.runKeyword(WebUIKeywordMain.groovy:27)
	at com.kms.katalon.core.webui.keyword.builtin.ScrollToElementKeyword.scrollToElement(ScrollToElementKeyword.groovy:88)
	at com.kms.katalon.core.webui.keyword.builtin.ScrollToElementKeyword.execute(ScrollToElementKeyword.groovy:68)
	at com.kms.katalon.core.keyword.internal.KeywordExecutor.executeKeywordForPlatform(KeywordExecutor.groovy:53)
	at com.kms.katalon.core.webui.keyword.WebUiBuiltInKeywords.scrollToElement(WebUiBuiltInKeywords.groovy:2975)
	at com.kms.katalon.core.webui.keyword.WebUiBuiltInKeywords$scrollToElement$11.call(Unknown Source)
	at Shop all of our products.run(Shop all of our products:18)
	at com.kms.katalon.core.main.ScriptEngine.run(ScriptEngine.java:194)
	at com.kms.katalon.core.main.ScriptEngine.runScriptAsRawText(ScriptEngine.java:119)
	at com.kms.katalon.core.main.TestCaseExecutor.runScript(TestCaseExecutor.java:328)
	at com.kms.katalon.core.main.TestCaseExecutor.doExecute(TestCaseExecutor.java:319)
	at com.kms.katalon.core.main.TestCaseExecutor.processExecutionPhase(TestCaseExecutor.java:298)
	at com.kms.katalon.core.main.TestCaseExecutor.accessMainPhase(TestCaseExecutor.java:290)
	at com.kms.katalon.core.main.TestCaseExecutor.execute(TestCaseExecutor.java:224)
	at com.kms.katalon.core.main.TestSuiteExecutor.accessTestCaseMainPhase(TestSuiteExecutor.java:129)
	at com.kms.katalon.core.main.TestSuiteExecutor.accessTestSuiteMainPhase(TestSuiteExecutor.java:112)
	at com.kms.katalon.core.main.TestSuiteExecutor.execute(TestSuiteExecutor.java:81)
	at com.kms.katalon.core.main.TestCaseMain.startTestSuite(TestCaseMain.java:149)
	at com.kms.katalon.core.main.TestCaseMain$startTestSuite$0.call(Unknown Source)
	at TempTestSuite1559921811030.run(TempTestSuite1559921811030.groovy:36)]]></system-err>
      </testcase>
      <testcase name="Test Cases/OCS - DESKTOP/OCS- PRODUCT PAGE/Tooltip" classname="Test Cases/OCS - DESKTOP/OCS- PRODUCT PAGE/Tooltip" status="FAILED">
         <failure type="FAILED" message="Test Cases/OCS - DESKTOP/OCS- PRODUCT PAGE/Tooltip FAILED.
Reason:
com.kms.katalon.core.exception.StepFailedException: Unable to click on object (Root cause: java.lang.IllegalArgumentException: Object is null)
	at com.kms.katalon.core.keyword.internal.KeywordMain.stepFailed(KeywordMain.groovy:36)
	at com.kms.katalon.core.webui.keyword.internal.WebUIKeywordMain.stepFailed(WebUIKeywordMain.groovy:65)
	at com.kms.katalon.core.webui.keyword.internal.WebUIKeywordMain.runKeyword(WebUIKeywordMain.groovy:27)
	at com.kms.katalon.core.webui.keyword.builtin.ClickKeyword.click(ClickKeyword.groovy:86)
	at com.kms.katalon.core.webui.keyword.builtin.ClickKeyword.execute(ClickKeyword.groovy:67)
	at com.kms.katalon.core.keyword.internal.KeywordExecutor.executeKeywordForPlatform(KeywordExecutor.groovy:53)
	at com.kms.katalon.core.webui.keyword.WebUiBuiltInKeywords.click(WebUiBuiltInKeywords.groovy:616)
	at com.kms.katalon.core.webui.keyword.WebUiBuiltInKeywords$click$4.call(Unknown Source)
	at Tooltip.run(Tooltip:18)
	at com.kms.katalon.core.main.ScriptEngine.run(ScriptEngine.java:194)
	at com.kms.katalon.core.main.ScriptEngine.runScriptAsRawText(ScriptEngine.java:119)
	at com.kms.katalon.core.main.TestCaseExecutor.runScript(TestCaseExecutor.java:328)
	at com.kms.katalon.core.main.TestCaseExecutor.doExecute(TestCaseExecutor.java:319)
	at com.kms.katalon.core.main.TestCaseExecutor.processExecutionPhase(TestCaseExecutor.java:298)
	at com.kms.katalon.core.main.TestCaseExecutor.accessMainPhase(TestCaseExecutor.java:290)
	at com.kms.katalon.core.main.TestCaseExecutor.execute(TestCaseExecutor.java:224)
	at com.kms.katalon.core.main.TestSuiteExecutor.accessTestCaseMainPhase(TestSuiteExecutor.java:129)
	at com.kms.katalon.core.main.TestSuiteExecutor.accessTestSuiteMainPhase(TestSuiteExecutor.java:112)
	at com.kms.katalon.core.main.TestSuiteExecutor.execute(TestSuiteExecutor.java:81)
	at com.kms.katalon.core.main.TestCaseMain.startTestSuite(TestCaseMain.java:149)
	at com.kms.katalon.core.main.TestCaseMain$startTestSuite$0.call(Unknown Source)
	at TempTestSuite1559921811030.run(TempTestSuite1559921811030.groovy:36)
"/>
         <system-out><![CDATA[2019-06-07 12:08:54 - [TEST_CASE][FAILED] - Test Cases/OCS - DESKTOP/OCS- PRODUCT PAGE/Tooltip: Test Cases/OCS - DESKTOP/OCS- PRODUCT PAGE/Tooltip FAILED.
Reason:
com.kms.katalon.core.exception.StepFailedException: Unable to click on object (Root cause: java.lang.IllegalArgumentException: Object is null)
	at com.kms.katalon.core.keyword.internal.KeywordMain.stepFailed(KeywordMain.groovy:36)
	at com.kms.katalon.core.webui.keyword.internal.WebUIKeywordMain.stepFailed(WebUIKeywordMain.groovy:65)
	at com.kms.katalon.core.webui.keyword.internal.WebUIKeywordMain.runKeyword(WebUIKeywordMain.groovy:27)
	at com.kms.katalon.core.webui.keyword.builtin.ClickKeyword.click(ClickKeyword.groovy:86)
	at com.kms.katalon.core.webui.keyword.builtin.ClickKeyword.execute(ClickKeyword.groovy:67)
	at com.kms.katalon.core.keyword.internal.KeywordExecutor.executeKeywordForPlatform(KeywordExecutor.groovy:53)
	at com.kms.katalon.core.webui.keyword.WebUiBuiltInKeywords.click(WebUiBuiltInKeywords.groovy:616)
	at com.kms.katalon.core.webui.keyword.WebUiBuiltInKeywords$click$4.call(Unknown Source)
	at Tooltip.run(Tooltip:18)
	at com.kms.katalon.core.main.ScriptEngine.run(ScriptEngine.java:194)
	at com.kms.katalon.core.main.ScriptEngine.runScriptAsRawText(ScriptEngine.java:119)
	at com.kms.katalon.core.main.TestCaseExecutor.runScript(TestCaseExecutor.java:328)
	at com.kms.katalon.core.main.TestCaseExecutor.doExecute(TestCaseExecutor.java:319)
	at com.kms.katalon.core.main.TestCaseExecutor.processExecutionPhase(TestCaseExecutor.java:298)
	at com.kms.katalon.core.main.TestCaseExecutor.accessMainPhase(TestCaseExecutor.java:290)
	at com.kms.katalon.core.main.TestCaseExecutor.execute(TestCaseExecutor.java:224)
	at com.kms.katalon.core.main.TestSuiteExecutor.accessTestCaseMainPhase(TestSuiteExecutor.java:129)
	at com.kms.katalon.core.main.TestSuiteExecutor.accessTestSuiteMainPhase(TestSuiteExecutor.java:112)
	at com.kms.katalon.core.main.TestSuiteExecutor.execute(TestSuiteExecutor.java:81)
	at com.kms.katalon.core.main.TestCaseMain.startTestSuite(TestCaseMain.java:149)
	at com.kms.katalon.core.main.TestCaseMain$startTestSuite$0.call(Unknown Source)
	at TempTestSuite1559921811030.run(TempTestSuite1559921811030.groovy:36)


2019-06-07 12:08:54 - [TEST_STEP][PASSED] - callTestCase(findTestCase("OCS - DESKTOP/CALL - PDP"), [:], STOP_ON_FAILURE): Call Test Case 'Test Cases/OCS - DESKTOP/CALL - PDP' successfully

2019-06-07 12:08:54 - [TEST_CASE][PASSED] - Test Cases/OCS - DESKTOP/CALL - PDP: Test Cases/OCS - DESKTOP/CALL - PDP

2019-06-07 12:08:54 - [TEST_STEP][PASSED] - openBrowser(""): Browser is opened with url: ''

2019-06-07 12:08:54 - [MESSAGE][WARNING] - A browser is already opened. Closing browser and opening a new one

2019-06-07 12:08:54 - [MESSAGE][INFO] - Starting 'Firefox' driver

2019-06-07 12:08:57 - [MESSAGE][PASSED] - Browser is opened with url: ''

2019-06-07 12:08:57 - [TEST_STEP][PASSED] - navigateToUrl("https://ocs.ca/?fts=0&preview_theme_id=72920074060"): Navigate to 'https://ocs.ca/?fts=0&preview_theme_id=72920074060' successfully

2019-06-07 12:09:02 - [MESSAGE][PASSED] - Navigate to 'https://ocs.ca/?fts=0&preview_theme_id=72920074060' successfully

2019-06-07 12:09:02 - [TEST_STEP][PASSED] - maximizeWindow(): Current window maximized

2019-06-07 12:09:03 - [MESSAGE][PASSED] - Current window maximized

2019-06-07 12:09:03 - [TEST_STEP][PASSED] - executeJavaScript("var previewBar = document.getElementById("preview-bar-iframe"); previewBar.style.display = "none";", []): Execute JavaScript 'var previewBar = document.getElementById("preview-bar-iframe"); previewBar.style.display = "none";' successfully

2019-06-07 12:09:03 - [MESSAGE][PASSED] - Execute JavaScript 'var previewBar = document.getElementById("preview-bar-iframe"); previewBar.style.display = "none";' successfully

2019-06-07 12:09:03 - [TEST_STEP][PASSED] - delay(4): Delayed 4 second(s)

2019-06-07 12:09:07 - [MESSAGE][PASSED] - Delayed 4 second(s)

2019-06-07 12:09:07 - [TEST_STEP][PASSED] - selectOptionByValue(findTestObject("OCS-DESKTOP/Age gate and Mega menu/Date"), "12", true): All options with value '12' are selected in object 'Object Repository/OCS-DESKTOP/Age gate and Mega menu/Date'  using regular expression

2019-06-07 12:09:07 - [MESSAGE][PASSED] - All options with value '12' are selected in object 'Object Repository/OCS-DESKTOP/Age gate and Mega menu/Date'  using regular expression

2019-06-07 12:09:07 - [TEST_STEP][PASSED] - selectOptionByValue(findTestObject("OCS-DESKTOP/Age gate and Mega menu/month"), "6", true): All options with value '6' are selected in object 'Object Repository/OCS-DESKTOP/Age gate and Mega menu/month'  using regular expression

2019-06-07 12:09:08 - [MESSAGE][PASSED] - All options with value '6' are selected in object 'Object Repository/OCS-DESKTOP/Age gate and Mega menu/month'  using regular expression

2019-06-07 12:09:08 - [TEST_STEP][PASSED] - delay(2): Delayed 2 second(s)

2019-06-07 12:09:10 - [MESSAGE][PASSED] - Delayed 2 second(s)

2019-06-07 12:09:10 - [TEST_STEP][PASSED] - selectOptionByValue(findTestObject("OCS-DESKTOP/Age gate and Mega menu/Year Dropdown"), "1990", true): All options with value '1990' are selected in object 'Object Repository/OCS-DESKTOP/Age gate and Mega menu/Year Dropdown'  using regular expression

2019-06-07 12:09:11 - [MESSAGE][PASSED] - All options with value '1990' are selected in object 'Object Repository/OCS-DESKTOP/Age gate and Mega menu/Year Dropdown'  using regular expression

2019-06-07 12:09:11 - [TEST_STEP][PASSED] - click(findTestObject("OCS-DESKTOP/Age gate and Mega menu/button_Verify")): Object: 'Object Repository/OCS-DESKTOP/Age gate and Mega menu/button_Verify' is clicked on

2019-06-07 12:09:12 - [MESSAGE][PASSED] - Object: 'Object Repository/OCS-DESKTOP/Age gate and Mega menu/button_Verify' is clicked on

2019-06-07 12:09:12 - [TEST_STEP][PASSED] - click(findTestObject("OCS-DESKTOP/Age gate and Mega menu/Checkbox_CONFIRM AND ACKNOWLEDGE")): Object: 'Object Repository/OCS-DESKTOP/Age gate and Mega menu/Checkbox_CONFIRM AND ACKNOWLEDGE' is clicked on

2019-06-07 12:09:12 - [MESSAGE][PASSED] - Object: 'Object Repository/OCS-DESKTOP/Age gate and Mega menu/Checkbox_CONFIRM AND ACKNOWLEDGE' is clicked on

2019-06-07 12:09:12 - [TEST_STEP][PASSED] - click(findTestObject("OCS-DESKTOP/Age gate and Mega menu/button_CONFIRM")): Object: 'Object Repository/OCS-DESKTOP/Age gate and Mega menu/button_CONFIRM' is clicked on

2019-06-07 12:09:12 - [MESSAGE][PASSED] - Object: 'Object Repository/OCS-DESKTOP/Age gate and Mega menu/button_CONFIRM' is clicked on

2019-06-07 12:09:12 - [TEST_STEP][PASSED] - click(findTestObject("OCS-DESKTOP/Age gate and Mega menu/button_Start Browsing")): Object: 'Object Repository/OCS-DESKTOP/Age gate and Mega menu/button_Start Browsing' is clicked on

2019-06-07 12:09:12 - [MESSAGE][PASSED] - Object: 'Object Repository/OCS-DESKTOP/Age gate and Mega menu/button_Start Browsing' is clicked on

2019-06-07 12:09:12 - [TEST_STEP][PASSED] - refresh(): Refresh successfully

2019-06-07 12:09:16 - [MESSAGE][PASSED] - Refresh successfully

2019-06-07 12:09:16 - [TEST_STEP][PASSED] - delay(2): Delayed 2 second(s)

2019-06-07 12:09:18 - [MESSAGE][PASSED] - Delayed 2 second(s)

2019-06-07 12:09:18 - [TEST_STEP][PASSED] - mouseOver(findTestObject("OCS-DESKTOP/Age gate and Mega menu/Header/CANNABIS menu - English")): Object: 'Object Repository/OCS-DESKTOP/Age gate and Mega menu/Header/CANNABIS menu - English' is hovered

2019-06-07 12:09:18 - [MESSAGE][PASSED] - Object: 'Object Repository/OCS-DESKTOP/Age gate and Mega menu/Header/CANNABIS menu - English' is hovered

2019-06-07 12:09:18 - [TEST_STEP][PASSED] - delay(2): Delayed 2 second(s)

2019-06-07 12:09:20 - [MESSAGE][PASSED] - Delayed 2 second(s)

2019-06-07 12:09:20 - [TEST_STEP][PASSED] - click(findTestObject("OCS-DESKTOP/Age gate and Mega menu/Indica Dominant_Menu item")): Object: 'Object Repository/OCS-DESKTOP/Age gate and Mega menu/Indica Dominant_Menu item' is clicked on

2019-06-07 12:09:22 - [MESSAGE][PASSED] - Object: 'Object Repository/OCS-DESKTOP/Age gate and Mega menu/Indica Dominant_Menu item' is clicked on

2019-06-07 12:09:22 - [TEST_STEP][PASSED] - delay(2): Delayed 2 second(s)

2019-06-07 12:09:24 - [MESSAGE][PASSED] - Delayed 2 second(s)

2019-06-07 12:09:24 - [TEST_STEP][PASSED] - scrollToElement(findTestObject("OCS-DESKTOP/Collection page/Product image - 1st one"), 0): Scroll to object 'Object Repository/OCS-DESKTOP/Collection page/Product image - 1st one' successfully

2019-06-07 12:09:24 - [MESSAGE][WARNING] - Timeout '0' is invalid. Using default page load timeout: '30'

2019-06-07 12:09:24 - [MESSAGE][PASSED] - Scroll to object 'Object Repository/OCS-DESKTOP/Collection page/Product image - 1st one' successfully

2019-06-07 12:09:24 - [TEST_STEP][PASSED] - delay(2): Delayed 2 second(s)

2019-06-07 12:09:26 - [MESSAGE][PASSED] - Delayed 2 second(s)

2019-06-07 12:09:26 - [TEST_STEP][PASSED] - click(findTestObject("OCS-DESKTOP/Collection page/Product image - 1st one")): Object: 'Object Repository/OCS-DESKTOP/Collection page/Product image - 1st one' is clicked on

2019-06-07 12:09:29 - [MESSAGE][PASSED] - Object: 'Object Repository/OCS-DESKTOP/Collection page/Product image - 1st one' is clicked on

2019-06-07 12:09:29 - [TEST_STEP][PASSED] - executeJavaScript("var previewBar = document.getElementById("preview-bar-iframe"); previewBar.style.display = "none";", []): Execute JavaScript 'var previewBar = document.getElementById("preview-bar-iframe"); previewBar.style.display = "none";' successfully

2019-06-07 12:09:29 - [MESSAGE][PASSED] - Execute JavaScript 'var previewBar = document.getElementById("preview-bar-iframe"); previewBar.style.display = "none";' successfully

2019-06-07 12:09:29 - [TEST_STEP][PASSED] - delay(2): Delayed 2 second(s)

2019-06-07 12:09:31 - [MESSAGE][PASSED] - Delayed 2 second(s)

2019-06-07 12:09:31 - [MESSAGE][PASSED] - Call Test Case 'Test Cases/OCS - DESKTOP/CALL - PDP' successfully

2019-06-07 12:09:31 - [TEST_STEP][FAILED] - click(findTestObject("OCS-MOBILE /Product page/Tooltips/THC - Tooltip")): click(findTestObject("OCS-MOBILE /Product page/Tooltips/THC - Tooltip")) FAILED.
Reason:
com.kms.katalon.core.exception.StepFailedException: Unable to click on object (Root cause: java.lang.IllegalArgumentException: Object is null)
	at com.kms.katalon.core.keyword.internal.KeywordMain.stepFailed(KeywordMain.groovy:36)
	at com.kms.katalon.core.webui.keyword.internal.WebUIKeywordMain.stepFailed(WebUIKeywordMain.groovy:65)
	at com.kms.katalon.core.webui.keyword.internal.WebUIKeywordMain.runKeyword(WebUIKeywordMain.groovy:27)
	at com.kms.katalon.core.webui.keyword.builtin.ClickKeyword.click(ClickKeyword.groovy:86)
	at com.kms.katalon.core.webui.keyword.builtin.ClickKeyword.execute(ClickKeyword.groovy:67)
	at com.kms.katalon.core.keyword.internal.KeywordExecutor.executeKeywordForPlatform(KeywordExecutor.groovy:53)
	at com.kms.katalon.core.webui.keyword.WebUiBuiltInKeywords.click(WebUiBuiltInKeywords.groovy:616)
	at com.kms.katalon.core.webui.keyword.WebUiBuiltInKeywords$click$4.call(Unknown Source)
	at Tooltip.run(Tooltip:18)
	at com.kms.katalon.core.main.ScriptEngine.run(ScriptEngine.java:194)
	at com.kms.katalon.core.main.ScriptEngine.runScriptAsRawText(ScriptEngine.java:119)
	at com.kms.katalon.core.main.TestCaseExecutor.runScript(TestCaseExecutor.java:328)
	at com.kms.katalon.core.main.TestCaseExecutor.doExecute(TestCaseExecutor.java:319)
	at com.kms.katalon.core.main.TestCaseExecutor.processExecutionPhase(TestCaseExecutor.java:298)
	at com.kms.katalon.core.main.TestCaseExecutor.accessMainPhase(TestCaseExecutor.java:290)
	at com.kms.katalon.core.main.TestCaseExecutor.execute(TestCaseExecutor.java:224)
	at com.kms.katalon.core.main.TestSuiteExecutor.accessTestCaseMainPhase(TestSuiteExecutor.java:129)
	at com.kms.katalon.core.main.TestSuiteExecutor.accessTestSuiteMainPhase(TestSuiteExecutor.java:112)
	at com.kms.katalon.core.main.TestSuiteExecutor.execute(TestSuiteExecutor.java:81)
	at com.kms.katalon.core.main.TestCaseMain.startTestSuite(TestCaseMain.java:149)
	at com.kms.katalon.core.main.TestCaseMain$startTestSuite$0.call(Unknown Source)
	at TempTestSuite1559921811030.run(TempTestSuite1559921811030.groovy:36)


2019-06-07 12:09:31 - [MESSAGE][WARNING] - Test object with id 'Object Repository/OCS-MOBILE /Product page/Tooltips/THC - Tooltip' does not exist

2019-06-07 12:09:31 - [MESSAGE][WARNING] - Test object with id 'Object Repository/' does not exist

2019-06-07 12:09:31 - [MESSAGE][FAILED] - Unable to click on object (Root cause: java.lang.IllegalArgumentException: Object is null)
[[ATTACHMENT|/Users/sumankompelly/Relative xpath-Desktop/Reports/OCS- 1.9.2.1/20190607_113651/1559923771217.png]]

2019-06-07 12:09:31 - [MESSAGE][FAILED] - click(findTestObject("OCS-MOBILE /Product page/Tooltips/THC - Tooltip")) FAILED.
Reason:
com.kms.katalon.core.exception.StepFailedException: Unable to click on object (Root cause: java.lang.IllegalArgumentException: Object is null)
	at com.kms.katalon.core.keyword.internal.KeywordMain.stepFailed(KeywordMain.groovy:36)
	at com.kms.katalon.core.webui.keyword.internal.WebUIKeywordMain.stepFailed(WebUIKeywordMain.groovy:65)
	at com.kms.katalon.core.webui.keyword.internal.WebUIKeywordMain.runKeyword(WebUIKeywordMain.groovy:27)
	at com.kms.katalon.core.webui.keyword.builtin.ClickKeyword.click(ClickKeyword.groovy:86)
	at com.kms.katalon.core.webui.keyword.builtin.ClickKeyword.execute(ClickKeyword.groovy:67)
	at com.kms.katalon.core.keyword.internal.KeywordExecutor.executeKeywordForPlatform(KeywordExecutor.groovy:53)
	at com.kms.katalon.core.webui.keyword.WebUiBuiltInKeywords.click(WebUiBuiltInKeywords.groovy:616)
	at com.kms.katalon.core.webui.keyword.WebUiBuiltInKeywords$click$4.call(Unknown Source)
	at Tooltip.run(Tooltip:18)
	at com.kms.katalon.core.main.ScriptEngine.run(ScriptEngine.java:194)
	at com.kms.katalon.core.main.ScriptEngine.runScriptAsRawText(ScriptEngine.java:119)
	at com.kms.katalon.core.main.TestCaseExecutor.runScript(TestCaseExecutor.java:328)
	at com.kms.katalon.core.main.TestCaseExecutor.doExecute(TestCaseExecutor.java:319)
	at com.kms.katalon.core.main.TestCaseExecutor.processExecutionPhase(TestCaseExecutor.java:298)
	at com.kms.katalon.core.main.TestCaseExecutor.accessMainPhase(TestCaseExecutor.java:290)
	at com.kms.katalon.core.main.TestCaseExecutor.execute(TestCaseExecutor.java:224)
	at com.kms.katalon.core.main.TestSuiteExecutor.accessTestCaseMainPhase(TestSuiteExecutor.java:129)
	at com.kms.katalon.core.main.TestSuiteExecutor.accessTestSuiteMainPhase(TestSuiteExecutor.java:112)
	at com.kms.katalon.core.main.TestSuiteExecutor.execute(TestSuiteExecutor.java:81)
	at com.kms.katalon.core.main.TestCaseMain.startTestSuite(TestCaseMain.java:149)
	at com.kms.katalon.core.main.TestCaseMain$startTestSuite$0.call(Unknown Source)
	at TempTestSuite1559921811030.run(TempTestSuite1559921811030.groovy:36)]]></system-out>
         <system-err><![CDATA[2019-06-07 12:08:54 - [TEST_CASE][FAILED] - Test Cases/OCS - DESKTOP/OCS- PRODUCT PAGE/Tooltip: Test Cases/OCS - DESKTOP/OCS- PRODUCT PAGE/Tooltip FAILED.
Reason:
com.kms.katalon.core.exception.StepFailedException: Unable to click on object (Root cause: java.lang.IllegalArgumentException: Object is null)
	at com.kms.katalon.core.keyword.internal.KeywordMain.stepFailed(KeywordMain.groovy:36)
	at com.kms.katalon.core.webui.keyword.internal.WebUIKeywordMain.stepFailed(WebUIKeywordMain.groovy:65)
	at com.kms.katalon.core.webui.keyword.internal.WebUIKeywordMain.runKeyword(WebUIKeywordMain.groovy:27)
	at com.kms.katalon.core.webui.keyword.builtin.ClickKeyword.click(ClickKeyword.groovy:86)
	at com.kms.katalon.core.webui.keyword.builtin.ClickKeyword.execute(ClickKeyword.groovy:67)
	at com.kms.katalon.core.keyword.internal.KeywordExecutor.executeKeywordForPlatform(KeywordExecutor.groovy:53)
	at com.kms.katalon.core.webui.keyword.WebUiBuiltInKeywords.click(WebUiBuiltInKeywords.groovy:616)
	at com.kms.katalon.core.webui.keyword.WebUiBuiltInKeywords$click$4.call(Unknown Source)
	at Tooltip.run(Tooltip:18)
	at com.kms.katalon.core.main.ScriptEngine.run(ScriptEngine.java:194)
	at com.kms.katalon.core.main.ScriptEngine.runScriptAsRawText(ScriptEngine.java:119)
	at com.kms.katalon.core.main.TestCaseExecutor.runScript(TestCaseExecutor.java:328)
	at com.kms.katalon.core.main.TestCaseExecutor.doExecute(TestCaseExecutor.java:319)
	at com.kms.katalon.core.main.TestCaseExecutor.processExecutionPhase(TestCaseExecutor.java:298)
	at com.kms.katalon.core.main.TestCaseExecutor.accessMainPhase(TestCaseExecutor.java:290)
	at com.kms.katalon.core.main.TestCaseExecutor.execute(TestCaseExecutor.java:224)
	at com.kms.katalon.core.main.TestSuiteExecutor.accessTestCaseMainPhase(TestSuiteExecutor.java:129)
	at com.kms.katalon.core.main.TestSuiteExecutor.accessTestSuiteMainPhase(TestSuiteExecutor.java:112)
	at com.kms.katalon.core.main.TestSuiteExecutor.execute(TestSuiteExecutor.java:81)
	at com.kms.katalon.core.main.TestCaseMain.startTestSuite(TestCaseMain.java:149)
	at com.kms.katalon.core.main.TestCaseMain$startTestSuite$0.call(Unknown Source)
	at TempTestSuite1559921811030.run(TempTestSuite1559921811030.groovy:36)]]></system-err>
      </testcase>
      <testcase name="Test Cases/OCS - DESKTOP/OCS- PRODUCT PAGE/variants selector" classname="Test Cases/OCS - DESKTOP/OCS- PRODUCT PAGE/variants selector" status="FAILED">
         <failure type="FAILED" message="Test Cases/OCS - DESKTOP/OCS- PRODUCT PAGE/variants selector FAILED.
Reason:
com.kms.katalon.core.exception.StepFailedException: Unable to scroll to object (Root cause: java.lang.IllegalArgumentException: Object is null)
	at com.kms.katalon.core.keyword.internal.KeywordMain.stepFailed(KeywordMain.groovy:36)
	at com.kms.katalon.core.webui.keyword.internal.WebUIKeywordMain.stepFailed(WebUIKeywordMain.groovy:65)
	at com.kms.katalon.core.webui.keyword.internal.WebUIKeywordMain.runKeyword(WebUIKeywordMain.groovy:27)
	at com.kms.katalon.core.webui.keyword.builtin.ScrollToElementKeyword.scrollToElement(ScrollToElementKeyword.groovy:88)
	at com.kms.katalon.core.webui.keyword.builtin.ScrollToElementKeyword.execute(ScrollToElementKeyword.groovy:68)
	at com.kms.katalon.core.keyword.internal.KeywordExecutor.executeKeywordForPlatform(KeywordExecutor.groovy:53)
	at com.kms.katalon.core.webui.keyword.WebUiBuiltInKeywords.scrollToElement(WebUiBuiltInKeywords.groovy:2975)
	at com.kms.katalon.core.webui.keyword.WebUiBuiltInKeywords$scrollToElement$11.call(Unknown Source)
	at variants selector.run(variants selector:25)
	at com.kms.katalon.core.main.ScriptEngine.run(ScriptEngine.java:194)
	at com.kms.katalon.core.main.ScriptEngine.runScriptAsRawText(ScriptEngine.java:119)
	at com.kms.katalon.core.main.TestCaseExecutor.runScript(TestCaseExecutor.java:328)
	at com.kms.katalon.core.main.TestCaseExecutor.doExecute(TestCaseExecutor.java:319)
	at com.kms.katalon.core.main.TestCaseExecutor.processExecutionPhase(TestCaseExecutor.java:298)
	at com.kms.katalon.core.main.TestCaseExecutor.accessMainPhase(TestCaseExecutor.java:290)
	at com.kms.katalon.core.main.TestCaseExecutor.execute(TestCaseExecutor.java:224)
	at com.kms.katalon.core.main.TestSuiteExecutor.accessTestCaseMainPhase(TestSuiteExecutor.java:129)
	at com.kms.katalon.core.main.TestSuiteExecutor.accessTestSuiteMainPhase(TestSuiteExecutor.java:112)
	at com.kms.katalon.core.main.TestSuiteExecutor.execute(TestSuiteExecutor.java:81)
	at com.kms.katalon.core.main.TestCaseMain.startTestSuite(TestCaseMain.java:149)
	at com.kms.katalon.core.main.TestCaseMain$startTestSuite$0.call(Unknown Source)
	at TempTestSuite1559921811030.run(TempTestSuite1559921811030.groovy:36)
"/>
         <system-out><![CDATA[2019-06-07 12:09:31 - [TEST_CASE][FAILED] - Test Cases/OCS - DESKTOP/OCS- PRODUCT PAGE/variants selector: Test Cases/OCS - DESKTOP/OCS- PRODUCT PAGE/variants selector FAILED.
Reason:
com.kms.katalon.core.exception.StepFailedException: Unable to scroll to object (Root cause: java.lang.IllegalArgumentException: Object is null)
	at com.kms.katalon.core.keyword.internal.KeywordMain.stepFailed(KeywordMain.groovy:36)
	at com.kms.katalon.core.webui.keyword.internal.WebUIKeywordMain.stepFailed(WebUIKeywordMain.groovy:65)
	at com.kms.katalon.core.webui.keyword.internal.WebUIKeywordMain.runKeyword(WebUIKeywordMain.groovy:27)
	at com.kms.katalon.core.webui.keyword.builtin.ScrollToElementKeyword.scrollToElement(ScrollToElementKeyword.groovy:88)
	at com.kms.katalon.core.webui.keyword.builtin.ScrollToElementKeyword.execute(ScrollToElementKeyword.groovy:68)
	at com.kms.katalon.core.keyword.internal.KeywordExecutor.executeKeywordForPlatform(KeywordExecutor.groovy:53)
	at com.kms.katalon.core.webui.keyword.WebUiBuiltInKeywords.scrollToElement(WebUiBuiltInKeywords.groovy:2975)
	at com.kms.katalon.core.webui.keyword.WebUiBuiltInKeywords$scrollToElement$11.call(Unknown Source)
	at variants selector.run(variants selector:25)
	at com.kms.katalon.core.main.ScriptEngine.run(ScriptEngine.java:194)
	at com.kms.katalon.core.main.ScriptEngine.runScriptAsRawText(ScriptEngine.java:119)
	at com.kms.katalon.core.main.TestCaseExecutor.runScript(TestCaseExecutor.java:328)
	at com.kms.katalon.core.main.TestCaseExecutor.doExecute(TestCaseExecutor.java:319)
	at com.kms.katalon.core.main.TestCaseExecutor.processExecutionPhase(TestCaseExecutor.java:298)
	at com.kms.katalon.core.main.TestCaseExecutor.accessMainPhase(TestCaseExecutor.java:290)
	at com.kms.katalon.core.main.TestCaseExecutor.execute(TestCaseExecutor.java:224)
	at com.kms.katalon.core.main.TestSuiteExecutor.accessTestCaseMainPhase(TestSuiteExecutor.java:129)
	at com.kms.katalon.core.main.TestSuiteExecutor.accessTestSuiteMainPhase(TestSuiteExecutor.java:112)
	at com.kms.katalon.core.main.TestSuiteExecutor.execute(TestSuiteExecutor.java:81)
	at com.kms.katalon.core.main.TestCaseMain.startTestSuite(TestCaseMain.java:149)
	at com.kms.katalon.core.main.TestCaseMain$startTestSuite$0.call(Unknown Source)
	at TempTestSuite1559921811030.run(TempTestSuite1559921811030.groovy:36)


2019-06-07 12:09:31 - [TEST_STEP][PASSED] - callTestCase(findTestCase("OCS - DESKTOP/CALL - PDP"), [:], STOP_ON_FAILURE): Call Test Case 'Test Cases/OCS - DESKTOP/CALL - PDP' successfully

2019-06-07 12:09:31 - [TEST_CASE][PASSED] - Test Cases/OCS - DESKTOP/CALL - PDP: Test Cases/OCS - DESKTOP/CALL - PDP

2019-06-07 12:09:31 - [TEST_STEP][PASSED] - openBrowser(""): Browser is opened with url: ''

2019-06-07 12:09:31 - [MESSAGE][WARNING] - A browser is already opened. Closing browser and opening a new one

2019-06-07 12:09:32 - [MESSAGE][INFO] - Starting 'Firefox' driver

2019-06-07 12:09:34 - [MESSAGE][PASSED] - Browser is opened with url: ''

2019-06-07 12:09:34 - [TEST_STEP][PASSED] - navigateToUrl("https://ocs.ca/?fts=0&preview_theme_id=72920074060"): Navigate to 'https://ocs.ca/?fts=0&preview_theme_id=72920074060' successfully

2019-06-07 12:09:40 - [MESSAGE][PASSED] - Navigate to 'https://ocs.ca/?fts=0&preview_theme_id=72920074060' successfully

2019-06-07 12:09:40 - [TEST_STEP][PASSED] - maximizeWindow(): Current window maximized

2019-06-07 12:09:41 - [MESSAGE][PASSED] - Current window maximized

2019-06-07 12:09:41 - [TEST_STEP][PASSED] - executeJavaScript("var previewBar = document.getElementById("preview-bar-iframe"); previewBar.style.display = "none";", []): Execute JavaScript 'var previewBar = document.getElementById("preview-bar-iframe"); previewBar.style.display = "none";' successfully

2019-06-07 12:09:41 - [MESSAGE][PASSED] - Execute JavaScript 'var previewBar = document.getElementById("preview-bar-iframe"); previewBar.style.display = "none";' successfully

2019-06-07 12:09:41 - [TEST_STEP][PASSED] - delay(4): Delayed 4 second(s)

2019-06-07 12:09:45 - [MESSAGE][PASSED] - Delayed 4 second(s)

2019-06-07 12:09:45 - [TEST_STEP][PASSED] - selectOptionByValue(findTestObject("OCS-DESKTOP/Age gate and Mega menu/Date"), "12", true): All options with value '12' are selected in object 'Object Repository/OCS-DESKTOP/Age gate and Mega menu/Date'  using regular expression

2019-06-07 12:09:46 - [MESSAGE][PASSED] - All options with value '12' are selected in object 'Object Repository/OCS-DESKTOP/Age gate and Mega menu/Date'  using regular expression

2019-06-07 12:09:46 - [TEST_STEP][PASSED] - selectOptionByValue(findTestObject("OCS-DESKTOP/Age gate and Mega menu/month"), "6", true): All options with value '6' are selected in object 'Object Repository/OCS-DESKTOP/Age gate and Mega menu/month'  using regular expression

2019-06-07 12:09:46 - [MESSAGE][PASSED] - All options with value '6' are selected in object 'Object Repository/OCS-DESKTOP/Age gate and Mega menu/month'  using regular expression

2019-06-07 12:09:46 - [TEST_STEP][PASSED] - delay(2): Delayed 2 second(s)

2019-06-07 12:09:48 - [MESSAGE][PASSED] - Delayed 2 second(s)

2019-06-07 12:09:48 - [TEST_STEP][PASSED] - selectOptionByValue(findTestObject("OCS-DESKTOP/Age gate and Mega menu/Year Dropdown"), "1990", true): All options with value '1990' are selected in object 'Object Repository/OCS-DESKTOP/Age gate and Mega menu/Year Dropdown'  using regular expression

2019-06-07 12:09:50 - [MESSAGE][PASSED] - All options with value '1990' are selected in object 'Object Repository/OCS-DESKTOP/Age gate and Mega menu/Year Dropdown'  using regular expression

2019-06-07 12:09:50 - [TEST_STEP][PASSED] - click(findTestObject("OCS-DESKTOP/Age gate and Mega menu/button_Verify")): Object: 'Object Repository/OCS-DESKTOP/Age gate and Mega menu/button_Verify' is clicked on

2019-06-07 12:09:50 - [MESSAGE][PASSED] - Object: 'Object Repository/OCS-DESKTOP/Age gate and Mega menu/button_Verify' is clicked on

2019-06-07 12:09:50 - [TEST_STEP][PASSED] - click(findTestObject("OCS-DESKTOP/Age gate and Mega menu/Checkbox_CONFIRM AND ACKNOWLEDGE")): Object: 'Object Repository/OCS-DESKTOP/Age gate and Mega menu/Checkbox_CONFIRM AND ACKNOWLEDGE' is clicked on

2019-06-07 12:09:50 - [MESSAGE][PASSED] - Object: 'Object Repository/OCS-DESKTOP/Age gate and Mega menu/Checkbox_CONFIRM AND ACKNOWLEDGE' is clicked on

2019-06-07 12:09:50 - [TEST_STEP][PASSED] - click(findTestObject("OCS-DESKTOP/Age gate and Mega menu/button_CONFIRM")): Object: 'Object Repository/OCS-DESKTOP/Age gate and Mega menu/button_CONFIRM' is clicked on

2019-06-07 12:09:50 - [MESSAGE][PASSED] - Object: 'Object Repository/OCS-DESKTOP/Age gate and Mega menu/button_CONFIRM' is clicked on

2019-06-07 12:09:50 - [TEST_STEP][PASSED] - click(findTestObject("OCS-DESKTOP/Age gate and Mega menu/button_Start Browsing")): Object: 'Object Repository/OCS-DESKTOP/Age gate and Mega menu/button_Start Browsing' is clicked on

2019-06-07 12:09:51 - [MESSAGE][PASSED] - Object: 'Object Repository/OCS-DESKTOP/Age gate and Mega menu/button_Start Browsing' is clicked on

2019-06-07 12:09:51 - [TEST_STEP][PASSED] - refresh(): Refresh successfully

2019-06-07 12:09:54 - [MESSAGE][PASSED] - Refresh successfully

2019-06-07 12:09:54 - [TEST_STEP][PASSED] - delay(2): Delayed 2 second(s)

2019-06-07 12:09:56 - [MESSAGE][PASSED] - Delayed 2 second(s)

2019-06-07 12:09:56 - [TEST_STEP][PASSED] - mouseOver(findTestObject("OCS-DESKTOP/Age gate and Mega menu/Header/CANNABIS menu - English")): Object: 'Object Repository/OCS-DESKTOP/Age gate and Mega menu/Header/CANNABIS menu - English' is hovered

2019-06-07 12:09:56 - [MESSAGE][PASSED] - Object: 'Object Repository/OCS-DESKTOP/Age gate and Mega menu/Header/CANNABIS menu - English' is hovered

2019-06-07 12:09:56 - [TEST_STEP][PASSED] - delay(2): Delayed 2 second(s)

2019-06-07 12:09:59 - [MESSAGE][PASSED] - Delayed 2 second(s)

2019-06-07 12:09:59 - [TEST_STEP][PASSED] - click(findTestObject("OCS-DESKTOP/Age gate and Mega menu/Indica Dominant_Menu item")): Object: 'Object Repository/OCS-DESKTOP/Age gate and Mega menu/Indica Dominant_Menu item' is clicked on

2019-06-07 12:10:01 - [MESSAGE][PASSED] - Object: 'Object Repository/OCS-DESKTOP/Age gate and Mega menu/Indica Dominant_Menu item' is clicked on

2019-06-07 12:10:01 - [TEST_STEP][PASSED] - delay(2): Delayed 2 second(s)

2019-06-07 12:10:03 - [MESSAGE][PASSED] - Delayed 2 second(s)

2019-06-07 12:10:03 - [TEST_STEP][PASSED] - scrollToElement(findTestObject("OCS-DESKTOP/Collection page/Product image - 1st one"), 0): Scroll to object 'Object Repository/OCS-DESKTOP/Collection page/Product image - 1st one' successfully

2019-06-07 12:10:03 - [MESSAGE][WARNING] - Timeout '0' is invalid. Using default page load timeout: '30'

2019-06-07 12:10:03 - [MESSAGE][PASSED] - Scroll to object 'Object Repository/OCS-DESKTOP/Collection page/Product image - 1st one' successfully

2019-06-07 12:10:03 - [TEST_STEP][PASSED] - delay(2): Delayed 2 second(s)

2019-06-07 12:10:05 - [MESSAGE][PASSED] - Delayed 2 second(s)

2019-06-07 12:10:05 - [TEST_STEP][PASSED] - click(findTestObject("OCS-DESKTOP/Collection page/Product image - 1st one")): Object: 'Object Repository/OCS-DESKTOP/Collection page/Product image - 1st one' is clicked on

2019-06-07 12:10:07 - [MESSAGE][PASSED] - Object: 'Object Repository/OCS-DESKTOP/Collection page/Product image - 1st one' is clicked on

2019-06-07 12:10:07 - [TEST_STEP][PASSED] - executeJavaScript("var previewBar = document.getElementById("preview-bar-iframe"); previewBar.style.display = "none";", []): Execute JavaScript 'var previewBar = document.getElementById("preview-bar-iframe"); previewBar.style.display = "none";' successfully

2019-06-07 12:10:07 - [MESSAGE][PASSED] - Execute JavaScript 'var previewBar = document.getElementById("preview-bar-iframe"); previewBar.style.display = "none";' successfully

2019-06-07 12:10:07 - [TEST_STEP][PASSED] - delay(2): Delayed 2 second(s)

2019-06-07 12:10:09 - [MESSAGE][PASSED] - Delayed 2 second(s)

2019-06-07 12:10:09 - [MESSAGE][PASSED] - Call Test Case 'Test Cases/OCS - DESKTOP/CALL - PDP' successfully

2019-06-07 12:10:09 - [TEST_STEP][PASSED] - navigateToUrl("https://ocs.ca/products/lola-montes-edison"): Navigate to 'https://ocs.ca/products/lola-montes-edison' successfully

2019-06-07 12:10:11 - [MESSAGE][PASSED] - Navigate to 'https://ocs.ca/products/lola-montes-edison' successfully

2019-06-07 12:10:11 - [TEST_STEP][PASSED] - executeJavaScript("var previewBar = document.getElementById("preview-bar-iframe"); previewBar.style.display = "none";", []): Execute JavaScript 'var previewBar = document.getElementById("preview-bar-iframe"); previewBar.style.display = "none";' successfully

2019-06-07 12:10:11 - [MESSAGE][PASSED] - Execute JavaScript 'var previewBar = document.getElementById("preview-bar-iframe"); previewBar.style.display = "none";' successfully

2019-06-07 12:10:11 - [TEST_STEP][PASSED] - delay(2): Delayed 2 second(s)

2019-06-07 12:10:13 - [MESSAGE][PASSED] - Delayed 2 second(s)

2019-06-07 12:10:13 - [TEST_STEP][FAILED] - scrollToElement(findTestObject("OCS-MOBILE /Product page/Product image"), 1): scrollToElement(findTestObject("OCS-MOBILE /Product page/Product image"), 1) FAILED.
Reason:
com.kms.katalon.core.exception.StepFailedException: Unable to scroll to object (Root cause: java.lang.IllegalArgumentException: Object is null)
	at com.kms.katalon.core.keyword.internal.KeywordMain.stepFailed(KeywordMain.groovy:36)
	at com.kms.katalon.core.webui.keyword.internal.WebUIKeywordMain.stepFailed(WebUIKeywordMain.groovy:65)
	at com.kms.katalon.core.webui.keyword.internal.WebUIKeywordMain.runKeyword(WebUIKeywordMain.groovy:27)
	at com.kms.katalon.core.webui.keyword.builtin.ScrollToElementKeyword.scrollToElement(ScrollToElementKeyword.groovy:88)
	at com.kms.katalon.core.webui.keyword.builtin.ScrollToElementKeyword.execute(ScrollToElementKeyword.groovy:68)
	at com.kms.katalon.core.keyword.internal.KeywordExecutor.executeKeywordForPlatform(KeywordExecutor.groovy:53)
	at com.kms.katalon.core.webui.keyword.WebUiBuiltInKeywords.scrollToElement(WebUiBuiltInKeywords.groovy:2975)
	at com.kms.katalon.core.webui.keyword.WebUiBuiltInKeywords$scrollToElement$11.call(Unknown Source)
	at variants selector.run(variants selector:25)
	at com.kms.katalon.core.main.ScriptEngine.run(ScriptEngine.java:194)
	at com.kms.katalon.core.main.ScriptEngine.runScriptAsRawText(ScriptEngine.java:119)
	at com.kms.katalon.core.main.TestCaseExecutor.runScript(TestCaseExecutor.java:328)
	at com.kms.katalon.core.main.TestCaseExecutor.doExecute(TestCaseExecutor.java:319)
	at com.kms.katalon.core.main.TestCaseExecutor.processExecutionPhase(TestCaseExecutor.java:298)
	at com.kms.katalon.core.main.TestCaseExecutor.accessMainPhase(TestCaseExecutor.java:290)
	at com.kms.katalon.core.main.TestCaseExecutor.execute(TestCaseExecutor.java:224)
	at com.kms.katalon.core.main.TestSuiteExecutor.accessTestCaseMainPhase(TestSuiteExecutor.java:129)
	at com.kms.katalon.core.main.TestSuiteExecutor.accessTestSuiteMainPhase(TestSuiteExecutor.java:112)
	at com.kms.katalon.core.main.TestSuiteExecutor.execute(TestSuiteExecutor.java:81)
	at com.kms.katalon.core.main.TestCaseMain.startTestSuite(TestCaseMain.java:149)
	at com.kms.katalon.core.main.TestCaseMain$startTestSuite$0.call(Unknown Source)
	at TempTestSuite1559921811030.run(TempTestSuite1559921811030.groovy:36)


2019-06-07 12:10:13 - [MESSAGE][WARNING] - Test object with id 'Object Repository/OCS-MOBILE /Product page/Product image' does not exist

2019-06-07 12:10:13 - [MESSAGE][WARNING] - Test object with id 'Object Repository/' does not exist

2019-06-07 12:10:13 - [MESSAGE][FAILED] - Unable to scroll to object (Root cause: java.lang.IllegalArgumentException: Object is null)
[[ATTACHMENT|/Users/sumankompelly/Relative xpath-Desktop/Reports/OCS- 1.9.2.1/20190607_113651/1559923813581.png]]

2019-06-07 12:10:13 - [MESSAGE][FAILED] - scrollToElement(findTestObject("OCS-MOBILE /Product page/Product image"), 1) FAILED.
Reason:
com.kms.katalon.core.exception.StepFailedException: Unable to scroll to object (Root cause: java.lang.IllegalArgumentException: Object is null)
	at com.kms.katalon.core.keyword.internal.KeywordMain.stepFailed(KeywordMain.groovy:36)
	at com.kms.katalon.core.webui.keyword.internal.WebUIKeywordMain.stepFailed(WebUIKeywordMain.groovy:65)
	at com.kms.katalon.core.webui.keyword.internal.WebUIKeywordMain.runKeyword(WebUIKeywordMain.groovy:27)
	at com.kms.katalon.core.webui.keyword.builtin.ScrollToElementKeyword.scrollToElement(ScrollToElementKeyword.groovy:88)
	at com.kms.katalon.core.webui.keyword.builtin.ScrollToElementKeyword.execute(ScrollToElementKeyword.groovy:68)
	at com.kms.katalon.core.keyword.internal.KeywordExecutor.executeKeywordForPlatform(KeywordExecutor.groovy:53)
	at com.kms.katalon.core.webui.keyword.WebUiBuiltInKeywords.scrollToElement(WebUiBuiltInKeywords.groovy:2975)
	at com.kms.katalon.core.webui.keyword.WebUiBuiltInKeywords$scrollToElement$11.call(Unknown Source)
	at variants selector.run(variants selector:25)
	at com.kms.katalon.core.main.ScriptEngine.run(ScriptEngine.java:194)
	at com.kms.katalon.core.main.ScriptEngine.runScriptAsRawText(ScriptEngine.java:119)
	at com.kms.katalon.core.main.TestCaseExecutor.runScript(TestCaseExecutor.java:328)
	at com.kms.katalon.core.main.TestCaseExecutor.doExecute(TestCaseExecutor.java:319)
	at com.kms.katalon.core.main.TestCaseExecutor.processExecutionPhase(TestCaseExecutor.java:298)
	at com.kms.katalon.core.main.TestCaseExecutor.accessMainPhase(TestCaseExecutor.java:290)
	at com.kms.katalon.core.main.TestCaseExecutor.execute(TestCaseExecutor.java:224)
	at com.kms.katalon.core.main.TestSuiteExecutor.accessTestCaseMainPhase(TestSuiteExecutor.java:129)
	at com.kms.katalon.core.main.TestSuiteExecutor.accessTestSuiteMainPhase(TestSuiteExecutor.java:112)
	at com.kms.katalon.core.main.TestSuiteExecutor.execute(TestSuiteExecutor.java:81)
	at com.kms.katalon.core.main.TestCaseMain.startTestSuite(TestCaseMain.java:149)
	at com.kms.katalon.core.main.TestCaseMain$startTestSuite$0.call(Unknown Source)
	at TempTestSuite1559921811030.run(TempTestSuite1559921811030.groovy:36)]]></system-out>
         <system-err><![CDATA[2019-06-07 12:09:31 - [TEST_CASE][FAILED] - Test Cases/OCS - DESKTOP/OCS- PRODUCT PAGE/variants selector: Test Cases/OCS - DESKTOP/OCS- PRODUCT PAGE/variants selector FAILED.
Reason:
com.kms.katalon.core.exception.StepFailedException: Unable to scroll to object (Root cause: java.lang.IllegalArgumentException: Object is null)
	at com.kms.katalon.core.keyword.internal.KeywordMain.stepFailed(KeywordMain.groovy:36)
	at com.kms.katalon.core.webui.keyword.internal.WebUIKeywordMain.stepFailed(WebUIKeywordMain.groovy:65)
	at com.kms.katalon.core.webui.keyword.internal.WebUIKeywordMain.runKeyword(WebUIKeywordMain.groovy:27)
	at com.kms.katalon.core.webui.keyword.builtin.ScrollToElementKeyword.scrollToElement(ScrollToElementKeyword.groovy:88)
	at com.kms.katalon.core.webui.keyword.builtin.ScrollToElementKeyword.execute(ScrollToElementKeyword.groovy:68)
	at com.kms.katalon.core.keyword.internal.KeywordExecutor.executeKeywordForPlatform(KeywordExecutor.groovy:53)
	at com.kms.katalon.core.webui.keyword.WebUiBuiltInKeywords.scrollToElement(WebUiBuiltInKeywords.groovy:2975)
	at com.kms.katalon.core.webui.keyword.WebUiBuiltInKeywords$scrollToElement$11.call(Unknown Source)
	at variants selector.run(variants selector:25)
	at com.kms.katalon.core.main.ScriptEngine.run(ScriptEngine.java:194)
	at com.kms.katalon.core.main.ScriptEngine.runScriptAsRawText(ScriptEngine.java:119)
	at com.kms.katalon.core.main.TestCaseExecutor.runScript(TestCaseExecutor.java:328)
	at com.kms.katalon.core.main.TestCaseExecutor.doExecute(TestCaseExecutor.java:319)
	at com.kms.katalon.core.main.TestCaseExecutor.processExecutionPhase(TestCaseExecutor.java:298)
	at com.kms.katalon.core.main.TestCaseExecutor.accessMainPhase(TestCaseExecutor.java:290)
	at com.kms.katalon.core.main.TestCaseExecutor.execute(TestCaseExecutor.java:224)
	at com.kms.katalon.core.main.TestSuiteExecutor.accessTestCaseMainPhase(TestSuiteExecutor.java:129)
	at com.kms.katalon.core.main.TestSuiteExecutor.accessTestSuiteMainPhase(TestSuiteExecutor.java:112)
	at com.kms.katalon.core.main.TestSuiteExecutor.execute(TestSuiteExecutor.java:81)
	at com.kms.katalon.core.main.TestCaseMain.startTestSuite(TestCaseMain.java:149)
	at com.kms.katalon.core.main.TestCaseMain$startTestSuite$0.call(Unknown Source)
	at TempTestSuite1559921811030.run(TempTestSuite1559921811030.groovy:36)]]></system-err>
      </testcase>
      <testcase name="Test Cases/OCS - DESKTOP/OCS-AGE GATE/AG- Under Age" classname="Test Cases/OCS - DESKTOP/OCS-AGE GATE/AG- Under Age" status="PASSED">
         <system-out><![CDATA[2019-06-07 12:10:13 - [TEST_CASE][PASSED] - Test Cases/OCS - DESKTOP/OCS-AGE GATE/AG- Under Age: Test Cases/OCS - DESKTOP/OCS-AGE GATE/AG- Under Age

2019-06-07 12:10:13 - [TEST_STEP][PASSED] - openBrowser(""): Browser is opened with url: ''

2019-06-07 12:10:13 - [MESSAGE][WARNING] - A browser is already opened. Closing browser and opening a new one

2019-06-07 12:10:14 - [MESSAGE][INFO] - Starting 'Firefox' driver

2019-06-07 12:10:16 - [MESSAGE][PASSED] - Browser is opened with url: ''

2019-06-07 12:10:16 - [TEST_STEP][PASSED] - navigateToUrl("https://ocs.ca/?fts=0&preview_theme_id=53376026444"): Navigate to 'https://ocs.ca/?fts=0&preview_theme_id=53376026444' successfully

2019-06-07 12:10:22 - [MESSAGE][PASSED] - Navigate to 'https://ocs.ca/?fts=0&preview_theme_id=53376026444' successfully

2019-06-07 12:10:22 - [TEST_STEP][PASSED] - executeJavaScript("var previewBar = document.getElementById("preview-bar-iframe"); previewBar.style.display = "none";", []): Execute JavaScript 'var previewBar = document.getElementById("preview-bar-iframe"); previewBar.style.display = "none";' successfully

2019-06-07 12:10:23 - [MESSAGE][PASSED] - Execute JavaScript 'var previewBar = document.getElementById("preview-bar-iframe"); previewBar.style.display = "none";' successfully

2019-06-07 12:10:23 - [TEST_STEP][PASSED] - selectOptionByValue(findTestObject("OCS-DESKTOP/Age gate and Mega menu/Date"), "12", true): All options with value '12' are selected in object 'Object Repository/OCS-DESKTOP/Age gate and Mega menu/Date'  using regular expression

2019-06-07 12:10:23 - [MESSAGE][PASSED] - All options with value '12' are selected in object 'Object Repository/OCS-DESKTOP/Age gate and Mega menu/Date'  using regular expression

2019-06-07 12:10:23 - [TEST_STEP][PASSED] - selectOptionByValue(findTestObject("OCS-DESKTOP/Age gate and Mega menu/month"), "6", true): All options with value '6' are selected in object 'Object Repository/OCS-DESKTOP/Age gate and Mega menu/month'  using regular expression

2019-06-07 12:10:24 - [MESSAGE][PASSED] - All options with value '6' are selected in object 'Object Repository/OCS-DESKTOP/Age gate and Mega menu/month'  using regular expression

2019-06-07 12:10:24 - [TEST_STEP][PASSED] - delay(2): Delayed 2 second(s)

2019-06-07 12:10:26 - [MESSAGE][PASSED] - Delayed 2 second(s)

2019-06-07 12:10:26 - [TEST_STEP][PASSED] - selectOptionByValue(findTestObject("OCS-DESKTOP/Age gate and Mega menu/Year Dropdown"), "2017", true): All options with value '2017' are selected in object 'Object Repository/OCS-DESKTOP/Age gate and Mega menu/Year Dropdown'  using regular expression

2019-06-07 12:10:27 - [MESSAGE][PASSED] - All options with value '2017' are selected in object 'Object Repository/OCS-DESKTOP/Age gate and Mega menu/Year Dropdown'  using regular expression

2019-06-07 12:10:27 - [TEST_STEP][PASSED] - click(findTestObject("OCS-DESKTOP/Age gate and Mega menu/button_Verify")): Object: 'Object Repository/OCS-DESKTOP/Age gate and Mega menu/button_Verify' is clicked on

2019-06-07 12:10:27 - [MESSAGE][PASSED] - Object: 'Object Repository/OCS-DESKTOP/Age gate and Mega menu/button_Verify' is clicked on

2019-06-07 12:10:27 - [TEST_STEP][PASSED] - click(findTestObject("OCS-DESKTOP/Age gate and Mega menu/Checkbox_CONFIRM AND ACKNOWLEDGE")): Object: 'Object Repository/OCS-DESKTOP/Age gate and Mega menu/Checkbox_CONFIRM AND ACKNOWLEDGE' is clicked on

2019-06-07 12:10:27 - [MESSAGE][PASSED] - Object: 'Object Repository/OCS-DESKTOP/Age gate and Mega menu/Checkbox_CONFIRM AND ACKNOWLEDGE' is clicked on

2019-06-07 12:10:27 - [TEST_STEP][PASSED] - click(findTestObject("OCS-DESKTOP/Age gate and Mega menu/button_CONFIRM")): Object: 'Object Repository/OCS-DESKTOP/Age gate and Mega menu/button_CONFIRM' is clicked on

2019-06-07 12:10:28 - [MESSAGE][PASSED] - Object: 'Object Repository/OCS-DESKTOP/Age gate and Mega menu/button_CONFIRM' is clicked on

2019-06-07 12:10:28 - [TEST_STEP][PASSED] - delay(3): Delayed 3 second(s)

2019-06-07 12:10:31 - [MESSAGE][PASSED] - Delayed 3 second(s)

2019-06-07 12:10:31 - [TEST_STEP][PASSED] - click(findTestObject("OCS-DESKTOP/Age gate and Mega menu/Oops Im actually 19 or older - Link")): Object: 'Object Repository/OCS-DESKTOP/Age gate and Mega menu/Oops Im actually 19 or older - Link' is clicked on

2019-06-07 12:10:31 - [MESSAGE][PASSED] - Object: 'Object Repository/OCS-DESKTOP/Age gate and Mega menu/Oops Im actually 19 or older - Link' is clicked on

2019-06-07 12:10:31 - [TEST_STEP][PASSED] - selectOptionByValue(findTestObject("OCS-DESKTOP/Age gate and Mega menu/Date"), "5", true): All options with value '5' are selected in object 'Object Repository/OCS-DESKTOP/Age gate and Mega menu/Date'  using regular expression

2019-06-07 12:10:31 - [MESSAGE][PASSED] - All options with value '5' are selected in object 'Object Repository/OCS-DESKTOP/Age gate and Mega menu/Date'  using regular expression

2019-06-07 12:10:31 - [TEST_STEP][PASSED] - selectOptionByValue(findTestObject("OCS-DESKTOP/Age gate and Mega menu/month"), "6", true): All options with value '6' are selected in object 'Object Repository/OCS-DESKTOP/Age gate and Mega menu/month'  using regular expression

2019-06-07 12:10:32 - [MESSAGE][PASSED] - All options with value '6' are selected in object 'Object Repository/OCS-DESKTOP/Age gate and Mega menu/month'  using regular expression

2019-06-07 12:10:32 - [TEST_STEP][PASSED] - selectOptionByValue(findTestObject("OCS-DESKTOP/Age gate and Mega menu/Year Dropdown"), "1970", true): All options with value '1970' are selected in object 'Object Repository/OCS-DESKTOP/Age gate and Mega menu/Year Dropdown'  using regular expression

2019-06-07 12:10:33 - [MESSAGE][PASSED] - All options with value '1970' are selected in object 'Object Repository/OCS-DESKTOP/Age gate and Mega menu/Year Dropdown'  using regular expression

2019-06-07 12:10:33 - [TEST_STEP][PASSED] - click(findTestObject("OCS-DESKTOP/Age gate and Mega menu/button_Verify")): Object: 'Object Repository/OCS-DESKTOP/Age gate and Mega menu/button_Verify' is clicked on

2019-06-07 12:10:34 - [MESSAGE][PASSED] - Object: 'Object Repository/OCS-DESKTOP/Age gate and Mega menu/button_Verify' is clicked on

2019-06-07 12:10:34 - [TEST_STEP][PASSED] - click(findTestObject("OCS-DESKTOP/Age gate and Mega menu/Checkbox_CONFIRM AND ACKNOWLEDGE")): Object: 'Object Repository/OCS-DESKTOP/Age gate and Mega menu/Checkbox_CONFIRM AND ACKNOWLEDGE' is clicked on

2019-06-07 12:10:34 - [MESSAGE][PASSED] - Object: 'Object Repository/OCS-DESKTOP/Age gate and Mega menu/Checkbox_CONFIRM AND ACKNOWLEDGE' is clicked on

2019-06-07 12:10:34 - [TEST_STEP][PASSED] - click(findTestObject("OCS-DESKTOP/Age gate and Mega menu/button_CONFIRM")): Object: 'Object Repository/OCS-DESKTOP/Age gate and Mega menu/button_CONFIRM' is clicked on

2019-06-07 12:10:34 - [MESSAGE][PASSED] - Object: 'Object Repository/OCS-DESKTOP/Age gate and Mega menu/button_CONFIRM' is clicked on

2019-06-07 12:10:34 - [TEST_STEP][PASSED] - click(findTestObject("OCS-DESKTOP/Age gate and Mega menu/button_Start Browsing")): Object: 'Object Repository/OCS-DESKTOP/Age gate and Mega menu/button_Start Browsing' is clicked on

2019-06-07 12:10:34 - [MESSAGE][PASSED] - Object: 'Object Repository/OCS-DESKTOP/Age gate and Mega menu/button_Start Browsing' is clicked on

2019-06-07 12:10:34 - [TEST_STEP][PASSED] - delay(3): Delayed 3 second(s)

2019-06-07 12:10:37 - [MESSAGE][PASSED] - Delayed 3 second(s)

2019-06-07 12:10:37 - [TEST_STEP][PASSED] - closeBrowser(): Browser is closed

2019-06-07 12:10:38 - [MESSAGE][PASSED] - Browser is closed]]></system-out>
         <system-err><![CDATA[]]></system-err>
      </testcase>
      <testcase name="Test Cases/OCS - DESKTOP/OCS-AGE GATE/AG - Date correction" classname="Test Cases/OCS - DESKTOP/OCS-AGE GATE/AG - Date correction" status="PASSED">
         <system-out><![CDATA[2019-06-07 12:10:38 - [TEST_CASE][PASSED] - Test Cases/OCS - DESKTOP/OCS-AGE GATE/AG - Date correction: Test Cases/OCS - DESKTOP/OCS-AGE GATE/AG - Date correction

2019-06-07 12:10:38 - [TEST_STEP][PASSED] - openBrowser(""): Browser is opened with url: ''

2019-06-07 12:10:38 - [MESSAGE][INFO] - Starting 'Firefox' driver

2019-06-07 12:10:40 - [MESSAGE][PASSED] - Browser is opened with url: ''

2019-06-07 12:10:40 - [TEST_STEP][PASSED] - navigateToUrl("https://ocs.ca/?fts=0&preview_theme_id=53376026444"): Navigate to 'https://ocs.ca/?fts=0&preview_theme_id=53376026444' successfully

2019-06-07 12:10:47 - [MESSAGE][PASSED] - Navigate to 'https://ocs.ca/?fts=0&preview_theme_id=53376026444' successfully

2019-06-07 12:10:47 - [TEST_STEP][PASSED] - executeJavaScript("var previewBar = document.getElementById("preview-bar-iframe"); previewBar.style.display = "none";", []): Execute JavaScript 'var previewBar = document.getElementById("preview-bar-iframe"); previewBar.style.display = "none";' successfully

2019-06-07 12:10:47 - [MESSAGE][PASSED] - Execute JavaScript 'var previewBar = document.getElementById("preview-bar-iframe"); previewBar.style.display = "none";' successfully

2019-06-07 12:10:47 - [TEST_STEP][PASSED] - selectOptionByValue(findTestObject("OCS-DESKTOP/Age gate and Mega menu/Date"), "12", true): All options with value '12' are selected in object 'Object Repository/OCS-DESKTOP/Age gate and Mega menu/Date'  using regular expression

2019-06-07 12:10:48 - [MESSAGE][PASSED] - All options with value '12' are selected in object 'Object Repository/OCS-DESKTOP/Age gate and Mega menu/Date'  using regular expression

2019-06-07 12:10:48 - [TEST_STEP][PASSED] - selectOptionByValue(findTestObject("OCS-DESKTOP/Age gate and Mega menu/month"), "6", true): All options with value '6' are selected in object 'Object Repository/OCS-DESKTOP/Age gate and Mega menu/month'  using regular expression

2019-06-07 12:10:48 - [MESSAGE][PASSED] - All options with value '6' are selected in object 'Object Repository/OCS-DESKTOP/Age gate and Mega menu/month'  using regular expression

2019-06-07 12:10:48 - [TEST_STEP][PASSED] - delay(2): Delayed 2 second(s)

2019-06-07 12:10:50 - [MESSAGE][PASSED] - Delayed 2 second(s)

2019-06-07 12:10:50 - [TEST_STEP][PASSED] - selectOptionByValue(findTestObject("OCS-DESKTOP/Age gate and Mega menu/Year Dropdown"), "1990", true): All options with value '1990' are selected in object 'Object Repository/OCS-DESKTOP/Age gate and Mega menu/Year Dropdown'  using regular expression

2019-06-07 12:10:51 - [MESSAGE][PASSED] - All options with value '1990' are selected in object 'Object Repository/OCS-DESKTOP/Age gate and Mega menu/Year Dropdown'  using regular expression

2019-06-07 12:10:51 - [TEST_STEP][PASSED] - delay(3): Delayed 3 second(s)

2019-06-07 12:10:54 - [MESSAGE][PASSED] - Delayed 3 second(s)

2019-06-07 12:10:54 - [TEST_STEP][PASSED] - click(findTestObject("OCS-DESKTOP/Age gate and Mega menu/button_Verify")): Object: 'Object Repository/OCS-DESKTOP/Age gate and Mega menu/button_Verify' is clicked on

2019-06-07 12:10:55 - [MESSAGE][PASSED] - Object: 'Object Repository/OCS-DESKTOP/Age gate and Mega menu/button_Verify' is clicked on

2019-06-07 12:10:55 - [TEST_STEP][PASSED] - delay(1): Delayed 1 second(s)

2019-06-07 12:10:56 - [MESSAGE][PASSED] - Delayed 1 second(s)

2019-06-07 12:10:56 - [TEST_STEP][PASSED] - click(findTestObject("OCS-DESKTOP/Age gate and Mega menu/a_Correct your date of birth")): Object: 'Object Repository/OCS-DESKTOP/Age gate and Mega menu/a_Correct your date of birth' is clicked on

2019-06-07 12:10:56 - [MESSAGE][PASSED] - Object: 'Object Repository/OCS-DESKTOP/Age gate and Mega menu/a_Correct your date of birth' is clicked on

2019-06-07 12:10:56 - [TEST_STEP][PASSED] - selectOptionByValue(findTestObject("OCS-DESKTOP/Age gate and Mega menu/Date"), "1", true): All options with value '1' are selected in object 'Object Repository/OCS-DESKTOP/Age gate and Mega menu/Date'  using regular expression

2019-06-07 12:10:57 - [MESSAGE][PASSED] - All options with value '1' are selected in object 'Object Repository/OCS-DESKTOP/Age gate and Mega menu/Date'  using regular expression

2019-06-07 12:10:57 - [TEST_STEP][PASSED] - selectOptionByValue(findTestObject("OCS-DESKTOP/Age gate and Mega menu/month"), "5", true): All options with value '5' are selected in object 'Object Repository/OCS-DESKTOP/Age gate and Mega menu/month'  using regular expression

2019-06-07 12:10:57 - [MESSAGE][PASSED] - All options with value '5' are selected in object 'Object Repository/OCS-DESKTOP/Age gate and Mega menu/month'  using regular expression

2019-06-07 12:10:57 - [TEST_STEP][PASSED] - selectOptionByValue(findTestObject("OCS-DESKTOP/Age gate and Mega menu/Year Dropdown"), "1980", true): All options with value '1980' are selected in object 'Object Repository/OCS-DESKTOP/Age gate and Mega menu/Year Dropdown'  using regular expression

2019-06-07 12:10:58 - [MESSAGE][PASSED] - All options with value '1980' are selected in object 'Object Repository/OCS-DESKTOP/Age gate and Mega menu/Year Dropdown'  using regular expression

2019-06-07 12:10:59 - [TEST_STEP][PASSED] - click(findTestObject("OCS-DESKTOP/Age gate and Mega menu/button_Verify")): Object: 'Object Repository/OCS-DESKTOP/Age gate and Mega menu/button_Verify' is clicked on

2019-06-07 12:10:59 - [MESSAGE][PASSED] - Object: 'Object Repository/OCS-DESKTOP/Age gate and Mega menu/button_Verify' is clicked on

2019-06-07 12:10:59 - [TEST_STEP][PASSED] - closeBrowser(): Browser is closed

2019-06-07 12:10:59 - [MESSAGE][PASSED] - Browser is closed]]></system-out>
         <system-err><![CDATA[]]></system-err>
      </testcase>
      <testcase name="Test Cases/OCS - DESKTOP/OCS-COLLECTION PAGE/breadcrumbs" classname="Test Cases/OCS - DESKTOP/OCS-COLLECTION PAGE/breadcrumbs" status="PASSED">
         <system-out><![CDATA[2019-06-07 12:10:59 - [TEST_CASE][PASSED] - Test Cases/OCS - DESKTOP/OCS-COLLECTION PAGE/breadcrumbs: Test Cases/OCS - DESKTOP/OCS-COLLECTION PAGE/breadcrumbs

2019-06-07 12:10:59 - [TEST_STEP][PASSED] - callTestCase(findTestCase("OCS - DESKTOP/CALL- Age gate"), [:], STOP_ON_FAILURE): Call Test Case 'Test Cases/OCS - DESKTOP/CALL- Age gate' successfully

2019-06-07 12:11:00 - [TEST_CASE][PASSED] - Test Cases/OCS - DESKTOP/CALL- Age gate: Test Cases/OCS - DESKTOP/CALL- Age gate

2019-06-07 12:11:00 - [TEST_STEP][PASSED] - openBrowser(""): Browser is opened with url: ''

2019-06-07 12:11:00 - [MESSAGE][INFO] - Starting 'Firefox' driver

2019-06-07 12:11:02 - [MESSAGE][PASSED] - Browser is opened with url: ''

2019-06-07 12:11:02 - [TEST_STEP][PASSED] - navigateToUrl("https://ocs.ca/?fts=0&preview_theme_id=72920074060"): Navigate to 'https://ocs.ca/?fts=0&preview_theme_id=72920074060' successfully

2019-06-07 12:11:04 - [MESSAGE][PASSED] - Navigate to 'https://ocs.ca/?fts=0&preview_theme_id=72920074060' successfully

2019-06-07 12:11:04 - [TEST_STEP][PASSED] - maximizeWindow(): Current window maximized

2019-06-07 12:11:05 - [MESSAGE][PASSED] - Current window maximized

2019-06-07 12:11:05 - [TEST_STEP][PASSED] - delay(2): Delayed 2 second(s)

2019-06-07 12:11:07 - [MESSAGE][PASSED] - Delayed 2 second(s)

2019-06-07 12:11:07 - [TEST_STEP][PASSED] - executeJavaScript("var previewBar = document.getElementById("preview-bar-iframe"); previewBar.style.display = "none";", []): Execute JavaScript 'var previewBar = document.getElementById("preview-bar-iframe"); previewBar.style.display = "none";' successfully

2019-06-07 12:11:07 - [MESSAGE][PASSED] - Execute JavaScript 'var previewBar = document.getElementById("preview-bar-iframe"); previewBar.style.display = "none";' successfully

2019-06-07 12:11:07 - [TEST_STEP][PASSED] - selectOptionByValue(findTestObject("OCS-DESKTOP/Age gate and Mega menu/Date"), "12", true): All options with value '12' are selected in object 'Object Repository/OCS-DESKTOP/Age gate and Mega menu/Date'  using regular expression

2019-06-07 12:11:07 - [MESSAGE][PASSED] - All options with value '12' are selected in object 'Object Repository/OCS-DESKTOP/Age gate and Mega menu/Date'  using regular expression

2019-06-07 12:11:07 - [TEST_STEP][PASSED] - selectOptionByValue(findTestObject("OCS-DESKTOP/Age gate and Mega menu/month"), "6", true): All options with value '6' are selected in object 'Object Repository/OCS-DESKTOP/Age gate and Mega menu/month'  using regular expression

2019-06-07 12:11:08 - [MESSAGE][PASSED] - All options with value '6' are selected in object 'Object Repository/OCS-DESKTOP/Age gate and Mega menu/month'  using regular expression

2019-06-07 12:11:08 - [TEST_STEP][PASSED] - delay(2): Delayed 2 second(s)

2019-06-07 12:11:10 - [MESSAGE][PASSED] - Delayed 2 second(s)

2019-06-07 12:11:10 - [TEST_STEP][PASSED] - selectOptionByValue(findTestObject("OCS-DESKTOP/Age gate and Mega menu/Year Dropdown"), "1990", true): All options with value '1990' are selected in object 'Object Repository/OCS-DESKTOP/Age gate and Mega menu/Year Dropdown'  using regular expression

2019-06-07 12:11:11 - [MESSAGE][PASSED] - All options with value '1990' are selected in object 'Object Repository/OCS-DESKTOP/Age gate and Mega menu/Year Dropdown'  using regular expression

2019-06-07 12:11:11 - [TEST_STEP][PASSED] - click(findTestObject("OCS-DESKTOP/Age gate and Mega menu/button_Verify")): Object: 'Object Repository/OCS-DESKTOP/Age gate and Mega menu/button_Verify' is clicked on

2019-06-07 12:11:11 - [MESSAGE][PASSED] - Object: 'Object Repository/OCS-DESKTOP/Age gate and Mega menu/button_Verify' is clicked on

2019-06-07 12:11:11 - [TEST_STEP][PASSED] - click(findTestObject("OCS-DESKTOP/Age gate and Mega menu/Checkbox_CONFIRM AND ACKNOWLEDGE")): Object: 'Object Repository/OCS-DESKTOP/Age gate and Mega menu/Checkbox_CONFIRM AND ACKNOWLEDGE' is clicked on

2019-06-07 12:11:12 - [MESSAGE][PASSED] - Object: 'Object Repository/OCS-DESKTOP/Age gate and Mega menu/Checkbox_CONFIRM AND ACKNOWLEDGE' is clicked on

2019-06-07 12:11:12 - [TEST_STEP][PASSED] - click(findTestObject("OCS-DESKTOP/Age gate and Mega menu/button_CONFIRM")): Object: 'Object Repository/OCS-DESKTOP/Age gate and Mega menu/button_CONFIRM' is clicked on

2019-06-07 12:11:12 - [MESSAGE][PASSED] - Object: 'Object Repository/OCS-DESKTOP/Age gate and Mega menu/button_CONFIRM' is clicked on

2019-06-07 12:11:12 - [TEST_STEP][PASSED] - click(findTestObject("OCS-DESKTOP/Age gate and Mega menu/button_Start Browsing")): Object: 'Object Repository/OCS-DESKTOP/Age gate and Mega menu/button_Start Browsing' is clicked on

2019-06-07 12:11:12 - [MESSAGE][PASSED] - Object: 'Object Repository/OCS-DESKTOP/Age gate and Mega menu/button_Start Browsing' is clicked on

2019-06-07 12:11:12 - [TEST_STEP][PASSED] - delay(2): Delayed 2 second(s)

2019-06-07 12:11:14 - [MESSAGE][PASSED] - Delayed 2 second(s)

2019-06-07 12:11:14 - [TEST_STEP][PASSED] - refresh(): Refresh successfully

2019-06-07 12:11:18 - [MESSAGE][PASSED] - Refresh successfully

2019-06-07 12:11:18 - [MESSAGE][PASSED] - Call Test Case 'Test Cases/OCS - DESKTOP/CALL- Age gate' successfully

2019-06-07 12:11:18 - [TEST_STEP][PASSED] - click(findTestObject("OCS-DESKTOP/Age gate and Mega menu/Header/CANNABIS menu - English")): Object: 'Object Repository/OCS-DESKTOP/Age gate and Mega menu/Header/CANNABIS menu - English' is clicked on

2019-06-07 12:11:18 - [MESSAGE][PASSED] - Object: 'Object Repository/OCS-DESKTOP/Age gate and Mega menu/Header/CANNABIS menu - English' is clicked on

2019-06-07 12:11:18 - [TEST_STEP][PASSED] - click(findTestObject("OCS-DESKTOP/Cannabis page/Dried flower - Indica dominant")): Object: 'Object Repository/OCS-DESKTOP/Cannabis page/Dried flower - Indica dominant' is clicked on

2019-06-07 12:11:20 - [MESSAGE][PASSED] - Object: 'Object Repository/OCS-DESKTOP/Cannabis page/Dried flower - Indica dominant' is clicked on

2019-06-07 12:11:20 - [TEST_STEP][PASSED] - click(findTestObject("OCS-DESKTOP/breadcrumbs_OR/Page_Dried Flower  Ontario Cannabis/a_Cannabis")): Object: 'Object Repository/OCS-DESKTOP/breadcrumbs_OR/Page_Dried Flower  Ontario Cannabis/a_Cannabis' is clicked on

2019-06-07 12:11:23 - [MESSAGE][PASSED] - Object: 'Object Repository/OCS-DESKTOP/breadcrumbs_OR/Page_Dried Flower  Ontario Cannabis/a_Cannabis' is clicked on

2019-06-07 12:11:23 - [TEST_STEP][PASSED] - executeJavaScript("var previewBar = document.getElementById("preview-bar-iframe"); previewBar.style.display = "none";", []): Execute JavaScript 'var previewBar = document.getElementById("preview-bar-iframe"); previewBar.style.display = "none";' successfully

2019-06-07 12:11:23 - [MESSAGE][PASSED] - Execute JavaScript 'var previewBar = document.getElementById("preview-bar-iframe"); previewBar.style.display = "none";' successfully

2019-06-07 12:11:23 - [TEST_STEP][PASSED] - a = getWindowTitle(): Current window's title is: 'All Cannabis Products | Ontario Cannabis Store'

2019-06-07 12:11:23 - [MESSAGE][PASSED] - Current window's title is: 'All Cannabis Products | Ontario Cannabis Store'

2019-06-07 12:11:23 - [TEST_STEP][PASSED] - comment(a): All Cannabis Products | Ontario Cannabis Store

2019-06-07 12:11:23 - [MESSAGE][INFO] - All Cannabis Products | Ontario Cannabis Store

2019-06-07 12:11:23 - [TEST_STEP][PASSED] - assert getWindowTitle() == a: Current window's title is: 'All Cannabis Products | Ontario Cannabis Store'

2019-06-07 12:11:23 - [MESSAGE][PASSED] - Current window's title is: 'All Cannabis Products | Ontario Cannabis Store'

2019-06-07 12:11:23 - [TEST_STEP][PASSED] - click(findTestObject("OCS-DESKTOP/breadcrumbs_OR/Page_All Cannabis Products  Ontario/a_Home")): Object: 'Object Repository/OCS-DESKTOP/breadcrumbs_OR/Page_All Cannabis Products  Ontario/a_Home' is clicked on

2019-06-07 12:11:26 - [MESSAGE][PASSED] - Object: 'Object Repository/OCS-DESKTOP/breadcrumbs_OR/Page_All Cannabis Products  Ontario/a_Home' is clicked on

2019-06-07 12:11:26 - [TEST_STEP][PASSED] - b = getWindowTitle(): Current window's title is: 'Ontario Cannabis Store | Ontario Cannabis Store'

2019-06-07 12:11:26 - [MESSAGE][PASSED] - Current window's title is: 'Ontario Cannabis Store | Ontario Cannabis Store'

2019-06-07 12:11:26 - [TEST_STEP][PASSED] - comment(b): Ontario Cannabis Store | Ontario Cannabis Store

2019-06-07 12:11:26 - [MESSAGE][INFO] - Ontario Cannabis Store | Ontario Cannabis Store

2019-06-07 12:11:26 - [TEST_STEP][PASSED] - assert getWindowTitle() == b: Current window's title is: 'Ontario Cannabis Store | Ontario Cannabis Store'

2019-06-07 12:11:26 - [MESSAGE][PASSED] - Current window's title is: 'Ontario Cannabis Store | Ontario Cannabis Store']]></system-out>
         <system-err><![CDATA[]]></system-err>
      </testcase>
      <testcase name="Test Cases/OCS - DESKTOP/OCS-COLLECTION PAGE/Chevron dropdown" classname="Test Cases/OCS - DESKTOP/OCS-COLLECTION PAGE/Chevron dropdown" status="FAILED">
         <failure type="FAILED" message="Test Cases/OCS - DESKTOP/OCS-COLLECTION PAGE/Chevron dropdown FAILED.
Reason:
com.kms.katalon.core.exception.StepFailedException: Unable to click on object (Root cause: java.lang.IllegalArgumentException: Object is null)
	at com.kms.katalon.core.keyword.internal.KeywordMain.stepFailed(KeywordMain.groovy:36)
	at com.kms.katalon.core.webui.keyword.internal.WebUIKeywordMain.stepFailed(WebUIKeywordMain.groovy:65)
	at com.kms.katalon.core.webui.keyword.internal.WebUIKeywordMain.runKeyword(WebUIKeywordMain.groovy:27)
	at com.kms.katalon.core.webui.keyword.builtin.ClickKeyword.click(ClickKeyword.groovy:86)
	at com.kms.katalon.core.webui.keyword.builtin.ClickKeyword.execute(ClickKeyword.groovy:67)
	at com.kms.katalon.core.keyword.internal.KeywordExecutor.executeKeywordForPlatform(KeywordExecutor.groovy:53)
	at com.kms.katalon.core.webui.keyword.WebUiBuiltInKeywords.click(WebUiBuiltInKeywords.groovy:616)
	at com.kms.katalon.core.webui.keyword.WebUiBuiltInKeywords$click$4.call(Unknown Source)
	at Chevron dropdown.run(Chevron dropdown:20)
	at com.kms.katalon.core.main.ScriptEngine.run(ScriptEngine.java:194)
	at com.kms.katalon.core.main.ScriptEngine.runScriptAsRawText(ScriptEngine.java:119)
	at com.kms.katalon.core.main.TestCaseExecutor.runScript(TestCaseExecutor.java:328)
	at com.kms.katalon.core.main.TestCaseExecutor.doExecute(TestCaseExecutor.java:319)
	at com.kms.katalon.core.main.TestCaseExecutor.processExecutionPhase(TestCaseExecutor.java:298)
	at com.kms.katalon.core.main.TestCaseExecutor.accessMainPhase(TestCaseExecutor.java:290)
	at com.kms.katalon.core.main.TestCaseExecutor.execute(TestCaseExecutor.java:224)
	at com.kms.katalon.core.main.TestSuiteExecutor.accessTestCaseMainPhase(TestSuiteExecutor.java:129)
	at com.kms.katalon.core.main.TestSuiteExecutor.accessTestSuiteMainPhase(TestSuiteExecutor.java:112)
	at com.kms.katalon.core.main.TestSuiteExecutor.execute(TestSuiteExecutor.java:81)
	at com.kms.katalon.core.main.TestCaseMain.startTestSuite(TestCaseMain.java:149)
	at com.kms.katalon.core.main.TestCaseMain$startTestSuite$0.call(Unknown Source)
	at TempTestSuite1559921811030.run(TempTestSuite1559921811030.groovy:36)
"/>
         <system-out><![CDATA[2019-06-07 12:11:26 - [TEST_CASE][FAILED] - Test Cases/OCS - DESKTOP/OCS-COLLECTION PAGE/Chevron dropdown: Test Cases/OCS - DESKTOP/OCS-COLLECTION PAGE/Chevron dropdown FAILED.
Reason:
com.kms.katalon.core.exception.StepFailedException: Unable to click on object (Root cause: java.lang.IllegalArgumentException: Object is null)
	at com.kms.katalon.core.keyword.internal.KeywordMain.stepFailed(KeywordMain.groovy:36)
	at com.kms.katalon.core.webui.keyword.internal.WebUIKeywordMain.stepFailed(WebUIKeywordMain.groovy:65)
	at com.kms.katalon.core.webui.keyword.internal.WebUIKeywordMain.runKeyword(WebUIKeywordMain.groovy:27)
	at com.kms.katalon.core.webui.keyword.builtin.ClickKeyword.click(ClickKeyword.groovy:86)
	at com.kms.katalon.core.webui.keyword.builtin.ClickKeyword.execute(ClickKeyword.groovy:67)
	at com.kms.katalon.core.keyword.internal.KeywordExecutor.executeKeywordForPlatform(KeywordExecutor.groovy:53)
	at com.kms.katalon.core.webui.keyword.WebUiBuiltInKeywords.click(WebUiBuiltInKeywords.groovy:616)
	at com.kms.katalon.core.webui.keyword.WebUiBuiltInKeywords$click$4.call(Unknown Source)
	at Chevron dropdown.run(Chevron dropdown:20)
	at com.kms.katalon.core.main.ScriptEngine.run(ScriptEngine.java:194)
	at com.kms.katalon.core.main.ScriptEngine.runScriptAsRawText(ScriptEngine.java:119)
	at com.kms.katalon.core.main.TestCaseExecutor.runScript(TestCaseExecutor.java:328)
	at com.kms.katalon.core.main.TestCaseExecutor.doExecute(TestCaseExecutor.java:319)
	at com.kms.katalon.core.main.TestCaseExecutor.processExecutionPhase(TestCaseExecutor.java:298)
	at com.kms.katalon.core.main.TestCaseExecutor.accessMainPhase(TestCaseExecutor.java:290)
	at com.kms.katalon.core.main.TestCaseExecutor.execute(TestCaseExecutor.java:224)
	at com.kms.katalon.core.main.TestSuiteExecutor.accessTestCaseMainPhase(TestSuiteExecutor.java:129)
	at com.kms.katalon.core.main.TestSuiteExecutor.accessTestSuiteMainPhase(TestSuiteExecutor.java:112)
	at com.kms.katalon.core.main.TestSuiteExecutor.execute(TestSuiteExecutor.java:81)
	at com.kms.katalon.core.main.TestCaseMain.startTestSuite(TestCaseMain.java:149)
	at com.kms.katalon.core.main.TestCaseMain$startTestSuite$0.call(Unknown Source)
	at TempTestSuite1559921811030.run(TempTestSuite1559921811030.groovy:36)


2019-06-07 12:11:27 - [TEST_STEP][PASSED] - callTestCase(findTestCase("OCS - DESKTOP/CALL- Age gate"), [:], STOP_ON_FAILURE): Call Test Case 'Test Cases/OCS - DESKTOP/CALL- Age gate' successfully

2019-06-07 12:11:27 - [TEST_CASE][PASSED] - Test Cases/OCS - DESKTOP/CALL- Age gate: Test Cases/OCS - DESKTOP/CALL- Age gate

2019-06-07 12:11:27 - [TEST_STEP][PASSED] - openBrowser(""): Browser is opened with url: ''

2019-06-07 12:11:27 - [MESSAGE][WARNING] - A browser is already opened. Closing browser and opening a new one

2019-06-07 12:11:27 - [MESSAGE][INFO] - Starting 'Firefox' driver

2019-06-07 12:11:29 - [MESSAGE][PASSED] - Browser is opened with url: ''

2019-06-07 12:11:29 - [TEST_STEP][PASSED] - navigateToUrl("https://ocs.ca/?fts=0&preview_theme_id=72920074060"): Navigate to 'https://ocs.ca/?fts=0&preview_theme_id=72920074060' successfully

2019-06-07 12:11:39 - [MESSAGE][PASSED] - Navigate to 'https://ocs.ca/?fts=0&preview_theme_id=72920074060' successfully

2019-06-07 12:11:39 - [TEST_STEP][PASSED] - maximizeWindow(): Current window maximized

2019-06-07 12:11:40 - [MESSAGE][PASSED] - Current window maximized

2019-06-07 12:11:40 - [TEST_STEP][PASSED] - delay(2): Delayed 2 second(s)

2019-06-07 12:11:42 - [MESSAGE][PASSED] - Delayed 2 second(s)

2019-06-07 12:11:42 - [TEST_STEP][PASSED] - executeJavaScript("var previewBar = document.getElementById("preview-bar-iframe"); previewBar.style.display = "none";", []): Execute JavaScript 'var previewBar = document.getElementById("preview-bar-iframe"); previewBar.style.display = "none";' successfully

2019-06-07 12:11:42 - [MESSAGE][PASSED] - Execute JavaScript 'var previewBar = document.getElementById("preview-bar-iframe"); previewBar.style.display = "none";' successfully

2019-06-07 12:11:42 - [TEST_STEP][PASSED] - selectOptionByValue(findTestObject("OCS-DESKTOP/Age gate and Mega menu/Date"), "12", true): All options with value '12' are selected in object 'Object Repository/OCS-DESKTOP/Age gate and Mega menu/Date'  using regular expression

2019-06-07 12:11:43 - [MESSAGE][PASSED] - All options with value '12' are selected in object 'Object Repository/OCS-DESKTOP/Age gate and Mega menu/Date'  using regular expression

2019-06-07 12:11:43 - [TEST_STEP][PASSED] - selectOptionByValue(findTestObject("OCS-DESKTOP/Age gate and Mega menu/month"), "6", true): All options with value '6' are selected in object 'Object Repository/OCS-DESKTOP/Age gate and Mega menu/month'  using regular expression

2019-06-07 12:11:43 - [MESSAGE][PASSED] - All options with value '6' are selected in object 'Object Repository/OCS-DESKTOP/Age gate and Mega menu/month'  using regular expression

2019-06-07 12:11:43 - [TEST_STEP][PASSED] - delay(2): Delayed 2 second(s)

2019-06-07 12:11:45 - [MESSAGE][PASSED] - Delayed 2 second(s)

2019-06-07 12:11:45 - [TEST_STEP][PASSED] - selectOptionByValue(findTestObject("OCS-DESKTOP/Age gate and Mega menu/Year Dropdown"), "1990", true): All options with value '1990' are selected in object 'Object Repository/OCS-DESKTOP/Age gate and Mega menu/Year Dropdown'  using regular expression

2019-06-07 12:11:47 - [MESSAGE][PASSED] - All options with value '1990' are selected in object 'Object Repository/OCS-DESKTOP/Age gate and Mega menu/Year Dropdown'  using regular expression

2019-06-07 12:11:47 - [TEST_STEP][PASSED] - click(findTestObject("OCS-DESKTOP/Age gate and Mega menu/button_Verify")): Object: 'Object Repository/OCS-DESKTOP/Age gate and Mega menu/button_Verify' is clicked on

2019-06-07 12:11:47 - [MESSAGE][PASSED] - Object: 'Object Repository/OCS-DESKTOP/Age gate and Mega menu/button_Verify' is clicked on

2019-06-07 12:11:47 - [TEST_STEP][PASSED] - click(findTestObject("OCS-DESKTOP/Age gate and Mega menu/Checkbox_CONFIRM AND ACKNOWLEDGE")): Object: 'Object Repository/OCS-DESKTOP/Age gate and Mega menu/Checkbox_CONFIRM AND ACKNOWLEDGE' is clicked on

2019-06-07 12:11:47 - [MESSAGE][PASSED] - Object: 'Object Repository/OCS-DESKTOP/Age gate and Mega menu/Checkbox_CONFIRM AND ACKNOWLEDGE' is clicked on

2019-06-07 12:11:47 - [TEST_STEP][PASSED] - click(findTestObject("OCS-DESKTOP/Age gate and Mega menu/button_CONFIRM")): Object: 'Object Repository/OCS-DESKTOP/Age gate and Mega menu/button_CONFIRM' is clicked on

2019-06-07 12:11:47 - [MESSAGE][PASSED] - Object: 'Object Repository/OCS-DESKTOP/Age gate and Mega menu/button_CONFIRM' is clicked on

2019-06-07 12:11:47 - [TEST_STEP][PASSED] - click(findTestObject("OCS-DESKTOP/Age gate and Mega menu/button_Start Browsing")): Object: 'Object Repository/OCS-DESKTOP/Age gate and Mega menu/button_Start Browsing' is clicked on

2019-06-07 12:11:48 - [MESSAGE][PASSED] - Object: 'Object Repository/OCS-DESKTOP/Age gate and Mega menu/button_Start Browsing' is clicked on

2019-06-07 12:11:48 - [TEST_STEP][PASSED] - delay(2): Delayed 2 second(s)

2019-06-07 12:11:50 - [MESSAGE][PASSED] - Delayed 2 second(s)

2019-06-07 12:11:50 - [TEST_STEP][PASSED] - refresh(): Refresh successfully

2019-06-07 12:11:54 - [MESSAGE][PASSED] - Refresh successfully

2019-06-07 12:11:54 - [MESSAGE][PASSED] - Call Test Case 'Test Cases/OCS - DESKTOP/CALL- Age gate' successfully

2019-06-07 12:11:54 - [TEST_STEP][PASSED] - delay(2): Delayed 2 second(s)

2019-06-07 12:11:56 - [MESSAGE][PASSED] - Delayed 2 second(s)

2019-06-07 12:11:56 - [TEST_STEP][FAILED] - click(findTestObject("OCS-MOBILE /Age gate and burger menu/Burger menu - English")): click(findTestObject("OCS-MOBILE /Age gate and burger menu/Burger menu - English")) FAILED.
Reason:
com.kms.katalon.core.exception.StepFailedException: Unable to click on object (Root cause: java.lang.IllegalArgumentException: Object is null)
	at com.kms.katalon.core.keyword.internal.KeywordMain.stepFailed(KeywordMain.groovy:36)
	at com.kms.katalon.core.webui.keyword.internal.WebUIKeywordMain.stepFailed(WebUIKeywordMain.groovy:65)
	at com.kms.katalon.core.webui.keyword.internal.WebUIKeywordMain.runKeyword(WebUIKeywordMain.groovy:27)
	at com.kms.katalon.core.webui.keyword.builtin.ClickKeyword.click(ClickKeyword.groovy:86)
	at com.kms.katalon.core.webui.keyword.builtin.ClickKeyword.execute(ClickKeyword.groovy:67)
	at com.kms.katalon.core.keyword.internal.KeywordExecutor.executeKeywordForPlatform(KeywordExecutor.groovy:53)
	at com.kms.katalon.core.webui.keyword.WebUiBuiltInKeywords.click(WebUiBuiltInKeywords.groovy:616)
	at com.kms.katalon.core.webui.keyword.WebUiBuiltInKeywords$click$4.call(Unknown Source)
	at Chevron dropdown.run(Chevron dropdown:20)
	at com.kms.katalon.core.main.ScriptEngine.run(ScriptEngine.java:194)
	at com.kms.katalon.core.main.ScriptEngine.runScriptAsRawText(ScriptEngine.java:119)
	at com.kms.katalon.core.main.TestCaseExecutor.runScript(TestCaseExecutor.java:328)
	at com.kms.katalon.core.main.TestCaseExecutor.doExecute(TestCaseExecutor.java:319)
	at com.kms.katalon.core.main.TestCaseExecutor.processExecutionPhase(TestCaseExecutor.java:298)
	at com.kms.katalon.core.main.TestCaseExecutor.accessMainPhase(TestCaseExecutor.java:290)
	at com.kms.katalon.core.main.TestCaseExecutor.execute(TestCaseExecutor.java:224)
	at com.kms.katalon.core.main.TestSuiteExecutor.accessTestCaseMainPhase(TestSuiteExecutor.java:129)
	at com.kms.katalon.core.main.TestSuiteExecutor.accessTestSuiteMainPhase(TestSuiteExecutor.java:112)
	at com.kms.katalon.core.main.TestSuiteExecutor.execute(TestSuiteExecutor.java:81)
	at com.kms.katalon.core.main.TestCaseMain.startTestSuite(TestCaseMain.java:149)
	at com.kms.katalon.core.main.TestCaseMain$startTestSuite$0.call(Unknown Source)
	at TempTestSuite1559921811030.run(TempTestSuite1559921811030.groovy:36)


2019-06-07 12:11:56 - [MESSAGE][WARNING] - Test object with id 'Object Repository/OCS-MOBILE /Age gate and burger menu/Burger menu - English' does not exist

2019-06-07 12:11:56 - [MESSAGE][WARNING] - Test object with id 'Object Repository/' does not exist

2019-06-07 12:11:56 - [MESSAGE][FAILED] - Unable to click on object (Root cause: java.lang.IllegalArgumentException: Object is null)
[[ATTACHMENT|/Users/sumankompelly/Relative xpath-Desktop/Reports/OCS- 1.9.2.1/20190607_113651/1559923916500.png]]

2019-06-07 12:11:56 - [MESSAGE][FAILED] - click(findTestObject("OCS-MOBILE /Age gate and burger menu/Burger menu - English")) FAILED.
Reason:
com.kms.katalon.core.exception.StepFailedException: Unable to click on object (Root cause: java.lang.IllegalArgumentException: Object is null)
	at com.kms.katalon.core.keyword.internal.KeywordMain.stepFailed(KeywordMain.groovy:36)
	at com.kms.katalon.core.webui.keyword.internal.WebUIKeywordMain.stepFailed(WebUIKeywordMain.groovy:65)
	at com.kms.katalon.core.webui.keyword.internal.WebUIKeywordMain.runKeyword(WebUIKeywordMain.groovy:27)
	at com.kms.katalon.core.webui.keyword.builtin.ClickKeyword.click(ClickKeyword.groovy:86)
	at com.kms.katalon.core.webui.keyword.builtin.ClickKeyword.execute(ClickKeyword.groovy:67)
	at com.kms.katalon.core.keyword.internal.KeywordExecutor.executeKeywordForPlatform(KeywordExecutor.groovy:53)
	at com.kms.katalon.core.webui.keyword.WebUiBuiltInKeywords.click(WebUiBuiltInKeywords.groovy:616)
	at com.kms.katalon.core.webui.keyword.WebUiBuiltInKeywords$click$4.call(Unknown Source)
	at Chevron dropdown.run(Chevron dropdown:20)
	at com.kms.katalon.core.main.ScriptEngine.run(ScriptEngine.java:194)
	at com.kms.katalon.core.main.ScriptEngine.runScriptAsRawText(ScriptEngine.java:119)
	at com.kms.katalon.core.main.TestCaseExecutor.runScript(TestCaseExecutor.java:328)
	at com.kms.katalon.core.main.TestCaseExecutor.doExecute(TestCaseExecutor.java:319)
	at com.kms.katalon.core.main.TestCaseExecutor.processExecutionPhase(TestCaseExecutor.java:298)
	at com.kms.katalon.core.main.TestCaseExecutor.accessMainPhase(TestCaseExecutor.java:290)
	at com.kms.katalon.core.main.TestCaseExecutor.execute(TestCaseExecutor.java:224)
	at com.kms.katalon.core.main.TestSuiteExecutor.accessTestCaseMainPhase(TestSuiteExecutor.java:129)
	at com.kms.katalon.core.main.TestSuiteExecutor.accessTestSuiteMainPhase(TestSuiteExecutor.java:112)
	at com.kms.katalon.core.main.TestSuiteExecutor.execute(TestSuiteExecutor.java:81)
	at com.kms.katalon.core.main.TestCaseMain.startTestSuite(TestCaseMain.java:149)
	at com.kms.katalon.core.main.TestCaseMain$startTestSuite$0.call(Unknown Source)
	at TempTestSuite1559921811030.run(TempTestSuite1559921811030.groovy:36)]]></system-out>
         <system-err><![CDATA[2019-06-07 12:11:26 - [TEST_CASE][FAILED] - Test Cases/OCS - DESKTOP/OCS-COLLECTION PAGE/Chevron dropdown: Test Cases/OCS - DESKTOP/OCS-COLLECTION PAGE/Chevron dropdown FAILED.
Reason:
com.kms.katalon.core.exception.StepFailedException: Unable to click on object (Root cause: java.lang.IllegalArgumentException: Object is null)
	at com.kms.katalon.core.keyword.internal.KeywordMain.stepFailed(KeywordMain.groovy:36)
	at com.kms.katalon.core.webui.keyword.internal.WebUIKeywordMain.stepFailed(WebUIKeywordMain.groovy:65)
	at com.kms.katalon.core.webui.keyword.internal.WebUIKeywordMain.runKeyword(WebUIKeywordMain.groovy:27)
	at com.kms.katalon.core.webui.keyword.builtin.ClickKeyword.click(ClickKeyword.groovy:86)
	at com.kms.katalon.core.webui.keyword.builtin.ClickKeyword.execute(ClickKeyword.groovy:67)
	at com.kms.katalon.core.keyword.internal.KeywordExecutor.executeKeywordForPlatform(KeywordExecutor.groovy:53)
	at com.kms.katalon.core.webui.keyword.WebUiBuiltInKeywords.click(WebUiBuiltInKeywords.groovy:616)
	at com.kms.katalon.core.webui.keyword.WebUiBuiltInKeywords$click$4.call(Unknown Source)
	at Chevron dropdown.run(Chevron dropdown:20)
	at com.kms.katalon.core.main.ScriptEngine.run(ScriptEngine.java:194)
	at com.kms.katalon.core.main.ScriptEngine.runScriptAsRawText(ScriptEngine.java:119)
	at com.kms.katalon.core.main.TestCaseExecutor.runScript(TestCaseExecutor.java:328)
	at com.kms.katalon.core.main.TestCaseExecutor.doExecute(TestCaseExecutor.java:319)
	at com.kms.katalon.core.main.TestCaseExecutor.processExecutionPhase(TestCaseExecutor.java:298)
	at com.kms.katalon.core.main.TestCaseExecutor.accessMainPhase(TestCaseExecutor.java:290)
	at com.kms.katalon.core.main.TestCaseExecutor.execute(TestCaseExecutor.java:224)
	at com.kms.katalon.core.main.TestSuiteExecutor.accessTestCaseMainPhase(TestSuiteExecutor.java:129)
	at com.kms.katalon.core.main.TestSuiteExecutor.accessTestSuiteMainPhase(TestSuiteExecutor.java:112)
	at com.kms.katalon.core.main.TestSuiteExecutor.execute(TestSuiteExecutor.java:81)
	at com.kms.katalon.core.main.TestCaseMain.startTestSuite(TestCaseMain.java:149)
	at com.kms.katalon.core.main.TestCaseMain$startTestSuite$0.call(Unknown Source)
	at TempTestSuite1559921811030.run(TempTestSuite1559921811030.groovy:36)]]></system-err>
      </testcase>
      <testcase name="Test Cases/OCS - DESKTOP/OCS-COLLECTION PAGE/Filter" classname="Test Cases/OCS - DESKTOP/OCS-COLLECTION PAGE/Filter" status="FAILED">
         <failure type="FAILED" message="Test Cases/OCS - DESKTOP/OCS-COLLECTION PAGE/Filter FAILED.
Reason:
com.kms.katalon.core.exception.StepFailedException: Unable to click on object (Root cause: java.lang.IllegalArgumentException: Object is null)
	at com.kms.katalon.core.keyword.internal.KeywordMain.stepFailed(KeywordMain.groovy:36)
	at com.kms.katalon.core.webui.keyword.internal.WebUIKeywordMain.stepFailed(WebUIKeywordMain.groovy:65)
	at com.kms.katalon.core.webui.keyword.internal.WebUIKeywordMain.runKeyword(WebUIKeywordMain.groovy:27)
	at com.kms.katalon.core.webui.keyword.builtin.ClickKeyword.click(ClickKeyword.groovy:86)
	at com.kms.katalon.core.webui.keyword.builtin.ClickKeyword.execute(ClickKeyword.groovy:67)
	at com.kms.katalon.core.keyword.internal.KeywordExecutor.executeKeywordForPlatform(KeywordExecutor.groovy:53)
	at com.kms.katalon.core.webui.keyword.WebUiBuiltInKeywords.click(WebUiBuiltInKeywords.groovy:616)
	at com.kms.katalon.core.webui.keyword.WebUiBuiltInKeywords$click$4.call(Unknown Source)
	at Filter.run(Filter:18)
	at com.kms.katalon.core.main.ScriptEngine.run(ScriptEngine.java:194)
	at com.kms.katalon.core.main.ScriptEngine.runScriptAsRawText(ScriptEngine.java:119)
	at com.kms.katalon.core.main.TestCaseExecutor.runScript(TestCaseExecutor.java:328)
	at com.kms.katalon.core.main.TestCaseExecutor.doExecute(TestCaseExecutor.java:319)
	at com.kms.katalon.core.main.TestCaseExecutor.processExecutionPhase(TestCaseExecutor.java:298)
	at com.kms.katalon.core.main.TestCaseExecutor.accessMainPhase(TestCaseExecutor.java:290)
	at com.kms.katalon.core.main.TestCaseExecutor.execute(TestCaseExecutor.java:224)
	at com.kms.katalon.core.main.TestSuiteExecutor.accessTestCaseMainPhase(TestSuiteExecutor.java:129)
	at com.kms.katalon.core.main.TestSuiteExecutor.accessTestSuiteMainPhase(TestSuiteExecutor.java:112)
	at com.kms.katalon.core.main.TestSuiteExecutor.execute(TestSuiteExecutor.java:81)
	at com.kms.katalon.core.main.TestCaseMain.startTestSuite(TestCaseMain.java:149)
	at com.kms.katalon.core.main.TestCaseMain$startTestSuite$0.call(Unknown Source)
	at TempTestSuite1559921811030.run(TempTestSuite1559921811030.groovy:36)
"/>
         <system-out><![CDATA[2019-06-07 12:11:56 - [TEST_CASE][FAILED] - Test Cases/OCS - DESKTOP/OCS-COLLECTION PAGE/Filter: Test Cases/OCS - DESKTOP/OCS-COLLECTION PAGE/Filter FAILED.
Reason:
com.kms.katalon.core.exception.StepFailedException: Unable to click on object (Root cause: java.lang.IllegalArgumentException: Object is null)
	at com.kms.katalon.core.keyword.internal.KeywordMain.stepFailed(KeywordMain.groovy:36)
	at com.kms.katalon.core.webui.keyword.internal.WebUIKeywordMain.stepFailed(WebUIKeywordMain.groovy:65)
	at com.kms.katalon.core.webui.keyword.internal.WebUIKeywordMain.runKeyword(WebUIKeywordMain.groovy:27)
	at com.kms.katalon.core.webui.keyword.builtin.ClickKeyword.click(ClickKeyword.groovy:86)
	at com.kms.katalon.core.webui.keyword.builtin.ClickKeyword.execute(ClickKeyword.groovy:67)
	at com.kms.katalon.core.keyword.internal.KeywordExecutor.executeKeywordForPlatform(KeywordExecutor.groovy:53)
	at com.kms.katalon.core.webui.keyword.WebUiBuiltInKeywords.click(WebUiBuiltInKeywords.groovy:616)
	at com.kms.katalon.core.webui.keyword.WebUiBuiltInKeywords$click$4.call(Unknown Source)
	at Filter.run(Filter:18)
	at com.kms.katalon.core.main.ScriptEngine.run(ScriptEngine.java:194)
	at com.kms.katalon.core.main.ScriptEngine.runScriptAsRawText(ScriptEngine.java:119)
	at com.kms.katalon.core.main.TestCaseExecutor.runScript(TestCaseExecutor.java:328)
	at com.kms.katalon.core.main.TestCaseExecutor.doExecute(TestCaseExecutor.java:319)
	at com.kms.katalon.core.main.TestCaseExecutor.processExecutionPhase(TestCaseExecutor.java:298)
	at com.kms.katalon.core.main.TestCaseExecutor.accessMainPhase(TestCaseExecutor.java:290)
	at com.kms.katalon.core.main.TestCaseExecutor.execute(TestCaseExecutor.java:224)
	at com.kms.katalon.core.main.TestSuiteExecutor.accessTestCaseMainPhase(TestSuiteExecutor.java:129)
	at com.kms.katalon.core.main.TestSuiteExecutor.accessTestSuiteMainPhase(TestSuiteExecutor.java:112)
	at com.kms.katalon.core.main.TestSuiteExecutor.execute(TestSuiteExecutor.java:81)
	at com.kms.katalon.core.main.TestCaseMain.startTestSuite(TestCaseMain.java:149)
	at com.kms.katalon.core.main.TestCaseMain$startTestSuite$0.call(Unknown Source)
	at TempTestSuite1559921811030.run(TempTestSuite1559921811030.groovy:36)


2019-06-07 12:11:56 - [TEST_STEP][PASSED] - callTestCase(findTestCase("OCS - DESKTOP/CALL- Age gate"), [:], STOP_ON_FAILURE): Call Test Case 'Test Cases/OCS - DESKTOP/CALL- Age gate' successfully

2019-06-07 12:11:57 - [TEST_CASE][PASSED] - Test Cases/OCS - DESKTOP/CALL- Age gate: Test Cases/OCS - DESKTOP/CALL- Age gate

2019-06-07 12:11:57 - [TEST_STEP][PASSED] - openBrowser(""): Browser is opened with url: ''

2019-06-07 12:11:57 - [MESSAGE][WARNING] - A browser is already opened. Closing browser and opening a new one

2019-06-07 12:11:57 - [MESSAGE][INFO] - Starting 'Firefox' driver

2019-06-07 12:12:00 - [MESSAGE][PASSED] - Browser is opened with url: ''

2019-06-07 12:12:00 - [TEST_STEP][PASSED] - navigateToUrl("https://ocs.ca/?fts=0&preview_theme_id=72920074060"): Navigate to 'https://ocs.ca/?fts=0&preview_theme_id=72920074060' successfully

2019-06-07 12:12:07 - [MESSAGE][PASSED] - Navigate to 'https://ocs.ca/?fts=0&preview_theme_id=72920074060' successfully

2019-06-07 12:12:07 - [TEST_STEP][PASSED] - maximizeWindow(): Current window maximized

2019-06-07 12:12:07 - [MESSAGE][PASSED] - Current window maximized

2019-06-07 12:12:07 - [TEST_STEP][PASSED] - delay(2): Delayed 2 second(s)

2019-06-07 12:12:09 - [MESSAGE][PASSED] - Delayed 2 second(s)

2019-06-07 12:12:09 - [TEST_STEP][PASSED] - executeJavaScript("var previewBar = document.getElementById("preview-bar-iframe"); previewBar.style.display = "none";", []): Execute JavaScript 'var previewBar = document.getElementById("preview-bar-iframe"); previewBar.style.display = "none";' successfully

2019-06-07 12:12:09 - [MESSAGE][PASSED] - Execute JavaScript 'var previewBar = document.getElementById("preview-bar-iframe"); previewBar.style.display = "none";' successfully

2019-06-07 12:12:09 - [TEST_STEP][PASSED] - selectOptionByValue(findTestObject("OCS-DESKTOP/Age gate and Mega menu/Date"), "12", true): All options with value '12' are selected in object 'Object Repository/OCS-DESKTOP/Age gate and Mega menu/Date'  using regular expression

2019-06-07 12:12:10 - [MESSAGE][PASSED] - All options with value '12' are selected in object 'Object Repository/OCS-DESKTOP/Age gate and Mega menu/Date'  using regular expression

2019-06-07 12:12:10 - [TEST_STEP][PASSED] - selectOptionByValue(findTestObject("OCS-DESKTOP/Age gate and Mega menu/month"), "6", true): All options with value '6' are selected in object 'Object Repository/OCS-DESKTOP/Age gate and Mega menu/month'  using regular expression

2019-06-07 12:12:10 - [MESSAGE][PASSED] - All options with value '6' are selected in object 'Object Repository/OCS-DESKTOP/Age gate and Mega menu/month'  using regular expression

2019-06-07 12:12:10 - [TEST_STEP][PASSED] - delay(2): Delayed 2 second(s)

2019-06-07 12:12:12 - [MESSAGE][PASSED] - Delayed 2 second(s)

2019-06-07 12:12:12 - [TEST_STEP][PASSED] - selectOptionByValue(findTestObject("OCS-DESKTOP/Age gate and Mega menu/Year Dropdown"), "1990", true): All options with value '1990' are selected in object 'Object Repository/OCS-DESKTOP/Age gate and Mega menu/Year Dropdown'  using regular expression

2019-06-07 12:12:14 - [MESSAGE][PASSED] - All options with value '1990' are selected in object 'Object Repository/OCS-DESKTOP/Age gate and Mega menu/Year Dropdown'  using regular expression

2019-06-07 12:12:14 - [TEST_STEP][PASSED] - click(findTestObject("OCS-DESKTOP/Age gate and Mega menu/button_Verify")): Object: 'Object Repository/OCS-DESKTOP/Age gate and Mega menu/button_Verify' is clicked on

2019-06-07 12:12:14 - [MESSAGE][PASSED] - Object: 'Object Repository/OCS-DESKTOP/Age gate and Mega menu/button_Verify' is clicked on

2019-06-07 12:12:14 - [TEST_STEP][PASSED] - click(findTestObject("OCS-DESKTOP/Age gate and Mega menu/Checkbox_CONFIRM AND ACKNOWLEDGE")): Object: 'Object Repository/OCS-DESKTOP/Age gate and Mega menu/Checkbox_CONFIRM AND ACKNOWLEDGE' is clicked on

2019-06-07 12:12:14 - [MESSAGE][PASSED] - Object: 'Object Repository/OCS-DESKTOP/Age gate and Mega menu/Checkbox_CONFIRM AND ACKNOWLEDGE' is clicked on

2019-06-07 12:12:14 - [TEST_STEP][PASSED] - click(findTestObject("OCS-DESKTOP/Age gate and Mega menu/button_CONFIRM")): Object: 'Object Repository/OCS-DESKTOP/Age gate and Mega menu/button_CONFIRM' is clicked on

2019-06-07 12:12:15 - [MESSAGE][PASSED] - Object: 'Object Repository/OCS-DESKTOP/Age gate and Mega menu/button_CONFIRM' is clicked on

2019-06-07 12:12:15 - [TEST_STEP][PASSED] - click(findTestObject("OCS-DESKTOP/Age gate and Mega menu/button_Start Browsing")): Object: 'Object Repository/OCS-DESKTOP/Age gate and Mega menu/button_Start Browsing' is clicked on

2019-06-07 12:12:15 - [MESSAGE][PASSED] - Object: 'Object Repository/OCS-DESKTOP/Age gate and Mega menu/button_Start Browsing' is clicked on

2019-06-07 12:12:15 - [TEST_STEP][PASSED] - delay(2): Delayed 2 second(s)

2019-06-07 12:12:17 - [MESSAGE][PASSED] - Delayed 2 second(s)

2019-06-07 12:12:17 - [TEST_STEP][PASSED] - refresh(): Refresh successfully

2019-06-07 12:12:19 - [MESSAGE][PASSED] - Refresh successfully

2019-06-07 12:12:19 - [MESSAGE][PASSED] - Call Test Case 'Test Cases/OCS - DESKTOP/CALL- Age gate' successfully

2019-06-07 12:12:19 - [TEST_STEP][FAILED] - click(findTestObject("OCS-MOBILE /Age gate and burger menu/Burger menu - English")): click(findTestObject("OCS-MOBILE /Age gate and burger menu/Burger menu - English")) FAILED.
Reason:
com.kms.katalon.core.exception.StepFailedException: Unable to click on object (Root cause: java.lang.IllegalArgumentException: Object is null)
	at com.kms.katalon.core.keyword.internal.KeywordMain.stepFailed(KeywordMain.groovy:36)
	at com.kms.katalon.core.webui.keyword.internal.WebUIKeywordMain.stepFailed(WebUIKeywordMain.groovy:65)
	at com.kms.katalon.core.webui.keyword.internal.WebUIKeywordMain.runKeyword(WebUIKeywordMain.groovy:27)
	at com.kms.katalon.core.webui.keyword.builtin.ClickKeyword.click(ClickKeyword.groovy:86)
	at com.kms.katalon.core.webui.keyword.builtin.ClickKeyword.execute(ClickKeyword.groovy:67)
	at com.kms.katalon.core.keyword.internal.KeywordExecutor.executeKeywordForPlatform(KeywordExecutor.groovy:53)
	at com.kms.katalon.core.webui.keyword.WebUiBuiltInKeywords.click(WebUiBuiltInKeywords.groovy:616)
	at com.kms.katalon.core.webui.keyword.WebUiBuiltInKeywords$click$4.call(Unknown Source)
	at Filter.run(Filter:18)
	at com.kms.katalon.core.main.ScriptEngine.run(ScriptEngine.java:194)
	at com.kms.katalon.core.main.ScriptEngine.runScriptAsRawText(ScriptEngine.java:119)
	at com.kms.katalon.core.main.TestCaseExecutor.runScript(TestCaseExecutor.java:328)
	at com.kms.katalon.core.main.TestCaseExecutor.doExecute(TestCaseExecutor.java:319)
	at com.kms.katalon.core.main.TestCaseExecutor.processExecutionPhase(TestCaseExecutor.java:298)
	at com.kms.katalon.core.main.TestCaseExecutor.accessMainPhase(TestCaseExecutor.java:290)
	at com.kms.katalon.core.main.TestCaseExecutor.execute(TestCaseExecutor.java:224)
	at com.kms.katalon.core.main.TestSuiteExecutor.accessTestCaseMainPhase(TestSuiteExecutor.java:129)
	at com.kms.katalon.core.main.TestSuiteExecutor.accessTestSuiteMainPhase(TestSuiteExecutor.java:112)
	at com.kms.katalon.core.main.TestSuiteExecutor.execute(TestSuiteExecutor.java:81)
	at com.kms.katalon.core.main.TestCaseMain.startTestSuite(TestCaseMain.java:149)
	at com.kms.katalon.core.main.TestCaseMain$startTestSuite$0.call(Unknown Source)
	at TempTestSuite1559921811030.run(TempTestSuite1559921811030.groovy:36)


2019-06-07 12:12:19 - [MESSAGE][WARNING] - Test object with id 'Object Repository/OCS-MOBILE /Age gate and burger menu/Burger menu - English' does not exist

2019-06-07 12:12:19 - [MESSAGE][WARNING] - Test object with id 'Object Repository/' does not exist

2019-06-07 12:12:20 - [MESSAGE][FAILED] - Unable to click on object (Root cause: java.lang.IllegalArgumentException: Object is null)
[[ATTACHMENT|/Users/sumankompelly/Relative xpath-Desktop/Reports/OCS- 1.9.2.1/20190607_113651/1559923939755.png]]

2019-06-07 12:12:20 - [MESSAGE][FAILED] - click(findTestObject("OCS-MOBILE /Age gate and burger menu/Burger menu - English")) FAILED.
Reason:
com.kms.katalon.core.exception.StepFailedException: Unable to click on object (Root cause: java.lang.IllegalArgumentException: Object is null)
	at com.kms.katalon.core.keyword.internal.KeywordMain.stepFailed(KeywordMain.groovy:36)
	at com.kms.katalon.core.webui.keyword.internal.WebUIKeywordMain.stepFailed(WebUIKeywordMain.groovy:65)
	at com.kms.katalon.core.webui.keyword.internal.WebUIKeywordMain.runKeyword(WebUIKeywordMain.groovy:27)
	at com.kms.katalon.core.webui.keyword.builtin.ClickKeyword.click(ClickKeyword.groovy:86)
	at com.kms.katalon.core.webui.keyword.builtin.ClickKeyword.execute(ClickKeyword.groovy:67)
	at com.kms.katalon.core.keyword.internal.KeywordExecutor.executeKeywordForPlatform(KeywordExecutor.groovy:53)
	at com.kms.katalon.core.webui.keyword.WebUiBuiltInKeywords.click(WebUiBuiltInKeywords.groovy:616)
	at com.kms.katalon.core.webui.keyword.WebUiBuiltInKeywords$click$4.call(Unknown Source)
	at Filter.run(Filter:18)
	at com.kms.katalon.core.main.ScriptEngine.run(ScriptEngine.java:194)
	at com.kms.katalon.core.main.ScriptEngine.runScriptAsRawText(ScriptEngine.java:119)
	at com.kms.katalon.core.main.TestCaseExecutor.runScript(TestCaseExecutor.java:328)
	at com.kms.katalon.core.main.TestCaseExecutor.doExecute(TestCaseExecutor.java:319)
	at com.kms.katalon.core.main.TestCaseExecutor.processExecutionPhase(TestCaseExecutor.java:298)
	at com.kms.katalon.core.main.TestCaseExecutor.accessMainPhase(TestCaseExecutor.java:290)
	at com.kms.katalon.core.main.TestCaseExecutor.execute(TestCaseExecutor.java:224)
	at com.kms.katalon.core.main.TestSuiteExecutor.accessTestCaseMainPhase(TestSuiteExecutor.java:129)
	at com.kms.katalon.core.main.TestSuiteExecutor.accessTestSuiteMainPhase(TestSuiteExecutor.java:112)
	at com.kms.katalon.core.main.TestSuiteExecutor.execute(TestSuiteExecutor.java:81)
	at com.kms.katalon.core.main.TestCaseMain.startTestSuite(TestCaseMain.java:149)
	at com.kms.katalon.core.main.TestCaseMain$startTestSuite$0.call(Unknown Source)
	at TempTestSuite1559921811030.run(TempTestSuite1559921811030.groovy:36)]]></system-out>
         <system-err><![CDATA[2019-06-07 12:11:56 - [TEST_CASE][FAILED] - Test Cases/OCS - DESKTOP/OCS-COLLECTION PAGE/Filter: Test Cases/OCS - DESKTOP/OCS-COLLECTION PAGE/Filter FAILED.
Reason:
com.kms.katalon.core.exception.StepFailedException: Unable to click on object (Root cause: java.lang.IllegalArgumentException: Object is null)
	at com.kms.katalon.core.keyword.internal.KeywordMain.stepFailed(KeywordMain.groovy:36)
	at com.kms.katalon.core.webui.keyword.internal.WebUIKeywordMain.stepFailed(WebUIKeywordMain.groovy:65)
	at com.kms.katalon.core.webui.keyword.internal.WebUIKeywordMain.runKeyword(WebUIKeywordMain.groovy:27)
	at com.kms.katalon.core.webui.keyword.builtin.ClickKeyword.click(ClickKeyword.groovy:86)
	at com.kms.katalon.core.webui.keyword.builtin.ClickKeyword.execute(ClickKeyword.groovy:67)
	at com.kms.katalon.core.keyword.internal.KeywordExecutor.executeKeywordForPlatform(KeywordExecutor.groovy:53)
	at com.kms.katalon.core.webui.keyword.WebUiBuiltInKeywords.click(WebUiBuiltInKeywords.groovy:616)
	at com.kms.katalon.core.webui.keyword.WebUiBuiltInKeywords$click$4.call(Unknown Source)
	at Filter.run(Filter:18)
	at com.kms.katalon.core.main.ScriptEngine.run(ScriptEngine.java:194)
	at com.kms.katalon.core.main.ScriptEngine.runScriptAsRawText(ScriptEngine.java:119)
	at com.kms.katalon.core.main.TestCaseExecutor.runScript(TestCaseExecutor.java:328)
	at com.kms.katalon.core.main.TestCaseExecutor.doExecute(TestCaseExecutor.java:319)
	at com.kms.katalon.core.main.TestCaseExecutor.processExecutionPhase(TestCaseExecutor.java:298)
	at com.kms.katalon.core.main.TestCaseExecutor.accessMainPhase(TestCaseExecutor.java:290)
	at com.kms.katalon.core.main.TestCaseExecutor.execute(TestCaseExecutor.java:224)
	at com.kms.katalon.core.main.TestSuiteExecutor.accessTestCaseMainPhase(TestSuiteExecutor.java:129)
	at com.kms.katalon.core.main.TestSuiteExecutor.accessTestSuiteMainPhase(TestSuiteExecutor.java:112)
	at com.kms.katalon.core.main.TestSuiteExecutor.execute(TestSuiteExecutor.java:81)
	at com.kms.katalon.core.main.TestCaseMain.startTestSuite(TestCaseMain.java:149)
	at com.kms.katalon.core.main.TestCaseMain$startTestSuite$0.call(Unknown Source)
	at TempTestSuite1559921811030.run(TempTestSuite1559921811030.groovy:36)]]></system-err>
      </testcase>
      <testcase name="Test Cases/OCS - DESKTOP/OCS-COLLECTION PAGE/Pagination" classname="Test Cases/OCS - DESKTOP/OCS-COLLECTION PAGE/Pagination" status="FAILED">
         <failure type="FAILED" message="Test Cases/OCS - DESKTOP/OCS-COLLECTION PAGE/Pagination FAILED.
Reason:
com.kms.katalon.core.exception.StepFailedException: Unable to click on object 'Object Repository/OCS-DESKTOP/Pagination_OR/Page_Pre-Rolled  Ontario Cannabis S/a_2 - down' (Root cause: com.kms.katalon.core.webui.exception.WebElementNotFoundException: Web element with id: 'Object Repository/OCS-DESKTOP/Pagination_OR/Page_Pre-Rolled  Ontario Cannabis S/a_2 - down' located by 'By.xpath: //div[@class='pagination--top']//a[@class='js-page-link'][contains(text(),'2')]' not found)
	at com.kms.katalon.core.keyword.internal.KeywordMain.stepFailed(KeywordMain.groovy:36)
	at com.kms.katalon.core.webui.keyword.internal.WebUIKeywordMain.stepFailed(WebUIKeywordMain.groovy:65)
	at com.kms.katalon.core.webui.keyword.internal.WebUIKeywordMain.runKeyword(WebUIKeywordMain.groovy:27)
	at com.kms.katalon.core.webui.keyword.builtin.ClickKeyword.click(ClickKeyword.groovy:86)
	at com.kms.katalon.core.webui.keyword.builtin.ClickKeyword.execute(ClickKeyword.groovy:67)
	at com.kms.katalon.core.keyword.internal.KeywordExecutor.executeKeywordForPlatform(KeywordExecutor.groovy:53)
	at com.kms.katalon.core.webui.keyword.WebUiBuiltInKeywords.click(WebUiBuiltInKeywords.groovy:616)
	at com.kms.katalon.core.webui.keyword.WebUiBuiltInKeywords$click$4.call(Unknown Source)
	at Pagination.run(Pagination:75)
	at com.kms.katalon.core.main.ScriptEngine.run(ScriptEngine.java:194)
	at com.kms.katalon.core.main.ScriptEngine.runScriptAsRawText(ScriptEngine.java:119)
	at com.kms.katalon.core.main.TestCaseExecutor.runScript(TestCaseExecutor.java:328)
	at com.kms.katalon.core.main.TestCaseExecutor.doExecute(TestCaseExecutor.java:319)
	at com.kms.katalon.core.main.TestCaseExecutor.processExecutionPhase(TestCaseExecutor.java:298)
	at com.kms.katalon.core.main.TestCaseExecutor.accessMainPhase(TestCaseExecutor.java:290)
	at com.kms.katalon.core.main.TestCaseExecutor.execute(TestCaseExecutor.java:224)
	at com.kms.katalon.core.main.TestSuiteExecutor.accessTestCaseMainPhase(TestSuiteExecutor.java:129)
	at com.kms.katalon.core.main.TestSuiteExecutor.accessTestSuiteMainPhase(TestSuiteExecutor.java:112)
	at com.kms.katalon.core.main.TestSuiteExecutor.execute(TestSuiteExecutor.java:81)
	at com.kms.katalon.core.main.TestCaseMain.startTestSuite(TestCaseMain.java:149)
	at com.kms.katalon.core.main.TestCaseMain$startTestSuite$0.call(Unknown Source)
	at TempTestSuite1559921811030.run(TempTestSuite1559921811030.groovy:36)
"/>
         <system-out><![CDATA[2019-06-07 12:12:20 - [TEST_CASE][FAILED] - Test Cases/OCS - DESKTOP/OCS-COLLECTION PAGE/Pagination: Test Cases/OCS - DESKTOP/OCS-COLLECTION PAGE/Pagination FAILED.
Reason:
com.kms.katalon.core.exception.StepFailedException: Unable to click on object 'Object Repository/OCS-DESKTOP/Pagination_OR/Page_Pre-Rolled  Ontario Cannabis S/a_2 - down' (Root cause: com.kms.katalon.core.webui.exception.WebElementNotFoundException: Web element with id: 'Object Repository/OCS-DESKTOP/Pagination_OR/Page_Pre-Rolled  Ontario Cannabis S/a_2 - down' located by 'By.xpath: //div[@class='pagination--top']//a[@class='js-page-link'][contains(text(),'2')]' not found)
	at com.kms.katalon.core.keyword.internal.KeywordMain.stepFailed(KeywordMain.groovy:36)
	at com.kms.katalon.core.webui.keyword.internal.WebUIKeywordMain.stepFailed(WebUIKeywordMain.groovy:65)
	at com.kms.katalon.core.webui.keyword.internal.WebUIKeywordMain.runKeyword(WebUIKeywordMain.groovy:27)
	at com.kms.katalon.core.webui.keyword.builtin.ClickKeyword.click(ClickKeyword.groovy:86)
	at com.kms.katalon.core.webui.keyword.builtin.ClickKeyword.execute(ClickKeyword.groovy:67)
	at com.kms.katalon.core.keyword.internal.KeywordExecutor.executeKeywordForPlatform(KeywordExecutor.groovy:53)
	at com.kms.katalon.core.webui.keyword.WebUiBuiltInKeywords.click(WebUiBuiltInKeywords.groovy:616)
	at com.kms.katalon.core.webui.keyword.WebUiBuiltInKeywords$click$4.call(Unknown Source)
	at Pagination.run(Pagination:75)
	at com.kms.katalon.core.main.ScriptEngine.run(ScriptEngine.java:194)
	at com.kms.katalon.core.main.ScriptEngine.runScriptAsRawText(ScriptEngine.java:119)
	at com.kms.katalon.core.main.TestCaseExecutor.runScript(TestCaseExecutor.java:328)
	at com.kms.katalon.core.main.TestCaseExecutor.doExecute(TestCaseExecutor.java:319)
	at com.kms.katalon.core.main.TestCaseExecutor.processExecutionPhase(TestCaseExecutor.java:298)
	at com.kms.katalon.core.main.TestCaseExecutor.accessMainPhase(TestCaseExecutor.java:290)
	at com.kms.katalon.core.main.TestCaseExecutor.execute(TestCaseExecutor.java:224)
	at com.kms.katalon.core.main.TestSuiteExecutor.accessTestCaseMainPhase(TestSuiteExecutor.java:129)
	at com.kms.katalon.core.main.TestSuiteExecutor.accessTestSuiteMainPhase(TestSuiteExecutor.java:112)
	at com.kms.katalon.core.main.TestSuiteExecutor.execute(TestSuiteExecutor.java:81)
	at com.kms.katalon.core.main.TestCaseMain.startTestSuite(TestCaseMain.java:149)
	at com.kms.katalon.core.main.TestCaseMain$startTestSuite$0.call(Unknown Source)
	at TempTestSuite1559921811030.run(TempTestSuite1559921811030.groovy:36)


2019-06-07 12:12:20 - [TEST_STEP][PASSED] - callTestCase(findTestCase("OCS - DESKTOP/CALL- Age gate"), [:], STOP_ON_FAILURE): Call Test Case 'Test Cases/OCS - DESKTOP/CALL- Age gate' successfully

2019-06-07 12:12:20 - [TEST_CASE][PASSED] - Test Cases/OCS - DESKTOP/CALL- Age gate: Test Cases/OCS - DESKTOP/CALL- Age gate

2019-06-07 12:12:20 - [TEST_STEP][PASSED] - openBrowser(""): Browser is opened with url: ''

2019-06-07 12:12:20 - [MESSAGE][WARNING] - A browser is already opened. Closing browser and opening a new one

2019-06-07 12:12:20 - [MESSAGE][INFO] - Starting 'Firefox' driver

2019-06-07 12:12:23 - [MESSAGE][PASSED] - Browser is opened with url: ''

2019-06-07 12:12:23 - [TEST_STEP][PASSED] - navigateToUrl("https://ocs.ca/?fts=0&preview_theme_id=72920074060"): Navigate to 'https://ocs.ca/?fts=0&preview_theme_id=72920074060' successfully

2019-06-07 12:12:27 - [MESSAGE][PASSED] - Navigate to 'https://ocs.ca/?fts=0&preview_theme_id=72920074060' successfully

2019-06-07 12:12:27 - [TEST_STEP][PASSED] - maximizeWindow(): Current window maximized

2019-06-07 12:12:28 - [MESSAGE][PASSED] - Current window maximized

2019-06-07 12:12:28 - [TEST_STEP][PASSED] - delay(2): Delayed 2 second(s)

2019-06-07 12:12:30 - [MESSAGE][PASSED] - Delayed 2 second(s)

2019-06-07 12:12:30 - [TEST_STEP][PASSED] - executeJavaScript("var previewBar = document.getElementById("preview-bar-iframe"); previewBar.style.display = "none";", []): Execute JavaScript 'var previewBar = document.getElementById("preview-bar-iframe"); previewBar.style.display = "none";' successfully

2019-06-07 12:12:30 - [MESSAGE][PASSED] - Execute JavaScript 'var previewBar = document.getElementById("preview-bar-iframe"); previewBar.style.display = "none";' successfully

2019-06-07 12:12:30 - [TEST_STEP][PASSED] - selectOptionByValue(findTestObject("OCS-DESKTOP/Age gate and Mega menu/Date"), "12", true): All options with value '12' are selected in object 'Object Repository/OCS-DESKTOP/Age gate and Mega menu/Date'  using regular expression

2019-06-07 12:12:30 - [MESSAGE][PASSED] - All options with value '12' are selected in object 'Object Repository/OCS-DESKTOP/Age gate and Mega menu/Date'  using regular expression

2019-06-07 12:12:30 - [TEST_STEP][PASSED] - selectOptionByValue(findTestObject("OCS-DESKTOP/Age gate and Mega menu/month"), "6", true): All options with value '6' are selected in object 'Object Repository/OCS-DESKTOP/Age gate and Mega menu/month'  using regular expression

2019-06-07 12:12:31 - [MESSAGE][PASSED] - All options with value '6' are selected in object 'Object Repository/OCS-DESKTOP/Age gate and Mega menu/month'  using regular expression

2019-06-07 12:12:31 - [TEST_STEP][PASSED] - delay(2): Delayed 2 second(s)

2019-06-07 12:12:33 - [MESSAGE][PASSED] - Delayed 2 second(s)

2019-06-07 12:12:33 - [TEST_STEP][PASSED] - selectOptionByValue(findTestObject("OCS-DESKTOP/Age gate and Mega menu/Year Dropdown"), "1990", true): All options with value '1990' are selected in object 'Object Repository/OCS-DESKTOP/Age gate and Mega menu/Year Dropdown'  using regular expression

2019-06-07 12:12:34 - [MESSAGE][PASSED] - All options with value '1990' are selected in object 'Object Repository/OCS-DESKTOP/Age gate and Mega menu/Year Dropdown'  using regular expression

2019-06-07 12:12:34 - [TEST_STEP][PASSED] - click(findTestObject("OCS-DESKTOP/Age gate and Mega menu/button_Verify")): Object: 'Object Repository/OCS-DESKTOP/Age gate and Mega menu/button_Verify' is clicked on

2019-06-07 12:12:35 - [MESSAGE][PASSED] - Object: 'Object Repository/OCS-DESKTOP/Age gate and Mega menu/button_Verify' is clicked on

2019-06-07 12:12:35 - [TEST_STEP][PASSED] - click(findTestObject("OCS-DESKTOP/Age gate and Mega menu/Checkbox_CONFIRM AND ACKNOWLEDGE")): Object: 'Object Repository/OCS-DESKTOP/Age gate and Mega menu/Checkbox_CONFIRM AND ACKNOWLEDGE' is clicked on

2019-06-07 12:12:35 - [MESSAGE][PASSED] - Object: 'Object Repository/OCS-DESKTOP/Age gate and Mega menu/Checkbox_CONFIRM AND ACKNOWLEDGE' is clicked on

2019-06-07 12:12:35 - [TEST_STEP][PASSED] - click(findTestObject("OCS-DESKTOP/Age gate and Mega menu/button_CONFIRM")): Object: 'Object Repository/OCS-DESKTOP/Age gate and Mega menu/button_CONFIRM' is clicked on

2019-06-07 12:12:35 - [MESSAGE][PASSED] - Object: 'Object Repository/OCS-DESKTOP/Age gate and Mega menu/button_CONFIRM' is clicked on

2019-06-07 12:12:35 - [TEST_STEP][PASSED] - click(findTestObject("OCS-DESKTOP/Age gate and Mega menu/button_Start Browsing")): Object: 'Object Repository/OCS-DESKTOP/Age gate and Mega menu/button_Start Browsing' is clicked on

2019-06-07 12:12:35 - [MESSAGE][PASSED] - Object: 'Object Repository/OCS-DESKTOP/Age gate and Mega menu/button_Start Browsing' is clicked on

2019-06-07 12:12:35 - [TEST_STEP][PASSED] - delay(2): Delayed 2 second(s)

2019-06-07 12:12:37 - [MESSAGE][PASSED] - Delayed 2 second(s)

2019-06-07 12:12:37 - [TEST_STEP][PASSED] - refresh(): Refresh successfully

2019-06-07 12:12:43 - [MESSAGE][PASSED] - Refresh successfully

2019-06-07 12:12:43 - [MESSAGE][PASSED] - Call Test Case 'Test Cases/OCS - DESKTOP/CALL- Age gate' successfully

2019-06-07 12:12:43 - [TEST_STEP][PASSED] - click(findTestObject("OCS-DESKTOP/Age gate and Mega menu/Header/CANNABIS menu - English")): Object: 'Object Repository/OCS-DESKTOP/Age gate and Mega menu/Header/CANNABIS menu - English' is clicked on

2019-06-07 12:12:43 - [MESSAGE][PASSED] - Object: 'Object Repository/OCS-DESKTOP/Age gate and Mega menu/Header/CANNABIS menu - English' is clicked on

2019-06-07 12:12:43 - [TEST_STEP][PASSED] - delay(2): Delayed 2 second(s)

2019-06-07 12:12:45 - [MESSAGE][PASSED] - Delayed 2 second(s)

2019-06-07 12:12:45 - [TEST_STEP][PASSED] - click(findTestObject("OCS-DESKTOP/Cannabis page/Prerolled - Indica dominant")): Object: 'Object Repository/OCS-DESKTOP/Cannabis page/Prerolled - Indica dominant' is clicked on

2019-06-07 12:12:47 - [MESSAGE][PASSED] - Object: 'Object Repository/OCS-DESKTOP/Cannabis page/Prerolled - Indica dominant' is clicked on

2019-06-07 12:12:47 - [TEST_STEP][PASSED] - executeJavaScript("var previewBar = document.getElementById("preview-bar-iframe"); previewBar.style.display = "none";", []): Execute JavaScript 'var previewBar = document.getElementById("preview-bar-iframe"); previewBar.style.display = "none";' successfully

2019-06-07 12:12:47 - [MESSAGE][PASSED] - Execute JavaScript 'var previewBar = document.getElementById("preview-bar-iframe"); previewBar.style.display = "none";' successfully

2019-06-07 12:12:47 - [TEST_STEP][PASSED] - delay(2): Delayed 2 second(s)

2019-06-07 12:12:49 - [MESSAGE][PASSED] - Delayed 2 second(s)

2019-06-07 12:12:49 - [TEST_STEP][PASSED] - click(findTestObject("OCS-DESKTOP/Pagination_OR/Page_Pre-Rolled  Ontario Cannabis S/a_2")): Object: 'Object Repository/OCS-DESKTOP/Pagination_OR/Page_Pre-Rolled  Ontario Cannabis S/a_2' is clicked on

2019-06-07 12:12:49 - [MESSAGE][PASSED] - Object: 'Object Repository/OCS-DESKTOP/Pagination_OR/Page_Pre-Rolled  Ontario Cannabis S/a_2' is clicked on

2019-06-07 12:12:49 - [TEST_STEP][NOT_RUN] - delay(2): NOT_RUN: delay(2)

2019-06-07 12:12:49 - [MESSAGE][NOT_RUN] - NOT_RUN: delay(2)

2019-06-07 12:12:49 - [TEST_STEP][NOT_RUN] - scrollToPosition(570, 49): NOT_RUN: scrollToPosition(570, 49)

2019-06-07 12:12:49 - [MESSAGE][NOT_RUN] - NOT_RUN: scrollToPosition(570, 49)

2019-06-07 12:12:49 - [TEST_STEP][NOT_RUN] - click(findTestObject("COLLECTION PAGE _OR/Pagination_OR/Page_Pre-Rolled  Ontario Cannabis S/a_3"), STOP_ON_FAILURE): NOT_RUN: click(findTestObject("COLLECTION PAGE _OR/Pagination_OR/Page_Pre-Rolled  Ontario Cannabis S/a_3"), STOP_ON_FAILURE)

2019-06-07 12:12:49 - [MESSAGE][NOT_RUN] - NOT_RUN: click(findTestObject("COLLECTION PAGE _OR/Pagination_OR/Page_Pre-Rolled  Ontario Cannabis S/a_3"), STOP_ON_FAILURE)

2019-06-07 12:12:49 - [TEST_STEP][PASSED] - delay(2): Delayed 2 second(s)

2019-06-07 12:12:51 - [MESSAGE][PASSED] - Delayed 2 second(s)

2019-06-07 12:12:51 - [TEST_STEP][PASSED] - scrollToPosition(570, 49): Browser is scrolled to position x = 570, y = 49

2019-06-07 12:12:51 - [MESSAGE][PASSED] - Browser is scrolled to position x = 570, y = 49

2019-06-07 12:12:51 - [TEST_STEP][PASSED] - delay(2): Delayed 2 second(s)

2019-06-07 12:12:53 - [MESSAGE][PASSED] - Delayed 2 second(s)

2019-06-07 12:12:53 - [TEST_STEP][PASSED] - click(findTestObject("OCS-DESKTOP/Pagination_OR/Page_Pre-Rolled  Ontario Cannabis S/a_Previous")): Object: 'Object Repository/OCS-DESKTOP/Pagination_OR/Page_Pre-Rolled  Ontario Cannabis S/a_Previous' is clicked on

2019-06-07 12:12:54 - [MESSAGE][PASSED] - Object: 'Object Repository/OCS-DESKTOP/Pagination_OR/Page_Pre-Rolled  Ontario Cannabis S/a_Previous' is clicked on

2019-06-07 12:12:54 - [TEST_STEP][PASSED] - delay(2): Delayed 2 second(s)

2019-06-07 12:12:56 - [MESSAGE][PASSED] - Delayed 2 second(s)

2019-06-07 12:12:56 - [TEST_STEP][PASSED] - scrollToPosition(570, 49): Browser is scrolled to position x = 570, y = 49

2019-06-07 12:12:56 - [MESSAGE][PASSED] - Browser is scrolled to position x = 570, y = 49

2019-06-07 12:12:56 - [TEST_STEP][PASSED] - click(findTestObject("OCS-DESKTOP/Pagination_OR/Page_Pre-Rolled  Ontario Cannabis S/a_Next")): Object: 'Object Repository/OCS-DESKTOP/Pagination_OR/Page_Pre-Rolled  Ontario Cannabis S/a_Next' is clicked on

2019-06-07 12:12:56 - [MESSAGE][PASSED] - Object: 'Object Repository/OCS-DESKTOP/Pagination_OR/Page_Pre-Rolled  Ontario Cannabis S/a_Next' is clicked on

2019-06-07 12:12:56 - [TEST_STEP][PASSED] - delay(2): Delayed 2 second(s)

2019-06-07 12:12:58 - [MESSAGE][PASSED] - Delayed 2 second(s)

2019-06-07 12:12:58 - [TEST_STEP][PASSED] - executeJavaScript("var previewBar = document.getElementById("preview-bar-iframe"); previewBar.style.display = "none";", []): Execute JavaScript 'var previewBar = document.getElementById("preview-bar-iframe"); previewBar.style.display = "none";' successfully

2019-06-07 12:12:58 - [MESSAGE][PASSED] - Execute JavaScript 'var previewBar = document.getElementById("preview-bar-iframe"); previewBar.style.display = "none";' successfully

2019-06-07 12:12:58 - [TEST_STEP][PASSED] - click(findTestObject("OCS-DESKTOP/Pagination_OR/Page_Pre-Rolled  Ontario Cannabis S/a_What to consider")): Object: 'Object Repository/OCS-DESKTOP/Pagination_OR/Page_Pre-Rolled  Ontario Cannabis S/a_What to consider' is clicked on

2019-06-07 12:13:01 - [MESSAGE][PASSED] - Object: 'Object Repository/OCS-DESKTOP/Pagination_OR/Page_Pre-Rolled  Ontario Cannabis S/a_What to consider' is clicked on

2019-06-07 12:13:01 - [TEST_STEP][PASSED] - back(): Navigate back successfully

2019-06-07 12:13:03 - [MESSAGE][PASSED] - Navigate back successfully

2019-06-07 12:13:03 - [TEST_STEP][PASSED] - executeJavaScript("var previewBar = document.getElementById("preview-bar-iframe"); previewBar.style.display = "none";", []): Execute JavaScript 'var previewBar = document.getElementById("preview-bar-iframe"); previewBar.style.display = "none";' successfully

2019-06-07 12:13:03 - [MESSAGE][PASSED] - Execute JavaScript 'var previewBar = document.getElementById("preview-bar-iframe"); previewBar.style.display = "none";' successfully

2019-06-07 12:13:03 - [TEST_STEP][PASSED] - delay(4): Delayed 4 second(s)

2019-06-07 12:13:07 - [MESSAGE][PASSED] - Delayed 4 second(s)

2019-06-07 12:13:07 - [TEST_STEP][PASSED] - click(findTestObject("OCS-DESKTOP/Pagination_OR/Page_Pre-Rolled  Ontario Cannabis S/a_Previous")): Object: 'Object Repository/OCS-DESKTOP/Pagination_OR/Page_Pre-Rolled  Ontario Cannabis S/a_Previous' is clicked on

2019-06-07 12:13:08 - [MESSAGE][PASSED] - Object: 'Object Repository/OCS-DESKTOP/Pagination_OR/Page_Pre-Rolled  Ontario Cannabis S/a_Previous' is clicked on

2019-06-07 12:13:08 - [TEST_STEP][PASSED] - delay(2): Delayed 2 second(s)

2019-06-07 12:13:10 - [MESSAGE][PASSED] - Delayed 2 second(s)

2019-06-07 12:13:10 - [TEST_STEP][PASSED] - delay(2): Delayed 2 second(s)

2019-06-07 12:13:12 - [MESSAGE][PASSED] - Delayed 2 second(s)

2019-06-07 12:13:12 - [TEST_STEP][PASSED] - click(findTestObject("OCS-DESKTOP/Pagination_OR/Page_Pre-Rolled  Ontario Cannabis S/a_Next - down")): Object: 'Object Repository/OCS-DESKTOP/Pagination_OR/Page_Pre-Rolled  Ontario Cannabis S/a_Next - down' is clicked on

2019-06-07 12:13:12 - [MESSAGE][PASSED] - Object: 'Object Repository/OCS-DESKTOP/Pagination_OR/Page_Pre-Rolled  Ontario Cannabis S/a_Next - down' is clicked on

2019-06-07 12:13:12 - [TEST_STEP][PASSED] - delay(2): Delayed 2 second(s)

2019-06-07 12:13:14 - [MESSAGE][PASSED] - Delayed 2 second(s)

2019-06-07 12:13:14 - [TEST_STEP][FAILED] - click(findTestObject("OCS-DESKTOP/Pagination_OR/Page_Pre-Rolled  Ontario Cannabis S/a_2 - down")): click(findTestObject("OCS-DESKTOP/Pagination_OR/Page_Pre-Rolled  Ontario Cannabis S/a_2 - down")) FAILED.
Reason:
com.kms.katalon.core.exception.StepFailedException: Unable to click on object 'Object Repository/OCS-DESKTOP/Pagination_OR/Page_Pre-Rolled  Ontario Cannabis S/a_2 - down' (Root cause: com.kms.katalon.core.webui.exception.WebElementNotFoundException: Web element with id: 'Object Repository/OCS-DESKTOP/Pagination_OR/Page_Pre-Rolled  Ontario Cannabis S/a_2 - down' located by 'By.xpath: //div[@class='pagination--top']//a[@class='js-page-link'][contains(text(),'2')]' not found)
	at com.kms.katalon.core.keyword.internal.KeywordMain.stepFailed(KeywordMain.groovy:36)
	at com.kms.katalon.core.webui.keyword.internal.WebUIKeywordMain.stepFailed(WebUIKeywordMain.groovy:65)
	at com.kms.katalon.core.webui.keyword.internal.WebUIKeywordMain.runKeyword(WebUIKeywordMain.groovy:27)
	at com.kms.katalon.core.webui.keyword.builtin.ClickKeyword.click(ClickKeyword.groovy:86)
	at com.kms.katalon.core.webui.keyword.builtin.ClickKeyword.execute(ClickKeyword.groovy:67)
	at com.kms.katalon.core.keyword.internal.KeywordExecutor.executeKeywordForPlatform(KeywordExecutor.groovy:53)
	at com.kms.katalon.core.webui.keyword.WebUiBuiltInKeywords.click(WebUiBuiltInKeywords.groovy:616)
	at com.kms.katalon.core.webui.keyword.WebUiBuiltInKeywords$click$4.call(Unknown Source)
	at Pagination.run(Pagination:75)
	at com.kms.katalon.core.main.ScriptEngine.run(ScriptEngine.java:194)
	at com.kms.katalon.core.main.ScriptEngine.runScriptAsRawText(ScriptEngine.java:119)
	at com.kms.katalon.core.main.TestCaseExecutor.runScript(TestCaseExecutor.java:328)
	at com.kms.katalon.core.main.TestCaseExecutor.doExecute(TestCaseExecutor.java:319)
	at com.kms.katalon.core.main.TestCaseExecutor.processExecutionPhase(TestCaseExecutor.java:298)
	at com.kms.katalon.core.main.TestCaseExecutor.accessMainPhase(TestCaseExecutor.java:290)
	at com.kms.katalon.core.main.TestCaseExecutor.execute(TestCaseExecutor.java:224)
	at com.kms.katalon.core.main.TestSuiteExecutor.accessTestCaseMainPhase(TestSuiteExecutor.java:129)
	at com.kms.katalon.core.main.TestSuiteExecutor.accessTestSuiteMainPhase(TestSuiteExecutor.java:112)
	at com.kms.katalon.core.main.TestSuiteExecutor.execute(TestSuiteExecutor.java:81)
	at com.kms.katalon.core.main.TestCaseMain.startTestSuite(TestCaseMain.java:149)
	at com.kms.katalon.core.main.TestCaseMain$startTestSuite$0.call(Unknown Source)
	at TempTestSuite1559921811030.run(TempTestSuite1559921811030.groovy:36)


2019-06-07 12:13:45 - [MESSAGE][INFO] - Unable to find the element located by 'By.xpath: //div[@class='pagination--top']//a[@class='js-page-link'][contains(text(),'2')]'. Please recheck the objects properties to make sure the desired element is located. 

2019-06-07 12:13:45 - [MESSAGE][FAILED] - Unable to click on object 'Object Repository/OCS-DESKTOP/Pagination_OR/Page_Pre-Rolled  Ontario Cannabis S/a_2 - down' (Root cause: com.kms.katalon.core.webui.exception.WebElementNotFoundException: Web element with id: 'Object Repository/OCS-DESKTOP/Pagination_OR/Page_Pre-Rolled  Ontario Cannabis S/a_2 - down' located by 'By.xpath: //div[@class='pagination--top']//a[@class='js-page-link'][contains(text(),'2')]' not found)
[[ATTACHMENT|/Users/sumankompelly/Relative xpath-Desktop/Reports/OCS- 1.9.2.1/20190607_113651/1559924025192.png]]

2019-06-07 12:13:45 - [MESSAGE][FAILED] - click(findTestObject("OCS-DESKTOP/Pagination_OR/Page_Pre-Rolled  Ontario Cannabis S/a_2 - down")) FAILED.
Reason:
com.kms.katalon.core.exception.StepFailedException: Unable to click on object 'Object Repository/OCS-DESKTOP/Pagination_OR/Page_Pre-Rolled  Ontario Cannabis S/a_2 - down' (Root cause: com.kms.katalon.core.webui.exception.WebElementNotFoundException: Web element with id: 'Object Repository/OCS-DESKTOP/Pagination_OR/Page_Pre-Rolled  Ontario Cannabis S/a_2 - down' located by 'By.xpath: //div[@class='pagination--top']//a[@class='js-page-link'][contains(text(),'2')]' not found)
	at com.kms.katalon.core.keyword.internal.KeywordMain.stepFailed(KeywordMain.groovy:36)
	at com.kms.katalon.core.webui.keyword.internal.WebUIKeywordMain.stepFailed(WebUIKeywordMain.groovy:65)
	at com.kms.katalon.core.webui.keyword.internal.WebUIKeywordMain.runKeyword(WebUIKeywordMain.groovy:27)
	at com.kms.katalon.core.webui.keyword.builtin.ClickKeyword.click(ClickKeyword.groovy:86)
	at com.kms.katalon.core.webui.keyword.builtin.ClickKeyword.execute(ClickKeyword.groovy:67)
	at com.kms.katalon.core.keyword.internal.KeywordExecutor.executeKeywordForPlatform(KeywordExecutor.groovy:53)
	at com.kms.katalon.core.webui.keyword.WebUiBuiltInKeywords.click(WebUiBuiltInKeywords.groovy:616)
	at com.kms.katalon.core.webui.keyword.WebUiBuiltInKeywords$click$4.call(Unknown Source)
	at Pagination.run(Pagination:75)
	at com.kms.katalon.core.main.ScriptEngine.run(ScriptEngine.java:194)
	at com.kms.katalon.core.main.ScriptEngine.runScriptAsRawText(ScriptEngine.java:119)
	at com.kms.katalon.core.main.TestCaseExecutor.runScript(TestCaseExecutor.java:328)
	at com.kms.katalon.core.main.TestCaseExecutor.doExecute(TestCaseExecutor.java:319)
	at com.kms.katalon.core.main.TestCaseExecutor.processExecutionPhase(TestCaseExecutor.java:298)
	at com.kms.katalon.core.main.TestCaseExecutor.accessMainPhase(TestCaseExecutor.java:290)
	at com.kms.katalon.core.main.TestCaseExecutor.execute(TestCaseExecutor.java:224)
	at com.kms.katalon.core.main.TestSuiteExecutor.accessTestCaseMainPhase(TestSuiteExecutor.java:129)
	at com.kms.katalon.core.main.TestSuiteExecutor.accessTestSuiteMainPhase(TestSuiteExecutor.java:112)
	at com.kms.katalon.core.main.TestSuiteExecutor.execute(TestSuiteExecutor.java:81)
	at com.kms.katalon.core.main.TestCaseMain.startTestSuite(TestCaseMain.java:149)
	at com.kms.katalon.core.main.TestCaseMain$startTestSuite$0.call(Unknown Source)
	at TempTestSuite1559921811030.run(TempTestSuite1559921811030.groovy:36)]]></system-out>
         <system-err><![CDATA[2019-06-07 12:12:20 - [TEST_CASE][FAILED] - Test Cases/OCS - DESKTOP/OCS-COLLECTION PAGE/Pagination: Test Cases/OCS - DESKTOP/OCS-COLLECTION PAGE/Pagination FAILED.
Reason:
com.kms.katalon.core.exception.StepFailedException: Unable to click on object 'Object Repository/OCS-DESKTOP/Pagination_OR/Page_Pre-Rolled  Ontario Cannabis S/a_2 - down' (Root cause: com.kms.katalon.core.webui.exception.WebElementNotFoundException: Web element with id: 'Object Repository/OCS-DESKTOP/Pagination_OR/Page_Pre-Rolled  Ontario Cannabis S/a_2 - down' located by 'By.xpath: //div[@class='pagination--top']//a[@class='js-page-link'][contains(text(),'2')]' not found)
	at com.kms.katalon.core.keyword.internal.KeywordMain.stepFailed(KeywordMain.groovy:36)
	at com.kms.katalon.core.webui.keyword.internal.WebUIKeywordMain.stepFailed(WebUIKeywordMain.groovy:65)
	at com.kms.katalon.core.webui.keyword.internal.WebUIKeywordMain.runKeyword(WebUIKeywordMain.groovy:27)
	at com.kms.katalon.core.webui.keyword.builtin.ClickKeyword.click(ClickKeyword.groovy:86)
	at com.kms.katalon.core.webui.keyword.builtin.ClickKeyword.execute(ClickKeyword.groovy:67)
	at com.kms.katalon.core.keyword.internal.KeywordExecutor.executeKeywordForPlatform(KeywordExecutor.groovy:53)
	at com.kms.katalon.core.webui.keyword.WebUiBuiltInKeywords.click(WebUiBuiltInKeywords.groovy:616)
	at com.kms.katalon.core.webui.keyword.WebUiBuiltInKeywords$click$4.call(Unknown Source)
	at Pagination.run(Pagination:75)
	at com.kms.katalon.core.main.ScriptEngine.run(ScriptEngine.java:194)
	at com.kms.katalon.core.main.ScriptEngine.runScriptAsRawText(ScriptEngine.java:119)
	at com.kms.katalon.core.main.TestCaseExecutor.runScript(TestCaseExecutor.java:328)
	at com.kms.katalon.core.main.TestCaseExecutor.doExecute(TestCaseExecutor.java:319)
	at com.kms.katalon.core.main.TestCaseExecutor.processExecutionPhase(TestCaseExecutor.java:298)
	at com.kms.katalon.core.main.TestCaseExecutor.accessMainPhase(TestCaseExecutor.java:290)
	at com.kms.katalon.core.main.TestCaseExecutor.execute(TestCaseExecutor.java:224)
	at com.kms.katalon.core.main.TestSuiteExecutor.accessTestCaseMainPhase(TestSuiteExecutor.java:129)
	at com.kms.katalon.core.main.TestSuiteExecutor.accessTestSuiteMainPhase(TestSuiteExecutor.java:112)
	at com.kms.katalon.core.main.TestSuiteExecutor.execute(TestSuiteExecutor.java:81)
	at com.kms.katalon.core.main.TestCaseMain.startTestSuite(TestCaseMain.java:149)
	at com.kms.katalon.core.main.TestCaseMain$startTestSuite$0.call(Unknown Source)
	at TempTestSuite1559921811030.run(TempTestSuite1559921811030.groovy:36)]]></system-err>
      </testcase>
      <testcase name="Test Cases/OCS - DESKTOP/OCS-COLLECTION PAGE/What to consider" classname="Test Cases/OCS - DESKTOP/OCS-COLLECTION PAGE/What to consider" status="FAILED">
         <failure type="FAILED" message="Test Cases/OCS - DESKTOP/OCS-COLLECTION PAGE/What to consider FAILED.
Reason:
com.kms.katalon.core.exception.StepFailedException: Unable to click on object (Root cause: java.lang.IllegalArgumentException: Object is null)
	at com.kms.katalon.core.keyword.internal.KeywordMain.stepFailed(KeywordMain.groovy:36)
	at com.kms.katalon.core.webui.keyword.internal.WebUIKeywordMain.stepFailed(WebUIKeywordMain.groovy:65)
	at com.kms.katalon.core.webui.keyword.internal.WebUIKeywordMain.runKeyword(WebUIKeywordMain.groovy:27)
	at com.kms.katalon.core.webui.keyword.builtin.ClickKeyword.click(ClickKeyword.groovy:86)
	at com.kms.katalon.core.webui.keyword.builtin.ClickKeyword.execute(ClickKeyword.groovy:67)
	at com.kms.katalon.core.keyword.internal.KeywordExecutor.executeKeywordForPlatform(KeywordExecutor.groovy:53)
	at com.kms.katalon.core.webui.keyword.WebUiBuiltInKeywords.click(WebUiBuiltInKeywords.groovy:616)
	at com.kms.katalon.core.webui.keyword.WebUiBuiltInKeywords$click$4.call(Unknown Source)
	at What to consider.run(What to consider:20)
	at com.kms.katalon.core.main.ScriptEngine.run(ScriptEngine.java:194)
	at com.kms.katalon.core.main.ScriptEngine.runScriptAsRawText(ScriptEngine.java:119)
	at com.kms.katalon.core.main.TestCaseExecutor.runScript(TestCaseExecutor.java:328)
	at com.kms.katalon.core.main.TestCaseExecutor.doExecute(TestCaseExecutor.java:319)
	at com.kms.katalon.core.main.TestCaseExecutor.processExecutionPhase(TestCaseExecutor.java:298)
	at com.kms.katalon.core.main.TestCaseExecutor.accessMainPhase(TestCaseExecutor.java:290)
	at com.kms.katalon.core.main.TestCaseExecutor.execute(TestCaseExecutor.java:224)
	at com.kms.katalon.core.main.TestSuiteExecutor.accessTestCaseMainPhase(TestSuiteExecutor.java:129)
	at com.kms.katalon.core.main.TestSuiteExecutor.accessTestSuiteMainPhase(TestSuiteExecutor.java:112)
	at com.kms.katalon.core.main.TestSuiteExecutor.execute(TestSuiteExecutor.java:81)
	at com.kms.katalon.core.main.TestCaseMain.startTestSuite(TestCaseMain.java:149)
	at com.kms.katalon.core.main.TestCaseMain$startTestSuite$0.call(Unknown Source)
	at TempTestSuite1559921811030.run(TempTestSuite1559921811030.groovy:36)
"/>
         <system-out><![CDATA[2019-06-07 12:13:45 - [TEST_CASE][FAILED] - Test Cases/OCS - DESKTOP/OCS-COLLECTION PAGE/What to consider: Test Cases/OCS - DESKTOP/OCS-COLLECTION PAGE/What to consider FAILED.
Reason:
com.kms.katalon.core.exception.StepFailedException: Unable to click on object (Root cause: java.lang.IllegalArgumentException: Object is null)
	at com.kms.katalon.core.keyword.internal.KeywordMain.stepFailed(KeywordMain.groovy:36)
	at com.kms.katalon.core.webui.keyword.internal.WebUIKeywordMain.stepFailed(WebUIKeywordMain.groovy:65)
	at com.kms.katalon.core.webui.keyword.internal.WebUIKeywordMain.runKeyword(WebUIKeywordMain.groovy:27)
	at com.kms.katalon.core.webui.keyword.builtin.ClickKeyword.click(ClickKeyword.groovy:86)
	at com.kms.katalon.core.webui.keyword.builtin.ClickKeyword.execute(ClickKeyword.groovy:67)
	at com.kms.katalon.core.keyword.internal.KeywordExecutor.executeKeywordForPlatform(KeywordExecutor.groovy:53)
	at com.kms.katalon.core.webui.keyword.WebUiBuiltInKeywords.click(WebUiBuiltInKeywords.groovy:616)
	at com.kms.katalon.core.webui.keyword.WebUiBuiltInKeywords$click$4.call(Unknown Source)
	at What to consider.run(What to consider:20)
	at com.kms.katalon.core.main.ScriptEngine.run(ScriptEngine.java:194)
	at com.kms.katalon.core.main.ScriptEngine.runScriptAsRawText(ScriptEngine.java:119)
	at com.kms.katalon.core.main.TestCaseExecutor.runScript(TestCaseExecutor.java:328)
	at com.kms.katalon.core.main.TestCaseExecutor.doExecute(TestCaseExecutor.java:319)
	at com.kms.katalon.core.main.TestCaseExecutor.processExecutionPhase(TestCaseExecutor.java:298)
	at com.kms.katalon.core.main.TestCaseExecutor.accessMainPhase(TestCaseExecutor.java:290)
	at com.kms.katalon.core.main.TestCaseExecutor.execute(TestCaseExecutor.java:224)
	at com.kms.katalon.core.main.TestSuiteExecutor.accessTestCaseMainPhase(TestSuiteExecutor.java:129)
	at com.kms.katalon.core.main.TestSuiteExecutor.accessTestSuiteMainPhase(TestSuiteExecutor.java:112)
	at com.kms.katalon.core.main.TestSuiteExecutor.execute(TestSuiteExecutor.java:81)
	at com.kms.katalon.core.main.TestCaseMain.startTestSuite(TestCaseMain.java:149)
	at com.kms.katalon.core.main.TestCaseMain$startTestSuite$0.call(Unknown Source)
	at TempTestSuite1559921811030.run(TempTestSuite1559921811030.groovy:36)


2019-06-07 12:13:45 - [TEST_STEP][PASSED] - callTestCase(findTestCase("OCS - DESKTOP/CALL- Age gate"), [:], STOP_ON_FAILURE): Call Test Case 'Test Cases/OCS - DESKTOP/CALL- Age gate' successfully

2019-06-07 12:13:45 - [TEST_CASE][PASSED] - Test Cases/OCS - DESKTOP/CALL- Age gate: Test Cases/OCS - DESKTOP/CALL- Age gate

2019-06-07 12:13:45 - [TEST_STEP][PASSED] - openBrowser(""): Browser is opened with url: ''

2019-06-07 12:13:45 - [MESSAGE][WARNING] - A browser is already opened. Closing browser and opening a new one

2019-06-07 12:13:46 - [MESSAGE][INFO] - Starting 'Firefox' driver

2019-06-07 12:13:48 - [MESSAGE][PASSED] - Browser is opened with url: ''

2019-06-07 12:13:48 - [TEST_STEP][PASSED] - navigateToUrl("https://ocs.ca/?fts=0&preview_theme_id=72920074060"): Navigate to 'https://ocs.ca/?fts=0&preview_theme_id=72920074060' successfully

2019-06-07 12:13:52 - [MESSAGE][PASSED] - Navigate to 'https://ocs.ca/?fts=0&preview_theme_id=72920074060' successfully

2019-06-07 12:13:52 - [TEST_STEP][PASSED] - maximizeWindow(): Current window maximized

2019-06-07 12:13:52 - [MESSAGE][PASSED] - Current window maximized

2019-06-07 12:13:52 - [TEST_STEP][PASSED] - delay(2): Delayed 2 second(s)

2019-06-07 12:13:54 - [MESSAGE][PASSED] - Delayed 2 second(s)

2019-06-07 12:13:54 - [TEST_STEP][PASSED] - executeJavaScript("var previewBar = document.getElementById("preview-bar-iframe"); previewBar.style.display = "none";", []): Execute JavaScript 'var previewBar = document.getElementById("preview-bar-iframe"); previewBar.style.display = "none";' successfully

2019-06-07 12:13:54 - [MESSAGE][PASSED] - Execute JavaScript 'var previewBar = document.getElementById("preview-bar-iframe"); previewBar.style.display = "none";' successfully

2019-06-07 12:13:54 - [TEST_STEP][PASSED] - selectOptionByValue(findTestObject("OCS-DESKTOP/Age gate and Mega menu/Date"), "12", true): All options with value '12' are selected in object 'Object Repository/OCS-DESKTOP/Age gate and Mega menu/Date'  using regular expression

2019-06-07 12:13:55 - [MESSAGE][PASSED] - All options with value '12' are selected in object 'Object Repository/OCS-DESKTOP/Age gate and Mega menu/Date'  using regular expression

2019-06-07 12:13:55 - [TEST_STEP][PASSED] - selectOptionByValue(findTestObject("OCS-DESKTOP/Age gate and Mega menu/month"), "6", true): All options with value '6' are selected in object 'Object Repository/OCS-DESKTOP/Age gate and Mega menu/month'  using regular expression

2019-06-07 12:13:55 - [MESSAGE][PASSED] - All options with value '6' are selected in object 'Object Repository/OCS-DESKTOP/Age gate and Mega menu/month'  using regular expression

2019-06-07 12:13:55 - [TEST_STEP][PASSED] - delay(2): Delayed 2 second(s)

2019-06-07 12:13:57 - [MESSAGE][PASSED] - Delayed 2 second(s)

2019-06-07 12:13:57 - [TEST_STEP][PASSED] - selectOptionByValue(findTestObject("OCS-DESKTOP/Age gate and Mega menu/Year Dropdown"), "1990", true): All options with value '1990' are selected in object 'Object Repository/OCS-DESKTOP/Age gate and Mega menu/Year Dropdown'  using regular expression

2019-06-07 12:13:59 - [MESSAGE][PASSED] - All options with value '1990' are selected in object 'Object Repository/OCS-DESKTOP/Age gate and Mega menu/Year Dropdown'  using regular expression

2019-06-07 12:13:59 - [TEST_STEP][PASSED] - click(findTestObject("OCS-DESKTOP/Age gate and Mega menu/button_Verify")): Object: 'Object Repository/OCS-DESKTOP/Age gate and Mega menu/button_Verify' is clicked on

2019-06-07 12:13:59 - [MESSAGE][PASSED] - Object: 'Object Repository/OCS-DESKTOP/Age gate and Mega menu/button_Verify' is clicked on

2019-06-07 12:13:59 - [TEST_STEP][PASSED] - click(findTestObject("OCS-DESKTOP/Age gate and Mega menu/Checkbox_CONFIRM AND ACKNOWLEDGE")): Object: 'Object Repository/OCS-DESKTOP/Age gate and Mega menu/Checkbox_CONFIRM AND ACKNOWLEDGE' is clicked on

2019-06-07 12:13:59 - [MESSAGE][PASSED] - Object: 'Object Repository/OCS-DESKTOP/Age gate and Mega menu/Checkbox_CONFIRM AND ACKNOWLEDGE' is clicked on

2019-06-07 12:13:59 - [TEST_STEP][PASSED] - click(findTestObject("OCS-DESKTOP/Age gate and Mega menu/button_CONFIRM")): Object: 'Object Repository/OCS-DESKTOP/Age gate and Mega menu/button_CONFIRM' is clicked on

2019-06-07 12:14:00 - [MESSAGE][PASSED] - Object: 'Object Repository/OCS-DESKTOP/Age gate and Mega menu/button_CONFIRM' is clicked on

2019-06-07 12:14:00 - [TEST_STEP][PASSED] - click(findTestObject("OCS-DESKTOP/Age gate and Mega menu/button_Start Browsing")): Object: 'Object Repository/OCS-DESKTOP/Age gate and Mega menu/button_Start Browsing' is clicked on

2019-06-07 12:14:00 - [MESSAGE][PASSED] - Object: 'Object Repository/OCS-DESKTOP/Age gate and Mega menu/button_Start Browsing' is clicked on

2019-06-07 12:14:00 - [TEST_STEP][PASSED] - delay(2): Delayed 2 second(s)

2019-06-07 12:14:02 - [MESSAGE][PASSED] - Delayed 2 second(s)

2019-06-07 12:14:02 - [TEST_STEP][PASSED] - refresh(): Refresh successfully

2019-06-07 12:14:07 - [MESSAGE][PASSED] - Refresh successfully

2019-06-07 12:14:07 - [MESSAGE][PASSED] - Call Test Case 'Test Cases/OCS - DESKTOP/CALL- Age gate' successfully

2019-06-07 12:14:07 - [TEST_STEP][PASSED] - delay(2): Delayed 2 second(s)

2019-06-07 12:14:09 - [MESSAGE][PASSED] - Delayed 2 second(s)

2019-06-07 12:14:09 - [TEST_STEP][FAILED] - click(findTestObject("OCS-MOBILE /Age gate and burger menu/Burger menu - English")): click(findTestObject("OCS-MOBILE /Age gate and burger menu/Burger menu - English")) FAILED.
Reason:
com.kms.katalon.core.exception.StepFailedException: Unable to click on object (Root cause: java.lang.IllegalArgumentException: Object is null)
	at com.kms.katalon.core.keyword.internal.KeywordMain.stepFailed(KeywordMain.groovy:36)
	at com.kms.katalon.core.webui.keyword.internal.WebUIKeywordMain.stepFailed(WebUIKeywordMain.groovy:65)
	at com.kms.katalon.core.webui.keyword.internal.WebUIKeywordMain.runKeyword(WebUIKeywordMain.groovy:27)
	at com.kms.katalon.core.webui.keyword.builtin.ClickKeyword.click(ClickKeyword.groovy:86)
	at com.kms.katalon.core.webui.keyword.builtin.ClickKeyword.execute(ClickKeyword.groovy:67)
	at com.kms.katalon.core.keyword.internal.KeywordExecutor.executeKeywordForPlatform(KeywordExecutor.groovy:53)
	at com.kms.katalon.core.webui.keyword.WebUiBuiltInKeywords.click(WebUiBuiltInKeywords.groovy:616)
	at com.kms.katalon.core.webui.keyword.WebUiBuiltInKeywords$click$4.call(Unknown Source)
	at What to consider.run(What to consider:20)
	at com.kms.katalon.core.main.ScriptEngine.run(ScriptEngine.java:194)
	at com.kms.katalon.core.main.ScriptEngine.runScriptAsRawText(ScriptEngine.java:119)
	at com.kms.katalon.core.main.TestCaseExecutor.runScript(TestCaseExecutor.java:328)
	at com.kms.katalon.core.main.TestCaseExecutor.doExecute(TestCaseExecutor.java:319)
	at com.kms.katalon.core.main.TestCaseExecutor.processExecutionPhase(TestCaseExecutor.java:298)
	at com.kms.katalon.core.main.TestCaseExecutor.accessMainPhase(TestCaseExecutor.java:290)
	at com.kms.katalon.core.main.TestCaseExecutor.execute(TestCaseExecutor.java:224)
	at com.kms.katalon.core.main.TestSuiteExecutor.accessTestCaseMainPhase(TestSuiteExecutor.java:129)
	at com.kms.katalon.core.main.TestSuiteExecutor.accessTestSuiteMainPhase(TestSuiteExecutor.java:112)
	at com.kms.katalon.core.main.TestSuiteExecutor.execute(TestSuiteExecutor.java:81)
	at com.kms.katalon.core.main.TestCaseMain.startTestSuite(TestCaseMain.java:149)
	at com.kms.katalon.core.main.TestCaseMain$startTestSuite$0.call(Unknown Source)
	at TempTestSuite1559921811030.run(TempTestSuite1559921811030.groovy:36)


2019-06-07 12:14:09 - [MESSAGE][WARNING] - Test object with id 'Object Repository/OCS-MOBILE /Age gate and burger menu/Burger menu - English' does not exist

2019-06-07 12:14:09 - [MESSAGE][WARNING] - Test object with id 'Object Repository/' does not exist

2019-06-07 12:14:09 - [MESSAGE][FAILED] - Unable to click on object (Root cause: java.lang.IllegalArgumentException: Object is null)
[[ATTACHMENT|/Users/sumankompelly/Relative xpath-Desktop/Reports/OCS- 1.9.2.1/20190607_113651/1559924049276.png]]

2019-06-07 12:14:09 - [MESSAGE][FAILED] - click(findTestObject("OCS-MOBILE /Age gate and burger menu/Burger menu - English")) FAILED.
Reason:
com.kms.katalon.core.exception.StepFailedException: Unable to click on object (Root cause: java.lang.IllegalArgumentException: Object is null)
	at com.kms.katalon.core.keyword.internal.KeywordMain.stepFailed(KeywordMain.groovy:36)
	at com.kms.katalon.core.webui.keyword.internal.WebUIKeywordMain.stepFailed(WebUIKeywordMain.groovy:65)
	at com.kms.katalon.core.webui.keyword.internal.WebUIKeywordMain.runKeyword(WebUIKeywordMain.groovy:27)
	at com.kms.katalon.core.webui.keyword.builtin.ClickKeyword.click(ClickKeyword.groovy:86)
	at com.kms.katalon.core.webui.keyword.builtin.ClickKeyword.execute(ClickKeyword.groovy:67)
	at com.kms.katalon.core.keyword.internal.KeywordExecutor.executeKeywordForPlatform(KeywordExecutor.groovy:53)
	at com.kms.katalon.core.webui.keyword.WebUiBuiltInKeywords.click(WebUiBuiltInKeywords.groovy:616)
	at com.kms.katalon.core.webui.keyword.WebUiBuiltInKeywords$click$4.call(Unknown Source)
	at What to consider.run(What to consider:20)
	at com.kms.katalon.core.main.ScriptEngine.run(ScriptEngine.java:194)
	at com.kms.katalon.core.main.ScriptEngine.runScriptAsRawText(ScriptEngine.java:119)
	at com.kms.katalon.core.main.TestCaseExecutor.runScript(TestCaseExecutor.java:328)
	at com.kms.katalon.core.main.TestCaseExecutor.doExecute(TestCaseExecutor.java:319)
	at com.kms.katalon.core.main.TestCaseExecutor.processExecutionPhase(TestCaseExecutor.java:298)
	at com.kms.katalon.core.main.TestCaseExecutor.accessMainPhase(TestCaseExecutor.java:290)
	at com.kms.katalon.core.main.TestCaseExecutor.execute(TestCaseExecutor.java:224)
	at com.kms.katalon.core.main.TestSuiteExecutor.accessTestCaseMainPhase(TestSuiteExecutor.java:129)
	at com.kms.katalon.core.main.TestSuiteExecutor.accessTestSuiteMainPhase(TestSuiteExecutor.java:112)
	at com.kms.katalon.core.main.TestSuiteExecutor.execute(TestSuiteExecutor.java:81)
	at com.kms.katalon.core.main.TestCaseMain.startTestSuite(TestCaseMain.java:149)
	at com.kms.katalon.core.main.TestCaseMain$startTestSuite$0.call(Unknown Source)
	at TempTestSuite1559921811030.run(TempTestSuite1559921811030.groovy:36)]]></system-out>
         <system-err><![CDATA[2019-06-07 12:13:45 - [TEST_CASE][FAILED] - Test Cases/OCS - DESKTOP/OCS-COLLECTION PAGE/What to consider: Test Cases/OCS - DESKTOP/OCS-COLLECTION PAGE/What to consider FAILED.
Reason:
com.kms.katalon.core.exception.StepFailedException: Unable to click on object (Root cause: java.lang.IllegalArgumentException: Object is null)
	at com.kms.katalon.core.keyword.internal.KeywordMain.stepFailed(KeywordMain.groovy:36)
	at com.kms.katalon.core.webui.keyword.internal.WebUIKeywordMain.stepFailed(WebUIKeywordMain.groovy:65)
	at com.kms.katalon.core.webui.keyword.internal.WebUIKeywordMain.runKeyword(WebUIKeywordMain.groovy:27)
	at com.kms.katalon.core.webui.keyword.builtin.ClickKeyword.click(ClickKeyword.groovy:86)
	at com.kms.katalon.core.webui.keyword.builtin.ClickKeyword.execute(ClickKeyword.groovy:67)
	at com.kms.katalon.core.keyword.internal.KeywordExecutor.executeKeywordForPlatform(KeywordExecutor.groovy:53)
	at com.kms.katalon.core.webui.keyword.WebUiBuiltInKeywords.click(WebUiBuiltInKeywords.groovy:616)
	at com.kms.katalon.core.webui.keyword.WebUiBuiltInKeywords$click$4.call(Unknown Source)
	at What to consider.run(What to consider:20)
	at com.kms.katalon.core.main.ScriptEngine.run(ScriptEngine.java:194)
	at com.kms.katalon.core.main.ScriptEngine.runScriptAsRawText(ScriptEngine.java:119)
	at com.kms.katalon.core.main.TestCaseExecutor.runScript(TestCaseExecutor.java:328)
	at com.kms.katalon.core.main.TestCaseExecutor.doExecute(TestCaseExecutor.java:319)
	at com.kms.katalon.core.main.TestCaseExecutor.processExecutionPhase(TestCaseExecutor.java:298)
	at com.kms.katalon.core.main.TestCaseExecutor.accessMainPhase(TestCaseExecutor.java:290)
	at com.kms.katalon.core.main.TestCaseExecutor.execute(TestCaseExecutor.java:224)
	at com.kms.katalon.core.main.TestSuiteExecutor.accessTestCaseMainPhase(TestSuiteExecutor.java:129)
	at com.kms.katalon.core.main.TestSuiteExecutor.accessTestSuiteMainPhase(TestSuiteExecutor.java:112)
	at com.kms.katalon.core.main.TestSuiteExecutor.execute(TestSuiteExecutor.java:81)
	at com.kms.katalon.core.main.TestCaseMain.startTestSuite(TestCaseMain.java:149)
	at com.kms.katalon.core.main.TestCaseMain$startTestSuite$0.call(Unknown Source)
	at TempTestSuite1559921811030.run(TempTestSuite1559921811030.groovy:36)]]></system-err>
      </testcase>
      <system-out><![CDATA[2019-06-07 11:36:53 - [TEST_SUITE][FAILED] - OCS- 1.9.2.1: Test Cases/OCS - DESKTOP/OCS- CRITICAL PATH/Cart flyout-price comparison FAILED.
Reason:
com.kms.katalon.core.exception.StepFailedException: Unable to verify equal between actual object '70' and expected object '45.5' (Root cause: com.kms.katalon.core.exception.StepFailedException: Actual object '70' and expected object '45.5' are not equal)
	at com.kms.katalon.core.keyword.internal.KeywordMain.stepFailed(KeywordMain.groovy:36)
	at com.kms.katalon.core.keyword.internal.KeywordMain.stepFailed(KeywordMain.groovy)
	at com.kms.katalon.core.keyword.internal.KeywordMain.runKeyword(KeywordMain.groovy:56)
	at com.kms.katalon.core.keyword.builtin.VerifyEqualKeyword.verifyEqual(VerifyEqualKeyword.groovy:63)
	at com.kms.katalon.core.keyword.builtin.VerifyEqualKeyword.execute(VerifyEqualKeyword.groovy:44)
	at com.kms.katalon.core.keyword.internal.KeywordExecutor.executeKeywordForPlatform(KeywordExecutor.groovy:53)
	at com.kms.katalon.core.keyword.BuiltinKeywords.verifyEqual(BuiltinKeywords.groovy:141)
	at Cart flyout-price comparison.run(Cart flyout-price comparison:176)
	at com.kms.katalon.core.main.ScriptEngine.run(ScriptEngine.java:194)
	at com.kms.katalon.core.main.ScriptEngine.runScriptAsRawText(ScriptEngine.java:119)
	at com.kms.katalon.core.main.TestCaseExecutor.runScript(TestCaseExecutor.java:328)
	at com.kms.katalon.core.main.TestCaseExecutor.doExecute(TestCaseExecutor.java:319)
	at com.kms.katalon.core.main.TestCaseExecutor.processExecutionPhase(TestCaseExecutor.java:298)
	at com.kms.katalon.core.main.TestCaseExecutor.accessMainPhase(TestCaseExecutor.java:290)
	at com.kms.katalon.core.main.TestCaseExecutor.execute(TestCaseExecutor.java:224)
	at com.kms.katalon.core.main.TestSuiteExecutor.accessTestCaseMainPhase(TestSuiteExecutor.java:129)
	at com.kms.katalon.core.main.TestSuiteExecutor.accessTestSuiteMainPhase(TestSuiteExecutor.java:112)
	at com.kms.katalon.core.main.TestSuiteExecutor.execute(TestSuiteExecutor.java:81)
	at com.kms.katalon.core.main.TestCaseMain.startTestSuite(TestCaseMain.java:149)
	at com.kms.katalon.core.main.TestCaseMain$startTestSuite$0.call(Unknown Source)
	at TempTestSuite1559921811030.run(TempTestSuite1559921811030.groovy:36)]]></system-out>
      <system-err><![CDATA[2019-06-07 11:36:53 - [TEST_SUITE][FAILED] - OCS- 1.9.2.1: Test Cases/OCS - DESKTOP/OCS- CRITICAL PATH/Cart flyout-price comparison FAILED.
Reason:
com.kms.katalon.core.exception.StepFailedException: Unable to verify equal between actual object '70' and expected object '45.5' (Root cause: com.kms.katalon.core.exception.StepFailedException: Actual object '70' and expected object '45.5' are not equal)
	at com.kms.katalon.core.keyword.internal.KeywordMain.stepFailed(KeywordMain.groovy:36)
	at com.kms.katalon.core.keyword.internal.KeywordMain.stepFailed(KeywordMain.groovy)
	at com.kms.katalon.core.keyword.internal.KeywordMain.runKeyword(KeywordMain.groovy:56)
	at com.kms.katalon.core.keyword.builtin.VerifyEqualKeyword.verifyEqual(VerifyEqualKeyword.groovy:63)
	at com.kms.katalon.core.keyword.builtin.VerifyEqualKeyword.execute(VerifyEqualKeyword.groovy:44)
	at com.kms.katalon.core.keyword.internal.KeywordExecutor.executeKeywordForPlatform(KeywordExecutor.groovy:53)
	at com.kms.katalon.core.keyword.BuiltinKeywords.verifyEqual(BuiltinKeywords.groovy:141)
	at Cart flyout-price comparison.run(Cart flyout-price comparison:176)
	at com.kms.katalon.core.main.ScriptEngine.run(ScriptEngine.java:194)
	at com.kms.katalon.core.main.ScriptEngine.runScriptAsRawText(ScriptEngine.java:119)
	at com.kms.katalon.core.main.TestCaseExecutor.runScript(TestCaseExecutor.java:328)
	at com.kms.katalon.core.main.TestCaseExecutor.doExecute(TestCaseExecutor.java:319)
	at com.kms.katalon.core.main.TestCaseExecutor.processExecutionPhase(TestCaseExecutor.java:298)
	at com.kms.katalon.core.main.TestCaseExecutor.accessMainPhase(TestCaseExecutor.java:290)
	at com.kms.katalon.core.main.TestCaseExecutor.execute(TestCaseExecutor.java:224)
	at com.kms.katalon.core.main.TestSuiteExecutor.accessTestCaseMainPhase(TestSuiteExecutor.java:129)
	at com.kms.katalon.core.main.TestSuiteExecutor.accessTestSuiteMainPhase(TestSuiteExecutor.java:112)
	at com.kms.katalon.core.main.TestSuiteExecutor.execute(TestSuiteExecutor.java:81)
	at com.kms.katalon.core.main.TestCaseMain.startTestSuite(TestCaseMain.java:149)
	at com.kms.katalon.core.main.TestCaseMain$startTestSuite$0.call(Unknown Source)
	at TempTestSuite1559921811030.run(TempTestSuite1559921811030.groovy:36)]]></system-err>
   </testsuite>
</testsuites>
