<?xml version="1.0" encoding="UTF-8"?>
<testsuites name="1.11.2" time="4152" tests="35" failures="14" errors="3">
   <testsuite name="1.11.2" tests="35" failures="14" errors="3" time="4152" timestamp="2019-07-03 21:59:04" hostname="sumankompelly - 192.168.2.233" id="Test Suites/1.11.2">
      <properties>
         <property name="deviceName" value=""/>
         <property name="devicePlatform" value=""/>
         <property name="logFolder" value="/Users/sumankompelly/Relative xpath-Desktop/Reports/1.11.2/20190703_215901"/>
         <property name="logFiles" value="/Users/sumankompelly/Relative xpath-Desktop/Reports/1.11.2/20190703_215901/execution0.log"/>
         <property name="attachments" value="/Users/sumankompelly/Relative xpath-Desktop/Reports/1.11.2/20190703_215901/1562205607322.png, /Users/sumankompelly/Relative xpath-Desktop/Reports/1.11.2/20190703_215901/1562205735830.png, /Users/sumankompelly/Relative xpath-Desktop/Reports/1.11.2/20190703_215901/1562205888039.png, /Users/sumankompelly/Relative xpath-Desktop/Reports/1.11.2/20190703_215901/1562205890353.png, /Users/sumankompelly/Relative xpath-Desktop/Reports/1.11.2/20190703_215901/1562205923265.png, /Users/sumankompelly/Relative xpath-Desktop/Reports/1.11.2/20190703_215901/1562205969953.png, /Users/sumankompelly/Relative xpath-Desktop/Reports/1.11.2/20190703_215901/1562205999524.png, /Users/sumankompelly/Relative xpath-Desktop/Reports/1.11.2/20190703_215901/1562206009345.png, /Users/sumankompelly/Relative xpath-Desktop/Reports/1.11.2/20190703_215901/1562206579748.png, /Users/sumankompelly/Relative xpath-Desktop/Reports/1.11.2/20190703_215901/1562207095267.png, /Users/sumankompelly/Relative xpath-Desktop/Reports/1.11.2/20190703_215901/1562207238619.png, /Users/sumankompelly/Relative xpath-Desktop/Reports/1.11.2/20190703_215901/1562207608343.png, /Users/sumankompelly/Relative xpath-Desktop/Reports/1.11.2/20190703_215901/1562207658704.png, /Users/sumankompelly/Relative xpath-Desktop/Reports/1.11.2/20190703_215901/1562207906685.png, /Users/sumankompelly/Relative xpath-Desktop/Reports/1.11.2/20190703_215901/1562207984536.png, /Users/sumankompelly/Relative xpath-Desktop/Reports/1.11.2/20190703_215901/1562208180502.png, /Users/sumankompelly/Relative xpath-Desktop/Reports/1.11.2/20190703_215901/1562208408656.png, /Users/sumankompelly/Relative xpath-Desktop/Reports/1.11.2/20190703_215901/1562208546270.png, /Users/sumankompelly/Relative xpath-Desktop/Reports/1.11.2/20190703_215901/1562208666725.png, /Users/sumankompelly/Relative xpath-Desktop/Reports/1.11.2/20190703_215901/1562208669139.png, /Users/sumankompelly/Relative xpath-Desktop/Reports/1.11.2/20190703_215901/1562208671471.png, /Users/sumankompelly/Relative xpath-Desktop/Reports/1.11.2/20190703_215901/1562208673949.png, /Users/sumankompelly/Relative xpath-Desktop/Reports/1.11.2/20190703_215901/1562208677445.png, /Users/sumankompelly/Relative xpath-Desktop/Reports/1.11.2/20190703_215901/1562208680834.png, /Users/sumankompelly/Relative xpath-Desktop/Reports/1.11.2/20190703_215901/1562208684228.png, /Users/sumankompelly/Relative xpath-Desktop/Reports/1.11.2/20190703_215901/1562208687622.png, /Users/sumankompelly/Relative xpath-Desktop/Reports/1.11.2/20190703_215901/1562208691014.png, /Users/sumankompelly/Relative xpath-Desktop/Reports/1.11.2/20190703_215901/1562208823829.png, /Users/sumankompelly/Relative xpath-Desktop/Reports/1.11.2/20190703_215901/1562208828544.png, /Users/sumankompelly/Relative xpath-Desktop/Reports/1.11.2/20190703_215901/1562208835836.png, /Users/sumankompelly/Relative xpath-Desktop/Reports/1.11.2/20190703_215901/1562208840629.png, /Users/sumankompelly/Relative xpath-Desktop/Reports/1.11.2/20190703_215901/1562208845856.png, /Users/sumankompelly/Relative xpath-Desktop/Reports/1.11.2/20190703_215901/1562208850395.png, /Users/sumankompelly/Relative xpath-Desktop/Reports/1.11.2/20190703_215901/1562208859467.png, /Users/sumankompelly/Relative xpath-Desktop/Reports/1.11.2/20190703_215901/1562208864096.png, /Users/sumankompelly/Relative xpath-Desktop/Reports/1.11.2/20190703_215901/1562208953880.png, /Users/sumankompelly/Relative xpath-Desktop/Reports/1.11.2/20190703_215901/1562209023367.png, /Users/sumankompelly/Relative xpath-Desktop/Reports/1.11.2/20190703_215901/1562209329640.png, /Users/sumankompelly/Relative xpath-Desktop/Reports/1.11.2/20190703_215901/1562209436365.png, /Users/sumankompelly/Relative xpath-Desktop/Reports/1.11.2/20190703_215901/1562209487023.png, /Users/sumankompelly/Relative xpath-Desktop/Reports/1.11.2/20190703_215901/1562209521960.png, /Users/sumankompelly/Relative xpath-Desktop/Reports/1.11.2/20190703_215901/1562209560477.png, /Users/sumankompelly/Relative xpath-Desktop/Reports/1.11.2/20190703_215901/1562209591376.png, /Users/sumankompelly/Relative xpath-Desktop/Reports/1.11.2/20190703_215901/1562209622809.png, /Users/sumankompelly/Relative xpath-Desktop/Reports/1.11.2/20190703_215901/1562209623265.png, /Users/sumankompelly/Relative xpath-Desktop/Reports/1.11.2/20190703_215901/1562209654358.png, /Users/sumankompelly/Relative xpath-Desktop/Reports/1.11.2/20190703_215901/1562209684980.png, /Users/sumankompelly/Relative xpath-Desktop/Reports/1.11.2/20190703_215901/1562209689239.png"/>
         <property name="hostName" value="sumankompelly - 192.168.2.233"/>
         <property name="os" value="Mac OS X 64bit"/>
         <property name="katalonVersion" value="5.10.1.1"/>
         <property name="browser" value="Firefox 67.0"/>
         <property name="hostAddress" value="192.168.2.233"/>
         <property name="sessionId" value="4e893564-5f27-0b4d-a13a-03f892b1955b"/>
         <property name="seleniumVersion" value="3.7.1"/>
         <property name="proxyInformation" value="ProxyInformation{proxyOption=NO_PROXY, proxyServerType=HTTP, password=, proxyServerAddress=, proxyServerPort=0}"/>
         <property name="platform" value="Mac OS X"/>
      </properties>
      <testcase name="Test Cases/OCS - DESKTOP/OCS- CRITICAL PATH/Cart flyout- increase qty" classname="Test Cases/OCS - DESKTOP/OCS- CRITICAL PATH/Cart flyout- increase qty" status="ERROR">
         <error type="ERROR" message="Test Cases/OCS - DESKTOP/OCS- CRITICAL PATH/Cart flyout- increase qty FAILED.
Reason:
java.lang.StringIndexOutOfBoundsException: String index out of range: -1
	at java_lang_String$substring$0.call(Unknown Source)
	at Cart flyout- increase qty.run(Cart flyout- increase qty:54)
	at com.kms.katalon.core.main.ScriptEngine.run(ScriptEngine.java:194)
	at com.kms.katalon.core.main.ScriptEngine.runScriptAsRawText(ScriptEngine.java:119)
	at com.kms.katalon.core.main.TestCaseExecutor.runScript(TestCaseExecutor.java:328)
	at com.kms.katalon.core.main.TestCaseExecutor.doExecute(TestCaseExecutor.java:319)
	at com.kms.katalon.core.main.TestCaseExecutor.processExecutionPhase(TestCaseExecutor.java:298)
	at com.kms.katalon.core.main.TestCaseExecutor.accessMainPhase(TestCaseExecutor.java:290)
	at com.kms.katalon.core.main.TestCaseExecutor.execute(TestCaseExecutor.java:224)
	at com.kms.katalon.core.main.TestSuiteExecutor.accessTestCaseMainPhase(TestSuiteExecutor.java:129)
	at com.kms.katalon.core.main.TestSuiteExecutor.accessTestSuiteMainPhase(TestSuiteExecutor.java:112)
	at com.kms.katalon.core.main.TestSuiteExecutor.execute(TestSuiteExecutor.java:81)
	at com.kms.katalon.core.main.TestCaseMain.startTestSuite(TestCaseMain.java:149)
	at com.kms.katalon.core.main.TestCaseMain$startTestSuite$0.call(Unknown Source)
	at TempTestSuite1562205541804.run(TempTestSuite1562205541804.groovy:36)
"/>
         <system-out><![CDATA[2019-07-03 21:59:04 - [TEST_CASE][ERROR] - Test Cases/OCS - DESKTOP/OCS- CRITICAL PATH/Cart flyout- increase qty: Test Cases/OCS - DESKTOP/OCS- CRITICAL PATH/Cart flyout- increase qty FAILED.
Reason:
java.lang.StringIndexOutOfBoundsException: String index out of range: -1
	at java_lang_String$substring$0.call(Unknown Source)
	at Cart flyout- increase qty.run(Cart flyout- increase qty:54)
	at com.kms.katalon.core.main.ScriptEngine.run(ScriptEngine.java:194)
	at com.kms.katalon.core.main.ScriptEngine.runScriptAsRawText(ScriptEngine.java:119)
	at com.kms.katalon.core.main.TestCaseExecutor.runScript(TestCaseExecutor.java:328)
	at com.kms.katalon.core.main.TestCaseExecutor.doExecute(TestCaseExecutor.java:319)
	at com.kms.katalon.core.main.TestCaseExecutor.processExecutionPhase(TestCaseExecutor.java:298)
	at com.kms.katalon.core.main.TestCaseExecutor.accessMainPhase(TestCaseExecutor.java:290)
	at com.kms.katalon.core.main.TestCaseExecutor.execute(TestCaseExecutor.java:224)
	at com.kms.katalon.core.main.TestSuiteExecutor.accessTestCaseMainPhase(TestSuiteExecutor.java:129)
	at com.kms.katalon.core.main.TestSuiteExecutor.accessTestSuiteMainPhase(TestSuiteExecutor.java:112)
	at com.kms.katalon.core.main.TestSuiteExecutor.execute(TestSuiteExecutor.java:81)
	at com.kms.katalon.core.main.TestCaseMain.startTestSuite(TestCaseMain.java:149)
	at com.kms.katalon.core.main.TestCaseMain$startTestSuite$0.call(Unknown Source)
	at TempTestSuite1562205541804.run(TempTestSuite1562205541804.groovy:36)


2019-07-03 21:59:05 - [TEST_STEP][PASSED] - callTestCase(findTestCase("OCS - DESKTOP/CALL - Navigate to PDP"), [:], STOP_ON_FAILURE): Call Test Case 'Test Cases/OCS - DESKTOP/CALL - Navigate to PDP' successfully

2019-07-03 21:59:05 - [TEST_CASE][PASSED] - Test Cases/OCS - DESKTOP/CALL - Navigate to PDP: Test Cases/OCS - DESKTOP/CALL - Navigate to PDP

2019-07-03 21:59:05 - [TEST_STEP][PASSED] - openBrowser(""): Browser is opened with url: ''

2019-07-03 21:59:05 - [MESSAGE][INFO] - Starting 'Firefox' driver

2019-07-03 21:59:06 - [MESSAGE][INFO] - Action delay is set to 0 seconds

2019-07-03 21:59:09 - [MESSAGE][PASSED] - Browser is opened with url: ''

2019-07-03 21:59:09 - [TEST_STEP][PASSED] - maximizeWindow(): Current window maximized

2019-07-03 21:59:09 - [MESSAGE][PASSED] - Current window maximized

2019-07-03 21:59:09 - [TEST_STEP][PASSED] - navigateToUrl("https://ocs.ca/?fts=0&preview_theme_id=74203891532"): Navigate to 'https://ocs.ca/?fts=0&preview_theme_id=74203891532' successfully

2019-07-03 21:59:15 - [MESSAGE][PASSED] - Navigate to 'https://ocs.ca/?fts=0&preview_theme_id=74203891532' successfully

2019-07-03 21:59:15 - [TEST_STEP][PASSED] - executeJavaScript("var previewBar = document.getElementById("preview-bar-iframe"); previewBar.style.display = "none";", []): Execute JavaScript 'var previewBar = document.getElementById("preview-bar-iframe"); previewBar.style.display = "none";' successfully

2019-07-03 21:59:15 - [MESSAGE][PASSED] - Execute JavaScript 'var previewBar = document.getElementById("preview-bar-iframe"); previewBar.style.display = "none";' successfully

2019-07-03 21:59:15 - [TEST_STEP][PASSED] - delay(4): Delayed 4 second(s)

2019-07-03 21:59:19 - [MESSAGE][PASSED] - Delayed 4 second(s)

2019-07-03 21:59:19 - [TEST_STEP][PASSED] - selectOptionByValue(findTestObject("OCS-DESKTOP/Age gate and Mega menu/Date"), "12", true): All options with value '12' are selected in object 'Object Repository/OCS-DESKTOP/Age gate and Mega menu/Date'  using regular expression

2019-07-03 21:59:20 - [MESSAGE][PASSED] - All options with value '12' are selected in object 'Object Repository/OCS-DESKTOP/Age gate and Mega menu/Date'  using regular expression

2019-07-03 21:59:20 - [TEST_STEP][PASSED] - selectOptionByValue(findTestObject("OCS-DESKTOP/Age gate and Mega menu/month"), "6", true): All options with value '6' are selected in object 'Object Repository/OCS-DESKTOP/Age gate and Mega menu/month'  using regular expression

2019-07-03 21:59:20 - [MESSAGE][PASSED] - All options with value '6' are selected in object 'Object Repository/OCS-DESKTOP/Age gate and Mega menu/month'  using regular expression

2019-07-03 21:59:20 - [TEST_STEP][PASSED] - delay(2): Delayed 2 second(s)

2019-07-03 21:59:22 - [MESSAGE][PASSED] - Delayed 2 second(s)

2019-07-03 21:59:22 - [TEST_STEP][PASSED] - selectOptionByValue(findTestObject("OCS-DESKTOP/Age gate and Mega menu/Year Dropdown"), "1990", true): All options with value '1990' are selected in object 'Object Repository/OCS-DESKTOP/Age gate and Mega menu/Year Dropdown'  using regular expression

2019-07-03 21:59:24 - [MESSAGE][PASSED] - All options with value '1990' are selected in object 'Object Repository/OCS-DESKTOP/Age gate and Mega menu/Year Dropdown'  using regular expression

2019-07-03 21:59:24 - [TEST_STEP][PASSED] - click(findTestObject("OCS-DESKTOP/Age gate and Mega menu/button_Verify")): Object: 'Object Repository/OCS-DESKTOP/Age gate and Mega menu/button_Verify' is clicked on

2019-07-03 21:59:24 - [MESSAGE][PASSED] - Object: 'Object Repository/OCS-DESKTOP/Age gate and Mega menu/button_Verify' is clicked on

2019-07-03 21:59:24 - [TEST_STEP][PASSED] - click(findTestObject("OCS-DESKTOP/Age gate and Mega menu/Checkbox_CONFIRM AND ACKNOWLEDGE")): Object: 'Object Repository/OCS-DESKTOP/Age gate and Mega menu/Checkbox_CONFIRM AND ACKNOWLEDGE' is clicked on

2019-07-03 21:59:24 - [MESSAGE][PASSED] - Object: 'Object Repository/OCS-DESKTOP/Age gate and Mega menu/Checkbox_CONFIRM AND ACKNOWLEDGE' is clicked on

2019-07-03 21:59:24 - [TEST_STEP][PASSED] - click(findTestObject("OCS-DESKTOP/Age gate and Mega menu/button_CONFIRM")): Object: 'Object Repository/OCS-DESKTOP/Age gate and Mega menu/button_CONFIRM' is clicked on

2019-07-03 21:59:24 - [MESSAGE][PASSED] - Object: 'Object Repository/OCS-DESKTOP/Age gate and Mega menu/button_CONFIRM' is clicked on

2019-07-03 21:59:24 - [TEST_STEP][PASSED] - click(findTestObject("OCS-DESKTOP/Age gate and Mega menu/button_Start Browsing")): Object: 'Object Repository/OCS-DESKTOP/Age gate and Mega menu/button_Start Browsing' is clicked on

2019-07-03 21:59:25 - [MESSAGE][PASSED] - Object: 'Object Repository/OCS-DESKTOP/Age gate and Mega menu/button_Start Browsing' is clicked on

2019-07-03 21:59:25 - [TEST_STEP][PASSED] - delay(2): Delayed 2 second(s)

2019-07-03 21:59:27 - [MESSAGE][PASSED] - Delayed 2 second(s)

2019-07-03 21:59:27 - [TEST_STEP][PASSED] - navigateToUrl("https://ocs.ca/products/la-confidential"): Navigate to 'https://ocs.ca/products/la-confidential' successfully

2019-07-03 21:59:29 - [MESSAGE][PASSED] - Navigate to 'https://ocs.ca/products/la-confidential' successfully

2019-07-03 21:59:29 - [TEST_STEP][PASSED] - executeJavaScript("var previewBar = document.getElementById("preview-bar-iframe"); previewBar.style.display = "none";", []): Execute JavaScript 'var previewBar = document.getElementById("preview-bar-iframe"); previewBar.style.display = "none";' successfully

2019-07-03 21:59:29 - [MESSAGE][PASSED] - Execute JavaScript 'var previewBar = document.getElementById("preview-bar-iframe"); previewBar.style.display = "none";' successfully

2019-07-03 21:59:29 - [MESSAGE][PASSED] - Call Test Case 'Test Cases/OCS - DESKTOP/CALL - Navigate to PDP' successfully

2019-07-03 21:59:29 - [TEST_STEP][NOT_RUN] - scrollToElement(findTestObject("OCS-DESKTOP/Product page/Product image"), 1): NOT_RUN: scrollToElement(findTestObject("OCS-DESKTOP/Product page/Product image"), 1)

2019-07-03 21:59:29 - [MESSAGE][NOT_RUN] - NOT_RUN: scrollToElement(findTestObject("OCS-DESKTOP/Product page/Product image"), 1)

2019-07-03 21:59:29 - [TEST_STEP][PASSED] - delay(2): Delayed 2 second(s)

2019-07-03 21:59:31 - [MESSAGE][PASSED] - Delayed 2 second(s)

2019-07-03 21:59:31 - [TEST_STEP][PASSED] - flag = verifyElementPresent(findTestObject("OCS-DESKTOP/Product page/Swatch_3.5g"), 0): Object 'Object Repository/OCS-DESKTOP/Product page/Swatch_3.5g' is present

2019-07-03 21:59:31 - [MESSAGE][WARNING] - Timeout '0' is invalid. Using default page load timeout: '30'

2019-07-03 21:59:31 - [MESSAGE][PASSED] - Object 'Object Repository/OCS-DESKTOP/Product page/Swatch_3.5g' is present

2019-07-03 21:59:31 - [TEST_STEP][PASSED] - comment(" flag =" + flag):  flag =true

2019-07-03 21:59:31 - [MESSAGE][INFO] -  flag =true

2019-07-03 21:59:31 - [TEST_STEP][ERROR] - if (flag == true): if (flag == true) FAILED.
Reason:
java.lang.StringIndexOutOfBoundsException: String index out of range: -1
	at java_lang_String$substring$0.call(Unknown Source)
	at Cart flyout- increase qty.run(Cart flyout- increase qty:54)
	at com.kms.katalon.core.main.ScriptEngine.run(ScriptEngine.java:194)
	at com.kms.katalon.core.main.ScriptEngine.runScriptAsRawText(ScriptEngine.java:119)
	at com.kms.katalon.core.main.TestCaseExecutor.runScript(TestCaseExecutor.java:328)
	at com.kms.katalon.core.main.TestCaseExecutor.doExecute(TestCaseExecutor.java:319)
	at com.kms.katalon.core.main.TestCaseExecutor.processExecutionPhase(TestCaseExecutor.java:298)
	at com.kms.katalon.core.main.TestCaseExecutor.accessMainPhase(TestCaseExecutor.java:290)
	at com.kms.katalon.core.main.TestCaseExecutor.execute(TestCaseExecutor.java:224)
	at com.kms.katalon.core.main.TestSuiteExecutor.accessTestCaseMainPhase(TestSuiteExecutor.java:129)
	at com.kms.katalon.core.main.TestSuiteExecutor.accessTestSuiteMainPhase(TestSuiteExecutor.java:112)
	at com.kms.katalon.core.main.TestSuiteExecutor.execute(TestSuiteExecutor.java:81)
	at com.kms.katalon.core.main.TestCaseMain.startTestSuite(TestCaseMain.java:149)
	at com.kms.katalon.core.main.TestCaseMain$startTestSuite$0.call(Unknown Source)
	at TempTestSuite1562205541804.run(TempTestSuite1562205541804.groovy:36)


2019-07-03 21:59:31 - [TEST_STEP][PASSED] - click(findTestObject("OCS-DESKTOP/Product page/Swatch_3.5g")): Object: 'Object Repository/OCS-DESKTOP/Product page/Swatch_3.5g' is clicked on

2019-07-03 21:59:31 - [MESSAGE][PASSED] - Object: 'Object Repository/OCS-DESKTOP/Product page/Swatch_3.5g' is clicked on

2019-07-03 21:59:31 - [TEST_STEP][PASSED] - delay(2): Delayed 2 second(s)

2019-07-03 21:59:33 - [MESSAGE][PASSED] - Delayed 2 second(s)

2019-07-03 21:59:33 - [TEST_STEP][PASSED] - click(findTestObject("OCS-DESKTOP/Product page/Quantity Increase - Button")): Object: 'Object Repository/OCS-DESKTOP/Product page/Quantity Increase - Button' is clicked on

2019-07-03 21:59:33 - [MESSAGE][PASSED] - Object: 'Object Repository/OCS-DESKTOP/Product page/Quantity Increase - Button' is clicked on

2019-07-03 21:59:33 - [TEST_STEP][PASSED] - delay(2): Delayed 2 second(s)

2019-07-03 21:59:35 - [MESSAGE][PASSED] - Delayed 2 second(s)

2019-07-03 21:59:35 - [TEST_STEP][PASSED] - click(findTestObject("OCS-DESKTOP/Product page/Add to Bag-button")): Object: 'Object Repository/OCS-DESKTOP/Product page/Add to Bag-button' is clicked on

2019-07-03 21:59:36 - [MESSAGE][PASSED] - Object: 'Object Repository/OCS-DESKTOP/Product page/Add to Bag-button' is clicked on

2019-07-03 21:59:36 - [TEST_STEP][PASSED] - delay(1): Delayed 1 second(s)

2019-07-03 21:59:37 - [MESSAGE][PASSED] - Delayed 1 second(s)

2019-07-03 21:59:37 - [TEST_STEP][PASSED] - click(findTestObject("OCS-DESKTOP/Home - page/Cart icon -bag"), OPTIONAL): Object: 'Object Repository/OCS-DESKTOP/Home - page/Cart icon -bag' is clicked on

2019-07-03 21:59:37 - [MESSAGE][PASSED] - Object: 'Object Repository/OCS-DESKTOP/Home - page/Cart icon -bag' is clicked on

2019-07-03 21:59:37 - [TEST_STEP][NOT_RUN] - click(findTestObject("OCS-DESKTOP/Cart flyout/Quantity increase - Product")): NOT_RUN: click(findTestObject("OCS-DESKTOP/Cart flyout/Quantity increase - Product"))

2019-07-03 21:59:37 - [MESSAGE][NOT_RUN] - NOT_RUN: click(findTestObject("OCS-DESKTOP/Cart flyout/Quantity increase - Product"))

2019-07-03 21:59:37 - [TEST_STEP][PASSED] - delay(1): Delayed 1 second(s)

2019-07-03 21:59:38 - [MESSAGE][PASSED] - Delayed 1 second(s)

2019-07-03 21:59:38 - [TEST_STEP][NOT_RUN] - click(findTestObject("OCS-DESKTOP/Cart flyout/Quantity increase - Product")): NOT_RUN: click(findTestObject("OCS-DESKTOP/Cart flyout/Quantity increase - Product"))

2019-07-03 21:59:38 - [MESSAGE][NOT_RUN] - NOT_RUN: click(findTestObject("OCS-DESKTOP/Cart flyout/Quantity increase - Product"))

2019-07-03 21:59:38 - [TEST_STEP][PASSED] - delay(2): Delayed 2 second(s)

2019-07-03 21:59:40 - [MESSAGE][PASSED] - Delayed 2 second(s)

2019-07-03 21:59:40 - [TEST_STEP][PASSED] - a = getText(findTestObject("OCS-DESKTOP/Cart flyout/Unit price - Product")): Text of object 'Object Repository/OCS-DESKTOP/Cart flyout/Unit price - Product' is: ''

2019-07-03 21:59:40 - [MESSAGE][PASSED] - Text of object 'Object Repository/OCS-DESKTOP/Cart flyout/Unit price - Product' is: ''

2019-07-03 21:59:40 - [TEST_STEP][PASSED] - comment(a): 

2019-07-03 21:59:40 - [MESSAGE][INFO] - 

2019-07-03 21:59:40 - [TEST_STEP][ERROR] - b = a.substring(1): if (flag == true) FAILED.
Reason:
java.lang.StringIndexOutOfBoundsException: String index out of range: -1
	at java_lang_String$substring$0.call(Unknown Source)
	at Cart flyout- increase qty.run(Cart flyout- increase qty:54)
	at com.kms.katalon.core.main.ScriptEngine.run(ScriptEngine.java:194)
	at com.kms.katalon.core.main.ScriptEngine.runScriptAsRawText(ScriptEngine.java:119)
	at com.kms.katalon.core.main.TestCaseExecutor.runScript(TestCaseExecutor.java:328)
	at com.kms.katalon.core.main.TestCaseExecutor.doExecute(TestCaseExecutor.java:319)
	at com.kms.katalon.core.main.TestCaseExecutor.processExecutionPhase(TestCaseExecutor.java:298)
	at com.kms.katalon.core.main.TestCaseExecutor.accessMainPhase(TestCaseExecutor.java:290)
	at com.kms.katalon.core.main.TestCaseExecutor.execute(TestCaseExecutor.java:224)
	at com.kms.katalon.core.main.TestSuiteExecutor.accessTestCaseMainPhase(TestSuiteExecutor.java:129)
	at com.kms.katalon.core.main.TestSuiteExecutor.accessTestSuiteMainPhase(TestSuiteExecutor.java:112)
	at com.kms.katalon.core.main.TestSuiteExecutor.execute(TestSuiteExecutor.java:81)
	at com.kms.katalon.core.main.TestCaseMain.startTestSuite(TestCaseMain.java:149)
	at com.kms.katalon.core.main.TestCaseMain$startTestSuite$0.call(Unknown Source)
	at TempTestSuite1562205541804.run(TempTestSuite1562205541804.groovy:36)


2019-07-03 21:59:40 - [MESSAGE][ERROR] - if (flag == true) FAILED.
Reason:
java.lang.StringIndexOutOfBoundsException: String index out of range: -1
	at java_lang_String$substring$0.call(Unknown Source)
	at Cart flyout- increase qty.run(Cart flyout- increase qty:54)
	at com.kms.katalon.core.main.ScriptEngine.run(ScriptEngine.java:194)
	at com.kms.katalon.core.main.ScriptEngine.runScriptAsRawText(ScriptEngine.java:119)
	at com.kms.katalon.core.main.TestCaseExecutor.runScript(TestCaseExecutor.java:328)
	at com.kms.katalon.core.main.TestCaseExecutor.doExecute(TestCaseExecutor.java:319)
	at com.kms.katalon.core.main.TestCaseExecutor.processExecutionPhase(TestCaseExecutor.java:298)
	at com.kms.katalon.core.main.TestCaseExecutor.accessMainPhase(TestCaseExecutor.java:290)
	at com.kms.katalon.core.main.TestCaseExecutor.execute(TestCaseExecutor.java:224)
	at com.kms.katalon.core.main.TestSuiteExecutor.accessTestCaseMainPhase(TestSuiteExecutor.java:129)
	at com.kms.katalon.core.main.TestSuiteExecutor.accessTestSuiteMainPhase(TestSuiteExecutor.java:112)
	at com.kms.katalon.core.main.TestSuiteExecutor.execute(TestSuiteExecutor.java:81)
	at com.kms.katalon.core.main.TestCaseMain.startTestSuite(TestCaseMain.java:149)
	at com.kms.katalon.core.main.TestCaseMain$startTestSuite$0.call(Unknown Source)
	at TempTestSuite1562205541804.run(TempTestSuite1562205541804.groovy:36)]]></system-out>
         <system-err><![CDATA[2019-07-03 21:59:04 - [TEST_CASE][ERROR] - Test Cases/OCS - DESKTOP/OCS- CRITICAL PATH/Cart flyout- increase qty: Test Cases/OCS - DESKTOP/OCS- CRITICAL PATH/Cart flyout- increase qty FAILED.
Reason:
java.lang.StringIndexOutOfBoundsException: String index out of range: -1
	at java_lang_String$substring$0.call(Unknown Source)
	at Cart flyout- increase qty.run(Cart flyout- increase qty:54)
	at com.kms.katalon.core.main.ScriptEngine.run(ScriptEngine.java:194)
	at com.kms.katalon.core.main.ScriptEngine.runScriptAsRawText(ScriptEngine.java:119)
	at com.kms.katalon.core.main.TestCaseExecutor.runScript(TestCaseExecutor.java:328)
	at com.kms.katalon.core.main.TestCaseExecutor.doExecute(TestCaseExecutor.java:319)
	at com.kms.katalon.core.main.TestCaseExecutor.processExecutionPhase(TestCaseExecutor.java:298)
	at com.kms.katalon.core.main.TestCaseExecutor.accessMainPhase(TestCaseExecutor.java:290)
	at com.kms.katalon.core.main.TestCaseExecutor.execute(TestCaseExecutor.java:224)
	at com.kms.katalon.core.main.TestSuiteExecutor.accessTestCaseMainPhase(TestSuiteExecutor.java:129)
	at com.kms.katalon.core.main.TestSuiteExecutor.accessTestSuiteMainPhase(TestSuiteExecutor.java:112)
	at com.kms.katalon.core.main.TestSuiteExecutor.execute(TestSuiteExecutor.java:81)
	at com.kms.katalon.core.main.TestCaseMain.startTestSuite(TestCaseMain.java:149)
	at com.kms.katalon.core.main.TestCaseMain$startTestSuite$0.call(Unknown Source)
	at TempTestSuite1562205541804.run(TempTestSuite1562205541804.groovy:36)]]></system-err>
      </testcase>
      <testcase name="Test Cases/OCS - DESKTOP/OCS- CRITICAL PATH/Cart flyout- decrease qty" classname="Test Cases/OCS - DESKTOP/OCS- CRITICAL PATH/Cart flyout- decrease qty" status="PASSED">
         <system-out><![CDATA[2019-07-03 21:59:40 - [TEST_CASE][PASSED] - Test Cases/OCS - DESKTOP/OCS- CRITICAL PATH/Cart flyout- decrease qty: Test Cases/OCS - DESKTOP/OCS- CRITICAL PATH/Cart flyout- decrease qty

2019-07-03 21:59:40 - [TEST_STEP][PASSED] - callTestCase(findTestCase("OCS - DESKTOP/CALL - Navigate to PDP"), [:], STOP_ON_FAILURE): Call Test Case 'Test Cases/OCS - DESKTOP/CALL - Navigate to PDP' successfully

2019-07-03 21:59:40 - [TEST_CASE][PASSED] - Test Cases/OCS - DESKTOP/CALL - Navigate to PDP: Test Cases/OCS - DESKTOP/CALL - Navigate to PDP

2019-07-03 21:59:40 - [TEST_STEP][PASSED] - openBrowser(""): Browser is opened with url: ''

2019-07-03 21:59:40 - [MESSAGE][WARNING] - A browser is already opened. Closing browser and opening a new one

2019-07-03 21:59:41 - [MESSAGE][INFO] - Starting 'Firefox' driver

2019-07-03 21:59:44 - [MESSAGE][PASSED] - Browser is opened with url: ''

2019-07-03 21:59:44 - [TEST_STEP][PASSED] - maximizeWindow(): Current window maximized

2019-07-03 21:59:44 - [MESSAGE][PASSED] - Current window maximized

2019-07-03 21:59:44 - [TEST_STEP][PASSED] - navigateToUrl("https://ocs.ca/?fts=0&preview_theme_id=74203891532"): Navigate to 'https://ocs.ca/?fts=0&preview_theme_id=74203891532' successfully

2019-07-03 21:59:49 - [MESSAGE][PASSED] - Navigate to 'https://ocs.ca/?fts=0&preview_theme_id=74203891532' successfully

2019-07-03 21:59:49 - [TEST_STEP][PASSED] - executeJavaScript("var previewBar = document.getElementById("preview-bar-iframe"); previewBar.style.display = "none";", []): Execute JavaScript 'var previewBar = document.getElementById("preview-bar-iframe"); previewBar.style.display = "none";' successfully

2019-07-03 21:59:49 - [MESSAGE][PASSED] - Execute JavaScript 'var previewBar = document.getElementById("preview-bar-iframe"); previewBar.style.display = "none";' successfully

2019-07-03 21:59:49 - [TEST_STEP][PASSED] - delay(4): Delayed 4 second(s)

2019-07-03 21:59:53 - [MESSAGE][PASSED] - Delayed 4 second(s)

2019-07-03 21:59:53 - [TEST_STEP][PASSED] - selectOptionByValue(findTestObject("OCS-DESKTOP/Age gate and Mega menu/Date"), "12", true): All options with value '12' are selected in object 'Object Repository/OCS-DESKTOP/Age gate and Mega menu/Date'  using regular expression

2019-07-03 21:59:54 - [MESSAGE][PASSED] - All options with value '12' are selected in object 'Object Repository/OCS-DESKTOP/Age gate and Mega menu/Date'  using regular expression

2019-07-03 21:59:54 - [TEST_STEP][PASSED] - selectOptionByValue(findTestObject("OCS-DESKTOP/Age gate and Mega menu/month"), "6", true): All options with value '6' are selected in object 'Object Repository/OCS-DESKTOP/Age gate and Mega menu/month'  using regular expression

2019-07-03 21:59:55 - [MESSAGE][PASSED] - All options with value '6' are selected in object 'Object Repository/OCS-DESKTOP/Age gate and Mega menu/month'  using regular expression

2019-07-03 21:59:55 - [TEST_STEP][PASSED] - delay(2): Delayed 2 second(s)

2019-07-03 21:59:57 - [MESSAGE][PASSED] - Delayed 2 second(s)

2019-07-03 21:59:57 - [TEST_STEP][PASSED] - selectOptionByValue(findTestObject("OCS-DESKTOP/Age gate and Mega menu/Year Dropdown"), "1990", true): All options with value '1990' are selected in object 'Object Repository/OCS-DESKTOP/Age gate and Mega menu/Year Dropdown'  using regular expression

2019-07-03 21:59:58 - [MESSAGE][PASSED] - All options with value '1990' are selected in object 'Object Repository/OCS-DESKTOP/Age gate and Mega menu/Year Dropdown'  using regular expression

2019-07-03 21:59:58 - [TEST_STEP][PASSED] - click(findTestObject("OCS-DESKTOP/Age gate and Mega menu/button_Verify")): Object: 'Object Repository/OCS-DESKTOP/Age gate and Mega menu/button_Verify' is clicked on

2019-07-03 21:59:58 - [MESSAGE][PASSED] - Object: 'Object Repository/OCS-DESKTOP/Age gate and Mega menu/button_Verify' is clicked on

2019-07-03 21:59:58 - [TEST_STEP][PASSED] - click(findTestObject("OCS-DESKTOP/Age gate and Mega menu/Checkbox_CONFIRM AND ACKNOWLEDGE")): Object: 'Object Repository/OCS-DESKTOP/Age gate and Mega menu/Checkbox_CONFIRM AND ACKNOWLEDGE' is clicked on

2019-07-03 21:59:59 - [MESSAGE][PASSED] - Object: 'Object Repository/OCS-DESKTOP/Age gate and Mega menu/Checkbox_CONFIRM AND ACKNOWLEDGE' is clicked on

2019-07-03 21:59:59 - [TEST_STEP][PASSED] - click(findTestObject("OCS-DESKTOP/Age gate and Mega menu/button_CONFIRM")): Object: 'Object Repository/OCS-DESKTOP/Age gate and Mega menu/button_CONFIRM' is clicked on

2019-07-03 21:59:59 - [MESSAGE][PASSED] - Object: 'Object Repository/OCS-DESKTOP/Age gate and Mega menu/button_CONFIRM' is clicked on

2019-07-03 21:59:59 - [TEST_STEP][PASSED] - click(findTestObject("OCS-DESKTOP/Age gate and Mega menu/button_Start Browsing")): Object: 'Object Repository/OCS-DESKTOP/Age gate and Mega menu/button_Start Browsing' is clicked on

2019-07-03 21:59:59 - [MESSAGE][PASSED] - Object: 'Object Repository/OCS-DESKTOP/Age gate and Mega menu/button_Start Browsing' is clicked on

2019-07-03 21:59:59 - [TEST_STEP][PASSED] - delay(2): Delayed 2 second(s)

2019-07-03 22:00:01 - [MESSAGE][PASSED] - Delayed 2 second(s)

2019-07-03 22:00:01 - [TEST_STEP][PASSED] - navigateToUrl("https://ocs.ca/products/la-confidential"): Navigate to 'https://ocs.ca/products/la-confidential' successfully

2019-07-03 22:00:04 - [MESSAGE][PASSED] - Navigate to 'https://ocs.ca/products/la-confidential' successfully

2019-07-03 22:00:04 - [TEST_STEP][PASSED] - executeJavaScript("var previewBar = document.getElementById("preview-bar-iframe"); previewBar.style.display = "none";", []): Execute JavaScript 'var previewBar = document.getElementById("preview-bar-iframe"); previewBar.style.display = "none";' successfully

2019-07-03 22:00:04 - [MESSAGE][PASSED] - Execute JavaScript 'var previewBar = document.getElementById("preview-bar-iframe"); previewBar.style.display = "none";' successfully

2019-07-03 22:00:04 - [MESSAGE][PASSED] - Call Test Case 'Test Cases/OCS - DESKTOP/CALL - Navigate to PDP' successfully

2019-07-03 22:00:04 - [TEST_STEP][NOT_RUN] - scrollToElement(findTestObject("OCS-DESKTOP/Product page/Product image"), 1): NOT_RUN: scrollToElement(findTestObject("OCS-DESKTOP/Product page/Product image"), 1)

2019-07-03 22:00:04 - [MESSAGE][NOT_RUN] - NOT_RUN: scrollToElement(findTestObject("OCS-DESKTOP/Product page/Product image"), 1)

2019-07-03 22:00:04 - [TEST_STEP][PASSED] - delay(2): Delayed 2 second(s)

2019-07-03 22:00:06 - [MESSAGE][PASSED] - Delayed 2 second(s)

2019-07-03 22:00:06 - [TEST_STEP][PASSED] - executeJavaScript("var previewBar = document.getElementById("preview-bar-iframe"); previewBar.style.display = "none";", []): Execute JavaScript 'var previewBar = document.getElementById("preview-bar-iframe"); previewBar.style.display = "none";' successfully

2019-07-03 22:00:06 - [MESSAGE][PASSED] - Execute JavaScript 'var previewBar = document.getElementById("preview-bar-iframe"); previewBar.style.display = "none";' successfully

2019-07-03 22:00:06 - [TEST_STEP][PASSED] - flag = verifyElementPresent(findTestObject("OCS-DESKTOP/Product page/Swatch_1g"), 0): Object 'Object Repository/OCS-DESKTOP/Product page/Swatch_1g' is present

2019-07-03 22:00:06 - [MESSAGE][WARNING] - Timeout '0' is invalid. Using default page load timeout: '30'

2019-07-03 22:00:07 - [MESSAGE][PASSED] - Object 'Object Repository/OCS-DESKTOP/Product page/Swatch_1g' is present

2019-07-03 22:00:07 - [TEST_STEP][PASSED] - click(findTestObject("OCS-DESKTOP/Product page/Swatch_1g")): Object: 'Object Repository/OCS-DESKTOP/Product page/Swatch_1g' is clicked on

2019-07-03 22:00:07 - [MESSAGE][PASSED] - Object: 'Object Repository/OCS-DESKTOP/Product page/Swatch_1g' is clicked on

2019-07-03 22:00:07 - [TEST_STEP][PASSED] - takeScreenshot(): Taking screenshot successfully

2019-07-03 22:00:07 - [MESSAGE][PASSED] - Taking screenshot successfully
[[ATTACHMENT|/Users/sumankompelly/Relative xpath-Desktop/Reports/1.11.2/20190703_215901/1562205607322.png]]

2019-07-03 22:00:07 - [TEST_STEP][PASSED] - comment(" flag =" + flag):  flag =true

2019-07-03 22:00:07 - [MESSAGE][INFO] -  flag =true

2019-07-03 22:00:07 - [TEST_STEP][PASSED] - if (flag == true):  Sub-total Price changed . Quantity selector is working

2019-07-03 22:00:07 - [TEST_STEP][PASSED] - delay(2): Delayed 2 second(s)

2019-07-03 22:00:09 - [MESSAGE][PASSED] - Delayed 2 second(s)

2019-07-03 22:00:09 - [TEST_STEP][NOT_RUN] - click(findTestObject("OCS-DESKTOP/Product page/Quantity Increase - Button")): NOT_RUN: click(findTestObject("OCS-DESKTOP/Product page/Quantity Increase - Button"))

2019-07-03 22:00:09 - [MESSAGE][NOT_RUN] - NOT_RUN: click(findTestObject("OCS-DESKTOP/Product page/Quantity Increase - Button"))

2019-07-03 22:00:09 - [TEST_STEP][PASSED] - delay(1): Delayed 1 second(s)

2019-07-03 22:00:10 - [MESSAGE][PASSED] - Delayed 1 second(s)

2019-07-03 22:00:10 - [TEST_STEP][PASSED] - click(findTestObject("OCS-DESKTOP/Product page/Quantity Increase - Button")): Object: 'Object Repository/OCS-DESKTOP/Product page/Quantity Increase - Button' is clicked on

2019-07-03 22:00:10 - [MESSAGE][PASSED] - Object: 'Object Repository/OCS-DESKTOP/Product page/Quantity Increase - Button' is clicked on

2019-07-03 22:00:10 - [TEST_STEP][PASSED] - delay(1): Delayed 1 second(s)

2019-07-03 22:00:11 - [MESSAGE][PASSED] - Delayed 1 second(s)

2019-07-03 22:00:11 - [TEST_STEP][PASSED] - click(findTestObject("OCS-DESKTOP/Product page/Quantity Increase - Button")): Object: 'Object Repository/OCS-DESKTOP/Product page/Quantity Increase - Button' is clicked on

2019-07-03 22:00:12 - [MESSAGE][PASSED] - Object: 'Object Repository/OCS-DESKTOP/Product page/Quantity Increase - Button' is clicked on

2019-07-03 22:00:12 - [TEST_STEP][PASSED] - delay(1): Delayed 1 second(s)

2019-07-03 22:00:13 - [MESSAGE][PASSED] - Delayed 1 second(s)

2019-07-03 22:00:13 - [TEST_STEP][PASSED] - click(findTestObject("OCS-DESKTOP/Product page/Quantity Increase - Button")): Object: 'Object Repository/OCS-DESKTOP/Product page/Quantity Increase - Button' is clicked on

2019-07-03 22:00:13 - [MESSAGE][PASSED] - Object: 'Object Repository/OCS-DESKTOP/Product page/Quantity Increase - Button' is clicked on

2019-07-03 22:00:13 - [TEST_STEP][PASSED] - delay(1): Delayed 1 second(s)

2019-07-03 22:00:14 - [MESSAGE][PASSED] - Delayed 1 second(s)

2019-07-03 22:00:14 - [TEST_STEP][PASSED] - click(findTestObject("OCS-DESKTOP/Product page/Quantity Increase - Button")): Object: 'Object Repository/OCS-DESKTOP/Product page/Quantity Increase - Button' is clicked on

2019-07-03 22:00:14 - [MESSAGE][PASSED] - Object: 'Object Repository/OCS-DESKTOP/Product page/Quantity Increase - Button' is clicked on

2019-07-03 22:00:14 - [TEST_STEP][PASSED] - delay(2): Delayed 2 second(s)

2019-07-03 22:00:16 - [MESSAGE][PASSED] - Delayed 2 second(s)

2019-07-03 22:00:16 - [TEST_STEP][PASSED] - click(findTestObject("OCS-DESKTOP/Product page/Add to Bag-button")): Object: 'Object Repository/OCS-DESKTOP/Product page/Add to Bag-button' is clicked on

2019-07-03 22:00:16 - [MESSAGE][PASSED] - Object: 'Object Repository/OCS-DESKTOP/Product page/Add to Bag-button' is clicked on

2019-07-03 22:00:16 - [TEST_STEP][PASSED] - delay(1): Delayed 1 second(s)

2019-07-03 22:00:17 - [MESSAGE][PASSED] - Delayed 1 second(s)

2019-07-03 22:00:17 - [TEST_STEP][PASSED] - click(findTestObject("OCS-DESKTOP/Home - page/Cart icon -bag"), OPTIONAL): Object: 'Object Repository/OCS-DESKTOP/Home - page/Cart icon -bag' is clicked on

2019-07-03 22:00:18 - [MESSAGE][PASSED] - Object: 'Object Repository/OCS-DESKTOP/Home - page/Cart icon -bag' is clicked on

2019-07-03 22:00:18 - [TEST_STEP][NOT_RUN] - click(findTestObject("OCS-DESKTOP/Cart flyout/Quantity decrease - Product")): NOT_RUN: click(findTestObject("OCS-DESKTOP/Cart flyout/Quantity decrease - Product"))

2019-07-03 22:00:18 - [MESSAGE][NOT_RUN] - NOT_RUN: click(findTestObject("OCS-DESKTOP/Cart flyout/Quantity decrease - Product"))

2019-07-03 22:00:18 - [TEST_STEP][PASSED] - delay(2): Delayed 2 second(s)

2019-07-03 22:00:20 - [MESSAGE][PASSED] - Delayed 2 second(s)

2019-07-03 22:00:20 - [TEST_STEP][PASSED] - a = getText(findTestObject("OCS-DESKTOP/Cart flyout/Unit price - Product")): Text of object 'Object Repository/OCS-DESKTOP/Cart flyout/Unit price - Product' is: '$52.50'

2019-07-03 22:00:20 - [MESSAGE][PASSED] - Text of object 'Object Repository/OCS-DESKTOP/Cart flyout/Unit price - Product' is: '$52.50'

2019-07-03 22:00:20 - [TEST_STEP][PASSED] - comment(a): $52.50

2019-07-03 22:00:20 - [MESSAGE][INFO] - $52.50

2019-07-03 22:00:20 - [TEST_STEP][PASSED] - b = a.substring(1): null

2019-07-03 22:00:20 - [TEST_STEP][PASSED] - comment(b): 52.50

2019-07-03 22:00:20 - [MESSAGE][INFO] - 52.50

2019-07-03 22:00:20 - [TEST_STEP][PASSED] - click(findTestObject("OCS-DESKTOP/Cart flyout/input_-_updates")): Object: 'Object Repository/OCS-DESKTOP/Cart flyout/input_-_updates' is clicked on

2019-07-03 22:00:20 - [MESSAGE][PASSED] - Object: 'Object Repository/OCS-DESKTOP/Cart flyout/input_-_updates' is clicked on

2019-07-03 22:00:20 - [TEST_STEP][PASSED] - setText(findTestObject("OCS-DESKTOP/Cart flyout/input_-_updates"), Keys.chord(CLEAR)): Text 'CLEAR + ' is set on object 'Object Repository/OCS-DESKTOP/Cart flyout/input_-_updates'

2019-07-03 22:00:20 - [MESSAGE][PASSED] - Text 'CLEAR + ' is set on object 'Object Repository/OCS-DESKTOP/Cart flyout/input_-_updates'

2019-07-03 22:00:20 - [TEST_STEP][PASSED] - delay(1): Delayed 1 second(s)

2019-07-03 22:00:21 - [MESSAGE][PASSED] - Delayed 1 second(s)

2019-07-03 22:00:21 - [TEST_STEP][PASSED] - setText(findTestObject("OCS-DESKTOP/Cart flyout/input_-_updates"), "10"): Text '10' is set on object 'Object Repository/OCS-DESKTOP/Cart flyout/input_-_updates'

2019-07-03 22:00:21 - [MESSAGE][PASSED] - Text '10' is set on object 'Object Repository/OCS-DESKTOP/Cart flyout/input_-_updates'

2019-07-03 22:00:21 - [TEST_STEP][PASSED] - delay(2): Delayed 2 second(s)

2019-07-03 22:00:23 - [MESSAGE][PASSED] - Delayed 2 second(s)

2019-07-03 22:00:23 - [TEST_STEP][PASSED] - click(findTestObject("OCS-DESKTOP/Cart flyout/Quantity decrease - Product")): Object: 'Object Repository/OCS-DESKTOP/Cart flyout/Quantity decrease - Product' is clicked on

2019-07-03 22:00:23 - [MESSAGE][PASSED] - Object: 'Object Repository/OCS-DESKTOP/Cart flyout/Quantity decrease - Product' is clicked on

2019-07-03 22:00:23 - [TEST_STEP][PASSED] - delay(1): Delayed 1 second(s)

2019-07-03 22:00:24 - [MESSAGE][PASSED] - Delayed 1 second(s)

2019-07-03 22:00:24 - [TEST_STEP][PASSED] - click(findTestObject("OCS-DESKTOP/Cart flyout/Quantity decrease - Product")): Object: 'Object Repository/OCS-DESKTOP/Cart flyout/Quantity decrease - Product' is clicked on

2019-07-03 22:00:25 - [MESSAGE][PASSED] - Object: 'Object Repository/OCS-DESKTOP/Cart flyout/Quantity decrease - Product' is clicked on

2019-07-03 22:00:25 - [TEST_STEP][PASSED] - delay(1): Delayed 1 second(s)

2019-07-03 22:00:26 - [MESSAGE][PASSED] - Delayed 1 second(s)

2019-07-03 22:00:26 - [TEST_STEP][PASSED] - click(findTestObject("OCS-DESKTOP/Cart flyout/Quantity decrease - Product")): Object: 'Object Repository/OCS-DESKTOP/Cart flyout/Quantity decrease - Product' is clicked on

2019-07-03 22:00:26 - [MESSAGE][PASSED] - Object: 'Object Repository/OCS-DESKTOP/Cart flyout/Quantity decrease - Product' is clicked on

2019-07-03 22:00:26 - [TEST_STEP][PASSED] - delay(5): Delayed 5 second(s)

2019-07-03 22:00:31 - [MESSAGE][PASSED] - Delayed 5 second(s)

2019-07-03 22:00:31 - [TEST_STEP][PASSED] - c = getText(findTestObject("OCS-DESKTOP/Cart flyout/Sub-total Price")): Text of object 'Object Repository/OCS-DESKTOP/Cart flyout/Sub-total Price' is: '$10.50'

2019-07-03 22:00:31 - [MESSAGE][PASSED] - Text of object 'Object Repository/OCS-DESKTOP/Cart flyout/Sub-total Price' is: '$10.50'

2019-07-03 22:00:31 - [TEST_STEP][PASSED] - comment(c): $10.50

2019-07-03 22:00:31 - [MESSAGE][INFO] - $10.50

2019-07-03 22:00:31 - [TEST_STEP][PASSED] - d = c.substring(1): null

2019-07-03 22:00:31 - [TEST_STEP][PASSED] - comment(d): 10.50

2019-07-03 22:00:31 - [MESSAGE][INFO] - 10.50

2019-07-03 22:00:31 - [TEST_STEP][PASSED] - verifyNotEqual("b", "d"): Actual object 'b' and expected object 'd' are not equal

2019-07-03 22:00:31 - [MESSAGE][PASSED] - Actual object 'b' and expected object 'd' are not equal

2019-07-03 22:00:31 - [TEST_STEP][PASSED] - comment(" Sub-total Price changed . Quantity selector is working"):  Sub-total Price changed . Quantity selector is working

2019-07-03 22:00:31 - [MESSAGE][INFO] -  Sub-total Price changed . Quantity selector is working]]></system-out>
         <system-err><![CDATA[]]></system-err>
      </testcase>
      <testcase name="Test Cases/OCS - DESKTOP/OCS- CRITICAL PATH/Checkout- Payment" classname="Test Cases/OCS - DESKTOP/OCS- CRITICAL PATH/Checkout- Payment" status="FAILED">
         <failure type="FAILED" message="Test Cases/OCS - DESKTOP/OCS- CRITICAL PATH/Checkout- Payment FAILED.
Reason:
com.kms.katalon.core.exception.StepFailedException: Unable to click on object 'Object Repository/OCS-DESKTOP/Cart page/cart page-Checkbox_I confirm that' (Root cause: org.openqa.selenium.ElementNotInteractableException: Element &lt;label> could not be scrolled into view
Build info: version: '3.7.1', revision: '8a0099a', time: '2017-11-06T21:07:36.161Z'
System info: host: 'sumans-MacBook-Pro.local', ip: 'fe80:0:0:0:10b5:ab76:5e8b:ef36%en0', os.name: 'Mac OS X', os.arch: 'x86_64', os.version: '10.13.6', java.version: '1.8.0_181'
Driver info: com.kms.katalon.core.webui.driver.firefox.CGeckoDriver
Capabilities {acceptInsecureCerts: true, browserName: firefox, browserVersion: 67.0.4, javascriptEnabled: true, moz:accessibilityChecks: false, moz:buildID: 20190619235627, moz:geckodriverVersion: 0.23.0, moz:headless: false, moz:processID: 488, moz:profile: /var/folders/1t/c55l8xzs6gq..., moz:shutdownTimeout: 60000, moz:useNonSpecCompliantPointerOrigin: false, moz:webdriverClick: true, pageLoadStrategy: normal, platform: MAC, platformName: MAC, platformVersion: 17.7.0, proxy: Proxy(direct), rotatable: false, setWindowRect: true, strictFileInteractability: false, timeouts: {implicit: 0, pageLoad: 300000, script: 30000}, unhandledPromptBehavior: dismiss and notify}
Session ID: c2cfb4a2-ffb2-e444-ab79-896fa284bb47)
	at com.kms.katalon.core.keyword.internal.KeywordMain.stepFailed(KeywordMain.groovy:36)
	at com.kms.katalon.core.webui.keyword.internal.WebUIKeywordMain.stepFailed(WebUIKeywordMain.groovy:65)
	at com.kms.katalon.core.webui.keyword.internal.WebUIKeywordMain.runKeyword(WebUIKeywordMain.groovy:27)
	at com.kms.katalon.core.webui.keyword.builtin.ClickKeyword.click(ClickKeyword.groovy:86)
	at com.kms.katalon.core.webui.keyword.builtin.ClickKeyword.execute(ClickKeyword.groovy:67)
	at com.kms.katalon.core.keyword.internal.KeywordExecutor.executeKeywordForPlatform(KeywordExecutor.groovy:53)
	at com.kms.katalon.core.webui.keyword.WebUiBuiltInKeywords.click(WebUiBuiltInKeywords.groovy:616)
	at com.kms.katalon.core.webui.keyword.WebUiBuiltInKeywords$click$4.call(Unknown Source)
	at Checkout- Payment.run(Checkout- Payment:166)
	at com.kms.katalon.core.main.ScriptEngine.run(ScriptEngine.java:194)
	at com.kms.katalon.core.main.ScriptEngine.runScriptAsRawText(ScriptEngine.java:119)
	at com.kms.katalon.core.main.TestCaseExecutor.runScript(TestCaseExecutor.java:328)
	at com.kms.katalon.core.main.TestCaseExecutor.doExecute(TestCaseExecutor.java:319)
	at com.kms.katalon.core.main.TestCaseExecutor.processExecutionPhase(TestCaseExecutor.java:298)
	at com.kms.katalon.core.main.TestCaseExecutor.accessMainPhase(TestCaseExecutor.java:290)
	at com.kms.katalon.core.main.TestCaseExecutor.execute(TestCaseExecutor.java:224)
	at com.kms.katalon.core.main.TestSuiteExecutor.accessTestCaseMainPhase(TestSuiteExecutor.java:129)
	at com.kms.katalon.core.main.TestSuiteExecutor.accessTestSuiteMainPhase(TestSuiteExecutor.java:112)
	at com.kms.katalon.core.main.TestSuiteExecutor.execute(TestSuiteExecutor.java:81)
	at com.kms.katalon.core.main.TestCaseMain.startTestSuite(TestCaseMain.java:149)
	at com.kms.katalon.core.main.TestCaseMain$startTestSuite$0.call(Unknown Source)
	at TempTestSuite1562205541804.run(TempTestSuite1562205541804.groovy:36)
"/>
         <system-out><![CDATA[2019-07-03 22:00:31 - [TEST_CASE][FAILED] - Test Cases/OCS - DESKTOP/OCS- CRITICAL PATH/Checkout- Payment: Test Cases/OCS - DESKTOP/OCS- CRITICAL PATH/Checkout- Payment FAILED.
Reason:
com.kms.katalon.core.exception.StepFailedException: Unable to click on object 'Object Repository/OCS-DESKTOP/Cart page/cart page-Checkbox_I confirm that' (Root cause: org.openqa.selenium.ElementNotInteractableException: Element <label> could not be scrolled into view
Build info: version: '3.7.1', revision: '8a0099a', time: '2017-11-06T21:07:36.161Z'
System info: host: 'sumans-MacBook-Pro.local', ip: 'fe80:0:0:0:10b5:ab76:5e8b:ef36%en0', os.name: 'Mac OS X', os.arch: 'x86_64', os.version: '10.13.6', java.version: '1.8.0_181'
Driver info: com.kms.katalon.core.webui.driver.firefox.CGeckoDriver
Capabilities {acceptInsecureCerts: true, browserName: firefox, browserVersion: 67.0.4, javascriptEnabled: true, moz:accessibilityChecks: false, moz:buildID: 20190619235627, moz:geckodriverVersion: 0.23.0, moz:headless: false, moz:processID: 488, moz:profile: /var/folders/1t/c55l8xzs6gq..., moz:shutdownTimeout: 60000, moz:useNonSpecCompliantPointerOrigin: false, moz:webdriverClick: true, pageLoadStrategy: normal, platform: MAC, platformName: MAC, platformVersion: 17.7.0, proxy: Proxy(direct), rotatable: false, setWindowRect: true, strictFileInteractability: false, timeouts: {implicit: 0, pageLoad: 300000, script: 30000}, unhandledPromptBehavior: dismiss and notify}
Session ID: c2cfb4a2-ffb2-e444-ab79-896fa284bb47)
	at com.kms.katalon.core.keyword.internal.KeywordMain.stepFailed(KeywordMain.groovy:36)
	at com.kms.katalon.core.webui.keyword.internal.WebUIKeywordMain.stepFailed(WebUIKeywordMain.groovy:65)
	at com.kms.katalon.core.webui.keyword.internal.WebUIKeywordMain.runKeyword(WebUIKeywordMain.groovy:27)
	at com.kms.katalon.core.webui.keyword.builtin.ClickKeyword.click(ClickKeyword.groovy:86)
	at com.kms.katalon.core.webui.keyword.builtin.ClickKeyword.execute(ClickKeyword.groovy:67)
	at com.kms.katalon.core.keyword.internal.KeywordExecutor.executeKeywordForPlatform(KeywordExecutor.groovy:53)
	at com.kms.katalon.core.webui.keyword.WebUiBuiltInKeywords.click(WebUiBuiltInKeywords.groovy:616)
	at com.kms.katalon.core.webui.keyword.WebUiBuiltInKeywords$click$4.call(Unknown Source)
	at Checkout- Payment.run(Checkout- Payment:166)
	at com.kms.katalon.core.main.ScriptEngine.run(ScriptEngine.java:194)
	at com.kms.katalon.core.main.ScriptEngine.runScriptAsRawText(ScriptEngine.java:119)
	at com.kms.katalon.core.main.TestCaseExecutor.runScript(TestCaseExecutor.java:328)
	at com.kms.katalon.core.main.TestCaseExecutor.doExecute(TestCaseExecutor.java:319)
	at com.kms.katalon.core.main.TestCaseExecutor.processExecutionPhase(TestCaseExecutor.java:298)
	at com.kms.katalon.core.main.TestCaseExecutor.accessMainPhase(TestCaseExecutor.java:290)
	at com.kms.katalon.core.main.TestCaseExecutor.execute(TestCaseExecutor.java:224)
	at com.kms.katalon.core.main.TestSuiteExecutor.accessTestCaseMainPhase(TestSuiteExecutor.java:129)
	at com.kms.katalon.core.main.TestSuiteExecutor.accessTestSuiteMainPhase(TestSuiteExecutor.java:112)
	at com.kms.katalon.core.main.TestSuiteExecutor.execute(TestSuiteExecutor.java:81)
	at com.kms.katalon.core.main.TestCaseMain.startTestSuite(TestCaseMain.java:149)
	at com.kms.katalon.core.main.TestCaseMain$startTestSuite$0.call(Unknown Source)
	at TempTestSuite1562205541804.run(TempTestSuite1562205541804.groovy:36)


2019-07-03 22:00:31 - [TEST_STEP][PASSED] - callTestCase(findTestCase("OCS - DESKTOP/CALL- Age gate"), [:], STOP_ON_FAILURE): Call Test Case 'Test Cases/OCS - DESKTOP/CALL- Age gate' successfully

2019-07-03 22:00:31 - [TEST_CASE][PASSED] - Test Cases/OCS - DESKTOP/CALL- Age gate: Test Cases/OCS - DESKTOP/CALL- Age gate

2019-07-03 22:00:31 - [TEST_STEP][PASSED] - openBrowser(""): Browser is opened with url: ''

2019-07-03 22:00:31 - [MESSAGE][WARNING] - A browser is already opened. Closing browser and opening a new one

2019-07-03 22:00:32 - [MESSAGE][INFO] - Starting 'Firefox' driver

2019-07-03 22:00:34 - [MESSAGE][PASSED] - Browser is opened with url: ''

2019-07-03 22:00:34 - [TEST_STEP][PASSED] - navigateToUrl("https://ocs.ca/?fts=0&preview_theme_id=74203891532"): Navigate to 'https://ocs.ca/?fts=0&preview_theme_id=74203891532' successfully

2019-07-03 22:00:41 - [MESSAGE][PASSED] - Navigate to 'https://ocs.ca/?fts=0&preview_theme_id=74203891532' successfully

2019-07-03 22:00:41 - [TEST_STEP][PASSED] - maximizeWindow(): Current window maximized

2019-07-03 22:00:41 - [MESSAGE][PASSED] - Current window maximized

2019-07-03 22:00:41 - [TEST_STEP][PASSED] - delay(2): Delayed 2 second(s)

2019-07-03 22:00:43 - [MESSAGE][PASSED] - Delayed 2 second(s)

2019-07-03 22:00:43 - [TEST_STEP][PASSED] - executeJavaScript("var previewBar = document.getElementById("preview-bar-iframe"); previewBar.style.display = "none";", []): Execute JavaScript 'var previewBar = document.getElementById("preview-bar-iframe"); previewBar.style.display = "none";' successfully

2019-07-03 22:00:43 - [MESSAGE][PASSED] - Execute JavaScript 'var previewBar = document.getElementById("preview-bar-iframe"); previewBar.style.display = "none";' successfully

2019-07-03 22:00:43 - [TEST_STEP][PASSED] - selectOptionByValue(findTestObject("OCS-DESKTOP/Age gate and Mega menu/Date"), "12", true): All options with value '12' are selected in object 'Object Repository/OCS-DESKTOP/Age gate and Mega menu/Date'  using regular expression

2019-07-03 22:00:44 - [MESSAGE][PASSED] - All options with value '12' are selected in object 'Object Repository/OCS-DESKTOP/Age gate and Mega menu/Date'  using regular expression

2019-07-03 22:00:44 - [TEST_STEP][PASSED] - selectOptionByValue(findTestObject("OCS-DESKTOP/Age gate and Mega menu/month"), "6", true): All options with value '6' are selected in object 'Object Repository/OCS-DESKTOP/Age gate and Mega menu/month'  using regular expression

2019-07-03 22:00:45 - [MESSAGE][PASSED] - All options with value '6' are selected in object 'Object Repository/OCS-DESKTOP/Age gate and Mega menu/month'  using regular expression

2019-07-03 22:00:45 - [TEST_STEP][PASSED] - delay(2): Delayed 2 second(s)

2019-07-03 22:00:47 - [MESSAGE][PASSED] - Delayed 2 second(s)

2019-07-03 22:00:47 - [TEST_STEP][PASSED] - selectOptionByValue(findTestObject("OCS-DESKTOP/Age gate and Mega menu/Year Dropdown"), "1990", true): All options with value '1990' are selected in object 'Object Repository/OCS-DESKTOP/Age gate and Mega menu/Year Dropdown'  using regular expression

2019-07-03 22:00:48 - [MESSAGE][PASSED] - All options with value '1990' are selected in object 'Object Repository/OCS-DESKTOP/Age gate and Mega menu/Year Dropdown'  using regular expression

2019-07-03 22:00:48 - [TEST_STEP][PASSED] - click(findTestObject("OCS-DESKTOP/Age gate and Mega menu/button_Verify")): Object: 'Object Repository/OCS-DESKTOP/Age gate and Mega menu/button_Verify' is clicked on

2019-07-03 22:00:48 - [MESSAGE][PASSED] - Object: 'Object Repository/OCS-DESKTOP/Age gate and Mega menu/button_Verify' is clicked on

2019-07-03 22:00:48 - [TEST_STEP][PASSED] - click(findTestObject("OCS-DESKTOP/Age gate and Mega menu/Checkbox_CONFIRM AND ACKNOWLEDGE")): Object: 'Object Repository/OCS-DESKTOP/Age gate and Mega menu/Checkbox_CONFIRM AND ACKNOWLEDGE' is clicked on

2019-07-03 22:00:48 - [MESSAGE][PASSED] - Object: 'Object Repository/OCS-DESKTOP/Age gate and Mega menu/Checkbox_CONFIRM AND ACKNOWLEDGE' is clicked on

2019-07-03 22:00:48 - [TEST_STEP][PASSED] - click(findTestObject("OCS-DESKTOP/Age gate and Mega menu/button_CONFIRM")): Object: 'Object Repository/OCS-DESKTOP/Age gate and Mega menu/button_CONFIRM' is clicked on

2019-07-03 22:00:49 - [MESSAGE][PASSED] - Object: 'Object Repository/OCS-DESKTOP/Age gate and Mega menu/button_CONFIRM' is clicked on

2019-07-03 22:00:49 - [TEST_STEP][PASSED] - click(findTestObject("OCS-DESKTOP/Age gate and Mega menu/button_Start Browsing")): Object: 'Object Repository/OCS-DESKTOP/Age gate and Mega menu/button_Start Browsing' is clicked on

2019-07-03 22:00:49 - [MESSAGE][PASSED] - Object: 'Object Repository/OCS-DESKTOP/Age gate and Mega menu/button_Start Browsing' is clicked on

2019-07-03 22:00:49 - [TEST_STEP][PASSED] - delay(2): Delayed 2 second(s)

2019-07-03 22:00:51 - [MESSAGE][PASSED] - Delayed 2 second(s)

2019-07-03 22:00:51 - [TEST_STEP][PASSED] - refresh(): Refresh successfully

2019-07-03 22:00:55 - [MESSAGE][PASSED] - Refresh successfully

2019-07-03 22:00:55 - [MESSAGE][PASSED] - Call Test Case 'Test Cases/OCS - DESKTOP/CALL- Age gate' successfully

2019-07-03 22:00:55 - [TEST_STEP][PASSED] - click(findTestObject("OCS-DESKTOP/Age gate and Mega menu/Header/CANNABIS menu - English")): Object: 'Object Repository/OCS-DESKTOP/Age gate and Mega menu/Header/CANNABIS menu - English' is clicked on

2019-07-03 22:00:55 - [MESSAGE][PASSED] - Object: 'Object Repository/OCS-DESKTOP/Age gate and Mega menu/Header/CANNABIS menu - English' is clicked on

2019-07-03 22:00:55 - [TEST_STEP][PASSED] - delay(2): Delayed 2 second(s)

2019-07-03 22:00:57 - [MESSAGE][PASSED] - Delayed 2 second(s)

2019-07-03 22:00:57 - [TEST_STEP][PASSED] - click(findTestObject("OCS-DESKTOP/Age gate and Mega menu/Indica Dominant_Menu item")): Object: 'Object Repository/OCS-DESKTOP/Age gate and Mega menu/Indica Dominant_Menu item' is clicked on

2019-07-03 22:01:00 - [MESSAGE][PASSED] - Object: 'Object Repository/OCS-DESKTOP/Age gate and Mega menu/Indica Dominant_Menu item' is clicked on

2019-07-03 22:01:00 - [TEST_STEP][PASSED] - executeJavaScript("var previewBar = document.getElementById("preview-bar-iframe"); previewBar.style.display = "none";", []): Execute JavaScript 'var previewBar = document.getElementById("preview-bar-iframe"); previewBar.style.display = "none";' successfully

2019-07-03 22:01:00 - [MESSAGE][PASSED] - Execute JavaScript 'var previewBar = document.getElementById("preview-bar-iframe"); previewBar.style.display = "none";' successfully

2019-07-03 22:01:00 - [TEST_STEP][PASSED] - delay(2): Delayed 2 second(s)

2019-07-03 22:01:02 - [MESSAGE][PASSED] - Delayed 2 second(s)

2019-07-03 22:01:02 - [TEST_STEP][PASSED] - click(findTestObject("OCS-DESKTOP/Collection page/Product image - 1st one")): Object: 'Object Repository/OCS-DESKTOP/Collection page/Product image - 1st one' is clicked on

2019-07-03 22:01:04 - [MESSAGE][PASSED] - Object: 'Object Repository/OCS-DESKTOP/Collection page/Product image - 1st one' is clicked on

2019-07-03 22:01:04 - [TEST_STEP][PASSED] - executeJavaScript("var previewBar = document.getElementById("preview-bar-iframe"); previewBar.style.display = "none";", []): Execute JavaScript 'var previewBar = document.getElementById("preview-bar-iframe"); previewBar.style.display = "none";' successfully

2019-07-03 22:01:04 - [MESSAGE][PASSED] - Execute JavaScript 'var previewBar = document.getElementById("preview-bar-iframe"); previewBar.style.display = "none";' successfully

2019-07-03 22:01:04 - [TEST_STEP][PASSED] - delay(1): Delayed 1 second(s)

2019-07-03 22:01:05 - [MESSAGE][PASSED] - Delayed 1 second(s)

2019-07-03 22:01:05 - [TEST_STEP][PASSED] - delay(3): Delayed 3 second(s)

2019-07-03 22:01:08 - [MESSAGE][PASSED] - Delayed 3 second(s)

2019-07-03 22:01:08 - [TEST_STEP][NOT_RUN] - scrollToElement(findTestObject("OCS-DESKTOP/Product page/Product image"), 1): NOT_RUN: scrollToElement(findTestObject("OCS-DESKTOP/Product page/Product image"), 1)

2019-07-03 22:01:08 - [MESSAGE][NOT_RUN] - NOT_RUN: scrollToElement(findTestObject("OCS-DESKTOP/Product page/Product image"), 1)

2019-07-03 22:01:08 - [TEST_STEP][PASSED] - click(findTestObject("OCS-DESKTOP/Product page/Swatch_1g")): Object: 'Object Repository/OCS-DESKTOP/Product page/Swatch_1g' is clicked on

2019-07-03 22:01:08 - [MESSAGE][PASSED] - Object: 'Object Repository/OCS-DESKTOP/Product page/Swatch_1g' is clicked on

2019-07-03 22:01:08 - [TEST_STEP][PASSED] - delay(2): Delayed 2 second(s)

2019-07-03 22:01:10 - [MESSAGE][PASSED] - Delayed 2 second(s)

2019-07-03 22:01:10 - [TEST_STEP][PASSED] - click(findTestObject("OCS-DESKTOP/Product page/Add to Bag-button")): Object: 'Object Repository/OCS-DESKTOP/Product page/Add to Bag-button' is clicked on

2019-07-03 22:01:10 - [MESSAGE][PASSED] - Object: 'Object Repository/OCS-DESKTOP/Product page/Add to Bag-button' is clicked on

2019-07-03 22:01:10 - [TEST_STEP][PASSED] - delay(1): Delayed 1 second(s)

2019-07-03 22:01:11 - [MESSAGE][PASSED] - Delayed 1 second(s)

2019-07-03 22:01:11 - [TEST_STEP][PASSED] - click(findTestObject("OCS-DESKTOP/Home - page/Cart icon -bag")): Object: 'Object Repository/OCS-DESKTOP/Home - page/Cart icon -bag' is clicked on

2019-07-03 22:01:11 - [MESSAGE][PASSED] - Object: 'Object Repository/OCS-DESKTOP/Home - page/Cart icon -bag' is clicked on

2019-07-03 22:01:11 - [TEST_STEP][PASSED] - delay(3): Delayed 3 second(s)

2019-07-03 22:01:14 - [MESSAGE][PASSED] - Delayed 3 second(s)

2019-07-03 22:01:14 - [TEST_STEP][PASSED] - click(findTestObject("OCS-DESKTOP/Cart flyout/Checkbox_I confirm that")): Object: 'Object Repository/OCS-DESKTOP/Cart flyout/Checkbox_I confirm that' is clicked on

2019-07-03 22:01:15 - [MESSAGE][PASSED] - Object: 'Object Repository/OCS-DESKTOP/Cart flyout/Checkbox_I confirm that' is clicked on

2019-07-03 22:01:15 - [TEST_STEP][PASSED] - delay(1): Delayed 1 second(s)

2019-07-03 22:01:16 - [MESSAGE][PASSED] - Delayed 1 second(s)

2019-07-03 22:01:16 - [TEST_STEP][PASSED] - click(findTestObject("OCS-DESKTOP/Cart flyout/Checkbox_Accept the Terms Condition")): Object: 'Object Repository/OCS-DESKTOP/Cart flyout/Checkbox_Accept the Terms Condition' is clicked on

2019-07-03 22:01:16 - [MESSAGE][PASSED] - Object: 'Object Repository/OCS-DESKTOP/Cart flyout/Checkbox_Accept the Terms Condition' is clicked on

2019-07-03 22:01:16 - [TEST_STEP][PASSED] - delay(1): Delayed 1 second(s)

2019-07-03 22:01:17 - [MESSAGE][PASSED] - Delayed 1 second(s)

2019-07-03 22:01:17 - [TEST_STEP][PASSED] - click(findTestObject("OCS-DESKTOP/Cart flyout/Checkout - Button")): Object: 'Object Repository/OCS-DESKTOP/Cart flyout/Checkout - Button' is clicked on

2019-07-03 22:01:20 - [MESSAGE][PASSED] - Object: 'Object Repository/OCS-DESKTOP/Cart flyout/Checkout - Button' is clicked on

2019-07-03 22:01:20 - [TEST_STEP][PASSED] - executeJavaScript("var previewBar = document.getElementById("preview-bar-iframe"); previewBar.style.display = "none";", []): Execute JavaScript 'var previewBar = document.getElementById("preview-bar-iframe"); previewBar.style.display = "none";' successfully

2019-07-03 22:01:20 - [MESSAGE][PASSED] - Execute JavaScript 'var previewBar = document.getElementById("preview-bar-iframe"); previewBar.style.display = "none";' successfully

2019-07-03 22:01:20 - [TEST_STEP][PASSED] - delay(1): Delayed 1 second(s)

2019-07-03 22:01:21 - [MESSAGE][PASSED] - Delayed 1 second(s)

2019-07-03 22:01:21 - [TEST_STEP][PASSED] - delay(2): Delayed 2 second(s)

2019-07-03 22:01:23 - [MESSAGE][PASSED] - Delayed 2 second(s)

2019-07-03 22:01:23 - [TEST_STEP][PASSED] - scrollToElement(findTestObject("OCS-DESKTOP/Customer info page/input_Email"), 0): Scroll to object 'Object Repository/OCS-DESKTOP/Customer info page/input_Email' successfully

2019-07-03 22:01:23 - [MESSAGE][WARNING] - Timeout '0' is invalid. Using default page load timeout: '30'

2019-07-03 22:01:24 - [MESSAGE][PASSED] - Scroll to object 'Object Repository/OCS-DESKTOP/Customer info page/input_Email' successfully

2019-07-03 22:01:24 - [TEST_STEP][PASSED] - setText(findTestObject("OCS-DESKTOP/Customer info page/input_Email"), "suman.kompelly@diffagency.com"): Text 'suman.kompelly@diffagency.com' is set on object 'Object Repository/OCS-DESKTOP/Customer info page/input_Email'

2019-07-03 22:01:24 - [MESSAGE][PASSED] - Text 'suman.kompelly@diffagency.com' is set on object 'Object Repository/OCS-DESKTOP/Customer info page/input_Email'

2019-07-03 22:01:24 - [TEST_STEP][PASSED] - setText(findTestObject("OCS-DESKTOP/Customer info page/input_First name"), "suman"): Text 'suman' is set on object 'Object Repository/OCS-DESKTOP/Customer info page/input_First name'

2019-07-03 22:01:24 - [MESSAGE][PASSED] - Text 'suman' is set on object 'Object Repository/OCS-DESKTOP/Customer info page/input_First name'

2019-07-03 22:01:24 - [TEST_STEP][PASSED] - setText(findTestObject("OCS-DESKTOP/Customer info page/input_Last name"), "kompelly"): Text 'kompelly' is set on object 'Object Repository/OCS-DESKTOP/Customer info page/input_Last name'

2019-07-03 22:01:24 - [MESSAGE][PASSED] - Text 'kompelly' is set on object 'Object Repository/OCS-DESKTOP/Customer info page/input_Last name'

2019-07-03 22:01:24 - [TEST_STEP][PASSED] - setText(findTestObject("OCS-DESKTOP/Customer info page/input_Address"), "300 saint alxendre"): Text '300 saint alxendre' is set on object 'Object Repository/OCS-DESKTOP/Customer info page/input_Address'

2019-07-03 22:01:24 - [MESSAGE][PASSED] - Text '300 saint alxendre' is set on object 'Object Repository/OCS-DESKTOP/Customer info page/input_Address'

2019-07-03 22:01:24 - [TEST_STEP][PASSED] - setText(findTestObject("OCS-DESKTOP/Customer info page/input_Apartment suite etc. (op"), "199"): Text '199' is set on object 'Object Repository/OCS-DESKTOP/Customer info page/input_Apartment suite etc. (op'

2019-07-03 22:01:24 - [MESSAGE][PASSED] - Text '199' is set on object 'Object Repository/OCS-DESKTOP/Customer info page/input_Apartment suite etc. (op'

2019-07-03 22:01:24 - [TEST_STEP][PASSED] - setText(findTestObject("OCS-DESKTOP/Customer info page/input_City"), "montreal"): Text 'montreal' is set on object 'Object Repository/OCS-DESKTOP/Customer info page/input_City'

2019-07-03 22:01:24 - [MESSAGE][PASSED] - Text 'montreal' is set on object 'Object Repository/OCS-DESKTOP/Customer info page/input_City'

2019-07-03 22:01:24 - [TEST_STEP][PASSED] - setText(findTestObject("OCS-DESKTOP/Customer info page/input_Postal code"), "n0R1K0"): Text 'n0R1K0' is set on object 'Object Repository/OCS-DESKTOP/Customer info page/input_Postal code'

2019-07-03 22:01:24 - [MESSAGE][PASSED] - Text 'n0R1K0' is set on object 'Object Repository/OCS-DESKTOP/Customer info page/input_Postal code'

2019-07-03 22:01:24 - [TEST_STEP][PASSED] - setText(findTestObject("OCS-DESKTOP/Customer info page/input_Phone"), "(514) 449-3882"): Text '(514) 449-3882' is set on object 'Object Repository/OCS-DESKTOP/Customer info page/input_Phone'

2019-07-03 22:01:24 - [MESSAGE][PASSED] - Text '(514) 449-3882' is set on object 'Object Repository/OCS-DESKTOP/Customer info page/input_Phone'

2019-07-03 22:01:24 - [TEST_STEP][PASSED] - delay(3): Delayed 3 second(s)

2019-07-03 22:01:27 - [MESSAGE][PASSED] - Delayed 3 second(s)

2019-07-03 22:01:27 - [TEST_STEP][PASSED] - click(findTestObject("OCS-DESKTOP/Customer info page/Continue to shipping method - Button")): Object: 'Object Repository/OCS-DESKTOP/Customer info page/Continue to shipping method - Button' is clicked on

2019-07-03 22:01:29 - [MESSAGE][PASSED] - Object: 'Object Repository/OCS-DESKTOP/Customer info page/Continue to shipping method - Button' is clicked on

2019-07-03 22:01:29 - [TEST_STEP][PASSED] - delay(3): Delayed 3 second(s)

2019-07-03 22:01:32 - [MESSAGE][PASSED] - Delayed 3 second(s)

2019-07-03 22:01:32 - [TEST_STEP][PASSED] - executeJavaScript("var previewBar = document.getElementById("preview-bar-iframe"); previewBar.style.display = "none";", []): Execute JavaScript 'var previewBar = document.getElementById("preview-bar-iframe"); previewBar.style.display = "none";' successfully

2019-07-03 22:01:32 - [MESSAGE][PASSED] - Execute JavaScript 'var previewBar = document.getElementById("preview-bar-iframe"); previewBar.style.display = "none";' successfully

2019-07-03 22:01:32 - [TEST_STEP][PASSED] - delay(1): Delayed 1 second(s)

2019-07-03 22:01:33 - [MESSAGE][PASSED] - Delayed 1 second(s)

2019-07-03 22:01:33 - [TEST_STEP][PASSED] - delay(1): Delayed 1 second(s)

2019-07-03 22:01:34 - [MESSAGE][PASSED] - Delayed 1 second(s)

2019-07-03 22:01:34 - [TEST_STEP][PASSED] - click(findTestObject("OCS-DESKTOP/Shipping page/Continue to payment method - Button")): Object: 'Object Repository/OCS-DESKTOP/Shipping page/Continue to payment method - Button' is clicked on

2019-07-03 22:01:34 - [MESSAGE][PASSED] - Object: 'Object Repository/OCS-DESKTOP/Shipping page/Continue to payment method - Button' is clicked on

2019-07-03 22:01:34 - [TEST_STEP][PASSED] - executeJavaScript("var previewBar = document.getElementById("preview-bar-iframe"); previewBar.style.display = "none";", []): Execute JavaScript 'var previewBar = document.getElementById("preview-bar-iframe"); previewBar.style.display = "none";' successfully

2019-07-03 22:01:34 - [MESSAGE][PASSED] - Execute JavaScript 'var previewBar = document.getElementById("preview-bar-iframe"); previewBar.style.display = "none";' successfully

2019-07-03 22:01:34 - [TEST_STEP][PASSED] - delay(1): Delayed 1 second(s)

2019-07-03 22:01:35 - [MESSAGE][PASSED] - Delayed 1 second(s)

2019-07-03 22:01:35 - [TEST_STEP][PASSED] - click(findTestObject("OCS-DESKTOP/Payment -page/Change link span 1")): Object: 'Object Repository/OCS-DESKTOP/Payment -page/Change link span 1' is clicked on

2019-07-03 22:01:37 - [MESSAGE][PASSED] - Object: 'Object Repository/OCS-DESKTOP/Payment -page/Change link span 1' is clicked on

2019-07-03 22:01:37 - [TEST_STEP][PASSED] - executeJavaScript("var previewBar = document.getElementById("preview-bar-iframe"); previewBar.style.display = "none";", []): Execute JavaScript 'var previewBar = document.getElementById("preview-bar-iframe"); previewBar.style.display = "none";' successfully

2019-07-03 22:01:37 - [MESSAGE][PASSED] - Execute JavaScript 'var previewBar = document.getElementById("preview-bar-iframe"); previewBar.style.display = "none";' successfully

2019-07-03 22:01:37 - [TEST_STEP][PASSED] - delay(3): Delayed 3 second(s)

2019-07-03 22:01:40 - [MESSAGE][PASSED] - Delayed 3 second(s)

2019-07-03 22:01:40 - [TEST_STEP][PASSED] - click(findTestObject("OCS-DESKTOP/Shipping page/Continue to payment method - Button")): Object: 'Object Repository/OCS-DESKTOP/Shipping page/Continue to payment method - Button' is clicked on

2019-07-03 22:01:42 - [MESSAGE][PASSED] - Object: 'Object Repository/OCS-DESKTOP/Shipping page/Continue to payment method - Button' is clicked on

2019-07-03 22:01:42 - [TEST_STEP][PASSED] - delay(3): Delayed 3 second(s)

2019-07-03 22:01:45 - [MESSAGE][PASSED] - Delayed 3 second(s)

2019-07-03 22:01:45 - [TEST_STEP][PASSED] - executeJavaScript("var previewBar = document.getElementById("preview-bar-iframe"); previewBar.style.display = "none";", []): Execute JavaScript 'var previewBar = document.getElementById("preview-bar-iframe"); previewBar.style.display = "none";' successfully

2019-07-03 22:01:45 - [MESSAGE][PASSED] - Execute JavaScript 'var previewBar = document.getElementById("preview-bar-iframe"); previewBar.style.display = "none";' successfully

2019-07-03 22:01:45 - [TEST_STEP][PASSED] - delay(1): Delayed 1 second(s)

2019-07-03 22:01:46 - [MESSAGE][PASSED] - Delayed 1 second(s)

2019-07-03 22:01:46 - [TEST_STEP][PASSED] - click(findTestObject("OCS-DESKTOP/Shipping page/Continue to payment method - Button")): Object: 'Object Repository/OCS-DESKTOP/Shipping page/Continue to payment method - Button' is clicked on

2019-07-03 22:01:47 - [MESSAGE][PASSED] - Object: 'Object Repository/OCS-DESKTOP/Shipping page/Continue to payment method - Button' is clicked on

2019-07-03 22:01:47 - [TEST_STEP][PASSED] - delay(3): Delayed 3 second(s)

2019-07-03 22:01:50 - [MESSAGE][PASSED] - Delayed 3 second(s)

2019-07-03 22:01:50 - [TEST_STEP][PASSED] - executeJavaScript("var previewBar = document.getElementById("preview-bar-iframe"); previewBar.style.display = "none";", []): Execute JavaScript 'var previewBar = document.getElementById("preview-bar-iframe"); previewBar.style.display = "none";' successfully

2019-07-03 22:01:50 - [MESSAGE][PASSED] - Execute JavaScript 'var previewBar = document.getElementById("preview-bar-iframe"); previewBar.style.display = "none";' successfully

2019-07-03 22:01:50 - [TEST_STEP][PASSED] - delay(1): Delayed 1 second(s)

2019-07-03 22:01:51 - [MESSAGE][PASSED] - Delayed 1 second(s)

2019-07-03 22:01:51 - [TEST_STEP][PASSED] - click(findTestObject("OCS-DESKTOP/Payment -page/Change link span 2")): Object: 'Object Repository/OCS-DESKTOP/Payment -page/Change link span 2' is clicked on

2019-07-03 22:01:53 - [MESSAGE][PASSED] - Object: 'Object Repository/OCS-DESKTOP/Payment -page/Change link span 2' is clicked on

2019-07-03 22:01:53 - [TEST_STEP][PASSED] - delay(3): Delayed 3 second(s)

2019-07-03 22:01:56 - [MESSAGE][PASSED] - Delayed 3 second(s)

2019-07-03 22:01:56 - [TEST_STEP][PASSED] - executeJavaScript("var previewBar = document.getElementById("preview-bar-iframe"); previewBar.style.display = "none";", []): Execute JavaScript 'var previewBar = document.getElementById("preview-bar-iframe"); previewBar.style.display = "none";' successfully

2019-07-03 22:01:56 - [MESSAGE][PASSED] - Execute JavaScript 'var previewBar = document.getElementById("preview-bar-iframe"); previewBar.style.display = "none";' successfully

2019-07-03 22:01:56 - [TEST_STEP][PASSED] - delay(1): Delayed 1 second(s)

2019-07-03 22:01:57 - [MESSAGE][PASSED] - Delayed 1 second(s)

2019-07-03 22:01:57 - [TEST_STEP][PASSED] - click(findTestObject("OCS-DESKTOP/Shipping page/Continue to payment method - Button")): Object: 'Object Repository/OCS-DESKTOP/Shipping page/Continue to payment method - Button' is clicked on

2019-07-03 22:01:59 - [MESSAGE][PASSED] - Object: 'Object Repository/OCS-DESKTOP/Shipping page/Continue to payment method - Button' is clicked on

2019-07-03 22:01:59 - [TEST_STEP][PASSED] - delay(3): Delayed 3 second(s)

2019-07-03 22:02:02 - [MESSAGE][PASSED] - Delayed 3 second(s)

2019-07-03 22:02:02 - [TEST_STEP][PASSED] - executeJavaScript("var previewBar = document.getElementById("preview-bar-iframe"); previewBar.style.display = "none";", []): Execute JavaScript 'var previewBar = document.getElementById("preview-bar-iframe"); previewBar.style.display = "none";' successfully

2019-07-03 22:02:02 - [MESSAGE][PASSED] - Execute JavaScript 'var previewBar = document.getElementById("preview-bar-iframe"); previewBar.style.display = "none";' successfully

2019-07-03 22:02:02 - [TEST_STEP][PASSED] - delay(1): Delayed 1 second(s)

2019-07-03 22:02:03 - [MESSAGE][PASSED] - Delayed 1 second(s)

2019-07-03 22:02:03 - [TEST_STEP][PASSED] - click(findTestObject("OCS-DESKTOP/Shipping page/Continue to payment method - Button")): Object: 'Object Repository/OCS-DESKTOP/Shipping page/Continue to payment method - Button' is clicked on

2019-07-03 22:02:05 - [MESSAGE][PASSED] - Object: 'Object Repository/OCS-DESKTOP/Shipping page/Continue to payment method - Button' is clicked on

2019-07-03 22:02:05 - [TEST_STEP][PASSED] - delay(3): Delayed 3 second(s)

2019-07-03 22:02:08 - [MESSAGE][PASSED] - Delayed 3 second(s)

2019-07-03 22:02:08 - [TEST_STEP][PASSED] - executeJavaScript("var previewBar = document.getElementById("preview-bar-iframe"); previewBar.style.display = "none";", []): Execute JavaScript 'var previewBar = document.getElementById("preview-bar-iframe"); previewBar.style.display = "none";' successfully

2019-07-03 22:02:08 - [MESSAGE][PASSED] - Execute JavaScript 'var previewBar = document.getElementById("preview-bar-iframe"); previewBar.style.display = "none";' successfully

2019-07-03 22:02:08 - [TEST_STEP][PASSED] - click(findTestObject("OCS-DESKTOP/Customer info page/Cart - Breadcrumb link")): Object: 'Object Repository/OCS-DESKTOP/Customer info page/Cart - Breadcrumb link' is clicked on

2019-07-03 22:02:09 - [MESSAGE][PASSED] - Object: 'Object Repository/OCS-DESKTOP/Customer info page/Cart - Breadcrumb link' is clicked on

2019-07-03 22:02:09 - [TEST_STEP][PASSED] - delay(3): Delayed 3 second(s)

2019-07-03 22:02:12 - [MESSAGE][PASSED] - Delayed 3 second(s)

2019-07-03 22:02:12 - [TEST_STEP][PASSED] - executeJavaScript("var previewBar = document.getElementById("preview-bar-iframe"); previewBar.style.display = "none";", []): Execute JavaScript 'var previewBar = document.getElementById("preview-bar-iframe"); previewBar.style.display = "none";' successfully

2019-07-03 22:02:12 - [MESSAGE][PASSED] - Execute JavaScript 'var previewBar = document.getElementById("preview-bar-iframe"); previewBar.style.display = "none";' successfully

2019-07-03 22:02:12 - [TEST_STEP][PASSED] - delay(3): Delayed 3 second(s)

2019-07-03 22:02:15 - [MESSAGE][PASSED] - Delayed 3 second(s)

2019-07-03 22:02:15 - [TEST_STEP][FAILED] - click(findTestObject("OCS-DESKTOP/Cart page/cart page-Checkbox_I confirm that")): click(findTestObject("OCS-DESKTOP/Cart page/cart page-Checkbox_I confirm that")) FAILED.
Reason:
com.kms.katalon.core.exception.StepFailedException: Unable to click on object 'Object Repository/OCS-DESKTOP/Cart page/cart page-Checkbox_I confirm that' (Root cause: org.openqa.selenium.ElementNotInteractableException: Element <label> could not be scrolled into view
Build info: version: '3.7.1', revision: '8a0099a', time: '2017-11-06T21:07:36.161Z'
System info: host: 'sumans-MacBook-Pro.local', ip: 'fe80:0:0:0:10b5:ab76:5e8b:ef36%en0', os.name: 'Mac OS X', os.arch: 'x86_64', os.version: '10.13.6', java.version: '1.8.0_181'
Driver info: com.kms.katalon.core.webui.driver.firefox.CGeckoDriver
Capabilities {acceptInsecureCerts: true, browserName: firefox, browserVersion: 67.0.4, javascriptEnabled: true, moz:accessibilityChecks: false, moz:buildID: 20190619235627, moz:geckodriverVersion: 0.23.0, moz:headless: false, moz:processID: 488, moz:profile: /var/folders/1t/c55l8xzs6gq..., moz:shutdownTimeout: 60000, moz:useNonSpecCompliantPointerOrigin: false, moz:webdriverClick: true, pageLoadStrategy: normal, platform: MAC, platformName: MAC, platformVersion: 17.7.0, proxy: Proxy(direct), rotatable: false, setWindowRect: true, strictFileInteractability: false, timeouts: {implicit: 0, pageLoad: 300000, script: 30000}, unhandledPromptBehavior: dismiss and notify}
Session ID: c2cfb4a2-ffb2-e444-ab79-896fa284bb47)
	at com.kms.katalon.core.keyword.internal.KeywordMain.stepFailed(KeywordMain.groovy:36)
	at com.kms.katalon.core.webui.keyword.internal.WebUIKeywordMain.stepFailed(WebUIKeywordMain.groovy:65)
	at com.kms.katalon.core.webui.keyword.internal.WebUIKeywordMain.runKeyword(WebUIKeywordMain.groovy:27)
	at com.kms.katalon.core.webui.keyword.builtin.ClickKeyword.click(ClickKeyword.groovy:86)
	at com.kms.katalon.core.webui.keyword.builtin.ClickKeyword.execute(ClickKeyword.groovy:67)
	at com.kms.katalon.core.keyword.internal.KeywordExecutor.executeKeywordForPlatform(KeywordExecutor.groovy:53)
	at com.kms.katalon.core.webui.keyword.WebUiBuiltInKeywords.click(WebUiBuiltInKeywords.groovy:616)
	at com.kms.katalon.core.webui.keyword.WebUiBuiltInKeywords$click$4.call(Unknown Source)
	at Checkout- Payment.run(Checkout- Payment:166)
	at com.kms.katalon.core.main.ScriptEngine.run(ScriptEngine.java:194)
	at com.kms.katalon.core.main.ScriptEngine.runScriptAsRawText(ScriptEngine.java:119)
	at com.kms.katalon.core.main.TestCaseExecutor.runScript(TestCaseExecutor.java:328)
	at com.kms.katalon.core.main.TestCaseExecutor.doExecute(TestCaseExecutor.java:319)
	at com.kms.katalon.core.main.TestCaseExecutor.processExecutionPhase(TestCaseExecutor.java:298)
	at com.kms.katalon.core.main.TestCaseExecutor.accessMainPhase(TestCaseExecutor.java:290)
	at com.kms.katalon.core.main.TestCaseExecutor.execute(TestCaseExecutor.java:224)
	at com.kms.katalon.core.main.TestSuiteExecutor.accessTestCaseMainPhase(TestSuiteExecutor.java:129)
	at com.kms.katalon.core.main.TestSuiteExecutor.accessTestSuiteMainPhase(TestSuiteExecutor.java:112)
	at com.kms.katalon.core.main.TestSuiteExecutor.execute(TestSuiteExecutor.java:81)
	at com.kms.katalon.core.main.TestCaseMain.startTestSuite(TestCaseMain.java:149)
	at com.kms.katalon.core.main.TestCaseMain$startTestSuite$0.call(Unknown Source)
	at TempTestSuite1562205541804.run(TempTestSuite1562205541804.groovy:36)


2019-07-03 22:02:15 - [MESSAGE][FAILED] - Unable to click on object 'Object Repository/OCS-DESKTOP/Cart page/cart page-Checkbox_I confirm that' (Root cause: org.openqa.selenium.ElementNotInteractableException: Element <label> could not be scrolled into view
Build info: version: '3.7.1', revision: '8a0099a', time: '2017-11-06T21:07:36.161Z'
System info: host: 'sumans-MacBook-Pro.local', ip: 'fe80:0:0:0:10b5:ab76:5e8b:ef36%en0', os.name: 'Mac OS X', os.arch: 'x86_64', os.version: '10.13.6', java.version: '1.8.0_181'
Driver info: com.kms.katalon.core.webui.driver.firefox.CGeckoDriver
Capabilities {acceptInsecureCerts: true, browserName: firefox, browserVersion: 67.0.4, javascriptEnabled: true, moz:accessibilityChecks: false, moz:buildID: 20190619235627, moz:geckodriverVersion: 0.23.0, moz:headless: false, moz:processID: 488, moz:profile: /var/folders/1t/c55l8xzs6gq..., moz:shutdownTimeout: 60000, moz:useNonSpecCompliantPointerOrigin: false, moz:webdriverClick: true, pageLoadStrategy: normal, platform: MAC, platformName: MAC, platformVersion: 17.7.0, proxy: Proxy(direct), rotatable: false, setWindowRect: true, strictFileInteractability: false, timeouts: {implicit: 0, pageLoad: 300000, script: 30000}, unhandledPromptBehavior: dismiss and notify}
Session ID: c2cfb4a2-ffb2-e444-ab79-896fa284bb47)
[[ATTACHMENT|/Users/sumankompelly/Relative xpath-Desktop/Reports/1.11.2/20190703_215901/1562205735830.png]]

2019-07-03 22:02:15 - [MESSAGE][FAILED] - click(findTestObject("OCS-DESKTOP/Cart page/cart page-Checkbox_I confirm that")) FAILED.
Reason:
com.kms.katalon.core.exception.StepFailedException: Unable to click on object 'Object Repository/OCS-DESKTOP/Cart page/cart page-Checkbox_I confirm that' (Root cause: org.openqa.selenium.ElementNotInteractableException: Element <label> could not be scrolled into view
Build info: version: '3.7.1', revision: '8a0099a', time: '2017-11-06T21:07:36.161Z'
System info: host: 'sumans-MacBook-Pro.local', ip: 'fe80:0:0:0:10b5:ab76:5e8b:ef36%en0', os.name: 'Mac OS X', os.arch: 'x86_64', os.version: '10.13.6', java.version: '1.8.0_181'
Driver info: com.kms.katalon.core.webui.driver.firefox.CGeckoDriver
Capabilities {acceptInsecureCerts: true, browserName: firefox, browserVersion: 67.0.4, javascriptEnabled: true, moz:accessibilityChecks: false, moz:buildID: 20190619235627, moz:geckodriverVersion: 0.23.0, moz:headless: false, moz:processID: 488, moz:profile: /var/folders/1t/c55l8xzs6gq..., moz:shutdownTimeout: 60000, moz:useNonSpecCompliantPointerOrigin: false, moz:webdriverClick: true, pageLoadStrategy: normal, platform: MAC, platformName: MAC, platformVersion: 17.7.0, proxy: Proxy(direct), rotatable: false, setWindowRect: true, strictFileInteractability: false, timeouts: {implicit: 0, pageLoad: 300000, script: 30000}, unhandledPromptBehavior: dismiss and notify}
Session ID: c2cfb4a2-ffb2-e444-ab79-896fa284bb47)
	at com.kms.katalon.core.keyword.internal.KeywordMain.stepFailed(KeywordMain.groovy:36)
	at com.kms.katalon.core.webui.keyword.internal.WebUIKeywordMain.stepFailed(WebUIKeywordMain.groovy:65)
	at com.kms.katalon.core.webui.keyword.internal.WebUIKeywordMain.runKeyword(WebUIKeywordMain.groovy:27)
	at com.kms.katalon.core.webui.keyword.builtin.ClickKeyword.click(ClickKeyword.groovy:86)
	at com.kms.katalon.core.webui.keyword.builtin.ClickKeyword.execute(ClickKeyword.groovy:67)
	at com.kms.katalon.core.keyword.internal.KeywordExecutor.executeKeywordForPlatform(KeywordExecutor.groovy:53)
	at com.kms.katalon.core.webui.keyword.WebUiBuiltInKeywords.click(WebUiBuiltInKeywords.groovy:616)
	at com.kms.katalon.core.webui.keyword.WebUiBuiltInKeywords$click$4.call(Unknown Source)
	at Checkout- Payment.run(Checkout- Payment:166)
	at com.kms.katalon.core.main.ScriptEngine.run(ScriptEngine.java:194)
	at com.kms.katalon.core.main.ScriptEngine.runScriptAsRawText(ScriptEngine.java:119)
	at com.kms.katalon.core.main.TestCaseExecutor.runScript(TestCaseExecutor.java:328)
	at com.kms.katalon.core.main.TestCaseExecutor.doExecute(TestCaseExecutor.java:319)
	at com.kms.katalon.core.main.TestCaseExecutor.processExecutionPhase(TestCaseExecutor.java:298)
	at com.kms.katalon.core.main.TestCaseExecutor.accessMainPhase(TestCaseExecutor.java:290)
	at com.kms.katalon.core.main.TestCaseExecutor.execute(TestCaseExecutor.java:224)
	at com.kms.katalon.core.main.TestSuiteExecutor.accessTestCaseMainPhase(TestSuiteExecutor.java:129)
	at com.kms.katalon.core.main.TestSuiteExecutor.accessTestSuiteMainPhase(TestSuiteExecutor.java:112)
	at com.kms.katalon.core.main.TestSuiteExecutor.execute(TestSuiteExecutor.java:81)
	at com.kms.katalon.core.main.TestCaseMain.startTestSuite(TestCaseMain.java:149)
	at com.kms.katalon.core.main.TestCaseMain$startTestSuite$0.call(Unknown Source)
	at TempTestSuite1562205541804.run(TempTestSuite1562205541804.groovy:36)]]></system-out>
         <system-err><![CDATA[2019-07-03 22:00:31 - [TEST_CASE][FAILED] - Test Cases/OCS - DESKTOP/OCS- CRITICAL PATH/Checkout- Payment: Test Cases/OCS - DESKTOP/OCS- CRITICAL PATH/Checkout- Payment FAILED.
Reason:
com.kms.katalon.core.exception.StepFailedException: Unable to click on object 'Object Repository/OCS-DESKTOP/Cart page/cart page-Checkbox_I confirm that' (Root cause: org.openqa.selenium.ElementNotInteractableException: Element <label> could not be scrolled into view
Build info: version: '3.7.1', revision: '8a0099a', time: '2017-11-06T21:07:36.161Z'
System info: host: 'sumans-MacBook-Pro.local', ip: 'fe80:0:0:0:10b5:ab76:5e8b:ef36%en0', os.name: 'Mac OS X', os.arch: 'x86_64', os.version: '10.13.6', java.version: '1.8.0_181'
Driver info: com.kms.katalon.core.webui.driver.firefox.CGeckoDriver
Capabilities {acceptInsecureCerts: true, browserName: firefox, browserVersion: 67.0.4, javascriptEnabled: true, moz:accessibilityChecks: false, moz:buildID: 20190619235627, moz:geckodriverVersion: 0.23.0, moz:headless: false, moz:processID: 488, moz:profile: /var/folders/1t/c55l8xzs6gq..., moz:shutdownTimeout: 60000, moz:useNonSpecCompliantPointerOrigin: false, moz:webdriverClick: true, pageLoadStrategy: normal, platform: MAC, platformName: MAC, platformVersion: 17.7.0, proxy: Proxy(direct), rotatable: false, setWindowRect: true, strictFileInteractability: false, timeouts: {implicit: 0, pageLoad: 300000, script: 30000}, unhandledPromptBehavior: dismiss and notify}
Session ID: c2cfb4a2-ffb2-e444-ab79-896fa284bb47)
	at com.kms.katalon.core.keyword.internal.KeywordMain.stepFailed(KeywordMain.groovy:36)
	at com.kms.katalon.core.webui.keyword.internal.WebUIKeywordMain.stepFailed(WebUIKeywordMain.groovy:65)
	at com.kms.katalon.core.webui.keyword.internal.WebUIKeywordMain.runKeyword(WebUIKeywordMain.groovy:27)
	at com.kms.katalon.core.webui.keyword.builtin.ClickKeyword.click(ClickKeyword.groovy:86)
	at com.kms.katalon.core.webui.keyword.builtin.ClickKeyword.execute(ClickKeyword.groovy:67)
	at com.kms.katalon.core.keyword.internal.KeywordExecutor.executeKeywordForPlatform(KeywordExecutor.groovy:53)
	at com.kms.katalon.core.webui.keyword.WebUiBuiltInKeywords.click(WebUiBuiltInKeywords.groovy:616)
	at com.kms.katalon.core.webui.keyword.WebUiBuiltInKeywords$click$4.call(Unknown Source)
	at Checkout- Payment.run(Checkout- Payment:166)
	at com.kms.katalon.core.main.ScriptEngine.run(ScriptEngine.java:194)
	at com.kms.katalon.core.main.ScriptEngine.runScriptAsRawText(ScriptEngine.java:119)
	at com.kms.katalon.core.main.TestCaseExecutor.runScript(TestCaseExecutor.java:328)
	at com.kms.katalon.core.main.TestCaseExecutor.doExecute(TestCaseExecutor.java:319)
	at com.kms.katalon.core.main.TestCaseExecutor.processExecutionPhase(TestCaseExecutor.java:298)
	at com.kms.katalon.core.main.TestCaseExecutor.accessMainPhase(TestCaseExecutor.java:290)
	at com.kms.katalon.core.main.TestCaseExecutor.execute(TestCaseExecutor.java:224)
	at com.kms.katalon.core.main.TestSuiteExecutor.accessTestCaseMainPhase(TestSuiteExecutor.java:129)
	at com.kms.katalon.core.main.TestSuiteExecutor.accessTestSuiteMainPhase(TestSuiteExecutor.java:112)
	at com.kms.katalon.core.main.TestSuiteExecutor.execute(TestSuiteExecutor.java:81)
	at com.kms.katalon.core.main.TestCaseMain.startTestSuite(TestCaseMain.java:149)
	at com.kms.katalon.core.main.TestCaseMain$startTestSuite$0.call(Unknown Source)
	at TempTestSuite1562205541804.run(TempTestSuite1562205541804.groovy:36)]]></system-err>
      </testcase>
      <testcase name="Test Cases/OCS - DESKTOP/OCS- CRITICAL PATH/Checkout - customer information page" classname="Test Cases/OCS - DESKTOP/OCS- CRITICAL PATH/Checkout - customer information page" status="PASSED">
         <system-out><![CDATA[2019-07-03 22:02:15 - [TEST_CASE][PASSED] - Test Cases/OCS - DESKTOP/OCS- CRITICAL PATH/Checkout - customer information page: Test Cases/OCS - DESKTOP/OCS- CRITICAL PATH/Checkout - customer information page

2019-07-03 22:02:16 - [TEST_STEP][PASSED] - callTestCase(findTestCase("OCS - DESKTOP/CALL- Age gate"), [:], STOP_ON_FAILURE): Call Test Case 'Test Cases/OCS - DESKTOP/CALL- Age gate' successfully

2019-07-03 22:02:16 - [TEST_CASE][PASSED] - Test Cases/OCS - DESKTOP/CALL- Age gate: Test Cases/OCS - DESKTOP/CALL- Age gate

2019-07-03 22:02:16 - [TEST_STEP][PASSED] - openBrowser(""): Browser is opened with url: ''

2019-07-03 22:02:16 - [MESSAGE][WARNING] - A browser is already opened. Closing browser and opening a new one

2019-07-03 22:02:16 - [MESSAGE][INFO] - Starting 'Firefox' driver

2019-07-03 22:02:18 - [MESSAGE][PASSED] - Browser is opened with url: ''

2019-07-03 22:02:18 - [TEST_STEP][PASSED] - navigateToUrl("https://ocs.ca/?fts=0&preview_theme_id=74203891532"): Navigate to 'https://ocs.ca/?fts=0&preview_theme_id=74203891532' successfully

2019-07-03 22:02:26 - [MESSAGE][PASSED] - Navigate to 'https://ocs.ca/?fts=0&preview_theme_id=74203891532' successfully

2019-07-03 22:02:26 - [TEST_STEP][PASSED] - maximizeWindow(): Current window maximized

2019-07-03 22:02:26 - [MESSAGE][PASSED] - Current window maximized

2019-07-03 22:02:26 - [TEST_STEP][PASSED] - delay(2): Delayed 2 second(s)

2019-07-03 22:02:28 - [MESSAGE][PASSED] - Delayed 2 second(s)

2019-07-03 22:02:28 - [TEST_STEP][PASSED] - executeJavaScript("var previewBar = document.getElementById("preview-bar-iframe"); previewBar.style.display = "none";", []): Execute JavaScript 'var previewBar = document.getElementById("preview-bar-iframe"); previewBar.style.display = "none";' successfully

2019-07-03 22:02:29 - [MESSAGE][PASSED] - Execute JavaScript 'var previewBar = document.getElementById("preview-bar-iframe"); previewBar.style.display = "none";' successfully

2019-07-03 22:02:29 - [TEST_STEP][PASSED] - selectOptionByValue(findTestObject("OCS-DESKTOP/Age gate and Mega menu/Date"), "12", true): All options with value '12' are selected in object 'Object Repository/OCS-DESKTOP/Age gate and Mega menu/Date'  using regular expression

2019-07-03 22:02:29 - [MESSAGE][PASSED] - All options with value '12' are selected in object 'Object Repository/OCS-DESKTOP/Age gate and Mega menu/Date'  using regular expression

2019-07-03 22:02:29 - [TEST_STEP][PASSED] - selectOptionByValue(findTestObject("OCS-DESKTOP/Age gate and Mega menu/month"), "6", true): All options with value '6' are selected in object 'Object Repository/OCS-DESKTOP/Age gate and Mega menu/month'  using regular expression

2019-07-03 22:02:30 - [MESSAGE][PASSED] - All options with value '6' are selected in object 'Object Repository/OCS-DESKTOP/Age gate and Mega menu/month'  using regular expression

2019-07-03 22:02:30 - [TEST_STEP][PASSED] - delay(2): Delayed 2 second(s)

2019-07-03 22:02:32 - [MESSAGE][PASSED] - Delayed 2 second(s)

2019-07-03 22:02:32 - [TEST_STEP][PASSED] - selectOptionByValue(findTestObject("OCS-DESKTOP/Age gate and Mega menu/Year Dropdown"), "1990", true): All options with value '1990' are selected in object 'Object Repository/OCS-DESKTOP/Age gate and Mega menu/Year Dropdown'  using regular expression

2019-07-03 22:02:33 - [MESSAGE][PASSED] - All options with value '1990' are selected in object 'Object Repository/OCS-DESKTOP/Age gate and Mega menu/Year Dropdown'  using regular expression

2019-07-03 22:02:33 - [TEST_STEP][PASSED] - click(findTestObject("OCS-DESKTOP/Age gate and Mega menu/button_Verify")): Object: 'Object Repository/OCS-DESKTOP/Age gate and Mega menu/button_Verify' is clicked on

2019-07-03 22:02:33 - [MESSAGE][PASSED] - Object: 'Object Repository/OCS-DESKTOP/Age gate and Mega menu/button_Verify' is clicked on

2019-07-03 22:02:33 - [TEST_STEP][PASSED] - click(findTestObject("OCS-DESKTOP/Age gate and Mega menu/Checkbox_CONFIRM AND ACKNOWLEDGE")): Object: 'Object Repository/OCS-DESKTOP/Age gate and Mega menu/Checkbox_CONFIRM AND ACKNOWLEDGE' is clicked on

2019-07-03 22:02:34 - [MESSAGE][PASSED] - Object: 'Object Repository/OCS-DESKTOP/Age gate and Mega menu/Checkbox_CONFIRM AND ACKNOWLEDGE' is clicked on

2019-07-03 22:02:34 - [TEST_STEP][PASSED] - click(findTestObject("OCS-DESKTOP/Age gate and Mega menu/button_CONFIRM")): Object: 'Object Repository/OCS-DESKTOP/Age gate and Mega menu/button_CONFIRM' is clicked on

2019-07-03 22:02:34 - [MESSAGE][PASSED] - Object: 'Object Repository/OCS-DESKTOP/Age gate and Mega menu/button_CONFIRM' is clicked on

2019-07-03 22:02:34 - [TEST_STEP][PASSED] - click(findTestObject("OCS-DESKTOP/Age gate and Mega menu/button_Start Browsing")): Object: 'Object Repository/OCS-DESKTOP/Age gate and Mega menu/button_Start Browsing' is clicked on

2019-07-03 22:02:34 - [MESSAGE][PASSED] - Object: 'Object Repository/OCS-DESKTOP/Age gate and Mega menu/button_Start Browsing' is clicked on

2019-07-03 22:02:34 - [TEST_STEP][PASSED] - delay(2): Delayed 2 second(s)

2019-07-03 22:02:36 - [MESSAGE][PASSED] - Delayed 2 second(s)

2019-07-03 22:02:36 - [TEST_STEP][PASSED] - refresh(): Refresh successfully

2019-07-03 22:02:40 - [MESSAGE][PASSED] - Refresh successfully

2019-07-03 22:02:40 - [MESSAGE][PASSED] - Call Test Case 'Test Cases/OCS - DESKTOP/CALL- Age gate' successfully

2019-07-03 22:02:40 - [TEST_STEP][PASSED] - delay(2): Delayed 2 second(s)

2019-07-03 22:02:42 - [MESSAGE][PASSED] - Delayed 2 second(s)

2019-07-03 22:02:42 - [TEST_STEP][PASSED] - click(findTestObject("OCS-DESKTOP/Age gate and Mega menu/Header/CANNABIS menu - English")): Object: 'Object Repository/OCS-DESKTOP/Age gate and Mega menu/Header/CANNABIS menu - English' is clicked on

2019-07-03 22:02:42 - [MESSAGE][PASSED] - Object: 'Object Repository/OCS-DESKTOP/Age gate and Mega menu/Header/CANNABIS menu - English' is clicked on

2019-07-03 22:02:42 - [TEST_STEP][PASSED] - delay(2): Delayed 2 second(s)

2019-07-03 22:02:44 - [MESSAGE][PASSED] - Delayed 2 second(s)

2019-07-03 22:02:44 - [TEST_STEP][PASSED] - executeJavaScript("var previewBar = document.getElementById("preview-bar-iframe"); previewBar.style.display = "none";", []): Execute JavaScript 'var previewBar = document.getElementById("preview-bar-iframe"); previewBar.style.display = "none";' successfully

2019-07-03 22:02:44 - [MESSAGE][PASSED] - Execute JavaScript 'var previewBar = document.getElementById("preview-bar-iframe"); previewBar.style.display = "none";' successfully

2019-07-03 22:02:44 - [TEST_STEP][PASSED] - click(findTestObject("OCS-DESKTOP/Age gate and Mega menu/Indica Dominant_Menu item")): Object: 'Object Repository/OCS-DESKTOP/Age gate and Mega menu/Indica Dominant_Menu item' is clicked on

2019-07-03 22:02:47 - [MESSAGE][PASSED] - Object: 'Object Repository/OCS-DESKTOP/Age gate and Mega menu/Indica Dominant_Menu item' is clicked on

2019-07-03 22:02:47 - [TEST_STEP][PASSED] - executeJavaScript("var previewBar = document.getElementById("preview-bar-iframe"); previewBar.style.display = "none";", []): Execute JavaScript 'var previewBar = document.getElementById("preview-bar-iframe"); previewBar.style.display = "none";' successfully

2019-07-03 22:02:47 - [MESSAGE][PASSED] - Execute JavaScript 'var previewBar = document.getElementById("preview-bar-iframe"); previewBar.style.display = "none";' successfully

2019-07-03 22:02:47 - [TEST_STEP][PASSED] - delay(2): Delayed 2 second(s)

2019-07-03 22:02:49 - [MESSAGE][PASSED] - Delayed 2 second(s)

2019-07-03 22:02:49 - [TEST_STEP][PASSED] - click(findTestObject("OCS-DESKTOP/Collection page/Product image - 1st one")): Object: 'Object Repository/OCS-DESKTOP/Collection page/Product image - 1st one' is clicked on

2019-07-03 22:02:51 - [MESSAGE][PASSED] - Object: 'Object Repository/OCS-DESKTOP/Collection page/Product image - 1st one' is clicked on

2019-07-03 22:02:51 - [TEST_STEP][PASSED] - executeJavaScript("var previewBar = document.getElementById("preview-bar-iframe"); previewBar.style.display = "none";", []): Execute JavaScript 'var previewBar = document.getElementById("preview-bar-iframe"); previewBar.style.display = "none";' successfully

2019-07-03 22:02:51 - [MESSAGE][PASSED] - Execute JavaScript 'var previewBar = document.getElementById("preview-bar-iframe"); previewBar.style.display = "none";' successfully

2019-07-03 22:02:51 - [TEST_STEP][PASSED] - delay(1): Delayed 1 second(s)

2019-07-03 22:02:52 - [MESSAGE][PASSED] - Delayed 1 second(s)

2019-07-03 22:02:52 - [TEST_STEP][PASSED] - delay(3): Delayed 3 second(s)

2019-07-03 22:02:55 - [MESSAGE][PASSED] - Delayed 3 second(s)

2019-07-03 22:02:55 - [TEST_STEP][NOT_RUN] - scrollToElement(findTestObject("OCS-DESKTOP/Product page/Product image"), 1): NOT_RUN: scrollToElement(findTestObject("OCS-DESKTOP/Product page/Product image"), 1)

2019-07-03 22:02:55 - [MESSAGE][NOT_RUN] - NOT_RUN: scrollToElement(findTestObject("OCS-DESKTOP/Product page/Product image"), 1)

2019-07-03 22:02:55 - [TEST_STEP][PASSED] - click(findTestObject("OCS-DESKTOP/Product page/Swatch_1g")): Object: 'Object Repository/OCS-DESKTOP/Product page/Swatch_1g' is clicked on

2019-07-03 22:02:55 - [MESSAGE][PASSED] - Object: 'Object Repository/OCS-DESKTOP/Product page/Swatch_1g' is clicked on

2019-07-03 22:02:55 - [TEST_STEP][PASSED] - delay(2): Delayed 2 second(s)

2019-07-03 22:02:57 - [MESSAGE][PASSED] - Delayed 2 second(s)

2019-07-03 22:02:57 - [TEST_STEP][PASSED] - click(findTestObject("OCS-DESKTOP/Product page/Add to Bag-button")): Object: 'Object Repository/OCS-DESKTOP/Product page/Add to Bag-button' is clicked on

2019-07-03 22:02:57 - [MESSAGE][PASSED] - Object: 'Object Repository/OCS-DESKTOP/Product page/Add to Bag-button' is clicked on

2019-07-03 22:02:57 - [TEST_STEP][PASSED] - delay(1): Delayed 1 second(s)

2019-07-03 22:02:58 - [MESSAGE][PASSED] - Delayed 1 second(s)

2019-07-03 22:02:58 - [TEST_STEP][PASSED] - click(findTestObject("OCS-DESKTOP/Home - page/Cart icon -bag")): Object: 'Object Repository/OCS-DESKTOP/Home - page/Cart icon -bag' is clicked on

2019-07-03 22:02:59 - [MESSAGE][PASSED] - Object: 'Object Repository/OCS-DESKTOP/Home - page/Cart icon -bag' is clicked on

2019-07-03 22:02:59 - [TEST_STEP][PASSED] - delay(1): Delayed 1 second(s)

2019-07-03 22:03:00 - [MESSAGE][PASSED] - Delayed 1 second(s)

2019-07-03 22:03:00 - [TEST_STEP][PASSED] - click(findTestObject("OCS-DESKTOP/Cart flyout/Checkbox_I confirm that")): Object: 'Object Repository/OCS-DESKTOP/Cart flyout/Checkbox_I confirm that' is clicked on

2019-07-03 22:03:00 - [MESSAGE][PASSED] - Object: 'Object Repository/OCS-DESKTOP/Cart flyout/Checkbox_I confirm that' is clicked on

2019-07-03 22:03:00 - [TEST_STEP][PASSED] - delay(1): Delayed 1 second(s)

2019-07-03 22:03:01 - [MESSAGE][PASSED] - Delayed 1 second(s)

2019-07-03 22:03:01 - [TEST_STEP][PASSED] - click(findTestObject("OCS-DESKTOP/Cart flyout/Checkbox_Accept the Terms Condition")): Object: 'Object Repository/OCS-DESKTOP/Cart flyout/Checkbox_Accept the Terms Condition' is clicked on

2019-07-03 22:03:01 - [MESSAGE][PASSED] - Object: 'Object Repository/OCS-DESKTOP/Cart flyout/Checkbox_Accept the Terms Condition' is clicked on

2019-07-03 22:03:01 - [TEST_STEP][PASSED] - delay(1): Delayed 1 second(s)

2019-07-03 22:03:02 - [MESSAGE][PASSED] - Delayed 1 second(s)

2019-07-03 22:03:02 - [TEST_STEP][PASSED] - click(findTestObject("OCS-DESKTOP/Cart flyout/Checkout - Button")): Object: 'Object Repository/OCS-DESKTOP/Cart flyout/Checkout - Button' is clicked on

2019-07-03 22:03:04 - [MESSAGE][PASSED] - Object: 'Object Repository/OCS-DESKTOP/Cart flyout/Checkout - Button' is clicked on

2019-07-03 22:03:04 - [TEST_STEP][PASSED] - executeJavaScript("var previewBar = document.getElementById("preview-bar-iframe"); previewBar.style.display = "none";", []): Execute JavaScript 'var previewBar = document.getElementById("preview-bar-iframe"); previewBar.style.display = "none";' successfully

2019-07-03 22:03:05 - [MESSAGE][PASSED] - Execute JavaScript 'var previewBar = document.getElementById("preview-bar-iframe"); previewBar.style.display = "none";' successfully

2019-07-03 22:03:05 - [TEST_STEP][PASSED] - delay(1): Delayed 1 second(s)

2019-07-03 22:03:06 - [MESSAGE][PASSED] - Delayed 1 second(s)

2019-07-03 22:03:06 - [TEST_STEP][PASSED] - delay(2): Delayed 2 second(s)

2019-07-03 22:03:08 - [MESSAGE][PASSED] - Delayed 2 second(s)

2019-07-03 22:03:08 - [TEST_STEP][PASSED] - scrollToElement(findTestObject("OCS-DESKTOP/Customer info page/input_Email"), 0): Scroll to object 'Object Repository/OCS-DESKTOP/Customer info page/input_Email' successfully

2019-07-03 22:03:08 - [MESSAGE][WARNING] - Timeout '0' is invalid. Using default page load timeout: '30'

2019-07-03 22:03:08 - [MESSAGE][PASSED] - Scroll to object 'Object Repository/OCS-DESKTOP/Customer info page/input_Email' successfully

2019-07-03 22:03:08 - [TEST_STEP][PASSED] - setText(findTestObject("OCS-DESKTOP/Customer info page/input_Email"), "suman.kompelly@diffagency.com"): Text 'suman.kompelly@diffagency.com' is set on object 'Object Repository/OCS-DESKTOP/Customer info page/input_Email'

2019-07-03 22:03:08 - [MESSAGE][PASSED] - Text 'suman.kompelly@diffagency.com' is set on object 'Object Repository/OCS-DESKTOP/Customer info page/input_Email'

2019-07-03 22:03:08 - [TEST_STEP][PASSED] - setText(findTestObject("OCS-DESKTOP/Customer info page/input_First name"), "suman"): Text 'suman' is set on object 'Object Repository/OCS-DESKTOP/Customer info page/input_First name'

2019-07-03 22:03:08 - [MESSAGE][PASSED] - Text 'suman' is set on object 'Object Repository/OCS-DESKTOP/Customer info page/input_First name'

2019-07-03 22:03:08 - [TEST_STEP][PASSED] - setText(findTestObject("OCS-DESKTOP/Customer info page/input_Last name"), "kompelly"): Text 'kompelly' is set on object 'Object Repository/OCS-DESKTOP/Customer info page/input_Last name'

2019-07-03 22:03:08 - [MESSAGE][PASSED] - Text 'kompelly' is set on object 'Object Repository/OCS-DESKTOP/Customer info page/input_Last name'

2019-07-03 22:03:08 - [TEST_STEP][PASSED] - setText(findTestObject("OCS-DESKTOP/Customer info page/input_Address"), "300 saint alxendre"): Text '300 saint alxendre' is set on object 'Object Repository/OCS-DESKTOP/Customer info page/input_Address'

2019-07-03 22:03:08 - [MESSAGE][PASSED] - Text '300 saint alxendre' is set on object 'Object Repository/OCS-DESKTOP/Customer info page/input_Address'

2019-07-03 22:03:08 - [TEST_STEP][PASSED] - setText(findTestObject("OCS-DESKTOP/Customer info page/input_Apartment suite etc. (op"), "199"): Text '199' is set on object 'Object Repository/OCS-DESKTOP/Customer info page/input_Apartment suite etc. (op'

2019-07-03 22:03:08 - [MESSAGE][PASSED] - Text '199' is set on object 'Object Repository/OCS-DESKTOP/Customer info page/input_Apartment suite etc. (op'

2019-07-03 22:03:08 - [TEST_STEP][PASSED] - setText(findTestObject("OCS-DESKTOP/Customer info page/input_City"), "montreal"): Text 'montreal' is set on object 'Object Repository/OCS-DESKTOP/Customer info page/input_City'

2019-07-03 22:03:09 - [MESSAGE][PASSED] - Text 'montreal' is set on object 'Object Repository/OCS-DESKTOP/Customer info page/input_City'

2019-07-03 22:03:09 - [TEST_STEP][PASSED] - setText(findTestObject("OCS-DESKTOP/Customer info page/input_Postal code"), "n0R1K0"): Text 'n0R1K0' is set on object 'Object Repository/OCS-DESKTOP/Customer info page/input_Postal code'

2019-07-03 22:03:09 - [MESSAGE][PASSED] - Text 'n0R1K0' is set on object 'Object Repository/OCS-DESKTOP/Customer info page/input_Postal code'

2019-07-03 22:03:09 - [TEST_STEP][PASSED] - setText(findTestObject("OCS-DESKTOP/Customer info page/input_Phone"), "(514) 449-3882"): Text '(514) 449-3882' is set on object 'Object Repository/OCS-DESKTOP/Customer info page/input_Phone'

2019-07-03 22:03:09 - [MESSAGE][PASSED] - Text '(514) 449-3882' is set on object 'Object Repository/OCS-DESKTOP/Customer info page/input_Phone'

2019-07-03 22:03:09 - [TEST_STEP][PASSED] - delay(1): Delayed 1 second(s)

2019-07-03 22:03:10 - [MESSAGE][PASSED] - Delayed 1 second(s)

2019-07-03 22:03:10 - [TEST_STEP][PASSED] - click(findTestObject("OCS-DESKTOP/Customer info page/Return to Cart - Link")): Object: 'Object Repository/OCS-DESKTOP/Customer info page/Return to Cart - Link' is clicked on

2019-07-03 22:03:11 - [MESSAGE][PASSED] - Object: 'Object Repository/OCS-DESKTOP/Customer info page/Return to Cart - Link' is clicked on

2019-07-03 22:03:11 - [TEST_STEP][PASSED] - delay(2): Delayed 2 second(s)

2019-07-03 22:03:13 - [MESSAGE][PASSED] - Delayed 2 second(s)

2019-07-03 22:03:13 - [TEST_STEP][PASSED] - click(findTestObject("OCS-DESKTOP/Cart page/cart page-Checkbox_I confirm that")): Object: 'Object Repository/OCS-DESKTOP/Cart page/cart page-Checkbox_I confirm that' is clicked on

2019-07-03 22:03:13 - [MESSAGE][PASSED] - Object: 'Object Repository/OCS-DESKTOP/Cart page/cart page-Checkbox_I confirm that' is clicked on

2019-07-03 22:03:13 - [TEST_STEP][PASSED] - delay(2): Delayed 2 second(s)

2019-07-03 22:03:15 - [MESSAGE][PASSED] - Delayed 2 second(s)

2019-07-03 22:03:15 - [TEST_STEP][PASSED] - click(findTestObject("OCS-DESKTOP/Cart page/cart page - Checkbox_Accept the Terms Condition")): Object: 'Object Repository/OCS-DESKTOP/Cart page/cart page - Checkbox_Accept the Terms Condition' is clicked on

2019-07-03 22:03:16 - [MESSAGE][PASSED] - Object: 'Object Repository/OCS-DESKTOP/Cart page/cart page - Checkbox_Accept the Terms Condition' is clicked on

2019-07-03 22:03:16 - [TEST_STEP][PASSED] - delay(1): Delayed 1 second(s)

2019-07-03 22:03:17 - [MESSAGE][PASSED] - Delayed 1 second(s)

2019-07-03 22:03:17 - [TEST_STEP][PASSED] - click(findTestObject("OCS-DESKTOP/Cart page/Cart page -checkout button")): Object: 'Object Repository/OCS-DESKTOP/Cart page/Cart page -checkout button' is clicked on

2019-07-03 22:03:19 - [MESSAGE][PASSED] - Object: 'Object Repository/OCS-DESKTOP/Cart page/Cart page -checkout button' is clicked on

2019-07-03 22:03:19 - [TEST_STEP][PASSED] - setText(findTestObject("OCS-DESKTOP/Customer info page/input_Email"), "suman.kompelly@diffagency.com"): Text 'suman.kompelly@diffagency.com' is set on object 'Object Repository/OCS-DESKTOP/Customer info page/input_Email'

2019-07-03 22:03:19 - [MESSAGE][PASSED] - Text 'suman.kompelly@diffagency.com' is set on object 'Object Repository/OCS-DESKTOP/Customer info page/input_Email'

2019-07-03 22:03:19 - [TEST_STEP][PASSED] - setText(findTestObject("OCS-DESKTOP/Customer info page/input_First name"), "suman"): Text 'suman' is set on object 'Object Repository/OCS-DESKTOP/Customer info page/input_First name'

2019-07-03 22:03:19 - [MESSAGE][PASSED] - Text 'suman' is set on object 'Object Repository/OCS-DESKTOP/Customer info page/input_First name'

2019-07-03 22:03:19 - [TEST_STEP][PASSED] - setText(findTestObject("OCS-DESKTOP/Customer info page/input_Last name"), "kompelly"): Text 'kompelly' is set on object 'Object Repository/OCS-DESKTOP/Customer info page/input_Last name'

2019-07-03 22:03:19 - [MESSAGE][PASSED] - Text 'kompelly' is set on object 'Object Repository/OCS-DESKTOP/Customer info page/input_Last name'

2019-07-03 22:03:19 - [TEST_STEP][PASSED] - setText(findTestObject("OCS-DESKTOP/Customer info page/input_Address"), "300 saint alxendre"): Text '300 saint alxendre' is set on object 'Object Repository/OCS-DESKTOP/Customer info page/input_Address'

2019-07-03 22:03:19 - [MESSAGE][PASSED] - Text '300 saint alxendre' is set on object 'Object Repository/OCS-DESKTOP/Customer info page/input_Address'

2019-07-03 22:03:19 - [TEST_STEP][PASSED] - setText(findTestObject("OCS-DESKTOP/Customer info page/input_Apartment suite etc. (op"), "199"): Text '199' is set on object 'Object Repository/OCS-DESKTOP/Customer info page/input_Apartment suite etc. (op'

2019-07-03 22:03:20 - [MESSAGE][PASSED] - Text '199' is set on object 'Object Repository/OCS-DESKTOP/Customer info page/input_Apartment suite etc. (op'

2019-07-03 22:03:20 - [TEST_STEP][PASSED] - setText(findTestObject("OCS-DESKTOP/Customer info page/input_City"), "montreal"): Text 'montreal' is set on object 'Object Repository/OCS-DESKTOP/Customer info page/input_City'

2019-07-03 22:03:20 - [MESSAGE][PASSED] - Text 'montreal' is set on object 'Object Repository/OCS-DESKTOP/Customer info page/input_City'

2019-07-03 22:03:20 - [TEST_STEP][PASSED] - setText(findTestObject("OCS-DESKTOP/Customer info page/input_Postal code"), "n0R1K0"): Text 'n0R1K0' is set on object 'Object Repository/OCS-DESKTOP/Customer info page/input_Postal code'

2019-07-03 22:03:20 - [MESSAGE][PASSED] - Text 'n0R1K0' is set on object 'Object Repository/OCS-DESKTOP/Customer info page/input_Postal code'

2019-07-03 22:03:20 - [TEST_STEP][PASSED] - setText(findTestObject("OCS-DESKTOP/Customer info page/input_Phone"), "(514) 449-3882"): Text '(514) 449-3882' is set on object 'Object Repository/OCS-DESKTOP/Customer info page/input_Phone'

2019-07-03 22:03:20 - [MESSAGE][PASSED] - Text '(514) 449-3882' is set on object 'Object Repository/OCS-DESKTOP/Customer info page/input_Phone'

2019-07-03 22:03:20 - [TEST_STEP][PASSED] - delay(1): Delayed 1 second(s)

2019-07-03 22:03:21 - [MESSAGE][PASSED] - Delayed 1 second(s)

2019-07-03 22:03:21 - [TEST_STEP][PASSED] - executeJavaScript("var previewBar = document.getElementById("preview-bar-iframe"); previewBar.style.display = "none";", []): Execute JavaScript 'var previewBar = document.getElementById("preview-bar-iframe"); previewBar.style.display = "none";' successfully

2019-07-03 22:03:21 - [MESSAGE][PASSED] - Execute JavaScript 'var previewBar = document.getElementById("preview-bar-iframe"); previewBar.style.display = "none";' successfully

2019-07-03 22:03:21 - [TEST_STEP][PASSED] - click(findTestObject("OCS-DESKTOP/Customer info page/Continue to shipping method - Button")): Object: 'Object Repository/OCS-DESKTOP/Customer info page/Continue to shipping method - Button' is clicked on

2019-07-03 22:03:22 - [MESSAGE][PASSED] - Object: 'Object Repository/OCS-DESKTOP/Customer info page/Continue to shipping method - Button' is clicked on

2019-07-03 22:03:22 - [TEST_STEP][PASSED] - closeBrowser(): Browser is closed

2019-07-03 22:03:23 - [MESSAGE][PASSED] - Browser is closed]]></system-out>
         <system-err><![CDATA[]]></system-err>
      </testcase>
      <testcase name="Test Cases/OCS - DESKTOP/OCS- CRITICAL PATH/Cart flyout-tooltips" classname="Test Cases/OCS - DESKTOP/OCS- CRITICAL PATH/Cart flyout-tooltips" status="PASSED">
         <system-out><![CDATA[2019-07-03 22:03:23 - [TEST_CASE][PASSED] - Test Cases/OCS - DESKTOP/OCS- CRITICAL PATH/Cart flyout-tooltips: Test Cases/OCS - DESKTOP/OCS- CRITICAL PATH/Cart flyout-tooltips

2019-07-03 22:03:23 - [TEST_STEP][PASSED] - callTestCase(findTestCase("OCS - DESKTOP/CALL- Age gate"), [:], STOP_ON_FAILURE): Call Test Case 'Test Cases/OCS - DESKTOP/CALL- Age gate' successfully

2019-07-03 22:03:23 - [TEST_CASE][PASSED] - Test Cases/OCS - DESKTOP/CALL- Age gate: Test Cases/OCS - DESKTOP/CALL- Age gate

2019-07-03 22:03:23 - [TEST_STEP][PASSED] - openBrowser(""): Browser is opened with url: ''

2019-07-03 22:03:23 - [MESSAGE][INFO] - Starting 'Firefox' driver

2019-07-03 22:03:25 - [MESSAGE][PASSED] - Browser is opened with url: ''

2019-07-03 22:03:25 - [TEST_STEP][PASSED] - navigateToUrl("https://ocs.ca/?fts=0&preview_theme_id=74203891532"): Navigate to 'https://ocs.ca/?fts=0&preview_theme_id=74203891532' successfully

2019-07-03 22:03:29 - [MESSAGE][PASSED] - Navigate to 'https://ocs.ca/?fts=0&preview_theme_id=74203891532' successfully

2019-07-03 22:03:29 - [TEST_STEP][PASSED] - maximizeWindow(): Current window maximized

2019-07-03 22:03:30 - [MESSAGE][PASSED] - Current window maximized

2019-07-03 22:03:30 - [TEST_STEP][PASSED] - delay(2): Delayed 2 second(s)

2019-07-03 22:03:32 - [MESSAGE][PASSED] - Delayed 2 second(s)

2019-07-03 22:03:32 - [TEST_STEP][PASSED] - executeJavaScript("var previewBar = document.getElementById("preview-bar-iframe"); previewBar.style.display = "none";", []): Execute JavaScript 'var previewBar = document.getElementById("preview-bar-iframe"); previewBar.style.display = "none";' successfully

2019-07-03 22:03:32 - [MESSAGE][PASSED] - Execute JavaScript 'var previewBar = document.getElementById("preview-bar-iframe"); previewBar.style.display = "none";' successfully

2019-07-03 22:03:32 - [TEST_STEP][PASSED] - selectOptionByValue(findTestObject("OCS-DESKTOP/Age gate and Mega menu/Date"), "12", true): All options with value '12' are selected in object 'Object Repository/OCS-DESKTOP/Age gate and Mega menu/Date'  using regular expression

2019-07-03 22:03:32 - [MESSAGE][PASSED] - All options with value '12' are selected in object 'Object Repository/OCS-DESKTOP/Age gate and Mega menu/Date'  using regular expression

2019-07-03 22:03:32 - [TEST_STEP][PASSED] - selectOptionByValue(findTestObject("OCS-DESKTOP/Age gate and Mega menu/month"), "6", true): All options with value '6' are selected in object 'Object Repository/OCS-DESKTOP/Age gate and Mega menu/month'  using regular expression

2019-07-03 22:03:33 - [MESSAGE][PASSED] - All options with value '6' are selected in object 'Object Repository/OCS-DESKTOP/Age gate and Mega menu/month'  using regular expression

2019-07-03 22:03:33 - [TEST_STEP][PASSED] - delay(2): Delayed 2 second(s)

2019-07-03 22:03:35 - [MESSAGE][PASSED] - Delayed 2 second(s)

2019-07-03 22:03:35 - [TEST_STEP][PASSED] - selectOptionByValue(findTestObject("OCS-DESKTOP/Age gate and Mega menu/Year Dropdown"), "1990", true): All options with value '1990' are selected in object 'Object Repository/OCS-DESKTOP/Age gate and Mega menu/Year Dropdown'  using regular expression

2019-07-03 22:03:36 - [MESSAGE][PASSED] - All options with value '1990' are selected in object 'Object Repository/OCS-DESKTOP/Age gate and Mega menu/Year Dropdown'  using regular expression

2019-07-03 22:03:36 - [TEST_STEP][PASSED] - click(findTestObject("OCS-DESKTOP/Age gate and Mega menu/button_Verify")): Object: 'Object Repository/OCS-DESKTOP/Age gate and Mega menu/button_Verify' is clicked on

2019-07-03 22:03:37 - [MESSAGE][PASSED] - Object: 'Object Repository/OCS-DESKTOP/Age gate and Mega menu/button_Verify' is clicked on

2019-07-03 22:03:37 - [TEST_STEP][PASSED] - click(findTestObject("OCS-DESKTOP/Age gate and Mega menu/Checkbox_CONFIRM AND ACKNOWLEDGE")): Object: 'Object Repository/OCS-DESKTOP/Age gate and Mega menu/Checkbox_CONFIRM AND ACKNOWLEDGE' is clicked on

2019-07-03 22:03:37 - [MESSAGE][PASSED] - Object: 'Object Repository/OCS-DESKTOP/Age gate and Mega menu/Checkbox_CONFIRM AND ACKNOWLEDGE' is clicked on

2019-07-03 22:03:37 - [TEST_STEP][PASSED] - click(findTestObject("OCS-DESKTOP/Age gate and Mega menu/button_CONFIRM")): Object: 'Object Repository/OCS-DESKTOP/Age gate and Mega menu/button_CONFIRM' is clicked on

2019-07-03 22:03:37 - [MESSAGE][PASSED] - Object: 'Object Repository/OCS-DESKTOP/Age gate and Mega menu/button_CONFIRM' is clicked on

2019-07-03 22:03:37 - [TEST_STEP][PASSED] - click(findTestObject("OCS-DESKTOP/Age gate and Mega menu/button_Start Browsing")): Object: 'Object Repository/OCS-DESKTOP/Age gate and Mega menu/button_Start Browsing' is clicked on

2019-07-03 22:03:37 - [MESSAGE][PASSED] - Object: 'Object Repository/OCS-DESKTOP/Age gate and Mega menu/button_Start Browsing' is clicked on

2019-07-03 22:03:37 - [TEST_STEP][PASSED] - delay(2): Delayed 2 second(s)

2019-07-03 22:03:39 - [MESSAGE][PASSED] - Delayed 2 second(s)

2019-07-03 22:03:39 - [TEST_STEP][PASSED] - refresh(): Refresh successfully

2019-07-03 22:03:43 - [MESSAGE][PASSED] - Refresh successfully

2019-07-03 22:03:43 - [MESSAGE][PASSED] - Call Test Case 'Test Cases/OCS - DESKTOP/CALL- Age gate' successfully

2019-07-03 22:03:43 - [TEST_STEP][PASSED] - delay(2): Delayed 2 second(s)

2019-07-03 22:03:45 - [MESSAGE][PASSED] - Delayed 2 second(s)

2019-07-03 22:03:45 - [TEST_STEP][PASSED] - refresh(): Refresh successfully

2019-07-03 22:03:48 - [MESSAGE][PASSED] - Refresh successfully

2019-07-03 22:03:48 - [TEST_STEP][PASSED] - click(findTestObject("OCS-DESKTOP/Age gate and Mega menu/Header/CANNABIS menu - English")): Object: 'Object Repository/OCS-DESKTOP/Age gate and Mega menu/Header/CANNABIS menu - English' is clicked on

2019-07-03 22:03:49 - [MESSAGE][PASSED] - Object: 'Object Repository/OCS-DESKTOP/Age gate and Mega menu/Header/CANNABIS menu - English' is clicked on

2019-07-03 22:03:49 - [TEST_STEP][PASSED] - delay(4): Delayed 4 second(s)

2019-07-03 22:03:53 - [MESSAGE][PASSED] - Delayed 4 second(s)

2019-07-03 22:03:53 - [TEST_STEP][NOT_RUN] - maximizeWindow(): NOT_RUN: maximizeWindow()

2019-07-03 22:03:53 - [MESSAGE][NOT_RUN] - NOT_RUN: maximizeWindow()

2019-07-03 22:03:53 - [TEST_STEP][PASSED] - click(findTestObject("OCS-DESKTOP/Age gate and Mega menu/Indica Dominant_Menu item")): Object: 'Object Repository/OCS-DESKTOP/Age gate and Mega menu/Indica Dominant_Menu item' is clicked on

2019-07-03 22:03:55 - [MESSAGE][PASSED] - Object: 'Object Repository/OCS-DESKTOP/Age gate and Mega menu/Indica Dominant_Menu item' is clicked on

2019-07-03 22:03:55 - [TEST_STEP][PASSED] - delay(2): Delayed 2 second(s)

2019-07-03 22:03:57 - [MESSAGE][PASSED] - Delayed 2 second(s)

2019-07-03 22:03:57 - [TEST_STEP][PASSED] - executeJavaScript("var previewBar = document.getElementById("preview-bar-iframe"); previewBar.style.display = "none";", []): Execute JavaScript 'var previewBar = document.getElementById("preview-bar-iframe"); previewBar.style.display = "none";' successfully

2019-07-03 22:03:57 - [MESSAGE][PASSED] - Execute JavaScript 'var previewBar = document.getElementById("preview-bar-iframe"); previewBar.style.display = "none";' successfully

2019-07-03 22:03:57 - [TEST_STEP][PASSED] - click(findTestObject("OCS-DESKTOP/Collection page/Product image - 1st one")): Object: 'Object Repository/OCS-DESKTOP/Collection page/Product image - 1st one' is clicked on

2019-07-03 22:03:59 - [MESSAGE][PASSED] - Object: 'Object Repository/OCS-DESKTOP/Collection page/Product image - 1st one' is clicked on

2019-07-03 22:03:59 - [TEST_STEP][PASSED] - delay(3): Delayed 3 second(s)

2019-07-03 22:04:02 - [MESSAGE][PASSED] - Delayed 3 second(s)

2019-07-03 22:04:02 - [TEST_STEP][PASSED] - executeJavaScript("var previewBar = document.getElementById("preview-bar-iframe"); previewBar.style.display = "none";", []): Execute JavaScript 'var previewBar = document.getElementById("preview-bar-iframe"); previewBar.style.display = "none";' successfully

2019-07-03 22:04:02 - [MESSAGE][PASSED] - Execute JavaScript 'var previewBar = document.getElementById("preview-bar-iframe"); previewBar.style.display = "none";' successfully

2019-07-03 22:04:02 - [TEST_STEP][NOT_RUN] - scrollToElement(findTestObject("OCS-DESKTOP/Product page/Product image"), 1): NOT_RUN: scrollToElement(findTestObject("OCS-DESKTOP/Product page/Product image"), 1)

2019-07-03 22:04:02 - [MESSAGE][NOT_RUN] - NOT_RUN: scrollToElement(findTestObject("OCS-DESKTOP/Product page/Product image"), 1)

2019-07-03 22:04:02 - [TEST_STEP][PASSED] - click(findTestObject("OCS-DESKTOP/Product page/Swatch_1g")): Object: 'Object Repository/OCS-DESKTOP/Product page/Swatch_1g' is clicked on

2019-07-03 22:04:02 - [MESSAGE][PASSED] - Object: 'Object Repository/OCS-DESKTOP/Product page/Swatch_1g' is clicked on

2019-07-03 22:04:02 - [TEST_STEP][PASSED] - delay(2): Delayed 2 second(s)

2019-07-03 22:04:04 - [MESSAGE][PASSED] - Delayed 2 second(s)

2019-07-03 22:04:04 - [TEST_STEP][PASSED] - click(findTestObject("OCS-DESKTOP/Product page/Add to Bag-button")): Object: 'Object Repository/OCS-DESKTOP/Product page/Add to Bag-button' is clicked on

2019-07-03 22:04:05 - [MESSAGE][PASSED] - Object: 'Object Repository/OCS-DESKTOP/Product page/Add to Bag-button' is clicked on

2019-07-03 22:04:05 - [TEST_STEP][PASSED] - delay(1): Delayed 1 second(s)

2019-07-03 22:04:06 - [MESSAGE][PASSED] - Delayed 1 second(s)

2019-07-03 22:04:06 - [TEST_STEP][PASSED] - click(findTestObject("OCS-DESKTOP/Home - page/Cart icon -bag"), OPTIONAL): Object: 'Object Repository/OCS-DESKTOP/Home - page/Cart icon -bag' is clicked on

2019-07-03 22:04:06 - [MESSAGE][PASSED] - Object: 'Object Repository/OCS-DESKTOP/Home - page/Cart icon -bag' is clicked on

2019-07-03 22:04:06 - [TEST_STEP][PASSED] - delay(1): Delayed 1 second(s)

2019-07-03 22:04:07 - [MESSAGE][PASSED] - Delayed 1 second(s)

2019-07-03 22:04:07 - [TEST_STEP][PASSED] - mouseOver(findTestObject("OCS-DESKTOP/Cart flyout/tool tip - TOP")): Object: 'Object Repository/OCS-DESKTOP/Cart flyout/tool tip - TOP' is hovered

2019-07-03 22:04:07 - [MESSAGE][PASSED] - Object: 'Object Repository/OCS-DESKTOP/Cart flyout/tool tip - TOP' is hovered

2019-07-03 22:04:07 - [TEST_STEP][PASSED] - delay(3): Delayed 3 second(s)

2019-07-03 22:04:10 - [MESSAGE][PASSED] - Delayed 3 second(s)

2019-07-03 22:04:10 - [TEST_STEP][PASSED] - delay(2): Delayed 2 second(s)

2019-07-03 22:04:12 - [MESSAGE][PASSED] - Delayed 2 second(s)

2019-07-03 22:04:12 - [TEST_STEP][PASSED] - mouseOver(findTestObject("OCS-DESKTOP/Cart flyout/tool tip -DOWN")): Object: 'Object Repository/OCS-DESKTOP/Cart flyout/tool tip -DOWN' is hovered

2019-07-03 22:04:12 - [MESSAGE][PASSED] - Object: 'Object Repository/OCS-DESKTOP/Cart flyout/tool tip -DOWN' is hovered]]></system-out>
         <system-err><![CDATA[]]></system-err>
      </testcase>
      <testcase name="Test Cases/OCS - DESKTOP/OCS- CRITICAL PATH/Cart" classname="Test Cases/OCS - DESKTOP/OCS- CRITICAL PATH/Cart" status="FAILED">
         <failure type="FAILED" message="Test Cases/OCS - DESKTOP/OCS- CRITICAL PATH/Cart FAILED.
Reason:
com.kms.katalon.core.exception.StepFailedException: Unable to click on object 'Object Repository/OCS-DESKTOP/Product page/Swatch_3.5g' (Root cause: org.openqa.selenium.ElementClickInterceptedException: Element &lt;span class=&quot;swatch__title&quot;> is not clickable at point (962,459) because another element &lt;a class=&quot;menu__featured-item__link&quot; href=&quot;/collections/best-sellers&quot;> obscures it
Build info: version: '3.7.1', revision: '8a0099a', time: '2017-11-06T21:07:36.161Z'
System info: host: 'sumans-MacBook-Pro.local', ip: 'fe80:0:0:0:10b5:ab76:5e8b:ef36%en0', os.name: 'Mac OS X', os.arch: 'x86_64', os.version: '10.13.6', java.version: '1.8.0_181'
Driver info: com.kms.katalon.core.webui.driver.firefox.CGeckoDriver
Capabilities {acceptInsecureCerts: true, browserName: firefox, browserVersion: 67.0.4, javascriptEnabled: true, moz:accessibilityChecks: false, moz:buildID: 20190619235627, moz:geckodriverVersion: 0.23.0, moz:headless: false, moz:processID: 531, moz:profile: /var/folders/1t/c55l8xzs6gq..., moz:shutdownTimeout: 60000, moz:useNonSpecCompliantPointerOrigin: false, moz:webdriverClick: true, pageLoadStrategy: normal, platform: MAC, platformName: MAC, platformVersion: 17.7.0, proxy: Proxy(direct), rotatable: false, setWindowRect: true, strictFileInteractability: false, timeouts: {implicit: 0, pageLoad: 300000, script: 30000}, unhandledPromptBehavior: dismiss and notify}
Session ID: b39fb8dd-ff4c-1245-883c-da0e47d6699a)
	at com.kms.katalon.core.keyword.internal.KeywordMain.stepFailed(KeywordMain.groovy:32)
	at com.kms.katalon.core.webui.keyword.internal.WebUIKeywordMain.stepFailed(WebUIKeywordMain.groovy:65)
	at com.kms.katalon.core.webui.keyword.internal.WebUIKeywordMain.runKeyword(WebUIKeywordMain.groovy:27)
	at com.kms.katalon.core.webui.keyword.builtin.ClickKeyword.click(ClickKeyword.groovy:86)
	at com.kms.katalon.core.webui.keyword.builtin.ClickKeyword.execute(ClickKeyword.groovy:67)
	at com.kms.katalon.core.keyword.internal.KeywordExecutor.executeKeywordForPlatform(KeywordExecutor.groovy:53)
	at com.kms.katalon.core.webui.keyword.WebUiBuiltInKeywords.click(WebUiBuiltInKeywords.groovy:604)
	at com.kms.katalon.core.webui.keyword.WebUiBuiltInKeywords$click$6.call(Unknown Source)
	at Cart.run(Cart:52)
	at com.kms.katalon.core.main.ScriptEngine.run(ScriptEngine.java:194)
	at com.kms.katalon.core.main.ScriptEngine.runScriptAsRawText(ScriptEngine.java:119)
	at com.kms.katalon.core.main.TestCaseExecutor.runScript(TestCaseExecutor.java:328)
	at com.kms.katalon.core.main.TestCaseExecutor.doExecute(TestCaseExecutor.java:319)
	at com.kms.katalon.core.main.TestCaseExecutor.processExecutionPhase(TestCaseExecutor.java:298)
	at com.kms.katalon.core.main.TestCaseExecutor.accessMainPhase(TestCaseExecutor.java:290)
	at com.kms.katalon.core.main.TestCaseExecutor.execute(TestCaseExecutor.java:224)
	at com.kms.katalon.core.main.TestSuiteExecutor.accessTestCaseMainPhase(TestSuiteExecutor.java:129)
	at com.kms.katalon.core.main.TestSuiteExecutor.accessTestSuiteMainPhase(TestSuiteExecutor.java:112)
	at com.kms.katalon.core.main.TestSuiteExecutor.execute(TestSuiteExecutor.java:81)
	at com.kms.katalon.core.main.TestCaseMain.startTestSuite(TestCaseMain.java:149)
	at com.kms.katalon.core.main.TestCaseMain$startTestSuite$0.call(Unknown Source)
	at TempTestSuite1562205541804.run(TempTestSuite1562205541804.groovy:36)
"/>
         <system-out><![CDATA[2019-07-03 22:04:12 - [TEST_CASE][FAILED] - Test Cases/OCS - DESKTOP/OCS- CRITICAL PATH/Cart: Test Cases/OCS - DESKTOP/OCS- CRITICAL PATH/Cart FAILED.
Reason:
com.kms.katalon.core.exception.StepFailedException: Unable to click on object 'Object Repository/OCS-DESKTOP/Product page/Swatch_3.5g' (Root cause: org.openqa.selenium.ElementClickInterceptedException: Element <span class="swatch__title"> is not clickable at point (962,459) because another element <a class="menu__featured-item__link" href="/collections/best-sellers"> obscures it
Build info: version: '3.7.1', revision: '8a0099a', time: '2017-11-06T21:07:36.161Z'
System info: host: 'sumans-MacBook-Pro.local', ip: 'fe80:0:0:0:10b5:ab76:5e8b:ef36%en0', os.name: 'Mac OS X', os.arch: 'x86_64', os.version: '10.13.6', java.version: '1.8.0_181'
Driver info: com.kms.katalon.core.webui.driver.firefox.CGeckoDriver
Capabilities {acceptInsecureCerts: true, browserName: firefox, browserVersion: 67.0.4, javascriptEnabled: true, moz:accessibilityChecks: false, moz:buildID: 20190619235627, moz:geckodriverVersion: 0.23.0, moz:headless: false, moz:processID: 531, moz:profile: /var/folders/1t/c55l8xzs6gq..., moz:shutdownTimeout: 60000, moz:useNonSpecCompliantPointerOrigin: false, moz:webdriverClick: true, pageLoadStrategy: normal, platform: MAC, platformName: MAC, platformVersion: 17.7.0, proxy: Proxy(direct), rotatable: false, setWindowRect: true, strictFileInteractability: false, timeouts: {implicit: 0, pageLoad: 300000, script: 30000}, unhandledPromptBehavior: dismiss and notify}
Session ID: b39fb8dd-ff4c-1245-883c-da0e47d6699a)
	at com.kms.katalon.core.keyword.internal.KeywordMain.stepFailed(KeywordMain.groovy:32)
	at com.kms.katalon.core.webui.keyword.internal.WebUIKeywordMain.stepFailed(WebUIKeywordMain.groovy:65)
	at com.kms.katalon.core.webui.keyword.internal.WebUIKeywordMain.runKeyword(WebUIKeywordMain.groovy:27)
	at com.kms.katalon.core.webui.keyword.builtin.ClickKeyword.click(ClickKeyword.groovy:86)
	at com.kms.katalon.core.webui.keyword.builtin.ClickKeyword.execute(ClickKeyword.groovy:67)
	at com.kms.katalon.core.keyword.internal.KeywordExecutor.executeKeywordForPlatform(KeywordExecutor.groovy:53)
	at com.kms.katalon.core.webui.keyword.WebUiBuiltInKeywords.click(WebUiBuiltInKeywords.groovy:604)
	at com.kms.katalon.core.webui.keyword.WebUiBuiltInKeywords$click$6.call(Unknown Source)
	at Cart.run(Cart:52)
	at com.kms.katalon.core.main.ScriptEngine.run(ScriptEngine.java:194)
	at com.kms.katalon.core.main.ScriptEngine.runScriptAsRawText(ScriptEngine.java:119)
	at com.kms.katalon.core.main.TestCaseExecutor.runScript(TestCaseExecutor.java:328)
	at com.kms.katalon.core.main.TestCaseExecutor.doExecute(TestCaseExecutor.java:319)
	at com.kms.katalon.core.main.TestCaseExecutor.processExecutionPhase(TestCaseExecutor.java:298)
	at com.kms.katalon.core.main.TestCaseExecutor.accessMainPhase(TestCaseExecutor.java:290)
	at com.kms.katalon.core.main.TestCaseExecutor.execute(TestCaseExecutor.java:224)
	at com.kms.katalon.core.main.TestSuiteExecutor.accessTestCaseMainPhase(TestSuiteExecutor.java:129)
	at com.kms.katalon.core.main.TestSuiteExecutor.accessTestSuiteMainPhase(TestSuiteExecutor.java:112)
	at com.kms.katalon.core.main.TestSuiteExecutor.execute(TestSuiteExecutor.java:81)
	at com.kms.katalon.core.main.TestCaseMain.startTestSuite(TestCaseMain.java:149)
	at com.kms.katalon.core.main.TestCaseMain$startTestSuite$0.call(Unknown Source)
	at TempTestSuite1562205541804.run(TempTestSuite1562205541804.groovy:36)


2019-07-03 22:04:12 - [TEST_STEP][PASSED] - callTestCase(findTestCase("OCS - DESKTOP/CALL - Navigate to PDP"), [:], STOP_ON_FAILURE): Call Test Case 'Test Cases/OCS - DESKTOP/CALL - Navigate to PDP' successfully

2019-07-03 22:04:12 - [TEST_CASE][PASSED] - Test Cases/OCS - DESKTOP/CALL - Navigate to PDP: Test Cases/OCS - DESKTOP/CALL - Navigate to PDP

2019-07-03 22:04:12 - [TEST_STEP][PASSED] - openBrowser(""): Browser is opened with url: ''

2019-07-03 22:04:12 - [MESSAGE][WARNING] - A browser is already opened. Closing browser and opening a new one

2019-07-03 22:04:13 - [MESSAGE][INFO] - Starting 'Firefox' driver

2019-07-03 22:04:16 - [MESSAGE][PASSED] - Browser is opened with url: ''

2019-07-03 22:04:16 - [TEST_STEP][PASSED] - maximizeWindow(): Current window maximized

2019-07-03 22:04:17 - [MESSAGE][PASSED] - Current window maximized

2019-07-03 22:04:17 - [TEST_STEP][PASSED] - navigateToUrl("https://ocs.ca/?fts=0&preview_theme_id=74203891532"): Navigate to 'https://ocs.ca/?fts=0&preview_theme_id=74203891532' successfully

2019-07-03 22:04:23 - [MESSAGE][PASSED] - Navigate to 'https://ocs.ca/?fts=0&preview_theme_id=74203891532' successfully

2019-07-03 22:04:23 - [TEST_STEP][PASSED] - executeJavaScript("var previewBar = document.getElementById("preview-bar-iframe"); previewBar.style.display = "none";", []): Execute JavaScript 'var previewBar = document.getElementById("preview-bar-iframe"); previewBar.style.display = "none";' successfully

2019-07-03 22:04:23 - [MESSAGE][PASSED] - Execute JavaScript 'var previewBar = document.getElementById("preview-bar-iframe"); previewBar.style.display = "none";' successfully

2019-07-03 22:04:23 - [TEST_STEP][PASSED] - delay(4): Delayed 4 second(s)

2019-07-03 22:04:27 - [MESSAGE][PASSED] - Delayed 4 second(s)

2019-07-03 22:04:27 - [TEST_STEP][PASSED] - selectOptionByValue(findTestObject("OCS-DESKTOP/Age gate and Mega menu/Date"), "12", true): All options with value '12' are selected in object 'Object Repository/OCS-DESKTOP/Age gate and Mega menu/Date'  using regular expression

2019-07-03 22:04:28 - [MESSAGE][PASSED] - All options with value '12' are selected in object 'Object Repository/OCS-DESKTOP/Age gate and Mega menu/Date'  using regular expression

2019-07-03 22:04:28 - [TEST_STEP][PASSED] - selectOptionByValue(findTestObject("OCS-DESKTOP/Age gate and Mega menu/month"), "6", true): All options with value '6' are selected in object 'Object Repository/OCS-DESKTOP/Age gate and Mega menu/month'  using regular expression

2019-07-03 22:04:28 - [MESSAGE][PASSED] - All options with value '6' are selected in object 'Object Repository/OCS-DESKTOP/Age gate and Mega menu/month'  using regular expression

2019-07-03 22:04:28 - [TEST_STEP][PASSED] - delay(2): Delayed 2 second(s)

2019-07-03 22:04:30 - [MESSAGE][PASSED] - Delayed 2 second(s)

2019-07-03 22:04:30 - [TEST_STEP][PASSED] - selectOptionByValue(findTestObject("OCS-DESKTOP/Age gate and Mega menu/Year Dropdown"), "1990", true): All options with value '1990' are selected in object 'Object Repository/OCS-DESKTOP/Age gate and Mega menu/Year Dropdown'  using regular expression

2019-07-03 22:04:32 - [MESSAGE][PASSED] - All options with value '1990' are selected in object 'Object Repository/OCS-DESKTOP/Age gate and Mega menu/Year Dropdown'  using regular expression

2019-07-03 22:04:32 - [TEST_STEP][PASSED] - click(findTestObject("OCS-DESKTOP/Age gate and Mega menu/button_Verify")): Object: 'Object Repository/OCS-DESKTOP/Age gate and Mega menu/button_Verify' is clicked on

2019-07-03 22:04:32 - [MESSAGE][PASSED] - Object: 'Object Repository/OCS-DESKTOP/Age gate and Mega menu/button_Verify' is clicked on

2019-07-03 22:04:32 - [TEST_STEP][PASSED] - click(findTestObject("OCS-DESKTOP/Age gate and Mega menu/Checkbox_CONFIRM AND ACKNOWLEDGE")): Object: 'Object Repository/OCS-DESKTOP/Age gate and Mega menu/Checkbox_CONFIRM AND ACKNOWLEDGE' is clicked on

2019-07-03 22:04:32 - [MESSAGE][PASSED] - Object: 'Object Repository/OCS-DESKTOP/Age gate and Mega menu/Checkbox_CONFIRM AND ACKNOWLEDGE' is clicked on

2019-07-03 22:04:32 - [TEST_STEP][PASSED] - click(findTestObject("OCS-DESKTOP/Age gate and Mega menu/button_CONFIRM")): Object: 'Object Repository/OCS-DESKTOP/Age gate and Mega menu/button_CONFIRM' is clicked on

2019-07-03 22:04:33 - [MESSAGE][PASSED] - Object: 'Object Repository/OCS-DESKTOP/Age gate and Mega menu/button_CONFIRM' is clicked on

2019-07-03 22:04:33 - [TEST_STEP][PASSED] - click(findTestObject("OCS-DESKTOP/Age gate and Mega menu/button_Start Browsing")): Object: 'Object Repository/OCS-DESKTOP/Age gate and Mega menu/button_Start Browsing' is clicked on

2019-07-03 22:04:33 - [MESSAGE][PASSED] - Object: 'Object Repository/OCS-DESKTOP/Age gate and Mega menu/button_Start Browsing' is clicked on

2019-07-03 22:04:33 - [TEST_STEP][PASSED] - delay(2): Delayed 2 second(s)

2019-07-03 22:04:35 - [MESSAGE][PASSED] - Delayed 2 second(s)

2019-07-03 22:04:35 - [TEST_STEP][PASSED] - navigateToUrl("https://ocs.ca/products/la-confidential"): Navigate to 'https://ocs.ca/products/la-confidential' successfully

2019-07-03 22:04:37 - [MESSAGE][PASSED] - Navigate to 'https://ocs.ca/products/la-confidential' successfully

2019-07-03 22:04:37 - [TEST_STEP][PASSED] - executeJavaScript("var previewBar = document.getElementById("preview-bar-iframe"); previewBar.style.display = "none";", []): Execute JavaScript 'var previewBar = document.getElementById("preview-bar-iframe"); previewBar.style.display = "none";' successfully

2019-07-03 22:04:37 - [MESSAGE][PASSED] - Execute JavaScript 'var previewBar = document.getElementById("preview-bar-iframe"); previewBar.style.display = "none";' successfully

2019-07-03 22:04:37 - [MESSAGE][PASSED] - Call Test Case 'Test Cases/OCS - DESKTOP/CALL - Navigate to PDP' successfully

2019-07-03 22:04:37 - [TEST_STEP][NOT_RUN] - scrollToElement(findTestObject("OCS-DESKTOP/Product page/Product image"), 1): NOT_RUN: scrollToElement(findTestObject("OCS-DESKTOP/Product page/Product image"), 1)

2019-07-03 22:04:37 - [MESSAGE][NOT_RUN] - NOT_RUN: scrollToElement(findTestObject("OCS-DESKTOP/Product page/Product image"), 1)

2019-07-03 22:04:37 - [TEST_STEP][PASSED] - delay(2): Delayed 2 second(s)

2019-07-03 22:04:39 - [MESSAGE][PASSED] - Delayed 2 second(s)

2019-07-03 22:04:39 - [TEST_STEP][PASSED] - executeJavaScript("var previewBar = document.getElementById("preview-bar-iframe"); previewBar.style.display = "none";", []): Execute JavaScript 'var previewBar = document.getElementById("preview-bar-iframe"); previewBar.style.display = "none";' successfully

2019-07-03 22:04:39 - [MESSAGE][PASSED] - Execute JavaScript 'var previewBar = document.getElementById("preview-bar-iframe"); previewBar.style.display = "none";' successfully

2019-07-03 22:04:39 - [TEST_STEP][PASSED] - click(findTestObject("OCS-DESKTOP/Product page/Swatch_1g")): Object: 'Object Repository/OCS-DESKTOP/Product page/Swatch_1g' is clicked on

2019-07-03 22:04:39 - [MESSAGE][PASSED] - Object: 'Object Repository/OCS-DESKTOP/Product page/Swatch_1g' is clicked on

2019-07-03 22:04:39 - [TEST_STEP][NOT_RUN] - scrollToElement(findTestObject("OCS-DESKTOP/Product page/Swatch_3.5g"), 1): NOT_RUN: scrollToElement(findTestObject("OCS-DESKTOP/Product page/Swatch_3.5g"), 1)

2019-07-03 22:04:39 - [MESSAGE][NOT_RUN] - NOT_RUN: scrollToElement(findTestObject("OCS-DESKTOP/Product page/Swatch_3.5g"), 1)

2019-07-03 22:04:39 - [TEST_STEP][PASSED] - delay(2): Delayed 2 second(s)

2019-07-03 22:04:41 - [MESSAGE][PASSED] - Delayed 2 second(s)

2019-07-03 22:04:41 - [TEST_STEP][PASSED] - click(findTestObject("OCS-DESKTOP/Product page/Add to Bag-button")): Object: 'Object Repository/OCS-DESKTOP/Product page/Add to Bag-button' is clicked on

2019-07-03 22:04:42 - [MESSAGE][PASSED] - Object: 'Object Repository/OCS-DESKTOP/Product page/Add to Bag-button' is clicked on

2019-07-03 22:04:42 - [TEST_STEP][PASSED] - delay(2): Delayed 2 second(s)

2019-07-03 22:04:44 - [MESSAGE][PASSED] - Delayed 2 second(s)

2019-07-03 22:04:44 - [TEST_STEP][NOT_RUN] - click(findTestObject("OCS-DESKTOP/Cart flyout/Back icon"), CONTINUE_ON_FAILURE): NOT_RUN: click(findTestObject("OCS-DESKTOP/Cart flyout/Back icon"), CONTINUE_ON_FAILURE)

2019-07-03 22:04:44 - [MESSAGE][NOT_RUN] - NOT_RUN: click(findTestObject("OCS-DESKTOP/Cart flyout/Back icon"), CONTINUE_ON_FAILURE)

2019-07-03 22:04:44 - [TEST_STEP][PASSED] - delay(2): Delayed 2 second(s)

2019-07-03 22:04:46 - [MESSAGE][PASSED] - Delayed 2 second(s)

2019-07-03 22:04:46 - [TEST_STEP][NOT_RUN] - click(findTestObject("OCS-DESKTOP/Home - page/Cart icon -bag"), OPTIONAL): NOT_RUN: click(findTestObject("OCS-DESKTOP/Home - page/Cart icon -bag"), OPTIONAL)

2019-07-03 22:04:46 - [MESSAGE][NOT_RUN] - NOT_RUN: click(findTestObject("OCS-DESKTOP/Home - page/Cart icon -bag"), OPTIONAL)

2019-07-03 22:04:46 - [TEST_STEP][PASSED] - delay(2): Delayed 2 second(s)

2019-07-03 22:04:48 - [MESSAGE][PASSED] - Delayed 2 second(s)

2019-07-03 22:04:48 - [TEST_STEP][PASSED] - flag = verifyElementPresent(findTestObject("OCS-DESKTOP/Product page/Swatch_3.5g"), 0): Object 'Object Repository/OCS-DESKTOP/Product page/Swatch_3.5g' is present

2019-07-03 22:04:48 - [MESSAGE][WARNING] - Timeout '0' is invalid. Using default page load timeout: '30'

2019-07-03 22:04:48 - [MESSAGE][PASSED] - Object 'Object Repository/OCS-DESKTOP/Product page/Swatch_3.5g' is present

2019-07-03 22:04:48 - [TEST_STEP][PASSED] - comment(" flag=" + flag):  flag=true

2019-07-03 22:04:48 - [MESSAGE][INFO] -  flag=true

2019-07-03 22:04:48 - [TEST_STEP][PASSED] - takeScreenshot(): Taking screenshot successfully

2019-07-03 22:04:48 - [MESSAGE][PASSED] - Taking screenshot successfully
[[ATTACHMENT|/Users/sumankompelly/Relative xpath-Desktop/Reports/1.11.2/20190703_215901/1562205888039.png]]

2019-07-03 22:04:48 - [TEST_STEP][PASSED] - delay(2): Delayed 2 second(s)

2019-07-03 22:04:50 - [MESSAGE][PASSED] - Delayed 2 second(s)

2019-07-03 22:04:50 - [TEST_STEP][FAILED] - click(findTestObject("OCS-DESKTOP/Product page/Swatch_3.5g"), CONTINUE_ON_FAILURE): Unable to click on object 'Object Repository/OCS-DESKTOP/Product page/Swatch_3.5g' (Root cause: org.openqa.selenium.ElementClickInterceptedException: Element <span class="swatch__title"> is not clickable at point (962,459) because another element <a class="menu__featured-item__link" href="/collections/best-sellers"> obscures it
Build info: version: '3.7.1', revision: '8a0099a', time: '2017-11-06T21:07:36.161Z'
System info: host: 'sumans-MacBook-Pro.local', ip: 'fe80:0:0:0:10b5:ab76:5e8b:ef36%en0', os.name: 'Mac OS X', os.arch: 'x86_64', os.version: '10.13.6', java.version: '1.8.0_181'
Driver info: com.kms.katalon.core.webui.driver.firefox.CGeckoDriver
Capabilities {acceptInsecureCerts: true, browserName: firefox, browserVersion: 67.0.4, javascriptEnabled: true, moz:accessibilityChecks: false, moz:buildID: 20190619235627, moz:geckodriverVersion: 0.23.0, moz:headless: false, moz:processID: 531, moz:profile: /var/folders/1t/c55l8xzs6gq..., moz:shutdownTimeout: 60000, moz:useNonSpecCompliantPointerOrigin: false, moz:webdriverClick: true, pageLoadStrategy: normal, platform: MAC, platformName: MAC, platformVersion: 17.7.0, proxy: Proxy(direct), rotatable: false, setWindowRect: true, strictFileInteractability: false, timeouts: {implicit: 0, pageLoad: 300000, script: 30000}, unhandledPromptBehavior: dismiss and notify}
Session ID: b39fb8dd-ff4c-1245-883c-da0e47d6699a)

2019-07-03 22:04:50 - [MESSAGE][FAILED] - Unable to click on object 'Object Repository/OCS-DESKTOP/Product page/Swatch_3.5g' (Root cause: org.openqa.selenium.ElementClickInterceptedException: Element <span class="swatch__title"> is not clickable at point (962,459) because another element <a class="menu__featured-item__link" href="/collections/best-sellers"> obscures it
Build info: version: '3.7.1', revision: '8a0099a', time: '2017-11-06T21:07:36.161Z'
System info: host: 'sumans-MacBook-Pro.local', ip: 'fe80:0:0:0:10b5:ab76:5e8b:ef36%en0', os.name: 'Mac OS X', os.arch: 'x86_64', os.version: '10.13.6', java.version: '1.8.0_181'
Driver info: com.kms.katalon.core.webui.driver.firefox.CGeckoDriver
Capabilities {acceptInsecureCerts: true, browserName: firefox, browserVersion: 67.0.4, javascriptEnabled: true, moz:accessibilityChecks: false, moz:buildID: 20190619235627, moz:geckodriverVersion: 0.23.0, moz:headless: false, moz:processID: 531, moz:profile: /var/folders/1t/c55l8xzs6gq..., moz:shutdownTimeout: 60000, moz:useNonSpecCompliantPointerOrigin: false, moz:webdriverClick: true, pageLoadStrategy: normal, platform: MAC, platformName: MAC, platformVersion: 17.7.0, proxy: Proxy(direct), rotatable: false, setWindowRect: true, strictFileInteractability: false, timeouts: {implicit: 0, pageLoad: 300000, script: 30000}, unhandledPromptBehavior: dismiss and notify}
Session ID: b39fb8dd-ff4c-1245-883c-da0e47d6699a)
[[ATTACHMENT|/Users/sumankompelly/Relative xpath-Desktop/Reports/1.11.2/20190703_215901/1562205890353.png]]

2019-07-03 22:04:50 - [TEST_STEP][PASSED] - delay(2): Delayed 2 second(s)

2019-07-03 22:04:52 - [MESSAGE][PASSED] - Delayed 2 second(s)

2019-07-03 22:04:52 - [TEST_STEP][FAILED] - click(findTestObject("OCS-DESKTOP/Product page/Add to Bag-button")): click(findTestObject("OCS-DESKTOP/Product page/Add to Bag-button")) FAILED.
Reason:
com.kms.katalon.core.exception.StepFailedException: Unable to click on object 'Object Repository/OCS-DESKTOP/Product page/Swatch_3.5g' (Root cause: org.openqa.selenium.ElementClickInterceptedException: Element <span class="swatch__title"> is not clickable at point (962,459) because another element <a class="menu__featured-item__link" href="/collections/best-sellers"> obscures it
Build info: version: '3.7.1', revision: '8a0099a', time: '2017-11-06T21:07:36.161Z'
System info: host: 'sumans-MacBook-Pro.local', ip: 'fe80:0:0:0:10b5:ab76:5e8b:ef36%en0', os.name: 'Mac OS X', os.arch: 'x86_64', os.version: '10.13.6', java.version: '1.8.0_181'
Driver info: com.kms.katalon.core.webui.driver.firefox.CGeckoDriver
Capabilities {acceptInsecureCerts: true, browserName: firefox, browserVersion: 67.0.4, javascriptEnabled: true, moz:accessibilityChecks: false, moz:buildID: 20190619235627, moz:geckodriverVersion: 0.23.0, moz:headless: false, moz:processID: 531, moz:profile: /var/folders/1t/c55l8xzs6gq..., moz:shutdownTimeout: 60000, moz:useNonSpecCompliantPointerOrigin: false, moz:webdriverClick: true, pageLoadStrategy: normal, platform: MAC, platformName: MAC, platformVersion: 17.7.0, proxy: Proxy(direct), rotatable: false, setWindowRect: true, strictFileInteractability: false, timeouts: {implicit: 0, pageLoad: 300000, script: 30000}, unhandledPromptBehavior: dismiss and notify}
Session ID: b39fb8dd-ff4c-1245-883c-da0e47d6699a)
	at com.kms.katalon.core.keyword.internal.KeywordMain.stepFailed(KeywordMain.groovy:32)
	at com.kms.katalon.core.webui.keyword.internal.WebUIKeywordMain.stepFailed(WebUIKeywordMain.groovy:65)
	at com.kms.katalon.core.webui.keyword.internal.WebUIKeywordMain.runKeyword(WebUIKeywordMain.groovy:27)
	at com.kms.katalon.core.webui.keyword.builtin.ClickKeyword.click(ClickKeyword.groovy:86)
	at com.kms.katalon.core.webui.keyword.builtin.ClickKeyword.execute(ClickKeyword.groovy:67)
	at com.kms.katalon.core.keyword.internal.KeywordExecutor.executeKeywordForPlatform(KeywordExecutor.groovy:53)
	at com.kms.katalon.core.webui.keyword.WebUiBuiltInKeywords.click(WebUiBuiltInKeywords.groovy:604)
	at com.kms.katalon.core.webui.keyword.WebUiBuiltInKeywords$click$6.call(Unknown Source)
	at Cart.run(Cart:52)
	at com.kms.katalon.core.main.ScriptEngine.run(ScriptEngine.java:194)
	at com.kms.katalon.core.main.ScriptEngine.runScriptAsRawText(ScriptEngine.java:119)
	at com.kms.katalon.core.main.TestCaseExecutor.runScript(TestCaseExecutor.java:328)
	at com.kms.katalon.core.main.TestCaseExecutor.doExecute(TestCaseExecutor.java:319)
	at com.kms.katalon.core.main.TestCaseExecutor.processExecutionPhase(TestCaseExecutor.java:298)
	at com.kms.katalon.core.main.TestCaseExecutor.accessMainPhase(TestCaseExecutor.java:290)
	at com.kms.katalon.core.main.TestCaseExecutor.execute(TestCaseExecutor.java:224)
	at com.kms.katalon.core.main.TestSuiteExecutor.accessTestCaseMainPhase(TestSuiteExecutor.java:129)
	at com.kms.katalon.core.main.TestSuiteExecutor.accessTestSuiteMainPhase(TestSuiteExecutor.java:112)
	at com.kms.katalon.core.main.TestSuiteExecutor.execute(TestSuiteExecutor.java:81)
	at com.kms.katalon.core.main.TestCaseMain.startTestSuite(TestCaseMain.java:149)
	at com.kms.katalon.core.main.TestCaseMain$startTestSuite$0.call(Unknown Source)
	at TempTestSuite1562205541804.run(TempTestSuite1562205541804.groovy:36)


2019-07-03 22:05:23 - [MESSAGE][INFO] - Unable to find the element located by 'By.xpath: //button[@class='btn btn--primary btn--price btn--large variant-selector__submit full-width'][count(. | //button[@type = 'submit']) = count(//button[@type = 'submit'])]'. Please recheck the objects properties to make sure the desired element is located. 

2019-07-03 22:05:23 - [MESSAGE][FAILED] - Unable to click on object 'Object Repository/OCS-DESKTOP/Product page/Add to Bag-button' (Root cause: com.kms.katalon.core.webui.exception.WebElementNotFoundException: Web element with id: 'Object Repository/OCS-DESKTOP/Product page/Add to Bag-button' located by 'By.xpath: //button[@class='btn btn--primary btn--price btn--large variant-selector__submit full-width'][count(. | //button[@type = 'submit']) = count(//button[@type = 'submit'])]' not found)
[[ATTACHMENT|/Users/sumankompelly/Relative xpath-Desktop/Reports/1.11.2/20190703_215901/1562205923265.png]]

2019-07-03 22:05:23 - [MESSAGE][FAILED] - click(findTestObject("OCS-DESKTOP/Product page/Add to Bag-button")) FAILED.
Reason:
com.kms.katalon.core.exception.StepFailedException: Unable to click on object 'Object Repository/OCS-DESKTOP/Product page/Swatch_3.5g' (Root cause: org.openqa.selenium.ElementClickInterceptedException: Element <span class="swatch__title"> is not clickable at point (962,459) because another element <a class="menu__featured-item__link" href="/collections/best-sellers"> obscures it
Build info: version: '3.7.1', revision: '8a0099a', time: '2017-11-06T21:07:36.161Z'
System info: host: 'sumans-MacBook-Pro.local', ip: 'fe80:0:0:0:10b5:ab76:5e8b:ef36%en0', os.name: 'Mac OS X', os.arch: 'x86_64', os.version: '10.13.6', java.version: '1.8.0_181'
Driver info: com.kms.katalon.core.webui.driver.firefox.CGeckoDriver
Capabilities {acceptInsecureCerts: true, browserName: firefox, browserVersion: 67.0.4, javascriptEnabled: true, moz:accessibilityChecks: false, moz:buildID: 20190619235627, moz:geckodriverVersion: 0.23.0, moz:headless: false, moz:processID: 531, moz:profile: /var/folders/1t/c55l8xzs6gq..., moz:shutdownTimeout: 60000, moz:useNonSpecCompliantPointerOrigin: false, moz:webdriverClick: true, pageLoadStrategy: normal, platform: MAC, platformName: MAC, platformVersion: 17.7.0, proxy: Proxy(direct), rotatable: false, setWindowRect: true, strictFileInteractability: false, timeouts: {implicit: 0, pageLoad: 300000, script: 30000}, unhandledPromptBehavior: dismiss and notify}
Session ID: b39fb8dd-ff4c-1245-883c-da0e47d6699a)
	at com.kms.katalon.core.keyword.internal.KeywordMain.stepFailed(KeywordMain.groovy:32)
	at com.kms.katalon.core.webui.keyword.internal.WebUIKeywordMain.stepFailed(WebUIKeywordMain.groovy:65)
	at com.kms.katalon.core.webui.keyword.internal.WebUIKeywordMain.runKeyword(WebUIKeywordMain.groovy:27)
	at com.kms.katalon.core.webui.keyword.builtin.ClickKeyword.click(ClickKeyword.groovy:86)
	at com.kms.katalon.core.webui.keyword.builtin.ClickKeyword.execute(ClickKeyword.groovy:67)
	at com.kms.katalon.core.keyword.internal.KeywordExecutor.executeKeywordForPlatform(KeywordExecutor.groovy:53)
	at com.kms.katalon.core.webui.keyword.WebUiBuiltInKeywords.click(WebUiBuiltInKeywords.groovy:604)
	at com.kms.katalon.core.webui.keyword.WebUiBuiltInKeywords$click$6.call(Unknown Source)
	at Cart.run(Cart:52)
	at com.kms.katalon.core.main.ScriptEngine.run(ScriptEngine.java:194)
	at com.kms.katalon.core.main.ScriptEngine.runScriptAsRawText(ScriptEngine.java:119)
	at com.kms.katalon.core.main.TestCaseExecutor.runScript(TestCaseExecutor.java:328)
	at com.kms.katalon.core.main.TestCaseExecutor.doExecute(TestCaseExecutor.java:319)
	at com.kms.katalon.core.main.TestCaseExecutor.processExecutionPhase(TestCaseExecutor.java:298)
	at com.kms.katalon.core.main.TestCaseExecutor.accessMainPhase(TestCaseExecutor.java:290)
	at com.kms.katalon.core.main.TestCaseExecutor.execute(TestCaseExecutor.java:224)
	at com.kms.katalon.core.main.TestSuiteExecutor.accessTestCaseMainPhase(TestSuiteExecutor.java:129)
	at com.kms.katalon.core.main.TestSuiteExecutor.accessTestSuiteMainPhase(TestSuiteExecutor.java:112)
	at com.kms.katalon.core.main.TestSuiteExecutor.execute(TestSuiteExecutor.java:81)
	at com.kms.katalon.core.main.TestCaseMain.startTestSuite(TestCaseMain.java:149)
	at com.kms.katalon.core.main.TestCaseMain$startTestSuite$0.call(Unknown Source)
	at TempTestSuite1562205541804.run(TempTestSuite1562205541804.groovy:36)]]></system-out>
         <system-err><![CDATA[2019-07-03 22:04:12 - [TEST_CASE][FAILED] - Test Cases/OCS - DESKTOP/OCS- CRITICAL PATH/Cart: Test Cases/OCS - DESKTOP/OCS- CRITICAL PATH/Cart FAILED.
Reason:
com.kms.katalon.core.exception.StepFailedException: Unable to click on object 'Object Repository/OCS-DESKTOP/Product page/Swatch_3.5g' (Root cause: org.openqa.selenium.ElementClickInterceptedException: Element <span class="swatch__title"> is not clickable at point (962,459) because another element <a class="menu__featured-item__link" href="/collections/best-sellers"> obscures it
Build info: version: '3.7.1', revision: '8a0099a', time: '2017-11-06T21:07:36.161Z'
System info: host: 'sumans-MacBook-Pro.local', ip: 'fe80:0:0:0:10b5:ab76:5e8b:ef36%en0', os.name: 'Mac OS X', os.arch: 'x86_64', os.version: '10.13.6', java.version: '1.8.0_181'
Driver info: com.kms.katalon.core.webui.driver.firefox.CGeckoDriver
Capabilities {acceptInsecureCerts: true, browserName: firefox, browserVersion: 67.0.4, javascriptEnabled: true, moz:accessibilityChecks: false, moz:buildID: 20190619235627, moz:geckodriverVersion: 0.23.0, moz:headless: false, moz:processID: 531, moz:profile: /var/folders/1t/c55l8xzs6gq..., moz:shutdownTimeout: 60000, moz:useNonSpecCompliantPointerOrigin: false, moz:webdriverClick: true, pageLoadStrategy: normal, platform: MAC, platformName: MAC, platformVersion: 17.7.0, proxy: Proxy(direct), rotatable: false, setWindowRect: true, strictFileInteractability: false, timeouts: {implicit: 0, pageLoad: 300000, script: 30000}, unhandledPromptBehavior: dismiss and notify}
Session ID: b39fb8dd-ff4c-1245-883c-da0e47d6699a)
	at com.kms.katalon.core.keyword.internal.KeywordMain.stepFailed(KeywordMain.groovy:32)
	at com.kms.katalon.core.webui.keyword.internal.WebUIKeywordMain.stepFailed(WebUIKeywordMain.groovy:65)
	at com.kms.katalon.core.webui.keyword.internal.WebUIKeywordMain.runKeyword(WebUIKeywordMain.groovy:27)
	at com.kms.katalon.core.webui.keyword.builtin.ClickKeyword.click(ClickKeyword.groovy:86)
	at com.kms.katalon.core.webui.keyword.builtin.ClickKeyword.execute(ClickKeyword.groovy:67)
	at com.kms.katalon.core.keyword.internal.KeywordExecutor.executeKeywordForPlatform(KeywordExecutor.groovy:53)
	at com.kms.katalon.core.webui.keyword.WebUiBuiltInKeywords.click(WebUiBuiltInKeywords.groovy:604)
	at com.kms.katalon.core.webui.keyword.WebUiBuiltInKeywords$click$6.call(Unknown Source)
	at Cart.run(Cart:52)
	at com.kms.katalon.core.main.ScriptEngine.run(ScriptEngine.java:194)
	at com.kms.katalon.core.main.ScriptEngine.runScriptAsRawText(ScriptEngine.java:119)
	at com.kms.katalon.core.main.TestCaseExecutor.runScript(TestCaseExecutor.java:328)
	at com.kms.katalon.core.main.TestCaseExecutor.doExecute(TestCaseExecutor.java:319)
	at com.kms.katalon.core.main.TestCaseExecutor.processExecutionPhase(TestCaseExecutor.java:298)
	at com.kms.katalon.core.main.TestCaseExecutor.accessMainPhase(TestCaseExecutor.java:290)
	at com.kms.katalon.core.main.TestCaseExecutor.execute(TestCaseExecutor.java:224)
	at com.kms.katalon.core.main.TestSuiteExecutor.accessTestCaseMainPhase(TestSuiteExecutor.java:129)
	at com.kms.katalon.core.main.TestSuiteExecutor.accessTestSuiteMainPhase(TestSuiteExecutor.java:112)
	at com.kms.katalon.core.main.TestSuiteExecutor.execute(TestSuiteExecutor.java:81)
	at com.kms.katalon.core.main.TestCaseMain.startTestSuite(TestCaseMain.java:149)
	at com.kms.katalon.core.main.TestCaseMain$startTestSuite$0.call(Unknown Source)
	at TempTestSuite1562205541804.run(TempTestSuite1562205541804.groovy:36)]]></system-err>
      </testcase>
      <testcase name="Test Cases/OCS - DESKTOP/OCS- CRITICAL PATH/cart flyout- accessories" classname="Test Cases/OCS - DESKTOP/OCS- CRITICAL PATH/cart flyout- accessories" status="PASSED">
         <system-out><![CDATA[2019-07-03 22:05:23 - [TEST_CASE][PASSED] - Test Cases/OCS - DESKTOP/OCS- CRITICAL PATH/cart flyout- accessories: Test Cases/OCS - DESKTOP/OCS- CRITICAL PATH/cart flyout- accessories

2019-07-03 22:05:23 - [TEST_STEP][PASSED] - callTestCase(findTestCase("OCS - DESKTOP/CALL - PDP"), [:], STOP_ON_FAILURE): Call Test Case 'Test Cases/OCS - DESKTOP/CALL - PDP' successfully

2019-07-03 22:05:23 - [TEST_CASE][PASSED] - Test Cases/OCS - DESKTOP/CALL - PDP: Test Cases/OCS - DESKTOP/CALL - PDP

2019-07-03 22:05:23 - [TEST_STEP][PASSED] - openBrowser(""): Browser is opened with url: ''

2019-07-03 22:05:23 - [MESSAGE][WARNING] - A browser is already opened. Closing browser and opening a new one

2019-07-03 22:05:24 - [MESSAGE][INFO] - Starting 'Firefox' driver

2019-07-03 22:05:26 - [MESSAGE][PASSED] - Browser is opened with url: ''

2019-07-03 22:05:26 - [TEST_STEP][PASSED] - navigateToUrl("https://ocs.ca/?fts=0&preview_theme_id=74203891532"): Navigate to 'https://ocs.ca/?fts=0&preview_theme_id=74203891532' successfully

2019-07-03 22:05:30 - [MESSAGE][PASSED] - Navigate to 'https://ocs.ca/?fts=0&preview_theme_id=74203891532' successfully

2019-07-03 22:05:30 - [TEST_STEP][PASSED] - maximizeWindow(): Current window maximized

2019-07-03 22:05:31 - [MESSAGE][PASSED] - Current window maximized

2019-07-03 22:05:31 - [TEST_STEP][PASSED] - executeJavaScript("var previewBar = document.getElementById("preview-bar-iframe"); previewBar.style.display = "none";", []): Execute JavaScript 'var previewBar = document.getElementById("preview-bar-iframe"); previewBar.style.display = "none";' successfully

2019-07-03 22:05:31 - [MESSAGE][PASSED] - Execute JavaScript 'var previewBar = document.getElementById("preview-bar-iframe"); previewBar.style.display = "none";' successfully

2019-07-03 22:05:31 - [TEST_STEP][PASSED] - delay(4): Delayed 4 second(s)

2019-07-03 22:05:35 - [MESSAGE][PASSED] - Delayed 4 second(s)

2019-07-03 22:05:35 - [TEST_STEP][PASSED] - selectOptionByValue(findTestObject("OCS-DESKTOP/Age gate and Mega menu/Date"), "12", true): All options with value '12' are selected in object 'Object Repository/OCS-DESKTOP/Age gate and Mega menu/Date'  using regular expression

2019-07-03 22:05:36 - [MESSAGE][PASSED] - All options with value '12' are selected in object 'Object Repository/OCS-DESKTOP/Age gate and Mega menu/Date'  using regular expression

2019-07-03 22:05:36 - [TEST_STEP][PASSED] - selectOptionByValue(findTestObject("OCS-DESKTOP/Age gate and Mega menu/month"), "6", true): All options with value '6' are selected in object 'Object Repository/OCS-DESKTOP/Age gate and Mega menu/month'  using regular expression

2019-07-03 22:05:36 - [MESSAGE][PASSED] - All options with value '6' are selected in object 'Object Repository/OCS-DESKTOP/Age gate and Mega menu/month'  using regular expression

2019-07-03 22:05:36 - [TEST_STEP][PASSED] - delay(2): Delayed 2 second(s)

2019-07-03 22:05:38 - [MESSAGE][PASSED] - Delayed 2 second(s)

2019-07-03 22:05:38 - [TEST_STEP][PASSED] - selectOptionByValue(findTestObject("OCS-DESKTOP/Age gate and Mega menu/Year Dropdown"), "1990", true): All options with value '1990' are selected in object 'Object Repository/OCS-DESKTOP/Age gate and Mega menu/Year Dropdown'  using regular expression

2019-07-03 22:05:39 - [MESSAGE][PASSED] - All options with value '1990' are selected in object 'Object Repository/OCS-DESKTOP/Age gate and Mega menu/Year Dropdown'  using regular expression

2019-07-03 22:05:39 - [TEST_STEP][PASSED] - click(findTestObject("OCS-DESKTOP/Age gate and Mega menu/button_Verify")): Object: 'Object Repository/OCS-DESKTOP/Age gate and Mega menu/button_Verify' is clicked on

2019-07-03 22:05:40 - [MESSAGE][PASSED] - Object: 'Object Repository/OCS-DESKTOP/Age gate and Mega menu/button_Verify' is clicked on

2019-07-03 22:05:40 - [TEST_STEP][PASSED] - click(findTestObject("OCS-DESKTOP/Age gate and Mega menu/Checkbox_CONFIRM AND ACKNOWLEDGE")): Object: 'Object Repository/OCS-DESKTOP/Age gate and Mega menu/Checkbox_CONFIRM AND ACKNOWLEDGE' is clicked on

2019-07-03 22:05:40 - [MESSAGE][PASSED] - Object: 'Object Repository/OCS-DESKTOP/Age gate and Mega menu/Checkbox_CONFIRM AND ACKNOWLEDGE' is clicked on

2019-07-03 22:05:40 - [TEST_STEP][PASSED] - click(findTestObject("OCS-DESKTOP/Age gate and Mega menu/button_CONFIRM")): Object: 'Object Repository/OCS-DESKTOP/Age gate and Mega menu/button_CONFIRM' is clicked on

2019-07-03 22:05:40 - [MESSAGE][PASSED] - Object: 'Object Repository/OCS-DESKTOP/Age gate and Mega menu/button_CONFIRM' is clicked on

2019-07-03 22:05:40 - [TEST_STEP][PASSED] - click(findTestObject("OCS-DESKTOP/Age gate and Mega menu/button_Start Browsing")): Object: 'Object Repository/OCS-DESKTOP/Age gate and Mega menu/button_Start Browsing' is clicked on

2019-07-03 22:05:40 - [MESSAGE][PASSED] - Object: 'Object Repository/OCS-DESKTOP/Age gate and Mega menu/button_Start Browsing' is clicked on

2019-07-03 22:05:40 - [TEST_STEP][PASSED] - refresh(): Refresh successfully

2019-07-03 22:05:46 - [MESSAGE][PASSED] - Refresh successfully

2019-07-03 22:05:46 - [TEST_STEP][PASSED] - delay(2): Delayed 2 second(s)

2019-07-03 22:05:48 - [MESSAGE][PASSED] - Delayed 2 second(s)

2019-07-03 22:05:48 - [TEST_STEP][PASSED] - click(findTestObject("OCS-DESKTOP/Age gate and Mega menu/Header/CANNABIS menu - English")): Object: 'Object Repository/OCS-DESKTOP/Age gate and Mega menu/Header/CANNABIS menu - English' is clicked on

2019-07-03 22:05:48 - [MESSAGE][PASSED] - Object: 'Object Repository/OCS-DESKTOP/Age gate and Mega menu/Header/CANNABIS menu - English' is clicked on

2019-07-03 22:05:48 - [TEST_STEP][PASSED] - delay(2): Delayed 2 second(s)

2019-07-03 22:05:50 - [MESSAGE][PASSED] - Delayed 2 second(s)

2019-07-03 22:05:50 - [TEST_STEP][PASSED] - click(findTestObject("OCS-DESKTOP/Age gate and Mega menu/Indica Dominant_Menu item")): Object: 'Object Repository/OCS-DESKTOP/Age gate and Mega menu/Indica Dominant_Menu item' is clicked on

2019-07-03 22:05:52 - [MESSAGE][PASSED] - Object: 'Object Repository/OCS-DESKTOP/Age gate and Mega menu/Indica Dominant_Menu item' is clicked on

2019-07-03 22:05:52 - [TEST_STEP][PASSED] - delay(2): Delayed 2 second(s)

2019-07-03 22:05:54 - [MESSAGE][PASSED] - Delayed 2 second(s)

2019-07-03 22:05:54 - [TEST_STEP][PASSED] - scrollToElement(findTestObject("OCS-DESKTOP/Collection page/Product image - 1st one"), 0): Scroll to object 'Object Repository/OCS-DESKTOP/Collection page/Product image - 1st one' successfully

2019-07-03 22:05:54 - [MESSAGE][WARNING] - Timeout '0' is invalid. Using default page load timeout: '30'

2019-07-03 22:05:54 - [MESSAGE][PASSED] - Scroll to object 'Object Repository/OCS-DESKTOP/Collection page/Product image - 1st one' successfully

2019-07-03 22:05:54 - [TEST_STEP][PASSED] - delay(2): Delayed 2 second(s)

2019-07-03 22:05:56 - [MESSAGE][PASSED] - Delayed 2 second(s)

2019-07-03 22:05:56 - [TEST_STEP][PASSED] - click(findTestObject("OCS-DESKTOP/Collection page/Product image - 1st one")): Object: 'Object Repository/OCS-DESKTOP/Collection page/Product image - 1st one' is clicked on

2019-07-03 22:05:59 - [MESSAGE][PASSED] - Object: 'Object Repository/OCS-DESKTOP/Collection page/Product image - 1st one' is clicked on

2019-07-03 22:05:59 - [TEST_STEP][PASSED] - executeJavaScript("var previewBar = document.getElementById("preview-bar-iframe"); previewBar.style.display = "none";", []): Execute JavaScript 'var previewBar = document.getElementById("preview-bar-iframe"); previewBar.style.display = "none";' successfully

2019-07-03 22:05:59 - [MESSAGE][PASSED] - Execute JavaScript 'var previewBar = document.getElementById("preview-bar-iframe"); previewBar.style.display = "none";' successfully

2019-07-03 22:05:59 - [TEST_STEP][PASSED] - delay(2): Delayed 2 second(s)

2019-07-03 22:06:01 - [MESSAGE][PASSED] - Delayed 2 second(s)

2019-07-03 22:06:01 - [MESSAGE][PASSED] - Call Test Case 'Test Cases/OCS - DESKTOP/CALL - PDP' successfully

2019-07-03 22:06:01 - [TEST_STEP][NOT_RUN] - scrollToElement(findTestObject("OCS-DESKTOP/Product page/Product image"), 1): NOT_RUN: scrollToElement(findTestObject("OCS-DESKTOP/Product page/Product image"), 1)

2019-07-03 22:06:01 - [MESSAGE][NOT_RUN] - NOT_RUN: scrollToElement(findTestObject("OCS-DESKTOP/Product page/Product image"), 1)

2019-07-03 22:06:01 - [TEST_STEP][PASSED] - delay(2): Delayed 2 second(s)

2019-07-03 22:06:03 - [MESSAGE][PASSED] - Delayed 2 second(s)

2019-07-03 22:06:03 - [TEST_STEP][PASSED] - click(findTestObject("OCS-DESKTOP/Product page/Swatch_1g")): Object: 'Object Repository/OCS-DESKTOP/Product page/Swatch_1g' is clicked on

2019-07-03 22:06:04 - [MESSAGE][PASSED] - Object: 'Object Repository/OCS-DESKTOP/Product page/Swatch_1g' is clicked on

2019-07-03 22:06:04 - [TEST_STEP][PASSED] - scrollToElement(findTestObject("OCS-DESKTOP/Product page/Swatch_3.5g"), 1): Scroll to object 'Object Repository/OCS-DESKTOP/Product page/Swatch_3.5g' successfully

2019-07-03 22:06:04 - [MESSAGE][PASSED] - Scroll to object 'Object Repository/OCS-DESKTOP/Product page/Swatch_3.5g' successfully

2019-07-03 22:06:04 - [TEST_STEP][PASSED] - delay(2): Delayed 2 second(s)

2019-07-03 22:06:06 - [MESSAGE][PASSED] - Delayed 2 second(s)

2019-07-03 22:06:06 - [TEST_STEP][PASSED] - click(findTestObject("OCS-DESKTOP/Product page/Add to Bag-button")): Object: 'Object Repository/OCS-DESKTOP/Product page/Add to Bag-button' is clicked on

2019-07-03 22:06:06 - [MESSAGE][PASSED] - Object: 'Object Repository/OCS-DESKTOP/Product page/Add to Bag-button' is clicked on

2019-07-03 22:06:06 - [TEST_STEP][PASSED] - delay(1): Delayed 1 second(s)

2019-07-03 22:06:07 - [MESSAGE][PASSED] - Delayed 1 second(s)

2019-07-03 22:06:07 - [TEST_STEP][PASSED] - click(findTestObject("OCS-DESKTOP/Home - page/Cart icon -bag"), OPTIONAL): Object: 'Object Repository/OCS-DESKTOP/Home - page/Cart icon -bag' is clicked on

2019-07-03 22:06:07 - [MESSAGE][PASSED] - Object: 'Object Repository/OCS-DESKTOP/Home - page/Cart icon -bag' is clicked on

2019-07-03 22:06:07 - [TEST_STEP][PASSED] - delay(2): Delayed 2 second(s)

2019-07-03 22:06:09 - [MESSAGE][PASSED] - Delayed 2 second(s)

2019-07-03 22:06:09 - [TEST_STEP][NOT_RUN] - click(findTestObject("OCS-DESKTOP/Theme preview - Hide bar")): NOT_RUN: click(findTestObject("OCS-DESKTOP/Theme preview - Hide bar"))

2019-07-03 22:06:09 - [MESSAGE][NOT_RUN] - NOT_RUN: click(findTestObject("OCS-DESKTOP/Theme preview - Hide bar"))

2019-07-03 22:06:09 - [TEST_STEP][NOT_RUN] - delay(2): NOT_RUN: delay(2)

2019-07-03 22:06:09 - [MESSAGE][NOT_RUN] - NOT_RUN: delay(2)

2019-07-03 22:06:09 - [TEST_STEP][PASSED] - click(findTestObject("OCS-DESKTOP/Cart flyout/Up Chevron - Accessories you might need")): Object: 'Object Repository/OCS-DESKTOP/Cart flyout/Up Chevron - Accessories you might need' is clicked on

2019-07-03 22:06:09 - [MESSAGE][PASSED] - Object: 'Object Repository/OCS-DESKTOP/Cart flyout/Up Chevron - Accessories you might need' is clicked on

2019-07-03 22:06:09 - [TEST_STEP][PASSED] - takeScreenshot(): Taking screenshot successfully

2019-07-03 22:06:10 - [MESSAGE][PASSED] - Taking screenshot successfully
[[ATTACHMENT|/Users/sumankompelly/Relative xpath-Desktop/Reports/1.11.2/20190703_215901/1562205969953.png]]

2019-07-03 22:06:10 - [TEST_STEP][PASSED] - delay(4): Delayed 4 second(s)

2019-07-03 22:06:14 - [MESSAGE][PASSED] - Delayed 4 second(s)

2019-07-03 22:06:14 - [TEST_STEP][PASSED] - click(findTestObject("OCS-DESKTOP/Cart flyout/Down Chevron - Accessories you might need")): Object: 'Object Repository/OCS-DESKTOP/Cart flyout/Down Chevron - Accessories you might need' is clicked on

2019-07-03 22:06:14 - [MESSAGE][PASSED] - Object: 'Object Repository/OCS-DESKTOP/Cart flyout/Down Chevron - Accessories you might need' is clicked on]]></system-out>
         <system-err><![CDATA[]]></system-err>
      </testcase>
      <testcase name="Test Cases/OCS - DESKTOP/OCS- CRITICAL PATH/Cart flyout-price comparison" classname="Test Cases/OCS - DESKTOP/OCS- CRITICAL PATH/Cart flyout-price comparison" status="PASSED">
         <system-out><![CDATA[2019-07-03 22:06:14 - [TEST_CASE][PASSED] - Test Cases/OCS - DESKTOP/OCS- CRITICAL PATH/Cart flyout-price comparison: Test Cases/OCS - DESKTOP/OCS- CRITICAL PATH/Cart flyout-price comparison

2019-07-03 22:06:14 - [TEST_STEP][PASSED] - callTestCase(findTestCase("OCS - DESKTOP/CALL - Navigate to PDP"), [:], STOP_ON_FAILURE): Call Test Case 'Test Cases/OCS - DESKTOP/CALL - Navigate to PDP' successfully

2019-07-03 22:06:14 - [TEST_CASE][PASSED] - Test Cases/OCS - DESKTOP/CALL - Navigate to PDP: Test Cases/OCS - DESKTOP/CALL - Navigate to PDP

2019-07-03 22:06:14 - [TEST_STEP][PASSED] - openBrowser(""): Browser is opened with url: ''

2019-07-03 22:06:14 - [MESSAGE][WARNING] - A browser is already opened. Closing browser and opening a new one

2019-07-03 22:06:15 - [MESSAGE][INFO] - Starting 'Firefox' driver

2019-07-03 22:06:17 - [MESSAGE][PASSED] - Browser is opened with url: ''

2019-07-03 22:06:17 - [TEST_STEP][PASSED] - maximizeWindow(): Current window maximized

2019-07-03 22:06:17 - [MESSAGE][PASSED] - Current window maximized

2019-07-03 22:06:17 - [TEST_STEP][PASSED] - navigateToUrl("https://ocs.ca/?fts=0&preview_theme_id=74203891532"): Navigate to 'https://ocs.ca/?fts=0&preview_theme_id=74203891532' successfully

2019-07-03 22:06:23 - [MESSAGE][PASSED] - Navigate to 'https://ocs.ca/?fts=0&preview_theme_id=74203891532' successfully

2019-07-03 22:06:23 - [TEST_STEP][PASSED] - executeJavaScript("var previewBar = document.getElementById("preview-bar-iframe"); previewBar.style.display = "none";", []): Execute JavaScript 'var previewBar = document.getElementById("preview-bar-iframe"); previewBar.style.display = "none";' successfully

2019-07-03 22:06:23 - [MESSAGE][PASSED] - Execute JavaScript 'var previewBar = document.getElementById("preview-bar-iframe"); previewBar.style.display = "none";' successfully

2019-07-03 22:06:23 - [TEST_STEP][PASSED] - delay(4): Delayed 4 second(s)

2019-07-03 22:06:27 - [MESSAGE][PASSED] - Delayed 4 second(s)

2019-07-03 22:06:27 - [TEST_STEP][PASSED] - selectOptionByValue(findTestObject("OCS-DESKTOP/Age gate and Mega menu/Date"), "12", true): All options with value '12' are selected in object 'Object Repository/OCS-DESKTOP/Age gate and Mega menu/Date'  using regular expression

2019-07-03 22:06:28 - [MESSAGE][PASSED] - All options with value '12' are selected in object 'Object Repository/OCS-DESKTOP/Age gate and Mega menu/Date'  using regular expression

2019-07-03 22:06:28 - [TEST_STEP][PASSED] - selectOptionByValue(findTestObject("OCS-DESKTOP/Age gate and Mega menu/month"), "6", true): All options with value '6' are selected in object 'Object Repository/OCS-DESKTOP/Age gate and Mega menu/month'  using regular expression

2019-07-03 22:06:29 - [MESSAGE][PASSED] - All options with value '6' are selected in object 'Object Repository/OCS-DESKTOP/Age gate and Mega menu/month'  using regular expression

2019-07-03 22:06:29 - [TEST_STEP][PASSED] - delay(2): Delayed 2 second(s)

2019-07-03 22:06:31 - [MESSAGE][PASSED] - Delayed 2 second(s)

2019-07-03 22:06:31 - [TEST_STEP][PASSED] - selectOptionByValue(findTestObject("OCS-DESKTOP/Age gate and Mega menu/Year Dropdown"), "1990", true): All options with value '1990' are selected in object 'Object Repository/OCS-DESKTOP/Age gate and Mega menu/Year Dropdown'  using regular expression

2019-07-03 22:06:32 - [MESSAGE][PASSED] - All options with value '1990' are selected in object 'Object Repository/OCS-DESKTOP/Age gate and Mega menu/Year Dropdown'  using regular expression

2019-07-03 22:06:32 - [TEST_STEP][PASSED] - click(findTestObject("OCS-DESKTOP/Age gate and Mega menu/button_Verify")): Object: 'Object Repository/OCS-DESKTOP/Age gate and Mega menu/button_Verify' is clicked on

2019-07-03 22:06:32 - [MESSAGE][PASSED] - Object: 'Object Repository/OCS-DESKTOP/Age gate and Mega menu/button_Verify' is clicked on

2019-07-03 22:06:32 - [TEST_STEP][PASSED] - click(findTestObject("OCS-DESKTOP/Age gate and Mega menu/Checkbox_CONFIRM AND ACKNOWLEDGE")): Object: 'Object Repository/OCS-DESKTOP/Age gate and Mega menu/Checkbox_CONFIRM AND ACKNOWLEDGE' is clicked on

2019-07-03 22:06:32 - [MESSAGE][PASSED] - Object: 'Object Repository/OCS-DESKTOP/Age gate and Mega menu/Checkbox_CONFIRM AND ACKNOWLEDGE' is clicked on

2019-07-03 22:06:32 - [TEST_STEP][PASSED] - click(findTestObject("OCS-DESKTOP/Age gate and Mega menu/button_CONFIRM")): Object: 'Object Repository/OCS-DESKTOP/Age gate and Mega menu/button_CONFIRM' is clicked on

2019-07-03 22:06:33 - [MESSAGE][PASSED] - Object: 'Object Repository/OCS-DESKTOP/Age gate and Mega menu/button_CONFIRM' is clicked on

2019-07-03 22:06:33 - [TEST_STEP][PASSED] - click(findTestObject("OCS-DESKTOP/Age gate and Mega menu/button_Start Browsing")): Object: 'Object Repository/OCS-DESKTOP/Age gate and Mega menu/button_Start Browsing' is clicked on

2019-07-03 22:06:33 - [MESSAGE][PASSED] - Object: 'Object Repository/OCS-DESKTOP/Age gate and Mega menu/button_Start Browsing' is clicked on

2019-07-03 22:06:33 - [TEST_STEP][PASSED] - delay(2): Delayed 2 second(s)

2019-07-03 22:06:35 - [MESSAGE][PASSED] - Delayed 2 second(s)

2019-07-03 22:06:35 - [TEST_STEP][PASSED] - navigateToUrl("https://ocs.ca/products/la-confidential"): Navigate to 'https://ocs.ca/products/la-confidential' successfully

2019-07-03 22:06:37 - [MESSAGE][PASSED] - Navigate to 'https://ocs.ca/products/la-confidential' successfully

2019-07-03 22:06:37 - [TEST_STEP][PASSED] - executeJavaScript("var previewBar = document.getElementById("preview-bar-iframe"); previewBar.style.display = "none";", []): Execute JavaScript 'var previewBar = document.getElementById("preview-bar-iframe"); previewBar.style.display = "none";' successfully

2019-07-03 22:06:37 - [MESSAGE][PASSED] - Execute JavaScript 'var previewBar = document.getElementById("preview-bar-iframe"); previewBar.style.display = "none";' successfully

2019-07-03 22:06:37 - [MESSAGE][PASSED] - Call Test Case 'Test Cases/OCS - DESKTOP/CALL - Navigate to PDP' successfully

2019-07-03 22:06:37 - [TEST_STEP][NOT_RUN] - scrollToElement(findTestObject("OCS-DESKTOP/Product page/Product image"), 1): NOT_RUN: scrollToElement(findTestObject("OCS-DESKTOP/Product page/Product image"), 1)

2019-07-03 22:06:37 - [MESSAGE][NOT_RUN] - NOT_RUN: scrollToElement(findTestObject("OCS-DESKTOP/Product page/Product image"), 1)

2019-07-03 22:06:37 - [TEST_STEP][PASSED] - delay(2): Delayed 2 second(s)

2019-07-03 22:06:39 - [MESSAGE][PASSED] - Delayed 2 second(s)

2019-07-03 22:06:39 - [TEST_STEP][NOT_RUN] - flag = verifyElementPresent(findTestObject("OCS-DESKTOP/Product page/Swatch_3.5g"), 0): NOT_RUN: flag = verifyElementPresent(findTestObject("OCS-DESKTOP/Product page/Swatch_3.5g"), 0)

2019-07-03 22:06:39 - [MESSAGE][NOT_RUN] - NOT_RUN: flag = verifyElementPresent(findTestObject("OCS-DESKTOP/Product page/Swatch_3.5g"), 0)

2019-07-03 22:06:39 - [TEST_STEP][NOT_RUN] - comment(" flag=" + flag): NOT_RUN: comment(" flag=" + flag)

2019-07-03 22:06:39 - [MESSAGE][NOT_RUN] - NOT_RUN: comment(" flag=" + flag)

2019-07-03 22:06:39 - [TEST_STEP][PASSED] - takeScreenshot(): Taking screenshot successfully

2019-07-03 22:06:39 - [MESSAGE][PASSED] - Taking screenshot successfully
[[ATTACHMENT|/Users/sumankompelly/Relative xpath-Desktop/Reports/1.11.2/20190703_215901/1562205999524.png]]

2019-07-03 22:06:39 - [TEST_STEP][NOT_RUN] - scrollToElement(findTestObject("OCS-DESKTOP/Product page/Swatch_3.5g"), 1): NOT_RUN: scrollToElement(findTestObject("OCS-DESKTOP/Product page/Swatch_3.5g"), 1)

2019-07-03 22:06:39 - [MESSAGE][NOT_RUN] - NOT_RUN: scrollToElement(findTestObject("OCS-DESKTOP/Product page/Swatch_3.5g"), 1)

2019-07-03 22:06:39 - [TEST_STEP][PASSED] - click(findTestObject("OCS-DESKTOP/Product page/Swatch_1g"), CONTINUE_ON_FAILURE): Object: 'Object Repository/OCS-DESKTOP/Product page/Swatch_1g' is clicked on

2019-07-03 22:06:40 - [MESSAGE][PASSED] - Object: 'Object Repository/OCS-DESKTOP/Product page/Swatch_1g' is clicked on

2019-07-03 22:06:40 - [TEST_STEP][NOT_RUN] - delay(2): NOT_RUN: delay(2)

2019-07-03 22:06:40 - [MESSAGE][NOT_RUN] - NOT_RUN: delay(2)

2019-07-03 22:06:40 - [TEST_STEP][NOT_RUN] - click(findTestObject("OCS-DESKTOP/Theme preview - Hide bar"), OPTIONAL): NOT_RUN: click(findTestObject("OCS-DESKTOP/Theme preview - Hide bar"), OPTIONAL)

2019-07-03 22:06:40 - [MESSAGE][NOT_RUN] - NOT_RUN: click(findTestObject("OCS-DESKTOP/Theme preview - Hide bar"), OPTIONAL)

2019-07-03 22:06:40 - [TEST_STEP][PASSED] - delay(2, OPTIONAL): Delayed 2 second(s)

2019-07-03 22:06:42 - [MESSAGE][PASSED] - Delayed 2 second(s)

2019-07-03 22:06:42 - [TEST_STEP][PASSED] - click(findTestObject("OCS-DESKTOP/Product page/Add to Bag-button")): Object: 'Object Repository/OCS-DESKTOP/Product page/Add to Bag-button' is clicked on

2019-07-03 22:06:42 - [MESSAGE][PASSED] - Object: 'Object Repository/OCS-DESKTOP/Product page/Add to Bag-button' is clicked on

2019-07-03 22:06:42 - [TEST_STEP][PASSED] - delay(1): Delayed 1 second(s)

2019-07-03 22:06:43 - [MESSAGE][PASSED] - Delayed 1 second(s)

2019-07-03 22:06:43 - [TEST_STEP][NOT_RUN] - click(findTestObject("OCS-DESKTOP/Cart flyout/Back icon")): NOT_RUN: click(findTestObject("OCS-DESKTOP/Cart flyout/Back icon"))

2019-07-03 22:06:43 - [MESSAGE][NOT_RUN] - NOT_RUN: click(findTestObject("OCS-DESKTOP/Cart flyout/Back icon"))

2019-07-03 22:06:43 - [TEST_STEP][PASSED] - delay(2): Delayed 2 second(s)

2019-07-03 22:06:45 - [MESSAGE][PASSED] - Delayed 2 second(s)

2019-07-03 22:06:45 - [TEST_STEP][NOT_RUN] - click(findTestObject("OCS-DESKTOP/Age gate and Mega menu/Header/CANNABIS menu - English")): NOT_RUN: click(findTestObject("OCS-DESKTOP/Age gate and Mega menu/Header/CANNABIS menu - English"))

2019-07-03 22:06:45 - [MESSAGE][NOT_RUN] - NOT_RUN: click(findTestObject("OCS-DESKTOP/Age gate and Mega menu/Header/CANNABIS menu - English"))

2019-07-03 22:06:45 - [TEST_STEP][NOT_RUN] - delay(2): NOT_RUN: delay(2)

2019-07-03 22:06:45 - [MESSAGE][NOT_RUN] - NOT_RUN: delay(2)

2019-07-03 22:06:45 - [TEST_STEP][NOT_RUN] - click(findTestObject("OCS-DESKTOP/Age gate and Mega menu/Chevron_Cannabis")): NOT_RUN: click(findTestObject("OCS-DESKTOP/Age gate and Mega menu/Chevron_Cannabis"))

2019-07-03 22:06:45 - [MESSAGE][NOT_RUN] - NOT_RUN: click(findTestObject("OCS-DESKTOP/Age gate and Mega menu/Chevron_Cannabis"))

2019-07-03 22:06:45 - [TEST_STEP][NOT_RUN] - delay(2): NOT_RUN: delay(2)

2019-07-03 22:06:45 - [MESSAGE][NOT_RUN] - NOT_RUN: delay(2)

2019-07-03 22:06:45 - [TEST_STEP][NOT_RUN] - click(findTestObject("OCS-DESKTOP/Age gate and Mega menu/Dried Flower_Plus icon")): NOT_RUN: click(findTestObject("OCS-DESKTOP/Age gate and Mega menu/Dried Flower_Plus icon"))

2019-07-03 22:06:45 - [MESSAGE][NOT_RUN] - NOT_RUN: click(findTestObject("OCS-DESKTOP/Age gate and Mega menu/Dried Flower_Plus icon"))

2019-07-03 22:06:45 - [TEST_STEP][NOT_RUN] - delay(2): NOT_RUN: delay(2)

2019-07-03 22:06:45 - [MESSAGE][NOT_RUN] - NOT_RUN: delay(2)

2019-07-03 22:06:45 - [TEST_STEP][NOT_RUN] - click(findTestObject("OCS-DESKTOP/Age gate and Mega menu/Indica Dominant_Menu item")): NOT_RUN: click(findTestObject("OCS-DESKTOP/Age gate and Mega menu/Indica Dominant_Menu item"))

2019-07-03 22:06:45 - [MESSAGE][NOT_RUN] - NOT_RUN: click(findTestObject("OCS-DESKTOP/Age gate and Mega menu/Indica Dominant_Menu item"))

2019-07-03 22:06:45 - [TEST_STEP][NOT_RUN] - click(findTestObject("OCS-DESKTOP/Collection page/Product image - 2nd one")): NOT_RUN: click(findTestObject("OCS-DESKTOP/Collection page/Product image - 2nd one"))

2019-07-03 22:06:45 - [MESSAGE][NOT_RUN] - NOT_RUN: click(findTestObject("OCS-DESKTOP/Collection page/Product image - 2nd one"))

2019-07-03 22:06:45 - [TEST_STEP][PASSED] - delay(2): Delayed 2 second(s)

2019-07-03 22:06:47 - [MESSAGE][PASSED] - Delayed 2 second(s)

2019-07-03 22:06:47 - [TEST_STEP][NOT_RUN] - navigateToUrl("https://ocs.ca/products/la-confidential"): NOT_RUN: navigateToUrl("https://ocs.ca/products/la-confidential")

2019-07-03 22:06:47 - [MESSAGE][NOT_RUN] - NOT_RUN: navigateToUrl("https://ocs.ca/products/la-confidential")

2019-07-03 22:06:47 - [TEST_STEP][PASSED] - delay(2): Delayed 2 second(s)

2019-07-03 22:06:49 - [MESSAGE][PASSED] - Delayed 2 second(s)

2019-07-03 22:06:49 - [TEST_STEP][PASSED] - takeScreenshot(): Taking screenshot successfully

2019-07-03 22:06:49 - [MESSAGE][PASSED] - Taking screenshot successfully
[[ATTACHMENT|/Users/sumankompelly/Relative xpath-Desktop/Reports/1.11.2/20190703_215901/1562206009345.png]]

2019-07-03 22:06:49 - [TEST_STEP][PASSED] - delay(2): Delayed 2 second(s)

2019-07-03 22:06:51 - [MESSAGE][PASSED] - Delayed 2 second(s)

2019-07-03 22:06:51 - [TEST_STEP][PASSED] - click(findTestObject("OCS-DESKTOP/Product page/Swatch_3.5g")): Object: 'Object Repository/OCS-DESKTOP/Product page/Swatch_3.5g' is clicked on

2019-07-03 22:06:51 - [MESSAGE][PASSED] - Object: 'Object Repository/OCS-DESKTOP/Product page/Swatch_3.5g' is clicked on

2019-07-03 22:06:51 - [TEST_STEP][PASSED] - delay(2): Delayed 2 second(s)

2019-07-03 22:06:53 - [MESSAGE][PASSED] - Delayed 2 second(s)

2019-07-03 22:06:53 - [TEST_STEP][PASSED] - click(findTestObject("OCS-DESKTOP/Product page/Add to Bag-button")): Object: 'Object Repository/OCS-DESKTOP/Product page/Add to Bag-button' is clicked on

2019-07-03 22:06:54 - [MESSAGE][PASSED] - Object: 'Object Repository/OCS-DESKTOP/Product page/Add to Bag-button' is clicked on

2019-07-03 22:06:54 - [TEST_STEP][PASSED] - delay(1): Delayed 1 second(s)

2019-07-03 22:06:55 - [MESSAGE][PASSED] - Delayed 1 second(s)

2019-07-03 22:06:55 - [TEST_STEP][PASSED] - click(findTestObject("OCS-DESKTOP/Home - page/Cart icon -bag"), OPTIONAL): Object: 'Object Repository/OCS-DESKTOP/Home - page/Cart icon -bag' is clicked on

2019-07-03 22:06:55 - [MESSAGE][PASSED] - Object: 'Object Repository/OCS-DESKTOP/Home - page/Cart icon -bag' is clicked on

2019-07-03 22:06:55 - [TEST_STEP][NOT_RUN] - delay(2): NOT_RUN: delay(2)

2019-07-03 22:06:55 - [MESSAGE][NOT_RUN] - NOT_RUN: delay(2)

2019-07-03 22:06:55 - [TEST_STEP][NOT_RUN] - click(findTestObject("OCS-DESKTOP/Theme preview - Hide bar")): NOT_RUN: click(findTestObject("OCS-DESKTOP/Theme preview - Hide bar"))

2019-07-03 22:06:55 - [MESSAGE][NOT_RUN] - NOT_RUN: click(findTestObject("OCS-DESKTOP/Theme preview - Hide bar"))

2019-07-03 22:06:55 - [TEST_STEP][PASSED] - a = getText(findTestObject("OCS-DESKTOP/Cart flyout/Unit price - 1st Product")): Text of object 'Object Repository/OCS-DESKTOP/Cart flyout/Unit price - 1st Product' is: '$35.00'

2019-07-03 22:06:55 - [MESSAGE][PASSED] - Text of object 'Object Repository/OCS-DESKTOP/Cart flyout/Unit price - 1st Product' is: '$35.00'

2019-07-03 22:06:55 - [TEST_STEP][PASSED] - delay(2): Delayed 2 second(s)

2019-07-03 22:06:57 - [MESSAGE][PASSED] - Delayed 2 second(s)

2019-07-03 22:06:57 - [TEST_STEP][PASSED] - comment("a=" + a): a=$35.00

2019-07-03 22:06:57 - [MESSAGE][INFO] - a=$35.00

2019-07-03 22:06:57 - [TEST_STEP][PASSED] - without = a.substring(1): null

2019-07-03 22:06:57 - [TEST_STEP][PASSED] - comment("without = " + without): without = 35.00

2019-07-03 22:06:57 - [MESSAGE][INFO] - without = 35.00

2019-07-03 22:06:57 - [TEST_STEP][PASSED] - last = without.substring(0, without.length() - 1): null

2019-07-03 22:06:57 - [TEST_STEP][PASSED] - comment("last=" + last): last=35.0

2019-07-03 22:06:57 - [MESSAGE][INFO] - last=35.0

2019-07-03 22:06:57 - [TEST_STEP][PASSED] - delay(2): Delayed 2 second(s)

2019-07-03 22:06:59 - [MESSAGE][PASSED] - Delayed 2 second(s)

2019-07-03 22:06:59 - [TEST_STEP][PASSED] - k = getText(findTestObject("OCS-DESKTOP/Cart flyout/Unit price - 2nd Product")): Text of object 'Object Repository/OCS-DESKTOP/Cart flyout/Unit price - 2nd Product' is: '$10.50'

2019-07-03 22:06:59 - [MESSAGE][PASSED] - Text of object 'Object Repository/OCS-DESKTOP/Cart flyout/Unit price - 2nd Product' is: '$10.50'

2019-07-03 22:06:59 - [TEST_STEP][PASSED] - delay(2): Delayed 2 second(s)

2019-07-03 22:07:01 - [MESSAGE][PASSED] - Delayed 2 second(s)

2019-07-03 22:07:01 - [TEST_STEP][PASSED] - comment("k=" + k): k=$10.50

2019-07-03 22:07:01 - [MESSAGE][INFO] - k=$10.50

2019-07-03 22:07:01 - [TEST_STEP][PASSED] - without1 = k.substring(1): null

2019-07-03 22:07:01 - [TEST_STEP][PASSED] - comment("without1 = " + without1): without1 = 10.50

2019-07-03 22:07:01 - [MESSAGE][INFO] - without1 = 10.50

2019-07-03 22:07:01 - [TEST_STEP][PASSED] - p1 = <not implemented yet for class: org.codehaus.groovy.ast.expr.EmptyExpression>: null

2019-07-03 22:07:01 - [TEST_STEP][PASSED] - p2 = <not implemented yet for class: org.codehaus.groovy.ast.expr.EmptyExpression>: null

2019-07-03 22:07:01 - [TEST_STEP][PASSED] - try: p1=35.0

2019-07-03 22:07:01 - [TEST_STEP][PASSED] - str = last: null

2019-07-03 22:07:01 - [TEST_STEP][PASSED] - comment("str=" + str): str=35.0

2019-07-03 22:07:01 - [MESSAGE][INFO] - str=35.0

2019-07-03 22:07:01 - [TEST_STEP][PASSED] - p1 = Double.valueOf(str): null

2019-07-03 22:07:01 - [TEST_STEP][PASSED] - comment("p1=" + p1): p1=35.0

2019-07-03 22:07:01 - [MESSAGE][INFO] - p1=35.0

2019-07-03 22:07:01 - [TEST_STEP][PASSED] - try: p2=10.5

2019-07-03 22:07:01 - [TEST_STEP][PASSED] - str5 = without1: null

2019-07-03 22:07:01 - [TEST_STEP][PASSED] - comment("str5=" + str5): str5=10.50

2019-07-03 22:07:01 - [MESSAGE][INFO] - str5=10.50

2019-07-03 22:07:01 - [TEST_STEP][PASSED] - p2 = Double.valueOf(str5): null

2019-07-03 22:07:01 - [TEST_STEP][PASSED] - comment("p2=" + p2): p2=10.5

2019-07-03 22:07:01 - [MESSAGE][INFO] - p2=10.5

2019-07-03 22:07:01 - [TEST_STEP][PASSED] - total = p1 + p2: null

2019-07-03 22:07:01 - [TEST_STEP][PASSED] - comment("total =" + total): total =45.5

2019-07-03 22:07:01 - [MESSAGE][INFO] - total =45.5

2019-07-03 22:07:01 - [TEST_STEP][PASSED] - amount = getText(findTestObject("OCS-DESKTOP/Cart flyout/Sub-total Price")): Text of object 'Object Repository/OCS-DESKTOP/Cart flyout/Sub-total Price' is: '$45.50'

2019-07-03 22:07:01 - [MESSAGE][PASSED] - Text of object 'Object Repository/OCS-DESKTOP/Cart flyout/Sub-total Price' is: '$45.50'

2019-07-03 22:07:01 - [TEST_STEP][PASSED] - delay(2): Delayed 2 second(s)

2019-07-03 22:07:03 - [MESSAGE][PASSED] - Delayed 2 second(s)

2019-07-03 22:07:03 - [TEST_STEP][PASSED] - comment("amount =" + amount): amount =$45.50

2019-07-03 22:07:03 - [MESSAGE][INFO] - amount =$45.50

2019-07-03 22:07:03 - [TEST_STEP][PASSED] - soustotal = amount.substring(1): null

2019-07-03 22:07:03 - [TEST_STEP][PASSED] - comment("soustotal= " + soustotal): soustotal= 45.50

2019-07-03 22:07:03 - [MESSAGE][INFO] - soustotal= 45.50

2019-07-03 22:07:03 - [TEST_STEP][PASSED] - p = <not implemented yet for class: org.codehaus.groovy.ast.expr.EmptyExpression>: null

2019-07-03 22:07:03 - [TEST_STEP][PASSED] - try: p=45.5

2019-07-03 22:07:03 - [TEST_STEP][PASSED] - finalprice = soustotal: null

2019-07-03 22:07:03 - [TEST_STEP][PASSED] - comment("finalprice=" + finalprice): finalprice=45.50

2019-07-03 22:07:03 - [MESSAGE][INFO] - finalprice=45.50

2019-07-03 22:07:03 - [TEST_STEP][PASSED] - p = Double.valueOf(finalprice): null

2019-07-03 22:07:03 - [TEST_STEP][PASSED] - comment("p=" + p): p=45.5

2019-07-03 22:07:03 - [MESSAGE][INFO] - p=45.5

2019-07-03 22:07:03 - [TEST_STEP][PASSED] - finalprice = soustotal: null

2019-07-03 22:07:03 - [TEST_STEP][PASSED] - comment("finalprice=" + finalprice): finalprice=45.50

2019-07-03 22:07:03 - [MESSAGE][INFO] - finalprice=45.50

2019-07-03 22:07:03 - [TEST_STEP][PASSED] - p = Double.valueOf(finalprice): null

2019-07-03 22:07:03 - [TEST_STEP][PASSED] - comment("p=" + p): p=45.5

2019-07-03 22:07:03 - [MESSAGE][INFO] - p=45.5

2019-07-03 22:07:03 - [TEST_STEP][PASSED] - verifyEqual(total, p): Actual object '45.5' and expected object '45.5' are equal

2019-07-03 22:07:03 - [MESSAGE][PASSED] - Actual object '45.5' and expected object '45.5' are equal

2019-07-03 22:07:03 - [TEST_STEP][PASSED] - comment("cart items price equal"): cart items price equal

2019-07-03 22:07:03 - [MESSAGE][INFO] - cart items price equal

2019-07-03 22:07:03 - [TEST_STEP][PASSED] - click(findTestObject("OCS-DESKTOP/Cart flyout/Checkbox_I confirm that")): Object: 'Object Repository/OCS-DESKTOP/Cart flyout/Checkbox_I confirm that' is clicked on

2019-07-03 22:07:03 - [MESSAGE][PASSED] - Object: 'Object Repository/OCS-DESKTOP/Cart flyout/Checkbox_I confirm that' is clicked on

2019-07-03 22:07:03 - [TEST_STEP][PASSED] - click(findTestObject("OCS-DESKTOP/Cart flyout/Checkbox_Accept the Terms Condition")): Object: 'Object Repository/OCS-DESKTOP/Cart flyout/Checkbox_Accept the Terms Condition' is clicked on

2019-07-03 22:07:03 - [MESSAGE][PASSED] - Object: 'Object Repository/OCS-DESKTOP/Cart flyout/Checkbox_Accept the Terms Condition' is clicked on

2019-07-03 22:07:03 - [TEST_STEP][PASSED] - delay(2): Delayed 2 second(s)

2019-07-03 22:07:05 - [MESSAGE][PASSED] - Delayed 2 second(s)

2019-07-03 22:07:05 - [TEST_STEP][PASSED] - click(findTestObject("OCS-DESKTOP/Cart flyout/Checkout - Button")): Object: 'Object Repository/OCS-DESKTOP/Cart flyout/Checkout - Button' is clicked on

2019-07-03 22:07:09 - [MESSAGE][PASSED] - Object: 'Object Repository/OCS-DESKTOP/Cart flyout/Checkout - Button' is clicked on

2019-07-03 22:07:09 - [TEST_STEP][PASSED] - scrollToElement(findTestObject("OCS-DESKTOP/Customer info page/input_Email"), 0): Scroll to object 'Object Repository/OCS-DESKTOP/Customer info page/input_Email' successfully

2019-07-03 22:07:09 - [MESSAGE][WARNING] - Timeout '0' is invalid. Using default page load timeout: '30'

2019-07-03 22:07:09 - [MESSAGE][PASSED] - Scroll to object 'Object Repository/OCS-DESKTOP/Customer info page/input_Email' successfully

2019-07-03 22:07:09 - [TEST_STEP][PASSED] - setText(findTestObject("OCS-DESKTOP/Customer info page/input_Email"), "suman.kompelly@diffagency.com"): Text 'suman.kompelly@diffagency.com' is set on object 'Object Repository/OCS-DESKTOP/Customer info page/input_Email'

2019-07-03 22:07:09 - [MESSAGE][PASSED] - Text 'suman.kompelly@diffagency.com' is set on object 'Object Repository/OCS-DESKTOP/Customer info page/input_Email'

2019-07-03 22:07:09 - [TEST_STEP][PASSED] - setText(findTestObject("OCS-DESKTOP/Customer info page/input_First name"), "suman"): Text 'suman' is set on object 'Object Repository/OCS-DESKTOP/Customer info page/input_First name'

2019-07-03 22:07:09 - [MESSAGE][PASSED] - Text 'suman' is set on object 'Object Repository/OCS-DESKTOP/Customer info page/input_First name'

2019-07-03 22:07:09 - [TEST_STEP][PASSED] - setText(findTestObject("OCS-DESKTOP/Customer info page/input_Last name"), "kompelly"): Text 'kompelly' is set on object 'Object Repository/OCS-DESKTOP/Customer info page/input_Last name'

2019-07-03 22:07:09 - [MESSAGE][PASSED] - Text 'kompelly' is set on object 'Object Repository/OCS-DESKTOP/Customer info page/input_Last name'

2019-07-03 22:07:09 - [TEST_STEP][PASSED] - setText(findTestObject("OCS-DESKTOP/Customer info page/input_Address"), "300 saint alxendre"): Text '300 saint alxendre' is set on object 'Object Repository/OCS-DESKTOP/Customer info page/input_Address'

2019-07-03 22:07:10 - [MESSAGE][PASSED] - Text '300 saint alxendre' is set on object 'Object Repository/OCS-DESKTOP/Customer info page/input_Address'

2019-07-03 22:07:10 - [TEST_STEP][PASSED] - setText(findTestObject("OCS-DESKTOP/Customer info page/input_Apartment suite etc. (op"), "199"): Text '199' is set on object 'Object Repository/OCS-DESKTOP/Customer info page/input_Apartment suite etc. (op'

2019-07-03 22:07:10 - [MESSAGE][PASSED] - Text '199' is set on object 'Object Repository/OCS-DESKTOP/Customer info page/input_Apartment suite etc. (op'

2019-07-03 22:07:10 - [TEST_STEP][PASSED] - setText(findTestObject("OCS-DESKTOP/Customer info page/input_City"), "montreal"): Text 'montreal' is set on object 'Object Repository/OCS-DESKTOP/Customer info page/input_City'

2019-07-03 22:07:10 - [MESSAGE][PASSED] - Text 'montreal' is set on object 'Object Repository/OCS-DESKTOP/Customer info page/input_City'

2019-07-03 22:07:10 - [TEST_STEP][PASSED] - setText(findTestObject("OCS-DESKTOP/Customer info page/input_Postal code"), "n0R1K0"): Text 'n0R1K0' is set on object 'Object Repository/OCS-DESKTOP/Customer info page/input_Postal code'

2019-07-03 22:07:10 - [MESSAGE][PASSED] - Text 'n0R1K0' is set on object 'Object Repository/OCS-DESKTOP/Customer info page/input_Postal code'

2019-07-03 22:07:10 - [TEST_STEP][PASSED] - setText(findTestObject("OCS-DESKTOP/Customer info page/input_Phone"), "(514) 449-3882"): Text '(514) 449-3882' is set on object 'Object Repository/OCS-DESKTOP/Customer info page/input_Phone'

2019-07-03 22:07:10 - [MESSAGE][PASSED] - Text '(514) 449-3882' is set on object 'Object Repository/OCS-DESKTOP/Customer info page/input_Phone'

2019-07-03 22:07:10 - [TEST_STEP][PASSED] - executeJavaScript("var previewBar = document.getElementById("preview-bar-iframe"); previewBar.style.display = "none";", []): Execute JavaScript 'var previewBar = document.getElementById("preview-bar-iframe"); previewBar.style.display = "none";' successfully

2019-07-03 22:07:10 - [MESSAGE][PASSED] - Execute JavaScript 'var previewBar = document.getElementById("preview-bar-iframe"); previewBar.style.display = "none";' successfully

2019-07-03 22:07:10 - [TEST_STEP][PASSED] - delay(1): Delayed 1 second(s)

2019-07-03 22:07:11 - [MESSAGE][PASSED] - Delayed 1 second(s)

2019-07-03 22:07:11 - [TEST_STEP][PASSED] - click(findTestObject("OCS-DESKTOP/Customer info page/Continue to shipping method - Button")): Object: 'Object Repository/OCS-DESKTOP/Customer info page/Continue to shipping method - Button' is clicked on

2019-07-03 22:07:13 - [MESSAGE][PASSED] - Object: 'Object Repository/OCS-DESKTOP/Customer info page/Continue to shipping method - Button' is clicked on

2019-07-03 22:07:13 - [TEST_STEP][PASSED] - delay(2): Delayed 2 second(s)

2019-07-03 22:07:15 - [MESSAGE][PASSED] - Delayed 2 second(s)

2019-07-03 22:07:15 - [TEST_STEP][PASSED] - refresh(): Refresh successfully

2019-07-03 22:07:17 - [MESSAGE][PASSED] - Refresh successfully

2019-07-03 22:07:17 - [TEST_STEP][PASSED] - delay(2): Delayed 2 second(s)

2019-07-03 22:07:19 - [MESSAGE][PASSED] - Delayed 2 second(s)

2019-07-03 22:07:19 - [TEST_STEP][PASSED] - click(findTestObject("OCS-DESKTOP/Shipping page/Continue to payment method - Button")): Object: 'Object Repository/OCS-DESKTOP/Shipping page/Continue to payment method - Button' is clicked on

2019-07-03 22:07:21 - [MESSAGE][PASSED] - Object: 'Object Repository/OCS-DESKTOP/Shipping page/Continue to payment method - Button' is clicked on

2019-07-03 22:07:21 - [TEST_STEP][PASSED] - delay(2): Delayed 2 second(s)

2019-07-03 22:07:23 - [MESSAGE][PASSED] - Delayed 2 second(s)

2019-07-03 22:07:23 - [TEST_STEP][PASSED] - verifyTextPresent("Payment", false): Text 'Payment' is present on page 

2019-07-03 22:07:23 - [MESSAGE][PASSED] - Text 'Payment' is present on page]]></system-out>
         <system-err><![CDATA[]]></system-err>
      </testcase>
      <testcase name="Test Cases/OCS - DESKTOP/OCS- CRITICAL PATH/Checkout - Shipping" classname="Test Cases/OCS - DESKTOP/OCS- CRITICAL PATH/Checkout - Shipping" status="PASSED">
         <system-out><![CDATA[2019-07-03 22:07:23 - [TEST_CASE][PASSED] - Test Cases/OCS - DESKTOP/OCS- CRITICAL PATH/Checkout - Shipping: Test Cases/OCS - DESKTOP/OCS- CRITICAL PATH/Checkout - Shipping

2019-07-03 22:07:23 - [TEST_STEP][PASSED] - callTestCase(findTestCase("OCS - DESKTOP/CALL- Age gate"), [:], STOP_ON_FAILURE): Call Test Case 'Test Cases/OCS - DESKTOP/CALL- Age gate' successfully

2019-07-03 22:07:23 - [TEST_CASE][PASSED] - Test Cases/OCS - DESKTOP/CALL- Age gate: Test Cases/OCS - DESKTOP/CALL- Age gate

2019-07-03 22:07:23 - [TEST_STEP][PASSED] - openBrowser(""): Browser is opened with url: ''

2019-07-03 22:07:23 - [MESSAGE][WARNING] - A browser is already opened. Closing browser and opening a new one

2019-07-03 22:07:24 - [MESSAGE][INFO] - Starting 'Firefox' driver

2019-07-03 22:07:26 - [MESSAGE][PASSED] - Browser is opened with url: ''

2019-07-03 22:07:26 - [TEST_STEP][PASSED] - navigateToUrl("https://ocs.ca/?fts=0&preview_theme_id=74203891532"): Navigate to 'https://ocs.ca/?fts=0&preview_theme_id=74203891532' successfully

2019-07-03 22:07:30 - [MESSAGE][PASSED] - Navigate to 'https://ocs.ca/?fts=0&preview_theme_id=74203891532' successfully

2019-07-03 22:07:30 - [TEST_STEP][PASSED] - maximizeWindow(): Current window maximized

2019-07-03 22:07:30 - [MESSAGE][PASSED] - Current window maximized

2019-07-03 22:07:30 - [TEST_STEP][PASSED] - delay(2): Delayed 2 second(s)

2019-07-03 22:07:32 - [MESSAGE][PASSED] - Delayed 2 second(s)

2019-07-03 22:07:32 - [TEST_STEP][PASSED] - executeJavaScript("var previewBar = document.getElementById("preview-bar-iframe"); previewBar.style.display = "none";", []): Execute JavaScript 'var previewBar = document.getElementById("preview-bar-iframe"); previewBar.style.display = "none";' successfully

2019-07-03 22:07:32 - [MESSAGE][PASSED] - Execute JavaScript 'var previewBar = document.getElementById("preview-bar-iframe"); previewBar.style.display = "none";' successfully

2019-07-03 22:07:32 - [TEST_STEP][PASSED] - selectOptionByValue(findTestObject("OCS-DESKTOP/Age gate and Mega menu/Date"), "12", true): All options with value '12' are selected in object 'Object Repository/OCS-DESKTOP/Age gate and Mega menu/Date'  using regular expression

2019-07-03 22:07:33 - [MESSAGE][PASSED] - All options with value '12' are selected in object 'Object Repository/OCS-DESKTOP/Age gate and Mega menu/Date'  using regular expression

2019-07-03 22:07:33 - [TEST_STEP][PASSED] - selectOptionByValue(findTestObject("OCS-DESKTOP/Age gate and Mega menu/month"), "6", true): All options with value '6' are selected in object 'Object Repository/OCS-DESKTOP/Age gate and Mega menu/month'  using regular expression

2019-07-03 22:07:34 - [MESSAGE][PASSED] - All options with value '6' are selected in object 'Object Repository/OCS-DESKTOP/Age gate and Mega menu/month'  using regular expression

2019-07-03 22:07:34 - [TEST_STEP][PASSED] - delay(2): Delayed 2 second(s)

2019-07-03 22:07:36 - [MESSAGE][PASSED] - Delayed 2 second(s)

2019-07-03 22:07:36 - [TEST_STEP][PASSED] - selectOptionByValue(findTestObject("OCS-DESKTOP/Age gate and Mega menu/Year Dropdown"), "1990", true): All options with value '1990' are selected in object 'Object Repository/OCS-DESKTOP/Age gate and Mega menu/Year Dropdown'  using regular expression

2019-07-03 22:07:37 - [MESSAGE][PASSED] - All options with value '1990' are selected in object 'Object Repository/OCS-DESKTOP/Age gate and Mega menu/Year Dropdown'  using regular expression

2019-07-03 22:07:37 - [TEST_STEP][PASSED] - click(findTestObject("OCS-DESKTOP/Age gate and Mega menu/button_Verify")): Object: 'Object Repository/OCS-DESKTOP/Age gate and Mega menu/button_Verify' is clicked on

2019-07-03 22:07:37 - [MESSAGE][PASSED] - Object: 'Object Repository/OCS-DESKTOP/Age gate and Mega menu/button_Verify' is clicked on

2019-07-03 22:07:37 - [TEST_STEP][PASSED] - click(findTestObject("OCS-DESKTOP/Age gate and Mega menu/Checkbox_CONFIRM AND ACKNOWLEDGE")): Object: 'Object Repository/OCS-DESKTOP/Age gate and Mega menu/Checkbox_CONFIRM AND ACKNOWLEDGE' is clicked on

2019-07-03 22:07:38 - [MESSAGE][PASSED] - Object: 'Object Repository/OCS-DESKTOP/Age gate and Mega menu/Checkbox_CONFIRM AND ACKNOWLEDGE' is clicked on

2019-07-03 22:07:38 - [TEST_STEP][PASSED] - click(findTestObject("OCS-DESKTOP/Age gate and Mega menu/button_CONFIRM")): Object: 'Object Repository/OCS-DESKTOP/Age gate and Mega menu/button_CONFIRM' is clicked on

2019-07-03 22:07:38 - [MESSAGE][PASSED] - Object: 'Object Repository/OCS-DESKTOP/Age gate and Mega menu/button_CONFIRM' is clicked on

2019-07-03 22:07:38 - [TEST_STEP][PASSED] - click(findTestObject("OCS-DESKTOP/Age gate and Mega menu/button_Start Browsing")): Object: 'Object Repository/OCS-DESKTOP/Age gate and Mega menu/button_Start Browsing' is clicked on

2019-07-03 22:07:38 - [MESSAGE][PASSED] - Object: 'Object Repository/OCS-DESKTOP/Age gate and Mega menu/button_Start Browsing' is clicked on

2019-07-03 22:07:38 - [TEST_STEP][PASSED] - delay(2): Delayed 2 second(s)

2019-07-03 22:07:40 - [MESSAGE][PASSED] - Delayed 2 second(s)

2019-07-03 22:07:40 - [TEST_STEP][PASSED] - refresh(): Refresh successfully

2019-07-03 22:07:44 - [MESSAGE][PASSED] - Refresh successfully

2019-07-03 22:07:44 - [MESSAGE][PASSED] - Call Test Case 'Test Cases/OCS - DESKTOP/CALL- Age gate' successfully

2019-07-03 22:07:44 - [TEST_STEP][PASSED] - delay(2): Delayed 2 second(s)

2019-07-03 22:07:46 - [MESSAGE][PASSED] - Delayed 2 second(s)

2019-07-03 22:07:46 - [TEST_STEP][PASSED] - click(findTestObject("OCS-DESKTOP/Age gate and Mega menu/Header/CANNABIS menu - English")): Object: 'Object Repository/OCS-DESKTOP/Age gate and Mega menu/Header/CANNABIS menu - English' is clicked on

2019-07-03 22:07:46 - [MESSAGE][PASSED] - Object: 'Object Repository/OCS-DESKTOP/Age gate and Mega menu/Header/CANNABIS menu - English' is clicked on

2019-07-03 22:07:46 - [TEST_STEP][PASSED] - executeJavaScript("var previewBar = document.getElementById("preview-bar-iframe"); previewBar.style.display = "none";", []): Execute JavaScript 'var previewBar = document.getElementById("preview-bar-iframe"); previewBar.style.display = "none";' successfully

2019-07-03 22:07:46 - [MESSAGE][PASSED] - Execute JavaScript 'var previewBar = document.getElementById("preview-bar-iframe"); previewBar.style.display = "none";' successfully

2019-07-03 22:07:46 - [TEST_STEP][PASSED] - delay(2): Delayed 2 second(s)

2019-07-03 22:07:48 - [MESSAGE][PASSED] - Delayed 2 second(s)

2019-07-03 22:07:48 - [TEST_STEP][PASSED] - click(findTestObject("OCS-DESKTOP/Age gate and Mega menu/Indica Dominant_Menu item")): Object: 'Object Repository/OCS-DESKTOP/Age gate and Mega menu/Indica Dominant_Menu item' is clicked on

2019-07-03 22:07:50 - [MESSAGE][PASSED] - Object: 'Object Repository/OCS-DESKTOP/Age gate and Mega menu/Indica Dominant_Menu item' is clicked on

2019-07-03 22:07:50 - [TEST_STEP][PASSED] - executeJavaScript("var previewBar = document.getElementById("preview-bar-iframe"); previewBar.style.display = "none";", []): Execute JavaScript 'var previewBar = document.getElementById("preview-bar-iframe"); previewBar.style.display = "none";' successfully

2019-07-03 22:07:50 - [MESSAGE][PASSED] - Execute JavaScript 'var previewBar = document.getElementById("preview-bar-iframe"); previewBar.style.display = "none";' successfully

2019-07-03 22:07:50 - [TEST_STEP][PASSED] - delay(2): Delayed 2 second(s)

2019-07-03 22:07:52 - [MESSAGE][PASSED] - Delayed 2 second(s)

2019-07-03 22:07:52 - [TEST_STEP][PASSED] - click(findTestObject("OCS-DESKTOP/Collection page/Product image - 1st one")): Object: 'Object Repository/OCS-DESKTOP/Collection page/Product image - 1st one' is clicked on

2019-07-03 22:07:55 - [MESSAGE][PASSED] - Object: 'Object Repository/OCS-DESKTOP/Collection page/Product image - 1st one' is clicked on

2019-07-03 22:07:55 - [TEST_STEP][PASSED] - executeJavaScript("var previewBar = document.getElementById("preview-bar-iframe"); previewBar.style.display = "none";", []): Execute JavaScript 'var previewBar = document.getElementById("preview-bar-iframe"); previewBar.style.display = "none";' successfully

2019-07-03 22:07:55 - [MESSAGE][PASSED] - Execute JavaScript 'var previewBar = document.getElementById("preview-bar-iframe"); previewBar.style.display = "none";' successfully

2019-07-03 22:07:55 - [TEST_STEP][PASSED] - delay(1): Delayed 1 second(s)

2019-07-03 22:07:56 - [MESSAGE][PASSED] - Delayed 1 second(s)

2019-07-03 22:07:56 - [TEST_STEP][PASSED] - delay(3): Delayed 3 second(s)

2019-07-03 22:07:59 - [MESSAGE][PASSED] - Delayed 3 second(s)

2019-07-03 22:07:59 - [TEST_STEP][NOT_RUN] - scrollToElement(findTestObject("OCS-DESKTOP/Product page/Product image"), 1): NOT_RUN: scrollToElement(findTestObject("OCS-DESKTOP/Product page/Product image"), 1)

2019-07-03 22:07:59 - [MESSAGE][NOT_RUN] - NOT_RUN: scrollToElement(findTestObject("OCS-DESKTOP/Product page/Product image"), 1)

2019-07-03 22:07:59 - [TEST_STEP][PASSED] - click(findTestObject("OCS-DESKTOP/Product page/Swatch_1g")): Object: 'Object Repository/OCS-DESKTOP/Product page/Swatch_1g' is clicked on

2019-07-03 22:07:59 - [MESSAGE][PASSED] - Object: 'Object Repository/OCS-DESKTOP/Product page/Swatch_1g' is clicked on

2019-07-03 22:07:59 - [TEST_STEP][PASSED] - delay(2): Delayed 2 second(s)

2019-07-03 22:08:01 - [MESSAGE][PASSED] - Delayed 2 second(s)

2019-07-03 22:08:01 - [TEST_STEP][PASSED] - click(findTestObject("OCS-DESKTOP/Product page/Add to Bag-button")): Object: 'Object Repository/OCS-DESKTOP/Product page/Add to Bag-button' is clicked on

2019-07-03 22:08:02 - [MESSAGE][PASSED] - Object: 'Object Repository/OCS-DESKTOP/Product page/Add to Bag-button' is clicked on

2019-07-03 22:08:02 - [TEST_STEP][PASSED] - delay(1): Delayed 1 second(s)

2019-07-03 22:08:03 - [MESSAGE][PASSED] - Delayed 1 second(s)

2019-07-03 22:08:03 - [TEST_STEP][PASSED] - click(findTestObject("OCS-DESKTOP/Home - page/Cart icon -bag")): Object: 'Object Repository/OCS-DESKTOP/Home - page/Cart icon -bag' is clicked on

2019-07-03 22:08:03 - [MESSAGE][PASSED] - Object: 'Object Repository/OCS-DESKTOP/Home - page/Cart icon -bag' is clicked on

2019-07-03 22:08:03 - [TEST_STEP][PASSED] - delay(3): Delayed 3 second(s)

2019-07-03 22:08:06 - [MESSAGE][PASSED] - Delayed 3 second(s)

2019-07-03 22:08:06 - [TEST_STEP][PASSED] - click(findTestObject("OCS-DESKTOP/Cart flyout/Checkbox_I confirm that")): Object: 'Object Repository/OCS-DESKTOP/Cart flyout/Checkbox_I confirm that' is clicked on

2019-07-03 22:08:06 - [MESSAGE][PASSED] - Object: 'Object Repository/OCS-DESKTOP/Cart flyout/Checkbox_I confirm that' is clicked on

2019-07-03 22:08:06 - [TEST_STEP][PASSED] - delay(2): Delayed 2 second(s)

2019-07-03 22:08:08 - [MESSAGE][PASSED] - Delayed 2 second(s)

2019-07-03 22:08:08 - [TEST_STEP][PASSED] - click(findTestObject("OCS-DESKTOP/Cart flyout/Checkbox_Accept the Terms Condition")): Object: 'Object Repository/OCS-DESKTOP/Cart flyout/Checkbox_Accept the Terms Condition' is clicked on

2019-07-03 22:08:08 - [MESSAGE][PASSED] - Object: 'Object Repository/OCS-DESKTOP/Cart flyout/Checkbox_Accept the Terms Condition' is clicked on

2019-07-03 22:08:08 - [TEST_STEP][PASSED] - delay(2): Delayed 2 second(s)

2019-07-03 22:08:10 - [MESSAGE][PASSED] - Delayed 2 second(s)

2019-07-03 22:08:10 - [TEST_STEP][PASSED] - click(findTestObject("OCS-DESKTOP/Cart flyout/Checkout - Button")): Object: 'Object Repository/OCS-DESKTOP/Cart flyout/Checkout - Button' is clicked on

2019-07-03 22:08:13 - [MESSAGE][PASSED] - Object: 'Object Repository/OCS-DESKTOP/Cart flyout/Checkout - Button' is clicked on

2019-07-03 22:08:13 - [TEST_STEP][PASSED] - executeJavaScript("var previewBar = document.getElementById("preview-bar-iframe"); previewBar.style.display = "none";", []): Execute JavaScript 'var previewBar = document.getElementById("preview-bar-iframe"); previewBar.style.display = "none";' successfully

2019-07-03 22:08:13 - [MESSAGE][PASSED] - Execute JavaScript 'var previewBar = document.getElementById("preview-bar-iframe"); previewBar.style.display = "none";' successfully

2019-07-03 22:08:13 - [TEST_STEP][PASSED] - delay(1): Delayed 1 second(s)

2019-07-03 22:08:14 - [MESSAGE][PASSED] - Delayed 1 second(s)

2019-07-03 22:08:14 - [TEST_STEP][PASSED] - scrollToElement(findTestObject("OCS-DESKTOP/Customer info page/input_Email"), 0): Scroll to object 'Object Repository/OCS-DESKTOP/Customer info page/input_Email' successfully

2019-07-03 22:08:14 - [MESSAGE][WARNING] - Timeout '0' is invalid. Using default page load timeout: '30'

2019-07-03 22:08:14 - [MESSAGE][PASSED] - Scroll to object 'Object Repository/OCS-DESKTOP/Customer info page/input_Email' successfully

2019-07-03 22:08:14 - [TEST_STEP][PASSED] - setText(findTestObject("OCS-DESKTOP/Customer info page/input_Email"), "suman.kompelly@diffagency.com"): Text 'suman.kompelly@diffagency.com' is set on object 'Object Repository/OCS-DESKTOP/Customer info page/input_Email'

2019-07-03 22:08:14 - [MESSAGE][PASSED] - Text 'suman.kompelly@diffagency.com' is set on object 'Object Repository/OCS-DESKTOP/Customer info page/input_Email'

2019-07-03 22:08:14 - [TEST_STEP][PASSED] - setText(findTestObject("OCS-DESKTOP/Customer info page/input_First name"), "suman"): Text 'suman' is set on object 'Object Repository/OCS-DESKTOP/Customer info page/input_First name'

2019-07-03 22:08:14 - [MESSAGE][PASSED] - Text 'suman' is set on object 'Object Repository/OCS-DESKTOP/Customer info page/input_First name'

2019-07-03 22:08:14 - [TEST_STEP][PASSED] - setText(findTestObject("OCS-DESKTOP/Customer info page/input_Last name"), "kompelly"): Text 'kompelly' is set on object 'Object Repository/OCS-DESKTOP/Customer info page/input_Last name'

2019-07-03 22:08:14 - [MESSAGE][PASSED] - Text 'kompelly' is set on object 'Object Repository/OCS-DESKTOP/Customer info page/input_Last name'

2019-07-03 22:08:14 - [TEST_STEP][PASSED] - setText(findTestObject("OCS-DESKTOP/Customer info page/input_Address"), "300 saint alxendre"): Text '300 saint alxendre' is set on object 'Object Repository/OCS-DESKTOP/Customer info page/input_Address'

2019-07-03 22:08:14 - [MESSAGE][PASSED] - Text '300 saint alxendre' is set on object 'Object Repository/OCS-DESKTOP/Customer info page/input_Address'

2019-07-03 22:08:14 - [TEST_STEP][PASSED] - setText(findTestObject("OCS-DESKTOP/Customer info page/input_Apartment suite etc. (op"), "199"): Text '199' is set on object 'Object Repository/OCS-DESKTOP/Customer info page/input_Apartment suite etc. (op'

2019-07-03 22:08:15 - [MESSAGE][PASSED] - Text '199' is set on object 'Object Repository/OCS-DESKTOP/Customer info page/input_Apartment suite etc. (op'

2019-07-03 22:08:15 - [TEST_STEP][PASSED] - setText(findTestObject("OCS-DESKTOP/Customer info page/input_City"), "montreal"): Text 'montreal' is set on object 'Object Repository/OCS-DESKTOP/Customer info page/input_City'

2019-07-03 22:08:15 - [MESSAGE][PASSED] - Text 'montreal' is set on object 'Object Repository/OCS-DESKTOP/Customer info page/input_City'

2019-07-03 22:08:15 - [TEST_STEP][PASSED] - setText(findTestObject("OCS-DESKTOP/Customer info page/input_Postal code"), "n0R1K0"): Text 'n0R1K0' is set on object 'Object Repository/OCS-DESKTOP/Customer info page/input_Postal code'

2019-07-03 22:08:15 - [MESSAGE][PASSED] - Text 'n0R1K0' is set on object 'Object Repository/OCS-DESKTOP/Customer info page/input_Postal code'

2019-07-03 22:08:15 - [TEST_STEP][PASSED] - setText(findTestObject("OCS-DESKTOP/Customer info page/input_Phone"), "(514) 449-3882"): Text '(514) 449-3882' is set on object 'Object Repository/OCS-DESKTOP/Customer info page/input_Phone'

2019-07-03 22:08:15 - [MESSAGE][PASSED] - Text '(514) 449-3882' is set on object 'Object Repository/OCS-DESKTOP/Customer info page/input_Phone'

2019-07-03 22:08:15 - [TEST_STEP][PASSED] - delay(1): Delayed 1 second(s)

2019-07-03 22:08:16 - [MESSAGE][PASSED] - Delayed 1 second(s)

2019-07-03 22:08:16 - [TEST_STEP][PASSED] - click(findTestObject("OCS-DESKTOP/Customer info page/Continue to shipping method - Button")): Object: 'Object Repository/OCS-DESKTOP/Customer info page/Continue to shipping method - Button' is clicked on

2019-07-03 22:08:17 - [MESSAGE][PASSED] - Object: 'Object Repository/OCS-DESKTOP/Customer info page/Continue to shipping method - Button' is clicked on

2019-07-03 22:08:17 - [TEST_STEP][PASSED] - executeJavaScript("var previewBar = document.getElementById("preview-bar-iframe"); previewBar.style.display = "none";", []): Execute JavaScript 'var previewBar = document.getElementById("preview-bar-iframe"); previewBar.style.display = "none";' successfully

2019-07-03 22:08:17 - [MESSAGE][PASSED] - Execute JavaScript 'var previewBar = document.getElementById("preview-bar-iframe"); previewBar.style.display = "none";' successfully

2019-07-03 22:08:17 - [TEST_STEP][PASSED] - delay(1): Delayed 1 second(s)

2019-07-03 22:08:18 - [MESSAGE][PASSED] - Delayed 1 second(s)

2019-07-03 22:08:18 - [TEST_STEP][PASSED] - click(findTestObject("OCS-DESKTOP/Shipping page/Change link")): Object: 'Object Repository/OCS-DESKTOP/Shipping page/Change link' is clicked on

2019-07-03 22:08:20 - [MESSAGE][PASSED] - Object: 'Object Repository/OCS-DESKTOP/Shipping page/Change link' is clicked on

2019-07-03 22:08:20 - [TEST_STEP][PASSED] - executeJavaScript("var previewBar = document.getElementById("preview-bar-iframe"); previewBar.style.display = "none";", []): Execute JavaScript 'var previewBar = document.getElementById("preview-bar-iframe"); previewBar.style.display = "none";' successfully

2019-07-03 22:08:20 - [MESSAGE][PASSED] - Execute JavaScript 'var previewBar = document.getElementById("preview-bar-iframe"); previewBar.style.display = "none";' successfully

2019-07-03 22:08:20 - [TEST_STEP][PASSED] - delay(1): Delayed 1 second(s)

2019-07-03 22:08:21 - [MESSAGE][PASSED] - Delayed 1 second(s)

2019-07-03 22:08:21 - [TEST_STEP][PASSED] - click(findTestObject("OCS-DESKTOP/Customer info page/Continue to shipping method - Button")): Object: 'Object Repository/OCS-DESKTOP/Customer info page/Continue to shipping method - Button' is clicked on

2019-07-03 22:08:22 - [MESSAGE][PASSED] - Object: 'Object Repository/OCS-DESKTOP/Customer info page/Continue to shipping method - Button' is clicked on

2019-07-03 22:08:22 - [TEST_STEP][PASSED] - executeJavaScript("var previewBar = document.getElementById("preview-bar-iframe"); previewBar.style.display = "none";", []): Execute JavaScript 'var previewBar = document.getElementById("preview-bar-iframe"); previewBar.style.display = "none";' successfully

2019-07-03 22:08:23 - [MESSAGE][PASSED] - Execute JavaScript 'var previewBar = document.getElementById("preview-bar-iframe"); previewBar.style.display = "none";' successfully

2019-07-03 22:08:23 - [TEST_STEP][PASSED] - delay(1): Delayed 1 second(s)

2019-07-03 22:08:24 - [MESSAGE][PASSED] - Delayed 1 second(s)

2019-07-03 22:08:24 - [TEST_STEP][PASSED] - click(findTestObject("OCS-DESKTOP/Shipping page/Change link 2")): Object: 'Object Repository/OCS-DESKTOP/Shipping page/Change link 2' is clicked on

2019-07-03 22:08:25 - [MESSAGE][PASSED] - Object: 'Object Repository/OCS-DESKTOP/Shipping page/Change link 2' is clicked on

2019-07-03 22:08:25 - [TEST_STEP][PASSED] - executeJavaScript("var previewBar = document.getElementById("preview-bar-iframe"); previewBar.style.display = "none";", []): Execute JavaScript 'var previewBar = document.getElementById("preview-bar-iframe"); previewBar.style.display = "none";' successfully

2019-07-03 22:08:25 - [MESSAGE][PASSED] - Execute JavaScript 'var previewBar = document.getElementById("preview-bar-iframe"); previewBar.style.display = "none";' successfully

2019-07-03 22:08:25 - [TEST_STEP][PASSED] - delay(1): Delayed 1 second(s)

2019-07-03 22:08:26 - [MESSAGE][PASSED] - Delayed 1 second(s)

2019-07-03 22:08:26 - [TEST_STEP][PASSED] - click(findTestObject("OCS-DESKTOP/Customer info page/Continue to shipping method - Button"), CONTINUE_ON_FAILURE): Object: 'Object Repository/OCS-DESKTOP/Customer info page/Continue to shipping method - Button' is clicked on

2019-07-03 22:08:28 - [MESSAGE][PASSED] - Object: 'Object Repository/OCS-DESKTOP/Customer info page/Continue to shipping method - Button' is clicked on

2019-07-03 22:08:28 - [TEST_STEP][PASSED] - delay(1): Delayed 1 second(s)

2019-07-03 22:08:29 - [MESSAGE][PASSED] - Delayed 1 second(s)

2019-07-03 22:08:29 - [TEST_STEP][PASSED] - executeJavaScript("var previewBar = document.getElementById("preview-bar-iframe"); previewBar.style.display = "none";", []): Execute JavaScript 'var previewBar = document.getElementById("preview-bar-iframe"); previewBar.style.display = "none";' successfully

2019-07-03 22:08:29 - [MESSAGE][PASSED] - Execute JavaScript 'var previewBar = document.getElementById("preview-bar-iframe"); previewBar.style.display = "none";' successfully

2019-07-03 22:08:29 - [TEST_STEP][PASSED] - delay(1): Delayed 1 second(s)

2019-07-03 22:08:30 - [MESSAGE][PASSED] - Delayed 1 second(s)

2019-07-03 22:08:30 - [TEST_STEP][PASSED] - click(findTestObject("OCS-DESKTOP/Shipping page/Return to customer info")): Object: 'Object Repository/OCS-DESKTOP/Shipping page/Return to customer info' is clicked on

2019-07-03 22:08:32 - [MESSAGE][PASSED] - Object: 'Object Repository/OCS-DESKTOP/Shipping page/Return to customer info' is clicked on

2019-07-03 22:08:32 - [TEST_STEP][PASSED] - executeJavaScript("var previewBar = document.getElementById("preview-bar-iframe"); previewBar.style.display = "none";", []): Execute JavaScript 'var previewBar = document.getElementById("preview-bar-iframe"); previewBar.style.display = "none";' successfully

2019-07-03 22:08:32 - [MESSAGE][PASSED] - Execute JavaScript 'var previewBar = document.getElementById("preview-bar-iframe"); previewBar.style.display = "none";' successfully

2019-07-03 22:08:32 - [TEST_STEP][PASSED] - delay(1): Delayed 1 second(s)

2019-07-03 22:08:33 - [MESSAGE][PASSED] - Delayed 1 second(s)

2019-07-03 22:08:33 - [TEST_STEP][PASSED] - click(findTestObject("OCS-DESKTOP/Customer info page/Continue to shipping method - Button")): Object: 'Object Repository/OCS-DESKTOP/Customer info page/Continue to shipping method - Button' is clicked on

2019-07-03 22:08:35 - [MESSAGE][PASSED] - Object: 'Object Repository/OCS-DESKTOP/Customer info page/Continue to shipping method - Button' is clicked on

2019-07-03 22:08:35 - [TEST_STEP][PASSED] - executeJavaScript("var previewBar = document.getElementById("preview-bar-iframe"); previewBar.style.display = "none";", []): Execute JavaScript 'var previewBar = document.getElementById("preview-bar-iframe"); previewBar.style.display = "none";' successfully

2019-07-03 22:08:35 - [MESSAGE][PASSED] - Execute JavaScript 'var previewBar = document.getElementById("preview-bar-iframe"); previewBar.style.display = "none";' successfully

2019-07-03 22:08:35 - [TEST_STEP][PASSED] - click(findTestObject("OCS-DESKTOP/Customer info page/Cart - Breadcrumb link")): Object: 'Object Repository/OCS-DESKTOP/Customer info page/Cart - Breadcrumb link' is clicked on

2019-07-03 22:08:36 - [MESSAGE][PASSED] - Object: 'Object Repository/OCS-DESKTOP/Customer info page/Cart - Breadcrumb link' is clicked on

2019-07-03 22:08:37 - [TEST_STEP][PASSED] - executeJavaScript("var previewBar = document.getElementById("preview-bar-iframe"); previewBar.style.display = "none";", []): Execute JavaScript 'var previewBar = document.getElementById("preview-bar-iframe"); previewBar.style.display = "none";' successfully

2019-07-03 22:08:37 - [MESSAGE][PASSED] - Execute JavaScript 'var previewBar = document.getElementById("preview-bar-iframe"); previewBar.style.display = "none";' successfully

2019-07-03 22:08:37 - [TEST_STEP][PASSED] - delay(1): Delayed 1 second(s)

2019-07-03 22:08:38 - [MESSAGE][PASSED] - Delayed 1 second(s)

2019-07-03 22:08:38 - [TEST_STEP][PASSED] - click(findTestObject("OCS-DESKTOP/Cart page/cart page-Checkbox_I confirm that")): Object: 'Object Repository/OCS-DESKTOP/Cart page/cart page-Checkbox_I confirm that' is clicked on

2019-07-03 22:08:38 - [MESSAGE][PASSED] - Object: 'Object Repository/OCS-DESKTOP/Cart page/cart page-Checkbox_I confirm that' is clicked on

2019-07-03 22:08:38 - [TEST_STEP][PASSED] - delay(1): Delayed 1 second(s)

2019-07-03 22:08:39 - [MESSAGE][PASSED] - Delayed 1 second(s)

2019-07-03 22:08:39 - [TEST_STEP][PASSED] - click(findTestObject("OCS-DESKTOP/Cart page/cart page - Checkbox_Accept the Terms Condition")): Object: 'Object Repository/OCS-DESKTOP/Cart page/cart page - Checkbox_Accept the Terms Condition' is clicked on

2019-07-03 22:08:39 - [MESSAGE][PASSED] - Object: 'Object Repository/OCS-DESKTOP/Cart page/cart page - Checkbox_Accept the Terms Condition' is clicked on

2019-07-03 22:08:39 - [TEST_STEP][PASSED] - delay(1): Delayed 1 second(s)

2019-07-03 22:08:40 - [MESSAGE][PASSED] - Delayed 1 second(s)

2019-07-03 22:08:40 - [TEST_STEP][PASSED] - click(findTestObject("OCS-DESKTOP/Cart page/Cart page -checkout button")): Object: 'Object Repository/OCS-DESKTOP/Cart page/Cart page -checkout button' is clicked on

2019-07-03 22:08:42 - [MESSAGE][PASSED] - Object: 'Object Repository/OCS-DESKTOP/Cart page/Cart page -checkout button' is clicked on

2019-07-03 22:08:42 - [TEST_STEP][PASSED] - delay(1): Delayed 1 second(s)

2019-07-03 22:08:43 - [MESSAGE][PASSED] - Delayed 1 second(s)

2019-07-03 22:08:43 - [TEST_STEP][PASSED] - click(findTestObject("OCS-DESKTOP/Payment -page/Information - Breadcrumb link")): Object: 'Object Repository/OCS-DESKTOP/Payment -page/Information - Breadcrumb link' is clicked on

2019-07-03 22:08:45 - [MESSAGE][PASSED] - Object: 'Object Repository/OCS-DESKTOP/Payment -page/Information - Breadcrumb link' is clicked on

2019-07-03 22:08:45 - [TEST_STEP][PASSED] - delay(1): Delayed 1 second(s)

2019-07-03 22:08:46 - [MESSAGE][PASSED] - Delayed 1 second(s)

2019-07-03 22:08:46 - [TEST_STEP][PASSED] - executeJavaScript("var previewBar = document.getElementById("preview-bar-iframe"); previewBar.style.display = "none";", []): Execute JavaScript 'var previewBar = document.getElementById("preview-bar-iframe"); previewBar.style.display = "none";' successfully

2019-07-03 22:08:46 - [MESSAGE][PASSED] - Execute JavaScript 'var previewBar = document.getElementById("preview-bar-iframe"); previewBar.style.display = "none";' successfully

2019-07-03 22:08:46 - [TEST_STEP][PASSED] - click(findTestObject("OCS-DESKTOP/Customer info page/Continue to shipping method - Button")): Object: 'Object Repository/OCS-DESKTOP/Customer info page/Continue to shipping method - Button' is clicked on

2019-07-03 22:08:48 - [MESSAGE][PASSED] - Object: 'Object Repository/OCS-DESKTOP/Customer info page/Continue to shipping method - Button' is clicked on

2019-07-03 22:08:48 - [TEST_STEP][PASSED] - delay(1): Delayed 1 second(s)

2019-07-03 22:08:49 - [MESSAGE][PASSED] - Delayed 1 second(s)

2019-07-03 22:08:49 - [TEST_STEP][PASSED] - click(findTestObject("OCS-DESKTOP/Shipping page/Continue to payment method - Button")): Object: 'Object Repository/OCS-DESKTOP/Shipping page/Continue to payment method - Button' is clicked on

2019-07-03 22:08:51 - [MESSAGE][PASSED] - Object: 'Object Repository/OCS-DESKTOP/Shipping page/Continue to payment method - Button' is clicked on

2019-07-03 22:08:51 - [TEST_STEP][PASSED] - closeBrowser(): Browser is closed

2019-07-03 22:08:51 - [MESSAGE][PASSED] - Browser is closed]]></system-out>
         <system-err><![CDATA[]]></system-err>
      </testcase>
      <testcase name="Test Cases/OCS - DESKTOP/OCS- CRITICAL PATH/Cart page- decrease qty" classname="Test Cases/OCS - DESKTOP/OCS- CRITICAL PATH/Cart page- decrease qty" status="PASSED">
         <system-out><![CDATA[2019-07-03 22:08:51 - [TEST_CASE][PASSED] - Test Cases/OCS - DESKTOP/OCS- CRITICAL PATH/Cart page- decrease qty: Test Cases/OCS - DESKTOP/OCS- CRITICAL PATH/Cart page- decrease qty

2019-07-03 22:08:52 - [TEST_STEP][PASSED] - callTestCase(findTestCase("OCS - DESKTOP/CALL- Age gate"), [:], STOP_ON_FAILURE): Call Test Case 'Test Cases/OCS - DESKTOP/CALL- Age gate' successfully

2019-07-03 22:08:52 - [TEST_CASE][PASSED] - Test Cases/OCS - DESKTOP/CALL- Age gate: Test Cases/OCS - DESKTOP/CALL- Age gate

2019-07-03 22:08:52 - [TEST_STEP][PASSED] - openBrowser(""): Browser is opened with url: ''

2019-07-03 22:08:52 - [MESSAGE][INFO] - Starting 'Firefox' driver

2019-07-03 22:08:55 - [MESSAGE][PASSED] - Browser is opened with url: ''

2019-07-03 22:08:55 - [TEST_STEP][PASSED] - navigateToUrl("https://ocs.ca/?fts=0&preview_theme_id=74203891532"): Navigate to 'https://ocs.ca/?fts=0&preview_theme_id=74203891532' successfully

2019-07-03 22:09:02 - [MESSAGE][PASSED] - Navigate to 'https://ocs.ca/?fts=0&preview_theme_id=74203891532' successfully

2019-07-03 22:09:02 - [TEST_STEP][PASSED] - maximizeWindow(): Current window maximized

2019-07-03 22:09:03 - [MESSAGE][PASSED] - Current window maximized

2019-07-03 22:09:03 - [TEST_STEP][PASSED] - delay(2): Delayed 2 second(s)

2019-07-03 22:09:05 - [MESSAGE][PASSED] - Delayed 2 second(s)

2019-07-03 22:09:05 - [TEST_STEP][PASSED] - executeJavaScript("var previewBar = document.getElementById("preview-bar-iframe"); previewBar.style.display = "none";", []): Execute JavaScript 'var previewBar = document.getElementById("preview-bar-iframe"); previewBar.style.display = "none";' successfully

2019-07-03 22:09:05 - [MESSAGE][PASSED] - Execute JavaScript 'var previewBar = document.getElementById("preview-bar-iframe"); previewBar.style.display = "none";' successfully

2019-07-03 22:09:05 - [TEST_STEP][PASSED] - selectOptionByValue(findTestObject("OCS-DESKTOP/Age gate and Mega menu/Date"), "12", true): All options with value '12' are selected in object 'Object Repository/OCS-DESKTOP/Age gate and Mega menu/Date'  using regular expression

2019-07-03 22:09:05 - [MESSAGE][PASSED] - All options with value '12' are selected in object 'Object Repository/OCS-DESKTOP/Age gate and Mega menu/Date'  using regular expression

2019-07-03 22:09:05 - [TEST_STEP][PASSED] - selectOptionByValue(findTestObject("OCS-DESKTOP/Age gate and Mega menu/month"), "6", true): All options with value '6' are selected in object 'Object Repository/OCS-DESKTOP/Age gate and Mega menu/month'  using regular expression

2019-07-03 22:09:06 - [MESSAGE][PASSED] - All options with value '6' are selected in object 'Object Repository/OCS-DESKTOP/Age gate and Mega menu/month'  using regular expression

2019-07-03 22:09:06 - [TEST_STEP][PASSED] - delay(2): Delayed 2 second(s)

2019-07-03 22:09:08 - [MESSAGE][PASSED] - Delayed 2 second(s)

2019-07-03 22:09:08 - [TEST_STEP][PASSED] - selectOptionByValue(findTestObject("OCS-DESKTOP/Age gate and Mega menu/Year Dropdown"), "1990", true): All options with value '1990' are selected in object 'Object Repository/OCS-DESKTOP/Age gate and Mega menu/Year Dropdown'  using regular expression

2019-07-03 22:09:09 - [MESSAGE][PASSED] - All options with value '1990' are selected in object 'Object Repository/OCS-DESKTOP/Age gate and Mega menu/Year Dropdown'  using regular expression

2019-07-03 22:09:09 - [TEST_STEP][PASSED] - click(findTestObject("OCS-DESKTOP/Age gate and Mega menu/button_Verify")): Object: 'Object Repository/OCS-DESKTOP/Age gate and Mega menu/button_Verify' is clicked on

2019-07-03 22:09:09 - [MESSAGE][PASSED] - Object: 'Object Repository/OCS-DESKTOP/Age gate and Mega menu/button_Verify' is clicked on

2019-07-03 22:09:09 - [TEST_STEP][PASSED] - click(findTestObject("OCS-DESKTOP/Age gate and Mega menu/Checkbox_CONFIRM AND ACKNOWLEDGE")): Object: 'Object Repository/OCS-DESKTOP/Age gate and Mega menu/Checkbox_CONFIRM AND ACKNOWLEDGE' is clicked on

2019-07-03 22:09:10 - [MESSAGE][PASSED] - Object: 'Object Repository/OCS-DESKTOP/Age gate and Mega menu/Checkbox_CONFIRM AND ACKNOWLEDGE' is clicked on

2019-07-03 22:09:10 - [TEST_STEP][PASSED] - click(findTestObject("OCS-DESKTOP/Age gate and Mega menu/button_CONFIRM")): Object: 'Object Repository/OCS-DESKTOP/Age gate and Mega menu/button_CONFIRM' is clicked on

2019-07-03 22:09:10 - [MESSAGE][PASSED] - Object: 'Object Repository/OCS-DESKTOP/Age gate and Mega menu/button_CONFIRM' is clicked on

2019-07-03 22:09:10 - [TEST_STEP][PASSED] - click(findTestObject("OCS-DESKTOP/Age gate and Mega menu/button_Start Browsing")): Object: 'Object Repository/OCS-DESKTOP/Age gate and Mega menu/button_Start Browsing' is clicked on

2019-07-03 22:09:10 - [MESSAGE][PASSED] - Object: 'Object Repository/OCS-DESKTOP/Age gate and Mega menu/button_Start Browsing' is clicked on

2019-07-03 22:09:10 - [TEST_STEP][PASSED] - delay(2): Delayed 2 second(s)

2019-07-03 22:09:12 - [MESSAGE][PASSED] - Delayed 2 second(s)

2019-07-03 22:09:12 - [TEST_STEP][PASSED] - refresh(): Refresh successfully

2019-07-03 22:09:16 - [MESSAGE][PASSED] - Refresh successfully

2019-07-03 22:09:16 - [MESSAGE][PASSED] - Call Test Case 'Test Cases/OCS - DESKTOP/CALL- Age gate' successfully

2019-07-03 22:09:16 - [TEST_STEP][PASSED] - delay(2): Delayed 2 second(s)

2019-07-03 22:09:18 - [MESSAGE][PASSED] - Delayed 2 second(s)

2019-07-03 22:09:18 - [TEST_STEP][PASSED] - click(findTestObject("OCS-DESKTOP/Age gate and Mega menu/Header/CANNABIS menu - English")): Object: 'Object Repository/OCS-DESKTOP/Age gate and Mega menu/Header/CANNABIS menu - English' is clicked on

2019-07-03 22:09:18 - [MESSAGE][PASSED] - Object: 'Object Repository/OCS-DESKTOP/Age gate and Mega menu/Header/CANNABIS menu - English' is clicked on

2019-07-03 22:09:18 - [TEST_STEP][PASSED] - delay(2): Delayed 2 second(s)

2019-07-03 22:09:20 - [MESSAGE][PASSED] - Delayed 2 second(s)

2019-07-03 22:09:20 - [TEST_STEP][PASSED] - click(findTestObject("OCS-DESKTOP/Age gate and Mega menu/Indica Dominant_Menu item")): Object: 'Object Repository/OCS-DESKTOP/Age gate and Mega menu/Indica Dominant_Menu item' is clicked on

2019-07-03 22:09:23 - [MESSAGE][PASSED] - Object: 'Object Repository/OCS-DESKTOP/Age gate and Mega menu/Indica Dominant_Menu item' is clicked on

2019-07-03 22:09:23 - [TEST_STEP][PASSED] - executeJavaScript("var previewBar = document.getElementById("preview-bar-iframe"); previewBar.style.display = "none";", []): Execute JavaScript 'var previewBar = document.getElementById("preview-bar-iframe"); previewBar.style.display = "none";' successfully

2019-07-03 22:09:23 - [MESSAGE][PASSED] - Execute JavaScript 'var previewBar = document.getElementById("preview-bar-iframe"); previewBar.style.display = "none";' successfully

2019-07-03 22:09:23 - [TEST_STEP][PASSED] - delay(2): Delayed 2 second(s)

2019-07-03 22:09:25 - [MESSAGE][PASSED] - Delayed 2 second(s)

2019-07-03 22:09:25 - [TEST_STEP][NOT_RUN] - click(findTestObject("OCS-DESKTOP/Age gate and Mega menu/Dried Flower_Plus icon")): NOT_RUN: click(findTestObject("OCS-DESKTOP/Age gate and Mega menu/Dried Flower_Plus icon"))

2019-07-03 22:09:25 - [MESSAGE][NOT_RUN] - NOT_RUN: click(findTestObject("OCS-DESKTOP/Age gate and Mega menu/Dried Flower_Plus icon"))

2019-07-03 22:09:25 - [TEST_STEP][PASSED] - delay(2): Delayed 2 second(s)

2019-07-03 22:09:27 - [MESSAGE][PASSED] - Delayed 2 second(s)

2019-07-03 22:09:27 - [TEST_STEP][NOT_RUN] - click(findTestObject("OCS-DESKTOP/Age gate and Mega menu/Indica Dominant_Menu item")): NOT_RUN: click(findTestObject("OCS-DESKTOP/Age gate and Mega menu/Indica Dominant_Menu item"))

2019-07-03 22:09:27 - [MESSAGE][NOT_RUN] - NOT_RUN: click(findTestObject("OCS-DESKTOP/Age gate and Mega menu/Indica Dominant_Menu item"))

2019-07-03 22:09:27 - [TEST_STEP][PASSED] - delay(2): Delayed 2 second(s)

2019-07-03 22:09:29 - [MESSAGE][PASSED] - Delayed 2 second(s)

2019-07-03 22:09:29 - [TEST_STEP][PASSED] - click(findTestObject("OCS-DESKTOP/Collection page/Product image - 1st one")): Object: 'Object Repository/OCS-DESKTOP/Collection page/Product image - 1st one' is clicked on

2019-07-03 22:09:31 - [MESSAGE][PASSED] - Object: 'Object Repository/OCS-DESKTOP/Collection page/Product image - 1st one' is clicked on

2019-07-03 22:09:31 - [TEST_STEP][PASSED] - executeJavaScript("var previewBar = document.getElementById("preview-bar-iframe"); previewBar.style.display = "none";", []): Execute JavaScript 'var previewBar = document.getElementById("preview-bar-iframe"); previewBar.style.display = "none";' successfully

2019-07-03 22:09:31 - [MESSAGE][PASSED] - Execute JavaScript 'var previewBar = document.getElementById("preview-bar-iframe"); previewBar.style.display = "none";' successfully

2019-07-03 22:09:31 - [TEST_STEP][NOT_RUN] - scrollToElement(findTestObject("OCS-DESKTOP/Product page/Product image"), 1): NOT_RUN: scrollToElement(findTestObject("OCS-DESKTOP/Product page/Product image"), 1)

2019-07-03 22:09:31 - [MESSAGE][NOT_RUN] - NOT_RUN: scrollToElement(findTestObject("OCS-DESKTOP/Product page/Product image"), 1)

2019-07-03 22:09:31 - [TEST_STEP][PASSED] - delay(2): Delayed 2 second(s)

2019-07-03 22:09:33 - [MESSAGE][PASSED] - Delayed 2 second(s)

2019-07-03 22:09:33 - [TEST_STEP][PASSED] - click(findTestObject("OCS-DESKTOP/Product page/Swatch_1g")): Object: 'Object Repository/OCS-DESKTOP/Product page/Swatch_1g' is clicked on

2019-07-03 22:09:33 - [MESSAGE][PASSED] - Object: 'Object Repository/OCS-DESKTOP/Product page/Swatch_1g' is clicked on

2019-07-03 22:09:33 - [TEST_STEP][NOT_RUN] - scrollToElement(findTestObject("OCS-DESKTOP/Product page/Swatch_3.5g"), 1): NOT_RUN: scrollToElement(findTestObject("OCS-DESKTOP/Product page/Swatch_3.5g"), 1)

2019-07-03 22:09:33 - [MESSAGE][NOT_RUN] - NOT_RUN: scrollToElement(findTestObject("OCS-DESKTOP/Product page/Swatch_3.5g"), 1)

2019-07-03 22:09:33 - [TEST_STEP][PASSED] - delay(2): Delayed 2 second(s)

2019-07-03 22:09:35 - [MESSAGE][PASSED] - Delayed 2 second(s)

2019-07-03 22:09:35 - [TEST_STEP][PASSED] - click(findTestObject("OCS-DESKTOP/Product page/Quantity Increase - Button")): Object: 'Object Repository/OCS-DESKTOP/Product page/Quantity Increase - Button' is clicked on

2019-07-03 22:09:36 - [MESSAGE][PASSED] - Object: 'Object Repository/OCS-DESKTOP/Product page/Quantity Increase - Button' is clicked on

2019-07-03 22:09:36 - [TEST_STEP][PASSED] - delay(1): Delayed 1 second(s)

2019-07-03 22:09:37 - [MESSAGE][PASSED] - Delayed 1 second(s)

2019-07-03 22:09:37 - [TEST_STEP][PASSED] - click(findTestObject("OCS-DESKTOP/Product page/Quantity Increase - Button")): Object: 'Object Repository/OCS-DESKTOP/Product page/Quantity Increase - Button' is clicked on

2019-07-03 22:09:37 - [MESSAGE][PASSED] - Object: 'Object Repository/OCS-DESKTOP/Product page/Quantity Increase - Button' is clicked on

2019-07-03 22:09:37 - [TEST_STEP][PASSED] - delay(1): Delayed 1 second(s)

2019-07-03 22:09:38 - [MESSAGE][PASSED] - Delayed 1 second(s)

2019-07-03 22:09:38 - [TEST_STEP][PASSED] - click(findTestObject("OCS-DESKTOP/Product page/Quantity Increase - Button")): Object: 'Object Repository/OCS-DESKTOP/Product page/Quantity Increase - Button' is clicked on

2019-07-03 22:09:38 - [MESSAGE][PASSED] - Object: 'Object Repository/OCS-DESKTOP/Product page/Quantity Increase - Button' is clicked on

2019-07-03 22:09:38 - [TEST_STEP][PASSED] - delay(1): Delayed 1 second(s)

2019-07-03 22:09:39 - [MESSAGE][PASSED] - Delayed 1 second(s)

2019-07-03 22:09:39 - [TEST_STEP][PASSED] - click(findTestObject("OCS-DESKTOP/Product page/Quantity Increase - Button")): Object: 'Object Repository/OCS-DESKTOP/Product page/Quantity Increase - Button' is clicked on

2019-07-03 22:09:39 - [MESSAGE][PASSED] - Object: 'Object Repository/OCS-DESKTOP/Product page/Quantity Increase - Button' is clicked on

2019-07-03 22:09:39 - [TEST_STEP][PASSED] - delay(1): Delayed 1 second(s)

2019-07-03 22:09:40 - [MESSAGE][PASSED] - Delayed 1 second(s)

2019-07-03 22:09:40 - [TEST_STEP][PASSED] - click(findTestObject("OCS-DESKTOP/Product page/Quantity Increase - Button")): Object: 'Object Repository/OCS-DESKTOP/Product page/Quantity Increase - Button' is clicked on

2019-07-03 22:09:41 - [MESSAGE][PASSED] - Object: 'Object Repository/OCS-DESKTOP/Product page/Quantity Increase - Button' is clicked on

2019-07-03 22:09:41 - [TEST_STEP][PASSED] - delay(2): Delayed 2 second(s)

2019-07-03 22:09:43 - [MESSAGE][PASSED] - Delayed 2 second(s)

2019-07-03 22:09:43 - [TEST_STEP][PASSED] - click(findTestObject("OCS-DESKTOP/Product page/Add to Bag-button")): Object: 'Object Repository/OCS-DESKTOP/Product page/Add to Bag-button' is clicked on

2019-07-03 22:09:43 - [MESSAGE][PASSED] - Object: 'Object Repository/OCS-DESKTOP/Product page/Add to Bag-button' is clicked on

2019-07-03 22:09:43 - [TEST_STEP][PASSED] - delay(1): Delayed 1 second(s)

2019-07-03 22:09:44 - [MESSAGE][PASSED] - Delayed 1 second(s)

2019-07-03 22:09:44 - [TEST_STEP][PASSED] - click(findTestObject("OCS-DESKTOP/Home - page/Cart icon -bag")): Object: 'Object Repository/OCS-DESKTOP/Home - page/Cart icon -bag' is clicked on

2019-07-03 22:09:44 - [MESSAGE][PASSED] - Object: 'Object Repository/OCS-DESKTOP/Home - page/Cart icon -bag' is clicked on

2019-07-03 22:09:44 - [TEST_STEP][PASSED] - delay(2): Delayed 2 second(s)

2019-07-03 22:09:46 - [MESSAGE][PASSED] - Delayed 2 second(s)

2019-07-03 22:09:46 - [TEST_STEP][PASSED] - click(findTestObject("OCS-DESKTOP/Cart flyout/Checkbox_I confirm that")): Object: 'Object Repository/OCS-DESKTOP/Cart flyout/Checkbox_I confirm that' is clicked on

2019-07-03 22:09:46 - [MESSAGE][PASSED] - Object: 'Object Repository/OCS-DESKTOP/Cart flyout/Checkbox_I confirm that' is clicked on

2019-07-03 22:09:46 - [TEST_STEP][PASSED] - delay(2): Delayed 2 second(s)

2019-07-03 22:09:48 - [MESSAGE][PASSED] - Delayed 2 second(s)

2019-07-03 22:09:48 - [TEST_STEP][PASSED] - click(findTestObject("OCS-DESKTOP/Cart flyout/Checkbox_Accept the Terms Condition")): Object: 'Object Repository/OCS-DESKTOP/Cart flyout/Checkbox_Accept the Terms Condition' is clicked on

2019-07-03 22:09:49 - [MESSAGE][PASSED] - Object: 'Object Repository/OCS-DESKTOP/Cart flyout/Checkbox_Accept the Terms Condition' is clicked on

2019-07-03 22:09:49 - [TEST_STEP][PASSED] - delay(1): Delayed 1 second(s)

2019-07-03 22:09:50 - [MESSAGE][PASSED] - Delayed 1 second(s)

2019-07-03 22:09:50 - [TEST_STEP][PASSED] - click(findTestObject("OCS-DESKTOP/Cart flyout/Checkout - Button")): Object: 'Object Repository/OCS-DESKTOP/Cart flyout/Checkout - Button' is clicked on

2019-07-03 22:09:52 - [MESSAGE][PASSED] - Object: 'Object Repository/OCS-DESKTOP/Cart flyout/Checkout - Button' is clicked on

2019-07-03 22:09:52 - [TEST_STEP][PASSED] - executeJavaScript("var previewBar = document.getElementById("preview-bar-iframe"); previewBar.style.display = "none";", []): Execute JavaScript 'var previewBar = document.getElementById("preview-bar-iframe"); previewBar.style.display = "none";' successfully

2019-07-03 22:09:52 - [MESSAGE][PASSED] - Execute JavaScript 'var previewBar = document.getElementById("preview-bar-iframe"); previewBar.style.display = "none";' successfully

2019-07-03 22:09:52 - [TEST_STEP][PASSED] - delay(2): Delayed 2 second(s)

2019-07-03 22:09:54 - [MESSAGE][PASSED] - Delayed 2 second(s)

2019-07-03 22:09:54 - [TEST_STEP][NOT_RUN] - scrollToElement(findTestObject("OCS-DESKTOP/Customer info page/Return to Cart - Link"), 1): NOT_RUN: scrollToElement(findTestObject("OCS-DESKTOP/Customer info page/Return to Cart - Link"), 1)

2019-07-03 22:09:54 - [MESSAGE][NOT_RUN] - NOT_RUN: scrollToElement(findTestObject("OCS-DESKTOP/Customer info page/Return to Cart - Link"), 1)

2019-07-03 22:09:54 - [TEST_STEP][PASSED] - delay(1): Delayed 1 second(s)

2019-07-03 22:09:55 - [MESSAGE][PASSED] - Delayed 1 second(s)

2019-07-03 22:09:55 - [TEST_STEP][PASSED] - delay(2): Delayed 2 second(s)

2019-07-03 22:09:57 - [MESSAGE][PASSED] - Delayed 2 second(s)

2019-07-03 22:09:57 - [TEST_STEP][PASSED] - click(findTestObject("OCS-DESKTOP/Customer info page/Return to Cart - Link")): Object: 'Object Repository/OCS-DESKTOP/Customer info page/Return to Cart - Link' is clicked on

2019-07-03 22:09:58 - [MESSAGE][PASSED] - Object: 'Object Repository/OCS-DESKTOP/Customer info page/Return to Cart - Link' is clicked on

2019-07-03 22:09:58 - [TEST_STEP][PASSED] - delay(1): Delayed 1 second(s)

2019-07-03 22:09:59 - [MESSAGE][PASSED] - Delayed 1 second(s)

2019-07-03 22:09:59 - [TEST_STEP][PASSED] - delay(1): Delayed 1 second(s)

2019-07-03 22:10:00 - [MESSAGE][PASSED] - Delayed 1 second(s)

2019-07-03 22:10:00 - [TEST_STEP][PASSED] - a = getText(findTestObject("OCS-DESKTOP/Cart page/Unit price - product - price in cart page")): Text of object 'Object Repository/OCS-DESKTOP/Cart page/Unit price - product - price in cart page' is: '$61.50'

2019-07-03 22:10:00 - [MESSAGE][PASSED] - Text of object 'Object Repository/OCS-DESKTOP/Cart page/Unit price - product - price in cart page' is: '$61.50'

2019-07-03 22:10:00 - [TEST_STEP][PASSED] - comment(a): $61.50

2019-07-03 22:10:00 - [MESSAGE][INFO] - $61.50

2019-07-03 22:10:00 - [TEST_STEP][PASSED] - click(findTestObject("OCS-DESKTOP/Cart page/Quantity Input field")): Object: 'Object Repository/OCS-DESKTOP/Cart page/Quantity Input field' is clicked on

2019-07-03 22:10:01 - [MESSAGE][PASSED] - Object: 'Object Repository/OCS-DESKTOP/Cart page/Quantity Input field' is clicked on

2019-07-03 22:10:01 - [TEST_STEP][PASSED] - sendKeys(findTestObject("OCS-DESKTOP/Cart page/Quantity Input field"), Keys.chord(CLEAR)): Keys 'CLEAR + ' sent to object: 'Object Repository/OCS-DESKTOP/Cart page/Quantity Input field'

2019-07-03 22:10:01 - [MESSAGE][PASSED] - Keys 'CLEAR + ' sent to object: 'Object Repository/OCS-DESKTOP/Cart page/Quantity Input field'

2019-07-03 22:10:01 - [TEST_STEP][PASSED] - setText(findTestObject("OCS-DESKTOP/Cart page/Quantity Input field"), "10"): Text '10' is set on object 'Object Repository/OCS-DESKTOP/Cart page/Quantity Input field'

2019-07-03 22:10:01 - [MESSAGE][PASSED] - Text '10' is set on object 'Object Repository/OCS-DESKTOP/Cart page/Quantity Input field'

2019-07-03 22:10:01 - [TEST_STEP][PASSED] - delay(2): Delayed 2 second(s)

2019-07-03 22:10:03 - [MESSAGE][PASSED] - Delayed 2 second(s)

2019-07-03 22:10:03 - [TEST_STEP][PASSED] - sendKeys(findTestObject("OCS-DESKTOP/Cart page/Quantity Input field"), Keys.chord(CLEAR)): Keys 'CLEAR + ' sent to object: 'Object Repository/OCS-DESKTOP/Cart page/Quantity Input field'

2019-07-03 22:10:03 - [MESSAGE][PASSED] - Keys 'CLEAR + ' sent to object: 'Object Repository/OCS-DESKTOP/Cart page/Quantity Input field'

2019-07-03 22:10:03 - [TEST_STEP][NOT_RUN] - click(findTestObject("OCS-DESKTOP/Cart page/enter quantity")): NOT_RUN: click(findTestObject("OCS-DESKTOP/Cart page/enter quantity"))

2019-07-03 22:10:03 - [MESSAGE][NOT_RUN] - NOT_RUN: click(findTestObject("OCS-DESKTOP/Cart page/enter quantity"))

2019-07-03 22:10:03 - [TEST_STEP][PASSED] - delay(2): Delayed 2 second(s)

2019-07-03 22:10:05 - [MESSAGE][PASSED] - Delayed 2 second(s)

2019-07-03 22:10:05 - [TEST_STEP][PASSED] - setText(findTestObject("OCS-DESKTOP/Cart page/Quantity Input field"), "7"): Text '7' is set on object 'Object Repository/OCS-DESKTOP/Cart page/Quantity Input field'

2019-07-03 22:10:05 - [MESSAGE][PASSED] - Text '7' is set on object 'Object Repository/OCS-DESKTOP/Cart page/Quantity Input field'

2019-07-03 22:10:05 - [TEST_STEP][PASSED] - delay(2): Delayed 2 second(s)

2019-07-03 22:10:07 - [MESSAGE][PASSED] - Delayed 2 second(s)

2019-07-03 22:10:07 - [TEST_STEP][NOT_RUN] - click(findTestObject("OCS-DESKTOP/Cart page/Unit price - product")): NOT_RUN: click(findTestObject("OCS-DESKTOP/Cart page/Unit price - product"))

2019-07-03 22:10:07 - [MESSAGE][NOT_RUN] - NOT_RUN: click(findTestObject("OCS-DESKTOP/Cart page/Unit price - product"))

2019-07-03 22:10:07 - [TEST_STEP][PASSED] - delay(2): Delayed 2 second(s)

2019-07-03 22:10:09 - [MESSAGE][PASSED] - Delayed 2 second(s)

2019-07-03 22:10:09 - [TEST_STEP][PASSED] - click(findTestObject("OCS-DESKTOP/Cart page/Qty Decrease icon")): Object: 'Object Repository/OCS-DESKTOP/Cart page/Qty Decrease icon' is clicked on

2019-07-03 22:10:09 - [MESSAGE][PASSED] - Object: 'Object Repository/OCS-DESKTOP/Cart page/Qty Decrease icon' is clicked on

2019-07-03 22:10:09 - [TEST_STEP][PASSED] - delay(2): Delayed 2 second(s)

2019-07-03 22:10:11 - [MESSAGE][PASSED] - Delayed 2 second(s)

2019-07-03 22:10:11 - [TEST_STEP][PASSED] - click(findTestObject("OCS-DESKTOP/Cart page/Qty Decrease icon")): Object: 'Object Repository/OCS-DESKTOP/Cart page/Qty Decrease icon' is clicked on

2019-07-03 22:10:11 - [MESSAGE][PASSED] - Object: 'Object Repository/OCS-DESKTOP/Cart page/Qty Decrease icon' is clicked on

2019-07-03 22:10:11 - [TEST_STEP][PASSED] - delay(2): Delayed 2 second(s)

2019-07-03 22:10:13 - [MESSAGE][PASSED] - Delayed 2 second(s)

2019-07-03 22:10:13 - [TEST_STEP][PASSED] - click(findTestObject("OCS-DESKTOP/Cart page/Qty Decrease icon")): Object: 'Object Repository/OCS-DESKTOP/Cart page/Qty Decrease icon' is clicked on

2019-07-03 22:10:14 - [MESSAGE][PASSED] - Object: 'Object Repository/OCS-DESKTOP/Cart page/Qty Decrease icon' is clicked on

2019-07-03 22:10:14 - [TEST_STEP][PASSED] - delay(2): Delayed 2 second(s)

2019-07-03 22:10:16 - [MESSAGE][PASSED] - Delayed 2 second(s)

2019-07-03 22:10:16 - [TEST_STEP][PASSED] - b = getText(findTestObject("OCS-DESKTOP/Cart page/Unit price - product - price in cart page")): Text of object 'Object Repository/OCS-DESKTOP/Cart page/Unit price - product - price in cart page' is: '$10.25'

2019-07-03 22:10:16 - [MESSAGE][PASSED] - Text of object 'Object Repository/OCS-DESKTOP/Cart page/Unit price - product - price in cart page' is: '$10.25'

2019-07-03 22:10:16 - [TEST_STEP][PASSED] - comment(b): $10.25

2019-07-03 22:10:16 - [MESSAGE][INFO] - $10.25

2019-07-03 22:10:16 - [TEST_STEP][PASSED] - verifyNotEqual("a", "b"): Actual object 'a' and expected object 'b' are not equal

2019-07-03 22:10:16 - [MESSAGE][PASSED] - Actual object 'a' and expected object 'b' are not equal

2019-07-03 22:10:16 - [TEST_STEP][PASSED] - comment(" price changed . Quantity selector is working"):  price changed . Quantity selector is working

2019-07-03 22:10:16 - [MESSAGE][INFO] -  price changed . Quantity selector is working]]></system-out>
         <system-err><![CDATA[]]></system-err>
      </testcase>
      <testcase name="Test Cases/OCS - DESKTOP/OCS- CRITICAL PATH/cart page-increase qty" classname="Test Cases/OCS - DESKTOP/OCS- CRITICAL PATH/cart page-increase qty" status="PASSED">
         <system-out><![CDATA[2019-07-03 22:10:16 - [TEST_CASE][PASSED] - Test Cases/OCS - DESKTOP/OCS- CRITICAL PATH/cart page-increase qty: Test Cases/OCS - DESKTOP/OCS- CRITICAL PATH/cart page-increase qty

2019-07-03 22:10:16 - [TEST_STEP][PASSED] - callTestCase(findTestCase("OCS - DESKTOP/CALL- Age gate"), [:], STOP_ON_FAILURE): Call Test Case 'Test Cases/OCS - DESKTOP/CALL- Age gate' successfully

2019-07-03 22:10:16 - [TEST_CASE][PASSED] - Test Cases/OCS - DESKTOP/CALL- Age gate: Test Cases/OCS - DESKTOP/CALL- Age gate

2019-07-03 22:10:16 - [TEST_STEP][PASSED] - openBrowser(""): Browser is opened with url: ''

2019-07-03 22:10:16 - [MESSAGE][WARNING] - A browser is already opened. Closing browser and opening a new one

2019-07-03 22:10:16 - [MESSAGE][INFO] - Starting 'Firefox' driver

2019-07-03 22:10:19 - [MESSAGE][PASSED] - Browser is opened with url: ''

2019-07-03 22:10:19 - [TEST_STEP][PASSED] - navigateToUrl("https://ocs.ca/?fts=0&preview_theme_id=74203891532"): Navigate to 'https://ocs.ca/?fts=0&preview_theme_id=74203891532' successfully

2019-07-03 22:10:26 - [MESSAGE][PASSED] - Navigate to 'https://ocs.ca/?fts=0&preview_theme_id=74203891532' successfully

2019-07-03 22:10:26 - [TEST_STEP][PASSED] - maximizeWindow(): Current window maximized

2019-07-03 22:10:27 - [MESSAGE][PASSED] - Current window maximized

2019-07-03 22:10:27 - [TEST_STEP][PASSED] - delay(2): Delayed 2 second(s)

2019-07-03 22:10:29 - [MESSAGE][PASSED] - Delayed 2 second(s)

2019-07-03 22:10:29 - [TEST_STEP][PASSED] - executeJavaScript("var previewBar = document.getElementById("preview-bar-iframe"); previewBar.style.display = "none";", []): Execute JavaScript 'var previewBar = document.getElementById("preview-bar-iframe"); previewBar.style.display = "none";' successfully

2019-07-03 22:10:29 - [MESSAGE][PASSED] - Execute JavaScript 'var previewBar = document.getElementById("preview-bar-iframe"); previewBar.style.display = "none";' successfully

2019-07-03 22:10:29 - [TEST_STEP][PASSED] - selectOptionByValue(findTestObject("OCS-DESKTOP/Age gate and Mega menu/Date"), "12", true): All options with value '12' are selected in object 'Object Repository/OCS-DESKTOP/Age gate and Mega menu/Date'  using regular expression

2019-07-03 22:10:29 - [MESSAGE][PASSED] - All options with value '12' are selected in object 'Object Repository/OCS-DESKTOP/Age gate and Mega menu/Date'  using regular expression

2019-07-03 22:10:29 - [TEST_STEP][PASSED] - selectOptionByValue(findTestObject("OCS-DESKTOP/Age gate and Mega menu/month"), "6", true): All options with value '6' are selected in object 'Object Repository/OCS-DESKTOP/Age gate and Mega menu/month'  using regular expression

2019-07-03 22:10:30 - [MESSAGE][PASSED] - All options with value '6' are selected in object 'Object Repository/OCS-DESKTOP/Age gate and Mega menu/month'  using regular expression

2019-07-03 22:10:30 - [TEST_STEP][PASSED] - delay(2): Delayed 2 second(s)

2019-07-03 22:10:32 - [MESSAGE][PASSED] - Delayed 2 second(s)

2019-07-03 22:10:32 - [TEST_STEP][PASSED] - selectOptionByValue(findTestObject("OCS-DESKTOP/Age gate and Mega menu/Year Dropdown"), "1990", true): All options with value '1990' are selected in object 'Object Repository/OCS-DESKTOP/Age gate and Mega menu/Year Dropdown'  using regular expression

2019-07-03 22:10:33 - [MESSAGE][PASSED] - All options with value '1990' are selected in object 'Object Repository/OCS-DESKTOP/Age gate and Mega menu/Year Dropdown'  using regular expression

2019-07-03 22:10:33 - [TEST_STEP][PASSED] - click(findTestObject("OCS-DESKTOP/Age gate and Mega menu/button_Verify")): Object: 'Object Repository/OCS-DESKTOP/Age gate and Mega menu/button_Verify' is clicked on

2019-07-03 22:10:33 - [MESSAGE][PASSED] - Object: 'Object Repository/OCS-DESKTOP/Age gate and Mega menu/button_Verify' is clicked on

2019-07-03 22:10:33 - [TEST_STEP][PASSED] - click(findTestObject("OCS-DESKTOP/Age gate and Mega menu/Checkbox_CONFIRM AND ACKNOWLEDGE")): Object: 'Object Repository/OCS-DESKTOP/Age gate and Mega menu/Checkbox_CONFIRM AND ACKNOWLEDGE' is clicked on

2019-07-03 22:10:34 - [MESSAGE][PASSED] - Object: 'Object Repository/OCS-DESKTOP/Age gate and Mega menu/Checkbox_CONFIRM AND ACKNOWLEDGE' is clicked on

2019-07-03 22:10:34 - [TEST_STEP][PASSED] - click(findTestObject("OCS-DESKTOP/Age gate and Mega menu/button_CONFIRM")): Object: 'Object Repository/OCS-DESKTOP/Age gate and Mega menu/button_CONFIRM' is clicked on

2019-07-03 22:10:34 - [MESSAGE][PASSED] - Object: 'Object Repository/OCS-DESKTOP/Age gate and Mega menu/button_CONFIRM' is clicked on

2019-07-03 22:10:34 - [TEST_STEP][PASSED] - click(findTestObject("OCS-DESKTOP/Age gate and Mega menu/button_Start Browsing")): Object: 'Object Repository/OCS-DESKTOP/Age gate and Mega menu/button_Start Browsing' is clicked on

2019-07-03 22:10:34 - [MESSAGE][PASSED] - Object: 'Object Repository/OCS-DESKTOP/Age gate and Mega menu/button_Start Browsing' is clicked on

2019-07-03 22:10:34 - [TEST_STEP][PASSED] - delay(2): Delayed 2 second(s)

2019-07-03 22:10:36 - [MESSAGE][PASSED] - Delayed 2 second(s)

2019-07-03 22:10:36 - [TEST_STEP][PASSED] - refresh(): Refresh successfully

2019-07-03 22:10:40 - [MESSAGE][PASSED] - Refresh successfully

2019-07-03 22:10:40 - [MESSAGE][PASSED] - Call Test Case 'Test Cases/OCS - DESKTOP/CALL- Age gate' successfully

2019-07-03 22:10:40 - [TEST_STEP][PASSED] - delay(2): Delayed 2 second(s)

2019-07-03 22:10:42 - [MESSAGE][PASSED] - Delayed 2 second(s)

2019-07-03 22:10:42 - [TEST_STEP][PASSED] - click(findTestObject("OCS-DESKTOP/Age gate and Mega menu/Header/CANNABIS menu - English")): Object: 'Object Repository/OCS-DESKTOP/Age gate and Mega menu/Header/CANNABIS menu - English' is clicked on

2019-07-03 22:10:42 - [MESSAGE][PASSED] - Object: 'Object Repository/OCS-DESKTOP/Age gate and Mega menu/Header/CANNABIS menu - English' is clicked on

2019-07-03 22:10:42 - [TEST_STEP][PASSED] - delay(2): Delayed 2 second(s)

2019-07-03 22:10:44 - [MESSAGE][PASSED] - Delayed 2 second(s)

2019-07-03 22:10:44 - [TEST_STEP][PASSED] - executeJavaScript("var previewBar = document.getElementById("preview-bar-iframe"); previewBar.style.display = "none";", []): Execute JavaScript 'var previewBar = document.getElementById("preview-bar-iframe"); previewBar.style.display = "none";' successfully

2019-07-03 22:10:44 - [MESSAGE][PASSED] - Execute JavaScript 'var previewBar = document.getElementById("preview-bar-iframe"); previewBar.style.display = "none";' successfully

2019-07-03 22:10:44 - [TEST_STEP][PASSED] - click(findTestObject("OCS-DESKTOP/Age gate and Mega menu/Indica Dominant_Menu item")): Object: 'Object Repository/OCS-DESKTOP/Age gate and Mega menu/Indica Dominant_Menu item' is clicked on

2019-07-03 22:10:47 - [MESSAGE][PASSED] - Object: 'Object Repository/OCS-DESKTOP/Age gate and Mega menu/Indica Dominant_Menu item' is clicked on

2019-07-03 22:10:47 - [TEST_STEP][PASSED] - delay(2): Delayed 2 second(s)

2019-07-03 22:10:49 - [MESSAGE][PASSED] - Delayed 2 second(s)

2019-07-03 22:10:49 - [TEST_STEP][PASSED] - executeJavaScript("var previewBar = document.getElementById("preview-bar-iframe"); previewBar.style.display = "none";", []): Execute JavaScript 'var previewBar = document.getElementById("preview-bar-iframe"); previewBar.style.display = "none";' successfully

2019-07-03 22:10:49 - [MESSAGE][PASSED] - Execute JavaScript 'var previewBar = document.getElementById("preview-bar-iframe"); previewBar.style.display = "none";' successfully

2019-07-03 22:10:49 - [TEST_STEP][PASSED] - click(findTestObject("OCS-DESKTOP/Collection page/Product image - 1st one")): Object: 'Object Repository/OCS-DESKTOP/Collection page/Product image - 1st one' is clicked on

2019-07-03 22:10:51 - [MESSAGE][PASSED] - Object: 'Object Repository/OCS-DESKTOP/Collection page/Product image - 1st one' is clicked on

2019-07-03 22:10:51 - [TEST_STEP][PASSED] - executeJavaScript("var previewBar = document.getElementById("preview-bar-iframe"); previewBar.style.display = "none";", []): Execute JavaScript 'var previewBar = document.getElementById("preview-bar-iframe"); previewBar.style.display = "none";' successfully

2019-07-03 22:10:51 - [MESSAGE][PASSED] - Execute JavaScript 'var previewBar = document.getElementById("preview-bar-iframe"); previewBar.style.display = "none";' successfully

2019-07-03 22:10:51 - [TEST_STEP][NOT_RUN] - scrollToElement(findTestObject("OCS-DESKTOP/Product page/Product image"), 1): NOT_RUN: scrollToElement(findTestObject("OCS-DESKTOP/Product page/Product image"), 1)

2019-07-03 22:10:51 - [MESSAGE][NOT_RUN] - NOT_RUN: scrollToElement(findTestObject("OCS-DESKTOP/Product page/Product image"), 1)

2019-07-03 22:10:51 - [TEST_STEP][PASSED] - delay(2): Delayed 2 second(s)

2019-07-03 22:10:53 - [MESSAGE][PASSED] - Delayed 2 second(s)

2019-07-03 22:10:53 - [TEST_STEP][PASSED] - click(findTestObject("OCS-DESKTOP/Product page/Swatch_1g")): Object: 'Object Repository/OCS-DESKTOP/Product page/Swatch_1g' is clicked on

2019-07-03 22:10:53 - [MESSAGE][PASSED] - Object: 'Object Repository/OCS-DESKTOP/Product page/Swatch_1g' is clicked on

2019-07-03 22:10:53 - [TEST_STEP][PASSED] - delay(2): Delayed 2 second(s)

2019-07-03 22:10:55 - [MESSAGE][PASSED] - Delayed 2 second(s)

2019-07-03 22:10:55 - [TEST_STEP][PASSED] - click(findTestObject("OCS-DESKTOP/Product page/Add to Bag-button")): Object: 'Object Repository/OCS-DESKTOP/Product page/Add to Bag-button' is clicked on

2019-07-03 22:10:55 - [MESSAGE][PASSED] - Object: 'Object Repository/OCS-DESKTOP/Product page/Add to Bag-button' is clicked on

2019-07-03 22:10:55 - [TEST_STEP][PASSED] - delay(1): Delayed 1 second(s)

2019-07-03 22:10:56 - [MESSAGE][PASSED] - Delayed 1 second(s)

2019-07-03 22:10:56 - [TEST_STEP][PASSED] - click(findTestObject("OCS-DESKTOP/Home - page/Cart icon -bag")): Object: 'Object Repository/OCS-DESKTOP/Home - page/Cart icon -bag' is clicked on

2019-07-03 22:10:56 - [MESSAGE][PASSED] - Object: 'Object Repository/OCS-DESKTOP/Home - page/Cart icon -bag' is clicked on

2019-07-03 22:10:56 - [TEST_STEP][PASSED] - delay(1): Delayed 1 second(s)

2019-07-03 22:10:57 - [MESSAGE][PASSED] - Delayed 1 second(s)

2019-07-03 22:10:57 - [TEST_STEP][PASSED] - click(findTestObject("OCS-DESKTOP/Cart flyout/Checkbox_I confirm that")): Object: 'Object Repository/OCS-DESKTOP/Cart flyout/Checkbox_I confirm that' is clicked on

2019-07-03 22:10:58 - [MESSAGE][PASSED] - Object: 'Object Repository/OCS-DESKTOP/Cart flyout/Checkbox_I confirm that' is clicked on

2019-07-03 22:10:58 - [TEST_STEP][PASSED] - delay(2): Delayed 2 second(s)

2019-07-03 22:11:00 - [MESSAGE][PASSED] - Delayed 2 second(s)

2019-07-03 22:11:00 - [TEST_STEP][PASSED] - click(findTestObject("OCS-DESKTOP/Cart flyout/Checkbox_Accept the Terms Condition")): Object: 'Object Repository/OCS-DESKTOP/Cart flyout/Checkbox_Accept the Terms Condition' is clicked on

2019-07-03 22:11:00 - [MESSAGE][PASSED] - Object: 'Object Repository/OCS-DESKTOP/Cart flyout/Checkbox_Accept the Terms Condition' is clicked on

2019-07-03 22:11:00 - [TEST_STEP][PASSED] - delay(1): Delayed 1 second(s)

2019-07-03 22:11:01 - [MESSAGE][PASSED] - Delayed 1 second(s)

2019-07-03 22:11:01 - [TEST_STEP][PASSED] - click(findTestObject("OCS-DESKTOP/Cart flyout/Checkout - Button")): Object: 'Object Repository/OCS-DESKTOP/Cart flyout/Checkout - Button' is clicked on

2019-07-03 22:11:03 - [MESSAGE][PASSED] - Object: 'Object Repository/OCS-DESKTOP/Cart flyout/Checkout - Button' is clicked on

2019-07-03 22:11:03 - [TEST_STEP][PASSED] - delay(2): Delayed 2 second(s)

2019-07-03 22:11:05 - [MESSAGE][PASSED] - Delayed 2 second(s)

2019-07-03 22:11:05 - [TEST_STEP][PASSED] - scrollToElement(findTestObject("OCS-DESKTOP/Customer info page/Return to Cart - Link"), 1): Scroll to object 'Object Repository/OCS-DESKTOP/Customer info page/Return to Cart - Link' successfully

2019-07-03 22:11:05 - [MESSAGE][PASSED] - Scroll to object 'Object Repository/OCS-DESKTOP/Customer info page/Return to Cart - Link' successfully

2019-07-03 22:11:05 - [TEST_STEP][PASSED] - executeJavaScript("var previewBar = document.getElementById("preview-bar-iframe"); previewBar.style.display = "none";", []): Execute JavaScript 'var previewBar = document.getElementById("preview-bar-iframe"); previewBar.style.display = "none";' successfully

2019-07-03 22:11:05 - [MESSAGE][PASSED] - Execute JavaScript 'var previewBar = document.getElementById("preview-bar-iframe"); previewBar.style.display = "none";' successfully

2019-07-03 22:11:05 - [TEST_STEP][PASSED] - delay(1): Delayed 1 second(s)

2019-07-03 22:11:06 - [MESSAGE][PASSED] - Delayed 1 second(s)

2019-07-03 22:11:06 - [TEST_STEP][PASSED] - click(findTestObject("OCS-DESKTOP/Customer info page/Return to Cart - Link")): Object: 'Object Repository/OCS-DESKTOP/Customer info page/Return to Cart - Link' is clicked on

2019-07-03 22:11:08 - [MESSAGE][PASSED] - Object: 'Object Repository/OCS-DESKTOP/Customer info page/Return to Cart - Link' is clicked on

2019-07-03 22:11:08 - [TEST_STEP][PASSED] - delay(1): Delayed 1 second(s)

2019-07-03 22:11:09 - [MESSAGE][PASSED] - Delayed 1 second(s)

2019-07-03 22:11:09 - [TEST_STEP][PASSED] - a = getText(findTestObject("OCS-DESKTOP/Cart page/Unit price - product - price in cart page")): Text of object 'Object Repository/OCS-DESKTOP/Cart page/Unit price - product - price in cart page' is: '$10.25'

2019-07-03 22:11:09 - [MESSAGE][PASSED] - Text of object 'Object Repository/OCS-DESKTOP/Cart page/Unit price - product - price in cart page' is: '$10.25'

2019-07-03 22:11:09 - [TEST_STEP][PASSED] - comment(a): $10.25

2019-07-03 22:11:09 - [MESSAGE][INFO] - $10.25

2019-07-03 22:11:09 - [TEST_STEP][PASSED] - click(findTestObject("OCS-DESKTOP/Cart page/Quantity Input field")): Object: 'Object Repository/OCS-DESKTOP/Cart page/Quantity Input field' is clicked on

2019-07-03 22:11:09 - [MESSAGE][PASSED] - Object: 'Object Repository/OCS-DESKTOP/Cart page/Quantity Input field' is clicked on

2019-07-03 22:11:09 - [TEST_STEP][PASSED] - sendKeys(findTestObject("OCS-DESKTOP/Cart page/Quantity Input field"), Keys.chord(CLEAR)): Keys 'CLEAR + ' sent to object: 'Object Repository/OCS-DESKTOP/Cart page/Quantity Input field'

2019-07-03 22:11:09 - [MESSAGE][PASSED] - Keys 'CLEAR + ' sent to object: 'Object Repository/OCS-DESKTOP/Cart page/Quantity Input field'

2019-07-03 22:11:09 - [TEST_STEP][PASSED] - setText(findTestObject("OCS-DESKTOP/Cart page/Quantity Input field"), "5"): Text '5' is set on object 'Object Repository/OCS-DESKTOP/Cart page/Quantity Input field'

2019-07-03 22:11:09 - [MESSAGE][PASSED] - Text '5' is set on object 'Object Repository/OCS-DESKTOP/Cart page/Quantity Input field'

2019-07-03 22:11:09 - [TEST_STEP][PASSED] - delay(2): Delayed 2 second(s)

2019-07-03 22:11:11 - [MESSAGE][PASSED] - Delayed 2 second(s)

2019-07-03 22:11:11 - [TEST_STEP][PASSED] - sendKeys(findTestObject("OCS-DESKTOP/Cart page/Quantity Input field"), Keys.chord(CLEAR)): Keys 'CLEAR + ' sent to object: 'Object Repository/OCS-DESKTOP/Cart page/Quantity Input field'

2019-07-03 22:11:11 - [MESSAGE][PASSED] - Keys 'CLEAR + ' sent to object: 'Object Repository/OCS-DESKTOP/Cart page/Quantity Input field'

2019-07-03 22:11:11 - [TEST_STEP][PASSED] - setText(findTestObject("OCS-DESKTOP/Cart page/Quantity Input field"), "7"): Text '7' is set on object 'Object Repository/OCS-DESKTOP/Cart page/Quantity Input field'

2019-07-03 22:11:11 - [MESSAGE][PASSED] - Text '7' is set on object 'Object Repository/OCS-DESKTOP/Cart page/Quantity Input field'

2019-07-03 22:11:11 - [TEST_STEP][PASSED] - delay(2): Delayed 2 second(s)

2019-07-03 22:11:13 - [MESSAGE][PASSED] - Delayed 2 second(s)

2019-07-03 22:11:13 - [TEST_STEP][PASSED] - click(findTestObject("OCS-DESKTOP/Cart page/Qty Increase icon")): Object: 'Object Repository/OCS-DESKTOP/Cart page/Qty Increase icon' is clicked on

2019-07-03 22:11:13 - [MESSAGE][PASSED] - Object: 'Object Repository/OCS-DESKTOP/Cart page/Qty Increase icon' is clicked on

2019-07-03 22:11:13 - [TEST_STEP][PASSED] - delay(2): Delayed 2 second(s)

2019-07-03 22:11:15 - [MESSAGE][PASSED] - Delayed 2 second(s)

2019-07-03 22:11:15 - [TEST_STEP][PASSED] - click(findTestObject("OCS-DESKTOP/Cart page/Qty Increase icon")): Object: 'Object Repository/OCS-DESKTOP/Cart page/Qty Increase icon' is clicked on

2019-07-03 22:11:16 - [MESSAGE][PASSED] - Object: 'Object Repository/OCS-DESKTOP/Cart page/Qty Increase icon' is clicked on

2019-07-03 22:11:16 - [TEST_STEP][PASSED] - delay(2): Delayed 2 second(s)

2019-07-03 22:11:18 - [MESSAGE][PASSED] - Delayed 2 second(s)

2019-07-03 22:11:18 - [TEST_STEP][PASSED] - click(findTestObject("OCS-DESKTOP/Cart page/Qty Increase icon")): Object: 'Object Repository/OCS-DESKTOP/Cart page/Qty Increase icon' is clicked on

2019-07-03 22:11:18 - [MESSAGE][PASSED] - Object: 'Object Repository/OCS-DESKTOP/Cart page/Qty Increase icon' is clicked on

2019-07-03 22:11:18 - [TEST_STEP][PASSED] - delay(2): Delayed 2 second(s)

2019-07-03 22:11:20 - [MESSAGE][PASSED] - Delayed 2 second(s)

2019-07-03 22:11:20 - [TEST_STEP][PASSED] - b = getText(findTestObject("OCS-DESKTOP/Cart page/Unit price - product - price in cart page")): Text of object 'Object Repository/OCS-DESKTOP/Cart page/Unit price - product - price in cart page' is: '$41.00'

2019-07-03 22:11:20 - [MESSAGE][PASSED] - Text of object 'Object Repository/OCS-DESKTOP/Cart page/Unit price - product - price in cart page' is: '$41.00'

2019-07-03 22:11:20 - [TEST_STEP][PASSED] - comment(b): $41.00

2019-07-03 22:11:20 - [MESSAGE][INFO] - $41.00

2019-07-03 22:11:20 - [TEST_STEP][PASSED] - verifyNotEqual("a", "b"): Actual object 'a' and expected object 'b' are not equal

2019-07-03 22:11:20 - [MESSAGE][PASSED] - Actual object 'a' and expected object 'b' are not equal

2019-07-03 22:11:20 - [TEST_STEP][PASSED] - comment(" price changed . Quantity selector is working"):  price changed . Quantity selector is working

2019-07-03 22:11:20 - [MESSAGE][INFO] -  price changed . Quantity selector is working]]></system-out>
         <system-err><![CDATA[]]></system-err>
      </testcase>
      <testcase name="Test Cases/OCS - DESKTOP/OCS- CRITICAL PATH - FRENCH/Cart flyout - decrease qty-fr" classname="Test Cases/OCS - DESKTOP/OCS- CRITICAL PATH - FRENCH/Cart flyout - decrease qty-fr" status="ERROR">
         <error type="ERROR" message="Test Cases/OCS - DESKTOP/OCS- CRITICAL PATH - FRENCH/Cart flyout - decrease qty-fr FAILED.
Reason:
java.lang.StringIndexOutOfBoundsException: String index out of range: -1
	at java_lang_String$substring$1.call(Unknown Source)
	at Cart flyout - decrease qty-fr.run(Cart flyout - decrease qty-fr:80)
	at com.kms.katalon.core.main.ScriptEngine.run(ScriptEngine.java:194)
	at com.kms.katalon.core.main.ScriptEngine.runScriptAsRawText(ScriptEngine.java:119)
	at com.kms.katalon.core.main.TestCaseExecutor.runScript(TestCaseExecutor.java:328)
	at com.kms.katalon.core.main.TestCaseExecutor.doExecute(TestCaseExecutor.java:319)
	at com.kms.katalon.core.main.TestCaseExecutor.processExecutionPhase(TestCaseExecutor.java:298)
	at com.kms.katalon.core.main.TestCaseExecutor.accessMainPhase(TestCaseExecutor.java:290)
	at com.kms.katalon.core.main.TestCaseExecutor.execute(TestCaseExecutor.java:224)
	at com.kms.katalon.core.main.TestSuiteExecutor.accessTestCaseMainPhase(TestSuiteExecutor.java:129)
	at com.kms.katalon.core.main.TestSuiteExecutor.accessTestSuiteMainPhase(TestSuiteExecutor.java:112)
	at com.kms.katalon.core.main.TestSuiteExecutor.execute(TestSuiteExecutor.java:81)
	at com.kms.katalon.core.main.TestCaseMain.startTestSuite(TestCaseMain.java:149)
	at com.kms.katalon.core.main.TestCaseMain$startTestSuite$0.call(Unknown Source)
	at TempTestSuite1562205541804.run(TempTestSuite1562205541804.groovy:36)
"/>
         <system-out><![CDATA[2019-07-03 22:11:20 - [TEST_CASE][ERROR] - Test Cases/OCS - DESKTOP/OCS- CRITICAL PATH - FRENCH/Cart flyout - decrease qty-fr: Test Cases/OCS - DESKTOP/OCS- CRITICAL PATH - FRENCH/Cart flyout - decrease qty-fr FAILED.
Reason:
java.lang.StringIndexOutOfBoundsException: String index out of range: -1
	at java_lang_String$substring$1.call(Unknown Source)
	at Cart flyout - decrease qty-fr.run(Cart flyout - decrease qty-fr:80)
	at com.kms.katalon.core.main.ScriptEngine.run(ScriptEngine.java:194)
	at com.kms.katalon.core.main.ScriptEngine.runScriptAsRawText(ScriptEngine.java:119)
	at com.kms.katalon.core.main.TestCaseExecutor.runScript(TestCaseExecutor.java:328)
	at com.kms.katalon.core.main.TestCaseExecutor.doExecute(TestCaseExecutor.java:319)
	at com.kms.katalon.core.main.TestCaseExecutor.processExecutionPhase(TestCaseExecutor.java:298)
	at com.kms.katalon.core.main.TestCaseExecutor.accessMainPhase(TestCaseExecutor.java:290)
	at com.kms.katalon.core.main.TestCaseExecutor.execute(TestCaseExecutor.java:224)
	at com.kms.katalon.core.main.TestSuiteExecutor.accessTestCaseMainPhase(TestSuiteExecutor.java:129)
	at com.kms.katalon.core.main.TestSuiteExecutor.accessTestSuiteMainPhase(TestSuiteExecutor.java:112)
	at com.kms.katalon.core.main.TestSuiteExecutor.execute(TestSuiteExecutor.java:81)
	at com.kms.katalon.core.main.TestCaseMain.startTestSuite(TestCaseMain.java:149)
	at com.kms.katalon.core.main.TestCaseMain$startTestSuite$0.call(Unknown Source)
	at TempTestSuite1562205541804.run(TempTestSuite1562205541804.groovy:36)


2019-07-03 22:11:20 - [TEST_STEP][PASSED] - callTestCase(findTestCase("OCS - DESKTOP/CALL- Age gate"), [:], STOP_ON_FAILURE): Call Test Case 'Test Cases/OCS - DESKTOP/CALL- Age gate' successfully

2019-07-03 22:11:20 - [TEST_CASE][PASSED] - Test Cases/OCS - DESKTOP/CALL- Age gate: Test Cases/OCS - DESKTOP/CALL- Age gate

2019-07-03 22:11:20 - [TEST_STEP][PASSED] - openBrowser(""): Browser is opened with url: ''

2019-07-03 22:11:20 - [MESSAGE][WARNING] - A browser is already opened. Closing browser and opening a new one

2019-07-03 22:11:21 - [MESSAGE][INFO] - Starting 'Firefox' driver

2019-07-03 22:11:23 - [MESSAGE][PASSED] - Browser is opened with url: ''

2019-07-03 22:11:23 - [TEST_STEP][PASSED] - navigateToUrl("https://ocs.ca/?fts=0&preview_theme_id=74203891532"): Navigate to 'https://ocs.ca/?fts=0&preview_theme_id=74203891532' successfully

2019-07-03 22:11:28 - [MESSAGE][PASSED] - Navigate to 'https://ocs.ca/?fts=0&preview_theme_id=74203891532' successfully

2019-07-03 22:11:28 - [TEST_STEP][PASSED] - maximizeWindow(): Current window maximized

2019-07-03 22:11:29 - [MESSAGE][PASSED] - Current window maximized

2019-07-03 22:11:29 - [TEST_STEP][PASSED] - delay(2): Delayed 2 second(s)

2019-07-03 22:11:31 - [MESSAGE][PASSED] - Delayed 2 second(s)

2019-07-03 22:11:31 - [TEST_STEP][PASSED] - executeJavaScript("var previewBar = document.getElementById("preview-bar-iframe"); previewBar.style.display = "none";", []): Execute JavaScript 'var previewBar = document.getElementById("preview-bar-iframe"); previewBar.style.display = "none";' successfully

2019-07-03 22:11:31 - [MESSAGE][PASSED] - Execute JavaScript 'var previewBar = document.getElementById("preview-bar-iframe"); previewBar.style.display = "none";' successfully

2019-07-03 22:11:31 - [TEST_STEP][PASSED] - selectOptionByValue(findTestObject("OCS-DESKTOP/Age gate and Mega menu/Date"), "12", true): All options with value '12' are selected in object 'Object Repository/OCS-DESKTOP/Age gate and Mega menu/Date'  using regular expression

2019-07-03 22:11:31 - [MESSAGE][PASSED] - All options with value '12' are selected in object 'Object Repository/OCS-DESKTOP/Age gate and Mega menu/Date'  using regular expression

2019-07-03 22:11:31 - [TEST_STEP][PASSED] - selectOptionByValue(findTestObject("OCS-DESKTOP/Age gate and Mega menu/month"), "6", true): All options with value '6' are selected in object 'Object Repository/OCS-DESKTOP/Age gate and Mega menu/month'  using regular expression

2019-07-03 22:11:32 - [MESSAGE][PASSED] - All options with value '6' are selected in object 'Object Repository/OCS-DESKTOP/Age gate and Mega menu/month'  using regular expression

2019-07-03 22:11:32 - [TEST_STEP][PASSED] - delay(2): Delayed 2 second(s)

2019-07-03 22:11:34 - [MESSAGE][PASSED] - Delayed 2 second(s)

2019-07-03 22:11:34 - [TEST_STEP][PASSED] - selectOptionByValue(findTestObject("OCS-DESKTOP/Age gate and Mega menu/Year Dropdown"), "1990", true): All options with value '1990' are selected in object 'Object Repository/OCS-DESKTOP/Age gate and Mega menu/Year Dropdown'  using regular expression

2019-07-03 22:11:35 - [MESSAGE][PASSED] - All options with value '1990' are selected in object 'Object Repository/OCS-DESKTOP/Age gate and Mega menu/Year Dropdown'  using regular expression

2019-07-03 22:11:35 - [TEST_STEP][PASSED] - click(findTestObject("OCS-DESKTOP/Age gate and Mega menu/button_Verify")): Object: 'Object Repository/OCS-DESKTOP/Age gate and Mega menu/button_Verify' is clicked on

2019-07-03 22:11:35 - [MESSAGE][PASSED] - Object: 'Object Repository/OCS-DESKTOP/Age gate and Mega menu/button_Verify' is clicked on

2019-07-03 22:11:35 - [TEST_STEP][PASSED] - click(findTestObject("OCS-DESKTOP/Age gate and Mega menu/Checkbox_CONFIRM AND ACKNOWLEDGE")): Object: 'Object Repository/OCS-DESKTOP/Age gate and Mega menu/Checkbox_CONFIRM AND ACKNOWLEDGE' is clicked on

2019-07-03 22:11:36 - [MESSAGE][PASSED] - Object: 'Object Repository/OCS-DESKTOP/Age gate and Mega menu/Checkbox_CONFIRM AND ACKNOWLEDGE' is clicked on

2019-07-03 22:11:36 - [TEST_STEP][PASSED] - click(findTestObject("OCS-DESKTOP/Age gate and Mega menu/button_CONFIRM")): Object: 'Object Repository/OCS-DESKTOP/Age gate and Mega menu/button_CONFIRM' is clicked on

2019-07-03 22:11:36 - [MESSAGE][PASSED] - Object: 'Object Repository/OCS-DESKTOP/Age gate and Mega menu/button_CONFIRM' is clicked on

2019-07-03 22:11:36 - [TEST_STEP][PASSED] - click(findTestObject("OCS-DESKTOP/Age gate and Mega menu/button_Start Browsing")): Object: 'Object Repository/OCS-DESKTOP/Age gate and Mega menu/button_Start Browsing' is clicked on

2019-07-03 22:11:36 - [MESSAGE][PASSED] - Object: 'Object Repository/OCS-DESKTOP/Age gate and Mega menu/button_Start Browsing' is clicked on

2019-07-03 22:11:36 - [TEST_STEP][PASSED] - delay(2): Delayed 2 second(s)

2019-07-03 22:11:38 - [MESSAGE][PASSED] - Delayed 2 second(s)

2019-07-03 22:11:38 - [TEST_STEP][PASSED] - refresh(): Refresh successfully

2019-07-03 22:11:42 - [MESSAGE][PASSED] - Refresh successfully

2019-07-03 22:11:42 - [MESSAGE][PASSED] - Call Test Case 'Test Cases/OCS - DESKTOP/CALL- Age gate' successfully

2019-07-03 22:11:42 - [TEST_STEP][PASSED] - delay(2): Delayed 2 second(s)

2019-07-03 22:11:44 - [MESSAGE][PASSED] - Delayed 2 second(s)

2019-07-03 22:11:44 - [TEST_STEP][PASSED] - callTestCase(findTestCase("OCS - DESKTOP/CALL - TOGGLING LANGUAGE"), [:], STOP_ON_FAILURE): Call Test Case 'Test Cases/OCS - DESKTOP/CALL - TOGGLING LANGUAGE' successfully

2019-07-03 22:11:44 - [TEST_CASE][PASSED] - Test Cases/OCS - DESKTOP/CALL - TOGGLING LANGUAGE: Test Cases/OCS - DESKTOP/CALL - TOGGLING LANGUAGE

2019-07-03 22:11:44 - [TEST_STEP][PASSED] - delay(2): Delayed 2 second(s)

2019-07-03 22:11:46 - [MESSAGE][PASSED] - Delayed 2 second(s)

2019-07-03 22:11:46 - [TEST_STEP][PASSED] - click(findTestObject("OCS-DESKTOP/Cart flyout/English dropdown")): Object: 'Object Repository/OCS-DESKTOP/Cart flyout/English dropdown' is clicked on

2019-07-03 22:11:46 - [MESSAGE][PASSED] - Object: 'Object Repository/OCS-DESKTOP/Cart flyout/English dropdown' is clicked on

2019-07-03 22:11:46 - [TEST_STEP][PASSED] - delay(2): Delayed 2 second(s)

2019-07-03 22:11:48 - [MESSAGE][PASSED] - Delayed 2 second(s)

2019-07-03 22:11:48 - [TEST_STEP][PASSED] - click(findTestObject("OCS-DESKTOP/Cart flyout/Select French")): Object: 'Object Repository/OCS-DESKTOP/Cart flyout/Select French' is clicked on

2019-07-03 22:11:48 - [MESSAGE][PASSED] - Object: 'Object Repository/OCS-DESKTOP/Cart flyout/Select French' is clicked on

2019-07-03 22:11:48 - [TEST_STEP][PASSED] - delay(5): Delayed 5 second(s)

2019-07-03 22:11:53 - [MESSAGE][PASSED] - Delayed 5 second(s)

2019-07-03 22:11:53 - [TEST_STEP][PASSED] - e = getWindowTitle(): Current window's title is: 'Magasin de Cannabis de l'Ontario | Ontario Cannabis Store'

2019-07-03 22:11:53 - [MESSAGE][PASSED] - Current window's title is: 'Magasin de Cannabis de l'Ontario | Ontario Cannabis Store'

2019-07-03 22:11:53 - [MESSAGE][PASSED] - Call Test Case 'Test Cases/OCS - DESKTOP/CALL - TOGGLING LANGUAGE' successfully

2019-07-03 22:11:53 - [TEST_STEP][PASSED] - click(findTestObject("OCS-DESKTOP/Age gate and Mega menu/Header/CANNABIS menu - English")): Object: 'Object Repository/OCS-DESKTOP/Age gate and Mega menu/Header/CANNABIS menu - English' is clicked on

2019-07-03 22:11:54 - [MESSAGE][PASSED] - Object: 'Object Repository/OCS-DESKTOP/Age gate and Mega menu/Header/CANNABIS menu - English' is clicked on

2019-07-03 22:11:54 - [TEST_STEP][PASSED] - delay(2): Delayed 2 second(s)

2019-07-03 22:11:56 - [MESSAGE][PASSED] - Delayed 2 second(s)

2019-07-03 22:11:56 - [TEST_STEP][PASSED] - executeJavaScript("var previewBar = document.getElementById("preview-bar-iframe"); previewBar.style.display = "none";", []): Execute JavaScript 'var previewBar = document.getElementById("preview-bar-iframe"); previewBar.style.display = "none";' successfully

2019-07-03 22:11:56 - [MESSAGE][PASSED] - Execute JavaScript 'var previewBar = document.getElementById("preview-bar-iframe"); previewBar.style.display = "none";' successfully

2019-07-03 22:11:56 - [TEST_STEP][PASSED] - click(findTestObject("OCS-DESKTOP/Age gate and Mega menu/Indica Dominant_Menu item")): Object: 'Object Repository/OCS-DESKTOP/Age gate and Mega menu/Indica Dominant_Menu item' is clicked on

2019-07-03 22:11:58 - [MESSAGE][PASSED] - Object: 'Object Repository/OCS-DESKTOP/Age gate and Mega menu/Indica Dominant_Menu item' is clicked on

2019-07-03 22:11:58 - [TEST_STEP][PASSED] - executeJavaScript("var previewBar = document.getElementById("preview-bar-iframe"); previewBar.style.display = "none";", []): Execute JavaScript 'var previewBar = document.getElementById("preview-bar-iframe"); previewBar.style.display = "none";' successfully

2019-07-03 22:11:58 - [MESSAGE][PASSED] - Execute JavaScript 'var previewBar = document.getElementById("preview-bar-iframe"); previewBar.style.display = "none";' successfully

2019-07-03 22:11:58 - [TEST_STEP][PASSED] - delay(2): Delayed 2 second(s)

2019-07-03 22:12:00 - [MESSAGE][PASSED] - Delayed 2 second(s)

2019-07-03 22:12:00 - [TEST_STEP][PASSED] - click(findTestObject("FRENCH/Product image - 1st one")): Object: 'Object Repository/FRENCH/Product image - 1st one' is clicked on

2019-07-03 22:12:03 - [MESSAGE][PASSED] - Object: 'Object Repository/FRENCH/Product image - 1st one' is clicked on

2019-07-03 22:12:03 - [TEST_STEP][PASSED] - executeJavaScript("var previewBar = document.getElementById("preview-bar-iframe"); previewBar.style.display = "none";", []): Execute JavaScript 'var previewBar = document.getElementById("preview-bar-iframe"); previewBar.style.display = "none";' successfully

2019-07-03 22:12:03 - [MESSAGE][PASSED] - Execute JavaScript 'var previewBar = document.getElementById("preview-bar-iframe"); previewBar.style.display = "none";' successfully

2019-07-03 22:12:03 - [TEST_STEP][PASSED] - delay(1): Delayed 1 second(s)

2019-07-03 22:12:04 - [MESSAGE][PASSED] - Delayed 1 second(s)

2019-07-03 22:12:04 - [TEST_STEP][PASSED] - delay(3): Delayed 3 second(s)

2019-07-03 22:12:07 - [MESSAGE][PASSED] - Delayed 3 second(s)

2019-07-03 22:12:07 - [TEST_STEP][PASSED] - click(findTestObject("OCS-DESKTOP/Product page/Swatch_1g")): Object: 'Object Repository/OCS-DESKTOP/Product page/Swatch_1g' is clicked on

2019-07-03 22:12:07 - [MESSAGE][PASSED] - Object: 'Object Repository/OCS-DESKTOP/Product page/Swatch_1g' is clicked on

2019-07-03 22:12:07 - [TEST_STEP][PASSED] - delay(2): Delayed 2 second(s)

2019-07-03 22:12:09 - [MESSAGE][PASSED] - Delayed 2 second(s)

2019-07-03 22:12:09 - [TEST_STEP][PASSED] - delay(2): Delayed 2 second(s)

2019-07-03 22:12:11 - [MESSAGE][PASSED] - Delayed 2 second(s)

2019-07-03 22:12:11 - [TEST_STEP][PASSED] - click(findTestObject("OCS-DESKTOP/Product page/Quantity Increase - Button")): Object: 'Object Repository/OCS-DESKTOP/Product page/Quantity Increase - Button' is clicked on

2019-07-03 22:12:12 - [MESSAGE][PASSED] - Object: 'Object Repository/OCS-DESKTOP/Product page/Quantity Increase - Button' is clicked on

2019-07-03 22:12:12 - [TEST_STEP][PASSED] - delay(1): Delayed 1 second(s)

2019-07-03 22:12:13 - [MESSAGE][PASSED] - Delayed 1 second(s)

2019-07-03 22:12:13 - [TEST_STEP][PASSED] - click(findTestObject("FRENCH/Quantity Increase - Button")): Object: 'Object Repository/FRENCH/Quantity Increase - Button' is clicked on

2019-07-03 22:12:14 - [MESSAGE][PASSED] - Object: 'Object Repository/FRENCH/Quantity Increase - Button' is clicked on

2019-07-03 22:12:14 - [TEST_STEP][PASSED] - delay(1): Delayed 1 second(s)

2019-07-03 22:12:15 - [MESSAGE][PASSED] - Delayed 1 second(s)

2019-07-03 22:12:15 - [TEST_STEP][PASSED] - click(findTestObject("FRENCH/Quantity Increase - Button")): Object: 'Object Repository/FRENCH/Quantity Increase - Button' is clicked on

2019-07-03 22:12:16 - [MESSAGE][PASSED] - Object: 'Object Repository/FRENCH/Quantity Increase - Button' is clicked on

2019-07-03 22:12:16 - [TEST_STEP][PASSED] - delay(1): Delayed 1 second(s)

2019-07-03 22:12:17 - [MESSAGE][PASSED] - Delayed 1 second(s)

2019-07-03 22:12:17 - [TEST_STEP][PASSED] - click(findTestObject("FRENCH/Quantity Increase - Button")): Object: 'Object Repository/FRENCH/Quantity Increase - Button' is clicked on

2019-07-03 22:12:17 - [MESSAGE][PASSED] - Object: 'Object Repository/FRENCH/Quantity Increase - Button' is clicked on

2019-07-03 22:12:17 - [TEST_STEP][PASSED] - delay(2): Delayed 2 second(s)

2019-07-03 22:12:19 - [MESSAGE][PASSED] - Delayed 2 second(s)

2019-07-03 22:12:19 - [TEST_STEP][PASSED] - click(findTestObject("OCS-DESKTOP/Product page/Add to Bag-button")): Object: 'Object Repository/OCS-DESKTOP/Product page/Add to Bag-button' is clicked on

2019-07-03 22:12:20 - [MESSAGE][PASSED] - Object: 'Object Repository/OCS-DESKTOP/Product page/Add to Bag-button' is clicked on

2019-07-03 22:12:20 - [TEST_STEP][PASSED] - delay(1): Delayed 1 second(s)

2019-07-03 22:12:21 - [MESSAGE][PASSED] - Delayed 1 second(s)

2019-07-03 22:12:21 - [TEST_STEP][PASSED] - click(findTestObject("OCS-DESKTOP/Home - page/Cart icon -bag"), OPTIONAL): Object: 'Object Repository/OCS-DESKTOP/Home - page/Cart icon -bag' is clicked on

2019-07-03 22:12:22 - [MESSAGE][PASSED] - Object: 'Object Repository/OCS-DESKTOP/Home - page/Cart icon -bag' is clicked on

2019-07-03 22:12:22 - [TEST_STEP][PASSED] - delay(2): Delayed 2 second(s)

2019-07-03 22:12:24 - [MESSAGE][PASSED] - Delayed 2 second(s)

2019-07-03 22:12:24 - [TEST_STEP][PASSED] - a = getText(findTestObject("OCS-DESKTOP/Cart flyout/Unit price - Product")): Text of object 'Object Repository/OCS-DESKTOP/Cart flyout/Unit price - Product' is: ''

2019-07-03 22:12:24 - [MESSAGE][PASSED] - Text of object 'Object Repository/OCS-DESKTOP/Cart flyout/Unit price - Product' is: ''

2019-07-03 22:12:24 - [TEST_STEP][PASSED] - comment(a): 

2019-07-03 22:12:24 - [MESSAGE][INFO] - 

2019-07-03 22:12:24 - [TEST_STEP][ERROR] - b = a.substring(0, a.length() - 1): b = a.substring(0, a.length() - 1) FAILED.
Reason:
java.lang.StringIndexOutOfBoundsException: String index out of range: -1
	at java_lang_String$substring$1.call(Unknown Source)
	at Cart flyout - decrease qty-fr.run(Cart flyout - decrease qty-fr:80)
	at com.kms.katalon.core.main.ScriptEngine.run(ScriptEngine.java:194)
	at com.kms.katalon.core.main.ScriptEngine.runScriptAsRawText(ScriptEngine.java:119)
	at com.kms.katalon.core.main.TestCaseExecutor.runScript(TestCaseExecutor.java:328)
	at com.kms.katalon.core.main.TestCaseExecutor.doExecute(TestCaseExecutor.java:319)
	at com.kms.katalon.core.main.TestCaseExecutor.processExecutionPhase(TestCaseExecutor.java:298)
	at com.kms.katalon.core.main.TestCaseExecutor.accessMainPhase(TestCaseExecutor.java:290)
	at com.kms.katalon.core.main.TestCaseExecutor.execute(TestCaseExecutor.java:224)
	at com.kms.katalon.core.main.TestSuiteExecutor.accessTestCaseMainPhase(TestSuiteExecutor.java:129)
	at com.kms.katalon.core.main.TestSuiteExecutor.accessTestSuiteMainPhase(TestSuiteExecutor.java:112)
	at com.kms.katalon.core.main.TestSuiteExecutor.execute(TestSuiteExecutor.java:81)
	at com.kms.katalon.core.main.TestCaseMain.startTestSuite(TestCaseMain.java:149)
	at com.kms.katalon.core.main.TestCaseMain$startTestSuite$0.call(Unknown Source)
	at TempTestSuite1562205541804.run(TempTestSuite1562205541804.groovy:36)


2019-07-03 22:12:24 - [MESSAGE][ERROR] - b = a.substring(0, a.length() - 1) FAILED.
Reason:
java.lang.StringIndexOutOfBoundsException: String index out of range: -1
	at java_lang_String$substring$1.call(Unknown Source)
	at Cart flyout - decrease qty-fr.run(Cart flyout - decrease qty-fr:80)
	at com.kms.katalon.core.main.ScriptEngine.run(ScriptEngine.java:194)
	at com.kms.katalon.core.main.ScriptEngine.runScriptAsRawText(ScriptEngine.java:119)
	at com.kms.katalon.core.main.TestCaseExecutor.runScript(TestCaseExecutor.java:328)
	at com.kms.katalon.core.main.TestCaseExecutor.doExecute(TestCaseExecutor.java:319)
	at com.kms.katalon.core.main.TestCaseExecutor.processExecutionPhase(TestCaseExecutor.java:298)
	at com.kms.katalon.core.main.TestCaseExecutor.accessMainPhase(TestCaseExecutor.java:290)
	at com.kms.katalon.core.main.TestCaseExecutor.execute(TestCaseExecutor.java:224)
	at com.kms.katalon.core.main.TestSuiteExecutor.accessTestCaseMainPhase(TestSuiteExecutor.java:129)
	at com.kms.katalon.core.main.TestSuiteExecutor.accessTestSuiteMainPhase(TestSuiteExecutor.java:112)
	at com.kms.katalon.core.main.TestSuiteExecutor.execute(TestSuiteExecutor.java:81)
	at com.kms.katalon.core.main.TestCaseMain.startTestSuite(TestCaseMain.java:149)
	at com.kms.katalon.core.main.TestCaseMain$startTestSuite$0.call(Unknown Source)
	at TempTestSuite1562205541804.run(TempTestSuite1562205541804.groovy:36)]]></system-out>
         <system-err><![CDATA[2019-07-03 22:11:20 - [TEST_CASE][ERROR] - Test Cases/OCS - DESKTOP/OCS- CRITICAL PATH - FRENCH/Cart flyout - decrease qty-fr: Test Cases/OCS - DESKTOP/OCS- CRITICAL PATH - FRENCH/Cart flyout - decrease qty-fr FAILED.
Reason:
java.lang.StringIndexOutOfBoundsException: String index out of range: -1
	at java_lang_String$substring$1.call(Unknown Source)
	at Cart flyout - decrease qty-fr.run(Cart flyout - decrease qty-fr:80)
	at com.kms.katalon.core.main.ScriptEngine.run(ScriptEngine.java:194)
	at com.kms.katalon.core.main.ScriptEngine.runScriptAsRawText(ScriptEngine.java:119)
	at com.kms.katalon.core.main.TestCaseExecutor.runScript(TestCaseExecutor.java:328)
	at com.kms.katalon.core.main.TestCaseExecutor.doExecute(TestCaseExecutor.java:319)
	at com.kms.katalon.core.main.TestCaseExecutor.processExecutionPhase(TestCaseExecutor.java:298)
	at com.kms.katalon.core.main.TestCaseExecutor.accessMainPhase(TestCaseExecutor.java:290)
	at com.kms.katalon.core.main.TestCaseExecutor.execute(TestCaseExecutor.java:224)
	at com.kms.katalon.core.main.TestSuiteExecutor.accessTestCaseMainPhase(TestSuiteExecutor.java:129)
	at com.kms.katalon.core.main.TestSuiteExecutor.accessTestSuiteMainPhase(TestSuiteExecutor.java:112)
	at com.kms.katalon.core.main.TestSuiteExecutor.execute(TestSuiteExecutor.java:81)
	at com.kms.katalon.core.main.TestCaseMain.startTestSuite(TestCaseMain.java:149)
	at com.kms.katalon.core.main.TestCaseMain$startTestSuite$0.call(Unknown Source)
	at TempTestSuite1562205541804.run(TempTestSuite1562205541804.groovy:36)]]></system-err>
      </testcase>
      <testcase name="Test Cases/OCS - DESKTOP/OCS- CRITICAL PATH - FRENCH/Cart page - Decrease qty - fr" classname="Test Cases/OCS - DESKTOP/OCS- CRITICAL PATH - FRENCH/Cart page - Decrease qty - fr" status="PASSED">
         <system-out><![CDATA[2019-07-03 22:12:24 - [TEST_CASE][PASSED] - Test Cases/OCS - DESKTOP/OCS- CRITICAL PATH - FRENCH/Cart page - Decrease qty - fr: Test Cases/OCS - DESKTOP/OCS- CRITICAL PATH - FRENCH/Cart page - Decrease qty - fr

2019-07-03 22:12:24 - [TEST_STEP][PASSED] - callTestCase(findTestCase("OCS - DESKTOP/CALL- Age gate"), [:], STOP_ON_FAILURE): Call Test Case 'Test Cases/OCS - DESKTOP/CALL- Age gate' successfully

2019-07-03 22:12:24 - [TEST_CASE][PASSED] - Test Cases/OCS - DESKTOP/CALL- Age gate: Test Cases/OCS - DESKTOP/CALL- Age gate

2019-07-03 22:12:24 - [TEST_STEP][PASSED] - openBrowser(""): Browser is opened with url: ''

2019-07-03 22:12:24 - [MESSAGE][WARNING] - A browser is already opened. Closing browser and opening a new one

2019-07-03 22:12:24 - [MESSAGE][INFO] - Starting 'Firefox' driver

2019-07-03 22:12:26 - [MESSAGE][PASSED] - Browser is opened with url: ''

2019-07-03 22:12:26 - [TEST_STEP][PASSED] - navigateToUrl("https://ocs.ca/?fts=0&preview_theme_id=74203891532"): Navigate to 'https://ocs.ca/?fts=0&preview_theme_id=74203891532' successfully

2019-07-03 22:12:34 - [MESSAGE][PASSED] - Navigate to 'https://ocs.ca/?fts=0&preview_theme_id=74203891532' successfully

2019-07-03 22:12:34 - [TEST_STEP][PASSED] - maximizeWindow(): Current window maximized

2019-07-03 22:12:34 - [MESSAGE][PASSED] - Current window maximized

2019-07-03 22:12:34 - [TEST_STEP][PASSED] - delay(2): Delayed 2 second(s)

2019-07-03 22:12:36 - [MESSAGE][PASSED] - Delayed 2 second(s)

2019-07-03 22:12:36 - [TEST_STEP][PASSED] - executeJavaScript("var previewBar = document.getElementById("preview-bar-iframe"); previewBar.style.display = "none";", []): Execute JavaScript 'var previewBar = document.getElementById("preview-bar-iframe"); previewBar.style.display = "none";' successfully

2019-07-03 22:12:36 - [MESSAGE][PASSED] - Execute JavaScript 'var previewBar = document.getElementById("preview-bar-iframe"); previewBar.style.display = "none";' successfully

2019-07-03 22:12:36 - [TEST_STEP][PASSED] - selectOptionByValue(findTestObject("OCS-DESKTOP/Age gate and Mega menu/Date"), "12", true): All options with value '12' are selected in object 'Object Repository/OCS-DESKTOP/Age gate and Mega menu/Date'  using regular expression

2019-07-03 22:12:37 - [MESSAGE][PASSED] - All options with value '12' are selected in object 'Object Repository/OCS-DESKTOP/Age gate and Mega menu/Date'  using regular expression

2019-07-03 22:12:37 - [TEST_STEP][PASSED] - selectOptionByValue(findTestObject("OCS-DESKTOP/Age gate and Mega menu/month"), "6", true): All options with value '6' are selected in object 'Object Repository/OCS-DESKTOP/Age gate and Mega menu/month'  using regular expression

2019-07-03 22:12:37 - [MESSAGE][PASSED] - All options with value '6' are selected in object 'Object Repository/OCS-DESKTOP/Age gate and Mega menu/month'  using regular expression

2019-07-03 22:12:37 - [TEST_STEP][PASSED] - delay(2): Delayed 2 second(s)

2019-07-03 22:12:39 - [MESSAGE][PASSED] - Delayed 2 second(s)

2019-07-03 22:12:39 - [TEST_STEP][PASSED] - selectOptionByValue(findTestObject("OCS-DESKTOP/Age gate and Mega menu/Year Dropdown"), "1990", true): All options with value '1990' are selected in object 'Object Repository/OCS-DESKTOP/Age gate and Mega menu/Year Dropdown'  using regular expression

2019-07-03 22:12:41 - [MESSAGE][PASSED] - All options with value '1990' are selected in object 'Object Repository/OCS-DESKTOP/Age gate and Mega menu/Year Dropdown'  using regular expression

2019-07-03 22:12:41 - [TEST_STEP][PASSED] - click(findTestObject("OCS-DESKTOP/Age gate and Mega menu/button_Verify")): Object: 'Object Repository/OCS-DESKTOP/Age gate and Mega menu/button_Verify' is clicked on

2019-07-03 22:12:41 - [MESSAGE][PASSED] - Object: 'Object Repository/OCS-DESKTOP/Age gate and Mega menu/button_Verify' is clicked on

2019-07-03 22:12:41 - [TEST_STEP][PASSED] - click(findTestObject("OCS-DESKTOP/Age gate and Mega menu/Checkbox_CONFIRM AND ACKNOWLEDGE")): Object: 'Object Repository/OCS-DESKTOP/Age gate and Mega menu/Checkbox_CONFIRM AND ACKNOWLEDGE' is clicked on

2019-07-03 22:12:41 - [MESSAGE][PASSED] - Object: 'Object Repository/OCS-DESKTOP/Age gate and Mega menu/Checkbox_CONFIRM AND ACKNOWLEDGE' is clicked on

2019-07-03 22:12:41 - [TEST_STEP][PASSED] - click(findTestObject("OCS-DESKTOP/Age gate and Mega menu/button_CONFIRM")): Object: 'Object Repository/OCS-DESKTOP/Age gate and Mega menu/button_CONFIRM' is clicked on

2019-07-03 22:12:41 - [MESSAGE][PASSED] - Object: 'Object Repository/OCS-DESKTOP/Age gate and Mega menu/button_CONFIRM' is clicked on

2019-07-03 22:12:41 - [TEST_STEP][PASSED] - click(findTestObject("OCS-DESKTOP/Age gate and Mega menu/button_Start Browsing")): Object: 'Object Repository/OCS-DESKTOP/Age gate and Mega menu/button_Start Browsing' is clicked on

2019-07-03 22:12:42 - [MESSAGE][PASSED] - Object: 'Object Repository/OCS-DESKTOP/Age gate and Mega menu/button_Start Browsing' is clicked on

2019-07-03 22:12:42 - [TEST_STEP][PASSED] - delay(2): Delayed 2 second(s)

2019-07-03 22:12:44 - [MESSAGE][PASSED] - Delayed 2 second(s)

2019-07-03 22:12:44 - [TEST_STEP][PASSED] - refresh(): Refresh successfully

2019-07-03 22:12:48 - [MESSAGE][PASSED] - Refresh successfully

2019-07-03 22:12:48 - [MESSAGE][PASSED] - Call Test Case 'Test Cases/OCS - DESKTOP/CALL- Age gate' successfully

2019-07-03 22:12:48 - [TEST_STEP][PASSED] - delay(2): Delayed 2 second(s)

2019-07-03 22:12:50 - [MESSAGE][PASSED] - Delayed 2 second(s)

2019-07-03 22:12:50 - [TEST_STEP][PASSED] - callTestCase(findTestCase("OCS - DESKTOP/CALL - TOGGLING LANGUAGE"), [:], STOP_ON_FAILURE): Call Test Case 'Test Cases/OCS - DESKTOP/CALL - TOGGLING LANGUAGE' successfully

2019-07-03 22:12:50 - [TEST_CASE][PASSED] - Test Cases/OCS - DESKTOP/CALL - TOGGLING LANGUAGE: Test Cases/OCS - DESKTOP/CALL - TOGGLING LANGUAGE

2019-07-03 22:12:50 - [TEST_STEP][PASSED] - delay(2): Delayed 2 second(s)

2019-07-03 22:12:52 - [MESSAGE][PASSED] - Delayed 2 second(s)

2019-07-03 22:12:52 - [TEST_STEP][PASSED] - click(findTestObject("OCS-DESKTOP/Cart flyout/English dropdown")): Object: 'Object Repository/OCS-DESKTOP/Cart flyout/English dropdown' is clicked on

2019-07-03 22:12:52 - [MESSAGE][PASSED] - Object: 'Object Repository/OCS-DESKTOP/Cart flyout/English dropdown' is clicked on

2019-07-03 22:12:52 - [TEST_STEP][PASSED] - delay(2): Delayed 2 second(s)

2019-07-03 22:12:54 - [MESSAGE][PASSED] - Delayed 2 second(s)

2019-07-03 22:12:54 - [TEST_STEP][PASSED] - click(findTestObject("OCS-DESKTOP/Cart flyout/Select French")): Object: 'Object Repository/OCS-DESKTOP/Cart flyout/Select French' is clicked on

2019-07-03 22:12:54 - [MESSAGE][PASSED] - Object: 'Object Repository/OCS-DESKTOP/Cart flyout/Select French' is clicked on

2019-07-03 22:12:54 - [TEST_STEP][PASSED] - delay(5): Delayed 5 second(s)

2019-07-03 22:12:59 - [MESSAGE][PASSED] - Delayed 5 second(s)

2019-07-03 22:12:59 - [TEST_STEP][PASSED] - e = getWindowTitle(): Current window's title is: 'Magasin de Cannabis de l'Ontario | Ontario Cannabis Store'

2019-07-03 22:12:59 - [MESSAGE][PASSED] - Current window's title is: 'Magasin de Cannabis de l'Ontario | Ontario Cannabis Store'

2019-07-03 22:12:59 - [MESSAGE][PASSED] - Call Test Case 'Test Cases/OCS - DESKTOP/CALL - TOGGLING LANGUAGE' successfully

2019-07-03 22:12:59 - [TEST_STEP][PASSED] - click(findTestObject("OCS-DESKTOP/Age gate and Mega menu/Header/CANNABIS menu - English")): Object: 'Object Repository/OCS-DESKTOP/Age gate and Mega menu/Header/CANNABIS menu - English' is clicked on

2019-07-03 22:12:59 - [MESSAGE][PASSED] - Object: 'Object Repository/OCS-DESKTOP/Age gate and Mega menu/Header/CANNABIS menu - English' is clicked on

2019-07-03 22:12:59 - [TEST_STEP][PASSED] - delay(2): Delayed 2 second(s)

2019-07-03 22:13:01 - [MESSAGE][PASSED] - Delayed 2 second(s)

2019-07-03 22:13:01 - [TEST_STEP][PASSED] - executeJavaScript("var previewBar = document.getElementById("preview-bar-iframe"); previewBar.style.display = "none";", []): Execute JavaScript 'var previewBar = document.getElementById("preview-bar-iframe"); previewBar.style.display = "none";' successfully

2019-07-03 22:13:01 - [MESSAGE][PASSED] - Execute JavaScript 'var previewBar = document.getElementById("preview-bar-iframe"); previewBar.style.display = "none";' successfully

2019-07-03 22:13:01 - [TEST_STEP][PASSED] - click(findTestObject("OCS-DESKTOP/Age gate and Mega menu/Indica Dominant_Menu item")): Object: 'Object Repository/OCS-DESKTOP/Age gate and Mega menu/Indica Dominant_Menu item' is clicked on

2019-07-03 22:13:03 - [MESSAGE][PASSED] - Object: 'Object Repository/OCS-DESKTOP/Age gate and Mega menu/Indica Dominant_Menu item' is clicked on

2019-07-03 22:13:03 - [TEST_STEP][PASSED] - executeJavaScript("var previewBar = document.getElementById("preview-bar-iframe"); previewBar.style.display = "none";", []): Execute JavaScript 'var previewBar = document.getElementById("preview-bar-iframe"); previewBar.style.display = "none";' successfully

2019-07-03 22:13:03 - [MESSAGE][PASSED] - Execute JavaScript 'var previewBar = document.getElementById("preview-bar-iframe"); previewBar.style.display = "none";' successfully

2019-07-03 22:13:03 - [TEST_STEP][PASSED] - delay(2): Delayed 2 second(s)

2019-07-03 22:13:05 - [MESSAGE][PASSED] - Delayed 2 second(s)

2019-07-03 22:13:05 - [TEST_STEP][PASSED] - click(findTestObject("FRENCH/Product image - 1st one")): Object: 'Object Repository/FRENCH/Product image - 1st one' is clicked on

2019-07-03 22:13:09 - [MESSAGE][PASSED] - Object: 'Object Repository/FRENCH/Product image - 1st one' is clicked on

2019-07-03 22:13:09 - [TEST_STEP][PASSED] - executeJavaScript("var previewBar = document.getElementById("preview-bar-iframe"); previewBar.style.display = "none";", []): Execute JavaScript 'var previewBar = document.getElementById("preview-bar-iframe"); previewBar.style.display = "none";' successfully

2019-07-03 22:13:09 - [MESSAGE][PASSED] - Execute JavaScript 'var previewBar = document.getElementById("preview-bar-iframe"); previewBar.style.display = "none";' successfully

2019-07-03 22:13:09 - [TEST_STEP][PASSED] - delay(1): Delayed 1 second(s)

2019-07-03 22:13:10 - [MESSAGE][PASSED] - Delayed 1 second(s)

2019-07-03 22:13:10 - [TEST_STEP][PASSED] - delay(3): Delayed 3 second(s)

2019-07-03 22:13:13 - [MESSAGE][PASSED] - Delayed 3 second(s)

2019-07-03 22:13:13 - [TEST_STEP][PASSED] - click(findTestObject("OCS-DESKTOP/Product page/Swatch_1g")): Object: 'Object Repository/OCS-DESKTOP/Product page/Swatch_1g' is clicked on

2019-07-03 22:13:13 - [MESSAGE][PASSED] - Object: 'Object Repository/OCS-DESKTOP/Product page/Swatch_1g' is clicked on

2019-07-03 22:13:13 - [TEST_STEP][PASSED] - delay(2): Delayed 2 second(s)

2019-07-03 22:13:15 - [MESSAGE][PASSED] - Delayed 2 second(s)

2019-07-03 22:13:15 - [TEST_STEP][PASSED] - delay(2): Delayed 2 second(s)

2019-07-03 22:13:17 - [MESSAGE][PASSED] - Delayed 2 second(s)

2019-07-03 22:13:17 - [TEST_STEP][PASSED] - click(findTestObject("OCS-DESKTOP/Product page/Quantity Increase - Button")): Object: 'Object Repository/OCS-DESKTOP/Product page/Quantity Increase - Button' is clicked on

2019-07-03 22:13:17 - [MESSAGE][PASSED] - Object: 'Object Repository/OCS-DESKTOP/Product page/Quantity Increase - Button' is clicked on

2019-07-03 22:13:17 - [TEST_STEP][PASSED] - delay(1): Delayed 1 second(s)

2019-07-03 22:13:18 - [MESSAGE][PASSED] - Delayed 1 second(s)

2019-07-03 22:13:18 - [TEST_STEP][PASSED] - click(findTestObject("FRENCH/Quantity Increase - Button")): Object: 'Object Repository/FRENCH/Quantity Increase - Button' is clicked on

2019-07-03 22:13:19 - [MESSAGE][PASSED] - Object: 'Object Repository/FRENCH/Quantity Increase - Button' is clicked on

2019-07-03 22:13:19 - [TEST_STEP][PASSED] - delay(1): Delayed 1 second(s)

2019-07-03 22:13:20 - [MESSAGE][PASSED] - Delayed 1 second(s)

2019-07-03 22:13:20 - [TEST_STEP][PASSED] - click(findTestObject("FRENCH/Quantity Increase - Button")): Object: 'Object Repository/FRENCH/Quantity Increase - Button' is clicked on

2019-07-03 22:13:20 - [MESSAGE][PASSED] - Object: 'Object Repository/FRENCH/Quantity Increase - Button' is clicked on

2019-07-03 22:13:20 - [TEST_STEP][PASSED] - delay(1): Delayed 1 second(s)

2019-07-03 22:13:21 - [MESSAGE][PASSED] - Delayed 1 second(s)

2019-07-03 22:13:21 - [TEST_STEP][PASSED] - click(findTestObject("FRENCH/Quantity Increase - Button")): Object: 'Object Repository/FRENCH/Quantity Increase - Button' is clicked on

2019-07-03 22:13:21 - [MESSAGE][PASSED] - Object: 'Object Repository/FRENCH/Quantity Increase - Button' is clicked on

2019-07-03 22:13:21 - [TEST_STEP][PASSED] - delay(2): Delayed 2 second(s)

2019-07-03 22:13:23 - [MESSAGE][PASSED] - Delayed 2 second(s)

2019-07-03 22:13:23 - [TEST_STEP][PASSED] - click(findTestObject("OCS-DESKTOP/Product page/Add to Bag-button")): Object: 'Object Repository/OCS-DESKTOP/Product page/Add to Bag-button' is clicked on

2019-07-03 22:13:23 - [MESSAGE][PASSED] - Object: 'Object Repository/OCS-DESKTOP/Product page/Add to Bag-button' is clicked on

2019-07-03 22:13:23 - [TEST_STEP][PASSED] - delay(2): Delayed 2 second(s)

2019-07-03 22:13:25 - [MESSAGE][PASSED] - Delayed 2 second(s)

2019-07-03 22:13:25 - [TEST_STEP][PASSED] - click(findTestObject("OCS-DESKTOP/Home - page/Cart icon -bag"), OPTIONAL): Object: 'Object Repository/OCS-DESKTOP/Home - page/Cart icon -bag' is clicked on

2019-07-03 22:13:26 - [MESSAGE][PASSED] - Object: 'Object Repository/OCS-DESKTOP/Home - page/Cart icon -bag' is clicked on

2019-07-03 22:13:26 - [TEST_STEP][PASSED] - delay(3): Delayed 3 second(s)

2019-07-03 22:13:29 - [MESSAGE][PASSED] - Delayed 3 second(s)

2019-07-03 22:13:29 - [TEST_STEP][PASSED] - click(findTestObject("OCS-DESKTOP/Cart flyout/Checkbox_I confirm that")): Object: 'Object Repository/OCS-DESKTOP/Cart flyout/Checkbox_I confirm that' is clicked on

2019-07-03 22:13:29 - [MESSAGE][PASSED] - Object: 'Object Repository/OCS-DESKTOP/Cart flyout/Checkbox_I confirm that' is clicked on

2019-07-03 22:13:29 - [TEST_STEP][PASSED] - delay(1): Delayed 1 second(s)

2019-07-03 22:13:30 - [MESSAGE][PASSED] - Delayed 1 second(s)

2019-07-03 22:13:30 - [TEST_STEP][PASSED] - click(findTestObject("OCS-DESKTOP/Cart flyout/Checkbox_Accept the Terms Condition")): Object: 'Object Repository/OCS-DESKTOP/Cart flyout/Checkbox_Accept the Terms Condition' is clicked on

2019-07-03 22:13:30 - [MESSAGE][PASSED] - Object: 'Object Repository/OCS-DESKTOP/Cart flyout/Checkbox_Accept the Terms Condition' is clicked on

2019-07-03 22:13:30 - [TEST_STEP][PASSED] - delay(1): Delayed 1 second(s)

2019-07-03 22:13:31 - [MESSAGE][PASSED] - Delayed 1 second(s)

2019-07-03 22:13:31 - [TEST_STEP][PASSED] - click(findTestObject("OCS-DESKTOP/Cart flyout/Checkout - Button")): Object: 'Object Repository/OCS-DESKTOP/Cart flyout/Checkout - Button' is clicked on

2019-07-03 22:13:36 - [MESSAGE][PASSED] - Object: 'Object Repository/OCS-DESKTOP/Cart flyout/Checkout - Button' is clicked on

2019-07-03 22:13:36 - [TEST_STEP][PASSED] - executeJavaScript("var previewBar = document.getElementById("preview-bar-iframe"); previewBar.style.display = "none";", []): Execute JavaScript 'var previewBar = document.getElementById("preview-bar-iframe"); previewBar.style.display = "none";' successfully

2019-07-03 22:13:36 - [MESSAGE][PASSED] - Execute JavaScript 'var previewBar = document.getElementById("preview-bar-iframe"); previewBar.style.display = "none";' successfully

2019-07-03 22:13:36 - [TEST_STEP][PASSED] - delay(2): Delayed 2 second(s)

2019-07-03 22:13:38 - [MESSAGE][PASSED] - Delayed 2 second(s)

2019-07-03 22:13:38 - [TEST_STEP][NOT_RUN] - scrollToElement(findTestObject("OCS-DESKTOP/Customer info page/Return to Cart - Link"), 1): NOT_RUN: scrollToElement(findTestObject("OCS-DESKTOP/Customer info page/Return to Cart - Link"), 1)

2019-07-03 22:13:38 - [MESSAGE][NOT_RUN] - NOT_RUN: scrollToElement(findTestObject("OCS-DESKTOP/Customer info page/Return to Cart - Link"), 1)

2019-07-03 22:13:38 - [TEST_STEP][PASSED] - delay(1): Delayed 1 second(s)

2019-07-03 22:13:39 - [MESSAGE][PASSED] - Delayed 1 second(s)

2019-07-03 22:13:39 - [TEST_STEP][PASSED] - delay(2): Delayed 2 second(s)

2019-07-03 22:13:41 - [MESSAGE][PASSED] - Delayed 2 second(s)

2019-07-03 22:13:41 - [TEST_STEP][PASSED] - click(findTestObject("OCS-DESKTOP/Customer info page/Return to Cart - Link")): Object: 'Object Repository/OCS-DESKTOP/Customer info page/Return to Cart - Link' is clicked on

2019-07-03 22:13:42 - [MESSAGE][PASSED] - Object: 'Object Repository/OCS-DESKTOP/Customer info page/Return to Cart - Link' is clicked on

2019-07-03 22:13:42 - [TEST_STEP][PASSED] - delay(1): Delayed 1 second(s)

2019-07-03 22:13:43 - [MESSAGE][PASSED] - Delayed 1 second(s)

2019-07-03 22:13:43 - [TEST_STEP][PASSED] - delay(1): Delayed 1 second(s)

2019-07-03 22:13:44 - [MESSAGE][PASSED] - Delayed 1 second(s)

2019-07-03 22:13:44 - [TEST_STEP][PASSED] - a = getText(findTestObject("OCS-DESKTOP/Cart page/Unit price - product - price in cart page")): Text of object 'Object Repository/OCS-DESKTOP/Cart page/Unit price - product - price in cart page' is: '52,50 $'

2019-07-03 22:13:44 - [MESSAGE][PASSED] - Text of object 'Object Repository/OCS-DESKTOP/Cart page/Unit price - product - price in cart page' is: '52,50 $'

2019-07-03 22:13:44 - [TEST_STEP][PASSED] - comment(a): 52,50 $

2019-07-03 22:13:44 - [MESSAGE][INFO] - 52,50 $

2019-07-03 22:13:44 - [TEST_STEP][PASSED] - a1 = a.substring(0, a.length() - 1): null

2019-07-03 22:13:44 - [TEST_STEP][PASSED] - comment("a1 = " + a1): a1 = 52,50 

2019-07-03 22:13:44 - [MESSAGE][INFO] - a1 = 52,50 

2019-07-03 22:13:44 - [TEST_STEP][PASSED] - x1 = a1.substring(0, a1.length() - 1): null

2019-07-03 22:13:44 - [TEST_STEP][PASSED] - comment("x1 = " + x1): x1 = 52,50

2019-07-03 22:13:44 - [MESSAGE][INFO] - x1 = 52,50

2019-07-03 22:13:44 - [TEST_STEP][PASSED] - x2 = x1.substring(0, x1.length() - 1): null

2019-07-03 22:13:44 - [TEST_STEP][PASSED] - comment("x2 = " + x2): x2 = 52,5

2019-07-03 22:13:44 - [MESSAGE][INFO] - x2 = 52,5

2019-07-03 22:13:44 - [TEST_STEP][PASSED] - x3 = x2.substring(0, x2.length() - 1): null

2019-07-03 22:13:44 - [TEST_STEP][PASSED] - comment("x3 = " + x3): x3 = 52,

2019-07-03 22:13:44 - [MESSAGE][INFO] - x3 = 52,

2019-07-03 22:13:44 - [TEST_STEP][PASSED] - x6 = x3.substring(0, x3.length() - 1): null

2019-07-03 22:13:44 - [TEST_STEP][PASSED] - comment("x6 = " + x6): x6 = 52

2019-07-03 22:13:44 - [MESSAGE][INFO] - x6 = 52

2019-07-03 22:13:44 - [TEST_STEP][PASSED] - click(findTestObject("OCS-DESKTOP/Cart page/Quantity Input field")): Object: 'Object Repository/OCS-DESKTOP/Cart page/Quantity Input field' is clicked on

2019-07-03 22:13:44 - [MESSAGE][PASSED] - Object: 'Object Repository/OCS-DESKTOP/Cart page/Quantity Input field' is clicked on

2019-07-03 22:13:44 - [TEST_STEP][NOT_RUN] - sendKeys(findTestObject("OCS-DESKTOP/Cart page/Quantity Input field"), Keys.chord(CLEAR)): NOT_RUN: sendKeys(findTestObject("OCS-DESKTOP/Cart page/Quantity Input field"), Keys.chord(CLEAR))

2019-07-03 22:13:44 - [MESSAGE][NOT_RUN] - NOT_RUN: sendKeys(findTestObject("OCS-DESKTOP/Cart page/Quantity Input field"), Keys.chord(CLEAR))

2019-07-03 22:13:44 - [TEST_STEP][PASSED] - setText(findTestObject("OCS-DESKTOP/Cart page/Quantity Input field"), "10"): Text '10' is set on object 'Object Repository/OCS-DESKTOP/Cart page/Quantity Input field'

2019-07-03 22:13:44 - [MESSAGE][PASSED] - Text '10' is set on object 'Object Repository/OCS-DESKTOP/Cart page/Quantity Input field'

2019-07-03 22:13:44 - [TEST_STEP][PASSED] - delay(2): Delayed 2 second(s)

2019-07-03 22:13:46 - [MESSAGE][PASSED] - Delayed 2 second(s)

2019-07-03 22:13:46 - [TEST_STEP][NOT_RUN] - sendKeys(findTestObject("OCS-DESKTOP/Cart page/Quantity Input field"), Keys.chord(CLEAR)): NOT_RUN: sendKeys(findTestObject("OCS-DESKTOP/Cart page/Quantity Input field"), Keys.chord(CLEAR))

2019-07-03 22:13:46 - [MESSAGE][NOT_RUN] - NOT_RUN: sendKeys(findTestObject("OCS-DESKTOP/Cart page/Quantity Input field"), Keys.chord(CLEAR))

2019-07-03 22:13:46 - [TEST_STEP][NOT_RUN] - click(findTestObject("OCS-DESKTOP/Cart page/enter quantity")): NOT_RUN: click(findTestObject("OCS-DESKTOP/Cart page/enter quantity"))

2019-07-03 22:13:46 - [MESSAGE][NOT_RUN] - NOT_RUN: click(findTestObject("OCS-DESKTOP/Cart page/enter quantity"))

2019-07-03 22:13:46 - [TEST_STEP][PASSED] - delay(2): Delayed 2 second(s)

2019-07-03 22:13:48 - [MESSAGE][PASSED] - Delayed 2 second(s)

2019-07-03 22:13:48 - [TEST_STEP][PASSED] - setText(findTestObject("OCS-DESKTOP/Cart page/Quantity Input field"), "7"): Text '7' is set on object 'Object Repository/OCS-DESKTOP/Cart page/Quantity Input field'

2019-07-03 22:13:48 - [MESSAGE][PASSED] - Text '7' is set on object 'Object Repository/OCS-DESKTOP/Cart page/Quantity Input field'

2019-07-03 22:13:48 - [TEST_STEP][PASSED] - delay(2): Delayed 2 second(s)

2019-07-03 22:13:50 - [MESSAGE][PASSED] - Delayed 2 second(s)

2019-07-03 22:13:50 - [TEST_STEP][NOT_RUN] - click(findTestObject("OCS-DESKTOP/Cart page/Unit price - product")): NOT_RUN: click(findTestObject("OCS-DESKTOP/Cart page/Unit price - product"))

2019-07-03 22:13:50 - [MESSAGE][NOT_RUN] - NOT_RUN: click(findTestObject("OCS-DESKTOP/Cart page/Unit price - product"))

2019-07-03 22:13:50 - [TEST_STEP][PASSED] - delay(2): Delayed 2 second(s)

2019-07-03 22:13:52 - [MESSAGE][PASSED] - Delayed 2 second(s)

2019-07-03 22:13:52 - [TEST_STEP][PASSED] - click(findTestObject("OCS-DESKTOP/Cart page/Qty Decrease icon")): Object: 'Object Repository/OCS-DESKTOP/Cart page/Qty Decrease icon' is clicked on

2019-07-03 22:13:53 - [MESSAGE][PASSED] - Object: 'Object Repository/OCS-DESKTOP/Cart page/Qty Decrease icon' is clicked on

2019-07-03 22:13:53 - [TEST_STEP][PASSED] - delay(2): Delayed 2 second(s)

2019-07-03 22:13:55 - [MESSAGE][PASSED] - Delayed 2 second(s)

2019-07-03 22:13:55 - [TEST_STEP][PASSED] - click(findTestObject("OCS-DESKTOP/Cart page/Qty Decrease icon")): Object: 'Object Repository/OCS-DESKTOP/Cart page/Qty Decrease icon' is clicked on

2019-07-03 22:13:55 - [MESSAGE][PASSED] - Object: 'Object Repository/OCS-DESKTOP/Cart page/Qty Decrease icon' is clicked on

2019-07-03 22:13:55 - [TEST_STEP][PASSED] - delay(2): Delayed 2 second(s)

2019-07-03 22:13:57 - [MESSAGE][PASSED] - Delayed 2 second(s)

2019-07-03 22:13:57 - [TEST_STEP][PASSED] - click(findTestObject("OCS-DESKTOP/Cart page/Qty Decrease icon")): Object: 'Object Repository/OCS-DESKTOP/Cart page/Qty Decrease icon' is clicked on

2019-07-03 22:13:57 - [MESSAGE][PASSED] - Object: 'Object Repository/OCS-DESKTOP/Cart page/Qty Decrease icon' is clicked on

2019-07-03 22:13:57 - [TEST_STEP][PASSED] - delay(2): Delayed 2 second(s)

2019-07-03 22:13:59 - [MESSAGE][PASSED] - Delayed 2 second(s)

2019-07-03 22:13:59 - [TEST_STEP][PASSED] - b = getText(findTestObject("OCS-DESKTOP/Cart page/Unit price - product - price in cart page")): Text of object 'Object Repository/OCS-DESKTOP/Cart page/Unit price - product - price in cart page' is: '10,50 $'

2019-07-03 22:13:59 - [MESSAGE][PASSED] - Text of object 'Object Repository/OCS-DESKTOP/Cart page/Unit price - product - price in cart page' is: '10,50 $'

2019-07-03 22:13:59 - [TEST_STEP][PASSED] - comment(b): 10,50 $

2019-07-03 22:13:59 - [MESSAGE][INFO] - 10,50 $

2019-07-03 22:13:59 - [TEST_STEP][PASSED] - a2 = b.substring(0, b.length() - 1): null

2019-07-03 22:13:59 - [TEST_STEP][PASSED] - comment("a2 = " + a2): a2 = 10,50 

2019-07-03 22:13:59 - [MESSAGE][INFO] - a2 = 10,50 

2019-07-03 22:13:59 - [TEST_STEP][PASSED] - y1 = a2.substring(0, a2.length() - 1): null

2019-07-03 22:13:59 - [TEST_STEP][PASSED] - comment("y1 = " + y1): y1 = 10,50

2019-07-03 22:13:59 - [MESSAGE][INFO] - y1 = 10,50

2019-07-03 22:13:59 - [TEST_STEP][PASSED] - y2 = y1.substring(0, y1.length() - 1): null

2019-07-03 22:13:59 - [TEST_STEP][PASSED] - comment("y2 = " + y2): y2 = 10,5

2019-07-03 22:13:59 - [MESSAGE][INFO] - y2 = 10,5

2019-07-03 22:13:59 - [TEST_STEP][PASSED] - y3 = y2.substring(0, y2.length() - 1): null

2019-07-03 22:13:59 - [TEST_STEP][PASSED] - comment("y3 = " + y3): y3 = 10,

2019-07-03 22:13:59 - [MESSAGE][INFO] - y3 = 10,

2019-07-03 22:13:59 - [TEST_STEP][PASSED] - y4 = y3.substring(0, y3.length() - 1): null

2019-07-03 22:13:59 - [TEST_STEP][PASSED] - comment("y4 = " + y4): y4 = 10

2019-07-03 22:13:59 - [MESSAGE][INFO] - y4 = 10

2019-07-03 22:13:59 - [TEST_STEP][PASSED] - verifyNotEqual("x6", "y4"): Actual object 'x6' and expected object 'y4' are not equal

2019-07-03 22:13:59 - [MESSAGE][PASSED] - Actual object 'x6' and expected object 'y4' are not equal

2019-07-03 22:13:59 - [TEST_STEP][PASSED] - comment(" price changed . Quantity selector is working"):  price changed . Quantity selector is working

2019-07-03 22:13:59 - [MESSAGE][INFO] -  price changed . Quantity selector is working

2019-07-03 22:13:59 - [TEST_STEP][PASSED] - callTestCase(findTestCase("OCS - DESKTOP/CALL - CART PAGE - SHIPPING TO PAYMENT"), [:], STOP_ON_FAILURE): Call Test Case 'Test Cases/OCS - DESKTOP/CALL - CART PAGE - SHIPPING TO PAYMENT' successfully

2019-07-03 22:13:59 - [TEST_CASE][PASSED] - Test Cases/OCS - DESKTOP/CALL - CART PAGE - SHIPPING TO PAYMENT: Test Cases/OCS - DESKTOP/CALL - CART PAGE - SHIPPING TO PAYMENT

2019-07-03 22:13:59 - [TEST_STEP][PASSED] - delay(2): Delayed 2 second(s)

2019-07-03 22:14:01 - [MESSAGE][PASSED] - Delayed 2 second(s)

2019-07-03 22:14:01 - [TEST_STEP][PASSED] - click(findTestObject("OCS-DESKTOP/Cart page/cart page-Checkbox_I confirm that")): Object: 'Object Repository/OCS-DESKTOP/Cart page/cart page-Checkbox_I confirm that' is clicked on

2019-07-03 22:14:01 - [MESSAGE][PASSED] - Object: 'Object Repository/OCS-DESKTOP/Cart page/cart page-Checkbox_I confirm that' is clicked on

2019-07-03 22:14:01 - [TEST_STEP][PASSED] - delay(2): Delayed 2 second(s)

2019-07-03 22:14:03 - [MESSAGE][PASSED] - Delayed 2 second(s)

2019-07-03 22:14:04 - [TEST_STEP][PASSED] - click(findTestObject("OCS-DESKTOP/Cart page/cart page - Checkbox_Accept the Terms Condition")): Object: 'Object Repository/OCS-DESKTOP/Cart page/cart page - Checkbox_Accept the Terms Condition' is clicked on

2019-07-03 22:14:04 - [MESSAGE][PASSED] - Object: 'Object Repository/OCS-DESKTOP/Cart page/cart page - Checkbox_Accept the Terms Condition' is clicked on

2019-07-03 22:14:04 - [TEST_STEP][PASSED] - delay(1): Delayed 1 second(s)

2019-07-03 22:14:05 - [MESSAGE][PASSED] - Delayed 1 second(s)

2019-07-03 22:14:05 - [TEST_STEP][PASSED] - click(findTestObject("FRENCH/Cart page -checkout button")): Object: 'Object Repository/FRENCH/Cart page -checkout button' is clicked on

2019-07-03 22:14:15 - [MESSAGE][PASSED] - Object: 'Object Repository/FRENCH/Cart page -checkout button' is clicked on

2019-07-03 22:14:15 - [TEST_STEP][PASSED] - executeJavaScript("var previewBar = document.getElementById("preview-bar-iframe"); previewBar.style.display = "none";", []): Execute JavaScript 'var previewBar = document.getElementById("preview-bar-iframe"); previewBar.style.display = "none";' successfully

2019-07-03 22:14:15 - [MESSAGE][PASSED] - Execute JavaScript 'var previewBar = document.getElementById("preview-bar-iframe"); previewBar.style.display = "none";' successfully

2019-07-03 22:14:15 - [TEST_STEP][PASSED] - delay(2): Delayed 2 second(s)

2019-07-03 22:14:17 - [MESSAGE][PASSED] - Delayed 2 second(s)

2019-07-03 22:14:17 - [TEST_STEP][PASSED] - setText(findTestObject("Object Repository/Page_Ontario Cannabis Store - Infor/input_Adresse e-mail_checkoute"), "suman@gmail.com"): Text 'suman@gmail.com' is set on object 'Object Repository/Page_Ontario Cannabis Store - Infor/input_Adresse e-mail_checkoute'

2019-07-03 22:14:18 - [MESSAGE][PASSED] - Text 'suman@gmail.com' is set on object 'Object Repository/Page_Ontario Cannabis Store - Infor/input_Adresse e-mail_checkoute'

2019-07-03 22:14:18 - [TEST_STEP][PASSED] - setText(findTestObject("Object Repository/Page_Ontario Cannabis Store - Infor/input_Prnom_checkoutshipping_a"), "suman"): Text 'suman' is set on object 'Object Repository/Page_Ontario Cannabis Store - Infor/input_Prnom_checkoutshipping_a'

2019-07-03 22:14:18 - [MESSAGE][PASSED] - Text 'suman' is set on object 'Object Repository/Page_Ontario Cannabis Store - Infor/input_Prnom_checkoutshipping_a'

2019-07-03 22:14:18 - [TEST_STEP][PASSED] - setText(findTestObject("Object Repository/Page_Ontario Cannabis Store - Infor/input_Nom_checkoutshipping_add"), "kompelly"): Text 'kompelly' is set on object 'Object Repository/Page_Ontario Cannabis Store - Infor/input_Nom_checkoutshipping_add'

2019-07-03 22:14:18 - [MESSAGE][PASSED] - Text 'kompelly' is set on object 'Object Repository/Page_Ontario Cannabis Store - Infor/input_Nom_checkoutshipping_add'

2019-07-03 22:14:18 - [TEST_STEP][PASSED] - setText(findTestObject("Object Repository/Page_Ontario Cannabis Store - Infor/input_Adresse_checkoutshipping"), "123 test"): Text '123 test' is set on object 'Object Repository/Page_Ontario Cannabis Store - Infor/input_Adresse_checkoutshipping'

2019-07-03 22:14:18 - [MESSAGE][PASSED] - Text '123 test' is set on object 'Object Repository/Page_Ontario Cannabis Store - Infor/input_Adresse_checkoutshipping'

2019-07-03 22:14:18 - [TEST_STEP][PASSED] - setText(findTestObject("Object Repository/Page_Ontario Cannabis Store - Infor/input_Appartement suite etc. ("), "123"): Text '123' is set on object 'Object Repository/Page_Ontario Cannabis Store - Infor/input_Appartement suite etc. ('

2019-07-03 22:14:18 - [MESSAGE][PASSED] - Text '123' is set on object 'Object Repository/Page_Ontario Cannabis Store - Infor/input_Appartement suite etc. ('

2019-07-03 22:14:18 - [TEST_STEP][PASSED] - setText(findTestObject("Object Repository/Page_Ontario Cannabis Store - Infor/input_Ville_checkoutshipping_a"), "montreal"): Text 'montreal' is set on object 'Object Repository/Page_Ontario Cannabis Store - Infor/input_Ville_checkoutshipping_a'

2019-07-03 22:14:18 - [MESSAGE][PASSED] - Text 'montreal' is set on object 'Object Repository/Page_Ontario Cannabis Store - Infor/input_Ville_checkoutshipping_a'

2019-07-03 22:14:18 - [TEST_STEP][PASSED] - setText(findTestObject("Object Repository/Page_Ontario Cannabis Store - Infor/input_Code postal_checkoutship"), "n0r1k0"): Text 'n0r1k0' is set on object 'Object Repository/Page_Ontario Cannabis Store - Infor/input_Code postal_checkoutship'

2019-07-03 22:14:18 - [MESSAGE][PASSED] - Text 'n0r1k0' is set on object 'Object Repository/Page_Ontario Cannabis Store - Infor/input_Code postal_checkoutship'

2019-07-03 22:14:18 - [TEST_STEP][PASSED] - setText(findTestObject("Object Repository/Page_Ontario Cannabis Store - Infor/input_Tlphone_checkoutshipping"), "514-449-3883"): Text '514-449-3883' is set on object 'Object Repository/Page_Ontario Cannabis Store - Infor/input_Tlphone_checkoutshipping'

2019-07-03 22:14:18 - [MESSAGE][PASSED] - Text '514-449-3883' is set on object 'Object Repository/Page_Ontario Cannabis Store - Infor/input_Tlphone_checkoutshipping'

2019-07-03 22:14:18 - [TEST_STEP][PASSED] - delay(2): Delayed 2 second(s)

2019-07-03 22:14:20 - [MESSAGE][PASSED] - Delayed 2 second(s)

2019-07-03 22:14:20 - [TEST_STEP][PASSED] - click(findTestObject("Object Repository/Page_Ontario Cannabis Store - Infor/button_Continuer vers le mode")): Object: 'Object Repository/Page_Ontario Cannabis Store - Infor/button_Continuer vers le mode' is clicked on

2019-07-03 22:14:42 - [MESSAGE][PASSED] - Object: 'Object Repository/Page_Ontario Cannabis Store - Infor/button_Continuer vers le mode' is clicked on

2019-07-03 22:14:42 - [TEST_STEP][PASSED] - delay(4): Delayed 4 second(s)

2019-07-03 22:14:46 - [MESSAGE][PASSED] - Delayed 4 second(s)

2019-07-03 22:14:46 - [TEST_STEP][PASSED] - executeJavaScript("var previewBar = document.getElementById("preview-bar-iframe"); previewBar.style.display = "none";", []): Execute JavaScript 'var previewBar = document.getElementById("preview-bar-iframe"); previewBar.style.display = "none";' successfully

2019-07-03 22:14:46 - [MESSAGE][PASSED] - Execute JavaScript 'var previewBar = document.getElementById("preview-bar-iframe"); previewBar.style.display = "none";' successfully

2019-07-03 22:14:46 - [TEST_STEP][PASSED] - delay(2): Delayed 2 second(s)

2019-07-03 22:14:48 - [MESSAGE][PASSED] - Delayed 2 second(s)

2019-07-03 22:14:48 - [TEST_STEP][PASSED] - click(findTestObject("Object Repository/Page_Ontario Cannabis Store - Livra/button_Continuer vers le moyen")): Object: 'Object Repository/Page_Ontario Cannabis Store - Livra/button_Continuer vers le moyen' is clicked on

2019-07-03 22:15:06 - [MESSAGE][PASSED] - Object: 'Object Repository/Page_Ontario Cannabis Store - Livra/button_Continuer vers le moyen' is clicked on

2019-07-03 22:15:06 - [MESSAGE][PASSED] - Call Test Case 'Test Cases/OCS - DESKTOP/CALL - CART PAGE - SHIPPING TO PAYMENT' successfully]]></system-out>
         <system-err><![CDATA[]]></system-err>
      </testcase>
      <testcase name="Test Cases/OCS - DESKTOP/OCS- CRITICAL PATH - FRENCH/Cart flyout - accessories -fr" classname="Test Cases/OCS - DESKTOP/OCS- CRITICAL PATH - FRENCH/Cart flyout - accessories -fr" status="PASSED">
         <system-out><![CDATA[2019-07-03 22:15:06 - [TEST_CASE][PASSED] - Test Cases/OCS - DESKTOP/OCS- CRITICAL PATH - FRENCH/Cart flyout - accessories -fr: Test Cases/OCS - DESKTOP/OCS- CRITICAL PATH - FRENCH/Cart flyout - accessories -fr

2019-07-03 22:15:06 - [TEST_STEP][PASSED] - callTestCase(findTestCase("OCS - DESKTOP/CALL- Age gate"), [:], STOP_ON_FAILURE): Call Test Case 'Test Cases/OCS - DESKTOP/CALL- Age gate' successfully

2019-07-03 22:15:06 - [TEST_CASE][PASSED] - Test Cases/OCS - DESKTOP/CALL- Age gate: Test Cases/OCS - DESKTOP/CALL- Age gate

2019-07-03 22:15:06 - [TEST_STEP][PASSED] - openBrowser(""): Browser is opened with url: ''

2019-07-03 22:15:06 - [MESSAGE][WARNING] - A browser is already opened. Closing browser and opening a new one

2019-07-03 22:15:27 - [MESSAGE][INFO] - Starting 'Firefox' driver

2019-07-03 22:15:29 - [MESSAGE][PASSED] - Browser is opened with url: ''

2019-07-03 22:15:29 - [TEST_STEP][PASSED] - navigateToUrl("https://ocs.ca/?fts=0&preview_theme_id=74203891532"): Navigate to 'https://ocs.ca/?fts=0&preview_theme_id=74203891532' successfully

2019-07-03 22:15:34 - [MESSAGE][PASSED] - Navigate to 'https://ocs.ca/?fts=0&preview_theme_id=74203891532' successfully

2019-07-03 22:15:34 - [TEST_STEP][PASSED] - maximizeWindow(): Current window maximized

2019-07-03 22:15:35 - [MESSAGE][PASSED] - Current window maximized

2019-07-03 22:15:35 - [TEST_STEP][PASSED] - delay(2): Delayed 2 second(s)

2019-07-03 22:15:37 - [MESSAGE][PASSED] - Delayed 2 second(s)

2019-07-03 22:15:37 - [TEST_STEP][PASSED] - executeJavaScript("var previewBar = document.getElementById("preview-bar-iframe"); previewBar.style.display = "none";", []): Execute JavaScript 'var previewBar = document.getElementById("preview-bar-iframe"); previewBar.style.display = "none";' successfully

2019-07-03 22:15:37 - [MESSAGE][PASSED] - Execute JavaScript 'var previewBar = document.getElementById("preview-bar-iframe"); previewBar.style.display = "none";' successfully

2019-07-03 22:15:37 - [TEST_STEP][PASSED] - selectOptionByValue(findTestObject("OCS-DESKTOP/Age gate and Mega menu/Date"), "12", true): All options with value '12' are selected in object 'Object Repository/OCS-DESKTOP/Age gate and Mega menu/Date'  using regular expression

2019-07-03 22:15:37 - [MESSAGE][PASSED] - All options with value '12' are selected in object 'Object Repository/OCS-DESKTOP/Age gate and Mega menu/Date'  using regular expression

2019-07-03 22:15:37 - [TEST_STEP][PASSED] - selectOptionByValue(findTestObject("OCS-DESKTOP/Age gate and Mega menu/month"), "6", true): All options with value '6' are selected in object 'Object Repository/OCS-DESKTOP/Age gate and Mega menu/month'  using regular expression

2019-07-03 22:15:38 - [MESSAGE][PASSED] - All options with value '6' are selected in object 'Object Repository/OCS-DESKTOP/Age gate and Mega menu/month'  using regular expression

2019-07-03 22:15:38 - [TEST_STEP][PASSED] - delay(2): Delayed 2 second(s)

2019-07-03 22:15:40 - [MESSAGE][PASSED] - Delayed 2 second(s)

2019-07-03 22:15:40 - [TEST_STEP][PASSED] - selectOptionByValue(findTestObject("OCS-DESKTOP/Age gate and Mega menu/Year Dropdown"), "1990", true): All options with value '1990' are selected in object 'Object Repository/OCS-DESKTOP/Age gate and Mega menu/Year Dropdown'  using regular expression

2019-07-03 22:15:41 - [MESSAGE][PASSED] - All options with value '1990' are selected in object 'Object Repository/OCS-DESKTOP/Age gate and Mega menu/Year Dropdown'  using regular expression

2019-07-03 22:15:41 - [TEST_STEP][PASSED] - click(findTestObject("OCS-DESKTOP/Age gate and Mega menu/button_Verify")): Object: 'Object Repository/OCS-DESKTOP/Age gate and Mega menu/button_Verify' is clicked on

2019-07-03 22:15:41 - [MESSAGE][PASSED] - Object: 'Object Repository/OCS-DESKTOP/Age gate and Mega menu/button_Verify' is clicked on

2019-07-03 22:15:41 - [TEST_STEP][PASSED] - click(findTestObject("OCS-DESKTOP/Age gate and Mega menu/Checkbox_CONFIRM AND ACKNOWLEDGE")): Object: 'Object Repository/OCS-DESKTOP/Age gate and Mega menu/Checkbox_CONFIRM AND ACKNOWLEDGE' is clicked on

2019-07-03 22:15:42 - [MESSAGE][PASSED] - Object: 'Object Repository/OCS-DESKTOP/Age gate and Mega menu/Checkbox_CONFIRM AND ACKNOWLEDGE' is clicked on

2019-07-03 22:15:42 - [TEST_STEP][PASSED] - click(findTestObject("OCS-DESKTOP/Age gate and Mega menu/button_CONFIRM")): Object: 'Object Repository/OCS-DESKTOP/Age gate and Mega menu/button_CONFIRM' is clicked on

2019-07-03 22:15:42 - [MESSAGE][PASSED] - Object: 'Object Repository/OCS-DESKTOP/Age gate and Mega menu/button_CONFIRM' is clicked on

2019-07-03 22:15:42 - [TEST_STEP][PASSED] - click(findTestObject("OCS-DESKTOP/Age gate and Mega menu/button_Start Browsing")): Object: 'Object Repository/OCS-DESKTOP/Age gate and Mega menu/button_Start Browsing' is clicked on

2019-07-03 22:15:42 - [MESSAGE][PASSED] - Object: 'Object Repository/OCS-DESKTOP/Age gate and Mega menu/button_Start Browsing' is clicked on

2019-07-03 22:15:42 - [TEST_STEP][PASSED] - delay(2): Delayed 2 second(s)

2019-07-03 22:15:44 - [MESSAGE][PASSED] - Delayed 2 second(s)

2019-07-03 22:15:44 - [TEST_STEP][PASSED] - refresh(): Refresh successfully

2019-07-03 22:15:48 - [MESSAGE][PASSED] - Refresh successfully

2019-07-03 22:15:48 - [MESSAGE][PASSED] - Call Test Case 'Test Cases/OCS - DESKTOP/CALL- Age gate' successfully

2019-07-03 22:15:48 - [TEST_STEP][PASSED] - delay(2): Delayed 2 second(s)

2019-07-03 22:15:50 - [MESSAGE][PASSED] - Delayed 2 second(s)

2019-07-03 22:15:50 - [TEST_STEP][PASSED] - callTestCase(findTestCase("OCS - DESKTOP/CALL - TOGGLING LANGUAGE"), [:], STOP_ON_FAILURE): Call Test Case 'Test Cases/OCS - DESKTOP/CALL - TOGGLING LANGUAGE' successfully

2019-07-03 22:15:50 - [TEST_CASE][PASSED] - Test Cases/OCS - DESKTOP/CALL - TOGGLING LANGUAGE: Test Cases/OCS - DESKTOP/CALL - TOGGLING LANGUAGE

2019-07-03 22:15:50 - [TEST_STEP][PASSED] - delay(2): Delayed 2 second(s)

2019-07-03 22:15:52 - [MESSAGE][PASSED] - Delayed 2 second(s)

2019-07-03 22:15:52 - [TEST_STEP][PASSED] - click(findTestObject("OCS-DESKTOP/Cart flyout/English dropdown")): Object: 'Object Repository/OCS-DESKTOP/Cart flyout/English dropdown' is clicked on

2019-07-03 22:15:52 - [MESSAGE][PASSED] - Object: 'Object Repository/OCS-DESKTOP/Cart flyout/English dropdown' is clicked on

2019-07-03 22:15:52 - [TEST_STEP][PASSED] - delay(2): Delayed 2 second(s)

2019-07-03 22:15:54 - [MESSAGE][PASSED] - Delayed 2 second(s)

2019-07-03 22:15:54 - [TEST_STEP][PASSED] - click(findTestObject("OCS-DESKTOP/Cart flyout/Select French")): Object: 'Object Repository/OCS-DESKTOP/Cart flyout/Select French' is clicked on

2019-07-03 22:15:54 - [MESSAGE][PASSED] - Object: 'Object Repository/OCS-DESKTOP/Cart flyout/Select French' is clicked on

2019-07-03 22:15:54 - [TEST_STEP][PASSED] - delay(5): Delayed 5 second(s)

2019-07-03 22:15:59 - [MESSAGE][PASSED] - Delayed 5 second(s)

2019-07-03 22:15:59 - [TEST_STEP][PASSED] - e = getWindowTitle(): Current window's title is: 'Magasin de Cannabis de l'Ontario | Ontario Cannabis Store'

2019-07-03 22:15:59 - [MESSAGE][PASSED] - Current window's title is: 'Magasin de Cannabis de l'Ontario | Ontario Cannabis Store'

2019-07-03 22:15:59 - [MESSAGE][PASSED] - Call Test Case 'Test Cases/OCS - DESKTOP/CALL - TOGGLING LANGUAGE' successfully

2019-07-03 22:15:59 - [TEST_STEP][PASSED] - click(findTestObject("OCS-DESKTOP/Age gate and Mega menu/Header/CANNABIS menu - English")): Object: 'Object Repository/OCS-DESKTOP/Age gate and Mega menu/Header/CANNABIS menu - English' is clicked on

2019-07-03 22:16:00 - [MESSAGE][PASSED] - Object: 'Object Repository/OCS-DESKTOP/Age gate and Mega menu/Header/CANNABIS menu - English' is clicked on

2019-07-03 22:16:00 - [TEST_STEP][PASSED] - delay(2): Delayed 2 second(s)

2019-07-03 22:16:02 - [MESSAGE][PASSED] - Delayed 2 second(s)

2019-07-03 22:16:02 - [TEST_STEP][PASSED] - executeJavaScript("var previewBar = document.getElementById("preview-bar-iframe"); previewBar.style.display = "none";", []): Execute JavaScript 'var previewBar = document.getElementById("preview-bar-iframe"); previewBar.style.display = "none";' successfully

2019-07-03 22:16:02 - [MESSAGE][PASSED] - Execute JavaScript 'var previewBar = document.getElementById("preview-bar-iframe"); previewBar.style.display = "none";' successfully

2019-07-03 22:16:02 - [TEST_STEP][PASSED] - click(findTestObject("OCS-DESKTOP/Age gate and Mega menu/Indica Dominant_Menu item")): Object: 'Object Repository/OCS-DESKTOP/Age gate and Mega menu/Indica Dominant_Menu item' is clicked on

2019-07-03 22:16:04 - [MESSAGE][PASSED] - Object: 'Object Repository/OCS-DESKTOP/Age gate and Mega menu/Indica Dominant_Menu item' is clicked on

2019-07-03 22:16:04 - [TEST_STEP][PASSED] - executeJavaScript("var previewBar = document.getElementById("preview-bar-iframe"); previewBar.style.display = "none";", []): Execute JavaScript 'var previewBar = document.getElementById("preview-bar-iframe"); previewBar.style.display = "none";' successfully

2019-07-03 22:16:04 - [MESSAGE][PASSED] - Execute JavaScript 'var previewBar = document.getElementById("preview-bar-iframe"); previewBar.style.display = "none";' successfully

2019-07-03 22:16:04 - [TEST_STEP][PASSED] - delay(2): Delayed 2 second(s)

2019-07-03 22:16:06 - [MESSAGE][PASSED] - Delayed 2 second(s)

2019-07-03 22:16:06 - [TEST_STEP][PASSED] - click(findTestObject("FRENCH/Product image - 1st one")): Object: 'Object Repository/FRENCH/Product image - 1st one' is clicked on

2019-07-03 22:16:09 - [MESSAGE][PASSED] - Object: 'Object Repository/FRENCH/Product image - 1st one' is clicked on

2019-07-03 22:16:09 - [TEST_STEP][PASSED] - executeJavaScript("var previewBar = document.getElementById("preview-bar-iframe"); previewBar.style.display = "none";", []): Execute JavaScript 'var previewBar = document.getElementById("preview-bar-iframe"); previewBar.style.display = "none";' successfully

2019-07-03 22:16:09 - [MESSAGE][PASSED] - Execute JavaScript 'var previewBar = document.getElementById("preview-bar-iframe"); previewBar.style.display = "none";' successfully

2019-07-03 22:16:09 - [TEST_STEP][PASSED] - delay(1): Delayed 1 second(s)

2019-07-03 22:16:10 - [MESSAGE][PASSED] - Delayed 1 second(s)

2019-07-03 22:16:10 - [TEST_STEP][PASSED] - delay(3): Delayed 3 second(s)

2019-07-03 22:16:13 - [MESSAGE][PASSED] - Delayed 3 second(s)

2019-07-03 22:16:13 - [TEST_STEP][PASSED] - click(findTestObject("OCS-DESKTOP/Product page/Swatch_1g")): Object: 'Object Repository/OCS-DESKTOP/Product page/Swatch_1g' is clicked on

2019-07-03 22:16:13 - [MESSAGE][PASSED] - Object: 'Object Repository/OCS-DESKTOP/Product page/Swatch_1g' is clicked on

2019-07-03 22:16:13 - [TEST_STEP][PASSED] - delay(2): Delayed 2 second(s)

2019-07-03 22:16:15 - [MESSAGE][PASSED] - Delayed 2 second(s)

2019-07-03 22:16:15 - [TEST_STEP][PASSED] - click(findTestObject("OCS-DESKTOP/Product page/Add to Bag-button")): Object: 'Object Repository/OCS-DESKTOP/Product page/Add to Bag-button' is clicked on

2019-07-03 22:16:16 - [MESSAGE][PASSED] - Object: 'Object Repository/OCS-DESKTOP/Product page/Add to Bag-button' is clicked on

2019-07-03 22:16:16 - [TEST_STEP][PASSED] - delay(1): Delayed 1 second(s)

2019-07-03 22:16:17 - [MESSAGE][PASSED] - Delayed 1 second(s)

2019-07-03 22:16:17 - [TEST_STEP][PASSED] - click(findTestObject("OCS-DESKTOP/Home - page/Cart icon -bag")): Object: 'Object Repository/OCS-DESKTOP/Home - page/Cart icon -bag' is clicked on

2019-07-03 22:16:17 - [MESSAGE][PASSED] - Object: 'Object Repository/OCS-DESKTOP/Home - page/Cart icon -bag' is clicked on

2019-07-03 22:16:17 - [TEST_STEP][PASSED] - delay(2): Delayed 2 second(s)

2019-07-03 22:16:19 - [MESSAGE][PASSED] - Delayed 2 second(s)

2019-07-03 22:16:19 - [TEST_STEP][PASSED] - click(findTestObject("OCS-DESKTOP/Cart flyout/Up Chevron - Accessories you might need")): Object: 'Object Repository/OCS-DESKTOP/Cart flyout/Up Chevron - Accessories you might need' is clicked on

2019-07-03 22:16:19 - [MESSAGE][PASSED] - Object: 'Object Repository/OCS-DESKTOP/Cart flyout/Up Chevron - Accessories you might need' is clicked on

2019-07-03 22:16:19 - [TEST_STEP][PASSED] - takeScreenshot(): Taking screenshot successfully

2019-07-03 22:16:19 - [MESSAGE][PASSED] - Taking screenshot successfully
[[ATTACHMENT|/Users/sumankompelly/Relative xpath-Desktop/Reports/1.11.2/20190703_215901/1562206579748.png]]

2019-07-03 22:16:19 - [TEST_STEP][PASSED] - delay(4): Delayed 4 second(s)

2019-07-03 22:16:23 - [MESSAGE][PASSED] - Delayed 4 second(s)

2019-07-03 22:16:23 - [TEST_STEP][PASSED] - click(findTestObject("OCS-DESKTOP/Cart flyout/Down Chevron - Accessories you might need")): Object: 'Object Repository/OCS-DESKTOP/Cart flyout/Down Chevron - Accessories you might need' is clicked on

2019-07-03 22:16:24 - [MESSAGE][PASSED] - Object: 'Object Repository/OCS-DESKTOP/Cart flyout/Down Chevron - Accessories you might need' is clicked on]]></system-out>
         <system-err><![CDATA[]]></system-err>
      </testcase>
      <testcase name="Test Cases/OCS - DESKTOP/OCS- CRITICAL PATH - FRENCH/Cart - fr" classname="Test Cases/OCS - DESKTOP/OCS- CRITICAL PATH - FRENCH/Cart - fr" status="PASSED">
         <system-out><![CDATA[2019-07-03 22:16:24 - [TEST_CASE][PASSED] - Test Cases/OCS - DESKTOP/OCS- CRITICAL PATH - FRENCH/Cart - fr: Test Cases/OCS - DESKTOP/OCS- CRITICAL PATH - FRENCH/Cart - fr

2019-07-03 22:16:24 - [TEST_STEP][PASSED] - callTestCase(findTestCase("OCS - DESKTOP/CALL- Age gate"), [:], STOP_ON_FAILURE): Call Test Case 'Test Cases/OCS - DESKTOP/CALL- Age gate' successfully

2019-07-03 22:16:24 - [TEST_CASE][PASSED] - Test Cases/OCS - DESKTOP/CALL- Age gate: Test Cases/OCS - DESKTOP/CALL- Age gate

2019-07-03 22:16:24 - [TEST_STEP][PASSED] - openBrowser(""): Browser is opened with url: ''

2019-07-03 22:16:24 - [MESSAGE][WARNING] - A browser is already opened. Closing browser and opening a new one

2019-07-03 22:16:45 - [MESSAGE][INFO] - Starting 'Firefox' driver

2019-07-03 22:16:47 - [MESSAGE][PASSED] - Browser is opened with url: ''

2019-07-03 22:16:47 - [TEST_STEP][PASSED] - navigateToUrl("https://ocs.ca/?fts=0&preview_theme_id=74203891532"): Navigate to 'https://ocs.ca/?fts=0&preview_theme_id=74203891532' successfully

2019-07-03 22:16:55 - [MESSAGE][PASSED] - Navigate to 'https://ocs.ca/?fts=0&preview_theme_id=74203891532' successfully

2019-07-03 22:16:55 - [TEST_STEP][PASSED] - maximizeWindow(): Current window maximized

2019-07-03 22:16:56 - [MESSAGE][PASSED] - Current window maximized

2019-07-03 22:16:56 - [TEST_STEP][PASSED] - delay(2): Delayed 2 second(s)

2019-07-03 22:16:58 - [MESSAGE][PASSED] - Delayed 2 second(s)

2019-07-03 22:16:58 - [TEST_STEP][PASSED] - executeJavaScript("var previewBar = document.getElementById("preview-bar-iframe"); previewBar.style.display = "none";", []): Execute JavaScript 'var previewBar = document.getElementById("preview-bar-iframe"); previewBar.style.display = "none";' successfully

2019-07-03 22:16:58 - [MESSAGE][PASSED] - Execute JavaScript 'var previewBar = document.getElementById("preview-bar-iframe"); previewBar.style.display = "none";' successfully

2019-07-03 22:16:58 - [TEST_STEP][PASSED] - selectOptionByValue(findTestObject("OCS-DESKTOP/Age gate and Mega menu/Date"), "12", true): All options with value '12' are selected in object 'Object Repository/OCS-DESKTOP/Age gate and Mega menu/Date'  using regular expression

2019-07-03 22:16:59 - [MESSAGE][PASSED] - All options with value '12' are selected in object 'Object Repository/OCS-DESKTOP/Age gate and Mega menu/Date'  using regular expression

2019-07-03 22:16:59 - [TEST_STEP][PASSED] - selectOptionByValue(findTestObject("OCS-DESKTOP/Age gate and Mega menu/month"), "6", true): All options with value '6' are selected in object 'Object Repository/OCS-DESKTOP/Age gate and Mega menu/month'  using regular expression

2019-07-03 22:16:59 - [MESSAGE][PASSED] - All options with value '6' are selected in object 'Object Repository/OCS-DESKTOP/Age gate and Mega menu/month'  using regular expression

2019-07-03 22:16:59 - [TEST_STEP][PASSED] - delay(2): Delayed 2 second(s)

2019-07-03 22:17:01 - [MESSAGE][PASSED] - Delayed 2 second(s)

2019-07-03 22:17:01 - [TEST_STEP][PASSED] - selectOptionByValue(findTestObject("OCS-DESKTOP/Age gate and Mega menu/Year Dropdown"), "1990", true): All options with value '1990' are selected in object 'Object Repository/OCS-DESKTOP/Age gate and Mega menu/Year Dropdown'  using regular expression

2019-07-03 22:17:03 - [MESSAGE][PASSED] - All options with value '1990' are selected in object 'Object Repository/OCS-DESKTOP/Age gate and Mega menu/Year Dropdown'  using regular expression

2019-07-03 22:17:03 - [TEST_STEP][PASSED] - click(findTestObject("OCS-DESKTOP/Age gate and Mega menu/button_Verify")): Object: 'Object Repository/OCS-DESKTOP/Age gate and Mega menu/button_Verify' is clicked on

2019-07-03 22:17:03 - [MESSAGE][PASSED] - Object: 'Object Repository/OCS-DESKTOP/Age gate and Mega menu/button_Verify' is clicked on

2019-07-03 22:17:03 - [TEST_STEP][PASSED] - click(findTestObject("OCS-DESKTOP/Age gate and Mega menu/Checkbox_CONFIRM AND ACKNOWLEDGE")): Object: 'Object Repository/OCS-DESKTOP/Age gate and Mega menu/Checkbox_CONFIRM AND ACKNOWLEDGE' is clicked on

2019-07-03 22:17:03 - [MESSAGE][PASSED] - Object: 'Object Repository/OCS-DESKTOP/Age gate and Mega menu/Checkbox_CONFIRM AND ACKNOWLEDGE' is clicked on

2019-07-03 22:17:03 - [TEST_STEP][PASSED] - click(findTestObject("OCS-DESKTOP/Age gate and Mega menu/button_CONFIRM")): Object: 'Object Repository/OCS-DESKTOP/Age gate and Mega menu/button_CONFIRM' is clicked on

2019-07-03 22:17:03 - [MESSAGE][PASSED] - Object: 'Object Repository/OCS-DESKTOP/Age gate and Mega menu/button_CONFIRM' is clicked on

2019-07-03 22:17:03 - [TEST_STEP][PASSED] - click(findTestObject("OCS-DESKTOP/Age gate and Mega menu/button_Start Browsing")): Object: 'Object Repository/OCS-DESKTOP/Age gate and Mega menu/button_Start Browsing' is clicked on

2019-07-03 22:17:04 - [MESSAGE][PASSED] - Object: 'Object Repository/OCS-DESKTOP/Age gate and Mega menu/button_Start Browsing' is clicked on

2019-07-03 22:17:04 - [TEST_STEP][PASSED] - delay(2): Delayed 2 second(s)

2019-07-03 22:17:06 - [MESSAGE][PASSED] - Delayed 2 second(s)

2019-07-03 22:17:06 - [TEST_STEP][PASSED] - refresh(): Refresh successfully

2019-07-03 22:17:09 - [MESSAGE][PASSED] - Refresh successfully

2019-07-03 22:17:09 - [MESSAGE][PASSED] - Call Test Case 'Test Cases/OCS - DESKTOP/CALL- Age gate' successfully

2019-07-03 22:17:09 - [TEST_STEP][PASSED] - delay(2): Delayed 2 second(s)

2019-07-03 22:17:11 - [MESSAGE][PASSED] - Delayed 2 second(s)

2019-07-03 22:17:11 - [TEST_STEP][PASSED] - callTestCase(findTestCase("OCS - DESKTOP/CALL - TOGGLING LANGUAGE"), [:], STOP_ON_FAILURE): Call Test Case 'Test Cases/OCS - DESKTOP/CALL - TOGGLING LANGUAGE' successfully

2019-07-03 22:17:11 - [TEST_CASE][PASSED] - Test Cases/OCS - DESKTOP/CALL - TOGGLING LANGUAGE: Test Cases/OCS - DESKTOP/CALL - TOGGLING LANGUAGE

2019-07-03 22:17:11 - [TEST_STEP][PASSED] - delay(2): Delayed 2 second(s)

2019-07-03 22:17:13 - [MESSAGE][PASSED] - Delayed 2 second(s)

2019-07-03 22:17:13 - [TEST_STEP][PASSED] - click(findTestObject("OCS-DESKTOP/Cart flyout/English dropdown")): Object: 'Object Repository/OCS-DESKTOP/Cart flyout/English dropdown' is clicked on

2019-07-03 22:17:13 - [MESSAGE][PASSED] - Object: 'Object Repository/OCS-DESKTOP/Cart flyout/English dropdown' is clicked on

2019-07-03 22:17:13 - [TEST_STEP][PASSED] - delay(2): Delayed 2 second(s)

2019-07-03 22:17:15 - [MESSAGE][PASSED] - Delayed 2 second(s)

2019-07-03 22:17:15 - [TEST_STEP][PASSED] - click(findTestObject("OCS-DESKTOP/Cart flyout/Select French")): Object: 'Object Repository/OCS-DESKTOP/Cart flyout/Select French' is clicked on

2019-07-03 22:17:15 - [MESSAGE][PASSED] - Object: 'Object Repository/OCS-DESKTOP/Cart flyout/Select French' is clicked on

2019-07-03 22:17:15 - [TEST_STEP][PASSED] - delay(5): Delayed 5 second(s)

2019-07-03 22:17:20 - [MESSAGE][PASSED] - Delayed 5 second(s)

2019-07-03 22:17:20 - [TEST_STEP][PASSED] - e = getWindowTitle(): Current window's title is: 'Magasin de Cannabis de l'Ontario | Ontario Cannabis Store'

2019-07-03 22:17:20 - [MESSAGE][PASSED] - Current window's title is: 'Magasin de Cannabis de l'Ontario | Ontario Cannabis Store'

2019-07-03 22:17:20 - [MESSAGE][PASSED] - Call Test Case 'Test Cases/OCS - DESKTOP/CALL - TOGGLING LANGUAGE' successfully

2019-07-03 22:17:20 - [TEST_STEP][PASSED] - click(findTestObject("OCS-DESKTOP/Age gate and Mega menu/Header/CANNABIS menu - English")): Object: 'Object Repository/OCS-DESKTOP/Age gate and Mega menu/Header/CANNABIS menu - English' is clicked on

2019-07-03 22:17:21 - [MESSAGE][PASSED] - Object: 'Object Repository/OCS-DESKTOP/Age gate and Mega menu/Header/CANNABIS menu - English' is clicked on

2019-07-03 22:17:21 - [TEST_STEP][PASSED] - delay(2): Delayed 2 second(s)

2019-07-03 22:17:23 - [MESSAGE][PASSED] - Delayed 2 second(s)

2019-07-03 22:17:23 - [TEST_STEP][PASSED] - executeJavaScript("var previewBar = document.getElementById("preview-bar-iframe"); previewBar.style.display = "none";", []): Execute JavaScript 'var previewBar = document.getElementById("preview-bar-iframe"); previewBar.style.display = "none";' successfully

2019-07-03 22:17:23 - [MESSAGE][PASSED] - Execute JavaScript 'var previewBar = document.getElementById("preview-bar-iframe"); previewBar.style.display = "none";' successfully

2019-07-03 22:17:23 - [TEST_STEP][PASSED] - click(findTestObject("OCS-DESKTOP/Age gate and Mega menu/Indica Dominant_Menu item")): Object: 'Object Repository/OCS-DESKTOP/Age gate and Mega menu/Indica Dominant_Menu item' is clicked on

2019-07-03 22:17:25 - [MESSAGE][PASSED] - Object: 'Object Repository/OCS-DESKTOP/Age gate and Mega menu/Indica Dominant_Menu item' is clicked on

2019-07-03 22:17:25 - [TEST_STEP][PASSED] - executeJavaScript("var previewBar = document.getElementById("preview-bar-iframe"); previewBar.style.display = "none";", []): Execute JavaScript 'var previewBar = document.getElementById("preview-bar-iframe"); previewBar.style.display = "none";' successfully

2019-07-03 22:17:25 - [MESSAGE][PASSED] - Execute JavaScript 'var previewBar = document.getElementById("preview-bar-iframe"); previewBar.style.display = "none";' successfully

2019-07-03 22:17:25 - [TEST_STEP][PASSED] - delay(2): Delayed 2 second(s)

2019-07-03 22:17:27 - [MESSAGE][PASSED] - Delayed 2 second(s)

2019-07-03 22:17:27 - [TEST_STEP][PASSED] - click(findTestObject("FRENCH/Product image - 1st one")): Object: 'Object Repository/FRENCH/Product image - 1st one' is clicked on

2019-07-03 22:17:30 - [MESSAGE][PASSED] - Object: 'Object Repository/FRENCH/Product image - 1st one' is clicked on

2019-07-03 22:17:30 - [TEST_STEP][PASSED] - executeJavaScript("var previewBar = document.getElementById("preview-bar-iframe"); previewBar.style.display = "none";", []): Execute JavaScript 'var previewBar = document.getElementById("preview-bar-iframe"); previewBar.style.display = "none";' successfully

2019-07-03 22:17:31 - [MESSAGE][PASSED] - Execute JavaScript 'var previewBar = document.getElementById("preview-bar-iframe"); previewBar.style.display = "none";' successfully

2019-07-03 22:17:31 - [TEST_STEP][PASSED] - delay(1): Delayed 1 second(s)

2019-07-03 22:17:32 - [MESSAGE][PASSED] - Delayed 1 second(s)

2019-07-03 22:17:32 - [TEST_STEP][PASSED] - delay(3): Delayed 3 second(s)

2019-07-03 22:17:35 - [MESSAGE][PASSED] - Delayed 3 second(s)

2019-07-03 22:17:35 - [TEST_STEP][PASSED] - click(findTestObject("OCS-DESKTOP/Product page/Swatch_1g")): Object: 'Object Repository/OCS-DESKTOP/Product page/Swatch_1g' is clicked on

2019-07-03 22:17:35 - [MESSAGE][PASSED] - Object: 'Object Repository/OCS-DESKTOP/Product page/Swatch_1g' is clicked on

2019-07-03 22:17:35 - [TEST_STEP][PASSED] - delay(2): Delayed 2 second(s)

2019-07-03 22:17:37 - [MESSAGE][PASSED] - Delayed 2 second(s)

2019-07-03 22:17:37 - [TEST_STEP][PASSED] - click(findTestObject("OCS-DESKTOP/Product page/Add to Bag-button")): Object: 'Object Repository/OCS-DESKTOP/Product page/Add to Bag-button' is clicked on

2019-07-03 22:17:37 - [MESSAGE][PASSED] - Object: 'Object Repository/OCS-DESKTOP/Product page/Add to Bag-button' is clicked on

2019-07-03 22:17:37 - [TEST_STEP][PASSED] - delay(1): Delayed 1 second(s)

2019-07-03 22:17:38 - [MESSAGE][PASSED] - Delayed 1 second(s)

2019-07-03 22:17:38 - [TEST_STEP][NOT_RUN] - click(findTestObject("OCS-DESKTOP/Cart flyout/Back icon"), CONTINUE_ON_FAILURE): NOT_RUN: click(findTestObject("OCS-DESKTOP/Cart flyout/Back icon"), CONTINUE_ON_FAILURE)

2019-07-03 22:17:38 - [MESSAGE][NOT_RUN] - NOT_RUN: click(findTestObject("OCS-DESKTOP/Cart flyout/Back icon"), CONTINUE_ON_FAILURE)

2019-07-03 22:17:38 - [TEST_STEP][PASSED] - delay(2): Delayed 2 second(s)

2019-07-03 22:17:40 - [MESSAGE][PASSED] - Delayed 2 second(s)

2019-07-03 22:17:40 - [TEST_STEP][NOT_RUN] - click(findTestObject("OCS-DESKTOP/Home - page/Cart icon -bag"), OPTIONAL): NOT_RUN: click(findTestObject("OCS-DESKTOP/Home - page/Cart icon -bag"), OPTIONAL)

2019-07-03 22:17:40 - [MESSAGE][NOT_RUN] - NOT_RUN: click(findTestObject("OCS-DESKTOP/Home - page/Cart icon -bag"), OPTIONAL)

2019-07-03 22:17:40 - [TEST_STEP][PASSED] - delay(2): Delayed 2 second(s)

2019-07-03 22:17:42 - [MESSAGE][PASSED] - Delayed 2 second(s)

2019-07-03 22:17:42 - [TEST_STEP][PASSED] - click(findTestObject("OCS-DESKTOP/Product page/Swatch_3.5g"), CONTINUE_ON_FAILURE): Object: 'Object Repository/OCS-DESKTOP/Product page/Swatch_3.5g' is clicked on

2019-07-03 22:17:42 - [MESSAGE][PASSED] - Object: 'Object Repository/OCS-DESKTOP/Product page/Swatch_3.5g' is clicked on

2019-07-03 22:17:42 - [TEST_STEP][PASSED] - delay(2): Delayed 2 second(s)

2019-07-03 22:17:44 - [MESSAGE][PASSED] - Delayed 2 second(s)

2019-07-03 22:17:44 - [TEST_STEP][PASSED] - click(findTestObject("OCS-DESKTOP/Product page/Add to Bag-button")): Object: 'Object Repository/OCS-DESKTOP/Product page/Add to Bag-button' is clicked on

2019-07-03 22:17:45 - [MESSAGE][PASSED] - Object: 'Object Repository/OCS-DESKTOP/Product page/Add to Bag-button' is clicked on

2019-07-03 22:17:45 - [TEST_STEP][PASSED] - delay(2): Delayed 2 second(s)

2019-07-03 22:17:47 - [MESSAGE][PASSED] - Delayed 2 second(s)

2019-07-03 22:17:47 - [TEST_STEP][PASSED] - click(findTestObject("OCS-DESKTOP/Home - page/Cart icon -bag"), OPTIONAL): Object: 'Object Repository/OCS-DESKTOP/Home - page/Cart icon -bag' is clicked on

2019-07-03 22:17:47 - [MESSAGE][PASSED] - Object: 'Object Repository/OCS-DESKTOP/Home - page/Cart icon -bag' is clicked on

2019-07-03 22:17:47 - [TEST_STEP][PASSED] - delay(2): Delayed 2 second(s)

2019-07-03 22:17:49 - [MESSAGE][PASSED] - Delayed 2 second(s)

2019-07-03 22:17:49 - [TEST_STEP][PASSED] - click(findTestObject("OCS-DESKTOP/Cart flyout/Checkbox_I confirm that")): Object: 'Object Repository/OCS-DESKTOP/Cart flyout/Checkbox_I confirm that' is clicked on

2019-07-03 22:17:49 - [MESSAGE][PASSED] - Object: 'Object Repository/OCS-DESKTOP/Cart flyout/Checkbox_I confirm that' is clicked on

2019-07-03 22:17:49 - [TEST_STEP][PASSED] - delay(2): Delayed 2 second(s)

2019-07-03 22:17:51 - [MESSAGE][PASSED] - Delayed 2 second(s)

2019-07-03 22:17:51 - [TEST_STEP][PASSED] - click(findTestObject("OCS-DESKTOP/Cart flyout/Checkbox_Accept the Terms Condition")): Object: 'Object Repository/OCS-DESKTOP/Cart flyout/Checkbox_Accept the Terms Condition' is clicked on

2019-07-03 22:17:51 - [MESSAGE][PASSED] - Object: 'Object Repository/OCS-DESKTOP/Cart flyout/Checkbox_Accept the Terms Condition' is clicked on

2019-07-03 22:17:51 - [TEST_STEP][PASSED] - delay(2): Delayed 2 second(s)

2019-07-03 22:17:53 - [MESSAGE][PASSED] - Delayed 2 second(s)

2019-07-03 22:17:53 - [TEST_STEP][PASSED] - click(findTestObject("OCS-DESKTOP/Cart flyout/Checkout - Button")): Object: 'Object Repository/OCS-DESKTOP/Cart flyout/Checkout - Button' is clicked on

2019-07-03 22:18:16 - [MESSAGE][PASSED] - Object: 'Object Repository/OCS-DESKTOP/Cart flyout/Checkout - Button' is clicked on

2019-07-03 22:18:16 - [TEST_STEP][PASSED] - delay(2): Delayed 2 second(s)

2019-07-03 22:18:18 - [MESSAGE][PASSED] - Delayed 2 second(s)

2019-07-03 22:18:18 - [TEST_STEP][PASSED] - click(findTestObject("OCS-DESKTOP/Customer info page/Cart - Breadcrumb link")): Object: 'Object Repository/OCS-DESKTOP/Customer info page/Cart - Breadcrumb link' is clicked on

2019-07-03 22:18:19 - [MESSAGE][PASSED] - Object: 'Object Repository/OCS-DESKTOP/Customer info page/Cart - Breadcrumb link' is clicked on

2019-07-03 22:18:19 - [TEST_STEP][PASSED] - delay(2): Delayed 2 second(s)

2019-07-03 22:18:21 - [MESSAGE][PASSED] - Delayed 2 second(s)

2019-07-03 22:18:21 - [TEST_STEP][PASSED] - a = getText(findTestObject("OCS-DESKTOP/Cart page/Unit price - 1st product")): Text of object 'Object Repository/OCS-DESKTOP/Cart page/Unit price - 1st product' is: '35,00 $'

2019-07-03 22:18:21 - [MESSAGE][PASSED] - Text of object 'Object Repository/OCS-DESKTOP/Cart page/Unit price - 1st product' is: '35,00 $'

2019-07-03 22:18:21 - [TEST_STEP][PASSED] - comment(a): 35,00 $

2019-07-03 22:18:21 - [MESSAGE][INFO] - 35,00 $

2019-07-03 22:18:21 - [TEST_STEP][PASSED] - a1 = a.substring(0, a.length() - 1): null

2019-07-03 22:18:21 - [TEST_STEP][PASSED] - comment("a1 = " + a1): a1 = 35,00 

2019-07-03 22:18:21 - [MESSAGE][INFO] - a1 = 35,00 

2019-07-03 22:18:21 - [TEST_STEP][PASSED] - x1 = a1.substring(0, a1.length() - 1): null

2019-07-03 22:18:21 - [TEST_STEP][PASSED] - comment("x1 = " + x1): x1 = 35,00

2019-07-03 22:18:21 - [MESSAGE][INFO] - x1 = 35,00

2019-07-03 22:18:21 - [TEST_STEP][PASSED] - x2 = x1.substring(0, x1.length() - 1): null

2019-07-03 22:18:21 - [TEST_STEP][PASSED] - comment("x2 = " + x2): x2 = 35,0

2019-07-03 22:18:21 - [MESSAGE][INFO] - x2 = 35,0

2019-07-03 22:18:21 - [TEST_STEP][PASSED] - x3 = x2.substring(0, x2.length() - 1): null

2019-07-03 22:18:21 - [TEST_STEP][PASSED] - comment("x3 = " + x3): x3 = 35,

2019-07-03 22:18:21 - [MESSAGE][INFO] - x3 = 35,

2019-07-03 22:18:21 - [TEST_STEP][PASSED] - x6 = x3.substring(0, x3.length() - 1): null

2019-07-03 22:18:21 - [TEST_STEP][PASSED] - comment("x6 = " + x6): x6 = 35

2019-07-03 22:18:21 - [MESSAGE][INFO] - x6 = 35

2019-07-03 22:18:21 - [TEST_STEP][PASSED] - delay(2): Delayed 2 second(s)

2019-07-03 22:18:23 - [MESSAGE][PASSED] - Delayed 2 second(s)

2019-07-03 22:18:23 - [TEST_STEP][PASSED] - b = getText(findTestObject("OCS-DESKTOP/Cart page/Unit price - 2nd product")): Text of object 'Object Repository/OCS-DESKTOP/Cart page/Unit price - 2nd product' is: '10,50 $'

2019-07-03 22:18:23 - [MESSAGE][PASSED] - Text of object 'Object Repository/OCS-DESKTOP/Cart page/Unit price - 2nd product' is: '10,50 $'

2019-07-03 22:18:23 - [TEST_STEP][PASSED] - comment(b): 10,50 $

2019-07-03 22:18:23 - [MESSAGE][INFO] - 10,50 $

2019-07-03 22:18:23 - [TEST_STEP][PASSED] - a2 = b.substring(0, b.length() - 1): null

2019-07-03 22:18:23 - [TEST_STEP][PASSED] - comment("a2 = " + a2): a2 = 10,50 

2019-07-03 22:18:23 - [MESSAGE][INFO] - a2 = 10,50 

2019-07-03 22:18:23 - [TEST_STEP][PASSED] - y1 = a2.substring(0, a2.length() - 1): null

2019-07-03 22:18:23 - [TEST_STEP][PASSED] - comment("y1 = " + y1): y1 = 10,50

2019-07-03 22:18:23 - [MESSAGE][INFO] - y1 = 10,50

2019-07-03 22:18:23 - [TEST_STEP][PASSED] - y2 = y1.substring(0, y1.length() - 1): null

2019-07-03 22:18:23 - [TEST_STEP][PASSED] - comment("y2 = " + y2): y2 = 10,5

2019-07-03 22:18:23 - [MESSAGE][INFO] - y2 = 10,5

2019-07-03 22:18:23 - [TEST_STEP][PASSED] - y3 = y2.substring(0, y2.length() - 1): null

2019-07-03 22:18:23 - [TEST_STEP][PASSED] - comment("y3 = " + y3): y3 = 10,

2019-07-03 22:18:23 - [MESSAGE][INFO] - y3 = 10,

2019-07-03 22:18:23 - [TEST_STEP][PASSED] - y4 = y3.substring(0, y3.length() - 1): null

2019-07-03 22:18:23 - [TEST_STEP][PASSED] - comment("y4 = " + y4): y4 = 10

2019-07-03 22:18:23 - [MESSAGE][INFO] - y4 = 10

2019-07-03 22:18:23 - [TEST_STEP][PASSED] - c = getText(findTestObject("OCS-DESKTOP/Cart page/Sub-total")): Text of object 'Object Repository/OCS-DESKTOP/Cart page/Sub-total' is: '45,50 $'

2019-07-03 22:18:23 - [MESSAGE][PASSED] - Text of object 'Object Repository/OCS-DESKTOP/Cart page/Sub-total' is: '45,50 $'

2019-07-03 22:18:23 - [TEST_STEP][PASSED] - comment(c): 45,50 $

2019-07-03 22:18:23 - [MESSAGE][INFO] - 45,50 $

2019-07-03 22:18:23 - [TEST_STEP][PASSED] - a3 = c.substring(0, c.length() - 1): null

2019-07-03 22:18:23 - [TEST_STEP][PASSED] - comment("a3 = " + a3): a3 = 45,50 

2019-07-03 22:18:23 - [MESSAGE][INFO] - a3 = 45,50 

2019-07-03 22:18:23 - [TEST_STEP][PASSED] - z1 = a3.substring(0, a3.length() - 1): null

2019-07-03 22:18:23 - [TEST_STEP][PASSED] - comment("z1 = " + z1): z1 = 45,50

2019-07-03 22:18:23 - [MESSAGE][INFO] - z1 = 45,50

2019-07-03 22:18:23 - [TEST_STEP][PASSED] - z2 = z1.substring(0, z1.length() - 1): null

2019-07-03 22:18:23 - [TEST_STEP][PASSED] - comment("z2 = " + z2): z2 = 45,5

2019-07-03 22:18:23 - [MESSAGE][INFO] - z2 = 45,5

2019-07-03 22:18:23 - [TEST_STEP][PASSED] - z3 = z2.substring(0, z2.length() - 1): null

2019-07-03 22:18:23 - [TEST_STEP][PASSED] - comment("z3 = " + z3): z3 = 45,

2019-07-03 22:18:23 - [MESSAGE][INFO] - z3 = 45,

2019-07-03 22:18:23 - [TEST_STEP][PASSED] - z4 = z3.substring(0, z3.length() - 1): null

2019-07-03 22:18:23 - [TEST_STEP][PASSED] - comment("z4 = " + z4): z4 = 45

2019-07-03 22:18:23 - [MESSAGE][INFO] - z4 = 45

2019-07-03 22:18:23 - [TEST_STEP][PASSED] - p2 = <not implemented yet for class: org.codehaus.groovy.ast.expr.EmptyExpression>: null

2019-07-03 22:18:23 - [TEST_STEP][PASSED] - p3 = <not implemented yet for class: org.codehaus.groovy.ast.expr.EmptyExpression>: null

2019-07-03 22:18:23 - [TEST_STEP][PASSED] - try: p2=35.0

2019-07-03 22:18:23 - [TEST_STEP][PASSED] - x4 = x6: null

2019-07-03 22:18:23 - [TEST_STEP][PASSED] - comment("x4=" + x4): x4=35

2019-07-03 22:18:23 - [MESSAGE][INFO] - x4=35

2019-07-03 22:18:23 - [TEST_STEP][PASSED] - p2 = Double.valueOf(x4): null

2019-07-03 22:18:23 - [TEST_STEP][PASSED] - comment("p2=" + p2): p2=35.0

2019-07-03 22:18:23 - [MESSAGE][INFO] - p2=35.0

2019-07-03 22:18:23 - [TEST_STEP][PASSED] - try: p3=10.0

2019-07-03 22:18:23 - [TEST_STEP][PASSED] - x5 = y4: null

2019-07-03 22:18:23 - [TEST_STEP][PASSED] - comment("x5=" + x5): x5=10

2019-07-03 22:18:23 - [MESSAGE][INFO] - x5=10

2019-07-03 22:18:23 - [TEST_STEP][PASSED] - p3 = Double.valueOf(x5): null

2019-07-03 22:18:23 - [TEST_STEP][PASSED] - comment("p3=" + p3): p3=10.0

2019-07-03 22:18:23 - [MESSAGE][INFO] - p3=10.0

2019-07-03 22:18:23 - [TEST_STEP][PASSED] - comment("p2=" + p2): p2=35.0

2019-07-03 22:18:23 - [MESSAGE][INFO] - p2=35.0

2019-07-03 22:18:23 - [TEST_STEP][PASSED] - comment("p3=" + p3): p3=10.0

2019-07-03 22:18:23 - [MESSAGE][INFO] - p3=10.0

2019-07-03 22:18:23 - [TEST_STEP][PASSED] - total = p2 + p3: null

2019-07-03 22:18:23 - [TEST_STEP][PASSED] - comment("total=" + total): total=45.0

2019-07-03 22:18:23 - [MESSAGE][INFO] - total=45.0

2019-07-03 22:18:23 - [TEST_STEP][PASSED] - verifyEqual(total, z4): Actual object '45' and expected object '45' are equal

2019-07-03 22:18:23 - [MESSAGE][PASSED] - Actual object '45' and expected object '45' are equal

2019-07-03 22:18:23 - [TEST_STEP][PASSED] - click(findTestObject("FRENCH/Remove icon - 1st Product")): Object: 'Object Repository/FRENCH/Remove icon - 1st Product' is clicked on

2019-07-03 22:18:35 - [MESSAGE][PASSED] - Object: 'Object Repository/FRENCH/Remove icon - 1st Product' is clicked on

2019-07-03 22:18:35 - [TEST_STEP][PASSED] - delay(2): Delayed 2 second(s)

2019-07-03 22:18:37 - [MESSAGE][PASSED] - Delayed 2 second(s)

2019-07-03 22:18:37 - [TEST_STEP][PASSED] - c23 = getText(findTestObject("OCS-DESKTOP/Cart page/Sub-total")): Text of object 'Object Repository/OCS-DESKTOP/Cart page/Sub-total' is: '35,00 $'

2019-07-03 22:18:37 - [MESSAGE][PASSED] - Text of object 'Object Repository/OCS-DESKTOP/Cart page/Sub-total' is: '35,00 $'

2019-07-03 22:18:37 - [TEST_STEP][PASSED] - comment(c23): 35,00 $

2019-07-03 22:18:37 - [MESSAGE][INFO] - 35,00 $

2019-07-03 22:18:37 - [TEST_STEP][PASSED] - a4 = c23.substring(0, c23.length() - 1): null

2019-07-03 22:18:37 - [TEST_STEP][PASSED] - comment("a4= " + a4): a4= 35,00 

2019-07-03 22:18:37 - [MESSAGE][INFO] - a4= 35,00 

2019-07-03 22:18:37 - [TEST_STEP][PASSED] - v1 = a4.substring(0, a4.length() - 1): null

2019-07-03 22:18:37 - [TEST_STEP][PASSED] - comment("v1= " + v1): v1= 35,00

2019-07-03 22:18:37 - [MESSAGE][INFO] - v1= 35,00

2019-07-03 22:18:37 - [TEST_STEP][PASSED] - v2 = v1.substring(0, v1.length() - 1): null

2019-07-03 22:18:37 - [TEST_STEP][PASSED] - comment("v2= " + v2): v2= 35,0

2019-07-03 22:18:37 - [MESSAGE][INFO] - v2= 35,0

2019-07-03 22:18:37 - [TEST_STEP][PASSED] - v3 = v2.substring(0, v2.length() - 1): null

2019-07-03 22:18:37 - [TEST_STEP][PASSED] - comment("v3= " + v3): v3= 35,

2019-07-03 22:18:37 - [MESSAGE][INFO] - v3= 35,

2019-07-03 22:18:37 - [TEST_STEP][PASSED] - v7 = v3.substring(0, v3.length() - 1): null

2019-07-03 22:18:37 - [TEST_STEP][PASSED] - comment("v7= " + v7): v7= 35

2019-07-03 22:18:37 - [MESSAGE][INFO] - v7= 35

2019-07-03 22:18:37 - [TEST_STEP][PASSED] - b25 = getText(findTestObject("OCS-DESKTOP/Cart page/Unit price - 1st product")): Text of object 'Object Repository/OCS-DESKTOP/Cart page/Unit price - 1st product' is: '35,00 $'

2019-07-03 22:18:37 - [MESSAGE][PASSED] - Text of object 'Object Repository/OCS-DESKTOP/Cart page/Unit price - 1st product' is: '35,00 $'

2019-07-03 22:18:37 - [TEST_STEP][PASSED] - comment(b25): 35,00 $

2019-07-03 22:18:37 - [MESSAGE][INFO] - 35,00 $

2019-07-03 22:18:37 - [TEST_STEP][PASSED] - a25 = b25.substring(0, b25.length() - 1): null

2019-07-03 22:18:37 - [TEST_STEP][PASSED] - comment("a25 = " + a25): a25 = 35,00 

2019-07-03 22:18:37 - [MESSAGE][INFO] - a25 = 35,00 

2019-07-03 22:18:37 - [TEST_STEP][PASSED] - v4 = a25.substring(0, a25.length() - 1): null

2019-07-03 22:18:37 - [TEST_STEP][PASSED] - comment("v4= " + v4): v4= 35,00

2019-07-03 22:18:37 - [MESSAGE][INFO] - v4= 35,00

2019-07-03 22:18:37 - [TEST_STEP][PASSED] - v5 = v4.substring(0, v4.length() - 1): null

2019-07-03 22:18:37 - [TEST_STEP][PASSED] - comment("v5= " + v5): v5= 35,0

2019-07-03 22:18:37 - [MESSAGE][INFO] - v5= 35,0

2019-07-03 22:18:37 - [TEST_STEP][PASSED] - v6 = v5.substring(0, v5.length() - 1): null

2019-07-03 22:18:37 - [TEST_STEP][PASSED] - comment("v6= " + v6): v6= 35,

2019-07-03 22:18:37 - [MESSAGE][INFO] - v6= 35,

2019-07-03 22:18:37 - [TEST_STEP][PASSED] - v8 = v6.substring(0, v6.length() - 1): null

2019-07-03 22:18:37 - [TEST_STEP][PASSED] - comment("v8= " + v8): v8= 35

2019-07-03 22:18:37 - [MESSAGE][INFO] - v8= 35

2019-07-03 22:18:37 - [TEST_STEP][PASSED] - verifyEqual(v7, v8): Actual object '35' and expected object '35' are equal

2019-07-03 22:18:37 - [MESSAGE][PASSED] - Actual object '35' and expected object '35' are equal

2019-07-03 22:18:37 - [TEST_STEP][PASSED] - callTestCase(findTestCase("OCS - DESKTOP/CALL - CART PAGE - SHIPPING TO PAYMENT"), [:], STOP_ON_FAILURE): Call Test Case 'Test Cases/OCS - DESKTOP/CALL - CART PAGE - SHIPPING TO PAYMENT' successfully

2019-07-03 22:18:37 - [TEST_CASE][PASSED] - Test Cases/OCS - DESKTOP/CALL - CART PAGE - SHIPPING TO PAYMENT: Test Cases/OCS - DESKTOP/CALL - CART PAGE - SHIPPING TO PAYMENT

2019-07-03 22:18:37 - [TEST_STEP][PASSED] - delay(2): Delayed 2 second(s)

2019-07-03 22:18:40 - [MESSAGE][PASSED] - Delayed 2 second(s)

2019-07-03 22:18:40 - [TEST_STEP][PASSED] - click(findTestObject("OCS-DESKTOP/Cart page/cart page-Checkbox_I confirm that")): Object: 'Object Repository/OCS-DESKTOP/Cart page/cart page-Checkbox_I confirm that' is clicked on

2019-07-03 22:18:40 - [MESSAGE][PASSED] - Object: 'Object Repository/OCS-DESKTOP/Cart page/cart page-Checkbox_I confirm that' is clicked on

2019-07-03 22:18:40 - [TEST_STEP][PASSED] - delay(2): Delayed 2 second(s)

2019-07-03 22:18:42 - [MESSAGE][PASSED] - Delayed 2 second(s)

2019-07-03 22:18:42 - [TEST_STEP][PASSED] - click(findTestObject("OCS-DESKTOP/Cart page/cart page - Checkbox_Accept the Terms Condition")): Object: 'Object Repository/OCS-DESKTOP/Cart page/cart page - Checkbox_Accept the Terms Condition' is clicked on

2019-07-03 22:18:42 - [MESSAGE][PASSED] - Object: 'Object Repository/OCS-DESKTOP/Cart page/cart page - Checkbox_Accept the Terms Condition' is clicked on

2019-07-03 22:18:42 - [TEST_STEP][PASSED] - delay(1): Delayed 1 second(s)

2019-07-03 22:18:43 - [MESSAGE][PASSED] - Delayed 1 second(s)

2019-07-03 22:18:43 - [TEST_STEP][PASSED] - click(findTestObject("FRENCH/Cart page -checkout button")): Object: 'Object Repository/FRENCH/Cart page -checkout button' is clicked on

2019-07-03 22:18:55 - [MESSAGE][PASSED] - Object: 'Object Repository/FRENCH/Cart page -checkout button' is clicked on

2019-07-03 22:18:55 - [TEST_STEP][PASSED] - executeJavaScript("var previewBar = document.getElementById("preview-bar-iframe"); previewBar.style.display = "none";", []): Execute JavaScript 'var previewBar = document.getElementById("preview-bar-iframe"); previewBar.style.display = "none";' successfully

2019-07-03 22:18:56 - [MESSAGE][PASSED] - Execute JavaScript 'var previewBar = document.getElementById("preview-bar-iframe"); previewBar.style.display = "none";' successfully

2019-07-03 22:18:56 - [TEST_STEP][PASSED] - delay(2): Delayed 2 second(s)

2019-07-03 22:18:58 - [MESSAGE][PASSED] - Delayed 2 second(s)

2019-07-03 22:18:58 - [TEST_STEP][PASSED] - setText(findTestObject("Object Repository/Page_Ontario Cannabis Store - Infor/input_Adresse e-mail_checkoute"), "suman@gmail.com"): Text 'suman@gmail.com' is set on object 'Object Repository/Page_Ontario Cannabis Store - Infor/input_Adresse e-mail_checkoute'

2019-07-03 22:18:58 - [MESSAGE][PASSED] - Text 'suman@gmail.com' is set on object 'Object Repository/Page_Ontario Cannabis Store - Infor/input_Adresse e-mail_checkoute'

2019-07-03 22:18:58 - [TEST_STEP][PASSED] - setText(findTestObject("Object Repository/Page_Ontario Cannabis Store - Infor/input_Prnom_checkoutshipping_a"), "suman"): Text 'suman' is set on object 'Object Repository/Page_Ontario Cannabis Store - Infor/input_Prnom_checkoutshipping_a'

2019-07-03 22:18:58 - [MESSAGE][PASSED] - Text 'suman' is set on object 'Object Repository/Page_Ontario Cannabis Store - Infor/input_Prnom_checkoutshipping_a'

2019-07-03 22:18:58 - [TEST_STEP][PASSED] - setText(findTestObject("Object Repository/Page_Ontario Cannabis Store - Infor/input_Nom_checkoutshipping_add"), "kompelly"): Text 'kompelly' is set on object 'Object Repository/Page_Ontario Cannabis Store - Infor/input_Nom_checkoutshipping_add'

2019-07-03 22:18:58 - [MESSAGE][PASSED] - Text 'kompelly' is set on object 'Object Repository/Page_Ontario Cannabis Store - Infor/input_Nom_checkoutshipping_add'

2019-07-03 22:18:58 - [TEST_STEP][PASSED] - setText(findTestObject("Object Repository/Page_Ontario Cannabis Store - Infor/input_Adresse_checkoutshipping"), "123 test"): Text '123 test' is set on object 'Object Repository/Page_Ontario Cannabis Store - Infor/input_Adresse_checkoutshipping'

2019-07-03 22:18:58 - [MESSAGE][PASSED] - Text '123 test' is set on object 'Object Repository/Page_Ontario Cannabis Store - Infor/input_Adresse_checkoutshipping'

2019-07-03 22:18:58 - [TEST_STEP][PASSED] - setText(findTestObject("Object Repository/Page_Ontario Cannabis Store - Infor/input_Appartement suite etc. ("), "123"): Text '123' is set on object 'Object Repository/Page_Ontario Cannabis Store - Infor/input_Appartement suite etc. ('

2019-07-03 22:18:58 - [MESSAGE][PASSED] - Text '123' is set on object 'Object Repository/Page_Ontario Cannabis Store - Infor/input_Appartement suite etc. ('

2019-07-03 22:18:58 - [TEST_STEP][PASSED] - setText(findTestObject("Object Repository/Page_Ontario Cannabis Store - Infor/input_Ville_checkoutshipping_a"), "montreal"): Text 'montreal' is set on object 'Object Repository/Page_Ontario Cannabis Store - Infor/input_Ville_checkoutshipping_a'

2019-07-03 22:18:58 - [MESSAGE][PASSED] - Text 'montreal' is set on object 'Object Repository/Page_Ontario Cannabis Store - Infor/input_Ville_checkoutshipping_a'

2019-07-03 22:18:58 - [TEST_STEP][PASSED] - setText(findTestObject("Object Repository/Page_Ontario Cannabis Store - Infor/input_Code postal_checkoutship"), "n0r1k0"): Text 'n0r1k0' is set on object 'Object Repository/Page_Ontario Cannabis Store - Infor/input_Code postal_checkoutship'

2019-07-03 22:18:58 - [MESSAGE][PASSED] - Text 'n0r1k0' is set on object 'Object Repository/Page_Ontario Cannabis Store - Infor/input_Code postal_checkoutship'

2019-07-03 22:18:58 - [TEST_STEP][PASSED] - setText(findTestObject("Object Repository/Page_Ontario Cannabis Store - Infor/input_Tlphone_checkoutshipping"), "514-449-3883"): Text '514-449-3883' is set on object 'Object Repository/Page_Ontario Cannabis Store - Infor/input_Tlphone_checkoutshipping'

2019-07-03 22:18:58 - [MESSAGE][PASSED] - Text '514-449-3883' is set on object 'Object Repository/Page_Ontario Cannabis Store - Infor/input_Tlphone_checkoutshipping'

2019-07-03 22:18:58 - [TEST_STEP][PASSED] - delay(2): Delayed 2 second(s)

2019-07-03 22:19:00 - [MESSAGE][PASSED] - Delayed 2 second(s)

2019-07-03 22:19:00 - [TEST_STEP][PASSED] - click(findTestObject("Object Repository/Page_Ontario Cannabis Store - Infor/button_Continuer vers le mode")): Object: 'Object Repository/Page_Ontario Cannabis Store - Infor/button_Continuer vers le mode' is clicked on

2019-07-03 22:19:22 - [MESSAGE][PASSED] - Object: 'Object Repository/Page_Ontario Cannabis Store - Infor/button_Continuer vers le mode' is clicked on

2019-07-03 22:19:22 - [TEST_STEP][PASSED] - delay(4): Delayed 4 second(s)

2019-07-03 22:19:26 - [MESSAGE][PASSED] - Delayed 4 second(s)

2019-07-03 22:19:26 - [TEST_STEP][PASSED] - executeJavaScript("var previewBar = document.getElementById("preview-bar-iframe"); previewBar.style.display = "none";", []): Execute JavaScript 'var previewBar = document.getElementById("preview-bar-iframe"); previewBar.style.display = "none";' successfully

2019-07-03 22:19:26 - [MESSAGE][PASSED] - Execute JavaScript 'var previewBar = document.getElementById("preview-bar-iframe"); previewBar.style.display = "none";' successfully

2019-07-03 22:19:26 - [TEST_STEP][PASSED] - delay(2): Delayed 2 second(s)

2019-07-03 22:19:28 - [MESSAGE][PASSED] - Delayed 2 second(s)

2019-07-03 22:19:28 - [TEST_STEP][PASSED] - click(findTestObject("Object Repository/Page_Ontario Cannabis Store - Livra/button_Continuer vers le moyen")): Object: 'Object Repository/Page_Ontario Cannabis Store - Livra/button_Continuer vers le moyen' is clicked on

2019-07-03 22:19:29 - [MESSAGE][PASSED] - Object: 'Object Repository/Page_Ontario Cannabis Store - Livra/button_Continuer vers le moyen' is clicked on

2019-07-03 22:19:29 - [MESSAGE][PASSED] - Call Test Case 'Test Cases/OCS - DESKTOP/CALL - CART PAGE - SHIPPING TO PAYMENT' successfully]]></system-out>
         <system-err><![CDATA[]]></system-err>
      </testcase>
      <testcase name="Test Cases/OCS - DESKTOP/OCS- CRITICAL PATH - FRENCH/Cart flyout - tooltips -fr" classname="Test Cases/OCS - DESKTOP/OCS- CRITICAL PATH - FRENCH/Cart flyout - tooltips -fr" status="PASSED">
         <system-out><![CDATA[2019-07-03 22:19:29 - [TEST_CASE][PASSED] - Test Cases/OCS - DESKTOP/OCS- CRITICAL PATH - FRENCH/Cart flyout - tooltips -fr: Test Cases/OCS - DESKTOP/OCS- CRITICAL PATH - FRENCH/Cart flyout - tooltips -fr

2019-07-03 22:19:30 - [TEST_STEP][PASSED] - callTestCase(findTestCase("OCS - DESKTOP/CALL- Age gate"), [:], STOP_ON_FAILURE): Call Test Case 'Test Cases/OCS - DESKTOP/CALL- Age gate' successfully

2019-07-03 22:19:30 - [TEST_CASE][PASSED] - Test Cases/OCS - DESKTOP/CALL- Age gate: Test Cases/OCS - DESKTOP/CALL- Age gate

2019-07-03 22:19:30 - [TEST_STEP][PASSED] - openBrowser(""): Browser is opened with url: ''

2019-07-03 22:19:30 - [MESSAGE][WARNING] - A browser is already opened. Closing browser and opening a new one

2019-07-03 22:19:50 - [MESSAGE][INFO] - Starting 'Firefox' driver

2019-07-03 22:19:53 - [MESSAGE][PASSED] - Browser is opened with url: ''

2019-07-03 22:19:53 - [TEST_STEP][PASSED] - navigateToUrl("https://ocs.ca/?fts=0&preview_theme_id=74203891532"): Navigate to 'https://ocs.ca/?fts=0&preview_theme_id=74203891532' successfully

2019-07-03 22:19:59 - [MESSAGE][PASSED] - Navigate to 'https://ocs.ca/?fts=0&preview_theme_id=74203891532' successfully

2019-07-03 22:19:59 - [TEST_STEP][PASSED] - maximizeWindow(): Current window maximized

2019-07-03 22:20:00 - [MESSAGE][PASSED] - Current window maximized

2019-07-03 22:20:00 - [TEST_STEP][PASSED] - delay(2): Delayed 2 second(s)

2019-07-03 22:20:02 - [MESSAGE][PASSED] - Delayed 2 second(s)

2019-07-03 22:20:02 - [TEST_STEP][PASSED] - executeJavaScript("var previewBar = document.getElementById("preview-bar-iframe"); previewBar.style.display = "none";", []): Execute JavaScript 'var previewBar = document.getElementById("preview-bar-iframe"); previewBar.style.display = "none";' successfully

2019-07-03 22:20:02 - [MESSAGE][PASSED] - Execute JavaScript 'var previewBar = document.getElementById("preview-bar-iframe"); previewBar.style.display = "none";' successfully

2019-07-03 22:20:02 - [TEST_STEP][PASSED] - selectOptionByValue(findTestObject("OCS-DESKTOP/Age gate and Mega menu/Date"), "12", true): All options with value '12' are selected in object 'Object Repository/OCS-DESKTOP/Age gate and Mega menu/Date'  using regular expression

2019-07-03 22:20:02 - [MESSAGE][PASSED] - All options with value '12' are selected in object 'Object Repository/OCS-DESKTOP/Age gate and Mega menu/Date'  using regular expression

2019-07-03 22:20:02 - [TEST_STEP][PASSED] - selectOptionByValue(findTestObject("OCS-DESKTOP/Age gate and Mega menu/month"), "6", true): All options with value '6' are selected in object 'Object Repository/OCS-DESKTOP/Age gate and Mega menu/month'  using regular expression

2019-07-03 22:20:03 - [MESSAGE][PASSED] - All options with value '6' are selected in object 'Object Repository/OCS-DESKTOP/Age gate and Mega menu/month'  using regular expression

2019-07-03 22:20:03 - [TEST_STEP][PASSED] - delay(2): Delayed 2 second(s)

2019-07-03 22:20:05 - [MESSAGE][PASSED] - Delayed 2 second(s)

2019-07-03 22:20:05 - [TEST_STEP][PASSED] - selectOptionByValue(findTestObject("OCS-DESKTOP/Age gate and Mega menu/Year Dropdown"), "1990", true): All options with value '1990' are selected in object 'Object Repository/OCS-DESKTOP/Age gate and Mega menu/Year Dropdown'  using regular expression

2019-07-03 22:20:06 - [MESSAGE][PASSED] - All options with value '1990' are selected in object 'Object Repository/OCS-DESKTOP/Age gate and Mega menu/Year Dropdown'  using regular expression

2019-07-03 22:20:06 - [TEST_STEP][PASSED] - click(findTestObject("OCS-DESKTOP/Age gate and Mega menu/button_Verify")): Object: 'Object Repository/OCS-DESKTOP/Age gate and Mega menu/button_Verify' is clicked on

2019-07-03 22:20:07 - [MESSAGE][PASSED] - Object: 'Object Repository/OCS-DESKTOP/Age gate and Mega menu/button_Verify' is clicked on

2019-07-03 22:20:07 - [TEST_STEP][PASSED] - click(findTestObject("OCS-DESKTOP/Age gate and Mega menu/Checkbox_CONFIRM AND ACKNOWLEDGE")): Object: 'Object Repository/OCS-DESKTOP/Age gate and Mega menu/Checkbox_CONFIRM AND ACKNOWLEDGE' is clicked on

2019-07-03 22:20:07 - [MESSAGE][PASSED] - Object: 'Object Repository/OCS-DESKTOP/Age gate and Mega menu/Checkbox_CONFIRM AND ACKNOWLEDGE' is clicked on

2019-07-03 22:20:07 - [TEST_STEP][PASSED] - click(findTestObject("OCS-DESKTOP/Age gate and Mega menu/button_CONFIRM")): Object: 'Object Repository/OCS-DESKTOP/Age gate and Mega menu/button_CONFIRM' is clicked on

2019-07-03 22:20:07 - [MESSAGE][PASSED] - Object: 'Object Repository/OCS-DESKTOP/Age gate and Mega menu/button_CONFIRM' is clicked on

2019-07-03 22:20:07 - [TEST_STEP][PASSED] - click(findTestObject("OCS-DESKTOP/Age gate and Mega menu/button_Start Browsing")): Object: 'Object Repository/OCS-DESKTOP/Age gate and Mega menu/button_Start Browsing' is clicked on

2019-07-03 22:20:07 - [MESSAGE][PASSED] - Object: 'Object Repository/OCS-DESKTOP/Age gate and Mega menu/button_Start Browsing' is clicked on

2019-07-03 22:20:07 - [TEST_STEP][PASSED] - delay(2): Delayed 2 second(s)

2019-07-03 22:20:09 - [MESSAGE][PASSED] - Delayed 2 second(s)

2019-07-03 22:20:09 - [TEST_STEP][PASSED] - refresh(): Refresh successfully

2019-07-03 22:20:13 - [MESSAGE][PASSED] - Refresh successfully

2019-07-03 22:20:13 - [MESSAGE][PASSED] - Call Test Case 'Test Cases/OCS - DESKTOP/CALL- Age gate' successfully

2019-07-03 22:20:13 - [TEST_STEP][PASSED] - delay(2): Delayed 2 second(s)

2019-07-03 22:20:15 - [MESSAGE][PASSED] - Delayed 2 second(s)

2019-07-03 22:20:15 - [TEST_STEP][PASSED] - callTestCase(findTestCase("OCS - DESKTOP/CALL - TOGGLING LANGUAGE"), [:], STOP_ON_FAILURE): Call Test Case 'Test Cases/OCS - DESKTOP/CALL - TOGGLING LANGUAGE' successfully

2019-07-03 22:20:15 - [TEST_CASE][PASSED] - Test Cases/OCS - DESKTOP/CALL - TOGGLING LANGUAGE: Test Cases/OCS - DESKTOP/CALL - TOGGLING LANGUAGE

2019-07-03 22:20:15 - [TEST_STEP][PASSED] - delay(2): Delayed 2 second(s)

2019-07-03 22:20:17 - [MESSAGE][PASSED] - Delayed 2 second(s)

2019-07-03 22:20:17 - [TEST_STEP][PASSED] - click(findTestObject("OCS-DESKTOP/Cart flyout/English dropdown")): Object: 'Object Repository/OCS-DESKTOP/Cart flyout/English dropdown' is clicked on

2019-07-03 22:20:17 - [MESSAGE][PASSED] - Object: 'Object Repository/OCS-DESKTOP/Cart flyout/English dropdown' is clicked on

2019-07-03 22:20:17 - [TEST_STEP][PASSED] - delay(2): Delayed 2 second(s)

2019-07-03 22:20:19 - [MESSAGE][PASSED] - Delayed 2 second(s)

2019-07-03 22:20:19 - [TEST_STEP][PASSED] - click(findTestObject("OCS-DESKTOP/Cart flyout/Select French")): Object: 'Object Repository/OCS-DESKTOP/Cart flyout/Select French' is clicked on

2019-07-03 22:20:19 - [MESSAGE][PASSED] - Object: 'Object Repository/OCS-DESKTOP/Cart flyout/Select French' is clicked on

2019-07-03 22:20:19 - [TEST_STEP][PASSED] - delay(5): Delayed 5 second(s)

2019-07-03 22:20:24 - [MESSAGE][PASSED] - Delayed 5 second(s)

2019-07-03 22:20:24 - [TEST_STEP][PASSED] - e = getWindowTitle(): Current window's title is: 'Magasin de Cannabis de l'Ontario | Ontario Cannabis Store'

2019-07-03 22:20:24 - [MESSAGE][PASSED] - Current window's title is: 'Magasin de Cannabis de l'Ontario | Ontario Cannabis Store'

2019-07-03 22:20:24 - [MESSAGE][PASSED] - Call Test Case 'Test Cases/OCS - DESKTOP/CALL - TOGGLING LANGUAGE' successfully

2019-07-03 22:20:24 - [TEST_STEP][PASSED] - click(findTestObject("OCS-DESKTOP/Age gate and Mega menu/Header/CANNABIS menu - English")): Object: 'Object Repository/OCS-DESKTOP/Age gate and Mega menu/Header/CANNABIS menu - English' is clicked on

2019-07-03 22:20:25 - [MESSAGE][PASSED] - Object: 'Object Repository/OCS-DESKTOP/Age gate and Mega menu/Header/CANNABIS menu - English' is clicked on

2019-07-03 22:20:25 - [TEST_STEP][PASSED] - delay(2): Delayed 2 second(s)

2019-07-03 22:20:27 - [MESSAGE][PASSED] - Delayed 2 second(s)

2019-07-03 22:20:27 - [TEST_STEP][PASSED] - executeJavaScript("var previewBar = document.getElementById("preview-bar-iframe"); previewBar.style.display = "none";", []): Execute JavaScript 'var previewBar = document.getElementById("preview-bar-iframe"); previewBar.style.display = "none";' successfully

2019-07-03 22:20:27 - [MESSAGE][PASSED] - Execute JavaScript 'var previewBar = document.getElementById("preview-bar-iframe"); previewBar.style.display = "none";' successfully

2019-07-03 22:20:27 - [TEST_STEP][PASSED] - click(findTestObject("OCS-DESKTOP/Age gate and Mega menu/Indica Dominant_Menu item")): Object: 'Object Repository/OCS-DESKTOP/Age gate and Mega menu/Indica Dominant_Menu item' is clicked on

2019-07-03 22:20:33 - [MESSAGE][PASSED] - Object: 'Object Repository/OCS-DESKTOP/Age gate and Mega menu/Indica Dominant_Menu item' is clicked on

2019-07-03 22:20:33 - [TEST_STEP][PASSED] - executeJavaScript("var previewBar = document.getElementById("preview-bar-iframe"); previewBar.style.display = "none";", []): Execute JavaScript 'var previewBar = document.getElementById("preview-bar-iframe"); previewBar.style.display = "none";' successfully

2019-07-03 22:20:33 - [MESSAGE][PASSED] - Execute JavaScript 'var previewBar = document.getElementById("preview-bar-iframe"); previewBar.style.display = "none";' successfully

2019-07-03 22:20:33 - [TEST_STEP][PASSED] - delay(2): Delayed 2 second(s)

2019-07-03 22:20:35 - [MESSAGE][PASSED] - Delayed 2 second(s)

2019-07-03 22:20:35 - [TEST_STEP][PASSED] - click(findTestObject("FRENCH/Product image - 1st one")): Object: 'Object Repository/FRENCH/Product image - 1st one' is clicked on

2019-07-03 22:20:39 - [MESSAGE][PASSED] - Object: 'Object Repository/FRENCH/Product image - 1st one' is clicked on

2019-07-03 22:20:39 - [TEST_STEP][PASSED] - executeJavaScript("var previewBar = document.getElementById("preview-bar-iframe"); previewBar.style.display = "none";", []): Execute JavaScript 'var previewBar = document.getElementById("preview-bar-iframe"); previewBar.style.display = "none";' successfully

2019-07-03 22:20:39 - [MESSAGE][PASSED] - Execute JavaScript 'var previewBar = document.getElementById("preview-bar-iframe"); previewBar.style.display = "none";' successfully

2019-07-03 22:20:39 - [TEST_STEP][PASSED] - delay(1): Delayed 1 second(s)

2019-07-03 22:20:40 - [MESSAGE][PASSED] - Delayed 1 second(s)

2019-07-03 22:20:40 - [TEST_STEP][PASSED] - delay(3): Delayed 3 second(s)

2019-07-03 22:20:43 - [MESSAGE][PASSED] - Delayed 3 second(s)

2019-07-03 22:20:43 - [TEST_STEP][PASSED] - click(findTestObject("OCS-DESKTOP/Product page/Swatch_1g")): Object: 'Object Repository/OCS-DESKTOP/Product page/Swatch_1g' is clicked on

2019-07-03 22:20:43 - [MESSAGE][PASSED] - Object: 'Object Repository/OCS-DESKTOP/Product page/Swatch_1g' is clicked on

2019-07-03 22:20:43 - [TEST_STEP][PASSED] - delay(2): Delayed 2 second(s)

2019-07-03 22:20:45 - [MESSAGE][PASSED] - Delayed 2 second(s)

2019-07-03 22:20:45 - [TEST_STEP][PASSED] - click(findTestObject("OCS-DESKTOP/Product page/Add to Bag-button")): Object: 'Object Repository/OCS-DESKTOP/Product page/Add to Bag-button' is clicked on

2019-07-03 22:20:46 - [MESSAGE][PASSED] - Object: 'Object Repository/OCS-DESKTOP/Product page/Add to Bag-button' is clicked on

2019-07-03 22:20:46 - [TEST_STEP][PASSED] - delay(1): Delayed 1 second(s)

2019-07-03 22:20:47 - [MESSAGE][PASSED] - Delayed 1 second(s)

2019-07-03 22:20:47 - [TEST_STEP][PASSED] - click(findTestObject("OCS-DESKTOP/Home - page/Cart icon -bag"), OPTIONAL): Object: 'Object Repository/OCS-DESKTOP/Home - page/Cart icon -bag' is clicked on

2019-07-03 22:20:47 - [MESSAGE][PASSED] - Object: 'Object Repository/OCS-DESKTOP/Home - page/Cart icon -bag' is clicked on

2019-07-03 22:20:47 - [TEST_STEP][PASSED] - delay(1): Delayed 1 second(s)

2019-07-03 22:20:48 - [MESSAGE][PASSED] - Delayed 1 second(s)

2019-07-03 22:20:48 - [TEST_STEP][PASSED] - mouseOver(findTestObject("OCS-DESKTOP/Cart flyout/tool tip - TOP")): Object: 'Object Repository/OCS-DESKTOP/Cart flyout/tool tip - TOP' is hovered

2019-07-03 22:20:48 - [MESSAGE][PASSED] - Object: 'Object Repository/OCS-DESKTOP/Cart flyout/tool tip - TOP' is hovered

2019-07-03 22:20:48 - [TEST_STEP][PASSED] - delay(3): Delayed 3 second(s)

2019-07-03 22:20:51 - [MESSAGE][PASSED] - Delayed 3 second(s)

2019-07-03 22:20:51 - [TEST_STEP][PASSED] - delay(2): Delayed 2 second(s)

2019-07-03 22:20:53 - [MESSAGE][PASSED] - Delayed 2 second(s)

2019-07-03 22:20:53 - [TEST_STEP][PASSED] - mouseOver(findTestObject("OCS-DESKTOP/Cart flyout/tool tip -DOWN")): Object: 'Object Repository/OCS-DESKTOP/Cart flyout/tool tip -DOWN' is hovered

2019-07-03 22:20:53 - [MESSAGE][PASSED] - Object: 'Object Repository/OCS-DESKTOP/Cart flyout/tool tip -DOWN' is hovered]]></system-out>
         <system-err><![CDATA[]]></system-err>
      </testcase>
      <testcase name="Test Cases/OCS - DESKTOP/OCS- CRITICAL PATH - FRENCH/Checkout - Customer info page - fr" classname="Test Cases/OCS - DESKTOP/OCS- CRITICAL PATH - FRENCH/Checkout - Customer info page - fr" status="PASSED">
         <system-out><![CDATA[2019-07-03 22:20:53 - [TEST_CASE][PASSED] - Test Cases/OCS - DESKTOP/OCS- CRITICAL PATH - FRENCH/Checkout - Customer info page - fr: Test Cases/OCS - DESKTOP/OCS- CRITICAL PATH - FRENCH/Checkout - Customer info page - fr

2019-07-03 22:20:53 - [TEST_STEP][PASSED] - callTestCase(findTestCase("OCS - DESKTOP/CALL- Age gate"), [:], STOP_ON_FAILURE): Call Test Case 'Test Cases/OCS - DESKTOP/CALL- Age gate' successfully

2019-07-03 22:20:53 - [TEST_CASE][PASSED] - Test Cases/OCS - DESKTOP/CALL- Age gate: Test Cases/OCS - DESKTOP/CALL- Age gate

2019-07-03 22:20:53 - [TEST_STEP][PASSED] - openBrowser(""): Browser is opened with url: ''

2019-07-03 22:20:53 - [MESSAGE][WARNING] - A browser is already opened. Closing browser and opening a new one

2019-07-03 22:21:14 - [MESSAGE][INFO] - Starting 'Firefox' driver

2019-07-03 22:21:16 - [MESSAGE][PASSED] - Browser is opened with url: ''

2019-07-03 22:21:16 - [TEST_STEP][PASSED] - navigateToUrl("https://ocs.ca/?fts=0&preview_theme_id=74203891532"): Navigate to 'https://ocs.ca/?fts=0&preview_theme_id=74203891532' successfully

2019-07-03 22:21:22 - [MESSAGE][PASSED] - Navigate to 'https://ocs.ca/?fts=0&preview_theme_id=74203891532' successfully

2019-07-03 22:21:22 - [TEST_STEP][PASSED] - maximizeWindow(): Current window maximized

2019-07-03 22:21:22 - [MESSAGE][PASSED] - Current window maximized

2019-07-03 22:21:22 - [TEST_STEP][PASSED] - delay(2): Delayed 2 second(s)

2019-07-03 22:21:24 - [MESSAGE][PASSED] - Delayed 2 second(s)

2019-07-03 22:21:24 - [TEST_STEP][PASSED] - executeJavaScript("var previewBar = document.getElementById("preview-bar-iframe"); previewBar.style.display = "none";", []): Execute JavaScript 'var previewBar = document.getElementById("preview-bar-iframe"); previewBar.style.display = "none";' successfully

2019-07-03 22:21:24 - [MESSAGE][PASSED] - Execute JavaScript 'var previewBar = document.getElementById("preview-bar-iframe"); previewBar.style.display = "none";' successfully

2019-07-03 22:21:24 - [TEST_STEP][PASSED] - selectOptionByValue(findTestObject("OCS-DESKTOP/Age gate and Mega menu/Date"), "12", true): All options with value '12' are selected in object 'Object Repository/OCS-DESKTOP/Age gate and Mega menu/Date'  using regular expression

2019-07-03 22:21:25 - [MESSAGE][PASSED] - All options with value '12' are selected in object 'Object Repository/OCS-DESKTOP/Age gate and Mega menu/Date'  using regular expression

2019-07-03 22:21:25 - [TEST_STEP][PASSED] - selectOptionByValue(findTestObject("OCS-DESKTOP/Age gate and Mega menu/month"), "6", true): All options with value '6' are selected in object 'Object Repository/OCS-DESKTOP/Age gate and Mega menu/month'  using regular expression

2019-07-03 22:21:25 - [MESSAGE][PASSED] - All options with value '6' are selected in object 'Object Repository/OCS-DESKTOP/Age gate and Mega menu/month'  using regular expression

2019-07-03 22:21:25 - [TEST_STEP][PASSED] - delay(2): Delayed 2 second(s)

2019-07-03 22:21:27 - [MESSAGE][PASSED] - Delayed 2 second(s)

2019-07-03 22:21:27 - [TEST_STEP][PASSED] - selectOptionByValue(findTestObject("OCS-DESKTOP/Age gate and Mega menu/Year Dropdown"), "1990", true): All options with value '1990' are selected in object 'Object Repository/OCS-DESKTOP/Age gate and Mega menu/Year Dropdown'  using regular expression

2019-07-03 22:21:29 - [MESSAGE][PASSED] - All options with value '1990' are selected in object 'Object Repository/OCS-DESKTOP/Age gate and Mega menu/Year Dropdown'  using regular expression

2019-07-03 22:21:29 - [TEST_STEP][PASSED] - click(findTestObject("OCS-DESKTOP/Age gate and Mega menu/button_Verify")): Object: 'Object Repository/OCS-DESKTOP/Age gate and Mega menu/button_Verify' is clicked on

2019-07-03 22:21:29 - [MESSAGE][PASSED] - Object: 'Object Repository/OCS-DESKTOP/Age gate and Mega menu/button_Verify' is clicked on

2019-07-03 22:21:29 - [TEST_STEP][PASSED] - click(findTestObject("OCS-DESKTOP/Age gate and Mega menu/Checkbox_CONFIRM AND ACKNOWLEDGE")): Object: 'Object Repository/OCS-DESKTOP/Age gate and Mega menu/Checkbox_CONFIRM AND ACKNOWLEDGE' is clicked on

2019-07-03 22:21:29 - [MESSAGE][PASSED] - Object: 'Object Repository/OCS-DESKTOP/Age gate and Mega menu/Checkbox_CONFIRM AND ACKNOWLEDGE' is clicked on

2019-07-03 22:21:29 - [TEST_STEP][PASSED] - click(findTestObject("OCS-DESKTOP/Age gate and Mega menu/button_CONFIRM")): Object: 'Object Repository/OCS-DESKTOP/Age gate and Mega menu/button_CONFIRM' is clicked on

2019-07-03 22:21:30 - [MESSAGE][PASSED] - Object: 'Object Repository/OCS-DESKTOP/Age gate and Mega menu/button_CONFIRM' is clicked on

2019-07-03 22:21:30 - [TEST_STEP][PASSED] - click(findTestObject("OCS-DESKTOP/Age gate and Mega menu/button_Start Browsing")): Object: 'Object Repository/OCS-DESKTOP/Age gate and Mega menu/button_Start Browsing' is clicked on

2019-07-03 22:21:30 - [MESSAGE][PASSED] - Object: 'Object Repository/OCS-DESKTOP/Age gate and Mega menu/button_Start Browsing' is clicked on

2019-07-03 22:21:30 - [TEST_STEP][PASSED] - delay(2): Delayed 2 second(s)

2019-07-03 22:21:32 - [MESSAGE][PASSED] - Delayed 2 second(s)

2019-07-03 22:21:32 - [TEST_STEP][PASSED] - refresh(): Refresh successfully

2019-07-03 22:21:35 - [MESSAGE][PASSED] - Refresh successfully

2019-07-03 22:21:35 - [MESSAGE][PASSED] - Call Test Case 'Test Cases/OCS - DESKTOP/CALL- Age gate' successfully

2019-07-03 22:21:35 - [TEST_STEP][PASSED] - delay(2): Delayed 2 second(s)

2019-07-03 22:21:37 - [MESSAGE][PASSED] - Delayed 2 second(s)

2019-07-03 22:21:37 - [TEST_STEP][PASSED] - callTestCase(findTestCase("OCS - DESKTOP/CALL - TOGGLING LANGUAGE"), [:], STOP_ON_FAILURE): Call Test Case 'Test Cases/OCS - DESKTOP/CALL - TOGGLING LANGUAGE' successfully

2019-07-03 22:21:38 - [TEST_CASE][PASSED] - Test Cases/OCS - DESKTOP/CALL - TOGGLING LANGUAGE: Test Cases/OCS - DESKTOP/CALL - TOGGLING LANGUAGE

2019-07-03 22:21:38 - [TEST_STEP][PASSED] - delay(2): Delayed 2 second(s)

2019-07-03 22:21:40 - [MESSAGE][PASSED] - Delayed 2 second(s)

2019-07-03 22:21:40 - [TEST_STEP][PASSED] - click(findTestObject("OCS-DESKTOP/Cart flyout/English dropdown")): Object: 'Object Repository/OCS-DESKTOP/Cart flyout/English dropdown' is clicked on

2019-07-03 22:21:40 - [MESSAGE][PASSED] - Object: 'Object Repository/OCS-DESKTOP/Cart flyout/English dropdown' is clicked on

2019-07-03 22:21:40 - [TEST_STEP][PASSED] - delay(2): Delayed 2 second(s)

2019-07-03 22:21:42 - [MESSAGE][PASSED] - Delayed 2 second(s)

2019-07-03 22:21:42 - [TEST_STEP][PASSED] - click(findTestObject("OCS-DESKTOP/Cart flyout/Select French")): Object: 'Object Repository/OCS-DESKTOP/Cart flyout/Select French' is clicked on

2019-07-03 22:21:42 - [MESSAGE][PASSED] - Object: 'Object Repository/OCS-DESKTOP/Cart flyout/Select French' is clicked on

2019-07-03 22:21:42 - [TEST_STEP][PASSED] - delay(5): Delayed 5 second(s)

2019-07-03 22:21:47 - [MESSAGE][PASSED] - Delayed 5 second(s)

2019-07-03 22:21:47 - [TEST_STEP][PASSED] - e = getWindowTitle(): Current window's title is: 'Magasin de Cannabis de l'Ontario | Ontario Cannabis Store'

2019-07-03 22:21:47 - [MESSAGE][PASSED] - Current window's title is: 'Magasin de Cannabis de l'Ontario | Ontario Cannabis Store'

2019-07-03 22:21:47 - [MESSAGE][PASSED] - Call Test Case 'Test Cases/OCS - DESKTOP/CALL - TOGGLING LANGUAGE' successfully

2019-07-03 22:21:47 - [TEST_STEP][PASSED] - click(findTestObject("OCS-DESKTOP/Age gate and Mega menu/Header/CANNABIS menu - English")): Object: 'Object Repository/OCS-DESKTOP/Age gate and Mega menu/Header/CANNABIS menu - English' is clicked on

2019-07-03 22:21:47 - [MESSAGE][PASSED] - Object: 'Object Repository/OCS-DESKTOP/Age gate and Mega menu/Header/CANNABIS menu - English' is clicked on

2019-07-03 22:21:47 - [TEST_STEP][PASSED] - delay(2): Delayed 2 second(s)

2019-07-03 22:21:49 - [MESSAGE][PASSED] - Delayed 2 second(s)

2019-07-03 22:21:49 - [TEST_STEP][PASSED] - executeJavaScript("var previewBar = document.getElementById("preview-bar-iframe"); previewBar.style.display = "none";", []): Execute JavaScript 'var previewBar = document.getElementById("preview-bar-iframe"); previewBar.style.display = "none";' successfully

2019-07-03 22:21:49 - [MESSAGE][PASSED] - Execute JavaScript 'var previewBar = document.getElementById("preview-bar-iframe"); previewBar.style.display = "none";' successfully

2019-07-03 22:21:49 - [TEST_STEP][PASSED] - click(findTestObject("OCS-DESKTOP/Age gate and Mega menu/Indica Dominant_Menu item")): Object: 'Object Repository/OCS-DESKTOP/Age gate and Mega menu/Indica Dominant_Menu item' is clicked on

2019-07-03 22:21:51 - [MESSAGE][PASSED] - Object: 'Object Repository/OCS-DESKTOP/Age gate and Mega menu/Indica Dominant_Menu item' is clicked on

2019-07-03 22:21:51 - [TEST_STEP][PASSED] - executeJavaScript("var previewBar = document.getElementById("preview-bar-iframe"); previewBar.style.display = "none";", []): Execute JavaScript 'var previewBar = document.getElementById("preview-bar-iframe"); previewBar.style.display = "none";' successfully

2019-07-03 22:21:51 - [MESSAGE][PASSED] - Execute JavaScript 'var previewBar = document.getElementById("preview-bar-iframe"); previewBar.style.display = "none";' successfully

2019-07-03 22:21:51 - [TEST_STEP][PASSED] - delay(2): Delayed 2 second(s)

2019-07-03 22:21:53 - [MESSAGE][PASSED] - Delayed 2 second(s)

2019-07-03 22:21:53 - [TEST_STEP][PASSED] - click(findTestObject("FRENCH/Product image - 1st one")): Object: 'Object Repository/FRENCH/Product image - 1st one' is clicked on

2019-07-03 22:21:57 - [MESSAGE][PASSED] - Object: 'Object Repository/FRENCH/Product image - 1st one' is clicked on

2019-07-03 22:21:57 - [TEST_STEP][PASSED] - executeJavaScript("var previewBar = document.getElementById("preview-bar-iframe"); previewBar.style.display = "none";", []): Execute JavaScript 'var previewBar = document.getElementById("preview-bar-iframe"); previewBar.style.display = "none";' successfully

2019-07-03 22:21:57 - [MESSAGE][PASSED] - Execute JavaScript 'var previewBar = document.getElementById("preview-bar-iframe"); previewBar.style.display = "none";' successfully

2019-07-03 22:21:57 - [TEST_STEP][PASSED] - delay(1): Delayed 1 second(s)

2019-07-03 22:21:58 - [MESSAGE][PASSED] - Delayed 1 second(s)

2019-07-03 22:21:58 - [TEST_STEP][PASSED] - delay(3): Delayed 3 second(s)

2019-07-03 22:22:01 - [MESSAGE][PASSED] - Delayed 3 second(s)

2019-07-03 22:22:01 - [TEST_STEP][PASSED] - click(findTestObject("OCS-DESKTOP/Product page/Swatch_1g")): Object: 'Object Repository/OCS-DESKTOP/Product page/Swatch_1g' is clicked on

2019-07-03 22:22:01 - [MESSAGE][PASSED] - Object: 'Object Repository/OCS-DESKTOP/Product page/Swatch_1g' is clicked on

2019-07-03 22:22:01 - [TEST_STEP][PASSED] - delay(2): Delayed 2 second(s)

2019-07-03 22:22:03 - [MESSAGE][PASSED] - Delayed 2 second(s)

2019-07-03 22:22:03 - [TEST_STEP][PASSED] - delay(2): Delayed 2 second(s)

2019-07-03 22:22:05 - [MESSAGE][PASSED] - Delayed 2 second(s)

2019-07-03 22:22:05 - [TEST_STEP][PASSED] - click(findTestObject("OCS-DESKTOP/Product page/Add to Bag-button")): Object: 'Object Repository/OCS-DESKTOP/Product page/Add to Bag-button' is clicked on

2019-07-03 22:22:05 - [MESSAGE][PASSED] - Object: 'Object Repository/OCS-DESKTOP/Product page/Add to Bag-button' is clicked on

2019-07-03 22:22:05 - [TEST_STEP][PASSED] - delay(1): Delayed 1 second(s)

2019-07-03 22:22:06 - [MESSAGE][PASSED] - Delayed 1 second(s)

2019-07-03 22:22:06 - [TEST_STEP][PASSED] - click(findTestObject("OCS-DESKTOP/Home - page/Cart icon -bag")): Object: 'Object Repository/OCS-DESKTOP/Home - page/Cart icon -bag' is clicked on

2019-07-03 22:22:07 - [MESSAGE][PASSED] - Object: 'Object Repository/OCS-DESKTOP/Home - page/Cart icon -bag' is clicked on

2019-07-03 22:22:07 - [TEST_STEP][PASSED] - delay(3): Delayed 3 second(s)

2019-07-03 22:22:10 - [MESSAGE][PASSED] - Delayed 3 second(s)

2019-07-03 22:22:10 - [TEST_STEP][PASSED] - click(findTestObject("OCS-DESKTOP/Cart flyout/Checkbox_I confirm that")): Object: 'Object Repository/OCS-DESKTOP/Cart flyout/Checkbox_I confirm that' is clicked on

2019-07-03 22:22:10 - [MESSAGE][PASSED] - Object: 'Object Repository/OCS-DESKTOP/Cart flyout/Checkbox_I confirm that' is clicked on

2019-07-03 22:22:10 - [TEST_STEP][PASSED] - delay(2): Delayed 2 second(s)

2019-07-03 22:22:12 - [MESSAGE][PASSED] - Delayed 2 second(s)

2019-07-03 22:22:12 - [TEST_STEP][PASSED] - click(findTestObject("OCS-DESKTOP/Cart flyout/Checkbox_Accept the Terms Condition")): Object: 'Object Repository/OCS-DESKTOP/Cart flyout/Checkbox_Accept the Terms Condition' is clicked on

2019-07-03 22:22:12 - [MESSAGE][PASSED] - Object: 'Object Repository/OCS-DESKTOP/Cart flyout/Checkbox_Accept the Terms Condition' is clicked on

2019-07-03 22:22:12 - [TEST_STEP][PASSED] - delay(1): Delayed 1 second(s)

2019-07-03 22:22:13 - [MESSAGE][PASSED] - Delayed 1 second(s)

2019-07-03 22:22:13 - [TEST_STEP][PASSED] - click(findTestObject("OCS-DESKTOP/Cart flyout/Checkout - Button")): Object: 'Object Repository/OCS-DESKTOP/Cart flyout/Checkout - Button' is clicked on

2019-07-03 22:22:15 - [MESSAGE][PASSED] - Object: 'Object Repository/OCS-DESKTOP/Cart flyout/Checkout - Button' is clicked on

2019-07-03 22:22:15 - [TEST_STEP][PASSED] - delay(2): Delayed 2 second(s)

2019-07-03 22:22:17 - [MESSAGE][PASSED] - Delayed 2 second(s)

2019-07-03 22:22:17 - [TEST_STEP][PASSED] - executeJavaScript("var previewBar = document.getElementById("preview-bar-iframe"); previewBar.style.display = "none";", []): Execute JavaScript 'var previewBar = document.getElementById("preview-bar-iframe"); previewBar.style.display = "none";' successfully

2019-07-03 22:22:17 - [MESSAGE][PASSED] - Execute JavaScript 'var previewBar = document.getElementById("preview-bar-iframe"); previewBar.style.display = "none";' successfully

2019-07-03 22:22:17 - [TEST_STEP][PASSED] - delay(2): Delayed 2 second(s)

2019-07-03 22:22:19 - [MESSAGE][PASSED] - Delayed 2 second(s)

2019-07-03 22:22:19 - [TEST_STEP][PASSED] - setText(findTestObject("Object Repository/Page_Ontario Cannabis Store - Infor/input_Adresse e-mail_checkoute"), "suman@gmail.com"): Text 'suman@gmail.com' is set on object 'Object Repository/Page_Ontario Cannabis Store - Infor/input_Adresse e-mail_checkoute'

2019-07-03 22:22:19 - [MESSAGE][PASSED] - Text 'suman@gmail.com' is set on object 'Object Repository/Page_Ontario Cannabis Store - Infor/input_Adresse e-mail_checkoute'

2019-07-03 22:22:19 - [TEST_STEP][PASSED] - setText(findTestObject("Object Repository/Page_Ontario Cannabis Store - Infor/input_Prnom_checkoutshipping_a"), "suman"): Text 'suman' is set on object 'Object Repository/Page_Ontario Cannabis Store - Infor/input_Prnom_checkoutshipping_a'

2019-07-03 22:22:20 - [MESSAGE][PASSED] - Text 'suman' is set on object 'Object Repository/Page_Ontario Cannabis Store - Infor/input_Prnom_checkoutshipping_a'

2019-07-03 22:22:20 - [TEST_STEP][PASSED] - setText(findTestObject("Object Repository/Page_Ontario Cannabis Store - Infor/input_Nom_checkoutshipping_add"), "kompelly"): Text 'kompelly' is set on object 'Object Repository/Page_Ontario Cannabis Store - Infor/input_Nom_checkoutshipping_add'

2019-07-03 22:22:20 - [MESSAGE][PASSED] - Text 'kompelly' is set on object 'Object Repository/Page_Ontario Cannabis Store - Infor/input_Nom_checkoutshipping_add'

2019-07-03 22:22:20 - [TEST_STEP][PASSED] - setText(findTestObject("Object Repository/Page_Ontario Cannabis Store - Infor/input_Adresse_checkoutshipping"), "123 test"): Text '123 test' is set on object 'Object Repository/Page_Ontario Cannabis Store - Infor/input_Adresse_checkoutshipping'

2019-07-03 22:22:20 - [MESSAGE][PASSED] - Text '123 test' is set on object 'Object Repository/Page_Ontario Cannabis Store - Infor/input_Adresse_checkoutshipping'

2019-07-03 22:22:20 - [TEST_STEP][PASSED] - setText(findTestObject("Object Repository/Page_Ontario Cannabis Store - Infor/input_Appartement suite etc. ("), "123"): Text '123' is set on object 'Object Repository/Page_Ontario Cannabis Store - Infor/input_Appartement suite etc. ('

2019-07-03 22:22:20 - [MESSAGE][PASSED] - Text '123' is set on object 'Object Repository/Page_Ontario Cannabis Store - Infor/input_Appartement suite etc. ('

2019-07-03 22:22:20 - [TEST_STEP][PASSED] - setText(findTestObject("Object Repository/Page_Ontario Cannabis Store - Infor/input_Ville_checkoutshipping_a"), "montreal"): Text 'montreal' is set on object 'Object Repository/Page_Ontario Cannabis Store - Infor/input_Ville_checkoutshipping_a'

2019-07-03 22:22:20 - [MESSAGE][PASSED] - Text 'montreal' is set on object 'Object Repository/Page_Ontario Cannabis Store - Infor/input_Ville_checkoutshipping_a'

2019-07-03 22:22:20 - [TEST_STEP][PASSED] - setText(findTestObject("Object Repository/Page_Ontario Cannabis Store - Infor/input_Code postal_checkoutship"), "n0r1k0"): Text 'n0r1k0' is set on object 'Object Repository/Page_Ontario Cannabis Store - Infor/input_Code postal_checkoutship'

2019-07-03 22:22:20 - [MESSAGE][PASSED] - Text 'n0r1k0' is set on object 'Object Repository/Page_Ontario Cannabis Store - Infor/input_Code postal_checkoutship'

2019-07-03 22:22:20 - [TEST_STEP][PASSED] - setText(findTestObject("Object Repository/Page_Ontario Cannabis Store - Infor/input_Tlphone_checkoutshipping"), "514-449-3883"): Text '514-449-3883' is set on object 'Object Repository/Page_Ontario Cannabis Store - Infor/input_Tlphone_checkoutshipping'

2019-07-03 22:22:20 - [MESSAGE][PASSED] - Text '514-449-3883' is set on object 'Object Repository/Page_Ontario Cannabis Store - Infor/input_Tlphone_checkoutshipping'

2019-07-03 22:22:20 - [TEST_STEP][PASSED] - delay(2): Delayed 2 second(s)

2019-07-03 22:22:22 - [MESSAGE][PASSED] - Delayed 2 second(s)

2019-07-03 22:22:22 - [TEST_STEP][PASSED] - click(findTestObject("OCS-DESKTOP/Customer info page/Return to Cart - Link")): Object: 'Object Repository/OCS-DESKTOP/Customer info page/Return to Cart - Link' is clicked on

2019-07-03 22:22:23 - [MESSAGE][PASSED] - Object: 'Object Repository/OCS-DESKTOP/Customer info page/Return to Cart - Link' is clicked on

2019-07-03 22:22:23 - [TEST_STEP][PASSED] - delay(2): Delayed 2 second(s)

2019-07-03 22:22:25 - [MESSAGE][PASSED] - Delayed 2 second(s)

2019-07-03 22:22:25 - [TEST_STEP][PASSED] - click(findTestObject("OCS-DESKTOP/Cart page/cart page-Checkbox_I confirm that")): Object: 'Object Repository/OCS-DESKTOP/Cart page/cart page-Checkbox_I confirm that' is clicked on

2019-07-03 22:22:25 - [MESSAGE][PASSED] - Object: 'Object Repository/OCS-DESKTOP/Cart page/cart page-Checkbox_I confirm that' is clicked on

2019-07-03 22:22:25 - [TEST_STEP][PASSED] - delay(2): Delayed 2 second(s)

2019-07-03 22:22:27 - [MESSAGE][PASSED] - Delayed 2 second(s)

2019-07-03 22:22:27 - [TEST_STEP][PASSED] - click(findTestObject("OCS-DESKTOP/Cart page/cart page - Checkbox_Accept the Terms Condition")): Object: 'Object Repository/OCS-DESKTOP/Cart page/cart page - Checkbox_Accept the Terms Condition' is clicked on

2019-07-03 22:22:28 - [MESSAGE][PASSED] - Object: 'Object Repository/OCS-DESKTOP/Cart page/cart page - Checkbox_Accept the Terms Condition' is clicked on

2019-07-03 22:22:28 - [TEST_STEP][PASSED] - delay(1): Delayed 1 second(s)

2019-07-03 22:22:29 - [MESSAGE][PASSED] - Delayed 1 second(s)

2019-07-03 22:22:29 - [TEST_STEP][PASSED] - click(findTestObject("FRENCH/Cart page -checkout button")): Object: 'Object Repository/FRENCH/Cart page -checkout button' is clicked on

2019-07-03 22:22:31 - [MESSAGE][PASSED] - Object: 'Object Repository/FRENCH/Cart page -checkout button' is clicked on

2019-07-03 22:22:31 - [TEST_STEP][PASSED] - delay(1): Delayed 1 second(s)

2019-07-03 22:22:32 - [MESSAGE][PASSED] - Delayed 1 second(s)

2019-07-03 22:22:32 - [TEST_STEP][PASSED] - click(findTestObject("OCS-DESKTOP/Customer info page/Cart - Breadcrumb link")): Object: 'Object Repository/OCS-DESKTOP/Customer info page/Cart - Breadcrumb link' is clicked on

2019-07-03 22:22:33 - [MESSAGE][PASSED] - Object: 'Object Repository/OCS-DESKTOP/Customer info page/Cart - Breadcrumb link' is clicked on

2019-07-03 22:22:33 - [TEST_STEP][PASSED] - delay(2): Delayed 2 second(s)

2019-07-03 22:22:35 - [MESSAGE][PASSED] - Delayed 2 second(s)

2019-07-03 22:22:35 - [TEST_STEP][PASSED] - click(findTestObject("OCS-DESKTOP/Cart page/cart page-Checkbox_I confirm that")): Object: 'Object Repository/OCS-DESKTOP/Cart page/cart page-Checkbox_I confirm that' is clicked on

2019-07-03 22:22:35 - [MESSAGE][PASSED] - Object: 'Object Repository/OCS-DESKTOP/Cart page/cart page-Checkbox_I confirm that' is clicked on

2019-07-03 22:22:35 - [TEST_STEP][PASSED] - delay(2): Delayed 2 second(s)

2019-07-03 22:22:37 - [MESSAGE][PASSED] - Delayed 2 second(s)

2019-07-03 22:22:37 - [TEST_STEP][PASSED] - click(findTestObject("OCS-DESKTOP/Cart page/cart page - Checkbox_Accept the Terms Condition")): Object: 'Object Repository/OCS-DESKTOP/Cart page/cart page - Checkbox_Accept the Terms Condition' is clicked on

2019-07-03 22:22:37 - [MESSAGE][PASSED] - Object: 'Object Repository/OCS-DESKTOP/Cart page/cart page - Checkbox_Accept the Terms Condition' is clicked on

2019-07-03 22:22:37 - [TEST_STEP][PASSED] - delay(1): Delayed 1 second(s)

2019-07-03 22:22:38 - [MESSAGE][PASSED] - Delayed 1 second(s)

2019-07-03 22:22:38 - [TEST_STEP][PASSED] - click(findTestObject("FRENCH/Cart page -checkout button")): Object: 'Object Repository/FRENCH/Cart page -checkout button' is clicked on

2019-07-03 22:22:40 - [MESSAGE][PASSED] - Object: 'Object Repository/FRENCH/Cart page -checkout button' is clicked on

2019-07-03 22:22:40 - [TEST_STEP][PASSED] - executeJavaScript("var previewBar = document.getElementById("preview-bar-iframe"); previewBar.style.display = "none";", []): Execute JavaScript 'var previewBar = document.getElementById("preview-bar-iframe"); previewBar.style.display = "none";' successfully

2019-07-03 22:22:41 - [MESSAGE][PASSED] - Execute JavaScript 'var previewBar = document.getElementById("preview-bar-iframe"); previewBar.style.display = "none";' successfully

2019-07-03 22:22:41 - [TEST_STEP][PASSED] - delay(2): Delayed 2 second(s)

2019-07-03 22:22:43 - [MESSAGE][PASSED] - Delayed 2 second(s)

2019-07-03 22:22:43 - [TEST_STEP][PASSED] - setText(findTestObject("Object Repository/Page_Ontario Cannabis Store - Infor/input_Adresse e-mail_checkoute"), "suman@gmail.com"): Text 'suman@gmail.com' is set on object 'Object Repository/Page_Ontario Cannabis Store - Infor/input_Adresse e-mail_checkoute'

2019-07-03 22:22:43 - [MESSAGE][PASSED] - Text 'suman@gmail.com' is set on object 'Object Repository/Page_Ontario Cannabis Store - Infor/input_Adresse e-mail_checkoute'

2019-07-03 22:22:43 - [TEST_STEP][PASSED] - setText(findTestObject("Object Repository/Page_Ontario Cannabis Store - Infor/input_Prnom_checkoutshipping_a"), "suman"): Text 'suman' is set on object 'Object Repository/Page_Ontario Cannabis Store - Infor/input_Prnom_checkoutshipping_a'

2019-07-03 22:22:43 - [MESSAGE][PASSED] - Text 'suman' is set on object 'Object Repository/Page_Ontario Cannabis Store - Infor/input_Prnom_checkoutshipping_a'

2019-07-03 22:22:43 - [TEST_STEP][PASSED] - setText(findTestObject("Object Repository/Page_Ontario Cannabis Store - Infor/input_Nom_checkoutshipping_add"), "kompelly"): Text 'kompelly' is set on object 'Object Repository/Page_Ontario Cannabis Store - Infor/input_Nom_checkoutshipping_add'

2019-07-03 22:22:43 - [MESSAGE][PASSED] - Text 'kompelly' is set on object 'Object Repository/Page_Ontario Cannabis Store - Infor/input_Nom_checkoutshipping_add'

2019-07-03 22:22:43 - [TEST_STEP][PASSED] - setText(findTestObject("Object Repository/Page_Ontario Cannabis Store - Infor/input_Adresse_checkoutshipping"), "123 test"): Text '123 test' is set on object 'Object Repository/Page_Ontario Cannabis Store - Infor/input_Adresse_checkoutshipping'

2019-07-03 22:22:43 - [MESSAGE][PASSED] - Text '123 test' is set on object 'Object Repository/Page_Ontario Cannabis Store - Infor/input_Adresse_checkoutshipping'

2019-07-03 22:22:43 - [TEST_STEP][PASSED] - setText(findTestObject("Object Repository/Page_Ontario Cannabis Store - Infor/input_Appartement suite etc. ("), "123"): Text '123' is set on object 'Object Repository/Page_Ontario Cannabis Store - Infor/input_Appartement suite etc. ('

2019-07-03 22:22:43 - [MESSAGE][PASSED] - Text '123' is set on object 'Object Repository/Page_Ontario Cannabis Store - Infor/input_Appartement suite etc. ('

2019-07-03 22:22:43 - [TEST_STEP][PASSED] - setText(findTestObject("Object Repository/Page_Ontario Cannabis Store - Infor/input_Ville_checkoutshipping_a"), "montreal"): Text 'montreal' is set on object 'Object Repository/Page_Ontario Cannabis Store - Infor/input_Ville_checkoutshipping_a'

2019-07-03 22:22:43 - [MESSAGE][PASSED] - Text 'montreal' is set on object 'Object Repository/Page_Ontario Cannabis Store - Infor/input_Ville_checkoutshipping_a'

2019-07-03 22:22:43 - [TEST_STEP][PASSED] - setText(findTestObject("Object Repository/Page_Ontario Cannabis Store - Infor/input_Code postal_checkoutship"), "n0r1k0"): Text 'n0r1k0' is set on object 'Object Repository/Page_Ontario Cannabis Store - Infor/input_Code postal_checkoutship'

2019-07-03 22:22:43 - [MESSAGE][PASSED] - Text 'n0r1k0' is set on object 'Object Repository/Page_Ontario Cannabis Store - Infor/input_Code postal_checkoutship'

2019-07-03 22:22:43 - [TEST_STEP][PASSED] - setText(findTestObject("Object Repository/Page_Ontario Cannabis Store - Infor/input_Tlphone_checkoutshipping"), "514-449-3883"): Text '514-449-3883' is set on object 'Object Repository/Page_Ontario Cannabis Store - Infor/input_Tlphone_checkoutshipping'

2019-07-03 22:22:43 - [MESSAGE][PASSED] - Text '514-449-3883' is set on object 'Object Repository/Page_Ontario Cannabis Store - Infor/input_Tlphone_checkoutshipping'

2019-07-03 22:22:43 - [TEST_STEP][PASSED] - delay(1): Delayed 1 second(s)

2019-07-03 22:22:44 - [MESSAGE][PASSED] - Delayed 1 second(s)

2019-07-03 22:22:44 - [TEST_STEP][PASSED] - delay(2): Delayed 2 second(s)

2019-07-03 22:22:46 - [MESSAGE][PASSED] - Delayed 2 second(s)

2019-07-03 22:22:46 - [TEST_STEP][PASSED] - click(findTestObject("Object Repository/Page_Ontario Cannabis Store - Infor/button_Continuer vers le mode")): Object: 'Object Repository/Page_Ontario Cannabis Store - Infor/button_Continuer vers le mode' is clicked on

2019-07-03 22:22:48 - [MESSAGE][PASSED] - Object: 'Object Repository/Page_Ontario Cannabis Store - Infor/button_Continuer vers le mode' is clicked on

2019-07-03 22:22:48 - [TEST_STEP][PASSED] - delay(4): Delayed 4 second(s)

2019-07-03 22:22:52 - [MESSAGE][PASSED] - Delayed 4 second(s)

2019-07-03 22:22:52 - [TEST_STEP][PASSED] - executeJavaScript("var previewBar = document.getElementById("preview-bar-iframe"); previewBar.style.display = "none";", []): Execute JavaScript 'var previewBar = document.getElementById("preview-bar-iframe"); previewBar.style.display = "none";' successfully

2019-07-03 22:22:52 - [MESSAGE][PASSED] - Execute JavaScript 'var previewBar = document.getElementById("preview-bar-iframe"); previewBar.style.display = "none";' successfully

2019-07-03 22:22:52 - [TEST_STEP][PASSED] - delay(2): Delayed 2 second(s)

2019-07-03 22:22:54 - [MESSAGE][PASSED] - Delayed 2 second(s)

2019-07-03 22:22:54 - [TEST_STEP][PASSED] - click(findTestObject("Object Repository/Page_Ontario Cannabis Store - Livra/button_Continuer vers le moyen")): Object: 'Object Repository/Page_Ontario Cannabis Store - Livra/button_Continuer vers le moyen' is clicked on

2019-07-03 22:22:56 - [MESSAGE][PASSED] - Object: 'Object Repository/Page_Ontario Cannabis Store - Livra/button_Continuer vers le moyen' is clicked on]]></system-out>
         <system-err><![CDATA[]]></system-err>
      </testcase>
      <testcase name="Test Cases/OCS - DESKTOP/OCS- CRITICAL PATH - FRENCH/Checkout-Payment - fr" classname="Test Cases/OCS - DESKTOP/OCS- CRITICAL PATH - FRENCH/Checkout-Payment - fr" status="FAILED">
         <failure type="FAILED" message="Test Cases/OCS - DESKTOP/OCS- CRITICAL PATH - FRENCH/Checkout-Payment - fr FAILED.
Reason:
com.kms.katalon.core.exception.StepFailedException: Unable to click on object 'Object Repository/OCS-DESKTOP/Cart page/cart page-Checkbox_I confirm that' (Root cause: org.openqa.selenium.ElementNotInteractableException: Element &lt;label> could not be scrolled into view
Build info: version: '3.7.1', revision: '8a0099a', time: '2017-11-06T21:07:36.161Z'
System info: host: 'sumans-MacBook-Pro.local', ip: 'fe80:0:0:0:10b5:ab76:5e8b:ef36%en0', os.name: 'Mac OS X', os.arch: 'x86_64', os.version: '10.13.6', java.version: '1.8.0_181'
Driver info: com.kms.katalon.core.webui.driver.firefox.CGeckoDriver
Capabilities {acceptInsecureCerts: true, browserName: firefox, browserVersion: 67.0.4, javascriptEnabled: true, moz:accessibilityChecks: false, moz:buildID: 20190619235627, moz:geckodriverVersion: 0.23.0, moz:headless: false, moz:processID: 683, moz:profile: /var/folders/1t/c55l8xzs6gq..., moz:shutdownTimeout: 60000, moz:useNonSpecCompliantPointerOrigin: false, moz:webdriverClick: true, pageLoadStrategy: normal, platform: MAC, platformName: MAC, platformVersion: 17.7.0, proxy: Proxy(direct), rotatable: false, setWindowRect: true, strictFileInteractability: false, timeouts: {implicit: 0, pageLoad: 300000, script: 30000}, unhandledPromptBehavior: dismiss and notify}
Session ID: 64407621-6dbe-9446-bf83-745509bb8341)
	at com.kms.katalon.core.keyword.internal.KeywordMain.stepFailed(KeywordMain.groovy:36)
	at com.kms.katalon.core.webui.keyword.internal.WebUIKeywordMain.stepFailed(WebUIKeywordMain.groovy:65)
	at com.kms.katalon.core.webui.keyword.internal.WebUIKeywordMain.runKeyword(WebUIKeywordMain.groovy:27)
	at com.kms.katalon.core.webui.keyword.builtin.ClickKeyword.click(ClickKeyword.groovy:86)
	at com.kms.katalon.core.webui.keyword.builtin.ClickKeyword.execute(ClickKeyword.groovy:67)
	at com.kms.katalon.core.keyword.internal.KeywordExecutor.executeKeywordForPlatform(KeywordExecutor.groovy:53)
	at com.kms.katalon.core.webui.keyword.WebUiBuiltInKeywords.click(WebUiBuiltInKeywords.groovy:616)
	at com.kms.katalon.core.webui.keyword.WebUiBuiltInKeywords$click$4.call(Unknown Source)
	at Checkout-Payment - fr.run(Checkout-Payment - fr:166)
	at com.kms.katalon.core.main.ScriptEngine.run(ScriptEngine.java:194)
	at com.kms.katalon.core.main.ScriptEngine.runScriptAsRawText(ScriptEngine.java:119)
	at com.kms.katalon.core.main.TestCaseExecutor.runScript(TestCaseExecutor.java:328)
	at com.kms.katalon.core.main.TestCaseExecutor.doExecute(TestCaseExecutor.java:319)
	at com.kms.katalon.core.main.TestCaseExecutor.processExecutionPhase(TestCaseExecutor.java:298)
	at com.kms.katalon.core.main.TestCaseExecutor.accessMainPhase(TestCaseExecutor.java:290)
	at com.kms.katalon.core.main.TestCaseExecutor.execute(TestCaseExecutor.java:224)
	at com.kms.katalon.core.main.TestSuiteExecutor.accessTestCaseMainPhase(TestSuiteExecutor.java:129)
	at com.kms.katalon.core.main.TestSuiteExecutor.accessTestSuiteMainPhase(TestSuiteExecutor.java:112)
	at com.kms.katalon.core.main.TestSuiteExecutor.execute(TestSuiteExecutor.java:81)
	at com.kms.katalon.core.main.TestCaseMain.startTestSuite(TestCaseMain.java:149)
	at com.kms.katalon.core.main.TestCaseMain$startTestSuite$0.call(Unknown Source)
	at TempTestSuite1562205541804.run(TempTestSuite1562205541804.groovy:36)
"/>
         <system-out><![CDATA[2019-07-03 22:22:56 - [TEST_CASE][FAILED] - Test Cases/OCS - DESKTOP/OCS- CRITICAL PATH - FRENCH/Checkout-Payment - fr: Test Cases/OCS - DESKTOP/OCS- CRITICAL PATH - FRENCH/Checkout-Payment - fr FAILED.
Reason:
com.kms.katalon.core.exception.StepFailedException: Unable to click on object 'Object Repository/OCS-DESKTOP/Cart page/cart page-Checkbox_I confirm that' (Root cause: org.openqa.selenium.ElementNotInteractableException: Element <label> could not be scrolled into view
Build info: version: '3.7.1', revision: '8a0099a', time: '2017-11-06T21:07:36.161Z'
System info: host: 'sumans-MacBook-Pro.local', ip: 'fe80:0:0:0:10b5:ab76:5e8b:ef36%en0', os.name: 'Mac OS X', os.arch: 'x86_64', os.version: '10.13.6', java.version: '1.8.0_181'
Driver info: com.kms.katalon.core.webui.driver.firefox.CGeckoDriver
Capabilities {acceptInsecureCerts: true, browserName: firefox, browserVersion: 67.0.4, javascriptEnabled: true, moz:accessibilityChecks: false, moz:buildID: 20190619235627, moz:geckodriverVersion: 0.23.0, moz:headless: false, moz:processID: 683, moz:profile: /var/folders/1t/c55l8xzs6gq..., moz:shutdownTimeout: 60000, moz:useNonSpecCompliantPointerOrigin: false, moz:webdriverClick: true, pageLoadStrategy: normal, platform: MAC, platformName: MAC, platformVersion: 17.7.0, proxy: Proxy(direct), rotatable: false, setWindowRect: true, strictFileInteractability: false, timeouts: {implicit: 0, pageLoad: 300000, script: 30000}, unhandledPromptBehavior: dismiss and notify}
Session ID: 64407621-6dbe-9446-bf83-745509bb8341)
	at com.kms.katalon.core.keyword.internal.KeywordMain.stepFailed(KeywordMain.groovy:36)
	at com.kms.katalon.core.webui.keyword.internal.WebUIKeywordMain.stepFailed(WebUIKeywordMain.groovy:65)
	at com.kms.katalon.core.webui.keyword.internal.WebUIKeywordMain.runKeyword(WebUIKeywordMain.groovy:27)
	at com.kms.katalon.core.webui.keyword.builtin.ClickKeyword.click(ClickKeyword.groovy:86)
	at com.kms.katalon.core.webui.keyword.builtin.ClickKeyword.execute(ClickKeyword.groovy:67)
	at com.kms.katalon.core.keyword.internal.KeywordExecutor.executeKeywordForPlatform(KeywordExecutor.groovy:53)
	at com.kms.katalon.core.webui.keyword.WebUiBuiltInKeywords.click(WebUiBuiltInKeywords.groovy:616)
	at com.kms.katalon.core.webui.keyword.WebUiBuiltInKeywords$click$4.call(Unknown Source)
	at Checkout-Payment - fr.run(Checkout-Payment - fr:166)
	at com.kms.katalon.core.main.ScriptEngine.run(ScriptEngine.java:194)
	at com.kms.katalon.core.main.ScriptEngine.runScriptAsRawText(ScriptEngine.java:119)
	at com.kms.katalon.core.main.TestCaseExecutor.runScript(TestCaseExecutor.java:328)
	at com.kms.katalon.core.main.TestCaseExecutor.doExecute(TestCaseExecutor.java:319)
	at com.kms.katalon.core.main.TestCaseExecutor.processExecutionPhase(TestCaseExecutor.java:298)
	at com.kms.katalon.core.main.TestCaseExecutor.accessMainPhase(TestCaseExecutor.java:290)
	at com.kms.katalon.core.main.TestCaseExecutor.execute(TestCaseExecutor.java:224)
	at com.kms.katalon.core.main.TestSuiteExecutor.accessTestCaseMainPhase(TestSuiteExecutor.java:129)
	at com.kms.katalon.core.main.TestSuiteExecutor.accessTestSuiteMainPhase(TestSuiteExecutor.java:112)
	at com.kms.katalon.core.main.TestSuiteExecutor.execute(TestSuiteExecutor.java:81)
	at com.kms.katalon.core.main.TestCaseMain.startTestSuite(TestCaseMain.java:149)
	at com.kms.katalon.core.main.TestCaseMain$startTestSuite$0.call(Unknown Source)
	at TempTestSuite1562205541804.run(TempTestSuite1562205541804.groovy:36)


2019-07-03 22:22:56 - [TEST_STEP][PASSED] - callTestCase(findTestCase("OCS - DESKTOP/CALL- Age gate"), [:], STOP_ON_FAILURE): Call Test Case 'Test Cases/OCS - DESKTOP/CALL- Age gate' successfully

2019-07-03 22:22:56 - [TEST_CASE][PASSED] - Test Cases/OCS - DESKTOP/CALL- Age gate: Test Cases/OCS - DESKTOP/CALL- Age gate

2019-07-03 22:22:56 - [TEST_STEP][PASSED] - openBrowser(""): Browser is opened with url: ''

2019-07-03 22:22:56 - [MESSAGE][WARNING] - A browser is already opened. Closing browser and opening a new one

2019-07-03 22:22:57 - [MESSAGE][INFO] - Starting 'Firefox' driver

2019-07-03 22:22:58 - [MESSAGE][PASSED] - Browser is opened with url: ''

2019-07-03 22:22:58 - [TEST_STEP][PASSED] - navigateToUrl("https://ocs.ca/?fts=0&preview_theme_id=74203891532"): Navigate to 'https://ocs.ca/?fts=0&preview_theme_id=74203891532' successfully

2019-07-03 22:23:06 - [MESSAGE][PASSED] - Navigate to 'https://ocs.ca/?fts=0&preview_theme_id=74203891532' successfully

2019-07-03 22:23:06 - [TEST_STEP][PASSED] - maximizeWindow(): Current window maximized

2019-07-03 22:23:07 - [MESSAGE][PASSED] - Current window maximized

2019-07-03 22:23:07 - [TEST_STEP][PASSED] - delay(2): Delayed 2 second(s)

2019-07-03 22:23:09 - [MESSAGE][PASSED] - Delayed 2 second(s)

2019-07-03 22:23:09 - [TEST_STEP][PASSED] - executeJavaScript("var previewBar = document.getElementById("preview-bar-iframe"); previewBar.style.display = "none";", []): Execute JavaScript 'var previewBar = document.getElementById("preview-bar-iframe"); previewBar.style.display = "none";' successfully

2019-07-03 22:23:09 - [MESSAGE][PASSED] - Execute JavaScript 'var previewBar = document.getElementById("preview-bar-iframe"); previewBar.style.display = "none";' successfully

2019-07-03 22:23:09 - [TEST_STEP][PASSED] - selectOptionByValue(findTestObject("OCS-DESKTOP/Age gate and Mega menu/Date"), "12", true): All options with value '12' are selected in object 'Object Repository/OCS-DESKTOP/Age gate and Mega menu/Date'  using regular expression

2019-07-03 22:23:10 - [MESSAGE][PASSED] - All options with value '12' are selected in object 'Object Repository/OCS-DESKTOP/Age gate and Mega menu/Date'  using regular expression

2019-07-03 22:23:10 - [TEST_STEP][PASSED] - selectOptionByValue(findTestObject("OCS-DESKTOP/Age gate and Mega menu/month"), "6", true): All options with value '6' are selected in object 'Object Repository/OCS-DESKTOP/Age gate and Mega menu/month'  using regular expression

2019-07-03 22:23:10 - [MESSAGE][PASSED] - All options with value '6' are selected in object 'Object Repository/OCS-DESKTOP/Age gate and Mega menu/month'  using regular expression

2019-07-03 22:23:10 - [TEST_STEP][PASSED] - delay(2): Delayed 2 second(s)

2019-07-03 22:23:12 - [MESSAGE][PASSED] - Delayed 2 second(s)

2019-07-03 22:23:12 - [TEST_STEP][PASSED] - selectOptionByValue(findTestObject("OCS-DESKTOP/Age gate and Mega menu/Year Dropdown"), "1990", true): All options with value '1990' are selected in object 'Object Repository/OCS-DESKTOP/Age gate and Mega menu/Year Dropdown'  using regular expression

2019-07-03 22:23:13 - [MESSAGE][PASSED] - All options with value '1990' are selected in object 'Object Repository/OCS-DESKTOP/Age gate and Mega menu/Year Dropdown'  using regular expression

2019-07-03 22:23:13 - [TEST_STEP][PASSED] - click(findTestObject("OCS-DESKTOP/Age gate and Mega menu/button_Verify")): Object: 'Object Repository/OCS-DESKTOP/Age gate and Mega menu/button_Verify' is clicked on

2019-07-03 22:23:14 - [MESSAGE][PASSED] - Object: 'Object Repository/OCS-DESKTOP/Age gate and Mega menu/button_Verify' is clicked on

2019-07-03 22:23:14 - [TEST_STEP][PASSED] - click(findTestObject("OCS-DESKTOP/Age gate and Mega menu/Checkbox_CONFIRM AND ACKNOWLEDGE")): Object: 'Object Repository/OCS-DESKTOP/Age gate and Mega menu/Checkbox_CONFIRM AND ACKNOWLEDGE' is clicked on

2019-07-03 22:23:14 - [MESSAGE][PASSED] - Object: 'Object Repository/OCS-DESKTOP/Age gate and Mega menu/Checkbox_CONFIRM AND ACKNOWLEDGE' is clicked on

2019-07-03 22:23:14 - [TEST_STEP][PASSED] - click(findTestObject("OCS-DESKTOP/Age gate and Mega menu/button_CONFIRM")): Object: 'Object Repository/OCS-DESKTOP/Age gate and Mega menu/button_CONFIRM' is clicked on

2019-07-03 22:23:14 - [MESSAGE][PASSED] - Object: 'Object Repository/OCS-DESKTOP/Age gate and Mega menu/button_CONFIRM' is clicked on

2019-07-03 22:23:14 - [TEST_STEP][PASSED] - click(findTestObject("OCS-DESKTOP/Age gate and Mega menu/button_Start Browsing")): Object: 'Object Repository/OCS-DESKTOP/Age gate and Mega menu/button_Start Browsing' is clicked on

2019-07-03 22:23:14 - [MESSAGE][PASSED] - Object: 'Object Repository/OCS-DESKTOP/Age gate and Mega menu/button_Start Browsing' is clicked on

2019-07-03 22:23:14 - [TEST_STEP][PASSED] - delay(2): Delayed 2 second(s)

2019-07-03 22:23:16 - [MESSAGE][PASSED] - Delayed 2 second(s)

2019-07-03 22:23:16 - [TEST_STEP][PASSED] - refresh(): Refresh successfully

2019-07-03 22:23:20 - [MESSAGE][PASSED] - Refresh successfully

2019-07-03 22:23:20 - [MESSAGE][PASSED] - Call Test Case 'Test Cases/OCS - DESKTOP/CALL- Age gate' successfully

2019-07-03 22:23:20 - [TEST_STEP][PASSED] - delay(2): Delayed 2 second(s)

2019-07-03 22:23:22 - [MESSAGE][PASSED] - Delayed 2 second(s)

2019-07-03 22:23:22 - [TEST_STEP][PASSED] - callTestCase(findTestCase("OCS - DESKTOP/CALL - TOGGLING LANGUAGE"), [:], STOP_ON_FAILURE): Call Test Case 'Test Cases/OCS - DESKTOP/CALL - TOGGLING LANGUAGE' successfully

2019-07-03 22:23:22 - [TEST_CASE][PASSED] - Test Cases/OCS - DESKTOP/CALL - TOGGLING LANGUAGE: Test Cases/OCS - DESKTOP/CALL - TOGGLING LANGUAGE

2019-07-03 22:23:22 - [TEST_STEP][PASSED] - delay(2): Delayed 2 second(s)

2019-07-03 22:23:24 - [MESSAGE][PASSED] - Delayed 2 second(s)

2019-07-03 22:23:24 - [TEST_STEP][PASSED] - click(findTestObject("OCS-DESKTOP/Cart flyout/English dropdown")): Object: 'Object Repository/OCS-DESKTOP/Cart flyout/English dropdown' is clicked on

2019-07-03 22:23:24 - [MESSAGE][PASSED] - Object: 'Object Repository/OCS-DESKTOP/Cart flyout/English dropdown' is clicked on

2019-07-03 22:23:24 - [TEST_STEP][PASSED] - delay(2): Delayed 2 second(s)

2019-07-03 22:23:26 - [MESSAGE][PASSED] - Delayed 2 second(s)

2019-07-03 22:23:26 - [TEST_STEP][PASSED] - click(findTestObject("OCS-DESKTOP/Cart flyout/Select French")): Object: 'Object Repository/OCS-DESKTOP/Cart flyout/Select French' is clicked on

2019-07-03 22:23:27 - [MESSAGE][PASSED] - Object: 'Object Repository/OCS-DESKTOP/Cart flyout/Select French' is clicked on

2019-07-03 22:23:27 - [TEST_STEP][PASSED] - delay(5): Delayed 5 second(s)

2019-07-03 22:23:32 - [MESSAGE][PASSED] - Delayed 5 second(s)

2019-07-03 22:23:32 - [TEST_STEP][PASSED] - e = getWindowTitle(): Current window's title is: 'Magasin de Cannabis de l'Ontario | Ontario Cannabis Store'

2019-07-03 22:23:32 - [MESSAGE][PASSED] - Current window's title is: 'Magasin de Cannabis de l'Ontario | Ontario Cannabis Store'

2019-07-03 22:23:32 - [MESSAGE][PASSED] - Call Test Case 'Test Cases/OCS - DESKTOP/CALL - TOGGLING LANGUAGE' successfully

2019-07-03 22:23:32 - [TEST_STEP][PASSED] - click(findTestObject("OCS-DESKTOP/Age gate and Mega menu/Header/CANNABIS menu - English")): Object: 'Object Repository/OCS-DESKTOP/Age gate and Mega menu/Header/CANNABIS menu - English' is clicked on

2019-07-03 22:23:32 - [MESSAGE][PASSED] - Object: 'Object Repository/OCS-DESKTOP/Age gate and Mega menu/Header/CANNABIS menu - English' is clicked on

2019-07-03 22:23:32 - [TEST_STEP][PASSED] - delay(2): Delayed 2 second(s)

2019-07-03 22:23:34 - [MESSAGE][PASSED] - Delayed 2 second(s)

2019-07-03 22:23:34 - [TEST_STEP][PASSED] - executeJavaScript("var previewBar = document.getElementById("preview-bar-iframe"); previewBar.style.display = "none";", []): Execute JavaScript 'var previewBar = document.getElementById("preview-bar-iframe"); previewBar.style.display = "none";' successfully

2019-07-03 22:23:34 - [MESSAGE][PASSED] - Execute JavaScript 'var previewBar = document.getElementById("preview-bar-iframe"); previewBar.style.display = "none";' successfully

2019-07-03 22:23:34 - [TEST_STEP][PASSED] - click(findTestObject("OCS-DESKTOP/Age gate and Mega menu/Indica Dominant_Menu item")): Object: 'Object Repository/OCS-DESKTOP/Age gate and Mega menu/Indica Dominant_Menu item' is clicked on

2019-07-03 22:23:36 - [MESSAGE][PASSED] - Object: 'Object Repository/OCS-DESKTOP/Age gate and Mega menu/Indica Dominant_Menu item' is clicked on

2019-07-03 22:23:36 - [TEST_STEP][PASSED] - executeJavaScript("var previewBar = document.getElementById("preview-bar-iframe"); previewBar.style.display = "none";", []): Execute JavaScript 'var previewBar = document.getElementById("preview-bar-iframe"); previewBar.style.display = "none";' successfully

2019-07-03 22:23:36 - [MESSAGE][PASSED] - Execute JavaScript 'var previewBar = document.getElementById("preview-bar-iframe"); previewBar.style.display = "none";' successfully

2019-07-03 22:23:36 - [TEST_STEP][PASSED] - delay(2): Delayed 2 second(s)

2019-07-03 22:23:38 - [MESSAGE][PASSED] - Delayed 2 second(s)

2019-07-03 22:23:38 - [TEST_STEP][PASSED] - click(findTestObject("FRENCH/Product image - 1st one")): Object: 'Object Repository/FRENCH/Product image - 1st one' is clicked on

2019-07-03 22:23:42 - [MESSAGE][PASSED] - Object: 'Object Repository/FRENCH/Product image - 1st one' is clicked on

2019-07-03 22:23:42 - [TEST_STEP][PASSED] - executeJavaScript("var previewBar = document.getElementById("preview-bar-iframe"); previewBar.style.display = "none";", []): Execute JavaScript 'var previewBar = document.getElementById("preview-bar-iframe"); previewBar.style.display = "none";' successfully

2019-07-03 22:23:42 - [MESSAGE][PASSED] - Execute JavaScript 'var previewBar = document.getElementById("preview-bar-iframe"); previewBar.style.display = "none";' successfully

2019-07-03 22:23:42 - [TEST_STEP][PASSED] - delay(3): Delayed 3 second(s)

2019-07-03 22:23:45 - [MESSAGE][PASSED] - Delayed 3 second(s)

2019-07-03 22:23:45 - [TEST_STEP][PASSED] - click(findTestObject("OCS-DESKTOP/Product page/Swatch_1g")): Object: 'Object Repository/OCS-DESKTOP/Product page/Swatch_1g' is clicked on

2019-07-03 22:23:45 - [MESSAGE][PASSED] - Object: 'Object Repository/OCS-DESKTOP/Product page/Swatch_1g' is clicked on

2019-07-03 22:23:45 - [TEST_STEP][PASSED] - delay(2): Delayed 2 second(s)

2019-07-03 22:23:47 - [MESSAGE][PASSED] - Delayed 2 second(s)

2019-07-03 22:23:47 - [TEST_STEP][PASSED] - delay(2): Delayed 2 second(s)

2019-07-03 22:23:49 - [MESSAGE][PASSED] - Delayed 2 second(s)

2019-07-03 22:23:49 - [TEST_STEP][PASSED] - click(findTestObject("OCS-DESKTOP/Product page/Quantity Increase - Button")): Object: 'Object Repository/OCS-DESKTOP/Product page/Quantity Increase - Button' is clicked on

2019-07-03 22:23:49 - [MESSAGE][PASSED] - Object: 'Object Repository/OCS-DESKTOP/Product page/Quantity Increase - Button' is clicked on

2019-07-03 22:23:49 - [TEST_STEP][PASSED] - delay(2): Delayed 2 second(s)

2019-07-03 22:23:51 - [MESSAGE][PASSED] - Delayed 2 second(s)

2019-07-03 22:23:51 - [TEST_STEP][PASSED] - click(findTestObject("OCS-DESKTOP/Product page/Add to Bag-button")): Object: 'Object Repository/OCS-DESKTOP/Product page/Add to Bag-button' is clicked on

2019-07-03 22:23:52 - [MESSAGE][PASSED] - Object: 'Object Repository/OCS-DESKTOP/Product page/Add to Bag-button' is clicked on

2019-07-03 22:23:52 - [TEST_STEP][PASSED] - delay(2): Delayed 2 second(s)

2019-07-03 22:23:54 - [MESSAGE][PASSED] - Delayed 2 second(s)

2019-07-03 22:23:54 - [TEST_STEP][PASSED] - click(findTestObject("OCS-DESKTOP/Home - page/Cart icon -bag"), OPTIONAL): Object: 'Object Repository/OCS-DESKTOP/Home - page/Cart icon -bag' is clicked on

2019-07-03 22:23:54 - [MESSAGE][PASSED] - Object: 'Object Repository/OCS-DESKTOP/Home - page/Cart icon -bag' is clicked on

2019-07-03 22:23:54 - [TEST_STEP][PASSED] - delay(1): Delayed 1 second(s)

2019-07-03 22:23:55 - [MESSAGE][PASSED] - Delayed 1 second(s)

2019-07-03 22:23:55 - [TEST_STEP][PASSED] - click(findTestObject("OCS-DESKTOP/Cart flyout/Checkbox_I confirm that")): Object: 'Object Repository/OCS-DESKTOP/Cart flyout/Checkbox_I confirm that' is clicked on

2019-07-03 22:23:55 - [MESSAGE][PASSED] - Object: 'Object Repository/OCS-DESKTOP/Cart flyout/Checkbox_I confirm that' is clicked on

2019-07-03 22:23:55 - [TEST_STEP][PASSED] - delay(1): Delayed 1 second(s)

2019-07-03 22:23:56 - [MESSAGE][PASSED] - Delayed 1 second(s)

2019-07-03 22:23:56 - [TEST_STEP][PASSED] - click(findTestObject("OCS-DESKTOP/Cart flyout/Checkbox_Accept the Terms Condition")): Object: 'Object Repository/OCS-DESKTOP/Cart flyout/Checkbox_Accept the Terms Condition' is clicked on

2019-07-03 22:23:56 - [MESSAGE][PASSED] - Object: 'Object Repository/OCS-DESKTOP/Cart flyout/Checkbox_Accept the Terms Condition' is clicked on

2019-07-03 22:23:56 - [TEST_STEP][PASSED] - delay(1): Delayed 1 second(s)

2019-07-03 22:23:57 - [MESSAGE][PASSED] - Delayed 1 second(s)

2019-07-03 22:23:57 - [TEST_STEP][PASSED] - click(findTestObject("OCS-DESKTOP/Cart flyout/Checkout - Button")): Object: 'Object Repository/OCS-DESKTOP/Cart flyout/Checkout - Button' is clicked on

2019-07-03 22:24:00 - [MESSAGE][PASSED] - Object: 'Object Repository/OCS-DESKTOP/Cart flyout/Checkout - Button' is clicked on

2019-07-03 22:24:00 - [TEST_STEP][PASSED] - executeJavaScript("var previewBar = document.getElementById("preview-bar-iframe"); previewBar.style.display = "none";", []): Execute JavaScript 'var previewBar = document.getElementById("preview-bar-iframe"); previewBar.style.display = "none";' successfully

2019-07-03 22:24:00 - [MESSAGE][PASSED] - Execute JavaScript 'var previewBar = document.getElementById("preview-bar-iframe"); previewBar.style.display = "none";' successfully

2019-07-03 22:24:00 - [TEST_STEP][PASSED] - delay(2): Delayed 2 second(s)

2019-07-03 22:24:02 - [MESSAGE][PASSED] - Delayed 2 second(s)

2019-07-03 22:24:02 - [TEST_STEP][PASSED] - setText(findTestObject("Object Repository/Page_Ontario Cannabis Store - Infor/input_Adresse e-mail_checkoute"), "suman@gmail.com"): Text 'suman@gmail.com' is set on object 'Object Repository/Page_Ontario Cannabis Store - Infor/input_Adresse e-mail_checkoute'

2019-07-03 22:24:02 - [MESSAGE][PASSED] - Text 'suman@gmail.com' is set on object 'Object Repository/Page_Ontario Cannabis Store - Infor/input_Adresse e-mail_checkoute'

2019-07-03 22:24:02 - [TEST_STEP][PASSED] - setText(findTestObject("Object Repository/Page_Ontario Cannabis Store - Infor/input_Prnom_checkoutshipping_a"), "suman"): Text 'suman' is set on object 'Object Repository/Page_Ontario Cannabis Store - Infor/input_Prnom_checkoutshipping_a'

2019-07-03 22:24:02 - [MESSAGE][PASSED] - Text 'suman' is set on object 'Object Repository/Page_Ontario Cannabis Store - Infor/input_Prnom_checkoutshipping_a'

2019-07-03 22:24:02 - [TEST_STEP][PASSED] - setText(findTestObject("Object Repository/Page_Ontario Cannabis Store - Infor/input_Nom_checkoutshipping_add"), "kompelly"): Text 'kompelly' is set on object 'Object Repository/Page_Ontario Cannabis Store - Infor/input_Nom_checkoutshipping_add'

2019-07-03 22:24:02 - [MESSAGE][PASSED] - Text 'kompelly' is set on object 'Object Repository/Page_Ontario Cannabis Store - Infor/input_Nom_checkoutshipping_add'

2019-07-03 22:24:02 - [TEST_STEP][PASSED] - setText(findTestObject("Object Repository/Page_Ontario Cannabis Store - Infor/input_Adresse_checkoutshipping"), "123 test"): Text '123 test' is set on object 'Object Repository/Page_Ontario Cannabis Store - Infor/input_Adresse_checkoutshipping'

2019-07-03 22:24:02 - [MESSAGE][PASSED] - Text '123 test' is set on object 'Object Repository/Page_Ontario Cannabis Store - Infor/input_Adresse_checkoutshipping'

2019-07-03 22:24:02 - [TEST_STEP][PASSED] - setText(findTestObject("Object Repository/Page_Ontario Cannabis Store - Infor/input_Appartement suite etc. ("), "123"): Text '123' is set on object 'Object Repository/Page_Ontario Cannabis Store - Infor/input_Appartement suite etc. ('

2019-07-03 22:24:03 - [MESSAGE][PASSED] - Text '123' is set on object 'Object Repository/Page_Ontario Cannabis Store - Infor/input_Appartement suite etc. ('

2019-07-03 22:24:03 - [TEST_STEP][PASSED] - setText(findTestObject("Object Repository/Page_Ontario Cannabis Store - Infor/input_Ville_checkoutshipping_a"), "montreal"): Text 'montreal' is set on object 'Object Repository/Page_Ontario Cannabis Store - Infor/input_Ville_checkoutshipping_a'

2019-07-03 22:24:03 - [MESSAGE][PASSED] - Text 'montreal' is set on object 'Object Repository/Page_Ontario Cannabis Store - Infor/input_Ville_checkoutshipping_a'

2019-07-03 22:24:03 - [TEST_STEP][PASSED] - setText(findTestObject("Object Repository/Page_Ontario Cannabis Store - Infor/input_Code postal_checkoutship"), "n0r1k0"): Text 'n0r1k0' is set on object 'Object Repository/Page_Ontario Cannabis Store - Infor/input_Code postal_checkoutship'

2019-07-03 22:24:03 - [MESSAGE][PASSED] - Text 'n0r1k0' is set on object 'Object Repository/Page_Ontario Cannabis Store - Infor/input_Code postal_checkoutship'

2019-07-03 22:24:03 - [TEST_STEP][PASSED] - setText(findTestObject("Object Repository/Page_Ontario Cannabis Store - Infor/input_Tlphone_checkoutshipping"), "514-449-3883"): Text '514-449-3883' is set on object 'Object Repository/Page_Ontario Cannabis Store - Infor/input_Tlphone_checkoutshipping'

2019-07-03 22:24:03 - [MESSAGE][PASSED] - Text '514-449-3883' is set on object 'Object Repository/Page_Ontario Cannabis Store - Infor/input_Tlphone_checkoutshipping'

2019-07-03 22:24:03 - [TEST_STEP][PASSED] - delay(2): Delayed 2 second(s)

2019-07-03 22:24:05 - [MESSAGE][PASSED] - Delayed 2 second(s)

2019-07-03 22:24:05 - [TEST_STEP][PASSED] - click(findTestObject("Object Repository/Page_Ontario Cannabis Store - Infor/button_Continuer vers le mode")): Object: 'Object Repository/Page_Ontario Cannabis Store - Infor/button_Continuer vers le mode' is clicked on

2019-07-03 22:24:07 - [MESSAGE][PASSED] - Object: 'Object Repository/Page_Ontario Cannabis Store - Infor/button_Continuer vers le mode' is clicked on

2019-07-03 22:24:07 - [TEST_STEP][PASSED] - delay(4): Delayed 4 second(s)

2019-07-03 22:24:11 - [MESSAGE][PASSED] - Delayed 4 second(s)

2019-07-03 22:24:11 - [TEST_STEP][PASSED] - executeJavaScript("var previewBar = document.getElementById("preview-bar-iframe"); previewBar.style.display = "none";", []): Execute JavaScript 'var previewBar = document.getElementById("preview-bar-iframe"); previewBar.style.display = "none";' successfully

2019-07-03 22:24:11 - [MESSAGE][PASSED] - Execute JavaScript 'var previewBar = document.getElementById("preview-bar-iframe"); previewBar.style.display = "none";' successfully

2019-07-03 22:24:11 - [TEST_STEP][PASSED] - delay(2): Delayed 2 second(s)

2019-07-03 22:24:13 - [MESSAGE][PASSED] - Delayed 2 second(s)

2019-07-03 22:24:13 - [TEST_STEP][PASSED] - click(findTestObject("Object Repository/Page_Ontario Cannabis Store - Livra/button_Continuer vers le moyen")): Object: 'Object Repository/Page_Ontario Cannabis Store - Livra/button_Continuer vers le moyen' is clicked on

2019-07-03 22:24:15 - [MESSAGE][PASSED] - Object: 'Object Repository/Page_Ontario Cannabis Store - Livra/button_Continuer vers le moyen' is clicked on

2019-07-03 22:24:15 - [TEST_STEP][PASSED] - delay(1): Delayed 1 second(s)

2019-07-03 22:24:16 - [MESSAGE][PASSED] - Delayed 1 second(s)

2019-07-03 22:24:16 - [TEST_STEP][PASSED] - click(findTestObject("FRENCH/Change link span 1")): Object: 'Object Repository/FRENCH/Change link span 1' is clicked on

2019-07-03 22:24:18 - [MESSAGE][PASSED] - Object: 'Object Repository/FRENCH/Change link span 1' is clicked on

2019-07-03 22:24:18 - [TEST_STEP][PASSED] - delay(2): Delayed 2 second(s)

2019-07-03 22:24:20 - [MESSAGE][PASSED] - Delayed 2 second(s)

2019-07-03 22:24:20 - [TEST_STEP][PASSED] - executeJavaScript("var previewBar = document.getElementById("preview-bar-iframe"); previewBar.style.display = "none";", []): Execute JavaScript 'var previewBar = document.getElementById("preview-bar-iframe"); previewBar.style.display = "none";' successfully

2019-07-03 22:24:20 - [MESSAGE][PASSED] - Execute JavaScript 'var previewBar = document.getElementById("preview-bar-iframe"); previewBar.style.display = "none";' successfully

2019-07-03 22:24:20 - [TEST_STEP][PASSED] - delay(3): Delayed 3 second(s)

2019-07-03 22:24:23 - [MESSAGE][PASSED] - Delayed 3 second(s)

2019-07-03 22:24:23 - [TEST_STEP][PASSED] - click(findTestObject("Page_Ontario Cannabis Store - Infor/button_Continuer vers le mode")): Object: 'Object Repository/Page_Ontario Cannabis Store - Infor/button_Continuer vers le mode' is clicked on

2019-07-03 22:24:25 - [MESSAGE][PASSED] - Object: 'Object Repository/Page_Ontario Cannabis Store - Infor/button_Continuer vers le mode' is clicked on

2019-07-03 22:24:25 - [TEST_STEP][PASSED] - delay(3): Delayed 3 second(s)

2019-07-03 22:24:28 - [MESSAGE][PASSED] - Delayed 3 second(s)

2019-07-03 22:24:28 - [TEST_STEP][PASSED] - executeJavaScript("var previewBar = document.getElementById("preview-bar-iframe"); previewBar.style.display = "none";", []): Execute JavaScript 'var previewBar = document.getElementById("preview-bar-iframe"); previewBar.style.display = "none";' successfully

2019-07-03 22:24:28 - [MESSAGE][PASSED] - Execute JavaScript 'var previewBar = document.getElementById("preview-bar-iframe"); previewBar.style.display = "none";' successfully

2019-07-03 22:24:28 - [TEST_STEP][PASSED] - delay(1): Delayed 1 second(s)

2019-07-03 22:24:29 - [MESSAGE][PASSED] - Delayed 1 second(s)

2019-07-03 22:24:29 - [TEST_STEP][PASSED] - click(findTestObject("Page_Ontario Cannabis Store - Livra/button_Continuer vers le moyen")): Object: 'Object Repository/Page_Ontario Cannabis Store - Livra/button_Continuer vers le moyen' is clicked on

2019-07-03 22:24:30 - [MESSAGE][PASSED] - Object: 'Object Repository/Page_Ontario Cannabis Store - Livra/button_Continuer vers le moyen' is clicked on

2019-07-03 22:24:30 - [TEST_STEP][PASSED] - delay(3): Delayed 3 second(s)

2019-07-03 22:24:33 - [MESSAGE][PASSED] - Delayed 3 second(s)

2019-07-03 22:24:33 - [TEST_STEP][PASSED] - executeJavaScript("var previewBar = document.getElementById("preview-bar-iframe"); previewBar.style.display = "none";", []): Execute JavaScript 'var previewBar = document.getElementById("preview-bar-iframe"); previewBar.style.display = "none";' successfully

2019-07-03 22:24:33 - [MESSAGE][PASSED] - Execute JavaScript 'var previewBar = document.getElementById("preview-bar-iframe"); previewBar.style.display = "none";' successfully

2019-07-03 22:24:33 - [TEST_STEP][PASSED] - delay(1): Delayed 1 second(s)

2019-07-03 22:24:34 - [MESSAGE][PASSED] - Delayed 1 second(s)

2019-07-03 22:24:34 - [TEST_STEP][PASSED] - click(findTestObject("FRENCH/Change link span 2")): Object: 'Object Repository/FRENCH/Change link span 2' is clicked on

2019-07-03 22:24:36 - [MESSAGE][PASSED] - Object: 'Object Repository/FRENCH/Change link span 2' is clicked on

2019-07-03 22:24:36 - [TEST_STEP][PASSED] - delay(3): Delayed 3 second(s)

2019-07-03 22:24:39 - [MESSAGE][PASSED] - Delayed 3 second(s)

2019-07-03 22:24:39 - [TEST_STEP][PASSED] - executeJavaScript("var previewBar = document.getElementById("preview-bar-iframe"); previewBar.style.display = "none";", []): Execute JavaScript 'var previewBar = document.getElementById("preview-bar-iframe"); previewBar.style.display = "none";' successfully

2019-07-03 22:24:39 - [MESSAGE][PASSED] - Execute JavaScript 'var previewBar = document.getElementById("preview-bar-iframe"); previewBar.style.display = "none";' successfully

2019-07-03 22:24:39 - [TEST_STEP][PASSED] - delay(1): Delayed 1 second(s)

2019-07-03 22:24:40 - [MESSAGE][PASSED] - Delayed 1 second(s)

2019-07-03 22:24:40 - [TEST_STEP][PASSED] - click(findTestObject("Page_Ontario Cannabis Store - Infor/button_Continuer vers le mode")): Object: 'Object Repository/Page_Ontario Cannabis Store - Infor/button_Continuer vers le mode' is clicked on

2019-07-03 22:24:41 - [MESSAGE][PASSED] - Object: 'Object Repository/Page_Ontario Cannabis Store - Infor/button_Continuer vers le mode' is clicked on

2019-07-03 22:24:41 - [TEST_STEP][PASSED] - delay(3): Delayed 3 second(s)

2019-07-03 22:24:44 - [MESSAGE][PASSED] - Delayed 3 second(s)

2019-07-03 22:24:44 - [TEST_STEP][PASSED] - executeJavaScript("var previewBar = document.getElementById("preview-bar-iframe"); previewBar.style.display = "none";", []): Execute JavaScript 'var previewBar = document.getElementById("preview-bar-iframe"); previewBar.style.display = "none";' successfully

2019-07-03 22:24:44 - [MESSAGE][PASSED] - Execute JavaScript 'var previewBar = document.getElementById("preview-bar-iframe"); previewBar.style.display = "none";' successfully

2019-07-03 22:24:44 - [TEST_STEP][PASSED] - delay(1): Delayed 1 second(s)

2019-07-03 22:24:45 - [MESSAGE][PASSED] - Delayed 1 second(s)

2019-07-03 22:24:45 - [TEST_STEP][PASSED] - click(findTestObject("Page_Ontario Cannabis Store - Infor/button_Continuer vers le mode")): Object: 'Object Repository/Page_Ontario Cannabis Store - Infor/button_Continuer vers le mode' is clicked on

2019-07-03 22:24:47 - [MESSAGE][PASSED] - Object: 'Object Repository/Page_Ontario Cannabis Store - Infor/button_Continuer vers le mode' is clicked on

2019-07-03 22:24:47 - [TEST_STEP][PASSED] - delay(3): Delayed 3 second(s)

2019-07-03 22:24:50 - [MESSAGE][PASSED] - Delayed 3 second(s)

2019-07-03 22:24:50 - [TEST_STEP][PASSED] - executeJavaScript("var previewBar = document.getElementById("preview-bar-iframe"); previewBar.style.display = "none";", []): Execute JavaScript 'var previewBar = document.getElementById("preview-bar-iframe"); previewBar.style.display = "none";' successfully

2019-07-03 22:24:50 - [MESSAGE][PASSED] - Execute JavaScript 'var previewBar = document.getElementById("preview-bar-iframe"); previewBar.style.display = "none";' successfully

2019-07-03 22:24:50 - [TEST_STEP][PASSED] - click(findTestObject("OCS-DESKTOP/Customer info page/Cart - Breadcrumb link")): Object: 'Object Repository/OCS-DESKTOP/Customer info page/Cart - Breadcrumb link' is clicked on

2019-07-03 22:24:52 - [MESSAGE][PASSED] - Object: 'Object Repository/OCS-DESKTOP/Customer info page/Cart - Breadcrumb link' is clicked on

2019-07-03 22:24:52 - [TEST_STEP][PASSED] - executeJavaScript("var previewBar = document.getElementById("preview-bar-iframe"); previewBar.style.display = "none";", []): Execute JavaScript 'var previewBar = document.getElementById("preview-bar-iframe"); previewBar.style.display = "none";' successfully

2019-07-03 22:24:52 - [MESSAGE][PASSED] - Execute JavaScript 'var previewBar = document.getElementById("preview-bar-iframe"); previewBar.style.display = "none";' successfully

2019-07-03 22:24:52 - [TEST_STEP][PASSED] - delay(3): Delayed 3 second(s)

2019-07-03 22:24:55 - [MESSAGE][PASSED] - Delayed 3 second(s)

2019-07-03 22:24:55 - [TEST_STEP][FAILED] - click(findTestObject("OCS-DESKTOP/Cart page/cart page-Checkbox_I confirm that")): click(findTestObject("OCS-DESKTOP/Cart page/cart page-Checkbox_I confirm that")) FAILED.
Reason:
com.kms.katalon.core.exception.StepFailedException: Unable to click on object 'Object Repository/OCS-DESKTOP/Cart page/cart page-Checkbox_I confirm that' (Root cause: org.openqa.selenium.ElementNotInteractableException: Element <label> could not be scrolled into view
Build info: version: '3.7.1', revision: '8a0099a', time: '2017-11-06T21:07:36.161Z'
System info: host: 'sumans-MacBook-Pro.local', ip: 'fe80:0:0:0:10b5:ab76:5e8b:ef36%en0', os.name: 'Mac OS X', os.arch: 'x86_64', os.version: '10.13.6', java.version: '1.8.0_181'
Driver info: com.kms.katalon.core.webui.driver.firefox.CGeckoDriver
Capabilities {acceptInsecureCerts: true, browserName: firefox, browserVersion: 67.0.4, javascriptEnabled: true, moz:accessibilityChecks: false, moz:buildID: 20190619235627, moz:geckodriverVersion: 0.23.0, moz:headless: false, moz:processID: 683, moz:profile: /var/folders/1t/c55l8xzs6gq..., moz:shutdownTimeout: 60000, moz:useNonSpecCompliantPointerOrigin: false, moz:webdriverClick: true, pageLoadStrategy: normal, platform: MAC, platformName: MAC, platformVersion: 17.7.0, proxy: Proxy(direct), rotatable: false, setWindowRect: true, strictFileInteractability: false, timeouts: {implicit: 0, pageLoad: 300000, script: 30000}, unhandledPromptBehavior: dismiss and notify}
Session ID: 64407621-6dbe-9446-bf83-745509bb8341)
	at com.kms.katalon.core.keyword.internal.KeywordMain.stepFailed(KeywordMain.groovy:36)
	at com.kms.katalon.core.webui.keyword.internal.WebUIKeywordMain.stepFailed(WebUIKeywordMain.groovy:65)
	at com.kms.katalon.core.webui.keyword.internal.WebUIKeywordMain.runKeyword(WebUIKeywordMain.groovy:27)
	at com.kms.katalon.core.webui.keyword.builtin.ClickKeyword.click(ClickKeyword.groovy:86)
	at com.kms.katalon.core.webui.keyword.builtin.ClickKeyword.execute(ClickKeyword.groovy:67)
	at com.kms.katalon.core.keyword.internal.KeywordExecutor.executeKeywordForPlatform(KeywordExecutor.groovy:53)
	at com.kms.katalon.core.webui.keyword.WebUiBuiltInKeywords.click(WebUiBuiltInKeywords.groovy:616)
	at com.kms.katalon.core.webui.keyword.WebUiBuiltInKeywords$click$4.call(Unknown Source)
	at Checkout-Payment - fr.run(Checkout-Payment - fr:166)
	at com.kms.katalon.core.main.ScriptEngine.run(ScriptEngine.java:194)
	at com.kms.katalon.core.main.ScriptEngine.runScriptAsRawText(ScriptEngine.java:119)
	at com.kms.katalon.core.main.TestCaseExecutor.runScript(TestCaseExecutor.java:328)
	at com.kms.katalon.core.main.TestCaseExecutor.doExecute(TestCaseExecutor.java:319)
	at com.kms.katalon.core.main.TestCaseExecutor.processExecutionPhase(TestCaseExecutor.java:298)
	at com.kms.katalon.core.main.TestCaseExecutor.accessMainPhase(TestCaseExecutor.java:290)
	at com.kms.katalon.core.main.TestCaseExecutor.execute(TestCaseExecutor.java:224)
	at com.kms.katalon.core.main.TestSuiteExecutor.accessTestCaseMainPhase(TestSuiteExecutor.java:129)
	at com.kms.katalon.core.main.TestSuiteExecutor.accessTestSuiteMainPhase(TestSuiteExecutor.java:112)
	at com.kms.katalon.core.main.TestSuiteExecutor.execute(TestSuiteExecutor.java:81)
	at com.kms.katalon.core.main.TestCaseMain.startTestSuite(TestCaseMain.java:149)
	at com.kms.katalon.core.main.TestCaseMain$startTestSuite$0.call(Unknown Source)
	at TempTestSuite1562205541804.run(TempTestSuite1562205541804.groovy:36)


2019-07-03 22:24:55 - [MESSAGE][FAILED] - Unable to click on object 'Object Repository/OCS-DESKTOP/Cart page/cart page-Checkbox_I confirm that' (Root cause: org.openqa.selenium.ElementNotInteractableException: Element <label> could not be scrolled into view
Build info: version: '3.7.1', revision: '8a0099a', time: '2017-11-06T21:07:36.161Z'
System info: host: 'sumans-MacBook-Pro.local', ip: 'fe80:0:0:0:10b5:ab76:5e8b:ef36%en0', os.name: 'Mac OS X', os.arch: 'x86_64', os.version: '10.13.6', java.version: '1.8.0_181'
Driver info: com.kms.katalon.core.webui.driver.firefox.CGeckoDriver
Capabilities {acceptInsecureCerts: true, browserName: firefox, browserVersion: 67.0.4, javascriptEnabled: true, moz:accessibilityChecks: false, moz:buildID: 20190619235627, moz:geckodriverVersion: 0.23.0, moz:headless: false, moz:processID: 683, moz:profile: /var/folders/1t/c55l8xzs6gq..., moz:shutdownTimeout: 60000, moz:useNonSpecCompliantPointerOrigin: false, moz:webdriverClick: true, pageLoadStrategy: normal, platform: MAC, platformName: MAC, platformVersion: 17.7.0, proxy: Proxy(direct), rotatable: false, setWindowRect: true, strictFileInteractability: false, timeouts: {implicit: 0, pageLoad: 300000, script: 30000}, unhandledPromptBehavior: dismiss and notify}
Session ID: 64407621-6dbe-9446-bf83-745509bb8341)
[[ATTACHMENT|/Users/sumankompelly/Relative xpath-Desktop/Reports/1.11.2/20190703_215901/1562207095267.png]]

2019-07-03 22:24:55 - [MESSAGE][FAILED] - click(findTestObject("OCS-DESKTOP/Cart page/cart page-Checkbox_I confirm that")) FAILED.
Reason:
com.kms.katalon.core.exception.StepFailedException: Unable to click on object 'Object Repository/OCS-DESKTOP/Cart page/cart page-Checkbox_I confirm that' (Root cause: org.openqa.selenium.ElementNotInteractableException: Element <label> could not be scrolled into view
Build info: version: '3.7.1', revision: '8a0099a', time: '2017-11-06T21:07:36.161Z'
System info: host: 'sumans-MacBook-Pro.local', ip: 'fe80:0:0:0:10b5:ab76:5e8b:ef36%en0', os.name: 'Mac OS X', os.arch: 'x86_64', os.version: '10.13.6', java.version: '1.8.0_181'
Driver info: com.kms.katalon.core.webui.driver.firefox.CGeckoDriver
Capabilities {acceptInsecureCerts: true, browserName: firefox, browserVersion: 67.0.4, javascriptEnabled: true, moz:accessibilityChecks: false, moz:buildID: 20190619235627, moz:geckodriverVersion: 0.23.0, moz:headless: false, moz:processID: 683, moz:profile: /var/folders/1t/c55l8xzs6gq..., moz:shutdownTimeout: 60000, moz:useNonSpecCompliantPointerOrigin: false, moz:webdriverClick: true, pageLoadStrategy: normal, platform: MAC, platformName: MAC, platformVersion: 17.7.0, proxy: Proxy(direct), rotatable: false, setWindowRect: true, strictFileInteractability: false, timeouts: {implicit: 0, pageLoad: 300000, script: 30000}, unhandledPromptBehavior: dismiss and notify}
Session ID: 64407621-6dbe-9446-bf83-745509bb8341)
	at com.kms.katalon.core.keyword.internal.KeywordMain.stepFailed(KeywordMain.groovy:36)
	at com.kms.katalon.core.webui.keyword.internal.WebUIKeywordMain.stepFailed(WebUIKeywordMain.groovy:65)
	at com.kms.katalon.core.webui.keyword.internal.WebUIKeywordMain.runKeyword(WebUIKeywordMain.groovy:27)
	at com.kms.katalon.core.webui.keyword.builtin.ClickKeyword.click(ClickKeyword.groovy:86)
	at com.kms.katalon.core.webui.keyword.builtin.ClickKeyword.execute(ClickKeyword.groovy:67)
	at com.kms.katalon.core.keyword.internal.KeywordExecutor.executeKeywordForPlatform(KeywordExecutor.groovy:53)
	at com.kms.katalon.core.webui.keyword.WebUiBuiltInKeywords.click(WebUiBuiltInKeywords.groovy:616)
	at com.kms.katalon.core.webui.keyword.WebUiBuiltInKeywords$click$4.call(Unknown Source)
	at Checkout-Payment - fr.run(Checkout-Payment - fr:166)
	at com.kms.katalon.core.main.ScriptEngine.run(ScriptEngine.java:194)
	at com.kms.katalon.core.main.ScriptEngine.runScriptAsRawText(ScriptEngine.java:119)
	at com.kms.katalon.core.main.TestCaseExecutor.runScript(TestCaseExecutor.java:328)
	at com.kms.katalon.core.main.TestCaseExecutor.doExecute(TestCaseExecutor.java:319)
	at com.kms.katalon.core.main.TestCaseExecutor.processExecutionPhase(TestCaseExecutor.java:298)
	at com.kms.katalon.core.main.TestCaseExecutor.accessMainPhase(TestCaseExecutor.java:290)
	at com.kms.katalon.core.main.TestCaseExecutor.execute(TestCaseExecutor.java:224)
	at com.kms.katalon.core.main.TestSuiteExecutor.accessTestCaseMainPhase(TestSuiteExecutor.java:129)
	at com.kms.katalon.core.main.TestSuiteExecutor.accessTestSuiteMainPhase(TestSuiteExecutor.java:112)
	at com.kms.katalon.core.main.TestSuiteExecutor.execute(TestSuiteExecutor.java:81)
	at com.kms.katalon.core.main.TestCaseMain.startTestSuite(TestCaseMain.java:149)
	at com.kms.katalon.core.main.TestCaseMain$startTestSuite$0.call(Unknown Source)
	at TempTestSuite1562205541804.run(TempTestSuite1562205541804.groovy:36)]]></system-out>
         <system-err><![CDATA[2019-07-03 22:22:56 - [TEST_CASE][FAILED] - Test Cases/OCS - DESKTOP/OCS- CRITICAL PATH - FRENCH/Checkout-Payment - fr: Test Cases/OCS - DESKTOP/OCS- CRITICAL PATH - FRENCH/Checkout-Payment - fr FAILED.
Reason:
com.kms.katalon.core.exception.StepFailedException: Unable to click on object 'Object Repository/OCS-DESKTOP/Cart page/cart page-Checkbox_I confirm that' (Root cause: org.openqa.selenium.ElementNotInteractableException: Element <label> could not be scrolled into view
Build info: version: '3.7.1', revision: '8a0099a', time: '2017-11-06T21:07:36.161Z'
System info: host: 'sumans-MacBook-Pro.local', ip: 'fe80:0:0:0:10b5:ab76:5e8b:ef36%en0', os.name: 'Mac OS X', os.arch: 'x86_64', os.version: '10.13.6', java.version: '1.8.0_181'
Driver info: com.kms.katalon.core.webui.driver.firefox.CGeckoDriver
Capabilities {acceptInsecureCerts: true, browserName: firefox, browserVersion: 67.0.4, javascriptEnabled: true, moz:accessibilityChecks: false, moz:buildID: 20190619235627, moz:geckodriverVersion: 0.23.0, moz:headless: false, moz:processID: 683, moz:profile: /var/folders/1t/c55l8xzs6gq..., moz:shutdownTimeout: 60000, moz:useNonSpecCompliantPointerOrigin: false, moz:webdriverClick: true, pageLoadStrategy: normal, platform: MAC, platformName: MAC, platformVersion: 17.7.0, proxy: Proxy(direct), rotatable: false, setWindowRect: true, strictFileInteractability: false, timeouts: {implicit: 0, pageLoad: 300000, script: 30000}, unhandledPromptBehavior: dismiss and notify}
Session ID: 64407621-6dbe-9446-bf83-745509bb8341)
	at com.kms.katalon.core.keyword.internal.KeywordMain.stepFailed(KeywordMain.groovy:36)
	at com.kms.katalon.core.webui.keyword.internal.WebUIKeywordMain.stepFailed(WebUIKeywordMain.groovy:65)
	at com.kms.katalon.core.webui.keyword.internal.WebUIKeywordMain.runKeyword(WebUIKeywordMain.groovy:27)
	at com.kms.katalon.core.webui.keyword.builtin.ClickKeyword.click(ClickKeyword.groovy:86)
	at com.kms.katalon.core.webui.keyword.builtin.ClickKeyword.execute(ClickKeyword.groovy:67)
	at com.kms.katalon.core.keyword.internal.KeywordExecutor.executeKeywordForPlatform(KeywordExecutor.groovy:53)
	at com.kms.katalon.core.webui.keyword.WebUiBuiltInKeywords.click(WebUiBuiltInKeywords.groovy:616)
	at com.kms.katalon.core.webui.keyword.WebUiBuiltInKeywords$click$4.call(Unknown Source)
	at Checkout-Payment - fr.run(Checkout-Payment - fr:166)
	at com.kms.katalon.core.main.ScriptEngine.run(ScriptEngine.java:194)
	at com.kms.katalon.core.main.ScriptEngine.runScriptAsRawText(ScriptEngine.java:119)
	at com.kms.katalon.core.main.TestCaseExecutor.runScript(TestCaseExecutor.java:328)
	at com.kms.katalon.core.main.TestCaseExecutor.doExecute(TestCaseExecutor.java:319)
	at com.kms.katalon.core.main.TestCaseExecutor.processExecutionPhase(TestCaseExecutor.java:298)
	at com.kms.katalon.core.main.TestCaseExecutor.accessMainPhase(TestCaseExecutor.java:290)
	at com.kms.katalon.core.main.TestCaseExecutor.execute(TestCaseExecutor.java:224)
	at com.kms.katalon.core.main.TestSuiteExecutor.accessTestCaseMainPhase(TestSuiteExecutor.java:129)
	at com.kms.katalon.core.main.TestSuiteExecutor.accessTestSuiteMainPhase(TestSuiteExecutor.java:112)
	at com.kms.katalon.core.main.TestSuiteExecutor.execute(TestSuiteExecutor.java:81)
	at com.kms.katalon.core.main.TestCaseMain.startTestSuite(TestCaseMain.java:149)
	at com.kms.katalon.core.main.TestCaseMain$startTestSuite$0.call(Unknown Source)
	at TempTestSuite1562205541804.run(TempTestSuite1562205541804.groovy:36)]]></system-err>
      </testcase>
      <testcase name="Test Cases/OCS - DESKTOP/OCS- CRITICAL PATH - FRENCH/Cart flyout - increase qty -fr" classname="Test Cases/OCS - DESKTOP/OCS- CRITICAL PATH - FRENCH/Cart flyout - increase qty -fr" status="ERROR">
         <error type="ERROR" message="Test Cases/OCS - DESKTOP/OCS- CRITICAL PATH - FRENCH/Cart flyout - increase qty -fr FAILED.
Reason:
java.lang.StringIndexOutOfBoundsException: String index out of range: -1
	at java_lang_String$substring$0.call(Unknown Source)
	at Cart flyout - increase qty -fr.run(Cart flyout - increase qty -fr:63)
	at com.kms.katalon.core.main.ScriptEngine.run(ScriptEngine.java:194)
	at com.kms.katalon.core.main.ScriptEngine.runScriptAsRawText(ScriptEngine.java:119)
	at com.kms.katalon.core.main.TestCaseExecutor.runScript(TestCaseExecutor.java:328)
	at com.kms.katalon.core.main.TestCaseExecutor.doExecute(TestCaseExecutor.java:319)
	at com.kms.katalon.core.main.TestCaseExecutor.processExecutionPhase(TestCaseExecutor.java:298)
	at com.kms.katalon.core.main.TestCaseExecutor.accessMainPhase(TestCaseExecutor.java:290)
	at com.kms.katalon.core.main.TestCaseExecutor.execute(TestCaseExecutor.java:224)
	at com.kms.katalon.core.main.TestSuiteExecutor.accessTestCaseMainPhase(TestSuiteExecutor.java:129)
	at com.kms.katalon.core.main.TestSuiteExecutor.accessTestSuiteMainPhase(TestSuiteExecutor.java:112)
	at com.kms.katalon.core.main.TestSuiteExecutor.execute(TestSuiteExecutor.java:81)
	at com.kms.katalon.core.main.TestCaseMain.startTestSuite(TestCaseMain.java:149)
	at com.kms.katalon.core.main.TestCaseMain$startTestSuite$0.call(Unknown Source)
	at TempTestSuite1562205541804.run(TempTestSuite1562205541804.groovy:36)
"/>
         <system-out><![CDATA[2019-07-03 22:24:55 - [TEST_CASE][ERROR] - Test Cases/OCS - DESKTOP/OCS- CRITICAL PATH - FRENCH/Cart flyout - increase qty -fr: Test Cases/OCS - DESKTOP/OCS- CRITICAL PATH - FRENCH/Cart flyout - increase qty -fr FAILED.
Reason:
java.lang.StringIndexOutOfBoundsException: String index out of range: -1
	at java_lang_String$substring$0.call(Unknown Source)
	at Cart flyout - increase qty -fr.run(Cart flyout - increase qty -fr:63)
	at com.kms.katalon.core.main.ScriptEngine.run(ScriptEngine.java:194)
	at com.kms.katalon.core.main.ScriptEngine.runScriptAsRawText(ScriptEngine.java:119)
	at com.kms.katalon.core.main.TestCaseExecutor.runScript(TestCaseExecutor.java:328)
	at com.kms.katalon.core.main.TestCaseExecutor.doExecute(TestCaseExecutor.java:319)
	at com.kms.katalon.core.main.TestCaseExecutor.processExecutionPhase(TestCaseExecutor.java:298)
	at com.kms.katalon.core.main.TestCaseExecutor.accessMainPhase(TestCaseExecutor.java:290)
	at com.kms.katalon.core.main.TestCaseExecutor.execute(TestCaseExecutor.java:224)
	at com.kms.katalon.core.main.TestSuiteExecutor.accessTestCaseMainPhase(TestSuiteExecutor.java:129)
	at com.kms.katalon.core.main.TestSuiteExecutor.accessTestSuiteMainPhase(TestSuiteExecutor.java:112)
	at com.kms.katalon.core.main.TestSuiteExecutor.execute(TestSuiteExecutor.java:81)
	at com.kms.katalon.core.main.TestCaseMain.startTestSuite(TestCaseMain.java:149)
	at com.kms.katalon.core.main.TestCaseMain$startTestSuite$0.call(Unknown Source)
	at TempTestSuite1562205541804.run(TempTestSuite1562205541804.groovy:36)


2019-07-03 22:24:55 - [TEST_STEP][PASSED] - callTestCase(findTestCase("OCS - DESKTOP/CALL- Age gate"), [:], STOP_ON_FAILURE): Call Test Case 'Test Cases/OCS - DESKTOP/CALL- Age gate' successfully

2019-07-03 22:24:55 - [TEST_CASE][PASSED] - Test Cases/OCS - DESKTOP/CALL- Age gate: Test Cases/OCS - DESKTOP/CALL- Age gate

2019-07-03 22:24:55 - [TEST_STEP][PASSED] - openBrowser(""): Browser is opened with url: ''

2019-07-03 22:24:55 - [MESSAGE][WARNING] - A browser is already opened. Closing browser and opening a new one

2019-07-03 22:24:56 - [MESSAGE][INFO] - Starting 'Firefox' driver

2019-07-03 22:24:58 - [MESSAGE][PASSED] - Browser is opened with url: ''

2019-07-03 22:24:58 - [TEST_STEP][PASSED] - navigateToUrl("https://ocs.ca/?fts=0&preview_theme_id=74203891532"): Navigate to 'https://ocs.ca/?fts=0&preview_theme_id=74203891532' successfully

2019-07-03 22:25:01 - [MESSAGE][PASSED] - Navigate to 'https://ocs.ca/?fts=0&preview_theme_id=74203891532' successfully

2019-07-03 22:25:01 - [TEST_STEP][PASSED] - maximizeWindow(): Current window maximized

2019-07-03 22:25:02 - [MESSAGE][PASSED] - Current window maximized

2019-07-03 22:25:02 - [TEST_STEP][PASSED] - delay(2): Delayed 2 second(s)

2019-07-03 22:25:04 - [MESSAGE][PASSED] - Delayed 2 second(s)

2019-07-03 22:25:04 - [TEST_STEP][PASSED] - executeJavaScript("var previewBar = document.getElementById("preview-bar-iframe"); previewBar.style.display = "none";", []): Execute JavaScript 'var previewBar = document.getElementById("preview-bar-iframe"); previewBar.style.display = "none";' successfully

2019-07-03 22:25:04 - [MESSAGE][PASSED] - Execute JavaScript 'var previewBar = document.getElementById("preview-bar-iframe"); previewBar.style.display = "none";' successfully

2019-07-03 22:25:04 - [TEST_STEP][PASSED] - selectOptionByValue(findTestObject("OCS-DESKTOP/Age gate and Mega menu/Date"), "12", true): All options with value '12' are selected in object 'Object Repository/OCS-DESKTOP/Age gate and Mega menu/Date'  using regular expression

2019-07-03 22:25:05 - [MESSAGE][PASSED] - All options with value '12' are selected in object 'Object Repository/OCS-DESKTOP/Age gate and Mega menu/Date'  using regular expression

2019-07-03 22:25:05 - [TEST_STEP][PASSED] - selectOptionByValue(findTestObject("OCS-DESKTOP/Age gate and Mega menu/month"), "6", true): All options with value '6' are selected in object 'Object Repository/OCS-DESKTOP/Age gate and Mega menu/month'  using regular expression

2019-07-03 22:25:05 - [MESSAGE][PASSED] - All options with value '6' are selected in object 'Object Repository/OCS-DESKTOP/Age gate and Mega menu/month'  using regular expression

2019-07-03 22:25:05 - [TEST_STEP][PASSED] - delay(2): Delayed 2 second(s)

2019-07-03 22:25:07 - [MESSAGE][PASSED] - Delayed 2 second(s)

2019-07-03 22:25:07 - [TEST_STEP][PASSED] - selectOptionByValue(findTestObject("OCS-DESKTOP/Age gate and Mega menu/Year Dropdown"), "1990", true): All options with value '1990' are selected in object 'Object Repository/OCS-DESKTOP/Age gate and Mega menu/Year Dropdown'  using regular expression

2019-07-03 22:25:08 - [MESSAGE][PASSED] - All options with value '1990' are selected in object 'Object Repository/OCS-DESKTOP/Age gate and Mega menu/Year Dropdown'  using regular expression

2019-07-03 22:25:08 - [TEST_STEP][PASSED] - click(findTestObject("OCS-DESKTOP/Age gate and Mega menu/button_Verify")): Object: 'Object Repository/OCS-DESKTOP/Age gate and Mega menu/button_Verify' is clicked on

2019-07-03 22:25:09 - [MESSAGE][PASSED] - Object: 'Object Repository/OCS-DESKTOP/Age gate and Mega menu/button_Verify' is clicked on

2019-07-03 22:25:09 - [TEST_STEP][PASSED] - click(findTestObject("OCS-DESKTOP/Age gate and Mega menu/Checkbox_CONFIRM AND ACKNOWLEDGE")): Object: 'Object Repository/OCS-DESKTOP/Age gate and Mega menu/Checkbox_CONFIRM AND ACKNOWLEDGE' is clicked on

2019-07-03 22:25:09 - [MESSAGE][PASSED] - Object: 'Object Repository/OCS-DESKTOP/Age gate and Mega menu/Checkbox_CONFIRM AND ACKNOWLEDGE' is clicked on

2019-07-03 22:25:09 - [TEST_STEP][PASSED] - click(findTestObject("OCS-DESKTOP/Age gate and Mega menu/button_CONFIRM")): Object: 'Object Repository/OCS-DESKTOP/Age gate and Mega menu/button_CONFIRM' is clicked on

2019-07-03 22:25:09 - [MESSAGE][PASSED] - Object: 'Object Repository/OCS-DESKTOP/Age gate and Mega menu/button_CONFIRM' is clicked on

2019-07-03 22:25:09 - [TEST_STEP][PASSED] - click(findTestObject("OCS-DESKTOP/Age gate and Mega menu/button_Start Browsing")): Object: 'Object Repository/OCS-DESKTOP/Age gate and Mega menu/button_Start Browsing' is clicked on

2019-07-03 22:25:09 - [MESSAGE][PASSED] - Object: 'Object Repository/OCS-DESKTOP/Age gate and Mega menu/button_Start Browsing' is clicked on

2019-07-03 22:25:09 - [TEST_STEP][PASSED] - delay(2): Delayed 2 second(s)

2019-07-03 22:25:11 - [MESSAGE][PASSED] - Delayed 2 second(s)

2019-07-03 22:25:11 - [TEST_STEP][PASSED] - refresh(): Refresh successfully

2019-07-03 22:25:15 - [MESSAGE][PASSED] - Refresh successfully

2019-07-03 22:25:15 - [MESSAGE][PASSED] - Call Test Case 'Test Cases/OCS - DESKTOP/CALL- Age gate' successfully

2019-07-03 22:25:15 - [TEST_STEP][PASSED] - delay(2): Delayed 2 second(s)

2019-07-03 22:25:17 - [MESSAGE][PASSED] - Delayed 2 second(s)

2019-07-03 22:25:17 - [TEST_STEP][PASSED] - callTestCase(findTestCase("OCS - DESKTOP/CALL - TOGGLING LANGUAGE"), [:], STOP_ON_FAILURE): Call Test Case 'Test Cases/OCS - DESKTOP/CALL - TOGGLING LANGUAGE' successfully

2019-07-03 22:25:17 - [TEST_CASE][PASSED] - Test Cases/OCS - DESKTOP/CALL - TOGGLING LANGUAGE: Test Cases/OCS - DESKTOP/CALL - TOGGLING LANGUAGE

2019-07-03 22:25:17 - [TEST_STEP][PASSED] - delay(2): Delayed 2 second(s)

2019-07-03 22:25:19 - [MESSAGE][PASSED] - Delayed 2 second(s)

2019-07-03 22:25:19 - [TEST_STEP][PASSED] - click(findTestObject("OCS-DESKTOP/Cart flyout/English dropdown")): Object: 'Object Repository/OCS-DESKTOP/Cart flyout/English dropdown' is clicked on

2019-07-03 22:25:19 - [MESSAGE][PASSED] - Object: 'Object Repository/OCS-DESKTOP/Cart flyout/English dropdown' is clicked on

2019-07-03 22:25:19 - [TEST_STEP][PASSED] - delay(2): Delayed 2 second(s)

2019-07-03 22:25:21 - [MESSAGE][PASSED] - Delayed 2 second(s)

2019-07-03 22:25:21 - [TEST_STEP][PASSED] - click(findTestObject("OCS-DESKTOP/Cart flyout/Select French")): Object: 'Object Repository/OCS-DESKTOP/Cart flyout/Select French' is clicked on

2019-07-03 22:25:22 - [MESSAGE][PASSED] - Object: 'Object Repository/OCS-DESKTOP/Cart flyout/Select French' is clicked on

2019-07-03 22:25:22 - [TEST_STEP][PASSED] - delay(5): Delayed 5 second(s)

2019-07-03 22:25:27 - [MESSAGE][PASSED] - Delayed 5 second(s)

2019-07-03 22:25:27 - [TEST_STEP][PASSED] - e = getWindowTitle(): Current window's title is: 'Magasin de Cannabis de l'Ontario | Ontario Cannabis Store'

2019-07-03 22:25:27 - [MESSAGE][PASSED] - Current window's title is: 'Magasin de Cannabis de l'Ontario | Ontario Cannabis Store'

2019-07-03 22:25:27 - [MESSAGE][PASSED] - Call Test Case 'Test Cases/OCS - DESKTOP/CALL - TOGGLING LANGUAGE' successfully

2019-07-03 22:25:27 - [TEST_STEP][PASSED] - click(findTestObject("OCS-DESKTOP/Age gate and Mega menu/Header/CANNABIS menu - English")): Object: 'Object Repository/OCS-DESKTOP/Age gate and Mega menu/Header/CANNABIS menu - English' is clicked on

2019-07-03 22:25:27 - [MESSAGE][PASSED] - Object: 'Object Repository/OCS-DESKTOP/Age gate and Mega menu/Header/CANNABIS menu - English' is clicked on

2019-07-03 22:25:27 - [TEST_STEP][PASSED] - delay(2): Delayed 2 second(s)

2019-07-03 22:25:29 - [MESSAGE][PASSED] - Delayed 2 second(s)

2019-07-03 22:25:29 - [TEST_STEP][PASSED] - executeJavaScript("var previewBar = document.getElementById("preview-bar-iframe"); previewBar.style.display = "none";", []): Execute JavaScript 'var previewBar = document.getElementById("preview-bar-iframe"); previewBar.style.display = "none";' successfully

2019-07-03 22:25:29 - [MESSAGE][PASSED] - Execute JavaScript 'var previewBar = document.getElementById("preview-bar-iframe"); previewBar.style.display = "none";' successfully

2019-07-03 22:25:29 - [TEST_STEP][PASSED] - click(findTestObject("OCS-DESKTOP/Age gate and Mega menu/Indica Dominant_Menu item")): Object: 'Object Repository/OCS-DESKTOP/Age gate and Mega menu/Indica Dominant_Menu item' is clicked on

2019-07-03 22:25:31 - [MESSAGE][PASSED] - Object: 'Object Repository/OCS-DESKTOP/Age gate and Mega menu/Indica Dominant_Menu item' is clicked on

2019-07-03 22:25:31 - [TEST_STEP][PASSED] - executeJavaScript("var previewBar = document.getElementById("preview-bar-iframe"); previewBar.style.display = "none";", []): Execute JavaScript 'var previewBar = document.getElementById("preview-bar-iframe"); previewBar.style.display = "none";' successfully

2019-07-03 22:25:31 - [MESSAGE][PASSED] - Execute JavaScript 'var previewBar = document.getElementById("preview-bar-iframe"); previewBar.style.display = "none";' successfully

2019-07-03 22:25:31 - [TEST_STEP][PASSED] - delay(2): Delayed 2 second(s)

2019-07-03 22:25:33 - [MESSAGE][PASSED] - Delayed 2 second(s)

2019-07-03 22:25:33 - [TEST_STEP][PASSED] - click(findTestObject("FRENCH/Product image - 1st one")): Object: 'Object Repository/FRENCH/Product image - 1st one' is clicked on

2019-07-03 22:25:37 - [MESSAGE][PASSED] - Object: 'Object Repository/FRENCH/Product image - 1st one' is clicked on

2019-07-03 22:25:37 - [TEST_STEP][PASSED] - executeJavaScript("var previewBar = document.getElementById("preview-bar-iframe"); previewBar.style.display = "none";", []): Execute JavaScript 'var previewBar = document.getElementById("preview-bar-iframe"); previewBar.style.display = "none";' successfully

2019-07-03 22:25:37 - [MESSAGE][PASSED] - Execute JavaScript 'var previewBar = document.getElementById("preview-bar-iframe"); previewBar.style.display = "none";' successfully

2019-07-03 22:25:37 - [TEST_STEP][PASSED] - delay(3): Delayed 3 second(s)

2019-07-03 22:25:40 - [MESSAGE][PASSED] - Delayed 3 second(s)

2019-07-03 22:25:40 - [TEST_STEP][PASSED] - click(findTestObject("OCS-DESKTOP/Product page/Swatch_1g")): Object: 'Object Repository/OCS-DESKTOP/Product page/Swatch_1g' is clicked on

2019-07-03 22:25:40 - [MESSAGE][PASSED] - Object: 'Object Repository/OCS-DESKTOP/Product page/Swatch_1g' is clicked on

2019-07-03 22:25:40 - [TEST_STEP][PASSED] - delay(2): Delayed 2 second(s)

2019-07-03 22:25:42 - [MESSAGE][PASSED] - Delayed 2 second(s)

2019-07-03 22:25:42 - [TEST_STEP][PASSED] - click(findTestObject("OCS-DESKTOP/Product page/Add to Bag-button")): Object: 'Object Repository/OCS-DESKTOP/Product page/Add to Bag-button' is clicked on

2019-07-03 22:25:43 - [MESSAGE][PASSED] - Object: 'Object Repository/OCS-DESKTOP/Product page/Add to Bag-button' is clicked on

2019-07-03 22:25:43 - [TEST_STEP][PASSED] - delay(2): Delayed 2 second(s)

2019-07-03 22:25:45 - [MESSAGE][PASSED] - Delayed 2 second(s)

2019-07-03 22:25:45 - [TEST_STEP][PASSED] - click(findTestObject("OCS-DESKTOP/Product page/Quantity Increase - Button")): Object: 'Object Repository/OCS-DESKTOP/Product page/Quantity Increase - Button' is clicked on

2019-07-03 22:25:45 - [MESSAGE][PASSED] - Object: 'Object Repository/OCS-DESKTOP/Product page/Quantity Increase - Button' is clicked on

2019-07-03 22:25:45 - [TEST_STEP][PASSED] - delay(2): Delayed 2 second(s)

2019-07-03 22:25:47 - [MESSAGE][PASSED] - Delayed 2 second(s)

2019-07-03 22:25:47 - [TEST_STEP][PASSED] - click(findTestObject("OCS-DESKTOP/Home - page/Cart icon -bag"), OPTIONAL): Object: 'Object Repository/OCS-DESKTOP/Home - page/Cart icon -bag' is clicked on

2019-07-03 22:25:47 - [MESSAGE][PASSED] - Object: 'Object Repository/OCS-DESKTOP/Home - page/Cart icon -bag' is clicked on

2019-07-03 22:25:47 - [TEST_STEP][PASSED] - delay(2): Delayed 2 second(s)

2019-07-03 22:25:49 - [MESSAGE][PASSED] - Delayed 2 second(s)

2019-07-03 22:25:49 - [TEST_STEP][PASSED] - a = getText(findTestObject("OCS-DESKTOP/Cart flyout/Unit price - Product")): Text of object 'Object Repository/OCS-DESKTOP/Cart flyout/Unit price - Product' is: ''

2019-07-03 22:25:49 - [MESSAGE][PASSED] - Text of object 'Object Repository/OCS-DESKTOP/Cart flyout/Unit price - Product' is: ''

2019-07-03 22:25:49 - [TEST_STEP][PASSED] - comment(a): 

2019-07-03 22:25:49 - [MESSAGE][INFO] - 

2019-07-03 22:25:49 - [TEST_STEP][ERROR] - b = a.substring(1): b = a.substring(1) FAILED.
Reason:
java.lang.StringIndexOutOfBoundsException: String index out of range: -1
	at java_lang_String$substring$0.call(Unknown Source)
	at Cart flyout - increase qty -fr.run(Cart flyout - increase qty -fr:63)
	at com.kms.katalon.core.main.ScriptEngine.run(ScriptEngine.java:194)
	at com.kms.katalon.core.main.ScriptEngine.runScriptAsRawText(ScriptEngine.java:119)
	at com.kms.katalon.core.main.TestCaseExecutor.runScript(TestCaseExecutor.java:328)
	at com.kms.katalon.core.main.TestCaseExecutor.doExecute(TestCaseExecutor.java:319)
	at com.kms.katalon.core.main.TestCaseExecutor.processExecutionPhase(TestCaseExecutor.java:298)
	at com.kms.katalon.core.main.TestCaseExecutor.accessMainPhase(TestCaseExecutor.java:290)
	at com.kms.katalon.core.main.TestCaseExecutor.execute(TestCaseExecutor.java:224)
	at com.kms.katalon.core.main.TestSuiteExecutor.accessTestCaseMainPhase(TestSuiteExecutor.java:129)
	at com.kms.katalon.core.main.TestSuiteExecutor.accessTestSuiteMainPhase(TestSuiteExecutor.java:112)
	at com.kms.katalon.core.main.TestSuiteExecutor.execute(TestSuiteExecutor.java:81)
	at com.kms.katalon.core.main.TestCaseMain.startTestSuite(TestCaseMain.java:149)
	at com.kms.katalon.core.main.TestCaseMain$startTestSuite$0.call(Unknown Source)
	at TempTestSuite1562205541804.run(TempTestSuite1562205541804.groovy:36)


2019-07-03 22:25:49 - [MESSAGE][ERROR] - b = a.substring(1) FAILED.
Reason:
java.lang.StringIndexOutOfBoundsException: String index out of range: -1
	at java_lang_String$substring$0.call(Unknown Source)
	at Cart flyout - increase qty -fr.run(Cart flyout - increase qty -fr:63)
	at com.kms.katalon.core.main.ScriptEngine.run(ScriptEngine.java:194)
	at com.kms.katalon.core.main.ScriptEngine.runScriptAsRawText(ScriptEngine.java:119)
	at com.kms.katalon.core.main.TestCaseExecutor.runScript(TestCaseExecutor.java:328)
	at com.kms.katalon.core.main.TestCaseExecutor.doExecute(TestCaseExecutor.java:319)
	at com.kms.katalon.core.main.TestCaseExecutor.processExecutionPhase(TestCaseExecutor.java:298)
	at com.kms.katalon.core.main.TestCaseExecutor.accessMainPhase(TestCaseExecutor.java:290)
	at com.kms.katalon.core.main.TestCaseExecutor.execute(TestCaseExecutor.java:224)
	at com.kms.katalon.core.main.TestSuiteExecutor.accessTestCaseMainPhase(TestSuiteExecutor.java:129)
	at com.kms.katalon.core.main.TestSuiteExecutor.accessTestSuiteMainPhase(TestSuiteExecutor.java:112)
	at com.kms.katalon.core.main.TestSuiteExecutor.execute(TestSuiteExecutor.java:81)
	at com.kms.katalon.core.main.TestCaseMain.startTestSuite(TestCaseMain.java:149)
	at com.kms.katalon.core.main.TestCaseMain$startTestSuite$0.call(Unknown Source)
	at TempTestSuite1562205541804.run(TempTestSuite1562205541804.groovy:36)]]></system-out>
         <system-err><![CDATA[2019-07-03 22:24:55 - [TEST_CASE][ERROR] - Test Cases/OCS - DESKTOP/OCS- CRITICAL PATH - FRENCH/Cart flyout - increase qty -fr: Test Cases/OCS - DESKTOP/OCS- CRITICAL PATH - FRENCH/Cart flyout - increase qty -fr FAILED.
Reason:
java.lang.StringIndexOutOfBoundsException: String index out of range: -1
	at java_lang_String$substring$0.call(Unknown Source)
	at Cart flyout - increase qty -fr.run(Cart flyout - increase qty -fr:63)
	at com.kms.katalon.core.main.ScriptEngine.run(ScriptEngine.java:194)
	at com.kms.katalon.core.main.ScriptEngine.runScriptAsRawText(ScriptEngine.java:119)
	at com.kms.katalon.core.main.TestCaseExecutor.runScript(TestCaseExecutor.java:328)
	at com.kms.katalon.core.main.TestCaseExecutor.doExecute(TestCaseExecutor.java:319)
	at com.kms.katalon.core.main.TestCaseExecutor.processExecutionPhase(TestCaseExecutor.java:298)
	at com.kms.katalon.core.main.TestCaseExecutor.accessMainPhase(TestCaseExecutor.java:290)
	at com.kms.katalon.core.main.TestCaseExecutor.execute(TestCaseExecutor.java:224)
	at com.kms.katalon.core.main.TestSuiteExecutor.accessTestCaseMainPhase(TestSuiteExecutor.java:129)
	at com.kms.katalon.core.main.TestSuiteExecutor.accessTestSuiteMainPhase(TestSuiteExecutor.java:112)
	at com.kms.katalon.core.main.TestSuiteExecutor.execute(TestSuiteExecutor.java:81)
	at com.kms.katalon.core.main.TestCaseMain.startTestSuite(TestCaseMain.java:149)
	at com.kms.katalon.core.main.TestCaseMain$startTestSuite$0.call(Unknown Source)
	at TempTestSuite1562205541804.run(TempTestSuite1562205541804.groovy:36)]]></system-err>
      </testcase>
      <testcase name="Test Cases/OCS - DESKTOP/OCS- CRITICAL PATH - FRENCH/Cart flyout - Price comparison-fr" classname="Test Cases/OCS - DESKTOP/OCS- CRITICAL PATH - FRENCH/Cart flyout - Price comparison-fr" status="FAILED">
         <failure type="FAILED" message="Test Cases/OCS - DESKTOP/OCS- CRITICAL PATH - FRENCH/Cart flyout - Price comparison-fr FAILED.
Reason:
com.kms.katalon.core.exception.StepFailedException: Unable to get text of object 'Object Repository/FRENCH/Unit price - 1st Product' (Root cause: com.kms.katalon.core.webui.exception.WebElementNotFoundException: Web element with id: 'Object Repository/FRENCH/Unit price - 1st Product' located by 'By.xpath: /html[1]/body[1]/div[2]/div[1]/form[1]/div[2]/div[1]/div[1]' not found)
	at com.kms.katalon.core.keyword.internal.KeywordMain.stepFailed(KeywordMain.groovy:36)
	at com.kms.katalon.core.webui.keyword.internal.WebUIKeywordMain.stepFailed(WebUIKeywordMain.groovy:65)
	at com.kms.katalon.core.webui.keyword.internal.WebUIKeywordMain.runKeyword(WebUIKeywordMain.groovy:27)
	at com.kms.katalon.core.webui.keyword.builtin.GetTextKeyword.getText(GetTextKeyword.groovy:88)
	at com.kms.katalon.core.webui.keyword.builtin.GetTextKeyword.execute(GetTextKeyword.groovy:67)
	at com.kms.katalon.core.keyword.internal.KeywordExecutor.executeKeywordForPlatform(KeywordExecutor.groovy:53)
	at com.kms.katalon.core.webui.keyword.WebUiBuiltInKeywords.getText(WebUiBuiltInKeywords.groovy:888)
	at com.kms.katalon.core.webui.keyword.WebUiBuiltInKeywords$getText$7.call(Unknown Source)
	at Cart flyout - Price comparison-fr.run(Cart flyout - Price comparison-fr:69)
	at com.kms.katalon.core.main.ScriptEngine.run(ScriptEngine.java:194)
	at com.kms.katalon.core.main.ScriptEngine.runScriptAsRawText(ScriptEngine.java:119)
	at com.kms.katalon.core.main.TestCaseExecutor.runScript(TestCaseExecutor.java:328)
	at com.kms.katalon.core.main.TestCaseExecutor.doExecute(TestCaseExecutor.java:319)
	at com.kms.katalon.core.main.TestCaseExecutor.processExecutionPhase(TestCaseExecutor.java:298)
	at com.kms.katalon.core.main.TestCaseExecutor.accessMainPhase(TestCaseExecutor.java:290)
	at com.kms.katalon.core.main.TestCaseExecutor.execute(TestCaseExecutor.java:224)
	at com.kms.katalon.core.main.TestSuiteExecutor.accessTestCaseMainPhase(TestSuiteExecutor.java:129)
	at com.kms.katalon.core.main.TestSuiteExecutor.accessTestSuiteMainPhase(TestSuiteExecutor.java:112)
	at com.kms.katalon.core.main.TestSuiteExecutor.execute(TestSuiteExecutor.java:81)
	at com.kms.katalon.core.main.TestCaseMain.startTestSuite(TestCaseMain.java:149)
	at com.kms.katalon.core.main.TestCaseMain$startTestSuite$0.call(Unknown Source)
	at TempTestSuite1562205541804.run(TempTestSuite1562205541804.groovy:36)
"/>
         <system-out><![CDATA[2019-07-03 22:25:49 - [TEST_CASE][FAILED] - Test Cases/OCS - DESKTOP/OCS- CRITICAL PATH - FRENCH/Cart flyout - Price comparison-fr: Test Cases/OCS - DESKTOP/OCS- CRITICAL PATH - FRENCH/Cart flyout - Price comparison-fr FAILED.
Reason:
com.kms.katalon.core.exception.StepFailedException: Unable to get text of object 'Object Repository/FRENCH/Unit price - 1st Product' (Root cause: com.kms.katalon.core.webui.exception.WebElementNotFoundException: Web element with id: 'Object Repository/FRENCH/Unit price - 1st Product' located by 'By.xpath: /html[1]/body[1]/div[2]/div[1]/form[1]/div[2]/div[1]/div[1]' not found)
	at com.kms.katalon.core.keyword.internal.KeywordMain.stepFailed(KeywordMain.groovy:36)
	at com.kms.katalon.core.webui.keyword.internal.WebUIKeywordMain.stepFailed(WebUIKeywordMain.groovy:65)
	at com.kms.katalon.core.webui.keyword.internal.WebUIKeywordMain.runKeyword(WebUIKeywordMain.groovy:27)
	at com.kms.katalon.core.webui.keyword.builtin.GetTextKeyword.getText(GetTextKeyword.groovy:88)
	at com.kms.katalon.core.webui.keyword.builtin.GetTextKeyword.execute(GetTextKeyword.groovy:67)
	at com.kms.katalon.core.keyword.internal.KeywordExecutor.executeKeywordForPlatform(KeywordExecutor.groovy:53)
	at com.kms.katalon.core.webui.keyword.WebUiBuiltInKeywords.getText(WebUiBuiltInKeywords.groovy:888)
	at com.kms.katalon.core.webui.keyword.WebUiBuiltInKeywords$getText$7.call(Unknown Source)
	at Cart flyout - Price comparison-fr.run(Cart flyout - Price comparison-fr:69)
	at com.kms.katalon.core.main.ScriptEngine.run(ScriptEngine.java:194)
	at com.kms.katalon.core.main.ScriptEngine.runScriptAsRawText(ScriptEngine.java:119)
	at com.kms.katalon.core.main.TestCaseExecutor.runScript(TestCaseExecutor.java:328)
	at com.kms.katalon.core.main.TestCaseExecutor.doExecute(TestCaseExecutor.java:319)
	at com.kms.katalon.core.main.TestCaseExecutor.processExecutionPhase(TestCaseExecutor.java:298)
	at com.kms.katalon.core.main.TestCaseExecutor.accessMainPhase(TestCaseExecutor.java:290)
	at com.kms.katalon.core.main.TestCaseExecutor.execute(TestCaseExecutor.java:224)
	at com.kms.katalon.core.main.TestSuiteExecutor.accessTestCaseMainPhase(TestSuiteExecutor.java:129)
	at com.kms.katalon.core.main.TestSuiteExecutor.accessTestSuiteMainPhase(TestSuiteExecutor.java:112)
	at com.kms.katalon.core.main.TestSuiteExecutor.execute(TestSuiteExecutor.java:81)
	at com.kms.katalon.core.main.TestCaseMain.startTestSuite(TestCaseMain.java:149)
	at com.kms.katalon.core.main.TestCaseMain$startTestSuite$0.call(Unknown Source)
	at TempTestSuite1562205541804.run(TempTestSuite1562205541804.groovy:36)


2019-07-03 22:25:49 - [TEST_STEP][PASSED] - callTestCase(findTestCase("OCS - DESKTOP/CALL- Age gate"), [:], STOP_ON_FAILURE): Call Test Case 'Test Cases/OCS - DESKTOP/CALL- Age gate' successfully

2019-07-03 22:25:49 - [TEST_CASE][PASSED] - Test Cases/OCS - DESKTOP/CALL- Age gate: Test Cases/OCS - DESKTOP/CALL- Age gate

2019-07-03 22:25:49 - [TEST_STEP][PASSED] - openBrowser(""): Browser is opened with url: ''

2019-07-03 22:25:49 - [MESSAGE][WARNING] - A browser is already opened. Closing browser and opening a new one

2019-07-03 22:25:50 - [MESSAGE][INFO] - Starting 'Firefox' driver

2019-07-03 22:25:52 - [MESSAGE][PASSED] - Browser is opened with url: ''

2019-07-03 22:25:52 - [TEST_STEP][PASSED] - navigateToUrl("https://ocs.ca/?fts=0&preview_theme_id=74203891532"): Navigate to 'https://ocs.ca/?fts=0&preview_theme_id=74203891532' successfully

2019-07-03 22:25:56 - [MESSAGE][PASSED] - Navigate to 'https://ocs.ca/?fts=0&preview_theme_id=74203891532' successfully

2019-07-03 22:25:56 - [TEST_STEP][PASSED] - maximizeWindow(): Current window maximized

2019-07-03 22:25:56 - [MESSAGE][PASSED] - Current window maximized

2019-07-03 22:25:56 - [TEST_STEP][PASSED] - delay(2): Delayed 2 second(s)

2019-07-03 22:25:58 - [MESSAGE][PASSED] - Delayed 2 second(s)

2019-07-03 22:25:58 - [TEST_STEP][PASSED] - executeJavaScript("var previewBar = document.getElementById("preview-bar-iframe"); previewBar.style.display = "none";", []): Execute JavaScript 'var previewBar = document.getElementById("preview-bar-iframe"); previewBar.style.display = "none";' successfully

2019-07-03 22:25:58 - [MESSAGE][PASSED] - Execute JavaScript 'var previewBar = document.getElementById("preview-bar-iframe"); previewBar.style.display = "none";' successfully

2019-07-03 22:25:58 - [TEST_STEP][PASSED] - selectOptionByValue(findTestObject("OCS-DESKTOP/Age gate and Mega menu/Date"), "12", true): All options with value '12' are selected in object 'Object Repository/OCS-DESKTOP/Age gate and Mega menu/Date'  using regular expression

2019-07-03 22:25:59 - [MESSAGE][PASSED] - All options with value '12' are selected in object 'Object Repository/OCS-DESKTOP/Age gate and Mega menu/Date'  using regular expression

2019-07-03 22:25:59 - [TEST_STEP][PASSED] - selectOptionByValue(findTestObject("OCS-DESKTOP/Age gate and Mega menu/month"), "6", true): All options with value '6' are selected in object 'Object Repository/OCS-DESKTOP/Age gate and Mega menu/month'  using regular expression

2019-07-03 22:25:59 - [MESSAGE][PASSED] - All options with value '6' are selected in object 'Object Repository/OCS-DESKTOP/Age gate and Mega menu/month'  using regular expression

2019-07-03 22:25:59 - [TEST_STEP][PASSED] - delay(2): Delayed 2 second(s)

2019-07-03 22:26:01 - [MESSAGE][PASSED] - Delayed 2 second(s)

2019-07-03 22:26:01 - [TEST_STEP][PASSED] - selectOptionByValue(findTestObject("OCS-DESKTOP/Age gate and Mega menu/Year Dropdown"), "1990", true): All options with value '1990' are selected in object 'Object Repository/OCS-DESKTOP/Age gate and Mega menu/Year Dropdown'  using regular expression

2019-07-03 22:26:03 - [MESSAGE][PASSED] - All options with value '1990' are selected in object 'Object Repository/OCS-DESKTOP/Age gate and Mega menu/Year Dropdown'  using regular expression

2019-07-03 22:26:03 - [TEST_STEP][PASSED] - click(findTestObject("OCS-DESKTOP/Age gate and Mega menu/button_Verify")): Object: 'Object Repository/OCS-DESKTOP/Age gate and Mega menu/button_Verify' is clicked on

2019-07-03 22:26:03 - [MESSAGE][PASSED] - Object: 'Object Repository/OCS-DESKTOP/Age gate and Mega menu/button_Verify' is clicked on

2019-07-03 22:26:03 - [TEST_STEP][PASSED] - click(findTestObject("OCS-DESKTOP/Age gate and Mega menu/Checkbox_CONFIRM AND ACKNOWLEDGE")): Object: 'Object Repository/OCS-DESKTOP/Age gate and Mega menu/Checkbox_CONFIRM AND ACKNOWLEDGE' is clicked on

2019-07-03 22:26:03 - [MESSAGE][PASSED] - Object: 'Object Repository/OCS-DESKTOP/Age gate and Mega menu/Checkbox_CONFIRM AND ACKNOWLEDGE' is clicked on

2019-07-03 22:26:03 - [TEST_STEP][PASSED] - click(findTestObject("OCS-DESKTOP/Age gate and Mega menu/button_CONFIRM")): Object: 'Object Repository/OCS-DESKTOP/Age gate and Mega menu/button_CONFIRM' is clicked on

2019-07-03 22:26:03 - [MESSAGE][PASSED] - Object: 'Object Repository/OCS-DESKTOP/Age gate and Mega menu/button_CONFIRM' is clicked on

2019-07-03 22:26:03 - [TEST_STEP][PASSED] - click(findTestObject("OCS-DESKTOP/Age gate and Mega menu/button_Start Browsing")): Object: 'Object Repository/OCS-DESKTOP/Age gate and Mega menu/button_Start Browsing' is clicked on

2019-07-03 22:26:04 - [MESSAGE][PASSED] - Object: 'Object Repository/OCS-DESKTOP/Age gate and Mega menu/button_Start Browsing' is clicked on

2019-07-03 22:26:04 - [TEST_STEP][PASSED] - delay(2): Delayed 2 second(s)

2019-07-03 22:26:06 - [MESSAGE][PASSED] - Delayed 2 second(s)

2019-07-03 22:26:06 - [TEST_STEP][PASSED] - refresh(): Refresh successfully

2019-07-03 22:26:09 - [MESSAGE][PASSED] - Refresh successfully

2019-07-03 22:26:09 - [MESSAGE][PASSED] - Call Test Case 'Test Cases/OCS - DESKTOP/CALL- Age gate' successfully

2019-07-03 22:26:09 - [TEST_STEP][PASSED] - delay(2): Delayed 2 second(s)

2019-07-03 22:26:11 - [MESSAGE][PASSED] - Delayed 2 second(s)

2019-07-03 22:26:11 - [TEST_STEP][PASSED] - callTestCase(findTestCase("OCS - DESKTOP/CALL - TOGGLING LANGUAGE"), [:], STOP_ON_FAILURE): Call Test Case 'Test Cases/OCS - DESKTOP/CALL - TOGGLING LANGUAGE' successfully

2019-07-03 22:26:11 - [TEST_CASE][PASSED] - Test Cases/OCS - DESKTOP/CALL - TOGGLING LANGUAGE: Test Cases/OCS - DESKTOP/CALL - TOGGLING LANGUAGE

2019-07-03 22:26:11 - [TEST_STEP][PASSED] - delay(2): Delayed 2 second(s)

2019-07-03 22:26:13 - [MESSAGE][PASSED] - Delayed 2 second(s)

2019-07-03 22:26:13 - [TEST_STEP][PASSED] - click(findTestObject("OCS-DESKTOP/Cart flyout/English dropdown")): Object: 'Object Repository/OCS-DESKTOP/Cart flyout/English dropdown' is clicked on

2019-07-03 22:26:14 - [MESSAGE][PASSED] - Object: 'Object Repository/OCS-DESKTOP/Cart flyout/English dropdown' is clicked on

2019-07-03 22:26:14 - [TEST_STEP][PASSED] - delay(2): Delayed 2 second(s)

2019-07-03 22:26:16 - [MESSAGE][PASSED] - Delayed 2 second(s)

2019-07-03 22:26:16 - [TEST_STEP][PASSED] - click(findTestObject("OCS-DESKTOP/Cart flyout/Select French")): Object: 'Object Repository/OCS-DESKTOP/Cart flyout/Select French' is clicked on

2019-07-03 22:26:16 - [MESSAGE][PASSED] - Object: 'Object Repository/OCS-DESKTOP/Cart flyout/Select French' is clicked on

2019-07-03 22:26:16 - [TEST_STEP][PASSED] - delay(5): Delayed 5 second(s)

2019-07-03 22:26:21 - [MESSAGE][PASSED] - Delayed 5 second(s)

2019-07-03 22:26:21 - [TEST_STEP][PASSED] - e = getWindowTitle(): Current window's title is: 'Magasin de Cannabis de l'Ontario | Ontario Cannabis Store'

2019-07-03 22:26:21 - [MESSAGE][PASSED] - Current window's title is: 'Magasin de Cannabis de l'Ontario | Ontario Cannabis Store'

2019-07-03 22:26:21 - [MESSAGE][PASSED] - Call Test Case 'Test Cases/OCS - DESKTOP/CALL - TOGGLING LANGUAGE' successfully

2019-07-03 22:26:21 - [TEST_STEP][PASSED] - click(findTestObject("OCS-DESKTOP/Age gate and Mega menu/Header/CANNABIS menu - English")): Object: 'Object Repository/OCS-DESKTOP/Age gate and Mega menu/Header/CANNABIS menu - English' is clicked on

2019-07-03 22:26:21 - [MESSAGE][PASSED] - Object: 'Object Repository/OCS-DESKTOP/Age gate and Mega menu/Header/CANNABIS menu - English' is clicked on

2019-07-03 22:26:21 - [TEST_STEP][PASSED] - delay(2): Delayed 2 second(s)

2019-07-03 22:26:23 - [MESSAGE][PASSED] - Delayed 2 second(s)

2019-07-03 22:26:23 - [TEST_STEP][PASSED] - executeJavaScript("var previewBar = document.getElementById("preview-bar-iframe"); previewBar.style.display = "none";", []): Execute JavaScript 'var previewBar = document.getElementById("preview-bar-iframe"); previewBar.style.display = "none";' successfully

2019-07-03 22:26:23 - [MESSAGE][PASSED] - Execute JavaScript 'var previewBar = document.getElementById("preview-bar-iframe"); previewBar.style.display = "none";' successfully

2019-07-03 22:26:23 - [TEST_STEP][PASSED] - click(findTestObject("OCS-DESKTOP/Age gate and Mega menu/Indica Dominant_Menu item")): Object: 'Object Repository/OCS-DESKTOP/Age gate and Mega menu/Indica Dominant_Menu item' is clicked on

2019-07-03 22:26:26 - [MESSAGE][PASSED] - Object: 'Object Repository/OCS-DESKTOP/Age gate and Mega menu/Indica Dominant_Menu item' is clicked on

2019-07-03 22:26:26 - [TEST_STEP][PASSED] - executeJavaScript("var previewBar = document.getElementById("preview-bar-iframe"); previewBar.style.display = "none";", []): Execute JavaScript 'var previewBar = document.getElementById("preview-bar-iframe"); previewBar.style.display = "none";' successfully

2019-07-03 22:26:26 - [MESSAGE][PASSED] - Execute JavaScript 'var previewBar = document.getElementById("preview-bar-iframe"); previewBar.style.display = "none";' successfully

2019-07-03 22:26:26 - [TEST_STEP][PASSED] - delay(2): Delayed 2 second(s)

2019-07-03 22:26:28 - [MESSAGE][PASSED] - Delayed 2 second(s)

2019-07-03 22:26:28 - [TEST_STEP][PASSED] - click(findTestObject("FRENCH/Product image - 1st one")): Object: 'Object Repository/FRENCH/Product image - 1st one' is clicked on

2019-07-03 22:26:31 - [MESSAGE][PASSED] - Object: 'Object Repository/FRENCH/Product image - 1st one' is clicked on

2019-07-03 22:26:31 - [TEST_STEP][PASSED] - executeJavaScript("var previewBar = document.getElementById("preview-bar-iframe"); previewBar.style.display = "none";", []): Execute JavaScript 'var previewBar = document.getElementById("preview-bar-iframe"); previewBar.style.display = "none";' successfully

2019-07-03 22:26:31 - [MESSAGE][PASSED] - Execute JavaScript 'var previewBar = document.getElementById("preview-bar-iframe"); previewBar.style.display = "none";' successfully

2019-07-03 22:26:31 - [TEST_STEP][PASSED] - delay(1): Delayed 1 second(s)

2019-07-03 22:26:32 - [MESSAGE][PASSED] - Delayed 1 second(s)

2019-07-03 22:26:32 - [TEST_STEP][PASSED] - delay(3): Delayed 3 second(s)

2019-07-03 22:26:35 - [MESSAGE][PASSED] - Delayed 3 second(s)

2019-07-03 22:26:35 - [TEST_STEP][PASSED] - click(findTestObject("OCS-DESKTOP/Product page/Swatch_1g")): Object: 'Object Repository/OCS-DESKTOP/Product page/Swatch_1g' is clicked on

2019-07-03 22:26:35 - [MESSAGE][PASSED] - Object: 'Object Repository/OCS-DESKTOP/Product page/Swatch_1g' is clicked on

2019-07-03 22:26:35 - [TEST_STEP][PASSED] - delay(2): Delayed 2 second(s)

2019-07-03 22:26:37 - [MESSAGE][PASSED] - Delayed 2 second(s)

2019-07-03 22:26:37 - [TEST_STEP][PASSED] - click(findTestObject("OCS-DESKTOP/Product page/Add to Bag-button")): Object: 'Object Repository/OCS-DESKTOP/Product page/Add to Bag-button' is clicked on

2019-07-03 22:26:38 - [MESSAGE][PASSED] - Object: 'Object Repository/OCS-DESKTOP/Product page/Add to Bag-button' is clicked on

2019-07-03 22:26:38 - [TEST_STEP][PASSED] - delay(1): Delayed 1 second(s)

2019-07-03 22:26:39 - [MESSAGE][PASSED] - Delayed 1 second(s)

2019-07-03 22:26:39 - [TEST_STEP][NOT_RUN] - click(findTestObject("OCS-DESKTOP/Cart flyout/Back icon"), CONTINUE_ON_FAILURE): NOT_RUN: click(findTestObject("OCS-DESKTOP/Cart flyout/Back icon"), CONTINUE_ON_FAILURE)

2019-07-03 22:26:39 - [MESSAGE][NOT_RUN] - NOT_RUN: click(findTestObject("OCS-DESKTOP/Cart flyout/Back icon"), CONTINUE_ON_FAILURE)

2019-07-03 22:26:39 - [TEST_STEP][PASSED] - delay(2): Delayed 2 second(s)

2019-07-03 22:26:41 - [MESSAGE][PASSED] - Delayed 2 second(s)

2019-07-03 22:26:41 - [TEST_STEP][PASSED] - click(findTestObject("OCS-DESKTOP/Product page/Swatch_3.5g"), CONTINUE_ON_FAILURE): Object: 'Object Repository/OCS-DESKTOP/Product page/Swatch_3.5g' is clicked on

2019-07-03 22:26:41 - [MESSAGE][PASSED] - Object: 'Object Repository/OCS-DESKTOP/Product page/Swatch_3.5g' is clicked on

2019-07-03 22:26:41 - [TEST_STEP][PASSED] - delay(2): Delayed 2 second(s)

2019-07-03 22:26:43 - [MESSAGE][PASSED] - Delayed 2 second(s)

2019-07-03 22:26:43 - [TEST_STEP][PASSED] - click(findTestObject("OCS-DESKTOP/Product page/Add to Bag-button")): Object: 'Object Repository/OCS-DESKTOP/Product page/Add to Bag-button' is clicked on

2019-07-03 22:26:43 - [MESSAGE][PASSED] - Object: 'Object Repository/OCS-DESKTOP/Product page/Add to Bag-button' is clicked on

2019-07-03 22:26:43 - [TEST_STEP][PASSED] - delay(2): Delayed 2 second(s)

2019-07-03 22:26:45 - [MESSAGE][PASSED] - Delayed 2 second(s)

2019-07-03 22:26:45 - [TEST_STEP][PASSED] - click(findTestObject("OCS-DESKTOP/Home - page/Cart icon -bag"), OPTIONAL): Object: 'Object Repository/OCS-DESKTOP/Home - page/Cart icon -bag' is clicked on

2019-07-03 22:26:45 - [MESSAGE][PASSED] - Object: 'Object Repository/OCS-DESKTOP/Home - page/Cart icon -bag' is clicked on

2019-07-03 22:26:45 - [TEST_STEP][PASSED] - delay(2): Delayed 2 second(s)

2019-07-03 22:26:47 - [MESSAGE][PASSED] - Delayed 2 second(s)

2019-07-03 22:26:47 - [TEST_STEP][FAILED] - a = getText(findTestObject("FRENCH/Unit price - 1st Product")): a = getText(findTestObject("FRENCH/Unit price - 1st Product")) FAILED.
Reason:
com.kms.katalon.core.exception.StepFailedException: Unable to get text of object 'Object Repository/FRENCH/Unit price - 1st Product' (Root cause: com.kms.katalon.core.webui.exception.WebElementNotFoundException: Web element with id: 'Object Repository/FRENCH/Unit price - 1st Product' located by 'By.xpath: /html[1]/body[1]/div[2]/div[1]/form[1]/div[2]/div[1]/div[1]' not found)
	at com.kms.katalon.core.keyword.internal.KeywordMain.stepFailed(KeywordMain.groovy:36)
	at com.kms.katalon.core.webui.keyword.internal.WebUIKeywordMain.stepFailed(WebUIKeywordMain.groovy:65)
	at com.kms.katalon.core.webui.keyword.internal.WebUIKeywordMain.runKeyword(WebUIKeywordMain.groovy:27)
	at com.kms.katalon.core.webui.keyword.builtin.GetTextKeyword.getText(GetTextKeyword.groovy:88)
	at com.kms.katalon.core.webui.keyword.builtin.GetTextKeyword.execute(GetTextKeyword.groovy:67)
	at com.kms.katalon.core.keyword.internal.KeywordExecutor.executeKeywordForPlatform(KeywordExecutor.groovy:53)
	at com.kms.katalon.core.webui.keyword.WebUiBuiltInKeywords.getText(WebUiBuiltInKeywords.groovy:888)
	at com.kms.katalon.core.webui.keyword.WebUiBuiltInKeywords$getText$7.call(Unknown Source)
	at Cart flyout - Price comparison-fr.run(Cart flyout - Price comparison-fr:69)
	at com.kms.katalon.core.main.ScriptEngine.run(ScriptEngine.java:194)
	at com.kms.katalon.core.main.ScriptEngine.runScriptAsRawText(ScriptEngine.java:119)
	at com.kms.katalon.core.main.TestCaseExecutor.runScript(TestCaseExecutor.java:328)
	at com.kms.katalon.core.main.TestCaseExecutor.doExecute(TestCaseExecutor.java:319)
	at com.kms.katalon.core.main.TestCaseExecutor.processExecutionPhase(TestCaseExecutor.java:298)
	at com.kms.katalon.core.main.TestCaseExecutor.accessMainPhase(TestCaseExecutor.java:290)
	at com.kms.katalon.core.main.TestCaseExecutor.execute(TestCaseExecutor.java:224)
	at com.kms.katalon.core.main.TestSuiteExecutor.accessTestCaseMainPhase(TestSuiteExecutor.java:129)
	at com.kms.katalon.core.main.TestSuiteExecutor.accessTestSuiteMainPhase(TestSuiteExecutor.java:112)
	at com.kms.katalon.core.main.TestSuiteExecutor.execute(TestSuiteExecutor.java:81)
	at com.kms.katalon.core.main.TestCaseMain.startTestSuite(TestCaseMain.java:149)
	at com.kms.katalon.core.main.TestCaseMain$startTestSuite$0.call(Unknown Source)
	at TempTestSuite1562205541804.run(TempTestSuite1562205541804.groovy:36)


2019-07-03 22:27:18 - [MESSAGE][INFO] - Unable to find the element located by 'By.xpath: /html[1]/body[1]/div[2]/div[1]/form[1]/div[2]/div[1]/div[1]'. Please recheck the objects properties to make sure the desired element is located. 

2019-07-03 22:27:18 - [MESSAGE][FAILED] - Unable to get text of object 'Object Repository/FRENCH/Unit price - 1st Product' (Root cause: com.kms.katalon.core.webui.exception.WebElementNotFoundException: Web element with id: 'Object Repository/FRENCH/Unit price - 1st Product' located by 'By.xpath: /html[1]/body[1]/div[2]/div[1]/form[1]/div[2]/div[1]/div[1]' not found)
[[ATTACHMENT|/Users/sumankompelly/Relative xpath-Desktop/Reports/1.11.2/20190703_215901/1562207238619.png]]

2019-07-03 22:27:18 - [MESSAGE][FAILED] - a = getText(findTestObject("FRENCH/Unit price - 1st Product")) FAILED.
Reason:
com.kms.katalon.core.exception.StepFailedException: Unable to get text of object 'Object Repository/FRENCH/Unit price - 1st Product' (Root cause: com.kms.katalon.core.webui.exception.WebElementNotFoundException: Web element with id: 'Object Repository/FRENCH/Unit price - 1st Product' located by 'By.xpath: /html[1]/body[1]/div[2]/div[1]/form[1]/div[2]/div[1]/div[1]' not found)
	at com.kms.katalon.core.keyword.internal.KeywordMain.stepFailed(KeywordMain.groovy:36)
	at com.kms.katalon.core.webui.keyword.internal.WebUIKeywordMain.stepFailed(WebUIKeywordMain.groovy:65)
	at com.kms.katalon.core.webui.keyword.internal.WebUIKeywordMain.runKeyword(WebUIKeywordMain.groovy:27)
	at com.kms.katalon.core.webui.keyword.builtin.GetTextKeyword.getText(GetTextKeyword.groovy:88)
	at com.kms.katalon.core.webui.keyword.builtin.GetTextKeyword.execute(GetTextKeyword.groovy:67)
	at com.kms.katalon.core.keyword.internal.KeywordExecutor.executeKeywordForPlatform(KeywordExecutor.groovy:53)
	at com.kms.katalon.core.webui.keyword.WebUiBuiltInKeywords.getText(WebUiBuiltInKeywords.groovy:888)
	at com.kms.katalon.core.webui.keyword.WebUiBuiltInKeywords$getText$7.call(Unknown Source)
	at Cart flyout - Price comparison-fr.run(Cart flyout - Price comparison-fr:69)
	at com.kms.katalon.core.main.ScriptEngine.run(ScriptEngine.java:194)
	at com.kms.katalon.core.main.ScriptEngine.runScriptAsRawText(ScriptEngine.java:119)
	at com.kms.katalon.core.main.TestCaseExecutor.runScript(TestCaseExecutor.java:328)
	at com.kms.katalon.core.main.TestCaseExecutor.doExecute(TestCaseExecutor.java:319)
	at com.kms.katalon.core.main.TestCaseExecutor.processExecutionPhase(TestCaseExecutor.java:298)
	at com.kms.katalon.core.main.TestCaseExecutor.accessMainPhase(TestCaseExecutor.java:290)
	at com.kms.katalon.core.main.TestCaseExecutor.execute(TestCaseExecutor.java:224)
	at com.kms.katalon.core.main.TestSuiteExecutor.accessTestCaseMainPhase(TestSuiteExecutor.java:129)
	at com.kms.katalon.core.main.TestSuiteExecutor.accessTestSuiteMainPhase(TestSuiteExecutor.java:112)
	at com.kms.katalon.core.main.TestSuiteExecutor.execute(TestSuiteExecutor.java:81)
	at com.kms.katalon.core.main.TestCaseMain.startTestSuite(TestCaseMain.java:149)
	at com.kms.katalon.core.main.TestCaseMain$startTestSuite$0.call(Unknown Source)
	at TempTestSuite1562205541804.run(TempTestSuite1562205541804.groovy:36)]]></system-out>
         <system-err><![CDATA[2019-07-03 22:25:49 - [TEST_CASE][FAILED] - Test Cases/OCS - DESKTOP/OCS- CRITICAL PATH - FRENCH/Cart flyout - Price comparison-fr: Test Cases/OCS - DESKTOP/OCS- CRITICAL PATH - FRENCH/Cart flyout - Price comparison-fr FAILED.
Reason:
com.kms.katalon.core.exception.StepFailedException: Unable to get text of object 'Object Repository/FRENCH/Unit price - 1st Product' (Root cause: com.kms.katalon.core.webui.exception.WebElementNotFoundException: Web element with id: 'Object Repository/FRENCH/Unit price - 1st Product' located by 'By.xpath: /html[1]/body[1]/div[2]/div[1]/form[1]/div[2]/div[1]/div[1]' not found)
	at com.kms.katalon.core.keyword.internal.KeywordMain.stepFailed(KeywordMain.groovy:36)
	at com.kms.katalon.core.webui.keyword.internal.WebUIKeywordMain.stepFailed(WebUIKeywordMain.groovy:65)
	at com.kms.katalon.core.webui.keyword.internal.WebUIKeywordMain.runKeyword(WebUIKeywordMain.groovy:27)
	at com.kms.katalon.core.webui.keyword.builtin.GetTextKeyword.getText(GetTextKeyword.groovy:88)
	at com.kms.katalon.core.webui.keyword.builtin.GetTextKeyword.execute(GetTextKeyword.groovy:67)
	at com.kms.katalon.core.keyword.internal.KeywordExecutor.executeKeywordForPlatform(KeywordExecutor.groovy:53)
	at com.kms.katalon.core.webui.keyword.WebUiBuiltInKeywords.getText(WebUiBuiltInKeywords.groovy:888)
	at com.kms.katalon.core.webui.keyword.WebUiBuiltInKeywords$getText$7.call(Unknown Source)
	at Cart flyout - Price comparison-fr.run(Cart flyout - Price comparison-fr:69)
	at com.kms.katalon.core.main.ScriptEngine.run(ScriptEngine.java:194)
	at com.kms.katalon.core.main.ScriptEngine.runScriptAsRawText(ScriptEngine.java:119)
	at com.kms.katalon.core.main.TestCaseExecutor.runScript(TestCaseExecutor.java:328)
	at com.kms.katalon.core.main.TestCaseExecutor.doExecute(TestCaseExecutor.java:319)
	at com.kms.katalon.core.main.TestCaseExecutor.processExecutionPhase(TestCaseExecutor.java:298)
	at com.kms.katalon.core.main.TestCaseExecutor.accessMainPhase(TestCaseExecutor.java:290)
	at com.kms.katalon.core.main.TestCaseExecutor.execute(TestCaseExecutor.java:224)
	at com.kms.katalon.core.main.TestSuiteExecutor.accessTestCaseMainPhase(TestSuiteExecutor.java:129)
	at com.kms.katalon.core.main.TestSuiteExecutor.accessTestSuiteMainPhase(TestSuiteExecutor.java:112)
	at com.kms.katalon.core.main.TestSuiteExecutor.execute(TestSuiteExecutor.java:81)
	at com.kms.katalon.core.main.TestCaseMain.startTestSuite(TestCaseMain.java:149)
	at com.kms.katalon.core.main.TestCaseMain$startTestSuite$0.call(Unknown Source)
	at TempTestSuite1562205541804.run(TempTestSuite1562205541804.groovy:36)]]></system-err>
      </testcase>
      <testcase name="Test Cases/OCS - DESKTOP/OCS- CRITICAL PATH - FRENCH/Checkout - Shipping-fr" classname="Test Cases/OCS - DESKTOP/OCS- CRITICAL PATH - FRENCH/Checkout - Shipping-fr" status="PASSED">
         <system-out><![CDATA[2019-07-03 22:27:18 - [TEST_CASE][PASSED] - Test Cases/OCS - DESKTOP/OCS- CRITICAL PATH - FRENCH/Checkout - Shipping-fr: Test Cases/OCS - DESKTOP/OCS- CRITICAL PATH - FRENCH/Checkout - Shipping-fr

2019-07-03 22:27:18 - [TEST_STEP][PASSED] - callTestCase(findTestCase("OCS - DESKTOP/CALL- Age gate"), [:], STOP_ON_FAILURE): Call Test Case 'Test Cases/OCS - DESKTOP/CALL- Age gate' successfully

2019-07-03 22:27:19 - [TEST_CASE][PASSED] - Test Cases/OCS - DESKTOP/CALL- Age gate: Test Cases/OCS - DESKTOP/CALL- Age gate

2019-07-03 22:27:19 - [TEST_STEP][PASSED] - openBrowser(""): Browser is opened with url: ''

2019-07-03 22:27:19 - [MESSAGE][WARNING] - A browser is already opened. Closing browser and opening a new one

2019-07-03 22:27:39 - [MESSAGE][INFO] - Starting 'Firefox' driver

2019-07-03 22:27:42 - [MESSAGE][PASSED] - Browser is opened with url: ''

2019-07-03 22:27:42 - [TEST_STEP][PASSED] - navigateToUrl("https://ocs.ca/?fts=0&preview_theme_id=74203891532"): Navigate to 'https://ocs.ca/?fts=0&preview_theme_id=74203891532' successfully

2019-07-03 22:27:49 - [MESSAGE][PASSED] - Navigate to 'https://ocs.ca/?fts=0&preview_theme_id=74203891532' successfully

2019-07-03 22:27:49 - [TEST_STEP][PASSED] - maximizeWindow(): Current window maximized

2019-07-03 22:27:49 - [MESSAGE][PASSED] - Current window maximized

2019-07-03 22:27:49 - [TEST_STEP][PASSED] - delay(2): Delayed 2 second(s)

2019-07-03 22:27:51 - [MESSAGE][PASSED] - Delayed 2 second(s)

2019-07-03 22:27:51 - [TEST_STEP][PASSED] - executeJavaScript("var previewBar = document.getElementById("preview-bar-iframe"); previewBar.style.display = "none";", []): Execute JavaScript 'var previewBar = document.getElementById("preview-bar-iframe"); previewBar.style.display = "none";' successfully

2019-07-03 22:27:51 - [MESSAGE][PASSED] - Execute JavaScript 'var previewBar = document.getElementById("preview-bar-iframe"); previewBar.style.display = "none";' successfully

2019-07-03 22:27:51 - [TEST_STEP][PASSED] - selectOptionByValue(findTestObject("OCS-DESKTOP/Age gate and Mega menu/Date"), "12", true): All options with value '12' are selected in object 'Object Repository/OCS-DESKTOP/Age gate and Mega menu/Date'  using regular expression

2019-07-03 22:27:52 - [MESSAGE][PASSED] - All options with value '12' are selected in object 'Object Repository/OCS-DESKTOP/Age gate and Mega menu/Date'  using regular expression

2019-07-03 22:27:52 - [TEST_STEP][PASSED] - selectOptionByValue(findTestObject("OCS-DESKTOP/Age gate and Mega menu/month"), "6", true): All options with value '6' are selected in object 'Object Repository/OCS-DESKTOP/Age gate and Mega menu/month'  using regular expression

2019-07-03 22:27:52 - [MESSAGE][PASSED] - All options with value '6' are selected in object 'Object Repository/OCS-DESKTOP/Age gate and Mega menu/month'  using regular expression

2019-07-03 22:27:52 - [TEST_STEP][PASSED] - delay(2): Delayed 2 second(s)

2019-07-03 22:27:54 - [MESSAGE][PASSED] - Delayed 2 second(s)

2019-07-03 22:27:54 - [TEST_STEP][PASSED] - selectOptionByValue(findTestObject("OCS-DESKTOP/Age gate and Mega menu/Year Dropdown"), "1990", true): All options with value '1990' are selected in object 'Object Repository/OCS-DESKTOP/Age gate and Mega menu/Year Dropdown'  using regular expression

2019-07-03 22:27:56 - [MESSAGE][PASSED] - All options with value '1990' are selected in object 'Object Repository/OCS-DESKTOP/Age gate and Mega menu/Year Dropdown'  using regular expression

2019-07-03 22:27:56 - [TEST_STEP][PASSED] - click(findTestObject("OCS-DESKTOP/Age gate and Mega menu/button_Verify")): Object: 'Object Repository/OCS-DESKTOP/Age gate and Mega menu/button_Verify' is clicked on

2019-07-03 22:27:56 - [MESSAGE][PASSED] - Object: 'Object Repository/OCS-DESKTOP/Age gate and Mega menu/button_Verify' is clicked on

2019-07-03 22:27:56 - [TEST_STEP][PASSED] - click(findTestObject("OCS-DESKTOP/Age gate and Mega menu/Checkbox_CONFIRM AND ACKNOWLEDGE")): Object: 'Object Repository/OCS-DESKTOP/Age gate and Mega menu/Checkbox_CONFIRM AND ACKNOWLEDGE' is clicked on

2019-07-03 22:27:56 - [MESSAGE][PASSED] - Object: 'Object Repository/OCS-DESKTOP/Age gate and Mega menu/Checkbox_CONFIRM AND ACKNOWLEDGE' is clicked on

2019-07-03 22:27:56 - [TEST_STEP][PASSED] - click(findTestObject("OCS-DESKTOP/Age gate and Mega menu/button_CONFIRM")): Object: 'Object Repository/OCS-DESKTOP/Age gate and Mega menu/button_CONFIRM' is clicked on

2019-07-03 22:27:57 - [MESSAGE][PASSED] - Object: 'Object Repository/OCS-DESKTOP/Age gate and Mega menu/button_CONFIRM' is clicked on

2019-07-03 22:27:57 - [TEST_STEP][PASSED] - click(findTestObject("OCS-DESKTOP/Age gate and Mega menu/button_Start Browsing")): Object: 'Object Repository/OCS-DESKTOP/Age gate and Mega menu/button_Start Browsing' is clicked on

2019-07-03 22:27:57 - [MESSAGE][PASSED] - Object: 'Object Repository/OCS-DESKTOP/Age gate and Mega menu/button_Start Browsing' is clicked on

2019-07-03 22:27:57 - [TEST_STEP][PASSED] - delay(2): Delayed 2 second(s)

2019-07-03 22:27:59 - [MESSAGE][PASSED] - Delayed 2 second(s)

2019-07-03 22:27:59 - [TEST_STEP][PASSED] - refresh(): Refresh successfully

2019-07-03 22:28:05 - [MESSAGE][PASSED] - Refresh successfully

2019-07-03 22:28:05 - [MESSAGE][PASSED] - Call Test Case 'Test Cases/OCS - DESKTOP/CALL- Age gate' successfully

2019-07-03 22:28:05 - [TEST_STEP][PASSED] - delay(2): Delayed 2 second(s)

2019-07-03 22:28:07 - [MESSAGE][PASSED] - Delayed 2 second(s)

2019-07-03 22:28:07 - [TEST_STEP][PASSED] - callTestCase(findTestCase("OCS - DESKTOP/CALL - TOGGLING LANGUAGE"), [:], STOP_ON_FAILURE): Call Test Case 'Test Cases/OCS - DESKTOP/CALL - TOGGLING LANGUAGE' successfully

2019-07-03 22:28:07 - [TEST_CASE][PASSED] - Test Cases/OCS - DESKTOP/CALL - TOGGLING LANGUAGE: Test Cases/OCS - DESKTOP/CALL - TOGGLING LANGUAGE

2019-07-03 22:28:07 - [TEST_STEP][PASSED] - delay(2): Delayed 2 second(s)

2019-07-03 22:28:09 - [MESSAGE][PASSED] - Delayed 2 second(s)

2019-07-03 22:28:09 - [TEST_STEP][PASSED] - click(findTestObject("OCS-DESKTOP/Cart flyout/English dropdown")): Object: 'Object Repository/OCS-DESKTOP/Cart flyout/English dropdown' is clicked on

2019-07-03 22:28:09 - [MESSAGE][PASSED] - Object: 'Object Repository/OCS-DESKTOP/Cart flyout/English dropdown' is clicked on

2019-07-03 22:28:09 - [TEST_STEP][PASSED] - delay(2): Delayed 2 second(s)

2019-07-03 22:28:11 - [MESSAGE][PASSED] - Delayed 2 second(s)

2019-07-03 22:28:11 - [TEST_STEP][PASSED] - click(findTestObject("OCS-DESKTOP/Cart flyout/Select French")): Object: 'Object Repository/OCS-DESKTOP/Cart flyout/Select French' is clicked on

2019-07-03 22:28:11 - [MESSAGE][PASSED] - Object: 'Object Repository/OCS-DESKTOP/Cart flyout/Select French' is clicked on

2019-07-03 22:28:11 - [TEST_STEP][PASSED] - delay(5): Delayed 5 second(s)

2019-07-03 22:28:16 - [MESSAGE][PASSED] - Delayed 5 second(s)

2019-07-03 22:28:16 - [TEST_STEP][PASSED] - e = getWindowTitle(): Current window's title is: 'Magasin de Cannabis de l'Ontario | Ontario Cannabis Store'

2019-07-03 22:28:16 - [MESSAGE][PASSED] - Current window's title is: 'Magasin de Cannabis de l'Ontario | Ontario Cannabis Store'

2019-07-03 22:28:16 - [MESSAGE][PASSED] - Call Test Case 'Test Cases/OCS - DESKTOP/CALL - TOGGLING LANGUAGE' successfully

2019-07-03 22:28:16 - [TEST_STEP][PASSED] - click(findTestObject("OCS-DESKTOP/Age gate and Mega menu/Header/CANNABIS menu - English")): Object: 'Object Repository/OCS-DESKTOP/Age gate and Mega menu/Header/CANNABIS menu - English' is clicked on

2019-07-03 22:28:17 - [MESSAGE][PASSED] - Object: 'Object Repository/OCS-DESKTOP/Age gate and Mega menu/Header/CANNABIS menu - English' is clicked on

2019-07-03 22:28:17 - [TEST_STEP][PASSED] - delay(2): Delayed 2 second(s)

2019-07-03 22:28:19 - [MESSAGE][PASSED] - Delayed 2 second(s)

2019-07-03 22:28:19 - [TEST_STEP][PASSED] - executeJavaScript("var previewBar = document.getElementById("preview-bar-iframe"); previewBar.style.display = "none";", []): Execute JavaScript 'var previewBar = document.getElementById("preview-bar-iframe"); previewBar.style.display = "none";' successfully

2019-07-03 22:28:19 - [MESSAGE][PASSED] - Execute JavaScript 'var previewBar = document.getElementById("preview-bar-iframe"); previewBar.style.display = "none";' successfully

2019-07-03 22:28:19 - [TEST_STEP][PASSED] - click(findTestObject("OCS-DESKTOP/Age gate and Mega menu/Indica Dominant_Menu item")): Object: 'Object Repository/OCS-DESKTOP/Age gate and Mega menu/Indica Dominant_Menu item' is clicked on

2019-07-03 22:28:21 - [MESSAGE][PASSED] - Object: 'Object Repository/OCS-DESKTOP/Age gate and Mega menu/Indica Dominant_Menu item' is clicked on

2019-07-03 22:28:21 - [TEST_STEP][PASSED] - executeJavaScript("var previewBar = document.getElementById("preview-bar-iframe"); previewBar.style.display = "none";", []): Execute JavaScript 'var previewBar = document.getElementById("preview-bar-iframe"); previewBar.style.display = "none";' successfully

2019-07-03 22:28:21 - [MESSAGE][PASSED] - Execute JavaScript 'var previewBar = document.getElementById("preview-bar-iframe"); previewBar.style.display = "none";' successfully

2019-07-03 22:28:21 - [TEST_STEP][PASSED] - delay(2): Delayed 2 second(s)

2019-07-03 22:28:23 - [MESSAGE][PASSED] - Delayed 2 second(s)

2019-07-03 22:28:23 - [TEST_STEP][PASSED] - click(findTestObject("FRENCH/Product image - 1st one")): Object: 'Object Repository/FRENCH/Product image - 1st one' is clicked on

2019-07-03 22:28:25 - [MESSAGE][PASSED] - Object: 'Object Repository/FRENCH/Product image - 1st one' is clicked on

2019-07-03 22:28:25 - [TEST_STEP][PASSED] - executeJavaScript("var previewBar = document.getElementById("preview-bar-iframe"); previewBar.style.display = "none";", []): Execute JavaScript 'var previewBar = document.getElementById("preview-bar-iframe"); previewBar.style.display = "none";' successfully

2019-07-03 22:28:25 - [MESSAGE][PASSED] - Execute JavaScript 'var previewBar = document.getElementById("preview-bar-iframe"); previewBar.style.display = "none";' successfully

2019-07-03 22:28:25 - [TEST_STEP][PASSED] - delay(1): Delayed 1 second(s)

2019-07-03 22:28:26 - [MESSAGE][PASSED] - Delayed 1 second(s)

2019-07-03 22:28:26 - [TEST_STEP][PASSED] - delay(3): Delayed 3 second(s)

2019-07-03 22:28:29 - [MESSAGE][PASSED] - Delayed 3 second(s)

2019-07-03 22:28:29 - [TEST_STEP][PASSED] - click(findTestObject("OCS-DESKTOP/Product page/Swatch_1g")): Object: 'Object Repository/OCS-DESKTOP/Product page/Swatch_1g' is clicked on

2019-07-03 22:28:29 - [MESSAGE][PASSED] - Object: 'Object Repository/OCS-DESKTOP/Product page/Swatch_1g' is clicked on

2019-07-03 22:28:29 - [TEST_STEP][PASSED] - delay(2): Delayed 2 second(s)

2019-07-03 22:28:31 - [MESSAGE][PASSED] - Delayed 2 second(s)

2019-07-03 22:28:31 - [TEST_STEP][PASSED] - delay(2): Delayed 2 second(s)

2019-07-03 22:28:33 - [MESSAGE][PASSED] - Delayed 2 second(s)

2019-07-03 22:28:33 - [TEST_STEP][PASSED] - click(findTestObject("OCS-DESKTOP/Product page/Add to Bag-button")): Object: 'Object Repository/OCS-DESKTOP/Product page/Add to Bag-button' is clicked on

2019-07-03 22:28:33 - [MESSAGE][PASSED] - Object: 'Object Repository/OCS-DESKTOP/Product page/Add to Bag-button' is clicked on

2019-07-03 22:28:33 - [TEST_STEP][PASSED] - delay(2): Delayed 2 second(s)

2019-07-03 22:28:35 - [MESSAGE][PASSED] - Delayed 2 second(s)

2019-07-03 22:28:35 - [TEST_STEP][PASSED] - click(findTestObject("OCS-DESKTOP/Home - page/Cart icon -bag")): Object: 'Object Repository/OCS-DESKTOP/Home - page/Cart icon -bag' is clicked on

2019-07-03 22:28:36 - [MESSAGE][PASSED] - Object: 'Object Repository/OCS-DESKTOP/Home - page/Cart icon -bag' is clicked on

2019-07-03 22:28:36 - [TEST_STEP][PASSED] - delay(1): Delayed 1 second(s)

2019-07-03 22:28:37 - [MESSAGE][PASSED] - Delayed 1 second(s)

2019-07-03 22:28:37 - [TEST_STEP][PASSED] - click(findTestObject("OCS-DESKTOP/Cart flyout/Checkbox_I confirm that")): Object: 'Object Repository/OCS-DESKTOP/Cart flyout/Checkbox_I confirm that' is clicked on

2019-07-03 22:28:37 - [MESSAGE][PASSED] - Object: 'Object Repository/OCS-DESKTOP/Cart flyout/Checkbox_I confirm that' is clicked on

2019-07-03 22:28:37 - [TEST_STEP][PASSED] - delay(2): Delayed 2 second(s)

2019-07-03 22:28:39 - [MESSAGE][PASSED] - Delayed 2 second(s)

2019-07-03 22:28:39 - [TEST_STEP][PASSED] - click(findTestObject("OCS-DESKTOP/Cart flyout/Checkbox_Accept the Terms Condition")): Object: 'Object Repository/OCS-DESKTOP/Cart flyout/Checkbox_Accept the Terms Condition' is clicked on

2019-07-03 22:28:39 - [MESSAGE][PASSED] - Object: 'Object Repository/OCS-DESKTOP/Cart flyout/Checkbox_Accept the Terms Condition' is clicked on

2019-07-03 22:28:39 - [TEST_STEP][PASSED] - delay(1): Delayed 1 second(s)

2019-07-03 22:28:40 - [MESSAGE][PASSED] - Delayed 1 second(s)

2019-07-03 22:28:40 - [TEST_STEP][PASSED] - click(findTestObject("OCS-DESKTOP/Cart flyout/Checkout - Button")): Object: 'Object Repository/OCS-DESKTOP/Cart flyout/Checkout - Button' is clicked on

2019-07-03 22:28:46 - [MESSAGE][PASSED] - Object: 'Object Repository/OCS-DESKTOP/Cart flyout/Checkout - Button' is clicked on

2019-07-03 22:28:46 - [TEST_STEP][PASSED] - delay(2): Delayed 2 second(s)

2019-07-03 22:28:48 - [MESSAGE][PASSED] - Delayed 2 second(s)

2019-07-03 22:28:48 - [TEST_STEP][PASSED] - executeJavaScript("var previewBar = document.getElementById("preview-bar-iframe"); previewBar.style.display = "none";", []): Execute JavaScript 'var previewBar = document.getElementById("preview-bar-iframe"); previewBar.style.display = "none";' successfully

2019-07-03 22:28:48 - [MESSAGE][PASSED] - Execute JavaScript 'var previewBar = document.getElementById("preview-bar-iframe"); previewBar.style.display = "none";' successfully

2019-07-03 22:28:48 - [TEST_STEP][PASSED] - delay(2): Delayed 2 second(s)

2019-07-03 22:28:50 - [MESSAGE][PASSED] - Delayed 2 second(s)

2019-07-03 22:28:50 - [TEST_STEP][PASSED] - setText(findTestObject("Object Repository/Page_Ontario Cannabis Store - Infor/input_Adresse e-mail_checkoute"), "suman@gmail.com"): Text 'suman@gmail.com' is set on object 'Object Repository/Page_Ontario Cannabis Store - Infor/input_Adresse e-mail_checkoute'

2019-07-03 22:28:50 - [MESSAGE][PASSED] - Text 'suman@gmail.com' is set on object 'Object Repository/Page_Ontario Cannabis Store - Infor/input_Adresse e-mail_checkoute'

2019-07-03 22:28:50 - [TEST_STEP][PASSED] - setText(findTestObject("Object Repository/Page_Ontario Cannabis Store - Infor/input_Prnom_checkoutshipping_a"), "suman"): Text 'suman' is set on object 'Object Repository/Page_Ontario Cannabis Store - Infor/input_Prnom_checkoutshipping_a'

2019-07-03 22:28:50 - [MESSAGE][PASSED] - Text 'suman' is set on object 'Object Repository/Page_Ontario Cannabis Store - Infor/input_Prnom_checkoutshipping_a'

2019-07-03 22:28:50 - [TEST_STEP][PASSED] - setText(findTestObject("Object Repository/Page_Ontario Cannabis Store - Infor/input_Nom_checkoutshipping_add"), "kompelly"): Text 'kompelly' is set on object 'Object Repository/Page_Ontario Cannabis Store - Infor/input_Nom_checkoutshipping_add'

2019-07-03 22:28:50 - [MESSAGE][PASSED] - Text 'kompelly' is set on object 'Object Repository/Page_Ontario Cannabis Store - Infor/input_Nom_checkoutshipping_add'

2019-07-03 22:28:50 - [TEST_STEP][PASSED] - setText(findTestObject("Object Repository/Page_Ontario Cannabis Store - Infor/input_Adresse_checkoutshipping"), "123 test"): Text '123 test' is set on object 'Object Repository/Page_Ontario Cannabis Store - Infor/input_Adresse_checkoutshipping'

2019-07-03 22:28:50 - [MESSAGE][PASSED] - Text '123 test' is set on object 'Object Repository/Page_Ontario Cannabis Store - Infor/input_Adresse_checkoutshipping'

2019-07-03 22:28:50 - [TEST_STEP][PASSED] - setText(findTestObject("Object Repository/Page_Ontario Cannabis Store - Infor/input_Appartement suite etc. ("), "123"): Text '123' is set on object 'Object Repository/Page_Ontario Cannabis Store - Infor/input_Appartement suite etc. ('

2019-07-03 22:28:50 - [MESSAGE][PASSED] - Text '123' is set on object 'Object Repository/Page_Ontario Cannabis Store - Infor/input_Appartement suite etc. ('

2019-07-03 22:28:50 - [TEST_STEP][PASSED] - setText(findTestObject("Object Repository/Page_Ontario Cannabis Store - Infor/input_Ville_checkoutshipping_a"), "montreal"): Text 'montreal' is set on object 'Object Repository/Page_Ontario Cannabis Store - Infor/input_Ville_checkoutshipping_a'

2019-07-03 22:28:50 - [MESSAGE][PASSED] - Text 'montreal' is set on object 'Object Repository/Page_Ontario Cannabis Store - Infor/input_Ville_checkoutshipping_a'

2019-07-03 22:28:50 - [TEST_STEP][PASSED] - setText(findTestObject("Object Repository/Page_Ontario Cannabis Store - Infor/input_Code postal_checkoutship"), "n0r1k0"): Text 'n0r1k0' is set on object 'Object Repository/Page_Ontario Cannabis Store - Infor/input_Code postal_checkoutship'

2019-07-03 22:28:50 - [MESSAGE][PASSED] - Text 'n0r1k0' is set on object 'Object Repository/Page_Ontario Cannabis Store - Infor/input_Code postal_checkoutship'

2019-07-03 22:28:50 - [TEST_STEP][PASSED] - setText(findTestObject("Object Repository/Page_Ontario Cannabis Store - Infor/input_Tlphone_checkoutshipping"), "514-449-3883"): Text '514-449-3883' is set on object 'Object Repository/Page_Ontario Cannabis Store - Infor/input_Tlphone_checkoutshipping'

2019-07-03 22:28:50 - [MESSAGE][PASSED] - Text '514-449-3883' is set on object 'Object Repository/Page_Ontario Cannabis Store - Infor/input_Tlphone_checkoutshipping'

2019-07-03 22:28:50 - [TEST_STEP][PASSED] - delay(2): Delayed 2 second(s)

2019-07-03 22:28:52 - [MESSAGE][PASSED] - Delayed 2 second(s)

2019-07-03 22:28:52 - [TEST_STEP][PASSED] - click(findTestObject("Object Repository/Page_Ontario Cannabis Store - Infor/button_Continuer vers le mode")): Object: 'Object Repository/Page_Ontario Cannabis Store - Infor/button_Continuer vers le mode' is clicked on

2019-07-03 22:29:14 - [MESSAGE][PASSED] - Object: 'Object Repository/Page_Ontario Cannabis Store - Infor/button_Continuer vers le mode' is clicked on

2019-07-03 22:29:14 - [TEST_STEP][PASSED] - delay(2): Delayed 2 second(s)

2019-07-03 22:29:16 - [MESSAGE][PASSED] - Delayed 2 second(s)

2019-07-03 22:29:16 - [TEST_STEP][PASSED] - executeJavaScript("var previewBar = document.getElementById("preview-bar-iframe"); previewBar.style.display = "none";", []): Execute JavaScript 'var previewBar = document.getElementById("preview-bar-iframe"); previewBar.style.display = "none";' successfully

2019-07-03 22:29:16 - [MESSAGE][PASSED] - Execute JavaScript 'var previewBar = document.getElementById("preview-bar-iframe"); previewBar.style.display = "none";' successfully

2019-07-03 22:29:16 - [TEST_STEP][PASSED] - delay(1): Delayed 1 second(s)

2019-07-03 22:29:17 - [MESSAGE][PASSED] - Delayed 1 second(s)

2019-07-03 22:29:17 - [TEST_STEP][PASSED] - click(findTestObject("OCS-DESKTOP/Shipping page/Change link")): Object: 'Object Repository/OCS-DESKTOP/Shipping page/Change link' is clicked on

2019-07-03 22:29:38 - [MESSAGE][PASSED] - Object: 'Object Repository/OCS-DESKTOP/Shipping page/Change link' is clicked on

2019-07-03 22:29:38 - [TEST_STEP][PASSED] - delay(2): Delayed 2 second(s)

2019-07-03 22:29:40 - [MESSAGE][PASSED] - Delayed 2 second(s)

2019-07-03 22:29:40 - [TEST_STEP][PASSED] - executeJavaScript("var previewBar = document.getElementById("preview-bar-iframe"); previewBar.style.display = "none";", []): Execute JavaScript 'var previewBar = document.getElementById("preview-bar-iframe"); previewBar.style.display = "none";' successfully

2019-07-03 22:29:40 - [MESSAGE][PASSED] - Execute JavaScript 'var previewBar = document.getElementById("preview-bar-iframe"); previewBar.style.display = "none";' successfully

2019-07-03 22:29:40 - [TEST_STEP][PASSED] - delay(1): Delayed 1 second(s)

2019-07-03 22:29:41 - [MESSAGE][PASSED] - Delayed 1 second(s)

2019-07-03 22:29:41 - [TEST_STEP][PASSED] - click(findTestObject("Page_Ontario Cannabis Store - Infor/button_Continuer vers le mode")): Object: 'Object Repository/Page_Ontario Cannabis Store - Infor/button_Continuer vers le mode' is clicked on

2019-07-03 22:29:47 - [MESSAGE][PASSED] - Object: 'Object Repository/Page_Ontario Cannabis Store - Infor/button_Continuer vers le mode' is clicked on

2019-07-03 22:29:47 - [TEST_STEP][PASSED] - delay(2): Delayed 2 second(s)

2019-07-03 22:29:49 - [MESSAGE][PASSED] - Delayed 2 second(s)

2019-07-03 22:29:49 - [TEST_STEP][PASSED] - executeJavaScript("var previewBar = document.getElementById("preview-bar-iframe"); previewBar.style.display = "none";", []): Execute JavaScript 'var previewBar = document.getElementById("preview-bar-iframe"); previewBar.style.display = "none";' successfully

2019-07-03 22:29:49 - [MESSAGE][PASSED] - Execute JavaScript 'var previewBar = document.getElementById("preview-bar-iframe"); previewBar.style.display = "none";' successfully

2019-07-03 22:29:49 - [TEST_STEP][PASSED] - delay(1): Delayed 1 second(s)

2019-07-03 22:29:50 - [MESSAGE][PASSED] - Delayed 1 second(s)

2019-07-03 22:29:50 - [TEST_STEP][PASSED] - click(findTestObject("OCS-DESKTOP/Shipping page/Change link 2")): Object: 'Object Repository/OCS-DESKTOP/Shipping page/Change link 2' is clicked on

2019-07-03 22:30:12 - [MESSAGE][PASSED] - Object: 'Object Repository/OCS-DESKTOP/Shipping page/Change link 2' is clicked on

2019-07-03 22:30:12 - [TEST_STEP][PASSED] - delay(2): Delayed 2 second(s)

2019-07-03 22:30:14 - [MESSAGE][PASSED] - Delayed 2 second(s)

2019-07-03 22:30:14 - [TEST_STEP][PASSED] - executeJavaScript("var previewBar = document.getElementById("preview-bar-iframe"); previewBar.style.display = "none";", []): Execute JavaScript 'var previewBar = document.getElementById("preview-bar-iframe"); previewBar.style.display = "none";' successfully

2019-07-03 22:30:14 - [MESSAGE][PASSED] - Execute JavaScript 'var previewBar = document.getElementById("preview-bar-iframe"); previewBar.style.display = "none";' successfully

2019-07-03 22:30:14 - [TEST_STEP][PASSED] - delay(1): Delayed 1 second(s)

2019-07-03 22:30:15 - [MESSAGE][PASSED] - Delayed 1 second(s)

2019-07-03 22:30:15 - [TEST_STEP][PASSED] - click(findTestObject("Page_Ontario Cannabis Store - Infor/button_Continuer vers le mode"), CONTINUE_ON_FAILURE): Object: 'Object Repository/Page_Ontario Cannabis Store - Infor/button_Continuer vers le mode' is clicked on

2019-07-03 22:30:36 - [MESSAGE][PASSED] - Object: 'Object Repository/Page_Ontario Cannabis Store - Infor/button_Continuer vers le mode' is clicked on

2019-07-03 22:30:36 - [TEST_STEP][PASSED] - delay(2): Delayed 2 second(s)

2019-07-03 22:30:38 - [MESSAGE][PASSED] - Delayed 2 second(s)

2019-07-03 22:30:38 - [TEST_STEP][PASSED] - executeJavaScript("var previewBar = document.getElementById("preview-bar-iframe"); previewBar.style.display = "none";", []): Execute JavaScript 'var previewBar = document.getElementById("preview-bar-iframe"); previewBar.style.display = "none";' successfully

2019-07-03 22:30:38 - [MESSAGE][PASSED] - Execute JavaScript 'var previewBar = document.getElementById("preview-bar-iframe"); previewBar.style.display = "none";' successfully

2019-07-03 22:30:38 - [TEST_STEP][PASSED] - delay(1): Delayed 1 second(s)

2019-07-03 22:30:39 - [MESSAGE][PASSED] - Delayed 1 second(s)

2019-07-03 22:30:39 - [TEST_STEP][PASSED] - click(findTestObject("OCS-DESKTOP/Shipping page/Return to customer info")): Object: 'Object Repository/OCS-DESKTOP/Shipping page/Return to customer info' is clicked on

2019-07-03 22:31:00 - [MESSAGE][PASSED] - Object: 'Object Repository/OCS-DESKTOP/Shipping page/Return to customer info' is clicked on

2019-07-03 22:31:00 - [TEST_STEP][PASSED] - delay(2): Delayed 2 second(s)

2019-07-03 22:31:02 - [MESSAGE][PASSED] - Delayed 2 second(s)

2019-07-03 22:31:02 - [TEST_STEP][PASSED] - executeJavaScript("var previewBar = document.getElementById("preview-bar-iframe"); previewBar.style.display = "none";", []): Execute JavaScript 'var previewBar = document.getElementById("preview-bar-iframe"); previewBar.style.display = "none";' successfully

2019-07-03 22:31:02 - [MESSAGE][PASSED] - Execute JavaScript 'var previewBar = document.getElementById("preview-bar-iframe"); previewBar.style.display = "none";' successfully

2019-07-03 22:31:02 - [TEST_STEP][PASSED] - delay(1): Delayed 1 second(s)

2019-07-03 22:31:03 - [MESSAGE][PASSED] - Delayed 1 second(s)

2019-07-03 22:31:03 - [TEST_STEP][PASSED] - click(findTestObject("Page_Ontario Cannabis Store - Infor/button_Continuer vers le mode")): Object: 'Object Repository/Page_Ontario Cannabis Store - Infor/button_Continuer vers le mode' is clicked on

2019-07-03 22:31:25 - [MESSAGE][PASSED] - Object: 'Object Repository/Page_Ontario Cannabis Store - Infor/button_Continuer vers le mode' is clicked on

2019-07-03 22:31:25 - [TEST_STEP][PASSED] - delay(2): Delayed 2 second(s)

2019-07-03 22:31:27 - [MESSAGE][PASSED] - Delayed 2 second(s)

2019-07-03 22:31:27 - [TEST_STEP][PASSED] - executeJavaScript("var previewBar = document.getElementById("preview-bar-iframe"); previewBar.style.display = "none";", []): Execute JavaScript 'var previewBar = document.getElementById("preview-bar-iframe"); previewBar.style.display = "none";' successfully

2019-07-03 22:31:27 - [MESSAGE][PASSED] - Execute JavaScript 'var previewBar = document.getElementById("preview-bar-iframe"); previewBar.style.display = "none";' successfully

2019-07-03 22:31:27 - [TEST_STEP][PASSED] - click(findTestObject("OCS-DESKTOP/Customer info page/Cart - Breadcrumb link")): Object: 'Object Repository/OCS-DESKTOP/Customer info page/Cart - Breadcrumb link' is clicked on

2019-07-03 22:31:29 - [MESSAGE][PASSED] - Object: 'Object Repository/OCS-DESKTOP/Customer info page/Cart - Breadcrumb link' is clicked on

2019-07-03 22:31:29 - [TEST_STEP][PASSED] - delay(2): Delayed 2 second(s)

2019-07-03 22:31:31 - [MESSAGE][PASSED] - Delayed 2 second(s)

2019-07-03 22:31:31 - [TEST_STEP][PASSED] - executeJavaScript("var previewBar = document.getElementById("preview-bar-iframe"); previewBar.style.display = "none";", []): Execute JavaScript 'var previewBar = document.getElementById("preview-bar-iframe"); previewBar.style.display = "none";' successfully

2019-07-03 22:31:31 - [MESSAGE][PASSED] - Execute JavaScript 'var previewBar = document.getElementById("preview-bar-iframe"); previewBar.style.display = "none";' successfully

2019-07-03 22:31:31 - [TEST_STEP][PASSED] - click(findTestObject("OCS-DESKTOP/Cart page/cart page-Checkbox_I confirm that")): Object: 'Object Repository/OCS-DESKTOP/Cart page/cart page-Checkbox_I confirm that' is clicked on

2019-07-03 22:31:31 - [MESSAGE][PASSED] - Object: 'Object Repository/OCS-DESKTOP/Cart page/cart page-Checkbox_I confirm that' is clicked on

2019-07-03 22:31:31 - [TEST_STEP][PASSED] - delay(1): Delayed 1 second(s)

2019-07-03 22:31:32 - [MESSAGE][PASSED] - Delayed 1 second(s)

2019-07-03 22:31:32 - [TEST_STEP][PASSED] - click(findTestObject("OCS-DESKTOP/Cart page/cart page - Checkbox_Accept the Terms Condition")): Object: 'Object Repository/OCS-DESKTOP/Cart page/cart page - Checkbox_Accept the Terms Condition' is clicked on

2019-07-03 22:31:32 - [MESSAGE][PASSED] - Object: 'Object Repository/OCS-DESKTOP/Cart page/cart page - Checkbox_Accept the Terms Condition' is clicked on

2019-07-03 22:31:32 - [TEST_STEP][PASSED] - delay(3): Delayed 3 second(s)

2019-07-03 22:31:35 - [MESSAGE][PASSED] - Delayed 3 second(s)

2019-07-03 22:31:35 - [TEST_STEP][PASSED] - click(findTestObject("FRENCH/Cart page -checkout button")): Object: 'Object Repository/FRENCH/Cart page -checkout button' is clicked on

2019-07-03 22:31:37 - [MESSAGE][PASSED] - Object: 'Object Repository/FRENCH/Cart page -checkout button' is clicked on

2019-07-03 22:31:37 - [TEST_STEP][PASSED] - delay(1): Delayed 1 second(s)

2019-07-03 22:31:38 - [MESSAGE][PASSED] - Delayed 1 second(s)

2019-07-03 22:31:38 - [TEST_STEP][PASSED] - click(findTestObject("OCS-DESKTOP/Payment -page/Information - Breadcrumb link")): Object: 'Object Repository/OCS-DESKTOP/Payment -page/Information - Breadcrumb link' is clicked on

2019-07-03 22:31:59 - [MESSAGE][PASSED] - Object: 'Object Repository/OCS-DESKTOP/Payment -page/Information - Breadcrumb link' is clicked on

2019-07-03 22:31:59 - [TEST_STEP][PASSED] - delay(3): Delayed 3 second(s)

2019-07-03 22:32:02 - [MESSAGE][PASSED] - Delayed 3 second(s)

2019-07-03 22:32:02 - [TEST_STEP][PASSED] - delay(1): Delayed 1 second(s)

2019-07-03 22:32:03 - [MESSAGE][PASSED] - Delayed 1 second(s)

2019-07-03 22:32:03 - [TEST_STEP][PASSED] - executeJavaScript("var previewBar = document.getElementById("preview-bar-iframe"); previewBar.style.display = "none";", []): Execute JavaScript 'var previewBar = document.getElementById("preview-bar-iframe"); previewBar.style.display = "none";' successfully

2019-07-03 22:32:03 - [MESSAGE][PASSED] - Execute JavaScript 'var previewBar = document.getElementById("preview-bar-iframe"); previewBar.style.display = "none";' successfully

2019-07-03 22:32:03 - [TEST_STEP][PASSED] - click(findTestObject("Page_Ontario Cannabis Store - Infor/button_Continuer vers le mode")): Object: 'Object Repository/Page_Ontario Cannabis Store - Infor/button_Continuer vers le mode' is clicked on

2019-07-03 22:32:24 - [MESSAGE][PASSED] - Object: 'Object Repository/Page_Ontario Cannabis Store - Infor/button_Continuer vers le mode' is clicked on

2019-07-03 22:32:24 - [TEST_STEP][PASSED] - delay(3): Delayed 3 second(s)

2019-07-03 22:32:27 - [MESSAGE][PASSED] - Delayed 3 second(s)

2019-07-03 22:32:27 - [TEST_STEP][PASSED] - delay(1): Delayed 1 second(s)

2019-07-03 22:32:28 - [MESSAGE][PASSED] - Delayed 1 second(s)

2019-07-03 22:32:28 - [TEST_STEP][PASSED] - click(findTestObject("Page_Ontario Cannabis Store - Infor/button_Continuer vers le mode")): Object: 'Object Repository/Page_Ontario Cannabis Store - Infor/button_Continuer vers le mode' is clicked on

2019-07-03 22:32:31 - [MESSAGE][PASSED] - Object: 'Object Repository/Page_Ontario Cannabis Store - Infor/button_Continuer vers le mode' is clicked on]]></system-out>
         <system-err><![CDATA[]]></system-err>
      </testcase>
      <testcase name="Test Cases/OCS - DESKTOP/OCS- HOME PAGE/Toggling language" classname="Test Cases/OCS - DESKTOP/OCS- HOME PAGE/Toggling language" status="FAILED">
         <failure type="FAILED" message="Test Cases/OCS - DESKTOP/OCS- HOME PAGE/Toggling language FAILED.
Reason:
com.kms.katalon.core.exception.StepFailedException: Unable to click on object 'Object Repository/OCS-DESKTOP/Cart flyout/Select English' (Root cause: org.openqa.selenium.ElementNotInteractableException: Element &lt;a class=&quot;language-toggle__link&quot; href=&quot;https://ocs.ca&quot;> could not be scrolled into view
Build info: version: '3.7.1', revision: '8a0099a', time: '2017-11-06T21:07:36.161Z'
System info: host: 'sumans-MacBook-Pro.local', ip: 'fe80:0:0:0:10b5:ab76:5e8b:ef36%en0', os.name: 'Mac OS X', os.arch: 'x86_64', os.version: '10.13.6', java.version: '1.8.0_181'
Driver info: com.kms.katalon.core.webui.driver.firefox.CGeckoDriver
Capabilities {acceptInsecureCerts: true, browserName: firefox, browserVersion: 67.0.4, javascriptEnabled: true, moz:accessibilityChecks: false, moz:buildID: 20190619235627, moz:geckodriverVersion: 0.23.0, moz:headless: false, moz:processID: 722, moz:profile: /var/folders/1t/c55l8xzs6gq..., moz:shutdownTimeout: 60000, moz:useNonSpecCompliantPointerOrigin: false, moz:webdriverClick: true, pageLoadStrategy: normal, platform: MAC, platformName: MAC, platformVersion: 17.7.0, proxy: Proxy(direct), rotatable: false, setWindowRect: true, strictFileInteractability: false, timeouts: {implicit: 0, pageLoad: 300000, script: 30000}, unhandledPromptBehavior: dismiss and notify}
Session ID: 8053ab40-3355-e545-b321-695a57e8005d)
	at com.kms.katalon.core.keyword.internal.KeywordMain.stepFailed(KeywordMain.groovy:36)
	at com.kms.katalon.core.webui.keyword.internal.WebUIKeywordMain.stepFailed(WebUIKeywordMain.groovy:65)
	at com.kms.katalon.core.webui.keyword.internal.WebUIKeywordMain.runKeyword(WebUIKeywordMain.groovy:27)
	at com.kms.katalon.core.webui.keyword.builtin.ClickKeyword.click(ClickKeyword.groovy:86)
	at com.kms.katalon.core.webui.keyword.builtin.ClickKeyword.execute(ClickKeyword.groovy:67)
	at com.kms.katalon.core.keyword.internal.KeywordExecutor.executeKeywordForPlatform(KeywordExecutor.groovy:53)
	at com.kms.katalon.core.webui.keyword.WebUiBuiltInKeywords.click(WebUiBuiltInKeywords.groovy:616)
	at com.kms.katalon.core.webui.keyword.WebUiBuiltInKeywords$click$4.call(Unknown Source)
	at Toggling language.run(Toggling language:56)
	at com.kms.katalon.core.main.ScriptEngine.run(ScriptEngine.java:194)
	at com.kms.katalon.core.main.ScriptEngine.runScriptAsRawText(ScriptEngine.java:119)
	at com.kms.katalon.core.main.TestCaseExecutor.runScript(TestCaseExecutor.java:328)
	at com.kms.katalon.core.main.TestCaseExecutor.doExecute(TestCaseExecutor.java:319)
	at com.kms.katalon.core.main.TestCaseExecutor.processExecutionPhase(TestCaseExecutor.java:298)
	at com.kms.katalon.core.main.TestCaseExecutor.accessMainPhase(TestCaseExecutor.java:290)
	at com.kms.katalon.core.main.TestCaseExecutor.execute(TestCaseExecutor.java:224)
	at com.kms.katalon.core.main.TestSuiteExecutor.accessTestCaseMainPhase(TestSuiteExecutor.java:129)
	at com.kms.katalon.core.main.TestSuiteExecutor.accessTestSuiteMainPhase(TestSuiteExecutor.java:112)
	at com.kms.katalon.core.main.TestSuiteExecutor.execute(TestSuiteExecutor.java:81)
	at com.kms.katalon.core.main.TestCaseMain.startTestSuite(TestCaseMain.java:149)
	at com.kms.katalon.core.main.TestCaseMain$startTestSuite$0.call(Unknown Source)
	at TempTestSuite1562205541804.run(TempTestSuite1562205541804.groovy:36)
"/>
         <system-out><![CDATA[2019-07-03 22:32:31 - [TEST_CASE][FAILED] - Test Cases/OCS - DESKTOP/OCS- HOME PAGE/Toggling language: Test Cases/OCS - DESKTOP/OCS- HOME PAGE/Toggling language FAILED.
Reason:
com.kms.katalon.core.exception.StepFailedException: Unable to click on object 'Object Repository/OCS-DESKTOP/Cart flyout/Select English' (Root cause: org.openqa.selenium.ElementNotInteractableException: Element <a class="language-toggle__link" href="https://ocs.ca"> could not be scrolled into view
Build info: version: '3.7.1', revision: '8a0099a', time: '2017-11-06T21:07:36.161Z'
System info: host: 'sumans-MacBook-Pro.local', ip: 'fe80:0:0:0:10b5:ab76:5e8b:ef36%en0', os.name: 'Mac OS X', os.arch: 'x86_64', os.version: '10.13.6', java.version: '1.8.0_181'
Driver info: com.kms.katalon.core.webui.driver.firefox.CGeckoDriver
Capabilities {acceptInsecureCerts: true, browserName: firefox, browserVersion: 67.0.4, javascriptEnabled: true, moz:accessibilityChecks: false, moz:buildID: 20190619235627, moz:geckodriverVersion: 0.23.0, moz:headless: false, moz:processID: 722, moz:profile: /var/folders/1t/c55l8xzs6gq..., moz:shutdownTimeout: 60000, moz:useNonSpecCompliantPointerOrigin: false, moz:webdriverClick: true, pageLoadStrategy: normal, platform: MAC, platformName: MAC, platformVersion: 17.7.0, proxy: Proxy(direct), rotatable: false, setWindowRect: true, strictFileInteractability: false, timeouts: {implicit: 0, pageLoad: 300000, script: 30000}, unhandledPromptBehavior: dismiss and notify}
Session ID: 8053ab40-3355-e545-b321-695a57e8005d)
	at com.kms.katalon.core.keyword.internal.KeywordMain.stepFailed(KeywordMain.groovy:36)
	at com.kms.katalon.core.webui.keyword.internal.WebUIKeywordMain.stepFailed(WebUIKeywordMain.groovy:65)
	at com.kms.katalon.core.webui.keyword.internal.WebUIKeywordMain.runKeyword(WebUIKeywordMain.groovy:27)
	at com.kms.katalon.core.webui.keyword.builtin.ClickKeyword.click(ClickKeyword.groovy:86)
	at com.kms.katalon.core.webui.keyword.builtin.ClickKeyword.execute(ClickKeyword.groovy:67)
	at com.kms.katalon.core.keyword.internal.KeywordExecutor.executeKeywordForPlatform(KeywordExecutor.groovy:53)
	at com.kms.katalon.core.webui.keyword.WebUiBuiltInKeywords.click(WebUiBuiltInKeywords.groovy:616)
	at com.kms.katalon.core.webui.keyword.WebUiBuiltInKeywords$click$4.call(Unknown Source)
	at Toggling language.run(Toggling language:56)
	at com.kms.katalon.core.main.ScriptEngine.run(ScriptEngine.java:194)
	at com.kms.katalon.core.main.ScriptEngine.runScriptAsRawText(ScriptEngine.java:119)
	at com.kms.katalon.core.main.TestCaseExecutor.runScript(TestCaseExecutor.java:328)
	at com.kms.katalon.core.main.TestCaseExecutor.doExecute(TestCaseExecutor.java:319)
	at com.kms.katalon.core.main.TestCaseExecutor.processExecutionPhase(TestCaseExecutor.java:298)
	at com.kms.katalon.core.main.TestCaseExecutor.accessMainPhase(TestCaseExecutor.java:290)
	at com.kms.katalon.core.main.TestCaseExecutor.execute(TestCaseExecutor.java:224)
	at com.kms.katalon.core.main.TestSuiteExecutor.accessTestCaseMainPhase(TestSuiteExecutor.java:129)
	at com.kms.katalon.core.main.TestSuiteExecutor.accessTestSuiteMainPhase(TestSuiteExecutor.java:112)
	at com.kms.katalon.core.main.TestSuiteExecutor.execute(TestSuiteExecutor.java:81)
	at com.kms.katalon.core.main.TestCaseMain.startTestSuite(TestCaseMain.java:149)
	at com.kms.katalon.core.main.TestCaseMain$startTestSuite$0.call(Unknown Source)
	at TempTestSuite1562205541804.run(TempTestSuite1562205541804.groovy:36)


2019-07-03 22:32:31 - [TEST_STEP][PASSED] - callTestCase(findTestCase("OCS - DESKTOP/CALL- Age gate"), [:], STOP_ON_FAILURE): Call Test Case 'Test Cases/OCS - DESKTOP/CALL- Age gate' successfully

2019-07-03 22:32:31 - [TEST_CASE][PASSED] - Test Cases/OCS - DESKTOP/CALL- Age gate: Test Cases/OCS - DESKTOP/CALL- Age gate

2019-07-03 22:32:31 - [TEST_STEP][PASSED] - openBrowser(""): Browser is opened with url: ''

2019-07-03 22:32:31 - [MESSAGE][WARNING] - A browser is already opened. Closing browser and opening a new one

2019-07-03 22:32:51 - [MESSAGE][INFO] - Starting 'Firefox' driver

2019-07-03 22:32:53 - [MESSAGE][PASSED] - Browser is opened with url: ''

2019-07-03 22:32:53 - [TEST_STEP][PASSED] - navigateToUrl("https://ocs.ca/?fts=0&preview_theme_id=74203891532"): Navigate to 'https://ocs.ca/?fts=0&preview_theme_id=74203891532' successfully

2019-07-03 22:32:58 - [MESSAGE][PASSED] - Navigate to 'https://ocs.ca/?fts=0&preview_theme_id=74203891532' successfully

2019-07-03 22:32:58 - [TEST_STEP][PASSED] - maximizeWindow(): Current window maximized

2019-07-03 22:32:59 - [MESSAGE][PASSED] - Current window maximized

2019-07-03 22:32:59 - [TEST_STEP][PASSED] - delay(2): Delayed 2 second(s)

2019-07-03 22:33:01 - [MESSAGE][PASSED] - Delayed 2 second(s)

2019-07-03 22:33:01 - [TEST_STEP][PASSED] - executeJavaScript("var previewBar = document.getElementById("preview-bar-iframe"); previewBar.style.display = "none";", []): Execute JavaScript 'var previewBar = document.getElementById("preview-bar-iframe"); previewBar.style.display = "none";' successfully

2019-07-03 22:33:01 - [MESSAGE][PASSED] - Execute JavaScript 'var previewBar = document.getElementById("preview-bar-iframe"); previewBar.style.display = "none";' successfully

2019-07-03 22:33:01 - [TEST_STEP][PASSED] - selectOptionByValue(findTestObject("OCS-DESKTOP/Age gate and Mega menu/Date"), "12", true): All options with value '12' are selected in object 'Object Repository/OCS-DESKTOP/Age gate and Mega menu/Date'  using regular expression

2019-07-03 22:33:02 - [MESSAGE][PASSED] - All options with value '12' are selected in object 'Object Repository/OCS-DESKTOP/Age gate and Mega menu/Date'  using regular expression

2019-07-03 22:33:02 - [TEST_STEP][PASSED] - selectOptionByValue(findTestObject("OCS-DESKTOP/Age gate and Mega menu/month"), "6", true): All options with value '6' are selected in object 'Object Repository/OCS-DESKTOP/Age gate and Mega menu/month'  using regular expression

2019-07-03 22:33:02 - [MESSAGE][PASSED] - All options with value '6' are selected in object 'Object Repository/OCS-DESKTOP/Age gate and Mega menu/month'  using regular expression

2019-07-03 22:33:02 - [TEST_STEP][PASSED] - delay(2): Delayed 2 second(s)

2019-07-03 22:33:04 - [MESSAGE][PASSED] - Delayed 2 second(s)

2019-07-03 22:33:04 - [TEST_STEP][PASSED] - selectOptionByValue(findTestObject("OCS-DESKTOP/Age gate and Mega menu/Year Dropdown"), "1990", true): All options with value '1990' are selected in object 'Object Repository/OCS-DESKTOP/Age gate and Mega menu/Year Dropdown'  using regular expression

2019-07-03 22:33:06 - [MESSAGE][PASSED] - All options with value '1990' are selected in object 'Object Repository/OCS-DESKTOP/Age gate and Mega menu/Year Dropdown'  using regular expression

2019-07-03 22:33:06 - [TEST_STEP][PASSED] - click(findTestObject("OCS-DESKTOP/Age gate and Mega menu/button_Verify")): Object: 'Object Repository/OCS-DESKTOP/Age gate and Mega menu/button_Verify' is clicked on

2019-07-03 22:33:06 - [MESSAGE][PASSED] - Object: 'Object Repository/OCS-DESKTOP/Age gate and Mega menu/button_Verify' is clicked on

2019-07-03 22:33:06 - [TEST_STEP][PASSED] - click(findTestObject("OCS-DESKTOP/Age gate and Mega menu/Checkbox_CONFIRM AND ACKNOWLEDGE")): Object: 'Object Repository/OCS-DESKTOP/Age gate and Mega menu/Checkbox_CONFIRM AND ACKNOWLEDGE' is clicked on

2019-07-03 22:33:06 - [MESSAGE][PASSED] - Object: 'Object Repository/OCS-DESKTOP/Age gate and Mega menu/Checkbox_CONFIRM AND ACKNOWLEDGE' is clicked on

2019-07-03 22:33:06 - [TEST_STEP][PASSED] - click(findTestObject("OCS-DESKTOP/Age gate and Mega menu/button_CONFIRM")): Object: 'Object Repository/OCS-DESKTOP/Age gate and Mega menu/button_CONFIRM' is clicked on

2019-07-03 22:33:06 - [MESSAGE][PASSED] - Object: 'Object Repository/OCS-DESKTOP/Age gate and Mega menu/button_CONFIRM' is clicked on

2019-07-03 22:33:06 - [TEST_STEP][PASSED] - click(findTestObject("OCS-DESKTOP/Age gate and Mega menu/button_Start Browsing")): Object: 'Object Repository/OCS-DESKTOP/Age gate and Mega menu/button_Start Browsing' is clicked on

2019-07-03 22:33:07 - [MESSAGE][PASSED] - Object: 'Object Repository/OCS-DESKTOP/Age gate and Mega menu/button_Start Browsing' is clicked on

2019-07-03 22:33:07 - [TEST_STEP][PASSED] - delay(2): Delayed 2 second(s)

2019-07-03 22:33:09 - [MESSAGE][PASSED] - Delayed 2 second(s)

2019-07-03 22:33:09 - [TEST_STEP][PASSED] - refresh(): Refresh successfully

2019-07-03 22:33:12 - [MESSAGE][PASSED] - Refresh successfully

2019-07-03 22:33:12 - [MESSAGE][PASSED] - Call Test Case 'Test Cases/OCS - DESKTOP/CALL- Age gate' successfully

2019-07-03 22:33:12 - [TEST_STEP][PASSED] - delay(2): Delayed 2 second(s)

2019-07-03 22:33:14 - [MESSAGE][PASSED] - Delayed 2 second(s)

2019-07-03 22:33:14 - [TEST_STEP][PASSED] - click(findTestObject("OCS-DESKTOP/Cart flyout/English dropdown")): Object: 'Object Repository/OCS-DESKTOP/Cart flyout/English dropdown' is clicked on

2019-07-03 22:33:14 - [MESSAGE][PASSED] - Object: 'Object Repository/OCS-DESKTOP/Cart flyout/English dropdown' is clicked on

2019-07-03 22:33:14 - [TEST_STEP][PASSED] - delay(2): Delayed 2 second(s)

2019-07-03 22:33:16 - [MESSAGE][PASSED] - Delayed 2 second(s)

2019-07-03 22:33:16 - [TEST_STEP][PASSED] - executeJavaScript("var previewBar = document.getElementById("preview-bar-iframe"); previewBar.style.display = "none";", []): Execute JavaScript 'var previewBar = document.getElementById("preview-bar-iframe"); previewBar.style.display = "none";' successfully

2019-07-03 22:33:16 - [MESSAGE][PASSED] - Execute JavaScript 'var previewBar = document.getElementById("preview-bar-iframe"); previewBar.style.display = "none";' successfully

2019-07-03 22:33:16 - [TEST_STEP][PASSED] - click(findTestObject("OCS-DESKTOP/Cart flyout/Select French")): Object: 'Object Repository/OCS-DESKTOP/Cart flyout/Select French' is clicked on

2019-07-03 22:33:16 - [MESSAGE][PASSED] - Object: 'Object Repository/OCS-DESKTOP/Cart flyout/Select French' is clicked on

2019-07-03 22:33:16 - [TEST_STEP][PASSED] - delay(5): Delayed 5 second(s)

2019-07-03 22:33:21 - [MESSAGE][PASSED] - Delayed 5 second(s)

2019-07-03 22:33:21 - [TEST_STEP][PASSED] - a = getWindowTitle(): Current window's title is: 'Magasin de Cannabis de l'Ontario | Ontario Cannabis Store'

2019-07-03 22:33:21 - [MESSAGE][PASSED] - Current window's title is: 'Magasin de Cannabis de l'Ontario | Ontario Cannabis Store'

2019-07-03 22:33:21 - [TEST_STEP][PASSED] - comment("a = " + a): a = Magasin de Cannabis de l'Ontario | Ontario Cannabis Store

2019-07-03 22:33:21 - [MESSAGE][INFO] - a = Magasin de Cannabis de l'Ontario | Ontario Cannabis Store

2019-07-03 22:33:21 - [TEST_STEP][PASSED] - b = "Magasin de Cannabis de l'Ontario | Ontario Cannabis Store": null

2019-07-03 22:33:21 - [TEST_STEP][PASSED] - delay(2): Delayed 2 second(s)

2019-07-03 22:33:23 - [MESSAGE][PASSED] - Delayed 2 second(s)

2019-07-03 22:33:23 - [TEST_STEP][PASSED] - flag1 = verifyMatch(a, b, false): Actual text 'Magasin de Cannabis de l'Ontario | Ontario Cannabis Store' and expected text 'Magasin de Cannabis de l'Ontario | Ontario Cannabis Store' are matched 

2019-07-03 22:33:23 - [MESSAGE][PASSED] - Actual text 'Magasin de Cannabis de l'Ontario | Ontario Cannabis Store' and expected text 'Magasin de Cannabis de l'Ontario | Ontario Cannabis Store' are matched 

2019-07-03 22:33:23 - [TEST_STEP][PASSED] - comment("flag = " + flag1): flag = true

2019-07-03 22:33:23 - [MESSAGE][INFO] - flag = true

2019-07-03 22:33:23 - [TEST_STEP][PASSED] - if (flag1 == true): translated  to french

2019-07-03 22:33:23 - [TEST_STEP][PASSED] - comment("translated  to french"): translated  to french

2019-07-03 22:33:23 - [MESSAGE][INFO] - translated  to french

2019-07-03 22:33:23 - [TEST_STEP][PASSED] - delay(2): Delayed 2 second(s)

2019-07-03 22:33:25 - [MESSAGE][PASSED] - Delayed 2 second(s)

2019-07-03 22:33:26 - [TEST_STEP][PASSED] - click(findTestObject("OCS-DESKTOP/Cart flyout/French dropdown")): Object: 'Object Repository/OCS-DESKTOP/Cart flyout/French dropdown' is clicked on

2019-07-03 22:33:26 - [MESSAGE][PASSED] - Object: 'Object Repository/OCS-DESKTOP/Cart flyout/French dropdown' is clicked on

2019-07-03 22:33:26 - [TEST_STEP][PASSED] - delay(2): Delayed 2 second(s)

2019-07-03 22:33:28 - [MESSAGE][PASSED] - Delayed 2 second(s)

2019-07-03 22:33:28 - [TEST_STEP][FAILED] - click(findTestObject("OCS-DESKTOP/Cart flyout/Select English")): click(findTestObject("OCS-DESKTOP/Cart flyout/Select English")) FAILED.
Reason:
com.kms.katalon.core.exception.StepFailedException: Unable to click on object 'Object Repository/OCS-DESKTOP/Cart flyout/Select English' (Root cause: org.openqa.selenium.ElementNotInteractableException: Element <a class="language-toggle__link" href="https://ocs.ca"> could not be scrolled into view
Build info: version: '3.7.1', revision: '8a0099a', time: '2017-11-06T21:07:36.161Z'
System info: host: 'sumans-MacBook-Pro.local', ip: 'fe80:0:0:0:10b5:ab76:5e8b:ef36%en0', os.name: 'Mac OS X', os.arch: 'x86_64', os.version: '10.13.6', java.version: '1.8.0_181'
Driver info: com.kms.katalon.core.webui.driver.firefox.CGeckoDriver
Capabilities {acceptInsecureCerts: true, browserName: firefox, browserVersion: 67.0.4, javascriptEnabled: true, moz:accessibilityChecks: false, moz:buildID: 20190619235627, moz:geckodriverVersion: 0.23.0, moz:headless: false, moz:processID: 722, moz:profile: /var/folders/1t/c55l8xzs6gq..., moz:shutdownTimeout: 60000, moz:useNonSpecCompliantPointerOrigin: false, moz:webdriverClick: true, pageLoadStrategy: normal, platform: MAC, platformName: MAC, platformVersion: 17.7.0, proxy: Proxy(direct), rotatable: false, setWindowRect: true, strictFileInteractability: false, timeouts: {implicit: 0, pageLoad: 300000, script: 30000}, unhandledPromptBehavior: dismiss and notify}
Session ID: 8053ab40-3355-e545-b321-695a57e8005d)
	at com.kms.katalon.core.keyword.internal.KeywordMain.stepFailed(KeywordMain.groovy:36)
	at com.kms.katalon.core.webui.keyword.internal.WebUIKeywordMain.stepFailed(WebUIKeywordMain.groovy:65)
	at com.kms.katalon.core.webui.keyword.internal.WebUIKeywordMain.runKeyword(WebUIKeywordMain.groovy:27)
	at com.kms.katalon.core.webui.keyword.builtin.ClickKeyword.click(ClickKeyword.groovy:86)
	at com.kms.katalon.core.webui.keyword.builtin.ClickKeyword.execute(ClickKeyword.groovy:67)
	at com.kms.katalon.core.keyword.internal.KeywordExecutor.executeKeywordForPlatform(KeywordExecutor.groovy:53)
	at com.kms.katalon.core.webui.keyword.WebUiBuiltInKeywords.click(WebUiBuiltInKeywords.groovy:616)
	at com.kms.katalon.core.webui.keyword.WebUiBuiltInKeywords$click$4.call(Unknown Source)
	at Toggling language.run(Toggling language:56)
	at com.kms.katalon.core.main.ScriptEngine.run(ScriptEngine.java:194)
	at com.kms.katalon.core.main.ScriptEngine.runScriptAsRawText(ScriptEngine.java:119)
	at com.kms.katalon.core.main.TestCaseExecutor.runScript(TestCaseExecutor.java:328)
	at com.kms.katalon.core.main.TestCaseExecutor.doExecute(TestCaseExecutor.java:319)
	at com.kms.katalon.core.main.TestCaseExecutor.processExecutionPhase(TestCaseExecutor.java:298)
	at com.kms.katalon.core.main.TestCaseExecutor.accessMainPhase(TestCaseExecutor.java:290)
	at com.kms.katalon.core.main.TestCaseExecutor.execute(TestCaseExecutor.java:224)
	at com.kms.katalon.core.main.TestSuiteExecutor.accessTestCaseMainPhase(TestSuiteExecutor.java:129)
	at com.kms.katalon.core.main.TestSuiteExecutor.accessTestSuiteMainPhase(TestSuiteExecutor.java:112)
	at com.kms.katalon.core.main.TestSuiteExecutor.execute(TestSuiteExecutor.java:81)
	at com.kms.katalon.core.main.TestCaseMain.startTestSuite(TestCaseMain.java:149)
	at com.kms.katalon.core.main.TestCaseMain$startTestSuite$0.call(Unknown Source)
	at TempTestSuite1562205541804.run(TempTestSuite1562205541804.groovy:36)


2019-07-03 22:33:29 - [MESSAGE][FAILED] - Unable to click on object 'Object Repository/OCS-DESKTOP/Cart flyout/Select English' (Root cause: org.openqa.selenium.ElementNotInteractableException: Element <a class="language-toggle__link" href="https://ocs.ca"> could not be scrolled into view
Build info: version: '3.7.1', revision: '8a0099a', time: '2017-11-06T21:07:36.161Z'
System info: host: 'sumans-MacBook-Pro.local', ip: 'fe80:0:0:0:10b5:ab76:5e8b:ef36%en0', os.name: 'Mac OS X', os.arch: 'x86_64', os.version: '10.13.6', java.version: '1.8.0_181'
Driver info: com.kms.katalon.core.webui.driver.firefox.CGeckoDriver
Capabilities {acceptInsecureCerts: true, browserName: firefox, browserVersion: 67.0.4, javascriptEnabled: true, moz:accessibilityChecks: false, moz:buildID: 20190619235627, moz:geckodriverVersion: 0.23.0, moz:headless: false, moz:processID: 722, moz:profile: /var/folders/1t/c55l8xzs6gq..., moz:shutdownTimeout: 60000, moz:useNonSpecCompliantPointerOrigin: false, moz:webdriverClick: true, pageLoadStrategy: normal, platform: MAC, platformName: MAC, platformVersion: 17.7.0, proxy: Proxy(direct), rotatable: false, setWindowRect: true, strictFileInteractability: false, timeouts: {implicit: 0, pageLoad: 300000, script: 30000}, unhandledPromptBehavior: dismiss and notify}
Session ID: 8053ab40-3355-e545-b321-695a57e8005d)
[[ATTACHMENT|/Users/sumankompelly/Relative xpath-Desktop/Reports/1.11.2/20190703_215901/1562207608343.png]]

2019-07-03 22:33:29 - [MESSAGE][FAILED] - click(findTestObject("OCS-DESKTOP/Cart flyout/Select English")) FAILED.
Reason:
com.kms.katalon.core.exception.StepFailedException: Unable to click on object 'Object Repository/OCS-DESKTOP/Cart flyout/Select English' (Root cause: org.openqa.selenium.ElementNotInteractableException: Element <a class="language-toggle__link" href="https://ocs.ca"> could not be scrolled into view
Build info: version: '3.7.1', revision: '8a0099a', time: '2017-11-06T21:07:36.161Z'
System info: host: 'sumans-MacBook-Pro.local', ip: 'fe80:0:0:0:10b5:ab76:5e8b:ef36%en0', os.name: 'Mac OS X', os.arch: 'x86_64', os.version: '10.13.6', java.version: '1.8.0_181'
Driver info: com.kms.katalon.core.webui.driver.firefox.CGeckoDriver
Capabilities {acceptInsecureCerts: true, browserName: firefox, browserVersion: 67.0.4, javascriptEnabled: true, moz:accessibilityChecks: false, moz:buildID: 20190619235627, moz:geckodriverVersion: 0.23.0, moz:headless: false, moz:processID: 722, moz:profile: /var/folders/1t/c55l8xzs6gq..., moz:shutdownTimeout: 60000, moz:useNonSpecCompliantPointerOrigin: false, moz:webdriverClick: true, pageLoadStrategy: normal, platform: MAC, platformName: MAC, platformVersion: 17.7.0, proxy: Proxy(direct), rotatable: false, setWindowRect: true, strictFileInteractability: false, timeouts: {implicit: 0, pageLoad: 300000, script: 30000}, unhandledPromptBehavior: dismiss and notify}
Session ID: 8053ab40-3355-e545-b321-695a57e8005d)
	at com.kms.katalon.core.keyword.internal.KeywordMain.stepFailed(KeywordMain.groovy:36)
	at com.kms.katalon.core.webui.keyword.internal.WebUIKeywordMain.stepFailed(WebUIKeywordMain.groovy:65)
	at com.kms.katalon.core.webui.keyword.internal.WebUIKeywordMain.runKeyword(WebUIKeywordMain.groovy:27)
	at com.kms.katalon.core.webui.keyword.builtin.ClickKeyword.click(ClickKeyword.groovy:86)
	at com.kms.katalon.core.webui.keyword.builtin.ClickKeyword.execute(ClickKeyword.groovy:67)
	at com.kms.katalon.core.keyword.internal.KeywordExecutor.executeKeywordForPlatform(KeywordExecutor.groovy:53)
	at com.kms.katalon.core.webui.keyword.WebUiBuiltInKeywords.click(WebUiBuiltInKeywords.groovy:616)
	at com.kms.katalon.core.webui.keyword.WebUiBuiltInKeywords$click$4.call(Unknown Source)
	at Toggling language.run(Toggling language:56)
	at com.kms.katalon.core.main.ScriptEngine.run(ScriptEngine.java:194)
	at com.kms.katalon.core.main.ScriptEngine.runScriptAsRawText(ScriptEngine.java:119)
	at com.kms.katalon.core.main.TestCaseExecutor.runScript(TestCaseExecutor.java:328)
	at com.kms.katalon.core.main.TestCaseExecutor.doExecute(TestCaseExecutor.java:319)
	at com.kms.katalon.core.main.TestCaseExecutor.processExecutionPhase(TestCaseExecutor.java:298)
	at com.kms.katalon.core.main.TestCaseExecutor.accessMainPhase(TestCaseExecutor.java:290)
	at com.kms.katalon.core.main.TestCaseExecutor.execute(TestCaseExecutor.java:224)
	at com.kms.katalon.core.main.TestSuiteExecutor.accessTestCaseMainPhase(TestSuiteExecutor.java:129)
	at com.kms.katalon.core.main.TestSuiteExecutor.accessTestSuiteMainPhase(TestSuiteExecutor.java:112)
	at com.kms.katalon.core.main.TestSuiteExecutor.execute(TestSuiteExecutor.java:81)
	at com.kms.katalon.core.main.TestCaseMain.startTestSuite(TestCaseMain.java:149)
	at com.kms.katalon.core.main.TestCaseMain$startTestSuite$0.call(Unknown Source)
	at TempTestSuite1562205541804.run(TempTestSuite1562205541804.groovy:36)]]></system-out>
         <system-err><![CDATA[2019-07-03 22:32:31 - [TEST_CASE][FAILED] - Test Cases/OCS - DESKTOP/OCS- HOME PAGE/Toggling language: Test Cases/OCS - DESKTOP/OCS- HOME PAGE/Toggling language FAILED.
Reason:
com.kms.katalon.core.exception.StepFailedException: Unable to click on object 'Object Repository/OCS-DESKTOP/Cart flyout/Select English' (Root cause: org.openqa.selenium.ElementNotInteractableException: Element <a class="language-toggle__link" href="https://ocs.ca"> could not be scrolled into view
Build info: version: '3.7.1', revision: '8a0099a', time: '2017-11-06T21:07:36.161Z'
System info: host: 'sumans-MacBook-Pro.local', ip: 'fe80:0:0:0:10b5:ab76:5e8b:ef36%en0', os.name: 'Mac OS X', os.arch: 'x86_64', os.version: '10.13.6', java.version: '1.8.0_181'
Driver info: com.kms.katalon.core.webui.driver.firefox.CGeckoDriver
Capabilities {acceptInsecureCerts: true, browserName: firefox, browserVersion: 67.0.4, javascriptEnabled: true, moz:accessibilityChecks: false, moz:buildID: 20190619235627, moz:geckodriverVersion: 0.23.0, moz:headless: false, moz:processID: 722, moz:profile: /var/folders/1t/c55l8xzs6gq..., moz:shutdownTimeout: 60000, moz:useNonSpecCompliantPointerOrigin: false, moz:webdriverClick: true, pageLoadStrategy: normal, platform: MAC, platformName: MAC, platformVersion: 17.7.0, proxy: Proxy(direct), rotatable: false, setWindowRect: true, strictFileInteractability: false, timeouts: {implicit: 0, pageLoad: 300000, script: 30000}, unhandledPromptBehavior: dismiss and notify}
Session ID: 8053ab40-3355-e545-b321-695a57e8005d)
	at com.kms.katalon.core.keyword.internal.KeywordMain.stepFailed(KeywordMain.groovy:36)
	at com.kms.katalon.core.webui.keyword.internal.WebUIKeywordMain.stepFailed(WebUIKeywordMain.groovy:65)
	at com.kms.katalon.core.webui.keyword.internal.WebUIKeywordMain.runKeyword(WebUIKeywordMain.groovy:27)
	at com.kms.katalon.core.webui.keyword.builtin.ClickKeyword.click(ClickKeyword.groovy:86)
	at com.kms.katalon.core.webui.keyword.builtin.ClickKeyword.execute(ClickKeyword.groovy:67)
	at com.kms.katalon.core.keyword.internal.KeywordExecutor.executeKeywordForPlatform(KeywordExecutor.groovy:53)
	at com.kms.katalon.core.webui.keyword.WebUiBuiltInKeywords.click(WebUiBuiltInKeywords.groovy:616)
	at com.kms.katalon.core.webui.keyword.WebUiBuiltInKeywords$click$4.call(Unknown Source)
	at Toggling language.run(Toggling language:56)
	at com.kms.katalon.core.main.ScriptEngine.run(ScriptEngine.java:194)
	at com.kms.katalon.core.main.ScriptEngine.runScriptAsRawText(ScriptEngine.java:119)
	at com.kms.katalon.core.main.TestCaseExecutor.runScript(TestCaseExecutor.java:328)
	at com.kms.katalon.core.main.TestCaseExecutor.doExecute(TestCaseExecutor.java:319)
	at com.kms.katalon.core.main.TestCaseExecutor.processExecutionPhase(TestCaseExecutor.java:298)
	at com.kms.katalon.core.main.TestCaseExecutor.accessMainPhase(TestCaseExecutor.java:290)
	at com.kms.katalon.core.main.TestCaseExecutor.execute(TestCaseExecutor.java:224)
	at com.kms.katalon.core.main.TestSuiteExecutor.accessTestCaseMainPhase(TestSuiteExecutor.java:129)
	at com.kms.katalon.core.main.TestSuiteExecutor.accessTestSuiteMainPhase(TestSuiteExecutor.java:112)
	at com.kms.katalon.core.main.TestSuiteExecutor.execute(TestSuiteExecutor.java:81)
	at com.kms.katalon.core.main.TestCaseMain.startTestSuite(TestCaseMain.java:149)
	at com.kms.katalon.core.main.TestCaseMain$startTestSuite$0.call(Unknown Source)
	at TempTestSuite1562205541804.run(TempTestSuite1562205541804.groovy:36)]]></system-err>
      </testcase>
      <testcase name="Test Cases/OCS - DESKTOP/OCS- HOME PAGE/HP-Burger menu-Accessories" classname="Test Cases/OCS - DESKTOP/OCS- HOME PAGE/HP-Burger menu-Accessories" status="FAILED">
         <failure type="FAILED" message="Test Cases/OCS - DESKTOP/OCS- HOME PAGE/HP-Burger menu-Accessories FAILED.
Reason:
com.kms.katalon.core.exception.StepFailedException: Unable to click on object 'Object Repository/OCS-DESKTOP/Accessories page/Vaporizers' (Root cause: org.openqa.selenium.ElementNotInteractableException: Element &lt;span class=&quot;menu__tier-four__link--title menu--type-two&quot;> could not be scrolled into view
Build info: version: '3.7.1', revision: '8a0099a', time: '2017-11-06T21:07:36.161Z'
System info: host: 'sumans-MacBook-Pro.local', ip: 'fe80:0:0:0:10b5:ab76:5e8b:ef36%en0', os.name: 'Mac OS X', os.arch: 'x86_64', os.version: '10.13.6', java.version: '1.8.0_181'
Driver info: com.kms.katalon.core.webui.driver.firefox.CGeckoDriver
Capabilities {acceptInsecureCerts: true, browserName: firefox, browserVersion: 67.0.4, javascriptEnabled: true, moz:accessibilityChecks: false, moz:buildID: 20190619235627, moz:geckodriverVersion: 0.23.0, moz:headless: false, moz:processID: 728, moz:profile: /var/folders/1t/c55l8xzs6gq..., moz:shutdownTimeout: 60000, moz:useNonSpecCompliantPointerOrigin: false, moz:webdriverClick: true, pageLoadStrategy: normal, platform: MAC, platformName: MAC, platformVersion: 17.7.0, proxy: Proxy(direct), rotatable: false, setWindowRect: true, strictFileInteractability: false, timeouts: {implicit: 0, pageLoad: 300000, script: 30000}, unhandledPromptBehavior: dismiss and notify}
Session ID: b0fec03c-1a3d-c54f-a694-d7b6e783d34a)
	at com.kms.katalon.core.keyword.internal.KeywordMain.stepFailed(KeywordMain.groovy:32)
	at com.kms.katalon.core.webui.keyword.internal.WebUIKeywordMain.stepFailed(WebUIKeywordMain.groovy:65)
	at com.kms.katalon.core.webui.keyword.internal.WebUIKeywordMain.runKeyword(WebUIKeywordMain.groovy:27)
	at com.kms.katalon.core.webui.keyword.builtin.ClickKeyword.click(ClickKeyword.groovy:86)
	at com.kms.katalon.core.webui.keyword.builtin.ClickKeyword.execute(ClickKeyword.groovy:67)
	at com.kms.katalon.core.keyword.internal.KeywordExecutor.executeKeywordForPlatform(KeywordExecutor.groovy:53)
	at com.kms.katalon.core.webui.keyword.WebUiBuiltInKeywords.click(WebUiBuiltInKeywords.groovy:604)
	at com.kms.katalon.core.webui.keyword.WebUiBuiltInKeywords$click$6.call(Unknown Source)
	at HP-Burger menu-Accessories.run(HP-Burger menu-Accessories:32)
	at com.kms.katalon.core.main.ScriptEngine.run(ScriptEngine.java:194)
	at com.kms.katalon.core.main.ScriptEngine.runScriptAsRawText(ScriptEngine.java:119)
	at com.kms.katalon.core.main.TestCaseExecutor.runScript(TestCaseExecutor.java:328)
	at com.kms.katalon.core.main.TestCaseExecutor.doExecute(TestCaseExecutor.java:319)
	at com.kms.katalon.core.main.TestCaseExecutor.processExecutionPhase(TestCaseExecutor.java:298)
	at com.kms.katalon.core.main.TestCaseExecutor.accessMainPhase(TestCaseExecutor.java:290)
	at com.kms.katalon.core.main.TestCaseExecutor.execute(TestCaseExecutor.java:224)
	at com.kms.katalon.core.main.TestSuiteExecutor.accessTestCaseMainPhase(TestSuiteExecutor.java:129)
	at com.kms.katalon.core.main.TestSuiteExecutor.accessTestSuiteMainPhase(TestSuiteExecutor.java:112)
	at com.kms.katalon.core.main.TestSuiteExecutor.execute(TestSuiteExecutor.java:81)
	at com.kms.katalon.core.main.TestCaseMain.startTestSuite(TestCaseMain.java:149)
	at com.kms.katalon.core.main.TestCaseMain$startTestSuite$0.call(Unknown Source)
	at TempTestSuite1562205541804.run(TempTestSuite1562205541804.groovy:36)
"/>
         <system-out><![CDATA[2019-07-03 22:33:29 - [TEST_CASE][FAILED] - Test Cases/OCS - DESKTOP/OCS- HOME PAGE/HP-Burger menu-Accessories: Test Cases/OCS - DESKTOP/OCS- HOME PAGE/HP-Burger menu-Accessories FAILED.
Reason:
com.kms.katalon.core.exception.StepFailedException: Unable to click on object 'Object Repository/OCS-DESKTOP/Accessories page/Vaporizers' (Root cause: org.openqa.selenium.ElementNotInteractableException: Element <span class="menu__tier-four__link--title menu--type-two"> could not be scrolled into view
Build info: version: '3.7.1', revision: '8a0099a', time: '2017-11-06T21:07:36.161Z'
System info: host: 'sumans-MacBook-Pro.local', ip: 'fe80:0:0:0:10b5:ab76:5e8b:ef36%en0', os.name: 'Mac OS X', os.arch: 'x86_64', os.version: '10.13.6', java.version: '1.8.0_181'
Driver info: com.kms.katalon.core.webui.driver.firefox.CGeckoDriver
Capabilities {acceptInsecureCerts: true, browserName: firefox, browserVersion: 67.0.4, javascriptEnabled: true, moz:accessibilityChecks: false, moz:buildID: 20190619235627, moz:geckodriverVersion: 0.23.0, moz:headless: false, moz:processID: 728, moz:profile: /var/folders/1t/c55l8xzs6gq..., moz:shutdownTimeout: 60000, moz:useNonSpecCompliantPointerOrigin: false, moz:webdriverClick: true, pageLoadStrategy: normal, platform: MAC, platformName: MAC, platformVersion: 17.7.0, proxy: Proxy(direct), rotatable: false, setWindowRect: true, strictFileInteractability: false, timeouts: {implicit: 0, pageLoad: 300000, script: 30000}, unhandledPromptBehavior: dismiss and notify}
Session ID: b0fec03c-1a3d-c54f-a694-d7b6e783d34a)
	at com.kms.katalon.core.keyword.internal.KeywordMain.stepFailed(KeywordMain.groovy:32)
	at com.kms.katalon.core.webui.keyword.internal.WebUIKeywordMain.stepFailed(WebUIKeywordMain.groovy:65)
	at com.kms.katalon.core.webui.keyword.internal.WebUIKeywordMain.runKeyword(WebUIKeywordMain.groovy:27)
	at com.kms.katalon.core.webui.keyword.builtin.ClickKeyword.click(ClickKeyword.groovy:86)
	at com.kms.katalon.core.webui.keyword.builtin.ClickKeyword.execute(ClickKeyword.groovy:67)
	at com.kms.katalon.core.keyword.internal.KeywordExecutor.executeKeywordForPlatform(KeywordExecutor.groovy:53)
	at com.kms.katalon.core.webui.keyword.WebUiBuiltInKeywords.click(WebUiBuiltInKeywords.groovy:604)
	at com.kms.katalon.core.webui.keyword.WebUiBuiltInKeywords$click$6.call(Unknown Source)
	at HP-Burger menu-Accessories.run(HP-Burger menu-Accessories:32)
	at com.kms.katalon.core.main.ScriptEngine.run(ScriptEngine.java:194)
	at com.kms.katalon.core.main.ScriptEngine.runScriptAsRawText(ScriptEngine.java:119)
	at com.kms.katalon.core.main.TestCaseExecutor.runScript(TestCaseExecutor.java:328)
	at com.kms.katalon.core.main.TestCaseExecutor.doExecute(TestCaseExecutor.java:319)
	at com.kms.katalon.core.main.TestCaseExecutor.processExecutionPhase(TestCaseExecutor.java:298)
	at com.kms.katalon.core.main.TestCaseExecutor.accessMainPhase(TestCaseExecutor.java:290)
	at com.kms.katalon.core.main.TestCaseExecutor.execute(TestCaseExecutor.java:224)
	at com.kms.katalon.core.main.TestSuiteExecutor.accessTestCaseMainPhase(TestSuiteExecutor.java:129)
	at com.kms.katalon.core.main.TestSuiteExecutor.accessTestSuiteMainPhase(TestSuiteExecutor.java:112)
	at com.kms.katalon.core.main.TestSuiteExecutor.execute(TestSuiteExecutor.java:81)
	at com.kms.katalon.core.main.TestCaseMain.startTestSuite(TestCaseMain.java:149)
	at com.kms.katalon.core.main.TestCaseMain$startTestSuite$0.call(Unknown Source)
	at TempTestSuite1562205541804.run(TempTestSuite1562205541804.groovy:36)


2019-07-03 22:33:29 - [TEST_STEP][PASSED] - callTestCase(findTestCase("OCS - DESKTOP/CALL- Age gate"), [:], STOP_ON_FAILURE): Call Test Case 'Test Cases/OCS - DESKTOP/CALL- Age gate' successfully

2019-07-03 22:33:29 - [TEST_CASE][PASSED] - Test Cases/OCS - DESKTOP/CALL- Age gate: Test Cases/OCS - DESKTOP/CALL- Age gate

2019-07-03 22:33:29 - [TEST_STEP][PASSED] - openBrowser(""): Browser is opened with url: ''

2019-07-03 22:33:29 - [MESSAGE][WARNING] - A browser is already opened. Closing browser and opening a new one

2019-07-03 22:33:50 - [MESSAGE][INFO] - Starting 'Firefox' driver

2019-07-03 22:33:52 - [MESSAGE][PASSED] - Browser is opened with url: ''

2019-07-03 22:33:52 - [TEST_STEP][PASSED] - navigateToUrl("https://ocs.ca/?fts=0&preview_theme_id=74203891532"): Navigate to 'https://ocs.ca/?fts=0&preview_theme_id=74203891532' successfully

2019-07-03 22:33:58 - [MESSAGE][PASSED] - Navigate to 'https://ocs.ca/?fts=0&preview_theme_id=74203891532' successfully

2019-07-03 22:33:58 - [TEST_STEP][PASSED] - maximizeWindow(): Current window maximized

2019-07-03 22:33:59 - [MESSAGE][PASSED] - Current window maximized

2019-07-03 22:33:59 - [TEST_STEP][PASSED] - delay(2): Delayed 2 second(s)

2019-07-03 22:34:01 - [MESSAGE][PASSED] - Delayed 2 second(s)

2019-07-03 22:34:01 - [TEST_STEP][PASSED] - executeJavaScript("var previewBar = document.getElementById("preview-bar-iframe"); previewBar.style.display = "none";", []): Execute JavaScript 'var previewBar = document.getElementById("preview-bar-iframe"); previewBar.style.display = "none";' successfully

2019-07-03 22:34:01 - [MESSAGE][PASSED] - Execute JavaScript 'var previewBar = document.getElementById("preview-bar-iframe"); previewBar.style.display = "none";' successfully

2019-07-03 22:34:01 - [TEST_STEP][PASSED] - selectOptionByValue(findTestObject("OCS-DESKTOP/Age gate and Mega menu/Date"), "12", true): All options with value '12' are selected in object 'Object Repository/OCS-DESKTOP/Age gate and Mega menu/Date'  using regular expression

2019-07-03 22:34:01 - [MESSAGE][PASSED] - All options with value '12' are selected in object 'Object Repository/OCS-DESKTOP/Age gate and Mega menu/Date'  using regular expression

2019-07-03 22:34:01 - [TEST_STEP][PASSED] - selectOptionByValue(findTestObject("OCS-DESKTOP/Age gate and Mega menu/month"), "6", true): All options with value '6' are selected in object 'Object Repository/OCS-DESKTOP/Age gate and Mega menu/month'  using regular expression

2019-07-03 22:34:02 - [MESSAGE][PASSED] - All options with value '6' are selected in object 'Object Repository/OCS-DESKTOP/Age gate and Mega menu/month'  using regular expression

2019-07-03 22:34:02 - [TEST_STEP][PASSED] - delay(2): Delayed 2 second(s)

2019-07-03 22:34:04 - [MESSAGE][PASSED] - Delayed 2 second(s)

2019-07-03 22:34:04 - [TEST_STEP][PASSED] - selectOptionByValue(findTestObject("OCS-DESKTOP/Age gate and Mega menu/Year Dropdown"), "1990", true): All options with value '1990' are selected in object 'Object Repository/OCS-DESKTOP/Age gate and Mega menu/Year Dropdown'  using regular expression

2019-07-03 22:34:05 - [MESSAGE][PASSED] - All options with value '1990' are selected in object 'Object Repository/OCS-DESKTOP/Age gate and Mega menu/Year Dropdown'  using regular expression

2019-07-03 22:34:05 - [TEST_STEP][PASSED] - click(findTestObject("OCS-DESKTOP/Age gate and Mega menu/button_Verify")): Object: 'Object Repository/OCS-DESKTOP/Age gate and Mega menu/button_Verify' is clicked on

2019-07-03 22:34:05 - [MESSAGE][PASSED] - Object: 'Object Repository/OCS-DESKTOP/Age gate and Mega menu/button_Verify' is clicked on

2019-07-03 22:34:05 - [TEST_STEP][PASSED] - click(findTestObject("OCS-DESKTOP/Age gate and Mega menu/Checkbox_CONFIRM AND ACKNOWLEDGE")): Object: 'Object Repository/OCS-DESKTOP/Age gate and Mega menu/Checkbox_CONFIRM AND ACKNOWLEDGE' is clicked on

2019-07-03 22:34:06 - [MESSAGE][PASSED] - Object: 'Object Repository/OCS-DESKTOP/Age gate and Mega menu/Checkbox_CONFIRM AND ACKNOWLEDGE' is clicked on

2019-07-03 22:34:06 - [TEST_STEP][PASSED] - click(findTestObject("OCS-DESKTOP/Age gate and Mega menu/button_CONFIRM")): Object: 'Object Repository/OCS-DESKTOP/Age gate and Mega menu/button_CONFIRM' is clicked on

2019-07-03 22:34:06 - [MESSAGE][PASSED] - Object: 'Object Repository/OCS-DESKTOP/Age gate and Mega menu/button_CONFIRM' is clicked on

2019-07-03 22:34:06 - [TEST_STEP][PASSED] - click(findTestObject("OCS-DESKTOP/Age gate and Mega menu/button_Start Browsing")): Object: 'Object Repository/OCS-DESKTOP/Age gate and Mega menu/button_Start Browsing' is clicked on

2019-07-03 22:34:06 - [MESSAGE][PASSED] - Object: 'Object Repository/OCS-DESKTOP/Age gate and Mega menu/button_Start Browsing' is clicked on

2019-07-03 22:34:06 - [TEST_STEP][PASSED] - delay(2): Delayed 2 second(s)

2019-07-03 22:34:08 - [MESSAGE][PASSED] - Delayed 2 second(s)

2019-07-03 22:34:08 - [TEST_STEP][PASSED] - refresh(): Refresh successfully

2019-07-03 22:34:12 - [MESSAGE][PASSED] - Refresh successfully

2019-07-03 22:34:12 - [MESSAGE][PASSED] - Call Test Case 'Test Cases/OCS - DESKTOP/CALL- Age gate' successfully

2019-07-03 22:34:12 - [TEST_STEP][PASSED] - delay(2, CONTINUE_ON_FAILURE): Delayed 2 second(s)

2019-07-03 22:34:14 - [MESSAGE][PASSED] - Delayed 2 second(s)

2019-07-03 22:34:14 - [TEST_STEP][PASSED] - click(findTestObject("OCS-DESKTOP/Age gate and Mega menu/Header/ACCESSORIES menu - En"), CONTINUE_ON_FAILURE): Object: 'Object Repository/OCS-DESKTOP/Age gate and Mega menu/Header/ACCESSORIES menu - En' is clicked on

2019-07-03 22:34:14 - [MESSAGE][PASSED] - Object: 'Object Repository/OCS-DESKTOP/Age gate and Mega menu/Header/ACCESSORIES menu - En' is clicked on

2019-07-03 22:34:14 - [TEST_STEP][PASSED] - delay(2, CONTINUE_ON_FAILURE): Delayed 2 second(s)

2019-07-03 22:34:16 - [MESSAGE][PASSED] - Delayed 2 second(s)

2019-07-03 22:34:16 - [TEST_STEP][NOT_RUN] - click(findTestObject("OCS-DESKTOP/Accessories page/All accessories"), STOP_ON_FAILURE): NOT_RUN: click(findTestObject("OCS-DESKTOP/Accessories page/All accessories"), STOP_ON_FAILURE)

2019-07-03 22:34:16 - [MESSAGE][NOT_RUN] - NOT_RUN: click(findTestObject("OCS-DESKTOP/Accessories page/All accessories"), STOP_ON_FAILURE)

2019-07-03 22:34:16 - [TEST_STEP][PASSED] - delay(1, CONTINUE_ON_FAILURE): Delayed 1 second(s)

2019-07-03 22:34:17 - [MESSAGE][PASSED] - Delayed 1 second(s)

2019-07-03 22:34:17 - [TEST_STEP][PASSED] - click(findTestObject("OCS-DESKTOP/Age gate and Mega menu/Header/ACCESSORIES menu - En"), CONTINUE_ON_FAILURE): Object: 'Object Repository/OCS-DESKTOP/Age gate and Mega menu/Header/ACCESSORIES menu - En' is clicked on

2019-07-03 22:34:17 - [MESSAGE][PASSED] - Object: 'Object Repository/OCS-DESKTOP/Age gate and Mega menu/Header/ACCESSORIES menu - En' is clicked on

2019-07-03 22:34:17 - [TEST_STEP][PASSED] - delay(1, CONTINUE_ON_FAILURE): Delayed 1 second(s)

2019-07-03 22:34:18 - [MESSAGE][PASSED] - Delayed 1 second(s)

2019-07-03 22:34:18 - [TEST_STEP][FAILED] - click(findTestObject("OCS-DESKTOP/Accessories page/Vaporizers"), CONTINUE_ON_FAILURE): Unable to click on object 'Object Repository/OCS-DESKTOP/Accessories page/Vaporizers' (Root cause: org.openqa.selenium.ElementNotInteractableException: Element <span class="menu__tier-four__link--title menu--type-two"> could not be scrolled into view
Build info: version: '3.7.1', revision: '8a0099a', time: '2017-11-06T21:07:36.161Z'
System info: host: 'sumans-MacBook-Pro.local', ip: 'fe80:0:0:0:10b5:ab76:5e8b:ef36%en0', os.name: 'Mac OS X', os.arch: 'x86_64', os.version: '10.13.6', java.version: '1.8.0_181'
Driver info: com.kms.katalon.core.webui.driver.firefox.CGeckoDriver
Capabilities {acceptInsecureCerts: true, browserName: firefox, browserVersion: 67.0.4, javascriptEnabled: true, moz:accessibilityChecks: false, moz:buildID: 20190619235627, moz:geckodriverVersion: 0.23.0, moz:headless: false, moz:processID: 728, moz:profile: /var/folders/1t/c55l8xzs6gq..., moz:shutdownTimeout: 60000, moz:useNonSpecCompliantPointerOrigin: false, moz:webdriverClick: true, pageLoadStrategy: normal, platform: MAC, platformName: MAC, platformVersion: 17.7.0, proxy: Proxy(direct), rotatable: false, setWindowRect: true, strictFileInteractability: false, timeouts: {implicit: 0, pageLoad: 300000, script: 30000}, unhandledPromptBehavior: dismiss and notify}
Session ID: b0fec03c-1a3d-c54f-a694-d7b6e783d34a)

2019-07-03 22:34:20 - [MESSAGE][FAILED] - Unable to click on object 'Object Repository/OCS-DESKTOP/Accessories page/Vaporizers' (Root cause: org.openqa.selenium.ElementNotInteractableException: Element <span class="menu__tier-four__link--title menu--type-two"> could not be scrolled into view
Build info: version: '3.7.1', revision: '8a0099a', time: '2017-11-06T21:07:36.161Z'
System info: host: 'sumans-MacBook-Pro.local', ip: 'fe80:0:0:0:10b5:ab76:5e8b:ef36%en0', os.name: 'Mac OS X', os.arch: 'x86_64', os.version: '10.13.6', java.version: '1.8.0_181'
Driver info: com.kms.katalon.core.webui.driver.firefox.CGeckoDriver
Capabilities {acceptInsecureCerts: true, browserName: firefox, browserVersion: 67.0.4, javascriptEnabled: true, moz:accessibilityChecks: false, moz:buildID: 20190619235627, moz:geckodriverVersion: 0.23.0, moz:headless: false, moz:processID: 728, moz:profile: /var/folders/1t/c55l8xzs6gq..., moz:shutdownTimeout: 60000, moz:useNonSpecCompliantPointerOrigin: false, moz:webdriverClick: true, pageLoadStrategy: normal, platform: MAC, platformName: MAC, platformVersion: 17.7.0, proxy: Proxy(direct), rotatable: false, setWindowRect: true, strictFileInteractability: false, timeouts: {implicit: 0, pageLoad: 300000, script: 30000}, unhandledPromptBehavior: dismiss and notify}
Session ID: b0fec03c-1a3d-c54f-a694-d7b6e783d34a)
[[ATTACHMENT|/Users/sumankompelly/Relative xpath-Desktop/Reports/1.11.2/20190703_215901/1562207658704.png]]

2019-07-03 22:34:20 - [TEST_STEP][PASSED] - delay(1, CONTINUE_ON_FAILURE): Delayed 1 second(s)

2019-07-03 22:34:21 - [MESSAGE][PASSED] - Delayed 1 second(s)

2019-07-03 22:34:21 - [TEST_STEP][PASSED] - a = getWindowTitle(CONTINUE_ON_FAILURE): Current window's title is: 'Ontario Cannabis Store | Ontario Cannabis Store'

2019-07-03 22:34:21 - [MESSAGE][PASSED] - Current window's title is: 'Ontario Cannabis Store | Ontario Cannabis Store'

2019-07-03 22:34:21 - [TEST_STEP][PASSED] - comment(a): Ontario Cannabis Store | Ontario Cannabis Store

2019-07-03 22:34:21 - [MESSAGE][INFO] - Ontario Cannabis Store | Ontario Cannabis Store

2019-07-03 22:34:21 - [TEST_STEP][PASSED] - b = "Vaporizers | Ontario Cannabis Store": null

2019-07-03 22:34:21 - [TEST_STEP][PASSED] - comment(b): Vaporizers | Ontario Cannabis Store

2019-07-03 22:34:21 - [MESSAGE][INFO] - Vaporizers | Ontario Cannabis Store

2019-07-03 22:34:21 - [TEST_STEP][PASSED] - if (a == b): null

2019-07-03 22:34:21 - [TEST_STEP][PASSED] - else: Some random page 

2019-07-03 22:34:21 - [TEST_STEP][PASSED] - comment("Some random page "): Some random page 

2019-07-03 22:34:21 - [MESSAGE][INFO] - Some random page 

2019-07-03 22:34:21 - [TEST_STEP][PASSED] - delay(1, CONTINUE_ON_FAILURE): Delayed 1 second(s)

2019-07-03 22:34:22 - [MESSAGE][PASSED] - Delayed 1 second(s)

2019-07-03 22:34:22 - [TEST_STEP][PASSED] - click(findTestObject("OCS-DESKTOP/Age gate and Mega menu/Header/ACCESSORIES menu - En"), CONTINUE_ON_FAILURE): Object: 'Object Repository/OCS-DESKTOP/Age gate and Mega menu/Header/ACCESSORIES menu - En' is clicked on

2019-07-03 22:34:22 - [MESSAGE][PASSED] - Object: 'Object Repository/OCS-DESKTOP/Age gate and Mega menu/Header/ACCESSORIES menu - En' is clicked on

2019-07-03 22:34:22 - [TEST_STEP][PASSED] - delay(2, CONTINUE_ON_FAILURE): Delayed 2 second(s)

2019-07-03 22:34:24 - [MESSAGE][PASSED] - Delayed 2 second(s)

2019-07-03 22:34:24 - [TEST_STEP][PASSED] - delay(1, CONTINUE_ON_FAILURE): Delayed 1 second(s)

2019-07-03 22:34:25 - [MESSAGE][PASSED] - Delayed 1 second(s)

2019-07-03 22:34:25 - [TEST_STEP][PASSED] - click(findTestObject("OCS-DESKTOP/Accessories page/Bongs - water pipes"), CONTINUE_ON_FAILURE): Object: 'Object Repository/OCS-DESKTOP/Accessories page/Bongs - water pipes' is clicked on

2019-07-03 22:34:27 - [MESSAGE][PASSED] - Object: 'Object Repository/OCS-DESKTOP/Accessories page/Bongs - water pipes' is clicked on

2019-07-03 22:34:27 - [TEST_STEP][PASSED] - delay(1, CONTINUE_ON_FAILURE): Delayed 1 second(s)

2019-07-03 22:34:28 - [MESSAGE][PASSED] - Delayed 1 second(s)

2019-07-03 22:34:28 - [TEST_STEP][PASSED] - a1 = getWindowTitle(CONTINUE_ON_FAILURE): Current window's title is: 'Bongs & Water Pipes | Ontario Cannabis Store'

2019-07-03 22:34:28 - [MESSAGE][PASSED] - Current window's title is: 'Bongs & Water Pipes | Ontario Cannabis Store'

2019-07-03 22:34:28 - [TEST_STEP][PASSED] - comment(a1): Bongs & Water Pipes | Ontario Cannabis Store

2019-07-03 22:34:28 - [MESSAGE][INFO] - Bongs & Water Pipes | Ontario Cannabis Store

2019-07-03 22:34:28 - [TEST_STEP][PASSED] - b1 = "Bongs & Water Pipes | Ontario Cannabis Store": null

2019-07-03 22:34:28 - [TEST_STEP][PASSED] - comment(b1): Bongs & Water Pipes | Ontario Cannabis Store

2019-07-03 22:34:28 - [MESSAGE][INFO] - Bongs & Water Pipes | Ontario Cannabis Store

2019-07-03 22:34:28 - [TEST_STEP][PASSED] - if (a1 == b1): correct window page 

2019-07-03 22:34:28 - [TEST_STEP][PASSED] - comment("correct window page "): correct window page 

2019-07-03 22:34:28 - [MESSAGE][INFO] - correct window page 

2019-07-03 22:34:28 - [TEST_STEP][PASSED] - delay(1, CONTINUE_ON_FAILURE): Delayed 1 second(s)

2019-07-03 22:34:29 - [MESSAGE][PASSED] - Delayed 1 second(s)

2019-07-03 22:34:29 - [TEST_STEP][PASSED] - click(findTestObject("OCS-DESKTOP/Age gate and Mega menu/Header/ACCESSORIES menu - En"), CONTINUE_ON_FAILURE): Object: 'Object Repository/OCS-DESKTOP/Age gate and Mega menu/Header/ACCESSORIES menu - En' is clicked on

2019-07-03 22:34:30 - [MESSAGE][PASSED] - Object: 'Object Repository/OCS-DESKTOP/Age gate and Mega menu/Header/ACCESSORIES menu - En' is clicked on

2019-07-03 22:34:30 - [TEST_STEP][PASSED] - delay(2, CONTINUE_ON_FAILURE): Delayed 2 second(s)

2019-07-03 22:34:32 - [MESSAGE][PASSED] - Delayed 2 second(s)

2019-07-03 22:34:32 - [TEST_STEP][PASSED] - delay(1, CONTINUE_ON_FAILURE): Delayed 1 second(s)

2019-07-03 22:34:33 - [MESSAGE][PASSED] - Delayed 1 second(s)

2019-07-03 22:34:33 - [TEST_STEP][PASSED] - click(findTestObject("OCS-DESKTOP/Accessories page/Handheld pipes"), CONTINUE_ON_FAILURE): Object: 'Object Repository/OCS-DESKTOP/Accessories page/Handheld pipes' is clicked on

2019-07-03 22:34:35 - [MESSAGE][PASSED] - Object: 'Object Repository/OCS-DESKTOP/Accessories page/Handheld pipes' is clicked on

2019-07-03 22:34:35 - [TEST_STEP][PASSED] - delay(1, CONTINUE_ON_FAILURE): Delayed 1 second(s)

2019-07-03 22:34:36 - [MESSAGE][PASSED] - Delayed 1 second(s)

2019-07-03 22:34:36 - [TEST_STEP][PASSED] - a11 = getWindowTitle(CONTINUE_ON_FAILURE): Current window's title is: 'Handheld Pipes | Ontario Cannabis Store'

2019-07-03 22:34:36 - [MESSAGE][PASSED] - Current window's title is: 'Handheld Pipes | Ontario Cannabis Store'

2019-07-03 22:34:36 - [TEST_STEP][PASSED] - comment(a11): Handheld Pipes | Ontario Cannabis Store

2019-07-03 22:34:36 - [MESSAGE][INFO] - Handheld Pipes | Ontario Cannabis Store

2019-07-03 22:34:36 - [TEST_STEP][PASSED] - b11 = "Handheld Pipes | Ontario Cannabis Store": null

2019-07-03 22:34:36 - [TEST_STEP][PASSED] - comment(b11): Handheld Pipes | Ontario Cannabis Store

2019-07-03 22:34:36 - [MESSAGE][INFO] - Handheld Pipes | Ontario Cannabis Store

2019-07-03 22:34:36 - [TEST_STEP][PASSED] - if (a11 == b11): correct window page 

2019-07-03 22:34:36 - [TEST_STEP][PASSED] - comment("correct window page "): correct window page 

2019-07-03 22:34:36 - [MESSAGE][INFO] - correct window page 

2019-07-03 22:34:36 - [TEST_STEP][PASSED] - delay(1, CONTINUE_ON_FAILURE): Delayed 1 second(s)

2019-07-03 22:34:37 - [MESSAGE][PASSED] - Delayed 1 second(s)

2019-07-03 22:34:37 - [TEST_STEP][PASSED] - click(findTestObject("OCS-DESKTOP/Age gate and Mega menu/Header/ACCESSORIES menu - En"), CONTINUE_ON_FAILURE): Object: 'Object Repository/OCS-DESKTOP/Age gate and Mega menu/Header/ACCESSORIES menu - En' is clicked on

2019-07-03 22:34:37 - [MESSAGE][PASSED] - Object: 'Object Repository/OCS-DESKTOP/Age gate and Mega menu/Header/ACCESSORIES menu - En' is clicked on

2019-07-03 22:34:37 - [TEST_STEP][PASSED] - delay(2, CONTINUE_ON_FAILURE): Delayed 2 second(s)

2019-07-03 22:34:39 - [MESSAGE][PASSED] - Delayed 2 second(s)

2019-07-03 22:34:39 - [TEST_STEP][PASSED] - delay(1, CONTINUE_ON_FAILURE): Delayed 1 second(s)

2019-07-03 22:34:40 - [MESSAGE][PASSED] - Delayed 1 second(s)

2019-07-03 22:34:40 - [TEST_STEP][PASSED] - click(findTestObject("OCS-DESKTOP/Accessories page/Papers -filters"), CONTINUE_ON_FAILURE): Object: 'Object Repository/OCS-DESKTOP/Accessories page/Papers -filters' is clicked on

2019-07-03 22:34:42 - [MESSAGE][PASSED] - Object: 'Object Repository/OCS-DESKTOP/Accessories page/Papers -filters' is clicked on

2019-07-03 22:34:42 - [TEST_STEP][PASSED] - delay(1, CONTINUE_ON_FAILURE): Delayed 1 second(s)

2019-07-03 22:34:43 - [MESSAGE][PASSED] - Delayed 1 second(s)

2019-07-03 22:34:43 - [TEST_STEP][PASSED] - a111 = getWindowTitle(CONTINUE_ON_FAILURE): Current window's title is: 'Papers & Filters | Ontario Cannabis Store'

2019-07-03 22:34:43 - [MESSAGE][PASSED] - Current window's title is: 'Papers & Filters | Ontario Cannabis Store'

2019-07-03 22:34:43 - [TEST_STEP][PASSED] - comment(a111): Papers & Filters | Ontario Cannabis Store

2019-07-03 22:34:43 - [MESSAGE][INFO] - Papers & Filters | Ontario Cannabis Store

2019-07-03 22:34:43 - [TEST_STEP][PASSED] - b111 = "Papers & Filters | Ontario Cannabis Store": null

2019-07-03 22:34:43 - [TEST_STEP][PASSED] - comment(b111): Papers & Filters | Ontario Cannabis Store

2019-07-03 22:34:43 - [MESSAGE][INFO] - Papers & Filters | Ontario Cannabis Store

2019-07-03 22:34:43 - [TEST_STEP][PASSED] - if (a111 == b111): correct window page 

2019-07-03 22:34:43 - [TEST_STEP][PASSED] - comment("correct window page "): correct window page 

2019-07-03 22:34:43 - [MESSAGE][INFO] - correct window page 

2019-07-03 22:34:43 - [TEST_STEP][PASSED] - delay(1, CONTINUE_ON_FAILURE): Delayed 1 second(s)

2019-07-03 22:34:44 - [MESSAGE][PASSED] - Delayed 1 second(s)

2019-07-03 22:34:44 - [TEST_STEP][PASSED] - click(findTestObject("OCS-DESKTOP/Age gate and Mega menu/Header/ACCESSORIES menu - En"), CONTINUE_ON_FAILURE): Object: 'Object Repository/OCS-DESKTOP/Age gate and Mega menu/Header/ACCESSORIES menu - En' is clicked on

2019-07-03 22:34:45 - [MESSAGE][PASSED] - Object: 'Object Repository/OCS-DESKTOP/Age gate and Mega menu/Header/ACCESSORIES menu - En' is clicked on

2019-07-03 22:34:45 - [TEST_STEP][PASSED] - delay(2, CONTINUE_ON_FAILURE): Delayed 2 second(s)

2019-07-03 22:34:47 - [MESSAGE][PASSED] - Delayed 2 second(s)

2019-07-03 22:34:47 - [TEST_STEP][PASSED] - delay(1, CONTINUE_ON_FAILURE): Delayed 1 second(s)

2019-07-03 22:34:48 - [MESSAGE][PASSED] - Delayed 1 second(s)

2019-07-03 22:34:48 - [TEST_STEP][PASSED] - click(findTestObject("OCS-DESKTOP/Accessories page/Grinders"), CONTINUE_ON_FAILURE): Object: 'Object Repository/OCS-DESKTOP/Accessories page/Grinders' is clicked on

2019-07-03 22:34:50 - [MESSAGE][PASSED] - Object: 'Object Repository/OCS-DESKTOP/Accessories page/Grinders' is clicked on

2019-07-03 22:34:50 - [TEST_STEP][PASSED] - delay(1, CONTINUE_ON_FAILURE): Delayed 1 second(s)

2019-07-03 22:34:51 - [MESSAGE][PASSED] - Delayed 1 second(s)

2019-07-03 22:34:51 - [TEST_STEP][PASSED] - a1111 = getWindowTitle(CONTINUE_ON_FAILURE): Current window's title is: 'Grinders | Ontario Cannabis Store'

2019-07-03 22:34:51 - [MESSAGE][PASSED] - Current window's title is: 'Grinders | Ontario Cannabis Store'

2019-07-03 22:34:51 - [TEST_STEP][PASSED] - comment(a1111): Grinders | Ontario Cannabis Store

2019-07-03 22:34:51 - [MESSAGE][INFO] - Grinders | Ontario Cannabis Store

2019-07-03 22:34:51 - [TEST_STEP][PASSED] - b1111 = "Grinders | Ontario Cannabis Store": null

2019-07-03 22:34:51 - [TEST_STEP][PASSED] - comment(b1111): Grinders | Ontario Cannabis Store

2019-07-03 22:34:51 - [MESSAGE][INFO] - Grinders | Ontario Cannabis Store

2019-07-03 22:34:51 - [TEST_STEP][PASSED] - if (a1111 == b1111): correct window page 

2019-07-03 22:34:51 - [TEST_STEP][PASSED] - comment("correct window page "): correct window page 

2019-07-03 22:34:51 - [MESSAGE][INFO] - correct window page 

2019-07-03 22:34:51 - [TEST_STEP][PASSED] - delay(1, CONTINUE_ON_FAILURE): Delayed 1 second(s)

2019-07-03 22:34:52 - [MESSAGE][PASSED] - Delayed 1 second(s)

2019-07-03 22:34:52 - [TEST_STEP][PASSED] - click(findTestObject("OCS-DESKTOP/Age gate and Mega menu/Header/ACCESSORIES menu - En"), CONTINUE_ON_FAILURE): Object: 'Object Repository/OCS-DESKTOP/Age gate and Mega menu/Header/ACCESSORIES menu - En' is clicked on

2019-07-03 22:34:52 - [MESSAGE][PASSED] - Object: 'Object Repository/OCS-DESKTOP/Age gate and Mega menu/Header/ACCESSORIES menu - En' is clicked on

2019-07-03 22:34:52 - [TEST_STEP][PASSED] - delay(2, CONTINUE_ON_FAILURE): Delayed 2 second(s)

2019-07-03 22:34:54 - [MESSAGE][PASSED] - Delayed 2 second(s)

2019-07-03 22:34:54 - [TEST_STEP][PASSED] - delay(1, CONTINUE_ON_FAILURE): Delayed 1 second(s)

2019-07-03 22:34:55 - [MESSAGE][PASSED] - Delayed 1 second(s)

2019-07-03 22:34:55 - [TEST_STEP][PASSED] - click(findTestObject("OCS-DESKTOP/Accessories page/Tools -kits"), CONTINUE_ON_FAILURE): Object: 'Object Repository/OCS-DESKTOP/Accessories page/Tools -kits' is clicked on

2019-07-03 22:34:57 - [MESSAGE][PASSED] - Object: 'Object Repository/OCS-DESKTOP/Accessories page/Tools -kits' is clicked on

2019-07-03 22:34:57 - [TEST_STEP][PASSED] - delay(1, CONTINUE_ON_FAILURE): Delayed 1 second(s)

2019-07-03 22:34:58 - [MESSAGE][PASSED] - Delayed 1 second(s)

2019-07-03 22:34:58 - [TEST_STEP][PASSED] - a11111 = getWindowTitle(CONTINUE_ON_FAILURE): Current window's title is: 'Multi-Tools & Kits | Ontario Cannabis Store'

2019-07-03 22:34:58 - [MESSAGE][PASSED] - Current window's title is: 'Multi-Tools & Kits | Ontario Cannabis Store'

2019-07-03 22:34:58 - [TEST_STEP][PASSED] - comment(a11111): Multi-Tools & Kits | Ontario Cannabis Store

2019-07-03 22:34:58 - [MESSAGE][INFO] - Multi-Tools & Kits | Ontario Cannabis Store

2019-07-03 22:34:58 - [TEST_STEP][PASSED] - b11111 = "Multi-Tools & Kits | Ontario Cannabis Store": null

2019-07-03 22:34:58 - [TEST_STEP][PASSED] - comment(b11111): Multi-Tools & Kits | Ontario Cannabis Store

2019-07-03 22:34:58 - [MESSAGE][INFO] - Multi-Tools & Kits | Ontario Cannabis Store

2019-07-03 22:34:58 - [TEST_STEP][PASSED] - if (a11111 == b11111): correct window page 

2019-07-03 22:34:58 - [TEST_STEP][PASSED] - comment("correct window page "): correct window page 

2019-07-03 22:34:58 - [MESSAGE][INFO] - correct window page 

2019-07-03 22:34:58 - [TEST_STEP][PASSED] - delay(1, CONTINUE_ON_FAILURE): Delayed 1 second(s)

2019-07-03 22:34:59 - [MESSAGE][PASSED] - Delayed 1 second(s)

2019-07-03 22:34:59 - [TEST_STEP][PASSED] - click(findTestObject("OCS-DESKTOP/Age gate and Mega menu/Header/ACCESSORIES menu - En"), CONTINUE_ON_FAILURE): Object: 'Object Repository/OCS-DESKTOP/Age gate and Mega menu/Header/ACCESSORIES menu - En' is clicked on

2019-07-03 22:34:59 - [MESSAGE][PASSED] - Object: 'Object Repository/OCS-DESKTOP/Age gate and Mega menu/Header/ACCESSORIES menu - En' is clicked on

2019-07-03 22:34:59 - [TEST_STEP][PASSED] - delay(2, CONTINUE_ON_FAILURE): Delayed 2 second(s)

2019-07-03 22:35:01 - [MESSAGE][PASSED] - Delayed 2 second(s)

2019-07-03 22:35:01 - [TEST_STEP][PASSED] - delay(1, CONTINUE_ON_FAILURE): Delayed 1 second(s)

2019-07-03 22:35:02 - [MESSAGE][PASSED] - Delayed 1 second(s)

2019-07-03 22:35:02 - [TEST_STEP][PASSED] - click(findTestObject("OCS-DESKTOP/Accessories page/Cleaning supplies"), CONTINUE_ON_FAILURE): Object: 'Object Repository/OCS-DESKTOP/Accessories page/Cleaning supplies' is clicked on

2019-07-03 22:35:04 - [MESSAGE][PASSED] - Object: 'Object Repository/OCS-DESKTOP/Accessories page/Cleaning supplies' is clicked on

2019-07-03 22:35:04 - [TEST_STEP][PASSED] - delay(1, CONTINUE_ON_FAILURE): Delayed 1 second(s)

2019-07-03 22:35:05 - [MESSAGE][PASSED] - Delayed 1 second(s)

2019-07-03 22:35:05 - [TEST_STEP][PASSED] - a12 = getWindowTitle(CONTINUE_ON_FAILURE): Current window's title is: 'Cleaning Supplies | Ontario Cannabis Store'

2019-07-03 22:35:05 - [MESSAGE][PASSED] - Current window's title is: 'Cleaning Supplies | Ontario Cannabis Store'

2019-07-03 22:35:05 - [TEST_STEP][PASSED] - comment(a12): Cleaning Supplies | Ontario Cannabis Store

2019-07-03 22:35:05 - [MESSAGE][INFO] - Cleaning Supplies | Ontario Cannabis Store

2019-07-03 22:35:05 - [TEST_STEP][PASSED] - b12 = "Cleaning Supplies | Ontario Cannabis Store": null

2019-07-03 22:35:05 - [TEST_STEP][PASSED] - comment(b12): Cleaning Supplies | Ontario Cannabis Store

2019-07-03 22:35:05 - [MESSAGE][INFO] - Cleaning Supplies | Ontario Cannabis Store

2019-07-03 22:35:05 - [TEST_STEP][PASSED] - if (a12 == b12): correct window page 

2019-07-03 22:35:05 - [TEST_STEP][PASSED] - comment("correct window page "): correct window page 

2019-07-03 22:35:05 - [MESSAGE][INFO] - correct window page 

2019-07-03 22:35:05 - [TEST_STEP][PASSED] - delay(1, CONTINUE_ON_FAILURE): Delayed 1 second(s)

2019-07-03 22:35:06 - [MESSAGE][PASSED] - Delayed 1 second(s)

2019-07-03 22:35:06 - [TEST_STEP][PASSED] - click(findTestObject("OCS-DESKTOP/Age gate and Mega menu/Header/ACCESSORIES menu - En"), CONTINUE_ON_FAILURE): Object: 'Object Repository/OCS-DESKTOP/Age gate and Mega menu/Header/ACCESSORIES menu - En' is clicked on

2019-07-03 22:35:06 - [MESSAGE][PASSED] - Object: 'Object Repository/OCS-DESKTOP/Age gate and Mega menu/Header/ACCESSORIES menu - En' is clicked on

2019-07-03 22:35:06 - [TEST_STEP][PASSED] - delay(2, CONTINUE_ON_FAILURE): Delayed 2 second(s)

2019-07-03 22:35:08 - [MESSAGE][PASSED] - Delayed 2 second(s)

2019-07-03 22:35:08 - [TEST_STEP][PASSED] - delay(1, CONTINUE_ON_FAILURE): Delayed 1 second(s)

2019-07-03 22:35:09 - [MESSAGE][PASSED] - Delayed 1 second(s)

2019-07-03 22:35:09 - [TEST_STEP][PASSED] - click(findTestObject("OCS-DESKTOP/Accessories page/Storage"), CONTINUE_ON_FAILURE): Object: 'Object Repository/OCS-DESKTOP/Accessories page/Storage' is clicked on

2019-07-03 22:35:11 - [MESSAGE][PASSED] - Object: 'Object Repository/OCS-DESKTOP/Accessories page/Storage' is clicked on

2019-07-03 22:35:11 - [TEST_STEP][PASSED] - delay(1, CONTINUE_ON_FAILURE): Delayed 1 second(s)

2019-07-03 22:35:12 - [MESSAGE][PASSED] - Delayed 1 second(s)

2019-07-03 22:35:12 - [TEST_STEP][PASSED] - a13 = getWindowTitle(CONTINUE_ON_FAILURE): Current window's title is: 'Storage | Ontario Cannabis Store'

2019-07-03 22:35:12 - [MESSAGE][PASSED] - Current window's title is: 'Storage | Ontario Cannabis Store'

2019-07-03 22:35:12 - [TEST_STEP][PASSED] - comment(a13): Storage | Ontario Cannabis Store

2019-07-03 22:35:12 - [MESSAGE][INFO] - Storage | Ontario Cannabis Store

2019-07-03 22:35:12 - [TEST_STEP][PASSED] - b13 = "Storage | Ontario Cannabis Store": null

2019-07-03 22:35:12 - [TEST_STEP][PASSED] - comment(b): Vaporizers | Ontario Cannabis Store

2019-07-03 22:35:12 - [MESSAGE][INFO] - Vaporizers | Ontario Cannabis Store

2019-07-03 22:35:12 - [TEST_STEP][PASSED] - if (a13 == b13): correct window page 

2019-07-03 22:35:12 - [TEST_STEP][PASSED] - comment("correct window page "): correct window page 

2019-07-03 22:35:12 - [MESSAGE][INFO] - correct window page 

2019-07-03 22:35:12 - [TEST_STEP][PASSED] - delay(1, CONTINUE_ON_FAILURE): Delayed 1 second(s)

2019-07-03 22:35:13 - [MESSAGE][PASSED] - Delayed 1 second(s)

2019-07-03 22:35:13 - [TEST_STEP][PASSED] - click(findTestObject("OCS-DESKTOP/Age gate and Mega menu/Header/ACCESSORIES menu - En"), CONTINUE_ON_FAILURE): Object: 'Object Repository/OCS-DESKTOP/Age gate and Mega menu/Header/ACCESSORIES menu - En' is clicked on

2019-07-03 22:35:13 - [MESSAGE][PASSED] - Object: 'Object Repository/OCS-DESKTOP/Age gate and Mega menu/Header/ACCESSORIES menu - En' is clicked on

2019-07-03 22:35:13 - [TEST_STEP][PASSED] - delay(2, CONTINUE_ON_FAILURE): Delayed 2 second(s)

2019-07-03 22:35:15 - [MESSAGE][PASSED] - Delayed 2 second(s)

2019-07-03 22:35:15 - [TEST_STEP][PASSED] - delay(1, CONTINUE_ON_FAILURE): Delayed 1 second(s)

2019-07-03 22:35:16 - [MESSAGE][PASSED] - Delayed 1 second(s)

2019-07-03 22:35:16 - [TEST_STEP][PASSED] - click(findTestObject("OCS-DESKTOP/Accessories page/Trays"), CONTINUE_ON_FAILURE): Object: 'Object Repository/OCS-DESKTOP/Accessories page/Trays' is clicked on

2019-07-03 22:35:18 - [MESSAGE][PASSED] - Object: 'Object Repository/OCS-DESKTOP/Accessories page/Trays' is clicked on

2019-07-03 22:35:18 - [TEST_STEP][PASSED] - delay(1, CONTINUE_ON_FAILURE): Delayed 1 second(s)

2019-07-03 22:35:19 - [MESSAGE][PASSED] - Delayed 1 second(s)

2019-07-03 22:35:19 - [TEST_STEP][PASSED] - a14 = getWindowTitle(CONTINUE_ON_FAILURE): Current window's title is: 'Trays | Ontario Cannabis Store'

2019-07-03 22:35:19 - [MESSAGE][PASSED] - Current window's title is: 'Trays | Ontario Cannabis Store'

2019-07-03 22:35:19 - [TEST_STEP][PASSED] - comment(a14): Trays | Ontario Cannabis Store

2019-07-03 22:35:19 - [MESSAGE][INFO] - Trays | Ontario Cannabis Store

2019-07-03 22:35:19 - [TEST_STEP][PASSED] - b14 = "Trays | Ontario Cannabis Store": null

2019-07-03 22:35:19 - [TEST_STEP][PASSED] - comment(b14): Trays | Ontario Cannabis Store

2019-07-03 22:35:19 - [MESSAGE][INFO] - Trays | Ontario Cannabis Store

2019-07-03 22:35:19 - [TEST_STEP][PASSED] - if (a14 == b14): correct window page 

2019-07-03 22:35:19 - [TEST_STEP][PASSED] - comment("correct window page "): correct window page 

2019-07-03 22:35:19 - [MESSAGE][INFO] - correct window page 

2019-07-03 22:35:19 - [TEST_STEP][PASSED] - delay(1, CONTINUE_ON_FAILURE): Delayed 1 second(s)

2019-07-03 22:35:20 - [MESSAGE][PASSED] - Delayed 1 second(s)

2019-07-03 22:35:20 - [TEST_STEP][PASSED] - click(findTestObject("OCS-DESKTOP/Age gate and Mega menu/Header/ACCESSORIES menu - En"), CONTINUE_ON_FAILURE): Object: 'Object Repository/OCS-DESKTOP/Age gate and Mega menu/Header/ACCESSORIES menu - En' is clicked on

2019-07-03 22:35:21 - [MESSAGE][PASSED] - Object: 'Object Repository/OCS-DESKTOP/Age gate and Mega menu/Header/ACCESSORIES menu - En' is clicked on

2019-07-03 22:35:21 - [TEST_STEP][PASSED] - delay(2, CONTINUE_ON_FAILURE): Delayed 2 second(s)

2019-07-03 22:35:23 - [MESSAGE][PASSED] - Delayed 2 second(s)

2019-07-03 22:35:23 - [TEST_STEP][PASSED] - delay(1, CONTINUE_ON_FAILURE): Delayed 1 second(s)

2019-07-03 22:35:24 - [MESSAGE][PASSED] - Delayed 1 second(s)

2019-07-03 22:35:24 - [TEST_STEP][PASSED] - click(findTestObject("OCS-DESKTOP/Accessories page/Infusers"), CONTINUE_ON_FAILURE): Object: 'Object Repository/OCS-DESKTOP/Accessories page/Infusers' is clicked on

2019-07-03 22:35:25 - [MESSAGE][PASSED] - Object: 'Object Repository/OCS-DESKTOP/Accessories page/Infusers' is clicked on

2019-07-03 22:35:25 - [TEST_STEP][PASSED] - delay(1, CONTINUE_ON_FAILURE): Delayed 1 second(s)

2019-07-03 22:35:26 - [MESSAGE][PASSED] - Delayed 1 second(s)

2019-07-03 22:35:26 - [TEST_STEP][PASSED] - a15 = getWindowTitle(CONTINUE_ON_FAILURE): Current window's title is: 'Infusers | Ontario Cannabis Store'

2019-07-03 22:35:26 - [MESSAGE][PASSED] - Current window's title is: 'Infusers | Ontario Cannabis Store'

2019-07-03 22:35:26 - [TEST_STEP][PASSED] - comment(a15): Infusers | Ontario Cannabis Store

2019-07-03 22:35:26 - [MESSAGE][INFO] - Infusers | Ontario Cannabis Store

2019-07-03 22:35:26 - [TEST_STEP][PASSED] - b15 = "Infusers | Ontario Cannabis Store": null

2019-07-03 22:35:26 - [TEST_STEP][PASSED] - comment(b15): Infusers | Ontario Cannabis Store

2019-07-03 22:35:26 - [MESSAGE][INFO] - Infusers | Ontario Cannabis Store

2019-07-03 22:35:26 - [TEST_STEP][PASSED] - if (a15 == b15): correct window page 

2019-07-03 22:35:26 - [TEST_STEP][PASSED] - comment("correct window page "): correct window page 

2019-07-03 22:35:26 - [MESSAGE][INFO] - correct window page 

2019-07-03 22:35:26 - [TEST_STEP][PASSED] - delay(1, CONTINUE_ON_FAILURE): Delayed 1 second(s)

2019-07-03 22:35:27 - [MESSAGE][PASSED] - Delayed 1 second(s)

2019-07-03 22:35:27 - [TEST_STEP][PASSED] - click(findTestObject("OCS-DESKTOP/Age gate and Mega menu/Header/ACCESSORIES menu - En"), CONTINUE_ON_FAILURE): Object: 'Object Repository/OCS-DESKTOP/Age gate and Mega menu/Header/ACCESSORIES menu - En' is clicked on

2019-07-03 22:35:27 - [MESSAGE][PASSED] - Object: 'Object Repository/OCS-DESKTOP/Age gate and Mega menu/Header/ACCESSORIES menu - En' is clicked on

2019-07-03 22:35:27 - [TEST_STEP][PASSED] - delay(2, CONTINUE_ON_FAILURE): Delayed 2 second(s)

2019-07-03 22:35:29 - [MESSAGE][PASSED] - Delayed 2 second(s)

2019-07-03 22:35:29 - [TEST_STEP][PASSED] - delay(1, CONTINUE_ON_FAILURE): Delayed 1 second(s)

2019-07-03 22:35:30 - [MESSAGE][PASSED] - Delayed 1 second(s)

2019-07-03 22:35:30 - [TEST_STEP][PASSED] - executeJavaScript("var previewBar = document.getElementById("preview-bar-iframe"); previewBar.style.display = "none";", []): Execute JavaScript 'var previewBar = document.getElementById("preview-bar-iframe"); previewBar.style.display = "none";' successfully

2019-07-03 22:35:30 - [MESSAGE][PASSED] - Execute JavaScript 'var previewBar = document.getElementById("preview-bar-iframe"); previewBar.style.display = "none";' successfully

2019-07-03 22:35:30 - [TEST_STEP][PASSED] - delay(1, CONTINUE_ON_FAILURE): Delayed 1 second(s)

2019-07-03 22:35:31 - [MESSAGE][PASSED] - Delayed 1 second(s)

2019-07-03 22:35:31 - [TEST_STEP][PASSED] - click(findTestObject("OCS-DESKTOP/Accessories page/Best selling pipes")): Object: 'Object Repository/OCS-DESKTOP/Accessories page/Best selling pipes' is clicked on

2019-07-03 22:35:33 - [MESSAGE][PASSED] - Object: 'Object Repository/OCS-DESKTOP/Accessories page/Best selling pipes' is clicked on

2019-07-03 22:35:33 - [TEST_STEP][PASSED] - delay(1, OPTIONAL): Delayed 1 second(s)

2019-07-03 22:35:34 - [MESSAGE][PASSED] - Delayed 1 second(s)

2019-07-03 22:35:34 - [TEST_STEP][NOT_RUN] - flag = verifyTextPresent("Page Not Found", false, CONTINUE_ON_FAILURE): NOT_RUN: flag = verifyTextPresent("Page Not Found", false, CONTINUE_ON_FAILURE)

2019-07-03 22:35:34 - [MESSAGE][NOT_RUN] - NOT_RUN: flag = verifyTextPresent("Page Not Found", false, CONTINUE_ON_FAILURE)

2019-07-03 22:35:34 - [TEST_STEP][NOT_RUN] - comment("flag=" + flag): NOT_RUN: comment("flag=" + flag)

2019-07-03 22:35:34 - [MESSAGE][NOT_RUN] - NOT_RUN: comment("flag=" + flag)

2019-07-03 22:35:34 - [TEST_STEP][NOT_RUN] - if (flag == true): NOT_RUN: if (flag == true)

2019-07-03 22:35:34 - [MESSAGE][NOT_RUN] - NOT_RUN: if (flag == true)

2019-07-03 22:35:34 - [TEST_STEP][PASSED] - click(findTestObject("OCS-DESKTOP/Age gate and Mega menu/Header/ACCESSORIES menu - En"), CONTINUE_ON_FAILURE): Object: 'Object Repository/OCS-DESKTOP/Age gate and Mega menu/Header/ACCESSORIES menu - En' is clicked on

2019-07-03 22:35:35 - [MESSAGE][PASSED] - Object: 'Object Repository/OCS-DESKTOP/Age gate and Mega menu/Header/ACCESSORIES menu - En' is clicked on

2019-07-03 22:35:35 - [TEST_STEP][PASSED] - delay(2, CONTINUE_ON_FAILURE): Delayed 2 second(s)

2019-07-03 22:35:37 - [MESSAGE][PASSED] - Delayed 2 second(s)

2019-07-03 22:35:37 - [TEST_STEP][PASSED] - delay(1, CONTINUE_ON_FAILURE): Delayed 1 second(s)

2019-07-03 22:35:38 - [MESSAGE][PASSED] - Delayed 1 second(s)

2019-07-03 22:35:38 - [TEST_STEP][PASSED] - executeJavaScript("var previewBar = document.getElementById("preview-bar-iframe"); previewBar.style.display = "none";", []): Execute JavaScript 'var previewBar = document.getElementById("preview-bar-iframe"); previewBar.style.display = "none";' successfully

2019-07-03 22:35:38 - [MESSAGE][PASSED] - Execute JavaScript 'var previewBar = document.getElementById("preview-bar-iframe"); previewBar.style.display = "none";' successfully

2019-07-03 22:35:38 - [TEST_STEP][PASSED] - click(findTestObject("OCS-DESKTOP/Accessories page/Travel storage")): Object: 'Object Repository/OCS-DESKTOP/Accessories page/Travel storage' is clicked on

2019-07-03 22:35:40 - [MESSAGE][PASSED] - Object: 'Object Repository/OCS-DESKTOP/Accessories page/Travel storage' is clicked on

2019-07-03 22:35:40 - [TEST_STEP][NOT_RUN] - flag1 = verifyTextPresent("Page Not Found", false, CONTINUE_ON_FAILURE): NOT_RUN: flag1 = verifyTextPresent("Page Not Found", false, CONTINUE_ON_FAILURE)

2019-07-03 22:35:40 - [MESSAGE][NOT_RUN] - NOT_RUN: flag1 = verifyTextPresent("Page Not Found", false, CONTINUE_ON_FAILURE)

2019-07-03 22:35:40 - [TEST_STEP][NOT_RUN] - comment("flag1=" + flag1): NOT_RUN: comment("flag1=" + flag1)

2019-07-03 22:35:40 - [MESSAGE][NOT_RUN] - NOT_RUN: comment("flag1=" + flag1)

2019-07-03 22:35:40 - [TEST_STEP][NOT_RUN] - if (flag1 == true): NOT_RUN: if (flag1 == true)

2019-07-03 22:35:40 - [MESSAGE][NOT_RUN] - NOT_RUN: if (flag1 == true)

2019-07-03 22:35:40 - [TEST_STEP][PASSED] - delay(1, CONTINUE_ON_FAILURE): Delayed 1 second(s)

2019-07-03 22:35:41 - [MESSAGE][PASSED] - Delayed 1 second(s)

2019-07-03 22:35:41 - [TEST_STEP][PASSED] - click(findTestObject("OCS-DESKTOP/Age gate and Mega menu/Header/ACCESSORIES menu - En"), CONTINUE_ON_FAILURE): Object: 'Object Repository/OCS-DESKTOP/Age gate and Mega menu/Header/ACCESSORIES menu - En' is clicked on

2019-07-03 22:35:41 - [MESSAGE][PASSED] - Object: 'Object Repository/OCS-DESKTOP/Age gate and Mega menu/Header/ACCESSORIES menu - En' is clicked on

2019-07-03 22:35:41 - [TEST_STEP][PASSED] - delay(2, CONTINUE_ON_FAILURE): Delayed 2 second(s)

2019-07-03 22:35:43 - [MESSAGE][PASSED] - Delayed 2 second(s)

2019-07-03 22:35:43 - [TEST_STEP][PASSED] - delay(1, OPTIONAL): Delayed 1 second(s)

2019-07-03 22:35:44 - [MESSAGE][PASSED] - Delayed 1 second(s)

2019-07-03 22:35:44 - [TEST_STEP][PASSED] - executeJavaScript("var previewBar = document.getElementById("preview-bar-iframe"); previewBar.style.display = "none";", []): Execute JavaScript 'var previewBar = document.getElementById("preview-bar-iframe"); previewBar.style.display = "none";' successfully

2019-07-03 22:35:44 - [MESSAGE][PASSED] - Execute JavaScript 'var previewBar = document.getElementById("preview-bar-iframe"); previewBar.style.display = "none";' successfully

2019-07-03 22:35:44 - [TEST_STEP][PASSED] - delay(2, CONTINUE_ON_FAILURE): Delayed 2 second(s)

2019-07-03 22:35:46 - [MESSAGE][PASSED] - Delayed 2 second(s)

2019-07-03 22:35:46 - [TEST_STEP][FAILED] - click(findTestObject("OCS-DESKTOP/Accessories page/Shop all acessories")): click(findTestObject("OCS-DESKTOP/Accessories page/Shop all acessories")) FAILED.
Reason:
com.kms.katalon.core.exception.StepFailedException: Unable to click on object 'Object Repository/OCS-DESKTOP/Accessories page/Vaporizers' (Root cause: org.openqa.selenium.ElementNotInteractableException: Element <span class="menu__tier-four__link--title menu--type-two"> could not be scrolled into view
Build info: version: '3.7.1', revision: '8a0099a', time: '2017-11-06T21:07:36.161Z'
System info: host: 'sumans-MacBook-Pro.local', ip: 'fe80:0:0:0:10b5:ab76:5e8b:ef36%en0', os.name: 'Mac OS X', os.arch: 'x86_64', os.version: '10.13.6', java.version: '1.8.0_181'
Driver info: com.kms.katalon.core.webui.driver.firefox.CGeckoDriver
Capabilities {acceptInsecureCerts: true, browserName: firefox, browserVersion: 67.0.4, javascriptEnabled: true, moz:accessibilityChecks: false, moz:buildID: 20190619235627, moz:geckodriverVersion: 0.23.0, moz:headless: false, moz:processID: 728, moz:profile: /var/folders/1t/c55l8xzs6gq..., moz:shutdownTimeout: 60000, moz:useNonSpecCompliantPointerOrigin: false, moz:webdriverClick: true, pageLoadStrategy: normal, platform: MAC, platformName: MAC, platformVersion: 17.7.0, proxy: Proxy(direct), rotatable: false, setWindowRect: true, strictFileInteractability: false, timeouts: {implicit: 0, pageLoad: 300000, script: 30000}, unhandledPromptBehavior: dismiss and notify}
Session ID: b0fec03c-1a3d-c54f-a694-d7b6e783d34a)
	at com.kms.katalon.core.keyword.internal.KeywordMain.stepFailed(KeywordMain.groovy:32)
	at com.kms.katalon.core.webui.keyword.internal.WebUIKeywordMain.stepFailed(WebUIKeywordMain.groovy:65)
	at com.kms.katalon.core.webui.keyword.internal.WebUIKeywordMain.runKeyword(WebUIKeywordMain.groovy:27)
	at com.kms.katalon.core.webui.keyword.builtin.ClickKeyword.click(ClickKeyword.groovy:86)
	at com.kms.katalon.core.webui.keyword.builtin.ClickKeyword.execute(ClickKeyword.groovy:67)
	at com.kms.katalon.core.keyword.internal.KeywordExecutor.executeKeywordForPlatform(KeywordExecutor.groovy:53)
	at com.kms.katalon.core.webui.keyword.WebUiBuiltInKeywords.click(WebUiBuiltInKeywords.groovy:604)
	at com.kms.katalon.core.webui.keyword.WebUiBuiltInKeywords$click$6.call(Unknown Source)
	at HP-Burger menu-Accessories.run(HP-Burger menu-Accessories:32)
	at com.kms.katalon.core.main.ScriptEngine.run(ScriptEngine.java:194)
	at com.kms.katalon.core.main.ScriptEngine.runScriptAsRawText(ScriptEngine.java:119)
	at com.kms.katalon.core.main.TestCaseExecutor.runScript(TestCaseExecutor.java:328)
	at com.kms.katalon.core.main.TestCaseExecutor.doExecute(TestCaseExecutor.java:319)
	at com.kms.katalon.core.main.TestCaseExecutor.processExecutionPhase(TestCaseExecutor.java:298)
	at com.kms.katalon.core.main.TestCaseExecutor.accessMainPhase(TestCaseExecutor.java:290)
	at com.kms.katalon.core.main.TestCaseExecutor.execute(TestCaseExecutor.java:224)
	at com.kms.katalon.core.main.TestSuiteExecutor.accessTestCaseMainPhase(TestSuiteExecutor.java:129)
	at com.kms.katalon.core.main.TestSuiteExecutor.accessTestSuiteMainPhase(TestSuiteExecutor.java:112)
	at com.kms.katalon.core.main.TestSuiteExecutor.execute(TestSuiteExecutor.java:81)
	at com.kms.katalon.core.main.TestCaseMain.startTestSuite(TestCaseMain.java:149)
	at com.kms.katalon.core.main.TestCaseMain$startTestSuite$0.call(Unknown Source)
	at TempTestSuite1562205541804.run(TempTestSuite1562205541804.groovy:36)


2019-07-03 22:35:48 - [MESSAGE][PASSED] - Object: 'Object Repository/OCS-DESKTOP/Accessories page/Shop all acessories' is clicked on

2019-07-03 22:35:48 - [MESSAGE][FAILED] - click(findTestObject("OCS-DESKTOP/Accessories page/Shop all acessories")) FAILED.
Reason:
com.kms.katalon.core.exception.StepFailedException: Unable to click on object 'Object Repository/OCS-DESKTOP/Accessories page/Vaporizers' (Root cause: org.openqa.selenium.ElementNotInteractableException: Element <span class="menu__tier-four__link--title menu--type-two"> could not be scrolled into view
Build info: version: '3.7.1', revision: '8a0099a', time: '2017-11-06T21:07:36.161Z'
System info: host: 'sumans-MacBook-Pro.local', ip: 'fe80:0:0:0:10b5:ab76:5e8b:ef36%en0', os.name: 'Mac OS X', os.arch: 'x86_64', os.version: '10.13.6', java.version: '1.8.0_181'
Driver info: com.kms.katalon.core.webui.driver.firefox.CGeckoDriver
Capabilities {acceptInsecureCerts: true, browserName: firefox, browserVersion: 67.0.4, javascriptEnabled: true, moz:accessibilityChecks: false, moz:buildID: 20190619235627, moz:geckodriverVersion: 0.23.0, moz:headless: false, moz:processID: 728, moz:profile: /var/folders/1t/c55l8xzs6gq..., moz:shutdownTimeout: 60000, moz:useNonSpecCompliantPointerOrigin: false, moz:webdriverClick: true, pageLoadStrategy: normal, platform: MAC, platformName: MAC, platformVersion: 17.7.0, proxy: Proxy(direct), rotatable: false, setWindowRect: true, strictFileInteractability: false, timeouts: {implicit: 0, pageLoad: 300000, script: 30000}, unhandledPromptBehavior: dismiss and notify}
Session ID: b0fec03c-1a3d-c54f-a694-d7b6e783d34a)
	at com.kms.katalon.core.keyword.internal.KeywordMain.stepFailed(KeywordMain.groovy:32)
	at com.kms.katalon.core.webui.keyword.internal.WebUIKeywordMain.stepFailed(WebUIKeywordMain.groovy:65)
	at com.kms.katalon.core.webui.keyword.internal.WebUIKeywordMain.runKeyword(WebUIKeywordMain.groovy:27)
	at com.kms.katalon.core.webui.keyword.builtin.ClickKeyword.click(ClickKeyword.groovy:86)
	at com.kms.katalon.core.webui.keyword.builtin.ClickKeyword.execute(ClickKeyword.groovy:67)
	at com.kms.katalon.core.keyword.internal.KeywordExecutor.executeKeywordForPlatform(KeywordExecutor.groovy:53)
	at com.kms.katalon.core.webui.keyword.WebUiBuiltInKeywords.click(WebUiBuiltInKeywords.groovy:604)
	at com.kms.katalon.core.webui.keyword.WebUiBuiltInKeywords$click$6.call(Unknown Source)
	at HP-Burger menu-Accessories.run(HP-Burger menu-Accessories:32)
	at com.kms.katalon.core.main.ScriptEngine.run(ScriptEngine.java:194)
	at com.kms.katalon.core.main.ScriptEngine.runScriptAsRawText(ScriptEngine.java:119)
	at com.kms.katalon.core.main.TestCaseExecutor.runScript(TestCaseExecutor.java:328)
	at com.kms.katalon.core.main.TestCaseExecutor.doExecute(TestCaseExecutor.java:319)
	at com.kms.katalon.core.main.TestCaseExecutor.processExecutionPhase(TestCaseExecutor.java:298)
	at com.kms.katalon.core.main.TestCaseExecutor.accessMainPhase(TestCaseExecutor.java:290)
	at com.kms.katalon.core.main.TestCaseExecutor.execute(TestCaseExecutor.java:224)
	at com.kms.katalon.core.main.TestSuiteExecutor.accessTestCaseMainPhase(TestSuiteExecutor.java:129)
	at com.kms.katalon.core.main.TestSuiteExecutor.accessTestSuiteMainPhase(TestSuiteExecutor.java:112)
	at com.kms.katalon.core.main.TestSuiteExecutor.execute(TestSuiteExecutor.java:81)
	at com.kms.katalon.core.main.TestCaseMain.startTestSuite(TestCaseMain.java:149)
	at com.kms.katalon.core.main.TestCaseMain$startTestSuite$0.call(Unknown Source)
	at TempTestSuite1562205541804.run(TempTestSuite1562205541804.groovy:36)]]></system-out>
         <system-err><![CDATA[2019-07-03 22:33:29 - [TEST_CASE][FAILED] - Test Cases/OCS - DESKTOP/OCS- HOME PAGE/HP-Burger menu-Accessories: Test Cases/OCS - DESKTOP/OCS- HOME PAGE/HP-Burger menu-Accessories FAILED.
Reason:
com.kms.katalon.core.exception.StepFailedException: Unable to click on object 'Object Repository/OCS-DESKTOP/Accessories page/Vaporizers' (Root cause: org.openqa.selenium.ElementNotInteractableException: Element <span class="menu__tier-four__link--title menu--type-two"> could not be scrolled into view
Build info: version: '3.7.1', revision: '8a0099a', time: '2017-11-06T21:07:36.161Z'
System info: host: 'sumans-MacBook-Pro.local', ip: 'fe80:0:0:0:10b5:ab76:5e8b:ef36%en0', os.name: 'Mac OS X', os.arch: 'x86_64', os.version: '10.13.6', java.version: '1.8.0_181'
Driver info: com.kms.katalon.core.webui.driver.firefox.CGeckoDriver
Capabilities {acceptInsecureCerts: true, browserName: firefox, browserVersion: 67.0.4, javascriptEnabled: true, moz:accessibilityChecks: false, moz:buildID: 20190619235627, moz:geckodriverVersion: 0.23.0, moz:headless: false, moz:processID: 728, moz:profile: /var/folders/1t/c55l8xzs6gq..., moz:shutdownTimeout: 60000, moz:useNonSpecCompliantPointerOrigin: false, moz:webdriverClick: true, pageLoadStrategy: normal, platform: MAC, platformName: MAC, platformVersion: 17.7.0, proxy: Proxy(direct), rotatable: false, setWindowRect: true, strictFileInteractability: false, timeouts: {implicit: 0, pageLoad: 300000, script: 30000}, unhandledPromptBehavior: dismiss and notify}
Session ID: b0fec03c-1a3d-c54f-a694-d7b6e783d34a)
	at com.kms.katalon.core.keyword.internal.KeywordMain.stepFailed(KeywordMain.groovy:32)
	at com.kms.katalon.core.webui.keyword.internal.WebUIKeywordMain.stepFailed(WebUIKeywordMain.groovy:65)
	at com.kms.katalon.core.webui.keyword.internal.WebUIKeywordMain.runKeyword(WebUIKeywordMain.groovy:27)
	at com.kms.katalon.core.webui.keyword.builtin.ClickKeyword.click(ClickKeyword.groovy:86)
	at com.kms.katalon.core.webui.keyword.builtin.ClickKeyword.execute(ClickKeyword.groovy:67)
	at com.kms.katalon.core.keyword.internal.KeywordExecutor.executeKeywordForPlatform(KeywordExecutor.groovy:53)
	at com.kms.katalon.core.webui.keyword.WebUiBuiltInKeywords.click(WebUiBuiltInKeywords.groovy:604)
	at com.kms.katalon.core.webui.keyword.WebUiBuiltInKeywords$click$6.call(Unknown Source)
	at HP-Burger menu-Accessories.run(HP-Burger menu-Accessories:32)
	at com.kms.katalon.core.main.ScriptEngine.run(ScriptEngine.java:194)
	at com.kms.katalon.core.main.ScriptEngine.runScriptAsRawText(ScriptEngine.java:119)
	at com.kms.katalon.core.main.TestCaseExecutor.runScript(TestCaseExecutor.java:328)
	at com.kms.katalon.core.main.TestCaseExecutor.doExecute(TestCaseExecutor.java:319)
	at com.kms.katalon.core.main.TestCaseExecutor.processExecutionPhase(TestCaseExecutor.java:298)
	at com.kms.katalon.core.main.TestCaseExecutor.accessMainPhase(TestCaseExecutor.java:290)
	at com.kms.katalon.core.main.TestCaseExecutor.execute(TestCaseExecutor.java:224)
	at com.kms.katalon.core.main.TestSuiteExecutor.accessTestCaseMainPhase(TestSuiteExecutor.java:129)
	at com.kms.katalon.core.main.TestSuiteExecutor.accessTestSuiteMainPhase(TestSuiteExecutor.java:112)
	at com.kms.katalon.core.main.TestSuiteExecutor.execute(TestSuiteExecutor.java:81)
	at com.kms.katalon.core.main.TestCaseMain.startTestSuite(TestCaseMain.java:149)
	at com.kms.katalon.core.main.TestCaseMain$startTestSuite$0.call(Unknown Source)
	at TempTestSuite1562205541804.run(TempTestSuite1562205541804.groovy:36)]]></system-err>
      </testcase>
      <testcase name="Test Cases/OCS - DESKTOP/OCS- HOME PAGE/Announcement" classname="Test Cases/OCS - DESKTOP/OCS- HOME PAGE/Announcement" status="FAILED">
         <failure type="FAILED" message="Test Cases/OCS - DESKTOP/OCS- HOME PAGE/Announcement FAILED.
Reason:
com.kms.katalon.core.exception.StepFailedException: Text 'Due to holiday closures within the Canada Post network for Victoria Day, please expect some order delivery delays.' is not present on page 
	at com.kms.katalon.core.keyword.internal.KeywordMain.stepFailed(KeywordMain.groovy:32)
	at com.kms.katalon.core.webui.keyword.internal.WebUIKeywordMain.stepFailed(WebUIKeywordMain.groovy:65)
	at com.kms.katalon.core.webui.keyword.builtin.VerifyTextPresentKeyword$_verifyTextPresent_closure1.doCall(VerifyTextPresentKeyword.groovy:79)
	at com.kms.katalon.core.webui.keyword.builtin.VerifyTextPresentKeyword$_verifyTextPresent_closure1.call(VerifyTextPresentKeyword.groovy)
	at com.kms.katalon.core.webui.keyword.internal.WebUIKeywordMain.runKeyword(WebUIKeywordMain.groovy:21)
	at com.kms.katalon.core.webui.keyword.builtin.VerifyTextPresentKeyword.verifyTextPresent(VerifyTextPresentKeyword.groovy:83)
	at com.kms.katalon.core.webui.keyword.builtin.VerifyTextPresentKeyword.execute(VerifyTextPresentKeyword.groovy:68)
	at com.kms.katalon.core.keyword.internal.KeywordExecutor.executeKeywordForPlatform(KeywordExecutor.groovy:53)
	at com.kms.katalon.core.webui.keyword.WebUiBuiltInKeywords.verifyTextPresent(WebUiBuiltInKeywords.groovy:1677)
	at com.kms.katalon.core.webui.keyword.WebUiBuiltInKeywords$verifyTextPresent$18.call(Unknown Source)
	at Announcement.run(Announcement:18)
	at com.kms.katalon.core.main.ScriptEngine.run(ScriptEngine.java:194)
	at com.kms.katalon.core.main.ScriptEngine.runScriptAsRawText(ScriptEngine.java:119)
	at com.kms.katalon.core.main.TestCaseExecutor.runScript(TestCaseExecutor.java:328)
	at com.kms.katalon.core.main.TestCaseExecutor.doExecute(TestCaseExecutor.java:319)
	at com.kms.katalon.core.main.TestCaseExecutor.processExecutionPhase(TestCaseExecutor.java:298)
	at com.kms.katalon.core.main.TestCaseExecutor.accessMainPhase(TestCaseExecutor.java:290)
	at com.kms.katalon.core.main.TestCaseExecutor.execute(TestCaseExecutor.java:224)
	at com.kms.katalon.core.main.TestSuiteExecutor.accessTestCaseMainPhase(TestSuiteExecutor.java:129)
	at com.kms.katalon.core.main.TestSuiteExecutor.accessTestSuiteMainPhase(TestSuiteExecutor.java:112)
	at com.kms.katalon.core.main.TestSuiteExecutor.execute(TestSuiteExecutor.java:81)
	at com.kms.katalon.core.main.TestCaseMain.startTestSuite(TestCaseMain.java:149)
	at com.kms.katalon.core.main.TestCaseMain$startTestSuite$0.call(Unknown Source)
	at TempTestSuite1562205541804.run(TempTestSuite1562205541804.groovy:36)
"/>
         <system-out><![CDATA[2019-07-03 22:35:48 - [TEST_CASE][FAILED] - Test Cases/OCS - DESKTOP/OCS- HOME PAGE/Announcement: Test Cases/OCS - DESKTOP/OCS- HOME PAGE/Announcement FAILED.
Reason:
com.kms.katalon.core.exception.StepFailedException: Text 'Due to holiday closures within the Canada Post network for Victoria Day, please expect some order delivery delays.' is not present on page 
	at com.kms.katalon.core.keyword.internal.KeywordMain.stepFailed(KeywordMain.groovy:32)
	at com.kms.katalon.core.webui.keyword.internal.WebUIKeywordMain.stepFailed(WebUIKeywordMain.groovy:65)
	at com.kms.katalon.core.webui.keyword.builtin.VerifyTextPresentKeyword$_verifyTextPresent_closure1.doCall(VerifyTextPresentKeyword.groovy:79)
	at com.kms.katalon.core.webui.keyword.builtin.VerifyTextPresentKeyword$_verifyTextPresent_closure1.call(VerifyTextPresentKeyword.groovy)
	at com.kms.katalon.core.webui.keyword.internal.WebUIKeywordMain.runKeyword(WebUIKeywordMain.groovy:21)
	at com.kms.katalon.core.webui.keyword.builtin.VerifyTextPresentKeyword.verifyTextPresent(VerifyTextPresentKeyword.groovy:83)
	at com.kms.katalon.core.webui.keyword.builtin.VerifyTextPresentKeyword.execute(VerifyTextPresentKeyword.groovy:68)
	at com.kms.katalon.core.keyword.internal.KeywordExecutor.executeKeywordForPlatform(KeywordExecutor.groovy:53)
	at com.kms.katalon.core.webui.keyword.WebUiBuiltInKeywords.verifyTextPresent(WebUiBuiltInKeywords.groovy:1677)
	at com.kms.katalon.core.webui.keyword.WebUiBuiltInKeywords$verifyTextPresent$18.call(Unknown Source)
	at Announcement.run(Announcement:18)
	at com.kms.katalon.core.main.ScriptEngine.run(ScriptEngine.java:194)
	at com.kms.katalon.core.main.ScriptEngine.runScriptAsRawText(ScriptEngine.java:119)
	at com.kms.katalon.core.main.TestCaseExecutor.runScript(TestCaseExecutor.java:328)
	at com.kms.katalon.core.main.TestCaseExecutor.doExecute(TestCaseExecutor.java:319)
	at com.kms.katalon.core.main.TestCaseExecutor.processExecutionPhase(TestCaseExecutor.java:298)
	at com.kms.katalon.core.main.TestCaseExecutor.accessMainPhase(TestCaseExecutor.java:290)
	at com.kms.katalon.core.main.TestCaseExecutor.execute(TestCaseExecutor.java:224)
	at com.kms.katalon.core.main.TestSuiteExecutor.accessTestCaseMainPhase(TestSuiteExecutor.java:129)
	at com.kms.katalon.core.main.TestSuiteExecutor.accessTestSuiteMainPhase(TestSuiteExecutor.java:112)
	at com.kms.katalon.core.main.TestSuiteExecutor.execute(TestSuiteExecutor.java:81)
	at com.kms.katalon.core.main.TestCaseMain.startTestSuite(TestCaseMain.java:149)
	at com.kms.katalon.core.main.TestCaseMain$startTestSuite$0.call(Unknown Source)
	at TempTestSuite1562205541804.run(TempTestSuite1562205541804.groovy:36)


2019-07-03 22:35:48 - [TEST_STEP][PASSED] - callTestCase(findTestCase("OCS - DESKTOP/CALL- Age gate"), [:], STOP_ON_FAILURE): Call Test Case 'Test Cases/OCS - DESKTOP/CALL- Age gate' successfully

2019-07-03 22:35:48 - [TEST_CASE][PASSED] - Test Cases/OCS - DESKTOP/CALL- Age gate: Test Cases/OCS - DESKTOP/CALL- Age gate

2019-07-03 22:35:48 - [TEST_STEP][PASSED] - openBrowser(""): Browser is opened with url: ''

2019-07-03 22:35:48 - [MESSAGE][WARNING] - A browser is already opened. Closing browser and opening a new one

2019-07-03 22:36:09 - [MESSAGE][INFO] - Starting 'Firefox' driver

2019-07-03 22:36:11 - [MESSAGE][PASSED] - Browser is opened with url: ''

2019-07-03 22:36:11 - [TEST_STEP][PASSED] - navigateToUrl("https://ocs.ca/?fts=0&preview_theme_id=74203891532"): Navigate to 'https://ocs.ca/?fts=0&preview_theme_id=74203891532' successfully

2019-07-03 22:36:15 - [MESSAGE][PASSED] - Navigate to 'https://ocs.ca/?fts=0&preview_theme_id=74203891532' successfully

2019-07-03 22:36:15 - [TEST_STEP][PASSED] - maximizeWindow(): Current window maximized

2019-07-03 22:36:15 - [MESSAGE][PASSED] - Current window maximized

2019-07-03 22:36:15 - [TEST_STEP][PASSED] - delay(2): Delayed 2 second(s)

2019-07-03 22:36:17 - [MESSAGE][PASSED] - Delayed 2 second(s)

2019-07-03 22:36:17 - [TEST_STEP][PASSED] - executeJavaScript("var previewBar = document.getElementById("preview-bar-iframe"); previewBar.style.display = "none";", []): Execute JavaScript 'var previewBar = document.getElementById("preview-bar-iframe"); previewBar.style.display = "none";' successfully

2019-07-03 22:36:17 - [MESSAGE][PASSED] - Execute JavaScript 'var previewBar = document.getElementById("preview-bar-iframe"); previewBar.style.display = "none";' successfully

2019-07-03 22:36:17 - [TEST_STEP][PASSED] - selectOptionByValue(findTestObject("OCS-DESKTOP/Age gate and Mega menu/Date"), "12", true): All options with value '12' are selected in object 'Object Repository/OCS-DESKTOP/Age gate and Mega menu/Date'  using regular expression

2019-07-03 22:36:18 - [MESSAGE][PASSED] - All options with value '12' are selected in object 'Object Repository/OCS-DESKTOP/Age gate and Mega menu/Date'  using regular expression

2019-07-03 22:36:18 - [TEST_STEP][PASSED] - selectOptionByValue(findTestObject("OCS-DESKTOP/Age gate and Mega menu/month"), "6", true): All options with value '6' are selected in object 'Object Repository/OCS-DESKTOP/Age gate and Mega menu/month'  using regular expression

2019-07-03 22:36:18 - [MESSAGE][PASSED] - All options with value '6' are selected in object 'Object Repository/OCS-DESKTOP/Age gate and Mega menu/month'  using regular expression

2019-07-03 22:36:18 - [TEST_STEP][PASSED] - delay(2): Delayed 2 second(s)

2019-07-03 22:36:20 - [MESSAGE][PASSED] - Delayed 2 second(s)

2019-07-03 22:36:20 - [TEST_STEP][PASSED] - selectOptionByValue(findTestObject("OCS-DESKTOP/Age gate and Mega menu/Year Dropdown"), "1990", true): All options with value '1990' are selected in object 'Object Repository/OCS-DESKTOP/Age gate and Mega menu/Year Dropdown'  using regular expression

2019-07-03 22:36:22 - [MESSAGE][PASSED] - All options with value '1990' are selected in object 'Object Repository/OCS-DESKTOP/Age gate and Mega menu/Year Dropdown'  using regular expression

2019-07-03 22:36:22 - [TEST_STEP][PASSED] - click(findTestObject("OCS-DESKTOP/Age gate and Mega menu/button_Verify")): Object: 'Object Repository/OCS-DESKTOP/Age gate and Mega menu/button_Verify' is clicked on

2019-07-03 22:36:22 - [MESSAGE][PASSED] - Object: 'Object Repository/OCS-DESKTOP/Age gate and Mega menu/button_Verify' is clicked on

2019-07-03 22:36:22 - [TEST_STEP][PASSED] - click(findTestObject("OCS-DESKTOP/Age gate and Mega menu/Checkbox_CONFIRM AND ACKNOWLEDGE")): Object: 'Object Repository/OCS-DESKTOP/Age gate and Mega menu/Checkbox_CONFIRM AND ACKNOWLEDGE' is clicked on

2019-07-03 22:36:22 - [MESSAGE][PASSED] - Object: 'Object Repository/OCS-DESKTOP/Age gate and Mega menu/Checkbox_CONFIRM AND ACKNOWLEDGE' is clicked on

2019-07-03 22:36:22 - [TEST_STEP][PASSED] - click(findTestObject("OCS-DESKTOP/Age gate and Mega menu/button_CONFIRM")): Object: 'Object Repository/OCS-DESKTOP/Age gate and Mega menu/button_CONFIRM' is clicked on

2019-07-03 22:36:22 - [MESSAGE][PASSED] - Object: 'Object Repository/OCS-DESKTOP/Age gate and Mega menu/button_CONFIRM' is clicked on

2019-07-03 22:36:22 - [TEST_STEP][PASSED] - click(findTestObject("OCS-DESKTOP/Age gate and Mega menu/button_Start Browsing")): Object: 'Object Repository/OCS-DESKTOP/Age gate and Mega menu/button_Start Browsing' is clicked on

2019-07-03 22:36:23 - [MESSAGE][PASSED] - Object: 'Object Repository/OCS-DESKTOP/Age gate and Mega menu/button_Start Browsing' is clicked on

2019-07-03 22:36:23 - [TEST_STEP][PASSED] - delay(2): Delayed 2 second(s)

2019-07-03 22:36:25 - [MESSAGE][PASSED] - Delayed 2 second(s)

2019-07-03 22:36:25 - [TEST_STEP][PASSED] - refresh(): Refresh successfully

2019-07-03 22:36:27 - [MESSAGE][PASSED] - Refresh successfully

2019-07-03 22:36:27 - [MESSAGE][PASSED] - Call Test Case 'Test Cases/OCS - DESKTOP/CALL- Age gate' successfully

2019-07-03 22:36:27 - [TEST_STEP][FAILED] - flag = verifyTextPresent("Due to holiday closures within the Canada Post network for Victoria Day, please expect some order delivery delays.", false, CONTINUE_ON_FAILURE): Text 'Due to holiday closures within the Canada Post network for Victoria Day, please expect some order delivery delays.' is not present on page 

2019-07-03 22:36:28 - [MESSAGE][FAILED] - Text 'Due to holiday closures within the Canada Post network for Victoria Day, please expect some order delivery delays.' is not present on page 

2019-07-03 22:36:28 - [TEST_STEP][PASSED] - delay(2): Delayed 2 second(s)

2019-07-03 22:36:30 - [MESSAGE][PASSED] - Delayed 2 second(s)

2019-07-03 22:36:30 - [TEST_STEP][PASSED] - comment("flag =" + flag): flag =false

2019-07-03 22:36:30 - [MESSAGE][INFO] - flag =false

2019-07-03 22:36:30 - [TEST_STEP][FAILED] - if (flag == false): if (flag == false) FAILED.
Reason:
com.kms.katalon.core.exception.StepFailedException: Text 'Due to holiday closures within the Canada Post network for Victoria Day, please expect some order delivery delays.' is not present on page 
	at com.kms.katalon.core.keyword.internal.KeywordMain.stepFailed(KeywordMain.groovy:32)
	at com.kms.katalon.core.webui.keyword.internal.WebUIKeywordMain.stepFailed(WebUIKeywordMain.groovy:65)
	at com.kms.katalon.core.webui.keyword.builtin.VerifyTextPresentKeyword$_verifyTextPresent_closure1.doCall(VerifyTextPresentKeyword.groovy:79)
	at com.kms.katalon.core.webui.keyword.builtin.VerifyTextPresentKeyword$_verifyTextPresent_closure1.call(VerifyTextPresentKeyword.groovy)
	at com.kms.katalon.core.webui.keyword.internal.WebUIKeywordMain.runKeyword(WebUIKeywordMain.groovy:21)
	at com.kms.katalon.core.webui.keyword.builtin.VerifyTextPresentKeyword.verifyTextPresent(VerifyTextPresentKeyword.groovy:83)
	at com.kms.katalon.core.webui.keyword.builtin.VerifyTextPresentKeyword.execute(VerifyTextPresentKeyword.groovy:68)
	at com.kms.katalon.core.keyword.internal.KeywordExecutor.executeKeywordForPlatform(KeywordExecutor.groovy:53)
	at com.kms.katalon.core.webui.keyword.WebUiBuiltInKeywords.verifyTextPresent(WebUiBuiltInKeywords.groovy:1677)
	at com.kms.katalon.core.webui.keyword.WebUiBuiltInKeywords$verifyTextPresent$18.call(Unknown Source)
	at Announcement.run(Announcement:18)
	at com.kms.katalon.core.main.ScriptEngine.run(ScriptEngine.java:194)
	at com.kms.katalon.core.main.ScriptEngine.runScriptAsRawText(ScriptEngine.java:119)
	at com.kms.katalon.core.main.TestCaseExecutor.runScript(TestCaseExecutor.java:328)
	at com.kms.katalon.core.main.TestCaseExecutor.doExecute(TestCaseExecutor.java:319)
	at com.kms.katalon.core.main.TestCaseExecutor.processExecutionPhase(TestCaseExecutor.java:298)
	at com.kms.katalon.core.main.TestCaseExecutor.accessMainPhase(TestCaseExecutor.java:290)
	at com.kms.katalon.core.main.TestCaseExecutor.execute(TestCaseExecutor.java:224)
	at com.kms.katalon.core.main.TestSuiteExecutor.accessTestCaseMainPhase(TestSuiteExecutor.java:129)
	at com.kms.katalon.core.main.TestSuiteExecutor.accessTestSuiteMainPhase(TestSuiteExecutor.java:112)
	at com.kms.katalon.core.main.TestSuiteExecutor.execute(TestSuiteExecutor.java:81)
	at com.kms.katalon.core.main.TestCaseMain.startTestSuite(TestCaseMain.java:149)
	at com.kms.katalon.core.main.TestCaseMain$startTestSuite$0.call(Unknown Source)
	at TempTestSuite1562205541804.run(TempTestSuite1562205541804.groovy:36)


2019-07-03 22:36:30 - [TEST_STEP][FAILED] - comment(" there is no  announcment "): if (flag == false) FAILED.
Reason:
com.kms.katalon.core.exception.StepFailedException: Text 'Due to holiday closures within the Canada Post network for Victoria Day, please expect some order delivery delays.' is not present on page 
	at com.kms.katalon.core.keyword.internal.KeywordMain.stepFailed(KeywordMain.groovy:32)
	at com.kms.katalon.core.webui.keyword.internal.WebUIKeywordMain.stepFailed(WebUIKeywordMain.groovy:65)
	at com.kms.katalon.core.webui.keyword.builtin.VerifyTextPresentKeyword$_verifyTextPresent_closure1.doCall(VerifyTextPresentKeyword.groovy:79)
	at com.kms.katalon.core.webui.keyword.builtin.VerifyTextPresentKeyword$_verifyTextPresent_closure1.call(VerifyTextPresentKeyword.groovy)
	at com.kms.katalon.core.webui.keyword.internal.WebUIKeywordMain.runKeyword(WebUIKeywordMain.groovy:21)
	at com.kms.katalon.core.webui.keyword.builtin.VerifyTextPresentKeyword.verifyTextPresent(VerifyTextPresentKeyword.groovy:83)
	at com.kms.katalon.core.webui.keyword.builtin.VerifyTextPresentKeyword.execute(VerifyTextPresentKeyword.groovy:68)
	at com.kms.katalon.core.keyword.internal.KeywordExecutor.executeKeywordForPlatform(KeywordExecutor.groovy:53)
	at com.kms.katalon.core.webui.keyword.WebUiBuiltInKeywords.verifyTextPresent(WebUiBuiltInKeywords.groovy:1677)
	at com.kms.katalon.core.webui.keyword.WebUiBuiltInKeywords$verifyTextPresent$18.call(Unknown Source)
	at Announcement.run(Announcement:18)
	at com.kms.katalon.core.main.ScriptEngine.run(ScriptEngine.java:194)
	at com.kms.katalon.core.main.ScriptEngine.runScriptAsRawText(ScriptEngine.java:119)
	at com.kms.katalon.core.main.TestCaseExecutor.runScript(TestCaseExecutor.java:328)
	at com.kms.katalon.core.main.TestCaseExecutor.doExecute(TestCaseExecutor.java:319)
	at com.kms.katalon.core.main.TestCaseExecutor.processExecutionPhase(TestCaseExecutor.java:298)
	at com.kms.katalon.core.main.TestCaseExecutor.accessMainPhase(TestCaseExecutor.java:290)
	at com.kms.katalon.core.main.TestCaseExecutor.execute(TestCaseExecutor.java:224)
	at com.kms.katalon.core.main.TestSuiteExecutor.accessTestCaseMainPhase(TestSuiteExecutor.java:129)
	at com.kms.katalon.core.main.TestSuiteExecutor.accessTestSuiteMainPhase(TestSuiteExecutor.java:112)
	at com.kms.katalon.core.main.TestSuiteExecutor.execute(TestSuiteExecutor.java:81)
	at com.kms.katalon.core.main.TestCaseMain.startTestSuite(TestCaseMain.java:149)
	at com.kms.katalon.core.main.TestCaseMain$startTestSuite$0.call(Unknown Source)
	at TempTestSuite1562205541804.run(TempTestSuite1562205541804.groovy:36)


2019-07-03 22:36:30 - [MESSAGE][INFO] -  there is no  announcment 

2019-07-03 22:36:30 - [MESSAGE][FAILED] - if (flag == false) FAILED.
Reason:
com.kms.katalon.core.exception.StepFailedException: Text 'Due to holiday closures within the Canada Post network for Victoria Day, please expect some order delivery delays.' is not present on page 
	at com.kms.katalon.core.keyword.internal.KeywordMain.stepFailed(KeywordMain.groovy:32)
	at com.kms.katalon.core.webui.keyword.internal.WebUIKeywordMain.stepFailed(WebUIKeywordMain.groovy:65)
	at com.kms.katalon.core.webui.keyword.builtin.VerifyTextPresentKeyword$_verifyTextPresent_closure1.doCall(VerifyTextPresentKeyword.groovy:79)
	at com.kms.katalon.core.webui.keyword.builtin.VerifyTextPresentKeyword$_verifyTextPresent_closure1.call(VerifyTextPresentKeyword.groovy)
	at com.kms.katalon.core.webui.keyword.internal.WebUIKeywordMain.runKeyword(WebUIKeywordMain.groovy:21)
	at com.kms.katalon.core.webui.keyword.builtin.VerifyTextPresentKeyword.verifyTextPresent(VerifyTextPresentKeyword.groovy:83)
	at com.kms.katalon.core.webui.keyword.builtin.VerifyTextPresentKeyword.execute(VerifyTextPresentKeyword.groovy:68)
	at com.kms.katalon.core.keyword.internal.KeywordExecutor.executeKeywordForPlatform(KeywordExecutor.groovy:53)
	at com.kms.katalon.core.webui.keyword.WebUiBuiltInKeywords.verifyTextPresent(WebUiBuiltInKeywords.groovy:1677)
	at com.kms.katalon.core.webui.keyword.WebUiBuiltInKeywords$verifyTextPresent$18.call(Unknown Source)
	at Announcement.run(Announcement:18)
	at com.kms.katalon.core.main.ScriptEngine.run(ScriptEngine.java:194)
	at com.kms.katalon.core.main.ScriptEngine.runScriptAsRawText(ScriptEngine.java:119)
	at com.kms.katalon.core.main.TestCaseExecutor.runScript(TestCaseExecutor.java:328)
	at com.kms.katalon.core.main.TestCaseExecutor.doExecute(TestCaseExecutor.java:319)
	at com.kms.katalon.core.main.TestCaseExecutor.processExecutionPhase(TestCaseExecutor.java:298)
	at com.kms.katalon.core.main.TestCaseExecutor.accessMainPhase(TestCaseExecutor.java:290)
	at com.kms.katalon.core.main.TestCaseExecutor.execute(TestCaseExecutor.java:224)
	at com.kms.katalon.core.main.TestSuiteExecutor.accessTestCaseMainPhase(TestSuiteExecutor.java:129)
	at com.kms.katalon.core.main.TestSuiteExecutor.accessTestSuiteMainPhase(TestSuiteExecutor.java:112)
	at com.kms.katalon.core.main.TestSuiteExecutor.execute(TestSuiteExecutor.java:81)
	at com.kms.katalon.core.main.TestCaseMain.startTestSuite(TestCaseMain.java:149)
	at com.kms.katalon.core.main.TestCaseMain$startTestSuite$0.call(Unknown Source)
	at TempTestSuite1562205541804.run(TempTestSuite1562205541804.groovy:36)]]></system-out>
         <system-err><![CDATA[2019-07-03 22:35:48 - [TEST_CASE][FAILED] - Test Cases/OCS - DESKTOP/OCS- HOME PAGE/Announcement: Test Cases/OCS - DESKTOP/OCS- HOME PAGE/Announcement FAILED.
Reason:
com.kms.katalon.core.exception.StepFailedException: Text 'Due to holiday closures within the Canada Post network for Victoria Day, please expect some order delivery delays.' is not present on page 
	at com.kms.katalon.core.keyword.internal.KeywordMain.stepFailed(KeywordMain.groovy:32)
	at com.kms.katalon.core.webui.keyword.internal.WebUIKeywordMain.stepFailed(WebUIKeywordMain.groovy:65)
	at com.kms.katalon.core.webui.keyword.builtin.VerifyTextPresentKeyword$_verifyTextPresent_closure1.doCall(VerifyTextPresentKeyword.groovy:79)
	at com.kms.katalon.core.webui.keyword.builtin.VerifyTextPresentKeyword$_verifyTextPresent_closure1.call(VerifyTextPresentKeyword.groovy)
	at com.kms.katalon.core.webui.keyword.internal.WebUIKeywordMain.runKeyword(WebUIKeywordMain.groovy:21)
	at com.kms.katalon.core.webui.keyword.builtin.VerifyTextPresentKeyword.verifyTextPresent(VerifyTextPresentKeyword.groovy:83)
	at com.kms.katalon.core.webui.keyword.builtin.VerifyTextPresentKeyword.execute(VerifyTextPresentKeyword.groovy:68)
	at com.kms.katalon.core.keyword.internal.KeywordExecutor.executeKeywordForPlatform(KeywordExecutor.groovy:53)
	at com.kms.katalon.core.webui.keyword.WebUiBuiltInKeywords.verifyTextPresent(WebUiBuiltInKeywords.groovy:1677)
	at com.kms.katalon.core.webui.keyword.WebUiBuiltInKeywords$verifyTextPresent$18.call(Unknown Source)
	at Announcement.run(Announcement:18)
	at com.kms.katalon.core.main.ScriptEngine.run(ScriptEngine.java:194)
	at com.kms.katalon.core.main.ScriptEngine.runScriptAsRawText(ScriptEngine.java:119)
	at com.kms.katalon.core.main.TestCaseExecutor.runScript(TestCaseExecutor.java:328)
	at com.kms.katalon.core.main.TestCaseExecutor.doExecute(TestCaseExecutor.java:319)
	at com.kms.katalon.core.main.TestCaseExecutor.processExecutionPhase(TestCaseExecutor.java:298)
	at com.kms.katalon.core.main.TestCaseExecutor.accessMainPhase(TestCaseExecutor.java:290)
	at com.kms.katalon.core.main.TestCaseExecutor.execute(TestCaseExecutor.java:224)
	at com.kms.katalon.core.main.TestSuiteExecutor.accessTestCaseMainPhase(TestSuiteExecutor.java:129)
	at com.kms.katalon.core.main.TestSuiteExecutor.accessTestSuiteMainPhase(TestSuiteExecutor.java:112)
	at com.kms.katalon.core.main.TestSuiteExecutor.execute(TestSuiteExecutor.java:81)
	at com.kms.katalon.core.main.TestCaseMain.startTestSuite(TestCaseMain.java:149)
	at com.kms.katalon.core.main.TestCaseMain$startTestSuite$0.call(Unknown Source)
	at TempTestSuite1562205541804.run(TempTestSuite1562205541804.groovy:36)]]></system-err>
      </testcase>
      <testcase name="Test Cases/OCS - DESKTOP/OCS- HOME PAGE/cart flyout" classname="Test Cases/OCS - DESKTOP/OCS- HOME PAGE/cart flyout" status="PASSED">
         <system-out><![CDATA[2019-07-03 22:36:30 - [TEST_CASE][PASSED] - Test Cases/OCS - DESKTOP/OCS- HOME PAGE/cart flyout: Test Cases/OCS - DESKTOP/OCS- HOME PAGE/cart flyout

2019-07-03 22:36:30 - [TEST_STEP][PASSED] - callTestCase(findTestCase("OCS - DESKTOP/CALL- Age gate"), [:], STOP_ON_FAILURE): Call Test Case 'Test Cases/OCS - DESKTOP/CALL- Age gate' successfully

2019-07-03 22:36:30 - [TEST_CASE][PASSED] - Test Cases/OCS - DESKTOP/CALL- Age gate: Test Cases/OCS - DESKTOP/CALL- Age gate

2019-07-03 22:36:30 - [TEST_STEP][PASSED] - openBrowser(""): Browser is opened with url: ''

2019-07-03 22:36:30 - [MESSAGE][WARNING] - A browser is already opened. Closing browser and opening a new one

2019-07-03 22:36:31 - [MESSAGE][INFO] - Starting 'Firefox' driver

2019-07-03 22:36:33 - [MESSAGE][PASSED] - Browser is opened with url: ''

2019-07-03 22:36:33 - [TEST_STEP][PASSED] - navigateToUrl("https://ocs.ca/?fts=0&preview_theme_id=74203891532"): Navigate to 'https://ocs.ca/?fts=0&preview_theme_id=74203891532' successfully

2019-07-03 22:36:39 - [MESSAGE][PASSED] - Navigate to 'https://ocs.ca/?fts=0&preview_theme_id=74203891532' successfully

2019-07-03 22:36:39 - [TEST_STEP][PASSED] - maximizeWindow(): Current window maximized

2019-07-03 22:36:40 - [MESSAGE][PASSED] - Current window maximized

2019-07-03 22:36:40 - [TEST_STEP][PASSED] - delay(2): Delayed 2 second(s)

2019-07-03 22:36:42 - [MESSAGE][PASSED] - Delayed 2 second(s)

2019-07-03 22:36:42 - [TEST_STEP][PASSED] - executeJavaScript("var previewBar = document.getElementById("preview-bar-iframe"); previewBar.style.display = "none";", []): Execute JavaScript 'var previewBar = document.getElementById("preview-bar-iframe"); previewBar.style.display = "none";' successfully

2019-07-03 22:36:42 - [MESSAGE][PASSED] - Execute JavaScript 'var previewBar = document.getElementById("preview-bar-iframe"); previewBar.style.display = "none";' successfully

2019-07-03 22:36:42 - [TEST_STEP][PASSED] - selectOptionByValue(findTestObject("OCS-DESKTOP/Age gate and Mega menu/Date"), "12", true): All options with value '12' are selected in object 'Object Repository/OCS-DESKTOP/Age gate and Mega menu/Date'  using regular expression

2019-07-03 22:36:43 - [MESSAGE][PASSED] - All options with value '12' are selected in object 'Object Repository/OCS-DESKTOP/Age gate and Mega menu/Date'  using regular expression

2019-07-03 22:36:43 - [TEST_STEP][PASSED] - selectOptionByValue(findTestObject("OCS-DESKTOP/Age gate and Mega menu/month"), "6", true): All options with value '6' are selected in object 'Object Repository/OCS-DESKTOP/Age gate and Mega menu/month'  using regular expression

2019-07-03 22:36:43 - [MESSAGE][PASSED] - All options with value '6' are selected in object 'Object Repository/OCS-DESKTOP/Age gate and Mega menu/month'  using regular expression

2019-07-03 22:36:43 - [TEST_STEP][PASSED] - delay(2): Delayed 2 second(s)

2019-07-03 22:36:45 - [MESSAGE][PASSED] - Delayed 2 second(s)

2019-07-03 22:36:45 - [TEST_STEP][PASSED] - selectOptionByValue(findTestObject("OCS-DESKTOP/Age gate and Mega menu/Year Dropdown"), "1990", true): All options with value '1990' are selected in object 'Object Repository/OCS-DESKTOP/Age gate and Mega menu/Year Dropdown'  using regular expression

2019-07-03 22:36:46 - [MESSAGE][PASSED] - All options with value '1990' are selected in object 'Object Repository/OCS-DESKTOP/Age gate and Mega menu/Year Dropdown'  using regular expression

2019-07-03 22:36:46 - [TEST_STEP][PASSED] - click(findTestObject("OCS-DESKTOP/Age gate and Mega menu/button_Verify")): Object: 'Object Repository/OCS-DESKTOP/Age gate and Mega menu/button_Verify' is clicked on

2019-07-03 22:36:47 - [MESSAGE][PASSED] - Object: 'Object Repository/OCS-DESKTOP/Age gate and Mega menu/button_Verify' is clicked on

2019-07-03 22:36:47 - [TEST_STEP][PASSED] - click(findTestObject("OCS-DESKTOP/Age gate and Mega menu/Checkbox_CONFIRM AND ACKNOWLEDGE")): Object: 'Object Repository/OCS-DESKTOP/Age gate and Mega menu/Checkbox_CONFIRM AND ACKNOWLEDGE' is clicked on

2019-07-03 22:36:47 - [MESSAGE][PASSED] - Object: 'Object Repository/OCS-DESKTOP/Age gate and Mega menu/Checkbox_CONFIRM AND ACKNOWLEDGE' is clicked on

2019-07-03 22:36:47 - [TEST_STEP][PASSED] - click(findTestObject("OCS-DESKTOP/Age gate and Mega menu/button_CONFIRM")): Object: 'Object Repository/OCS-DESKTOP/Age gate and Mega menu/button_CONFIRM' is clicked on

2019-07-03 22:36:47 - [MESSAGE][PASSED] - Object: 'Object Repository/OCS-DESKTOP/Age gate and Mega menu/button_CONFIRM' is clicked on

2019-07-03 22:36:47 - [TEST_STEP][PASSED] - click(findTestObject("OCS-DESKTOP/Age gate and Mega menu/button_Start Browsing")): Object: 'Object Repository/OCS-DESKTOP/Age gate and Mega menu/button_Start Browsing' is clicked on

2019-07-03 22:36:47 - [MESSAGE][PASSED] - Object: 'Object Repository/OCS-DESKTOP/Age gate and Mega menu/button_Start Browsing' is clicked on

2019-07-03 22:36:47 - [TEST_STEP][PASSED] - delay(2): Delayed 2 second(s)

2019-07-03 22:36:49 - [MESSAGE][PASSED] - Delayed 2 second(s)

2019-07-03 22:36:49 - [TEST_STEP][PASSED] - refresh(): Refresh successfully

2019-07-03 22:36:53 - [MESSAGE][PASSED] - Refresh successfully

2019-07-03 22:36:53 - [MESSAGE][PASSED] - Call Test Case 'Test Cases/OCS - DESKTOP/CALL- Age gate' successfully

2019-07-03 22:36:53 - [TEST_STEP][PASSED] - delay(2): Delayed 2 second(s)

2019-07-03 22:36:55 - [MESSAGE][PASSED] - Delayed 2 second(s)

2019-07-03 22:36:55 - [TEST_STEP][PASSED] - click(findTestObject("OCS-DESKTOP/Home - page/Cart icon -bag")): Object: 'Object Repository/OCS-DESKTOP/Home - page/Cart icon -bag' is clicked on

2019-07-03 22:36:55 - [MESSAGE][PASSED] - Object: 'Object Repository/OCS-DESKTOP/Home - page/Cart icon -bag' is clicked on

2019-07-03 22:36:55 - [TEST_STEP][PASSED] - delay(3): Delayed 3 second(s)

2019-07-03 22:36:58 - [MESSAGE][PASSED] - Delayed 3 second(s)

2019-07-03 22:36:58 - [TEST_STEP][PASSED] - verifyTextPresent("Bag", false, OPTIONAL): Text 'Bag' is present on page 

2019-07-03 22:37:01 - [MESSAGE][PASSED] - Text 'Bag' is present on page 

2019-07-03 22:37:01 - [TEST_STEP][PASSED] - if (true):  cart flyout opened 

2019-07-03 22:37:01 - [TEST_STEP][PASSED] - comment(" cart flyout opened "):  cart flyout opened 

2019-07-03 22:37:01 - [MESSAGE][INFO] -  cart flyout opened 

2019-07-03 22:37:01 - [TEST_STEP][PASSED] - delay(5): Delayed 5 second(s)

2019-07-03 22:37:06 - [MESSAGE][PASSED] - Delayed 5 second(s)

2019-07-03 22:37:06 - [TEST_STEP][PASSED] - click(findTestObject("OCS-DESKTOP/Home - page/Collapse cart flyout")): Object: 'Object Repository/OCS-DESKTOP/Home - page/Collapse cart flyout' is clicked on

2019-07-03 22:37:06 - [MESSAGE][PASSED] - Object: 'Object Repository/OCS-DESKTOP/Home - page/Collapse cart flyout' is clicked on

2019-07-03 22:37:06 - [TEST_STEP][PASSED] - verifyTextNotPresent("Bag", false, STOP_ON_FAILURE): Text 'Bag' is not present on page

2019-07-03 22:37:08 - [MESSAGE][PASSED] - Text 'Bag' is not present on page

2019-07-03 22:37:08 - [TEST_STEP][PASSED] - if (true):  cart flyout closed 

2019-07-03 22:37:08 - [TEST_STEP][PASSED] - comment(" cart flyout closed "):  cart flyout closed 

2019-07-03 22:37:08 - [MESSAGE][INFO] -  cart flyout closed]]></system-out>
         <system-err><![CDATA[]]></system-err>
      </testcase>
      <testcase name="Test Cases/OCS - DESKTOP/OCS- HOME PAGE/Retail stores link" classname="Test Cases/OCS - DESKTOP/OCS- HOME PAGE/Retail stores link" status="FAILED">
         <failure type="FAILED" message="Test Cases/OCS - DESKTOP/OCS- HOME PAGE/Retail stores link FAILED.
Reason:
com.kms.katalon.core.exception.StepFailedException: com.kms.katalon.core.webui.exception.WebElementNotFoundException: Web element with id: 'Object Repository/OCS-DESKTOP/Home - page/Retail stores link' located by 'By.xpath: //a[contains(text(),'Click here for locations')][count(. | //a[@href = 'https://www.agco.ca/sites/default/files/map/ONT_CN_ST_E.html']) = count(//a[@href = 'https://www.agco.ca/sites/default/files/map/ONT_CN_ST_E.html'])]' not found
	at com.kms.katalon.core.keyword.internal.KeywordMain.stepFailed(KeywordMain.groovy:32)
	at com.kms.katalon.core.webui.keyword.internal.WebUIKeywordMain.stepFailed(WebUIKeywordMain.groovy:65)
	at com.kms.katalon.core.webui.keyword.builtin.VerifyElementPresentKeyword$_verifyElementPresent_closure1.doCall(VerifyElementPresentKeyword.groovy:85)
	at com.kms.katalon.core.webui.keyword.builtin.VerifyElementPresentKeyword$_verifyElementPresent_closure1.call(VerifyElementPresentKeyword.groovy)
	at com.kms.katalon.core.webui.keyword.internal.WebUIKeywordMain.runKeyword(WebUIKeywordMain.groovy:21)
	at com.kms.katalon.core.webui.keyword.builtin.VerifyElementPresentKeyword.verifyElementPresent(VerifyElementPresentKeyword.groovy:92)
	at com.kms.katalon.core.webui.keyword.builtin.VerifyElementPresentKeyword.execute(VerifyElementPresentKeyword.groovy:68)
	at com.kms.katalon.core.keyword.internal.KeywordExecutor.executeKeywordForPlatform(KeywordExecutor.groovy:53)
	at com.kms.katalon.core.webui.keyword.WebUiBuiltInKeywords.verifyElementPresent(WebUiBuiltInKeywords.groovy:1418)
	at com.kms.katalon.core.webui.keyword.WebUiBuiltInKeywords$verifyElementPresent$20.call(Unknown Source)
	at Retail stores link.run(Retail stores link:20)
	at com.kms.katalon.core.main.ScriptEngine.run(ScriptEngine.java:194)
	at com.kms.katalon.core.main.ScriptEngine.runScriptAsRawText(ScriptEngine.java:119)
	at com.kms.katalon.core.main.TestCaseExecutor.runScript(TestCaseExecutor.java:328)
	at com.kms.katalon.core.main.TestCaseExecutor.doExecute(TestCaseExecutor.java:319)
	at com.kms.katalon.core.main.TestCaseExecutor.processExecutionPhase(TestCaseExecutor.java:298)
	at com.kms.katalon.core.main.TestCaseExecutor.accessMainPhase(TestCaseExecutor.java:290)
	at com.kms.katalon.core.main.TestCaseExecutor.execute(TestCaseExecutor.java:224)
	at com.kms.katalon.core.main.TestSuiteExecutor.accessTestCaseMainPhase(TestSuiteExecutor.java:129)
	at com.kms.katalon.core.main.TestSuiteExecutor.accessTestSuiteMainPhase(TestSuiteExecutor.java:112)
	at com.kms.katalon.core.main.TestSuiteExecutor.execute(TestSuiteExecutor.java:81)
	at com.kms.katalon.core.main.TestCaseMain.startTestSuite(TestCaseMain.java:149)
	at com.kms.katalon.core.main.TestCaseMain$startTestSuite$0.call(Unknown Source)
	at TempTestSuite1562205541804.run(TempTestSuite1562205541804.groovy:36)
"/>
         <system-out><![CDATA[2019-07-03 22:37:08 - [TEST_CASE][FAILED] - Test Cases/OCS - DESKTOP/OCS- HOME PAGE/Retail stores link: Test Cases/OCS - DESKTOP/OCS- HOME PAGE/Retail stores link FAILED.
Reason:
com.kms.katalon.core.exception.StepFailedException: com.kms.katalon.core.webui.exception.WebElementNotFoundException: Web element with id: 'Object Repository/OCS-DESKTOP/Home - page/Retail stores link' located by 'By.xpath: //a[contains(text(),'Click here for locations')][count(. | //a[@href = 'https://www.agco.ca/sites/default/files/map/ONT_CN_ST_E.html']) = count(//a[@href = 'https://www.agco.ca/sites/default/files/map/ONT_CN_ST_E.html'])]' not found
	at com.kms.katalon.core.keyword.internal.KeywordMain.stepFailed(KeywordMain.groovy:32)
	at com.kms.katalon.core.webui.keyword.internal.WebUIKeywordMain.stepFailed(WebUIKeywordMain.groovy:65)
	at com.kms.katalon.core.webui.keyword.builtin.VerifyElementPresentKeyword$_verifyElementPresent_closure1.doCall(VerifyElementPresentKeyword.groovy:85)
	at com.kms.katalon.core.webui.keyword.builtin.VerifyElementPresentKeyword$_verifyElementPresent_closure1.call(VerifyElementPresentKeyword.groovy)
	at com.kms.katalon.core.webui.keyword.internal.WebUIKeywordMain.runKeyword(WebUIKeywordMain.groovy:21)
	at com.kms.katalon.core.webui.keyword.builtin.VerifyElementPresentKeyword.verifyElementPresent(VerifyElementPresentKeyword.groovy:92)
	at com.kms.katalon.core.webui.keyword.builtin.VerifyElementPresentKeyword.execute(VerifyElementPresentKeyword.groovy:68)
	at com.kms.katalon.core.keyword.internal.KeywordExecutor.executeKeywordForPlatform(KeywordExecutor.groovy:53)
	at com.kms.katalon.core.webui.keyword.WebUiBuiltInKeywords.verifyElementPresent(WebUiBuiltInKeywords.groovy:1418)
	at com.kms.katalon.core.webui.keyword.WebUiBuiltInKeywords$verifyElementPresent$20.call(Unknown Source)
	at Retail stores link.run(Retail stores link:20)
	at com.kms.katalon.core.main.ScriptEngine.run(ScriptEngine.java:194)
	at com.kms.katalon.core.main.ScriptEngine.runScriptAsRawText(ScriptEngine.java:119)
	at com.kms.katalon.core.main.TestCaseExecutor.runScript(TestCaseExecutor.java:328)
	at com.kms.katalon.core.main.TestCaseExecutor.doExecute(TestCaseExecutor.java:319)
	at com.kms.katalon.core.main.TestCaseExecutor.processExecutionPhase(TestCaseExecutor.java:298)
	at com.kms.katalon.core.main.TestCaseExecutor.accessMainPhase(TestCaseExecutor.java:290)
	at com.kms.katalon.core.main.TestCaseExecutor.execute(TestCaseExecutor.java:224)
	at com.kms.katalon.core.main.TestSuiteExecutor.accessTestCaseMainPhase(TestSuiteExecutor.java:129)
	at com.kms.katalon.core.main.TestSuiteExecutor.accessTestSuiteMainPhase(TestSuiteExecutor.java:112)
	at com.kms.katalon.core.main.TestSuiteExecutor.execute(TestSuiteExecutor.java:81)
	at com.kms.katalon.core.main.TestCaseMain.startTestSuite(TestCaseMain.java:149)
	at com.kms.katalon.core.main.TestCaseMain$startTestSuite$0.call(Unknown Source)
	at TempTestSuite1562205541804.run(TempTestSuite1562205541804.groovy:36)


2019-07-03 22:37:08 - [TEST_STEP][PASSED] - callTestCase(findTestCase("OCS - DESKTOP/CALL- Age gate"), [:], STOP_ON_FAILURE): Call Test Case 'Test Cases/OCS - DESKTOP/CALL- Age gate' successfully

2019-07-03 22:37:08 - [TEST_CASE][PASSED] - Test Cases/OCS - DESKTOP/CALL- Age gate: Test Cases/OCS - DESKTOP/CALL- Age gate

2019-07-03 22:37:08 - [TEST_STEP][PASSED] - openBrowser(""): Browser is opened with url: ''

2019-07-03 22:37:08 - [MESSAGE][WARNING] - A browser is already opened. Closing browser and opening a new one

2019-07-03 22:37:29 - [MESSAGE][INFO] - Starting 'Firefox' driver

2019-07-03 22:37:31 - [MESSAGE][PASSED] - Browser is opened with url: ''

2019-07-03 22:37:31 - [TEST_STEP][PASSED] - navigateToUrl("https://ocs.ca/?fts=0&preview_theme_id=74203891532"): Navigate to 'https://ocs.ca/?fts=0&preview_theme_id=74203891532' successfully

2019-07-03 22:37:40 - [MESSAGE][PASSED] - Navigate to 'https://ocs.ca/?fts=0&preview_theme_id=74203891532' successfully

2019-07-03 22:37:40 - [TEST_STEP][PASSED] - maximizeWindow(): Current window maximized

2019-07-03 22:37:40 - [MESSAGE][PASSED] - Current window maximized

2019-07-03 22:37:40 - [TEST_STEP][PASSED] - delay(2): Delayed 2 second(s)

2019-07-03 22:37:42 - [MESSAGE][PASSED] - Delayed 2 second(s)

2019-07-03 22:37:42 - [TEST_STEP][PASSED] - executeJavaScript("var previewBar = document.getElementById("preview-bar-iframe"); previewBar.style.display = "none";", []): Execute JavaScript 'var previewBar = document.getElementById("preview-bar-iframe"); previewBar.style.display = "none";' successfully

2019-07-03 22:37:42 - [MESSAGE][PASSED] - Execute JavaScript 'var previewBar = document.getElementById("preview-bar-iframe"); previewBar.style.display = "none";' successfully

2019-07-03 22:37:42 - [TEST_STEP][PASSED] - selectOptionByValue(findTestObject("OCS-DESKTOP/Age gate and Mega menu/Date"), "12", true): All options with value '12' are selected in object 'Object Repository/OCS-DESKTOP/Age gate and Mega menu/Date'  using regular expression

2019-07-03 22:37:43 - [MESSAGE][PASSED] - All options with value '12' are selected in object 'Object Repository/OCS-DESKTOP/Age gate and Mega menu/Date'  using regular expression

2019-07-03 22:37:43 - [TEST_STEP][PASSED] - selectOptionByValue(findTestObject("OCS-DESKTOP/Age gate and Mega menu/month"), "6", true): All options with value '6' are selected in object 'Object Repository/OCS-DESKTOP/Age gate and Mega menu/month'  using regular expression

2019-07-03 22:37:43 - [MESSAGE][PASSED] - All options with value '6' are selected in object 'Object Repository/OCS-DESKTOP/Age gate and Mega menu/month'  using regular expression

2019-07-03 22:37:43 - [TEST_STEP][PASSED] - delay(2): Delayed 2 second(s)

2019-07-03 22:37:45 - [MESSAGE][PASSED] - Delayed 2 second(s)

2019-07-03 22:37:45 - [TEST_STEP][PASSED] - selectOptionByValue(findTestObject("OCS-DESKTOP/Age gate and Mega menu/Year Dropdown"), "1990", true): All options with value '1990' are selected in object 'Object Repository/OCS-DESKTOP/Age gate and Mega menu/Year Dropdown'  using regular expression

2019-07-03 22:37:47 - [MESSAGE][PASSED] - All options with value '1990' are selected in object 'Object Repository/OCS-DESKTOP/Age gate and Mega menu/Year Dropdown'  using regular expression

2019-07-03 22:37:47 - [TEST_STEP][PASSED] - click(findTestObject("OCS-DESKTOP/Age gate and Mega menu/button_Verify")): Object: 'Object Repository/OCS-DESKTOP/Age gate and Mega menu/button_Verify' is clicked on

2019-07-03 22:37:47 - [MESSAGE][PASSED] - Object: 'Object Repository/OCS-DESKTOP/Age gate and Mega menu/button_Verify' is clicked on

2019-07-03 22:37:47 - [TEST_STEP][PASSED] - click(findTestObject("OCS-DESKTOP/Age gate and Mega menu/Checkbox_CONFIRM AND ACKNOWLEDGE")): Object: 'Object Repository/OCS-DESKTOP/Age gate and Mega menu/Checkbox_CONFIRM AND ACKNOWLEDGE' is clicked on

2019-07-03 22:37:47 - [MESSAGE][PASSED] - Object: 'Object Repository/OCS-DESKTOP/Age gate and Mega menu/Checkbox_CONFIRM AND ACKNOWLEDGE' is clicked on

2019-07-03 22:37:47 - [TEST_STEP][PASSED] - click(findTestObject("OCS-DESKTOP/Age gate and Mega menu/button_CONFIRM")): Object: 'Object Repository/OCS-DESKTOP/Age gate and Mega menu/button_CONFIRM' is clicked on

2019-07-03 22:37:48 - [MESSAGE][PASSED] - Object: 'Object Repository/OCS-DESKTOP/Age gate and Mega menu/button_CONFIRM' is clicked on

2019-07-03 22:37:48 - [TEST_STEP][PASSED] - click(findTestObject("OCS-DESKTOP/Age gate and Mega menu/button_Start Browsing")): Object: 'Object Repository/OCS-DESKTOP/Age gate and Mega menu/button_Start Browsing' is clicked on

2019-07-03 22:37:48 - [MESSAGE][PASSED] - Object: 'Object Repository/OCS-DESKTOP/Age gate and Mega menu/button_Start Browsing' is clicked on

2019-07-03 22:37:48 - [TEST_STEP][PASSED] - delay(2): Delayed 2 second(s)

2019-07-03 22:37:50 - [MESSAGE][PASSED] - Delayed 2 second(s)

2019-07-03 22:37:50 - [TEST_STEP][PASSED] - refresh(): Refresh successfully

2019-07-03 22:37:54 - [MESSAGE][PASSED] - Refresh successfully

2019-07-03 22:37:54 - [MESSAGE][PASSED] - Call Test Case 'Test Cases/OCS - DESKTOP/CALL- Age gate' successfully

2019-07-03 22:37:54 - [TEST_STEP][PASSED] - delay(2): Delayed 2 second(s)

2019-07-03 22:37:56 - [MESSAGE][PASSED] - Delayed 2 second(s)

2019-07-03 22:37:56 - [TEST_STEP][FAILED] - flag = verifyElementPresent(findTestObject("OCS-DESKTOP/Home - page/Retail stores link"), 0, CONTINUE_ON_FAILURE): com.kms.katalon.core.webui.exception.WebElementNotFoundException: Web element with id: 'Object Repository/OCS-DESKTOP/Home - page/Retail stores link' located by 'By.xpath: //a[contains(text(),'Click here for locations')][count(. | //a[@href = 'https://www.agco.ca/sites/default/files/map/ONT_CN_ST_E.html']) = count(//a[@href = 'https://www.agco.ca/sites/default/files/map/ONT_CN_ST_E.html'])]' not found

2019-07-03 22:37:56 - [MESSAGE][WARNING] - Timeout '0' is invalid. Using default page load timeout: '30'

2019-07-03 22:38:26 - [MESSAGE][INFO] - Unable to find the element located by 'By.xpath: //a[contains(text(),'Click here for locations')][count(. | //a[@href = 'https://www.agco.ca/sites/default/files/map/ONT_CN_ST_E.html']) = count(//a[@href = 'https://www.agco.ca/sites/default/files/map/ONT_CN_ST_E.html'])]'. Please recheck the objects properties to make sure the desired element is located. 

2019-07-03 22:38:28 - [MESSAGE][FAILED] - com.kms.katalon.core.webui.exception.WebElementNotFoundException: Web element with id: 'Object Repository/OCS-DESKTOP/Home - page/Retail stores link' located by 'By.xpath: //a[contains(text(),'Click here for locations')][count(. | //a[@href = 'https://www.agco.ca/sites/default/files/map/ONT_CN_ST_E.html']) = count(//a[@href = 'https://www.agco.ca/sites/default/files/map/ONT_CN_ST_E.html'])]' not found
[[ATTACHMENT|/Users/sumankompelly/Relative xpath-Desktop/Reports/1.11.2/20190703_215901/1562207906685.png]]

2019-07-03 22:38:28 - [TEST_STEP][PASSED] - comment("flag=" + flag): flag=false

2019-07-03 22:38:28 - [MESSAGE][INFO] - flag=false

2019-07-03 22:38:28 - [TEST_STEP][PASSED] - if (flag == true): null

2019-07-03 22:38:28 - [TEST_STEP][FAILED] - else: else FAILED.
Reason:
com.kms.katalon.core.exception.StepFailedException: com.kms.katalon.core.webui.exception.WebElementNotFoundException: Web element with id: 'Object Repository/OCS-DESKTOP/Home - page/Retail stores link' located by 'By.xpath: //a[contains(text(),'Click here for locations')][count(. | //a[@href = 'https://www.agco.ca/sites/default/files/map/ONT_CN_ST_E.html']) = count(//a[@href = 'https://www.agco.ca/sites/default/files/map/ONT_CN_ST_E.html'])]' not found
	at com.kms.katalon.core.keyword.internal.KeywordMain.stepFailed(KeywordMain.groovy:32)
	at com.kms.katalon.core.webui.keyword.internal.WebUIKeywordMain.stepFailed(WebUIKeywordMain.groovy:65)
	at com.kms.katalon.core.webui.keyword.builtin.VerifyElementPresentKeyword$_verifyElementPresent_closure1.doCall(VerifyElementPresentKeyword.groovy:85)
	at com.kms.katalon.core.webui.keyword.builtin.VerifyElementPresentKeyword$_verifyElementPresent_closure1.call(VerifyElementPresentKeyword.groovy)
	at com.kms.katalon.core.webui.keyword.internal.WebUIKeywordMain.runKeyword(WebUIKeywordMain.groovy:21)
	at com.kms.katalon.core.webui.keyword.builtin.VerifyElementPresentKeyword.verifyElementPresent(VerifyElementPresentKeyword.groovy:92)
	at com.kms.katalon.core.webui.keyword.builtin.VerifyElementPresentKeyword.execute(VerifyElementPresentKeyword.groovy:68)
	at com.kms.katalon.core.keyword.internal.KeywordExecutor.executeKeywordForPlatform(KeywordExecutor.groovy:53)
	at com.kms.katalon.core.webui.keyword.WebUiBuiltInKeywords.verifyElementPresent(WebUiBuiltInKeywords.groovy:1418)
	at com.kms.katalon.core.webui.keyword.WebUiBuiltInKeywords$verifyElementPresent$20.call(Unknown Source)
	at Retail stores link.run(Retail stores link:20)
	at com.kms.katalon.core.main.ScriptEngine.run(ScriptEngine.java:194)
	at com.kms.katalon.core.main.ScriptEngine.runScriptAsRawText(ScriptEngine.java:119)
	at com.kms.katalon.core.main.TestCaseExecutor.runScript(TestCaseExecutor.java:328)
	at com.kms.katalon.core.main.TestCaseExecutor.doExecute(TestCaseExecutor.java:319)
	at com.kms.katalon.core.main.TestCaseExecutor.processExecutionPhase(TestCaseExecutor.java:298)
	at com.kms.katalon.core.main.TestCaseExecutor.accessMainPhase(TestCaseExecutor.java:290)
	at com.kms.katalon.core.main.TestCaseExecutor.execute(TestCaseExecutor.java:224)
	at com.kms.katalon.core.main.TestSuiteExecutor.accessTestCaseMainPhase(TestSuiteExecutor.java:129)
	at com.kms.katalon.core.main.TestSuiteExecutor.accessTestSuiteMainPhase(TestSuiteExecutor.java:112)
	at com.kms.katalon.core.main.TestSuiteExecutor.execute(TestSuiteExecutor.java:81)
	at com.kms.katalon.core.main.TestCaseMain.startTestSuite(TestCaseMain.java:149)
	at com.kms.katalon.core.main.TestCaseMain$startTestSuite$0.call(Unknown Source)
	at TempTestSuite1562205541804.run(TempTestSuite1562205541804.groovy:36)


2019-07-03 22:38:28 - [TEST_STEP][FAILED] - comment("There is no retail stores link "): else FAILED.
Reason:
com.kms.katalon.core.exception.StepFailedException: com.kms.katalon.core.webui.exception.WebElementNotFoundException: Web element with id: 'Object Repository/OCS-DESKTOP/Home - page/Retail stores link' located by 'By.xpath: //a[contains(text(),'Click here for locations')][count(. | //a[@href = 'https://www.agco.ca/sites/default/files/map/ONT_CN_ST_E.html']) = count(//a[@href = 'https://www.agco.ca/sites/default/files/map/ONT_CN_ST_E.html'])]' not found
	at com.kms.katalon.core.keyword.internal.KeywordMain.stepFailed(KeywordMain.groovy:32)
	at com.kms.katalon.core.webui.keyword.internal.WebUIKeywordMain.stepFailed(WebUIKeywordMain.groovy:65)
	at com.kms.katalon.core.webui.keyword.builtin.VerifyElementPresentKeyword$_verifyElementPresent_closure1.doCall(VerifyElementPresentKeyword.groovy:85)
	at com.kms.katalon.core.webui.keyword.builtin.VerifyElementPresentKeyword$_verifyElementPresent_closure1.call(VerifyElementPresentKeyword.groovy)
	at com.kms.katalon.core.webui.keyword.internal.WebUIKeywordMain.runKeyword(WebUIKeywordMain.groovy:21)
	at com.kms.katalon.core.webui.keyword.builtin.VerifyElementPresentKeyword.verifyElementPresent(VerifyElementPresentKeyword.groovy:92)
	at com.kms.katalon.core.webui.keyword.builtin.VerifyElementPresentKeyword.execute(VerifyElementPresentKeyword.groovy:68)
	at com.kms.katalon.core.keyword.internal.KeywordExecutor.executeKeywordForPlatform(KeywordExecutor.groovy:53)
	at com.kms.katalon.core.webui.keyword.WebUiBuiltInKeywords.verifyElementPresent(WebUiBuiltInKeywords.groovy:1418)
	at com.kms.katalon.core.webui.keyword.WebUiBuiltInKeywords$verifyElementPresent$20.call(Unknown Source)
	at Retail stores link.run(Retail stores link:20)
	at com.kms.katalon.core.main.ScriptEngine.run(ScriptEngine.java:194)
	at com.kms.katalon.core.main.ScriptEngine.runScriptAsRawText(ScriptEngine.java:119)
	at com.kms.katalon.core.main.TestCaseExecutor.runScript(TestCaseExecutor.java:328)
	at com.kms.katalon.core.main.TestCaseExecutor.doExecute(TestCaseExecutor.java:319)
	at com.kms.katalon.core.main.TestCaseExecutor.processExecutionPhase(TestCaseExecutor.java:298)
	at com.kms.katalon.core.main.TestCaseExecutor.accessMainPhase(TestCaseExecutor.java:290)
	at com.kms.katalon.core.main.TestCaseExecutor.execute(TestCaseExecutor.java:224)
	at com.kms.katalon.core.main.TestSuiteExecutor.accessTestCaseMainPhase(TestSuiteExecutor.java:129)
	at com.kms.katalon.core.main.TestSuiteExecutor.accessTestSuiteMainPhase(TestSuiteExecutor.java:112)
	at com.kms.katalon.core.main.TestSuiteExecutor.execute(TestSuiteExecutor.java:81)
	at com.kms.katalon.core.main.TestCaseMain.startTestSuite(TestCaseMain.java:149)
	at com.kms.katalon.core.main.TestCaseMain$startTestSuite$0.call(Unknown Source)
	at TempTestSuite1562205541804.run(TempTestSuite1562205541804.groovy:36)


2019-07-03 22:38:28 - [MESSAGE][INFO] - There is no retail stores link 

2019-07-03 22:38:28 - [MESSAGE][FAILED] - else FAILED.
Reason:
com.kms.katalon.core.exception.StepFailedException: com.kms.katalon.core.webui.exception.WebElementNotFoundException: Web element with id: 'Object Repository/OCS-DESKTOP/Home - page/Retail stores link' located by 'By.xpath: //a[contains(text(),'Click here for locations')][count(. | //a[@href = 'https://www.agco.ca/sites/default/files/map/ONT_CN_ST_E.html']) = count(//a[@href = 'https://www.agco.ca/sites/default/files/map/ONT_CN_ST_E.html'])]' not found
	at com.kms.katalon.core.keyword.internal.KeywordMain.stepFailed(KeywordMain.groovy:32)
	at com.kms.katalon.core.webui.keyword.internal.WebUIKeywordMain.stepFailed(WebUIKeywordMain.groovy:65)
	at com.kms.katalon.core.webui.keyword.builtin.VerifyElementPresentKeyword$_verifyElementPresent_closure1.doCall(VerifyElementPresentKeyword.groovy:85)
	at com.kms.katalon.core.webui.keyword.builtin.VerifyElementPresentKeyword$_verifyElementPresent_closure1.call(VerifyElementPresentKeyword.groovy)
	at com.kms.katalon.core.webui.keyword.internal.WebUIKeywordMain.runKeyword(WebUIKeywordMain.groovy:21)
	at com.kms.katalon.core.webui.keyword.builtin.VerifyElementPresentKeyword.verifyElementPresent(VerifyElementPresentKeyword.groovy:92)
	at com.kms.katalon.core.webui.keyword.builtin.VerifyElementPresentKeyword.execute(VerifyElementPresentKeyword.groovy:68)
	at com.kms.katalon.core.keyword.internal.KeywordExecutor.executeKeywordForPlatform(KeywordExecutor.groovy:53)
	at com.kms.katalon.core.webui.keyword.WebUiBuiltInKeywords.verifyElementPresent(WebUiBuiltInKeywords.groovy:1418)
	at com.kms.katalon.core.webui.keyword.WebUiBuiltInKeywords$verifyElementPresent$20.call(Unknown Source)
	at Retail stores link.run(Retail stores link:20)
	at com.kms.katalon.core.main.ScriptEngine.run(ScriptEngine.java:194)
	at com.kms.katalon.core.main.ScriptEngine.runScriptAsRawText(ScriptEngine.java:119)
	at com.kms.katalon.core.main.TestCaseExecutor.runScript(TestCaseExecutor.java:328)
	at com.kms.katalon.core.main.TestCaseExecutor.doExecute(TestCaseExecutor.java:319)
	at com.kms.katalon.core.main.TestCaseExecutor.processExecutionPhase(TestCaseExecutor.java:298)
	at com.kms.katalon.core.main.TestCaseExecutor.accessMainPhase(TestCaseExecutor.java:290)
	at com.kms.katalon.core.main.TestCaseExecutor.execute(TestCaseExecutor.java:224)
	at com.kms.katalon.core.main.TestSuiteExecutor.accessTestCaseMainPhase(TestSuiteExecutor.java:129)
	at com.kms.katalon.core.main.TestSuiteExecutor.accessTestSuiteMainPhase(TestSuiteExecutor.java:112)
	at com.kms.katalon.core.main.TestSuiteExecutor.execute(TestSuiteExecutor.java:81)
	at com.kms.katalon.core.main.TestCaseMain.startTestSuite(TestCaseMain.java:149)
	at com.kms.katalon.core.main.TestCaseMain$startTestSuite$0.call(Unknown Source)
	at TempTestSuite1562205541804.run(TempTestSuite1562205541804.groovy:36)]]></system-out>
         <system-err><![CDATA[2019-07-03 22:37:08 - [TEST_CASE][FAILED] - Test Cases/OCS - DESKTOP/OCS- HOME PAGE/Retail stores link: Test Cases/OCS - DESKTOP/OCS- HOME PAGE/Retail stores link FAILED.
Reason:
com.kms.katalon.core.exception.StepFailedException: com.kms.katalon.core.webui.exception.WebElementNotFoundException: Web element with id: 'Object Repository/OCS-DESKTOP/Home - page/Retail stores link' located by 'By.xpath: //a[contains(text(),'Click here for locations')][count(. | //a[@href = 'https://www.agco.ca/sites/default/files/map/ONT_CN_ST_E.html']) = count(//a[@href = 'https://www.agco.ca/sites/default/files/map/ONT_CN_ST_E.html'])]' not found
	at com.kms.katalon.core.keyword.internal.KeywordMain.stepFailed(KeywordMain.groovy:32)
	at com.kms.katalon.core.webui.keyword.internal.WebUIKeywordMain.stepFailed(WebUIKeywordMain.groovy:65)
	at com.kms.katalon.core.webui.keyword.builtin.VerifyElementPresentKeyword$_verifyElementPresent_closure1.doCall(VerifyElementPresentKeyword.groovy:85)
	at com.kms.katalon.core.webui.keyword.builtin.VerifyElementPresentKeyword$_verifyElementPresent_closure1.call(VerifyElementPresentKeyword.groovy)
	at com.kms.katalon.core.webui.keyword.internal.WebUIKeywordMain.runKeyword(WebUIKeywordMain.groovy:21)
	at com.kms.katalon.core.webui.keyword.builtin.VerifyElementPresentKeyword.verifyElementPresent(VerifyElementPresentKeyword.groovy:92)
	at com.kms.katalon.core.webui.keyword.builtin.VerifyElementPresentKeyword.execute(VerifyElementPresentKeyword.groovy:68)
	at com.kms.katalon.core.keyword.internal.KeywordExecutor.executeKeywordForPlatform(KeywordExecutor.groovy:53)
	at com.kms.katalon.core.webui.keyword.WebUiBuiltInKeywords.verifyElementPresent(WebUiBuiltInKeywords.groovy:1418)
	at com.kms.katalon.core.webui.keyword.WebUiBuiltInKeywords$verifyElementPresent$20.call(Unknown Source)
	at Retail stores link.run(Retail stores link:20)
	at com.kms.katalon.core.main.ScriptEngine.run(ScriptEngine.java:194)
	at com.kms.katalon.core.main.ScriptEngine.runScriptAsRawText(ScriptEngine.java:119)
	at com.kms.katalon.core.main.TestCaseExecutor.runScript(TestCaseExecutor.java:328)
	at com.kms.katalon.core.main.TestCaseExecutor.doExecute(TestCaseExecutor.java:319)
	at com.kms.katalon.core.main.TestCaseExecutor.processExecutionPhase(TestCaseExecutor.java:298)
	at com.kms.katalon.core.main.TestCaseExecutor.accessMainPhase(TestCaseExecutor.java:290)
	at com.kms.katalon.core.main.TestCaseExecutor.execute(TestCaseExecutor.java:224)
	at com.kms.katalon.core.main.TestSuiteExecutor.accessTestCaseMainPhase(TestSuiteExecutor.java:129)
	at com.kms.katalon.core.main.TestSuiteExecutor.accessTestSuiteMainPhase(TestSuiteExecutor.java:112)
	at com.kms.katalon.core.main.TestSuiteExecutor.execute(TestSuiteExecutor.java:81)
	at com.kms.katalon.core.main.TestCaseMain.startTestSuite(TestCaseMain.java:149)
	at com.kms.katalon.core.main.TestCaseMain$startTestSuite$0.call(Unknown Source)
	at TempTestSuite1562205541804.run(TempTestSuite1562205541804.groovy:36)]]></system-err>
      </testcase>
      <testcase name="Test Cases/OCS - DESKTOP/OCS- HOME PAGE/Screen reader link" classname="Test Cases/OCS - DESKTOP/OCS- HOME PAGE/Screen reader link" status="FAILED">
         <failure type="FAILED" message="Test Cases/OCS - DESKTOP/OCS- HOME PAGE/Screen reader link FAILED.
Reason:
com.kms.katalon.core.exception.StepFailedException: Unable to click on object 'Object Repository/OCS-DESKTOP/Home - page/Screen readers link' (Root cause: com.kms.katalon.core.webui.exception.WebElementNotFoundException: Web element with id: 'Object Repository/OCS-DESKTOP/Home - page/Screen readers link' located by 'By.xpath: //a[contains(text(),'Customers with difficulties using screen readers')]' not found)
	at com.kms.katalon.core.keyword.internal.KeywordMain.stepFailed(KeywordMain.groovy:36)
	at com.kms.katalon.core.webui.keyword.internal.WebUIKeywordMain.stepFailed(WebUIKeywordMain.groovy:65)
	at com.kms.katalon.core.webui.keyword.internal.WebUIKeywordMain.runKeyword(WebUIKeywordMain.groovy:27)
	at com.kms.katalon.core.webui.keyword.builtin.ClickKeyword.click(ClickKeyword.groovy:86)
	at com.kms.katalon.core.webui.keyword.builtin.ClickKeyword.execute(ClickKeyword.groovy:67)
	at com.kms.katalon.core.keyword.internal.KeywordExecutor.executeKeywordForPlatform(KeywordExecutor.groovy:53)
	at com.kms.katalon.core.webui.keyword.WebUiBuiltInKeywords.click(WebUiBuiltInKeywords.groovy:616)
	at com.kms.katalon.core.webui.keyword.WebUiBuiltInKeywords$click$4.call(Unknown Source)
	at Screen reader link.run(Screen reader link:20)
	at com.kms.katalon.core.main.ScriptEngine.run(ScriptEngine.java:194)
	at com.kms.katalon.core.main.ScriptEngine.runScriptAsRawText(ScriptEngine.java:119)
	at com.kms.katalon.core.main.TestCaseExecutor.runScript(TestCaseExecutor.java:328)
	at com.kms.katalon.core.main.TestCaseExecutor.doExecute(TestCaseExecutor.java:319)
	at com.kms.katalon.core.main.TestCaseExecutor.processExecutionPhase(TestCaseExecutor.java:298)
	at com.kms.katalon.core.main.TestCaseExecutor.accessMainPhase(TestCaseExecutor.java:290)
	at com.kms.katalon.core.main.TestCaseExecutor.execute(TestCaseExecutor.java:224)
	at com.kms.katalon.core.main.TestSuiteExecutor.accessTestCaseMainPhase(TestSuiteExecutor.java:129)
	at com.kms.katalon.core.main.TestSuiteExecutor.accessTestSuiteMainPhase(TestSuiteExecutor.java:112)
	at com.kms.katalon.core.main.TestSuiteExecutor.execute(TestSuiteExecutor.java:81)
	at com.kms.katalon.core.main.TestCaseMain.startTestSuite(TestCaseMain.java:149)
	at com.kms.katalon.core.main.TestCaseMain$startTestSuite$0.call(Unknown Source)
	at TempTestSuite1562205541804.run(TempTestSuite1562205541804.groovy:36)
"/>
         <system-out><![CDATA[2019-07-03 22:38:28 - [TEST_CASE][FAILED] - Test Cases/OCS - DESKTOP/OCS- HOME PAGE/Screen reader link: Test Cases/OCS - DESKTOP/OCS- HOME PAGE/Screen reader link FAILED.
Reason:
com.kms.katalon.core.exception.StepFailedException: Unable to click on object 'Object Repository/OCS-DESKTOP/Home - page/Screen readers link' (Root cause: com.kms.katalon.core.webui.exception.WebElementNotFoundException: Web element with id: 'Object Repository/OCS-DESKTOP/Home - page/Screen readers link' located by 'By.xpath: //a[contains(text(),'Customers with difficulties using screen readers')]' not found)
	at com.kms.katalon.core.keyword.internal.KeywordMain.stepFailed(KeywordMain.groovy:36)
	at com.kms.katalon.core.webui.keyword.internal.WebUIKeywordMain.stepFailed(WebUIKeywordMain.groovy:65)
	at com.kms.katalon.core.webui.keyword.internal.WebUIKeywordMain.runKeyword(WebUIKeywordMain.groovy:27)
	at com.kms.katalon.core.webui.keyword.builtin.ClickKeyword.click(ClickKeyword.groovy:86)
	at com.kms.katalon.core.webui.keyword.builtin.ClickKeyword.execute(ClickKeyword.groovy:67)
	at com.kms.katalon.core.keyword.internal.KeywordExecutor.executeKeywordForPlatform(KeywordExecutor.groovy:53)
	at com.kms.katalon.core.webui.keyword.WebUiBuiltInKeywords.click(WebUiBuiltInKeywords.groovy:616)
	at com.kms.katalon.core.webui.keyword.WebUiBuiltInKeywords$click$4.call(Unknown Source)
	at Screen reader link.run(Screen reader link:20)
	at com.kms.katalon.core.main.ScriptEngine.run(ScriptEngine.java:194)
	at com.kms.katalon.core.main.ScriptEngine.runScriptAsRawText(ScriptEngine.java:119)
	at com.kms.katalon.core.main.TestCaseExecutor.runScript(TestCaseExecutor.java:328)
	at com.kms.katalon.core.main.TestCaseExecutor.doExecute(TestCaseExecutor.java:319)
	at com.kms.katalon.core.main.TestCaseExecutor.processExecutionPhase(TestCaseExecutor.java:298)
	at com.kms.katalon.core.main.TestCaseExecutor.accessMainPhase(TestCaseExecutor.java:290)
	at com.kms.katalon.core.main.TestCaseExecutor.execute(TestCaseExecutor.java:224)
	at com.kms.katalon.core.main.TestSuiteExecutor.accessTestCaseMainPhase(TestSuiteExecutor.java:129)
	at com.kms.katalon.core.main.TestSuiteExecutor.accessTestSuiteMainPhase(TestSuiteExecutor.java:112)
	at com.kms.katalon.core.main.TestSuiteExecutor.execute(TestSuiteExecutor.java:81)
	at com.kms.katalon.core.main.TestCaseMain.startTestSuite(TestCaseMain.java:149)
	at com.kms.katalon.core.main.TestCaseMain$startTestSuite$0.call(Unknown Source)
	at TempTestSuite1562205541804.run(TempTestSuite1562205541804.groovy:36)


2019-07-03 22:38:28 - [TEST_STEP][PASSED] - callTestCase(findTestCase("OCS - DESKTOP/CALL- Age gate"), [:], STOP_ON_FAILURE): Call Test Case 'Test Cases/OCS - DESKTOP/CALL- Age gate' successfully

2019-07-03 22:38:28 - [TEST_CASE][PASSED] - Test Cases/OCS - DESKTOP/CALL- Age gate: Test Cases/OCS - DESKTOP/CALL- Age gate

2019-07-03 22:38:28 - [TEST_STEP][PASSED] - openBrowser(""): Browser is opened with url: ''

2019-07-03 22:38:28 - [MESSAGE][WARNING] - A browser is already opened. Closing browser and opening a new one

2019-07-03 22:38:48 - [MESSAGE][INFO] - Starting 'Firefox' driver

2019-07-03 22:38:50 - [MESSAGE][PASSED] - Browser is opened with url: ''

2019-07-03 22:38:50 - [TEST_STEP][PASSED] - navigateToUrl("https://ocs.ca/?fts=0&preview_theme_id=74203891532"): Navigate to 'https://ocs.ca/?fts=0&preview_theme_id=74203891532' successfully

2019-07-03 22:38:58 - [MESSAGE][PASSED] - Navigate to 'https://ocs.ca/?fts=0&preview_theme_id=74203891532' successfully

2019-07-03 22:38:58 - [TEST_STEP][PASSED] - maximizeWindow(): Current window maximized

2019-07-03 22:38:58 - [MESSAGE][PASSED] - Current window maximized

2019-07-03 22:38:58 - [TEST_STEP][PASSED] - delay(2): Delayed 2 second(s)

2019-07-03 22:39:00 - [MESSAGE][PASSED] - Delayed 2 second(s)

2019-07-03 22:39:00 - [TEST_STEP][PASSED] - executeJavaScript("var previewBar = document.getElementById("preview-bar-iframe"); previewBar.style.display = "none";", []): Execute JavaScript 'var previewBar = document.getElementById("preview-bar-iframe"); previewBar.style.display = "none";' successfully

2019-07-03 22:39:00 - [MESSAGE][PASSED] - Execute JavaScript 'var previewBar = document.getElementById("preview-bar-iframe"); previewBar.style.display = "none";' successfully

2019-07-03 22:39:00 - [TEST_STEP][PASSED] - selectOptionByValue(findTestObject("OCS-DESKTOP/Age gate and Mega menu/Date"), "12", true): All options with value '12' are selected in object 'Object Repository/OCS-DESKTOP/Age gate and Mega menu/Date'  using regular expression

2019-07-03 22:39:01 - [MESSAGE][PASSED] - All options with value '12' are selected in object 'Object Repository/OCS-DESKTOP/Age gate and Mega menu/Date'  using regular expression

2019-07-03 22:39:01 - [TEST_STEP][PASSED] - selectOptionByValue(findTestObject("OCS-DESKTOP/Age gate and Mega menu/month"), "6", true): All options with value '6' are selected in object 'Object Repository/OCS-DESKTOP/Age gate and Mega menu/month'  using regular expression

2019-07-03 22:39:02 - [MESSAGE][PASSED] - All options with value '6' are selected in object 'Object Repository/OCS-DESKTOP/Age gate and Mega menu/month'  using regular expression

2019-07-03 22:39:02 - [TEST_STEP][PASSED] - delay(2): Delayed 2 second(s)

2019-07-03 22:39:04 - [MESSAGE][PASSED] - Delayed 2 second(s)

2019-07-03 22:39:04 - [TEST_STEP][PASSED] - selectOptionByValue(findTestObject("OCS-DESKTOP/Age gate and Mega menu/Year Dropdown"), "1990", true): All options with value '1990' are selected in object 'Object Repository/OCS-DESKTOP/Age gate and Mega menu/Year Dropdown'  using regular expression

2019-07-03 22:39:05 - [MESSAGE][PASSED] - All options with value '1990' are selected in object 'Object Repository/OCS-DESKTOP/Age gate and Mega menu/Year Dropdown'  using regular expression

2019-07-03 22:39:05 - [TEST_STEP][PASSED] - click(findTestObject("OCS-DESKTOP/Age gate and Mega menu/button_Verify")): Object: 'Object Repository/OCS-DESKTOP/Age gate and Mega menu/button_Verify' is clicked on

2019-07-03 22:39:05 - [MESSAGE][PASSED] - Object: 'Object Repository/OCS-DESKTOP/Age gate and Mega menu/button_Verify' is clicked on

2019-07-03 22:39:05 - [TEST_STEP][PASSED] - click(findTestObject("OCS-DESKTOP/Age gate and Mega menu/Checkbox_CONFIRM AND ACKNOWLEDGE")): Object: 'Object Repository/OCS-DESKTOP/Age gate and Mega menu/Checkbox_CONFIRM AND ACKNOWLEDGE' is clicked on

2019-07-03 22:39:06 - [MESSAGE][PASSED] - Object: 'Object Repository/OCS-DESKTOP/Age gate and Mega menu/Checkbox_CONFIRM AND ACKNOWLEDGE' is clicked on

2019-07-03 22:39:06 - [TEST_STEP][PASSED] - click(findTestObject("OCS-DESKTOP/Age gate and Mega menu/button_CONFIRM")): Object: 'Object Repository/OCS-DESKTOP/Age gate and Mega menu/button_CONFIRM' is clicked on

2019-07-03 22:39:06 - [MESSAGE][PASSED] - Object: 'Object Repository/OCS-DESKTOP/Age gate and Mega menu/button_CONFIRM' is clicked on

2019-07-03 22:39:06 - [TEST_STEP][PASSED] - click(findTestObject("OCS-DESKTOP/Age gate and Mega menu/button_Start Browsing")): Object: 'Object Repository/OCS-DESKTOP/Age gate and Mega menu/button_Start Browsing' is clicked on

2019-07-03 22:39:06 - [MESSAGE][PASSED] - Object: 'Object Repository/OCS-DESKTOP/Age gate and Mega menu/button_Start Browsing' is clicked on

2019-07-03 22:39:06 - [TEST_STEP][PASSED] - delay(2): Delayed 2 second(s)

2019-07-03 22:39:08 - [MESSAGE][PASSED] - Delayed 2 second(s)

2019-07-03 22:39:08 - [TEST_STEP][PASSED] - refresh(): Refresh successfully

2019-07-03 22:39:11 - [MESSAGE][PASSED] - Refresh successfully

2019-07-03 22:39:11 - [MESSAGE][PASSED] - Call Test Case 'Test Cases/OCS - DESKTOP/CALL- Age gate' successfully

2019-07-03 22:39:11 - [TEST_STEP][PASSED] - delay(2): Delayed 2 second(s)

2019-07-03 22:39:13 - [MESSAGE][PASSED] - Delayed 2 second(s)

2019-07-03 22:39:13 - [TEST_STEP][FAILED] - click(findTestObject("OCS-DESKTOP/Home - page/Screen readers link")): click(findTestObject("OCS-DESKTOP/Home - page/Screen readers link")) FAILED.
Reason:
com.kms.katalon.core.exception.StepFailedException: Unable to click on object 'Object Repository/OCS-DESKTOP/Home - page/Screen readers link' (Root cause: com.kms.katalon.core.webui.exception.WebElementNotFoundException: Web element with id: 'Object Repository/OCS-DESKTOP/Home - page/Screen readers link' located by 'By.xpath: //a[contains(text(),'Customers with difficulties using screen readers')]' not found)
	at com.kms.katalon.core.keyword.internal.KeywordMain.stepFailed(KeywordMain.groovy:36)
	at com.kms.katalon.core.webui.keyword.internal.WebUIKeywordMain.stepFailed(WebUIKeywordMain.groovy:65)
	at com.kms.katalon.core.webui.keyword.internal.WebUIKeywordMain.runKeyword(WebUIKeywordMain.groovy:27)
	at com.kms.katalon.core.webui.keyword.builtin.ClickKeyword.click(ClickKeyword.groovy:86)
	at com.kms.katalon.core.webui.keyword.builtin.ClickKeyword.execute(ClickKeyword.groovy:67)
	at com.kms.katalon.core.keyword.internal.KeywordExecutor.executeKeywordForPlatform(KeywordExecutor.groovy:53)
	at com.kms.katalon.core.webui.keyword.WebUiBuiltInKeywords.click(WebUiBuiltInKeywords.groovy:616)
	at com.kms.katalon.core.webui.keyword.WebUiBuiltInKeywords$click$4.call(Unknown Source)
	at Screen reader link.run(Screen reader link:20)
	at com.kms.katalon.core.main.ScriptEngine.run(ScriptEngine.java:194)
	at com.kms.katalon.core.main.ScriptEngine.runScriptAsRawText(ScriptEngine.java:119)
	at com.kms.katalon.core.main.TestCaseExecutor.runScript(TestCaseExecutor.java:328)
	at com.kms.katalon.core.main.TestCaseExecutor.doExecute(TestCaseExecutor.java:319)
	at com.kms.katalon.core.main.TestCaseExecutor.processExecutionPhase(TestCaseExecutor.java:298)
	at com.kms.katalon.core.main.TestCaseExecutor.accessMainPhase(TestCaseExecutor.java:290)
	at com.kms.katalon.core.main.TestCaseExecutor.execute(TestCaseExecutor.java:224)
	at com.kms.katalon.core.main.TestSuiteExecutor.accessTestCaseMainPhase(TestSuiteExecutor.java:129)
	at com.kms.katalon.core.main.TestSuiteExecutor.accessTestSuiteMainPhase(TestSuiteExecutor.java:112)
	at com.kms.katalon.core.main.TestSuiteExecutor.execute(TestSuiteExecutor.java:81)
	at com.kms.katalon.core.main.TestCaseMain.startTestSuite(TestCaseMain.java:149)
	at com.kms.katalon.core.main.TestCaseMain$startTestSuite$0.call(Unknown Source)
	at TempTestSuite1562205541804.run(TempTestSuite1562205541804.groovy:36)


2019-07-03 22:39:44 - [MESSAGE][INFO] - Unable to find the element located by 'By.xpath: //a[contains(text(),'Customers with difficulties using screen readers')]'. Please recheck the objects properties to make sure the desired element is located. 

2019-07-03 22:39:45 - [MESSAGE][FAILED] - Unable to click on object 'Object Repository/OCS-DESKTOP/Home - page/Screen readers link' (Root cause: com.kms.katalon.core.webui.exception.WebElementNotFoundException: Web element with id: 'Object Repository/OCS-DESKTOP/Home - page/Screen readers link' located by 'By.xpath: //a[contains(text(),'Customers with difficulties using screen readers')]' not found)
[[ATTACHMENT|/Users/sumankompelly/Relative xpath-Desktop/Reports/1.11.2/20190703_215901/1562207984536.png]]

2019-07-03 22:39:45 - [MESSAGE][FAILED] - click(findTestObject("OCS-DESKTOP/Home - page/Screen readers link")) FAILED.
Reason:
com.kms.katalon.core.exception.StepFailedException: Unable to click on object 'Object Repository/OCS-DESKTOP/Home - page/Screen readers link' (Root cause: com.kms.katalon.core.webui.exception.WebElementNotFoundException: Web element with id: 'Object Repository/OCS-DESKTOP/Home - page/Screen readers link' located by 'By.xpath: //a[contains(text(),'Customers with difficulties using screen readers')]' not found)
	at com.kms.katalon.core.keyword.internal.KeywordMain.stepFailed(KeywordMain.groovy:36)
	at com.kms.katalon.core.webui.keyword.internal.WebUIKeywordMain.stepFailed(WebUIKeywordMain.groovy:65)
	at com.kms.katalon.core.webui.keyword.internal.WebUIKeywordMain.runKeyword(WebUIKeywordMain.groovy:27)
	at com.kms.katalon.core.webui.keyword.builtin.ClickKeyword.click(ClickKeyword.groovy:86)
	at com.kms.katalon.core.webui.keyword.builtin.ClickKeyword.execute(ClickKeyword.groovy:67)
	at com.kms.katalon.core.keyword.internal.KeywordExecutor.executeKeywordForPlatform(KeywordExecutor.groovy:53)
	at com.kms.katalon.core.webui.keyword.WebUiBuiltInKeywords.click(WebUiBuiltInKeywords.groovy:616)
	at com.kms.katalon.core.webui.keyword.WebUiBuiltInKeywords$click$4.call(Unknown Source)
	at Screen reader link.run(Screen reader link:20)
	at com.kms.katalon.core.main.ScriptEngine.run(ScriptEngine.java:194)
	at com.kms.katalon.core.main.ScriptEngine.runScriptAsRawText(ScriptEngine.java:119)
	at com.kms.katalon.core.main.TestCaseExecutor.runScript(TestCaseExecutor.java:328)
	at com.kms.katalon.core.main.TestCaseExecutor.doExecute(TestCaseExecutor.java:319)
	at com.kms.katalon.core.main.TestCaseExecutor.processExecutionPhase(TestCaseExecutor.java:298)
	at com.kms.katalon.core.main.TestCaseExecutor.accessMainPhase(TestCaseExecutor.java:290)
	at com.kms.katalon.core.main.TestCaseExecutor.execute(TestCaseExecutor.java:224)
	at com.kms.katalon.core.main.TestSuiteExecutor.accessTestCaseMainPhase(TestSuiteExecutor.java:129)
	at com.kms.katalon.core.main.TestSuiteExecutor.accessTestSuiteMainPhase(TestSuiteExecutor.java:112)
	at com.kms.katalon.core.main.TestSuiteExecutor.execute(TestSuiteExecutor.java:81)
	at com.kms.katalon.core.main.TestCaseMain.startTestSuite(TestCaseMain.java:149)
	at com.kms.katalon.core.main.TestCaseMain$startTestSuite$0.call(Unknown Source)
	at TempTestSuite1562205541804.run(TempTestSuite1562205541804.groovy:36)]]></system-out>
         <system-err><![CDATA[2019-07-03 22:38:28 - [TEST_CASE][FAILED] - Test Cases/OCS - DESKTOP/OCS- HOME PAGE/Screen reader link: Test Cases/OCS - DESKTOP/OCS- HOME PAGE/Screen reader link FAILED.
Reason:
com.kms.katalon.core.exception.StepFailedException: Unable to click on object 'Object Repository/OCS-DESKTOP/Home - page/Screen readers link' (Root cause: com.kms.katalon.core.webui.exception.WebElementNotFoundException: Web element with id: 'Object Repository/OCS-DESKTOP/Home - page/Screen readers link' located by 'By.xpath: //a[contains(text(),'Customers with difficulties using screen readers')]' not found)
	at com.kms.katalon.core.keyword.internal.KeywordMain.stepFailed(KeywordMain.groovy:36)
	at com.kms.katalon.core.webui.keyword.internal.WebUIKeywordMain.stepFailed(WebUIKeywordMain.groovy:65)
	at com.kms.katalon.core.webui.keyword.internal.WebUIKeywordMain.runKeyword(WebUIKeywordMain.groovy:27)
	at com.kms.katalon.core.webui.keyword.builtin.ClickKeyword.click(ClickKeyword.groovy:86)
	at com.kms.katalon.core.webui.keyword.builtin.ClickKeyword.execute(ClickKeyword.groovy:67)
	at com.kms.katalon.core.keyword.internal.KeywordExecutor.executeKeywordForPlatform(KeywordExecutor.groovy:53)
	at com.kms.katalon.core.webui.keyword.WebUiBuiltInKeywords.click(WebUiBuiltInKeywords.groovy:616)
	at com.kms.katalon.core.webui.keyword.WebUiBuiltInKeywords$click$4.call(Unknown Source)
	at Screen reader link.run(Screen reader link:20)
	at com.kms.katalon.core.main.ScriptEngine.run(ScriptEngine.java:194)
	at com.kms.katalon.core.main.ScriptEngine.runScriptAsRawText(ScriptEngine.java:119)
	at com.kms.katalon.core.main.TestCaseExecutor.runScript(TestCaseExecutor.java:328)
	at com.kms.katalon.core.main.TestCaseExecutor.doExecute(TestCaseExecutor.java:319)
	at com.kms.katalon.core.main.TestCaseExecutor.processExecutionPhase(TestCaseExecutor.java:298)
	at com.kms.katalon.core.main.TestCaseExecutor.accessMainPhase(TestCaseExecutor.java:290)
	at com.kms.katalon.core.main.TestCaseExecutor.execute(TestCaseExecutor.java:224)
	at com.kms.katalon.core.main.TestSuiteExecutor.accessTestCaseMainPhase(TestSuiteExecutor.java:129)
	at com.kms.katalon.core.main.TestSuiteExecutor.accessTestSuiteMainPhase(TestSuiteExecutor.java:112)
	at com.kms.katalon.core.main.TestSuiteExecutor.execute(TestSuiteExecutor.java:81)
	at com.kms.katalon.core.main.TestCaseMain.startTestSuite(TestCaseMain.java:149)
	at com.kms.katalon.core.main.TestCaseMain$startTestSuite$0.call(Unknown Source)
	at TempTestSuite1562205541804.run(TempTestSuite1562205541804.groovy:36)]]></system-err>
      </testcase>
      <testcase name="Test Cases/OCS - DESKTOP/OCS- HOME PAGE/HP-Burger menu -cannabis" classname="Test Cases/OCS - DESKTOP/OCS- HOME PAGE/HP-Burger menu -cannabis" status="FAILED">
         <failure type="FAILED" message="Test Cases/OCS - DESKTOP/OCS- HOME PAGE/HP-Burger menu -cannabis FAILED.
Reason:
com.kms.katalon.core.exception.StepFailedException: Unable to click on object 'Object Repository/OCS-DESKTOP/Cannabis page/Collections- New products' (Root cause: org.openqa.selenium.ElementNotInteractableException: Element &lt;span> could not be scrolled into view
Build info: version: '3.7.1', revision: '8a0099a', time: '2017-11-06T21:07:36.161Z'
System info: host: 'sumans-MacBook-Pro.local', ip: 'fe80:0:0:0:10b5:ab76:5e8b:ef36%en0', os.name: 'Mac OS X', os.arch: 'x86_64', os.version: '10.13.6', java.version: '1.8.0_181'
Driver info: com.kms.katalon.core.webui.driver.firefox.CGeckoDriver
Capabilities {acceptInsecureCerts: true, browserName: firefox, browserVersion: 67.0.4, javascriptEnabled: true, moz:accessibilityChecks: false, moz:buildID: 20190619235627, moz:geckodriverVersion: 0.23.0, moz:headless: false, moz:processID: 759, moz:profile: /var/folders/1t/c55l8xzs6gq..., moz:shutdownTimeout: 60000, moz:useNonSpecCompliantPointerOrigin: false, moz:webdriverClick: true, pageLoadStrategy: normal, platform: MAC, platformName: MAC, platformVersion: 17.7.0, proxy: Proxy(direct), rotatable: false, setWindowRect: true, strictFileInteractability: false, timeouts: {implicit: 0, pageLoad: 300000, script: 30000}, unhandledPromptBehavior: dismiss and notify}
Session ID: f13d71a5-24b4-c54d-b983-31cd6a013280)
	at com.kms.katalon.core.keyword.internal.KeywordMain.stepFailed(KeywordMain.groovy:36)
	at com.kms.katalon.core.webui.keyword.internal.WebUIKeywordMain.stepFailed(WebUIKeywordMain.groovy:65)
	at com.kms.katalon.core.webui.keyword.internal.WebUIKeywordMain.runKeyword(WebUIKeywordMain.groovy:27)
	at com.kms.katalon.core.webui.keyword.builtin.ClickKeyword.click(ClickKeyword.groovy:86)
	at com.kms.katalon.core.webui.keyword.builtin.ClickKeyword.execute(ClickKeyword.groovy:67)
	at com.kms.katalon.core.keyword.internal.KeywordExecutor.executeKeywordForPlatform(KeywordExecutor.groovy:53)
	at com.kms.katalon.core.webui.keyword.WebUiBuiltInKeywords.click(WebUiBuiltInKeywords.groovy:616)
	at com.kms.katalon.core.webui.keyword.WebUiBuiltInKeywords$click$4.call(Unknown Source)
	at HP-Burger menu -cannabis.run(HP-Burger menu -cannabis:238)
	at com.kms.katalon.core.main.ScriptEngine.run(ScriptEngine.java:194)
	at com.kms.katalon.core.main.ScriptEngine.runScriptAsRawText(ScriptEngine.java:119)
	at com.kms.katalon.core.main.TestCaseExecutor.runScript(TestCaseExecutor.java:328)
	at com.kms.katalon.core.main.TestCaseExecutor.doExecute(TestCaseExecutor.java:319)
	at com.kms.katalon.core.main.TestCaseExecutor.processExecutionPhase(TestCaseExecutor.java:298)
	at com.kms.katalon.core.main.TestCaseExecutor.accessMainPhase(TestCaseExecutor.java:290)
	at com.kms.katalon.core.main.TestCaseExecutor.execute(TestCaseExecutor.java:224)
	at com.kms.katalon.core.main.TestSuiteExecutor.accessTestCaseMainPhase(TestSuiteExecutor.java:129)
	at com.kms.katalon.core.main.TestSuiteExecutor.accessTestSuiteMainPhase(TestSuiteExecutor.java:112)
	at com.kms.katalon.core.main.TestSuiteExecutor.execute(TestSuiteExecutor.java:81)
	at com.kms.katalon.core.main.TestCaseMain.startTestSuite(TestCaseMain.java:149)
	at com.kms.katalon.core.main.TestCaseMain$startTestSuite$0.call(Unknown Source)
	at TempTestSuite1562205541804.run(TempTestSuite1562205541804.groovy:36)
"/>
         <system-out><![CDATA[2019-07-03 22:39:45 - [TEST_CASE][FAILED] - Test Cases/OCS - DESKTOP/OCS- HOME PAGE/HP-Burger menu -cannabis: Test Cases/OCS - DESKTOP/OCS- HOME PAGE/HP-Burger menu -cannabis FAILED.
Reason:
com.kms.katalon.core.exception.StepFailedException: Unable to click on object 'Object Repository/OCS-DESKTOP/Cannabis page/Collections- New products' (Root cause: org.openqa.selenium.ElementNotInteractableException: Element <span> could not be scrolled into view
Build info: version: '3.7.1', revision: '8a0099a', time: '2017-11-06T21:07:36.161Z'
System info: host: 'sumans-MacBook-Pro.local', ip: 'fe80:0:0:0:10b5:ab76:5e8b:ef36%en0', os.name: 'Mac OS X', os.arch: 'x86_64', os.version: '10.13.6', java.version: '1.8.0_181'
Driver info: com.kms.katalon.core.webui.driver.firefox.CGeckoDriver
Capabilities {acceptInsecureCerts: true, browserName: firefox, browserVersion: 67.0.4, javascriptEnabled: true, moz:accessibilityChecks: false, moz:buildID: 20190619235627, moz:geckodriverVersion: 0.23.0, moz:headless: false, moz:processID: 759, moz:profile: /var/folders/1t/c55l8xzs6gq..., moz:shutdownTimeout: 60000, moz:useNonSpecCompliantPointerOrigin: false, moz:webdriverClick: true, pageLoadStrategy: normal, platform: MAC, platformName: MAC, platformVersion: 17.7.0, proxy: Proxy(direct), rotatable: false, setWindowRect: true, strictFileInteractability: false, timeouts: {implicit: 0, pageLoad: 300000, script: 30000}, unhandledPromptBehavior: dismiss and notify}
Session ID: f13d71a5-24b4-c54d-b983-31cd6a013280)
	at com.kms.katalon.core.keyword.internal.KeywordMain.stepFailed(KeywordMain.groovy:36)
	at com.kms.katalon.core.webui.keyword.internal.WebUIKeywordMain.stepFailed(WebUIKeywordMain.groovy:65)
	at com.kms.katalon.core.webui.keyword.internal.WebUIKeywordMain.runKeyword(WebUIKeywordMain.groovy:27)
	at com.kms.katalon.core.webui.keyword.builtin.ClickKeyword.click(ClickKeyword.groovy:86)
	at com.kms.katalon.core.webui.keyword.builtin.ClickKeyword.execute(ClickKeyword.groovy:67)
	at com.kms.katalon.core.keyword.internal.KeywordExecutor.executeKeywordForPlatform(KeywordExecutor.groovy:53)
	at com.kms.katalon.core.webui.keyword.WebUiBuiltInKeywords.click(WebUiBuiltInKeywords.groovy:616)
	at com.kms.katalon.core.webui.keyword.WebUiBuiltInKeywords$click$4.call(Unknown Source)
	at HP-Burger menu -cannabis.run(HP-Burger menu -cannabis:238)
	at com.kms.katalon.core.main.ScriptEngine.run(ScriptEngine.java:194)
	at com.kms.katalon.core.main.ScriptEngine.runScriptAsRawText(ScriptEngine.java:119)
	at com.kms.katalon.core.main.TestCaseExecutor.runScript(TestCaseExecutor.java:328)
	at com.kms.katalon.core.main.TestCaseExecutor.doExecute(TestCaseExecutor.java:319)
	at com.kms.katalon.core.main.TestCaseExecutor.processExecutionPhase(TestCaseExecutor.java:298)
	at com.kms.katalon.core.main.TestCaseExecutor.accessMainPhase(TestCaseExecutor.java:290)
	at com.kms.katalon.core.main.TestCaseExecutor.execute(TestCaseExecutor.java:224)
	at com.kms.katalon.core.main.TestSuiteExecutor.accessTestCaseMainPhase(TestSuiteExecutor.java:129)
	at com.kms.katalon.core.main.TestSuiteExecutor.accessTestSuiteMainPhase(TestSuiteExecutor.java:112)
	at com.kms.katalon.core.main.TestSuiteExecutor.execute(TestSuiteExecutor.java:81)
	at com.kms.katalon.core.main.TestCaseMain.startTestSuite(TestCaseMain.java:149)
	at com.kms.katalon.core.main.TestCaseMain$startTestSuite$0.call(Unknown Source)
	at TempTestSuite1562205541804.run(TempTestSuite1562205541804.groovy:36)


2019-07-03 22:39:46 - [TEST_STEP][PASSED] - callTestCase(findTestCase("OCS - DESKTOP/CALL- Age gate"), [:], STOP_ON_FAILURE): Call Test Case 'Test Cases/OCS - DESKTOP/CALL- Age gate' successfully

2019-07-03 22:39:46 - [TEST_CASE][PASSED] - Test Cases/OCS - DESKTOP/CALL- Age gate: Test Cases/OCS - DESKTOP/CALL- Age gate

2019-07-03 22:39:46 - [TEST_STEP][PASSED] - openBrowser(""): Browser is opened with url: ''

2019-07-03 22:39:46 - [MESSAGE][WARNING] - A browser is already opened. Closing browser and opening a new one

2019-07-03 22:39:46 - [MESSAGE][INFO] - Starting 'Firefox' driver

2019-07-03 22:39:48 - [MESSAGE][PASSED] - Browser is opened with url: ''

2019-07-03 22:39:48 - [TEST_STEP][PASSED] - navigateToUrl("https://ocs.ca/?fts=0&preview_theme_id=74203891532"): Navigate to 'https://ocs.ca/?fts=0&preview_theme_id=74203891532' successfully

2019-07-03 22:39:56 - [MESSAGE][PASSED] - Navigate to 'https://ocs.ca/?fts=0&preview_theme_id=74203891532' successfully

2019-07-03 22:39:56 - [TEST_STEP][PASSED] - maximizeWindow(): Current window maximized

2019-07-03 22:39:56 - [MESSAGE][PASSED] - Current window maximized

2019-07-03 22:39:56 - [TEST_STEP][PASSED] - delay(2): Delayed 2 second(s)

2019-07-03 22:39:58 - [MESSAGE][PASSED] - Delayed 2 second(s)

2019-07-03 22:39:58 - [TEST_STEP][PASSED] - executeJavaScript("var previewBar = document.getElementById("preview-bar-iframe"); previewBar.style.display = "none";", []): Execute JavaScript 'var previewBar = document.getElementById("preview-bar-iframe"); previewBar.style.display = "none";' successfully

2019-07-03 22:39:58 - [MESSAGE][PASSED] - Execute JavaScript 'var previewBar = document.getElementById("preview-bar-iframe"); previewBar.style.display = "none";' successfully

2019-07-03 22:39:58 - [TEST_STEP][PASSED] - selectOptionByValue(findTestObject("OCS-DESKTOP/Age gate and Mega menu/Date"), "12", true): All options with value '12' are selected in object 'Object Repository/OCS-DESKTOP/Age gate and Mega menu/Date'  using regular expression

2019-07-03 22:39:59 - [MESSAGE][PASSED] - All options with value '12' are selected in object 'Object Repository/OCS-DESKTOP/Age gate and Mega menu/Date'  using regular expression

2019-07-03 22:39:59 - [TEST_STEP][PASSED] - selectOptionByValue(findTestObject("OCS-DESKTOP/Age gate and Mega menu/month"), "6", true): All options with value '6' are selected in object 'Object Repository/OCS-DESKTOP/Age gate and Mega menu/month'  using regular expression

2019-07-03 22:39:59 - [MESSAGE][PASSED] - All options with value '6' are selected in object 'Object Repository/OCS-DESKTOP/Age gate and Mega menu/month'  using regular expression

2019-07-03 22:39:59 - [TEST_STEP][PASSED] - delay(2): Delayed 2 second(s)

2019-07-03 22:40:01 - [MESSAGE][PASSED] - Delayed 2 second(s)

2019-07-03 22:40:01 - [TEST_STEP][PASSED] - selectOptionByValue(findTestObject("OCS-DESKTOP/Age gate and Mega menu/Year Dropdown"), "1990", true): All options with value '1990' are selected in object 'Object Repository/OCS-DESKTOP/Age gate and Mega menu/Year Dropdown'  using regular expression

2019-07-03 22:40:03 - [MESSAGE][PASSED] - All options with value '1990' are selected in object 'Object Repository/OCS-DESKTOP/Age gate and Mega menu/Year Dropdown'  using regular expression

2019-07-03 22:40:03 - [TEST_STEP][PASSED] - click(findTestObject("OCS-DESKTOP/Age gate and Mega menu/button_Verify")): Object: 'Object Repository/OCS-DESKTOP/Age gate and Mega menu/button_Verify' is clicked on

2019-07-03 22:40:03 - [MESSAGE][PASSED] - Object: 'Object Repository/OCS-DESKTOP/Age gate and Mega menu/button_Verify' is clicked on

2019-07-03 22:40:03 - [TEST_STEP][PASSED] - click(findTestObject("OCS-DESKTOP/Age gate and Mega menu/Checkbox_CONFIRM AND ACKNOWLEDGE")): Object: 'Object Repository/OCS-DESKTOP/Age gate and Mega menu/Checkbox_CONFIRM AND ACKNOWLEDGE' is clicked on

2019-07-03 22:40:03 - [MESSAGE][PASSED] - Object: 'Object Repository/OCS-DESKTOP/Age gate and Mega menu/Checkbox_CONFIRM AND ACKNOWLEDGE' is clicked on

2019-07-03 22:40:03 - [TEST_STEP][PASSED] - click(findTestObject("OCS-DESKTOP/Age gate and Mega menu/button_CONFIRM")): Object: 'Object Repository/OCS-DESKTOP/Age gate and Mega menu/button_CONFIRM' is clicked on

2019-07-03 22:40:04 - [MESSAGE][PASSED] - Object: 'Object Repository/OCS-DESKTOP/Age gate and Mega menu/button_CONFIRM' is clicked on

2019-07-03 22:40:04 - [TEST_STEP][PASSED] - click(findTestObject("OCS-DESKTOP/Age gate and Mega menu/button_Start Browsing")): Object: 'Object Repository/OCS-DESKTOP/Age gate and Mega menu/button_Start Browsing' is clicked on

2019-07-03 22:40:04 - [MESSAGE][PASSED] - Object: 'Object Repository/OCS-DESKTOP/Age gate and Mega menu/button_Start Browsing' is clicked on

2019-07-03 22:40:04 - [TEST_STEP][PASSED] - delay(2): Delayed 2 second(s)

2019-07-03 22:40:06 - [MESSAGE][PASSED] - Delayed 2 second(s)

2019-07-03 22:40:06 - [TEST_STEP][PASSED] - refresh(): Refresh successfully

2019-07-03 22:40:11 - [MESSAGE][PASSED] - Refresh successfully

2019-07-03 22:40:11 - [MESSAGE][PASSED] - Call Test Case 'Test Cases/OCS - DESKTOP/CALL- Age gate' successfully

2019-07-03 22:40:11 - [TEST_STEP][PASSED] - delay(2): Delayed 2 second(s)

2019-07-03 22:40:13 - [MESSAGE][PASSED] - Delayed 2 second(s)

2019-07-03 22:40:13 - [TEST_STEP][PASSED] - click(findTestObject("OCS-DESKTOP/Age gate and Mega menu/Header/CANNABIS menu - English"), CONTINUE_ON_FAILURE): Object: 'Object Repository/OCS-DESKTOP/Age gate and Mega menu/Header/CANNABIS menu - English' is clicked on

2019-07-03 22:40:13 - [MESSAGE][PASSED] - Object: 'Object Repository/OCS-DESKTOP/Age gate and Mega menu/Header/CANNABIS menu - English' is clicked on

2019-07-03 22:40:13 - [TEST_STEP][PASSED] - delay(2, CONTINUE_ON_FAILURE): Delayed 2 second(s)

2019-07-03 22:40:15 - [MESSAGE][PASSED] - Delayed 2 second(s)

2019-07-03 22:40:15 - [TEST_STEP][PASSED] - delay(1, CONTINUE_ON_FAILURE): Delayed 1 second(s)

2019-07-03 22:40:16 - [MESSAGE][PASSED] - Delayed 1 second(s)

2019-07-03 22:40:16 - [TEST_STEP][PASSED] - click(findTestObject("OCS-DESKTOP/Cannabis page/Dried flower")): Object: 'Object Repository/OCS-DESKTOP/Cannabis page/Dried flower' is clicked on

2019-07-03 22:40:23 - [MESSAGE][PASSED] - Object: 'Object Repository/OCS-DESKTOP/Cannabis page/Dried flower' is clicked on

2019-07-03 22:40:23 - [TEST_STEP][PASSED] - delay(1, CONTINUE_ON_FAILURE): Delayed 1 second(s)

2019-07-03 22:40:24 - [MESSAGE][PASSED] - Delayed 1 second(s)

2019-07-03 22:40:24 - [TEST_STEP][PASSED] - click(findTestObject("OCS-DESKTOP/Age gate and Mega menu/Header/CANNABIS menu - English")): Object: 'Object Repository/OCS-DESKTOP/Age gate and Mega menu/Header/CANNABIS menu - English' is clicked on

2019-07-03 22:40:24 - [MESSAGE][PASSED] - Object: 'Object Repository/OCS-DESKTOP/Age gate and Mega menu/Header/CANNABIS menu - English' is clicked on

2019-07-03 22:40:24 - [TEST_STEP][PASSED] - delay(1, CONTINUE_ON_FAILURE): Delayed 1 second(s)

2019-07-03 22:40:25 - [MESSAGE][PASSED] - Delayed 1 second(s)

2019-07-03 22:40:25 - [TEST_STEP][PASSED] - delay(1, CONTINUE_ON_FAILURE): Delayed 1 second(s)

2019-07-03 22:40:26 - [MESSAGE][PASSED] - Delayed 1 second(s)

2019-07-03 22:40:26 - [TEST_STEP][PASSED] - click(findTestObject("OCS-DESKTOP/Cannabis page/Dried flower - Indica dominant")): Object: 'Object Repository/OCS-DESKTOP/Cannabis page/Dried flower - Indica dominant' is clicked on

2019-07-03 22:40:33 - [MESSAGE][PASSED] - Object: 'Object Repository/OCS-DESKTOP/Cannabis page/Dried flower - Indica dominant' is clicked on

2019-07-03 22:40:33 - [TEST_STEP][PASSED] - delay(1, CONTINUE_ON_FAILURE): Delayed 1 second(s)

2019-07-03 22:40:34 - [MESSAGE][PASSED] - Delayed 1 second(s)

2019-07-03 22:40:34 - [TEST_STEP][PASSED] - click(findTestObject("OCS-DESKTOP/Age gate and Mega menu/Header/CANNABIS menu - English"), CONTINUE_ON_FAILURE): Object: 'Object Repository/OCS-DESKTOP/Age gate and Mega menu/Header/CANNABIS menu - English' is clicked on

2019-07-03 22:40:34 - [MESSAGE][PASSED] - Object: 'Object Repository/OCS-DESKTOP/Age gate and Mega menu/Header/CANNABIS menu - English' is clicked on

2019-07-03 22:40:34 - [TEST_STEP][PASSED] - delay(2, CONTINUE_ON_FAILURE): Delayed 2 second(s)

2019-07-03 22:40:36 - [MESSAGE][PASSED] - Delayed 2 second(s)

2019-07-03 22:40:36 - [TEST_STEP][PASSED] - click(findTestObject("OCS-DESKTOP/Cannabis page/Dried flower - sativa dominant")): Object: 'Object Repository/OCS-DESKTOP/Cannabis page/Dried flower - sativa dominant' is clicked on

2019-07-03 22:40:58 - [MESSAGE][PASSED] - Object: 'Object Repository/OCS-DESKTOP/Cannabis page/Dried flower - sativa dominant' is clicked on

2019-07-03 22:40:58 - [TEST_STEP][PASSED] - delay(1, CONTINUE_ON_FAILURE): Delayed 1 second(s)

2019-07-03 22:40:59 - [MESSAGE][PASSED] - Delayed 1 second(s)

2019-07-03 22:40:59 - [TEST_STEP][PASSED] - delay(1, CONTINUE_ON_FAILURE): Delayed 1 second(s)

2019-07-03 22:41:00 - [MESSAGE][PASSED] - Delayed 1 second(s)

2019-07-03 22:41:00 - [TEST_STEP][PASSED] - click(findTestObject("OCS-DESKTOP/Age gate and Mega menu/Header/CANNABIS menu - English"), CONTINUE_ON_FAILURE): Object: 'Object Repository/OCS-DESKTOP/Age gate and Mega menu/Header/CANNABIS menu - English' is clicked on

2019-07-03 22:41:00 - [MESSAGE][PASSED] - Object: 'Object Repository/OCS-DESKTOP/Age gate and Mega menu/Header/CANNABIS menu - English' is clicked on

2019-07-03 22:41:00 - [TEST_STEP][PASSED] - delay(2, CONTINUE_ON_FAILURE): Delayed 2 second(s)

2019-07-03 22:41:02 - [MESSAGE][PASSED] - Delayed 2 second(s)

2019-07-03 22:41:02 - [TEST_STEP][PASSED] - click(findTestObject("OCS-DESKTOP/Cannabis page/Dried flower - Hybrid")): Object: 'Object Repository/OCS-DESKTOP/Cannabis page/Dried flower - Hybrid' is clicked on

2019-07-03 22:41:04 - [MESSAGE][PASSED] - Object: 'Object Repository/OCS-DESKTOP/Cannabis page/Dried flower - Hybrid' is clicked on

2019-07-03 22:41:04 - [TEST_STEP][PASSED] - delay(1, CONTINUE_ON_FAILURE): Delayed 1 second(s)

2019-07-03 22:41:05 - [MESSAGE][PASSED] - Delayed 1 second(s)

2019-07-03 22:41:05 - [TEST_STEP][PASSED] - click(findTestObject("OCS-DESKTOP/Age gate and Mega menu/Header/CANNABIS menu - English"), CONTINUE_ON_FAILURE): Object: 'Object Repository/OCS-DESKTOP/Age gate and Mega menu/Header/CANNABIS menu - English' is clicked on

2019-07-03 22:41:06 - [MESSAGE][PASSED] - Object: 'Object Repository/OCS-DESKTOP/Age gate and Mega menu/Header/CANNABIS menu - English' is clicked on

2019-07-03 22:41:06 - [TEST_STEP][PASSED] - delay(1, CONTINUE_ON_FAILURE): Delayed 1 second(s)

2019-07-03 22:41:07 - [MESSAGE][PASSED] - Delayed 1 second(s)

2019-07-03 22:41:07 - [TEST_STEP][PASSED] - delay(1, CONTINUE_ON_FAILURE): Delayed 1 second(s)

2019-07-03 22:41:08 - [MESSAGE][PASSED] - Delayed 1 second(s)

2019-07-03 22:41:08 - [TEST_STEP][PASSED] - click(findTestObject("OCS-DESKTOP/Cannabis page/Shop all dried flower")): Object: 'Object Repository/OCS-DESKTOP/Cannabis page/Shop all dried flower' is clicked on

2019-07-03 22:41:11 - [MESSAGE][PASSED] - Object: 'Object Repository/OCS-DESKTOP/Cannabis page/Shop all dried flower' is clicked on

2019-07-03 22:41:11 - [TEST_STEP][PASSED] - delay(1, CONTINUE_ON_FAILURE): Delayed 1 second(s)

2019-07-03 22:41:12 - [MESSAGE][PASSED] - Delayed 1 second(s)

2019-07-03 22:41:12 - [TEST_STEP][PASSED] - click(findTestObject("OCS-DESKTOP/Age gate and Mega menu/Header/CANNABIS menu - English"), CONTINUE_ON_FAILURE): Object: 'Object Repository/OCS-DESKTOP/Age gate and Mega menu/Header/CANNABIS menu - English' is clicked on

2019-07-03 22:41:12 - [MESSAGE][PASSED] - Object: 'Object Repository/OCS-DESKTOP/Age gate and Mega menu/Header/CANNABIS menu - English' is clicked on

2019-07-03 22:41:12 - [TEST_STEP][PASSED] - delay(2, CONTINUE_ON_FAILURE): Delayed 2 second(s)

2019-07-03 22:41:14 - [MESSAGE][PASSED] - Delayed 2 second(s)

2019-07-03 22:41:14 - [TEST_STEP][PASSED] - delay(1, CONTINUE_ON_FAILURE): Delayed 1 second(s)

2019-07-03 22:41:15 - [MESSAGE][PASSED] - Delayed 1 second(s)

2019-07-03 22:41:15 - [TEST_STEP][PASSED] - click(findTestObject("OCS-DESKTOP/Cannabis page/Prerolled - Plus accordian")): Object: 'Object Repository/OCS-DESKTOP/Cannabis page/Prerolled - Plus accordian' is clicked on

2019-07-03 22:41:17 - [MESSAGE][PASSED] - Object: 'Object Repository/OCS-DESKTOP/Cannabis page/Prerolled - Plus accordian' is clicked on

2019-07-03 22:41:17 - [TEST_STEP][PASSED] - delay(1, CONTINUE_ON_FAILURE): Delayed 1 second(s)

2019-07-03 22:41:18 - [MESSAGE][PASSED] - Delayed 1 second(s)

2019-07-03 22:41:18 - [TEST_STEP][PASSED] - delay(1, CONTINUE_ON_FAILURE): Delayed 1 second(s)

2019-07-03 22:41:19 - [MESSAGE][PASSED] - Delayed 1 second(s)

2019-07-03 22:41:19 - [TEST_STEP][PASSED] - click(findTestObject("OCS-DESKTOP/Age gate and Mega menu/Header/CANNABIS menu - English"), CONTINUE_ON_FAILURE): Object: 'Object Repository/OCS-DESKTOP/Age gate and Mega menu/Header/CANNABIS menu - English' is clicked on

2019-07-03 22:41:19 - [MESSAGE][PASSED] - Object: 'Object Repository/OCS-DESKTOP/Age gate and Mega menu/Header/CANNABIS menu - English' is clicked on

2019-07-03 22:41:19 - [TEST_STEP][PASSED] - delay(1, CONTINUE_ON_FAILURE): Delayed 1 second(s)

2019-07-03 22:41:20 - [MESSAGE][PASSED] - Delayed 1 second(s)

2019-07-03 22:41:20 - [TEST_STEP][PASSED] - click(findTestObject("OCS-DESKTOP/Cannabis page/Prerolled - Indica dominant")): Object: 'Object Repository/OCS-DESKTOP/Cannabis page/Prerolled - Indica dominant' is clicked on

2019-07-03 22:41:22 - [MESSAGE][PASSED] - Object: 'Object Repository/OCS-DESKTOP/Cannabis page/Prerolled - Indica dominant' is clicked on

2019-07-03 22:41:22 - [TEST_STEP][PASSED] - delay(1, CONTINUE_ON_FAILURE): Delayed 1 second(s)

2019-07-03 22:41:23 - [MESSAGE][PASSED] - Delayed 1 second(s)

2019-07-03 22:41:23 - [TEST_STEP][PASSED] - click(findTestObject("OCS-DESKTOP/Age gate and Mega menu/Header/CANNABIS menu - English"), CONTINUE_ON_FAILURE): Object: 'Object Repository/OCS-DESKTOP/Age gate and Mega menu/Header/CANNABIS menu - English' is clicked on

2019-07-03 22:41:23 - [MESSAGE][PASSED] - Object: 'Object Repository/OCS-DESKTOP/Age gate and Mega menu/Header/CANNABIS menu - English' is clicked on

2019-07-03 22:41:23 - [TEST_STEP][PASSED] - delay(2, CONTINUE_ON_FAILURE): Delayed 2 second(s)

2019-07-03 22:41:25 - [MESSAGE][PASSED] - Delayed 2 second(s)

2019-07-03 22:41:25 - [TEST_STEP][PASSED] - delay(1, CONTINUE_ON_FAILURE): Delayed 1 second(s)

2019-07-03 22:41:26 - [MESSAGE][PASSED] - Delayed 1 second(s)

2019-07-03 22:41:26 - [TEST_STEP][PASSED] - delay(1, CONTINUE_ON_FAILURE): Delayed 1 second(s)

2019-07-03 22:41:27 - [MESSAGE][PASSED] - Delayed 1 second(s)

2019-07-03 22:41:27 - [TEST_STEP][PASSED] - click(findTestObject("OCS-DESKTOP/Cannabis page/Prerolled - sativa dominant")): Object: 'Object Repository/OCS-DESKTOP/Cannabis page/Prerolled - sativa dominant' is clicked on

2019-07-03 22:41:29 - [MESSAGE][PASSED] - Object: 'Object Repository/OCS-DESKTOP/Cannabis page/Prerolled - sativa dominant' is clicked on

2019-07-03 22:41:29 - [TEST_STEP][PASSED] - delay(1, CONTINUE_ON_FAILURE): Delayed 1 second(s)

2019-07-03 22:41:30 - [MESSAGE][PASSED] - Delayed 1 second(s)

2019-07-03 22:41:30 - [TEST_STEP][PASSED] - click(findTestObject("OCS-DESKTOP/Age gate and Mega menu/Header/CANNABIS menu - English"), CONTINUE_ON_FAILURE): Object: 'Object Repository/OCS-DESKTOP/Age gate and Mega menu/Header/CANNABIS menu - English' is clicked on

2019-07-03 22:41:30 - [MESSAGE][PASSED] - Object: 'Object Repository/OCS-DESKTOP/Age gate and Mega menu/Header/CANNABIS menu - English' is clicked on

2019-07-03 22:41:30 - [TEST_STEP][PASSED] - delay(2, CONTINUE_ON_FAILURE): Delayed 2 second(s)

2019-07-03 22:41:32 - [MESSAGE][PASSED] - Delayed 2 second(s)

2019-07-03 22:41:32 - [TEST_STEP][PASSED] - delay(1, CONTINUE_ON_FAILURE): Delayed 1 second(s)

2019-07-03 22:41:33 - [MESSAGE][PASSED] - Delayed 1 second(s)

2019-07-03 22:41:33 - [TEST_STEP][PASSED] - delay(1, CONTINUE_ON_FAILURE): Delayed 1 second(s)

2019-07-03 22:41:34 - [MESSAGE][PASSED] - Delayed 1 second(s)

2019-07-03 22:41:34 - [TEST_STEP][PASSED] - click(findTestObject("OCS-DESKTOP/Cannabis page/Prerolled - Hybrid")): Object: 'Object Repository/OCS-DESKTOP/Cannabis page/Prerolled - Hybrid' is clicked on

2019-07-03 22:41:35 - [MESSAGE][PASSED] - Object: 'Object Repository/OCS-DESKTOP/Cannabis page/Prerolled - Hybrid' is clicked on

2019-07-03 22:41:35 - [TEST_STEP][PASSED] - delay(1, CONTINUE_ON_FAILURE): Delayed 1 second(s)

2019-07-03 22:41:36 - [MESSAGE][PASSED] - Delayed 1 second(s)

2019-07-03 22:41:36 - [TEST_STEP][PASSED] - click(findTestObject("OCS-DESKTOP/Age gate and Mega menu/Header/CANNABIS menu - English"), CONTINUE_ON_FAILURE): Object: 'Object Repository/OCS-DESKTOP/Age gate and Mega menu/Header/CANNABIS menu - English' is clicked on

2019-07-03 22:41:37 - [MESSAGE][PASSED] - Object: 'Object Repository/OCS-DESKTOP/Age gate and Mega menu/Header/CANNABIS menu - English' is clicked on

2019-07-03 22:41:37 - [TEST_STEP][PASSED] - delay(2, CONTINUE_ON_FAILURE): Delayed 2 second(s)

2019-07-03 22:41:39 - [MESSAGE][PASSED] - Delayed 2 second(s)

2019-07-03 22:41:39 - [TEST_STEP][PASSED] - delay(1, CONTINUE_ON_FAILURE): Delayed 1 second(s)

2019-07-03 22:41:40 - [MESSAGE][PASSED] - Delayed 1 second(s)

2019-07-03 22:41:40 - [TEST_STEP][PASSED] - delay(1, CONTINUE_ON_FAILURE): Delayed 1 second(s)

2019-07-03 22:41:41 - [MESSAGE][PASSED] - Delayed 1 second(s)

2019-07-03 22:41:41 - [TEST_STEP][PASSED] - click(findTestObject("OCS-DESKTOP/Cannabis page/Shop all prerolled")): Object: 'Object Repository/OCS-DESKTOP/Cannabis page/Shop all prerolled' is clicked on

2019-07-03 22:41:49 - [MESSAGE][PASSED] - Object: 'Object Repository/OCS-DESKTOP/Cannabis page/Shop all prerolled' is clicked on

2019-07-03 22:41:49 - [TEST_STEP][PASSED] - delay(1, CONTINUE_ON_FAILURE): Delayed 1 second(s)

2019-07-03 22:41:50 - [MESSAGE][PASSED] - Delayed 1 second(s)

2019-07-03 22:41:50 - [TEST_STEP][PASSED] - click(findTestObject("OCS-DESKTOP/Age gate and Mega menu/Header/CANNABIS menu - English"), CONTINUE_ON_FAILURE): Object: 'Object Repository/OCS-DESKTOP/Age gate and Mega menu/Header/CANNABIS menu - English' is clicked on

2019-07-03 22:41:50 - [MESSAGE][PASSED] - Object: 'Object Repository/OCS-DESKTOP/Age gate and Mega menu/Header/CANNABIS menu - English' is clicked on

2019-07-03 22:41:50 - [TEST_STEP][PASSED] - delay(2, CONTINUE_ON_FAILURE): Delayed 2 second(s)

2019-07-03 22:41:52 - [MESSAGE][PASSED] - Delayed 2 second(s)

2019-07-03 22:41:52 - [TEST_STEP][PASSED] - delay(1, CONTINUE_ON_FAILURE): Delayed 1 second(s)

2019-07-03 22:41:53 - [MESSAGE][PASSED] - Delayed 1 second(s)

2019-07-03 22:41:53 - [TEST_STEP][PASSED] - delay(1, CONTINUE_ON_FAILURE): Delayed 1 second(s)

2019-07-03 22:41:54 - [MESSAGE][PASSED] - Delayed 1 second(s)

2019-07-03 22:41:54 - [TEST_STEP][PASSED] - click(findTestObject("OCS-DESKTOP/Cannabis page/Oils - plus accordian")): Object: 'Object Repository/OCS-DESKTOP/Cannabis page/Oils - plus accordian' is clicked on

2019-07-03 22:42:00 - [MESSAGE][PASSED] - Object: 'Object Repository/OCS-DESKTOP/Cannabis page/Oils - plus accordian' is clicked on

2019-07-03 22:42:00 - [TEST_STEP][PASSED] - delay(1, CONTINUE_ON_FAILURE): Delayed 1 second(s)

2019-07-03 22:42:01 - [MESSAGE][PASSED] - Delayed 1 second(s)

2019-07-03 22:42:01 - [TEST_STEP][PASSED] - delay(1, CONTINUE_ON_FAILURE): Delayed 1 second(s)

2019-07-03 22:42:02 - [MESSAGE][PASSED] - Delayed 1 second(s)

2019-07-03 22:42:02 - [TEST_STEP][PASSED] - click(findTestObject("OCS-DESKTOP/Age gate and Mega menu/Header/CANNABIS menu - English"), CONTINUE_ON_FAILURE): Object: 'Object Repository/OCS-DESKTOP/Age gate and Mega menu/Header/CANNABIS menu - English' is clicked on

2019-07-03 22:42:03 - [MESSAGE][PASSED] - Object: 'Object Repository/OCS-DESKTOP/Age gate and Mega menu/Header/CANNABIS menu - English' is clicked on

2019-07-03 22:42:03 - [TEST_STEP][PASSED] - delay(1, CONTINUE_ON_FAILURE): Delayed 1 second(s)

2019-07-03 22:42:04 - [MESSAGE][PASSED] - Delayed 1 second(s)

2019-07-03 22:42:04 - [TEST_STEP][PASSED] - click(findTestObject("OCS-DESKTOP/Cannabis page/Oils - Bottled oils")): Object: 'Object Repository/OCS-DESKTOP/Cannabis page/Oils - Bottled oils' is clicked on

2019-07-03 22:42:06 - [MESSAGE][PASSED] - Object: 'Object Repository/OCS-DESKTOP/Cannabis page/Oils - Bottled oils' is clicked on

2019-07-03 22:42:06 - [TEST_STEP][PASSED] - delay(1, CONTINUE_ON_FAILURE): Delayed 1 second(s)

2019-07-03 22:42:07 - [MESSAGE][PASSED] - Delayed 1 second(s)

2019-07-03 22:42:07 - [TEST_STEP][PASSED] - click(findTestObject("OCS-DESKTOP/Age gate and Mega menu/Header/CANNABIS menu - English"), CONTINUE_ON_FAILURE): Object: 'Object Repository/OCS-DESKTOP/Age gate and Mega menu/Header/CANNABIS menu - English' is clicked on

2019-07-03 22:42:07 - [MESSAGE][PASSED] - Object: 'Object Repository/OCS-DESKTOP/Age gate and Mega menu/Header/CANNABIS menu - English' is clicked on

2019-07-03 22:42:07 - [TEST_STEP][PASSED] - delay(2, CONTINUE_ON_FAILURE): Delayed 2 second(s)

2019-07-03 22:42:09 - [MESSAGE][PASSED] - Delayed 2 second(s)

2019-07-03 22:42:09 - [TEST_STEP][PASSED] - delay(1, CONTINUE_ON_FAILURE): Delayed 1 second(s)

2019-07-03 22:42:10 - [MESSAGE][PASSED] - Delayed 1 second(s)

2019-07-03 22:42:10 - [TEST_STEP][PASSED] - delay(1, CONTINUE_ON_FAILURE): Delayed 1 second(s)

2019-07-03 22:42:11 - [MESSAGE][PASSED] - Delayed 1 second(s)

2019-07-03 22:42:11 - [TEST_STEP][PASSED] - click(findTestObject("OCS-DESKTOP/Cannabis page/Oils - oral sprays")): Object: 'Object Repository/OCS-DESKTOP/Cannabis page/Oils - oral sprays' is clicked on

2019-07-03 22:42:14 - [MESSAGE][PASSED] - Object: 'Object Repository/OCS-DESKTOP/Cannabis page/Oils - oral sprays' is clicked on

2019-07-03 22:42:14 - [TEST_STEP][PASSED] - delay(1, CONTINUE_ON_FAILURE): Delayed 1 second(s)

2019-07-03 22:42:15 - [MESSAGE][PASSED] - Delayed 1 second(s)

2019-07-03 22:42:15 - [TEST_STEP][PASSED] - click(findTestObject("OCS-DESKTOP/Age gate and Mega menu/Header/CANNABIS menu - English"), CONTINUE_ON_FAILURE): Object: 'Object Repository/OCS-DESKTOP/Age gate and Mega menu/Header/CANNABIS menu - English' is clicked on

2019-07-03 22:42:15 - [MESSAGE][PASSED] - Object: 'Object Repository/OCS-DESKTOP/Age gate and Mega menu/Header/CANNABIS menu - English' is clicked on

2019-07-03 22:42:15 - [TEST_STEP][PASSED] - delay(2, CONTINUE_ON_FAILURE): Delayed 2 second(s)

2019-07-03 22:42:17 - [MESSAGE][PASSED] - Delayed 2 second(s)

2019-07-03 22:42:17 - [TEST_STEP][PASSED] - delay(1, CONTINUE_ON_FAILURE): Delayed 1 second(s)

2019-07-03 22:42:18 - [MESSAGE][PASSED] - Delayed 1 second(s)

2019-07-03 22:42:18 - [TEST_STEP][PASSED] - delay(1, CONTINUE_ON_FAILURE): Delayed 1 second(s)

2019-07-03 22:42:19 - [MESSAGE][PASSED] - Delayed 1 second(s)

2019-07-03 22:42:19 - [TEST_STEP][PASSED] - click(findTestObject("OCS-DESKTOP/Cannabis page/shop all oils")): Object: 'Object Repository/OCS-DESKTOP/Cannabis page/shop all oils' is clicked on

2019-07-03 22:42:21 - [MESSAGE][PASSED] - Object: 'Object Repository/OCS-DESKTOP/Cannabis page/shop all oils' is clicked on

2019-07-03 22:42:21 - [TEST_STEP][PASSED] - delay(1, CONTINUE_ON_FAILURE): Delayed 1 second(s)

2019-07-03 22:42:22 - [MESSAGE][PASSED] - Delayed 1 second(s)

2019-07-03 22:42:22 - [TEST_STEP][PASSED] - click(findTestObject("OCS-DESKTOP/Age gate and Mega menu/Header/CANNABIS menu - English"), CONTINUE_ON_FAILURE): Object: 'Object Repository/OCS-DESKTOP/Age gate and Mega menu/Header/CANNABIS menu - English' is clicked on

2019-07-03 22:42:22 - [MESSAGE][PASSED] - Object: 'Object Repository/OCS-DESKTOP/Age gate and Mega menu/Header/CANNABIS menu - English' is clicked on

2019-07-03 22:42:22 - [TEST_STEP][PASSED] - delay(2, CONTINUE_ON_FAILURE): Delayed 2 second(s)

2019-07-03 22:42:24 - [MESSAGE][PASSED] - Delayed 2 second(s)

2019-07-03 22:42:24 - [TEST_STEP][PASSED] - delay(1, CONTINUE_ON_FAILURE): Delayed 1 second(s)

2019-07-03 22:42:25 - [MESSAGE][PASSED] - Delayed 1 second(s)

2019-07-03 22:42:25 - [TEST_STEP][PASSED] - click(findTestObject("MOBILE OBJECTS/Capsules chevron")): Object: 'Object Repository/MOBILE OBJECTS/Capsules chevron' is clicked on

2019-07-03 22:42:28 - [MESSAGE][PASSED] - Object: 'Object Repository/MOBILE OBJECTS/Capsules chevron' is clicked on

2019-07-03 22:42:28 - [TEST_STEP][PASSED] - delay(1, CONTINUE_ON_FAILURE): Delayed 1 second(s)

2019-07-03 22:42:29 - [MESSAGE][PASSED] - Delayed 1 second(s)

2019-07-03 22:42:29 - [TEST_STEP][PASSED] - click(findTestObject("OCS-DESKTOP/Age gate and Mega menu/Header/CANNABIS menu - English"), CONTINUE_ON_FAILURE): Object: 'Object Repository/OCS-DESKTOP/Age gate and Mega menu/Header/CANNABIS menu - English' is clicked on

2019-07-03 22:42:29 - [MESSAGE][PASSED] - Object: 'Object Repository/OCS-DESKTOP/Age gate and Mega menu/Header/CANNABIS menu - English' is clicked on

2019-07-03 22:42:29 - [TEST_STEP][PASSED] - delay(2, CONTINUE_ON_FAILURE): Delayed 2 second(s)

2019-07-03 22:42:31 - [MESSAGE][PASSED] - Delayed 2 second(s)

2019-07-03 22:42:31 - [TEST_STEP][PASSED] - delay(1, CONTINUE_ON_FAILURE): Delayed 1 second(s)

2019-07-03 22:42:32 - [MESSAGE][PASSED] - Delayed 1 second(s)

2019-07-03 22:42:32 - [TEST_STEP][NOT_RUN] - click(findTestObject("OCS-DESKTOP/Cannabis page/Shop by plant type - plus accordian")): NOT_RUN: click(findTestObject("OCS-DESKTOP/Cannabis page/Shop by plant type - plus accordian"))

2019-07-03 22:42:32 - [MESSAGE][NOT_RUN] - NOT_RUN: click(findTestObject("OCS-DESKTOP/Cannabis page/Shop by plant type - plus accordian"))

2019-07-03 22:42:32 - [TEST_STEP][PASSED] - delay(1, CONTINUE_ON_FAILURE): Delayed 1 second(s)

2019-07-03 22:42:33 - [MESSAGE][PASSED] - Delayed 1 second(s)

2019-07-03 22:42:33 - [TEST_STEP][PASSED] - delay(1, CONTINUE_ON_FAILURE): Delayed 1 second(s)

2019-07-03 22:42:34 - [MESSAGE][PASSED] - Delayed 1 second(s)

2019-07-03 22:42:34 - [TEST_STEP][PASSED] - delay(1, CONTINUE_ON_FAILURE): Delayed 1 second(s)

2019-07-03 22:42:35 - [MESSAGE][PASSED] - Delayed 1 second(s)

2019-07-03 22:42:35 - [TEST_STEP][PASSED] - click(findTestObject("OCS-DESKTOP/Cannabis page/Shop by plant type - Indica dominant")): Object: 'Object Repository/OCS-DESKTOP/Cannabis page/Shop by plant type - Indica dominant' is clicked on

2019-07-03 22:42:37 - [MESSAGE][PASSED] - Object: 'Object Repository/OCS-DESKTOP/Cannabis page/Shop by plant type - Indica dominant' is clicked on

2019-07-03 22:42:37 - [TEST_STEP][PASSED] - delay(1, CONTINUE_ON_FAILURE): Delayed 1 second(s)

2019-07-03 22:42:38 - [MESSAGE][PASSED] - Delayed 1 second(s)

2019-07-03 22:42:38 - [TEST_STEP][PASSED] - click(findTestObject("OCS-DESKTOP/Age gate and Mega menu/Header/CANNABIS menu - English"), CONTINUE_ON_FAILURE): Object: 'Object Repository/OCS-DESKTOP/Age gate and Mega menu/Header/CANNABIS menu - English' is clicked on

2019-07-03 22:42:38 - [MESSAGE][PASSED] - Object: 'Object Repository/OCS-DESKTOP/Age gate and Mega menu/Header/CANNABIS menu - English' is clicked on

2019-07-03 22:42:38 - [TEST_STEP][PASSED] - delay(2, CONTINUE_ON_FAILURE): Delayed 2 second(s)

2019-07-03 22:42:40 - [MESSAGE][PASSED] - Delayed 2 second(s)

2019-07-03 22:42:40 - [TEST_STEP][PASSED] - delay(1, CONTINUE_ON_FAILURE): Delayed 1 second(s)

2019-07-03 22:42:41 - [MESSAGE][PASSED] - Delayed 1 second(s)

2019-07-03 22:42:41 - [TEST_STEP][PASSED] - delay(1, CONTINUE_ON_FAILURE): Delayed 1 second(s)

2019-07-03 22:42:42 - [MESSAGE][PASSED] - Delayed 1 second(s)

2019-07-03 22:42:42 - [TEST_STEP][PASSED] - click(findTestObject("OCS-DESKTOP/Cannabis page/Shop by plant type - sativa dominant")): Object: 'Object Repository/OCS-DESKTOP/Cannabis page/Shop by plant type - sativa dominant' is clicked on

2019-07-03 22:42:44 - [MESSAGE][PASSED] - Object: 'Object Repository/OCS-DESKTOP/Cannabis page/Shop by plant type - sativa dominant' is clicked on

2019-07-03 22:42:44 - [TEST_STEP][PASSED] - delay(1, CONTINUE_ON_FAILURE): Delayed 1 second(s)

2019-07-03 22:42:45 - [MESSAGE][PASSED] - Delayed 1 second(s)

2019-07-03 22:42:45 - [TEST_STEP][PASSED] - click(findTestObject("OCS-DESKTOP/Age gate and Mega menu/Header/CANNABIS menu - English"), CONTINUE_ON_FAILURE): Object: 'Object Repository/OCS-DESKTOP/Age gate and Mega menu/Header/CANNABIS menu - English' is clicked on

2019-07-03 22:42:46 - [MESSAGE][PASSED] - Object: 'Object Repository/OCS-DESKTOP/Age gate and Mega menu/Header/CANNABIS menu - English' is clicked on

2019-07-03 22:42:46 - [TEST_STEP][PASSED] - delay(2, CONTINUE_ON_FAILURE): Delayed 2 second(s)

2019-07-03 22:42:48 - [MESSAGE][PASSED] - Delayed 2 second(s)

2019-07-03 22:42:48 - [TEST_STEP][PASSED] - delay(1, CONTINUE_ON_FAILURE): Delayed 1 second(s)

2019-07-03 22:42:49 - [MESSAGE][PASSED] - Delayed 1 second(s)

2019-07-03 22:42:49 - [TEST_STEP][PASSED] - delay(1, CONTINUE_ON_FAILURE): Delayed 1 second(s)

2019-07-03 22:42:50 - [MESSAGE][PASSED] - Delayed 1 second(s)

2019-07-03 22:42:50 - [TEST_STEP][PASSED] - click(findTestObject("OCS-DESKTOP/Cannabis page/Shop by plant type - Hybrid")): Object: 'Object Repository/OCS-DESKTOP/Cannabis page/Shop by plant type - Hybrid' is clicked on

2019-07-03 22:42:52 - [MESSAGE][PASSED] - Object: 'Object Repository/OCS-DESKTOP/Cannabis page/Shop by plant type - Hybrid' is clicked on

2019-07-03 22:42:52 - [TEST_STEP][PASSED] - delay(1, CONTINUE_ON_FAILURE): Delayed 1 second(s)

2019-07-03 22:42:53 - [MESSAGE][PASSED] - Delayed 1 second(s)

2019-07-03 22:42:53 - [TEST_STEP][PASSED] - click(findTestObject("OCS-DESKTOP/Age gate and Mega menu/Header/CANNABIS menu - English"), CONTINUE_ON_FAILURE): Object: 'Object Repository/OCS-DESKTOP/Age gate and Mega menu/Header/CANNABIS menu - English' is clicked on

2019-07-03 22:42:54 - [MESSAGE][PASSED] - Object: 'Object Repository/OCS-DESKTOP/Age gate and Mega menu/Header/CANNABIS menu - English' is clicked on

2019-07-03 22:42:54 - [TEST_STEP][PASSED] - delay(2, CONTINUE_ON_FAILURE): Delayed 2 second(s)

2019-07-03 22:42:56 - [MESSAGE][PASSED] - Delayed 2 second(s)

2019-07-03 22:42:56 - [TEST_STEP][PASSED] - delay(1, CONTINUE_ON_FAILURE): Delayed 1 second(s)

2019-07-03 22:42:57 - [MESSAGE][PASSED] - Delayed 1 second(s)

2019-07-03 22:42:57 - [TEST_STEP][NOT_RUN] - click(findTestObject("OCS-DESKTOP/Cannabis page/Collections - plus accordian")): NOT_RUN: click(findTestObject("OCS-DESKTOP/Cannabis page/Collections - plus accordian"))

2019-07-03 22:42:57 - [MESSAGE][NOT_RUN] - NOT_RUN: click(findTestObject("OCS-DESKTOP/Cannabis page/Collections - plus accordian"))

2019-07-03 22:42:57 - [TEST_STEP][PASSED] - delay(1, CONTINUE_ON_FAILURE): Delayed 1 second(s)

2019-07-03 22:42:58 - [MESSAGE][PASSED] - Delayed 1 second(s)

2019-07-03 22:42:58 - [TEST_STEP][PASSED] - delay(1, CONTINUE_ON_FAILURE): Delayed 1 second(s)

2019-07-03 22:42:59 - [MESSAGE][PASSED] - Delayed 1 second(s)

2019-07-03 22:42:59 - [TEST_STEP][PASSED] - click(findTestObject("OCS-DESKTOP/Age gate and Mega menu/Header/CANNABIS menu - English"), CONTINUE_ON_FAILURE): Object: 'Object Repository/OCS-DESKTOP/Age gate and Mega menu/Header/CANNABIS menu - English' is clicked on

2019-07-03 22:42:59 - [MESSAGE][PASSED] - Object: 'Object Repository/OCS-DESKTOP/Age gate and Mega menu/Header/CANNABIS menu - English' is clicked on

2019-07-03 22:42:59 - [TEST_STEP][PASSED] - delay(1, CONTINUE_ON_FAILURE): Delayed 1 second(s)

2019-07-03 22:43:00 - [MESSAGE][PASSED] - Delayed 1 second(s)

2019-07-03 22:43:00 - [TEST_STEP][FAILED] - click(findTestObject("OCS-DESKTOP/Cannabis page/Collections- New products")): click(findTestObject("OCS-DESKTOP/Cannabis page/Collections- New products")) FAILED.
Reason:
com.kms.katalon.core.exception.StepFailedException: Unable to click on object 'Object Repository/OCS-DESKTOP/Cannabis page/Collections- New products' (Root cause: org.openqa.selenium.ElementNotInteractableException: Element <span> could not be scrolled into view
Build info: version: '3.7.1', revision: '8a0099a', time: '2017-11-06T21:07:36.161Z'
System info: host: 'sumans-MacBook-Pro.local', ip: 'fe80:0:0:0:10b5:ab76:5e8b:ef36%en0', os.name: 'Mac OS X', os.arch: 'x86_64', os.version: '10.13.6', java.version: '1.8.0_181'
Driver info: com.kms.katalon.core.webui.driver.firefox.CGeckoDriver
Capabilities {acceptInsecureCerts: true, browserName: firefox, browserVersion: 67.0.4, javascriptEnabled: true, moz:accessibilityChecks: false, moz:buildID: 20190619235627, moz:geckodriverVersion: 0.23.0, moz:headless: false, moz:processID: 759, moz:profile: /var/folders/1t/c55l8xzs6gq..., moz:shutdownTimeout: 60000, moz:useNonSpecCompliantPointerOrigin: false, moz:webdriverClick: true, pageLoadStrategy: normal, platform: MAC, platformName: MAC, platformVersion: 17.7.0, proxy: Proxy(direct), rotatable: false, setWindowRect: true, strictFileInteractability: false, timeouts: {implicit: 0, pageLoad: 300000, script: 30000}, unhandledPromptBehavior: dismiss and notify}
Session ID: f13d71a5-24b4-c54d-b983-31cd6a013280)
	at com.kms.katalon.core.keyword.internal.KeywordMain.stepFailed(KeywordMain.groovy:36)
	at com.kms.katalon.core.webui.keyword.internal.WebUIKeywordMain.stepFailed(WebUIKeywordMain.groovy:65)
	at com.kms.katalon.core.webui.keyword.internal.WebUIKeywordMain.runKeyword(WebUIKeywordMain.groovy:27)
	at com.kms.katalon.core.webui.keyword.builtin.ClickKeyword.click(ClickKeyword.groovy:86)
	at com.kms.katalon.core.webui.keyword.builtin.ClickKeyword.execute(ClickKeyword.groovy:67)
	at com.kms.katalon.core.keyword.internal.KeywordExecutor.executeKeywordForPlatform(KeywordExecutor.groovy:53)
	at com.kms.katalon.core.webui.keyword.WebUiBuiltInKeywords.click(WebUiBuiltInKeywords.groovy:616)
	at com.kms.katalon.core.webui.keyword.WebUiBuiltInKeywords$click$4.call(Unknown Source)
	at HP-Burger menu -cannabis.run(HP-Burger menu -cannabis:238)
	at com.kms.katalon.core.main.ScriptEngine.run(ScriptEngine.java:194)
	at com.kms.katalon.core.main.ScriptEngine.runScriptAsRawText(ScriptEngine.java:119)
	at com.kms.katalon.core.main.TestCaseExecutor.runScript(TestCaseExecutor.java:328)
	at com.kms.katalon.core.main.TestCaseExecutor.doExecute(TestCaseExecutor.java:319)
	at com.kms.katalon.core.main.TestCaseExecutor.processExecutionPhase(TestCaseExecutor.java:298)
	at com.kms.katalon.core.main.TestCaseExecutor.accessMainPhase(TestCaseExecutor.java:290)
	at com.kms.katalon.core.main.TestCaseExecutor.execute(TestCaseExecutor.java:224)
	at com.kms.katalon.core.main.TestSuiteExecutor.accessTestCaseMainPhase(TestSuiteExecutor.java:129)
	at com.kms.katalon.core.main.TestSuiteExecutor.accessTestSuiteMainPhase(TestSuiteExecutor.java:112)
	at com.kms.katalon.core.main.TestSuiteExecutor.execute(TestSuiteExecutor.java:81)
	at com.kms.katalon.core.main.TestCaseMain.startTestSuite(TestCaseMain.java:149)
	at com.kms.katalon.core.main.TestCaseMain$startTestSuite$0.call(Unknown Source)
	at TempTestSuite1562205541804.run(TempTestSuite1562205541804.groovy:36)


2019-07-03 22:43:00 - [MESSAGE][FAILED] - Unable to click on object 'Object Repository/OCS-DESKTOP/Cannabis page/Collections- New products' (Root cause: org.openqa.selenium.ElementNotInteractableException: Element <span> could not be scrolled into view
Build info: version: '3.7.1', revision: '8a0099a', time: '2017-11-06T21:07:36.161Z'
System info: host: 'sumans-MacBook-Pro.local', ip: 'fe80:0:0:0:10b5:ab76:5e8b:ef36%en0', os.name: 'Mac OS X', os.arch: 'x86_64', os.version: '10.13.6', java.version: '1.8.0_181'
Driver info: com.kms.katalon.core.webui.driver.firefox.CGeckoDriver
Capabilities {acceptInsecureCerts: true, browserName: firefox, browserVersion: 67.0.4, javascriptEnabled: true, moz:accessibilityChecks: false, moz:buildID: 20190619235627, moz:geckodriverVersion: 0.23.0, moz:headless: false, moz:processID: 759, moz:profile: /var/folders/1t/c55l8xzs6gq..., moz:shutdownTimeout: 60000, moz:useNonSpecCompliantPointerOrigin: false, moz:webdriverClick: true, pageLoadStrategy: normal, platform: MAC, platformName: MAC, platformVersion: 17.7.0, proxy: Proxy(direct), rotatable: false, setWindowRect: true, strictFileInteractability: false, timeouts: {implicit: 0, pageLoad: 300000, script: 30000}, unhandledPromptBehavior: dismiss and notify}
Session ID: f13d71a5-24b4-c54d-b983-31cd6a013280)
[[ATTACHMENT|/Users/sumankompelly/Relative xpath-Desktop/Reports/1.11.2/20190703_215901/1562208180502.png]]

2019-07-03 22:43:00 - [MESSAGE][FAILED] - click(findTestObject("OCS-DESKTOP/Cannabis page/Collections- New products")) FAILED.
Reason:
com.kms.katalon.core.exception.StepFailedException: Unable to click on object 'Object Repository/OCS-DESKTOP/Cannabis page/Collections- New products' (Root cause: org.openqa.selenium.ElementNotInteractableException: Element <span> could not be scrolled into view
Build info: version: '3.7.1', revision: '8a0099a', time: '2017-11-06T21:07:36.161Z'
System info: host: 'sumans-MacBook-Pro.local', ip: 'fe80:0:0:0:10b5:ab76:5e8b:ef36%en0', os.name: 'Mac OS X', os.arch: 'x86_64', os.version: '10.13.6', java.version: '1.8.0_181'
Driver info: com.kms.katalon.core.webui.driver.firefox.CGeckoDriver
Capabilities {acceptInsecureCerts: true, browserName: firefox, browserVersion: 67.0.4, javascriptEnabled: true, moz:accessibilityChecks: false, moz:buildID: 20190619235627, moz:geckodriverVersion: 0.23.0, moz:headless: false, moz:processID: 759, moz:profile: /var/folders/1t/c55l8xzs6gq..., moz:shutdownTimeout: 60000, moz:useNonSpecCompliantPointerOrigin: false, moz:webdriverClick: true, pageLoadStrategy: normal, platform: MAC, platformName: MAC, platformVersion: 17.7.0, proxy: Proxy(direct), rotatable: false, setWindowRect: true, strictFileInteractability: false, timeouts: {implicit: 0, pageLoad: 300000, script: 30000}, unhandledPromptBehavior: dismiss and notify}
Session ID: f13d71a5-24b4-c54d-b983-31cd6a013280)
	at com.kms.katalon.core.keyword.internal.KeywordMain.stepFailed(KeywordMain.groovy:36)
	at com.kms.katalon.core.webui.keyword.internal.WebUIKeywordMain.stepFailed(WebUIKeywordMain.groovy:65)
	at com.kms.katalon.core.webui.keyword.internal.WebUIKeywordMain.runKeyword(WebUIKeywordMain.groovy:27)
	at com.kms.katalon.core.webui.keyword.builtin.ClickKeyword.click(ClickKeyword.groovy:86)
	at com.kms.katalon.core.webui.keyword.builtin.ClickKeyword.execute(ClickKeyword.groovy:67)
	at com.kms.katalon.core.keyword.internal.KeywordExecutor.executeKeywordForPlatform(KeywordExecutor.groovy:53)
	at com.kms.katalon.core.webui.keyword.WebUiBuiltInKeywords.click(WebUiBuiltInKeywords.groovy:616)
	at com.kms.katalon.core.webui.keyword.WebUiBuiltInKeywords$click$4.call(Unknown Source)
	at HP-Burger menu -cannabis.run(HP-Burger menu -cannabis:238)
	at com.kms.katalon.core.main.ScriptEngine.run(ScriptEngine.java:194)
	at com.kms.katalon.core.main.ScriptEngine.runScriptAsRawText(ScriptEngine.java:119)
	at com.kms.katalon.core.main.TestCaseExecutor.runScript(TestCaseExecutor.java:328)
	at com.kms.katalon.core.main.TestCaseExecutor.doExecute(TestCaseExecutor.java:319)
	at com.kms.katalon.core.main.TestCaseExecutor.processExecutionPhase(TestCaseExecutor.java:298)
	at com.kms.katalon.core.main.TestCaseExecutor.accessMainPhase(TestCaseExecutor.java:290)
	at com.kms.katalon.core.main.TestCaseExecutor.execute(TestCaseExecutor.java:224)
	at com.kms.katalon.core.main.TestSuiteExecutor.accessTestCaseMainPhase(TestSuiteExecutor.java:129)
	at com.kms.katalon.core.main.TestSuiteExecutor.accessTestSuiteMainPhase(TestSuiteExecutor.java:112)
	at com.kms.katalon.core.main.TestSuiteExecutor.execute(TestSuiteExecutor.java:81)
	at com.kms.katalon.core.main.TestCaseMain.startTestSuite(TestCaseMain.java:149)
	at com.kms.katalon.core.main.TestCaseMain$startTestSuite$0.call(Unknown Source)
	at TempTestSuite1562205541804.run(TempTestSuite1562205541804.groovy:36)]]></system-out>
         <system-err><![CDATA[2019-07-03 22:39:45 - [TEST_CASE][FAILED] - Test Cases/OCS - DESKTOP/OCS- HOME PAGE/HP-Burger menu -cannabis: Test Cases/OCS - DESKTOP/OCS- HOME PAGE/HP-Burger menu -cannabis FAILED.
Reason:
com.kms.katalon.core.exception.StepFailedException: Unable to click on object 'Object Repository/OCS-DESKTOP/Cannabis page/Collections- New products' (Root cause: org.openqa.selenium.ElementNotInteractableException: Element <span> could not be scrolled into view
Build info: version: '3.7.1', revision: '8a0099a', time: '2017-11-06T21:07:36.161Z'
System info: host: 'sumans-MacBook-Pro.local', ip: 'fe80:0:0:0:10b5:ab76:5e8b:ef36%en0', os.name: 'Mac OS X', os.arch: 'x86_64', os.version: '10.13.6', java.version: '1.8.0_181'
Driver info: com.kms.katalon.core.webui.driver.firefox.CGeckoDriver
Capabilities {acceptInsecureCerts: true, browserName: firefox, browserVersion: 67.0.4, javascriptEnabled: true, moz:accessibilityChecks: false, moz:buildID: 20190619235627, moz:geckodriverVersion: 0.23.0, moz:headless: false, moz:processID: 759, moz:profile: /var/folders/1t/c55l8xzs6gq..., moz:shutdownTimeout: 60000, moz:useNonSpecCompliantPointerOrigin: false, moz:webdriverClick: true, pageLoadStrategy: normal, platform: MAC, platformName: MAC, platformVersion: 17.7.0, proxy: Proxy(direct), rotatable: false, setWindowRect: true, strictFileInteractability: false, timeouts: {implicit: 0, pageLoad: 300000, script: 30000}, unhandledPromptBehavior: dismiss and notify}
Session ID: f13d71a5-24b4-c54d-b983-31cd6a013280)
	at com.kms.katalon.core.keyword.internal.KeywordMain.stepFailed(KeywordMain.groovy:36)
	at com.kms.katalon.core.webui.keyword.internal.WebUIKeywordMain.stepFailed(WebUIKeywordMain.groovy:65)
	at com.kms.katalon.core.webui.keyword.internal.WebUIKeywordMain.runKeyword(WebUIKeywordMain.groovy:27)
	at com.kms.katalon.core.webui.keyword.builtin.ClickKeyword.click(ClickKeyword.groovy:86)
	at com.kms.katalon.core.webui.keyword.builtin.ClickKeyword.execute(ClickKeyword.groovy:67)
	at com.kms.katalon.core.keyword.internal.KeywordExecutor.executeKeywordForPlatform(KeywordExecutor.groovy:53)
	at com.kms.katalon.core.webui.keyword.WebUiBuiltInKeywords.click(WebUiBuiltInKeywords.groovy:616)
	at com.kms.katalon.core.webui.keyword.WebUiBuiltInKeywords$click$4.call(Unknown Source)
	at HP-Burger menu -cannabis.run(HP-Burger menu -cannabis:238)
	at com.kms.katalon.core.main.ScriptEngine.run(ScriptEngine.java:194)
	at com.kms.katalon.core.main.ScriptEngine.runScriptAsRawText(ScriptEngine.java:119)
	at com.kms.katalon.core.main.TestCaseExecutor.runScript(TestCaseExecutor.java:328)
	at com.kms.katalon.core.main.TestCaseExecutor.doExecute(TestCaseExecutor.java:319)
	at com.kms.katalon.core.main.TestCaseExecutor.processExecutionPhase(TestCaseExecutor.java:298)
	at com.kms.katalon.core.main.TestCaseExecutor.accessMainPhase(TestCaseExecutor.java:290)
	at com.kms.katalon.core.main.TestCaseExecutor.execute(TestCaseExecutor.java:224)
	at com.kms.katalon.core.main.TestSuiteExecutor.accessTestCaseMainPhase(TestSuiteExecutor.java:129)
	at com.kms.katalon.core.main.TestSuiteExecutor.accessTestSuiteMainPhase(TestSuiteExecutor.java:112)
	at com.kms.katalon.core.main.TestSuiteExecutor.execute(TestSuiteExecutor.java:81)
	at com.kms.katalon.core.main.TestCaseMain.startTestSuite(TestCaseMain.java:149)
	at com.kms.katalon.core.main.TestCaseMain$startTestSuite$0.call(Unknown Source)
	at TempTestSuite1562205541804.run(TempTestSuite1562205541804.groovy:36)]]></system-err>
      </testcase>
      <testcase name="Test Cases/OCS - DESKTOP/OCS- HOME PAGE/footer" classname="Test Cases/OCS - DESKTOP/OCS- HOME PAGE/footer" status="PASSED">
         <system-out><![CDATA[2019-07-03 22:43:00 - [TEST_CASE][PASSED] - Test Cases/OCS - DESKTOP/OCS- HOME PAGE/footer: Test Cases/OCS - DESKTOP/OCS- HOME PAGE/footer

2019-07-03 22:43:00 - [TEST_STEP][PASSED] - callTestCase(findTestCase("OCS - DESKTOP/CALL- Age gate"), [:], STOP_ON_FAILURE): Call Test Case 'Test Cases/OCS - DESKTOP/CALL- Age gate' successfully

2019-07-03 22:43:00 - [TEST_CASE][PASSED] - Test Cases/OCS - DESKTOP/CALL- Age gate: Test Cases/OCS - DESKTOP/CALL- Age gate

2019-07-03 22:43:00 - [TEST_STEP][PASSED] - openBrowser(""): Browser is opened with url: ''

2019-07-03 22:43:00 - [MESSAGE][WARNING] - A browser is already opened. Closing browser and opening a new one

2019-07-03 22:43:01 - [MESSAGE][INFO] - Starting 'Firefox' driver

2019-07-03 22:43:03 - [MESSAGE][PASSED] - Browser is opened with url: ''

2019-07-03 22:43:03 - [TEST_STEP][PASSED] - navigateToUrl("https://ocs.ca/?fts=0&preview_theme_id=74203891532"): Navigate to 'https://ocs.ca/?fts=0&preview_theme_id=74203891532' successfully

2019-07-03 22:43:08 - [MESSAGE][PASSED] - Navigate to 'https://ocs.ca/?fts=0&preview_theme_id=74203891532' successfully

2019-07-03 22:43:08 - [TEST_STEP][PASSED] - maximizeWindow(): Current window maximized

2019-07-03 22:43:09 - [MESSAGE][PASSED] - Current window maximized

2019-07-03 22:43:09 - [TEST_STEP][PASSED] - delay(2): Delayed 2 second(s)

2019-07-03 22:43:11 - [MESSAGE][PASSED] - Delayed 2 second(s)

2019-07-03 22:43:11 - [TEST_STEP][PASSED] - executeJavaScript("var previewBar = document.getElementById("preview-bar-iframe"); previewBar.style.display = "none";", []): Execute JavaScript 'var previewBar = document.getElementById("preview-bar-iframe"); previewBar.style.display = "none";' successfully

2019-07-03 22:43:11 - [MESSAGE][PASSED] - Execute JavaScript 'var previewBar = document.getElementById("preview-bar-iframe"); previewBar.style.display = "none";' successfully

2019-07-03 22:43:11 - [TEST_STEP][PASSED] - selectOptionByValue(findTestObject("OCS-DESKTOP/Age gate and Mega menu/Date"), "12", true): All options with value '12' are selected in object 'Object Repository/OCS-DESKTOP/Age gate and Mega menu/Date'  using regular expression

2019-07-03 22:43:12 - [MESSAGE][PASSED] - All options with value '12' are selected in object 'Object Repository/OCS-DESKTOP/Age gate and Mega menu/Date'  using regular expression

2019-07-03 22:43:12 - [TEST_STEP][PASSED] - selectOptionByValue(findTestObject("OCS-DESKTOP/Age gate and Mega menu/month"), "6", true): All options with value '6' are selected in object 'Object Repository/OCS-DESKTOP/Age gate and Mega menu/month'  using regular expression

2019-07-03 22:43:12 - [MESSAGE][PASSED] - All options with value '6' are selected in object 'Object Repository/OCS-DESKTOP/Age gate and Mega menu/month'  using regular expression

2019-07-03 22:43:12 - [TEST_STEP][PASSED] - delay(2): Delayed 2 second(s)

2019-07-03 22:43:14 - [MESSAGE][PASSED] - Delayed 2 second(s)

2019-07-03 22:43:14 - [TEST_STEP][PASSED] - selectOptionByValue(findTestObject("OCS-DESKTOP/Age gate and Mega menu/Year Dropdown"), "1990", true): All options with value '1990' are selected in object 'Object Repository/OCS-DESKTOP/Age gate and Mega menu/Year Dropdown'  using regular expression

2019-07-03 22:43:16 - [MESSAGE][PASSED] - All options with value '1990' are selected in object 'Object Repository/OCS-DESKTOP/Age gate and Mega menu/Year Dropdown'  using regular expression

2019-07-03 22:43:16 - [TEST_STEP][PASSED] - click(findTestObject("OCS-DESKTOP/Age gate and Mega menu/button_Verify")): Object: 'Object Repository/OCS-DESKTOP/Age gate and Mega menu/button_Verify' is clicked on

2019-07-03 22:43:16 - [MESSAGE][PASSED] - Object: 'Object Repository/OCS-DESKTOP/Age gate and Mega menu/button_Verify' is clicked on

2019-07-03 22:43:16 - [TEST_STEP][PASSED] - click(findTestObject("OCS-DESKTOP/Age gate and Mega menu/Checkbox_CONFIRM AND ACKNOWLEDGE")): Object: 'Object Repository/OCS-DESKTOP/Age gate and Mega menu/Checkbox_CONFIRM AND ACKNOWLEDGE' is clicked on

2019-07-03 22:43:16 - [MESSAGE][PASSED] - Object: 'Object Repository/OCS-DESKTOP/Age gate and Mega menu/Checkbox_CONFIRM AND ACKNOWLEDGE' is clicked on

2019-07-03 22:43:16 - [TEST_STEP][PASSED] - click(findTestObject("OCS-DESKTOP/Age gate and Mega menu/button_CONFIRM")): Object: 'Object Repository/OCS-DESKTOP/Age gate and Mega menu/button_CONFIRM' is clicked on

2019-07-03 22:43:16 - [MESSAGE][PASSED] - Object: 'Object Repository/OCS-DESKTOP/Age gate and Mega menu/button_CONFIRM' is clicked on

2019-07-03 22:43:16 - [TEST_STEP][PASSED] - click(findTestObject("OCS-DESKTOP/Age gate and Mega menu/button_Start Browsing")): Object: 'Object Repository/OCS-DESKTOP/Age gate and Mega menu/button_Start Browsing' is clicked on

2019-07-03 22:43:17 - [MESSAGE][PASSED] - Object: 'Object Repository/OCS-DESKTOP/Age gate and Mega menu/button_Start Browsing' is clicked on

2019-07-03 22:43:17 - [TEST_STEP][PASSED] - delay(2): Delayed 2 second(s)

2019-07-03 22:43:19 - [MESSAGE][PASSED] - Delayed 2 second(s)

2019-07-03 22:43:19 - [TEST_STEP][PASSED] - refresh(): Refresh successfully

2019-07-03 22:43:22 - [MESSAGE][PASSED] - Refresh successfully

2019-07-03 22:43:22 - [MESSAGE][PASSED] - Call Test Case 'Test Cases/OCS - DESKTOP/CALL- Age gate' successfully

2019-07-03 22:43:22 - [TEST_STEP][PASSED] - delay(2): Delayed 2 second(s)

2019-07-03 22:43:24 - [MESSAGE][PASSED] - Delayed 2 second(s)

2019-07-03 22:43:24 - [TEST_STEP][PASSED] - executeJavaScript("var previewBar = document.getElementById("preview-bar-iframe"); previewBar.style.display = "none";", []): Execute JavaScript 'var previewBar = document.getElementById("preview-bar-iframe"); previewBar.style.display = "none";' successfully

2019-07-03 22:43:24 - [MESSAGE][PASSED] - Execute JavaScript 'var previewBar = document.getElementById("preview-bar-iframe"); previewBar.style.display = "none";' successfully

2019-07-03 22:43:24 - [TEST_STEP][PASSED] - click(findTestObject("OCS-DESKTOP/Home - page/Return Policy")): Object: 'Object Repository/OCS-DESKTOP/Home - page/Return Policy' is clicked on

2019-07-03 22:43:27 - [MESSAGE][PASSED] - Object: 'Object Repository/OCS-DESKTOP/Home - page/Return Policy' is clicked on

2019-07-03 22:43:27 - [TEST_STEP][PASSED] - executeJavaScript("var previewBar = document.getElementById("preview-bar-iframe"); previewBar.style.display = "none";", []): Execute JavaScript 'var previewBar = document.getElementById("preview-bar-iframe"); previewBar.style.display = "none";' successfully

2019-07-03 22:43:27 - [MESSAGE][PASSED] - Execute JavaScript 'var previewBar = document.getElementById("preview-bar-iframe"); previewBar.style.display = "none";' successfully

2019-07-03 22:43:27 - [TEST_STEP][PASSED] - click(findTestObject("OCS-DESKTOP/Home - page/Glossary of terms")): Object: 'Object Repository/OCS-DESKTOP/Home - page/Glossary of terms' is clicked on

2019-07-03 22:43:28 - [MESSAGE][PASSED] - Object: 'Object Repository/OCS-DESKTOP/Home - page/Glossary of terms' is clicked on

2019-07-03 22:43:28 - [TEST_STEP][PASSED] - delay(2, OPTIONAL): Delayed 2 second(s)

2019-07-03 22:43:30 - [MESSAGE][PASSED] - Delayed 2 second(s)

2019-07-03 22:43:30 - [TEST_STEP][PASSED] - executeJavaScript("var previewBar = document.getElementById("preview-bar-iframe"); previewBar.style.display = "none";", []): Execute JavaScript 'var previewBar = document.getElementById("preview-bar-iframe"); previewBar.style.display = "none";' successfully

2019-07-03 22:43:30 - [MESSAGE][PASSED] - Execute JavaScript 'var previewBar = document.getElementById("preview-bar-iframe"); previewBar.style.display = "none";' successfully

2019-07-03 22:43:30 - [TEST_STEP][PASSED] - click(findTestObject("OCS-DESKTOP/Home - page/Product Recall")): Object: 'Object Repository/OCS-DESKTOP/Home - page/Product Recall' is clicked on

2019-07-03 22:43:33 - [MESSAGE][PASSED] - Object: 'Object Repository/OCS-DESKTOP/Home - page/Product Recall' is clicked on

2019-07-03 22:43:33 - [TEST_STEP][PASSED] - delay(2, OPTIONAL): Delayed 2 second(s)

2019-07-03 22:43:35 - [MESSAGE][PASSED] - Delayed 2 second(s)

2019-07-03 22:43:35 - [TEST_STEP][PASSED] - executeJavaScript("var previewBar = document.getElementById("preview-bar-iframe"); previewBar.style.display = "none";", []): Execute JavaScript 'var previewBar = document.getElementById("preview-bar-iframe"); previewBar.style.display = "none";' successfully

2019-07-03 22:43:35 - [MESSAGE][PASSED] - Execute JavaScript 'var previewBar = document.getElementById("preview-bar-iframe"); previewBar.style.display = "none";' successfully

2019-07-03 22:43:35 - [TEST_STEP][PASSED] - click(findTestObject("OCS-DESKTOP/Home - page/Government of Canada - Canna")): Object: 'Object Repository/OCS-DESKTOP/Home - page/Government of Canada - Canna' is clicked on

2019-07-03 22:43:35 - [MESSAGE][PASSED] - Object: 'Object Repository/OCS-DESKTOP/Home - page/Government of Canada - Canna' is clicked on

2019-07-03 22:43:35 - [TEST_STEP][PASSED] - delay(2): Delayed 2 second(s)

2019-07-03 22:43:37 - [MESSAGE][PASSED] - Delayed 2 second(s)

2019-07-03 22:43:37 - [TEST_STEP][PASSED] - delay(2, OPTIONAL): Delayed 2 second(s)

2019-07-03 22:43:39 - [MESSAGE][PASSED] - Delayed 2 second(s)

2019-07-03 22:43:39 - [TEST_STEP][PASSED] - executeJavaScript("var previewBar = document.getElementById("preview-bar-iframe"); previewBar.style.display = "none";", []): Execute JavaScript 'var previewBar = document.getElementById("preview-bar-iframe"); previewBar.style.display = "none";' successfully

2019-07-03 22:43:40 - [MESSAGE][PASSED] - Execute JavaScript 'var previewBar = document.getElementById("preview-bar-iframe"); previewBar.style.display = "none";' successfully

2019-07-03 22:43:40 - [TEST_STEP][PASSED] - click(findTestObject("OCS-DESKTOP/Home - page/Government of Ontario - Cann")): Object: 'Object Repository/OCS-DESKTOP/Home - page/Government of Ontario - Cann' is clicked on

2019-07-03 22:43:40 - [MESSAGE][PASSED] - Object: 'Object Repository/OCS-DESKTOP/Home - page/Government of Ontario - Cann' is clicked on

2019-07-03 22:43:40 - [TEST_STEP][PASSED] - executeJavaScript("var previewBar = document.getElementById("preview-bar-iframe"); previewBar.style.display = "none";", []): Execute JavaScript 'var previewBar = document.getElementById("preview-bar-iframe"); previewBar.style.display = "none";' successfully

2019-07-03 22:43:40 - [MESSAGE][PASSED] - Execute JavaScript 'var previewBar = document.getElementById("preview-bar-iframe"); previewBar.style.display = "none";' successfully

2019-07-03 22:43:40 - [TEST_STEP][PASSED] - click(findTestObject("OCS-DESKTOP/Home - page/About the OCS")): Object: 'Object Repository/OCS-DESKTOP/Home - page/About the OCS' is clicked on

2019-07-03 22:43:42 - [MESSAGE][PASSED] - Object: 'Object Repository/OCS-DESKTOP/Home - page/About the OCS' is clicked on

2019-07-03 22:43:42 - [TEST_STEP][PASSED] - delay(2): Delayed 2 second(s)

2019-07-03 22:43:44 - [MESSAGE][PASSED] - Delayed 2 second(s)

2019-07-03 22:43:44 - [TEST_STEP][PASSED] - executeJavaScript("var previewBar = document.getElementById("preview-bar-iframe"); previewBar.style.display = "none";", []): Execute JavaScript 'var previewBar = document.getElementById("preview-bar-iframe"); previewBar.style.display = "none";' successfully

2019-07-03 22:43:44 - [MESSAGE][PASSED] - Execute JavaScript 'var previewBar = document.getElementById("preview-bar-iframe"); previewBar.style.display = "none";' successfully

2019-07-03 22:43:44 - [TEST_STEP][PASSED] - click(findTestObject("OCS-DESKTOP/Home - page/Careers")): Object: 'Object Repository/OCS-DESKTOP/Home - page/Careers' is clicked on

2019-07-03 22:43:46 - [MESSAGE][PASSED] - Object: 'Object Repository/OCS-DESKTOP/Home - page/Careers' is clicked on

2019-07-03 22:43:46 - [TEST_STEP][PASSED] - delay(2): Delayed 2 second(s)

2019-07-03 22:43:48 - [MESSAGE][PASSED] - Delayed 2 second(s)

2019-07-03 22:43:48 - [TEST_STEP][PASSED] - delay(2, OPTIONAL): Delayed 2 second(s)

2019-07-03 22:43:50 - [MESSAGE][PASSED] - Delayed 2 second(s)

2019-07-03 22:43:50 - [TEST_STEP][PASSED] - executeJavaScript("var previewBar = document.getElementById("preview-bar-iframe"); previewBar.style.display = "none";", []): Execute JavaScript 'var previewBar = document.getElementById("preview-bar-iframe"); previewBar.style.display = "none";' successfully

2019-07-03 22:43:50 - [MESSAGE][PASSED] - Execute JavaScript 'var previewBar = document.getElementById("preview-bar-iframe"); previewBar.style.display = "none";' successfully

2019-07-03 22:43:50 - [TEST_STEP][PASSED] - click(findTestObject("OCS-DESKTOP/Home - page/News"), OPTIONAL): Object: 'Object Repository/OCS-DESKTOP/Home - page/News' is clicked on

2019-07-03 22:43:51 - [MESSAGE][PASSED] - Object: 'Object Repository/OCS-DESKTOP/Home - page/News' is clicked on

2019-07-03 22:43:51 - [TEST_STEP][PASSED] - delay(2): Delayed 2 second(s)

2019-07-03 22:43:53 - [MESSAGE][PASSED] - Delayed 2 second(s)

2019-07-03 22:43:53 - [TEST_STEP][PASSED] - executeJavaScript("var previewBar = document.getElementById("preview-bar-iframe"); previewBar.style.display = "none";", []): Execute JavaScript 'var previewBar = document.getElementById("preview-bar-iframe"); previewBar.style.display = "none";' successfully

2019-07-03 22:43:53 - [MESSAGE][PASSED] - Execute JavaScript 'var previewBar = document.getElementById("preview-bar-iframe"); previewBar.style.display = "none";' successfully

2019-07-03 22:43:53 - [TEST_STEP][PASSED] - click(findTestObject("OCS-DESKTOP/Home - page/Doing Business With OCS")): Object: 'Object Repository/OCS-DESKTOP/Home - page/Doing Business With OCS' is clicked on

2019-07-03 22:43:53 - [MESSAGE][PASSED] - Object: 'Object Repository/OCS-DESKTOP/Home - page/Doing Business With OCS' is clicked on

2019-07-03 22:43:53 - [TEST_STEP][PASSED] - delay(2): Delayed 2 second(s)

2019-07-03 22:43:55 - [MESSAGE][PASSED] - Delayed 2 second(s)

2019-07-03 22:43:55 - [TEST_STEP][PASSED] - executeJavaScript("var previewBar = document.getElementById("preview-bar-iframe"); previewBar.style.display = "none";", []): Execute JavaScript 'var previewBar = document.getElementById("preview-bar-iframe"); previewBar.style.display = "none";' successfully

2019-07-03 22:43:55 - [MESSAGE][PASSED] - Execute JavaScript 'var previewBar = document.getElementById("preview-bar-iframe"); previewBar.style.display = "none";' successfully

2019-07-03 22:43:55 - [TEST_STEP][PASSED] - click(findTestObject("OCS-DESKTOP/Home - page/Help us improve OCS.ca"), CONTINUE_ON_FAILURE): Object: 'Object Repository/OCS-DESKTOP/Home - page/Help us improve OCS.ca' is clicked on

2019-07-03 22:43:56 - [MESSAGE][PASSED] - Object: 'Object Repository/OCS-DESKTOP/Home - page/Help us improve OCS.ca' is clicked on

2019-07-03 22:43:56 - [TEST_STEP][PASSED] - delay(2): Delayed 2 second(s)

2019-07-03 22:43:58 - [MESSAGE][PASSED] - Delayed 2 second(s)

2019-07-03 22:43:58 - [TEST_STEP][PASSED] - executeJavaScript("var previewBar = document.getElementById("preview-bar-iframe"); previewBar.style.display = "none";", []): Execute JavaScript 'var previewBar = document.getElementById("preview-bar-iframe"); previewBar.style.display = "none";' successfully

2019-07-03 22:43:58 - [MESSAGE][PASSED] - Execute JavaScript 'var previewBar = document.getElementById("preview-bar-iframe"); previewBar.style.display = "none";' successfully

2019-07-03 22:43:58 - [TEST_STEP][PASSED] - click(findTestObject("OCS-DESKTOP/Home - page/Terms and Conditions")): Object: 'Object Repository/OCS-DESKTOP/Home - page/Terms and Conditions' is clicked on

2019-07-03 22:44:00 - [MESSAGE][PASSED] - Object: 'Object Repository/OCS-DESKTOP/Home - page/Terms and Conditions' is clicked on

2019-07-03 22:44:00 - [TEST_STEP][PASSED] - delay(2): Delayed 2 second(s)

2019-07-03 22:44:02 - [MESSAGE][PASSED] - Delayed 2 second(s)

2019-07-03 22:44:02 - [TEST_STEP][PASSED] - executeJavaScript("var previewBar = document.getElementById("preview-bar-iframe"); previewBar.style.display = "none";", []): Execute JavaScript 'var previewBar = document.getElementById("preview-bar-iframe"); previewBar.style.display = "none";' successfully

2019-07-03 22:44:02 - [MESSAGE][PASSED] - Execute JavaScript 'var previewBar = document.getElementById("preview-bar-iframe"); previewBar.style.display = "none";' successfully

2019-07-03 22:44:02 - [TEST_STEP][PASSED] - click(findTestObject("OCS-DESKTOP/Home - page/Privacy")): Object: 'Object Repository/OCS-DESKTOP/Home - page/Privacy' is clicked on

2019-07-03 22:44:05 - [MESSAGE][PASSED] - Object: 'Object Repository/OCS-DESKTOP/Home - page/Privacy' is clicked on

2019-07-03 22:44:05 - [TEST_STEP][PASSED] - executeJavaScript("var previewBar = document.getElementById("preview-bar-iframe"); previewBar.style.display = "none";", []): Execute JavaScript 'var previewBar = document.getElementById("preview-bar-iframe"); previewBar.style.display = "none";' successfully

2019-07-03 22:44:05 - [MESSAGE][PASSED] - Execute JavaScript 'var previewBar = document.getElementById("preview-bar-iframe"); previewBar.style.display = "none";' successfully

2019-07-03 22:44:05 - [TEST_STEP][PASSED] - delay(2): Delayed 2 second(s)

2019-07-03 22:44:07 - [MESSAGE][PASSED] - Delayed 2 second(s)

2019-07-03 22:44:07 - [TEST_STEP][PASSED] - click(findTestObject("OCS-DESKTOP/Home - page/Accessibility")): Object: 'Object Repository/OCS-DESKTOP/Home - page/Accessibility' is clicked on

2019-07-03 22:44:09 - [MESSAGE][PASSED] - Object: 'Object Repository/OCS-DESKTOP/Home - page/Accessibility' is clicked on

2019-07-03 22:44:09 - [TEST_STEP][PASSED] - delay(2): Delayed 2 second(s)

2019-07-03 22:44:11 - [MESSAGE][PASSED] - Delayed 2 second(s)

2019-07-03 22:44:11 - [TEST_STEP][PASSED] - executeJavaScript("var previewBar = document.getElementById("preview-bar-iframe"); previewBar.style.display = "none";", []): Execute JavaScript 'var previewBar = document.getElementById("preview-bar-iframe"); previewBar.style.display = "none";' successfully

2019-07-03 22:44:11 - [MESSAGE][PASSED] - Execute JavaScript 'var previewBar = document.getElementById("preview-bar-iframe"); previewBar.style.display = "none";' successfully

2019-07-03 22:44:11 - [TEST_STEP][PASSED] - click(findTestObject("OCS-DESKTOP/Home - page/Delivery to First Nations")): Object: 'Object Repository/OCS-DESKTOP/Home - page/Delivery to First Nations' is clicked on

2019-07-03 22:44:14 - [MESSAGE][PASSED] - Object: 'Object Repository/OCS-DESKTOP/Home - page/Delivery to First Nations' is clicked on

2019-07-03 22:44:14 - [TEST_STEP][PASSED] - delay(2): Delayed 2 second(s)

2019-07-03 22:44:16 - [MESSAGE][PASSED] - Delayed 2 second(s)

2019-07-03 22:44:16 - [TEST_STEP][PASSED] - executeJavaScript("var previewBar = document.getElementById("preview-bar-iframe"); previewBar.style.display = "none";", []): Execute JavaScript 'var previewBar = document.getElementById("preview-bar-iframe"); previewBar.style.display = "none";' successfully

2019-07-03 22:44:16 - [MESSAGE][PASSED] - Execute JavaScript 'var previewBar = document.getElementById("preview-bar-iframe"); previewBar.style.display = "none";' successfully

2019-07-03 22:44:16 - [TEST_STEP][PASSED] - click(findTestObject("OCS-DESKTOP/Home - page/Hello OCS image")): Object: 'Object Repository/OCS-DESKTOP/Home - page/Hello OCS image' is clicked on

2019-07-03 22:44:17 - [MESSAGE][PASSED] - Object: 'Object Repository/OCS-DESKTOP/Home - page/Hello OCS image' is clicked on

2019-07-03 22:44:17 - [TEST_STEP][PASSED] - delay(2): Delayed 2 second(s)

2019-07-03 22:44:19 - [MESSAGE][PASSED] - Delayed 2 second(s)

2019-07-03 22:44:19 - [TEST_STEP][PASSED] - click(findTestObject("OCS-DESKTOP/Home - page/twitter")): Object: 'Object Repository/OCS-DESKTOP/Home - page/twitter' is clicked on

2019-07-03 22:44:19 - [MESSAGE][PASSED] - Object: 'Object Repository/OCS-DESKTOP/Home - page/twitter' is clicked on]]></system-out>
         <system-err><![CDATA[]]></system-err>
      </testcase>
      <testcase name="Test Cases/OCS - DESKTOP/OCS- HOME PAGE/why trust OCS" classname="Test Cases/OCS - DESKTOP/OCS- HOME PAGE/why trust OCS" status="PASSED">
         <system-out><![CDATA[2019-07-03 22:44:19 - [TEST_CASE][PASSED] - Test Cases/OCS - DESKTOP/OCS- HOME PAGE/why trust OCS: Test Cases/OCS - DESKTOP/OCS- HOME PAGE/why trust OCS

2019-07-03 22:44:19 - [TEST_STEP][PASSED] - callTestCase(findTestCase("OCS - DESKTOP/CALL- Age gate"), [:], STOP_ON_FAILURE): Call Test Case 'Test Cases/OCS - DESKTOP/CALL- Age gate' successfully

2019-07-03 22:44:19 - [TEST_CASE][PASSED] - Test Cases/OCS - DESKTOP/CALL- Age gate: Test Cases/OCS - DESKTOP/CALL- Age gate

2019-07-03 22:44:19 - [TEST_STEP][PASSED] - openBrowser(""): Browser is opened with url: ''

2019-07-03 22:44:19 - [MESSAGE][WARNING] - A browser is already opened. Closing browser and opening a new one

2019-07-03 22:44:21 - [MESSAGE][INFO] - Starting 'Firefox' driver

2019-07-03 22:44:23 - [MESSAGE][PASSED] - Browser is opened with url: ''

2019-07-03 22:44:23 - [TEST_STEP][PASSED] - navigateToUrl("https://ocs.ca/?fts=0&preview_theme_id=74203891532"): Navigate to 'https://ocs.ca/?fts=0&preview_theme_id=74203891532' successfully

2019-07-03 22:44:30 - [MESSAGE][PASSED] - Navigate to 'https://ocs.ca/?fts=0&preview_theme_id=74203891532' successfully

2019-07-03 22:44:30 - [TEST_STEP][PASSED] - maximizeWindow(): Current window maximized

2019-07-03 22:44:31 - [MESSAGE][PASSED] - Current window maximized

2019-07-03 22:44:31 - [TEST_STEP][PASSED] - delay(2): Delayed 2 second(s)

2019-07-03 22:44:33 - [MESSAGE][PASSED] - Delayed 2 second(s)

2019-07-03 22:44:33 - [TEST_STEP][PASSED] - executeJavaScript("var previewBar = document.getElementById("preview-bar-iframe"); previewBar.style.display = "none";", []): Execute JavaScript 'var previewBar = document.getElementById("preview-bar-iframe"); previewBar.style.display = "none";' successfully

2019-07-03 22:44:33 - [MESSAGE][PASSED] - Execute JavaScript 'var previewBar = document.getElementById("preview-bar-iframe"); previewBar.style.display = "none";' successfully

2019-07-03 22:44:33 - [TEST_STEP][PASSED] - selectOptionByValue(findTestObject("OCS-DESKTOP/Age gate and Mega menu/Date"), "12", true): All options with value '12' are selected in object 'Object Repository/OCS-DESKTOP/Age gate and Mega menu/Date'  using regular expression

2019-07-03 22:44:34 - [MESSAGE][PASSED] - All options with value '12' are selected in object 'Object Repository/OCS-DESKTOP/Age gate and Mega menu/Date'  using regular expression

2019-07-03 22:44:34 - [TEST_STEP][PASSED] - selectOptionByValue(findTestObject("OCS-DESKTOP/Age gate and Mega menu/month"), "6", true): All options with value '6' are selected in object 'Object Repository/OCS-DESKTOP/Age gate and Mega menu/month'  using regular expression

2019-07-03 22:44:34 - [MESSAGE][PASSED] - All options with value '6' are selected in object 'Object Repository/OCS-DESKTOP/Age gate and Mega menu/month'  using regular expression

2019-07-03 22:44:34 - [TEST_STEP][PASSED] - delay(2): Delayed 2 second(s)

2019-07-03 22:44:36 - [MESSAGE][PASSED] - Delayed 2 second(s)

2019-07-03 22:44:36 - [TEST_STEP][PASSED] - selectOptionByValue(findTestObject("OCS-DESKTOP/Age gate and Mega menu/Year Dropdown"), "1990", true): All options with value '1990' are selected in object 'Object Repository/OCS-DESKTOP/Age gate and Mega menu/Year Dropdown'  using regular expression

2019-07-03 22:44:38 - [MESSAGE][PASSED] - All options with value '1990' are selected in object 'Object Repository/OCS-DESKTOP/Age gate and Mega menu/Year Dropdown'  using regular expression

2019-07-03 22:44:38 - [TEST_STEP][PASSED] - click(findTestObject("OCS-DESKTOP/Age gate and Mega menu/button_Verify")): Object: 'Object Repository/OCS-DESKTOP/Age gate and Mega menu/button_Verify' is clicked on

2019-07-03 22:44:38 - [MESSAGE][PASSED] - Object: 'Object Repository/OCS-DESKTOP/Age gate and Mega menu/button_Verify' is clicked on

2019-07-03 22:44:38 - [TEST_STEP][PASSED] - click(findTestObject("OCS-DESKTOP/Age gate and Mega menu/Checkbox_CONFIRM AND ACKNOWLEDGE")): Object: 'Object Repository/OCS-DESKTOP/Age gate and Mega menu/Checkbox_CONFIRM AND ACKNOWLEDGE' is clicked on

2019-07-03 22:44:38 - [MESSAGE][PASSED] - Object: 'Object Repository/OCS-DESKTOP/Age gate and Mega menu/Checkbox_CONFIRM AND ACKNOWLEDGE' is clicked on

2019-07-03 22:44:38 - [TEST_STEP][PASSED] - click(findTestObject("OCS-DESKTOP/Age gate and Mega menu/button_CONFIRM")): Object: 'Object Repository/OCS-DESKTOP/Age gate and Mega menu/button_CONFIRM' is clicked on

2019-07-03 22:44:38 - [MESSAGE][PASSED] - Object: 'Object Repository/OCS-DESKTOP/Age gate and Mega menu/button_CONFIRM' is clicked on

2019-07-03 22:44:38 - [TEST_STEP][PASSED] - click(findTestObject("OCS-DESKTOP/Age gate and Mega menu/button_Start Browsing")): Object: 'Object Repository/OCS-DESKTOP/Age gate and Mega menu/button_Start Browsing' is clicked on

2019-07-03 22:44:39 - [MESSAGE][PASSED] - Object: 'Object Repository/OCS-DESKTOP/Age gate and Mega menu/button_Start Browsing' is clicked on

2019-07-03 22:44:39 - [TEST_STEP][PASSED] - delay(2): Delayed 2 second(s)

2019-07-03 22:44:41 - [MESSAGE][PASSED] - Delayed 2 second(s)

2019-07-03 22:44:41 - [TEST_STEP][PASSED] - refresh(): Refresh successfully

2019-07-03 22:44:45 - [MESSAGE][PASSED] - Refresh successfully

2019-07-03 22:44:45 - [MESSAGE][PASSED] - Call Test Case 'Test Cases/OCS - DESKTOP/CALL- Age gate' successfully

2019-07-03 22:44:45 - [TEST_STEP][PASSED] - delay(2): Delayed 2 second(s)

2019-07-03 22:44:47 - [MESSAGE][PASSED] - Delayed 2 second(s)

2019-07-03 22:44:47 - [TEST_STEP][PASSED] - executeJavaScript("var previewBar = document.getElementById("preview-bar-iframe"); previewBar.style.display = "none";", []): Execute JavaScript 'var previewBar = document.getElementById("preview-bar-iframe"); previewBar.style.display = "none";' successfully

2019-07-03 22:44:47 - [MESSAGE][PASSED] - Execute JavaScript 'var previewBar = document.getElementById("preview-bar-iframe"); previewBar.style.display = "none";' successfully

2019-07-03 22:44:47 - [TEST_STEP][PASSED] - delay(1, OPTIONAL): Delayed 1 second(s)

2019-07-03 22:44:48 - [MESSAGE][PASSED] - Delayed 1 second(s)

2019-07-03 22:44:48 - [TEST_STEP][PASSED] - click(findTestObject("OCS-DESKTOP/Home - page/Why trust OCS -img")): Object: 'Object Repository/OCS-DESKTOP/Home - page/Why trust OCS -img' is clicked on

2019-07-03 22:44:50 - [MESSAGE][PASSED] - Object: 'Object Repository/OCS-DESKTOP/Home - page/Why trust OCS -img' is clicked on]]></system-out>
         <system-err><![CDATA[]]></system-err>
      </testcase>
      <testcase name="Test Cases/OCS - DESKTOP/OCS- HOME PAGE/How to choose cannabis-learn more" classname="Test Cases/OCS - DESKTOP/OCS- HOME PAGE/How to choose cannabis-learn more" status="PASSED">
         <system-out><![CDATA[2019-07-03 22:44:50 - [TEST_CASE][PASSED] - Test Cases/OCS - DESKTOP/OCS- HOME PAGE/How to choose cannabis-learn more: Test Cases/OCS - DESKTOP/OCS- HOME PAGE/How to choose cannabis-learn more

2019-07-03 22:44:50 - [TEST_STEP][PASSED] - callTestCase(findTestCase("OCS - DESKTOP/CALL- Age gate"), [:], STOP_ON_FAILURE): Call Test Case 'Test Cases/OCS - DESKTOP/CALL- Age gate' successfully

2019-07-03 22:44:50 - [TEST_CASE][PASSED] - Test Cases/OCS - DESKTOP/CALL- Age gate: Test Cases/OCS - DESKTOP/CALL- Age gate

2019-07-03 22:44:50 - [TEST_STEP][PASSED] - openBrowser(""): Browser is opened with url: ''

2019-07-03 22:44:50 - [MESSAGE][WARNING] - A browser is already opened. Closing browser and opening a new one

2019-07-03 22:44:50 - [MESSAGE][INFO] - Starting 'Firefox' driver

2019-07-03 22:44:52 - [MESSAGE][PASSED] - Browser is opened with url: ''

2019-07-03 22:44:52 - [TEST_STEP][PASSED] - navigateToUrl("https://ocs.ca/?fts=0&preview_theme_id=74203891532"): Navigate to 'https://ocs.ca/?fts=0&preview_theme_id=74203891532' successfully

2019-07-03 22:45:01 - [MESSAGE][PASSED] - Navigate to 'https://ocs.ca/?fts=0&preview_theme_id=74203891532' successfully

2019-07-03 22:45:01 - [TEST_STEP][PASSED] - maximizeWindow(): Current window maximized

2019-07-03 22:45:02 - [MESSAGE][PASSED] - Current window maximized

2019-07-03 22:45:02 - [TEST_STEP][PASSED] - delay(2): Delayed 2 second(s)

2019-07-03 22:45:04 - [MESSAGE][PASSED] - Delayed 2 second(s)

2019-07-03 22:45:04 - [TEST_STEP][PASSED] - executeJavaScript("var previewBar = document.getElementById("preview-bar-iframe"); previewBar.style.display = "none";", []): Execute JavaScript 'var previewBar = document.getElementById("preview-bar-iframe"); previewBar.style.display = "none";' successfully

2019-07-03 22:45:04 - [MESSAGE][PASSED] - Execute JavaScript 'var previewBar = document.getElementById("preview-bar-iframe"); previewBar.style.display = "none";' successfully

2019-07-03 22:45:04 - [TEST_STEP][PASSED] - selectOptionByValue(findTestObject("OCS-DESKTOP/Age gate and Mega menu/Date"), "12", true): All options with value '12' are selected in object 'Object Repository/OCS-DESKTOP/Age gate and Mega menu/Date'  using regular expression

2019-07-03 22:45:04 - [MESSAGE][PASSED] - All options with value '12' are selected in object 'Object Repository/OCS-DESKTOP/Age gate and Mega menu/Date'  using regular expression

2019-07-03 22:45:04 - [TEST_STEP][PASSED] - selectOptionByValue(findTestObject("OCS-DESKTOP/Age gate and Mega menu/month"), "6", true): All options with value '6' are selected in object 'Object Repository/OCS-DESKTOP/Age gate and Mega menu/month'  using regular expression

2019-07-03 22:45:05 - [MESSAGE][PASSED] - All options with value '6' are selected in object 'Object Repository/OCS-DESKTOP/Age gate and Mega menu/month'  using regular expression

2019-07-03 22:45:05 - [TEST_STEP][PASSED] - delay(2): Delayed 2 second(s)

2019-07-03 22:45:07 - [MESSAGE][PASSED] - Delayed 2 second(s)

2019-07-03 22:45:07 - [TEST_STEP][PASSED] - selectOptionByValue(findTestObject("OCS-DESKTOP/Age gate and Mega menu/Year Dropdown"), "1990", true): All options with value '1990' are selected in object 'Object Repository/OCS-DESKTOP/Age gate and Mega menu/Year Dropdown'  using regular expression

2019-07-03 22:45:08 - [MESSAGE][PASSED] - All options with value '1990' are selected in object 'Object Repository/OCS-DESKTOP/Age gate and Mega menu/Year Dropdown'  using regular expression

2019-07-03 22:45:08 - [TEST_STEP][PASSED] - click(findTestObject("OCS-DESKTOP/Age gate and Mega menu/button_Verify")): Object: 'Object Repository/OCS-DESKTOP/Age gate and Mega menu/button_Verify' is clicked on

2019-07-03 22:45:09 - [MESSAGE][PASSED] - Object: 'Object Repository/OCS-DESKTOP/Age gate and Mega menu/button_Verify' is clicked on

2019-07-03 22:45:09 - [TEST_STEP][PASSED] - click(findTestObject("OCS-DESKTOP/Age gate and Mega menu/Checkbox_CONFIRM AND ACKNOWLEDGE")): Object: 'Object Repository/OCS-DESKTOP/Age gate and Mega menu/Checkbox_CONFIRM AND ACKNOWLEDGE' is clicked on

2019-07-03 22:45:09 - [MESSAGE][PASSED] - Object: 'Object Repository/OCS-DESKTOP/Age gate and Mega menu/Checkbox_CONFIRM AND ACKNOWLEDGE' is clicked on

2019-07-03 22:45:09 - [TEST_STEP][PASSED] - click(findTestObject("OCS-DESKTOP/Age gate and Mega menu/button_CONFIRM")): Object: 'Object Repository/OCS-DESKTOP/Age gate and Mega menu/button_CONFIRM' is clicked on

2019-07-03 22:45:09 - [MESSAGE][PASSED] - Object: 'Object Repository/OCS-DESKTOP/Age gate and Mega menu/button_CONFIRM' is clicked on

2019-07-03 22:45:09 - [TEST_STEP][PASSED] - click(findTestObject("OCS-DESKTOP/Age gate and Mega menu/button_Start Browsing")): Object: 'Object Repository/OCS-DESKTOP/Age gate and Mega menu/button_Start Browsing' is clicked on

2019-07-03 22:45:09 - [MESSAGE][PASSED] - Object: 'Object Repository/OCS-DESKTOP/Age gate and Mega menu/button_Start Browsing' is clicked on

2019-07-03 22:45:09 - [TEST_STEP][PASSED] - delay(2): Delayed 2 second(s)

2019-07-03 22:45:11 - [MESSAGE][PASSED] - Delayed 2 second(s)

2019-07-03 22:45:11 - [TEST_STEP][PASSED] - refresh(): Refresh successfully

2019-07-03 22:45:16 - [MESSAGE][PASSED] - Refresh successfully

2019-07-03 22:45:16 - [MESSAGE][PASSED] - Call Test Case 'Test Cases/OCS - DESKTOP/CALL- Age gate' successfully

2019-07-03 22:45:16 - [TEST_STEP][PASSED] - delay(2, OPTIONAL): Delayed 2 second(s)

2019-07-03 22:45:18 - [MESSAGE][PASSED] - Delayed 2 second(s)

2019-07-03 22:45:18 - [TEST_STEP][PASSED] - executeJavaScript("var previewBar = document.getElementById("preview-bar-iframe"); previewBar.style.display = "none";", []): Execute JavaScript 'var previewBar = document.getElementById("preview-bar-iframe"); previewBar.style.display = "none";' successfully

2019-07-03 22:45:18 - [MESSAGE][PASSED] - Execute JavaScript 'var previewBar = document.getElementById("preview-bar-iframe"); previewBar.style.display = "none";' successfully

2019-07-03 22:45:18 - [TEST_STEP][PASSED] - click(findTestObject("OCS-DESKTOP/Home - page/a_Learn more- A brief history of cannabis")): Object: 'Object Repository/OCS-DESKTOP/Home - page/a_Learn more- A brief history of cannabis' is clicked on

2019-07-03 22:45:19 - [MESSAGE][PASSED] - Object: 'Object Repository/OCS-DESKTOP/Home - page/a_Learn more- A brief history of cannabis' is clicked on

2019-07-03 22:45:19 - [TEST_STEP][PASSED] - delay(2): Delayed 2 second(s)

2019-07-03 22:45:21 - [MESSAGE][PASSED] - Delayed 2 second(s)

2019-07-03 22:45:21 - [TEST_STEP][NOT_RUN] - click(findTestObject("OCS-DESKTOP/Home - page/OCS icon"), STOP_ON_FAILURE): NOT_RUN: click(findTestObject("OCS-DESKTOP/Home - page/OCS icon"), STOP_ON_FAILURE)

2019-07-03 22:45:21 - [MESSAGE][NOT_RUN] - NOT_RUN: click(findTestObject("OCS-DESKTOP/Home - page/OCS icon"), STOP_ON_FAILURE)

2019-07-03 22:45:21 - [TEST_STEP][PASSED] - back(): Navigate back successfully

2019-07-03 22:45:23 - [MESSAGE][PASSED] - Navigate back successfully

2019-07-03 22:45:23 - [TEST_STEP][PASSED] - delay(2): Delayed 2 second(s)

2019-07-03 22:45:25 - [MESSAGE][PASSED] - Delayed 2 second(s)

2019-07-03 22:45:25 - [TEST_STEP][PASSED] - executeJavaScript("var previewBar = document.getElementById("preview-bar-iframe"); previewBar.style.display = "none";", []): Execute JavaScript 'var previewBar = document.getElementById("preview-bar-iframe"); previewBar.style.display = "none";' successfully

2019-07-03 22:45:25 - [MESSAGE][PASSED] - Execute JavaScript 'var previewBar = document.getElementById("preview-bar-iframe"); previewBar.style.display = "none";' successfully

2019-07-03 22:45:25 - [TEST_STEP][PASSED] - click(findTestObject("OCS-DESKTOP/Home - page/a_Learn more- Tips for responsible use")): Object: 'Object Repository/OCS-DESKTOP/Home - page/a_Learn more- Tips for responsible use' is clicked on

2019-07-03 22:45:28 - [MESSAGE][PASSED] - Object: 'Object Repository/OCS-DESKTOP/Home - page/a_Learn more- Tips for responsible use' is clicked on]]></system-out>
         <system-err><![CDATA[]]></system-err>
      </testcase>
      <testcase name="Test Cases/OCS - DESKTOP/OCS- HOME PAGE/HP -Burger menu-FAQ" classname="Test Cases/OCS - DESKTOP/OCS- HOME PAGE/HP -Burger menu-FAQ" status="FAILED">
         <failure type="FAILED" message="Test Cases/OCS - DESKTOP/OCS- HOME PAGE/HP -Burger menu-FAQ FAILED.
Reason:
com.kms.katalon.core.exception.StepFailedException: Unable to click on object 'Object Repository/OCS-DESKTOP/FAQ page/Learn about OCS' (Root cause: com.kms.katalon.core.webui.exception.WebElementNotFoundException: Web element with id: 'Object Repository/OCS-DESKTOP/FAQ page/Learn about OCS' located by 'By.xpath: //a[contains(text(),'Learn about ocs')]' not found)
	at com.kms.katalon.core.keyword.internal.KeywordMain.stepFailed(KeywordMain.groovy:36)
	at com.kms.katalon.core.webui.keyword.internal.WebUIKeywordMain.stepFailed(WebUIKeywordMain.groovy:65)
	at com.kms.katalon.core.webui.keyword.internal.WebUIKeywordMain.runKeyword(WebUIKeywordMain.groovy:27)
	at com.kms.katalon.core.webui.keyword.builtin.ClickKeyword.click(ClickKeyword.groovy:86)
	at com.kms.katalon.core.webui.keyword.builtin.ClickKeyword.execute(ClickKeyword.groovy:67)
	at com.kms.katalon.core.keyword.internal.KeywordExecutor.executeKeywordForPlatform(KeywordExecutor.groovy:53)
	at com.kms.katalon.core.webui.keyword.WebUiBuiltInKeywords.click(WebUiBuiltInKeywords.groovy:616)
	at com.kms.katalon.core.webui.keyword.WebUiBuiltInKeywords$click$4.call(Unknown Source)
	at HP -Burger menu-FAQ.run(HP -Burger menu-FAQ:88)
	at com.kms.katalon.core.main.ScriptEngine.run(ScriptEngine.java:194)
	at com.kms.katalon.core.main.ScriptEngine.runScriptAsRawText(ScriptEngine.java:119)
	at com.kms.katalon.core.main.TestCaseExecutor.runScript(TestCaseExecutor.java:328)
	at com.kms.katalon.core.main.TestCaseExecutor.doExecute(TestCaseExecutor.java:319)
	at com.kms.katalon.core.main.TestCaseExecutor.processExecutionPhase(TestCaseExecutor.java:298)
	at com.kms.katalon.core.main.TestCaseExecutor.accessMainPhase(TestCaseExecutor.java:290)
	at com.kms.katalon.core.main.TestCaseExecutor.execute(TestCaseExecutor.java:224)
	at com.kms.katalon.core.main.TestSuiteExecutor.accessTestCaseMainPhase(TestSuiteExecutor.java:129)
	at com.kms.katalon.core.main.TestSuiteExecutor.accessTestSuiteMainPhase(TestSuiteExecutor.java:112)
	at com.kms.katalon.core.main.TestSuiteExecutor.execute(TestSuiteExecutor.java:81)
	at com.kms.katalon.core.main.TestCaseMain.startTestSuite(TestCaseMain.java:149)
	at com.kms.katalon.core.main.TestCaseMain$startTestSuite$0.call(Unknown Source)
	at TempTestSuite1562205541804.run(TempTestSuite1562205541804.groovy:36)
"/>
         <system-out><![CDATA[2019-07-03 22:45:28 - [TEST_CASE][FAILED] - Test Cases/OCS - DESKTOP/OCS- HOME PAGE/HP -Burger menu-FAQ: Test Cases/OCS - DESKTOP/OCS- HOME PAGE/HP -Burger menu-FAQ FAILED.
Reason:
com.kms.katalon.core.exception.StepFailedException: Unable to click on object 'Object Repository/OCS-DESKTOP/FAQ page/Learn about OCS' (Root cause: com.kms.katalon.core.webui.exception.WebElementNotFoundException: Web element with id: 'Object Repository/OCS-DESKTOP/FAQ page/Learn about OCS' located by 'By.xpath: //a[contains(text(),'Learn about ocs')]' not found)
	at com.kms.katalon.core.keyword.internal.KeywordMain.stepFailed(KeywordMain.groovy:36)
	at com.kms.katalon.core.webui.keyword.internal.WebUIKeywordMain.stepFailed(WebUIKeywordMain.groovy:65)
	at com.kms.katalon.core.webui.keyword.internal.WebUIKeywordMain.runKeyword(WebUIKeywordMain.groovy:27)
	at com.kms.katalon.core.webui.keyword.builtin.ClickKeyword.click(ClickKeyword.groovy:86)
	at com.kms.katalon.core.webui.keyword.builtin.ClickKeyword.execute(ClickKeyword.groovy:67)
	at com.kms.katalon.core.keyword.internal.KeywordExecutor.executeKeywordForPlatform(KeywordExecutor.groovy:53)
	at com.kms.katalon.core.webui.keyword.WebUiBuiltInKeywords.click(WebUiBuiltInKeywords.groovy:616)
	at com.kms.katalon.core.webui.keyword.WebUiBuiltInKeywords$click$4.call(Unknown Source)
	at HP -Burger menu-FAQ.run(HP -Burger menu-FAQ:88)
	at com.kms.katalon.core.main.ScriptEngine.run(ScriptEngine.java:194)
	at com.kms.katalon.core.main.ScriptEngine.runScriptAsRawText(ScriptEngine.java:119)
	at com.kms.katalon.core.main.TestCaseExecutor.runScript(TestCaseExecutor.java:328)
	at com.kms.katalon.core.main.TestCaseExecutor.doExecute(TestCaseExecutor.java:319)
	at com.kms.katalon.core.main.TestCaseExecutor.processExecutionPhase(TestCaseExecutor.java:298)
	at com.kms.katalon.core.main.TestCaseExecutor.accessMainPhase(TestCaseExecutor.java:290)
	at com.kms.katalon.core.main.TestCaseExecutor.execute(TestCaseExecutor.java:224)
	at com.kms.katalon.core.main.TestSuiteExecutor.accessTestCaseMainPhase(TestSuiteExecutor.java:129)
	at com.kms.katalon.core.main.TestSuiteExecutor.accessTestSuiteMainPhase(TestSuiteExecutor.java:112)
	at com.kms.katalon.core.main.TestSuiteExecutor.execute(TestSuiteExecutor.java:81)
	at com.kms.katalon.core.main.TestCaseMain.startTestSuite(TestCaseMain.java:149)
	at com.kms.katalon.core.main.TestCaseMain$startTestSuite$0.call(Unknown Source)
	at TempTestSuite1562205541804.run(TempTestSuite1562205541804.groovy:36)


2019-07-03 22:45:28 - [TEST_STEP][PASSED] - callTestCase(findTestCase("OCS - DESKTOP/CALL- Age gate"), [:], STOP_ON_FAILURE): Call Test Case 'Test Cases/OCS - DESKTOP/CALL- Age gate' successfully

2019-07-03 22:45:28 - [TEST_CASE][PASSED] - Test Cases/OCS - DESKTOP/CALL- Age gate: Test Cases/OCS - DESKTOP/CALL- Age gate

2019-07-03 22:45:28 - [TEST_STEP][PASSED] - openBrowser(""): Browser is opened with url: ''

2019-07-03 22:45:28 - [MESSAGE][WARNING] - A browser is already opened. Closing browser and opening a new one

2019-07-03 22:45:29 - [MESSAGE][INFO] - Starting 'Firefox' driver

2019-07-03 22:45:30 - [MESSAGE][PASSED] - Browser is opened with url: ''

2019-07-03 22:45:30 - [TEST_STEP][PASSED] - navigateToUrl("https://ocs.ca/?fts=0&preview_theme_id=74203891532"): Navigate to 'https://ocs.ca/?fts=0&preview_theme_id=74203891532' successfully

2019-07-03 22:45:36 - [MESSAGE][PASSED] - Navigate to 'https://ocs.ca/?fts=0&preview_theme_id=74203891532' successfully

2019-07-03 22:45:36 - [TEST_STEP][PASSED] - maximizeWindow(): Current window maximized

2019-07-03 22:45:36 - [MESSAGE][PASSED] - Current window maximized

2019-07-03 22:45:36 - [TEST_STEP][PASSED] - delay(2): Delayed 2 second(s)

2019-07-03 22:45:38 - [MESSAGE][PASSED] - Delayed 2 second(s)

2019-07-03 22:45:38 - [TEST_STEP][PASSED] - executeJavaScript("var previewBar = document.getElementById("preview-bar-iframe"); previewBar.style.display = "none";", []): Execute JavaScript 'var previewBar = document.getElementById("preview-bar-iframe"); previewBar.style.display = "none";' successfully

2019-07-03 22:45:38 - [MESSAGE][PASSED] - Execute JavaScript 'var previewBar = document.getElementById("preview-bar-iframe"); previewBar.style.display = "none";' successfully

2019-07-03 22:45:38 - [TEST_STEP][PASSED] - selectOptionByValue(findTestObject("OCS-DESKTOP/Age gate and Mega menu/Date"), "12", true): All options with value '12' are selected in object 'Object Repository/OCS-DESKTOP/Age gate and Mega menu/Date'  using regular expression

2019-07-03 22:45:39 - [MESSAGE][PASSED] - All options with value '12' are selected in object 'Object Repository/OCS-DESKTOP/Age gate and Mega menu/Date'  using regular expression

2019-07-03 22:45:39 - [TEST_STEP][PASSED] - selectOptionByValue(findTestObject("OCS-DESKTOP/Age gate and Mega menu/month"), "6", true): All options with value '6' are selected in object 'Object Repository/OCS-DESKTOP/Age gate and Mega menu/month'  using regular expression

2019-07-03 22:45:39 - [MESSAGE][PASSED] - All options with value '6' are selected in object 'Object Repository/OCS-DESKTOP/Age gate and Mega menu/month'  using regular expression

2019-07-03 22:45:39 - [TEST_STEP][PASSED] - delay(2): Delayed 2 second(s)

2019-07-03 22:45:41 - [MESSAGE][PASSED] - Delayed 2 second(s)

2019-07-03 22:45:41 - [TEST_STEP][PASSED] - selectOptionByValue(findTestObject("OCS-DESKTOP/Age gate and Mega menu/Year Dropdown"), "1990", true): All options with value '1990' are selected in object 'Object Repository/OCS-DESKTOP/Age gate and Mega menu/Year Dropdown'  using regular expression

2019-07-03 22:45:43 - [MESSAGE][PASSED] - All options with value '1990' are selected in object 'Object Repository/OCS-DESKTOP/Age gate and Mega menu/Year Dropdown'  using regular expression

2019-07-03 22:45:43 - [TEST_STEP][PASSED] - click(findTestObject("OCS-DESKTOP/Age gate and Mega menu/button_Verify")): Object: 'Object Repository/OCS-DESKTOP/Age gate and Mega menu/button_Verify' is clicked on

2019-07-03 22:45:43 - [MESSAGE][PASSED] - Object: 'Object Repository/OCS-DESKTOP/Age gate and Mega menu/button_Verify' is clicked on

2019-07-03 22:45:43 - [TEST_STEP][PASSED] - click(findTestObject("OCS-DESKTOP/Age gate and Mega menu/Checkbox_CONFIRM AND ACKNOWLEDGE")): Object: 'Object Repository/OCS-DESKTOP/Age gate and Mega menu/Checkbox_CONFIRM AND ACKNOWLEDGE' is clicked on

2019-07-03 22:45:43 - [MESSAGE][PASSED] - Object: 'Object Repository/OCS-DESKTOP/Age gate and Mega menu/Checkbox_CONFIRM AND ACKNOWLEDGE' is clicked on

2019-07-03 22:45:43 - [TEST_STEP][PASSED] - click(findTestObject("OCS-DESKTOP/Age gate and Mega menu/button_CONFIRM")): Object: 'Object Repository/OCS-DESKTOP/Age gate and Mega menu/button_CONFIRM' is clicked on

2019-07-03 22:45:44 - [MESSAGE][PASSED] - Object: 'Object Repository/OCS-DESKTOP/Age gate and Mega menu/button_CONFIRM' is clicked on

2019-07-03 22:45:44 - [TEST_STEP][PASSED] - click(findTestObject("OCS-DESKTOP/Age gate and Mega menu/button_Start Browsing")): Object: 'Object Repository/OCS-DESKTOP/Age gate and Mega menu/button_Start Browsing' is clicked on

2019-07-03 22:45:44 - [MESSAGE][PASSED] - Object: 'Object Repository/OCS-DESKTOP/Age gate and Mega menu/button_Start Browsing' is clicked on

2019-07-03 22:45:44 - [TEST_STEP][PASSED] - delay(2): Delayed 2 second(s)

2019-07-03 22:45:46 - [MESSAGE][PASSED] - Delayed 2 second(s)

2019-07-03 22:45:46 - [TEST_STEP][PASSED] - refresh(): Refresh successfully

2019-07-03 22:45:49 - [MESSAGE][PASSED] - Refresh successfully

2019-07-03 22:45:49 - [MESSAGE][PASSED] - Call Test Case 'Test Cases/OCS - DESKTOP/CALL- Age gate' successfully

2019-07-03 22:45:49 - [TEST_STEP][PASSED] - delay(2): Delayed 2 second(s)

2019-07-03 22:45:51 - [MESSAGE][PASSED] - Delayed 2 second(s)

2019-07-03 22:45:51 - [TEST_STEP][PASSED] - executeJavaScript("var previewBar = document.getElementById("preview-bar-iframe"); previewBar.style.display = "none";", []): Execute JavaScript 'var previewBar = document.getElementById("preview-bar-iframe"); previewBar.style.display = "none";' successfully

2019-07-03 22:45:52 - [MESSAGE][PASSED] - Execute JavaScript 'var previewBar = document.getElementById("preview-bar-iframe"); previewBar.style.display = "none";' successfully

2019-07-03 22:45:52 - [TEST_STEP][PASSED] - delay(2): Delayed 2 second(s)

2019-07-03 22:45:54 - [MESSAGE][PASSED] - Delayed 2 second(s)

2019-07-03 22:45:54 - [TEST_STEP][PASSED] - click(findTestObject("OCS-DESKTOP/Age gate and Mega menu/Header/FAQ menu - En")): Object: 'Object Repository/OCS-DESKTOP/Age gate and Mega menu/Header/FAQ menu - En' is clicked on

2019-07-03 22:45:55 - [MESSAGE][PASSED] - Object: 'Object Repository/OCS-DESKTOP/Age gate and Mega menu/Header/FAQ menu - En' is clicked on

2019-07-03 22:45:55 - [TEST_STEP][PASSED] - delay(2): Delayed 2 second(s)

2019-07-03 22:45:57 - [MESSAGE][PASSED] - Delayed 2 second(s)

2019-07-03 22:45:57 - [TEST_STEP][PASSED] - executeJavaScript("var previewBar = document.getElementById("preview-bar-iframe"); previewBar.style.display = "none";", []): Execute JavaScript 'var previewBar = document.getElementById("preview-bar-iframe"); previewBar.style.display = "none";' successfully

2019-07-03 22:45:57 - [MESSAGE][PASSED] - Execute JavaScript 'var previewBar = document.getElementById("preview-bar-iframe"); previewBar.style.display = "none";' successfully

2019-07-03 22:45:57 - [TEST_STEP][NOT_RUN] - scrollToElement(findTestObject("OCS-MOBILE /FAQ page/scroll view element"), 0): NOT_RUN: scrollToElement(findTestObject("OCS-MOBILE /FAQ page/scroll view element"), 0)

2019-07-03 22:45:57 - [MESSAGE][NOT_RUN] - NOT_RUN: scrollToElement(findTestObject("OCS-MOBILE /FAQ page/scroll view element"), 0)

2019-07-03 22:45:57 - [TEST_STEP][PASSED] - delay(1): Delayed 1 second(s)

2019-07-03 22:45:58 - [MESSAGE][PASSED] - Delayed 1 second(s)

2019-07-03 22:45:58 - [TEST_STEP][PASSED] - click(findTestObject("OCS-DESKTOP/FAQ page/Dropdown button -First chevron -open- FAQ")): Object: 'Object Repository/OCS-DESKTOP/FAQ page/Dropdown button -First chevron -open- FAQ' is clicked on

2019-07-03 22:45:59 - [MESSAGE][PASSED] - Object: 'Object Repository/OCS-DESKTOP/FAQ page/Dropdown button -First chevron -open- FAQ' is clicked on

2019-07-03 22:45:59 - [TEST_STEP][PASSED] - delay(1): Delayed 1 second(s)

2019-07-03 22:46:00 - [MESSAGE][PASSED] - Delayed 1 second(s)

2019-07-03 22:46:00 - [TEST_STEP][PASSED] - click(findTestObject("OCS-DESKTOP/FAQ page/Dropdown button -First chevron - close -FAQ")): Object: 'Object Repository/OCS-DESKTOP/FAQ page/Dropdown button -First chevron - close -FAQ' is clicked on

2019-07-03 22:46:00 - [MESSAGE][PASSED] - Object: 'Object Repository/OCS-DESKTOP/FAQ page/Dropdown button -First chevron - close -FAQ' is clicked on

2019-07-03 22:46:00 - [TEST_STEP][PASSED] - delay(1, OPTIONAL): Delayed 1 second(s)

2019-07-03 22:46:01 - [MESSAGE][PASSED] - Delayed 1 second(s)

2019-07-03 22:46:01 - [TEST_STEP][PASSED] - click(findTestObject("OCS-DESKTOP/FAQ page/First accordian - add")): Object: 'Object Repository/OCS-DESKTOP/FAQ page/First accordian - add' is clicked on

2019-07-03 22:46:01 - [MESSAGE][PASSED] - Object: 'Object Repository/OCS-DESKTOP/FAQ page/First accordian - add' is clicked on

2019-07-03 22:46:01 - [TEST_STEP][PASSED] - delay(1): Delayed 1 second(s)

2019-07-03 22:46:02 - [MESSAGE][PASSED] - Delayed 1 second(s)

2019-07-03 22:46:02 - [TEST_STEP][PASSED] - click(findTestObject("OCS-DESKTOP/FAQ page/First accordian - Subtract")): Object: 'Object Repository/OCS-DESKTOP/FAQ page/First accordian - Subtract' is clicked on

2019-07-03 22:46:02 - [MESSAGE][PASSED] - Object: 'Object Repository/OCS-DESKTOP/FAQ page/First accordian - Subtract' is clicked on

2019-07-03 22:46:02 - [TEST_STEP][PASSED] - delay(1): Delayed 1 second(s)

2019-07-03 22:46:03 - [MESSAGE][PASSED] - Delayed 1 second(s)

2019-07-03 22:46:03 - [TEST_STEP][PASSED] - click(findTestObject("OCS-DESKTOP/FAQ page/Second accordian- add")): Object: 'Object Repository/OCS-DESKTOP/FAQ page/Second accordian- add' is clicked on

2019-07-03 22:46:04 - [MESSAGE][PASSED] - Object: 'Object Repository/OCS-DESKTOP/FAQ page/Second accordian- add' is clicked on

2019-07-03 22:46:04 - [TEST_STEP][PASSED] - delay(1): Delayed 1 second(s)

2019-07-03 22:46:05 - [MESSAGE][PASSED] - Delayed 1 second(s)

2019-07-03 22:46:05 - [TEST_STEP][PASSED] - click(findTestObject("OCS-DESKTOP/FAQ page/Second accordian - subtract")): Object: 'Object Repository/OCS-DESKTOP/FAQ page/Second accordian - subtract' is clicked on

2019-07-03 22:46:05 - [MESSAGE][PASSED] - Object: 'Object Repository/OCS-DESKTOP/FAQ page/Second accordian - subtract' is clicked on

2019-07-03 22:46:05 - [TEST_STEP][PASSED] - delay(1): Delayed 1 second(s)

2019-07-03 22:46:06 - [MESSAGE][PASSED] - Delayed 1 second(s)

2019-07-03 22:46:06 - [TEST_STEP][PASSED] - click(findTestObject("OCS-DESKTOP/FAQ page/Load more1")): Object: 'Object Repository/OCS-DESKTOP/FAQ page/Load more1' is clicked on

2019-07-03 22:46:06 - [MESSAGE][PASSED] - Object: 'Object Repository/OCS-DESKTOP/FAQ page/Load more1' is clicked on

2019-07-03 22:46:06 - [TEST_STEP][PASSED] - delay(1): Delayed 1 second(s)

2019-07-03 22:46:07 - [MESSAGE][PASSED] - Delayed 1 second(s)

2019-07-03 22:46:07 - [TEST_STEP][PASSED] - click(findTestObject("OCS-DESKTOP/FAQ page/Loadmore2")): Object: 'Object Repository/OCS-DESKTOP/FAQ page/Loadmore2' is clicked on

2019-07-03 22:46:07 - [MESSAGE][PASSED] - Object: 'Object Repository/OCS-DESKTOP/FAQ page/Loadmore2' is clicked on

2019-07-03 22:46:07 - [TEST_STEP][PASSED] - delay(1): Delayed 1 second(s)

2019-07-03 22:46:08 - [MESSAGE][PASSED] - Delayed 1 second(s)

2019-07-03 22:46:08 - [TEST_STEP][PASSED] - click(findTestObject("OCS-DESKTOP/FAQ page/Loadmore3")): Object: 'Object Repository/OCS-DESKTOP/FAQ page/Loadmore3' is clicked on

2019-07-03 22:46:08 - [MESSAGE][PASSED] - Object: 'Object Repository/OCS-DESKTOP/FAQ page/Loadmore3' is clicked on

2019-07-03 22:46:08 - [TEST_STEP][PASSED] - delay(1): Delayed 1 second(s)

2019-07-03 22:46:09 - [MESSAGE][PASSED] - Delayed 1 second(s)

2019-07-03 22:46:09 - [TEST_STEP][PASSED] - click(findTestObject("OCS-DESKTOP/FAQ page/Learn about cannabis")): Object: 'Object Repository/OCS-DESKTOP/FAQ page/Learn about cannabis' is clicked on

2019-07-03 22:46:12 - [MESSAGE][PASSED] - Object: 'Object Repository/OCS-DESKTOP/FAQ page/Learn about cannabis' is clicked on

2019-07-03 22:46:12 - [TEST_STEP][PASSED] - delay(1, OPTIONAL): Delayed 1 second(s)

2019-07-03 22:46:13 - [MESSAGE][PASSED] - Delayed 1 second(s)

2019-07-03 22:46:13 - [TEST_STEP][PASSED] - executeJavaScript("var previewBar = document.getElementById("preview-bar-iframe"); previewBar.style.display = "none";", []): Execute JavaScript 'var previewBar = document.getElementById("preview-bar-iframe"); previewBar.style.display = "none";' successfully

2019-07-03 22:46:13 - [MESSAGE][PASSED] - Execute JavaScript 'var previewBar = document.getElementById("preview-bar-iframe"); previewBar.style.display = "none";' successfully

2019-07-03 22:46:13 - [TEST_STEP][PASSED] - click(findTestObject("OCS-DESKTOP/Age gate and Mega menu/Header/FAQ menu - En")): Object: 'Object Repository/OCS-DESKTOP/Age gate and Mega menu/Header/FAQ menu - En' is clicked on

2019-07-03 22:46:15 - [MESSAGE][PASSED] - Object: 'Object Repository/OCS-DESKTOP/Age gate and Mega menu/Header/FAQ menu - En' is clicked on

2019-07-03 22:46:15 - [TEST_STEP][PASSED] - executeJavaScript("var previewBar = document.getElementById("preview-bar-iframe"); previewBar.style.display = "none";", []): Execute JavaScript 'var previewBar = document.getElementById("preview-bar-iframe"); previewBar.style.display = "none";' successfully

2019-07-03 22:46:15 - [MESSAGE][PASSED] - Execute JavaScript 'var previewBar = document.getElementById("preview-bar-iframe"); previewBar.style.display = "none";' successfully

2019-07-03 22:46:15 - [TEST_STEP][PASSED] - click(findTestObject("OCS-DESKTOP/FAQ page/Loadmore4")): Object: 'Object Repository/OCS-DESKTOP/FAQ page/Loadmore4' is clicked on

2019-07-03 22:46:17 - [MESSAGE][PASSED] - Object: 'Object Repository/OCS-DESKTOP/FAQ page/Loadmore4' is clicked on

2019-07-03 22:46:17 - [TEST_STEP][PASSED] - delay(1, OPTIONAL): Delayed 1 second(s)

2019-07-03 22:46:18 - [MESSAGE][PASSED] - Delayed 1 second(s)

2019-07-03 22:46:18 - [TEST_STEP][FAILED] - click(findTestObject("OCS-DESKTOP/FAQ page/Learn about OCS")): click(findTestObject("OCS-DESKTOP/FAQ page/Learn about OCS")) FAILED.
Reason:
com.kms.katalon.core.exception.StepFailedException: Unable to click on object 'Object Repository/OCS-DESKTOP/FAQ page/Learn about OCS' (Root cause: com.kms.katalon.core.webui.exception.WebElementNotFoundException: Web element with id: 'Object Repository/OCS-DESKTOP/FAQ page/Learn about OCS' located by 'By.xpath: //a[contains(text(),'Learn about ocs')]' not found)
	at com.kms.katalon.core.keyword.internal.KeywordMain.stepFailed(KeywordMain.groovy:36)
	at com.kms.katalon.core.webui.keyword.internal.WebUIKeywordMain.stepFailed(WebUIKeywordMain.groovy:65)
	at com.kms.katalon.core.webui.keyword.internal.WebUIKeywordMain.runKeyword(WebUIKeywordMain.groovy:27)
	at com.kms.katalon.core.webui.keyword.builtin.ClickKeyword.click(ClickKeyword.groovy:86)
	at com.kms.katalon.core.webui.keyword.builtin.ClickKeyword.execute(ClickKeyword.groovy:67)
	at com.kms.katalon.core.keyword.internal.KeywordExecutor.executeKeywordForPlatform(KeywordExecutor.groovy:53)
	at com.kms.katalon.core.webui.keyword.WebUiBuiltInKeywords.click(WebUiBuiltInKeywords.groovy:616)
	at com.kms.katalon.core.webui.keyword.WebUiBuiltInKeywords$click$4.call(Unknown Source)
	at HP -Burger menu-FAQ.run(HP -Burger menu-FAQ:88)
	at com.kms.katalon.core.main.ScriptEngine.run(ScriptEngine.java:194)
	at com.kms.katalon.core.main.ScriptEngine.runScriptAsRawText(ScriptEngine.java:119)
	at com.kms.katalon.core.main.TestCaseExecutor.runScript(TestCaseExecutor.java:328)
	at com.kms.katalon.core.main.TestCaseExecutor.doExecute(TestCaseExecutor.java:319)
	at com.kms.katalon.core.main.TestCaseExecutor.processExecutionPhase(TestCaseExecutor.java:298)
	at com.kms.katalon.core.main.TestCaseExecutor.accessMainPhase(TestCaseExecutor.java:290)
	at com.kms.katalon.core.main.TestCaseExecutor.execute(TestCaseExecutor.java:224)
	at com.kms.katalon.core.main.TestSuiteExecutor.accessTestCaseMainPhase(TestSuiteExecutor.java:129)
	at com.kms.katalon.core.main.TestSuiteExecutor.accessTestSuiteMainPhase(TestSuiteExecutor.java:112)
	at com.kms.katalon.core.main.TestSuiteExecutor.execute(TestSuiteExecutor.java:81)
	at com.kms.katalon.core.main.TestCaseMain.startTestSuite(TestCaseMain.java:149)
	at com.kms.katalon.core.main.TestCaseMain$startTestSuite$0.call(Unknown Source)
	at TempTestSuite1562205541804.run(TempTestSuite1562205541804.groovy:36)


2019-07-03 22:46:48 - [MESSAGE][INFO] - Unable to find the element located by 'By.xpath: //a[contains(text(),'Learn about ocs')]'. Please recheck the objects properties to make sure the desired element is located. 

2019-07-03 22:46:48 - [MESSAGE][FAILED] - Unable to click on object 'Object Repository/OCS-DESKTOP/FAQ page/Learn about OCS' (Root cause: com.kms.katalon.core.webui.exception.WebElementNotFoundException: Web element with id: 'Object Repository/OCS-DESKTOP/FAQ page/Learn about OCS' located by 'By.xpath: //a[contains(text(),'Learn about ocs')]' not found)
[[ATTACHMENT|/Users/sumankompelly/Relative xpath-Desktop/Reports/1.11.2/20190703_215901/1562208408656.png]]

2019-07-03 22:46:48 - [MESSAGE][FAILED] - click(findTestObject("OCS-DESKTOP/FAQ page/Learn about OCS")) FAILED.
Reason:
com.kms.katalon.core.exception.StepFailedException: Unable to click on object 'Object Repository/OCS-DESKTOP/FAQ page/Learn about OCS' (Root cause: com.kms.katalon.core.webui.exception.WebElementNotFoundException: Web element with id: 'Object Repository/OCS-DESKTOP/FAQ page/Learn about OCS' located by 'By.xpath: //a[contains(text(),'Learn about ocs')]' not found)
	at com.kms.katalon.core.keyword.internal.KeywordMain.stepFailed(KeywordMain.groovy:36)
	at com.kms.katalon.core.webui.keyword.internal.WebUIKeywordMain.stepFailed(WebUIKeywordMain.groovy:65)
	at com.kms.katalon.core.webui.keyword.internal.WebUIKeywordMain.runKeyword(WebUIKeywordMain.groovy:27)
	at com.kms.katalon.core.webui.keyword.builtin.ClickKeyword.click(ClickKeyword.groovy:86)
	at com.kms.katalon.core.webui.keyword.builtin.ClickKeyword.execute(ClickKeyword.groovy:67)
	at com.kms.katalon.core.keyword.internal.KeywordExecutor.executeKeywordForPlatform(KeywordExecutor.groovy:53)
	at com.kms.katalon.core.webui.keyword.WebUiBuiltInKeywords.click(WebUiBuiltInKeywords.groovy:616)
	at com.kms.katalon.core.webui.keyword.WebUiBuiltInKeywords$click$4.call(Unknown Source)
	at HP -Burger menu-FAQ.run(HP -Burger menu-FAQ:88)
	at com.kms.katalon.core.main.ScriptEngine.run(ScriptEngine.java:194)
	at com.kms.katalon.core.main.ScriptEngine.runScriptAsRawText(ScriptEngine.java:119)
	at com.kms.katalon.core.main.TestCaseExecutor.runScript(TestCaseExecutor.java:328)
	at com.kms.katalon.core.main.TestCaseExecutor.doExecute(TestCaseExecutor.java:319)
	at com.kms.katalon.core.main.TestCaseExecutor.processExecutionPhase(TestCaseExecutor.java:298)
	at com.kms.katalon.core.main.TestCaseExecutor.accessMainPhase(TestCaseExecutor.java:290)
	at com.kms.katalon.core.main.TestCaseExecutor.execute(TestCaseExecutor.java:224)
	at com.kms.katalon.core.main.TestSuiteExecutor.accessTestCaseMainPhase(TestSuiteExecutor.java:129)
	at com.kms.katalon.core.main.TestSuiteExecutor.accessTestSuiteMainPhase(TestSuiteExecutor.java:112)
	at com.kms.katalon.core.main.TestSuiteExecutor.execute(TestSuiteExecutor.java:81)
	at com.kms.katalon.core.main.TestCaseMain.startTestSuite(TestCaseMain.java:149)
	at com.kms.katalon.core.main.TestCaseMain$startTestSuite$0.call(Unknown Source)
	at TempTestSuite1562205541804.run(TempTestSuite1562205541804.groovy:36)]]></system-out>
         <system-err><![CDATA[2019-07-03 22:45:28 - [TEST_CASE][FAILED] - Test Cases/OCS - DESKTOP/OCS- HOME PAGE/HP -Burger menu-FAQ: Test Cases/OCS - DESKTOP/OCS- HOME PAGE/HP -Burger menu-FAQ FAILED.
Reason:
com.kms.katalon.core.exception.StepFailedException: Unable to click on object 'Object Repository/OCS-DESKTOP/FAQ page/Learn about OCS' (Root cause: com.kms.katalon.core.webui.exception.WebElementNotFoundException: Web element with id: 'Object Repository/OCS-DESKTOP/FAQ page/Learn about OCS' located by 'By.xpath: //a[contains(text(),'Learn about ocs')]' not found)
	at com.kms.katalon.core.keyword.internal.KeywordMain.stepFailed(KeywordMain.groovy:36)
	at com.kms.katalon.core.webui.keyword.internal.WebUIKeywordMain.stepFailed(WebUIKeywordMain.groovy:65)
	at com.kms.katalon.core.webui.keyword.internal.WebUIKeywordMain.runKeyword(WebUIKeywordMain.groovy:27)
	at com.kms.katalon.core.webui.keyword.builtin.ClickKeyword.click(ClickKeyword.groovy:86)
	at com.kms.katalon.core.webui.keyword.builtin.ClickKeyword.execute(ClickKeyword.groovy:67)
	at com.kms.katalon.core.keyword.internal.KeywordExecutor.executeKeywordForPlatform(KeywordExecutor.groovy:53)
	at com.kms.katalon.core.webui.keyword.WebUiBuiltInKeywords.click(WebUiBuiltInKeywords.groovy:616)
	at com.kms.katalon.core.webui.keyword.WebUiBuiltInKeywords$click$4.call(Unknown Source)
	at HP -Burger menu-FAQ.run(HP -Burger menu-FAQ:88)
	at com.kms.katalon.core.main.ScriptEngine.run(ScriptEngine.java:194)
	at com.kms.katalon.core.main.ScriptEngine.runScriptAsRawText(ScriptEngine.java:119)
	at com.kms.katalon.core.main.TestCaseExecutor.runScript(TestCaseExecutor.java:328)
	at com.kms.katalon.core.main.TestCaseExecutor.doExecute(TestCaseExecutor.java:319)
	at com.kms.katalon.core.main.TestCaseExecutor.processExecutionPhase(TestCaseExecutor.java:298)
	at com.kms.katalon.core.main.TestCaseExecutor.accessMainPhase(TestCaseExecutor.java:290)
	at com.kms.katalon.core.main.TestCaseExecutor.execute(TestCaseExecutor.java:224)
	at com.kms.katalon.core.main.TestSuiteExecutor.accessTestCaseMainPhase(TestSuiteExecutor.java:129)
	at com.kms.katalon.core.main.TestSuiteExecutor.accessTestSuiteMainPhase(TestSuiteExecutor.java:112)
	at com.kms.katalon.core.main.TestSuiteExecutor.execute(TestSuiteExecutor.java:81)
	at com.kms.katalon.core.main.TestCaseMain.startTestSuite(TestCaseMain.java:149)
	at com.kms.katalon.core.main.TestCaseMain$startTestSuite$0.call(Unknown Source)
	at TempTestSuite1562205541804.run(TempTestSuite1562205541804.groovy:36)]]></system-err>
      </testcase>
      <testcase name="Test Cases/OCS - DESKTOP/OCS- HOME PAGE/HP- Burger menu- Learn" classname="Test Cases/OCS - DESKTOP/OCS- HOME PAGE/HP- Burger menu- Learn" status="FAILED">
         <failure type="FAILED" message="Test Cases/OCS - DESKTOP/OCS- HOME PAGE/HP- Burger menu- Learn FAILED.
Reason:
com.kms.katalon.core.exception.StepFailedException: Unable to verify text 'Six things to know before deciding to consume cannabis.' is present  using regular expression (Root cause: com.kms.katalon.core.exception.StepFailedException: Text 'Six things to know before deciding to consume cannabis.' is not present on page  using regular expression)
	at com.kms.katalon.core.keyword.internal.KeywordMain.stepFailed(KeywordMain.groovy:36)
	at com.kms.katalon.core.webui.keyword.internal.WebUIKeywordMain.stepFailed(WebUIKeywordMain.groovy:65)
	at com.kms.katalon.core.webui.keyword.internal.WebUIKeywordMain.runKeyword(WebUIKeywordMain.groovy:27)
	at com.kms.katalon.core.webui.keyword.builtin.VerifyTextPresentKeyword.verifyTextPresent(VerifyTextPresentKeyword.groovy:83)
	at com.kms.katalon.core.webui.keyword.builtin.VerifyTextPresentKeyword.execute(VerifyTextPresentKeyword.groovy:68)
	at com.kms.katalon.core.keyword.internal.KeywordExecutor.executeKeywordForPlatform(KeywordExecutor.groovy:53)
	at com.kms.katalon.core.webui.keyword.WebUiBuiltInKeywords.verifyTextPresent(WebUiBuiltInKeywords.groovy:1693)
	at com.kms.katalon.core.webui.keyword.WebUiBuiltInKeywords$verifyTextPresent$14.call(Unknown Source)
	at HP- Burger menu- Learn.run(HP- Burger menu- Learn:203)
	at com.kms.katalon.core.main.ScriptEngine.run(ScriptEngine.java:194)
	at com.kms.katalon.core.main.ScriptEngine.runScriptAsRawText(ScriptEngine.java:119)
	at com.kms.katalon.core.main.TestCaseExecutor.runScript(TestCaseExecutor.java:328)
	at com.kms.katalon.core.main.TestCaseExecutor.doExecute(TestCaseExecutor.java:319)
	at com.kms.katalon.core.main.TestCaseExecutor.processExecutionPhase(TestCaseExecutor.java:298)
	at com.kms.katalon.core.main.TestCaseExecutor.accessMainPhase(TestCaseExecutor.java:290)
	at com.kms.katalon.core.main.TestCaseExecutor.execute(TestCaseExecutor.java:224)
	at com.kms.katalon.core.main.TestSuiteExecutor.accessTestCaseMainPhase(TestSuiteExecutor.java:129)
	at com.kms.katalon.core.main.TestSuiteExecutor.accessTestSuiteMainPhase(TestSuiteExecutor.java:112)
	at com.kms.katalon.core.main.TestSuiteExecutor.execute(TestSuiteExecutor.java:81)
	at com.kms.katalon.core.main.TestCaseMain.startTestSuite(TestCaseMain.java:149)
	at com.kms.katalon.core.main.TestCaseMain$startTestSuite$0.call(Unknown Source)
	at TempTestSuite1562205541804.run(TempTestSuite1562205541804.groovy:36)
"/>
         <system-out><![CDATA[2019-07-03 22:46:48 - [TEST_CASE][FAILED] - Test Cases/OCS - DESKTOP/OCS- HOME PAGE/HP- Burger menu- Learn: Test Cases/OCS - DESKTOP/OCS- HOME PAGE/HP- Burger menu- Learn FAILED.
Reason:
com.kms.katalon.core.exception.StepFailedException: Unable to verify text 'Six things to know before deciding to consume cannabis.' is present  using regular expression (Root cause: com.kms.katalon.core.exception.StepFailedException: Text 'Six things to know before deciding to consume cannabis.' is not present on page  using regular expression)
	at com.kms.katalon.core.keyword.internal.KeywordMain.stepFailed(KeywordMain.groovy:36)
	at com.kms.katalon.core.webui.keyword.internal.WebUIKeywordMain.stepFailed(WebUIKeywordMain.groovy:65)
	at com.kms.katalon.core.webui.keyword.internal.WebUIKeywordMain.runKeyword(WebUIKeywordMain.groovy:27)
	at com.kms.katalon.core.webui.keyword.builtin.VerifyTextPresentKeyword.verifyTextPresent(VerifyTextPresentKeyword.groovy:83)
	at com.kms.katalon.core.webui.keyword.builtin.VerifyTextPresentKeyword.execute(VerifyTextPresentKeyword.groovy:68)
	at com.kms.katalon.core.keyword.internal.KeywordExecutor.executeKeywordForPlatform(KeywordExecutor.groovy:53)
	at com.kms.katalon.core.webui.keyword.WebUiBuiltInKeywords.verifyTextPresent(WebUiBuiltInKeywords.groovy:1693)
	at com.kms.katalon.core.webui.keyword.WebUiBuiltInKeywords$verifyTextPresent$14.call(Unknown Source)
	at HP- Burger menu- Learn.run(HP- Burger menu- Learn:203)
	at com.kms.katalon.core.main.ScriptEngine.run(ScriptEngine.java:194)
	at com.kms.katalon.core.main.ScriptEngine.runScriptAsRawText(ScriptEngine.java:119)
	at com.kms.katalon.core.main.TestCaseExecutor.runScript(TestCaseExecutor.java:328)
	at com.kms.katalon.core.main.TestCaseExecutor.doExecute(TestCaseExecutor.java:319)
	at com.kms.katalon.core.main.TestCaseExecutor.processExecutionPhase(TestCaseExecutor.java:298)
	at com.kms.katalon.core.main.TestCaseExecutor.accessMainPhase(TestCaseExecutor.java:290)
	at com.kms.katalon.core.main.TestCaseExecutor.execute(TestCaseExecutor.java:224)
	at com.kms.katalon.core.main.TestSuiteExecutor.accessTestCaseMainPhase(TestSuiteExecutor.java:129)
	at com.kms.katalon.core.main.TestSuiteExecutor.accessTestSuiteMainPhase(TestSuiteExecutor.java:112)
	at com.kms.katalon.core.main.TestSuiteExecutor.execute(TestSuiteExecutor.java:81)
	at com.kms.katalon.core.main.TestCaseMain.startTestSuite(TestCaseMain.java:149)
	at com.kms.katalon.core.main.TestCaseMain$startTestSuite$0.call(Unknown Source)
	at TempTestSuite1562205541804.run(TempTestSuite1562205541804.groovy:36)


2019-07-03 22:46:48 - [TEST_STEP][PASSED] - callTestCase(findTestCase("OCS - DESKTOP/CALL- Age gate"), [:], STOP_ON_FAILURE): Call Test Case 'Test Cases/OCS - DESKTOP/CALL- Age gate' successfully

2019-07-03 22:46:49 - [TEST_CASE][PASSED] - Test Cases/OCS - DESKTOP/CALL- Age gate: Test Cases/OCS - DESKTOP/CALL- Age gate

2019-07-03 22:46:49 - [TEST_STEP][PASSED] - openBrowser(""): Browser is opened with url: ''

2019-07-03 22:46:49 - [MESSAGE][WARNING] - A browser is already opened. Closing browser and opening a new one

2019-07-03 22:46:49 - [MESSAGE][INFO] - Starting 'Firefox' driver

2019-07-03 22:46:52 - [MESSAGE][PASSED] - Browser is opened with url: ''

2019-07-03 22:46:52 - [TEST_STEP][PASSED] - navigateToUrl("https://ocs.ca/?fts=0&preview_theme_id=74203891532"): Navigate to 'https://ocs.ca/?fts=0&preview_theme_id=74203891532' successfully

2019-07-03 22:46:59 - [MESSAGE][PASSED] - Navigate to 'https://ocs.ca/?fts=0&preview_theme_id=74203891532' successfully

2019-07-03 22:46:59 - [TEST_STEP][PASSED] - maximizeWindow(): Current window maximized

2019-07-03 22:46:59 - [MESSAGE][PASSED] - Current window maximized

2019-07-03 22:46:59 - [TEST_STEP][PASSED] - delay(2): Delayed 2 second(s)

2019-07-03 22:47:01 - [MESSAGE][PASSED] - Delayed 2 second(s)

2019-07-03 22:47:01 - [TEST_STEP][PASSED] - executeJavaScript("var previewBar = document.getElementById("preview-bar-iframe"); previewBar.style.display = "none";", []): Execute JavaScript 'var previewBar = document.getElementById("preview-bar-iframe"); previewBar.style.display = "none";' successfully

2019-07-03 22:47:01 - [MESSAGE][PASSED] - Execute JavaScript 'var previewBar = document.getElementById("preview-bar-iframe"); previewBar.style.display = "none";' successfully

2019-07-03 22:47:01 - [TEST_STEP][PASSED] - selectOptionByValue(findTestObject("OCS-DESKTOP/Age gate and Mega menu/Date"), "12", true): All options with value '12' are selected in object 'Object Repository/OCS-DESKTOP/Age gate and Mega menu/Date'  using regular expression

2019-07-03 22:47:02 - [MESSAGE][PASSED] - All options with value '12' are selected in object 'Object Repository/OCS-DESKTOP/Age gate and Mega menu/Date'  using regular expression

2019-07-03 22:47:02 - [TEST_STEP][PASSED] - selectOptionByValue(findTestObject("OCS-DESKTOP/Age gate and Mega menu/month"), "6", true): All options with value '6' are selected in object 'Object Repository/OCS-DESKTOP/Age gate and Mega menu/month'  using regular expression

2019-07-03 22:47:02 - [MESSAGE][PASSED] - All options with value '6' are selected in object 'Object Repository/OCS-DESKTOP/Age gate and Mega menu/month'  using regular expression

2019-07-03 22:47:02 - [TEST_STEP][PASSED] - delay(2): Delayed 2 second(s)

2019-07-03 22:47:04 - [MESSAGE][PASSED] - Delayed 2 second(s)

2019-07-03 22:47:04 - [TEST_STEP][PASSED] - selectOptionByValue(findTestObject("OCS-DESKTOP/Age gate and Mega menu/Year Dropdown"), "1990", true): All options with value '1990' are selected in object 'Object Repository/OCS-DESKTOP/Age gate and Mega menu/Year Dropdown'  using regular expression

2019-07-03 22:47:06 - [MESSAGE][PASSED] - All options with value '1990' are selected in object 'Object Repository/OCS-DESKTOP/Age gate and Mega menu/Year Dropdown'  using regular expression

2019-07-03 22:47:06 - [TEST_STEP][PASSED] - click(findTestObject("OCS-DESKTOP/Age gate and Mega menu/button_Verify")): Object: 'Object Repository/OCS-DESKTOP/Age gate and Mega menu/button_Verify' is clicked on

2019-07-03 22:47:06 - [MESSAGE][PASSED] - Object: 'Object Repository/OCS-DESKTOP/Age gate and Mega menu/button_Verify' is clicked on

2019-07-03 22:47:06 - [TEST_STEP][PASSED] - click(findTestObject("OCS-DESKTOP/Age gate and Mega menu/Checkbox_CONFIRM AND ACKNOWLEDGE")): Object: 'Object Repository/OCS-DESKTOP/Age gate and Mega menu/Checkbox_CONFIRM AND ACKNOWLEDGE' is clicked on

2019-07-03 22:47:06 - [MESSAGE][PASSED] - Object: 'Object Repository/OCS-DESKTOP/Age gate and Mega menu/Checkbox_CONFIRM AND ACKNOWLEDGE' is clicked on

2019-07-03 22:47:06 - [TEST_STEP][PASSED] - click(findTestObject("OCS-DESKTOP/Age gate and Mega menu/button_CONFIRM")): Object: 'Object Repository/OCS-DESKTOP/Age gate and Mega menu/button_CONFIRM' is clicked on

2019-07-03 22:47:06 - [MESSAGE][PASSED] - Object: 'Object Repository/OCS-DESKTOP/Age gate and Mega menu/button_CONFIRM' is clicked on

2019-07-03 22:47:06 - [TEST_STEP][PASSED] - click(findTestObject("OCS-DESKTOP/Age gate and Mega menu/button_Start Browsing")): Object: 'Object Repository/OCS-DESKTOP/Age gate and Mega menu/button_Start Browsing' is clicked on

2019-07-03 22:47:07 - [MESSAGE][PASSED] - Object: 'Object Repository/OCS-DESKTOP/Age gate and Mega menu/button_Start Browsing' is clicked on

2019-07-03 22:47:07 - [TEST_STEP][PASSED] - delay(2): Delayed 2 second(s)

2019-07-03 22:47:09 - [MESSAGE][PASSED] - Delayed 2 second(s)

2019-07-03 22:47:09 - [TEST_STEP][PASSED] - refresh(): Refresh successfully

2019-07-03 22:47:11 - [MESSAGE][PASSED] - Refresh successfully

2019-07-03 22:47:11 - [MESSAGE][PASSED] - Call Test Case 'Test Cases/OCS - DESKTOP/CALL- Age gate' successfully

2019-07-03 22:47:11 - [TEST_STEP][PASSED] - delay(2, CONTINUE_ON_FAILURE): Delayed 2 second(s)

2019-07-03 22:47:13 - [MESSAGE][PASSED] - Delayed 2 second(s)

2019-07-03 22:47:13 - [TEST_STEP][PASSED] - click(findTestObject("OCS-DESKTOP/Age gate and Mega menu/Header/LEARN menu - En")): Object: 'Object Repository/OCS-DESKTOP/Age gate and Mega menu/Header/LEARN menu - En' is clicked on

2019-07-03 22:47:13 - [MESSAGE][PASSED] - Object: 'Object Repository/OCS-DESKTOP/Age gate and Mega menu/Header/LEARN menu - En' is clicked on

2019-07-03 22:47:13 - [TEST_STEP][PASSED] - delay(2): Delayed 2 second(s)

2019-07-03 22:47:15 - [MESSAGE][PASSED] - Delayed 2 second(s)

2019-07-03 22:47:15 - [TEST_STEP][PASSED] - click(findTestObject("OCS-DESKTOP/LEARN page/How cannabis works")): Object: 'Object Repository/OCS-DESKTOP/LEARN page/How cannabis works' is clicked on

2019-07-03 22:47:17 - [MESSAGE][PASSED] - Object: 'Object Repository/OCS-DESKTOP/LEARN page/How cannabis works' is clicked on

2019-07-03 22:47:17 - [TEST_STEP][PASSED] - delay(2, CONTINUE_ON_FAILURE): Delayed 2 second(s)

2019-07-03 22:47:19 - [MESSAGE][PASSED] - Delayed 2 second(s)

2019-07-03 22:47:19 - [TEST_STEP][PASSED] - click(findTestObject("OCS-DESKTOP/Age gate and Mega menu/Header/LEARN menu - En")): Object: 'Object Repository/OCS-DESKTOP/Age gate and Mega menu/Header/LEARN menu - En' is clicked on

2019-07-03 22:47:19 - [MESSAGE][PASSED] - Object: 'Object Repository/OCS-DESKTOP/Age gate and Mega menu/Header/LEARN menu - En' is clicked on

2019-07-03 22:47:19 - [TEST_STEP][PASSED] - delay(2, CONTINUE_ON_FAILURE): Delayed 2 second(s)

2019-07-03 22:47:21 - [MESSAGE][PASSED] - Delayed 2 second(s)

2019-07-03 22:47:21 - [TEST_STEP][PASSED] - click(findTestObject("OCS-DESKTOP/LEARN page/The Effects of Cannabis")): Object: 'Object Repository/OCS-DESKTOP/LEARN page/The Effects of Cannabis' is clicked on

2019-07-03 22:47:22 - [MESSAGE][PASSED] - Object: 'Object Repository/OCS-DESKTOP/LEARN page/The Effects of Cannabis' is clicked on

2019-07-03 22:47:22 - [TEST_STEP][PASSED] - verifyTextPresent("The Effects of Cannabis", true): Text 'The Effects of Cannabis' is present on page  using regular expression

2019-07-03 22:47:23 - [MESSAGE][PASSED] - Text 'The Effects of Cannabis' is present on page  using regular expression

2019-07-03 22:47:23 - [TEST_STEP][PASSED] - delay(2): Delayed 2 second(s)

2019-07-03 22:47:25 - [MESSAGE][PASSED] - Delayed 2 second(s)

2019-07-03 22:47:25 - [TEST_STEP][PASSED] - click(findTestObject("OCS-DESKTOP/Age gate and Mega menu/Header/LEARN menu - En"), CONTINUE_ON_FAILURE): Object: 'Object Repository/OCS-DESKTOP/Age gate and Mega menu/Header/LEARN menu - En' is clicked on

2019-07-03 22:47:25 - [MESSAGE][PASSED] - Object: 'Object Repository/OCS-DESKTOP/Age gate and Mega menu/Header/LEARN menu - En' is clicked on

2019-07-03 22:47:25 - [TEST_STEP][PASSED] - delay(2, CONTINUE_ON_FAILURE): Delayed 2 second(s)

2019-07-03 22:47:27 - [MESSAGE][PASSED] - Delayed 2 second(s)

2019-07-03 22:47:27 - [TEST_STEP][PASSED] - click(findTestObject("OCS-DESKTOP/LEARN page/Endocannabinoids chevron")): Object: 'Object Repository/OCS-DESKTOP/LEARN page/Endocannabinoids chevron' is clicked on

2019-07-03 22:47:30 - [MESSAGE][PASSED] - Object: 'Object Repository/OCS-DESKTOP/LEARN page/Endocannabinoids chevron' is clicked on

2019-07-03 22:47:30 - [TEST_STEP][PASSED] - verifyTextPresent("The Endocannabinoid System", true): Text 'The Endocannabinoid System' is present on page  using regular expression

2019-07-03 22:47:31 - [MESSAGE][PASSED] - Text 'The Endocannabinoid System' is present on page  using regular expression

2019-07-03 22:47:31 - [TEST_STEP][PASSED] - delay(2): Delayed 2 second(s)

2019-07-03 22:47:33 - [MESSAGE][PASSED] - Delayed 2 second(s)

2019-07-03 22:47:33 - [TEST_STEP][PASSED] - click(findTestObject("OCS-DESKTOP/Age gate and Mega menu/Header/LEARN menu - En"), CONTINUE_ON_FAILURE): Object: 'Object Repository/OCS-DESKTOP/Age gate and Mega menu/Header/LEARN menu - En' is clicked on

2019-07-03 22:47:33 - [MESSAGE][PASSED] - Object: 'Object Repository/OCS-DESKTOP/Age gate and Mega menu/Header/LEARN menu - En' is clicked on

2019-07-03 22:47:33 - [TEST_STEP][PASSED] - delay(2, CONTINUE_ON_FAILURE): Delayed 2 second(s)

2019-07-03 22:47:35 - [MESSAGE][PASSED] - Delayed 2 second(s)

2019-07-03 22:47:35 - [TEST_STEP][PASSED] - click(findTestObject("OCS-DESKTOP/LEARN page/Read More -1")): Object: 'Object Repository/OCS-DESKTOP/LEARN page/Read More -1' is clicked on

2019-07-03 22:47:37 - [MESSAGE][PASSED] - Object: 'Object Repository/OCS-DESKTOP/LEARN page/Read More -1' is clicked on

2019-07-03 22:47:37 - [TEST_STEP][PASSED] - verifyTextPresent("The human reaction to cannabis.", false): Text 'The human reaction to cannabis.' is present on page 

2019-07-03 22:47:38 - [MESSAGE][PASSED] - Text 'The human reaction to cannabis.' is present on page 

2019-07-03 22:47:38 - [TEST_STEP][PASSED] - delay(2): Delayed 2 second(s)

2019-07-03 22:47:40 - [MESSAGE][PASSED] - Delayed 2 second(s)

2019-07-03 22:47:40 - [TEST_STEP][PASSED] - click(findTestObject("OCS-DESKTOP/Age gate and Mega menu/Header/LEARN menu - En"), CONTINUE_ON_FAILURE): Object: 'Object Repository/OCS-DESKTOP/Age gate and Mega menu/Header/LEARN menu - En' is clicked on

2019-07-03 22:47:40 - [MESSAGE][PASSED] - Object: 'Object Repository/OCS-DESKTOP/Age gate and Mega menu/Header/LEARN menu - En' is clicked on

2019-07-03 22:47:40 - [TEST_STEP][PASSED] - delay(2): Delayed 2 second(s)

2019-07-03 22:47:42 - [MESSAGE][PASSED] - Delayed 2 second(s)

2019-07-03 22:47:42 - [TEST_STEP][PASSED] - click(findTestObject("OCS-DESKTOP/LEARN page/Cannabis anatomy")): Object: 'Object Repository/OCS-DESKTOP/LEARN page/Cannabis anatomy' is clicked on

2019-07-03 22:47:43 - [MESSAGE][PASSED] - Object: 'Object Repository/OCS-DESKTOP/LEARN page/Cannabis anatomy' is clicked on

2019-07-03 22:47:43 - [TEST_STEP][PASSED] - delay(2): Delayed 2 second(s)

2019-07-03 22:47:45 - [MESSAGE][PASSED] - Delayed 2 second(s)

2019-07-03 22:47:45 - [TEST_STEP][PASSED] - click(findTestObject("OCS-DESKTOP/Age gate and Mega menu/Header/LEARN menu - En"), CONTINUE_ON_FAILURE): Object: 'Object Repository/OCS-DESKTOP/Age gate and Mega menu/Header/LEARN menu - En' is clicked on

2019-07-03 22:47:46 - [MESSAGE][PASSED] - Object: 'Object Repository/OCS-DESKTOP/Age gate and Mega menu/Header/LEARN menu - En' is clicked on

2019-07-03 22:47:46 - [TEST_STEP][PASSED] - delay(2): Delayed 2 second(s)

2019-07-03 22:47:48 - [MESSAGE][PASSED] - Delayed 2 second(s)

2019-07-03 22:47:48 - [TEST_STEP][PASSED] - click(findTestObject("OCS-DESKTOP/LEARN page/CBD")): Object: 'Object Repository/OCS-DESKTOP/LEARN page/CBD' is clicked on

2019-07-03 22:47:49 - [MESSAGE][PASSED] - Object: 'Object Repository/OCS-DESKTOP/LEARN page/CBD' is clicked on

2019-07-03 22:47:49 - [TEST_STEP][PASSED] - delay(2): Delayed 2 second(s)

2019-07-03 22:47:51 - [MESSAGE][PASSED] - Delayed 2 second(s)

2019-07-03 22:47:51 - [TEST_STEP][PASSED] - verifyTextPresent("CANNABIS ANATOMY", false, CONTINUE_ON_FAILURE): Text 'CANNABIS ANATOMY' is present on page 

2019-07-03 22:47:51 - [MESSAGE][PASSED] - Text 'CANNABIS ANATOMY' is present on page 

2019-07-03 22:47:51 - [TEST_STEP][PASSED] - delay(2): Delayed 2 second(s)

2019-07-03 22:47:53 - [MESSAGE][PASSED] - Delayed 2 second(s)

2019-07-03 22:47:53 - [TEST_STEP][PASSED] - click(findTestObject("OCS-DESKTOP/Age gate and Mega menu/Header/LEARN menu - En"), CONTINUE_ON_FAILURE): Object: 'Object Repository/OCS-DESKTOP/Age gate and Mega menu/Header/LEARN menu - En' is clicked on

2019-07-03 22:47:53 - [MESSAGE][PASSED] - Object: 'Object Repository/OCS-DESKTOP/Age gate and Mega menu/Header/LEARN menu - En' is clicked on

2019-07-03 22:47:53 - [TEST_STEP][PASSED] - delay(2, CONTINUE_ON_FAILURE): Delayed 2 second(s)

2019-07-03 22:47:55 - [MESSAGE][PASSED] - Delayed 2 second(s)

2019-07-03 22:47:55 - [TEST_STEP][PASSED] - click(findTestObject("OCS-DESKTOP/LEARN page/Terpenes")): Object: 'Object Repository/OCS-DESKTOP/LEARN page/Terpenes' is clicked on

2019-07-03 22:47:56 - [MESSAGE][PASSED] - Object: 'Object Repository/OCS-DESKTOP/LEARN page/Terpenes' is clicked on

2019-07-03 22:47:56 - [TEST_STEP][NOT_RUN] - click(findTestObject("Learn_spy/Page_Ontario Cannabis Store  Ontari/h3_Learn")): NOT_RUN: click(findTestObject("Learn_spy/Page_Ontario Cannabis Store  Ontari/h3_Learn"))

2019-07-03 22:47:56 - [MESSAGE][NOT_RUN] - NOT_RUN: click(findTestObject("Learn_spy/Page_Ontario Cannabis Store  Ontari/h3_Learn"))

2019-07-03 22:47:56 - [TEST_STEP][NOT_RUN] - click(findTestObject("Object Repository/Learn_OR/Page_The Effects of Cannabis  Ontar/a_Read More")): NOT_RUN: click(findTestObject("Object Repository/Learn_OR/Page_The Effects of Cannabis  Ontar/a_Read More"))

2019-07-03 22:47:56 - [MESSAGE][NOT_RUN] - NOT_RUN: click(findTestObject("Object Repository/Learn_OR/Page_The Effects of Cannabis  Ontar/a_Read More"))

2019-07-03 22:47:56 - [TEST_STEP][PASSED] - verifyTextPresent("Terpenes give cannabis strains their unique aromas.", true): Text 'Terpenes give cannabis strains their unique aromas.' is present on page  using regular expression

2019-07-03 22:47:57 - [MESSAGE][PASSED] - Text 'Terpenes give cannabis strains their unique aromas.' is present on page  using regular expression

2019-07-03 22:47:57 - [TEST_STEP][NOT_RUN] - click(findTestObject("Learn_spy/Page_Ontario Cannabis Store  Ontari/h3_Learn")): NOT_RUN: click(findTestObject("Learn_spy/Page_Ontario Cannabis Store  Ontari/h3_Learn"))

2019-07-03 22:47:57 - [MESSAGE][NOT_RUN] - NOT_RUN: click(findTestObject("Learn_spy/Page_Ontario Cannabis Store  Ontari/h3_Learn"))

2019-07-03 22:47:57 - [TEST_STEP][NOT_RUN] - click(findTestObject("Object Repository/Learn_OR/Page_How Cannabis Works  Ontario Ca/span_Cannabis Anatomy")): NOT_RUN: click(findTestObject("Object Repository/Learn_OR/Page_How Cannabis Works  Ontario Ca/span_Cannabis Anatomy"))

2019-07-03 22:47:57 - [MESSAGE][NOT_RUN] - NOT_RUN: click(findTestObject("Object Repository/Learn_OR/Page_How Cannabis Works  Ontario Ca/span_Cannabis Anatomy"))

2019-07-03 22:47:57 - [TEST_STEP][NOT_RUN] - click(findTestObject("Learn_spy/Page_Ontario Cannabis Store  Ontari/h3_Learn")): NOT_RUN: click(findTestObject("Learn_spy/Page_Ontario Cannabis Store  Ontari/h3_Learn"))

2019-07-03 22:47:57 - [MESSAGE][NOT_RUN] - NOT_RUN: click(findTestObject("Learn_spy/Page_Ontario Cannabis Store  Ontari/h3_Learn"))

2019-07-03 22:47:57 - [TEST_STEP][NOT_RUN] - verifyTextPresent("Terpenes give cannabis strains their unique aromas.", true): NOT_RUN: verifyTextPresent("Terpenes give cannabis strains their unique aromas.", true)

2019-07-03 22:47:57 - [MESSAGE][NOT_RUN] - NOT_RUN: verifyTextPresent("Terpenes give cannabis strains their unique aromas.", true)

2019-07-03 22:47:57 - [TEST_STEP][PASSED] - delay(2): Delayed 2 second(s)

2019-07-03 22:47:59 - [MESSAGE][PASSED] - Delayed 2 second(s)

2019-07-03 22:47:59 - [TEST_STEP][PASSED] - click(findTestObject("OCS-DESKTOP/Age gate and Mega menu/Header/LEARN menu - En"), CONTINUE_ON_FAILURE): Object: 'Object Repository/OCS-DESKTOP/Age gate and Mega menu/Header/LEARN menu - En' is clicked on

2019-07-03 22:47:59 - [MESSAGE][PASSED] - Object: 'Object Repository/OCS-DESKTOP/Age gate and Mega menu/Header/LEARN menu - En' is clicked on

2019-07-03 22:47:59 - [TEST_STEP][PASSED] - delay(1): Delayed 1 second(s)

2019-07-03 22:48:00 - [MESSAGE][PASSED] - Delayed 1 second(s)

2019-07-03 22:48:00 - [TEST_STEP][PASSED] - click(findTestObject("OCS-DESKTOP/LEARN page/THC")): Object: 'Object Repository/OCS-DESKTOP/LEARN page/THC' is clicked on

2019-07-03 22:48:03 - [MESSAGE][PASSED] - Object: 'Object Repository/OCS-DESKTOP/LEARN page/THC' is clicked on

2019-07-03 22:48:03 - [TEST_STEP][PASSED] - verifyTextPresent("THC is the component in cannabis that is primarily responsible for its intoxicating, psychoactive effects.", true): Text 'THC is the component in cannabis that is primarily responsible for its intoxicating, psychoactive effects.' is present on page  using regular expression

2019-07-03 22:48:03 - [MESSAGE][PASSED] - Text 'THC is the component in cannabis that is primarily responsible for its intoxicating, psychoactive effects.' is present on page  using regular expression

2019-07-03 22:48:03 - [TEST_STEP][PASSED] - delay(2): Delayed 2 second(s)

2019-07-03 22:48:05 - [MESSAGE][PASSED] - Delayed 2 second(s)

2019-07-03 22:48:05 - [TEST_STEP][PASSED] - click(findTestObject("OCS-DESKTOP/Age gate and Mega menu/Header/LEARN menu - En"), CONTINUE_ON_FAILURE): Object: 'Object Repository/OCS-DESKTOP/Age gate and Mega menu/Header/LEARN menu - En' is clicked on

2019-07-03 22:48:06 - [MESSAGE][PASSED] - Object: 'Object Repository/OCS-DESKTOP/Age gate and Mega menu/Header/LEARN menu - En' is clicked on

2019-07-03 22:48:06 - [TEST_STEP][PASSED] - delay(1): Delayed 1 second(s)

2019-07-03 22:48:07 - [MESSAGE][PASSED] - Delayed 1 second(s)

2019-07-03 22:48:07 - [TEST_STEP][PASSED] - click(findTestObject("OCS-DESKTOP/LEARN page/Read More -2"), STOP_ON_FAILURE): Object: 'Object Repository/OCS-DESKTOP/LEARN page/Read More -2' is clicked on

2019-07-03 22:48:10 - [MESSAGE][PASSED] - Object: 'Object Repository/OCS-DESKTOP/LEARN page/Read More -2' is clicked on

2019-07-03 22:48:10 - [TEST_STEP][PASSED] - delay(2, CONTINUE_ON_FAILURE): Delayed 2 second(s)

2019-07-03 22:48:12 - [MESSAGE][PASSED] - Delayed 2 second(s)

2019-07-03 22:48:12 - [TEST_STEP][PASSED] - verifyTextPresent("The components of a complex plant.", true): Text 'The components of a complex plant.' is present on page  using regular expression

2019-07-03 22:48:12 - [MESSAGE][PASSED] - Text 'The components of a complex plant.' is present on page  using regular expression

2019-07-03 22:48:12 - [TEST_STEP][PASSED] - delay(2): Delayed 2 second(s)

2019-07-03 22:48:14 - [MESSAGE][PASSED] - Delayed 2 second(s)

2019-07-03 22:48:14 - [TEST_STEP][PASSED] - click(findTestObject("OCS-DESKTOP/Age gate and Mega menu/Header/LEARN menu - En"), CONTINUE_ON_FAILURE): Object: 'Object Repository/OCS-DESKTOP/Age gate and Mega menu/Header/LEARN menu - En' is clicked on

2019-07-03 22:48:14 - [MESSAGE][PASSED] - Object: 'Object Repository/OCS-DESKTOP/Age gate and Mega menu/Header/LEARN menu - En' is clicked on

2019-07-03 22:48:14 - [TEST_STEP][PASSED] - delay(2): Delayed 2 second(s)

2019-07-03 22:48:16 - [MESSAGE][PASSED] - Delayed 2 second(s)

2019-07-03 22:48:16 - [TEST_STEP][PASSED] - click(findTestObject("OCS-DESKTOP/LEARN page/Cannabis Consumption")): Object: 'Object Repository/OCS-DESKTOP/LEARN page/Cannabis Consumption' is clicked on

2019-07-03 22:48:19 - [MESSAGE][PASSED] - Object: 'Object Repository/OCS-DESKTOP/LEARN page/Cannabis Consumption' is clicked on

2019-07-03 22:48:19 - [TEST_STEP][PASSED] - delay(1): Delayed 1 second(s)

2019-07-03 22:48:20 - [MESSAGE][PASSED] - Delayed 1 second(s)

2019-07-03 22:48:20 - [TEST_STEP][PASSED] - click(findTestObject("OCS-DESKTOP/Age gate and Mega menu/Header/LEARN menu - En"), CONTINUE_ON_FAILURE): Object: 'Object Repository/OCS-DESKTOP/Age gate and Mega menu/Header/LEARN menu - En' is clicked on

2019-07-03 22:48:20 - [MESSAGE][PASSED] - Object: 'Object Repository/OCS-DESKTOP/Age gate and Mega menu/Header/LEARN menu - En' is clicked on

2019-07-03 22:48:20 - [TEST_STEP][PASSED] - delay(1): Delayed 1 second(s)

2019-07-03 22:48:21 - [MESSAGE][PASSED] - Delayed 1 second(s)

2019-07-03 22:48:21 - [TEST_STEP][PASSED] - click(findTestObject("OCS-DESKTOP/LEARN page/Cooking with cannabis")): Object: 'Object Repository/OCS-DESKTOP/LEARN page/Cooking with cannabis' is clicked on

2019-07-03 22:48:24 - [MESSAGE][PASSED] - Object: 'Object Repository/OCS-DESKTOP/LEARN page/Cooking with cannabis' is clicked on

2019-07-03 22:48:24 - [TEST_STEP][PASSED] - verifyTextPresent("Cannabis-infused foods are becoming more common, and careful preparation is required to avoid overconsumption.", true): Text 'Cannabis-infused foods are becoming more common, and careful preparation is required to avoid overconsumption.' is present on page  using regular expression

2019-07-03 22:48:24 - [MESSAGE][PASSED] - Text 'Cannabis-infused foods are becoming more common, and careful preparation is required to avoid overconsumption.' is present on page  using regular expression

2019-07-03 22:48:24 - [TEST_STEP][PASSED] - delay(2): Delayed 2 second(s)

2019-07-03 22:48:26 - [MESSAGE][PASSED] - Delayed 2 second(s)

2019-07-03 22:48:26 - [TEST_STEP][PASSED] - click(findTestObject("OCS-DESKTOP/Age gate and Mega menu/Header/LEARN menu - En"), CONTINUE_ON_FAILURE): Object: 'Object Repository/OCS-DESKTOP/Age gate and Mega menu/Header/LEARN menu - En' is clicked on

2019-07-03 22:48:26 - [MESSAGE][PASSED] - Object: 'Object Repository/OCS-DESKTOP/Age gate and Mega menu/Header/LEARN menu - En' is clicked on

2019-07-03 22:48:26 - [TEST_STEP][PASSED] - delay(2, CONTINUE_ON_FAILURE): Delayed 2 second(s)

2019-07-03 22:48:28 - [MESSAGE][PASSED] - Delayed 2 second(s)

2019-07-03 22:48:28 - [TEST_STEP][PASSED] - click(findTestObject("OCS-DESKTOP/LEARN page/storing cannabis - chevron")): Object: 'Object Repository/OCS-DESKTOP/LEARN page/storing cannabis - chevron' is clicked on

2019-07-03 22:48:31 - [MESSAGE][PASSED] - Object: 'Object Repository/OCS-DESKTOP/LEARN page/storing cannabis - chevron' is clicked on

2019-07-03 22:48:31 - [TEST_STEP][PASSED] - verifyTextPresent("How to keep your family safe and your cannabis from spoiling.", true): Text 'How to keep your family safe and your cannabis from spoiling.' is present on page  using regular expression

2019-07-03 22:48:32 - [MESSAGE][PASSED] - Text 'How to keep your family safe and your cannabis from spoiling.' is present on page  using regular expression

2019-07-03 22:48:32 - [TEST_STEP][PASSED] - delay(2): Delayed 2 second(s)

2019-07-03 22:48:34 - [MESSAGE][PASSED] - Delayed 2 second(s)

2019-07-03 22:48:34 - [TEST_STEP][PASSED] - click(findTestObject("OCS-DESKTOP/Age gate and Mega menu/Header/LEARN menu - En"), CONTINUE_ON_FAILURE): Object: 'Object Repository/OCS-DESKTOP/Age gate and Mega menu/Header/LEARN menu - En' is clicked on

2019-07-03 22:48:34 - [MESSAGE][PASSED] - Object: 'Object Repository/OCS-DESKTOP/Age gate and Mega menu/Header/LEARN menu - En' is clicked on

2019-07-03 22:48:34 - [TEST_STEP][PASSED] - delay(2, CONTINUE_ON_FAILURE): Delayed 2 second(s)

2019-07-03 22:48:36 - [MESSAGE][PASSED] - Delayed 2 second(s)

2019-07-03 22:48:36 - [TEST_STEP][PASSED] - click(findTestObject("OCS-DESKTOP/LEARN page/Growing cannabis - chevron")): Object: 'Object Repository/OCS-DESKTOP/LEARN page/Growing cannabis - chevron' is clicked on

2019-07-03 22:48:39 - [MESSAGE][PASSED] - Object: 'Object Repository/OCS-DESKTOP/LEARN page/Growing cannabis - chevron' is clicked on

2019-07-03 22:48:39 - [TEST_STEP][PASSED] - verifyTextPresent("It is legal in Ontario to own and grow up to 4 cannabis plants in your own residential dwelling. Get beginner growing tips here.", true): Text 'It is legal in Ontario to own and grow up to 4 cannabis plants in your own residential dwelling. Get beginner growing tips here.' is present on page  using regular expression

2019-07-03 22:48:39 - [MESSAGE][PASSED] - Text 'It is legal in Ontario to own and grow up to 4 cannabis plants in your own residential dwelling. Get beginner growing tips here.' is present on page  using regular expression

2019-07-03 22:48:39 - [TEST_STEP][PASSED] - delay(2): Delayed 2 second(s)

2019-07-03 22:48:41 - [MESSAGE][PASSED] - Delayed 2 second(s)

2019-07-03 22:48:41 - [TEST_STEP][PASSED] - click(findTestObject("OCS-DESKTOP/Age gate and Mega menu/Header/LEARN menu - En"), CONTINUE_ON_FAILURE): Object: 'Object Repository/OCS-DESKTOP/Age gate and Mega menu/Header/LEARN menu - En' is clicked on

2019-07-03 22:48:41 - [MESSAGE][PASSED] - Object: 'Object Repository/OCS-DESKTOP/Age gate and Mega menu/Header/LEARN menu - En' is clicked on

2019-07-03 22:48:41 - [TEST_STEP][PASSED] - delay(2): Delayed 2 second(s)

2019-07-03 22:48:43 - [MESSAGE][PASSED] - Delayed 2 second(s)

2019-07-03 22:48:43 - [TEST_STEP][PASSED] - click(findTestObject("OCS-DESKTOP/LEARN page/Read More -3")): Object: 'Object Repository/OCS-DESKTOP/LEARN page/Read More -3' is clicked on

2019-07-03 22:48:44 - [MESSAGE][PASSED] - Object: 'Object Repository/OCS-DESKTOP/LEARN page/Read More -3' is clicked on

2019-07-03 22:48:44 - [TEST_STEP][PASSED] - delay(2): Delayed 2 second(s)

2019-07-03 22:48:46 - [MESSAGE][PASSED] - Delayed 2 second(s)

2019-07-03 22:48:46 - [TEST_STEP][PASSED] - click(findTestObject("OCS-DESKTOP/Age gate and Mega menu/Header/LEARN menu - En"), CONTINUE_ON_FAILURE): Object: 'Object Repository/OCS-DESKTOP/Age gate and Mega menu/Header/LEARN menu - En' is clicked on

2019-07-03 22:48:47 - [MESSAGE][PASSED] - Object: 'Object Repository/OCS-DESKTOP/Age gate and Mega menu/Header/LEARN menu - En' is clicked on

2019-07-03 22:48:47 - [TEST_STEP][PASSED] - delay(2, CONTINUE_ON_FAILURE): Delayed 2 second(s)

2019-07-03 22:48:49 - [MESSAGE][PASSED] - Delayed 2 second(s)

2019-07-03 22:48:49 - [TEST_STEP][PASSED] - click(findTestObject("OCS-DESKTOP/LEARN page/How to Choose Cannabis Products")): Object: 'Object Repository/OCS-DESKTOP/LEARN page/How to Choose Cannabis Products' is clicked on

2019-07-03 22:48:50 - [MESSAGE][PASSED] - Object: 'Object Repository/OCS-DESKTOP/LEARN page/How to Choose Cannabis Products' is clicked on

2019-07-03 22:48:50 - [TEST_STEP][PASSED] - delay(1): Delayed 1 second(s)

2019-07-03 22:48:51 - [MESSAGE][PASSED] - Delayed 1 second(s)

2019-07-03 22:48:51 - [TEST_STEP][PASSED] - click(findTestObject("OCS-DESKTOP/Age gate and Mega menu/Header/LEARN menu - En"), CONTINUE_ON_FAILURE): Object: 'Object Repository/OCS-DESKTOP/Age gate and Mega menu/Header/LEARN menu - En' is clicked on

2019-07-03 22:48:51 - [MESSAGE][PASSED] - Object: 'Object Repository/OCS-DESKTOP/Age gate and Mega menu/Header/LEARN menu - En' is clicked on

2019-07-03 22:48:51 - [TEST_STEP][PASSED] - delay(1): Delayed 1 second(s)

2019-07-03 22:48:52 - [MESSAGE][PASSED] - Delayed 1 second(s)

2019-07-03 22:48:52 - [TEST_STEP][PASSED] - click(findTestObject("OCS-DESKTOP/LEARN page/Reading a product label - chevron")): Object: 'Object Repository/OCS-DESKTOP/LEARN page/Reading a product label - chevron' is clicked on

2019-07-03 22:48:55 - [MESSAGE][PASSED] - Object: 'Object Repository/OCS-DESKTOP/LEARN page/Reading a product label - chevron' is clicked on

2019-07-03 22:48:55 - [TEST_STEP][PASSED] - delay(2): Delayed 2 second(s)

2019-07-03 22:48:57 - [MESSAGE][PASSED] - Delayed 2 second(s)

2019-07-03 22:48:57 - [TEST_STEP][PASSED] - click(findTestObject("OCS-DESKTOP/Age gate and Mega menu/Header/LEARN menu - En"), CONTINUE_ON_FAILURE): Object: 'Object Repository/OCS-DESKTOP/Age gate and Mega menu/Header/LEARN menu - En' is clicked on

2019-07-03 22:48:57 - [MESSAGE][PASSED] - Object: 'Object Repository/OCS-DESKTOP/Age gate and Mega menu/Header/LEARN menu - En' is clicked on

2019-07-03 22:48:57 - [TEST_STEP][PASSED] - delay(1): Delayed 1 second(s)

2019-07-03 22:48:58 - [MESSAGE][PASSED] - Delayed 1 second(s)

2019-07-03 22:48:58 - [TEST_STEP][PASSED] - click(findTestObject("OCS-DESKTOP/LEARN page/cannabinoid content - chveron")): Object: 'Object Repository/OCS-DESKTOP/LEARN page/cannabinoid content - chveron' is clicked on

2019-07-03 22:48:59 - [MESSAGE][PASSED] - Object: 'Object Repository/OCS-DESKTOP/LEARN page/cannabinoid content - chveron' is clicked on

2019-07-03 22:48:59 - [TEST_STEP][PASSED] - verifyTextPresent("Understanding Cannabinoid Content on Product Labels", true): Text 'Understanding Cannabinoid Content on Product Labels' is present on page  using regular expression

2019-07-03 22:49:00 - [MESSAGE][PASSED] - Text 'Understanding Cannabinoid Content on Product Labels' is present on page  using regular expression

2019-07-03 22:49:00 - [TEST_STEP][PASSED] - delay(2): Delayed 2 second(s)

2019-07-03 22:49:02 - [MESSAGE][PASSED] - Delayed 2 second(s)

2019-07-03 22:49:02 - [TEST_STEP][PASSED] - click(findTestObject("OCS-DESKTOP/Age gate and Mega menu/Header/LEARN menu - En"), CONTINUE_ON_FAILURE): Object: 'Object Repository/OCS-DESKTOP/Age gate and Mega menu/Header/LEARN menu - En' is clicked on

2019-07-03 22:49:02 - [MESSAGE][PASSED] - Object: 'Object Repository/OCS-DESKTOP/Age gate and Mega menu/Header/LEARN menu - En' is clicked on

2019-07-03 22:49:02 - [TEST_STEP][PASSED] - delay(2, CONTINUE_ON_FAILURE): Delayed 2 second(s)

2019-07-03 22:49:04 - [MESSAGE][PASSED] - Delayed 2 second(s)

2019-07-03 22:49:04 - [TEST_STEP][PASSED] - click(findTestObject("OCS-DESKTOP/LEARN page/Factors in Choosing Canna - chevron")): Object: 'Object Repository/OCS-DESKTOP/LEARN page/Factors in Choosing Canna - chevron' is clicked on

2019-07-03 22:49:05 - [MESSAGE][PASSED] - Object: 'Object Repository/OCS-DESKTOP/LEARN page/Factors in Choosing Canna - chevron' is clicked on

2019-07-03 22:49:05 - [TEST_STEP][FAILED] - verifyTextPresent("Six things to know before deciding to consume cannabis.", true): verifyTextPresent("Six things to know before deciding to consume cannabis.", true) FAILED.
Reason:
com.kms.katalon.core.exception.StepFailedException: Unable to verify text 'Six things to know before deciding to consume cannabis.' is present  using regular expression (Root cause: com.kms.katalon.core.exception.StepFailedException: Text 'Six things to know before deciding to consume cannabis.' is not present on page  using regular expression)
	at com.kms.katalon.core.keyword.internal.KeywordMain.stepFailed(KeywordMain.groovy:36)
	at com.kms.katalon.core.webui.keyword.internal.WebUIKeywordMain.stepFailed(WebUIKeywordMain.groovy:65)
	at com.kms.katalon.core.webui.keyword.internal.WebUIKeywordMain.runKeyword(WebUIKeywordMain.groovy:27)
	at com.kms.katalon.core.webui.keyword.builtin.VerifyTextPresentKeyword.verifyTextPresent(VerifyTextPresentKeyword.groovy:83)
	at com.kms.katalon.core.webui.keyword.builtin.VerifyTextPresentKeyword.execute(VerifyTextPresentKeyword.groovy:68)
	at com.kms.katalon.core.keyword.internal.KeywordExecutor.executeKeywordForPlatform(KeywordExecutor.groovy:53)
	at com.kms.katalon.core.webui.keyword.WebUiBuiltInKeywords.verifyTextPresent(WebUiBuiltInKeywords.groovy:1693)
	at com.kms.katalon.core.webui.keyword.WebUiBuiltInKeywords$verifyTextPresent$14.call(Unknown Source)
	at HP- Burger menu- Learn.run(HP- Burger menu- Learn:203)
	at com.kms.katalon.core.main.ScriptEngine.run(ScriptEngine.java:194)
	at com.kms.katalon.core.main.ScriptEngine.runScriptAsRawText(ScriptEngine.java:119)
	at com.kms.katalon.core.main.TestCaseExecutor.runScript(TestCaseExecutor.java:328)
	at com.kms.katalon.core.main.TestCaseExecutor.doExecute(TestCaseExecutor.java:319)
	at com.kms.katalon.core.main.TestCaseExecutor.processExecutionPhase(TestCaseExecutor.java:298)
	at com.kms.katalon.core.main.TestCaseExecutor.accessMainPhase(TestCaseExecutor.java:290)
	at com.kms.katalon.core.main.TestCaseExecutor.execute(TestCaseExecutor.java:224)
	at com.kms.katalon.core.main.TestSuiteExecutor.accessTestCaseMainPhase(TestSuiteExecutor.java:129)
	at com.kms.katalon.core.main.TestSuiteExecutor.accessTestSuiteMainPhase(TestSuiteExecutor.java:112)
	at com.kms.katalon.core.main.TestSuiteExecutor.execute(TestSuiteExecutor.java:81)
	at com.kms.katalon.core.main.TestCaseMain.startTestSuite(TestCaseMain.java:149)
	at com.kms.katalon.core.main.TestCaseMain$startTestSuite$0.call(Unknown Source)
	at TempTestSuite1562205541804.run(TempTestSuite1562205541804.groovy:36)


2019-07-03 22:49:06 - [MESSAGE][FAILED] - Text 'Six things to know before deciding to consume cannabis.' is not present on page  using regular expression

2019-07-03 22:49:06 - [MESSAGE][FAILED] - Unable to verify text 'Six things to know before deciding to consume cannabis.' is present  using regular expression (Root cause: com.kms.katalon.core.exception.StepFailedException: Text 'Six things to know before deciding to consume cannabis.' is not present on page  using regular expression)
[[ATTACHMENT|/Users/sumankompelly/Relative xpath-Desktop/Reports/1.11.2/20190703_215901/1562208546270.png]]

2019-07-03 22:49:06 - [MESSAGE][FAILED] - verifyTextPresent("Six things to know before deciding to consume cannabis.", true) FAILED.
Reason:
com.kms.katalon.core.exception.StepFailedException: Unable to verify text 'Six things to know before deciding to consume cannabis.' is present  using regular expression (Root cause: com.kms.katalon.core.exception.StepFailedException: Text 'Six things to know before deciding to consume cannabis.' is not present on page  using regular expression)
	at com.kms.katalon.core.keyword.internal.KeywordMain.stepFailed(KeywordMain.groovy:36)
	at com.kms.katalon.core.webui.keyword.internal.WebUIKeywordMain.stepFailed(WebUIKeywordMain.groovy:65)
	at com.kms.katalon.core.webui.keyword.internal.WebUIKeywordMain.runKeyword(WebUIKeywordMain.groovy:27)
	at com.kms.katalon.core.webui.keyword.builtin.VerifyTextPresentKeyword.verifyTextPresent(VerifyTextPresentKeyword.groovy:83)
	at com.kms.katalon.core.webui.keyword.builtin.VerifyTextPresentKeyword.execute(VerifyTextPresentKeyword.groovy:68)
	at com.kms.katalon.core.keyword.internal.KeywordExecutor.executeKeywordForPlatform(KeywordExecutor.groovy:53)
	at com.kms.katalon.core.webui.keyword.WebUiBuiltInKeywords.verifyTextPresent(WebUiBuiltInKeywords.groovy:1693)
	at com.kms.katalon.core.webui.keyword.WebUiBuiltInKeywords$verifyTextPresent$14.call(Unknown Source)
	at HP- Burger menu- Learn.run(HP- Burger menu- Learn:203)
	at com.kms.katalon.core.main.ScriptEngine.run(ScriptEngine.java:194)
	at com.kms.katalon.core.main.ScriptEngine.runScriptAsRawText(ScriptEngine.java:119)
	at com.kms.katalon.core.main.TestCaseExecutor.runScript(TestCaseExecutor.java:328)
	at com.kms.katalon.core.main.TestCaseExecutor.doExecute(TestCaseExecutor.java:319)
	at com.kms.katalon.core.main.TestCaseExecutor.processExecutionPhase(TestCaseExecutor.java:298)
	at com.kms.katalon.core.main.TestCaseExecutor.accessMainPhase(TestCaseExecutor.java:290)
	at com.kms.katalon.core.main.TestCaseExecutor.execute(TestCaseExecutor.java:224)
	at com.kms.katalon.core.main.TestSuiteExecutor.accessTestCaseMainPhase(TestSuiteExecutor.java:129)
	at com.kms.katalon.core.main.TestSuiteExecutor.accessTestSuiteMainPhase(TestSuiteExecutor.java:112)
	at com.kms.katalon.core.main.TestSuiteExecutor.execute(TestSuiteExecutor.java:81)
	at com.kms.katalon.core.main.TestCaseMain.startTestSuite(TestCaseMain.java:149)
	at com.kms.katalon.core.main.TestCaseMain$startTestSuite$0.call(Unknown Source)
	at TempTestSuite1562205541804.run(TempTestSuite1562205541804.groovy:36)]]></system-out>
         <system-err><![CDATA[2019-07-03 22:46:48 - [TEST_CASE][FAILED] - Test Cases/OCS - DESKTOP/OCS- HOME PAGE/HP- Burger menu- Learn: Test Cases/OCS - DESKTOP/OCS- HOME PAGE/HP- Burger menu- Learn FAILED.
Reason:
com.kms.katalon.core.exception.StepFailedException: Unable to verify text 'Six things to know before deciding to consume cannabis.' is present  using regular expression (Root cause: com.kms.katalon.core.exception.StepFailedException: Text 'Six things to know before deciding to consume cannabis.' is not present on page  using regular expression)
	at com.kms.katalon.core.keyword.internal.KeywordMain.stepFailed(KeywordMain.groovy:36)
	at com.kms.katalon.core.webui.keyword.internal.WebUIKeywordMain.stepFailed(WebUIKeywordMain.groovy:65)
	at com.kms.katalon.core.webui.keyword.internal.WebUIKeywordMain.runKeyword(WebUIKeywordMain.groovy:27)
	at com.kms.katalon.core.webui.keyword.builtin.VerifyTextPresentKeyword.verifyTextPresent(VerifyTextPresentKeyword.groovy:83)
	at com.kms.katalon.core.webui.keyword.builtin.VerifyTextPresentKeyword.execute(VerifyTextPresentKeyword.groovy:68)
	at com.kms.katalon.core.keyword.internal.KeywordExecutor.executeKeywordForPlatform(KeywordExecutor.groovy:53)
	at com.kms.katalon.core.webui.keyword.WebUiBuiltInKeywords.verifyTextPresent(WebUiBuiltInKeywords.groovy:1693)
	at com.kms.katalon.core.webui.keyword.WebUiBuiltInKeywords$verifyTextPresent$14.call(Unknown Source)
	at HP- Burger menu- Learn.run(HP- Burger menu- Learn:203)
	at com.kms.katalon.core.main.ScriptEngine.run(ScriptEngine.java:194)
	at com.kms.katalon.core.main.ScriptEngine.runScriptAsRawText(ScriptEngine.java:119)
	at com.kms.katalon.core.main.TestCaseExecutor.runScript(TestCaseExecutor.java:328)
	at com.kms.katalon.core.main.TestCaseExecutor.doExecute(TestCaseExecutor.java:319)
	at com.kms.katalon.core.main.TestCaseExecutor.processExecutionPhase(TestCaseExecutor.java:298)
	at com.kms.katalon.core.main.TestCaseExecutor.accessMainPhase(TestCaseExecutor.java:290)
	at com.kms.katalon.core.main.TestCaseExecutor.execute(TestCaseExecutor.java:224)
	at com.kms.katalon.core.main.TestSuiteExecutor.accessTestCaseMainPhase(TestSuiteExecutor.java:129)
	at com.kms.katalon.core.main.TestSuiteExecutor.accessTestSuiteMainPhase(TestSuiteExecutor.java:112)
	at com.kms.katalon.core.main.TestSuiteExecutor.execute(TestSuiteExecutor.java:81)
	at com.kms.katalon.core.main.TestCaseMain.startTestSuite(TestCaseMain.java:149)
	at com.kms.katalon.core.main.TestCaseMain$startTestSuite$0.call(Unknown Source)
	at TempTestSuite1562205541804.run(TempTestSuite1562205541804.groovy:36)]]></system-err>
      </testcase>
      <testcase name="Test Cases/OCS - DESKTOP/OCS- PRODUCT PAGE/Add to bag CTA" classname="Test Cases/OCS - DESKTOP/OCS- PRODUCT PAGE/Add to bag CTA" status="PASSED">
         <system-out><![CDATA[2019-07-03 22:49:06 - [TEST_CASE][PASSED] - Test Cases/OCS - DESKTOP/OCS- PRODUCT PAGE/Add to bag CTA: Test Cases/OCS - DESKTOP/OCS- PRODUCT PAGE/Add to bag CTA

2019-07-03 22:49:06 - [TEST_STEP][PASSED] - callTestCase(findTestCase("OCS - DESKTOP/CALL - PDP"), [:], STOP_ON_FAILURE): Call Test Case 'Test Cases/OCS - DESKTOP/CALL - PDP' successfully

2019-07-03 22:49:06 - [TEST_CASE][PASSED] - Test Cases/OCS - DESKTOP/CALL - PDP: Test Cases/OCS - DESKTOP/CALL - PDP

2019-07-03 22:49:06 - [TEST_STEP][PASSED] - openBrowser(""): Browser is opened with url: ''

2019-07-03 22:49:06 - [MESSAGE][WARNING] - A browser is already opened. Closing browser and opening a new one

2019-07-03 22:49:07 - [MESSAGE][INFO] - Starting 'Firefox' driver

2019-07-03 22:49:09 - [MESSAGE][PASSED] - Browser is opened with url: ''

2019-07-03 22:49:09 - [TEST_STEP][PASSED] - navigateToUrl("https://ocs.ca/?fts=0&preview_theme_id=74203891532"): Navigate to 'https://ocs.ca/?fts=0&preview_theme_id=74203891532' successfully

2019-07-03 22:49:13 - [MESSAGE][PASSED] - Navigate to 'https://ocs.ca/?fts=0&preview_theme_id=74203891532' successfully

2019-07-03 22:49:13 - [TEST_STEP][PASSED] - maximizeWindow(): Current window maximized

2019-07-03 22:49:14 - [MESSAGE][PASSED] - Current window maximized

2019-07-03 22:49:14 - [TEST_STEP][PASSED] - executeJavaScript("var previewBar = document.getElementById("preview-bar-iframe"); previewBar.style.display = "none";", []): Execute JavaScript 'var previewBar = document.getElementById("preview-bar-iframe"); previewBar.style.display = "none";' successfully

2019-07-03 22:49:14 - [MESSAGE][PASSED] - Execute JavaScript 'var previewBar = document.getElementById("preview-bar-iframe"); previewBar.style.display = "none";' successfully

2019-07-03 22:49:14 - [TEST_STEP][PASSED] - delay(4): Delayed 4 second(s)

2019-07-03 22:49:18 - [MESSAGE][PASSED] - Delayed 4 second(s)

2019-07-03 22:49:18 - [TEST_STEP][PASSED] - selectOptionByValue(findTestObject("OCS-DESKTOP/Age gate and Mega menu/Date"), "12", true): All options with value '12' are selected in object 'Object Repository/OCS-DESKTOP/Age gate and Mega menu/Date'  using regular expression

2019-07-03 22:49:18 - [MESSAGE][PASSED] - All options with value '12' are selected in object 'Object Repository/OCS-DESKTOP/Age gate and Mega menu/Date'  using regular expression

2019-07-03 22:49:18 - [TEST_STEP][PASSED] - selectOptionByValue(findTestObject("OCS-DESKTOP/Age gate and Mega menu/month"), "6", true): All options with value '6' are selected in object 'Object Repository/OCS-DESKTOP/Age gate and Mega menu/month'  using regular expression

2019-07-03 22:49:19 - [MESSAGE][PASSED] - All options with value '6' are selected in object 'Object Repository/OCS-DESKTOP/Age gate and Mega menu/month'  using regular expression

2019-07-03 22:49:19 - [TEST_STEP][PASSED] - delay(2): Delayed 2 second(s)

2019-07-03 22:49:21 - [MESSAGE][PASSED] - Delayed 2 second(s)

2019-07-03 22:49:21 - [TEST_STEP][PASSED] - selectOptionByValue(findTestObject("OCS-DESKTOP/Age gate and Mega menu/Year Dropdown"), "1990", true): All options with value '1990' are selected in object 'Object Repository/OCS-DESKTOP/Age gate and Mega menu/Year Dropdown'  using regular expression

2019-07-03 22:49:22 - [MESSAGE][PASSED] - All options with value '1990' are selected in object 'Object Repository/OCS-DESKTOP/Age gate and Mega menu/Year Dropdown'  using regular expression

2019-07-03 22:49:22 - [TEST_STEP][PASSED] - click(findTestObject("OCS-DESKTOP/Age gate and Mega menu/button_Verify")): Object: 'Object Repository/OCS-DESKTOP/Age gate and Mega menu/button_Verify' is clicked on

2019-07-03 22:49:22 - [MESSAGE][PASSED] - Object: 'Object Repository/OCS-DESKTOP/Age gate and Mega menu/button_Verify' is clicked on

2019-07-03 22:49:22 - [TEST_STEP][PASSED] - click(findTestObject("OCS-DESKTOP/Age gate and Mega menu/Checkbox_CONFIRM AND ACKNOWLEDGE")): Object: 'Object Repository/OCS-DESKTOP/Age gate and Mega menu/Checkbox_CONFIRM AND ACKNOWLEDGE' is clicked on

2019-07-03 22:49:23 - [MESSAGE][PASSED] - Object: 'Object Repository/OCS-DESKTOP/Age gate and Mega menu/Checkbox_CONFIRM AND ACKNOWLEDGE' is clicked on

2019-07-03 22:49:23 - [TEST_STEP][PASSED] - click(findTestObject("OCS-DESKTOP/Age gate and Mega menu/button_CONFIRM")): Object: 'Object Repository/OCS-DESKTOP/Age gate and Mega menu/button_CONFIRM' is clicked on

2019-07-03 22:49:23 - [MESSAGE][PASSED] - Object: 'Object Repository/OCS-DESKTOP/Age gate and Mega menu/button_CONFIRM' is clicked on

2019-07-03 22:49:23 - [TEST_STEP][PASSED] - click(findTestObject("OCS-DESKTOP/Age gate and Mega menu/button_Start Browsing")): Object: 'Object Repository/OCS-DESKTOP/Age gate and Mega menu/button_Start Browsing' is clicked on

2019-07-03 22:49:23 - [MESSAGE][PASSED] - Object: 'Object Repository/OCS-DESKTOP/Age gate and Mega menu/button_Start Browsing' is clicked on

2019-07-03 22:49:23 - [TEST_STEP][PASSED] - refresh(): Refresh successfully

2019-07-03 22:49:27 - [MESSAGE][PASSED] - Refresh successfully

2019-07-03 22:49:27 - [TEST_STEP][PASSED] - delay(2): Delayed 2 second(s)

2019-07-03 22:49:29 - [MESSAGE][PASSED] - Delayed 2 second(s)

2019-07-03 22:49:29 - [TEST_STEP][PASSED] - click(findTestObject("OCS-DESKTOP/Age gate and Mega menu/Header/CANNABIS menu - English")): Object: 'Object Repository/OCS-DESKTOP/Age gate and Mega menu/Header/CANNABIS menu - English' is clicked on

2019-07-03 22:49:29 - [MESSAGE][PASSED] - Object: 'Object Repository/OCS-DESKTOP/Age gate and Mega menu/Header/CANNABIS menu - English' is clicked on

2019-07-03 22:49:29 - [TEST_STEP][PASSED] - delay(2): Delayed 2 second(s)

2019-07-03 22:49:31 - [MESSAGE][PASSED] - Delayed 2 second(s)

2019-07-03 22:49:31 - [TEST_STEP][PASSED] - click(findTestObject("OCS-DESKTOP/Age gate and Mega menu/Indica Dominant_Menu item")): Object: 'Object Repository/OCS-DESKTOP/Age gate and Mega menu/Indica Dominant_Menu item' is clicked on

2019-07-03 22:49:34 - [MESSAGE][PASSED] - Object: 'Object Repository/OCS-DESKTOP/Age gate and Mega menu/Indica Dominant_Menu item' is clicked on

2019-07-03 22:49:34 - [TEST_STEP][PASSED] - delay(2): Delayed 2 second(s)

2019-07-03 22:49:36 - [MESSAGE][PASSED] - Delayed 2 second(s)

2019-07-03 22:49:36 - [TEST_STEP][PASSED] - scrollToElement(findTestObject("OCS-DESKTOP/Collection page/Product image - 1st one"), 0): Scroll to object 'Object Repository/OCS-DESKTOP/Collection page/Product image - 1st one' successfully

2019-07-03 22:49:36 - [MESSAGE][WARNING] - Timeout '0' is invalid. Using default page load timeout: '30'

2019-07-03 22:49:36 - [MESSAGE][PASSED] - Scroll to object 'Object Repository/OCS-DESKTOP/Collection page/Product image - 1st one' successfully

2019-07-03 22:49:36 - [TEST_STEP][PASSED] - delay(2): Delayed 2 second(s)

2019-07-03 22:49:38 - [MESSAGE][PASSED] - Delayed 2 second(s)

2019-07-03 22:49:38 - [TEST_STEP][PASSED] - click(findTestObject("OCS-DESKTOP/Collection page/Product image - 1st one")): Object: 'Object Repository/OCS-DESKTOP/Collection page/Product image - 1st one' is clicked on

2019-07-03 22:49:40 - [MESSAGE][PASSED] - Object: 'Object Repository/OCS-DESKTOP/Collection page/Product image - 1st one' is clicked on

2019-07-03 22:49:40 - [TEST_STEP][PASSED] - executeJavaScript("var previewBar = document.getElementById("preview-bar-iframe"); previewBar.style.display = "none";", []): Execute JavaScript 'var previewBar = document.getElementById("preview-bar-iframe"); previewBar.style.display = "none";' successfully

2019-07-03 22:49:40 - [MESSAGE][PASSED] - Execute JavaScript 'var previewBar = document.getElementById("preview-bar-iframe"); previewBar.style.display = "none";' successfully

2019-07-03 22:49:40 - [TEST_STEP][PASSED] - delay(2): Delayed 2 second(s)

2019-07-03 22:49:42 - [MESSAGE][PASSED] - Delayed 2 second(s)

2019-07-03 22:49:42 - [MESSAGE][PASSED] - Call Test Case 'Test Cases/OCS - DESKTOP/CALL - PDP' successfully

2019-07-03 22:49:42 - [TEST_STEP][NOT_RUN] - scrollToElement(findTestObject("OCS-DESKTOP/Product page/Product image"), 1): NOT_RUN: scrollToElement(findTestObject("OCS-DESKTOP/Product page/Product image"), 1)

2019-07-03 22:49:42 - [MESSAGE][NOT_RUN] - NOT_RUN: scrollToElement(findTestObject("OCS-DESKTOP/Product page/Product image"), 1)

2019-07-03 22:49:42 - [TEST_STEP][PASSED] - delay(2): Delayed 2 second(s)

2019-07-03 22:49:44 - [MESSAGE][PASSED] - Delayed 2 second(s)

2019-07-03 22:49:44 - [TEST_STEP][PASSED] - click(findTestObject("OCS-DESKTOP/Product page/Swatch_1g")): Object: 'Object Repository/OCS-DESKTOP/Product page/Swatch_1g' is clicked on

2019-07-03 22:49:44 - [MESSAGE][PASSED] - Object: 'Object Repository/OCS-DESKTOP/Product page/Swatch_1g' is clicked on

2019-07-03 22:49:44 - [TEST_STEP][PASSED] - scrollToElement(findTestObject("OCS-DESKTOP/Product page/Swatch_3.5g"), 1): Scroll to object 'Object Repository/OCS-DESKTOP/Product page/Swatch_3.5g' successfully

2019-07-03 22:49:44 - [MESSAGE][PASSED] - Scroll to object 'Object Repository/OCS-DESKTOP/Product page/Swatch_3.5g' successfully

2019-07-03 22:49:44 - [TEST_STEP][PASSED] - delay(2): Delayed 2 second(s)

2019-07-03 22:49:46 - [MESSAGE][PASSED] - Delayed 2 second(s)

2019-07-03 22:49:46 - [TEST_STEP][PASSED] - click(findTestObject("OCS-DESKTOP/Product page/Add to Bag-button")): Object: 'Object Repository/OCS-DESKTOP/Product page/Add to Bag-button' is clicked on

2019-07-03 22:49:46 - [MESSAGE][PASSED] - Object: 'Object Repository/OCS-DESKTOP/Product page/Add to Bag-button' is clicked on

2019-07-03 22:49:46 - [TEST_STEP][PASSED] - delay(1): Delayed 1 second(s)

2019-07-03 22:49:47 - [MESSAGE][PASSED] - Delayed 1 second(s)

2019-07-03 22:49:47 - [TEST_STEP][PASSED] - click(findTestObject("OCS-DESKTOP/Home - page/Cart icon -bag")): Object: 'Object Repository/OCS-DESKTOP/Home - page/Cart icon -bag' is clicked on

2019-07-03 22:49:48 - [MESSAGE][PASSED] - Object: 'Object Repository/OCS-DESKTOP/Home - page/Cart icon -bag' is clicked on

2019-07-03 22:49:48 - [TEST_STEP][PASSED] - delay(1): Delayed 1 second(s)

2019-07-03 22:49:49 - [MESSAGE][PASSED] - Delayed 1 second(s)

2019-07-03 22:49:49 - [TEST_STEP][PASSED] - verifyElementPresent(findTestObject("OCS-DESKTOP/Cart flyout/Cart - 1st item"), 2): Object 'Object Repository/OCS-DESKTOP/Cart flyout/Cart - 1st item' is present

2019-07-03 22:49:49 - [MESSAGE][PASSED] - Object 'Object Repository/OCS-DESKTOP/Cart flyout/Cart - 1st item' is present

2019-07-03 22:49:49 - [TEST_STEP][PASSED] - delay(1): Delayed 1 second(s)

2019-07-03 22:49:50 - [MESSAGE][PASSED] - Delayed 1 second(s)

2019-07-03 22:49:50 - [TEST_STEP][PASSED] - click(findTestObject("OCS-DESKTOP/Cart flyout/Back icon")): Object: 'Object Repository/OCS-DESKTOP/Cart flyout/Back icon' is clicked on

2019-07-03 22:49:50 - [MESSAGE][PASSED] - Object: 'Object Repository/OCS-DESKTOP/Cart flyout/Back icon' is clicked on

2019-07-03 22:49:50 - [TEST_STEP][PASSED] - closeBrowser(): Browser is closed

2019-07-03 22:49:51 - [MESSAGE][PASSED] - Browser is closed]]></system-out>
         <system-err><![CDATA[]]></system-err>
      </testcase>
      <testcase name="Test Cases/OCS - DESKTOP/OCS- PRODUCT PAGE/Shop all of our products" classname="Test Cases/OCS - DESKTOP/OCS- PRODUCT PAGE/Shop all of our products" status="PASSED">
         <system-out><![CDATA[2019-07-03 22:49:51 - [TEST_CASE][PASSED] - Test Cases/OCS - DESKTOP/OCS- PRODUCT PAGE/Shop all of our products: Test Cases/OCS - DESKTOP/OCS- PRODUCT PAGE/Shop all of our products

2019-07-03 22:49:51 - [TEST_STEP][PASSED] - callTestCase(findTestCase("OCS - DESKTOP/CALL - PDP"), [:], STOP_ON_FAILURE): Call Test Case 'Test Cases/OCS - DESKTOP/CALL - PDP' successfully

2019-07-03 22:49:51 - [TEST_CASE][PASSED] - Test Cases/OCS - DESKTOP/CALL - PDP: Test Cases/OCS - DESKTOP/CALL - PDP

2019-07-03 22:49:51 - [TEST_STEP][PASSED] - openBrowser(""): Browser is opened with url: ''

2019-07-03 22:49:51 - [MESSAGE][INFO] - Starting 'Firefox' driver

2019-07-03 22:49:53 - [MESSAGE][PASSED] - Browser is opened with url: ''

2019-07-03 22:49:53 - [TEST_STEP][PASSED] - navigateToUrl("https://ocs.ca/?fts=0&preview_theme_id=74203891532"): Navigate to 'https://ocs.ca/?fts=0&preview_theme_id=74203891532' successfully

2019-07-03 22:49:59 - [MESSAGE][PASSED] - Navigate to 'https://ocs.ca/?fts=0&preview_theme_id=74203891532' successfully

2019-07-03 22:49:59 - [TEST_STEP][PASSED] - maximizeWindow(): Current window maximized

2019-07-03 22:50:00 - [MESSAGE][PASSED] - Current window maximized

2019-07-03 22:50:00 - [TEST_STEP][PASSED] - executeJavaScript("var previewBar = document.getElementById("preview-bar-iframe"); previewBar.style.display = "none";", []): Execute JavaScript 'var previewBar = document.getElementById("preview-bar-iframe"); previewBar.style.display = "none";' successfully

2019-07-03 22:50:00 - [MESSAGE][PASSED] - Execute JavaScript 'var previewBar = document.getElementById("preview-bar-iframe"); previewBar.style.display = "none";' successfully

2019-07-03 22:50:00 - [TEST_STEP][PASSED] - delay(4): Delayed 4 second(s)

2019-07-03 22:50:04 - [MESSAGE][PASSED] - Delayed 4 second(s)

2019-07-03 22:50:04 - [TEST_STEP][PASSED] - selectOptionByValue(findTestObject("OCS-DESKTOP/Age gate and Mega menu/Date"), "12", true): All options with value '12' are selected in object 'Object Repository/OCS-DESKTOP/Age gate and Mega menu/Date'  using regular expression

2019-07-03 22:50:04 - [MESSAGE][PASSED] - All options with value '12' are selected in object 'Object Repository/OCS-DESKTOP/Age gate and Mega menu/Date'  using regular expression

2019-07-03 22:50:04 - [TEST_STEP][PASSED] - selectOptionByValue(findTestObject("OCS-DESKTOP/Age gate and Mega menu/month"), "6", true): All options with value '6' are selected in object 'Object Repository/OCS-DESKTOP/Age gate and Mega menu/month'  using regular expression

2019-07-03 22:50:05 - [MESSAGE][PASSED] - All options with value '6' are selected in object 'Object Repository/OCS-DESKTOP/Age gate and Mega menu/month'  using regular expression

2019-07-03 22:50:05 - [TEST_STEP][PASSED] - delay(2): Delayed 2 second(s)

2019-07-03 22:50:07 - [MESSAGE][PASSED] - Delayed 2 second(s)

2019-07-03 22:50:07 - [TEST_STEP][PASSED] - selectOptionByValue(findTestObject("OCS-DESKTOP/Age gate and Mega menu/Year Dropdown"), "1990", true): All options with value '1990' are selected in object 'Object Repository/OCS-DESKTOP/Age gate and Mega menu/Year Dropdown'  using regular expression

2019-07-03 22:50:08 - [MESSAGE][PASSED] - All options with value '1990' are selected in object 'Object Repository/OCS-DESKTOP/Age gate and Mega menu/Year Dropdown'  using regular expression

2019-07-03 22:50:08 - [TEST_STEP][PASSED] - click(findTestObject("OCS-DESKTOP/Age gate and Mega menu/button_Verify")): Object: 'Object Repository/OCS-DESKTOP/Age gate and Mega menu/button_Verify' is clicked on

2019-07-03 22:50:08 - [MESSAGE][PASSED] - Object: 'Object Repository/OCS-DESKTOP/Age gate and Mega menu/button_Verify' is clicked on

2019-07-03 22:50:08 - [TEST_STEP][PASSED] - click(findTestObject("OCS-DESKTOP/Age gate and Mega menu/Checkbox_CONFIRM AND ACKNOWLEDGE")): Object: 'Object Repository/OCS-DESKTOP/Age gate and Mega menu/Checkbox_CONFIRM AND ACKNOWLEDGE' is clicked on

2019-07-03 22:50:09 - [MESSAGE][PASSED] - Object: 'Object Repository/OCS-DESKTOP/Age gate and Mega menu/Checkbox_CONFIRM AND ACKNOWLEDGE' is clicked on

2019-07-03 22:50:09 - [TEST_STEP][PASSED] - click(findTestObject("OCS-DESKTOP/Age gate and Mega menu/button_CONFIRM")): Object: 'Object Repository/OCS-DESKTOP/Age gate and Mega menu/button_CONFIRM' is clicked on

2019-07-03 22:50:09 - [MESSAGE][PASSED] - Object: 'Object Repository/OCS-DESKTOP/Age gate and Mega menu/button_CONFIRM' is clicked on

2019-07-03 22:50:09 - [TEST_STEP][PASSED] - click(findTestObject("OCS-DESKTOP/Age gate and Mega menu/button_Start Browsing")): Object: 'Object Repository/OCS-DESKTOP/Age gate and Mega menu/button_Start Browsing' is clicked on

2019-07-03 22:50:09 - [MESSAGE][PASSED] - Object: 'Object Repository/OCS-DESKTOP/Age gate and Mega menu/button_Start Browsing' is clicked on

2019-07-03 22:50:09 - [TEST_STEP][PASSED] - refresh(): Refresh successfully

2019-07-03 22:50:13 - [MESSAGE][PASSED] - Refresh successfully

2019-07-03 22:50:13 - [TEST_STEP][PASSED] - delay(2): Delayed 2 second(s)

2019-07-03 22:50:15 - [MESSAGE][PASSED] - Delayed 2 second(s)

2019-07-03 22:50:15 - [TEST_STEP][PASSED] - click(findTestObject("OCS-DESKTOP/Age gate and Mega menu/Header/CANNABIS menu - English")): Object: 'Object Repository/OCS-DESKTOP/Age gate and Mega menu/Header/CANNABIS menu - English' is clicked on

2019-07-03 22:50:15 - [MESSAGE][PASSED] - Object: 'Object Repository/OCS-DESKTOP/Age gate and Mega menu/Header/CANNABIS menu - English' is clicked on

2019-07-03 22:50:15 - [TEST_STEP][PASSED] - delay(2): Delayed 2 second(s)

2019-07-03 22:50:17 - [MESSAGE][PASSED] - Delayed 2 second(s)

2019-07-03 22:50:17 - [TEST_STEP][PASSED] - click(findTestObject("OCS-DESKTOP/Age gate and Mega menu/Indica Dominant_Menu item")): Object: 'Object Repository/OCS-DESKTOP/Age gate and Mega menu/Indica Dominant_Menu item' is clicked on

2019-07-03 22:50:19 - [MESSAGE][PASSED] - Object: 'Object Repository/OCS-DESKTOP/Age gate and Mega menu/Indica Dominant_Menu item' is clicked on

2019-07-03 22:50:19 - [TEST_STEP][PASSED] - delay(2): Delayed 2 second(s)

2019-07-03 22:50:21 - [MESSAGE][PASSED] - Delayed 2 second(s)

2019-07-03 22:50:21 - [TEST_STEP][PASSED] - scrollToElement(findTestObject("OCS-DESKTOP/Collection page/Product image - 1st one"), 0): Scroll to object 'Object Repository/OCS-DESKTOP/Collection page/Product image - 1st one' successfully

2019-07-03 22:50:21 - [MESSAGE][WARNING] - Timeout '0' is invalid. Using default page load timeout: '30'

2019-07-03 22:50:21 - [MESSAGE][PASSED] - Scroll to object 'Object Repository/OCS-DESKTOP/Collection page/Product image - 1st one' successfully

2019-07-03 22:50:21 - [TEST_STEP][PASSED] - delay(2): Delayed 2 second(s)

2019-07-03 22:50:23 - [MESSAGE][PASSED] - Delayed 2 second(s)

2019-07-03 22:50:23 - [TEST_STEP][PASSED] - click(findTestObject("OCS-DESKTOP/Collection page/Product image - 1st one")): Object: 'Object Repository/OCS-DESKTOP/Collection page/Product image - 1st one' is clicked on

2019-07-03 22:50:25 - [MESSAGE][PASSED] - Object: 'Object Repository/OCS-DESKTOP/Collection page/Product image - 1st one' is clicked on

2019-07-03 22:50:25 - [TEST_STEP][PASSED] - executeJavaScript("var previewBar = document.getElementById("preview-bar-iframe"); previewBar.style.display = "none";", []): Execute JavaScript 'var previewBar = document.getElementById("preview-bar-iframe"); previewBar.style.display = "none";' successfully

2019-07-03 22:50:26 - [MESSAGE][PASSED] - Execute JavaScript 'var previewBar = document.getElementById("preview-bar-iframe"); previewBar.style.display = "none";' successfully

2019-07-03 22:50:26 - [TEST_STEP][PASSED] - delay(2): Delayed 2 second(s)

2019-07-03 22:50:28 - [MESSAGE][PASSED] - Delayed 2 second(s)

2019-07-03 22:50:28 - [MESSAGE][PASSED] - Call Test Case 'Test Cases/OCS - DESKTOP/CALL - PDP' successfully

2019-07-03 22:50:28 - [TEST_STEP][NOT_RUN] - scrollToElement(findTestObject("OCS-MOBILE /Product page/Recently Viewed/1st Product - Image"), 2): NOT_RUN: scrollToElement(findTestObject("OCS-MOBILE /Product page/Recently Viewed/1st Product - Image"), 2)

2019-07-03 22:50:28 - [MESSAGE][NOT_RUN] - NOT_RUN: scrollToElement(findTestObject("OCS-MOBILE /Product page/Recently Viewed/1st Product - Image"), 2)

2019-07-03 22:50:28 - [TEST_STEP][PASSED] - delay(1, OPTIONAL): Delayed 1 second(s)

2019-07-03 22:50:29 - [MESSAGE][PASSED] - Delayed 1 second(s)

2019-07-03 22:50:29 - [TEST_STEP][PASSED] - click(findTestObject("OCS-DESKTOP/Product page/Shop all of our products - Button")): Object: 'Object Repository/OCS-DESKTOP/Product page/Shop all of our products - Button' is clicked on

2019-07-03 22:50:31 - [MESSAGE][PASSED] - Object: 'Object Repository/OCS-DESKTOP/Product page/Shop all of our products - Button' is clicked on

2019-07-03 22:50:31 - [TEST_STEP][PASSED] - a = getWindowTitle(): Current window's title is: 'All Products | Ontario Cannabis Store'

2019-07-03 22:50:31 - [MESSAGE][PASSED] - Current window's title is: 'All Products | Ontario Cannabis Store'

2019-07-03 22:50:31 - [TEST_STEP][PASSED] - b = "All Products | Ontario Cannabis Store": null

2019-07-03 22:50:31 - [TEST_STEP][PASSED] - comment("WINDOW TITLE: " + a): WINDOW TITLE: All Products | Ontario Cannabis Store

2019-07-03 22:50:31 - [MESSAGE][INFO] - WINDOW TITLE: All Products | Ontario Cannabis Store

2019-07-03 22:50:31 - [TEST_STEP][PASSED] - verifyEqual(a, b): Actual object 'All Products | Ontario Cannabis Store' and expected object 'All Products | Ontario Cannabis Store' are equal

2019-07-03 22:50:31 - [MESSAGE][PASSED] - Actual object 'All Products | Ontario Cannabis Store' and expected object 'All Products | Ontario Cannabis Store' are equal]]></system-out>
         <system-err><![CDATA[]]></system-err>
      </testcase>
      <testcase name="Test Cases/OCS - DESKTOP/OCS- PRODUCT PAGE/Tooltip" classname="Test Cases/OCS - DESKTOP/OCS- PRODUCT PAGE/Tooltip" status="PASSED">
         <system-out><![CDATA[2019-07-03 22:50:31 - [TEST_CASE][PASSED] - Test Cases/OCS - DESKTOP/OCS- PRODUCT PAGE/Tooltip: Test Cases/OCS - DESKTOP/OCS- PRODUCT PAGE/Tooltip

2019-07-03 22:50:31 - [TEST_STEP][PASSED] - callTestCase(findTestCase("OCS - DESKTOP/CALL - PDP"), [:], STOP_ON_FAILURE): Call Test Case 'Test Cases/OCS - DESKTOP/CALL - PDP' successfully

2019-07-03 22:50:31 - [TEST_CASE][PASSED] - Test Cases/OCS - DESKTOP/CALL - PDP: Test Cases/OCS - DESKTOP/CALL - PDP

2019-07-03 22:50:31 - [TEST_STEP][PASSED] - openBrowser(""): Browser is opened with url: ''

2019-07-03 22:50:31 - [MESSAGE][WARNING] - A browser is already opened. Closing browser and opening a new one

2019-07-03 22:50:32 - [MESSAGE][INFO] - Starting 'Firefox' driver

2019-07-03 22:50:34 - [MESSAGE][PASSED] - Browser is opened with url: ''

2019-07-03 22:50:34 - [TEST_STEP][PASSED] - navigateToUrl("https://ocs.ca/?fts=0&preview_theme_id=74203891532"): Navigate to 'https://ocs.ca/?fts=0&preview_theme_id=74203891532' successfully

2019-07-03 22:50:38 - [MESSAGE][PASSED] - Navigate to 'https://ocs.ca/?fts=0&preview_theme_id=74203891532' successfully

2019-07-03 22:50:38 - [TEST_STEP][PASSED] - maximizeWindow(): Current window maximized

2019-07-03 22:50:39 - [MESSAGE][PASSED] - Current window maximized

2019-07-03 22:50:39 - [TEST_STEP][PASSED] - executeJavaScript("var previewBar = document.getElementById("preview-bar-iframe"); previewBar.style.display = "none";", []): Execute JavaScript 'var previewBar = document.getElementById("preview-bar-iframe"); previewBar.style.display = "none";' successfully

2019-07-03 22:50:39 - [MESSAGE][PASSED] - Execute JavaScript 'var previewBar = document.getElementById("preview-bar-iframe"); previewBar.style.display = "none";' successfully

2019-07-03 22:50:39 - [TEST_STEP][PASSED] - delay(4): Delayed 4 second(s)

2019-07-03 22:50:43 - [MESSAGE][PASSED] - Delayed 4 second(s)

2019-07-03 22:50:43 - [TEST_STEP][PASSED] - selectOptionByValue(findTestObject("OCS-DESKTOP/Age gate and Mega menu/Date"), "12", true): All options with value '12' are selected in object 'Object Repository/OCS-DESKTOP/Age gate and Mega menu/Date'  using regular expression

2019-07-03 22:50:44 - [MESSAGE][PASSED] - All options with value '12' are selected in object 'Object Repository/OCS-DESKTOP/Age gate and Mega menu/Date'  using regular expression

2019-07-03 22:50:44 - [TEST_STEP][PASSED] - selectOptionByValue(findTestObject("OCS-DESKTOP/Age gate and Mega menu/month"), "6", true): All options with value '6' are selected in object 'Object Repository/OCS-DESKTOP/Age gate and Mega menu/month'  using regular expression

2019-07-03 22:50:44 - [MESSAGE][PASSED] - All options with value '6' are selected in object 'Object Repository/OCS-DESKTOP/Age gate and Mega menu/month'  using regular expression

2019-07-03 22:50:44 - [TEST_STEP][PASSED] - delay(2): Delayed 2 second(s)

2019-07-03 22:50:46 - [MESSAGE][PASSED] - Delayed 2 second(s)

2019-07-03 22:50:46 - [TEST_STEP][PASSED] - selectOptionByValue(findTestObject("OCS-DESKTOP/Age gate and Mega menu/Year Dropdown"), "1990", true): All options with value '1990' are selected in object 'Object Repository/OCS-DESKTOP/Age gate and Mega menu/Year Dropdown'  using regular expression

2019-07-03 22:50:47 - [MESSAGE][PASSED] - All options with value '1990' are selected in object 'Object Repository/OCS-DESKTOP/Age gate and Mega menu/Year Dropdown'  using regular expression

2019-07-03 22:50:47 - [TEST_STEP][PASSED] - click(findTestObject("OCS-DESKTOP/Age gate and Mega menu/button_Verify")): Object: 'Object Repository/OCS-DESKTOP/Age gate and Mega menu/button_Verify' is clicked on

2019-07-03 22:50:48 - [MESSAGE][PASSED] - Object: 'Object Repository/OCS-DESKTOP/Age gate and Mega menu/button_Verify' is clicked on

2019-07-03 22:50:48 - [TEST_STEP][PASSED] - click(findTestObject("OCS-DESKTOP/Age gate and Mega menu/Checkbox_CONFIRM AND ACKNOWLEDGE")): Object: 'Object Repository/OCS-DESKTOP/Age gate and Mega menu/Checkbox_CONFIRM AND ACKNOWLEDGE' is clicked on

2019-07-03 22:50:48 - [MESSAGE][PASSED] - Object: 'Object Repository/OCS-DESKTOP/Age gate and Mega menu/Checkbox_CONFIRM AND ACKNOWLEDGE' is clicked on

2019-07-03 22:50:48 - [TEST_STEP][PASSED] - click(findTestObject("OCS-DESKTOP/Age gate and Mega menu/button_CONFIRM")): Object: 'Object Repository/OCS-DESKTOP/Age gate and Mega menu/button_CONFIRM' is clicked on

2019-07-03 22:50:48 - [MESSAGE][PASSED] - Object: 'Object Repository/OCS-DESKTOP/Age gate and Mega menu/button_CONFIRM' is clicked on

2019-07-03 22:50:48 - [TEST_STEP][PASSED] - click(findTestObject("OCS-DESKTOP/Age gate and Mega menu/button_Start Browsing")): Object: 'Object Repository/OCS-DESKTOP/Age gate and Mega menu/button_Start Browsing' is clicked on

2019-07-03 22:50:48 - [MESSAGE][PASSED] - Object: 'Object Repository/OCS-DESKTOP/Age gate and Mega menu/button_Start Browsing' is clicked on

2019-07-03 22:50:48 - [TEST_STEP][PASSED] - refresh(): Refresh successfully

2019-07-03 22:50:51 - [MESSAGE][PASSED] - Refresh successfully

2019-07-03 22:50:51 - [TEST_STEP][PASSED] - delay(2): Delayed 2 second(s)

2019-07-03 22:50:53 - [MESSAGE][PASSED] - Delayed 2 second(s)

2019-07-03 22:50:53 - [TEST_STEP][PASSED] - click(findTestObject("OCS-DESKTOP/Age gate and Mega menu/Header/CANNABIS menu - English")): Object: 'Object Repository/OCS-DESKTOP/Age gate and Mega menu/Header/CANNABIS menu - English' is clicked on

2019-07-03 22:50:53 - [MESSAGE][PASSED] - Object: 'Object Repository/OCS-DESKTOP/Age gate and Mega menu/Header/CANNABIS menu - English' is clicked on

2019-07-03 22:50:53 - [TEST_STEP][PASSED] - delay(2): Delayed 2 second(s)

2019-07-03 22:50:55 - [MESSAGE][PASSED] - Delayed 2 second(s)

2019-07-03 22:50:55 - [TEST_STEP][PASSED] - click(findTestObject("OCS-DESKTOP/Age gate and Mega menu/Indica Dominant_Menu item")): Object: 'Object Repository/OCS-DESKTOP/Age gate and Mega menu/Indica Dominant_Menu item' is clicked on

2019-07-03 22:50:58 - [MESSAGE][PASSED] - Object: 'Object Repository/OCS-DESKTOP/Age gate and Mega menu/Indica Dominant_Menu item' is clicked on

2019-07-03 22:50:58 - [TEST_STEP][PASSED] - delay(2): Delayed 2 second(s)

2019-07-03 22:51:00 - [MESSAGE][PASSED] - Delayed 2 second(s)

2019-07-03 22:51:00 - [TEST_STEP][PASSED] - scrollToElement(findTestObject("OCS-DESKTOP/Collection page/Product image - 1st one"), 0): Scroll to object 'Object Repository/OCS-DESKTOP/Collection page/Product image - 1st one' successfully

2019-07-03 22:51:00 - [MESSAGE][WARNING] - Timeout '0' is invalid. Using default page load timeout: '30'

2019-07-03 22:51:00 - [MESSAGE][PASSED] - Scroll to object 'Object Repository/OCS-DESKTOP/Collection page/Product image - 1st one' successfully

2019-07-03 22:51:00 - [TEST_STEP][PASSED] - delay(2): Delayed 2 second(s)

2019-07-03 22:51:02 - [MESSAGE][PASSED] - Delayed 2 second(s)

2019-07-03 22:51:02 - [TEST_STEP][PASSED] - click(findTestObject("OCS-DESKTOP/Collection page/Product image - 1st one")): Object: 'Object Repository/OCS-DESKTOP/Collection page/Product image - 1st one' is clicked on

2019-07-03 22:51:04 - [MESSAGE][PASSED] - Object: 'Object Repository/OCS-DESKTOP/Collection page/Product image - 1st one' is clicked on

2019-07-03 22:51:04 - [TEST_STEP][PASSED] - executeJavaScript("var previewBar = document.getElementById("preview-bar-iframe"); previewBar.style.display = "none";", []): Execute JavaScript 'var previewBar = document.getElementById("preview-bar-iframe"); previewBar.style.display = "none";' successfully

2019-07-03 22:51:04 - [MESSAGE][PASSED] - Execute JavaScript 'var previewBar = document.getElementById("preview-bar-iframe"); previewBar.style.display = "none";' successfully

2019-07-03 22:51:04 - [TEST_STEP][PASSED] - delay(2): Delayed 2 second(s)

2019-07-03 22:51:06 - [MESSAGE][PASSED] - Delayed 2 second(s)

2019-07-03 22:51:06 - [MESSAGE][PASSED] - Call Test Case 'Test Cases/OCS - DESKTOP/CALL - PDP' successfully

2019-07-03 22:51:06 - [TEST_STEP][PASSED] - mouseOver(findTestObject("OCS-DESKTOP/Product page/Tooltips/THC - Tooltip")): Object: 'Object Repository/OCS-DESKTOP/Product page/Tooltips/THC - Tooltip' is hovered

2019-07-03 22:51:06 - [MESSAGE][PASSED] - Object: 'Object Repository/OCS-DESKTOP/Product page/Tooltips/THC - Tooltip' is hovered

2019-07-03 22:51:06 - [TEST_STEP][PASSED] - takeScreenshot(): Taking screenshot successfully

2019-07-03 22:51:06 - [MESSAGE][PASSED] - Taking screenshot successfully
[[ATTACHMENT|/Users/sumankompelly/Relative xpath-Desktop/Reports/1.11.2/20190703_215901/1562208666725.png]]

2019-07-03 22:51:06 - [TEST_STEP][PASSED] - delay(2): Delayed 2 second(s)

2019-07-03 22:51:08 - [MESSAGE][PASSED] - Delayed 2 second(s)

2019-07-03 22:51:08 - [TEST_STEP][PASSED] - mouseOver(findTestObject("OCS-DESKTOP/Product page/Tooltips/CBD - Tooltip")): Object: 'Object Repository/OCS-DESKTOP/Product page/Tooltips/CBD - Tooltip' is hovered

2019-07-03 22:51:09 - [MESSAGE][PASSED] - Object: 'Object Repository/OCS-DESKTOP/Product page/Tooltips/CBD - Tooltip' is hovered

2019-07-03 22:51:09 - [TEST_STEP][PASSED] - takeScreenshot(): Taking screenshot successfully

2019-07-03 22:51:09 - [MESSAGE][PASSED] - Taking screenshot successfully
[[ATTACHMENT|/Users/sumankompelly/Relative xpath-Desktop/Reports/1.11.2/20190703_215901/1562208669139.png]]

2019-07-03 22:51:09 - [TEST_STEP][PASSED] - delay(2): Delayed 2 second(s)

2019-07-03 22:51:11 - [MESSAGE][PASSED] - Delayed 2 second(s)

2019-07-03 22:51:11 - [TEST_STEP][PASSED] - mouseOver(findTestObject("OCS-DESKTOP/Product page/Tooltips/Plant type - Tooltip")): Object: 'Object Repository/OCS-DESKTOP/Product page/Tooltips/Plant type - Tooltip' is hovered

2019-07-03 22:51:11 - [MESSAGE][PASSED] - Object: 'Object Repository/OCS-DESKTOP/Product page/Tooltips/Plant type - Tooltip' is hovered

2019-07-03 22:51:11 - [TEST_STEP][PASSED] - takeScreenshot(): Taking screenshot successfully

2019-07-03 22:51:11 - [MESSAGE][PASSED] - Taking screenshot successfully
[[ATTACHMENT|/Users/sumankompelly/Relative xpath-Desktop/Reports/1.11.2/20190703_215901/1562208671471.png]]

2019-07-03 22:51:11 - [TEST_STEP][PASSED] - delay(2): Delayed 2 second(s)

2019-07-03 22:51:13 - [MESSAGE][PASSED] - Delayed 2 second(s)

2019-07-03 22:51:13 - [TEST_STEP][PASSED] - click(findTestObject("OCS-DESKTOP/Product page/Tooltips/Terpenes - Tooltip")): Object: 'Object Repository/OCS-DESKTOP/Product page/Tooltips/Terpenes - Tooltip' is clicked on

2019-07-03 22:51:13 - [MESSAGE][PASSED] - Object: 'Object Repository/OCS-DESKTOP/Product page/Tooltips/Terpenes - Tooltip' is clicked on

2019-07-03 22:51:13 - [TEST_STEP][PASSED] - takeScreenshot(): Taking screenshot successfully

2019-07-03 22:51:14 - [MESSAGE][PASSED] - Taking screenshot successfully
[[ATTACHMENT|/Users/sumankompelly/Relative xpath-Desktop/Reports/1.11.2/20190703_215901/1562208673949.png]]

2019-07-03 22:51:14 - [TEST_STEP][PASSED] - delay(2): Delayed 2 second(s)

2019-07-03 22:51:16 - [MESSAGE][PASSED] - Delayed 2 second(s)

2019-07-03 22:51:16 - [TEST_STEP][PASSED] - scrollToElement(findTestObject("OCS-DESKTOP/Product page/About Product - Section"), 0): Scroll to object 'Object Repository/OCS-DESKTOP/Product page/About Product - Section' successfully

2019-07-03 22:51:16 - [MESSAGE][WARNING] - Timeout '0' is invalid. Using default page load timeout: '30'

2019-07-03 22:51:16 - [MESSAGE][PASSED] - Scroll to object 'Object Repository/OCS-DESKTOP/Product page/About Product - Section' successfully

2019-07-03 22:51:16 - [TEST_STEP][PASSED] - click(findTestObject("OCS-DESKTOP/Product page/Tooltips/THC - Tooltip - About this product")): Object: 'Object Repository/OCS-DESKTOP/Product page/Tooltips/THC - Tooltip - About this product' is clicked on

2019-07-03 22:51:16 - [MESSAGE][PASSED] - Object: 'Object Repository/OCS-DESKTOP/Product page/Tooltips/THC - Tooltip - About this product' is clicked on

2019-07-03 22:51:16 - [TEST_STEP][PASSED] - delay(1): Delayed 1 second(s)

2019-07-03 22:51:17 - [MESSAGE][PASSED] - Delayed 1 second(s)

2019-07-03 22:51:17 - [TEST_STEP][PASSED] - takeScreenshot(): Taking screenshot successfully

2019-07-03 22:51:17 - [MESSAGE][PASSED] - Taking screenshot successfully
[[ATTACHMENT|/Users/sumankompelly/Relative xpath-Desktop/Reports/1.11.2/20190703_215901/1562208677445.png]]

2019-07-03 22:51:17 - [TEST_STEP][PASSED] - delay(1): Delayed 1 second(s)

2019-07-03 22:51:18 - [MESSAGE][PASSED] - Delayed 1 second(s)

2019-07-03 22:51:18 - [TEST_STEP][NOT_RUN] - click(findTestObject("OCS-DESKTOP/Product page/Tooltips/Close - Tooltip - THC")): NOT_RUN: click(findTestObject("OCS-DESKTOP/Product page/Tooltips/Close - Tooltip - THC"))

2019-07-03 22:51:18 - [MESSAGE][NOT_RUN] - NOT_RUN: click(findTestObject("OCS-DESKTOP/Product page/Tooltips/Close - Tooltip - THC"))

2019-07-03 22:51:18 - [TEST_STEP][PASSED] - delay(1): Delayed 1 second(s)

2019-07-03 22:51:19 - [MESSAGE][PASSED] - Delayed 1 second(s)

2019-07-03 22:51:19 - [TEST_STEP][PASSED] - click(findTestObject("OCS-DESKTOP/Product page/Tooltips/CBD - Tooltip - About this product")): Object: 'Object Repository/OCS-DESKTOP/Product page/Tooltips/CBD - Tooltip - About this product' is clicked on

2019-07-03 22:51:19 - [MESSAGE][PASSED] - Object: 'Object Repository/OCS-DESKTOP/Product page/Tooltips/CBD - Tooltip - About this product' is clicked on

2019-07-03 22:51:19 - [TEST_STEP][PASSED] - delay(1): Delayed 1 second(s)

2019-07-03 22:51:20 - [MESSAGE][PASSED] - Delayed 1 second(s)

2019-07-03 22:51:20 - [TEST_STEP][PASSED] - takeScreenshot(): Taking screenshot successfully

2019-07-03 22:51:20 - [MESSAGE][PASSED] - Taking screenshot successfully
[[ATTACHMENT|/Users/sumankompelly/Relative xpath-Desktop/Reports/1.11.2/20190703_215901/1562208680834.png]]

2019-07-03 22:51:20 - [TEST_STEP][PASSED] - delay(1): Delayed 1 second(s)

2019-07-03 22:51:21 - [MESSAGE][PASSED] - Delayed 1 second(s)

2019-07-03 22:51:21 - [TEST_STEP][NOT_RUN] - click(findTestObject("OCS-DESKTOP/Product page/Tooltips/Close - Tooltip - CBD")): NOT_RUN: click(findTestObject("OCS-DESKTOP/Product page/Tooltips/Close - Tooltip - CBD"))

2019-07-03 22:51:21 - [MESSAGE][NOT_RUN] - NOT_RUN: click(findTestObject("OCS-DESKTOP/Product page/Tooltips/Close - Tooltip - CBD"))

2019-07-03 22:51:21 - [TEST_STEP][PASSED] - delay(1): Delayed 1 second(s)

2019-07-03 22:51:22 - [MESSAGE][PASSED] - Delayed 1 second(s)

2019-07-03 22:51:22 - [TEST_STEP][PASSED] - click(findTestObject("OCS-DESKTOP/Product page/Tooltips/Plant type - Tooltip - About this product")): Object: 'Object Repository/OCS-DESKTOP/Product page/Tooltips/Plant type - Tooltip - About this product' is clicked on

2019-07-03 22:51:23 - [MESSAGE][PASSED] - Object: 'Object Repository/OCS-DESKTOP/Product page/Tooltips/Plant type - Tooltip - About this product' is clicked on

2019-07-03 22:51:23 - [TEST_STEP][PASSED] - delay(1): Delayed 1 second(s)

2019-07-03 22:51:24 - [MESSAGE][PASSED] - Delayed 1 second(s)

2019-07-03 22:51:24 - [TEST_STEP][PASSED] - takeScreenshot(): Taking screenshot successfully

2019-07-03 22:51:24 - [MESSAGE][PASSED] - Taking screenshot successfully
[[ATTACHMENT|/Users/sumankompelly/Relative xpath-Desktop/Reports/1.11.2/20190703_215901/1562208684228.png]]

2019-07-03 22:51:24 - [TEST_STEP][PASSED] - delay(1): Delayed 1 second(s)

2019-07-03 22:51:25 - [MESSAGE][PASSED] - Delayed 1 second(s)

2019-07-03 22:51:25 - [TEST_STEP][NOT_RUN] - click(findTestObject("OCS-DESKTOP/Product page/Tooltips/Close - Tooltip - Plant")): NOT_RUN: click(findTestObject("OCS-DESKTOP/Product page/Tooltips/Close - Tooltip - Plant"))

2019-07-03 22:51:25 - [MESSAGE][NOT_RUN] - NOT_RUN: click(findTestObject("OCS-DESKTOP/Product page/Tooltips/Close - Tooltip - Plant"))

2019-07-03 22:51:25 - [TEST_STEP][PASSED] - delay(1): Delayed 1 second(s)

2019-07-03 22:51:26 - [MESSAGE][PASSED] - Delayed 1 second(s)

2019-07-03 22:51:26 - [TEST_STEP][PASSED] - click(findTestObject("OCS-DESKTOP/Product page/Tooltips/Terpenes - Tooltip - About this product")): Object: 'Object Repository/OCS-DESKTOP/Product page/Tooltips/Terpenes - Tooltip - About this product' is clicked on

2019-07-03 22:51:26 - [MESSAGE][PASSED] - Object: 'Object Repository/OCS-DESKTOP/Product page/Tooltips/Terpenes - Tooltip - About this product' is clicked on

2019-07-03 22:51:26 - [TEST_STEP][PASSED] - delay(1): Delayed 1 second(s)

2019-07-03 22:51:27 - [MESSAGE][PASSED] - Delayed 1 second(s)

2019-07-03 22:51:27 - [TEST_STEP][PASSED] - takeScreenshot(): Taking screenshot successfully

2019-07-03 22:51:27 - [MESSAGE][PASSED] - Taking screenshot successfully
[[ATTACHMENT|/Users/sumankompelly/Relative xpath-Desktop/Reports/1.11.2/20190703_215901/1562208687622.png]]

2019-07-03 22:51:27 - [TEST_STEP][PASSED] - delay(1): Delayed 1 second(s)

2019-07-03 22:51:28 - [MESSAGE][PASSED] - Delayed 1 second(s)

2019-07-03 22:51:28 - [TEST_STEP][NOT_RUN] - click(findTestObject("OCS-DESKTOP/Product page/Tooltips/Close - Tooltip - Terepenes")): NOT_RUN: click(findTestObject("OCS-DESKTOP/Product page/Tooltips/Close - Tooltip - Terepenes"))

2019-07-03 22:51:28 - [MESSAGE][NOT_RUN] - NOT_RUN: click(findTestObject("OCS-DESKTOP/Product page/Tooltips/Close - Tooltip - Terepenes"))

2019-07-03 22:51:28 - [TEST_STEP][PASSED] - delay(1): Delayed 1 second(s)

2019-07-03 22:51:29 - [MESSAGE][PASSED] - Delayed 1 second(s)

2019-07-03 22:51:29 - [TEST_STEP][PASSED] - click(findTestObject("OCS-DESKTOP/Product page/Tooltips/GTIN - Tooltip - About this product")): Object: 'Object Repository/OCS-DESKTOP/Product page/Tooltips/GTIN - Tooltip - About this product' is clicked on

2019-07-03 22:51:30 - [MESSAGE][PASSED] - Object: 'Object Repository/OCS-DESKTOP/Product page/Tooltips/GTIN - Tooltip - About this product' is clicked on

2019-07-03 22:51:30 - [TEST_STEP][PASSED] - delay(1): Delayed 1 second(s)

2019-07-03 22:51:31 - [MESSAGE][PASSED] - Delayed 1 second(s)

2019-07-03 22:51:31 - [TEST_STEP][PASSED] - takeScreenshot(): Taking screenshot successfully

2019-07-03 22:51:31 - [MESSAGE][PASSED] - Taking screenshot successfully
[[ATTACHMENT|/Users/sumankompelly/Relative xpath-Desktop/Reports/1.11.2/20190703_215901/1562208691014.png]]

2019-07-03 22:51:31 - [TEST_STEP][PASSED] - delay(1): Delayed 1 second(s)

2019-07-03 22:51:32 - [MESSAGE][PASSED] - Delayed 1 second(s)

2019-07-03 22:51:32 - [TEST_STEP][NOT_RUN] - click(findTestObject("OCS-DESKTOP/Product page/Tooltips/Close - Tooltip - GTIN")): NOT_RUN: click(findTestObject("OCS-DESKTOP/Product page/Tooltips/Close - Tooltip - GTIN"))

2019-07-03 22:51:32 - [MESSAGE][NOT_RUN] - NOT_RUN: click(findTestObject("OCS-DESKTOP/Product page/Tooltips/Close - Tooltip - GTIN"))

2019-07-03 22:51:32 - [TEST_STEP][PASSED] - delay(1): Delayed 1 second(s)

2019-07-03 22:51:33 - [MESSAGE][PASSED] - Delayed 1 second(s)]]></system-out>
         <system-err><![CDATA[]]></system-err>
      </testcase>
      <testcase name="Test Cases/OCS - DESKTOP/OCS- PRODUCT PAGE/Show all accessories" classname="Test Cases/OCS - DESKTOP/OCS- PRODUCT PAGE/Show all accessories" status="PASSED">
         <system-out><![CDATA[2019-07-03 22:51:33 - [TEST_CASE][PASSED] - Test Cases/OCS - DESKTOP/OCS- PRODUCT PAGE/Show all accessories: Test Cases/OCS - DESKTOP/OCS- PRODUCT PAGE/Show all accessories

2019-07-03 22:51:33 - [TEST_STEP][PASSED] - callTestCase(findTestCase("OCS - DESKTOP/CALL - PDP"), [:], STOP_ON_FAILURE): Call Test Case 'Test Cases/OCS - DESKTOP/CALL - PDP' successfully

2019-07-03 22:51:33 - [TEST_CASE][PASSED] - Test Cases/OCS - DESKTOP/CALL - PDP: Test Cases/OCS - DESKTOP/CALL - PDP

2019-07-03 22:51:33 - [TEST_STEP][PASSED] - openBrowser(""): Browser is opened with url: ''

2019-07-03 22:51:33 - [MESSAGE][WARNING] - A browser is already opened. Closing browser and opening a new one

2019-07-03 22:51:33 - [MESSAGE][INFO] - Starting 'Firefox' driver

2019-07-03 22:51:35 - [MESSAGE][PASSED] - Browser is opened with url: ''

2019-07-03 22:51:35 - [TEST_STEP][PASSED] - navigateToUrl("https://ocs.ca/?fts=0&preview_theme_id=74203891532"): Navigate to 'https://ocs.ca/?fts=0&preview_theme_id=74203891532' successfully

2019-07-03 22:51:43 - [MESSAGE][PASSED] - Navigate to 'https://ocs.ca/?fts=0&preview_theme_id=74203891532' successfully

2019-07-03 22:51:43 - [TEST_STEP][PASSED] - maximizeWindow(): Current window maximized

2019-07-03 22:51:44 - [MESSAGE][PASSED] - Current window maximized

2019-07-03 22:51:44 - [TEST_STEP][PASSED] - executeJavaScript("var previewBar = document.getElementById("preview-bar-iframe"); previewBar.style.display = "none";", []): Execute JavaScript 'var previewBar = document.getElementById("preview-bar-iframe"); previewBar.style.display = "none";' successfully

2019-07-03 22:51:44 - [MESSAGE][PASSED] - Execute JavaScript 'var previewBar = document.getElementById("preview-bar-iframe"); previewBar.style.display = "none";' successfully

2019-07-03 22:51:44 - [TEST_STEP][PASSED] - delay(4): Delayed 4 second(s)

2019-07-03 22:51:48 - [MESSAGE][PASSED] - Delayed 4 second(s)

2019-07-03 22:51:48 - [TEST_STEP][PASSED] - selectOptionByValue(findTestObject("OCS-DESKTOP/Age gate and Mega menu/Date"), "12", true): All options with value '12' are selected in object 'Object Repository/OCS-DESKTOP/Age gate and Mega menu/Date'  using regular expression

2019-07-03 22:51:48 - [MESSAGE][PASSED] - All options with value '12' are selected in object 'Object Repository/OCS-DESKTOP/Age gate and Mega menu/Date'  using regular expression

2019-07-03 22:51:48 - [TEST_STEP][PASSED] - selectOptionByValue(findTestObject("OCS-DESKTOP/Age gate and Mega menu/month"), "6", true): All options with value '6' are selected in object 'Object Repository/OCS-DESKTOP/Age gate and Mega menu/month'  using regular expression

2019-07-03 22:51:49 - [MESSAGE][PASSED] - All options with value '6' are selected in object 'Object Repository/OCS-DESKTOP/Age gate and Mega menu/month'  using regular expression

2019-07-03 22:51:49 - [TEST_STEP][PASSED] - delay(2): Delayed 2 second(s)

2019-07-03 22:51:51 - [MESSAGE][PASSED] - Delayed 2 second(s)

2019-07-03 22:51:51 - [TEST_STEP][PASSED] - selectOptionByValue(findTestObject("OCS-DESKTOP/Age gate and Mega menu/Year Dropdown"), "1990", true): All options with value '1990' are selected in object 'Object Repository/OCS-DESKTOP/Age gate and Mega menu/Year Dropdown'  using regular expression

2019-07-03 22:51:52 - [MESSAGE][PASSED] - All options with value '1990' are selected in object 'Object Repository/OCS-DESKTOP/Age gate and Mega menu/Year Dropdown'  using regular expression

2019-07-03 22:51:52 - [TEST_STEP][PASSED] - click(findTestObject("OCS-DESKTOP/Age gate and Mega menu/button_Verify")): Object: 'Object Repository/OCS-DESKTOP/Age gate and Mega menu/button_Verify' is clicked on

2019-07-03 22:51:52 - [MESSAGE][PASSED] - Object: 'Object Repository/OCS-DESKTOP/Age gate and Mega menu/button_Verify' is clicked on

2019-07-03 22:51:52 - [TEST_STEP][PASSED] - click(findTestObject("OCS-DESKTOP/Age gate and Mega menu/Checkbox_CONFIRM AND ACKNOWLEDGE")): Object: 'Object Repository/OCS-DESKTOP/Age gate and Mega menu/Checkbox_CONFIRM AND ACKNOWLEDGE' is clicked on

2019-07-03 22:51:53 - [MESSAGE][PASSED] - Object: 'Object Repository/OCS-DESKTOP/Age gate and Mega menu/Checkbox_CONFIRM AND ACKNOWLEDGE' is clicked on

2019-07-03 22:51:53 - [TEST_STEP][PASSED] - click(findTestObject("OCS-DESKTOP/Age gate and Mega menu/button_CONFIRM")): Object: 'Object Repository/OCS-DESKTOP/Age gate and Mega menu/button_CONFIRM' is clicked on

2019-07-03 22:51:53 - [MESSAGE][PASSED] - Object: 'Object Repository/OCS-DESKTOP/Age gate and Mega menu/button_CONFIRM' is clicked on

2019-07-03 22:51:53 - [TEST_STEP][PASSED] - click(findTestObject("OCS-DESKTOP/Age gate and Mega menu/button_Start Browsing")): Object: 'Object Repository/OCS-DESKTOP/Age gate and Mega menu/button_Start Browsing' is clicked on

2019-07-03 22:51:53 - [MESSAGE][PASSED] - Object: 'Object Repository/OCS-DESKTOP/Age gate and Mega menu/button_Start Browsing' is clicked on

2019-07-03 22:51:53 - [TEST_STEP][PASSED] - refresh(): Refresh successfully

2019-07-03 22:51:57 - [MESSAGE][PASSED] - Refresh successfully

2019-07-03 22:51:57 - [TEST_STEP][PASSED] - delay(2): Delayed 2 second(s)

2019-07-03 22:51:59 - [MESSAGE][PASSED] - Delayed 2 second(s)

2019-07-03 22:51:59 - [TEST_STEP][PASSED] - click(findTestObject("OCS-DESKTOP/Age gate and Mega menu/Header/CANNABIS menu - English")): Object: 'Object Repository/OCS-DESKTOP/Age gate and Mega menu/Header/CANNABIS menu - English' is clicked on

2019-07-03 22:51:59 - [MESSAGE][PASSED] - Object: 'Object Repository/OCS-DESKTOP/Age gate and Mega menu/Header/CANNABIS menu - English' is clicked on

2019-07-03 22:51:59 - [TEST_STEP][PASSED] - delay(2): Delayed 2 second(s)

2019-07-03 22:52:01 - [MESSAGE][PASSED] - Delayed 2 second(s)

2019-07-03 22:52:01 - [TEST_STEP][PASSED] - click(findTestObject("OCS-DESKTOP/Age gate and Mega menu/Indica Dominant_Menu item")): Object: 'Object Repository/OCS-DESKTOP/Age gate and Mega menu/Indica Dominant_Menu item' is clicked on

2019-07-03 22:52:05 - [MESSAGE][PASSED] - Object: 'Object Repository/OCS-DESKTOP/Age gate and Mega menu/Indica Dominant_Menu item' is clicked on

2019-07-03 22:52:05 - [TEST_STEP][PASSED] - delay(2): Delayed 2 second(s)

2019-07-03 22:52:07 - [MESSAGE][PASSED] - Delayed 2 second(s)

2019-07-03 22:52:07 - [TEST_STEP][PASSED] - scrollToElement(findTestObject("OCS-DESKTOP/Collection page/Product image - 1st one"), 0): Scroll to object 'Object Repository/OCS-DESKTOP/Collection page/Product image - 1st one' successfully

2019-07-03 22:52:07 - [MESSAGE][WARNING] - Timeout '0' is invalid. Using default page load timeout: '30'

2019-07-03 22:52:07 - [MESSAGE][PASSED] - Scroll to object 'Object Repository/OCS-DESKTOP/Collection page/Product image - 1st one' successfully

2019-07-03 22:52:07 - [TEST_STEP][PASSED] - delay(2): Delayed 2 second(s)

2019-07-03 22:52:09 - [MESSAGE][PASSED] - Delayed 2 second(s)

2019-07-03 22:52:09 - [TEST_STEP][PASSED] - click(findTestObject("OCS-DESKTOP/Collection page/Product image - 1st one")): Object: 'Object Repository/OCS-DESKTOP/Collection page/Product image - 1st one' is clicked on

2019-07-03 22:52:11 - [MESSAGE][PASSED] - Object: 'Object Repository/OCS-DESKTOP/Collection page/Product image - 1st one' is clicked on

2019-07-03 22:52:11 - [TEST_STEP][PASSED] - executeJavaScript("var previewBar = document.getElementById("preview-bar-iframe"); previewBar.style.display = "none";", []): Execute JavaScript 'var previewBar = document.getElementById("preview-bar-iframe"); previewBar.style.display = "none";' successfully

2019-07-03 22:52:11 - [MESSAGE][PASSED] - Execute JavaScript 'var previewBar = document.getElementById("preview-bar-iframe"); previewBar.style.display = "none";' successfully

2019-07-03 22:52:11 - [TEST_STEP][PASSED] - delay(2): Delayed 2 second(s)

2019-07-03 22:52:13 - [MESSAGE][PASSED] - Delayed 2 second(s)

2019-07-03 22:52:13 - [MESSAGE][PASSED] - Call Test Case 'Test Cases/OCS - DESKTOP/CALL - PDP' successfully

2019-07-03 22:52:13 - [TEST_STEP][NOT_RUN] - scrollToElement(findTestObject("OCS-MOBILE /Product page/More items to consider section/Grinders - Tab"), 2): NOT_RUN: scrollToElement(findTestObject("OCS-MOBILE /Product page/More items to consider section/Grinders - Tab"), 2)

2019-07-03 22:52:13 - [MESSAGE][NOT_RUN] - NOT_RUN: scrollToElement(findTestObject("OCS-MOBILE /Product page/More items to consider section/Grinders - Tab"), 2)

2019-07-03 22:52:13 - [TEST_STEP][PASSED] - delay(5): Delayed 5 second(s)

2019-07-03 22:52:18 - [MESSAGE][PASSED] - Delayed 5 second(s)

2019-07-03 22:52:18 - [TEST_STEP][PASSED] - click(findTestObject("OCS-DESKTOP/Product page/More items to consider section/Show all accessories - Link")): Object: 'Object Repository/OCS-DESKTOP/Product page/More items to consider section/Show all accessories - Link' is clicked on

2019-07-03 22:52:21 - [MESSAGE][PASSED] - Object: 'Object Repository/OCS-DESKTOP/Product page/More items to consider section/Show all accessories - Link' is clicked on

2019-07-03 22:52:21 - [TEST_STEP][PASSED] - a = getWindowTitle(): Current window's title is: 'All Products | Ontario Cannabis Store'

2019-07-03 22:52:21 - [MESSAGE][PASSED] - Current window's title is: 'All Products | Ontario Cannabis Store'

2019-07-03 22:52:21 - [TEST_STEP][PASSED] - b = "All Products | Ontario Cannabis Store": null

2019-07-03 22:52:21 - [TEST_STEP][PASSED] - comment("WINDOW TITLE: " + a): WINDOW TITLE: All Products | Ontario Cannabis Store

2019-07-03 22:52:21 - [MESSAGE][INFO] - WINDOW TITLE: All Products | Ontario Cannabis Store

2019-07-03 22:52:21 - [TEST_STEP][PASSED] - verifyEqual(a, b): Actual object 'All Products | Ontario Cannabis Store' and expected object 'All Products | Ontario Cannabis Store' are equal

2019-07-03 22:52:21 - [MESSAGE][PASSED] - Actual object 'All Products | Ontario Cannabis Store' and expected object 'All Products | Ontario Cannabis Store' are equal]]></system-out>
         <system-err><![CDATA[]]></system-err>
      </testcase>
      <testcase name="Test Cases/OCS - DESKTOP/OCS- PRODUCT PAGE/breadcrumb" classname="Test Cases/OCS - DESKTOP/OCS- PRODUCT PAGE/breadcrumb" status="PASSED">
         <system-out><![CDATA[2019-07-03 22:52:21 - [TEST_CASE][PASSED] - Test Cases/OCS - DESKTOP/OCS- PRODUCT PAGE/breadcrumb: Test Cases/OCS - DESKTOP/OCS- PRODUCT PAGE/breadcrumb

2019-07-03 22:52:21 - [TEST_STEP][PASSED] - callTestCase(findTestCase("OCS - DESKTOP/CALL - PDP"), [:], STOP_ON_FAILURE): Call Test Case 'Test Cases/OCS - DESKTOP/CALL - PDP' successfully

2019-07-03 22:52:21 - [TEST_CASE][PASSED] - Test Cases/OCS - DESKTOP/CALL - PDP: Test Cases/OCS - DESKTOP/CALL - PDP

2019-07-03 22:52:21 - [TEST_STEP][PASSED] - openBrowser(""): Browser is opened with url: ''

2019-07-03 22:52:21 - [MESSAGE][WARNING] - A browser is already opened. Closing browser and opening a new one

2019-07-03 22:52:22 - [MESSAGE][INFO] - Starting 'Firefox' driver

2019-07-03 22:52:24 - [MESSAGE][PASSED] - Browser is opened with url: ''

2019-07-03 22:52:24 - [TEST_STEP][PASSED] - navigateToUrl("https://ocs.ca/?fts=0&preview_theme_id=74203891532"): Navigate to 'https://ocs.ca/?fts=0&preview_theme_id=74203891532' successfully

2019-07-03 22:52:29 - [MESSAGE][PASSED] - Navigate to 'https://ocs.ca/?fts=0&preview_theme_id=74203891532' successfully

2019-07-03 22:52:29 - [TEST_STEP][PASSED] - maximizeWindow(): Current window maximized

2019-07-03 22:52:29 - [MESSAGE][PASSED] - Current window maximized

2019-07-03 22:52:29 - [TEST_STEP][PASSED] - executeJavaScript("var previewBar = document.getElementById("preview-bar-iframe"); previewBar.style.display = "none";", []): Execute JavaScript 'var previewBar = document.getElementById("preview-bar-iframe"); previewBar.style.display = "none";' successfully

2019-07-03 22:52:29 - [MESSAGE][PASSED] - Execute JavaScript 'var previewBar = document.getElementById("preview-bar-iframe"); previewBar.style.display = "none";' successfully

2019-07-03 22:52:29 - [TEST_STEP][PASSED] - delay(4): Delayed 4 second(s)

2019-07-03 22:52:33 - [MESSAGE][PASSED] - Delayed 4 second(s)

2019-07-03 22:52:33 - [TEST_STEP][PASSED] - selectOptionByValue(findTestObject("OCS-DESKTOP/Age gate and Mega menu/Date"), "12", true): All options with value '12' are selected in object 'Object Repository/OCS-DESKTOP/Age gate and Mega menu/Date'  using regular expression

2019-07-03 22:52:34 - [MESSAGE][PASSED] - All options with value '12' are selected in object 'Object Repository/OCS-DESKTOP/Age gate and Mega menu/Date'  using regular expression

2019-07-03 22:52:34 - [TEST_STEP][PASSED] - selectOptionByValue(findTestObject("OCS-DESKTOP/Age gate and Mega menu/month"), "6", true): All options with value '6' are selected in object 'Object Repository/OCS-DESKTOP/Age gate and Mega menu/month'  using regular expression

2019-07-03 22:52:34 - [MESSAGE][PASSED] - All options with value '6' are selected in object 'Object Repository/OCS-DESKTOP/Age gate and Mega menu/month'  using regular expression

2019-07-03 22:52:34 - [TEST_STEP][PASSED] - delay(2): Delayed 2 second(s)

2019-07-03 22:52:36 - [MESSAGE][PASSED] - Delayed 2 second(s)

2019-07-03 22:52:36 - [TEST_STEP][PASSED] - selectOptionByValue(findTestObject("OCS-DESKTOP/Age gate and Mega menu/Year Dropdown"), "1990", true): All options with value '1990' are selected in object 'Object Repository/OCS-DESKTOP/Age gate and Mega menu/Year Dropdown'  using regular expression

2019-07-03 22:52:38 - [MESSAGE][PASSED] - All options with value '1990' are selected in object 'Object Repository/OCS-DESKTOP/Age gate and Mega menu/Year Dropdown'  using regular expression

2019-07-03 22:52:38 - [TEST_STEP][PASSED] - click(findTestObject("OCS-DESKTOP/Age gate and Mega menu/button_Verify")): Object: 'Object Repository/OCS-DESKTOP/Age gate and Mega menu/button_Verify' is clicked on

2019-07-03 22:52:38 - [MESSAGE][PASSED] - Object: 'Object Repository/OCS-DESKTOP/Age gate and Mega menu/button_Verify' is clicked on

2019-07-03 22:52:38 - [TEST_STEP][PASSED] - click(findTestObject("OCS-DESKTOP/Age gate and Mega menu/Checkbox_CONFIRM AND ACKNOWLEDGE")): Object: 'Object Repository/OCS-DESKTOP/Age gate and Mega menu/Checkbox_CONFIRM AND ACKNOWLEDGE' is clicked on

2019-07-03 22:52:38 - [MESSAGE][PASSED] - Object: 'Object Repository/OCS-DESKTOP/Age gate and Mega menu/Checkbox_CONFIRM AND ACKNOWLEDGE' is clicked on

2019-07-03 22:52:38 - [TEST_STEP][PASSED] - click(findTestObject("OCS-DESKTOP/Age gate and Mega menu/button_CONFIRM")): Object: 'Object Repository/OCS-DESKTOP/Age gate and Mega menu/button_CONFIRM' is clicked on

2019-07-03 22:52:39 - [MESSAGE][PASSED] - Object: 'Object Repository/OCS-DESKTOP/Age gate and Mega menu/button_CONFIRM' is clicked on

2019-07-03 22:52:39 - [TEST_STEP][PASSED] - click(findTestObject("OCS-DESKTOP/Age gate and Mega menu/button_Start Browsing")): Object: 'Object Repository/OCS-DESKTOP/Age gate and Mega menu/button_Start Browsing' is clicked on

2019-07-03 22:52:39 - [MESSAGE][PASSED] - Object: 'Object Repository/OCS-DESKTOP/Age gate and Mega menu/button_Start Browsing' is clicked on

2019-07-03 22:52:39 - [TEST_STEP][PASSED] - refresh(): Refresh successfully

2019-07-03 22:52:42 - [MESSAGE][PASSED] - Refresh successfully

2019-07-03 22:52:42 - [TEST_STEP][PASSED] - delay(2): Delayed 2 second(s)

2019-07-03 22:52:44 - [MESSAGE][PASSED] - Delayed 2 second(s)

2019-07-03 22:52:44 - [TEST_STEP][PASSED] - click(findTestObject("OCS-DESKTOP/Age gate and Mega menu/Header/CANNABIS menu - English")): Object: 'Object Repository/OCS-DESKTOP/Age gate and Mega menu/Header/CANNABIS menu - English' is clicked on

2019-07-03 22:52:45 - [MESSAGE][PASSED] - Object: 'Object Repository/OCS-DESKTOP/Age gate and Mega menu/Header/CANNABIS menu - English' is clicked on

2019-07-03 22:52:45 - [TEST_STEP][PASSED] - delay(2): Delayed 2 second(s)

2019-07-03 22:52:47 - [MESSAGE][PASSED] - Delayed 2 second(s)

2019-07-03 22:52:47 - [TEST_STEP][PASSED] - click(findTestObject("OCS-DESKTOP/Age gate and Mega menu/Indica Dominant_Menu item")): Object: 'Object Repository/OCS-DESKTOP/Age gate and Mega menu/Indica Dominant_Menu item' is clicked on

2019-07-03 22:52:49 - [MESSAGE][PASSED] - Object: 'Object Repository/OCS-DESKTOP/Age gate and Mega menu/Indica Dominant_Menu item' is clicked on

2019-07-03 22:52:49 - [TEST_STEP][PASSED] - delay(2): Delayed 2 second(s)

2019-07-03 22:52:51 - [MESSAGE][PASSED] - Delayed 2 second(s)

2019-07-03 22:52:51 - [TEST_STEP][PASSED] - scrollToElement(findTestObject("OCS-DESKTOP/Collection page/Product image - 1st one"), 0): Scroll to object 'Object Repository/OCS-DESKTOP/Collection page/Product image - 1st one' successfully

2019-07-03 22:52:51 - [MESSAGE][WARNING] - Timeout '0' is invalid. Using default page load timeout: '30'

2019-07-03 22:52:51 - [MESSAGE][PASSED] - Scroll to object 'Object Repository/OCS-DESKTOP/Collection page/Product image - 1st one' successfully

2019-07-03 22:52:51 - [TEST_STEP][PASSED] - delay(2): Delayed 2 second(s)

2019-07-03 22:52:53 - [MESSAGE][PASSED] - Delayed 2 second(s)

2019-07-03 22:52:53 - [TEST_STEP][PASSED] - click(findTestObject("OCS-DESKTOP/Collection page/Product image - 1st one")): Object: 'Object Repository/OCS-DESKTOP/Collection page/Product image - 1st one' is clicked on

2019-07-03 22:52:55 - [MESSAGE][PASSED] - Object: 'Object Repository/OCS-DESKTOP/Collection page/Product image - 1st one' is clicked on

2019-07-03 22:52:55 - [TEST_STEP][PASSED] - executeJavaScript("var previewBar = document.getElementById("preview-bar-iframe"); previewBar.style.display = "none";", []): Execute JavaScript 'var previewBar = document.getElementById("preview-bar-iframe"); previewBar.style.display = "none";' successfully

2019-07-03 22:52:55 - [MESSAGE][PASSED] - Execute JavaScript 'var previewBar = document.getElementById("preview-bar-iframe"); previewBar.style.display = "none";' successfully

2019-07-03 22:52:55 - [TEST_STEP][PASSED] - delay(2): Delayed 2 second(s)

2019-07-03 22:52:57 - [MESSAGE][PASSED] - Delayed 2 second(s)

2019-07-03 22:52:57 - [MESSAGE][PASSED] - Call Test Case 'Test Cases/OCS - DESKTOP/CALL - PDP' successfully

2019-07-03 22:52:57 - [TEST_STEP][PASSED] - click(findTestObject("OCS-DESKTOP/Product page/a_Dried flower")): Object: 'Object Repository/OCS-DESKTOP/Product page/a_Dried flower' is clicked on

2019-07-03 22:53:00 - [MESSAGE][PASSED] - Object: 'Object Repository/OCS-DESKTOP/Product page/a_Dried flower' is clicked on

2019-07-03 22:53:00 - [TEST_STEP][PASSED] - b = getWindowTitle(): Current window's title is: 'Dried Flower | Ontario Cannabis Store'

2019-07-03 22:53:00 - [MESSAGE][PASSED] - Current window's title is: 'Dried Flower | Ontario Cannabis Store'

2019-07-03 22:53:00 - [TEST_STEP][PASSED] - comment(" b= " + b):  b= Dried Flower | Ontario Cannabis Store

2019-07-03 22:53:00 - [MESSAGE][INFO] -  b= Dried Flower | Ontario Cannabis Store

2019-07-03 22:53:00 - [TEST_STEP][PASSED] - assert getWindowTitle() == b: Current window's title is: 'Dried Flower | Ontario Cannabis Store'

2019-07-03 22:53:00 - [MESSAGE][PASSED] - Current window's title is: 'Dried Flower | Ontario Cannabis Store'

2019-07-03 22:53:00 - [TEST_STEP][PASSED] - click(findTestObject("OCS-DESKTOP/Product page/a_Cannabis")): Object: 'Object Repository/OCS-DESKTOP/Product page/a_Cannabis' is clicked on

2019-07-03 22:53:02 - [MESSAGE][PASSED] - Object: 'Object Repository/OCS-DESKTOP/Product page/a_Cannabis' is clicked on

2019-07-03 22:53:02 - [TEST_STEP][PASSED] - c = getWindowTitle(): Current window's title is: 'All Cannabis Products | Ontario Cannabis Store'

2019-07-03 22:53:02 - [MESSAGE][PASSED] - Current window's title is: 'All Cannabis Products | Ontario Cannabis Store'

2019-07-03 22:53:02 - [TEST_STEP][PASSED] - comment(" c= " + c):  c= All Cannabis Products | Ontario Cannabis Store

2019-07-03 22:53:02 - [MESSAGE][INFO] -  c= All Cannabis Products | Ontario Cannabis Store

2019-07-03 22:53:02 - [TEST_STEP][PASSED] - assert getWindowTitle() == c: Current window's title is: 'All Cannabis Products | Ontario Cannabis Store'

2019-07-03 22:53:02 - [MESSAGE][PASSED] - Current window's title is: 'All Cannabis Products | Ontario Cannabis Store'

2019-07-03 22:53:02 - [TEST_STEP][PASSED] - click(findTestObject("OCS-DESKTOP/Product page/a_Home")): Object: 'Object Repository/OCS-DESKTOP/Product page/a_Home' is clicked on

2019-07-03 22:53:04 - [MESSAGE][PASSED] - Object: 'Object Repository/OCS-DESKTOP/Product page/a_Home' is clicked on

2019-07-03 22:53:04 - [TEST_STEP][PASSED] - a = getWindowTitle(): Current window's title is: 'Ontario Cannabis Store | Ontario Cannabis Store'

2019-07-03 22:53:04 - [MESSAGE][PASSED] - Current window's title is: 'Ontario Cannabis Store | Ontario Cannabis Store'

2019-07-03 22:53:04 - [TEST_STEP][PASSED] - comment(" a= " + a):  a= Ontario Cannabis Store | Ontario Cannabis Store

2019-07-03 22:53:04 - [MESSAGE][INFO] -  a= Ontario Cannabis Store | Ontario Cannabis Store

2019-07-03 22:53:04 - [TEST_STEP][PASSED] - assert getWindowTitle() == a: Current window's title is: 'Ontario Cannabis Store | Ontario Cannabis Store'

2019-07-03 22:53:04 - [MESSAGE][PASSED] - Current window's title is: 'Ontario Cannabis Store | Ontario Cannabis Store']]></system-out>
         <system-err><![CDATA[]]></system-err>
      </testcase>
      <testcase name="Test Cases/OCS - DESKTOP/OCS- PRODUCT PAGE/More items to consider" classname="Test Cases/OCS - DESKTOP/OCS- PRODUCT PAGE/More items to consider" status="PASSED">
         <system-out><![CDATA[2019-07-03 22:53:04 - [TEST_CASE][PASSED] - Test Cases/OCS - DESKTOP/OCS- PRODUCT PAGE/More items to consider: Test Cases/OCS - DESKTOP/OCS- PRODUCT PAGE/More items to consider

2019-07-03 22:53:04 - [TEST_STEP][PASSED] - callTestCase(findTestCase("OCS - DESKTOP/CALL - PDP"), [:], STOP_ON_FAILURE): Call Test Case 'Test Cases/OCS - DESKTOP/CALL - PDP' successfully

2019-07-03 22:53:04 - [TEST_CASE][PASSED] - Test Cases/OCS - DESKTOP/CALL - PDP: Test Cases/OCS - DESKTOP/CALL - PDP

2019-07-03 22:53:04 - [TEST_STEP][PASSED] - openBrowser(""): Browser is opened with url: ''

2019-07-03 22:53:04 - [MESSAGE][WARNING] - A browser is already opened. Closing browser and opening a new one

2019-07-03 22:53:05 - [MESSAGE][INFO] - Starting 'Firefox' driver

2019-07-03 22:53:07 - [MESSAGE][PASSED] - Browser is opened with url: ''

2019-07-03 22:53:07 - [TEST_STEP][PASSED] - navigateToUrl("https://ocs.ca/?fts=0&preview_theme_id=74203891532"): Navigate to 'https://ocs.ca/?fts=0&preview_theme_id=74203891532' successfully

2019-07-03 22:53:14 - [MESSAGE][PASSED] - Navigate to 'https://ocs.ca/?fts=0&preview_theme_id=74203891532' successfully

2019-07-03 22:53:14 - [TEST_STEP][PASSED] - maximizeWindow(): Current window maximized

2019-07-03 22:53:14 - [MESSAGE][PASSED] - Current window maximized

2019-07-03 22:53:14 - [TEST_STEP][PASSED] - executeJavaScript("var previewBar = document.getElementById("preview-bar-iframe"); previewBar.style.display = "none";", []): Execute JavaScript 'var previewBar = document.getElementById("preview-bar-iframe"); previewBar.style.display = "none";' successfully

2019-07-03 22:53:14 - [MESSAGE][PASSED] - Execute JavaScript 'var previewBar = document.getElementById("preview-bar-iframe"); previewBar.style.display = "none";' successfully

2019-07-03 22:53:14 - [TEST_STEP][PASSED] - delay(4): Delayed 4 second(s)

2019-07-03 22:53:18 - [MESSAGE][PASSED] - Delayed 4 second(s)

2019-07-03 22:53:18 - [TEST_STEP][PASSED] - selectOptionByValue(findTestObject("OCS-DESKTOP/Age gate and Mega menu/Date"), "12", true): All options with value '12' are selected in object 'Object Repository/OCS-DESKTOP/Age gate and Mega menu/Date'  using regular expression

2019-07-03 22:53:19 - [MESSAGE][PASSED] - All options with value '12' are selected in object 'Object Repository/OCS-DESKTOP/Age gate and Mega menu/Date'  using regular expression

2019-07-03 22:53:19 - [TEST_STEP][PASSED] - selectOptionByValue(findTestObject("OCS-DESKTOP/Age gate and Mega menu/month"), "6", true): All options with value '6' are selected in object 'Object Repository/OCS-DESKTOP/Age gate and Mega menu/month'  using regular expression

2019-07-03 22:53:19 - [MESSAGE][PASSED] - All options with value '6' are selected in object 'Object Repository/OCS-DESKTOP/Age gate and Mega menu/month'  using regular expression

2019-07-03 22:53:19 - [TEST_STEP][PASSED] - delay(2): Delayed 2 second(s)

2019-07-03 22:53:21 - [MESSAGE][PASSED] - Delayed 2 second(s)

2019-07-03 22:53:21 - [TEST_STEP][PASSED] - selectOptionByValue(findTestObject("OCS-DESKTOP/Age gate and Mega menu/Year Dropdown"), "1990", true): All options with value '1990' are selected in object 'Object Repository/OCS-DESKTOP/Age gate and Mega menu/Year Dropdown'  using regular expression

2019-07-03 22:53:23 - [MESSAGE][PASSED] - All options with value '1990' are selected in object 'Object Repository/OCS-DESKTOP/Age gate and Mega menu/Year Dropdown'  using regular expression

2019-07-03 22:53:23 - [TEST_STEP][PASSED] - click(findTestObject("OCS-DESKTOP/Age gate and Mega menu/button_Verify")): Object: 'Object Repository/OCS-DESKTOP/Age gate and Mega menu/button_Verify' is clicked on

2019-07-03 22:53:23 - [MESSAGE][PASSED] - Object: 'Object Repository/OCS-DESKTOP/Age gate and Mega menu/button_Verify' is clicked on

2019-07-03 22:53:23 - [TEST_STEP][PASSED] - click(findTestObject("OCS-DESKTOP/Age gate and Mega menu/Checkbox_CONFIRM AND ACKNOWLEDGE")): Object: 'Object Repository/OCS-DESKTOP/Age gate and Mega menu/Checkbox_CONFIRM AND ACKNOWLEDGE' is clicked on

2019-07-03 22:53:23 - [MESSAGE][PASSED] - Object: 'Object Repository/OCS-DESKTOP/Age gate and Mega menu/Checkbox_CONFIRM AND ACKNOWLEDGE' is clicked on

2019-07-03 22:53:23 - [TEST_STEP][PASSED] - click(findTestObject("OCS-DESKTOP/Age gate and Mega menu/button_CONFIRM")): Object: 'Object Repository/OCS-DESKTOP/Age gate and Mega menu/button_CONFIRM' is clicked on

2019-07-03 22:53:24 - [MESSAGE][PASSED] - Object: 'Object Repository/OCS-DESKTOP/Age gate and Mega menu/button_CONFIRM' is clicked on

2019-07-03 22:53:24 - [TEST_STEP][PASSED] - click(findTestObject("OCS-DESKTOP/Age gate and Mega menu/button_Start Browsing")): Object: 'Object Repository/OCS-DESKTOP/Age gate and Mega menu/button_Start Browsing' is clicked on

2019-07-03 22:53:24 - [MESSAGE][PASSED] - Object: 'Object Repository/OCS-DESKTOP/Age gate and Mega menu/button_Start Browsing' is clicked on

2019-07-03 22:53:24 - [TEST_STEP][PASSED] - refresh(): Refresh successfully

2019-07-03 22:53:27 - [MESSAGE][PASSED] - Refresh successfully

2019-07-03 22:53:27 - [TEST_STEP][PASSED] - delay(2): Delayed 2 second(s)

2019-07-03 22:53:29 - [MESSAGE][PASSED] - Delayed 2 second(s)

2019-07-03 22:53:29 - [TEST_STEP][PASSED] - click(findTestObject("OCS-DESKTOP/Age gate and Mega menu/Header/CANNABIS menu - English")): Object: 'Object Repository/OCS-DESKTOP/Age gate and Mega menu/Header/CANNABIS menu - English' is clicked on

2019-07-03 22:53:29 - [MESSAGE][PASSED] - Object: 'Object Repository/OCS-DESKTOP/Age gate and Mega menu/Header/CANNABIS menu - English' is clicked on

2019-07-03 22:53:29 - [TEST_STEP][PASSED] - delay(2): Delayed 2 second(s)

2019-07-03 22:53:31 - [MESSAGE][PASSED] - Delayed 2 second(s)

2019-07-03 22:53:31 - [TEST_STEP][PASSED] - click(findTestObject("OCS-DESKTOP/Age gate and Mega menu/Indica Dominant_Menu item")): Object: 'Object Repository/OCS-DESKTOP/Age gate and Mega menu/Indica Dominant_Menu item' is clicked on

2019-07-03 22:53:34 - [MESSAGE][PASSED] - Object: 'Object Repository/OCS-DESKTOP/Age gate and Mega menu/Indica Dominant_Menu item' is clicked on

2019-07-03 22:53:34 - [TEST_STEP][PASSED] - delay(2): Delayed 2 second(s)

2019-07-03 22:53:36 - [MESSAGE][PASSED] - Delayed 2 second(s)

2019-07-03 22:53:36 - [TEST_STEP][PASSED] - scrollToElement(findTestObject("OCS-DESKTOP/Collection page/Product image - 1st one"), 0): Scroll to object 'Object Repository/OCS-DESKTOP/Collection page/Product image - 1st one' successfully

2019-07-03 22:53:36 - [MESSAGE][WARNING] - Timeout '0' is invalid. Using default page load timeout: '30'

2019-07-03 22:53:36 - [MESSAGE][PASSED] - Scroll to object 'Object Repository/OCS-DESKTOP/Collection page/Product image - 1st one' successfully

2019-07-03 22:53:36 - [TEST_STEP][PASSED] - delay(2): Delayed 2 second(s)

2019-07-03 22:53:38 - [MESSAGE][PASSED] - Delayed 2 second(s)

2019-07-03 22:53:38 - [TEST_STEP][PASSED] - click(findTestObject("OCS-DESKTOP/Collection page/Product image - 1st one")): Object: 'Object Repository/OCS-DESKTOP/Collection page/Product image - 1st one' is clicked on

2019-07-03 22:53:40 - [MESSAGE][PASSED] - Object: 'Object Repository/OCS-DESKTOP/Collection page/Product image - 1st one' is clicked on

2019-07-03 22:53:40 - [TEST_STEP][PASSED] - executeJavaScript("var previewBar = document.getElementById("preview-bar-iframe"); previewBar.style.display = "none";", []): Execute JavaScript 'var previewBar = document.getElementById("preview-bar-iframe"); previewBar.style.display = "none";' successfully

2019-07-03 22:53:40 - [MESSAGE][PASSED] - Execute JavaScript 'var previewBar = document.getElementById("preview-bar-iframe"); previewBar.style.display = "none";' successfully

2019-07-03 22:53:40 - [TEST_STEP][PASSED] - delay(2): Delayed 2 second(s)

2019-07-03 22:53:42 - [MESSAGE][PASSED] - Delayed 2 second(s)

2019-07-03 22:53:42 - [MESSAGE][PASSED] - Call Test Case 'Test Cases/OCS - DESKTOP/CALL - PDP' successfully

2019-07-03 22:53:42 - [TEST_STEP][NOT_RUN] - scrollToElement(findTestObject("OCS-MOBILE /Product page/Product image"), 1): NOT_RUN: scrollToElement(findTestObject("OCS-MOBILE /Product page/Product image"), 1)

2019-07-03 22:53:42 - [MESSAGE][NOT_RUN] - NOT_RUN: scrollToElement(findTestObject("OCS-MOBILE /Product page/Product image"), 1)

2019-07-03 22:53:42 - [TEST_STEP][PASSED] - click(findTestObject("OCS-DESKTOP/Product page/Learn More - Link")): Object: 'Object Repository/OCS-DESKTOP/Product page/Learn More - Link' is clicked on

2019-07-03 22:53:42 - [MESSAGE][PASSED] - Object: 'Object Repository/OCS-DESKTOP/Product page/Learn More - Link' is clicked on

2019-07-03 22:53:42 - [TEST_STEP][PASSED] - delay(1): Delayed 1 second(s)

2019-07-03 22:53:43 - [MESSAGE][PASSED] - Delayed 1 second(s)

2019-07-03 22:53:43 - [TEST_STEP][NOT_RUN] - scrollToElement(findTestObject("OCS-DESKTOP/Product page/Last raw of the table"), 0): NOT_RUN: scrollToElement(findTestObject("OCS-DESKTOP/Product page/Last raw of the table"), 0)

2019-07-03 22:53:43 - [MESSAGE][NOT_RUN] - NOT_RUN: scrollToElement(findTestObject("OCS-DESKTOP/Product page/Last raw of the table"), 0)

2019-07-03 22:53:43 - [TEST_STEP][PASSED] - takeScreenshot(): Taking screenshot successfully

2019-07-03 22:53:43 - [MESSAGE][PASSED] - Taking screenshot successfully
[[ATTACHMENT|/Users/sumankompelly/Relative xpath-Desktop/Reports/1.11.2/20190703_215901/1562208823829.png]]

2019-07-03 22:53:43 - [TEST_STEP][PASSED] - delay(1): Delayed 1 second(s)

2019-07-03 22:53:44 - [MESSAGE][PASSED] - Delayed 1 second(s)

2019-07-03 22:53:44 - [TEST_STEP][PASSED] - click(findTestObject("OCS-DESKTOP/Product page/More items to consider section/1st Product - image - Grinder")): Object: 'Object Repository/OCS-DESKTOP/Product page/More items to consider section/1st Product - image - Grinder' is clicked on

2019-07-03 22:53:46 - [MESSAGE][PASSED] - Object: 'Object Repository/OCS-DESKTOP/Product page/More items to consider section/1st Product - image - Grinder' is clicked on

2019-07-03 22:53:46 - [TEST_STEP][PASSED] - delay(2, STOP_ON_FAILURE): Delayed 2 second(s)

2019-07-03 22:53:48 - [MESSAGE][PASSED] - Delayed 2 second(s)

2019-07-03 22:53:48 - [TEST_STEP][PASSED] - takeScreenshot(): Taking screenshot successfully

2019-07-03 22:53:48 - [MESSAGE][PASSED] - Taking screenshot successfully
[[ATTACHMENT|/Users/sumankompelly/Relative xpath-Desktop/Reports/1.11.2/20190703_215901/1562208828544.png]]

2019-07-03 22:53:48 - [TEST_STEP][PASSED] - delay(1): Delayed 1 second(s)

2019-07-03 22:53:49 - [MESSAGE][PASSED] - Delayed 1 second(s)

2019-07-03 22:53:49 - [TEST_STEP][PASSED] - back(): Navigate back successfully

2019-07-03 22:53:51 - [MESSAGE][PASSED] - Navigate back successfully

2019-07-03 22:53:51 - [TEST_STEP][PASSED] - delay(2, STOP_ON_FAILURE): Delayed 2 second(s)

2019-07-03 22:53:53 - [MESSAGE][PASSED] - Delayed 2 second(s)

2019-07-03 22:53:53 - [TEST_STEP][PASSED] - executeJavaScript("var previewBar = document.getElementById("preview-bar-iframe"); previewBar.style.display = "none";", []): Execute JavaScript 'var previewBar = document.getElementById("preview-bar-iframe"); previewBar.style.display = "none";' successfully

2019-07-03 22:53:53 - [MESSAGE][PASSED] - Execute JavaScript 'var previewBar = document.getElementById("preview-bar-iframe"); previewBar.style.display = "none";' successfully

2019-07-03 22:53:53 - [TEST_STEP][PASSED] - click(findTestObject("OCS-DESKTOP/Product page/More items to consider section/Vaporizers - Tab")): Object: 'Object Repository/OCS-DESKTOP/Product page/More items to consider section/Vaporizers - Tab' is clicked on

2019-07-03 22:53:53 - [MESSAGE][PASSED] - Object: 'Object Repository/OCS-DESKTOP/Product page/More items to consider section/Vaporizers - Tab' is clicked on

2019-07-03 22:53:53 - [TEST_STEP][PASSED] - delay(2): Delayed 2 second(s)

2019-07-03 22:53:55 - [MESSAGE][PASSED] - Delayed 2 second(s)

2019-07-03 22:53:55 - [TEST_STEP][PASSED] - takeScreenshot(): Taking screenshot successfully

2019-07-03 22:53:55 - [MESSAGE][PASSED] - Taking screenshot successfully
[[ATTACHMENT|/Users/sumankompelly/Relative xpath-Desktop/Reports/1.11.2/20190703_215901/1562208835836.png]]

2019-07-03 22:53:55 - [TEST_STEP][PASSED] - delay(1): Delayed 1 second(s)

2019-07-03 22:53:56 - [MESSAGE][PASSED] - Delayed 1 second(s)

2019-07-03 22:53:56 - [TEST_STEP][PASSED] - click(findTestObject("OCS-DESKTOP/Product page/More items to consider section/1st Product - image - Vaporizer")): Object: 'Object Repository/OCS-DESKTOP/Product page/More items to consider section/1st Product - image - Vaporizer' is clicked on

2019-07-03 22:53:58 - [MESSAGE][PASSED] - Object: 'Object Repository/OCS-DESKTOP/Product page/More items to consider section/1st Product - image - Vaporizer' is clicked on

2019-07-03 22:53:58 - [TEST_STEP][PASSED] - delay(2, STOP_ON_FAILURE): Delayed 2 second(s)

2019-07-03 22:54:00 - [MESSAGE][PASSED] - Delayed 2 second(s)

2019-07-03 22:54:00 - [TEST_STEP][PASSED] - takeScreenshot(): Taking screenshot successfully

2019-07-03 22:54:00 - [MESSAGE][PASSED] - Taking screenshot successfully
[[ATTACHMENT|/Users/sumankompelly/Relative xpath-Desktop/Reports/1.11.2/20190703_215901/1562208840629.png]]

2019-07-03 22:54:00 - [TEST_STEP][PASSED] - delay(1): Delayed 1 second(s)

2019-07-03 22:54:01 - [MESSAGE][PASSED] - Delayed 1 second(s)

2019-07-03 22:54:01 - [TEST_STEP][PASSED] - back(): Navigate back successfully

2019-07-03 22:54:03 - [MESSAGE][PASSED] - Navigate back successfully

2019-07-03 22:54:03 - [TEST_STEP][PASSED] - executeJavaScript("var previewBar = document.getElementById("preview-bar-iframe"); previewBar.style.display = "none";", []): Execute JavaScript 'var previewBar = document.getElementById("preview-bar-iframe"); previewBar.style.display = "none";' successfully

2019-07-03 22:54:03 - [MESSAGE][PASSED] - Execute JavaScript 'var previewBar = document.getElementById("preview-bar-iframe"); previewBar.style.display = "none";' successfully

2019-07-03 22:54:03 - [TEST_STEP][PASSED] - delay(2, STOP_ON_FAILURE): Delayed 2 second(s)

2019-07-03 22:54:05 - [MESSAGE][PASSED] - Delayed 2 second(s)

2019-07-03 22:54:05 - [TEST_STEP][PASSED] - click(findTestObject("OCS-DESKTOP/Product page/More items to consider section/Papers Filters - Tab")): Object: 'Object Repository/OCS-DESKTOP/Product page/More items to consider section/Papers Filters - Tab' is clicked on

2019-07-03 22:54:05 - [MESSAGE][PASSED] - Object: 'Object Repository/OCS-DESKTOP/Product page/More items to consider section/Papers Filters - Tab' is clicked on

2019-07-03 22:54:05 - [TEST_STEP][PASSED] - takeScreenshot(): Taking screenshot successfully

2019-07-03 22:54:05 - [MESSAGE][PASSED] - Taking screenshot successfully
[[ATTACHMENT|/Users/sumankompelly/Relative xpath-Desktop/Reports/1.11.2/20190703_215901/1562208845856.png]]

2019-07-03 22:54:05 - [TEST_STEP][PASSED] - delay(1): Delayed 1 second(s)

2019-07-03 22:54:06 - [MESSAGE][PASSED] - Delayed 1 second(s)

2019-07-03 22:54:06 - [TEST_STEP][PASSED] - click(findTestObject("OCS-DESKTOP/Product page/More items to consider section/1st Product - image - Paper Filter")): Object: 'Object Repository/OCS-DESKTOP/Product page/More items to consider section/1st Product - image - Paper Filter' is clicked on

2019-07-03 22:54:08 - [MESSAGE][PASSED] - Object: 'Object Repository/OCS-DESKTOP/Product page/More items to consider section/1st Product - image - Paper Filter' is clicked on

2019-07-03 22:54:08 - [TEST_STEP][PASSED] - delay(2, STOP_ON_FAILURE): Delayed 2 second(s)

2019-07-03 22:54:10 - [MESSAGE][PASSED] - Delayed 2 second(s)

2019-07-03 22:54:10 - [TEST_STEP][PASSED] - takeScreenshot(): Taking screenshot successfully

2019-07-03 22:54:10 - [MESSAGE][PASSED] - Taking screenshot successfully
[[ATTACHMENT|/Users/sumankompelly/Relative xpath-Desktop/Reports/1.11.2/20190703_215901/1562208850395.png]]

2019-07-03 22:54:10 - [TEST_STEP][PASSED] - delay(1): Delayed 1 second(s)

2019-07-03 22:54:11 - [MESSAGE][PASSED] - Delayed 1 second(s)

2019-07-03 22:54:11 - [TEST_STEP][PASSED] - executeJavaScript("var previewBar = document.getElementById("preview-bar-iframe"); previewBar.style.display = "none";", []): Execute JavaScript 'var previewBar = document.getElementById("preview-bar-iframe"); previewBar.style.display = "none";' successfully

2019-07-03 22:54:11 - [MESSAGE][PASSED] - Execute JavaScript 'var previewBar = document.getElementById("preview-bar-iframe"); previewBar.style.display = "none";' successfully

2019-07-03 22:54:11 - [TEST_STEP][PASSED] - back(): Navigate back successfully

2019-07-03 22:54:15 - [MESSAGE][PASSED] - Navigate back successfully

2019-07-03 22:54:15 - [TEST_STEP][PASSED] - delay(2): Delayed 2 second(s)

2019-07-03 22:54:17 - [MESSAGE][PASSED] - Delayed 2 second(s)

2019-07-03 22:54:17 - [TEST_STEP][PASSED] - click(findTestObject("OCS-DESKTOP/Product page/More items to consider section/Bongs Pipes - Tab")): Object: 'Object Repository/OCS-DESKTOP/Product page/More items to consider section/Bongs Pipes - Tab' is clicked on

2019-07-03 22:54:17 - [MESSAGE][PASSED] - Object: 'Object Repository/OCS-DESKTOP/Product page/More items to consider section/Bongs Pipes - Tab' is clicked on

2019-07-03 22:54:17 - [TEST_STEP][PASSED] - delay(2): Delayed 2 second(s)

2019-07-03 22:54:19 - [MESSAGE][PASSED] - Delayed 2 second(s)

2019-07-03 22:54:19 - [TEST_STEP][PASSED] - takeScreenshot(): Taking screenshot successfully

2019-07-03 22:54:19 - [MESSAGE][PASSED] - Taking screenshot successfully
[[ATTACHMENT|/Users/sumankompelly/Relative xpath-Desktop/Reports/1.11.2/20190703_215901/1562208859467.png]]

2019-07-03 22:54:19 - [TEST_STEP][PASSED] - delay(1): Delayed 1 second(s)

2019-07-03 22:54:20 - [MESSAGE][PASSED] - Delayed 1 second(s)

2019-07-03 22:54:20 - [TEST_STEP][PASSED] - click(findTestObject("OCS-DESKTOP/Product page/More items to consider section/1st Product - image - Bongs Pipes")): Object: 'Object Repository/OCS-DESKTOP/Product page/More items to consider section/1st Product - image - Bongs Pipes' is clicked on

2019-07-03 22:54:22 - [MESSAGE][PASSED] - Object: 'Object Repository/OCS-DESKTOP/Product page/More items to consider section/1st Product - image - Bongs Pipes' is clicked on

2019-07-03 22:54:22 - [TEST_STEP][PASSED] - delay(2, STOP_ON_FAILURE): Delayed 2 second(s)

2019-07-03 22:54:24 - [MESSAGE][PASSED] - Delayed 2 second(s)

2019-07-03 22:54:24 - [TEST_STEP][PASSED] - takeScreenshot(): Taking screenshot successfully

2019-07-03 22:54:24 - [MESSAGE][PASSED] - Taking screenshot successfully
[[ATTACHMENT|/Users/sumankompelly/Relative xpath-Desktop/Reports/1.11.2/20190703_215901/1562208864096.png]]

2019-07-03 22:54:24 - [TEST_STEP][PASSED] - delay(1): Delayed 1 second(s)

2019-07-03 22:54:25 - [MESSAGE][PASSED] - Delayed 1 second(s)

2019-07-03 22:54:25 - [TEST_STEP][PASSED] - back(): Navigate back successfully

2019-07-03 22:54:27 - [MESSAGE][PASSED] - Navigate back successfully]]></system-out>
         <system-err><![CDATA[]]></system-err>
      </testcase>
      <testcase name="Test Cases/OCS - DESKTOP/OCS- PRODUCT PAGE/Price" classname="Test Cases/OCS - DESKTOP/OCS- PRODUCT PAGE/Price" status="PASSED">
         <system-out><![CDATA[2019-07-03 22:54:27 - [TEST_CASE][PASSED] - Test Cases/OCS - DESKTOP/OCS- PRODUCT PAGE/Price: Test Cases/OCS - DESKTOP/OCS- PRODUCT PAGE/Price

2019-07-03 22:54:27 - [TEST_STEP][PASSED] - callTestCase(findTestCase("OCS - DESKTOP/CALL - PDP"), [:], STOP_ON_FAILURE): Call Test Case 'Test Cases/OCS - DESKTOP/CALL - PDP' successfully

2019-07-03 22:54:27 - [TEST_CASE][PASSED] - Test Cases/OCS - DESKTOP/CALL - PDP: Test Cases/OCS - DESKTOP/CALL - PDP

2019-07-03 22:54:27 - [TEST_STEP][PASSED] - openBrowser(""): Browser is opened with url: ''

2019-07-03 22:54:27 - [MESSAGE][WARNING] - A browser is already opened. Closing browser and opening a new one

2019-07-03 22:54:28 - [MESSAGE][INFO] - Starting 'Firefox' driver

2019-07-03 22:54:29 - [MESSAGE][PASSED] - Browser is opened with url: ''

2019-07-03 22:54:29 - [TEST_STEP][PASSED] - navigateToUrl("https://ocs.ca/?fts=0&preview_theme_id=74203891532"): Navigate to 'https://ocs.ca/?fts=0&preview_theme_id=74203891532' successfully

2019-07-03 22:54:34 - [MESSAGE][PASSED] - Navigate to 'https://ocs.ca/?fts=0&preview_theme_id=74203891532' successfully

2019-07-03 22:54:34 - [TEST_STEP][PASSED] - maximizeWindow(): Current window maximized

2019-07-03 22:54:35 - [MESSAGE][PASSED] - Current window maximized

2019-07-03 22:54:35 - [TEST_STEP][PASSED] - executeJavaScript("var previewBar = document.getElementById("preview-bar-iframe"); previewBar.style.display = "none";", []): Execute JavaScript 'var previewBar = document.getElementById("preview-bar-iframe"); previewBar.style.display = "none";' successfully

2019-07-03 22:54:35 - [MESSAGE][PASSED] - Execute JavaScript 'var previewBar = document.getElementById("preview-bar-iframe"); previewBar.style.display = "none";' successfully

2019-07-03 22:54:35 - [TEST_STEP][PASSED] - delay(4): Delayed 4 second(s)

2019-07-03 22:54:39 - [MESSAGE][PASSED] - Delayed 4 second(s)

2019-07-03 22:54:39 - [TEST_STEP][PASSED] - selectOptionByValue(findTestObject("OCS-DESKTOP/Age gate and Mega menu/Date"), "12", true): All options with value '12' are selected in object 'Object Repository/OCS-DESKTOP/Age gate and Mega menu/Date'  using regular expression

2019-07-03 22:54:39 - [MESSAGE][PASSED] - All options with value '12' are selected in object 'Object Repository/OCS-DESKTOP/Age gate and Mega menu/Date'  using regular expression

2019-07-03 22:54:39 - [TEST_STEP][PASSED] - selectOptionByValue(findTestObject("OCS-DESKTOP/Age gate and Mega menu/month"), "6", true): All options with value '6' are selected in object 'Object Repository/OCS-DESKTOP/Age gate and Mega menu/month'  using regular expression

2019-07-03 22:54:40 - [MESSAGE][PASSED] - All options with value '6' are selected in object 'Object Repository/OCS-DESKTOP/Age gate and Mega menu/month'  using regular expression

2019-07-03 22:54:40 - [TEST_STEP][PASSED] - delay(2): Delayed 2 second(s)

2019-07-03 22:54:42 - [MESSAGE][PASSED] - Delayed 2 second(s)

2019-07-03 22:54:42 - [TEST_STEP][PASSED] - selectOptionByValue(findTestObject("OCS-DESKTOP/Age gate and Mega menu/Year Dropdown"), "1990", true): All options with value '1990' are selected in object 'Object Repository/OCS-DESKTOP/Age gate and Mega menu/Year Dropdown'  using regular expression

2019-07-03 22:54:43 - [MESSAGE][PASSED] - All options with value '1990' are selected in object 'Object Repository/OCS-DESKTOP/Age gate and Mega menu/Year Dropdown'  using regular expression

2019-07-03 22:54:43 - [TEST_STEP][PASSED] - click(findTestObject("OCS-DESKTOP/Age gate and Mega menu/button_Verify")): Object: 'Object Repository/OCS-DESKTOP/Age gate and Mega menu/button_Verify' is clicked on

2019-07-03 22:54:43 - [MESSAGE][PASSED] - Object: 'Object Repository/OCS-DESKTOP/Age gate and Mega menu/button_Verify' is clicked on

2019-07-03 22:54:43 - [TEST_STEP][PASSED] - click(findTestObject("OCS-DESKTOP/Age gate and Mega menu/Checkbox_CONFIRM AND ACKNOWLEDGE")): Object: 'Object Repository/OCS-DESKTOP/Age gate and Mega menu/Checkbox_CONFIRM AND ACKNOWLEDGE' is clicked on

2019-07-03 22:54:44 - [MESSAGE][PASSED] - Object: 'Object Repository/OCS-DESKTOP/Age gate and Mega menu/Checkbox_CONFIRM AND ACKNOWLEDGE' is clicked on

2019-07-03 22:54:44 - [TEST_STEP][PASSED] - click(findTestObject("OCS-DESKTOP/Age gate and Mega menu/button_CONFIRM")): Object: 'Object Repository/OCS-DESKTOP/Age gate and Mega menu/button_CONFIRM' is clicked on

2019-07-03 22:54:44 - [MESSAGE][PASSED] - Object: 'Object Repository/OCS-DESKTOP/Age gate and Mega menu/button_CONFIRM' is clicked on

2019-07-03 22:54:44 - [TEST_STEP][PASSED] - click(findTestObject("OCS-DESKTOP/Age gate and Mega menu/button_Start Browsing")): Object: 'Object Repository/OCS-DESKTOP/Age gate and Mega menu/button_Start Browsing' is clicked on

2019-07-03 22:54:44 - [MESSAGE][PASSED] - Object: 'Object Repository/OCS-DESKTOP/Age gate and Mega menu/button_Start Browsing' is clicked on

2019-07-03 22:54:44 - [TEST_STEP][PASSED] - refresh(): Refresh successfully

2019-07-03 22:54:48 - [MESSAGE][PASSED] - Refresh successfully

2019-07-03 22:54:48 - [TEST_STEP][PASSED] - delay(2): Delayed 2 second(s)

2019-07-03 22:54:50 - [MESSAGE][PASSED] - Delayed 2 second(s)

2019-07-03 22:54:50 - [TEST_STEP][PASSED] - click(findTestObject("OCS-DESKTOP/Age gate and Mega menu/Header/CANNABIS menu - English")): Object: 'Object Repository/OCS-DESKTOP/Age gate and Mega menu/Header/CANNABIS menu - English' is clicked on

2019-07-03 22:54:50 - [MESSAGE][PASSED] - Object: 'Object Repository/OCS-DESKTOP/Age gate and Mega menu/Header/CANNABIS menu - English' is clicked on

2019-07-03 22:54:50 - [TEST_STEP][PASSED] - delay(2): Delayed 2 second(s)

2019-07-03 22:54:52 - [MESSAGE][PASSED] - Delayed 2 second(s)

2019-07-03 22:54:52 - [TEST_STEP][PASSED] - click(findTestObject("OCS-DESKTOP/Age gate and Mega menu/Indica Dominant_Menu item")): Object: 'Object Repository/OCS-DESKTOP/Age gate and Mega menu/Indica Dominant_Menu item' is clicked on

2019-07-03 22:54:54 - [MESSAGE][PASSED] - Object: 'Object Repository/OCS-DESKTOP/Age gate and Mega menu/Indica Dominant_Menu item' is clicked on

2019-07-03 22:54:54 - [TEST_STEP][PASSED] - delay(2): Delayed 2 second(s)

2019-07-03 22:54:56 - [MESSAGE][PASSED] - Delayed 2 second(s)

2019-07-03 22:54:56 - [TEST_STEP][PASSED] - scrollToElement(findTestObject("OCS-DESKTOP/Collection page/Product image - 1st one"), 0): Scroll to object 'Object Repository/OCS-DESKTOP/Collection page/Product image - 1st one' successfully

2019-07-03 22:54:56 - [MESSAGE][WARNING] - Timeout '0' is invalid. Using default page load timeout: '30'

2019-07-03 22:54:56 - [MESSAGE][PASSED] - Scroll to object 'Object Repository/OCS-DESKTOP/Collection page/Product image - 1st one' successfully

2019-07-03 22:54:56 - [TEST_STEP][PASSED] - delay(2): Delayed 2 second(s)

2019-07-03 22:54:58 - [MESSAGE][PASSED] - Delayed 2 second(s)

2019-07-03 22:54:58 - [TEST_STEP][PASSED] - click(findTestObject("OCS-DESKTOP/Collection page/Product image - 1st one")): Object: 'Object Repository/OCS-DESKTOP/Collection page/Product image - 1st one' is clicked on

2019-07-03 22:55:00 - [MESSAGE][PASSED] - Object: 'Object Repository/OCS-DESKTOP/Collection page/Product image - 1st one' is clicked on

2019-07-03 22:55:00 - [TEST_STEP][PASSED] - executeJavaScript("var previewBar = document.getElementById("preview-bar-iframe"); previewBar.style.display = "none";", []): Execute JavaScript 'var previewBar = document.getElementById("preview-bar-iframe"); previewBar.style.display = "none";' successfully

2019-07-03 22:55:00 - [MESSAGE][PASSED] - Execute JavaScript 'var previewBar = document.getElementById("preview-bar-iframe"); previewBar.style.display = "none";' successfully

2019-07-03 22:55:00 - [TEST_STEP][PASSED] - delay(2): Delayed 2 second(s)

2019-07-03 22:55:02 - [MESSAGE][PASSED] - Delayed 2 second(s)

2019-07-03 22:55:02 - [MESSAGE][PASSED] - Call Test Case 'Test Cases/OCS - DESKTOP/CALL - PDP' successfully

2019-07-03 22:55:02 - [TEST_STEP][PASSED] - navigateToUrl("https://ocs.ca/products/la-confidential"): Navigate to 'https://ocs.ca/products/la-confidential' successfully

2019-07-03 22:55:04 - [MESSAGE][PASSED] - Navigate to 'https://ocs.ca/products/la-confidential' successfully

2019-07-03 22:55:04 - [TEST_STEP][PASSED] - delay(2): Delayed 2 second(s)

2019-07-03 22:55:06 - [MESSAGE][PASSED] - Delayed 2 second(s)

2019-07-03 22:55:06 - [TEST_STEP][PASSED] - scrollToElement(findTestObject("OCS-DESKTOP/Product page/Product image"), 1): Scroll to object 'Object Repository/OCS-DESKTOP/Product page/Product image' successfully

2019-07-03 22:55:06 - [MESSAGE][PASSED] - Scroll to object 'Object Repository/OCS-DESKTOP/Product page/Product image' successfully

2019-07-03 22:55:06 - [TEST_STEP][PASSED] - delay(2): Delayed 2 second(s)

2019-07-03 22:55:08 - [MESSAGE][PASSED] - Delayed 2 second(s)

2019-07-03 22:55:08 - [TEST_STEP][PASSED] - click(findTestObject("OCS-DESKTOP/Product page/Swatch_1g")): Object: 'Object Repository/OCS-DESKTOP/Product page/Swatch_1g' is clicked on

2019-07-03 22:55:09 - [MESSAGE][PASSED] - Object: 'Object Repository/OCS-DESKTOP/Product page/Swatch_1g' is clicked on

2019-07-03 22:55:09 - [TEST_STEP][PASSED] - delay(2): Delayed 2 second(s)

2019-07-03 22:55:11 - [MESSAGE][PASSED] - Delayed 2 second(s)

2019-07-03 22:55:11 - [TEST_STEP][NOT_RUN] - scrollToElement(findTestObject("OCS-DESKTOP/Product page/Add to Bag-button"), 0): NOT_RUN: scrollToElement(findTestObject("OCS-DESKTOP/Product page/Add to Bag-button"), 0)

2019-07-03 22:55:11 - [MESSAGE][NOT_RUN] - NOT_RUN: scrollToElement(findTestObject("OCS-DESKTOP/Product page/Add to Bag-button"), 0)

2019-07-03 22:55:11 - [TEST_STEP][NOT_RUN] - scrollToElement(findTestObject("OCS-MOBILE /Product page/Product image"), 1): NOT_RUN: scrollToElement(findTestObject("OCS-MOBILE /Product page/Product image"), 1)

2019-07-03 22:55:11 - [MESSAGE][NOT_RUN] - NOT_RUN: scrollToElement(findTestObject("OCS-MOBILE /Product page/Product image"), 1)

2019-07-03 22:55:11 - [TEST_STEP][PASSED] - delay(2): Delayed 2 second(s)

2019-07-03 22:55:13 - [MESSAGE][PASSED] - Delayed 2 second(s)

2019-07-03 22:55:13 - [TEST_STEP][PASSED] - a = getText(findTestObject("OCS-DESKTOP/Product page/Price/1g Price - Swatch")): Text of object 'Object Repository/OCS-DESKTOP/Product page/Price/1g Price - Swatch' is: '$10.50'

2019-07-03 22:55:13 - [MESSAGE][PASSED] - Text of object 'Object Repository/OCS-DESKTOP/Product page/Price/1g Price - Swatch' is: '$10.50'

2019-07-03 22:55:13 - [TEST_STEP][PASSED] - comment("a =" + a): a =$10.50

2019-07-03 22:55:13 - [MESSAGE][INFO] - a =$10.50

2019-07-03 22:55:13 - [TEST_STEP][PASSED] - delay(1, OPTIONAL): Delayed 1 second(s)

2019-07-03 22:55:14 - [MESSAGE][PASSED] - Delayed 1 second(s)

2019-07-03 22:55:14 - [TEST_STEP][PASSED] - flag = verifyElementPresent(findTestObject("OCS-DESKTOP/Product page/Price/Price - Add to cart button"), 0, CONTINUE_ON_FAILURE): Object 'Object Repository/OCS-DESKTOP/Product page/Price/Price - Add to cart button' is present

2019-07-03 22:55:14 - [MESSAGE][WARNING] - Timeout '0' is invalid. Using default page load timeout: '30'

2019-07-03 22:55:14 - [MESSAGE][PASSED] - Object 'Object Repository/OCS-DESKTOP/Product page/Price/Price - Add to cart button' is present

2019-07-03 22:55:14 - [TEST_STEP][PASSED] - comment("flag =" + flag): flag =true

2019-07-03 22:55:14 - [MESSAGE][INFO] - flag =true

2019-07-03 22:55:14 - [TEST_STEP][PASSED] - if (flag == true): Actual object '35.00' and expected object '35.00' are equal

2019-07-03 22:55:14 - [TEST_STEP][PASSED] - b = getText(findTestObject("OCS-DESKTOP/Product page/Price/Price - Add to cart button")): Text of object 'Object Repository/OCS-DESKTOP/Product page/Price/Price - Add to cart button' is: '$10.50'

2019-07-03 22:55:14 - [MESSAGE][PASSED] - Text of object 'Object Repository/OCS-DESKTOP/Product page/Price/Price - Add to cart button' is: '$10.50'

2019-07-03 22:55:14 - [TEST_STEP][PASSED] - comment("a =" + a): a =$10.50

2019-07-03 22:55:14 - [MESSAGE][INFO] - a =$10.50

2019-07-03 22:55:14 - [TEST_STEP][PASSED] - a1 = a.substring(1): null

2019-07-03 22:55:14 - [TEST_STEP][PASSED] - comment("a1=" + a1): a1=10.50

2019-07-03 22:55:14 - [MESSAGE][INFO] - a1=10.50

2019-07-03 22:55:14 - [TEST_STEP][PASSED] - comment("b =" + b): b =$10.50

2019-07-03 22:55:14 - [MESSAGE][INFO] - b =$10.50

2019-07-03 22:55:14 - [TEST_STEP][PASSED] - b1 = a.substring(1): null

2019-07-03 22:55:14 - [TEST_STEP][PASSED] - comment("b1 =" + b1): b1 =10.50

2019-07-03 22:55:14 - [MESSAGE][INFO] - b1 =10.50

2019-07-03 22:55:14 - [TEST_STEP][PASSED] - verifyEqual(a1, b1): Actual object '10.50' and expected object '10.50' are equal

2019-07-03 22:55:14 - [MESSAGE][PASSED] - Actual object '10.50' and expected object '10.50' are equal

2019-07-03 22:55:14 - [TEST_STEP][PASSED] - click(findTestObject("OCS-DESKTOP/Product page/Swatch_3.5g")): Object: 'Object Repository/OCS-DESKTOP/Product page/Swatch_3.5g' is clicked on

2019-07-03 22:55:14 - [MESSAGE][PASSED] - Object: 'Object Repository/OCS-DESKTOP/Product page/Swatch_3.5g' is clicked on

2019-07-03 22:55:14 - [TEST_STEP][PASSED] - c = getText(findTestObject("OCS-DESKTOP/Product page/Price/3.5g Price - Swatch"), STOP_ON_FAILURE): Text of object 'Object Repository/OCS-DESKTOP/Product page/Price/3.5g Price - Swatch' is: '$35.00'

2019-07-03 22:55:14 - [MESSAGE][PASSED] - Text of object 'Object Repository/OCS-DESKTOP/Product page/Price/3.5g Price - Swatch' is: '$35.00'

2019-07-03 22:55:14 - [TEST_STEP][PASSED] - comment("c =" + c): c =$35.00

2019-07-03 22:55:14 - [MESSAGE][INFO] - c =$35.00

2019-07-03 22:55:14 - [TEST_STEP][PASSED] - c1 = c.substring(1): null

2019-07-03 22:55:14 - [TEST_STEP][PASSED] - comment("c1 =" + c1): c1 =35.00

2019-07-03 22:55:14 - [MESSAGE][INFO] - c1 =35.00

2019-07-03 22:55:14 - [TEST_STEP][PASSED] - d = getText(findTestObject("OCS-DESKTOP/Product page/Price/Price - Add to cart button")): Text of object 'Object Repository/OCS-DESKTOP/Product page/Price/Price - Add to cart button' is: '$35.00'

2019-07-03 22:55:14 - [MESSAGE][PASSED] - Text of object 'Object Repository/OCS-DESKTOP/Product page/Price/Price - Add to cart button' is: '$35.00'

2019-07-03 22:55:14 - [TEST_STEP][PASSED] - comment("d =" + d): d =$35.00

2019-07-03 22:55:14 - [MESSAGE][INFO] - d =$35.00

2019-07-03 22:55:14 - [TEST_STEP][PASSED] - d1 = d.substring(1): null

2019-07-03 22:55:14 - [TEST_STEP][PASSED] - comment("d1 =" + d1): d1 =35.00

2019-07-03 22:55:14 - [MESSAGE][INFO] - d1 =35.00

2019-07-03 22:55:14 - [TEST_STEP][PASSED] - verifyEqual(c1, d1): Actual object '35.00' and expected object '35.00' are equal

2019-07-03 22:55:14 - [MESSAGE][PASSED] - Actual object '35.00' and expected object '35.00' are equal]]></system-out>
         <system-err><![CDATA[]]></system-err>
      </testcase>
      <testcase name="Test Cases/OCS - DESKTOP/OCS- PRODUCT PAGE/Learn More" classname="Test Cases/OCS - DESKTOP/OCS- PRODUCT PAGE/Learn More" status="PASSED">
         <system-out><![CDATA[2019-07-03 22:55:14 - [TEST_CASE][PASSED] - Test Cases/OCS - DESKTOP/OCS- PRODUCT PAGE/Learn More: Test Cases/OCS - DESKTOP/OCS- PRODUCT PAGE/Learn More

2019-07-03 22:55:14 - [TEST_STEP][PASSED] - callTestCase(findTestCase("OCS - DESKTOP/CALL - PDP"), [:], STOP_ON_FAILURE): Call Test Case 'Test Cases/OCS - DESKTOP/CALL - PDP' successfully

2019-07-03 22:55:14 - [TEST_CASE][PASSED] - Test Cases/OCS - DESKTOP/CALL - PDP: Test Cases/OCS - DESKTOP/CALL - PDP

2019-07-03 22:55:14 - [TEST_STEP][PASSED] - openBrowser(""): Browser is opened with url: ''

2019-07-03 22:55:14 - [MESSAGE][WARNING] - A browser is already opened. Closing browser and opening a new one

2019-07-03 22:55:15 - [MESSAGE][INFO] - Starting 'Firefox' driver

2019-07-03 22:55:17 - [MESSAGE][PASSED] - Browser is opened with url: ''

2019-07-03 22:55:17 - [TEST_STEP][PASSED] - navigateToUrl("https://ocs.ca/?fts=0&preview_theme_id=74203891532"): Navigate to 'https://ocs.ca/?fts=0&preview_theme_id=74203891532' successfully

2019-07-03 22:55:25 - [MESSAGE][PASSED] - Navigate to 'https://ocs.ca/?fts=0&preview_theme_id=74203891532' successfully

2019-07-03 22:55:25 - [TEST_STEP][PASSED] - maximizeWindow(): Current window maximized

2019-07-03 22:55:25 - [MESSAGE][PASSED] - Current window maximized

2019-07-03 22:55:25 - [TEST_STEP][PASSED] - executeJavaScript("var previewBar = document.getElementById("preview-bar-iframe"); previewBar.style.display = "none";", []): Execute JavaScript 'var previewBar = document.getElementById("preview-bar-iframe"); previewBar.style.display = "none";' successfully

2019-07-03 22:55:25 - [MESSAGE][PASSED] - Execute JavaScript 'var previewBar = document.getElementById("preview-bar-iframe"); previewBar.style.display = "none";' successfully

2019-07-03 22:55:25 - [TEST_STEP][PASSED] - delay(4): Delayed 4 second(s)

2019-07-03 22:55:29 - [MESSAGE][PASSED] - Delayed 4 second(s)

2019-07-03 22:55:29 - [TEST_STEP][PASSED] - selectOptionByValue(findTestObject("OCS-DESKTOP/Age gate and Mega menu/Date"), "12", true): All options with value '12' are selected in object 'Object Repository/OCS-DESKTOP/Age gate and Mega menu/Date'  using regular expression

2019-07-03 22:55:30 - [MESSAGE][PASSED] - All options with value '12' are selected in object 'Object Repository/OCS-DESKTOP/Age gate and Mega menu/Date'  using regular expression

2019-07-03 22:55:30 - [TEST_STEP][PASSED] - selectOptionByValue(findTestObject("OCS-DESKTOP/Age gate and Mega menu/month"), "6", true): All options with value '6' are selected in object 'Object Repository/OCS-DESKTOP/Age gate and Mega menu/month'  using regular expression

2019-07-03 22:55:30 - [MESSAGE][PASSED] - All options with value '6' are selected in object 'Object Repository/OCS-DESKTOP/Age gate and Mega menu/month'  using regular expression

2019-07-03 22:55:30 - [TEST_STEP][PASSED] - delay(2): Delayed 2 second(s)

2019-07-03 22:55:32 - [MESSAGE][PASSED] - Delayed 2 second(s)

2019-07-03 22:55:32 - [TEST_STEP][PASSED] - selectOptionByValue(findTestObject("OCS-DESKTOP/Age gate and Mega menu/Year Dropdown"), "1990", true): All options with value '1990' are selected in object 'Object Repository/OCS-DESKTOP/Age gate and Mega menu/Year Dropdown'  using regular expression

2019-07-03 22:55:34 - [MESSAGE][PASSED] - All options with value '1990' are selected in object 'Object Repository/OCS-DESKTOP/Age gate and Mega menu/Year Dropdown'  using regular expression

2019-07-03 22:55:34 - [TEST_STEP][PASSED] - click(findTestObject("OCS-DESKTOP/Age gate and Mega menu/button_Verify")): Object: 'Object Repository/OCS-DESKTOP/Age gate and Mega menu/button_Verify' is clicked on

2019-07-03 22:55:34 - [MESSAGE][PASSED] - Object: 'Object Repository/OCS-DESKTOP/Age gate and Mega menu/button_Verify' is clicked on

2019-07-03 22:55:34 - [TEST_STEP][PASSED] - click(findTestObject("OCS-DESKTOP/Age gate and Mega menu/Checkbox_CONFIRM AND ACKNOWLEDGE")): Object: 'Object Repository/OCS-DESKTOP/Age gate and Mega menu/Checkbox_CONFIRM AND ACKNOWLEDGE' is clicked on

2019-07-03 22:55:34 - [MESSAGE][PASSED] - Object: 'Object Repository/OCS-DESKTOP/Age gate and Mega menu/Checkbox_CONFIRM AND ACKNOWLEDGE' is clicked on

2019-07-03 22:55:34 - [TEST_STEP][PASSED] - click(findTestObject("OCS-DESKTOP/Age gate and Mega menu/button_CONFIRM")): Object: 'Object Repository/OCS-DESKTOP/Age gate and Mega menu/button_CONFIRM' is clicked on

2019-07-03 22:55:34 - [MESSAGE][PASSED] - Object: 'Object Repository/OCS-DESKTOP/Age gate and Mega menu/button_CONFIRM' is clicked on

2019-07-03 22:55:34 - [TEST_STEP][PASSED] - click(findTestObject("OCS-DESKTOP/Age gate and Mega menu/button_Start Browsing")): Object: 'Object Repository/OCS-DESKTOP/Age gate and Mega menu/button_Start Browsing' is clicked on

2019-07-03 22:55:35 - [MESSAGE][PASSED] - Object: 'Object Repository/OCS-DESKTOP/Age gate and Mega menu/button_Start Browsing' is clicked on

2019-07-03 22:55:35 - [TEST_STEP][PASSED] - refresh(): Refresh successfully

2019-07-03 22:55:38 - [MESSAGE][PASSED] - Refresh successfully

2019-07-03 22:55:38 - [TEST_STEP][PASSED] - delay(2): Delayed 2 second(s)

2019-07-03 22:55:40 - [MESSAGE][PASSED] - Delayed 2 second(s)

2019-07-03 22:55:40 - [TEST_STEP][PASSED] - click(findTestObject("OCS-DESKTOP/Age gate and Mega menu/Header/CANNABIS menu - English")): Object: 'Object Repository/OCS-DESKTOP/Age gate and Mega menu/Header/CANNABIS menu - English' is clicked on

2019-07-03 22:55:41 - [MESSAGE][PASSED] - Object: 'Object Repository/OCS-DESKTOP/Age gate and Mega menu/Header/CANNABIS menu - English' is clicked on

2019-07-03 22:55:41 - [TEST_STEP][PASSED] - delay(2): Delayed 2 second(s)

2019-07-03 22:55:43 - [MESSAGE][PASSED] - Delayed 2 second(s)

2019-07-03 22:55:43 - [TEST_STEP][PASSED] - click(findTestObject("OCS-DESKTOP/Age gate and Mega menu/Indica Dominant_Menu item")): Object: 'Object Repository/OCS-DESKTOP/Age gate and Mega menu/Indica Dominant_Menu item' is clicked on

2019-07-03 22:55:45 - [MESSAGE][PASSED] - Object: 'Object Repository/OCS-DESKTOP/Age gate and Mega menu/Indica Dominant_Menu item' is clicked on

2019-07-03 22:55:45 - [TEST_STEP][PASSED] - delay(2): Delayed 2 second(s)

2019-07-03 22:55:47 - [MESSAGE][PASSED] - Delayed 2 second(s)

2019-07-03 22:55:47 - [TEST_STEP][PASSED] - scrollToElement(findTestObject("OCS-DESKTOP/Collection page/Product image - 1st one"), 0): Scroll to object 'Object Repository/OCS-DESKTOP/Collection page/Product image - 1st one' successfully

2019-07-03 22:55:47 - [MESSAGE][WARNING] - Timeout '0' is invalid. Using default page load timeout: '30'

2019-07-03 22:55:47 - [MESSAGE][PASSED] - Scroll to object 'Object Repository/OCS-DESKTOP/Collection page/Product image - 1st one' successfully

2019-07-03 22:55:47 - [TEST_STEP][PASSED] - delay(2): Delayed 2 second(s)

2019-07-03 22:55:49 - [MESSAGE][PASSED] - Delayed 2 second(s)

2019-07-03 22:55:49 - [TEST_STEP][PASSED] - click(findTestObject("OCS-DESKTOP/Collection page/Product image - 1st one")): Object: 'Object Repository/OCS-DESKTOP/Collection page/Product image - 1st one' is clicked on

2019-07-03 22:55:51 - [MESSAGE][PASSED] - Object: 'Object Repository/OCS-DESKTOP/Collection page/Product image - 1st one' is clicked on

2019-07-03 22:55:51 - [TEST_STEP][PASSED] - executeJavaScript("var previewBar = document.getElementById("preview-bar-iframe"); previewBar.style.display = "none";", []): Execute JavaScript 'var previewBar = document.getElementById("preview-bar-iframe"); previewBar.style.display = "none";' successfully

2019-07-03 22:55:51 - [MESSAGE][PASSED] - Execute JavaScript 'var previewBar = document.getElementById("preview-bar-iframe"); previewBar.style.display = "none";' successfully

2019-07-03 22:55:51 - [TEST_STEP][PASSED] - delay(2): Delayed 2 second(s)

2019-07-03 22:55:53 - [MESSAGE][PASSED] - Delayed 2 second(s)

2019-07-03 22:55:53 - [MESSAGE][PASSED] - Call Test Case 'Test Cases/OCS - DESKTOP/CALL - PDP' successfully

2019-07-03 22:55:53 - [TEST_STEP][NOT_RUN] - scrollToElement(findTestObject("OCS-MOBILE /Product page/Product image"), 1): NOT_RUN: scrollToElement(findTestObject("OCS-MOBILE /Product page/Product image"), 1)

2019-07-03 22:55:53 - [MESSAGE][NOT_RUN] - NOT_RUN: scrollToElement(findTestObject("OCS-MOBILE /Product page/Product image"), 1)

2019-07-03 22:55:53 - [TEST_STEP][PASSED] - click(findTestObject("OCS-DESKTOP/Product page/Learn More - Link")): Object: 'Object Repository/OCS-DESKTOP/Product page/Learn More - Link' is clicked on

2019-07-03 22:55:53 - [MESSAGE][PASSED] - Object: 'Object Repository/OCS-DESKTOP/Product page/Learn More - Link' is clicked on

2019-07-03 22:55:53 - [TEST_STEP][PASSED] - verifyElementPresent(findTestObject("OCS-DESKTOP/Product page/About Product - Table"), 1): Object 'Object Repository/OCS-DESKTOP/Product page/About Product - Table' is present

2019-07-03 22:55:53 - [MESSAGE][PASSED] - Object 'Object Repository/OCS-DESKTOP/Product page/About Product - Table' is present

2019-07-03 22:55:53 - [TEST_STEP][PASSED] - takeScreenshot(): Taking screenshot successfully

2019-07-03 22:55:54 - [MESSAGE][PASSED] - Taking screenshot successfully
[[ATTACHMENT|/Users/sumankompelly/Relative xpath-Desktop/Reports/1.11.2/20190703_215901/1562208953880.png]]]]></system-out>
         <system-err><![CDATA[]]></system-err>
      </testcase>
      <testcase name="Test Cases/OCS - DESKTOP/OCS- PRODUCT PAGE/Recently viewed" classname="Test Cases/OCS - DESKTOP/OCS- PRODUCT PAGE/Recently viewed" status="PASSED">
         <system-out><![CDATA[2019-07-03 22:55:54 - [TEST_CASE][PASSED] - Test Cases/OCS - DESKTOP/OCS- PRODUCT PAGE/Recently viewed: Test Cases/OCS - DESKTOP/OCS- PRODUCT PAGE/Recently viewed

2019-07-03 22:55:54 - [TEST_STEP][PASSED] - callTestCase(findTestCase("OCS - DESKTOP/CALL - PDP"), [:], STOP_ON_FAILURE): Call Test Case 'Test Cases/OCS - DESKTOP/CALL - PDP' successfully

2019-07-03 22:55:54 - [TEST_CASE][PASSED] - Test Cases/OCS - DESKTOP/CALL - PDP: Test Cases/OCS - DESKTOP/CALL - PDP

2019-07-03 22:55:54 - [TEST_STEP][PASSED] - openBrowser(""): Browser is opened with url: ''

2019-07-03 22:55:54 - [MESSAGE][WARNING] - A browser is already opened. Closing browser and opening a new one

2019-07-03 22:55:54 - [MESSAGE][INFO] - Starting 'Firefox' driver

2019-07-03 22:55:57 - [MESSAGE][PASSED] - Browser is opened with url: ''

2019-07-03 22:55:57 - [TEST_STEP][PASSED] - navigateToUrl("https://ocs.ca/?fts=0&preview_theme_id=74203891532"): Navigate to 'https://ocs.ca/?fts=0&preview_theme_id=74203891532' successfully

2019-07-03 22:56:07 - [MESSAGE][PASSED] - Navigate to 'https://ocs.ca/?fts=0&preview_theme_id=74203891532' successfully

2019-07-03 22:56:07 - [TEST_STEP][PASSED] - maximizeWindow(): Current window maximized

2019-07-03 22:56:07 - [MESSAGE][PASSED] - Current window maximized

2019-07-03 22:56:07 - [TEST_STEP][PASSED] - executeJavaScript("var previewBar = document.getElementById("preview-bar-iframe"); previewBar.style.display = "none";", []): Execute JavaScript 'var previewBar = document.getElementById("preview-bar-iframe"); previewBar.style.display = "none";' successfully

2019-07-03 22:56:07 - [MESSAGE][PASSED] - Execute JavaScript 'var previewBar = document.getElementById("preview-bar-iframe"); previewBar.style.display = "none";' successfully

2019-07-03 22:56:07 - [TEST_STEP][PASSED] - delay(4): Delayed 4 second(s)

2019-07-03 22:56:11 - [MESSAGE][PASSED] - Delayed 4 second(s)

2019-07-03 22:56:11 - [TEST_STEP][PASSED] - selectOptionByValue(findTestObject("OCS-DESKTOP/Age gate and Mega menu/Date"), "12", true): All options with value '12' are selected in object 'Object Repository/OCS-DESKTOP/Age gate and Mega menu/Date'  using regular expression

2019-07-03 22:56:12 - [MESSAGE][PASSED] - All options with value '12' are selected in object 'Object Repository/OCS-DESKTOP/Age gate and Mega menu/Date'  using regular expression

2019-07-03 22:56:12 - [TEST_STEP][PASSED] - selectOptionByValue(findTestObject("OCS-DESKTOP/Age gate and Mega menu/month"), "6", true): All options with value '6' are selected in object 'Object Repository/OCS-DESKTOP/Age gate and Mega menu/month'  using regular expression

2019-07-03 22:56:12 - [MESSAGE][PASSED] - All options with value '6' are selected in object 'Object Repository/OCS-DESKTOP/Age gate and Mega menu/month'  using regular expression

2019-07-03 22:56:12 - [TEST_STEP][PASSED] - delay(2): Delayed 2 second(s)

2019-07-03 22:56:14 - [MESSAGE][PASSED] - Delayed 2 second(s)

2019-07-03 22:56:14 - [TEST_STEP][PASSED] - selectOptionByValue(findTestObject("OCS-DESKTOP/Age gate and Mega menu/Year Dropdown"), "1990", true): All options with value '1990' are selected in object 'Object Repository/OCS-DESKTOP/Age gate and Mega menu/Year Dropdown'  using regular expression

2019-07-03 22:56:16 - [MESSAGE][PASSED] - All options with value '1990' are selected in object 'Object Repository/OCS-DESKTOP/Age gate and Mega menu/Year Dropdown'  using regular expression

2019-07-03 22:56:16 - [TEST_STEP][PASSED] - click(findTestObject("OCS-DESKTOP/Age gate and Mega menu/button_Verify")): Object: 'Object Repository/OCS-DESKTOP/Age gate and Mega menu/button_Verify' is clicked on

2019-07-03 22:56:16 - [MESSAGE][PASSED] - Object: 'Object Repository/OCS-DESKTOP/Age gate and Mega menu/button_Verify' is clicked on

2019-07-03 22:56:16 - [TEST_STEP][PASSED] - click(findTestObject("OCS-DESKTOP/Age gate and Mega menu/Checkbox_CONFIRM AND ACKNOWLEDGE")): Object: 'Object Repository/OCS-DESKTOP/Age gate and Mega menu/Checkbox_CONFIRM AND ACKNOWLEDGE' is clicked on

2019-07-03 22:56:16 - [MESSAGE][PASSED] - Object: 'Object Repository/OCS-DESKTOP/Age gate and Mega menu/Checkbox_CONFIRM AND ACKNOWLEDGE' is clicked on

2019-07-03 22:56:16 - [TEST_STEP][PASSED] - click(findTestObject("OCS-DESKTOP/Age gate and Mega menu/button_CONFIRM")): Object: 'Object Repository/OCS-DESKTOP/Age gate and Mega menu/button_CONFIRM' is clicked on

2019-07-03 22:56:16 - [MESSAGE][PASSED] - Object: 'Object Repository/OCS-DESKTOP/Age gate and Mega menu/button_CONFIRM' is clicked on

2019-07-03 22:56:16 - [TEST_STEP][PASSED] - click(findTestObject("OCS-DESKTOP/Age gate and Mega menu/button_Start Browsing")): Object: 'Object Repository/OCS-DESKTOP/Age gate and Mega menu/button_Start Browsing' is clicked on

2019-07-03 22:56:17 - [MESSAGE][PASSED] - Object: 'Object Repository/OCS-DESKTOP/Age gate and Mega menu/button_Start Browsing' is clicked on

2019-07-03 22:56:17 - [TEST_STEP][PASSED] - refresh(): Refresh successfully

2019-07-03 22:56:21 - [MESSAGE][PASSED] - Refresh successfully

2019-07-03 22:56:21 - [TEST_STEP][PASSED] - delay(2): Delayed 2 second(s)

2019-07-03 22:56:23 - [MESSAGE][PASSED] - Delayed 2 second(s)

2019-07-03 22:56:23 - [TEST_STEP][PASSED] - click(findTestObject("OCS-DESKTOP/Age gate and Mega menu/Header/CANNABIS menu - English")): Object: 'Object Repository/OCS-DESKTOP/Age gate and Mega menu/Header/CANNABIS menu - English' is clicked on

2019-07-03 22:56:24 - [MESSAGE][PASSED] - Object: 'Object Repository/OCS-DESKTOP/Age gate and Mega menu/Header/CANNABIS menu - English' is clicked on

2019-07-03 22:56:24 - [TEST_STEP][PASSED] - delay(2): Delayed 2 second(s)

2019-07-03 22:56:26 - [MESSAGE][PASSED] - Delayed 2 second(s)

2019-07-03 22:56:26 - [TEST_STEP][PASSED] - click(findTestObject("OCS-DESKTOP/Age gate and Mega menu/Indica Dominant_Menu item")): Object: 'Object Repository/OCS-DESKTOP/Age gate and Mega menu/Indica Dominant_Menu item' is clicked on

2019-07-03 22:56:28 - [MESSAGE][PASSED] - Object: 'Object Repository/OCS-DESKTOP/Age gate and Mega menu/Indica Dominant_Menu item' is clicked on

2019-07-03 22:56:28 - [TEST_STEP][PASSED] - delay(2): Delayed 2 second(s)

2019-07-03 22:56:30 - [MESSAGE][PASSED] - Delayed 2 second(s)

2019-07-03 22:56:30 - [TEST_STEP][PASSED] - scrollToElement(findTestObject("OCS-DESKTOP/Collection page/Product image - 1st one"), 0): Scroll to object 'Object Repository/OCS-DESKTOP/Collection page/Product image - 1st one' successfully

2019-07-03 22:56:30 - [MESSAGE][WARNING] - Timeout '0' is invalid. Using default page load timeout: '30'

2019-07-03 22:56:30 - [MESSAGE][PASSED] - Scroll to object 'Object Repository/OCS-DESKTOP/Collection page/Product image - 1st one' successfully

2019-07-03 22:56:30 - [TEST_STEP][PASSED] - delay(2): Delayed 2 second(s)

2019-07-03 22:56:32 - [MESSAGE][PASSED] - Delayed 2 second(s)

2019-07-03 22:56:32 - [TEST_STEP][PASSED] - click(findTestObject("OCS-DESKTOP/Collection page/Product image - 1st one")): Object: 'Object Repository/OCS-DESKTOP/Collection page/Product image - 1st one' is clicked on

2019-07-03 22:56:34 - [MESSAGE][PASSED] - Object: 'Object Repository/OCS-DESKTOP/Collection page/Product image - 1st one' is clicked on

2019-07-03 22:56:34 - [TEST_STEP][PASSED] - executeJavaScript("var previewBar = document.getElementById("preview-bar-iframe"); previewBar.style.display = "none";", []): Execute JavaScript 'var previewBar = document.getElementById("preview-bar-iframe"); previewBar.style.display = "none";' successfully

2019-07-03 22:56:34 - [MESSAGE][PASSED] - Execute JavaScript 'var previewBar = document.getElementById("preview-bar-iframe"); previewBar.style.display = "none";' successfully

2019-07-03 22:56:34 - [TEST_STEP][PASSED] - delay(2): Delayed 2 second(s)

2019-07-03 22:56:36 - [MESSAGE][PASSED] - Delayed 2 second(s)

2019-07-03 22:56:36 - [MESSAGE][PASSED] - Call Test Case 'Test Cases/OCS - DESKTOP/CALL - PDP' successfully

2019-07-03 22:56:36 - [TEST_STEP][PASSED] - a = getWindowTitle(): Current window's title is: 'Dreamweaver | Ontario Cannabis Store'

2019-07-03 22:56:36 - [MESSAGE][PASSED] - Current window's title is: 'Dreamweaver | Ontario Cannabis Store'

2019-07-03 22:56:36 - [TEST_STEP][PASSED] - comment("WINDOW TITLE: " + a): WINDOW TITLE: Dreamweaver | Ontario Cannabis Store

2019-07-03 22:56:36 - [MESSAGE][INFO] - WINDOW TITLE: Dreamweaver | Ontario Cannabis Store

2019-07-03 22:56:36 - [TEST_STEP][NOT_RUN] - scrollToElement(findTestObject("OCS-MOBILE /Product page/How to choose cannabis product - Button"), 2): NOT_RUN: scrollToElement(findTestObject("OCS-MOBILE /Product page/How to choose cannabis product - Button"), 2)

2019-07-03 22:56:36 - [MESSAGE][NOT_RUN] - NOT_RUN: scrollToElement(findTestObject("OCS-MOBILE /Product page/How to choose cannabis product - Button"), 2)

2019-07-03 22:56:36 - [TEST_STEP][PASSED] - click(findTestObject("OCS-DESKTOP/Product page/Recently Viewed/1st Product - Image")): Object: 'Object Repository/OCS-DESKTOP/Product page/Recently Viewed/1st Product - Image' is clicked on

2019-07-03 22:56:39 - [MESSAGE][PASSED] - Object: 'Object Repository/OCS-DESKTOP/Product page/Recently Viewed/1st Product - Image' is clicked on

2019-07-03 22:56:39 - [TEST_STEP][PASSED] - delay(2): Delayed 2 second(s)

2019-07-03 22:56:41 - [MESSAGE][PASSED] - Delayed 2 second(s)

2019-07-03 22:56:41 - [TEST_STEP][PASSED] - b = getWindowTitle(): Current window's title is: 'Dreamweaver | Ontario Cannabis Store'

2019-07-03 22:56:41 - [MESSAGE][PASSED] - Current window's title is: 'Dreamweaver | Ontario Cannabis Store'

2019-07-03 22:56:41 - [TEST_STEP][PASSED] - comment("WINDOW TITLE:" + b): WINDOW TITLE:Dreamweaver | Ontario Cannabis Store

2019-07-03 22:56:41 - [MESSAGE][INFO] - WINDOW TITLE:Dreamweaver | Ontario Cannabis Store

2019-07-03 22:56:41 - [TEST_STEP][PASSED] - if (a == b): WINDOW TITLES ARE SAME

2019-07-03 22:56:41 - [TEST_STEP][PASSED] - comment("WINDOW TITLES ARE SAME"): WINDOW TITLES ARE SAME

2019-07-03 22:56:41 - [MESSAGE][INFO] - WINDOW TITLES ARE SAME]]></system-out>
         <system-err><![CDATA[]]></system-err>
      </testcase>
      <testcase name="Test Cases/OCS - DESKTOP/OCS- PRODUCT PAGE/variants selector" classname="Test Cases/OCS - DESKTOP/OCS- PRODUCT PAGE/variants selector" status="FAILED">
         <failure type="FAILED" message="Test Cases/OCS - DESKTOP/OCS- PRODUCT PAGE/variants selector FAILED.
Reason:
com.kms.katalon.core.exception.StepFailedException: Unable to click on object 'Object Repository/OCS-DESKTOP/Age gate and Mega menu/Header/CANNABIS menu - English' (Root cause: org.openqa.selenium.ElementNotInteractableException: Element &lt;h3 class=&quot;menu__item--title&quot;> could not be scrolled into view
Build info: version: '3.7.1', revision: '8a0099a', time: '2017-11-06T21:07:36.161Z'
System info: host: 'sumans-MacBook-Pro.local', ip: 'fe80:0:0:0:10b5:ab76:5e8b:ef36%en0', os.name: 'Mac OS X', os.arch: 'x86_64', os.version: '10.13.6', java.version: '1.8.0_181'
Driver info: com.kms.katalon.core.webui.driver.firefox.CGeckoDriver
Capabilities {acceptInsecureCerts: true, browserName: firefox, browserVersion: 67.0.4, javascriptEnabled: true, moz:accessibilityChecks: false, moz:buildID: 20190619235627, moz:geckodriverVersion: 0.23.0, moz:headless: false, moz:processID: 857, moz:profile: /var/folders/1t/c55l8xzs6gq..., moz:shutdownTimeout: 60000, moz:useNonSpecCompliantPointerOrigin: false, moz:webdriverClick: true, pageLoadStrategy: normal, platform: MAC, platformName: MAC, platformVersion: 17.7.0, proxy: Proxy(direct), rotatable: false, setWindowRect: true, strictFileInteractability: false, timeouts: {implicit: 0, pageLoad: 300000, script: 30000}, unhandledPromptBehavior: dismiss and notify}
Session ID: 7e59fcb4-d116-2b42-9946-b46f510eda97)
	at com.kms.katalon.core.keyword.internal.KeywordMain.stepFailed(KeywordMain.groovy:36)
	at com.kms.katalon.core.webui.keyword.internal.WebUIKeywordMain.stepFailed(WebUIKeywordMain.groovy:65)
	at com.kms.katalon.core.webui.keyword.internal.WebUIKeywordMain.runKeyword(WebUIKeywordMain.groovy:27)
	at com.kms.katalon.core.webui.keyword.builtin.ClickKeyword.click(ClickKeyword.groovy:86)
	at com.kms.katalon.core.webui.keyword.builtin.ClickKeyword.execute(ClickKeyword.groovy:67)
	at com.kms.katalon.core.keyword.internal.KeywordExecutor.executeKeywordForPlatform(KeywordExecutor.groovy:53)
	at com.kms.katalon.core.webui.keyword.WebUiBuiltInKeywords.click(WebUiBuiltInKeywords.groovy:616)
	at com.kms.katalon.core.webui.keyword.WebUiBuiltInKeywords$click$4.call(Unknown Source)
	at CALL - PDP.run(CALL - PDP:47)
	at com.kms.katalon.core.main.ScriptEngine.run(ScriptEngine.java:194)
	at com.kms.katalon.core.main.ScriptEngine.runScriptAsRawText(ScriptEngine.java:119)
	at com.kms.katalon.core.main.TestCaseExecutor.runScript(TestCaseExecutor.java:328)
	at com.kms.katalon.core.main.TestCaseExecutor.doExecute(TestCaseExecutor.java:319)
	at com.kms.katalon.core.main.TestCaseExecutor.processExecutionPhase(TestCaseExecutor.java:298)
	at com.kms.katalon.core.main.TestCaseExecutor.accessMainPhase(TestCaseExecutor.java:290)
	at com.kms.katalon.core.main.TestCaseExecutor.execute(TestCaseExecutor.java:224)
	at com.kms.katalon.core.main.TestCaseMain.runTestCase(TestCaseMain.java:106)
	at com.kms.katalon.core.keyword.builtin.CallTestCaseKeyword$_callTestCase_closure1.doCall(CallTestCaseKeyword.groovy:59)
	at com.kms.katalon.core.keyword.builtin.CallTestCaseKeyword$_callTestCase_closure1.call(CallTestCaseKeyword.groovy)
	at com.kms.katalon.core.keyword.internal.KeywordMain.runKeyword(KeywordMain.groovy:54)
	at com.kms.katalon.core.keyword.builtin.CallTestCaseKeyword.callTestCase(CallTestCaseKeyword.groovy:80)
	at com.kms.katalon.core.keyword.builtin.CallTestCaseKeyword.execute(CallTestCaseKeyword.groovy:44)
	at com.kms.katalon.core.keyword.internal.KeywordExecutor.executeKeywordForPlatform(KeywordExecutor.groovy:53)
	at com.kms.katalon.core.keyword.BuiltinKeywords.callTestCase(BuiltinKeywords.groovy:334)
	at variants selector.run(variants selector:16)
	at com.kms.katalon.core.main.ScriptEngine.run(ScriptEngine.java:194)
	at com.kms.katalon.core.main.ScriptEngine.runScriptAsRawText(ScriptEngine.java:119)
	at com.kms.katalon.core.main.TestCaseExecutor.runScript(TestCaseExecutor.java:328)
	at com.kms.katalon.core.main.TestCaseExecutor.doExecute(TestCaseExecutor.java:319)
	at com.kms.katalon.core.main.TestCaseExecutor.processExecutionPhase(TestCaseExecutor.java:298)
	at com.kms.katalon.core.main.TestCaseExecutor.accessMainPhase(TestCaseExecutor.java:290)
	at com.kms.katalon.core.main.TestCaseExecutor.execute(TestCaseExecutor.java:224)
	at com.kms.katalon.core.main.TestSuiteExecutor.accessTestCaseMainPhase(TestSuiteExecutor.java:129)
	at com.kms.katalon.core.main.TestSuiteExecutor.accessTestSuiteMainPhase(TestSuiteExecutor.java:112)
	at com.kms.katalon.core.main.TestSuiteExecutor.execute(TestSuiteExecutor.java:81)
	at com.kms.katalon.core.main.TestCaseMain.startTestSuite(TestCaseMain.java:149)
	at com.kms.katalon.core.main.TestCaseMain$startTestSuite$0.call(Unknown Source)
	at TempTestSuite1562205541804.run(TempTestSuite1562205541804.groovy:36)
"/>
         <system-out><![CDATA[2019-07-03 22:56:41 - [TEST_CASE][FAILED] - Test Cases/OCS - DESKTOP/OCS- PRODUCT PAGE/variants selector: Test Cases/OCS - DESKTOP/OCS- PRODUCT PAGE/variants selector FAILED.
Reason:
com.kms.katalon.core.exception.StepFailedException: Unable to click on object 'Object Repository/OCS-DESKTOP/Age gate and Mega menu/Header/CANNABIS menu - English' (Root cause: org.openqa.selenium.ElementNotInteractableException: Element <h3 class="menu__item--title"> could not be scrolled into view
Build info: version: '3.7.1', revision: '8a0099a', time: '2017-11-06T21:07:36.161Z'
System info: host: 'sumans-MacBook-Pro.local', ip: 'fe80:0:0:0:10b5:ab76:5e8b:ef36%en0', os.name: 'Mac OS X', os.arch: 'x86_64', os.version: '10.13.6', java.version: '1.8.0_181'
Driver info: com.kms.katalon.core.webui.driver.firefox.CGeckoDriver
Capabilities {acceptInsecureCerts: true, browserName: firefox, browserVersion: 67.0.4, javascriptEnabled: true, moz:accessibilityChecks: false, moz:buildID: 20190619235627, moz:geckodriverVersion: 0.23.0, moz:headless: false, moz:processID: 857, moz:profile: /var/folders/1t/c55l8xzs6gq..., moz:shutdownTimeout: 60000, moz:useNonSpecCompliantPointerOrigin: false, moz:webdriverClick: true, pageLoadStrategy: normal, platform: MAC, platformName: MAC, platformVersion: 17.7.0, proxy: Proxy(direct), rotatable: false, setWindowRect: true, strictFileInteractability: false, timeouts: {implicit: 0, pageLoad: 300000, script: 30000}, unhandledPromptBehavior: dismiss and notify}
Session ID: 7e59fcb4-d116-2b42-9946-b46f510eda97)
	at com.kms.katalon.core.keyword.internal.KeywordMain.stepFailed(KeywordMain.groovy:36)
	at com.kms.katalon.core.webui.keyword.internal.WebUIKeywordMain.stepFailed(WebUIKeywordMain.groovy:65)
	at com.kms.katalon.core.webui.keyword.internal.WebUIKeywordMain.runKeyword(WebUIKeywordMain.groovy:27)
	at com.kms.katalon.core.webui.keyword.builtin.ClickKeyword.click(ClickKeyword.groovy:86)
	at com.kms.katalon.core.webui.keyword.builtin.ClickKeyword.execute(ClickKeyword.groovy:67)
	at com.kms.katalon.core.keyword.internal.KeywordExecutor.executeKeywordForPlatform(KeywordExecutor.groovy:53)
	at com.kms.katalon.core.webui.keyword.WebUiBuiltInKeywords.click(WebUiBuiltInKeywords.groovy:616)
	at com.kms.katalon.core.webui.keyword.WebUiBuiltInKeywords$click$4.call(Unknown Source)
	at CALL - PDP.run(CALL - PDP:47)
	at com.kms.katalon.core.main.ScriptEngine.run(ScriptEngine.java:194)
	at com.kms.katalon.core.main.ScriptEngine.runScriptAsRawText(ScriptEngine.java:119)
	at com.kms.katalon.core.main.TestCaseExecutor.runScript(TestCaseExecutor.java:328)
	at com.kms.katalon.core.main.TestCaseExecutor.doExecute(TestCaseExecutor.java:319)
	at com.kms.katalon.core.main.TestCaseExecutor.processExecutionPhase(TestCaseExecutor.java:298)
	at com.kms.katalon.core.main.TestCaseExecutor.accessMainPhase(TestCaseExecutor.java:290)
	at com.kms.katalon.core.main.TestCaseExecutor.execute(TestCaseExecutor.java:224)
	at com.kms.katalon.core.main.TestCaseMain.runTestCase(TestCaseMain.java:106)
	at com.kms.katalon.core.keyword.builtin.CallTestCaseKeyword$_callTestCase_closure1.doCall(CallTestCaseKeyword.groovy:59)
	at com.kms.katalon.core.keyword.builtin.CallTestCaseKeyword$_callTestCase_closure1.call(CallTestCaseKeyword.groovy)
	at com.kms.katalon.core.keyword.internal.KeywordMain.runKeyword(KeywordMain.groovy:54)
	at com.kms.katalon.core.keyword.builtin.CallTestCaseKeyword.callTestCase(CallTestCaseKeyword.groovy:80)
	at com.kms.katalon.core.keyword.builtin.CallTestCaseKeyword.execute(CallTestCaseKeyword.groovy:44)
	at com.kms.katalon.core.keyword.internal.KeywordExecutor.executeKeywordForPlatform(KeywordExecutor.groovy:53)
	at com.kms.katalon.core.keyword.BuiltinKeywords.callTestCase(BuiltinKeywords.groovy:334)
	at variants selector.run(variants selector:16)
	at com.kms.katalon.core.main.ScriptEngine.run(ScriptEngine.java:194)
	at com.kms.katalon.core.main.ScriptEngine.runScriptAsRawText(ScriptEngine.java:119)
	at com.kms.katalon.core.main.TestCaseExecutor.runScript(TestCaseExecutor.java:328)
	at com.kms.katalon.core.main.TestCaseExecutor.doExecute(TestCaseExecutor.java:319)
	at com.kms.katalon.core.main.TestCaseExecutor.processExecutionPhase(TestCaseExecutor.java:298)
	at com.kms.katalon.core.main.TestCaseExecutor.accessMainPhase(TestCaseExecutor.java:290)
	at com.kms.katalon.core.main.TestCaseExecutor.execute(TestCaseExecutor.java:224)
	at com.kms.katalon.core.main.TestSuiteExecutor.accessTestCaseMainPhase(TestSuiteExecutor.java:129)
	at com.kms.katalon.core.main.TestSuiteExecutor.accessTestSuiteMainPhase(TestSuiteExecutor.java:112)
	at com.kms.katalon.core.main.TestSuiteExecutor.execute(TestSuiteExecutor.java:81)
	at com.kms.katalon.core.main.TestCaseMain.startTestSuite(TestCaseMain.java:149)
	at com.kms.katalon.core.main.TestCaseMain$startTestSuite$0.call(Unknown Source)
	at TempTestSuite1562205541804.run(TempTestSuite1562205541804.groovy:36)


2019-07-03 22:56:41 - [TEST_STEP][FAILED] - callTestCase(findTestCase("OCS - DESKTOP/CALL - PDP"), [:], STOP_ON_FAILURE): callTestCase(findTestCase("OCS - DESKTOP/CALL - PDP"), [:], STOP_ON_FAILURE) FAILED.
Reason:
com.kms.katalon.core.exception.StepFailedException: Unable to click on object 'Object Repository/OCS-DESKTOP/Age gate and Mega menu/Header/CANNABIS menu - English' (Root cause: org.openqa.selenium.ElementNotInteractableException: Element <h3 class="menu__item--title"> could not be scrolled into view
Build info: version: '3.7.1', revision: '8a0099a', time: '2017-11-06T21:07:36.161Z'
System info: host: 'sumans-MacBook-Pro.local', ip: 'fe80:0:0:0:10b5:ab76:5e8b:ef36%en0', os.name: 'Mac OS X', os.arch: 'x86_64', os.version: '10.13.6', java.version: '1.8.0_181'
Driver info: com.kms.katalon.core.webui.driver.firefox.CGeckoDriver
Capabilities {acceptInsecureCerts: true, browserName: firefox, browserVersion: 67.0.4, javascriptEnabled: true, moz:accessibilityChecks: false, moz:buildID: 20190619235627, moz:geckodriverVersion: 0.23.0, moz:headless: false, moz:processID: 857, moz:profile: /var/folders/1t/c55l8xzs6gq..., moz:shutdownTimeout: 60000, moz:useNonSpecCompliantPointerOrigin: false, moz:webdriverClick: true, pageLoadStrategy: normal, platform: MAC, platformName: MAC, platformVersion: 17.7.0, proxy: Proxy(direct), rotatable: false, setWindowRect: true, strictFileInteractability: false, timeouts: {implicit: 0, pageLoad: 300000, script: 30000}, unhandledPromptBehavior: dismiss and notify}
Session ID: 7e59fcb4-d116-2b42-9946-b46f510eda97)
	at com.kms.katalon.core.keyword.internal.KeywordMain.stepFailed(KeywordMain.groovy:36)
	at com.kms.katalon.core.webui.keyword.internal.WebUIKeywordMain.stepFailed(WebUIKeywordMain.groovy:65)
	at com.kms.katalon.core.webui.keyword.internal.WebUIKeywordMain.runKeyword(WebUIKeywordMain.groovy:27)
	at com.kms.katalon.core.webui.keyword.builtin.ClickKeyword.click(ClickKeyword.groovy:86)
	at com.kms.katalon.core.webui.keyword.builtin.ClickKeyword.execute(ClickKeyword.groovy:67)
	at com.kms.katalon.core.keyword.internal.KeywordExecutor.executeKeywordForPlatform(KeywordExecutor.groovy:53)
	at com.kms.katalon.core.webui.keyword.WebUiBuiltInKeywords.click(WebUiBuiltInKeywords.groovy:616)
	at com.kms.katalon.core.webui.keyword.WebUiBuiltInKeywords$click$4.call(Unknown Source)
	at CALL - PDP.run(CALL - PDP:47)
	at com.kms.katalon.core.main.ScriptEngine.run(ScriptEngine.java:194)
	at com.kms.katalon.core.main.ScriptEngine.runScriptAsRawText(ScriptEngine.java:119)
	at com.kms.katalon.core.main.TestCaseExecutor.runScript(TestCaseExecutor.java:328)
	at com.kms.katalon.core.main.TestCaseExecutor.doExecute(TestCaseExecutor.java:319)
	at com.kms.katalon.core.main.TestCaseExecutor.processExecutionPhase(TestCaseExecutor.java:298)
	at com.kms.katalon.core.main.TestCaseExecutor.accessMainPhase(TestCaseExecutor.java:290)
	at com.kms.katalon.core.main.TestCaseExecutor.execute(TestCaseExecutor.java:224)
	at com.kms.katalon.core.main.TestCaseMain.runTestCase(TestCaseMain.java:106)
	at com.kms.katalon.core.keyword.builtin.CallTestCaseKeyword$_callTestCase_closure1.doCall(CallTestCaseKeyword.groovy:59)
	at com.kms.katalon.core.keyword.builtin.CallTestCaseKeyword$_callTestCase_closure1.call(CallTestCaseKeyword.groovy)
	at com.kms.katalon.core.keyword.internal.KeywordMain.runKeyword(KeywordMain.groovy:54)
	at com.kms.katalon.core.keyword.builtin.CallTestCaseKeyword.callTestCase(CallTestCaseKeyword.groovy:80)
	at com.kms.katalon.core.keyword.builtin.CallTestCaseKeyword.execute(CallTestCaseKeyword.groovy:44)
	at com.kms.katalon.core.keyword.internal.KeywordExecutor.executeKeywordForPlatform(KeywordExecutor.groovy:53)
	at com.kms.katalon.core.keyword.BuiltinKeywords.callTestCase(BuiltinKeywords.groovy:334)
	at variants selector.run(variants selector:16)
	at com.kms.katalon.core.main.ScriptEngine.run(ScriptEngine.java:194)
	at com.kms.katalon.core.main.ScriptEngine.runScriptAsRawText(ScriptEngine.java:119)
	at com.kms.katalon.core.main.TestCaseExecutor.runScript(TestCaseExecutor.java:328)
	at com.kms.katalon.core.main.TestCaseExecutor.doExecute(TestCaseExecutor.java:319)
	at com.kms.katalon.core.main.TestCaseExecutor.processExecutionPhase(TestCaseExecutor.java:298)
	at com.kms.katalon.core.main.TestCaseExecutor.accessMainPhase(TestCaseExecutor.java:290)
	at com.kms.katalon.core.main.TestCaseExecutor.execute(TestCaseExecutor.java:224)
	at com.kms.katalon.core.main.TestSuiteExecutor.accessTestCaseMainPhase(TestSuiteExecutor.java:129)
	at com.kms.katalon.core.main.TestSuiteExecutor.accessTestSuiteMainPhase(TestSuiteExecutor.java:112)
	at com.kms.katalon.core.main.TestSuiteExecutor.execute(TestSuiteExecutor.java:81)
	at com.kms.katalon.core.main.TestCaseMain.startTestSuite(TestCaseMain.java:149)
	at com.kms.katalon.core.main.TestCaseMain$startTestSuite$0.call(Unknown Source)
	at TempTestSuite1562205541804.run(TempTestSuite1562205541804.groovy:36)


2019-07-03 22:56:41 - [TEST_CASE][FAILED] - Test Cases/OCS - DESKTOP/CALL - PDP: Test Cases/OCS - DESKTOP/CALL - PDP FAILED.
Reason:
com.kms.katalon.core.exception.StepFailedException: Unable to click on object 'Object Repository/OCS-DESKTOP/Age gate and Mega menu/Header/CANNABIS menu - English' (Root cause: org.openqa.selenium.ElementNotInteractableException: Element <h3 class="menu__item--title"> could not be scrolled into view
Build info: version: '3.7.1', revision: '8a0099a', time: '2017-11-06T21:07:36.161Z'
System info: host: 'sumans-MacBook-Pro.local', ip: 'fe80:0:0:0:10b5:ab76:5e8b:ef36%en0', os.name: 'Mac OS X', os.arch: 'x86_64', os.version: '10.13.6', java.version: '1.8.0_181'
Driver info: com.kms.katalon.core.webui.driver.firefox.CGeckoDriver
Capabilities {acceptInsecureCerts: true, browserName: firefox, browserVersion: 67.0.4, javascriptEnabled: true, moz:accessibilityChecks: false, moz:buildID: 20190619235627, moz:geckodriverVersion: 0.23.0, moz:headless: false, moz:processID: 857, moz:profile: /var/folders/1t/c55l8xzs6gq..., moz:shutdownTimeout: 60000, moz:useNonSpecCompliantPointerOrigin: false, moz:webdriverClick: true, pageLoadStrategy: normal, platform: MAC, platformName: MAC, platformVersion: 17.7.0, proxy: Proxy(direct), rotatable: false, setWindowRect: true, strictFileInteractability: false, timeouts: {implicit: 0, pageLoad: 300000, script: 30000}, unhandledPromptBehavior: dismiss and notify}
Session ID: 7e59fcb4-d116-2b42-9946-b46f510eda97)
	at com.kms.katalon.core.keyword.internal.KeywordMain.stepFailed(KeywordMain.groovy:36)
	at com.kms.katalon.core.webui.keyword.internal.WebUIKeywordMain.stepFailed(WebUIKeywordMain.groovy:65)
	at com.kms.katalon.core.webui.keyword.internal.WebUIKeywordMain.runKeyword(WebUIKeywordMain.groovy:27)
	at com.kms.katalon.core.webui.keyword.builtin.ClickKeyword.click(ClickKeyword.groovy:86)
	at com.kms.katalon.core.webui.keyword.builtin.ClickKeyword.execute(ClickKeyword.groovy:67)
	at com.kms.katalon.core.keyword.internal.KeywordExecutor.executeKeywordForPlatform(KeywordExecutor.groovy:53)
	at com.kms.katalon.core.webui.keyword.WebUiBuiltInKeywords.click(WebUiBuiltInKeywords.groovy:616)
	at com.kms.katalon.core.webui.keyword.WebUiBuiltInKeywords$click$4.call(Unknown Source)
	at CALL - PDP.run(CALL - PDP:47)
	at com.kms.katalon.core.main.ScriptEngine.run(ScriptEngine.java:194)
	at com.kms.katalon.core.main.ScriptEngine.runScriptAsRawText(ScriptEngine.java:119)
	at com.kms.katalon.core.main.TestCaseExecutor.runScript(TestCaseExecutor.java:328)
	at com.kms.katalon.core.main.TestCaseExecutor.doExecute(TestCaseExecutor.java:319)
	at com.kms.katalon.core.main.TestCaseExecutor.processExecutionPhase(TestCaseExecutor.java:298)
	at com.kms.katalon.core.main.TestCaseExecutor.accessMainPhase(TestCaseExecutor.java:290)
	at com.kms.katalon.core.main.TestCaseExecutor.execute(TestCaseExecutor.java:224)
	at com.kms.katalon.core.main.TestCaseMain.runTestCase(TestCaseMain.java:106)
	at com.kms.katalon.core.keyword.builtin.CallTestCaseKeyword$_callTestCase_closure1.doCall(CallTestCaseKeyword.groovy:59)
	at com.kms.katalon.core.keyword.builtin.CallTestCaseKeyword$_callTestCase_closure1.call(CallTestCaseKeyword.groovy)
	at com.kms.katalon.core.keyword.internal.KeywordMain.runKeyword(KeywordMain.groovy:54)
	at com.kms.katalon.core.keyword.builtin.CallTestCaseKeyword.callTestCase(CallTestCaseKeyword.groovy:80)
	at com.kms.katalon.core.keyword.builtin.CallTestCaseKeyword.execute(CallTestCaseKeyword.groovy:44)
	at com.kms.katalon.core.keyword.internal.KeywordExecutor.executeKeywordForPlatform(KeywordExecutor.groovy:53)
	at com.kms.katalon.core.keyword.BuiltinKeywords.callTestCase(BuiltinKeywords.groovy:334)
	at variants selector.run(variants selector:16)
	at com.kms.katalon.core.main.ScriptEngine.run(ScriptEngine.java:194)
	at com.kms.katalon.core.main.ScriptEngine.runScriptAsRawText(ScriptEngine.java:119)
	at com.kms.katalon.core.main.TestCaseExecutor.runScript(TestCaseExecutor.java:328)
	at com.kms.katalon.core.main.TestCaseExecutor.doExecute(TestCaseExecutor.java:319)
	at com.kms.katalon.core.main.TestCaseExecutor.processExecutionPhase(TestCaseExecutor.java:298)
	at com.kms.katalon.core.main.TestCaseExecutor.accessMainPhase(TestCaseExecutor.java:290)
	at com.kms.katalon.core.main.TestCaseExecutor.execute(TestCaseExecutor.java:224)
	at com.kms.katalon.core.main.TestSuiteExecutor.accessTestCaseMainPhase(TestSuiteExecutor.java:129)
	at com.kms.katalon.core.main.TestSuiteExecutor.accessTestSuiteMainPhase(TestSuiteExecutor.java:112)
	at com.kms.katalon.core.main.TestSuiteExecutor.execute(TestSuiteExecutor.java:81)
	at com.kms.katalon.core.main.TestCaseMain.startTestSuite(TestCaseMain.java:149)
	at com.kms.katalon.core.main.TestCaseMain$startTestSuite$0.call(Unknown Source)
	at TempTestSuite1562205541804.run(TempTestSuite1562205541804.groovy:36)


2019-07-03 22:56:41 - [TEST_STEP][PASSED] - openBrowser(""): Browser is opened with url: ''

2019-07-03 22:56:41 - [MESSAGE][WARNING] - A browser is already opened. Closing browser and opening a new one

2019-07-03 22:56:42 - [MESSAGE][INFO] - Starting 'Firefox' driver

2019-07-03 22:56:44 - [MESSAGE][PASSED] - Browser is opened with url: ''

2019-07-03 22:56:44 - [TEST_STEP][PASSED] - navigateToUrl("https://ocs.ca/?fts=0&preview_theme_id=74203891532"): Navigate to 'https://ocs.ca/?fts=0&preview_theme_id=74203891532' successfully

2019-07-03 22:56:49 - [MESSAGE][PASSED] - Navigate to 'https://ocs.ca/?fts=0&preview_theme_id=74203891532' successfully

2019-07-03 22:56:49 - [TEST_STEP][PASSED] - maximizeWindow(): Current window maximized

2019-07-03 22:56:49 - [MESSAGE][PASSED] - Current window maximized

2019-07-03 22:56:49 - [TEST_STEP][PASSED] - executeJavaScript("var previewBar = document.getElementById("preview-bar-iframe"); previewBar.style.display = "none";", []): Execute JavaScript 'var previewBar = document.getElementById("preview-bar-iframe"); previewBar.style.display = "none";' successfully

2019-07-03 22:56:49 - [MESSAGE][PASSED] - Execute JavaScript 'var previewBar = document.getElementById("preview-bar-iframe"); previewBar.style.display = "none";' successfully

2019-07-03 22:56:49 - [TEST_STEP][PASSED] - delay(4): Delayed 4 second(s)

2019-07-03 22:56:53 - [MESSAGE][PASSED] - Delayed 4 second(s)

2019-07-03 22:56:53 - [TEST_STEP][PASSED] - selectOptionByValue(findTestObject("OCS-DESKTOP/Age gate and Mega menu/Date"), "12", true): All options with value '12' are selected in object 'Object Repository/OCS-DESKTOP/Age gate and Mega menu/Date'  using regular expression

2019-07-03 22:56:54 - [MESSAGE][PASSED] - All options with value '12' are selected in object 'Object Repository/OCS-DESKTOP/Age gate and Mega menu/Date'  using regular expression

2019-07-03 22:56:54 - [TEST_STEP][PASSED] - selectOptionByValue(findTestObject("OCS-DESKTOP/Age gate and Mega menu/month"), "6", true): All options with value '6' are selected in object 'Object Repository/OCS-DESKTOP/Age gate and Mega menu/month'  using regular expression

2019-07-03 22:56:54 - [MESSAGE][PASSED] - All options with value '6' are selected in object 'Object Repository/OCS-DESKTOP/Age gate and Mega menu/month'  using regular expression

2019-07-03 22:56:54 - [TEST_STEP][PASSED] - delay(2): Delayed 2 second(s)

2019-07-03 22:56:56 - [MESSAGE][PASSED] - Delayed 2 second(s)

2019-07-03 22:56:56 - [TEST_STEP][PASSED] - selectOptionByValue(findTestObject("OCS-DESKTOP/Age gate and Mega menu/Year Dropdown"), "1990", true): All options with value '1990' are selected in object 'Object Repository/OCS-DESKTOP/Age gate and Mega menu/Year Dropdown'  using regular expression

2019-07-03 22:56:58 - [MESSAGE][PASSED] - All options with value '1990' are selected in object 'Object Repository/OCS-DESKTOP/Age gate and Mega menu/Year Dropdown'  using regular expression

2019-07-03 22:56:58 - [TEST_STEP][PASSED] - click(findTestObject("OCS-DESKTOP/Age gate and Mega menu/button_Verify")): Object: 'Object Repository/OCS-DESKTOP/Age gate and Mega menu/button_Verify' is clicked on

2019-07-03 22:56:58 - [MESSAGE][PASSED] - Object: 'Object Repository/OCS-DESKTOP/Age gate and Mega menu/button_Verify' is clicked on

2019-07-03 22:56:58 - [TEST_STEP][PASSED] - click(findTestObject("OCS-DESKTOP/Age gate and Mega menu/Checkbox_CONFIRM AND ACKNOWLEDGE")): Object: 'Object Repository/OCS-DESKTOP/Age gate and Mega menu/Checkbox_CONFIRM AND ACKNOWLEDGE' is clicked on

2019-07-03 22:56:58 - [MESSAGE][PASSED] - Object: 'Object Repository/OCS-DESKTOP/Age gate and Mega menu/Checkbox_CONFIRM AND ACKNOWLEDGE' is clicked on

2019-07-03 22:56:58 - [TEST_STEP][PASSED] - click(findTestObject("OCS-DESKTOP/Age gate and Mega menu/button_CONFIRM")): Object: 'Object Repository/OCS-DESKTOP/Age gate and Mega menu/button_CONFIRM' is clicked on

2019-07-03 22:56:58 - [MESSAGE][PASSED] - Object: 'Object Repository/OCS-DESKTOP/Age gate and Mega menu/button_CONFIRM' is clicked on

2019-07-03 22:56:58 - [TEST_STEP][PASSED] - click(findTestObject("OCS-DESKTOP/Age gate and Mega menu/button_Start Browsing")): Object: 'Object Repository/OCS-DESKTOP/Age gate and Mega menu/button_Start Browsing' is clicked on

2019-07-03 22:56:59 - [MESSAGE][PASSED] - Object: 'Object Repository/OCS-DESKTOP/Age gate and Mega menu/button_Start Browsing' is clicked on

2019-07-03 22:56:59 - [TEST_STEP][PASSED] - refresh(): Refresh successfully

2019-07-03 22:57:01 - [MESSAGE][PASSED] - Refresh successfully

2019-07-03 22:57:01 - [TEST_STEP][PASSED] - delay(2): Delayed 2 second(s)

2019-07-03 22:57:03 - [MESSAGE][PASSED] - Delayed 2 second(s)

2019-07-03 22:57:03 - [TEST_STEP][FAILED] - click(findTestObject("OCS-DESKTOP/Age gate and Mega menu/Header/CANNABIS menu - English")): click(findTestObject("OCS-DESKTOP/Age gate and Mega menu/Header/CANNABIS menu - English")) FAILED.
Reason:
com.kms.katalon.core.exception.StepFailedException: Unable to click on object 'Object Repository/OCS-DESKTOP/Age gate and Mega menu/Header/CANNABIS menu - English' (Root cause: org.openqa.selenium.ElementNotInteractableException: Element <h3 class="menu__item--title"> could not be scrolled into view
Build info: version: '3.7.1', revision: '8a0099a', time: '2017-11-06T21:07:36.161Z'
System info: host: 'sumans-MacBook-Pro.local', ip: 'fe80:0:0:0:10b5:ab76:5e8b:ef36%en0', os.name: 'Mac OS X', os.arch: 'x86_64', os.version: '10.13.6', java.version: '1.8.0_181'
Driver info: com.kms.katalon.core.webui.driver.firefox.CGeckoDriver
Capabilities {acceptInsecureCerts: true, browserName: firefox, browserVersion: 67.0.4, javascriptEnabled: true, moz:accessibilityChecks: false, moz:buildID: 20190619235627, moz:geckodriverVersion: 0.23.0, moz:headless: false, moz:processID: 857, moz:profile: /var/folders/1t/c55l8xzs6gq..., moz:shutdownTimeout: 60000, moz:useNonSpecCompliantPointerOrigin: false, moz:webdriverClick: true, pageLoadStrategy: normal, platform: MAC, platformName: MAC, platformVersion: 17.7.0, proxy: Proxy(direct), rotatable: false, setWindowRect: true, strictFileInteractability: false, timeouts: {implicit: 0, pageLoad: 300000, script: 30000}, unhandledPromptBehavior: dismiss and notify}
Session ID: 7e59fcb4-d116-2b42-9946-b46f510eda97)
	at com.kms.katalon.core.keyword.internal.KeywordMain.stepFailed(KeywordMain.groovy:36)
	at com.kms.katalon.core.webui.keyword.internal.WebUIKeywordMain.stepFailed(WebUIKeywordMain.groovy:65)
	at com.kms.katalon.core.webui.keyword.internal.WebUIKeywordMain.runKeyword(WebUIKeywordMain.groovy:27)
	at com.kms.katalon.core.webui.keyword.builtin.ClickKeyword.click(ClickKeyword.groovy:86)
	at com.kms.katalon.core.webui.keyword.builtin.ClickKeyword.execute(ClickKeyword.groovy:67)
	at com.kms.katalon.core.keyword.internal.KeywordExecutor.executeKeywordForPlatform(KeywordExecutor.groovy:53)
	at com.kms.katalon.core.webui.keyword.WebUiBuiltInKeywords.click(WebUiBuiltInKeywords.groovy:616)
	at com.kms.katalon.core.webui.keyword.WebUiBuiltInKeywords$click$4.call(Unknown Source)
	at CALL - PDP.run(CALL - PDP:47)
	at com.kms.katalon.core.main.ScriptEngine.run(ScriptEngine.java:194)
	at com.kms.katalon.core.main.ScriptEngine.runScriptAsRawText(ScriptEngine.java:119)
	at com.kms.katalon.core.main.TestCaseExecutor.runScript(TestCaseExecutor.java:328)
	at com.kms.katalon.core.main.TestCaseExecutor.doExecute(TestCaseExecutor.java:319)
	at com.kms.katalon.core.main.TestCaseExecutor.processExecutionPhase(TestCaseExecutor.java:298)
	at com.kms.katalon.core.main.TestCaseExecutor.accessMainPhase(TestCaseExecutor.java:290)
	at com.kms.katalon.core.main.TestCaseExecutor.execute(TestCaseExecutor.java:224)
	at com.kms.katalon.core.main.TestCaseMain.runTestCase(TestCaseMain.java:106)
	at com.kms.katalon.core.keyword.builtin.CallTestCaseKeyword$_callTestCase_closure1.doCall(CallTestCaseKeyword.groovy:59)
	at com.kms.katalon.core.keyword.builtin.CallTestCaseKeyword$_callTestCase_closure1.call(CallTestCaseKeyword.groovy)
	at com.kms.katalon.core.keyword.internal.KeywordMain.runKeyword(KeywordMain.groovy:54)
	at com.kms.katalon.core.keyword.builtin.CallTestCaseKeyword.callTestCase(CallTestCaseKeyword.groovy:80)
	at com.kms.katalon.core.keyword.builtin.CallTestCaseKeyword.execute(CallTestCaseKeyword.groovy:44)
	at com.kms.katalon.core.keyword.internal.KeywordExecutor.executeKeywordForPlatform(KeywordExecutor.groovy:53)
	at com.kms.katalon.core.keyword.BuiltinKeywords.callTestCase(BuiltinKeywords.groovy:334)
	at variants selector.run(variants selector:16)
	at com.kms.katalon.core.main.ScriptEngine.run(ScriptEngine.java:194)
	at com.kms.katalon.core.main.ScriptEngine.runScriptAsRawText(ScriptEngine.java:119)
	at com.kms.katalon.core.main.TestCaseExecutor.runScript(TestCaseExecutor.java:328)
	at com.kms.katalon.core.main.TestCaseExecutor.doExecute(TestCaseExecutor.java:319)
	at com.kms.katalon.core.main.TestCaseExecutor.processExecutionPhase(TestCaseExecutor.java:298)
	at com.kms.katalon.core.main.TestCaseExecutor.accessMainPhase(TestCaseExecutor.java:290)
	at com.kms.katalon.core.main.TestCaseExecutor.execute(TestCaseExecutor.java:224)
	at com.kms.katalon.core.main.TestSuiteExecutor.accessTestCaseMainPhase(TestSuiteExecutor.java:129)
	at com.kms.katalon.core.main.TestSuiteExecutor.accessTestSuiteMainPhase(TestSuiteExecutor.java:112)
	at com.kms.katalon.core.main.TestSuiteExecutor.execute(TestSuiteExecutor.java:81)
	at com.kms.katalon.core.main.TestCaseMain.startTestSuite(TestCaseMain.java:149)
	at com.kms.katalon.core.main.TestCaseMain$startTestSuite$0.call(Unknown Source)
	at TempTestSuite1562205541804.run(TempTestSuite1562205541804.groovy:36)


2019-07-03 22:57:03 - [MESSAGE][FAILED] - Unable to click on object 'Object Repository/OCS-DESKTOP/Age gate and Mega menu/Header/CANNABIS menu - English' (Root cause: org.openqa.selenium.ElementNotInteractableException: Element <h3 class="menu__item--title"> could not be scrolled into view
Build info: version: '3.7.1', revision: '8a0099a', time: '2017-11-06T21:07:36.161Z'
System info: host: 'sumans-MacBook-Pro.local', ip: 'fe80:0:0:0:10b5:ab76:5e8b:ef36%en0', os.name: 'Mac OS X', os.arch: 'x86_64', os.version: '10.13.6', java.version: '1.8.0_181'
Driver info: com.kms.katalon.core.webui.driver.firefox.CGeckoDriver
Capabilities {acceptInsecureCerts: true, browserName: firefox, browserVersion: 67.0.4, javascriptEnabled: true, moz:accessibilityChecks: false, moz:buildID: 20190619235627, moz:geckodriverVersion: 0.23.0, moz:headless: false, moz:processID: 857, moz:profile: /var/folders/1t/c55l8xzs6gq..., moz:shutdownTimeout: 60000, moz:useNonSpecCompliantPointerOrigin: false, moz:webdriverClick: true, pageLoadStrategy: normal, platform: MAC, platformName: MAC, platformVersion: 17.7.0, proxy: Proxy(direct), rotatable: false, setWindowRect: true, strictFileInteractability: false, timeouts: {implicit: 0, pageLoad: 300000, script: 30000}, unhandledPromptBehavior: dismiss and notify}
Session ID: 7e59fcb4-d116-2b42-9946-b46f510eda97)
[[ATTACHMENT|/Users/sumankompelly/Relative xpath-Desktop/Reports/1.11.2/20190703_215901/1562209023367.png]]

2019-07-03 22:57:03 - [MESSAGE][FAILED] - click(findTestObject("OCS-DESKTOP/Age gate and Mega menu/Header/CANNABIS menu - English")) FAILED.
Reason:
com.kms.katalon.core.exception.StepFailedException: Unable to click on object 'Object Repository/OCS-DESKTOP/Age gate and Mega menu/Header/CANNABIS menu - English' (Root cause: org.openqa.selenium.ElementNotInteractableException: Element <h3 class="menu__item--title"> could not be scrolled into view
Build info: version: '3.7.1', revision: '8a0099a', time: '2017-11-06T21:07:36.161Z'
System info: host: 'sumans-MacBook-Pro.local', ip: 'fe80:0:0:0:10b5:ab76:5e8b:ef36%en0', os.name: 'Mac OS X', os.arch: 'x86_64', os.version: '10.13.6', java.version: '1.8.0_181'
Driver info: com.kms.katalon.core.webui.driver.firefox.CGeckoDriver
Capabilities {acceptInsecureCerts: true, browserName: firefox, browserVersion: 67.0.4, javascriptEnabled: true, moz:accessibilityChecks: false, moz:buildID: 20190619235627, moz:geckodriverVersion: 0.23.0, moz:headless: false, moz:processID: 857, moz:profile: /var/folders/1t/c55l8xzs6gq..., moz:shutdownTimeout: 60000, moz:useNonSpecCompliantPointerOrigin: false, moz:webdriverClick: true, pageLoadStrategy: normal, platform: MAC, platformName: MAC, platformVersion: 17.7.0, proxy: Proxy(direct), rotatable: false, setWindowRect: true, strictFileInteractability: false, timeouts: {implicit: 0, pageLoad: 300000, script: 30000}, unhandledPromptBehavior: dismiss and notify}
Session ID: 7e59fcb4-d116-2b42-9946-b46f510eda97)
	at com.kms.katalon.core.keyword.internal.KeywordMain.stepFailed(KeywordMain.groovy:36)
	at com.kms.katalon.core.webui.keyword.internal.WebUIKeywordMain.stepFailed(WebUIKeywordMain.groovy:65)
	at com.kms.katalon.core.webui.keyword.internal.WebUIKeywordMain.runKeyword(WebUIKeywordMain.groovy:27)
	at com.kms.katalon.core.webui.keyword.builtin.ClickKeyword.click(ClickKeyword.groovy:86)
	at com.kms.katalon.core.webui.keyword.builtin.ClickKeyword.execute(ClickKeyword.groovy:67)
	at com.kms.katalon.core.keyword.internal.KeywordExecutor.executeKeywordForPlatform(KeywordExecutor.groovy:53)
	at com.kms.katalon.core.webui.keyword.WebUiBuiltInKeywords.click(WebUiBuiltInKeywords.groovy:616)
	at com.kms.katalon.core.webui.keyword.WebUiBuiltInKeywords$click$4.call(Unknown Source)
	at CALL - PDP.run(CALL - PDP:47)
	at com.kms.katalon.core.main.ScriptEngine.run(ScriptEngine.java:194)
	at com.kms.katalon.core.main.ScriptEngine.runScriptAsRawText(ScriptEngine.java:119)
	at com.kms.katalon.core.main.TestCaseExecutor.runScript(TestCaseExecutor.java:328)
	at com.kms.katalon.core.main.TestCaseExecutor.doExecute(TestCaseExecutor.java:319)
	at com.kms.katalon.core.main.TestCaseExecutor.processExecutionPhase(TestCaseExecutor.java:298)
	at com.kms.katalon.core.main.TestCaseExecutor.accessMainPhase(TestCaseExecutor.java:290)
	at com.kms.katalon.core.main.TestCaseExecutor.execute(TestCaseExecutor.java:224)
	at com.kms.katalon.core.main.TestCaseMain.runTestCase(TestCaseMain.java:106)
	at com.kms.katalon.core.keyword.builtin.CallTestCaseKeyword$_callTestCase_closure1.doCall(CallTestCaseKeyword.groovy:59)
	at com.kms.katalon.core.keyword.builtin.CallTestCaseKeyword$_callTestCase_closure1.call(CallTestCaseKeyword.groovy)
	at com.kms.katalon.core.keyword.internal.KeywordMain.runKeyword(KeywordMain.groovy:54)
	at com.kms.katalon.core.keyword.builtin.CallTestCaseKeyword.callTestCase(CallTestCaseKeyword.groovy:80)
	at com.kms.katalon.core.keyword.builtin.CallTestCaseKeyword.execute(CallTestCaseKeyword.groovy:44)
	at com.kms.katalon.core.keyword.internal.KeywordExecutor.executeKeywordForPlatform(KeywordExecutor.groovy:53)
	at com.kms.katalon.core.keyword.BuiltinKeywords.callTestCase(BuiltinKeywords.groovy:334)
	at variants selector.run(variants selector:16)
	at com.kms.katalon.core.main.ScriptEngine.run(ScriptEngine.java:194)
	at com.kms.katalon.core.main.ScriptEngine.runScriptAsRawText(ScriptEngine.java:119)
	at com.kms.katalon.core.main.TestCaseExecutor.runScript(TestCaseExecutor.java:328)
	at com.kms.katalon.core.main.TestCaseExecutor.doExecute(TestCaseExecutor.java:319)
	at com.kms.katalon.core.main.TestCaseExecutor.processExecutionPhase(TestCaseExecutor.java:298)
	at com.kms.katalon.core.main.TestCaseExecutor.accessMainPhase(TestCaseExecutor.java:290)
	at com.kms.katalon.core.main.TestCaseExecutor.execute(TestCaseExecutor.java:224)
	at com.kms.katalon.core.main.TestSuiteExecutor.accessTestCaseMainPhase(TestSuiteExecutor.java:129)
	at com.kms.katalon.core.main.TestSuiteExecutor.accessTestSuiteMainPhase(TestSuiteExecutor.java:112)
	at com.kms.katalon.core.main.TestSuiteExecutor.execute(TestSuiteExecutor.java:81)
	at com.kms.katalon.core.main.TestCaseMain.startTestSuite(TestCaseMain.java:149)
	at com.kms.katalon.core.main.TestCaseMain$startTestSuite$0.call(Unknown Source)
	at TempTestSuite1562205541804.run(TempTestSuite1562205541804.groovy:36)


2019-07-03 22:57:03 - [MESSAGE][FAILED] - Unable to call Test Case 'Test Cases/OCS - DESKTOP/CALL - PDP' (Root cause: com.kms.katalon.core.exception.StepFailedException: Call Test Case 'Test Cases/OCS - DESKTOP/CALL - PDP' failed)

2019-07-03 22:57:03 - [MESSAGE][FAILED] - callTestCase(findTestCase("OCS - DESKTOP/CALL - PDP"), [:], STOP_ON_FAILURE) FAILED.
Reason:
com.kms.katalon.core.exception.StepFailedException: Unable to click on object 'Object Repository/OCS-DESKTOP/Age gate and Mega menu/Header/CANNABIS menu - English' (Root cause: org.openqa.selenium.ElementNotInteractableException: Element <h3 class="menu__item--title"> could not be scrolled into view
Build info: version: '3.7.1', revision: '8a0099a', time: '2017-11-06T21:07:36.161Z'
System info: host: 'sumans-MacBook-Pro.local', ip: 'fe80:0:0:0:10b5:ab76:5e8b:ef36%en0', os.name: 'Mac OS X', os.arch: 'x86_64', os.version: '10.13.6', java.version: '1.8.0_181'
Driver info: com.kms.katalon.core.webui.driver.firefox.CGeckoDriver
Capabilities {acceptInsecureCerts: true, browserName: firefox, browserVersion: 67.0.4, javascriptEnabled: true, moz:accessibilityChecks: false, moz:buildID: 20190619235627, moz:geckodriverVersion: 0.23.0, moz:headless: false, moz:processID: 857, moz:profile: /var/folders/1t/c55l8xzs6gq..., moz:shutdownTimeout: 60000, moz:useNonSpecCompliantPointerOrigin: false, moz:webdriverClick: true, pageLoadStrategy: normal, platform: MAC, platformName: MAC, platformVersion: 17.7.0, proxy: Proxy(direct), rotatable: false, setWindowRect: true, strictFileInteractability: false, timeouts: {implicit: 0, pageLoad: 300000, script: 30000}, unhandledPromptBehavior: dismiss and notify}
Session ID: 7e59fcb4-d116-2b42-9946-b46f510eda97)
	at com.kms.katalon.core.keyword.internal.KeywordMain.stepFailed(KeywordMain.groovy:36)
	at com.kms.katalon.core.webui.keyword.internal.WebUIKeywordMain.stepFailed(WebUIKeywordMain.groovy:65)
	at com.kms.katalon.core.webui.keyword.internal.WebUIKeywordMain.runKeyword(WebUIKeywordMain.groovy:27)
	at com.kms.katalon.core.webui.keyword.builtin.ClickKeyword.click(ClickKeyword.groovy:86)
	at com.kms.katalon.core.webui.keyword.builtin.ClickKeyword.execute(ClickKeyword.groovy:67)
	at com.kms.katalon.core.keyword.internal.KeywordExecutor.executeKeywordForPlatform(KeywordExecutor.groovy:53)
	at com.kms.katalon.core.webui.keyword.WebUiBuiltInKeywords.click(WebUiBuiltInKeywords.groovy:616)
	at com.kms.katalon.core.webui.keyword.WebUiBuiltInKeywords$click$4.call(Unknown Source)
	at CALL - PDP.run(CALL - PDP:47)
	at com.kms.katalon.core.main.ScriptEngine.run(ScriptEngine.java:194)
	at com.kms.katalon.core.main.ScriptEngine.runScriptAsRawText(ScriptEngine.java:119)
	at com.kms.katalon.core.main.TestCaseExecutor.runScript(TestCaseExecutor.java:328)
	at com.kms.katalon.core.main.TestCaseExecutor.doExecute(TestCaseExecutor.java:319)
	at com.kms.katalon.core.main.TestCaseExecutor.processExecutionPhase(TestCaseExecutor.java:298)
	at com.kms.katalon.core.main.TestCaseExecutor.accessMainPhase(TestCaseExecutor.java:290)
	at com.kms.katalon.core.main.TestCaseExecutor.execute(TestCaseExecutor.java:224)
	at com.kms.katalon.core.main.TestCaseMain.runTestCase(TestCaseMain.java:106)
	at com.kms.katalon.core.keyword.builtin.CallTestCaseKeyword$_callTestCase_closure1.doCall(CallTestCaseKeyword.groovy:59)
	at com.kms.katalon.core.keyword.builtin.CallTestCaseKeyword$_callTestCase_closure1.call(CallTestCaseKeyword.groovy)
	at com.kms.katalon.core.keyword.internal.KeywordMain.runKeyword(KeywordMain.groovy:54)
	at com.kms.katalon.core.keyword.builtin.CallTestCaseKeyword.callTestCase(CallTestCaseKeyword.groovy:80)
	at com.kms.katalon.core.keyword.builtin.CallTestCaseKeyword.execute(CallTestCaseKeyword.groovy:44)
	at com.kms.katalon.core.keyword.internal.KeywordExecutor.executeKeywordForPlatform(KeywordExecutor.groovy:53)
	at com.kms.katalon.core.keyword.BuiltinKeywords.callTestCase(BuiltinKeywords.groovy:334)
	at variants selector.run(variants selector:16)
	at com.kms.katalon.core.main.ScriptEngine.run(ScriptEngine.java:194)
	at com.kms.katalon.core.main.ScriptEngine.runScriptAsRawText(ScriptEngine.java:119)
	at com.kms.katalon.core.main.TestCaseExecutor.runScript(TestCaseExecutor.java:328)
	at com.kms.katalon.core.main.TestCaseExecutor.doExecute(TestCaseExecutor.java:319)
	at com.kms.katalon.core.main.TestCaseExecutor.processExecutionPhase(TestCaseExecutor.java:298)
	at com.kms.katalon.core.main.TestCaseExecutor.accessMainPhase(TestCaseExecutor.java:290)
	at com.kms.katalon.core.main.TestCaseExecutor.execute(TestCaseExecutor.java:224)
	at com.kms.katalon.core.main.TestSuiteExecutor.accessTestCaseMainPhase(TestSuiteExecutor.java:129)
	at com.kms.katalon.core.main.TestSuiteExecutor.accessTestSuiteMainPhase(TestSuiteExecutor.java:112)
	at com.kms.katalon.core.main.TestSuiteExecutor.execute(TestSuiteExecutor.java:81)
	at com.kms.katalon.core.main.TestCaseMain.startTestSuite(TestCaseMain.java:149)
	at com.kms.katalon.core.main.TestCaseMain$startTestSuite$0.call(Unknown Source)
	at TempTestSuite1562205541804.run(TempTestSuite1562205541804.groovy:36)]]></system-out>
         <system-err><![CDATA[2019-07-03 22:56:41 - [TEST_CASE][FAILED] - Test Cases/OCS - DESKTOP/OCS- PRODUCT PAGE/variants selector: Test Cases/OCS - DESKTOP/OCS- PRODUCT PAGE/variants selector FAILED.
Reason:
com.kms.katalon.core.exception.StepFailedException: Unable to click on object 'Object Repository/OCS-DESKTOP/Age gate and Mega menu/Header/CANNABIS menu - English' (Root cause: org.openqa.selenium.ElementNotInteractableException: Element <h3 class="menu__item--title"> could not be scrolled into view
Build info: version: '3.7.1', revision: '8a0099a', time: '2017-11-06T21:07:36.161Z'
System info: host: 'sumans-MacBook-Pro.local', ip: 'fe80:0:0:0:10b5:ab76:5e8b:ef36%en0', os.name: 'Mac OS X', os.arch: 'x86_64', os.version: '10.13.6', java.version: '1.8.0_181'
Driver info: com.kms.katalon.core.webui.driver.firefox.CGeckoDriver
Capabilities {acceptInsecureCerts: true, browserName: firefox, browserVersion: 67.0.4, javascriptEnabled: true, moz:accessibilityChecks: false, moz:buildID: 20190619235627, moz:geckodriverVersion: 0.23.0, moz:headless: false, moz:processID: 857, moz:profile: /var/folders/1t/c55l8xzs6gq..., moz:shutdownTimeout: 60000, moz:useNonSpecCompliantPointerOrigin: false, moz:webdriverClick: true, pageLoadStrategy: normal, platform: MAC, platformName: MAC, platformVersion: 17.7.0, proxy: Proxy(direct), rotatable: false, setWindowRect: true, strictFileInteractability: false, timeouts: {implicit: 0, pageLoad: 300000, script: 30000}, unhandledPromptBehavior: dismiss and notify}
Session ID: 7e59fcb4-d116-2b42-9946-b46f510eda97)
	at com.kms.katalon.core.keyword.internal.KeywordMain.stepFailed(KeywordMain.groovy:36)
	at com.kms.katalon.core.webui.keyword.internal.WebUIKeywordMain.stepFailed(WebUIKeywordMain.groovy:65)
	at com.kms.katalon.core.webui.keyword.internal.WebUIKeywordMain.runKeyword(WebUIKeywordMain.groovy:27)
	at com.kms.katalon.core.webui.keyword.builtin.ClickKeyword.click(ClickKeyword.groovy:86)
	at com.kms.katalon.core.webui.keyword.builtin.ClickKeyword.execute(ClickKeyword.groovy:67)
	at com.kms.katalon.core.keyword.internal.KeywordExecutor.executeKeywordForPlatform(KeywordExecutor.groovy:53)
	at com.kms.katalon.core.webui.keyword.WebUiBuiltInKeywords.click(WebUiBuiltInKeywords.groovy:616)
	at com.kms.katalon.core.webui.keyword.WebUiBuiltInKeywords$click$4.call(Unknown Source)
	at CALL - PDP.run(CALL - PDP:47)
	at com.kms.katalon.core.main.ScriptEngine.run(ScriptEngine.java:194)
	at com.kms.katalon.core.main.ScriptEngine.runScriptAsRawText(ScriptEngine.java:119)
	at com.kms.katalon.core.main.TestCaseExecutor.runScript(TestCaseExecutor.java:328)
	at com.kms.katalon.core.main.TestCaseExecutor.doExecute(TestCaseExecutor.java:319)
	at com.kms.katalon.core.main.TestCaseExecutor.processExecutionPhase(TestCaseExecutor.java:298)
	at com.kms.katalon.core.main.TestCaseExecutor.accessMainPhase(TestCaseExecutor.java:290)
	at com.kms.katalon.core.main.TestCaseExecutor.execute(TestCaseExecutor.java:224)
	at com.kms.katalon.core.main.TestCaseMain.runTestCase(TestCaseMain.java:106)
	at com.kms.katalon.core.keyword.builtin.CallTestCaseKeyword$_callTestCase_closure1.doCall(CallTestCaseKeyword.groovy:59)
	at com.kms.katalon.core.keyword.builtin.CallTestCaseKeyword$_callTestCase_closure1.call(CallTestCaseKeyword.groovy)
	at com.kms.katalon.core.keyword.internal.KeywordMain.runKeyword(KeywordMain.groovy:54)
	at com.kms.katalon.core.keyword.builtin.CallTestCaseKeyword.callTestCase(CallTestCaseKeyword.groovy:80)
	at com.kms.katalon.core.keyword.builtin.CallTestCaseKeyword.execute(CallTestCaseKeyword.groovy:44)
	at com.kms.katalon.core.keyword.internal.KeywordExecutor.executeKeywordForPlatform(KeywordExecutor.groovy:53)
	at com.kms.katalon.core.keyword.BuiltinKeywords.callTestCase(BuiltinKeywords.groovy:334)
	at variants selector.run(variants selector:16)
	at com.kms.katalon.core.main.ScriptEngine.run(ScriptEngine.java:194)
	at com.kms.katalon.core.main.ScriptEngine.runScriptAsRawText(ScriptEngine.java:119)
	at com.kms.katalon.core.main.TestCaseExecutor.runScript(TestCaseExecutor.java:328)
	at com.kms.katalon.core.main.TestCaseExecutor.doExecute(TestCaseExecutor.java:319)
	at com.kms.katalon.core.main.TestCaseExecutor.processExecutionPhase(TestCaseExecutor.java:298)
	at com.kms.katalon.core.main.TestCaseExecutor.accessMainPhase(TestCaseExecutor.java:290)
	at com.kms.katalon.core.main.TestCaseExecutor.execute(TestCaseExecutor.java:224)
	at com.kms.katalon.core.main.TestSuiteExecutor.accessTestCaseMainPhase(TestSuiteExecutor.java:129)
	at com.kms.katalon.core.main.TestSuiteExecutor.accessTestSuiteMainPhase(TestSuiteExecutor.java:112)
	at com.kms.katalon.core.main.TestSuiteExecutor.execute(TestSuiteExecutor.java:81)
	at com.kms.katalon.core.main.TestCaseMain.startTestSuite(TestCaseMain.java:149)
	at com.kms.katalon.core.main.TestCaseMain$startTestSuite$0.call(Unknown Source)
	at TempTestSuite1562205541804.run(TempTestSuite1562205541804.groovy:36)]]></system-err>
      </testcase>
      <testcase name="Test Cases/OCS - DESKTOP/OCS- PRODUCT PAGE/How to choose cannbis products" classname="Test Cases/OCS - DESKTOP/OCS- PRODUCT PAGE/How to choose cannbis products" status="PASSED">
         <system-out><![CDATA[2019-07-03 22:57:03 - [TEST_CASE][PASSED] - Test Cases/OCS - DESKTOP/OCS- PRODUCT PAGE/How to choose cannbis products: Test Cases/OCS - DESKTOP/OCS- PRODUCT PAGE/How to choose cannbis products

2019-07-03 22:57:03 - [TEST_STEP][PASSED] - callTestCase(findTestCase("OCS - DESKTOP/CALL - PDP"), [:], STOP_ON_FAILURE): Call Test Case 'Test Cases/OCS - DESKTOP/CALL - PDP' successfully

2019-07-03 22:57:03 - [TEST_CASE][PASSED] - Test Cases/OCS - DESKTOP/CALL - PDP: Test Cases/OCS - DESKTOP/CALL - PDP

2019-07-03 22:57:03 - [TEST_STEP][PASSED] - openBrowser(""): Browser is opened with url: ''

2019-07-03 22:57:03 - [MESSAGE][WARNING] - A browser is already opened. Closing browser and opening a new one

2019-07-03 22:57:04 - [MESSAGE][INFO] - Starting 'Firefox' driver

2019-07-03 22:57:06 - [MESSAGE][PASSED] - Browser is opened with url: ''

2019-07-03 22:57:06 - [TEST_STEP][PASSED] - navigateToUrl("https://ocs.ca/?fts=0&preview_theme_id=74203891532"): Navigate to 'https://ocs.ca/?fts=0&preview_theme_id=74203891532' successfully

2019-07-03 22:57:12 - [MESSAGE][PASSED] - Navigate to 'https://ocs.ca/?fts=0&preview_theme_id=74203891532' successfully

2019-07-03 22:57:12 - [TEST_STEP][PASSED] - maximizeWindow(): Current window maximized

2019-07-03 22:57:13 - [MESSAGE][PASSED] - Current window maximized

2019-07-03 22:57:13 - [TEST_STEP][PASSED] - executeJavaScript("var previewBar = document.getElementById("preview-bar-iframe"); previewBar.style.display = "none";", []): Execute JavaScript 'var previewBar = document.getElementById("preview-bar-iframe"); previewBar.style.display = "none";' successfully

2019-07-03 22:57:13 - [MESSAGE][PASSED] - Execute JavaScript 'var previewBar = document.getElementById("preview-bar-iframe"); previewBar.style.display = "none";' successfully

2019-07-03 22:57:13 - [TEST_STEP][PASSED] - delay(4): Delayed 4 second(s)

2019-07-03 22:57:17 - [MESSAGE][PASSED] - Delayed 4 second(s)

2019-07-03 22:57:17 - [TEST_STEP][PASSED] - selectOptionByValue(findTestObject("OCS-DESKTOP/Age gate and Mega menu/Date"), "12", true): All options with value '12' are selected in object 'Object Repository/OCS-DESKTOP/Age gate and Mega menu/Date'  using regular expression

2019-07-03 22:57:17 - [MESSAGE][PASSED] - All options with value '12' are selected in object 'Object Repository/OCS-DESKTOP/Age gate and Mega menu/Date'  using regular expression

2019-07-03 22:57:17 - [TEST_STEP][PASSED] - selectOptionByValue(findTestObject("OCS-DESKTOP/Age gate and Mega menu/month"), "6", true): All options with value '6' are selected in object 'Object Repository/OCS-DESKTOP/Age gate and Mega menu/month'  using regular expression

2019-07-03 22:57:18 - [MESSAGE][PASSED] - All options with value '6' are selected in object 'Object Repository/OCS-DESKTOP/Age gate and Mega menu/month'  using regular expression

2019-07-03 22:57:18 - [TEST_STEP][PASSED] - delay(2): Delayed 2 second(s)

2019-07-03 22:57:20 - [MESSAGE][PASSED] - Delayed 2 second(s)

2019-07-03 22:57:20 - [TEST_STEP][PASSED] - selectOptionByValue(findTestObject("OCS-DESKTOP/Age gate and Mega menu/Year Dropdown"), "1990", true): All options with value '1990' are selected in object 'Object Repository/OCS-DESKTOP/Age gate and Mega menu/Year Dropdown'  using regular expression

2019-07-03 22:57:21 - [MESSAGE][PASSED] - All options with value '1990' are selected in object 'Object Repository/OCS-DESKTOP/Age gate and Mega menu/Year Dropdown'  using regular expression

2019-07-03 22:57:21 - [TEST_STEP][PASSED] - click(findTestObject("OCS-DESKTOP/Age gate and Mega menu/button_Verify")): Object: 'Object Repository/OCS-DESKTOP/Age gate and Mega menu/button_Verify' is clicked on

2019-07-03 22:57:21 - [MESSAGE][PASSED] - Object: 'Object Repository/OCS-DESKTOP/Age gate and Mega menu/button_Verify' is clicked on

2019-07-03 22:57:21 - [TEST_STEP][PASSED] - click(findTestObject("OCS-DESKTOP/Age gate and Mega menu/Checkbox_CONFIRM AND ACKNOWLEDGE")): Object: 'Object Repository/OCS-DESKTOP/Age gate and Mega menu/Checkbox_CONFIRM AND ACKNOWLEDGE' is clicked on

2019-07-03 22:57:22 - [MESSAGE][PASSED] - Object: 'Object Repository/OCS-DESKTOP/Age gate and Mega menu/Checkbox_CONFIRM AND ACKNOWLEDGE' is clicked on

2019-07-03 22:57:22 - [TEST_STEP][PASSED] - click(findTestObject("OCS-DESKTOP/Age gate and Mega menu/button_CONFIRM")): Object: 'Object Repository/OCS-DESKTOP/Age gate and Mega menu/button_CONFIRM' is clicked on

2019-07-03 22:57:22 - [MESSAGE][PASSED] - Object: 'Object Repository/OCS-DESKTOP/Age gate and Mega menu/button_CONFIRM' is clicked on

2019-07-03 22:57:22 - [TEST_STEP][PASSED] - click(findTestObject("OCS-DESKTOP/Age gate and Mega menu/button_Start Browsing")): Object: 'Object Repository/OCS-DESKTOP/Age gate and Mega menu/button_Start Browsing' is clicked on

2019-07-03 22:57:22 - [MESSAGE][PASSED] - Object: 'Object Repository/OCS-DESKTOP/Age gate and Mega menu/button_Start Browsing' is clicked on

2019-07-03 22:57:22 - [TEST_STEP][PASSED] - refresh(): Refresh successfully

2019-07-03 22:57:25 - [MESSAGE][PASSED] - Refresh successfully

2019-07-03 22:57:25 - [TEST_STEP][PASSED] - delay(2): Delayed 2 second(s)

2019-07-03 22:57:27 - [MESSAGE][PASSED] - Delayed 2 second(s)

2019-07-03 22:57:27 - [TEST_STEP][PASSED] - click(findTestObject("OCS-DESKTOP/Age gate and Mega menu/Header/CANNABIS menu - English")): Object: 'Object Repository/OCS-DESKTOP/Age gate and Mega menu/Header/CANNABIS menu - English' is clicked on

2019-07-03 22:57:28 - [MESSAGE][PASSED] - Object: 'Object Repository/OCS-DESKTOP/Age gate and Mega menu/Header/CANNABIS menu - English' is clicked on

2019-07-03 22:57:28 - [TEST_STEP][PASSED] - delay(2): Delayed 2 second(s)

2019-07-03 22:57:30 - [MESSAGE][PASSED] - Delayed 2 second(s)

2019-07-03 22:57:30 - [TEST_STEP][PASSED] - click(findTestObject("OCS-DESKTOP/Age gate and Mega menu/Indica Dominant_Menu item")): Object: 'Object Repository/OCS-DESKTOP/Age gate and Mega menu/Indica Dominant_Menu item' is clicked on

2019-07-03 22:57:32 - [MESSAGE][PASSED] - Object: 'Object Repository/OCS-DESKTOP/Age gate and Mega menu/Indica Dominant_Menu item' is clicked on

2019-07-03 22:57:32 - [TEST_STEP][PASSED] - delay(2): Delayed 2 second(s)

2019-07-03 22:57:34 - [MESSAGE][PASSED] - Delayed 2 second(s)

2019-07-03 22:57:34 - [TEST_STEP][PASSED] - scrollToElement(findTestObject("OCS-DESKTOP/Collection page/Product image - 1st one"), 0): Scroll to object 'Object Repository/OCS-DESKTOP/Collection page/Product image - 1st one' successfully

2019-07-03 22:57:34 - [MESSAGE][WARNING] - Timeout '0' is invalid. Using default page load timeout: '30'

2019-07-03 22:57:34 - [MESSAGE][PASSED] - Scroll to object 'Object Repository/OCS-DESKTOP/Collection page/Product image - 1st one' successfully

2019-07-03 22:57:34 - [TEST_STEP][PASSED] - delay(2): Delayed 2 second(s)

2019-07-03 22:57:36 - [MESSAGE][PASSED] - Delayed 2 second(s)

2019-07-03 22:57:36 - [TEST_STEP][PASSED] - click(findTestObject("OCS-DESKTOP/Collection page/Product image - 1st one")): Object: 'Object Repository/OCS-DESKTOP/Collection page/Product image - 1st one' is clicked on

2019-07-03 22:57:38 - [MESSAGE][PASSED] - Object: 'Object Repository/OCS-DESKTOP/Collection page/Product image - 1st one' is clicked on

2019-07-03 22:57:38 - [TEST_STEP][PASSED] - executeJavaScript("var previewBar = document.getElementById("preview-bar-iframe"); previewBar.style.display = "none";", []): Execute JavaScript 'var previewBar = document.getElementById("preview-bar-iframe"); previewBar.style.display = "none";' successfully

2019-07-03 22:57:38 - [MESSAGE][PASSED] - Execute JavaScript 'var previewBar = document.getElementById("preview-bar-iframe"); previewBar.style.display = "none";' successfully

2019-07-03 22:57:38 - [TEST_STEP][PASSED] - delay(2): Delayed 2 second(s)

2019-07-03 22:57:40 - [MESSAGE][PASSED] - Delayed 2 second(s)

2019-07-03 22:57:40 - [MESSAGE][PASSED] - Call Test Case 'Test Cases/OCS - DESKTOP/CALL - PDP' successfully

2019-07-03 22:57:40 - [TEST_STEP][NOT_RUN] - scrollToElement(findTestObject("OCS-MOBILE /Product page/How to choose cannabis product - Section"), 2): NOT_RUN: scrollToElement(findTestObject("OCS-MOBILE /Product page/How to choose cannabis product - Section"), 2)

2019-07-03 22:57:40 - [MESSAGE][NOT_RUN] - NOT_RUN: scrollToElement(findTestObject("OCS-MOBILE /Product page/How to choose cannabis product - Section"), 2)

2019-07-03 22:57:40 - [TEST_STEP][PASSED] - click(findTestObject("OCS-DESKTOP/Product page/How to choose cannabis product - Button")): Object: 'Object Repository/OCS-DESKTOP/Product page/How to choose cannabis product - Button' is clicked on

2019-07-03 22:57:43 - [MESSAGE][PASSED] - Object: 'Object Repository/OCS-DESKTOP/Product page/How to choose cannabis product - Button' is clicked on

2019-07-03 22:57:43 - [TEST_STEP][PASSED] - a = getWindowTitle(): Current window's title is: 'Factors in Choosing Cannabis Products | Ontario Cannabis Store'

2019-07-03 22:57:43 - [MESSAGE][PASSED] - Current window's title is: 'Factors in Choosing Cannabis Products | Ontario Cannabis Store'

2019-07-03 22:57:43 - [TEST_STEP][PASSED] - b = "Factors in Choosing Cannabis Products | Ontario Cannabis Store": null

2019-07-03 22:57:43 - [TEST_STEP][PASSED] - comment("WINDOW TITLE IS: " + a): WINDOW TITLE IS: Factors in Choosing Cannabis Products | Ontario Cannabis Store

2019-07-03 22:57:43 - [MESSAGE][INFO] - WINDOW TITLE IS: Factors in Choosing Cannabis Products | Ontario Cannabis Store

2019-07-03 22:57:43 - [TEST_STEP][PASSED] - if (a == b): TITLE IS SAME

2019-07-03 22:57:43 - [TEST_STEP][PASSED] - comment("TITLE IS SAME"): TITLE IS SAME

2019-07-03 22:57:43 - [MESSAGE][INFO] - TITLE IS SAME

2019-07-03 22:57:43 - [TEST_STEP][PASSED] - back(): Navigate back successfully

2019-07-03 22:57:45 - [MESSAGE][PASSED] - Navigate back successfully]]></system-out>
         <system-err><![CDATA[]]></system-err>
      </testcase>
      <testcase name="Test Cases/OCS - DESKTOP/OCS-AGE GATE/AG- Under Age" classname="Test Cases/OCS - DESKTOP/OCS-AGE GATE/AG- Under Age" status="PASSED">
         <system-out><![CDATA[2019-07-03 22:57:45 - [TEST_CASE][PASSED] - Test Cases/OCS - DESKTOP/OCS-AGE GATE/AG- Under Age: Test Cases/OCS - DESKTOP/OCS-AGE GATE/AG- Under Age

2019-07-03 22:57:46 - [TEST_STEP][PASSED] - openBrowser(""): Browser is opened with url: ''

2019-07-03 22:57:46 - [MESSAGE][WARNING] - A browser is already opened. Closing browser and opening a new one

2019-07-03 22:57:57 - [MESSAGE][INFO] - Starting 'Firefox' driver

2019-07-03 22:57:59 - [MESSAGE][PASSED] - Browser is opened with url: ''

2019-07-03 22:57:59 - [TEST_STEP][PASSED] - navigateToUrl("https://ocs.ca/?fts=0&preview_theme_id=74203891532"): Navigate to 'https://ocs.ca/?fts=0&preview_theme_id=74203891532' successfully

2019-07-03 22:58:07 - [MESSAGE][PASSED] - Navigate to 'https://ocs.ca/?fts=0&preview_theme_id=74203891532' successfully

2019-07-03 22:58:07 - [TEST_STEP][PASSED] - executeJavaScript("var previewBar = document.getElementById("preview-bar-iframe"); previewBar.style.display = "none";", []): Execute JavaScript 'var previewBar = document.getElementById("preview-bar-iframe"); previewBar.style.display = "none";' successfully

2019-07-03 22:58:07 - [MESSAGE][PASSED] - Execute JavaScript 'var previewBar = document.getElementById("preview-bar-iframe"); previewBar.style.display = "none";' successfully

2019-07-03 22:58:07 - [TEST_STEP][PASSED] - selectOptionByValue(findTestObject("OCS-DESKTOP/Age gate and Mega menu/Date"), "12", true): All options with value '12' are selected in object 'Object Repository/OCS-DESKTOP/Age gate and Mega menu/Date'  using regular expression

2019-07-03 22:58:07 - [MESSAGE][PASSED] - All options with value '12' are selected in object 'Object Repository/OCS-DESKTOP/Age gate and Mega menu/Date'  using regular expression

2019-07-03 22:58:07 - [TEST_STEP][PASSED] - selectOptionByValue(findTestObject("OCS-DESKTOP/Age gate and Mega menu/month"), "6", true): All options with value '6' are selected in object 'Object Repository/OCS-DESKTOP/Age gate and Mega menu/month'  using regular expression

2019-07-03 22:58:08 - [MESSAGE][PASSED] - All options with value '6' are selected in object 'Object Repository/OCS-DESKTOP/Age gate and Mega menu/month'  using regular expression

2019-07-03 22:58:08 - [TEST_STEP][PASSED] - delay(2): Delayed 2 second(s)

2019-07-03 22:58:10 - [MESSAGE][PASSED] - Delayed 2 second(s)

2019-07-03 22:58:10 - [TEST_STEP][PASSED] - selectOptionByValue(findTestObject("OCS-DESKTOP/Age gate and Mega menu/Year Dropdown"), "2017", true): All options with value '2017' are selected in object 'Object Repository/OCS-DESKTOP/Age gate and Mega menu/Year Dropdown'  using regular expression

2019-07-03 22:58:11 - [MESSAGE][PASSED] - All options with value '2017' are selected in object 'Object Repository/OCS-DESKTOP/Age gate and Mega menu/Year Dropdown'  using regular expression

2019-07-03 22:58:11 - [TEST_STEP][PASSED] - click(findTestObject("OCS-DESKTOP/Age gate and Mega menu/button_Verify")): Object: 'Object Repository/OCS-DESKTOP/Age gate and Mega menu/button_Verify' is clicked on

2019-07-03 22:58:11 - [MESSAGE][PASSED] - Object: 'Object Repository/OCS-DESKTOP/Age gate and Mega menu/button_Verify' is clicked on

2019-07-03 22:58:11 - [TEST_STEP][PASSED] - click(findTestObject("OCS-DESKTOP/Age gate and Mega menu/Checkbox_CONFIRM AND ACKNOWLEDGE")): Object: 'Object Repository/OCS-DESKTOP/Age gate and Mega menu/Checkbox_CONFIRM AND ACKNOWLEDGE' is clicked on

2019-07-03 22:58:11 - [MESSAGE][PASSED] - Object: 'Object Repository/OCS-DESKTOP/Age gate and Mega menu/Checkbox_CONFIRM AND ACKNOWLEDGE' is clicked on

2019-07-03 22:58:11 - [TEST_STEP][PASSED] - click(findTestObject("OCS-DESKTOP/Age gate and Mega menu/button_CONFIRM")): Object: 'Object Repository/OCS-DESKTOP/Age gate and Mega menu/button_CONFIRM' is clicked on

2019-07-03 22:58:12 - [MESSAGE][PASSED] - Object: 'Object Repository/OCS-DESKTOP/Age gate and Mega menu/button_CONFIRM' is clicked on

2019-07-03 22:58:12 - [TEST_STEP][PASSED] - delay(3): Delayed 3 second(s)

2019-07-03 22:58:15 - [MESSAGE][PASSED] - Delayed 3 second(s)

2019-07-03 22:58:15 - [TEST_STEP][PASSED] - click(findTestObject("OCS-DESKTOP/Age gate and Mega menu/Oops Im actually 19 or older - Link")): Object: 'Object Repository/OCS-DESKTOP/Age gate and Mega menu/Oops Im actually 19 or older - Link' is clicked on

2019-07-03 22:58:15 - [MESSAGE][PASSED] - Object: 'Object Repository/OCS-DESKTOP/Age gate and Mega menu/Oops Im actually 19 or older - Link' is clicked on

2019-07-03 22:58:15 - [TEST_STEP][PASSED] - selectOptionByValue(findTestObject("OCS-DESKTOP/Age gate and Mega menu/Date"), "5", true): All options with value '5' are selected in object 'Object Repository/OCS-DESKTOP/Age gate and Mega menu/Date'  using regular expression

2019-07-03 22:58:16 - [MESSAGE][PASSED] - All options with value '5' are selected in object 'Object Repository/OCS-DESKTOP/Age gate and Mega menu/Date'  using regular expression

2019-07-03 22:58:16 - [TEST_STEP][PASSED] - selectOptionByValue(findTestObject("OCS-DESKTOP/Age gate and Mega menu/month"), "6", true): All options with value '6' are selected in object 'Object Repository/OCS-DESKTOP/Age gate and Mega menu/month'  using regular expression

2019-07-03 22:58:16 - [MESSAGE][PASSED] - All options with value '6' are selected in object 'Object Repository/OCS-DESKTOP/Age gate and Mega menu/month'  using regular expression

2019-07-03 22:58:16 - [TEST_STEP][PASSED] - selectOptionByValue(findTestObject("OCS-DESKTOP/Age gate and Mega menu/Year Dropdown"), "1970", true): All options with value '1970' are selected in object 'Object Repository/OCS-DESKTOP/Age gate and Mega menu/Year Dropdown'  using regular expression

2019-07-03 22:58:18 - [MESSAGE][PASSED] - All options with value '1970' are selected in object 'Object Repository/OCS-DESKTOP/Age gate and Mega menu/Year Dropdown'  using regular expression

2019-07-03 22:58:18 - [TEST_STEP][PASSED] - click(findTestObject("OCS-DESKTOP/Age gate and Mega menu/button_Verify")): Object: 'Object Repository/OCS-DESKTOP/Age gate and Mega menu/button_Verify' is clicked on

2019-07-03 22:58:18 - [MESSAGE][PASSED] - Object: 'Object Repository/OCS-DESKTOP/Age gate and Mega menu/button_Verify' is clicked on

2019-07-03 22:58:18 - [TEST_STEP][PASSED] - click(findTestObject("OCS-DESKTOP/Age gate and Mega menu/Checkbox_CONFIRM AND ACKNOWLEDGE")): Object: 'Object Repository/OCS-DESKTOP/Age gate and Mega menu/Checkbox_CONFIRM AND ACKNOWLEDGE' is clicked on

2019-07-03 22:58:18 - [MESSAGE][PASSED] - Object: 'Object Repository/OCS-DESKTOP/Age gate and Mega menu/Checkbox_CONFIRM AND ACKNOWLEDGE' is clicked on

2019-07-03 22:58:18 - [TEST_STEP][PASSED] - click(findTestObject("OCS-DESKTOP/Age gate and Mega menu/button_CONFIRM")): Object: 'Object Repository/OCS-DESKTOP/Age gate and Mega menu/button_CONFIRM' is clicked on

2019-07-03 22:58:18 - [MESSAGE][PASSED] - Object: 'Object Repository/OCS-DESKTOP/Age gate and Mega menu/button_CONFIRM' is clicked on

2019-07-03 22:58:18 - [TEST_STEP][PASSED] - click(findTestObject("OCS-DESKTOP/Age gate and Mega menu/button_Start Browsing")): Object: 'Object Repository/OCS-DESKTOP/Age gate and Mega menu/button_Start Browsing' is clicked on

2019-07-03 22:58:19 - [MESSAGE][PASSED] - Object: 'Object Repository/OCS-DESKTOP/Age gate and Mega menu/button_Start Browsing' is clicked on

2019-07-03 22:58:19 - [TEST_STEP][PASSED] - delay(3): Delayed 3 second(s)

2019-07-03 22:58:22 - [MESSAGE][PASSED] - Delayed 3 second(s)

2019-07-03 22:58:22 - [TEST_STEP][PASSED] - closeBrowser(): Browser is closed

2019-07-03 22:58:22 - [MESSAGE][PASSED] - Browser is closed]]></system-out>
         <system-err><![CDATA[]]></system-err>
      </testcase>
      <testcase name="Test Cases/OCS - DESKTOP/OCS-AGE GATE/AG - Date correction" classname="Test Cases/OCS - DESKTOP/OCS-AGE GATE/AG - Date correction" status="PASSED">
         <system-out><![CDATA[2019-07-03 22:58:22 - [TEST_CASE][PASSED] - Test Cases/OCS - DESKTOP/OCS-AGE GATE/AG - Date correction: Test Cases/OCS - DESKTOP/OCS-AGE GATE/AG - Date correction

2019-07-03 22:58:22 - [TEST_STEP][PASSED] - openBrowser(""): Browser is opened with url: ''

2019-07-03 22:58:22 - [MESSAGE][INFO] - Starting 'Firefox' driver

2019-07-03 22:58:24 - [MESSAGE][PASSED] - Browser is opened with url: ''

2019-07-03 22:58:24 - [TEST_STEP][PASSED] - navigateToUrl("https://ocs.ca/?fts=0&preview_theme_id=74203891532"): Navigate to 'https://ocs.ca/?fts=0&preview_theme_id=74203891532' successfully

2019-07-03 22:58:32 - [MESSAGE][PASSED] - Navigate to 'https://ocs.ca/?fts=0&preview_theme_id=74203891532' successfully

2019-07-03 22:58:32 - [TEST_STEP][PASSED] - executeJavaScript("var previewBar = document.getElementById("preview-bar-iframe"); previewBar.style.display = "none";", []): Execute JavaScript 'var previewBar = document.getElementById("preview-bar-iframe"); previewBar.style.display = "none";' successfully

2019-07-03 22:58:32 - [MESSAGE][PASSED] - Execute JavaScript 'var previewBar = document.getElementById("preview-bar-iframe"); previewBar.style.display = "none";' successfully

2019-07-03 22:58:32 - [TEST_STEP][PASSED] - selectOptionByValue(findTestObject("OCS-DESKTOP/Age gate and Mega menu/Date"), "12", true): All options with value '12' are selected in object 'Object Repository/OCS-DESKTOP/Age gate and Mega menu/Date'  using regular expression

2019-07-03 22:58:33 - [MESSAGE][PASSED] - All options with value '12' are selected in object 'Object Repository/OCS-DESKTOP/Age gate and Mega menu/Date'  using regular expression

2019-07-03 22:58:33 - [TEST_STEP][PASSED] - selectOptionByValue(findTestObject("OCS-DESKTOP/Age gate and Mega menu/month"), "6", true): All options with value '6' are selected in object 'Object Repository/OCS-DESKTOP/Age gate and Mega menu/month'  using regular expression

2019-07-03 22:58:33 - [MESSAGE][PASSED] - All options with value '6' are selected in object 'Object Repository/OCS-DESKTOP/Age gate and Mega menu/month'  using regular expression

2019-07-03 22:58:33 - [TEST_STEP][PASSED] - delay(2): Delayed 2 second(s)

2019-07-03 22:58:35 - [MESSAGE][PASSED] - Delayed 2 second(s)

2019-07-03 22:58:35 - [TEST_STEP][PASSED] - selectOptionByValue(findTestObject("OCS-DESKTOP/Age gate and Mega menu/Year Dropdown"), "1990", true): All options with value '1990' are selected in object 'Object Repository/OCS-DESKTOP/Age gate and Mega menu/Year Dropdown'  using regular expression

2019-07-03 22:58:37 - [MESSAGE][PASSED] - All options with value '1990' are selected in object 'Object Repository/OCS-DESKTOP/Age gate and Mega menu/Year Dropdown'  using regular expression

2019-07-03 22:58:37 - [TEST_STEP][PASSED] - delay(3): Delayed 3 second(s)

2019-07-03 22:58:40 - [MESSAGE][PASSED] - Delayed 3 second(s)

2019-07-03 22:58:40 - [TEST_STEP][PASSED] - click(findTestObject("OCS-DESKTOP/Age gate and Mega menu/button_Verify")): Object: 'Object Repository/OCS-DESKTOP/Age gate and Mega menu/button_Verify' is clicked on

2019-07-03 22:58:40 - [MESSAGE][PASSED] - Object: 'Object Repository/OCS-DESKTOP/Age gate and Mega menu/button_Verify' is clicked on

2019-07-03 22:58:40 - [TEST_STEP][PASSED] - delay(1): Delayed 1 second(s)

2019-07-03 22:58:41 - [MESSAGE][PASSED] - Delayed 1 second(s)

2019-07-03 22:58:41 - [TEST_STEP][PASSED] - click(findTestObject("OCS-DESKTOP/Age gate and Mega menu/a_Correct your date of birth")): Object: 'Object Repository/OCS-DESKTOP/Age gate and Mega menu/a_Correct your date of birth' is clicked on

2019-07-03 22:58:41 - [MESSAGE][PASSED] - Object: 'Object Repository/OCS-DESKTOP/Age gate and Mega menu/a_Correct your date of birth' is clicked on

2019-07-03 22:58:41 - [TEST_STEP][PASSED] - selectOptionByValue(findTestObject("OCS-DESKTOP/Age gate and Mega menu/Date"), "1", true): All options with value '1' are selected in object 'Object Repository/OCS-DESKTOP/Age gate and Mega menu/Date'  using regular expression

2019-07-03 22:58:42 - [MESSAGE][PASSED] - All options with value '1' are selected in object 'Object Repository/OCS-DESKTOP/Age gate and Mega menu/Date'  using regular expression

2019-07-03 22:58:42 - [TEST_STEP][PASSED] - selectOptionByValue(findTestObject("OCS-DESKTOP/Age gate and Mega menu/month"), "5", true): All options with value '5' are selected in object 'Object Repository/OCS-DESKTOP/Age gate and Mega menu/month'  using regular expression

2019-07-03 22:58:42 - [MESSAGE][PASSED] - All options with value '5' are selected in object 'Object Repository/OCS-DESKTOP/Age gate and Mega menu/month'  using regular expression

2019-07-03 22:58:42 - [TEST_STEP][PASSED] - selectOptionByValue(findTestObject("OCS-DESKTOP/Age gate and Mega menu/Year Dropdown"), "1980", true): All options with value '1980' are selected in object 'Object Repository/OCS-DESKTOP/Age gate and Mega menu/Year Dropdown'  using regular expression

2019-07-03 22:58:44 - [MESSAGE][PASSED] - All options with value '1980' are selected in object 'Object Repository/OCS-DESKTOP/Age gate and Mega menu/Year Dropdown'  using regular expression

2019-07-03 22:58:44 - [TEST_STEP][PASSED] - click(findTestObject("OCS-DESKTOP/Age gate and Mega menu/button_Verify")): Object: 'Object Repository/OCS-DESKTOP/Age gate and Mega menu/button_Verify' is clicked on

2019-07-03 22:58:44 - [MESSAGE][PASSED] - Object: 'Object Repository/OCS-DESKTOP/Age gate and Mega menu/button_Verify' is clicked on

2019-07-03 22:58:44 - [TEST_STEP][PASSED] - closeBrowser(): Browser is closed

2019-07-03 22:58:45 - [MESSAGE][PASSED] - Browser is closed]]></system-out>
         <system-err><![CDATA[]]></system-err>
      </testcase>
      <testcase name="Test Cases/OCS - DESKTOP/OCS-COLLECTION PAGE/Sort" classname="Test Cases/OCS - DESKTOP/OCS-COLLECTION PAGE/Sort" status="PASSED">
         <system-out><![CDATA[2019-07-03 22:58:45 - [TEST_CASE][PASSED] - Test Cases/OCS - DESKTOP/OCS-COLLECTION PAGE/Sort: Test Cases/OCS - DESKTOP/OCS-COLLECTION PAGE/Sort

2019-07-03 22:58:45 - [TEST_STEP][PASSED] - callTestCase(findTestCase("OCS - DESKTOP/CALL- Age gate"), [:], STOP_ON_FAILURE): Call Test Case 'Test Cases/OCS - DESKTOP/CALL- Age gate' successfully

2019-07-03 22:58:45 - [TEST_CASE][PASSED] - Test Cases/OCS - DESKTOP/CALL- Age gate: Test Cases/OCS - DESKTOP/CALL- Age gate

2019-07-03 22:58:45 - [TEST_STEP][PASSED] - openBrowser(""): Browser is opened with url: ''

2019-07-03 22:58:45 - [MESSAGE][INFO] - Starting 'Firefox' driver

2019-07-03 22:58:47 - [MESSAGE][PASSED] - Browser is opened with url: ''

2019-07-03 22:58:47 - [TEST_STEP][PASSED] - navigateToUrl("https://ocs.ca/?fts=0&preview_theme_id=74203891532"): Navigate to 'https://ocs.ca/?fts=0&preview_theme_id=74203891532' successfully

2019-07-03 22:58:53 - [MESSAGE][PASSED] - Navigate to 'https://ocs.ca/?fts=0&preview_theme_id=74203891532' successfully

2019-07-03 22:58:53 - [TEST_STEP][PASSED] - maximizeWindow(): Current window maximized

2019-07-03 22:58:54 - [MESSAGE][PASSED] - Current window maximized

2019-07-03 22:58:54 - [TEST_STEP][PASSED] - delay(2): Delayed 2 second(s)

2019-07-03 22:58:56 - [MESSAGE][PASSED] - Delayed 2 second(s)

2019-07-03 22:58:56 - [TEST_STEP][PASSED] - executeJavaScript("var previewBar = document.getElementById("preview-bar-iframe"); previewBar.style.display = "none";", []): Execute JavaScript 'var previewBar = document.getElementById("preview-bar-iframe"); previewBar.style.display = "none";' successfully

2019-07-03 22:58:56 - [MESSAGE][PASSED] - Execute JavaScript 'var previewBar = document.getElementById("preview-bar-iframe"); previewBar.style.display = "none";' successfully

2019-07-03 22:58:56 - [TEST_STEP][PASSED] - selectOptionByValue(findTestObject("OCS-DESKTOP/Age gate and Mega menu/Date"), "12", true): All options with value '12' are selected in object 'Object Repository/OCS-DESKTOP/Age gate and Mega menu/Date'  using regular expression

2019-07-03 22:58:57 - [MESSAGE][PASSED] - All options with value '12' are selected in object 'Object Repository/OCS-DESKTOP/Age gate and Mega menu/Date'  using regular expression

2019-07-03 22:58:57 - [TEST_STEP][PASSED] - selectOptionByValue(findTestObject("OCS-DESKTOP/Age gate and Mega menu/month"), "6", true): All options with value '6' are selected in object 'Object Repository/OCS-DESKTOP/Age gate and Mega menu/month'  using regular expression

2019-07-03 22:58:57 - [MESSAGE][PASSED] - All options with value '6' are selected in object 'Object Repository/OCS-DESKTOP/Age gate and Mega menu/month'  using regular expression

2019-07-03 22:58:57 - [TEST_STEP][PASSED] - delay(2): Delayed 2 second(s)

2019-07-03 22:58:59 - [MESSAGE][PASSED] - Delayed 2 second(s)

2019-07-03 22:58:59 - [TEST_STEP][PASSED] - selectOptionByValue(findTestObject("OCS-DESKTOP/Age gate and Mega menu/Year Dropdown"), "1990", true): All options with value '1990' are selected in object 'Object Repository/OCS-DESKTOP/Age gate and Mega menu/Year Dropdown'  using regular expression

2019-07-03 22:59:01 - [MESSAGE][PASSED] - All options with value '1990' are selected in object 'Object Repository/OCS-DESKTOP/Age gate and Mega menu/Year Dropdown'  using regular expression

2019-07-03 22:59:01 - [TEST_STEP][PASSED] - click(findTestObject("OCS-DESKTOP/Age gate and Mega menu/button_Verify")): Object: 'Object Repository/OCS-DESKTOP/Age gate and Mega menu/button_Verify' is clicked on

2019-07-03 22:59:01 - [MESSAGE][PASSED] - Object: 'Object Repository/OCS-DESKTOP/Age gate and Mega menu/button_Verify' is clicked on

2019-07-03 22:59:01 - [TEST_STEP][PASSED] - click(findTestObject("OCS-DESKTOP/Age gate and Mega menu/Checkbox_CONFIRM AND ACKNOWLEDGE")): Object: 'Object Repository/OCS-DESKTOP/Age gate and Mega menu/Checkbox_CONFIRM AND ACKNOWLEDGE' is clicked on

2019-07-03 22:59:01 - [MESSAGE][PASSED] - Object: 'Object Repository/OCS-DESKTOP/Age gate and Mega menu/Checkbox_CONFIRM AND ACKNOWLEDGE' is clicked on

2019-07-03 22:59:01 - [TEST_STEP][PASSED] - click(findTestObject("OCS-DESKTOP/Age gate and Mega menu/button_CONFIRM")): Object: 'Object Repository/OCS-DESKTOP/Age gate and Mega menu/button_CONFIRM' is clicked on

2019-07-03 22:59:01 - [MESSAGE][PASSED] - Object: 'Object Repository/OCS-DESKTOP/Age gate and Mega menu/button_CONFIRM' is clicked on

2019-07-03 22:59:01 - [TEST_STEP][PASSED] - click(findTestObject("OCS-DESKTOP/Age gate and Mega menu/button_Start Browsing")): Object: 'Object Repository/OCS-DESKTOP/Age gate and Mega menu/button_Start Browsing' is clicked on

2019-07-03 22:59:02 - [MESSAGE][PASSED] - Object: 'Object Repository/OCS-DESKTOP/Age gate and Mega menu/button_Start Browsing' is clicked on

2019-07-03 22:59:02 - [TEST_STEP][PASSED] - delay(2): Delayed 2 second(s)

2019-07-03 22:59:04 - [MESSAGE][PASSED] - Delayed 2 second(s)

2019-07-03 22:59:04 - [TEST_STEP][PASSED] - refresh(): Refresh successfully

2019-07-03 22:59:06 - [MESSAGE][PASSED] - Refresh successfully

2019-07-03 22:59:06 - [MESSAGE][PASSED] - Call Test Case 'Test Cases/OCS - DESKTOP/CALL- Age gate' successfully

2019-07-03 22:59:06 - [TEST_STEP][PASSED] - delay(2): Delayed 2 second(s)

2019-07-03 22:59:08 - [MESSAGE][PASSED] - Delayed 2 second(s)

2019-07-03 22:59:08 - [TEST_STEP][NOT_RUN] - click(findTestObject("OCS-MOBILE /Age gate and burger menu/Burger menu - English")): NOT_RUN: click(findTestObject("OCS-MOBILE /Age gate and burger menu/Burger menu - English"))

2019-07-03 22:59:08 - [MESSAGE][NOT_RUN] - NOT_RUN: click(findTestObject("OCS-MOBILE /Age gate and burger menu/Burger menu - English"))

2019-07-03 22:59:08 - [TEST_STEP][PASSED] - delay(2): Delayed 2 second(s)

2019-07-03 22:59:10 - [MESSAGE][PASSED] - Delayed 2 second(s)

2019-07-03 22:59:10 - [TEST_STEP][PASSED] - click(findTestObject("OCS-DESKTOP/Age gate and Mega menu/Chevron_Cannabis")): Object: 'Object Repository/OCS-DESKTOP/Age gate and Mega menu/Chevron_Cannabis' is clicked on

2019-07-03 22:59:10 - [MESSAGE][PASSED] - Object: 'Object Repository/OCS-DESKTOP/Age gate and Mega menu/Chevron_Cannabis' is clicked on

2019-07-03 22:59:10 - [TEST_STEP][PASSED] - delay(2): Delayed 2 second(s)

2019-07-03 22:59:12 - [MESSAGE][PASSED] - Delayed 2 second(s)

2019-07-03 22:59:12 - [TEST_STEP][NOT_RUN] - click(findTestObject("OCS-DESKTOP/Age gate and Mega menu/Dried Flower_Plus icon")): NOT_RUN: click(findTestObject("OCS-DESKTOP/Age gate and Mega menu/Dried Flower_Plus icon"))

2019-07-03 22:59:12 - [MESSAGE][NOT_RUN] - NOT_RUN: click(findTestObject("OCS-DESKTOP/Age gate and Mega menu/Dried Flower_Plus icon"))

2019-07-03 22:59:12 - [TEST_STEP][PASSED] - delay(2): Delayed 2 second(s)

2019-07-03 22:59:14 - [MESSAGE][PASSED] - Delayed 2 second(s)

2019-07-03 22:59:14 - [TEST_STEP][PASSED] - click(findTestObject("OCS-DESKTOP/Cannabis page/Dried flower - Indica dominant")): Object: 'Object Repository/OCS-DESKTOP/Cannabis page/Dried flower - Indica dominant' is clicked on

2019-07-03 22:59:21 - [MESSAGE][PASSED] - Object: 'Object Repository/OCS-DESKTOP/Cannabis page/Dried flower - Indica dominant' is clicked on

2019-07-03 22:59:21 - [TEST_STEP][PASSED] - delay(2): Delayed 2 second(s)

2019-07-03 22:59:23 - [MESSAGE][PASSED] - Delayed 2 second(s)

2019-07-03 22:59:23 - [TEST_STEP][PASSED] - click(findTestObject("OCS-DESKTOP/Collection page/sort option")): Object: 'Object Repository/OCS-DESKTOP/Collection page/sort option' is clicked on

2019-07-03 22:59:23 - [MESSAGE][PASSED] - Object: 'Object Repository/OCS-DESKTOP/Collection page/sort option' is clicked on

2019-07-03 22:59:23 - [TEST_STEP][PASSED] - delay(1): Delayed 1 second(s)

2019-07-03 22:59:24 - [MESSAGE][PASSED] - Delayed 1 second(s)

2019-07-03 22:59:24 - [TEST_STEP][PASSED] - executeJavaScript("var previewBar = document.getElementById("preview-bar-iframe"); previewBar.style.display = "none";", []): Execute JavaScript 'var previewBar = document.getElementById("preview-bar-iframe"); previewBar.style.display = "none";' successfully

2019-07-03 22:59:24 - [MESSAGE][PASSED] - Execute JavaScript 'var previewBar = document.getElementById("preview-bar-iframe"); previewBar.style.display = "none";' successfully

2019-07-03 22:59:24 - [TEST_STEP][PASSED] - click(findTestObject("OCS-DESKTOP/Collection page/Price Low to High")): Object: 'Object Repository/OCS-DESKTOP/Collection page/Price Low to High' is clicked on

2019-07-03 22:59:25 - [MESSAGE][PASSED] - Object: 'Object Repository/OCS-DESKTOP/Collection page/Price Low to High' is clicked on

2019-07-03 22:59:25 - [TEST_STEP][PASSED] - delay(1): Delayed 1 second(s)

2019-07-03 22:59:26 - [MESSAGE][PASSED] - Delayed 1 second(s)

2019-07-03 22:59:26 - [TEST_STEP][PASSED] - refresh(): Refresh successfully

2019-07-03 22:59:28 - [MESSAGE][PASSED] - Refresh successfully

2019-07-03 22:59:28 - [TEST_STEP][PASSED] - delay(1): Delayed 1 second(s)

2019-07-03 22:59:29 - [MESSAGE][PASSED] - Delayed 1 second(s)

2019-07-03 22:59:29 - [TEST_STEP][PASSED] - callTestCase(findTestCase("OCS - DESKTOP/OCS-COLLECTION PAGE/calling test case"), [:], STOP_ON_FAILURE): Call Test Case 'Test Cases/OCS - DESKTOP/OCS-COLLECTION PAGE/calling test case' successfully

2019-07-03 22:59:29 - [TEST_CASE][PASSED] - Test Cases/OCS - DESKTOP/OCS-COLLECTION PAGE/calling test case: Test Cases/OCS - DESKTOP/OCS-COLLECTION PAGE/calling test case

2019-07-03 22:59:30 - [TEST_STEP][NOT_RUN] - delay(2): NOT_RUN: delay(2)

2019-07-03 22:59:30 - [MESSAGE][NOT_RUN] - NOT_RUN: delay(2)

2019-07-03 22:59:30 - [TEST_STEP][NOT_RUN] - click(findTestObject("OCS-MOBILE /Age gate and burger menu/Burger menu - English")): NOT_RUN: click(findTestObject("OCS-MOBILE /Age gate and burger menu/Burger menu - English"))

2019-07-03 22:59:30 - [MESSAGE][NOT_RUN] - NOT_RUN: click(findTestObject("OCS-MOBILE /Age gate and burger menu/Burger menu - English"))

2019-07-03 22:59:30 - [TEST_STEP][NOT_RUN] - delay(2): NOT_RUN: delay(2)

2019-07-03 22:59:30 - [MESSAGE][NOT_RUN] - NOT_RUN: delay(2)

2019-07-03 22:59:30 - [TEST_STEP][NOT_RUN] - click(findTestObject("OCS-MOBILE /Cannabis page/Cannabis chevron")): NOT_RUN: click(findTestObject("OCS-MOBILE /Cannabis page/Cannabis chevron"))

2019-07-03 22:59:30 - [MESSAGE][NOT_RUN] - NOT_RUN: click(findTestObject("OCS-MOBILE /Cannabis page/Cannabis chevron"))

2019-07-03 22:59:30 - [TEST_STEP][NOT_RUN] - delay(2): NOT_RUN: delay(2)

2019-07-03 22:59:30 - [MESSAGE][NOT_RUN] - NOT_RUN: delay(2)

2019-07-03 22:59:30 - [TEST_STEP][NOT_RUN] - click(findTestObject("OCS-MOBILE /Cannabis page/Dried flower - plus accordian")): NOT_RUN: click(findTestObject("OCS-MOBILE /Cannabis page/Dried flower - plus accordian"))

2019-07-03 22:59:30 - [MESSAGE][NOT_RUN] - NOT_RUN: click(findTestObject("OCS-MOBILE /Cannabis page/Dried flower - plus accordian"))

2019-07-03 22:59:30 - [TEST_STEP][NOT_RUN] - delay(2): NOT_RUN: delay(2)

2019-07-03 22:59:30 - [MESSAGE][NOT_RUN] - NOT_RUN: delay(2)

2019-07-03 22:59:30 - [TEST_STEP][NOT_RUN] - click(findTestObject("OCS-MOBILE /Cannabis page/Dried flower - Indica dominant")): NOT_RUN: click(findTestObject("OCS-MOBILE /Cannabis page/Dried flower - Indica dominant"))

2019-07-03 22:59:30 - [MESSAGE][NOT_RUN] - NOT_RUN: click(findTestObject("OCS-MOBILE /Cannabis page/Dried flower - Indica dominant"))

2019-07-03 22:59:30 - [TEST_STEP][NOT_RUN] - delay(2): NOT_RUN: delay(2)

2019-07-03 22:59:30 - [MESSAGE][NOT_RUN] - NOT_RUN: delay(2)

2019-07-03 22:59:30 - [TEST_STEP][PASSED] - scrollToElement(findTestObject("OCS-DESKTOP/Collection page/scroll element"), 0): Scroll to object 'Object Repository/OCS-DESKTOP/Collection page/scroll element' successfully

2019-07-03 22:59:30 - [MESSAGE][WARNING] - Timeout '0' is invalid. Using default page load timeout: '30'

2019-07-03 22:59:30 - [MESSAGE][PASSED] - Scroll to object 'Object Repository/OCS-DESKTOP/Collection page/scroll element' successfully

2019-07-03 22:59:30 - [TEST_STEP][PASSED] - click(findTestObject("OCS-DESKTOP/Collection page/sort option")): Object: 'Object Repository/OCS-DESKTOP/Collection page/sort option' is clicked on

2019-07-03 22:59:30 - [MESSAGE][PASSED] - Object: 'Object Repository/OCS-DESKTOP/Collection page/sort option' is clicked on

2019-07-03 22:59:30 - [MESSAGE][PASSED] - Call Test Case 'Test Cases/OCS - DESKTOP/OCS-COLLECTION PAGE/calling test case' successfully

2019-07-03 22:59:30 - [TEST_STEP][NOT_RUN] - scrollToElement(findTestObject("OCS-MOBILE /Collection page/scroll element"), 0): NOT_RUN: scrollToElement(findTestObject("OCS-MOBILE /Collection page/scroll element"), 0)

2019-07-03 22:59:30 - [MESSAGE][NOT_RUN] - NOT_RUN: scrollToElement(findTestObject("OCS-MOBILE /Collection page/scroll element"), 0)

2019-07-03 22:59:30 - [TEST_STEP][PASSED] - delay(1): Delayed 1 second(s)

2019-07-03 22:59:31 - [MESSAGE][PASSED] - Delayed 1 second(s)

2019-07-03 22:59:31 - [TEST_STEP][NOT_RUN] - click(findTestObject("OCS-DESKTOP/Collection page/sort option")): NOT_RUN: click(findTestObject("OCS-DESKTOP/Collection page/sort option"))

2019-07-03 22:59:31 - [MESSAGE][NOT_RUN] - NOT_RUN: click(findTestObject("OCS-DESKTOP/Collection page/sort option"))

2019-07-03 22:59:31 - [TEST_STEP][PASSED] - executeJavaScript("var previewBar = document.getElementById("preview-bar-iframe"); previewBar.style.display = "none";", []): Execute JavaScript 'var previewBar = document.getElementById("preview-bar-iframe"); previewBar.style.display = "none";' successfully

2019-07-03 22:59:31 - [MESSAGE][PASSED] - Execute JavaScript 'var previewBar = document.getElementById("preview-bar-iframe"); previewBar.style.display = "none";' successfully

2019-07-03 22:59:31 - [TEST_STEP][PASSED] - delay(1): Delayed 1 second(s)

2019-07-03 22:59:32 - [MESSAGE][PASSED] - Delayed 1 second(s)

2019-07-03 22:59:32 - [TEST_STEP][PASSED] - click(findTestObject("OCS-DESKTOP/Collection page/Price High to Low")): Object: 'Object Repository/OCS-DESKTOP/Collection page/Price High to Low' is clicked on

2019-07-03 22:59:32 - [MESSAGE][PASSED] - Object: 'Object Repository/OCS-DESKTOP/Collection page/Price High to Low' is clicked on

2019-07-03 22:59:32 - [TEST_STEP][PASSED] - delay(1): Delayed 1 second(s)

2019-07-03 22:59:33 - [MESSAGE][PASSED] - Delayed 1 second(s)

2019-07-03 22:59:33 - [TEST_STEP][PASSED] - refresh(): Refresh successfully

2019-07-03 22:59:36 - [MESSAGE][PASSED] - Refresh successfully

2019-07-03 22:59:36 - [TEST_STEP][PASSED] - callTestCase(findTestCase("OCS - DESKTOP/OCS-COLLECTION PAGE/calling test case"), [:], STOP_ON_FAILURE): Call Test Case 'Test Cases/OCS - DESKTOP/OCS-COLLECTION PAGE/calling test case' successfully

2019-07-03 22:59:36 - [TEST_CASE][PASSED] - Test Cases/OCS - DESKTOP/OCS-COLLECTION PAGE/calling test case: Test Cases/OCS - DESKTOP/OCS-COLLECTION PAGE/calling test case

2019-07-03 22:59:36 - [TEST_STEP][NOT_RUN] - delay(2): NOT_RUN: delay(2)

2019-07-03 22:59:36 - [MESSAGE][NOT_RUN] - NOT_RUN: delay(2)

2019-07-03 22:59:36 - [TEST_STEP][NOT_RUN] - click(findTestObject("OCS-MOBILE /Age gate and burger menu/Burger menu - English")): NOT_RUN: click(findTestObject("OCS-MOBILE /Age gate and burger menu/Burger menu - English"))

2019-07-03 22:59:36 - [MESSAGE][NOT_RUN] - NOT_RUN: click(findTestObject("OCS-MOBILE /Age gate and burger menu/Burger menu - English"))

2019-07-03 22:59:36 - [TEST_STEP][NOT_RUN] - delay(2): NOT_RUN: delay(2)

2019-07-03 22:59:36 - [MESSAGE][NOT_RUN] - NOT_RUN: delay(2)

2019-07-03 22:59:36 - [TEST_STEP][NOT_RUN] - click(findTestObject("OCS-MOBILE /Cannabis page/Cannabis chevron")): NOT_RUN: click(findTestObject("OCS-MOBILE /Cannabis page/Cannabis chevron"))

2019-07-03 22:59:36 - [MESSAGE][NOT_RUN] - NOT_RUN: click(findTestObject("OCS-MOBILE /Cannabis page/Cannabis chevron"))

2019-07-03 22:59:36 - [TEST_STEP][NOT_RUN] - delay(2): NOT_RUN: delay(2)

2019-07-03 22:59:36 - [MESSAGE][NOT_RUN] - NOT_RUN: delay(2)

2019-07-03 22:59:36 - [TEST_STEP][NOT_RUN] - click(findTestObject("OCS-MOBILE /Cannabis page/Dried flower - plus accordian")): NOT_RUN: click(findTestObject("OCS-MOBILE /Cannabis page/Dried flower - plus accordian"))

2019-07-03 22:59:36 - [MESSAGE][NOT_RUN] - NOT_RUN: click(findTestObject("OCS-MOBILE /Cannabis page/Dried flower - plus accordian"))

2019-07-03 22:59:36 - [TEST_STEP][NOT_RUN] - delay(2): NOT_RUN: delay(2)

2019-07-03 22:59:36 - [MESSAGE][NOT_RUN] - NOT_RUN: delay(2)

2019-07-03 22:59:36 - [TEST_STEP][NOT_RUN] - click(findTestObject("OCS-MOBILE /Cannabis page/Dried flower - Indica dominant")): NOT_RUN: click(findTestObject("OCS-MOBILE /Cannabis page/Dried flower - Indica dominant"))

2019-07-03 22:59:36 - [MESSAGE][NOT_RUN] - NOT_RUN: click(findTestObject("OCS-MOBILE /Cannabis page/Dried flower - Indica dominant"))

2019-07-03 22:59:36 - [TEST_STEP][NOT_RUN] - delay(2): NOT_RUN: delay(2)

2019-07-03 22:59:36 - [MESSAGE][NOT_RUN] - NOT_RUN: delay(2)

2019-07-03 22:59:36 - [TEST_STEP][PASSED] - scrollToElement(findTestObject("OCS-DESKTOP/Collection page/scroll element"), 0): Scroll to object 'Object Repository/OCS-DESKTOP/Collection page/scroll element' successfully

2019-07-03 22:59:36 - [MESSAGE][WARNING] - Timeout '0' is invalid. Using default page load timeout: '30'

2019-07-03 22:59:36 - [MESSAGE][PASSED] - Scroll to object 'Object Repository/OCS-DESKTOP/Collection page/scroll element' successfully

2019-07-03 22:59:36 - [TEST_STEP][PASSED] - click(findTestObject("OCS-DESKTOP/Collection page/sort option")): Object: 'Object Repository/OCS-DESKTOP/Collection page/sort option' is clicked on

2019-07-03 22:59:36 - [MESSAGE][PASSED] - Object: 'Object Repository/OCS-DESKTOP/Collection page/sort option' is clicked on

2019-07-03 22:59:36 - [MESSAGE][PASSED] - Call Test Case 'Test Cases/OCS - DESKTOP/OCS-COLLECTION PAGE/calling test case' successfully

2019-07-03 22:59:36 - [TEST_STEP][NOT_RUN] - click(findTestObject("OCS-DESKTOP/Collection page/sort option")): NOT_RUN: click(findTestObject("OCS-DESKTOP/Collection page/sort option"))

2019-07-03 22:59:36 - [MESSAGE][NOT_RUN] - NOT_RUN: click(findTestObject("OCS-DESKTOP/Collection page/sort option"))

2019-07-03 22:59:36 - [TEST_STEP][PASSED] - delay(1): Delayed 1 second(s)

2019-07-03 22:59:37 - [MESSAGE][PASSED] - Delayed 1 second(s)

2019-07-03 22:59:37 - [TEST_STEP][PASSED] - click(findTestObject("OCS-DESKTOP/Collection page/Alphabetically A - Z")): Object: 'Object Repository/OCS-DESKTOP/Collection page/Alphabetically A - Z' is clicked on

2019-07-03 22:59:38 - [MESSAGE][PASSED] - Object: 'Object Repository/OCS-DESKTOP/Collection page/Alphabetically A - Z' is clicked on

2019-07-03 22:59:38 - [TEST_STEP][PASSED] - delay(1): Delayed 1 second(s)

2019-07-03 22:59:39 - [MESSAGE][PASSED] - Delayed 1 second(s)

2019-07-03 22:59:39 - [TEST_STEP][PASSED] - refresh(): Refresh successfully

2019-07-03 22:59:42 - [MESSAGE][PASSED] - Refresh successfully

2019-07-03 22:59:42 - [TEST_STEP][PASSED] - callTestCase(findTestCase("OCS - DESKTOP/OCS-COLLECTION PAGE/calling test case"), [:], STOP_ON_FAILURE): Call Test Case 'Test Cases/OCS - DESKTOP/OCS-COLLECTION PAGE/calling test case' successfully

2019-07-03 22:59:42 - [TEST_CASE][PASSED] - Test Cases/OCS - DESKTOP/OCS-COLLECTION PAGE/calling test case: Test Cases/OCS - DESKTOP/OCS-COLLECTION PAGE/calling test case

2019-07-03 22:59:42 - [TEST_STEP][NOT_RUN] - delay(2): NOT_RUN: delay(2)

2019-07-03 22:59:42 - [MESSAGE][NOT_RUN] - NOT_RUN: delay(2)

2019-07-03 22:59:42 - [TEST_STEP][NOT_RUN] - click(findTestObject("OCS-MOBILE /Age gate and burger menu/Burger menu - English")): NOT_RUN: click(findTestObject("OCS-MOBILE /Age gate and burger menu/Burger menu - English"))

2019-07-03 22:59:42 - [MESSAGE][NOT_RUN] - NOT_RUN: click(findTestObject("OCS-MOBILE /Age gate and burger menu/Burger menu - English"))

2019-07-03 22:59:42 - [TEST_STEP][NOT_RUN] - delay(2): NOT_RUN: delay(2)

2019-07-03 22:59:42 - [MESSAGE][NOT_RUN] - NOT_RUN: delay(2)

2019-07-03 22:59:42 - [TEST_STEP][NOT_RUN] - click(findTestObject("OCS-MOBILE /Cannabis page/Cannabis chevron")): NOT_RUN: click(findTestObject("OCS-MOBILE /Cannabis page/Cannabis chevron"))

2019-07-03 22:59:42 - [MESSAGE][NOT_RUN] - NOT_RUN: click(findTestObject("OCS-MOBILE /Cannabis page/Cannabis chevron"))

2019-07-03 22:59:42 - [TEST_STEP][NOT_RUN] - delay(2): NOT_RUN: delay(2)

2019-07-03 22:59:42 - [MESSAGE][NOT_RUN] - NOT_RUN: delay(2)

2019-07-03 22:59:42 - [TEST_STEP][NOT_RUN] - click(findTestObject("OCS-MOBILE /Cannabis page/Dried flower - plus accordian")): NOT_RUN: click(findTestObject("OCS-MOBILE /Cannabis page/Dried flower - plus accordian"))

2019-07-03 22:59:42 - [MESSAGE][NOT_RUN] - NOT_RUN: click(findTestObject("OCS-MOBILE /Cannabis page/Dried flower - plus accordian"))

2019-07-03 22:59:42 - [TEST_STEP][NOT_RUN] - delay(2): NOT_RUN: delay(2)

2019-07-03 22:59:42 - [MESSAGE][NOT_RUN] - NOT_RUN: delay(2)

2019-07-03 22:59:42 - [TEST_STEP][NOT_RUN] - click(findTestObject("OCS-MOBILE /Cannabis page/Dried flower - Indica dominant")): NOT_RUN: click(findTestObject("OCS-MOBILE /Cannabis page/Dried flower - Indica dominant"))

2019-07-03 22:59:42 - [MESSAGE][NOT_RUN] - NOT_RUN: click(findTestObject("OCS-MOBILE /Cannabis page/Dried flower - Indica dominant"))

2019-07-03 22:59:42 - [TEST_STEP][NOT_RUN] - delay(2): NOT_RUN: delay(2)

2019-07-03 22:59:42 - [MESSAGE][NOT_RUN] - NOT_RUN: delay(2)

2019-07-03 22:59:42 - [TEST_STEP][PASSED] - scrollToElement(findTestObject("OCS-DESKTOP/Collection page/scroll element"), 0): Scroll to object 'Object Repository/OCS-DESKTOP/Collection page/scroll element' successfully

2019-07-03 22:59:42 - [MESSAGE][WARNING] - Timeout '0' is invalid. Using default page load timeout: '30'

2019-07-03 22:59:42 - [MESSAGE][PASSED] - Scroll to object 'Object Repository/OCS-DESKTOP/Collection page/scroll element' successfully

2019-07-03 22:59:42 - [TEST_STEP][PASSED] - click(findTestObject("OCS-DESKTOP/Collection page/sort option")): Object: 'Object Repository/OCS-DESKTOP/Collection page/sort option' is clicked on

2019-07-03 22:59:42 - [MESSAGE][PASSED] - Object: 'Object Repository/OCS-DESKTOP/Collection page/sort option' is clicked on

2019-07-03 22:59:42 - [MESSAGE][PASSED] - Call Test Case 'Test Cases/OCS - DESKTOP/OCS-COLLECTION PAGE/calling test case' successfully

2019-07-03 22:59:42 - [TEST_STEP][NOT_RUN] - click(findTestObject("OCS-DESKTOP/Collection page/sort option")): NOT_RUN: click(findTestObject("OCS-DESKTOP/Collection page/sort option"))

2019-07-03 22:59:42 - [MESSAGE][NOT_RUN] - NOT_RUN: click(findTestObject("OCS-DESKTOP/Collection page/sort option"))

2019-07-03 22:59:42 - [TEST_STEP][PASSED] - delay(1): Delayed 1 second(s)

2019-07-03 22:59:43 - [MESSAGE][PASSED] - Delayed 1 second(s)

2019-07-03 22:59:43 - [TEST_STEP][PASSED] - executeJavaScript("var previewBar = document.getElementById("preview-bar-iframe"); previewBar.style.display = "none";", []): Execute JavaScript 'var previewBar = document.getElementById("preview-bar-iframe"); previewBar.style.display = "none";' successfully

2019-07-03 22:59:43 - [MESSAGE][PASSED] - Execute JavaScript 'var previewBar = document.getElementById("preview-bar-iframe"); previewBar.style.display = "none";' successfully

2019-07-03 22:59:43 - [TEST_STEP][PASSED] - click(findTestObject("OCS-DESKTOP/Collection page/Alphabetically Z - A")): Object: 'Object Repository/OCS-DESKTOP/Collection page/Alphabetically Z - A' is clicked on

2019-07-03 22:59:43 - [MESSAGE][PASSED] - Object: 'Object Repository/OCS-DESKTOP/Collection page/Alphabetically Z - A' is clicked on

2019-07-03 22:59:43 - [TEST_STEP][PASSED] - delay(1): Delayed 1 second(s)

2019-07-03 22:59:44 - [MESSAGE][PASSED] - Delayed 1 second(s)

2019-07-03 22:59:44 - [TEST_STEP][PASSED] - refresh(): Refresh successfully

2019-07-03 22:59:47 - [MESSAGE][PASSED] - Refresh successfully

2019-07-03 22:59:47 - [TEST_STEP][PASSED] - callTestCase(findTestCase("OCS - DESKTOP/OCS-COLLECTION PAGE/calling test case"), [:], STOP_ON_FAILURE): Call Test Case 'Test Cases/OCS - DESKTOP/OCS-COLLECTION PAGE/calling test case' successfully

2019-07-03 22:59:47 - [TEST_CASE][PASSED] - Test Cases/OCS - DESKTOP/OCS-COLLECTION PAGE/calling test case: Test Cases/OCS - DESKTOP/OCS-COLLECTION PAGE/calling test case

2019-07-03 22:59:47 - [TEST_STEP][NOT_RUN] - delay(2): NOT_RUN: delay(2)

2019-07-03 22:59:47 - [MESSAGE][NOT_RUN] - NOT_RUN: delay(2)

2019-07-03 22:59:47 - [TEST_STEP][NOT_RUN] - click(findTestObject("OCS-MOBILE /Age gate and burger menu/Burger menu - English")): NOT_RUN: click(findTestObject("OCS-MOBILE /Age gate and burger menu/Burger menu - English"))

2019-07-03 22:59:47 - [MESSAGE][NOT_RUN] - NOT_RUN: click(findTestObject("OCS-MOBILE /Age gate and burger menu/Burger menu - English"))

2019-07-03 22:59:47 - [TEST_STEP][NOT_RUN] - delay(2): NOT_RUN: delay(2)

2019-07-03 22:59:47 - [MESSAGE][NOT_RUN] - NOT_RUN: delay(2)

2019-07-03 22:59:47 - [TEST_STEP][NOT_RUN] - click(findTestObject("OCS-MOBILE /Cannabis page/Cannabis chevron")): NOT_RUN: click(findTestObject("OCS-MOBILE /Cannabis page/Cannabis chevron"))

2019-07-03 22:59:47 - [MESSAGE][NOT_RUN] - NOT_RUN: click(findTestObject("OCS-MOBILE /Cannabis page/Cannabis chevron"))

2019-07-03 22:59:47 - [TEST_STEP][NOT_RUN] - delay(2): NOT_RUN: delay(2)

2019-07-03 22:59:47 - [MESSAGE][NOT_RUN] - NOT_RUN: delay(2)

2019-07-03 22:59:47 - [TEST_STEP][NOT_RUN] - click(findTestObject("OCS-MOBILE /Cannabis page/Dried flower - plus accordian")): NOT_RUN: click(findTestObject("OCS-MOBILE /Cannabis page/Dried flower - plus accordian"))

2019-07-03 22:59:47 - [MESSAGE][NOT_RUN] - NOT_RUN: click(findTestObject("OCS-MOBILE /Cannabis page/Dried flower - plus accordian"))

2019-07-03 22:59:47 - [TEST_STEP][NOT_RUN] - delay(2): NOT_RUN: delay(2)

2019-07-03 22:59:47 - [MESSAGE][NOT_RUN] - NOT_RUN: delay(2)

2019-07-03 22:59:47 - [TEST_STEP][NOT_RUN] - click(findTestObject("OCS-MOBILE /Cannabis page/Dried flower - Indica dominant")): NOT_RUN: click(findTestObject("OCS-MOBILE /Cannabis page/Dried flower - Indica dominant"))

2019-07-03 22:59:47 - [MESSAGE][NOT_RUN] - NOT_RUN: click(findTestObject("OCS-MOBILE /Cannabis page/Dried flower - Indica dominant"))

2019-07-03 22:59:47 - [TEST_STEP][NOT_RUN] - delay(2): NOT_RUN: delay(2)

2019-07-03 22:59:47 - [MESSAGE][NOT_RUN] - NOT_RUN: delay(2)

2019-07-03 22:59:47 - [TEST_STEP][PASSED] - scrollToElement(findTestObject("OCS-DESKTOP/Collection page/scroll element"), 0): Scroll to object 'Object Repository/OCS-DESKTOP/Collection page/scroll element' successfully

2019-07-03 22:59:47 - [MESSAGE][WARNING] - Timeout '0' is invalid. Using default page load timeout: '30'

2019-07-03 22:59:47 - [MESSAGE][PASSED] - Scroll to object 'Object Repository/OCS-DESKTOP/Collection page/scroll element' successfully

2019-07-03 22:59:47 - [TEST_STEP][PASSED] - click(findTestObject("OCS-DESKTOP/Collection page/sort option")): Object: 'Object Repository/OCS-DESKTOP/Collection page/sort option' is clicked on

2019-07-03 22:59:47 - [MESSAGE][PASSED] - Object: 'Object Repository/OCS-DESKTOP/Collection page/sort option' is clicked on

2019-07-03 22:59:47 - [MESSAGE][PASSED] - Call Test Case 'Test Cases/OCS - DESKTOP/OCS-COLLECTION PAGE/calling test case' successfully

2019-07-03 22:59:47 - [TEST_STEP][NOT_RUN] - click(findTestObject("OCS-DESKTOP/Collection page/sort option")): NOT_RUN: click(findTestObject("OCS-DESKTOP/Collection page/sort option"))

2019-07-03 22:59:47 - [MESSAGE][NOT_RUN] - NOT_RUN: click(findTestObject("OCS-DESKTOP/Collection page/sort option"))

2019-07-03 22:59:47 - [TEST_STEP][PASSED] - delay(1): Delayed 1 second(s)

2019-07-03 22:59:48 - [MESSAGE][PASSED] - Delayed 1 second(s)

2019-07-03 22:59:48 - [TEST_STEP][PASSED] - executeJavaScript("var previewBar = document.getElementById("preview-bar-iframe"); previewBar.style.display = "none";", []): Execute JavaScript 'var previewBar = document.getElementById("preview-bar-iframe"); previewBar.style.display = "none";' successfully

2019-07-03 22:59:48 - [MESSAGE][PASSED] - Execute JavaScript 'var previewBar = document.getElementById("preview-bar-iframe"); previewBar.style.display = "none";' successfully

2019-07-03 22:59:48 - [TEST_STEP][PASSED] - click(findTestObject("OCS-DESKTOP/Collection page/CBD Low to High")): Object: 'Object Repository/OCS-DESKTOP/Collection page/CBD Low to High' is clicked on

2019-07-03 22:59:49 - [MESSAGE][PASSED] - Object: 'Object Repository/OCS-DESKTOP/Collection page/CBD Low to High' is clicked on

2019-07-03 22:59:49 - [TEST_STEP][PASSED] - delay(1): Delayed 1 second(s)

2019-07-03 22:59:50 - [MESSAGE][PASSED] - Delayed 1 second(s)

2019-07-03 22:59:50 - [TEST_STEP][PASSED] - refresh(): Refresh successfully

2019-07-03 22:59:53 - [MESSAGE][PASSED] - Refresh successfully

2019-07-03 22:59:53 - [TEST_STEP][PASSED] - callTestCase(findTestCase("OCS - DESKTOP/OCS-COLLECTION PAGE/calling test case"), [:], STOP_ON_FAILURE): Call Test Case 'Test Cases/OCS - DESKTOP/OCS-COLLECTION PAGE/calling test case' successfully

2019-07-03 22:59:53 - [TEST_CASE][PASSED] - Test Cases/OCS - DESKTOP/OCS-COLLECTION PAGE/calling test case: Test Cases/OCS - DESKTOP/OCS-COLLECTION PAGE/calling test case

2019-07-03 22:59:53 - [TEST_STEP][NOT_RUN] - delay(2): NOT_RUN: delay(2)

2019-07-03 22:59:53 - [MESSAGE][NOT_RUN] - NOT_RUN: delay(2)

2019-07-03 22:59:53 - [TEST_STEP][NOT_RUN] - click(findTestObject("OCS-MOBILE /Age gate and burger menu/Burger menu - English")): NOT_RUN: click(findTestObject("OCS-MOBILE /Age gate and burger menu/Burger menu - English"))

2019-07-03 22:59:53 - [MESSAGE][NOT_RUN] - NOT_RUN: click(findTestObject("OCS-MOBILE /Age gate and burger menu/Burger menu - English"))

2019-07-03 22:59:53 - [TEST_STEP][NOT_RUN] - delay(2): NOT_RUN: delay(2)

2019-07-03 22:59:53 - [MESSAGE][NOT_RUN] - NOT_RUN: delay(2)

2019-07-03 22:59:53 - [TEST_STEP][NOT_RUN] - click(findTestObject("OCS-MOBILE /Cannabis page/Cannabis chevron")): NOT_RUN: click(findTestObject("OCS-MOBILE /Cannabis page/Cannabis chevron"))

2019-07-03 22:59:53 - [MESSAGE][NOT_RUN] - NOT_RUN: click(findTestObject("OCS-MOBILE /Cannabis page/Cannabis chevron"))

2019-07-03 22:59:53 - [TEST_STEP][NOT_RUN] - delay(2): NOT_RUN: delay(2)

2019-07-03 22:59:53 - [MESSAGE][NOT_RUN] - NOT_RUN: delay(2)

2019-07-03 22:59:53 - [TEST_STEP][NOT_RUN] - click(findTestObject("OCS-MOBILE /Cannabis page/Dried flower - plus accordian")): NOT_RUN: click(findTestObject("OCS-MOBILE /Cannabis page/Dried flower - plus accordian"))

2019-07-03 22:59:53 - [MESSAGE][NOT_RUN] - NOT_RUN: click(findTestObject("OCS-MOBILE /Cannabis page/Dried flower - plus accordian"))

2019-07-03 22:59:53 - [TEST_STEP][NOT_RUN] - delay(2): NOT_RUN: delay(2)

2019-07-03 22:59:53 - [MESSAGE][NOT_RUN] - NOT_RUN: delay(2)

2019-07-03 22:59:53 - [TEST_STEP][NOT_RUN] - click(findTestObject("OCS-MOBILE /Cannabis page/Dried flower - Indica dominant")): NOT_RUN: click(findTestObject("OCS-MOBILE /Cannabis page/Dried flower - Indica dominant"))

2019-07-03 22:59:53 - [MESSAGE][NOT_RUN] - NOT_RUN: click(findTestObject("OCS-MOBILE /Cannabis page/Dried flower - Indica dominant"))

2019-07-03 22:59:53 - [TEST_STEP][NOT_RUN] - delay(2): NOT_RUN: delay(2)

2019-07-03 22:59:53 - [MESSAGE][NOT_RUN] - NOT_RUN: delay(2)

2019-07-03 22:59:53 - [TEST_STEP][PASSED] - scrollToElement(findTestObject("OCS-DESKTOP/Collection page/scroll element"), 0): Scroll to object 'Object Repository/OCS-DESKTOP/Collection page/scroll element' successfully

2019-07-03 22:59:53 - [MESSAGE][WARNING] - Timeout '0' is invalid. Using default page load timeout: '30'

2019-07-03 22:59:53 - [MESSAGE][PASSED] - Scroll to object 'Object Repository/OCS-DESKTOP/Collection page/scroll element' successfully

2019-07-03 22:59:53 - [TEST_STEP][PASSED] - click(findTestObject("OCS-DESKTOP/Collection page/sort option")): Object: 'Object Repository/OCS-DESKTOP/Collection page/sort option' is clicked on

2019-07-03 22:59:53 - [MESSAGE][PASSED] - Object: 'Object Repository/OCS-DESKTOP/Collection page/sort option' is clicked on

2019-07-03 22:59:53 - [MESSAGE][PASSED] - Call Test Case 'Test Cases/OCS - DESKTOP/OCS-COLLECTION PAGE/calling test case' successfully

2019-07-03 22:59:53 - [TEST_STEP][NOT_RUN] - click(findTestObject("OCS-DESKTOP/Collection page/sort option")): NOT_RUN: click(findTestObject("OCS-DESKTOP/Collection page/sort option"))

2019-07-03 22:59:53 - [MESSAGE][NOT_RUN] - NOT_RUN: click(findTestObject("OCS-DESKTOP/Collection page/sort option"))

2019-07-03 22:59:53 - [TEST_STEP][PASSED] - delay(1): Delayed 1 second(s)

2019-07-03 22:59:54 - [MESSAGE][PASSED] - Delayed 1 second(s)

2019-07-03 22:59:54 - [TEST_STEP][PASSED] - delay(1, OPTIONAL): Delayed 1 second(s)

2019-07-03 22:59:55 - [MESSAGE][PASSED] - Delayed 1 second(s)

2019-07-03 22:59:55 - [TEST_STEP][PASSED] - executeJavaScript("var previewBar = document.getElementById("preview-bar-iframe"); previewBar.style.display = "none";", []): Execute JavaScript 'var previewBar = document.getElementById("preview-bar-iframe"); previewBar.style.display = "none";' successfully

2019-07-03 22:59:55 - [MESSAGE][PASSED] - Execute JavaScript 'var previewBar = document.getElementById("preview-bar-iframe"); previewBar.style.display = "none";' successfully

2019-07-03 22:59:55 - [TEST_STEP][PASSED] - click(findTestObject("OCS-DESKTOP/Collection page/CBD High to Low")): Object: 'Object Repository/OCS-DESKTOP/Collection page/CBD High to Low' is clicked on

2019-07-03 22:59:55 - [MESSAGE][PASSED] - Object: 'Object Repository/OCS-DESKTOP/Collection page/CBD High to Low' is clicked on

2019-07-03 22:59:55 - [TEST_STEP][PASSED] - delay(1): Delayed 1 second(s)

2019-07-03 22:59:56 - [MESSAGE][PASSED] - Delayed 1 second(s)

2019-07-03 22:59:56 - [TEST_STEP][PASSED] - refresh(): Refresh successfully

2019-07-03 22:59:59 - [MESSAGE][PASSED] - Refresh successfully]]></system-out>
         <system-err><![CDATA[]]></system-err>
      </testcase>
      <testcase name="Test Cases/OCS - DESKTOP/OCS-COLLECTION PAGE/Chevron dropdown" classname="Test Cases/OCS - DESKTOP/OCS-COLLECTION PAGE/Chevron dropdown" status="PASSED">
         <system-out><![CDATA[2019-07-03 22:59:59 - [TEST_CASE][PASSED] - Test Cases/OCS - DESKTOP/OCS-COLLECTION PAGE/Chevron dropdown: Test Cases/OCS - DESKTOP/OCS-COLLECTION PAGE/Chevron dropdown

2019-07-03 22:59:59 - [TEST_STEP][PASSED] - callTestCase(findTestCase("OCS - DESKTOP/CALL- Age gate"), [:], STOP_ON_FAILURE): Call Test Case 'Test Cases/OCS - DESKTOP/CALL- Age gate' successfully

2019-07-03 22:59:59 - [TEST_CASE][PASSED] - Test Cases/OCS - DESKTOP/CALL- Age gate: Test Cases/OCS - DESKTOP/CALL- Age gate

2019-07-03 22:59:59 - [TEST_STEP][PASSED] - openBrowser(""): Browser is opened with url: ''

2019-07-03 22:59:59 - [MESSAGE][WARNING] - A browser is already opened. Closing browser and opening a new one

2019-07-03 23:00:00 - [MESSAGE][INFO] - Starting 'Firefox' driver

2019-07-03 23:00:02 - [MESSAGE][PASSED] - Browser is opened with url: ''

2019-07-03 23:00:02 - [TEST_STEP][PASSED] - navigateToUrl("https://ocs.ca/?fts=0&preview_theme_id=74203891532"): Navigate to 'https://ocs.ca/?fts=0&preview_theme_id=74203891532' successfully

2019-07-03 23:00:09 - [MESSAGE][PASSED] - Navigate to 'https://ocs.ca/?fts=0&preview_theme_id=74203891532' successfully

2019-07-03 23:00:09 - [TEST_STEP][PASSED] - maximizeWindow(): Current window maximized

2019-07-03 23:00:09 - [MESSAGE][PASSED] - Current window maximized

2019-07-03 23:00:09 - [TEST_STEP][PASSED] - delay(2): Delayed 2 second(s)

2019-07-03 23:00:11 - [MESSAGE][PASSED] - Delayed 2 second(s)

2019-07-03 23:00:11 - [TEST_STEP][PASSED] - executeJavaScript("var previewBar = document.getElementById("preview-bar-iframe"); previewBar.style.display = "none";", []): Execute JavaScript 'var previewBar = document.getElementById("preview-bar-iframe"); previewBar.style.display = "none";' successfully

2019-07-03 23:00:11 - [MESSAGE][PASSED] - Execute JavaScript 'var previewBar = document.getElementById("preview-bar-iframe"); previewBar.style.display = "none";' successfully

2019-07-03 23:00:11 - [TEST_STEP][PASSED] - selectOptionByValue(findTestObject("OCS-DESKTOP/Age gate and Mega menu/Date"), "12", true): All options with value '12' are selected in object 'Object Repository/OCS-DESKTOP/Age gate and Mega menu/Date'  using regular expression

2019-07-03 23:00:12 - [MESSAGE][PASSED] - All options with value '12' are selected in object 'Object Repository/OCS-DESKTOP/Age gate and Mega menu/Date'  using regular expression

2019-07-03 23:00:12 - [TEST_STEP][PASSED] - selectOptionByValue(findTestObject("OCS-DESKTOP/Age gate and Mega menu/month"), "6", true): All options with value '6' are selected in object 'Object Repository/OCS-DESKTOP/Age gate and Mega menu/month'  using regular expression

2019-07-03 23:00:12 - [MESSAGE][PASSED] - All options with value '6' are selected in object 'Object Repository/OCS-DESKTOP/Age gate and Mega menu/month'  using regular expression

2019-07-03 23:00:12 - [TEST_STEP][PASSED] - delay(2): Delayed 2 second(s)

2019-07-03 23:00:14 - [MESSAGE][PASSED] - Delayed 2 second(s)

2019-07-03 23:00:14 - [TEST_STEP][PASSED] - selectOptionByValue(findTestObject("OCS-DESKTOP/Age gate and Mega menu/Year Dropdown"), "1990", true): All options with value '1990' are selected in object 'Object Repository/OCS-DESKTOP/Age gate and Mega menu/Year Dropdown'  using regular expression

2019-07-03 23:00:16 - [MESSAGE][PASSED] - All options with value '1990' are selected in object 'Object Repository/OCS-DESKTOP/Age gate and Mega menu/Year Dropdown'  using regular expression

2019-07-03 23:00:16 - [TEST_STEP][PASSED] - click(findTestObject("OCS-DESKTOP/Age gate and Mega menu/button_Verify")): Object: 'Object Repository/OCS-DESKTOP/Age gate and Mega menu/button_Verify' is clicked on

2019-07-03 23:00:16 - [MESSAGE][PASSED] - Object: 'Object Repository/OCS-DESKTOP/Age gate and Mega menu/button_Verify' is clicked on

2019-07-03 23:00:16 - [TEST_STEP][PASSED] - click(findTestObject("OCS-DESKTOP/Age gate and Mega menu/Checkbox_CONFIRM AND ACKNOWLEDGE")): Object: 'Object Repository/OCS-DESKTOP/Age gate and Mega menu/Checkbox_CONFIRM AND ACKNOWLEDGE' is clicked on

2019-07-03 23:00:16 - [MESSAGE][PASSED] - Object: 'Object Repository/OCS-DESKTOP/Age gate and Mega menu/Checkbox_CONFIRM AND ACKNOWLEDGE' is clicked on

2019-07-03 23:00:16 - [TEST_STEP][PASSED] - click(findTestObject("OCS-DESKTOP/Age gate and Mega menu/button_CONFIRM")): Object: 'Object Repository/OCS-DESKTOP/Age gate and Mega menu/button_CONFIRM' is clicked on

2019-07-03 23:00:16 - [MESSAGE][PASSED] - Object: 'Object Repository/OCS-DESKTOP/Age gate and Mega menu/button_CONFIRM' is clicked on

2019-07-03 23:00:16 - [TEST_STEP][PASSED] - click(findTestObject("OCS-DESKTOP/Age gate and Mega menu/button_Start Browsing")): Object: 'Object Repository/OCS-DESKTOP/Age gate and Mega menu/button_Start Browsing' is clicked on

2019-07-03 23:00:17 - [MESSAGE][PASSED] - Object: 'Object Repository/OCS-DESKTOP/Age gate and Mega menu/button_Start Browsing' is clicked on

2019-07-03 23:00:17 - [TEST_STEP][PASSED] - delay(2): Delayed 2 second(s)

2019-07-03 23:00:19 - [MESSAGE][PASSED] - Delayed 2 second(s)

2019-07-03 23:00:19 - [TEST_STEP][PASSED] - refresh(): Refresh successfully

2019-07-03 23:00:24 - [MESSAGE][PASSED] - Refresh successfully

2019-07-03 23:00:24 - [MESSAGE][PASSED] - Call Test Case 'Test Cases/OCS - DESKTOP/CALL- Age gate' successfully

2019-07-03 23:00:24 - [TEST_STEP][PASSED] - delay(2): Delayed 2 second(s)

2019-07-03 23:00:26 - [MESSAGE][PASSED] - Delayed 2 second(s)

2019-07-03 23:00:26 - [TEST_STEP][PASSED] - click(findTestObject("OCS-DESKTOP/Age gate and Mega menu/Chevron_Cannabis")): Object: 'Object Repository/OCS-DESKTOP/Age gate and Mega menu/Chevron_Cannabis' is clicked on

2019-07-03 23:00:26 - [MESSAGE][PASSED] - Object: 'Object Repository/OCS-DESKTOP/Age gate and Mega menu/Chevron_Cannabis' is clicked on

2019-07-03 23:00:26 - [TEST_STEP][PASSED] - delay(2): Delayed 2 second(s)

2019-07-03 23:00:28 - [MESSAGE][PASSED] - Delayed 2 second(s)

2019-07-03 23:00:28 - [TEST_STEP][NOT_RUN] - click(findTestObject("OCS-MOBILE /Cannabis page/Cannabis chevron")): NOT_RUN: click(findTestObject("OCS-MOBILE /Cannabis page/Cannabis chevron"))

2019-07-03 23:00:28 - [MESSAGE][NOT_RUN] - NOT_RUN: click(findTestObject("OCS-MOBILE /Cannabis page/Cannabis chevron"))

2019-07-03 23:00:28 - [TEST_STEP][PASSED] - delay(2): Delayed 2 second(s)

2019-07-03 23:00:30 - [MESSAGE][PASSED] - Delayed 2 second(s)

2019-07-03 23:00:30 - [TEST_STEP][PASSED] - click(findTestObject("OCS-DESKTOP/Cannabis page/Dried flower")): Object: 'Object Repository/OCS-DESKTOP/Cannabis page/Dried flower' is clicked on

2019-07-03 23:00:34 - [MESSAGE][PASSED] - Object: 'Object Repository/OCS-DESKTOP/Cannabis page/Dried flower' is clicked on

2019-07-03 23:00:34 - [TEST_STEP][PASSED] - delay(2): Delayed 2 second(s)

2019-07-03 23:00:36 - [MESSAGE][PASSED] - Delayed 2 second(s)

2019-07-03 23:00:36 - [TEST_STEP][NOT_RUN] - click(findTestObject("OCS-DESKTOP/Cannabis page/Dried flower - Indica dominant")): NOT_RUN: click(findTestObject("OCS-DESKTOP/Cannabis page/Dried flower - Indica dominant"))

2019-07-03 23:00:36 - [MESSAGE][NOT_RUN] - NOT_RUN: click(findTestObject("OCS-DESKTOP/Cannabis page/Dried flower - Indica dominant"))

2019-07-03 23:00:36 - [TEST_STEP][PASSED] - delay(2): Delayed 2 second(s)

2019-07-03 23:00:38 - [MESSAGE][PASSED] - Delayed 2 second(s)

2019-07-03 23:00:38 - [TEST_STEP][PASSED] - click(findTestObject("OCS-DESKTOP/Collection page/dropdown")): Object: 'Object Repository/OCS-DESKTOP/Collection page/dropdown' is clicked on

2019-07-03 23:00:38 - [MESSAGE][PASSED] - Object: 'Object Repository/OCS-DESKTOP/Collection page/dropdown' is clicked on

2019-07-03 23:00:38 - [TEST_STEP][PASSED] - delay(2): Delayed 2 second(s)

2019-07-03 23:00:40 - [MESSAGE][PASSED] - Delayed 2 second(s)

2019-07-03 23:00:40 - [TEST_STEP][PASSED] - verifyElementPresent(findTestObject("OCS-DESKTOP/Collection page/element inside"), 0): Object 'Object Repository/OCS-DESKTOP/Collection page/element inside' is present

2019-07-03 23:00:40 - [MESSAGE][WARNING] - Timeout '0' is invalid. Using default page load timeout: '30'

2019-07-03 23:00:40 - [MESSAGE][PASSED] - Object 'Object Repository/OCS-DESKTOP/Collection page/element inside' is present

2019-07-03 23:00:40 - [TEST_STEP][PASSED] - delay(2): Delayed 2 second(s)

2019-07-03 23:00:42 - [MESSAGE][PASSED] - Delayed 2 second(s)

2019-07-03 23:00:42 - [TEST_STEP][PASSED] - click(findTestObject("OCS-DESKTOP/Collection page/dropdown")): Object: 'Object Repository/OCS-DESKTOP/Collection page/dropdown' is clicked on

2019-07-03 23:00:42 - [MESSAGE][PASSED] - Object: 'Object Repository/OCS-DESKTOP/Collection page/dropdown' is clicked on]]></system-out>
         <system-err><![CDATA[]]></system-err>
      </testcase>
      <testcase name="Test Cases/OCS - DESKTOP/OCS-COLLECTION PAGE/breadcrumbs" classname="Test Cases/OCS - DESKTOP/OCS-COLLECTION PAGE/breadcrumbs" status="PASSED">
         <system-out><![CDATA[2019-07-03 23:00:42 - [TEST_CASE][PASSED] - Test Cases/OCS - DESKTOP/OCS-COLLECTION PAGE/breadcrumbs: Test Cases/OCS - DESKTOP/OCS-COLLECTION PAGE/breadcrumbs

2019-07-03 23:00:42 - [TEST_STEP][PASSED] - callTestCase(findTestCase("OCS - DESKTOP/CALL- Age gate"), [:], STOP_ON_FAILURE): Call Test Case 'Test Cases/OCS - DESKTOP/CALL- Age gate' successfully

2019-07-03 23:00:42 - [TEST_CASE][PASSED] - Test Cases/OCS - DESKTOP/CALL- Age gate: Test Cases/OCS - DESKTOP/CALL- Age gate

2019-07-03 23:00:42 - [TEST_STEP][PASSED] - openBrowser(""): Browser is opened with url: ''

2019-07-03 23:00:42 - [MESSAGE][WARNING] - A browser is already opened. Closing browser and opening a new one

2019-07-03 23:00:43 - [MESSAGE][INFO] - Starting 'Firefox' driver

2019-07-03 23:00:45 - [MESSAGE][PASSED] - Browser is opened with url: ''

2019-07-03 23:00:45 - [TEST_STEP][PASSED] - navigateToUrl("https://ocs.ca/?fts=0&preview_theme_id=74203891532"): Navigate to 'https://ocs.ca/?fts=0&preview_theme_id=74203891532' successfully

2019-07-03 23:00:50 - [MESSAGE][PASSED] - Navigate to 'https://ocs.ca/?fts=0&preview_theme_id=74203891532' successfully

2019-07-03 23:00:50 - [TEST_STEP][PASSED] - maximizeWindow(): Current window maximized

2019-07-03 23:00:51 - [MESSAGE][PASSED] - Current window maximized

2019-07-03 23:00:51 - [TEST_STEP][PASSED] - delay(2): Delayed 2 second(s)

2019-07-03 23:00:53 - [MESSAGE][PASSED] - Delayed 2 second(s)

2019-07-03 23:00:53 - [TEST_STEP][PASSED] - executeJavaScript("var previewBar = document.getElementById("preview-bar-iframe"); previewBar.style.display = "none";", []): Execute JavaScript 'var previewBar = document.getElementById("preview-bar-iframe"); previewBar.style.display = "none";' successfully

2019-07-03 23:00:53 - [MESSAGE][PASSED] - Execute JavaScript 'var previewBar = document.getElementById("preview-bar-iframe"); previewBar.style.display = "none";' successfully

2019-07-03 23:00:53 - [TEST_STEP][PASSED] - selectOptionByValue(findTestObject("OCS-DESKTOP/Age gate and Mega menu/Date"), "12", true): All options with value '12' are selected in object 'Object Repository/OCS-DESKTOP/Age gate and Mega menu/Date'  using regular expression

2019-07-03 23:00:53 - [MESSAGE][PASSED] - All options with value '12' are selected in object 'Object Repository/OCS-DESKTOP/Age gate and Mega menu/Date'  using regular expression

2019-07-03 23:00:53 - [TEST_STEP][PASSED] - selectOptionByValue(findTestObject("OCS-DESKTOP/Age gate and Mega menu/month"), "6", true): All options with value '6' are selected in object 'Object Repository/OCS-DESKTOP/Age gate and Mega menu/month'  using regular expression

2019-07-03 23:00:54 - [MESSAGE][PASSED] - All options with value '6' are selected in object 'Object Repository/OCS-DESKTOP/Age gate and Mega menu/month'  using regular expression

2019-07-03 23:00:54 - [TEST_STEP][PASSED] - delay(2): Delayed 2 second(s)

2019-07-03 23:00:56 - [MESSAGE][PASSED] - Delayed 2 second(s)

2019-07-03 23:00:56 - [TEST_STEP][PASSED] - selectOptionByValue(findTestObject("OCS-DESKTOP/Age gate and Mega menu/Year Dropdown"), "1990", true): All options with value '1990' are selected in object 'Object Repository/OCS-DESKTOP/Age gate and Mega menu/Year Dropdown'  using regular expression

2019-07-03 23:00:57 - [MESSAGE][PASSED] - All options with value '1990' are selected in object 'Object Repository/OCS-DESKTOP/Age gate and Mega menu/Year Dropdown'  using regular expression

2019-07-03 23:00:57 - [TEST_STEP][PASSED] - click(findTestObject("OCS-DESKTOP/Age gate and Mega menu/button_Verify")): Object: 'Object Repository/OCS-DESKTOP/Age gate and Mega menu/button_Verify' is clicked on

2019-07-03 23:00:57 - [MESSAGE][PASSED] - Object: 'Object Repository/OCS-DESKTOP/Age gate and Mega menu/button_Verify' is clicked on

2019-07-03 23:00:57 - [TEST_STEP][PASSED] - click(findTestObject("OCS-DESKTOP/Age gate and Mega menu/Checkbox_CONFIRM AND ACKNOWLEDGE")): Object: 'Object Repository/OCS-DESKTOP/Age gate and Mega menu/Checkbox_CONFIRM AND ACKNOWLEDGE' is clicked on

2019-07-03 23:00:58 - [MESSAGE][PASSED] - Object: 'Object Repository/OCS-DESKTOP/Age gate and Mega menu/Checkbox_CONFIRM AND ACKNOWLEDGE' is clicked on

2019-07-03 23:00:58 - [TEST_STEP][PASSED] - click(findTestObject("OCS-DESKTOP/Age gate and Mega menu/button_CONFIRM")): Object: 'Object Repository/OCS-DESKTOP/Age gate and Mega menu/button_CONFIRM' is clicked on

2019-07-03 23:00:58 - [MESSAGE][PASSED] - Object: 'Object Repository/OCS-DESKTOP/Age gate and Mega menu/button_CONFIRM' is clicked on

2019-07-03 23:00:58 - [TEST_STEP][PASSED] - click(findTestObject("OCS-DESKTOP/Age gate and Mega menu/button_Start Browsing")): Object: 'Object Repository/OCS-DESKTOP/Age gate and Mega menu/button_Start Browsing' is clicked on

2019-07-03 23:00:58 - [MESSAGE][PASSED] - Object: 'Object Repository/OCS-DESKTOP/Age gate and Mega menu/button_Start Browsing' is clicked on

2019-07-03 23:00:58 - [TEST_STEP][PASSED] - delay(2): Delayed 2 second(s)

2019-07-03 23:01:00 - [MESSAGE][PASSED] - Delayed 2 second(s)

2019-07-03 23:01:00 - [TEST_STEP][PASSED] - refresh(): Refresh successfully

2019-07-03 23:01:05 - [MESSAGE][PASSED] - Refresh successfully

2019-07-03 23:01:05 - [MESSAGE][PASSED] - Call Test Case 'Test Cases/OCS - DESKTOP/CALL- Age gate' successfully

2019-07-03 23:01:05 - [TEST_STEP][PASSED] - click(findTestObject("OCS-DESKTOP/Age gate and Mega menu/Header/CANNABIS menu - English")): Object: 'Object Repository/OCS-DESKTOP/Age gate and Mega menu/Header/CANNABIS menu - English' is clicked on

2019-07-03 23:01:05 - [MESSAGE][PASSED] - Object: 'Object Repository/OCS-DESKTOP/Age gate and Mega menu/Header/CANNABIS menu - English' is clicked on

2019-07-03 23:01:05 - [TEST_STEP][PASSED] - click(findTestObject("OCS-DESKTOP/Cannabis page/Dried flower - Indica dominant")): Object: 'Object Repository/OCS-DESKTOP/Cannabis page/Dried flower - Indica dominant' is clicked on

2019-07-03 23:01:08 - [MESSAGE][PASSED] - Object: 'Object Repository/OCS-DESKTOP/Cannabis page/Dried flower - Indica dominant' is clicked on

2019-07-03 23:01:08 - [TEST_STEP][PASSED] - click(findTestObject("OCS-DESKTOP/breadcrumbs_OR/Page_Dried Flower  Ontario Cannabis/a_Cannabis")): Object: 'Object Repository/OCS-DESKTOP/breadcrumbs_OR/Page_Dried Flower  Ontario Cannabis/a_Cannabis' is clicked on

2019-07-03 23:01:10 - [MESSAGE][PASSED] - Object: 'Object Repository/OCS-DESKTOP/breadcrumbs_OR/Page_Dried Flower  Ontario Cannabis/a_Cannabis' is clicked on

2019-07-03 23:01:10 - [TEST_STEP][PASSED] - executeJavaScript("var previewBar = document.getElementById("preview-bar-iframe"); previewBar.style.display = "none";", []): Execute JavaScript 'var previewBar = document.getElementById("preview-bar-iframe"); previewBar.style.display = "none";' successfully

2019-07-03 23:01:10 - [MESSAGE][PASSED] - Execute JavaScript 'var previewBar = document.getElementById("preview-bar-iframe"); previewBar.style.display = "none";' successfully

2019-07-03 23:01:10 - [TEST_STEP][PASSED] - a = getWindowTitle(): Current window's title is: 'All Cannabis Products | Ontario Cannabis Store'

2019-07-03 23:01:10 - [MESSAGE][PASSED] - Current window's title is: 'All Cannabis Products | Ontario Cannabis Store'

2019-07-03 23:01:10 - [TEST_STEP][PASSED] - comment(a): All Cannabis Products | Ontario Cannabis Store

2019-07-03 23:01:10 - [MESSAGE][INFO] - All Cannabis Products | Ontario Cannabis Store

2019-07-03 23:01:10 - [TEST_STEP][PASSED] - assert getWindowTitle() == a: Current window's title is: 'All Cannabis Products | Ontario Cannabis Store'

2019-07-03 23:01:10 - [MESSAGE][PASSED] - Current window's title is: 'All Cannabis Products | Ontario Cannabis Store'

2019-07-03 23:01:10 - [TEST_STEP][PASSED] - click(findTestObject("OCS-DESKTOP/breadcrumbs_OR/Page_All Cannabis Products  Ontario/a_Home")): Object: 'Object Repository/OCS-DESKTOP/breadcrumbs_OR/Page_All Cannabis Products  Ontario/a_Home' is clicked on

2019-07-03 23:01:12 - [MESSAGE][PASSED] - Object: 'Object Repository/OCS-DESKTOP/breadcrumbs_OR/Page_All Cannabis Products  Ontario/a_Home' is clicked on

2019-07-03 23:01:12 - [TEST_STEP][PASSED] - b = getWindowTitle(): Current window's title is: 'Ontario Cannabis Store | Ontario Cannabis Store'

2019-07-03 23:01:12 - [MESSAGE][PASSED] - Current window's title is: 'Ontario Cannabis Store | Ontario Cannabis Store'

2019-07-03 23:01:12 - [TEST_STEP][PASSED] - comment(b): Ontario Cannabis Store | Ontario Cannabis Store

2019-07-03 23:01:12 - [MESSAGE][INFO] - Ontario Cannabis Store | Ontario Cannabis Store

2019-07-03 23:01:12 - [TEST_STEP][PASSED] - assert getWindowTitle() == b: Current window's title is: 'Ontario Cannabis Store | Ontario Cannabis Store'

2019-07-03 23:01:12 - [MESSAGE][PASSED] - Current window's title is: 'Ontario Cannabis Store | Ontario Cannabis Store']]></system-out>
         <system-err><![CDATA[]]></system-err>
      </testcase>
      <testcase name="Test Cases/OCS - DESKTOP/OCS-COLLECTION PAGE/Pagination" classname="Test Cases/OCS - DESKTOP/OCS-COLLECTION PAGE/Pagination" status="FAILED">
         <failure type="FAILED" message="Test Cases/OCS - DESKTOP/OCS-COLLECTION PAGE/Pagination FAILED.
Reason:
com.kms.katalon.core.exception.StepFailedException: Unable to click on object 'Object Repository/OCS-DESKTOP/Pagination_OR/Page_Pre-Rolled  Ontario Cannabis S/a_2 - down' (Root cause: org.openqa.selenium.ElementClickInterceptedException: Element &lt;a class=&quot;js-page-link&quot; href=&quot;#&quot;> is not clickable at point (1273,1) because another element &lt;div class=&quot;menu-bar__content&quot;> obscures it
Build info: version: '3.7.1', revision: '8a0099a', time: '2017-11-06T21:07:36.161Z'
System info: host: 'sumans-MacBook-Pro.local', ip: 'fe80:0:0:0:10b5:ab76:5e8b:ef36%en0', os.name: 'Mac OS X', os.arch: 'x86_64', os.version: '10.13.6', java.version: '1.8.0_181'
Driver info: com.kms.katalon.core.webui.driver.firefox.CGeckoDriver
Capabilities {acceptInsecureCerts: true, browserName: firefox, browserVersion: 67.0.4, javascriptEnabled: true, moz:accessibilityChecks: false, moz:buildID: 20190619235627, moz:geckodriverVersion: 0.23.0, moz:headless: false, moz:processID: 905, moz:profile: /var/folders/1t/c55l8xzs6gq..., moz:shutdownTimeout: 60000, moz:useNonSpecCompliantPointerOrigin: false, moz:webdriverClick: true, pageLoadStrategy: normal, platform: MAC, platformName: MAC, platformVersion: 17.7.0, proxy: Proxy(direct), rotatable: false, setWindowRect: true, strictFileInteractability: false, timeouts: {implicit: 0, pageLoad: 300000, script: 30000}, unhandledPromptBehavior: dismiss and notify}
Session ID: 89b1c0c3-9f20-6c47-922d-cf850755a552)
	at com.kms.katalon.core.keyword.internal.KeywordMain.stepFailed(KeywordMain.groovy:36)
	at com.kms.katalon.core.webui.keyword.internal.WebUIKeywordMain.stepFailed(WebUIKeywordMain.groovy:65)
	at com.kms.katalon.core.webui.keyword.internal.WebUIKeywordMain.runKeyword(WebUIKeywordMain.groovy:27)
	at com.kms.katalon.core.webui.keyword.builtin.ClickKeyword.click(ClickKeyword.groovy:86)
	at com.kms.katalon.core.webui.keyword.builtin.ClickKeyword.execute(ClickKeyword.groovy:67)
	at com.kms.katalon.core.keyword.internal.KeywordExecutor.executeKeywordForPlatform(KeywordExecutor.groovy:53)
	at com.kms.katalon.core.webui.keyword.WebUiBuiltInKeywords.click(WebUiBuiltInKeywords.groovy:616)
	at com.kms.katalon.core.webui.keyword.WebUiBuiltInKeywords$click$4.call(Unknown Source)
	at Pagination.run(Pagination:75)
	at com.kms.katalon.core.main.ScriptEngine.run(ScriptEngine.java:194)
	at com.kms.katalon.core.main.ScriptEngine.runScriptAsRawText(ScriptEngine.java:119)
	at com.kms.katalon.core.main.TestCaseExecutor.runScript(TestCaseExecutor.java:328)
	at com.kms.katalon.core.main.TestCaseExecutor.doExecute(TestCaseExecutor.java:319)
	at com.kms.katalon.core.main.TestCaseExecutor.processExecutionPhase(TestCaseExecutor.java:298)
	at com.kms.katalon.core.main.TestCaseExecutor.accessMainPhase(TestCaseExecutor.java:290)
	at com.kms.katalon.core.main.TestCaseExecutor.execute(TestCaseExecutor.java:224)
	at com.kms.katalon.core.main.TestSuiteExecutor.accessTestCaseMainPhase(TestSuiteExecutor.java:129)
	at com.kms.katalon.core.main.TestSuiteExecutor.accessTestSuiteMainPhase(TestSuiteExecutor.java:112)
	at com.kms.katalon.core.main.TestSuiteExecutor.execute(TestSuiteExecutor.java:81)
	at com.kms.katalon.core.main.TestCaseMain.startTestSuite(TestCaseMain.java:149)
	at com.kms.katalon.core.main.TestCaseMain$startTestSuite$0.call(Unknown Source)
	at TempTestSuite1562205541804.run(TempTestSuite1562205541804.groovy:36)
"/>
         <system-out><![CDATA[2019-07-03 23:01:12 - [TEST_CASE][FAILED] - Test Cases/OCS - DESKTOP/OCS-COLLECTION PAGE/Pagination: Test Cases/OCS - DESKTOP/OCS-COLLECTION PAGE/Pagination FAILED.
Reason:
com.kms.katalon.core.exception.StepFailedException: Unable to click on object 'Object Repository/OCS-DESKTOP/Pagination_OR/Page_Pre-Rolled  Ontario Cannabis S/a_2 - down' (Root cause: org.openqa.selenium.ElementClickInterceptedException: Element <a class="js-page-link" href="#"> is not clickable at point (1273,1) because another element <div class="menu-bar__content"> obscures it
Build info: version: '3.7.1', revision: '8a0099a', time: '2017-11-06T21:07:36.161Z'
System info: host: 'sumans-MacBook-Pro.local', ip: 'fe80:0:0:0:10b5:ab76:5e8b:ef36%en0', os.name: 'Mac OS X', os.arch: 'x86_64', os.version: '10.13.6', java.version: '1.8.0_181'
Driver info: com.kms.katalon.core.webui.driver.firefox.CGeckoDriver
Capabilities {acceptInsecureCerts: true, browserName: firefox, browserVersion: 67.0.4, javascriptEnabled: true, moz:accessibilityChecks: false, moz:buildID: 20190619235627, moz:geckodriverVersion: 0.23.0, moz:headless: false, moz:processID: 905, moz:profile: /var/folders/1t/c55l8xzs6gq..., moz:shutdownTimeout: 60000, moz:useNonSpecCompliantPointerOrigin: false, moz:webdriverClick: true, pageLoadStrategy: normal, platform: MAC, platformName: MAC, platformVersion: 17.7.0, proxy: Proxy(direct), rotatable: false, setWindowRect: true, strictFileInteractability: false, timeouts: {implicit: 0, pageLoad: 300000, script: 30000}, unhandledPromptBehavior: dismiss and notify}
Session ID: 89b1c0c3-9f20-6c47-922d-cf850755a552)
	at com.kms.katalon.core.keyword.internal.KeywordMain.stepFailed(KeywordMain.groovy:36)
	at com.kms.katalon.core.webui.keyword.internal.WebUIKeywordMain.stepFailed(WebUIKeywordMain.groovy:65)
	at com.kms.katalon.core.webui.keyword.internal.WebUIKeywordMain.runKeyword(WebUIKeywordMain.groovy:27)
	at com.kms.katalon.core.webui.keyword.builtin.ClickKeyword.click(ClickKeyword.groovy:86)
	at com.kms.katalon.core.webui.keyword.builtin.ClickKeyword.execute(ClickKeyword.groovy:67)
	at com.kms.katalon.core.keyword.internal.KeywordExecutor.executeKeywordForPlatform(KeywordExecutor.groovy:53)
	at com.kms.katalon.core.webui.keyword.WebUiBuiltInKeywords.click(WebUiBuiltInKeywords.groovy:616)
	at com.kms.katalon.core.webui.keyword.WebUiBuiltInKeywords$click$4.call(Unknown Source)
	at Pagination.run(Pagination:75)
	at com.kms.katalon.core.main.ScriptEngine.run(ScriptEngine.java:194)
	at com.kms.katalon.core.main.ScriptEngine.runScriptAsRawText(ScriptEngine.java:119)
	at com.kms.katalon.core.main.TestCaseExecutor.runScript(TestCaseExecutor.java:328)
	at com.kms.katalon.core.main.TestCaseExecutor.doExecute(TestCaseExecutor.java:319)
	at com.kms.katalon.core.main.TestCaseExecutor.processExecutionPhase(TestCaseExecutor.java:298)
	at com.kms.katalon.core.main.TestCaseExecutor.accessMainPhase(TestCaseExecutor.java:290)
	at com.kms.katalon.core.main.TestCaseExecutor.execute(TestCaseExecutor.java:224)
	at com.kms.katalon.core.main.TestSuiteExecutor.accessTestCaseMainPhase(TestSuiteExecutor.java:129)
	at com.kms.katalon.core.main.TestSuiteExecutor.accessTestSuiteMainPhase(TestSuiteExecutor.java:112)
	at com.kms.katalon.core.main.TestSuiteExecutor.execute(TestSuiteExecutor.java:81)
	at com.kms.katalon.core.main.TestCaseMain.startTestSuite(TestCaseMain.java:149)
	at com.kms.katalon.core.main.TestCaseMain$startTestSuite$0.call(Unknown Source)
	at TempTestSuite1562205541804.run(TempTestSuite1562205541804.groovy:36)


2019-07-03 23:01:12 - [TEST_STEP][PASSED] - callTestCase(findTestCase("OCS - DESKTOP/CALL- Age gate"), [:], STOP_ON_FAILURE): Call Test Case 'Test Cases/OCS - DESKTOP/CALL- Age gate' successfully

2019-07-03 23:01:12 - [TEST_CASE][PASSED] - Test Cases/OCS - DESKTOP/CALL- Age gate: Test Cases/OCS - DESKTOP/CALL- Age gate

2019-07-03 23:01:12 - [TEST_STEP][PASSED] - openBrowser(""): Browser is opened with url: ''

2019-07-03 23:01:12 - [MESSAGE][WARNING] - A browser is already opened. Closing browser and opening a new one

2019-07-03 23:01:13 - [MESSAGE][INFO] - Starting 'Firefox' driver

2019-07-03 23:01:15 - [MESSAGE][PASSED] - Browser is opened with url: ''

2019-07-03 23:01:15 - [TEST_STEP][PASSED] - navigateToUrl("https://ocs.ca/?fts=0&preview_theme_id=74203891532"): Navigate to 'https://ocs.ca/?fts=0&preview_theme_id=74203891532' successfully

2019-07-03 23:01:23 - [MESSAGE][PASSED] - Navigate to 'https://ocs.ca/?fts=0&preview_theme_id=74203891532' successfully

2019-07-03 23:01:23 - [TEST_STEP][PASSED] - maximizeWindow(): Current window maximized

2019-07-03 23:01:24 - [MESSAGE][PASSED] - Current window maximized

2019-07-03 23:01:24 - [TEST_STEP][PASSED] - delay(2): Delayed 2 second(s)

2019-07-03 23:01:26 - [MESSAGE][PASSED] - Delayed 2 second(s)

2019-07-03 23:01:26 - [TEST_STEP][PASSED] - executeJavaScript("var previewBar = document.getElementById("preview-bar-iframe"); previewBar.style.display = "none";", []): Execute JavaScript 'var previewBar = document.getElementById("preview-bar-iframe"); previewBar.style.display = "none";' successfully

2019-07-03 23:01:26 - [MESSAGE][PASSED] - Execute JavaScript 'var previewBar = document.getElementById("preview-bar-iframe"); previewBar.style.display = "none";' successfully

2019-07-03 23:01:26 - [TEST_STEP][PASSED] - selectOptionByValue(findTestObject("OCS-DESKTOP/Age gate and Mega menu/Date"), "12", true): All options with value '12' are selected in object 'Object Repository/OCS-DESKTOP/Age gate and Mega menu/Date'  using regular expression

2019-07-03 23:01:26 - [MESSAGE][PASSED] - All options with value '12' are selected in object 'Object Repository/OCS-DESKTOP/Age gate and Mega menu/Date'  using regular expression

2019-07-03 23:01:26 - [TEST_STEP][PASSED] - selectOptionByValue(findTestObject("OCS-DESKTOP/Age gate and Mega menu/month"), "6", true): All options with value '6' are selected in object 'Object Repository/OCS-DESKTOP/Age gate and Mega menu/month'  using regular expression

2019-07-03 23:01:27 - [MESSAGE][PASSED] - All options with value '6' are selected in object 'Object Repository/OCS-DESKTOP/Age gate and Mega menu/month'  using regular expression

2019-07-03 23:01:27 - [TEST_STEP][PASSED] - delay(2): Delayed 2 second(s)

2019-07-03 23:01:29 - [MESSAGE][PASSED] - Delayed 2 second(s)

2019-07-03 23:01:29 - [TEST_STEP][PASSED] - selectOptionByValue(findTestObject("OCS-DESKTOP/Age gate and Mega menu/Year Dropdown"), "1990", true): All options with value '1990' are selected in object 'Object Repository/OCS-DESKTOP/Age gate and Mega menu/Year Dropdown'  using regular expression

2019-07-03 23:01:30 - [MESSAGE][PASSED] - All options with value '1990' are selected in object 'Object Repository/OCS-DESKTOP/Age gate and Mega menu/Year Dropdown'  using regular expression

2019-07-03 23:01:30 - [TEST_STEP][PASSED] - click(findTestObject("OCS-DESKTOP/Age gate and Mega menu/button_Verify")): Object: 'Object Repository/OCS-DESKTOP/Age gate and Mega menu/button_Verify' is clicked on

2019-07-03 23:01:30 - [MESSAGE][PASSED] - Object: 'Object Repository/OCS-DESKTOP/Age gate and Mega menu/button_Verify' is clicked on

2019-07-03 23:01:30 - [TEST_STEP][PASSED] - click(findTestObject("OCS-DESKTOP/Age gate and Mega menu/Checkbox_CONFIRM AND ACKNOWLEDGE")): Object: 'Object Repository/OCS-DESKTOP/Age gate and Mega menu/Checkbox_CONFIRM AND ACKNOWLEDGE' is clicked on

2019-07-03 23:01:31 - [MESSAGE][PASSED] - Object: 'Object Repository/OCS-DESKTOP/Age gate and Mega menu/Checkbox_CONFIRM AND ACKNOWLEDGE' is clicked on

2019-07-03 23:01:31 - [TEST_STEP][PASSED] - click(findTestObject("OCS-DESKTOP/Age gate and Mega menu/button_CONFIRM")): Object: 'Object Repository/OCS-DESKTOP/Age gate and Mega menu/button_CONFIRM' is clicked on

2019-07-03 23:01:31 - [MESSAGE][PASSED] - Object: 'Object Repository/OCS-DESKTOP/Age gate and Mega menu/button_CONFIRM' is clicked on

2019-07-03 23:01:31 - [TEST_STEP][PASSED] - click(findTestObject("OCS-DESKTOP/Age gate and Mega menu/button_Start Browsing")): Object: 'Object Repository/OCS-DESKTOP/Age gate and Mega menu/button_Start Browsing' is clicked on

2019-07-03 23:01:31 - [MESSAGE][PASSED] - Object: 'Object Repository/OCS-DESKTOP/Age gate and Mega menu/button_Start Browsing' is clicked on

2019-07-03 23:01:31 - [TEST_STEP][PASSED] - delay(2): Delayed 2 second(s)

2019-07-03 23:01:33 - [MESSAGE][PASSED] - Delayed 2 second(s)

2019-07-03 23:01:33 - [TEST_STEP][PASSED] - refresh(): Refresh successfully

2019-07-03 23:01:37 - [MESSAGE][PASSED] - Refresh successfully

2019-07-03 23:01:37 - [MESSAGE][PASSED] - Call Test Case 'Test Cases/OCS - DESKTOP/CALL- Age gate' successfully

2019-07-03 23:01:37 - [TEST_STEP][PASSED] - click(findTestObject("OCS-DESKTOP/Age gate and Mega menu/Header/CANNABIS menu - English")): Object: 'Object Repository/OCS-DESKTOP/Age gate and Mega menu/Header/CANNABIS menu - English' is clicked on

2019-07-03 23:01:37 - [MESSAGE][PASSED] - Object: 'Object Repository/OCS-DESKTOP/Age gate and Mega menu/Header/CANNABIS menu - English' is clicked on

2019-07-03 23:01:37 - [TEST_STEP][PASSED] - delay(2): Delayed 2 second(s)

2019-07-03 23:01:39 - [MESSAGE][PASSED] - Delayed 2 second(s)

2019-07-03 23:01:39 - [TEST_STEP][PASSED] - click(findTestObject("OCS-DESKTOP/Cannabis page/Prerolled - Indica dominant")): Object: 'Object Repository/OCS-DESKTOP/Cannabis page/Prerolled - Indica dominant' is clicked on

2019-07-03 23:01:42 - [MESSAGE][PASSED] - Object: 'Object Repository/OCS-DESKTOP/Cannabis page/Prerolled - Indica dominant' is clicked on

2019-07-03 23:01:42 - [TEST_STEP][PASSED] - executeJavaScript("var previewBar = document.getElementById("preview-bar-iframe"); previewBar.style.display = "none";", []): Execute JavaScript 'var previewBar = document.getElementById("preview-bar-iframe"); previewBar.style.display = "none";' successfully

2019-07-03 23:01:42 - [MESSAGE][PASSED] - Execute JavaScript 'var previewBar = document.getElementById("preview-bar-iframe"); previewBar.style.display = "none";' successfully

2019-07-03 23:01:42 - [TEST_STEP][PASSED] - delay(2): Delayed 2 second(s)

2019-07-03 23:01:44 - [MESSAGE][PASSED] - Delayed 2 second(s)

2019-07-03 23:01:44 - [TEST_STEP][PASSED] - click(findTestObject("OCS-DESKTOP/Pagination_OR/Page_Pre-Rolled  Ontario Cannabis S/a_2")): Object: 'Object Repository/OCS-DESKTOP/Pagination_OR/Page_Pre-Rolled  Ontario Cannabis S/a_2' is clicked on

2019-07-03 23:01:44 - [MESSAGE][PASSED] - Object: 'Object Repository/OCS-DESKTOP/Pagination_OR/Page_Pre-Rolled  Ontario Cannabis S/a_2' is clicked on

2019-07-03 23:01:44 - [TEST_STEP][NOT_RUN] - delay(2): NOT_RUN: delay(2)

2019-07-03 23:01:44 - [MESSAGE][NOT_RUN] - NOT_RUN: delay(2)

2019-07-03 23:01:44 - [TEST_STEP][NOT_RUN] - scrollToPosition(570, 49): NOT_RUN: scrollToPosition(570, 49)

2019-07-03 23:01:44 - [MESSAGE][NOT_RUN] - NOT_RUN: scrollToPosition(570, 49)

2019-07-03 23:01:44 - [TEST_STEP][NOT_RUN] - click(findTestObject("COLLECTION PAGE _OR/Pagination_OR/Page_Pre-Rolled  Ontario Cannabis S/a_3"), STOP_ON_FAILURE): NOT_RUN: click(findTestObject("COLLECTION PAGE _OR/Pagination_OR/Page_Pre-Rolled  Ontario Cannabis S/a_3"), STOP_ON_FAILURE)

2019-07-03 23:01:44 - [MESSAGE][NOT_RUN] - NOT_RUN: click(findTestObject("COLLECTION PAGE _OR/Pagination_OR/Page_Pre-Rolled  Ontario Cannabis S/a_3"), STOP_ON_FAILURE)

2019-07-03 23:01:44 - [TEST_STEP][PASSED] - delay(2): Delayed 2 second(s)

2019-07-03 23:01:46 - [MESSAGE][PASSED] - Delayed 2 second(s)

2019-07-03 23:01:46 - [TEST_STEP][PASSED] - scrollToPosition(570, 49): Browser is scrolled to position x = 570, y = 49

2019-07-03 23:01:46 - [MESSAGE][PASSED] - Browser is scrolled to position x = 570, y = 49

2019-07-03 23:01:46 - [TEST_STEP][PASSED] - delay(2): Delayed 2 second(s)

2019-07-03 23:01:48 - [MESSAGE][PASSED] - Delayed 2 second(s)

2019-07-03 23:01:48 - [TEST_STEP][PASSED] - click(findTestObject("OCS-DESKTOP/Pagination_OR/Page_Pre-Rolled  Ontario Cannabis S/a_Previous")): Object: 'Object Repository/OCS-DESKTOP/Pagination_OR/Page_Pre-Rolled  Ontario Cannabis S/a_Previous' is clicked on

2019-07-03 23:01:48 - [MESSAGE][PASSED] - Object: 'Object Repository/OCS-DESKTOP/Pagination_OR/Page_Pre-Rolled  Ontario Cannabis S/a_Previous' is clicked on

2019-07-03 23:01:48 - [TEST_STEP][PASSED] - delay(2): Delayed 2 second(s)

2019-07-03 23:01:50 - [MESSAGE][PASSED] - Delayed 2 second(s)

2019-07-03 23:01:50 - [TEST_STEP][PASSED] - scrollToPosition(570, 49): Browser is scrolled to position x = 570, y = 49

2019-07-03 23:01:50 - [MESSAGE][PASSED] - Browser is scrolled to position x = 570, y = 49

2019-07-03 23:01:50 - [TEST_STEP][PASSED] - click(findTestObject("OCS-DESKTOP/Pagination_OR/Page_Pre-Rolled  Ontario Cannabis S/a_Next")): Object: 'Object Repository/OCS-DESKTOP/Pagination_OR/Page_Pre-Rolled  Ontario Cannabis S/a_Next' is clicked on

2019-07-03 23:01:51 - [MESSAGE][PASSED] - Object: 'Object Repository/OCS-DESKTOP/Pagination_OR/Page_Pre-Rolled  Ontario Cannabis S/a_Next' is clicked on

2019-07-03 23:01:51 - [TEST_STEP][PASSED] - delay(2): Delayed 2 second(s)

2019-07-03 23:01:53 - [MESSAGE][PASSED] - Delayed 2 second(s)

2019-07-03 23:01:53 - [TEST_STEP][PASSED] - executeJavaScript("var previewBar = document.getElementById("preview-bar-iframe"); previewBar.style.display = "none";", []): Execute JavaScript 'var previewBar = document.getElementById("preview-bar-iframe"); previewBar.style.display = "none";' successfully

2019-07-03 23:01:53 - [MESSAGE][PASSED] - Execute JavaScript 'var previewBar = document.getElementById("preview-bar-iframe"); previewBar.style.display = "none";' successfully

2019-07-03 23:01:53 - [TEST_STEP][PASSED] - click(findTestObject("OCS-DESKTOP/Pagination_OR/Page_Pre-Rolled  Ontario Cannabis S/a_What to consider")): Object: 'Object Repository/OCS-DESKTOP/Pagination_OR/Page_Pre-Rolled  Ontario Cannabis S/a_What to consider' is clicked on

2019-07-03 23:01:56 - [MESSAGE][PASSED] - Object: 'Object Repository/OCS-DESKTOP/Pagination_OR/Page_Pre-Rolled  Ontario Cannabis S/a_What to consider' is clicked on

2019-07-03 23:01:56 - [TEST_STEP][PASSED] - back(): Navigate back successfully

2019-07-03 23:01:59 - [MESSAGE][PASSED] - Navigate back successfully

2019-07-03 23:01:59 - [TEST_STEP][PASSED] - executeJavaScript("var previewBar = document.getElementById("preview-bar-iframe"); previewBar.style.display = "none";", []): Execute JavaScript 'var previewBar = document.getElementById("preview-bar-iframe"); previewBar.style.display = "none";' successfully

2019-07-03 23:01:59 - [MESSAGE][PASSED] - Execute JavaScript 'var previewBar = document.getElementById("preview-bar-iframe"); previewBar.style.display = "none";' successfully

2019-07-03 23:01:59 - [TEST_STEP][PASSED] - delay(4): Delayed 4 second(s)

2019-07-03 23:02:03 - [MESSAGE][PASSED] - Delayed 4 second(s)

2019-07-03 23:02:03 - [TEST_STEP][NOT_RUN] - click(findTestObject("OCS-DESKTOP/Pagination_OR/Page_Pre-Rolled  Ontario Cannabis S/a_Previous")): NOT_RUN: click(findTestObject("OCS-DESKTOP/Pagination_OR/Page_Pre-Rolled  Ontario Cannabis S/a_Previous"))

2019-07-03 23:02:03 - [MESSAGE][NOT_RUN] - NOT_RUN: click(findTestObject("OCS-DESKTOP/Pagination_OR/Page_Pre-Rolled  Ontario Cannabis S/a_Previous"))

2019-07-03 23:02:03 - [TEST_STEP][PASSED] - delay(2): Delayed 2 second(s)

2019-07-03 23:02:05 - [MESSAGE][PASSED] - Delayed 2 second(s)

2019-07-03 23:02:05 - [TEST_STEP][PASSED] - delay(2): Delayed 2 second(s)

2019-07-03 23:02:07 - [MESSAGE][PASSED] - Delayed 2 second(s)

2019-07-03 23:02:07 - [TEST_STEP][PASSED] - click(findTestObject("OCS-DESKTOP/Pagination_OR/Page_Pre-Rolled  Ontario Cannabis S/a_Next - down")): Object: 'Object Repository/OCS-DESKTOP/Pagination_OR/Page_Pre-Rolled  Ontario Cannabis S/a_Next - down' is clicked on

2019-07-03 23:02:07 - [MESSAGE][PASSED] - Object: 'Object Repository/OCS-DESKTOP/Pagination_OR/Page_Pre-Rolled  Ontario Cannabis S/a_Next - down' is clicked on

2019-07-03 23:02:07 - [TEST_STEP][PASSED] - delay(2): Delayed 2 second(s)

2019-07-03 23:02:09 - [MESSAGE][PASSED] - Delayed 2 second(s)

2019-07-03 23:02:09 - [TEST_STEP][FAILED] - click(findTestObject("OCS-DESKTOP/Pagination_OR/Page_Pre-Rolled  Ontario Cannabis S/a_2 - down")): click(findTestObject("OCS-DESKTOP/Pagination_OR/Page_Pre-Rolled  Ontario Cannabis S/a_2 - down")) FAILED.
Reason:
com.kms.katalon.core.exception.StepFailedException: Unable to click on object 'Object Repository/OCS-DESKTOP/Pagination_OR/Page_Pre-Rolled  Ontario Cannabis S/a_2 - down' (Root cause: org.openqa.selenium.ElementClickInterceptedException: Element <a class="js-page-link" href="#"> is not clickable at point (1273,1) because another element <div class="menu-bar__content"> obscures it
Build info: version: '3.7.1', revision: '8a0099a', time: '2017-11-06T21:07:36.161Z'
System info: host: 'sumans-MacBook-Pro.local', ip: 'fe80:0:0:0:10b5:ab76:5e8b:ef36%en0', os.name: 'Mac OS X', os.arch: 'x86_64', os.version: '10.13.6', java.version: '1.8.0_181'
Driver info: com.kms.katalon.core.webui.driver.firefox.CGeckoDriver
Capabilities {acceptInsecureCerts: true, browserName: firefox, browserVersion: 67.0.4, javascriptEnabled: true, moz:accessibilityChecks: false, moz:buildID: 20190619235627, moz:geckodriverVersion: 0.23.0, moz:headless: false, moz:processID: 905, moz:profile: /var/folders/1t/c55l8xzs6gq..., moz:shutdownTimeout: 60000, moz:useNonSpecCompliantPointerOrigin: false, moz:webdriverClick: true, pageLoadStrategy: normal, platform: MAC, platformName: MAC, platformVersion: 17.7.0, proxy: Proxy(direct), rotatable: false, setWindowRect: true, strictFileInteractability: false, timeouts: {implicit: 0, pageLoad: 300000, script: 30000}, unhandledPromptBehavior: dismiss and notify}
Session ID: 89b1c0c3-9f20-6c47-922d-cf850755a552)
	at com.kms.katalon.core.keyword.internal.KeywordMain.stepFailed(KeywordMain.groovy:36)
	at com.kms.katalon.core.webui.keyword.internal.WebUIKeywordMain.stepFailed(WebUIKeywordMain.groovy:65)
	at com.kms.katalon.core.webui.keyword.internal.WebUIKeywordMain.runKeyword(WebUIKeywordMain.groovy:27)
	at com.kms.katalon.core.webui.keyword.builtin.ClickKeyword.click(ClickKeyword.groovy:86)
	at com.kms.katalon.core.webui.keyword.builtin.ClickKeyword.execute(ClickKeyword.groovy:67)
	at com.kms.katalon.core.keyword.internal.KeywordExecutor.executeKeywordForPlatform(KeywordExecutor.groovy:53)
	at com.kms.katalon.core.webui.keyword.WebUiBuiltInKeywords.click(WebUiBuiltInKeywords.groovy:616)
	at com.kms.katalon.core.webui.keyword.WebUiBuiltInKeywords$click$4.call(Unknown Source)
	at Pagination.run(Pagination:75)
	at com.kms.katalon.core.main.ScriptEngine.run(ScriptEngine.java:194)
	at com.kms.katalon.core.main.ScriptEngine.runScriptAsRawText(ScriptEngine.java:119)
	at com.kms.katalon.core.main.TestCaseExecutor.runScript(TestCaseExecutor.java:328)
	at com.kms.katalon.core.main.TestCaseExecutor.doExecute(TestCaseExecutor.java:319)
	at com.kms.katalon.core.main.TestCaseExecutor.processExecutionPhase(TestCaseExecutor.java:298)
	at com.kms.katalon.core.main.TestCaseExecutor.accessMainPhase(TestCaseExecutor.java:290)
	at com.kms.katalon.core.main.TestCaseExecutor.execute(TestCaseExecutor.java:224)
	at com.kms.katalon.core.main.TestSuiteExecutor.accessTestCaseMainPhase(TestSuiteExecutor.java:129)
	at com.kms.katalon.core.main.TestSuiteExecutor.accessTestSuiteMainPhase(TestSuiteExecutor.java:112)
	at com.kms.katalon.core.main.TestSuiteExecutor.execute(TestSuiteExecutor.java:81)
	at com.kms.katalon.core.main.TestCaseMain.startTestSuite(TestCaseMain.java:149)
	at com.kms.katalon.core.main.TestCaseMain$startTestSuite$0.call(Unknown Source)
	at TempTestSuite1562205541804.run(TempTestSuite1562205541804.groovy:36)


2019-07-03 23:02:09 - [MESSAGE][FAILED] - Unable to click on object 'Object Repository/OCS-DESKTOP/Pagination_OR/Page_Pre-Rolled  Ontario Cannabis S/a_2 - down' (Root cause: org.openqa.selenium.ElementClickInterceptedException: Element <a class="js-page-link" href="#"> is not clickable at point (1273,1) because another element <div class="menu-bar__content"> obscures it
Build info: version: '3.7.1', revision: '8a0099a', time: '2017-11-06T21:07:36.161Z'
System info: host: 'sumans-MacBook-Pro.local', ip: 'fe80:0:0:0:10b5:ab76:5e8b:ef36%en0', os.name: 'Mac OS X', os.arch: 'x86_64', os.version: '10.13.6', java.version: '1.8.0_181'
Driver info: com.kms.katalon.core.webui.driver.firefox.CGeckoDriver
Capabilities {acceptInsecureCerts: true, browserName: firefox, browserVersion: 67.0.4, javascriptEnabled: true, moz:accessibilityChecks: false, moz:buildID: 20190619235627, moz:geckodriverVersion: 0.23.0, moz:headless: false, moz:processID: 905, moz:profile: /var/folders/1t/c55l8xzs6gq..., moz:shutdownTimeout: 60000, moz:useNonSpecCompliantPointerOrigin: false, moz:webdriverClick: true, pageLoadStrategy: normal, platform: MAC, platformName: MAC, platformVersion: 17.7.0, proxy: Proxy(direct), rotatable: false, setWindowRect: true, strictFileInteractability: false, timeouts: {implicit: 0, pageLoad: 300000, script: 30000}, unhandledPromptBehavior: dismiss and notify}
Session ID: 89b1c0c3-9f20-6c47-922d-cf850755a552)
[[ATTACHMENT|/Users/sumankompelly/Relative xpath-Desktop/Reports/1.11.2/20190703_215901/1562209329640.png]]

2019-07-03 23:02:09 - [MESSAGE][FAILED] - click(findTestObject("OCS-DESKTOP/Pagination_OR/Page_Pre-Rolled  Ontario Cannabis S/a_2 - down")) FAILED.
Reason:
com.kms.katalon.core.exception.StepFailedException: Unable to click on object 'Object Repository/OCS-DESKTOP/Pagination_OR/Page_Pre-Rolled  Ontario Cannabis S/a_2 - down' (Root cause: org.openqa.selenium.ElementClickInterceptedException: Element <a class="js-page-link" href="#"> is not clickable at point (1273,1) because another element <div class="menu-bar__content"> obscures it
Build info: version: '3.7.1', revision: '8a0099a', time: '2017-11-06T21:07:36.161Z'
System info: host: 'sumans-MacBook-Pro.local', ip: 'fe80:0:0:0:10b5:ab76:5e8b:ef36%en0', os.name: 'Mac OS X', os.arch: 'x86_64', os.version: '10.13.6', java.version: '1.8.0_181'
Driver info: com.kms.katalon.core.webui.driver.firefox.CGeckoDriver
Capabilities {acceptInsecureCerts: true, browserName: firefox, browserVersion: 67.0.4, javascriptEnabled: true, moz:accessibilityChecks: false, moz:buildID: 20190619235627, moz:geckodriverVersion: 0.23.0, moz:headless: false, moz:processID: 905, moz:profile: /var/folders/1t/c55l8xzs6gq..., moz:shutdownTimeout: 60000, moz:useNonSpecCompliantPointerOrigin: false, moz:webdriverClick: true, pageLoadStrategy: normal, platform: MAC, platformName: MAC, platformVersion: 17.7.0, proxy: Proxy(direct), rotatable: false, setWindowRect: true, strictFileInteractability: false, timeouts: {implicit: 0, pageLoad: 300000, script: 30000}, unhandledPromptBehavior: dismiss and notify}
Session ID: 89b1c0c3-9f20-6c47-922d-cf850755a552)
	at com.kms.katalon.core.keyword.internal.KeywordMain.stepFailed(KeywordMain.groovy:36)
	at com.kms.katalon.core.webui.keyword.internal.WebUIKeywordMain.stepFailed(WebUIKeywordMain.groovy:65)
	at com.kms.katalon.core.webui.keyword.internal.WebUIKeywordMain.runKeyword(WebUIKeywordMain.groovy:27)
	at com.kms.katalon.core.webui.keyword.builtin.ClickKeyword.click(ClickKeyword.groovy:86)
	at com.kms.katalon.core.webui.keyword.builtin.ClickKeyword.execute(ClickKeyword.groovy:67)
	at com.kms.katalon.core.keyword.internal.KeywordExecutor.executeKeywordForPlatform(KeywordExecutor.groovy:53)
	at com.kms.katalon.core.webui.keyword.WebUiBuiltInKeywords.click(WebUiBuiltInKeywords.groovy:616)
	at com.kms.katalon.core.webui.keyword.WebUiBuiltInKeywords$click$4.call(Unknown Source)
	at Pagination.run(Pagination:75)
	at com.kms.katalon.core.main.ScriptEngine.run(ScriptEngine.java:194)
	at com.kms.katalon.core.main.ScriptEngine.runScriptAsRawText(ScriptEngine.java:119)
	at com.kms.katalon.core.main.TestCaseExecutor.runScript(TestCaseExecutor.java:328)
	at com.kms.katalon.core.main.TestCaseExecutor.doExecute(TestCaseExecutor.java:319)
	at com.kms.katalon.core.main.TestCaseExecutor.processExecutionPhase(TestCaseExecutor.java:298)
	at com.kms.katalon.core.main.TestCaseExecutor.accessMainPhase(TestCaseExecutor.java:290)
	at com.kms.katalon.core.main.TestCaseExecutor.execute(TestCaseExecutor.java:224)
	at com.kms.katalon.core.main.TestSuiteExecutor.accessTestCaseMainPhase(TestSuiteExecutor.java:129)
	at com.kms.katalon.core.main.TestSuiteExecutor.accessTestSuiteMainPhase(TestSuiteExecutor.java:112)
	at com.kms.katalon.core.main.TestSuiteExecutor.execute(TestSuiteExecutor.java:81)
	at com.kms.katalon.core.main.TestCaseMain.startTestSuite(TestCaseMain.java:149)
	at com.kms.katalon.core.main.TestCaseMain$startTestSuite$0.call(Unknown Source)
	at TempTestSuite1562205541804.run(TempTestSuite1562205541804.groovy:36)]]></system-out>
         <system-err><![CDATA[2019-07-03 23:01:12 - [TEST_CASE][FAILED] - Test Cases/OCS - DESKTOP/OCS-COLLECTION PAGE/Pagination: Test Cases/OCS - DESKTOP/OCS-COLLECTION PAGE/Pagination FAILED.
Reason:
com.kms.katalon.core.exception.StepFailedException: Unable to click on object 'Object Repository/OCS-DESKTOP/Pagination_OR/Page_Pre-Rolled  Ontario Cannabis S/a_2 - down' (Root cause: org.openqa.selenium.ElementClickInterceptedException: Element <a class="js-page-link" href="#"> is not clickable at point (1273,1) because another element <div class="menu-bar__content"> obscures it
Build info: version: '3.7.1', revision: '8a0099a', time: '2017-11-06T21:07:36.161Z'
System info: host: 'sumans-MacBook-Pro.local', ip: 'fe80:0:0:0:10b5:ab76:5e8b:ef36%en0', os.name: 'Mac OS X', os.arch: 'x86_64', os.version: '10.13.6', java.version: '1.8.0_181'
Driver info: com.kms.katalon.core.webui.driver.firefox.CGeckoDriver
Capabilities {acceptInsecureCerts: true, browserName: firefox, browserVersion: 67.0.4, javascriptEnabled: true, moz:accessibilityChecks: false, moz:buildID: 20190619235627, moz:geckodriverVersion: 0.23.0, moz:headless: false, moz:processID: 905, moz:profile: /var/folders/1t/c55l8xzs6gq..., moz:shutdownTimeout: 60000, moz:useNonSpecCompliantPointerOrigin: false, moz:webdriverClick: true, pageLoadStrategy: normal, platform: MAC, platformName: MAC, platformVersion: 17.7.0, proxy: Proxy(direct), rotatable: false, setWindowRect: true, strictFileInteractability: false, timeouts: {implicit: 0, pageLoad: 300000, script: 30000}, unhandledPromptBehavior: dismiss and notify}
Session ID: 89b1c0c3-9f20-6c47-922d-cf850755a552)
	at com.kms.katalon.core.keyword.internal.KeywordMain.stepFailed(KeywordMain.groovy:36)
	at com.kms.katalon.core.webui.keyword.internal.WebUIKeywordMain.stepFailed(WebUIKeywordMain.groovy:65)
	at com.kms.katalon.core.webui.keyword.internal.WebUIKeywordMain.runKeyword(WebUIKeywordMain.groovy:27)
	at com.kms.katalon.core.webui.keyword.builtin.ClickKeyword.click(ClickKeyword.groovy:86)
	at com.kms.katalon.core.webui.keyword.builtin.ClickKeyword.execute(ClickKeyword.groovy:67)
	at com.kms.katalon.core.keyword.internal.KeywordExecutor.executeKeywordForPlatform(KeywordExecutor.groovy:53)
	at com.kms.katalon.core.webui.keyword.WebUiBuiltInKeywords.click(WebUiBuiltInKeywords.groovy:616)
	at com.kms.katalon.core.webui.keyword.WebUiBuiltInKeywords$click$4.call(Unknown Source)
	at Pagination.run(Pagination:75)
	at com.kms.katalon.core.main.ScriptEngine.run(ScriptEngine.java:194)
	at com.kms.katalon.core.main.ScriptEngine.runScriptAsRawText(ScriptEngine.java:119)
	at com.kms.katalon.core.main.TestCaseExecutor.runScript(TestCaseExecutor.java:328)
	at com.kms.katalon.core.main.TestCaseExecutor.doExecute(TestCaseExecutor.java:319)
	at com.kms.katalon.core.main.TestCaseExecutor.processExecutionPhase(TestCaseExecutor.java:298)
	at com.kms.katalon.core.main.TestCaseExecutor.accessMainPhase(TestCaseExecutor.java:290)
	at com.kms.katalon.core.main.TestCaseExecutor.execute(TestCaseExecutor.java:224)
	at com.kms.katalon.core.main.TestSuiteExecutor.accessTestCaseMainPhase(TestSuiteExecutor.java:129)
	at com.kms.katalon.core.main.TestSuiteExecutor.accessTestSuiteMainPhase(TestSuiteExecutor.java:112)
	at com.kms.katalon.core.main.TestSuiteExecutor.execute(TestSuiteExecutor.java:81)
	at com.kms.katalon.core.main.TestCaseMain.startTestSuite(TestCaseMain.java:149)
	at com.kms.katalon.core.main.TestCaseMain$startTestSuite$0.call(Unknown Source)
	at TempTestSuite1562205541804.run(TempTestSuite1562205541804.groovy:36)]]></system-err>
      </testcase>
      <testcase name="Test Cases/OCS - DESKTOP/OCS-COLLECTION PAGE/What to consider" classname="Test Cases/OCS - DESKTOP/OCS-COLLECTION PAGE/What to consider" status="PASSED">
         <system-out><![CDATA[2019-07-03 23:02:09 - [TEST_CASE][PASSED] - Test Cases/OCS - DESKTOP/OCS-COLLECTION PAGE/What to consider: Test Cases/OCS - DESKTOP/OCS-COLLECTION PAGE/What to consider

2019-07-03 23:02:09 - [TEST_STEP][PASSED] - callTestCase(findTestCase("OCS - DESKTOP/CALL- Age gate"), [:], STOP_ON_FAILURE): Call Test Case 'Test Cases/OCS - DESKTOP/CALL- Age gate' successfully

2019-07-03 23:02:09 - [TEST_CASE][PASSED] - Test Cases/OCS - DESKTOP/CALL- Age gate: Test Cases/OCS - DESKTOP/CALL- Age gate

2019-07-03 23:02:09 - [TEST_STEP][PASSED] - openBrowser(""): Browser is opened with url: ''

2019-07-03 23:02:09 - [MESSAGE][WARNING] - A browser is already opened. Closing browser and opening a new one

2019-07-03 23:02:10 - [MESSAGE][INFO] - Starting 'Firefox' driver

2019-07-03 23:02:12 - [MESSAGE][PASSED] - Browser is opened with url: ''

2019-07-03 23:02:12 - [TEST_STEP][PASSED] - navigateToUrl("https://ocs.ca/?fts=0&preview_theme_id=74203891532"): Navigate to 'https://ocs.ca/?fts=0&preview_theme_id=74203891532' successfully

2019-07-03 23:02:19 - [MESSAGE][PASSED] - Navigate to 'https://ocs.ca/?fts=0&preview_theme_id=74203891532' successfully

2019-07-03 23:02:19 - [TEST_STEP][PASSED] - maximizeWindow(): Current window maximized

2019-07-03 23:02:19 - [MESSAGE][PASSED] - Current window maximized

2019-07-03 23:02:19 - [TEST_STEP][PASSED] - delay(2): Delayed 2 second(s)

2019-07-03 23:02:21 - [MESSAGE][PASSED] - Delayed 2 second(s)

2019-07-03 23:02:21 - [TEST_STEP][PASSED] - executeJavaScript("var previewBar = document.getElementById("preview-bar-iframe"); previewBar.style.display = "none";", []): Execute JavaScript 'var previewBar = document.getElementById("preview-bar-iframe"); previewBar.style.display = "none";' successfully

2019-07-03 23:02:21 - [MESSAGE][PASSED] - Execute JavaScript 'var previewBar = document.getElementById("preview-bar-iframe"); previewBar.style.display = "none";' successfully

2019-07-03 23:02:21 - [TEST_STEP][PASSED] - selectOptionByValue(findTestObject("OCS-DESKTOP/Age gate and Mega menu/Date"), "12", true): All options with value '12' are selected in object 'Object Repository/OCS-DESKTOP/Age gate and Mega menu/Date'  using regular expression

2019-07-03 23:02:22 - [MESSAGE][PASSED] - All options with value '12' are selected in object 'Object Repository/OCS-DESKTOP/Age gate and Mega menu/Date'  using regular expression

2019-07-03 23:02:22 - [TEST_STEP][PASSED] - selectOptionByValue(findTestObject("OCS-DESKTOP/Age gate and Mega menu/month"), "6", true): All options with value '6' are selected in object 'Object Repository/OCS-DESKTOP/Age gate and Mega menu/month'  using regular expression

2019-07-03 23:02:22 - [MESSAGE][PASSED] - All options with value '6' are selected in object 'Object Repository/OCS-DESKTOP/Age gate and Mega menu/month'  using regular expression

2019-07-03 23:02:22 - [TEST_STEP][PASSED] - delay(2): Delayed 2 second(s)

2019-07-03 23:02:24 - [MESSAGE][PASSED] - Delayed 2 second(s)

2019-07-03 23:02:24 - [TEST_STEP][PASSED] - selectOptionByValue(findTestObject("OCS-DESKTOP/Age gate and Mega menu/Year Dropdown"), "1990", true): All options with value '1990' are selected in object 'Object Repository/OCS-DESKTOP/Age gate and Mega menu/Year Dropdown'  using regular expression

2019-07-03 23:02:26 - [MESSAGE][PASSED] - All options with value '1990' are selected in object 'Object Repository/OCS-DESKTOP/Age gate and Mega menu/Year Dropdown'  using regular expression

2019-07-03 23:02:26 - [TEST_STEP][PASSED] - click(findTestObject("OCS-DESKTOP/Age gate and Mega menu/button_Verify")): Object: 'Object Repository/OCS-DESKTOP/Age gate and Mega menu/button_Verify' is clicked on

2019-07-03 23:02:26 - [MESSAGE][PASSED] - Object: 'Object Repository/OCS-DESKTOP/Age gate and Mega menu/button_Verify' is clicked on

2019-07-03 23:02:26 - [TEST_STEP][PASSED] - click(findTestObject("OCS-DESKTOP/Age gate and Mega menu/Checkbox_CONFIRM AND ACKNOWLEDGE")): Object: 'Object Repository/OCS-DESKTOP/Age gate and Mega menu/Checkbox_CONFIRM AND ACKNOWLEDGE' is clicked on

2019-07-03 23:02:26 - [MESSAGE][PASSED] - Object: 'Object Repository/OCS-DESKTOP/Age gate and Mega menu/Checkbox_CONFIRM AND ACKNOWLEDGE' is clicked on

2019-07-03 23:02:26 - [TEST_STEP][PASSED] - click(findTestObject("OCS-DESKTOP/Age gate and Mega menu/button_CONFIRM")): Object: 'Object Repository/OCS-DESKTOP/Age gate and Mega menu/button_CONFIRM' is clicked on

2019-07-03 23:02:27 - [MESSAGE][PASSED] - Object: 'Object Repository/OCS-DESKTOP/Age gate and Mega menu/button_CONFIRM' is clicked on

2019-07-03 23:02:27 - [TEST_STEP][PASSED] - click(findTestObject("OCS-DESKTOP/Age gate and Mega menu/button_Start Browsing")): Object: 'Object Repository/OCS-DESKTOP/Age gate and Mega menu/button_Start Browsing' is clicked on

2019-07-03 23:02:27 - [MESSAGE][PASSED] - Object: 'Object Repository/OCS-DESKTOP/Age gate and Mega menu/button_Start Browsing' is clicked on

2019-07-03 23:02:27 - [TEST_STEP][PASSED] - delay(2): Delayed 2 second(s)

2019-07-03 23:02:29 - [MESSAGE][PASSED] - Delayed 2 second(s)

2019-07-03 23:02:29 - [TEST_STEP][PASSED] - refresh(): Refresh successfully

2019-07-03 23:02:32 - [MESSAGE][PASSED] - Refresh successfully

2019-07-03 23:02:32 - [MESSAGE][PASSED] - Call Test Case 'Test Cases/OCS - DESKTOP/CALL- Age gate' successfully

2019-07-03 23:02:32 - [TEST_STEP][PASSED] - delay(2): Delayed 2 second(s)

2019-07-03 23:02:34 - [MESSAGE][PASSED] - Delayed 2 second(s)

2019-07-03 23:02:34 - [TEST_STEP][NOT_RUN] - click(findTestObject("OCS-MOBILE /Age gate and burger menu/Burger menu - English")): NOT_RUN: click(findTestObject("OCS-MOBILE /Age gate and burger menu/Burger menu - English"))

2019-07-03 23:02:34 - [MESSAGE][NOT_RUN] - NOT_RUN: click(findTestObject("OCS-MOBILE /Age gate and burger menu/Burger menu - English"))

2019-07-03 23:02:34 - [TEST_STEP][PASSED] - delay(2): Delayed 2 second(s)

2019-07-03 23:02:36 - [MESSAGE][PASSED] - Delayed 2 second(s)

2019-07-03 23:02:36 - [TEST_STEP][PASSED] - click(findTestObject("OCS-DESKTOP/Age gate and Mega menu/Chevron_Cannabis")): Object: 'Object Repository/OCS-DESKTOP/Age gate and Mega menu/Chevron_Cannabis' is clicked on

2019-07-03 23:02:37 - [MESSAGE][PASSED] - Object: 'Object Repository/OCS-DESKTOP/Age gate and Mega menu/Chevron_Cannabis' is clicked on

2019-07-03 23:02:37 - [TEST_STEP][PASSED] - delay(2): Delayed 2 second(s)

2019-07-03 23:02:39 - [MESSAGE][PASSED] - Delayed 2 second(s)

2019-07-03 23:02:39 - [TEST_STEP][PASSED] - click(findTestObject("OCS-DESKTOP/Cannabis page/Dried flower")): Object: 'Object Repository/OCS-DESKTOP/Cannabis page/Dried flower' is clicked on

2019-07-03 23:02:42 - [MESSAGE][PASSED] - Object: 'Object Repository/OCS-DESKTOP/Cannabis page/Dried flower' is clicked on

2019-07-03 23:02:42 - [TEST_STEP][PASSED] - delay(2): Delayed 2 second(s)

2019-07-03 23:02:44 - [MESSAGE][PASSED] - Delayed 2 second(s)

2019-07-03 23:02:44 - [TEST_STEP][NOT_RUN] - click(findTestObject("OCS-DESKTOP/Cannabis page/Dried flower - Indica dominant")): NOT_RUN: click(findTestObject("OCS-DESKTOP/Cannabis page/Dried flower - Indica dominant"))

2019-07-03 23:02:44 - [MESSAGE][NOT_RUN] - NOT_RUN: click(findTestObject("OCS-DESKTOP/Cannabis page/Dried flower - Indica dominant"))

2019-07-03 23:02:44 - [TEST_STEP][PASSED] - executeJavaScript("var previewBar = document.getElementById("preview-bar-iframe"); previewBar.style.display = "none";", []): Execute JavaScript 'var previewBar = document.getElementById("preview-bar-iframe"); previewBar.style.display = "none";' successfully

2019-07-03 23:02:44 - [MESSAGE][PASSED] - Execute JavaScript 'var previewBar = document.getElementById("preview-bar-iframe"); previewBar.style.display = "none";' successfully

2019-07-03 23:02:44 - [TEST_STEP][PASSED] - delay(2): Delayed 2 second(s)

2019-07-03 23:02:46 - [MESSAGE][PASSED] - Delayed 2 second(s)

2019-07-03 23:02:46 - [TEST_STEP][NOT_RUN] - click(findTestObject("OCS-DESKTOP/Collection page/loadmore")): NOT_RUN: click(findTestObject("OCS-DESKTOP/Collection page/loadmore"))

2019-07-03 23:02:46 - [MESSAGE][NOT_RUN] - NOT_RUN: click(findTestObject("OCS-DESKTOP/Collection page/loadmore"))

2019-07-03 23:02:46 - [TEST_STEP][PASSED] - delay(2): Delayed 2 second(s)

2019-07-03 23:02:48 - [MESSAGE][PASSED] - Delayed 2 second(s)

2019-07-03 23:02:48 - [TEST_STEP][PASSED] - click(findTestObject("OCS-DESKTOP/Collection page/What to consider")): Object: 'Object Repository/OCS-DESKTOP/Collection page/What to consider' is clicked on

2019-07-03 23:02:51 - [MESSAGE][PASSED] - Object: 'Object Repository/OCS-DESKTOP/Collection page/What to consider' is clicked on

2019-07-03 23:02:51 - [TEST_STEP][PASSED] - delay(2): Delayed 2 second(s)

2019-07-03 23:02:53 - [MESSAGE][PASSED] - Delayed 2 second(s)

2019-07-03 23:02:53 - [TEST_STEP][PASSED] - verifyTextPresent("Six things to know before deciding to consume cannabis.", false): Text 'Six things to know before deciding to consume cannabis.' is present on page 

2019-07-03 23:02:53 - [MESSAGE][PASSED] - Text 'Six things to know before deciding to consume cannabis.' is present on page]]></system-out>
         <system-err><![CDATA[]]></system-err>
      </testcase>
      <testcase name="Test Cases/OCS - DESKTOP/OCS-COLLECTION PAGE/Filter" classname="Test Cases/OCS - DESKTOP/OCS-COLLECTION PAGE/Filter" status="PASSED">
         <system-out><![CDATA[2019-07-03 23:02:53 - [TEST_CASE][PASSED] - Test Cases/OCS - DESKTOP/OCS-COLLECTION PAGE/Filter: Test Cases/OCS - DESKTOP/OCS-COLLECTION PAGE/Filter

2019-07-03 23:02:54 - [TEST_STEP][PASSED] - callTestCase(findTestCase("OCS - DESKTOP/CALL- Age gate"), [:], STOP_ON_FAILURE): Call Test Case 'Test Cases/OCS - DESKTOP/CALL- Age gate' successfully

2019-07-03 23:02:54 - [TEST_CASE][PASSED] - Test Cases/OCS - DESKTOP/CALL- Age gate: Test Cases/OCS - DESKTOP/CALL- Age gate

2019-07-03 23:02:54 - [TEST_STEP][PASSED] - openBrowser(""): Browser is opened with url: ''

2019-07-03 23:02:54 - [MESSAGE][WARNING] - A browser is already opened. Closing browser and opening a new one

2019-07-03 23:02:54 - [MESSAGE][INFO] - Starting 'Firefox' driver

2019-07-03 23:02:56 - [MESSAGE][PASSED] - Browser is opened with url: ''

2019-07-03 23:02:56 - [TEST_STEP][PASSED] - navigateToUrl("https://ocs.ca/?fts=0&preview_theme_id=74203891532"): Navigate to 'https://ocs.ca/?fts=0&preview_theme_id=74203891532' successfully

2019-07-03 23:03:03 - [MESSAGE][PASSED] - Navigate to 'https://ocs.ca/?fts=0&preview_theme_id=74203891532' successfully

2019-07-03 23:03:03 - [TEST_STEP][PASSED] - maximizeWindow(): Current window maximized

2019-07-03 23:03:04 - [MESSAGE][PASSED] - Current window maximized

2019-07-03 23:03:04 - [TEST_STEP][PASSED] - delay(2): Delayed 2 second(s)

2019-07-03 23:03:06 - [MESSAGE][PASSED] - Delayed 2 second(s)

2019-07-03 23:03:06 - [TEST_STEP][PASSED] - executeJavaScript("var previewBar = document.getElementById("preview-bar-iframe"); previewBar.style.display = "none";", []): Execute JavaScript 'var previewBar = document.getElementById("preview-bar-iframe"); previewBar.style.display = "none";' successfully

2019-07-03 23:03:06 - [MESSAGE][PASSED] - Execute JavaScript 'var previewBar = document.getElementById("preview-bar-iframe"); previewBar.style.display = "none";' successfully

2019-07-03 23:03:06 - [TEST_STEP][PASSED] - selectOptionByValue(findTestObject("OCS-DESKTOP/Age gate and Mega menu/Date"), "12", true): All options with value '12' are selected in object 'Object Repository/OCS-DESKTOP/Age gate and Mega menu/Date'  using regular expression

2019-07-03 23:03:07 - [MESSAGE][PASSED] - All options with value '12' are selected in object 'Object Repository/OCS-DESKTOP/Age gate and Mega menu/Date'  using regular expression

2019-07-03 23:03:07 - [TEST_STEP][PASSED] - selectOptionByValue(findTestObject("OCS-DESKTOP/Age gate and Mega menu/month"), "6", true): All options with value '6' are selected in object 'Object Repository/OCS-DESKTOP/Age gate and Mega menu/month'  using regular expression

2019-07-03 23:03:07 - [MESSAGE][PASSED] - All options with value '6' are selected in object 'Object Repository/OCS-DESKTOP/Age gate and Mega menu/month'  using regular expression

2019-07-03 23:03:07 - [TEST_STEP][PASSED] - delay(2): Delayed 2 second(s)

2019-07-03 23:03:09 - [MESSAGE][PASSED] - Delayed 2 second(s)

2019-07-03 23:03:09 - [TEST_STEP][PASSED] - selectOptionByValue(findTestObject("OCS-DESKTOP/Age gate and Mega menu/Year Dropdown"), "1990", true): All options with value '1990' are selected in object 'Object Repository/OCS-DESKTOP/Age gate and Mega menu/Year Dropdown'  using regular expression

2019-07-03 23:03:11 - [MESSAGE][PASSED] - All options with value '1990' are selected in object 'Object Repository/OCS-DESKTOP/Age gate and Mega menu/Year Dropdown'  using regular expression

2019-07-03 23:03:11 - [TEST_STEP][PASSED] - click(findTestObject("OCS-DESKTOP/Age gate and Mega menu/button_Verify")): Object: 'Object Repository/OCS-DESKTOP/Age gate and Mega menu/button_Verify' is clicked on

2019-07-03 23:03:11 - [MESSAGE][PASSED] - Object: 'Object Repository/OCS-DESKTOP/Age gate and Mega menu/button_Verify' is clicked on

2019-07-03 23:03:11 - [TEST_STEP][PASSED] - click(findTestObject("OCS-DESKTOP/Age gate and Mega menu/Checkbox_CONFIRM AND ACKNOWLEDGE")): Object: 'Object Repository/OCS-DESKTOP/Age gate and Mega menu/Checkbox_CONFIRM AND ACKNOWLEDGE' is clicked on

2019-07-03 23:03:11 - [MESSAGE][PASSED] - Object: 'Object Repository/OCS-DESKTOP/Age gate and Mega menu/Checkbox_CONFIRM AND ACKNOWLEDGE' is clicked on

2019-07-03 23:03:11 - [TEST_STEP][PASSED] - click(findTestObject("OCS-DESKTOP/Age gate and Mega menu/button_CONFIRM")): Object: 'Object Repository/OCS-DESKTOP/Age gate and Mega menu/button_CONFIRM' is clicked on

2019-07-03 23:03:11 - [MESSAGE][PASSED] - Object: 'Object Repository/OCS-DESKTOP/Age gate and Mega menu/button_CONFIRM' is clicked on

2019-07-03 23:03:11 - [TEST_STEP][PASSED] - click(findTestObject("OCS-DESKTOP/Age gate and Mega menu/button_Start Browsing")): Object: 'Object Repository/OCS-DESKTOP/Age gate and Mega menu/button_Start Browsing' is clicked on

2019-07-03 23:03:12 - [MESSAGE][PASSED] - Object: 'Object Repository/OCS-DESKTOP/Age gate and Mega menu/button_Start Browsing' is clicked on

2019-07-03 23:03:12 - [TEST_STEP][PASSED] - delay(2): Delayed 2 second(s)

2019-07-03 23:03:14 - [MESSAGE][PASSED] - Delayed 2 second(s)

2019-07-03 23:03:14 - [TEST_STEP][PASSED] - refresh(): Refresh successfully

2019-07-03 23:03:15 - [MESSAGE][PASSED] - Refresh successfully

2019-07-03 23:03:15 - [MESSAGE][PASSED] - Call Test Case 'Test Cases/OCS - DESKTOP/CALL- Age gate' successfully

2019-07-03 23:03:15 - [TEST_STEP][NOT_RUN] - click(findTestObject("OCS-MOBILE /Age gate and burger menu/Burger menu - English")): NOT_RUN: click(findTestObject("OCS-MOBILE /Age gate and burger menu/Burger menu - English"))

2019-07-03 23:03:15 - [MESSAGE][NOT_RUN] - NOT_RUN: click(findTestObject("OCS-MOBILE /Age gate and burger menu/Burger menu - English"))

2019-07-03 23:03:15 - [TEST_STEP][PASSED] - delay(2): Delayed 2 second(s)

2019-07-03 23:03:17 - [MESSAGE][PASSED] - Delayed 2 second(s)

2019-07-03 23:03:17 - [TEST_STEP][PASSED] - click(findTestObject("OCS-DESKTOP/Age gate and Mega menu/Chevron_Cannabis")): Object: 'Object Repository/OCS-DESKTOP/Age gate and Mega menu/Chevron_Cannabis' is clicked on

2019-07-03 23:03:18 - [MESSAGE][PASSED] - Object: 'Object Repository/OCS-DESKTOP/Age gate and Mega menu/Chevron_Cannabis' is clicked on

2019-07-03 23:03:18 - [TEST_STEP][PASSED] - delay(1): Delayed 1 second(s)

2019-07-03 23:03:19 - [MESSAGE][PASSED] - Delayed 1 second(s)

2019-07-03 23:03:19 - [TEST_STEP][PASSED] - click(findTestObject("OCS-DESKTOP/Cannabis page/Dried flower")): Object: 'Object Repository/OCS-DESKTOP/Cannabis page/Dried flower' is clicked on

2019-07-03 23:03:21 - [MESSAGE][PASSED] - Object: 'Object Repository/OCS-DESKTOP/Cannabis page/Dried flower' is clicked on

2019-07-03 23:03:21 - [TEST_STEP][PASSED] - delay(1): Delayed 1 second(s)

2019-07-03 23:03:22 - [MESSAGE][PASSED] - Delayed 1 second(s)

2019-07-03 23:03:22 - [TEST_STEP][NOT_RUN] - click(findTestObject("OCS-DESKTOP/Cannabis page/Dried flower - Indica dominant")): NOT_RUN: click(findTestObject("OCS-DESKTOP/Cannabis page/Dried flower - Indica dominant"))

2019-07-03 23:03:22 - [MESSAGE][NOT_RUN] - NOT_RUN: click(findTestObject("OCS-DESKTOP/Cannabis page/Dried flower - Indica dominant"))

2019-07-03 23:03:22 - [TEST_STEP][PASSED] - delay(1): Delayed 1 second(s)

2019-07-03 23:03:23 - [MESSAGE][PASSED] - Delayed 1 second(s)

2019-07-03 23:03:23 - [TEST_STEP][PASSED] - click(findTestObject("OCS-DESKTOP/Filter flyout/Filter option")): Object: 'Object Repository/OCS-DESKTOP/Filter flyout/Filter option' is clicked on

2019-07-03 23:03:23 - [MESSAGE][PASSED] - Object: 'Object Repository/OCS-DESKTOP/Filter flyout/Filter option' is clicked on

2019-07-03 23:03:23 - [TEST_STEP][PASSED] - delay(2): Delayed 2 second(s)

2019-07-03 23:03:25 - [MESSAGE][PASSED] - Delayed 2 second(s)

2019-07-03 23:03:25 - [TEST_STEP][PASSED] - mouseOver(findTestObject("OCS-DESKTOP/Filter flyout/THC - CBD Tool tip")): Object: 'Object Repository/OCS-DESKTOP/Filter flyout/THC - CBD Tool tip' is hovered

2019-07-03 23:03:25 - [MESSAGE][PASSED] - Object: 'Object Repository/OCS-DESKTOP/Filter flyout/THC - CBD Tool tip' is hovered

2019-07-03 23:03:25 - [TEST_STEP][PASSED] - click(findTestObject("OCS-DESKTOP/Filter flyout/Click element outside")): Object: 'Object Repository/OCS-DESKTOP/Filter flyout/Click element outside' is clicked on

2019-07-03 23:03:26 - [MESSAGE][PASSED] - Object: 'Object Repository/OCS-DESKTOP/Filter flyout/Click element outside' is clicked on

2019-07-03 23:03:26 - [TEST_STEP][PASSED] - delay(2): Delayed 2 second(s)

2019-07-03 23:03:28 - [MESSAGE][PASSED] - Delayed 2 second(s)

2019-07-03 23:03:28 - [TEST_STEP][PASSED] - click(findTestObject("OCS-DESKTOP/Filter flyout/THC CBD plus accordian")): Object: 'Object Repository/OCS-DESKTOP/Filter flyout/THC CBD plus accordian' is clicked on

2019-07-03 23:03:28 - [MESSAGE][PASSED] - Object: 'Object Repository/OCS-DESKTOP/Filter flyout/THC CBD plus accordian' is clicked on

2019-07-03 23:03:28 - [TEST_STEP][PASSED] - delay(2): Delayed 2 second(s)

2019-07-03 23:03:30 - [MESSAGE][PASSED] - Delayed 2 second(s)

2019-07-03 23:03:30 - [TEST_STEP][PASSED] - click(findTestObject("OCS-DESKTOP/Filter flyout/THC - CBD Subtract accordian")): Object: 'Object Repository/OCS-DESKTOP/Filter flyout/THC - CBD Subtract accordian' is clicked on

2019-07-03 23:03:30 - [MESSAGE][PASSED] - Object: 'Object Repository/OCS-DESKTOP/Filter flyout/THC - CBD Subtract accordian' is clicked on

2019-07-03 23:03:30 - [TEST_STEP][PASSED] - delay(2): Delayed 2 second(s)

2019-07-03 23:03:32 - [MESSAGE][PASSED] - Delayed 2 second(s)

2019-07-03 23:03:32 - [TEST_STEP][PASSED] - click(findTestObject("OCS-DESKTOP/Filter flyout/THC CBD plus accordian")): Object: 'Object Repository/OCS-DESKTOP/Filter flyout/THC CBD plus accordian' is clicked on

2019-07-03 23:03:32 - [MESSAGE][PASSED] - Object: 'Object Repository/OCS-DESKTOP/Filter flyout/THC CBD plus accordian' is clicked on

2019-07-03 23:03:32 - [TEST_STEP][NOT_RUN] - click(findTestObject("OCS-MOBILE /Filter flyout/div_18.00")): NOT_RUN: click(findTestObject("OCS-MOBILE /Filter flyout/div_18.00"))

2019-07-03 23:03:32 - [MESSAGE][NOT_RUN] - NOT_RUN: click(findTestObject("OCS-MOBILE /Filter flyout/div_18.00"))

2019-07-03 23:03:32 - [TEST_STEP][NOT_RUN] - delay(2): NOT_RUN: delay(2)

2019-07-03 23:03:32 - [MESSAGE][NOT_RUN] - NOT_RUN: delay(2)

2019-07-03 23:03:32 - [TEST_STEP][NOT_RUN] - click(findTestObject("OCS-MOBILE /Filter flyout/div_25.00")): NOT_RUN: click(findTestObject("OCS-MOBILE /Filter flyout/div_25.00"))

2019-07-03 23:03:32 - [MESSAGE][NOT_RUN] - NOT_RUN: click(findTestObject("OCS-MOBILE /Filter flyout/div_25.00"))

2019-07-03 23:03:32 - [TEST_STEP][NOT_RUN] - delay(2): NOT_RUN: delay(2)

2019-07-03 23:03:32 - [MESSAGE][NOT_RUN] - NOT_RUN: delay(2)

2019-07-03 23:03:32 - [TEST_STEP][NOT_RUN] - click(findTestObject("OCS-MOBILE /Filter flyout/div_14.00")): NOT_RUN: click(findTestObject("OCS-MOBILE /Filter flyout/div_14.00"))

2019-07-03 23:03:32 - [MESSAGE][NOT_RUN] - NOT_RUN: click(findTestObject("OCS-MOBILE /Filter flyout/div_14.00"))

2019-07-03 23:03:32 - [TEST_STEP][NOT_RUN] - delay(2): NOT_RUN: delay(2)

2019-07-03 23:03:32 - [MESSAGE][NOT_RUN] - NOT_RUN: delay(2)

2019-07-03 23:03:32 - [TEST_STEP][NOT_RUN] - click(findTestObject("OCS-MOBILE /Filter flyout/div_19.00")): NOT_RUN: click(findTestObject("OCS-MOBILE /Filter flyout/div_19.00"))

2019-07-03 23:03:32 - [MESSAGE][NOT_RUN] - NOT_RUN: click(findTestObject("OCS-MOBILE /Filter flyout/div_19.00"))

2019-07-03 23:03:32 - [TEST_STEP][PASSED] - delay(2): Delayed 2 second(s)

2019-07-03 23:03:34 - [MESSAGE][PASSED] - Delayed 2 second(s)

2019-07-03 23:03:34 - [TEST_STEP][NOT_RUN] - click(findTestObject("OCS-MOBILE /Filter flyout/Learn More About THC CBD")): NOT_RUN: click(findTestObject("OCS-MOBILE /Filter flyout/Learn More About THC CBD"))

2019-07-03 23:03:34 - [MESSAGE][NOT_RUN] - NOT_RUN: click(findTestObject("OCS-MOBILE /Filter flyout/Learn More About THC CBD"))

2019-07-03 23:03:34 - [TEST_STEP][PASSED] - delay(4): Delayed 4 second(s)

2019-07-03 23:03:38 - [MESSAGE][PASSED] - Delayed 4 second(s)

2019-07-03 23:03:38 - [TEST_STEP][NOT_RUN] - callTestCase(findTestCase("OCS - MOBILE/OCS-COLLECTION PAGE/calling test case"), [:], STOP_ON_FAILURE): NOT_RUN: callTestCase(findTestCase("OCS - MOBILE/OCS-COLLECTION PAGE/calling test case"), [:], STOP_ON_FAILURE)

2019-07-03 23:03:38 - [MESSAGE][NOT_RUN] - NOT_RUN: callTestCase(findTestCase("OCS - MOBILE/OCS-COLLECTION PAGE/calling test case"), [:], STOP_ON_FAILURE)

2019-07-03 23:03:38 - [TEST_STEP][NOT_RUN] - click(findTestObject("OCS-MOBILE /Filter flyout/Filter option")): NOT_RUN: click(findTestObject("OCS-MOBILE /Filter flyout/Filter option"))

2019-07-03 23:03:38 - [MESSAGE][NOT_RUN] - NOT_RUN: click(findTestObject("OCS-MOBILE /Filter flyout/Filter option"))

2019-07-03 23:03:38 - [TEST_STEP][PASSED] - click(findTestObject("OCS-DESKTOP/Filter flyout/Plant type tooltip")): Object: 'Object Repository/OCS-DESKTOP/Filter flyout/Plant type tooltip' is clicked on

2019-07-03 23:03:39 - [MESSAGE][PASSED] - Object: 'Object Repository/OCS-DESKTOP/Filter flyout/Plant type tooltip' is clicked on

2019-07-03 23:03:39 - [TEST_STEP][PASSED] - delay(2): Delayed 2 second(s)

2019-07-03 23:03:41 - [MESSAGE][PASSED] - Delayed 2 second(s)

2019-07-03 23:03:41 - [TEST_STEP][PASSED] - click(findTestObject("OCS-DESKTOP/Filter flyout/Click element outside")): Object: 'Object Repository/OCS-DESKTOP/Filter flyout/Click element outside' is clicked on

2019-07-03 23:03:41 - [MESSAGE][PASSED] - Object: 'Object Repository/OCS-DESKTOP/Filter flyout/Click element outside' is clicked on

2019-07-03 23:03:41 - [TEST_STEP][PASSED] - click(findTestObject("OCS-DESKTOP/Filter flyout/Plant type plus accordian")): Object: 'Object Repository/OCS-DESKTOP/Filter flyout/Plant type plus accordian' is clicked on

2019-07-03 23:03:41 - [MESSAGE][PASSED] - Object: 'Object Repository/OCS-DESKTOP/Filter flyout/Plant type plus accordian' is clicked on

2019-07-03 23:03:41 - [TEST_STEP][PASSED] - delay(1): Delayed 1 second(s)

2019-07-03 23:03:42 - [MESSAGE][PASSED] - Delayed 1 second(s)

2019-07-03 23:03:42 - [TEST_STEP][PASSED] - click(findTestObject("OCS-DESKTOP/Filter flyout/Plant type subtract accordian")): Object: 'Object Repository/OCS-DESKTOP/Filter flyout/Plant type subtract accordian' is clicked on

2019-07-03 23:03:42 - [MESSAGE][PASSED] - Object: 'Object Repository/OCS-DESKTOP/Filter flyout/Plant type subtract accordian' is clicked on

2019-07-03 23:03:42 - [TEST_STEP][PASSED] - delay(1): Delayed 1 second(s)

2019-07-03 23:03:43 - [MESSAGE][PASSED] - Delayed 1 second(s)

2019-07-03 23:03:43 - [TEST_STEP][PASSED] - click(findTestObject("OCS-DESKTOP/Filter flyout/Plant type plus accordian")): Object: 'Object Repository/OCS-DESKTOP/Filter flyout/Plant type plus accordian' is clicked on

2019-07-03 23:03:44 - [MESSAGE][PASSED] - Object: 'Object Repository/OCS-DESKTOP/Filter flyout/Plant type plus accordian' is clicked on

2019-07-03 23:03:44 - [TEST_STEP][PASSED] - delay(2): Delayed 2 second(s)

2019-07-03 23:03:46 - [MESSAGE][PASSED] - Delayed 2 second(s)

2019-07-03 23:03:46 - [TEST_STEP][PASSED] - click(findTestObject("OCS-DESKTOP/Filter flyout/Indica Dominant")): Object: 'Object Repository/OCS-DESKTOP/Filter flyout/Indica Dominant' is clicked on

2019-07-03 23:03:46 - [MESSAGE][PASSED] - Object: 'Object Repository/OCS-DESKTOP/Filter flyout/Indica Dominant' is clicked on

2019-07-03 23:03:46 - [TEST_STEP][PASSED] - delay(2): Delayed 2 second(s)

2019-07-03 23:03:48 - [MESSAGE][PASSED] - Delayed 2 second(s)

2019-07-03 23:03:48 - [TEST_STEP][PASSED] - click(findTestObject("OCS-DESKTOP/Filter flyout/Sativa Dominant")): Object: 'Object Repository/OCS-DESKTOP/Filter flyout/Sativa Dominant' is clicked on

2019-07-03 23:03:48 - [MESSAGE][PASSED] - Object: 'Object Repository/OCS-DESKTOP/Filter flyout/Sativa Dominant' is clicked on

2019-07-03 23:03:48 - [TEST_STEP][PASSED] - delay(2): Delayed 2 second(s)

2019-07-03 23:03:50 - [MESSAGE][PASSED] - Delayed 2 second(s)

2019-07-03 23:03:50 - [TEST_STEP][PASSED] - click(findTestObject("OCS-DESKTOP/Filter flyout/Hybrid")): Object: 'Object Repository/OCS-DESKTOP/Filter flyout/Hybrid' is clicked on

2019-07-03 23:03:50 - [MESSAGE][PASSED] - Object: 'Object Repository/OCS-DESKTOP/Filter flyout/Hybrid' is clicked on

2019-07-03 23:03:50 - [TEST_STEP][PASSED] - delay(2): Delayed 2 second(s)

2019-07-03 23:03:52 - [MESSAGE][PASSED] - Delayed 2 second(s)

2019-07-03 23:03:52 - [TEST_STEP][PASSED] - click(findTestObject("OCS-DESKTOP/Filter flyout/Blend")): Object: 'Object Repository/OCS-DESKTOP/Filter flyout/Blend' is clicked on

2019-07-03 23:03:53 - [MESSAGE][PASSED] - Object: 'Object Repository/OCS-DESKTOP/Filter flyout/Blend' is clicked on

2019-07-03 23:03:53 - [TEST_STEP][PASSED] - delay(2): Delayed 2 second(s)

2019-07-03 23:03:55 - [MESSAGE][PASSED] - Delayed 2 second(s)

2019-07-03 23:03:55 - [TEST_STEP][NOT_RUN] - click(findTestObject("Object Repository/COLLECTION PAGE _OR/Filter_OR/Page_Pre-Rolled  Ontario Cannabis S/label_Sativa Dominant")): NOT_RUN: click(findTestObject("Object Repository/COLLECTION PAGE _OR/Filter_OR/Page_Pre-Rolled  Ontario Cannabis S/label_Sativa Dominant"))

2019-07-03 23:03:55 - [MESSAGE][NOT_RUN] - NOT_RUN: click(findTestObject("Object Repository/COLLECTION PAGE _OR/Filter_OR/Page_Pre-Rolled  Ontario Cannabis S/label_Sativa Dominant"))

2019-07-03 23:03:55 - [TEST_STEP][NOT_RUN] - delay(2): NOT_RUN: delay(2)

2019-07-03 23:03:55 - [MESSAGE][NOT_RUN] - NOT_RUN: delay(2)

2019-07-03 23:03:55 - [TEST_STEP][NOT_RUN] - click(findTestObject("Object Repository/COLLECTION PAGE _OR/Filter_OR/Page_Pre-Rolled  Ontario Cannabis S/label_Hybrid")): NOT_RUN: click(findTestObject("Object Repository/COLLECTION PAGE _OR/Filter_OR/Page_Pre-Rolled  Ontario Cannabis S/label_Hybrid"))

2019-07-03 23:03:55 - [MESSAGE][NOT_RUN] - NOT_RUN: click(findTestObject("Object Repository/COLLECTION PAGE _OR/Filter_OR/Page_Pre-Rolled  Ontario Cannabis S/label_Hybrid"))

2019-07-03 23:03:55 - [TEST_STEP][NOT_RUN] - delay(2): NOT_RUN: delay(2)

2019-07-03 23:03:55 - [MESSAGE][NOT_RUN] - NOT_RUN: delay(2)

2019-07-03 23:03:55 - [TEST_STEP][NOT_RUN] - click(findTestObject("Object Repository/COLLECTION PAGE _OR/Filter_OR/Page_Pre-Rolled  Ontario Cannabis S/label_Blend")): NOT_RUN: click(findTestObject("Object Repository/COLLECTION PAGE _OR/Filter_OR/Page_Pre-Rolled  Ontario Cannabis S/label_Blend"))

2019-07-03 23:03:55 - [MESSAGE][NOT_RUN] - NOT_RUN: click(findTestObject("Object Repository/COLLECTION PAGE _OR/Filter_OR/Page_Pre-Rolled  Ontario Cannabis S/label_Blend"))

2019-07-03 23:03:55 - [TEST_STEP][NOT_RUN] - delay(2): NOT_RUN: delay(2)

2019-07-03 23:03:55 - [MESSAGE][NOT_RUN] - NOT_RUN: delay(2)

2019-07-03 23:03:55 - [TEST_STEP][NOT_RUN] - click(findTestObject("OCS-MOBILE /Filter flyout/Learn More About Plant Type")): NOT_RUN: click(findTestObject("OCS-MOBILE /Filter flyout/Learn More About Plant Type"))

2019-07-03 23:03:55 - [MESSAGE][NOT_RUN] - NOT_RUN: click(findTestObject("OCS-MOBILE /Filter flyout/Learn More About Plant Type"))

2019-07-03 23:03:55 - [TEST_STEP][NOT_RUN] - delay(2): NOT_RUN: delay(2)

2019-07-03 23:03:55 - [MESSAGE][NOT_RUN] - NOT_RUN: delay(2)

2019-07-03 23:03:55 - [TEST_STEP][NOT_RUN] - callTestCase(findTestCase("OCS - MOBILE/OCS-COLLECTION PAGE/calling test case"), [:], STOP_ON_FAILURE): NOT_RUN: callTestCase(findTestCase("OCS - MOBILE/OCS-COLLECTION PAGE/calling test case"), [:], STOP_ON_FAILURE)

2019-07-03 23:03:55 - [MESSAGE][NOT_RUN] - NOT_RUN: callTestCase(findTestCase("OCS - MOBILE/OCS-COLLECTION PAGE/calling test case"), [:], STOP_ON_FAILURE)

2019-07-03 23:03:55 - [TEST_STEP][PASSED] - click(findTestObject("OCS-DESKTOP/Filter flyout/Plant type subtract accordian")): Object: 'Object Repository/OCS-DESKTOP/Filter flyout/Plant type subtract accordian' is clicked on

2019-07-03 23:03:55 - [MESSAGE][PASSED] - Object: 'Object Repository/OCS-DESKTOP/Filter flyout/Plant type subtract accordian' is clicked on

2019-07-03 23:03:55 - [TEST_STEP][PASSED] - delay(1): Delayed 1 second(s)

2019-07-03 23:03:56 - [MESSAGE][PASSED] - Delayed 1 second(s)

2019-07-03 23:03:56 - [TEST_STEP][PASSED] - click(findTestObject("OCS-DESKTOP/Filter flyout/Filter option"), OPTIONAL): Unable to click on object 'Object Repository/OCS-DESKTOP/Filter flyout/Filter option' (Root cause: org.openqa.selenium.ElementClickInterceptedException: Element <a> is not clickable at point (1237,372) because another element <div> obscures it
Build info: version: '3.7.1', revision: '8a0099a', time: '2017-11-06T21:07:36.161Z'
System info: host: 'sumans-MacBook-Pro.local', ip: 'fe80:0:0:0:10b5:ab76:5e8b:ef36%en0', os.name: 'Mac OS X', os.arch: 'x86_64', os.version: '10.13.6', java.version: '1.8.0_181'
Driver info: com.kms.katalon.core.webui.driver.firefox.CGeckoDriver
Capabilities {acceptInsecureCerts: true, browserName: firefox, browserVersion: 67.0.4, javascriptEnabled: true, moz:accessibilityChecks: false, moz:buildID: 20190619235627, moz:geckodriverVersion: 0.23.0, moz:headless: false, moz:processID: 917, moz:profile: /var/folders/1t/c55l8xzs6gq..., moz:shutdownTimeout: 60000, moz:useNonSpecCompliantPointerOrigin: false, moz:webdriverClick: true, pageLoadStrategy: normal, platform: MAC, platformName: MAC, platformVersion: 17.7.0, proxy: Proxy(direct), rotatable: false, setWindowRect: true, strictFileInteractability: false, timeouts: {implicit: 0, pageLoad: 300000, script: 30000}, unhandledPromptBehavior: dismiss and notify}
Session ID: 4e893564-5f27-0b4d-a13a-03f892b1955b)

2019-07-03 23:03:56 - [MESSAGE][WARNING] - Unable to click on object 'Object Repository/OCS-DESKTOP/Filter flyout/Filter option' (Root cause: org.openqa.selenium.ElementClickInterceptedException: Element <a> is not clickable at point (1237,372) because another element <div> obscures it
Build info: version: '3.7.1', revision: '8a0099a', time: '2017-11-06T21:07:36.161Z'
System info: host: 'sumans-MacBook-Pro.local', ip: 'fe80:0:0:0:10b5:ab76:5e8b:ef36%en0', os.name: 'Mac OS X', os.arch: 'x86_64', os.version: '10.13.6', java.version: '1.8.0_181'
Driver info: com.kms.katalon.core.webui.driver.firefox.CGeckoDriver
Capabilities {acceptInsecureCerts: true, browserName: firefox, browserVersion: 67.0.4, javascriptEnabled: true, moz:accessibilityChecks: false, moz:buildID: 20190619235627, moz:geckodriverVersion: 0.23.0, moz:headless: false, moz:processID: 917, moz:profile: /var/folders/1t/c55l8xzs6gq..., moz:shutdownTimeout: 60000, moz:useNonSpecCompliantPointerOrigin: false, moz:webdriverClick: true, pageLoadStrategy: normal, platform: MAC, platformName: MAC, platformVersion: 17.7.0, proxy: Proxy(direct), rotatable: false, setWindowRect: true, strictFileInteractability: false, timeouts: {implicit: 0, pageLoad: 300000, script: 30000}, unhandledPromptBehavior: dismiss and notify}
Session ID: 4e893564-5f27-0b4d-a13a-03f892b1955b)
[[ATTACHMENT|/Users/sumankompelly/Relative xpath-Desktop/Reports/1.11.2/20190703_215901/1562209436365.png]]

2019-07-03 23:03:56 - [TEST_STEP][PASSED] - executeJavaScript("var previewBar = document.getElementById("preview-bar-iframe"); previewBar.style.display = "none";", []): Execute JavaScript 'var previewBar = document.getElementById("preview-bar-iframe"); previewBar.style.display = "none";' successfully

2019-07-03 23:03:56 - [MESSAGE][PASSED] - Execute JavaScript 'var previewBar = document.getElementById("preview-bar-iframe"); previewBar.style.display = "none";' successfully

2019-07-03 23:03:56 - [TEST_STEP][PASSED] - click(findTestObject("OCS-DESKTOP/Filter flyout/Brand tool tip")): Object: 'Object Repository/OCS-DESKTOP/Filter flyout/Brand tool tip' is clicked on

2019-07-03 23:03:56 - [MESSAGE][PASSED] - Object: 'Object Repository/OCS-DESKTOP/Filter flyout/Brand tool tip' is clicked on

2019-07-03 23:03:56 - [TEST_STEP][PASSED] - click(findTestObject("OCS-DESKTOP/Filter flyout/Click element outside")): Object: 'Object Repository/OCS-DESKTOP/Filter flyout/Click element outside' is clicked on

2019-07-03 23:03:57 - [MESSAGE][PASSED] - Object: 'Object Repository/OCS-DESKTOP/Filter flyout/Click element outside' is clicked on

2019-07-03 23:03:57 - [TEST_STEP][PASSED] - delay(1): Delayed 1 second(s)

2019-07-03 23:03:58 - [MESSAGE][PASSED] - Delayed 1 second(s)

2019-07-03 23:03:58 - [TEST_STEP][PASSED] - click(findTestObject("OCS-DESKTOP/Filter flyout/Brand plus accordian")): Object: 'Object Repository/OCS-DESKTOP/Filter flyout/Brand plus accordian' is clicked on

2019-07-03 23:03:58 - [MESSAGE][PASSED] - Object: 'Object Repository/OCS-DESKTOP/Filter flyout/Brand plus accordian' is clicked on

2019-07-03 23:03:58 - [TEST_STEP][PASSED] - delay(2): Delayed 2 second(s)

2019-07-03 23:04:00 - [MESSAGE][PASSED] - Delayed 2 second(s)

2019-07-03 23:04:00 - [TEST_STEP][PASSED] - click(findTestObject("OCS-DESKTOP/Filter flyout/Brand subtract accordian")): Object: 'Object Repository/OCS-DESKTOP/Filter flyout/Brand subtract accordian' is clicked on

2019-07-03 23:04:00 - [MESSAGE][PASSED] - Object: 'Object Repository/OCS-DESKTOP/Filter flyout/Brand subtract accordian' is clicked on

2019-07-03 23:04:00 - [TEST_STEP][PASSED] - delay(1): Delayed 1 second(s)

2019-07-03 23:04:01 - [MESSAGE][PASSED] - Delayed 1 second(s)

2019-07-03 23:04:01 - [TEST_STEP][PASSED] - click(findTestObject("OCS-DESKTOP/Filter flyout/Brand plus accordian")): Object: 'Object Repository/OCS-DESKTOP/Filter flyout/Brand plus accordian' is clicked on

2019-07-03 23:04:01 - [MESSAGE][PASSED] - Object: 'Object Repository/OCS-DESKTOP/Filter flyout/Brand plus accordian' is clicked on

2019-07-03 23:04:01 - [TEST_STEP][PASSED] - delay(2): Delayed 2 second(s)

2019-07-03 23:04:03 - [MESSAGE][PASSED] - Delayed 2 second(s)

2019-07-03 23:04:03 - [TEST_STEP][PASSED] - click(findTestObject("OCS-DESKTOP/Filter flyout/Edison"), OPTIONAL): Object: 'Object Repository/OCS-DESKTOP/Filter flyout/Edison' is clicked on

2019-07-03 23:04:03 - [MESSAGE][PASSED] - Object: 'Object Repository/OCS-DESKTOP/Filter flyout/Edison' is clicked on

2019-07-03 23:04:03 - [TEST_STEP][PASSED] - delay(2, OPTIONAL): Delayed 2 second(s)

2019-07-03 23:04:06 - [MESSAGE][PASSED] - Delayed 2 second(s)

2019-07-03 23:04:06 - [TEST_STEP][PASSED] - delay(2, OPTIONAL): Delayed 2 second(s)

2019-07-03 23:04:08 - [MESSAGE][PASSED] - Delayed 2 second(s)

2019-07-03 23:04:08 - [TEST_STEP][PASSED] - click(findTestObject("OCS-DESKTOP/Filter flyout/Haven St"), OPTIONAL): Object: 'Object Repository/OCS-DESKTOP/Filter flyout/Haven St' is clicked on

2019-07-03 23:04:08 - [MESSAGE][PASSED] - Object: 'Object Repository/OCS-DESKTOP/Filter flyout/Haven St' is clicked on

2019-07-03 23:04:08 - [TEST_STEP][PASSED] - delay(2, OPTIONAL): Delayed 2 second(s)

2019-07-03 23:04:10 - [MESSAGE][PASSED] - Delayed 2 second(s)

2019-07-03 23:04:10 - [TEST_STEP][PASSED] - click(findTestObject("OCS-DESKTOP/Filter flyout/Emerald"), OPTIONAL): Object: 'Object Repository/OCS-DESKTOP/Filter flyout/Emerald' is clicked on

2019-07-03 23:04:10 - [MESSAGE][PASSED] - Object: 'Object Repository/OCS-DESKTOP/Filter flyout/Emerald' is clicked on

2019-07-03 23:04:10 - [TEST_STEP][PASSED] - delay(2, OPTIONAL): Delayed 2 second(s)

2019-07-03 23:04:12 - [MESSAGE][PASSED] - Delayed 2 second(s)

2019-07-03 23:04:12 - [TEST_STEP][NOT_RUN] - click(findTestObject("OCS-MOBILE /Filter flyout/Gage Cannabis Co"), OPTIONAL): NOT_RUN: click(findTestObject("OCS-MOBILE /Filter flyout/Gage Cannabis Co"), OPTIONAL)

2019-07-03 23:04:12 - [MESSAGE][NOT_RUN] - NOT_RUN: click(findTestObject("OCS-MOBILE /Filter flyout/Gage Cannabis Co"), OPTIONAL)

2019-07-03 23:04:12 - [TEST_STEP][PASSED] - delay(2, OPTIONAL): Delayed 2 second(s)

2019-07-03 23:04:14 - [MESSAGE][PASSED] - Delayed 2 second(s)

2019-07-03 23:04:14 - [TEST_STEP][NOT_RUN] - click(findTestObject("OCS-MOBILE /Filter flyout/INDIVA"), OPTIONAL): NOT_RUN: click(findTestObject("OCS-MOBILE /Filter flyout/INDIVA"), OPTIONAL)

2019-07-03 23:04:14 - [MESSAGE][NOT_RUN] - NOT_RUN: click(findTestObject("OCS-MOBILE /Filter flyout/INDIVA"), OPTIONAL)

2019-07-03 23:04:14 - [TEST_STEP][PASSED] - delay(2, OPTIONAL): Delayed 2 second(s)

2019-07-03 23:04:16 - [MESSAGE][PASSED] - Delayed 2 second(s)

2019-07-03 23:04:16 - [TEST_STEP][PASSED] - click(findTestObject("OCS-DESKTOP/Filter flyout/RIFF"), OPTIONAL): Unable to click on object 'Object Repository/OCS-DESKTOP/Filter flyout/RIFF' (Root cause: com.kms.katalon.core.webui.exception.WebElementNotFoundException: Web element with id: 'Object Repository/OCS-DESKTOP/Filter flyout/RIFF' located by 'By.xpath: //span[contains(text(),'RIFF')]' not found)

2019-07-03 23:04:47 - [MESSAGE][INFO] - Unable to find the element located by 'By.xpath: //span[contains(text(),'RIFF')]'. Please recheck the objects properties to make sure the desired element is located. 

2019-07-03 23:04:47 - [MESSAGE][WARNING] - Unable to click on object 'Object Repository/OCS-DESKTOP/Filter flyout/RIFF' (Root cause: com.kms.katalon.core.webui.exception.WebElementNotFoundException: Web element with id: 'Object Repository/OCS-DESKTOP/Filter flyout/RIFF' located by 'By.xpath: //span[contains(text(),'RIFF')]' not found)
[[ATTACHMENT|/Users/sumankompelly/Relative xpath-Desktop/Reports/1.11.2/20190703_215901/1562209487023.png]]

2019-07-03 23:04:47 - [TEST_STEP][PASSED] - delay(2, OPTIONAL): Delayed 2 second(s)

2019-07-03 23:04:49 - [MESSAGE][PASSED] - Delayed 2 second(s)

2019-07-03 23:04:49 - [TEST_STEP][PASSED] - click(findTestObject("OCS-DESKTOP/Filter flyout/Seven Oaks"), OPTIONAL): Object: 'Object Repository/OCS-DESKTOP/Filter flyout/Seven Oaks' is clicked on

2019-07-03 23:04:49 - [MESSAGE][PASSED] - Object: 'Object Repository/OCS-DESKTOP/Filter flyout/Seven Oaks' is clicked on

2019-07-03 23:04:49 - [TEST_STEP][PASSED] - delay(2, OPTIONAL): Delayed 2 second(s)

2019-07-03 23:04:51 - [MESSAGE][PASSED] - Delayed 2 second(s)

2019-07-03 23:04:51 - [TEST_STEP][PASSED] - click(findTestObject("OCS-DESKTOP/Filter flyout/Synr.g"), OPTIONAL): Unable to click on object 'Object Repository/OCS-DESKTOP/Filter flyout/Synr.g' (Root cause: com.kms.katalon.core.webui.exception.WebElementNotFoundException: Web element with id: 'Object Repository/OCS-DESKTOP/Filter flyout/Synr.g' located by 'By.xpath: //span[contains(text(),'Synr.g')][count(. | //label[(text() = 'Synr.g' or . = 'Synr.g')]) = count(//label[(text() = 'Synr.g' or . = 'Synr.g')])]' not found)

2019-07-03 23:05:21 - [MESSAGE][INFO] - Unable to find the element located by 'By.xpath: //span[contains(text(),'Synr.g')][count(. | //label[(text() = 'Synr.g' or . = 'Synr.g')]) = count(//label[(text() = 'Synr.g' or . = 'Synr.g')])]'. Please recheck the objects properties to make sure the desired element is located. 

2019-07-03 23:05:22 - [MESSAGE][WARNING] - Unable to click on object 'Object Repository/OCS-DESKTOP/Filter flyout/Synr.g' (Root cause: com.kms.katalon.core.webui.exception.WebElementNotFoundException: Web element with id: 'Object Repository/OCS-DESKTOP/Filter flyout/Synr.g' located by 'By.xpath: //span[contains(text(),'Synr.g')][count(. | //label[(text() = 'Synr.g' or . = 'Synr.g')]) = count(//label[(text() = 'Synr.g' or . = 'Synr.g')])]' not found)
[[ATTACHMENT|/Users/sumankompelly/Relative xpath-Desktop/Reports/1.11.2/20190703_215901/1562209521960.png]]

2019-07-03 23:05:22 - [TEST_STEP][PASSED] - delay(2, OPTIONAL): Delayed 2 second(s)

2019-07-03 23:05:24 - [MESSAGE][PASSED] - Delayed 2 second(s)

2019-07-03 23:05:24 - [TEST_STEP][PASSED] - click(findTestObject("OCS-DESKTOP/Filter flyout/Trailblazer"), OPTIONAL): Object: 'Object Repository/OCS-DESKTOP/Filter flyout/Trailblazer' is clicked on

2019-07-03 23:05:24 - [MESSAGE][PASSED] - Object: 'Object Repository/OCS-DESKTOP/Filter flyout/Trailblazer' is clicked on

2019-07-03 23:05:24 - [TEST_STEP][PASSED] - delay(2, OPTIONAL): Delayed 2 second(s)

2019-07-03 23:05:26 - [MESSAGE][PASSED] - Delayed 2 second(s)

2019-07-03 23:05:26 - [TEST_STEP][PASSED] - click(findTestObject("OCS-DESKTOP/Filter flyout/_Xscape"), OPTIONAL): Object: 'Object Repository/OCS-DESKTOP/Filter flyout/_Xscape' is clicked on

2019-07-03 23:05:26 - [MESSAGE][PASSED] - Object: 'Object Repository/OCS-DESKTOP/Filter flyout/_Xscape' is clicked on

2019-07-03 23:05:26 - [TEST_STEP][PASSED] - delay(2, OPTIONAL): Delayed 2 second(s)

2019-07-03 23:05:28 - [MESSAGE][PASSED] - Delayed 2 second(s)

2019-07-03 23:05:28 - [TEST_STEP][PASSED] - click(findTestObject("OCS-DESKTOP/Filter flyout/Aurora"), OPTIONAL): Object: 'Object Repository/OCS-DESKTOP/Filter flyout/Aurora' is clicked on

2019-07-03 23:05:28 - [MESSAGE][PASSED] - Object: 'Object Repository/OCS-DESKTOP/Filter flyout/Aurora' is clicked on

2019-07-03 23:05:28 - [TEST_STEP][PASSED] - click(findTestObject("OCS-DESKTOP/Filter flyout/Canna Farms"), OPTIONAL): Object: 'Object Repository/OCS-DESKTOP/Filter flyout/Canna Farms' is clicked on

2019-07-03 23:05:29 - [MESSAGE][PASSED] - Object: 'Object Repository/OCS-DESKTOP/Filter flyout/Canna Farms' is clicked on

2019-07-03 23:05:29 - [TEST_STEP][PASSED] - click(findTestObject("OCS-DESKTOP/Filter flyout/Edison"), OPTIONAL): Object: 'Object Repository/OCS-DESKTOP/Filter flyout/Edison' is clicked on

2019-07-03 23:05:29 - [MESSAGE][PASSED] - Object: 'Object Repository/OCS-DESKTOP/Filter flyout/Edison' is clicked on

2019-07-03 23:05:29 - [TEST_STEP][PASSED] - click(findTestObject("OCS-DESKTOP/Filter flyout/Flowr"), OPTIONAL): Object: 'Object Repository/OCS-DESKTOP/Filter flyout/Flowr' is clicked on

2019-07-03 23:05:29 - [MESSAGE][PASSED] - Object: 'Object Repository/OCS-DESKTOP/Filter flyout/Flowr' is clicked on

2019-07-03 23:05:29 - [TEST_STEP][PASSED] - click(findTestObject("OCS-DESKTOP/Filter flyout/Haven St"), OPTIONAL): Object: 'Object Repository/OCS-DESKTOP/Filter flyout/Haven St' is clicked on

2019-07-03 23:05:29 - [MESSAGE][PASSED] - Object: 'Object Repository/OCS-DESKTOP/Filter flyout/Haven St' is clicked on

2019-07-03 23:05:29 - [TEST_STEP][PASSED] - click(findTestObject("OCS-DESKTOP/Filter flyout/liiv"), OPTIONAL): Unable to click on object 'Object Repository/OCS-DESKTOP/Filter flyout/liiv' (Root cause: com.kms.katalon.core.webui.exception.WebElementNotFoundException: Web element with id: 'Object Repository/OCS-DESKTOP/Filter flyout/liiv' located by 'By.xpath: //span[(text() = 'liiv' or . = 'liiv')]' not found)

2019-07-03 23:06:00 - [MESSAGE][INFO] - Unable to find the element located by 'By.xpath: //span[(text() = 'liiv' or . = 'liiv')]'. Please recheck the objects properties to make sure the desired element is located. 

2019-07-03 23:06:00 - [MESSAGE][WARNING] - Unable to click on object 'Object Repository/OCS-DESKTOP/Filter flyout/liiv' (Root cause: com.kms.katalon.core.webui.exception.WebElementNotFoundException: Web element with id: 'Object Repository/OCS-DESKTOP/Filter flyout/liiv' located by 'By.xpath: //span[(text() = 'liiv' or . = 'liiv')]' not found)
[[ATTACHMENT|/Users/sumankompelly/Relative xpath-Desktop/Reports/1.11.2/20190703_215901/1562209560477.png]]

2019-07-03 23:06:00 - [TEST_STEP][PASSED] - click(findTestObject("OCS-DESKTOP/Filter flyout/Saturday"), OPTIONAL): Object: 'Object Repository/OCS-DESKTOP/Filter flyout/Saturday' is clicked on

2019-07-03 23:06:00 - [MESSAGE][PASSED] - Object: 'Object Repository/OCS-DESKTOP/Filter flyout/Saturday' is clicked on

2019-07-03 23:06:00 - [TEST_STEP][PASSED] - click(findTestObject("OCS-DESKTOP/Filter flyout/Spinach"), OPTIONAL): Unable to click on object 'Object Repository/OCS-DESKTOP/Filter flyout/Spinach' (Root cause: com.kms.katalon.core.webui.exception.WebElementNotFoundException: Web element with id: 'Object Repository/OCS-DESKTOP/Filter flyout/Spinach' located by 'By.xpath: //span[contains(text(),'Spinach')][count(. | //label[(text() = 'Spinach' or . = 'Spinach')]) = count(//label[(text() = 'Spinach' or . = 'Spinach')])]' not found)

2019-07-03 23:06:31 - [MESSAGE][INFO] - Unable to find the element located by 'By.xpath: //span[contains(text(),'Spinach')][count(. | //label[(text() = 'Spinach' or . = 'Spinach')]) = count(//label[(text() = 'Spinach' or . = 'Spinach')])]'. Please recheck the objects properties to make sure the desired element is located. 

2019-07-03 23:06:31 - [MESSAGE][WARNING] - Unable to click on object 'Object Repository/OCS-DESKTOP/Filter flyout/Spinach' (Root cause: com.kms.katalon.core.webui.exception.WebElementNotFoundException: Web element with id: 'Object Repository/OCS-DESKTOP/Filter flyout/Spinach' located by 'By.xpath: //span[contains(text(),'Spinach')][count(. | //label[(text() = 'Spinach' or . = 'Spinach')]) = count(//label[(text() = 'Spinach' or . = 'Spinach')])]' not found)
[[ATTACHMENT|/Users/sumankompelly/Relative xpath-Desktop/Reports/1.11.2/20190703_215901/1562209591376.png]]

2019-07-03 23:06:31 - [TEST_STEP][PASSED] - click(findTestObject("OCS-DESKTOP/Filter flyout/Spinach1"), OPTIONAL): Object: 'Object Repository/OCS-DESKTOP/Filter flyout/Spinach1' is clicked on

2019-07-03 23:06:31 - [MESSAGE][PASSED] - Object: 'Object Repository/OCS-DESKTOP/Filter flyout/Spinach1' is clicked on

2019-07-03 23:06:31 - [TEST_STEP][PASSED] - click(findTestObject("OCS-DESKTOP/Filter flyout/THC BioMed"), OPTIONAL): Object: 'Object Repository/OCS-DESKTOP/Filter flyout/THC BioMed' is clicked on

2019-07-03 23:06:32 - [MESSAGE][PASSED] - Object: 'Object Repository/OCS-DESKTOP/Filter flyout/THC BioMed' is clicked on

2019-07-03 23:06:32 - [TEST_STEP][PASSED] - click(findTestObject("OCS-DESKTOP/Filter flyout/Whistler Cannabis Co"), OPTIONAL): Object: 'Object Repository/OCS-DESKTOP/Filter flyout/Whistler Cannabis Co' is clicked on

2019-07-03 23:06:32 - [MESSAGE][PASSED] - Object: 'Object Repository/OCS-DESKTOP/Filter flyout/Whistler Cannabis Co' is clicked on

2019-07-03 23:06:32 - [TEST_STEP][PASSED] - click(findTestObject("OCS-DESKTOP/Filter flyout/Spinach"), OPTIONAL): Unable to click on object 'Object Repository/OCS-DESKTOP/Filter flyout/Spinach' (Root cause: com.kms.katalon.core.webui.exception.WebElementNotFoundException: Web element with id: 'Object Repository/OCS-DESKTOP/Filter flyout/Spinach' located by 'By.xpath: //span[contains(text(),'Spinach')][count(. | //label[(text() = 'Spinach' or . = 'Spinach')]) = count(//label[(text() = 'Spinach' or . = 'Spinach')])]' not found)

2019-07-03 23:07:02 - [MESSAGE][INFO] - Unable to find the element located by 'By.xpath: //span[contains(text(),'Spinach')][count(. | //label[(text() = 'Spinach' or . = 'Spinach')]) = count(//label[(text() = 'Spinach' or . = 'Spinach')])]'. Please recheck the objects properties to make sure the desired element is located. 

2019-07-03 23:07:02 - [MESSAGE][WARNING] - Unable to click on object 'Object Repository/OCS-DESKTOP/Filter flyout/Spinach' (Root cause: com.kms.katalon.core.webui.exception.WebElementNotFoundException: Web element with id: 'Object Repository/OCS-DESKTOP/Filter flyout/Spinach' located by 'By.xpath: //span[contains(text(),'Spinach')][count(. | //label[(text() = 'Spinach' or . = 'Spinach')]) = count(//label[(text() = 'Spinach' or . = 'Spinach')])]' not found)
[[ATTACHMENT|/Users/sumankompelly/Relative xpath-Desktop/Reports/1.11.2/20190703_215901/1562209622809.png]]

2019-07-03 23:07:02 - [TEST_STEP][PASSED] - click(findTestObject("OCS-DESKTOP/Filter flyout/Spinach1"), OPTIONAL): Object: 'Object Repository/OCS-DESKTOP/Filter flyout/Spinach1' is clicked on

2019-07-03 23:07:03 - [MESSAGE][PASSED] - Object: 'Object Repository/OCS-DESKTOP/Filter flyout/Spinach1' is clicked on

2019-07-03 23:07:03 - [TEST_STEP][NOT_RUN] - click(findTestObject("OCS-MOBILE /Filter flyout/Learn More About brand"), OPTIONAL): NOT_RUN: click(findTestObject("OCS-MOBILE /Filter flyout/Learn More About brand"), OPTIONAL)

2019-07-03 23:07:03 - [MESSAGE][NOT_RUN] - NOT_RUN: click(findTestObject("OCS-MOBILE /Filter flyout/Learn More About brand"), OPTIONAL)

2019-07-03 23:07:03 - [TEST_STEP][NOT_RUN] - setText(findTestObject("OCS-MOBILE /Filter flyout/Input to search - brand"), "boveda", OPTIONAL): NOT_RUN: setText(findTestObject("OCS-MOBILE /Filter flyout/Input to search - brand"), "boveda", OPTIONAL)

2019-07-03 23:07:03 - [MESSAGE][NOT_RUN] - NOT_RUN: setText(findTestObject("OCS-MOBILE /Filter flyout/Input to search - brand"), "boveda", OPTIONAL)

2019-07-03 23:07:03 - [TEST_STEP][NOT_RUN] - verifyTextPresent("", Keys.chord(ENTER), OPTIONAL): NOT_RUN: verifyTextPresent("", Keys.chord(ENTER), OPTIONAL)

2019-07-03 23:07:03 - [MESSAGE][NOT_RUN] - NOT_RUN: verifyTextPresent("", Keys.chord(ENTER), OPTIONAL)

2019-07-03 23:07:03 - [TEST_STEP][NOT_RUN] - verifyTextPresent("Boveda", false, OPTIONAL): NOT_RUN: verifyTextPresent("Boveda", false, OPTIONAL)

2019-07-03 23:07:03 - [MESSAGE][NOT_RUN] - NOT_RUN: verifyTextPresent("Boveda", false, OPTIONAL)

2019-07-03 23:07:03 - [TEST_STEP][NOT_RUN] - setText(findTestObject("OCS-MOBILE /Filter flyout/Input to search - brand"), "ace valley", OPTIONAL): NOT_RUN: setText(findTestObject("OCS-MOBILE /Filter flyout/Input to search - brand"), "ace valley", OPTIONAL)

2019-07-03 23:07:03 - [MESSAGE][NOT_RUN] - NOT_RUN: setText(findTestObject("OCS-MOBILE /Filter flyout/Input to search - brand"), "ace valley", OPTIONAL)

2019-07-03 23:07:03 - [TEST_STEP][NOT_RUN] - sendKeys(findTestObject("Object Repository/COLLECTION PAGE _OR/Filter_OR/Page_Shop by Brands  Ontario Cannab/input_Shop by Brands_q"), Keys.chord(ENTER), OPTIONAL): NOT_RUN: sendKeys(findTestObject("Object Repository/COLLECTION PAGE _OR/Filter_OR/Page_Shop by Brands  Ontario Cannab/input_Shop by Brands_q"), Keys.chord(ENTER), OPTIONAL)

2019-07-03 23:07:03 - [MESSAGE][NOT_RUN] - NOT_RUN: sendKeys(findTestObject("Object Repository/COLLECTION PAGE _OR/Filter_OR/Page_Shop by Brands  Ontario Cannab/input_Shop by Brands_q"), Keys.chord(ENTER), OPTIONAL)

2019-07-03 23:07:03 - [TEST_STEP][NOT_RUN] - verifyTextPresent("Ace Valley", false, OPTIONAL): NOT_RUN: verifyTextPresent("Ace Valley", false, OPTIONAL)

2019-07-03 23:07:03 - [MESSAGE][NOT_RUN] - NOT_RUN: verifyTextPresent("Ace Valley", false, OPTIONAL)

2019-07-03 23:07:03 - [TEST_STEP][NOT_RUN] - back(OPTIONAL): NOT_RUN: back(OPTIONAL)

2019-07-03 23:07:03 - [MESSAGE][NOT_RUN] - NOT_RUN: back(OPTIONAL)

2019-07-03 23:07:03 - [TEST_STEP][NOT_RUN] - back(OPTIONAL): NOT_RUN: back(OPTIONAL)

2019-07-03 23:07:03 - [MESSAGE][NOT_RUN] - NOT_RUN: back(OPTIONAL)

2019-07-03 23:07:03 - [TEST_STEP][NOT_RUN] - click(findTestObject("OCS-MOBILE /Filter flyout/Filter option"), OPTIONAL): NOT_RUN: click(findTestObject("OCS-MOBILE /Filter flyout/Filter option"), OPTIONAL)

2019-07-03 23:07:03 - [MESSAGE][NOT_RUN] - NOT_RUN: click(findTestObject("OCS-MOBILE /Filter flyout/Filter option"), OPTIONAL)

2019-07-03 23:07:03 - [TEST_STEP][PASSED] - click(findTestObject("OCS-DESKTOP/Filter flyout/Terpenes tooltip"), OPTIONAL): Unable to click on object 'Object Repository/OCS-DESKTOP/Filter flyout/Terpenes tooltip' (Root cause: org.openqa.selenium.ElementClickInterceptedException: Element <i id="collection-terpenes-tooltip" class="icon icon--question-mark js-tooltip"> is not clickable at point (1178,491) because another element <div class="filter__applied-filters"> obscures it
Build info: version: '3.7.1', revision: '8a0099a', time: '2017-11-06T21:07:36.161Z'
System info: host: 'sumans-MacBook-Pro.local', ip: 'fe80:0:0:0:10b5:ab76:5e8b:ef36%en0', os.name: 'Mac OS X', os.arch: 'x86_64', os.version: '10.13.6', java.version: '1.8.0_181'
Driver info: com.kms.katalon.core.webui.driver.firefox.CGeckoDriver
Capabilities {acceptInsecureCerts: true, browserName: firefox, browserVersion: 67.0.4, javascriptEnabled: true, moz:accessibilityChecks: false, moz:buildID: 20190619235627, moz:geckodriverVersion: 0.23.0, moz:headless: false, moz:processID: 917, moz:profile: /var/folders/1t/c55l8xzs6gq..., moz:shutdownTimeout: 60000, moz:useNonSpecCompliantPointerOrigin: false, moz:webdriverClick: true, pageLoadStrategy: normal, platform: MAC, platformName: MAC, platformVersion: 17.7.0, proxy: Proxy(direct), rotatable: false, setWindowRect: true, strictFileInteractability: false, timeouts: {implicit: 0, pageLoad: 300000, script: 30000}, unhandledPromptBehavior: dismiss and notify}
Session ID: 4e893564-5f27-0b4d-a13a-03f892b1955b)

2019-07-03 23:07:03 - [MESSAGE][WARNING] - Unable to click on object 'Object Repository/OCS-DESKTOP/Filter flyout/Terpenes tooltip' (Root cause: org.openqa.selenium.ElementClickInterceptedException: Element <i id="collection-terpenes-tooltip" class="icon icon--question-mark js-tooltip"> is not clickable at point (1178,491) because another element <div class="filter__applied-filters"> obscures it
Build info: version: '3.7.1', revision: '8a0099a', time: '2017-11-06T21:07:36.161Z'
System info: host: 'sumans-MacBook-Pro.local', ip: 'fe80:0:0:0:10b5:ab76:5e8b:ef36%en0', os.name: 'Mac OS X', os.arch: 'x86_64', os.version: '10.13.6', java.version: '1.8.0_181'
Driver info: com.kms.katalon.core.webui.driver.firefox.CGeckoDriver
Capabilities {acceptInsecureCerts: true, browserName: firefox, browserVersion: 67.0.4, javascriptEnabled: true, moz:accessibilityChecks: false, moz:buildID: 20190619235627, moz:geckodriverVersion: 0.23.0, moz:headless: false, moz:processID: 917, moz:profile: /var/folders/1t/c55l8xzs6gq..., moz:shutdownTimeout: 60000, moz:useNonSpecCompliantPointerOrigin: false, moz:webdriverClick: true, pageLoadStrategy: normal, platform: MAC, platformName: MAC, platformVersion: 17.7.0, proxy: Proxy(direct), rotatable: false, setWindowRect: true, strictFileInteractability: false, timeouts: {implicit: 0, pageLoad: 300000, script: 30000}, unhandledPromptBehavior: dismiss and notify}
Session ID: 4e893564-5f27-0b4d-a13a-03f892b1955b)
[[ATTACHMENT|/Users/sumankompelly/Relative xpath-Desktop/Reports/1.11.2/20190703_215901/1562209623265.png]]

2019-07-03 23:07:03 - [TEST_STEP][PASSED] - click(findTestObject("OCS-DESKTOP/Filter flyout/Click element outside")): Object: 'Object Repository/OCS-DESKTOP/Filter flyout/Click element outside' is clicked on

2019-07-03 23:07:03 - [MESSAGE][PASSED] - Object: 'Object Repository/OCS-DESKTOP/Filter flyout/Click element outside' is clicked on

2019-07-03 23:07:03 - [TEST_STEP][PASSED] - click(findTestObject("OCS-DESKTOP/Filter flyout/Terpenes plus accordian"), OPTIONAL): Object: 'Object Repository/OCS-DESKTOP/Filter flyout/Terpenes plus accordian' is clicked on

2019-07-03 23:07:03 - [MESSAGE][PASSED] - Object: 'Object Repository/OCS-DESKTOP/Filter flyout/Terpenes plus accordian' is clicked on

2019-07-03 23:07:03 - [TEST_STEP][PASSED] - click(findTestObject("OCS-DESKTOP/Filter flyout/Terpenes subtract accordian"), OPTIONAL): Unable to click on object 'Object Repository/OCS-DESKTOP/Filter flyout/Terpenes subtract accordian' (Root cause: com.kms.katalon.core.webui.exception.WebElementNotFoundException: Web element with id: 'Object Repository/OCS-DESKTOP/Filter flyout/Terpenes subtract accordian' located by 'By.xpath: //div[@class='filter__group accordionize tags']//i[@class='icon icon--subtract']' not found)

2019-07-03 23:07:34 - [MESSAGE][INFO] - Unable to find the element located by 'By.xpath: //div[@class='filter__group accordionize tags']//i[@class='icon icon--subtract']'. Please recheck the objects properties to make sure the desired element is located. 

2019-07-03 23:07:34 - [MESSAGE][WARNING] - Unable to click on object 'Object Repository/OCS-DESKTOP/Filter flyout/Terpenes subtract accordian' (Root cause: com.kms.katalon.core.webui.exception.WebElementNotFoundException: Web element with id: 'Object Repository/OCS-DESKTOP/Filter flyout/Terpenes subtract accordian' located by 'By.xpath: //div[@class='filter__group accordionize tags']//i[@class='icon icon--subtract']' not found)
[[ATTACHMENT|/Users/sumankompelly/Relative xpath-Desktop/Reports/1.11.2/20190703_215901/1562209654358.png]]

2019-07-03 23:07:34 - [TEST_STEP][PASSED] - click(findTestObject("OCS-DESKTOP/Filter flyout/Terpenes plus accordian"), OPTIONAL): Unable to click on object 'Object Repository/OCS-DESKTOP/Filter flyout/Terpenes plus accordian' (Root cause: com.kms.katalon.core.webui.exception.WebElementNotFoundException: Web element with id: 'Object Repository/OCS-DESKTOP/Filter flyout/Terpenes plus accordian' located by 'By.xpath: //div[@class='filter__group accordionize tags']//i[@class='icon icon--plus']' not found)

2019-07-03 23:08:04 - [MESSAGE][INFO] - Unable to find the element located by 'By.xpath: //div[@class='filter__group accordionize tags']//i[@class='icon icon--plus']'. Please recheck the objects properties to make sure the desired element is located. 

2019-07-03 23:08:05 - [MESSAGE][WARNING] - Unable to click on object 'Object Repository/OCS-DESKTOP/Filter flyout/Terpenes plus accordian' (Root cause: com.kms.katalon.core.webui.exception.WebElementNotFoundException: Web element with id: 'Object Repository/OCS-DESKTOP/Filter flyout/Terpenes plus accordian' located by 'By.xpath: //div[@class='filter__group accordionize tags']//i[@class='icon icon--plus']' not found)
[[ATTACHMENT|/Users/sumankompelly/Relative xpath-Desktop/Reports/1.11.2/20190703_215901/1562209684980.png]]

2019-07-03 23:08:05 - [TEST_STEP][PASSED] - click(findTestObject("OCS-DESKTOP/Filter flyout/Alpha-bisabolol"), OPTIONAL): Object: 'Object Repository/OCS-DESKTOP/Filter flyout/Alpha-bisabolol' is clicked on

2019-07-03 23:08:05 - [MESSAGE][PASSED] - Object: 'Object Repository/OCS-DESKTOP/Filter flyout/Alpha-bisabolol' is clicked on

2019-07-03 23:08:05 - [TEST_STEP][PASSED] - click(findTestObject("OCS-DESKTOP/Filter flyout/Alpha-pinene"), OPTIONAL): Object: 'Object Repository/OCS-DESKTOP/Filter flyout/Alpha-pinene' is clicked on

2019-07-03 23:08:05 - [MESSAGE][PASSED] - Object: 'Object Repository/OCS-DESKTOP/Filter flyout/Alpha-pinene' is clicked on

2019-07-03 23:08:05 - [TEST_STEP][PASSED] - click(findTestObject("OCS-DESKTOP/Filter flyout/Alpha-pinene1"), OPTIONAL): Object: 'Object Repository/OCS-DESKTOP/Filter flyout/Alpha-pinene1' is clicked on

2019-07-03 23:08:05 - [MESSAGE][PASSED] - Object: 'Object Repository/OCS-DESKTOP/Filter flyout/Alpha-pinene1' is clicked on

2019-07-03 23:08:05 - [TEST_STEP][PASSED] - click(findTestObject("OCS-DESKTOP/Filter flyout/Beta-pinene"), OPTIONAL): Object: 'Object Repository/OCS-DESKTOP/Filter flyout/Beta-pinene' is clicked on

2019-07-03 23:08:06 - [MESSAGE][PASSED] - Object: 'Object Repository/OCS-DESKTOP/Filter flyout/Beta-pinene' is clicked on

2019-07-03 23:08:06 - [TEST_STEP][PASSED] - click(findTestObject("OCS-DESKTOP/Filter flyout/Guaiol"), OPTIONAL): Object: 'Object Repository/OCS-DESKTOP/Filter flyout/Guaiol' is clicked on

2019-07-03 23:08:06 - [MESSAGE][PASSED] - Object: 'Object Repository/OCS-DESKTOP/Filter flyout/Guaiol' is clicked on

2019-07-03 23:08:06 - [TEST_STEP][PASSED] - click(findTestObject("OCS-DESKTOP/Filter flyout/Limonene"), OPTIONAL): Object: 'Object Repository/OCS-DESKTOP/Filter flyout/Limonene' is clicked on

2019-07-03 23:08:06 - [MESSAGE][PASSED] - Object: 'Object Repository/OCS-DESKTOP/Filter flyout/Limonene' is clicked on

2019-07-03 23:08:06 - [TEST_STEP][PASSED] - delay(1, OPTIONAL): Delayed 1 second(s)

2019-07-03 23:08:07 - [MESSAGE][PASSED] - Delayed 1 second(s)

2019-07-03 23:08:07 - [TEST_STEP][PASSED] - click(findTestObject("OCS-DESKTOP/Filter flyout/Myrcene"), OPTIONAL): Object: 'Object Repository/OCS-DESKTOP/Filter flyout/Myrcene' is clicked on

2019-07-03 23:08:07 - [MESSAGE][PASSED] - Object: 'Object Repository/OCS-DESKTOP/Filter flyout/Myrcene' is clicked on

2019-07-03 23:08:07 - [TEST_STEP][PASSED] - delay(1, OPTIONAL): Delayed 1 second(s)

2019-07-03 23:08:08 - [MESSAGE][PASSED] - Delayed 1 second(s)

2019-07-03 23:08:08 - [TEST_STEP][PASSED] - click(findTestObject("OCS-DESKTOP/Filter flyout/Ocimene"), OPTIONAL): Object: 'Object Repository/OCS-DESKTOP/Filter flyout/Ocimene' is clicked on

2019-07-03 23:08:09 - [MESSAGE][PASSED] - Object: 'Object Repository/OCS-DESKTOP/Filter flyout/Ocimene' is clicked on

2019-07-03 23:08:09 - [TEST_STEP][PASSED] - click(findTestObject("OCS-DESKTOP/Filter flyout/Terpinene"), OPTIONAL): Unable to click on object 'Object Repository/OCS-DESKTOP/Filter flyout/Terpinene' (Root cause: org.openqa.selenium.ElementClickInterceptedException: Element <span> is not clickable at point (1127,400) because another element <div class="filter__applied-filters"> obscures it
Build info: version: '3.7.1', revision: '8a0099a', time: '2017-11-06T21:07:36.161Z'
System info: host: 'sumans-MacBook-Pro.local', ip: 'fe80:0:0:0:10b5:ab76:5e8b:ef36%en0', os.name: 'Mac OS X', os.arch: 'x86_64', os.version: '10.13.6', java.version: '1.8.0_181'
Driver info: com.kms.katalon.core.webui.driver.firefox.CGeckoDriver
Capabilities {acceptInsecureCerts: true, browserName: firefox, browserVersion: 67.0.4, javascriptEnabled: true, moz:accessibilityChecks: false, moz:buildID: 20190619235627, moz:geckodriverVersion: 0.23.0, moz:headless: false, moz:processID: 917, moz:profile: /var/folders/1t/c55l8xzs6gq..., moz:shutdownTimeout: 60000, moz:useNonSpecCompliantPointerOrigin: false, moz:webdriverClick: true, pageLoadStrategy: normal, platform: MAC, platformName: MAC, platformVersion: 17.7.0, proxy: Proxy(direct), rotatable: false, setWindowRect: true, strictFileInteractability: false, timeouts: {implicit: 0, pageLoad: 300000, script: 30000}, unhandledPromptBehavior: dismiss and notify}
Session ID: 4e893564-5f27-0b4d-a13a-03f892b1955b)

2019-07-03 23:08:09 - [MESSAGE][WARNING] - Unable to click on object 'Object Repository/OCS-DESKTOP/Filter flyout/Terpinene' (Root cause: org.openqa.selenium.ElementClickInterceptedException: Element <span> is not clickable at point (1127,400) because another element <div class="filter__applied-filters"> obscures it
Build info: version: '3.7.1', revision: '8a0099a', time: '2017-11-06T21:07:36.161Z'
System info: host: 'sumans-MacBook-Pro.local', ip: 'fe80:0:0:0:10b5:ab76:5e8b:ef36%en0', os.name: 'Mac OS X', os.arch: 'x86_64', os.version: '10.13.6', java.version: '1.8.0_181'
Driver info: com.kms.katalon.core.webui.driver.firefox.CGeckoDriver
Capabilities {acceptInsecureCerts: true, browserName: firefox, browserVersion: 67.0.4, javascriptEnabled: true, moz:accessibilityChecks: false, moz:buildID: 20190619235627, moz:geckodriverVersion: 0.23.0, moz:headless: false, moz:processID: 917, moz:profile: /var/folders/1t/c55l8xzs6gq..., moz:shutdownTimeout: 60000, moz:useNonSpecCompliantPointerOrigin: false, moz:webdriverClick: true, pageLoadStrategy: normal, platform: MAC, platformName: MAC, platformVersion: 17.7.0, proxy: Proxy(direct), rotatable: false, setWindowRect: true, strictFileInteractability: false, timeouts: {implicit: 0, pageLoad: 300000, script: 30000}, unhandledPromptBehavior: dismiss and notify}
Session ID: 4e893564-5f27-0b4d-a13a-03f892b1955b)
[[ATTACHMENT|/Users/sumankompelly/Relative xpath-Desktop/Reports/1.11.2/20190703_215901/1562209689239.png]]

2019-07-03 23:08:09 - [TEST_STEP][PASSED] - click(findTestObject("OCS-DESKTOP/Filter flyout/Terpinolene"), OPTIONAL): Object: 'Object Repository/OCS-DESKTOP/Filter flyout/Terpinolene' is clicked on

2019-07-03 23:08:09 - [MESSAGE][PASSED] - Object: 'Object Repository/OCS-DESKTOP/Filter flyout/Terpinolene' is clicked on

2019-07-03 23:08:09 - [TEST_STEP][PASSED] - delay(1, OPTIONAL): Delayed 1 second(s)

2019-07-03 23:08:10 - [MESSAGE][PASSED] - Delayed 1 second(s)

2019-07-03 23:08:10 - [TEST_STEP][NOT_RUN] - click(findTestObject("Object Repository/COLLECTION PAGE _OR/Filter_OR/Page_Pre-Rolled  Ontario Cannabis S/span_Trans-caryophyllene"), OPTIONAL): NOT_RUN: click(findTestObject("Object Repository/COLLECTION PAGE _OR/Filter_OR/Page_Pre-Rolled  Ontario Cannabis S/span_Trans-caryophyllene"), OPTIONAL)

2019-07-03 23:08:10 - [MESSAGE][NOT_RUN] - NOT_RUN: click(findTestObject("Object Repository/COLLECTION PAGE _OR/Filter_OR/Page_Pre-Rolled  Ontario Cannabis S/span_Trans-caryophyllene"), OPTIONAL)

2019-07-03 23:08:10 - [TEST_STEP][PASSED] - click(findTestObject("OCS-DESKTOP/Filter flyout/Terpineol"), OPTIONAL): Object: 'Object Repository/OCS-DESKTOP/Filter flyout/Terpineol' is clicked on

2019-07-03 23:08:10 - [MESSAGE][PASSED] - Object: 'Object Repository/OCS-DESKTOP/Filter flyout/Terpineol' is clicked on

2019-07-03 23:08:10 - [TEST_STEP][PASSED] - click(findTestObject("OCS-DESKTOP/Filter flyout/Para-cymenene"), OPTIONAL): Object: 'Object Repository/OCS-DESKTOP/Filter flyout/Para-cymenene' is clicked on

2019-07-03 23:08:11 - [MESSAGE][PASSED] - Object: 'Object Repository/OCS-DESKTOP/Filter flyout/Para-cymenene' is clicked on

2019-07-03 23:08:11 - [TEST_STEP][PASSED] - click(findTestObject("OCS-DESKTOP/Filter flyout/Nerolidol"), OPTIONAL): Object: 'Object Repository/OCS-DESKTOP/Filter flyout/Nerolidol' is clicked on

2019-07-03 23:08:11 - [MESSAGE][PASSED] - Object: 'Object Repository/OCS-DESKTOP/Filter flyout/Nerolidol' is clicked on

2019-07-03 23:08:11 - [TEST_STEP][PASSED] - click(findTestObject("OCS-DESKTOP/Filter flyout/Linalool"), OPTIONAL): Object: 'Object Repository/OCS-DESKTOP/Filter flyout/Linalool' is clicked on

2019-07-03 23:08:11 - [MESSAGE][PASSED] - Object: 'Object Repository/OCS-DESKTOP/Filter flyout/Linalool' is clicked on

2019-07-03 23:08:11 - [TEST_STEP][PASSED] - click(findTestObject("OCS-DESKTOP/Filter flyout/Humulene"), OPTIONAL): Object: 'Object Repository/OCS-DESKTOP/Filter flyout/Humulene' is clicked on

2019-07-03 23:08:11 - [MESSAGE][PASSED] - Object: 'Object Repository/OCS-DESKTOP/Filter flyout/Humulene' is clicked on

2019-07-03 23:08:11 - [TEST_STEP][PASSED] - click(findTestObject("OCS-DESKTOP/Filter flyout/Bisabolol"), OPTIONAL): Object: 'Object Repository/OCS-DESKTOP/Filter flyout/Bisabolol' is clicked on

2019-07-03 23:08:12 - [MESSAGE][PASSED] - Object: 'Object Repository/OCS-DESKTOP/Filter flyout/Bisabolol' is clicked on

2019-07-03 23:08:12 - [TEST_STEP][PASSED] - click(findTestObject("OCS-DESKTOP/Filter flyout/Beta-caryophyllene"), OPTIONAL): Object: 'Object Repository/OCS-DESKTOP/Filter flyout/Beta-caryophyllene' is clicked on

2019-07-03 23:08:12 - [MESSAGE][PASSED] - Object: 'Object Repository/OCS-DESKTOP/Filter flyout/Beta-caryophyllene' is clicked on

2019-07-03 23:08:12 - [TEST_STEP][PASSED] - click(findTestObject("OCS-DESKTOP/Filter flyout/Alpha-caryophyllene"), OPTIONAL): Object: 'Object Repository/OCS-DESKTOP/Filter flyout/Alpha-caryophyllene' is clicked on

2019-07-03 23:08:12 - [MESSAGE][PASSED] - Object: 'Object Repository/OCS-DESKTOP/Filter flyout/Alpha-caryophyllene' is clicked on

2019-07-03 23:08:12 - [TEST_STEP][PASSED] - click(findTestObject("OCS-DESKTOP/Filter flyout/Trans-caryophyllene"), OPTIONAL): Object: 'Object Repository/OCS-DESKTOP/Filter flyout/Trans-caryophyllene' is clicked on

2019-07-03 23:08:12 - [MESSAGE][PASSED] - Object: 'Object Repository/OCS-DESKTOP/Filter flyout/Trans-caryophyllene' is clicked on

2019-07-03 23:08:12 - [TEST_STEP][PASSED] - delay(2): Delayed 2 second(s)

2019-07-03 23:08:14 - [MESSAGE][PASSED] - Delayed 2 second(s)

2019-07-03 23:08:14 - [TEST_STEP][PASSED] - delay(1, OPTIONAL): Delayed 1 second(s)

2019-07-03 23:08:15 - [MESSAGE][PASSED] - Delayed 1 second(s)

2019-07-03 23:08:15 - [TEST_STEP][PASSED] - click(findTestObject("OCS-DESKTOP/Filter flyout/Done (43)")): Object: 'Object Repository/OCS-DESKTOP/Filter flyout/Done (43)' is clicked on

2019-07-03 23:08:16 - [MESSAGE][PASSED] - Object: 'Object Repository/OCS-DESKTOP/Filter flyout/Done (43)' is clicked on

2019-07-03 23:08:16 - [TEST_STEP][PASSED] - a = getText(findTestObject("OCS-DESKTOP/Filter flyout/li_Pre-Rolled")): Text of object 'Object Repository/OCS-DESKTOP/Filter flyout/li_Pre-Rolled' is: 'DRIED FLOWER 26 Products'

2019-07-03 23:08:16 - [MESSAGE][PASSED] - Text of object 'Object Repository/OCS-DESKTOP/Filter flyout/li_Pre-Rolled' is: 'DRIED FLOWER 26 Products'

2019-07-03 23:08:16 - [TEST_STEP][PASSED] - comment(a): DRIED FLOWER 26 Products

2019-07-03 23:08:16 - [MESSAGE][INFO] - DRIED FLOWER 26 Products

2019-07-03 23:08:16 - [TEST_STEP][PASSED] - if (a == "40 Products"): null

2019-07-03 23:08:16 - [TEST_STEP][PASSED] - else: products filtered

2019-07-03 23:08:16 - [TEST_STEP][PASSED] - comment("products filtered"): products filtered

2019-07-03 23:08:16 - [MESSAGE][INFO] - products filtered

2019-07-03 23:08:16 - [TEST_STEP][NOT_RUN] - callTestCase(findTestCase("OCS - MOBILE/OCS-COLLECTION PAGE/calling test case"), [:], STOP_ON_FAILURE): NOT_RUN: callTestCase(findTestCase("OCS - MOBILE/OCS-COLLECTION PAGE/calling test case"), [:], STOP_ON_FAILURE)

2019-07-03 23:08:16 - [MESSAGE][NOT_RUN] - NOT_RUN: callTestCase(findTestCase("OCS - MOBILE/OCS-COLLECTION PAGE/calling test case"), [:], STOP_ON_FAILURE)

2019-07-03 23:08:16 - [TEST_STEP][NOT_RUN] - click(findTestObject("OCS-MOBILE /Filter flyout/Filter option")): NOT_RUN: click(findTestObject("OCS-MOBILE /Filter flyout/Filter option"))

2019-07-03 23:08:16 - [MESSAGE][NOT_RUN] - NOT_RUN: click(findTestObject("OCS-MOBILE /Filter flyout/Filter option"))

2019-07-03 23:08:16 - [TEST_STEP][NOT_RUN] - delay(2): NOT_RUN: delay(2)

2019-07-03 23:08:16 - [MESSAGE][NOT_RUN] - NOT_RUN: delay(2)

2019-07-03 23:08:16 - [TEST_STEP][NOT_RUN] - setViewPortSize(1000, 800, OPTIONAL): NOT_RUN: setViewPortSize(1000, 800, OPTIONAL)

2019-07-03 23:08:16 - [MESSAGE][NOT_RUN] - NOT_RUN: setViewPortSize(1000, 800, OPTIONAL)

2019-07-03 23:08:16 - [TEST_STEP][NOT_RUN] - delay(2, OPTIONAL): NOT_RUN: delay(2, OPTIONAL)

2019-07-03 23:08:16 - [MESSAGE][NOT_RUN] - NOT_RUN: delay(2, OPTIONAL)

2019-07-03 23:08:16 - [TEST_STEP][NOT_RUN] - click(findTestObject("Theme_oR/Page_Ontario Cannabis Store  Ontari/button_Hide bar"), OPTIONAL): NOT_RUN: click(findTestObject("Theme_oR/Page_Ontario Cannabis Store  Ontari/button_Hide bar"), OPTIONAL)

2019-07-03 23:08:16 - [MESSAGE][NOT_RUN] - NOT_RUN: click(findTestObject("Theme_oR/Page_Ontario Cannabis Store  Ontari/button_Hide bar"), OPTIONAL)

2019-07-03 23:08:16 - [TEST_STEP][NOT_RUN] - delay(2, OPTIONAL): NOT_RUN: delay(2, OPTIONAL)

2019-07-03 23:08:16 - [MESSAGE][NOT_RUN] - NOT_RUN: delay(2, OPTIONAL)

2019-07-03 23:08:16 - [TEST_STEP][NOT_RUN] - setViewPortSize(360, 800, OPTIONAL): NOT_RUN: setViewPortSize(360, 800, OPTIONAL)

2019-07-03 23:08:16 - [MESSAGE][NOT_RUN] - NOT_RUN: setViewPortSize(360, 800, OPTIONAL)

2019-07-03 23:08:16 - [TEST_STEP][NOT_RUN] - delay(1, OPTIONAL): NOT_RUN: delay(1, OPTIONAL)

2019-07-03 23:08:16 - [MESSAGE][NOT_RUN] - NOT_RUN: delay(1, OPTIONAL)

2019-07-03 23:08:16 - [TEST_STEP][NOT_RUN] - click(findTestObject("OCS-MOBILE /Filter flyout/Learn More About Terpenes")): NOT_RUN: click(findTestObject("OCS-MOBILE /Filter flyout/Learn More About Terpenes"))

2019-07-03 23:08:16 - [MESSAGE][NOT_RUN] - NOT_RUN: click(findTestObject("OCS-MOBILE /Filter flyout/Learn More About Terpenes"))]]></system-out>
         <system-err><![CDATA[]]></system-err>
      </testcase>
      <system-out><![CDATA[2019-07-03 21:59:04 - [TEST_SUITE][ERROR] - 1.11.2: Test Cases/OCS - DESKTOP/OCS- CRITICAL PATH/Cart flyout- increase qty FAILED.
Reason:
java.lang.StringIndexOutOfBoundsException: String index out of range: -1
	at java_lang_String$substring$0.call(Unknown Source)
	at Cart flyout- increase qty.run(Cart flyout- increase qty:54)
	at com.kms.katalon.core.main.ScriptEngine.run(ScriptEngine.java:194)
	at com.kms.katalon.core.main.ScriptEngine.runScriptAsRawText(ScriptEngine.java:119)
	at com.kms.katalon.core.main.TestCaseExecutor.runScript(TestCaseExecutor.java:328)
	at com.kms.katalon.core.main.TestCaseExecutor.doExecute(TestCaseExecutor.java:319)
	at com.kms.katalon.core.main.TestCaseExecutor.processExecutionPhase(TestCaseExecutor.java:298)
	at com.kms.katalon.core.main.TestCaseExecutor.accessMainPhase(TestCaseExecutor.java:290)
	at com.kms.katalon.core.main.TestCaseExecutor.execute(TestCaseExecutor.java:224)
	at com.kms.katalon.core.main.TestSuiteExecutor.accessTestCaseMainPhase(TestSuiteExecutor.java:129)
	at com.kms.katalon.core.main.TestSuiteExecutor.accessTestSuiteMainPhase(TestSuiteExecutor.java:112)
	at com.kms.katalon.core.main.TestSuiteExecutor.execute(TestSuiteExecutor.java:81)
	at com.kms.katalon.core.main.TestCaseMain.startTestSuite(TestCaseMain.java:149)
	at com.kms.katalon.core.main.TestCaseMain$startTestSuite$0.call(Unknown Source)
	at TempTestSuite1562205541804.run(TempTestSuite1562205541804.groovy:36)]]></system-out>
      <system-err><![CDATA[2019-07-03 21:59:04 - [TEST_SUITE][ERROR] - 1.11.2: Test Cases/OCS - DESKTOP/OCS- CRITICAL PATH/Cart flyout- increase qty FAILED.
Reason:
java.lang.StringIndexOutOfBoundsException: String index out of range: -1
	at java_lang_String$substring$0.call(Unknown Source)
	at Cart flyout- increase qty.run(Cart flyout- increase qty:54)
	at com.kms.katalon.core.main.ScriptEngine.run(ScriptEngine.java:194)
	at com.kms.katalon.core.main.ScriptEngine.runScriptAsRawText(ScriptEngine.java:119)
	at com.kms.katalon.core.main.TestCaseExecutor.runScript(TestCaseExecutor.java:328)
	at com.kms.katalon.core.main.TestCaseExecutor.doExecute(TestCaseExecutor.java:319)
	at com.kms.katalon.core.main.TestCaseExecutor.processExecutionPhase(TestCaseExecutor.java:298)
	at com.kms.katalon.core.main.TestCaseExecutor.accessMainPhase(TestCaseExecutor.java:290)
	at com.kms.katalon.core.main.TestCaseExecutor.execute(TestCaseExecutor.java:224)
	at com.kms.katalon.core.main.TestSuiteExecutor.accessTestCaseMainPhase(TestSuiteExecutor.java:129)
	at com.kms.katalon.core.main.TestSuiteExecutor.accessTestSuiteMainPhase(TestSuiteExecutor.java:112)
	at com.kms.katalon.core.main.TestSuiteExecutor.execute(TestSuiteExecutor.java:81)
	at com.kms.katalon.core.main.TestCaseMain.startTestSuite(TestCaseMain.java:149)
	at com.kms.katalon.core.main.TestCaseMain$startTestSuite$0.call(Unknown Source)
	at TempTestSuite1562205541804.run(TempTestSuite1562205541804.groovy:36)]]></system-err>
   </testsuite>
</testsuites>
