<?xml version="1.0" encoding="UTF-8"?>
<testsuites name="OCS-1.11" time="1760" tests="21" failures="7" errors="0">
   <testsuite name="OCS-1.11" tests="21" failures="7" errors="0" time="1760" timestamp="2019-06-21 13:50:32" hostname="sumankompelly - 10.0.0.240" id="Test Suites/OCS-1.11">
      <properties>
         <property name="deviceName" value=""/>
         <property name="devicePlatform" value=""/>
         <property name="logFolder" value="/Users/sumankompelly/Relative xpath-Desktop/Reports/OCS-1.11/20190621_135030"/>
         <property name="logFiles" value="/Users/sumankompelly/Relative xpath-Desktop/Reports/OCS-1.11/20190621_135030/execution0.log"/>
         <property name="attachments" value="/Users/sumankompelly/Relative xpath-Desktop/Reports/OCS-1.11/20190621_135030/1561139510862.png, /Users/sumankompelly/Relative xpath-Desktop/Reports/OCS-1.11/20190621_135030/1561139864283.png, /Users/sumankompelly/Relative xpath-Desktop/Reports/OCS-1.11/20190621_135030/1561140338033.png, /Users/sumankompelly/Relative xpath-Desktop/Reports/OCS-1.11/20190621_135030/1561140340404.png, /Users/sumankompelly/Relative xpath-Desktop/Reports/OCS-1.11/20190621_135030/1561140342746.png, /Users/sumankompelly/Relative xpath-Desktop/Reports/OCS-1.11/20190621_135030/1561140345220.png, /Users/sumankompelly/Relative xpath-Desktop/Reports/OCS-1.11/20190621_135030/1561140348686.png, /Users/sumankompelly/Relative xpath-Desktop/Reports/OCS-1.11/20190621_135030/1561140352099.png, /Users/sumankompelly/Relative xpath-Desktop/Reports/OCS-1.11/20190621_135030/1561140355501.png, /Users/sumankompelly/Relative xpath-Desktop/Reports/OCS-1.11/20190621_135030/1561140358881.png, /Users/sumankompelly/Relative xpath-Desktop/Reports/OCS-1.11/20190621_135030/1561140362270.png, /Users/sumankompelly/Relative xpath-Desktop/Reports/OCS-1.11/20190621_135030/1561140497818.png, /Users/sumankompelly/Relative xpath-Desktop/Reports/OCS-1.11/20190621_135030/1561140502880.png, /Users/sumankompelly/Relative xpath-Desktop/Reports/OCS-1.11/20190621_135030/1561140506190.png, /Users/sumankompelly/Relative xpath-Desktop/Reports/OCS-1.11/20190621_135030/1561140592162.png, /Users/sumankompelly/Relative xpath-Desktop/Reports/OCS-1.11/20190621_135030/1561140617044.png, /Users/sumankompelly/Relative xpath-Desktop/Reports/OCS-1.11/20190621_135030/1561140666515.png, /Users/sumankompelly/Relative xpath-Desktop/Reports/OCS-1.11/20190621_135030/1561140670757.png, /Users/sumankompelly/Relative xpath-Desktop/Reports/OCS-1.11/20190621_135030/1561140673206.png, /Users/sumankompelly/Relative xpath-Desktop/Reports/OCS-1.11/20190621_135030/1561140674406.png, /Users/sumankompelly/Relative xpath-Desktop/Reports/OCS-1.11/20190621_135030/1561140675580.png, /Users/sumankompelly/Relative xpath-Desktop/Reports/OCS-1.11/20190621_135030/1561141030247.png, /Users/sumankompelly/Relative xpath-Desktop/Reports/OCS-1.11/20190621_135030/1561141171512.png"/>
         <property name="hostName" value="sumankompelly - 10.0.0.240"/>
         <property name="os" value="Mac OS X 64bit"/>
         <property name="katalonVersion" value="5.10.1.1"/>
         <property name="browser" value="Firefox 67.0"/>
         <property name="hostAddress" value="10.0.0.240"/>
         <property name="sessionId" value="c7d714ba-8713-574c-a205-7813a6b3a39c"/>
         <property name="seleniumVersion" value="3.7.1"/>
         <property name="proxyInformation" value="ProxyInformation{proxyOption=NO_PROXY, proxyServerType=HTTP, password=, proxyServerAddress=, proxyServerPort=0}"/>
         <property name="platform" value="Mac OS X"/>
      </properties>
      <testcase name="Test Cases/OCS - DESKTOP/OCS- HOME PAGE/Toggling language" classname="Test Cases/OCS - DESKTOP/OCS- HOME PAGE/Toggling language" status="PASSED">
         <system-out><![CDATA[2019-06-21 13:50:32 - [TEST_CASE][PASSED] - Test Cases/OCS - DESKTOP/OCS- HOME PAGE/Toggling language: Test Cases/OCS - DESKTOP/OCS- HOME PAGE/Toggling language

2019-06-21 13:50:33 - [TEST_STEP][PASSED] - callTestCase(findTestCase("OCS - DESKTOP/CALL- Age gate"), [:], STOP_ON_FAILURE): Call Test Case 'Test Cases/OCS - DESKTOP/CALL- Age gate' successfully

2019-06-21 13:50:33 - [TEST_CASE][PASSED] - Test Cases/OCS - DESKTOP/CALL- Age gate: Test Cases/OCS - DESKTOP/CALL- Age gate

2019-06-21 13:50:33 - [TEST_STEP][PASSED] - openBrowser(""): Browser is opened with url: ''

2019-06-21 13:50:34 - [MESSAGE][INFO] - Starting 'Firefox' driver

2019-06-21 13:50:34 - [MESSAGE][INFO] - Action delay is set to 0 seconds

2019-06-21 13:50:37 - [MESSAGE][PASSED] - Browser is opened with url: ''

2019-06-21 13:50:37 - [TEST_STEP][PASSED] - navigateToUrl("https://ocs.ca/?fts=0&preview_theme_id=74057975628"): Navigate to 'https://ocs.ca/?fts=0&preview_theme_id=74057975628' successfully

2019-06-21 13:50:43 - [MESSAGE][PASSED] - Navigate to 'https://ocs.ca/?fts=0&preview_theme_id=74057975628' successfully

2019-06-21 13:50:43 - [TEST_STEP][PASSED] - maximizeWindow(): Current window maximized

2019-06-21 13:50:43 - [MESSAGE][PASSED] - Current window maximized

2019-06-21 13:50:43 - [TEST_STEP][PASSED] - delay(2): Delayed 2 second(s)

2019-06-21 13:50:45 - [MESSAGE][PASSED] - Delayed 2 second(s)

2019-06-21 13:50:45 - [TEST_STEP][PASSED] - executeJavaScript("var previewBar = document.getElementById("preview-bar-iframe"); previewBar.style.display = "none";", []): Execute JavaScript 'var previewBar = document.getElementById("preview-bar-iframe"); previewBar.style.display = "none";' successfully

2019-06-21 13:50:46 - [MESSAGE][PASSED] - Execute JavaScript 'var previewBar = document.getElementById("preview-bar-iframe"); previewBar.style.display = "none";' successfully

2019-06-21 13:50:46 - [TEST_STEP][PASSED] - selectOptionByValue(findTestObject("OCS-DESKTOP/Age gate and Mega menu/Date"), "12", true): All options with value '12' are selected in object 'Object Repository/OCS-DESKTOP/Age gate and Mega menu/Date'  using regular expression

2019-06-21 13:50:46 - [MESSAGE][PASSED] - All options with value '12' are selected in object 'Object Repository/OCS-DESKTOP/Age gate and Mega menu/Date'  using regular expression

2019-06-21 13:50:46 - [TEST_STEP][PASSED] - selectOptionByValue(findTestObject("OCS-DESKTOP/Age gate and Mega menu/month"), "6", true): All options with value '6' are selected in object 'Object Repository/OCS-DESKTOP/Age gate and Mega menu/month'  using regular expression

2019-06-21 13:50:47 - [MESSAGE][PASSED] - All options with value '6' are selected in object 'Object Repository/OCS-DESKTOP/Age gate and Mega menu/month'  using regular expression

2019-06-21 13:50:47 - [TEST_STEP][PASSED] - delay(2): Delayed 2 second(s)

2019-06-21 13:50:49 - [MESSAGE][PASSED] - Delayed 2 second(s)

2019-06-21 13:50:49 - [TEST_STEP][PASSED] - selectOptionByValue(findTestObject("OCS-DESKTOP/Age gate and Mega menu/Year Dropdown"), "1990", true): All options with value '1990' are selected in object 'Object Repository/OCS-DESKTOP/Age gate and Mega menu/Year Dropdown'  using regular expression

2019-06-21 13:50:50 - [MESSAGE][PASSED] - All options with value '1990' are selected in object 'Object Repository/OCS-DESKTOP/Age gate and Mega menu/Year Dropdown'  using regular expression

2019-06-21 13:50:50 - [TEST_STEP][PASSED] - click(findTestObject("OCS-DESKTOP/Age gate and Mega menu/button_Verify")): Object: 'Object Repository/OCS-DESKTOP/Age gate and Mega menu/button_Verify' is clicked on

2019-06-21 13:50:51 - [MESSAGE][PASSED] - Object: 'Object Repository/OCS-DESKTOP/Age gate and Mega menu/button_Verify' is clicked on

2019-06-21 13:50:51 - [TEST_STEP][PASSED] - click(findTestObject("OCS-DESKTOP/Age gate and Mega menu/Checkbox_CONFIRM AND ACKNOWLEDGE")): Object: 'Object Repository/OCS-DESKTOP/Age gate and Mega menu/Checkbox_CONFIRM AND ACKNOWLEDGE' is clicked on

2019-06-21 13:50:51 - [MESSAGE][PASSED] - Object: 'Object Repository/OCS-DESKTOP/Age gate and Mega menu/Checkbox_CONFIRM AND ACKNOWLEDGE' is clicked on

2019-06-21 13:50:51 - [TEST_STEP][PASSED] - click(findTestObject("OCS-DESKTOP/Age gate and Mega menu/button_CONFIRM")): Object: 'Object Repository/OCS-DESKTOP/Age gate and Mega menu/button_CONFIRM' is clicked on

2019-06-21 13:50:51 - [MESSAGE][PASSED] - Object: 'Object Repository/OCS-DESKTOP/Age gate and Mega menu/button_CONFIRM' is clicked on

2019-06-21 13:50:51 - [TEST_STEP][PASSED] - click(findTestObject("OCS-DESKTOP/Age gate and Mega menu/button_Start Browsing")): Object: 'Object Repository/OCS-DESKTOP/Age gate and Mega menu/button_Start Browsing' is clicked on

2019-06-21 13:50:51 - [MESSAGE][PASSED] - Object: 'Object Repository/OCS-DESKTOP/Age gate and Mega menu/button_Start Browsing' is clicked on

2019-06-21 13:50:51 - [TEST_STEP][PASSED] - delay(2): Delayed 2 second(s)

2019-06-21 13:50:53 - [MESSAGE][PASSED] - Delayed 2 second(s)

2019-06-21 13:50:53 - [TEST_STEP][PASSED] - refresh(): Refresh successfully

2019-06-21 13:50:58 - [MESSAGE][PASSED] - Refresh successfully

2019-06-21 13:50:58 - [MESSAGE][PASSED] - Call Test Case 'Test Cases/OCS - DESKTOP/CALL- Age gate' successfully

2019-06-21 13:50:58 - [TEST_STEP][PASSED] - delay(2): Delayed 2 second(s)

2019-06-21 13:51:00 - [MESSAGE][PASSED] - Delayed 2 second(s)

2019-06-21 13:51:00 - [TEST_STEP][PASSED] - click(findTestObject("OCS-DESKTOP/Cart flyout/English dropdown")): Object: 'Object Repository/OCS-DESKTOP/Cart flyout/English dropdown' is clicked on

2019-06-21 13:51:00 - [MESSAGE][PASSED] - Object: 'Object Repository/OCS-DESKTOP/Cart flyout/English dropdown' is clicked on

2019-06-21 13:51:00 - [TEST_STEP][PASSED] - delay(2): Delayed 2 second(s)

2019-06-21 13:51:02 - [MESSAGE][PASSED] - Delayed 2 second(s)

2019-06-21 13:51:02 - [TEST_STEP][PASSED] - executeJavaScript("var previewBar = document.getElementById("preview-bar-iframe"); previewBar.style.display = "none";", []): Execute JavaScript 'var previewBar = document.getElementById("preview-bar-iframe"); previewBar.style.display = "none";' successfully

2019-06-21 13:51:02 - [MESSAGE][PASSED] - Execute JavaScript 'var previewBar = document.getElementById("preview-bar-iframe"); previewBar.style.display = "none";' successfully

2019-06-21 13:51:02 - [TEST_STEP][PASSED] - click(findTestObject("OCS-DESKTOP/Cart flyout/Select French")): Object: 'Object Repository/OCS-DESKTOP/Cart flyout/Select French' is clicked on

2019-06-21 13:51:03 - [MESSAGE][PASSED] - Object: 'Object Repository/OCS-DESKTOP/Cart flyout/Select French' is clicked on

2019-06-21 13:51:03 - [TEST_STEP][PASSED] - delay(5): Delayed 5 second(s)

2019-06-21 13:51:08 - [MESSAGE][PASSED] - Delayed 5 second(s)

2019-06-21 13:51:08 - [TEST_STEP][PASSED] - a = getWindowTitle(): Current window's title is: 'Magasin de Cannabis de l'Ontario | Ontario Cannabis Store'

2019-06-21 13:51:08 - [MESSAGE][PASSED] - Current window's title is: 'Magasin de Cannabis de l'Ontario | Ontario Cannabis Store'

2019-06-21 13:51:08 - [TEST_STEP][PASSED] - comment("a = " + a): a = Magasin de Cannabis de l'Ontario | Ontario Cannabis Store

2019-06-21 13:51:08 - [MESSAGE][INFO] - a = Magasin de Cannabis de l'Ontario | Ontario Cannabis Store

2019-06-21 13:51:08 - [TEST_STEP][PASSED] - b = "Magasin de Cannabis de l'Ontario | Ontario Cannabis Store": null

2019-06-21 13:51:08 - [TEST_STEP][PASSED] - delay(2): Delayed 2 second(s)

2019-06-21 13:51:10 - [MESSAGE][PASSED] - Delayed 2 second(s)

2019-06-21 13:51:10 - [TEST_STEP][PASSED] - flag1 = verifyMatch(a, b, false): Actual text 'Magasin de Cannabis de l'Ontario | Ontario Cannabis Store' and expected text 'Magasin de Cannabis de l'Ontario | Ontario Cannabis Store' are matched 

2019-06-21 13:51:10 - [MESSAGE][PASSED] - Actual text 'Magasin de Cannabis de l'Ontario | Ontario Cannabis Store' and expected text 'Magasin de Cannabis de l'Ontario | Ontario Cannabis Store' are matched 

2019-06-21 13:51:10 - [TEST_STEP][PASSED] - comment("flag = " + flag1): flag = true

2019-06-21 13:51:10 - [MESSAGE][INFO] - flag = true

2019-06-21 13:51:10 - [TEST_STEP][PASSED] - if (flag1 == true): translated  to french

2019-06-21 13:51:10 - [TEST_STEP][PASSED] - comment("translated  to french"): translated  to french

2019-06-21 13:51:10 - [MESSAGE][INFO] - translated  to french

2019-06-21 13:51:10 - [TEST_STEP][PASSED] - delay(2): Delayed 2 second(s)

2019-06-21 13:51:12 - [MESSAGE][PASSED] - Delayed 2 second(s)

2019-06-21 13:51:12 - [TEST_STEP][PASSED] - click(findTestObject("OCS-DESKTOP/Cart flyout/French dropdown")): Object: 'Object Repository/OCS-DESKTOP/Cart flyout/French dropdown' is clicked on

2019-06-21 13:51:12 - [MESSAGE][PASSED] - Object: 'Object Repository/OCS-DESKTOP/Cart flyout/French dropdown' is clicked on

2019-06-21 13:51:12 - [TEST_STEP][PASSED] - delay(2): Delayed 2 second(s)

2019-06-21 13:51:14 - [MESSAGE][PASSED] - Delayed 2 second(s)

2019-06-21 13:51:14 - [TEST_STEP][PASSED] - click(findTestObject("OCS-DESKTOP/Cart flyout/Select English")): Object: 'Object Repository/OCS-DESKTOP/Cart flyout/Select English' is clicked on

2019-06-21 13:51:14 - [MESSAGE][PASSED] - Object: 'Object Repository/OCS-DESKTOP/Cart flyout/Select English' is clicked on

2019-06-21 13:51:14 - [TEST_STEP][PASSED] - delay(5): Delayed 5 second(s)

2019-06-21 13:51:19 - [MESSAGE][PASSED] - Delayed 5 second(s)

2019-06-21 13:51:19 - [TEST_STEP][PASSED] - c = getWindowTitle(): Current window's title is: 'Ontario Cannabis Store | Ontario Cannabis Store'

2019-06-21 13:51:19 - [MESSAGE][PASSED] - Current window's title is: 'Ontario Cannabis Store | Ontario Cannabis Store'

2019-06-21 13:51:19 - [TEST_STEP][PASSED] - comment("c =" + c): c =Ontario Cannabis Store | Ontario Cannabis Store

2019-06-21 13:51:19 - [MESSAGE][INFO] - c =Ontario Cannabis Store | Ontario Cannabis Store

2019-06-21 13:51:19 - [TEST_STEP][PASSED] - d = "Ontario Cannabis Store | Ontario Cannabis Store": null

2019-06-21 13:51:19 - [TEST_STEP][PASSED] - comment("d =" + d): d =Ontario Cannabis Store | Ontario Cannabis Store

2019-06-21 13:51:19 - [MESSAGE][INFO] - d =Ontario Cannabis Store | Ontario Cannabis Store

2019-06-21 13:51:19 - [TEST_STEP][PASSED] - flag = verifyMatch(c, d, false): Actual text 'Ontario Cannabis Store | Ontario Cannabis Store' and expected text 'Ontario Cannabis Store | Ontario Cannabis Store' are matched 

2019-06-21 13:51:19 - [MESSAGE][PASSED] - Actual text 'Ontario Cannabis Store | Ontario Cannabis Store' and expected text 'Ontario Cannabis Store | Ontario Cannabis Store' are matched 

2019-06-21 13:51:19 - [TEST_STEP][PASSED] - comment(" flag = " + flag):  flag = true

2019-06-21 13:51:19 - [MESSAGE][INFO] -  flag = true

2019-06-21 13:51:19 - [TEST_STEP][PASSED] - if (flag == true):  Language changing is successful

2019-06-21 13:51:19 - [TEST_STEP][PASSED] - comment(" Language changing is successful"):  Language changing is successful

2019-06-21 13:51:19 - [MESSAGE][INFO] -  Language changing is successful]]></system-out>
         <system-err><![CDATA[]]></system-err>
      </testcase>
      <testcase name="Test Cases/OCS - DESKTOP/OCS- HOME PAGE/HP-Burger menu-Accessories" classname="Test Cases/OCS - DESKTOP/OCS- HOME PAGE/HP-Burger menu-Accessories" status="FAILED">
         <failure type="FAILED" message="Test Cases/OCS - DESKTOP/OCS- HOME PAGE/HP-Burger menu-Accessories FAILED.
Reason:
com.kms.katalon.core.exception.StepFailedException: Unable to click on object 'Object Repository/OCS-DESKTOP/Accessories page/Vaporizers' (Root cause: org.openqa.selenium.ElementNotInteractableException: Element &lt;span class=&quot;menu__tier-four__link--title menu--type-two&quot;> could not be scrolled into view
Build info: version: '3.7.1', revision: '8a0099a', time: '2017-11-06T21:07:36.161Z'
System info: host: 'sumans-MacBook-Pro.local', ip: '2601:87:0:879f:0:0:0:1e84%en0', os.name: 'Mac OS X', os.arch: 'x86_64', os.version: '10.13.6', java.version: '1.8.0_181'
Driver info: com.kms.katalon.core.webui.driver.firefox.CGeckoDriver
Capabilities {acceptInsecureCerts: true, browserName: firefox, browserVersion: 67.0.3, javascriptEnabled: true, moz:accessibilityChecks: false, moz:buildID: 20190618025334, moz:geckodriverVersion: 0.23.0, moz:headless: false, moz:processID: 2793, moz:profile: /var/folders/1t/c55l8xzs6gq..., moz:shutdownTimeout: 60000, moz:useNonSpecCompliantPointerOrigin: false, moz:webdriverClick: true, pageLoadStrategy: normal, platform: MAC, platformName: MAC, platformVersion: 17.7.0, proxy: Proxy(direct), rotatable: false, setWindowRect: true, strictFileInteractability: false, timeouts: {implicit: 0, pageLoad: 300000, script: 30000}, unhandledPromptBehavior: dismiss and notify}
Session ID: 9ff1d633-be1a-0940-aa66-fc067e4c07ca)
	at com.kms.katalon.core.keyword.internal.KeywordMain.stepFailed(KeywordMain.groovy:32)
	at com.kms.katalon.core.webui.keyword.internal.WebUIKeywordMain.stepFailed(WebUIKeywordMain.groovy:65)
	at com.kms.katalon.core.webui.keyword.internal.WebUIKeywordMain.runKeyword(WebUIKeywordMain.groovy:27)
	at com.kms.katalon.core.webui.keyword.builtin.ClickKeyword.click(ClickKeyword.groovy:86)
	at com.kms.katalon.core.webui.keyword.builtin.ClickKeyword.execute(ClickKeyword.groovy:67)
	at com.kms.katalon.core.keyword.internal.KeywordExecutor.executeKeywordForPlatform(KeywordExecutor.groovy:53)
	at com.kms.katalon.core.webui.keyword.WebUiBuiltInKeywords.click(WebUiBuiltInKeywords.groovy:604)
	at com.kms.katalon.core.webui.keyword.WebUiBuiltInKeywords$click$7.call(Unknown Source)
	at HP-Burger menu-Accessories.run(HP-Burger menu-Accessories:32)
	at com.kms.katalon.core.main.ScriptEngine.run(ScriptEngine.java:194)
	at com.kms.katalon.core.main.ScriptEngine.runScriptAsRawText(ScriptEngine.java:119)
	at com.kms.katalon.core.main.TestCaseExecutor.runScript(TestCaseExecutor.java:328)
	at com.kms.katalon.core.main.TestCaseExecutor.doExecute(TestCaseExecutor.java:319)
	at com.kms.katalon.core.main.TestCaseExecutor.processExecutionPhase(TestCaseExecutor.java:298)
	at com.kms.katalon.core.main.TestCaseExecutor.accessMainPhase(TestCaseExecutor.java:290)
	at com.kms.katalon.core.main.TestCaseExecutor.execute(TestCaseExecutor.java:224)
	at com.kms.katalon.core.main.TestSuiteExecutor.accessTestCaseMainPhase(TestSuiteExecutor.java:129)
	at com.kms.katalon.core.main.TestSuiteExecutor.accessTestSuiteMainPhase(TestSuiteExecutor.java:112)
	at com.kms.katalon.core.main.TestSuiteExecutor.execute(TestSuiteExecutor.java:81)
	at com.kms.katalon.core.main.TestCaseMain.startTestSuite(TestCaseMain.java:149)
	at com.kms.katalon.core.main.TestCaseMain$startTestSuite$0.call(Unknown Source)
	at TempTestSuite1561139430530.run(TempTestSuite1561139430530.groovy:36)
"/>
         <system-out><![CDATA[2019-06-21 13:51:19 - [TEST_CASE][FAILED] - Test Cases/OCS - DESKTOP/OCS- HOME PAGE/HP-Burger menu-Accessories: Test Cases/OCS - DESKTOP/OCS- HOME PAGE/HP-Burger menu-Accessories FAILED.
Reason:
com.kms.katalon.core.exception.StepFailedException: Unable to click on object 'Object Repository/OCS-DESKTOP/Accessories page/Vaporizers' (Root cause: org.openqa.selenium.ElementNotInteractableException: Element <span class="menu__tier-four__link--title menu--type-two"> could not be scrolled into view
Build info: version: '3.7.1', revision: '8a0099a', time: '2017-11-06T21:07:36.161Z'
System info: host: 'sumans-MacBook-Pro.local', ip: '2601:87:0:879f:0:0:0:1e84%en0', os.name: 'Mac OS X', os.arch: 'x86_64', os.version: '10.13.6', java.version: '1.8.0_181'
Driver info: com.kms.katalon.core.webui.driver.firefox.CGeckoDriver
Capabilities {acceptInsecureCerts: true, browserName: firefox, browserVersion: 67.0.3, javascriptEnabled: true, moz:accessibilityChecks: false, moz:buildID: 20190618025334, moz:geckodriverVersion: 0.23.0, moz:headless: false, moz:processID: 2793, moz:profile: /var/folders/1t/c55l8xzs6gq..., moz:shutdownTimeout: 60000, moz:useNonSpecCompliantPointerOrigin: false, moz:webdriverClick: true, pageLoadStrategy: normal, platform: MAC, platformName: MAC, platformVersion: 17.7.0, proxy: Proxy(direct), rotatable: false, setWindowRect: true, strictFileInteractability: false, timeouts: {implicit: 0, pageLoad: 300000, script: 30000}, unhandledPromptBehavior: dismiss and notify}
Session ID: 9ff1d633-be1a-0940-aa66-fc067e4c07ca)
	at com.kms.katalon.core.keyword.internal.KeywordMain.stepFailed(KeywordMain.groovy:32)
	at com.kms.katalon.core.webui.keyword.internal.WebUIKeywordMain.stepFailed(WebUIKeywordMain.groovy:65)
	at com.kms.katalon.core.webui.keyword.internal.WebUIKeywordMain.runKeyword(WebUIKeywordMain.groovy:27)
	at com.kms.katalon.core.webui.keyword.builtin.ClickKeyword.click(ClickKeyword.groovy:86)
	at com.kms.katalon.core.webui.keyword.builtin.ClickKeyword.execute(ClickKeyword.groovy:67)
	at com.kms.katalon.core.keyword.internal.KeywordExecutor.executeKeywordForPlatform(KeywordExecutor.groovy:53)
	at com.kms.katalon.core.webui.keyword.WebUiBuiltInKeywords.click(WebUiBuiltInKeywords.groovy:604)
	at com.kms.katalon.core.webui.keyword.WebUiBuiltInKeywords$click$7.call(Unknown Source)
	at HP-Burger menu-Accessories.run(HP-Burger menu-Accessories:32)
	at com.kms.katalon.core.main.ScriptEngine.run(ScriptEngine.java:194)
	at com.kms.katalon.core.main.ScriptEngine.runScriptAsRawText(ScriptEngine.java:119)
	at com.kms.katalon.core.main.TestCaseExecutor.runScript(TestCaseExecutor.java:328)
	at com.kms.katalon.core.main.TestCaseExecutor.doExecute(TestCaseExecutor.java:319)
	at com.kms.katalon.core.main.TestCaseExecutor.processExecutionPhase(TestCaseExecutor.java:298)
	at com.kms.katalon.core.main.TestCaseExecutor.accessMainPhase(TestCaseExecutor.java:290)
	at com.kms.katalon.core.main.TestCaseExecutor.execute(TestCaseExecutor.java:224)
	at com.kms.katalon.core.main.TestSuiteExecutor.accessTestCaseMainPhase(TestSuiteExecutor.java:129)
	at com.kms.katalon.core.main.TestSuiteExecutor.accessTestSuiteMainPhase(TestSuiteExecutor.java:112)
	at com.kms.katalon.core.main.TestSuiteExecutor.execute(TestSuiteExecutor.java:81)
	at com.kms.katalon.core.main.TestCaseMain.startTestSuite(TestCaseMain.java:149)
	at com.kms.katalon.core.main.TestCaseMain$startTestSuite$0.call(Unknown Source)
	at TempTestSuite1561139430530.run(TempTestSuite1561139430530.groovy:36)


2019-06-21 13:51:20 - [TEST_STEP][PASSED] - callTestCase(findTestCase("OCS - DESKTOP/CALL- Age gate"), [:], STOP_ON_FAILURE): Call Test Case 'Test Cases/OCS - DESKTOP/CALL- Age gate' successfully

2019-06-21 13:51:20 - [TEST_CASE][PASSED] - Test Cases/OCS - DESKTOP/CALL- Age gate: Test Cases/OCS - DESKTOP/CALL- Age gate

2019-06-21 13:51:20 - [TEST_STEP][PASSED] - openBrowser(""): Browser is opened with url: ''

2019-06-21 13:51:20 - [MESSAGE][WARNING] - A browser is already opened. Closing browser and opening a new one

2019-06-21 13:51:20 - [MESSAGE][INFO] - Starting 'Firefox' driver

2019-06-21 13:51:23 - [MESSAGE][PASSED] - Browser is opened with url: ''

2019-06-21 13:51:23 - [TEST_STEP][PASSED] - navigateToUrl("https://ocs.ca/?fts=0&preview_theme_id=74057975628"): Navigate to 'https://ocs.ca/?fts=0&preview_theme_id=74057975628' successfully

2019-06-21 13:51:29 - [MESSAGE][PASSED] - Navigate to 'https://ocs.ca/?fts=0&preview_theme_id=74057975628' successfully

2019-06-21 13:51:29 - [TEST_STEP][PASSED] - maximizeWindow(): Current window maximized

2019-06-21 13:51:30 - [MESSAGE][PASSED] - Current window maximized

2019-06-21 13:51:30 - [TEST_STEP][PASSED] - delay(2): Delayed 2 second(s)

2019-06-21 13:51:32 - [MESSAGE][PASSED] - Delayed 2 second(s)

2019-06-21 13:51:32 - [TEST_STEP][PASSED] - executeJavaScript("var previewBar = document.getElementById("preview-bar-iframe"); previewBar.style.display = "none";", []): Execute JavaScript 'var previewBar = document.getElementById("preview-bar-iframe"); previewBar.style.display = "none";' successfully

2019-06-21 13:51:32 - [MESSAGE][PASSED] - Execute JavaScript 'var previewBar = document.getElementById("preview-bar-iframe"); previewBar.style.display = "none";' successfully

2019-06-21 13:51:32 - [TEST_STEP][PASSED] - selectOptionByValue(findTestObject("OCS-DESKTOP/Age gate and Mega menu/Date"), "12", true): All options with value '12' are selected in object 'Object Repository/OCS-DESKTOP/Age gate and Mega menu/Date'  using regular expression

2019-06-21 13:51:32 - [MESSAGE][PASSED] - All options with value '12' are selected in object 'Object Repository/OCS-DESKTOP/Age gate and Mega menu/Date'  using regular expression

2019-06-21 13:51:32 - [TEST_STEP][PASSED] - selectOptionByValue(findTestObject("OCS-DESKTOP/Age gate and Mega menu/month"), "6", true): All options with value '6' are selected in object 'Object Repository/OCS-DESKTOP/Age gate and Mega menu/month'  using regular expression

2019-06-21 13:51:33 - [MESSAGE][PASSED] - All options with value '6' are selected in object 'Object Repository/OCS-DESKTOP/Age gate and Mega menu/month'  using regular expression

2019-06-21 13:51:33 - [TEST_STEP][PASSED] - delay(2): Delayed 2 second(s)

2019-06-21 13:51:35 - [MESSAGE][PASSED] - Delayed 2 second(s)

2019-06-21 13:51:35 - [TEST_STEP][PASSED] - selectOptionByValue(findTestObject("OCS-DESKTOP/Age gate and Mega menu/Year Dropdown"), "1990", true): All options with value '1990' are selected in object 'Object Repository/OCS-DESKTOP/Age gate and Mega menu/Year Dropdown'  using regular expression

2019-06-21 13:51:36 - [MESSAGE][PASSED] - All options with value '1990' are selected in object 'Object Repository/OCS-DESKTOP/Age gate and Mega menu/Year Dropdown'  using regular expression

2019-06-21 13:51:36 - [TEST_STEP][PASSED] - click(findTestObject("OCS-DESKTOP/Age gate and Mega menu/button_Verify")): Object: 'Object Repository/OCS-DESKTOP/Age gate and Mega menu/button_Verify' is clicked on

2019-06-21 13:51:37 - [MESSAGE][PASSED] - Object: 'Object Repository/OCS-DESKTOP/Age gate and Mega menu/button_Verify' is clicked on

2019-06-21 13:51:37 - [TEST_STEP][PASSED] - click(findTestObject("OCS-DESKTOP/Age gate and Mega menu/Checkbox_CONFIRM AND ACKNOWLEDGE")): Object: 'Object Repository/OCS-DESKTOP/Age gate and Mega menu/Checkbox_CONFIRM AND ACKNOWLEDGE' is clicked on

2019-06-21 13:51:37 - [MESSAGE][PASSED] - Object: 'Object Repository/OCS-DESKTOP/Age gate and Mega menu/Checkbox_CONFIRM AND ACKNOWLEDGE' is clicked on

2019-06-21 13:51:37 - [TEST_STEP][PASSED] - click(findTestObject("OCS-DESKTOP/Age gate and Mega menu/button_CONFIRM")): Object: 'Object Repository/OCS-DESKTOP/Age gate and Mega menu/button_CONFIRM' is clicked on

2019-06-21 13:51:37 - [MESSAGE][PASSED] - Object: 'Object Repository/OCS-DESKTOP/Age gate and Mega menu/button_CONFIRM' is clicked on

2019-06-21 13:51:37 - [TEST_STEP][PASSED] - click(findTestObject("OCS-DESKTOP/Age gate and Mega menu/button_Start Browsing")): Object: 'Object Repository/OCS-DESKTOP/Age gate and Mega menu/button_Start Browsing' is clicked on

2019-06-21 13:51:37 - [MESSAGE][PASSED] - Object: 'Object Repository/OCS-DESKTOP/Age gate and Mega menu/button_Start Browsing' is clicked on

2019-06-21 13:51:37 - [TEST_STEP][PASSED] - delay(2): Delayed 2 second(s)

2019-06-21 13:51:39 - [MESSAGE][PASSED] - Delayed 2 second(s)

2019-06-21 13:51:39 - [TEST_STEP][PASSED] - refresh(): Refresh successfully

2019-06-21 13:51:44 - [MESSAGE][PASSED] - Refresh successfully

2019-06-21 13:51:44 - [MESSAGE][PASSED] - Call Test Case 'Test Cases/OCS - DESKTOP/CALL- Age gate' successfully

2019-06-21 13:51:44 - [TEST_STEP][PASSED] - delay(2, CONTINUE_ON_FAILURE): Delayed 2 second(s)

2019-06-21 13:51:46 - [MESSAGE][PASSED] - Delayed 2 second(s)

2019-06-21 13:51:46 - [TEST_STEP][PASSED] - click(findTestObject("OCS-DESKTOP/Age gate and Mega menu/Header/ACCESSORIES menu - En"), CONTINUE_ON_FAILURE): Object: 'Object Repository/OCS-DESKTOP/Age gate and Mega menu/Header/ACCESSORIES menu - En' is clicked on

2019-06-21 13:51:46 - [MESSAGE][PASSED] - Object: 'Object Repository/OCS-DESKTOP/Age gate and Mega menu/Header/ACCESSORIES menu - En' is clicked on

2019-06-21 13:51:46 - [TEST_STEP][PASSED] - delay(2, CONTINUE_ON_FAILURE): Delayed 2 second(s)

2019-06-21 13:51:48 - [MESSAGE][PASSED] - Delayed 2 second(s)

2019-06-21 13:51:48 - [TEST_STEP][NOT_RUN] - click(findTestObject("OCS-DESKTOP/Accessories page/All accessories"), STOP_ON_FAILURE): NOT_RUN: click(findTestObject("OCS-DESKTOP/Accessories page/All accessories"), STOP_ON_FAILURE)

2019-06-21 13:51:48 - [MESSAGE][NOT_RUN] - NOT_RUN: click(findTestObject("OCS-DESKTOP/Accessories page/All accessories"), STOP_ON_FAILURE)

2019-06-21 13:51:48 - [TEST_STEP][PASSED] - delay(1, CONTINUE_ON_FAILURE): Delayed 1 second(s)

2019-06-21 13:51:49 - [MESSAGE][PASSED] - Delayed 1 second(s)

2019-06-21 13:51:49 - [TEST_STEP][PASSED] - click(findTestObject("OCS-DESKTOP/Age gate and Mega menu/Header/ACCESSORIES menu - En"), CONTINUE_ON_FAILURE): Object: 'Object Repository/OCS-DESKTOP/Age gate and Mega menu/Header/ACCESSORIES menu - En' is clicked on

2019-06-21 13:51:49 - [MESSAGE][PASSED] - Object: 'Object Repository/OCS-DESKTOP/Age gate and Mega menu/Header/ACCESSORIES menu - En' is clicked on

2019-06-21 13:51:49 - [TEST_STEP][PASSED] - delay(1, CONTINUE_ON_FAILURE): Delayed 1 second(s)

2019-06-21 13:51:50 - [MESSAGE][PASSED] - Delayed 1 second(s)

2019-06-21 13:51:50 - [TEST_STEP][FAILED] - click(findTestObject("OCS-DESKTOP/Accessories page/Vaporizers"), CONTINUE_ON_FAILURE): Unable to click on object 'Object Repository/OCS-DESKTOP/Accessories page/Vaporizers' (Root cause: org.openqa.selenium.ElementNotInteractableException: Element <span class="menu__tier-four__link--title menu--type-two"> could not be scrolled into view
Build info: version: '3.7.1', revision: '8a0099a', time: '2017-11-06T21:07:36.161Z'
System info: host: 'sumans-MacBook-Pro.local', ip: '2601:87:0:879f:0:0:0:1e84%en0', os.name: 'Mac OS X', os.arch: 'x86_64', os.version: '10.13.6', java.version: '1.8.0_181'
Driver info: com.kms.katalon.core.webui.driver.firefox.CGeckoDriver
Capabilities {acceptInsecureCerts: true, browserName: firefox, browserVersion: 67.0.3, javascriptEnabled: true, moz:accessibilityChecks: false, moz:buildID: 20190618025334, moz:geckodriverVersion: 0.23.0, moz:headless: false, moz:processID: 2793, moz:profile: /var/folders/1t/c55l8xzs6gq..., moz:shutdownTimeout: 60000, moz:useNonSpecCompliantPointerOrigin: false, moz:webdriverClick: true, pageLoadStrategy: normal, platform: MAC, platformName: MAC, platformVersion: 17.7.0, proxy: Proxy(direct), rotatable: false, setWindowRect: true, strictFileInteractability: false, timeouts: {implicit: 0, pageLoad: 300000, script: 30000}, unhandledPromptBehavior: dismiss and notify}
Session ID: 9ff1d633-be1a-0940-aa66-fc067e4c07ca)

2019-06-21 13:51:51 - [MESSAGE][FAILED] - Unable to click on object 'Object Repository/OCS-DESKTOP/Accessories page/Vaporizers' (Root cause: org.openqa.selenium.ElementNotInteractableException: Element <span class="menu__tier-four__link--title menu--type-two"> could not be scrolled into view
Build info: version: '3.7.1', revision: '8a0099a', time: '2017-11-06T21:07:36.161Z'
System info: host: 'sumans-MacBook-Pro.local', ip: '2601:87:0:879f:0:0:0:1e84%en0', os.name: 'Mac OS X', os.arch: 'x86_64', os.version: '10.13.6', java.version: '1.8.0_181'
Driver info: com.kms.katalon.core.webui.driver.firefox.CGeckoDriver
Capabilities {acceptInsecureCerts: true, browserName: firefox, browserVersion: 67.0.3, javascriptEnabled: true, moz:accessibilityChecks: false, moz:buildID: 20190618025334, moz:geckodriverVersion: 0.23.0, moz:headless: false, moz:processID: 2793, moz:profile: /var/folders/1t/c55l8xzs6gq..., moz:shutdownTimeout: 60000, moz:useNonSpecCompliantPointerOrigin: false, moz:webdriverClick: true, pageLoadStrategy: normal, platform: MAC, platformName: MAC, platformVersion: 17.7.0, proxy: Proxy(direct), rotatable: false, setWindowRect: true, strictFileInteractability: false, timeouts: {implicit: 0, pageLoad: 300000, script: 30000}, unhandledPromptBehavior: dismiss and notify}
Session ID: 9ff1d633-be1a-0940-aa66-fc067e4c07ca)
[[ATTACHMENT|/Users/sumankompelly/Relative xpath-Desktop/Reports/OCS-1.11/20190621_135030/1561139510862.png]]

2019-06-21 13:51:51 - [TEST_STEP][PASSED] - delay(1, CONTINUE_ON_FAILURE): Delayed 1 second(s)

2019-06-21 13:51:52 - [MESSAGE][PASSED] - Delayed 1 second(s)

2019-06-21 13:51:52 - [TEST_STEP][PASSED] - a = getWindowTitle(CONTINUE_ON_FAILURE): Current window's title is: 'Ontario Cannabis Store | Ontario Cannabis Store'

2019-06-21 13:51:52 - [MESSAGE][PASSED] - Current window's title is: 'Ontario Cannabis Store | Ontario Cannabis Store'

2019-06-21 13:51:52 - [TEST_STEP][PASSED] - comment(a): Ontario Cannabis Store | Ontario Cannabis Store

2019-06-21 13:51:52 - [MESSAGE][INFO] - Ontario Cannabis Store | Ontario Cannabis Store

2019-06-21 13:51:52 - [TEST_STEP][PASSED] - b = "Vaporizers | Ontario Cannabis Store": null

2019-06-21 13:51:52 - [TEST_STEP][PASSED] - comment(b): Vaporizers | Ontario Cannabis Store

2019-06-21 13:51:52 - [MESSAGE][INFO] - Vaporizers | Ontario Cannabis Store

2019-06-21 13:51:52 - [TEST_STEP][PASSED] - if (a == b): null

2019-06-21 13:51:52 - [TEST_STEP][PASSED] - else: Some random page 

2019-06-21 13:51:52 - [TEST_STEP][PASSED] - comment("Some random page "): Some random page 

2019-06-21 13:51:52 - [MESSAGE][INFO] - Some random page 

2019-06-21 13:51:52 - [TEST_STEP][PASSED] - delay(1, CONTINUE_ON_FAILURE): Delayed 1 second(s)

2019-06-21 13:51:53 - [MESSAGE][PASSED] - Delayed 1 second(s)

2019-06-21 13:51:53 - [TEST_STEP][PASSED] - click(findTestObject("OCS-DESKTOP/Age gate and Mega menu/Header/ACCESSORIES menu - En"), CONTINUE_ON_FAILURE): Object: 'Object Repository/OCS-DESKTOP/Age gate and Mega menu/Header/ACCESSORIES menu - En' is clicked on

2019-06-21 13:51:53 - [MESSAGE][PASSED] - Object: 'Object Repository/OCS-DESKTOP/Age gate and Mega menu/Header/ACCESSORIES menu - En' is clicked on

2019-06-21 13:51:53 - [TEST_STEP][PASSED] - delay(2, CONTINUE_ON_FAILURE): Delayed 2 second(s)

2019-06-21 13:51:55 - [MESSAGE][PASSED] - Delayed 2 second(s)

2019-06-21 13:51:55 - [TEST_STEP][PASSED] - delay(1, CONTINUE_ON_FAILURE): Delayed 1 second(s)

2019-06-21 13:51:56 - [MESSAGE][PASSED] - Delayed 1 second(s)

2019-06-21 13:51:56 - [TEST_STEP][PASSED] - click(findTestObject("OCS-DESKTOP/Accessories page/Bongs - water pipes"), CONTINUE_ON_FAILURE): Object: 'Object Repository/OCS-DESKTOP/Accessories page/Bongs - water pipes' is clicked on

2019-06-21 13:52:00 - [MESSAGE][PASSED] - Object: 'Object Repository/OCS-DESKTOP/Accessories page/Bongs - water pipes' is clicked on

2019-06-21 13:52:00 - [TEST_STEP][PASSED] - delay(1, CONTINUE_ON_FAILURE): Delayed 1 second(s)

2019-06-21 13:52:01 - [MESSAGE][PASSED] - Delayed 1 second(s)

2019-06-21 13:52:01 - [TEST_STEP][PASSED] - a1 = getWindowTitle(CONTINUE_ON_FAILURE): Current window's title is: 'Bongs & Water Pipes | Ontario Cannabis Store'

2019-06-21 13:52:01 - [MESSAGE][PASSED] - Current window's title is: 'Bongs & Water Pipes | Ontario Cannabis Store'

2019-06-21 13:52:01 - [TEST_STEP][PASSED] - comment(a1): Bongs & Water Pipes | Ontario Cannabis Store

2019-06-21 13:52:01 - [MESSAGE][INFO] - Bongs & Water Pipes | Ontario Cannabis Store

2019-06-21 13:52:01 - [TEST_STEP][PASSED] - b1 = "Bongs & Water Pipes | Ontario Cannabis Store": null

2019-06-21 13:52:01 - [TEST_STEP][PASSED] - comment(b1): Bongs & Water Pipes | Ontario Cannabis Store

2019-06-21 13:52:01 - [MESSAGE][INFO] - Bongs & Water Pipes | Ontario Cannabis Store

2019-06-21 13:52:01 - [TEST_STEP][PASSED] - if (a1 == b1): correct window page 

2019-06-21 13:52:01 - [TEST_STEP][PASSED] - comment("correct window page "): correct window page 

2019-06-21 13:52:01 - [MESSAGE][INFO] - correct window page 

2019-06-21 13:52:01 - [TEST_STEP][PASSED] - delay(1, CONTINUE_ON_FAILURE): Delayed 1 second(s)

2019-06-21 13:52:02 - [MESSAGE][PASSED] - Delayed 1 second(s)

2019-06-21 13:52:02 - [TEST_STEP][PASSED] - click(findTestObject("OCS-DESKTOP/Age gate and Mega menu/Header/ACCESSORIES menu - En"), CONTINUE_ON_FAILURE): Object: 'Object Repository/OCS-DESKTOP/Age gate and Mega menu/Header/ACCESSORIES menu - En' is clicked on

2019-06-21 13:52:02 - [MESSAGE][PASSED] - Object: 'Object Repository/OCS-DESKTOP/Age gate and Mega menu/Header/ACCESSORIES menu - En' is clicked on

2019-06-21 13:52:02 - [TEST_STEP][PASSED] - delay(2, CONTINUE_ON_FAILURE): Delayed 2 second(s)

2019-06-21 13:52:04 - [MESSAGE][PASSED] - Delayed 2 second(s)

2019-06-21 13:52:04 - [TEST_STEP][PASSED] - delay(1, CONTINUE_ON_FAILURE): Delayed 1 second(s)

2019-06-21 13:52:05 - [MESSAGE][PASSED] - Delayed 1 second(s)

2019-06-21 13:52:05 - [TEST_STEP][PASSED] - click(findTestObject("OCS-DESKTOP/Accessories page/Handheld pipes"), CONTINUE_ON_FAILURE): Object: 'Object Repository/OCS-DESKTOP/Accessories page/Handheld pipes' is clicked on

2019-06-21 13:52:07 - [MESSAGE][PASSED] - Object: 'Object Repository/OCS-DESKTOP/Accessories page/Handheld pipes' is clicked on

2019-06-21 13:52:07 - [TEST_STEP][PASSED] - delay(1, CONTINUE_ON_FAILURE): Delayed 1 second(s)

2019-06-21 13:52:08 - [MESSAGE][PASSED] - Delayed 1 second(s)

2019-06-21 13:52:08 - [TEST_STEP][PASSED] - a11 = getWindowTitle(CONTINUE_ON_FAILURE): Current window's title is: 'Handheld Pipes | Ontario Cannabis Store'

2019-06-21 13:52:08 - [MESSAGE][PASSED] - Current window's title is: 'Handheld Pipes | Ontario Cannabis Store'

2019-06-21 13:52:08 - [TEST_STEP][PASSED] - comment(a11): Handheld Pipes | Ontario Cannabis Store

2019-06-21 13:52:08 - [MESSAGE][INFO] - Handheld Pipes | Ontario Cannabis Store

2019-06-21 13:52:08 - [TEST_STEP][PASSED] - b11 = "Handheld Pipes | Ontario Cannabis Store": null

2019-06-21 13:52:08 - [TEST_STEP][PASSED] - comment(b11): Handheld Pipes | Ontario Cannabis Store

2019-06-21 13:52:08 - [MESSAGE][INFO] - Handheld Pipes | Ontario Cannabis Store

2019-06-21 13:52:08 - [TEST_STEP][PASSED] - if (a11 == b11): correct window page 

2019-06-21 13:52:08 - [TEST_STEP][PASSED] - comment("correct window page "): correct window page 

2019-06-21 13:52:08 - [MESSAGE][INFO] - correct window page 

2019-06-21 13:52:08 - [TEST_STEP][PASSED] - delay(1, CONTINUE_ON_FAILURE): Delayed 1 second(s)

2019-06-21 13:52:09 - [MESSAGE][PASSED] - Delayed 1 second(s)

2019-06-21 13:52:09 - [TEST_STEP][PASSED] - click(findTestObject("OCS-DESKTOP/Age gate and Mega menu/Header/ACCESSORIES menu - En"), CONTINUE_ON_FAILURE): Object: 'Object Repository/OCS-DESKTOP/Age gate and Mega menu/Header/ACCESSORIES menu - En' is clicked on

2019-06-21 13:52:10 - [MESSAGE][PASSED] - Object: 'Object Repository/OCS-DESKTOP/Age gate and Mega menu/Header/ACCESSORIES menu - En' is clicked on

2019-06-21 13:52:10 - [TEST_STEP][PASSED] - delay(2, CONTINUE_ON_FAILURE): Delayed 2 second(s)

2019-06-21 13:52:12 - [MESSAGE][PASSED] - Delayed 2 second(s)

2019-06-21 13:52:12 - [TEST_STEP][PASSED] - delay(1, CONTINUE_ON_FAILURE): Delayed 1 second(s)

2019-06-21 13:52:13 - [MESSAGE][PASSED] - Delayed 1 second(s)

2019-06-21 13:52:13 - [TEST_STEP][PASSED] - click(findTestObject("OCS-DESKTOP/Accessories page/Papers -filters"), CONTINUE_ON_FAILURE): Object: 'Object Repository/OCS-DESKTOP/Accessories page/Papers -filters' is clicked on

2019-06-21 13:52:16 - [MESSAGE][PASSED] - Object: 'Object Repository/OCS-DESKTOP/Accessories page/Papers -filters' is clicked on

2019-06-21 13:52:16 - [TEST_STEP][PASSED] - delay(1, CONTINUE_ON_FAILURE): Delayed 1 second(s)

2019-06-21 13:52:17 - [MESSAGE][PASSED] - Delayed 1 second(s)

2019-06-21 13:52:17 - [TEST_STEP][PASSED] - a111 = getWindowTitle(CONTINUE_ON_FAILURE): Current window's title is: 'Papers & Filters | Ontario Cannabis Store'

2019-06-21 13:52:17 - [MESSAGE][PASSED] - Current window's title is: 'Papers & Filters | Ontario Cannabis Store'

2019-06-21 13:52:17 - [TEST_STEP][PASSED] - comment(a111): Papers & Filters | Ontario Cannabis Store

2019-06-21 13:52:17 - [MESSAGE][INFO] - Papers & Filters | Ontario Cannabis Store

2019-06-21 13:52:17 - [TEST_STEP][PASSED] - b111 = "Papers & Filters | Ontario Cannabis Store": null

2019-06-21 13:52:17 - [TEST_STEP][PASSED] - comment(b111): Papers & Filters | Ontario Cannabis Store

2019-06-21 13:52:17 - [MESSAGE][INFO] - Papers & Filters | Ontario Cannabis Store

2019-06-21 13:52:17 - [TEST_STEP][PASSED] - if (a111 == b111): correct window page 

2019-06-21 13:52:17 - [TEST_STEP][PASSED] - comment("correct window page "): correct window page 

2019-06-21 13:52:17 - [MESSAGE][INFO] - correct window page 

2019-06-21 13:52:17 - [TEST_STEP][PASSED] - delay(1, CONTINUE_ON_FAILURE): Delayed 1 second(s)

2019-06-21 13:52:18 - [MESSAGE][PASSED] - Delayed 1 second(s)

2019-06-21 13:52:18 - [TEST_STEP][PASSED] - click(findTestObject("OCS-DESKTOP/Age gate and Mega menu/Header/ACCESSORIES menu - En"), CONTINUE_ON_FAILURE): Object: 'Object Repository/OCS-DESKTOP/Age gate and Mega menu/Header/ACCESSORIES menu - En' is clicked on

2019-06-21 13:52:18 - [MESSAGE][PASSED] - Object: 'Object Repository/OCS-DESKTOP/Age gate and Mega menu/Header/ACCESSORIES menu - En' is clicked on

2019-06-21 13:52:18 - [TEST_STEP][PASSED] - delay(2, CONTINUE_ON_FAILURE): Delayed 2 second(s)

2019-06-21 13:52:20 - [MESSAGE][PASSED] - Delayed 2 second(s)

2019-06-21 13:52:20 - [TEST_STEP][PASSED] - delay(1, CONTINUE_ON_FAILURE): Delayed 1 second(s)

2019-06-21 13:52:21 - [MESSAGE][PASSED] - Delayed 1 second(s)

2019-06-21 13:52:21 - [TEST_STEP][PASSED] - click(findTestObject("OCS-DESKTOP/Accessories page/Grinders"), CONTINUE_ON_FAILURE): Object: 'Object Repository/OCS-DESKTOP/Accessories page/Grinders' is clicked on

2019-06-21 13:52:24 - [MESSAGE][PASSED] - Object: 'Object Repository/OCS-DESKTOP/Accessories page/Grinders' is clicked on

2019-06-21 13:52:24 - [TEST_STEP][PASSED] - delay(1, CONTINUE_ON_FAILURE): Delayed 1 second(s)

2019-06-21 13:52:25 - [MESSAGE][PASSED] - Delayed 1 second(s)

2019-06-21 13:52:25 - [TEST_STEP][PASSED] - a1111 = getWindowTitle(CONTINUE_ON_FAILURE): Current window's title is: 'Grinders | Ontario Cannabis Store'

2019-06-21 13:52:25 - [MESSAGE][PASSED] - Current window's title is: 'Grinders | Ontario Cannabis Store'

2019-06-21 13:52:25 - [TEST_STEP][PASSED] - comment(a1111): Grinders | Ontario Cannabis Store

2019-06-21 13:52:25 - [MESSAGE][INFO] - Grinders | Ontario Cannabis Store

2019-06-21 13:52:25 - [TEST_STEP][PASSED] - b1111 = "Grinders | Ontario Cannabis Store": null

2019-06-21 13:52:25 - [TEST_STEP][PASSED] - comment(b1111): Grinders | Ontario Cannabis Store

2019-06-21 13:52:25 - [MESSAGE][INFO] - Grinders | Ontario Cannabis Store

2019-06-21 13:52:25 - [TEST_STEP][PASSED] - if (a1111 == b1111): correct window page 

2019-06-21 13:52:25 - [TEST_STEP][PASSED] - comment("correct window page "): correct window page 

2019-06-21 13:52:25 - [MESSAGE][INFO] - correct window page 

2019-06-21 13:52:25 - [TEST_STEP][PASSED] - delay(1, CONTINUE_ON_FAILURE): Delayed 1 second(s)

2019-06-21 13:52:26 - [MESSAGE][PASSED] - Delayed 1 second(s)

2019-06-21 13:52:26 - [TEST_STEP][PASSED] - click(findTestObject("OCS-DESKTOP/Age gate and Mega menu/Header/ACCESSORIES menu - En"), CONTINUE_ON_FAILURE): Object: 'Object Repository/OCS-DESKTOP/Age gate and Mega menu/Header/ACCESSORIES menu - En' is clicked on

2019-06-21 13:52:27 - [MESSAGE][PASSED] - Object: 'Object Repository/OCS-DESKTOP/Age gate and Mega menu/Header/ACCESSORIES menu - En' is clicked on

2019-06-21 13:52:27 - [TEST_STEP][PASSED] - delay(2, CONTINUE_ON_FAILURE): Delayed 2 second(s)

2019-06-21 13:52:29 - [MESSAGE][PASSED] - Delayed 2 second(s)

2019-06-21 13:52:29 - [TEST_STEP][PASSED] - delay(1, CONTINUE_ON_FAILURE): Delayed 1 second(s)

2019-06-21 13:52:30 - [MESSAGE][PASSED] - Delayed 1 second(s)

2019-06-21 13:52:30 - [TEST_STEP][PASSED] - click(findTestObject("OCS-DESKTOP/Accessories page/Tools -kits"), CONTINUE_ON_FAILURE): Object: 'Object Repository/OCS-DESKTOP/Accessories page/Tools -kits' is clicked on

2019-06-21 13:52:31 - [MESSAGE][PASSED] - Object: 'Object Repository/OCS-DESKTOP/Accessories page/Tools -kits' is clicked on

2019-06-21 13:52:31 - [TEST_STEP][PASSED] - delay(1, CONTINUE_ON_FAILURE): Delayed 1 second(s)

2019-06-21 13:52:32 - [MESSAGE][PASSED] - Delayed 1 second(s)

2019-06-21 13:52:32 - [TEST_STEP][PASSED] - a11111 = getWindowTitle(CONTINUE_ON_FAILURE): Current window's title is: 'Multi-Tools & Kits | Ontario Cannabis Store'

2019-06-21 13:52:32 - [MESSAGE][PASSED] - Current window's title is: 'Multi-Tools & Kits | Ontario Cannabis Store'

2019-06-21 13:52:32 - [TEST_STEP][PASSED] - comment(a11111): Multi-Tools & Kits | Ontario Cannabis Store

2019-06-21 13:52:32 - [MESSAGE][INFO] - Multi-Tools & Kits | Ontario Cannabis Store

2019-06-21 13:52:32 - [TEST_STEP][PASSED] - b11111 = "Multi-Tools & Kits | Ontario Cannabis Store": null

2019-06-21 13:52:33 - [TEST_STEP][PASSED] - comment(b11111): Multi-Tools & Kits | Ontario Cannabis Store

2019-06-21 13:52:33 - [MESSAGE][INFO] - Multi-Tools & Kits | Ontario Cannabis Store

2019-06-21 13:52:33 - [TEST_STEP][PASSED] - if (a11111 == b11111): correct window page 

2019-06-21 13:52:33 - [TEST_STEP][PASSED] - comment("correct window page "): correct window page 

2019-06-21 13:52:33 - [MESSAGE][INFO] - correct window page 

2019-06-21 13:52:33 - [TEST_STEP][PASSED] - delay(1, CONTINUE_ON_FAILURE): Delayed 1 second(s)

2019-06-21 13:52:34 - [MESSAGE][PASSED] - Delayed 1 second(s)

2019-06-21 13:52:34 - [TEST_STEP][PASSED] - click(findTestObject("OCS-DESKTOP/Age gate and Mega menu/Header/ACCESSORIES menu - En"), CONTINUE_ON_FAILURE): Object: 'Object Repository/OCS-DESKTOP/Age gate and Mega menu/Header/ACCESSORIES menu - En' is clicked on

2019-06-21 13:52:34 - [MESSAGE][PASSED] - Object: 'Object Repository/OCS-DESKTOP/Age gate and Mega menu/Header/ACCESSORIES menu - En' is clicked on

2019-06-21 13:52:34 - [TEST_STEP][PASSED] - delay(2, CONTINUE_ON_FAILURE): Delayed 2 second(s)

2019-06-21 13:52:36 - [MESSAGE][PASSED] - Delayed 2 second(s)

2019-06-21 13:52:36 - [TEST_STEP][PASSED] - delay(1, CONTINUE_ON_FAILURE): Delayed 1 second(s)

2019-06-21 13:52:37 - [MESSAGE][PASSED] - Delayed 1 second(s)

2019-06-21 13:52:37 - [TEST_STEP][PASSED] - click(findTestObject("OCS-DESKTOP/Accessories page/Cleaning supplies"), CONTINUE_ON_FAILURE): Object: 'Object Repository/OCS-DESKTOP/Accessories page/Cleaning supplies' is clicked on

2019-06-21 13:52:39 - [MESSAGE][PASSED] - Object: 'Object Repository/OCS-DESKTOP/Accessories page/Cleaning supplies' is clicked on

2019-06-21 13:52:39 - [TEST_STEP][PASSED] - delay(1, CONTINUE_ON_FAILURE): Delayed 1 second(s)

2019-06-21 13:52:40 - [MESSAGE][PASSED] - Delayed 1 second(s)

2019-06-21 13:52:40 - [TEST_STEP][PASSED] - a12 = getWindowTitle(CONTINUE_ON_FAILURE): Current window's title is: 'Cleaning Supplies | Ontario Cannabis Store'

2019-06-21 13:52:40 - [MESSAGE][PASSED] - Current window's title is: 'Cleaning Supplies | Ontario Cannabis Store'

2019-06-21 13:52:40 - [TEST_STEP][PASSED] - comment(a12): Cleaning Supplies | Ontario Cannabis Store

2019-06-21 13:52:40 - [MESSAGE][INFO] - Cleaning Supplies | Ontario Cannabis Store

2019-06-21 13:52:40 - [TEST_STEP][PASSED] - b12 = "Cleaning Supplies | Ontario Cannabis Store": null

2019-06-21 13:52:40 - [TEST_STEP][PASSED] - comment(b12): Cleaning Supplies | Ontario Cannabis Store

2019-06-21 13:52:40 - [MESSAGE][INFO] - Cleaning Supplies | Ontario Cannabis Store

2019-06-21 13:52:40 - [TEST_STEP][PASSED] - if (a12 == b12): correct window page 

2019-06-21 13:52:40 - [TEST_STEP][PASSED] - comment("correct window page "): correct window page 

2019-06-21 13:52:40 - [MESSAGE][INFO] - correct window page 

2019-06-21 13:52:40 - [TEST_STEP][PASSED] - delay(1, CONTINUE_ON_FAILURE): Delayed 1 second(s)

2019-06-21 13:52:41 - [MESSAGE][PASSED] - Delayed 1 second(s)

2019-06-21 13:52:41 - [TEST_STEP][PASSED] - click(findTestObject("OCS-DESKTOP/Age gate and Mega menu/Header/ACCESSORIES menu - En"), CONTINUE_ON_FAILURE): Object: 'Object Repository/OCS-DESKTOP/Age gate and Mega menu/Header/ACCESSORIES menu - En' is clicked on

2019-06-21 13:52:41 - [MESSAGE][PASSED] - Object: 'Object Repository/OCS-DESKTOP/Age gate and Mega menu/Header/ACCESSORIES menu - En' is clicked on

2019-06-21 13:52:41 - [TEST_STEP][PASSED] - delay(2, CONTINUE_ON_FAILURE): Delayed 2 second(s)

2019-06-21 13:52:43 - [MESSAGE][PASSED] - Delayed 2 second(s)

2019-06-21 13:52:43 - [TEST_STEP][PASSED] - delay(1, CONTINUE_ON_FAILURE): Delayed 1 second(s)

2019-06-21 13:52:44 - [MESSAGE][PASSED] - Delayed 1 second(s)

2019-06-21 13:52:44 - [TEST_STEP][PASSED] - click(findTestObject("OCS-DESKTOP/Accessories page/Storage"), CONTINUE_ON_FAILURE): Object: 'Object Repository/OCS-DESKTOP/Accessories page/Storage' is clicked on

2019-06-21 13:52:47 - [MESSAGE][PASSED] - Object: 'Object Repository/OCS-DESKTOP/Accessories page/Storage' is clicked on

2019-06-21 13:52:47 - [TEST_STEP][PASSED] - delay(1, CONTINUE_ON_FAILURE): Delayed 1 second(s)

2019-06-21 13:52:48 - [MESSAGE][PASSED] - Delayed 1 second(s)

2019-06-21 13:52:48 - [TEST_STEP][PASSED] - a13 = getWindowTitle(CONTINUE_ON_FAILURE): Current window's title is: 'Storage | Ontario Cannabis Store'

2019-06-21 13:52:48 - [MESSAGE][PASSED] - Current window's title is: 'Storage | Ontario Cannabis Store'

2019-06-21 13:52:48 - [TEST_STEP][PASSED] - comment(a13): Storage | Ontario Cannabis Store

2019-06-21 13:52:48 - [MESSAGE][INFO] - Storage | Ontario Cannabis Store

2019-06-21 13:52:48 - [TEST_STEP][PASSED] - b13 = "Storage | Ontario Cannabis Store": null

2019-06-21 13:52:48 - [TEST_STEP][PASSED] - comment(b): Vaporizers | Ontario Cannabis Store

2019-06-21 13:52:48 - [MESSAGE][INFO] - Vaporizers | Ontario Cannabis Store

2019-06-21 13:52:48 - [TEST_STEP][PASSED] - if (a13 == b13): correct window page 

2019-06-21 13:52:48 - [TEST_STEP][PASSED] - comment("correct window page "): correct window page 

2019-06-21 13:52:48 - [MESSAGE][INFO] - correct window page 

2019-06-21 13:52:48 - [TEST_STEP][PASSED] - delay(1, CONTINUE_ON_FAILURE): Delayed 1 second(s)

2019-06-21 13:52:49 - [MESSAGE][PASSED] - Delayed 1 second(s)

2019-06-21 13:52:49 - [TEST_STEP][PASSED] - click(findTestObject("OCS-DESKTOP/Age gate and Mega menu/Header/ACCESSORIES menu - En"), CONTINUE_ON_FAILURE): Object: 'Object Repository/OCS-DESKTOP/Age gate and Mega menu/Header/ACCESSORIES menu - En' is clicked on

2019-06-21 13:52:50 - [MESSAGE][PASSED] - Object: 'Object Repository/OCS-DESKTOP/Age gate and Mega menu/Header/ACCESSORIES menu - En' is clicked on

2019-06-21 13:52:50 - [TEST_STEP][PASSED] - delay(2, CONTINUE_ON_FAILURE): Delayed 2 second(s)

2019-06-21 13:52:52 - [MESSAGE][PASSED] - Delayed 2 second(s)

2019-06-21 13:52:52 - [TEST_STEP][PASSED] - delay(1, CONTINUE_ON_FAILURE): Delayed 1 second(s)

2019-06-21 13:52:53 - [MESSAGE][PASSED] - Delayed 1 second(s)

2019-06-21 13:52:53 - [TEST_STEP][PASSED] - click(findTestObject("OCS-DESKTOP/Accessories page/Trays"), CONTINUE_ON_FAILURE): Object: 'Object Repository/OCS-DESKTOP/Accessories page/Trays' is clicked on

2019-06-21 13:52:56 - [MESSAGE][PASSED] - Object: 'Object Repository/OCS-DESKTOP/Accessories page/Trays' is clicked on

2019-06-21 13:52:56 - [TEST_STEP][PASSED] - delay(1, CONTINUE_ON_FAILURE): Delayed 1 second(s)

2019-06-21 13:52:57 - [MESSAGE][PASSED] - Delayed 1 second(s)

2019-06-21 13:52:57 - [TEST_STEP][PASSED] - a14 = getWindowTitle(CONTINUE_ON_FAILURE): Current window's title is: 'Trays | Ontario Cannabis Store'

2019-06-21 13:52:57 - [MESSAGE][PASSED] - Current window's title is: 'Trays | Ontario Cannabis Store'

2019-06-21 13:52:57 - [TEST_STEP][PASSED] - comment(a14): Trays | Ontario Cannabis Store

2019-06-21 13:52:57 - [MESSAGE][INFO] - Trays | Ontario Cannabis Store

2019-06-21 13:52:57 - [TEST_STEP][PASSED] - b14 = "Trays | Ontario Cannabis Store": null

2019-06-21 13:52:57 - [TEST_STEP][PASSED] - comment(b14): Trays | Ontario Cannabis Store

2019-06-21 13:52:57 - [MESSAGE][INFO] - Trays | Ontario Cannabis Store

2019-06-21 13:52:57 - [TEST_STEP][PASSED] - if (a14 == b14): correct window page 

2019-06-21 13:52:57 - [TEST_STEP][PASSED] - comment("correct window page "): correct window page 

2019-06-21 13:52:57 - [MESSAGE][INFO] - correct window page 

2019-06-21 13:52:57 - [TEST_STEP][PASSED] - delay(1, CONTINUE_ON_FAILURE): Delayed 1 second(s)

2019-06-21 13:52:58 - [MESSAGE][PASSED] - Delayed 1 second(s)

2019-06-21 13:52:58 - [TEST_STEP][PASSED] - click(findTestObject("OCS-DESKTOP/Age gate and Mega menu/Header/ACCESSORIES menu - En"), CONTINUE_ON_FAILURE): Object: 'Object Repository/OCS-DESKTOP/Age gate and Mega menu/Header/ACCESSORIES menu - En' is clicked on

2019-06-21 13:52:58 - [MESSAGE][PASSED] - Object: 'Object Repository/OCS-DESKTOP/Age gate and Mega menu/Header/ACCESSORIES menu - En' is clicked on

2019-06-21 13:52:58 - [TEST_STEP][PASSED] - delay(2, CONTINUE_ON_FAILURE): Delayed 2 second(s)

2019-06-21 13:53:00 - [MESSAGE][PASSED] - Delayed 2 second(s)

2019-06-21 13:53:00 - [TEST_STEP][PASSED] - delay(1, CONTINUE_ON_FAILURE): Delayed 1 second(s)

2019-06-21 13:53:01 - [MESSAGE][PASSED] - Delayed 1 second(s)

2019-06-21 13:53:01 - [TEST_STEP][PASSED] - click(findTestObject("OCS-DESKTOP/Accessories page/Infusers"), CONTINUE_ON_FAILURE): Object: 'Object Repository/OCS-DESKTOP/Accessories page/Infusers' is clicked on

2019-06-21 13:53:03 - [MESSAGE][PASSED] - Object: 'Object Repository/OCS-DESKTOP/Accessories page/Infusers' is clicked on

2019-06-21 13:53:03 - [TEST_STEP][PASSED] - delay(1, CONTINUE_ON_FAILURE): Delayed 1 second(s)

2019-06-21 13:53:04 - [MESSAGE][PASSED] - Delayed 1 second(s)

2019-06-21 13:53:04 - [TEST_STEP][PASSED] - a15 = getWindowTitle(CONTINUE_ON_FAILURE): Current window's title is: 'Infusers | Ontario Cannabis Store'

2019-06-21 13:53:04 - [MESSAGE][PASSED] - Current window's title is: 'Infusers | Ontario Cannabis Store'

2019-06-21 13:53:04 - [TEST_STEP][PASSED] - comment(a15): Infusers | Ontario Cannabis Store

2019-06-21 13:53:04 - [MESSAGE][INFO] - Infusers | Ontario Cannabis Store

2019-06-21 13:53:04 - [TEST_STEP][PASSED] - b15 = "Infusers | Ontario Cannabis Store": null

2019-06-21 13:53:04 - [TEST_STEP][PASSED] - comment(b15): Infusers | Ontario Cannabis Store

2019-06-21 13:53:04 - [MESSAGE][INFO] - Infusers | Ontario Cannabis Store

2019-06-21 13:53:04 - [TEST_STEP][PASSED] - if (a15 == b15): correct window page 

2019-06-21 13:53:04 - [TEST_STEP][PASSED] - comment("correct window page "): correct window page 

2019-06-21 13:53:04 - [MESSAGE][INFO] - correct window page 

2019-06-21 13:53:04 - [TEST_STEP][PASSED] - delay(1, CONTINUE_ON_FAILURE): Delayed 1 second(s)

2019-06-21 13:53:05 - [MESSAGE][PASSED] - Delayed 1 second(s)

2019-06-21 13:53:05 - [TEST_STEP][PASSED] - click(findTestObject("OCS-DESKTOP/Age gate and Mega menu/Header/ACCESSORIES menu - En"), CONTINUE_ON_FAILURE): Object: 'Object Repository/OCS-DESKTOP/Age gate and Mega menu/Header/ACCESSORIES menu - En' is clicked on

2019-06-21 13:53:06 - [MESSAGE][PASSED] - Object: 'Object Repository/OCS-DESKTOP/Age gate and Mega menu/Header/ACCESSORIES menu - En' is clicked on

2019-06-21 13:53:06 - [TEST_STEP][PASSED] - delay(2, CONTINUE_ON_FAILURE): Delayed 2 second(s)

2019-06-21 13:53:08 - [MESSAGE][PASSED] - Delayed 2 second(s)

2019-06-21 13:53:08 - [TEST_STEP][PASSED] - delay(1, CONTINUE_ON_FAILURE): Delayed 1 second(s)

2019-06-21 13:53:09 - [MESSAGE][PASSED] - Delayed 1 second(s)

2019-06-21 13:53:09 - [TEST_STEP][PASSED] - executeJavaScript("var previewBar = document.getElementById("preview-bar-iframe"); previewBar.style.display = "none";", []): Execute JavaScript 'var previewBar = document.getElementById("preview-bar-iframe"); previewBar.style.display = "none";' successfully

2019-06-21 13:53:09 - [MESSAGE][PASSED] - Execute JavaScript 'var previewBar = document.getElementById("preview-bar-iframe"); previewBar.style.display = "none";' successfully

2019-06-21 13:53:09 - [TEST_STEP][PASSED] - delay(1, CONTINUE_ON_FAILURE): Delayed 1 second(s)

2019-06-21 13:53:10 - [MESSAGE][PASSED] - Delayed 1 second(s)

2019-06-21 13:53:10 - [TEST_STEP][PASSED] - click(findTestObject("OCS-DESKTOP/Accessories page/Best selling pipes")): Object: 'Object Repository/OCS-DESKTOP/Accessories page/Best selling pipes' is clicked on

2019-06-21 13:53:12 - [MESSAGE][PASSED] - Object: 'Object Repository/OCS-DESKTOP/Accessories page/Best selling pipes' is clicked on

2019-06-21 13:53:12 - [TEST_STEP][PASSED] - delay(1, OPTIONAL): Delayed 1 second(s)

2019-06-21 13:53:13 - [MESSAGE][PASSED] - Delayed 1 second(s)

2019-06-21 13:53:13 - [TEST_STEP][FAILED] - flag = verifyTextPresent("Page Not Found", false, CONTINUE_ON_FAILURE): Text 'Page Not Found' is not present on page 

2019-06-21 13:53:14 - [MESSAGE][FAILED] - Text 'Page Not Found' is not present on page 

2019-06-21 13:53:14 - [TEST_STEP][PASSED] - comment("flag=" + flag): flag=false

2019-06-21 13:53:14 - [MESSAGE][INFO] - flag=false

2019-06-21 13:53:14 - [TEST_STEP][PASSED] - if (flag == true): null

2019-06-21 13:53:14 - [TEST_STEP][PASSED] - else: Some random page 

2019-06-21 13:53:14 - [TEST_STEP][PASSED] - x = getWindowTitle(CONTINUE_ON_FAILURE): Current window's title is: 'Gifting Ideas | Ontario Cannabis Store'

2019-06-21 13:53:14 - [MESSAGE][PASSED] - Current window's title is: 'Gifting Ideas | Ontario Cannabis Store'

2019-06-21 13:53:14 - [TEST_STEP][PASSED] - comment(x): Gifting Ideas | Ontario Cannabis Store

2019-06-21 13:53:14 - [MESSAGE][INFO] - Gifting Ideas | Ontario Cannabis Store

2019-06-21 13:53:14 - [TEST_STEP][PASSED] - y = "best selling pipes | Ontario Cannabis Store": null

2019-06-21 13:53:14 - [TEST_STEP][PASSED] - comment(y): best selling pipes | Ontario Cannabis Store

2019-06-21 13:53:14 - [MESSAGE][INFO] - best selling pipes | Ontario Cannabis Store

2019-06-21 13:53:14 - [TEST_STEP][PASSED] - if (x == y): null

2019-06-21 13:53:14 - [TEST_STEP][PASSED] - else: Some random page 

2019-06-21 13:53:14 - [TEST_STEP][PASSED] - comment("Some random page "): Some random page 

2019-06-21 13:53:14 - [MESSAGE][INFO] - Some random page 

2019-06-21 13:53:14 - [TEST_STEP][PASSED] - click(findTestObject("OCS-DESKTOP/Age gate and Mega menu/Header/ACCESSORIES menu - En"), CONTINUE_ON_FAILURE): Object: 'Object Repository/OCS-DESKTOP/Age gate and Mega menu/Header/ACCESSORIES menu - En' is clicked on

2019-06-21 13:53:14 - [MESSAGE][PASSED] - Object: 'Object Repository/OCS-DESKTOP/Age gate and Mega menu/Header/ACCESSORIES menu - En' is clicked on

2019-06-21 13:53:14 - [TEST_STEP][PASSED] - delay(2, CONTINUE_ON_FAILURE): Delayed 2 second(s)

2019-06-21 13:53:16 - [MESSAGE][PASSED] - Delayed 2 second(s)

2019-06-21 13:53:16 - [TEST_STEP][PASSED] - delay(1, CONTINUE_ON_FAILURE): Delayed 1 second(s)

2019-06-21 13:53:17 - [MESSAGE][PASSED] - Delayed 1 second(s)

2019-06-21 13:53:17 - [TEST_STEP][PASSED] - executeJavaScript("var previewBar = document.getElementById("preview-bar-iframe"); previewBar.style.display = "none";", []): Execute JavaScript 'var previewBar = document.getElementById("preview-bar-iframe"); previewBar.style.display = "none";' successfully

2019-06-21 13:53:17 - [MESSAGE][PASSED] - Execute JavaScript 'var previewBar = document.getElementById("preview-bar-iframe"); previewBar.style.display = "none";' successfully

2019-06-21 13:53:17 - [TEST_STEP][PASSED] - click(findTestObject("OCS-DESKTOP/Accessories page/Travel storage")): Object: 'Object Repository/OCS-DESKTOP/Accessories page/Travel storage' is clicked on

2019-06-21 13:53:20 - [MESSAGE][PASSED] - Object: 'Object Repository/OCS-DESKTOP/Accessories page/Travel storage' is clicked on

2019-06-21 13:53:20 - [TEST_STEP][FAILED] - flag1 = verifyTextPresent("Page Not Found", false, CONTINUE_ON_FAILURE): Text 'Page Not Found' is not present on page 

2019-06-21 13:53:21 - [MESSAGE][FAILED] - Text 'Page Not Found' is not present on page 

2019-06-21 13:53:21 - [TEST_STEP][PASSED] - comment("flag1=" + flag1): flag1=false

2019-06-21 13:53:21 - [MESSAGE][INFO] - flag1=false

2019-06-21 13:53:21 - [TEST_STEP][PASSED] - if (flag1 == true): null

2019-06-21 13:53:21 - [TEST_STEP][PASSED] - else: Some random page 

2019-06-21 13:53:21 - [TEST_STEP][PASSED] - x1 = getWindowTitle(CONTINUE_ON_FAILURE): Current window's title is: 'New Accessories | Ontario Cannabis Store'

2019-06-21 13:53:21 - [MESSAGE][PASSED] - Current window's title is: 'New Accessories | Ontario Cannabis Store'

2019-06-21 13:53:21 - [TEST_STEP][PASSED] - comment(x1): New Accessories | Ontario Cannabis Store

2019-06-21 13:53:21 - [MESSAGE][INFO] - New Accessories | Ontario Cannabis Store

2019-06-21 13:53:21 - [TEST_STEP][PASSED] - y1 = "best selling pipes | Ontario Cannabis Store": null

2019-06-21 13:53:21 - [TEST_STEP][PASSED] - comment(y1): best selling pipes | Ontario Cannabis Store

2019-06-21 13:53:21 - [MESSAGE][INFO] - best selling pipes | Ontario Cannabis Store

2019-06-21 13:53:21 - [TEST_STEP][PASSED] - if (x1 == y1): null

2019-06-21 13:53:21 - [TEST_STEP][PASSED] - else: Some random page 

2019-06-21 13:53:21 - [TEST_STEP][PASSED] - comment("Some random page "): Some random page 

2019-06-21 13:53:21 - [MESSAGE][INFO] - Some random page 

2019-06-21 13:53:21 - [TEST_STEP][PASSED] - delay(1, CONTINUE_ON_FAILURE): Delayed 1 second(s)

2019-06-21 13:53:22 - [MESSAGE][PASSED] - Delayed 1 second(s)

2019-06-21 13:53:22 - [TEST_STEP][PASSED] - click(findTestObject("OCS-DESKTOP/Age gate and Mega menu/Header/ACCESSORIES menu - En"), CONTINUE_ON_FAILURE): Object: 'Object Repository/OCS-DESKTOP/Age gate and Mega menu/Header/ACCESSORIES menu - En' is clicked on

2019-06-21 13:53:22 - [MESSAGE][PASSED] - Object: 'Object Repository/OCS-DESKTOP/Age gate and Mega menu/Header/ACCESSORIES menu - En' is clicked on

2019-06-21 13:53:22 - [TEST_STEP][PASSED] - delay(2, CONTINUE_ON_FAILURE): Delayed 2 second(s)

2019-06-21 13:53:24 - [MESSAGE][PASSED] - Delayed 2 second(s)

2019-06-21 13:53:24 - [TEST_STEP][PASSED] - delay(1, OPTIONAL): Delayed 1 second(s)

2019-06-21 13:53:25 - [MESSAGE][PASSED] - Delayed 1 second(s)

2019-06-21 13:53:25 - [TEST_STEP][PASSED] - executeJavaScript("var previewBar = document.getElementById("preview-bar-iframe"); previewBar.style.display = "none";", []): Execute JavaScript 'var previewBar = document.getElementById("preview-bar-iframe"); previewBar.style.display = "none";' successfully

2019-06-21 13:53:25 - [MESSAGE][PASSED] - Execute JavaScript 'var previewBar = document.getElementById("preview-bar-iframe"); previewBar.style.display = "none";' successfully

2019-06-21 13:53:25 - [TEST_STEP][PASSED] - delay(2, CONTINUE_ON_FAILURE): Delayed 2 second(s)

2019-06-21 13:53:27 - [MESSAGE][PASSED] - Delayed 2 second(s)

2019-06-21 13:53:27 - [TEST_STEP][FAILED] - click(findTestObject("OCS-DESKTOP/Accessories page/Shop all acessories")): click(findTestObject("OCS-DESKTOP/Accessories page/Shop all acessories")) FAILED.
Reason:
com.kms.katalon.core.exception.StepFailedException: Unable to click on object 'Object Repository/OCS-DESKTOP/Accessories page/Vaporizers' (Root cause: org.openqa.selenium.ElementNotInteractableException: Element <span class="menu__tier-four__link--title menu--type-two"> could not be scrolled into view
Build info: version: '3.7.1', revision: '8a0099a', time: '2017-11-06T21:07:36.161Z'
System info: host: 'sumans-MacBook-Pro.local', ip: '2601:87:0:879f:0:0:0:1e84%en0', os.name: 'Mac OS X', os.arch: 'x86_64', os.version: '10.13.6', java.version: '1.8.0_181'
Driver info: com.kms.katalon.core.webui.driver.firefox.CGeckoDriver
Capabilities {acceptInsecureCerts: true, browserName: firefox, browserVersion: 67.0.3, javascriptEnabled: true, moz:accessibilityChecks: false, moz:buildID: 20190618025334, moz:geckodriverVersion: 0.23.0, moz:headless: false, moz:processID: 2793, moz:profile: /var/folders/1t/c55l8xzs6gq..., moz:shutdownTimeout: 60000, moz:useNonSpecCompliantPointerOrigin: false, moz:webdriverClick: true, pageLoadStrategy: normal, platform: MAC, platformName: MAC, platformVersion: 17.7.0, proxy: Proxy(direct), rotatable: false, setWindowRect: true, strictFileInteractability: false, timeouts: {implicit: 0, pageLoad: 300000, script: 30000}, unhandledPromptBehavior: dismiss and notify}
Session ID: 9ff1d633-be1a-0940-aa66-fc067e4c07ca)
	at com.kms.katalon.core.keyword.internal.KeywordMain.stepFailed(KeywordMain.groovy:32)
	at com.kms.katalon.core.webui.keyword.internal.WebUIKeywordMain.stepFailed(WebUIKeywordMain.groovy:65)
	at com.kms.katalon.core.webui.keyword.internal.WebUIKeywordMain.runKeyword(WebUIKeywordMain.groovy:27)
	at com.kms.katalon.core.webui.keyword.builtin.ClickKeyword.click(ClickKeyword.groovy:86)
	at com.kms.katalon.core.webui.keyword.builtin.ClickKeyword.execute(ClickKeyword.groovy:67)
	at com.kms.katalon.core.keyword.internal.KeywordExecutor.executeKeywordForPlatform(KeywordExecutor.groovy:53)
	at com.kms.katalon.core.webui.keyword.WebUiBuiltInKeywords.click(WebUiBuiltInKeywords.groovy:604)
	at com.kms.katalon.core.webui.keyword.WebUiBuiltInKeywords$click$7.call(Unknown Source)
	at HP-Burger menu-Accessories.run(HP-Burger menu-Accessories:32)
	at com.kms.katalon.core.main.ScriptEngine.run(ScriptEngine.java:194)
	at com.kms.katalon.core.main.ScriptEngine.runScriptAsRawText(ScriptEngine.java:119)
	at com.kms.katalon.core.main.TestCaseExecutor.runScript(TestCaseExecutor.java:328)
	at com.kms.katalon.core.main.TestCaseExecutor.doExecute(TestCaseExecutor.java:319)
	at com.kms.katalon.core.main.TestCaseExecutor.processExecutionPhase(TestCaseExecutor.java:298)
	at com.kms.katalon.core.main.TestCaseExecutor.accessMainPhase(TestCaseExecutor.java:290)
	at com.kms.katalon.core.main.TestCaseExecutor.execute(TestCaseExecutor.java:224)
	at com.kms.katalon.core.main.TestSuiteExecutor.accessTestCaseMainPhase(TestSuiteExecutor.java:129)
	at com.kms.katalon.core.main.TestSuiteExecutor.accessTestSuiteMainPhase(TestSuiteExecutor.java:112)
	at com.kms.katalon.core.main.TestSuiteExecutor.execute(TestSuiteExecutor.java:81)
	at com.kms.katalon.core.main.TestCaseMain.startTestSuite(TestCaseMain.java:149)
	at com.kms.katalon.core.main.TestCaseMain$startTestSuite$0.call(Unknown Source)
	at TempTestSuite1561139430530.run(TempTestSuite1561139430530.groovy:36)


2019-06-21 13:53:29 - [MESSAGE][PASSED] - Object: 'Object Repository/OCS-DESKTOP/Accessories page/Shop all acessories' is clicked on

2019-06-21 13:53:29 - [MESSAGE][FAILED] - click(findTestObject("OCS-DESKTOP/Accessories page/Shop all acessories")) FAILED.
Reason:
com.kms.katalon.core.exception.StepFailedException: Unable to click on object 'Object Repository/OCS-DESKTOP/Accessories page/Vaporizers' (Root cause: org.openqa.selenium.ElementNotInteractableException: Element <span class="menu__tier-four__link--title menu--type-two"> could not be scrolled into view
Build info: version: '3.7.1', revision: '8a0099a', time: '2017-11-06T21:07:36.161Z'
System info: host: 'sumans-MacBook-Pro.local', ip: '2601:87:0:879f:0:0:0:1e84%en0', os.name: 'Mac OS X', os.arch: 'x86_64', os.version: '10.13.6', java.version: '1.8.0_181'
Driver info: com.kms.katalon.core.webui.driver.firefox.CGeckoDriver
Capabilities {acceptInsecureCerts: true, browserName: firefox, browserVersion: 67.0.3, javascriptEnabled: true, moz:accessibilityChecks: false, moz:buildID: 20190618025334, moz:geckodriverVersion: 0.23.0, moz:headless: false, moz:processID: 2793, moz:profile: /var/folders/1t/c55l8xzs6gq..., moz:shutdownTimeout: 60000, moz:useNonSpecCompliantPointerOrigin: false, moz:webdriverClick: true, pageLoadStrategy: normal, platform: MAC, platformName: MAC, platformVersion: 17.7.0, proxy: Proxy(direct), rotatable: false, setWindowRect: true, strictFileInteractability: false, timeouts: {implicit: 0, pageLoad: 300000, script: 30000}, unhandledPromptBehavior: dismiss and notify}
Session ID: 9ff1d633-be1a-0940-aa66-fc067e4c07ca)
	at com.kms.katalon.core.keyword.internal.KeywordMain.stepFailed(KeywordMain.groovy:32)
	at com.kms.katalon.core.webui.keyword.internal.WebUIKeywordMain.stepFailed(WebUIKeywordMain.groovy:65)
	at com.kms.katalon.core.webui.keyword.internal.WebUIKeywordMain.runKeyword(WebUIKeywordMain.groovy:27)
	at com.kms.katalon.core.webui.keyword.builtin.ClickKeyword.click(ClickKeyword.groovy:86)
	at com.kms.katalon.core.webui.keyword.builtin.ClickKeyword.execute(ClickKeyword.groovy:67)
	at com.kms.katalon.core.keyword.internal.KeywordExecutor.executeKeywordForPlatform(KeywordExecutor.groovy:53)
	at com.kms.katalon.core.webui.keyword.WebUiBuiltInKeywords.click(WebUiBuiltInKeywords.groovy:604)
	at com.kms.katalon.core.webui.keyword.WebUiBuiltInKeywords$click$7.call(Unknown Source)
	at HP-Burger menu-Accessories.run(HP-Burger menu-Accessories:32)
	at com.kms.katalon.core.main.ScriptEngine.run(ScriptEngine.java:194)
	at com.kms.katalon.core.main.ScriptEngine.runScriptAsRawText(ScriptEngine.java:119)
	at com.kms.katalon.core.main.TestCaseExecutor.runScript(TestCaseExecutor.java:328)
	at com.kms.katalon.core.main.TestCaseExecutor.doExecute(TestCaseExecutor.java:319)
	at com.kms.katalon.core.main.TestCaseExecutor.processExecutionPhase(TestCaseExecutor.java:298)
	at com.kms.katalon.core.main.TestCaseExecutor.accessMainPhase(TestCaseExecutor.java:290)
	at com.kms.katalon.core.main.TestCaseExecutor.execute(TestCaseExecutor.java:224)
	at com.kms.katalon.core.main.TestSuiteExecutor.accessTestCaseMainPhase(TestSuiteExecutor.java:129)
	at com.kms.katalon.core.main.TestSuiteExecutor.accessTestSuiteMainPhase(TestSuiteExecutor.java:112)
	at com.kms.katalon.core.main.TestSuiteExecutor.execute(TestSuiteExecutor.java:81)
	at com.kms.katalon.core.main.TestCaseMain.startTestSuite(TestCaseMain.java:149)
	at com.kms.katalon.core.main.TestCaseMain$startTestSuite$0.call(Unknown Source)
	at TempTestSuite1561139430530.run(TempTestSuite1561139430530.groovy:36)]]></system-out>
         <system-err><![CDATA[2019-06-21 13:51:19 - [TEST_CASE][FAILED] - Test Cases/OCS - DESKTOP/OCS- HOME PAGE/HP-Burger menu-Accessories: Test Cases/OCS - DESKTOP/OCS- HOME PAGE/HP-Burger menu-Accessories FAILED.
Reason:
com.kms.katalon.core.exception.StepFailedException: Unable to click on object 'Object Repository/OCS-DESKTOP/Accessories page/Vaporizers' (Root cause: org.openqa.selenium.ElementNotInteractableException: Element <span class="menu__tier-four__link--title menu--type-two"> could not be scrolled into view
Build info: version: '3.7.1', revision: '8a0099a', time: '2017-11-06T21:07:36.161Z'
System info: host: 'sumans-MacBook-Pro.local', ip: '2601:87:0:879f:0:0:0:1e84%en0', os.name: 'Mac OS X', os.arch: 'x86_64', os.version: '10.13.6', java.version: '1.8.0_181'
Driver info: com.kms.katalon.core.webui.driver.firefox.CGeckoDriver
Capabilities {acceptInsecureCerts: true, browserName: firefox, browserVersion: 67.0.3, javascriptEnabled: true, moz:accessibilityChecks: false, moz:buildID: 20190618025334, moz:geckodriverVersion: 0.23.0, moz:headless: false, moz:processID: 2793, moz:profile: /var/folders/1t/c55l8xzs6gq..., moz:shutdownTimeout: 60000, moz:useNonSpecCompliantPointerOrigin: false, moz:webdriverClick: true, pageLoadStrategy: normal, platform: MAC, platformName: MAC, platformVersion: 17.7.0, proxy: Proxy(direct), rotatable: false, setWindowRect: true, strictFileInteractability: false, timeouts: {implicit: 0, pageLoad: 300000, script: 30000}, unhandledPromptBehavior: dismiss and notify}
Session ID: 9ff1d633-be1a-0940-aa66-fc067e4c07ca)
	at com.kms.katalon.core.keyword.internal.KeywordMain.stepFailed(KeywordMain.groovy:32)
	at com.kms.katalon.core.webui.keyword.internal.WebUIKeywordMain.stepFailed(WebUIKeywordMain.groovy:65)
	at com.kms.katalon.core.webui.keyword.internal.WebUIKeywordMain.runKeyword(WebUIKeywordMain.groovy:27)
	at com.kms.katalon.core.webui.keyword.builtin.ClickKeyword.click(ClickKeyword.groovy:86)
	at com.kms.katalon.core.webui.keyword.builtin.ClickKeyword.execute(ClickKeyword.groovy:67)
	at com.kms.katalon.core.keyword.internal.KeywordExecutor.executeKeywordForPlatform(KeywordExecutor.groovy:53)
	at com.kms.katalon.core.webui.keyword.WebUiBuiltInKeywords.click(WebUiBuiltInKeywords.groovy:604)
	at com.kms.katalon.core.webui.keyword.WebUiBuiltInKeywords$click$7.call(Unknown Source)
	at HP-Burger menu-Accessories.run(HP-Burger menu-Accessories:32)
	at com.kms.katalon.core.main.ScriptEngine.run(ScriptEngine.java:194)
	at com.kms.katalon.core.main.ScriptEngine.runScriptAsRawText(ScriptEngine.java:119)
	at com.kms.katalon.core.main.TestCaseExecutor.runScript(TestCaseExecutor.java:328)
	at com.kms.katalon.core.main.TestCaseExecutor.doExecute(TestCaseExecutor.java:319)
	at com.kms.katalon.core.main.TestCaseExecutor.processExecutionPhase(TestCaseExecutor.java:298)
	at com.kms.katalon.core.main.TestCaseExecutor.accessMainPhase(TestCaseExecutor.java:290)
	at com.kms.katalon.core.main.TestCaseExecutor.execute(TestCaseExecutor.java:224)
	at com.kms.katalon.core.main.TestSuiteExecutor.accessTestCaseMainPhase(TestSuiteExecutor.java:129)
	at com.kms.katalon.core.main.TestSuiteExecutor.accessTestSuiteMainPhase(TestSuiteExecutor.java:112)
	at com.kms.katalon.core.main.TestSuiteExecutor.execute(TestSuiteExecutor.java:81)
	at com.kms.katalon.core.main.TestCaseMain.startTestSuite(TestCaseMain.java:149)
	at com.kms.katalon.core.main.TestCaseMain$startTestSuite$0.call(Unknown Source)
	at TempTestSuite1561139430530.run(TempTestSuite1561139430530.groovy:36)]]></system-err>
      </testcase>
      <testcase name="Test Cases/OCS - DESKTOP/OCS- HOME PAGE/cart flyout" classname="Test Cases/OCS - DESKTOP/OCS- HOME PAGE/cart flyout" status="PASSED">
         <system-out><![CDATA[2019-06-21 13:53:29 - [TEST_CASE][PASSED] - Test Cases/OCS - DESKTOP/OCS- HOME PAGE/cart flyout: Test Cases/OCS - DESKTOP/OCS- HOME PAGE/cart flyout

2019-06-21 13:53:29 - [TEST_STEP][PASSED] - callTestCase(findTestCase("OCS - DESKTOP/CALL- Age gate"), [:], STOP_ON_FAILURE): Call Test Case 'Test Cases/OCS - DESKTOP/CALL- Age gate' successfully

2019-06-21 13:53:29 - [TEST_CASE][PASSED] - Test Cases/OCS - DESKTOP/CALL- Age gate: Test Cases/OCS - DESKTOP/CALL- Age gate

2019-06-21 13:53:29 - [TEST_STEP][PASSED] - openBrowser(""): Browser is opened with url: ''

2019-06-21 13:53:29 - [MESSAGE][WARNING] - A browser is already opened. Closing browser and opening a new one

2019-06-21 13:53:30 - [MESSAGE][INFO] - Starting 'Firefox' driver

2019-06-21 13:53:32 - [MESSAGE][PASSED] - Browser is opened with url: ''

2019-06-21 13:53:32 - [TEST_STEP][PASSED] - navigateToUrl("https://ocs.ca/?fts=0&preview_theme_id=74057975628"): Navigate to 'https://ocs.ca/?fts=0&preview_theme_id=74057975628' successfully

2019-06-21 13:53:38 - [MESSAGE][PASSED] - Navigate to 'https://ocs.ca/?fts=0&preview_theme_id=74057975628' successfully

2019-06-21 13:53:38 - [TEST_STEP][PASSED] - maximizeWindow(): Current window maximized

2019-06-21 13:53:38 - [MESSAGE][PASSED] - Current window maximized

2019-06-21 13:53:38 - [TEST_STEP][PASSED] - delay(2): Delayed 2 second(s)

2019-06-21 13:53:40 - [MESSAGE][PASSED] - Delayed 2 second(s)

2019-06-21 13:53:40 - [TEST_STEP][PASSED] - executeJavaScript("var previewBar = document.getElementById("preview-bar-iframe"); previewBar.style.display = "none";", []): Execute JavaScript 'var previewBar = document.getElementById("preview-bar-iframe"); previewBar.style.display = "none";' successfully

2019-06-21 13:53:40 - [MESSAGE][PASSED] - Execute JavaScript 'var previewBar = document.getElementById("preview-bar-iframe"); previewBar.style.display = "none";' successfully

2019-06-21 13:53:40 - [TEST_STEP][PASSED] - selectOptionByValue(findTestObject("OCS-DESKTOP/Age gate and Mega menu/Date"), "12", true): All options with value '12' are selected in object 'Object Repository/OCS-DESKTOP/Age gate and Mega menu/Date'  using regular expression

2019-06-21 13:53:41 - [MESSAGE][PASSED] - All options with value '12' are selected in object 'Object Repository/OCS-DESKTOP/Age gate and Mega menu/Date'  using regular expression

2019-06-21 13:53:41 - [TEST_STEP][PASSED] - selectOptionByValue(findTestObject("OCS-DESKTOP/Age gate and Mega menu/month"), "6", true): All options with value '6' are selected in object 'Object Repository/OCS-DESKTOP/Age gate and Mega menu/month'  using regular expression

2019-06-21 13:53:41 - [MESSAGE][PASSED] - All options with value '6' are selected in object 'Object Repository/OCS-DESKTOP/Age gate and Mega menu/month'  using regular expression

2019-06-21 13:53:41 - [TEST_STEP][PASSED] - delay(2): Delayed 2 second(s)

2019-06-21 13:53:43 - [MESSAGE][PASSED] - Delayed 2 second(s)

2019-06-21 13:53:43 - [TEST_STEP][PASSED] - selectOptionByValue(findTestObject("OCS-DESKTOP/Age gate and Mega menu/Year Dropdown"), "1990", true): All options with value '1990' are selected in object 'Object Repository/OCS-DESKTOP/Age gate and Mega menu/Year Dropdown'  using regular expression

2019-06-21 13:53:45 - [MESSAGE][PASSED] - All options with value '1990' are selected in object 'Object Repository/OCS-DESKTOP/Age gate and Mega menu/Year Dropdown'  using regular expression

2019-06-21 13:53:45 - [TEST_STEP][PASSED] - click(findTestObject("OCS-DESKTOP/Age gate and Mega menu/button_Verify")): Object: 'Object Repository/OCS-DESKTOP/Age gate and Mega menu/button_Verify' is clicked on

2019-06-21 13:53:45 - [MESSAGE][PASSED] - Object: 'Object Repository/OCS-DESKTOP/Age gate and Mega menu/button_Verify' is clicked on

2019-06-21 13:53:45 - [TEST_STEP][PASSED] - click(findTestObject("OCS-DESKTOP/Age gate and Mega menu/Checkbox_CONFIRM AND ACKNOWLEDGE")): Object: 'Object Repository/OCS-DESKTOP/Age gate and Mega menu/Checkbox_CONFIRM AND ACKNOWLEDGE' is clicked on

2019-06-21 13:53:45 - [MESSAGE][PASSED] - Object: 'Object Repository/OCS-DESKTOP/Age gate and Mega menu/Checkbox_CONFIRM AND ACKNOWLEDGE' is clicked on

2019-06-21 13:53:45 - [TEST_STEP][PASSED] - click(findTestObject("OCS-DESKTOP/Age gate and Mega menu/button_CONFIRM")): Object: 'Object Repository/OCS-DESKTOP/Age gate and Mega menu/button_CONFIRM' is clicked on

2019-06-21 13:53:46 - [MESSAGE][PASSED] - Object: 'Object Repository/OCS-DESKTOP/Age gate and Mega menu/button_CONFIRM' is clicked on

2019-06-21 13:53:46 - [TEST_STEP][PASSED] - click(findTestObject("OCS-DESKTOP/Age gate and Mega menu/button_Start Browsing")): Object: 'Object Repository/OCS-DESKTOP/Age gate and Mega menu/button_Start Browsing' is clicked on

2019-06-21 13:53:46 - [MESSAGE][PASSED] - Object: 'Object Repository/OCS-DESKTOP/Age gate and Mega menu/button_Start Browsing' is clicked on

2019-06-21 13:53:46 - [TEST_STEP][PASSED] - delay(2): Delayed 2 second(s)

2019-06-21 13:53:48 - [MESSAGE][PASSED] - Delayed 2 second(s)

2019-06-21 13:53:48 - [TEST_STEP][PASSED] - refresh(): Refresh successfully

2019-06-21 13:53:52 - [MESSAGE][PASSED] - Refresh successfully

2019-06-21 13:53:52 - [MESSAGE][PASSED] - Call Test Case 'Test Cases/OCS - DESKTOP/CALL- Age gate' successfully

2019-06-21 13:53:52 - [TEST_STEP][PASSED] - delay(2): Delayed 2 second(s)

2019-06-21 13:53:54 - [MESSAGE][PASSED] - Delayed 2 second(s)

2019-06-21 13:53:54 - [TEST_STEP][PASSED] - click(findTestObject("OCS-DESKTOP/Home - page/Cart icon -bag")): Object: 'Object Repository/OCS-DESKTOP/Home - page/Cart icon -bag' is clicked on

2019-06-21 13:53:54 - [MESSAGE][PASSED] - Object: 'Object Repository/OCS-DESKTOP/Home - page/Cart icon -bag' is clicked on

2019-06-21 13:53:54 - [TEST_STEP][PASSED] - delay(3): Delayed 3 second(s)

2019-06-21 13:53:57 - [MESSAGE][PASSED] - Delayed 3 second(s)

2019-06-21 13:53:57 - [TEST_STEP][PASSED] - verifyTextPresent("Bag", false, OPTIONAL): Text 'Bag' is present on page 

2019-06-21 13:53:59 - [MESSAGE][PASSED] - Text 'Bag' is present on page 

2019-06-21 13:53:59 - [TEST_STEP][PASSED] - if (true):  cart flyout opened 

2019-06-21 13:53:59 - [TEST_STEP][PASSED] - comment(" cart flyout opened "):  cart flyout opened 

2019-06-21 13:53:59 - [MESSAGE][INFO] -  cart flyout opened 

2019-06-21 13:53:59 - [TEST_STEP][PASSED] - delay(5): Delayed 5 second(s)

2019-06-21 13:54:04 - [MESSAGE][PASSED] - Delayed 5 second(s)

2019-06-21 13:54:04 - [TEST_STEP][PASSED] - click(findTestObject("OCS-DESKTOP/Home - page/Collapse cart flyout")): Object: 'Object Repository/OCS-DESKTOP/Home - page/Collapse cart flyout' is clicked on

2019-06-21 13:54:05 - [MESSAGE][PASSED] - Object: 'Object Repository/OCS-DESKTOP/Home - page/Collapse cart flyout' is clicked on

2019-06-21 13:54:05 - [TEST_STEP][PASSED] - verifyTextNotPresent("Bag", false, STOP_ON_FAILURE): Text 'Bag' is not present on page

2019-06-21 13:54:06 - [MESSAGE][PASSED] - Text 'Bag' is not present on page

2019-06-21 13:54:06 - [TEST_STEP][PASSED] - if (true):  cart flyout closed 

2019-06-21 13:54:06 - [TEST_STEP][PASSED] - comment(" cart flyout closed "):  cart flyout closed 

2019-06-21 13:54:06 - [MESSAGE][INFO] -  cart flyout closed]]></system-out>
         <system-err><![CDATA[]]></system-err>
      </testcase>
      <testcase name="Test Cases/OCS - DESKTOP/OCS- HOME PAGE/Retail stores link" classname="Test Cases/OCS - DESKTOP/OCS- HOME PAGE/Retail stores link" status="PASSED">
         <system-out><![CDATA[2019-06-21 13:54:06 - [TEST_CASE][PASSED] - Test Cases/OCS - DESKTOP/OCS- HOME PAGE/Retail stores link: Test Cases/OCS - DESKTOP/OCS- HOME PAGE/Retail stores link

2019-06-21 13:54:06 - [TEST_STEP][PASSED] - callTestCase(findTestCase("OCS - DESKTOP/CALL- Age gate"), [:], STOP_ON_FAILURE): Call Test Case 'Test Cases/OCS - DESKTOP/CALL- Age gate' successfully

2019-06-21 13:54:06 - [TEST_CASE][PASSED] - Test Cases/OCS - DESKTOP/CALL- Age gate: Test Cases/OCS - DESKTOP/CALL- Age gate

2019-06-21 13:54:06 - [TEST_STEP][PASSED] - openBrowser(""): Browser is opened with url: ''

2019-06-21 13:54:06 - [MESSAGE][WARNING] - A browser is already opened. Closing browser and opening a new one

2019-06-21 13:54:07 - [MESSAGE][INFO] - Starting 'Firefox' driver

2019-06-21 13:54:09 - [MESSAGE][PASSED] - Browser is opened with url: ''

2019-06-21 13:54:09 - [TEST_STEP][PASSED] - navigateToUrl("https://ocs.ca/?fts=0&preview_theme_id=74057975628"): Navigate to 'https://ocs.ca/?fts=0&preview_theme_id=74057975628' successfully

2019-06-21 13:54:14 - [MESSAGE][PASSED] - Navigate to 'https://ocs.ca/?fts=0&preview_theme_id=74057975628' successfully

2019-06-21 13:54:14 - [TEST_STEP][PASSED] - maximizeWindow(): Current window maximized

2019-06-21 13:54:14 - [MESSAGE][PASSED] - Current window maximized

2019-06-21 13:54:14 - [TEST_STEP][PASSED] - delay(2): Delayed 2 second(s)

2019-06-21 13:54:16 - [MESSAGE][PASSED] - Delayed 2 second(s)

2019-06-21 13:54:16 - [TEST_STEP][PASSED] - executeJavaScript("var previewBar = document.getElementById("preview-bar-iframe"); previewBar.style.display = "none";", []): Execute JavaScript 'var previewBar = document.getElementById("preview-bar-iframe"); previewBar.style.display = "none";' successfully

2019-06-21 13:54:16 - [MESSAGE][PASSED] - Execute JavaScript 'var previewBar = document.getElementById("preview-bar-iframe"); previewBar.style.display = "none";' successfully

2019-06-21 13:54:16 - [TEST_STEP][PASSED] - selectOptionByValue(findTestObject("OCS-DESKTOP/Age gate and Mega menu/Date"), "12", true): All options with value '12' are selected in object 'Object Repository/OCS-DESKTOP/Age gate and Mega menu/Date'  using regular expression

2019-06-21 13:54:17 - [MESSAGE][PASSED] - All options with value '12' are selected in object 'Object Repository/OCS-DESKTOP/Age gate and Mega menu/Date'  using regular expression

2019-06-21 13:54:17 - [TEST_STEP][PASSED] - selectOptionByValue(findTestObject("OCS-DESKTOP/Age gate and Mega menu/month"), "6", true): All options with value '6' are selected in object 'Object Repository/OCS-DESKTOP/Age gate and Mega menu/month'  using regular expression

2019-06-21 13:54:17 - [MESSAGE][PASSED] - All options with value '6' are selected in object 'Object Repository/OCS-DESKTOP/Age gate and Mega menu/month'  using regular expression

2019-06-21 13:54:17 - [TEST_STEP][PASSED] - delay(2): Delayed 2 second(s)

2019-06-21 13:54:19 - [MESSAGE][PASSED] - Delayed 2 second(s)

2019-06-21 13:54:19 - [TEST_STEP][PASSED] - selectOptionByValue(findTestObject("OCS-DESKTOP/Age gate and Mega menu/Year Dropdown"), "1990", true): All options with value '1990' are selected in object 'Object Repository/OCS-DESKTOP/Age gate and Mega menu/Year Dropdown'  using regular expression

2019-06-21 13:54:21 - [MESSAGE][PASSED] - All options with value '1990' are selected in object 'Object Repository/OCS-DESKTOP/Age gate and Mega menu/Year Dropdown'  using regular expression

2019-06-21 13:54:21 - [TEST_STEP][PASSED] - click(findTestObject("OCS-DESKTOP/Age gate and Mega menu/button_Verify")): Object: 'Object Repository/OCS-DESKTOP/Age gate and Mega menu/button_Verify' is clicked on

2019-06-21 13:54:21 - [MESSAGE][PASSED] - Object: 'Object Repository/OCS-DESKTOP/Age gate and Mega menu/button_Verify' is clicked on

2019-06-21 13:54:21 - [TEST_STEP][PASSED] - click(findTestObject("OCS-DESKTOP/Age gate and Mega menu/Checkbox_CONFIRM AND ACKNOWLEDGE")): Object: 'Object Repository/OCS-DESKTOP/Age gate and Mega menu/Checkbox_CONFIRM AND ACKNOWLEDGE' is clicked on

2019-06-21 13:54:21 - [MESSAGE][PASSED] - Object: 'Object Repository/OCS-DESKTOP/Age gate and Mega menu/Checkbox_CONFIRM AND ACKNOWLEDGE' is clicked on

2019-06-21 13:54:21 - [TEST_STEP][PASSED] - click(findTestObject("OCS-DESKTOP/Age gate and Mega menu/button_CONFIRM")): Object: 'Object Repository/OCS-DESKTOP/Age gate and Mega menu/button_CONFIRM' is clicked on

2019-06-21 13:54:22 - [MESSAGE][PASSED] - Object: 'Object Repository/OCS-DESKTOP/Age gate and Mega menu/button_CONFIRM' is clicked on

2019-06-21 13:54:22 - [TEST_STEP][PASSED] - click(findTestObject("OCS-DESKTOP/Age gate and Mega menu/button_Start Browsing")): Object: 'Object Repository/OCS-DESKTOP/Age gate and Mega menu/button_Start Browsing' is clicked on

2019-06-21 13:54:22 - [MESSAGE][PASSED] - Object: 'Object Repository/OCS-DESKTOP/Age gate and Mega menu/button_Start Browsing' is clicked on

2019-06-21 13:54:22 - [TEST_STEP][PASSED] - delay(2): Delayed 2 second(s)

2019-06-21 13:54:24 - [MESSAGE][PASSED] - Delayed 2 second(s)

2019-06-21 13:54:24 - [TEST_STEP][PASSED] - refresh(): Refresh successfully

2019-06-21 13:54:28 - [MESSAGE][PASSED] - Refresh successfully

2019-06-21 13:54:28 - [MESSAGE][PASSED] - Call Test Case 'Test Cases/OCS - DESKTOP/CALL- Age gate' successfully

2019-06-21 13:54:28 - [TEST_STEP][PASSED] - delay(2): Delayed 2 second(s)

2019-06-21 13:54:30 - [MESSAGE][PASSED] - Delayed 2 second(s)

2019-06-21 13:54:30 - [TEST_STEP][PASSED] - flag = verifyElementPresent(findTestObject("OCS-DESKTOP/Home - page/Retail stores link"), 0, CONTINUE_ON_FAILURE): Object 'Object Repository/OCS-DESKTOP/Home - page/Retail stores link' is present

2019-06-21 13:54:30 - [MESSAGE][WARNING] - Timeout '0' is invalid. Using default page load timeout: '30'

2019-06-21 13:54:30 - [MESSAGE][PASSED] - Object 'Object Repository/OCS-DESKTOP/Home - page/Retail stores link' is present

2019-06-21 13:54:30 - [TEST_STEP][PASSED] - comment("flag=" + flag): flag=true

2019-06-21 13:54:30 - [MESSAGE][INFO] - flag=true

2019-06-21 13:54:30 - [TEST_STEP][PASSED] - if (flag == true): Object: 'Object Repository/OCS-DESKTOP/Home - page/Retail stores link' is clicked on

2019-06-21 13:54:30 - [TEST_STEP][PASSED] - delay(2): Delayed 2 second(s)

2019-06-21 13:54:32 - [MESSAGE][PASSED] - Delayed 2 second(s)

2019-06-21 13:54:32 - [TEST_STEP][PASSED] - click(findTestObject("OCS-DESKTOP/Home - page/Retail stores link")): Object: 'Object Repository/OCS-DESKTOP/Home - page/Retail stores link' is clicked on

2019-06-21 13:54:32 - [MESSAGE][PASSED] - Object: 'Object Repository/OCS-DESKTOP/Home - page/Retail stores link' is clicked on]]></system-out>
         <system-err><![CDATA[]]></system-err>
      </testcase>
      <testcase name="Test Cases/OCS - DESKTOP/OCS- HOME PAGE/Screen reader link" classname="Test Cases/OCS - DESKTOP/OCS- HOME PAGE/Screen reader link" status="PASSED">
         <system-out><![CDATA[2019-06-21 13:54:32 - [TEST_CASE][PASSED] - Test Cases/OCS - DESKTOP/OCS- HOME PAGE/Screen reader link: Test Cases/OCS - DESKTOP/OCS- HOME PAGE/Screen reader link

2019-06-21 13:54:33 - [TEST_STEP][PASSED] - callTestCase(findTestCase("OCS - DESKTOP/CALL- Age gate"), [:], STOP_ON_FAILURE): Call Test Case 'Test Cases/OCS - DESKTOP/CALL- Age gate' successfully

2019-06-21 13:54:33 - [TEST_CASE][PASSED] - Test Cases/OCS - DESKTOP/CALL- Age gate: Test Cases/OCS - DESKTOP/CALL- Age gate

2019-06-21 13:54:33 - [TEST_STEP][PASSED] - openBrowser(""): Browser is opened with url: ''

2019-06-21 13:54:33 - [MESSAGE][WARNING] - A browser is already opened. Closing browser and opening a new one

2019-06-21 13:54:34 - [MESSAGE][INFO] - Starting 'Firefox' driver

2019-06-21 13:54:36 - [MESSAGE][PASSED] - Browser is opened with url: ''

2019-06-21 13:54:36 - [TEST_STEP][PASSED] - navigateToUrl("https://ocs.ca/?fts=0&preview_theme_id=74057975628"): Navigate to 'https://ocs.ca/?fts=0&preview_theme_id=74057975628' successfully

2019-06-21 13:54:43 - [MESSAGE][PASSED] - Navigate to 'https://ocs.ca/?fts=0&preview_theme_id=74057975628' successfully

2019-06-21 13:54:43 - [TEST_STEP][PASSED] - maximizeWindow(): Current window maximized

2019-06-21 13:54:43 - [MESSAGE][PASSED] - Current window maximized

2019-06-21 13:54:43 - [TEST_STEP][PASSED] - delay(2): Delayed 2 second(s)

2019-06-21 13:54:45 - [MESSAGE][PASSED] - Delayed 2 second(s)

2019-06-21 13:54:45 - [TEST_STEP][PASSED] - executeJavaScript("var previewBar = document.getElementById("preview-bar-iframe"); previewBar.style.display = "none";", []): Execute JavaScript 'var previewBar = document.getElementById("preview-bar-iframe"); previewBar.style.display = "none";' successfully

2019-06-21 13:54:45 - [MESSAGE][PASSED] - Execute JavaScript 'var previewBar = document.getElementById("preview-bar-iframe"); previewBar.style.display = "none";' successfully

2019-06-21 13:54:45 - [TEST_STEP][PASSED] - selectOptionByValue(findTestObject("OCS-DESKTOP/Age gate and Mega menu/Date"), "12", true): All options with value '12' are selected in object 'Object Repository/OCS-DESKTOP/Age gate and Mega menu/Date'  using regular expression

2019-06-21 13:54:46 - [MESSAGE][PASSED] - All options with value '12' are selected in object 'Object Repository/OCS-DESKTOP/Age gate and Mega menu/Date'  using regular expression

2019-06-21 13:54:46 - [TEST_STEP][PASSED] - selectOptionByValue(findTestObject("OCS-DESKTOP/Age gate and Mega menu/month"), "6", true): All options with value '6' are selected in object 'Object Repository/OCS-DESKTOP/Age gate and Mega menu/month'  using regular expression

2019-06-21 13:54:47 - [MESSAGE][PASSED] - All options with value '6' are selected in object 'Object Repository/OCS-DESKTOP/Age gate and Mega menu/month'  using regular expression

2019-06-21 13:54:47 - [TEST_STEP][PASSED] - delay(2): Delayed 2 second(s)

2019-06-21 13:54:49 - [MESSAGE][PASSED] - Delayed 2 second(s)

2019-06-21 13:54:49 - [TEST_STEP][PASSED] - selectOptionByValue(findTestObject("OCS-DESKTOP/Age gate and Mega menu/Year Dropdown"), "1990", true): All options with value '1990' are selected in object 'Object Repository/OCS-DESKTOP/Age gate and Mega menu/Year Dropdown'  using regular expression

2019-06-21 13:54:50 - [MESSAGE][PASSED] - All options with value '1990' are selected in object 'Object Repository/OCS-DESKTOP/Age gate and Mega menu/Year Dropdown'  using regular expression

2019-06-21 13:54:50 - [TEST_STEP][PASSED] - click(findTestObject("OCS-DESKTOP/Age gate and Mega menu/button_Verify")): Object: 'Object Repository/OCS-DESKTOP/Age gate and Mega menu/button_Verify' is clicked on

2019-06-21 13:54:50 - [MESSAGE][PASSED] - Object: 'Object Repository/OCS-DESKTOP/Age gate and Mega menu/button_Verify' is clicked on

2019-06-21 13:54:50 - [TEST_STEP][PASSED] - click(findTestObject("OCS-DESKTOP/Age gate and Mega menu/Checkbox_CONFIRM AND ACKNOWLEDGE")): Object: 'Object Repository/OCS-DESKTOP/Age gate and Mega menu/Checkbox_CONFIRM AND ACKNOWLEDGE' is clicked on

2019-06-21 13:54:51 - [MESSAGE][PASSED] - Object: 'Object Repository/OCS-DESKTOP/Age gate and Mega menu/Checkbox_CONFIRM AND ACKNOWLEDGE' is clicked on

2019-06-21 13:54:51 - [TEST_STEP][PASSED] - click(findTestObject("OCS-DESKTOP/Age gate and Mega menu/button_CONFIRM")): Object: 'Object Repository/OCS-DESKTOP/Age gate and Mega menu/button_CONFIRM' is clicked on

2019-06-21 13:54:52 - [MESSAGE][PASSED] - Object: 'Object Repository/OCS-DESKTOP/Age gate and Mega menu/button_CONFIRM' is clicked on

2019-06-21 13:54:52 - [TEST_STEP][PASSED] - click(findTestObject("OCS-DESKTOP/Age gate and Mega menu/button_Start Browsing")): Object: 'Object Repository/OCS-DESKTOP/Age gate and Mega menu/button_Start Browsing' is clicked on

2019-06-21 13:54:52 - [MESSAGE][PASSED] - Object: 'Object Repository/OCS-DESKTOP/Age gate and Mega menu/button_Start Browsing' is clicked on

2019-06-21 13:54:52 - [TEST_STEP][PASSED] - delay(2): Delayed 2 second(s)

2019-06-21 13:54:54 - [MESSAGE][PASSED] - Delayed 2 second(s)

2019-06-21 13:54:54 - [TEST_STEP][PASSED] - refresh(): Refresh successfully

2019-06-21 13:55:00 - [MESSAGE][PASSED] - Refresh successfully

2019-06-21 13:55:00 - [MESSAGE][PASSED] - Call Test Case 'Test Cases/OCS - DESKTOP/CALL- Age gate' successfully

2019-06-21 13:55:00 - [TEST_STEP][PASSED] - delay(2): Delayed 2 second(s)

2019-06-21 13:55:02 - [MESSAGE][PASSED] - Delayed 2 second(s)

2019-06-21 13:55:02 - [TEST_STEP][PASSED] - click(findTestObject("OCS-DESKTOP/Home - page/Screen readers link")): Object: 'Object Repository/OCS-DESKTOP/Home - page/Screen readers link' is clicked on

2019-06-21 13:55:05 - [MESSAGE][PASSED] - Object: 'Object Repository/OCS-DESKTOP/Home - page/Screen readers link' is clicked on

2019-06-21 13:55:05 - [TEST_STEP][PASSED] - flag = verifyTextPresent("Accessibility at the Ontario Cannabis Store (OCS)", false): Text 'Accessibility at the Ontario Cannabis Store (OCS)' is present on page 

2019-06-21 13:55:05 - [MESSAGE][PASSED] - Text 'Accessibility at the Ontario Cannabis Store (OCS)' is present on page 

2019-06-21 13:55:05 - [TEST_STEP][PASSED] - comment("flag =" + flag): flag =true

2019-06-21 13:55:05 - [MESSAGE][INFO] - flag =true

2019-06-21 13:55:05 - [TEST_STEP][PASSED] - if (flag == false): null

2019-06-21 13:55:05 - [TEST_STEP][PASSED] - else:  naviagtion is  on right page

2019-06-21 13:55:05 - [TEST_STEP][PASSED] - comment(" naviagtion is  on right page"):  naviagtion is  on right page

2019-06-21 13:55:05 - [MESSAGE][INFO] -  naviagtion is  on right page]]></system-out>
         <system-err><![CDATA[]]></system-err>
      </testcase>
      <testcase name="Test Cases/OCS - DESKTOP/OCS- HOME PAGE/HP-Burger menu -cannabis" classname="Test Cases/OCS - DESKTOP/OCS- HOME PAGE/HP-Burger menu -cannabis" status="FAILED">
         <failure type="FAILED" message="Test Cases/OCS - DESKTOP/OCS- HOME PAGE/HP-Burger menu -cannabis FAILED.
Reason:
com.kms.katalon.core.exception.StepFailedException: Unable to click on object 'Object Repository/OCS-DESKTOP/Cannabis page/Collections- New products' (Root cause: org.openqa.selenium.ElementNotInteractableException: Element &lt;span> could not be scrolled into view
Build info: version: '3.7.1', revision: '8a0099a', time: '2017-11-06T21:07:36.161Z'
System info: host: 'sumans-MacBook-Pro.local', ip: '2601:87:0:879f:0:0:0:1e84%en0', os.name: 'Mac OS X', os.arch: 'x86_64', os.version: '10.13.6', java.version: '1.8.0_181'
Driver info: com.kms.katalon.core.webui.driver.firefox.CGeckoDriver
Capabilities {acceptInsecureCerts: true, browserName: firefox, browserVersion: 67.0.3, javascriptEnabled: true, moz:accessibilityChecks: false, moz:buildID: 20190618025334, moz:geckodriverVersion: 0.23.0, moz:headless: false, moz:processID: 2830, moz:profile: /var/folders/1t/c55l8xzs6gq..., moz:shutdownTimeout: 60000, moz:useNonSpecCompliantPointerOrigin: false, moz:webdriverClick: true, pageLoadStrategy: normal, platform: MAC, platformName: MAC, platformVersion: 17.7.0, proxy: Proxy(direct), rotatable: false, setWindowRect: true, strictFileInteractability: false, timeouts: {implicit: 0, pageLoad: 300000, script: 30000}, unhandledPromptBehavior: dismiss and notify}
Session ID: f038274f-8a03-de40-bb59-d83c8382c07e)
	at com.kms.katalon.core.keyword.internal.KeywordMain.stepFailed(KeywordMain.groovy:36)
	at com.kms.katalon.core.webui.keyword.internal.WebUIKeywordMain.stepFailed(WebUIKeywordMain.groovy:65)
	at com.kms.katalon.core.webui.keyword.internal.WebUIKeywordMain.runKeyword(WebUIKeywordMain.groovy:27)
	at com.kms.katalon.core.webui.keyword.builtin.ClickKeyword.click(ClickKeyword.groovy:86)
	at com.kms.katalon.core.webui.keyword.builtin.ClickKeyword.execute(ClickKeyword.groovy:67)
	at com.kms.katalon.core.keyword.internal.KeywordExecutor.executeKeywordForPlatform(KeywordExecutor.groovy:53)
	at com.kms.katalon.core.webui.keyword.WebUiBuiltInKeywords.click(WebUiBuiltInKeywords.groovy:616)
	at com.kms.katalon.core.webui.keyword.WebUiBuiltInKeywords$click$4.call(Unknown Source)
	at HP-Burger menu -cannabis.run(HP-Burger menu -cannabis:238)
	at com.kms.katalon.core.main.ScriptEngine.run(ScriptEngine.java:194)
	at com.kms.katalon.core.main.ScriptEngine.runScriptAsRawText(ScriptEngine.java:119)
	at com.kms.katalon.core.main.TestCaseExecutor.runScript(TestCaseExecutor.java:328)
	at com.kms.katalon.core.main.TestCaseExecutor.doExecute(TestCaseExecutor.java:319)
	at com.kms.katalon.core.main.TestCaseExecutor.processExecutionPhase(TestCaseExecutor.java:298)
	at com.kms.katalon.core.main.TestCaseExecutor.accessMainPhase(TestCaseExecutor.java:290)
	at com.kms.katalon.core.main.TestCaseExecutor.execute(TestCaseExecutor.java:224)
	at com.kms.katalon.core.main.TestSuiteExecutor.accessTestCaseMainPhase(TestSuiteExecutor.java:129)
	at com.kms.katalon.core.main.TestSuiteExecutor.accessTestSuiteMainPhase(TestSuiteExecutor.java:112)
	at com.kms.katalon.core.main.TestSuiteExecutor.execute(TestSuiteExecutor.java:81)
	at com.kms.katalon.core.main.TestCaseMain.startTestSuite(TestCaseMain.java:149)
	at com.kms.katalon.core.main.TestCaseMain$startTestSuite$0.call(Unknown Source)
	at TempTestSuite1561139430530.run(TempTestSuite1561139430530.groovy:36)
"/>
         <system-out><![CDATA[2019-06-21 13:55:05 - [TEST_CASE][FAILED] - Test Cases/OCS - DESKTOP/OCS- HOME PAGE/HP-Burger menu -cannabis: Test Cases/OCS - DESKTOP/OCS- HOME PAGE/HP-Burger menu -cannabis FAILED.
Reason:
com.kms.katalon.core.exception.StepFailedException: Unable to click on object 'Object Repository/OCS-DESKTOP/Cannabis page/Collections- New products' (Root cause: org.openqa.selenium.ElementNotInteractableException: Element <span> could not be scrolled into view
Build info: version: '3.7.1', revision: '8a0099a', time: '2017-11-06T21:07:36.161Z'
System info: host: 'sumans-MacBook-Pro.local', ip: '2601:87:0:879f:0:0:0:1e84%en0', os.name: 'Mac OS X', os.arch: 'x86_64', os.version: '10.13.6', java.version: '1.8.0_181'
Driver info: com.kms.katalon.core.webui.driver.firefox.CGeckoDriver
Capabilities {acceptInsecureCerts: true, browserName: firefox, browserVersion: 67.0.3, javascriptEnabled: true, moz:accessibilityChecks: false, moz:buildID: 20190618025334, moz:geckodriverVersion: 0.23.0, moz:headless: false, moz:processID: 2830, moz:profile: /var/folders/1t/c55l8xzs6gq..., moz:shutdownTimeout: 60000, moz:useNonSpecCompliantPointerOrigin: false, moz:webdriverClick: true, pageLoadStrategy: normal, platform: MAC, platformName: MAC, platformVersion: 17.7.0, proxy: Proxy(direct), rotatable: false, setWindowRect: true, strictFileInteractability: false, timeouts: {implicit: 0, pageLoad: 300000, script: 30000}, unhandledPromptBehavior: dismiss and notify}
Session ID: f038274f-8a03-de40-bb59-d83c8382c07e)
	at com.kms.katalon.core.keyword.internal.KeywordMain.stepFailed(KeywordMain.groovy:36)
	at com.kms.katalon.core.webui.keyword.internal.WebUIKeywordMain.stepFailed(WebUIKeywordMain.groovy:65)
	at com.kms.katalon.core.webui.keyword.internal.WebUIKeywordMain.runKeyword(WebUIKeywordMain.groovy:27)
	at com.kms.katalon.core.webui.keyword.builtin.ClickKeyword.click(ClickKeyword.groovy:86)
	at com.kms.katalon.core.webui.keyword.builtin.ClickKeyword.execute(ClickKeyword.groovy:67)
	at com.kms.katalon.core.keyword.internal.KeywordExecutor.executeKeywordForPlatform(KeywordExecutor.groovy:53)
	at com.kms.katalon.core.webui.keyword.WebUiBuiltInKeywords.click(WebUiBuiltInKeywords.groovy:616)
	at com.kms.katalon.core.webui.keyword.WebUiBuiltInKeywords$click$4.call(Unknown Source)
	at HP-Burger menu -cannabis.run(HP-Burger menu -cannabis:238)
	at com.kms.katalon.core.main.ScriptEngine.run(ScriptEngine.java:194)
	at com.kms.katalon.core.main.ScriptEngine.runScriptAsRawText(ScriptEngine.java:119)
	at com.kms.katalon.core.main.TestCaseExecutor.runScript(TestCaseExecutor.java:328)
	at com.kms.katalon.core.main.TestCaseExecutor.doExecute(TestCaseExecutor.java:319)
	at com.kms.katalon.core.main.TestCaseExecutor.processExecutionPhase(TestCaseExecutor.java:298)
	at com.kms.katalon.core.main.TestCaseExecutor.accessMainPhase(TestCaseExecutor.java:290)
	at com.kms.katalon.core.main.TestCaseExecutor.execute(TestCaseExecutor.java:224)
	at com.kms.katalon.core.main.TestSuiteExecutor.accessTestCaseMainPhase(TestSuiteExecutor.java:129)
	at com.kms.katalon.core.main.TestSuiteExecutor.accessTestSuiteMainPhase(TestSuiteExecutor.java:112)
	at com.kms.katalon.core.main.TestSuiteExecutor.execute(TestSuiteExecutor.java:81)
	at com.kms.katalon.core.main.TestCaseMain.startTestSuite(TestCaseMain.java:149)
	at com.kms.katalon.core.main.TestCaseMain$startTestSuite$0.call(Unknown Source)
	at TempTestSuite1561139430530.run(TempTestSuite1561139430530.groovy:36)


2019-06-21 13:55:05 - [TEST_STEP][PASSED] - callTestCase(findTestCase("OCS - DESKTOP/CALL- Age gate"), [:], STOP_ON_FAILURE): Call Test Case 'Test Cases/OCS - DESKTOP/CALL- Age gate' successfully

2019-06-21 13:55:06 - [TEST_CASE][PASSED] - Test Cases/OCS - DESKTOP/CALL- Age gate: Test Cases/OCS - DESKTOP/CALL- Age gate

2019-06-21 13:55:06 - [TEST_STEP][PASSED] - openBrowser(""): Browser is opened with url: ''

2019-06-21 13:55:06 - [MESSAGE][WARNING] - A browser is already opened. Closing browser and opening a new one

2019-06-21 13:55:06 - [MESSAGE][INFO] - Starting 'Firefox' driver

2019-06-21 13:55:08 - [MESSAGE][PASSED] - Browser is opened with url: ''

2019-06-21 13:55:08 - [TEST_STEP][PASSED] - navigateToUrl("https://ocs.ca/?fts=0&preview_theme_id=74057975628"): Navigate to 'https://ocs.ca/?fts=0&preview_theme_id=74057975628' successfully

2019-06-21 13:55:15 - [MESSAGE][PASSED] - Navigate to 'https://ocs.ca/?fts=0&preview_theme_id=74057975628' successfully

2019-06-21 13:55:15 - [TEST_STEP][PASSED] - maximizeWindow(): Current window maximized

2019-06-21 13:55:15 - [MESSAGE][PASSED] - Current window maximized

2019-06-21 13:55:15 - [TEST_STEP][PASSED] - delay(2): Delayed 2 second(s)

2019-06-21 13:55:17 - [MESSAGE][PASSED] - Delayed 2 second(s)

2019-06-21 13:55:17 - [TEST_STEP][PASSED] - executeJavaScript("var previewBar = document.getElementById("preview-bar-iframe"); previewBar.style.display = "none";", []): Execute JavaScript 'var previewBar = document.getElementById("preview-bar-iframe"); previewBar.style.display = "none";' successfully

2019-06-21 13:55:17 - [MESSAGE][PASSED] - Execute JavaScript 'var previewBar = document.getElementById("preview-bar-iframe"); previewBar.style.display = "none";' successfully

2019-06-21 13:55:17 - [TEST_STEP][PASSED] - selectOptionByValue(findTestObject("OCS-DESKTOP/Age gate and Mega menu/Date"), "12", true): All options with value '12' are selected in object 'Object Repository/OCS-DESKTOP/Age gate and Mega menu/Date'  using regular expression

2019-06-21 13:55:18 - [MESSAGE][PASSED] - All options with value '12' are selected in object 'Object Repository/OCS-DESKTOP/Age gate and Mega menu/Date'  using regular expression

2019-06-21 13:55:18 - [TEST_STEP][PASSED] - selectOptionByValue(findTestObject("OCS-DESKTOP/Age gate and Mega menu/month"), "6", true): All options with value '6' are selected in object 'Object Repository/OCS-DESKTOP/Age gate and Mega menu/month'  using regular expression

2019-06-21 13:55:18 - [MESSAGE][PASSED] - All options with value '6' are selected in object 'Object Repository/OCS-DESKTOP/Age gate and Mega menu/month'  using regular expression

2019-06-21 13:55:18 - [TEST_STEP][PASSED] - delay(2): Delayed 2 second(s)

2019-06-21 13:55:20 - [MESSAGE][PASSED] - Delayed 2 second(s)

2019-06-21 13:55:20 - [TEST_STEP][PASSED] - selectOptionByValue(findTestObject("OCS-DESKTOP/Age gate and Mega menu/Year Dropdown"), "1990", true): All options with value '1990' are selected in object 'Object Repository/OCS-DESKTOP/Age gate and Mega menu/Year Dropdown'  using regular expression

2019-06-21 13:55:22 - [MESSAGE][PASSED] - All options with value '1990' are selected in object 'Object Repository/OCS-DESKTOP/Age gate and Mega menu/Year Dropdown'  using regular expression

2019-06-21 13:55:22 - [TEST_STEP][PASSED] - click(findTestObject("OCS-DESKTOP/Age gate and Mega menu/button_Verify")): Object: 'Object Repository/OCS-DESKTOP/Age gate and Mega menu/button_Verify' is clicked on

2019-06-21 13:55:22 - [MESSAGE][PASSED] - Object: 'Object Repository/OCS-DESKTOP/Age gate and Mega menu/button_Verify' is clicked on

2019-06-21 13:55:22 - [TEST_STEP][PASSED] - click(findTestObject("OCS-DESKTOP/Age gate and Mega menu/Checkbox_CONFIRM AND ACKNOWLEDGE")): Object: 'Object Repository/OCS-DESKTOP/Age gate and Mega menu/Checkbox_CONFIRM AND ACKNOWLEDGE' is clicked on

2019-06-21 13:55:22 - [MESSAGE][PASSED] - Object: 'Object Repository/OCS-DESKTOP/Age gate and Mega menu/Checkbox_CONFIRM AND ACKNOWLEDGE' is clicked on

2019-06-21 13:55:22 - [TEST_STEP][PASSED] - click(findTestObject("OCS-DESKTOP/Age gate and Mega menu/button_CONFIRM")): Object: 'Object Repository/OCS-DESKTOP/Age gate and Mega menu/button_CONFIRM' is clicked on

2019-06-21 13:55:23 - [MESSAGE][PASSED] - Object: 'Object Repository/OCS-DESKTOP/Age gate and Mega menu/button_CONFIRM' is clicked on

2019-06-21 13:55:23 - [TEST_STEP][PASSED] - click(findTestObject("OCS-DESKTOP/Age gate and Mega menu/button_Start Browsing")): Object: 'Object Repository/OCS-DESKTOP/Age gate and Mega menu/button_Start Browsing' is clicked on

2019-06-21 13:55:23 - [MESSAGE][PASSED] - Object: 'Object Repository/OCS-DESKTOP/Age gate and Mega menu/button_Start Browsing' is clicked on

2019-06-21 13:55:23 - [TEST_STEP][PASSED] - delay(2): Delayed 2 second(s)

2019-06-21 13:55:25 - [MESSAGE][PASSED] - Delayed 2 second(s)

2019-06-21 13:55:25 - [TEST_STEP][PASSED] - refresh(): Refresh successfully

2019-06-21 13:55:29 - [MESSAGE][PASSED] - Refresh successfully

2019-06-21 13:55:29 - [MESSAGE][PASSED] - Call Test Case 'Test Cases/OCS - DESKTOP/CALL- Age gate' successfully

2019-06-21 13:55:29 - [TEST_STEP][PASSED] - delay(2): Delayed 2 second(s)

2019-06-21 13:55:31 - [MESSAGE][PASSED] - Delayed 2 second(s)

2019-06-21 13:55:31 - [TEST_STEP][PASSED] - click(findTestObject("OCS-DESKTOP/Age gate and Mega menu/Header/CANNABIS menu - English"), CONTINUE_ON_FAILURE): Object: 'Object Repository/OCS-DESKTOP/Age gate and Mega menu/Header/CANNABIS menu - English' is clicked on

2019-06-21 13:55:32 - [MESSAGE][PASSED] - Object: 'Object Repository/OCS-DESKTOP/Age gate and Mega menu/Header/CANNABIS menu - English' is clicked on

2019-06-21 13:55:32 - [TEST_STEP][PASSED] - delay(2, CONTINUE_ON_FAILURE): Delayed 2 second(s)

2019-06-21 13:55:34 - [MESSAGE][PASSED] - Delayed 2 second(s)

2019-06-21 13:55:34 - [TEST_STEP][PASSED] - delay(1, CONTINUE_ON_FAILURE): Delayed 1 second(s)

2019-06-21 13:55:35 - [MESSAGE][PASSED] - Delayed 1 second(s)

2019-06-21 13:55:35 - [TEST_STEP][PASSED] - click(findTestObject("OCS-DESKTOP/Cannabis page/Dried flower")): Object: 'Object Repository/OCS-DESKTOP/Cannabis page/Dried flower' is clicked on

2019-06-21 13:55:37 - [MESSAGE][PASSED] - Object: 'Object Repository/OCS-DESKTOP/Cannabis page/Dried flower' is clicked on

2019-06-21 13:55:37 - [TEST_STEP][PASSED] - delay(1, CONTINUE_ON_FAILURE): Delayed 1 second(s)

2019-06-21 13:55:39 - [MESSAGE][PASSED] - Delayed 1 second(s)

2019-06-21 13:55:39 - [TEST_STEP][PASSED] - click(findTestObject("OCS-DESKTOP/Age gate and Mega menu/Header/CANNABIS menu - English")): Object: 'Object Repository/OCS-DESKTOP/Age gate and Mega menu/Header/CANNABIS menu - English' is clicked on

2019-06-21 13:55:39 - [MESSAGE][PASSED] - Object: 'Object Repository/OCS-DESKTOP/Age gate and Mega menu/Header/CANNABIS menu - English' is clicked on

2019-06-21 13:55:39 - [TEST_STEP][PASSED] - delay(1, CONTINUE_ON_FAILURE): Delayed 1 second(s)

2019-06-21 13:55:40 - [MESSAGE][PASSED] - Delayed 1 second(s)

2019-06-21 13:55:40 - [TEST_STEP][PASSED] - delay(1, CONTINUE_ON_FAILURE): Delayed 1 second(s)

2019-06-21 13:55:41 - [MESSAGE][PASSED] - Delayed 1 second(s)

2019-06-21 13:55:41 - [TEST_STEP][PASSED] - click(findTestObject("OCS-DESKTOP/Cannabis page/Dried flower - Indica dominant")): Object: 'Object Repository/OCS-DESKTOP/Cannabis page/Dried flower - Indica dominant' is clicked on

2019-06-21 13:55:44 - [MESSAGE][PASSED] - Object: 'Object Repository/OCS-DESKTOP/Cannabis page/Dried flower - Indica dominant' is clicked on

2019-06-21 13:55:44 - [TEST_STEP][PASSED] - delay(1, CONTINUE_ON_FAILURE): Delayed 1 second(s)

2019-06-21 13:55:45 - [MESSAGE][PASSED] - Delayed 1 second(s)

2019-06-21 13:55:45 - [TEST_STEP][PASSED] - click(findTestObject("OCS-DESKTOP/Age gate and Mega menu/Header/CANNABIS menu - English"), CONTINUE_ON_FAILURE): Object: 'Object Repository/OCS-DESKTOP/Age gate and Mega menu/Header/CANNABIS menu - English' is clicked on

2019-06-21 13:55:45 - [MESSAGE][PASSED] - Object: 'Object Repository/OCS-DESKTOP/Age gate and Mega menu/Header/CANNABIS menu - English' is clicked on

2019-06-21 13:55:45 - [TEST_STEP][PASSED] - delay(2, CONTINUE_ON_FAILURE): Delayed 2 second(s)

2019-06-21 13:55:47 - [MESSAGE][PASSED] - Delayed 2 second(s)

2019-06-21 13:55:47 - [TEST_STEP][PASSED] - click(findTestObject("OCS-DESKTOP/Cannabis page/Dried flower - sativa dominant")): Object: 'Object Repository/OCS-DESKTOP/Cannabis page/Dried flower - sativa dominant' is clicked on

2019-06-21 13:55:50 - [MESSAGE][PASSED] - Object: 'Object Repository/OCS-DESKTOP/Cannabis page/Dried flower - sativa dominant' is clicked on

2019-06-21 13:55:50 - [TEST_STEP][PASSED] - delay(1, CONTINUE_ON_FAILURE): Delayed 1 second(s)

2019-06-21 13:55:51 - [MESSAGE][PASSED] - Delayed 1 second(s)

2019-06-21 13:55:51 - [TEST_STEP][PASSED] - delay(1, CONTINUE_ON_FAILURE): Delayed 1 second(s)

2019-06-21 13:55:52 - [MESSAGE][PASSED] - Delayed 1 second(s)

2019-06-21 13:55:52 - [TEST_STEP][PASSED] - click(findTestObject("OCS-DESKTOP/Age gate and Mega menu/Header/CANNABIS menu - English"), CONTINUE_ON_FAILURE): Object: 'Object Repository/OCS-DESKTOP/Age gate and Mega menu/Header/CANNABIS menu - English' is clicked on

2019-06-21 13:55:52 - [MESSAGE][PASSED] - Object: 'Object Repository/OCS-DESKTOP/Age gate and Mega menu/Header/CANNABIS menu - English' is clicked on

2019-06-21 13:55:52 - [TEST_STEP][PASSED] - delay(2, CONTINUE_ON_FAILURE): Delayed 2 second(s)

2019-06-21 13:55:54 - [MESSAGE][PASSED] - Delayed 2 second(s)

2019-06-21 13:55:54 - [TEST_STEP][PASSED] - click(findTestObject("OCS-DESKTOP/Cannabis page/Dried flower - Hybrid")): Object: 'Object Repository/OCS-DESKTOP/Cannabis page/Dried flower - Hybrid' is clicked on

2019-06-21 13:55:56 - [MESSAGE][PASSED] - Object: 'Object Repository/OCS-DESKTOP/Cannabis page/Dried flower - Hybrid' is clicked on

2019-06-21 13:55:56 - [TEST_STEP][PASSED] - delay(1, CONTINUE_ON_FAILURE): Delayed 1 second(s)

2019-06-21 13:55:57 - [MESSAGE][PASSED] - Delayed 1 second(s)

2019-06-21 13:55:57 - [TEST_STEP][PASSED] - click(findTestObject("OCS-DESKTOP/Age gate and Mega menu/Header/CANNABIS menu - English"), CONTINUE_ON_FAILURE): Object: 'Object Repository/OCS-DESKTOP/Age gate and Mega menu/Header/CANNABIS menu - English' is clicked on

2019-06-21 13:55:57 - [MESSAGE][PASSED] - Object: 'Object Repository/OCS-DESKTOP/Age gate and Mega menu/Header/CANNABIS menu - English' is clicked on

2019-06-21 13:55:57 - [TEST_STEP][PASSED] - delay(1, CONTINUE_ON_FAILURE): Delayed 1 second(s)

2019-06-21 13:55:58 - [MESSAGE][PASSED] - Delayed 1 second(s)

2019-06-21 13:55:58 - [TEST_STEP][PASSED] - delay(1, CONTINUE_ON_FAILURE): Delayed 1 second(s)

2019-06-21 13:56:00 - [MESSAGE][PASSED] - Delayed 1 second(s)

2019-06-21 13:56:00 - [TEST_STEP][PASSED] - click(findTestObject("OCS-DESKTOP/Cannabis page/Shop all dried flower")): Object: 'Object Repository/OCS-DESKTOP/Cannabis page/Shop all dried flower' is clicked on

2019-06-21 13:56:04 - [MESSAGE][PASSED] - Object: 'Object Repository/OCS-DESKTOP/Cannabis page/Shop all dried flower' is clicked on

2019-06-21 13:56:04 - [TEST_STEP][PASSED] - delay(1, CONTINUE_ON_FAILURE): Delayed 1 second(s)

2019-06-21 13:56:05 - [MESSAGE][PASSED] - Delayed 1 second(s)

2019-06-21 13:56:05 - [TEST_STEP][PASSED] - click(findTestObject("OCS-DESKTOP/Age gate and Mega menu/Header/CANNABIS menu - English"), CONTINUE_ON_FAILURE): Object: 'Object Repository/OCS-DESKTOP/Age gate and Mega menu/Header/CANNABIS menu - English' is clicked on

2019-06-21 13:56:05 - [MESSAGE][PASSED] - Object: 'Object Repository/OCS-DESKTOP/Age gate and Mega menu/Header/CANNABIS menu - English' is clicked on

2019-06-21 13:56:05 - [TEST_STEP][PASSED] - delay(2, CONTINUE_ON_FAILURE): Delayed 2 second(s)

2019-06-21 13:56:07 - [MESSAGE][PASSED] - Delayed 2 second(s)

2019-06-21 13:56:07 - [TEST_STEP][PASSED] - delay(1, CONTINUE_ON_FAILURE): Delayed 1 second(s)

2019-06-21 13:56:08 - [MESSAGE][PASSED] - Delayed 1 second(s)

2019-06-21 13:56:08 - [TEST_STEP][PASSED] - click(findTestObject("OCS-DESKTOP/Cannabis page/Prerolled - Plus accordian")): Object: 'Object Repository/OCS-DESKTOP/Cannabis page/Prerolled - Plus accordian' is clicked on

2019-06-21 13:56:10 - [MESSAGE][PASSED] - Object: 'Object Repository/OCS-DESKTOP/Cannabis page/Prerolled - Plus accordian' is clicked on

2019-06-21 13:56:10 - [TEST_STEP][PASSED] - delay(1, CONTINUE_ON_FAILURE): Delayed 1 second(s)

2019-06-21 13:56:11 - [MESSAGE][PASSED] - Delayed 1 second(s)

2019-06-21 13:56:11 - [TEST_STEP][PASSED] - delay(1, CONTINUE_ON_FAILURE): Delayed 1 second(s)

2019-06-21 13:56:12 - [MESSAGE][PASSED] - Delayed 1 second(s)

2019-06-21 13:56:12 - [TEST_STEP][PASSED] - click(findTestObject("OCS-DESKTOP/Age gate and Mega menu/Header/CANNABIS menu - English"), CONTINUE_ON_FAILURE): Object: 'Object Repository/OCS-DESKTOP/Age gate and Mega menu/Header/CANNABIS menu - English' is clicked on

2019-06-21 13:56:12 - [MESSAGE][PASSED] - Object: 'Object Repository/OCS-DESKTOP/Age gate and Mega menu/Header/CANNABIS menu - English' is clicked on

2019-06-21 13:56:12 - [TEST_STEP][PASSED] - delay(1, CONTINUE_ON_FAILURE): Delayed 1 second(s)

2019-06-21 13:56:13 - [MESSAGE][PASSED] - Delayed 1 second(s)

2019-06-21 13:56:13 - [TEST_STEP][PASSED] - click(findTestObject("OCS-DESKTOP/Cannabis page/Prerolled - Indica dominant")): Object: 'Object Repository/OCS-DESKTOP/Cannabis page/Prerolled - Indica dominant' is clicked on

2019-06-21 13:56:16 - [MESSAGE][PASSED] - Object: 'Object Repository/OCS-DESKTOP/Cannabis page/Prerolled - Indica dominant' is clicked on

2019-06-21 13:56:16 - [TEST_STEP][PASSED] - delay(1, CONTINUE_ON_FAILURE): Delayed 1 second(s)

2019-06-21 13:56:17 - [MESSAGE][PASSED] - Delayed 1 second(s)

2019-06-21 13:56:17 - [TEST_STEP][PASSED] - click(findTestObject("OCS-DESKTOP/Age gate and Mega menu/Header/CANNABIS menu - English"), CONTINUE_ON_FAILURE): Object: 'Object Repository/OCS-DESKTOP/Age gate and Mega menu/Header/CANNABIS menu - English' is clicked on

2019-06-21 13:56:17 - [MESSAGE][PASSED] - Object: 'Object Repository/OCS-DESKTOP/Age gate and Mega menu/Header/CANNABIS menu - English' is clicked on

2019-06-21 13:56:17 - [TEST_STEP][PASSED] - delay(2, CONTINUE_ON_FAILURE): Delayed 2 second(s)

2019-06-21 13:56:19 - [MESSAGE][PASSED] - Delayed 2 second(s)

2019-06-21 13:56:19 - [TEST_STEP][PASSED] - delay(1, CONTINUE_ON_FAILURE): Delayed 1 second(s)

2019-06-21 13:56:20 - [MESSAGE][PASSED] - Delayed 1 second(s)

2019-06-21 13:56:20 - [TEST_STEP][PASSED] - delay(1, CONTINUE_ON_FAILURE): Delayed 1 second(s)

2019-06-21 13:56:21 - [MESSAGE][PASSED] - Delayed 1 second(s)

2019-06-21 13:56:21 - [TEST_STEP][PASSED] - click(findTestObject("OCS-DESKTOP/Cannabis page/Prerolled - sativa dominant")): Object: 'Object Repository/OCS-DESKTOP/Cannabis page/Prerolled - sativa dominant' is clicked on

2019-06-21 13:56:23 - [MESSAGE][PASSED] - Object: 'Object Repository/OCS-DESKTOP/Cannabis page/Prerolled - sativa dominant' is clicked on

2019-06-21 13:56:23 - [TEST_STEP][PASSED] - delay(1, CONTINUE_ON_FAILURE): Delayed 1 second(s)

2019-06-21 13:56:24 - [MESSAGE][PASSED] - Delayed 1 second(s)

2019-06-21 13:56:24 - [TEST_STEP][PASSED] - click(findTestObject("OCS-DESKTOP/Age gate and Mega menu/Header/CANNABIS menu - English"), CONTINUE_ON_FAILURE): Object: 'Object Repository/OCS-DESKTOP/Age gate and Mega menu/Header/CANNABIS menu - English' is clicked on

2019-06-21 13:56:24 - [MESSAGE][PASSED] - Object: 'Object Repository/OCS-DESKTOP/Age gate and Mega menu/Header/CANNABIS menu - English' is clicked on

2019-06-21 13:56:24 - [TEST_STEP][PASSED] - delay(2, CONTINUE_ON_FAILURE): Delayed 2 second(s)

2019-06-21 13:56:26 - [MESSAGE][PASSED] - Delayed 2 second(s)

2019-06-21 13:56:26 - [TEST_STEP][PASSED] - delay(1, CONTINUE_ON_FAILURE): Delayed 1 second(s)

2019-06-21 13:56:27 - [MESSAGE][PASSED] - Delayed 1 second(s)

2019-06-21 13:56:27 - [TEST_STEP][PASSED] - delay(1, CONTINUE_ON_FAILURE): Delayed 1 second(s)

2019-06-21 13:56:28 - [MESSAGE][PASSED] - Delayed 1 second(s)

2019-06-21 13:56:28 - [TEST_STEP][PASSED] - click(findTestObject("OCS-DESKTOP/Cannabis page/Prerolled - Hybrid")): Object: 'Object Repository/OCS-DESKTOP/Cannabis page/Prerolled - Hybrid' is clicked on

2019-06-21 13:56:30 - [MESSAGE][PASSED] - Object: 'Object Repository/OCS-DESKTOP/Cannabis page/Prerolled - Hybrid' is clicked on

2019-06-21 13:56:30 - [TEST_STEP][PASSED] - delay(1, CONTINUE_ON_FAILURE): Delayed 1 second(s)

2019-06-21 13:56:31 - [MESSAGE][PASSED] - Delayed 1 second(s)

2019-06-21 13:56:31 - [TEST_STEP][PASSED] - click(findTestObject("OCS-DESKTOP/Age gate and Mega menu/Header/CANNABIS menu - English"), CONTINUE_ON_FAILURE): Object: 'Object Repository/OCS-DESKTOP/Age gate and Mega menu/Header/CANNABIS menu - English' is clicked on

2019-06-21 13:56:32 - [MESSAGE][PASSED] - Object: 'Object Repository/OCS-DESKTOP/Age gate and Mega menu/Header/CANNABIS menu - English' is clicked on

2019-06-21 13:56:32 - [TEST_STEP][PASSED] - delay(2, CONTINUE_ON_FAILURE): Delayed 2 second(s)

2019-06-21 13:56:34 - [MESSAGE][PASSED] - Delayed 2 second(s)

2019-06-21 13:56:34 - [TEST_STEP][PASSED] - delay(1, CONTINUE_ON_FAILURE): Delayed 1 second(s)

2019-06-21 13:56:35 - [MESSAGE][PASSED] - Delayed 1 second(s)

2019-06-21 13:56:35 - [TEST_STEP][PASSED] - delay(1, CONTINUE_ON_FAILURE): Delayed 1 second(s)

2019-06-21 13:56:36 - [MESSAGE][PASSED] - Delayed 1 second(s)

2019-06-21 13:56:36 - [TEST_STEP][PASSED] - click(findTestObject("OCS-DESKTOP/Cannabis page/Shop all prerolled")): Object: 'Object Repository/OCS-DESKTOP/Cannabis page/Shop all prerolled' is clicked on

2019-06-21 13:56:38 - [MESSAGE][PASSED] - Object: 'Object Repository/OCS-DESKTOP/Cannabis page/Shop all prerolled' is clicked on

2019-06-21 13:56:38 - [TEST_STEP][PASSED] - delay(1, CONTINUE_ON_FAILURE): Delayed 1 second(s)

2019-06-21 13:56:39 - [MESSAGE][PASSED] - Delayed 1 second(s)

2019-06-21 13:56:39 - [TEST_STEP][PASSED] - click(findTestObject("OCS-DESKTOP/Age gate and Mega menu/Header/CANNABIS menu - English"), CONTINUE_ON_FAILURE): Object: 'Object Repository/OCS-DESKTOP/Age gate and Mega menu/Header/CANNABIS menu - English' is clicked on

2019-06-21 13:56:39 - [MESSAGE][PASSED] - Object: 'Object Repository/OCS-DESKTOP/Age gate and Mega menu/Header/CANNABIS menu - English' is clicked on

2019-06-21 13:56:39 - [TEST_STEP][PASSED] - delay(2, CONTINUE_ON_FAILURE): Delayed 2 second(s)

2019-06-21 13:56:41 - [MESSAGE][PASSED] - Delayed 2 second(s)

2019-06-21 13:56:41 - [TEST_STEP][PASSED] - delay(1, CONTINUE_ON_FAILURE): Delayed 1 second(s)

2019-06-21 13:56:42 - [MESSAGE][PASSED] - Delayed 1 second(s)

2019-06-21 13:56:42 - [TEST_STEP][PASSED] - delay(1, CONTINUE_ON_FAILURE): Delayed 1 second(s)

2019-06-21 13:56:43 - [MESSAGE][PASSED] - Delayed 1 second(s)

2019-06-21 13:56:43 - [TEST_STEP][PASSED] - click(findTestObject("OCS-DESKTOP/Cannabis page/Oils - plus accordian")): Object: 'Object Repository/OCS-DESKTOP/Cannabis page/Oils - plus accordian' is clicked on

2019-06-21 13:56:45 - [MESSAGE][PASSED] - Object: 'Object Repository/OCS-DESKTOP/Cannabis page/Oils - plus accordian' is clicked on

2019-06-21 13:56:45 - [TEST_STEP][PASSED] - delay(1, CONTINUE_ON_FAILURE): Delayed 1 second(s)

2019-06-21 13:56:46 - [MESSAGE][PASSED] - Delayed 1 second(s)

2019-06-21 13:56:46 - [TEST_STEP][PASSED] - delay(1, CONTINUE_ON_FAILURE): Delayed 1 second(s)

2019-06-21 13:56:47 - [MESSAGE][PASSED] - Delayed 1 second(s)

2019-06-21 13:56:47 - [TEST_STEP][PASSED] - click(findTestObject("OCS-DESKTOP/Age gate and Mega menu/Header/CANNABIS menu - English"), CONTINUE_ON_FAILURE): Object: 'Object Repository/OCS-DESKTOP/Age gate and Mega menu/Header/CANNABIS menu - English' is clicked on

2019-06-21 13:56:48 - [MESSAGE][PASSED] - Object: 'Object Repository/OCS-DESKTOP/Age gate and Mega menu/Header/CANNABIS menu - English' is clicked on

2019-06-21 13:56:48 - [TEST_STEP][PASSED] - delay(1, CONTINUE_ON_FAILURE): Delayed 1 second(s)

2019-06-21 13:56:49 - [MESSAGE][PASSED] - Delayed 1 second(s)

2019-06-21 13:56:49 - [TEST_STEP][PASSED] - click(findTestObject("OCS-DESKTOP/Cannabis page/Oils - Bottled oils")): Object: 'Object Repository/OCS-DESKTOP/Cannabis page/Oils - Bottled oils' is clicked on

2019-06-21 13:56:50 - [MESSAGE][PASSED] - Object: 'Object Repository/OCS-DESKTOP/Cannabis page/Oils - Bottled oils' is clicked on

2019-06-21 13:56:50 - [TEST_STEP][PASSED] - delay(1, CONTINUE_ON_FAILURE): Delayed 1 second(s)

2019-06-21 13:56:51 - [MESSAGE][PASSED] - Delayed 1 second(s)

2019-06-21 13:56:51 - [TEST_STEP][PASSED] - click(findTestObject("OCS-DESKTOP/Age gate and Mega menu/Header/CANNABIS menu - English"), CONTINUE_ON_FAILURE): Object: 'Object Repository/OCS-DESKTOP/Age gate and Mega menu/Header/CANNABIS menu - English' is clicked on

2019-06-21 13:56:52 - [MESSAGE][PASSED] - Object: 'Object Repository/OCS-DESKTOP/Age gate and Mega menu/Header/CANNABIS menu - English' is clicked on

2019-06-21 13:56:52 - [TEST_STEP][PASSED] - delay(2, CONTINUE_ON_FAILURE): Delayed 2 second(s)

2019-06-21 13:56:54 - [MESSAGE][PASSED] - Delayed 2 second(s)

2019-06-21 13:56:54 - [TEST_STEP][PASSED] - delay(1, CONTINUE_ON_FAILURE): Delayed 1 second(s)

2019-06-21 13:56:55 - [MESSAGE][PASSED] - Delayed 1 second(s)

2019-06-21 13:56:55 - [TEST_STEP][PASSED] - delay(1, CONTINUE_ON_FAILURE): Delayed 1 second(s)

2019-06-21 13:56:56 - [MESSAGE][PASSED] - Delayed 1 second(s)

2019-06-21 13:56:56 - [TEST_STEP][PASSED] - click(findTestObject("OCS-DESKTOP/Cannabis page/Oils - oral sprays")): Object: 'Object Repository/OCS-DESKTOP/Cannabis page/Oils - oral sprays' is clicked on

2019-06-21 13:56:58 - [MESSAGE][PASSED] - Object: 'Object Repository/OCS-DESKTOP/Cannabis page/Oils - oral sprays' is clicked on

2019-06-21 13:56:58 - [TEST_STEP][PASSED] - delay(1, CONTINUE_ON_FAILURE): Delayed 1 second(s)

2019-06-21 13:56:59 - [MESSAGE][PASSED] - Delayed 1 second(s)

2019-06-21 13:56:59 - [TEST_STEP][PASSED] - click(findTestObject("OCS-DESKTOP/Age gate and Mega menu/Header/CANNABIS menu - English"), CONTINUE_ON_FAILURE): Object: 'Object Repository/OCS-DESKTOP/Age gate and Mega menu/Header/CANNABIS menu - English' is clicked on

2019-06-21 13:56:59 - [MESSAGE][PASSED] - Object: 'Object Repository/OCS-DESKTOP/Age gate and Mega menu/Header/CANNABIS menu - English' is clicked on

2019-06-21 13:56:59 - [TEST_STEP][PASSED] - delay(2, CONTINUE_ON_FAILURE): Delayed 2 second(s)

2019-06-21 13:57:01 - [MESSAGE][PASSED] - Delayed 2 second(s)

2019-06-21 13:57:01 - [TEST_STEP][PASSED] - delay(1, CONTINUE_ON_FAILURE): Delayed 1 second(s)

2019-06-21 13:57:02 - [MESSAGE][PASSED] - Delayed 1 second(s)

2019-06-21 13:57:02 - [TEST_STEP][PASSED] - delay(1, CONTINUE_ON_FAILURE): Delayed 1 second(s)

2019-06-21 13:57:03 - [MESSAGE][PASSED] - Delayed 1 second(s)

2019-06-21 13:57:03 - [TEST_STEP][PASSED] - click(findTestObject("OCS-DESKTOP/Cannabis page/shop all oils")): Object: 'Object Repository/OCS-DESKTOP/Cannabis page/shop all oils' is clicked on

2019-06-21 13:57:05 - [MESSAGE][PASSED] - Object: 'Object Repository/OCS-DESKTOP/Cannabis page/shop all oils' is clicked on

2019-06-21 13:57:05 - [TEST_STEP][PASSED] - delay(1, CONTINUE_ON_FAILURE): Delayed 1 second(s)

2019-06-21 13:57:06 - [MESSAGE][PASSED] - Delayed 1 second(s)

2019-06-21 13:57:06 - [TEST_STEP][PASSED] - click(findTestObject("OCS-DESKTOP/Age gate and Mega menu/Header/CANNABIS menu - English"), CONTINUE_ON_FAILURE): Object: 'Object Repository/OCS-DESKTOP/Age gate and Mega menu/Header/CANNABIS menu - English' is clicked on

2019-06-21 13:57:06 - [MESSAGE][PASSED] - Object: 'Object Repository/OCS-DESKTOP/Age gate and Mega menu/Header/CANNABIS menu - English' is clicked on

2019-06-21 13:57:06 - [TEST_STEP][PASSED] - delay(2, CONTINUE_ON_FAILURE): Delayed 2 second(s)

2019-06-21 13:57:08 - [MESSAGE][PASSED] - Delayed 2 second(s)

2019-06-21 13:57:08 - [TEST_STEP][PASSED] - delay(1, CONTINUE_ON_FAILURE): Delayed 1 second(s)

2019-06-21 13:57:09 - [MESSAGE][PASSED] - Delayed 1 second(s)

2019-06-21 13:57:09 - [TEST_STEP][PASSED] - click(findTestObject("MOBILE OBJECTS/Capsules chevron")): Object: 'Object Repository/MOBILE OBJECTS/Capsules chevron' is clicked on

2019-06-21 13:57:11 - [MESSAGE][PASSED] - Object: 'Object Repository/MOBILE OBJECTS/Capsules chevron' is clicked on

2019-06-21 13:57:11 - [TEST_STEP][PASSED] - delay(1, CONTINUE_ON_FAILURE): Delayed 1 second(s)

2019-06-21 13:57:12 - [MESSAGE][PASSED] - Delayed 1 second(s)

2019-06-21 13:57:12 - [TEST_STEP][PASSED] - click(findTestObject("OCS-DESKTOP/Age gate and Mega menu/Header/CANNABIS menu - English"), CONTINUE_ON_FAILURE): Object: 'Object Repository/OCS-DESKTOP/Age gate and Mega menu/Header/CANNABIS menu - English' is clicked on

2019-06-21 13:57:13 - [MESSAGE][PASSED] - Object: 'Object Repository/OCS-DESKTOP/Age gate and Mega menu/Header/CANNABIS menu - English' is clicked on

2019-06-21 13:57:13 - [TEST_STEP][PASSED] - delay(2, CONTINUE_ON_FAILURE): Delayed 2 second(s)

2019-06-21 13:57:15 - [MESSAGE][PASSED] - Delayed 2 second(s)

2019-06-21 13:57:15 - [TEST_STEP][PASSED] - delay(1, CONTINUE_ON_FAILURE): Delayed 1 second(s)

2019-06-21 13:57:16 - [MESSAGE][PASSED] - Delayed 1 second(s)

2019-06-21 13:57:16 - [TEST_STEP][NOT_RUN] - click(findTestObject("OCS-DESKTOP/Cannabis page/Shop by plant type - plus accordian")): NOT_RUN: click(findTestObject("OCS-DESKTOP/Cannabis page/Shop by plant type - plus accordian"))

2019-06-21 13:57:16 - [MESSAGE][NOT_RUN] - NOT_RUN: click(findTestObject("OCS-DESKTOP/Cannabis page/Shop by plant type - plus accordian"))

2019-06-21 13:57:16 - [TEST_STEP][PASSED] - delay(1, CONTINUE_ON_FAILURE): Delayed 1 second(s)

2019-06-21 13:57:17 - [MESSAGE][PASSED] - Delayed 1 second(s)

2019-06-21 13:57:17 - [TEST_STEP][PASSED] - delay(1, CONTINUE_ON_FAILURE): Delayed 1 second(s)

2019-06-21 13:57:18 - [MESSAGE][PASSED] - Delayed 1 second(s)

2019-06-21 13:57:18 - [TEST_STEP][PASSED] - delay(1, CONTINUE_ON_FAILURE): Delayed 1 second(s)

2019-06-21 13:57:19 - [MESSAGE][PASSED] - Delayed 1 second(s)

2019-06-21 13:57:19 - [TEST_STEP][PASSED] - click(findTestObject("OCS-DESKTOP/Cannabis page/Shop by plant type - Indica dominant")): Object: 'Object Repository/OCS-DESKTOP/Cannabis page/Shop by plant type - Indica dominant' is clicked on

2019-06-21 13:57:21 - [MESSAGE][PASSED] - Object: 'Object Repository/OCS-DESKTOP/Cannabis page/Shop by plant type - Indica dominant' is clicked on

2019-06-21 13:57:21 - [TEST_STEP][PASSED] - delay(1, CONTINUE_ON_FAILURE): Delayed 1 second(s)

2019-06-21 13:57:22 - [MESSAGE][PASSED] - Delayed 1 second(s)

2019-06-21 13:57:22 - [TEST_STEP][PASSED] - click(findTestObject("OCS-DESKTOP/Age gate and Mega menu/Header/CANNABIS menu - English"), CONTINUE_ON_FAILURE): Object: 'Object Repository/OCS-DESKTOP/Age gate and Mega menu/Header/CANNABIS menu - English' is clicked on

2019-06-21 13:57:22 - [MESSAGE][PASSED] - Object: 'Object Repository/OCS-DESKTOP/Age gate and Mega menu/Header/CANNABIS menu - English' is clicked on

2019-06-21 13:57:22 - [TEST_STEP][PASSED] - delay(2, CONTINUE_ON_FAILURE): Delayed 2 second(s)

2019-06-21 13:57:24 - [MESSAGE][PASSED] - Delayed 2 second(s)

2019-06-21 13:57:24 - [TEST_STEP][PASSED] - delay(1, CONTINUE_ON_FAILURE): Delayed 1 second(s)

2019-06-21 13:57:25 - [MESSAGE][PASSED] - Delayed 1 second(s)

2019-06-21 13:57:25 - [TEST_STEP][PASSED] - delay(1, CONTINUE_ON_FAILURE): Delayed 1 second(s)

2019-06-21 13:57:26 - [MESSAGE][PASSED] - Delayed 1 second(s)

2019-06-21 13:57:26 - [TEST_STEP][PASSED] - click(findTestObject("OCS-DESKTOP/Cannabis page/Shop by plant type - sativa dominant")): Object: 'Object Repository/OCS-DESKTOP/Cannabis page/Shop by plant type - sativa dominant' is clicked on

2019-06-21 13:57:28 - [MESSAGE][PASSED] - Object: 'Object Repository/OCS-DESKTOP/Cannabis page/Shop by plant type - sativa dominant' is clicked on

2019-06-21 13:57:28 - [TEST_STEP][PASSED] - delay(1, CONTINUE_ON_FAILURE): Delayed 1 second(s)

2019-06-21 13:57:30 - [MESSAGE][PASSED] - Delayed 1 second(s)

2019-06-21 13:57:30 - [TEST_STEP][PASSED] - click(findTestObject("OCS-DESKTOP/Age gate and Mega menu/Header/CANNABIS menu - English"), CONTINUE_ON_FAILURE): Object: 'Object Repository/OCS-DESKTOP/Age gate and Mega menu/Header/CANNABIS menu - English' is clicked on

2019-06-21 13:57:30 - [MESSAGE][PASSED] - Object: 'Object Repository/OCS-DESKTOP/Age gate and Mega menu/Header/CANNABIS menu - English' is clicked on

2019-06-21 13:57:30 - [TEST_STEP][PASSED] - delay(2, CONTINUE_ON_FAILURE): Delayed 2 second(s)

2019-06-21 13:57:32 - [MESSAGE][PASSED] - Delayed 2 second(s)

2019-06-21 13:57:32 - [TEST_STEP][PASSED] - delay(1, CONTINUE_ON_FAILURE): Delayed 1 second(s)

2019-06-21 13:57:33 - [MESSAGE][PASSED] - Delayed 1 second(s)

2019-06-21 13:57:33 - [TEST_STEP][PASSED] - delay(1, CONTINUE_ON_FAILURE): Delayed 1 second(s)

2019-06-21 13:57:34 - [MESSAGE][PASSED] - Delayed 1 second(s)

2019-06-21 13:57:34 - [TEST_STEP][PASSED] - click(findTestObject("OCS-DESKTOP/Cannabis page/Shop by plant type - Hybrid")): Object: 'Object Repository/OCS-DESKTOP/Cannabis page/Shop by plant type - Hybrid' is clicked on

2019-06-21 13:57:36 - [MESSAGE][PASSED] - Object: 'Object Repository/OCS-DESKTOP/Cannabis page/Shop by plant type - Hybrid' is clicked on

2019-06-21 13:57:36 - [TEST_STEP][PASSED] - delay(1, CONTINUE_ON_FAILURE): Delayed 1 second(s)

2019-06-21 13:57:37 - [MESSAGE][PASSED] - Delayed 1 second(s)

2019-06-21 13:57:37 - [TEST_STEP][PASSED] - click(findTestObject("OCS-DESKTOP/Age gate and Mega menu/Header/CANNABIS menu - English"), CONTINUE_ON_FAILURE): Object: 'Object Repository/OCS-DESKTOP/Age gate and Mega menu/Header/CANNABIS menu - English' is clicked on

2019-06-21 13:57:37 - [MESSAGE][PASSED] - Object: 'Object Repository/OCS-DESKTOP/Age gate and Mega menu/Header/CANNABIS menu - English' is clicked on

2019-06-21 13:57:37 - [TEST_STEP][PASSED] - delay(2, CONTINUE_ON_FAILURE): Delayed 2 second(s)

2019-06-21 13:57:39 - [MESSAGE][PASSED] - Delayed 2 second(s)

2019-06-21 13:57:39 - [TEST_STEP][PASSED] - delay(1, CONTINUE_ON_FAILURE): Delayed 1 second(s)

2019-06-21 13:57:40 - [MESSAGE][PASSED] - Delayed 1 second(s)

2019-06-21 13:57:40 - [TEST_STEP][NOT_RUN] - click(findTestObject("OCS-DESKTOP/Cannabis page/Collections - plus accordian")): NOT_RUN: click(findTestObject("OCS-DESKTOP/Cannabis page/Collections - plus accordian"))

2019-06-21 13:57:40 - [MESSAGE][NOT_RUN] - NOT_RUN: click(findTestObject("OCS-DESKTOP/Cannabis page/Collections - plus accordian"))

2019-06-21 13:57:40 - [TEST_STEP][PASSED] - delay(1, CONTINUE_ON_FAILURE): Delayed 1 second(s)

2019-06-21 13:57:41 - [MESSAGE][PASSED] - Delayed 1 second(s)

2019-06-21 13:57:41 - [TEST_STEP][PASSED] - delay(1, CONTINUE_ON_FAILURE): Delayed 1 second(s)

2019-06-21 13:57:42 - [MESSAGE][PASSED] - Delayed 1 second(s)

2019-06-21 13:57:42 - [TEST_STEP][PASSED] - click(findTestObject("OCS-DESKTOP/Age gate and Mega menu/Header/CANNABIS menu - English"), CONTINUE_ON_FAILURE): Object: 'Object Repository/OCS-DESKTOP/Age gate and Mega menu/Header/CANNABIS menu - English' is clicked on

2019-06-21 13:57:43 - [MESSAGE][PASSED] - Object: 'Object Repository/OCS-DESKTOP/Age gate and Mega menu/Header/CANNABIS menu - English' is clicked on

2019-06-21 13:57:43 - [TEST_STEP][PASSED] - delay(1, CONTINUE_ON_FAILURE): Delayed 1 second(s)

2019-06-21 13:57:44 - [MESSAGE][PASSED] - Delayed 1 second(s)

2019-06-21 13:57:44 - [TEST_STEP][FAILED] - click(findTestObject("OCS-DESKTOP/Cannabis page/Collections- New products")): click(findTestObject("OCS-DESKTOP/Cannabis page/Collections- New products")) FAILED.
Reason:
com.kms.katalon.core.exception.StepFailedException: Unable to click on object 'Object Repository/OCS-DESKTOP/Cannabis page/Collections- New products' (Root cause: org.openqa.selenium.ElementNotInteractableException: Element <span> could not be scrolled into view
Build info: version: '3.7.1', revision: '8a0099a', time: '2017-11-06T21:07:36.161Z'
System info: host: 'sumans-MacBook-Pro.local', ip: '2601:87:0:879f:0:0:0:1e84%en0', os.name: 'Mac OS X', os.arch: 'x86_64', os.version: '10.13.6', java.version: '1.8.0_181'
Driver info: com.kms.katalon.core.webui.driver.firefox.CGeckoDriver
Capabilities {acceptInsecureCerts: true, browserName: firefox, browserVersion: 67.0.3, javascriptEnabled: true, moz:accessibilityChecks: false, moz:buildID: 20190618025334, moz:geckodriverVersion: 0.23.0, moz:headless: false, moz:processID: 2830, moz:profile: /var/folders/1t/c55l8xzs6gq..., moz:shutdownTimeout: 60000, moz:useNonSpecCompliantPointerOrigin: false, moz:webdriverClick: true, pageLoadStrategy: normal, platform: MAC, platformName: MAC, platformVersion: 17.7.0, proxy: Proxy(direct), rotatable: false, setWindowRect: true, strictFileInteractability: false, timeouts: {implicit: 0, pageLoad: 300000, script: 30000}, unhandledPromptBehavior: dismiss and notify}
Session ID: f038274f-8a03-de40-bb59-d83c8382c07e)
	at com.kms.katalon.core.keyword.internal.KeywordMain.stepFailed(KeywordMain.groovy:36)
	at com.kms.katalon.core.webui.keyword.internal.WebUIKeywordMain.stepFailed(WebUIKeywordMain.groovy:65)
	at com.kms.katalon.core.webui.keyword.internal.WebUIKeywordMain.runKeyword(WebUIKeywordMain.groovy:27)
	at com.kms.katalon.core.webui.keyword.builtin.ClickKeyword.click(ClickKeyword.groovy:86)
	at com.kms.katalon.core.webui.keyword.builtin.ClickKeyword.execute(ClickKeyword.groovy:67)
	at com.kms.katalon.core.keyword.internal.KeywordExecutor.executeKeywordForPlatform(KeywordExecutor.groovy:53)
	at com.kms.katalon.core.webui.keyword.WebUiBuiltInKeywords.click(WebUiBuiltInKeywords.groovy:616)
	at com.kms.katalon.core.webui.keyword.WebUiBuiltInKeywords$click$4.call(Unknown Source)
	at HP-Burger menu -cannabis.run(HP-Burger menu -cannabis:238)
	at com.kms.katalon.core.main.ScriptEngine.run(ScriptEngine.java:194)
	at com.kms.katalon.core.main.ScriptEngine.runScriptAsRawText(ScriptEngine.java:119)
	at com.kms.katalon.core.main.TestCaseExecutor.runScript(TestCaseExecutor.java:328)
	at com.kms.katalon.core.main.TestCaseExecutor.doExecute(TestCaseExecutor.java:319)
	at com.kms.katalon.core.main.TestCaseExecutor.processExecutionPhase(TestCaseExecutor.java:298)
	at com.kms.katalon.core.main.TestCaseExecutor.accessMainPhase(TestCaseExecutor.java:290)
	at com.kms.katalon.core.main.TestCaseExecutor.execute(TestCaseExecutor.java:224)
	at com.kms.katalon.core.main.TestSuiteExecutor.accessTestCaseMainPhase(TestSuiteExecutor.java:129)
	at com.kms.katalon.core.main.TestSuiteExecutor.accessTestSuiteMainPhase(TestSuiteExecutor.java:112)
	at com.kms.katalon.core.main.TestSuiteExecutor.execute(TestSuiteExecutor.java:81)
	at com.kms.katalon.core.main.TestCaseMain.startTestSuite(TestCaseMain.java:149)
	at com.kms.katalon.core.main.TestCaseMain$startTestSuite$0.call(Unknown Source)
	at TempTestSuite1561139430530.run(TempTestSuite1561139430530.groovy:36)


2019-06-21 13:57:44 - [MESSAGE][FAILED] - Unable to click on object 'Object Repository/OCS-DESKTOP/Cannabis page/Collections- New products' (Root cause: org.openqa.selenium.ElementNotInteractableException: Element <span> could not be scrolled into view
Build info: version: '3.7.1', revision: '8a0099a', time: '2017-11-06T21:07:36.161Z'
System info: host: 'sumans-MacBook-Pro.local', ip: '2601:87:0:879f:0:0:0:1e84%en0', os.name: 'Mac OS X', os.arch: 'x86_64', os.version: '10.13.6', java.version: '1.8.0_181'
Driver info: com.kms.katalon.core.webui.driver.firefox.CGeckoDriver
Capabilities {acceptInsecureCerts: true, browserName: firefox, browserVersion: 67.0.3, javascriptEnabled: true, moz:accessibilityChecks: false, moz:buildID: 20190618025334, moz:geckodriverVersion: 0.23.0, moz:headless: false, moz:processID: 2830, moz:profile: /var/folders/1t/c55l8xzs6gq..., moz:shutdownTimeout: 60000, moz:useNonSpecCompliantPointerOrigin: false, moz:webdriverClick: true, pageLoadStrategy: normal, platform: MAC, platformName: MAC, platformVersion: 17.7.0, proxy: Proxy(direct), rotatable: false, setWindowRect: true, strictFileInteractability: false, timeouts: {implicit: 0, pageLoad: 300000, script: 30000}, unhandledPromptBehavior: dismiss and notify}
Session ID: f038274f-8a03-de40-bb59-d83c8382c07e)
[[ATTACHMENT|/Users/sumankompelly/Relative xpath-Desktop/Reports/OCS-1.11/20190621_135030/1561139864283.png]]

2019-06-21 13:57:44 - [MESSAGE][FAILED] - click(findTestObject("OCS-DESKTOP/Cannabis page/Collections- New products")) FAILED.
Reason:
com.kms.katalon.core.exception.StepFailedException: Unable to click on object 'Object Repository/OCS-DESKTOP/Cannabis page/Collections- New products' (Root cause: org.openqa.selenium.ElementNotInteractableException: Element <span> could not be scrolled into view
Build info: version: '3.7.1', revision: '8a0099a', time: '2017-11-06T21:07:36.161Z'
System info: host: 'sumans-MacBook-Pro.local', ip: '2601:87:0:879f:0:0:0:1e84%en0', os.name: 'Mac OS X', os.arch: 'x86_64', os.version: '10.13.6', java.version: '1.8.0_181'
Driver info: com.kms.katalon.core.webui.driver.firefox.CGeckoDriver
Capabilities {acceptInsecureCerts: true, browserName: firefox, browserVersion: 67.0.3, javascriptEnabled: true, moz:accessibilityChecks: false, moz:buildID: 20190618025334, moz:geckodriverVersion: 0.23.0, moz:headless: false, moz:processID: 2830, moz:profile: /var/folders/1t/c55l8xzs6gq..., moz:shutdownTimeout: 60000, moz:useNonSpecCompliantPointerOrigin: false, moz:webdriverClick: true, pageLoadStrategy: normal, platform: MAC, platformName: MAC, platformVersion: 17.7.0, proxy: Proxy(direct), rotatable: false, setWindowRect: true, strictFileInteractability: false, timeouts: {implicit: 0, pageLoad: 300000, script: 30000}, unhandledPromptBehavior: dismiss and notify}
Session ID: f038274f-8a03-de40-bb59-d83c8382c07e)
	at com.kms.katalon.core.keyword.internal.KeywordMain.stepFailed(KeywordMain.groovy:36)
	at com.kms.katalon.core.webui.keyword.internal.WebUIKeywordMain.stepFailed(WebUIKeywordMain.groovy:65)
	at com.kms.katalon.core.webui.keyword.internal.WebUIKeywordMain.runKeyword(WebUIKeywordMain.groovy:27)
	at com.kms.katalon.core.webui.keyword.builtin.ClickKeyword.click(ClickKeyword.groovy:86)
	at com.kms.katalon.core.webui.keyword.builtin.ClickKeyword.execute(ClickKeyword.groovy:67)
	at com.kms.katalon.core.keyword.internal.KeywordExecutor.executeKeywordForPlatform(KeywordExecutor.groovy:53)
	at com.kms.katalon.core.webui.keyword.WebUiBuiltInKeywords.click(WebUiBuiltInKeywords.groovy:616)
	at com.kms.katalon.core.webui.keyword.WebUiBuiltInKeywords$click$4.call(Unknown Source)
	at HP-Burger menu -cannabis.run(HP-Burger menu -cannabis:238)
	at com.kms.katalon.core.main.ScriptEngine.run(ScriptEngine.java:194)
	at com.kms.katalon.core.main.ScriptEngine.runScriptAsRawText(ScriptEngine.java:119)
	at com.kms.katalon.core.main.TestCaseExecutor.runScript(TestCaseExecutor.java:328)
	at com.kms.katalon.core.main.TestCaseExecutor.doExecute(TestCaseExecutor.java:319)
	at com.kms.katalon.core.main.TestCaseExecutor.processExecutionPhase(TestCaseExecutor.java:298)
	at com.kms.katalon.core.main.TestCaseExecutor.accessMainPhase(TestCaseExecutor.java:290)
	at com.kms.katalon.core.main.TestCaseExecutor.execute(TestCaseExecutor.java:224)
	at com.kms.katalon.core.main.TestSuiteExecutor.accessTestCaseMainPhase(TestSuiteExecutor.java:129)
	at com.kms.katalon.core.main.TestSuiteExecutor.accessTestSuiteMainPhase(TestSuiteExecutor.java:112)
	at com.kms.katalon.core.main.TestSuiteExecutor.execute(TestSuiteExecutor.java:81)
	at com.kms.katalon.core.main.TestCaseMain.startTestSuite(TestCaseMain.java:149)
	at com.kms.katalon.core.main.TestCaseMain$startTestSuite$0.call(Unknown Source)
	at TempTestSuite1561139430530.run(TempTestSuite1561139430530.groovy:36)]]></system-out>
         <system-err><![CDATA[2019-06-21 13:55:05 - [TEST_CASE][FAILED] - Test Cases/OCS - DESKTOP/OCS- HOME PAGE/HP-Burger menu -cannabis: Test Cases/OCS - DESKTOP/OCS- HOME PAGE/HP-Burger menu -cannabis FAILED.
Reason:
com.kms.katalon.core.exception.StepFailedException: Unable to click on object 'Object Repository/OCS-DESKTOP/Cannabis page/Collections- New products' (Root cause: org.openqa.selenium.ElementNotInteractableException: Element <span> could not be scrolled into view
Build info: version: '3.7.1', revision: '8a0099a', time: '2017-11-06T21:07:36.161Z'
System info: host: 'sumans-MacBook-Pro.local', ip: '2601:87:0:879f:0:0:0:1e84%en0', os.name: 'Mac OS X', os.arch: 'x86_64', os.version: '10.13.6', java.version: '1.8.0_181'
Driver info: com.kms.katalon.core.webui.driver.firefox.CGeckoDriver
Capabilities {acceptInsecureCerts: true, browserName: firefox, browserVersion: 67.0.3, javascriptEnabled: true, moz:accessibilityChecks: false, moz:buildID: 20190618025334, moz:geckodriverVersion: 0.23.0, moz:headless: false, moz:processID: 2830, moz:profile: /var/folders/1t/c55l8xzs6gq..., moz:shutdownTimeout: 60000, moz:useNonSpecCompliantPointerOrigin: false, moz:webdriverClick: true, pageLoadStrategy: normal, platform: MAC, platformName: MAC, platformVersion: 17.7.0, proxy: Proxy(direct), rotatable: false, setWindowRect: true, strictFileInteractability: false, timeouts: {implicit: 0, pageLoad: 300000, script: 30000}, unhandledPromptBehavior: dismiss and notify}
Session ID: f038274f-8a03-de40-bb59-d83c8382c07e)
	at com.kms.katalon.core.keyword.internal.KeywordMain.stepFailed(KeywordMain.groovy:36)
	at com.kms.katalon.core.webui.keyword.internal.WebUIKeywordMain.stepFailed(WebUIKeywordMain.groovy:65)
	at com.kms.katalon.core.webui.keyword.internal.WebUIKeywordMain.runKeyword(WebUIKeywordMain.groovy:27)
	at com.kms.katalon.core.webui.keyword.builtin.ClickKeyword.click(ClickKeyword.groovy:86)
	at com.kms.katalon.core.webui.keyword.builtin.ClickKeyword.execute(ClickKeyword.groovy:67)
	at com.kms.katalon.core.keyword.internal.KeywordExecutor.executeKeywordForPlatform(KeywordExecutor.groovy:53)
	at com.kms.katalon.core.webui.keyword.WebUiBuiltInKeywords.click(WebUiBuiltInKeywords.groovy:616)
	at com.kms.katalon.core.webui.keyword.WebUiBuiltInKeywords$click$4.call(Unknown Source)
	at HP-Burger menu -cannabis.run(HP-Burger menu -cannabis:238)
	at com.kms.katalon.core.main.ScriptEngine.run(ScriptEngine.java:194)
	at com.kms.katalon.core.main.ScriptEngine.runScriptAsRawText(ScriptEngine.java:119)
	at com.kms.katalon.core.main.TestCaseExecutor.runScript(TestCaseExecutor.java:328)
	at com.kms.katalon.core.main.TestCaseExecutor.doExecute(TestCaseExecutor.java:319)
	at com.kms.katalon.core.main.TestCaseExecutor.processExecutionPhase(TestCaseExecutor.java:298)
	at com.kms.katalon.core.main.TestCaseExecutor.accessMainPhase(TestCaseExecutor.java:290)
	at com.kms.katalon.core.main.TestCaseExecutor.execute(TestCaseExecutor.java:224)
	at com.kms.katalon.core.main.TestSuiteExecutor.accessTestCaseMainPhase(TestSuiteExecutor.java:129)
	at com.kms.katalon.core.main.TestSuiteExecutor.accessTestSuiteMainPhase(TestSuiteExecutor.java:112)
	at com.kms.katalon.core.main.TestSuiteExecutor.execute(TestSuiteExecutor.java:81)
	at com.kms.katalon.core.main.TestCaseMain.startTestSuite(TestCaseMain.java:149)
	at com.kms.katalon.core.main.TestCaseMain$startTestSuite$0.call(Unknown Source)
	at TempTestSuite1561139430530.run(TempTestSuite1561139430530.groovy:36)]]></system-err>
      </testcase>
      <testcase name="Test Cases/OCS - DESKTOP/OCS- HOME PAGE/why trust OCS" classname="Test Cases/OCS - DESKTOP/OCS- HOME PAGE/why trust OCS" status="PASSED">
         <system-out><![CDATA[2019-06-21 13:57:44 - [TEST_CASE][PASSED] - Test Cases/OCS - DESKTOP/OCS- HOME PAGE/why trust OCS: Test Cases/OCS - DESKTOP/OCS- HOME PAGE/why trust OCS

2019-06-21 13:57:44 - [TEST_STEP][PASSED] - callTestCase(findTestCase("OCS - DESKTOP/CALL- Age gate"), [:], STOP_ON_FAILURE): Call Test Case 'Test Cases/OCS - DESKTOP/CALL- Age gate' successfully

2019-06-21 13:57:44 - [TEST_CASE][PASSED] - Test Cases/OCS - DESKTOP/CALL- Age gate: Test Cases/OCS - DESKTOP/CALL- Age gate

2019-06-21 13:57:44 - [TEST_STEP][PASSED] - openBrowser(""): Browser is opened with url: ''

2019-06-21 13:57:44 - [MESSAGE][WARNING] - A browser is already opened. Closing browser and opening a new one

2019-06-21 13:57:45 - [MESSAGE][INFO] - Starting 'Firefox' driver

2019-06-21 13:57:47 - [MESSAGE][PASSED] - Browser is opened with url: ''

2019-06-21 13:57:47 - [TEST_STEP][PASSED] - navigateToUrl("https://ocs.ca/?fts=0&preview_theme_id=74057975628"): Navigate to 'https://ocs.ca/?fts=0&preview_theme_id=74057975628' successfully

2019-06-21 13:57:50 - [MESSAGE][PASSED] - Navigate to 'https://ocs.ca/?fts=0&preview_theme_id=74057975628' successfully

2019-06-21 13:57:50 - [TEST_STEP][PASSED] - maximizeWindow(): Current window maximized

2019-06-21 13:57:51 - [MESSAGE][PASSED] - Current window maximized

2019-06-21 13:57:51 - [TEST_STEP][PASSED] - delay(2): Delayed 2 second(s)

2019-06-21 13:57:53 - [MESSAGE][PASSED] - Delayed 2 second(s)

2019-06-21 13:57:53 - [TEST_STEP][PASSED] - executeJavaScript("var previewBar = document.getElementById("preview-bar-iframe"); previewBar.style.display = "none";", []): Execute JavaScript 'var previewBar = document.getElementById("preview-bar-iframe"); previewBar.style.display = "none";' successfully

2019-06-21 13:57:53 - [MESSAGE][PASSED] - Execute JavaScript 'var previewBar = document.getElementById("preview-bar-iframe"); previewBar.style.display = "none";' successfully

2019-06-21 13:57:53 - [TEST_STEP][PASSED] - selectOptionByValue(findTestObject("OCS-DESKTOP/Age gate and Mega menu/Date"), "12", true): All options with value '12' are selected in object 'Object Repository/OCS-DESKTOP/Age gate and Mega menu/Date'  using regular expression

2019-06-21 13:57:53 - [MESSAGE][PASSED] - All options with value '12' are selected in object 'Object Repository/OCS-DESKTOP/Age gate and Mega menu/Date'  using regular expression

2019-06-21 13:57:53 - [TEST_STEP][PASSED] - selectOptionByValue(findTestObject("OCS-DESKTOP/Age gate and Mega menu/month"), "6", true): All options with value '6' are selected in object 'Object Repository/OCS-DESKTOP/Age gate and Mega menu/month'  using regular expression

2019-06-21 13:57:54 - [MESSAGE][PASSED] - All options with value '6' are selected in object 'Object Repository/OCS-DESKTOP/Age gate and Mega menu/month'  using regular expression

2019-06-21 13:57:54 - [TEST_STEP][PASSED] - delay(2): Delayed 2 second(s)

2019-06-21 13:57:56 - [MESSAGE][PASSED] - Delayed 2 second(s)

2019-06-21 13:57:56 - [TEST_STEP][PASSED] - selectOptionByValue(findTestObject("OCS-DESKTOP/Age gate and Mega menu/Year Dropdown"), "1990", true): All options with value '1990' are selected in object 'Object Repository/OCS-DESKTOP/Age gate and Mega menu/Year Dropdown'  using regular expression

2019-06-21 13:57:57 - [MESSAGE][PASSED] - All options with value '1990' are selected in object 'Object Repository/OCS-DESKTOP/Age gate and Mega menu/Year Dropdown'  using regular expression

2019-06-21 13:57:57 - [TEST_STEP][PASSED] - click(findTestObject("OCS-DESKTOP/Age gate and Mega menu/button_Verify")): Object: 'Object Repository/OCS-DESKTOP/Age gate and Mega menu/button_Verify' is clicked on

2019-06-21 13:57:58 - [MESSAGE][PASSED] - Object: 'Object Repository/OCS-DESKTOP/Age gate and Mega menu/button_Verify' is clicked on

2019-06-21 13:57:58 - [TEST_STEP][PASSED] - click(findTestObject("OCS-DESKTOP/Age gate and Mega menu/Checkbox_CONFIRM AND ACKNOWLEDGE")): Object: 'Object Repository/OCS-DESKTOP/Age gate and Mega menu/Checkbox_CONFIRM AND ACKNOWLEDGE' is clicked on

2019-06-21 13:57:58 - [MESSAGE][PASSED] - Object: 'Object Repository/OCS-DESKTOP/Age gate and Mega menu/Checkbox_CONFIRM AND ACKNOWLEDGE' is clicked on

2019-06-21 13:57:58 - [TEST_STEP][PASSED] - click(findTestObject("OCS-DESKTOP/Age gate and Mega menu/button_CONFIRM")): Object: 'Object Repository/OCS-DESKTOP/Age gate and Mega menu/button_CONFIRM' is clicked on

2019-06-21 13:57:58 - [MESSAGE][PASSED] - Object: 'Object Repository/OCS-DESKTOP/Age gate and Mega menu/button_CONFIRM' is clicked on

2019-06-21 13:57:58 - [TEST_STEP][PASSED] - click(findTestObject("OCS-DESKTOP/Age gate and Mega menu/button_Start Browsing")): Object: 'Object Repository/OCS-DESKTOP/Age gate and Mega menu/button_Start Browsing' is clicked on

2019-06-21 13:57:59 - [MESSAGE][PASSED] - Object: 'Object Repository/OCS-DESKTOP/Age gate and Mega menu/button_Start Browsing' is clicked on

2019-06-21 13:57:59 - [TEST_STEP][PASSED] - delay(2): Delayed 2 second(s)

2019-06-21 13:58:01 - [MESSAGE][PASSED] - Delayed 2 second(s)

2019-06-21 13:58:01 - [TEST_STEP][PASSED] - refresh(): Refresh successfully

2019-06-21 13:58:05 - [MESSAGE][PASSED] - Refresh successfully

2019-06-21 13:58:05 - [MESSAGE][PASSED] - Call Test Case 'Test Cases/OCS - DESKTOP/CALL- Age gate' successfully

2019-06-21 13:58:05 - [TEST_STEP][PASSED] - delay(2): Delayed 2 second(s)

2019-06-21 13:58:07 - [MESSAGE][PASSED] - Delayed 2 second(s)

2019-06-21 13:58:07 - [TEST_STEP][PASSED] - executeJavaScript("var previewBar = document.getElementById("preview-bar-iframe"); previewBar.style.display = "none";", []): Execute JavaScript 'var previewBar = document.getElementById("preview-bar-iframe"); previewBar.style.display = "none";' successfully

2019-06-21 13:58:07 - [MESSAGE][PASSED] - Execute JavaScript 'var previewBar = document.getElementById("preview-bar-iframe"); previewBar.style.display = "none";' successfully

2019-06-21 13:58:07 - [TEST_STEP][PASSED] - delay(1, OPTIONAL): Delayed 1 second(s)

2019-06-21 13:58:08 - [MESSAGE][PASSED] - Delayed 1 second(s)

2019-06-21 13:58:08 - [TEST_STEP][PASSED] - click(findTestObject("OCS-DESKTOP/Home - page/Why trust OCS -img")): Object: 'Object Repository/OCS-DESKTOP/Home - page/Why trust OCS -img' is clicked on

2019-06-21 13:58:11 - [MESSAGE][PASSED] - Object: 'Object Repository/OCS-DESKTOP/Home - page/Why trust OCS -img' is clicked on]]></system-out>
         <system-err><![CDATA[]]></system-err>
      </testcase>
      <testcase name="Test Cases/OCS - DESKTOP/OCS- HOME PAGE/HP -Burger menu-FAQ" classname="Test Cases/OCS - DESKTOP/OCS- HOME PAGE/HP -Burger menu-FAQ" status="PASSED">
         <system-out><![CDATA[2019-06-21 13:58:11 - [TEST_CASE][PASSED] - Test Cases/OCS - DESKTOP/OCS- HOME PAGE/HP -Burger menu-FAQ: Test Cases/OCS - DESKTOP/OCS- HOME PAGE/HP -Burger menu-FAQ

2019-06-21 13:58:11 - [TEST_STEP][PASSED] - callTestCase(findTestCase("OCS - DESKTOP/CALL- Age gate"), [:], STOP_ON_FAILURE): Call Test Case 'Test Cases/OCS - DESKTOP/CALL- Age gate' successfully

2019-06-21 13:58:11 - [TEST_CASE][PASSED] - Test Cases/OCS - DESKTOP/CALL- Age gate: Test Cases/OCS - DESKTOP/CALL- Age gate

2019-06-21 13:58:11 - [TEST_STEP][PASSED] - openBrowser(""): Browser is opened with url: ''

2019-06-21 13:58:11 - [MESSAGE][WARNING] - A browser is already opened. Closing browser and opening a new one

2019-06-21 13:58:12 - [MESSAGE][INFO] - Starting 'Firefox' driver

2019-06-21 13:58:14 - [MESSAGE][PASSED] - Browser is opened with url: ''

2019-06-21 13:58:14 - [TEST_STEP][PASSED] - navigateToUrl("https://ocs.ca/?fts=0&preview_theme_id=74057975628"): Navigate to 'https://ocs.ca/?fts=0&preview_theme_id=74057975628' successfully

2019-06-21 13:58:19 - [MESSAGE][PASSED] - Navigate to 'https://ocs.ca/?fts=0&preview_theme_id=74057975628' successfully

2019-06-21 13:58:19 - [TEST_STEP][PASSED] - maximizeWindow(): Current window maximized

2019-06-21 13:58:20 - [MESSAGE][PASSED] - Current window maximized

2019-06-21 13:58:20 - [TEST_STEP][PASSED] - delay(2): Delayed 2 second(s)

2019-06-21 13:58:22 - [MESSAGE][PASSED] - Delayed 2 second(s)

2019-06-21 13:58:22 - [TEST_STEP][PASSED] - executeJavaScript("var previewBar = document.getElementById("preview-bar-iframe"); previewBar.style.display = "none";", []): Execute JavaScript 'var previewBar = document.getElementById("preview-bar-iframe"); previewBar.style.display = "none";' successfully

2019-06-21 13:58:22 - [MESSAGE][PASSED] - Execute JavaScript 'var previewBar = document.getElementById("preview-bar-iframe"); previewBar.style.display = "none";' successfully

2019-06-21 13:58:22 - [TEST_STEP][PASSED] - selectOptionByValue(findTestObject("OCS-DESKTOP/Age gate and Mega menu/Date"), "12", true): All options with value '12' are selected in object 'Object Repository/OCS-DESKTOP/Age gate and Mega menu/Date'  using regular expression

2019-06-21 13:58:22 - [MESSAGE][PASSED] - All options with value '12' are selected in object 'Object Repository/OCS-DESKTOP/Age gate and Mega menu/Date'  using regular expression

2019-06-21 13:58:22 - [TEST_STEP][PASSED] - selectOptionByValue(findTestObject("OCS-DESKTOP/Age gate and Mega menu/month"), "6", true): All options with value '6' are selected in object 'Object Repository/OCS-DESKTOP/Age gate and Mega menu/month'  using regular expression

2019-06-21 13:58:23 - [MESSAGE][PASSED] - All options with value '6' are selected in object 'Object Repository/OCS-DESKTOP/Age gate and Mega menu/month'  using regular expression

2019-06-21 13:58:23 - [TEST_STEP][PASSED] - delay(2): Delayed 2 second(s)

2019-06-21 13:58:25 - [MESSAGE][PASSED] - Delayed 2 second(s)

2019-06-21 13:58:25 - [TEST_STEP][PASSED] - selectOptionByValue(findTestObject("OCS-DESKTOP/Age gate and Mega menu/Year Dropdown"), "1990", true): All options with value '1990' are selected in object 'Object Repository/OCS-DESKTOP/Age gate and Mega menu/Year Dropdown'  using regular expression

2019-06-21 13:58:26 - [MESSAGE][PASSED] - All options with value '1990' are selected in object 'Object Repository/OCS-DESKTOP/Age gate and Mega menu/Year Dropdown'  using regular expression

2019-06-21 13:58:26 - [TEST_STEP][PASSED] - click(findTestObject("OCS-DESKTOP/Age gate and Mega menu/button_Verify")): Object: 'Object Repository/OCS-DESKTOP/Age gate and Mega menu/button_Verify' is clicked on

2019-06-21 13:58:27 - [MESSAGE][PASSED] - Object: 'Object Repository/OCS-DESKTOP/Age gate and Mega menu/button_Verify' is clicked on

2019-06-21 13:58:27 - [TEST_STEP][PASSED] - click(findTestObject("OCS-DESKTOP/Age gate and Mega menu/Checkbox_CONFIRM AND ACKNOWLEDGE")): Object: 'Object Repository/OCS-DESKTOP/Age gate and Mega menu/Checkbox_CONFIRM AND ACKNOWLEDGE' is clicked on

2019-06-21 13:58:27 - [MESSAGE][PASSED] - Object: 'Object Repository/OCS-DESKTOP/Age gate and Mega menu/Checkbox_CONFIRM AND ACKNOWLEDGE' is clicked on

2019-06-21 13:58:27 - [TEST_STEP][PASSED] - click(findTestObject("OCS-DESKTOP/Age gate and Mega menu/button_CONFIRM")): Object: 'Object Repository/OCS-DESKTOP/Age gate and Mega menu/button_CONFIRM' is clicked on

2019-06-21 13:58:27 - [MESSAGE][PASSED] - Object: 'Object Repository/OCS-DESKTOP/Age gate and Mega menu/button_CONFIRM' is clicked on

2019-06-21 13:58:27 - [TEST_STEP][PASSED] - click(findTestObject("OCS-DESKTOP/Age gate and Mega menu/button_Start Browsing")): Object: 'Object Repository/OCS-DESKTOP/Age gate and Mega menu/button_Start Browsing' is clicked on

2019-06-21 13:58:28 - [MESSAGE][PASSED] - Object: 'Object Repository/OCS-DESKTOP/Age gate and Mega menu/button_Start Browsing' is clicked on

2019-06-21 13:58:28 - [TEST_STEP][PASSED] - delay(2): Delayed 2 second(s)

2019-06-21 13:58:30 - [MESSAGE][PASSED] - Delayed 2 second(s)

2019-06-21 13:58:30 - [TEST_STEP][PASSED] - refresh(): Refresh successfully

2019-06-21 13:58:34 - [MESSAGE][PASSED] - Refresh successfully

2019-06-21 13:58:34 - [MESSAGE][PASSED] - Call Test Case 'Test Cases/OCS - DESKTOP/CALL- Age gate' successfully

2019-06-21 13:58:34 - [TEST_STEP][PASSED] - delay(2): Delayed 2 second(s)

2019-06-21 13:58:36 - [MESSAGE][PASSED] - Delayed 2 second(s)

2019-06-21 13:58:36 - [TEST_STEP][PASSED] - executeJavaScript("var previewBar = document.getElementById("preview-bar-iframe"); previewBar.style.display = "none";", []): Execute JavaScript 'var previewBar = document.getElementById("preview-bar-iframe"); previewBar.style.display = "none";' successfully

2019-06-21 13:58:36 - [MESSAGE][PASSED] - Execute JavaScript 'var previewBar = document.getElementById("preview-bar-iframe"); previewBar.style.display = "none";' successfully

2019-06-21 13:58:36 - [TEST_STEP][PASSED] - delay(2): Delayed 2 second(s)

2019-06-21 13:58:38 - [MESSAGE][PASSED] - Delayed 2 second(s)

2019-06-21 13:58:38 - [TEST_STEP][PASSED] - click(findTestObject("OCS-DESKTOP/Age gate and Mega menu/Header/FAQ menu - En")): Object: 'Object Repository/OCS-DESKTOP/Age gate and Mega menu/Header/FAQ menu - En' is clicked on

2019-06-21 13:58:40 - [MESSAGE][PASSED] - Object: 'Object Repository/OCS-DESKTOP/Age gate and Mega menu/Header/FAQ menu - En' is clicked on

2019-06-21 13:58:40 - [TEST_STEP][PASSED] - delay(2): Delayed 2 second(s)

2019-06-21 13:58:42 - [MESSAGE][PASSED] - Delayed 2 second(s)

2019-06-21 13:58:42 - [TEST_STEP][PASSED] - executeJavaScript("var previewBar = document.getElementById("preview-bar-iframe"); previewBar.style.display = "none";", []): Execute JavaScript 'var previewBar = document.getElementById("preview-bar-iframe"); previewBar.style.display = "none";' successfully

2019-06-21 13:58:42 - [MESSAGE][PASSED] - Execute JavaScript 'var previewBar = document.getElementById("preview-bar-iframe"); previewBar.style.display = "none";' successfully

2019-06-21 13:58:42 - [TEST_STEP][NOT_RUN] - scrollToElement(findTestObject("OCS-MOBILE /FAQ page/scroll view element"), 0): NOT_RUN: scrollToElement(findTestObject("OCS-MOBILE /FAQ page/scroll view element"), 0)

2019-06-21 13:58:42 - [MESSAGE][NOT_RUN] - NOT_RUN: scrollToElement(findTestObject("OCS-MOBILE /FAQ page/scroll view element"), 0)

2019-06-21 13:58:42 - [TEST_STEP][PASSED] - delay(1): Delayed 1 second(s)

2019-06-21 13:58:43 - [MESSAGE][PASSED] - Delayed 1 second(s)

2019-06-21 13:58:43 - [TEST_STEP][PASSED] - click(findTestObject("OCS-DESKTOP/FAQ page/Dropdown button -First chevron -open- FAQ")): Object: 'Object Repository/OCS-DESKTOP/FAQ page/Dropdown button -First chevron -open- FAQ' is clicked on

2019-06-21 13:58:43 - [MESSAGE][PASSED] - Object: 'Object Repository/OCS-DESKTOP/FAQ page/Dropdown button -First chevron -open- FAQ' is clicked on

2019-06-21 13:58:43 - [TEST_STEP][PASSED] - delay(1): Delayed 1 second(s)

2019-06-21 13:58:44 - [MESSAGE][PASSED] - Delayed 1 second(s)

2019-06-21 13:58:44 - [TEST_STEP][PASSED] - click(findTestObject("OCS-DESKTOP/FAQ page/Dropdown button -First chevron - close -FAQ")): Object: 'Object Repository/OCS-DESKTOP/FAQ page/Dropdown button -First chevron - close -FAQ' is clicked on

2019-06-21 13:58:44 - [MESSAGE][PASSED] - Object: 'Object Repository/OCS-DESKTOP/FAQ page/Dropdown button -First chevron - close -FAQ' is clicked on

2019-06-21 13:58:44 - [TEST_STEP][PASSED] - delay(1, OPTIONAL): Delayed 1 second(s)

2019-06-21 13:58:45 - [MESSAGE][PASSED] - Delayed 1 second(s)

2019-06-21 13:58:45 - [TEST_STEP][PASSED] - click(findTestObject("OCS-DESKTOP/FAQ page/First accordian - add")): Object: 'Object Repository/OCS-DESKTOP/FAQ page/First accordian - add' is clicked on

2019-06-21 13:58:45 - [MESSAGE][PASSED] - Object: 'Object Repository/OCS-DESKTOP/FAQ page/First accordian - add' is clicked on

2019-06-21 13:58:45 - [TEST_STEP][PASSED] - delay(1): Delayed 1 second(s)

2019-06-21 13:58:46 - [MESSAGE][PASSED] - Delayed 1 second(s)

2019-06-21 13:58:46 - [TEST_STEP][PASSED] - click(findTestObject("OCS-DESKTOP/FAQ page/First accordian - Subtract")): Object: 'Object Repository/OCS-DESKTOP/FAQ page/First accordian - Subtract' is clicked on

2019-06-21 13:58:47 - [MESSAGE][PASSED] - Object: 'Object Repository/OCS-DESKTOP/FAQ page/First accordian - Subtract' is clicked on

2019-06-21 13:58:47 - [TEST_STEP][PASSED] - delay(1): Delayed 1 second(s)

2019-06-21 13:58:48 - [MESSAGE][PASSED] - Delayed 1 second(s)

2019-06-21 13:58:48 - [TEST_STEP][PASSED] - click(findTestObject("OCS-DESKTOP/FAQ page/Second accordian- add")): Object: 'Object Repository/OCS-DESKTOP/FAQ page/Second accordian- add' is clicked on

2019-06-21 13:58:48 - [MESSAGE][PASSED] - Object: 'Object Repository/OCS-DESKTOP/FAQ page/Second accordian- add' is clicked on

2019-06-21 13:58:48 - [TEST_STEP][PASSED] - delay(1): Delayed 1 second(s)

2019-06-21 13:58:49 - [MESSAGE][PASSED] - Delayed 1 second(s)

2019-06-21 13:58:49 - [TEST_STEP][PASSED] - click(findTestObject("OCS-DESKTOP/FAQ page/Second accordian - subtract")): Object: 'Object Repository/OCS-DESKTOP/FAQ page/Second accordian - subtract' is clicked on

2019-06-21 13:58:49 - [MESSAGE][PASSED] - Object: 'Object Repository/OCS-DESKTOP/FAQ page/Second accordian - subtract' is clicked on

2019-06-21 13:58:49 - [TEST_STEP][PASSED] - delay(1): Delayed 1 second(s)

2019-06-21 13:58:50 - [MESSAGE][PASSED] - Delayed 1 second(s)

2019-06-21 13:58:50 - [TEST_STEP][PASSED] - click(findTestObject("OCS-DESKTOP/FAQ page/Load more1")): Object: 'Object Repository/OCS-DESKTOP/FAQ page/Load more1' is clicked on

2019-06-21 13:58:50 - [MESSAGE][PASSED] - Object: 'Object Repository/OCS-DESKTOP/FAQ page/Load more1' is clicked on

2019-06-21 13:58:50 - [TEST_STEP][PASSED] - delay(1): Delayed 1 second(s)

2019-06-21 13:58:51 - [MESSAGE][PASSED] - Delayed 1 second(s)

2019-06-21 13:58:51 - [TEST_STEP][PASSED] - click(findTestObject("OCS-DESKTOP/FAQ page/Loadmore2")): Object: 'Object Repository/OCS-DESKTOP/FAQ page/Loadmore2' is clicked on

2019-06-21 13:58:52 - [MESSAGE][PASSED] - Object: 'Object Repository/OCS-DESKTOP/FAQ page/Loadmore2' is clicked on

2019-06-21 13:58:52 - [TEST_STEP][PASSED] - delay(1): Delayed 1 second(s)

2019-06-21 13:58:53 - [MESSAGE][PASSED] - Delayed 1 second(s)

2019-06-21 13:58:53 - [TEST_STEP][PASSED] - click(findTestObject("OCS-DESKTOP/FAQ page/Loadmore3")): Object: 'Object Repository/OCS-DESKTOP/FAQ page/Loadmore3' is clicked on

2019-06-21 13:58:53 - [MESSAGE][PASSED] - Object: 'Object Repository/OCS-DESKTOP/FAQ page/Loadmore3' is clicked on

2019-06-21 13:58:53 - [TEST_STEP][PASSED] - delay(1): Delayed 1 second(s)

2019-06-21 13:58:54 - [MESSAGE][PASSED] - Delayed 1 second(s)

2019-06-21 13:58:54 - [TEST_STEP][PASSED] - click(findTestObject("OCS-DESKTOP/FAQ page/Learn about cannabis")): Object: 'Object Repository/OCS-DESKTOP/FAQ page/Learn about cannabis' is clicked on

2019-06-21 13:58:57 - [MESSAGE][PASSED] - Object: 'Object Repository/OCS-DESKTOP/FAQ page/Learn about cannabis' is clicked on

2019-06-21 13:58:57 - [TEST_STEP][PASSED] - delay(1, OPTIONAL): Delayed 1 second(s)

2019-06-21 13:58:58 - [MESSAGE][PASSED] - Delayed 1 second(s)

2019-06-21 13:58:58 - [TEST_STEP][PASSED] - executeJavaScript("var previewBar = document.getElementById("preview-bar-iframe"); previewBar.style.display = "none";", []): Execute JavaScript 'var previewBar = document.getElementById("preview-bar-iframe"); previewBar.style.display = "none";' successfully

2019-06-21 13:58:58 - [MESSAGE][PASSED] - Execute JavaScript 'var previewBar = document.getElementById("preview-bar-iframe"); previewBar.style.display = "none";' successfully

2019-06-21 13:58:58 - [TEST_STEP][PASSED] - click(findTestObject("OCS-DESKTOP/Age gate and Mega menu/Header/FAQ menu - En")): Object: 'Object Repository/OCS-DESKTOP/Age gate and Mega menu/Header/FAQ menu - En' is clicked on

2019-06-21 13:59:02 - [MESSAGE][PASSED] - Object: 'Object Repository/OCS-DESKTOP/Age gate and Mega menu/Header/FAQ menu - En' is clicked on

2019-06-21 13:59:02 - [TEST_STEP][PASSED] - executeJavaScript("var previewBar = document.getElementById("preview-bar-iframe"); previewBar.style.display = "none";", []): Execute JavaScript 'var previewBar = document.getElementById("preview-bar-iframe"); previewBar.style.display = "none";' successfully

2019-06-21 13:59:02 - [MESSAGE][PASSED] - Execute JavaScript 'var previewBar = document.getElementById("preview-bar-iframe"); previewBar.style.display = "none";' successfully

2019-06-21 13:59:02 - [TEST_STEP][PASSED] - click(findTestObject("OCS-DESKTOP/FAQ page/Loadmore4")): Object: 'Object Repository/OCS-DESKTOP/FAQ page/Loadmore4' is clicked on

2019-06-21 13:59:02 - [MESSAGE][PASSED] - Object: 'Object Repository/OCS-DESKTOP/FAQ page/Loadmore4' is clicked on

2019-06-21 13:59:02 - [TEST_STEP][PASSED] - delay(1, OPTIONAL): Delayed 1 second(s)

2019-06-21 13:59:03 - [MESSAGE][PASSED] - Delayed 1 second(s)

2019-06-21 13:59:03 - [TEST_STEP][PASSED] - click(findTestObject("OCS-DESKTOP/FAQ page/Learn about OCS")): Object: 'Object Repository/OCS-DESKTOP/FAQ page/Learn about OCS' is clicked on

2019-06-21 13:59:06 - [MESSAGE][PASSED] - Object: 'Object Repository/OCS-DESKTOP/FAQ page/Learn about OCS' is clicked on

2019-06-21 13:59:06 - [TEST_STEP][PASSED] - back(): Navigate back successfully

2019-06-21 13:59:07 - [MESSAGE][PASSED] - Navigate back successfully

2019-06-21 13:59:07 - [TEST_STEP][PASSED] - delay(1, OPTIONAL): Delayed 1 second(s)

2019-06-21 13:59:08 - [MESSAGE][PASSED] - Delayed 1 second(s)

2019-06-21 13:59:08 - [TEST_STEP][PASSED] - executeJavaScript("var previewBar = document.getElementById("preview-bar-iframe"); previewBar.style.display = "none";", []): Execute JavaScript 'var previewBar = document.getElementById("preview-bar-iframe"); previewBar.style.display = "none";' successfully

2019-06-21 13:59:08 - [MESSAGE][PASSED] - Execute JavaScript 'var previewBar = document.getElementById("preview-bar-iframe"); previewBar.style.display = "none";' successfully

2019-06-21 13:59:08 - [TEST_STEP][PASSED] - click(findTestObject("OCS-DESKTOP/FAQ page/Choose cannabis products")): Object: 'Object Repository/OCS-DESKTOP/FAQ page/Choose cannabis products' is clicked on

2019-06-21 13:59:11 - [MESSAGE][PASSED] - Object: 'Object Repository/OCS-DESKTOP/FAQ page/Choose cannabis products' is clicked on

2019-06-21 13:59:11 - [TEST_STEP][PASSED] - back(): Navigate back successfully

2019-06-21 13:59:14 - [MESSAGE][PASSED] - Navigate back successfully

2019-06-21 13:59:14 - [TEST_STEP][PASSED] - executeJavaScript("var previewBar = document.getElementById("preview-bar-iframe"); previewBar.style.display = "none";", []): Execute JavaScript 'var previewBar = document.getElementById("preview-bar-iframe"); previewBar.style.display = "none";' successfully

2019-06-21 13:59:14 - [MESSAGE][PASSED] - Execute JavaScript 'var previewBar = document.getElementById("preview-bar-iframe"); previewBar.style.display = "none";' successfully

2019-06-21 13:59:14 - [TEST_STEP][NOT_RUN] - delay(1, OPTIONAL): NOT_RUN: delay(1, OPTIONAL)

2019-06-21 13:59:14 - [MESSAGE][NOT_RUN] - NOT_RUN: delay(1, OPTIONAL)

2019-06-21 13:59:14 - [TEST_STEP][NOT_RUN] - click(findTestObject("OCS-DESKTOP/Age gate and Mega menu/Header/FAQ menu - En")): NOT_RUN: click(findTestObject("OCS-DESKTOP/Age gate and Mega menu/Header/FAQ menu - En"))

2019-06-21 13:59:14 - [MESSAGE][NOT_RUN] - NOT_RUN: click(findTestObject("OCS-DESKTOP/Age gate and Mega menu/Header/FAQ menu - En"))

2019-06-21 13:59:14 - [TEST_STEP][NOT_RUN] - delay(1, OPTIONAL): NOT_RUN: delay(1, OPTIONAL)

2019-06-21 13:59:14 - [MESSAGE][NOT_RUN] - NOT_RUN: delay(1, OPTIONAL)

2019-06-21 13:59:14 - [TEST_STEP][NOT_RUN] - delay(1, OPTIONAL): NOT_RUN: delay(1, OPTIONAL)

2019-06-21 13:59:14 - [MESSAGE][NOT_RUN] - NOT_RUN: delay(1, OPTIONAL)

2019-06-21 13:59:14 - [TEST_STEP][NOT_RUN] - click(findTestObject("OCS-MOBILE /FAQ page/Second chveron link")): NOT_RUN: click(findTestObject("OCS-MOBILE /FAQ page/Second chveron link"))

2019-06-21 13:59:14 - [MESSAGE][NOT_RUN] - NOT_RUN: click(findTestObject("OCS-MOBILE /FAQ page/Second chveron link"))

2019-06-21 13:59:14 - [TEST_STEP][NOT_RUN] - executeJavaScript("var previewBar = document.getElementById("preview-bar-iframe"); previewBar.style.display = "none";", []): NOT_RUN: executeJavaScript("var previewBar = document.getElementById("preview-bar-iframe"); previewBar.style.display = "none";", [])

2019-06-21 13:59:14 - [MESSAGE][NOT_RUN] - NOT_RUN: executeJavaScript("var previewBar = document.getElementById("preview-bar-iframe"); previewBar.style.display = "none";", [])

2019-06-21 13:59:14 - [TEST_STEP][NOT_RUN] - delay(1, OPTIONAL): NOT_RUN: delay(1, OPTIONAL)

2019-06-21 13:59:14 - [MESSAGE][NOT_RUN] - NOT_RUN: delay(1, OPTIONAL)

2019-06-21 13:59:14 - [TEST_STEP][NOT_RUN] - scrollToElement(findTestObject("OCS-MOBILE /FAQ page/scroll view element"), 0): NOT_RUN: scrollToElement(findTestObject("OCS-MOBILE /FAQ page/scroll view element"), 0)

2019-06-21 13:59:14 - [MESSAGE][NOT_RUN] - NOT_RUN: scrollToElement(findTestObject("OCS-MOBILE /FAQ page/scroll view element"), 0)

2019-06-21 13:59:14 - [TEST_STEP][NOT_RUN] - delay(1, OPTIONAL): NOT_RUN: delay(1, OPTIONAL)

2019-06-21 13:59:14 - [MESSAGE][NOT_RUN] - NOT_RUN: delay(1, OPTIONAL)

2019-06-21 13:59:14 - [TEST_STEP][NOT_RUN] - click(findTestObject("OCS-MOBILE /FAQ page/Dropdown button -second chevron -open- FAQ")): NOT_RUN: click(findTestObject("OCS-MOBILE /FAQ page/Dropdown button -second chevron -open- FAQ"))

2019-06-21 13:59:14 - [MESSAGE][NOT_RUN] - NOT_RUN: click(findTestObject("OCS-MOBILE /FAQ page/Dropdown button -second chevron -open- FAQ"))

2019-06-21 13:59:14 - [TEST_STEP][NOT_RUN] - delay(1, OPTIONAL): NOT_RUN: delay(1, OPTIONAL)

2019-06-21 13:59:14 - [MESSAGE][NOT_RUN] - NOT_RUN: delay(1, OPTIONAL)

2019-06-21 13:59:14 - [TEST_STEP][NOT_RUN] - click(findTestObject("OCS-MOBILE /FAQ page/Dropdown button -second chevron -close - FAQ")): NOT_RUN: click(findTestObject("OCS-MOBILE /FAQ page/Dropdown button -second chevron -close - FAQ"))

2019-06-21 13:59:14 - [MESSAGE][NOT_RUN] - NOT_RUN: click(findTestObject("OCS-MOBILE /FAQ page/Dropdown button -second chevron -close - FAQ"))

2019-06-21 13:59:14 - [TEST_STEP][NOT_RUN] - delay(2, OPTIONAL): NOT_RUN: delay(2, OPTIONAL)

2019-06-21 13:59:14 - [MESSAGE][NOT_RUN] - NOT_RUN: delay(2, OPTIONAL)

2019-06-21 13:59:14 - [TEST_STEP][NOT_RUN] - setViewPortSize(1000, 800, OPTIONAL): NOT_RUN: setViewPortSize(1000, 800, OPTIONAL)

2019-06-21 13:59:14 - [MESSAGE][NOT_RUN] - NOT_RUN: setViewPortSize(1000, 800, OPTIONAL)

2019-06-21 13:59:14 - [TEST_STEP][NOT_RUN] - delay(2, OPTIONAL): NOT_RUN: delay(2, OPTIONAL)

2019-06-21 13:59:14 - [MESSAGE][NOT_RUN] - NOT_RUN: delay(2, OPTIONAL)

2019-06-21 13:59:14 - [TEST_STEP][NOT_RUN] - click(findTestObject("Theme_oR/Page_Ontario Cannabis Store  Ontari/button_Hide bar"), OPTIONAL): NOT_RUN: click(findTestObject("Theme_oR/Page_Ontario Cannabis Store  Ontari/button_Hide bar"), OPTIONAL)

2019-06-21 13:59:14 - [MESSAGE][NOT_RUN] - NOT_RUN: click(findTestObject("Theme_oR/Page_Ontario Cannabis Store  Ontari/button_Hide bar"), OPTIONAL)

2019-06-21 13:59:14 - [TEST_STEP][NOT_RUN] - delay(2, OPTIONAL): NOT_RUN: delay(2, OPTIONAL)

2019-06-21 13:59:14 - [MESSAGE][NOT_RUN] - NOT_RUN: delay(2, OPTIONAL)

2019-06-21 13:59:14 - [TEST_STEP][NOT_RUN] - setViewPortSize(360, 800, OPTIONAL): NOT_RUN: setViewPortSize(360, 800, OPTIONAL)

2019-06-21 13:59:14 - [MESSAGE][NOT_RUN] - NOT_RUN: setViewPortSize(360, 800, OPTIONAL)

2019-06-21 13:59:14 - [TEST_STEP][NOT_RUN] - delay(1, OPTIONAL): NOT_RUN: delay(1, OPTIONAL)

2019-06-21 13:59:14 - [MESSAGE][NOT_RUN] - NOT_RUN: delay(1, OPTIONAL)

2019-06-21 13:59:14 - [TEST_STEP][NOT_RUN] - click(findTestObject("OCS-MOBILE /FAQ page/First accordian - add")): NOT_RUN: click(findTestObject("OCS-MOBILE /FAQ page/First accordian - add"))

2019-06-21 13:59:14 - [MESSAGE][NOT_RUN] - NOT_RUN: click(findTestObject("OCS-MOBILE /FAQ page/First accordian - add"))

2019-06-21 13:59:14 - [TEST_STEP][NOT_RUN] - delay(1): NOT_RUN: delay(1)

2019-06-21 13:59:14 - [MESSAGE][NOT_RUN] - NOT_RUN: delay(1)

2019-06-21 13:59:14 - [TEST_STEP][NOT_RUN] - click(findTestObject("OCS-MOBILE /FAQ page/First accordian - Subtract")): NOT_RUN: click(findTestObject("OCS-MOBILE /FAQ page/First accordian - Subtract"))

2019-06-21 13:59:14 - [MESSAGE][NOT_RUN] - NOT_RUN: click(findTestObject("OCS-MOBILE /FAQ page/First accordian - Subtract"))

2019-06-21 13:59:14 - [TEST_STEP][NOT_RUN] - delay(1): NOT_RUN: delay(1)

2019-06-21 13:59:14 - [MESSAGE][NOT_RUN] - NOT_RUN: delay(1)

2019-06-21 13:59:14 - [TEST_STEP][NOT_RUN] - click(findTestObject("OCS-MOBILE /FAQ page/Second accordian- add")): NOT_RUN: click(findTestObject("OCS-MOBILE /FAQ page/Second accordian- add"))

2019-06-21 13:59:14 - [MESSAGE][NOT_RUN] - NOT_RUN: click(findTestObject("OCS-MOBILE /FAQ page/Second accordian- add"))

2019-06-21 13:59:14 - [TEST_STEP][NOT_RUN] - delay(1): NOT_RUN: delay(1)

2019-06-21 13:59:14 - [MESSAGE][NOT_RUN] - NOT_RUN: delay(1)

2019-06-21 13:59:14 - [TEST_STEP][NOT_RUN] - click(findTestObject("OCS-MOBILE /FAQ page/Second accordian - subtract")): NOT_RUN: click(findTestObject("OCS-MOBILE /FAQ page/Second accordian - subtract"))

2019-06-21 13:59:14 - [MESSAGE][NOT_RUN] - NOT_RUN: click(findTestObject("OCS-MOBILE /FAQ page/Second accordian - subtract"))

2019-06-21 13:59:14 - [TEST_STEP][NOT_RUN] - delay(1): NOT_RUN: delay(1)

2019-06-21 13:59:14 - [MESSAGE][NOT_RUN] - NOT_RUN: delay(1)

2019-06-21 13:59:14 - [TEST_STEP][NOT_RUN] - click(findTestObject("OCS-MOBILE /FAQ page/Load more1")): NOT_RUN: click(findTestObject("OCS-MOBILE /FAQ page/Load more1"))

2019-06-21 13:59:14 - [MESSAGE][NOT_RUN] - NOT_RUN: click(findTestObject("OCS-MOBILE /FAQ page/Load more1"))

2019-06-21 13:59:14 - [TEST_STEP][NOT_RUN] - delay(1): NOT_RUN: delay(1)

2019-06-21 13:59:14 - [MESSAGE][NOT_RUN] - NOT_RUN: delay(1)

2019-06-21 13:59:14 - [TEST_STEP][NOT_RUN] - click(findTestObject("OCS-MOBILE /FAQ page/Loadmore2")): NOT_RUN: click(findTestObject("OCS-MOBILE /FAQ page/Loadmore2"))

2019-06-21 13:59:14 - [MESSAGE][NOT_RUN] - NOT_RUN: click(findTestObject("OCS-MOBILE /FAQ page/Loadmore2"))

2019-06-21 13:59:14 - [TEST_STEP][NOT_RUN] - delay(1): NOT_RUN: delay(1)

2019-06-21 13:59:14 - [MESSAGE][NOT_RUN] - NOT_RUN: delay(1)

2019-06-21 13:59:14 - [TEST_STEP][NOT_RUN] - click(findTestObject("OCS-MOBILE /FAQ page/Loadmore3")): NOT_RUN: click(findTestObject("OCS-MOBILE /FAQ page/Loadmore3"))

2019-06-21 13:59:14 - [MESSAGE][NOT_RUN] - NOT_RUN: click(findTestObject("OCS-MOBILE /FAQ page/Loadmore3"))

2019-06-21 13:59:14 - [TEST_STEP][NOT_RUN] - delay(1): NOT_RUN: delay(1)

2019-06-21 13:59:14 - [MESSAGE][NOT_RUN] - NOT_RUN: delay(1)

2019-06-21 13:59:14 - [TEST_STEP][NOT_RUN] - click(findTestObject("OCS-MOBILE /FAQ page/Learn about cannabis")): NOT_RUN: click(findTestObject("OCS-MOBILE /FAQ page/Learn about cannabis"))

2019-06-21 13:59:14 - [MESSAGE][NOT_RUN] - NOT_RUN: click(findTestObject("OCS-MOBILE /FAQ page/Learn about cannabis"))

2019-06-21 13:59:14 - [TEST_STEP][NOT_RUN] - delay(1): NOT_RUN: delay(1)

2019-06-21 13:59:14 - [MESSAGE][NOT_RUN] - NOT_RUN: delay(1)

2019-06-21 13:59:14 - [TEST_STEP][NOT_RUN] - back(): NOT_RUN: back()

2019-06-21 13:59:14 - [MESSAGE][NOT_RUN] - NOT_RUN: back()

2019-06-21 13:59:14 - [TEST_STEP][NOT_RUN] - delay(1): NOT_RUN: delay(1)

2019-06-21 13:59:14 - [MESSAGE][NOT_RUN] - NOT_RUN: delay(1)

2019-06-21 13:59:14 - [TEST_STEP][NOT_RUN] - setViewPortSize(1000, 800, OPTIONAL): NOT_RUN: setViewPortSize(1000, 800, OPTIONAL)

2019-06-21 13:59:14 - [MESSAGE][NOT_RUN] - NOT_RUN: setViewPortSize(1000, 800, OPTIONAL)

2019-06-21 13:59:14 - [TEST_STEP][NOT_RUN] - delay(2, OPTIONAL): NOT_RUN: delay(2, OPTIONAL)

2019-06-21 13:59:14 - [MESSAGE][NOT_RUN] - NOT_RUN: delay(2, OPTIONAL)

2019-06-21 13:59:14 - [TEST_STEP][NOT_RUN] - click(findTestObject("Theme_oR/Page_Ontario Cannabis Store  Ontari/button_Hide bar"), OPTIONAL): NOT_RUN: click(findTestObject("Theme_oR/Page_Ontario Cannabis Store  Ontari/button_Hide bar"), OPTIONAL)

2019-06-21 13:59:14 - [MESSAGE][NOT_RUN] - NOT_RUN: click(findTestObject("Theme_oR/Page_Ontario Cannabis Store  Ontari/button_Hide bar"), OPTIONAL)

2019-06-21 13:59:14 - [TEST_STEP][NOT_RUN] - delay(2, OPTIONAL): NOT_RUN: delay(2, OPTIONAL)

2019-06-21 13:59:14 - [MESSAGE][NOT_RUN] - NOT_RUN: delay(2, OPTIONAL)

2019-06-21 13:59:14 - [TEST_STEP][NOT_RUN] - setViewPortSize(360, 800, OPTIONAL): NOT_RUN: setViewPortSize(360, 800, OPTIONAL)

2019-06-21 13:59:14 - [MESSAGE][NOT_RUN] - NOT_RUN: setViewPortSize(360, 800, OPTIONAL)

2019-06-21 13:59:14 - [TEST_STEP][NOT_RUN] - delay(1, OPTIONAL): NOT_RUN: delay(1, OPTIONAL)

2019-06-21 13:59:14 - [MESSAGE][NOT_RUN] - NOT_RUN: delay(1, OPTIONAL)

2019-06-21 13:59:14 - [TEST_STEP][NOT_RUN] - executeJavaScript("var previewBar = document.getElementById("preview-bar-iframe"); previewBar.style.display = "none";", []): NOT_RUN: executeJavaScript("var previewBar = document.getElementById("preview-bar-iframe"); previewBar.style.display = "none";", [])

2019-06-21 13:59:14 - [MESSAGE][NOT_RUN] - NOT_RUN: executeJavaScript("var previewBar = document.getElementById("preview-bar-iframe"); previewBar.style.display = "none";", [])

2019-06-21 13:59:14 - [TEST_STEP][NOT_RUN] - click(findTestObject("OCS-MOBILE /FAQ page/Loadmore4")): NOT_RUN: click(findTestObject("OCS-MOBILE /FAQ page/Loadmore4"))

2019-06-21 13:59:14 - [MESSAGE][NOT_RUN] - NOT_RUN: click(findTestObject("OCS-MOBILE /FAQ page/Loadmore4"))

2019-06-21 13:59:14 - [TEST_STEP][NOT_RUN] - delay(2, OPTIONAL): NOT_RUN: delay(2, OPTIONAL)

2019-06-21 13:59:14 - [MESSAGE][NOT_RUN] - NOT_RUN: delay(2, OPTIONAL)

2019-06-21 13:59:14 - [TEST_STEP][NOT_RUN] - setViewPortSize(1000, 800, OPTIONAL): NOT_RUN: setViewPortSize(1000, 800, OPTIONAL)

2019-06-21 13:59:14 - [MESSAGE][NOT_RUN] - NOT_RUN: setViewPortSize(1000, 800, OPTIONAL)

2019-06-21 13:59:14 - [TEST_STEP][NOT_RUN] - delay(2, OPTIONAL): NOT_RUN: delay(2, OPTIONAL)

2019-06-21 13:59:14 - [MESSAGE][NOT_RUN] - NOT_RUN: delay(2, OPTIONAL)

2019-06-21 13:59:14 - [TEST_STEP][NOT_RUN] - click(findTestObject("Theme_oR/Page_Ontario Cannabis Store  Ontari/button_Hide bar"), OPTIONAL): NOT_RUN: click(findTestObject("Theme_oR/Page_Ontario Cannabis Store  Ontari/button_Hide bar"), OPTIONAL)

2019-06-21 13:59:14 - [MESSAGE][NOT_RUN] - NOT_RUN: click(findTestObject("Theme_oR/Page_Ontario Cannabis Store  Ontari/button_Hide bar"), OPTIONAL)

2019-06-21 13:59:14 - [TEST_STEP][NOT_RUN] - delay(2, OPTIONAL): NOT_RUN: delay(2, OPTIONAL)

2019-06-21 13:59:14 - [MESSAGE][NOT_RUN] - NOT_RUN: delay(2, OPTIONAL)

2019-06-21 13:59:14 - [TEST_STEP][NOT_RUN] - setViewPortSize(360, 800, OPTIONAL): NOT_RUN: setViewPortSize(360, 800, OPTIONAL)

2019-06-21 13:59:14 - [MESSAGE][NOT_RUN] - NOT_RUN: setViewPortSize(360, 800, OPTIONAL)

2019-06-21 13:59:14 - [TEST_STEP][NOT_RUN] - delay(1, OPTIONAL): NOT_RUN: delay(1, OPTIONAL)

2019-06-21 13:59:14 - [MESSAGE][NOT_RUN] - NOT_RUN: delay(1, OPTIONAL)

2019-06-21 13:59:14 - [TEST_STEP][NOT_RUN] - executeJavaScript("var previewBar = document.getElementById("preview-bar-iframe"); previewBar.style.display = "none";", []): NOT_RUN: executeJavaScript("var previewBar = document.getElementById("preview-bar-iframe"); previewBar.style.display = "none";", [])

2019-06-21 13:59:14 - [MESSAGE][NOT_RUN] - NOT_RUN: executeJavaScript("var previewBar = document.getElementById("preview-bar-iframe"); previewBar.style.display = "none";", [])

2019-06-21 13:59:14 - [TEST_STEP][NOT_RUN] - click(findTestObject("OCS-MOBILE /FAQ page/Learn about OCS")): NOT_RUN: click(findTestObject("OCS-MOBILE /FAQ page/Learn about OCS"))

2019-06-21 13:59:14 - [MESSAGE][NOT_RUN] - NOT_RUN: click(findTestObject("OCS-MOBILE /FAQ page/Learn about OCS"))

2019-06-21 13:59:14 - [TEST_STEP][NOT_RUN] - back(): NOT_RUN: back()

2019-06-21 13:59:14 - [MESSAGE][NOT_RUN] - NOT_RUN: back()

2019-06-21 13:59:14 - [TEST_STEP][NOT_RUN] - delay(2, OPTIONAL): NOT_RUN: delay(2, OPTIONAL)

2019-06-21 13:59:14 - [MESSAGE][NOT_RUN] - NOT_RUN: delay(2, OPTIONAL)

2019-06-21 13:59:14 - [TEST_STEP][NOT_RUN] - setViewPortSize(1000, 800, OPTIONAL): NOT_RUN: setViewPortSize(1000, 800, OPTIONAL)

2019-06-21 13:59:14 - [MESSAGE][NOT_RUN] - NOT_RUN: setViewPortSize(1000, 800, OPTIONAL)

2019-06-21 13:59:14 - [TEST_STEP][NOT_RUN] - delay(2, OPTIONAL): NOT_RUN: delay(2, OPTIONAL)

2019-06-21 13:59:14 - [MESSAGE][NOT_RUN] - NOT_RUN: delay(2, OPTIONAL)

2019-06-21 13:59:14 - [TEST_STEP][NOT_RUN] - click(findTestObject("Theme_oR/Page_Ontario Cannabis Store  Ontari/button_Hide bar"), OPTIONAL): NOT_RUN: click(findTestObject("Theme_oR/Page_Ontario Cannabis Store  Ontari/button_Hide bar"), OPTIONAL)

2019-06-21 13:59:14 - [MESSAGE][NOT_RUN] - NOT_RUN: click(findTestObject("Theme_oR/Page_Ontario Cannabis Store  Ontari/button_Hide bar"), OPTIONAL)

2019-06-21 13:59:14 - [TEST_STEP][NOT_RUN] - delay(2, OPTIONAL): NOT_RUN: delay(2, OPTIONAL)

2019-06-21 13:59:14 - [MESSAGE][NOT_RUN] - NOT_RUN: delay(2, OPTIONAL)

2019-06-21 13:59:14 - [TEST_STEP][NOT_RUN] - setViewPortSize(360, 800, OPTIONAL): NOT_RUN: setViewPortSize(360, 800, OPTIONAL)

2019-06-21 13:59:14 - [MESSAGE][NOT_RUN] - NOT_RUN: setViewPortSize(360, 800, OPTIONAL)

2019-06-21 13:59:14 - [TEST_STEP][NOT_RUN] - delay(1, OPTIONAL): NOT_RUN: delay(1, OPTIONAL)

2019-06-21 13:59:14 - [MESSAGE][NOT_RUN] - NOT_RUN: delay(1, OPTIONAL)

2019-06-21 13:59:14 - [TEST_STEP][NOT_RUN] - executeJavaScript("var previewBar = document.getElementById("preview-bar-iframe"); previewBar.style.display = "none";", []): NOT_RUN: executeJavaScript("var previewBar = document.getElementById("preview-bar-iframe"); previewBar.style.display = "none";", [])

2019-06-21 13:59:14 - [MESSAGE][NOT_RUN] - NOT_RUN: executeJavaScript("var previewBar = document.getElementById("preview-bar-iframe"); previewBar.style.display = "none";", [])

2019-06-21 13:59:14 - [TEST_STEP][NOT_RUN] - click(findTestObject("OCS-MOBILE /FAQ page/Choose cannabis products")): NOT_RUN: click(findTestObject("OCS-MOBILE /FAQ page/Choose cannabis products"))

2019-06-21 13:59:14 - [MESSAGE][NOT_RUN] - NOT_RUN: click(findTestObject("OCS-MOBILE /FAQ page/Choose cannabis products"))

2019-06-21 13:59:14 - [TEST_STEP][NOT_RUN] - back(): NOT_RUN: back()

2019-06-21 13:59:14 - [MESSAGE][NOT_RUN] - NOT_RUN: back()

2019-06-21 13:59:14 - [TEST_STEP][NOT_RUN] - click(findTestObject("OCS-MOBILE /Age gate and burger menu/Burger menu - English")): NOT_RUN: click(findTestObject("OCS-MOBILE /Age gate and burger menu/Burger menu - English"))

2019-06-21 13:59:14 - [MESSAGE][NOT_RUN] - NOT_RUN: click(findTestObject("OCS-MOBILE /Age gate and burger menu/Burger menu - English"))

2019-06-21 13:59:14 - [TEST_STEP][NOT_RUN] - delay(2, OPTIONAL): NOT_RUN: delay(2, OPTIONAL)

2019-06-21 13:59:14 - [MESSAGE][NOT_RUN] - NOT_RUN: delay(2, OPTIONAL)

2019-06-21 13:59:14 - [TEST_STEP][NOT_RUN] - click(findTestObject("OCS-MOBILE /FAQ page/FAQ")): NOT_RUN: click(findTestObject("OCS-MOBILE /FAQ page/FAQ"))

2019-06-21 13:59:14 - [MESSAGE][NOT_RUN] - NOT_RUN: click(findTestObject("OCS-MOBILE /FAQ page/FAQ"))

2019-06-21 13:59:14 - [TEST_STEP][NOT_RUN] - delay(2, OPTIONAL): NOT_RUN: delay(2, OPTIONAL)

2019-06-21 13:59:14 - [MESSAGE][NOT_RUN] - NOT_RUN: delay(2, OPTIONAL)

2019-06-21 13:59:14 - [TEST_STEP][NOT_RUN] - click(findTestObject("OCS-MOBILE /FAQ page/third chevron link")): NOT_RUN: click(findTestObject("OCS-MOBILE /FAQ page/third chevron link"))

2019-06-21 13:59:14 - [MESSAGE][NOT_RUN] - NOT_RUN: click(findTestObject("OCS-MOBILE /FAQ page/third chevron link"))

2019-06-21 13:59:14 - [TEST_STEP][NOT_RUN] - executeJavaScript("var previewBar = document.getElementById("preview-bar-iframe"); previewBar.style.display = "none";", []): NOT_RUN: executeJavaScript("var previewBar = document.getElementById("preview-bar-iframe"); previewBar.style.display = "none";", [])

2019-06-21 13:59:14 - [MESSAGE][NOT_RUN] - NOT_RUN: executeJavaScript("var previewBar = document.getElementById("preview-bar-iframe"); previewBar.style.display = "none";", [])

2019-06-21 13:59:14 - [TEST_STEP][NOT_RUN] - delay(1, OPTIONAL): NOT_RUN: delay(1, OPTIONAL)

2019-06-21 13:59:14 - [MESSAGE][NOT_RUN] - NOT_RUN: delay(1, OPTIONAL)

2019-06-21 13:59:14 - [TEST_STEP][NOT_RUN] - scrollToElement(findTestObject("OCS-MOBILE /FAQ page/scroll view element"), 0): NOT_RUN: scrollToElement(findTestObject("OCS-MOBILE /FAQ page/scroll view element"), 0)

2019-06-21 13:59:14 - [MESSAGE][NOT_RUN] - NOT_RUN: scrollToElement(findTestObject("OCS-MOBILE /FAQ page/scroll view element"), 0)

2019-06-21 13:59:14 - [TEST_STEP][NOT_RUN] - delay(1, OPTIONAL): NOT_RUN: delay(1, OPTIONAL)

2019-06-21 13:59:14 - [MESSAGE][NOT_RUN] - NOT_RUN: delay(1, OPTIONAL)

2019-06-21 13:59:14 - [TEST_STEP][NOT_RUN] - click(findTestObject("OCS-MOBILE /FAQ page/Dropdown button -First chevron -open- FAQ")): NOT_RUN: click(findTestObject("OCS-MOBILE /FAQ page/Dropdown button -First chevron -open- FAQ"))

2019-06-21 13:59:14 - [MESSAGE][NOT_RUN] - NOT_RUN: click(findTestObject("OCS-MOBILE /FAQ page/Dropdown button -First chevron -open- FAQ"))

2019-06-21 13:59:14 - [TEST_STEP][NOT_RUN] - delay(1, OPTIONAL): NOT_RUN: delay(1, OPTIONAL)

2019-06-21 13:59:14 - [MESSAGE][NOT_RUN] - NOT_RUN: delay(1, OPTIONAL)

2019-06-21 13:59:14 - [TEST_STEP][NOT_RUN] - click(findTestObject("OCS-MOBILE /FAQ page/Dropdown button -First chevron - close -FAQ")): NOT_RUN: click(findTestObject("OCS-MOBILE /FAQ page/Dropdown button -First chevron - close -FAQ"))

2019-06-21 13:59:14 - [MESSAGE][NOT_RUN] - NOT_RUN: click(findTestObject("OCS-MOBILE /FAQ page/Dropdown button -First chevron - close -FAQ"))

2019-06-21 13:59:14 - [TEST_STEP][NOT_RUN] - delay(1, OPTIONAL): NOT_RUN: delay(1, OPTIONAL)

2019-06-21 13:59:14 - [MESSAGE][NOT_RUN] - NOT_RUN: delay(1, OPTIONAL)

2019-06-21 13:59:14 - [TEST_STEP][NOT_RUN] - setViewPortSize(1000, 800, OPTIONAL): NOT_RUN: setViewPortSize(1000, 800, OPTIONAL)

2019-06-21 13:59:14 - [MESSAGE][NOT_RUN] - NOT_RUN: setViewPortSize(1000, 800, OPTIONAL)

2019-06-21 13:59:14 - [TEST_STEP][NOT_RUN] - delay(2, OPTIONAL): NOT_RUN: delay(2, OPTIONAL)

2019-06-21 13:59:14 - [MESSAGE][NOT_RUN] - NOT_RUN: delay(2, OPTIONAL)

2019-06-21 13:59:14 - [TEST_STEP][NOT_RUN] - click(findTestObject("Theme_oR/Page_Ontario Cannabis Store  Ontari/button_Hide bar"), OPTIONAL): NOT_RUN: click(findTestObject("Theme_oR/Page_Ontario Cannabis Store  Ontari/button_Hide bar"), OPTIONAL)

2019-06-21 13:59:14 - [MESSAGE][NOT_RUN] - NOT_RUN: click(findTestObject("Theme_oR/Page_Ontario Cannabis Store  Ontari/button_Hide bar"), OPTIONAL)

2019-06-21 13:59:14 - [TEST_STEP][NOT_RUN] - delay(2, OPTIONAL): NOT_RUN: delay(2, OPTIONAL)

2019-06-21 13:59:14 - [MESSAGE][NOT_RUN] - NOT_RUN: delay(2, OPTIONAL)

2019-06-21 13:59:14 - [TEST_STEP][NOT_RUN] - setViewPortSize(360, 800, OPTIONAL): NOT_RUN: setViewPortSize(360, 800, OPTIONAL)

2019-06-21 13:59:14 - [MESSAGE][NOT_RUN] - NOT_RUN: setViewPortSize(360, 800, OPTIONAL)

2019-06-21 13:59:14 - [TEST_STEP][NOT_RUN] - delay(1, OPTIONAL): NOT_RUN: delay(1, OPTIONAL)

2019-06-21 13:59:14 - [MESSAGE][NOT_RUN] - NOT_RUN: delay(1, OPTIONAL)

2019-06-21 13:59:14 - [TEST_STEP][NOT_RUN] - click(findTestObject("OCS-MOBILE /FAQ page/First accordian - add")): NOT_RUN: click(findTestObject("OCS-MOBILE /FAQ page/First accordian - add"))

2019-06-21 13:59:14 - [MESSAGE][NOT_RUN] - NOT_RUN: click(findTestObject("OCS-MOBILE /FAQ page/First accordian - add"))

2019-06-21 13:59:14 - [TEST_STEP][NOT_RUN] - delay(1): NOT_RUN: delay(1)

2019-06-21 13:59:14 - [MESSAGE][NOT_RUN] - NOT_RUN: delay(1)

2019-06-21 13:59:14 - [TEST_STEP][NOT_RUN] - click(findTestObject("OCS-MOBILE /FAQ page/First accordian - Subtract")): NOT_RUN: click(findTestObject("OCS-MOBILE /FAQ page/First accordian - Subtract"))

2019-06-21 13:59:14 - [MESSAGE][NOT_RUN] - NOT_RUN: click(findTestObject("OCS-MOBILE /FAQ page/First accordian - Subtract"))

2019-06-21 13:59:14 - [TEST_STEP][NOT_RUN] - delay(1): NOT_RUN: delay(1)

2019-06-21 13:59:14 - [MESSAGE][NOT_RUN] - NOT_RUN: delay(1)

2019-06-21 13:59:14 - [TEST_STEP][NOT_RUN] - click(findTestObject("OCS-MOBILE /FAQ page/Second accordian- add")): NOT_RUN: click(findTestObject("OCS-MOBILE /FAQ page/Second accordian- add"))

2019-06-21 13:59:14 - [MESSAGE][NOT_RUN] - NOT_RUN: click(findTestObject("OCS-MOBILE /FAQ page/Second accordian- add"))

2019-06-21 13:59:14 - [TEST_STEP][NOT_RUN] - delay(1): NOT_RUN: delay(1)

2019-06-21 13:59:14 - [MESSAGE][NOT_RUN] - NOT_RUN: delay(1)

2019-06-21 13:59:14 - [TEST_STEP][NOT_RUN] - click(findTestObject("OCS-MOBILE /FAQ page/Second accordian - subtract")): NOT_RUN: click(findTestObject("OCS-MOBILE /FAQ page/Second accordian - subtract"))

2019-06-21 13:59:14 - [MESSAGE][NOT_RUN] - NOT_RUN: click(findTestObject("OCS-MOBILE /FAQ page/Second accordian - subtract"))

2019-06-21 13:59:14 - [TEST_STEP][NOT_RUN] - delay(1): NOT_RUN: delay(1)

2019-06-21 13:59:14 - [MESSAGE][NOT_RUN] - NOT_RUN: delay(1)

2019-06-21 13:59:14 - [TEST_STEP][NOT_RUN] - click(findTestObject("OCS-MOBILE /FAQ page/Load more1")): NOT_RUN: click(findTestObject("OCS-MOBILE /FAQ page/Load more1"))

2019-06-21 13:59:14 - [MESSAGE][NOT_RUN] - NOT_RUN: click(findTestObject("OCS-MOBILE /FAQ page/Load more1"))

2019-06-21 13:59:14 - [TEST_STEP][NOT_RUN] - delay(1): NOT_RUN: delay(1)

2019-06-21 13:59:14 - [MESSAGE][NOT_RUN] - NOT_RUN: delay(1)

2019-06-21 13:59:14 - [TEST_STEP][NOT_RUN] - click(findTestObject("OCS-MOBILE /FAQ page/Loadmore2")): NOT_RUN: click(findTestObject("OCS-MOBILE /FAQ page/Loadmore2"))

2019-06-21 13:59:14 - [MESSAGE][NOT_RUN] - NOT_RUN: click(findTestObject("OCS-MOBILE /FAQ page/Loadmore2"))

2019-06-21 13:59:14 - [TEST_STEP][NOT_RUN] - delay(1): NOT_RUN: delay(1)

2019-06-21 13:59:14 - [MESSAGE][NOT_RUN] - NOT_RUN: delay(1)

2019-06-21 13:59:14 - [TEST_STEP][NOT_RUN] - click(findTestObject("OCS-MOBILE /FAQ page/Loadmore3")): NOT_RUN: click(findTestObject("OCS-MOBILE /FAQ page/Loadmore3"))

2019-06-21 13:59:14 - [MESSAGE][NOT_RUN] - NOT_RUN: click(findTestObject("OCS-MOBILE /FAQ page/Loadmore3"))

2019-06-21 13:59:14 - [TEST_STEP][NOT_RUN] - delay(1): NOT_RUN: delay(1)

2019-06-21 13:59:14 - [MESSAGE][NOT_RUN] - NOT_RUN: delay(1)

2019-06-21 13:59:14 - [TEST_STEP][NOT_RUN] - click(findTestObject("OCS-MOBILE /FAQ page/Learn about cannabis")): NOT_RUN: click(findTestObject("OCS-MOBILE /FAQ page/Learn about cannabis"))

2019-06-21 13:59:14 - [MESSAGE][NOT_RUN] - NOT_RUN: click(findTestObject("OCS-MOBILE /FAQ page/Learn about cannabis"))

2019-06-21 13:59:14 - [TEST_STEP][NOT_RUN] - delay(1): NOT_RUN: delay(1)

2019-06-21 13:59:14 - [MESSAGE][NOT_RUN] - NOT_RUN: delay(1)

2019-06-21 13:59:14 - [TEST_STEP][NOT_RUN] - back(): NOT_RUN: back()

2019-06-21 13:59:14 - [MESSAGE][NOT_RUN] - NOT_RUN: back()

2019-06-21 13:59:14 - [TEST_STEP][NOT_RUN] - delay(1): NOT_RUN: delay(1)

2019-06-21 13:59:14 - [MESSAGE][NOT_RUN] - NOT_RUN: delay(1)

2019-06-21 13:59:14 - [TEST_STEP][NOT_RUN] - setViewPortSize(1000, 800, OPTIONAL): NOT_RUN: setViewPortSize(1000, 800, OPTIONAL)

2019-06-21 13:59:14 - [MESSAGE][NOT_RUN] - NOT_RUN: setViewPortSize(1000, 800, OPTIONAL)

2019-06-21 13:59:14 - [TEST_STEP][NOT_RUN] - delay(2, OPTIONAL): NOT_RUN: delay(2, OPTIONAL)

2019-06-21 13:59:14 - [MESSAGE][NOT_RUN] - NOT_RUN: delay(2, OPTIONAL)

2019-06-21 13:59:14 - [TEST_STEP][NOT_RUN] - click(findTestObject("Theme_oR/Page_Ontario Cannabis Store  Ontari/button_Hide bar"), OPTIONAL): NOT_RUN: click(findTestObject("Theme_oR/Page_Ontario Cannabis Store  Ontari/button_Hide bar"), OPTIONAL)

2019-06-21 13:59:14 - [MESSAGE][NOT_RUN] - NOT_RUN: click(findTestObject("Theme_oR/Page_Ontario Cannabis Store  Ontari/button_Hide bar"), OPTIONAL)

2019-06-21 13:59:14 - [TEST_STEP][NOT_RUN] - delay(2, OPTIONAL): NOT_RUN: delay(2, OPTIONAL)

2019-06-21 13:59:14 - [MESSAGE][NOT_RUN] - NOT_RUN: delay(2, OPTIONAL)

2019-06-21 13:59:14 - [TEST_STEP][NOT_RUN] - setViewPortSize(360, 800, OPTIONAL): NOT_RUN: setViewPortSize(360, 800, OPTIONAL)

2019-06-21 13:59:14 - [MESSAGE][NOT_RUN] - NOT_RUN: setViewPortSize(360, 800, OPTIONAL)

2019-06-21 13:59:14 - [TEST_STEP][NOT_RUN] - delay(1, OPTIONAL): NOT_RUN: delay(1, OPTIONAL)

2019-06-21 13:59:14 - [MESSAGE][NOT_RUN] - NOT_RUN: delay(1, OPTIONAL)

2019-06-21 13:59:14 - [TEST_STEP][NOT_RUN] - executeJavaScript("var previewBar = document.getElementById("preview-bar-iframe"); previewBar.style.display = "none";", []): NOT_RUN: executeJavaScript("var previewBar = document.getElementById("preview-bar-iframe"); previewBar.style.display = "none";", [])

2019-06-21 13:59:14 - [MESSAGE][NOT_RUN] - NOT_RUN: executeJavaScript("var previewBar = document.getElementById("preview-bar-iframe"); previewBar.style.display = "none";", [])

2019-06-21 13:59:14 - [TEST_STEP][NOT_RUN] - click(findTestObject("OCS-MOBILE /FAQ page/Loadmore4")): NOT_RUN: click(findTestObject("OCS-MOBILE /FAQ page/Loadmore4"))

2019-06-21 13:59:14 - [MESSAGE][NOT_RUN] - NOT_RUN: click(findTestObject("OCS-MOBILE /FAQ page/Loadmore4"))

2019-06-21 13:59:14 - [TEST_STEP][NOT_RUN] - delay(2, OPTIONAL): NOT_RUN: delay(2, OPTIONAL)

2019-06-21 13:59:14 - [MESSAGE][NOT_RUN] - NOT_RUN: delay(2, OPTIONAL)

2019-06-21 13:59:14 - [TEST_STEP][NOT_RUN] - setViewPortSize(1000, 800, OPTIONAL): NOT_RUN: setViewPortSize(1000, 800, OPTIONAL)

2019-06-21 13:59:14 - [MESSAGE][NOT_RUN] - NOT_RUN: setViewPortSize(1000, 800, OPTIONAL)

2019-06-21 13:59:14 - [TEST_STEP][NOT_RUN] - delay(2, OPTIONAL): NOT_RUN: delay(2, OPTIONAL)

2019-06-21 13:59:14 - [MESSAGE][NOT_RUN] - NOT_RUN: delay(2, OPTIONAL)

2019-06-21 13:59:14 - [TEST_STEP][NOT_RUN] - click(findTestObject("Theme_oR/Page_Ontario Cannabis Store  Ontari/button_Hide bar"), OPTIONAL): NOT_RUN: click(findTestObject("Theme_oR/Page_Ontario Cannabis Store  Ontari/button_Hide bar"), OPTIONAL)

2019-06-21 13:59:14 - [MESSAGE][NOT_RUN] - NOT_RUN: click(findTestObject("Theme_oR/Page_Ontario Cannabis Store  Ontari/button_Hide bar"), OPTIONAL)

2019-06-21 13:59:14 - [TEST_STEP][NOT_RUN] - delay(2, OPTIONAL): NOT_RUN: delay(2, OPTIONAL)

2019-06-21 13:59:14 - [MESSAGE][NOT_RUN] - NOT_RUN: delay(2, OPTIONAL)

2019-06-21 13:59:14 - [TEST_STEP][NOT_RUN] - setViewPortSize(360, 800, OPTIONAL): NOT_RUN: setViewPortSize(360, 800, OPTIONAL)

2019-06-21 13:59:14 - [MESSAGE][NOT_RUN] - NOT_RUN: setViewPortSize(360, 800, OPTIONAL)

2019-06-21 13:59:14 - [TEST_STEP][NOT_RUN] - delay(1, OPTIONAL): NOT_RUN: delay(1, OPTIONAL)

2019-06-21 13:59:14 - [MESSAGE][NOT_RUN] - NOT_RUN: delay(1, OPTIONAL)

2019-06-21 13:59:14 - [TEST_STEP][NOT_RUN] - click(findTestObject("OCS-MOBILE /FAQ page/Learn about OCS")): NOT_RUN: click(findTestObject("OCS-MOBILE /FAQ page/Learn about OCS"))

2019-06-21 13:59:14 - [MESSAGE][NOT_RUN] - NOT_RUN: click(findTestObject("OCS-MOBILE /FAQ page/Learn about OCS"))

2019-06-21 13:59:14 - [TEST_STEP][NOT_RUN] - back(): NOT_RUN: back()

2019-06-21 13:59:14 - [MESSAGE][NOT_RUN] - NOT_RUN: back()

2019-06-21 13:59:14 - [TEST_STEP][NOT_RUN] - delay(2, OPTIONAL): NOT_RUN: delay(2, OPTIONAL)

2019-06-21 13:59:14 - [MESSAGE][NOT_RUN] - NOT_RUN: delay(2, OPTIONAL)

2019-06-21 13:59:14 - [TEST_STEP][NOT_RUN] - setViewPortSize(1000, 800, OPTIONAL): NOT_RUN: setViewPortSize(1000, 800, OPTIONAL)

2019-06-21 13:59:14 - [MESSAGE][NOT_RUN] - NOT_RUN: setViewPortSize(1000, 800, OPTIONAL)

2019-06-21 13:59:14 - [TEST_STEP][NOT_RUN] - delay(2, OPTIONAL): NOT_RUN: delay(2, OPTIONAL)

2019-06-21 13:59:14 - [MESSAGE][NOT_RUN] - NOT_RUN: delay(2, OPTIONAL)

2019-06-21 13:59:14 - [TEST_STEP][NOT_RUN] - click(findTestObject("Theme_oR/Page_Ontario Cannabis Store  Ontari/button_Hide bar"), OPTIONAL): NOT_RUN: click(findTestObject("Theme_oR/Page_Ontario Cannabis Store  Ontari/button_Hide bar"), OPTIONAL)

2019-06-21 13:59:14 - [MESSAGE][NOT_RUN] - NOT_RUN: click(findTestObject("Theme_oR/Page_Ontario Cannabis Store  Ontari/button_Hide bar"), OPTIONAL)

2019-06-21 13:59:14 - [TEST_STEP][NOT_RUN] - delay(2, OPTIONAL): NOT_RUN: delay(2, OPTIONAL)

2019-06-21 13:59:14 - [MESSAGE][NOT_RUN] - NOT_RUN: delay(2, OPTIONAL)

2019-06-21 13:59:14 - [TEST_STEP][NOT_RUN] - setViewPortSize(360, 800, OPTIONAL): NOT_RUN: setViewPortSize(360, 800, OPTIONAL)

2019-06-21 13:59:14 - [MESSAGE][NOT_RUN] - NOT_RUN: setViewPortSize(360, 800, OPTIONAL)

2019-06-21 13:59:14 - [TEST_STEP][NOT_RUN] - delay(1, OPTIONAL): NOT_RUN: delay(1, OPTIONAL)

2019-06-21 13:59:14 - [MESSAGE][NOT_RUN] - NOT_RUN: delay(1, OPTIONAL)

2019-06-21 13:59:14 - [TEST_STEP][NOT_RUN] - executeJavaScript("var previewBar = document.getElementById("preview-bar-iframe"); previewBar.style.display = "none";", []): NOT_RUN: executeJavaScript("var previewBar = document.getElementById("preview-bar-iframe"); previewBar.style.display = "none";", [])

2019-06-21 13:59:14 - [MESSAGE][NOT_RUN] - NOT_RUN: executeJavaScript("var previewBar = document.getElementById("preview-bar-iframe"); previewBar.style.display = "none";", [])

2019-06-21 13:59:14 - [TEST_STEP][NOT_RUN] - click(findTestObject("OCS-MOBILE /FAQ page/Choose cannabis products")): NOT_RUN: click(findTestObject("OCS-MOBILE /FAQ page/Choose cannabis products"))

2019-06-21 13:59:14 - [MESSAGE][NOT_RUN] - NOT_RUN: click(findTestObject("OCS-MOBILE /FAQ page/Choose cannabis products"))

2019-06-21 13:59:14 - [TEST_STEP][NOT_RUN] - back(): NOT_RUN: back()

2019-06-21 13:59:14 - [MESSAGE][NOT_RUN] - NOT_RUN: back()

2019-06-21 13:59:14 - [TEST_STEP][NOT_RUN] - click(findTestObject("OCS-MOBILE /Age gate and burger menu/Burger menu - English")): NOT_RUN: click(findTestObject("OCS-MOBILE /Age gate and burger menu/Burger menu - English"))

2019-06-21 13:59:14 - [MESSAGE][NOT_RUN] - NOT_RUN: click(findTestObject("OCS-MOBILE /Age gate and burger menu/Burger menu - English"))

2019-06-21 13:59:14 - [TEST_STEP][NOT_RUN] - delay(1, OPTIONAL): NOT_RUN: delay(1, OPTIONAL)

2019-06-21 13:59:14 - [MESSAGE][NOT_RUN] - NOT_RUN: delay(1, OPTIONAL)

2019-06-21 13:59:14 - [TEST_STEP][NOT_RUN] - click(findTestObject("OCS-MOBILE /FAQ page/FAQ")): NOT_RUN: click(findTestObject("OCS-MOBILE /FAQ page/FAQ"))

2019-06-21 13:59:14 - [MESSAGE][NOT_RUN] - NOT_RUN: click(findTestObject("OCS-MOBILE /FAQ page/FAQ"))]]></system-out>
         <system-err><![CDATA[]]></system-err>
      </testcase>
      <testcase name="Test Cases/OCS - DESKTOP/OCS- HOME PAGE/HP- Burger menu- Learn" classname="Test Cases/OCS - DESKTOP/OCS- HOME PAGE/HP- Burger menu- Learn" status="PASSED">
         <system-out><![CDATA[2019-06-21 13:59:14 - [TEST_CASE][PASSED] - Test Cases/OCS - DESKTOP/OCS- HOME PAGE/HP- Burger menu- Learn: Test Cases/OCS - DESKTOP/OCS- HOME PAGE/HP- Burger menu- Learn

2019-06-21 13:59:14 - [TEST_STEP][PASSED] - callTestCase(findTestCase("OCS - DESKTOP/CALL- Age gate"), [:], STOP_ON_FAILURE): Call Test Case 'Test Cases/OCS - DESKTOP/CALL- Age gate' successfully

2019-06-21 13:59:14 - [TEST_CASE][PASSED] - Test Cases/OCS - DESKTOP/CALL- Age gate: Test Cases/OCS - DESKTOP/CALL- Age gate

2019-06-21 13:59:14 - [TEST_STEP][PASSED] - openBrowser(""): Browser is opened with url: ''

2019-06-21 13:59:14 - [MESSAGE][WARNING] - A browser is already opened. Closing browser and opening a new one

2019-06-21 13:59:15 - [MESSAGE][INFO] - Starting 'Firefox' driver

2019-06-21 13:59:17 - [MESSAGE][PASSED] - Browser is opened with url: ''

2019-06-21 13:59:17 - [TEST_STEP][PASSED] - navigateToUrl("https://ocs.ca/?fts=0&preview_theme_id=74057975628"): Navigate to 'https://ocs.ca/?fts=0&preview_theme_id=74057975628' successfully

2019-06-21 13:59:25 - [MESSAGE][PASSED] - Navigate to 'https://ocs.ca/?fts=0&preview_theme_id=74057975628' successfully

2019-06-21 13:59:25 - [TEST_STEP][PASSED] - maximizeWindow(): Current window maximized

2019-06-21 13:59:26 - [MESSAGE][PASSED] - Current window maximized

2019-06-21 13:59:26 - [TEST_STEP][PASSED] - delay(2): Delayed 2 second(s)

2019-06-21 13:59:28 - [MESSAGE][PASSED] - Delayed 2 second(s)

2019-06-21 13:59:28 - [TEST_STEP][PASSED] - executeJavaScript("var previewBar = document.getElementById("preview-bar-iframe"); previewBar.style.display = "none";", []): Execute JavaScript 'var previewBar = document.getElementById("preview-bar-iframe"); previewBar.style.display = "none";' successfully

2019-06-21 13:59:28 - [MESSAGE][PASSED] - Execute JavaScript 'var previewBar = document.getElementById("preview-bar-iframe"); previewBar.style.display = "none";' successfully

2019-06-21 13:59:28 - [TEST_STEP][PASSED] - selectOptionByValue(findTestObject("OCS-DESKTOP/Age gate and Mega menu/Date"), "12", true): All options with value '12' are selected in object 'Object Repository/OCS-DESKTOP/Age gate and Mega menu/Date'  using regular expression

2019-06-21 13:59:28 - [MESSAGE][PASSED] - All options with value '12' are selected in object 'Object Repository/OCS-DESKTOP/Age gate and Mega menu/Date'  using regular expression

2019-06-21 13:59:28 - [TEST_STEP][PASSED] - selectOptionByValue(findTestObject("OCS-DESKTOP/Age gate and Mega menu/month"), "6", true): All options with value '6' are selected in object 'Object Repository/OCS-DESKTOP/Age gate and Mega menu/month'  using regular expression

2019-06-21 13:59:29 - [MESSAGE][PASSED] - All options with value '6' are selected in object 'Object Repository/OCS-DESKTOP/Age gate and Mega menu/month'  using regular expression

2019-06-21 13:59:29 - [TEST_STEP][PASSED] - delay(2): Delayed 2 second(s)

2019-06-21 13:59:31 - [MESSAGE][PASSED] - Delayed 2 second(s)

2019-06-21 13:59:31 - [TEST_STEP][PASSED] - selectOptionByValue(findTestObject("OCS-DESKTOP/Age gate and Mega menu/Year Dropdown"), "1990", true): All options with value '1990' are selected in object 'Object Repository/OCS-DESKTOP/Age gate and Mega menu/Year Dropdown'  using regular expression

2019-06-21 13:59:32 - [MESSAGE][PASSED] - All options with value '1990' are selected in object 'Object Repository/OCS-DESKTOP/Age gate and Mega menu/Year Dropdown'  using regular expression

2019-06-21 13:59:32 - [TEST_STEP][PASSED] - click(findTestObject("OCS-DESKTOP/Age gate and Mega menu/button_Verify")): Object: 'Object Repository/OCS-DESKTOP/Age gate and Mega menu/button_Verify' is clicked on

2019-06-21 13:59:32 - [MESSAGE][PASSED] - Object: 'Object Repository/OCS-DESKTOP/Age gate and Mega menu/button_Verify' is clicked on

2019-06-21 13:59:32 - [TEST_STEP][PASSED] - click(findTestObject("OCS-DESKTOP/Age gate and Mega menu/Checkbox_CONFIRM AND ACKNOWLEDGE")): Object: 'Object Repository/OCS-DESKTOP/Age gate and Mega menu/Checkbox_CONFIRM AND ACKNOWLEDGE' is clicked on

2019-06-21 13:59:33 - [MESSAGE][PASSED] - Object: 'Object Repository/OCS-DESKTOP/Age gate and Mega menu/Checkbox_CONFIRM AND ACKNOWLEDGE' is clicked on

2019-06-21 13:59:33 - [TEST_STEP][PASSED] - click(findTestObject("OCS-DESKTOP/Age gate and Mega menu/button_CONFIRM")): Object: 'Object Repository/OCS-DESKTOP/Age gate and Mega menu/button_CONFIRM' is clicked on

2019-06-21 13:59:33 - [MESSAGE][PASSED] - Object: 'Object Repository/OCS-DESKTOP/Age gate and Mega menu/button_CONFIRM' is clicked on

2019-06-21 13:59:33 - [TEST_STEP][PASSED] - click(findTestObject("OCS-DESKTOP/Age gate and Mega menu/button_Start Browsing")): Object: 'Object Repository/OCS-DESKTOP/Age gate and Mega menu/button_Start Browsing' is clicked on

2019-06-21 13:59:33 - [MESSAGE][PASSED] - Object: 'Object Repository/OCS-DESKTOP/Age gate and Mega menu/button_Start Browsing' is clicked on

2019-06-21 13:59:33 - [TEST_STEP][PASSED] - delay(2): Delayed 2 second(s)

2019-06-21 13:59:35 - [MESSAGE][PASSED] - Delayed 2 second(s)

2019-06-21 13:59:35 - [TEST_STEP][PASSED] - refresh(): Refresh successfully

2019-06-21 13:59:40 - [MESSAGE][PASSED] - Refresh successfully

2019-06-21 13:59:40 - [MESSAGE][PASSED] - Call Test Case 'Test Cases/OCS - DESKTOP/CALL- Age gate' successfully

2019-06-21 13:59:40 - [TEST_STEP][PASSED] - delay(2, CONTINUE_ON_FAILURE): Delayed 2 second(s)

2019-06-21 13:59:42 - [MESSAGE][PASSED] - Delayed 2 second(s)

2019-06-21 13:59:42 - [TEST_STEP][PASSED] - click(findTestObject("OCS-DESKTOP/Age gate and Mega menu/Header/LEARN menu - En")): Object: 'Object Repository/OCS-DESKTOP/Age gate and Mega menu/Header/LEARN menu - En' is clicked on

2019-06-21 13:59:43 - [MESSAGE][PASSED] - Object: 'Object Repository/OCS-DESKTOP/Age gate and Mega menu/Header/LEARN menu - En' is clicked on

2019-06-21 13:59:43 - [TEST_STEP][PASSED] - delay(2): Delayed 2 second(s)

2019-06-21 13:59:45 - [MESSAGE][PASSED] - Delayed 2 second(s)

2019-06-21 13:59:45 - [TEST_STEP][PASSED] - click(findTestObject("OCS-DESKTOP/LEARN page/How cannabis works")): Object: 'Object Repository/OCS-DESKTOP/LEARN page/How cannabis works' is clicked on

2019-06-21 13:59:48 - [MESSAGE][PASSED] - Object: 'Object Repository/OCS-DESKTOP/LEARN page/How cannabis works' is clicked on

2019-06-21 13:59:48 - [TEST_STEP][PASSED] - delay(2, CONTINUE_ON_FAILURE): Delayed 2 second(s)

2019-06-21 13:59:50 - [MESSAGE][PASSED] - Delayed 2 second(s)

2019-06-21 13:59:50 - [TEST_STEP][PASSED] - click(findTestObject("OCS-DESKTOP/Age gate and Mega menu/Header/LEARN menu - En")): Object: 'Object Repository/OCS-DESKTOP/Age gate and Mega menu/Header/LEARN menu - En' is clicked on

2019-06-21 13:59:50 - [MESSAGE][PASSED] - Object: 'Object Repository/OCS-DESKTOP/Age gate and Mega menu/Header/LEARN menu - En' is clicked on

2019-06-21 13:59:50 - [TEST_STEP][PASSED] - delay(2, CONTINUE_ON_FAILURE): Delayed 2 second(s)

2019-06-21 13:59:52 - [MESSAGE][PASSED] - Delayed 2 second(s)

2019-06-21 13:59:52 - [TEST_STEP][PASSED] - click(findTestObject("OCS-DESKTOP/LEARN page/The Effects of Cannabis")): Object: 'Object Repository/OCS-DESKTOP/LEARN page/The Effects of Cannabis' is clicked on

2019-06-21 13:59:55 - [MESSAGE][PASSED] - Object: 'Object Repository/OCS-DESKTOP/LEARN page/The Effects of Cannabis' is clicked on

2019-06-21 13:59:55 - [TEST_STEP][PASSED] - verifyTextPresent("The Effects of Cannabis", true): Text 'The Effects of Cannabis' is present on page  using regular expression

2019-06-21 13:59:56 - [MESSAGE][PASSED] - Text 'The Effects of Cannabis' is present on page  using regular expression

2019-06-21 13:59:56 - [TEST_STEP][PASSED] - delay(2): Delayed 2 second(s)

2019-06-21 13:59:58 - [MESSAGE][PASSED] - Delayed 2 second(s)

2019-06-21 13:59:58 - [TEST_STEP][PASSED] - click(findTestObject("OCS-DESKTOP/Age gate and Mega menu/Header/LEARN menu - En"), CONTINUE_ON_FAILURE): Object: 'Object Repository/OCS-DESKTOP/Age gate and Mega menu/Header/LEARN menu - En' is clicked on

2019-06-21 13:59:58 - [MESSAGE][PASSED] - Object: 'Object Repository/OCS-DESKTOP/Age gate and Mega menu/Header/LEARN menu - En' is clicked on

2019-06-21 13:59:58 - [TEST_STEP][PASSED] - delay(2, CONTINUE_ON_FAILURE): Delayed 2 second(s)

2019-06-21 14:00:00 - [MESSAGE][PASSED] - Delayed 2 second(s)

2019-06-21 14:00:00 - [TEST_STEP][PASSED] - click(findTestObject("OCS-DESKTOP/LEARN page/Endocannabinoids chevron")): Object: 'Object Repository/OCS-DESKTOP/LEARN page/Endocannabinoids chevron' is clicked on

2019-06-21 14:00:02 - [MESSAGE][PASSED] - Object: 'Object Repository/OCS-DESKTOP/LEARN page/Endocannabinoids chevron' is clicked on

2019-06-21 14:00:02 - [TEST_STEP][PASSED] - verifyTextPresent("The Endocannabinoid System", true): Text 'The Endocannabinoid System' is present on page  using regular expression

2019-06-21 14:00:02 - [MESSAGE][PASSED] - Text 'The Endocannabinoid System' is present on page  using regular expression

2019-06-21 14:00:02 - [TEST_STEP][PASSED] - delay(2): Delayed 2 second(s)

2019-06-21 14:00:04 - [MESSAGE][PASSED] - Delayed 2 second(s)

2019-06-21 14:00:04 - [TEST_STEP][PASSED] - click(findTestObject("OCS-DESKTOP/Age gate and Mega menu/Header/LEARN menu - En"), CONTINUE_ON_FAILURE): Object: 'Object Repository/OCS-DESKTOP/Age gate and Mega menu/Header/LEARN menu - En' is clicked on

2019-06-21 14:00:04 - [MESSAGE][PASSED] - Object: 'Object Repository/OCS-DESKTOP/Age gate and Mega menu/Header/LEARN menu - En' is clicked on

2019-06-21 14:00:04 - [TEST_STEP][PASSED] - delay(2, CONTINUE_ON_FAILURE): Delayed 2 second(s)

2019-06-21 14:00:06 - [MESSAGE][PASSED] - Delayed 2 second(s)

2019-06-21 14:00:06 - [TEST_STEP][PASSED] - click(findTestObject("OCS-DESKTOP/LEARN page/Read More -1")): Object: 'Object Repository/OCS-DESKTOP/LEARN page/Read More -1' is clicked on

2019-06-21 14:00:09 - [MESSAGE][PASSED] - Object: 'Object Repository/OCS-DESKTOP/LEARN page/Read More -1' is clicked on

2019-06-21 14:00:09 - [TEST_STEP][PASSED] - verifyTextPresent("The human reaction to cannabis.", false): Text 'The human reaction to cannabis.' is present on page 

2019-06-21 14:00:10 - [MESSAGE][PASSED] - Text 'The human reaction to cannabis.' is present on page 

2019-06-21 14:00:10 - [TEST_STEP][PASSED] - delay(2): Delayed 2 second(s)

2019-06-21 14:00:12 - [MESSAGE][PASSED] - Delayed 2 second(s)

2019-06-21 14:00:12 - [TEST_STEP][PASSED] - click(findTestObject("OCS-DESKTOP/Age gate and Mega menu/Header/LEARN menu - En"), CONTINUE_ON_FAILURE): Object: 'Object Repository/OCS-DESKTOP/Age gate and Mega menu/Header/LEARN menu - En' is clicked on

2019-06-21 14:00:12 - [MESSAGE][PASSED] - Object: 'Object Repository/OCS-DESKTOP/Age gate and Mega menu/Header/LEARN menu - En' is clicked on

2019-06-21 14:00:12 - [TEST_STEP][PASSED] - delay(2): Delayed 2 second(s)

2019-06-21 14:00:14 - [MESSAGE][PASSED] - Delayed 2 second(s)

2019-06-21 14:00:14 - [TEST_STEP][PASSED] - click(findTestObject("OCS-DESKTOP/LEARN page/Cannabis anatomy")): Object: 'Object Repository/OCS-DESKTOP/LEARN page/Cannabis anatomy' is clicked on

2019-06-21 14:00:17 - [MESSAGE][PASSED] - Object: 'Object Repository/OCS-DESKTOP/LEARN page/Cannabis anatomy' is clicked on

2019-06-21 14:00:17 - [TEST_STEP][PASSED] - delay(2): Delayed 2 second(s)

2019-06-21 14:00:19 - [MESSAGE][PASSED] - Delayed 2 second(s)

2019-06-21 14:00:19 - [TEST_STEP][PASSED] - click(findTestObject("OCS-DESKTOP/Age gate and Mega menu/Header/LEARN menu - En"), CONTINUE_ON_FAILURE): Object: 'Object Repository/OCS-DESKTOP/Age gate and Mega menu/Header/LEARN menu - En' is clicked on

2019-06-21 14:00:19 - [MESSAGE][PASSED] - Object: 'Object Repository/OCS-DESKTOP/Age gate and Mega menu/Header/LEARN menu - En' is clicked on

2019-06-21 14:00:19 - [TEST_STEP][PASSED] - delay(2): Delayed 2 second(s)

2019-06-21 14:00:21 - [MESSAGE][PASSED] - Delayed 2 second(s)

2019-06-21 14:00:21 - [TEST_STEP][PASSED] - click(findTestObject("OCS-DESKTOP/LEARN page/CBD")): Object: 'Object Repository/OCS-DESKTOP/LEARN page/CBD' is clicked on

2019-06-21 14:00:24 - [MESSAGE][PASSED] - Object: 'Object Repository/OCS-DESKTOP/LEARN page/CBD' is clicked on

2019-06-21 14:00:24 - [TEST_STEP][PASSED] - delay(2): Delayed 2 second(s)

2019-06-21 14:00:26 - [MESSAGE][PASSED] - Delayed 2 second(s)

2019-06-21 14:00:26 - [TEST_STEP][PASSED] - verifyTextPresent("CANNABIS ANATOMY", false, CONTINUE_ON_FAILURE): Text 'CANNABIS ANATOMY' is present on page 

2019-06-21 14:00:26 - [MESSAGE][PASSED] - Text 'CANNABIS ANATOMY' is present on page 

2019-06-21 14:00:26 - [TEST_STEP][PASSED] - delay(2): Delayed 2 second(s)

2019-06-21 14:00:28 - [MESSAGE][PASSED] - Delayed 2 second(s)

2019-06-21 14:00:28 - [TEST_STEP][PASSED] - click(findTestObject("OCS-DESKTOP/Age gate and Mega menu/Header/LEARN menu - En"), CONTINUE_ON_FAILURE): Object: 'Object Repository/OCS-DESKTOP/Age gate and Mega menu/Header/LEARN menu - En' is clicked on

2019-06-21 14:00:29 - [MESSAGE][PASSED] - Object: 'Object Repository/OCS-DESKTOP/Age gate and Mega menu/Header/LEARN menu - En' is clicked on

2019-06-21 14:00:29 - [TEST_STEP][PASSED] - delay(2, CONTINUE_ON_FAILURE): Delayed 2 second(s)

2019-06-21 14:00:31 - [MESSAGE][PASSED] - Delayed 2 second(s)

2019-06-21 14:00:31 - [TEST_STEP][PASSED] - click(findTestObject("OCS-DESKTOP/LEARN page/Terpenes")): Object: 'Object Repository/OCS-DESKTOP/LEARN page/Terpenes' is clicked on

2019-06-21 14:00:34 - [MESSAGE][PASSED] - Object: 'Object Repository/OCS-DESKTOP/LEARN page/Terpenes' is clicked on

2019-06-21 14:00:34 - [TEST_STEP][NOT_RUN] - click(findTestObject("Learn_spy/Page_Ontario Cannabis Store  Ontari/h3_Learn")): NOT_RUN: click(findTestObject("Learn_spy/Page_Ontario Cannabis Store  Ontari/h3_Learn"))

2019-06-21 14:00:34 - [MESSAGE][NOT_RUN] - NOT_RUN: click(findTestObject("Learn_spy/Page_Ontario Cannabis Store  Ontari/h3_Learn"))

2019-06-21 14:00:34 - [TEST_STEP][NOT_RUN] - click(findTestObject("Object Repository/Learn_OR/Page_The Effects of Cannabis  Ontar/a_Read More")): NOT_RUN: click(findTestObject("Object Repository/Learn_OR/Page_The Effects of Cannabis  Ontar/a_Read More"))

2019-06-21 14:00:34 - [MESSAGE][NOT_RUN] - NOT_RUN: click(findTestObject("Object Repository/Learn_OR/Page_The Effects of Cannabis  Ontar/a_Read More"))

2019-06-21 14:00:34 - [TEST_STEP][PASSED] - verifyTextPresent("Terpenes give cannabis strains their unique aromas.", true): Text 'Terpenes give cannabis strains their unique aromas.' is present on page  using regular expression

2019-06-21 14:00:35 - [MESSAGE][PASSED] - Text 'Terpenes give cannabis strains their unique aromas.' is present on page  using regular expression

2019-06-21 14:00:35 - [TEST_STEP][NOT_RUN] - click(findTestObject("Learn_spy/Page_Ontario Cannabis Store  Ontari/h3_Learn")): NOT_RUN: click(findTestObject("Learn_spy/Page_Ontario Cannabis Store  Ontari/h3_Learn"))

2019-06-21 14:00:35 - [MESSAGE][NOT_RUN] - NOT_RUN: click(findTestObject("Learn_spy/Page_Ontario Cannabis Store  Ontari/h3_Learn"))

2019-06-21 14:00:35 - [TEST_STEP][NOT_RUN] - click(findTestObject("Object Repository/Learn_OR/Page_How Cannabis Works  Ontario Ca/span_Cannabis Anatomy")): NOT_RUN: click(findTestObject("Object Repository/Learn_OR/Page_How Cannabis Works  Ontario Ca/span_Cannabis Anatomy"))

2019-06-21 14:00:35 - [MESSAGE][NOT_RUN] - NOT_RUN: click(findTestObject("Object Repository/Learn_OR/Page_How Cannabis Works  Ontario Ca/span_Cannabis Anatomy"))

2019-06-21 14:00:35 - [TEST_STEP][NOT_RUN] - click(findTestObject("Learn_spy/Page_Ontario Cannabis Store  Ontari/h3_Learn")): NOT_RUN: click(findTestObject("Learn_spy/Page_Ontario Cannabis Store  Ontari/h3_Learn"))

2019-06-21 14:00:35 - [MESSAGE][NOT_RUN] - NOT_RUN: click(findTestObject("Learn_spy/Page_Ontario Cannabis Store  Ontari/h3_Learn"))

2019-06-21 14:00:35 - [TEST_STEP][NOT_RUN] - verifyTextPresent("Terpenes give cannabis strains their unique aromas.", true): NOT_RUN: verifyTextPresent("Terpenes give cannabis strains their unique aromas.", true)

2019-06-21 14:00:35 - [MESSAGE][NOT_RUN] - NOT_RUN: verifyTextPresent("Terpenes give cannabis strains their unique aromas.", true)

2019-06-21 14:00:35 - [TEST_STEP][PASSED] - delay(2): Delayed 2 second(s)

2019-06-21 14:00:37 - [MESSAGE][PASSED] - Delayed 2 second(s)

2019-06-21 14:00:37 - [TEST_STEP][PASSED] - click(findTestObject("OCS-DESKTOP/Age gate and Mega menu/Header/LEARN menu - En"), CONTINUE_ON_FAILURE): Object: 'Object Repository/OCS-DESKTOP/Age gate and Mega menu/Header/LEARN menu - En' is clicked on

2019-06-21 14:00:37 - [MESSAGE][PASSED] - Object: 'Object Repository/OCS-DESKTOP/Age gate and Mega menu/Header/LEARN menu - En' is clicked on

2019-06-21 14:00:37 - [TEST_STEP][PASSED] - delay(1): Delayed 1 second(s)

2019-06-21 14:00:38 - [MESSAGE][PASSED] - Delayed 1 second(s)

2019-06-21 14:00:38 - [TEST_STEP][PASSED] - click(findTestObject("OCS-DESKTOP/LEARN page/THC")): Object: 'Object Repository/OCS-DESKTOP/LEARN page/THC' is clicked on

2019-06-21 14:00:39 - [MESSAGE][PASSED] - Object: 'Object Repository/OCS-DESKTOP/LEARN page/THC' is clicked on

2019-06-21 14:00:39 - [TEST_STEP][PASSED] - verifyTextPresent("THC is the component in cannabis that is primarily responsible for its intoxicating, psychoactive effects.", true): Text 'THC is the component in cannabis that is primarily responsible for its intoxicating, psychoactive effects.' is present on page  using regular expression

2019-06-21 14:00:40 - [MESSAGE][PASSED] - Text 'THC is the component in cannabis that is primarily responsible for its intoxicating, psychoactive effects.' is present on page  using regular expression

2019-06-21 14:00:40 - [TEST_STEP][PASSED] - delay(2): Delayed 2 second(s)

2019-06-21 14:00:42 - [MESSAGE][PASSED] - Delayed 2 second(s)

2019-06-21 14:00:42 - [TEST_STEP][PASSED] - click(findTestObject("OCS-DESKTOP/Age gate and Mega menu/Header/LEARN menu - En"), CONTINUE_ON_FAILURE): Object: 'Object Repository/OCS-DESKTOP/Age gate and Mega menu/Header/LEARN menu - En' is clicked on

2019-06-21 14:00:42 - [MESSAGE][PASSED] - Object: 'Object Repository/OCS-DESKTOP/Age gate and Mega menu/Header/LEARN menu - En' is clicked on

2019-06-21 14:00:42 - [TEST_STEP][PASSED] - delay(1): Delayed 1 second(s)

2019-06-21 14:00:43 - [MESSAGE][PASSED] - Delayed 1 second(s)

2019-06-21 14:00:43 - [TEST_STEP][PASSED] - click(findTestObject("OCS-DESKTOP/LEARN page/Read More -2"), STOP_ON_FAILURE): Object: 'Object Repository/OCS-DESKTOP/LEARN page/Read More -2' is clicked on

2019-06-21 14:00:46 - [MESSAGE][PASSED] - Object: 'Object Repository/OCS-DESKTOP/LEARN page/Read More -2' is clicked on

2019-06-21 14:00:46 - [TEST_STEP][PASSED] - delay(2, CONTINUE_ON_FAILURE): Delayed 2 second(s)

2019-06-21 14:00:48 - [MESSAGE][PASSED] - Delayed 2 second(s)

2019-06-21 14:00:48 - [TEST_STEP][PASSED] - verifyTextPresent("The components of a complex plant.", true): Text 'The components of a complex plant.' is present on page  using regular expression

2019-06-21 14:00:48 - [MESSAGE][PASSED] - Text 'The components of a complex plant.' is present on page  using regular expression

2019-06-21 14:00:48 - [TEST_STEP][PASSED] - delay(2): Delayed 2 second(s)

2019-06-21 14:00:50 - [MESSAGE][PASSED] - Delayed 2 second(s)

2019-06-21 14:00:50 - [TEST_STEP][PASSED] - click(findTestObject("OCS-DESKTOP/Age gate and Mega menu/Header/LEARN menu - En"), CONTINUE_ON_FAILURE): Object: 'Object Repository/OCS-DESKTOP/Age gate and Mega menu/Header/LEARN menu - En' is clicked on

2019-06-21 14:00:50 - [MESSAGE][PASSED] - Object: 'Object Repository/OCS-DESKTOP/Age gate and Mega menu/Header/LEARN menu - En' is clicked on

2019-06-21 14:00:50 - [TEST_STEP][PASSED] - delay(2): Delayed 2 second(s)

2019-06-21 14:00:52 - [MESSAGE][PASSED] - Delayed 2 second(s)

2019-06-21 14:00:52 - [TEST_STEP][PASSED] - click(findTestObject("OCS-DESKTOP/LEARN page/Cannabis Consumption")): Object: 'Object Repository/OCS-DESKTOP/LEARN page/Cannabis Consumption' is clicked on

2019-06-21 14:00:55 - [MESSAGE][PASSED] - Object: 'Object Repository/OCS-DESKTOP/LEARN page/Cannabis Consumption' is clicked on

2019-06-21 14:00:55 - [TEST_STEP][PASSED] - delay(1): Delayed 1 second(s)

2019-06-21 14:00:56 - [MESSAGE][PASSED] - Delayed 1 second(s)

2019-06-21 14:00:56 - [TEST_STEP][PASSED] - click(findTestObject("OCS-DESKTOP/Age gate and Mega menu/Header/LEARN menu - En"), CONTINUE_ON_FAILURE): Object: 'Object Repository/OCS-DESKTOP/Age gate and Mega menu/Header/LEARN menu - En' is clicked on

2019-06-21 14:00:57 - [MESSAGE][PASSED] - Object: 'Object Repository/OCS-DESKTOP/Age gate and Mega menu/Header/LEARN menu - En' is clicked on

2019-06-21 14:00:57 - [TEST_STEP][PASSED] - delay(1): Delayed 1 second(s)

2019-06-21 14:00:58 - [MESSAGE][PASSED] - Delayed 1 second(s)

2019-06-21 14:00:58 - [TEST_STEP][PASSED] - click(findTestObject("OCS-DESKTOP/LEARN page/Cooking with cannabis")): Object: 'Object Repository/OCS-DESKTOP/LEARN page/Cooking with cannabis' is clicked on

2019-06-21 14:01:01 - [MESSAGE][PASSED] - Object: 'Object Repository/OCS-DESKTOP/LEARN page/Cooking with cannabis' is clicked on

2019-06-21 14:01:01 - [TEST_STEP][PASSED] - verifyTextPresent("Cannabis-infused foods are becoming more common, and careful preparation is required to avoid overconsumption.", true): Text 'Cannabis-infused foods are becoming more common, and careful preparation is required to avoid overconsumption.' is present on page  using regular expression

2019-06-21 14:01:01 - [MESSAGE][PASSED] - Text 'Cannabis-infused foods are becoming more common, and careful preparation is required to avoid overconsumption.' is present on page  using regular expression

2019-06-21 14:01:01 - [TEST_STEP][PASSED] - delay(2): Delayed 2 second(s)

2019-06-21 14:01:03 - [MESSAGE][PASSED] - Delayed 2 second(s)

2019-06-21 14:01:03 - [TEST_STEP][PASSED] - click(findTestObject("OCS-DESKTOP/Age gate and Mega menu/Header/LEARN menu - En"), CONTINUE_ON_FAILURE): Object: 'Object Repository/OCS-DESKTOP/Age gate and Mega menu/Header/LEARN menu - En' is clicked on

2019-06-21 14:01:03 - [MESSAGE][PASSED] - Object: 'Object Repository/OCS-DESKTOP/Age gate and Mega menu/Header/LEARN menu - En' is clicked on

2019-06-21 14:01:03 - [TEST_STEP][PASSED] - delay(2, CONTINUE_ON_FAILURE): Delayed 2 second(s)

2019-06-21 14:01:05 - [MESSAGE][PASSED] - Delayed 2 second(s)

2019-06-21 14:01:05 - [TEST_STEP][PASSED] - click(findTestObject("OCS-DESKTOP/LEARN page/storing cannabis - chevron")): Object: 'Object Repository/OCS-DESKTOP/LEARN page/storing cannabis - chevron' is clicked on

2019-06-21 14:01:08 - [MESSAGE][PASSED] - Object: 'Object Repository/OCS-DESKTOP/LEARN page/storing cannabis - chevron' is clicked on

2019-06-21 14:01:08 - [TEST_STEP][PASSED] - verifyTextPresent("How to keep your family safe and your cannabis from spoiling.", true): Text 'How to keep your family safe and your cannabis from spoiling.' is present on page  using regular expression

2019-06-21 14:01:08 - [MESSAGE][PASSED] - Text 'How to keep your family safe and your cannabis from spoiling.' is present on page  using regular expression

2019-06-21 14:01:08 - [TEST_STEP][PASSED] - delay(2): Delayed 2 second(s)

2019-06-21 14:01:10 - [MESSAGE][PASSED] - Delayed 2 second(s)

2019-06-21 14:01:10 - [TEST_STEP][PASSED] - click(findTestObject("OCS-DESKTOP/Age gate and Mega menu/Header/LEARN menu - En"), CONTINUE_ON_FAILURE): Object: 'Object Repository/OCS-DESKTOP/Age gate and Mega menu/Header/LEARN menu - En' is clicked on

2019-06-21 14:01:11 - [MESSAGE][PASSED] - Object: 'Object Repository/OCS-DESKTOP/Age gate and Mega menu/Header/LEARN menu - En' is clicked on

2019-06-21 14:01:11 - [TEST_STEP][PASSED] - delay(2, CONTINUE_ON_FAILURE): Delayed 2 second(s)

2019-06-21 14:01:13 - [MESSAGE][PASSED] - Delayed 2 second(s)

2019-06-21 14:01:13 - [TEST_STEP][PASSED] - click(findTestObject("OCS-DESKTOP/LEARN page/Growing cannabis - chevron")): Object: 'Object Repository/OCS-DESKTOP/LEARN page/Growing cannabis - chevron' is clicked on

2019-06-21 14:01:15 - [MESSAGE][PASSED] - Object: 'Object Repository/OCS-DESKTOP/LEARN page/Growing cannabis - chevron' is clicked on

2019-06-21 14:01:15 - [TEST_STEP][PASSED] - verifyTextPresent("It is legal in Ontario to own and grow up to 4 cannabis plants in your own residential dwelling. Get beginner growing tips here.", true): Text 'It is legal in Ontario to own and grow up to 4 cannabis plants in your own residential dwelling. Get beginner growing tips here.' is present on page  using regular expression

2019-06-21 14:01:16 - [MESSAGE][PASSED] - Text 'It is legal in Ontario to own and grow up to 4 cannabis plants in your own residential dwelling. Get beginner growing tips here.' is present on page  using regular expression

2019-06-21 14:01:16 - [TEST_STEP][PASSED] - delay(2): Delayed 2 second(s)

2019-06-21 14:01:18 - [MESSAGE][PASSED] - Delayed 2 second(s)

2019-06-21 14:01:18 - [TEST_STEP][PASSED] - click(findTestObject("OCS-DESKTOP/Age gate and Mega menu/Header/LEARN menu - En"), CONTINUE_ON_FAILURE): Object: 'Object Repository/OCS-DESKTOP/Age gate and Mega menu/Header/LEARN menu - En' is clicked on

2019-06-21 14:01:18 - [MESSAGE][PASSED] - Object: 'Object Repository/OCS-DESKTOP/Age gate and Mega menu/Header/LEARN menu - En' is clicked on

2019-06-21 14:01:18 - [TEST_STEP][PASSED] - delay(2): Delayed 2 second(s)

2019-06-21 14:01:20 - [MESSAGE][PASSED] - Delayed 2 second(s)

2019-06-21 14:01:20 - [TEST_STEP][PASSED] - click(findTestObject("OCS-DESKTOP/LEARN page/Read More -3")): Object: 'Object Repository/OCS-DESKTOP/LEARN page/Read More -3' is clicked on

2019-06-21 14:01:21 - [MESSAGE][PASSED] - Object: 'Object Repository/OCS-DESKTOP/LEARN page/Read More -3' is clicked on

2019-06-21 14:01:21 - [TEST_STEP][PASSED] - delay(2): Delayed 2 second(s)

2019-06-21 14:01:23 - [MESSAGE][PASSED] - Delayed 2 second(s)

2019-06-21 14:01:23 - [TEST_STEP][PASSED] - click(findTestObject("OCS-DESKTOP/Age gate and Mega menu/Header/LEARN menu - En"), CONTINUE_ON_FAILURE): Object: 'Object Repository/OCS-DESKTOP/Age gate and Mega menu/Header/LEARN menu - En' is clicked on

2019-06-21 14:01:24 - [MESSAGE][PASSED] - Object: 'Object Repository/OCS-DESKTOP/Age gate and Mega menu/Header/LEARN menu - En' is clicked on

2019-06-21 14:01:24 - [TEST_STEP][PASSED] - delay(2, CONTINUE_ON_FAILURE): Delayed 2 second(s)

2019-06-21 14:01:26 - [MESSAGE][PASSED] - Delayed 2 second(s)

2019-06-21 14:01:26 - [TEST_STEP][PASSED] - click(findTestObject("OCS-DESKTOP/LEARN page/How to Choose Cannabis Products")): Object: 'Object Repository/OCS-DESKTOP/LEARN page/How to Choose Cannabis Products' is clicked on

2019-06-21 14:01:28 - [MESSAGE][PASSED] - Object: 'Object Repository/OCS-DESKTOP/LEARN page/How to Choose Cannabis Products' is clicked on

2019-06-21 14:01:28 - [TEST_STEP][PASSED] - delay(1): Delayed 1 second(s)

2019-06-21 14:01:29 - [MESSAGE][PASSED] - Delayed 1 second(s)

2019-06-21 14:01:29 - [TEST_STEP][PASSED] - click(findTestObject("OCS-DESKTOP/Age gate and Mega menu/Header/LEARN menu - En"), CONTINUE_ON_FAILURE): Object: 'Object Repository/OCS-DESKTOP/Age gate and Mega menu/Header/LEARN menu - En' is clicked on

2019-06-21 14:01:29 - [MESSAGE][PASSED] - Object: 'Object Repository/OCS-DESKTOP/Age gate and Mega menu/Header/LEARN menu - En' is clicked on

2019-06-21 14:01:29 - [TEST_STEP][PASSED] - delay(1): Delayed 1 second(s)

2019-06-21 14:01:30 - [MESSAGE][PASSED] - Delayed 1 second(s)

2019-06-21 14:01:30 - [TEST_STEP][PASSED] - click(findTestObject("OCS-DESKTOP/LEARN page/Reading a product label - chevron")): Object: 'Object Repository/OCS-DESKTOP/LEARN page/Reading a product label - chevron' is clicked on

2019-06-21 14:01:33 - [MESSAGE][PASSED] - Object: 'Object Repository/OCS-DESKTOP/LEARN page/Reading a product label - chevron' is clicked on

2019-06-21 14:01:33 - [TEST_STEP][PASSED] - delay(2): Delayed 2 second(s)

2019-06-21 14:01:35 - [MESSAGE][PASSED] - Delayed 2 second(s)

2019-06-21 14:01:35 - [TEST_STEP][PASSED] - click(findTestObject("OCS-DESKTOP/Age gate and Mega menu/Header/LEARN menu - En"), CONTINUE_ON_FAILURE): Object: 'Object Repository/OCS-DESKTOP/Age gate and Mega menu/Header/LEARN menu - En' is clicked on

2019-06-21 14:01:35 - [MESSAGE][PASSED] - Object: 'Object Repository/OCS-DESKTOP/Age gate and Mega menu/Header/LEARN menu - En' is clicked on

2019-06-21 14:01:35 - [TEST_STEP][PASSED] - delay(1): Delayed 1 second(s)

2019-06-21 14:01:36 - [MESSAGE][PASSED] - Delayed 1 second(s)

2019-06-21 14:01:36 - [TEST_STEP][PASSED] - click(findTestObject("OCS-DESKTOP/LEARN page/cannabinoid content - chveron")): Object: 'Object Repository/OCS-DESKTOP/LEARN page/cannabinoid content - chveron' is clicked on

2019-06-21 14:01:39 - [MESSAGE][PASSED] - Object: 'Object Repository/OCS-DESKTOP/LEARN page/cannabinoid content - chveron' is clicked on

2019-06-21 14:01:39 - [TEST_STEP][PASSED] - verifyTextPresent("Understanding Cannabinoid Content on Product Labels", true): Text 'Understanding Cannabinoid Content on Product Labels' is present on page  using regular expression

2019-06-21 14:01:40 - [MESSAGE][PASSED] - Text 'Understanding Cannabinoid Content on Product Labels' is present on page  using regular expression

2019-06-21 14:01:40 - [TEST_STEP][PASSED] - delay(2): Delayed 2 second(s)

2019-06-21 14:01:42 - [MESSAGE][PASSED] - Delayed 2 second(s)

2019-06-21 14:01:42 - [TEST_STEP][PASSED] - click(findTestObject("OCS-DESKTOP/Age gate and Mega menu/Header/LEARN menu - En"), CONTINUE_ON_FAILURE): Object: 'Object Repository/OCS-DESKTOP/Age gate and Mega menu/Header/LEARN menu - En' is clicked on

2019-06-21 14:01:42 - [MESSAGE][PASSED] - Object: 'Object Repository/OCS-DESKTOP/Age gate and Mega menu/Header/LEARN menu - En' is clicked on

2019-06-21 14:01:42 - [TEST_STEP][PASSED] - delay(2, CONTINUE_ON_FAILURE): Delayed 2 second(s)

2019-06-21 14:01:44 - [MESSAGE][PASSED] - Delayed 2 second(s)

2019-06-21 14:01:44 - [TEST_STEP][PASSED] - click(findTestObject("OCS-DESKTOP/LEARN page/Factors in Choosing Canna - chevron")): Object: 'Object Repository/OCS-DESKTOP/LEARN page/Factors in Choosing Canna - chevron' is clicked on

2019-06-21 14:01:45 - [MESSAGE][PASSED] - Object: 'Object Repository/OCS-DESKTOP/LEARN page/Factors in Choosing Canna - chevron' is clicked on

2019-06-21 14:01:45 - [TEST_STEP][PASSED] - verifyTextPresent("Six things to know before deciding to consume cannabis.", true): Text 'Six things to know before deciding to consume cannabis.' is present on page  using regular expression

2019-06-21 14:01:46 - [MESSAGE][PASSED] - Text 'Six things to know before deciding to consume cannabis.' is present on page  using regular expression

2019-06-21 14:01:46 - [TEST_STEP][PASSED] - delay(2): Delayed 2 second(s)

2019-06-21 14:01:48 - [MESSAGE][PASSED] - Delayed 2 second(s)

2019-06-21 14:01:48 - [TEST_STEP][PASSED] - click(findTestObject("OCS-DESKTOP/Age gate and Mega menu/Header/LEARN menu - En"), CONTINUE_ON_FAILURE): Object: 'Object Repository/OCS-DESKTOP/Age gate and Mega menu/Header/LEARN menu - En' is clicked on

2019-06-21 14:01:48 - [MESSAGE][PASSED] - Object: 'Object Repository/OCS-DESKTOP/Age gate and Mega menu/Header/LEARN menu - En' is clicked on

2019-06-21 14:01:48 - [TEST_STEP][PASSED] - delay(2): Delayed 2 second(s)

2019-06-21 14:01:50 - [MESSAGE][PASSED] - Delayed 2 second(s)

2019-06-21 14:01:50 - [TEST_STEP][PASSED] - click(findTestObject("OCS-DESKTOP/LEARN page/Read More -4"), CONTINUE_ON_FAILURE): Object: 'Object Repository/OCS-DESKTOP/LEARN page/Read More -4' is clicked on

2019-06-21 14:01:53 - [MESSAGE][PASSED] - Object: 'Object Repository/OCS-DESKTOP/LEARN page/Read More -4' is clicked on

2019-06-21 14:01:53 - [TEST_STEP][PASSED] - delay(2): Delayed 2 second(s)

2019-06-21 14:01:55 - [MESSAGE][PASSED] - Delayed 2 second(s)

2019-06-21 14:01:55 - [TEST_STEP][PASSED] - click(findTestObject("OCS-DESKTOP/Age gate and Mega menu/Header/LEARN menu - En"), CONTINUE_ON_FAILURE): Object: 'Object Repository/OCS-DESKTOP/Age gate and Mega menu/Header/LEARN menu - En' is clicked on

2019-06-21 14:01:55 - [MESSAGE][PASSED] - Object: 'Object Repository/OCS-DESKTOP/Age gate and Mega menu/Header/LEARN menu - En' is clicked on

2019-06-21 14:01:55 - [TEST_STEP][PASSED] - delay(2): Delayed 2 second(s)

2019-06-21 14:01:57 - [MESSAGE][PASSED] - Delayed 2 second(s)

2019-06-21 14:01:57 - [TEST_STEP][PASSED] - click(findTestObject("OCS-DESKTOP/LEARN page/Buying Cannabis at OCS plus accordian")): Object: 'Object Repository/OCS-DESKTOP/LEARN page/Buying Cannabis at OCS plus accordian' is clicked on

2019-06-21 14:01:58 - [MESSAGE][PASSED] - Object: 'Object Repository/OCS-DESKTOP/LEARN page/Buying Cannabis at OCS plus accordian' is clicked on

2019-06-21 14:01:58 - [TEST_STEP][PASSED] - delay(1): Delayed 1 second(s)

2019-06-21 14:01:59 - [MESSAGE][PASSED] - Delayed 1 second(s)

2019-06-21 14:01:59 - [TEST_STEP][PASSED] - click(findTestObject("OCS-DESKTOP/Age gate and Mega menu/Header/LEARN menu - En"), CONTINUE_ON_FAILURE): Object: 'Object Repository/OCS-DESKTOP/Age gate and Mega menu/Header/LEARN menu - En' is clicked on

2019-06-21 14:02:00 - [MESSAGE][PASSED] - Object: 'Object Repository/OCS-DESKTOP/Age gate and Mega menu/Header/LEARN menu - En' is clicked on

2019-06-21 14:02:00 - [TEST_STEP][PASSED] - delay(1): Delayed 1 second(s)

2019-06-21 14:02:01 - [MESSAGE][PASSED] - Delayed 1 second(s)

2019-06-21 14:02:01 - [TEST_STEP][PASSED] - click(findTestObject("OCS-DESKTOP/LEARN page/Why Legal Cannabis Costs more - chevron")): Object: 'Object Repository/OCS-DESKTOP/LEARN page/Why Legal Cannabis Costs more - chevron' is clicked on

2019-06-21 14:02:03 - [MESSAGE][PASSED] - Object: 'Object Repository/OCS-DESKTOP/LEARN page/Why Legal Cannabis Costs more - chevron' is clicked on

2019-06-21 14:02:03 - [TEST_STEP][PASSED] - verifyTextPresent("Four Reasons Why Legal Cannabis Costs More", true): Text 'Four Reasons Why Legal Cannabis Costs More' is present on page  using regular expression

2019-06-21 14:02:04 - [MESSAGE][PASSED] - Text 'Four Reasons Why Legal Cannabis Costs More' is present on page  using regular expression

2019-06-21 14:02:04 - [TEST_STEP][PASSED] - delay(2): Delayed 2 second(s)

2019-06-21 14:02:06 - [MESSAGE][PASSED] - Delayed 2 second(s)

2019-06-21 14:02:06 - [TEST_STEP][PASSED] - click(findTestObject("OCS-DESKTOP/Age gate and Mega menu/Header/LEARN menu - En"), CONTINUE_ON_FAILURE): Object: 'Object Repository/OCS-DESKTOP/Age gate and Mega menu/Header/LEARN menu - En' is clicked on

2019-06-21 14:02:06 - [MESSAGE][PASSED] - Object: 'Object Repository/OCS-DESKTOP/Age gate and Mega menu/Header/LEARN menu - En' is clicked on

2019-06-21 14:02:06 - [TEST_STEP][PASSED] - click(findTestObject("OCS-DESKTOP/LEARN page/Buying Cannabis at OCS plus accordian")): Object: 'Object Repository/OCS-DESKTOP/LEARN page/Buying Cannabis at OCS plus accordian' is clicked on

2019-06-21 14:02:09 - [MESSAGE][PASSED] - Object: 'Object Repository/OCS-DESKTOP/LEARN page/Buying Cannabis at OCS plus accordian' is clicked on

2019-06-21 14:02:09 - [TEST_STEP][PASSED] - delay(1): Delayed 1 second(s)

2019-06-21 14:02:10 - [MESSAGE][PASSED] - Delayed 1 second(s)

2019-06-21 14:02:10 - [TEST_STEP][PASSED] - click(findTestObject("OCS-DESKTOP/Age gate and Mega menu/Header/LEARN menu - En"), CONTINUE_ON_FAILURE): Object: 'Object Repository/OCS-DESKTOP/Age gate and Mega menu/Header/LEARN menu - En' is clicked on

2019-06-21 14:02:10 - [MESSAGE][PASSED] - Object: 'Object Repository/OCS-DESKTOP/Age gate and Mega menu/Header/LEARN menu - En' is clicked on

2019-06-21 14:02:10 - [TEST_STEP][PASSED] - delay(1): Delayed 1 second(s)

2019-06-21 14:02:11 - [MESSAGE][PASSED] - Delayed 1 second(s)

2019-06-21 14:02:11 - [TEST_STEP][PASSED] - click(findTestObject("OCS-DESKTOP/LEARN page/why trust us - chevron")): Object: 'Object Repository/OCS-DESKTOP/LEARN page/why trust us - chevron' is clicked on

2019-06-21 14:02:13 - [MESSAGE][PASSED] - Object: 'Object Repository/OCS-DESKTOP/LEARN page/why trust us - chevron' is clicked on

2019-06-21 14:02:13 - [TEST_STEP][PASSED] - verifyTextPresent("Legal products and reliable information.", true): Text 'Legal products and reliable information.' is present on page  using regular expression

2019-06-21 14:02:13 - [MESSAGE][PASSED] - Text 'Legal products and reliable information.' is present on page  using regular expression

2019-06-21 14:02:13 - [TEST_STEP][PASSED] - delay(2): Delayed 2 second(s)

2019-06-21 14:02:15 - [MESSAGE][PASSED] - Delayed 2 second(s)

2019-06-21 14:02:15 - [TEST_STEP][PASSED] - click(findTestObject("OCS-DESKTOP/Age gate and Mega menu/Header/LEARN menu - En"), CONTINUE_ON_FAILURE): Object: 'Object Repository/OCS-DESKTOP/Age gate and Mega menu/Header/LEARN menu - En' is clicked on

2019-06-21 14:02:15 - [MESSAGE][PASSED] - Object: 'Object Repository/OCS-DESKTOP/Age gate and Mega menu/Header/LEARN menu - En' is clicked on

2019-06-21 14:02:15 - [TEST_STEP][PASSED] - delay(2, CONTINUE_ON_FAILURE): Delayed 2 second(s)

2019-06-21 14:02:17 - [MESSAGE][PASSED] - Delayed 2 second(s)

2019-06-21 14:02:17 - [TEST_STEP][PASSED] - delay(1): Delayed 1 second(s)

2019-06-21 14:02:18 - [MESSAGE][PASSED] - Delayed 1 second(s)

2019-06-21 14:02:18 - [TEST_STEP][PASSED] - click(findTestObject("OCS-DESKTOP/LEARN page/about buying cannabis - chveron")): Object: 'Object Repository/OCS-DESKTOP/LEARN page/about buying cannabis - chveron' is clicked on

2019-06-21 14:02:21 - [MESSAGE][PASSED] - Object: 'Object Repository/OCS-DESKTOP/LEARN page/about buying cannabis - chveron' is clicked on

2019-06-21 14:02:21 - [TEST_STEP][PASSED] - delay(2): Delayed 2 second(s)

2019-06-21 14:02:23 - [MESSAGE][PASSED] - Delayed 2 second(s)

2019-06-21 14:02:23 - [TEST_STEP][PASSED] - verifyTextPresent("These facts are good to know before making a cannabis purchase.", true): Text 'These facts are good to know before making a cannabis purchase.' is present on page  using regular expression

2019-06-21 14:02:23 - [MESSAGE][PASSED] - Text 'These facts are good to know before making a cannabis purchase.' is present on page  using regular expression

2019-06-21 14:02:23 - [TEST_STEP][PASSED] - delay(2): Delayed 2 second(s)

2019-06-21 14:02:25 - [MESSAGE][PASSED] - Delayed 2 second(s)

2019-06-21 14:02:25 - [TEST_STEP][PASSED] - click(findTestObject("OCS-DESKTOP/Age gate and Mega menu/Header/LEARN menu - En"), CONTINUE_ON_FAILURE): Object: 'Object Repository/OCS-DESKTOP/Age gate and Mega menu/Header/LEARN menu - En' is clicked on

2019-06-21 14:02:25 - [MESSAGE][PASSED] - Object: 'Object Repository/OCS-DESKTOP/Age gate and Mega menu/Header/LEARN menu - En' is clicked on

2019-06-21 14:02:25 - [TEST_STEP][PASSED] - delay(2, CONTINUE_ON_FAILURE): Delayed 2 second(s)

2019-06-21 14:02:27 - [MESSAGE][PASSED] - Delayed 2 second(s)

2019-06-21 14:02:27 - [TEST_STEP][PASSED] - click(findTestObject("OCS-DESKTOP/LEARN page/Read More -5")): Object: 'Object Repository/OCS-DESKTOP/LEARN page/Read More -5' is clicked on

2019-06-21 14:02:30 - [MESSAGE][PASSED] - Object: 'Object Repository/OCS-DESKTOP/LEARN page/Read More -5' is clicked on

2019-06-21 14:02:30 - [TEST_STEP][PASSED] - delay(1): Delayed 1 second(s)

2019-06-21 14:02:31 - [MESSAGE][PASSED] - Delayed 1 second(s)

2019-06-21 14:02:31 - [TEST_STEP][PASSED] - verifyTextPresent("Buying Cannabis at OCS", true): Text 'Buying Cannabis at OCS' is present on page  using regular expression

2019-06-21 14:02:31 - [MESSAGE][PASSED] - Text 'Buying Cannabis at OCS' is present on page  using regular expression

2019-06-21 14:02:31 - [TEST_STEP][PASSED] - delay(2): Delayed 2 second(s)

2019-06-21 14:02:33 - [MESSAGE][PASSED] - Delayed 2 second(s)

2019-06-21 14:02:33 - [TEST_STEP][PASSED] - click(findTestObject("OCS-DESKTOP/Age gate and Mega menu/Header/LEARN menu - En"), CONTINUE_ON_FAILURE): Object: 'Object Repository/OCS-DESKTOP/Age gate and Mega menu/Header/LEARN menu - En' is clicked on

2019-06-21 14:02:34 - [MESSAGE][PASSED] - Object: 'Object Repository/OCS-DESKTOP/Age gate and Mega menu/Header/LEARN menu - En' is clicked on

2019-06-21 14:02:34 - [TEST_STEP][PASSED] - delay(2): Delayed 2 second(s)

2019-06-21 14:02:36 - [MESSAGE][PASSED] - Delayed 2 second(s)

2019-06-21 14:02:36 - [TEST_STEP][PASSED] - click(findTestObject("OCS-DESKTOP/LEARN page/Whats Legal plus accordian")): Object: 'Object Repository/OCS-DESKTOP/LEARN page/Whats Legal plus accordian' is clicked on

2019-06-21 14:02:39 - [MESSAGE][PASSED] - Object: 'Object Repository/OCS-DESKTOP/LEARN page/Whats Legal plus accordian' is clicked on

2019-06-21 14:02:39 - [TEST_STEP][PASSED] - delay(1): Delayed 1 second(s)

2019-06-21 14:02:40 - [MESSAGE][PASSED] - Delayed 1 second(s)

2019-06-21 14:02:40 - [TEST_STEP][PASSED] - click(findTestObject("OCS-DESKTOP/Age gate and Mega menu/Header/LEARN menu - En"), CONTINUE_ON_FAILURE): Object: 'Object Repository/OCS-DESKTOP/Age gate and Mega menu/Header/LEARN menu - En' is clicked on

2019-06-21 14:02:40 - [MESSAGE][PASSED] - Object: 'Object Repository/OCS-DESKTOP/Age gate and Mega menu/Header/LEARN menu - En' is clicked on

2019-06-21 14:02:40 - [TEST_STEP][PASSED] - delay(1): Delayed 1 second(s)

2019-06-21 14:02:41 - [MESSAGE][PASSED] - Delayed 1 second(s)

2019-06-21 14:02:41 - [TEST_STEP][PASSED] - click(findTestObject("OCS-DESKTOP/LEARN page/History -part 1 - chveron")): Object: 'Object Repository/OCS-DESKTOP/LEARN page/History -part 1 - chveron' is clicked on

2019-06-21 14:02:44 - [MESSAGE][PASSED] - Object: 'Object Repository/OCS-DESKTOP/LEARN page/History -part 1 - chveron' is clicked on

2019-06-21 14:02:44 - [TEST_STEP][PASSED] - verifyTextPresent("A Brief History of Cannabis - Part 1", true): Text 'A Brief History of Cannabis - Part 1' is present on page  using regular expression

2019-06-21 14:02:44 - [MESSAGE][PASSED] - Text 'A Brief History of Cannabis - Part 1' is present on page  using regular expression

2019-06-21 14:02:44 - [TEST_STEP][PASSED] - delay(2): Delayed 2 second(s)

2019-06-21 14:02:46 - [MESSAGE][PASSED] - Delayed 2 second(s)

2019-06-21 14:02:46 - [TEST_STEP][PASSED] - click(findTestObject("OCS-DESKTOP/Age gate and Mega menu/Header/LEARN menu - En"), CONTINUE_ON_FAILURE): Object: 'Object Repository/OCS-DESKTOP/Age gate and Mega menu/Header/LEARN menu - En' is clicked on

2019-06-21 14:02:47 - [MESSAGE][PASSED] - Object: 'Object Repository/OCS-DESKTOP/Age gate and Mega menu/Header/LEARN menu - En' is clicked on

2019-06-21 14:02:47 - [TEST_STEP][PASSED] - delay(2, CONTINUE_ON_FAILURE): Delayed 2 second(s)

2019-06-21 14:02:49 - [MESSAGE][PASSED] - Delayed 2 second(s)

2019-06-21 14:02:49 - [TEST_STEP][PASSED] - click(findTestObject("OCS-DESKTOP/LEARN page/History -part 2 - chveron")): Object: 'Object Repository/OCS-DESKTOP/LEARN page/History -part 2 - chveron' is clicked on

2019-06-21 14:02:50 - [MESSAGE][PASSED] - Object: 'Object Repository/OCS-DESKTOP/LEARN page/History -part 2 - chveron' is clicked on

2019-06-21 14:02:50 - [TEST_STEP][PASSED] - verifyTextPresent("A Brief History of Cannabis - Part 2", true): Text 'A Brief History of Cannabis - Part 2' is present on page  using regular expression

2019-06-21 14:02:50 - [MESSAGE][PASSED] - Text 'A Brief History of Cannabis - Part 2' is present on page  using regular expression

2019-06-21 14:02:50 - [TEST_STEP][PASSED] - delay(2): Delayed 2 second(s)

2019-06-21 14:02:52 - [MESSAGE][PASSED] - Delayed 2 second(s)

2019-06-21 14:02:52 - [TEST_STEP][PASSED] - click(findTestObject("OCS-DESKTOP/Age gate and Mega menu/Header/LEARN menu - En"), CONTINUE_ON_FAILURE): Object: 'Object Repository/OCS-DESKTOP/Age gate and Mega menu/Header/LEARN menu - En' is clicked on

2019-06-21 14:02:53 - [MESSAGE][PASSED] - Object: 'Object Repository/OCS-DESKTOP/Age gate and Mega menu/Header/LEARN menu - En' is clicked on

2019-06-21 14:02:53 - [TEST_STEP][PASSED] - delay(1): Delayed 1 second(s)

2019-06-21 14:02:54 - [MESSAGE][PASSED] - Delayed 1 second(s)

2019-06-21 14:02:54 - [TEST_STEP][PASSED] - click(findTestObject("OCS-DESKTOP/LEARN page/Legal Use of Cannabis in ontario - chevron")): Object: 'Object Repository/OCS-DESKTOP/LEARN page/Legal Use of Cannabis in ontario - chevron' is clicked on

2019-06-21 14:02:57 - [MESSAGE][PASSED] - Object: 'Object Repository/OCS-DESKTOP/LEARN page/Legal Use of Cannabis in ontario - chevron' is clicked on

2019-06-21 14:02:57 - [TEST_STEP][PASSED] - verifyTextPresent("What you need to know before your start shopping.", true): Text 'What you need to know before your start shopping.' is present on page  using regular expression

2019-06-21 14:02:57 - [MESSAGE][PASSED] - Text 'What you need to know before your start shopping.' is present on page  using regular expression

2019-06-21 14:02:57 - [TEST_STEP][PASSED] - delay(2): Delayed 2 second(s)

2019-06-21 14:02:59 - [MESSAGE][PASSED] - Delayed 2 second(s)

2019-06-21 14:02:59 - [TEST_STEP][PASSED] - click(findTestObject("OCS-DESKTOP/Age gate and Mega menu/Header/LEARN menu - En"), CONTINUE_ON_FAILURE): Object: 'Object Repository/OCS-DESKTOP/Age gate and Mega menu/Header/LEARN menu - En' is clicked on

2019-06-21 14:02:59 - [MESSAGE][PASSED] - Object: 'Object Repository/OCS-DESKTOP/Age gate and Mega menu/Header/LEARN menu - En' is clicked on

2019-06-21 14:02:59 - [TEST_STEP][PASSED] - delay(2): Delayed 2 second(s)

2019-06-21 14:03:01 - [MESSAGE][PASSED] - Delayed 2 second(s)

2019-06-21 14:03:01 - [TEST_STEP][PASSED] - click(findTestObject("OCS-DESKTOP/LEARN page/Read More -6")): Object: 'Object Repository/OCS-DESKTOP/LEARN page/Read More -6' is clicked on

2019-06-21 14:03:03 - [MESSAGE][PASSED] - Object: 'Object Repository/OCS-DESKTOP/LEARN page/Read More -6' is clicked on

2019-06-21 14:03:03 - [TEST_STEP][PASSED] - verifyTextPresent("Learn about cannabis laws.", true): Text 'Learn about cannabis laws.' is present on page  using regular expression

2019-06-21 14:03:03 - [MESSAGE][PASSED] - Text 'Learn about cannabis laws.' is present on page  using regular expression

2019-06-21 14:03:03 - [TEST_STEP][PASSED] - delay(2): Delayed 2 second(s)

2019-06-21 14:03:05 - [MESSAGE][PASSED] - Delayed 2 second(s)

2019-06-21 14:03:05 - [TEST_STEP][PASSED] - click(findTestObject("OCS-DESKTOP/Age gate and Mega menu/Header/LEARN menu - En"), CONTINUE_ON_FAILURE): Object: 'Object Repository/OCS-DESKTOP/Age gate and Mega menu/Header/LEARN menu - En' is clicked on

2019-06-21 14:03:06 - [MESSAGE][PASSED] - Object: 'Object Repository/OCS-DESKTOP/Age gate and Mega menu/Header/LEARN menu - En' is clicked on

2019-06-21 14:03:06 - [TEST_STEP][PASSED] - delay(2): Delayed 2 second(s)

2019-06-21 14:03:08 - [MESSAGE][PASSED] - Delayed 2 second(s)

2019-06-21 14:03:08 - [TEST_STEP][NOT_RUN] - click(findTestObject("OCS-MOBILE /LEARN page/see the learn section button")): NOT_RUN: click(findTestObject("OCS-MOBILE /LEARN page/see the learn section button"))

2019-06-21 14:03:08 - [MESSAGE][NOT_RUN] - NOT_RUN: click(findTestObject("OCS-MOBILE /LEARN page/see the learn section button"))

2019-06-21 14:03:08 - [TEST_STEP][NOT_RUN] - verifyTextPresent("Learn about cannabis laws.", true): NOT_RUN: verifyTextPresent("Learn about cannabis laws.", true)

2019-06-21 14:03:08 - [MESSAGE][NOT_RUN] - NOT_RUN: verifyTextPresent("Learn about cannabis laws.", true)

2019-06-21 14:03:08 - [TEST_STEP][PASSED] - delay(2): Delayed 2 second(s)

2019-06-21 14:03:10 - [MESSAGE][PASSED] - Delayed 2 second(s)

2019-06-21 14:03:10 - [TEST_STEP][NOT_RUN] - click(findTestObject("OCS-DESKTOP/Age gate and Mega menu/Header/LEARN menu - En"), CONTINUE_ON_FAILURE): NOT_RUN: click(findTestObject("OCS-DESKTOP/Age gate and Mega menu/Header/LEARN menu - En"), CONTINUE_ON_FAILURE)

2019-06-21 14:03:10 - [MESSAGE][NOT_RUN] - NOT_RUN: click(findTestObject("OCS-DESKTOP/Age gate and Mega menu/Header/LEARN menu - En"), CONTINUE_ON_FAILURE)

2019-06-21 14:03:10 - [TEST_STEP][PASSED] - click(findTestObject("OCS-DESKTOP/LEARN page/a brief history of cannabis")): Object: 'Object Repository/OCS-DESKTOP/LEARN page/a brief history of cannabis' is clicked on

2019-06-21 14:03:13 - [MESSAGE][PASSED] - Object: 'Object Repository/OCS-DESKTOP/LEARN page/a brief history of cannabis' is clicked on

2019-06-21 14:03:13 - [TEST_STEP][PASSED] - verifyTextPresent("How to Recycle Cannabis Packaging", true): Text 'How to Recycle Cannabis Packaging' is present on page  using regular expression

2019-06-21 14:03:13 - [MESSAGE][PASSED] - Text 'How to Recycle Cannabis Packaging' is present on page  using regular expression

2019-06-21 14:03:13 - [TEST_STEP][PASSED] - delay(2): Delayed 2 second(s)

2019-06-21 14:03:15 - [MESSAGE][PASSED] - Delayed 2 second(s)

2019-06-21 14:03:15 - [TEST_STEP][PASSED] - click(findTestObject("OCS-DESKTOP/Age gate and Mega menu/Header/LEARN menu - En"), CONTINUE_ON_FAILURE): Object: 'Object Repository/OCS-DESKTOP/Age gate and Mega menu/Header/LEARN menu - En' is clicked on

2019-06-21 14:03:15 - [MESSAGE][PASSED] - Object: 'Object Repository/OCS-DESKTOP/Age gate and Mega menu/Header/LEARN menu - En' is clicked on

2019-06-21 14:03:15 - [TEST_STEP][PASSED] - delay(1, OPTIONAL): Delayed 1 second(s)

2019-06-21 14:03:16 - [MESSAGE][PASSED] - Delayed 1 second(s)

2019-06-21 14:03:16 - [TEST_STEP][PASSED] - executeJavaScript("var previewBar = document.getElementById("preview-bar-iframe"); previewBar.style.display = "none";", []): Execute JavaScript 'var previewBar = document.getElementById("preview-bar-iframe"); previewBar.style.display = "none";' successfully

2019-06-21 14:03:16 - [MESSAGE][PASSED] - Execute JavaScript 'var previewBar = document.getElementById("preview-bar-iframe"); previewBar.style.display = "none";' successfully

2019-06-21 14:03:16 - [TEST_STEP][PASSED] - click(findTestObject("OCS-DESKTOP/LEARN page/see our FAQ")): Object: 'Object Repository/OCS-DESKTOP/LEARN page/see our FAQ' is clicked on

2019-06-21 14:03:18 - [MESSAGE][PASSED] - Object: 'Object Repository/OCS-DESKTOP/LEARN page/see our FAQ' is clicked on

2019-06-21 14:03:18 - [TEST_STEP][PASSED] - verifyTextPresent("Legal Use of Cannabis in Ontario", true, OPTIONAL): Text 'Legal Use of Cannabis in Ontario' is not present on page  using regular expression

2019-06-21 14:03:19 - [MESSAGE][WARNING] - Text 'Legal Use of Cannabis in Ontario' is not present on page  using regular expression

2019-06-21 14:03:19 - [TEST_STEP][PASSED] - delay(2): Delayed 2 second(s)

2019-06-21 14:03:21 - [MESSAGE][PASSED] - Delayed 2 second(s)

2019-06-21 14:03:21 - [TEST_STEP][PASSED] - click(findTestObject("OCS-DESKTOP/Age gate and Mega menu/Header/LEARN menu - En"), CONTINUE_ON_FAILURE): Object: 'Object Repository/OCS-DESKTOP/Age gate and Mega menu/Header/LEARN menu - En' is clicked on

2019-06-21 14:03:21 - [MESSAGE][PASSED] - Object: 'Object Repository/OCS-DESKTOP/Age gate and Mega menu/Header/LEARN menu - En' is clicked on

2019-06-21 14:03:21 - [TEST_STEP][PASSED] - delay(1, OPTIONAL): Delayed 1 second(s)

2019-06-21 14:03:22 - [MESSAGE][PASSED] - Delayed 1 second(s)

2019-06-21 14:03:22 - [TEST_STEP][PASSED] - executeJavaScript("var previewBar = document.getElementById("preview-bar-iframe"); previewBar.style.display = "none";", []): Execute JavaScript 'var previewBar = document.getElementById("preview-bar-iframe"); previewBar.style.display = "none";' successfully

2019-06-21 14:03:22 - [MESSAGE][PASSED] - Execute JavaScript 'var previewBar = document.getElementById("preview-bar-iframe"); previewBar.style.display = "none";' successfully

2019-06-21 14:03:22 - [TEST_STEP][PASSED] - click(findTestObject("OCS-DESKTOP/LEARN page/SEE OUR GLOSSARY")): Object: 'Object Repository/OCS-DESKTOP/LEARN page/SEE OUR GLOSSARY' is clicked on

2019-06-21 14:03:25 - [MESSAGE][PASSED] - Object: 'Object Repository/OCS-DESKTOP/LEARN page/SEE OUR GLOSSARY' is clicked on]]></system-out>
         <system-err><![CDATA[]]></system-err>
      </testcase>
      <testcase name="Test Cases/OCS - DESKTOP/OCS- PRODUCT PAGE/Add to bag CTA" classname="Test Cases/OCS - DESKTOP/OCS- PRODUCT PAGE/Add to bag CTA" status="PASSED">
         <system-out><![CDATA[2019-06-21 14:03:25 - [TEST_CASE][PASSED] - Test Cases/OCS - DESKTOP/OCS- PRODUCT PAGE/Add to bag CTA: Test Cases/OCS - DESKTOP/OCS- PRODUCT PAGE/Add to bag CTA

2019-06-21 14:03:25 - [TEST_STEP][PASSED] - callTestCase(findTestCase("OCS - DESKTOP/CALL - PDP"), [:], STOP_ON_FAILURE): Call Test Case 'Test Cases/OCS - DESKTOP/CALL - PDP' successfully

2019-06-21 14:03:25 - [TEST_CASE][PASSED] - Test Cases/OCS - DESKTOP/CALL - PDP: Test Cases/OCS - DESKTOP/CALL - PDP

2019-06-21 14:03:25 - [TEST_STEP][PASSED] - openBrowser(""): Browser is opened with url: ''

2019-06-21 14:03:25 - [MESSAGE][WARNING] - A browser is already opened. Closing browser and opening a new one

2019-06-21 14:03:26 - [MESSAGE][INFO] - Starting 'Firefox' driver

2019-06-21 14:03:28 - [MESSAGE][PASSED] - Browser is opened with url: ''

2019-06-21 14:03:28 - [TEST_STEP][PASSED] - navigateToUrl("https://ocs.ca/?fts=0&preview_theme_id=74057975628"): Navigate to 'https://ocs.ca/?fts=0&preview_theme_id=74057975628' successfully

2019-06-21 14:03:35 - [MESSAGE][PASSED] - Navigate to 'https://ocs.ca/?fts=0&preview_theme_id=74057975628' successfully

2019-06-21 14:03:35 - [TEST_STEP][PASSED] - maximizeWindow(): Current window maximized

2019-06-21 14:03:36 - [MESSAGE][PASSED] - Current window maximized

2019-06-21 14:03:36 - [TEST_STEP][PASSED] - executeJavaScript("var previewBar = document.getElementById("preview-bar-iframe"); previewBar.style.display = "none";", []): Execute JavaScript 'var previewBar = document.getElementById("preview-bar-iframe"); previewBar.style.display = "none";' successfully

2019-06-21 14:03:36 - [MESSAGE][PASSED] - Execute JavaScript 'var previewBar = document.getElementById("preview-bar-iframe"); previewBar.style.display = "none";' successfully

2019-06-21 14:03:36 - [TEST_STEP][PASSED] - delay(4): Delayed 4 second(s)

2019-06-21 14:03:40 - [MESSAGE][PASSED] - Delayed 4 second(s)

2019-06-21 14:03:40 - [TEST_STEP][PASSED] - selectOptionByValue(findTestObject("OCS-DESKTOP/Age gate and Mega menu/Date"), "12", true): All options with value '12' are selected in object 'Object Repository/OCS-DESKTOP/Age gate and Mega menu/Date'  using regular expression

2019-06-21 14:03:41 - [MESSAGE][PASSED] - All options with value '12' are selected in object 'Object Repository/OCS-DESKTOP/Age gate and Mega menu/Date'  using regular expression

2019-06-21 14:03:41 - [TEST_STEP][PASSED] - selectOptionByValue(findTestObject("OCS-DESKTOP/Age gate and Mega menu/month"), "6", true): All options with value '6' are selected in object 'Object Repository/OCS-DESKTOP/Age gate and Mega menu/month'  using regular expression

2019-06-21 14:03:41 - [MESSAGE][PASSED] - All options with value '6' are selected in object 'Object Repository/OCS-DESKTOP/Age gate and Mega menu/month'  using regular expression

2019-06-21 14:03:41 - [TEST_STEP][PASSED] - delay(2): Delayed 2 second(s)

2019-06-21 14:03:43 - [MESSAGE][PASSED] - Delayed 2 second(s)

2019-06-21 14:03:43 - [TEST_STEP][PASSED] - selectOptionByValue(findTestObject("OCS-DESKTOP/Age gate and Mega menu/Year Dropdown"), "1990", true): All options with value '1990' are selected in object 'Object Repository/OCS-DESKTOP/Age gate and Mega menu/Year Dropdown'  using regular expression

2019-06-21 14:03:45 - [MESSAGE][PASSED] - All options with value '1990' are selected in object 'Object Repository/OCS-DESKTOP/Age gate and Mega menu/Year Dropdown'  using regular expression

2019-06-21 14:03:45 - [TEST_STEP][PASSED] - click(findTestObject("OCS-DESKTOP/Age gate and Mega menu/button_Verify")): Object: 'Object Repository/OCS-DESKTOP/Age gate and Mega menu/button_Verify' is clicked on

2019-06-21 14:03:45 - [MESSAGE][PASSED] - Object: 'Object Repository/OCS-DESKTOP/Age gate and Mega menu/button_Verify' is clicked on

2019-06-21 14:03:45 - [TEST_STEP][PASSED] - click(findTestObject("OCS-DESKTOP/Age gate and Mega menu/Checkbox_CONFIRM AND ACKNOWLEDGE")): Object: 'Object Repository/OCS-DESKTOP/Age gate and Mega menu/Checkbox_CONFIRM AND ACKNOWLEDGE' is clicked on

2019-06-21 14:03:45 - [MESSAGE][PASSED] - Object: 'Object Repository/OCS-DESKTOP/Age gate and Mega menu/Checkbox_CONFIRM AND ACKNOWLEDGE' is clicked on

2019-06-21 14:03:45 - [TEST_STEP][PASSED] - click(findTestObject("OCS-DESKTOP/Age gate and Mega menu/button_CONFIRM")): Object: 'Object Repository/OCS-DESKTOP/Age gate and Mega menu/button_CONFIRM' is clicked on

2019-06-21 14:03:45 - [MESSAGE][PASSED] - Object: 'Object Repository/OCS-DESKTOP/Age gate and Mega menu/button_CONFIRM' is clicked on

2019-06-21 14:03:45 - [TEST_STEP][PASSED] - click(findTestObject("OCS-DESKTOP/Age gate and Mega menu/button_Start Browsing")): Object: 'Object Repository/OCS-DESKTOP/Age gate and Mega menu/button_Start Browsing' is clicked on

2019-06-21 14:03:46 - [MESSAGE][PASSED] - Object: 'Object Repository/OCS-DESKTOP/Age gate and Mega menu/button_Start Browsing' is clicked on

2019-06-21 14:03:46 - [TEST_STEP][PASSED] - refresh(): Refresh successfully

2019-06-21 14:03:50 - [MESSAGE][PASSED] - Refresh successfully

2019-06-21 14:03:50 - [TEST_STEP][PASSED] - delay(2): Delayed 2 second(s)

2019-06-21 14:03:52 - [MESSAGE][PASSED] - Delayed 2 second(s)

2019-06-21 14:03:52 - [TEST_STEP][PASSED] - mouseOver(findTestObject("OCS-DESKTOP/Age gate and Mega menu/Header/CANNABIS menu - English")): Object: 'Object Repository/OCS-DESKTOP/Age gate and Mega menu/Header/CANNABIS menu - English' is hovered

2019-06-21 14:03:52 - [MESSAGE][PASSED] - Object: 'Object Repository/OCS-DESKTOP/Age gate and Mega menu/Header/CANNABIS menu - English' is hovered

2019-06-21 14:03:52 - [TEST_STEP][PASSED] - delay(2): Delayed 2 second(s)

2019-06-21 14:03:54 - [MESSAGE][PASSED] - Delayed 2 second(s)

2019-06-21 14:03:54 - [TEST_STEP][PASSED] - click(findTestObject("OCS-DESKTOP/Age gate and Mega menu/Indica Dominant_Menu item")): Object: 'Object Repository/OCS-DESKTOP/Age gate and Mega menu/Indica Dominant_Menu item' is clicked on

2019-06-21 14:03:57 - [MESSAGE][PASSED] - Object: 'Object Repository/OCS-DESKTOP/Age gate and Mega menu/Indica Dominant_Menu item' is clicked on

2019-06-21 14:03:57 - [TEST_STEP][PASSED] - delay(2): Delayed 2 second(s)

2019-06-21 14:03:59 - [MESSAGE][PASSED] - Delayed 2 second(s)

2019-06-21 14:03:59 - [TEST_STEP][PASSED] - scrollToElement(findTestObject("OCS-DESKTOP/Collection page/Product image - 1st one"), 0): Scroll to object 'Object Repository/OCS-DESKTOP/Collection page/Product image - 1st one' successfully

2019-06-21 14:03:59 - [MESSAGE][WARNING] - Timeout '0' is invalid. Using default page load timeout: '30'

2019-06-21 14:03:59 - [MESSAGE][PASSED] - Scroll to object 'Object Repository/OCS-DESKTOP/Collection page/Product image - 1st one' successfully

2019-06-21 14:03:59 - [TEST_STEP][PASSED] - delay(2): Delayed 2 second(s)

2019-06-21 14:04:01 - [MESSAGE][PASSED] - Delayed 2 second(s)

2019-06-21 14:04:01 - [TEST_STEP][PASSED] - click(findTestObject("OCS-DESKTOP/Collection page/Product image - 1st one")): Object: 'Object Repository/OCS-DESKTOP/Collection page/Product image - 1st one' is clicked on

2019-06-21 14:04:03 - [MESSAGE][PASSED] - Object: 'Object Repository/OCS-DESKTOP/Collection page/Product image - 1st one' is clicked on

2019-06-21 14:04:03 - [TEST_STEP][PASSED] - executeJavaScript("var previewBar = document.getElementById("preview-bar-iframe"); previewBar.style.display = "none";", []): Execute JavaScript 'var previewBar = document.getElementById("preview-bar-iframe"); previewBar.style.display = "none";' successfully

2019-06-21 14:04:03 - [MESSAGE][PASSED] - Execute JavaScript 'var previewBar = document.getElementById("preview-bar-iframe"); previewBar.style.display = "none";' successfully

2019-06-21 14:04:03 - [TEST_STEP][PASSED] - delay(2): Delayed 2 second(s)

2019-06-21 14:04:05 - [MESSAGE][PASSED] - Delayed 2 second(s)

2019-06-21 14:04:05 - [MESSAGE][PASSED] - Call Test Case 'Test Cases/OCS - DESKTOP/CALL - PDP' successfully

2019-06-21 14:04:05 - [TEST_STEP][NOT_RUN] - scrollToElement(findTestObject("OCS-DESKTOP/Product page/Product image"), 1): NOT_RUN: scrollToElement(findTestObject("OCS-DESKTOP/Product page/Product image"), 1)

2019-06-21 14:04:05 - [MESSAGE][NOT_RUN] - NOT_RUN: scrollToElement(findTestObject("OCS-DESKTOP/Product page/Product image"), 1)

2019-06-21 14:04:05 - [TEST_STEP][PASSED] - delay(2): Delayed 2 second(s)

2019-06-21 14:04:07 - [MESSAGE][PASSED] - Delayed 2 second(s)

2019-06-21 14:04:07 - [TEST_STEP][PASSED] - click(findTestObject("OCS-DESKTOP/Product page/Swatch_1g")): Object: 'Object Repository/OCS-DESKTOP/Product page/Swatch_1g' is clicked on

2019-06-21 14:04:07 - [MESSAGE][PASSED] - Object: 'Object Repository/OCS-DESKTOP/Product page/Swatch_1g' is clicked on

2019-06-21 14:04:07 - [TEST_STEP][PASSED] - scrollToElement(findTestObject("OCS-DESKTOP/Product page/Swatch_3.5g"), 1): Scroll to object 'Object Repository/OCS-DESKTOP/Product page/Swatch_3.5g' successfully

2019-06-21 14:04:07 - [MESSAGE][PASSED] - Scroll to object 'Object Repository/OCS-DESKTOP/Product page/Swatch_3.5g' successfully

2019-06-21 14:04:07 - [TEST_STEP][PASSED] - delay(2): Delayed 2 second(s)

2019-06-21 14:04:09 - [MESSAGE][PASSED] - Delayed 2 second(s)

2019-06-21 14:04:09 - [TEST_STEP][PASSED] - click(findTestObject("OCS-DESKTOP/Product page/Add to Bag-button")): Object: 'Object Repository/OCS-DESKTOP/Product page/Add to Bag-button' is clicked on

2019-06-21 14:04:10 - [MESSAGE][PASSED] - Object: 'Object Repository/OCS-DESKTOP/Product page/Add to Bag-button' is clicked on

2019-06-21 14:04:10 - [TEST_STEP][PASSED] - delay(1): Delayed 1 second(s)

2019-06-21 14:04:11 - [MESSAGE][PASSED] - Delayed 1 second(s)

2019-06-21 14:04:11 - [TEST_STEP][PASSED] - click(findTestObject("OCS-DESKTOP/Home - page/Cart icon -bag")): Object: 'Object Repository/OCS-DESKTOP/Home - page/Cart icon -bag' is clicked on

2019-06-21 14:04:11 - [MESSAGE][PASSED] - Object: 'Object Repository/OCS-DESKTOP/Home - page/Cart icon -bag' is clicked on

2019-06-21 14:04:11 - [TEST_STEP][PASSED] - delay(1): Delayed 1 second(s)

2019-06-21 14:04:12 - [MESSAGE][PASSED] - Delayed 1 second(s)

2019-06-21 14:04:12 - [TEST_STEP][PASSED] - verifyElementPresent(findTestObject("OCS-DESKTOP/Cart flyout/Cart - 1st item"), 2): Object 'Object Repository/OCS-DESKTOP/Cart flyout/Cart - 1st item' is present

2019-06-21 14:04:12 - [MESSAGE][PASSED] - Object 'Object Repository/OCS-DESKTOP/Cart flyout/Cart - 1st item' is present

2019-06-21 14:04:12 - [TEST_STEP][PASSED] - delay(1): Delayed 1 second(s)

2019-06-21 14:04:13 - [MESSAGE][PASSED] - Delayed 1 second(s)

2019-06-21 14:04:13 - [TEST_STEP][PASSED] - click(findTestObject("OCS-DESKTOP/Cart flyout/Back icon")): Object: 'Object Repository/OCS-DESKTOP/Cart flyout/Back icon' is clicked on

2019-06-21 14:04:13 - [MESSAGE][PASSED] - Object: 'Object Repository/OCS-DESKTOP/Cart flyout/Back icon' is clicked on

2019-06-21 14:04:13 - [TEST_STEP][PASSED] - closeBrowser(): Browser is closed

2019-06-21 14:04:14 - [MESSAGE][PASSED] - Browser is closed]]></system-out>
         <system-err><![CDATA[]]></system-err>
      </testcase>
      <testcase name="Test Cases/OCS - DESKTOP/OCS- PRODUCT PAGE/Shop all of our products" classname="Test Cases/OCS - DESKTOP/OCS- PRODUCT PAGE/Shop all of our products" status="PASSED">
         <system-out><![CDATA[2019-06-21 14:04:14 - [TEST_CASE][PASSED] - Test Cases/OCS - DESKTOP/OCS- PRODUCT PAGE/Shop all of our products: Test Cases/OCS - DESKTOP/OCS- PRODUCT PAGE/Shop all of our products

2019-06-21 14:04:14 - [TEST_STEP][PASSED] - callTestCase(findTestCase("OCS - DESKTOP/CALL - PDP"), [:], STOP_ON_FAILURE): Call Test Case 'Test Cases/OCS - DESKTOP/CALL - PDP' successfully

2019-06-21 14:04:14 - [TEST_CASE][PASSED] - Test Cases/OCS - DESKTOP/CALL - PDP: Test Cases/OCS - DESKTOP/CALL - PDP

2019-06-21 14:04:14 - [TEST_STEP][PASSED] - openBrowser(""): Browser is opened with url: ''

2019-06-21 14:04:14 - [MESSAGE][INFO] - Starting 'Firefox' driver

2019-06-21 14:04:16 - [MESSAGE][PASSED] - Browser is opened with url: ''

2019-06-21 14:04:16 - [TEST_STEP][PASSED] - navigateToUrl("https://ocs.ca/?fts=0&preview_theme_id=74057975628"): Navigate to 'https://ocs.ca/?fts=0&preview_theme_id=74057975628' successfully

2019-06-21 14:04:25 - [MESSAGE][PASSED] - Navigate to 'https://ocs.ca/?fts=0&preview_theme_id=74057975628' successfully

2019-06-21 14:04:25 - [TEST_STEP][PASSED] - maximizeWindow(): Current window maximized

2019-06-21 14:04:25 - [MESSAGE][PASSED] - Current window maximized

2019-06-21 14:04:25 - [TEST_STEP][PASSED] - executeJavaScript("var previewBar = document.getElementById("preview-bar-iframe"); previewBar.style.display = "none";", []): Execute JavaScript 'var previewBar = document.getElementById("preview-bar-iframe"); previewBar.style.display = "none";' successfully

2019-06-21 14:04:25 - [MESSAGE][PASSED] - Execute JavaScript 'var previewBar = document.getElementById("preview-bar-iframe"); previewBar.style.display = "none";' successfully

2019-06-21 14:04:25 - [TEST_STEP][PASSED] - delay(4): Delayed 4 second(s)

2019-06-21 14:04:29 - [MESSAGE][PASSED] - Delayed 4 second(s)

2019-06-21 14:04:29 - [TEST_STEP][PASSED] - selectOptionByValue(findTestObject("OCS-DESKTOP/Age gate and Mega menu/Date"), "12", true): All options with value '12' are selected in object 'Object Repository/OCS-DESKTOP/Age gate and Mega menu/Date'  using regular expression

2019-06-21 14:04:30 - [MESSAGE][PASSED] - All options with value '12' are selected in object 'Object Repository/OCS-DESKTOP/Age gate and Mega menu/Date'  using regular expression

2019-06-21 14:04:30 - [TEST_STEP][PASSED] - selectOptionByValue(findTestObject("OCS-DESKTOP/Age gate and Mega menu/month"), "6", true): All options with value '6' are selected in object 'Object Repository/OCS-DESKTOP/Age gate and Mega menu/month'  using regular expression

2019-06-21 14:04:31 - [MESSAGE][PASSED] - All options with value '6' are selected in object 'Object Repository/OCS-DESKTOP/Age gate and Mega menu/month'  using regular expression

2019-06-21 14:04:31 - [TEST_STEP][PASSED] - delay(2): Delayed 2 second(s)

2019-06-21 14:04:33 - [MESSAGE][PASSED] - Delayed 2 second(s)

2019-06-21 14:04:33 - [TEST_STEP][PASSED] - selectOptionByValue(findTestObject("OCS-DESKTOP/Age gate and Mega menu/Year Dropdown"), "1990", true): All options with value '1990' are selected in object 'Object Repository/OCS-DESKTOP/Age gate and Mega menu/Year Dropdown'  using regular expression

2019-06-21 14:04:34 - [MESSAGE][PASSED] - All options with value '1990' are selected in object 'Object Repository/OCS-DESKTOP/Age gate and Mega menu/Year Dropdown'  using regular expression

2019-06-21 14:04:34 - [TEST_STEP][PASSED] - click(findTestObject("OCS-DESKTOP/Age gate and Mega menu/button_Verify")): Object: 'Object Repository/OCS-DESKTOP/Age gate and Mega menu/button_Verify' is clicked on

2019-06-21 14:04:34 - [MESSAGE][PASSED] - Object: 'Object Repository/OCS-DESKTOP/Age gate and Mega menu/button_Verify' is clicked on

2019-06-21 14:04:34 - [TEST_STEP][PASSED] - click(findTestObject("OCS-DESKTOP/Age gate and Mega menu/Checkbox_CONFIRM AND ACKNOWLEDGE")): Object: 'Object Repository/OCS-DESKTOP/Age gate and Mega menu/Checkbox_CONFIRM AND ACKNOWLEDGE' is clicked on

2019-06-21 14:04:35 - [MESSAGE][PASSED] - Object: 'Object Repository/OCS-DESKTOP/Age gate and Mega menu/Checkbox_CONFIRM AND ACKNOWLEDGE' is clicked on

2019-06-21 14:04:35 - [TEST_STEP][PASSED] - click(findTestObject("OCS-DESKTOP/Age gate and Mega menu/button_CONFIRM")): Object: 'Object Repository/OCS-DESKTOP/Age gate and Mega menu/button_CONFIRM' is clicked on

2019-06-21 14:04:35 - [MESSAGE][PASSED] - Object: 'Object Repository/OCS-DESKTOP/Age gate and Mega menu/button_CONFIRM' is clicked on

2019-06-21 14:04:35 - [TEST_STEP][PASSED] - click(findTestObject("OCS-DESKTOP/Age gate and Mega menu/button_Start Browsing")): Object: 'Object Repository/OCS-DESKTOP/Age gate and Mega menu/button_Start Browsing' is clicked on

2019-06-21 14:04:35 - [MESSAGE][PASSED] - Object: 'Object Repository/OCS-DESKTOP/Age gate and Mega menu/button_Start Browsing' is clicked on

2019-06-21 14:04:35 - [TEST_STEP][PASSED] - refresh(): Refresh successfully

2019-06-21 14:04:41 - [MESSAGE][PASSED] - Refresh successfully

2019-06-21 14:04:41 - [TEST_STEP][PASSED] - delay(2): Delayed 2 second(s)

2019-06-21 14:04:43 - [MESSAGE][PASSED] - Delayed 2 second(s)

2019-06-21 14:04:43 - [TEST_STEP][PASSED] - mouseOver(findTestObject("OCS-DESKTOP/Age gate and Mega menu/Header/CANNABIS menu - English")): Object: 'Object Repository/OCS-DESKTOP/Age gate and Mega menu/Header/CANNABIS menu - English' is hovered

2019-06-21 14:04:43 - [MESSAGE][PASSED] - Object: 'Object Repository/OCS-DESKTOP/Age gate and Mega menu/Header/CANNABIS menu - English' is hovered

2019-06-21 14:04:43 - [TEST_STEP][PASSED] - delay(2): Delayed 2 second(s)

2019-06-21 14:04:45 - [MESSAGE][PASSED] - Delayed 2 second(s)

2019-06-21 14:04:45 - [TEST_STEP][PASSED] - click(findTestObject("OCS-DESKTOP/Age gate and Mega menu/Indica Dominant_Menu item")): Object: 'Object Repository/OCS-DESKTOP/Age gate and Mega menu/Indica Dominant_Menu item' is clicked on

2019-06-21 14:04:48 - [MESSAGE][PASSED] - Object: 'Object Repository/OCS-DESKTOP/Age gate and Mega menu/Indica Dominant_Menu item' is clicked on

2019-06-21 14:04:48 - [TEST_STEP][PASSED] - delay(2): Delayed 2 second(s)

2019-06-21 14:04:50 - [MESSAGE][PASSED] - Delayed 2 second(s)

2019-06-21 14:04:50 - [TEST_STEP][PASSED] - scrollToElement(findTestObject("OCS-DESKTOP/Collection page/Product image - 1st one"), 0): Scroll to object 'Object Repository/OCS-DESKTOP/Collection page/Product image - 1st one' successfully

2019-06-21 14:04:50 - [MESSAGE][WARNING] - Timeout '0' is invalid. Using default page load timeout: '30'

2019-06-21 14:04:50 - [MESSAGE][PASSED] - Scroll to object 'Object Repository/OCS-DESKTOP/Collection page/Product image - 1st one' successfully

2019-06-21 14:04:50 - [TEST_STEP][PASSED] - delay(2): Delayed 2 second(s)

2019-06-21 14:04:52 - [MESSAGE][PASSED] - Delayed 2 second(s)

2019-06-21 14:04:52 - [TEST_STEP][PASSED] - click(findTestObject("OCS-DESKTOP/Collection page/Product image - 1st one")): Object: 'Object Repository/OCS-DESKTOP/Collection page/Product image - 1st one' is clicked on

2019-06-21 14:04:54 - [MESSAGE][PASSED] - Object: 'Object Repository/OCS-DESKTOP/Collection page/Product image - 1st one' is clicked on

2019-06-21 14:04:54 - [TEST_STEP][PASSED] - executeJavaScript("var previewBar = document.getElementById("preview-bar-iframe"); previewBar.style.display = "none";", []): Execute JavaScript 'var previewBar = document.getElementById("preview-bar-iframe"); previewBar.style.display = "none";' successfully

2019-06-21 14:04:54 - [MESSAGE][PASSED] - Execute JavaScript 'var previewBar = document.getElementById("preview-bar-iframe"); previewBar.style.display = "none";' successfully

2019-06-21 14:04:54 - [TEST_STEP][PASSED] - delay(2): Delayed 2 second(s)

2019-06-21 14:04:56 - [MESSAGE][PASSED] - Delayed 2 second(s)

2019-06-21 14:04:56 - [MESSAGE][PASSED] - Call Test Case 'Test Cases/OCS - DESKTOP/CALL - PDP' successfully

2019-06-21 14:04:56 - [TEST_STEP][NOT_RUN] - scrollToElement(findTestObject("OCS-MOBILE /Product page/Recently Viewed/1st Product - Image"), 2): NOT_RUN: scrollToElement(findTestObject("OCS-MOBILE /Product page/Recently Viewed/1st Product - Image"), 2)

2019-06-21 14:04:56 - [MESSAGE][NOT_RUN] - NOT_RUN: scrollToElement(findTestObject("OCS-MOBILE /Product page/Recently Viewed/1st Product - Image"), 2)

2019-06-21 14:04:56 - [TEST_STEP][PASSED] - delay(1, OPTIONAL): Delayed 1 second(s)

2019-06-21 14:04:57 - [MESSAGE][PASSED] - Delayed 1 second(s)

2019-06-21 14:04:57 - [TEST_STEP][PASSED] - click(findTestObject("OCS-DESKTOP/Product page/Shop all of our products - Button")): Object: 'Object Repository/OCS-DESKTOP/Product page/Shop all of our products - Button' is clicked on

2019-06-21 14:05:00 - [MESSAGE][PASSED] - Object: 'Object Repository/OCS-DESKTOP/Product page/Shop all of our products - Button' is clicked on

2019-06-21 14:05:00 - [TEST_STEP][PASSED] - a = getWindowTitle(): Current window's title is: 'All Products | Ontario Cannabis Store'

2019-06-21 14:05:00 - [MESSAGE][PASSED] - Current window's title is: 'All Products | Ontario Cannabis Store'

2019-06-21 14:05:00 - [TEST_STEP][PASSED] - b = "All Products | Ontario Cannabis Store": null

2019-06-21 14:05:00 - [TEST_STEP][PASSED] - comment("WINDOW TITLE: " + a): WINDOW TITLE: All Products | Ontario Cannabis Store

2019-06-21 14:05:00 - [MESSAGE][INFO] - WINDOW TITLE: All Products | Ontario Cannabis Store

2019-06-21 14:05:00 - [TEST_STEP][PASSED] - verifyEqual(a, b): Actual object 'All Products | Ontario Cannabis Store' and expected object 'All Products | Ontario Cannabis Store' are equal

2019-06-21 14:05:00 - [MESSAGE][PASSED] - Actual object 'All Products | Ontario Cannabis Store' and expected object 'All Products | Ontario Cannabis Store' are equal]]></system-out>
         <system-err><![CDATA[]]></system-err>
      </testcase>
      <testcase name="Test Cases/OCS - DESKTOP/OCS- PRODUCT PAGE/Tooltip" classname="Test Cases/OCS - DESKTOP/OCS- PRODUCT PAGE/Tooltip" status="PASSED">
         <system-out><![CDATA[2019-06-21 14:05:00 - [TEST_CASE][PASSED] - Test Cases/OCS - DESKTOP/OCS- PRODUCT PAGE/Tooltip: Test Cases/OCS - DESKTOP/OCS- PRODUCT PAGE/Tooltip

2019-06-21 14:05:01 - [TEST_STEP][PASSED] - callTestCase(findTestCase("OCS - DESKTOP/CALL - PDP"), [:], STOP_ON_FAILURE): Call Test Case 'Test Cases/OCS - DESKTOP/CALL - PDP' successfully

2019-06-21 14:05:01 - [TEST_CASE][PASSED] - Test Cases/OCS - DESKTOP/CALL - PDP: Test Cases/OCS - DESKTOP/CALL - PDP

2019-06-21 14:05:01 - [TEST_STEP][PASSED] - openBrowser(""): Browser is opened with url: ''

2019-06-21 14:05:01 - [MESSAGE][WARNING] - A browser is already opened. Closing browser and opening a new one

2019-06-21 14:05:01 - [MESSAGE][INFO] - Starting 'Firefox' driver

2019-06-21 14:05:03 - [MESSAGE][PASSED] - Browser is opened with url: ''

2019-06-21 14:05:03 - [TEST_STEP][PASSED] - navigateToUrl("https://ocs.ca/?fts=0&preview_theme_id=74057975628"): Navigate to 'https://ocs.ca/?fts=0&preview_theme_id=74057975628' successfully

2019-06-21 14:05:09 - [MESSAGE][PASSED] - Navigate to 'https://ocs.ca/?fts=0&preview_theme_id=74057975628' successfully

2019-06-21 14:05:09 - [TEST_STEP][PASSED] - maximizeWindow(): Current window maximized

2019-06-21 14:05:10 - [MESSAGE][PASSED] - Current window maximized

2019-06-21 14:05:10 - [TEST_STEP][PASSED] - executeJavaScript("var previewBar = document.getElementById("preview-bar-iframe"); previewBar.style.display = "none";", []): Execute JavaScript 'var previewBar = document.getElementById("preview-bar-iframe"); previewBar.style.display = "none";' successfully

2019-06-21 14:05:10 - [MESSAGE][PASSED] - Execute JavaScript 'var previewBar = document.getElementById("preview-bar-iframe"); previewBar.style.display = "none";' successfully

2019-06-21 14:05:10 - [TEST_STEP][PASSED] - delay(4): Delayed 4 second(s)

2019-06-21 14:05:14 - [MESSAGE][PASSED] - Delayed 4 second(s)

2019-06-21 14:05:14 - [TEST_STEP][PASSED] - selectOptionByValue(findTestObject("OCS-DESKTOP/Age gate and Mega menu/Date"), "12", true): All options with value '12' are selected in object 'Object Repository/OCS-DESKTOP/Age gate and Mega menu/Date'  using regular expression

2019-06-21 14:05:15 - [MESSAGE][PASSED] - All options with value '12' are selected in object 'Object Repository/OCS-DESKTOP/Age gate and Mega menu/Date'  using regular expression

2019-06-21 14:05:15 - [TEST_STEP][PASSED] - selectOptionByValue(findTestObject("OCS-DESKTOP/Age gate and Mega menu/month"), "6", true): All options with value '6' are selected in object 'Object Repository/OCS-DESKTOP/Age gate and Mega menu/month'  using regular expression

2019-06-21 14:05:15 - [MESSAGE][PASSED] - All options with value '6' are selected in object 'Object Repository/OCS-DESKTOP/Age gate and Mega menu/month'  using regular expression

2019-06-21 14:05:15 - [TEST_STEP][PASSED] - delay(2): Delayed 2 second(s)

2019-06-21 14:05:17 - [MESSAGE][PASSED] - Delayed 2 second(s)

2019-06-21 14:05:17 - [TEST_STEP][PASSED] - selectOptionByValue(findTestObject("OCS-DESKTOP/Age gate and Mega menu/Year Dropdown"), "1990", true): All options with value '1990' are selected in object 'Object Repository/OCS-DESKTOP/Age gate and Mega menu/Year Dropdown'  using regular expression

2019-06-21 14:05:19 - [MESSAGE][PASSED] - All options with value '1990' are selected in object 'Object Repository/OCS-DESKTOP/Age gate and Mega menu/Year Dropdown'  using regular expression

2019-06-21 14:05:19 - [TEST_STEP][PASSED] - click(findTestObject("OCS-DESKTOP/Age gate and Mega menu/button_Verify")): Object: 'Object Repository/OCS-DESKTOP/Age gate and Mega menu/button_Verify' is clicked on

2019-06-21 14:05:19 - [MESSAGE][PASSED] - Object: 'Object Repository/OCS-DESKTOP/Age gate and Mega menu/button_Verify' is clicked on

2019-06-21 14:05:19 - [TEST_STEP][PASSED] - click(findTestObject("OCS-DESKTOP/Age gate and Mega menu/Checkbox_CONFIRM AND ACKNOWLEDGE")): Object: 'Object Repository/OCS-DESKTOP/Age gate and Mega menu/Checkbox_CONFIRM AND ACKNOWLEDGE' is clicked on

2019-06-21 14:05:19 - [MESSAGE][PASSED] - Object: 'Object Repository/OCS-DESKTOP/Age gate and Mega menu/Checkbox_CONFIRM AND ACKNOWLEDGE' is clicked on

2019-06-21 14:05:19 - [TEST_STEP][PASSED] - click(findTestObject("OCS-DESKTOP/Age gate and Mega menu/button_CONFIRM")): Object: 'Object Repository/OCS-DESKTOP/Age gate and Mega menu/button_CONFIRM' is clicked on

2019-06-21 14:05:19 - [MESSAGE][PASSED] - Object: 'Object Repository/OCS-DESKTOP/Age gate and Mega menu/button_CONFIRM' is clicked on

2019-06-21 14:05:19 - [TEST_STEP][PASSED] - click(findTestObject("OCS-DESKTOP/Age gate and Mega menu/button_Start Browsing")): Object: 'Object Repository/OCS-DESKTOP/Age gate and Mega menu/button_Start Browsing' is clicked on

2019-06-21 14:05:20 - [MESSAGE][PASSED] - Object: 'Object Repository/OCS-DESKTOP/Age gate and Mega menu/button_Start Browsing' is clicked on

2019-06-21 14:05:20 - [TEST_STEP][PASSED] - refresh(): Refresh successfully

2019-06-21 14:05:23 - [MESSAGE][PASSED] - Refresh successfully

2019-06-21 14:05:23 - [TEST_STEP][PASSED] - delay(2): Delayed 2 second(s)

2019-06-21 14:05:25 - [MESSAGE][PASSED] - Delayed 2 second(s)

2019-06-21 14:05:25 - [TEST_STEP][PASSED] - mouseOver(findTestObject("OCS-DESKTOP/Age gate and Mega menu/Header/CANNABIS menu - English")): Object: 'Object Repository/OCS-DESKTOP/Age gate and Mega menu/Header/CANNABIS menu - English' is hovered

2019-06-21 14:05:25 - [MESSAGE][PASSED] - Object: 'Object Repository/OCS-DESKTOP/Age gate and Mega menu/Header/CANNABIS menu - English' is hovered

2019-06-21 14:05:25 - [TEST_STEP][PASSED] - delay(2): Delayed 2 second(s)

2019-06-21 14:05:27 - [MESSAGE][PASSED] - Delayed 2 second(s)

2019-06-21 14:05:27 - [TEST_STEP][PASSED] - click(findTestObject("OCS-DESKTOP/Age gate and Mega menu/Indica Dominant_Menu item")): Object: 'Object Repository/OCS-DESKTOP/Age gate and Mega menu/Indica Dominant_Menu item' is clicked on

2019-06-21 14:05:29 - [MESSAGE][PASSED] - Object: 'Object Repository/OCS-DESKTOP/Age gate and Mega menu/Indica Dominant_Menu item' is clicked on

2019-06-21 14:05:29 - [TEST_STEP][PASSED] - delay(2): Delayed 2 second(s)

2019-06-21 14:05:31 - [MESSAGE][PASSED] - Delayed 2 second(s)

2019-06-21 14:05:31 - [TEST_STEP][PASSED] - scrollToElement(findTestObject("OCS-DESKTOP/Collection page/Product image - 1st one"), 0): Scroll to object 'Object Repository/OCS-DESKTOP/Collection page/Product image - 1st one' successfully

2019-06-21 14:05:31 - [MESSAGE][WARNING] - Timeout '0' is invalid. Using default page load timeout: '30'

2019-06-21 14:05:31 - [MESSAGE][PASSED] - Scroll to object 'Object Repository/OCS-DESKTOP/Collection page/Product image - 1st one' successfully

2019-06-21 14:05:31 - [TEST_STEP][PASSED] - delay(2): Delayed 2 second(s)

2019-06-21 14:05:33 - [MESSAGE][PASSED] - Delayed 2 second(s)

2019-06-21 14:05:33 - [TEST_STEP][PASSED] - click(findTestObject("OCS-DESKTOP/Collection page/Product image - 1st one")): Object: 'Object Repository/OCS-DESKTOP/Collection page/Product image - 1st one' is clicked on

2019-06-21 14:05:35 - [MESSAGE][PASSED] - Object: 'Object Repository/OCS-DESKTOP/Collection page/Product image - 1st one' is clicked on

2019-06-21 14:05:35 - [TEST_STEP][PASSED] - executeJavaScript("var previewBar = document.getElementById("preview-bar-iframe"); previewBar.style.display = "none";", []): Execute JavaScript 'var previewBar = document.getElementById("preview-bar-iframe"); previewBar.style.display = "none";' successfully

2019-06-21 14:05:35 - [MESSAGE][PASSED] - Execute JavaScript 'var previewBar = document.getElementById("preview-bar-iframe"); previewBar.style.display = "none";' successfully

2019-06-21 14:05:35 - [TEST_STEP][PASSED] - delay(2): Delayed 2 second(s)

2019-06-21 14:05:37 - [MESSAGE][PASSED] - Delayed 2 second(s)

2019-06-21 14:05:37 - [MESSAGE][PASSED] - Call Test Case 'Test Cases/OCS - DESKTOP/CALL - PDP' successfully

2019-06-21 14:05:37 - [TEST_STEP][PASSED] - mouseOver(findTestObject("OCS-DESKTOP/Product page/Tooltips/THC - Tooltip")): Object: 'Object Repository/OCS-DESKTOP/Product page/Tooltips/THC - Tooltip' is hovered

2019-06-21 14:05:38 - [MESSAGE][PASSED] - Object: 'Object Repository/OCS-DESKTOP/Product page/Tooltips/THC - Tooltip' is hovered

2019-06-21 14:05:38 - [TEST_STEP][PASSED] - takeScreenshot(): Taking screenshot successfully

2019-06-21 14:05:38 - [MESSAGE][PASSED] - Taking screenshot successfully
[[ATTACHMENT|/Users/sumankompelly/Relative xpath-Desktop/Reports/OCS-1.11/20190621_135030/1561140338033.png]]

2019-06-21 14:05:38 - [TEST_STEP][PASSED] - delay(2): Delayed 2 second(s)

2019-06-21 14:05:40 - [MESSAGE][PASSED] - Delayed 2 second(s)

2019-06-21 14:05:40 - [TEST_STEP][PASSED] - mouseOver(findTestObject("OCS-DESKTOP/Product page/Tooltips/CBD - Tooltip")): Object: 'Object Repository/OCS-DESKTOP/Product page/Tooltips/CBD - Tooltip' is hovered

2019-06-21 14:05:40 - [MESSAGE][PASSED] - Object: 'Object Repository/OCS-DESKTOP/Product page/Tooltips/CBD - Tooltip' is hovered

2019-06-21 14:05:40 - [TEST_STEP][PASSED] - takeScreenshot(): Taking screenshot successfully

2019-06-21 14:05:40 - [MESSAGE][PASSED] - Taking screenshot successfully
[[ATTACHMENT|/Users/sumankompelly/Relative xpath-Desktop/Reports/OCS-1.11/20190621_135030/1561140340404.png]]

2019-06-21 14:05:40 - [TEST_STEP][PASSED] - delay(2): Delayed 2 second(s)

2019-06-21 14:05:42 - [MESSAGE][PASSED] - Delayed 2 second(s)

2019-06-21 14:05:42 - [TEST_STEP][PASSED] - mouseOver(findTestObject("OCS-DESKTOP/Product page/Tooltips/Plant type - Tooltip")): Object: 'Object Repository/OCS-DESKTOP/Product page/Tooltips/Plant type - Tooltip' is hovered

2019-06-21 14:05:42 - [MESSAGE][PASSED] - Object: 'Object Repository/OCS-DESKTOP/Product page/Tooltips/Plant type - Tooltip' is hovered

2019-06-21 14:05:42 - [TEST_STEP][PASSED] - takeScreenshot(): Taking screenshot successfully

2019-06-21 14:05:42 - [MESSAGE][PASSED] - Taking screenshot successfully
[[ATTACHMENT|/Users/sumankompelly/Relative xpath-Desktop/Reports/OCS-1.11/20190621_135030/1561140342746.png]]

2019-06-21 14:05:42 - [TEST_STEP][PASSED] - delay(2): Delayed 2 second(s)

2019-06-21 14:05:44 - [MESSAGE][PASSED] - Delayed 2 second(s)

2019-06-21 14:05:44 - [TEST_STEP][PASSED] - click(findTestObject("OCS-DESKTOP/Product page/Tooltips/Terpenes - Tooltip")): Object: 'Object Repository/OCS-DESKTOP/Product page/Tooltips/Terpenes - Tooltip' is clicked on

2019-06-21 14:05:45 - [MESSAGE][PASSED] - Object: 'Object Repository/OCS-DESKTOP/Product page/Tooltips/Terpenes - Tooltip' is clicked on

2019-06-21 14:05:45 - [TEST_STEP][PASSED] - takeScreenshot(): Taking screenshot successfully

2019-06-21 14:05:45 - [MESSAGE][PASSED] - Taking screenshot successfully
[[ATTACHMENT|/Users/sumankompelly/Relative xpath-Desktop/Reports/OCS-1.11/20190621_135030/1561140345220.png]]

2019-06-21 14:05:45 - [TEST_STEP][PASSED] - delay(2): Delayed 2 second(s)

2019-06-21 14:05:47 - [MESSAGE][PASSED] - Delayed 2 second(s)

2019-06-21 14:05:47 - [TEST_STEP][PASSED] - scrollToElement(findTestObject("OCS-DESKTOP/Product page/About Product - Section"), 0): Scroll to object 'Object Repository/OCS-DESKTOP/Product page/About Product - Section' successfully

2019-06-21 14:05:47 - [MESSAGE][WARNING] - Timeout '0' is invalid. Using default page load timeout: '30'

2019-06-21 14:05:47 - [MESSAGE][PASSED] - Scroll to object 'Object Repository/OCS-DESKTOP/Product page/About Product - Section' successfully

2019-06-21 14:05:47 - [TEST_STEP][PASSED] - click(findTestObject("OCS-DESKTOP/Product page/Tooltips/THC - Tooltip - About this product")): Object: 'Object Repository/OCS-DESKTOP/Product page/Tooltips/THC - Tooltip - About this product' is clicked on

2019-06-21 14:05:47 - [MESSAGE][PASSED] - Object: 'Object Repository/OCS-DESKTOP/Product page/Tooltips/THC - Tooltip - About this product' is clicked on

2019-06-21 14:05:47 - [TEST_STEP][PASSED] - delay(1): Delayed 1 second(s)

2019-06-21 14:05:48 - [MESSAGE][PASSED] - Delayed 1 second(s)

2019-06-21 14:05:48 - [TEST_STEP][PASSED] - takeScreenshot(): Taking screenshot successfully

2019-06-21 14:05:48 - [MESSAGE][PASSED] - Taking screenshot successfully
[[ATTACHMENT|/Users/sumankompelly/Relative xpath-Desktop/Reports/OCS-1.11/20190621_135030/1561140348686.png]]

2019-06-21 14:05:48 - [TEST_STEP][PASSED] - delay(1): Delayed 1 second(s)

2019-06-21 14:05:49 - [MESSAGE][PASSED] - Delayed 1 second(s)

2019-06-21 14:05:49 - [TEST_STEP][NOT_RUN] - click(findTestObject("OCS-DESKTOP/Product page/Tooltips/Close - Tooltip - THC")): NOT_RUN: click(findTestObject("OCS-DESKTOP/Product page/Tooltips/Close - Tooltip - THC"))

2019-06-21 14:05:49 - [MESSAGE][NOT_RUN] - NOT_RUN: click(findTestObject("OCS-DESKTOP/Product page/Tooltips/Close - Tooltip - THC"))

2019-06-21 14:05:49 - [TEST_STEP][PASSED] - delay(1): Delayed 1 second(s)

2019-06-21 14:05:50 - [MESSAGE][PASSED] - Delayed 1 second(s)

2019-06-21 14:05:50 - [TEST_STEP][PASSED] - click(findTestObject("OCS-DESKTOP/Product page/Tooltips/CBD - Tooltip - About this product")): Object: 'Object Repository/OCS-DESKTOP/Product page/Tooltips/CBD - Tooltip - About this product' is clicked on

2019-06-21 14:05:51 - [MESSAGE][PASSED] - Object: 'Object Repository/OCS-DESKTOP/Product page/Tooltips/CBD - Tooltip - About this product' is clicked on

2019-06-21 14:05:51 - [TEST_STEP][PASSED] - delay(1): Delayed 1 second(s)

2019-06-21 14:05:52 - [MESSAGE][PASSED] - Delayed 1 second(s)

2019-06-21 14:05:52 - [TEST_STEP][PASSED] - takeScreenshot(): Taking screenshot successfully

2019-06-21 14:05:52 - [MESSAGE][PASSED] - Taking screenshot successfully
[[ATTACHMENT|/Users/sumankompelly/Relative xpath-Desktop/Reports/OCS-1.11/20190621_135030/1561140352099.png]]

2019-06-21 14:05:52 - [TEST_STEP][PASSED] - delay(1): Delayed 1 second(s)

2019-06-21 14:05:53 - [MESSAGE][PASSED] - Delayed 1 second(s)

2019-06-21 14:05:53 - [TEST_STEP][NOT_RUN] - click(findTestObject("OCS-DESKTOP/Product page/Tooltips/Close - Tooltip - CBD")): NOT_RUN: click(findTestObject("OCS-DESKTOP/Product page/Tooltips/Close - Tooltip - CBD"))

2019-06-21 14:05:53 - [MESSAGE][NOT_RUN] - NOT_RUN: click(findTestObject("OCS-DESKTOP/Product page/Tooltips/Close - Tooltip - CBD"))

2019-06-21 14:05:53 - [TEST_STEP][PASSED] - delay(1): Delayed 1 second(s)

2019-06-21 14:05:54 - [MESSAGE][PASSED] - Delayed 1 second(s)

2019-06-21 14:05:54 - [TEST_STEP][PASSED] - click(findTestObject("OCS-DESKTOP/Product page/Tooltips/Plant type - Tooltip - About this product")): Object: 'Object Repository/OCS-DESKTOP/Product page/Tooltips/Plant type - Tooltip - About this product' is clicked on

2019-06-21 14:05:54 - [MESSAGE][PASSED] - Object: 'Object Repository/OCS-DESKTOP/Product page/Tooltips/Plant type - Tooltip - About this product' is clicked on

2019-06-21 14:05:54 - [TEST_STEP][PASSED] - delay(1): Delayed 1 second(s)

2019-06-21 14:05:55 - [MESSAGE][PASSED] - Delayed 1 second(s)

2019-06-21 14:05:55 - [TEST_STEP][PASSED] - takeScreenshot(): Taking screenshot successfully

2019-06-21 14:05:55 - [MESSAGE][PASSED] - Taking screenshot successfully
[[ATTACHMENT|/Users/sumankompelly/Relative xpath-Desktop/Reports/OCS-1.11/20190621_135030/1561140355501.png]]

2019-06-21 14:05:55 - [TEST_STEP][PASSED] - delay(1): Delayed 1 second(s)

2019-06-21 14:05:56 - [MESSAGE][PASSED] - Delayed 1 second(s)

2019-06-21 14:05:56 - [TEST_STEP][NOT_RUN] - click(findTestObject("OCS-DESKTOP/Product page/Tooltips/Close - Tooltip - Plant")): NOT_RUN: click(findTestObject("OCS-DESKTOP/Product page/Tooltips/Close - Tooltip - Plant"))

2019-06-21 14:05:56 - [MESSAGE][NOT_RUN] - NOT_RUN: click(findTestObject("OCS-DESKTOP/Product page/Tooltips/Close - Tooltip - Plant"))

2019-06-21 14:05:56 - [TEST_STEP][PASSED] - delay(1): Delayed 1 second(s)

2019-06-21 14:05:57 - [MESSAGE][PASSED] - Delayed 1 second(s)

2019-06-21 14:05:57 - [TEST_STEP][PASSED] - click(findTestObject("OCS-DESKTOP/Product page/Tooltips/Terpenes - Tooltip - About this product")): Object: 'Object Repository/OCS-DESKTOP/Product page/Tooltips/Terpenes - Tooltip - About this product' is clicked on

2019-06-21 14:05:57 - [MESSAGE][PASSED] - Object: 'Object Repository/OCS-DESKTOP/Product page/Tooltips/Terpenes - Tooltip - About this product' is clicked on

2019-06-21 14:05:57 - [TEST_STEP][PASSED] - delay(1): Delayed 1 second(s)

2019-06-21 14:05:58 - [MESSAGE][PASSED] - Delayed 1 second(s)

2019-06-21 14:05:58 - [TEST_STEP][PASSED] - takeScreenshot(): Taking screenshot successfully

2019-06-21 14:05:59 - [MESSAGE][PASSED] - Taking screenshot successfully
[[ATTACHMENT|/Users/sumankompelly/Relative xpath-Desktop/Reports/OCS-1.11/20190621_135030/1561140358881.png]]

2019-06-21 14:05:59 - [TEST_STEP][PASSED] - delay(1): Delayed 1 second(s)

2019-06-21 14:06:00 - [MESSAGE][PASSED] - Delayed 1 second(s)

2019-06-21 14:06:00 - [TEST_STEP][NOT_RUN] - click(findTestObject("OCS-DESKTOP/Product page/Tooltips/Close - Tooltip - Terepenes")): NOT_RUN: click(findTestObject("OCS-DESKTOP/Product page/Tooltips/Close - Tooltip - Terepenes"))

2019-06-21 14:06:00 - [MESSAGE][NOT_RUN] - NOT_RUN: click(findTestObject("OCS-DESKTOP/Product page/Tooltips/Close - Tooltip - Terepenes"))

2019-06-21 14:06:00 - [TEST_STEP][PASSED] - delay(1): Delayed 1 second(s)

2019-06-21 14:06:01 - [MESSAGE][PASSED] - Delayed 1 second(s)

2019-06-21 14:06:01 - [TEST_STEP][PASSED] - click(findTestObject("OCS-DESKTOP/Product page/Tooltips/GTIN - Tooltip - About this product")): Object: 'Object Repository/OCS-DESKTOP/Product page/Tooltips/GTIN - Tooltip - About this product' is clicked on

2019-06-21 14:06:01 - [MESSAGE][PASSED] - Object: 'Object Repository/OCS-DESKTOP/Product page/Tooltips/GTIN - Tooltip - About this product' is clicked on

2019-06-21 14:06:01 - [TEST_STEP][PASSED] - delay(1): Delayed 1 second(s)

2019-06-21 14:06:02 - [MESSAGE][PASSED] - Delayed 1 second(s)

2019-06-21 14:06:02 - [TEST_STEP][PASSED] - takeScreenshot(): Taking screenshot successfully

2019-06-21 14:06:02 - [MESSAGE][PASSED] - Taking screenshot successfully
[[ATTACHMENT|/Users/sumankompelly/Relative xpath-Desktop/Reports/OCS-1.11/20190621_135030/1561140362270.png]]

2019-06-21 14:06:02 - [TEST_STEP][PASSED] - delay(1): Delayed 1 second(s)

2019-06-21 14:06:03 - [MESSAGE][PASSED] - Delayed 1 second(s)

2019-06-21 14:06:03 - [TEST_STEP][NOT_RUN] - click(findTestObject("OCS-DESKTOP/Product page/Tooltips/Close - Tooltip - GTIN")): NOT_RUN: click(findTestObject("OCS-DESKTOP/Product page/Tooltips/Close - Tooltip - GTIN"))

2019-06-21 14:06:03 - [MESSAGE][NOT_RUN] - NOT_RUN: click(findTestObject("OCS-DESKTOP/Product page/Tooltips/Close - Tooltip - GTIN"))

2019-06-21 14:06:03 - [TEST_STEP][PASSED] - delay(1): Delayed 1 second(s)

2019-06-21 14:06:04 - [MESSAGE][PASSED] - Delayed 1 second(s)]]></system-out>
         <system-err><![CDATA[]]></system-err>
      </testcase>
      <testcase name="Test Cases/OCS - DESKTOP/OCS- PRODUCT PAGE/Show all accessories" classname="Test Cases/OCS - DESKTOP/OCS- PRODUCT PAGE/Show all accessories" status="PASSED">
         <system-out><![CDATA[2019-06-21 14:06:04 - [TEST_CASE][PASSED] - Test Cases/OCS - DESKTOP/OCS- PRODUCT PAGE/Show all accessories: Test Cases/OCS - DESKTOP/OCS- PRODUCT PAGE/Show all accessories

2019-06-21 14:06:04 - [TEST_STEP][PASSED] - callTestCase(findTestCase("OCS - DESKTOP/CALL - PDP"), [:], STOP_ON_FAILURE): Call Test Case 'Test Cases/OCS - DESKTOP/CALL - PDP' successfully

2019-06-21 14:06:04 - [TEST_CASE][PASSED] - Test Cases/OCS - DESKTOP/CALL - PDP: Test Cases/OCS - DESKTOP/CALL - PDP

2019-06-21 14:06:04 - [TEST_STEP][PASSED] - openBrowser(""): Browser is opened with url: ''

2019-06-21 14:06:04 - [MESSAGE][WARNING] - A browser is already opened. Closing browser and opening a new one

2019-06-21 14:06:05 - [MESSAGE][INFO] - Starting 'Firefox' driver

2019-06-21 14:06:07 - [MESSAGE][PASSED] - Browser is opened with url: ''

2019-06-21 14:06:07 - [TEST_STEP][PASSED] - navigateToUrl("https://ocs.ca/?fts=0&preview_theme_id=74057975628"): Navigate to 'https://ocs.ca/?fts=0&preview_theme_id=74057975628' successfully

2019-06-21 14:06:15 - [MESSAGE][PASSED] - Navigate to 'https://ocs.ca/?fts=0&preview_theme_id=74057975628' successfully

2019-06-21 14:06:15 - [TEST_STEP][PASSED] - maximizeWindow(): Current window maximized

2019-06-21 14:06:16 - [MESSAGE][PASSED] - Current window maximized

2019-06-21 14:06:16 - [TEST_STEP][PASSED] - executeJavaScript("var previewBar = document.getElementById("preview-bar-iframe"); previewBar.style.display = "none";", []): Execute JavaScript 'var previewBar = document.getElementById("preview-bar-iframe"); previewBar.style.display = "none";' successfully

2019-06-21 14:06:16 - [MESSAGE][PASSED] - Execute JavaScript 'var previewBar = document.getElementById("preview-bar-iframe"); previewBar.style.display = "none";' successfully

2019-06-21 14:06:16 - [TEST_STEP][PASSED] - delay(4): Delayed 4 second(s)

2019-06-21 14:06:20 - [MESSAGE][PASSED] - Delayed 4 second(s)

2019-06-21 14:06:20 - [TEST_STEP][PASSED] - selectOptionByValue(findTestObject("OCS-DESKTOP/Age gate and Mega menu/Date"), "12", true): All options with value '12' are selected in object 'Object Repository/OCS-DESKTOP/Age gate and Mega menu/Date'  using regular expression

2019-06-21 14:06:21 - [MESSAGE][PASSED] - All options with value '12' are selected in object 'Object Repository/OCS-DESKTOP/Age gate and Mega menu/Date'  using regular expression

2019-06-21 14:06:21 - [TEST_STEP][PASSED] - selectOptionByValue(findTestObject("OCS-DESKTOP/Age gate and Mega menu/month"), "6", true): All options with value '6' are selected in object 'Object Repository/OCS-DESKTOP/Age gate and Mega menu/month'  using regular expression

2019-06-21 14:06:21 - [MESSAGE][PASSED] - All options with value '6' are selected in object 'Object Repository/OCS-DESKTOP/Age gate and Mega menu/month'  using regular expression

2019-06-21 14:06:21 - [TEST_STEP][PASSED] - delay(2): Delayed 2 second(s)

2019-06-21 14:06:23 - [MESSAGE][PASSED] - Delayed 2 second(s)

2019-06-21 14:06:23 - [TEST_STEP][PASSED] - selectOptionByValue(findTestObject("OCS-DESKTOP/Age gate and Mega menu/Year Dropdown"), "1990", true): All options with value '1990' are selected in object 'Object Repository/OCS-DESKTOP/Age gate and Mega menu/Year Dropdown'  using regular expression

2019-06-21 14:06:25 - [MESSAGE][PASSED] - All options with value '1990' are selected in object 'Object Repository/OCS-DESKTOP/Age gate and Mega menu/Year Dropdown'  using regular expression

2019-06-21 14:06:25 - [TEST_STEP][PASSED] - click(findTestObject("OCS-DESKTOP/Age gate and Mega menu/button_Verify")): Object: 'Object Repository/OCS-DESKTOP/Age gate and Mega menu/button_Verify' is clicked on

2019-06-21 14:06:25 - [MESSAGE][PASSED] - Object: 'Object Repository/OCS-DESKTOP/Age gate and Mega menu/button_Verify' is clicked on

2019-06-21 14:06:25 - [TEST_STEP][PASSED] - click(findTestObject("OCS-DESKTOP/Age gate and Mega menu/Checkbox_CONFIRM AND ACKNOWLEDGE")): Object: 'Object Repository/OCS-DESKTOP/Age gate and Mega menu/Checkbox_CONFIRM AND ACKNOWLEDGE' is clicked on

2019-06-21 14:06:25 - [MESSAGE][PASSED] - Object: 'Object Repository/OCS-DESKTOP/Age gate and Mega menu/Checkbox_CONFIRM AND ACKNOWLEDGE' is clicked on

2019-06-21 14:06:25 - [TEST_STEP][PASSED] - click(findTestObject("OCS-DESKTOP/Age gate and Mega menu/button_CONFIRM")): Object: 'Object Repository/OCS-DESKTOP/Age gate and Mega menu/button_CONFIRM' is clicked on

2019-06-21 14:06:25 - [MESSAGE][PASSED] - Object: 'Object Repository/OCS-DESKTOP/Age gate and Mega menu/button_CONFIRM' is clicked on

2019-06-21 14:06:25 - [TEST_STEP][PASSED] - click(findTestObject("OCS-DESKTOP/Age gate and Mega menu/button_Start Browsing")): Object: 'Object Repository/OCS-DESKTOP/Age gate and Mega menu/button_Start Browsing' is clicked on

2019-06-21 14:06:26 - [MESSAGE][PASSED] - Object: 'Object Repository/OCS-DESKTOP/Age gate and Mega menu/button_Start Browsing' is clicked on

2019-06-21 14:06:26 - [TEST_STEP][PASSED] - refresh(): Refresh successfully

2019-06-21 14:06:30 - [MESSAGE][PASSED] - Refresh successfully

2019-06-21 14:06:30 - [TEST_STEP][PASSED] - delay(2): Delayed 2 second(s)

2019-06-21 14:06:32 - [MESSAGE][PASSED] - Delayed 2 second(s)

2019-06-21 14:06:32 - [TEST_STEP][PASSED] - mouseOver(findTestObject("OCS-DESKTOP/Age gate and Mega menu/Header/CANNABIS menu - English")): Object: 'Object Repository/OCS-DESKTOP/Age gate and Mega menu/Header/CANNABIS menu - English' is hovered

2019-06-21 14:06:32 - [MESSAGE][PASSED] - Object: 'Object Repository/OCS-DESKTOP/Age gate and Mega menu/Header/CANNABIS menu - English' is hovered

2019-06-21 14:06:32 - [TEST_STEP][PASSED] - delay(2): Delayed 2 second(s)

2019-06-21 14:06:34 - [MESSAGE][PASSED] - Delayed 2 second(s)

2019-06-21 14:06:34 - [TEST_STEP][PASSED] - click(findTestObject("OCS-DESKTOP/Age gate and Mega menu/Indica Dominant_Menu item")): Object: 'Object Repository/OCS-DESKTOP/Age gate and Mega menu/Indica Dominant_Menu item' is clicked on

2019-06-21 14:06:37 - [MESSAGE][PASSED] - Object: 'Object Repository/OCS-DESKTOP/Age gate and Mega menu/Indica Dominant_Menu item' is clicked on

2019-06-21 14:06:37 - [TEST_STEP][PASSED] - delay(2): Delayed 2 second(s)

2019-06-21 14:06:39 - [MESSAGE][PASSED] - Delayed 2 second(s)

2019-06-21 14:06:39 - [TEST_STEP][PASSED] - scrollToElement(findTestObject("OCS-DESKTOP/Collection page/Product image - 1st one"), 0): Scroll to object 'Object Repository/OCS-DESKTOP/Collection page/Product image - 1st one' successfully

2019-06-21 14:06:39 - [MESSAGE][WARNING] - Timeout '0' is invalid. Using default page load timeout: '30'

2019-06-21 14:06:39 - [MESSAGE][PASSED] - Scroll to object 'Object Repository/OCS-DESKTOP/Collection page/Product image - 1st one' successfully

2019-06-21 14:06:39 - [TEST_STEP][PASSED] - delay(2): Delayed 2 second(s)

2019-06-21 14:06:41 - [MESSAGE][PASSED] - Delayed 2 second(s)

2019-06-21 14:06:41 - [TEST_STEP][PASSED] - click(findTestObject("OCS-DESKTOP/Collection page/Product image - 1st one")): Object: 'Object Repository/OCS-DESKTOP/Collection page/Product image - 1st one' is clicked on

2019-06-21 14:06:45 - [MESSAGE][PASSED] - Object: 'Object Repository/OCS-DESKTOP/Collection page/Product image - 1st one' is clicked on

2019-06-21 14:06:45 - [TEST_STEP][PASSED] - executeJavaScript("var previewBar = document.getElementById("preview-bar-iframe"); previewBar.style.display = "none";", []): Execute JavaScript 'var previewBar = document.getElementById("preview-bar-iframe"); previewBar.style.display = "none";' successfully

2019-06-21 14:06:45 - [MESSAGE][PASSED] - Execute JavaScript 'var previewBar = document.getElementById("preview-bar-iframe"); previewBar.style.display = "none";' successfully

2019-06-21 14:06:45 - [TEST_STEP][PASSED] - delay(2): Delayed 2 second(s)

2019-06-21 14:06:47 - [MESSAGE][PASSED] - Delayed 2 second(s)

2019-06-21 14:06:47 - [MESSAGE][PASSED] - Call Test Case 'Test Cases/OCS - DESKTOP/CALL - PDP' successfully

2019-06-21 14:06:47 - [TEST_STEP][NOT_RUN] - scrollToElement(findTestObject("OCS-MOBILE /Product page/More items to consider section/Grinders - Tab"), 2): NOT_RUN: scrollToElement(findTestObject("OCS-MOBILE /Product page/More items to consider section/Grinders - Tab"), 2)

2019-06-21 14:06:47 - [MESSAGE][NOT_RUN] - NOT_RUN: scrollToElement(findTestObject("OCS-MOBILE /Product page/More items to consider section/Grinders - Tab"), 2)

2019-06-21 14:06:47 - [TEST_STEP][PASSED] - delay(5): Delayed 5 second(s)

2019-06-21 14:06:52 - [MESSAGE][PASSED] - Delayed 5 second(s)

2019-06-21 14:06:52 - [TEST_STEP][PASSED] - click(findTestObject("OCS-DESKTOP/Product page/More items to consider section/Show all accessories - Link")): Object: 'Object Repository/OCS-DESKTOP/Product page/More items to consider section/Show all accessories - Link' is clicked on

2019-06-21 14:06:55 - [MESSAGE][PASSED] - Object: 'Object Repository/OCS-DESKTOP/Product page/More items to consider section/Show all accessories - Link' is clicked on

2019-06-21 14:06:55 - [TEST_STEP][PASSED] - a = getWindowTitle(): Current window's title is: 'All Products | Ontario Cannabis Store'

2019-06-21 14:06:55 - [MESSAGE][PASSED] - Current window's title is: 'All Products | Ontario Cannabis Store'

2019-06-21 14:06:55 - [TEST_STEP][PASSED] - b = "All Products | Ontario Cannabis Store": null

2019-06-21 14:06:55 - [TEST_STEP][PASSED] - comment("WINDOW TITLE: " + a): WINDOW TITLE: All Products | Ontario Cannabis Store

2019-06-21 14:06:55 - [MESSAGE][INFO] - WINDOW TITLE: All Products | Ontario Cannabis Store

2019-06-21 14:06:55 - [TEST_STEP][PASSED] - verifyEqual(a, b): Actual object 'All Products | Ontario Cannabis Store' and expected object 'All Products | Ontario Cannabis Store' are equal

2019-06-21 14:06:55 - [MESSAGE][PASSED] - Actual object 'All Products | Ontario Cannabis Store' and expected object 'All Products | Ontario Cannabis Store' are equal]]></system-out>
         <system-err><![CDATA[]]></system-err>
      </testcase>
      <testcase name="Test Cases/OCS - DESKTOP/OCS- PRODUCT PAGE/breadcrumb" classname="Test Cases/OCS - DESKTOP/OCS- PRODUCT PAGE/breadcrumb" status="PASSED">
         <system-out><![CDATA[2019-06-21 14:06:55 - [TEST_CASE][PASSED] - Test Cases/OCS - DESKTOP/OCS- PRODUCT PAGE/breadcrumb: Test Cases/OCS - DESKTOP/OCS- PRODUCT PAGE/breadcrumb

2019-06-21 14:06:55 - [TEST_STEP][PASSED] - callTestCase(findTestCase("OCS - DESKTOP/CALL - PDP"), [:], STOP_ON_FAILURE): Call Test Case 'Test Cases/OCS - DESKTOP/CALL - PDP' successfully

2019-06-21 14:06:55 - [TEST_CASE][PASSED] - Test Cases/OCS - DESKTOP/CALL - PDP: Test Cases/OCS - DESKTOP/CALL - PDP

2019-06-21 14:06:55 - [TEST_STEP][PASSED] - openBrowser(""): Browser is opened with url: ''

2019-06-21 14:06:55 - [MESSAGE][WARNING] - A browser is already opened. Closing browser and opening a new one

2019-06-21 14:06:56 - [MESSAGE][INFO] - Starting 'Firefox' driver

2019-06-21 14:06:58 - [MESSAGE][PASSED] - Browser is opened with url: ''

2019-06-21 14:06:58 - [TEST_STEP][PASSED] - navigateToUrl("https://ocs.ca/?fts=0&preview_theme_id=74057975628"): Navigate to 'https://ocs.ca/?fts=0&preview_theme_id=74057975628' successfully

2019-06-21 14:07:04 - [MESSAGE][PASSED] - Navigate to 'https://ocs.ca/?fts=0&preview_theme_id=74057975628' successfully

2019-06-21 14:07:04 - [TEST_STEP][PASSED] - maximizeWindow(): Current window maximized

2019-06-21 14:07:04 - [MESSAGE][PASSED] - Current window maximized

2019-06-21 14:07:04 - [TEST_STEP][PASSED] - executeJavaScript("var previewBar = document.getElementById("preview-bar-iframe"); previewBar.style.display = "none";", []): Execute JavaScript 'var previewBar = document.getElementById("preview-bar-iframe"); previewBar.style.display = "none";' successfully

2019-06-21 14:07:04 - [MESSAGE][PASSED] - Execute JavaScript 'var previewBar = document.getElementById("preview-bar-iframe"); previewBar.style.display = "none";' successfully

2019-06-21 14:07:04 - [TEST_STEP][PASSED] - delay(4): Delayed 4 second(s)

2019-06-21 14:07:08 - [MESSAGE][PASSED] - Delayed 4 second(s)

2019-06-21 14:07:08 - [TEST_STEP][PASSED] - selectOptionByValue(findTestObject("OCS-DESKTOP/Age gate and Mega menu/Date"), "12", true): All options with value '12' are selected in object 'Object Repository/OCS-DESKTOP/Age gate and Mega menu/Date'  using regular expression

2019-06-21 14:07:09 - [MESSAGE][PASSED] - All options with value '12' are selected in object 'Object Repository/OCS-DESKTOP/Age gate and Mega menu/Date'  using regular expression

2019-06-21 14:07:09 - [TEST_STEP][PASSED] - selectOptionByValue(findTestObject("OCS-DESKTOP/Age gate and Mega menu/month"), "6", true): All options with value '6' are selected in object 'Object Repository/OCS-DESKTOP/Age gate and Mega menu/month'  using regular expression

2019-06-21 14:07:10 - [MESSAGE][PASSED] - All options with value '6' are selected in object 'Object Repository/OCS-DESKTOP/Age gate and Mega menu/month'  using regular expression

2019-06-21 14:07:10 - [TEST_STEP][PASSED] - delay(2): Delayed 2 second(s)

2019-06-21 14:07:12 - [MESSAGE][PASSED] - Delayed 2 second(s)

2019-06-21 14:07:12 - [TEST_STEP][PASSED] - selectOptionByValue(findTestObject("OCS-DESKTOP/Age gate and Mega menu/Year Dropdown"), "1990", true): All options with value '1990' are selected in object 'Object Repository/OCS-DESKTOP/Age gate and Mega menu/Year Dropdown'  using regular expression

2019-06-21 14:07:13 - [MESSAGE][PASSED] - All options with value '1990' are selected in object 'Object Repository/OCS-DESKTOP/Age gate and Mega menu/Year Dropdown'  using regular expression

2019-06-21 14:07:13 - [TEST_STEP][PASSED] - click(findTestObject("OCS-DESKTOP/Age gate and Mega menu/button_Verify")): Object: 'Object Repository/OCS-DESKTOP/Age gate and Mega menu/button_Verify' is clicked on

2019-06-21 14:07:13 - [MESSAGE][PASSED] - Object: 'Object Repository/OCS-DESKTOP/Age gate and Mega menu/button_Verify' is clicked on

2019-06-21 14:07:13 - [TEST_STEP][PASSED] - click(findTestObject("OCS-DESKTOP/Age gate and Mega menu/Checkbox_CONFIRM AND ACKNOWLEDGE")): Object: 'Object Repository/OCS-DESKTOP/Age gate and Mega menu/Checkbox_CONFIRM AND ACKNOWLEDGE' is clicked on

2019-06-21 14:07:14 - [MESSAGE][PASSED] - Object: 'Object Repository/OCS-DESKTOP/Age gate and Mega menu/Checkbox_CONFIRM AND ACKNOWLEDGE' is clicked on

2019-06-21 14:07:14 - [TEST_STEP][PASSED] - click(findTestObject("OCS-DESKTOP/Age gate and Mega menu/button_CONFIRM")): Object: 'Object Repository/OCS-DESKTOP/Age gate and Mega menu/button_CONFIRM' is clicked on

2019-06-21 14:07:14 - [MESSAGE][PASSED] - Object: 'Object Repository/OCS-DESKTOP/Age gate and Mega menu/button_CONFIRM' is clicked on

2019-06-21 14:07:14 - [TEST_STEP][PASSED] - click(findTestObject("OCS-DESKTOP/Age gate and Mega menu/button_Start Browsing")): Object: 'Object Repository/OCS-DESKTOP/Age gate and Mega menu/button_Start Browsing' is clicked on

2019-06-21 14:07:14 - [MESSAGE][PASSED] - Object: 'Object Repository/OCS-DESKTOP/Age gate and Mega menu/button_Start Browsing' is clicked on

2019-06-21 14:07:14 - [TEST_STEP][PASSED] - refresh(): Refresh successfully

2019-06-21 14:07:19 - [MESSAGE][PASSED] - Refresh successfully

2019-06-21 14:07:19 - [TEST_STEP][PASSED] - delay(2): Delayed 2 second(s)

2019-06-21 14:07:21 - [MESSAGE][PASSED] - Delayed 2 second(s)

2019-06-21 14:07:21 - [TEST_STEP][PASSED] - mouseOver(findTestObject("OCS-DESKTOP/Age gate and Mega menu/Header/CANNABIS menu - English")): Object: 'Object Repository/OCS-DESKTOP/Age gate and Mega menu/Header/CANNABIS menu - English' is hovered

2019-06-21 14:07:21 - [MESSAGE][PASSED] - Object: 'Object Repository/OCS-DESKTOP/Age gate and Mega menu/Header/CANNABIS menu - English' is hovered

2019-06-21 14:07:21 - [TEST_STEP][PASSED] - delay(2): Delayed 2 second(s)

2019-06-21 14:07:23 - [MESSAGE][PASSED] - Delayed 2 second(s)

2019-06-21 14:07:23 - [TEST_STEP][PASSED] - click(findTestObject("OCS-DESKTOP/Age gate and Mega menu/Indica Dominant_Menu item")): Object: 'Object Repository/OCS-DESKTOP/Age gate and Mega menu/Indica Dominant_Menu item' is clicked on

2019-06-21 14:07:27 - [MESSAGE][PASSED] - Object: 'Object Repository/OCS-DESKTOP/Age gate and Mega menu/Indica Dominant_Menu item' is clicked on

2019-06-21 14:07:27 - [TEST_STEP][PASSED] - delay(2): Delayed 2 second(s)

2019-06-21 14:07:29 - [MESSAGE][PASSED] - Delayed 2 second(s)

2019-06-21 14:07:29 - [TEST_STEP][PASSED] - scrollToElement(findTestObject("OCS-DESKTOP/Collection page/Product image - 1st one"), 0): Scroll to object 'Object Repository/OCS-DESKTOP/Collection page/Product image - 1st one' successfully

2019-06-21 14:07:29 - [MESSAGE][WARNING] - Timeout '0' is invalid. Using default page load timeout: '30'

2019-06-21 14:07:29 - [MESSAGE][PASSED] - Scroll to object 'Object Repository/OCS-DESKTOP/Collection page/Product image - 1st one' successfully

2019-06-21 14:07:29 - [TEST_STEP][PASSED] - delay(2): Delayed 2 second(s)

2019-06-21 14:07:31 - [MESSAGE][PASSED] - Delayed 2 second(s)

2019-06-21 14:07:31 - [TEST_STEP][PASSED] - click(findTestObject("OCS-DESKTOP/Collection page/Product image - 1st one")): Object: 'Object Repository/OCS-DESKTOP/Collection page/Product image - 1st one' is clicked on

2019-06-21 14:07:33 - [MESSAGE][PASSED] - Object: 'Object Repository/OCS-DESKTOP/Collection page/Product image - 1st one' is clicked on

2019-06-21 14:07:33 - [TEST_STEP][PASSED] - executeJavaScript("var previewBar = document.getElementById("preview-bar-iframe"); previewBar.style.display = "none";", []): Execute JavaScript 'var previewBar = document.getElementById("preview-bar-iframe"); previewBar.style.display = "none";' successfully

2019-06-21 14:07:33 - [MESSAGE][PASSED] - Execute JavaScript 'var previewBar = document.getElementById("preview-bar-iframe"); previewBar.style.display = "none";' successfully

2019-06-21 14:07:33 - [TEST_STEP][PASSED] - delay(2): Delayed 2 second(s)

2019-06-21 14:07:35 - [MESSAGE][PASSED] - Delayed 2 second(s)

2019-06-21 14:07:35 - [MESSAGE][PASSED] - Call Test Case 'Test Cases/OCS - DESKTOP/CALL - PDP' successfully

2019-06-21 14:07:35 - [TEST_STEP][PASSED] - click(findTestObject("OCS-DESKTOP/Product page/a_Dried flower")): Object: 'Object Repository/OCS-DESKTOP/Product page/a_Dried flower' is clicked on

2019-06-21 14:07:37 - [MESSAGE][PASSED] - Object: 'Object Repository/OCS-DESKTOP/Product page/a_Dried flower' is clicked on

2019-06-21 14:07:37 - [TEST_STEP][PASSED] - b = getWindowTitle(): Current window's title is: 'Dried Flower | Ontario Cannabis Store'

2019-06-21 14:07:37 - [MESSAGE][PASSED] - Current window's title is: 'Dried Flower | Ontario Cannabis Store'

2019-06-21 14:07:37 - [TEST_STEP][PASSED] - comment(" b= " + b):  b= Dried Flower | Ontario Cannabis Store

2019-06-21 14:07:37 - [MESSAGE][INFO] -  b= Dried Flower | Ontario Cannabis Store

2019-06-21 14:07:37 - [TEST_STEP][PASSED] - assert getWindowTitle() == b: Current window's title is: 'Dried Flower | Ontario Cannabis Store'

2019-06-21 14:07:37 - [MESSAGE][PASSED] - Current window's title is: 'Dried Flower | Ontario Cannabis Store'

2019-06-21 14:07:37 - [TEST_STEP][PASSED] - click(findTestObject("OCS-DESKTOP/Product page/a_Cannabis")): Object: 'Object Repository/OCS-DESKTOP/Product page/a_Cannabis' is clicked on

2019-06-21 14:07:39 - [MESSAGE][PASSED] - Object: 'Object Repository/OCS-DESKTOP/Product page/a_Cannabis' is clicked on

2019-06-21 14:07:39 - [TEST_STEP][PASSED] - c = getWindowTitle(): Current window's title is: 'All Cannabis Products | Ontario Cannabis Store'

2019-06-21 14:07:39 - [MESSAGE][PASSED] - Current window's title is: 'All Cannabis Products | Ontario Cannabis Store'

2019-06-21 14:07:39 - [TEST_STEP][PASSED] - comment(" c= " + c):  c= All Cannabis Products | Ontario Cannabis Store

2019-06-21 14:07:39 - [MESSAGE][INFO] -  c= All Cannabis Products | Ontario Cannabis Store

2019-06-21 14:07:39 - [TEST_STEP][PASSED] - assert getWindowTitle() == c: Current window's title is: 'All Cannabis Products | Ontario Cannabis Store'

2019-06-21 14:07:39 - [MESSAGE][PASSED] - Current window's title is: 'All Cannabis Products | Ontario Cannabis Store'

2019-06-21 14:07:39 - [TEST_STEP][PASSED] - click(findTestObject("OCS-DESKTOP/Product page/a_Home")): Object: 'Object Repository/OCS-DESKTOP/Product page/a_Home' is clicked on

2019-06-21 14:07:41 - [MESSAGE][PASSED] - Object: 'Object Repository/OCS-DESKTOP/Product page/a_Home' is clicked on

2019-06-21 14:07:41 - [TEST_STEP][PASSED] - a = getWindowTitle(): Current window's title is: 'Ontario Cannabis Store | Ontario Cannabis Store'

2019-06-21 14:07:41 - [MESSAGE][PASSED] - Current window's title is: 'Ontario Cannabis Store | Ontario Cannabis Store'

2019-06-21 14:07:41 - [TEST_STEP][PASSED] - comment(" a= " + a):  a= Ontario Cannabis Store | Ontario Cannabis Store

2019-06-21 14:07:41 - [MESSAGE][INFO] -  a= Ontario Cannabis Store | Ontario Cannabis Store

2019-06-21 14:07:41 - [TEST_STEP][PASSED] - assert getWindowTitle() == a: Current window's title is: 'Ontario Cannabis Store | Ontario Cannabis Store'

2019-06-21 14:07:41 - [MESSAGE][PASSED] - Current window's title is: 'Ontario Cannabis Store | Ontario Cannabis Store']]></system-out>
         <system-err><![CDATA[]]></system-err>
      </testcase>
      <testcase name="Test Cases/OCS - DESKTOP/OCS- PRODUCT PAGE/More items to consider" classname="Test Cases/OCS - DESKTOP/OCS- PRODUCT PAGE/More items to consider" status="FAILED">
         <failure type="FAILED" message="Test Cases/OCS - DESKTOP/OCS- PRODUCT PAGE/More items to consider FAILED.
Reason:
com.kms.katalon.core.exception.StepFailedException: Unable to click on object 'Object Repository/OCS-DESKTOP/Product page/More items to consider section/Vaporizers - Tab' (Root cause: org.openqa.selenium.ElementClickInterceptedException: Element &lt;li id=&quot;suggested-accessories__tab--vaporizers&quot; class=&quot;tab &quot;> is not clickable at point (624,719) because another element &lt;iframe id=&quot;preview-bar-iframe&quot; src=&quot;https://ocs.ca/preview_bar&quot;> obscures it
Build info: version: '3.7.1', revision: '8a0099a', time: '2017-11-06T21:07:36.161Z'
System info: host: 'sumans-MacBook-Pro.local', ip: '2601:87:0:879f:0:0:0:1e84%en0', os.name: 'Mac OS X', os.arch: 'x86_64', os.version: '10.13.6', java.version: '1.8.0_181'
Driver info: com.kms.katalon.core.webui.driver.firefox.CGeckoDriver
Capabilities {acceptInsecureCerts: true, browserName: firefox, browserVersion: 67.0.3, javascriptEnabled: true, moz:accessibilityChecks: false, moz:buildID: 20190618025334, moz:geckodriverVersion: 0.23.0, moz:headless: false, moz:processID: 2897, moz:profile: /var/folders/1t/c55l8xzs6gq..., moz:shutdownTimeout: 60000, moz:useNonSpecCompliantPointerOrigin: false, moz:webdriverClick: true, pageLoadStrategy: normal, platform: MAC, platformName: MAC, platformVersion: 17.7.0, proxy: Proxy(direct), rotatable: false, setWindowRect: true, strictFileInteractability: false, timeouts: {implicit: 0, pageLoad: 300000, script: 30000}, unhandledPromptBehavior: dismiss and notify}
Session ID: 791cfc21-0502-134b-8aab-7b874ee4987b)
	at com.kms.katalon.core.keyword.internal.KeywordMain.stepFailed(KeywordMain.groovy:36)
	at com.kms.katalon.core.webui.keyword.internal.WebUIKeywordMain.stepFailed(WebUIKeywordMain.groovy:65)
	at com.kms.katalon.core.webui.keyword.internal.WebUIKeywordMain.runKeyword(WebUIKeywordMain.groovy:27)
	at com.kms.katalon.core.webui.keyword.builtin.ClickKeyword.click(ClickKeyword.groovy:86)
	at com.kms.katalon.core.webui.keyword.builtin.ClickKeyword.execute(ClickKeyword.groovy:67)
	at com.kms.katalon.core.keyword.internal.KeywordExecutor.executeKeywordForPlatform(KeywordExecutor.groovy:53)
	at com.kms.katalon.core.webui.keyword.WebUiBuiltInKeywords.click(WebUiBuiltInKeywords.groovy:616)
	at com.kms.katalon.core.webui.keyword.WebUiBuiltInKeywords$click$4.call(Unknown Source)
	at More items to consider.run(More items to consider:41)
	at com.kms.katalon.core.main.ScriptEngine.run(ScriptEngine.java:194)
	at com.kms.katalon.core.main.ScriptEngine.runScriptAsRawText(ScriptEngine.java:119)
	at com.kms.katalon.core.main.TestCaseExecutor.runScript(TestCaseExecutor.java:328)
	at com.kms.katalon.core.main.TestCaseExecutor.doExecute(TestCaseExecutor.java:319)
	at com.kms.katalon.core.main.TestCaseExecutor.processExecutionPhase(TestCaseExecutor.java:298)
	at com.kms.katalon.core.main.TestCaseExecutor.accessMainPhase(TestCaseExecutor.java:290)
	at com.kms.katalon.core.main.TestCaseExecutor.execute(TestCaseExecutor.java:224)
	at com.kms.katalon.core.main.TestSuiteExecutor.accessTestCaseMainPhase(TestSuiteExecutor.java:129)
	at com.kms.katalon.core.main.TestSuiteExecutor.accessTestSuiteMainPhase(TestSuiteExecutor.java:112)
	at com.kms.katalon.core.main.TestSuiteExecutor.execute(TestSuiteExecutor.java:81)
	at com.kms.katalon.core.main.TestCaseMain.startTestSuite(TestCaseMain.java:149)
	at com.kms.katalon.core.main.TestCaseMain$startTestSuite$0.call(Unknown Source)
	at TempTestSuite1561139430530.run(TempTestSuite1561139430530.groovy:36)
"/>
         <system-out><![CDATA[2019-06-21 14:07:41 - [TEST_CASE][FAILED] - Test Cases/OCS - DESKTOP/OCS- PRODUCT PAGE/More items to consider: Test Cases/OCS - DESKTOP/OCS- PRODUCT PAGE/More items to consider FAILED.
Reason:
com.kms.katalon.core.exception.StepFailedException: Unable to click on object 'Object Repository/OCS-DESKTOP/Product page/More items to consider section/Vaporizers - Tab' (Root cause: org.openqa.selenium.ElementClickInterceptedException: Element <li id="suggested-accessories__tab--vaporizers" class="tab "> is not clickable at point (624,719) because another element <iframe id="preview-bar-iframe" src="https://ocs.ca/preview_bar"> obscures it
Build info: version: '3.7.1', revision: '8a0099a', time: '2017-11-06T21:07:36.161Z'
System info: host: 'sumans-MacBook-Pro.local', ip: '2601:87:0:879f:0:0:0:1e84%en0', os.name: 'Mac OS X', os.arch: 'x86_64', os.version: '10.13.6', java.version: '1.8.0_181'
Driver info: com.kms.katalon.core.webui.driver.firefox.CGeckoDriver
Capabilities {acceptInsecureCerts: true, browserName: firefox, browserVersion: 67.0.3, javascriptEnabled: true, moz:accessibilityChecks: false, moz:buildID: 20190618025334, moz:geckodriverVersion: 0.23.0, moz:headless: false, moz:processID: 2897, moz:profile: /var/folders/1t/c55l8xzs6gq..., moz:shutdownTimeout: 60000, moz:useNonSpecCompliantPointerOrigin: false, moz:webdriverClick: true, pageLoadStrategy: normal, platform: MAC, platformName: MAC, platformVersion: 17.7.0, proxy: Proxy(direct), rotatable: false, setWindowRect: true, strictFileInteractability: false, timeouts: {implicit: 0, pageLoad: 300000, script: 30000}, unhandledPromptBehavior: dismiss and notify}
Session ID: 791cfc21-0502-134b-8aab-7b874ee4987b)
	at com.kms.katalon.core.keyword.internal.KeywordMain.stepFailed(KeywordMain.groovy:36)
	at com.kms.katalon.core.webui.keyword.internal.WebUIKeywordMain.stepFailed(WebUIKeywordMain.groovy:65)
	at com.kms.katalon.core.webui.keyword.internal.WebUIKeywordMain.runKeyword(WebUIKeywordMain.groovy:27)
	at com.kms.katalon.core.webui.keyword.builtin.ClickKeyword.click(ClickKeyword.groovy:86)
	at com.kms.katalon.core.webui.keyword.builtin.ClickKeyword.execute(ClickKeyword.groovy:67)
	at com.kms.katalon.core.keyword.internal.KeywordExecutor.executeKeywordForPlatform(KeywordExecutor.groovy:53)
	at com.kms.katalon.core.webui.keyword.WebUiBuiltInKeywords.click(WebUiBuiltInKeywords.groovy:616)
	at com.kms.katalon.core.webui.keyword.WebUiBuiltInKeywords$click$4.call(Unknown Source)
	at More items to consider.run(More items to consider:41)
	at com.kms.katalon.core.main.ScriptEngine.run(ScriptEngine.java:194)
	at com.kms.katalon.core.main.ScriptEngine.runScriptAsRawText(ScriptEngine.java:119)
	at com.kms.katalon.core.main.TestCaseExecutor.runScript(TestCaseExecutor.java:328)
	at com.kms.katalon.core.main.TestCaseExecutor.doExecute(TestCaseExecutor.java:319)
	at com.kms.katalon.core.main.TestCaseExecutor.processExecutionPhase(TestCaseExecutor.java:298)
	at com.kms.katalon.core.main.TestCaseExecutor.accessMainPhase(TestCaseExecutor.java:290)
	at com.kms.katalon.core.main.TestCaseExecutor.execute(TestCaseExecutor.java:224)
	at com.kms.katalon.core.main.TestSuiteExecutor.accessTestCaseMainPhase(TestSuiteExecutor.java:129)
	at com.kms.katalon.core.main.TestSuiteExecutor.accessTestSuiteMainPhase(TestSuiteExecutor.java:112)
	at com.kms.katalon.core.main.TestSuiteExecutor.execute(TestSuiteExecutor.java:81)
	at com.kms.katalon.core.main.TestCaseMain.startTestSuite(TestCaseMain.java:149)
	at com.kms.katalon.core.main.TestCaseMain$startTestSuite$0.call(Unknown Source)
	at TempTestSuite1561139430530.run(TempTestSuite1561139430530.groovy:36)


2019-06-21 14:07:41 - [TEST_STEP][PASSED] - callTestCase(findTestCase("OCS - DESKTOP/CALL - PDP"), [:], STOP_ON_FAILURE): Call Test Case 'Test Cases/OCS - DESKTOP/CALL - PDP' successfully

2019-06-21 14:07:41 - [TEST_CASE][PASSED] - Test Cases/OCS - DESKTOP/CALL - PDP: Test Cases/OCS - DESKTOP/CALL - PDP

2019-06-21 14:07:41 - [TEST_STEP][PASSED] - openBrowser(""): Browser is opened with url: ''

2019-06-21 14:07:41 - [MESSAGE][WARNING] - A browser is already opened. Closing browser and opening a new one

2019-06-21 14:07:41 - [MESSAGE][INFO] - Starting 'Firefox' driver

2019-06-21 14:07:44 - [MESSAGE][PASSED] - Browser is opened with url: ''

2019-06-21 14:07:44 - [TEST_STEP][PASSED] - navigateToUrl("https://ocs.ca/?fts=0&preview_theme_id=74057975628"): Navigate to 'https://ocs.ca/?fts=0&preview_theme_id=74057975628' successfully

2019-06-21 14:07:46 - [MESSAGE][PASSED] - Navigate to 'https://ocs.ca/?fts=0&preview_theme_id=74057975628' successfully

2019-06-21 14:07:46 - [TEST_STEP][PASSED] - maximizeWindow(): Current window maximized

2019-06-21 14:07:47 - [MESSAGE][PASSED] - Current window maximized

2019-06-21 14:07:47 - [TEST_STEP][PASSED] - executeJavaScript("var previewBar = document.getElementById("preview-bar-iframe"); previewBar.style.display = "none";", []): Execute JavaScript 'var previewBar = document.getElementById("preview-bar-iframe"); previewBar.style.display = "none";' successfully

2019-06-21 14:07:47 - [MESSAGE][PASSED] - Execute JavaScript 'var previewBar = document.getElementById("preview-bar-iframe"); previewBar.style.display = "none";' successfully

2019-06-21 14:07:47 - [TEST_STEP][PASSED] - delay(4): Delayed 4 second(s)

2019-06-21 14:07:51 - [MESSAGE][PASSED] - Delayed 4 second(s)

2019-06-21 14:07:51 - [TEST_STEP][PASSED] - selectOptionByValue(findTestObject("OCS-DESKTOP/Age gate and Mega menu/Date"), "12", true): All options with value '12' are selected in object 'Object Repository/OCS-DESKTOP/Age gate and Mega menu/Date'  using regular expression

2019-06-21 14:07:51 - [MESSAGE][PASSED] - All options with value '12' are selected in object 'Object Repository/OCS-DESKTOP/Age gate and Mega menu/Date'  using regular expression

2019-06-21 14:07:51 - [TEST_STEP][PASSED] - selectOptionByValue(findTestObject("OCS-DESKTOP/Age gate and Mega menu/month"), "6", true): All options with value '6' are selected in object 'Object Repository/OCS-DESKTOP/Age gate and Mega menu/month'  using regular expression

2019-06-21 14:07:52 - [MESSAGE][PASSED] - All options with value '6' are selected in object 'Object Repository/OCS-DESKTOP/Age gate and Mega menu/month'  using regular expression

2019-06-21 14:07:52 - [TEST_STEP][PASSED] - delay(2): Delayed 2 second(s)

2019-06-21 14:07:54 - [MESSAGE][PASSED] - Delayed 2 second(s)

2019-06-21 14:07:54 - [TEST_STEP][PASSED] - selectOptionByValue(findTestObject("OCS-DESKTOP/Age gate and Mega menu/Year Dropdown"), "1990", true): All options with value '1990' are selected in object 'Object Repository/OCS-DESKTOP/Age gate and Mega menu/Year Dropdown'  using regular expression

2019-06-21 14:07:55 - [MESSAGE][PASSED] - All options with value '1990' are selected in object 'Object Repository/OCS-DESKTOP/Age gate and Mega menu/Year Dropdown'  using regular expression

2019-06-21 14:07:55 - [TEST_STEP][PASSED] - click(findTestObject("OCS-DESKTOP/Age gate and Mega menu/button_Verify")): Object: 'Object Repository/OCS-DESKTOP/Age gate and Mega menu/button_Verify' is clicked on

2019-06-21 14:07:56 - [MESSAGE][PASSED] - Object: 'Object Repository/OCS-DESKTOP/Age gate and Mega menu/button_Verify' is clicked on

2019-06-21 14:07:56 - [TEST_STEP][PASSED] - click(findTestObject("OCS-DESKTOP/Age gate and Mega menu/Checkbox_CONFIRM AND ACKNOWLEDGE")): Object: 'Object Repository/OCS-DESKTOP/Age gate and Mega menu/Checkbox_CONFIRM AND ACKNOWLEDGE' is clicked on

2019-06-21 14:07:56 - [MESSAGE][PASSED] - Object: 'Object Repository/OCS-DESKTOP/Age gate and Mega menu/Checkbox_CONFIRM AND ACKNOWLEDGE' is clicked on

2019-06-21 14:07:56 - [TEST_STEP][PASSED] - click(findTestObject("OCS-DESKTOP/Age gate and Mega menu/button_CONFIRM")): Object: 'Object Repository/OCS-DESKTOP/Age gate and Mega menu/button_CONFIRM' is clicked on

2019-06-21 14:07:56 - [MESSAGE][PASSED] - Object: 'Object Repository/OCS-DESKTOP/Age gate and Mega menu/button_CONFIRM' is clicked on

2019-06-21 14:07:56 - [TEST_STEP][PASSED] - click(findTestObject("OCS-DESKTOP/Age gate and Mega menu/button_Start Browsing")): Object: 'Object Repository/OCS-DESKTOP/Age gate and Mega menu/button_Start Browsing' is clicked on

2019-06-21 14:07:56 - [MESSAGE][PASSED] - Object: 'Object Repository/OCS-DESKTOP/Age gate and Mega menu/button_Start Browsing' is clicked on

2019-06-21 14:07:56 - [TEST_STEP][PASSED] - refresh(): Refresh successfully

2019-06-21 14:08:01 - [MESSAGE][PASSED] - Refresh successfully

2019-06-21 14:08:01 - [TEST_STEP][PASSED] - delay(2): Delayed 2 second(s)

2019-06-21 14:08:03 - [MESSAGE][PASSED] - Delayed 2 second(s)

2019-06-21 14:08:03 - [TEST_STEP][PASSED] - mouseOver(findTestObject("OCS-DESKTOP/Age gate and Mega menu/Header/CANNABIS menu - English")): Object: 'Object Repository/OCS-DESKTOP/Age gate and Mega menu/Header/CANNABIS menu - English' is hovered

2019-06-21 14:08:03 - [MESSAGE][PASSED] - Object: 'Object Repository/OCS-DESKTOP/Age gate and Mega menu/Header/CANNABIS menu - English' is hovered

2019-06-21 14:08:03 - [TEST_STEP][PASSED] - delay(2): Delayed 2 second(s)

2019-06-21 14:08:05 - [MESSAGE][PASSED] - Delayed 2 second(s)

2019-06-21 14:08:05 - [TEST_STEP][PASSED] - click(findTestObject("OCS-DESKTOP/Age gate and Mega menu/Indica Dominant_Menu item")): Object: 'Object Repository/OCS-DESKTOP/Age gate and Mega menu/Indica Dominant_Menu item' is clicked on

2019-06-21 14:08:07 - [MESSAGE][PASSED] - Object: 'Object Repository/OCS-DESKTOP/Age gate and Mega menu/Indica Dominant_Menu item' is clicked on

2019-06-21 14:08:07 - [TEST_STEP][PASSED] - delay(2): Delayed 2 second(s)

2019-06-21 14:08:09 - [MESSAGE][PASSED] - Delayed 2 second(s)

2019-06-21 14:08:09 - [TEST_STEP][PASSED] - scrollToElement(findTestObject("OCS-DESKTOP/Collection page/Product image - 1st one"), 0): Scroll to object 'Object Repository/OCS-DESKTOP/Collection page/Product image - 1st one' successfully

2019-06-21 14:08:09 - [MESSAGE][WARNING] - Timeout '0' is invalid. Using default page load timeout: '30'

2019-06-21 14:08:09 - [MESSAGE][PASSED] - Scroll to object 'Object Repository/OCS-DESKTOP/Collection page/Product image - 1st one' successfully

2019-06-21 14:08:09 - [TEST_STEP][PASSED] - delay(2): Delayed 2 second(s)

2019-06-21 14:08:11 - [MESSAGE][PASSED] - Delayed 2 second(s)

2019-06-21 14:08:11 - [TEST_STEP][PASSED] - click(findTestObject("OCS-DESKTOP/Collection page/Product image - 1st one")): Object: 'Object Repository/OCS-DESKTOP/Collection page/Product image - 1st one' is clicked on

2019-06-21 14:08:14 - [MESSAGE][PASSED] - Object: 'Object Repository/OCS-DESKTOP/Collection page/Product image - 1st one' is clicked on

2019-06-21 14:08:14 - [TEST_STEP][PASSED] - executeJavaScript("var previewBar = document.getElementById("preview-bar-iframe"); previewBar.style.display = "none";", []): Execute JavaScript 'var previewBar = document.getElementById("preview-bar-iframe"); previewBar.style.display = "none";' successfully

2019-06-21 14:08:14 - [MESSAGE][PASSED] - Execute JavaScript 'var previewBar = document.getElementById("preview-bar-iframe"); previewBar.style.display = "none";' successfully

2019-06-21 14:08:14 - [TEST_STEP][PASSED] - delay(2): Delayed 2 second(s)

2019-06-21 14:08:16 - [MESSAGE][PASSED] - Delayed 2 second(s)

2019-06-21 14:08:16 - [MESSAGE][PASSED] - Call Test Case 'Test Cases/OCS - DESKTOP/CALL - PDP' successfully

2019-06-21 14:08:16 - [TEST_STEP][NOT_RUN] - scrollToElement(findTestObject("OCS-MOBILE /Product page/Product image"), 1): NOT_RUN: scrollToElement(findTestObject("OCS-MOBILE /Product page/Product image"), 1)

2019-06-21 14:08:16 - [MESSAGE][NOT_RUN] - NOT_RUN: scrollToElement(findTestObject("OCS-MOBILE /Product page/Product image"), 1)

2019-06-21 14:08:16 - [TEST_STEP][PASSED] - click(findTestObject("OCS-DESKTOP/Product page/Learn More - Link")): Object: 'Object Repository/OCS-DESKTOP/Product page/Learn More - Link' is clicked on

2019-06-21 14:08:16 - [MESSAGE][PASSED] - Object: 'Object Repository/OCS-DESKTOP/Product page/Learn More - Link' is clicked on

2019-06-21 14:08:16 - [TEST_STEP][PASSED] - delay(1): Delayed 1 second(s)

2019-06-21 14:08:17 - [MESSAGE][PASSED] - Delayed 1 second(s)

2019-06-21 14:08:17 - [TEST_STEP][NOT_RUN] - scrollToElement(findTestObject("OCS-DESKTOP/Product page/Last raw of the table"), 0): NOT_RUN: scrollToElement(findTestObject("OCS-DESKTOP/Product page/Last raw of the table"), 0)

2019-06-21 14:08:17 - [MESSAGE][NOT_RUN] - NOT_RUN: scrollToElement(findTestObject("OCS-DESKTOP/Product page/Last raw of the table"), 0)

2019-06-21 14:08:17 - [TEST_STEP][PASSED] - takeScreenshot(): Taking screenshot successfully

2019-06-21 14:08:18 - [MESSAGE][PASSED] - Taking screenshot successfully
[[ATTACHMENT|/Users/sumankompelly/Relative xpath-Desktop/Reports/OCS-1.11/20190621_135030/1561140497818.png]]

2019-06-21 14:08:18 - [TEST_STEP][PASSED] - delay(1): Delayed 1 second(s)

2019-06-21 14:08:19 - [MESSAGE][PASSED] - Delayed 1 second(s)

2019-06-21 14:08:19 - [TEST_STEP][PASSED] - click(findTestObject("OCS-DESKTOP/Product page/More items to consider section/1st Product - image - Grinder")): Object: 'Object Repository/OCS-DESKTOP/Product page/More items to consider section/1st Product - image - Grinder' is clicked on

2019-06-21 14:08:20 - [MESSAGE][PASSED] - Object: 'Object Repository/OCS-DESKTOP/Product page/More items to consider section/1st Product - image - Grinder' is clicked on

2019-06-21 14:08:20 - [TEST_STEP][PASSED] - delay(2, STOP_ON_FAILURE): Delayed 2 second(s)

2019-06-21 14:08:22 - [MESSAGE][PASSED] - Delayed 2 second(s)

2019-06-21 14:08:22 - [TEST_STEP][PASSED] - takeScreenshot(): Taking screenshot successfully

2019-06-21 14:08:23 - [MESSAGE][PASSED] - Taking screenshot successfully
[[ATTACHMENT|/Users/sumankompelly/Relative xpath-Desktop/Reports/OCS-1.11/20190621_135030/1561140502880.png]]

2019-06-21 14:08:23 - [TEST_STEP][PASSED] - delay(1): Delayed 1 second(s)

2019-06-21 14:08:24 - [MESSAGE][PASSED] - Delayed 1 second(s)

2019-06-21 14:08:24 - [TEST_STEP][PASSED] - back(): Navigate back successfully

2019-06-21 14:08:26 - [MESSAGE][PASSED] - Navigate back successfully

2019-06-21 14:08:26 - [TEST_STEP][FAILED] - click(findTestObject("OCS-DESKTOP/Product page/More items to consider section/Vaporizers - Tab")): click(findTestObject("OCS-DESKTOP/Product page/More items to consider section/Vaporizers - Tab")) FAILED.
Reason:
com.kms.katalon.core.exception.StepFailedException: Unable to click on object 'Object Repository/OCS-DESKTOP/Product page/More items to consider section/Vaporizers - Tab' (Root cause: org.openqa.selenium.ElementClickInterceptedException: Element <li id="suggested-accessories__tab--vaporizers" class="tab "> is not clickable at point (624,719) because another element <iframe id="preview-bar-iframe" src="https://ocs.ca/preview_bar"> obscures it
Build info: version: '3.7.1', revision: '8a0099a', time: '2017-11-06T21:07:36.161Z'
System info: host: 'sumans-MacBook-Pro.local', ip: '2601:87:0:879f:0:0:0:1e84%en0', os.name: 'Mac OS X', os.arch: 'x86_64', os.version: '10.13.6', java.version: '1.8.0_181'
Driver info: com.kms.katalon.core.webui.driver.firefox.CGeckoDriver
Capabilities {acceptInsecureCerts: true, browserName: firefox, browserVersion: 67.0.3, javascriptEnabled: true, moz:accessibilityChecks: false, moz:buildID: 20190618025334, moz:geckodriverVersion: 0.23.0, moz:headless: false, moz:processID: 2897, moz:profile: /var/folders/1t/c55l8xzs6gq..., moz:shutdownTimeout: 60000, moz:useNonSpecCompliantPointerOrigin: false, moz:webdriverClick: true, pageLoadStrategy: normal, platform: MAC, platformName: MAC, platformVersion: 17.7.0, proxy: Proxy(direct), rotatable: false, setWindowRect: true, strictFileInteractability: false, timeouts: {implicit: 0, pageLoad: 300000, script: 30000}, unhandledPromptBehavior: dismiss and notify}
Session ID: 791cfc21-0502-134b-8aab-7b874ee4987b)
	at com.kms.katalon.core.keyword.internal.KeywordMain.stepFailed(KeywordMain.groovy:36)
	at com.kms.katalon.core.webui.keyword.internal.WebUIKeywordMain.stepFailed(WebUIKeywordMain.groovy:65)
	at com.kms.katalon.core.webui.keyword.internal.WebUIKeywordMain.runKeyword(WebUIKeywordMain.groovy:27)
	at com.kms.katalon.core.webui.keyword.builtin.ClickKeyword.click(ClickKeyword.groovy:86)
	at com.kms.katalon.core.webui.keyword.builtin.ClickKeyword.execute(ClickKeyword.groovy:67)
	at com.kms.katalon.core.keyword.internal.KeywordExecutor.executeKeywordForPlatform(KeywordExecutor.groovy:53)
	at com.kms.katalon.core.webui.keyword.WebUiBuiltInKeywords.click(WebUiBuiltInKeywords.groovy:616)
	at com.kms.katalon.core.webui.keyword.WebUiBuiltInKeywords$click$4.call(Unknown Source)
	at More items to consider.run(More items to consider:41)
	at com.kms.katalon.core.main.ScriptEngine.run(ScriptEngine.java:194)
	at com.kms.katalon.core.main.ScriptEngine.runScriptAsRawText(ScriptEngine.java:119)
	at com.kms.katalon.core.main.TestCaseExecutor.runScript(TestCaseExecutor.java:328)
	at com.kms.katalon.core.main.TestCaseExecutor.doExecute(TestCaseExecutor.java:319)
	at com.kms.katalon.core.main.TestCaseExecutor.processExecutionPhase(TestCaseExecutor.java:298)
	at com.kms.katalon.core.main.TestCaseExecutor.accessMainPhase(TestCaseExecutor.java:290)
	at com.kms.katalon.core.main.TestCaseExecutor.execute(TestCaseExecutor.java:224)
	at com.kms.katalon.core.main.TestSuiteExecutor.accessTestCaseMainPhase(TestSuiteExecutor.java:129)
	at com.kms.katalon.core.main.TestSuiteExecutor.accessTestSuiteMainPhase(TestSuiteExecutor.java:112)
	at com.kms.katalon.core.main.TestSuiteExecutor.execute(TestSuiteExecutor.java:81)
	at com.kms.katalon.core.main.TestCaseMain.startTestSuite(TestCaseMain.java:149)
	at com.kms.katalon.core.main.TestCaseMain$startTestSuite$0.call(Unknown Source)
	at TempTestSuite1561139430530.run(TempTestSuite1561139430530.groovy:36)


2019-06-21 14:08:26 - [MESSAGE][FAILED] - Unable to click on object 'Object Repository/OCS-DESKTOP/Product page/More items to consider section/Vaporizers - Tab' (Root cause: org.openqa.selenium.ElementClickInterceptedException: Element <li id="suggested-accessories__tab--vaporizers" class="tab "> is not clickable at point (624,719) because another element <iframe id="preview-bar-iframe" src="https://ocs.ca/preview_bar"> obscures it
Build info: version: '3.7.1', revision: '8a0099a', time: '2017-11-06T21:07:36.161Z'
System info: host: 'sumans-MacBook-Pro.local', ip: '2601:87:0:879f:0:0:0:1e84%en0', os.name: 'Mac OS X', os.arch: 'x86_64', os.version: '10.13.6', java.version: '1.8.0_181'
Driver info: com.kms.katalon.core.webui.driver.firefox.CGeckoDriver
Capabilities {acceptInsecureCerts: true, browserName: firefox, browserVersion: 67.0.3, javascriptEnabled: true, moz:accessibilityChecks: false, moz:buildID: 20190618025334, moz:geckodriverVersion: 0.23.0, moz:headless: false, moz:processID: 2897, moz:profile: /var/folders/1t/c55l8xzs6gq..., moz:shutdownTimeout: 60000, moz:useNonSpecCompliantPointerOrigin: false, moz:webdriverClick: true, pageLoadStrategy: normal, platform: MAC, platformName: MAC, platformVersion: 17.7.0, proxy: Proxy(direct), rotatable: false, setWindowRect: true, strictFileInteractability: false, timeouts: {implicit: 0, pageLoad: 300000, script: 30000}, unhandledPromptBehavior: dismiss and notify}
Session ID: 791cfc21-0502-134b-8aab-7b874ee4987b)
[[ATTACHMENT|/Users/sumankompelly/Relative xpath-Desktop/Reports/OCS-1.11/20190621_135030/1561140506190.png]]

2019-06-21 14:08:26 - [MESSAGE][FAILED] - click(findTestObject("OCS-DESKTOP/Product page/More items to consider section/Vaporizers - Tab")) FAILED.
Reason:
com.kms.katalon.core.exception.StepFailedException: Unable to click on object 'Object Repository/OCS-DESKTOP/Product page/More items to consider section/Vaporizers - Tab' (Root cause: org.openqa.selenium.ElementClickInterceptedException: Element <li id="suggested-accessories__tab--vaporizers" class="tab "> is not clickable at point (624,719) because another element <iframe id="preview-bar-iframe" src="https://ocs.ca/preview_bar"> obscures it
Build info: version: '3.7.1', revision: '8a0099a', time: '2017-11-06T21:07:36.161Z'
System info: host: 'sumans-MacBook-Pro.local', ip: '2601:87:0:879f:0:0:0:1e84%en0', os.name: 'Mac OS X', os.arch: 'x86_64', os.version: '10.13.6', java.version: '1.8.0_181'
Driver info: com.kms.katalon.core.webui.driver.firefox.CGeckoDriver
Capabilities {acceptInsecureCerts: true, browserName: firefox, browserVersion: 67.0.3, javascriptEnabled: true, moz:accessibilityChecks: false, moz:buildID: 20190618025334, moz:geckodriverVersion: 0.23.0, moz:headless: false, moz:processID: 2897, moz:profile: /var/folders/1t/c55l8xzs6gq..., moz:shutdownTimeout: 60000, moz:useNonSpecCompliantPointerOrigin: false, moz:webdriverClick: true, pageLoadStrategy: normal, platform: MAC, platformName: MAC, platformVersion: 17.7.0, proxy: Proxy(direct), rotatable: false, setWindowRect: true, strictFileInteractability: false, timeouts: {implicit: 0, pageLoad: 300000, script: 30000}, unhandledPromptBehavior: dismiss and notify}
Session ID: 791cfc21-0502-134b-8aab-7b874ee4987b)
	at com.kms.katalon.core.keyword.internal.KeywordMain.stepFailed(KeywordMain.groovy:36)
	at com.kms.katalon.core.webui.keyword.internal.WebUIKeywordMain.stepFailed(WebUIKeywordMain.groovy:65)
	at com.kms.katalon.core.webui.keyword.internal.WebUIKeywordMain.runKeyword(WebUIKeywordMain.groovy:27)
	at com.kms.katalon.core.webui.keyword.builtin.ClickKeyword.click(ClickKeyword.groovy:86)
	at com.kms.katalon.core.webui.keyword.builtin.ClickKeyword.execute(ClickKeyword.groovy:67)
	at com.kms.katalon.core.keyword.internal.KeywordExecutor.executeKeywordForPlatform(KeywordExecutor.groovy:53)
	at com.kms.katalon.core.webui.keyword.WebUiBuiltInKeywords.click(WebUiBuiltInKeywords.groovy:616)
	at com.kms.katalon.core.webui.keyword.WebUiBuiltInKeywords$click$4.call(Unknown Source)
	at More items to consider.run(More items to consider:41)
	at com.kms.katalon.core.main.ScriptEngine.run(ScriptEngine.java:194)
	at com.kms.katalon.core.main.ScriptEngine.runScriptAsRawText(ScriptEngine.java:119)
	at com.kms.katalon.core.main.TestCaseExecutor.runScript(TestCaseExecutor.java:328)
	at com.kms.katalon.core.main.TestCaseExecutor.doExecute(TestCaseExecutor.java:319)
	at com.kms.katalon.core.main.TestCaseExecutor.processExecutionPhase(TestCaseExecutor.java:298)
	at com.kms.katalon.core.main.TestCaseExecutor.accessMainPhase(TestCaseExecutor.java:290)
	at com.kms.katalon.core.main.TestCaseExecutor.execute(TestCaseExecutor.java:224)
	at com.kms.katalon.core.main.TestSuiteExecutor.accessTestCaseMainPhase(TestSuiteExecutor.java:129)
	at com.kms.katalon.core.main.TestSuiteExecutor.accessTestSuiteMainPhase(TestSuiteExecutor.java:112)
	at com.kms.katalon.core.main.TestSuiteExecutor.execute(TestSuiteExecutor.java:81)
	at com.kms.katalon.core.main.TestCaseMain.startTestSuite(TestCaseMain.java:149)
	at com.kms.katalon.core.main.TestCaseMain$startTestSuite$0.call(Unknown Source)
	at TempTestSuite1561139430530.run(TempTestSuite1561139430530.groovy:36)]]></system-out>
         <system-err><![CDATA[2019-06-21 14:07:41 - [TEST_CASE][FAILED] - Test Cases/OCS - DESKTOP/OCS- PRODUCT PAGE/More items to consider: Test Cases/OCS - DESKTOP/OCS- PRODUCT PAGE/More items to consider FAILED.
Reason:
com.kms.katalon.core.exception.StepFailedException: Unable to click on object 'Object Repository/OCS-DESKTOP/Product page/More items to consider section/Vaporizers - Tab' (Root cause: org.openqa.selenium.ElementClickInterceptedException: Element <li id="suggested-accessories__tab--vaporizers" class="tab "> is not clickable at point (624,719) because another element <iframe id="preview-bar-iframe" src="https://ocs.ca/preview_bar"> obscures it
Build info: version: '3.7.1', revision: '8a0099a', time: '2017-11-06T21:07:36.161Z'
System info: host: 'sumans-MacBook-Pro.local', ip: '2601:87:0:879f:0:0:0:1e84%en0', os.name: 'Mac OS X', os.arch: 'x86_64', os.version: '10.13.6', java.version: '1.8.0_181'
Driver info: com.kms.katalon.core.webui.driver.firefox.CGeckoDriver
Capabilities {acceptInsecureCerts: true, browserName: firefox, browserVersion: 67.0.3, javascriptEnabled: true, moz:accessibilityChecks: false, moz:buildID: 20190618025334, moz:geckodriverVersion: 0.23.0, moz:headless: false, moz:processID: 2897, moz:profile: /var/folders/1t/c55l8xzs6gq..., moz:shutdownTimeout: 60000, moz:useNonSpecCompliantPointerOrigin: false, moz:webdriverClick: true, pageLoadStrategy: normal, platform: MAC, platformName: MAC, platformVersion: 17.7.0, proxy: Proxy(direct), rotatable: false, setWindowRect: true, strictFileInteractability: false, timeouts: {implicit: 0, pageLoad: 300000, script: 30000}, unhandledPromptBehavior: dismiss and notify}
Session ID: 791cfc21-0502-134b-8aab-7b874ee4987b)
	at com.kms.katalon.core.keyword.internal.KeywordMain.stepFailed(KeywordMain.groovy:36)
	at com.kms.katalon.core.webui.keyword.internal.WebUIKeywordMain.stepFailed(WebUIKeywordMain.groovy:65)
	at com.kms.katalon.core.webui.keyword.internal.WebUIKeywordMain.runKeyword(WebUIKeywordMain.groovy:27)
	at com.kms.katalon.core.webui.keyword.builtin.ClickKeyword.click(ClickKeyword.groovy:86)
	at com.kms.katalon.core.webui.keyword.builtin.ClickKeyword.execute(ClickKeyword.groovy:67)
	at com.kms.katalon.core.keyword.internal.KeywordExecutor.executeKeywordForPlatform(KeywordExecutor.groovy:53)
	at com.kms.katalon.core.webui.keyword.WebUiBuiltInKeywords.click(WebUiBuiltInKeywords.groovy:616)
	at com.kms.katalon.core.webui.keyword.WebUiBuiltInKeywords$click$4.call(Unknown Source)
	at More items to consider.run(More items to consider:41)
	at com.kms.katalon.core.main.ScriptEngine.run(ScriptEngine.java:194)
	at com.kms.katalon.core.main.ScriptEngine.runScriptAsRawText(ScriptEngine.java:119)
	at com.kms.katalon.core.main.TestCaseExecutor.runScript(TestCaseExecutor.java:328)
	at com.kms.katalon.core.main.TestCaseExecutor.doExecute(TestCaseExecutor.java:319)
	at com.kms.katalon.core.main.TestCaseExecutor.processExecutionPhase(TestCaseExecutor.java:298)
	at com.kms.katalon.core.main.TestCaseExecutor.accessMainPhase(TestCaseExecutor.java:290)
	at com.kms.katalon.core.main.TestCaseExecutor.execute(TestCaseExecutor.java:224)
	at com.kms.katalon.core.main.TestSuiteExecutor.accessTestCaseMainPhase(TestSuiteExecutor.java:129)
	at com.kms.katalon.core.main.TestSuiteExecutor.accessTestSuiteMainPhase(TestSuiteExecutor.java:112)
	at com.kms.katalon.core.main.TestSuiteExecutor.execute(TestSuiteExecutor.java:81)
	at com.kms.katalon.core.main.TestCaseMain.startTestSuite(TestCaseMain.java:149)
	at com.kms.katalon.core.main.TestCaseMain$startTestSuite$0.call(Unknown Source)
	at TempTestSuite1561139430530.run(TempTestSuite1561139430530.groovy:36)]]></system-err>
      </testcase>
      <testcase name="Test Cases/OCS - DESKTOP/OCS- PRODUCT PAGE/Price" classname="Test Cases/OCS - DESKTOP/OCS- PRODUCT PAGE/Price" status="PASSED">
         <system-out><![CDATA[2019-06-21 14:08:26 - [TEST_CASE][PASSED] - Test Cases/OCS - DESKTOP/OCS- PRODUCT PAGE/Price: Test Cases/OCS - DESKTOP/OCS- PRODUCT PAGE/Price

2019-06-21 14:08:26 - [TEST_STEP][PASSED] - callTestCase(findTestCase("OCS - DESKTOP/CALL - PDP"), [:], STOP_ON_FAILURE): Call Test Case 'Test Cases/OCS - DESKTOP/CALL - PDP' successfully

2019-06-21 14:08:26 - [TEST_CASE][PASSED] - Test Cases/OCS - DESKTOP/CALL - PDP: Test Cases/OCS - DESKTOP/CALL - PDP

2019-06-21 14:08:26 - [TEST_STEP][PASSED] - openBrowser(""): Browser is opened with url: ''

2019-06-21 14:08:26 - [MESSAGE][WARNING] - A browser is already opened. Closing browser and opening a new one

2019-06-21 14:08:27 - [MESSAGE][INFO] - Starting 'Firefox' driver

2019-06-21 14:08:29 - [MESSAGE][PASSED] - Browser is opened with url: ''

2019-06-21 14:08:29 - [TEST_STEP][PASSED] - navigateToUrl("https://ocs.ca/?fts=0&preview_theme_id=74057975628"): Navigate to 'https://ocs.ca/?fts=0&preview_theme_id=74057975628' successfully

2019-06-21 14:08:34 - [MESSAGE][PASSED] - Navigate to 'https://ocs.ca/?fts=0&preview_theme_id=74057975628' successfully

2019-06-21 14:08:34 - [TEST_STEP][PASSED] - maximizeWindow(): Current window maximized

2019-06-21 14:08:35 - [MESSAGE][PASSED] - Current window maximized

2019-06-21 14:08:35 - [TEST_STEP][PASSED] - executeJavaScript("var previewBar = document.getElementById("preview-bar-iframe"); previewBar.style.display = "none";", []): Execute JavaScript 'var previewBar = document.getElementById("preview-bar-iframe"); previewBar.style.display = "none";' successfully

2019-06-21 14:08:35 - [MESSAGE][PASSED] - Execute JavaScript 'var previewBar = document.getElementById("preview-bar-iframe"); previewBar.style.display = "none";' successfully

2019-06-21 14:08:35 - [TEST_STEP][PASSED] - delay(4): Delayed 4 second(s)

2019-06-21 14:08:39 - [MESSAGE][PASSED] - Delayed 4 second(s)

2019-06-21 14:08:39 - [TEST_STEP][PASSED] - selectOptionByValue(findTestObject("OCS-DESKTOP/Age gate and Mega menu/Date"), "12", true): All options with value '12' are selected in object 'Object Repository/OCS-DESKTOP/Age gate and Mega menu/Date'  using regular expression

2019-06-21 14:08:40 - [MESSAGE][PASSED] - All options with value '12' are selected in object 'Object Repository/OCS-DESKTOP/Age gate and Mega menu/Date'  using regular expression

2019-06-21 14:08:40 - [TEST_STEP][PASSED] - selectOptionByValue(findTestObject("OCS-DESKTOP/Age gate and Mega menu/month"), "6", true): All options with value '6' are selected in object 'Object Repository/OCS-DESKTOP/Age gate and Mega menu/month'  using regular expression

2019-06-21 14:08:40 - [MESSAGE][PASSED] - All options with value '6' are selected in object 'Object Repository/OCS-DESKTOP/Age gate and Mega menu/month'  using regular expression

2019-06-21 14:08:40 - [TEST_STEP][PASSED] - delay(2): Delayed 2 second(s)

2019-06-21 14:08:42 - [MESSAGE][PASSED] - Delayed 2 second(s)

2019-06-21 14:08:42 - [TEST_STEP][PASSED] - selectOptionByValue(findTestObject("OCS-DESKTOP/Age gate and Mega menu/Year Dropdown"), "1990", true): All options with value '1990' are selected in object 'Object Repository/OCS-DESKTOP/Age gate and Mega menu/Year Dropdown'  using regular expression

2019-06-21 14:08:44 - [MESSAGE][PASSED] - All options with value '1990' are selected in object 'Object Repository/OCS-DESKTOP/Age gate and Mega menu/Year Dropdown'  using regular expression

2019-06-21 14:08:44 - [TEST_STEP][PASSED] - click(findTestObject("OCS-DESKTOP/Age gate and Mega menu/button_Verify")): Object: 'Object Repository/OCS-DESKTOP/Age gate and Mega menu/button_Verify' is clicked on

2019-06-21 14:08:44 - [MESSAGE][PASSED] - Object: 'Object Repository/OCS-DESKTOP/Age gate and Mega menu/button_Verify' is clicked on

2019-06-21 14:08:44 - [TEST_STEP][PASSED] - click(findTestObject("OCS-DESKTOP/Age gate and Mega menu/Checkbox_CONFIRM AND ACKNOWLEDGE")): Object: 'Object Repository/OCS-DESKTOP/Age gate and Mega menu/Checkbox_CONFIRM AND ACKNOWLEDGE' is clicked on

2019-06-21 14:08:44 - [MESSAGE][PASSED] - Object: 'Object Repository/OCS-DESKTOP/Age gate and Mega menu/Checkbox_CONFIRM AND ACKNOWLEDGE' is clicked on

2019-06-21 14:08:44 - [TEST_STEP][PASSED] - click(findTestObject("OCS-DESKTOP/Age gate and Mega menu/button_CONFIRM")): Object: 'Object Repository/OCS-DESKTOP/Age gate and Mega menu/button_CONFIRM' is clicked on

2019-06-21 14:08:45 - [MESSAGE][PASSED] - Object: 'Object Repository/OCS-DESKTOP/Age gate and Mega menu/button_CONFIRM' is clicked on

2019-06-21 14:08:45 - [TEST_STEP][PASSED] - click(findTestObject("OCS-DESKTOP/Age gate and Mega menu/button_Start Browsing")): Object: 'Object Repository/OCS-DESKTOP/Age gate and Mega menu/button_Start Browsing' is clicked on

2019-06-21 14:08:45 - [MESSAGE][PASSED] - Object: 'Object Repository/OCS-DESKTOP/Age gate and Mega menu/button_Start Browsing' is clicked on

2019-06-21 14:08:45 - [TEST_STEP][PASSED] - refresh(): Refresh successfully

2019-06-21 14:08:48 - [MESSAGE][PASSED] - Refresh successfully

2019-06-21 14:08:48 - [TEST_STEP][PASSED] - delay(2): Delayed 2 second(s)

2019-06-21 14:08:50 - [MESSAGE][PASSED] - Delayed 2 second(s)

2019-06-21 14:08:50 - [TEST_STEP][PASSED] - mouseOver(findTestObject("OCS-DESKTOP/Age gate and Mega menu/Header/CANNABIS menu - English")): Object: 'Object Repository/OCS-DESKTOP/Age gate and Mega menu/Header/CANNABIS menu - English' is hovered

2019-06-21 14:08:50 - [MESSAGE][PASSED] - Object: 'Object Repository/OCS-DESKTOP/Age gate and Mega menu/Header/CANNABIS menu - English' is hovered

2019-06-21 14:08:50 - [TEST_STEP][PASSED] - delay(2): Delayed 2 second(s)

2019-06-21 14:08:52 - [MESSAGE][PASSED] - Delayed 2 second(s)

2019-06-21 14:08:52 - [TEST_STEP][PASSED] - click(findTestObject("OCS-DESKTOP/Age gate and Mega menu/Indica Dominant_Menu item")): Object: 'Object Repository/OCS-DESKTOP/Age gate and Mega menu/Indica Dominant_Menu item' is clicked on

2019-06-21 14:08:55 - [MESSAGE][PASSED] - Object: 'Object Repository/OCS-DESKTOP/Age gate and Mega menu/Indica Dominant_Menu item' is clicked on

2019-06-21 14:08:55 - [TEST_STEP][PASSED] - delay(2): Delayed 2 second(s)

2019-06-21 14:08:57 - [MESSAGE][PASSED] - Delayed 2 second(s)

2019-06-21 14:08:57 - [TEST_STEP][PASSED] - scrollToElement(findTestObject("OCS-DESKTOP/Collection page/Product image - 1st one"), 0): Scroll to object 'Object Repository/OCS-DESKTOP/Collection page/Product image - 1st one' successfully

2019-06-21 14:08:57 - [MESSAGE][WARNING] - Timeout '0' is invalid. Using default page load timeout: '30'

2019-06-21 14:08:57 - [MESSAGE][PASSED] - Scroll to object 'Object Repository/OCS-DESKTOP/Collection page/Product image - 1st one' successfully

2019-06-21 14:08:57 - [TEST_STEP][PASSED] - delay(2): Delayed 2 second(s)

2019-06-21 14:08:59 - [MESSAGE][PASSED] - Delayed 2 second(s)

2019-06-21 14:08:59 - [TEST_STEP][PASSED] - click(findTestObject("OCS-DESKTOP/Collection page/Product image - 1st one")): Object: 'Object Repository/OCS-DESKTOP/Collection page/Product image - 1st one' is clicked on

2019-06-21 14:09:01 - [MESSAGE][PASSED] - Object: 'Object Repository/OCS-DESKTOP/Collection page/Product image - 1st one' is clicked on

2019-06-21 14:09:01 - [TEST_STEP][PASSED] - executeJavaScript("var previewBar = document.getElementById("preview-bar-iframe"); previewBar.style.display = "none";", []): Execute JavaScript 'var previewBar = document.getElementById("preview-bar-iframe"); previewBar.style.display = "none";' successfully

2019-06-21 14:09:01 - [MESSAGE][PASSED] - Execute JavaScript 'var previewBar = document.getElementById("preview-bar-iframe"); previewBar.style.display = "none";' successfully

2019-06-21 14:09:01 - [TEST_STEP][PASSED] - delay(2): Delayed 2 second(s)

2019-06-21 14:09:03 - [MESSAGE][PASSED] - Delayed 2 second(s)

2019-06-21 14:09:03 - [MESSAGE][PASSED] - Call Test Case 'Test Cases/OCS - DESKTOP/CALL - PDP' successfully

2019-06-21 14:09:03 - [TEST_STEP][NOT_RUN] - navigateToUrl("https://ocs.ca/?fts=0&preview_theme_id=53373863756"): NOT_RUN: navigateToUrl("https://ocs.ca/?fts=0&preview_theme_id=53373863756")

2019-06-21 14:09:03 - [MESSAGE][NOT_RUN] - NOT_RUN: navigateToUrl("https://ocs.ca/?fts=0&preview_theme_id=53373863756")

2019-06-21 14:09:03 - [TEST_STEP][PASSED] - delay(2): Delayed 2 second(s)

2019-06-21 14:09:05 - [MESSAGE][PASSED] - Delayed 2 second(s)

2019-06-21 14:09:05 - [TEST_STEP][PASSED] - scrollToElement(findTestObject("OCS-DESKTOP/Product page/Product image"), 1): Scroll to object 'Object Repository/OCS-DESKTOP/Product page/Product image' successfully

2019-06-21 14:09:05 - [MESSAGE][PASSED] - Scroll to object 'Object Repository/OCS-DESKTOP/Product page/Product image' successfully

2019-06-21 14:09:05 - [TEST_STEP][PASSED] - delay(2): Delayed 2 second(s)

2019-06-21 14:09:07 - [MESSAGE][PASSED] - Delayed 2 second(s)

2019-06-21 14:09:07 - [TEST_STEP][PASSED] - click(findTestObject("OCS-DESKTOP/Product page/Swatch_1g")): Object: 'Object Repository/OCS-DESKTOP/Product page/Swatch_1g' is clicked on

2019-06-21 14:09:07 - [MESSAGE][PASSED] - Object: 'Object Repository/OCS-DESKTOP/Product page/Swatch_1g' is clicked on

2019-06-21 14:09:07 - [TEST_STEP][PASSED] - delay(2): Delayed 2 second(s)

2019-06-21 14:09:09 - [MESSAGE][PASSED] - Delayed 2 second(s)

2019-06-21 14:09:09 - [TEST_STEP][NOT_RUN] - scrollToElement(findTestObject("OCS-DESKTOP/Product page/Add to Bag-button"), 0): NOT_RUN: scrollToElement(findTestObject("OCS-DESKTOP/Product page/Add to Bag-button"), 0)

2019-06-21 14:09:09 - [MESSAGE][NOT_RUN] - NOT_RUN: scrollToElement(findTestObject("OCS-DESKTOP/Product page/Add to Bag-button"), 0)

2019-06-21 14:09:09 - [TEST_STEP][NOT_RUN] - scrollToElement(findTestObject("OCS-MOBILE /Product page/Product image"), 1): NOT_RUN: scrollToElement(findTestObject("OCS-MOBILE /Product page/Product image"), 1)

2019-06-21 14:09:09 - [MESSAGE][NOT_RUN] - NOT_RUN: scrollToElement(findTestObject("OCS-MOBILE /Product page/Product image"), 1)

2019-06-21 14:09:09 - [TEST_STEP][PASSED] - delay(2): Delayed 2 second(s)

2019-06-21 14:09:11 - [MESSAGE][PASSED] - Delayed 2 second(s)

2019-06-21 14:09:11 - [TEST_STEP][PASSED] - a = getText(findTestObject("OCS-DESKTOP/Product page/Price/1g Price - Swatch")): Text of object 'Object Repository/OCS-DESKTOP/Product page/Price/1g Price - Swatch' is: '$10.25'

2019-06-21 14:09:12 - [MESSAGE][PASSED] - Text of object 'Object Repository/OCS-DESKTOP/Product page/Price/1g Price - Swatch' is: '$10.25'

2019-06-21 14:09:12 - [TEST_STEP][PASSED] - comment("a =" + a): a =$10.25

2019-06-21 14:09:12 - [MESSAGE][INFO] - a =$10.25

2019-06-21 14:09:12 - [TEST_STEP][PASSED] - delay(1, OPTIONAL): Delayed 1 second(s)

2019-06-21 14:09:13 - [MESSAGE][PASSED] - Delayed 1 second(s)

2019-06-21 14:09:13 - [TEST_STEP][PASSED] - flag = verifyElementPresent(findTestObject("OCS-DESKTOP/Product page/Price/Price - Add to cart button"), 0, CONTINUE_ON_FAILURE): Object 'Object Repository/OCS-DESKTOP/Product page/Price/Price - Add to cart button' is present

2019-06-21 14:09:13 - [MESSAGE][WARNING] - Timeout '0' is invalid. Using default page load timeout: '30'

2019-06-21 14:09:13 - [MESSAGE][PASSED] - Object 'Object Repository/OCS-DESKTOP/Product page/Price/Price - Add to cart button' is present

2019-06-21 14:09:13 - [TEST_STEP][PASSED] - comment("flag =" + flag): flag =true

2019-06-21 14:09:13 - [MESSAGE][INFO] - flag =true

2019-06-21 14:09:13 - [TEST_STEP][PASSED] - if (flag == true): Actual object '34.10' and expected object '34.10' are equal

2019-06-21 14:09:13 - [TEST_STEP][PASSED] - b = getText(findTestObject("OCS-DESKTOP/Product page/Price/Price - Add to cart button")): Text of object 'Object Repository/OCS-DESKTOP/Product page/Price/Price - Add to cart button' is: '$10.25'

2019-06-21 14:09:13 - [MESSAGE][PASSED] - Text of object 'Object Repository/OCS-DESKTOP/Product page/Price/Price - Add to cart button' is: '$10.25'

2019-06-21 14:09:13 - [TEST_STEP][PASSED] - comment("a =" + a): a =$10.25

2019-06-21 14:09:13 - [MESSAGE][INFO] - a =$10.25

2019-06-21 14:09:13 - [TEST_STEP][PASSED] - a1 = a.substring(1): null

2019-06-21 14:09:13 - [TEST_STEP][PASSED] - comment("a1=" + a1): a1=10.25

2019-06-21 14:09:13 - [MESSAGE][INFO] - a1=10.25

2019-06-21 14:09:13 - [TEST_STEP][PASSED] - comment("b =" + b): b =$10.25

2019-06-21 14:09:13 - [MESSAGE][INFO] - b =$10.25

2019-06-21 14:09:13 - [TEST_STEP][PASSED] - b1 = a.substring(1): null

2019-06-21 14:09:13 - [TEST_STEP][PASSED] - comment("b1 =" + b1): b1 =10.25

2019-06-21 14:09:13 - [MESSAGE][INFO] - b1 =10.25

2019-06-21 14:09:13 - [TEST_STEP][PASSED] - verifyEqual(a1, b1): Actual object '10.25' and expected object '10.25' are equal

2019-06-21 14:09:13 - [MESSAGE][PASSED] - Actual object '10.25' and expected object '10.25' are equal

2019-06-21 14:09:13 - [TEST_STEP][PASSED] - click(findTestObject("OCS-DESKTOP/Product page/Swatch_3.5g")): Object: 'Object Repository/OCS-DESKTOP/Product page/Swatch_3.5g' is clicked on

2019-06-21 14:09:13 - [MESSAGE][PASSED] - Object: 'Object Repository/OCS-DESKTOP/Product page/Swatch_3.5g' is clicked on

2019-06-21 14:09:13 - [TEST_STEP][PASSED] - c = getText(findTestObject("OCS-DESKTOP/Product page/Price/3.5g Price - Swatch"), STOP_ON_FAILURE): Text of object 'Object Repository/OCS-DESKTOP/Product page/Price/3.5g Price - Swatch' is: '$34.10'

2019-06-21 14:09:13 - [MESSAGE][PASSED] - Text of object 'Object Repository/OCS-DESKTOP/Product page/Price/3.5g Price - Swatch' is: '$34.10'

2019-06-21 14:09:13 - [TEST_STEP][PASSED] - comment("c =" + c): c =$34.10

2019-06-21 14:09:13 - [MESSAGE][INFO] - c =$34.10

2019-06-21 14:09:13 - [TEST_STEP][PASSED] - c1 = c.substring(1): null

2019-06-21 14:09:13 - [TEST_STEP][PASSED] - comment("c1 =" + c1): c1 =34.10

2019-06-21 14:09:13 - [MESSAGE][INFO] - c1 =34.10

2019-06-21 14:09:13 - [TEST_STEP][PASSED] - d = getText(findTestObject("OCS-DESKTOP/Product page/Price/Price - Add to cart button")): Text of object 'Object Repository/OCS-DESKTOP/Product page/Price/Price - Add to cart button' is: '$34.10'

2019-06-21 14:09:13 - [MESSAGE][PASSED] - Text of object 'Object Repository/OCS-DESKTOP/Product page/Price/Price - Add to cart button' is: '$34.10'

2019-06-21 14:09:13 - [TEST_STEP][PASSED] - comment("d =" + d): d =$34.10

2019-06-21 14:09:13 - [MESSAGE][INFO] - d =$34.10

2019-06-21 14:09:13 - [TEST_STEP][PASSED] - d1 = d.substring(1): null

2019-06-21 14:09:13 - [TEST_STEP][PASSED] - comment("d1 =" + d1): d1 =34.10

2019-06-21 14:09:13 - [MESSAGE][INFO] - d1 =34.10

2019-06-21 14:09:13 - [TEST_STEP][PASSED] - verifyEqual(c1, d1): Actual object '34.10' and expected object '34.10' are equal

2019-06-21 14:09:13 - [MESSAGE][PASSED] - Actual object '34.10' and expected object '34.10' are equal]]></system-out>
         <system-err><![CDATA[]]></system-err>
      </testcase>
      <testcase name="Test Cases/OCS - DESKTOP/OCS- PRODUCT PAGE/Learn More" classname="Test Cases/OCS - DESKTOP/OCS- PRODUCT PAGE/Learn More" status="PASSED">
         <system-out><![CDATA[2019-06-21 14:09:13 - [TEST_CASE][PASSED] - Test Cases/OCS - DESKTOP/OCS- PRODUCT PAGE/Learn More: Test Cases/OCS - DESKTOP/OCS- PRODUCT PAGE/Learn More

2019-06-21 14:09:13 - [TEST_STEP][PASSED] - callTestCase(findTestCase("OCS - DESKTOP/CALL - PDP"), [:], STOP_ON_FAILURE): Call Test Case 'Test Cases/OCS - DESKTOP/CALL - PDP' successfully

2019-06-21 14:09:13 - [TEST_CASE][PASSED] - Test Cases/OCS - DESKTOP/CALL - PDP: Test Cases/OCS - DESKTOP/CALL - PDP

2019-06-21 14:09:13 - [TEST_STEP][PASSED] - openBrowser(""): Browser is opened with url: ''

2019-06-21 14:09:13 - [MESSAGE][WARNING] - A browser is already opened. Closing browser and opening a new one

2019-06-21 14:09:14 - [MESSAGE][INFO] - Starting 'Firefox' driver

2019-06-21 14:09:16 - [MESSAGE][PASSED] - Browser is opened with url: ''

2019-06-21 14:09:16 - [TEST_STEP][PASSED] - navigateToUrl("https://ocs.ca/?fts=0&preview_theme_id=74057975628"): Navigate to 'https://ocs.ca/?fts=0&preview_theme_id=74057975628' successfully

2019-06-21 14:09:22 - [MESSAGE][PASSED] - Navigate to 'https://ocs.ca/?fts=0&preview_theme_id=74057975628' successfully

2019-06-21 14:09:22 - [TEST_STEP][PASSED] - maximizeWindow(): Current window maximized

2019-06-21 14:09:22 - [MESSAGE][PASSED] - Current window maximized

2019-06-21 14:09:22 - [TEST_STEP][PASSED] - executeJavaScript("var previewBar = document.getElementById("preview-bar-iframe"); previewBar.style.display = "none";", []): Execute JavaScript 'var previewBar = document.getElementById("preview-bar-iframe"); previewBar.style.display = "none";' successfully

2019-06-21 14:09:22 - [MESSAGE][PASSED] - Execute JavaScript 'var previewBar = document.getElementById("preview-bar-iframe"); previewBar.style.display = "none";' successfully

2019-06-21 14:09:22 - [TEST_STEP][PASSED] - delay(4): Delayed 4 second(s)

2019-06-21 14:09:26 - [MESSAGE][PASSED] - Delayed 4 second(s)

2019-06-21 14:09:26 - [TEST_STEP][PASSED] - selectOptionByValue(findTestObject("OCS-DESKTOP/Age gate and Mega menu/Date"), "12", true): All options with value '12' are selected in object 'Object Repository/OCS-DESKTOP/Age gate and Mega menu/Date'  using regular expression

2019-06-21 14:09:27 - [MESSAGE][PASSED] - All options with value '12' are selected in object 'Object Repository/OCS-DESKTOP/Age gate and Mega menu/Date'  using regular expression

2019-06-21 14:09:27 - [TEST_STEP][PASSED] - selectOptionByValue(findTestObject("OCS-DESKTOP/Age gate and Mega menu/month"), "6", true): All options with value '6' are selected in object 'Object Repository/OCS-DESKTOP/Age gate and Mega menu/month'  using regular expression

2019-06-21 14:09:28 - [MESSAGE][PASSED] - All options with value '6' are selected in object 'Object Repository/OCS-DESKTOP/Age gate and Mega menu/month'  using regular expression

2019-06-21 14:09:28 - [TEST_STEP][PASSED] - delay(2): Delayed 2 second(s)

2019-06-21 14:09:30 - [MESSAGE][PASSED] - Delayed 2 second(s)

2019-06-21 14:09:30 - [TEST_STEP][PASSED] - selectOptionByValue(findTestObject("OCS-DESKTOP/Age gate and Mega menu/Year Dropdown"), "1990", true): All options with value '1990' are selected in object 'Object Repository/OCS-DESKTOP/Age gate and Mega menu/Year Dropdown'  using regular expression

2019-06-21 14:09:31 - [MESSAGE][PASSED] - All options with value '1990' are selected in object 'Object Repository/OCS-DESKTOP/Age gate and Mega menu/Year Dropdown'  using regular expression

2019-06-21 14:09:31 - [TEST_STEP][PASSED] - click(findTestObject("OCS-DESKTOP/Age gate and Mega menu/button_Verify")): Object: 'Object Repository/OCS-DESKTOP/Age gate and Mega menu/button_Verify' is clicked on

2019-06-21 14:09:31 - [MESSAGE][PASSED] - Object: 'Object Repository/OCS-DESKTOP/Age gate and Mega menu/button_Verify' is clicked on

2019-06-21 14:09:31 - [TEST_STEP][PASSED] - click(findTestObject("OCS-DESKTOP/Age gate and Mega menu/Checkbox_CONFIRM AND ACKNOWLEDGE")): Object: 'Object Repository/OCS-DESKTOP/Age gate and Mega menu/Checkbox_CONFIRM AND ACKNOWLEDGE' is clicked on

2019-06-21 14:09:32 - [MESSAGE][PASSED] - Object: 'Object Repository/OCS-DESKTOP/Age gate and Mega menu/Checkbox_CONFIRM AND ACKNOWLEDGE' is clicked on

2019-06-21 14:09:32 - [TEST_STEP][PASSED] - click(findTestObject("OCS-DESKTOP/Age gate and Mega menu/button_CONFIRM")): Object: 'Object Repository/OCS-DESKTOP/Age gate and Mega menu/button_CONFIRM' is clicked on

2019-06-21 14:09:32 - [MESSAGE][PASSED] - Object: 'Object Repository/OCS-DESKTOP/Age gate and Mega menu/button_CONFIRM' is clicked on

2019-06-21 14:09:32 - [TEST_STEP][PASSED] - click(findTestObject("OCS-DESKTOP/Age gate and Mega menu/button_Start Browsing")): Object: 'Object Repository/OCS-DESKTOP/Age gate and Mega menu/button_Start Browsing' is clicked on

2019-06-21 14:09:32 - [MESSAGE][PASSED] - Object: 'Object Repository/OCS-DESKTOP/Age gate and Mega menu/button_Start Browsing' is clicked on

2019-06-21 14:09:32 - [TEST_STEP][PASSED] - refresh(): Refresh successfully

2019-06-21 14:09:37 - [MESSAGE][PASSED] - Refresh successfully

2019-06-21 14:09:37 - [TEST_STEP][PASSED] - delay(2): Delayed 2 second(s)

2019-06-21 14:09:39 - [MESSAGE][PASSED] - Delayed 2 second(s)

2019-06-21 14:09:39 - [TEST_STEP][PASSED] - mouseOver(findTestObject("OCS-DESKTOP/Age gate and Mega menu/Header/CANNABIS menu - English")): Object: 'Object Repository/OCS-DESKTOP/Age gate and Mega menu/Header/CANNABIS menu - English' is hovered

2019-06-21 14:09:39 - [MESSAGE][PASSED] - Object: 'Object Repository/OCS-DESKTOP/Age gate and Mega menu/Header/CANNABIS menu - English' is hovered

2019-06-21 14:09:39 - [TEST_STEP][PASSED] - delay(2): Delayed 2 second(s)

2019-06-21 14:09:41 - [MESSAGE][PASSED] - Delayed 2 second(s)

2019-06-21 14:09:41 - [TEST_STEP][PASSED] - click(findTestObject("OCS-DESKTOP/Age gate and Mega menu/Indica Dominant_Menu item")): Object: 'Object Repository/OCS-DESKTOP/Age gate and Mega menu/Indica Dominant_Menu item' is clicked on

2019-06-21 14:09:43 - [MESSAGE][PASSED] - Object: 'Object Repository/OCS-DESKTOP/Age gate and Mega menu/Indica Dominant_Menu item' is clicked on

2019-06-21 14:09:43 - [TEST_STEP][PASSED] - delay(2): Delayed 2 second(s)

2019-06-21 14:09:45 - [MESSAGE][PASSED] - Delayed 2 second(s)

2019-06-21 14:09:45 - [TEST_STEP][PASSED] - scrollToElement(findTestObject("OCS-DESKTOP/Collection page/Product image - 1st one"), 0): Scroll to object 'Object Repository/OCS-DESKTOP/Collection page/Product image - 1st one' successfully

2019-06-21 14:09:45 - [MESSAGE][WARNING] - Timeout '0' is invalid. Using default page load timeout: '30'

2019-06-21 14:09:45 - [MESSAGE][PASSED] - Scroll to object 'Object Repository/OCS-DESKTOP/Collection page/Product image - 1st one' successfully

2019-06-21 14:09:45 - [TEST_STEP][PASSED] - delay(2): Delayed 2 second(s)

2019-06-21 14:09:47 - [MESSAGE][PASSED] - Delayed 2 second(s)

2019-06-21 14:09:47 - [TEST_STEP][PASSED] - click(findTestObject("OCS-DESKTOP/Collection page/Product image - 1st one")): Object: 'Object Repository/OCS-DESKTOP/Collection page/Product image - 1st one' is clicked on

2019-06-21 14:09:49 - [MESSAGE][PASSED] - Object: 'Object Repository/OCS-DESKTOP/Collection page/Product image - 1st one' is clicked on

2019-06-21 14:09:49 - [TEST_STEP][PASSED] - executeJavaScript("var previewBar = document.getElementById("preview-bar-iframe"); previewBar.style.display = "none";", []): Execute JavaScript 'var previewBar = document.getElementById("preview-bar-iframe"); previewBar.style.display = "none";' successfully

2019-06-21 14:09:49 - [MESSAGE][PASSED] - Execute JavaScript 'var previewBar = document.getElementById("preview-bar-iframe"); previewBar.style.display = "none";' successfully

2019-06-21 14:09:49 - [TEST_STEP][PASSED] - delay(2): Delayed 2 second(s)

2019-06-21 14:09:51 - [MESSAGE][PASSED] - Delayed 2 second(s)

2019-06-21 14:09:51 - [MESSAGE][PASSED] - Call Test Case 'Test Cases/OCS - DESKTOP/CALL - PDP' successfully

2019-06-21 14:09:51 - [TEST_STEP][NOT_RUN] - scrollToElement(findTestObject("OCS-MOBILE /Product page/Product image"), 1): NOT_RUN: scrollToElement(findTestObject("OCS-MOBILE /Product page/Product image"), 1)

2019-06-21 14:09:51 - [MESSAGE][NOT_RUN] - NOT_RUN: scrollToElement(findTestObject("OCS-MOBILE /Product page/Product image"), 1)

2019-06-21 14:09:51 - [TEST_STEP][PASSED] - click(findTestObject("OCS-DESKTOP/Product page/Learn More - Link")): Object: 'Object Repository/OCS-DESKTOP/Product page/Learn More - Link' is clicked on

2019-06-21 14:09:52 - [MESSAGE][PASSED] - Object: 'Object Repository/OCS-DESKTOP/Product page/Learn More - Link' is clicked on

2019-06-21 14:09:52 - [TEST_STEP][PASSED] - verifyElementPresent(findTestObject("OCS-DESKTOP/Product page/About Product - Table"), 1): Object 'Object Repository/OCS-DESKTOP/Product page/About Product - Table' is present

2019-06-21 14:09:52 - [MESSAGE][PASSED] - Object 'Object Repository/OCS-DESKTOP/Product page/About Product - Table' is present

2019-06-21 14:09:52 - [TEST_STEP][PASSED] - takeScreenshot(): Taking screenshot successfully

2019-06-21 14:09:52 - [MESSAGE][PASSED] - Taking screenshot successfully
[[ATTACHMENT|/Users/sumankompelly/Relative xpath-Desktop/Reports/OCS-1.11/20190621_135030/1561140592162.png]]]]></system-out>
         <system-err><![CDATA[]]></system-err>
      </testcase>
      <testcase name="Test Cases/OCS - DESKTOP/OCS- PRODUCT PAGE/Recently viewed" classname="Test Cases/OCS - DESKTOP/OCS- PRODUCT PAGE/Recently viewed" status="FAILED">
         <failure type="FAILED" message="Test Cases/OCS - DESKTOP/OCS- PRODUCT PAGE/Recently viewed FAILED.
Reason:
com.kms.katalon.core.exception.StepFailedException: Unable to move mouse over object 'Object Repository/OCS-DESKTOP/Age gate and Mega menu/Header/CANNABIS menu - English' (Root cause: org.openqa.selenium.WebDriverException: TypeError: rect is undefined
Build info: version: '3.7.1', revision: '8a0099a', time: '2017-11-06T21:07:36.161Z'
System info: host: 'sumans-MacBook-Pro.local', ip: '2601:87:0:879f:0:0:0:1e84%en0', os.name: 'Mac OS X', os.arch: 'x86_64', os.version: '10.13.6', java.version: '1.8.0_181'
Driver info: com.kms.katalon.core.webui.driver.firefox.CGeckoDriver
Capabilities {acceptInsecureCerts: true, browserName: firefox, browserVersion: 67.0.3, javascriptEnabled: true, moz:accessibilityChecks: false, moz:buildID: 20190618025334, moz:geckodriverVersion: 0.23.0, moz:headless: false, moz:processID: 2931, moz:profile: /var/folders/1t/c55l8xzs6gq..., moz:shutdownTimeout: 60000, moz:useNonSpecCompliantPointerOrigin: false, moz:webdriverClick: true, pageLoadStrategy: normal, platform: MAC, platformName: MAC, platformVersion: 17.7.0, proxy: Proxy(direct), rotatable: false, setWindowRect: true, strictFileInteractability: false, timeouts: {implicit: 0, pageLoad: 300000, script: 30000}, unhandledPromptBehavior: dismiss and notify}
Session ID: f83babf8-62ab-c545-95f7-c05fb22f5e1c)
	at com.kms.katalon.core.keyword.internal.KeywordMain.stepFailed(KeywordMain.groovy:36)
	at com.kms.katalon.core.webui.keyword.internal.WebUIKeywordMain.stepFailed(WebUIKeywordMain.groovy:65)
	at com.kms.katalon.core.webui.keyword.internal.WebUIKeywordMain.runKeyword(WebUIKeywordMain.groovy:27)
	at com.kms.katalon.core.webui.keyword.builtin.MouseOverKeyword.mouseOver(MouseOverKeyword.groovy:90)
	at com.kms.katalon.core.webui.keyword.builtin.MouseOverKeyword.execute(MouseOverKeyword.groovy:67)
	at com.kms.katalon.core.keyword.internal.KeywordExecutor.executeKeywordForPlatform(KeywordExecutor.groovy:53)
	at com.kms.katalon.core.webui.keyword.WebUiBuiltInKeywords.mouseOver(WebUiBuiltInKeywords.groovy:776)
	at com.kms.katalon.core.webui.keyword.WebUiBuiltInKeywords$mouseOver$14.call(Unknown Source)
	at CALL - PDP.run(CALL - PDP:47)
	at com.kms.katalon.core.main.ScriptEngine.run(ScriptEngine.java:194)
	at com.kms.katalon.core.main.ScriptEngine.runScriptAsRawText(ScriptEngine.java:119)
	at com.kms.katalon.core.main.TestCaseExecutor.runScript(TestCaseExecutor.java:328)
	at com.kms.katalon.core.main.TestCaseExecutor.doExecute(TestCaseExecutor.java:319)
	at com.kms.katalon.core.main.TestCaseExecutor.processExecutionPhase(TestCaseExecutor.java:298)
	at com.kms.katalon.core.main.TestCaseExecutor.accessMainPhase(TestCaseExecutor.java:290)
	at com.kms.katalon.core.main.TestCaseExecutor.execute(TestCaseExecutor.java:224)
	at com.kms.katalon.core.main.TestCaseMain.runTestCase(TestCaseMain.java:106)
	at com.kms.katalon.core.keyword.builtin.CallTestCaseKeyword$_callTestCase_closure1.doCall(CallTestCaseKeyword.groovy:59)
	at com.kms.katalon.core.keyword.builtin.CallTestCaseKeyword$_callTestCase_closure1.call(CallTestCaseKeyword.groovy)
	at com.kms.katalon.core.keyword.internal.KeywordMain.runKeyword(KeywordMain.groovy:54)
	at com.kms.katalon.core.keyword.builtin.CallTestCaseKeyword.callTestCase(CallTestCaseKeyword.groovy:80)
	at com.kms.katalon.core.keyword.builtin.CallTestCaseKeyword.execute(CallTestCaseKeyword.groovy:44)
	at com.kms.katalon.core.keyword.internal.KeywordExecutor.executeKeywordForPlatform(KeywordExecutor.groovy:53)
	at com.kms.katalon.core.keyword.BuiltinKeywords.callTestCase(BuiltinKeywords.groovy:334)
	at Recently viewed.run(Recently viewed:16)
	at com.kms.katalon.core.main.ScriptEngine.run(ScriptEngine.java:194)
	at com.kms.katalon.core.main.ScriptEngine.runScriptAsRawText(ScriptEngine.java:119)
	at com.kms.katalon.core.main.TestCaseExecutor.runScript(TestCaseExecutor.java:328)
	at com.kms.katalon.core.main.TestCaseExecutor.doExecute(TestCaseExecutor.java:319)
	at com.kms.katalon.core.main.TestCaseExecutor.processExecutionPhase(TestCaseExecutor.java:298)
	at com.kms.katalon.core.main.TestCaseExecutor.accessMainPhase(TestCaseExecutor.java:290)
	at com.kms.katalon.core.main.TestCaseExecutor.execute(TestCaseExecutor.java:224)
	at com.kms.katalon.core.main.TestSuiteExecutor.accessTestCaseMainPhase(TestSuiteExecutor.java:129)
	at com.kms.katalon.core.main.TestSuiteExecutor.accessTestSuiteMainPhase(TestSuiteExecutor.java:112)
	at com.kms.katalon.core.main.TestSuiteExecutor.execute(TestSuiteExecutor.java:81)
	at com.kms.katalon.core.main.TestCaseMain.startTestSuite(TestCaseMain.java:149)
	at com.kms.katalon.core.main.TestCaseMain$startTestSuite$0.call(Unknown Source)
	at TempTestSuite1561139430530.run(TempTestSuite1561139430530.groovy:36)
"/>
         <system-out><![CDATA[2019-06-21 14:09:52 - [TEST_CASE][FAILED] - Test Cases/OCS - DESKTOP/OCS- PRODUCT PAGE/Recently viewed: Test Cases/OCS - DESKTOP/OCS- PRODUCT PAGE/Recently viewed FAILED.
Reason:
com.kms.katalon.core.exception.StepFailedException: Unable to move mouse over object 'Object Repository/OCS-DESKTOP/Age gate and Mega menu/Header/CANNABIS menu - English' (Root cause: org.openqa.selenium.WebDriverException: TypeError: rect is undefined
Build info: version: '3.7.1', revision: '8a0099a', time: '2017-11-06T21:07:36.161Z'
System info: host: 'sumans-MacBook-Pro.local', ip: '2601:87:0:879f:0:0:0:1e84%en0', os.name: 'Mac OS X', os.arch: 'x86_64', os.version: '10.13.6', java.version: '1.8.0_181'
Driver info: com.kms.katalon.core.webui.driver.firefox.CGeckoDriver
Capabilities {acceptInsecureCerts: true, browserName: firefox, browserVersion: 67.0.3, javascriptEnabled: true, moz:accessibilityChecks: false, moz:buildID: 20190618025334, moz:geckodriverVersion: 0.23.0, moz:headless: false, moz:processID: 2931, moz:profile: /var/folders/1t/c55l8xzs6gq..., moz:shutdownTimeout: 60000, moz:useNonSpecCompliantPointerOrigin: false, moz:webdriverClick: true, pageLoadStrategy: normal, platform: MAC, platformName: MAC, platformVersion: 17.7.0, proxy: Proxy(direct), rotatable: false, setWindowRect: true, strictFileInteractability: false, timeouts: {implicit: 0, pageLoad: 300000, script: 30000}, unhandledPromptBehavior: dismiss and notify}
Session ID: f83babf8-62ab-c545-95f7-c05fb22f5e1c)
	at com.kms.katalon.core.keyword.internal.KeywordMain.stepFailed(KeywordMain.groovy:36)
	at com.kms.katalon.core.webui.keyword.internal.WebUIKeywordMain.stepFailed(WebUIKeywordMain.groovy:65)
	at com.kms.katalon.core.webui.keyword.internal.WebUIKeywordMain.runKeyword(WebUIKeywordMain.groovy:27)
	at com.kms.katalon.core.webui.keyword.builtin.MouseOverKeyword.mouseOver(MouseOverKeyword.groovy:90)
	at com.kms.katalon.core.webui.keyword.builtin.MouseOverKeyword.execute(MouseOverKeyword.groovy:67)
	at com.kms.katalon.core.keyword.internal.KeywordExecutor.executeKeywordForPlatform(KeywordExecutor.groovy:53)
	at com.kms.katalon.core.webui.keyword.WebUiBuiltInKeywords.mouseOver(WebUiBuiltInKeywords.groovy:776)
	at com.kms.katalon.core.webui.keyword.WebUiBuiltInKeywords$mouseOver$14.call(Unknown Source)
	at CALL - PDP.run(CALL - PDP:47)
	at com.kms.katalon.core.main.ScriptEngine.run(ScriptEngine.java:194)
	at com.kms.katalon.core.main.ScriptEngine.runScriptAsRawText(ScriptEngine.java:119)
	at com.kms.katalon.core.main.TestCaseExecutor.runScript(TestCaseExecutor.java:328)
	at com.kms.katalon.core.main.TestCaseExecutor.doExecute(TestCaseExecutor.java:319)
	at com.kms.katalon.core.main.TestCaseExecutor.processExecutionPhase(TestCaseExecutor.java:298)
	at com.kms.katalon.core.main.TestCaseExecutor.accessMainPhase(TestCaseExecutor.java:290)
	at com.kms.katalon.core.main.TestCaseExecutor.execute(TestCaseExecutor.java:224)
	at com.kms.katalon.core.main.TestCaseMain.runTestCase(TestCaseMain.java:106)
	at com.kms.katalon.core.keyword.builtin.CallTestCaseKeyword$_callTestCase_closure1.doCall(CallTestCaseKeyword.groovy:59)
	at com.kms.katalon.core.keyword.builtin.CallTestCaseKeyword$_callTestCase_closure1.call(CallTestCaseKeyword.groovy)
	at com.kms.katalon.core.keyword.internal.KeywordMain.runKeyword(KeywordMain.groovy:54)
	at com.kms.katalon.core.keyword.builtin.CallTestCaseKeyword.callTestCase(CallTestCaseKeyword.groovy:80)
	at com.kms.katalon.core.keyword.builtin.CallTestCaseKeyword.execute(CallTestCaseKeyword.groovy:44)
	at com.kms.katalon.core.keyword.internal.KeywordExecutor.executeKeywordForPlatform(KeywordExecutor.groovy:53)
	at com.kms.katalon.core.keyword.BuiltinKeywords.callTestCase(BuiltinKeywords.groovy:334)
	at Recently viewed.run(Recently viewed:16)
	at com.kms.katalon.core.main.ScriptEngine.run(ScriptEngine.java:194)
	at com.kms.katalon.core.main.ScriptEngine.runScriptAsRawText(ScriptEngine.java:119)
	at com.kms.katalon.core.main.TestCaseExecutor.runScript(TestCaseExecutor.java:328)
	at com.kms.katalon.core.main.TestCaseExecutor.doExecute(TestCaseExecutor.java:319)
	at com.kms.katalon.core.main.TestCaseExecutor.processExecutionPhase(TestCaseExecutor.java:298)
	at com.kms.katalon.core.main.TestCaseExecutor.accessMainPhase(TestCaseExecutor.java:290)
	at com.kms.katalon.core.main.TestCaseExecutor.execute(TestCaseExecutor.java:224)
	at com.kms.katalon.core.main.TestSuiteExecutor.accessTestCaseMainPhase(TestSuiteExecutor.java:129)
	at com.kms.katalon.core.main.TestSuiteExecutor.accessTestSuiteMainPhase(TestSuiteExecutor.java:112)
	at com.kms.katalon.core.main.TestSuiteExecutor.execute(TestSuiteExecutor.java:81)
	at com.kms.katalon.core.main.TestCaseMain.startTestSuite(TestCaseMain.java:149)
	at com.kms.katalon.core.main.TestCaseMain$startTestSuite$0.call(Unknown Source)
	at TempTestSuite1561139430530.run(TempTestSuite1561139430530.groovy:36)


2019-06-21 14:09:52 - [TEST_STEP][FAILED] - callTestCase(findTestCase("OCS - DESKTOP/CALL - PDP"), [:], STOP_ON_FAILURE): callTestCase(findTestCase("OCS - DESKTOP/CALL - PDP"), [:], STOP_ON_FAILURE) FAILED.
Reason:
com.kms.katalon.core.exception.StepFailedException: Unable to move mouse over object 'Object Repository/OCS-DESKTOP/Age gate and Mega menu/Header/CANNABIS menu - English' (Root cause: org.openqa.selenium.WebDriverException: TypeError: rect is undefined
Build info: version: '3.7.1', revision: '8a0099a', time: '2017-11-06T21:07:36.161Z'
System info: host: 'sumans-MacBook-Pro.local', ip: '2601:87:0:879f:0:0:0:1e84%en0', os.name: 'Mac OS X', os.arch: 'x86_64', os.version: '10.13.6', java.version: '1.8.0_181'
Driver info: com.kms.katalon.core.webui.driver.firefox.CGeckoDriver
Capabilities {acceptInsecureCerts: true, browserName: firefox, browserVersion: 67.0.3, javascriptEnabled: true, moz:accessibilityChecks: false, moz:buildID: 20190618025334, moz:geckodriverVersion: 0.23.0, moz:headless: false, moz:processID: 2931, moz:profile: /var/folders/1t/c55l8xzs6gq..., moz:shutdownTimeout: 60000, moz:useNonSpecCompliantPointerOrigin: false, moz:webdriverClick: true, pageLoadStrategy: normal, platform: MAC, platformName: MAC, platformVersion: 17.7.0, proxy: Proxy(direct), rotatable: false, setWindowRect: true, strictFileInteractability: false, timeouts: {implicit: 0, pageLoad: 300000, script: 30000}, unhandledPromptBehavior: dismiss and notify}
Session ID: f83babf8-62ab-c545-95f7-c05fb22f5e1c)
	at com.kms.katalon.core.keyword.internal.KeywordMain.stepFailed(KeywordMain.groovy:36)
	at com.kms.katalon.core.webui.keyword.internal.WebUIKeywordMain.stepFailed(WebUIKeywordMain.groovy:65)
	at com.kms.katalon.core.webui.keyword.internal.WebUIKeywordMain.runKeyword(WebUIKeywordMain.groovy:27)
	at com.kms.katalon.core.webui.keyword.builtin.MouseOverKeyword.mouseOver(MouseOverKeyword.groovy:90)
	at com.kms.katalon.core.webui.keyword.builtin.MouseOverKeyword.execute(MouseOverKeyword.groovy:67)
	at com.kms.katalon.core.keyword.internal.KeywordExecutor.executeKeywordForPlatform(KeywordExecutor.groovy:53)
	at com.kms.katalon.core.webui.keyword.WebUiBuiltInKeywords.mouseOver(WebUiBuiltInKeywords.groovy:776)
	at com.kms.katalon.core.webui.keyword.WebUiBuiltInKeywords$mouseOver$14.call(Unknown Source)
	at CALL - PDP.run(CALL - PDP:47)
	at com.kms.katalon.core.main.ScriptEngine.run(ScriptEngine.java:194)
	at com.kms.katalon.core.main.ScriptEngine.runScriptAsRawText(ScriptEngine.java:119)
	at com.kms.katalon.core.main.TestCaseExecutor.runScript(TestCaseExecutor.java:328)
	at com.kms.katalon.core.main.TestCaseExecutor.doExecute(TestCaseExecutor.java:319)
	at com.kms.katalon.core.main.TestCaseExecutor.processExecutionPhase(TestCaseExecutor.java:298)
	at com.kms.katalon.core.main.TestCaseExecutor.accessMainPhase(TestCaseExecutor.java:290)
	at com.kms.katalon.core.main.TestCaseExecutor.execute(TestCaseExecutor.java:224)
	at com.kms.katalon.core.main.TestCaseMain.runTestCase(TestCaseMain.java:106)
	at com.kms.katalon.core.keyword.builtin.CallTestCaseKeyword$_callTestCase_closure1.doCall(CallTestCaseKeyword.groovy:59)
	at com.kms.katalon.core.keyword.builtin.CallTestCaseKeyword$_callTestCase_closure1.call(CallTestCaseKeyword.groovy)
	at com.kms.katalon.core.keyword.internal.KeywordMain.runKeyword(KeywordMain.groovy:54)
	at com.kms.katalon.core.keyword.builtin.CallTestCaseKeyword.callTestCase(CallTestCaseKeyword.groovy:80)
	at com.kms.katalon.core.keyword.builtin.CallTestCaseKeyword.execute(CallTestCaseKeyword.groovy:44)
	at com.kms.katalon.core.keyword.internal.KeywordExecutor.executeKeywordForPlatform(KeywordExecutor.groovy:53)
	at com.kms.katalon.core.keyword.BuiltinKeywords.callTestCase(BuiltinKeywords.groovy:334)
	at Recently viewed.run(Recently viewed:16)
	at com.kms.katalon.core.main.ScriptEngine.run(ScriptEngine.java:194)
	at com.kms.katalon.core.main.ScriptEngine.runScriptAsRawText(ScriptEngine.java:119)
	at com.kms.katalon.core.main.TestCaseExecutor.runScript(TestCaseExecutor.java:328)
	at com.kms.katalon.core.main.TestCaseExecutor.doExecute(TestCaseExecutor.java:319)
	at com.kms.katalon.core.main.TestCaseExecutor.processExecutionPhase(TestCaseExecutor.java:298)
	at com.kms.katalon.core.main.TestCaseExecutor.accessMainPhase(TestCaseExecutor.java:290)
	at com.kms.katalon.core.main.TestCaseExecutor.execute(TestCaseExecutor.java:224)
	at com.kms.katalon.core.main.TestSuiteExecutor.accessTestCaseMainPhase(TestSuiteExecutor.java:129)
	at com.kms.katalon.core.main.TestSuiteExecutor.accessTestSuiteMainPhase(TestSuiteExecutor.java:112)
	at com.kms.katalon.core.main.TestSuiteExecutor.execute(TestSuiteExecutor.java:81)
	at com.kms.katalon.core.main.TestCaseMain.startTestSuite(TestCaseMain.java:149)
	at com.kms.katalon.core.main.TestCaseMain$startTestSuite$0.call(Unknown Source)
	at TempTestSuite1561139430530.run(TempTestSuite1561139430530.groovy:36)


2019-06-21 14:09:52 - [TEST_CASE][FAILED] - Test Cases/OCS - DESKTOP/CALL - PDP: Test Cases/OCS - DESKTOP/CALL - PDP FAILED.
Reason:
com.kms.katalon.core.exception.StepFailedException: Unable to move mouse over object 'Object Repository/OCS-DESKTOP/Age gate and Mega menu/Header/CANNABIS menu - English' (Root cause: org.openqa.selenium.WebDriverException: TypeError: rect is undefined
Build info: version: '3.7.1', revision: '8a0099a', time: '2017-11-06T21:07:36.161Z'
System info: host: 'sumans-MacBook-Pro.local', ip: '2601:87:0:879f:0:0:0:1e84%en0', os.name: 'Mac OS X', os.arch: 'x86_64', os.version: '10.13.6', java.version: '1.8.0_181'
Driver info: com.kms.katalon.core.webui.driver.firefox.CGeckoDriver
Capabilities {acceptInsecureCerts: true, browserName: firefox, browserVersion: 67.0.3, javascriptEnabled: true, moz:accessibilityChecks: false, moz:buildID: 20190618025334, moz:geckodriverVersion: 0.23.0, moz:headless: false, moz:processID: 2931, moz:profile: /var/folders/1t/c55l8xzs6gq..., moz:shutdownTimeout: 60000, moz:useNonSpecCompliantPointerOrigin: false, moz:webdriverClick: true, pageLoadStrategy: normal, platform: MAC, platformName: MAC, platformVersion: 17.7.0, proxy: Proxy(direct), rotatable: false, setWindowRect: true, strictFileInteractability: false, timeouts: {implicit: 0, pageLoad: 300000, script: 30000}, unhandledPromptBehavior: dismiss and notify}
Session ID: f83babf8-62ab-c545-95f7-c05fb22f5e1c)
	at com.kms.katalon.core.keyword.internal.KeywordMain.stepFailed(KeywordMain.groovy:36)
	at com.kms.katalon.core.webui.keyword.internal.WebUIKeywordMain.stepFailed(WebUIKeywordMain.groovy:65)
	at com.kms.katalon.core.webui.keyword.internal.WebUIKeywordMain.runKeyword(WebUIKeywordMain.groovy:27)
	at com.kms.katalon.core.webui.keyword.builtin.MouseOverKeyword.mouseOver(MouseOverKeyword.groovy:90)
	at com.kms.katalon.core.webui.keyword.builtin.MouseOverKeyword.execute(MouseOverKeyword.groovy:67)
	at com.kms.katalon.core.keyword.internal.KeywordExecutor.executeKeywordForPlatform(KeywordExecutor.groovy:53)
	at com.kms.katalon.core.webui.keyword.WebUiBuiltInKeywords.mouseOver(WebUiBuiltInKeywords.groovy:776)
	at com.kms.katalon.core.webui.keyword.WebUiBuiltInKeywords$mouseOver$14.call(Unknown Source)
	at CALL - PDP.run(CALL - PDP:47)
	at com.kms.katalon.core.main.ScriptEngine.run(ScriptEngine.java:194)
	at com.kms.katalon.core.main.ScriptEngine.runScriptAsRawText(ScriptEngine.java:119)
	at com.kms.katalon.core.main.TestCaseExecutor.runScript(TestCaseExecutor.java:328)
	at com.kms.katalon.core.main.TestCaseExecutor.doExecute(TestCaseExecutor.java:319)
	at com.kms.katalon.core.main.TestCaseExecutor.processExecutionPhase(TestCaseExecutor.java:298)
	at com.kms.katalon.core.main.TestCaseExecutor.accessMainPhase(TestCaseExecutor.java:290)
	at com.kms.katalon.core.main.TestCaseExecutor.execute(TestCaseExecutor.java:224)
	at com.kms.katalon.core.main.TestCaseMain.runTestCase(TestCaseMain.java:106)
	at com.kms.katalon.core.keyword.builtin.CallTestCaseKeyword$_callTestCase_closure1.doCall(CallTestCaseKeyword.groovy:59)
	at com.kms.katalon.core.keyword.builtin.CallTestCaseKeyword$_callTestCase_closure1.call(CallTestCaseKeyword.groovy)
	at com.kms.katalon.core.keyword.internal.KeywordMain.runKeyword(KeywordMain.groovy:54)
	at com.kms.katalon.core.keyword.builtin.CallTestCaseKeyword.callTestCase(CallTestCaseKeyword.groovy:80)
	at com.kms.katalon.core.keyword.builtin.CallTestCaseKeyword.execute(CallTestCaseKeyword.groovy:44)
	at com.kms.katalon.core.keyword.internal.KeywordExecutor.executeKeywordForPlatform(KeywordExecutor.groovy:53)
	at com.kms.katalon.core.keyword.BuiltinKeywords.callTestCase(BuiltinKeywords.groovy:334)
	at Recently viewed.run(Recently viewed:16)
	at com.kms.katalon.core.main.ScriptEngine.run(ScriptEngine.java:194)
	at com.kms.katalon.core.main.ScriptEngine.runScriptAsRawText(ScriptEngine.java:119)
	at com.kms.katalon.core.main.TestCaseExecutor.runScript(TestCaseExecutor.java:328)
	at com.kms.katalon.core.main.TestCaseExecutor.doExecute(TestCaseExecutor.java:319)
	at com.kms.katalon.core.main.TestCaseExecutor.processExecutionPhase(TestCaseExecutor.java:298)
	at com.kms.katalon.core.main.TestCaseExecutor.accessMainPhase(TestCaseExecutor.java:290)
	at com.kms.katalon.core.main.TestCaseExecutor.execute(TestCaseExecutor.java:224)
	at com.kms.katalon.core.main.TestSuiteExecutor.accessTestCaseMainPhase(TestSuiteExecutor.java:129)
	at com.kms.katalon.core.main.TestSuiteExecutor.accessTestSuiteMainPhase(TestSuiteExecutor.java:112)
	at com.kms.katalon.core.main.TestSuiteExecutor.execute(TestSuiteExecutor.java:81)
	at com.kms.katalon.core.main.TestCaseMain.startTestSuite(TestCaseMain.java:149)
	at com.kms.katalon.core.main.TestCaseMain$startTestSuite$0.call(Unknown Source)
	at TempTestSuite1561139430530.run(TempTestSuite1561139430530.groovy:36)


2019-06-21 14:09:52 - [TEST_STEP][PASSED] - openBrowser(""): Browser is opened with url: ''

2019-06-21 14:09:52 - [MESSAGE][WARNING] - A browser is already opened. Closing browser and opening a new one

2019-06-21 14:09:53 - [MESSAGE][INFO] - Starting 'Firefox' driver

2019-06-21 14:09:55 - [MESSAGE][PASSED] - Browser is opened with url: ''

2019-06-21 14:09:55 - [TEST_STEP][PASSED] - navigateToUrl("https://ocs.ca/?fts=0&preview_theme_id=74057975628"): Navigate to 'https://ocs.ca/?fts=0&preview_theme_id=74057975628' successfully

2019-06-21 14:09:59 - [MESSAGE][PASSED] - Navigate to 'https://ocs.ca/?fts=0&preview_theme_id=74057975628' successfully

2019-06-21 14:09:59 - [TEST_STEP][PASSED] - maximizeWindow(): Current window maximized

2019-06-21 14:10:00 - [MESSAGE][PASSED] - Current window maximized

2019-06-21 14:10:00 - [TEST_STEP][PASSED] - executeJavaScript("var previewBar = document.getElementById("preview-bar-iframe"); previewBar.style.display = "none";", []): Execute JavaScript 'var previewBar = document.getElementById("preview-bar-iframe"); previewBar.style.display = "none";' successfully

2019-06-21 14:10:00 - [MESSAGE][PASSED] - Execute JavaScript 'var previewBar = document.getElementById("preview-bar-iframe"); previewBar.style.display = "none";' successfully

2019-06-21 14:10:00 - [TEST_STEP][PASSED] - delay(4): Delayed 4 second(s)

2019-06-21 14:10:04 - [MESSAGE][PASSED] - Delayed 4 second(s)

2019-06-21 14:10:04 - [TEST_STEP][PASSED] - selectOptionByValue(findTestObject("OCS-DESKTOP/Age gate and Mega menu/Date"), "12", true): All options with value '12' are selected in object 'Object Repository/OCS-DESKTOP/Age gate and Mega menu/Date'  using regular expression

2019-06-21 14:10:05 - [MESSAGE][PASSED] - All options with value '12' are selected in object 'Object Repository/OCS-DESKTOP/Age gate and Mega menu/Date'  using regular expression

2019-06-21 14:10:05 - [TEST_STEP][PASSED] - selectOptionByValue(findTestObject("OCS-DESKTOP/Age gate and Mega menu/month"), "6", true): All options with value '6' are selected in object 'Object Repository/OCS-DESKTOP/Age gate and Mega menu/month'  using regular expression

2019-06-21 14:10:05 - [MESSAGE][PASSED] - All options with value '6' are selected in object 'Object Repository/OCS-DESKTOP/Age gate and Mega menu/month'  using regular expression

2019-06-21 14:10:05 - [TEST_STEP][PASSED] - delay(2): Delayed 2 second(s)

2019-06-21 14:10:07 - [MESSAGE][PASSED] - Delayed 2 second(s)

2019-06-21 14:10:07 - [TEST_STEP][PASSED] - selectOptionByValue(findTestObject("OCS-DESKTOP/Age gate and Mega menu/Year Dropdown"), "1990", true): All options with value '1990' are selected in object 'Object Repository/OCS-DESKTOP/Age gate and Mega menu/Year Dropdown'  using regular expression

2019-06-21 14:10:09 - [MESSAGE][PASSED] - All options with value '1990' are selected in object 'Object Repository/OCS-DESKTOP/Age gate and Mega menu/Year Dropdown'  using regular expression

2019-06-21 14:10:09 - [TEST_STEP][PASSED] - click(findTestObject("OCS-DESKTOP/Age gate and Mega menu/button_Verify")): Object: 'Object Repository/OCS-DESKTOP/Age gate and Mega menu/button_Verify' is clicked on

2019-06-21 14:10:09 - [MESSAGE][PASSED] - Object: 'Object Repository/OCS-DESKTOP/Age gate and Mega menu/button_Verify' is clicked on

2019-06-21 14:10:09 - [TEST_STEP][PASSED] - click(findTestObject("OCS-DESKTOP/Age gate and Mega menu/Checkbox_CONFIRM AND ACKNOWLEDGE")): Object: 'Object Repository/OCS-DESKTOP/Age gate and Mega menu/Checkbox_CONFIRM AND ACKNOWLEDGE' is clicked on

2019-06-21 14:10:10 - [MESSAGE][PASSED] - Object: 'Object Repository/OCS-DESKTOP/Age gate and Mega menu/Checkbox_CONFIRM AND ACKNOWLEDGE' is clicked on

2019-06-21 14:10:10 - [TEST_STEP][PASSED] - click(findTestObject("OCS-DESKTOP/Age gate and Mega menu/button_CONFIRM")): Object: 'Object Repository/OCS-DESKTOP/Age gate and Mega menu/button_CONFIRM' is clicked on

2019-06-21 14:10:11 - [MESSAGE][PASSED] - Object: 'Object Repository/OCS-DESKTOP/Age gate and Mega menu/button_CONFIRM' is clicked on

2019-06-21 14:10:11 - [TEST_STEP][PASSED] - click(findTestObject("OCS-DESKTOP/Age gate and Mega menu/button_Start Browsing")): Object: 'Object Repository/OCS-DESKTOP/Age gate and Mega menu/button_Start Browsing' is clicked on

2019-06-21 14:10:11 - [MESSAGE][PASSED] - Object: 'Object Repository/OCS-DESKTOP/Age gate and Mega menu/button_Start Browsing' is clicked on

2019-06-21 14:10:11 - [TEST_STEP][PASSED] - refresh(): Refresh successfully

2019-06-21 14:10:15 - [MESSAGE][PASSED] - Refresh successfully

2019-06-21 14:10:15 - [TEST_STEP][PASSED] - delay(2): Delayed 2 second(s)

2019-06-21 14:10:17 - [MESSAGE][PASSED] - Delayed 2 second(s)

2019-06-21 14:10:17 - [TEST_STEP][FAILED] - mouseOver(findTestObject("OCS-DESKTOP/Age gate and Mega menu/Header/CANNABIS menu - English")): mouseOver(findTestObject("OCS-DESKTOP/Age gate and Mega menu/Header/CANNABIS menu - English")) FAILED.
Reason:
com.kms.katalon.core.exception.StepFailedException: Unable to move mouse over object 'Object Repository/OCS-DESKTOP/Age gate and Mega menu/Header/CANNABIS menu - English' (Root cause: org.openqa.selenium.WebDriverException: TypeError: rect is undefined
Build info: version: '3.7.1', revision: '8a0099a', time: '2017-11-06T21:07:36.161Z'
System info: host: 'sumans-MacBook-Pro.local', ip: '2601:87:0:879f:0:0:0:1e84%en0', os.name: 'Mac OS X', os.arch: 'x86_64', os.version: '10.13.6', java.version: '1.8.0_181'
Driver info: com.kms.katalon.core.webui.driver.firefox.CGeckoDriver
Capabilities {acceptInsecureCerts: true, browserName: firefox, browserVersion: 67.0.3, javascriptEnabled: true, moz:accessibilityChecks: false, moz:buildID: 20190618025334, moz:geckodriverVersion: 0.23.0, moz:headless: false, moz:processID: 2931, moz:profile: /var/folders/1t/c55l8xzs6gq..., moz:shutdownTimeout: 60000, moz:useNonSpecCompliantPointerOrigin: false, moz:webdriverClick: true, pageLoadStrategy: normal, platform: MAC, platformName: MAC, platformVersion: 17.7.0, proxy: Proxy(direct), rotatable: false, setWindowRect: true, strictFileInteractability: false, timeouts: {implicit: 0, pageLoad: 300000, script: 30000}, unhandledPromptBehavior: dismiss and notify}
Session ID: f83babf8-62ab-c545-95f7-c05fb22f5e1c)
	at com.kms.katalon.core.keyword.internal.KeywordMain.stepFailed(KeywordMain.groovy:36)
	at com.kms.katalon.core.webui.keyword.internal.WebUIKeywordMain.stepFailed(WebUIKeywordMain.groovy:65)
	at com.kms.katalon.core.webui.keyword.internal.WebUIKeywordMain.runKeyword(WebUIKeywordMain.groovy:27)
	at com.kms.katalon.core.webui.keyword.builtin.MouseOverKeyword.mouseOver(MouseOverKeyword.groovy:90)
	at com.kms.katalon.core.webui.keyword.builtin.MouseOverKeyword.execute(MouseOverKeyword.groovy:67)
	at com.kms.katalon.core.keyword.internal.KeywordExecutor.executeKeywordForPlatform(KeywordExecutor.groovy:53)
	at com.kms.katalon.core.webui.keyword.WebUiBuiltInKeywords.mouseOver(WebUiBuiltInKeywords.groovy:776)
	at com.kms.katalon.core.webui.keyword.WebUiBuiltInKeywords$mouseOver$14.call(Unknown Source)
	at CALL - PDP.run(CALL - PDP:47)
	at com.kms.katalon.core.main.ScriptEngine.run(ScriptEngine.java:194)
	at com.kms.katalon.core.main.ScriptEngine.runScriptAsRawText(ScriptEngine.java:119)
	at com.kms.katalon.core.main.TestCaseExecutor.runScript(TestCaseExecutor.java:328)
	at com.kms.katalon.core.main.TestCaseExecutor.doExecute(TestCaseExecutor.java:319)
	at com.kms.katalon.core.main.TestCaseExecutor.processExecutionPhase(TestCaseExecutor.java:298)
	at com.kms.katalon.core.main.TestCaseExecutor.accessMainPhase(TestCaseExecutor.java:290)
	at com.kms.katalon.core.main.TestCaseExecutor.execute(TestCaseExecutor.java:224)
	at com.kms.katalon.core.main.TestCaseMain.runTestCase(TestCaseMain.java:106)
	at com.kms.katalon.core.keyword.builtin.CallTestCaseKeyword$_callTestCase_closure1.doCall(CallTestCaseKeyword.groovy:59)
	at com.kms.katalon.core.keyword.builtin.CallTestCaseKeyword$_callTestCase_closure1.call(CallTestCaseKeyword.groovy)
	at com.kms.katalon.core.keyword.internal.KeywordMain.runKeyword(KeywordMain.groovy:54)
	at com.kms.katalon.core.keyword.builtin.CallTestCaseKeyword.callTestCase(CallTestCaseKeyword.groovy:80)
	at com.kms.katalon.core.keyword.builtin.CallTestCaseKeyword.execute(CallTestCaseKeyword.groovy:44)
	at com.kms.katalon.core.keyword.internal.KeywordExecutor.executeKeywordForPlatform(KeywordExecutor.groovy:53)
	at com.kms.katalon.core.keyword.BuiltinKeywords.callTestCase(BuiltinKeywords.groovy:334)
	at Recently viewed.run(Recently viewed:16)
	at com.kms.katalon.core.main.ScriptEngine.run(ScriptEngine.java:194)
	at com.kms.katalon.core.main.ScriptEngine.runScriptAsRawText(ScriptEngine.java:119)
	at com.kms.katalon.core.main.TestCaseExecutor.runScript(TestCaseExecutor.java:328)
	at com.kms.katalon.core.main.TestCaseExecutor.doExecute(TestCaseExecutor.java:319)
	at com.kms.katalon.core.main.TestCaseExecutor.processExecutionPhase(TestCaseExecutor.java:298)
	at com.kms.katalon.core.main.TestCaseExecutor.accessMainPhase(TestCaseExecutor.java:290)
	at com.kms.katalon.core.main.TestCaseExecutor.execute(TestCaseExecutor.java:224)
	at com.kms.katalon.core.main.TestSuiteExecutor.accessTestCaseMainPhase(TestSuiteExecutor.java:129)
	at com.kms.katalon.core.main.TestSuiteExecutor.accessTestSuiteMainPhase(TestSuiteExecutor.java:112)
	at com.kms.katalon.core.main.TestSuiteExecutor.execute(TestSuiteExecutor.java:81)
	at com.kms.katalon.core.main.TestCaseMain.startTestSuite(TestCaseMain.java:149)
	at com.kms.katalon.core.main.TestCaseMain$startTestSuite$0.call(Unknown Source)
	at TempTestSuite1561139430530.run(TempTestSuite1561139430530.groovy:36)


2019-06-21 14:10:17 - [MESSAGE][FAILED] - Unable to move mouse over object 'Object Repository/OCS-DESKTOP/Age gate and Mega menu/Header/CANNABIS menu - English' (Root cause: org.openqa.selenium.WebDriverException: TypeError: rect is undefined
Build info: version: '3.7.1', revision: '8a0099a', time: '2017-11-06T21:07:36.161Z'
System info: host: 'sumans-MacBook-Pro.local', ip: '2601:87:0:879f:0:0:0:1e84%en0', os.name: 'Mac OS X', os.arch: 'x86_64', os.version: '10.13.6', java.version: '1.8.0_181'
Driver info: com.kms.katalon.core.webui.driver.firefox.CGeckoDriver
Capabilities {acceptInsecureCerts: true, browserName: firefox, browserVersion: 67.0.3, javascriptEnabled: true, moz:accessibilityChecks: false, moz:buildID: 20190618025334, moz:geckodriverVersion: 0.23.0, moz:headless: false, moz:processID: 2931, moz:profile: /var/folders/1t/c55l8xzs6gq..., moz:shutdownTimeout: 60000, moz:useNonSpecCompliantPointerOrigin: false, moz:webdriverClick: true, pageLoadStrategy: normal, platform: MAC, platformName: MAC, platformVersion: 17.7.0, proxy: Proxy(direct), rotatable: false, setWindowRect: true, strictFileInteractability: false, timeouts: {implicit: 0, pageLoad: 300000, script: 30000}, unhandledPromptBehavior: dismiss and notify}
Session ID: f83babf8-62ab-c545-95f7-c05fb22f5e1c)
[[ATTACHMENT|/Users/sumankompelly/Relative xpath-Desktop/Reports/OCS-1.11/20190621_135030/1561140617044.png]]

2019-06-21 14:10:17 - [MESSAGE][FAILED] - mouseOver(findTestObject("OCS-DESKTOP/Age gate and Mega menu/Header/CANNABIS menu - English")) FAILED.
Reason:
com.kms.katalon.core.exception.StepFailedException: Unable to move mouse over object 'Object Repository/OCS-DESKTOP/Age gate and Mega menu/Header/CANNABIS menu - English' (Root cause: org.openqa.selenium.WebDriverException: TypeError: rect is undefined
Build info: version: '3.7.1', revision: '8a0099a', time: '2017-11-06T21:07:36.161Z'
System info: host: 'sumans-MacBook-Pro.local', ip: '2601:87:0:879f:0:0:0:1e84%en0', os.name: 'Mac OS X', os.arch: 'x86_64', os.version: '10.13.6', java.version: '1.8.0_181'
Driver info: com.kms.katalon.core.webui.driver.firefox.CGeckoDriver
Capabilities {acceptInsecureCerts: true, browserName: firefox, browserVersion: 67.0.3, javascriptEnabled: true, moz:accessibilityChecks: false, moz:buildID: 20190618025334, moz:geckodriverVersion: 0.23.0, moz:headless: false, moz:processID: 2931, moz:profile: /var/folders/1t/c55l8xzs6gq..., moz:shutdownTimeout: 60000, moz:useNonSpecCompliantPointerOrigin: false, moz:webdriverClick: true, pageLoadStrategy: normal, platform: MAC, platformName: MAC, platformVersion: 17.7.0, proxy: Proxy(direct), rotatable: false, setWindowRect: true, strictFileInteractability: false, timeouts: {implicit: 0, pageLoad: 300000, script: 30000}, unhandledPromptBehavior: dismiss and notify}
Session ID: f83babf8-62ab-c545-95f7-c05fb22f5e1c)
	at com.kms.katalon.core.keyword.internal.KeywordMain.stepFailed(KeywordMain.groovy:36)
	at com.kms.katalon.core.webui.keyword.internal.WebUIKeywordMain.stepFailed(WebUIKeywordMain.groovy:65)
	at com.kms.katalon.core.webui.keyword.internal.WebUIKeywordMain.runKeyword(WebUIKeywordMain.groovy:27)
	at com.kms.katalon.core.webui.keyword.builtin.MouseOverKeyword.mouseOver(MouseOverKeyword.groovy:90)
	at com.kms.katalon.core.webui.keyword.builtin.MouseOverKeyword.execute(MouseOverKeyword.groovy:67)
	at com.kms.katalon.core.keyword.internal.KeywordExecutor.executeKeywordForPlatform(KeywordExecutor.groovy:53)
	at com.kms.katalon.core.webui.keyword.WebUiBuiltInKeywords.mouseOver(WebUiBuiltInKeywords.groovy:776)
	at com.kms.katalon.core.webui.keyword.WebUiBuiltInKeywords$mouseOver$14.call(Unknown Source)
	at CALL - PDP.run(CALL - PDP:47)
	at com.kms.katalon.core.main.ScriptEngine.run(ScriptEngine.java:194)
	at com.kms.katalon.core.main.ScriptEngine.runScriptAsRawText(ScriptEngine.java:119)
	at com.kms.katalon.core.main.TestCaseExecutor.runScript(TestCaseExecutor.java:328)
	at com.kms.katalon.core.main.TestCaseExecutor.doExecute(TestCaseExecutor.java:319)
	at com.kms.katalon.core.main.TestCaseExecutor.processExecutionPhase(TestCaseExecutor.java:298)
	at com.kms.katalon.core.main.TestCaseExecutor.accessMainPhase(TestCaseExecutor.java:290)
	at com.kms.katalon.core.main.TestCaseExecutor.execute(TestCaseExecutor.java:224)
	at com.kms.katalon.core.main.TestCaseMain.runTestCase(TestCaseMain.java:106)
	at com.kms.katalon.core.keyword.builtin.CallTestCaseKeyword$_callTestCase_closure1.doCall(CallTestCaseKeyword.groovy:59)
	at com.kms.katalon.core.keyword.builtin.CallTestCaseKeyword$_callTestCase_closure1.call(CallTestCaseKeyword.groovy)
	at com.kms.katalon.core.keyword.internal.KeywordMain.runKeyword(KeywordMain.groovy:54)
	at com.kms.katalon.core.keyword.builtin.CallTestCaseKeyword.callTestCase(CallTestCaseKeyword.groovy:80)
	at com.kms.katalon.core.keyword.builtin.CallTestCaseKeyword.execute(CallTestCaseKeyword.groovy:44)
	at com.kms.katalon.core.keyword.internal.KeywordExecutor.executeKeywordForPlatform(KeywordExecutor.groovy:53)
	at com.kms.katalon.core.keyword.BuiltinKeywords.callTestCase(BuiltinKeywords.groovy:334)
	at Recently viewed.run(Recently viewed:16)
	at com.kms.katalon.core.main.ScriptEngine.run(ScriptEngine.java:194)
	at com.kms.katalon.core.main.ScriptEngine.runScriptAsRawText(ScriptEngine.java:119)
	at com.kms.katalon.core.main.TestCaseExecutor.runScript(TestCaseExecutor.java:328)
	at com.kms.katalon.core.main.TestCaseExecutor.doExecute(TestCaseExecutor.java:319)
	at com.kms.katalon.core.main.TestCaseExecutor.processExecutionPhase(TestCaseExecutor.java:298)
	at com.kms.katalon.core.main.TestCaseExecutor.accessMainPhase(TestCaseExecutor.java:290)
	at com.kms.katalon.core.main.TestCaseExecutor.execute(TestCaseExecutor.java:224)
	at com.kms.katalon.core.main.TestSuiteExecutor.accessTestCaseMainPhase(TestSuiteExecutor.java:129)
	at com.kms.katalon.core.main.TestSuiteExecutor.accessTestSuiteMainPhase(TestSuiteExecutor.java:112)
	at com.kms.katalon.core.main.TestSuiteExecutor.execute(TestSuiteExecutor.java:81)
	at com.kms.katalon.core.main.TestCaseMain.startTestSuite(TestCaseMain.java:149)
	at com.kms.katalon.core.main.TestCaseMain$startTestSuite$0.call(Unknown Source)
	at TempTestSuite1561139430530.run(TempTestSuite1561139430530.groovy:36)


2019-06-21 14:10:17 - [MESSAGE][FAILED] - Unable to call Test Case 'Test Cases/OCS - DESKTOP/CALL - PDP' (Root cause: com.kms.katalon.core.exception.StepFailedException: Call Test Case 'Test Cases/OCS - DESKTOP/CALL - PDP' failed)

2019-06-21 14:10:17 - [MESSAGE][FAILED] - callTestCase(findTestCase("OCS - DESKTOP/CALL - PDP"), [:], STOP_ON_FAILURE) FAILED.
Reason:
com.kms.katalon.core.exception.StepFailedException: Unable to move mouse over object 'Object Repository/OCS-DESKTOP/Age gate and Mega menu/Header/CANNABIS menu - English' (Root cause: org.openqa.selenium.WebDriverException: TypeError: rect is undefined
Build info: version: '3.7.1', revision: '8a0099a', time: '2017-11-06T21:07:36.161Z'
System info: host: 'sumans-MacBook-Pro.local', ip: '2601:87:0:879f:0:0:0:1e84%en0', os.name: 'Mac OS X', os.arch: 'x86_64', os.version: '10.13.6', java.version: '1.8.0_181'
Driver info: com.kms.katalon.core.webui.driver.firefox.CGeckoDriver
Capabilities {acceptInsecureCerts: true, browserName: firefox, browserVersion: 67.0.3, javascriptEnabled: true, moz:accessibilityChecks: false, moz:buildID: 20190618025334, moz:geckodriverVersion: 0.23.0, moz:headless: false, moz:processID: 2931, moz:profile: /var/folders/1t/c55l8xzs6gq..., moz:shutdownTimeout: 60000, moz:useNonSpecCompliantPointerOrigin: false, moz:webdriverClick: true, pageLoadStrategy: normal, platform: MAC, platformName: MAC, platformVersion: 17.7.0, proxy: Proxy(direct), rotatable: false, setWindowRect: true, strictFileInteractability: false, timeouts: {implicit: 0, pageLoad: 300000, script: 30000}, unhandledPromptBehavior: dismiss and notify}
Session ID: f83babf8-62ab-c545-95f7-c05fb22f5e1c)
	at com.kms.katalon.core.keyword.internal.KeywordMain.stepFailed(KeywordMain.groovy:36)
	at com.kms.katalon.core.webui.keyword.internal.WebUIKeywordMain.stepFailed(WebUIKeywordMain.groovy:65)
	at com.kms.katalon.core.webui.keyword.internal.WebUIKeywordMain.runKeyword(WebUIKeywordMain.groovy:27)
	at com.kms.katalon.core.webui.keyword.builtin.MouseOverKeyword.mouseOver(MouseOverKeyword.groovy:90)
	at com.kms.katalon.core.webui.keyword.builtin.MouseOverKeyword.execute(MouseOverKeyword.groovy:67)
	at com.kms.katalon.core.keyword.internal.KeywordExecutor.executeKeywordForPlatform(KeywordExecutor.groovy:53)
	at com.kms.katalon.core.webui.keyword.WebUiBuiltInKeywords.mouseOver(WebUiBuiltInKeywords.groovy:776)
	at com.kms.katalon.core.webui.keyword.WebUiBuiltInKeywords$mouseOver$14.call(Unknown Source)
	at CALL - PDP.run(CALL - PDP:47)
	at com.kms.katalon.core.main.ScriptEngine.run(ScriptEngine.java:194)
	at com.kms.katalon.core.main.ScriptEngine.runScriptAsRawText(ScriptEngine.java:119)
	at com.kms.katalon.core.main.TestCaseExecutor.runScript(TestCaseExecutor.java:328)
	at com.kms.katalon.core.main.TestCaseExecutor.doExecute(TestCaseExecutor.java:319)
	at com.kms.katalon.core.main.TestCaseExecutor.processExecutionPhase(TestCaseExecutor.java:298)
	at com.kms.katalon.core.main.TestCaseExecutor.accessMainPhase(TestCaseExecutor.java:290)
	at com.kms.katalon.core.main.TestCaseExecutor.execute(TestCaseExecutor.java:224)
	at com.kms.katalon.core.main.TestCaseMain.runTestCase(TestCaseMain.java:106)
	at com.kms.katalon.core.keyword.builtin.CallTestCaseKeyword$_callTestCase_closure1.doCall(CallTestCaseKeyword.groovy:59)
	at com.kms.katalon.core.keyword.builtin.CallTestCaseKeyword$_callTestCase_closure1.call(CallTestCaseKeyword.groovy)
	at com.kms.katalon.core.keyword.internal.KeywordMain.runKeyword(KeywordMain.groovy:54)
	at com.kms.katalon.core.keyword.builtin.CallTestCaseKeyword.callTestCase(CallTestCaseKeyword.groovy:80)
	at com.kms.katalon.core.keyword.builtin.CallTestCaseKeyword.execute(CallTestCaseKeyword.groovy:44)
	at com.kms.katalon.core.keyword.internal.KeywordExecutor.executeKeywordForPlatform(KeywordExecutor.groovy:53)
	at com.kms.katalon.core.keyword.BuiltinKeywords.callTestCase(BuiltinKeywords.groovy:334)
	at Recently viewed.run(Recently viewed:16)
	at com.kms.katalon.core.main.ScriptEngine.run(ScriptEngine.java:194)
	at com.kms.katalon.core.main.ScriptEngine.runScriptAsRawText(ScriptEngine.java:119)
	at com.kms.katalon.core.main.TestCaseExecutor.runScript(TestCaseExecutor.java:328)
	at com.kms.katalon.core.main.TestCaseExecutor.doExecute(TestCaseExecutor.java:319)
	at com.kms.katalon.core.main.TestCaseExecutor.processExecutionPhase(TestCaseExecutor.java:298)
	at com.kms.katalon.core.main.TestCaseExecutor.accessMainPhase(TestCaseExecutor.java:290)
	at com.kms.katalon.core.main.TestCaseExecutor.execute(TestCaseExecutor.java:224)
	at com.kms.katalon.core.main.TestSuiteExecutor.accessTestCaseMainPhase(TestSuiteExecutor.java:129)
	at com.kms.katalon.core.main.TestSuiteExecutor.accessTestSuiteMainPhase(TestSuiteExecutor.java:112)
	at com.kms.katalon.core.main.TestSuiteExecutor.execute(TestSuiteExecutor.java:81)
	at com.kms.katalon.core.main.TestCaseMain.startTestSuite(TestCaseMain.java:149)
	at com.kms.katalon.core.main.TestCaseMain$startTestSuite$0.call(Unknown Source)
	at TempTestSuite1561139430530.run(TempTestSuite1561139430530.groovy:36)]]></system-out>
         <system-err><![CDATA[2019-06-21 14:09:52 - [TEST_CASE][FAILED] - Test Cases/OCS - DESKTOP/OCS- PRODUCT PAGE/Recently viewed: Test Cases/OCS - DESKTOP/OCS- PRODUCT PAGE/Recently viewed FAILED.
Reason:
com.kms.katalon.core.exception.StepFailedException: Unable to move mouse over object 'Object Repository/OCS-DESKTOP/Age gate and Mega menu/Header/CANNABIS menu - English' (Root cause: org.openqa.selenium.WebDriverException: TypeError: rect is undefined
Build info: version: '3.7.1', revision: '8a0099a', time: '2017-11-06T21:07:36.161Z'
System info: host: 'sumans-MacBook-Pro.local', ip: '2601:87:0:879f:0:0:0:1e84%en0', os.name: 'Mac OS X', os.arch: 'x86_64', os.version: '10.13.6', java.version: '1.8.0_181'
Driver info: com.kms.katalon.core.webui.driver.firefox.CGeckoDriver
Capabilities {acceptInsecureCerts: true, browserName: firefox, browserVersion: 67.0.3, javascriptEnabled: true, moz:accessibilityChecks: false, moz:buildID: 20190618025334, moz:geckodriverVersion: 0.23.0, moz:headless: false, moz:processID: 2931, moz:profile: /var/folders/1t/c55l8xzs6gq..., moz:shutdownTimeout: 60000, moz:useNonSpecCompliantPointerOrigin: false, moz:webdriverClick: true, pageLoadStrategy: normal, platform: MAC, platformName: MAC, platformVersion: 17.7.0, proxy: Proxy(direct), rotatable: false, setWindowRect: true, strictFileInteractability: false, timeouts: {implicit: 0, pageLoad: 300000, script: 30000}, unhandledPromptBehavior: dismiss and notify}
Session ID: f83babf8-62ab-c545-95f7-c05fb22f5e1c)
	at com.kms.katalon.core.keyword.internal.KeywordMain.stepFailed(KeywordMain.groovy:36)
	at com.kms.katalon.core.webui.keyword.internal.WebUIKeywordMain.stepFailed(WebUIKeywordMain.groovy:65)
	at com.kms.katalon.core.webui.keyword.internal.WebUIKeywordMain.runKeyword(WebUIKeywordMain.groovy:27)
	at com.kms.katalon.core.webui.keyword.builtin.MouseOverKeyword.mouseOver(MouseOverKeyword.groovy:90)
	at com.kms.katalon.core.webui.keyword.builtin.MouseOverKeyword.execute(MouseOverKeyword.groovy:67)
	at com.kms.katalon.core.keyword.internal.KeywordExecutor.executeKeywordForPlatform(KeywordExecutor.groovy:53)
	at com.kms.katalon.core.webui.keyword.WebUiBuiltInKeywords.mouseOver(WebUiBuiltInKeywords.groovy:776)
	at com.kms.katalon.core.webui.keyword.WebUiBuiltInKeywords$mouseOver$14.call(Unknown Source)
	at CALL - PDP.run(CALL - PDP:47)
	at com.kms.katalon.core.main.ScriptEngine.run(ScriptEngine.java:194)
	at com.kms.katalon.core.main.ScriptEngine.runScriptAsRawText(ScriptEngine.java:119)
	at com.kms.katalon.core.main.TestCaseExecutor.runScript(TestCaseExecutor.java:328)
	at com.kms.katalon.core.main.TestCaseExecutor.doExecute(TestCaseExecutor.java:319)
	at com.kms.katalon.core.main.TestCaseExecutor.processExecutionPhase(TestCaseExecutor.java:298)
	at com.kms.katalon.core.main.TestCaseExecutor.accessMainPhase(TestCaseExecutor.java:290)
	at com.kms.katalon.core.main.TestCaseExecutor.execute(TestCaseExecutor.java:224)
	at com.kms.katalon.core.main.TestCaseMain.runTestCase(TestCaseMain.java:106)
	at com.kms.katalon.core.keyword.builtin.CallTestCaseKeyword$_callTestCase_closure1.doCall(CallTestCaseKeyword.groovy:59)
	at com.kms.katalon.core.keyword.builtin.CallTestCaseKeyword$_callTestCase_closure1.call(CallTestCaseKeyword.groovy)
	at com.kms.katalon.core.keyword.internal.KeywordMain.runKeyword(KeywordMain.groovy:54)
	at com.kms.katalon.core.keyword.builtin.CallTestCaseKeyword.callTestCase(CallTestCaseKeyword.groovy:80)
	at com.kms.katalon.core.keyword.builtin.CallTestCaseKeyword.execute(CallTestCaseKeyword.groovy:44)
	at com.kms.katalon.core.keyword.internal.KeywordExecutor.executeKeywordForPlatform(KeywordExecutor.groovy:53)
	at com.kms.katalon.core.keyword.BuiltinKeywords.callTestCase(BuiltinKeywords.groovy:334)
	at Recently viewed.run(Recently viewed:16)
	at com.kms.katalon.core.main.ScriptEngine.run(ScriptEngine.java:194)
	at com.kms.katalon.core.main.ScriptEngine.runScriptAsRawText(ScriptEngine.java:119)
	at com.kms.katalon.core.main.TestCaseExecutor.runScript(TestCaseExecutor.java:328)
	at com.kms.katalon.core.main.TestCaseExecutor.doExecute(TestCaseExecutor.java:319)
	at com.kms.katalon.core.main.TestCaseExecutor.processExecutionPhase(TestCaseExecutor.java:298)
	at com.kms.katalon.core.main.TestCaseExecutor.accessMainPhase(TestCaseExecutor.java:290)
	at com.kms.katalon.core.main.TestCaseExecutor.execute(TestCaseExecutor.java:224)
	at com.kms.katalon.core.main.TestSuiteExecutor.accessTestCaseMainPhase(TestSuiteExecutor.java:129)
	at com.kms.katalon.core.main.TestSuiteExecutor.accessTestSuiteMainPhase(TestSuiteExecutor.java:112)
	at com.kms.katalon.core.main.TestSuiteExecutor.execute(TestSuiteExecutor.java:81)
	at com.kms.katalon.core.main.TestCaseMain.startTestSuite(TestCaseMain.java:149)
	at com.kms.katalon.core.main.TestCaseMain$startTestSuite$0.call(Unknown Source)
	at TempTestSuite1561139430530.run(TempTestSuite1561139430530.groovy:36)]]></system-err>
      </testcase>
      <testcase name="Test Cases/OCS - DESKTOP/OCS- PRODUCT PAGE/variants selector" classname="Test Cases/OCS - DESKTOP/OCS- PRODUCT PAGE/variants selector" status="FAILED">
         <failure type="FAILED" message="Test Cases/OCS - DESKTOP/OCS- PRODUCT PAGE/variants selector FAILED.
Reason:
com.kms.katalon.core.exception.StepFailedException: Unable to click on object 'Object Repository/OCS-DESKTOP/Product page/Swatch_1g' (Root cause: org.openqa.selenium.ElementClickInterceptedException: Element &lt;span class=&quot;swatch__title&quot;> is not clickable at point (874,635) because another element &lt;li class=&quot;swatch swatch--weight&quot;> obscures it
Build info: version: '3.7.1', revision: '8a0099a', time: '2017-11-06T21:07:36.161Z'
System info: host: 'sumans-MacBook-Pro.local', ip: '2601:87:0:879f:0:0:0:1e84%en0', os.name: 'Mac OS X', os.arch: 'x86_64', os.version: '10.13.6', java.version: '1.8.0_181'
Driver info: com.kms.katalon.core.webui.driver.firefox.CGeckoDriver
Capabilities {acceptInsecureCerts: true, browserName: firefox, browserVersion: 67.0.3, javascriptEnabled: true, moz:accessibilityChecks: false, moz:buildID: 20190618025334, moz:geckodriverVersion: 0.23.0, moz:headless: false, moz:processID: 2937, moz:profile: /var/folders/1t/c55l8xzs6gq..., moz:shutdownTimeout: 60000, moz:useNonSpecCompliantPointerOrigin: false, moz:webdriverClick: true, pageLoadStrategy: normal, platform: MAC, platformName: MAC, platformVersion: 17.7.0, proxy: Proxy(direct), rotatable: false, setWindowRect: true, strictFileInteractability: false, timeouts: {implicit: 0, pageLoad: 300000, script: 30000}, unhandledPromptBehavior: dismiss and notify}
Session ID: df854262-1369-b44b-9113-15841da2196d)
	at com.kms.katalon.core.keyword.internal.KeywordMain.stepFailed(KeywordMain.groovy:32)
	at com.kms.katalon.core.webui.keyword.internal.WebUIKeywordMain.stepFailed(WebUIKeywordMain.groovy:65)
	at com.kms.katalon.core.webui.keyword.internal.WebUIKeywordMain.runKeyword(WebUIKeywordMain.groovy:27)
	at com.kms.katalon.core.webui.keyword.builtin.ClickKeyword.click(ClickKeyword.groovy:86)
	at com.kms.katalon.core.webui.keyword.builtin.ClickKeyword.execute(ClickKeyword.groovy:67)
	at com.kms.katalon.core.keyword.internal.KeywordExecutor.executeKeywordForPlatform(KeywordExecutor.groovy:53)
	at com.kms.katalon.core.webui.keyword.WebUiBuiltInKeywords.click(WebUiBuiltInKeywords.groovy:604)
	at com.kms.katalon.core.webui.keyword.WebUiBuiltInKeywords$click$7.call(Unknown Source)
	at variants selector.run(variants selector:36)
	at com.kms.katalon.core.main.ScriptEngine.run(ScriptEngine.java:194)
	at com.kms.katalon.core.main.ScriptEngine.runScriptAsRawText(ScriptEngine.java:119)
	at com.kms.katalon.core.main.TestCaseExecutor.runScript(TestCaseExecutor.java:328)
	at com.kms.katalon.core.main.TestCaseExecutor.doExecute(TestCaseExecutor.java:319)
	at com.kms.katalon.core.main.TestCaseExecutor.processExecutionPhase(TestCaseExecutor.java:298)
	at com.kms.katalon.core.main.TestCaseExecutor.accessMainPhase(TestCaseExecutor.java:290)
	at com.kms.katalon.core.main.TestCaseExecutor.execute(TestCaseExecutor.java:224)
	at com.kms.katalon.core.main.TestSuiteExecutor.accessTestCaseMainPhase(TestSuiteExecutor.java:129)
	at com.kms.katalon.core.main.TestSuiteExecutor.accessTestSuiteMainPhase(TestSuiteExecutor.java:112)
	at com.kms.katalon.core.main.TestSuiteExecutor.execute(TestSuiteExecutor.java:81)
	at com.kms.katalon.core.main.TestCaseMain.startTestSuite(TestCaseMain.java:149)
	at com.kms.katalon.core.main.TestCaseMain$startTestSuite$0.call(Unknown Source)
	at TempTestSuite1561139430530.run(TempTestSuite1561139430530.groovy:36)
"/>
         <system-out><![CDATA[2019-06-21 14:10:17 - [TEST_CASE][FAILED] - Test Cases/OCS - DESKTOP/OCS- PRODUCT PAGE/variants selector: Test Cases/OCS - DESKTOP/OCS- PRODUCT PAGE/variants selector FAILED.
Reason:
com.kms.katalon.core.exception.StepFailedException: Unable to click on object 'Object Repository/OCS-DESKTOP/Product page/Swatch_1g' (Root cause: org.openqa.selenium.ElementClickInterceptedException: Element <span class="swatch__title"> is not clickable at point (874,635) because another element <li class="swatch swatch--weight"> obscures it
Build info: version: '3.7.1', revision: '8a0099a', time: '2017-11-06T21:07:36.161Z'
System info: host: 'sumans-MacBook-Pro.local', ip: '2601:87:0:879f:0:0:0:1e84%en0', os.name: 'Mac OS X', os.arch: 'x86_64', os.version: '10.13.6', java.version: '1.8.0_181'
Driver info: com.kms.katalon.core.webui.driver.firefox.CGeckoDriver
Capabilities {acceptInsecureCerts: true, browserName: firefox, browserVersion: 67.0.3, javascriptEnabled: true, moz:accessibilityChecks: false, moz:buildID: 20190618025334, moz:geckodriverVersion: 0.23.0, moz:headless: false, moz:processID: 2937, moz:profile: /var/folders/1t/c55l8xzs6gq..., moz:shutdownTimeout: 60000, moz:useNonSpecCompliantPointerOrigin: false, moz:webdriverClick: true, pageLoadStrategy: normal, platform: MAC, platformName: MAC, platformVersion: 17.7.0, proxy: Proxy(direct), rotatable: false, setWindowRect: true, strictFileInteractability: false, timeouts: {implicit: 0, pageLoad: 300000, script: 30000}, unhandledPromptBehavior: dismiss and notify}
Session ID: df854262-1369-b44b-9113-15841da2196d)
	at com.kms.katalon.core.keyword.internal.KeywordMain.stepFailed(KeywordMain.groovy:32)
	at com.kms.katalon.core.webui.keyword.internal.WebUIKeywordMain.stepFailed(WebUIKeywordMain.groovy:65)
	at com.kms.katalon.core.webui.keyword.internal.WebUIKeywordMain.runKeyword(WebUIKeywordMain.groovy:27)
	at com.kms.katalon.core.webui.keyword.builtin.ClickKeyword.click(ClickKeyword.groovy:86)
	at com.kms.katalon.core.webui.keyword.builtin.ClickKeyword.execute(ClickKeyword.groovy:67)
	at com.kms.katalon.core.keyword.internal.KeywordExecutor.executeKeywordForPlatform(KeywordExecutor.groovy:53)
	at com.kms.katalon.core.webui.keyword.WebUiBuiltInKeywords.click(WebUiBuiltInKeywords.groovy:604)
	at com.kms.katalon.core.webui.keyword.WebUiBuiltInKeywords$click$7.call(Unknown Source)
	at variants selector.run(variants selector:36)
	at com.kms.katalon.core.main.ScriptEngine.run(ScriptEngine.java:194)
	at com.kms.katalon.core.main.ScriptEngine.runScriptAsRawText(ScriptEngine.java:119)
	at com.kms.katalon.core.main.TestCaseExecutor.runScript(TestCaseExecutor.java:328)
	at com.kms.katalon.core.main.TestCaseExecutor.doExecute(TestCaseExecutor.java:319)
	at com.kms.katalon.core.main.TestCaseExecutor.processExecutionPhase(TestCaseExecutor.java:298)
	at com.kms.katalon.core.main.TestCaseExecutor.accessMainPhase(TestCaseExecutor.java:290)
	at com.kms.katalon.core.main.TestCaseExecutor.execute(TestCaseExecutor.java:224)
	at com.kms.katalon.core.main.TestSuiteExecutor.accessTestCaseMainPhase(TestSuiteExecutor.java:129)
	at com.kms.katalon.core.main.TestSuiteExecutor.accessTestSuiteMainPhase(TestSuiteExecutor.java:112)
	at com.kms.katalon.core.main.TestSuiteExecutor.execute(TestSuiteExecutor.java:81)
	at com.kms.katalon.core.main.TestCaseMain.startTestSuite(TestCaseMain.java:149)
	at com.kms.katalon.core.main.TestCaseMain$startTestSuite$0.call(Unknown Source)
	at TempTestSuite1561139430530.run(TempTestSuite1561139430530.groovy:36)


2019-06-21 14:10:17 - [TEST_STEP][PASSED] - callTestCase(findTestCase("OCS - DESKTOP/CALL - PDP"), [:], STOP_ON_FAILURE): Call Test Case 'Test Cases/OCS - DESKTOP/CALL - PDP' successfully

2019-06-21 14:10:17 - [TEST_CASE][PASSED] - Test Cases/OCS - DESKTOP/CALL - PDP: Test Cases/OCS - DESKTOP/CALL - PDP

2019-06-21 14:10:17 - [TEST_STEP][PASSED] - openBrowser(""): Browser is opened with url: ''

2019-06-21 14:10:17 - [MESSAGE][WARNING] - A browser is already opened. Closing browser and opening a new one

2019-06-21 14:10:18 - [MESSAGE][INFO] - Starting 'Firefox' driver

2019-06-21 14:10:21 - [MESSAGE][PASSED] - Browser is opened with url: ''

2019-06-21 14:10:21 - [TEST_STEP][PASSED] - navigateToUrl("https://ocs.ca/?fts=0&preview_theme_id=74057975628"): Navigate to 'https://ocs.ca/?fts=0&preview_theme_id=74057975628' successfully

2019-06-21 14:10:27 - [MESSAGE][PASSED] - Navigate to 'https://ocs.ca/?fts=0&preview_theme_id=74057975628' successfully

2019-06-21 14:10:27 - [TEST_STEP][PASSED] - maximizeWindow(): Current window maximized

2019-06-21 14:10:28 - [MESSAGE][PASSED] - Current window maximized

2019-06-21 14:10:28 - [TEST_STEP][PASSED] - executeJavaScript("var previewBar = document.getElementById("preview-bar-iframe"); previewBar.style.display = "none";", []): Execute JavaScript 'var previewBar = document.getElementById("preview-bar-iframe"); previewBar.style.display = "none";' successfully

2019-06-21 14:10:28 - [MESSAGE][PASSED] - Execute JavaScript 'var previewBar = document.getElementById("preview-bar-iframe"); previewBar.style.display = "none";' successfully

2019-06-21 14:10:28 - [TEST_STEP][PASSED] - delay(4): Delayed 4 second(s)

2019-06-21 14:10:32 - [MESSAGE][PASSED] - Delayed 4 second(s)

2019-06-21 14:10:32 - [TEST_STEP][PASSED] - selectOptionByValue(findTestObject("OCS-DESKTOP/Age gate and Mega menu/Date"), "12", true): All options with value '12' are selected in object 'Object Repository/OCS-DESKTOP/Age gate and Mega menu/Date'  using regular expression

2019-06-21 14:10:33 - [MESSAGE][PASSED] - All options with value '12' are selected in object 'Object Repository/OCS-DESKTOP/Age gate and Mega menu/Date'  using regular expression

2019-06-21 14:10:33 - [TEST_STEP][PASSED] - selectOptionByValue(findTestObject("OCS-DESKTOP/Age gate and Mega menu/month"), "6", true): All options with value '6' are selected in object 'Object Repository/OCS-DESKTOP/Age gate and Mega menu/month'  using regular expression

2019-06-21 14:10:33 - [MESSAGE][PASSED] - All options with value '6' are selected in object 'Object Repository/OCS-DESKTOP/Age gate and Mega menu/month'  using regular expression

2019-06-21 14:10:33 - [TEST_STEP][PASSED] - delay(2): Delayed 2 second(s)

2019-06-21 14:10:35 - [MESSAGE][PASSED] - Delayed 2 second(s)

2019-06-21 14:10:35 - [TEST_STEP][PASSED] - selectOptionByValue(findTestObject("OCS-DESKTOP/Age gate and Mega menu/Year Dropdown"), "1990", true): All options with value '1990' are selected in object 'Object Repository/OCS-DESKTOP/Age gate and Mega menu/Year Dropdown'  using regular expression

2019-06-21 14:10:36 - [MESSAGE][PASSED] - All options with value '1990' are selected in object 'Object Repository/OCS-DESKTOP/Age gate and Mega menu/Year Dropdown'  using regular expression

2019-06-21 14:10:36 - [TEST_STEP][PASSED] - click(findTestObject("OCS-DESKTOP/Age gate and Mega menu/button_Verify")): Object: 'Object Repository/OCS-DESKTOP/Age gate and Mega menu/button_Verify' is clicked on

2019-06-21 14:10:37 - [MESSAGE][PASSED] - Object: 'Object Repository/OCS-DESKTOP/Age gate and Mega menu/button_Verify' is clicked on

2019-06-21 14:10:37 - [TEST_STEP][PASSED] - click(findTestObject("OCS-DESKTOP/Age gate and Mega menu/Checkbox_CONFIRM AND ACKNOWLEDGE")): Object: 'Object Repository/OCS-DESKTOP/Age gate and Mega menu/Checkbox_CONFIRM AND ACKNOWLEDGE' is clicked on

2019-06-21 14:10:37 - [MESSAGE][PASSED] - Object: 'Object Repository/OCS-DESKTOP/Age gate and Mega menu/Checkbox_CONFIRM AND ACKNOWLEDGE' is clicked on

2019-06-21 14:10:37 - [TEST_STEP][PASSED] - click(findTestObject("OCS-DESKTOP/Age gate and Mega menu/button_CONFIRM")): Object: 'Object Repository/OCS-DESKTOP/Age gate and Mega menu/button_CONFIRM' is clicked on

2019-06-21 14:10:37 - [MESSAGE][PASSED] - Object: 'Object Repository/OCS-DESKTOP/Age gate and Mega menu/button_CONFIRM' is clicked on

2019-06-21 14:10:37 - [TEST_STEP][PASSED] - click(findTestObject("OCS-DESKTOP/Age gate and Mega menu/button_Start Browsing")): Object: 'Object Repository/OCS-DESKTOP/Age gate and Mega menu/button_Start Browsing' is clicked on

2019-06-21 14:10:37 - [MESSAGE][PASSED] - Object: 'Object Repository/OCS-DESKTOP/Age gate and Mega menu/button_Start Browsing' is clicked on

2019-06-21 14:10:37 - [TEST_STEP][PASSED] - refresh(): Refresh successfully

2019-06-21 14:10:43 - [MESSAGE][PASSED] - Refresh successfully

2019-06-21 14:10:43 - [TEST_STEP][PASSED] - delay(2): Delayed 2 second(s)

2019-06-21 14:10:45 - [MESSAGE][PASSED] - Delayed 2 second(s)

2019-06-21 14:10:45 - [TEST_STEP][PASSED] - mouseOver(findTestObject("OCS-DESKTOP/Age gate and Mega menu/Header/CANNABIS menu - English")): Object: 'Object Repository/OCS-DESKTOP/Age gate and Mega menu/Header/CANNABIS menu - English' is hovered

2019-06-21 14:10:45 - [MESSAGE][PASSED] - Object: 'Object Repository/OCS-DESKTOP/Age gate and Mega menu/Header/CANNABIS menu - English' is hovered

2019-06-21 14:10:45 - [TEST_STEP][PASSED] - delay(2): Delayed 2 second(s)

2019-06-21 14:10:47 - [MESSAGE][PASSED] - Delayed 2 second(s)

2019-06-21 14:10:47 - [TEST_STEP][PASSED] - click(findTestObject("OCS-DESKTOP/Age gate and Mega menu/Indica Dominant_Menu item")): Object: 'Object Repository/OCS-DESKTOP/Age gate and Mega menu/Indica Dominant_Menu item' is clicked on

2019-06-21 14:10:49 - [MESSAGE][PASSED] - Object: 'Object Repository/OCS-DESKTOP/Age gate and Mega menu/Indica Dominant_Menu item' is clicked on

2019-06-21 14:10:49 - [TEST_STEP][PASSED] - delay(2): Delayed 2 second(s)

2019-06-21 14:10:51 - [MESSAGE][PASSED] - Delayed 2 second(s)

2019-06-21 14:10:51 - [TEST_STEP][PASSED] - scrollToElement(findTestObject("OCS-DESKTOP/Collection page/Product image - 1st one"), 0): Scroll to object 'Object Repository/OCS-DESKTOP/Collection page/Product image - 1st one' successfully

2019-06-21 14:10:51 - [MESSAGE][WARNING] - Timeout '0' is invalid. Using default page load timeout: '30'

2019-06-21 14:10:51 - [MESSAGE][PASSED] - Scroll to object 'Object Repository/OCS-DESKTOP/Collection page/Product image - 1st one' successfully

2019-06-21 14:10:51 - [TEST_STEP][PASSED] - delay(2): Delayed 2 second(s)

2019-06-21 14:10:53 - [MESSAGE][PASSED] - Delayed 2 second(s)

2019-06-21 14:10:53 - [TEST_STEP][PASSED] - click(findTestObject("OCS-DESKTOP/Collection page/Product image - 1st one")): Object: 'Object Repository/OCS-DESKTOP/Collection page/Product image - 1st one' is clicked on

2019-06-21 14:10:55 - [MESSAGE][PASSED] - Object: 'Object Repository/OCS-DESKTOP/Collection page/Product image - 1st one' is clicked on

2019-06-21 14:10:55 - [TEST_STEP][PASSED] - executeJavaScript("var previewBar = document.getElementById("preview-bar-iframe"); previewBar.style.display = "none";", []): Execute JavaScript 'var previewBar = document.getElementById("preview-bar-iframe"); previewBar.style.display = "none";' successfully

2019-06-21 14:10:55 - [MESSAGE][PASSED] - Execute JavaScript 'var previewBar = document.getElementById("preview-bar-iframe"); previewBar.style.display = "none";' successfully

2019-06-21 14:10:55 - [TEST_STEP][PASSED] - delay(2): Delayed 2 second(s)

2019-06-21 14:10:57 - [MESSAGE][PASSED] - Delayed 2 second(s)

2019-06-21 14:10:57 - [MESSAGE][PASSED] - Call Test Case 'Test Cases/OCS - DESKTOP/CALL - PDP' successfully

2019-06-21 14:10:57 - [TEST_STEP][PASSED] - navigateToUrl("https://ocs.ca/products/lola-montes-edison"): Navigate to 'https://ocs.ca/products/lola-montes-edison' successfully

2019-06-21 14:11:00 - [MESSAGE][PASSED] - Navigate to 'https://ocs.ca/products/lola-montes-edison' successfully

2019-06-21 14:11:00 - [TEST_STEP][PASSED] - executeJavaScript("var previewBar = document.getElementById("preview-bar-iframe"); previewBar.style.display = "none";", []): Execute JavaScript 'var previewBar = document.getElementById("preview-bar-iframe"); previewBar.style.display = "none";' successfully

2019-06-21 14:11:00 - [MESSAGE][PASSED] - Execute JavaScript 'var previewBar = document.getElementById("preview-bar-iframe"); previewBar.style.display = "none";' successfully

2019-06-21 14:11:00 - [TEST_STEP][PASSED] - delay(2): Delayed 2 second(s)

2019-06-21 14:11:02 - [MESSAGE][PASSED] - Delayed 2 second(s)

2019-06-21 14:11:02 - [TEST_STEP][NOT_RUN] - scrollToElement(findTestObject("OCS-DESKTOP/Product page/Product image"), 1): NOT_RUN: scrollToElement(findTestObject("OCS-DESKTOP/Product page/Product image"), 1)

2019-06-21 14:11:02 - [MESSAGE][NOT_RUN] - NOT_RUN: scrollToElement(findTestObject("OCS-DESKTOP/Product page/Product image"), 1)

2019-06-21 14:11:02 - [TEST_STEP][PASSED] - delay(2): Delayed 2 second(s)

2019-06-21 14:11:04 - [MESSAGE][PASSED] - Delayed 2 second(s)

2019-06-21 14:11:04 - [TEST_STEP][PASSED] - flag1 = verifyElementClickable(findTestObject("OCS-DESKTOP/Product page/Swatch_1g")): Object 'Object Repository/OCS-DESKTOP/Product page/Swatch_1g' is clickable

2019-06-21 14:11:04 - [MESSAGE][PASSED] - Object 'Object Repository/OCS-DESKTOP/Product page/Swatch_1g' is clickable

2019-06-21 14:11:04 - [TEST_STEP][PASSED] - comment("flag1=" + flag1): flag1=true

2019-06-21 14:11:04 - [MESSAGE][INFO] - flag1=true

2019-06-21 14:11:04 - [TEST_STEP][FAILED] - if (flag1 == true): Delayed 1 second(s)

2019-06-21 14:11:04 - [TEST_STEP][PASSED] - delay(2): Delayed 2 second(s)

2019-06-21 14:11:06 - [MESSAGE][PASSED] - Delayed 2 second(s)

2019-06-21 14:11:06 - [TEST_STEP][FAILED] - click(findTestObject("OCS-DESKTOP/Product page/Swatch_1g"), CONTINUE_ON_FAILURE): Unable to click on object 'Object Repository/OCS-DESKTOP/Product page/Swatch_1g' (Root cause: org.openqa.selenium.ElementClickInterceptedException: Element <span class="swatch__title"> is not clickable at point (874,635) because another element <li class="swatch swatch--weight"> obscures it
Build info: version: '3.7.1', revision: '8a0099a', time: '2017-11-06T21:07:36.161Z'
System info: host: 'sumans-MacBook-Pro.local', ip: '2601:87:0:879f:0:0:0:1e84%en0', os.name: 'Mac OS X', os.arch: 'x86_64', os.version: '10.13.6', java.version: '1.8.0_181'
Driver info: com.kms.katalon.core.webui.driver.firefox.CGeckoDriver
Capabilities {acceptInsecureCerts: true, browserName: firefox, browserVersion: 67.0.3, javascriptEnabled: true, moz:accessibilityChecks: false, moz:buildID: 20190618025334, moz:geckodriverVersion: 0.23.0, moz:headless: false, moz:processID: 2937, moz:profile: /var/folders/1t/c55l8xzs6gq..., moz:shutdownTimeout: 60000, moz:useNonSpecCompliantPointerOrigin: false, moz:webdriverClick: true, pageLoadStrategy: normal, platform: MAC, platformName: MAC, platformVersion: 17.7.0, proxy: Proxy(direct), rotatable: false, setWindowRect: true, strictFileInteractability: false, timeouts: {implicit: 0, pageLoad: 300000, script: 30000}, unhandledPromptBehavior: dismiss and notify}
Session ID: df854262-1369-b44b-9113-15841da2196d)

2019-06-21 14:11:06 - [MESSAGE][FAILED] - Unable to click on object 'Object Repository/OCS-DESKTOP/Product page/Swatch_1g' (Root cause: org.openqa.selenium.ElementClickInterceptedException: Element <span class="swatch__title"> is not clickable at point (874,635) because another element <li class="swatch swatch--weight"> obscures it
Build info: version: '3.7.1', revision: '8a0099a', time: '2017-11-06T21:07:36.161Z'
System info: host: 'sumans-MacBook-Pro.local', ip: '2601:87:0:879f:0:0:0:1e84%en0', os.name: 'Mac OS X', os.arch: 'x86_64', os.version: '10.13.6', java.version: '1.8.0_181'
Driver info: com.kms.katalon.core.webui.driver.firefox.CGeckoDriver
Capabilities {acceptInsecureCerts: true, browserName: firefox, browserVersion: 67.0.3, javascriptEnabled: true, moz:accessibilityChecks: false, moz:buildID: 20190618025334, moz:geckodriverVersion: 0.23.0, moz:headless: false, moz:processID: 2937, moz:profile: /var/folders/1t/c55l8xzs6gq..., moz:shutdownTimeout: 60000, moz:useNonSpecCompliantPointerOrigin: false, moz:webdriverClick: true, pageLoadStrategy: normal, platform: MAC, platformName: MAC, platformVersion: 17.7.0, proxy: Proxy(direct), rotatable: false, setWindowRect: true, strictFileInteractability: false, timeouts: {implicit: 0, pageLoad: 300000, script: 30000}, unhandledPromptBehavior: dismiss and notify}
Session ID: df854262-1369-b44b-9113-15841da2196d)
[[ATTACHMENT|/Users/sumankompelly/Relative xpath-Desktop/Reports/OCS-1.11/20190621_135030/1561140666515.png]]

2019-06-21 14:11:06 - [TEST_STEP][PASSED] - delay(3): Delayed 3 second(s)

2019-06-21 14:11:09 - [MESSAGE][PASSED] - Delayed 3 second(s)

2019-06-21 14:11:09 - [TEST_STEP][PASSED] - delay(1): Delayed 1 second(s)

2019-06-21 14:11:10 - [MESSAGE][PASSED] - Delayed 1 second(s)

2019-06-21 14:11:10 - [TEST_STEP][PASSED] - takeScreenshot(): Taking screenshot successfully

2019-06-21 14:11:10 - [MESSAGE][PASSED] - Taking screenshot successfully
[[ATTACHMENT|/Users/sumankompelly/Relative xpath-Desktop/Reports/OCS-1.11/20190621_135030/1561140670757.png]]

2019-06-21 14:11:10 - [TEST_STEP][PASSED] - delay(1): Delayed 1 second(s)

2019-06-21 14:11:11 - [MESSAGE][PASSED] - Delayed 1 second(s)

2019-06-21 14:11:11 - [TEST_STEP][PASSED] - flag2 = verifyElementClickable(findTestObject("OCS-DESKTOP/Product page/Swatch_3.5g")): Object 'Object Repository/OCS-DESKTOP/Product page/Swatch_3.5g' is clickable

2019-06-21 14:11:11 - [MESSAGE][PASSED] - Object 'Object Repository/OCS-DESKTOP/Product page/Swatch_3.5g' is clickable

2019-06-21 14:11:11 - [TEST_STEP][PASSED] - comment("flag2=" + flag2): flag2=true

2019-06-21 14:11:11 - [MESSAGE][INFO] - flag2=true

2019-06-21 14:11:11 - [TEST_STEP][PASSED] - if (flag2 == true): Delayed 1 second(s)

2019-06-21 14:11:11 - [TEST_STEP][PASSED] - click(findTestObject("OCS-DESKTOP/Product page/Swatch_3.5g"), CONTINUE_ON_FAILURE): Object: 'Object Repository/OCS-DESKTOP/Product page/Swatch_3.5g' is clicked on

2019-06-21 14:11:12 - [MESSAGE][PASSED] - Object: 'Object Repository/OCS-DESKTOP/Product page/Swatch_3.5g' is clicked on

2019-06-21 14:11:12 - [TEST_STEP][PASSED] - delay(1): Delayed 1 second(s)

2019-06-21 14:11:13 - [MESSAGE][PASSED] - Delayed 1 second(s)

2019-06-21 14:11:13 - [TEST_STEP][PASSED] - takeScreenshot(): Taking screenshot successfully

2019-06-21 14:11:13 - [MESSAGE][PASSED] - Taking screenshot successfully
[[ATTACHMENT|/Users/sumankompelly/Relative xpath-Desktop/Reports/OCS-1.11/20190621_135030/1561140673206.png]]

2019-06-21 14:11:13 - [TEST_STEP][PASSED] - delay(1): Delayed 1 second(s)

2019-06-21 14:11:14 - [MESSAGE][PASSED] - Delayed 1 second(s)

2019-06-21 14:11:14 - [TEST_STEP][PASSED] - flag3 = verifyElementClickable(findTestObject("OCS-DESKTOP/Product page/Swatch_7g")): Object 'Object Repository/OCS-DESKTOP/Product page/Swatch_7g' is clickable

2019-06-21 14:11:14 - [MESSAGE][PASSED] - Object 'Object Repository/OCS-DESKTOP/Product page/Swatch_7g' is clickable

2019-06-21 14:11:14 - [TEST_STEP][PASSED] - comment("flag3=" + flag3): flag3=true

2019-06-21 14:11:14 - [MESSAGE][INFO] - flag3=true

2019-06-21 14:11:14 - [TEST_STEP][FAILED] - if (flag3 == true): if (flag3 == true) FAILED.
Reason:
com.kms.katalon.core.exception.StepFailedException: Unable to click on object 'Object Repository/OCS-DESKTOP/Product page/Swatch_1g' (Root cause: org.openqa.selenium.ElementClickInterceptedException: Element <span class="swatch__title"> is not clickable at point (874,635) because another element <li class="swatch swatch--weight"> obscures it
Build info: version: '3.7.1', revision: '8a0099a', time: '2017-11-06T21:07:36.161Z'
System info: host: 'sumans-MacBook-Pro.local', ip: '2601:87:0:879f:0:0:0:1e84%en0', os.name: 'Mac OS X', os.arch: 'x86_64', os.version: '10.13.6', java.version: '1.8.0_181'
Driver info: com.kms.katalon.core.webui.driver.firefox.CGeckoDriver
Capabilities {acceptInsecureCerts: true, browserName: firefox, browserVersion: 67.0.3, javascriptEnabled: true, moz:accessibilityChecks: false, moz:buildID: 20190618025334, moz:geckodriverVersion: 0.23.0, moz:headless: false, moz:processID: 2937, moz:profile: /var/folders/1t/c55l8xzs6gq..., moz:shutdownTimeout: 60000, moz:useNonSpecCompliantPointerOrigin: false, moz:webdriverClick: true, pageLoadStrategy: normal, platform: MAC, platformName: MAC, platformVersion: 17.7.0, proxy: Proxy(direct), rotatable: false, setWindowRect: true, strictFileInteractability: false, timeouts: {implicit: 0, pageLoad: 300000, script: 30000}, unhandledPromptBehavior: dismiss and notify}
Session ID: df854262-1369-b44b-9113-15841da2196d)
	at com.kms.katalon.core.keyword.internal.KeywordMain.stepFailed(KeywordMain.groovy:32)
	at com.kms.katalon.core.webui.keyword.internal.WebUIKeywordMain.stepFailed(WebUIKeywordMain.groovy:65)
	at com.kms.katalon.core.webui.keyword.internal.WebUIKeywordMain.runKeyword(WebUIKeywordMain.groovy:27)
	at com.kms.katalon.core.webui.keyword.builtin.ClickKeyword.click(ClickKeyword.groovy:86)
	at com.kms.katalon.core.webui.keyword.builtin.ClickKeyword.execute(ClickKeyword.groovy:67)
	at com.kms.katalon.core.keyword.internal.KeywordExecutor.executeKeywordForPlatform(KeywordExecutor.groovy:53)
	at com.kms.katalon.core.webui.keyword.WebUiBuiltInKeywords.click(WebUiBuiltInKeywords.groovy:604)
	at com.kms.katalon.core.webui.keyword.WebUiBuiltInKeywords$click$7.call(Unknown Source)
	at variants selector.run(variants selector:36)
	at com.kms.katalon.core.main.ScriptEngine.run(ScriptEngine.java:194)
	at com.kms.katalon.core.main.ScriptEngine.runScriptAsRawText(ScriptEngine.java:119)
	at com.kms.katalon.core.main.TestCaseExecutor.runScript(TestCaseExecutor.java:328)
	at com.kms.katalon.core.main.TestCaseExecutor.doExecute(TestCaseExecutor.java:319)
	at com.kms.katalon.core.main.TestCaseExecutor.processExecutionPhase(TestCaseExecutor.java:298)
	at com.kms.katalon.core.main.TestCaseExecutor.accessMainPhase(TestCaseExecutor.java:290)
	at com.kms.katalon.core.main.TestCaseExecutor.execute(TestCaseExecutor.java:224)
	at com.kms.katalon.core.main.TestSuiteExecutor.accessTestCaseMainPhase(TestSuiteExecutor.java:129)
	at com.kms.katalon.core.main.TestSuiteExecutor.accessTestSuiteMainPhase(TestSuiteExecutor.java:112)
	at com.kms.katalon.core.main.TestSuiteExecutor.execute(TestSuiteExecutor.java:81)
	at com.kms.katalon.core.main.TestCaseMain.startTestSuite(TestCaseMain.java:149)
	at com.kms.katalon.core.main.TestCaseMain$startTestSuite$0.call(Unknown Source)
	at TempTestSuite1561139430530.run(TempTestSuite1561139430530.groovy:36)


2019-06-21 14:11:14 - [TEST_STEP][FAILED] - click(findTestObject("OCS-DESKTOP/Product page/Swatch_7g"), CONTINUE_ON_FAILURE): Unable to click on object 'Object Repository/OCS-DESKTOP/Product page/Swatch_7g' (Root cause: org.openqa.selenium.ElementClickInterceptedException: Element <span class="swatch__title"> is not clickable at point (1028,635) because another element <li class="swatch swatch--weight"> obscures it
Build info: version: '3.7.1', revision: '8a0099a', time: '2017-11-06T21:07:36.161Z'
System info: host: 'sumans-MacBook-Pro.local', ip: '2601:87:0:879f:0:0:0:1e84%en0', os.name: 'Mac OS X', os.arch: 'x86_64', os.version: '10.13.6', java.version: '1.8.0_181'
Driver info: com.kms.katalon.core.webui.driver.firefox.CGeckoDriver
Capabilities {acceptInsecureCerts: true, browserName: firefox, browserVersion: 67.0.3, javascriptEnabled: true, moz:accessibilityChecks: false, moz:buildID: 20190618025334, moz:geckodriverVersion: 0.23.0, moz:headless: false, moz:processID: 2937, moz:profile: /var/folders/1t/c55l8xzs6gq..., moz:shutdownTimeout: 60000, moz:useNonSpecCompliantPointerOrigin: false, moz:webdriverClick: true, pageLoadStrategy: normal, platform: MAC, platformName: MAC, platformVersion: 17.7.0, proxy: Proxy(direct), rotatable: false, setWindowRect: true, strictFileInteractability: false, timeouts: {implicit: 0, pageLoad: 300000, script: 30000}, unhandledPromptBehavior: dismiss and notify}
Session ID: df854262-1369-b44b-9113-15841da2196d)

2019-06-21 14:11:14 - [MESSAGE][FAILED] - Unable to click on object 'Object Repository/OCS-DESKTOP/Product page/Swatch_7g' (Root cause: org.openqa.selenium.ElementClickInterceptedException: Element <span class="swatch__title"> is not clickable at point (1028,635) because another element <li class="swatch swatch--weight"> obscures it
Build info: version: '3.7.1', revision: '8a0099a', time: '2017-11-06T21:07:36.161Z'
System info: host: 'sumans-MacBook-Pro.local', ip: '2601:87:0:879f:0:0:0:1e84%en0', os.name: 'Mac OS X', os.arch: 'x86_64', os.version: '10.13.6', java.version: '1.8.0_181'
Driver info: com.kms.katalon.core.webui.driver.firefox.CGeckoDriver
Capabilities {acceptInsecureCerts: true, browserName: firefox, browserVersion: 67.0.3, javascriptEnabled: true, moz:accessibilityChecks: false, moz:buildID: 20190618025334, moz:geckodriverVersion: 0.23.0, moz:headless: false, moz:processID: 2937, moz:profile: /var/folders/1t/c55l8xzs6gq..., moz:shutdownTimeout: 60000, moz:useNonSpecCompliantPointerOrigin: false, moz:webdriverClick: true, pageLoadStrategy: normal, platform: MAC, platformName: MAC, platformVersion: 17.7.0, proxy: Proxy(direct), rotatable: false, setWindowRect: true, strictFileInteractability: false, timeouts: {implicit: 0, pageLoad: 300000, script: 30000}, unhandledPromptBehavior: dismiss and notify}
Session ID: df854262-1369-b44b-9113-15841da2196d)
[[ATTACHMENT|/Users/sumankompelly/Relative xpath-Desktop/Reports/OCS-1.11/20190621_135030/1561140674406.png]]

2019-06-21 14:11:14 - [TEST_STEP][PASSED] - delay(1): Delayed 1 second(s)

2019-06-21 14:11:15 - [MESSAGE][PASSED] - Delayed 1 second(s)

2019-06-21 14:11:15 - [TEST_STEP][PASSED] - takeScreenshot(): Taking screenshot successfully

2019-06-21 14:11:15 - [MESSAGE][PASSED] - Taking screenshot successfully
[[ATTACHMENT|/Users/sumankompelly/Relative xpath-Desktop/Reports/OCS-1.11/20190621_135030/1561140675580.png]]

2019-06-21 14:11:15 - [TEST_STEP][PASSED] - delay(1): Delayed 1 second(s)

2019-06-21 14:11:16 - [MESSAGE][PASSED] - Delayed 1 second(s)

2019-06-21 14:11:16 - [TEST_STEP][FAILED] - closeBrowser(): if (flag3 == true) FAILED.
Reason:
com.kms.katalon.core.exception.StepFailedException: Unable to click on object 'Object Repository/OCS-DESKTOP/Product page/Swatch_1g' (Root cause: org.openqa.selenium.ElementClickInterceptedException: Element <span class="swatch__title"> is not clickable at point (874,635) because another element <li class="swatch swatch--weight"> obscures it
Build info: version: '3.7.1', revision: '8a0099a', time: '2017-11-06T21:07:36.161Z'
System info: host: 'sumans-MacBook-Pro.local', ip: '2601:87:0:879f:0:0:0:1e84%en0', os.name: 'Mac OS X', os.arch: 'x86_64', os.version: '10.13.6', java.version: '1.8.0_181'
Driver info: com.kms.katalon.core.webui.driver.firefox.CGeckoDriver
Capabilities {acceptInsecureCerts: true, browserName: firefox, browserVersion: 67.0.3, javascriptEnabled: true, moz:accessibilityChecks: false, moz:buildID: 20190618025334, moz:geckodriverVersion: 0.23.0, moz:headless: false, moz:processID: 2937, moz:profile: /var/folders/1t/c55l8xzs6gq..., moz:shutdownTimeout: 60000, moz:useNonSpecCompliantPointerOrigin: false, moz:webdriverClick: true, pageLoadStrategy: normal, platform: MAC, platformName: MAC, platformVersion: 17.7.0, proxy: Proxy(direct), rotatable: false, setWindowRect: true, strictFileInteractability: false, timeouts: {implicit: 0, pageLoad: 300000, script: 30000}, unhandledPromptBehavior: dismiss and notify}
Session ID: df854262-1369-b44b-9113-15841da2196d)
	at com.kms.katalon.core.keyword.internal.KeywordMain.stepFailed(KeywordMain.groovy:32)
	at com.kms.katalon.core.webui.keyword.internal.WebUIKeywordMain.stepFailed(WebUIKeywordMain.groovy:65)
	at com.kms.katalon.core.webui.keyword.internal.WebUIKeywordMain.runKeyword(WebUIKeywordMain.groovy:27)
	at com.kms.katalon.core.webui.keyword.builtin.ClickKeyword.click(ClickKeyword.groovy:86)
	at com.kms.katalon.core.webui.keyword.builtin.ClickKeyword.execute(ClickKeyword.groovy:67)
	at com.kms.katalon.core.keyword.internal.KeywordExecutor.executeKeywordForPlatform(KeywordExecutor.groovy:53)
	at com.kms.katalon.core.webui.keyword.WebUiBuiltInKeywords.click(WebUiBuiltInKeywords.groovy:604)
	at com.kms.katalon.core.webui.keyword.WebUiBuiltInKeywords$click$7.call(Unknown Source)
	at variants selector.run(variants selector:36)
	at com.kms.katalon.core.main.ScriptEngine.run(ScriptEngine.java:194)
	at com.kms.katalon.core.main.ScriptEngine.runScriptAsRawText(ScriptEngine.java:119)
	at com.kms.katalon.core.main.TestCaseExecutor.runScript(TestCaseExecutor.java:328)
	at com.kms.katalon.core.main.TestCaseExecutor.doExecute(TestCaseExecutor.java:319)
	at com.kms.katalon.core.main.TestCaseExecutor.processExecutionPhase(TestCaseExecutor.java:298)
	at com.kms.katalon.core.main.TestCaseExecutor.accessMainPhase(TestCaseExecutor.java:290)
	at com.kms.katalon.core.main.TestCaseExecutor.execute(TestCaseExecutor.java:224)
	at com.kms.katalon.core.main.TestSuiteExecutor.accessTestCaseMainPhase(TestSuiteExecutor.java:129)
	at com.kms.katalon.core.main.TestSuiteExecutor.accessTestSuiteMainPhase(TestSuiteExecutor.java:112)
	at com.kms.katalon.core.main.TestSuiteExecutor.execute(TestSuiteExecutor.java:81)
	at com.kms.katalon.core.main.TestCaseMain.startTestSuite(TestCaseMain.java:149)
	at com.kms.katalon.core.main.TestCaseMain$startTestSuite$0.call(Unknown Source)
	at TempTestSuite1561139430530.run(TempTestSuite1561139430530.groovy:36)


2019-06-21 14:11:16 - [MESSAGE][NOT_RUN] - NOT_RUN: closeBrowser()

2019-06-21 14:11:16 - [MESSAGE][FAILED] - if (flag3 == true) FAILED.
Reason:
com.kms.katalon.core.exception.StepFailedException: Unable to click on object 'Object Repository/OCS-DESKTOP/Product page/Swatch_1g' (Root cause: org.openqa.selenium.ElementClickInterceptedException: Element <span class="swatch__title"> is not clickable at point (874,635) because another element <li class="swatch swatch--weight"> obscures it
Build info: version: '3.7.1', revision: '8a0099a', time: '2017-11-06T21:07:36.161Z'
System info: host: 'sumans-MacBook-Pro.local', ip: '2601:87:0:879f:0:0:0:1e84%en0', os.name: 'Mac OS X', os.arch: 'x86_64', os.version: '10.13.6', java.version: '1.8.0_181'
Driver info: com.kms.katalon.core.webui.driver.firefox.CGeckoDriver
Capabilities {acceptInsecureCerts: true, browserName: firefox, browserVersion: 67.0.3, javascriptEnabled: true, moz:accessibilityChecks: false, moz:buildID: 20190618025334, moz:geckodriverVersion: 0.23.0, moz:headless: false, moz:processID: 2937, moz:profile: /var/folders/1t/c55l8xzs6gq..., moz:shutdownTimeout: 60000, moz:useNonSpecCompliantPointerOrigin: false, moz:webdriverClick: true, pageLoadStrategy: normal, platform: MAC, platformName: MAC, platformVersion: 17.7.0, proxy: Proxy(direct), rotatable: false, setWindowRect: true, strictFileInteractability: false, timeouts: {implicit: 0, pageLoad: 300000, script: 30000}, unhandledPromptBehavior: dismiss and notify}
Session ID: df854262-1369-b44b-9113-15841da2196d)
	at com.kms.katalon.core.keyword.internal.KeywordMain.stepFailed(KeywordMain.groovy:32)
	at com.kms.katalon.core.webui.keyword.internal.WebUIKeywordMain.stepFailed(WebUIKeywordMain.groovy:65)
	at com.kms.katalon.core.webui.keyword.internal.WebUIKeywordMain.runKeyword(WebUIKeywordMain.groovy:27)
	at com.kms.katalon.core.webui.keyword.builtin.ClickKeyword.click(ClickKeyword.groovy:86)
	at com.kms.katalon.core.webui.keyword.builtin.ClickKeyword.execute(ClickKeyword.groovy:67)
	at com.kms.katalon.core.keyword.internal.KeywordExecutor.executeKeywordForPlatform(KeywordExecutor.groovy:53)
	at com.kms.katalon.core.webui.keyword.WebUiBuiltInKeywords.click(WebUiBuiltInKeywords.groovy:604)
	at com.kms.katalon.core.webui.keyword.WebUiBuiltInKeywords$click$7.call(Unknown Source)
	at variants selector.run(variants selector:36)
	at com.kms.katalon.core.main.ScriptEngine.run(ScriptEngine.java:194)
	at com.kms.katalon.core.main.ScriptEngine.runScriptAsRawText(ScriptEngine.java:119)
	at com.kms.katalon.core.main.TestCaseExecutor.runScript(TestCaseExecutor.java:328)
	at com.kms.katalon.core.main.TestCaseExecutor.doExecute(TestCaseExecutor.java:319)
	at com.kms.katalon.core.main.TestCaseExecutor.processExecutionPhase(TestCaseExecutor.java:298)
	at com.kms.katalon.core.main.TestCaseExecutor.accessMainPhase(TestCaseExecutor.java:290)
	at com.kms.katalon.core.main.TestCaseExecutor.execute(TestCaseExecutor.java:224)
	at com.kms.katalon.core.main.TestSuiteExecutor.accessTestCaseMainPhase(TestSuiteExecutor.java:129)
	at com.kms.katalon.core.main.TestSuiteExecutor.accessTestSuiteMainPhase(TestSuiteExecutor.java:112)
	at com.kms.katalon.core.main.TestSuiteExecutor.execute(TestSuiteExecutor.java:81)
	at com.kms.katalon.core.main.TestCaseMain.startTestSuite(TestCaseMain.java:149)
	at com.kms.katalon.core.main.TestCaseMain$startTestSuite$0.call(Unknown Source)
	at TempTestSuite1561139430530.run(TempTestSuite1561139430530.groovy:36)]]></system-out>
         <system-err><![CDATA[2019-06-21 14:10:17 - [TEST_CASE][FAILED] - Test Cases/OCS - DESKTOP/OCS- PRODUCT PAGE/variants selector: Test Cases/OCS - DESKTOP/OCS- PRODUCT PAGE/variants selector FAILED.
Reason:
com.kms.katalon.core.exception.StepFailedException: Unable to click on object 'Object Repository/OCS-DESKTOP/Product page/Swatch_1g' (Root cause: org.openqa.selenium.ElementClickInterceptedException: Element <span class="swatch__title"> is not clickable at point (874,635) because another element <li class="swatch swatch--weight"> obscures it
Build info: version: '3.7.1', revision: '8a0099a', time: '2017-11-06T21:07:36.161Z'
System info: host: 'sumans-MacBook-Pro.local', ip: '2601:87:0:879f:0:0:0:1e84%en0', os.name: 'Mac OS X', os.arch: 'x86_64', os.version: '10.13.6', java.version: '1.8.0_181'
Driver info: com.kms.katalon.core.webui.driver.firefox.CGeckoDriver
Capabilities {acceptInsecureCerts: true, browserName: firefox, browserVersion: 67.0.3, javascriptEnabled: true, moz:accessibilityChecks: false, moz:buildID: 20190618025334, moz:geckodriverVersion: 0.23.0, moz:headless: false, moz:processID: 2937, moz:profile: /var/folders/1t/c55l8xzs6gq..., moz:shutdownTimeout: 60000, moz:useNonSpecCompliantPointerOrigin: false, moz:webdriverClick: true, pageLoadStrategy: normal, platform: MAC, platformName: MAC, platformVersion: 17.7.0, proxy: Proxy(direct), rotatable: false, setWindowRect: true, strictFileInteractability: false, timeouts: {implicit: 0, pageLoad: 300000, script: 30000}, unhandledPromptBehavior: dismiss and notify}
Session ID: df854262-1369-b44b-9113-15841da2196d)
	at com.kms.katalon.core.keyword.internal.KeywordMain.stepFailed(KeywordMain.groovy:32)
	at com.kms.katalon.core.webui.keyword.internal.WebUIKeywordMain.stepFailed(WebUIKeywordMain.groovy:65)
	at com.kms.katalon.core.webui.keyword.internal.WebUIKeywordMain.runKeyword(WebUIKeywordMain.groovy:27)
	at com.kms.katalon.core.webui.keyword.builtin.ClickKeyword.click(ClickKeyword.groovy:86)
	at com.kms.katalon.core.webui.keyword.builtin.ClickKeyword.execute(ClickKeyword.groovy:67)
	at com.kms.katalon.core.keyword.internal.KeywordExecutor.executeKeywordForPlatform(KeywordExecutor.groovy:53)
	at com.kms.katalon.core.webui.keyword.WebUiBuiltInKeywords.click(WebUiBuiltInKeywords.groovy:604)
	at com.kms.katalon.core.webui.keyword.WebUiBuiltInKeywords$click$7.call(Unknown Source)
	at variants selector.run(variants selector:36)
	at com.kms.katalon.core.main.ScriptEngine.run(ScriptEngine.java:194)
	at com.kms.katalon.core.main.ScriptEngine.runScriptAsRawText(ScriptEngine.java:119)
	at com.kms.katalon.core.main.TestCaseExecutor.runScript(TestCaseExecutor.java:328)
	at com.kms.katalon.core.main.TestCaseExecutor.doExecute(TestCaseExecutor.java:319)
	at com.kms.katalon.core.main.TestCaseExecutor.processExecutionPhase(TestCaseExecutor.java:298)
	at com.kms.katalon.core.main.TestCaseExecutor.accessMainPhase(TestCaseExecutor.java:290)
	at com.kms.katalon.core.main.TestCaseExecutor.execute(TestCaseExecutor.java:224)
	at com.kms.katalon.core.main.TestSuiteExecutor.accessTestCaseMainPhase(TestSuiteExecutor.java:129)
	at com.kms.katalon.core.main.TestSuiteExecutor.accessTestSuiteMainPhase(TestSuiteExecutor.java:112)
	at com.kms.katalon.core.main.TestSuiteExecutor.execute(TestSuiteExecutor.java:81)
	at com.kms.katalon.core.main.TestCaseMain.startTestSuite(TestCaseMain.java:149)
	at com.kms.katalon.core.main.TestCaseMain$startTestSuite$0.call(Unknown Source)
	at TempTestSuite1561139430530.run(TempTestSuite1561139430530.groovy:36)]]></system-err>
      </testcase>
      <testcase name="Test Cases/OCS - DESKTOP/OCS- PRODUCT PAGE/How to choose cannbis products" classname="Test Cases/OCS - DESKTOP/OCS- PRODUCT PAGE/How to choose cannbis products" status="PASSED">
         <system-out><![CDATA[2019-06-21 14:11:16 - [TEST_CASE][PASSED] - Test Cases/OCS - DESKTOP/OCS- PRODUCT PAGE/How to choose cannbis products: Test Cases/OCS - DESKTOP/OCS- PRODUCT PAGE/How to choose cannbis products

2019-06-21 14:11:16 - [TEST_STEP][PASSED] - callTestCase(findTestCase("OCS - DESKTOP/CALL - PDP"), [:], STOP_ON_FAILURE): Call Test Case 'Test Cases/OCS - DESKTOP/CALL - PDP' successfully

2019-06-21 14:11:16 - [TEST_CASE][PASSED] - Test Cases/OCS - DESKTOP/CALL - PDP: Test Cases/OCS - DESKTOP/CALL - PDP

2019-06-21 14:11:16 - [TEST_STEP][PASSED] - openBrowser(""): Browser is opened with url: ''

2019-06-21 14:11:16 - [MESSAGE][WARNING] - A browser is already opened. Closing browser and opening a new one

2019-06-21 14:11:17 - [MESSAGE][INFO] - Starting 'Firefox' driver

2019-06-21 14:11:19 - [MESSAGE][PASSED] - Browser is opened with url: ''

2019-06-21 14:11:19 - [TEST_STEP][PASSED] - navigateToUrl("https://ocs.ca/?fts=0&preview_theme_id=74057975628"): Navigate to 'https://ocs.ca/?fts=0&preview_theme_id=74057975628' successfully

2019-06-21 14:11:29 - [MESSAGE][PASSED] - Navigate to 'https://ocs.ca/?fts=0&preview_theme_id=74057975628' successfully

2019-06-21 14:11:29 - [TEST_STEP][PASSED] - maximizeWindow(): Current window maximized

2019-06-21 14:11:30 - [MESSAGE][PASSED] - Current window maximized

2019-06-21 14:11:30 - [TEST_STEP][PASSED] - executeJavaScript("var previewBar = document.getElementById("preview-bar-iframe"); previewBar.style.display = "none";", []): Execute JavaScript 'var previewBar = document.getElementById("preview-bar-iframe"); previewBar.style.display = "none";' successfully

2019-06-21 14:11:30 - [MESSAGE][PASSED] - Execute JavaScript 'var previewBar = document.getElementById("preview-bar-iframe"); previewBar.style.display = "none";' successfully

2019-06-21 14:11:30 - [TEST_STEP][PASSED] - delay(4): Delayed 4 second(s)

2019-06-21 14:11:34 - [MESSAGE][PASSED] - Delayed 4 second(s)

2019-06-21 14:11:34 - [TEST_STEP][PASSED] - selectOptionByValue(findTestObject("OCS-DESKTOP/Age gate and Mega menu/Date"), "12", true): All options with value '12' are selected in object 'Object Repository/OCS-DESKTOP/Age gate and Mega menu/Date'  using regular expression

2019-06-21 14:11:34 - [MESSAGE][PASSED] - All options with value '12' are selected in object 'Object Repository/OCS-DESKTOP/Age gate and Mega menu/Date'  using regular expression

2019-06-21 14:11:34 - [TEST_STEP][PASSED] - selectOptionByValue(findTestObject("OCS-DESKTOP/Age gate and Mega menu/month"), "6", true): All options with value '6' are selected in object 'Object Repository/OCS-DESKTOP/Age gate and Mega menu/month'  using regular expression

2019-06-21 14:11:35 - [MESSAGE][PASSED] - All options with value '6' are selected in object 'Object Repository/OCS-DESKTOP/Age gate and Mega menu/month'  using regular expression

2019-06-21 14:11:35 - [TEST_STEP][PASSED] - delay(2): Delayed 2 second(s)

2019-06-21 14:11:37 - [MESSAGE][PASSED] - Delayed 2 second(s)

2019-06-21 14:11:37 - [TEST_STEP][PASSED] - selectOptionByValue(findTestObject("OCS-DESKTOP/Age gate and Mega menu/Year Dropdown"), "1990", true): All options with value '1990' are selected in object 'Object Repository/OCS-DESKTOP/Age gate and Mega menu/Year Dropdown'  using regular expression

2019-06-21 14:11:38 - [MESSAGE][PASSED] - All options with value '1990' are selected in object 'Object Repository/OCS-DESKTOP/Age gate and Mega menu/Year Dropdown'  using regular expression

2019-06-21 14:11:38 - [TEST_STEP][PASSED] - click(findTestObject("OCS-DESKTOP/Age gate and Mega menu/button_Verify")): Object: 'Object Repository/OCS-DESKTOP/Age gate and Mega menu/button_Verify' is clicked on

2019-06-21 14:11:39 - [MESSAGE][PASSED] - Object: 'Object Repository/OCS-DESKTOP/Age gate and Mega menu/button_Verify' is clicked on

2019-06-21 14:11:39 - [TEST_STEP][PASSED] - click(findTestObject("OCS-DESKTOP/Age gate and Mega menu/Checkbox_CONFIRM AND ACKNOWLEDGE")): Object: 'Object Repository/OCS-DESKTOP/Age gate and Mega menu/Checkbox_CONFIRM AND ACKNOWLEDGE' is clicked on

2019-06-21 14:11:39 - [MESSAGE][PASSED] - Object: 'Object Repository/OCS-DESKTOP/Age gate and Mega menu/Checkbox_CONFIRM AND ACKNOWLEDGE' is clicked on

2019-06-21 14:11:39 - [TEST_STEP][PASSED] - click(findTestObject("OCS-DESKTOP/Age gate and Mega menu/button_CONFIRM")): Object: 'Object Repository/OCS-DESKTOP/Age gate and Mega menu/button_CONFIRM' is clicked on

2019-06-21 14:11:39 - [MESSAGE][PASSED] - Object: 'Object Repository/OCS-DESKTOP/Age gate and Mega menu/button_CONFIRM' is clicked on

2019-06-21 14:11:39 - [TEST_STEP][PASSED] - click(findTestObject("OCS-DESKTOP/Age gate and Mega menu/button_Start Browsing")): Object: 'Object Repository/OCS-DESKTOP/Age gate and Mega menu/button_Start Browsing' is clicked on

2019-06-21 14:11:39 - [MESSAGE][PASSED] - Object: 'Object Repository/OCS-DESKTOP/Age gate and Mega menu/button_Start Browsing' is clicked on

2019-06-21 14:11:39 - [TEST_STEP][PASSED] - refresh(): Refresh successfully

2019-06-21 14:11:44 - [MESSAGE][PASSED] - Refresh successfully

2019-06-21 14:11:44 - [TEST_STEP][PASSED] - delay(2): Delayed 2 second(s)

2019-06-21 14:11:46 - [MESSAGE][PASSED] - Delayed 2 second(s)

2019-06-21 14:11:46 - [TEST_STEP][PASSED] - mouseOver(findTestObject("OCS-DESKTOP/Age gate and Mega menu/Header/CANNABIS menu - English")): Object: 'Object Repository/OCS-DESKTOP/Age gate and Mega menu/Header/CANNABIS menu - English' is hovered

2019-06-21 14:11:46 - [MESSAGE][PASSED] - Object: 'Object Repository/OCS-DESKTOP/Age gate and Mega menu/Header/CANNABIS menu - English' is hovered

2019-06-21 14:11:46 - [TEST_STEP][PASSED] - delay(2): Delayed 2 second(s)

2019-06-21 14:11:48 - [MESSAGE][PASSED] - Delayed 2 second(s)

2019-06-21 14:11:48 - [TEST_STEP][PASSED] - click(findTestObject("OCS-DESKTOP/Age gate and Mega menu/Indica Dominant_Menu item")): Object: 'Object Repository/OCS-DESKTOP/Age gate and Mega menu/Indica Dominant_Menu item' is clicked on

2019-06-21 14:11:50 - [MESSAGE][PASSED] - Object: 'Object Repository/OCS-DESKTOP/Age gate and Mega menu/Indica Dominant_Menu item' is clicked on

2019-06-21 14:11:50 - [TEST_STEP][PASSED] - delay(2): Delayed 2 second(s)

2019-06-21 14:11:52 - [MESSAGE][PASSED] - Delayed 2 second(s)

2019-06-21 14:11:52 - [TEST_STEP][PASSED] - scrollToElement(findTestObject("OCS-DESKTOP/Collection page/Product image - 1st one"), 0): Scroll to object 'Object Repository/OCS-DESKTOP/Collection page/Product image - 1st one' successfully

2019-06-21 14:11:52 - [MESSAGE][WARNING] - Timeout '0' is invalid. Using default page load timeout: '30'

2019-06-21 14:11:52 - [MESSAGE][PASSED] - Scroll to object 'Object Repository/OCS-DESKTOP/Collection page/Product image - 1st one' successfully

2019-06-21 14:11:52 - [TEST_STEP][PASSED] - delay(2): Delayed 2 second(s)

2019-06-21 14:11:54 - [MESSAGE][PASSED] - Delayed 2 second(s)

2019-06-21 14:11:54 - [TEST_STEP][PASSED] - click(findTestObject("OCS-DESKTOP/Collection page/Product image - 1st one")): Object: 'Object Repository/OCS-DESKTOP/Collection page/Product image - 1st one' is clicked on

2019-06-21 14:11:56 - [MESSAGE][PASSED] - Object: 'Object Repository/OCS-DESKTOP/Collection page/Product image - 1st one' is clicked on

2019-06-21 14:11:56 - [TEST_STEP][PASSED] - executeJavaScript("var previewBar = document.getElementById("preview-bar-iframe"); previewBar.style.display = "none";", []): Execute JavaScript 'var previewBar = document.getElementById("preview-bar-iframe"); previewBar.style.display = "none";' successfully

2019-06-21 14:11:56 - [MESSAGE][PASSED] - Execute JavaScript 'var previewBar = document.getElementById("preview-bar-iframe"); previewBar.style.display = "none";' successfully

2019-06-21 14:11:56 - [TEST_STEP][PASSED] - delay(2): Delayed 2 second(s)

2019-06-21 14:11:58 - [MESSAGE][PASSED] - Delayed 2 second(s)

2019-06-21 14:11:58 - [MESSAGE][PASSED] - Call Test Case 'Test Cases/OCS - DESKTOP/CALL - PDP' successfully

2019-06-21 14:11:58 - [TEST_STEP][NOT_RUN] - scrollToElement(findTestObject("OCS-MOBILE /Product page/How to choose cannabis product - Section"), 2): NOT_RUN: scrollToElement(findTestObject("OCS-MOBILE /Product page/How to choose cannabis product - Section"), 2)

2019-06-21 14:11:58 - [MESSAGE][NOT_RUN] - NOT_RUN: scrollToElement(findTestObject("OCS-MOBILE /Product page/How to choose cannabis product - Section"), 2)

2019-06-21 14:11:58 - [TEST_STEP][PASSED] - click(findTestObject("OCS-DESKTOP/Product page/How to choose cannabis product - Button")): Object: 'Object Repository/OCS-DESKTOP/Product page/How to choose cannabis product - Button' is clicked on

2019-06-21 14:12:03 - [MESSAGE][PASSED] - Object: 'Object Repository/OCS-DESKTOP/Product page/How to choose cannabis product - Button' is clicked on

2019-06-21 14:12:03 - [TEST_STEP][PASSED] - a = getWindowTitle(): Current window's title is: 'Factors in Choosing Cannabis Products | Ontario Cannabis Store'

2019-06-21 14:12:03 - [MESSAGE][PASSED] - Current window's title is: 'Factors in Choosing Cannabis Products | Ontario Cannabis Store'

2019-06-21 14:12:03 - [TEST_STEP][PASSED] - b = "Factors in Choosing Cannabis Products | Ontario Cannabis Store": null

2019-06-21 14:12:03 - [TEST_STEP][PASSED] - comment("WINDOW TITLE IS: " + a): WINDOW TITLE IS: Factors in Choosing Cannabis Products | Ontario Cannabis Store

2019-06-21 14:12:03 - [MESSAGE][INFO] - WINDOW TITLE IS: Factors in Choosing Cannabis Products | Ontario Cannabis Store

2019-06-21 14:12:03 - [TEST_STEP][PASSED] - if (a == b): TITLE IS SAME

2019-06-21 14:12:03 - [TEST_STEP][PASSED] - comment("TITLE IS SAME"): TITLE IS SAME

2019-06-21 14:12:03 - [MESSAGE][INFO] - TITLE IS SAME

2019-06-21 14:12:03 - [TEST_STEP][PASSED] - back(): Navigate back successfully

2019-06-21 14:12:05 - [MESSAGE][PASSED] - Navigate back successfully]]></system-out>
         <system-err><![CDATA[]]></system-err>
      </testcase>
      <testcase name="Test Cases/OCS - DESKTOP/OCS-AGE GATE/AG- Under Age" classname="Test Cases/OCS - DESKTOP/OCS-AGE GATE/AG- Under Age" status="PASSED">
         <system-out><![CDATA[2019-06-21 14:12:05 - [TEST_CASE][PASSED] - Test Cases/OCS - DESKTOP/OCS-AGE GATE/AG- Under Age: Test Cases/OCS - DESKTOP/OCS-AGE GATE/AG- Under Age

2019-06-21 14:12:05 - [TEST_STEP][PASSED] - openBrowser(""): Browser is opened with url: ''

2019-06-21 14:12:05 - [MESSAGE][WARNING] - A browser is already opened. Closing browser and opening a new one

2019-06-21 14:12:06 - [MESSAGE][INFO] - Starting 'Firefox' driver

2019-06-21 14:12:09 - [MESSAGE][PASSED] - Browser is opened with url: ''

2019-06-21 14:12:09 - [TEST_STEP][PASSED] - navigateToUrl("https://ocs.ca/?fts=0&preview_theme_id=53376026444"): Navigate to 'https://ocs.ca/?fts=0&preview_theme_id=53376026444' successfully

2019-06-21 14:12:18 - [MESSAGE][PASSED] - Navigate to 'https://ocs.ca/?fts=0&preview_theme_id=53376026444' successfully

2019-06-21 14:12:18 - [TEST_STEP][PASSED] - executeJavaScript("var previewBar = document.getElementById("preview-bar-iframe"); previewBar.style.display = "none";", []): Execute JavaScript 'var previewBar = document.getElementById("preview-bar-iframe"); previewBar.style.display = "none";' successfully

2019-06-21 14:12:18 - [MESSAGE][PASSED] - Execute JavaScript 'var previewBar = document.getElementById("preview-bar-iframe"); previewBar.style.display = "none";' successfully

2019-06-21 14:12:18 - [TEST_STEP][PASSED] - selectOptionByValue(findTestObject("OCS-DESKTOP/Age gate and Mega menu/Date"), "12", true): All options with value '12' are selected in object 'Object Repository/OCS-DESKTOP/Age gate and Mega menu/Date'  using regular expression

2019-06-21 14:12:19 - [MESSAGE][PASSED] - All options with value '12' are selected in object 'Object Repository/OCS-DESKTOP/Age gate and Mega menu/Date'  using regular expression

2019-06-21 14:12:19 - [TEST_STEP][PASSED] - selectOptionByValue(findTestObject("OCS-DESKTOP/Age gate and Mega menu/month"), "6", true): All options with value '6' are selected in object 'Object Repository/OCS-DESKTOP/Age gate and Mega menu/month'  using regular expression

2019-06-21 14:12:19 - [MESSAGE][PASSED] - All options with value '6' are selected in object 'Object Repository/OCS-DESKTOP/Age gate and Mega menu/month'  using regular expression

2019-06-21 14:12:19 - [TEST_STEP][PASSED] - delay(2): Delayed 2 second(s)

2019-06-21 14:12:21 - [MESSAGE][PASSED] - Delayed 2 second(s)

2019-06-21 14:12:21 - [TEST_STEP][PASSED] - selectOptionByValue(findTestObject("OCS-DESKTOP/Age gate and Mega menu/Year Dropdown"), "2017", true): All options with value '2017' are selected in object 'Object Repository/OCS-DESKTOP/Age gate and Mega menu/Year Dropdown'  using regular expression

2019-06-21 14:12:22 - [MESSAGE][PASSED] - All options with value '2017' are selected in object 'Object Repository/OCS-DESKTOP/Age gate and Mega menu/Year Dropdown'  using regular expression

2019-06-21 14:12:22 - [TEST_STEP][PASSED] - click(findTestObject("OCS-DESKTOP/Age gate and Mega menu/button_Verify")): Object: 'Object Repository/OCS-DESKTOP/Age gate and Mega menu/button_Verify' is clicked on

2019-06-21 14:12:23 - [MESSAGE][PASSED] - Object: 'Object Repository/OCS-DESKTOP/Age gate and Mega menu/button_Verify' is clicked on

2019-06-21 14:12:23 - [TEST_STEP][PASSED] - click(findTestObject("OCS-DESKTOP/Age gate and Mega menu/Checkbox_CONFIRM AND ACKNOWLEDGE")): Object: 'Object Repository/OCS-DESKTOP/Age gate and Mega menu/Checkbox_CONFIRM AND ACKNOWLEDGE' is clicked on

2019-06-21 14:12:23 - [MESSAGE][PASSED] - Object: 'Object Repository/OCS-DESKTOP/Age gate and Mega menu/Checkbox_CONFIRM AND ACKNOWLEDGE' is clicked on

2019-06-21 14:12:23 - [TEST_STEP][PASSED] - click(findTestObject("OCS-DESKTOP/Age gate and Mega menu/button_CONFIRM")): Object: 'Object Repository/OCS-DESKTOP/Age gate and Mega menu/button_CONFIRM' is clicked on

2019-06-21 14:12:23 - [MESSAGE][PASSED] - Object: 'Object Repository/OCS-DESKTOP/Age gate and Mega menu/button_CONFIRM' is clicked on

2019-06-21 14:12:23 - [TEST_STEP][PASSED] - delay(3): Delayed 3 second(s)

2019-06-21 14:12:26 - [MESSAGE][PASSED] - Delayed 3 second(s)

2019-06-21 14:12:26 - [TEST_STEP][PASSED] - click(findTestObject("OCS-DESKTOP/Age gate and Mega menu/Oops Im actually 19 or older - Link")): Object: 'Object Repository/OCS-DESKTOP/Age gate and Mega menu/Oops Im actually 19 or older - Link' is clicked on

2019-06-21 14:12:26 - [MESSAGE][PASSED] - Object: 'Object Repository/OCS-DESKTOP/Age gate and Mega menu/Oops Im actually 19 or older - Link' is clicked on

2019-06-21 14:12:26 - [TEST_STEP][PASSED] - selectOptionByValue(findTestObject("OCS-DESKTOP/Age gate and Mega menu/Date"), "5", true): All options with value '5' are selected in object 'Object Repository/OCS-DESKTOP/Age gate and Mega menu/Date'  using regular expression

2019-06-21 14:12:27 - [MESSAGE][PASSED] - All options with value '5' are selected in object 'Object Repository/OCS-DESKTOP/Age gate and Mega menu/Date'  using regular expression

2019-06-21 14:12:27 - [TEST_STEP][PASSED] - selectOptionByValue(findTestObject("OCS-DESKTOP/Age gate and Mega menu/month"), "6", true): All options with value '6' are selected in object 'Object Repository/OCS-DESKTOP/Age gate and Mega menu/month'  using regular expression

2019-06-21 14:12:27 - [MESSAGE][PASSED] - All options with value '6' are selected in object 'Object Repository/OCS-DESKTOP/Age gate and Mega menu/month'  using regular expression

2019-06-21 14:12:27 - [TEST_STEP][PASSED] - selectOptionByValue(findTestObject("OCS-DESKTOP/Age gate and Mega menu/Year Dropdown"), "1970", true): All options with value '1970' are selected in object 'Object Repository/OCS-DESKTOP/Age gate and Mega menu/Year Dropdown'  using regular expression

2019-06-21 14:12:29 - [MESSAGE][PASSED] - All options with value '1970' are selected in object 'Object Repository/OCS-DESKTOP/Age gate and Mega menu/Year Dropdown'  using regular expression

2019-06-21 14:12:29 - [TEST_STEP][PASSED] - click(findTestObject("OCS-DESKTOP/Age gate and Mega menu/button_Verify")): Object: 'Object Repository/OCS-DESKTOP/Age gate and Mega menu/button_Verify' is clicked on

2019-06-21 14:12:29 - [MESSAGE][PASSED] - Object: 'Object Repository/OCS-DESKTOP/Age gate and Mega menu/button_Verify' is clicked on

2019-06-21 14:12:29 - [TEST_STEP][PASSED] - click(findTestObject("OCS-DESKTOP/Age gate and Mega menu/Checkbox_CONFIRM AND ACKNOWLEDGE")): Object: 'Object Repository/OCS-DESKTOP/Age gate and Mega menu/Checkbox_CONFIRM AND ACKNOWLEDGE' is clicked on

2019-06-21 14:12:30 - [MESSAGE][PASSED] - Object: 'Object Repository/OCS-DESKTOP/Age gate and Mega menu/Checkbox_CONFIRM AND ACKNOWLEDGE' is clicked on

2019-06-21 14:12:30 - [TEST_STEP][PASSED] - click(findTestObject("OCS-DESKTOP/Age gate and Mega menu/button_CONFIRM")): Object: 'Object Repository/OCS-DESKTOP/Age gate and Mega menu/button_CONFIRM' is clicked on

2019-06-21 14:12:30 - [MESSAGE][PASSED] - Object: 'Object Repository/OCS-DESKTOP/Age gate and Mega menu/button_CONFIRM' is clicked on

2019-06-21 14:12:30 - [TEST_STEP][PASSED] - click(findTestObject("OCS-DESKTOP/Age gate and Mega menu/button_Start Browsing")): Object: 'Object Repository/OCS-DESKTOP/Age gate and Mega menu/button_Start Browsing' is clicked on

2019-06-21 14:12:30 - [MESSAGE][PASSED] - Object: 'Object Repository/OCS-DESKTOP/Age gate and Mega menu/button_Start Browsing' is clicked on

2019-06-21 14:12:30 - [TEST_STEP][PASSED] - delay(3): Delayed 3 second(s)

2019-06-21 14:12:33 - [MESSAGE][PASSED] - Delayed 3 second(s)

2019-06-21 14:12:33 - [TEST_STEP][PASSED] - closeBrowser(): Browser is closed

2019-06-21 14:12:34 - [MESSAGE][PASSED] - Browser is closed]]></system-out>
         <system-err><![CDATA[]]></system-err>
      </testcase>
      <testcase name="Test Cases/OCS - DESKTOP/OCS-AGE GATE/AG - Date correction" classname="Test Cases/OCS - DESKTOP/OCS-AGE GATE/AG - Date correction" status="PASSED">
         <system-out><![CDATA[2019-06-21 14:12:34 - [TEST_CASE][PASSED] - Test Cases/OCS - DESKTOP/OCS-AGE GATE/AG - Date correction: Test Cases/OCS - DESKTOP/OCS-AGE GATE/AG - Date correction

2019-06-21 14:12:34 - [TEST_STEP][PASSED] - openBrowser(""): Browser is opened with url: ''

2019-06-21 14:12:34 - [MESSAGE][INFO] - Starting 'Firefox' driver

2019-06-21 14:12:36 - [MESSAGE][PASSED] - Browser is opened with url: ''

2019-06-21 14:12:36 - [TEST_STEP][PASSED] - navigateToUrl("https://ocs.ca/?fts=0&preview_theme_id=53376026444"): Navigate to 'https://ocs.ca/?fts=0&preview_theme_id=53376026444' successfully

2019-06-21 14:12:42 - [MESSAGE][PASSED] - Navigate to 'https://ocs.ca/?fts=0&preview_theme_id=53376026444' successfully

2019-06-21 14:12:42 - [TEST_STEP][PASSED] - executeJavaScript("var previewBar = document.getElementById("preview-bar-iframe"); previewBar.style.display = "none";", []): Execute JavaScript 'var previewBar = document.getElementById("preview-bar-iframe"); previewBar.style.display = "none";' successfully

2019-06-21 14:12:42 - [MESSAGE][PASSED] - Execute JavaScript 'var previewBar = document.getElementById("preview-bar-iframe"); previewBar.style.display = "none";' successfully

2019-06-21 14:12:42 - [TEST_STEP][PASSED] - selectOptionByValue(findTestObject("OCS-DESKTOP/Age gate and Mega menu/Date"), "12", true): All options with value '12' are selected in object 'Object Repository/OCS-DESKTOP/Age gate and Mega menu/Date'  using regular expression

2019-06-21 14:12:42 - [MESSAGE][PASSED] - All options with value '12' are selected in object 'Object Repository/OCS-DESKTOP/Age gate and Mega menu/Date'  using regular expression

2019-06-21 14:12:42 - [TEST_STEP][PASSED] - selectOptionByValue(findTestObject("OCS-DESKTOP/Age gate and Mega menu/month"), "6", true): All options with value '6' are selected in object 'Object Repository/OCS-DESKTOP/Age gate and Mega menu/month'  using regular expression

2019-06-21 14:12:43 - [MESSAGE][PASSED] - All options with value '6' are selected in object 'Object Repository/OCS-DESKTOP/Age gate and Mega menu/month'  using regular expression

2019-06-21 14:12:43 - [TEST_STEP][PASSED] - delay(2): Delayed 2 second(s)

2019-06-21 14:12:45 - [MESSAGE][PASSED] - Delayed 2 second(s)

2019-06-21 14:12:45 - [TEST_STEP][PASSED] - selectOptionByValue(findTestObject("OCS-DESKTOP/Age gate and Mega menu/Year Dropdown"), "1990", true): All options with value '1990' are selected in object 'Object Repository/OCS-DESKTOP/Age gate and Mega menu/Year Dropdown'  using regular expression

2019-06-21 14:12:46 - [MESSAGE][PASSED] - All options with value '1990' are selected in object 'Object Repository/OCS-DESKTOP/Age gate and Mega menu/Year Dropdown'  using regular expression

2019-06-21 14:12:46 - [TEST_STEP][PASSED] - delay(3): Delayed 3 second(s)

2019-06-21 14:12:49 - [MESSAGE][PASSED] - Delayed 3 second(s)

2019-06-21 14:12:49 - [TEST_STEP][PASSED] - click(findTestObject("OCS-DESKTOP/Age gate and Mega menu/button_Verify")): Object: 'Object Repository/OCS-DESKTOP/Age gate and Mega menu/button_Verify' is clicked on

2019-06-21 14:12:50 - [MESSAGE][PASSED] - Object: 'Object Repository/OCS-DESKTOP/Age gate and Mega menu/button_Verify' is clicked on

2019-06-21 14:12:50 - [TEST_STEP][PASSED] - delay(1): Delayed 1 second(s)

2019-06-21 14:12:51 - [MESSAGE][PASSED] - Delayed 1 second(s)

2019-06-21 14:12:51 - [TEST_STEP][PASSED] - click(findTestObject("OCS-DESKTOP/Age gate and Mega menu/a_Correct your date of birth")): Object: 'Object Repository/OCS-DESKTOP/Age gate and Mega menu/a_Correct your date of birth' is clicked on

2019-06-21 14:12:51 - [MESSAGE][PASSED] - Object: 'Object Repository/OCS-DESKTOP/Age gate and Mega menu/a_Correct your date of birth' is clicked on

2019-06-21 14:12:51 - [TEST_STEP][PASSED] - selectOptionByValue(findTestObject("OCS-DESKTOP/Age gate and Mega menu/Date"), "1", true): All options with value '1' are selected in object 'Object Repository/OCS-DESKTOP/Age gate and Mega menu/Date'  using regular expression

2019-06-21 14:12:51 - [MESSAGE][PASSED] - All options with value '1' are selected in object 'Object Repository/OCS-DESKTOP/Age gate and Mega menu/Date'  using regular expression

2019-06-21 14:12:51 - [TEST_STEP][PASSED] - selectOptionByValue(findTestObject("OCS-DESKTOP/Age gate and Mega menu/month"), "5", true): All options with value '5' are selected in object 'Object Repository/OCS-DESKTOP/Age gate and Mega menu/month'  using regular expression

2019-06-21 14:12:52 - [MESSAGE][PASSED] - All options with value '5' are selected in object 'Object Repository/OCS-DESKTOP/Age gate and Mega menu/month'  using regular expression

2019-06-21 14:12:52 - [TEST_STEP][PASSED] - selectOptionByValue(findTestObject("OCS-DESKTOP/Age gate and Mega menu/Year Dropdown"), "1980", true): All options with value '1980' are selected in object 'Object Repository/OCS-DESKTOP/Age gate and Mega menu/Year Dropdown'  using regular expression

2019-06-21 14:12:53 - [MESSAGE][PASSED] - All options with value '1980' are selected in object 'Object Repository/OCS-DESKTOP/Age gate and Mega menu/Year Dropdown'  using regular expression

2019-06-21 14:12:53 - [TEST_STEP][PASSED] - click(findTestObject("OCS-DESKTOP/Age gate and Mega menu/button_Verify")): Object: 'Object Repository/OCS-DESKTOP/Age gate and Mega menu/button_Verify' is clicked on

2019-06-21 14:12:54 - [MESSAGE][PASSED] - Object: 'Object Repository/OCS-DESKTOP/Age gate and Mega menu/button_Verify' is clicked on

2019-06-21 14:12:54 - [TEST_STEP][PASSED] - closeBrowser(): Browser is closed

2019-06-21 14:12:54 - [MESSAGE][PASSED] - Browser is closed]]></system-out>
         <system-err><![CDATA[]]></system-err>
      </testcase>
      <testcase name="Test Cases/OCS - DESKTOP/OCS-COLLECTION PAGE/Sort" classname="Test Cases/OCS - DESKTOP/OCS-COLLECTION PAGE/Sort" status="PASSED">
         <system-out><![CDATA[2019-06-21 14:12:54 - [TEST_CASE][PASSED] - Test Cases/OCS - DESKTOP/OCS-COLLECTION PAGE/Sort: Test Cases/OCS - DESKTOP/OCS-COLLECTION PAGE/Sort

2019-06-21 14:12:54 - [TEST_STEP][PASSED] - callTestCase(findTestCase("OCS - DESKTOP/CALL- Age gate"), [:], STOP_ON_FAILURE): Call Test Case 'Test Cases/OCS - DESKTOP/CALL- Age gate' successfully

2019-06-21 14:12:54 - [TEST_CASE][PASSED] - Test Cases/OCS - DESKTOP/CALL- Age gate: Test Cases/OCS - DESKTOP/CALL- Age gate

2019-06-21 14:12:54 - [TEST_STEP][PASSED] - openBrowser(""): Browser is opened with url: ''

2019-06-21 14:12:54 - [MESSAGE][INFO] - Starting 'Firefox' driver

2019-06-21 14:12:56 - [MESSAGE][PASSED] - Browser is opened with url: ''

2019-06-21 14:12:56 - [TEST_STEP][PASSED] - navigateToUrl("https://ocs.ca/?fts=0&preview_theme_id=74057975628"): Navigate to 'https://ocs.ca/?fts=0&preview_theme_id=74057975628' successfully

2019-06-21 14:13:02 - [MESSAGE][PASSED] - Navigate to 'https://ocs.ca/?fts=0&preview_theme_id=74057975628' successfully

2019-06-21 14:13:02 - [TEST_STEP][PASSED] - maximizeWindow(): Current window maximized

2019-06-21 14:13:03 - [MESSAGE][PASSED] - Current window maximized

2019-06-21 14:13:03 - [TEST_STEP][PASSED] - delay(2): Delayed 2 second(s)

2019-06-21 14:13:05 - [MESSAGE][PASSED] - Delayed 2 second(s)

2019-06-21 14:13:05 - [TEST_STEP][PASSED] - executeJavaScript("var previewBar = document.getElementById("preview-bar-iframe"); previewBar.style.display = "none";", []): Execute JavaScript 'var previewBar = document.getElementById("preview-bar-iframe"); previewBar.style.display = "none";' successfully

2019-06-21 14:13:05 - [MESSAGE][PASSED] - Execute JavaScript 'var previewBar = document.getElementById("preview-bar-iframe"); previewBar.style.display = "none";' successfully

2019-06-21 14:13:05 - [TEST_STEP][PASSED] - selectOptionByValue(findTestObject("OCS-DESKTOP/Age gate and Mega menu/Date"), "12", true): All options with value '12' are selected in object 'Object Repository/OCS-DESKTOP/Age gate and Mega menu/Date'  using regular expression

2019-06-21 14:13:05 - [MESSAGE][PASSED] - All options with value '12' are selected in object 'Object Repository/OCS-DESKTOP/Age gate and Mega menu/Date'  using regular expression

2019-06-21 14:13:05 - [TEST_STEP][PASSED] - selectOptionByValue(findTestObject("OCS-DESKTOP/Age gate and Mega menu/month"), "6", true): All options with value '6' are selected in object 'Object Repository/OCS-DESKTOP/Age gate and Mega menu/month'  using regular expression

2019-06-21 14:13:06 - [MESSAGE][PASSED] - All options with value '6' are selected in object 'Object Repository/OCS-DESKTOP/Age gate and Mega menu/month'  using regular expression

2019-06-21 14:13:06 - [TEST_STEP][PASSED] - delay(2): Delayed 2 second(s)

2019-06-21 14:13:08 - [MESSAGE][PASSED] - Delayed 2 second(s)

2019-06-21 14:13:08 - [TEST_STEP][PASSED] - selectOptionByValue(findTestObject("OCS-DESKTOP/Age gate and Mega menu/Year Dropdown"), "1990", true): All options with value '1990' are selected in object 'Object Repository/OCS-DESKTOP/Age gate and Mega menu/Year Dropdown'  using regular expression

2019-06-21 14:13:09 - [MESSAGE][PASSED] - All options with value '1990' are selected in object 'Object Repository/OCS-DESKTOP/Age gate and Mega menu/Year Dropdown'  using regular expression

2019-06-21 14:13:09 - [TEST_STEP][PASSED] - click(findTestObject("OCS-DESKTOP/Age gate and Mega menu/button_Verify")): Object: 'Object Repository/OCS-DESKTOP/Age gate and Mega menu/button_Verify' is clicked on

2019-06-21 14:13:09 - [MESSAGE][PASSED] - Object: 'Object Repository/OCS-DESKTOP/Age gate and Mega menu/button_Verify' is clicked on

2019-06-21 14:13:09 - [TEST_STEP][PASSED] - click(findTestObject("OCS-DESKTOP/Age gate and Mega menu/Checkbox_CONFIRM AND ACKNOWLEDGE")): Object: 'Object Repository/OCS-DESKTOP/Age gate and Mega menu/Checkbox_CONFIRM AND ACKNOWLEDGE' is clicked on

2019-06-21 14:13:10 - [MESSAGE][PASSED] - Object: 'Object Repository/OCS-DESKTOP/Age gate and Mega menu/Checkbox_CONFIRM AND ACKNOWLEDGE' is clicked on

2019-06-21 14:13:10 - [TEST_STEP][PASSED] - click(findTestObject("OCS-DESKTOP/Age gate and Mega menu/button_CONFIRM")): Object: 'Object Repository/OCS-DESKTOP/Age gate and Mega menu/button_CONFIRM' is clicked on

2019-06-21 14:13:10 - [MESSAGE][PASSED] - Object: 'Object Repository/OCS-DESKTOP/Age gate and Mega menu/button_CONFIRM' is clicked on

2019-06-21 14:13:10 - [TEST_STEP][PASSED] - click(findTestObject("OCS-DESKTOP/Age gate and Mega menu/button_Start Browsing")): Object: 'Object Repository/OCS-DESKTOP/Age gate and Mega menu/button_Start Browsing' is clicked on

2019-06-21 14:13:10 - [MESSAGE][PASSED] - Object: 'Object Repository/OCS-DESKTOP/Age gate and Mega menu/button_Start Browsing' is clicked on

2019-06-21 14:13:10 - [TEST_STEP][PASSED] - delay(2): Delayed 2 second(s)

2019-06-21 14:13:12 - [MESSAGE][PASSED] - Delayed 2 second(s)

2019-06-21 14:13:12 - [TEST_STEP][PASSED] - refresh(): Refresh successfully

2019-06-21 14:13:17 - [MESSAGE][PASSED] - Refresh successfully

2019-06-21 14:13:17 - [MESSAGE][PASSED] - Call Test Case 'Test Cases/OCS - DESKTOP/CALL- Age gate' successfully

2019-06-21 14:13:17 - [TEST_STEP][PASSED] - delay(2): Delayed 2 second(s)

2019-06-21 14:13:19 - [MESSAGE][PASSED] - Delayed 2 second(s)

2019-06-21 14:13:19 - [TEST_STEP][NOT_RUN] - click(findTestObject("OCS-MOBILE /Age gate and burger menu/Burger menu - English")): NOT_RUN: click(findTestObject("OCS-MOBILE /Age gate and burger menu/Burger menu - English"))

2019-06-21 14:13:19 - [MESSAGE][NOT_RUN] - NOT_RUN: click(findTestObject("OCS-MOBILE /Age gate and burger menu/Burger menu - English"))

2019-06-21 14:13:19 - [TEST_STEP][PASSED] - delay(2): Delayed 2 second(s)

2019-06-21 14:13:21 - [MESSAGE][PASSED] - Delayed 2 second(s)

2019-06-21 14:13:21 - [TEST_STEP][PASSED] - click(findTestObject("OCS-DESKTOP/Age gate and Mega menu/Chevron_Cannabis")): Object: 'Object Repository/OCS-DESKTOP/Age gate and Mega menu/Chevron_Cannabis' is clicked on

2019-06-21 14:13:21 - [MESSAGE][PASSED] - Object: 'Object Repository/OCS-DESKTOP/Age gate and Mega menu/Chevron_Cannabis' is clicked on

2019-06-21 14:13:21 - [TEST_STEP][PASSED] - delay(2): Delayed 2 second(s)

2019-06-21 14:13:23 - [MESSAGE][PASSED] - Delayed 2 second(s)

2019-06-21 14:13:23 - [TEST_STEP][NOT_RUN] - click(findTestObject("OCS-DESKTOP/Age gate and Mega menu/Dried Flower_Plus icon")): NOT_RUN: click(findTestObject("OCS-DESKTOP/Age gate and Mega menu/Dried Flower_Plus icon"))

2019-06-21 14:13:23 - [MESSAGE][NOT_RUN] - NOT_RUN: click(findTestObject("OCS-DESKTOP/Age gate and Mega menu/Dried Flower_Plus icon"))

2019-06-21 14:13:23 - [TEST_STEP][PASSED] - delay(2): Delayed 2 second(s)

2019-06-21 14:13:25 - [MESSAGE][PASSED] - Delayed 2 second(s)

2019-06-21 14:13:25 - [TEST_STEP][PASSED] - click(findTestObject("OCS-DESKTOP/Cannabis page/Dried flower - Indica dominant")): Object: 'Object Repository/OCS-DESKTOP/Cannabis page/Dried flower - Indica dominant' is clicked on

2019-06-21 14:13:27 - [MESSAGE][PASSED] - Object: 'Object Repository/OCS-DESKTOP/Cannabis page/Dried flower - Indica dominant' is clicked on

2019-06-21 14:13:27 - [TEST_STEP][PASSED] - delay(2): Delayed 2 second(s)

2019-06-21 14:13:29 - [MESSAGE][PASSED] - Delayed 2 second(s)

2019-06-21 14:13:29 - [TEST_STEP][PASSED] - click(findTestObject("OCS-DESKTOP/Collection page/sort option")): Object: 'Object Repository/OCS-DESKTOP/Collection page/sort option' is clicked on

2019-06-21 14:13:30 - [MESSAGE][PASSED] - Object: 'Object Repository/OCS-DESKTOP/Collection page/sort option' is clicked on

2019-06-21 14:13:30 - [TEST_STEP][PASSED] - delay(1): Delayed 1 second(s)

2019-06-21 14:13:31 - [MESSAGE][PASSED] - Delayed 1 second(s)

2019-06-21 14:13:31 - [TEST_STEP][PASSED] - executeJavaScript("var previewBar = document.getElementById("preview-bar-iframe"); previewBar.style.display = "none";", []): Execute JavaScript 'var previewBar = document.getElementById("preview-bar-iframe"); previewBar.style.display = "none";' successfully

2019-06-21 14:13:31 - [MESSAGE][PASSED] - Execute JavaScript 'var previewBar = document.getElementById("preview-bar-iframe"); previewBar.style.display = "none";' successfully

2019-06-21 14:13:31 - [TEST_STEP][PASSED] - click(findTestObject("OCS-DESKTOP/Collection page/Price Low to High")): Object: 'Object Repository/OCS-DESKTOP/Collection page/Price Low to High' is clicked on

2019-06-21 14:13:31 - [MESSAGE][PASSED] - Object: 'Object Repository/OCS-DESKTOP/Collection page/Price Low to High' is clicked on

2019-06-21 14:13:31 - [TEST_STEP][PASSED] - delay(1): Delayed 1 second(s)

2019-06-21 14:13:32 - [MESSAGE][PASSED] - Delayed 1 second(s)

2019-06-21 14:13:32 - [TEST_STEP][PASSED] - refresh(): Refresh successfully

2019-06-21 14:13:35 - [MESSAGE][PASSED] - Refresh successfully

2019-06-21 14:13:35 - [TEST_STEP][PASSED] - delay(1): Delayed 1 second(s)

2019-06-21 14:13:36 - [MESSAGE][PASSED] - Delayed 1 second(s)

2019-06-21 14:13:36 - [TEST_STEP][PASSED] - callTestCase(findTestCase("OCS - DESKTOP/OCS-COLLECTION PAGE/calling test case"), [:], STOP_ON_FAILURE): Call Test Case 'Test Cases/OCS - DESKTOP/OCS-COLLECTION PAGE/calling test case' successfully

2019-06-21 14:13:36 - [TEST_CASE][PASSED] - Test Cases/OCS - DESKTOP/OCS-COLLECTION PAGE/calling test case: Test Cases/OCS - DESKTOP/OCS-COLLECTION PAGE/calling test case

2019-06-21 14:13:36 - [TEST_STEP][NOT_RUN] - delay(2): NOT_RUN: delay(2)

2019-06-21 14:13:36 - [MESSAGE][NOT_RUN] - NOT_RUN: delay(2)

2019-06-21 14:13:36 - [TEST_STEP][NOT_RUN] - click(findTestObject("OCS-MOBILE /Age gate and burger menu/Burger menu - English")): NOT_RUN: click(findTestObject("OCS-MOBILE /Age gate and burger menu/Burger menu - English"))

2019-06-21 14:13:36 - [MESSAGE][NOT_RUN] - NOT_RUN: click(findTestObject("OCS-MOBILE /Age gate and burger menu/Burger menu - English"))

2019-06-21 14:13:36 - [TEST_STEP][NOT_RUN] - delay(2): NOT_RUN: delay(2)

2019-06-21 14:13:36 - [MESSAGE][NOT_RUN] - NOT_RUN: delay(2)

2019-06-21 14:13:36 - [TEST_STEP][NOT_RUN] - click(findTestObject("OCS-MOBILE /Cannabis page/Cannabis chevron")): NOT_RUN: click(findTestObject("OCS-MOBILE /Cannabis page/Cannabis chevron"))

2019-06-21 14:13:36 - [MESSAGE][NOT_RUN] - NOT_RUN: click(findTestObject("OCS-MOBILE /Cannabis page/Cannabis chevron"))

2019-06-21 14:13:36 - [TEST_STEP][NOT_RUN] - delay(2): NOT_RUN: delay(2)

2019-06-21 14:13:36 - [MESSAGE][NOT_RUN] - NOT_RUN: delay(2)

2019-06-21 14:13:36 - [TEST_STEP][NOT_RUN] - click(findTestObject("OCS-MOBILE /Cannabis page/Dried flower - plus accordian")): NOT_RUN: click(findTestObject("OCS-MOBILE /Cannabis page/Dried flower - plus accordian"))

2019-06-21 14:13:36 - [MESSAGE][NOT_RUN] - NOT_RUN: click(findTestObject("OCS-MOBILE /Cannabis page/Dried flower - plus accordian"))

2019-06-21 14:13:36 - [TEST_STEP][NOT_RUN] - delay(2): NOT_RUN: delay(2)

2019-06-21 14:13:36 - [MESSAGE][NOT_RUN] - NOT_RUN: delay(2)

2019-06-21 14:13:36 - [TEST_STEP][NOT_RUN] - click(findTestObject("OCS-MOBILE /Cannabis page/Dried flower - Indica dominant")): NOT_RUN: click(findTestObject("OCS-MOBILE /Cannabis page/Dried flower - Indica dominant"))

2019-06-21 14:13:36 - [MESSAGE][NOT_RUN] - NOT_RUN: click(findTestObject("OCS-MOBILE /Cannabis page/Dried flower - Indica dominant"))

2019-06-21 14:13:36 - [TEST_STEP][NOT_RUN] - delay(2): NOT_RUN: delay(2)

2019-06-21 14:13:36 - [MESSAGE][NOT_RUN] - NOT_RUN: delay(2)

2019-06-21 14:13:36 - [TEST_STEP][PASSED] - scrollToElement(findTestObject("OCS-DESKTOP/Collection page/scroll element"), 0): Scroll to object 'Object Repository/OCS-DESKTOP/Collection page/scroll element' successfully

2019-06-21 14:13:36 - [MESSAGE][WARNING] - Timeout '0' is invalid. Using default page load timeout: '30'

2019-06-21 14:13:36 - [MESSAGE][PASSED] - Scroll to object 'Object Repository/OCS-DESKTOP/Collection page/scroll element' successfully

2019-06-21 14:13:36 - [TEST_STEP][PASSED] - click(findTestObject("OCS-DESKTOP/Collection page/sort option")): Object: 'Object Repository/OCS-DESKTOP/Collection page/sort option' is clicked on

2019-06-21 14:13:37 - [MESSAGE][PASSED] - Object: 'Object Repository/OCS-DESKTOP/Collection page/sort option' is clicked on

2019-06-21 14:13:37 - [MESSAGE][PASSED] - Call Test Case 'Test Cases/OCS - DESKTOP/OCS-COLLECTION PAGE/calling test case' successfully

2019-06-21 14:13:37 - [TEST_STEP][NOT_RUN] - scrollToElement(findTestObject("OCS-MOBILE /Collection page/scroll element"), 0): NOT_RUN: scrollToElement(findTestObject("OCS-MOBILE /Collection page/scroll element"), 0)

2019-06-21 14:13:37 - [MESSAGE][NOT_RUN] - NOT_RUN: scrollToElement(findTestObject("OCS-MOBILE /Collection page/scroll element"), 0)

2019-06-21 14:13:37 - [TEST_STEP][PASSED] - delay(1): Delayed 1 second(s)

2019-06-21 14:13:38 - [MESSAGE][PASSED] - Delayed 1 second(s)

2019-06-21 14:13:38 - [TEST_STEP][NOT_RUN] - click(findTestObject("OCS-DESKTOP/Collection page/sort option")): NOT_RUN: click(findTestObject("OCS-DESKTOP/Collection page/sort option"))

2019-06-21 14:13:38 - [MESSAGE][NOT_RUN] - NOT_RUN: click(findTestObject("OCS-DESKTOP/Collection page/sort option"))

2019-06-21 14:13:38 - [TEST_STEP][PASSED] - executeJavaScript("var previewBar = document.getElementById("preview-bar-iframe"); previewBar.style.display = "none";", []): Execute JavaScript 'var previewBar = document.getElementById("preview-bar-iframe"); previewBar.style.display = "none";' successfully

2019-06-21 14:13:38 - [MESSAGE][PASSED] - Execute JavaScript 'var previewBar = document.getElementById("preview-bar-iframe"); previewBar.style.display = "none";' successfully

2019-06-21 14:13:38 - [TEST_STEP][PASSED] - delay(1): Delayed 1 second(s)

2019-06-21 14:13:39 - [MESSAGE][PASSED] - Delayed 1 second(s)

2019-06-21 14:13:39 - [TEST_STEP][PASSED] - click(findTestObject("OCS-DESKTOP/Collection page/Price High to Low")): Object: 'Object Repository/OCS-DESKTOP/Collection page/Price High to Low' is clicked on

2019-06-21 14:13:39 - [MESSAGE][PASSED] - Object: 'Object Repository/OCS-DESKTOP/Collection page/Price High to Low' is clicked on

2019-06-21 14:13:39 - [TEST_STEP][PASSED] - delay(1): Delayed 1 second(s)

2019-06-21 14:13:40 - [MESSAGE][PASSED] - Delayed 1 second(s)

2019-06-21 14:13:40 - [TEST_STEP][PASSED] - refresh(): Refresh successfully

2019-06-21 14:13:43 - [MESSAGE][PASSED] - Refresh successfully

2019-06-21 14:13:43 - [TEST_STEP][PASSED] - callTestCase(findTestCase("OCS - DESKTOP/OCS-COLLECTION PAGE/calling test case"), [:], STOP_ON_FAILURE): Call Test Case 'Test Cases/OCS - DESKTOP/OCS-COLLECTION PAGE/calling test case' successfully

2019-06-21 14:13:43 - [TEST_CASE][PASSED] - Test Cases/OCS - DESKTOP/OCS-COLLECTION PAGE/calling test case: Test Cases/OCS - DESKTOP/OCS-COLLECTION PAGE/calling test case

2019-06-21 14:13:43 - [TEST_STEP][NOT_RUN] - delay(2): NOT_RUN: delay(2)

2019-06-21 14:13:43 - [MESSAGE][NOT_RUN] - NOT_RUN: delay(2)

2019-06-21 14:13:43 - [TEST_STEP][NOT_RUN] - click(findTestObject("OCS-MOBILE /Age gate and burger menu/Burger menu - English")): NOT_RUN: click(findTestObject("OCS-MOBILE /Age gate and burger menu/Burger menu - English"))

2019-06-21 14:13:43 - [MESSAGE][NOT_RUN] - NOT_RUN: click(findTestObject("OCS-MOBILE /Age gate and burger menu/Burger menu - English"))

2019-06-21 14:13:43 - [TEST_STEP][NOT_RUN] - delay(2): NOT_RUN: delay(2)

2019-06-21 14:13:43 - [MESSAGE][NOT_RUN] - NOT_RUN: delay(2)

2019-06-21 14:13:43 - [TEST_STEP][NOT_RUN] - click(findTestObject("OCS-MOBILE /Cannabis page/Cannabis chevron")): NOT_RUN: click(findTestObject("OCS-MOBILE /Cannabis page/Cannabis chevron"))

2019-06-21 14:13:43 - [MESSAGE][NOT_RUN] - NOT_RUN: click(findTestObject("OCS-MOBILE /Cannabis page/Cannabis chevron"))

2019-06-21 14:13:43 - [TEST_STEP][NOT_RUN] - delay(2): NOT_RUN: delay(2)

2019-06-21 14:13:43 - [MESSAGE][NOT_RUN] - NOT_RUN: delay(2)

2019-06-21 14:13:43 - [TEST_STEP][NOT_RUN] - click(findTestObject("OCS-MOBILE /Cannabis page/Dried flower - plus accordian")): NOT_RUN: click(findTestObject("OCS-MOBILE /Cannabis page/Dried flower - plus accordian"))

2019-06-21 14:13:43 - [MESSAGE][NOT_RUN] - NOT_RUN: click(findTestObject("OCS-MOBILE /Cannabis page/Dried flower - plus accordian"))

2019-06-21 14:13:43 - [TEST_STEP][NOT_RUN] - delay(2): NOT_RUN: delay(2)

2019-06-21 14:13:43 - [MESSAGE][NOT_RUN] - NOT_RUN: delay(2)

2019-06-21 14:13:43 - [TEST_STEP][NOT_RUN] - click(findTestObject("OCS-MOBILE /Cannabis page/Dried flower - Indica dominant")): NOT_RUN: click(findTestObject("OCS-MOBILE /Cannabis page/Dried flower - Indica dominant"))

2019-06-21 14:13:43 - [MESSAGE][NOT_RUN] - NOT_RUN: click(findTestObject("OCS-MOBILE /Cannabis page/Dried flower - Indica dominant"))

2019-06-21 14:13:43 - [TEST_STEP][NOT_RUN] - delay(2): NOT_RUN: delay(2)

2019-06-21 14:13:43 - [MESSAGE][NOT_RUN] - NOT_RUN: delay(2)

2019-06-21 14:13:43 - [TEST_STEP][PASSED] - scrollToElement(findTestObject("OCS-DESKTOP/Collection page/scroll element"), 0): Scroll to object 'Object Repository/OCS-DESKTOP/Collection page/scroll element' successfully

2019-06-21 14:13:43 - [MESSAGE][WARNING] - Timeout '0' is invalid. Using default page load timeout: '30'

2019-06-21 14:13:43 - [MESSAGE][PASSED] - Scroll to object 'Object Repository/OCS-DESKTOP/Collection page/scroll element' successfully

2019-06-21 14:13:43 - [TEST_STEP][PASSED] - click(findTestObject("OCS-DESKTOP/Collection page/sort option")): Object: 'Object Repository/OCS-DESKTOP/Collection page/sort option' is clicked on

2019-06-21 14:13:44 - [MESSAGE][PASSED] - Object: 'Object Repository/OCS-DESKTOP/Collection page/sort option' is clicked on

2019-06-21 14:13:44 - [MESSAGE][PASSED] - Call Test Case 'Test Cases/OCS - DESKTOP/OCS-COLLECTION PAGE/calling test case' successfully

2019-06-21 14:13:44 - [TEST_STEP][NOT_RUN] - click(findTestObject("OCS-DESKTOP/Collection page/sort option")): NOT_RUN: click(findTestObject("OCS-DESKTOP/Collection page/sort option"))

2019-06-21 14:13:44 - [MESSAGE][NOT_RUN] - NOT_RUN: click(findTestObject("OCS-DESKTOP/Collection page/sort option"))

2019-06-21 14:13:44 - [TEST_STEP][PASSED] - delay(1): Delayed 1 second(s)

2019-06-21 14:13:45 - [MESSAGE][PASSED] - Delayed 1 second(s)

2019-06-21 14:13:45 - [TEST_STEP][PASSED] - click(findTestObject("OCS-DESKTOP/Collection page/Alphabetically A - Z")): Object: 'Object Repository/OCS-DESKTOP/Collection page/Alphabetically A - Z' is clicked on

2019-06-21 14:13:45 - [MESSAGE][PASSED] - Object: 'Object Repository/OCS-DESKTOP/Collection page/Alphabetically A - Z' is clicked on

2019-06-21 14:13:45 - [TEST_STEP][PASSED] - delay(1): Delayed 1 second(s)

2019-06-21 14:13:46 - [MESSAGE][PASSED] - Delayed 1 second(s)

2019-06-21 14:13:46 - [TEST_STEP][PASSED] - refresh(): Refresh successfully

2019-06-21 14:13:49 - [MESSAGE][PASSED] - Refresh successfully

2019-06-21 14:13:49 - [TEST_STEP][PASSED] - callTestCase(findTestCase("OCS - DESKTOP/OCS-COLLECTION PAGE/calling test case"), [:], STOP_ON_FAILURE): Call Test Case 'Test Cases/OCS - DESKTOP/OCS-COLLECTION PAGE/calling test case' successfully

2019-06-21 14:13:49 - [TEST_CASE][PASSED] - Test Cases/OCS - DESKTOP/OCS-COLLECTION PAGE/calling test case: Test Cases/OCS - DESKTOP/OCS-COLLECTION PAGE/calling test case

2019-06-21 14:13:49 - [TEST_STEP][NOT_RUN] - delay(2): NOT_RUN: delay(2)

2019-06-21 14:13:49 - [MESSAGE][NOT_RUN] - NOT_RUN: delay(2)

2019-06-21 14:13:49 - [TEST_STEP][NOT_RUN] - click(findTestObject("OCS-MOBILE /Age gate and burger menu/Burger menu - English")): NOT_RUN: click(findTestObject("OCS-MOBILE /Age gate and burger menu/Burger menu - English"))

2019-06-21 14:13:49 - [MESSAGE][NOT_RUN] - NOT_RUN: click(findTestObject("OCS-MOBILE /Age gate and burger menu/Burger menu - English"))

2019-06-21 14:13:49 - [TEST_STEP][NOT_RUN] - delay(2): NOT_RUN: delay(2)

2019-06-21 14:13:49 - [MESSAGE][NOT_RUN] - NOT_RUN: delay(2)

2019-06-21 14:13:49 - [TEST_STEP][NOT_RUN] - click(findTestObject("OCS-MOBILE /Cannabis page/Cannabis chevron")): NOT_RUN: click(findTestObject("OCS-MOBILE /Cannabis page/Cannabis chevron"))

2019-06-21 14:13:49 - [MESSAGE][NOT_RUN] - NOT_RUN: click(findTestObject("OCS-MOBILE /Cannabis page/Cannabis chevron"))

2019-06-21 14:13:49 - [TEST_STEP][NOT_RUN] - delay(2): NOT_RUN: delay(2)

2019-06-21 14:13:49 - [MESSAGE][NOT_RUN] - NOT_RUN: delay(2)

2019-06-21 14:13:49 - [TEST_STEP][NOT_RUN] - click(findTestObject("OCS-MOBILE /Cannabis page/Dried flower - plus accordian")): NOT_RUN: click(findTestObject("OCS-MOBILE /Cannabis page/Dried flower - plus accordian"))

2019-06-21 14:13:49 - [MESSAGE][NOT_RUN] - NOT_RUN: click(findTestObject("OCS-MOBILE /Cannabis page/Dried flower - plus accordian"))

2019-06-21 14:13:49 - [TEST_STEP][NOT_RUN] - delay(2): NOT_RUN: delay(2)

2019-06-21 14:13:49 - [MESSAGE][NOT_RUN] - NOT_RUN: delay(2)

2019-06-21 14:13:49 - [TEST_STEP][NOT_RUN] - click(findTestObject("OCS-MOBILE /Cannabis page/Dried flower - Indica dominant")): NOT_RUN: click(findTestObject("OCS-MOBILE /Cannabis page/Dried flower - Indica dominant"))

2019-06-21 14:13:49 - [MESSAGE][NOT_RUN] - NOT_RUN: click(findTestObject("OCS-MOBILE /Cannabis page/Dried flower - Indica dominant"))

2019-06-21 14:13:49 - [TEST_STEP][NOT_RUN] - delay(2): NOT_RUN: delay(2)

2019-06-21 14:13:49 - [MESSAGE][NOT_RUN] - NOT_RUN: delay(2)

2019-06-21 14:13:49 - [TEST_STEP][PASSED] - scrollToElement(findTestObject("OCS-DESKTOP/Collection page/scroll element"), 0): Scroll to object 'Object Repository/OCS-DESKTOP/Collection page/scroll element' successfully

2019-06-21 14:13:49 - [MESSAGE][WARNING] - Timeout '0' is invalid. Using default page load timeout: '30'

2019-06-21 14:13:49 - [MESSAGE][PASSED] - Scroll to object 'Object Repository/OCS-DESKTOP/Collection page/scroll element' successfully

2019-06-21 14:13:49 - [TEST_STEP][PASSED] - click(findTestObject("OCS-DESKTOP/Collection page/sort option")): Object: 'Object Repository/OCS-DESKTOP/Collection page/sort option' is clicked on

2019-06-21 14:13:49 - [MESSAGE][PASSED] - Object: 'Object Repository/OCS-DESKTOP/Collection page/sort option' is clicked on

2019-06-21 14:13:49 - [MESSAGE][PASSED] - Call Test Case 'Test Cases/OCS - DESKTOP/OCS-COLLECTION PAGE/calling test case' successfully

2019-06-21 14:13:49 - [TEST_STEP][NOT_RUN] - click(findTestObject("OCS-DESKTOP/Collection page/sort option")): NOT_RUN: click(findTestObject("OCS-DESKTOP/Collection page/sort option"))

2019-06-21 14:13:49 - [MESSAGE][NOT_RUN] - NOT_RUN: click(findTestObject("OCS-DESKTOP/Collection page/sort option"))

2019-06-21 14:13:49 - [TEST_STEP][PASSED] - delay(1): Delayed 1 second(s)

2019-06-21 14:13:50 - [MESSAGE][PASSED] - Delayed 1 second(s)

2019-06-21 14:13:50 - [TEST_STEP][PASSED] - executeJavaScript("var previewBar = document.getElementById("preview-bar-iframe"); previewBar.style.display = "none";", []): Execute JavaScript 'var previewBar = document.getElementById("preview-bar-iframe"); previewBar.style.display = "none";' successfully

2019-06-21 14:13:50 - [MESSAGE][PASSED] - Execute JavaScript 'var previewBar = document.getElementById("preview-bar-iframe"); previewBar.style.display = "none";' successfully

2019-06-21 14:13:50 - [TEST_STEP][PASSED] - click(findTestObject("OCS-DESKTOP/Collection page/Alphabetically Z - A")): Object: 'Object Repository/OCS-DESKTOP/Collection page/Alphabetically Z - A' is clicked on

2019-06-21 14:13:51 - [MESSAGE][PASSED] - Object: 'Object Repository/OCS-DESKTOP/Collection page/Alphabetically Z - A' is clicked on

2019-06-21 14:13:51 - [TEST_STEP][PASSED] - delay(1): Delayed 1 second(s)

2019-06-21 14:13:52 - [MESSAGE][PASSED] - Delayed 1 second(s)

2019-06-21 14:13:52 - [TEST_STEP][PASSED] - refresh(): Refresh successfully

2019-06-21 14:13:55 - [MESSAGE][PASSED] - Refresh successfully

2019-06-21 14:13:55 - [TEST_STEP][PASSED] - callTestCase(findTestCase("OCS - DESKTOP/OCS-COLLECTION PAGE/calling test case"), [:], STOP_ON_FAILURE): Call Test Case 'Test Cases/OCS - DESKTOP/OCS-COLLECTION PAGE/calling test case' successfully

2019-06-21 14:13:55 - [TEST_CASE][PASSED] - Test Cases/OCS - DESKTOP/OCS-COLLECTION PAGE/calling test case: Test Cases/OCS - DESKTOP/OCS-COLLECTION PAGE/calling test case

2019-06-21 14:13:55 - [TEST_STEP][NOT_RUN] - delay(2): NOT_RUN: delay(2)

2019-06-21 14:13:55 - [MESSAGE][NOT_RUN] - NOT_RUN: delay(2)

2019-06-21 14:13:55 - [TEST_STEP][NOT_RUN] - click(findTestObject("OCS-MOBILE /Age gate and burger menu/Burger menu - English")): NOT_RUN: click(findTestObject("OCS-MOBILE /Age gate and burger menu/Burger menu - English"))

2019-06-21 14:13:55 - [MESSAGE][NOT_RUN] - NOT_RUN: click(findTestObject("OCS-MOBILE /Age gate and burger menu/Burger menu - English"))

2019-06-21 14:13:55 - [TEST_STEP][NOT_RUN] - delay(2): NOT_RUN: delay(2)

2019-06-21 14:13:55 - [MESSAGE][NOT_RUN] - NOT_RUN: delay(2)

2019-06-21 14:13:55 - [TEST_STEP][NOT_RUN] - click(findTestObject("OCS-MOBILE /Cannabis page/Cannabis chevron")): NOT_RUN: click(findTestObject("OCS-MOBILE /Cannabis page/Cannabis chevron"))

2019-06-21 14:13:55 - [MESSAGE][NOT_RUN] - NOT_RUN: click(findTestObject("OCS-MOBILE /Cannabis page/Cannabis chevron"))

2019-06-21 14:13:55 - [TEST_STEP][NOT_RUN] - delay(2): NOT_RUN: delay(2)

2019-06-21 14:13:55 - [MESSAGE][NOT_RUN] - NOT_RUN: delay(2)

2019-06-21 14:13:55 - [TEST_STEP][NOT_RUN] - click(findTestObject("OCS-MOBILE /Cannabis page/Dried flower - plus accordian")): NOT_RUN: click(findTestObject("OCS-MOBILE /Cannabis page/Dried flower - plus accordian"))

2019-06-21 14:13:55 - [MESSAGE][NOT_RUN] - NOT_RUN: click(findTestObject("OCS-MOBILE /Cannabis page/Dried flower - plus accordian"))

2019-06-21 14:13:55 - [TEST_STEP][NOT_RUN] - delay(2): NOT_RUN: delay(2)

2019-06-21 14:13:55 - [MESSAGE][NOT_RUN] - NOT_RUN: delay(2)

2019-06-21 14:13:55 - [TEST_STEP][NOT_RUN] - click(findTestObject("OCS-MOBILE /Cannabis page/Dried flower - Indica dominant")): NOT_RUN: click(findTestObject("OCS-MOBILE /Cannabis page/Dried flower - Indica dominant"))

2019-06-21 14:13:55 - [MESSAGE][NOT_RUN] - NOT_RUN: click(findTestObject("OCS-MOBILE /Cannabis page/Dried flower - Indica dominant"))

2019-06-21 14:13:55 - [TEST_STEP][NOT_RUN] - delay(2): NOT_RUN: delay(2)

2019-06-21 14:13:55 - [MESSAGE][NOT_RUN] - NOT_RUN: delay(2)

2019-06-21 14:13:55 - [TEST_STEP][PASSED] - scrollToElement(findTestObject("OCS-DESKTOP/Collection page/scroll element"), 0): Scroll to object 'Object Repository/OCS-DESKTOP/Collection page/scroll element' successfully

2019-06-21 14:13:55 - [MESSAGE][WARNING] - Timeout '0' is invalid. Using default page load timeout: '30'

2019-06-21 14:13:55 - [MESSAGE][PASSED] - Scroll to object 'Object Repository/OCS-DESKTOP/Collection page/scroll element' successfully

2019-06-21 14:13:55 - [TEST_STEP][PASSED] - click(findTestObject("OCS-DESKTOP/Collection page/sort option")): Object: 'Object Repository/OCS-DESKTOP/Collection page/sort option' is clicked on

2019-06-21 14:13:55 - [MESSAGE][PASSED] - Object: 'Object Repository/OCS-DESKTOP/Collection page/sort option' is clicked on

2019-06-21 14:13:55 - [MESSAGE][PASSED] - Call Test Case 'Test Cases/OCS - DESKTOP/OCS-COLLECTION PAGE/calling test case' successfully

2019-06-21 14:13:55 - [TEST_STEP][NOT_RUN] - click(findTestObject("OCS-DESKTOP/Collection page/sort option")): NOT_RUN: click(findTestObject("OCS-DESKTOP/Collection page/sort option"))

2019-06-21 14:13:55 - [MESSAGE][NOT_RUN] - NOT_RUN: click(findTestObject("OCS-DESKTOP/Collection page/sort option"))

2019-06-21 14:13:55 - [TEST_STEP][PASSED] - delay(1): Delayed 1 second(s)

2019-06-21 14:13:56 - [MESSAGE][PASSED] - Delayed 1 second(s)

2019-06-21 14:13:56 - [TEST_STEP][PASSED] - executeJavaScript("var previewBar = document.getElementById("preview-bar-iframe"); previewBar.style.display = "none";", []): Execute JavaScript 'var previewBar = document.getElementById("preview-bar-iframe"); previewBar.style.display = "none";' successfully

2019-06-21 14:13:56 - [MESSAGE][PASSED] - Execute JavaScript 'var previewBar = document.getElementById("preview-bar-iframe"); previewBar.style.display = "none";' successfully

2019-06-21 14:13:56 - [TEST_STEP][PASSED] - click(findTestObject("OCS-DESKTOP/Collection page/CBD Low to High")): Object: 'Object Repository/OCS-DESKTOP/Collection page/CBD Low to High' is clicked on

2019-06-21 14:13:57 - [MESSAGE][PASSED] - Object: 'Object Repository/OCS-DESKTOP/Collection page/CBD Low to High' is clicked on

2019-06-21 14:13:57 - [TEST_STEP][PASSED] - delay(1): Delayed 1 second(s)

2019-06-21 14:13:58 - [MESSAGE][PASSED] - Delayed 1 second(s)

2019-06-21 14:13:58 - [TEST_STEP][PASSED] - refresh(): Refresh successfully

2019-06-21 14:14:01 - [MESSAGE][PASSED] - Refresh successfully

2019-06-21 14:14:01 - [TEST_STEP][PASSED] - callTestCase(findTestCase("OCS - DESKTOP/OCS-COLLECTION PAGE/calling test case"), [:], STOP_ON_FAILURE): Call Test Case 'Test Cases/OCS - DESKTOP/OCS-COLLECTION PAGE/calling test case' successfully

2019-06-21 14:14:01 - [TEST_CASE][PASSED] - Test Cases/OCS - DESKTOP/OCS-COLLECTION PAGE/calling test case: Test Cases/OCS - DESKTOP/OCS-COLLECTION PAGE/calling test case

2019-06-21 14:14:01 - [TEST_STEP][NOT_RUN] - delay(2): NOT_RUN: delay(2)

2019-06-21 14:14:01 - [MESSAGE][NOT_RUN] - NOT_RUN: delay(2)

2019-06-21 14:14:01 - [TEST_STEP][NOT_RUN] - click(findTestObject("OCS-MOBILE /Age gate and burger menu/Burger menu - English")): NOT_RUN: click(findTestObject("OCS-MOBILE /Age gate and burger menu/Burger menu - English"))

2019-06-21 14:14:01 - [MESSAGE][NOT_RUN] - NOT_RUN: click(findTestObject("OCS-MOBILE /Age gate and burger menu/Burger menu - English"))

2019-06-21 14:14:01 - [TEST_STEP][NOT_RUN] - delay(2): NOT_RUN: delay(2)

2019-06-21 14:14:01 - [MESSAGE][NOT_RUN] - NOT_RUN: delay(2)

2019-06-21 14:14:01 - [TEST_STEP][NOT_RUN] - click(findTestObject("OCS-MOBILE /Cannabis page/Cannabis chevron")): NOT_RUN: click(findTestObject("OCS-MOBILE /Cannabis page/Cannabis chevron"))

2019-06-21 14:14:01 - [MESSAGE][NOT_RUN] - NOT_RUN: click(findTestObject("OCS-MOBILE /Cannabis page/Cannabis chevron"))

2019-06-21 14:14:01 - [TEST_STEP][NOT_RUN] - delay(2): NOT_RUN: delay(2)

2019-06-21 14:14:01 - [MESSAGE][NOT_RUN] - NOT_RUN: delay(2)

2019-06-21 14:14:01 - [TEST_STEP][NOT_RUN] - click(findTestObject("OCS-MOBILE /Cannabis page/Dried flower - plus accordian")): NOT_RUN: click(findTestObject("OCS-MOBILE /Cannabis page/Dried flower - plus accordian"))

2019-06-21 14:14:01 - [MESSAGE][NOT_RUN] - NOT_RUN: click(findTestObject("OCS-MOBILE /Cannabis page/Dried flower - plus accordian"))

2019-06-21 14:14:01 - [TEST_STEP][NOT_RUN] - delay(2): NOT_RUN: delay(2)

2019-06-21 14:14:01 - [MESSAGE][NOT_RUN] - NOT_RUN: delay(2)

2019-06-21 14:14:01 - [TEST_STEP][NOT_RUN] - click(findTestObject("OCS-MOBILE /Cannabis page/Dried flower - Indica dominant")): NOT_RUN: click(findTestObject("OCS-MOBILE /Cannabis page/Dried flower - Indica dominant"))

2019-06-21 14:14:01 - [MESSAGE][NOT_RUN] - NOT_RUN: click(findTestObject("OCS-MOBILE /Cannabis page/Dried flower - Indica dominant"))

2019-06-21 14:14:01 - [TEST_STEP][NOT_RUN] - delay(2): NOT_RUN: delay(2)

2019-06-21 14:14:01 - [MESSAGE][NOT_RUN] - NOT_RUN: delay(2)

2019-06-21 14:14:01 - [TEST_STEP][PASSED] - scrollToElement(findTestObject("OCS-DESKTOP/Collection page/scroll element"), 0): Scroll to object 'Object Repository/OCS-DESKTOP/Collection page/scroll element' successfully

2019-06-21 14:14:01 - [MESSAGE][WARNING] - Timeout '0' is invalid. Using default page load timeout: '30'

2019-06-21 14:14:01 - [MESSAGE][PASSED] - Scroll to object 'Object Repository/OCS-DESKTOP/Collection page/scroll element' successfully

2019-06-21 14:14:01 - [TEST_STEP][PASSED] - click(findTestObject("OCS-DESKTOP/Collection page/sort option")): Object: 'Object Repository/OCS-DESKTOP/Collection page/sort option' is clicked on

2019-06-21 14:14:01 - [MESSAGE][PASSED] - Object: 'Object Repository/OCS-DESKTOP/Collection page/sort option' is clicked on

2019-06-21 14:14:01 - [MESSAGE][PASSED] - Call Test Case 'Test Cases/OCS - DESKTOP/OCS-COLLECTION PAGE/calling test case' successfully

2019-06-21 14:14:01 - [TEST_STEP][NOT_RUN] - click(findTestObject("OCS-DESKTOP/Collection page/sort option")): NOT_RUN: click(findTestObject("OCS-DESKTOP/Collection page/sort option"))

2019-06-21 14:14:01 - [MESSAGE][NOT_RUN] - NOT_RUN: click(findTestObject("OCS-DESKTOP/Collection page/sort option"))

2019-06-21 14:14:01 - [TEST_STEP][PASSED] - delay(1): Delayed 1 second(s)

2019-06-21 14:14:02 - [MESSAGE][PASSED] - Delayed 1 second(s)

2019-06-21 14:14:02 - [TEST_STEP][PASSED] - delay(1, OPTIONAL): Delayed 1 second(s)

2019-06-21 14:14:03 - [MESSAGE][PASSED] - Delayed 1 second(s)

2019-06-21 14:14:03 - [TEST_STEP][PASSED] - executeJavaScript("var previewBar = document.getElementById("preview-bar-iframe"); previewBar.style.display = "none";", []): Execute JavaScript 'var previewBar = document.getElementById("preview-bar-iframe"); previewBar.style.display = "none";' successfully

2019-06-21 14:14:03 - [MESSAGE][PASSED] - Execute JavaScript 'var previewBar = document.getElementById("preview-bar-iframe"); previewBar.style.display = "none";' successfully

2019-06-21 14:14:03 - [TEST_STEP][PASSED] - click(findTestObject("OCS-DESKTOP/Collection page/CBD High to Low")): Object: 'Object Repository/OCS-DESKTOP/Collection page/CBD High to Low' is clicked on

2019-06-21 14:14:04 - [MESSAGE][PASSED] - Object: 'Object Repository/OCS-DESKTOP/Collection page/CBD High to Low' is clicked on

2019-06-21 14:14:04 - [TEST_STEP][PASSED] - delay(1): Delayed 1 second(s)

2019-06-21 14:14:05 - [MESSAGE][PASSED] - Delayed 1 second(s)

2019-06-21 14:14:05 - [TEST_STEP][PASSED] - refresh(): Refresh successfully

2019-06-21 14:14:08 - [MESSAGE][PASSED] - Refresh successfully]]></system-out>
         <system-err><![CDATA[]]></system-err>
      </testcase>
      <testcase name="Test Cases/OCS - DESKTOP/OCS-COLLECTION PAGE/Chevron dropdown" classname="Test Cases/OCS - DESKTOP/OCS-COLLECTION PAGE/Chevron dropdown" status="PASSED">
         <system-out><![CDATA[2019-06-21 14:14:08 - [TEST_CASE][PASSED] - Test Cases/OCS - DESKTOP/OCS-COLLECTION PAGE/Chevron dropdown: Test Cases/OCS - DESKTOP/OCS-COLLECTION PAGE/Chevron dropdown

2019-06-21 14:14:08 - [TEST_STEP][PASSED] - callTestCase(findTestCase("OCS - DESKTOP/CALL- Age gate"), [:], STOP_ON_FAILURE): Call Test Case 'Test Cases/OCS - DESKTOP/CALL- Age gate' successfully

2019-06-21 14:14:08 - [TEST_CASE][PASSED] - Test Cases/OCS - DESKTOP/CALL- Age gate: Test Cases/OCS - DESKTOP/CALL- Age gate

2019-06-21 14:14:08 - [TEST_STEP][PASSED] - openBrowser(""): Browser is opened with url: ''

2019-06-21 14:14:08 - [MESSAGE][WARNING] - A browser is already opened. Closing browser and opening a new one

2019-06-21 14:14:09 - [MESSAGE][INFO] - Starting 'Firefox' driver

2019-06-21 14:14:11 - [MESSAGE][PASSED] - Browser is opened with url: ''

2019-06-21 14:14:11 - [TEST_STEP][PASSED] - navigateToUrl("https://ocs.ca/?fts=0&preview_theme_id=74057975628"): Navigate to 'https://ocs.ca/?fts=0&preview_theme_id=74057975628' successfully

2019-06-21 14:14:15 - [MESSAGE][PASSED] - Navigate to 'https://ocs.ca/?fts=0&preview_theme_id=74057975628' successfully

2019-06-21 14:14:15 - [TEST_STEP][PASSED] - maximizeWindow(): Current window maximized

2019-06-21 14:14:16 - [MESSAGE][PASSED] - Current window maximized

2019-06-21 14:14:16 - [TEST_STEP][PASSED] - delay(2): Delayed 2 second(s)

2019-06-21 14:14:18 - [MESSAGE][PASSED] - Delayed 2 second(s)

2019-06-21 14:14:18 - [TEST_STEP][PASSED] - executeJavaScript("var previewBar = document.getElementById("preview-bar-iframe"); previewBar.style.display = "none";", []): Execute JavaScript 'var previewBar = document.getElementById("preview-bar-iframe"); previewBar.style.display = "none";' successfully

2019-06-21 14:14:18 - [MESSAGE][PASSED] - Execute JavaScript 'var previewBar = document.getElementById("preview-bar-iframe"); previewBar.style.display = "none";' successfully

2019-06-21 14:14:18 - [TEST_STEP][PASSED] - selectOptionByValue(findTestObject("OCS-DESKTOP/Age gate and Mega menu/Date"), "12", true): All options with value '12' are selected in object 'Object Repository/OCS-DESKTOP/Age gate and Mega menu/Date'  using regular expression

2019-06-21 14:14:18 - [MESSAGE][PASSED] - All options with value '12' are selected in object 'Object Repository/OCS-DESKTOP/Age gate and Mega menu/Date'  using regular expression

2019-06-21 14:14:18 - [TEST_STEP][PASSED] - selectOptionByValue(findTestObject("OCS-DESKTOP/Age gate and Mega menu/month"), "6", true): All options with value '6' are selected in object 'Object Repository/OCS-DESKTOP/Age gate and Mega menu/month'  using regular expression

2019-06-21 14:14:19 - [MESSAGE][PASSED] - All options with value '6' are selected in object 'Object Repository/OCS-DESKTOP/Age gate and Mega menu/month'  using regular expression

2019-06-21 14:14:19 - [TEST_STEP][PASSED] - delay(2): Delayed 2 second(s)

2019-06-21 14:14:21 - [MESSAGE][PASSED] - Delayed 2 second(s)

2019-06-21 14:14:21 - [TEST_STEP][PASSED] - selectOptionByValue(findTestObject("OCS-DESKTOP/Age gate and Mega menu/Year Dropdown"), "1990", true): All options with value '1990' are selected in object 'Object Repository/OCS-DESKTOP/Age gate and Mega menu/Year Dropdown'  using regular expression

2019-06-21 14:14:22 - [MESSAGE][PASSED] - All options with value '1990' are selected in object 'Object Repository/OCS-DESKTOP/Age gate and Mega menu/Year Dropdown'  using regular expression

2019-06-21 14:14:22 - [TEST_STEP][PASSED] - click(findTestObject("OCS-DESKTOP/Age gate and Mega menu/button_Verify")): Object: 'Object Repository/OCS-DESKTOP/Age gate and Mega menu/button_Verify' is clicked on

2019-06-21 14:14:23 - [MESSAGE][PASSED] - Object: 'Object Repository/OCS-DESKTOP/Age gate and Mega menu/button_Verify' is clicked on

2019-06-21 14:14:23 - [TEST_STEP][PASSED] - click(findTestObject("OCS-DESKTOP/Age gate and Mega menu/Checkbox_CONFIRM AND ACKNOWLEDGE")): Object: 'Object Repository/OCS-DESKTOP/Age gate and Mega menu/Checkbox_CONFIRM AND ACKNOWLEDGE' is clicked on

2019-06-21 14:14:23 - [MESSAGE][PASSED] - Object: 'Object Repository/OCS-DESKTOP/Age gate and Mega menu/Checkbox_CONFIRM AND ACKNOWLEDGE' is clicked on

2019-06-21 14:14:23 - [TEST_STEP][PASSED] - click(findTestObject("OCS-DESKTOP/Age gate and Mega menu/button_CONFIRM")): Object: 'Object Repository/OCS-DESKTOP/Age gate and Mega menu/button_CONFIRM' is clicked on

2019-06-21 14:14:23 - [MESSAGE][PASSED] - Object: 'Object Repository/OCS-DESKTOP/Age gate and Mega menu/button_CONFIRM' is clicked on

2019-06-21 14:14:23 - [TEST_STEP][PASSED] - click(findTestObject("OCS-DESKTOP/Age gate and Mega menu/button_Start Browsing")): Object: 'Object Repository/OCS-DESKTOP/Age gate and Mega menu/button_Start Browsing' is clicked on

2019-06-21 14:14:23 - [MESSAGE][PASSED] - Object: 'Object Repository/OCS-DESKTOP/Age gate and Mega menu/button_Start Browsing' is clicked on

2019-06-21 14:14:23 - [TEST_STEP][PASSED] - delay(2): Delayed 2 second(s)

2019-06-21 14:14:25 - [MESSAGE][PASSED] - Delayed 2 second(s)

2019-06-21 14:14:25 - [TEST_STEP][PASSED] - refresh(): Refresh successfully

2019-06-21 14:14:31 - [MESSAGE][PASSED] - Refresh successfully

2019-06-21 14:14:31 - [MESSAGE][PASSED] - Call Test Case 'Test Cases/OCS - DESKTOP/CALL- Age gate' successfully

2019-06-21 14:14:31 - [TEST_STEP][PASSED] - delay(2): Delayed 2 second(s)

2019-06-21 14:14:33 - [MESSAGE][PASSED] - Delayed 2 second(s)

2019-06-21 14:14:33 - [TEST_STEP][PASSED] - click(findTestObject("OCS-DESKTOP/Age gate and Mega menu/Chevron_Cannabis")): Object: 'Object Repository/OCS-DESKTOP/Age gate and Mega menu/Chevron_Cannabis' is clicked on

2019-06-21 14:14:33 - [MESSAGE][PASSED] - Object: 'Object Repository/OCS-DESKTOP/Age gate and Mega menu/Chevron_Cannabis' is clicked on

2019-06-21 14:14:33 - [TEST_STEP][PASSED] - delay(2): Delayed 2 second(s)

2019-06-21 14:14:35 - [MESSAGE][PASSED] - Delayed 2 second(s)

2019-06-21 14:14:35 - [TEST_STEP][NOT_RUN] - click(findTestObject("OCS-MOBILE /Cannabis page/Cannabis chevron")): NOT_RUN: click(findTestObject("OCS-MOBILE /Cannabis page/Cannabis chevron"))

2019-06-21 14:14:35 - [MESSAGE][NOT_RUN] - NOT_RUN: click(findTestObject("OCS-MOBILE /Cannabis page/Cannabis chevron"))

2019-06-21 14:14:35 - [TEST_STEP][PASSED] - delay(2): Delayed 2 second(s)

2019-06-21 14:14:37 - [MESSAGE][PASSED] - Delayed 2 second(s)

2019-06-21 14:14:37 - [TEST_STEP][PASSED] - click(findTestObject("OCS-DESKTOP/Cannabis page/Dried flower")): Object: 'Object Repository/OCS-DESKTOP/Cannabis page/Dried flower' is clicked on

2019-06-21 14:14:40 - [MESSAGE][PASSED] - Object: 'Object Repository/OCS-DESKTOP/Cannabis page/Dried flower' is clicked on

2019-06-21 14:14:40 - [TEST_STEP][PASSED] - delay(2): Delayed 2 second(s)

2019-06-21 14:14:42 - [MESSAGE][PASSED] - Delayed 2 second(s)

2019-06-21 14:14:42 - [TEST_STEP][NOT_RUN] - click(findTestObject("OCS-DESKTOP/Cannabis page/Dried flower - Indica dominant")): NOT_RUN: click(findTestObject("OCS-DESKTOP/Cannabis page/Dried flower - Indica dominant"))

2019-06-21 14:14:42 - [MESSAGE][NOT_RUN] - NOT_RUN: click(findTestObject("OCS-DESKTOP/Cannabis page/Dried flower - Indica dominant"))

2019-06-21 14:14:42 - [TEST_STEP][PASSED] - delay(2): Delayed 2 second(s)

2019-06-21 14:14:44 - [MESSAGE][PASSED] - Delayed 2 second(s)

2019-06-21 14:14:44 - [TEST_STEP][PASSED] - click(findTestObject("OCS-DESKTOP/Collection page/dropdown")): Object: 'Object Repository/OCS-DESKTOP/Collection page/dropdown' is clicked on

2019-06-21 14:14:44 - [MESSAGE][PASSED] - Object: 'Object Repository/OCS-DESKTOP/Collection page/dropdown' is clicked on

2019-06-21 14:14:44 - [TEST_STEP][PASSED] - delay(2): Delayed 2 second(s)

2019-06-21 14:14:46 - [MESSAGE][PASSED] - Delayed 2 second(s)

2019-06-21 14:14:46 - [TEST_STEP][PASSED] - verifyElementPresent(findTestObject("OCS-DESKTOP/Collection page/element inside"), 0): Object 'Object Repository/OCS-DESKTOP/Collection page/element inside' is present

2019-06-21 14:14:46 - [MESSAGE][WARNING] - Timeout '0' is invalid. Using default page load timeout: '30'

2019-06-21 14:14:46 - [MESSAGE][PASSED] - Object 'Object Repository/OCS-DESKTOP/Collection page/element inside' is present

2019-06-21 14:14:46 - [TEST_STEP][PASSED] - delay(2): Delayed 2 second(s)

2019-06-21 14:14:48 - [MESSAGE][PASSED] - Delayed 2 second(s)

2019-06-21 14:14:48 - [TEST_STEP][PASSED] - click(findTestObject("OCS-DESKTOP/Collection page/dropdown")): Object: 'Object Repository/OCS-DESKTOP/Collection page/dropdown' is clicked on

2019-06-21 14:14:48 - [MESSAGE][PASSED] - Object: 'Object Repository/OCS-DESKTOP/Collection page/dropdown' is clicked on]]></system-out>
         <system-err><![CDATA[]]></system-err>
      </testcase>
      <testcase name="Test Cases/OCS - DESKTOP/OCS-COLLECTION PAGE/breadcrumbs" classname="Test Cases/OCS - DESKTOP/OCS-COLLECTION PAGE/breadcrumbs" status="PASSED">
         <system-out><![CDATA[2019-06-21 14:14:48 - [TEST_CASE][PASSED] - Test Cases/OCS - DESKTOP/OCS-COLLECTION PAGE/breadcrumbs: Test Cases/OCS - DESKTOP/OCS-COLLECTION PAGE/breadcrumbs

2019-06-21 14:14:48 - [TEST_STEP][PASSED] - callTestCase(findTestCase("OCS - DESKTOP/CALL- Age gate"), [:], STOP_ON_FAILURE): Call Test Case 'Test Cases/OCS - DESKTOP/CALL- Age gate' successfully

2019-06-21 14:14:48 - [TEST_CASE][PASSED] - Test Cases/OCS - DESKTOP/CALL- Age gate: Test Cases/OCS - DESKTOP/CALL- Age gate

2019-06-21 14:14:48 - [TEST_STEP][PASSED] - openBrowser(""): Browser is opened with url: ''

2019-06-21 14:14:48 - [MESSAGE][WARNING] - A browser is already opened. Closing browser and opening a new one

2019-06-21 14:14:49 - [MESSAGE][INFO] - Starting 'Firefox' driver

2019-06-21 14:14:51 - [MESSAGE][PASSED] - Browser is opened with url: ''

2019-06-21 14:14:51 - [TEST_STEP][PASSED] - navigateToUrl("https://ocs.ca/?fts=0&preview_theme_id=74057975628"): Navigate to 'https://ocs.ca/?fts=0&preview_theme_id=74057975628' successfully

2019-06-21 14:14:59 - [MESSAGE][PASSED] - Navigate to 'https://ocs.ca/?fts=0&preview_theme_id=74057975628' successfully

2019-06-21 14:14:59 - [TEST_STEP][PASSED] - maximizeWindow(): Current window maximized

2019-06-21 14:14:59 - [MESSAGE][PASSED] - Current window maximized

2019-06-21 14:14:59 - [TEST_STEP][PASSED] - delay(2): Delayed 2 second(s)

2019-06-21 14:15:01 - [MESSAGE][PASSED] - Delayed 2 second(s)

2019-06-21 14:15:01 - [TEST_STEP][PASSED] - executeJavaScript("var previewBar = document.getElementById("preview-bar-iframe"); previewBar.style.display = "none";", []): Execute JavaScript 'var previewBar = document.getElementById("preview-bar-iframe"); previewBar.style.display = "none";' successfully

2019-06-21 14:15:01 - [MESSAGE][PASSED] - Execute JavaScript 'var previewBar = document.getElementById("preview-bar-iframe"); previewBar.style.display = "none";' successfully

2019-06-21 14:15:01 - [TEST_STEP][PASSED] - selectOptionByValue(findTestObject("OCS-DESKTOP/Age gate and Mega menu/Date"), "12", true): All options with value '12' are selected in object 'Object Repository/OCS-DESKTOP/Age gate and Mega menu/Date'  using regular expression

2019-06-21 14:15:02 - [MESSAGE][PASSED] - All options with value '12' are selected in object 'Object Repository/OCS-DESKTOP/Age gate and Mega menu/Date'  using regular expression

2019-06-21 14:15:02 - [TEST_STEP][PASSED] - selectOptionByValue(findTestObject("OCS-DESKTOP/Age gate and Mega menu/month"), "6", true): All options with value '6' are selected in object 'Object Repository/OCS-DESKTOP/Age gate and Mega menu/month'  using regular expression

2019-06-21 14:15:02 - [MESSAGE][PASSED] - All options with value '6' are selected in object 'Object Repository/OCS-DESKTOP/Age gate and Mega menu/month'  using regular expression

2019-06-21 14:15:02 - [TEST_STEP][PASSED] - delay(2): Delayed 2 second(s)

2019-06-21 14:15:04 - [MESSAGE][PASSED] - Delayed 2 second(s)

2019-06-21 14:15:04 - [TEST_STEP][PASSED] - selectOptionByValue(findTestObject("OCS-DESKTOP/Age gate and Mega menu/Year Dropdown"), "1990", true): All options with value '1990' are selected in object 'Object Repository/OCS-DESKTOP/Age gate and Mega menu/Year Dropdown'  using regular expression

2019-06-21 14:15:06 - [MESSAGE][PASSED] - All options with value '1990' are selected in object 'Object Repository/OCS-DESKTOP/Age gate and Mega menu/Year Dropdown'  using regular expression

2019-06-21 14:15:06 - [TEST_STEP][PASSED] - click(findTestObject("OCS-DESKTOP/Age gate and Mega menu/button_Verify")): Object: 'Object Repository/OCS-DESKTOP/Age gate and Mega menu/button_Verify' is clicked on

2019-06-21 14:15:06 - [MESSAGE][PASSED] - Object: 'Object Repository/OCS-DESKTOP/Age gate and Mega menu/button_Verify' is clicked on

2019-06-21 14:15:06 - [TEST_STEP][PASSED] - click(findTestObject("OCS-DESKTOP/Age gate and Mega menu/Checkbox_CONFIRM AND ACKNOWLEDGE")): Object: 'Object Repository/OCS-DESKTOP/Age gate and Mega menu/Checkbox_CONFIRM AND ACKNOWLEDGE' is clicked on

2019-06-21 14:15:06 - [MESSAGE][PASSED] - Object: 'Object Repository/OCS-DESKTOP/Age gate and Mega menu/Checkbox_CONFIRM AND ACKNOWLEDGE' is clicked on

2019-06-21 14:15:06 - [TEST_STEP][PASSED] - click(findTestObject("OCS-DESKTOP/Age gate and Mega menu/button_CONFIRM")): Object: 'Object Repository/OCS-DESKTOP/Age gate and Mega menu/button_CONFIRM' is clicked on

2019-06-21 14:15:07 - [MESSAGE][PASSED] - Object: 'Object Repository/OCS-DESKTOP/Age gate and Mega menu/button_CONFIRM' is clicked on

2019-06-21 14:15:07 - [TEST_STEP][PASSED] - click(findTestObject("OCS-DESKTOP/Age gate and Mega menu/button_Start Browsing")): Object: 'Object Repository/OCS-DESKTOP/Age gate and Mega menu/button_Start Browsing' is clicked on

2019-06-21 14:15:07 - [MESSAGE][PASSED] - Object: 'Object Repository/OCS-DESKTOP/Age gate and Mega menu/button_Start Browsing' is clicked on

2019-06-21 14:15:07 - [TEST_STEP][PASSED] - delay(2): Delayed 2 second(s)

2019-06-21 14:15:09 - [MESSAGE][PASSED] - Delayed 2 second(s)

2019-06-21 14:15:09 - [TEST_STEP][PASSED] - refresh(): Refresh successfully

2019-06-21 14:15:14 - [MESSAGE][PASSED] - Refresh successfully

2019-06-21 14:15:14 - [MESSAGE][PASSED] - Call Test Case 'Test Cases/OCS - DESKTOP/CALL- Age gate' successfully

2019-06-21 14:15:14 - [TEST_STEP][PASSED] - click(findTestObject("OCS-DESKTOP/Age gate and Mega menu/Header/CANNABIS menu - English")): Object: 'Object Repository/OCS-DESKTOP/Age gate and Mega menu/Header/CANNABIS menu - English' is clicked on

2019-06-21 14:15:15 - [MESSAGE][PASSED] - Object: 'Object Repository/OCS-DESKTOP/Age gate and Mega menu/Header/CANNABIS menu - English' is clicked on

2019-06-21 14:15:15 - [TEST_STEP][PASSED] - click(findTestObject("OCS-DESKTOP/Cannabis page/Dried flower - Indica dominant")): Object: 'Object Repository/OCS-DESKTOP/Cannabis page/Dried flower - Indica dominant' is clicked on

2019-06-21 14:15:17 - [MESSAGE][PASSED] - Object: 'Object Repository/OCS-DESKTOP/Cannabis page/Dried flower - Indica dominant' is clicked on

2019-06-21 14:15:17 - [TEST_STEP][PASSED] - click(findTestObject("OCS-DESKTOP/breadcrumbs_OR/Page_Dried Flower  Ontario Cannabis/a_Cannabis")): Object: 'Object Repository/OCS-DESKTOP/breadcrumbs_OR/Page_Dried Flower  Ontario Cannabis/a_Cannabis' is clicked on

2019-06-21 14:15:20 - [MESSAGE][PASSED] - Object: 'Object Repository/OCS-DESKTOP/breadcrumbs_OR/Page_Dried Flower  Ontario Cannabis/a_Cannabis' is clicked on

2019-06-21 14:15:20 - [TEST_STEP][PASSED] - executeJavaScript("var previewBar = document.getElementById("preview-bar-iframe"); previewBar.style.display = "none";", []): Execute JavaScript 'var previewBar = document.getElementById("preview-bar-iframe"); previewBar.style.display = "none";' successfully

2019-06-21 14:15:20 - [MESSAGE][PASSED] - Execute JavaScript 'var previewBar = document.getElementById("preview-bar-iframe"); previewBar.style.display = "none";' successfully

2019-06-21 14:15:20 - [TEST_STEP][PASSED] - a = getWindowTitle(): Current window's title is: 'All Cannabis Products | Ontario Cannabis Store'

2019-06-21 14:15:20 - [MESSAGE][PASSED] - Current window's title is: 'All Cannabis Products | Ontario Cannabis Store'

2019-06-21 14:15:20 - [TEST_STEP][PASSED] - comment(a): All Cannabis Products | Ontario Cannabis Store

2019-06-21 14:15:20 - [MESSAGE][INFO] - All Cannabis Products | Ontario Cannabis Store

2019-06-21 14:15:20 - [TEST_STEP][PASSED] - assert getWindowTitle() == a: Current window's title is: 'All Cannabis Products | Ontario Cannabis Store'

2019-06-21 14:15:20 - [MESSAGE][PASSED] - Current window's title is: 'All Cannabis Products | Ontario Cannabis Store'

2019-06-21 14:15:20 - [TEST_STEP][PASSED] - click(findTestObject("OCS-DESKTOP/breadcrumbs_OR/Page_All Cannabis Products  Ontario/a_Home")): Object: 'Object Repository/OCS-DESKTOP/breadcrumbs_OR/Page_All Cannabis Products  Ontario/a_Home' is clicked on

2019-06-21 14:15:24 - [MESSAGE][PASSED] - Object: 'Object Repository/OCS-DESKTOP/breadcrumbs_OR/Page_All Cannabis Products  Ontario/a_Home' is clicked on

2019-06-21 14:15:24 - [TEST_STEP][PASSED] - b = getWindowTitle(): Current window's title is: 'Ontario Cannabis Store | Ontario Cannabis Store'

2019-06-21 14:15:24 - [MESSAGE][PASSED] - Current window's title is: 'Ontario Cannabis Store | Ontario Cannabis Store'

2019-06-21 14:15:24 - [TEST_STEP][PASSED] - comment(b): Ontario Cannabis Store | Ontario Cannabis Store

2019-06-21 14:15:24 - [MESSAGE][INFO] - Ontario Cannabis Store | Ontario Cannabis Store

2019-06-21 14:15:24 - [TEST_STEP][PASSED] - assert getWindowTitle() == b: Current window's title is: 'Ontario Cannabis Store | Ontario Cannabis Store'

2019-06-21 14:15:24 - [MESSAGE][PASSED] - Current window's title is: 'Ontario Cannabis Store | Ontario Cannabis Store']]></system-out>
         <system-err><![CDATA[]]></system-err>
      </testcase>
      <testcase name="Test Cases/OCS - DESKTOP/OCS-COLLECTION PAGE/Pagination" classname="Test Cases/OCS - DESKTOP/OCS-COLLECTION PAGE/Pagination" status="FAILED">
         <failure type="FAILED" message="Test Cases/OCS - DESKTOP/OCS-COLLECTION PAGE/Pagination FAILED.
Reason:
com.kms.katalon.core.exception.StepFailedException: Unable to click on object 'Object Repository/OCS-DESKTOP/Pagination_OR/Page_Pre-Rolled  Ontario Cannabis S/a_2 - down' (Root cause: com.kms.katalon.core.webui.exception.WebElementNotFoundException: Web element with id: 'Object Repository/OCS-DESKTOP/Pagination_OR/Page_Pre-Rolled  Ontario Cannabis S/a_2 - down' located by 'By.xpath: //div[@class='pagination--top']//a[@class='js-page-link'][contains(text(),'2')]' not found)
	at com.kms.katalon.core.keyword.internal.KeywordMain.stepFailed(KeywordMain.groovy:36)
	at com.kms.katalon.core.webui.keyword.internal.WebUIKeywordMain.stepFailed(WebUIKeywordMain.groovy:65)
	at com.kms.katalon.core.webui.keyword.internal.WebUIKeywordMain.runKeyword(WebUIKeywordMain.groovy:27)
	at com.kms.katalon.core.webui.keyword.builtin.ClickKeyword.click(ClickKeyword.groovy:86)
	at com.kms.katalon.core.webui.keyword.builtin.ClickKeyword.execute(ClickKeyword.groovy:67)
	at com.kms.katalon.core.keyword.internal.KeywordExecutor.executeKeywordForPlatform(KeywordExecutor.groovy:53)
	at com.kms.katalon.core.webui.keyword.WebUiBuiltInKeywords.click(WebUiBuiltInKeywords.groovy:616)
	at com.kms.katalon.core.webui.keyword.WebUiBuiltInKeywords$click$4.call(Unknown Source)
	at Pagination.run(Pagination:75)
	at com.kms.katalon.core.main.ScriptEngine.run(ScriptEngine.java:194)
	at com.kms.katalon.core.main.ScriptEngine.runScriptAsRawText(ScriptEngine.java:119)
	at com.kms.katalon.core.main.TestCaseExecutor.runScript(TestCaseExecutor.java:328)
	at com.kms.katalon.core.main.TestCaseExecutor.doExecute(TestCaseExecutor.java:319)
	at com.kms.katalon.core.main.TestCaseExecutor.processExecutionPhase(TestCaseExecutor.java:298)
	at com.kms.katalon.core.main.TestCaseExecutor.accessMainPhase(TestCaseExecutor.java:290)
	at com.kms.katalon.core.main.TestCaseExecutor.execute(TestCaseExecutor.java:224)
	at com.kms.katalon.core.main.TestSuiteExecutor.accessTestCaseMainPhase(TestSuiteExecutor.java:129)
	at com.kms.katalon.core.main.TestSuiteExecutor.accessTestSuiteMainPhase(TestSuiteExecutor.java:112)
	at com.kms.katalon.core.main.TestSuiteExecutor.execute(TestSuiteExecutor.java:81)
	at com.kms.katalon.core.main.TestCaseMain.startTestSuite(TestCaseMain.java:149)
	at com.kms.katalon.core.main.TestCaseMain$startTestSuite$0.call(Unknown Source)
	at TempTestSuite1561139430530.run(TempTestSuite1561139430530.groovy:36)
"/>
         <system-out><![CDATA[2019-06-21 14:15:24 - [TEST_CASE][FAILED] - Test Cases/OCS - DESKTOP/OCS-COLLECTION PAGE/Pagination: Test Cases/OCS - DESKTOP/OCS-COLLECTION PAGE/Pagination FAILED.
Reason:
com.kms.katalon.core.exception.StepFailedException: Unable to click on object 'Object Repository/OCS-DESKTOP/Pagination_OR/Page_Pre-Rolled  Ontario Cannabis S/a_2 - down' (Root cause: com.kms.katalon.core.webui.exception.WebElementNotFoundException: Web element with id: 'Object Repository/OCS-DESKTOP/Pagination_OR/Page_Pre-Rolled  Ontario Cannabis S/a_2 - down' located by 'By.xpath: //div[@class='pagination--top']//a[@class='js-page-link'][contains(text(),'2')]' not found)
	at com.kms.katalon.core.keyword.internal.KeywordMain.stepFailed(KeywordMain.groovy:36)
	at com.kms.katalon.core.webui.keyword.internal.WebUIKeywordMain.stepFailed(WebUIKeywordMain.groovy:65)
	at com.kms.katalon.core.webui.keyword.internal.WebUIKeywordMain.runKeyword(WebUIKeywordMain.groovy:27)
	at com.kms.katalon.core.webui.keyword.builtin.ClickKeyword.click(ClickKeyword.groovy:86)
	at com.kms.katalon.core.webui.keyword.builtin.ClickKeyword.execute(ClickKeyword.groovy:67)
	at com.kms.katalon.core.keyword.internal.KeywordExecutor.executeKeywordForPlatform(KeywordExecutor.groovy:53)
	at com.kms.katalon.core.webui.keyword.WebUiBuiltInKeywords.click(WebUiBuiltInKeywords.groovy:616)
	at com.kms.katalon.core.webui.keyword.WebUiBuiltInKeywords$click$4.call(Unknown Source)
	at Pagination.run(Pagination:75)
	at com.kms.katalon.core.main.ScriptEngine.run(ScriptEngine.java:194)
	at com.kms.katalon.core.main.ScriptEngine.runScriptAsRawText(ScriptEngine.java:119)
	at com.kms.katalon.core.main.TestCaseExecutor.runScript(TestCaseExecutor.java:328)
	at com.kms.katalon.core.main.TestCaseExecutor.doExecute(TestCaseExecutor.java:319)
	at com.kms.katalon.core.main.TestCaseExecutor.processExecutionPhase(TestCaseExecutor.java:298)
	at com.kms.katalon.core.main.TestCaseExecutor.accessMainPhase(TestCaseExecutor.java:290)
	at com.kms.katalon.core.main.TestCaseExecutor.execute(TestCaseExecutor.java:224)
	at com.kms.katalon.core.main.TestSuiteExecutor.accessTestCaseMainPhase(TestSuiteExecutor.java:129)
	at com.kms.katalon.core.main.TestSuiteExecutor.accessTestSuiteMainPhase(TestSuiteExecutor.java:112)
	at com.kms.katalon.core.main.TestSuiteExecutor.execute(TestSuiteExecutor.java:81)
	at com.kms.katalon.core.main.TestCaseMain.startTestSuite(TestCaseMain.java:149)
	at com.kms.katalon.core.main.TestCaseMain$startTestSuite$0.call(Unknown Source)
	at TempTestSuite1561139430530.run(TempTestSuite1561139430530.groovy:36)


2019-06-21 14:15:24 - [TEST_STEP][PASSED] - callTestCase(findTestCase("OCS - DESKTOP/CALL- Age gate"), [:], STOP_ON_FAILURE): Call Test Case 'Test Cases/OCS - DESKTOP/CALL- Age gate' successfully

2019-06-21 14:15:24 - [TEST_CASE][PASSED] - Test Cases/OCS - DESKTOP/CALL- Age gate: Test Cases/OCS - DESKTOP/CALL- Age gate

2019-06-21 14:15:24 - [TEST_STEP][PASSED] - openBrowser(""): Browser is opened with url: ''

2019-06-21 14:15:24 - [MESSAGE][WARNING] - A browser is already opened. Closing browser and opening a new one

2019-06-21 14:15:45 - [MESSAGE][INFO] - Starting 'Firefox' driver

2019-06-21 14:15:47 - [MESSAGE][PASSED] - Browser is opened with url: ''

2019-06-21 14:15:47 - [TEST_STEP][PASSED] - navigateToUrl("https://ocs.ca/?fts=0&preview_theme_id=74057975628"): Navigate to 'https://ocs.ca/?fts=0&preview_theme_id=74057975628' successfully

2019-06-21 14:15:51 - [MESSAGE][PASSED] - Navigate to 'https://ocs.ca/?fts=0&preview_theme_id=74057975628' successfully

2019-06-21 14:15:51 - [TEST_STEP][PASSED] - maximizeWindow(): Current window maximized

2019-06-21 14:15:52 - [MESSAGE][PASSED] - Current window maximized

2019-06-21 14:15:52 - [TEST_STEP][PASSED] - delay(2): Delayed 2 second(s)

2019-06-21 14:15:54 - [MESSAGE][PASSED] - Delayed 2 second(s)

2019-06-21 14:15:54 - [TEST_STEP][PASSED] - executeJavaScript("var previewBar = document.getElementById("preview-bar-iframe"); previewBar.style.display = "none";", []): Execute JavaScript 'var previewBar = document.getElementById("preview-bar-iframe"); previewBar.style.display = "none";' successfully

2019-06-21 14:15:54 - [MESSAGE][PASSED] - Execute JavaScript 'var previewBar = document.getElementById("preview-bar-iframe"); previewBar.style.display = "none";' successfully

2019-06-21 14:15:54 - [TEST_STEP][PASSED] - selectOptionByValue(findTestObject("OCS-DESKTOP/Age gate and Mega menu/Date"), "12", true): All options with value '12' are selected in object 'Object Repository/OCS-DESKTOP/Age gate and Mega menu/Date'  using regular expression

2019-06-21 14:15:54 - [MESSAGE][PASSED] - All options with value '12' are selected in object 'Object Repository/OCS-DESKTOP/Age gate and Mega menu/Date'  using regular expression

2019-06-21 14:15:54 - [TEST_STEP][PASSED] - selectOptionByValue(findTestObject("OCS-DESKTOP/Age gate and Mega menu/month"), "6", true): All options with value '6' are selected in object 'Object Repository/OCS-DESKTOP/Age gate and Mega menu/month'  using regular expression

2019-06-21 14:15:55 - [MESSAGE][PASSED] - All options with value '6' are selected in object 'Object Repository/OCS-DESKTOP/Age gate and Mega menu/month'  using regular expression

2019-06-21 14:15:55 - [TEST_STEP][PASSED] - delay(2): Delayed 2 second(s)

2019-06-21 14:15:57 - [MESSAGE][PASSED] - Delayed 2 second(s)

2019-06-21 14:15:57 - [TEST_STEP][PASSED] - selectOptionByValue(findTestObject("OCS-DESKTOP/Age gate and Mega menu/Year Dropdown"), "1990", true): All options with value '1990' are selected in object 'Object Repository/OCS-DESKTOP/Age gate and Mega menu/Year Dropdown'  using regular expression

2019-06-21 14:15:59 - [MESSAGE][PASSED] - All options with value '1990' are selected in object 'Object Repository/OCS-DESKTOP/Age gate and Mega menu/Year Dropdown'  using regular expression

2019-06-21 14:15:59 - [TEST_STEP][PASSED] - click(findTestObject("OCS-DESKTOP/Age gate and Mega menu/button_Verify")): Object: 'Object Repository/OCS-DESKTOP/Age gate and Mega menu/button_Verify' is clicked on

2019-06-21 14:15:59 - [MESSAGE][PASSED] - Object: 'Object Repository/OCS-DESKTOP/Age gate and Mega menu/button_Verify' is clicked on

2019-06-21 14:15:59 - [TEST_STEP][PASSED] - click(findTestObject("OCS-DESKTOP/Age gate and Mega menu/Checkbox_CONFIRM AND ACKNOWLEDGE")): Object: 'Object Repository/OCS-DESKTOP/Age gate and Mega menu/Checkbox_CONFIRM AND ACKNOWLEDGE' is clicked on

2019-06-21 14:15:59 - [MESSAGE][PASSED] - Object: 'Object Repository/OCS-DESKTOP/Age gate and Mega menu/Checkbox_CONFIRM AND ACKNOWLEDGE' is clicked on

2019-06-21 14:15:59 - [TEST_STEP][PASSED] - click(findTestObject("OCS-DESKTOP/Age gate and Mega menu/button_CONFIRM")): Object: 'Object Repository/OCS-DESKTOP/Age gate and Mega menu/button_CONFIRM' is clicked on

2019-06-21 14:15:59 - [MESSAGE][PASSED] - Object: 'Object Repository/OCS-DESKTOP/Age gate and Mega menu/button_CONFIRM' is clicked on

2019-06-21 14:15:59 - [TEST_STEP][PASSED] - click(findTestObject("OCS-DESKTOP/Age gate and Mega menu/button_Start Browsing")): Object: 'Object Repository/OCS-DESKTOP/Age gate and Mega menu/button_Start Browsing' is clicked on

2019-06-21 14:16:00 - [MESSAGE][PASSED] - Object: 'Object Repository/OCS-DESKTOP/Age gate and Mega menu/button_Start Browsing' is clicked on

2019-06-21 14:16:00 - [TEST_STEP][PASSED] - delay(2): Delayed 2 second(s)

2019-06-21 14:16:02 - [MESSAGE][PASSED] - Delayed 2 second(s)

2019-06-21 14:16:02 - [TEST_STEP][PASSED] - refresh(): Refresh successfully

2019-06-21 14:16:07 - [MESSAGE][PASSED] - Refresh successfully

2019-06-21 14:16:07 - [MESSAGE][PASSED] - Call Test Case 'Test Cases/OCS - DESKTOP/CALL- Age gate' successfully

2019-06-21 14:16:07 - [TEST_STEP][PASSED] - click(findTestObject("OCS-DESKTOP/Age gate and Mega menu/Header/CANNABIS menu - English")): Object: 'Object Repository/OCS-DESKTOP/Age gate and Mega menu/Header/CANNABIS menu - English' is clicked on

2019-06-21 14:16:07 - [MESSAGE][PASSED] - Object: 'Object Repository/OCS-DESKTOP/Age gate and Mega menu/Header/CANNABIS menu - English' is clicked on

2019-06-21 14:16:07 - [TEST_STEP][PASSED] - delay(2): Delayed 2 second(s)

2019-06-21 14:16:09 - [MESSAGE][PASSED] - Delayed 2 second(s)

2019-06-21 14:16:09 - [TEST_STEP][PASSED] - click(findTestObject("OCS-DESKTOP/Cannabis page/Prerolled - Indica dominant")): Object: 'Object Repository/OCS-DESKTOP/Cannabis page/Prerolled - Indica dominant' is clicked on

2019-06-21 14:16:11 - [MESSAGE][PASSED] - Object: 'Object Repository/OCS-DESKTOP/Cannabis page/Prerolled - Indica dominant' is clicked on

2019-06-21 14:16:11 - [TEST_STEP][PASSED] - executeJavaScript("var previewBar = document.getElementById("preview-bar-iframe"); previewBar.style.display = "none";", []): Execute JavaScript 'var previewBar = document.getElementById("preview-bar-iframe"); previewBar.style.display = "none";' successfully

2019-06-21 14:16:11 - [MESSAGE][PASSED] - Execute JavaScript 'var previewBar = document.getElementById("preview-bar-iframe"); previewBar.style.display = "none";' successfully

2019-06-21 14:16:11 - [TEST_STEP][PASSED] - delay(2): Delayed 2 second(s)

2019-06-21 14:16:13 - [MESSAGE][PASSED] - Delayed 2 second(s)

2019-06-21 14:16:13 - [TEST_STEP][PASSED] - click(findTestObject("OCS-DESKTOP/Pagination_OR/Page_Pre-Rolled  Ontario Cannabis S/a_2")): Object: 'Object Repository/OCS-DESKTOP/Pagination_OR/Page_Pre-Rolled  Ontario Cannabis S/a_2' is clicked on

2019-06-21 14:16:14 - [MESSAGE][PASSED] - Object: 'Object Repository/OCS-DESKTOP/Pagination_OR/Page_Pre-Rolled  Ontario Cannabis S/a_2' is clicked on

2019-06-21 14:16:14 - [TEST_STEP][NOT_RUN] - delay(2): NOT_RUN: delay(2)

2019-06-21 14:16:14 - [MESSAGE][NOT_RUN] - NOT_RUN: delay(2)

2019-06-21 14:16:14 - [TEST_STEP][NOT_RUN] - scrollToPosition(570, 49): NOT_RUN: scrollToPosition(570, 49)

2019-06-21 14:16:14 - [MESSAGE][NOT_RUN] - NOT_RUN: scrollToPosition(570, 49)

2019-06-21 14:16:14 - [TEST_STEP][NOT_RUN] - click(findTestObject("COLLECTION PAGE _OR/Pagination_OR/Page_Pre-Rolled  Ontario Cannabis S/a_3"), STOP_ON_FAILURE): NOT_RUN: click(findTestObject("COLLECTION PAGE _OR/Pagination_OR/Page_Pre-Rolled  Ontario Cannabis S/a_3"), STOP_ON_FAILURE)

2019-06-21 14:16:14 - [MESSAGE][NOT_RUN] - NOT_RUN: click(findTestObject("COLLECTION PAGE _OR/Pagination_OR/Page_Pre-Rolled  Ontario Cannabis S/a_3"), STOP_ON_FAILURE)

2019-06-21 14:16:14 - [TEST_STEP][PASSED] - delay(2): Delayed 2 second(s)

2019-06-21 14:16:16 - [MESSAGE][PASSED] - Delayed 2 second(s)

2019-06-21 14:16:16 - [TEST_STEP][PASSED] - scrollToPosition(570, 49): Browser is scrolled to position x = 570, y = 49

2019-06-21 14:16:16 - [MESSAGE][PASSED] - Browser is scrolled to position x = 570, y = 49

2019-06-21 14:16:16 - [TEST_STEP][PASSED] - delay(2): Delayed 2 second(s)

2019-06-21 14:16:18 - [MESSAGE][PASSED] - Delayed 2 second(s)

2019-06-21 14:16:18 - [TEST_STEP][PASSED] - click(findTestObject("OCS-DESKTOP/Pagination_OR/Page_Pre-Rolled  Ontario Cannabis S/a_Previous")): Object: 'Object Repository/OCS-DESKTOP/Pagination_OR/Page_Pre-Rolled  Ontario Cannabis S/a_Previous' is clicked on

2019-06-21 14:16:18 - [MESSAGE][PASSED] - Object: 'Object Repository/OCS-DESKTOP/Pagination_OR/Page_Pre-Rolled  Ontario Cannabis S/a_Previous' is clicked on

2019-06-21 14:16:18 - [TEST_STEP][PASSED] - delay(2): Delayed 2 second(s)

2019-06-21 14:16:20 - [MESSAGE][PASSED] - Delayed 2 second(s)

2019-06-21 14:16:20 - [TEST_STEP][PASSED] - scrollToPosition(570, 49): Browser is scrolled to position x = 570, y = 49

2019-06-21 14:16:20 - [MESSAGE][PASSED] - Browser is scrolled to position x = 570, y = 49

2019-06-21 14:16:20 - [TEST_STEP][PASSED] - click(findTestObject("OCS-DESKTOP/Pagination_OR/Page_Pre-Rolled  Ontario Cannabis S/a_Next")): Object: 'Object Repository/OCS-DESKTOP/Pagination_OR/Page_Pre-Rolled  Ontario Cannabis S/a_Next' is clicked on

2019-06-21 14:16:20 - [MESSAGE][PASSED] - Object: 'Object Repository/OCS-DESKTOP/Pagination_OR/Page_Pre-Rolled  Ontario Cannabis S/a_Next' is clicked on

2019-06-21 14:16:20 - [TEST_STEP][PASSED] - delay(2): Delayed 2 second(s)

2019-06-21 14:16:22 - [MESSAGE][PASSED] - Delayed 2 second(s)

2019-06-21 14:16:22 - [TEST_STEP][PASSED] - executeJavaScript("var previewBar = document.getElementById("preview-bar-iframe"); previewBar.style.display = "none";", []): Execute JavaScript 'var previewBar = document.getElementById("preview-bar-iframe"); previewBar.style.display = "none";' successfully

2019-06-21 14:16:22 - [MESSAGE][PASSED] - Execute JavaScript 'var previewBar = document.getElementById("preview-bar-iframe"); previewBar.style.display = "none";' successfully

2019-06-21 14:16:22 - [TEST_STEP][PASSED] - click(findTestObject("OCS-DESKTOP/Pagination_OR/Page_Pre-Rolled  Ontario Cannabis S/a_What to consider")): Object: 'Object Repository/OCS-DESKTOP/Pagination_OR/Page_Pre-Rolled  Ontario Cannabis S/a_What to consider' is clicked on

2019-06-21 14:16:26 - [MESSAGE][PASSED] - Object: 'Object Repository/OCS-DESKTOP/Pagination_OR/Page_Pre-Rolled  Ontario Cannabis S/a_What to consider' is clicked on

2019-06-21 14:16:26 - [TEST_STEP][PASSED] - back(): Navigate back successfully

2019-06-21 14:16:28 - [MESSAGE][PASSED] - Navigate back successfully

2019-06-21 14:16:28 - [TEST_STEP][PASSED] - executeJavaScript("var previewBar = document.getElementById("preview-bar-iframe"); previewBar.style.display = "none";", []): Execute JavaScript 'var previewBar = document.getElementById("preview-bar-iframe"); previewBar.style.display = "none";' successfully

2019-06-21 14:16:28 - [MESSAGE][PASSED] - Execute JavaScript 'var previewBar = document.getElementById("preview-bar-iframe"); previewBar.style.display = "none";' successfully

2019-06-21 14:16:28 - [TEST_STEP][PASSED] - delay(4): Delayed 4 second(s)

2019-06-21 14:16:32 - [MESSAGE][PASSED] - Delayed 4 second(s)

2019-06-21 14:16:32 - [TEST_STEP][PASSED] - click(findTestObject("OCS-DESKTOP/Pagination_OR/Page_Pre-Rolled  Ontario Cannabis S/a_Previous")): Object: 'Object Repository/OCS-DESKTOP/Pagination_OR/Page_Pre-Rolled  Ontario Cannabis S/a_Previous' is clicked on

2019-06-21 14:16:32 - [MESSAGE][PASSED] - Object: 'Object Repository/OCS-DESKTOP/Pagination_OR/Page_Pre-Rolled  Ontario Cannabis S/a_Previous' is clicked on

2019-06-21 14:16:32 - [TEST_STEP][PASSED] - delay(2): Delayed 2 second(s)

2019-06-21 14:16:34 - [MESSAGE][PASSED] - Delayed 2 second(s)

2019-06-21 14:16:34 - [TEST_STEP][PASSED] - delay(2): Delayed 2 second(s)

2019-06-21 14:16:36 - [MESSAGE][PASSED] - Delayed 2 second(s)

2019-06-21 14:16:36 - [TEST_STEP][PASSED] - click(findTestObject("OCS-DESKTOP/Pagination_OR/Page_Pre-Rolled  Ontario Cannabis S/a_Next - down")): Object: 'Object Repository/OCS-DESKTOP/Pagination_OR/Page_Pre-Rolled  Ontario Cannabis S/a_Next - down' is clicked on

2019-06-21 14:16:37 - [MESSAGE][PASSED] - Object: 'Object Repository/OCS-DESKTOP/Pagination_OR/Page_Pre-Rolled  Ontario Cannabis S/a_Next - down' is clicked on

2019-06-21 14:16:37 - [TEST_STEP][PASSED] - delay(2): Delayed 2 second(s)

2019-06-21 14:16:39 - [MESSAGE][PASSED] - Delayed 2 second(s)

2019-06-21 14:16:39 - [TEST_STEP][FAILED] - click(findTestObject("OCS-DESKTOP/Pagination_OR/Page_Pre-Rolled  Ontario Cannabis S/a_2 - down")): click(findTestObject("OCS-DESKTOP/Pagination_OR/Page_Pre-Rolled  Ontario Cannabis S/a_2 - down")) FAILED.
Reason:
com.kms.katalon.core.exception.StepFailedException: Unable to click on object 'Object Repository/OCS-DESKTOP/Pagination_OR/Page_Pre-Rolled  Ontario Cannabis S/a_2 - down' (Root cause: com.kms.katalon.core.webui.exception.WebElementNotFoundException: Web element with id: 'Object Repository/OCS-DESKTOP/Pagination_OR/Page_Pre-Rolled  Ontario Cannabis S/a_2 - down' located by 'By.xpath: //div[@class='pagination--top']//a[@class='js-page-link'][contains(text(),'2')]' not found)
	at com.kms.katalon.core.keyword.internal.KeywordMain.stepFailed(KeywordMain.groovy:36)
	at com.kms.katalon.core.webui.keyword.internal.WebUIKeywordMain.stepFailed(WebUIKeywordMain.groovy:65)
	at com.kms.katalon.core.webui.keyword.internal.WebUIKeywordMain.runKeyword(WebUIKeywordMain.groovy:27)
	at com.kms.katalon.core.webui.keyword.builtin.ClickKeyword.click(ClickKeyword.groovy:86)
	at com.kms.katalon.core.webui.keyword.builtin.ClickKeyword.execute(ClickKeyword.groovy:67)
	at com.kms.katalon.core.keyword.internal.KeywordExecutor.executeKeywordForPlatform(KeywordExecutor.groovy:53)
	at com.kms.katalon.core.webui.keyword.WebUiBuiltInKeywords.click(WebUiBuiltInKeywords.groovy:616)
	at com.kms.katalon.core.webui.keyword.WebUiBuiltInKeywords$click$4.call(Unknown Source)
	at Pagination.run(Pagination:75)
	at com.kms.katalon.core.main.ScriptEngine.run(ScriptEngine.java:194)
	at com.kms.katalon.core.main.ScriptEngine.runScriptAsRawText(ScriptEngine.java:119)
	at com.kms.katalon.core.main.TestCaseExecutor.runScript(TestCaseExecutor.java:328)
	at com.kms.katalon.core.main.TestCaseExecutor.doExecute(TestCaseExecutor.java:319)
	at com.kms.katalon.core.main.TestCaseExecutor.processExecutionPhase(TestCaseExecutor.java:298)
	at com.kms.katalon.core.main.TestCaseExecutor.accessMainPhase(TestCaseExecutor.java:290)
	at com.kms.katalon.core.main.TestCaseExecutor.execute(TestCaseExecutor.java:224)
	at com.kms.katalon.core.main.TestSuiteExecutor.accessTestCaseMainPhase(TestSuiteExecutor.java:129)
	at com.kms.katalon.core.main.TestSuiteExecutor.accessTestSuiteMainPhase(TestSuiteExecutor.java:112)
	at com.kms.katalon.core.main.TestSuiteExecutor.execute(TestSuiteExecutor.java:81)
	at com.kms.katalon.core.main.TestCaseMain.startTestSuite(TestCaseMain.java:149)
	at com.kms.katalon.core.main.TestCaseMain$startTestSuite$0.call(Unknown Source)
	at TempTestSuite1561139430530.run(TempTestSuite1561139430530.groovy:36)


2019-06-21 14:17:10 - [MESSAGE][INFO] - Unable to find the element located by 'By.xpath: //div[@class='pagination--top']//a[@class='js-page-link'][contains(text(),'2')]'. Please recheck the objects properties to make sure the desired element is located. 

2019-06-21 14:17:10 - [MESSAGE][FAILED] - Unable to click on object 'Object Repository/OCS-DESKTOP/Pagination_OR/Page_Pre-Rolled  Ontario Cannabis S/a_2 - down' (Root cause: com.kms.katalon.core.webui.exception.WebElementNotFoundException: Web element with id: 'Object Repository/OCS-DESKTOP/Pagination_OR/Page_Pre-Rolled  Ontario Cannabis S/a_2 - down' located by 'By.xpath: //div[@class='pagination--top']//a[@class='js-page-link'][contains(text(),'2')]' not found)
[[ATTACHMENT|/Users/sumankompelly/Relative xpath-Desktop/Reports/OCS-1.11/20190621_135030/1561141030247.png]]

2019-06-21 14:17:10 - [MESSAGE][FAILED] - click(findTestObject("OCS-DESKTOP/Pagination_OR/Page_Pre-Rolled  Ontario Cannabis S/a_2 - down")) FAILED.
Reason:
com.kms.katalon.core.exception.StepFailedException: Unable to click on object 'Object Repository/OCS-DESKTOP/Pagination_OR/Page_Pre-Rolled  Ontario Cannabis S/a_2 - down' (Root cause: com.kms.katalon.core.webui.exception.WebElementNotFoundException: Web element with id: 'Object Repository/OCS-DESKTOP/Pagination_OR/Page_Pre-Rolled  Ontario Cannabis S/a_2 - down' located by 'By.xpath: //div[@class='pagination--top']//a[@class='js-page-link'][contains(text(),'2')]' not found)
	at com.kms.katalon.core.keyword.internal.KeywordMain.stepFailed(KeywordMain.groovy:36)
	at com.kms.katalon.core.webui.keyword.internal.WebUIKeywordMain.stepFailed(WebUIKeywordMain.groovy:65)
	at com.kms.katalon.core.webui.keyword.internal.WebUIKeywordMain.runKeyword(WebUIKeywordMain.groovy:27)
	at com.kms.katalon.core.webui.keyword.builtin.ClickKeyword.click(ClickKeyword.groovy:86)
	at com.kms.katalon.core.webui.keyword.builtin.ClickKeyword.execute(ClickKeyword.groovy:67)
	at com.kms.katalon.core.keyword.internal.KeywordExecutor.executeKeywordForPlatform(KeywordExecutor.groovy:53)
	at com.kms.katalon.core.webui.keyword.WebUiBuiltInKeywords.click(WebUiBuiltInKeywords.groovy:616)
	at com.kms.katalon.core.webui.keyword.WebUiBuiltInKeywords$click$4.call(Unknown Source)
	at Pagination.run(Pagination:75)
	at com.kms.katalon.core.main.ScriptEngine.run(ScriptEngine.java:194)
	at com.kms.katalon.core.main.ScriptEngine.runScriptAsRawText(ScriptEngine.java:119)
	at com.kms.katalon.core.main.TestCaseExecutor.runScript(TestCaseExecutor.java:328)
	at com.kms.katalon.core.main.TestCaseExecutor.doExecute(TestCaseExecutor.java:319)
	at com.kms.katalon.core.main.TestCaseExecutor.processExecutionPhase(TestCaseExecutor.java:298)
	at com.kms.katalon.core.main.TestCaseExecutor.accessMainPhase(TestCaseExecutor.java:290)
	at com.kms.katalon.core.main.TestCaseExecutor.execute(TestCaseExecutor.java:224)
	at com.kms.katalon.core.main.TestSuiteExecutor.accessTestCaseMainPhase(TestSuiteExecutor.java:129)
	at com.kms.katalon.core.main.TestSuiteExecutor.accessTestSuiteMainPhase(TestSuiteExecutor.java:112)
	at com.kms.katalon.core.main.TestSuiteExecutor.execute(TestSuiteExecutor.java:81)
	at com.kms.katalon.core.main.TestCaseMain.startTestSuite(TestCaseMain.java:149)
	at com.kms.katalon.core.main.TestCaseMain$startTestSuite$0.call(Unknown Source)
	at TempTestSuite1561139430530.run(TempTestSuite1561139430530.groovy:36)]]></system-out>
         <system-err><![CDATA[2019-06-21 14:15:24 - [TEST_CASE][FAILED] - Test Cases/OCS - DESKTOP/OCS-COLLECTION PAGE/Pagination: Test Cases/OCS - DESKTOP/OCS-COLLECTION PAGE/Pagination FAILED.
Reason:
com.kms.katalon.core.exception.StepFailedException: Unable to click on object 'Object Repository/OCS-DESKTOP/Pagination_OR/Page_Pre-Rolled  Ontario Cannabis S/a_2 - down' (Root cause: com.kms.katalon.core.webui.exception.WebElementNotFoundException: Web element with id: 'Object Repository/OCS-DESKTOP/Pagination_OR/Page_Pre-Rolled  Ontario Cannabis S/a_2 - down' located by 'By.xpath: //div[@class='pagination--top']//a[@class='js-page-link'][contains(text(),'2')]' not found)
	at com.kms.katalon.core.keyword.internal.KeywordMain.stepFailed(KeywordMain.groovy:36)
	at com.kms.katalon.core.webui.keyword.internal.WebUIKeywordMain.stepFailed(WebUIKeywordMain.groovy:65)
	at com.kms.katalon.core.webui.keyword.internal.WebUIKeywordMain.runKeyword(WebUIKeywordMain.groovy:27)
	at com.kms.katalon.core.webui.keyword.builtin.ClickKeyword.click(ClickKeyword.groovy:86)
	at com.kms.katalon.core.webui.keyword.builtin.ClickKeyword.execute(ClickKeyword.groovy:67)
	at com.kms.katalon.core.keyword.internal.KeywordExecutor.executeKeywordForPlatform(KeywordExecutor.groovy:53)
	at com.kms.katalon.core.webui.keyword.WebUiBuiltInKeywords.click(WebUiBuiltInKeywords.groovy:616)
	at com.kms.katalon.core.webui.keyword.WebUiBuiltInKeywords$click$4.call(Unknown Source)
	at Pagination.run(Pagination:75)
	at com.kms.katalon.core.main.ScriptEngine.run(ScriptEngine.java:194)
	at com.kms.katalon.core.main.ScriptEngine.runScriptAsRawText(ScriptEngine.java:119)
	at com.kms.katalon.core.main.TestCaseExecutor.runScript(TestCaseExecutor.java:328)
	at com.kms.katalon.core.main.TestCaseExecutor.doExecute(TestCaseExecutor.java:319)
	at com.kms.katalon.core.main.TestCaseExecutor.processExecutionPhase(TestCaseExecutor.java:298)
	at com.kms.katalon.core.main.TestCaseExecutor.accessMainPhase(TestCaseExecutor.java:290)
	at com.kms.katalon.core.main.TestCaseExecutor.execute(TestCaseExecutor.java:224)
	at com.kms.katalon.core.main.TestSuiteExecutor.accessTestCaseMainPhase(TestSuiteExecutor.java:129)
	at com.kms.katalon.core.main.TestSuiteExecutor.accessTestSuiteMainPhase(TestSuiteExecutor.java:112)
	at com.kms.katalon.core.main.TestSuiteExecutor.execute(TestSuiteExecutor.java:81)
	at com.kms.katalon.core.main.TestCaseMain.startTestSuite(TestCaseMain.java:149)
	at com.kms.katalon.core.main.TestCaseMain$startTestSuite$0.call(Unknown Source)
	at TempTestSuite1561139430530.run(TempTestSuite1561139430530.groovy:36)]]></system-err>
      </testcase>
      <testcase name="Test Cases/OCS - DESKTOP/OCS-COLLECTION PAGE/What to consider" classname="Test Cases/OCS - DESKTOP/OCS-COLLECTION PAGE/What to consider" status="PASSED">
         <system-out><![CDATA[2019-06-21 14:17:10 - [TEST_CASE][PASSED] - Test Cases/OCS - DESKTOP/OCS-COLLECTION PAGE/What to consider: Test Cases/OCS - DESKTOP/OCS-COLLECTION PAGE/What to consider

2019-06-21 14:17:10 - [TEST_STEP][PASSED] - callTestCase(findTestCase("OCS - DESKTOP/CALL- Age gate"), [:], STOP_ON_FAILURE): Call Test Case 'Test Cases/OCS - DESKTOP/CALL- Age gate' successfully

2019-06-21 14:17:10 - [TEST_CASE][PASSED] - Test Cases/OCS - DESKTOP/CALL- Age gate: Test Cases/OCS - DESKTOP/CALL- Age gate

2019-06-21 14:17:10 - [TEST_STEP][PASSED] - openBrowser(""): Browser is opened with url: ''

2019-06-21 14:17:10 - [MESSAGE][WARNING] - A browser is already opened. Closing browser and opening a new one

2019-06-21 14:17:31 - [MESSAGE][INFO] - Starting 'Firefox' driver

2019-06-21 14:17:33 - [MESSAGE][PASSED] - Browser is opened with url: ''

2019-06-21 14:17:33 - [TEST_STEP][PASSED] - navigateToUrl("https://ocs.ca/?fts=0&preview_theme_id=74057975628"): Navigate to 'https://ocs.ca/?fts=0&preview_theme_id=74057975628' successfully

2019-06-21 14:17:39 - [MESSAGE][PASSED] - Navigate to 'https://ocs.ca/?fts=0&preview_theme_id=74057975628' successfully

2019-06-21 14:17:39 - [TEST_STEP][PASSED] - maximizeWindow(): Current window maximized

2019-06-21 14:17:40 - [MESSAGE][PASSED] - Current window maximized

2019-06-21 14:17:40 - [TEST_STEP][PASSED] - delay(2): Delayed 2 second(s)

2019-06-21 14:17:42 - [MESSAGE][PASSED] - Delayed 2 second(s)

2019-06-21 14:17:42 - [TEST_STEP][PASSED] - executeJavaScript("var previewBar = document.getElementById("preview-bar-iframe"); previewBar.style.display = "none";", []): Execute JavaScript 'var previewBar = document.getElementById("preview-bar-iframe"); previewBar.style.display = "none";' successfully

2019-06-21 14:17:42 - [MESSAGE][PASSED] - Execute JavaScript 'var previewBar = document.getElementById("preview-bar-iframe"); previewBar.style.display = "none";' successfully

2019-06-21 14:17:42 - [TEST_STEP][PASSED] - selectOptionByValue(findTestObject("OCS-DESKTOP/Age gate and Mega menu/Date"), "12", true): All options with value '12' are selected in object 'Object Repository/OCS-DESKTOP/Age gate and Mega menu/Date'  using regular expression

2019-06-21 14:17:42 - [MESSAGE][PASSED] - All options with value '12' are selected in object 'Object Repository/OCS-DESKTOP/Age gate and Mega menu/Date'  using regular expression

2019-06-21 14:17:42 - [TEST_STEP][PASSED] - selectOptionByValue(findTestObject("OCS-DESKTOP/Age gate and Mega menu/month"), "6", true): All options with value '6' are selected in object 'Object Repository/OCS-DESKTOP/Age gate and Mega menu/month'  using regular expression

2019-06-21 14:17:43 - [MESSAGE][PASSED] - All options with value '6' are selected in object 'Object Repository/OCS-DESKTOP/Age gate and Mega menu/month'  using regular expression

2019-06-21 14:17:43 - [TEST_STEP][PASSED] - delay(2): Delayed 2 second(s)

2019-06-21 14:17:45 - [MESSAGE][PASSED] - Delayed 2 second(s)

2019-06-21 14:17:45 - [TEST_STEP][PASSED] - selectOptionByValue(findTestObject("OCS-DESKTOP/Age gate and Mega menu/Year Dropdown"), "1990", true): All options with value '1990' are selected in object 'Object Repository/OCS-DESKTOP/Age gate and Mega menu/Year Dropdown'  using regular expression

2019-06-21 14:17:46 - [MESSAGE][PASSED] - All options with value '1990' are selected in object 'Object Repository/OCS-DESKTOP/Age gate and Mega menu/Year Dropdown'  using regular expression

2019-06-21 14:17:46 - [TEST_STEP][PASSED] - click(findTestObject("OCS-DESKTOP/Age gate and Mega menu/button_Verify")): Object: 'Object Repository/OCS-DESKTOP/Age gate and Mega menu/button_Verify' is clicked on

2019-06-21 14:17:47 - [MESSAGE][PASSED] - Object: 'Object Repository/OCS-DESKTOP/Age gate and Mega menu/button_Verify' is clicked on

2019-06-21 14:17:47 - [TEST_STEP][PASSED] - click(findTestObject("OCS-DESKTOP/Age gate and Mega menu/Checkbox_CONFIRM AND ACKNOWLEDGE")): Object: 'Object Repository/OCS-DESKTOP/Age gate and Mega menu/Checkbox_CONFIRM AND ACKNOWLEDGE' is clicked on

2019-06-21 14:17:47 - [MESSAGE][PASSED] - Object: 'Object Repository/OCS-DESKTOP/Age gate and Mega menu/Checkbox_CONFIRM AND ACKNOWLEDGE' is clicked on

2019-06-21 14:17:47 - [TEST_STEP][PASSED] - click(findTestObject("OCS-DESKTOP/Age gate and Mega menu/button_CONFIRM")): Object: 'Object Repository/OCS-DESKTOP/Age gate and Mega menu/button_CONFIRM' is clicked on

2019-06-21 14:17:47 - [MESSAGE][PASSED] - Object: 'Object Repository/OCS-DESKTOP/Age gate and Mega menu/button_CONFIRM' is clicked on

2019-06-21 14:17:47 - [TEST_STEP][PASSED] - click(findTestObject("OCS-DESKTOP/Age gate and Mega menu/button_Start Browsing")): Object: 'Object Repository/OCS-DESKTOP/Age gate and Mega menu/button_Start Browsing' is clicked on

2019-06-21 14:17:47 - [MESSAGE][PASSED] - Object: 'Object Repository/OCS-DESKTOP/Age gate and Mega menu/button_Start Browsing' is clicked on

2019-06-21 14:17:47 - [TEST_STEP][PASSED] - delay(2): Delayed 2 second(s)

2019-06-21 14:17:49 - [MESSAGE][PASSED] - Delayed 2 second(s)

2019-06-21 14:17:49 - [TEST_STEP][PASSED] - refresh(): Refresh successfully

2019-06-21 14:17:54 - [MESSAGE][PASSED] - Refresh successfully

2019-06-21 14:17:54 - [MESSAGE][PASSED] - Call Test Case 'Test Cases/OCS - DESKTOP/CALL- Age gate' successfully

2019-06-21 14:17:54 - [TEST_STEP][PASSED] - delay(2): Delayed 2 second(s)

2019-06-21 14:17:56 - [MESSAGE][PASSED] - Delayed 2 second(s)

2019-06-21 14:17:56 - [TEST_STEP][NOT_RUN] - click(findTestObject("OCS-MOBILE /Age gate and burger menu/Burger menu - English")): NOT_RUN: click(findTestObject("OCS-MOBILE /Age gate and burger menu/Burger menu - English"))

2019-06-21 14:17:56 - [MESSAGE][NOT_RUN] - NOT_RUN: click(findTestObject("OCS-MOBILE /Age gate and burger menu/Burger menu - English"))

2019-06-21 14:17:56 - [TEST_STEP][PASSED] - delay(2): Delayed 2 second(s)

2019-06-21 14:17:58 - [MESSAGE][PASSED] - Delayed 2 second(s)

2019-06-21 14:17:58 - [TEST_STEP][PASSED] - click(findTestObject("OCS-DESKTOP/Age gate and Mega menu/Chevron_Cannabis")): Object: 'Object Repository/OCS-DESKTOP/Age gate and Mega menu/Chevron_Cannabis' is clicked on

2019-06-21 14:17:58 - [MESSAGE][PASSED] - Object: 'Object Repository/OCS-DESKTOP/Age gate and Mega menu/Chevron_Cannabis' is clicked on

2019-06-21 14:17:58 - [TEST_STEP][PASSED] - delay(2): Delayed 2 second(s)

2019-06-21 14:18:00 - [MESSAGE][PASSED] - Delayed 2 second(s)

2019-06-21 14:18:00 - [TEST_STEP][PASSED] - click(findTestObject("OCS-DESKTOP/Cannabis page/Dried flower")): Object: 'Object Repository/OCS-DESKTOP/Cannabis page/Dried flower' is clicked on

2019-06-21 14:18:07 - [MESSAGE][PASSED] - Object: 'Object Repository/OCS-DESKTOP/Cannabis page/Dried flower' is clicked on

2019-06-21 14:18:07 - [TEST_STEP][PASSED] - delay(2): Delayed 2 second(s)

2019-06-21 14:18:09 - [MESSAGE][PASSED] - Delayed 2 second(s)

2019-06-21 14:18:09 - [TEST_STEP][NOT_RUN] - click(findTestObject("OCS-DESKTOP/Cannabis page/Dried flower - Indica dominant")): NOT_RUN: click(findTestObject("OCS-DESKTOP/Cannabis page/Dried flower - Indica dominant"))

2019-06-21 14:18:09 - [MESSAGE][NOT_RUN] - NOT_RUN: click(findTestObject("OCS-DESKTOP/Cannabis page/Dried flower - Indica dominant"))

2019-06-21 14:18:09 - [TEST_STEP][PASSED] - executeJavaScript("var previewBar = document.getElementById("preview-bar-iframe"); previewBar.style.display = "none";", []): Execute JavaScript 'var previewBar = document.getElementById("preview-bar-iframe"); previewBar.style.display = "none";' successfully

2019-06-21 14:18:09 - [MESSAGE][PASSED] - Execute JavaScript 'var previewBar = document.getElementById("preview-bar-iframe"); previewBar.style.display = "none";' successfully

2019-06-21 14:18:09 - [TEST_STEP][PASSED] - delay(2): Delayed 2 second(s)

2019-06-21 14:18:11 - [MESSAGE][PASSED] - Delayed 2 second(s)

2019-06-21 14:18:11 - [TEST_STEP][NOT_RUN] - click(findTestObject("OCS-DESKTOP/Collection page/loadmore")): NOT_RUN: click(findTestObject("OCS-DESKTOP/Collection page/loadmore"))

2019-06-21 14:18:11 - [MESSAGE][NOT_RUN] - NOT_RUN: click(findTestObject("OCS-DESKTOP/Collection page/loadmore"))

2019-06-21 14:18:11 - [TEST_STEP][PASSED] - delay(2): Delayed 2 second(s)

2019-06-21 14:18:13 - [MESSAGE][PASSED] - Delayed 2 second(s)

2019-06-21 14:18:13 - [TEST_STEP][PASSED] - click(findTestObject("OCS-DESKTOP/Collection page/What to consider")): Object: 'Object Repository/OCS-DESKTOP/Collection page/What to consider' is clicked on

2019-06-21 14:18:17 - [MESSAGE][PASSED] - Object: 'Object Repository/OCS-DESKTOP/Collection page/What to consider' is clicked on

2019-06-21 14:18:17 - [TEST_STEP][PASSED] - verifyTextPresent("Six things to know before deciding to consume cannabis.", false): Text 'Six things to know before deciding to consume cannabis.' is present on page 

2019-06-21 14:18:18 - [MESSAGE][PASSED] - Text 'Six things to know before deciding to consume cannabis.' is present on page]]></system-out>
         <system-err><![CDATA[]]></system-err>
      </testcase>
      <testcase name="Test Cases/OCS - DESKTOP/OCS-COLLECTION PAGE/Filter" classname="Test Cases/OCS - DESKTOP/OCS-COLLECTION PAGE/Filter" status="FAILED">
         <failure type="FAILED" message="Test Cases/OCS - DESKTOP/OCS-COLLECTION PAGE/Filter FAILED.
Reason:
com.kms.katalon.core.exception.StepFailedException: Unable to click on object 'Object Repository/OCS-DESKTOP/Filter flyout/Indica Dominant' (Root cause: org.openqa.selenium.ElementNotInteractableException: Element &lt;label> could not be scrolled into view
Build info: version: '3.7.1', revision: '8a0099a', time: '2017-11-06T21:07:36.161Z'
System info: host: 'sumans-MacBook-Pro.local', ip: '2601:87:0:879f:0:0:0:1e84%en0', os.name: 'Mac OS X', os.arch: 'x86_64', os.version: '10.13.6', java.version: '1.8.0_181'
Driver info: com.kms.katalon.core.webui.driver.firefox.CGeckoDriver
Capabilities {acceptInsecureCerts: true, browserName: firefox, browserVersion: 67.0.3, javascriptEnabled: true, moz:accessibilityChecks: false, moz:buildID: 20190618025334, moz:geckodriverVersion: 0.23.0, moz:headless: false, moz:processID: 2992, moz:profile: /var/folders/1t/c55l8xzs6gq..., moz:shutdownTimeout: 60000, moz:useNonSpecCompliantPointerOrigin: false, moz:webdriverClick: true, pageLoadStrategy: normal, platform: MAC, platformName: MAC, platformVersion: 17.7.0, proxy: Proxy(direct), rotatable: false, setWindowRect: true, strictFileInteractability: false, timeouts: {implicit: 0, pageLoad: 300000, script: 30000}, unhandledPromptBehavior: dismiss and notify}
Session ID: c7d714ba-8713-574c-a205-7813a6b3a39c)
	at com.kms.katalon.core.keyword.internal.KeywordMain.stepFailed(KeywordMain.groovy:36)
	at com.kms.katalon.core.webui.keyword.internal.WebUIKeywordMain.stepFailed(WebUIKeywordMain.groovy:65)
	at com.kms.katalon.core.webui.keyword.internal.WebUIKeywordMain.runKeyword(WebUIKeywordMain.groovy:27)
	at com.kms.katalon.core.webui.keyword.builtin.ClickKeyword.click(ClickKeyword.groovy:86)
	at com.kms.katalon.core.webui.keyword.builtin.ClickKeyword.execute(ClickKeyword.groovy:67)
	at com.kms.katalon.core.keyword.internal.KeywordExecutor.executeKeywordForPlatform(KeywordExecutor.groovy:53)
	at com.kms.katalon.core.webui.keyword.WebUiBuiltInKeywords.click(WebUiBuiltInKeywords.groovy:616)
	at com.kms.katalon.core.webui.keyword.WebUiBuiltInKeywords$click$4.call(Unknown Source)
	at Filter.run(Filter:96)
	at com.kms.katalon.core.main.ScriptEngine.run(ScriptEngine.java:194)
	at com.kms.katalon.core.main.ScriptEngine.runScriptAsRawText(ScriptEngine.java:119)
	at com.kms.katalon.core.main.TestCaseExecutor.runScript(TestCaseExecutor.java:328)
	at com.kms.katalon.core.main.TestCaseExecutor.doExecute(TestCaseExecutor.java:319)
	at com.kms.katalon.core.main.TestCaseExecutor.processExecutionPhase(TestCaseExecutor.java:298)
	at com.kms.katalon.core.main.TestCaseExecutor.accessMainPhase(TestCaseExecutor.java:290)
	at com.kms.katalon.core.main.TestCaseExecutor.execute(TestCaseExecutor.java:224)
	at com.kms.katalon.core.main.TestSuiteExecutor.accessTestCaseMainPhase(TestSuiteExecutor.java:129)
	at com.kms.katalon.core.main.TestSuiteExecutor.accessTestSuiteMainPhase(TestSuiteExecutor.java:112)
	at com.kms.katalon.core.main.TestSuiteExecutor.execute(TestSuiteExecutor.java:81)
	at com.kms.katalon.core.main.TestCaseMain.startTestSuite(TestCaseMain.java:149)
	at com.kms.katalon.core.main.TestCaseMain$startTestSuite$0.call(Unknown Source)
	at TempTestSuite1561139430530.run(TempTestSuite1561139430530.groovy:36)
"/>
         <system-out><![CDATA[2019-06-21 14:18:18 - [TEST_CASE][FAILED] - Test Cases/OCS - DESKTOP/OCS-COLLECTION PAGE/Filter: Test Cases/OCS - DESKTOP/OCS-COLLECTION PAGE/Filter FAILED.
Reason:
com.kms.katalon.core.exception.StepFailedException: Unable to click on object 'Object Repository/OCS-DESKTOP/Filter flyout/Indica Dominant' (Root cause: org.openqa.selenium.ElementNotInteractableException: Element <label> could not be scrolled into view
Build info: version: '3.7.1', revision: '8a0099a', time: '2017-11-06T21:07:36.161Z'
System info: host: 'sumans-MacBook-Pro.local', ip: '2601:87:0:879f:0:0:0:1e84%en0', os.name: 'Mac OS X', os.arch: 'x86_64', os.version: '10.13.6', java.version: '1.8.0_181'
Driver info: com.kms.katalon.core.webui.driver.firefox.CGeckoDriver
Capabilities {acceptInsecureCerts: true, browserName: firefox, browserVersion: 67.0.3, javascriptEnabled: true, moz:accessibilityChecks: false, moz:buildID: 20190618025334, moz:geckodriverVersion: 0.23.0, moz:headless: false, moz:processID: 2992, moz:profile: /var/folders/1t/c55l8xzs6gq..., moz:shutdownTimeout: 60000, moz:useNonSpecCompliantPointerOrigin: false, moz:webdriverClick: true, pageLoadStrategy: normal, platform: MAC, platformName: MAC, platformVersion: 17.7.0, proxy: Proxy(direct), rotatable: false, setWindowRect: true, strictFileInteractability: false, timeouts: {implicit: 0, pageLoad: 300000, script: 30000}, unhandledPromptBehavior: dismiss and notify}
Session ID: c7d714ba-8713-574c-a205-7813a6b3a39c)
	at com.kms.katalon.core.keyword.internal.KeywordMain.stepFailed(KeywordMain.groovy:36)
	at com.kms.katalon.core.webui.keyword.internal.WebUIKeywordMain.stepFailed(WebUIKeywordMain.groovy:65)
	at com.kms.katalon.core.webui.keyword.internal.WebUIKeywordMain.runKeyword(WebUIKeywordMain.groovy:27)
	at com.kms.katalon.core.webui.keyword.builtin.ClickKeyword.click(ClickKeyword.groovy:86)
	at com.kms.katalon.core.webui.keyword.builtin.ClickKeyword.execute(ClickKeyword.groovy:67)
	at com.kms.katalon.core.keyword.internal.KeywordExecutor.executeKeywordForPlatform(KeywordExecutor.groovy:53)
	at com.kms.katalon.core.webui.keyword.WebUiBuiltInKeywords.click(WebUiBuiltInKeywords.groovy:616)
	at com.kms.katalon.core.webui.keyword.WebUiBuiltInKeywords$click$4.call(Unknown Source)
	at Filter.run(Filter:96)
	at com.kms.katalon.core.main.ScriptEngine.run(ScriptEngine.java:194)
	at com.kms.katalon.core.main.ScriptEngine.runScriptAsRawText(ScriptEngine.java:119)
	at com.kms.katalon.core.main.TestCaseExecutor.runScript(TestCaseExecutor.java:328)
	at com.kms.katalon.core.main.TestCaseExecutor.doExecute(TestCaseExecutor.java:319)
	at com.kms.katalon.core.main.TestCaseExecutor.processExecutionPhase(TestCaseExecutor.java:298)
	at com.kms.katalon.core.main.TestCaseExecutor.accessMainPhase(TestCaseExecutor.java:290)
	at com.kms.katalon.core.main.TestCaseExecutor.execute(TestCaseExecutor.java:224)
	at com.kms.katalon.core.main.TestSuiteExecutor.accessTestCaseMainPhase(TestSuiteExecutor.java:129)
	at com.kms.katalon.core.main.TestSuiteExecutor.accessTestSuiteMainPhase(TestSuiteExecutor.java:112)
	at com.kms.katalon.core.main.TestSuiteExecutor.execute(TestSuiteExecutor.java:81)
	at com.kms.katalon.core.main.TestCaseMain.startTestSuite(TestCaseMain.java:149)
	at com.kms.katalon.core.main.TestCaseMain$startTestSuite$0.call(Unknown Source)
	at TempTestSuite1561139430530.run(TempTestSuite1561139430530.groovy:36)


2019-06-21 14:18:18 - [TEST_STEP][PASSED] - callTestCase(findTestCase("OCS - DESKTOP/CALL- Age gate"), [:], STOP_ON_FAILURE): Call Test Case 'Test Cases/OCS - DESKTOP/CALL- Age gate' successfully

2019-06-21 14:18:18 - [TEST_CASE][PASSED] - Test Cases/OCS - DESKTOP/CALL- Age gate: Test Cases/OCS - DESKTOP/CALL- Age gate

2019-06-21 14:18:18 - [TEST_STEP][PASSED] - openBrowser(""): Browser is opened with url: ''

2019-06-21 14:18:18 - [MESSAGE][WARNING] - A browser is already opened. Closing browser and opening a new one

2019-06-21 14:18:39 - [MESSAGE][INFO] - Starting 'Firefox' driver

2019-06-21 14:18:41 - [MESSAGE][PASSED] - Browser is opened with url: ''

2019-06-21 14:18:41 - [TEST_STEP][PASSED] - navigateToUrl("https://ocs.ca/?fts=0&preview_theme_id=74057975628"): Navigate to 'https://ocs.ca/?fts=0&preview_theme_id=74057975628' successfully

2019-06-21 14:18:46 - [MESSAGE][PASSED] - Navigate to 'https://ocs.ca/?fts=0&preview_theme_id=74057975628' successfully

2019-06-21 14:18:46 - [TEST_STEP][PASSED] - maximizeWindow(): Current window maximized

2019-06-21 14:18:46 - [MESSAGE][PASSED] - Current window maximized

2019-06-21 14:18:46 - [TEST_STEP][PASSED] - delay(2): Delayed 2 second(s)

2019-06-21 14:18:48 - [MESSAGE][PASSED] - Delayed 2 second(s)

2019-06-21 14:18:48 - [TEST_STEP][PASSED] - executeJavaScript("var previewBar = document.getElementById("preview-bar-iframe"); previewBar.style.display = "none";", []): Execute JavaScript 'var previewBar = document.getElementById("preview-bar-iframe"); previewBar.style.display = "none";' successfully

2019-06-21 14:18:48 - [MESSAGE][PASSED] - Execute JavaScript 'var previewBar = document.getElementById("preview-bar-iframe"); previewBar.style.display = "none";' successfully

2019-06-21 14:18:48 - [TEST_STEP][PASSED] - selectOptionByValue(findTestObject("OCS-DESKTOP/Age gate and Mega menu/Date"), "12", true): All options with value '12' are selected in object 'Object Repository/OCS-DESKTOP/Age gate and Mega menu/Date'  using regular expression

2019-06-21 14:18:49 - [MESSAGE][PASSED] - All options with value '12' are selected in object 'Object Repository/OCS-DESKTOP/Age gate and Mega menu/Date'  using regular expression

2019-06-21 14:18:49 - [TEST_STEP][PASSED] - selectOptionByValue(findTestObject("OCS-DESKTOP/Age gate and Mega menu/month"), "6", true): All options with value '6' are selected in object 'Object Repository/OCS-DESKTOP/Age gate and Mega menu/month'  using regular expression

2019-06-21 14:18:49 - [MESSAGE][PASSED] - All options with value '6' are selected in object 'Object Repository/OCS-DESKTOP/Age gate and Mega menu/month'  using regular expression

2019-06-21 14:18:49 - [TEST_STEP][PASSED] - delay(2): Delayed 2 second(s)

2019-06-21 14:18:51 - [MESSAGE][PASSED] - Delayed 2 second(s)

2019-06-21 14:18:51 - [TEST_STEP][PASSED] - selectOptionByValue(findTestObject("OCS-DESKTOP/Age gate and Mega menu/Year Dropdown"), "1990", true): All options with value '1990' are selected in object 'Object Repository/OCS-DESKTOP/Age gate and Mega menu/Year Dropdown'  using regular expression

2019-06-21 14:18:53 - [MESSAGE][PASSED] - All options with value '1990' are selected in object 'Object Repository/OCS-DESKTOP/Age gate and Mega menu/Year Dropdown'  using regular expression

2019-06-21 14:18:53 - [TEST_STEP][PASSED] - click(findTestObject("OCS-DESKTOP/Age gate and Mega menu/button_Verify")): Object: 'Object Repository/OCS-DESKTOP/Age gate and Mega menu/button_Verify' is clicked on

2019-06-21 14:18:53 - [MESSAGE][PASSED] - Object: 'Object Repository/OCS-DESKTOP/Age gate and Mega menu/button_Verify' is clicked on

2019-06-21 14:18:53 - [TEST_STEP][PASSED] - click(findTestObject("OCS-DESKTOP/Age gate and Mega menu/Checkbox_CONFIRM AND ACKNOWLEDGE")): Object: 'Object Repository/OCS-DESKTOP/Age gate and Mega menu/Checkbox_CONFIRM AND ACKNOWLEDGE' is clicked on

2019-06-21 14:18:53 - [MESSAGE][PASSED] - Object: 'Object Repository/OCS-DESKTOP/Age gate and Mega menu/Checkbox_CONFIRM AND ACKNOWLEDGE' is clicked on

2019-06-21 14:18:53 - [TEST_STEP][PASSED] - click(findTestObject("OCS-DESKTOP/Age gate and Mega menu/button_CONFIRM")): Object: 'Object Repository/OCS-DESKTOP/Age gate and Mega menu/button_CONFIRM' is clicked on

2019-06-21 14:18:54 - [MESSAGE][PASSED] - Object: 'Object Repository/OCS-DESKTOP/Age gate and Mega menu/button_CONFIRM' is clicked on

2019-06-21 14:18:54 - [TEST_STEP][PASSED] - click(findTestObject("OCS-DESKTOP/Age gate and Mega menu/button_Start Browsing")): Object: 'Object Repository/OCS-DESKTOP/Age gate and Mega menu/button_Start Browsing' is clicked on

2019-06-21 14:18:54 - [MESSAGE][PASSED] - Object: 'Object Repository/OCS-DESKTOP/Age gate and Mega menu/button_Start Browsing' is clicked on

2019-06-21 14:18:54 - [TEST_STEP][PASSED] - delay(2): Delayed 2 second(s)

2019-06-21 14:18:56 - [MESSAGE][PASSED] - Delayed 2 second(s)

2019-06-21 14:18:56 - [TEST_STEP][PASSED] - refresh(): Refresh successfully

2019-06-21 14:19:00 - [MESSAGE][PASSED] - Refresh successfully

2019-06-21 14:19:00 - [MESSAGE][PASSED] - Call Test Case 'Test Cases/OCS - DESKTOP/CALL- Age gate' successfully

2019-06-21 14:19:00 - [TEST_STEP][NOT_RUN] - click(findTestObject("OCS-MOBILE /Age gate and burger menu/Burger menu - English")): NOT_RUN: click(findTestObject("OCS-MOBILE /Age gate and burger menu/Burger menu - English"))

2019-06-21 14:19:00 - [MESSAGE][NOT_RUN] - NOT_RUN: click(findTestObject("OCS-MOBILE /Age gate and burger menu/Burger menu - English"))

2019-06-21 14:19:00 - [TEST_STEP][PASSED] - delay(2): Delayed 2 second(s)

2019-06-21 14:19:02 - [MESSAGE][PASSED] - Delayed 2 second(s)

2019-06-21 14:19:02 - [TEST_STEP][PASSED] - click(findTestObject("OCS-DESKTOP/Age gate and Mega menu/Chevron_Cannabis")): Object: 'Object Repository/OCS-DESKTOP/Age gate and Mega menu/Chevron_Cannabis' is clicked on

2019-06-21 14:19:03 - [MESSAGE][PASSED] - Object: 'Object Repository/OCS-DESKTOP/Age gate and Mega menu/Chevron_Cannabis' is clicked on

2019-06-21 14:19:03 - [TEST_STEP][PASSED] - delay(1): Delayed 1 second(s)

2019-06-21 14:19:04 - [MESSAGE][PASSED] - Delayed 1 second(s)

2019-06-21 14:19:04 - [TEST_STEP][PASSED] - click(findTestObject("OCS-DESKTOP/Cannabis page/Dried flower")): Object: 'Object Repository/OCS-DESKTOP/Cannabis page/Dried flower' is clicked on

2019-06-21 14:19:06 - [MESSAGE][PASSED] - Object: 'Object Repository/OCS-DESKTOP/Cannabis page/Dried flower' is clicked on

2019-06-21 14:19:06 - [TEST_STEP][PASSED] - delay(1): Delayed 1 second(s)

2019-06-21 14:19:07 - [MESSAGE][PASSED] - Delayed 1 second(s)

2019-06-21 14:19:07 - [TEST_STEP][NOT_RUN] - click(findTestObject("OCS-DESKTOP/Cannabis page/Dried flower - Indica dominant")): NOT_RUN: click(findTestObject("OCS-DESKTOP/Cannabis page/Dried flower - Indica dominant"))

2019-06-21 14:19:07 - [MESSAGE][NOT_RUN] - NOT_RUN: click(findTestObject("OCS-DESKTOP/Cannabis page/Dried flower - Indica dominant"))

2019-06-21 14:19:07 - [TEST_STEP][PASSED] - delay(1): Delayed 1 second(s)

2019-06-21 14:19:08 - [MESSAGE][PASSED] - Delayed 1 second(s)

2019-06-21 14:19:08 - [TEST_STEP][PASSED] - click(findTestObject("OCS-DESKTOP/Filter flyout/Filter option")): Object: 'Object Repository/OCS-DESKTOP/Filter flyout/Filter option' is clicked on

2019-06-21 14:19:09 - [MESSAGE][PASSED] - Object: 'Object Repository/OCS-DESKTOP/Filter flyout/Filter option' is clicked on

2019-06-21 14:19:09 - [TEST_STEP][PASSED] - delay(2): Delayed 2 second(s)

2019-06-21 14:19:11 - [MESSAGE][PASSED] - Delayed 2 second(s)

2019-06-21 14:19:11 - [TEST_STEP][PASSED] - mouseOver(findTestObject("OCS-DESKTOP/Filter flyout/THC - CBD Tool tip")): Object: 'Object Repository/OCS-DESKTOP/Filter flyout/THC - CBD Tool tip' is hovered

2019-06-21 14:19:11 - [MESSAGE][PASSED] - Object: 'Object Repository/OCS-DESKTOP/Filter flyout/THC - CBD Tool tip' is hovered

2019-06-21 14:19:11 - [TEST_STEP][PASSED] - click(findTestObject("OCS-DESKTOP/Filter flyout/Click element outside")): Object: 'Object Repository/OCS-DESKTOP/Filter flyout/Click element outside' is clicked on

2019-06-21 14:19:11 - [MESSAGE][PASSED] - Object: 'Object Repository/OCS-DESKTOP/Filter flyout/Click element outside' is clicked on

2019-06-21 14:19:11 - [TEST_STEP][PASSED] - delay(2): Delayed 2 second(s)

2019-06-21 14:19:13 - [MESSAGE][PASSED] - Delayed 2 second(s)

2019-06-21 14:19:13 - [TEST_STEP][PASSED] - click(findTestObject("OCS-DESKTOP/Filter flyout/THC CBD plus accordian")): Object: 'Object Repository/OCS-DESKTOP/Filter flyout/THC CBD plus accordian' is clicked on

2019-06-21 14:19:13 - [MESSAGE][PASSED] - Object: 'Object Repository/OCS-DESKTOP/Filter flyout/THC CBD plus accordian' is clicked on

2019-06-21 14:19:13 - [TEST_STEP][PASSED] - delay(2): Delayed 2 second(s)

2019-06-21 14:19:15 - [MESSAGE][PASSED] - Delayed 2 second(s)

2019-06-21 14:19:15 - [TEST_STEP][PASSED] - click(findTestObject("OCS-DESKTOP/Filter flyout/THC - CBD Subtract accordian")): Object: 'Object Repository/OCS-DESKTOP/Filter flyout/THC - CBD Subtract accordian' is clicked on

2019-06-21 14:19:16 - [MESSAGE][PASSED] - Object: 'Object Repository/OCS-DESKTOP/Filter flyout/THC - CBD Subtract accordian' is clicked on

2019-06-21 14:19:16 - [TEST_STEP][PASSED] - delay(2): Delayed 2 second(s)

2019-06-21 14:19:18 - [MESSAGE][PASSED] - Delayed 2 second(s)

2019-06-21 14:19:18 - [TEST_STEP][PASSED] - click(findTestObject("OCS-DESKTOP/Filter flyout/THC CBD plus accordian")): Object: 'Object Repository/OCS-DESKTOP/Filter flyout/THC CBD plus accordian' is clicked on

2019-06-21 14:19:18 - [MESSAGE][PASSED] - Object: 'Object Repository/OCS-DESKTOP/Filter flyout/THC CBD plus accordian' is clicked on

2019-06-21 14:19:18 - [TEST_STEP][NOT_RUN] - click(findTestObject("OCS-MOBILE /Filter flyout/div_18.00")): NOT_RUN: click(findTestObject("OCS-MOBILE /Filter flyout/div_18.00"))

2019-06-21 14:19:18 - [MESSAGE][NOT_RUN] - NOT_RUN: click(findTestObject("OCS-MOBILE /Filter flyout/div_18.00"))

2019-06-21 14:19:18 - [TEST_STEP][NOT_RUN] - delay(2): NOT_RUN: delay(2)

2019-06-21 14:19:18 - [MESSAGE][NOT_RUN] - NOT_RUN: delay(2)

2019-06-21 14:19:18 - [TEST_STEP][NOT_RUN] - click(findTestObject("OCS-MOBILE /Filter flyout/div_25.00")): NOT_RUN: click(findTestObject("OCS-MOBILE /Filter flyout/div_25.00"))

2019-06-21 14:19:18 - [MESSAGE][NOT_RUN] - NOT_RUN: click(findTestObject("OCS-MOBILE /Filter flyout/div_25.00"))

2019-06-21 14:19:18 - [TEST_STEP][NOT_RUN] - delay(2): NOT_RUN: delay(2)

2019-06-21 14:19:18 - [MESSAGE][NOT_RUN] - NOT_RUN: delay(2)

2019-06-21 14:19:18 - [TEST_STEP][NOT_RUN] - click(findTestObject("OCS-MOBILE /Filter flyout/div_14.00")): NOT_RUN: click(findTestObject("OCS-MOBILE /Filter flyout/div_14.00"))

2019-06-21 14:19:18 - [MESSAGE][NOT_RUN] - NOT_RUN: click(findTestObject("OCS-MOBILE /Filter flyout/div_14.00"))

2019-06-21 14:19:18 - [TEST_STEP][NOT_RUN] - delay(2): NOT_RUN: delay(2)

2019-06-21 14:19:18 - [MESSAGE][NOT_RUN] - NOT_RUN: delay(2)

2019-06-21 14:19:18 - [TEST_STEP][NOT_RUN] - click(findTestObject("OCS-MOBILE /Filter flyout/div_19.00")): NOT_RUN: click(findTestObject("OCS-MOBILE /Filter flyout/div_19.00"))

2019-06-21 14:19:18 - [MESSAGE][NOT_RUN] - NOT_RUN: click(findTestObject("OCS-MOBILE /Filter flyout/div_19.00"))

2019-06-21 14:19:18 - [TEST_STEP][PASSED] - delay(2): Delayed 2 second(s)

2019-06-21 14:19:20 - [MESSAGE][PASSED] - Delayed 2 second(s)

2019-06-21 14:19:20 - [TEST_STEP][NOT_RUN] - click(findTestObject("OCS-MOBILE /Filter flyout/Learn More About THC CBD")): NOT_RUN: click(findTestObject("OCS-MOBILE /Filter flyout/Learn More About THC CBD"))

2019-06-21 14:19:20 - [MESSAGE][NOT_RUN] - NOT_RUN: click(findTestObject("OCS-MOBILE /Filter flyout/Learn More About THC CBD"))

2019-06-21 14:19:20 - [TEST_STEP][PASSED] - delay(4): Delayed 4 second(s)

2019-06-21 14:19:24 - [MESSAGE][PASSED] - Delayed 4 second(s)

2019-06-21 14:19:24 - [TEST_STEP][NOT_RUN] - callTestCase(findTestCase("OCS - MOBILE/OCS-COLLECTION PAGE/calling test case"), [:], STOP_ON_FAILURE): NOT_RUN: callTestCase(findTestCase("OCS - MOBILE/OCS-COLLECTION PAGE/calling test case"), [:], STOP_ON_FAILURE)

2019-06-21 14:19:24 - [MESSAGE][NOT_RUN] - NOT_RUN: callTestCase(findTestCase("OCS - MOBILE/OCS-COLLECTION PAGE/calling test case"), [:], STOP_ON_FAILURE)

2019-06-21 14:19:24 - [TEST_STEP][NOT_RUN] - click(findTestObject("OCS-MOBILE /Filter flyout/Filter option")): NOT_RUN: click(findTestObject("OCS-MOBILE /Filter flyout/Filter option"))

2019-06-21 14:19:24 - [MESSAGE][NOT_RUN] - NOT_RUN: click(findTestObject("OCS-MOBILE /Filter flyout/Filter option"))

2019-06-21 14:19:24 - [TEST_STEP][PASSED] - click(findTestObject("OCS-DESKTOP/Filter flyout/Plant type tooltip")): Object: 'Object Repository/OCS-DESKTOP/Filter flyout/Plant type tooltip' is clicked on

2019-06-21 14:19:24 - [MESSAGE][PASSED] - Object: 'Object Repository/OCS-DESKTOP/Filter flyout/Plant type tooltip' is clicked on

2019-06-21 14:19:24 - [TEST_STEP][PASSED] - delay(2): Delayed 2 second(s)

2019-06-21 14:19:26 - [MESSAGE][PASSED] - Delayed 2 second(s)

2019-06-21 14:19:26 - [TEST_STEP][PASSED] - click(findTestObject("OCS-DESKTOP/Filter flyout/Click element outside")): Object: 'Object Repository/OCS-DESKTOP/Filter flyout/Click element outside' is clicked on

2019-06-21 14:19:26 - [MESSAGE][PASSED] - Object: 'Object Repository/OCS-DESKTOP/Filter flyout/Click element outside' is clicked on

2019-06-21 14:19:26 - [TEST_STEP][PASSED] - click(findTestObject("OCS-DESKTOP/Filter flyout/Plant type plus accordian")): Object: 'Object Repository/OCS-DESKTOP/Filter flyout/Plant type plus accordian' is clicked on

2019-06-21 14:19:27 - [MESSAGE][PASSED] - Object: 'Object Repository/OCS-DESKTOP/Filter flyout/Plant type plus accordian' is clicked on

2019-06-21 14:19:27 - [TEST_STEP][PASSED] - delay(1): Delayed 1 second(s)

2019-06-21 14:19:28 - [MESSAGE][PASSED] - Delayed 1 second(s)

2019-06-21 14:19:28 - [TEST_STEP][PASSED] - click(findTestObject("OCS-DESKTOP/Filter flyout/Plant type subtract accordian")): Object: 'Object Repository/OCS-DESKTOP/Filter flyout/Plant type subtract accordian' is clicked on

2019-06-21 14:19:28 - [MESSAGE][PASSED] - Object: 'Object Repository/OCS-DESKTOP/Filter flyout/Plant type subtract accordian' is clicked on

2019-06-21 14:19:28 - [TEST_STEP][PASSED] - delay(1): Delayed 1 second(s)

2019-06-21 14:19:29 - [MESSAGE][PASSED] - Delayed 1 second(s)

2019-06-21 14:19:29 - [TEST_STEP][PASSED] - click(findTestObject("OCS-DESKTOP/Filter flyout/Plant type plus accordian")): Object: 'Object Repository/OCS-DESKTOP/Filter flyout/Plant type plus accordian' is clicked on

2019-06-21 14:19:29 - [MESSAGE][PASSED] - Object: 'Object Repository/OCS-DESKTOP/Filter flyout/Plant type plus accordian' is clicked on

2019-06-21 14:19:29 - [TEST_STEP][PASSED] - delay(2): Delayed 2 second(s)

2019-06-21 14:19:31 - [MESSAGE][PASSED] - Delayed 2 second(s)

2019-06-21 14:19:31 - [TEST_STEP][FAILED] - click(findTestObject("OCS-DESKTOP/Filter flyout/Indica Dominant")): click(findTestObject("OCS-DESKTOP/Filter flyout/Indica Dominant")) FAILED.
Reason:
com.kms.katalon.core.exception.StepFailedException: Unable to click on object 'Object Repository/OCS-DESKTOP/Filter flyout/Indica Dominant' (Root cause: org.openqa.selenium.ElementNotInteractableException: Element <label> could not be scrolled into view
Build info: version: '3.7.1', revision: '8a0099a', time: '2017-11-06T21:07:36.161Z'
System info: host: 'sumans-MacBook-Pro.local', ip: '2601:87:0:879f:0:0:0:1e84%en0', os.name: 'Mac OS X', os.arch: 'x86_64', os.version: '10.13.6', java.version: '1.8.0_181'
Driver info: com.kms.katalon.core.webui.driver.firefox.CGeckoDriver
Capabilities {acceptInsecureCerts: true, browserName: firefox, browserVersion: 67.0.3, javascriptEnabled: true, moz:accessibilityChecks: false, moz:buildID: 20190618025334, moz:geckodriverVersion: 0.23.0, moz:headless: false, moz:processID: 2992, moz:profile: /var/folders/1t/c55l8xzs6gq..., moz:shutdownTimeout: 60000, moz:useNonSpecCompliantPointerOrigin: false, moz:webdriverClick: true, pageLoadStrategy: normal, platform: MAC, platformName: MAC, platformVersion: 17.7.0, proxy: Proxy(direct), rotatable: false, setWindowRect: true, strictFileInteractability: false, timeouts: {implicit: 0, pageLoad: 300000, script: 30000}, unhandledPromptBehavior: dismiss and notify}
Session ID: c7d714ba-8713-574c-a205-7813a6b3a39c)
	at com.kms.katalon.core.keyword.internal.KeywordMain.stepFailed(KeywordMain.groovy:36)
	at com.kms.katalon.core.webui.keyword.internal.WebUIKeywordMain.stepFailed(WebUIKeywordMain.groovy:65)
	at com.kms.katalon.core.webui.keyword.internal.WebUIKeywordMain.runKeyword(WebUIKeywordMain.groovy:27)
	at com.kms.katalon.core.webui.keyword.builtin.ClickKeyword.click(ClickKeyword.groovy:86)
	at com.kms.katalon.core.webui.keyword.builtin.ClickKeyword.execute(ClickKeyword.groovy:67)
	at com.kms.katalon.core.keyword.internal.KeywordExecutor.executeKeywordForPlatform(KeywordExecutor.groovy:53)
	at com.kms.katalon.core.webui.keyword.WebUiBuiltInKeywords.click(WebUiBuiltInKeywords.groovy:616)
	at com.kms.katalon.core.webui.keyword.WebUiBuiltInKeywords$click$4.call(Unknown Source)
	at Filter.run(Filter:96)
	at com.kms.katalon.core.main.ScriptEngine.run(ScriptEngine.java:194)
	at com.kms.katalon.core.main.ScriptEngine.runScriptAsRawText(ScriptEngine.java:119)
	at com.kms.katalon.core.main.TestCaseExecutor.runScript(TestCaseExecutor.java:328)
	at com.kms.katalon.core.main.TestCaseExecutor.doExecute(TestCaseExecutor.java:319)
	at com.kms.katalon.core.main.TestCaseExecutor.processExecutionPhase(TestCaseExecutor.java:298)
	at com.kms.katalon.core.main.TestCaseExecutor.accessMainPhase(TestCaseExecutor.java:290)
	at com.kms.katalon.core.main.TestCaseExecutor.execute(TestCaseExecutor.java:224)
	at com.kms.katalon.core.main.TestSuiteExecutor.accessTestCaseMainPhase(TestSuiteExecutor.java:129)
	at com.kms.katalon.core.main.TestSuiteExecutor.accessTestSuiteMainPhase(TestSuiteExecutor.java:112)
	at com.kms.katalon.core.main.TestSuiteExecutor.execute(TestSuiteExecutor.java:81)
	at com.kms.katalon.core.main.TestCaseMain.startTestSuite(TestCaseMain.java:149)
	at com.kms.katalon.core.main.TestCaseMain$startTestSuite$0.call(Unknown Source)
	at TempTestSuite1561139430530.run(TempTestSuite1561139430530.groovy:36)


2019-06-21 14:19:31 - [MESSAGE][FAILED] - Unable to click on object 'Object Repository/OCS-DESKTOP/Filter flyout/Indica Dominant' (Root cause: org.openqa.selenium.ElementNotInteractableException: Element <label> could not be scrolled into view
Build info: version: '3.7.1', revision: '8a0099a', time: '2017-11-06T21:07:36.161Z'
System info: host: 'sumans-MacBook-Pro.local', ip: '2601:87:0:879f:0:0:0:1e84%en0', os.name: 'Mac OS X', os.arch: 'x86_64', os.version: '10.13.6', java.version: '1.8.0_181'
Driver info: com.kms.katalon.core.webui.driver.firefox.CGeckoDriver
Capabilities {acceptInsecureCerts: true, browserName: firefox, browserVersion: 67.0.3, javascriptEnabled: true, moz:accessibilityChecks: false, moz:buildID: 20190618025334, moz:geckodriverVersion: 0.23.0, moz:headless: false, moz:processID: 2992, moz:profile: /var/folders/1t/c55l8xzs6gq..., moz:shutdownTimeout: 60000, moz:useNonSpecCompliantPointerOrigin: false, moz:webdriverClick: true, pageLoadStrategy: normal, platform: MAC, platformName: MAC, platformVersion: 17.7.0, proxy: Proxy(direct), rotatable: false, setWindowRect: true, strictFileInteractability: false, timeouts: {implicit: 0, pageLoad: 300000, script: 30000}, unhandledPromptBehavior: dismiss and notify}
Session ID: c7d714ba-8713-574c-a205-7813a6b3a39c)
[[ATTACHMENT|/Users/sumankompelly/Relative xpath-Desktop/Reports/OCS-1.11/20190621_135030/1561141171512.png]]

2019-06-21 14:19:31 - [MESSAGE][FAILED] - click(findTestObject("OCS-DESKTOP/Filter flyout/Indica Dominant")) FAILED.
Reason:
com.kms.katalon.core.exception.StepFailedException: Unable to click on object 'Object Repository/OCS-DESKTOP/Filter flyout/Indica Dominant' (Root cause: org.openqa.selenium.ElementNotInteractableException: Element <label> could not be scrolled into view
Build info: version: '3.7.1', revision: '8a0099a', time: '2017-11-06T21:07:36.161Z'
System info: host: 'sumans-MacBook-Pro.local', ip: '2601:87:0:879f:0:0:0:1e84%en0', os.name: 'Mac OS X', os.arch: 'x86_64', os.version: '10.13.6', java.version: '1.8.0_181'
Driver info: com.kms.katalon.core.webui.driver.firefox.CGeckoDriver
Capabilities {acceptInsecureCerts: true, browserName: firefox, browserVersion: 67.0.3, javascriptEnabled: true, moz:accessibilityChecks: false, moz:buildID: 20190618025334, moz:geckodriverVersion: 0.23.0, moz:headless: false, moz:processID: 2992, moz:profile: /var/folders/1t/c55l8xzs6gq..., moz:shutdownTimeout: 60000, moz:useNonSpecCompliantPointerOrigin: false, moz:webdriverClick: true, pageLoadStrategy: normal, platform: MAC, platformName: MAC, platformVersion: 17.7.0, proxy: Proxy(direct), rotatable: false, setWindowRect: true, strictFileInteractability: false, timeouts: {implicit: 0, pageLoad: 300000, script: 30000}, unhandledPromptBehavior: dismiss and notify}
Session ID: c7d714ba-8713-574c-a205-7813a6b3a39c)
	at com.kms.katalon.core.keyword.internal.KeywordMain.stepFailed(KeywordMain.groovy:36)
	at com.kms.katalon.core.webui.keyword.internal.WebUIKeywordMain.stepFailed(WebUIKeywordMain.groovy:65)
	at com.kms.katalon.core.webui.keyword.internal.WebUIKeywordMain.runKeyword(WebUIKeywordMain.groovy:27)
	at com.kms.katalon.core.webui.keyword.builtin.ClickKeyword.click(ClickKeyword.groovy:86)
	at com.kms.katalon.core.webui.keyword.builtin.ClickKeyword.execute(ClickKeyword.groovy:67)
	at com.kms.katalon.core.keyword.internal.KeywordExecutor.executeKeywordForPlatform(KeywordExecutor.groovy:53)
	at com.kms.katalon.core.webui.keyword.WebUiBuiltInKeywords.click(WebUiBuiltInKeywords.groovy:616)
	at com.kms.katalon.core.webui.keyword.WebUiBuiltInKeywords$click$4.call(Unknown Source)
	at Filter.run(Filter:96)
	at com.kms.katalon.core.main.ScriptEngine.run(ScriptEngine.java:194)
	at com.kms.katalon.core.main.ScriptEngine.runScriptAsRawText(ScriptEngine.java:119)
	at com.kms.katalon.core.main.TestCaseExecutor.runScript(TestCaseExecutor.java:328)
	at com.kms.katalon.core.main.TestCaseExecutor.doExecute(TestCaseExecutor.java:319)
	at com.kms.katalon.core.main.TestCaseExecutor.processExecutionPhase(TestCaseExecutor.java:298)
	at com.kms.katalon.core.main.TestCaseExecutor.accessMainPhase(TestCaseExecutor.java:290)
	at com.kms.katalon.core.main.TestCaseExecutor.execute(TestCaseExecutor.java:224)
	at com.kms.katalon.core.main.TestSuiteExecutor.accessTestCaseMainPhase(TestSuiteExecutor.java:129)
	at com.kms.katalon.core.main.TestSuiteExecutor.accessTestSuiteMainPhase(TestSuiteExecutor.java:112)
	at com.kms.katalon.core.main.TestSuiteExecutor.execute(TestSuiteExecutor.java:81)
	at com.kms.katalon.core.main.TestCaseMain.startTestSuite(TestCaseMain.java:149)
	at com.kms.katalon.core.main.TestCaseMain$startTestSuite$0.call(Unknown Source)
	at TempTestSuite1561139430530.run(TempTestSuite1561139430530.groovy:36)]]></system-out>
         <system-err><![CDATA[2019-06-21 14:18:18 - [TEST_CASE][FAILED] - Test Cases/OCS - DESKTOP/OCS-COLLECTION PAGE/Filter: Test Cases/OCS - DESKTOP/OCS-COLLECTION PAGE/Filter FAILED.
Reason:
com.kms.katalon.core.exception.StepFailedException: Unable to click on object 'Object Repository/OCS-DESKTOP/Filter flyout/Indica Dominant' (Root cause: org.openqa.selenium.ElementNotInteractableException: Element <label> could not be scrolled into view
Build info: version: '3.7.1', revision: '8a0099a', time: '2017-11-06T21:07:36.161Z'
System info: host: 'sumans-MacBook-Pro.local', ip: '2601:87:0:879f:0:0:0:1e84%en0', os.name: 'Mac OS X', os.arch: 'x86_64', os.version: '10.13.6', java.version: '1.8.0_181'
Driver info: com.kms.katalon.core.webui.driver.firefox.CGeckoDriver
Capabilities {acceptInsecureCerts: true, browserName: firefox, browserVersion: 67.0.3, javascriptEnabled: true, moz:accessibilityChecks: false, moz:buildID: 20190618025334, moz:geckodriverVersion: 0.23.0, moz:headless: false, moz:processID: 2992, moz:profile: /var/folders/1t/c55l8xzs6gq..., moz:shutdownTimeout: 60000, moz:useNonSpecCompliantPointerOrigin: false, moz:webdriverClick: true, pageLoadStrategy: normal, platform: MAC, platformName: MAC, platformVersion: 17.7.0, proxy: Proxy(direct), rotatable: false, setWindowRect: true, strictFileInteractability: false, timeouts: {implicit: 0, pageLoad: 300000, script: 30000}, unhandledPromptBehavior: dismiss and notify}
Session ID: c7d714ba-8713-574c-a205-7813a6b3a39c)
	at com.kms.katalon.core.keyword.internal.KeywordMain.stepFailed(KeywordMain.groovy:36)
	at com.kms.katalon.core.webui.keyword.internal.WebUIKeywordMain.stepFailed(WebUIKeywordMain.groovy:65)
	at com.kms.katalon.core.webui.keyword.internal.WebUIKeywordMain.runKeyword(WebUIKeywordMain.groovy:27)
	at com.kms.katalon.core.webui.keyword.builtin.ClickKeyword.click(ClickKeyword.groovy:86)
	at com.kms.katalon.core.webui.keyword.builtin.ClickKeyword.execute(ClickKeyword.groovy:67)
	at com.kms.katalon.core.keyword.internal.KeywordExecutor.executeKeywordForPlatform(KeywordExecutor.groovy:53)
	at com.kms.katalon.core.webui.keyword.WebUiBuiltInKeywords.click(WebUiBuiltInKeywords.groovy:616)
	at com.kms.katalon.core.webui.keyword.WebUiBuiltInKeywords$click$4.call(Unknown Source)
	at Filter.run(Filter:96)
	at com.kms.katalon.core.main.ScriptEngine.run(ScriptEngine.java:194)
	at com.kms.katalon.core.main.ScriptEngine.runScriptAsRawText(ScriptEngine.java:119)
	at com.kms.katalon.core.main.TestCaseExecutor.runScript(TestCaseExecutor.java:328)
	at com.kms.katalon.core.main.TestCaseExecutor.doExecute(TestCaseExecutor.java:319)
	at com.kms.katalon.core.main.TestCaseExecutor.processExecutionPhase(TestCaseExecutor.java:298)
	at com.kms.katalon.core.main.TestCaseExecutor.accessMainPhase(TestCaseExecutor.java:290)
	at com.kms.katalon.core.main.TestCaseExecutor.execute(TestCaseExecutor.java:224)
	at com.kms.katalon.core.main.TestSuiteExecutor.accessTestCaseMainPhase(TestSuiteExecutor.java:129)
	at com.kms.katalon.core.main.TestSuiteExecutor.accessTestSuiteMainPhase(TestSuiteExecutor.java:112)
	at com.kms.katalon.core.main.TestSuiteExecutor.execute(TestSuiteExecutor.java:81)
	at com.kms.katalon.core.main.TestCaseMain.startTestSuite(TestCaseMain.java:149)
	at com.kms.katalon.core.main.TestCaseMain$startTestSuite$0.call(Unknown Source)
	at TempTestSuite1561139430530.run(TempTestSuite1561139430530.groovy:36)]]></system-err>
      </testcase>
      <system-out><![CDATA[2019-06-21 13:50:32 - [TEST_SUITE][FAILED] - OCS-1.11: Test Cases/OCS - DESKTOP/OCS- HOME PAGE/HP-Burger menu-Accessories FAILED.
Reason:
com.kms.katalon.core.exception.StepFailedException: Unable to click on object 'Object Repository/OCS-DESKTOP/Accessories page/Vaporizers' (Root cause: org.openqa.selenium.ElementNotInteractableException: Element <span class="menu__tier-four__link--title menu--type-two"> could not be scrolled into view
Build info: version: '3.7.1', revision: '8a0099a', time: '2017-11-06T21:07:36.161Z'
System info: host: 'sumans-MacBook-Pro.local', ip: '2601:87:0:879f:0:0:0:1e84%en0', os.name: 'Mac OS X', os.arch: 'x86_64', os.version: '10.13.6', java.version: '1.8.0_181'
Driver info: com.kms.katalon.core.webui.driver.firefox.CGeckoDriver
Capabilities {acceptInsecureCerts: true, browserName: firefox, browserVersion: 67.0.3, javascriptEnabled: true, moz:accessibilityChecks: false, moz:buildID: 20190618025334, moz:geckodriverVersion: 0.23.0, moz:headless: false, moz:processID: 2793, moz:profile: /var/folders/1t/c55l8xzs6gq..., moz:shutdownTimeout: 60000, moz:useNonSpecCompliantPointerOrigin: false, moz:webdriverClick: true, pageLoadStrategy: normal, platform: MAC, platformName: MAC, platformVersion: 17.7.0, proxy: Proxy(direct), rotatable: false, setWindowRect: true, strictFileInteractability: false, timeouts: {implicit: 0, pageLoad: 300000, script: 30000}, unhandledPromptBehavior: dismiss and notify}
Session ID: 9ff1d633-be1a-0940-aa66-fc067e4c07ca)
	at com.kms.katalon.core.keyword.internal.KeywordMain.stepFailed(KeywordMain.groovy:32)
	at com.kms.katalon.core.webui.keyword.internal.WebUIKeywordMain.stepFailed(WebUIKeywordMain.groovy:65)
	at com.kms.katalon.core.webui.keyword.internal.WebUIKeywordMain.runKeyword(WebUIKeywordMain.groovy:27)
	at com.kms.katalon.core.webui.keyword.builtin.ClickKeyword.click(ClickKeyword.groovy:86)
	at com.kms.katalon.core.webui.keyword.builtin.ClickKeyword.execute(ClickKeyword.groovy:67)
	at com.kms.katalon.core.keyword.internal.KeywordExecutor.executeKeywordForPlatform(KeywordExecutor.groovy:53)
	at com.kms.katalon.core.webui.keyword.WebUiBuiltInKeywords.click(WebUiBuiltInKeywords.groovy:604)
	at com.kms.katalon.core.webui.keyword.WebUiBuiltInKeywords$click$7.call(Unknown Source)
	at HP-Burger menu-Accessories.run(HP-Burger menu-Accessories:32)
	at com.kms.katalon.core.main.ScriptEngine.run(ScriptEngine.java:194)
	at com.kms.katalon.core.main.ScriptEngine.runScriptAsRawText(ScriptEngine.java:119)
	at com.kms.katalon.core.main.TestCaseExecutor.runScript(TestCaseExecutor.java:328)
	at com.kms.katalon.core.main.TestCaseExecutor.doExecute(TestCaseExecutor.java:319)
	at com.kms.katalon.core.main.TestCaseExecutor.processExecutionPhase(TestCaseExecutor.java:298)
	at com.kms.katalon.core.main.TestCaseExecutor.accessMainPhase(TestCaseExecutor.java:290)
	at com.kms.katalon.core.main.TestCaseExecutor.execute(TestCaseExecutor.java:224)
	at com.kms.katalon.core.main.TestSuiteExecutor.accessTestCaseMainPhase(TestSuiteExecutor.java:129)
	at com.kms.katalon.core.main.TestSuiteExecutor.accessTestSuiteMainPhase(TestSuiteExecutor.java:112)
	at com.kms.katalon.core.main.TestSuiteExecutor.execute(TestSuiteExecutor.java:81)
	at com.kms.katalon.core.main.TestCaseMain.startTestSuite(TestCaseMain.java:149)
	at com.kms.katalon.core.main.TestCaseMain$startTestSuite$0.call(Unknown Source)
	at TempTestSuite1561139430530.run(TempTestSuite1561139430530.groovy:36)]]></system-out>
      <system-err><![CDATA[2019-06-21 13:50:32 - [TEST_SUITE][FAILED] - OCS-1.11: Test Cases/OCS - DESKTOP/OCS- HOME PAGE/HP-Burger menu-Accessories FAILED.
Reason:
com.kms.katalon.core.exception.StepFailedException: Unable to click on object 'Object Repository/OCS-DESKTOP/Accessories page/Vaporizers' (Root cause: org.openqa.selenium.ElementNotInteractableException: Element <span class="menu__tier-four__link--title menu--type-two"> could not be scrolled into view
Build info: version: '3.7.1', revision: '8a0099a', time: '2017-11-06T21:07:36.161Z'
System info: host: 'sumans-MacBook-Pro.local', ip: '2601:87:0:879f:0:0:0:1e84%en0', os.name: 'Mac OS X', os.arch: 'x86_64', os.version: '10.13.6', java.version: '1.8.0_181'
Driver info: com.kms.katalon.core.webui.driver.firefox.CGeckoDriver
Capabilities {acceptInsecureCerts: true, browserName: firefox, browserVersion: 67.0.3, javascriptEnabled: true, moz:accessibilityChecks: false, moz:buildID: 20190618025334, moz:geckodriverVersion: 0.23.0, moz:headless: false, moz:processID: 2793, moz:profile: /var/folders/1t/c55l8xzs6gq..., moz:shutdownTimeout: 60000, moz:useNonSpecCompliantPointerOrigin: false, moz:webdriverClick: true, pageLoadStrategy: normal, platform: MAC, platformName: MAC, platformVersion: 17.7.0, proxy: Proxy(direct), rotatable: false, setWindowRect: true, strictFileInteractability: false, timeouts: {implicit: 0, pageLoad: 300000, script: 30000}, unhandledPromptBehavior: dismiss and notify}
Session ID: 9ff1d633-be1a-0940-aa66-fc067e4c07ca)
	at com.kms.katalon.core.keyword.internal.KeywordMain.stepFailed(KeywordMain.groovy:32)
	at com.kms.katalon.core.webui.keyword.internal.WebUIKeywordMain.stepFailed(WebUIKeywordMain.groovy:65)
	at com.kms.katalon.core.webui.keyword.internal.WebUIKeywordMain.runKeyword(WebUIKeywordMain.groovy:27)
	at com.kms.katalon.core.webui.keyword.builtin.ClickKeyword.click(ClickKeyword.groovy:86)
	at com.kms.katalon.core.webui.keyword.builtin.ClickKeyword.execute(ClickKeyword.groovy:67)
	at com.kms.katalon.core.keyword.internal.KeywordExecutor.executeKeywordForPlatform(KeywordExecutor.groovy:53)
	at com.kms.katalon.core.webui.keyword.WebUiBuiltInKeywords.click(WebUiBuiltInKeywords.groovy:604)
	at com.kms.katalon.core.webui.keyword.WebUiBuiltInKeywords$click$7.call(Unknown Source)
	at HP-Burger menu-Accessories.run(HP-Burger menu-Accessories:32)
	at com.kms.katalon.core.main.ScriptEngine.run(ScriptEngine.java:194)
	at com.kms.katalon.core.main.ScriptEngine.runScriptAsRawText(ScriptEngine.java:119)
	at com.kms.katalon.core.main.TestCaseExecutor.runScript(TestCaseExecutor.java:328)
	at com.kms.katalon.core.main.TestCaseExecutor.doExecute(TestCaseExecutor.java:319)
	at com.kms.katalon.core.main.TestCaseExecutor.processExecutionPhase(TestCaseExecutor.java:298)
	at com.kms.katalon.core.main.TestCaseExecutor.accessMainPhase(TestCaseExecutor.java:290)
	at com.kms.katalon.core.main.TestCaseExecutor.execute(TestCaseExecutor.java:224)
	at com.kms.katalon.core.main.TestSuiteExecutor.accessTestCaseMainPhase(TestSuiteExecutor.java:129)
	at com.kms.katalon.core.main.TestSuiteExecutor.accessTestSuiteMainPhase(TestSuiteExecutor.java:112)
	at com.kms.katalon.core.main.TestSuiteExecutor.execute(TestSuiteExecutor.java:81)
	at com.kms.katalon.core.main.TestCaseMain.startTestSuite(TestCaseMain.java:149)
	at com.kms.katalon.core.main.TestCaseMain$startTestSuite$0.call(Unknown Source)
	at TempTestSuite1561139430530.run(TempTestSuite1561139430530.groovy:36)]]></system-err>
   </testsuite>
</testsuites>
