<?xml version="1.0" encoding="UTF-8"?>
<testsuites name="Suite - Chrome" time="3720" tests="42" failures="10" errors="0">
   <testsuite name="Suite - Chrome" tests="42" failures="10" errors="0" time="3720" timestamp="2019-07-15 13:35:37" hostname="sumankompelly - 10.0.126.233" id="Test Suites/Suite - Chrome">
      <properties>
         <property name="deviceName" value=""/>
         <property name="devicePlatform" value=""/>
         <property name="logFolder" value="/Users/sumankompelly/git/OCS--Relative-xpath-Desktop/Reports/Suite - Chrome/20190715_133533"/>
         <property name="logFiles" value="/Users/sumankompelly/git/OCS--Relative-xpath-Desktop/Reports/Suite - Chrome/20190715_133533/execution0.log"/>
         <property name="attachments" value="/Users/sumankompelly/git/OCS--Relative-xpath-Desktop/Reports/Suite - Chrome/20190715_133533/1563212225701.png, /Users/sumankompelly/git/OCS--Relative-xpath-Desktop/Reports/Suite - Chrome/20190715_133533/1563212323838.png, /Users/sumankompelly/git/OCS--Relative-xpath-Desktop/Reports/Suite - Chrome/20190715_133533/1563212364748.png, /Users/sumankompelly/git/OCS--Relative-xpath-Desktop/Reports/Suite - Chrome/20190715_133533/1563212445534.png, /Users/sumankompelly/git/OCS--Relative-xpath-Desktop/Reports/Suite - Chrome/20190715_133533/1563212515479.png, /Users/sumankompelly/git/OCS--Relative-xpath-Desktop/Reports/Suite - Chrome/20190715_133533/1563212540526.png, /Users/sumankompelly/git/OCS--Relative-xpath-Desktop/Reports/Suite - Chrome/20190715_133533/1563212550432.png, /Users/sumankompelly/git/OCS--Relative-xpath-Desktop/Reports/Suite - Chrome/20190715_133533/1563213063709.png, /Users/sumankompelly/git/OCS--Relative-xpath-Desktop/Reports/Suite - Chrome/20190715_133533/1563213412593.png, /Users/sumankompelly/git/OCS--Relative-xpath-Desktop/Reports/Suite - Chrome/20190715_133533/1563213625335.png, /Users/sumankompelly/git/OCS--Relative-xpath-Desktop/Reports/Suite - Chrome/20190715_133533/1563213860823.png, /Users/sumankompelly/git/OCS--Relative-xpath-Desktop/Reports/Suite - Chrome/20190715_133533/1563213931959.png, /Users/sumankompelly/git/OCS--Relative-xpath-Desktop/Reports/Suite - Chrome/20190715_133533/1563214861992.png, /Users/sumankompelly/git/OCS--Relative-xpath-Desktop/Reports/Suite - Chrome/20190715_133533/1563214864684.png, /Users/sumankompelly/git/OCS--Relative-xpath-Desktop/Reports/Suite - Chrome/20190715_133533/1563214867219.png, /Users/sumankompelly/git/OCS--Relative-xpath-Desktop/Reports/Suite - Chrome/20190715_133533/1563214869809.png, /Users/sumankompelly/git/OCS--Relative-xpath-Desktop/Reports/Suite - Chrome/20190715_133533/1563214873470.png, /Users/sumankompelly/git/OCS--Relative-xpath-Desktop/Reports/Suite - Chrome/20190715_133533/1563214877070.png, /Users/sumankompelly/git/OCS--Relative-xpath-Desktop/Reports/Suite - Chrome/20190715_133533/1563214880600.png, /Users/sumankompelly/git/OCS--Relative-xpath-Desktop/Reports/Suite - Chrome/20190715_133533/1563214884200.png, /Users/sumankompelly/git/OCS--Relative-xpath-Desktop/Reports/Suite - Chrome/20190715_133533/1563214887732.png, /Users/sumankompelly/git/OCS--Relative-xpath-Desktop/Reports/Suite - Chrome/20190715_133533/1563215006814.png, /Users/sumankompelly/git/OCS--Relative-xpath-Desktop/Reports/Suite - Chrome/20190715_133533/1563215013787.png, /Users/sumankompelly/git/OCS--Relative-xpath-Desktop/Reports/Suite - Chrome/20190715_133533/1563215021825.png, /Users/sumankompelly/git/OCS--Relative-xpath-Desktop/Reports/Suite - Chrome/20190715_133533/1563215028845.png, /Users/sumankompelly/git/OCS--Relative-xpath-Desktop/Reports/Suite - Chrome/20190715_133533/1563215034499.png, /Users/sumankompelly/git/OCS--Relative-xpath-Desktop/Reports/Suite - Chrome/20190715_133533/1563215041038.png, /Users/sumankompelly/git/OCS--Relative-xpath-Desktop/Reports/Suite - Chrome/20190715_133533/1563215048974.png, /Users/sumankompelly/git/OCS--Relative-xpath-Desktop/Reports/Suite - Chrome/20190715_133533/1563215056495.png, /Users/sumankompelly/git/OCS--Relative-xpath-Desktop/Reports/Suite - Chrome/20190715_133533/1563215139086.png, /Users/sumankompelly/git/OCS--Relative-xpath-Desktop/Reports/Suite - Chrome/20190715_133533/1563215223879.png, /Users/sumankompelly/git/OCS--Relative-xpath-Desktop/Reports/Suite - Chrome/20190715_133533/1563215226511.png, /Users/sumankompelly/git/OCS--Relative-xpath-Desktop/Reports/Suite - Chrome/20190715_133533/1563215228023.png, /Users/sumankompelly/git/OCS--Relative-xpath-Desktop/Reports/Suite - Chrome/20190715_133533/1563215229467.png, /Users/sumankompelly/git/OCS--Relative-xpath-Desktop/Reports/Suite - Chrome/20190715_133533/1563215566815.png, /Users/sumankompelly/git/OCS--Relative-xpath-Desktop/Reports/Suite - Chrome/20190715_133533/1563215616820.png, /Users/sumankompelly/git/OCS--Relative-xpath-Desktop/Reports/Suite - Chrome/20190715_133533/1563215652485.png, /Users/sumankompelly/git/OCS--Relative-xpath-Desktop/Reports/Suite - Chrome/20190715_133533/1563215688086.png, /Users/sumankompelly/git/OCS--Relative-xpath-Desktop/Reports/Suite - Chrome/20190715_133533/1563215721915.png, /Users/sumankompelly/git/OCS--Relative-xpath-Desktop/Reports/Suite - Chrome/20190715_133533/1563215753456.png, /Users/sumankompelly/git/OCS--Relative-xpath-Desktop/Reports/Suite - Chrome/20190715_133533/1563215754148.png, /Users/sumankompelly/git/OCS--Relative-xpath-Desktop/Reports/Suite - Chrome/20190715_133533/1563215785600.png, /Users/sumankompelly/git/OCS--Relative-xpath-Desktop/Reports/Suite - Chrome/20190715_133533/1563215817266.png, /Users/sumankompelly/git/OCS--Relative-xpath-Desktop/Reports/Suite - Chrome/20190715_133533/1563215848745.png, /Users/sumankompelly/git/OCS--Relative-xpath-Desktop/Reports/Suite - Chrome/20190715_133533/1563215852182.png"/>
         <property name="hostName" value="sumankompelly - 10.0.126.233"/>
         <property name="os" value="Mac OS X 64bit"/>
         <property name="katalonVersion" value="5.10.1.1"/>
         <property name="browser" value="Chrome 75.0.3770.100"/>
         <property name="hostAddress" value="10.0.126.233"/>
         <property name="sessionId" value="bff3c0064ec85fb8added658a365d5bf"/>
         <property name="seleniumVersion" value="3.7.1"/>
         <property name="proxyInformation" value="ProxyInformation{proxyOption=NO_PROXY, proxyServerType=HTTP, password=, proxyServerAddress=, proxyServerPort=0}"/>
         <property name="platform" value="Mac OS X"/>
      </properties>
      <testcase name="Test Cases/OCS - DESKTOP/OCS- CRITICAL PATH/Cart flyout- increase qty" classname="Test Cases/OCS - DESKTOP/OCS- CRITICAL PATH/Cart flyout- increase qty" status="PASSED">
         <system-out><![CDATA[2019-07-15 13:35:38 - [TEST_CASE][PASSED] - Test Cases/OCS - DESKTOP/OCS- CRITICAL PATH/Cart flyout- increase qty: Test Cases/OCS - DESKTOP/OCS- CRITICAL PATH/Cart flyout- increase qty

2019-07-15 13:35:39 - [TEST_STEP][PASSED] - callTestCase(findTestCase("OCS - DESKTOP/CALL - Navigate to PDP"), [:], STOP_ON_FAILURE): Call Test Case 'Test Cases/OCS - DESKTOP/CALL - Navigate to PDP' successfully

2019-07-15 13:35:39 - [TEST_CASE][PASSED] - Test Cases/OCS - DESKTOP/CALL - Navigate to PDP: Test Cases/OCS - DESKTOP/CALL - Navigate to PDP

2019-07-15 13:35:40 - [TEST_STEP][PASSED] - openBrowser(""): Browser is opened with url: ''

2019-07-15 13:35:41 - [MESSAGE][INFO] - Starting 'Chrome' driver

2019-07-15 13:35:41 - [MESSAGE][INFO] - Action delay is set to 0 seconds

2019-07-15 13:35:45 - [MESSAGE][PASSED] - Browser is opened with url: ''

2019-07-15 13:35:45 - [TEST_STEP][PASSED] - maximizeWindow(): Current window maximized

2019-07-15 13:35:51 - [MESSAGE][PASSED] - Current window maximized

2019-07-15 13:35:51 - [TEST_STEP][PASSED] - navigateToUrl("https://ocs.ca/?fts=0&preview_theme_id=74205529932"): Navigate to 'https://ocs.ca/?fts=0&preview_theme_id=74205529932' successfully

2019-07-15 13:35:59 - [MESSAGE][PASSED] - Navigate to 'https://ocs.ca/?fts=0&preview_theme_id=74205529932' successfully

2019-07-15 13:35:59 - [TEST_STEP][PASSED] - executeJavaScript("var previewBar = document.getElementById("preview-bar-iframe"); previewBar.style.display = "none";", []): Execute JavaScript 'var previewBar = document.getElementById("preview-bar-iframe"); previewBar.style.display = "none";' successfully

2019-07-15 13:35:59 - [MESSAGE][PASSED] - Execute JavaScript 'var previewBar = document.getElementById("preview-bar-iframe"); previewBar.style.display = "none";' successfully

2019-07-15 13:35:59 - [TEST_STEP][PASSED] - delay(4): Delayed 4 second(s)

2019-07-15 13:36:03 - [MESSAGE][PASSED] - Delayed 4 second(s)

2019-07-15 13:36:03 - [TEST_STEP][PASSED] - selectOptionByValue(findTestObject("OCS-DESKTOP/Age gate and Mega menu/Date"), "12", true): All options with value '12' are selected in object 'Object Repository/OCS-DESKTOP/Age gate and Mega menu/Date'  using regular expression

2019-07-15 13:36:03 - [MESSAGE][PASSED] - All options with value '12' are selected in object 'Object Repository/OCS-DESKTOP/Age gate and Mega menu/Date'  using regular expression

2019-07-15 13:36:03 - [TEST_STEP][PASSED] - selectOptionByValue(findTestObject("OCS-DESKTOP/Age gate and Mega menu/month"), "6", true): All options with value '6' are selected in object 'Object Repository/OCS-DESKTOP/Age gate and Mega menu/month'  using regular expression

2019-07-15 13:36:04 - [MESSAGE][PASSED] - All options with value '6' are selected in object 'Object Repository/OCS-DESKTOP/Age gate and Mega menu/month'  using regular expression

2019-07-15 13:36:04 - [TEST_STEP][PASSED] - delay(2): Delayed 2 second(s)

2019-07-15 13:36:06 - [MESSAGE][PASSED] - Delayed 2 second(s)

2019-07-15 13:36:06 - [TEST_STEP][PASSED] - selectOptionByValue(findTestObject("OCS-DESKTOP/Age gate and Mega menu/Year Dropdown"), "1990", true): All options with value '1990' are selected in object 'Object Repository/OCS-DESKTOP/Age gate and Mega menu/Year Dropdown'  using regular expression

2019-07-15 13:36:10 - [MESSAGE][PASSED] - All options with value '1990' are selected in object 'Object Repository/OCS-DESKTOP/Age gate and Mega menu/Year Dropdown'  using regular expression

2019-07-15 13:36:10 - [TEST_STEP][PASSED] - click(findTestObject("OCS-DESKTOP/Age gate and Mega menu/button_Verify")): Object: 'Object Repository/OCS-DESKTOP/Age gate and Mega menu/button_Verify' is clicked on

2019-07-15 13:36:10 - [MESSAGE][PASSED] - Object: 'Object Repository/OCS-DESKTOP/Age gate and Mega menu/button_Verify' is clicked on

2019-07-15 13:36:10 - [TEST_STEP][PASSED] - click(findTestObject("OCS-DESKTOP/Age gate and Mega menu/Checkbox_CONFIRM AND ACKNOWLEDGE")): Object: 'Object Repository/OCS-DESKTOP/Age gate and Mega menu/Checkbox_CONFIRM AND ACKNOWLEDGE' is clicked on

2019-07-15 13:36:11 - [MESSAGE][PASSED] - Object: 'Object Repository/OCS-DESKTOP/Age gate and Mega menu/Checkbox_CONFIRM AND ACKNOWLEDGE' is clicked on

2019-07-15 13:36:11 - [TEST_STEP][PASSED] - click(findTestObject("OCS-DESKTOP/Age gate and Mega menu/button_CONFIRM")): Object: 'Object Repository/OCS-DESKTOP/Age gate and Mega menu/button_CONFIRM' is clicked on

2019-07-15 13:36:11 - [MESSAGE][PASSED] - Object: 'Object Repository/OCS-DESKTOP/Age gate and Mega menu/button_CONFIRM' is clicked on

2019-07-15 13:36:11 - [TEST_STEP][PASSED] - click(findTestObject("OCS-DESKTOP/Age gate and Mega menu/button_Start Browsing")): Object: 'Object Repository/OCS-DESKTOP/Age gate and Mega menu/button_Start Browsing' is clicked on

2019-07-15 13:36:11 - [MESSAGE][PASSED] - Object: 'Object Repository/OCS-DESKTOP/Age gate and Mega menu/button_Start Browsing' is clicked on

2019-07-15 13:36:11 - [TEST_STEP][PASSED] - delay(2): Delayed 2 second(s)

2019-07-15 13:36:13 - [MESSAGE][PASSED] - Delayed 2 second(s)

2019-07-15 13:36:13 - [TEST_STEP][PASSED] - navigateToUrl("https://ocs.ca/products/la-confidential"): Navigate to 'https://ocs.ca/products/la-confidential' successfully

2019-07-15 13:36:17 - [MESSAGE][PASSED] - Navigate to 'https://ocs.ca/products/la-confidential' successfully

2019-07-15 13:36:17 - [TEST_STEP][PASSED] - executeJavaScript("var previewBar = document.getElementById("preview-bar-iframe"); previewBar.style.display = "none";", []): Execute JavaScript 'var previewBar = document.getElementById("preview-bar-iframe"); previewBar.style.display = "none";' successfully

2019-07-15 13:36:17 - [MESSAGE][PASSED] - Execute JavaScript 'var previewBar = document.getElementById("preview-bar-iframe"); previewBar.style.display = "none";' successfully

2019-07-15 13:36:17 - [MESSAGE][PASSED] - Call Test Case 'Test Cases/OCS - DESKTOP/CALL - Navigate to PDP' successfully

2019-07-15 13:36:17 - [TEST_STEP][NOT_RUN] - scrollToElement(findTestObject("OCS-DESKTOP/Product page/Product image"), 1): NOT_RUN: scrollToElement(findTestObject("OCS-DESKTOP/Product page/Product image"), 1)

2019-07-15 13:36:17 - [MESSAGE][NOT_RUN] - NOT_RUN: scrollToElement(findTestObject("OCS-DESKTOP/Product page/Product image"), 1)

2019-07-15 13:36:17 - [TEST_STEP][PASSED] - delay(2): Delayed 2 second(s)

2019-07-15 13:36:19 - [MESSAGE][PASSED] - Delayed 2 second(s)

2019-07-15 13:36:19 - [TEST_STEP][PASSED] - flag = verifyElementPresent(findTestObject("OCS-DESKTOP/Product page/Swatch_3.5g"), 0): Object 'Object Repository/OCS-DESKTOP/Product page/Swatch_3.5g' is present

2019-07-15 13:36:19 - [MESSAGE][WARNING] - Timeout '0' is invalid. Using default page load timeout: '30'

2019-07-15 13:36:19 - [MESSAGE][PASSED] - Object 'Object Repository/OCS-DESKTOP/Product page/Swatch_3.5g' is present

2019-07-15 13:36:19 - [TEST_STEP][PASSED] - comment(" flag =" + flag):  flag =true

2019-07-15 13:36:19 - [MESSAGE][INFO] -  flag =true

2019-07-15 13:36:19 - [TEST_STEP][PASSED] - if (flag == true):  price changed . Quantity selector is working

2019-07-15 13:36:19 - [TEST_STEP][PASSED] - click(findTestObject("OCS-DESKTOP/Product page/Swatch_3.5g")): Object: 'Object Repository/OCS-DESKTOP/Product page/Swatch_3.5g' is clicked on

2019-07-15 13:36:20 - [MESSAGE][PASSED] - Object: 'Object Repository/OCS-DESKTOP/Product page/Swatch_3.5g' is clicked on

2019-07-15 13:36:20 - [TEST_STEP][PASSED] - delay(2): Delayed 2 second(s)

2019-07-15 13:36:22 - [MESSAGE][PASSED] - Delayed 2 second(s)

2019-07-15 13:36:22 - [TEST_STEP][PASSED] - click(findTestObject("OCS-DESKTOP/Product page/Quantity Increase - Button")): Object: 'Object Repository/OCS-DESKTOP/Product page/Quantity Increase - Button' is clicked on

2019-07-15 13:36:22 - [MESSAGE][PASSED] - Object: 'Object Repository/OCS-DESKTOP/Product page/Quantity Increase - Button' is clicked on

2019-07-15 13:36:22 - [TEST_STEP][PASSED] - delay(2): Delayed 2 second(s)

2019-07-15 13:36:24 - [MESSAGE][PASSED] - Delayed 2 second(s)

2019-07-15 13:36:24 - [TEST_STEP][PASSED] - click(findTestObject("OCS-DESKTOP/Product page/Add to Bag-button")): Object: 'Object Repository/OCS-DESKTOP/Product page/Add to Bag-button' is clicked on

2019-07-15 13:36:24 - [MESSAGE][PASSED] - Object: 'Object Repository/OCS-DESKTOP/Product page/Add to Bag-button' is clicked on

2019-07-15 13:36:24 - [TEST_STEP][PASSED] - delay(1): Delayed 1 second(s)

2019-07-15 13:36:25 - [MESSAGE][PASSED] - Delayed 1 second(s)

2019-07-15 13:36:25 - [TEST_STEP][PASSED] - click(findTestObject("OCS-DESKTOP/Home - page/Cart icon -bag"), OPTIONAL): Object: 'Object Repository/OCS-DESKTOP/Home - page/Cart icon -bag' is clicked on

2019-07-15 13:36:25 - [MESSAGE][PASSED] - Object: 'Object Repository/OCS-DESKTOP/Home - page/Cart icon -bag' is clicked on

2019-07-15 13:36:25 - [TEST_STEP][NOT_RUN] - click(findTestObject("OCS-DESKTOP/Cart flyout/Quantity increase - Product")): NOT_RUN: click(findTestObject("OCS-DESKTOP/Cart flyout/Quantity increase - Product"))

2019-07-15 13:36:25 - [MESSAGE][NOT_RUN] - NOT_RUN: click(findTestObject("OCS-DESKTOP/Cart flyout/Quantity increase - Product"))

2019-07-15 13:36:25 - [TEST_STEP][PASSED] - delay(1): Delayed 1 second(s)

2019-07-15 13:36:26 - [MESSAGE][PASSED] - Delayed 1 second(s)

2019-07-15 13:36:26 - [TEST_STEP][NOT_RUN] - click(findTestObject("OCS-DESKTOP/Cart flyout/Quantity increase - Product")): NOT_RUN: click(findTestObject("OCS-DESKTOP/Cart flyout/Quantity increase - Product"))

2019-07-15 13:36:26 - [MESSAGE][NOT_RUN] - NOT_RUN: click(findTestObject("OCS-DESKTOP/Cart flyout/Quantity increase - Product"))

2019-07-15 13:36:26 - [TEST_STEP][PASSED] - delay(2): Delayed 2 second(s)

2019-07-15 13:36:28 - [MESSAGE][PASSED] - Delayed 2 second(s)

2019-07-15 13:36:28 - [TEST_STEP][PASSED] - a = getText(findTestObject("OCS-DESKTOP/Cart flyout/Unit price - Product")): Text of object 'Object Repository/OCS-DESKTOP/Cart flyout/Unit price - Product' is: '$70.00'

2019-07-15 13:36:28 - [MESSAGE][PASSED] - Text of object 'Object Repository/OCS-DESKTOP/Cart flyout/Unit price - Product' is: '$70.00'

2019-07-15 13:36:28 - [TEST_STEP][PASSED] - comment(a): $70.00

2019-07-15 13:36:28 - [MESSAGE][INFO] - $70.00

2019-07-15 13:36:28 - [TEST_STEP][PASSED] - b = a.substring(1): null

2019-07-15 13:36:28 - [TEST_STEP][PASSED] - comment(b): 70.00

2019-07-15 13:36:28 - [MESSAGE][INFO] - 70.00

2019-07-15 13:36:28 - [TEST_STEP][PASSED] - la = b.substring(0, b.length() - 1): null

2019-07-15 13:36:28 - [TEST_STEP][PASSED] - comment("la=" + la): la=70.0

2019-07-15 13:36:28 - [MESSAGE][INFO] - la=70.0

2019-07-15 13:36:28 - [TEST_STEP][PASSED] - la1 = la.substring(0, la.length() - 1): null

2019-07-15 13:36:28 - [TEST_STEP][PASSED] - comment(" la1 =" + la1):  la1 =70.

2019-07-15 13:36:28 - [MESSAGE][INFO] -  la1 =70.

2019-07-15 13:36:28 - [TEST_STEP][PASSED] - la2 = la1.substring(0, la1.length() - 1): null

2019-07-15 13:36:28 - [TEST_STEP][PASSED] - comment("la2 =" + la2): la2 =70

2019-07-15 13:36:28 - [MESSAGE][INFO] - la2 =70

2019-07-15 13:36:28 - [TEST_STEP][PASSED] - click(findTestObject("OCS-DESKTOP/Cart flyout/input_-_updates")): Object: 'Object Repository/OCS-DESKTOP/Cart flyout/input_-_updates' is clicked on

2019-07-15 13:36:28 - [MESSAGE][PASSED] - Object: 'Object Repository/OCS-DESKTOP/Cart flyout/input_-_updates' is clicked on

2019-07-15 13:36:28 - [TEST_STEP][PASSED] - delay(1): Delayed 1 second(s)

2019-07-15 13:36:29 - [MESSAGE][PASSED] - Delayed 1 second(s)

2019-07-15 13:36:29 - [TEST_STEP][PASSED] - doubleClick(findTestObject("OCS-DESKTOP/Cart flyout/input_-_updates")): Object: 'Object Repository/OCS-DESKTOP/Cart flyout/input_-_updates' is double clicked on

2019-07-15 13:36:29 - [MESSAGE][PASSED] - Object: 'Object Repository/OCS-DESKTOP/Cart flyout/input_-_updates' is double clicked on

2019-07-15 13:36:29 - [TEST_STEP][NOT_RUN] - setText(findTestObject("OCS-DESKTOP/Cart flyout/Qty - Input field"), Keys.chord(CLEAR)): NOT_RUN: setText(findTestObject("OCS-DESKTOP/Cart flyout/Qty - Input field"), Keys.chord(CLEAR))

2019-07-15 13:36:29 - [MESSAGE][NOT_RUN] - NOT_RUN: setText(findTestObject("OCS-DESKTOP/Cart flyout/Qty - Input field"), Keys.chord(CLEAR))

2019-07-15 13:36:29 - [TEST_STEP][PASSED] - delay(1): Delayed 1 second(s)

2019-07-15 13:36:30 - [MESSAGE][PASSED] - Delayed 1 second(s)

2019-07-15 13:36:30 - [TEST_STEP][PASSED] - setText(findTestObject("OCS-DESKTOP/Cart flyout/input_-_updates"), "3"): Text '3' is set on object 'Object Repository/OCS-DESKTOP/Cart flyout/input_-_updates'

2019-07-15 13:36:30 - [MESSAGE][PASSED] - Text '3' is set on object 'Object Repository/OCS-DESKTOP/Cart flyout/input_-_updates'

2019-07-15 13:36:30 - [TEST_STEP][PASSED] - delay(2): Delayed 2 second(s)

2019-07-15 13:36:32 - [MESSAGE][PASSED] - Delayed 2 second(s)

2019-07-15 13:36:32 - [TEST_STEP][PASSED] - click(findTestObject("OCS-DESKTOP/Cart flyout/Quantity increase - Product")): Object: 'Object Repository/OCS-DESKTOP/Cart flyout/Quantity increase - Product' is clicked on

2019-07-15 13:36:32 - [MESSAGE][PASSED] - Object: 'Object Repository/OCS-DESKTOP/Cart flyout/Quantity increase - Product' is clicked on

2019-07-15 13:36:32 - [TEST_STEP][PASSED] - delay(2): Delayed 2 second(s)

2019-07-15 13:36:34 - [MESSAGE][PASSED] - Delayed 2 second(s)

2019-07-15 13:36:34 - [TEST_STEP][PASSED] - click(findTestObject("OCS-DESKTOP/Cart flyout/Quantity increase - Product")): Object: 'Object Repository/OCS-DESKTOP/Cart flyout/Quantity increase - Product' is clicked on

2019-07-15 13:36:34 - [MESSAGE][PASSED] - Object: 'Object Repository/OCS-DESKTOP/Cart flyout/Quantity increase - Product' is clicked on

2019-07-15 13:36:34 - [TEST_STEP][PASSED] - delay(2): Delayed 2 second(s)

2019-07-15 13:36:36 - [MESSAGE][PASSED] - Delayed 2 second(s)

2019-07-15 13:36:36 - [TEST_STEP][PASSED] - click(findTestObject("OCS-DESKTOP/Cart flyout/Quantity increase - Product")): Object: 'Object Repository/OCS-DESKTOP/Cart flyout/Quantity increase - Product' is clicked on

2019-07-15 13:36:37 - [MESSAGE][PASSED] - Object: 'Object Repository/OCS-DESKTOP/Cart flyout/Quantity increase - Product' is clicked on

2019-07-15 13:36:37 - [TEST_STEP][PASSED] - delay(2): Delayed 2 second(s)

2019-07-15 13:36:39 - [MESSAGE][PASSED] - Delayed 2 second(s)

2019-07-15 13:36:39 - [TEST_STEP][PASSED] - c = getText(findTestObject("OCS-DESKTOP/Cart flyout/Sub-total Price")): Text of object 'Object Repository/OCS-DESKTOP/Cart flyout/Sub-total Price' is: '$210.00'

2019-07-15 13:36:39 - [MESSAGE][PASSED] - Text of object 'Object Repository/OCS-DESKTOP/Cart flyout/Sub-total Price' is: '$210.00'

2019-07-15 13:36:39 - [TEST_STEP][PASSED] - comment(c): $210.00

2019-07-15 13:36:39 - [MESSAGE][INFO] - $210.00

2019-07-15 13:36:39 - [TEST_STEP][PASSED] - d = c.substring(1): null

2019-07-15 13:36:39 - [TEST_STEP][PASSED] - comment(d): 210.00

2019-07-15 13:36:39 - [MESSAGE][INFO] - 210.00

2019-07-15 13:36:39 - [TEST_STEP][PASSED] - verifyNotEqual("c", "d"): Actual object 'c' and expected object 'd' are not equal

2019-07-15 13:36:39 - [MESSAGE][PASSED] - Actual object 'c' and expected object 'd' are not equal

2019-07-15 13:36:39 - [TEST_STEP][PASSED] - comment(" price changed . Quantity selector is working"):  price changed . Quantity selector is working

2019-07-15 13:36:39 - [MESSAGE][INFO] -  price changed . Quantity selector is working]]></system-out>
         <system-err><![CDATA[]]></system-err>
      </testcase>
      <testcase name="Test Cases/OCS - DESKTOP/OCS- CRITICAL PATH/Cart flyout- decrease qty" classname="Test Cases/OCS - DESKTOP/OCS- CRITICAL PATH/Cart flyout- decrease qty" status="PASSED">
         <system-out><![CDATA[2019-07-15 13:36:39 - [TEST_CASE][PASSED] - Test Cases/OCS - DESKTOP/OCS- CRITICAL PATH/Cart flyout- decrease qty: Test Cases/OCS - DESKTOP/OCS- CRITICAL PATH/Cart flyout- decrease qty

2019-07-15 13:36:39 - [TEST_STEP][PASSED] - callTestCase(findTestCase("OCS - DESKTOP/CALL - Navigate to PDP"), [:], STOP_ON_FAILURE): Call Test Case 'Test Cases/OCS - DESKTOP/CALL - Navigate to PDP' successfully

2019-07-15 13:36:39 - [TEST_CASE][PASSED] - Test Cases/OCS - DESKTOP/CALL - Navigate to PDP: Test Cases/OCS - DESKTOP/CALL - Navigate to PDP

2019-07-15 13:36:39 - [TEST_STEP][PASSED] - openBrowser(""): Browser is opened with url: ''

2019-07-15 13:36:39 - [MESSAGE][WARNING] - A browser is already opened. Closing browser and opening a new one

2019-07-15 13:36:39 - [MESSAGE][INFO] - Starting 'Chrome' driver

2019-07-15 13:36:41 - [MESSAGE][PASSED] - Browser is opened with url: ''

2019-07-15 13:36:41 - [TEST_STEP][PASSED] - maximizeWindow(): Current window maximized

2019-07-15 13:36:41 - [MESSAGE][PASSED] - Current window maximized

2019-07-15 13:36:41 - [TEST_STEP][PASSED] - navigateToUrl("https://ocs.ca/?fts=0&preview_theme_id=74205529932"): Navigate to 'https://ocs.ca/?fts=0&preview_theme_id=74205529932' successfully

2019-07-15 13:36:46 - [MESSAGE][PASSED] - Navigate to 'https://ocs.ca/?fts=0&preview_theme_id=74205529932' successfully

2019-07-15 13:36:46 - [TEST_STEP][PASSED] - executeJavaScript("var previewBar = document.getElementById("preview-bar-iframe"); previewBar.style.display = "none";", []): Execute JavaScript 'var previewBar = document.getElementById("preview-bar-iframe"); previewBar.style.display = "none";' successfully

2019-07-15 13:36:46 - [MESSAGE][PASSED] - Execute JavaScript 'var previewBar = document.getElementById("preview-bar-iframe"); previewBar.style.display = "none";' successfully

2019-07-15 13:36:46 - [TEST_STEP][PASSED] - delay(4): Delayed 4 second(s)

2019-07-15 13:36:50 - [MESSAGE][PASSED] - Delayed 4 second(s)

2019-07-15 13:36:50 - [TEST_STEP][PASSED] - selectOptionByValue(findTestObject("OCS-DESKTOP/Age gate and Mega menu/Date"), "12", true): All options with value '12' are selected in object 'Object Repository/OCS-DESKTOP/Age gate and Mega menu/Date'  using regular expression

2019-07-15 13:36:51 - [MESSAGE][PASSED] - All options with value '12' are selected in object 'Object Repository/OCS-DESKTOP/Age gate and Mega menu/Date'  using regular expression

2019-07-15 13:36:51 - [TEST_STEP][PASSED] - selectOptionByValue(findTestObject("OCS-DESKTOP/Age gate and Mega menu/month"), "6", true): All options with value '6' are selected in object 'Object Repository/OCS-DESKTOP/Age gate and Mega menu/month'  using regular expression

2019-07-15 13:36:51 - [MESSAGE][PASSED] - All options with value '6' are selected in object 'Object Repository/OCS-DESKTOP/Age gate and Mega menu/month'  using regular expression

2019-07-15 13:36:51 - [TEST_STEP][PASSED] - delay(2): Delayed 2 second(s)

2019-07-15 13:36:53 - [MESSAGE][PASSED] - Delayed 2 second(s)

2019-07-15 13:36:53 - [TEST_STEP][PASSED] - selectOptionByValue(findTestObject("OCS-DESKTOP/Age gate and Mega menu/Year Dropdown"), "1990", true): All options with value '1990' are selected in object 'Object Repository/OCS-DESKTOP/Age gate and Mega menu/Year Dropdown'  using regular expression

2019-07-15 13:36:55 - [MESSAGE][PASSED] - All options with value '1990' are selected in object 'Object Repository/OCS-DESKTOP/Age gate and Mega menu/Year Dropdown'  using regular expression

2019-07-15 13:36:55 - [TEST_STEP][PASSED] - click(findTestObject("OCS-DESKTOP/Age gate and Mega menu/button_Verify")): Object: 'Object Repository/OCS-DESKTOP/Age gate and Mega menu/button_Verify' is clicked on

2019-07-15 13:36:55 - [MESSAGE][PASSED] - Object: 'Object Repository/OCS-DESKTOP/Age gate and Mega menu/button_Verify' is clicked on

2019-07-15 13:36:55 - [TEST_STEP][PASSED] - click(findTestObject("OCS-DESKTOP/Age gate and Mega menu/Checkbox_CONFIRM AND ACKNOWLEDGE")): Object: 'Object Repository/OCS-DESKTOP/Age gate and Mega menu/Checkbox_CONFIRM AND ACKNOWLEDGE' is clicked on

2019-07-15 13:36:55 - [MESSAGE][PASSED] - Object: 'Object Repository/OCS-DESKTOP/Age gate and Mega menu/Checkbox_CONFIRM AND ACKNOWLEDGE' is clicked on

2019-07-15 13:36:55 - [TEST_STEP][PASSED] - click(findTestObject("OCS-DESKTOP/Age gate and Mega menu/button_CONFIRM")): Object: 'Object Repository/OCS-DESKTOP/Age gate and Mega menu/button_CONFIRM' is clicked on

2019-07-15 13:36:56 - [MESSAGE][PASSED] - Object: 'Object Repository/OCS-DESKTOP/Age gate and Mega menu/button_CONFIRM' is clicked on

2019-07-15 13:36:56 - [TEST_STEP][PASSED] - click(findTestObject("OCS-DESKTOP/Age gate and Mega menu/button_Start Browsing")): Object: 'Object Repository/OCS-DESKTOP/Age gate and Mega menu/button_Start Browsing' is clicked on

2019-07-15 13:36:56 - [MESSAGE][PASSED] - Object: 'Object Repository/OCS-DESKTOP/Age gate and Mega menu/button_Start Browsing' is clicked on

2019-07-15 13:36:56 - [TEST_STEP][PASSED] - delay(2): Delayed 2 second(s)

2019-07-15 13:36:58 - [MESSAGE][PASSED] - Delayed 2 second(s)

2019-07-15 13:36:58 - [TEST_STEP][PASSED] - navigateToUrl("https://ocs.ca/products/la-confidential"): Navigate to 'https://ocs.ca/products/la-confidential' successfully

2019-07-15 13:37:03 - [MESSAGE][PASSED] - Navigate to 'https://ocs.ca/products/la-confidential' successfully

2019-07-15 13:37:03 - [TEST_STEP][PASSED] - executeJavaScript("var previewBar = document.getElementById("preview-bar-iframe"); previewBar.style.display = "none";", []): Execute JavaScript 'var previewBar = document.getElementById("preview-bar-iframe"); previewBar.style.display = "none";' successfully

2019-07-15 13:37:03 - [MESSAGE][PASSED] - Execute JavaScript 'var previewBar = document.getElementById("preview-bar-iframe"); previewBar.style.display = "none";' successfully

2019-07-15 13:37:03 - [MESSAGE][PASSED] - Call Test Case 'Test Cases/OCS - DESKTOP/CALL - Navigate to PDP' successfully

2019-07-15 13:37:03 - [TEST_STEP][NOT_RUN] - scrollToElement(findTestObject("OCS-DESKTOP/Product page/Product image"), 1): NOT_RUN: scrollToElement(findTestObject("OCS-DESKTOP/Product page/Product image"), 1)

2019-07-15 13:37:03 - [MESSAGE][NOT_RUN] - NOT_RUN: scrollToElement(findTestObject("OCS-DESKTOP/Product page/Product image"), 1)

2019-07-15 13:37:03 - [TEST_STEP][PASSED] - delay(2): Delayed 2 second(s)

2019-07-15 13:37:05 - [MESSAGE][PASSED] - Delayed 2 second(s)

2019-07-15 13:37:05 - [TEST_STEP][PASSED] - executeJavaScript("var previewBar = document.getElementById("preview-bar-iframe"); previewBar.style.display = "none";", []): Execute JavaScript 'var previewBar = document.getElementById("preview-bar-iframe"); previewBar.style.display = "none";' successfully

2019-07-15 13:37:05 - [MESSAGE][PASSED] - Execute JavaScript 'var previewBar = document.getElementById("preview-bar-iframe"); previewBar.style.display = "none";' successfully

2019-07-15 13:37:05 - [TEST_STEP][PASSED] - flag = verifyElementPresent(findTestObject("OCS-DESKTOP/Product page/Swatch_1g"), 0): Object 'Object Repository/OCS-DESKTOP/Product page/Swatch_1g' is present

2019-07-15 13:37:05 - [MESSAGE][WARNING] - Timeout '0' is invalid. Using default page load timeout: '30'

2019-07-15 13:37:05 - [MESSAGE][PASSED] - Object 'Object Repository/OCS-DESKTOP/Product page/Swatch_1g' is present

2019-07-15 13:37:05 - [TEST_STEP][PASSED] - click(findTestObject("OCS-DESKTOP/Product page/Swatch_1g")): Object: 'Object Repository/OCS-DESKTOP/Product page/Swatch_1g' is clicked on

2019-07-15 13:37:05 - [MESSAGE][PASSED] - Object: 'Object Repository/OCS-DESKTOP/Product page/Swatch_1g' is clicked on

2019-07-15 13:37:05 - [TEST_STEP][PASSED] - takeScreenshot(): Taking screenshot successfully

2019-07-15 13:37:06 - [MESSAGE][PASSED] - Taking screenshot successfully
[[ATTACHMENT|/Users/sumankompelly/git/OCS--Relative-xpath-Desktop/Reports/Suite - Chrome/20190715_133533/1563212225701.png]]

2019-07-15 13:37:06 - [TEST_STEP][PASSED] - comment(" flag =" + flag):  flag =true

2019-07-15 13:37:06 - [MESSAGE][INFO] -  flag =true

2019-07-15 13:37:06 - [TEST_STEP][PASSED] - if (flag == true):  Sub-total Price changed . Quantity selector is working

2019-07-15 13:37:06 - [TEST_STEP][PASSED] - delay(2): Delayed 2 second(s)

2019-07-15 13:37:08 - [MESSAGE][PASSED] - Delayed 2 second(s)

2019-07-15 13:37:08 - [TEST_STEP][NOT_RUN] - click(findTestObject("OCS-DESKTOP/Product page/Quantity Increase - Button")): NOT_RUN: click(findTestObject("OCS-DESKTOP/Product page/Quantity Increase - Button"))

2019-07-15 13:37:08 - [MESSAGE][NOT_RUN] - NOT_RUN: click(findTestObject("OCS-DESKTOP/Product page/Quantity Increase - Button"))

2019-07-15 13:37:08 - [TEST_STEP][PASSED] - delay(1): Delayed 1 second(s)

2019-07-15 13:37:09 - [MESSAGE][PASSED] - Delayed 1 second(s)

2019-07-15 13:37:09 - [TEST_STEP][PASSED] - click(findTestObject("OCS-DESKTOP/Product page/Quantity Increase - Button")): Object: 'Object Repository/OCS-DESKTOP/Product page/Quantity Increase - Button' is clicked on

2019-07-15 13:37:09 - [MESSAGE][PASSED] - Object: 'Object Repository/OCS-DESKTOP/Product page/Quantity Increase - Button' is clicked on

2019-07-15 13:37:09 - [TEST_STEP][PASSED] - delay(1): Delayed 1 second(s)

2019-07-15 13:37:10 - [MESSAGE][PASSED] - Delayed 1 second(s)

2019-07-15 13:37:10 - [TEST_STEP][PASSED] - click(findTestObject("OCS-DESKTOP/Product page/Quantity Increase - Button")): Object: 'Object Repository/OCS-DESKTOP/Product page/Quantity Increase - Button' is clicked on

2019-07-15 13:37:10 - [MESSAGE][PASSED] - Object: 'Object Repository/OCS-DESKTOP/Product page/Quantity Increase - Button' is clicked on

2019-07-15 13:37:10 - [TEST_STEP][PASSED] - delay(1): Delayed 1 second(s)

2019-07-15 13:37:11 - [MESSAGE][PASSED] - Delayed 1 second(s)

2019-07-15 13:37:11 - [TEST_STEP][PASSED] - click(findTestObject("OCS-DESKTOP/Product page/Quantity Increase - Button")): Object: 'Object Repository/OCS-DESKTOP/Product page/Quantity Increase - Button' is clicked on

2019-07-15 13:37:11 - [MESSAGE][PASSED] - Object: 'Object Repository/OCS-DESKTOP/Product page/Quantity Increase - Button' is clicked on

2019-07-15 13:37:11 - [TEST_STEP][PASSED] - delay(1): Delayed 1 second(s)

2019-07-15 13:37:12 - [MESSAGE][PASSED] - Delayed 1 second(s)

2019-07-15 13:37:12 - [TEST_STEP][PASSED] - click(findTestObject("OCS-DESKTOP/Product page/Quantity Increase - Button")): Object: 'Object Repository/OCS-DESKTOP/Product page/Quantity Increase - Button' is clicked on

2019-07-15 13:37:12 - [MESSAGE][PASSED] - Object: 'Object Repository/OCS-DESKTOP/Product page/Quantity Increase - Button' is clicked on

2019-07-15 13:37:12 - [TEST_STEP][PASSED] - delay(2): Delayed 2 second(s)

2019-07-15 13:37:14 - [MESSAGE][PASSED] - Delayed 2 second(s)

2019-07-15 13:37:14 - [TEST_STEP][PASSED] - click(findTestObject("OCS-DESKTOP/Product page/Add to Bag-button")): Object: 'Object Repository/OCS-DESKTOP/Product page/Add to Bag-button' is clicked on

2019-07-15 13:37:14 - [MESSAGE][PASSED] - Object: 'Object Repository/OCS-DESKTOP/Product page/Add to Bag-button' is clicked on

2019-07-15 13:37:14 - [TEST_STEP][PASSED] - delay(1): Delayed 1 second(s)

2019-07-15 13:37:15 - [MESSAGE][PASSED] - Delayed 1 second(s)

2019-07-15 13:37:15 - [TEST_STEP][PASSED] - click(findTestObject("OCS-DESKTOP/Home - page/Cart icon -bag"), OPTIONAL): Object: 'Object Repository/OCS-DESKTOP/Home - page/Cart icon -bag' is clicked on

2019-07-15 13:37:15 - [MESSAGE][PASSED] - Object: 'Object Repository/OCS-DESKTOP/Home - page/Cart icon -bag' is clicked on

2019-07-15 13:37:15 - [TEST_STEP][NOT_RUN] - click(findTestObject("OCS-DESKTOP/Cart flyout/Quantity decrease - Product")): NOT_RUN: click(findTestObject("OCS-DESKTOP/Cart flyout/Quantity decrease - Product"))

2019-07-15 13:37:15 - [MESSAGE][NOT_RUN] - NOT_RUN: click(findTestObject("OCS-DESKTOP/Cart flyout/Quantity decrease - Product"))

2019-07-15 13:37:15 - [TEST_STEP][PASSED] - delay(2): Delayed 2 second(s)

2019-07-15 13:37:17 - [MESSAGE][PASSED] - Delayed 2 second(s)

2019-07-15 13:37:17 - [TEST_STEP][PASSED] - a = getText(findTestObject("OCS-DESKTOP/Cart flyout/Unit price - Product")): Text of object 'Object Repository/OCS-DESKTOP/Cart flyout/Unit price - Product' is: '$52.50'

2019-07-15 13:37:17 - [MESSAGE][PASSED] - Text of object 'Object Repository/OCS-DESKTOP/Cart flyout/Unit price - Product' is: '$52.50'

2019-07-15 13:37:17 - [TEST_STEP][PASSED] - comment(a): $52.50

2019-07-15 13:37:17 - [MESSAGE][INFO] - $52.50

2019-07-15 13:37:17 - [TEST_STEP][PASSED] - b = a.substring(1): null

2019-07-15 13:37:17 - [TEST_STEP][PASSED] - comment(b): 52.50

2019-07-15 13:37:17 - [MESSAGE][INFO] - 52.50

2019-07-15 13:37:17 - [TEST_STEP][PASSED] - click(findTestObject("OCS-DESKTOP/Cart flyout/input_-_updates")): Object: 'Object Repository/OCS-DESKTOP/Cart flyout/input_-_updates' is clicked on

2019-07-15 13:37:17 - [MESSAGE][PASSED] - Object: 'Object Repository/OCS-DESKTOP/Cart flyout/input_-_updates' is clicked on

2019-07-15 13:37:17 - [TEST_STEP][PASSED] - setText(findTestObject("OCS-DESKTOP/Cart flyout/input_-_updates"), Keys.chord(CLEAR)): Text 'CLEAR + ' is set on object 'Object Repository/OCS-DESKTOP/Cart flyout/input_-_updates'

2019-07-15 13:37:18 - [MESSAGE][PASSED] - Text 'CLEAR + ' is set on object 'Object Repository/OCS-DESKTOP/Cart flyout/input_-_updates'

2019-07-15 13:37:18 - [TEST_STEP][PASSED] - delay(1): Delayed 1 second(s)

2019-07-15 13:37:19 - [MESSAGE][PASSED] - Delayed 1 second(s)

2019-07-15 13:37:19 - [TEST_STEP][PASSED] - setText(findTestObject("OCS-DESKTOP/Cart flyout/input_-_updates"), "10"): Text '10' is set on object 'Object Repository/OCS-DESKTOP/Cart flyout/input_-_updates'

2019-07-15 13:37:19 - [MESSAGE][PASSED] - Text '10' is set on object 'Object Repository/OCS-DESKTOP/Cart flyout/input_-_updates'

2019-07-15 13:37:19 - [TEST_STEP][PASSED] - delay(2): Delayed 2 second(s)

2019-07-15 13:37:21 - [MESSAGE][PASSED] - Delayed 2 second(s)

2019-07-15 13:37:21 - [TEST_STEP][PASSED] - click(findTestObject("OCS-DESKTOP/Cart flyout/Quantity decrease - Product")): Object: 'Object Repository/OCS-DESKTOP/Cart flyout/Quantity decrease - Product' is clicked on

2019-07-15 13:37:21 - [MESSAGE][PASSED] - Object: 'Object Repository/OCS-DESKTOP/Cart flyout/Quantity decrease - Product' is clicked on

2019-07-15 13:37:21 - [TEST_STEP][PASSED] - delay(1): Delayed 1 second(s)

2019-07-15 13:37:22 - [MESSAGE][PASSED] - Delayed 1 second(s)

2019-07-15 13:37:22 - [TEST_STEP][PASSED] - click(findTestObject("OCS-DESKTOP/Cart flyout/Quantity decrease - Product")): Object: 'Object Repository/OCS-DESKTOP/Cart flyout/Quantity decrease - Product' is clicked on

2019-07-15 13:37:22 - [MESSAGE][PASSED] - Object: 'Object Repository/OCS-DESKTOP/Cart flyout/Quantity decrease - Product' is clicked on

2019-07-15 13:37:22 - [TEST_STEP][PASSED] - delay(1): Delayed 1 second(s)

2019-07-15 13:37:23 - [MESSAGE][PASSED] - Delayed 1 second(s)

2019-07-15 13:37:23 - [TEST_STEP][PASSED] - click(findTestObject("OCS-DESKTOP/Cart flyout/Quantity decrease - Product")): Object: 'Object Repository/OCS-DESKTOP/Cart flyout/Quantity decrease - Product' is clicked on

2019-07-15 13:37:23 - [MESSAGE][PASSED] - Object: 'Object Repository/OCS-DESKTOP/Cart flyout/Quantity decrease - Product' is clicked on

2019-07-15 13:37:23 - [TEST_STEP][PASSED] - delay(5): Delayed 5 second(s)

2019-07-15 13:37:28 - [MESSAGE][PASSED] - Delayed 5 second(s)

2019-07-15 13:37:28 - [TEST_STEP][PASSED] - c = getText(findTestObject("OCS-DESKTOP/Cart flyout/Sub-total Price")): Text of object 'Object Repository/OCS-DESKTOP/Cart flyout/Sub-total Price' is: '$73.50'

2019-07-15 13:37:28 - [MESSAGE][PASSED] - Text of object 'Object Repository/OCS-DESKTOP/Cart flyout/Sub-total Price' is: '$73.50'

2019-07-15 13:37:28 - [TEST_STEP][PASSED] - comment(c): $73.50

2019-07-15 13:37:28 - [MESSAGE][INFO] - $73.50

2019-07-15 13:37:28 - [TEST_STEP][PASSED] - d = c.substring(1): null

2019-07-15 13:37:28 - [TEST_STEP][PASSED] - comment(d): 73.50

2019-07-15 13:37:28 - [MESSAGE][INFO] - 73.50

2019-07-15 13:37:28 - [TEST_STEP][PASSED] - verifyNotEqual("b", "d"): Actual object 'b' and expected object 'd' are not equal

2019-07-15 13:37:28 - [MESSAGE][PASSED] - Actual object 'b' and expected object 'd' are not equal

2019-07-15 13:37:28 - [TEST_STEP][PASSED] - comment(" Sub-total Price changed . Quantity selector is working"):  Sub-total Price changed . Quantity selector is working

2019-07-15 13:37:28 - [MESSAGE][INFO] -  Sub-total Price changed . Quantity selector is working]]></system-out>
         <system-err><![CDATA[]]></system-err>
      </testcase>
      <testcase name="Test Cases/OCS - DESKTOP/OCS- CRITICAL PATH/Checkout- Payment" classname="Test Cases/OCS - DESKTOP/OCS- CRITICAL PATH/Checkout- Payment" status="FAILED">
         <failure type="FAILED" message="Test Cases/OCS - DESKTOP/OCS- CRITICAL PATH/Checkout- Payment FAILED.
Reason:
com.kms.katalon.core.exception.StepFailedException: Unable to execute JavaScript. (Root cause: org.openqa.selenium.WebDriverException: unknown error: Cannot read property 'style' of null
  (Session info: chrome=75.0.3770.100)
  (Driver info: chromedriver=2.43.600229 (3fae4d0cda5334b4f533bede5a4787f7b832d052),platform=Mac OS X 10.13.6 x86_64) (WARNING: The server did not provide any stacktrace information)
Command duration or timeout: 0 milliseconds
Build info: version: '3.7.1', revision: '8a0099a', time: '2017-11-06T21:07:36.161Z'
System info: host: 'sumans-MacBook-Pro.local', ip: 'fe80:0:0:0:143c:9c68:90ad:a50%en0', os.name: 'Mac OS X', os.arch: 'x86_64', os.version: '10.13.6', java.version: '1.8.0_181'
Driver info: com.kms.katalon.selenium.driver.CChromeDriver
Capabilities {acceptInsecureCerts: false, acceptSslCerts: false, applicationCacheEnabled: false, browserConnectionEnabled: false, browserName: chrome, chrome: {chromedriverVersion: 2.43.600229 (3fae4d0cda5334..., userDataDir: /var/folders/1t/c55l8xzs6gq...}, cssSelectorsEnabled: true, databaseEnabled: false, goog:chromeOptions: {debuggerAddress: localhost:54585}, handlesAlerts: true, hasTouchScreen: false, javascriptEnabled: true, locationContextEnabled: true, mobileEmulationEnabled: false, nativeEvents: true, networkConnectionEnabled: false, pageLoadStrategy: normal, platform: MAC, platformName: MAC, rotatable: false, setWindowRect: true, takesHeapSnapshot: true, takesScreenshot: true, unexpectedAlertBehaviour: , unhandledPromptBehavior: , version: 75.0.3770.100, webStorageEnabled: true}
Session ID: cb665d98325fdc10befbb755626a8c3c)
	at com.kms.katalon.core.keyword.internal.KeywordMain.stepFailed(KeywordMain.groovy:36)
	at com.kms.katalon.core.webui.keyword.internal.WebUIKeywordMain.stepFailed(WebUIKeywordMain.groovy:65)
	at com.kms.katalon.core.webui.keyword.internal.WebUIKeywordMain.runKeyword(WebUIKeywordMain.groovy:27)
	at com.kms.katalon.core.webui.keyword.builtin.ExecuteJavaScriptKeyword.executeJavascript(ExecuteJavascriptKeyword.groovy:42)
	at com.kms.katalon.core.webui.keyword.builtin.ExecuteJavaScriptKeyword.execute(ExecuteJavascriptKeyword.groovy:37)
	at com.kms.katalon.core.keyword.internal.KeywordExecutor.executeKeywordForPlatform(KeywordExecutor.groovy:53)
	at com.kms.katalon.core.webui.keyword.WebUiBuiltInKeywords.executeJavaScript(WebUiBuiltInKeywords.groovy:3787)
	at com.kms.katalon.core.webui.keyword.WebUiBuiltInKeywords$executeJavaScript$2.call(Unknown Source)
	at Checkout- Payment.run(Checkout- Payment:103)
	at com.kms.katalon.core.main.ScriptEngine.run(ScriptEngine.java:194)
	at com.kms.katalon.core.main.ScriptEngine.runScriptAsRawText(ScriptEngine.java:119)
	at com.kms.katalon.core.main.TestCaseExecutor.runScript(TestCaseExecutor.java:328)
	at com.kms.katalon.core.main.TestCaseExecutor.doExecute(TestCaseExecutor.java:319)
	at com.kms.katalon.core.main.TestCaseExecutor.processExecutionPhase(TestCaseExecutor.java:298)
	at com.kms.katalon.core.main.TestCaseExecutor.accessMainPhase(TestCaseExecutor.java:290)
	at com.kms.katalon.core.main.TestCaseExecutor.execute(TestCaseExecutor.java:224)
	at com.kms.katalon.core.main.TestSuiteExecutor.accessTestCaseMainPhase(TestSuiteExecutor.java:129)
	at com.kms.katalon.core.main.TestSuiteExecutor.accessTestSuiteMainPhase(TestSuiteExecutor.java:112)
	at com.kms.katalon.core.main.TestSuiteExecutor.execute(TestSuiteExecutor.java:81)
	at com.kms.katalon.core.main.TestCaseMain.startTestSuite(TestCaseMain.java:149)
	at com.kms.katalon.core.main.TestCaseMain$startTestSuite$0.call(Unknown Source)
	at TempTestSuite1563212133201.run(TempTestSuite1563212133201.groovy:36)
"/>
         <system-out><![CDATA[2019-07-15 13:37:28 - [TEST_CASE][FAILED] - Test Cases/OCS - DESKTOP/OCS- CRITICAL PATH/Checkout- Payment: Test Cases/OCS - DESKTOP/OCS- CRITICAL PATH/Checkout- Payment FAILED.
Reason:
com.kms.katalon.core.exception.StepFailedException: Unable to execute JavaScript. (Root cause: org.openqa.selenium.WebDriverException: unknown error: Cannot read property 'style' of null
  (Session info: chrome=75.0.3770.100)
  (Driver info: chromedriver=2.43.600229 (3fae4d0cda5334b4f533bede5a4787f7b832d052),platform=Mac OS X 10.13.6 x86_64) (WARNING: The server did not provide any stacktrace information)
Command duration or timeout: 0 milliseconds
Build info: version: '3.7.1', revision: '8a0099a', time: '2017-11-06T21:07:36.161Z'
System info: host: 'sumans-MacBook-Pro.local', ip: 'fe80:0:0:0:143c:9c68:90ad:a50%en0', os.name: 'Mac OS X', os.arch: 'x86_64', os.version: '10.13.6', java.version: '1.8.0_181'
Driver info: com.kms.katalon.selenium.driver.CChromeDriver
Capabilities {acceptInsecureCerts: false, acceptSslCerts: false, applicationCacheEnabled: false, browserConnectionEnabled: false, browserName: chrome, chrome: {chromedriverVersion: 2.43.600229 (3fae4d0cda5334..., userDataDir: /var/folders/1t/c55l8xzs6gq...}, cssSelectorsEnabled: true, databaseEnabled: false, goog:chromeOptions: {debuggerAddress: localhost:54585}, handlesAlerts: true, hasTouchScreen: false, javascriptEnabled: true, locationContextEnabled: true, mobileEmulationEnabled: false, nativeEvents: true, networkConnectionEnabled: false, pageLoadStrategy: normal, platform: MAC, platformName: MAC, rotatable: false, setWindowRect: true, takesHeapSnapshot: true, takesScreenshot: true, unexpectedAlertBehaviour: , unhandledPromptBehavior: , version: 75.0.3770.100, webStorageEnabled: true}
Session ID: cb665d98325fdc10befbb755626a8c3c)
	at com.kms.katalon.core.keyword.internal.KeywordMain.stepFailed(KeywordMain.groovy:36)
	at com.kms.katalon.core.webui.keyword.internal.WebUIKeywordMain.stepFailed(WebUIKeywordMain.groovy:65)
	at com.kms.katalon.core.webui.keyword.internal.WebUIKeywordMain.runKeyword(WebUIKeywordMain.groovy:27)
	at com.kms.katalon.core.webui.keyword.builtin.ExecuteJavaScriptKeyword.executeJavascript(ExecuteJavascriptKeyword.groovy:42)
	at com.kms.katalon.core.webui.keyword.builtin.ExecuteJavaScriptKeyword.execute(ExecuteJavascriptKeyword.groovy:37)
	at com.kms.katalon.core.keyword.internal.KeywordExecutor.executeKeywordForPlatform(KeywordExecutor.groovy:53)
	at com.kms.katalon.core.webui.keyword.WebUiBuiltInKeywords.executeJavaScript(WebUiBuiltInKeywords.groovy:3787)
	at com.kms.katalon.core.webui.keyword.WebUiBuiltInKeywords$executeJavaScript$2.call(Unknown Source)
	at Checkout- Payment.run(Checkout- Payment:103)
	at com.kms.katalon.core.main.ScriptEngine.run(ScriptEngine.java:194)
	at com.kms.katalon.core.main.ScriptEngine.runScriptAsRawText(ScriptEngine.java:119)
	at com.kms.katalon.core.main.TestCaseExecutor.runScript(TestCaseExecutor.java:328)
	at com.kms.katalon.core.main.TestCaseExecutor.doExecute(TestCaseExecutor.java:319)
	at com.kms.katalon.core.main.TestCaseExecutor.processExecutionPhase(TestCaseExecutor.java:298)
	at com.kms.katalon.core.main.TestCaseExecutor.accessMainPhase(TestCaseExecutor.java:290)
	at com.kms.katalon.core.main.TestCaseExecutor.execute(TestCaseExecutor.java:224)
	at com.kms.katalon.core.main.TestSuiteExecutor.accessTestCaseMainPhase(TestSuiteExecutor.java:129)
	at com.kms.katalon.core.main.TestSuiteExecutor.accessTestSuiteMainPhase(TestSuiteExecutor.java:112)
	at com.kms.katalon.core.main.TestSuiteExecutor.execute(TestSuiteExecutor.java:81)
	at com.kms.katalon.core.main.TestCaseMain.startTestSuite(TestCaseMain.java:149)
	at com.kms.katalon.core.main.TestCaseMain$startTestSuite$0.call(Unknown Source)
	at TempTestSuite1563212133201.run(TempTestSuite1563212133201.groovy:36)


2019-07-15 13:37:28 - [TEST_STEP][PASSED] - callTestCase(findTestCase("OCS - DESKTOP/CALL- Age gate"), [:], STOP_ON_FAILURE): Call Test Case 'Test Cases/OCS - DESKTOP/CALL- Age gate' successfully

2019-07-15 13:37:28 - [TEST_CASE][PASSED] - Test Cases/OCS - DESKTOP/CALL- Age gate: Test Cases/OCS - DESKTOP/CALL- Age gate

2019-07-15 13:37:28 - [TEST_STEP][PASSED] - openBrowser(""): Browser is opened with url: ''

2019-07-15 13:37:28 - [MESSAGE][WARNING] - A browser is already opened. Closing browser and opening a new one

2019-07-15 13:37:29 - [MESSAGE][INFO] - Starting 'Chrome' driver

2019-07-15 13:37:31 - [MESSAGE][PASSED] - Browser is opened with url: ''

2019-07-15 13:37:31 - [TEST_STEP][PASSED] - navigateToUrl("https://ocs.ca/?fts=0&preview_theme_id=74205529932"): Navigate to 'https://ocs.ca/?fts=0&preview_theme_id=74205529932' successfully

2019-07-15 13:37:39 - [MESSAGE][PASSED] - Navigate to 'https://ocs.ca/?fts=0&preview_theme_id=74205529932' successfully

2019-07-15 13:37:39 - [TEST_STEP][PASSED] - maximizeWindow(): Current window maximized

2019-07-15 13:37:39 - [MESSAGE][PASSED] - Current window maximized

2019-07-15 13:37:39 - [TEST_STEP][PASSED] - delay(2): Delayed 2 second(s)

2019-07-15 13:37:41 - [MESSAGE][PASSED] - Delayed 2 second(s)

2019-07-15 13:37:41 - [TEST_STEP][PASSED] - executeJavaScript("var previewBar = document.getElementById("preview-bar-iframe"); previewBar.style.display = "none";", []): Execute JavaScript 'var previewBar = document.getElementById("preview-bar-iframe"); previewBar.style.display = "none";' successfully

2019-07-15 13:37:41 - [MESSAGE][PASSED] - Execute JavaScript 'var previewBar = document.getElementById("preview-bar-iframe"); previewBar.style.display = "none";' successfully

2019-07-15 13:37:41 - [TEST_STEP][PASSED] - selectOptionByValue(findTestObject("OCS-DESKTOP/Age gate and Mega menu/Date"), "12", true): All options with value '12' are selected in object 'Object Repository/OCS-DESKTOP/Age gate and Mega menu/Date'  using regular expression

2019-07-15 13:37:41 - [MESSAGE][PASSED] - All options with value '12' are selected in object 'Object Repository/OCS-DESKTOP/Age gate and Mega menu/Date'  using regular expression

2019-07-15 13:37:41 - [TEST_STEP][PASSED] - selectOptionByValue(findTestObject("OCS-DESKTOP/Age gate and Mega menu/month"), "6", true): All options with value '6' are selected in object 'Object Repository/OCS-DESKTOP/Age gate and Mega menu/month'  using regular expression

2019-07-15 13:37:42 - [MESSAGE][PASSED] - All options with value '6' are selected in object 'Object Repository/OCS-DESKTOP/Age gate and Mega menu/month'  using regular expression

2019-07-15 13:37:42 - [TEST_STEP][PASSED] - delay(2): Delayed 2 second(s)

2019-07-15 13:37:44 - [MESSAGE][PASSED] - Delayed 2 second(s)

2019-07-15 13:37:44 - [TEST_STEP][PASSED] - selectOptionByValue(findTestObject("OCS-DESKTOP/Age gate and Mega menu/Year Dropdown"), "1990", true): All options with value '1990' are selected in object 'Object Repository/OCS-DESKTOP/Age gate and Mega menu/Year Dropdown'  using regular expression

2019-07-15 13:37:45 - [MESSAGE][PASSED] - All options with value '1990' are selected in object 'Object Repository/OCS-DESKTOP/Age gate and Mega menu/Year Dropdown'  using regular expression

2019-07-15 13:37:45 - [TEST_STEP][PASSED] - click(findTestObject("OCS-DESKTOP/Age gate and Mega menu/button_Verify")): Object: 'Object Repository/OCS-DESKTOP/Age gate and Mega menu/button_Verify' is clicked on

2019-07-15 13:37:45 - [MESSAGE][PASSED] - Object: 'Object Repository/OCS-DESKTOP/Age gate and Mega menu/button_Verify' is clicked on

2019-07-15 13:37:45 - [TEST_STEP][PASSED] - click(findTestObject("OCS-DESKTOP/Age gate and Mega menu/Checkbox_CONFIRM AND ACKNOWLEDGE")): Object: 'Object Repository/OCS-DESKTOP/Age gate and Mega menu/Checkbox_CONFIRM AND ACKNOWLEDGE' is clicked on

2019-07-15 13:37:46 - [MESSAGE][PASSED] - Object: 'Object Repository/OCS-DESKTOP/Age gate and Mega menu/Checkbox_CONFIRM AND ACKNOWLEDGE' is clicked on

2019-07-15 13:37:46 - [TEST_STEP][PASSED] - click(findTestObject("OCS-DESKTOP/Age gate and Mega menu/button_CONFIRM")): Object: 'Object Repository/OCS-DESKTOP/Age gate and Mega menu/button_CONFIRM' is clicked on

2019-07-15 13:37:46 - [MESSAGE][PASSED] - Object: 'Object Repository/OCS-DESKTOP/Age gate and Mega menu/button_CONFIRM' is clicked on

2019-07-15 13:37:46 - [TEST_STEP][PASSED] - click(findTestObject("OCS-DESKTOP/Age gate and Mega menu/button_Start Browsing")): Object: 'Object Repository/OCS-DESKTOP/Age gate and Mega menu/button_Start Browsing' is clicked on

2019-07-15 13:37:46 - [MESSAGE][PASSED] - Object: 'Object Repository/OCS-DESKTOP/Age gate and Mega menu/button_Start Browsing' is clicked on

2019-07-15 13:37:46 - [TEST_STEP][PASSED] - delay(2): Delayed 2 second(s)

2019-07-15 13:37:48 - [MESSAGE][PASSED] - Delayed 2 second(s)

2019-07-15 13:37:48 - [TEST_STEP][PASSED] - refresh(): Refresh successfully

2019-07-15 13:37:52 - [MESSAGE][PASSED] - Refresh successfully

2019-07-15 13:37:52 - [MESSAGE][PASSED] - Call Test Case 'Test Cases/OCS - DESKTOP/CALL- Age gate' successfully

2019-07-15 13:37:52 - [TEST_STEP][PASSED] - click(findTestObject("OCS-DESKTOP/Age gate and Mega menu/Header/CANNABIS menu - English")): Object: 'Object Repository/OCS-DESKTOP/Age gate and Mega menu/Header/CANNABIS menu - English' is clicked on

2019-07-15 13:37:52 - [MESSAGE][PASSED] - Object: 'Object Repository/OCS-DESKTOP/Age gate and Mega menu/Header/CANNABIS menu - English' is clicked on

2019-07-15 13:37:52 - [TEST_STEP][PASSED] - delay(2): Delayed 2 second(s)

2019-07-15 13:37:54 - [MESSAGE][PASSED] - Delayed 2 second(s)

2019-07-15 13:37:54 - [TEST_STEP][PASSED] - click(findTestObject("OCS-DESKTOP/Age gate and Mega menu/Indica Dominant_Menu item")): Object: 'Object Repository/OCS-DESKTOP/Age gate and Mega menu/Indica Dominant_Menu item' is clicked on

2019-07-15 13:38:01 - [MESSAGE][PASSED] - Object: 'Object Repository/OCS-DESKTOP/Age gate and Mega menu/Indica Dominant_Menu item' is clicked on

2019-07-15 13:38:01 - [TEST_STEP][PASSED] - executeJavaScript("var previewBar = document.getElementById("preview-bar-iframe"); previewBar.style.display = "none";", []): Execute JavaScript 'var previewBar = document.getElementById("preview-bar-iframe"); previewBar.style.display = "none";' successfully

2019-07-15 13:38:01 - [MESSAGE][PASSED] - Execute JavaScript 'var previewBar = document.getElementById("preview-bar-iframe"); previewBar.style.display = "none";' successfully

2019-07-15 13:38:01 - [TEST_STEP][PASSED] - delay(2): Delayed 2 second(s)

2019-07-15 13:38:03 - [MESSAGE][PASSED] - Delayed 2 second(s)

2019-07-15 13:38:03 - [TEST_STEP][PASSED] - click(findTestObject("OCS-DESKTOP/Collection page/Product image - 1st one")): Object: 'Object Repository/OCS-DESKTOP/Collection page/Product image - 1st one' is clicked on

2019-07-15 13:38:09 - [MESSAGE][PASSED] - Object: 'Object Repository/OCS-DESKTOP/Collection page/Product image - 1st one' is clicked on

2019-07-15 13:38:09 - [TEST_STEP][PASSED] - executeJavaScript("var previewBar = document.getElementById("preview-bar-iframe"); previewBar.style.display = "none";", []): Execute JavaScript 'var previewBar = document.getElementById("preview-bar-iframe"); previewBar.style.display = "none";' successfully

2019-07-15 13:38:09 - [MESSAGE][PASSED] - Execute JavaScript 'var previewBar = document.getElementById("preview-bar-iframe"); previewBar.style.display = "none";' successfully

2019-07-15 13:38:09 - [TEST_STEP][PASSED] - delay(1): Delayed 1 second(s)

2019-07-15 13:38:10 - [MESSAGE][PASSED] - Delayed 1 second(s)

2019-07-15 13:38:10 - [TEST_STEP][PASSED] - delay(3): Delayed 3 second(s)

2019-07-15 13:38:13 - [MESSAGE][PASSED] - Delayed 3 second(s)

2019-07-15 13:38:13 - [TEST_STEP][NOT_RUN] - scrollToElement(findTestObject("OCS-DESKTOP/Product page/Product image"), 1): NOT_RUN: scrollToElement(findTestObject("OCS-DESKTOP/Product page/Product image"), 1)

2019-07-15 13:38:13 - [MESSAGE][NOT_RUN] - NOT_RUN: scrollToElement(findTestObject("OCS-DESKTOP/Product page/Product image"), 1)

2019-07-15 13:38:13 - [TEST_STEP][PASSED] - click(findTestObject("OCS-DESKTOP/Product page/Swatch_1g")): Object: 'Object Repository/OCS-DESKTOP/Product page/Swatch_1g' is clicked on

2019-07-15 13:38:13 - [MESSAGE][PASSED] - Object: 'Object Repository/OCS-DESKTOP/Product page/Swatch_1g' is clicked on

2019-07-15 13:38:13 - [TEST_STEP][PASSED] - delay(2): Delayed 2 second(s)

2019-07-15 13:38:15 - [MESSAGE][PASSED] - Delayed 2 second(s)

2019-07-15 13:38:15 - [TEST_STEP][PASSED] - click(findTestObject("OCS-DESKTOP/Product page/Add to Bag-button")): Object: 'Object Repository/OCS-DESKTOP/Product page/Add to Bag-button' is clicked on

2019-07-15 13:38:15 - [MESSAGE][PASSED] - Object: 'Object Repository/OCS-DESKTOP/Product page/Add to Bag-button' is clicked on

2019-07-15 13:38:15 - [TEST_STEP][PASSED] - delay(1): Delayed 1 second(s)

2019-07-15 13:38:16 - [MESSAGE][PASSED] - Delayed 1 second(s)

2019-07-15 13:38:16 - [TEST_STEP][PASSED] - click(findTestObject("OCS-DESKTOP/Home - page/Cart icon -bag")): Object: 'Object Repository/OCS-DESKTOP/Home - page/Cart icon -bag' is clicked on

2019-07-15 13:38:16 - [MESSAGE][PASSED] - Object: 'Object Repository/OCS-DESKTOP/Home - page/Cart icon -bag' is clicked on

2019-07-15 13:38:16 - [TEST_STEP][PASSED] - delay(3): Delayed 3 second(s)

2019-07-15 13:38:19 - [MESSAGE][PASSED] - Delayed 3 second(s)

2019-07-15 13:38:19 - [TEST_STEP][PASSED] - click(findTestObject("OCS-DESKTOP/Cart flyout/Checkbox_I confirm that")): Object: 'Object Repository/OCS-DESKTOP/Cart flyout/Checkbox_I confirm that' is clicked on

2019-07-15 13:38:19 - [MESSAGE][PASSED] - Object: 'Object Repository/OCS-DESKTOP/Cart flyout/Checkbox_I confirm that' is clicked on

2019-07-15 13:38:19 - [TEST_STEP][PASSED] - delay(1): Delayed 1 second(s)

2019-07-15 13:38:20 - [MESSAGE][PASSED] - Delayed 1 second(s)

2019-07-15 13:38:20 - [TEST_STEP][PASSED] - click(findTestObject("OCS-DESKTOP/Cart flyout/Checkbox_Accept the Terms Condition")): Object: 'Object Repository/OCS-DESKTOP/Cart flyout/Checkbox_Accept the Terms Condition' is clicked on

2019-07-15 13:38:20 - [MESSAGE][PASSED] - Object: 'Object Repository/OCS-DESKTOP/Cart flyout/Checkbox_Accept the Terms Condition' is clicked on

2019-07-15 13:38:20 - [TEST_STEP][PASSED] - delay(1): Delayed 1 second(s)

2019-07-15 13:38:21 - [MESSAGE][PASSED] - Delayed 1 second(s)

2019-07-15 13:38:21 - [TEST_STEP][PASSED] - click(findTestObject("OCS-DESKTOP/Cart flyout/Checkout - Button")): Object: 'Object Repository/OCS-DESKTOP/Cart flyout/Checkout - Button' is clicked on

2019-07-15 13:38:28 - [MESSAGE][PASSED] - Object: 'Object Repository/OCS-DESKTOP/Cart flyout/Checkout - Button' is clicked on

2019-07-15 13:38:28 - [TEST_STEP][PASSED] - executeJavaScript("var previewBar = document.getElementById("preview-bar-iframe"); previewBar.style.display = "none";", []): Execute JavaScript 'var previewBar = document.getElementById("preview-bar-iframe"); previewBar.style.display = "none";' successfully

2019-07-15 13:38:28 - [MESSAGE][PASSED] - Execute JavaScript 'var previewBar = document.getElementById("preview-bar-iframe"); previewBar.style.display = "none";' successfully

2019-07-15 13:38:28 - [TEST_STEP][PASSED] - delay(1): Delayed 1 second(s)

2019-07-15 13:38:29 - [MESSAGE][PASSED] - Delayed 1 second(s)

2019-07-15 13:38:29 - [TEST_STEP][PASSED] - delay(2): Delayed 2 second(s)

2019-07-15 13:38:31 - [MESSAGE][PASSED] - Delayed 2 second(s)

2019-07-15 13:38:31 - [TEST_STEP][PASSED] - scrollToElement(findTestObject("OCS-DESKTOP/Customer info page/input_Email"), 0): Scroll to object 'Object Repository/OCS-DESKTOP/Customer info page/input_Email' successfully

2019-07-15 13:38:31 - [MESSAGE][WARNING] - Timeout '0' is invalid. Using default page load timeout: '30'

2019-07-15 13:38:31 - [MESSAGE][PASSED] - Scroll to object 'Object Repository/OCS-DESKTOP/Customer info page/input_Email' successfully

2019-07-15 13:38:31 - [TEST_STEP][PASSED] - setText(findTestObject("OCS-DESKTOP/Customer info page/input_Email"), "suman.kompelly@diffagency.com"): Text 'suman.kompelly@diffagency.com' is set on object 'Object Repository/OCS-DESKTOP/Customer info page/input_Email'

2019-07-15 13:38:32 - [MESSAGE][PASSED] - Text 'suman.kompelly@diffagency.com' is set on object 'Object Repository/OCS-DESKTOP/Customer info page/input_Email'

2019-07-15 13:38:32 - [TEST_STEP][PASSED] - setText(findTestObject("OCS-DESKTOP/Customer info page/input_First name"), "suman"): Text 'suman' is set on object 'Object Repository/OCS-DESKTOP/Customer info page/input_First name'

2019-07-15 13:38:32 - [MESSAGE][PASSED] - Text 'suman' is set on object 'Object Repository/OCS-DESKTOP/Customer info page/input_First name'

2019-07-15 13:38:32 - [TEST_STEP][PASSED] - setText(findTestObject("OCS-DESKTOP/Customer info page/input_Last name"), "kompelly"): Text 'kompelly' is set on object 'Object Repository/OCS-DESKTOP/Customer info page/input_Last name'

2019-07-15 13:38:32 - [MESSAGE][PASSED] - Text 'kompelly' is set on object 'Object Repository/OCS-DESKTOP/Customer info page/input_Last name'

2019-07-15 13:38:32 - [TEST_STEP][PASSED] - setText(findTestObject("OCS-DESKTOP/Customer info page/input_Address"), "300 saint alxendre"): Text '300 saint alxendre' is set on object 'Object Repository/OCS-DESKTOP/Customer info page/input_Address'

2019-07-15 13:38:33 - [MESSAGE][PASSED] - Text '300 saint alxendre' is set on object 'Object Repository/OCS-DESKTOP/Customer info page/input_Address'

2019-07-15 13:38:33 - [TEST_STEP][PASSED] - setText(findTestObject("OCS-DESKTOP/Customer info page/input_Apartment suite etc. (op"), "199"): Text '199' is set on object 'Object Repository/OCS-DESKTOP/Customer info page/input_Apartment suite etc. (op'

2019-07-15 13:38:33 - [MESSAGE][PASSED] - Text '199' is set on object 'Object Repository/OCS-DESKTOP/Customer info page/input_Apartment suite etc. (op'

2019-07-15 13:38:33 - [TEST_STEP][PASSED] - setText(findTestObject("OCS-DESKTOP/Customer info page/input_City"), "montreal"): Text 'montreal' is set on object 'Object Repository/OCS-DESKTOP/Customer info page/input_City'

2019-07-15 13:38:33 - [MESSAGE][PASSED] - Text 'montreal' is set on object 'Object Repository/OCS-DESKTOP/Customer info page/input_City'

2019-07-15 13:38:33 - [TEST_STEP][PASSED] - setText(findTestObject("OCS-DESKTOP/Customer info page/input_Postal code"), "n0R1K0"): Text 'n0R1K0' is set on object 'Object Repository/OCS-DESKTOP/Customer info page/input_Postal code'

2019-07-15 13:38:33 - [MESSAGE][PASSED] - Text 'n0R1K0' is set on object 'Object Repository/OCS-DESKTOP/Customer info page/input_Postal code'

2019-07-15 13:38:33 - [TEST_STEP][PASSED] - setText(findTestObject("OCS-DESKTOP/Customer info page/input_Phone"), "(514) 449-3882"): Text '(514) 449-3882' is set on object 'Object Repository/OCS-DESKTOP/Customer info page/input_Phone'

2019-07-15 13:38:33 - [MESSAGE][PASSED] - Text '(514) 449-3882' is set on object 'Object Repository/OCS-DESKTOP/Customer info page/input_Phone'

2019-07-15 13:38:33 - [TEST_STEP][PASSED] - delay(3): Delayed 3 second(s)

2019-07-15 13:38:36 - [MESSAGE][PASSED] - Delayed 3 second(s)

2019-07-15 13:38:36 - [TEST_STEP][PASSED] - click(findTestObject("OCS-DESKTOP/Customer info page/Continue to shipping method - Button")): Object: 'Object Repository/OCS-DESKTOP/Customer info page/Continue to shipping method - Button' is clicked on

2019-07-15 13:38:38 - [MESSAGE][PASSED] - Object: 'Object Repository/OCS-DESKTOP/Customer info page/Continue to shipping method - Button' is clicked on

2019-07-15 13:38:38 - [TEST_STEP][PASSED] - delay(3): Delayed 3 second(s)

2019-07-15 13:38:41 - [MESSAGE][PASSED] - Delayed 3 second(s)

2019-07-15 13:38:41 - [TEST_STEP][PASSED] - executeJavaScript("var previewBar = document.getElementById("preview-bar-iframe"); previewBar.style.display = "none";", []): Execute JavaScript 'var previewBar = document.getElementById("preview-bar-iframe"); previewBar.style.display = "none";' successfully

2019-07-15 13:38:41 - [MESSAGE][PASSED] - Execute JavaScript 'var previewBar = document.getElementById("preview-bar-iframe"); previewBar.style.display = "none";' successfully

2019-07-15 13:38:41 - [TEST_STEP][PASSED] - delay(1): Delayed 1 second(s)

2019-07-15 13:38:42 - [MESSAGE][PASSED] - Delayed 1 second(s)

2019-07-15 13:38:42 - [TEST_STEP][PASSED] - delay(1): Delayed 1 second(s)

2019-07-15 13:38:43 - [MESSAGE][PASSED] - Delayed 1 second(s)

2019-07-15 13:38:43 - [TEST_STEP][PASSED] - click(findTestObject("OCS-DESKTOP/Shipping page/Continue to payment method - Button")): Object: 'Object Repository/OCS-DESKTOP/Shipping page/Continue to payment method - Button' is clicked on

2019-07-15 13:38:43 - [MESSAGE][PASSED] - Object: 'Object Repository/OCS-DESKTOP/Shipping page/Continue to payment method - Button' is clicked on

2019-07-15 13:38:43 - [TEST_STEP][FAILED] - executeJavaScript("var previewBar = document.getElementById("preview-bar-iframe"); previewBar.style.display = "none";", []): executeJavaScript("var previewBar = document.getElementById("preview-bar-iframe"); previewBar.style.display = "none";", []) FAILED.
Reason:
com.kms.katalon.core.exception.StepFailedException: Unable to execute JavaScript. (Root cause: org.openqa.selenium.WebDriverException: unknown error: Cannot read property 'style' of null
  (Session info: chrome=75.0.3770.100)
  (Driver info: chromedriver=2.43.600229 (3fae4d0cda5334b4f533bede5a4787f7b832d052),platform=Mac OS X 10.13.6 x86_64) (WARNING: The server did not provide any stacktrace information)
Command duration or timeout: 0 milliseconds
Build info: version: '3.7.1', revision: '8a0099a', time: '2017-11-06T21:07:36.161Z'
System info: host: 'sumans-MacBook-Pro.local', ip: 'fe80:0:0:0:143c:9c68:90ad:a50%en0', os.name: 'Mac OS X', os.arch: 'x86_64', os.version: '10.13.6', java.version: '1.8.0_181'
Driver info: com.kms.katalon.selenium.driver.CChromeDriver
Capabilities {acceptInsecureCerts: false, acceptSslCerts: false, applicationCacheEnabled: false, browserConnectionEnabled: false, browserName: chrome, chrome: {chromedriverVersion: 2.43.600229 (3fae4d0cda5334..., userDataDir: /var/folders/1t/c55l8xzs6gq...}, cssSelectorsEnabled: true, databaseEnabled: false, goog:chromeOptions: {debuggerAddress: localhost:54585}, handlesAlerts: true, hasTouchScreen: false, javascriptEnabled: true, locationContextEnabled: true, mobileEmulationEnabled: false, nativeEvents: true, networkConnectionEnabled: false, pageLoadStrategy: normal, platform: MAC, platformName: MAC, rotatable: false, setWindowRect: true, takesHeapSnapshot: true, takesScreenshot: true, unexpectedAlertBehaviour: , unhandledPromptBehavior: , version: 75.0.3770.100, webStorageEnabled: true}
Session ID: cb665d98325fdc10befbb755626a8c3c)
	at com.kms.katalon.core.keyword.internal.KeywordMain.stepFailed(KeywordMain.groovy:36)
	at com.kms.katalon.core.webui.keyword.internal.WebUIKeywordMain.stepFailed(WebUIKeywordMain.groovy:65)
	at com.kms.katalon.core.webui.keyword.internal.WebUIKeywordMain.runKeyword(WebUIKeywordMain.groovy:27)
	at com.kms.katalon.core.webui.keyword.builtin.ExecuteJavaScriptKeyword.executeJavascript(ExecuteJavascriptKeyword.groovy:42)
	at com.kms.katalon.core.webui.keyword.builtin.ExecuteJavaScriptKeyword.execute(ExecuteJavascriptKeyword.groovy:37)
	at com.kms.katalon.core.keyword.internal.KeywordExecutor.executeKeywordForPlatform(KeywordExecutor.groovy:53)
	at com.kms.katalon.core.webui.keyword.WebUiBuiltInKeywords.executeJavaScript(WebUiBuiltInKeywords.groovy:3787)
	at com.kms.katalon.core.webui.keyword.WebUiBuiltInKeywords$executeJavaScript$2.call(Unknown Source)
	at Checkout- Payment.run(Checkout- Payment:103)
	at com.kms.katalon.core.main.ScriptEngine.run(ScriptEngine.java:194)
	at com.kms.katalon.core.main.ScriptEngine.runScriptAsRawText(ScriptEngine.java:119)
	at com.kms.katalon.core.main.TestCaseExecutor.runScript(TestCaseExecutor.java:328)
	at com.kms.katalon.core.main.TestCaseExecutor.doExecute(TestCaseExecutor.java:319)
	at com.kms.katalon.core.main.TestCaseExecutor.processExecutionPhase(TestCaseExecutor.java:298)
	at com.kms.katalon.core.main.TestCaseExecutor.accessMainPhase(TestCaseExecutor.java:290)
	at com.kms.katalon.core.main.TestCaseExecutor.execute(TestCaseExecutor.java:224)
	at com.kms.katalon.core.main.TestSuiteExecutor.accessTestCaseMainPhase(TestSuiteExecutor.java:129)
	at com.kms.katalon.core.main.TestSuiteExecutor.accessTestSuiteMainPhase(TestSuiteExecutor.java:112)
	at com.kms.katalon.core.main.TestSuiteExecutor.execute(TestSuiteExecutor.java:81)
	at com.kms.katalon.core.main.TestCaseMain.startTestSuite(TestCaseMain.java:149)
	at com.kms.katalon.core.main.TestCaseMain$startTestSuite$0.call(Unknown Source)
	at TempTestSuite1563212133201.run(TempTestSuite1563212133201.groovy:36)


2019-07-15 13:38:44 - [MESSAGE][FAILED] - Unable to execute JavaScript. (Root cause: org.openqa.selenium.WebDriverException: unknown error: Cannot read property 'style' of null
  (Session info: chrome=75.0.3770.100)
  (Driver info: chromedriver=2.43.600229 (3fae4d0cda5334b4f533bede5a4787f7b832d052),platform=Mac OS X 10.13.6 x86_64) (WARNING: The server did not provide any stacktrace information)
Command duration or timeout: 0 milliseconds
Build info: version: '3.7.1', revision: '8a0099a', time: '2017-11-06T21:07:36.161Z'
System info: host: 'sumans-MacBook-Pro.local', ip: 'fe80:0:0:0:143c:9c68:90ad:a50%en0', os.name: 'Mac OS X', os.arch: 'x86_64', os.version: '10.13.6', java.version: '1.8.0_181'
Driver info: com.kms.katalon.selenium.driver.CChromeDriver
Capabilities {acceptInsecureCerts: false, acceptSslCerts: false, applicationCacheEnabled: false, browserConnectionEnabled: false, browserName: chrome, chrome: {chromedriverVersion: 2.43.600229 (3fae4d0cda5334..., userDataDir: /var/folders/1t/c55l8xzs6gq...}, cssSelectorsEnabled: true, databaseEnabled: false, goog:chromeOptions: {debuggerAddress: localhost:54585}, handlesAlerts: true, hasTouchScreen: false, javascriptEnabled: true, locationContextEnabled: true, mobileEmulationEnabled: false, nativeEvents: true, networkConnectionEnabled: false, pageLoadStrategy: normal, platform: MAC, platformName: MAC, rotatable: false, setWindowRect: true, takesHeapSnapshot: true, takesScreenshot: true, unexpectedAlertBehaviour: , unhandledPromptBehavior: , version: 75.0.3770.100, webStorageEnabled: true}
Session ID: cb665d98325fdc10befbb755626a8c3c)
[[ATTACHMENT|/Users/sumankompelly/git/OCS--Relative-xpath-Desktop/Reports/Suite - Chrome/20190715_133533/1563212323838.png]]

2019-07-15 13:38:44 - [MESSAGE][FAILED] - executeJavaScript("var previewBar = document.getElementById("preview-bar-iframe"); previewBar.style.display = "none";", []) FAILED.
Reason:
com.kms.katalon.core.exception.StepFailedException: Unable to execute JavaScript. (Root cause: org.openqa.selenium.WebDriverException: unknown error: Cannot read property 'style' of null
  (Session info: chrome=75.0.3770.100)
  (Driver info: chromedriver=2.43.600229 (3fae4d0cda5334b4f533bede5a4787f7b832d052),platform=Mac OS X 10.13.6 x86_64) (WARNING: The server did not provide any stacktrace information)
Command duration or timeout: 0 milliseconds
Build info: version: '3.7.1', revision: '8a0099a', time: '2017-11-06T21:07:36.161Z'
System info: host: 'sumans-MacBook-Pro.local', ip: 'fe80:0:0:0:143c:9c68:90ad:a50%en0', os.name: 'Mac OS X', os.arch: 'x86_64', os.version: '10.13.6', java.version: '1.8.0_181'
Driver info: com.kms.katalon.selenium.driver.CChromeDriver
Capabilities {acceptInsecureCerts: false, acceptSslCerts: false, applicationCacheEnabled: false, browserConnectionEnabled: false, browserName: chrome, chrome: {chromedriverVersion: 2.43.600229 (3fae4d0cda5334..., userDataDir: /var/folders/1t/c55l8xzs6gq...}, cssSelectorsEnabled: true, databaseEnabled: false, goog:chromeOptions: {debuggerAddress: localhost:54585}, handlesAlerts: true, hasTouchScreen: false, javascriptEnabled: true, locationContextEnabled: true, mobileEmulationEnabled: false, nativeEvents: true, networkConnectionEnabled: false, pageLoadStrategy: normal, platform: MAC, platformName: MAC, rotatable: false, setWindowRect: true, takesHeapSnapshot: true, takesScreenshot: true, unexpectedAlertBehaviour: , unhandledPromptBehavior: , version: 75.0.3770.100, webStorageEnabled: true}
Session ID: cb665d98325fdc10befbb755626a8c3c)
	at com.kms.katalon.core.keyword.internal.KeywordMain.stepFailed(KeywordMain.groovy:36)
	at com.kms.katalon.core.webui.keyword.internal.WebUIKeywordMain.stepFailed(WebUIKeywordMain.groovy:65)
	at com.kms.katalon.core.webui.keyword.internal.WebUIKeywordMain.runKeyword(WebUIKeywordMain.groovy:27)
	at com.kms.katalon.core.webui.keyword.builtin.ExecuteJavaScriptKeyword.executeJavascript(ExecuteJavascriptKeyword.groovy:42)
	at com.kms.katalon.core.webui.keyword.builtin.ExecuteJavaScriptKeyword.execute(ExecuteJavascriptKeyword.groovy:37)
	at com.kms.katalon.core.keyword.internal.KeywordExecutor.executeKeywordForPlatform(KeywordExecutor.groovy:53)
	at com.kms.katalon.core.webui.keyword.WebUiBuiltInKeywords.executeJavaScript(WebUiBuiltInKeywords.groovy:3787)
	at com.kms.katalon.core.webui.keyword.WebUiBuiltInKeywords$executeJavaScript$2.call(Unknown Source)
	at Checkout- Payment.run(Checkout- Payment:103)
	at com.kms.katalon.core.main.ScriptEngine.run(ScriptEngine.java:194)
	at com.kms.katalon.core.main.ScriptEngine.runScriptAsRawText(ScriptEngine.java:119)
	at com.kms.katalon.core.main.TestCaseExecutor.runScript(TestCaseExecutor.java:328)
	at com.kms.katalon.core.main.TestCaseExecutor.doExecute(TestCaseExecutor.java:319)
	at com.kms.katalon.core.main.TestCaseExecutor.processExecutionPhase(TestCaseExecutor.java:298)
	at com.kms.katalon.core.main.TestCaseExecutor.accessMainPhase(TestCaseExecutor.java:290)
	at com.kms.katalon.core.main.TestCaseExecutor.execute(TestCaseExecutor.java:224)
	at com.kms.katalon.core.main.TestSuiteExecutor.accessTestCaseMainPhase(TestSuiteExecutor.java:129)
	at com.kms.katalon.core.main.TestSuiteExecutor.accessTestSuiteMainPhase(TestSuiteExecutor.java:112)
	at com.kms.katalon.core.main.TestSuiteExecutor.execute(TestSuiteExecutor.java:81)
	at com.kms.katalon.core.main.TestCaseMain.startTestSuite(TestCaseMain.java:149)
	at com.kms.katalon.core.main.TestCaseMain$startTestSuite$0.call(Unknown Source)
	at TempTestSuite1563212133201.run(TempTestSuite1563212133201.groovy:36)]]></system-out>
         <system-err><![CDATA[2019-07-15 13:37:28 - [TEST_CASE][FAILED] - Test Cases/OCS - DESKTOP/OCS- CRITICAL PATH/Checkout- Payment: Test Cases/OCS - DESKTOP/OCS- CRITICAL PATH/Checkout- Payment FAILED.
Reason:
com.kms.katalon.core.exception.StepFailedException: Unable to execute JavaScript. (Root cause: org.openqa.selenium.WebDriverException: unknown error: Cannot read property 'style' of null
  (Session info: chrome=75.0.3770.100)
  (Driver info: chromedriver=2.43.600229 (3fae4d0cda5334b4f533bede5a4787f7b832d052),platform=Mac OS X 10.13.6 x86_64) (WARNING: The server did not provide any stacktrace information)
Command duration or timeout: 0 milliseconds
Build info: version: '3.7.1', revision: '8a0099a', time: '2017-11-06T21:07:36.161Z'
System info: host: 'sumans-MacBook-Pro.local', ip: 'fe80:0:0:0:143c:9c68:90ad:a50%en0', os.name: 'Mac OS X', os.arch: 'x86_64', os.version: '10.13.6', java.version: '1.8.0_181'
Driver info: com.kms.katalon.selenium.driver.CChromeDriver
Capabilities {acceptInsecureCerts: false, acceptSslCerts: false, applicationCacheEnabled: false, browserConnectionEnabled: false, browserName: chrome, chrome: {chromedriverVersion: 2.43.600229 (3fae4d0cda5334..., userDataDir: /var/folders/1t/c55l8xzs6gq...}, cssSelectorsEnabled: true, databaseEnabled: false, goog:chromeOptions: {debuggerAddress: localhost:54585}, handlesAlerts: true, hasTouchScreen: false, javascriptEnabled: true, locationContextEnabled: true, mobileEmulationEnabled: false, nativeEvents: true, networkConnectionEnabled: false, pageLoadStrategy: normal, platform: MAC, platformName: MAC, rotatable: false, setWindowRect: true, takesHeapSnapshot: true, takesScreenshot: true, unexpectedAlertBehaviour: , unhandledPromptBehavior: , version: 75.0.3770.100, webStorageEnabled: true}
Session ID: cb665d98325fdc10befbb755626a8c3c)
	at com.kms.katalon.core.keyword.internal.KeywordMain.stepFailed(KeywordMain.groovy:36)
	at com.kms.katalon.core.webui.keyword.internal.WebUIKeywordMain.stepFailed(WebUIKeywordMain.groovy:65)
	at com.kms.katalon.core.webui.keyword.internal.WebUIKeywordMain.runKeyword(WebUIKeywordMain.groovy:27)
	at com.kms.katalon.core.webui.keyword.builtin.ExecuteJavaScriptKeyword.executeJavascript(ExecuteJavascriptKeyword.groovy:42)
	at com.kms.katalon.core.webui.keyword.builtin.ExecuteJavaScriptKeyword.execute(ExecuteJavascriptKeyword.groovy:37)
	at com.kms.katalon.core.keyword.internal.KeywordExecutor.executeKeywordForPlatform(KeywordExecutor.groovy:53)
	at com.kms.katalon.core.webui.keyword.WebUiBuiltInKeywords.executeJavaScript(WebUiBuiltInKeywords.groovy:3787)
	at com.kms.katalon.core.webui.keyword.WebUiBuiltInKeywords$executeJavaScript$2.call(Unknown Source)
	at Checkout- Payment.run(Checkout- Payment:103)
	at com.kms.katalon.core.main.ScriptEngine.run(ScriptEngine.java:194)
	at com.kms.katalon.core.main.ScriptEngine.runScriptAsRawText(ScriptEngine.java:119)
	at com.kms.katalon.core.main.TestCaseExecutor.runScript(TestCaseExecutor.java:328)
	at com.kms.katalon.core.main.TestCaseExecutor.doExecute(TestCaseExecutor.java:319)
	at com.kms.katalon.core.main.TestCaseExecutor.processExecutionPhase(TestCaseExecutor.java:298)
	at com.kms.katalon.core.main.TestCaseExecutor.accessMainPhase(TestCaseExecutor.java:290)
	at com.kms.katalon.core.main.TestCaseExecutor.execute(TestCaseExecutor.java:224)
	at com.kms.katalon.core.main.TestSuiteExecutor.accessTestCaseMainPhase(TestSuiteExecutor.java:129)
	at com.kms.katalon.core.main.TestSuiteExecutor.accessTestSuiteMainPhase(TestSuiteExecutor.java:112)
	at com.kms.katalon.core.main.TestSuiteExecutor.execute(TestSuiteExecutor.java:81)
	at com.kms.katalon.core.main.TestCaseMain.startTestSuite(TestCaseMain.java:149)
	at com.kms.katalon.core.main.TestCaseMain$startTestSuite$0.call(Unknown Source)
	at TempTestSuite1563212133201.run(TempTestSuite1563212133201.groovy:36)]]></system-err>
      </testcase>
      <testcase name="Test Cases/OCS - DESKTOP/OCS- CRITICAL PATH/Checkout - customer information page" classname="Test Cases/OCS - DESKTOP/OCS- CRITICAL PATH/Checkout - customer information page" status="FAILED">
         <failure type="FAILED" message="Test Cases/OCS - DESKTOP/OCS- CRITICAL PATH/Checkout - customer information page FAILED.
Reason:
com.kms.katalon.core.exception.StepFailedException: Unable to click on object 'Object Repository/OCS-DESKTOP/Cart flyout/Checkbox_I confirm that' (Root cause: org.openqa.selenium.ElementNotVisibleException: element not interactable
  (Session info: chrome=75.0.3770.100)
  (Driver info: chromedriver=2.43.600229 (3fae4d0cda5334b4f533bede5a4787f7b832d052),platform=Mac OS X 10.13.6 x86_64) (WARNING: The server did not provide any stacktrace information)
Command duration or timeout: 0 milliseconds
Build info: version: '3.7.1', revision: '8a0099a', time: '2017-11-06T21:07:36.161Z'
System info: host: 'sumans-MacBook-Pro.local', ip: 'fe80:0:0:0:143c:9c68:90ad:a50%en0', os.name: 'Mac OS X', os.arch: 'x86_64', os.version: '10.13.6', java.version: '1.8.0_181'
Driver info: com.kms.katalon.selenium.driver.CChromeDriver
Capabilities {acceptInsecureCerts: false, acceptSslCerts: false, applicationCacheEnabled: false, browserConnectionEnabled: false, browserName: chrome, chrome: {chromedriverVersion: 2.43.600229 (3fae4d0cda5334..., userDataDir: /var/folders/1t/c55l8xzs6gq...}, cssSelectorsEnabled: true, databaseEnabled: false, goog:chromeOptions: {debuggerAddress: localhost:55298}, handlesAlerts: true, hasTouchScreen: false, javascriptEnabled: true, locationContextEnabled: true, mobileEmulationEnabled: false, nativeEvents: true, networkConnectionEnabled: false, pageLoadStrategy: normal, platform: MAC, platformName: MAC, rotatable: false, setWindowRect: true, takesHeapSnapshot: true, takesScreenshot: true, unexpectedAlertBehaviour: , unhandledPromptBehavior: , version: 75.0.3770.100, webStorageEnabled: true}
Session ID: 4b4df6332b9a5dac1be8af2d99ef7622)
	at com.kms.katalon.core.keyword.internal.KeywordMain.stepFailed(KeywordMain.groovy:36)
	at com.kms.katalon.core.webui.keyword.internal.WebUIKeywordMain.stepFailed(WebUIKeywordMain.groovy:65)
	at com.kms.katalon.core.webui.keyword.internal.WebUIKeywordMain.runKeyword(WebUIKeywordMain.groovy:27)
	at com.kms.katalon.core.webui.keyword.builtin.ClickKeyword.click(ClickKeyword.groovy:86)
	at com.kms.katalon.core.webui.keyword.builtin.ClickKeyword.execute(ClickKeyword.groovy:67)
	at com.kms.katalon.core.keyword.internal.KeywordExecutor.executeKeywordForPlatform(KeywordExecutor.groovy:53)
	at com.kms.katalon.core.webui.keyword.WebUiBuiltInKeywords.click(WebUiBuiltInKeywords.groovy:616)
	at com.kms.katalon.core.webui.keyword.WebUiBuiltInKeywords$click$4.call(Unknown Source)
	at Checkout - customer information page.run(Checkout - customer information page:57)
	at com.kms.katalon.core.main.ScriptEngine.run(ScriptEngine.java:194)
	at com.kms.katalon.core.main.ScriptEngine.runScriptAsRawText(ScriptEngine.java:119)
	at com.kms.katalon.core.main.TestCaseExecutor.runScript(TestCaseExecutor.java:328)
	at com.kms.katalon.core.main.TestCaseExecutor.doExecute(TestCaseExecutor.java:319)
	at com.kms.katalon.core.main.TestCaseExecutor.processExecutionPhase(TestCaseExecutor.java:298)
	at com.kms.katalon.core.main.TestCaseExecutor.accessMainPhase(TestCaseExecutor.java:290)
	at com.kms.katalon.core.main.TestCaseExecutor.execute(TestCaseExecutor.java:224)
	at com.kms.katalon.core.main.TestSuiteExecutor.accessTestCaseMainPhase(TestSuiteExecutor.java:129)
	at com.kms.katalon.core.main.TestSuiteExecutor.accessTestSuiteMainPhase(TestSuiteExecutor.java:112)
	at com.kms.katalon.core.main.TestSuiteExecutor.execute(TestSuiteExecutor.java:81)
	at com.kms.katalon.core.main.TestCaseMain.startTestSuite(TestCaseMain.java:149)
	at com.kms.katalon.core.main.TestCaseMain$startTestSuite$0.call(Unknown Source)
	at TempTestSuite1563212133201.run(TempTestSuite1563212133201.groovy:36)
"/>
         <system-out><![CDATA[2019-07-15 13:38:44 - [TEST_CASE][FAILED] - Test Cases/OCS - DESKTOP/OCS- CRITICAL PATH/Checkout - customer information page: Test Cases/OCS - DESKTOP/OCS- CRITICAL PATH/Checkout - customer information page FAILED.
Reason:
com.kms.katalon.core.exception.StepFailedException: Unable to click on object 'Object Repository/OCS-DESKTOP/Cart flyout/Checkbox_I confirm that' (Root cause: org.openqa.selenium.ElementNotVisibleException: element not interactable
  (Session info: chrome=75.0.3770.100)
  (Driver info: chromedriver=2.43.600229 (3fae4d0cda5334b4f533bede5a4787f7b832d052),platform=Mac OS X 10.13.6 x86_64) (WARNING: The server did not provide any stacktrace information)
Command duration or timeout: 0 milliseconds
Build info: version: '3.7.1', revision: '8a0099a', time: '2017-11-06T21:07:36.161Z'
System info: host: 'sumans-MacBook-Pro.local', ip: 'fe80:0:0:0:143c:9c68:90ad:a50%en0', os.name: 'Mac OS X', os.arch: 'x86_64', os.version: '10.13.6', java.version: '1.8.0_181'
Driver info: com.kms.katalon.selenium.driver.CChromeDriver
Capabilities {acceptInsecureCerts: false, acceptSslCerts: false, applicationCacheEnabled: false, browserConnectionEnabled: false, browserName: chrome, chrome: {chromedriverVersion: 2.43.600229 (3fae4d0cda5334..., userDataDir: /var/folders/1t/c55l8xzs6gq...}, cssSelectorsEnabled: true, databaseEnabled: false, goog:chromeOptions: {debuggerAddress: localhost:55298}, handlesAlerts: true, hasTouchScreen: false, javascriptEnabled: true, locationContextEnabled: true, mobileEmulationEnabled: false, nativeEvents: true, networkConnectionEnabled: false, pageLoadStrategy: normal, platform: MAC, platformName: MAC, rotatable: false, setWindowRect: true, takesHeapSnapshot: true, takesScreenshot: true, unexpectedAlertBehaviour: , unhandledPromptBehavior: , version: 75.0.3770.100, webStorageEnabled: true}
Session ID: 4b4df6332b9a5dac1be8af2d99ef7622)
	at com.kms.katalon.core.keyword.internal.KeywordMain.stepFailed(KeywordMain.groovy:36)
	at com.kms.katalon.core.webui.keyword.internal.WebUIKeywordMain.stepFailed(WebUIKeywordMain.groovy:65)
	at com.kms.katalon.core.webui.keyword.internal.WebUIKeywordMain.runKeyword(WebUIKeywordMain.groovy:27)
	at com.kms.katalon.core.webui.keyword.builtin.ClickKeyword.click(ClickKeyword.groovy:86)
	at com.kms.katalon.core.webui.keyword.builtin.ClickKeyword.execute(ClickKeyword.groovy:67)
	at com.kms.katalon.core.keyword.internal.KeywordExecutor.executeKeywordForPlatform(KeywordExecutor.groovy:53)
	at com.kms.katalon.core.webui.keyword.WebUiBuiltInKeywords.click(WebUiBuiltInKeywords.groovy:616)
	at com.kms.katalon.core.webui.keyword.WebUiBuiltInKeywords$click$4.call(Unknown Source)
	at Checkout - customer information page.run(Checkout - customer information page:57)
	at com.kms.katalon.core.main.ScriptEngine.run(ScriptEngine.java:194)
	at com.kms.katalon.core.main.ScriptEngine.runScriptAsRawText(ScriptEngine.java:119)
	at com.kms.katalon.core.main.TestCaseExecutor.runScript(TestCaseExecutor.java:328)
	at com.kms.katalon.core.main.TestCaseExecutor.doExecute(TestCaseExecutor.java:319)
	at com.kms.katalon.core.main.TestCaseExecutor.processExecutionPhase(TestCaseExecutor.java:298)
	at com.kms.katalon.core.main.TestCaseExecutor.accessMainPhase(TestCaseExecutor.java:290)
	at com.kms.katalon.core.main.TestCaseExecutor.execute(TestCaseExecutor.java:224)
	at com.kms.katalon.core.main.TestSuiteExecutor.accessTestCaseMainPhase(TestSuiteExecutor.java:129)
	at com.kms.katalon.core.main.TestSuiteExecutor.accessTestSuiteMainPhase(TestSuiteExecutor.java:112)
	at com.kms.katalon.core.main.TestSuiteExecutor.execute(TestSuiteExecutor.java:81)
	at com.kms.katalon.core.main.TestCaseMain.startTestSuite(TestCaseMain.java:149)
	at com.kms.katalon.core.main.TestCaseMain$startTestSuite$0.call(Unknown Source)
	at TempTestSuite1563212133201.run(TempTestSuite1563212133201.groovy:36)


2019-07-15 13:38:44 - [TEST_STEP][PASSED] - callTestCase(findTestCase("OCS - DESKTOP/CALL- Age gate"), [:], STOP_ON_FAILURE): Call Test Case 'Test Cases/OCS - DESKTOP/CALL- Age gate' successfully

2019-07-15 13:38:44 - [TEST_CASE][PASSED] - Test Cases/OCS - DESKTOP/CALL- Age gate: Test Cases/OCS - DESKTOP/CALL- Age gate

2019-07-15 13:38:44 - [TEST_STEP][PASSED] - openBrowser(""): Browser is opened with url: ''

2019-07-15 13:38:44 - [MESSAGE][WARNING] - A browser is already opened. Closing browser and opening a new one

2019-07-15 13:38:45 - [MESSAGE][INFO] - Starting 'Chrome' driver

2019-07-15 13:38:47 - [MESSAGE][PASSED] - Browser is opened with url: ''

2019-07-15 13:38:47 - [TEST_STEP][PASSED] - navigateToUrl("https://ocs.ca/?fts=0&preview_theme_id=74205529932"): Navigate to 'https://ocs.ca/?fts=0&preview_theme_id=74205529932' successfully

2019-07-15 13:38:52 - [MESSAGE][PASSED] - Navigate to 'https://ocs.ca/?fts=0&preview_theme_id=74205529932' successfully

2019-07-15 13:38:52 - [TEST_STEP][PASSED] - maximizeWindow(): Current window maximized

2019-07-15 13:38:53 - [MESSAGE][PASSED] - Current window maximized

2019-07-15 13:38:53 - [TEST_STEP][PASSED] - delay(2): Delayed 2 second(s)

2019-07-15 13:38:55 - [MESSAGE][PASSED] - Delayed 2 second(s)

2019-07-15 13:38:55 - [TEST_STEP][PASSED] - executeJavaScript("var previewBar = document.getElementById("preview-bar-iframe"); previewBar.style.display = "none";", []): Execute JavaScript 'var previewBar = document.getElementById("preview-bar-iframe"); previewBar.style.display = "none";' successfully

2019-07-15 13:38:55 - [MESSAGE][PASSED] - Execute JavaScript 'var previewBar = document.getElementById("preview-bar-iframe"); previewBar.style.display = "none";' successfully

2019-07-15 13:38:55 - [TEST_STEP][PASSED] - selectOptionByValue(findTestObject("OCS-DESKTOP/Age gate and Mega menu/Date"), "12", true): All options with value '12' are selected in object 'Object Repository/OCS-DESKTOP/Age gate and Mega menu/Date'  using regular expression

2019-07-15 13:38:55 - [MESSAGE][PASSED] - All options with value '12' are selected in object 'Object Repository/OCS-DESKTOP/Age gate and Mega menu/Date'  using regular expression

2019-07-15 13:38:55 - [TEST_STEP][PASSED] - selectOptionByValue(findTestObject("OCS-DESKTOP/Age gate and Mega menu/month"), "6", true): All options with value '6' are selected in object 'Object Repository/OCS-DESKTOP/Age gate and Mega menu/month'  using regular expression

2019-07-15 13:38:55 - [MESSAGE][PASSED] - All options with value '6' are selected in object 'Object Repository/OCS-DESKTOP/Age gate and Mega menu/month'  using regular expression

2019-07-15 13:38:55 - [TEST_STEP][PASSED] - delay(2): Delayed 2 second(s)

2019-07-15 13:38:57 - [MESSAGE][PASSED] - Delayed 2 second(s)

2019-07-15 13:38:57 - [TEST_STEP][PASSED] - selectOptionByValue(findTestObject("OCS-DESKTOP/Age gate and Mega menu/Year Dropdown"), "1990", true): All options with value '1990' are selected in object 'Object Repository/OCS-DESKTOP/Age gate and Mega menu/Year Dropdown'  using regular expression

2019-07-15 13:38:59 - [MESSAGE][PASSED] - All options with value '1990' are selected in object 'Object Repository/OCS-DESKTOP/Age gate and Mega menu/Year Dropdown'  using regular expression

2019-07-15 13:38:59 - [TEST_STEP][PASSED] - click(findTestObject("OCS-DESKTOP/Age gate and Mega menu/button_Verify")): Object: 'Object Repository/OCS-DESKTOP/Age gate and Mega menu/button_Verify' is clicked on

2019-07-15 13:38:59 - [MESSAGE][PASSED] - Object: 'Object Repository/OCS-DESKTOP/Age gate and Mega menu/button_Verify' is clicked on

2019-07-15 13:38:59 - [TEST_STEP][PASSED] - click(findTestObject("OCS-DESKTOP/Age gate and Mega menu/Checkbox_CONFIRM AND ACKNOWLEDGE")): Object: 'Object Repository/OCS-DESKTOP/Age gate and Mega menu/Checkbox_CONFIRM AND ACKNOWLEDGE' is clicked on

2019-07-15 13:38:59 - [MESSAGE][PASSED] - Object: 'Object Repository/OCS-DESKTOP/Age gate and Mega menu/Checkbox_CONFIRM AND ACKNOWLEDGE' is clicked on

2019-07-15 13:38:59 - [TEST_STEP][PASSED] - click(findTestObject("OCS-DESKTOP/Age gate and Mega menu/button_CONFIRM")): Object: 'Object Repository/OCS-DESKTOP/Age gate and Mega menu/button_CONFIRM' is clicked on

2019-07-15 13:38:59 - [MESSAGE][PASSED] - Object: 'Object Repository/OCS-DESKTOP/Age gate and Mega menu/button_CONFIRM' is clicked on

2019-07-15 13:38:59 - [TEST_STEP][PASSED] - click(findTestObject("OCS-DESKTOP/Age gate and Mega menu/button_Start Browsing")): Object: 'Object Repository/OCS-DESKTOP/Age gate and Mega menu/button_Start Browsing' is clicked on

2019-07-15 13:38:59 - [MESSAGE][PASSED] - Object: 'Object Repository/OCS-DESKTOP/Age gate and Mega menu/button_Start Browsing' is clicked on

2019-07-15 13:38:59 - [TEST_STEP][PASSED] - delay(2): Delayed 2 second(s)

2019-07-15 13:39:01 - [MESSAGE][PASSED] - Delayed 2 second(s)

2019-07-15 13:39:01 - [TEST_STEP][PASSED] - refresh(): Refresh successfully

2019-07-15 13:39:01 - [MESSAGE][PASSED] - Refresh successfully

2019-07-15 13:39:01 - [MESSAGE][PASSED] - Call Test Case 'Test Cases/OCS - DESKTOP/CALL- Age gate' successfully

2019-07-15 13:39:01 - [TEST_STEP][PASSED] - delay(2): Delayed 2 second(s)

2019-07-15 13:39:03 - [MESSAGE][PASSED] - Delayed 2 second(s)

2019-07-15 13:39:03 - [TEST_STEP][PASSED] - click(findTestObject("OCS-DESKTOP/Age gate and Mega menu/Header/CANNABIS menu - English")): Object: 'Object Repository/OCS-DESKTOP/Age gate and Mega menu/Header/CANNABIS menu - English' is clicked on

2019-07-15 13:39:04 - [MESSAGE][PASSED] - Object: 'Object Repository/OCS-DESKTOP/Age gate and Mega menu/Header/CANNABIS menu - English' is clicked on

2019-07-15 13:39:04 - [TEST_STEP][PASSED] - delay(2): Delayed 2 second(s)

2019-07-15 13:39:06 - [MESSAGE][PASSED] - Delayed 2 second(s)

2019-07-15 13:39:06 - [TEST_STEP][PASSED] - executeJavaScript("var previewBar = document.getElementById("preview-bar-iframe"); previewBar.style.display = "none";", []): Execute JavaScript 'var previewBar = document.getElementById("preview-bar-iframe"); previewBar.style.display = "none";' successfully

2019-07-15 13:39:06 - [MESSAGE][PASSED] - Execute JavaScript 'var previewBar = document.getElementById("preview-bar-iframe"); previewBar.style.display = "none";' successfully

2019-07-15 13:39:06 - [TEST_STEP][PASSED] - click(findTestObject("OCS-DESKTOP/Age gate and Mega menu/Indica Dominant_Menu item")): Object: 'Object Repository/OCS-DESKTOP/Age gate and Mega menu/Indica Dominant_Menu item' is clicked on

2019-07-15 13:39:09 - [MESSAGE][PASSED] - Object: 'Object Repository/OCS-DESKTOP/Age gate and Mega menu/Indica Dominant_Menu item' is clicked on

2019-07-15 13:39:09 - [TEST_STEP][PASSED] - executeJavaScript("var previewBar = document.getElementById("preview-bar-iframe"); previewBar.style.display = "none";", []): Execute JavaScript 'var previewBar = document.getElementById("preview-bar-iframe"); previewBar.style.display = "none";' successfully

2019-07-15 13:39:09 - [MESSAGE][PASSED] - Execute JavaScript 'var previewBar = document.getElementById("preview-bar-iframe"); previewBar.style.display = "none";' successfully

2019-07-15 13:39:09 - [TEST_STEP][PASSED] - delay(2): Delayed 2 second(s)

2019-07-15 13:39:11 - [MESSAGE][PASSED] - Delayed 2 second(s)

2019-07-15 13:39:11 - [TEST_STEP][PASSED] - click(findTestObject("OCS-DESKTOP/Collection page/Product image - 1st one")): Object: 'Object Repository/OCS-DESKTOP/Collection page/Product image - 1st one' is clicked on

2019-07-15 13:39:16 - [MESSAGE][PASSED] - Object: 'Object Repository/OCS-DESKTOP/Collection page/Product image - 1st one' is clicked on

2019-07-15 13:39:16 - [TEST_STEP][PASSED] - executeJavaScript("var previewBar = document.getElementById("preview-bar-iframe"); previewBar.style.display = "none";", []): Execute JavaScript 'var previewBar = document.getElementById("preview-bar-iframe"); previewBar.style.display = "none";' successfully

2019-07-15 13:39:16 - [MESSAGE][PASSED] - Execute JavaScript 'var previewBar = document.getElementById("preview-bar-iframe"); previewBar.style.display = "none";' successfully

2019-07-15 13:39:16 - [TEST_STEP][PASSED] - delay(1): Delayed 1 second(s)

2019-07-15 13:39:17 - [MESSAGE][PASSED] - Delayed 1 second(s)

2019-07-15 13:39:17 - [TEST_STEP][PASSED] - delay(3): Delayed 3 second(s)

2019-07-15 13:39:20 - [MESSAGE][PASSED] - Delayed 3 second(s)

2019-07-15 13:39:20 - [TEST_STEP][NOT_RUN] - scrollToElement(findTestObject("OCS-DESKTOP/Product page/Product image"), 1): NOT_RUN: scrollToElement(findTestObject("OCS-DESKTOP/Product page/Product image"), 1)

2019-07-15 13:39:20 - [MESSAGE][NOT_RUN] - NOT_RUN: scrollToElement(findTestObject("OCS-DESKTOP/Product page/Product image"), 1)

2019-07-15 13:39:20 - [TEST_STEP][PASSED] - click(findTestObject("OCS-DESKTOP/Product page/Swatch_1g")): Object: 'Object Repository/OCS-DESKTOP/Product page/Swatch_1g' is clicked on

2019-07-15 13:39:20 - [MESSAGE][PASSED] - Object: 'Object Repository/OCS-DESKTOP/Product page/Swatch_1g' is clicked on

2019-07-15 13:39:20 - [TEST_STEP][PASSED] - delay(2): Delayed 2 second(s)

2019-07-15 13:39:22 - [MESSAGE][PASSED] - Delayed 2 second(s)

2019-07-15 13:39:22 - [TEST_STEP][PASSED] - click(findTestObject("OCS-DESKTOP/Product page/Add to Bag-button")): Object: 'Object Repository/OCS-DESKTOP/Product page/Add to Bag-button' is clicked on

2019-07-15 13:39:22 - [MESSAGE][PASSED] - Object: 'Object Repository/OCS-DESKTOP/Product page/Add to Bag-button' is clicked on

2019-07-15 13:39:22 - [TEST_STEP][PASSED] - delay(1): Delayed 1 second(s)

2019-07-15 13:39:23 - [MESSAGE][PASSED] - Delayed 1 second(s)

2019-07-15 13:39:23 - [TEST_STEP][PASSED] - click(findTestObject("OCS-DESKTOP/Home - page/Cart icon -bag")): Object: 'Object Repository/OCS-DESKTOP/Home - page/Cart icon -bag' is clicked on

2019-07-15 13:39:23 - [MESSAGE][PASSED] - Object: 'Object Repository/OCS-DESKTOP/Home - page/Cart icon -bag' is clicked on

2019-07-15 13:39:23 - [TEST_STEP][PASSED] - delay(1): Delayed 1 second(s)

2019-07-15 13:39:24 - [MESSAGE][PASSED] - Delayed 1 second(s)

2019-07-15 13:39:24 - [TEST_STEP][FAILED] - click(findTestObject("OCS-DESKTOP/Cart flyout/Checkbox_I confirm that")): click(findTestObject("OCS-DESKTOP/Cart flyout/Checkbox_I confirm that")) FAILED.
Reason:
com.kms.katalon.core.exception.StepFailedException: Unable to click on object 'Object Repository/OCS-DESKTOP/Cart flyout/Checkbox_I confirm that' (Root cause: org.openqa.selenium.ElementNotVisibleException: element not interactable
  (Session info: chrome=75.0.3770.100)
  (Driver info: chromedriver=2.43.600229 (3fae4d0cda5334b4f533bede5a4787f7b832d052),platform=Mac OS X 10.13.6 x86_64) (WARNING: The server did not provide any stacktrace information)
Command duration or timeout: 0 milliseconds
Build info: version: '3.7.1', revision: '8a0099a', time: '2017-11-06T21:07:36.161Z'
System info: host: 'sumans-MacBook-Pro.local', ip: 'fe80:0:0:0:143c:9c68:90ad:a50%en0', os.name: 'Mac OS X', os.arch: 'x86_64', os.version: '10.13.6', java.version: '1.8.0_181'
Driver info: com.kms.katalon.selenium.driver.CChromeDriver
Capabilities {acceptInsecureCerts: false, acceptSslCerts: false, applicationCacheEnabled: false, browserConnectionEnabled: false, browserName: chrome, chrome: {chromedriverVersion: 2.43.600229 (3fae4d0cda5334..., userDataDir: /var/folders/1t/c55l8xzs6gq...}, cssSelectorsEnabled: true, databaseEnabled: false, goog:chromeOptions: {debuggerAddress: localhost:55298}, handlesAlerts: true, hasTouchScreen: false, javascriptEnabled: true, locationContextEnabled: true, mobileEmulationEnabled: false, nativeEvents: true, networkConnectionEnabled: false, pageLoadStrategy: normal, platform: MAC, platformName: MAC, rotatable: false, setWindowRect: true, takesHeapSnapshot: true, takesScreenshot: true, unexpectedAlertBehaviour: , unhandledPromptBehavior: , version: 75.0.3770.100, webStorageEnabled: true}
Session ID: 4b4df6332b9a5dac1be8af2d99ef7622)
	at com.kms.katalon.core.keyword.internal.KeywordMain.stepFailed(KeywordMain.groovy:36)
	at com.kms.katalon.core.webui.keyword.internal.WebUIKeywordMain.stepFailed(WebUIKeywordMain.groovy:65)
	at com.kms.katalon.core.webui.keyword.internal.WebUIKeywordMain.runKeyword(WebUIKeywordMain.groovy:27)
	at com.kms.katalon.core.webui.keyword.builtin.ClickKeyword.click(ClickKeyword.groovy:86)
	at com.kms.katalon.core.webui.keyword.builtin.ClickKeyword.execute(ClickKeyword.groovy:67)
	at com.kms.katalon.core.keyword.internal.KeywordExecutor.executeKeywordForPlatform(KeywordExecutor.groovy:53)
	at com.kms.katalon.core.webui.keyword.WebUiBuiltInKeywords.click(WebUiBuiltInKeywords.groovy:616)
	at com.kms.katalon.core.webui.keyword.WebUiBuiltInKeywords$click$4.call(Unknown Source)
	at Checkout - customer information page.run(Checkout - customer information page:57)
	at com.kms.katalon.core.main.ScriptEngine.run(ScriptEngine.java:194)
	at com.kms.katalon.core.main.ScriptEngine.runScriptAsRawText(ScriptEngine.java:119)
	at com.kms.katalon.core.main.TestCaseExecutor.runScript(TestCaseExecutor.java:328)
	at com.kms.katalon.core.main.TestCaseExecutor.doExecute(TestCaseExecutor.java:319)
	at com.kms.katalon.core.main.TestCaseExecutor.processExecutionPhase(TestCaseExecutor.java:298)
	at com.kms.katalon.core.main.TestCaseExecutor.accessMainPhase(TestCaseExecutor.java:290)
	at com.kms.katalon.core.main.TestCaseExecutor.execute(TestCaseExecutor.java:224)
	at com.kms.katalon.core.main.TestSuiteExecutor.accessTestCaseMainPhase(TestSuiteExecutor.java:129)
	at com.kms.katalon.core.main.TestSuiteExecutor.accessTestSuiteMainPhase(TestSuiteExecutor.java:112)
	at com.kms.katalon.core.main.TestSuiteExecutor.execute(TestSuiteExecutor.java:81)
	at com.kms.katalon.core.main.TestCaseMain.startTestSuite(TestCaseMain.java:149)
	at com.kms.katalon.core.main.TestCaseMain$startTestSuite$0.call(Unknown Source)
	at TempTestSuite1563212133201.run(TempTestSuite1563212133201.groovy:36)


2019-07-15 13:39:25 - [MESSAGE][FAILED] - Unable to click on object 'Object Repository/OCS-DESKTOP/Cart flyout/Checkbox_I confirm that' (Root cause: org.openqa.selenium.ElementNotVisibleException: element not interactable
  (Session info: chrome=75.0.3770.100)
  (Driver info: chromedriver=2.43.600229 (3fae4d0cda5334b4f533bede5a4787f7b832d052),platform=Mac OS X 10.13.6 x86_64) (WARNING: The server did not provide any stacktrace information)
Command duration or timeout: 0 milliseconds
Build info: version: '3.7.1', revision: '8a0099a', time: '2017-11-06T21:07:36.161Z'
System info: host: 'sumans-MacBook-Pro.local', ip: 'fe80:0:0:0:143c:9c68:90ad:a50%en0', os.name: 'Mac OS X', os.arch: 'x86_64', os.version: '10.13.6', java.version: '1.8.0_181'
Driver info: com.kms.katalon.selenium.driver.CChromeDriver
Capabilities {acceptInsecureCerts: false, acceptSslCerts: false, applicationCacheEnabled: false, browserConnectionEnabled: false, browserName: chrome, chrome: {chromedriverVersion: 2.43.600229 (3fae4d0cda5334..., userDataDir: /var/folders/1t/c55l8xzs6gq...}, cssSelectorsEnabled: true, databaseEnabled: false, goog:chromeOptions: {debuggerAddress: localhost:55298}, handlesAlerts: true, hasTouchScreen: false, javascriptEnabled: true, locationContextEnabled: true, mobileEmulationEnabled: false, nativeEvents: true, networkConnectionEnabled: false, pageLoadStrategy: normal, platform: MAC, platformName: MAC, rotatable: false, setWindowRect: true, takesHeapSnapshot: true, takesScreenshot: true, unexpectedAlertBehaviour: , unhandledPromptBehavior: , version: 75.0.3770.100, webStorageEnabled: true}
Session ID: 4b4df6332b9a5dac1be8af2d99ef7622)
[[ATTACHMENT|/Users/sumankompelly/git/OCS--Relative-xpath-Desktop/Reports/Suite - Chrome/20190715_133533/1563212364748.png]]

2019-07-15 13:39:25 - [MESSAGE][FAILED] - click(findTestObject("OCS-DESKTOP/Cart flyout/Checkbox_I confirm that")) FAILED.
Reason:
com.kms.katalon.core.exception.StepFailedException: Unable to click on object 'Object Repository/OCS-DESKTOP/Cart flyout/Checkbox_I confirm that' (Root cause: org.openqa.selenium.ElementNotVisibleException: element not interactable
  (Session info: chrome=75.0.3770.100)
  (Driver info: chromedriver=2.43.600229 (3fae4d0cda5334b4f533bede5a4787f7b832d052),platform=Mac OS X 10.13.6 x86_64) (WARNING: The server did not provide any stacktrace information)
Command duration or timeout: 0 milliseconds
Build info: version: '3.7.1', revision: '8a0099a', time: '2017-11-06T21:07:36.161Z'
System info: host: 'sumans-MacBook-Pro.local', ip: 'fe80:0:0:0:143c:9c68:90ad:a50%en0', os.name: 'Mac OS X', os.arch: 'x86_64', os.version: '10.13.6', java.version: '1.8.0_181'
Driver info: com.kms.katalon.selenium.driver.CChromeDriver
Capabilities {acceptInsecureCerts: false, acceptSslCerts: false, applicationCacheEnabled: false, browserConnectionEnabled: false, browserName: chrome, chrome: {chromedriverVersion: 2.43.600229 (3fae4d0cda5334..., userDataDir: /var/folders/1t/c55l8xzs6gq...}, cssSelectorsEnabled: true, databaseEnabled: false, goog:chromeOptions: {debuggerAddress: localhost:55298}, handlesAlerts: true, hasTouchScreen: false, javascriptEnabled: true, locationContextEnabled: true, mobileEmulationEnabled: false, nativeEvents: true, networkConnectionEnabled: false, pageLoadStrategy: normal, platform: MAC, platformName: MAC, rotatable: false, setWindowRect: true, takesHeapSnapshot: true, takesScreenshot: true, unexpectedAlertBehaviour: , unhandledPromptBehavior: , version: 75.0.3770.100, webStorageEnabled: true}
Session ID: 4b4df6332b9a5dac1be8af2d99ef7622)
	at com.kms.katalon.core.keyword.internal.KeywordMain.stepFailed(KeywordMain.groovy:36)
	at com.kms.katalon.core.webui.keyword.internal.WebUIKeywordMain.stepFailed(WebUIKeywordMain.groovy:65)
	at com.kms.katalon.core.webui.keyword.internal.WebUIKeywordMain.runKeyword(WebUIKeywordMain.groovy:27)
	at com.kms.katalon.core.webui.keyword.builtin.ClickKeyword.click(ClickKeyword.groovy:86)
	at com.kms.katalon.core.webui.keyword.builtin.ClickKeyword.execute(ClickKeyword.groovy:67)
	at com.kms.katalon.core.keyword.internal.KeywordExecutor.executeKeywordForPlatform(KeywordExecutor.groovy:53)
	at com.kms.katalon.core.webui.keyword.WebUiBuiltInKeywords.click(WebUiBuiltInKeywords.groovy:616)
	at com.kms.katalon.core.webui.keyword.WebUiBuiltInKeywords$click$4.call(Unknown Source)
	at Checkout - customer information page.run(Checkout - customer information page:57)
	at com.kms.katalon.core.main.ScriptEngine.run(ScriptEngine.java:194)
	at com.kms.katalon.core.main.ScriptEngine.runScriptAsRawText(ScriptEngine.java:119)
	at com.kms.katalon.core.main.TestCaseExecutor.runScript(TestCaseExecutor.java:328)
	at com.kms.katalon.core.main.TestCaseExecutor.doExecute(TestCaseExecutor.java:319)
	at com.kms.katalon.core.main.TestCaseExecutor.processExecutionPhase(TestCaseExecutor.java:298)
	at com.kms.katalon.core.main.TestCaseExecutor.accessMainPhase(TestCaseExecutor.java:290)
	at com.kms.katalon.core.main.TestCaseExecutor.execute(TestCaseExecutor.java:224)
	at com.kms.katalon.core.main.TestSuiteExecutor.accessTestCaseMainPhase(TestSuiteExecutor.java:129)
	at com.kms.katalon.core.main.TestSuiteExecutor.accessTestSuiteMainPhase(TestSuiteExecutor.java:112)
	at com.kms.katalon.core.main.TestSuiteExecutor.execute(TestSuiteExecutor.java:81)
	at com.kms.katalon.core.main.TestCaseMain.startTestSuite(TestCaseMain.java:149)
	at com.kms.katalon.core.main.TestCaseMain$startTestSuite$0.call(Unknown Source)
	at TempTestSuite1563212133201.run(TempTestSuite1563212133201.groovy:36)]]></system-out>
         <system-err><![CDATA[2019-07-15 13:38:44 - [TEST_CASE][FAILED] - Test Cases/OCS - DESKTOP/OCS- CRITICAL PATH/Checkout - customer information page: Test Cases/OCS - DESKTOP/OCS- CRITICAL PATH/Checkout - customer information page FAILED.
Reason:
com.kms.katalon.core.exception.StepFailedException: Unable to click on object 'Object Repository/OCS-DESKTOP/Cart flyout/Checkbox_I confirm that' (Root cause: org.openqa.selenium.ElementNotVisibleException: element not interactable
  (Session info: chrome=75.0.3770.100)
  (Driver info: chromedriver=2.43.600229 (3fae4d0cda5334b4f533bede5a4787f7b832d052),platform=Mac OS X 10.13.6 x86_64) (WARNING: The server did not provide any stacktrace information)
Command duration or timeout: 0 milliseconds
Build info: version: '3.7.1', revision: '8a0099a', time: '2017-11-06T21:07:36.161Z'
System info: host: 'sumans-MacBook-Pro.local', ip: 'fe80:0:0:0:143c:9c68:90ad:a50%en0', os.name: 'Mac OS X', os.arch: 'x86_64', os.version: '10.13.6', java.version: '1.8.0_181'
Driver info: com.kms.katalon.selenium.driver.CChromeDriver
Capabilities {acceptInsecureCerts: false, acceptSslCerts: false, applicationCacheEnabled: false, browserConnectionEnabled: false, browserName: chrome, chrome: {chromedriverVersion: 2.43.600229 (3fae4d0cda5334..., userDataDir: /var/folders/1t/c55l8xzs6gq...}, cssSelectorsEnabled: true, databaseEnabled: false, goog:chromeOptions: {debuggerAddress: localhost:55298}, handlesAlerts: true, hasTouchScreen: false, javascriptEnabled: true, locationContextEnabled: true, mobileEmulationEnabled: false, nativeEvents: true, networkConnectionEnabled: false, pageLoadStrategy: normal, platform: MAC, platformName: MAC, rotatable: false, setWindowRect: true, takesHeapSnapshot: true, takesScreenshot: true, unexpectedAlertBehaviour: , unhandledPromptBehavior: , version: 75.0.3770.100, webStorageEnabled: true}
Session ID: 4b4df6332b9a5dac1be8af2d99ef7622)
	at com.kms.katalon.core.keyword.internal.KeywordMain.stepFailed(KeywordMain.groovy:36)
	at com.kms.katalon.core.webui.keyword.internal.WebUIKeywordMain.stepFailed(WebUIKeywordMain.groovy:65)
	at com.kms.katalon.core.webui.keyword.internal.WebUIKeywordMain.runKeyword(WebUIKeywordMain.groovy:27)
	at com.kms.katalon.core.webui.keyword.builtin.ClickKeyword.click(ClickKeyword.groovy:86)
	at com.kms.katalon.core.webui.keyword.builtin.ClickKeyword.execute(ClickKeyword.groovy:67)
	at com.kms.katalon.core.keyword.internal.KeywordExecutor.executeKeywordForPlatform(KeywordExecutor.groovy:53)
	at com.kms.katalon.core.webui.keyword.WebUiBuiltInKeywords.click(WebUiBuiltInKeywords.groovy:616)
	at com.kms.katalon.core.webui.keyword.WebUiBuiltInKeywords$click$4.call(Unknown Source)
	at Checkout - customer information page.run(Checkout - customer information page:57)
	at com.kms.katalon.core.main.ScriptEngine.run(ScriptEngine.java:194)
	at com.kms.katalon.core.main.ScriptEngine.runScriptAsRawText(ScriptEngine.java:119)
	at com.kms.katalon.core.main.TestCaseExecutor.runScript(TestCaseExecutor.java:328)
	at com.kms.katalon.core.main.TestCaseExecutor.doExecute(TestCaseExecutor.java:319)
	at com.kms.katalon.core.main.TestCaseExecutor.processExecutionPhase(TestCaseExecutor.java:298)
	at com.kms.katalon.core.main.TestCaseExecutor.accessMainPhase(TestCaseExecutor.java:290)
	at com.kms.katalon.core.main.TestCaseExecutor.execute(TestCaseExecutor.java:224)
	at com.kms.katalon.core.main.TestSuiteExecutor.accessTestCaseMainPhase(TestSuiteExecutor.java:129)
	at com.kms.katalon.core.main.TestSuiteExecutor.accessTestSuiteMainPhase(TestSuiteExecutor.java:112)
	at com.kms.katalon.core.main.TestSuiteExecutor.execute(TestSuiteExecutor.java:81)
	at com.kms.katalon.core.main.TestCaseMain.startTestSuite(TestCaseMain.java:149)
	at com.kms.katalon.core.main.TestCaseMain$startTestSuite$0.call(Unknown Source)
	at TempTestSuite1563212133201.run(TempTestSuite1563212133201.groovy:36)]]></system-err>
      </testcase>
      <testcase name="Test Cases/OCS - DESKTOP/OCS- CRITICAL PATH/Cart flyout-tooltips" classname="Test Cases/OCS - DESKTOP/OCS- CRITICAL PATH/Cart flyout-tooltips" status="PASSED">
         <system-out><![CDATA[2019-07-15 13:39:25 - [TEST_CASE][PASSED] - Test Cases/OCS - DESKTOP/OCS- CRITICAL PATH/Cart flyout-tooltips: Test Cases/OCS - DESKTOP/OCS- CRITICAL PATH/Cart flyout-tooltips

2019-07-15 13:39:25 - [TEST_STEP][PASSED] - callTestCase(findTestCase("OCS - DESKTOP/CALL- Age gate"), [:], STOP_ON_FAILURE): Call Test Case 'Test Cases/OCS - DESKTOP/CALL- Age gate' successfully

2019-07-15 13:39:25 - [TEST_CASE][PASSED] - Test Cases/OCS - DESKTOP/CALL- Age gate: Test Cases/OCS - DESKTOP/CALL- Age gate

2019-07-15 13:39:25 - [TEST_STEP][PASSED] - openBrowser(""): Browser is opened with url: ''

2019-07-15 13:39:25 - [MESSAGE][WARNING] - A browser is already opened. Closing browser and opening a new one

2019-07-15 13:39:25 - [MESSAGE][INFO] - Starting 'Chrome' driver

2019-07-15 13:39:27 - [MESSAGE][PASSED] - Browser is opened with url: ''

2019-07-15 13:39:27 - [TEST_STEP][PASSED] - navigateToUrl("https://ocs.ca/?fts=0&preview_theme_id=74205529932"): Navigate to 'https://ocs.ca/?fts=0&preview_theme_id=74205529932' successfully

2019-07-15 13:39:33 - [MESSAGE][PASSED] - Navigate to 'https://ocs.ca/?fts=0&preview_theme_id=74205529932' successfully

2019-07-15 13:39:33 - [TEST_STEP][PASSED] - maximizeWindow(): Current window maximized

2019-07-15 13:39:33 - [MESSAGE][PASSED] - Current window maximized

2019-07-15 13:39:33 - [TEST_STEP][PASSED] - delay(2): Delayed 2 second(s)

2019-07-15 13:39:35 - [MESSAGE][PASSED] - Delayed 2 second(s)

2019-07-15 13:39:35 - [TEST_STEP][PASSED] - executeJavaScript("var previewBar = document.getElementById("preview-bar-iframe"); previewBar.style.display = "none";", []): Execute JavaScript 'var previewBar = document.getElementById("preview-bar-iframe"); previewBar.style.display = "none";' successfully

2019-07-15 13:39:35 - [MESSAGE][PASSED] - Execute JavaScript 'var previewBar = document.getElementById("preview-bar-iframe"); previewBar.style.display = "none";' successfully

2019-07-15 13:39:35 - [TEST_STEP][PASSED] - selectOptionByValue(findTestObject("OCS-DESKTOP/Age gate and Mega menu/Date"), "12", true): All options with value '12' are selected in object 'Object Repository/OCS-DESKTOP/Age gate and Mega menu/Date'  using regular expression

2019-07-15 13:39:36 - [MESSAGE][PASSED] - All options with value '12' are selected in object 'Object Repository/OCS-DESKTOP/Age gate and Mega menu/Date'  using regular expression

2019-07-15 13:39:36 - [TEST_STEP][PASSED] - selectOptionByValue(findTestObject("OCS-DESKTOP/Age gate and Mega menu/month"), "6", true): All options with value '6' are selected in object 'Object Repository/OCS-DESKTOP/Age gate and Mega menu/month'  using regular expression

2019-07-15 13:39:36 - [MESSAGE][PASSED] - All options with value '6' are selected in object 'Object Repository/OCS-DESKTOP/Age gate and Mega menu/month'  using regular expression

2019-07-15 13:39:36 - [TEST_STEP][PASSED] - delay(2): Delayed 2 second(s)

2019-07-15 13:39:38 - [MESSAGE][PASSED] - Delayed 2 second(s)

2019-07-15 13:39:38 - [TEST_STEP][PASSED] - selectOptionByValue(findTestObject("OCS-DESKTOP/Age gate and Mega menu/Year Dropdown"), "1990", true): All options with value '1990' are selected in object 'Object Repository/OCS-DESKTOP/Age gate and Mega menu/Year Dropdown'  using regular expression

2019-07-15 13:39:39 - [MESSAGE][PASSED] - All options with value '1990' are selected in object 'Object Repository/OCS-DESKTOP/Age gate and Mega menu/Year Dropdown'  using regular expression

2019-07-15 13:39:39 - [TEST_STEP][PASSED] - click(findTestObject("OCS-DESKTOP/Age gate and Mega menu/button_Verify")): Object: 'Object Repository/OCS-DESKTOP/Age gate and Mega menu/button_Verify' is clicked on

2019-07-15 13:39:39 - [MESSAGE][PASSED] - Object: 'Object Repository/OCS-DESKTOP/Age gate and Mega menu/button_Verify' is clicked on

2019-07-15 13:39:39 - [TEST_STEP][PASSED] - click(findTestObject("OCS-DESKTOP/Age gate and Mega menu/Checkbox_CONFIRM AND ACKNOWLEDGE")): Object: 'Object Repository/OCS-DESKTOP/Age gate and Mega menu/Checkbox_CONFIRM AND ACKNOWLEDGE' is clicked on

2019-07-15 13:39:39 - [MESSAGE][PASSED] - Object: 'Object Repository/OCS-DESKTOP/Age gate and Mega menu/Checkbox_CONFIRM AND ACKNOWLEDGE' is clicked on

2019-07-15 13:39:39 - [TEST_STEP][PASSED] - click(findTestObject("OCS-DESKTOP/Age gate and Mega menu/button_CONFIRM")): Object: 'Object Repository/OCS-DESKTOP/Age gate and Mega menu/button_CONFIRM' is clicked on

2019-07-15 13:39:39 - [MESSAGE][PASSED] - Object: 'Object Repository/OCS-DESKTOP/Age gate and Mega menu/button_CONFIRM' is clicked on

2019-07-15 13:39:39 - [TEST_STEP][PASSED] - click(findTestObject("OCS-DESKTOP/Age gate and Mega menu/button_Start Browsing")): Object: 'Object Repository/OCS-DESKTOP/Age gate and Mega menu/button_Start Browsing' is clicked on

2019-07-15 13:39:39 - [MESSAGE][PASSED] - Object: 'Object Repository/OCS-DESKTOP/Age gate and Mega menu/button_Start Browsing' is clicked on

2019-07-15 13:39:39 - [TEST_STEP][PASSED] - delay(2): Delayed 2 second(s)

2019-07-15 13:39:41 - [MESSAGE][PASSED] - Delayed 2 second(s)

2019-07-15 13:39:41 - [TEST_STEP][PASSED] - refresh(): Refresh successfully

2019-07-15 13:39:41 - [MESSAGE][PASSED] - Refresh successfully

2019-07-15 13:39:41 - [MESSAGE][PASSED] - Call Test Case 'Test Cases/OCS - DESKTOP/CALL- Age gate' successfully

2019-07-15 13:39:41 - [TEST_STEP][PASSED] - delay(2): Delayed 2 second(s)

2019-07-15 13:39:43 - [MESSAGE][PASSED] - Delayed 2 second(s)

2019-07-15 13:39:43 - [TEST_STEP][PASSED] - refresh(): Refresh successfully

2019-07-15 13:39:47 - [MESSAGE][PASSED] - Refresh successfully

2019-07-15 13:39:47 - [TEST_STEP][PASSED] - click(findTestObject("OCS-DESKTOP/Age gate and Mega menu/Header/CANNABIS menu - English")): Object: 'Object Repository/OCS-DESKTOP/Age gate and Mega menu/Header/CANNABIS menu - English' is clicked on

2019-07-15 13:39:48 - [MESSAGE][PASSED] - Object: 'Object Repository/OCS-DESKTOP/Age gate and Mega menu/Header/CANNABIS menu - English' is clicked on

2019-07-15 13:39:48 - [TEST_STEP][PASSED] - delay(4): Delayed 4 second(s)

2019-07-15 13:39:52 - [MESSAGE][PASSED] - Delayed 4 second(s)

2019-07-15 13:39:52 - [TEST_STEP][NOT_RUN] - maximizeWindow(): NOT_RUN: maximizeWindow()

2019-07-15 13:39:52 - [MESSAGE][NOT_RUN] - NOT_RUN: maximizeWindow()

2019-07-15 13:39:52 - [TEST_STEP][PASSED] - click(findTestObject("OCS-DESKTOP/Age gate and Mega menu/Indica Dominant_Menu item")): Object: 'Object Repository/OCS-DESKTOP/Age gate and Mega menu/Indica Dominant_Menu item' is clicked on

2019-07-15 13:39:54 - [MESSAGE][PASSED] - Object: 'Object Repository/OCS-DESKTOP/Age gate and Mega menu/Indica Dominant_Menu item' is clicked on

2019-07-15 13:39:54 - [TEST_STEP][PASSED] - delay(2): Delayed 2 second(s)

2019-07-15 13:39:56 - [MESSAGE][PASSED] - Delayed 2 second(s)

2019-07-15 13:39:56 - [TEST_STEP][PASSED] - executeJavaScript("var previewBar = document.getElementById("preview-bar-iframe"); previewBar.style.display = "none";", []): Execute JavaScript 'var previewBar = document.getElementById("preview-bar-iframe"); previewBar.style.display = "none";' successfully

2019-07-15 13:39:56 - [MESSAGE][PASSED] - Execute JavaScript 'var previewBar = document.getElementById("preview-bar-iframe"); previewBar.style.display = "none";' successfully

2019-07-15 13:39:56 - [TEST_STEP][PASSED] - click(findTestObject("OCS-DESKTOP/Collection page/Product image - 1st one")): Object: 'Object Repository/OCS-DESKTOP/Collection page/Product image - 1st one' is clicked on

2019-07-15 13:40:00 - [MESSAGE][PASSED] - Object: 'Object Repository/OCS-DESKTOP/Collection page/Product image - 1st one' is clicked on

2019-07-15 13:40:00 - [TEST_STEP][PASSED] - delay(3): Delayed 3 second(s)

2019-07-15 13:40:03 - [MESSAGE][PASSED] - Delayed 3 second(s)

2019-07-15 13:40:03 - [TEST_STEP][PASSED] - executeJavaScript("var previewBar = document.getElementById("preview-bar-iframe"); previewBar.style.display = "none";", []): Execute JavaScript 'var previewBar = document.getElementById("preview-bar-iframe"); previewBar.style.display = "none";' successfully

2019-07-15 13:40:03 - [MESSAGE][PASSED] - Execute JavaScript 'var previewBar = document.getElementById("preview-bar-iframe"); previewBar.style.display = "none";' successfully

2019-07-15 13:40:03 - [TEST_STEP][NOT_RUN] - scrollToElement(findTestObject("OCS-DESKTOP/Product page/Product image"), 1): NOT_RUN: scrollToElement(findTestObject("OCS-DESKTOP/Product page/Product image"), 1)

2019-07-15 13:40:03 - [MESSAGE][NOT_RUN] - NOT_RUN: scrollToElement(findTestObject("OCS-DESKTOP/Product page/Product image"), 1)

2019-07-15 13:40:03 - [TEST_STEP][PASSED] - click(findTestObject("OCS-DESKTOP/Product page/Swatch_1g")): Object: 'Object Repository/OCS-DESKTOP/Product page/Swatch_1g' is clicked on

2019-07-15 13:40:03 - [MESSAGE][PASSED] - Object: 'Object Repository/OCS-DESKTOP/Product page/Swatch_1g' is clicked on

2019-07-15 13:40:03 - [TEST_STEP][PASSED] - delay(2): Delayed 2 second(s)

2019-07-15 13:40:05 - [MESSAGE][PASSED] - Delayed 2 second(s)

2019-07-15 13:40:05 - [TEST_STEP][PASSED] - click(findTestObject("OCS-DESKTOP/Product page/Add to Bag-button")): Object: 'Object Repository/OCS-DESKTOP/Product page/Add to Bag-button' is clicked on

2019-07-15 13:40:06 - [MESSAGE][PASSED] - Object: 'Object Repository/OCS-DESKTOP/Product page/Add to Bag-button' is clicked on

2019-07-15 13:40:06 - [TEST_STEP][PASSED] - delay(1): Delayed 1 second(s)

2019-07-15 13:40:07 - [MESSAGE][PASSED] - Delayed 1 second(s)

2019-07-15 13:40:07 - [TEST_STEP][PASSED] - click(findTestObject("OCS-DESKTOP/Home - page/Cart icon -bag"), OPTIONAL): Object: 'Object Repository/OCS-DESKTOP/Home - page/Cart icon -bag' is clicked on

2019-07-15 13:40:07 - [MESSAGE][PASSED] - Object: 'Object Repository/OCS-DESKTOP/Home - page/Cart icon -bag' is clicked on

2019-07-15 13:40:07 - [TEST_STEP][PASSED] - delay(1): Delayed 1 second(s)

2019-07-15 13:40:08 - [MESSAGE][PASSED] - Delayed 1 second(s)

2019-07-15 13:40:08 - [TEST_STEP][PASSED] - mouseOver(findTestObject("OCS-DESKTOP/Cart flyout/tool tip - TOP")): Object: 'Object Repository/OCS-DESKTOP/Cart flyout/tool tip - TOP' is hovered

2019-07-15 13:40:08 - [MESSAGE][PASSED] - Object: 'Object Repository/OCS-DESKTOP/Cart flyout/tool tip - TOP' is hovered

2019-07-15 13:40:08 - [TEST_STEP][PASSED] - delay(3): Delayed 3 second(s)

2019-07-15 13:40:11 - [MESSAGE][PASSED] - Delayed 3 second(s)

2019-07-15 13:40:11 - [TEST_STEP][PASSED] - delay(2): Delayed 2 second(s)

2019-07-15 13:40:13 - [MESSAGE][PASSED] - Delayed 2 second(s)

2019-07-15 13:40:13 - [TEST_STEP][PASSED] - mouseOver(findTestObject("OCS-DESKTOP/Cart flyout/tool tip -DOWN")): Object: 'Object Repository/OCS-DESKTOP/Cart flyout/tool tip -DOWN' is hovered

2019-07-15 13:40:13 - [MESSAGE][PASSED] - Object: 'Object Repository/OCS-DESKTOP/Cart flyout/tool tip -DOWN' is hovered]]></system-out>
         <system-err><![CDATA[]]></system-err>
      </testcase>
      <testcase name="Test Cases/OCS - DESKTOP/OCS- CRITICAL PATH/Cart" classname="Test Cases/OCS - DESKTOP/OCS- CRITICAL PATH/Cart" status="PASSED">
         <system-out><![CDATA[2019-07-15 13:40:13 - [TEST_CASE][PASSED] - Test Cases/OCS - DESKTOP/OCS- CRITICAL PATH/Cart: Test Cases/OCS - DESKTOP/OCS- CRITICAL PATH/Cart

2019-07-15 13:40:13 - [TEST_STEP][PASSED] - callTestCase(findTestCase("OCS - DESKTOP/CALL - Navigate to PDP"), [:], STOP_ON_FAILURE): Call Test Case 'Test Cases/OCS - DESKTOP/CALL - Navigate to PDP' successfully

2019-07-15 13:40:13 - [TEST_CASE][PASSED] - Test Cases/OCS - DESKTOP/CALL - Navigate to PDP: Test Cases/OCS - DESKTOP/CALL - Navigate to PDP

2019-07-15 13:40:13 - [TEST_STEP][PASSED] - openBrowser(""): Browser is opened with url: ''

2019-07-15 13:40:13 - [MESSAGE][WARNING] - A browser is already opened. Closing browser and opening a new one

2019-07-15 13:40:13 - [MESSAGE][INFO] - Starting 'Chrome' driver

2019-07-15 13:40:15 - [MESSAGE][PASSED] - Browser is opened with url: ''

2019-07-15 13:40:15 - [TEST_STEP][PASSED] - maximizeWindow(): Current window maximized

2019-07-15 13:40:15 - [MESSAGE][PASSED] - Current window maximized

2019-07-15 13:40:15 - [TEST_STEP][PASSED] - navigateToUrl("https://ocs.ca/?fts=0&preview_theme_id=74205529932"): Navigate to 'https://ocs.ca/?fts=0&preview_theme_id=74205529932' successfully

2019-07-15 13:40:20 - [MESSAGE][PASSED] - Navigate to 'https://ocs.ca/?fts=0&preview_theme_id=74205529932' successfully

2019-07-15 13:40:20 - [TEST_STEP][PASSED] - executeJavaScript("var previewBar = document.getElementById("preview-bar-iframe"); previewBar.style.display = "none";", []): Execute JavaScript 'var previewBar = document.getElementById("preview-bar-iframe"); previewBar.style.display = "none";' successfully

2019-07-15 13:40:20 - [MESSAGE][PASSED] - Execute JavaScript 'var previewBar = document.getElementById("preview-bar-iframe"); previewBar.style.display = "none";' successfully

2019-07-15 13:40:20 - [TEST_STEP][PASSED] - delay(4): Delayed 4 second(s)

2019-07-15 13:40:24 - [MESSAGE][PASSED] - Delayed 4 second(s)

2019-07-15 13:40:24 - [TEST_STEP][PASSED] - selectOptionByValue(findTestObject("OCS-DESKTOP/Age gate and Mega menu/Date"), "12", true): All options with value '12' are selected in object 'Object Repository/OCS-DESKTOP/Age gate and Mega menu/Date'  using regular expression

2019-07-15 13:40:25 - [MESSAGE][PASSED] - All options with value '12' are selected in object 'Object Repository/OCS-DESKTOP/Age gate and Mega menu/Date'  using regular expression

2019-07-15 13:40:25 - [TEST_STEP][PASSED] - selectOptionByValue(findTestObject("OCS-DESKTOP/Age gate and Mega menu/month"), "6", true): All options with value '6' are selected in object 'Object Repository/OCS-DESKTOP/Age gate and Mega menu/month'  using regular expression

2019-07-15 13:40:25 - [MESSAGE][PASSED] - All options with value '6' are selected in object 'Object Repository/OCS-DESKTOP/Age gate and Mega menu/month'  using regular expression

2019-07-15 13:40:25 - [TEST_STEP][PASSED] - delay(2): Delayed 2 second(s)

2019-07-15 13:40:27 - [MESSAGE][PASSED] - Delayed 2 second(s)

2019-07-15 13:40:27 - [TEST_STEP][PASSED] - selectOptionByValue(findTestObject("OCS-DESKTOP/Age gate and Mega menu/Year Dropdown"), "1990", true): All options with value '1990' are selected in object 'Object Repository/OCS-DESKTOP/Age gate and Mega menu/Year Dropdown'  using regular expression

2019-07-15 13:40:28 - [MESSAGE][PASSED] - All options with value '1990' are selected in object 'Object Repository/OCS-DESKTOP/Age gate and Mega menu/Year Dropdown'  using regular expression

2019-07-15 13:40:28 - [TEST_STEP][PASSED] - click(findTestObject("OCS-DESKTOP/Age gate and Mega menu/button_Verify")): Object: 'Object Repository/OCS-DESKTOP/Age gate and Mega menu/button_Verify' is clicked on

2019-07-15 13:40:28 - [MESSAGE][PASSED] - Object: 'Object Repository/OCS-DESKTOP/Age gate and Mega menu/button_Verify' is clicked on

2019-07-15 13:40:28 - [TEST_STEP][PASSED] - click(findTestObject("OCS-DESKTOP/Age gate and Mega menu/Checkbox_CONFIRM AND ACKNOWLEDGE")): Object: 'Object Repository/OCS-DESKTOP/Age gate and Mega menu/Checkbox_CONFIRM AND ACKNOWLEDGE' is clicked on

2019-07-15 13:40:28 - [MESSAGE][PASSED] - Object: 'Object Repository/OCS-DESKTOP/Age gate and Mega menu/Checkbox_CONFIRM AND ACKNOWLEDGE' is clicked on

2019-07-15 13:40:28 - [TEST_STEP][PASSED] - click(findTestObject("OCS-DESKTOP/Age gate and Mega menu/button_CONFIRM")): Object: 'Object Repository/OCS-DESKTOP/Age gate and Mega menu/button_CONFIRM' is clicked on

2019-07-15 13:40:28 - [MESSAGE][PASSED] - Object: 'Object Repository/OCS-DESKTOP/Age gate and Mega menu/button_CONFIRM' is clicked on

2019-07-15 13:40:28 - [TEST_STEP][PASSED] - click(findTestObject("OCS-DESKTOP/Age gate and Mega menu/button_Start Browsing")): Object: 'Object Repository/OCS-DESKTOP/Age gate and Mega menu/button_Start Browsing' is clicked on

2019-07-15 13:40:28 - [MESSAGE][PASSED] - Object: 'Object Repository/OCS-DESKTOP/Age gate and Mega menu/button_Start Browsing' is clicked on

2019-07-15 13:40:28 - [TEST_STEP][PASSED] - delay(2): Delayed 2 second(s)

2019-07-15 13:40:30 - [MESSAGE][PASSED] - Delayed 2 second(s)

2019-07-15 13:40:30 - [TEST_STEP][PASSED] - navigateToUrl("https://ocs.ca/products/la-confidential"): Navigate to 'https://ocs.ca/products/la-confidential' successfully

2019-07-15 13:40:35 - [MESSAGE][PASSED] - Navigate to 'https://ocs.ca/products/la-confidential' successfully

2019-07-15 13:40:35 - [TEST_STEP][PASSED] - executeJavaScript("var previewBar = document.getElementById("preview-bar-iframe"); previewBar.style.display = "none";", []): Execute JavaScript 'var previewBar = document.getElementById("preview-bar-iframe"); previewBar.style.display = "none";' successfully

2019-07-15 13:40:35 - [MESSAGE][PASSED] - Execute JavaScript 'var previewBar = document.getElementById("preview-bar-iframe"); previewBar.style.display = "none";' successfully

2019-07-15 13:40:35 - [MESSAGE][PASSED] - Call Test Case 'Test Cases/OCS - DESKTOP/CALL - Navigate to PDP' successfully

2019-07-15 13:40:35 - [TEST_STEP][NOT_RUN] - scrollToElement(findTestObject("OCS-DESKTOP/Product page/Product image"), 1): NOT_RUN: scrollToElement(findTestObject("OCS-DESKTOP/Product page/Product image"), 1)

2019-07-15 13:40:35 - [MESSAGE][NOT_RUN] - NOT_RUN: scrollToElement(findTestObject("OCS-DESKTOP/Product page/Product image"), 1)

2019-07-15 13:40:35 - [TEST_STEP][PASSED] - delay(2): Delayed 2 second(s)

2019-07-15 13:40:37 - [MESSAGE][PASSED] - Delayed 2 second(s)

2019-07-15 13:40:37 - [TEST_STEP][PASSED] - executeJavaScript("var previewBar = document.getElementById("preview-bar-iframe"); previewBar.style.display = "none";", []): Execute JavaScript 'var previewBar = document.getElementById("preview-bar-iframe"); previewBar.style.display = "none";' successfully

2019-07-15 13:40:37 - [MESSAGE][PASSED] - Execute JavaScript 'var previewBar = document.getElementById("preview-bar-iframe"); previewBar.style.display = "none";' successfully

2019-07-15 13:40:37 - [TEST_STEP][PASSED] - click(findTestObject("OCS-DESKTOP/Product page/Swatch_1g")): Object: 'Object Repository/OCS-DESKTOP/Product page/Swatch_1g' is clicked on

2019-07-15 13:40:37 - [MESSAGE][PASSED] - Object: 'Object Repository/OCS-DESKTOP/Product page/Swatch_1g' is clicked on

2019-07-15 13:40:37 - [TEST_STEP][NOT_RUN] - scrollToElement(findTestObject("OCS-DESKTOP/Product page/Swatch_3.5g"), 1): NOT_RUN: scrollToElement(findTestObject("OCS-DESKTOP/Product page/Swatch_3.5g"), 1)

2019-07-15 13:40:37 - [MESSAGE][NOT_RUN] - NOT_RUN: scrollToElement(findTestObject("OCS-DESKTOP/Product page/Swatch_3.5g"), 1)

2019-07-15 13:40:37 - [TEST_STEP][PASSED] - delay(2): Delayed 2 second(s)

2019-07-15 13:40:39 - [MESSAGE][PASSED] - Delayed 2 second(s)

2019-07-15 13:40:39 - [TEST_STEP][PASSED] - click(findTestObject("OCS-DESKTOP/Product page/Add to Bag-button")): Object: 'Object Repository/OCS-DESKTOP/Product page/Add to Bag-button' is clicked on

2019-07-15 13:40:39 - [MESSAGE][PASSED] - Object: 'Object Repository/OCS-DESKTOP/Product page/Add to Bag-button' is clicked on

2019-07-15 13:40:39 - [TEST_STEP][PASSED] - delay(2): Delayed 2 second(s)

2019-07-15 13:40:41 - [MESSAGE][PASSED] - Delayed 2 second(s)

2019-07-15 13:40:41 - [TEST_STEP][NOT_RUN] - click(findTestObject("OCS-DESKTOP/Cart flyout/Back icon"), CONTINUE_ON_FAILURE): NOT_RUN: click(findTestObject("OCS-DESKTOP/Cart flyout/Back icon"), CONTINUE_ON_FAILURE)

2019-07-15 13:40:41 - [MESSAGE][NOT_RUN] - NOT_RUN: click(findTestObject("OCS-DESKTOP/Cart flyout/Back icon"), CONTINUE_ON_FAILURE)

2019-07-15 13:40:41 - [TEST_STEP][PASSED] - delay(2): Delayed 2 second(s)

2019-07-15 13:40:43 - [MESSAGE][PASSED] - Delayed 2 second(s)

2019-07-15 13:40:43 - [TEST_STEP][NOT_RUN] - click(findTestObject("OCS-DESKTOP/Home - page/Cart icon -bag"), OPTIONAL): NOT_RUN: click(findTestObject("OCS-DESKTOP/Home - page/Cart icon -bag"), OPTIONAL)

2019-07-15 13:40:43 - [MESSAGE][NOT_RUN] - NOT_RUN: click(findTestObject("OCS-DESKTOP/Home - page/Cart icon -bag"), OPTIONAL)

2019-07-15 13:40:43 - [TEST_STEP][PASSED] - delay(2): Delayed 2 second(s)

2019-07-15 13:40:45 - [MESSAGE][PASSED] - Delayed 2 second(s)

2019-07-15 13:40:45 - [TEST_STEP][PASSED] - flag = verifyElementPresent(findTestObject("OCS-DESKTOP/Product page/Swatch_3.5g"), 0): Object 'Object Repository/OCS-DESKTOP/Product page/Swatch_3.5g' is present

2019-07-15 13:40:45 - [MESSAGE][WARNING] - Timeout '0' is invalid. Using default page load timeout: '30'

2019-07-15 13:40:45 - [MESSAGE][PASSED] - Object 'Object Repository/OCS-DESKTOP/Product page/Swatch_3.5g' is present

2019-07-15 13:40:45 - [TEST_STEP][PASSED] - comment(" flag=" + flag):  flag=true

2019-07-15 13:40:45 - [MESSAGE][INFO] -  flag=true

2019-07-15 13:40:45 - [TEST_STEP][PASSED] - takeScreenshot(): Taking screenshot successfully

2019-07-15 13:40:46 - [MESSAGE][PASSED] - Taking screenshot successfully
[[ATTACHMENT|/Users/sumankompelly/git/OCS--Relative-xpath-Desktop/Reports/Suite - Chrome/20190715_133533/1563212445534.png]]

2019-07-15 13:40:46 - [TEST_STEP][PASSED] - delay(2): Delayed 2 second(s)

2019-07-15 13:40:48 - [MESSAGE][PASSED] - Delayed 2 second(s)

2019-07-15 13:40:48 - [TEST_STEP][PASSED] - click(findTestObject("OCS-DESKTOP/Product page/Swatch_3.5g"), CONTINUE_ON_FAILURE): Object: 'Object Repository/OCS-DESKTOP/Product page/Swatch_3.5g' is clicked on

2019-07-15 13:40:48 - [MESSAGE][PASSED] - Object: 'Object Repository/OCS-DESKTOP/Product page/Swatch_3.5g' is clicked on

2019-07-15 13:40:48 - [TEST_STEP][PASSED] - delay(2): Delayed 2 second(s)

2019-07-15 13:40:50 - [MESSAGE][PASSED] - Delayed 2 second(s)

2019-07-15 13:40:50 - [TEST_STEP][PASSED] - click(findTestObject("OCS-DESKTOP/Product page/Add to Bag-button")): Object: 'Object Repository/OCS-DESKTOP/Product page/Add to Bag-button' is clicked on

2019-07-15 13:40:50 - [MESSAGE][PASSED] - Object: 'Object Repository/OCS-DESKTOP/Product page/Add to Bag-button' is clicked on

2019-07-15 13:40:50 - [TEST_STEP][PASSED] - delay(2): Delayed 2 second(s)

2019-07-15 13:40:52 - [MESSAGE][PASSED] - Delayed 2 second(s)

2019-07-15 13:40:52 - [TEST_STEP][PASSED] - click(findTestObject("OCS-DESKTOP/Home - page/Cart icon -bag"), OPTIONAL): Object: 'Object Repository/OCS-DESKTOP/Home - page/Cart icon -bag' is clicked on

2019-07-15 13:40:52 - [MESSAGE][PASSED] - Object: 'Object Repository/OCS-DESKTOP/Home - page/Cart icon -bag' is clicked on

2019-07-15 13:40:52 - [TEST_STEP][PASSED] - delay(2): Delayed 2 second(s)

2019-07-15 13:40:54 - [MESSAGE][PASSED] - Delayed 2 second(s)

2019-07-15 13:40:54 - [TEST_STEP][PASSED] - click(findTestObject("OCS-DESKTOP/Cart flyout/Checkbox_I confirm that")): Object: 'Object Repository/OCS-DESKTOP/Cart flyout/Checkbox_I confirm that' is clicked on

2019-07-15 13:40:54 - [MESSAGE][PASSED] - Object: 'Object Repository/OCS-DESKTOP/Cart flyout/Checkbox_I confirm that' is clicked on

2019-07-15 13:40:54 - [TEST_STEP][PASSED] - delay(2): Delayed 2 second(s)

2019-07-15 13:40:56 - [MESSAGE][PASSED] - Delayed 2 second(s)

2019-07-15 13:40:56 - [TEST_STEP][PASSED] - click(findTestObject("OCS-DESKTOP/Cart flyout/Checkbox_Accept the Terms Condition")): Object: 'Object Repository/OCS-DESKTOP/Cart flyout/Checkbox_Accept the Terms Condition' is clicked on

2019-07-15 13:40:56 - [MESSAGE][PASSED] - Object: 'Object Repository/OCS-DESKTOP/Cart flyout/Checkbox_Accept the Terms Condition' is clicked on

2019-07-15 13:40:56 - [TEST_STEP][PASSED] - delay(2): Delayed 2 second(s)

2019-07-15 13:40:58 - [MESSAGE][PASSED] - Delayed 2 second(s)

2019-07-15 13:40:58 - [TEST_STEP][PASSED] - click(findTestObject("OCS-DESKTOP/Cart flyout/Checkout - Button")): Object: 'Object Repository/OCS-DESKTOP/Cart flyout/Checkout - Button' is clicked on

2019-07-15 13:41:00 - [MESSAGE][PASSED] - Object: 'Object Repository/OCS-DESKTOP/Cart flyout/Checkout - Button' is clicked on

2019-07-15 13:41:00 - [TEST_STEP][PASSED] - delay(2): Delayed 2 second(s)

2019-07-15 13:41:02 - [MESSAGE][PASSED] - Delayed 2 second(s)

2019-07-15 13:41:02 - [TEST_STEP][NOT_RUN] - scrollToElement(findTestObject("OCS-DESKTOP/Customer info page/Return to Cart - Link"), 1): NOT_RUN: scrollToElement(findTestObject("OCS-DESKTOP/Customer info page/Return to Cart - Link"), 1)

2019-07-15 13:41:02 - [MESSAGE][NOT_RUN] - NOT_RUN: scrollToElement(findTestObject("OCS-DESKTOP/Customer info page/Return to Cart - Link"), 1)

2019-07-15 13:41:02 - [TEST_STEP][PASSED] - delay(2): Delayed 2 second(s)

2019-07-15 13:41:04 - [MESSAGE][PASSED] - Delayed 2 second(s)

2019-07-15 13:41:04 - [TEST_STEP][PASSED] - click(findTestObject("OCS-DESKTOP/Customer info page/Cart - Breadcrumb link")): Object: 'Object Repository/OCS-DESKTOP/Customer info page/Cart - Breadcrumb link' is clicked on

2019-07-15 13:41:06 - [MESSAGE][PASSED] - Object: 'Object Repository/OCS-DESKTOP/Customer info page/Cart - Breadcrumb link' is clicked on

2019-07-15 13:41:06 - [TEST_STEP][PASSED] - delay(2): Delayed 2 second(s)

2019-07-15 13:41:08 - [MESSAGE][PASSED] - Delayed 2 second(s)

2019-07-15 13:41:08 - [TEST_STEP][PASSED] - a = getText(findTestObject("OCS-DESKTOP/Cart page/Unit price - 1st product")): Text of object 'Object Repository/OCS-DESKTOP/Cart page/Unit price - 1st product' is: '$35.00'

2019-07-15 13:41:08 - [MESSAGE][PASSED] - Text of object 'Object Repository/OCS-DESKTOP/Cart page/Unit price - 1st product' is: '$35.00'

2019-07-15 13:41:08 - [TEST_STEP][PASSED] - comment(a): $35.00

2019-07-15 13:41:08 - [MESSAGE][INFO] - $35.00

2019-07-15 13:41:08 - [TEST_STEP][PASSED] - a1 = a.substring(1): null

2019-07-15 13:41:08 - [TEST_STEP][PASSED] - comment("a1 = " + a1): a1 = 35.00

2019-07-15 13:41:08 - [MESSAGE][INFO] - a1 = 35.00

2019-07-15 13:41:08 - [TEST_STEP][PASSED] - delay(2): Delayed 2 second(s)

2019-07-15 13:41:10 - [MESSAGE][PASSED] - Delayed 2 second(s)

2019-07-15 13:41:10 - [TEST_STEP][PASSED] - b = getText(findTestObject("OCS-DESKTOP/Cart page/Unit price - 2nd product")): Text of object 'Object Repository/OCS-DESKTOP/Cart page/Unit price - 2nd product' is: '$10.50'

2019-07-15 13:41:10 - [MESSAGE][PASSED] - Text of object 'Object Repository/OCS-DESKTOP/Cart page/Unit price - 2nd product' is: '$10.50'

2019-07-15 13:41:10 - [TEST_STEP][PASSED] - comment(b): $10.50

2019-07-15 13:41:10 - [MESSAGE][INFO] - $10.50

2019-07-15 13:41:10 - [TEST_STEP][PASSED] - a2 = b.substring(1): null

2019-07-15 13:41:10 - [TEST_STEP][PASSED] - comment("a2 = " + a2): a2 = 10.50

2019-07-15 13:41:10 - [MESSAGE][INFO] - a2 = 10.50

2019-07-15 13:41:10 - [TEST_STEP][PASSED] - c = getText(findTestObject("OCS-DESKTOP/Cart page/Sub-total")): Text of object 'Object Repository/OCS-DESKTOP/Cart page/Sub-total' is: '$45.50'

2019-07-15 13:41:10 - [MESSAGE][PASSED] - Text of object 'Object Repository/OCS-DESKTOP/Cart page/Sub-total' is: '$45.50'

2019-07-15 13:41:10 - [TEST_STEP][PASSED] - comment(c): $45.50

2019-07-15 13:41:10 - [MESSAGE][INFO] - $45.50

2019-07-15 13:41:10 - [TEST_STEP][PASSED] - a3 = c.substring(1): null

2019-07-15 13:41:10 - [TEST_STEP][PASSED] - comment("a3 = " + a3): a3 = 45.50

2019-07-15 13:41:10 - [MESSAGE][INFO] - a3 = 45.50

2019-07-15 13:41:10 - [TEST_STEP][PASSED] - p2 = <not implemented yet for class: org.codehaus.groovy.ast.expr.EmptyExpression>: null

2019-07-15 13:41:10 - [TEST_STEP][PASSED] - p3 = <not implemented yet for class: org.codehaus.groovy.ast.expr.EmptyExpression>: null

2019-07-15 13:41:10 - [TEST_STEP][PASSED] - try: p2=35.0

2019-07-15 13:41:10 - [TEST_STEP][PASSED] - x1 = a1: null

2019-07-15 13:41:10 - [TEST_STEP][PASSED] - comment("x1=" + x1): x1=35.00

2019-07-15 13:41:10 - [MESSAGE][INFO] - x1=35.00

2019-07-15 13:41:10 - [TEST_STEP][PASSED] - p2 = Double.valueOf(x1): null

2019-07-15 13:41:10 - [TEST_STEP][PASSED] - comment("p2=" + p2): p2=35.0

2019-07-15 13:41:10 - [MESSAGE][INFO] - p2=35.0

2019-07-15 13:41:10 - [TEST_STEP][PASSED] - try: p3=10.5

2019-07-15 13:41:10 - [TEST_STEP][PASSED] - x2 = a2: null

2019-07-15 13:41:10 - [TEST_STEP][PASSED] - comment("x2=" + x2): x2=10.50

2019-07-15 13:41:10 - [MESSAGE][INFO] - x2=10.50

2019-07-15 13:41:10 - [TEST_STEP][PASSED] - p3 = Double.valueOf(x2): null

2019-07-15 13:41:10 - [TEST_STEP][PASSED] - comment("p3=" + p3): p3=10.5

2019-07-15 13:41:10 - [MESSAGE][INFO] - p3=10.5

2019-07-15 13:41:10 - [TEST_STEP][PASSED] - comment("p2=" + p2): p2=35.0

2019-07-15 13:41:10 - [MESSAGE][INFO] - p2=35.0

2019-07-15 13:41:10 - [TEST_STEP][PASSED] - comment("p3=" + p3): p3=10.5

2019-07-15 13:41:10 - [MESSAGE][INFO] - p3=10.5

2019-07-15 13:41:10 - [TEST_STEP][PASSED] - total = p2 + p3: null

2019-07-15 13:41:10 - [TEST_STEP][PASSED] - comment("total=" + total): total=45.5

2019-07-15 13:41:10 - [MESSAGE][INFO] - total=45.5

2019-07-15 13:41:10 - [TEST_STEP][PASSED] - verifyEqual(total, a3): Actual object '45.5' and expected object '45.50' are equal

2019-07-15 13:41:10 - [MESSAGE][PASSED] - Actual object '45.5' and expected object '45.50' are equal

2019-07-15 13:41:10 - [TEST_STEP][PASSED] - click(findTestObject("OCS-DESKTOP/Cart page/Remove icon - 1st Product")): Object: 'Object Repository/OCS-DESKTOP/Cart page/Remove icon - 1st Product' is clicked on

2019-07-15 13:41:12 - [MESSAGE][PASSED] - Object: 'Object Repository/OCS-DESKTOP/Cart page/Remove icon - 1st Product' is clicked on

2019-07-15 13:41:12 - [TEST_STEP][PASSED] - delay(2): Delayed 2 second(s)

2019-07-15 13:41:14 - [MESSAGE][PASSED] - Delayed 2 second(s)

2019-07-15 13:41:14 - [TEST_STEP][PASSED] - c23 = getText(findTestObject("OCS-DESKTOP/Cart page/Sub-total")): Text of object 'Object Repository/OCS-DESKTOP/Cart page/Sub-total' is: '$10.50'

2019-07-15 13:41:14 - [MESSAGE][PASSED] - Text of object 'Object Repository/OCS-DESKTOP/Cart page/Sub-total' is: '$10.50'

2019-07-15 13:41:14 - [TEST_STEP][PASSED] - comment(c23): $10.50

2019-07-15 13:41:14 - [MESSAGE][INFO] - $10.50

2019-07-15 13:41:14 - [TEST_STEP][PASSED] - a4 = c23.substring(1): null

2019-07-15 13:41:14 - [TEST_STEP][PASSED] - comment("a4= " + a4): a4= 10.50

2019-07-15 13:41:14 - [MESSAGE][INFO] - a4= 10.50

2019-07-15 13:41:14 - [TEST_STEP][PASSED] - b25 = getText(findTestObject("OCS-DESKTOP/Cart page/Unit price - 1st product")): Text of object 'Object Repository/OCS-DESKTOP/Cart page/Unit price - 1st product' is: '$10.50'

2019-07-15 13:41:14 - [MESSAGE][PASSED] - Text of object 'Object Repository/OCS-DESKTOP/Cart page/Unit price - 1st product' is: '$10.50'

2019-07-15 13:41:14 - [TEST_STEP][PASSED] - comment(b25): $10.50

2019-07-15 13:41:14 - [MESSAGE][INFO] - $10.50

2019-07-15 13:41:14 - [TEST_STEP][PASSED] - a25 = b25.substring(1): null

2019-07-15 13:41:14 - [TEST_STEP][PASSED] - comment("a25 = " + a25): a25 = 10.50

2019-07-15 13:41:14 - [MESSAGE][INFO] - a25 = 10.50

2019-07-15 13:41:14 - [TEST_STEP][PASSED] - verifyEqual(a4, a25): Actual object '10.50' and expected object '10.50' are equal

2019-07-15 13:41:14 - [MESSAGE][PASSED] - Actual object '10.50' and expected object '10.50' are equal]]></system-out>
         <system-err><![CDATA[]]></system-err>
      </testcase>
      <testcase name="Test Cases/OCS - DESKTOP/OCS- CRITICAL PATH/cart flyout- accessories" classname="Test Cases/OCS - DESKTOP/OCS- CRITICAL PATH/cart flyout- accessories" status="FAILED">
         <failure type="FAILED" message="Test Cases/OCS - DESKTOP/OCS- CRITICAL PATH/cart flyout- accessories FAILED.
Reason:
com.kms.katalon.core.exception.StepFailedException: Unable to click on object 'Object Repository/OCS-DESKTOP/Cart flyout/Up Chevron - Accessories you might need' (Root cause: org.openqa.selenium.ElementNotVisibleException: element not interactable
  (Session info: chrome=75.0.3770.100)
  (Driver info: chromedriver=2.43.600229 (3fae4d0cda5334b4f533bede5a4787f7b832d052),platform=Mac OS X 10.13.6 x86_64) (WARNING: The server did not provide any stacktrace information)
Command duration or timeout: 0 milliseconds
Build info: version: '3.7.1', revision: '8a0099a', time: '2017-11-06T21:07:36.161Z'
System info: host: 'sumans-MacBook-Pro.local', ip: 'fe80:0:0:0:143c:9c68:90ad:a50%en0', os.name: 'Mac OS X', os.arch: 'x86_64', os.version: '10.13.6', java.version: '1.8.0_181'
Driver info: com.kms.katalon.selenium.driver.CChromeDriver
Capabilities {acceptInsecureCerts: false, acceptSslCerts: false, applicationCacheEnabled: false, browserConnectionEnabled: false, browserName: chrome, chrome: {chromedriverVersion: 2.43.600229 (3fae4d0cda5334..., userDataDir: /var/folders/1t/c55l8xzs6gq...}, cssSelectorsEnabled: true, databaseEnabled: false, goog:chromeOptions: {debuggerAddress: localhost:56934}, handlesAlerts: true, hasTouchScreen: false, javascriptEnabled: true, locationContextEnabled: true, mobileEmulationEnabled: false, nativeEvents: true, networkConnectionEnabled: false, pageLoadStrategy: normal, platform: MAC, platformName: MAC, rotatable: false, setWindowRect: true, takesHeapSnapshot: true, takesScreenshot: true, unexpectedAlertBehaviour: , unhandledPromptBehavior: , version: 75.0.3770.100, webStorageEnabled: true}
Session ID: 9ef15739f1fc5e5ade943f31d68197ea)
	at com.kms.katalon.core.keyword.internal.KeywordMain.stepFailed(KeywordMain.groovy:36)
	at com.kms.katalon.core.webui.keyword.internal.WebUIKeywordMain.stepFailed(WebUIKeywordMain.groovy:65)
	at com.kms.katalon.core.webui.keyword.internal.WebUIKeywordMain.runKeyword(WebUIKeywordMain.groovy:27)
	at com.kms.katalon.core.webui.keyword.builtin.ClickKeyword.click(ClickKeyword.groovy:86)
	at com.kms.katalon.core.webui.keyword.builtin.ClickKeyword.execute(ClickKeyword.groovy:67)
	at com.kms.katalon.core.keyword.internal.KeywordExecutor.executeKeywordForPlatform(KeywordExecutor.groovy:53)
	at com.kms.katalon.core.webui.keyword.WebUiBuiltInKeywords.click(WebUiBuiltInKeywords.groovy:616)
	at com.kms.katalon.core.webui.keyword.WebUiBuiltInKeywords$click$4.call(Unknown Source)
	at cart flyout- accessories.run(cart flyout- accessories:40)
	at com.kms.katalon.core.main.ScriptEngine.run(ScriptEngine.java:194)
	at com.kms.katalon.core.main.ScriptEngine.runScriptAsRawText(ScriptEngine.java:119)
	at com.kms.katalon.core.main.TestCaseExecutor.runScript(TestCaseExecutor.java:328)
	at com.kms.katalon.core.main.TestCaseExecutor.doExecute(TestCaseExecutor.java:319)
	at com.kms.katalon.core.main.TestCaseExecutor.processExecutionPhase(TestCaseExecutor.java:298)
	at com.kms.katalon.core.main.TestCaseExecutor.accessMainPhase(TestCaseExecutor.java:290)
	at com.kms.katalon.core.main.TestCaseExecutor.execute(TestCaseExecutor.java:224)
	at com.kms.katalon.core.main.TestSuiteExecutor.accessTestCaseMainPhase(TestSuiteExecutor.java:129)
	at com.kms.katalon.core.main.TestSuiteExecutor.accessTestSuiteMainPhase(TestSuiteExecutor.java:112)
	at com.kms.katalon.core.main.TestSuiteExecutor.execute(TestSuiteExecutor.java:81)
	at com.kms.katalon.core.main.TestCaseMain.startTestSuite(TestCaseMain.java:149)
	at com.kms.katalon.core.main.TestCaseMain$startTestSuite$0.call(Unknown Source)
	at TempTestSuite1563212133201.run(TempTestSuite1563212133201.groovy:36)
"/>
         <system-out><![CDATA[2019-07-15 13:41:14 - [TEST_CASE][FAILED] - Test Cases/OCS - DESKTOP/OCS- CRITICAL PATH/cart flyout- accessories: Test Cases/OCS - DESKTOP/OCS- CRITICAL PATH/cart flyout- accessories FAILED.
Reason:
com.kms.katalon.core.exception.StepFailedException: Unable to click on object 'Object Repository/OCS-DESKTOP/Cart flyout/Up Chevron - Accessories you might need' (Root cause: org.openqa.selenium.ElementNotVisibleException: element not interactable
  (Session info: chrome=75.0.3770.100)
  (Driver info: chromedriver=2.43.600229 (3fae4d0cda5334b4f533bede5a4787f7b832d052),platform=Mac OS X 10.13.6 x86_64) (WARNING: The server did not provide any stacktrace information)
Command duration or timeout: 0 milliseconds
Build info: version: '3.7.1', revision: '8a0099a', time: '2017-11-06T21:07:36.161Z'
System info: host: 'sumans-MacBook-Pro.local', ip: 'fe80:0:0:0:143c:9c68:90ad:a50%en0', os.name: 'Mac OS X', os.arch: 'x86_64', os.version: '10.13.6', java.version: '1.8.0_181'
Driver info: com.kms.katalon.selenium.driver.CChromeDriver
Capabilities {acceptInsecureCerts: false, acceptSslCerts: false, applicationCacheEnabled: false, browserConnectionEnabled: false, browserName: chrome, chrome: {chromedriverVersion: 2.43.600229 (3fae4d0cda5334..., userDataDir: /var/folders/1t/c55l8xzs6gq...}, cssSelectorsEnabled: true, databaseEnabled: false, goog:chromeOptions: {debuggerAddress: localhost:56934}, handlesAlerts: true, hasTouchScreen: false, javascriptEnabled: true, locationContextEnabled: true, mobileEmulationEnabled: false, nativeEvents: true, networkConnectionEnabled: false, pageLoadStrategy: normal, platform: MAC, platformName: MAC, rotatable: false, setWindowRect: true, takesHeapSnapshot: true, takesScreenshot: true, unexpectedAlertBehaviour: , unhandledPromptBehavior: , version: 75.0.3770.100, webStorageEnabled: true}
Session ID: 9ef15739f1fc5e5ade943f31d68197ea)
	at com.kms.katalon.core.keyword.internal.KeywordMain.stepFailed(KeywordMain.groovy:36)
	at com.kms.katalon.core.webui.keyword.internal.WebUIKeywordMain.stepFailed(WebUIKeywordMain.groovy:65)
	at com.kms.katalon.core.webui.keyword.internal.WebUIKeywordMain.runKeyword(WebUIKeywordMain.groovy:27)
	at com.kms.katalon.core.webui.keyword.builtin.ClickKeyword.click(ClickKeyword.groovy:86)
	at com.kms.katalon.core.webui.keyword.builtin.ClickKeyword.execute(ClickKeyword.groovy:67)
	at com.kms.katalon.core.keyword.internal.KeywordExecutor.executeKeywordForPlatform(KeywordExecutor.groovy:53)
	at com.kms.katalon.core.webui.keyword.WebUiBuiltInKeywords.click(WebUiBuiltInKeywords.groovy:616)
	at com.kms.katalon.core.webui.keyword.WebUiBuiltInKeywords$click$4.call(Unknown Source)
	at cart flyout- accessories.run(cart flyout- accessories:40)
	at com.kms.katalon.core.main.ScriptEngine.run(ScriptEngine.java:194)
	at com.kms.katalon.core.main.ScriptEngine.runScriptAsRawText(ScriptEngine.java:119)
	at com.kms.katalon.core.main.TestCaseExecutor.runScript(TestCaseExecutor.java:328)
	at com.kms.katalon.core.main.TestCaseExecutor.doExecute(TestCaseExecutor.java:319)
	at com.kms.katalon.core.main.TestCaseExecutor.processExecutionPhase(TestCaseExecutor.java:298)
	at com.kms.katalon.core.main.TestCaseExecutor.accessMainPhase(TestCaseExecutor.java:290)
	at com.kms.katalon.core.main.TestCaseExecutor.execute(TestCaseExecutor.java:224)
	at com.kms.katalon.core.main.TestSuiteExecutor.accessTestCaseMainPhase(TestSuiteExecutor.java:129)
	at com.kms.katalon.core.main.TestSuiteExecutor.accessTestSuiteMainPhase(TestSuiteExecutor.java:112)
	at com.kms.katalon.core.main.TestSuiteExecutor.execute(TestSuiteExecutor.java:81)
	at com.kms.katalon.core.main.TestCaseMain.startTestSuite(TestCaseMain.java:149)
	at com.kms.katalon.core.main.TestCaseMain$startTestSuite$0.call(Unknown Source)
	at TempTestSuite1563212133201.run(TempTestSuite1563212133201.groovy:36)


2019-07-15 13:41:14 - [TEST_STEP][PASSED] - callTestCase(findTestCase("OCS - DESKTOP/CALL - PDP"), [:], STOP_ON_FAILURE): Call Test Case 'Test Cases/OCS - DESKTOP/CALL - PDP' successfully

2019-07-15 13:41:14 - [TEST_CASE][PASSED] - Test Cases/OCS - DESKTOP/CALL - PDP: Test Cases/OCS - DESKTOP/CALL - PDP

2019-07-15 13:41:14 - [TEST_STEP][PASSED] - openBrowser(""): Browser is opened with url: ''

2019-07-15 13:41:14 - [MESSAGE][WARNING] - A browser is already opened. Closing browser and opening a new one

2019-07-15 13:41:15 - [MESSAGE][INFO] - Starting 'Chrome' driver

2019-07-15 13:41:16 - [MESSAGE][PASSED] - Browser is opened with url: ''

2019-07-15 13:41:16 - [TEST_STEP][PASSED] - navigateToUrl("https://ocs.ca/?fts=0&preview_theme_id=74205529932"): Navigate to 'https://ocs.ca/?fts=0&preview_theme_id=74205529932' successfully

2019-07-15 13:41:21 - [MESSAGE][PASSED] - Navigate to 'https://ocs.ca/?fts=0&preview_theme_id=74205529932' successfully

2019-07-15 13:41:21 - [TEST_STEP][PASSED] - maximizeWindow(): Current window maximized

2019-07-15 13:41:22 - [MESSAGE][PASSED] - Current window maximized

2019-07-15 13:41:22 - [TEST_STEP][PASSED] - executeJavaScript("var previewBar = document.getElementById("preview-bar-iframe"); previewBar.style.display = "none";", []): Execute JavaScript 'var previewBar = document.getElementById("preview-bar-iframe"); previewBar.style.display = "none";' successfully

2019-07-15 13:41:22 - [MESSAGE][PASSED] - Execute JavaScript 'var previewBar = document.getElementById("preview-bar-iframe"); previewBar.style.display = "none";' successfully

2019-07-15 13:41:22 - [TEST_STEP][PASSED] - delay(4): Delayed 4 second(s)

2019-07-15 13:41:26 - [MESSAGE][PASSED] - Delayed 4 second(s)

2019-07-15 13:41:26 - [TEST_STEP][PASSED] - selectOptionByValue(findTestObject("OCS-DESKTOP/Age gate and Mega menu/Date"), "12", true): All options with value '12' are selected in object 'Object Repository/OCS-DESKTOP/Age gate and Mega menu/Date'  using regular expression

2019-07-15 13:41:26 - [MESSAGE][PASSED] - All options with value '12' are selected in object 'Object Repository/OCS-DESKTOP/Age gate and Mega menu/Date'  using regular expression

2019-07-15 13:41:26 - [TEST_STEP][PASSED] - selectOptionByValue(findTestObject("OCS-DESKTOP/Age gate and Mega menu/month"), "6", true): All options with value '6' are selected in object 'Object Repository/OCS-DESKTOP/Age gate and Mega menu/month'  using regular expression

2019-07-15 13:41:26 - [MESSAGE][PASSED] - All options with value '6' are selected in object 'Object Repository/OCS-DESKTOP/Age gate and Mega menu/month'  using regular expression

2019-07-15 13:41:26 - [TEST_STEP][PASSED] - delay(2): Delayed 2 second(s)

2019-07-15 13:41:28 - [MESSAGE][PASSED] - Delayed 2 second(s)

2019-07-15 13:41:28 - [TEST_STEP][PASSED] - selectOptionByValue(findTestObject("OCS-DESKTOP/Age gate and Mega menu/Year Dropdown"), "1990", true): All options with value '1990' are selected in object 'Object Repository/OCS-DESKTOP/Age gate and Mega menu/Year Dropdown'  using regular expression

2019-07-15 13:41:29 - [MESSAGE][PASSED] - All options with value '1990' are selected in object 'Object Repository/OCS-DESKTOP/Age gate and Mega menu/Year Dropdown'  using regular expression

2019-07-15 13:41:29 - [TEST_STEP][PASSED] - click(findTestObject("OCS-DESKTOP/Age gate and Mega menu/button_Verify")): Object: 'Object Repository/OCS-DESKTOP/Age gate and Mega menu/button_Verify' is clicked on

2019-07-15 13:41:29 - [MESSAGE][PASSED] - Object: 'Object Repository/OCS-DESKTOP/Age gate and Mega menu/button_Verify' is clicked on

2019-07-15 13:41:29 - [TEST_STEP][PASSED] - click(findTestObject("OCS-DESKTOP/Age gate and Mega menu/Checkbox_CONFIRM AND ACKNOWLEDGE")): Object: 'Object Repository/OCS-DESKTOP/Age gate and Mega menu/Checkbox_CONFIRM AND ACKNOWLEDGE' is clicked on

2019-07-15 13:41:29 - [MESSAGE][PASSED] - Object: 'Object Repository/OCS-DESKTOP/Age gate and Mega menu/Checkbox_CONFIRM AND ACKNOWLEDGE' is clicked on

2019-07-15 13:41:29 - [TEST_STEP][PASSED] - click(findTestObject("OCS-DESKTOP/Age gate and Mega menu/button_CONFIRM")): Object: 'Object Repository/OCS-DESKTOP/Age gate and Mega menu/button_CONFIRM' is clicked on

2019-07-15 13:41:30 - [MESSAGE][PASSED] - Object: 'Object Repository/OCS-DESKTOP/Age gate and Mega menu/button_CONFIRM' is clicked on

2019-07-15 13:41:30 - [TEST_STEP][PASSED] - click(findTestObject("OCS-DESKTOP/Age gate and Mega menu/button_Start Browsing")): Object: 'Object Repository/OCS-DESKTOP/Age gate and Mega menu/button_Start Browsing' is clicked on

2019-07-15 13:41:30 - [MESSAGE][PASSED] - Object: 'Object Repository/OCS-DESKTOP/Age gate and Mega menu/button_Start Browsing' is clicked on

2019-07-15 13:41:30 - [TEST_STEP][PASSED] - refresh(): Refresh successfully

2019-07-15 13:41:30 - [MESSAGE][PASSED] - Refresh successfully

2019-07-15 13:41:30 - [TEST_STEP][PASSED] - delay(2): Delayed 2 second(s)

2019-07-15 13:41:32 - [MESSAGE][PASSED] - Delayed 2 second(s)

2019-07-15 13:41:32 - [TEST_STEP][PASSED] - click(findTestObject("OCS-DESKTOP/Age gate and Mega menu/Header/CANNABIS menu - English")): Object: 'Object Repository/OCS-DESKTOP/Age gate and Mega menu/Header/CANNABIS menu - English' is clicked on

2019-07-15 13:41:33 - [MESSAGE][PASSED] - Object: 'Object Repository/OCS-DESKTOP/Age gate and Mega menu/Header/CANNABIS menu - English' is clicked on

2019-07-15 13:41:33 - [TEST_STEP][PASSED] - delay(2): Delayed 2 second(s)

2019-07-15 13:41:35 - [MESSAGE][PASSED] - Delayed 2 second(s)

2019-07-15 13:41:35 - [TEST_STEP][PASSED] - click(findTestObject("OCS-DESKTOP/Age gate and Mega menu/Indica Dominant_Menu item")): Object: 'Object Repository/OCS-DESKTOP/Age gate and Mega menu/Indica Dominant_Menu item' is clicked on

2019-07-15 13:41:38 - [MESSAGE][PASSED] - Object: 'Object Repository/OCS-DESKTOP/Age gate and Mega menu/Indica Dominant_Menu item' is clicked on

2019-07-15 13:41:38 - [TEST_STEP][PASSED] - delay(2): Delayed 2 second(s)

2019-07-15 13:41:40 - [MESSAGE][PASSED] - Delayed 2 second(s)

2019-07-15 13:41:40 - [TEST_STEP][PASSED] - scrollToElement(findTestObject("OCS-DESKTOP/Collection page/Product image - 1st one"), 0): Scroll to object 'Object Repository/OCS-DESKTOP/Collection page/Product image - 1st one' successfully

2019-07-15 13:41:40 - [MESSAGE][WARNING] - Timeout '0' is invalid. Using default page load timeout: '30'

2019-07-15 13:41:40 - [MESSAGE][PASSED] - Scroll to object 'Object Repository/OCS-DESKTOP/Collection page/Product image - 1st one' successfully

2019-07-15 13:41:40 - [TEST_STEP][PASSED] - delay(2): Delayed 2 second(s)

2019-07-15 13:41:42 - [MESSAGE][PASSED] - Delayed 2 second(s)

2019-07-15 13:41:42 - [TEST_STEP][PASSED] - click(findTestObject("OCS-DESKTOP/Collection page/Product image - 1st one")): Object: 'Object Repository/OCS-DESKTOP/Collection page/Product image - 1st one' is clicked on

2019-07-15 13:41:46 - [MESSAGE][PASSED] - Object: 'Object Repository/OCS-DESKTOP/Collection page/Product image - 1st one' is clicked on

2019-07-15 13:41:46 - [TEST_STEP][PASSED] - executeJavaScript("var previewBar = document.getElementById("preview-bar-iframe"); previewBar.style.display = "none";", []): Execute JavaScript 'var previewBar = document.getElementById("preview-bar-iframe"); previewBar.style.display = "none";' successfully

2019-07-15 13:41:46 - [MESSAGE][PASSED] - Execute JavaScript 'var previewBar = document.getElementById("preview-bar-iframe"); previewBar.style.display = "none";' successfully

2019-07-15 13:41:46 - [TEST_STEP][PASSED] - delay(2): Delayed 2 second(s)

2019-07-15 13:41:48 - [MESSAGE][PASSED] - Delayed 2 second(s)

2019-07-15 13:41:48 - [MESSAGE][PASSED] - Call Test Case 'Test Cases/OCS - DESKTOP/CALL - PDP' successfully

2019-07-15 13:41:48 - [TEST_STEP][NOT_RUN] - scrollToElement(findTestObject("OCS-DESKTOP/Product page/Product image"), 1): NOT_RUN: scrollToElement(findTestObject("OCS-DESKTOP/Product page/Product image"), 1)

2019-07-15 13:41:48 - [MESSAGE][NOT_RUN] - NOT_RUN: scrollToElement(findTestObject("OCS-DESKTOP/Product page/Product image"), 1)

2019-07-15 13:41:48 - [TEST_STEP][PASSED] - delay(2): Delayed 2 second(s)

2019-07-15 13:41:50 - [MESSAGE][PASSED] - Delayed 2 second(s)

2019-07-15 13:41:50 - [TEST_STEP][PASSED] - click(findTestObject("OCS-DESKTOP/Product page/Swatch_1g")): Object: 'Object Repository/OCS-DESKTOP/Product page/Swatch_1g' is clicked on

2019-07-15 13:41:50 - [MESSAGE][PASSED] - Object: 'Object Repository/OCS-DESKTOP/Product page/Swatch_1g' is clicked on

2019-07-15 13:41:50 - [TEST_STEP][PASSED] - scrollToElement(findTestObject("OCS-DESKTOP/Product page/Swatch_3.5g"), 1): Scroll to object 'Object Repository/OCS-DESKTOP/Product page/Swatch_3.5g' successfully

2019-07-15 13:41:50 - [MESSAGE][PASSED] - Scroll to object 'Object Repository/OCS-DESKTOP/Product page/Swatch_3.5g' successfully

2019-07-15 13:41:50 - [TEST_STEP][PASSED] - delay(2): Delayed 2 second(s)

2019-07-15 13:41:52 - [MESSAGE][PASSED] - Delayed 2 second(s)

2019-07-15 13:41:52 - [TEST_STEP][PASSED] - click(findTestObject("OCS-DESKTOP/Product page/Add to Bag-button")): Object: 'Object Repository/OCS-DESKTOP/Product page/Add to Bag-button' is clicked on

2019-07-15 13:41:52 - [MESSAGE][PASSED] - Object: 'Object Repository/OCS-DESKTOP/Product page/Add to Bag-button' is clicked on

2019-07-15 13:41:52 - [TEST_STEP][PASSED] - delay(1): Delayed 1 second(s)

2019-07-15 13:41:53 - [MESSAGE][PASSED] - Delayed 1 second(s)

2019-07-15 13:41:53 - [TEST_STEP][PASSED] - click(findTestObject("OCS-DESKTOP/Home - page/Cart icon -bag"), OPTIONAL): Object: 'Object Repository/OCS-DESKTOP/Home - page/Cart icon -bag' is clicked on

2019-07-15 13:41:53 - [MESSAGE][PASSED] - Object: 'Object Repository/OCS-DESKTOP/Home - page/Cart icon -bag' is clicked on

2019-07-15 13:41:53 - [TEST_STEP][PASSED] - delay(2): Delayed 2 second(s)

2019-07-15 13:41:55 - [MESSAGE][PASSED] - Delayed 2 second(s)

2019-07-15 13:41:55 - [TEST_STEP][NOT_RUN] - click(findTestObject("OCS-DESKTOP/Theme preview - Hide bar")): NOT_RUN: click(findTestObject("OCS-DESKTOP/Theme preview - Hide bar"))

2019-07-15 13:41:55 - [MESSAGE][NOT_RUN] - NOT_RUN: click(findTestObject("OCS-DESKTOP/Theme preview - Hide bar"))

2019-07-15 13:41:55 - [TEST_STEP][NOT_RUN] - delay(2): NOT_RUN: delay(2)

2019-07-15 13:41:55 - [MESSAGE][NOT_RUN] - NOT_RUN: delay(2)

2019-07-15 13:41:55 - [TEST_STEP][FAILED] - click(findTestObject("OCS-DESKTOP/Cart flyout/Up Chevron - Accessories you might need")): click(findTestObject("OCS-DESKTOP/Cart flyout/Up Chevron - Accessories you might need")) FAILED.
Reason:
com.kms.katalon.core.exception.StepFailedException: Unable to click on object 'Object Repository/OCS-DESKTOP/Cart flyout/Up Chevron - Accessories you might need' (Root cause: org.openqa.selenium.ElementNotVisibleException: element not interactable
  (Session info: chrome=75.0.3770.100)
  (Driver info: chromedriver=2.43.600229 (3fae4d0cda5334b4f533bede5a4787f7b832d052),platform=Mac OS X 10.13.6 x86_64) (WARNING: The server did not provide any stacktrace information)
Command duration or timeout: 0 milliseconds
Build info: version: '3.7.1', revision: '8a0099a', time: '2017-11-06T21:07:36.161Z'
System info: host: 'sumans-MacBook-Pro.local', ip: 'fe80:0:0:0:143c:9c68:90ad:a50%en0', os.name: 'Mac OS X', os.arch: 'x86_64', os.version: '10.13.6', java.version: '1.8.0_181'
Driver info: com.kms.katalon.selenium.driver.CChromeDriver
Capabilities {acceptInsecureCerts: false, acceptSslCerts: false, applicationCacheEnabled: false, browserConnectionEnabled: false, browserName: chrome, chrome: {chromedriverVersion: 2.43.600229 (3fae4d0cda5334..., userDataDir: /var/folders/1t/c55l8xzs6gq...}, cssSelectorsEnabled: true, databaseEnabled: false, goog:chromeOptions: {debuggerAddress: localhost:56934}, handlesAlerts: true, hasTouchScreen: false, javascriptEnabled: true, locationContextEnabled: true, mobileEmulationEnabled: false, nativeEvents: true, networkConnectionEnabled: false, pageLoadStrategy: normal, platform: MAC, platformName: MAC, rotatable: false, setWindowRect: true, takesHeapSnapshot: true, takesScreenshot: true, unexpectedAlertBehaviour: , unhandledPromptBehavior: , version: 75.0.3770.100, webStorageEnabled: true}
Session ID: 9ef15739f1fc5e5ade943f31d68197ea)
	at com.kms.katalon.core.keyword.internal.KeywordMain.stepFailed(KeywordMain.groovy:36)
	at com.kms.katalon.core.webui.keyword.internal.WebUIKeywordMain.stepFailed(WebUIKeywordMain.groovy:65)
	at com.kms.katalon.core.webui.keyword.internal.WebUIKeywordMain.runKeyword(WebUIKeywordMain.groovy:27)
	at com.kms.katalon.core.webui.keyword.builtin.ClickKeyword.click(ClickKeyword.groovy:86)
	at com.kms.katalon.core.webui.keyword.builtin.ClickKeyword.execute(ClickKeyword.groovy:67)
	at com.kms.katalon.core.keyword.internal.KeywordExecutor.executeKeywordForPlatform(KeywordExecutor.groovy:53)
	at com.kms.katalon.core.webui.keyword.WebUiBuiltInKeywords.click(WebUiBuiltInKeywords.groovy:616)
	at com.kms.katalon.core.webui.keyword.WebUiBuiltInKeywords$click$4.call(Unknown Source)
	at cart flyout- accessories.run(cart flyout- accessories:40)
	at com.kms.katalon.core.main.ScriptEngine.run(ScriptEngine.java:194)
	at com.kms.katalon.core.main.ScriptEngine.runScriptAsRawText(ScriptEngine.java:119)
	at com.kms.katalon.core.main.TestCaseExecutor.runScript(TestCaseExecutor.java:328)
	at com.kms.katalon.core.main.TestCaseExecutor.doExecute(TestCaseExecutor.java:319)
	at com.kms.katalon.core.main.TestCaseExecutor.processExecutionPhase(TestCaseExecutor.java:298)
	at com.kms.katalon.core.main.TestCaseExecutor.accessMainPhase(TestCaseExecutor.java:290)
	at com.kms.katalon.core.main.TestCaseExecutor.execute(TestCaseExecutor.java:224)
	at com.kms.katalon.core.main.TestSuiteExecutor.accessTestCaseMainPhase(TestSuiteExecutor.java:129)
	at com.kms.katalon.core.main.TestSuiteExecutor.accessTestSuiteMainPhase(TestSuiteExecutor.java:112)
	at com.kms.katalon.core.main.TestSuiteExecutor.execute(TestSuiteExecutor.java:81)
	at com.kms.katalon.core.main.TestCaseMain.startTestSuite(TestCaseMain.java:149)
	at com.kms.katalon.core.main.TestCaseMain$startTestSuite$0.call(Unknown Source)
	at TempTestSuite1563212133201.run(TempTestSuite1563212133201.groovy:36)


2019-07-15 13:41:56 - [MESSAGE][FAILED] - Unable to click on object 'Object Repository/OCS-DESKTOP/Cart flyout/Up Chevron - Accessories you might need' (Root cause: org.openqa.selenium.ElementNotVisibleException: element not interactable
  (Session info: chrome=75.0.3770.100)
  (Driver info: chromedriver=2.43.600229 (3fae4d0cda5334b4f533bede5a4787f7b832d052),platform=Mac OS X 10.13.6 x86_64) (WARNING: The server did not provide any stacktrace information)
Command duration or timeout: 0 milliseconds
Build info: version: '3.7.1', revision: '8a0099a', time: '2017-11-06T21:07:36.161Z'
System info: host: 'sumans-MacBook-Pro.local', ip: 'fe80:0:0:0:143c:9c68:90ad:a50%en0', os.name: 'Mac OS X', os.arch: 'x86_64', os.version: '10.13.6', java.version: '1.8.0_181'
Driver info: com.kms.katalon.selenium.driver.CChromeDriver
Capabilities {acceptInsecureCerts: false, acceptSslCerts: false, applicationCacheEnabled: false, browserConnectionEnabled: false, browserName: chrome, chrome: {chromedriverVersion: 2.43.600229 (3fae4d0cda5334..., userDataDir: /var/folders/1t/c55l8xzs6gq...}, cssSelectorsEnabled: true, databaseEnabled: false, goog:chromeOptions: {debuggerAddress: localhost:56934}, handlesAlerts: true, hasTouchScreen: false, javascriptEnabled: true, locationContextEnabled: true, mobileEmulationEnabled: false, nativeEvents: true, networkConnectionEnabled: false, pageLoadStrategy: normal, platform: MAC, platformName: MAC, rotatable: false, setWindowRect: true, takesHeapSnapshot: true, takesScreenshot: true, unexpectedAlertBehaviour: , unhandledPromptBehavior: , version: 75.0.3770.100, webStorageEnabled: true}
Session ID: 9ef15739f1fc5e5ade943f31d68197ea)
[[ATTACHMENT|/Users/sumankompelly/git/OCS--Relative-xpath-Desktop/Reports/Suite - Chrome/20190715_133533/1563212515479.png]]

2019-07-15 13:41:56 - [MESSAGE][FAILED] - click(findTestObject("OCS-DESKTOP/Cart flyout/Up Chevron - Accessories you might need")) FAILED.
Reason:
com.kms.katalon.core.exception.StepFailedException: Unable to click on object 'Object Repository/OCS-DESKTOP/Cart flyout/Up Chevron - Accessories you might need' (Root cause: org.openqa.selenium.ElementNotVisibleException: element not interactable
  (Session info: chrome=75.0.3770.100)
  (Driver info: chromedriver=2.43.600229 (3fae4d0cda5334b4f533bede5a4787f7b832d052),platform=Mac OS X 10.13.6 x86_64) (WARNING: The server did not provide any stacktrace information)
Command duration or timeout: 0 milliseconds
Build info: version: '3.7.1', revision: '8a0099a', time: '2017-11-06T21:07:36.161Z'
System info: host: 'sumans-MacBook-Pro.local', ip: 'fe80:0:0:0:143c:9c68:90ad:a50%en0', os.name: 'Mac OS X', os.arch: 'x86_64', os.version: '10.13.6', java.version: '1.8.0_181'
Driver info: com.kms.katalon.selenium.driver.CChromeDriver
Capabilities {acceptInsecureCerts: false, acceptSslCerts: false, applicationCacheEnabled: false, browserConnectionEnabled: false, browserName: chrome, chrome: {chromedriverVersion: 2.43.600229 (3fae4d0cda5334..., userDataDir: /var/folders/1t/c55l8xzs6gq...}, cssSelectorsEnabled: true, databaseEnabled: false, goog:chromeOptions: {debuggerAddress: localhost:56934}, handlesAlerts: true, hasTouchScreen: false, javascriptEnabled: true, locationContextEnabled: true, mobileEmulationEnabled: false, nativeEvents: true, networkConnectionEnabled: false, pageLoadStrategy: normal, platform: MAC, platformName: MAC, rotatable: false, setWindowRect: true, takesHeapSnapshot: true, takesScreenshot: true, unexpectedAlertBehaviour: , unhandledPromptBehavior: , version: 75.0.3770.100, webStorageEnabled: true}
Session ID: 9ef15739f1fc5e5ade943f31d68197ea)
	at com.kms.katalon.core.keyword.internal.KeywordMain.stepFailed(KeywordMain.groovy:36)
	at com.kms.katalon.core.webui.keyword.internal.WebUIKeywordMain.stepFailed(WebUIKeywordMain.groovy:65)
	at com.kms.katalon.core.webui.keyword.internal.WebUIKeywordMain.runKeyword(WebUIKeywordMain.groovy:27)
	at com.kms.katalon.core.webui.keyword.builtin.ClickKeyword.click(ClickKeyword.groovy:86)
	at com.kms.katalon.core.webui.keyword.builtin.ClickKeyword.execute(ClickKeyword.groovy:67)
	at com.kms.katalon.core.keyword.internal.KeywordExecutor.executeKeywordForPlatform(KeywordExecutor.groovy:53)
	at com.kms.katalon.core.webui.keyword.WebUiBuiltInKeywords.click(WebUiBuiltInKeywords.groovy:616)
	at com.kms.katalon.core.webui.keyword.WebUiBuiltInKeywords$click$4.call(Unknown Source)
	at cart flyout- accessories.run(cart flyout- accessories:40)
	at com.kms.katalon.core.main.ScriptEngine.run(ScriptEngine.java:194)
	at com.kms.katalon.core.main.ScriptEngine.runScriptAsRawText(ScriptEngine.java:119)
	at com.kms.katalon.core.main.TestCaseExecutor.runScript(TestCaseExecutor.java:328)
	at com.kms.katalon.core.main.TestCaseExecutor.doExecute(TestCaseExecutor.java:319)
	at com.kms.katalon.core.main.TestCaseExecutor.processExecutionPhase(TestCaseExecutor.java:298)
	at com.kms.katalon.core.main.TestCaseExecutor.accessMainPhase(TestCaseExecutor.java:290)
	at com.kms.katalon.core.main.TestCaseExecutor.execute(TestCaseExecutor.java:224)
	at com.kms.katalon.core.main.TestSuiteExecutor.accessTestCaseMainPhase(TestSuiteExecutor.java:129)
	at com.kms.katalon.core.main.TestSuiteExecutor.accessTestSuiteMainPhase(TestSuiteExecutor.java:112)
	at com.kms.katalon.core.main.TestSuiteExecutor.execute(TestSuiteExecutor.java:81)
	at com.kms.katalon.core.main.TestCaseMain.startTestSuite(TestCaseMain.java:149)
	at com.kms.katalon.core.main.TestCaseMain$startTestSuite$0.call(Unknown Source)
	at TempTestSuite1563212133201.run(TempTestSuite1563212133201.groovy:36)]]></system-out>
         <system-err><![CDATA[2019-07-15 13:41:14 - [TEST_CASE][FAILED] - Test Cases/OCS - DESKTOP/OCS- CRITICAL PATH/cart flyout- accessories: Test Cases/OCS - DESKTOP/OCS- CRITICAL PATH/cart flyout- accessories FAILED.
Reason:
com.kms.katalon.core.exception.StepFailedException: Unable to click on object 'Object Repository/OCS-DESKTOP/Cart flyout/Up Chevron - Accessories you might need' (Root cause: org.openqa.selenium.ElementNotVisibleException: element not interactable
  (Session info: chrome=75.0.3770.100)
  (Driver info: chromedriver=2.43.600229 (3fae4d0cda5334b4f533bede5a4787f7b832d052),platform=Mac OS X 10.13.6 x86_64) (WARNING: The server did not provide any stacktrace information)
Command duration or timeout: 0 milliseconds
Build info: version: '3.7.1', revision: '8a0099a', time: '2017-11-06T21:07:36.161Z'
System info: host: 'sumans-MacBook-Pro.local', ip: 'fe80:0:0:0:143c:9c68:90ad:a50%en0', os.name: 'Mac OS X', os.arch: 'x86_64', os.version: '10.13.6', java.version: '1.8.0_181'
Driver info: com.kms.katalon.selenium.driver.CChromeDriver
Capabilities {acceptInsecureCerts: false, acceptSslCerts: false, applicationCacheEnabled: false, browserConnectionEnabled: false, browserName: chrome, chrome: {chromedriverVersion: 2.43.600229 (3fae4d0cda5334..., userDataDir: /var/folders/1t/c55l8xzs6gq...}, cssSelectorsEnabled: true, databaseEnabled: false, goog:chromeOptions: {debuggerAddress: localhost:56934}, handlesAlerts: true, hasTouchScreen: false, javascriptEnabled: true, locationContextEnabled: true, mobileEmulationEnabled: false, nativeEvents: true, networkConnectionEnabled: false, pageLoadStrategy: normal, platform: MAC, platformName: MAC, rotatable: false, setWindowRect: true, takesHeapSnapshot: true, takesScreenshot: true, unexpectedAlertBehaviour: , unhandledPromptBehavior: , version: 75.0.3770.100, webStorageEnabled: true}
Session ID: 9ef15739f1fc5e5ade943f31d68197ea)
	at com.kms.katalon.core.keyword.internal.KeywordMain.stepFailed(KeywordMain.groovy:36)
	at com.kms.katalon.core.webui.keyword.internal.WebUIKeywordMain.stepFailed(WebUIKeywordMain.groovy:65)
	at com.kms.katalon.core.webui.keyword.internal.WebUIKeywordMain.runKeyword(WebUIKeywordMain.groovy:27)
	at com.kms.katalon.core.webui.keyword.builtin.ClickKeyword.click(ClickKeyword.groovy:86)
	at com.kms.katalon.core.webui.keyword.builtin.ClickKeyword.execute(ClickKeyword.groovy:67)
	at com.kms.katalon.core.keyword.internal.KeywordExecutor.executeKeywordForPlatform(KeywordExecutor.groovy:53)
	at com.kms.katalon.core.webui.keyword.WebUiBuiltInKeywords.click(WebUiBuiltInKeywords.groovy:616)
	at com.kms.katalon.core.webui.keyword.WebUiBuiltInKeywords$click$4.call(Unknown Source)
	at cart flyout- accessories.run(cart flyout- accessories:40)
	at com.kms.katalon.core.main.ScriptEngine.run(ScriptEngine.java:194)
	at com.kms.katalon.core.main.ScriptEngine.runScriptAsRawText(ScriptEngine.java:119)
	at com.kms.katalon.core.main.TestCaseExecutor.runScript(TestCaseExecutor.java:328)
	at com.kms.katalon.core.main.TestCaseExecutor.doExecute(TestCaseExecutor.java:319)
	at com.kms.katalon.core.main.TestCaseExecutor.processExecutionPhase(TestCaseExecutor.java:298)
	at com.kms.katalon.core.main.TestCaseExecutor.accessMainPhase(TestCaseExecutor.java:290)
	at com.kms.katalon.core.main.TestCaseExecutor.execute(TestCaseExecutor.java:224)
	at com.kms.katalon.core.main.TestSuiteExecutor.accessTestCaseMainPhase(TestSuiteExecutor.java:129)
	at com.kms.katalon.core.main.TestSuiteExecutor.accessTestSuiteMainPhase(TestSuiteExecutor.java:112)
	at com.kms.katalon.core.main.TestSuiteExecutor.execute(TestSuiteExecutor.java:81)
	at com.kms.katalon.core.main.TestCaseMain.startTestSuite(TestCaseMain.java:149)
	at com.kms.katalon.core.main.TestCaseMain$startTestSuite$0.call(Unknown Source)
	at TempTestSuite1563212133201.run(TempTestSuite1563212133201.groovy:36)]]></system-err>
      </testcase>
      <testcase name="Test Cases/OCS - DESKTOP/OCS- CRITICAL PATH/Cart flyout-price comparison" classname="Test Cases/OCS - DESKTOP/OCS- CRITICAL PATH/Cart flyout-price comparison" status="PASSED">
         <system-out><![CDATA[2019-07-15 13:41:56 - [TEST_CASE][PASSED] - Test Cases/OCS - DESKTOP/OCS- CRITICAL PATH/Cart flyout-price comparison: Test Cases/OCS - DESKTOP/OCS- CRITICAL PATH/Cart flyout-price comparison

2019-07-15 13:41:56 - [TEST_STEP][PASSED] - callTestCase(findTestCase("OCS - DESKTOP/CALL - Navigate to PDP"), [:], STOP_ON_FAILURE): Call Test Case 'Test Cases/OCS - DESKTOP/CALL - Navigate to PDP' successfully

2019-07-15 13:41:56 - [TEST_CASE][PASSED] - Test Cases/OCS - DESKTOP/CALL - Navigate to PDP: Test Cases/OCS - DESKTOP/CALL - Navigate to PDP

2019-07-15 13:41:56 - [TEST_STEP][PASSED] - openBrowser(""): Browser is opened with url: ''

2019-07-15 13:41:56 - [MESSAGE][WARNING] - A browser is already opened. Closing browser and opening a new one

2019-07-15 13:41:57 - [MESSAGE][INFO] - Starting 'Chrome' driver

2019-07-15 13:41:58 - [MESSAGE][PASSED] - Browser is opened with url: ''

2019-07-15 13:41:58 - [TEST_STEP][PASSED] - maximizeWindow(): Current window maximized

2019-07-15 13:41:58 - [MESSAGE][PASSED] - Current window maximized

2019-07-15 13:41:58 - [TEST_STEP][PASSED] - navigateToUrl("https://ocs.ca/?fts=0&preview_theme_id=74205529932"): Navigate to 'https://ocs.ca/?fts=0&preview_theme_id=74205529932' successfully

2019-07-15 13:42:03 - [MESSAGE][PASSED] - Navigate to 'https://ocs.ca/?fts=0&preview_theme_id=74205529932' successfully

2019-07-15 13:42:03 - [TEST_STEP][PASSED] - executeJavaScript("var previewBar = document.getElementById("preview-bar-iframe"); previewBar.style.display = "none";", []): Execute JavaScript 'var previewBar = document.getElementById("preview-bar-iframe"); previewBar.style.display = "none";' successfully

2019-07-15 13:42:03 - [MESSAGE][PASSED] - Execute JavaScript 'var previewBar = document.getElementById("preview-bar-iframe"); previewBar.style.display = "none";' successfully

2019-07-15 13:42:03 - [TEST_STEP][PASSED] - delay(4): Delayed 4 second(s)

2019-07-15 13:42:07 - [MESSAGE][PASSED] - Delayed 4 second(s)

2019-07-15 13:42:07 - [TEST_STEP][PASSED] - selectOptionByValue(findTestObject("OCS-DESKTOP/Age gate and Mega menu/Date"), "12", true): All options with value '12' are selected in object 'Object Repository/OCS-DESKTOP/Age gate and Mega menu/Date'  using regular expression

2019-07-15 13:42:07 - [MESSAGE][PASSED] - All options with value '12' are selected in object 'Object Repository/OCS-DESKTOP/Age gate and Mega menu/Date'  using regular expression

2019-07-15 13:42:07 - [TEST_STEP][PASSED] - selectOptionByValue(findTestObject("OCS-DESKTOP/Age gate and Mega menu/month"), "6", true): All options with value '6' are selected in object 'Object Repository/OCS-DESKTOP/Age gate and Mega menu/month'  using regular expression

2019-07-15 13:42:07 - [MESSAGE][PASSED] - All options with value '6' are selected in object 'Object Repository/OCS-DESKTOP/Age gate and Mega menu/month'  using regular expression

2019-07-15 13:42:07 - [TEST_STEP][PASSED] - delay(2): Delayed 2 second(s)

2019-07-15 13:42:09 - [MESSAGE][PASSED] - Delayed 2 second(s)

2019-07-15 13:42:09 - [TEST_STEP][PASSED] - selectOptionByValue(findTestObject("OCS-DESKTOP/Age gate and Mega menu/Year Dropdown"), "1990", true): All options with value '1990' are selected in object 'Object Repository/OCS-DESKTOP/Age gate and Mega menu/Year Dropdown'  using regular expression

2019-07-15 13:42:11 - [MESSAGE][PASSED] - All options with value '1990' are selected in object 'Object Repository/OCS-DESKTOP/Age gate and Mega menu/Year Dropdown'  using regular expression

2019-07-15 13:42:11 - [TEST_STEP][PASSED] - click(findTestObject("OCS-DESKTOP/Age gate and Mega menu/button_Verify")): Object: 'Object Repository/OCS-DESKTOP/Age gate and Mega menu/button_Verify' is clicked on

2019-07-15 13:42:11 - [MESSAGE][PASSED] - Object: 'Object Repository/OCS-DESKTOP/Age gate and Mega menu/button_Verify' is clicked on

2019-07-15 13:42:11 - [TEST_STEP][PASSED] - click(findTestObject("OCS-DESKTOP/Age gate and Mega menu/Checkbox_CONFIRM AND ACKNOWLEDGE")): Object: 'Object Repository/OCS-DESKTOP/Age gate and Mega menu/Checkbox_CONFIRM AND ACKNOWLEDGE' is clicked on

2019-07-15 13:42:11 - [MESSAGE][PASSED] - Object: 'Object Repository/OCS-DESKTOP/Age gate and Mega menu/Checkbox_CONFIRM AND ACKNOWLEDGE' is clicked on

2019-07-15 13:42:11 - [TEST_STEP][PASSED] - click(findTestObject("OCS-DESKTOP/Age gate and Mega menu/button_CONFIRM")): Object: 'Object Repository/OCS-DESKTOP/Age gate and Mega menu/button_CONFIRM' is clicked on

2019-07-15 13:42:11 - [MESSAGE][PASSED] - Object: 'Object Repository/OCS-DESKTOP/Age gate and Mega menu/button_CONFIRM' is clicked on

2019-07-15 13:42:11 - [TEST_STEP][PASSED] - click(findTestObject("OCS-DESKTOP/Age gate and Mega menu/button_Start Browsing")): Object: 'Object Repository/OCS-DESKTOP/Age gate and Mega menu/button_Start Browsing' is clicked on

2019-07-15 13:42:12 - [MESSAGE][PASSED] - Object: 'Object Repository/OCS-DESKTOP/Age gate and Mega menu/button_Start Browsing' is clicked on

2019-07-15 13:42:12 - [TEST_STEP][PASSED] - delay(2): Delayed 2 second(s)

2019-07-15 13:42:14 - [MESSAGE][PASSED] - Delayed 2 second(s)

2019-07-15 13:42:14 - [TEST_STEP][PASSED] - navigateToUrl("https://ocs.ca/products/la-confidential"): Navigate to 'https://ocs.ca/products/la-confidential' successfully

2019-07-15 13:42:18 - [MESSAGE][PASSED] - Navigate to 'https://ocs.ca/products/la-confidential' successfully

2019-07-15 13:42:18 - [TEST_STEP][PASSED] - executeJavaScript("var previewBar = document.getElementById("preview-bar-iframe"); previewBar.style.display = "none";", []): Execute JavaScript 'var previewBar = document.getElementById("preview-bar-iframe"); previewBar.style.display = "none";' successfully

2019-07-15 13:42:18 - [MESSAGE][PASSED] - Execute JavaScript 'var previewBar = document.getElementById("preview-bar-iframe"); previewBar.style.display = "none";' successfully

2019-07-15 13:42:18 - [MESSAGE][PASSED] - Call Test Case 'Test Cases/OCS - DESKTOP/CALL - Navigate to PDP' successfully

2019-07-15 13:42:18 - [TEST_STEP][NOT_RUN] - scrollToElement(findTestObject("OCS-DESKTOP/Product page/Product image"), 1): NOT_RUN: scrollToElement(findTestObject("OCS-DESKTOP/Product page/Product image"), 1)

2019-07-15 13:42:18 - [MESSAGE][NOT_RUN] - NOT_RUN: scrollToElement(findTestObject("OCS-DESKTOP/Product page/Product image"), 1)

2019-07-15 13:42:18 - [TEST_STEP][PASSED] - delay(2): Delayed 2 second(s)

2019-07-15 13:42:20 - [MESSAGE][PASSED] - Delayed 2 second(s)

2019-07-15 13:42:20 - [TEST_STEP][NOT_RUN] - flag = verifyElementPresent(findTestObject("OCS-DESKTOP/Product page/Swatch_3.5g"), 0): NOT_RUN: flag = verifyElementPresent(findTestObject("OCS-DESKTOP/Product page/Swatch_3.5g"), 0)

2019-07-15 13:42:20 - [MESSAGE][NOT_RUN] - NOT_RUN: flag = verifyElementPresent(findTestObject("OCS-DESKTOP/Product page/Swatch_3.5g"), 0)

2019-07-15 13:42:20 - [TEST_STEP][NOT_RUN] - comment(" flag=" + flag): NOT_RUN: comment(" flag=" + flag)

2019-07-15 13:42:20 - [MESSAGE][NOT_RUN] - NOT_RUN: comment(" flag=" + flag)

2019-07-15 13:42:20 - [TEST_STEP][PASSED] - takeScreenshot(): Taking screenshot successfully

2019-07-15 13:42:21 - [MESSAGE][PASSED] - Taking screenshot successfully
[[ATTACHMENT|/Users/sumankompelly/git/OCS--Relative-xpath-Desktop/Reports/Suite - Chrome/20190715_133533/1563212540526.png]]

2019-07-15 13:42:21 - [TEST_STEP][NOT_RUN] - scrollToElement(findTestObject("OCS-DESKTOP/Product page/Swatch_3.5g"), 1): NOT_RUN: scrollToElement(findTestObject("OCS-DESKTOP/Product page/Swatch_3.5g"), 1)

2019-07-15 13:42:21 - [MESSAGE][NOT_RUN] - NOT_RUN: scrollToElement(findTestObject("OCS-DESKTOP/Product page/Swatch_3.5g"), 1)

2019-07-15 13:42:21 - [TEST_STEP][PASSED] - click(findTestObject("OCS-DESKTOP/Product page/Swatch_1g"), CONTINUE_ON_FAILURE): Object: 'Object Repository/OCS-DESKTOP/Product page/Swatch_1g' is clicked on

2019-07-15 13:42:21 - [MESSAGE][PASSED] - Object: 'Object Repository/OCS-DESKTOP/Product page/Swatch_1g' is clicked on

2019-07-15 13:42:21 - [TEST_STEP][NOT_RUN] - delay(2): NOT_RUN: delay(2)

2019-07-15 13:42:21 - [MESSAGE][NOT_RUN] - NOT_RUN: delay(2)

2019-07-15 13:42:21 - [TEST_STEP][NOT_RUN] - click(findTestObject("OCS-DESKTOP/Theme preview - Hide bar"), OPTIONAL): NOT_RUN: click(findTestObject("OCS-DESKTOP/Theme preview - Hide bar"), OPTIONAL)

2019-07-15 13:42:21 - [MESSAGE][NOT_RUN] - NOT_RUN: click(findTestObject("OCS-DESKTOP/Theme preview - Hide bar"), OPTIONAL)

2019-07-15 13:42:21 - [TEST_STEP][PASSED] - delay(2, OPTIONAL): Delayed 2 second(s)

2019-07-15 13:42:23 - [MESSAGE][PASSED] - Delayed 2 second(s)

2019-07-15 13:42:23 - [TEST_STEP][PASSED] - click(findTestObject("OCS-DESKTOP/Product page/Add to Bag-button")): Object: 'Object Repository/OCS-DESKTOP/Product page/Add to Bag-button' is clicked on

2019-07-15 13:42:23 - [MESSAGE][PASSED] - Object: 'Object Repository/OCS-DESKTOP/Product page/Add to Bag-button' is clicked on

2019-07-15 13:42:23 - [TEST_STEP][PASSED] - delay(1): Delayed 1 second(s)

2019-07-15 13:42:24 - [MESSAGE][PASSED] - Delayed 1 second(s)

2019-07-15 13:42:24 - [TEST_STEP][NOT_RUN] - click(findTestObject("OCS-DESKTOP/Cart flyout/Back icon")): NOT_RUN: click(findTestObject("OCS-DESKTOP/Cart flyout/Back icon"))

2019-07-15 13:42:24 - [MESSAGE][NOT_RUN] - NOT_RUN: click(findTestObject("OCS-DESKTOP/Cart flyout/Back icon"))

2019-07-15 13:42:24 - [TEST_STEP][PASSED] - delay(2): Delayed 2 second(s)

2019-07-15 13:42:26 - [MESSAGE][PASSED] - Delayed 2 second(s)

2019-07-15 13:42:26 - [TEST_STEP][NOT_RUN] - click(findTestObject("OCS-DESKTOP/Age gate and Mega menu/Header/CANNABIS menu - English")): NOT_RUN: click(findTestObject("OCS-DESKTOP/Age gate and Mega menu/Header/CANNABIS menu - English"))

2019-07-15 13:42:26 - [MESSAGE][NOT_RUN] - NOT_RUN: click(findTestObject("OCS-DESKTOP/Age gate and Mega menu/Header/CANNABIS menu - English"))

2019-07-15 13:42:26 - [TEST_STEP][NOT_RUN] - delay(2): NOT_RUN: delay(2)

2019-07-15 13:42:26 - [MESSAGE][NOT_RUN] - NOT_RUN: delay(2)

2019-07-15 13:42:26 - [TEST_STEP][NOT_RUN] - click(findTestObject("OCS-DESKTOP/Age gate and Mega menu/Chevron_Cannabis")): NOT_RUN: click(findTestObject("OCS-DESKTOP/Age gate and Mega menu/Chevron_Cannabis"))

2019-07-15 13:42:26 - [MESSAGE][NOT_RUN] - NOT_RUN: click(findTestObject("OCS-DESKTOP/Age gate and Mega menu/Chevron_Cannabis"))

2019-07-15 13:42:26 - [TEST_STEP][NOT_RUN] - delay(2): NOT_RUN: delay(2)

2019-07-15 13:42:26 - [MESSAGE][NOT_RUN] - NOT_RUN: delay(2)

2019-07-15 13:42:26 - [TEST_STEP][NOT_RUN] - click(findTestObject("OCS-DESKTOP/Age gate and Mega menu/Dried Flower_Plus icon")): NOT_RUN: click(findTestObject("OCS-DESKTOP/Age gate and Mega menu/Dried Flower_Plus icon"))

2019-07-15 13:42:26 - [MESSAGE][NOT_RUN] - NOT_RUN: click(findTestObject("OCS-DESKTOP/Age gate and Mega menu/Dried Flower_Plus icon"))

2019-07-15 13:42:26 - [TEST_STEP][NOT_RUN] - delay(2): NOT_RUN: delay(2)

2019-07-15 13:42:26 - [MESSAGE][NOT_RUN] - NOT_RUN: delay(2)

2019-07-15 13:42:26 - [TEST_STEP][NOT_RUN] - click(findTestObject("OCS-DESKTOP/Age gate and Mega menu/Indica Dominant_Menu item")): NOT_RUN: click(findTestObject("OCS-DESKTOP/Age gate and Mega menu/Indica Dominant_Menu item"))

2019-07-15 13:42:26 - [MESSAGE][NOT_RUN] - NOT_RUN: click(findTestObject("OCS-DESKTOP/Age gate and Mega menu/Indica Dominant_Menu item"))

2019-07-15 13:42:26 - [TEST_STEP][NOT_RUN] - click(findTestObject("OCS-DESKTOP/Collection page/Product image - 2nd one")): NOT_RUN: click(findTestObject("OCS-DESKTOP/Collection page/Product image - 2nd one"))

2019-07-15 13:42:26 - [MESSAGE][NOT_RUN] - NOT_RUN: click(findTestObject("OCS-DESKTOP/Collection page/Product image - 2nd one"))

2019-07-15 13:42:26 - [TEST_STEP][PASSED] - delay(2): Delayed 2 second(s)

2019-07-15 13:42:28 - [MESSAGE][PASSED] - Delayed 2 second(s)

2019-07-15 13:42:28 - [TEST_STEP][NOT_RUN] - navigateToUrl("https://ocs.ca/products/la-confidential"): NOT_RUN: navigateToUrl("https://ocs.ca/products/la-confidential")

2019-07-15 13:42:28 - [MESSAGE][NOT_RUN] - NOT_RUN: navigateToUrl("https://ocs.ca/products/la-confidential")

2019-07-15 13:42:28 - [TEST_STEP][PASSED] - delay(2): Delayed 2 second(s)

2019-07-15 13:42:30 - [MESSAGE][PASSED] - Delayed 2 second(s)

2019-07-15 13:42:30 - [TEST_STEP][PASSED] - takeScreenshot(): Taking screenshot successfully

2019-07-15 13:42:31 - [MESSAGE][PASSED] - Taking screenshot successfully
[[ATTACHMENT|/Users/sumankompelly/git/OCS--Relative-xpath-Desktop/Reports/Suite - Chrome/20190715_133533/1563212550432.png]]

2019-07-15 13:42:31 - [TEST_STEP][PASSED] - delay(2): Delayed 2 second(s)

2019-07-15 13:42:33 - [MESSAGE][PASSED] - Delayed 2 second(s)

2019-07-15 13:42:33 - [TEST_STEP][PASSED] - click(findTestObject("OCS-DESKTOP/Product page/Swatch_3.5g")): Object: 'Object Repository/OCS-DESKTOP/Product page/Swatch_3.5g' is clicked on

2019-07-15 13:42:33 - [MESSAGE][PASSED] - Object: 'Object Repository/OCS-DESKTOP/Product page/Swatch_3.5g' is clicked on

2019-07-15 13:42:33 - [TEST_STEP][PASSED] - delay(2): Delayed 2 second(s)

2019-07-15 13:42:35 - [MESSAGE][PASSED] - Delayed 2 second(s)

2019-07-15 13:42:35 - [TEST_STEP][PASSED] - click(findTestObject("OCS-DESKTOP/Product page/Add to Bag-button")): Object: 'Object Repository/OCS-DESKTOP/Product page/Add to Bag-button' is clicked on

2019-07-15 13:42:35 - [MESSAGE][PASSED] - Object: 'Object Repository/OCS-DESKTOP/Product page/Add to Bag-button' is clicked on

2019-07-15 13:42:35 - [TEST_STEP][PASSED] - delay(1): Delayed 1 second(s)

2019-07-15 13:42:36 - [MESSAGE][PASSED] - Delayed 1 second(s)

2019-07-15 13:42:36 - [TEST_STEP][PASSED] - click(findTestObject("OCS-DESKTOP/Home - page/Cart icon -bag"), OPTIONAL): Object: 'Object Repository/OCS-DESKTOP/Home - page/Cart icon -bag' is clicked on

2019-07-15 13:42:36 - [MESSAGE][PASSED] - Object: 'Object Repository/OCS-DESKTOP/Home - page/Cart icon -bag' is clicked on

2019-07-15 13:42:36 - [TEST_STEP][NOT_RUN] - delay(2): NOT_RUN: delay(2)

2019-07-15 13:42:36 - [MESSAGE][NOT_RUN] - NOT_RUN: delay(2)

2019-07-15 13:42:36 - [TEST_STEP][NOT_RUN] - click(findTestObject("OCS-DESKTOP/Theme preview - Hide bar")): NOT_RUN: click(findTestObject("OCS-DESKTOP/Theme preview - Hide bar"))

2019-07-15 13:42:36 - [MESSAGE][NOT_RUN] - NOT_RUN: click(findTestObject("OCS-DESKTOP/Theme preview - Hide bar"))

2019-07-15 13:42:36 - [TEST_STEP][PASSED] - a = getText(findTestObject("OCS-DESKTOP/Cart flyout/Unit price - 1st Product")): Text of object 'Object Repository/OCS-DESKTOP/Cart flyout/Unit price - 1st Product' is: '$35.00'

2019-07-15 13:42:36 - [MESSAGE][PASSED] - Text of object 'Object Repository/OCS-DESKTOP/Cart flyout/Unit price - 1st Product' is: '$35.00'

2019-07-15 13:42:36 - [TEST_STEP][PASSED] - delay(2): Delayed 2 second(s)

2019-07-15 13:42:38 - [MESSAGE][PASSED] - Delayed 2 second(s)

2019-07-15 13:42:38 - [TEST_STEP][PASSED] - comment("a=" + a): a=$35.00

2019-07-15 13:42:38 - [MESSAGE][INFO] - a=$35.00

2019-07-15 13:42:38 - [TEST_STEP][PASSED] - without = a.substring(1): null

2019-07-15 13:42:38 - [TEST_STEP][PASSED] - comment("without = " + without): without = 35.00

2019-07-15 13:42:38 - [MESSAGE][INFO] - without = 35.00

2019-07-15 13:42:38 - [TEST_STEP][PASSED] - last = without.substring(0, without.length() - 1): null

2019-07-15 13:42:38 - [TEST_STEP][PASSED] - comment("last=" + last): last=35.0

2019-07-15 13:42:38 - [MESSAGE][INFO] - last=35.0

2019-07-15 13:42:38 - [TEST_STEP][PASSED] - delay(2): Delayed 2 second(s)

2019-07-15 13:42:40 - [MESSAGE][PASSED] - Delayed 2 second(s)

2019-07-15 13:42:40 - [TEST_STEP][PASSED] - k = getText(findTestObject("OCS-DESKTOP/Cart flyout/Unit price - 2nd Product")): Text of object 'Object Repository/OCS-DESKTOP/Cart flyout/Unit price - 2nd Product' is: '$10.50'

2019-07-15 13:42:40 - [MESSAGE][PASSED] - Text of object 'Object Repository/OCS-DESKTOP/Cart flyout/Unit price - 2nd Product' is: '$10.50'

2019-07-15 13:42:40 - [TEST_STEP][PASSED] - delay(2): Delayed 2 second(s)

2019-07-15 13:42:42 - [MESSAGE][PASSED] - Delayed 2 second(s)

2019-07-15 13:42:42 - [TEST_STEP][PASSED] - comment("k=" + k): k=$10.50

2019-07-15 13:42:42 - [MESSAGE][INFO] - k=$10.50

2019-07-15 13:42:42 - [TEST_STEP][PASSED] - without1 = k.substring(1): null

2019-07-15 13:42:42 - [TEST_STEP][PASSED] - comment("without1 = " + without1): without1 = 10.50

2019-07-15 13:42:42 - [MESSAGE][INFO] - without1 = 10.50

2019-07-15 13:42:42 - [TEST_STEP][PASSED] - p1 = <not implemented yet for class: org.codehaus.groovy.ast.expr.EmptyExpression>: null

2019-07-15 13:42:42 - [TEST_STEP][PASSED] - p2 = <not implemented yet for class: org.codehaus.groovy.ast.expr.EmptyExpression>: null

2019-07-15 13:42:42 - [TEST_STEP][PASSED] - try: p1=35.0

2019-07-15 13:42:42 - [TEST_STEP][PASSED] - str = last: null

2019-07-15 13:42:42 - [TEST_STEP][PASSED] - comment("str=" + str): str=35.0

2019-07-15 13:42:42 - [MESSAGE][INFO] - str=35.0

2019-07-15 13:42:42 - [TEST_STEP][PASSED] - p1 = Double.valueOf(str): null

2019-07-15 13:42:42 - [TEST_STEP][PASSED] - comment("p1=" + p1): p1=35.0

2019-07-15 13:42:42 - [MESSAGE][INFO] - p1=35.0

2019-07-15 13:42:42 - [TEST_STEP][PASSED] - try: p2=10.5

2019-07-15 13:42:42 - [TEST_STEP][PASSED] - str5 = without1: null

2019-07-15 13:42:42 - [TEST_STEP][PASSED] - comment("str5=" + str5): str5=10.50

2019-07-15 13:42:42 - [MESSAGE][INFO] - str5=10.50

2019-07-15 13:42:42 - [TEST_STEP][PASSED] - p2 = Double.valueOf(str5): null

2019-07-15 13:42:42 - [TEST_STEP][PASSED] - comment("p2=" + p2): p2=10.5

2019-07-15 13:42:42 - [MESSAGE][INFO] - p2=10.5

2019-07-15 13:42:42 - [TEST_STEP][PASSED] - total = p1 + p2: null

2019-07-15 13:42:42 - [TEST_STEP][PASSED] - comment("total =" + total): total =45.5

2019-07-15 13:42:42 - [MESSAGE][INFO] - total =45.5

2019-07-15 13:42:42 - [TEST_STEP][PASSED] - amount = getText(findTestObject("OCS-DESKTOP/Cart flyout/Sub-total Price")): Text of object 'Object Repository/OCS-DESKTOP/Cart flyout/Sub-total Price' is: '$45.50'

2019-07-15 13:42:42 - [MESSAGE][PASSED] - Text of object 'Object Repository/OCS-DESKTOP/Cart flyout/Sub-total Price' is: '$45.50'

2019-07-15 13:42:42 - [TEST_STEP][PASSED] - delay(2): Delayed 2 second(s)

2019-07-15 13:42:44 - [MESSAGE][PASSED] - Delayed 2 second(s)

2019-07-15 13:42:44 - [TEST_STEP][PASSED] - comment("amount =" + amount): amount =$45.50

2019-07-15 13:42:44 - [MESSAGE][INFO] - amount =$45.50

2019-07-15 13:42:44 - [TEST_STEP][PASSED] - soustotal = amount.substring(1): null

2019-07-15 13:42:44 - [TEST_STEP][PASSED] - comment("soustotal= " + soustotal): soustotal= 45.50

2019-07-15 13:42:44 - [MESSAGE][INFO] - soustotal= 45.50

2019-07-15 13:42:44 - [TEST_STEP][PASSED] - p = <not implemented yet for class: org.codehaus.groovy.ast.expr.EmptyExpression>: null

2019-07-15 13:42:44 - [TEST_STEP][PASSED] - try: p=45.5

2019-07-15 13:42:44 - [TEST_STEP][PASSED] - finalprice = soustotal: null

2019-07-15 13:42:44 - [TEST_STEP][PASSED] - comment("finalprice=" + finalprice): finalprice=45.50

2019-07-15 13:42:44 - [MESSAGE][INFO] - finalprice=45.50

2019-07-15 13:42:44 - [TEST_STEP][PASSED] - p = Double.valueOf(finalprice): null

2019-07-15 13:42:44 - [TEST_STEP][PASSED] - comment("p=" + p): p=45.5

2019-07-15 13:42:44 - [MESSAGE][INFO] - p=45.5

2019-07-15 13:42:44 - [TEST_STEP][PASSED] - finalprice = soustotal: null

2019-07-15 13:42:44 - [TEST_STEP][PASSED] - comment("finalprice=" + finalprice): finalprice=45.50

2019-07-15 13:42:44 - [MESSAGE][INFO] - finalprice=45.50

2019-07-15 13:42:44 - [TEST_STEP][PASSED] - p = Double.valueOf(finalprice): null

2019-07-15 13:42:44 - [TEST_STEP][PASSED] - comment("p=" + p): p=45.5

2019-07-15 13:42:44 - [MESSAGE][INFO] - p=45.5

2019-07-15 13:42:44 - [TEST_STEP][PASSED] - verifyEqual(total, p): Actual object '45.5' and expected object '45.5' are equal

2019-07-15 13:42:44 - [MESSAGE][PASSED] - Actual object '45.5' and expected object '45.5' are equal

2019-07-15 13:42:44 - [TEST_STEP][PASSED] - comment("cart items price equal"): cart items price equal

2019-07-15 13:42:44 - [MESSAGE][INFO] - cart items price equal

2019-07-15 13:42:44 - [TEST_STEP][PASSED] - click(findTestObject("OCS-DESKTOP/Cart flyout/Checkbox_I confirm that")): Object: 'Object Repository/OCS-DESKTOP/Cart flyout/Checkbox_I confirm that' is clicked on

2019-07-15 13:42:44 - [MESSAGE][PASSED] - Object: 'Object Repository/OCS-DESKTOP/Cart flyout/Checkbox_I confirm that' is clicked on

2019-07-15 13:42:44 - [TEST_STEP][PASSED] - click(findTestObject("OCS-DESKTOP/Cart flyout/Checkbox_Accept the Terms Condition")): Object: 'Object Repository/OCS-DESKTOP/Cart flyout/Checkbox_Accept the Terms Condition' is clicked on

2019-07-15 13:42:44 - [MESSAGE][PASSED] - Object: 'Object Repository/OCS-DESKTOP/Cart flyout/Checkbox_Accept the Terms Condition' is clicked on

2019-07-15 13:42:44 - [TEST_STEP][PASSED] - delay(2): Delayed 2 second(s)

2019-07-15 13:42:46 - [MESSAGE][PASSED] - Delayed 2 second(s)

2019-07-15 13:42:46 - [TEST_STEP][PASSED] - click(findTestObject("OCS-DESKTOP/Cart flyout/Checkout - Button")): Object: 'Object Repository/OCS-DESKTOP/Cart flyout/Checkout - Button' is clicked on

2019-07-15 13:42:49 - [MESSAGE][PASSED] - Object: 'Object Repository/OCS-DESKTOP/Cart flyout/Checkout - Button' is clicked on

2019-07-15 13:42:49 - [TEST_STEP][PASSED] - scrollToElement(findTestObject("OCS-DESKTOP/Customer info page/input_Email"), 0): Scroll to object 'Object Repository/OCS-DESKTOP/Customer info page/input_Email' successfully

2019-07-15 13:42:49 - [MESSAGE][WARNING] - Timeout '0' is invalid. Using default page load timeout: '30'

2019-07-15 13:42:49 - [MESSAGE][PASSED] - Scroll to object 'Object Repository/OCS-DESKTOP/Customer info page/input_Email' successfully

2019-07-15 13:42:49 - [TEST_STEP][PASSED] - setText(findTestObject("OCS-DESKTOP/Customer info page/input_Email"), "suman.kompelly@diffagency.com"): Text 'suman.kompelly@diffagency.com' is set on object 'Object Repository/OCS-DESKTOP/Customer info page/input_Email'

2019-07-15 13:42:49 - [MESSAGE][PASSED] - Text 'suman.kompelly@diffagency.com' is set on object 'Object Repository/OCS-DESKTOP/Customer info page/input_Email'

2019-07-15 13:42:49 - [TEST_STEP][PASSED] - setText(findTestObject("OCS-DESKTOP/Customer info page/input_First name"), "suman"): Text 'suman' is set on object 'Object Repository/OCS-DESKTOP/Customer info page/input_First name'

2019-07-15 13:42:49 - [MESSAGE][PASSED] - Text 'suman' is set on object 'Object Repository/OCS-DESKTOP/Customer info page/input_First name'

2019-07-15 13:42:49 - [TEST_STEP][PASSED] - setText(findTestObject("OCS-DESKTOP/Customer info page/input_Last name"), "kompelly"): Text 'kompelly' is set on object 'Object Repository/OCS-DESKTOP/Customer info page/input_Last name'

2019-07-15 13:42:49 - [MESSAGE][PASSED] - Text 'kompelly' is set on object 'Object Repository/OCS-DESKTOP/Customer info page/input_Last name'

2019-07-15 13:42:49 - [TEST_STEP][PASSED] - setText(findTestObject("OCS-DESKTOP/Customer info page/input_Address"), "300 saint alxendre"): Text '300 saint alxendre' is set on object 'Object Repository/OCS-DESKTOP/Customer info page/input_Address'

2019-07-15 13:42:49 - [MESSAGE][PASSED] - Text '300 saint alxendre' is set on object 'Object Repository/OCS-DESKTOP/Customer info page/input_Address'

2019-07-15 13:42:49 - [TEST_STEP][PASSED] - setText(findTestObject("OCS-DESKTOP/Customer info page/input_Apartment suite etc. (op"), "199"): Text '199' is set on object 'Object Repository/OCS-DESKTOP/Customer info page/input_Apartment suite etc. (op'

2019-07-15 13:42:50 - [MESSAGE][PASSED] - Text '199' is set on object 'Object Repository/OCS-DESKTOP/Customer info page/input_Apartment suite etc. (op'

2019-07-15 13:42:50 - [TEST_STEP][PASSED] - setText(findTestObject("OCS-DESKTOP/Customer info page/input_City"), "montreal"): Text 'montreal' is set on object 'Object Repository/OCS-DESKTOP/Customer info page/input_City'

2019-07-15 13:42:50 - [MESSAGE][PASSED] - Text 'montreal' is set on object 'Object Repository/OCS-DESKTOP/Customer info page/input_City'

2019-07-15 13:42:50 - [TEST_STEP][PASSED] - setText(findTestObject("OCS-DESKTOP/Customer info page/input_Postal code"), "n0R1K0"): Text 'n0R1K0' is set on object 'Object Repository/OCS-DESKTOP/Customer info page/input_Postal code'

2019-07-15 13:42:50 - [MESSAGE][PASSED] - Text 'n0R1K0' is set on object 'Object Repository/OCS-DESKTOP/Customer info page/input_Postal code'

2019-07-15 13:42:50 - [TEST_STEP][PASSED] - setText(findTestObject("OCS-DESKTOP/Customer info page/input_Phone"), "(514) 449-3882"): Text '(514) 449-3882' is set on object 'Object Repository/OCS-DESKTOP/Customer info page/input_Phone'

2019-07-15 13:42:50 - [MESSAGE][PASSED] - Text '(514) 449-3882' is set on object 'Object Repository/OCS-DESKTOP/Customer info page/input_Phone'

2019-07-15 13:42:50 - [TEST_STEP][PASSED] - executeJavaScript("var previewBar = document.getElementById("preview-bar-iframe"); previewBar.style.display = "none";", []): Execute JavaScript 'var previewBar = document.getElementById("preview-bar-iframe"); previewBar.style.display = "none";' successfully

2019-07-15 13:42:50 - [MESSAGE][PASSED] - Execute JavaScript 'var previewBar = document.getElementById("preview-bar-iframe"); previewBar.style.display = "none";' successfully

2019-07-15 13:42:50 - [TEST_STEP][PASSED] - delay(1): Delayed 1 second(s)

2019-07-15 13:42:51 - [MESSAGE][PASSED] - Delayed 1 second(s)

2019-07-15 13:42:51 - [TEST_STEP][PASSED] - click(findTestObject("OCS-DESKTOP/Customer info page/Continue to shipping method - Button")): Object: 'Object Repository/OCS-DESKTOP/Customer info page/Continue to shipping method - Button' is clicked on

2019-07-15 13:42:53 - [MESSAGE][PASSED] - Object: 'Object Repository/OCS-DESKTOP/Customer info page/Continue to shipping method - Button' is clicked on

2019-07-15 13:42:53 - [TEST_STEP][PASSED] - delay(2): Delayed 2 second(s)

2019-07-15 13:42:55 - [MESSAGE][PASSED] - Delayed 2 second(s)

2019-07-15 13:42:55 - [TEST_STEP][PASSED] - refresh(): Refresh successfully

2019-07-15 13:42:57 - [MESSAGE][PASSED] - Refresh successfully

2019-07-15 13:42:57 - [TEST_STEP][PASSED] - delay(2): Delayed 2 second(s)

2019-07-15 13:42:59 - [MESSAGE][PASSED] - Delayed 2 second(s)

2019-07-15 13:42:59 - [TEST_STEP][PASSED] - click(findTestObject("OCS-DESKTOP/Shipping page/Continue to payment method - Button")): Object: 'Object Repository/OCS-DESKTOP/Shipping page/Continue to payment method - Button' is clicked on

2019-07-15 13:43:02 - [MESSAGE][PASSED] - Object: 'Object Repository/OCS-DESKTOP/Shipping page/Continue to payment method - Button' is clicked on

2019-07-15 13:43:02 - [TEST_STEP][PASSED] - delay(2): Delayed 2 second(s)

2019-07-15 13:43:04 - [MESSAGE][PASSED] - Delayed 2 second(s)

2019-07-15 13:43:04 - [TEST_STEP][PASSED] - verifyTextPresent("Payment", false): Text 'Payment' is present on page 

2019-07-15 13:43:04 - [MESSAGE][PASSED] - Text 'Payment' is present on page]]></system-out>
         <system-err><![CDATA[]]></system-err>
      </testcase>
      <testcase name="Test Cases/OCS - DESKTOP/OCS- CRITICAL PATH/Checkout - Shipping" classname="Test Cases/OCS - DESKTOP/OCS- CRITICAL PATH/Checkout - Shipping" status="PASSED">
         <system-out><![CDATA[2019-07-15 13:43:04 - [TEST_CASE][PASSED] - Test Cases/OCS - DESKTOP/OCS- CRITICAL PATH/Checkout - Shipping: Test Cases/OCS - DESKTOP/OCS- CRITICAL PATH/Checkout - Shipping

2019-07-15 13:43:04 - [TEST_STEP][PASSED] - callTestCase(findTestCase("OCS - DESKTOP/CALL- Age gate"), [:], STOP_ON_FAILURE): Call Test Case 'Test Cases/OCS - DESKTOP/CALL- Age gate' successfully

2019-07-15 13:43:04 - [TEST_CASE][PASSED] - Test Cases/OCS - DESKTOP/CALL- Age gate: Test Cases/OCS - DESKTOP/CALL- Age gate

2019-07-15 13:43:04 - [TEST_STEP][PASSED] - openBrowser(""): Browser is opened with url: ''

2019-07-15 13:43:04 - [MESSAGE][WARNING] - A browser is already opened. Closing browser and opening a new one

2019-07-15 13:43:04 - [MESSAGE][INFO] - Starting 'Chrome' driver

2019-07-15 13:43:05 - [MESSAGE][PASSED] - Browser is opened with url: ''

2019-07-15 13:43:05 - [TEST_STEP][PASSED] - navigateToUrl("https://ocs.ca/?fts=0&preview_theme_id=74205529932"): Navigate to 'https://ocs.ca/?fts=0&preview_theme_id=74205529932' successfully

2019-07-15 13:43:10 - [MESSAGE][PASSED] - Navigate to 'https://ocs.ca/?fts=0&preview_theme_id=74205529932' successfully

2019-07-15 13:43:10 - [TEST_STEP][PASSED] - maximizeWindow(): Current window maximized

2019-07-15 13:43:11 - [MESSAGE][PASSED] - Current window maximized

2019-07-15 13:43:11 - [TEST_STEP][PASSED] - delay(2): Delayed 2 second(s)

2019-07-15 13:43:13 - [MESSAGE][PASSED] - Delayed 2 second(s)

2019-07-15 13:43:13 - [TEST_STEP][PASSED] - executeJavaScript("var previewBar = document.getElementById("preview-bar-iframe"); previewBar.style.display = "none";", []): Execute JavaScript 'var previewBar = document.getElementById("preview-bar-iframe"); previewBar.style.display = "none";' successfully

2019-07-15 13:43:13 - [MESSAGE][PASSED] - Execute JavaScript 'var previewBar = document.getElementById("preview-bar-iframe"); previewBar.style.display = "none";' successfully

2019-07-15 13:43:13 - [TEST_STEP][PASSED] - selectOptionByValue(findTestObject("OCS-DESKTOP/Age gate and Mega menu/Date"), "12", true): All options with value '12' are selected in object 'Object Repository/OCS-DESKTOP/Age gate and Mega menu/Date'  using regular expression

2019-07-15 13:43:14 - [MESSAGE][PASSED] - All options with value '12' are selected in object 'Object Repository/OCS-DESKTOP/Age gate and Mega menu/Date'  using regular expression

2019-07-15 13:43:14 - [TEST_STEP][PASSED] - selectOptionByValue(findTestObject("OCS-DESKTOP/Age gate and Mega menu/month"), "6", true): All options with value '6' are selected in object 'Object Repository/OCS-DESKTOP/Age gate and Mega menu/month'  using regular expression

2019-07-15 13:43:14 - [MESSAGE][PASSED] - All options with value '6' are selected in object 'Object Repository/OCS-DESKTOP/Age gate and Mega menu/month'  using regular expression

2019-07-15 13:43:14 - [TEST_STEP][PASSED] - delay(2): Delayed 2 second(s)

2019-07-15 13:43:16 - [MESSAGE][PASSED] - Delayed 2 second(s)

2019-07-15 13:43:16 - [TEST_STEP][PASSED] - selectOptionByValue(findTestObject("OCS-DESKTOP/Age gate and Mega menu/Year Dropdown"), "1990", true): All options with value '1990' are selected in object 'Object Repository/OCS-DESKTOP/Age gate and Mega menu/Year Dropdown'  using regular expression

2019-07-15 13:43:18 - [MESSAGE][PASSED] - All options with value '1990' are selected in object 'Object Repository/OCS-DESKTOP/Age gate and Mega menu/Year Dropdown'  using regular expression

2019-07-15 13:43:18 - [TEST_STEP][PASSED] - click(findTestObject("OCS-DESKTOP/Age gate and Mega menu/button_Verify")): Object: 'Object Repository/OCS-DESKTOP/Age gate and Mega menu/button_Verify' is clicked on

2019-07-15 13:43:18 - [MESSAGE][PASSED] - Object: 'Object Repository/OCS-DESKTOP/Age gate and Mega menu/button_Verify' is clicked on

2019-07-15 13:43:18 - [TEST_STEP][PASSED] - click(findTestObject("OCS-DESKTOP/Age gate and Mega menu/Checkbox_CONFIRM AND ACKNOWLEDGE")): Object: 'Object Repository/OCS-DESKTOP/Age gate and Mega menu/Checkbox_CONFIRM AND ACKNOWLEDGE' is clicked on

2019-07-15 13:43:18 - [MESSAGE][PASSED] - Object: 'Object Repository/OCS-DESKTOP/Age gate and Mega menu/Checkbox_CONFIRM AND ACKNOWLEDGE' is clicked on

2019-07-15 13:43:18 - [TEST_STEP][PASSED] - click(findTestObject("OCS-DESKTOP/Age gate and Mega menu/button_CONFIRM")): Object: 'Object Repository/OCS-DESKTOP/Age gate and Mega menu/button_CONFIRM' is clicked on

2019-07-15 13:43:18 - [MESSAGE][PASSED] - Object: 'Object Repository/OCS-DESKTOP/Age gate and Mega menu/button_CONFIRM' is clicked on

2019-07-15 13:43:18 - [TEST_STEP][PASSED] - click(findTestObject("OCS-DESKTOP/Age gate and Mega menu/button_Start Browsing")): Object: 'Object Repository/OCS-DESKTOP/Age gate and Mega menu/button_Start Browsing' is clicked on

2019-07-15 13:43:18 - [MESSAGE][PASSED] - Object: 'Object Repository/OCS-DESKTOP/Age gate and Mega menu/button_Start Browsing' is clicked on

2019-07-15 13:43:18 - [TEST_STEP][PASSED] - delay(2): Delayed 2 second(s)

2019-07-15 13:43:20 - [MESSAGE][PASSED] - Delayed 2 second(s)

2019-07-15 13:43:20 - [TEST_STEP][PASSED] - refresh(): Refresh successfully

2019-07-15 13:43:20 - [MESSAGE][PASSED] - Refresh successfully

2019-07-15 13:43:20 - [MESSAGE][PASSED] - Call Test Case 'Test Cases/OCS - DESKTOP/CALL- Age gate' successfully

2019-07-15 13:43:20 - [TEST_STEP][PASSED] - delay(2): Delayed 2 second(s)

2019-07-15 13:43:22 - [MESSAGE][PASSED] - Delayed 2 second(s)

2019-07-15 13:43:22 - [TEST_STEP][PASSED] - click(findTestObject("OCS-DESKTOP/Age gate and Mega menu/Header/CANNABIS menu - English")): Object: 'Object Repository/OCS-DESKTOP/Age gate and Mega menu/Header/CANNABIS menu - English' is clicked on

2019-07-15 13:43:24 - [MESSAGE][PASSED] - Object: 'Object Repository/OCS-DESKTOP/Age gate and Mega menu/Header/CANNABIS menu - English' is clicked on

2019-07-15 13:43:24 - [TEST_STEP][PASSED] - executeJavaScript("var previewBar = document.getElementById("preview-bar-iframe"); previewBar.style.display = "none";", []): Execute JavaScript 'var previewBar = document.getElementById("preview-bar-iframe"); previewBar.style.display = "none";' successfully

2019-07-15 13:43:24 - [MESSAGE][PASSED] - Execute JavaScript 'var previewBar = document.getElementById("preview-bar-iframe"); previewBar.style.display = "none";' successfully

2019-07-15 13:43:24 - [TEST_STEP][PASSED] - delay(2): Delayed 2 second(s)

2019-07-15 13:43:26 - [MESSAGE][PASSED] - Delayed 2 second(s)

2019-07-15 13:43:26 - [TEST_STEP][PASSED] - click(findTestObject("OCS-DESKTOP/Age gate and Mega menu/Indica Dominant_Menu item")): Object: 'Object Repository/OCS-DESKTOP/Age gate and Mega menu/Indica Dominant_Menu item' is clicked on

2019-07-15 13:43:29 - [MESSAGE][PASSED] - Object: 'Object Repository/OCS-DESKTOP/Age gate and Mega menu/Indica Dominant_Menu item' is clicked on

2019-07-15 13:43:29 - [TEST_STEP][PASSED] - executeJavaScript("var previewBar = document.getElementById("preview-bar-iframe"); previewBar.style.display = "none";", []): Execute JavaScript 'var previewBar = document.getElementById("preview-bar-iframe"); previewBar.style.display = "none";' successfully

2019-07-15 13:43:29 - [MESSAGE][PASSED] - Execute JavaScript 'var previewBar = document.getElementById("preview-bar-iframe"); previewBar.style.display = "none";' successfully

2019-07-15 13:43:29 - [TEST_STEP][PASSED] - delay(2): Delayed 2 second(s)

2019-07-15 13:43:31 - [MESSAGE][PASSED] - Delayed 2 second(s)

2019-07-15 13:43:31 - [TEST_STEP][PASSED] - click(findTestObject("OCS-DESKTOP/Collection page/Product image - 1st one")): Object: 'Object Repository/OCS-DESKTOP/Collection page/Product image - 1st one' is clicked on

2019-07-15 13:43:36 - [MESSAGE][PASSED] - Object: 'Object Repository/OCS-DESKTOP/Collection page/Product image - 1st one' is clicked on

2019-07-15 13:43:36 - [TEST_STEP][PASSED] - executeJavaScript("var previewBar = document.getElementById("preview-bar-iframe"); previewBar.style.display = "none";", []): Execute JavaScript 'var previewBar = document.getElementById("preview-bar-iframe"); previewBar.style.display = "none";' successfully

2019-07-15 13:43:36 - [MESSAGE][PASSED] - Execute JavaScript 'var previewBar = document.getElementById("preview-bar-iframe"); previewBar.style.display = "none";' successfully

2019-07-15 13:43:36 - [TEST_STEP][PASSED] - delay(1): Delayed 1 second(s)

2019-07-15 13:43:37 - [MESSAGE][PASSED] - Delayed 1 second(s)

2019-07-15 13:43:37 - [TEST_STEP][PASSED] - delay(3): Delayed 3 second(s)

2019-07-15 13:43:40 - [MESSAGE][PASSED] - Delayed 3 second(s)

2019-07-15 13:43:40 - [TEST_STEP][NOT_RUN] - scrollToElement(findTestObject("OCS-DESKTOP/Product page/Product image"), 1): NOT_RUN: scrollToElement(findTestObject("OCS-DESKTOP/Product page/Product image"), 1)

2019-07-15 13:43:40 - [MESSAGE][NOT_RUN] - NOT_RUN: scrollToElement(findTestObject("OCS-DESKTOP/Product page/Product image"), 1)

2019-07-15 13:43:40 - [TEST_STEP][PASSED] - click(findTestObject("OCS-DESKTOP/Product page/Swatch_1g")): Object: 'Object Repository/OCS-DESKTOP/Product page/Swatch_1g' is clicked on

2019-07-15 13:43:40 - [MESSAGE][PASSED] - Object: 'Object Repository/OCS-DESKTOP/Product page/Swatch_1g' is clicked on

2019-07-15 13:43:40 - [TEST_STEP][PASSED] - delay(2): Delayed 2 second(s)

2019-07-15 13:43:42 - [MESSAGE][PASSED] - Delayed 2 second(s)

2019-07-15 13:43:42 - [TEST_STEP][PASSED] - click(findTestObject("OCS-DESKTOP/Product page/Add to Bag-button")): Object: 'Object Repository/OCS-DESKTOP/Product page/Add to Bag-button' is clicked on

2019-07-15 13:43:42 - [MESSAGE][PASSED] - Object: 'Object Repository/OCS-DESKTOP/Product page/Add to Bag-button' is clicked on

2019-07-15 13:43:42 - [TEST_STEP][PASSED] - delay(1): Delayed 1 second(s)

2019-07-15 13:43:43 - [MESSAGE][PASSED] - Delayed 1 second(s)

2019-07-15 13:43:43 - [TEST_STEP][PASSED] - click(findTestObject("OCS-DESKTOP/Home - page/Cart icon -bag")): Object: 'Object Repository/OCS-DESKTOP/Home - page/Cart icon -bag' is clicked on

2019-07-15 13:43:43 - [MESSAGE][PASSED] - Object: 'Object Repository/OCS-DESKTOP/Home - page/Cart icon -bag' is clicked on

2019-07-15 13:43:43 - [TEST_STEP][PASSED] - delay(3): Delayed 3 second(s)

2019-07-15 13:43:46 - [MESSAGE][PASSED] - Delayed 3 second(s)

2019-07-15 13:43:46 - [TEST_STEP][PASSED] - click(findTestObject("OCS-DESKTOP/Cart flyout/Checkbox_I confirm that")): Object: 'Object Repository/OCS-DESKTOP/Cart flyout/Checkbox_I confirm that' is clicked on

2019-07-15 13:43:46 - [MESSAGE][PASSED] - Object: 'Object Repository/OCS-DESKTOP/Cart flyout/Checkbox_I confirm that' is clicked on

2019-07-15 13:43:46 - [TEST_STEP][PASSED] - delay(2): Delayed 2 second(s)

2019-07-15 13:43:48 - [MESSAGE][PASSED] - Delayed 2 second(s)

2019-07-15 13:43:48 - [TEST_STEP][PASSED] - click(findTestObject("OCS-DESKTOP/Cart flyout/Checkbox_Accept the Terms Condition")): Object: 'Object Repository/OCS-DESKTOP/Cart flyout/Checkbox_Accept the Terms Condition' is clicked on

2019-07-15 13:43:48 - [MESSAGE][PASSED] - Object: 'Object Repository/OCS-DESKTOP/Cart flyout/Checkbox_Accept the Terms Condition' is clicked on

2019-07-15 13:43:48 - [TEST_STEP][PASSED] - delay(2): Delayed 2 second(s)

2019-07-15 13:43:50 - [MESSAGE][PASSED] - Delayed 2 second(s)

2019-07-15 13:43:50 - [TEST_STEP][PASSED] - click(findTestObject("OCS-DESKTOP/Cart flyout/Checkout - Button")): Object: 'Object Repository/OCS-DESKTOP/Cart flyout/Checkout - Button' is clicked on

2019-07-15 13:43:53 - [MESSAGE][PASSED] - Object: 'Object Repository/OCS-DESKTOP/Cart flyout/Checkout - Button' is clicked on

2019-07-15 13:43:53 - [TEST_STEP][PASSED] - executeJavaScript("var previewBar = document.getElementById("preview-bar-iframe"); previewBar.style.display = "none";", []): Execute JavaScript 'var previewBar = document.getElementById("preview-bar-iframe"); previewBar.style.display = "none";' successfully

2019-07-15 13:43:53 - [MESSAGE][PASSED] - Execute JavaScript 'var previewBar = document.getElementById("preview-bar-iframe"); previewBar.style.display = "none";' successfully

2019-07-15 13:43:53 - [TEST_STEP][PASSED] - delay(1): Delayed 1 second(s)

2019-07-15 13:43:54 - [MESSAGE][PASSED] - Delayed 1 second(s)

2019-07-15 13:43:54 - [TEST_STEP][PASSED] - scrollToElement(findTestObject("OCS-DESKTOP/Customer info page/input_Email"), 0): Scroll to object 'Object Repository/OCS-DESKTOP/Customer info page/input_Email' successfully

2019-07-15 13:43:54 - [MESSAGE][WARNING] - Timeout '0' is invalid. Using default page load timeout: '30'

2019-07-15 13:43:54 - [MESSAGE][PASSED] - Scroll to object 'Object Repository/OCS-DESKTOP/Customer info page/input_Email' successfully

2019-07-15 13:43:54 - [TEST_STEP][PASSED] - setText(findTestObject("OCS-DESKTOP/Customer info page/input_Email"), "suman.kompelly@diffagency.com"): Text 'suman.kompelly@diffagency.com' is set on object 'Object Repository/OCS-DESKTOP/Customer info page/input_Email'

2019-07-15 13:43:54 - [MESSAGE][PASSED] - Text 'suman.kompelly@diffagency.com' is set on object 'Object Repository/OCS-DESKTOP/Customer info page/input_Email'

2019-07-15 13:43:54 - [TEST_STEP][PASSED] - setText(findTestObject("OCS-DESKTOP/Customer info page/input_First name"), "suman"): Text 'suman' is set on object 'Object Repository/OCS-DESKTOP/Customer info page/input_First name'

2019-07-15 13:43:54 - [MESSAGE][PASSED] - Text 'suman' is set on object 'Object Repository/OCS-DESKTOP/Customer info page/input_First name'

2019-07-15 13:43:54 - [TEST_STEP][PASSED] - setText(findTestObject("OCS-DESKTOP/Customer info page/input_Last name"), "kompelly"): Text 'kompelly' is set on object 'Object Repository/OCS-DESKTOP/Customer info page/input_Last name'

2019-07-15 13:43:55 - [MESSAGE][PASSED] - Text 'kompelly' is set on object 'Object Repository/OCS-DESKTOP/Customer info page/input_Last name'

2019-07-15 13:43:55 - [TEST_STEP][PASSED] - setText(findTestObject("OCS-DESKTOP/Customer info page/input_Address"), "300 saint alxendre"): Text '300 saint alxendre' is set on object 'Object Repository/OCS-DESKTOP/Customer info page/input_Address'

2019-07-15 13:43:55 - [MESSAGE][PASSED] - Text '300 saint alxendre' is set on object 'Object Repository/OCS-DESKTOP/Customer info page/input_Address'

2019-07-15 13:43:55 - [TEST_STEP][PASSED] - setText(findTestObject("OCS-DESKTOP/Customer info page/input_Apartment suite etc. (op"), "199"): Text '199' is set on object 'Object Repository/OCS-DESKTOP/Customer info page/input_Apartment suite etc. (op'

2019-07-15 13:43:55 - [MESSAGE][PASSED] - Text '199' is set on object 'Object Repository/OCS-DESKTOP/Customer info page/input_Apartment suite etc. (op'

2019-07-15 13:43:55 - [TEST_STEP][PASSED] - setText(findTestObject("OCS-DESKTOP/Customer info page/input_City"), "montreal"): Text 'montreal' is set on object 'Object Repository/OCS-DESKTOP/Customer info page/input_City'

2019-07-15 13:43:55 - [MESSAGE][PASSED] - Text 'montreal' is set on object 'Object Repository/OCS-DESKTOP/Customer info page/input_City'

2019-07-15 13:43:55 - [TEST_STEP][PASSED] - setText(findTestObject("OCS-DESKTOP/Customer info page/input_Postal code"), "n0R1K0"): Text 'n0R1K0' is set on object 'Object Repository/OCS-DESKTOP/Customer info page/input_Postal code'

2019-07-15 13:43:55 - [MESSAGE][PASSED] - Text 'n0R1K0' is set on object 'Object Repository/OCS-DESKTOP/Customer info page/input_Postal code'

2019-07-15 13:43:55 - [TEST_STEP][PASSED] - setText(findTestObject("OCS-DESKTOP/Customer info page/input_Phone"), "(514) 449-3882"): Text '(514) 449-3882' is set on object 'Object Repository/OCS-DESKTOP/Customer info page/input_Phone'

2019-07-15 13:43:55 - [MESSAGE][PASSED] - Text '(514) 449-3882' is set on object 'Object Repository/OCS-DESKTOP/Customer info page/input_Phone'

2019-07-15 13:43:55 - [TEST_STEP][PASSED] - delay(1): Delayed 1 second(s)

2019-07-15 13:43:56 - [MESSAGE][PASSED] - Delayed 1 second(s)

2019-07-15 13:43:57 - [TEST_STEP][PASSED] - executeJavaScript("var previewBar = document.getElementById("preview-bar-iframe"); previewBar.style.display = "none";", []): Execute JavaScript 'var previewBar = document.getElementById("preview-bar-iframe"); previewBar.style.display = "none";' successfully

2019-07-15 13:43:57 - [MESSAGE][PASSED] - Execute JavaScript 'var previewBar = document.getElementById("preview-bar-iframe"); previewBar.style.display = "none";' successfully

2019-07-15 13:43:57 - [TEST_STEP][PASSED] - click(findTestObject("OCS-DESKTOP/Customer info page/Continue to shipping method - Button")): Object: 'Object Repository/OCS-DESKTOP/Customer info page/Continue to shipping method - Button' is clicked on

2019-07-15 13:43:59 - [MESSAGE][PASSED] - Object: 'Object Repository/OCS-DESKTOP/Customer info page/Continue to shipping method - Button' is clicked on

2019-07-15 13:43:59 - [TEST_STEP][PASSED] - delay(1): Delayed 1 second(s)

2019-07-15 13:44:00 - [MESSAGE][PASSED] - Delayed 1 second(s)

2019-07-15 13:44:00 - [TEST_STEP][PASSED] - click(findTestObject("OCS-DESKTOP/Shipping page/Change link")): Object: 'Object Repository/OCS-DESKTOP/Shipping page/Change link' is clicked on

2019-07-15 13:44:01 - [MESSAGE][PASSED] - Object: 'Object Repository/OCS-DESKTOP/Shipping page/Change link' is clicked on

2019-07-15 13:44:01 - [TEST_STEP][PASSED] - executeJavaScript("var previewBar = document.getElementById("preview-bar-iframe"); previewBar.style.display = "none";", []): Execute JavaScript 'var previewBar = document.getElementById("preview-bar-iframe"); previewBar.style.display = "none";' successfully

2019-07-15 13:44:01 - [MESSAGE][PASSED] - Execute JavaScript 'var previewBar = document.getElementById("preview-bar-iframe"); previewBar.style.display = "none";' successfully

2019-07-15 13:44:01 - [TEST_STEP][PASSED] - delay(1): Delayed 1 second(s)

2019-07-15 13:44:02 - [MESSAGE][PASSED] - Delayed 1 second(s)

2019-07-15 13:44:02 - [TEST_STEP][PASSED] - click(findTestObject("OCS-DESKTOP/Customer info page/Continue to shipping method - Button")): Object: 'Object Repository/OCS-DESKTOP/Customer info page/Continue to shipping method - Button' is clicked on

2019-07-15 13:44:04 - [MESSAGE][PASSED] - Object: 'Object Repository/OCS-DESKTOP/Customer info page/Continue to shipping method - Button' is clicked on

2019-07-15 13:44:04 - [TEST_STEP][PASSED] - delay(1): Delayed 1 second(s)

2019-07-15 13:44:05 - [MESSAGE][PASSED] - Delayed 1 second(s)

2019-07-15 13:44:05 - [TEST_STEP][PASSED] - executeJavaScript("var previewBar = document.getElementById("preview-bar-iframe"); previewBar.style.display = "none";", []): Execute JavaScript 'var previewBar = document.getElementById("preview-bar-iframe"); previewBar.style.display = "none";' successfully

2019-07-15 13:44:05 - [MESSAGE][PASSED] - Execute JavaScript 'var previewBar = document.getElementById("preview-bar-iframe"); previewBar.style.display = "none";' successfully

2019-07-15 13:44:05 - [TEST_STEP][PASSED] - delay(1): Delayed 1 second(s)

2019-07-15 13:44:06 - [MESSAGE][PASSED] - Delayed 1 second(s)

2019-07-15 13:44:06 - [TEST_STEP][PASSED] - click(findTestObject("OCS-DESKTOP/Shipping page/Change link 2")): Object: 'Object Repository/OCS-DESKTOP/Shipping page/Change link 2' is clicked on

2019-07-15 13:44:08 - [MESSAGE][PASSED] - Object: 'Object Repository/OCS-DESKTOP/Shipping page/Change link 2' is clicked on

2019-07-15 13:44:08 - [TEST_STEP][PASSED] - executeJavaScript("var previewBar = document.getElementById("preview-bar-iframe"); previewBar.style.display = "none";", []): Execute JavaScript 'var previewBar = document.getElementById("preview-bar-iframe"); previewBar.style.display = "none";' successfully

2019-07-15 13:44:08 - [MESSAGE][PASSED] - Execute JavaScript 'var previewBar = document.getElementById("preview-bar-iframe"); previewBar.style.display = "none";' successfully

2019-07-15 13:44:08 - [TEST_STEP][PASSED] - delay(1): Delayed 1 second(s)

2019-07-15 13:44:09 - [MESSAGE][PASSED] - Delayed 1 second(s)

2019-07-15 13:44:09 - [TEST_STEP][PASSED] - click(findTestObject("OCS-DESKTOP/Customer info page/Continue to shipping method - Button"), CONTINUE_ON_FAILURE): Object: 'Object Repository/OCS-DESKTOP/Customer info page/Continue to shipping method - Button' is clicked on

2019-07-15 13:44:12 - [MESSAGE][PASSED] - Object: 'Object Repository/OCS-DESKTOP/Customer info page/Continue to shipping method - Button' is clicked on

2019-07-15 13:44:12 - [TEST_STEP][PASSED] - delay(1): Delayed 1 second(s)

2019-07-15 13:44:13 - [MESSAGE][PASSED] - Delayed 1 second(s)

2019-07-15 13:44:13 - [TEST_STEP][PASSED] - executeJavaScript("var previewBar = document.getElementById("preview-bar-iframe"); previewBar.style.display = "none";", []): Execute JavaScript 'var previewBar = document.getElementById("preview-bar-iframe"); previewBar.style.display = "none";' successfully

2019-07-15 13:44:13 - [MESSAGE][PASSED] - Execute JavaScript 'var previewBar = document.getElementById("preview-bar-iframe"); previewBar.style.display = "none";' successfully

2019-07-15 13:44:13 - [TEST_STEP][PASSED] - delay(1): Delayed 1 second(s)

2019-07-15 13:44:14 - [MESSAGE][PASSED] - Delayed 1 second(s)

2019-07-15 13:44:14 - [TEST_STEP][PASSED] - click(findTestObject("OCS-DESKTOP/Shipping page/Return to customer info")): Object: 'Object Repository/OCS-DESKTOP/Shipping page/Return to customer info' is clicked on

2019-07-15 13:44:16 - [MESSAGE][PASSED] - Object: 'Object Repository/OCS-DESKTOP/Shipping page/Return to customer info' is clicked on

2019-07-15 13:44:16 - [TEST_STEP][PASSED] - executeJavaScript("var previewBar = document.getElementById("preview-bar-iframe"); previewBar.style.display = "none";", []): Execute JavaScript 'var previewBar = document.getElementById("preview-bar-iframe"); previewBar.style.display = "none";' successfully

2019-07-15 13:44:16 - [MESSAGE][PASSED] - Execute JavaScript 'var previewBar = document.getElementById("preview-bar-iframe"); previewBar.style.display = "none";' successfully

2019-07-15 13:44:16 - [TEST_STEP][PASSED] - delay(1): Delayed 1 second(s)

2019-07-15 13:44:17 - [MESSAGE][PASSED] - Delayed 1 second(s)

2019-07-15 13:44:17 - [TEST_STEP][PASSED] - click(findTestObject("OCS-DESKTOP/Customer info page/Continue to shipping method - Button")): Object: 'Object Repository/OCS-DESKTOP/Customer info page/Continue to shipping method - Button' is clicked on

2019-07-15 13:44:17 - [MESSAGE][PASSED] - Object: 'Object Repository/OCS-DESKTOP/Customer info page/Continue to shipping method - Button' is clicked on

2019-07-15 13:44:17 - [TEST_STEP][PASSED] - delay(1): Delayed 1 second(s)

2019-07-15 13:44:18 - [MESSAGE][PASSED] - Delayed 1 second(s)

2019-07-15 13:44:18 - [TEST_STEP][PASSED] - executeJavaScript("var previewBar = document.getElementById("preview-bar-iframe"); previewBar.style.display = "none";", []): Execute JavaScript 'var previewBar = document.getElementById("preview-bar-iframe"); previewBar.style.display = "none";' successfully

2019-07-15 13:44:20 - [MESSAGE][PASSED] - Execute JavaScript 'var previewBar = document.getElementById("preview-bar-iframe"); previewBar.style.display = "none";' successfully

2019-07-15 13:44:20 - [TEST_STEP][PASSED] - click(findTestObject("OCS-DESKTOP/Customer info page/Cart - Breadcrumb link")): Object: 'Object Repository/OCS-DESKTOP/Customer info page/Cart - Breadcrumb link' is clicked on

2019-07-15 13:44:21 - [MESSAGE][PASSED] - Object: 'Object Repository/OCS-DESKTOP/Customer info page/Cart - Breadcrumb link' is clicked on

2019-07-15 13:44:21 - [TEST_STEP][PASSED] - delay(1): Delayed 1 second(s)

2019-07-15 13:44:22 - [MESSAGE][PASSED] - Delayed 1 second(s)

2019-07-15 13:44:22 - [TEST_STEP][PASSED] - executeJavaScript("var previewBar = document.getElementById("preview-bar-iframe"); previewBar.style.display = "none";", []): Execute JavaScript 'var previewBar = document.getElementById("preview-bar-iframe"); previewBar.style.display = "none";' successfully

2019-07-15 13:44:22 - [MESSAGE][PASSED] - Execute JavaScript 'var previewBar = document.getElementById("preview-bar-iframe"); previewBar.style.display = "none";' successfully

2019-07-15 13:44:22 - [TEST_STEP][PASSED] - delay(1): Delayed 1 second(s)

2019-07-15 13:44:23 - [MESSAGE][PASSED] - Delayed 1 second(s)

2019-07-15 13:44:23 - [TEST_STEP][PASSED] - click(findTestObject("OCS-DESKTOP/Cart page/cart page-Checkbox_I confirm that")): Object: 'Object Repository/OCS-DESKTOP/Cart page/cart page-Checkbox_I confirm that' is clicked on

2019-07-15 13:44:23 - [MESSAGE][PASSED] - Object: 'Object Repository/OCS-DESKTOP/Cart page/cart page-Checkbox_I confirm that' is clicked on

2019-07-15 13:44:23 - [TEST_STEP][PASSED] - delay(1): Delayed 1 second(s)

2019-07-15 13:44:24 - [MESSAGE][PASSED] - Delayed 1 second(s)

2019-07-15 13:44:24 - [TEST_STEP][PASSED] - click(findTestObject("OCS-DESKTOP/Cart page/cart page - Checkbox_Accept the Terms Condition")): Object: 'Object Repository/OCS-DESKTOP/Cart page/cart page - Checkbox_Accept the Terms Condition' is clicked on

2019-07-15 13:44:24 - [MESSAGE][PASSED] - Object: 'Object Repository/OCS-DESKTOP/Cart page/cart page - Checkbox_Accept the Terms Condition' is clicked on

2019-07-15 13:44:24 - [TEST_STEP][PASSED] - delay(1): Delayed 1 second(s)

2019-07-15 13:44:25 - [MESSAGE][PASSED] - Delayed 1 second(s)

2019-07-15 13:44:25 - [TEST_STEP][PASSED] - click(findTestObject("OCS-DESKTOP/Cart page/Cart page -checkout button")): Object: 'Object Repository/OCS-DESKTOP/Cart page/Cart page -checkout button' is clicked on

2019-07-15 13:44:27 - [MESSAGE][PASSED] - Object: 'Object Repository/OCS-DESKTOP/Cart page/Cart page -checkout button' is clicked on

2019-07-15 13:44:27 - [TEST_STEP][PASSED] - delay(1): Delayed 1 second(s)

2019-07-15 13:44:28 - [MESSAGE][PASSED] - Delayed 1 second(s)

2019-07-15 13:44:28 - [TEST_STEP][PASSED] - click(findTestObject("OCS-DESKTOP/Payment -page/Information - Breadcrumb link")): Object: 'Object Repository/OCS-DESKTOP/Payment -page/Information - Breadcrumb link' is clicked on

2019-07-15 13:44:30 - [MESSAGE][PASSED] - Object: 'Object Repository/OCS-DESKTOP/Payment -page/Information - Breadcrumb link' is clicked on

2019-07-15 13:44:30 - [TEST_STEP][PASSED] - delay(1): Delayed 1 second(s)

2019-07-15 13:44:31 - [MESSAGE][PASSED] - Delayed 1 second(s)

2019-07-15 13:44:31 - [TEST_STEP][PASSED] - executeJavaScript("var previewBar = document.getElementById("preview-bar-iframe"); previewBar.style.display = "none";", []): Execute JavaScript 'var previewBar = document.getElementById("preview-bar-iframe"); previewBar.style.display = "none";' successfully

2019-07-15 13:44:31 - [MESSAGE][PASSED] - Execute JavaScript 'var previewBar = document.getElementById("preview-bar-iframe"); previewBar.style.display = "none";' successfully

2019-07-15 13:44:31 - [TEST_STEP][PASSED] - click(findTestObject("OCS-DESKTOP/Customer info page/Continue to shipping method - Button")): Object: 'Object Repository/OCS-DESKTOP/Customer info page/Continue to shipping method - Button' is clicked on

2019-07-15 13:44:32 - [MESSAGE][PASSED] - Object: 'Object Repository/OCS-DESKTOP/Customer info page/Continue to shipping method - Button' is clicked on

2019-07-15 13:44:32 - [TEST_STEP][PASSED] - delay(1): Delayed 1 second(s)

2019-07-15 13:44:33 - [MESSAGE][PASSED] - Delayed 1 second(s)

2019-07-15 13:44:33 - [TEST_STEP][PASSED] - executeJavaScript("var previewBar = document.getElementById("preview-bar-iframe"); previewBar.style.display = "none";", []): Execute JavaScript 'var previewBar = document.getElementById("preview-bar-iframe"); previewBar.style.display = "none";' successfully

2019-07-15 13:44:33 - [MESSAGE][PASSED] - Execute JavaScript 'var previewBar = document.getElementById("preview-bar-iframe"); previewBar.style.display = "none";' successfully

2019-07-15 13:44:33 - [TEST_STEP][PASSED] - click(findTestObject("OCS-DESKTOP/Shipping page/Continue to payment method - Button")): Object: 'Object Repository/OCS-DESKTOP/Shipping page/Continue to payment method - Button' is clicked on

2019-07-15 13:44:37 - [MESSAGE][PASSED] - Object: 'Object Repository/OCS-DESKTOP/Shipping page/Continue to payment method - Button' is clicked on

2019-07-15 13:44:37 - [TEST_STEP][PASSED] - closeBrowser(): Browser is closed

2019-07-15 13:44:37 - [MESSAGE][PASSED] - Browser is closed]]></system-out>
         <system-err><![CDATA[]]></system-err>
      </testcase>
      <testcase name="Test Cases/OCS - DESKTOP/OCS- CRITICAL PATH/Cart page- decrease qty" classname="Test Cases/OCS - DESKTOP/OCS- CRITICAL PATH/Cart page- decrease qty" status="PASSED">
         <system-out><![CDATA[2019-07-15 13:44:37 - [TEST_CASE][PASSED] - Test Cases/OCS - DESKTOP/OCS- CRITICAL PATH/Cart page- decrease qty: Test Cases/OCS - DESKTOP/OCS- CRITICAL PATH/Cart page- decrease qty

2019-07-15 13:44:37 - [TEST_STEP][PASSED] - callTestCase(findTestCase("OCS - DESKTOP/CALL- Age gate"), [:], STOP_ON_FAILURE): Call Test Case 'Test Cases/OCS - DESKTOP/CALL- Age gate' successfully

2019-07-15 13:44:37 - [TEST_CASE][PASSED] - Test Cases/OCS - DESKTOP/CALL- Age gate: Test Cases/OCS - DESKTOP/CALL- Age gate

2019-07-15 13:44:37 - [TEST_STEP][PASSED] - openBrowser(""): Browser is opened with url: ''

2019-07-15 13:44:37 - [MESSAGE][INFO] - Starting 'Chrome' driver

2019-07-15 13:44:38 - [MESSAGE][PASSED] - Browser is opened with url: ''

2019-07-15 13:44:38 - [TEST_STEP][PASSED] - navigateToUrl("https://ocs.ca/?fts=0&preview_theme_id=74205529932"): Navigate to 'https://ocs.ca/?fts=0&preview_theme_id=74205529932' successfully

2019-07-15 13:44:44 - [MESSAGE][PASSED] - Navigate to 'https://ocs.ca/?fts=0&preview_theme_id=74205529932' successfully

2019-07-15 13:44:44 - [TEST_STEP][PASSED] - maximizeWindow(): Current window maximized

2019-07-15 13:44:44 - [MESSAGE][PASSED] - Current window maximized

2019-07-15 13:44:44 - [TEST_STEP][PASSED] - delay(2): Delayed 2 second(s)

2019-07-15 13:44:46 - [MESSAGE][PASSED] - Delayed 2 second(s)

2019-07-15 13:44:46 - [TEST_STEP][PASSED] - executeJavaScript("var previewBar = document.getElementById("preview-bar-iframe"); previewBar.style.display = "none";", []): Execute JavaScript 'var previewBar = document.getElementById("preview-bar-iframe"); previewBar.style.display = "none";' successfully

2019-07-15 13:44:46 - [MESSAGE][PASSED] - Execute JavaScript 'var previewBar = document.getElementById("preview-bar-iframe"); previewBar.style.display = "none";' successfully

2019-07-15 13:44:46 - [TEST_STEP][PASSED] - selectOptionByValue(findTestObject("OCS-DESKTOP/Age gate and Mega menu/Date"), "12", true): All options with value '12' are selected in object 'Object Repository/OCS-DESKTOP/Age gate and Mega menu/Date'  using regular expression

2019-07-15 13:44:47 - [MESSAGE][PASSED] - All options with value '12' are selected in object 'Object Repository/OCS-DESKTOP/Age gate and Mega menu/Date'  using regular expression

2019-07-15 13:44:47 - [TEST_STEP][PASSED] - selectOptionByValue(findTestObject("OCS-DESKTOP/Age gate and Mega menu/month"), "6", true): All options with value '6' are selected in object 'Object Repository/OCS-DESKTOP/Age gate and Mega menu/month'  using regular expression

2019-07-15 13:44:47 - [MESSAGE][PASSED] - All options with value '6' are selected in object 'Object Repository/OCS-DESKTOP/Age gate and Mega menu/month'  using regular expression

2019-07-15 13:44:47 - [TEST_STEP][PASSED] - delay(2): Delayed 2 second(s)

2019-07-15 13:44:49 - [MESSAGE][PASSED] - Delayed 2 second(s)

2019-07-15 13:44:49 - [TEST_STEP][PASSED] - selectOptionByValue(findTestObject("OCS-DESKTOP/Age gate and Mega menu/Year Dropdown"), "1990", true): All options with value '1990' are selected in object 'Object Repository/OCS-DESKTOP/Age gate and Mega menu/Year Dropdown'  using regular expression

2019-07-15 13:44:51 - [MESSAGE][PASSED] - All options with value '1990' are selected in object 'Object Repository/OCS-DESKTOP/Age gate and Mega menu/Year Dropdown'  using regular expression

2019-07-15 13:44:51 - [TEST_STEP][PASSED] - click(findTestObject("OCS-DESKTOP/Age gate and Mega menu/button_Verify")): Object: 'Object Repository/OCS-DESKTOP/Age gate and Mega menu/button_Verify' is clicked on

2019-07-15 13:44:51 - [MESSAGE][PASSED] - Object: 'Object Repository/OCS-DESKTOP/Age gate and Mega menu/button_Verify' is clicked on

2019-07-15 13:44:51 - [TEST_STEP][PASSED] - click(findTestObject("OCS-DESKTOP/Age gate and Mega menu/Checkbox_CONFIRM AND ACKNOWLEDGE")): Object: 'Object Repository/OCS-DESKTOP/Age gate and Mega menu/Checkbox_CONFIRM AND ACKNOWLEDGE' is clicked on

2019-07-15 13:44:51 - [MESSAGE][PASSED] - Object: 'Object Repository/OCS-DESKTOP/Age gate and Mega menu/Checkbox_CONFIRM AND ACKNOWLEDGE' is clicked on

2019-07-15 13:44:51 - [TEST_STEP][PASSED] - click(findTestObject("OCS-DESKTOP/Age gate and Mega menu/button_CONFIRM")): Object: 'Object Repository/OCS-DESKTOP/Age gate and Mega menu/button_CONFIRM' is clicked on

2019-07-15 13:44:51 - [MESSAGE][PASSED] - Object: 'Object Repository/OCS-DESKTOP/Age gate and Mega menu/button_CONFIRM' is clicked on

2019-07-15 13:44:51 - [TEST_STEP][PASSED] - click(findTestObject("OCS-DESKTOP/Age gate and Mega menu/button_Start Browsing")): Object: 'Object Repository/OCS-DESKTOP/Age gate and Mega menu/button_Start Browsing' is clicked on

2019-07-15 13:44:51 - [MESSAGE][PASSED] - Object: 'Object Repository/OCS-DESKTOP/Age gate and Mega menu/button_Start Browsing' is clicked on

2019-07-15 13:44:51 - [TEST_STEP][PASSED] - delay(2): Delayed 2 second(s)

2019-07-15 13:44:53 - [MESSAGE][PASSED] - Delayed 2 second(s)

2019-07-15 13:44:53 - [TEST_STEP][PASSED] - refresh(): Refresh successfully

2019-07-15 13:44:53 - [MESSAGE][PASSED] - Refresh successfully

2019-07-15 13:44:53 - [MESSAGE][PASSED] - Call Test Case 'Test Cases/OCS - DESKTOP/CALL- Age gate' successfully

2019-07-15 13:44:53 - [TEST_STEP][PASSED] - delay(2): Delayed 2 second(s)

2019-07-15 13:44:55 - [MESSAGE][PASSED] - Delayed 2 second(s)

2019-07-15 13:44:55 - [TEST_STEP][PASSED] - click(findTestObject("OCS-DESKTOP/Age gate and Mega menu/Header/CANNABIS menu - English")): Object: 'Object Repository/OCS-DESKTOP/Age gate and Mega menu/Header/CANNABIS menu - English' is clicked on

2019-07-15 13:44:57 - [MESSAGE][PASSED] - Object: 'Object Repository/OCS-DESKTOP/Age gate and Mega menu/Header/CANNABIS menu - English' is clicked on

2019-07-15 13:44:57 - [TEST_STEP][PASSED] - delay(2): Delayed 2 second(s)

2019-07-15 13:44:59 - [MESSAGE][PASSED] - Delayed 2 second(s)

2019-07-15 13:44:59 - [TEST_STEP][PASSED] - click(findTestObject("OCS-DESKTOP/Age gate and Mega menu/Indica Dominant_Menu item")): Object: 'Object Repository/OCS-DESKTOP/Age gate and Mega menu/Indica Dominant_Menu item' is clicked on

2019-07-15 13:45:02 - [MESSAGE][PASSED] - Object: 'Object Repository/OCS-DESKTOP/Age gate and Mega menu/Indica Dominant_Menu item' is clicked on

2019-07-15 13:45:02 - [TEST_STEP][PASSED] - executeJavaScript("var previewBar = document.getElementById("preview-bar-iframe"); previewBar.style.display = "none";", []): Execute JavaScript 'var previewBar = document.getElementById("preview-bar-iframe"); previewBar.style.display = "none";' successfully

2019-07-15 13:45:02 - [MESSAGE][PASSED] - Execute JavaScript 'var previewBar = document.getElementById("preview-bar-iframe"); previewBar.style.display = "none";' successfully

2019-07-15 13:45:02 - [TEST_STEP][PASSED] - delay(2): Delayed 2 second(s)

2019-07-15 13:45:04 - [MESSAGE][PASSED] - Delayed 2 second(s)

2019-07-15 13:45:04 - [TEST_STEP][NOT_RUN] - click(findTestObject("OCS-DESKTOP/Age gate and Mega menu/Dried Flower_Plus icon")): NOT_RUN: click(findTestObject("OCS-DESKTOP/Age gate and Mega menu/Dried Flower_Plus icon"))

2019-07-15 13:45:04 - [MESSAGE][NOT_RUN] - NOT_RUN: click(findTestObject("OCS-DESKTOP/Age gate and Mega menu/Dried Flower_Plus icon"))

2019-07-15 13:45:04 - [TEST_STEP][PASSED] - delay(2): Delayed 2 second(s)

2019-07-15 13:45:06 - [MESSAGE][PASSED] - Delayed 2 second(s)

2019-07-15 13:45:06 - [TEST_STEP][NOT_RUN] - click(findTestObject("OCS-DESKTOP/Age gate and Mega menu/Indica Dominant_Menu item")): NOT_RUN: click(findTestObject("OCS-DESKTOP/Age gate and Mega menu/Indica Dominant_Menu item"))

2019-07-15 13:45:06 - [MESSAGE][NOT_RUN] - NOT_RUN: click(findTestObject("OCS-DESKTOP/Age gate and Mega menu/Indica Dominant_Menu item"))

2019-07-15 13:45:06 - [TEST_STEP][PASSED] - delay(2): Delayed 2 second(s)

2019-07-15 13:45:08 - [MESSAGE][PASSED] - Delayed 2 second(s)

2019-07-15 13:45:08 - [TEST_STEP][PASSED] - click(findTestObject("OCS-DESKTOP/Collection page/Product image - 1st one")): Object: 'Object Repository/OCS-DESKTOP/Collection page/Product image - 1st one' is clicked on

2019-07-15 13:45:12 - [MESSAGE][PASSED] - Object: 'Object Repository/OCS-DESKTOP/Collection page/Product image - 1st one' is clicked on

2019-07-15 13:45:12 - [TEST_STEP][PASSED] - executeJavaScript("var previewBar = document.getElementById("preview-bar-iframe"); previewBar.style.display = "none";", []): Execute JavaScript 'var previewBar = document.getElementById("preview-bar-iframe"); previewBar.style.display = "none";' successfully

2019-07-15 13:45:12 - [MESSAGE][PASSED] - Execute JavaScript 'var previewBar = document.getElementById("preview-bar-iframe"); previewBar.style.display = "none";' successfully

2019-07-15 13:45:12 - [TEST_STEP][NOT_RUN] - scrollToElement(findTestObject("OCS-DESKTOP/Product page/Product image"), 1): NOT_RUN: scrollToElement(findTestObject("OCS-DESKTOP/Product page/Product image"), 1)

2019-07-15 13:45:12 - [MESSAGE][NOT_RUN] - NOT_RUN: scrollToElement(findTestObject("OCS-DESKTOP/Product page/Product image"), 1)

2019-07-15 13:45:12 - [TEST_STEP][PASSED] - delay(2): Delayed 2 second(s)

2019-07-15 13:45:14 - [MESSAGE][PASSED] - Delayed 2 second(s)

2019-07-15 13:45:14 - [TEST_STEP][PASSED] - click(findTestObject("OCS-DESKTOP/Product page/Swatch_1g")): Object: 'Object Repository/OCS-DESKTOP/Product page/Swatch_1g' is clicked on

2019-07-15 13:45:14 - [MESSAGE][PASSED] - Object: 'Object Repository/OCS-DESKTOP/Product page/Swatch_1g' is clicked on

2019-07-15 13:45:14 - [TEST_STEP][NOT_RUN] - scrollToElement(findTestObject("OCS-DESKTOP/Product page/Swatch_3.5g"), 1): NOT_RUN: scrollToElement(findTestObject("OCS-DESKTOP/Product page/Swatch_3.5g"), 1)

2019-07-15 13:45:14 - [MESSAGE][NOT_RUN] - NOT_RUN: scrollToElement(findTestObject("OCS-DESKTOP/Product page/Swatch_3.5g"), 1)

2019-07-15 13:45:14 - [TEST_STEP][PASSED] - delay(2): Delayed 2 second(s)

2019-07-15 13:45:16 - [MESSAGE][PASSED] - Delayed 2 second(s)

2019-07-15 13:45:16 - [TEST_STEP][PASSED] - click(findTestObject("OCS-DESKTOP/Product page/Quantity Increase - Button")): Object: 'Object Repository/OCS-DESKTOP/Product page/Quantity Increase - Button' is clicked on

2019-07-15 13:45:16 - [MESSAGE][PASSED] - Object: 'Object Repository/OCS-DESKTOP/Product page/Quantity Increase - Button' is clicked on

2019-07-15 13:45:16 - [TEST_STEP][PASSED] - delay(1): Delayed 1 second(s)

2019-07-15 13:45:17 - [MESSAGE][PASSED] - Delayed 1 second(s)

2019-07-15 13:45:17 - [TEST_STEP][PASSED] - click(findTestObject("OCS-DESKTOP/Product page/Quantity Increase - Button")): Object: 'Object Repository/OCS-DESKTOP/Product page/Quantity Increase - Button' is clicked on

2019-07-15 13:45:17 - [MESSAGE][PASSED] - Object: 'Object Repository/OCS-DESKTOP/Product page/Quantity Increase - Button' is clicked on

2019-07-15 13:45:17 - [TEST_STEP][PASSED] - delay(1): Delayed 1 second(s)

2019-07-15 13:45:18 - [MESSAGE][PASSED] - Delayed 1 second(s)

2019-07-15 13:45:18 - [TEST_STEP][PASSED] - click(findTestObject("OCS-DESKTOP/Product page/Quantity Increase - Button")): Object: 'Object Repository/OCS-DESKTOP/Product page/Quantity Increase - Button' is clicked on

2019-07-15 13:45:19 - [MESSAGE][PASSED] - Object: 'Object Repository/OCS-DESKTOP/Product page/Quantity Increase - Button' is clicked on

2019-07-15 13:45:19 - [TEST_STEP][PASSED] - delay(1): Delayed 1 second(s)

2019-07-15 13:45:20 - [MESSAGE][PASSED] - Delayed 1 second(s)

2019-07-15 13:45:20 - [TEST_STEP][PASSED] - click(findTestObject("OCS-DESKTOP/Product page/Quantity Increase - Button")): Object: 'Object Repository/OCS-DESKTOP/Product page/Quantity Increase - Button' is clicked on

2019-07-15 13:45:20 - [MESSAGE][PASSED] - Object: 'Object Repository/OCS-DESKTOP/Product page/Quantity Increase - Button' is clicked on

2019-07-15 13:45:20 - [TEST_STEP][PASSED] - delay(1): Delayed 1 second(s)

2019-07-15 13:45:21 - [MESSAGE][PASSED] - Delayed 1 second(s)

2019-07-15 13:45:21 - [TEST_STEP][PASSED] - click(findTestObject("OCS-DESKTOP/Product page/Quantity Increase - Button")): Object: 'Object Repository/OCS-DESKTOP/Product page/Quantity Increase - Button' is clicked on

2019-07-15 13:45:21 - [MESSAGE][PASSED] - Object: 'Object Repository/OCS-DESKTOP/Product page/Quantity Increase - Button' is clicked on

2019-07-15 13:45:21 - [TEST_STEP][PASSED] - delay(2): Delayed 2 second(s)

2019-07-15 13:45:23 - [MESSAGE][PASSED] - Delayed 2 second(s)

2019-07-15 13:45:23 - [TEST_STEP][PASSED] - click(findTestObject("OCS-DESKTOP/Product page/Add to Bag-button")): Object: 'Object Repository/OCS-DESKTOP/Product page/Add to Bag-button' is clicked on

2019-07-15 13:45:23 - [MESSAGE][PASSED] - Object: 'Object Repository/OCS-DESKTOP/Product page/Add to Bag-button' is clicked on

2019-07-15 13:45:23 - [TEST_STEP][PASSED] - delay(1): Delayed 1 second(s)

2019-07-15 13:45:24 - [MESSAGE][PASSED] - Delayed 1 second(s)

2019-07-15 13:45:24 - [TEST_STEP][PASSED] - click(findTestObject("OCS-DESKTOP/Home - page/Cart icon -bag")): Object: 'Object Repository/OCS-DESKTOP/Home - page/Cart icon -bag' is clicked on

2019-07-15 13:45:24 - [MESSAGE][PASSED] - Object: 'Object Repository/OCS-DESKTOP/Home - page/Cart icon -bag' is clicked on

2019-07-15 13:45:24 - [TEST_STEP][PASSED] - delay(2): Delayed 2 second(s)

2019-07-15 13:45:26 - [MESSAGE][PASSED] - Delayed 2 second(s)

2019-07-15 13:45:26 - [TEST_STEP][PASSED] - click(findTestObject("OCS-DESKTOP/Cart flyout/Checkbox_I confirm that")): Object: 'Object Repository/OCS-DESKTOP/Cart flyout/Checkbox_I confirm that' is clicked on

2019-07-15 13:45:26 - [MESSAGE][PASSED] - Object: 'Object Repository/OCS-DESKTOP/Cart flyout/Checkbox_I confirm that' is clicked on

2019-07-15 13:45:26 - [TEST_STEP][PASSED] - delay(2): Delayed 2 second(s)

2019-07-15 13:45:28 - [MESSAGE][PASSED] - Delayed 2 second(s)

2019-07-15 13:45:28 - [TEST_STEP][PASSED] - click(findTestObject("OCS-DESKTOP/Cart flyout/Checkbox_Accept the Terms Condition")): Object: 'Object Repository/OCS-DESKTOP/Cart flyout/Checkbox_Accept the Terms Condition' is clicked on

2019-07-15 13:45:28 - [MESSAGE][PASSED] - Object: 'Object Repository/OCS-DESKTOP/Cart flyout/Checkbox_Accept the Terms Condition' is clicked on

2019-07-15 13:45:28 - [TEST_STEP][PASSED] - delay(1): Delayed 1 second(s)

2019-07-15 13:45:29 - [MESSAGE][PASSED] - Delayed 1 second(s)

2019-07-15 13:45:29 - [TEST_STEP][PASSED] - click(findTestObject("OCS-DESKTOP/Cart flyout/Checkout - Button")): Object: 'Object Repository/OCS-DESKTOP/Cart flyout/Checkout - Button' is clicked on

2019-07-15 13:45:31 - [MESSAGE][PASSED] - Object: 'Object Repository/OCS-DESKTOP/Cart flyout/Checkout - Button' is clicked on

2019-07-15 13:45:31 - [TEST_STEP][PASSED] - executeJavaScript("var previewBar = document.getElementById("preview-bar-iframe"); previewBar.style.display = "none";", []): Execute JavaScript 'var previewBar = document.getElementById("preview-bar-iframe"); previewBar.style.display = "none";' successfully

2019-07-15 13:45:32 - [MESSAGE][PASSED] - Execute JavaScript 'var previewBar = document.getElementById("preview-bar-iframe"); previewBar.style.display = "none";' successfully

2019-07-15 13:45:32 - [TEST_STEP][PASSED] - delay(2): Delayed 2 second(s)

2019-07-15 13:45:34 - [MESSAGE][PASSED] - Delayed 2 second(s)

2019-07-15 13:45:34 - [TEST_STEP][NOT_RUN] - scrollToElement(findTestObject("OCS-DESKTOP/Customer info page/Return to Cart - Link"), 1): NOT_RUN: scrollToElement(findTestObject("OCS-DESKTOP/Customer info page/Return to Cart - Link"), 1)

2019-07-15 13:45:34 - [MESSAGE][NOT_RUN] - NOT_RUN: scrollToElement(findTestObject("OCS-DESKTOP/Customer info page/Return to Cart - Link"), 1)

2019-07-15 13:45:34 - [TEST_STEP][PASSED] - delay(1): Delayed 1 second(s)

2019-07-15 13:45:35 - [MESSAGE][PASSED] - Delayed 1 second(s)

2019-07-15 13:45:35 - [TEST_STEP][PASSED] - delay(2): Delayed 2 second(s)

2019-07-15 13:45:37 - [MESSAGE][PASSED] - Delayed 2 second(s)

2019-07-15 13:45:37 - [TEST_STEP][PASSED] - click(findTestObject("OCS-DESKTOP/Customer info page/Return to Cart - Link")): Object: 'Object Repository/OCS-DESKTOP/Customer info page/Return to Cart - Link' is clicked on

2019-07-15 13:45:38 - [MESSAGE][PASSED] - Object: 'Object Repository/OCS-DESKTOP/Customer info page/Return to Cart - Link' is clicked on

2019-07-15 13:45:38 - [TEST_STEP][PASSED] - delay(1): Delayed 1 second(s)

2019-07-15 13:45:39 - [MESSAGE][PASSED] - Delayed 1 second(s)

2019-07-15 13:45:39 - [TEST_STEP][PASSED] - delay(1): Delayed 1 second(s)

2019-07-15 13:45:40 - [MESSAGE][PASSED] - Delayed 1 second(s)

2019-07-15 13:45:40 - [TEST_STEP][PASSED] - a = getText(findTestObject("OCS-DESKTOP/Cart page/Unit price - product - price in cart page")): Text of object 'Object Repository/OCS-DESKTOP/Cart page/Unit price - product - price in cart page' is: '$63.00'

2019-07-15 13:45:40 - [MESSAGE][PASSED] - Text of object 'Object Repository/OCS-DESKTOP/Cart page/Unit price - product - price in cart page' is: '$63.00'

2019-07-15 13:45:40 - [TEST_STEP][PASSED] - comment(a): $63.00

2019-07-15 13:45:40 - [MESSAGE][INFO] - $63.00

2019-07-15 13:45:40 - [TEST_STEP][PASSED] - click(findTestObject("OCS-DESKTOP/Cart page/Quantity Input field")): Object: 'Object Repository/OCS-DESKTOP/Cart page/Quantity Input field' is clicked on

2019-07-15 13:45:40 - [MESSAGE][PASSED] - Object: 'Object Repository/OCS-DESKTOP/Cart page/Quantity Input field' is clicked on

2019-07-15 13:45:40 - [TEST_STEP][PASSED] - sendKeys(findTestObject("OCS-DESKTOP/Cart page/Quantity Input field"), Keys.chord(CLEAR)): Keys 'CLEAR + ' sent to object: 'Object Repository/OCS-DESKTOP/Cart page/Quantity Input field'

2019-07-15 13:45:40 - [MESSAGE][PASSED] - Keys 'CLEAR + ' sent to object: 'Object Repository/OCS-DESKTOP/Cart page/Quantity Input field'

2019-07-15 13:45:40 - [TEST_STEP][PASSED] - setText(findTestObject("OCS-DESKTOP/Cart page/Quantity Input field"), "10"): Text '10' is set on object 'Object Repository/OCS-DESKTOP/Cart page/Quantity Input field'

2019-07-15 13:45:40 - [MESSAGE][PASSED] - Text '10' is set on object 'Object Repository/OCS-DESKTOP/Cart page/Quantity Input field'

2019-07-15 13:45:40 - [TEST_STEP][PASSED] - delay(2): Delayed 2 second(s)

2019-07-15 13:45:42 - [MESSAGE][PASSED] - Delayed 2 second(s)

2019-07-15 13:45:42 - [TEST_STEP][PASSED] - sendKeys(findTestObject("OCS-DESKTOP/Cart page/Quantity Input field"), Keys.chord(CLEAR)): Keys 'CLEAR + ' sent to object: 'Object Repository/OCS-DESKTOP/Cart page/Quantity Input field'

2019-07-15 13:45:42 - [MESSAGE][PASSED] - Keys 'CLEAR + ' sent to object: 'Object Repository/OCS-DESKTOP/Cart page/Quantity Input field'

2019-07-15 13:45:42 - [TEST_STEP][NOT_RUN] - click(findTestObject("OCS-DESKTOP/Cart page/enter quantity")): NOT_RUN: click(findTestObject("OCS-DESKTOP/Cart page/enter quantity"))

2019-07-15 13:45:42 - [MESSAGE][NOT_RUN] - NOT_RUN: click(findTestObject("OCS-DESKTOP/Cart page/enter quantity"))

2019-07-15 13:45:42 - [TEST_STEP][PASSED] - delay(2): Delayed 2 second(s)

2019-07-15 13:45:44 - [MESSAGE][PASSED] - Delayed 2 second(s)

2019-07-15 13:45:44 - [TEST_STEP][PASSED] - setText(findTestObject("OCS-DESKTOP/Cart page/Quantity Input field"), "7"): Text '7' is set on object 'Object Repository/OCS-DESKTOP/Cart page/Quantity Input field'

2019-07-15 13:45:44 - [MESSAGE][PASSED] - Text '7' is set on object 'Object Repository/OCS-DESKTOP/Cart page/Quantity Input field'

2019-07-15 13:45:44 - [TEST_STEP][PASSED] - delay(2): Delayed 2 second(s)

2019-07-15 13:45:46 - [MESSAGE][PASSED] - Delayed 2 second(s)

2019-07-15 13:45:46 - [TEST_STEP][NOT_RUN] - click(findTestObject("OCS-DESKTOP/Cart page/Unit price - product")): NOT_RUN: click(findTestObject("OCS-DESKTOP/Cart page/Unit price - product"))

2019-07-15 13:45:46 - [MESSAGE][NOT_RUN] - NOT_RUN: click(findTestObject("OCS-DESKTOP/Cart page/Unit price - product"))

2019-07-15 13:45:46 - [TEST_STEP][PASSED] - delay(2): Delayed 2 second(s)

2019-07-15 13:45:48 - [MESSAGE][PASSED] - Delayed 2 second(s)

2019-07-15 13:45:48 - [TEST_STEP][PASSED] - click(findTestObject("OCS-DESKTOP/Cart page/Qty Decrease icon")): Object: 'Object Repository/OCS-DESKTOP/Cart page/Qty Decrease icon' is clicked on

2019-07-15 13:45:49 - [MESSAGE][PASSED] - Object: 'Object Repository/OCS-DESKTOP/Cart page/Qty Decrease icon' is clicked on

2019-07-15 13:45:49 - [TEST_STEP][PASSED] - delay(2): Delayed 2 second(s)

2019-07-15 13:45:51 - [MESSAGE][PASSED] - Delayed 2 second(s)

2019-07-15 13:45:51 - [TEST_STEP][PASSED] - click(findTestObject("OCS-DESKTOP/Cart page/Qty Decrease icon")): Object: 'Object Repository/OCS-DESKTOP/Cart page/Qty Decrease icon' is clicked on

2019-07-15 13:45:51 - [MESSAGE][PASSED] - Object: 'Object Repository/OCS-DESKTOP/Cart page/Qty Decrease icon' is clicked on

2019-07-15 13:45:51 - [TEST_STEP][PASSED] - delay(2): Delayed 2 second(s)

2019-07-15 13:45:53 - [MESSAGE][PASSED] - Delayed 2 second(s)

2019-07-15 13:45:53 - [TEST_STEP][PASSED] - click(findTestObject("OCS-DESKTOP/Cart page/Qty Decrease icon")): Object: 'Object Repository/OCS-DESKTOP/Cart page/Qty Decrease icon' is clicked on

2019-07-15 13:45:53 - [MESSAGE][PASSED] - Object: 'Object Repository/OCS-DESKTOP/Cart page/Qty Decrease icon' is clicked on

2019-07-15 13:45:53 - [TEST_STEP][PASSED] - delay(2): Delayed 2 second(s)

2019-07-15 13:45:55 - [MESSAGE][PASSED] - Delayed 2 second(s)

2019-07-15 13:45:55 - [TEST_STEP][PASSED] - b = getText(findTestObject("OCS-DESKTOP/Cart page/Unit price - product - price in cart page")): Text of object 'Object Repository/OCS-DESKTOP/Cart page/Unit price - product - price in cart page' is: '$42.00'

2019-07-15 13:45:55 - [MESSAGE][PASSED] - Text of object 'Object Repository/OCS-DESKTOP/Cart page/Unit price - product - price in cart page' is: '$42.00'

2019-07-15 13:45:55 - [TEST_STEP][PASSED] - comment(b): $42.00

2019-07-15 13:45:55 - [MESSAGE][INFO] - $42.00

2019-07-15 13:45:55 - [TEST_STEP][PASSED] - verifyNotEqual("a", "b"): Actual object 'a' and expected object 'b' are not equal

2019-07-15 13:45:55 - [MESSAGE][PASSED] - Actual object 'a' and expected object 'b' are not equal

2019-07-15 13:45:55 - [TEST_STEP][PASSED] - comment(" price changed . Quantity selector is working"):  price changed . Quantity selector is working

2019-07-15 13:45:55 - [MESSAGE][INFO] -  price changed . Quantity selector is working]]></system-out>
         <system-err><![CDATA[]]></system-err>
      </testcase>
      <testcase name="Test Cases/OCS - DESKTOP/OCS- CRITICAL PATH/cart page-increase qty" classname="Test Cases/OCS - DESKTOP/OCS- CRITICAL PATH/cart page-increase qty" status="PASSED">
         <system-out><![CDATA[2019-07-15 13:45:55 - [TEST_CASE][PASSED] - Test Cases/OCS - DESKTOP/OCS- CRITICAL PATH/cart page-increase qty: Test Cases/OCS - DESKTOP/OCS- CRITICAL PATH/cart page-increase qty

2019-07-15 13:45:55 - [TEST_STEP][PASSED] - callTestCase(findTestCase("OCS - DESKTOP/CALL- Age gate"), [:], STOP_ON_FAILURE): Call Test Case 'Test Cases/OCS - DESKTOP/CALL- Age gate' successfully

2019-07-15 13:45:55 - [TEST_CASE][PASSED] - Test Cases/OCS - DESKTOP/CALL- Age gate: Test Cases/OCS - DESKTOP/CALL- Age gate

2019-07-15 13:45:55 - [TEST_STEP][PASSED] - openBrowser(""): Browser is opened with url: ''

2019-07-15 13:45:55 - [MESSAGE][WARNING] - A browser is already opened. Closing browser and opening a new one

2019-07-15 13:45:56 - [MESSAGE][INFO] - Starting 'Chrome' driver

2019-07-15 13:45:57 - [MESSAGE][PASSED] - Browser is opened with url: ''

2019-07-15 13:45:57 - [TEST_STEP][PASSED] - navigateToUrl("https://ocs.ca/?fts=0&preview_theme_id=74205529932"): Navigate to 'https://ocs.ca/?fts=0&preview_theme_id=74205529932' successfully

2019-07-15 13:46:02 - [MESSAGE][PASSED] - Navigate to 'https://ocs.ca/?fts=0&preview_theme_id=74205529932' successfully

2019-07-15 13:46:02 - [TEST_STEP][PASSED] - maximizeWindow(): Current window maximized

2019-07-15 13:46:02 - [MESSAGE][PASSED] - Current window maximized

2019-07-15 13:46:02 - [TEST_STEP][PASSED] - delay(2): Delayed 2 second(s)

2019-07-15 13:46:04 - [MESSAGE][PASSED] - Delayed 2 second(s)

2019-07-15 13:46:04 - [TEST_STEP][PASSED] - executeJavaScript("var previewBar = document.getElementById("preview-bar-iframe"); previewBar.style.display = "none";", []): Execute JavaScript 'var previewBar = document.getElementById("preview-bar-iframe"); previewBar.style.display = "none";' successfully

2019-07-15 13:46:04 - [MESSAGE][PASSED] - Execute JavaScript 'var previewBar = document.getElementById("preview-bar-iframe"); previewBar.style.display = "none";' successfully

2019-07-15 13:46:04 - [TEST_STEP][PASSED] - selectOptionByValue(findTestObject("OCS-DESKTOP/Age gate and Mega menu/Date"), "12", true): All options with value '12' are selected in object 'Object Repository/OCS-DESKTOP/Age gate and Mega menu/Date'  using regular expression

2019-07-15 13:46:05 - [MESSAGE][PASSED] - All options with value '12' are selected in object 'Object Repository/OCS-DESKTOP/Age gate and Mega menu/Date'  using regular expression

2019-07-15 13:46:05 - [TEST_STEP][PASSED] - selectOptionByValue(findTestObject("OCS-DESKTOP/Age gate and Mega menu/month"), "6", true): All options with value '6' are selected in object 'Object Repository/OCS-DESKTOP/Age gate and Mega menu/month'  using regular expression

2019-07-15 13:46:05 - [MESSAGE][PASSED] - All options with value '6' are selected in object 'Object Repository/OCS-DESKTOP/Age gate and Mega menu/month'  using regular expression

2019-07-15 13:46:05 - [TEST_STEP][PASSED] - delay(2): Delayed 2 second(s)

2019-07-15 13:46:07 - [MESSAGE][PASSED] - Delayed 2 second(s)

2019-07-15 13:46:07 - [TEST_STEP][PASSED] - selectOptionByValue(findTestObject("OCS-DESKTOP/Age gate and Mega menu/Year Dropdown"), "1990", true): All options with value '1990' are selected in object 'Object Repository/OCS-DESKTOP/Age gate and Mega menu/Year Dropdown'  using regular expression

2019-07-15 13:46:08 - [MESSAGE][PASSED] - All options with value '1990' are selected in object 'Object Repository/OCS-DESKTOP/Age gate and Mega menu/Year Dropdown'  using regular expression

2019-07-15 13:46:08 - [TEST_STEP][PASSED] - click(findTestObject("OCS-DESKTOP/Age gate and Mega menu/button_Verify")): Object: 'Object Repository/OCS-DESKTOP/Age gate and Mega menu/button_Verify' is clicked on

2019-07-15 13:46:08 - [MESSAGE][PASSED] - Object: 'Object Repository/OCS-DESKTOP/Age gate and Mega menu/button_Verify' is clicked on

2019-07-15 13:46:08 - [TEST_STEP][PASSED] - click(findTestObject("OCS-DESKTOP/Age gate and Mega menu/Checkbox_CONFIRM AND ACKNOWLEDGE")): Object: 'Object Repository/OCS-DESKTOP/Age gate and Mega menu/Checkbox_CONFIRM AND ACKNOWLEDGE' is clicked on

2019-07-15 13:46:08 - [MESSAGE][PASSED] - Object: 'Object Repository/OCS-DESKTOP/Age gate and Mega menu/Checkbox_CONFIRM AND ACKNOWLEDGE' is clicked on

2019-07-15 13:46:08 - [TEST_STEP][PASSED] - click(findTestObject("OCS-DESKTOP/Age gate and Mega menu/button_CONFIRM")): Object: 'Object Repository/OCS-DESKTOP/Age gate and Mega menu/button_CONFIRM' is clicked on

2019-07-15 13:46:08 - [MESSAGE][PASSED] - Object: 'Object Repository/OCS-DESKTOP/Age gate and Mega menu/button_CONFIRM' is clicked on

2019-07-15 13:46:08 - [TEST_STEP][PASSED] - click(findTestObject("OCS-DESKTOP/Age gate and Mega menu/button_Start Browsing")): Object: 'Object Repository/OCS-DESKTOP/Age gate and Mega menu/button_Start Browsing' is clicked on

2019-07-15 13:46:08 - [MESSAGE][PASSED] - Object: 'Object Repository/OCS-DESKTOP/Age gate and Mega menu/button_Start Browsing' is clicked on

2019-07-15 13:46:08 - [TEST_STEP][PASSED] - delay(2): Delayed 2 second(s)

2019-07-15 13:46:10 - [MESSAGE][PASSED] - Delayed 2 second(s)

2019-07-15 13:46:10 - [TEST_STEP][PASSED] - refresh(): Refresh successfully

2019-07-15 13:46:14 - [MESSAGE][PASSED] - Refresh successfully

2019-07-15 13:46:14 - [MESSAGE][PASSED] - Call Test Case 'Test Cases/OCS - DESKTOP/CALL- Age gate' successfully

2019-07-15 13:46:14 - [TEST_STEP][PASSED] - delay(2): Delayed 2 second(s)

2019-07-15 13:46:16 - [MESSAGE][PASSED] - Delayed 2 second(s)

2019-07-15 13:46:16 - [TEST_STEP][PASSED] - click(findTestObject("OCS-DESKTOP/Age gate and Mega menu/Header/CANNABIS menu - English")): Object: 'Object Repository/OCS-DESKTOP/Age gate and Mega menu/Header/CANNABIS menu - English' is clicked on

2019-07-15 13:46:16 - [MESSAGE][PASSED] - Object: 'Object Repository/OCS-DESKTOP/Age gate and Mega menu/Header/CANNABIS menu - English' is clicked on

2019-07-15 13:46:16 - [TEST_STEP][PASSED] - delay(2): Delayed 2 second(s)

2019-07-15 13:46:18 - [MESSAGE][PASSED] - Delayed 2 second(s)

2019-07-15 13:46:18 - [TEST_STEP][PASSED] - executeJavaScript("var previewBar = document.getElementById("preview-bar-iframe"); previewBar.style.display = "none";", []): Execute JavaScript 'var previewBar = document.getElementById("preview-bar-iframe"); previewBar.style.display = "none";' successfully

2019-07-15 13:46:18 - [MESSAGE][PASSED] - Execute JavaScript 'var previewBar = document.getElementById("preview-bar-iframe"); previewBar.style.display = "none";' successfully

2019-07-15 13:46:18 - [TEST_STEP][PASSED] - click(findTestObject("OCS-DESKTOP/Age gate and Mega menu/Indica Dominant_Menu item")): Object: 'Object Repository/OCS-DESKTOP/Age gate and Mega menu/Indica Dominant_Menu item' is clicked on

2019-07-15 13:46:20 - [MESSAGE][PASSED] - Object: 'Object Repository/OCS-DESKTOP/Age gate and Mega menu/Indica Dominant_Menu item' is clicked on

2019-07-15 13:46:20 - [TEST_STEP][PASSED] - delay(2): Delayed 2 second(s)

2019-07-15 13:46:22 - [MESSAGE][PASSED] - Delayed 2 second(s)

2019-07-15 13:46:22 - [TEST_STEP][PASSED] - executeJavaScript("var previewBar = document.getElementById("preview-bar-iframe"); previewBar.style.display = "none";", []): Execute JavaScript 'var previewBar = document.getElementById("preview-bar-iframe"); previewBar.style.display = "none";' successfully

2019-07-15 13:46:22 - [MESSAGE][PASSED] - Execute JavaScript 'var previewBar = document.getElementById("preview-bar-iframe"); previewBar.style.display = "none";' successfully

2019-07-15 13:46:22 - [TEST_STEP][PASSED] - click(findTestObject("OCS-DESKTOP/Collection page/Product image - 1st one")): Object: 'Object Repository/OCS-DESKTOP/Collection page/Product image - 1st one' is clicked on

2019-07-15 13:46:26 - [MESSAGE][PASSED] - Object: 'Object Repository/OCS-DESKTOP/Collection page/Product image - 1st one' is clicked on

2019-07-15 13:46:26 - [TEST_STEP][PASSED] - executeJavaScript("var previewBar = document.getElementById("preview-bar-iframe"); previewBar.style.display = "none";", []): Execute JavaScript 'var previewBar = document.getElementById("preview-bar-iframe"); previewBar.style.display = "none";' successfully

2019-07-15 13:46:26 - [MESSAGE][PASSED] - Execute JavaScript 'var previewBar = document.getElementById("preview-bar-iframe"); previewBar.style.display = "none";' successfully

2019-07-15 13:46:26 - [TEST_STEP][NOT_RUN] - scrollToElement(findTestObject("OCS-DESKTOP/Product page/Product image"), 1): NOT_RUN: scrollToElement(findTestObject("OCS-DESKTOP/Product page/Product image"), 1)

2019-07-15 13:46:26 - [MESSAGE][NOT_RUN] - NOT_RUN: scrollToElement(findTestObject("OCS-DESKTOP/Product page/Product image"), 1)

2019-07-15 13:46:26 - [TEST_STEP][PASSED] - delay(2): Delayed 2 second(s)

2019-07-15 13:46:28 - [MESSAGE][PASSED] - Delayed 2 second(s)

2019-07-15 13:46:28 - [TEST_STEP][PASSED] - click(findTestObject("OCS-DESKTOP/Product page/Swatch_1g")): Object: 'Object Repository/OCS-DESKTOP/Product page/Swatch_1g' is clicked on

2019-07-15 13:46:28 - [MESSAGE][PASSED] - Object: 'Object Repository/OCS-DESKTOP/Product page/Swatch_1g' is clicked on

2019-07-15 13:46:28 - [TEST_STEP][PASSED] - delay(2): Delayed 2 second(s)

2019-07-15 13:46:30 - [MESSAGE][PASSED] - Delayed 2 second(s)

2019-07-15 13:46:30 - [TEST_STEP][PASSED] - click(findTestObject("OCS-DESKTOP/Product page/Add to Bag-button")): Object: 'Object Repository/OCS-DESKTOP/Product page/Add to Bag-button' is clicked on

2019-07-15 13:46:30 - [MESSAGE][PASSED] - Object: 'Object Repository/OCS-DESKTOP/Product page/Add to Bag-button' is clicked on

2019-07-15 13:46:30 - [TEST_STEP][PASSED] - delay(1): Delayed 1 second(s)

2019-07-15 13:46:31 - [MESSAGE][PASSED] - Delayed 1 second(s)

2019-07-15 13:46:31 - [TEST_STEP][PASSED] - click(findTestObject("OCS-DESKTOP/Home - page/Cart icon -bag")): Object: 'Object Repository/OCS-DESKTOP/Home - page/Cart icon -bag' is clicked on

2019-07-15 13:46:31 - [MESSAGE][PASSED] - Object: 'Object Repository/OCS-DESKTOP/Home - page/Cart icon -bag' is clicked on

2019-07-15 13:46:31 - [TEST_STEP][PASSED] - delay(1): Delayed 1 second(s)

2019-07-15 13:46:32 - [MESSAGE][PASSED] - Delayed 1 second(s)

2019-07-15 13:46:32 - [TEST_STEP][PASSED] - click(findTestObject("OCS-DESKTOP/Cart flyout/Checkbox_I confirm that")): Object: 'Object Repository/OCS-DESKTOP/Cart flyout/Checkbox_I confirm that' is clicked on

2019-07-15 13:46:32 - [MESSAGE][PASSED] - Object: 'Object Repository/OCS-DESKTOP/Cart flyout/Checkbox_I confirm that' is clicked on

2019-07-15 13:46:32 - [TEST_STEP][PASSED] - delay(2): Delayed 2 second(s)

2019-07-15 13:46:34 - [MESSAGE][PASSED] - Delayed 2 second(s)

2019-07-15 13:46:34 - [TEST_STEP][PASSED] - click(findTestObject("OCS-DESKTOP/Cart flyout/Checkbox_Accept the Terms Condition")): Object: 'Object Repository/OCS-DESKTOP/Cart flyout/Checkbox_Accept the Terms Condition' is clicked on

2019-07-15 13:46:34 - [MESSAGE][PASSED] - Object: 'Object Repository/OCS-DESKTOP/Cart flyout/Checkbox_Accept the Terms Condition' is clicked on

2019-07-15 13:46:34 - [TEST_STEP][PASSED] - delay(1): Delayed 1 second(s)

2019-07-15 13:46:35 - [MESSAGE][PASSED] - Delayed 1 second(s)

2019-07-15 13:46:35 - [TEST_STEP][PASSED] - click(findTestObject("OCS-DESKTOP/Cart flyout/Checkout - Button")): Object: 'Object Repository/OCS-DESKTOP/Cart flyout/Checkout - Button' is clicked on

2019-07-15 13:46:39 - [MESSAGE][PASSED] - Object: 'Object Repository/OCS-DESKTOP/Cart flyout/Checkout - Button' is clicked on

2019-07-15 13:46:39 - [TEST_STEP][PASSED] - delay(2): Delayed 2 second(s)

2019-07-15 13:46:41 - [MESSAGE][PASSED] - Delayed 2 second(s)

2019-07-15 13:46:41 - [TEST_STEP][PASSED] - scrollToElement(findTestObject("OCS-DESKTOP/Customer info page/Return to Cart - Link"), 1): Scroll to object 'Object Repository/OCS-DESKTOP/Customer info page/Return to Cart - Link' successfully

2019-07-15 13:46:41 - [MESSAGE][PASSED] - Scroll to object 'Object Repository/OCS-DESKTOP/Customer info page/Return to Cart - Link' successfully

2019-07-15 13:46:41 - [TEST_STEP][PASSED] - executeJavaScript("var previewBar = document.getElementById("preview-bar-iframe"); previewBar.style.display = "none";", []): Execute JavaScript 'var previewBar = document.getElementById("preview-bar-iframe"); previewBar.style.display = "none";' successfully

2019-07-15 13:46:41 - [MESSAGE][PASSED] - Execute JavaScript 'var previewBar = document.getElementById("preview-bar-iframe"); previewBar.style.display = "none";' successfully

2019-07-15 13:46:41 - [TEST_STEP][PASSED] - delay(1): Delayed 1 second(s)

2019-07-15 13:46:42 - [MESSAGE][PASSED] - Delayed 1 second(s)

2019-07-15 13:46:42 - [TEST_STEP][PASSED] - click(findTestObject("OCS-DESKTOP/Customer info page/Return to Cart - Link")): Object: 'Object Repository/OCS-DESKTOP/Customer info page/Return to Cart - Link' is clicked on

2019-07-15 13:46:44 - [MESSAGE][PASSED] - Object: 'Object Repository/OCS-DESKTOP/Customer info page/Return to Cart - Link' is clicked on

2019-07-15 13:46:44 - [TEST_STEP][PASSED] - delay(1): Delayed 1 second(s)

2019-07-15 13:46:45 - [MESSAGE][PASSED] - Delayed 1 second(s)

2019-07-15 13:46:45 - [TEST_STEP][PASSED] - a = getText(findTestObject("OCS-DESKTOP/Cart page/Unit price - product - price in cart page")): Text of object 'Object Repository/OCS-DESKTOP/Cart page/Unit price - product - price in cart page' is: '$10.50'

2019-07-15 13:46:45 - [MESSAGE][PASSED] - Text of object 'Object Repository/OCS-DESKTOP/Cart page/Unit price - product - price in cart page' is: '$10.50'

2019-07-15 13:46:45 - [TEST_STEP][PASSED] - comment(a): $10.50

2019-07-15 13:46:45 - [MESSAGE][INFO] - $10.50

2019-07-15 13:46:45 - [TEST_STEP][PASSED] - click(findTestObject("OCS-DESKTOP/Cart page/Quantity Input field")): Object: 'Object Repository/OCS-DESKTOP/Cart page/Quantity Input field' is clicked on

2019-07-15 13:46:45 - [MESSAGE][PASSED] - Object: 'Object Repository/OCS-DESKTOP/Cart page/Quantity Input field' is clicked on

2019-07-15 13:46:45 - [TEST_STEP][PASSED] - sendKeys(findTestObject("OCS-DESKTOP/Cart page/Quantity Input field"), Keys.chord(CLEAR)): Keys 'CLEAR + ' sent to object: 'Object Repository/OCS-DESKTOP/Cart page/Quantity Input field'

2019-07-15 13:46:46 - [MESSAGE][PASSED] - Keys 'CLEAR + ' sent to object: 'Object Repository/OCS-DESKTOP/Cart page/Quantity Input field'

2019-07-15 13:46:46 - [TEST_STEP][PASSED] - setText(findTestObject("OCS-DESKTOP/Cart page/Quantity Input field"), "5"): Text '5' is set on object 'Object Repository/OCS-DESKTOP/Cart page/Quantity Input field'

2019-07-15 13:46:46 - [MESSAGE][PASSED] - Text '5' is set on object 'Object Repository/OCS-DESKTOP/Cart page/Quantity Input field'

2019-07-15 13:46:46 - [TEST_STEP][PASSED] - delay(2): Delayed 2 second(s)

2019-07-15 13:46:48 - [MESSAGE][PASSED] - Delayed 2 second(s)

2019-07-15 13:46:48 - [TEST_STEP][PASSED] - sendKeys(findTestObject("OCS-DESKTOP/Cart page/Quantity Input field"), Keys.chord(CLEAR)): Keys 'CLEAR + ' sent to object: 'Object Repository/OCS-DESKTOP/Cart page/Quantity Input field'

2019-07-15 13:46:48 - [MESSAGE][PASSED] - Keys 'CLEAR + ' sent to object: 'Object Repository/OCS-DESKTOP/Cart page/Quantity Input field'

2019-07-15 13:46:48 - [TEST_STEP][PASSED] - setText(findTestObject("OCS-DESKTOP/Cart page/Quantity Input field"), "7"): Text '7' is set on object 'Object Repository/OCS-DESKTOP/Cart page/Quantity Input field'

2019-07-15 13:46:48 - [MESSAGE][PASSED] - Text '7' is set on object 'Object Repository/OCS-DESKTOP/Cart page/Quantity Input field'

2019-07-15 13:46:48 - [TEST_STEP][PASSED] - delay(2): Delayed 2 second(s)

2019-07-15 13:46:50 - [MESSAGE][PASSED] - Delayed 2 second(s)

2019-07-15 13:46:50 - [TEST_STEP][PASSED] - click(findTestObject("OCS-DESKTOP/Cart page/Qty Increase icon")): Object: 'Object Repository/OCS-DESKTOP/Cart page/Qty Increase icon' is clicked on

2019-07-15 13:46:50 - [MESSAGE][PASSED] - Object: 'Object Repository/OCS-DESKTOP/Cart page/Qty Increase icon' is clicked on

2019-07-15 13:46:50 - [TEST_STEP][PASSED] - delay(2): Delayed 2 second(s)

2019-07-15 13:46:52 - [MESSAGE][PASSED] - Delayed 2 second(s)

2019-07-15 13:46:52 - [TEST_STEP][PASSED] - click(findTestObject("OCS-DESKTOP/Cart page/Qty Increase icon")): Object: 'Object Repository/OCS-DESKTOP/Cart page/Qty Increase icon' is clicked on

2019-07-15 13:46:52 - [MESSAGE][PASSED] - Object: 'Object Repository/OCS-DESKTOP/Cart page/Qty Increase icon' is clicked on

2019-07-15 13:46:52 - [TEST_STEP][PASSED] - delay(2): Delayed 2 second(s)

2019-07-15 13:46:54 - [MESSAGE][PASSED] - Delayed 2 second(s)

2019-07-15 13:46:54 - [TEST_STEP][PASSED] - click(findTestObject("OCS-DESKTOP/Cart page/Qty Increase icon")): Object: 'Object Repository/OCS-DESKTOP/Cart page/Qty Increase icon' is clicked on

2019-07-15 13:46:54 - [MESSAGE][PASSED] - Object: 'Object Repository/OCS-DESKTOP/Cart page/Qty Increase icon' is clicked on

2019-07-15 13:46:54 - [TEST_STEP][PASSED] - delay(2): Delayed 2 second(s)

2019-07-15 13:46:56 - [MESSAGE][PASSED] - Delayed 2 second(s)

2019-07-15 13:46:56 - [TEST_STEP][PASSED] - b = getText(findTestObject("OCS-DESKTOP/Cart page/Unit price - product - price in cart page")): Text of object 'Object Repository/OCS-DESKTOP/Cart page/Unit price - product - price in cart page' is: '$105.00'

2019-07-15 13:46:56 - [MESSAGE][PASSED] - Text of object 'Object Repository/OCS-DESKTOP/Cart page/Unit price - product - price in cart page' is: '$105.00'

2019-07-15 13:46:56 - [TEST_STEP][PASSED] - comment(b): $105.00

2019-07-15 13:46:56 - [MESSAGE][INFO] - $105.00

2019-07-15 13:46:56 - [TEST_STEP][PASSED] - verifyNotEqual("a", "b"): Actual object 'a' and expected object 'b' are not equal

2019-07-15 13:46:56 - [MESSAGE][PASSED] - Actual object 'a' and expected object 'b' are not equal

2019-07-15 13:46:56 - [TEST_STEP][PASSED] - comment(" price changed . Quantity selector is working"):  price changed . Quantity selector is working

2019-07-15 13:46:56 - [MESSAGE][INFO] -  price changed . Quantity selector is working]]></system-out>
         <system-err><![CDATA[]]></system-err>
      </testcase>
      <testcase name="Test Cases/OCS - DESKTOP/OCS- CRITICAL PATH - FRENCH/Cart flyout - decrease qty-fr" classname="Test Cases/OCS - DESKTOP/OCS- CRITICAL PATH - FRENCH/Cart flyout - decrease qty-fr" status="PASSED">
         <system-out><![CDATA[2019-07-15 13:46:56 - [TEST_CASE][PASSED] - Test Cases/OCS - DESKTOP/OCS- CRITICAL PATH - FRENCH/Cart flyout - decrease qty-fr: Test Cases/OCS - DESKTOP/OCS- CRITICAL PATH - FRENCH/Cart flyout - decrease qty-fr

2019-07-15 13:46:56 - [TEST_STEP][PASSED] - callTestCase(findTestCase("OCS - DESKTOP/CALL- Age gate"), [:], STOP_ON_FAILURE): Call Test Case 'Test Cases/OCS - DESKTOP/CALL- Age gate' successfully

2019-07-15 13:46:56 - [TEST_CASE][PASSED] - Test Cases/OCS - DESKTOP/CALL- Age gate: Test Cases/OCS - DESKTOP/CALL- Age gate

2019-07-15 13:46:56 - [TEST_STEP][PASSED] - openBrowser(""): Browser is opened with url: ''

2019-07-15 13:46:56 - [MESSAGE][WARNING] - A browser is already opened. Closing browser and opening a new one

2019-07-15 13:46:56 - [MESSAGE][INFO] - Starting 'Chrome' driver

2019-07-15 13:46:58 - [MESSAGE][PASSED] - Browser is opened with url: ''

2019-07-15 13:46:58 - [TEST_STEP][PASSED] - navigateToUrl("https://ocs.ca/?fts=0&preview_theme_id=74205529932"): Navigate to 'https://ocs.ca/?fts=0&preview_theme_id=74205529932' successfully

2019-07-15 13:47:03 - [MESSAGE][PASSED] - Navigate to 'https://ocs.ca/?fts=0&preview_theme_id=74205529932' successfully

2019-07-15 13:47:03 - [TEST_STEP][PASSED] - maximizeWindow(): Current window maximized

2019-07-15 13:47:03 - [MESSAGE][PASSED] - Current window maximized

2019-07-15 13:47:03 - [TEST_STEP][PASSED] - delay(2): Delayed 2 second(s)

2019-07-15 13:47:05 - [MESSAGE][PASSED] - Delayed 2 second(s)

2019-07-15 13:47:05 - [TEST_STEP][PASSED] - executeJavaScript("var previewBar = document.getElementById("preview-bar-iframe"); previewBar.style.display = "none";", []): Execute JavaScript 'var previewBar = document.getElementById("preview-bar-iframe"); previewBar.style.display = "none";' successfully

2019-07-15 13:47:05 - [MESSAGE][PASSED] - Execute JavaScript 'var previewBar = document.getElementById("preview-bar-iframe"); previewBar.style.display = "none";' successfully

2019-07-15 13:47:05 - [TEST_STEP][PASSED] - selectOptionByValue(findTestObject("OCS-DESKTOP/Age gate and Mega menu/Date"), "12", true): All options with value '12' are selected in object 'Object Repository/OCS-DESKTOP/Age gate and Mega menu/Date'  using regular expression

2019-07-15 13:47:06 - [MESSAGE][PASSED] - All options with value '12' are selected in object 'Object Repository/OCS-DESKTOP/Age gate and Mega menu/Date'  using regular expression

2019-07-15 13:47:06 - [TEST_STEP][PASSED] - selectOptionByValue(findTestObject("OCS-DESKTOP/Age gate and Mega menu/month"), "6", true): All options with value '6' are selected in object 'Object Repository/OCS-DESKTOP/Age gate and Mega menu/month'  using regular expression

2019-07-15 13:47:06 - [MESSAGE][PASSED] - All options with value '6' are selected in object 'Object Repository/OCS-DESKTOP/Age gate and Mega menu/month'  using regular expression

2019-07-15 13:47:06 - [TEST_STEP][PASSED] - delay(2): Delayed 2 second(s)

2019-07-15 13:47:08 - [MESSAGE][PASSED] - Delayed 2 second(s)

2019-07-15 13:47:08 - [TEST_STEP][PASSED] - selectOptionByValue(findTestObject("OCS-DESKTOP/Age gate and Mega menu/Year Dropdown"), "1990", true): All options with value '1990' are selected in object 'Object Repository/OCS-DESKTOP/Age gate and Mega menu/Year Dropdown'  using regular expression

2019-07-15 13:47:09 - [MESSAGE][PASSED] - All options with value '1990' are selected in object 'Object Repository/OCS-DESKTOP/Age gate and Mega menu/Year Dropdown'  using regular expression

2019-07-15 13:47:09 - [TEST_STEP][PASSED] - click(findTestObject("OCS-DESKTOP/Age gate and Mega menu/button_Verify")): Object: 'Object Repository/OCS-DESKTOP/Age gate and Mega menu/button_Verify' is clicked on

2019-07-15 13:47:09 - [MESSAGE][PASSED] - Object: 'Object Repository/OCS-DESKTOP/Age gate and Mega menu/button_Verify' is clicked on

2019-07-15 13:47:09 - [TEST_STEP][PASSED] - click(findTestObject("OCS-DESKTOP/Age gate and Mega menu/Checkbox_CONFIRM AND ACKNOWLEDGE")): Object: 'Object Repository/OCS-DESKTOP/Age gate and Mega menu/Checkbox_CONFIRM AND ACKNOWLEDGE' is clicked on

2019-07-15 13:47:09 - [MESSAGE][PASSED] - Object: 'Object Repository/OCS-DESKTOP/Age gate and Mega menu/Checkbox_CONFIRM AND ACKNOWLEDGE' is clicked on

2019-07-15 13:47:09 - [TEST_STEP][PASSED] - click(findTestObject("OCS-DESKTOP/Age gate and Mega menu/button_CONFIRM")): Object: 'Object Repository/OCS-DESKTOP/Age gate and Mega menu/button_CONFIRM' is clicked on

2019-07-15 13:47:09 - [MESSAGE][PASSED] - Object: 'Object Repository/OCS-DESKTOP/Age gate and Mega menu/button_CONFIRM' is clicked on

2019-07-15 13:47:09 - [TEST_STEP][PASSED] - click(findTestObject("OCS-DESKTOP/Age gate and Mega menu/button_Start Browsing")): Object: 'Object Repository/OCS-DESKTOP/Age gate and Mega menu/button_Start Browsing' is clicked on

2019-07-15 13:47:09 - [MESSAGE][PASSED] - Object: 'Object Repository/OCS-DESKTOP/Age gate and Mega menu/button_Start Browsing' is clicked on

2019-07-15 13:47:09 - [TEST_STEP][PASSED] - delay(2): Delayed 2 second(s)

2019-07-15 13:47:11 - [MESSAGE][PASSED] - Delayed 2 second(s)

2019-07-15 13:47:11 - [TEST_STEP][PASSED] - refresh(): Refresh successfully

2019-07-15 13:47:11 - [MESSAGE][PASSED] - Refresh successfully

2019-07-15 13:47:11 - [MESSAGE][PASSED] - Call Test Case 'Test Cases/OCS - DESKTOP/CALL- Age gate' successfully

2019-07-15 13:47:11 - [TEST_STEP][PASSED] - delay(2): Delayed 2 second(s)

2019-07-15 13:47:13 - [MESSAGE][PASSED] - Delayed 2 second(s)

2019-07-15 13:47:13 - [TEST_STEP][PASSED] - callTestCase(findTestCase("OCS - DESKTOP/CALL - TOGGLING LANGUAGE"), [:], STOP_ON_FAILURE): Call Test Case 'Test Cases/OCS - DESKTOP/CALL - TOGGLING LANGUAGE' successfully

2019-07-15 13:47:13 - [TEST_CASE][PASSED] - Test Cases/OCS - DESKTOP/CALL - TOGGLING LANGUAGE: Test Cases/OCS - DESKTOP/CALL - TOGGLING LANGUAGE

2019-07-15 13:47:13 - [TEST_STEP][PASSED] - delay(2): Delayed 2 second(s)

2019-07-15 13:47:15 - [MESSAGE][PASSED] - Delayed 2 second(s)

2019-07-15 13:47:15 - [TEST_STEP][PASSED] - click(findTestObject("OCS-DESKTOP/Cart flyout/English dropdown")): Object: 'Object Repository/OCS-DESKTOP/Cart flyout/English dropdown' is clicked on

2019-07-15 13:47:16 - [MESSAGE][PASSED] - Object: 'Object Repository/OCS-DESKTOP/Cart flyout/English dropdown' is clicked on

2019-07-15 13:47:16 - [TEST_STEP][PASSED] - delay(2): Delayed 2 second(s)

2019-07-15 13:47:18 - [MESSAGE][PASSED] - Delayed 2 second(s)

2019-07-15 13:47:18 - [TEST_STEP][PASSED] - click(findTestObject("OCS-DESKTOP/Cart flyout/Select French")): Object: 'Object Repository/OCS-DESKTOP/Cart flyout/Select French' is clicked on

2019-07-15 13:47:18 - [MESSAGE][PASSED] - Object: 'Object Repository/OCS-DESKTOP/Cart flyout/Select French' is clicked on

2019-07-15 13:47:18 - [TEST_STEP][PASSED] - delay(5): Delayed 5 second(s)

2019-07-15 13:47:23 - [MESSAGE][PASSED] - Delayed 5 second(s)

2019-07-15 13:47:23 - [TEST_STEP][PASSED] - e = getWindowTitle(): Current window's title is: 'Magasin de Cannabis de l'Ontario | Ontario Cannabis Store'

2019-07-15 13:47:23 - [MESSAGE][PASSED] - Current window's title is: 'Magasin de Cannabis de l'Ontario | Ontario Cannabis Store'

2019-07-15 13:47:23 - [MESSAGE][PASSED] - Call Test Case 'Test Cases/OCS - DESKTOP/CALL - TOGGLING LANGUAGE' successfully

2019-07-15 13:47:23 - [TEST_STEP][PASSED] - click(findTestObject("OCS-DESKTOP/Age gate and Mega menu/Header/CANNABIS menu - English")): Object: 'Object Repository/OCS-DESKTOP/Age gate and Mega menu/Header/CANNABIS menu - English' is clicked on

2019-07-15 13:47:23 - [MESSAGE][PASSED] - Object: 'Object Repository/OCS-DESKTOP/Age gate and Mega menu/Header/CANNABIS menu - English' is clicked on

2019-07-15 13:47:23 - [TEST_STEP][PASSED] - delay(2): Delayed 2 second(s)

2019-07-15 13:47:25 - [MESSAGE][PASSED] - Delayed 2 second(s)

2019-07-15 13:47:25 - [TEST_STEP][PASSED] - executeJavaScript("var previewBar = document.getElementById("preview-bar-iframe"); previewBar.style.display = "none";", []): Execute JavaScript 'var previewBar = document.getElementById("preview-bar-iframe"); previewBar.style.display = "none";' successfully

2019-07-15 13:47:25 - [MESSAGE][PASSED] - Execute JavaScript 'var previewBar = document.getElementById("preview-bar-iframe"); previewBar.style.display = "none";' successfully

2019-07-15 13:47:25 - [TEST_STEP][PASSED] - click(findTestObject("OCS-DESKTOP/Age gate and Mega menu/Indica Dominant_Menu item")): Object: 'Object Repository/OCS-DESKTOP/Age gate and Mega menu/Indica Dominant_Menu item' is clicked on

2019-07-15 13:47:27 - [MESSAGE][PASSED] - Object: 'Object Repository/OCS-DESKTOP/Age gate and Mega menu/Indica Dominant_Menu item' is clicked on

2019-07-15 13:47:27 - [TEST_STEP][PASSED] - executeJavaScript("var previewBar = document.getElementById("preview-bar-iframe"); previewBar.style.display = "none";", []): Execute JavaScript 'var previewBar = document.getElementById("preview-bar-iframe"); previewBar.style.display = "none";' successfully

2019-07-15 13:47:27 - [MESSAGE][PASSED] - Execute JavaScript 'var previewBar = document.getElementById("preview-bar-iframe"); previewBar.style.display = "none";' successfully

2019-07-15 13:47:27 - [TEST_STEP][PASSED] - delay(2): Delayed 2 second(s)

2019-07-15 13:47:29 - [MESSAGE][PASSED] - Delayed 2 second(s)

2019-07-15 13:47:29 - [TEST_STEP][PASSED] - click(findTestObject("FRENCH/Product image - 1st one")): Object: 'Object Repository/FRENCH/Product image - 1st one' is clicked on

2019-07-15 13:47:33 - [MESSAGE][PASSED] - Object: 'Object Repository/FRENCH/Product image - 1st one' is clicked on

2019-07-15 13:47:33 - [TEST_STEP][PASSED] - executeJavaScript("var previewBar = document.getElementById("preview-bar-iframe"); previewBar.style.display = "none";", []): Execute JavaScript 'var previewBar = document.getElementById("preview-bar-iframe"); previewBar.style.display = "none";' successfully

2019-07-15 13:47:33 - [MESSAGE][PASSED] - Execute JavaScript 'var previewBar = document.getElementById("preview-bar-iframe"); previewBar.style.display = "none";' successfully

2019-07-15 13:47:33 - [TEST_STEP][PASSED] - delay(1): Delayed 1 second(s)

2019-07-15 13:47:34 - [MESSAGE][PASSED] - Delayed 1 second(s)

2019-07-15 13:47:34 - [TEST_STEP][PASSED] - delay(3): Delayed 3 second(s)

2019-07-15 13:47:37 - [MESSAGE][PASSED] - Delayed 3 second(s)

2019-07-15 13:47:37 - [TEST_STEP][PASSED] - click(findTestObject("OCS-DESKTOP/Product page/Swatch_1g")): Object: 'Object Repository/OCS-DESKTOP/Product page/Swatch_1g' is clicked on

2019-07-15 13:47:37 - [MESSAGE][PASSED] - Object: 'Object Repository/OCS-DESKTOP/Product page/Swatch_1g' is clicked on

2019-07-15 13:47:37 - [TEST_STEP][PASSED] - delay(2): Delayed 2 second(s)

2019-07-15 13:47:39 - [MESSAGE][PASSED] - Delayed 2 second(s)

2019-07-15 13:47:39 - [TEST_STEP][PASSED] - delay(2): Delayed 2 second(s)

2019-07-15 13:47:41 - [MESSAGE][PASSED] - Delayed 2 second(s)

2019-07-15 13:47:41 - [TEST_STEP][PASSED] - click(findTestObject("OCS-DESKTOP/Product page/Quantity Increase - Button")): Object: 'Object Repository/OCS-DESKTOP/Product page/Quantity Increase - Button' is clicked on

2019-07-15 13:47:41 - [MESSAGE][PASSED] - Object: 'Object Repository/OCS-DESKTOP/Product page/Quantity Increase - Button' is clicked on

2019-07-15 13:47:41 - [TEST_STEP][PASSED] - delay(1): Delayed 1 second(s)

2019-07-15 13:47:42 - [MESSAGE][PASSED] - Delayed 1 second(s)

2019-07-15 13:47:42 - [TEST_STEP][PASSED] - click(findTestObject("FRENCH/Quantity Increase - Button")): Object: 'Object Repository/FRENCH/Quantity Increase - Button' is clicked on

2019-07-15 13:47:42 - [MESSAGE][PASSED] - Object: 'Object Repository/FRENCH/Quantity Increase - Button' is clicked on

2019-07-15 13:47:42 - [TEST_STEP][PASSED] - delay(1): Delayed 1 second(s)

2019-07-15 13:47:43 - [MESSAGE][PASSED] - Delayed 1 second(s)

2019-07-15 13:47:43 - [TEST_STEP][PASSED] - click(findTestObject("FRENCH/Quantity Increase - Button")): Object: 'Object Repository/FRENCH/Quantity Increase - Button' is clicked on

2019-07-15 13:47:43 - [MESSAGE][PASSED] - Object: 'Object Repository/FRENCH/Quantity Increase - Button' is clicked on

2019-07-15 13:47:43 - [TEST_STEP][PASSED] - delay(1): Delayed 1 second(s)

2019-07-15 13:47:44 - [MESSAGE][PASSED] - Delayed 1 second(s)

2019-07-15 13:47:44 - [TEST_STEP][PASSED] - click(findTestObject("FRENCH/Quantity Increase - Button")): Object: 'Object Repository/FRENCH/Quantity Increase - Button' is clicked on

2019-07-15 13:47:44 - [MESSAGE][PASSED] - Object: 'Object Repository/FRENCH/Quantity Increase - Button' is clicked on

2019-07-15 13:47:44 - [TEST_STEP][PASSED] - delay(2): Delayed 2 second(s)

2019-07-15 13:47:46 - [MESSAGE][PASSED] - Delayed 2 second(s)

2019-07-15 13:47:46 - [TEST_STEP][PASSED] - click(findTestObject("OCS-DESKTOP/Product page/Add to Bag-button")): Object: 'Object Repository/OCS-DESKTOP/Product page/Add to Bag-button' is clicked on

2019-07-15 13:47:46 - [MESSAGE][PASSED] - Object: 'Object Repository/OCS-DESKTOP/Product page/Add to Bag-button' is clicked on

2019-07-15 13:47:46 - [TEST_STEP][PASSED] - delay(1): Delayed 1 second(s)

2019-07-15 13:47:47 - [MESSAGE][PASSED] - Delayed 1 second(s)

2019-07-15 13:47:47 - [TEST_STEP][PASSED] - click(findTestObject("OCS-DESKTOP/Home - page/Cart icon -bag"), OPTIONAL): Object: 'Object Repository/OCS-DESKTOP/Home - page/Cart icon -bag' is clicked on

2019-07-15 13:47:47 - [MESSAGE][PASSED] - Object: 'Object Repository/OCS-DESKTOP/Home - page/Cart icon -bag' is clicked on

2019-07-15 13:47:47 - [TEST_STEP][PASSED] - delay(2): Delayed 2 second(s)

2019-07-15 13:47:49 - [MESSAGE][PASSED] - Delayed 2 second(s)

2019-07-15 13:47:49 - [TEST_STEP][PASSED] - a = getText(findTestObject("OCS-DESKTOP/Cart flyout/Unit price - Product")): Text of object 'Object Repository/OCS-DESKTOP/Cart flyout/Unit price - Product' is: '52,50 $'

2019-07-15 13:47:49 - [MESSAGE][PASSED] - Text of object 'Object Repository/OCS-DESKTOP/Cart flyout/Unit price - Product' is: '52,50 $'

2019-07-15 13:47:49 - [TEST_STEP][PASSED] - comment(a): 52,50 $

2019-07-15 13:47:49 - [MESSAGE][INFO] - 52,50 $

2019-07-15 13:47:49 - [TEST_STEP][PASSED] - b = a.substring(0, a.length() - 1): null

2019-07-15 13:47:49 - [TEST_STEP][PASSED] - comment(b): 52,50 

2019-07-15 13:47:49 - [MESSAGE][INFO] - 52,50 

2019-07-15 13:47:49 - [TEST_STEP][PASSED] - a1 = b.substring(0, b.length() - 1): null

2019-07-15 13:47:49 - [TEST_STEP][PASSED] - comment("a1 = " + a1): a1 = 52,50

2019-07-15 13:47:49 - [MESSAGE][INFO] - a1 = 52,50

2019-07-15 13:47:49 - [TEST_STEP][PASSED] - x1 = a1.substring(0, a1.length() - 1): null

2019-07-15 13:47:49 - [TEST_STEP][PASSED] - comment("x1 = " + x1): x1 = 52,5

2019-07-15 13:47:49 - [MESSAGE][INFO] - x1 = 52,5

2019-07-15 13:47:49 - [TEST_STEP][PASSED] - x2 = x1.substring(0, x1.length() - 1): null

2019-07-15 13:47:49 - [TEST_STEP][PASSED] - comment("x2 = " + x2): x2 = 52,

2019-07-15 13:47:49 - [MESSAGE][INFO] - x2 = 52,

2019-07-15 13:47:49 - [TEST_STEP][PASSED] - x3 = x2.substring(0, x2.length() - 1): null

2019-07-15 13:47:49 - [TEST_STEP][PASSED] - comment("x3 = " + x3): x3 = 52

2019-07-15 13:47:49 - [MESSAGE][INFO] - x3 = 52

2019-07-15 13:47:49 - [TEST_STEP][PASSED] - x6 = x3.substring(0, x3.length() - 1): null

2019-07-15 13:47:49 - [TEST_STEP][PASSED] - comment("x6 = " + x6): x6 = 5

2019-07-15 13:47:49 - [MESSAGE][INFO] - x6 = 5

2019-07-15 13:47:49 - [TEST_STEP][PASSED] - click(findTestObject("FRENCH/input_-_updates")): Object: 'Object Repository/FRENCH/input_-_updates' is clicked on

2019-07-15 13:47:49 - [MESSAGE][PASSED] - Object: 'Object Repository/FRENCH/input_-_updates' is clicked on

2019-07-15 13:47:49 - [TEST_STEP][NOT_RUN] - setText(findTestObject("OCS-DESKTOP/Cart flyout/input_-_updates"), Keys.chord(CLEAR)): NOT_RUN: setText(findTestObject("OCS-DESKTOP/Cart flyout/input_-_updates"), Keys.chord(CLEAR))

2019-07-15 13:47:49 - [MESSAGE][NOT_RUN] - NOT_RUN: setText(findTestObject("OCS-DESKTOP/Cart flyout/input_-_updates"), Keys.chord(CLEAR))

2019-07-15 13:47:49 - [TEST_STEP][PASSED] - delay(1): Delayed 1 second(s)

2019-07-15 13:47:50 - [MESSAGE][PASSED] - Delayed 1 second(s)

2019-07-15 13:47:50 - [TEST_STEP][PASSED] - setText(findTestObject("OCS-DESKTOP/Cart flyout/input_-_updates"), "10"): Text '10' is set on object 'Object Repository/OCS-DESKTOP/Cart flyout/input_-_updates'

2019-07-15 13:47:50 - [MESSAGE][PASSED] - Text '10' is set on object 'Object Repository/OCS-DESKTOP/Cart flyout/input_-_updates'

2019-07-15 13:47:50 - [TEST_STEP][PASSED] - delay(2): Delayed 2 second(s)

2019-07-15 13:47:52 - [MESSAGE][PASSED] - Delayed 2 second(s)

2019-07-15 13:47:52 - [TEST_STEP][PASSED] - click(findTestObject("OCS-DESKTOP/Cart flyout/Quantity decrease - Product")): Object: 'Object Repository/OCS-DESKTOP/Cart flyout/Quantity decrease - Product' is clicked on

2019-07-15 13:47:52 - [MESSAGE][PASSED] - Object: 'Object Repository/OCS-DESKTOP/Cart flyout/Quantity decrease - Product' is clicked on

2019-07-15 13:47:52 - [TEST_STEP][PASSED] - delay(2): Delayed 2 second(s)

2019-07-15 13:47:54 - [MESSAGE][PASSED] - Delayed 2 second(s)

2019-07-15 13:47:54 - [TEST_STEP][PASSED] - click(findTestObject("OCS-DESKTOP/Cart flyout/Quantity decrease - Product")): Object: 'Object Repository/OCS-DESKTOP/Cart flyout/Quantity decrease - Product' is clicked on

2019-07-15 13:47:54 - [MESSAGE][PASSED] - Object: 'Object Repository/OCS-DESKTOP/Cart flyout/Quantity decrease - Product' is clicked on

2019-07-15 13:47:54 - [TEST_STEP][PASSED] - delay(2): Delayed 2 second(s)

2019-07-15 13:47:56 - [MESSAGE][PASSED] - Delayed 2 second(s)

2019-07-15 13:47:56 - [TEST_STEP][PASSED] - click(findTestObject("OCS-DESKTOP/Cart flyout/Quantity decrease - Product")): Object: 'Object Repository/OCS-DESKTOP/Cart flyout/Quantity decrease - Product' is clicked on

2019-07-15 13:47:56 - [MESSAGE][PASSED] - Object: 'Object Repository/OCS-DESKTOP/Cart flyout/Quantity decrease - Product' is clicked on

2019-07-15 13:47:56 - [TEST_STEP][PASSED] - delay(5): Delayed 5 second(s)

2019-07-15 13:48:01 - [MESSAGE][PASSED] - Delayed 5 second(s)

2019-07-15 13:48:01 - [TEST_STEP][PASSED] - c = getText(findTestObject("OCS-DESKTOP/Cart flyout/Sub-total Price")): Text of object 'Object Repository/OCS-DESKTOP/Cart flyout/Sub-total Price' is: '10,50 $'

2019-07-15 13:48:01 - [MESSAGE][PASSED] - Text of object 'Object Repository/OCS-DESKTOP/Cart flyout/Sub-total Price' is: '10,50 $'

2019-07-15 13:48:01 - [TEST_STEP][PASSED] - comment(c): 10,50 $

2019-07-15 13:48:01 - [MESSAGE][INFO] - 10,50 $

2019-07-15 13:48:01 - [TEST_STEP][PASSED] - d = c.substring(0, c.length() - 1): null

2019-07-15 13:48:01 - [TEST_STEP][PASSED] - comment(d): 10,50 

2019-07-15 13:48:01 - [MESSAGE][INFO] - 10,50 

2019-07-15 13:48:01 - [TEST_STEP][PASSED] - a2 = d.substring(0, d.length() - 1): null

2019-07-15 13:48:01 - [TEST_STEP][PASSED] - comment("a2 = " + a2): a2 = 10,50

2019-07-15 13:48:01 - [MESSAGE][INFO] - a2 = 10,50

2019-07-15 13:48:01 - [TEST_STEP][PASSED] - y1 = a2.substring(0, a2.length() - 1): null

2019-07-15 13:48:01 - [TEST_STEP][PASSED] - comment("y1 = " + y1): y1 = 10,5

2019-07-15 13:48:01 - [MESSAGE][INFO] - y1 = 10,5

2019-07-15 13:48:01 - [TEST_STEP][PASSED] - y2 = y1.substring(0, y1.length() - 1): null

2019-07-15 13:48:01 - [TEST_STEP][PASSED] - comment("y2 = " + y2): y2 = 10,

2019-07-15 13:48:01 - [MESSAGE][INFO] - y2 = 10,

2019-07-15 13:48:01 - [TEST_STEP][PASSED] - y3 = y2.substring(0, y2.length() - 1): null

2019-07-15 13:48:01 - [TEST_STEP][PASSED] - comment("y3 = " + y3): y3 = 10

2019-07-15 13:48:01 - [MESSAGE][INFO] - y3 = 10

2019-07-15 13:48:01 - [TEST_STEP][PASSED] - y4 = y3.substring(0, y3.length() - 1): null

2019-07-15 13:48:01 - [TEST_STEP][PASSED] - comment("y4 = " + y4): y4 = 1

2019-07-15 13:48:01 - [MESSAGE][INFO] - y4 = 1

2019-07-15 13:48:01 - [TEST_STEP][PASSED] - verifyNotEqual("x6", "y4"): Actual object 'x6' and expected object 'y4' are not equal

2019-07-15 13:48:01 - [MESSAGE][PASSED] - Actual object 'x6' and expected object 'y4' are not equal

2019-07-15 13:48:01 - [TEST_STEP][PASSED] - comment(" Sub-total Price changed . Quantity selector is working"):  Sub-total Price changed . Quantity selector is working

2019-07-15 13:48:01 - [MESSAGE][INFO] -  Sub-total Price changed . Quantity selector is working

2019-07-15 13:48:01 - [TEST_STEP][PASSED] - callTestCase(findTestCase("OCS - DESKTOP/CALL- SHIPPING TO PAYMENT"), [:], STOP_ON_FAILURE): Call Test Case 'Test Cases/OCS - DESKTOP/CALL- SHIPPING TO PAYMENT' successfully

2019-07-15 13:48:02 - [TEST_CASE][PASSED] - Test Cases/OCS - DESKTOP/CALL- SHIPPING TO PAYMENT: Test Cases/OCS - DESKTOP/CALL- SHIPPING TO PAYMENT

2019-07-15 13:48:02 - [TEST_STEP][PASSED] - delay(1): Delayed 1 second(s)

2019-07-15 13:48:03 - [MESSAGE][PASSED] - Delayed 1 second(s)

2019-07-15 13:48:03 - [TEST_STEP][PASSED] - click(findTestObject("OCS-DESKTOP/Cart flyout/Checkbox_I confirm that")): Object: 'Object Repository/OCS-DESKTOP/Cart flyout/Checkbox_I confirm that' is clicked on

2019-07-15 13:48:03 - [MESSAGE][PASSED] - Object: 'Object Repository/OCS-DESKTOP/Cart flyout/Checkbox_I confirm that' is clicked on

2019-07-15 13:48:03 - [TEST_STEP][PASSED] - delay(1): Delayed 1 second(s)

2019-07-15 13:48:04 - [MESSAGE][PASSED] - Delayed 1 second(s)

2019-07-15 13:48:04 - [TEST_STEP][PASSED] - click(findTestObject("OCS-DESKTOP/Cart flyout/Checkbox_Accept the Terms Condition")): Object: 'Object Repository/OCS-DESKTOP/Cart flyout/Checkbox_Accept the Terms Condition' is clicked on

2019-07-15 13:48:04 - [MESSAGE][PASSED] - Object: 'Object Repository/OCS-DESKTOP/Cart flyout/Checkbox_Accept the Terms Condition' is clicked on

2019-07-15 13:48:04 - [TEST_STEP][PASSED] - delay(1): Delayed 1 second(s)

2019-07-15 13:48:05 - [MESSAGE][PASSED] - Delayed 1 second(s)

2019-07-15 13:48:05 - [TEST_STEP][PASSED] - click(findTestObject("OCS-DESKTOP/Cart flyout/Checkout - Button")): Object: 'Object Repository/OCS-DESKTOP/Cart flyout/Checkout - Button' is clicked on

2019-07-15 13:48:09 - [MESSAGE][PASSED] - Object: 'Object Repository/OCS-DESKTOP/Cart flyout/Checkout - Button' is clicked on

2019-07-15 13:48:09 - [TEST_STEP][PASSED] - executeJavaScript("var previewBar = document.getElementById("preview-bar-iframe"); previewBar.style.display = "none";", []): Execute JavaScript 'var previewBar = document.getElementById("preview-bar-iframe"); previewBar.style.display = "none";' successfully

2019-07-15 13:48:09 - [MESSAGE][PASSED] - Execute JavaScript 'var previewBar = document.getElementById("preview-bar-iframe"); previewBar.style.display = "none";' successfully

2019-07-15 13:48:09 - [TEST_STEP][PASSED] - delay(2): Delayed 2 second(s)

2019-07-15 13:48:11 - [MESSAGE][PASSED] - Delayed 2 second(s)

2019-07-15 13:48:11 - [TEST_STEP][PASSED] - setText(findTestObject("Object Repository/Page_Ontario Cannabis Store - Infor/input_Adresse e-mail_checkoute"), "suman@gmail.com"): Text 'suman@gmail.com' is set on object 'Object Repository/Page_Ontario Cannabis Store - Infor/input_Adresse e-mail_checkoute'

2019-07-15 13:48:11 - [MESSAGE][PASSED] - Text 'suman@gmail.com' is set on object 'Object Repository/Page_Ontario Cannabis Store - Infor/input_Adresse e-mail_checkoute'

2019-07-15 13:48:11 - [TEST_STEP][PASSED] - setText(findTestObject("Object Repository/Page_Ontario Cannabis Store - Infor/input_Prnom_checkoutshipping_a"), "suman"): Text 'suman' is set on object 'Object Repository/Page_Ontario Cannabis Store - Infor/input_Prnom_checkoutshipping_a'

2019-07-15 13:48:11 - [MESSAGE][PASSED] - Text 'suman' is set on object 'Object Repository/Page_Ontario Cannabis Store - Infor/input_Prnom_checkoutshipping_a'

2019-07-15 13:48:11 - [TEST_STEP][PASSED] - setText(findTestObject("Object Repository/Page_Ontario Cannabis Store - Infor/input_Nom_checkoutshipping_add"), "kompelly"): Text 'kompelly' is set on object 'Object Repository/Page_Ontario Cannabis Store - Infor/input_Nom_checkoutshipping_add'

2019-07-15 13:48:11 - [MESSAGE][PASSED] - Text 'kompelly' is set on object 'Object Repository/Page_Ontario Cannabis Store - Infor/input_Nom_checkoutshipping_add'

2019-07-15 13:48:11 - [TEST_STEP][PASSED] - setText(findTestObject("Object Repository/Page_Ontario Cannabis Store - Infor/input_Adresse_checkoutshipping"), "123 test"): Text '123 test' is set on object 'Object Repository/Page_Ontario Cannabis Store - Infor/input_Adresse_checkoutshipping'

2019-07-15 13:48:11 - [MESSAGE][PASSED] - Text '123 test' is set on object 'Object Repository/Page_Ontario Cannabis Store - Infor/input_Adresse_checkoutshipping'

2019-07-15 13:48:11 - [TEST_STEP][PASSED] - setText(findTestObject("Object Repository/Page_Ontario Cannabis Store - Infor/input_Appartement suite etc. ("), "123"): Text '123' is set on object 'Object Repository/Page_Ontario Cannabis Store - Infor/input_Appartement suite etc. ('

2019-07-15 13:48:11 - [MESSAGE][PASSED] - Text '123' is set on object 'Object Repository/Page_Ontario Cannabis Store - Infor/input_Appartement suite etc. ('

2019-07-15 13:48:11 - [TEST_STEP][PASSED] - setText(findTestObject("Object Repository/Page_Ontario Cannabis Store - Infor/input_Ville_checkoutshipping_a"), "montreal"): Text 'montreal' is set on object 'Object Repository/Page_Ontario Cannabis Store - Infor/input_Ville_checkoutshipping_a'

2019-07-15 13:48:11 - [MESSAGE][PASSED] - Text 'montreal' is set on object 'Object Repository/Page_Ontario Cannabis Store - Infor/input_Ville_checkoutshipping_a'

2019-07-15 13:48:11 - [TEST_STEP][PASSED] - setText(findTestObject("Object Repository/Page_Ontario Cannabis Store - Infor/input_Code postal_checkoutship"), "n0r1k0"): Text 'n0r1k0' is set on object 'Object Repository/Page_Ontario Cannabis Store - Infor/input_Code postal_checkoutship'

2019-07-15 13:48:12 - [MESSAGE][PASSED] - Text 'n0r1k0' is set on object 'Object Repository/Page_Ontario Cannabis Store - Infor/input_Code postal_checkoutship'

2019-07-15 13:48:12 - [TEST_STEP][PASSED] - setText(findTestObject("Object Repository/Page_Ontario Cannabis Store - Infor/input_Tlphone_checkoutshipping"), "514-449-3883"): Text '514-449-3883' is set on object 'Object Repository/Page_Ontario Cannabis Store - Infor/input_Tlphone_checkoutshipping'

2019-07-15 13:48:12 - [MESSAGE][PASSED] - Text '514-449-3883' is set on object 'Object Repository/Page_Ontario Cannabis Store - Infor/input_Tlphone_checkoutshipping'

2019-07-15 13:48:12 - [TEST_STEP][PASSED] - delay(2): Delayed 2 second(s)

2019-07-15 13:48:14 - [MESSAGE][PASSED] - Delayed 2 second(s)

2019-07-15 13:48:14 - [TEST_STEP][PASSED] - click(findTestObject("Object Repository/Page_Ontario Cannabis Store - Infor/button_Continuer vers le mode")): Object: 'Object Repository/Page_Ontario Cannabis Store - Infor/button_Continuer vers le mode' is clicked on

2019-07-15 13:48:14 - [MESSAGE][PASSED] - Object: 'Object Repository/Page_Ontario Cannabis Store - Infor/button_Continuer vers le mode' is clicked on

2019-07-15 13:48:14 - [TEST_STEP][PASSED] - delay(4): Delayed 4 second(s)

2019-07-15 13:48:18 - [MESSAGE][PASSED] - Delayed 4 second(s)

2019-07-15 13:48:18 - [TEST_STEP][PASSED] - executeJavaScript("var previewBar = document.getElementById("preview-bar-iframe"); previewBar.style.display = "none";", []): Execute JavaScript 'var previewBar = document.getElementById("preview-bar-iframe"); previewBar.style.display = "none";' successfully

2019-07-15 13:48:19 - [MESSAGE][PASSED] - Execute JavaScript 'var previewBar = document.getElementById("preview-bar-iframe"); previewBar.style.display = "none";' successfully

2019-07-15 13:48:19 - [TEST_STEP][PASSED] - delay(2): Delayed 2 second(s)

2019-07-15 13:48:21 - [MESSAGE][PASSED] - Delayed 2 second(s)

2019-07-15 13:48:21 - [TEST_STEP][PASSED] - click(findTestObject("Object Repository/Page_Ontario Cannabis Store - Livra/button_Continuer vers le moyen")): Object: 'Object Repository/Page_Ontario Cannabis Store - Livra/button_Continuer vers le moyen' is clicked on

2019-07-15 13:48:24 - [MESSAGE][PASSED] - Object: 'Object Repository/Page_Ontario Cannabis Store - Livra/button_Continuer vers le moyen' is clicked on

2019-07-15 13:48:24 - [MESSAGE][PASSED] - Call Test Case 'Test Cases/OCS - DESKTOP/CALL- SHIPPING TO PAYMENT' successfully]]></system-out>
         <system-err><![CDATA[]]></system-err>
      </testcase>
      <testcase name="Test Cases/OCS - DESKTOP/OCS- CRITICAL PATH - FRENCH/Cart page - Decrease qty - fr" classname="Test Cases/OCS - DESKTOP/OCS- CRITICAL PATH - FRENCH/Cart page - Decrease qty - fr" status="PASSED">
         <system-out><![CDATA[2019-07-15 13:48:24 - [TEST_CASE][PASSED] - Test Cases/OCS - DESKTOP/OCS- CRITICAL PATH - FRENCH/Cart page - Decrease qty - fr: Test Cases/OCS - DESKTOP/OCS- CRITICAL PATH - FRENCH/Cart page - Decrease qty - fr

2019-07-15 13:48:24 - [TEST_STEP][PASSED] - callTestCase(findTestCase("OCS - DESKTOP/CALL- Age gate"), [:], STOP_ON_FAILURE): Call Test Case 'Test Cases/OCS - DESKTOP/CALL- Age gate' successfully

2019-07-15 13:48:24 - [TEST_CASE][PASSED] - Test Cases/OCS - DESKTOP/CALL- Age gate: Test Cases/OCS - DESKTOP/CALL- Age gate

2019-07-15 13:48:24 - [TEST_STEP][PASSED] - openBrowser(""): Browser is opened with url: ''

2019-07-15 13:48:24 - [MESSAGE][WARNING] - A browser is already opened. Closing browser and opening a new one

2019-07-15 13:48:24 - [MESSAGE][INFO] - Starting 'Chrome' driver

2019-07-15 13:48:26 - [MESSAGE][PASSED] - Browser is opened with url: ''

2019-07-15 13:48:26 - [TEST_STEP][PASSED] - navigateToUrl("https://ocs.ca/?fts=0&preview_theme_id=74205529932"): Navigate to 'https://ocs.ca/?fts=0&preview_theme_id=74205529932' successfully

2019-07-15 13:48:30 - [MESSAGE][PASSED] - Navigate to 'https://ocs.ca/?fts=0&preview_theme_id=74205529932' successfully

2019-07-15 13:48:30 - [TEST_STEP][PASSED] - maximizeWindow(): Current window maximized

2019-07-15 13:48:31 - [MESSAGE][PASSED] - Current window maximized

2019-07-15 13:48:31 - [TEST_STEP][PASSED] - delay(2): Delayed 2 second(s)

2019-07-15 13:48:33 - [MESSAGE][PASSED] - Delayed 2 second(s)

2019-07-15 13:48:33 - [TEST_STEP][PASSED] - executeJavaScript("var previewBar = document.getElementById("preview-bar-iframe"); previewBar.style.display = "none";", []): Execute JavaScript 'var previewBar = document.getElementById("preview-bar-iframe"); previewBar.style.display = "none";' successfully

2019-07-15 13:48:33 - [MESSAGE][PASSED] - Execute JavaScript 'var previewBar = document.getElementById("preview-bar-iframe"); previewBar.style.display = "none";' successfully

2019-07-15 13:48:33 - [TEST_STEP][PASSED] - selectOptionByValue(findTestObject("OCS-DESKTOP/Age gate and Mega menu/Date"), "12", true): All options with value '12' are selected in object 'Object Repository/OCS-DESKTOP/Age gate and Mega menu/Date'  using regular expression

2019-07-15 13:48:33 - [MESSAGE][PASSED] - All options with value '12' are selected in object 'Object Repository/OCS-DESKTOP/Age gate and Mega menu/Date'  using regular expression

2019-07-15 13:48:33 - [TEST_STEP][PASSED] - selectOptionByValue(findTestObject("OCS-DESKTOP/Age gate and Mega menu/month"), "6", true): All options with value '6' are selected in object 'Object Repository/OCS-DESKTOP/Age gate and Mega menu/month'  using regular expression

2019-07-15 13:48:33 - [MESSAGE][PASSED] - All options with value '6' are selected in object 'Object Repository/OCS-DESKTOP/Age gate and Mega menu/month'  using regular expression

2019-07-15 13:48:33 - [TEST_STEP][PASSED] - delay(2): Delayed 2 second(s)

2019-07-15 13:48:35 - [MESSAGE][PASSED] - Delayed 2 second(s)

2019-07-15 13:48:35 - [TEST_STEP][PASSED] - selectOptionByValue(findTestObject("OCS-DESKTOP/Age gate and Mega menu/Year Dropdown"), "1990", true): All options with value '1990' are selected in object 'Object Repository/OCS-DESKTOP/Age gate and Mega menu/Year Dropdown'  using regular expression

2019-07-15 13:48:37 - [MESSAGE][PASSED] - All options with value '1990' are selected in object 'Object Repository/OCS-DESKTOP/Age gate and Mega menu/Year Dropdown'  using regular expression

2019-07-15 13:48:37 - [TEST_STEP][PASSED] - click(findTestObject("OCS-DESKTOP/Age gate and Mega menu/button_Verify")): Object: 'Object Repository/OCS-DESKTOP/Age gate and Mega menu/button_Verify' is clicked on

2019-07-15 13:48:37 - [MESSAGE][PASSED] - Object: 'Object Repository/OCS-DESKTOP/Age gate and Mega menu/button_Verify' is clicked on

2019-07-15 13:48:37 - [TEST_STEP][PASSED] - click(findTestObject("OCS-DESKTOP/Age gate and Mega menu/Checkbox_CONFIRM AND ACKNOWLEDGE")): Object: 'Object Repository/OCS-DESKTOP/Age gate and Mega menu/Checkbox_CONFIRM AND ACKNOWLEDGE' is clicked on

2019-07-15 13:48:37 - [MESSAGE][PASSED] - Object: 'Object Repository/OCS-DESKTOP/Age gate and Mega menu/Checkbox_CONFIRM AND ACKNOWLEDGE' is clicked on

2019-07-15 13:48:37 - [TEST_STEP][PASSED] - click(findTestObject("OCS-DESKTOP/Age gate and Mega menu/button_CONFIRM")): Object: 'Object Repository/OCS-DESKTOP/Age gate and Mega menu/button_CONFIRM' is clicked on

2019-07-15 13:48:37 - [MESSAGE][PASSED] - Object: 'Object Repository/OCS-DESKTOP/Age gate and Mega menu/button_CONFIRM' is clicked on

2019-07-15 13:48:37 - [TEST_STEP][PASSED] - click(findTestObject("OCS-DESKTOP/Age gate and Mega menu/button_Start Browsing")): Object: 'Object Repository/OCS-DESKTOP/Age gate and Mega menu/button_Start Browsing' is clicked on

2019-07-15 13:48:37 - [MESSAGE][PASSED] - Object: 'Object Repository/OCS-DESKTOP/Age gate and Mega menu/button_Start Browsing' is clicked on

2019-07-15 13:48:37 - [TEST_STEP][PASSED] - delay(2): Delayed 2 second(s)

2019-07-15 13:48:39 - [MESSAGE][PASSED] - Delayed 2 second(s)

2019-07-15 13:48:39 - [TEST_STEP][PASSED] - refresh(): Refresh successfully

2019-07-15 13:48:39 - [MESSAGE][PASSED] - Refresh successfully

2019-07-15 13:48:39 - [MESSAGE][PASSED] - Call Test Case 'Test Cases/OCS - DESKTOP/CALL- Age gate' successfully

2019-07-15 13:48:39 - [TEST_STEP][PASSED] - delay(2): Delayed 2 second(s)

2019-07-15 13:48:41 - [MESSAGE][PASSED] - Delayed 2 second(s)

2019-07-15 13:48:41 - [TEST_STEP][PASSED] - callTestCase(findTestCase("OCS - DESKTOP/CALL - TOGGLING LANGUAGE"), [:], STOP_ON_FAILURE): Call Test Case 'Test Cases/OCS - DESKTOP/CALL - TOGGLING LANGUAGE' successfully

2019-07-15 13:48:41 - [TEST_CASE][PASSED] - Test Cases/OCS - DESKTOP/CALL - TOGGLING LANGUAGE: Test Cases/OCS - DESKTOP/CALL - TOGGLING LANGUAGE

2019-07-15 13:48:41 - [TEST_STEP][PASSED] - delay(2): Delayed 2 second(s)

2019-07-15 13:48:43 - [MESSAGE][PASSED] - Delayed 2 second(s)

2019-07-15 13:48:43 - [TEST_STEP][PASSED] - click(findTestObject("OCS-DESKTOP/Cart flyout/English dropdown")): Object: 'Object Repository/OCS-DESKTOP/Cart flyout/English dropdown' is clicked on

2019-07-15 13:48:43 - [MESSAGE][PASSED] - Object: 'Object Repository/OCS-DESKTOP/Cart flyout/English dropdown' is clicked on

2019-07-15 13:48:43 - [TEST_STEP][PASSED] - delay(2): Delayed 2 second(s)

2019-07-15 13:48:45 - [MESSAGE][PASSED] - Delayed 2 second(s)

2019-07-15 13:48:45 - [TEST_STEP][PASSED] - click(findTestObject("OCS-DESKTOP/Cart flyout/Select French")): Object: 'Object Repository/OCS-DESKTOP/Cart flyout/Select French' is clicked on

2019-07-15 13:48:45 - [MESSAGE][PASSED] - Object: 'Object Repository/OCS-DESKTOP/Cart flyout/Select French' is clicked on

2019-07-15 13:48:45 - [TEST_STEP][PASSED] - delay(5): Delayed 5 second(s)

2019-07-15 13:48:50 - [MESSAGE][PASSED] - Delayed 5 second(s)

2019-07-15 13:48:50 - [TEST_STEP][PASSED] - e = getWindowTitle(): Current window's title is: 'Magasin de Cannabis de l'Ontario | Ontario Cannabis Store'

2019-07-15 13:48:50 - [MESSAGE][PASSED] - Current window's title is: 'Magasin de Cannabis de l'Ontario | Ontario Cannabis Store'

2019-07-15 13:48:50 - [MESSAGE][PASSED] - Call Test Case 'Test Cases/OCS - DESKTOP/CALL - TOGGLING LANGUAGE' successfully

2019-07-15 13:48:50 - [TEST_STEP][PASSED] - click(findTestObject("OCS-DESKTOP/Age gate and Mega menu/Header/CANNABIS menu - English")): Object: 'Object Repository/OCS-DESKTOP/Age gate and Mega menu/Header/CANNABIS menu - English' is clicked on

2019-07-15 13:48:50 - [MESSAGE][PASSED] - Object: 'Object Repository/OCS-DESKTOP/Age gate and Mega menu/Header/CANNABIS menu - English' is clicked on

2019-07-15 13:48:50 - [TEST_STEP][PASSED] - delay(2): Delayed 2 second(s)

2019-07-15 13:48:52 - [MESSAGE][PASSED] - Delayed 2 second(s)

2019-07-15 13:48:52 - [TEST_STEP][PASSED] - executeJavaScript("var previewBar = document.getElementById("preview-bar-iframe"); previewBar.style.display = "none";", []): Execute JavaScript 'var previewBar = document.getElementById("preview-bar-iframe"); previewBar.style.display = "none";' successfully

2019-07-15 13:48:52 - [MESSAGE][PASSED] - Execute JavaScript 'var previewBar = document.getElementById("preview-bar-iframe"); previewBar.style.display = "none";' successfully

2019-07-15 13:48:52 - [TEST_STEP][PASSED] - click(findTestObject("OCS-DESKTOP/Age gate and Mega menu/Indica Dominant_Menu item")): Object: 'Object Repository/OCS-DESKTOP/Age gate and Mega menu/Indica Dominant_Menu item' is clicked on

2019-07-15 13:48:56 - [MESSAGE][PASSED] - Object: 'Object Repository/OCS-DESKTOP/Age gate and Mega menu/Indica Dominant_Menu item' is clicked on

2019-07-15 13:48:56 - [TEST_STEP][PASSED] - executeJavaScript("var previewBar = document.getElementById("preview-bar-iframe"); previewBar.style.display = "none";", []): Execute JavaScript 'var previewBar = document.getElementById("preview-bar-iframe"); previewBar.style.display = "none";' successfully

2019-07-15 13:48:56 - [MESSAGE][PASSED] - Execute JavaScript 'var previewBar = document.getElementById("preview-bar-iframe"); previewBar.style.display = "none";' successfully

2019-07-15 13:48:56 - [TEST_STEP][PASSED] - delay(2): Delayed 2 second(s)

2019-07-15 13:48:58 - [MESSAGE][PASSED] - Delayed 2 second(s)

2019-07-15 13:48:58 - [TEST_STEP][PASSED] - click(findTestObject("FRENCH/Product image - 1st one")): Object: 'Object Repository/FRENCH/Product image - 1st one' is clicked on

2019-07-15 13:49:02 - [MESSAGE][PASSED] - Object: 'Object Repository/FRENCH/Product image - 1st one' is clicked on

2019-07-15 13:49:02 - [TEST_STEP][PASSED] - executeJavaScript("var previewBar = document.getElementById("preview-bar-iframe"); previewBar.style.display = "none";", []): Execute JavaScript 'var previewBar = document.getElementById("preview-bar-iframe"); previewBar.style.display = "none";' successfully

2019-07-15 13:49:02 - [MESSAGE][PASSED] - Execute JavaScript 'var previewBar = document.getElementById("preview-bar-iframe"); previewBar.style.display = "none";' successfully

2019-07-15 13:49:02 - [TEST_STEP][PASSED] - delay(1): Delayed 1 second(s)

2019-07-15 13:49:03 - [MESSAGE][PASSED] - Delayed 1 second(s)

2019-07-15 13:49:03 - [TEST_STEP][PASSED] - delay(3): Delayed 3 second(s)

2019-07-15 13:49:06 - [MESSAGE][PASSED] - Delayed 3 second(s)

2019-07-15 13:49:06 - [TEST_STEP][PASSED] - click(findTestObject("OCS-DESKTOP/Product page/Swatch_1g")): Object: 'Object Repository/OCS-DESKTOP/Product page/Swatch_1g' is clicked on

2019-07-15 13:49:06 - [MESSAGE][PASSED] - Object: 'Object Repository/OCS-DESKTOP/Product page/Swatch_1g' is clicked on

2019-07-15 13:49:06 - [TEST_STEP][PASSED] - delay(2): Delayed 2 second(s)

2019-07-15 13:49:08 - [MESSAGE][PASSED] - Delayed 2 second(s)

2019-07-15 13:49:08 - [TEST_STEP][PASSED] - delay(2): Delayed 2 second(s)

2019-07-15 13:49:10 - [MESSAGE][PASSED] - Delayed 2 second(s)

2019-07-15 13:49:10 - [TEST_STEP][PASSED] - click(findTestObject("OCS-DESKTOP/Product page/Quantity Increase - Button")): Object: 'Object Repository/OCS-DESKTOP/Product page/Quantity Increase - Button' is clicked on

2019-07-15 13:49:10 - [MESSAGE][PASSED] - Object: 'Object Repository/OCS-DESKTOP/Product page/Quantity Increase - Button' is clicked on

2019-07-15 13:49:10 - [TEST_STEP][PASSED] - delay(1): Delayed 1 second(s)

2019-07-15 13:49:11 - [MESSAGE][PASSED] - Delayed 1 second(s)

2019-07-15 13:49:11 - [TEST_STEP][PASSED] - click(findTestObject("FRENCH/Quantity Increase - Button")): Object: 'Object Repository/FRENCH/Quantity Increase - Button' is clicked on

2019-07-15 13:49:11 - [MESSAGE][PASSED] - Object: 'Object Repository/FRENCH/Quantity Increase - Button' is clicked on

2019-07-15 13:49:11 - [TEST_STEP][PASSED] - delay(1): Delayed 1 second(s)

2019-07-15 13:49:12 - [MESSAGE][PASSED] - Delayed 1 second(s)

2019-07-15 13:49:12 - [TEST_STEP][PASSED] - click(findTestObject("FRENCH/Quantity Increase - Button")): Object: 'Object Repository/FRENCH/Quantity Increase - Button' is clicked on

2019-07-15 13:49:12 - [MESSAGE][PASSED] - Object: 'Object Repository/FRENCH/Quantity Increase - Button' is clicked on

2019-07-15 13:49:12 - [TEST_STEP][PASSED] - delay(1): Delayed 1 second(s)

2019-07-15 13:49:13 - [MESSAGE][PASSED] - Delayed 1 second(s)

2019-07-15 13:49:13 - [TEST_STEP][PASSED] - click(findTestObject("FRENCH/Quantity Increase - Button")): Object: 'Object Repository/FRENCH/Quantity Increase - Button' is clicked on

2019-07-15 13:49:13 - [MESSAGE][PASSED] - Object: 'Object Repository/FRENCH/Quantity Increase - Button' is clicked on

2019-07-15 13:49:13 - [TEST_STEP][PASSED] - delay(2): Delayed 2 second(s)

2019-07-15 13:49:15 - [MESSAGE][PASSED] - Delayed 2 second(s)

2019-07-15 13:49:15 - [TEST_STEP][PASSED] - click(findTestObject("OCS-DESKTOP/Product page/Add to Bag-button")): Object: 'Object Repository/OCS-DESKTOP/Product page/Add to Bag-button' is clicked on

2019-07-15 13:49:15 - [MESSAGE][PASSED] - Object: 'Object Repository/OCS-DESKTOP/Product page/Add to Bag-button' is clicked on

2019-07-15 13:49:15 - [TEST_STEP][PASSED] - delay(2): Delayed 2 second(s)

2019-07-15 13:49:17 - [MESSAGE][PASSED] - Delayed 2 second(s)

2019-07-15 13:49:17 - [TEST_STEP][PASSED] - click(findTestObject("OCS-DESKTOP/Home - page/Cart icon -bag"), OPTIONAL): Object: 'Object Repository/OCS-DESKTOP/Home - page/Cart icon -bag' is clicked on

2019-07-15 13:49:17 - [MESSAGE][PASSED] - Object: 'Object Repository/OCS-DESKTOP/Home - page/Cart icon -bag' is clicked on

2019-07-15 13:49:17 - [TEST_STEP][PASSED] - delay(3): Delayed 3 second(s)

2019-07-15 13:49:20 - [MESSAGE][PASSED] - Delayed 3 second(s)

2019-07-15 13:49:20 - [TEST_STEP][PASSED] - click(findTestObject("OCS-DESKTOP/Cart flyout/Checkbox_I confirm that")): Object: 'Object Repository/OCS-DESKTOP/Cart flyout/Checkbox_I confirm that' is clicked on

2019-07-15 13:49:20 - [MESSAGE][PASSED] - Object: 'Object Repository/OCS-DESKTOP/Cart flyout/Checkbox_I confirm that' is clicked on

2019-07-15 13:49:20 - [TEST_STEP][PASSED] - delay(1): Delayed 1 second(s)

2019-07-15 13:49:21 - [MESSAGE][PASSED] - Delayed 1 second(s)

2019-07-15 13:49:21 - [TEST_STEP][PASSED] - click(findTestObject("OCS-DESKTOP/Cart flyout/Checkbox_Accept the Terms Condition")): Object: 'Object Repository/OCS-DESKTOP/Cart flyout/Checkbox_Accept the Terms Condition' is clicked on

2019-07-15 13:49:21 - [MESSAGE][PASSED] - Object: 'Object Repository/OCS-DESKTOP/Cart flyout/Checkbox_Accept the Terms Condition' is clicked on

2019-07-15 13:49:21 - [TEST_STEP][PASSED] - delay(1): Delayed 1 second(s)

2019-07-15 13:49:22 - [MESSAGE][PASSED] - Delayed 1 second(s)

2019-07-15 13:49:22 - [TEST_STEP][PASSED] - click(findTestObject("OCS-DESKTOP/Cart flyout/Checkout - Button")): Object: 'Object Repository/OCS-DESKTOP/Cart flyout/Checkout - Button' is clicked on

2019-07-15 13:49:25 - [MESSAGE][PASSED] - Object: 'Object Repository/OCS-DESKTOP/Cart flyout/Checkout - Button' is clicked on

2019-07-15 13:49:25 - [TEST_STEP][PASSED] - executeJavaScript("var previewBar = document.getElementById("preview-bar-iframe"); previewBar.style.display = "none";", []): Execute JavaScript 'var previewBar = document.getElementById("preview-bar-iframe"); previewBar.style.display = "none";' successfully

2019-07-15 13:49:25 - [MESSAGE][PASSED] - Execute JavaScript 'var previewBar = document.getElementById("preview-bar-iframe"); previewBar.style.display = "none";' successfully

2019-07-15 13:49:25 - [TEST_STEP][PASSED] - delay(2): Delayed 2 second(s)

2019-07-15 13:49:27 - [MESSAGE][PASSED] - Delayed 2 second(s)

2019-07-15 13:49:27 - [TEST_STEP][NOT_RUN] - scrollToElement(findTestObject("OCS-DESKTOP/Customer info page/Return to Cart - Link"), 1): NOT_RUN: scrollToElement(findTestObject("OCS-DESKTOP/Customer info page/Return to Cart - Link"), 1)

2019-07-15 13:49:27 - [MESSAGE][NOT_RUN] - NOT_RUN: scrollToElement(findTestObject("OCS-DESKTOP/Customer info page/Return to Cart - Link"), 1)

2019-07-15 13:49:27 - [TEST_STEP][PASSED] - delay(1): Delayed 1 second(s)

2019-07-15 13:49:28 - [MESSAGE][PASSED] - Delayed 1 second(s)

2019-07-15 13:49:28 - [TEST_STEP][PASSED] - delay(2): Delayed 2 second(s)

2019-07-15 13:49:30 - [MESSAGE][PASSED] - Delayed 2 second(s)

2019-07-15 13:49:30 - [TEST_STEP][PASSED] - click(findTestObject("OCS-DESKTOP/Customer info page/Return to Cart - Link")): Object: 'Object Repository/OCS-DESKTOP/Customer info page/Return to Cart - Link' is clicked on

2019-07-15 13:49:33 - [MESSAGE][PASSED] - Object: 'Object Repository/OCS-DESKTOP/Customer info page/Return to Cart - Link' is clicked on

2019-07-15 13:49:33 - [TEST_STEP][PASSED] - delay(1): Delayed 1 second(s)

2019-07-15 13:49:34 - [MESSAGE][PASSED] - Delayed 1 second(s)

2019-07-15 13:49:34 - [TEST_STEP][PASSED] - delay(1): Delayed 1 second(s)

2019-07-15 13:49:35 - [MESSAGE][PASSED] - Delayed 1 second(s)

2019-07-15 13:49:35 - [TEST_STEP][PASSED] - a = getText(findTestObject("OCS-DESKTOP/Cart page/Unit price - product - price in cart page")): Text of object 'Object Repository/OCS-DESKTOP/Cart page/Unit price - product - price in cart page' is: '52,50 $'

2019-07-15 13:49:35 - [MESSAGE][PASSED] - Text of object 'Object Repository/OCS-DESKTOP/Cart page/Unit price - product - price in cart page' is: '52,50 $'

2019-07-15 13:49:35 - [TEST_STEP][PASSED] - comment(a): 52,50 $

2019-07-15 13:49:35 - [MESSAGE][INFO] - 52,50 $

2019-07-15 13:49:35 - [TEST_STEP][PASSED] - a1 = a.substring(0, a.length() - 1): null

2019-07-15 13:49:35 - [TEST_STEP][PASSED] - comment("a1 = " + a1): a1 = 52,50 

2019-07-15 13:49:35 - [MESSAGE][INFO] - a1 = 52,50 

2019-07-15 13:49:35 - [TEST_STEP][PASSED] - x1 = a1.substring(0, a1.length() - 1): null

2019-07-15 13:49:35 - [TEST_STEP][PASSED] - comment("x1 = " + x1): x1 = 52,50

2019-07-15 13:49:35 - [MESSAGE][INFO] - x1 = 52,50

2019-07-15 13:49:35 - [TEST_STEP][PASSED] - x2 = x1.substring(0, x1.length() - 1): null

2019-07-15 13:49:35 - [TEST_STEP][PASSED] - comment("x2 = " + x2): x2 = 52,5

2019-07-15 13:49:35 - [MESSAGE][INFO] - x2 = 52,5

2019-07-15 13:49:35 - [TEST_STEP][PASSED] - x3 = x2.substring(0, x2.length() - 1): null

2019-07-15 13:49:35 - [TEST_STEP][PASSED] - comment("x3 = " + x3): x3 = 52,

2019-07-15 13:49:35 - [MESSAGE][INFO] - x3 = 52,

2019-07-15 13:49:35 - [TEST_STEP][PASSED] - x6 = x3.substring(0, x3.length() - 1): null

2019-07-15 13:49:35 - [TEST_STEP][PASSED] - comment("x6 = " + x6): x6 = 52

2019-07-15 13:49:35 - [MESSAGE][INFO] - x6 = 52

2019-07-15 13:49:35 - [TEST_STEP][PASSED] - click(findTestObject("OCS-DESKTOP/Cart page/Quantity Input field")): Object: 'Object Repository/OCS-DESKTOP/Cart page/Quantity Input field' is clicked on

2019-07-15 13:49:35 - [MESSAGE][PASSED] - Object: 'Object Repository/OCS-DESKTOP/Cart page/Quantity Input field' is clicked on

2019-07-15 13:49:35 - [TEST_STEP][NOT_RUN] - sendKeys(findTestObject("OCS-DESKTOP/Cart page/Quantity Input field"), Keys.chord(CLEAR)): NOT_RUN: sendKeys(findTestObject("OCS-DESKTOP/Cart page/Quantity Input field"), Keys.chord(CLEAR))

2019-07-15 13:49:35 - [MESSAGE][NOT_RUN] - NOT_RUN: sendKeys(findTestObject("OCS-DESKTOP/Cart page/Quantity Input field"), Keys.chord(CLEAR))

2019-07-15 13:49:35 - [TEST_STEP][PASSED] - setText(findTestObject("OCS-DESKTOP/Cart page/Quantity Input field"), "10"): Text '10' is set on object 'Object Repository/OCS-DESKTOP/Cart page/Quantity Input field'

2019-07-15 13:49:35 - [MESSAGE][PASSED] - Text '10' is set on object 'Object Repository/OCS-DESKTOP/Cart page/Quantity Input field'

2019-07-15 13:49:35 - [TEST_STEP][PASSED] - delay(2): Delayed 2 second(s)

2019-07-15 13:49:37 - [MESSAGE][PASSED] - Delayed 2 second(s)

2019-07-15 13:49:37 - [TEST_STEP][NOT_RUN] - sendKeys(findTestObject("OCS-DESKTOP/Cart page/Quantity Input field"), Keys.chord(CLEAR)): NOT_RUN: sendKeys(findTestObject("OCS-DESKTOP/Cart page/Quantity Input field"), Keys.chord(CLEAR))

2019-07-15 13:49:37 - [MESSAGE][NOT_RUN] - NOT_RUN: sendKeys(findTestObject("OCS-DESKTOP/Cart page/Quantity Input field"), Keys.chord(CLEAR))

2019-07-15 13:49:37 - [TEST_STEP][NOT_RUN] - click(findTestObject("OCS-DESKTOP/Cart page/enter quantity")): NOT_RUN: click(findTestObject("OCS-DESKTOP/Cart page/enter quantity"))

2019-07-15 13:49:37 - [MESSAGE][NOT_RUN] - NOT_RUN: click(findTestObject("OCS-DESKTOP/Cart page/enter quantity"))

2019-07-15 13:49:37 - [TEST_STEP][PASSED] - delay(2): Delayed 2 second(s)

2019-07-15 13:49:39 - [MESSAGE][PASSED] - Delayed 2 second(s)

2019-07-15 13:49:39 - [TEST_STEP][PASSED] - setText(findTestObject("OCS-DESKTOP/Cart page/Quantity Input field"), "7"): Text '7' is set on object 'Object Repository/OCS-DESKTOP/Cart page/Quantity Input field'

2019-07-15 13:49:40 - [MESSAGE][PASSED] - Text '7' is set on object 'Object Repository/OCS-DESKTOP/Cart page/Quantity Input field'

2019-07-15 13:49:40 - [TEST_STEP][PASSED] - delay(2): Delayed 2 second(s)

2019-07-15 13:49:42 - [MESSAGE][PASSED] - Delayed 2 second(s)

2019-07-15 13:49:42 - [TEST_STEP][NOT_RUN] - click(findTestObject("OCS-DESKTOP/Cart page/Unit price - product")): NOT_RUN: click(findTestObject("OCS-DESKTOP/Cart page/Unit price - product"))

2019-07-15 13:49:42 - [MESSAGE][NOT_RUN] - NOT_RUN: click(findTestObject("OCS-DESKTOP/Cart page/Unit price - product"))

2019-07-15 13:49:42 - [TEST_STEP][PASSED] - delay(2): Delayed 2 second(s)

2019-07-15 13:49:44 - [MESSAGE][PASSED] - Delayed 2 second(s)

2019-07-15 13:49:44 - [TEST_STEP][PASSED] - click(findTestObject("OCS-DESKTOP/Cart page/Qty Decrease icon")): Object: 'Object Repository/OCS-DESKTOP/Cart page/Qty Decrease icon' is clicked on

2019-07-15 13:49:44 - [MESSAGE][PASSED] - Object: 'Object Repository/OCS-DESKTOP/Cart page/Qty Decrease icon' is clicked on

2019-07-15 13:49:44 - [TEST_STEP][PASSED] - delay(2): Delayed 2 second(s)

2019-07-15 13:49:46 - [MESSAGE][PASSED] - Delayed 2 second(s)

2019-07-15 13:49:46 - [TEST_STEP][PASSED] - click(findTestObject("OCS-DESKTOP/Cart page/Qty Decrease icon")): Object: 'Object Repository/OCS-DESKTOP/Cart page/Qty Decrease icon' is clicked on

2019-07-15 13:49:46 - [MESSAGE][PASSED] - Object: 'Object Repository/OCS-DESKTOP/Cart page/Qty Decrease icon' is clicked on

2019-07-15 13:49:46 - [TEST_STEP][PASSED] - delay(2): Delayed 2 second(s)

2019-07-15 13:49:48 - [MESSAGE][PASSED] - Delayed 2 second(s)

2019-07-15 13:49:48 - [TEST_STEP][PASSED] - click(findTestObject("OCS-DESKTOP/Cart page/Qty Decrease icon")): Object: 'Object Repository/OCS-DESKTOP/Cart page/Qty Decrease icon' is clicked on

2019-07-15 13:49:48 - [MESSAGE][PASSED] - Object: 'Object Repository/OCS-DESKTOP/Cart page/Qty Decrease icon' is clicked on

2019-07-15 13:49:48 - [TEST_STEP][PASSED] - delay(2): Delayed 2 second(s)

2019-07-15 13:49:50 - [MESSAGE][PASSED] - Delayed 2 second(s)

2019-07-15 13:49:50 - [TEST_STEP][PASSED] - b = getText(findTestObject("OCS-DESKTOP/Cart page/Unit price - product - price in cart page")): Text of object 'Object Repository/OCS-DESKTOP/Cart page/Unit price - product - price in cart page' is: '42,00 $'

2019-07-15 13:49:50 - [MESSAGE][PASSED] - Text of object 'Object Repository/OCS-DESKTOP/Cart page/Unit price - product - price in cart page' is: '42,00 $'

2019-07-15 13:49:50 - [TEST_STEP][PASSED] - comment(b): 42,00 $

2019-07-15 13:49:50 - [MESSAGE][INFO] - 42,00 $

2019-07-15 13:49:50 - [TEST_STEP][PASSED] - a2 = b.substring(0, b.length() - 1): null

2019-07-15 13:49:50 - [TEST_STEP][PASSED] - comment("a2 = " + a2): a2 = 42,00 

2019-07-15 13:49:50 - [MESSAGE][INFO] - a2 = 42,00 

2019-07-15 13:49:50 - [TEST_STEP][PASSED] - y1 = a2.substring(0, a2.length() - 1): null

2019-07-15 13:49:50 - [TEST_STEP][PASSED] - comment("y1 = " + y1): y1 = 42,00

2019-07-15 13:49:50 - [MESSAGE][INFO] - y1 = 42,00

2019-07-15 13:49:50 - [TEST_STEP][PASSED] - y2 = y1.substring(0, y1.length() - 1): null

2019-07-15 13:49:50 - [TEST_STEP][PASSED] - comment("y2 = " + y2): y2 = 42,0

2019-07-15 13:49:50 - [MESSAGE][INFO] - y2 = 42,0

2019-07-15 13:49:50 - [TEST_STEP][PASSED] - y3 = y2.substring(0, y2.length() - 1): null

2019-07-15 13:49:50 - [TEST_STEP][PASSED] - comment("y3 = " + y3): y3 = 42,

2019-07-15 13:49:50 - [MESSAGE][INFO] - y3 = 42,

2019-07-15 13:49:50 - [TEST_STEP][PASSED] - y4 = y3.substring(0, y3.length() - 1): null

2019-07-15 13:49:50 - [TEST_STEP][PASSED] - comment("y4 = " + y4): y4 = 42

2019-07-15 13:49:50 - [MESSAGE][INFO] - y4 = 42

2019-07-15 13:49:50 - [TEST_STEP][PASSED] - verifyNotEqual("x6", "y4"): Actual object 'x6' and expected object 'y4' are not equal

2019-07-15 13:49:50 - [MESSAGE][PASSED] - Actual object 'x6' and expected object 'y4' are not equal

2019-07-15 13:49:50 - [TEST_STEP][PASSED] - comment(" price changed . Quantity selector is working"):  price changed . Quantity selector is working

2019-07-15 13:49:50 - [MESSAGE][INFO] -  price changed . Quantity selector is working

2019-07-15 13:49:50 - [TEST_STEP][PASSED] - callTestCase(findTestCase("OCS - DESKTOP/CALL - CART PAGE - SHIPPING TO PAYMENT"), [:], STOP_ON_FAILURE): Call Test Case 'Test Cases/OCS - DESKTOP/CALL - CART PAGE - SHIPPING TO PAYMENT' successfully

2019-07-15 13:49:50 - [TEST_CASE][PASSED] - Test Cases/OCS - DESKTOP/CALL - CART PAGE - SHIPPING TO PAYMENT: Test Cases/OCS - DESKTOP/CALL - CART PAGE - SHIPPING TO PAYMENT

2019-07-15 13:49:50 - [TEST_STEP][PASSED] - delay(2): Delayed 2 second(s)

2019-07-15 13:49:52 - [MESSAGE][PASSED] - Delayed 2 second(s)

2019-07-15 13:49:52 - [TEST_STEP][PASSED] - click(findTestObject("OCS-DESKTOP/Cart page/cart page-Checkbox_I confirm that")): Object: 'Object Repository/OCS-DESKTOP/Cart page/cart page-Checkbox_I confirm that' is clicked on

2019-07-15 13:49:52 - [MESSAGE][PASSED] - Object: 'Object Repository/OCS-DESKTOP/Cart page/cart page-Checkbox_I confirm that' is clicked on

2019-07-15 13:49:52 - [TEST_STEP][PASSED] - delay(2): Delayed 2 second(s)

2019-07-15 13:49:54 - [MESSAGE][PASSED] - Delayed 2 second(s)

2019-07-15 13:49:54 - [TEST_STEP][PASSED] - click(findTestObject("OCS-DESKTOP/Cart page/cart page - Checkbox_Accept the Terms Condition")): Object: 'Object Repository/OCS-DESKTOP/Cart page/cart page - Checkbox_Accept the Terms Condition' is clicked on

2019-07-15 13:49:54 - [MESSAGE][PASSED] - Object: 'Object Repository/OCS-DESKTOP/Cart page/cart page - Checkbox_Accept the Terms Condition' is clicked on

2019-07-15 13:49:54 - [TEST_STEP][PASSED] - delay(1): Delayed 1 second(s)

2019-07-15 13:49:55 - [MESSAGE][PASSED] - Delayed 1 second(s)

2019-07-15 13:49:55 - [TEST_STEP][PASSED] - click(findTestObject("FRENCH/Cart page -checkout button")): Object: 'Object Repository/FRENCH/Cart page -checkout button' is clicked on

2019-07-15 13:49:57 - [MESSAGE][PASSED] - Object: 'Object Repository/FRENCH/Cart page -checkout button' is clicked on

2019-07-15 13:49:57 - [TEST_STEP][PASSED] - executeJavaScript("var previewBar = document.getElementById("preview-bar-iframe"); previewBar.style.display = "none";", []): Execute JavaScript 'var previewBar = document.getElementById("preview-bar-iframe"); previewBar.style.display = "none";' successfully

2019-07-15 13:49:57 - [MESSAGE][PASSED] - Execute JavaScript 'var previewBar = document.getElementById("preview-bar-iframe"); previewBar.style.display = "none";' successfully

2019-07-15 13:49:57 - [TEST_STEP][PASSED] - delay(2): Delayed 2 second(s)

2019-07-15 13:49:59 - [MESSAGE][PASSED] - Delayed 2 second(s)

2019-07-15 13:49:59 - [TEST_STEP][PASSED] - setText(findTestObject("Object Repository/Page_Ontario Cannabis Store - Infor/input_Adresse e-mail_checkoute"), "suman@gmail.com"): Text 'suman@gmail.com' is set on object 'Object Repository/Page_Ontario Cannabis Store - Infor/input_Adresse e-mail_checkoute'

2019-07-15 13:50:00 - [MESSAGE][PASSED] - Text 'suman@gmail.com' is set on object 'Object Repository/Page_Ontario Cannabis Store - Infor/input_Adresse e-mail_checkoute'

2019-07-15 13:50:00 - [TEST_STEP][PASSED] - setText(findTestObject("Object Repository/Page_Ontario Cannabis Store - Infor/input_Prnom_checkoutshipping_a"), "suman"): Text 'suman' is set on object 'Object Repository/Page_Ontario Cannabis Store - Infor/input_Prnom_checkoutshipping_a'

2019-07-15 13:50:00 - [MESSAGE][PASSED] - Text 'suman' is set on object 'Object Repository/Page_Ontario Cannabis Store - Infor/input_Prnom_checkoutshipping_a'

2019-07-15 13:50:00 - [TEST_STEP][PASSED] - setText(findTestObject("Object Repository/Page_Ontario Cannabis Store - Infor/input_Nom_checkoutshipping_add"), "kompelly"): Text 'kompelly' is set on object 'Object Repository/Page_Ontario Cannabis Store - Infor/input_Nom_checkoutshipping_add'

2019-07-15 13:50:00 - [MESSAGE][PASSED] - Text 'kompelly' is set on object 'Object Repository/Page_Ontario Cannabis Store - Infor/input_Nom_checkoutshipping_add'

2019-07-15 13:50:00 - [TEST_STEP][PASSED] - setText(findTestObject("Object Repository/Page_Ontario Cannabis Store - Infor/input_Adresse_checkoutshipping"), "123 test"): Text '123 test' is set on object 'Object Repository/Page_Ontario Cannabis Store - Infor/input_Adresse_checkoutshipping'

2019-07-15 13:50:01 - [MESSAGE][PASSED] - Text '123 test' is set on object 'Object Repository/Page_Ontario Cannabis Store - Infor/input_Adresse_checkoutshipping'

2019-07-15 13:50:01 - [TEST_STEP][PASSED] - setText(findTestObject("Object Repository/Page_Ontario Cannabis Store - Infor/input_Appartement suite etc. ("), "123"): Text '123' is set on object 'Object Repository/Page_Ontario Cannabis Store - Infor/input_Appartement suite etc. ('

2019-07-15 13:50:01 - [MESSAGE][PASSED] - Text '123' is set on object 'Object Repository/Page_Ontario Cannabis Store - Infor/input_Appartement suite etc. ('

2019-07-15 13:50:01 - [TEST_STEP][PASSED] - setText(findTestObject("Object Repository/Page_Ontario Cannabis Store - Infor/input_Ville_checkoutshipping_a"), "montreal"): Text 'montreal' is set on object 'Object Repository/Page_Ontario Cannabis Store - Infor/input_Ville_checkoutshipping_a'

2019-07-15 13:50:01 - [MESSAGE][PASSED] - Text 'montreal' is set on object 'Object Repository/Page_Ontario Cannabis Store - Infor/input_Ville_checkoutshipping_a'

2019-07-15 13:50:01 - [TEST_STEP][PASSED] - setText(findTestObject("Object Repository/Page_Ontario Cannabis Store - Infor/input_Code postal_checkoutship"), "n0r1k0"): Text 'n0r1k0' is set on object 'Object Repository/Page_Ontario Cannabis Store - Infor/input_Code postal_checkoutship'

2019-07-15 13:50:02 - [MESSAGE][PASSED] - Text 'n0r1k0' is set on object 'Object Repository/Page_Ontario Cannabis Store - Infor/input_Code postal_checkoutship'

2019-07-15 13:50:02 - [TEST_STEP][PASSED] - setText(findTestObject("Object Repository/Page_Ontario Cannabis Store - Infor/input_Tlphone_checkoutshipping"), "514-449-3883"): Text '514-449-3883' is set on object 'Object Repository/Page_Ontario Cannabis Store - Infor/input_Tlphone_checkoutshipping'

2019-07-15 13:50:02 - [MESSAGE][PASSED] - Text '514-449-3883' is set on object 'Object Repository/Page_Ontario Cannabis Store - Infor/input_Tlphone_checkoutshipping'

2019-07-15 13:50:02 - [TEST_STEP][PASSED] - delay(2): Delayed 2 second(s)

2019-07-15 13:50:04 - [MESSAGE][PASSED] - Delayed 2 second(s)

2019-07-15 13:50:04 - [TEST_STEP][PASSED] - click(findTestObject("Object Repository/Page_Ontario Cannabis Store - Infor/button_Continuer vers le mode")): Object: 'Object Repository/Page_Ontario Cannabis Store - Infor/button_Continuer vers le mode' is clicked on

2019-07-15 13:50:05 - [MESSAGE][PASSED] - Object: 'Object Repository/Page_Ontario Cannabis Store - Infor/button_Continuer vers le mode' is clicked on

2019-07-15 13:50:05 - [TEST_STEP][PASSED] - delay(4): Delayed 4 second(s)

2019-07-15 13:50:09 - [MESSAGE][PASSED] - Delayed 4 second(s)

2019-07-15 13:50:09 - [TEST_STEP][PASSED] - executeJavaScript("var previewBar = document.getElementById("preview-bar-iframe"); previewBar.style.display = "none";", []): Execute JavaScript 'var previewBar = document.getElementById("preview-bar-iframe"); previewBar.style.display = "none";' successfully

2019-07-15 13:50:09 - [MESSAGE][PASSED] - Execute JavaScript 'var previewBar = document.getElementById("preview-bar-iframe"); previewBar.style.display = "none";' successfully

2019-07-15 13:50:09 - [TEST_STEP][PASSED] - delay(2): Delayed 2 second(s)

2019-07-15 13:50:11 - [MESSAGE][PASSED] - Delayed 2 second(s)

2019-07-15 13:50:11 - [TEST_STEP][PASSED] - click(findTestObject("Object Repository/Page_Ontario Cannabis Store - Livra/button_Continuer vers le moyen")): Object: 'Object Repository/Page_Ontario Cannabis Store - Livra/button_Continuer vers le moyen' is clicked on

2019-07-15 13:50:14 - [MESSAGE][PASSED] - Object: 'Object Repository/Page_Ontario Cannabis Store - Livra/button_Continuer vers le moyen' is clicked on

2019-07-15 13:50:14 - [MESSAGE][PASSED] - Call Test Case 'Test Cases/OCS - DESKTOP/CALL - CART PAGE - SHIPPING TO PAYMENT' successfully]]></system-out>
         <system-err><![CDATA[]]></system-err>
      </testcase>
      <testcase name="Test Cases/OCS - DESKTOP/OCS- CRITICAL PATH - FRENCH/Cart flyout - accessories -fr" classname="Test Cases/OCS - DESKTOP/OCS- CRITICAL PATH - FRENCH/Cart flyout - accessories -fr" status="PASSED">
         <system-out><![CDATA[2019-07-15 13:50:14 - [TEST_CASE][PASSED] - Test Cases/OCS - DESKTOP/OCS- CRITICAL PATH - FRENCH/Cart flyout - accessories -fr: Test Cases/OCS - DESKTOP/OCS- CRITICAL PATH - FRENCH/Cart flyout - accessories -fr

2019-07-15 13:50:14 - [TEST_STEP][PASSED] - callTestCase(findTestCase("OCS - DESKTOP/CALL- Age gate"), [:], STOP_ON_FAILURE): Call Test Case 'Test Cases/OCS - DESKTOP/CALL- Age gate' successfully

2019-07-15 13:50:14 - [TEST_CASE][PASSED] - Test Cases/OCS - DESKTOP/CALL- Age gate: Test Cases/OCS - DESKTOP/CALL- Age gate

2019-07-15 13:50:14 - [TEST_STEP][PASSED] - openBrowser(""): Browser is opened with url: ''

2019-07-15 13:50:14 - [MESSAGE][WARNING] - A browser is already opened. Closing browser and opening a new one

2019-07-15 13:50:15 - [MESSAGE][INFO] - Starting 'Chrome' driver

2019-07-15 13:50:16 - [MESSAGE][PASSED] - Browser is opened with url: ''

2019-07-15 13:50:16 - [TEST_STEP][PASSED] - navigateToUrl("https://ocs.ca/?fts=0&preview_theme_id=74205529932"): Navigate to 'https://ocs.ca/?fts=0&preview_theme_id=74205529932' successfully

2019-07-15 13:50:21 - [MESSAGE][PASSED] - Navigate to 'https://ocs.ca/?fts=0&preview_theme_id=74205529932' successfully

2019-07-15 13:50:21 - [TEST_STEP][PASSED] - maximizeWindow(): Current window maximized

2019-07-15 13:50:21 - [MESSAGE][PASSED] - Current window maximized

2019-07-15 13:50:21 - [TEST_STEP][PASSED] - delay(2): Delayed 2 second(s)

2019-07-15 13:50:23 - [MESSAGE][PASSED] - Delayed 2 second(s)

2019-07-15 13:50:23 - [TEST_STEP][PASSED] - executeJavaScript("var previewBar = document.getElementById("preview-bar-iframe"); previewBar.style.display = "none";", []): Execute JavaScript 'var previewBar = document.getElementById("preview-bar-iframe"); previewBar.style.display = "none";' successfully

2019-07-15 13:50:23 - [MESSAGE][PASSED] - Execute JavaScript 'var previewBar = document.getElementById("preview-bar-iframe"); previewBar.style.display = "none";' successfully

2019-07-15 13:50:23 - [TEST_STEP][PASSED] - selectOptionByValue(findTestObject("OCS-DESKTOP/Age gate and Mega menu/Date"), "12", true): All options with value '12' are selected in object 'Object Repository/OCS-DESKTOP/Age gate and Mega menu/Date'  using regular expression

2019-07-15 13:50:24 - [MESSAGE][PASSED] - All options with value '12' are selected in object 'Object Repository/OCS-DESKTOP/Age gate and Mega menu/Date'  using regular expression

2019-07-15 13:50:24 - [TEST_STEP][PASSED] - selectOptionByValue(findTestObject("OCS-DESKTOP/Age gate and Mega menu/month"), "6", true): All options with value '6' are selected in object 'Object Repository/OCS-DESKTOP/Age gate and Mega menu/month'  using regular expression

2019-07-15 13:50:24 - [MESSAGE][PASSED] - All options with value '6' are selected in object 'Object Repository/OCS-DESKTOP/Age gate and Mega menu/month'  using regular expression

2019-07-15 13:50:24 - [TEST_STEP][PASSED] - delay(2): Delayed 2 second(s)

2019-07-15 13:50:26 - [MESSAGE][PASSED] - Delayed 2 second(s)

2019-07-15 13:50:26 - [TEST_STEP][PASSED] - selectOptionByValue(findTestObject("OCS-DESKTOP/Age gate and Mega menu/Year Dropdown"), "1990", true): All options with value '1990' are selected in object 'Object Repository/OCS-DESKTOP/Age gate and Mega menu/Year Dropdown'  using regular expression

2019-07-15 13:50:27 - [MESSAGE][PASSED] - All options with value '1990' are selected in object 'Object Repository/OCS-DESKTOP/Age gate and Mega menu/Year Dropdown'  using regular expression

2019-07-15 13:50:27 - [TEST_STEP][PASSED] - click(findTestObject("OCS-DESKTOP/Age gate and Mega menu/button_Verify")): Object: 'Object Repository/OCS-DESKTOP/Age gate and Mega menu/button_Verify' is clicked on

2019-07-15 13:50:27 - [MESSAGE][PASSED] - Object: 'Object Repository/OCS-DESKTOP/Age gate and Mega menu/button_Verify' is clicked on

2019-07-15 13:50:27 - [TEST_STEP][PASSED] - click(findTestObject("OCS-DESKTOP/Age gate and Mega menu/Checkbox_CONFIRM AND ACKNOWLEDGE")): Object: 'Object Repository/OCS-DESKTOP/Age gate and Mega menu/Checkbox_CONFIRM AND ACKNOWLEDGE' is clicked on

2019-07-15 13:50:27 - [MESSAGE][PASSED] - Object: 'Object Repository/OCS-DESKTOP/Age gate and Mega menu/Checkbox_CONFIRM AND ACKNOWLEDGE' is clicked on

2019-07-15 13:50:27 - [TEST_STEP][PASSED] - click(findTestObject("OCS-DESKTOP/Age gate and Mega menu/button_CONFIRM")): Object: 'Object Repository/OCS-DESKTOP/Age gate and Mega menu/button_CONFIRM' is clicked on

2019-07-15 13:50:27 - [MESSAGE][PASSED] - Object: 'Object Repository/OCS-DESKTOP/Age gate and Mega menu/button_CONFIRM' is clicked on

2019-07-15 13:50:27 - [TEST_STEP][PASSED] - click(findTestObject("OCS-DESKTOP/Age gate and Mega menu/button_Start Browsing")): Object: 'Object Repository/OCS-DESKTOP/Age gate and Mega menu/button_Start Browsing' is clicked on

2019-07-15 13:50:27 - [MESSAGE][PASSED] - Object: 'Object Repository/OCS-DESKTOP/Age gate and Mega menu/button_Start Browsing' is clicked on

2019-07-15 13:50:27 - [TEST_STEP][PASSED] - delay(2): Delayed 2 second(s)

2019-07-15 13:50:29 - [MESSAGE][PASSED] - Delayed 2 second(s)

2019-07-15 13:50:29 - [TEST_STEP][PASSED] - refresh(): Refresh successfully

2019-07-15 13:50:29 - [MESSAGE][PASSED] - Refresh successfully

2019-07-15 13:50:29 - [MESSAGE][PASSED] - Call Test Case 'Test Cases/OCS - DESKTOP/CALL- Age gate' successfully

2019-07-15 13:50:29 - [TEST_STEP][PASSED] - delay(2): Delayed 2 second(s)

2019-07-15 13:50:31 - [MESSAGE][PASSED] - Delayed 2 second(s)

2019-07-15 13:50:31 - [TEST_STEP][PASSED] - callTestCase(findTestCase("OCS - DESKTOP/CALL - TOGGLING LANGUAGE"), [:], STOP_ON_FAILURE): Call Test Case 'Test Cases/OCS - DESKTOP/CALL - TOGGLING LANGUAGE' successfully

2019-07-15 13:50:31 - [TEST_CASE][PASSED] - Test Cases/OCS - DESKTOP/CALL - TOGGLING LANGUAGE: Test Cases/OCS - DESKTOP/CALL - TOGGLING LANGUAGE

2019-07-15 13:50:31 - [TEST_STEP][PASSED] - delay(2): Delayed 2 second(s)

2019-07-15 13:50:33 - [MESSAGE][PASSED] - Delayed 2 second(s)

2019-07-15 13:50:33 - [TEST_STEP][PASSED] - click(findTestObject("OCS-DESKTOP/Cart flyout/English dropdown")): Object: 'Object Repository/OCS-DESKTOP/Cart flyout/English dropdown' is clicked on

2019-07-15 13:50:34 - [MESSAGE][PASSED] - Object: 'Object Repository/OCS-DESKTOP/Cart flyout/English dropdown' is clicked on

2019-07-15 13:50:34 - [TEST_STEP][PASSED] - delay(2): Delayed 2 second(s)

2019-07-15 13:50:36 - [MESSAGE][PASSED] - Delayed 2 second(s)

2019-07-15 13:50:36 - [TEST_STEP][PASSED] - click(findTestObject("OCS-DESKTOP/Cart flyout/Select French")): Object: 'Object Repository/OCS-DESKTOP/Cart flyout/Select French' is clicked on

2019-07-15 13:50:36 - [MESSAGE][PASSED] - Object: 'Object Repository/OCS-DESKTOP/Cart flyout/Select French' is clicked on

2019-07-15 13:50:36 - [TEST_STEP][PASSED] - delay(5): Delayed 5 second(s)

2019-07-15 13:50:41 - [MESSAGE][PASSED] - Delayed 5 second(s)

2019-07-15 13:50:41 - [TEST_STEP][PASSED] - e = getWindowTitle(): Current window's title is: 'Magasin de Cannabis de l'Ontario | Ontario Cannabis Store'

2019-07-15 13:50:41 - [MESSAGE][PASSED] - Current window's title is: 'Magasin de Cannabis de l'Ontario | Ontario Cannabis Store'

2019-07-15 13:50:41 - [MESSAGE][PASSED] - Call Test Case 'Test Cases/OCS - DESKTOP/CALL - TOGGLING LANGUAGE' successfully

2019-07-15 13:50:41 - [TEST_STEP][PASSED] - click(findTestObject("OCS-DESKTOP/Age gate and Mega menu/Header/CANNABIS menu - English")): Object: 'Object Repository/OCS-DESKTOP/Age gate and Mega menu/Header/CANNABIS menu - English' is clicked on

2019-07-15 13:50:41 - [MESSAGE][PASSED] - Object: 'Object Repository/OCS-DESKTOP/Age gate and Mega menu/Header/CANNABIS menu - English' is clicked on

2019-07-15 13:50:41 - [TEST_STEP][PASSED] - delay(2): Delayed 2 second(s)

2019-07-15 13:50:43 - [MESSAGE][PASSED] - Delayed 2 second(s)

2019-07-15 13:50:43 - [TEST_STEP][PASSED] - executeJavaScript("var previewBar = document.getElementById("preview-bar-iframe"); previewBar.style.display = "none";", []): Execute JavaScript 'var previewBar = document.getElementById("preview-bar-iframe"); previewBar.style.display = "none";' successfully

2019-07-15 13:50:43 - [MESSAGE][PASSED] - Execute JavaScript 'var previewBar = document.getElementById("preview-bar-iframe"); previewBar.style.display = "none";' successfully

2019-07-15 13:50:43 - [TEST_STEP][PASSED] - click(findTestObject("OCS-DESKTOP/Age gate and Mega menu/Indica Dominant_Menu item")): Object: 'Object Repository/OCS-DESKTOP/Age gate and Mega menu/Indica Dominant_Menu item' is clicked on

2019-07-15 13:50:46 - [MESSAGE][PASSED] - Object: 'Object Repository/OCS-DESKTOP/Age gate and Mega menu/Indica Dominant_Menu item' is clicked on

2019-07-15 13:50:46 - [TEST_STEP][PASSED] - executeJavaScript("var previewBar = document.getElementById("preview-bar-iframe"); previewBar.style.display = "none";", []): Execute JavaScript 'var previewBar = document.getElementById("preview-bar-iframe"); previewBar.style.display = "none";' successfully

2019-07-15 13:50:46 - [MESSAGE][PASSED] - Execute JavaScript 'var previewBar = document.getElementById("preview-bar-iframe"); previewBar.style.display = "none";' successfully

2019-07-15 13:50:46 - [TEST_STEP][PASSED] - delay(2): Delayed 2 second(s)

2019-07-15 13:50:48 - [MESSAGE][PASSED] - Delayed 2 second(s)

2019-07-15 13:50:48 - [TEST_STEP][PASSED] - click(findTestObject("FRENCH/Product image - 1st one")): Object: 'Object Repository/FRENCH/Product image - 1st one' is clicked on

2019-07-15 13:50:54 - [MESSAGE][PASSED] - Object: 'Object Repository/FRENCH/Product image - 1st one' is clicked on

2019-07-15 13:50:54 - [TEST_STEP][PASSED] - executeJavaScript("var previewBar = document.getElementById("preview-bar-iframe"); previewBar.style.display = "none";", []): Execute JavaScript 'var previewBar = document.getElementById("preview-bar-iframe"); previewBar.style.display = "none";' successfully

2019-07-15 13:50:54 - [MESSAGE][PASSED] - Execute JavaScript 'var previewBar = document.getElementById("preview-bar-iframe"); previewBar.style.display = "none";' successfully

2019-07-15 13:50:54 - [TEST_STEP][PASSED] - delay(1): Delayed 1 second(s)

2019-07-15 13:50:55 - [MESSAGE][PASSED] - Delayed 1 second(s)

2019-07-15 13:50:55 - [TEST_STEP][PASSED] - delay(3): Delayed 3 second(s)

2019-07-15 13:50:58 - [MESSAGE][PASSED] - Delayed 3 second(s)

2019-07-15 13:50:58 - [TEST_STEP][PASSED] - click(findTestObject("OCS-DESKTOP/Product page/Swatch_1g")): Object: 'Object Repository/OCS-DESKTOP/Product page/Swatch_1g' is clicked on

2019-07-15 13:50:58 - [MESSAGE][PASSED] - Object: 'Object Repository/OCS-DESKTOP/Product page/Swatch_1g' is clicked on

2019-07-15 13:50:58 - [TEST_STEP][PASSED] - delay(2): Delayed 2 second(s)

2019-07-15 13:51:00 - [MESSAGE][PASSED] - Delayed 2 second(s)

2019-07-15 13:51:00 - [TEST_STEP][PASSED] - click(findTestObject("OCS-DESKTOP/Product page/Add to Bag-button")): Object: 'Object Repository/OCS-DESKTOP/Product page/Add to Bag-button' is clicked on

2019-07-15 13:51:00 - [MESSAGE][PASSED] - Object: 'Object Repository/OCS-DESKTOP/Product page/Add to Bag-button' is clicked on

2019-07-15 13:51:00 - [TEST_STEP][PASSED] - delay(1): Delayed 1 second(s)

2019-07-15 13:51:01 - [MESSAGE][PASSED] - Delayed 1 second(s)

2019-07-15 13:51:01 - [TEST_STEP][PASSED] - click(findTestObject("OCS-DESKTOP/Home - page/Cart icon -bag")): Object: 'Object Repository/OCS-DESKTOP/Home - page/Cart icon -bag' is clicked on

2019-07-15 13:51:01 - [MESSAGE][PASSED] - Object: 'Object Repository/OCS-DESKTOP/Home - page/Cart icon -bag' is clicked on

2019-07-15 13:51:01 - [TEST_STEP][PASSED] - delay(2): Delayed 2 second(s)

2019-07-15 13:51:03 - [MESSAGE][PASSED] - Delayed 2 second(s)

2019-07-15 13:51:03 - [TEST_STEP][PASSED] - click(findTestObject("OCS-DESKTOP/Cart flyout/Up Chevron - Accessories you might need")): Object: 'Object Repository/OCS-DESKTOP/Cart flyout/Up Chevron - Accessories you might need' is clicked on

2019-07-15 13:51:03 - [MESSAGE][PASSED] - Object: 'Object Repository/OCS-DESKTOP/Cart flyout/Up Chevron - Accessories you might need' is clicked on

2019-07-15 13:51:03 - [TEST_STEP][PASSED] - takeScreenshot(): Taking screenshot successfully

2019-07-15 13:51:04 - [MESSAGE][PASSED] - Taking screenshot successfully
[[ATTACHMENT|/Users/sumankompelly/git/OCS--Relative-xpath-Desktop/Reports/Suite - Chrome/20190715_133533/1563213063709.png]]

2019-07-15 13:51:04 - [TEST_STEP][PASSED] - delay(4): Delayed 4 second(s)

2019-07-15 13:51:08 - [MESSAGE][PASSED] - Delayed 4 second(s)

2019-07-15 13:51:08 - [TEST_STEP][PASSED] - click(findTestObject("OCS-DESKTOP/Cart flyout/Down Chevron - Accessories you might need")): Object: 'Object Repository/OCS-DESKTOP/Cart flyout/Down Chevron - Accessories you might need' is clicked on

2019-07-15 13:51:08 - [MESSAGE][PASSED] - Object: 'Object Repository/OCS-DESKTOP/Cart flyout/Down Chevron - Accessories you might need' is clicked on]]></system-out>
         <system-err><![CDATA[]]></system-err>
      </testcase>
      <testcase name="Test Cases/OCS - DESKTOP/OCS- CRITICAL PATH - FRENCH/Cart - fr" classname="Test Cases/OCS - DESKTOP/OCS- CRITICAL PATH - FRENCH/Cart - fr" status="PASSED">
         <system-out><![CDATA[2019-07-15 13:51:08 - [TEST_CASE][PASSED] - Test Cases/OCS - DESKTOP/OCS- CRITICAL PATH - FRENCH/Cart - fr: Test Cases/OCS - DESKTOP/OCS- CRITICAL PATH - FRENCH/Cart - fr

2019-07-15 13:51:08 - [TEST_STEP][PASSED] - callTestCase(findTestCase("OCS - DESKTOP/CALL- Age gate"), [:], STOP_ON_FAILURE): Call Test Case 'Test Cases/OCS - DESKTOP/CALL- Age gate' successfully

2019-07-15 13:51:08 - [TEST_CASE][PASSED] - Test Cases/OCS - DESKTOP/CALL- Age gate: Test Cases/OCS - DESKTOP/CALL- Age gate

2019-07-15 13:51:08 - [TEST_STEP][PASSED] - openBrowser(""): Browser is opened with url: ''

2019-07-15 13:51:08 - [MESSAGE][WARNING] - A browser is already opened. Closing browser and opening a new one

2019-07-15 13:51:09 - [MESSAGE][INFO] - Starting 'Chrome' driver

2019-07-15 13:51:10 - [MESSAGE][PASSED] - Browser is opened with url: ''

2019-07-15 13:51:10 - [TEST_STEP][PASSED] - navigateToUrl("https://ocs.ca/?fts=0&preview_theme_id=74205529932"): Navigate to 'https://ocs.ca/?fts=0&preview_theme_id=74205529932' successfully

2019-07-15 13:51:16 - [MESSAGE][PASSED] - Navigate to 'https://ocs.ca/?fts=0&preview_theme_id=74205529932' successfully

2019-07-15 13:51:16 - [TEST_STEP][PASSED] - maximizeWindow(): Current window maximized

2019-07-15 13:51:17 - [MESSAGE][PASSED] - Current window maximized

2019-07-15 13:51:17 - [TEST_STEP][PASSED] - delay(2): Delayed 2 second(s)

2019-07-15 13:51:19 - [MESSAGE][PASSED] - Delayed 2 second(s)

2019-07-15 13:51:19 - [TEST_STEP][PASSED] - executeJavaScript("var previewBar = document.getElementById("preview-bar-iframe"); previewBar.style.display = "none";", []): Execute JavaScript 'var previewBar = document.getElementById("preview-bar-iframe"); previewBar.style.display = "none";' successfully

2019-07-15 13:51:19 - [MESSAGE][PASSED] - Execute JavaScript 'var previewBar = document.getElementById("preview-bar-iframe"); previewBar.style.display = "none";' successfully

2019-07-15 13:51:19 - [TEST_STEP][PASSED] - selectOptionByValue(findTestObject("OCS-DESKTOP/Age gate and Mega menu/Date"), "12", true): All options with value '12' are selected in object 'Object Repository/OCS-DESKTOP/Age gate and Mega menu/Date'  using regular expression

2019-07-15 13:51:19 - [MESSAGE][PASSED] - All options with value '12' are selected in object 'Object Repository/OCS-DESKTOP/Age gate and Mega menu/Date'  using regular expression

2019-07-15 13:51:19 - [TEST_STEP][PASSED] - selectOptionByValue(findTestObject("OCS-DESKTOP/Age gate and Mega menu/month"), "6", true): All options with value '6' are selected in object 'Object Repository/OCS-DESKTOP/Age gate and Mega menu/month'  using regular expression

2019-07-15 13:51:19 - [MESSAGE][PASSED] - All options with value '6' are selected in object 'Object Repository/OCS-DESKTOP/Age gate and Mega menu/month'  using regular expression

2019-07-15 13:51:19 - [TEST_STEP][PASSED] - delay(2): Delayed 2 second(s)

2019-07-15 13:51:21 - [MESSAGE][PASSED] - Delayed 2 second(s)

2019-07-15 13:51:21 - [TEST_STEP][PASSED] - selectOptionByValue(findTestObject("OCS-DESKTOP/Age gate and Mega menu/Year Dropdown"), "1990", true): All options with value '1990' are selected in object 'Object Repository/OCS-DESKTOP/Age gate and Mega menu/Year Dropdown'  using regular expression

2019-07-15 13:51:23 - [MESSAGE][PASSED] - All options with value '1990' are selected in object 'Object Repository/OCS-DESKTOP/Age gate and Mega menu/Year Dropdown'  using regular expression

2019-07-15 13:51:23 - [TEST_STEP][PASSED] - click(findTestObject("OCS-DESKTOP/Age gate and Mega menu/button_Verify")): Object: 'Object Repository/OCS-DESKTOP/Age gate and Mega menu/button_Verify' is clicked on

2019-07-15 13:51:23 - [MESSAGE][PASSED] - Object: 'Object Repository/OCS-DESKTOP/Age gate and Mega menu/button_Verify' is clicked on

2019-07-15 13:51:23 - [TEST_STEP][PASSED] - click(findTestObject("OCS-DESKTOP/Age gate and Mega menu/Checkbox_CONFIRM AND ACKNOWLEDGE")): Object: 'Object Repository/OCS-DESKTOP/Age gate and Mega menu/Checkbox_CONFIRM AND ACKNOWLEDGE' is clicked on

2019-07-15 13:51:23 - [MESSAGE][PASSED] - Object: 'Object Repository/OCS-DESKTOP/Age gate and Mega menu/Checkbox_CONFIRM AND ACKNOWLEDGE' is clicked on

2019-07-15 13:51:23 - [TEST_STEP][PASSED] - click(findTestObject("OCS-DESKTOP/Age gate and Mega menu/button_CONFIRM")): Object: 'Object Repository/OCS-DESKTOP/Age gate and Mega menu/button_CONFIRM' is clicked on

2019-07-15 13:51:23 - [MESSAGE][PASSED] - Object: 'Object Repository/OCS-DESKTOP/Age gate and Mega menu/button_CONFIRM' is clicked on

2019-07-15 13:51:23 - [TEST_STEP][PASSED] - click(findTestObject("OCS-DESKTOP/Age gate and Mega menu/button_Start Browsing")): Object: 'Object Repository/OCS-DESKTOP/Age gate and Mega menu/button_Start Browsing' is clicked on

2019-07-15 13:51:23 - [MESSAGE][PASSED] - Object: 'Object Repository/OCS-DESKTOP/Age gate and Mega menu/button_Start Browsing' is clicked on

2019-07-15 13:51:23 - [TEST_STEP][PASSED] - delay(2): Delayed 2 second(s)

2019-07-15 13:51:25 - [MESSAGE][PASSED] - Delayed 2 second(s)

2019-07-15 13:51:25 - [TEST_STEP][PASSED] - refresh(): Refresh successfully

2019-07-15 13:51:25 - [MESSAGE][PASSED] - Refresh successfully

2019-07-15 13:51:25 - [MESSAGE][PASSED] - Call Test Case 'Test Cases/OCS - DESKTOP/CALL- Age gate' successfully

2019-07-15 13:51:25 - [TEST_STEP][PASSED] - delay(2): Delayed 2 second(s)

2019-07-15 13:51:27 - [MESSAGE][PASSED] - Delayed 2 second(s)

2019-07-15 13:51:27 - [TEST_STEP][PASSED] - callTestCase(findTestCase("OCS - DESKTOP/CALL - TOGGLING LANGUAGE"), [:], STOP_ON_FAILURE): Call Test Case 'Test Cases/OCS - DESKTOP/CALL - TOGGLING LANGUAGE' successfully

2019-07-15 13:51:27 - [TEST_CASE][PASSED] - Test Cases/OCS - DESKTOP/CALL - TOGGLING LANGUAGE: Test Cases/OCS - DESKTOP/CALL - TOGGLING LANGUAGE

2019-07-15 13:51:27 - [TEST_STEP][PASSED] - delay(2): Delayed 2 second(s)

2019-07-15 13:51:29 - [MESSAGE][PASSED] - Delayed 2 second(s)

2019-07-15 13:51:29 - [TEST_STEP][PASSED] - click(findTestObject("OCS-DESKTOP/Cart flyout/English dropdown")): Object: 'Object Repository/OCS-DESKTOP/Cart flyout/English dropdown' is clicked on

2019-07-15 13:51:29 - [MESSAGE][PASSED] - Object: 'Object Repository/OCS-DESKTOP/Cart flyout/English dropdown' is clicked on

2019-07-15 13:51:29 - [TEST_STEP][PASSED] - delay(2): Delayed 2 second(s)

2019-07-15 13:51:31 - [MESSAGE][PASSED] - Delayed 2 second(s)

2019-07-15 13:51:31 - [TEST_STEP][PASSED] - click(findTestObject("OCS-DESKTOP/Cart flyout/Select French")): Object: 'Object Repository/OCS-DESKTOP/Cart flyout/Select French' is clicked on

2019-07-15 13:51:31 - [MESSAGE][PASSED] - Object: 'Object Repository/OCS-DESKTOP/Cart flyout/Select French' is clicked on

2019-07-15 13:51:31 - [TEST_STEP][PASSED] - delay(5): Delayed 5 second(s)

2019-07-15 13:51:36 - [MESSAGE][PASSED] - Delayed 5 second(s)

2019-07-15 13:51:36 - [TEST_STEP][PASSED] - e = getWindowTitle(): Current window's title is: 'Magasin de Cannabis de l'Ontario | Ontario Cannabis Store'

2019-07-15 13:51:36 - [MESSAGE][PASSED] - Current window's title is: 'Magasin de Cannabis de l'Ontario | Ontario Cannabis Store'

2019-07-15 13:51:36 - [MESSAGE][PASSED] - Call Test Case 'Test Cases/OCS - DESKTOP/CALL - TOGGLING LANGUAGE' successfully

2019-07-15 13:51:36 - [TEST_STEP][PASSED] - click(findTestObject("OCS-DESKTOP/Age gate and Mega menu/Header/CANNABIS menu - English")): Object: 'Object Repository/OCS-DESKTOP/Age gate and Mega menu/Header/CANNABIS menu - English' is clicked on

2019-07-15 13:51:36 - [MESSAGE][PASSED] - Object: 'Object Repository/OCS-DESKTOP/Age gate and Mega menu/Header/CANNABIS menu - English' is clicked on

2019-07-15 13:51:36 - [TEST_STEP][PASSED] - delay(2): Delayed 2 second(s)

2019-07-15 13:51:38 - [MESSAGE][PASSED] - Delayed 2 second(s)

2019-07-15 13:51:38 - [TEST_STEP][PASSED] - executeJavaScript("var previewBar = document.getElementById("preview-bar-iframe"); previewBar.style.display = "none";", []): Execute JavaScript 'var previewBar = document.getElementById("preview-bar-iframe"); previewBar.style.display = "none";' successfully

2019-07-15 13:51:38 - [MESSAGE][PASSED] - Execute JavaScript 'var previewBar = document.getElementById("preview-bar-iframe"); previewBar.style.display = "none";' successfully

2019-07-15 13:51:38 - [TEST_STEP][PASSED] - click(findTestObject("OCS-DESKTOP/Age gate and Mega menu/Indica Dominant_Menu item")): Object: 'Object Repository/OCS-DESKTOP/Age gate and Mega menu/Indica Dominant_Menu item' is clicked on

2019-07-15 13:51:43 - [MESSAGE][PASSED] - Object: 'Object Repository/OCS-DESKTOP/Age gate and Mega menu/Indica Dominant_Menu item' is clicked on

2019-07-15 13:51:43 - [TEST_STEP][PASSED] - executeJavaScript("var previewBar = document.getElementById("preview-bar-iframe"); previewBar.style.display = "none";", []): Execute JavaScript 'var previewBar = document.getElementById("preview-bar-iframe"); previewBar.style.display = "none";' successfully

2019-07-15 13:51:43 - [MESSAGE][PASSED] - Execute JavaScript 'var previewBar = document.getElementById("preview-bar-iframe"); previewBar.style.display = "none";' successfully

2019-07-15 13:51:43 - [TEST_STEP][PASSED] - delay(2): Delayed 2 second(s)

2019-07-15 13:51:45 - [MESSAGE][PASSED] - Delayed 2 second(s)

2019-07-15 13:51:45 - [TEST_STEP][PASSED] - click(findTestObject("FRENCH/Product image - 1st one")): Object: 'Object Repository/FRENCH/Product image - 1st one' is clicked on

2019-07-15 13:51:49 - [MESSAGE][PASSED] - Object: 'Object Repository/FRENCH/Product image - 1st one' is clicked on

2019-07-15 13:51:49 - [TEST_STEP][PASSED] - executeJavaScript("var previewBar = document.getElementById("preview-bar-iframe"); previewBar.style.display = "none";", []): Execute JavaScript 'var previewBar = document.getElementById("preview-bar-iframe"); previewBar.style.display = "none";' successfully

2019-07-15 13:51:49 - [MESSAGE][PASSED] - Execute JavaScript 'var previewBar = document.getElementById("preview-bar-iframe"); previewBar.style.display = "none";' successfully

2019-07-15 13:51:49 - [TEST_STEP][PASSED] - delay(1): Delayed 1 second(s)

2019-07-15 13:51:50 - [MESSAGE][PASSED] - Delayed 1 second(s)

2019-07-15 13:51:50 - [TEST_STEP][PASSED] - delay(3): Delayed 3 second(s)

2019-07-15 13:51:53 - [MESSAGE][PASSED] - Delayed 3 second(s)

2019-07-15 13:51:53 - [TEST_STEP][PASSED] - click(findTestObject("OCS-DESKTOP/Product page/Swatch_1g")): Object: 'Object Repository/OCS-DESKTOP/Product page/Swatch_1g' is clicked on

2019-07-15 13:51:53 - [MESSAGE][PASSED] - Object: 'Object Repository/OCS-DESKTOP/Product page/Swatch_1g' is clicked on

2019-07-15 13:51:53 - [TEST_STEP][PASSED] - delay(2): Delayed 2 second(s)

2019-07-15 13:51:55 - [MESSAGE][PASSED] - Delayed 2 second(s)

2019-07-15 13:51:55 - [TEST_STEP][PASSED] - click(findTestObject("OCS-DESKTOP/Product page/Add to Bag-button")): Object: 'Object Repository/OCS-DESKTOP/Product page/Add to Bag-button' is clicked on

2019-07-15 13:51:55 - [MESSAGE][PASSED] - Object: 'Object Repository/OCS-DESKTOP/Product page/Add to Bag-button' is clicked on

2019-07-15 13:51:55 - [TEST_STEP][PASSED] - delay(1): Delayed 1 second(s)

2019-07-15 13:51:56 - [MESSAGE][PASSED] - Delayed 1 second(s)

2019-07-15 13:51:56 - [TEST_STEP][NOT_RUN] - click(findTestObject("OCS-DESKTOP/Cart flyout/Back icon"), CONTINUE_ON_FAILURE): NOT_RUN: click(findTestObject("OCS-DESKTOP/Cart flyout/Back icon"), CONTINUE_ON_FAILURE)

2019-07-15 13:51:56 - [MESSAGE][NOT_RUN] - NOT_RUN: click(findTestObject("OCS-DESKTOP/Cart flyout/Back icon"), CONTINUE_ON_FAILURE)

2019-07-15 13:51:56 - [TEST_STEP][PASSED] - delay(2): Delayed 2 second(s)

2019-07-15 13:51:58 - [MESSAGE][PASSED] - Delayed 2 second(s)

2019-07-15 13:51:58 - [TEST_STEP][NOT_RUN] - click(findTestObject("OCS-DESKTOP/Home - page/Cart icon -bag"), OPTIONAL): NOT_RUN: click(findTestObject("OCS-DESKTOP/Home - page/Cart icon -bag"), OPTIONAL)

2019-07-15 13:51:58 - [MESSAGE][NOT_RUN] - NOT_RUN: click(findTestObject("OCS-DESKTOP/Home - page/Cart icon -bag"), OPTIONAL)

2019-07-15 13:51:58 - [TEST_STEP][PASSED] - delay(2): Delayed 2 second(s)

2019-07-15 13:52:00 - [MESSAGE][PASSED] - Delayed 2 second(s)

2019-07-15 13:52:00 - [TEST_STEP][PASSED] - click(findTestObject("OCS-DESKTOP/Product page/Swatch_3.5g"), CONTINUE_ON_FAILURE): Object: 'Object Repository/OCS-DESKTOP/Product page/Swatch_3.5g' is clicked on

2019-07-15 13:52:00 - [MESSAGE][PASSED] - Object: 'Object Repository/OCS-DESKTOP/Product page/Swatch_3.5g' is clicked on

2019-07-15 13:52:00 - [TEST_STEP][PASSED] - delay(2): Delayed 2 second(s)

2019-07-15 13:52:02 - [MESSAGE][PASSED] - Delayed 2 second(s)

2019-07-15 13:52:02 - [TEST_STEP][PASSED] - click(findTestObject("OCS-DESKTOP/Product page/Add to Bag-button")): Object: 'Object Repository/OCS-DESKTOP/Product page/Add to Bag-button' is clicked on

2019-07-15 13:52:02 - [MESSAGE][PASSED] - Object: 'Object Repository/OCS-DESKTOP/Product page/Add to Bag-button' is clicked on

2019-07-15 13:52:02 - [TEST_STEP][PASSED] - delay(2): Delayed 2 second(s)

2019-07-15 13:52:04 - [MESSAGE][PASSED] - Delayed 2 second(s)

2019-07-15 13:52:04 - [TEST_STEP][PASSED] - click(findTestObject("OCS-DESKTOP/Home - page/Cart icon -bag"), OPTIONAL): Object: 'Object Repository/OCS-DESKTOP/Home - page/Cart icon -bag' is clicked on

2019-07-15 13:52:04 - [MESSAGE][PASSED] - Object: 'Object Repository/OCS-DESKTOP/Home - page/Cart icon -bag' is clicked on

2019-07-15 13:52:04 - [TEST_STEP][PASSED] - delay(2): Delayed 2 second(s)

2019-07-15 13:52:06 - [MESSAGE][PASSED] - Delayed 2 second(s)

2019-07-15 13:52:06 - [TEST_STEP][PASSED] - click(findTestObject("OCS-DESKTOP/Cart flyout/Checkbox_I confirm that")): Object: 'Object Repository/OCS-DESKTOP/Cart flyout/Checkbox_I confirm that' is clicked on

2019-07-15 13:52:06 - [MESSAGE][PASSED] - Object: 'Object Repository/OCS-DESKTOP/Cart flyout/Checkbox_I confirm that' is clicked on

2019-07-15 13:52:06 - [TEST_STEP][PASSED] - delay(2): Delayed 2 second(s)

2019-07-15 13:52:08 - [MESSAGE][PASSED] - Delayed 2 second(s)

2019-07-15 13:52:08 - [TEST_STEP][PASSED] - click(findTestObject("OCS-DESKTOP/Cart flyout/Checkbox_Accept the Terms Condition")): Object: 'Object Repository/OCS-DESKTOP/Cart flyout/Checkbox_Accept the Terms Condition' is clicked on

2019-07-15 13:52:08 - [MESSAGE][PASSED] - Object: 'Object Repository/OCS-DESKTOP/Cart flyout/Checkbox_Accept the Terms Condition' is clicked on

2019-07-15 13:52:08 - [TEST_STEP][PASSED] - delay(2): Delayed 2 second(s)

2019-07-15 13:52:10 - [MESSAGE][PASSED] - Delayed 2 second(s)

2019-07-15 13:52:10 - [TEST_STEP][PASSED] - click(findTestObject("OCS-DESKTOP/Cart flyout/Checkout - Button")): Object: 'Object Repository/OCS-DESKTOP/Cart flyout/Checkout - Button' is clicked on

2019-07-15 13:52:19 - [MESSAGE][PASSED] - Object: 'Object Repository/OCS-DESKTOP/Cart flyout/Checkout - Button' is clicked on

2019-07-15 13:52:19 - [TEST_STEP][PASSED] - delay(2): Delayed 2 second(s)

2019-07-15 13:52:21 - [MESSAGE][PASSED] - Delayed 2 second(s)

2019-07-15 13:52:21 - [TEST_STEP][PASSED] - click(findTestObject("OCS-DESKTOP/Customer info page/Cart - Breadcrumb link")): Object: 'Object Repository/OCS-DESKTOP/Customer info page/Cart - Breadcrumb link' is clicked on

2019-07-15 13:52:24 - [MESSAGE][PASSED] - Object: 'Object Repository/OCS-DESKTOP/Customer info page/Cart - Breadcrumb link' is clicked on

2019-07-15 13:52:24 - [TEST_STEP][PASSED] - delay(2): Delayed 2 second(s)

2019-07-15 13:52:26 - [MESSAGE][PASSED] - Delayed 2 second(s)

2019-07-15 13:52:26 - [TEST_STEP][PASSED] - a = getText(findTestObject("OCS-DESKTOP/Cart page/Unit price - 1st product")): Text of object 'Object Repository/OCS-DESKTOP/Cart page/Unit price - 1st product' is: '35,00 $'

2019-07-15 13:52:26 - [MESSAGE][PASSED] - Text of object 'Object Repository/OCS-DESKTOP/Cart page/Unit price - 1st product' is: '35,00 $'

2019-07-15 13:52:26 - [TEST_STEP][PASSED] - comment(a): 35,00 $

2019-07-15 13:52:26 - [MESSAGE][INFO] - 35,00 $

2019-07-15 13:52:26 - [TEST_STEP][PASSED] - a1 = a.substring(0, a.length() - 1): null

2019-07-15 13:52:26 - [TEST_STEP][PASSED] - comment("a1 = " + a1): a1 = 35,00 

2019-07-15 13:52:26 - [MESSAGE][INFO] - a1 = 35,00 

2019-07-15 13:52:26 - [TEST_STEP][PASSED] - x1 = a1.substring(0, a1.length() - 1): null

2019-07-15 13:52:26 - [TEST_STEP][PASSED] - comment("x1 = " + x1): x1 = 35,00

2019-07-15 13:52:26 - [MESSAGE][INFO] - x1 = 35,00

2019-07-15 13:52:26 - [TEST_STEP][PASSED] - x2 = x1.substring(0, x1.length() - 1): null

2019-07-15 13:52:26 - [TEST_STEP][PASSED] - comment("x2 = " + x2): x2 = 35,0

2019-07-15 13:52:26 - [MESSAGE][INFO] - x2 = 35,0

2019-07-15 13:52:26 - [TEST_STEP][PASSED] - x3 = x2.substring(0, x2.length() - 1): null

2019-07-15 13:52:26 - [TEST_STEP][PASSED] - comment("x3 = " + x3): x3 = 35,

2019-07-15 13:52:26 - [MESSAGE][INFO] - x3 = 35,

2019-07-15 13:52:26 - [TEST_STEP][PASSED] - x6 = x3.substring(0, x3.length() - 1): null

2019-07-15 13:52:26 - [TEST_STEP][PASSED] - comment("x6 = " + x6): x6 = 35

2019-07-15 13:52:26 - [MESSAGE][INFO] - x6 = 35

2019-07-15 13:52:26 - [TEST_STEP][PASSED] - delay(2): Delayed 2 second(s)

2019-07-15 13:52:28 - [MESSAGE][PASSED] - Delayed 2 second(s)

2019-07-15 13:52:28 - [TEST_STEP][PASSED] - b = getText(findTestObject("OCS-DESKTOP/Cart page/Unit price - 2nd product")): Text of object 'Object Repository/OCS-DESKTOP/Cart page/Unit price - 2nd product' is: '10,50 $'

2019-07-15 13:52:28 - [MESSAGE][PASSED] - Text of object 'Object Repository/OCS-DESKTOP/Cart page/Unit price - 2nd product' is: '10,50 $'

2019-07-15 13:52:28 - [TEST_STEP][PASSED] - comment(b): 10,50 $

2019-07-15 13:52:28 - [MESSAGE][INFO] - 10,50 $

2019-07-15 13:52:28 - [TEST_STEP][PASSED] - a2 = b.substring(0, b.length() - 1): null

2019-07-15 13:52:28 - [TEST_STEP][PASSED] - comment("a2 = " + a2): a2 = 10,50 

2019-07-15 13:52:28 - [MESSAGE][INFO] - a2 = 10,50 

2019-07-15 13:52:28 - [TEST_STEP][PASSED] - y1 = a2.substring(0, a2.length() - 1): null

2019-07-15 13:52:28 - [TEST_STEP][PASSED] - comment("y1 = " + y1): y1 = 10,50

2019-07-15 13:52:28 - [MESSAGE][INFO] - y1 = 10,50

2019-07-15 13:52:28 - [TEST_STEP][PASSED] - y2 = y1.substring(0, y1.length() - 1): null

2019-07-15 13:52:28 - [TEST_STEP][PASSED] - comment("y2 = " + y2): y2 = 10,5

2019-07-15 13:52:28 - [MESSAGE][INFO] - y2 = 10,5

2019-07-15 13:52:28 - [TEST_STEP][PASSED] - y3 = y2.substring(0, y2.length() - 1): null

2019-07-15 13:52:28 - [TEST_STEP][PASSED] - comment("y3 = " + y3): y3 = 10,

2019-07-15 13:52:28 - [MESSAGE][INFO] - y3 = 10,

2019-07-15 13:52:28 - [TEST_STEP][PASSED] - y4 = y3.substring(0, y3.length() - 1): null

2019-07-15 13:52:28 - [TEST_STEP][PASSED] - comment("y4 = " + y4): y4 = 10

2019-07-15 13:52:28 - [MESSAGE][INFO] - y4 = 10

2019-07-15 13:52:28 - [TEST_STEP][PASSED] - c = getText(findTestObject("OCS-DESKTOP/Cart page/Sub-total")): Text of object 'Object Repository/OCS-DESKTOP/Cart page/Sub-total' is: '45,50 $'

2019-07-15 13:52:28 - [MESSAGE][PASSED] - Text of object 'Object Repository/OCS-DESKTOP/Cart page/Sub-total' is: '45,50 $'

2019-07-15 13:52:28 - [TEST_STEP][PASSED] - comment(c): 45,50 $

2019-07-15 13:52:28 - [MESSAGE][INFO] - 45,50 $

2019-07-15 13:52:28 - [TEST_STEP][PASSED] - a3 = c.substring(0, c.length() - 1): null

2019-07-15 13:52:28 - [TEST_STEP][PASSED] - comment("a3 = " + a3): a3 = 45,50 

2019-07-15 13:52:28 - [MESSAGE][INFO] - a3 = 45,50 

2019-07-15 13:52:28 - [TEST_STEP][PASSED] - z1 = a3.substring(0, a3.length() - 1): null

2019-07-15 13:52:28 - [TEST_STEP][PASSED] - comment("z1 = " + z1): z1 = 45,50

2019-07-15 13:52:28 - [MESSAGE][INFO] - z1 = 45,50

2019-07-15 13:52:28 - [TEST_STEP][PASSED] - z2 = z1.substring(0, z1.length() - 1): null

2019-07-15 13:52:28 - [TEST_STEP][PASSED] - comment("z2 = " + z2): z2 = 45,5

2019-07-15 13:52:28 - [MESSAGE][INFO] - z2 = 45,5

2019-07-15 13:52:28 - [TEST_STEP][PASSED] - z3 = z2.substring(0, z2.length() - 1): null

2019-07-15 13:52:28 - [TEST_STEP][PASSED] - comment("z3 = " + z3): z3 = 45,

2019-07-15 13:52:28 - [MESSAGE][INFO] - z3 = 45,

2019-07-15 13:52:28 - [TEST_STEP][PASSED] - z4 = z3.substring(0, z3.length() - 1): null

2019-07-15 13:52:28 - [TEST_STEP][PASSED] - comment("z4 = " + z4): z4 = 45

2019-07-15 13:52:28 - [MESSAGE][INFO] - z4 = 45

2019-07-15 13:52:28 - [TEST_STEP][PASSED] - p2 = <not implemented yet for class: org.codehaus.groovy.ast.expr.EmptyExpression>: null

2019-07-15 13:52:28 - [TEST_STEP][PASSED] - p3 = <not implemented yet for class: org.codehaus.groovy.ast.expr.EmptyExpression>: null

2019-07-15 13:52:28 - [TEST_STEP][PASSED] - try: p2=35.0

2019-07-15 13:52:28 - [TEST_STEP][PASSED] - x4 = x6: null

2019-07-15 13:52:28 - [TEST_STEP][PASSED] - comment("x4=" + x4): x4=35

2019-07-15 13:52:28 - [MESSAGE][INFO] - x4=35

2019-07-15 13:52:28 - [TEST_STEP][PASSED] - p2 = Double.valueOf(x4): null

2019-07-15 13:52:28 - [TEST_STEP][PASSED] - comment("p2=" + p2): p2=35.0

2019-07-15 13:52:28 - [MESSAGE][INFO] - p2=35.0

2019-07-15 13:52:28 - [TEST_STEP][PASSED] - try: p3=10.0

2019-07-15 13:52:28 - [TEST_STEP][PASSED] - x5 = y4: null

2019-07-15 13:52:28 - [TEST_STEP][PASSED] - comment("x5=" + x5): x5=10

2019-07-15 13:52:28 - [MESSAGE][INFO] - x5=10

2019-07-15 13:52:28 - [TEST_STEP][PASSED] - p3 = Double.valueOf(x5): null

2019-07-15 13:52:28 - [TEST_STEP][PASSED] - comment("p3=" + p3): p3=10.0

2019-07-15 13:52:28 - [MESSAGE][INFO] - p3=10.0

2019-07-15 13:52:28 - [TEST_STEP][PASSED] - comment("p2=" + p2): p2=35.0

2019-07-15 13:52:28 - [MESSAGE][INFO] - p2=35.0

2019-07-15 13:52:28 - [TEST_STEP][PASSED] - comment("p3=" + p3): p3=10.0

2019-07-15 13:52:28 - [MESSAGE][INFO] - p3=10.0

2019-07-15 13:52:28 - [TEST_STEP][PASSED] - total = p2 + p3: null

2019-07-15 13:52:28 - [TEST_STEP][PASSED] - comment("total=" + total): total=45.0

2019-07-15 13:52:28 - [MESSAGE][INFO] - total=45.0

2019-07-15 13:52:28 - [TEST_STEP][PASSED] - verifyEqual(total, z4): Actual object '45' and expected object '45' are equal

2019-07-15 13:52:28 - [MESSAGE][PASSED] - Actual object '45' and expected object '45' are equal

2019-07-15 13:52:28 - [TEST_STEP][PASSED] - click(findTestObject("FRENCH/Remove icon - 1st Product")): Object: 'Object Repository/FRENCH/Remove icon - 1st Product' is clicked on

2019-07-15 13:52:32 - [MESSAGE][PASSED] - Object: 'Object Repository/FRENCH/Remove icon - 1st Product' is clicked on

2019-07-15 13:52:32 - [TEST_STEP][PASSED] - delay(2): Delayed 2 second(s)

2019-07-15 13:52:34 - [MESSAGE][PASSED] - Delayed 2 second(s)

2019-07-15 13:52:34 - [TEST_STEP][PASSED] - c23 = getText(findTestObject("OCS-DESKTOP/Cart page/Sub-total")): Text of object 'Object Repository/OCS-DESKTOP/Cart page/Sub-total' is: '35,00 $'

2019-07-15 13:52:34 - [MESSAGE][PASSED] - Text of object 'Object Repository/OCS-DESKTOP/Cart page/Sub-total' is: '35,00 $'

2019-07-15 13:52:34 - [TEST_STEP][PASSED] - comment(c23): 35,00 $

2019-07-15 13:52:34 - [MESSAGE][INFO] - 35,00 $

2019-07-15 13:52:34 - [TEST_STEP][PASSED] - a4 = c23.substring(0, c23.length() - 1): null

2019-07-15 13:52:34 - [TEST_STEP][PASSED] - comment("a4= " + a4): a4= 35,00 

2019-07-15 13:52:34 - [MESSAGE][INFO] - a4= 35,00 

2019-07-15 13:52:34 - [TEST_STEP][PASSED] - v1 = a4.substring(0, a4.length() - 1): null

2019-07-15 13:52:34 - [TEST_STEP][PASSED] - comment("v1= " + v1): v1= 35,00

2019-07-15 13:52:34 - [MESSAGE][INFO] - v1= 35,00

2019-07-15 13:52:34 - [TEST_STEP][PASSED] - v2 = v1.substring(0, v1.length() - 1): null

2019-07-15 13:52:34 - [TEST_STEP][PASSED] - comment("v2= " + v2): v2= 35,0

2019-07-15 13:52:34 - [MESSAGE][INFO] - v2= 35,0

2019-07-15 13:52:34 - [TEST_STEP][PASSED] - v3 = v2.substring(0, v2.length() - 1): null

2019-07-15 13:52:34 - [TEST_STEP][PASSED] - comment("v3= " + v3): v3= 35,

2019-07-15 13:52:34 - [MESSAGE][INFO] - v3= 35,

2019-07-15 13:52:34 - [TEST_STEP][PASSED] - v7 = v3.substring(0, v3.length() - 1): null

2019-07-15 13:52:34 - [TEST_STEP][PASSED] - comment("v7= " + v7): v7= 35

2019-07-15 13:52:34 - [MESSAGE][INFO] - v7= 35

2019-07-15 13:52:34 - [TEST_STEP][PASSED] - b25 = getText(findTestObject("OCS-DESKTOP/Cart page/Unit price - 1st product")): Text of object 'Object Repository/OCS-DESKTOP/Cart page/Unit price - 1st product' is: '35,00 $'

2019-07-15 13:52:34 - [MESSAGE][PASSED] - Text of object 'Object Repository/OCS-DESKTOP/Cart page/Unit price - 1st product' is: '35,00 $'

2019-07-15 13:52:34 - [TEST_STEP][PASSED] - comment(b25): 35,00 $

2019-07-15 13:52:34 - [MESSAGE][INFO] - 35,00 $

2019-07-15 13:52:34 - [TEST_STEP][PASSED] - a25 = b25.substring(0, b25.length() - 1): null

2019-07-15 13:52:34 - [TEST_STEP][PASSED] - comment("a25 = " + a25): a25 = 35,00 

2019-07-15 13:52:34 - [MESSAGE][INFO] - a25 = 35,00 

2019-07-15 13:52:34 - [TEST_STEP][PASSED] - v4 = a25.substring(0, a25.length() - 1): null

2019-07-15 13:52:34 - [TEST_STEP][PASSED] - comment("v4= " + v4): v4= 35,00

2019-07-15 13:52:34 - [MESSAGE][INFO] - v4= 35,00

2019-07-15 13:52:34 - [TEST_STEP][PASSED] - v5 = v4.substring(0, v4.length() - 1): null

2019-07-15 13:52:34 - [TEST_STEP][PASSED] - comment("v5= " + v5): v5= 35,0

2019-07-15 13:52:34 - [MESSAGE][INFO] - v5= 35,0

2019-07-15 13:52:34 - [TEST_STEP][PASSED] - v6 = v5.substring(0, v5.length() - 1): null

2019-07-15 13:52:34 - [TEST_STEP][PASSED] - comment("v6= " + v6): v6= 35,

2019-07-15 13:52:34 - [MESSAGE][INFO] - v6= 35,

2019-07-15 13:52:34 - [TEST_STEP][PASSED] - v8 = v6.substring(0, v6.length() - 1): null

2019-07-15 13:52:34 - [TEST_STEP][PASSED] - comment("v8= " + v8): v8= 35

2019-07-15 13:52:34 - [MESSAGE][INFO] - v8= 35

2019-07-15 13:52:34 - [TEST_STEP][PASSED] - verifyEqual(v7, v8): Actual object '35' and expected object '35' are equal

2019-07-15 13:52:34 - [MESSAGE][PASSED] - Actual object '35' and expected object '35' are equal

2019-07-15 13:52:34 - [TEST_STEP][PASSED] - callTestCase(findTestCase("OCS - DESKTOP/CALL - CART PAGE - SHIPPING TO PAYMENT"), [:], STOP_ON_FAILURE): Call Test Case 'Test Cases/OCS - DESKTOP/CALL - CART PAGE - SHIPPING TO PAYMENT' successfully

2019-07-15 13:52:34 - [TEST_CASE][PASSED] - Test Cases/OCS - DESKTOP/CALL - CART PAGE - SHIPPING TO PAYMENT: Test Cases/OCS - DESKTOP/CALL - CART PAGE - SHIPPING TO PAYMENT

2019-07-15 13:52:34 - [TEST_STEP][PASSED] - delay(2): Delayed 2 second(s)

2019-07-15 13:52:36 - [MESSAGE][PASSED] - Delayed 2 second(s)

2019-07-15 13:52:36 - [TEST_STEP][PASSED] - click(findTestObject("OCS-DESKTOP/Cart page/cart page-Checkbox_I confirm that")): Object: 'Object Repository/OCS-DESKTOP/Cart page/cart page-Checkbox_I confirm that' is clicked on

2019-07-15 13:52:36 - [MESSAGE][PASSED] - Object: 'Object Repository/OCS-DESKTOP/Cart page/cart page-Checkbox_I confirm that' is clicked on

2019-07-15 13:52:36 - [TEST_STEP][PASSED] - delay(2): Delayed 2 second(s)

2019-07-15 13:52:38 - [MESSAGE][PASSED] - Delayed 2 second(s)

2019-07-15 13:52:38 - [TEST_STEP][PASSED] - click(findTestObject("OCS-DESKTOP/Cart page/cart page - Checkbox_Accept the Terms Condition")): Object: 'Object Repository/OCS-DESKTOP/Cart page/cart page - Checkbox_Accept the Terms Condition' is clicked on

2019-07-15 13:52:38 - [MESSAGE][PASSED] - Object: 'Object Repository/OCS-DESKTOP/Cart page/cart page - Checkbox_Accept the Terms Condition' is clicked on

2019-07-15 13:52:38 - [TEST_STEP][PASSED] - delay(1): Delayed 1 second(s)

2019-07-15 13:52:39 - [MESSAGE][PASSED] - Delayed 1 second(s)

2019-07-15 13:52:39 - [TEST_STEP][PASSED] - click(findTestObject("FRENCH/Cart page -checkout button")): Object: 'Object Repository/FRENCH/Cart page -checkout button' is clicked on

2019-07-15 13:52:49 - [MESSAGE][PASSED] - Object: 'Object Repository/FRENCH/Cart page -checkout button' is clicked on

2019-07-15 13:52:49 - [TEST_STEP][PASSED] - executeJavaScript("var previewBar = document.getElementById("preview-bar-iframe"); previewBar.style.display = "none";", []): Execute JavaScript 'var previewBar = document.getElementById("preview-bar-iframe"); previewBar.style.display = "none";' successfully

2019-07-15 13:52:49 - [MESSAGE][PASSED] - Execute JavaScript 'var previewBar = document.getElementById("preview-bar-iframe"); previewBar.style.display = "none";' successfully

2019-07-15 13:52:49 - [TEST_STEP][PASSED] - delay(2): Delayed 2 second(s)

2019-07-15 13:52:51 - [MESSAGE][PASSED] - Delayed 2 second(s)

2019-07-15 13:52:51 - [TEST_STEP][PASSED] - setText(findTestObject("Object Repository/Page_Ontario Cannabis Store - Infor/input_Adresse e-mail_checkoute"), "suman@gmail.com"): Text 'suman@gmail.com' is set on object 'Object Repository/Page_Ontario Cannabis Store - Infor/input_Adresse e-mail_checkoute'

2019-07-15 13:52:51 - [MESSAGE][PASSED] - Text 'suman@gmail.com' is set on object 'Object Repository/Page_Ontario Cannabis Store - Infor/input_Adresse e-mail_checkoute'

2019-07-15 13:52:51 - [TEST_STEP][PASSED] - setText(findTestObject("Object Repository/Page_Ontario Cannabis Store - Infor/input_Prnom_checkoutshipping_a"), "suman"): Text 'suman' is set on object 'Object Repository/Page_Ontario Cannabis Store - Infor/input_Prnom_checkoutshipping_a'

2019-07-15 13:52:52 - [MESSAGE][PASSED] - Text 'suman' is set on object 'Object Repository/Page_Ontario Cannabis Store - Infor/input_Prnom_checkoutshipping_a'

2019-07-15 13:52:52 - [TEST_STEP][PASSED] - setText(findTestObject("Object Repository/Page_Ontario Cannabis Store - Infor/input_Nom_checkoutshipping_add"), "kompelly"): Text 'kompelly' is set on object 'Object Repository/Page_Ontario Cannabis Store - Infor/input_Nom_checkoutshipping_add'

2019-07-15 13:52:52 - [MESSAGE][PASSED] - Text 'kompelly' is set on object 'Object Repository/Page_Ontario Cannabis Store - Infor/input_Nom_checkoutshipping_add'

2019-07-15 13:52:52 - [TEST_STEP][PASSED] - setText(findTestObject("Object Repository/Page_Ontario Cannabis Store - Infor/input_Adresse_checkoutshipping"), "123 test"): Text '123 test' is set on object 'Object Repository/Page_Ontario Cannabis Store - Infor/input_Adresse_checkoutshipping'

2019-07-15 13:52:52 - [MESSAGE][PASSED] - Text '123 test' is set on object 'Object Repository/Page_Ontario Cannabis Store - Infor/input_Adresse_checkoutshipping'

2019-07-15 13:52:52 - [TEST_STEP][PASSED] - setText(findTestObject("Object Repository/Page_Ontario Cannabis Store - Infor/input_Appartement suite etc. ("), "123"): Text '123' is set on object 'Object Repository/Page_Ontario Cannabis Store - Infor/input_Appartement suite etc. ('

2019-07-15 13:52:52 - [MESSAGE][PASSED] - Text '123' is set on object 'Object Repository/Page_Ontario Cannabis Store - Infor/input_Appartement suite etc. ('

2019-07-15 13:52:52 - [TEST_STEP][PASSED] - setText(findTestObject("Object Repository/Page_Ontario Cannabis Store - Infor/input_Ville_checkoutshipping_a"), "montreal"): Text 'montreal' is set on object 'Object Repository/Page_Ontario Cannabis Store - Infor/input_Ville_checkoutshipping_a'

2019-07-15 13:52:52 - [MESSAGE][PASSED] - Text 'montreal' is set on object 'Object Repository/Page_Ontario Cannabis Store - Infor/input_Ville_checkoutshipping_a'

2019-07-15 13:52:52 - [TEST_STEP][PASSED] - setText(findTestObject("Object Repository/Page_Ontario Cannabis Store - Infor/input_Code postal_checkoutship"), "n0r1k0"): Text 'n0r1k0' is set on object 'Object Repository/Page_Ontario Cannabis Store - Infor/input_Code postal_checkoutship'

2019-07-15 13:52:52 - [MESSAGE][PASSED] - Text 'n0r1k0' is set on object 'Object Repository/Page_Ontario Cannabis Store - Infor/input_Code postal_checkoutship'

2019-07-15 13:52:52 - [TEST_STEP][PASSED] - setText(findTestObject("Object Repository/Page_Ontario Cannabis Store - Infor/input_Tlphone_checkoutshipping"), "514-449-3883"): Text '514-449-3883' is set on object 'Object Repository/Page_Ontario Cannabis Store - Infor/input_Tlphone_checkoutshipping'

2019-07-15 13:52:52 - [MESSAGE][PASSED] - Text '514-449-3883' is set on object 'Object Repository/Page_Ontario Cannabis Store - Infor/input_Tlphone_checkoutshipping'

2019-07-15 13:52:52 - [TEST_STEP][PASSED] - delay(2): Delayed 2 second(s)

2019-07-15 13:52:54 - [MESSAGE][PASSED] - Delayed 2 second(s)

2019-07-15 13:52:54 - [TEST_STEP][PASSED] - click(findTestObject("Object Repository/Page_Ontario Cannabis Store - Infor/button_Continuer vers le mode")): Object: 'Object Repository/Page_Ontario Cannabis Store - Infor/button_Continuer vers le mode' is clicked on

2019-07-15 13:52:55 - [MESSAGE][PASSED] - Object: 'Object Repository/Page_Ontario Cannabis Store - Infor/button_Continuer vers le mode' is clicked on

2019-07-15 13:52:55 - [TEST_STEP][PASSED] - delay(4): Delayed 4 second(s)

2019-07-15 13:52:59 - [MESSAGE][PASSED] - Delayed 4 second(s)

2019-07-15 13:52:59 - [TEST_STEP][PASSED] - executeJavaScript("var previewBar = document.getElementById("preview-bar-iframe"); previewBar.style.display = "none";", []): Execute JavaScript 'var previewBar = document.getElementById("preview-bar-iframe"); previewBar.style.display = "none";' successfully

2019-07-15 13:53:04 - [MESSAGE][PASSED] - Execute JavaScript 'var previewBar = document.getElementById("preview-bar-iframe"); previewBar.style.display = "none";' successfully

2019-07-15 13:53:04 - [TEST_STEP][PASSED] - delay(2): Delayed 2 second(s)

2019-07-15 13:53:06 - [MESSAGE][PASSED] - Delayed 2 second(s)

2019-07-15 13:53:06 - [TEST_STEP][PASSED] - click(findTestObject("Object Repository/Page_Ontario Cannabis Store - Livra/button_Continuer vers le moyen")): Object: 'Object Repository/Page_Ontario Cannabis Store - Livra/button_Continuer vers le moyen' is clicked on

2019-07-15 13:53:17 - [MESSAGE][PASSED] - Object: 'Object Repository/Page_Ontario Cannabis Store - Livra/button_Continuer vers le moyen' is clicked on

2019-07-15 13:53:17 - [MESSAGE][PASSED] - Call Test Case 'Test Cases/OCS - DESKTOP/CALL - CART PAGE - SHIPPING TO PAYMENT' successfully]]></system-out>
         <system-err><![CDATA[]]></system-err>
      </testcase>
      <testcase name="Test Cases/OCS - DESKTOP/OCS- CRITICAL PATH - FRENCH/Cart flyout - tooltips -fr" classname="Test Cases/OCS - DESKTOP/OCS- CRITICAL PATH - FRENCH/Cart flyout - tooltips -fr" status="PASSED">
         <system-out><![CDATA[2019-07-15 13:53:17 - [TEST_CASE][PASSED] - Test Cases/OCS - DESKTOP/OCS- CRITICAL PATH - FRENCH/Cart flyout - tooltips -fr: Test Cases/OCS - DESKTOP/OCS- CRITICAL PATH - FRENCH/Cart flyout - tooltips -fr

2019-07-15 13:53:17 - [TEST_STEP][PASSED] - callTestCase(findTestCase("OCS - DESKTOP/CALL- Age gate"), [:], STOP_ON_FAILURE): Call Test Case 'Test Cases/OCS - DESKTOP/CALL- Age gate' successfully

2019-07-15 13:53:17 - [TEST_CASE][PASSED] - Test Cases/OCS - DESKTOP/CALL- Age gate: Test Cases/OCS - DESKTOP/CALL- Age gate

2019-07-15 13:53:17 - [TEST_STEP][PASSED] - openBrowser(""): Browser is opened with url: ''

2019-07-15 13:53:17 - [MESSAGE][WARNING] - A browser is already opened. Closing browser and opening a new one

2019-07-15 13:53:17 - [MESSAGE][INFO] - Starting 'Chrome' driver

2019-07-15 13:53:19 - [MESSAGE][PASSED] - Browser is opened with url: ''

2019-07-15 13:53:19 - [TEST_STEP][PASSED] - navigateToUrl("https://ocs.ca/?fts=0&preview_theme_id=74205529932"): Navigate to 'https://ocs.ca/?fts=0&preview_theme_id=74205529932' successfully

2019-07-15 13:53:26 - [MESSAGE][PASSED] - Navigate to 'https://ocs.ca/?fts=0&preview_theme_id=74205529932' successfully

2019-07-15 13:53:26 - [TEST_STEP][PASSED] - maximizeWindow(): Current window maximized

2019-07-15 13:53:26 - [MESSAGE][PASSED] - Current window maximized

2019-07-15 13:53:26 - [TEST_STEP][PASSED] - delay(2): Delayed 2 second(s)

2019-07-15 13:53:28 - [MESSAGE][PASSED] - Delayed 2 second(s)

2019-07-15 13:53:28 - [TEST_STEP][PASSED] - executeJavaScript("var previewBar = document.getElementById("preview-bar-iframe"); previewBar.style.display = "none";", []): Execute JavaScript 'var previewBar = document.getElementById("preview-bar-iframe"); previewBar.style.display = "none";' successfully

2019-07-15 13:53:28 - [MESSAGE][PASSED] - Execute JavaScript 'var previewBar = document.getElementById("preview-bar-iframe"); previewBar.style.display = "none";' successfully

2019-07-15 13:53:28 - [TEST_STEP][PASSED] - selectOptionByValue(findTestObject("OCS-DESKTOP/Age gate and Mega menu/Date"), "12", true): All options with value '12' are selected in object 'Object Repository/OCS-DESKTOP/Age gate and Mega menu/Date'  using regular expression

2019-07-15 13:53:28 - [MESSAGE][PASSED] - All options with value '12' are selected in object 'Object Repository/OCS-DESKTOP/Age gate and Mega menu/Date'  using regular expression

2019-07-15 13:53:28 - [TEST_STEP][PASSED] - selectOptionByValue(findTestObject("OCS-DESKTOP/Age gate and Mega menu/month"), "6", true): All options with value '6' are selected in object 'Object Repository/OCS-DESKTOP/Age gate and Mega menu/month'  using regular expression

2019-07-15 13:53:29 - [MESSAGE][PASSED] - All options with value '6' are selected in object 'Object Repository/OCS-DESKTOP/Age gate and Mega menu/month'  using regular expression

2019-07-15 13:53:29 - [TEST_STEP][PASSED] - delay(2): Delayed 2 second(s)

2019-07-15 13:53:31 - [MESSAGE][PASSED] - Delayed 2 second(s)

2019-07-15 13:53:31 - [TEST_STEP][PASSED] - selectOptionByValue(findTestObject("OCS-DESKTOP/Age gate and Mega menu/Year Dropdown"), "1990", true): All options with value '1990' are selected in object 'Object Repository/OCS-DESKTOP/Age gate and Mega menu/Year Dropdown'  using regular expression

2019-07-15 13:53:32 - [MESSAGE][PASSED] - All options with value '1990' are selected in object 'Object Repository/OCS-DESKTOP/Age gate and Mega menu/Year Dropdown'  using regular expression

2019-07-15 13:53:32 - [TEST_STEP][PASSED] - click(findTestObject("OCS-DESKTOP/Age gate and Mega menu/button_Verify")): Object: 'Object Repository/OCS-DESKTOP/Age gate and Mega menu/button_Verify' is clicked on

2019-07-15 13:53:32 - [MESSAGE][PASSED] - Object: 'Object Repository/OCS-DESKTOP/Age gate and Mega menu/button_Verify' is clicked on

2019-07-15 13:53:32 - [TEST_STEP][PASSED] - click(findTestObject("OCS-DESKTOP/Age gate and Mega menu/Checkbox_CONFIRM AND ACKNOWLEDGE")): Object: 'Object Repository/OCS-DESKTOP/Age gate and Mega menu/Checkbox_CONFIRM AND ACKNOWLEDGE' is clicked on

2019-07-15 13:53:32 - [MESSAGE][PASSED] - Object: 'Object Repository/OCS-DESKTOP/Age gate and Mega menu/Checkbox_CONFIRM AND ACKNOWLEDGE' is clicked on

2019-07-15 13:53:32 - [TEST_STEP][PASSED] - click(findTestObject("OCS-DESKTOP/Age gate and Mega menu/button_CONFIRM")): Object: 'Object Repository/OCS-DESKTOP/Age gate and Mega menu/button_CONFIRM' is clicked on

2019-07-15 13:53:32 - [MESSAGE][PASSED] - Object: 'Object Repository/OCS-DESKTOP/Age gate and Mega menu/button_CONFIRM' is clicked on

2019-07-15 13:53:32 - [TEST_STEP][PASSED] - click(findTestObject("OCS-DESKTOP/Age gate and Mega menu/button_Start Browsing")): Object: 'Object Repository/OCS-DESKTOP/Age gate and Mega menu/button_Start Browsing' is clicked on

2019-07-15 13:53:32 - [MESSAGE][PASSED] - Object: 'Object Repository/OCS-DESKTOP/Age gate and Mega menu/button_Start Browsing' is clicked on

2019-07-15 13:53:32 - [TEST_STEP][PASSED] - delay(2): Delayed 2 second(s)

2019-07-15 13:53:34 - [MESSAGE][PASSED] - Delayed 2 second(s)

2019-07-15 13:53:34 - [TEST_STEP][PASSED] - refresh(): Refresh successfully

2019-07-15 13:53:34 - [MESSAGE][PASSED] - Refresh successfully

2019-07-15 13:53:34 - [MESSAGE][PASSED] - Call Test Case 'Test Cases/OCS - DESKTOP/CALL- Age gate' successfully

2019-07-15 13:53:34 - [TEST_STEP][PASSED] - delay(2): Delayed 2 second(s)

2019-07-15 13:53:36 - [MESSAGE][PASSED] - Delayed 2 second(s)

2019-07-15 13:53:36 - [TEST_STEP][PASSED] - callTestCase(findTestCase("OCS - DESKTOP/CALL - TOGGLING LANGUAGE"), [:], STOP_ON_FAILURE): Call Test Case 'Test Cases/OCS - DESKTOP/CALL - TOGGLING LANGUAGE' successfully

2019-07-15 13:53:36 - [TEST_CASE][PASSED] - Test Cases/OCS - DESKTOP/CALL - TOGGLING LANGUAGE: Test Cases/OCS - DESKTOP/CALL - TOGGLING LANGUAGE

2019-07-15 13:53:36 - [TEST_STEP][PASSED] - delay(2): Delayed 2 second(s)

2019-07-15 13:53:38 - [MESSAGE][PASSED] - Delayed 2 second(s)

2019-07-15 13:53:38 - [TEST_STEP][PASSED] - click(findTestObject("OCS-DESKTOP/Cart flyout/English dropdown")): Object: 'Object Repository/OCS-DESKTOP/Cart flyout/English dropdown' is clicked on

2019-07-15 13:53:38 - [MESSAGE][PASSED] - Object: 'Object Repository/OCS-DESKTOP/Cart flyout/English dropdown' is clicked on

2019-07-15 13:53:38 - [TEST_STEP][PASSED] - delay(2): Delayed 2 second(s)

2019-07-15 13:53:40 - [MESSAGE][PASSED] - Delayed 2 second(s)

2019-07-15 13:53:40 - [TEST_STEP][PASSED] - click(findTestObject("OCS-DESKTOP/Cart flyout/Select French")): Object: 'Object Repository/OCS-DESKTOP/Cart flyout/Select French' is clicked on

2019-07-15 13:53:41 - [MESSAGE][PASSED] - Object: 'Object Repository/OCS-DESKTOP/Cart flyout/Select French' is clicked on

2019-07-15 13:53:41 - [TEST_STEP][PASSED] - delay(5): Delayed 5 second(s)

2019-07-15 13:53:46 - [MESSAGE][PASSED] - Delayed 5 second(s)

2019-07-15 13:53:46 - [TEST_STEP][PASSED] - e = getWindowTitle(): Current window's title is: 'Magasin de Cannabis de l'Ontario | Ontario Cannabis Store'

2019-07-15 13:53:47 - [MESSAGE][PASSED] - Current window's title is: 'Magasin de Cannabis de l'Ontario | Ontario Cannabis Store'

2019-07-15 13:53:47 - [MESSAGE][PASSED] - Call Test Case 'Test Cases/OCS - DESKTOP/CALL - TOGGLING LANGUAGE' successfully

2019-07-15 13:53:47 - [TEST_STEP][PASSED] - click(findTestObject("OCS-DESKTOP/Age gate and Mega menu/Header/CANNABIS menu - English")): Object: 'Object Repository/OCS-DESKTOP/Age gate and Mega menu/Header/CANNABIS menu - English' is clicked on

2019-07-15 13:53:47 - [MESSAGE][PASSED] - Object: 'Object Repository/OCS-DESKTOP/Age gate and Mega menu/Header/CANNABIS menu - English' is clicked on

2019-07-15 13:53:47 - [TEST_STEP][PASSED] - delay(2): Delayed 2 second(s)

2019-07-15 13:53:49 - [MESSAGE][PASSED] - Delayed 2 second(s)

2019-07-15 13:53:49 - [TEST_STEP][PASSED] - executeJavaScript("var previewBar = document.getElementById("preview-bar-iframe"); previewBar.style.display = "none";", []): Execute JavaScript 'var previewBar = document.getElementById("preview-bar-iframe"); previewBar.style.display = "none";' successfully

2019-07-15 13:53:49 - [MESSAGE][PASSED] - Execute JavaScript 'var previewBar = document.getElementById("preview-bar-iframe"); previewBar.style.display = "none";' successfully

2019-07-15 13:53:49 - [TEST_STEP][PASSED] - click(findTestObject("OCS-DESKTOP/Age gate and Mega menu/Indica Dominant_Menu item")): Object: 'Object Repository/OCS-DESKTOP/Age gate and Mega menu/Indica Dominant_Menu item' is clicked on

2019-07-15 13:53:54 - [MESSAGE][PASSED] - Object: 'Object Repository/OCS-DESKTOP/Age gate and Mega menu/Indica Dominant_Menu item' is clicked on

2019-07-15 13:53:54 - [TEST_STEP][PASSED] - executeJavaScript("var previewBar = document.getElementById("preview-bar-iframe"); previewBar.style.display = "none";", []): Execute JavaScript 'var previewBar = document.getElementById("preview-bar-iframe"); previewBar.style.display = "none";' successfully

2019-07-15 13:53:54 - [MESSAGE][PASSED] - Execute JavaScript 'var previewBar = document.getElementById("preview-bar-iframe"); previewBar.style.display = "none";' successfully

2019-07-15 13:53:54 - [TEST_STEP][PASSED] - delay(2): Delayed 2 second(s)

2019-07-15 13:53:56 - [MESSAGE][PASSED] - Delayed 2 second(s)

2019-07-15 13:53:56 - [TEST_STEP][PASSED] - click(findTestObject("FRENCH/Product image - 1st one")): Object: 'Object Repository/FRENCH/Product image - 1st one' is clicked on

2019-07-15 13:54:02 - [MESSAGE][PASSED] - Object: 'Object Repository/FRENCH/Product image - 1st one' is clicked on

2019-07-15 13:54:02 - [TEST_STEP][PASSED] - executeJavaScript("var previewBar = document.getElementById("preview-bar-iframe"); previewBar.style.display = "none";", []): Execute JavaScript 'var previewBar = document.getElementById("preview-bar-iframe"); previewBar.style.display = "none";' successfully

2019-07-15 13:54:02 - [MESSAGE][PASSED] - Execute JavaScript 'var previewBar = document.getElementById("preview-bar-iframe"); previewBar.style.display = "none";' successfully

2019-07-15 13:54:02 - [TEST_STEP][PASSED] - delay(1): Delayed 1 second(s)

2019-07-15 13:54:03 - [MESSAGE][PASSED] - Delayed 1 second(s)

2019-07-15 13:54:03 - [TEST_STEP][PASSED] - delay(3): Delayed 3 second(s)

2019-07-15 13:54:06 - [MESSAGE][PASSED] - Delayed 3 second(s)

2019-07-15 13:54:06 - [TEST_STEP][PASSED] - click(findTestObject("OCS-DESKTOP/Product page/Swatch_1g")): Object: 'Object Repository/OCS-DESKTOP/Product page/Swatch_1g' is clicked on

2019-07-15 13:54:06 - [MESSAGE][PASSED] - Object: 'Object Repository/OCS-DESKTOP/Product page/Swatch_1g' is clicked on

2019-07-15 13:54:06 - [TEST_STEP][PASSED] - delay(2): Delayed 2 second(s)

2019-07-15 13:54:08 - [MESSAGE][PASSED] - Delayed 2 second(s)

2019-07-15 13:54:08 - [TEST_STEP][PASSED] - click(findTestObject("OCS-DESKTOP/Product page/Add to Bag-button")): Object: 'Object Repository/OCS-DESKTOP/Product page/Add to Bag-button' is clicked on

2019-07-15 13:54:08 - [MESSAGE][PASSED] - Object: 'Object Repository/OCS-DESKTOP/Product page/Add to Bag-button' is clicked on

2019-07-15 13:54:08 - [TEST_STEP][PASSED] - delay(1): Delayed 1 second(s)

2019-07-15 13:54:09 - [MESSAGE][PASSED] - Delayed 1 second(s)

2019-07-15 13:54:09 - [TEST_STEP][PASSED] - click(findTestObject("OCS-DESKTOP/Home - page/Cart icon -bag"), OPTIONAL): Object: 'Object Repository/OCS-DESKTOP/Home - page/Cart icon -bag' is clicked on

2019-07-15 13:54:09 - [MESSAGE][PASSED] - Object: 'Object Repository/OCS-DESKTOP/Home - page/Cart icon -bag' is clicked on

2019-07-15 13:54:09 - [TEST_STEP][PASSED] - delay(1): Delayed 1 second(s)

2019-07-15 13:54:10 - [MESSAGE][PASSED] - Delayed 1 second(s)

2019-07-15 13:54:10 - [TEST_STEP][PASSED] - mouseOver(findTestObject("OCS-DESKTOP/Cart flyout/tool tip - TOP")): Object: 'Object Repository/OCS-DESKTOP/Cart flyout/tool tip - TOP' is hovered

2019-07-15 13:54:10 - [MESSAGE][PASSED] - Object: 'Object Repository/OCS-DESKTOP/Cart flyout/tool tip - TOP' is hovered

2019-07-15 13:54:10 - [TEST_STEP][PASSED] - delay(3): Delayed 3 second(s)

2019-07-15 13:54:13 - [MESSAGE][PASSED] - Delayed 3 second(s)

2019-07-15 13:54:13 - [TEST_STEP][PASSED] - delay(2): Delayed 2 second(s)

2019-07-15 13:54:15 - [MESSAGE][PASSED] - Delayed 2 second(s)

2019-07-15 13:54:15 - [TEST_STEP][PASSED] - mouseOver(findTestObject("OCS-DESKTOP/Cart flyout/tool tip -DOWN")): Object: 'Object Repository/OCS-DESKTOP/Cart flyout/tool tip -DOWN' is hovered

2019-07-15 13:54:15 - [MESSAGE][PASSED] - Object: 'Object Repository/OCS-DESKTOP/Cart flyout/tool tip -DOWN' is hovered]]></system-out>
         <system-err><![CDATA[]]></system-err>
      </testcase>
      <testcase name="Test Cases/OCS - DESKTOP/OCS- CRITICAL PATH - FRENCH/Checkout - Customer info page - fr" classname="Test Cases/OCS - DESKTOP/OCS- CRITICAL PATH - FRENCH/Checkout - Customer info page - fr" status="PASSED">
         <system-out><![CDATA[2019-07-15 13:54:15 - [TEST_CASE][PASSED] - Test Cases/OCS - DESKTOP/OCS- CRITICAL PATH - FRENCH/Checkout - Customer info page - fr: Test Cases/OCS - DESKTOP/OCS- CRITICAL PATH - FRENCH/Checkout - Customer info page - fr

2019-07-15 13:54:15 - [TEST_STEP][PASSED] - callTestCase(findTestCase("OCS - DESKTOP/CALL- Age gate"), [:], STOP_ON_FAILURE): Call Test Case 'Test Cases/OCS - DESKTOP/CALL- Age gate' successfully

2019-07-15 13:54:16 - [TEST_CASE][PASSED] - Test Cases/OCS - DESKTOP/CALL- Age gate: Test Cases/OCS - DESKTOP/CALL- Age gate

2019-07-15 13:54:16 - [TEST_STEP][PASSED] - openBrowser(""): Browser is opened with url: ''

2019-07-15 13:54:16 - [MESSAGE][WARNING] - A browser is already opened. Closing browser and opening a new one

2019-07-15 13:54:16 - [MESSAGE][INFO] - Starting 'Chrome' driver

2019-07-15 13:54:17 - [MESSAGE][PASSED] - Browser is opened with url: ''

2019-07-15 13:54:17 - [TEST_STEP][PASSED] - navigateToUrl("https://ocs.ca/?fts=0&preview_theme_id=74205529932"): Navigate to 'https://ocs.ca/?fts=0&preview_theme_id=74205529932' successfully

2019-07-15 13:54:25 - [MESSAGE][PASSED] - Navigate to 'https://ocs.ca/?fts=0&preview_theme_id=74205529932' successfully

2019-07-15 13:54:25 - [TEST_STEP][PASSED] - maximizeWindow(): Current window maximized

2019-07-15 13:54:25 - [MESSAGE][PASSED] - Current window maximized

2019-07-15 13:54:25 - [TEST_STEP][PASSED] - delay(2): Delayed 2 second(s)

2019-07-15 13:54:27 - [MESSAGE][PASSED] - Delayed 2 second(s)

2019-07-15 13:54:27 - [TEST_STEP][PASSED] - executeJavaScript("var previewBar = document.getElementById("preview-bar-iframe"); previewBar.style.display = "none";", []): Execute JavaScript 'var previewBar = document.getElementById("preview-bar-iframe"); previewBar.style.display = "none";' successfully

2019-07-15 13:54:27 - [MESSAGE][PASSED] - Execute JavaScript 'var previewBar = document.getElementById("preview-bar-iframe"); previewBar.style.display = "none";' successfully

2019-07-15 13:54:27 - [TEST_STEP][PASSED] - selectOptionByValue(findTestObject("OCS-DESKTOP/Age gate and Mega menu/Date"), "12", true): All options with value '12' are selected in object 'Object Repository/OCS-DESKTOP/Age gate and Mega menu/Date'  using regular expression

2019-07-15 13:54:27 - [MESSAGE][PASSED] - All options with value '12' are selected in object 'Object Repository/OCS-DESKTOP/Age gate and Mega menu/Date'  using regular expression

2019-07-15 13:54:27 - [TEST_STEP][PASSED] - selectOptionByValue(findTestObject("OCS-DESKTOP/Age gate and Mega menu/month"), "6", true): All options with value '6' are selected in object 'Object Repository/OCS-DESKTOP/Age gate and Mega menu/month'  using regular expression

2019-07-15 13:54:28 - [MESSAGE][PASSED] - All options with value '6' are selected in object 'Object Repository/OCS-DESKTOP/Age gate and Mega menu/month'  using regular expression

2019-07-15 13:54:28 - [TEST_STEP][PASSED] - delay(2): Delayed 2 second(s)

2019-07-15 13:54:30 - [MESSAGE][PASSED] - Delayed 2 second(s)

2019-07-15 13:54:30 - [TEST_STEP][PASSED] - selectOptionByValue(findTestObject("OCS-DESKTOP/Age gate and Mega menu/Year Dropdown"), "1990", true): All options with value '1990' are selected in object 'Object Repository/OCS-DESKTOP/Age gate and Mega menu/Year Dropdown'  using regular expression

2019-07-15 13:54:31 - [MESSAGE][PASSED] - All options with value '1990' are selected in object 'Object Repository/OCS-DESKTOP/Age gate and Mega menu/Year Dropdown'  using regular expression

2019-07-15 13:54:31 - [TEST_STEP][PASSED] - click(findTestObject("OCS-DESKTOP/Age gate and Mega menu/button_Verify")): Object: 'Object Repository/OCS-DESKTOP/Age gate and Mega menu/button_Verify' is clicked on

2019-07-15 13:54:31 - [MESSAGE][PASSED] - Object: 'Object Repository/OCS-DESKTOP/Age gate and Mega menu/button_Verify' is clicked on

2019-07-15 13:54:31 - [TEST_STEP][PASSED] - click(findTestObject("OCS-DESKTOP/Age gate and Mega menu/Checkbox_CONFIRM AND ACKNOWLEDGE")): Object: 'Object Repository/OCS-DESKTOP/Age gate and Mega menu/Checkbox_CONFIRM AND ACKNOWLEDGE' is clicked on

2019-07-15 13:54:31 - [MESSAGE][PASSED] - Object: 'Object Repository/OCS-DESKTOP/Age gate and Mega menu/Checkbox_CONFIRM AND ACKNOWLEDGE' is clicked on

2019-07-15 13:54:31 - [TEST_STEP][PASSED] - click(findTestObject("OCS-DESKTOP/Age gate and Mega menu/button_CONFIRM")): Object: 'Object Repository/OCS-DESKTOP/Age gate and Mega menu/button_CONFIRM' is clicked on

2019-07-15 13:54:31 - [MESSAGE][PASSED] - Object: 'Object Repository/OCS-DESKTOP/Age gate and Mega menu/button_CONFIRM' is clicked on

2019-07-15 13:54:31 - [TEST_STEP][PASSED] - click(findTestObject("OCS-DESKTOP/Age gate and Mega menu/button_Start Browsing")): Object: 'Object Repository/OCS-DESKTOP/Age gate and Mega menu/button_Start Browsing' is clicked on

2019-07-15 13:54:31 - [MESSAGE][PASSED] - Object: 'Object Repository/OCS-DESKTOP/Age gate and Mega menu/button_Start Browsing' is clicked on

2019-07-15 13:54:31 - [TEST_STEP][PASSED] - delay(2): Delayed 2 second(s)

2019-07-15 13:54:33 - [MESSAGE][PASSED] - Delayed 2 second(s)

2019-07-15 13:54:33 - [TEST_STEP][PASSED] - refresh(): Refresh successfully

2019-07-15 13:54:33 - [MESSAGE][PASSED] - Refresh successfully

2019-07-15 13:54:33 - [MESSAGE][PASSED] - Call Test Case 'Test Cases/OCS - DESKTOP/CALL- Age gate' successfully

2019-07-15 13:54:33 - [TEST_STEP][PASSED] - delay(2): Delayed 2 second(s)

2019-07-15 13:54:35 - [MESSAGE][PASSED] - Delayed 2 second(s)

2019-07-15 13:54:35 - [TEST_STEP][PASSED] - callTestCase(findTestCase("OCS - DESKTOP/CALL - TOGGLING LANGUAGE"), [:], STOP_ON_FAILURE): Call Test Case 'Test Cases/OCS - DESKTOP/CALL - TOGGLING LANGUAGE' successfully

2019-07-15 13:54:35 - [TEST_CASE][PASSED] - Test Cases/OCS - DESKTOP/CALL - TOGGLING LANGUAGE: Test Cases/OCS - DESKTOP/CALL - TOGGLING LANGUAGE

2019-07-15 13:54:35 - [TEST_STEP][PASSED] - delay(2): Delayed 2 second(s)

2019-07-15 13:54:37 - [MESSAGE][PASSED] - Delayed 2 second(s)

2019-07-15 13:54:37 - [TEST_STEP][PASSED] - click(findTestObject("OCS-DESKTOP/Cart flyout/English dropdown")): Object: 'Object Repository/OCS-DESKTOP/Cart flyout/English dropdown' is clicked on

2019-07-15 13:54:38 - [MESSAGE][PASSED] - Object: 'Object Repository/OCS-DESKTOP/Cart flyout/English dropdown' is clicked on

2019-07-15 13:54:38 - [TEST_STEP][PASSED] - delay(2): Delayed 2 second(s)

2019-07-15 13:54:40 - [MESSAGE][PASSED] - Delayed 2 second(s)

2019-07-15 13:54:40 - [TEST_STEP][PASSED] - click(findTestObject("OCS-DESKTOP/Cart flyout/Select French")): Object: 'Object Repository/OCS-DESKTOP/Cart flyout/Select French' is clicked on

2019-07-15 13:54:40 - [MESSAGE][PASSED] - Object: 'Object Repository/OCS-DESKTOP/Cart flyout/Select French' is clicked on

2019-07-15 13:54:40 - [TEST_STEP][PASSED] - delay(5): Delayed 5 second(s)

2019-07-15 13:54:45 - [MESSAGE][PASSED] - Delayed 5 second(s)

2019-07-15 13:54:45 - [TEST_STEP][PASSED] - e = getWindowTitle(): Current window's title is: 'Magasin de Cannabis de l'Ontario | Ontario Cannabis Store'

2019-07-15 13:54:46 - [MESSAGE][PASSED] - Current window's title is: 'Magasin de Cannabis de l'Ontario | Ontario Cannabis Store'

2019-07-15 13:54:46 - [MESSAGE][PASSED] - Call Test Case 'Test Cases/OCS - DESKTOP/CALL - TOGGLING LANGUAGE' successfully

2019-07-15 13:54:46 - [TEST_STEP][PASSED] - click(findTestObject("OCS-DESKTOP/Age gate and Mega menu/Header/CANNABIS menu - English")): Object: 'Object Repository/OCS-DESKTOP/Age gate and Mega menu/Header/CANNABIS menu - English' is clicked on

2019-07-15 13:54:47 - [MESSAGE][PASSED] - Object: 'Object Repository/OCS-DESKTOP/Age gate and Mega menu/Header/CANNABIS menu - English' is clicked on

2019-07-15 13:54:47 - [TEST_STEP][PASSED] - delay(2): Delayed 2 second(s)

2019-07-15 13:54:49 - [MESSAGE][PASSED] - Delayed 2 second(s)

2019-07-15 13:54:49 - [TEST_STEP][PASSED] - executeJavaScript("var previewBar = document.getElementById("preview-bar-iframe"); previewBar.style.display = "none";", []): Execute JavaScript 'var previewBar = document.getElementById("preview-bar-iframe"); previewBar.style.display = "none";' successfully

2019-07-15 13:54:49 - [MESSAGE][PASSED] - Execute JavaScript 'var previewBar = document.getElementById("preview-bar-iframe"); previewBar.style.display = "none";' successfully

2019-07-15 13:54:49 - [TEST_STEP][PASSED] - click(findTestObject("OCS-DESKTOP/Age gate and Mega menu/Indica Dominant_Menu item")): Object: 'Object Repository/OCS-DESKTOP/Age gate and Mega menu/Indica Dominant_Menu item' is clicked on

2019-07-15 13:54:52 - [MESSAGE][PASSED] - Object: 'Object Repository/OCS-DESKTOP/Age gate and Mega menu/Indica Dominant_Menu item' is clicked on

2019-07-15 13:54:52 - [TEST_STEP][PASSED] - executeJavaScript("var previewBar = document.getElementById("preview-bar-iframe"); previewBar.style.display = "none";", []): Execute JavaScript 'var previewBar = document.getElementById("preview-bar-iframe"); previewBar.style.display = "none";' successfully

2019-07-15 13:54:52 - [MESSAGE][PASSED] - Execute JavaScript 'var previewBar = document.getElementById("preview-bar-iframe"); previewBar.style.display = "none";' successfully

2019-07-15 13:54:52 - [TEST_STEP][PASSED] - delay(2): Delayed 2 second(s)

2019-07-15 13:54:54 - [MESSAGE][PASSED] - Delayed 2 second(s)

2019-07-15 13:54:54 - [TEST_STEP][PASSED] - click(findTestObject("FRENCH/Product image - 1st one")): Object: 'Object Repository/FRENCH/Product image - 1st one' is clicked on

2019-07-15 13:54:59 - [MESSAGE][PASSED] - Object: 'Object Repository/FRENCH/Product image - 1st one' is clicked on

2019-07-15 13:54:59 - [TEST_STEP][PASSED] - executeJavaScript("var previewBar = document.getElementById("preview-bar-iframe"); previewBar.style.display = "none";", []): Execute JavaScript 'var previewBar = document.getElementById("preview-bar-iframe"); previewBar.style.display = "none";' successfully

2019-07-15 13:54:59 - [MESSAGE][PASSED] - Execute JavaScript 'var previewBar = document.getElementById("preview-bar-iframe"); previewBar.style.display = "none";' successfully

2019-07-15 13:54:59 - [TEST_STEP][PASSED] - delay(1): Delayed 1 second(s)

2019-07-15 13:55:00 - [MESSAGE][PASSED] - Delayed 1 second(s)

2019-07-15 13:55:00 - [TEST_STEP][PASSED] - delay(3): Delayed 3 second(s)

2019-07-15 13:55:03 - [MESSAGE][PASSED] - Delayed 3 second(s)

2019-07-15 13:55:03 - [TEST_STEP][PASSED] - click(findTestObject("OCS-DESKTOP/Product page/Swatch_1g")): Object: 'Object Repository/OCS-DESKTOP/Product page/Swatch_1g' is clicked on

2019-07-15 13:55:03 - [MESSAGE][PASSED] - Object: 'Object Repository/OCS-DESKTOP/Product page/Swatch_1g' is clicked on

2019-07-15 13:55:03 - [TEST_STEP][PASSED] - delay(2): Delayed 2 second(s)

2019-07-15 13:55:05 - [MESSAGE][PASSED] - Delayed 2 second(s)

2019-07-15 13:55:05 - [TEST_STEP][PASSED] - delay(2): Delayed 2 second(s)

2019-07-15 13:55:07 - [MESSAGE][PASSED] - Delayed 2 second(s)

2019-07-15 13:55:07 - [TEST_STEP][PASSED] - click(findTestObject("OCS-DESKTOP/Product page/Add to Bag-button")): Object: 'Object Repository/OCS-DESKTOP/Product page/Add to Bag-button' is clicked on

2019-07-15 13:55:07 - [MESSAGE][PASSED] - Object: 'Object Repository/OCS-DESKTOP/Product page/Add to Bag-button' is clicked on

2019-07-15 13:55:07 - [TEST_STEP][PASSED] - delay(1): Delayed 1 second(s)

2019-07-15 13:55:08 - [MESSAGE][PASSED] - Delayed 1 second(s)

2019-07-15 13:55:08 - [TEST_STEP][PASSED] - click(findTestObject("OCS-DESKTOP/Home - page/Cart icon -bag")): Object: 'Object Repository/OCS-DESKTOP/Home - page/Cart icon -bag' is clicked on

2019-07-15 13:55:08 - [MESSAGE][PASSED] - Object: 'Object Repository/OCS-DESKTOP/Home - page/Cart icon -bag' is clicked on

2019-07-15 13:55:08 - [TEST_STEP][PASSED] - delay(3): Delayed 3 second(s)

2019-07-15 13:55:11 - [MESSAGE][PASSED] - Delayed 3 second(s)

2019-07-15 13:55:11 - [TEST_STEP][PASSED] - click(findTestObject("OCS-DESKTOP/Cart flyout/Checkbox_I confirm that")): Object: 'Object Repository/OCS-DESKTOP/Cart flyout/Checkbox_I confirm that' is clicked on

2019-07-15 13:55:11 - [MESSAGE][PASSED] - Object: 'Object Repository/OCS-DESKTOP/Cart flyout/Checkbox_I confirm that' is clicked on

2019-07-15 13:55:11 - [TEST_STEP][PASSED] - delay(2): Delayed 2 second(s)

2019-07-15 13:55:13 - [MESSAGE][PASSED] - Delayed 2 second(s)

2019-07-15 13:55:13 - [TEST_STEP][PASSED] - click(findTestObject("OCS-DESKTOP/Cart flyout/Checkbox_Accept the Terms Condition")): Object: 'Object Repository/OCS-DESKTOP/Cart flyout/Checkbox_Accept the Terms Condition' is clicked on

2019-07-15 13:55:13 - [MESSAGE][PASSED] - Object: 'Object Repository/OCS-DESKTOP/Cart flyout/Checkbox_Accept the Terms Condition' is clicked on

2019-07-15 13:55:13 - [TEST_STEP][PASSED] - delay(1): Delayed 1 second(s)

2019-07-15 13:55:14 - [MESSAGE][PASSED] - Delayed 1 second(s)

2019-07-15 13:55:14 - [TEST_STEP][PASSED] - click(findTestObject("OCS-DESKTOP/Cart flyout/Checkout - Button")): Object: 'Object Repository/OCS-DESKTOP/Cart flyout/Checkout - Button' is clicked on

2019-07-15 13:55:17 - [MESSAGE][PASSED] - Object: 'Object Repository/OCS-DESKTOP/Cart flyout/Checkout - Button' is clicked on

2019-07-15 13:55:17 - [TEST_STEP][PASSED] - delay(2): Delayed 2 second(s)

2019-07-15 13:55:19 - [MESSAGE][PASSED] - Delayed 2 second(s)

2019-07-15 13:55:19 - [TEST_STEP][PASSED] - executeJavaScript("var previewBar = document.getElementById("preview-bar-iframe"); previewBar.style.display = "none";", []): Execute JavaScript 'var previewBar = document.getElementById("preview-bar-iframe"); previewBar.style.display = "none";' successfully

2019-07-15 13:55:19 - [MESSAGE][PASSED] - Execute JavaScript 'var previewBar = document.getElementById("preview-bar-iframe"); previewBar.style.display = "none";' successfully

2019-07-15 13:55:19 - [TEST_STEP][PASSED] - delay(2): Delayed 2 second(s)

2019-07-15 13:55:21 - [MESSAGE][PASSED] - Delayed 2 second(s)

2019-07-15 13:55:21 - [TEST_STEP][PASSED] - setText(findTestObject("Object Repository/Page_Ontario Cannabis Store - Infor/input_Adresse e-mail_checkoute"), "suman@gmail.com"): Text 'suman@gmail.com' is set on object 'Object Repository/Page_Ontario Cannabis Store - Infor/input_Adresse e-mail_checkoute'

2019-07-15 13:55:21 - [MESSAGE][PASSED] - Text 'suman@gmail.com' is set on object 'Object Repository/Page_Ontario Cannabis Store - Infor/input_Adresse e-mail_checkoute'

2019-07-15 13:55:21 - [TEST_STEP][PASSED] - setText(findTestObject("Object Repository/Page_Ontario Cannabis Store - Infor/input_Prnom_checkoutshipping_a"), "suman"): Text 'suman' is set on object 'Object Repository/Page_Ontario Cannabis Store - Infor/input_Prnom_checkoutshipping_a'

2019-07-15 13:55:22 - [MESSAGE][PASSED] - Text 'suman' is set on object 'Object Repository/Page_Ontario Cannabis Store - Infor/input_Prnom_checkoutshipping_a'

2019-07-15 13:55:22 - [TEST_STEP][PASSED] - setText(findTestObject("Object Repository/Page_Ontario Cannabis Store - Infor/input_Nom_checkoutshipping_add"), "kompelly"): Text 'kompelly' is set on object 'Object Repository/Page_Ontario Cannabis Store - Infor/input_Nom_checkoutshipping_add'

2019-07-15 13:55:22 - [MESSAGE][PASSED] - Text 'kompelly' is set on object 'Object Repository/Page_Ontario Cannabis Store - Infor/input_Nom_checkoutshipping_add'

2019-07-15 13:55:22 - [TEST_STEP][PASSED] - setText(findTestObject("Object Repository/Page_Ontario Cannabis Store - Infor/input_Adresse_checkoutshipping"), "123 test"): Text '123 test' is set on object 'Object Repository/Page_Ontario Cannabis Store - Infor/input_Adresse_checkoutshipping'

2019-07-15 13:55:22 - [MESSAGE][PASSED] - Text '123 test' is set on object 'Object Repository/Page_Ontario Cannabis Store - Infor/input_Adresse_checkoutshipping'

2019-07-15 13:55:22 - [TEST_STEP][PASSED] - setText(findTestObject("Object Repository/Page_Ontario Cannabis Store - Infor/input_Appartement suite etc. ("), "123"): Text '123' is set on object 'Object Repository/Page_Ontario Cannabis Store - Infor/input_Appartement suite etc. ('

2019-07-15 13:55:22 - [MESSAGE][PASSED] - Text '123' is set on object 'Object Repository/Page_Ontario Cannabis Store - Infor/input_Appartement suite etc. ('

2019-07-15 13:55:22 - [TEST_STEP][PASSED] - setText(findTestObject("Object Repository/Page_Ontario Cannabis Store - Infor/input_Ville_checkoutshipping_a"), "montreal"): Text 'montreal' is set on object 'Object Repository/Page_Ontario Cannabis Store - Infor/input_Ville_checkoutshipping_a'

2019-07-15 13:55:23 - [MESSAGE][PASSED] - Text 'montreal' is set on object 'Object Repository/Page_Ontario Cannabis Store - Infor/input_Ville_checkoutshipping_a'

2019-07-15 13:55:23 - [TEST_STEP][PASSED] - setText(findTestObject("Object Repository/Page_Ontario Cannabis Store - Infor/input_Code postal_checkoutship"), "n0r1k0"): Text 'n0r1k0' is set on object 'Object Repository/Page_Ontario Cannabis Store - Infor/input_Code postal_checkoutship'

2019-07-15 13:55:23 - [MESSAGE][PASSED] - Text 'n0r1k0' is set on object 'Object Repository/Page_Ontario Cannabis Store - Infor/input_Code postal_checkoutship'

2019-07-15 13:55:23 - [TEST_STEP][PASSED] - setText(findTestObject("Object Repository/Page_Ontario Cannabis Store - Infor/input_Tlphone_checkoutshipping"), "514-449-3883"): Text '514-449-3883' is set on object 'Object Repository/Page_Ontario Cannabis Store - Infor/input_Tlphone_checkoutshipping'

2019-07-15 13:55:23 - [MESSAGE][PASSED] - Text '514-449-3883' is set on object 'Object Repository/Page_Ontario Cannabis Store - Infor/input_Tlphone_checkoutshipping'

2019-07-15 13:55:23 - [TEST_STEP][PASSED] - delay(2): Delayed 2 second(s)

2019-07-15 13:55:25 - [MESSAGE][PASSED] - Delayed 2 second(s)

2019-07-15 13:55:25 - [TEST_STEP][PASSED] - click(findTestObject("OCS-DESKTOP/Customer info page/Return to Cart - Link")): Object: 'Object Repository/OCS-DESKTOP/Customer info page/Return to Cart - Link' is clicked on

2019-07-15 13:55:27 - [MESSAGE][PASSED] - Object: 'Object Repository/OCS-DESKTOP/Customer info page/Return to Cart - Link' is clicked on

2019-07-15 13:55:27 - [TEST_STEP][PASSED] - delay(2): Delayed 2 second(s)

2019-07-15 13:55:29 - [MESSAGE][PASSED] - Delayed 2 second(s)

2019-07-15 13:55:29 - [TEST_STEP][PASSED] - click(findTestObject("OCS-DESKTOP/Cart page/cart page-Checkbox_I confirm that")): Object: 'Object Repository/OCS-DESKTOP/Cart page/cart page-Checkbox_I confirm that' is clicked on

2019-07-15 13:55:29 - [MESSAGE][PASSED] - Object: 'Object Repository/OCS-DESKTOP/Cart page/cart page-Checkbox_I confirm that' is clicked on

2019-07-15 13:55:29 - [TEST_STEP][PASSED] - delay(2): Delayed 2 second(s)

2019-07-15 13:55:31 - [MESSAGE][PASSED] - Delayed 2 second(s)

2019-07-15 13:55:31 - [TEST_STEP][PASSED] - click(findTestObject("OCS-DESKTOP/Cart page/cart page - Checkbox_Accept the Terms Condition")): Object: 'Object Repository/OCS-DESKTOP/Cart page/cart page - Checkbox_Accept the Terms Condition' is clicked on

2019-07-15 13:55:31 - [MESSAGE][PASSED] - Object: 'Object Repository/OCS-DESKTOP/Cart page/cart page - Checkbox_Accept the Terms Condition' is clicked on

2019-07-15 13:55:31 - [TEST_STEP][PASSED] - delay(1): Delayed 1 second(s)

2019-07-15 13:55:32 - [MESSAGE][PASSED] - Delayed 1 second(s)

2019-07-15 13:55:32 - [TEST_STEP][PASSED] - click(findTestObject("FRENCH/Cart page -checkout button")): Object: 'Object Repository/FRENCH/Cart page -checkout button' is clicked on

2019-07-15 13:55:34 - [MESSAGE][PASSED] - Object: 'Object Repository/FRENCH/Cart page -checkout button' is clicked on

2019-07-15 13:55:34 - [TEST_STEP][PASSED] - delay(1): Delayed 1 second(s)

2019-07-15 13:55:35 - [MESSAGE][PASSED] - Delayed 1 second(s)

2019-07-15 13:55:35 - [TEST_STEP][PASSED] - click(findTestObject("OCS-DESKTOP/Customer info page/Cart - Breadcrumb link")): Object: 'Object Repository/OCS-DESKTOP/Customer info page/Cart - Breadcrumb link' is clicked on

2019-07-15 13:55:37 - [MESSAGE][PASSED] - Object: 'Object Repository/OCS-DESKTOP/Customer info page/Cart - Breadcrumb link' is clicked on

2019-07-15 13:55:37 - [TEST_STEP][PASSED] - delay(2): Delayed 2 second(s)

2019-07-15 13:55:39 - [MESSAGE][PASSED] - Delayed 2 second(s)

2019-07-15 13:55:39 - [TEST_STEP][PASSED] - click(findTestObject("OCS-DESKTOP/Cart page/cart page-Checkbox_I confirm that")): Object: 'Object Repository/OCS-DESKTOP/Cart page/cart page-Checkbox_I confirm that' is clicked on

2019-07-15 13:55:39 - [MESSAGE][PASSED] - Object: 'Object Repository/OCS-DESKTOP/Cart page/cart page-Checkbox_I confirm that' is clicked on

2019-07-15 13:55:39 - [TEST_STEP][PASSED] - delay(2): Delayed 2 second(s)

2019-07-15 13:55:41 - [MESSAGE][PASSED] - Delayed 2 second(s)

2019-07-15 13:55:41 - [TEST_STEP][PASSED] - click(findTestObject("OCS-DESKTOP/Cart page/cart page - Checkbox_Accept the Terms Condition")): Object: 'Object Repository/OCS-DESKTOP/Cart page/cart page - Checkbox_Accept the Terms Condition' is clicked on

2019-07-15 13:55:41 - [MESSAGE][PASSED] - Object: 'Object Repository/OCS-DESKTOP/Cart page/cart page - Checkbox_Accept the Terms Condition' is clicked on

2019-07-15 13:55:41 - [TEST_STEP][PASSED] - delay(1): Delayed 1 second(s)

2019-07-15 13:55:42 - [MESSAGE][PASSED] - Delayed 1 second(s)

2019-07-15 13:55:42 - [TEST_STEP][PASSED] - click(findTestObject("FRENCH/Cart page -checkout button")): Object: 'Object Repository/FRENCH/Cart page -checkout button' is clicked on

2019-07-15 13:55:46 - [MESSAGE][PASSED] - Object: 'Object Repository/FRENCH/Cart page -checkout button' is clicked on

2019-07-15 13:55:46 - [TEST_STEP][PASSED] - executeJavaScript("var previewBar = document.getElementById("preview-bar-iframe"); previewBar.style.display = "none";", []): Execute JavaScript 'var previewBar = document.getElementById("preview-bar-iframe"); previewBar.style.display = "none";' successfully

2019-07-15 13:55:46 - [MESSAGE][PASSED] - Execute JavaScript 'var previewBar = document.getElementById("preview-bar-iframe"); previewBar.style.display = "none";' successfully

2019-07-15 13:55:46 - [TEST_STEP][PASSED] - delay(2): Delayed 2 second(s)

2019-07-15 13:55:48 - [MESSAGE][PASSED] - Delayed 2 second(s)

2019-07-15 13:55:48 - [TEST_STEP][PASSED] - setText(findTestObject("Object Repository/Page_Ontario Cannabis Store - Infor/input_Adresse e-mail_checkoute"), "suman@gmail.com"): Text 'suman@gmail.com' is set on object 'Object Repository/Page_Ontario Cannabis Store - Infor/input_Adresse e-mail_checkoute'

2019-07-15 13:55:48 - [MESSAGE][PASSED] - Text 'suman@gmail.com' is set on object 'Object Repository/Page_Ontario Cannabis Store - Infor/input_Adresse e-mail_checkoute'

2019-07-15 13:55:48 - [TEST_STEP][PASSED] - setText(findTestObject("Object Repository/Page_Ontario Cannabis Store - Infor/input_Prnom_checkoutshipping_a"), "suman"): Text 'suman' is set on object 'Object Repository/Page_Ontario Cannabis Store - Infor/input_Prnom_checkoutshipping_a'

2019-07-15 13:55:48 - [MESSAGE][PASSED] - Text 'suman' is set on object 'Object Repository/Page_Ontario Cannabis Store - Infor/input_Prnom_checkoutshipping_a'

2019-07-15 13:55:48 - [TEST_STEP][PASSED] - setText(findTestObject("Object Repository/Page_Ontario Cannabis Store - Infor/input_Nom_checkoutshipping_add"), "kompelly"): Text 'kompelly' is set on object 'Object Repository/Page_Ontario Cannabis Store - Infor/input_Nom_checkoutshipping_add'

2019-07-15 13:55:48 - [MESSAGE][PASSED] - Text 'kompelly' is set on object 'Object Repository/Page_Ontario Cannabis Store - Infor/input_Nom_checkoutshipping_add'

2019-07-15 13:55:48 - [TEST_STEP][PASSED] - setText(findTestObject("Object Repository/Page_Ontario Cannabis Store - Infor/input_Adresse_checkoutshipping"), "123 test"): Text '123 test' is set on object 'Object Repository/Page_Ontario Cannabis Store - Infor/input_Adresse_checkoutshipping'

2019-07-15 13:55:48 - [MESSAGE][PASSED] - Text '123 test' is set on object 'Object Repository/Page_Ontario Cannabis Store - Infor/input_Adresse_checkoutshipping'

2019-07-15 13:55:48 - [TEST_STEP][PASSED] - setText(findTestObject("Object Repository/Page_Ontario Cannabis Store - Infor/input_Appartement suite etc. ("), "123"): Text '123' is set on object 'Object Repository/Page_Ontario Cannabis Store - Infor/input_Appartement suite etc. ('

2019-07-15 13:55:48 - [MESSAGE][PASSED] - Text '123' is set on object 'Object Repository/Page_Ontario Cannabis Store - Infor/input_Appartement suite etc. ('

2019-07-15 13:55:48 - [TEST_STEP][PASSED] - setText(findTestObject("Object Repository/Page_Ontario Cannabis Store - Infor/input_Ville_checkoutshipping_a"), "montreal"): Text 'montreal' is set on object 'Object Repository/Page_Ontario Cannabis Store - Infor/input_Ville_checkoutshipping_a'

2019-07-15 13:55:48 - [MESSAGE][PASSED] - Text 'montreal' is set on object 'Object Repository/Page_Ontario Cannabis Store - Infor/input_Ville_checkoutshipping_a'

2019-07-15 13:55:48 - [TEST_STEP][PASSED] - setText(findTestObject("Object Repository/Page_Ontario Cannabis Store - Infor/input_Code postal_checkoutship"), "n0r1k0"): Text 'n0r1k0' is set on object 'Object Repository/Page_Ontario Cannabis Store - Infor/input_Code postal_checkoutship'

2019-07-15 13:55:49 - [MESSAGE][PASSED] - Text 'n0r1k0' is set on object 'Object Repository/Page_Ontario Cannabis Store - Infor/input_Code postal_checkoutship'

2019-07-15 13:55:49 - [TEST_STEP][PASSED] - setText(findTestObject("Object Repository/Page_Ontario Cannabis Store - Infor/input_Tlphone_checkoutshipping"), "514-449-3883"): Text '514-449-3883' is set on object 'Object Repository/Page_Ontario Cannabis Store - Infor/input_Tlphone_checkoutshipping'

2019-07-15 13:55:49 - [MESSAGE][PASSED] - Text '514-449-3883' is set on object 'Object Repository/Page_Ontario Cannabis Store - Infor/input_Tlphone_checkoutshipping'

2019-07-15 13:55:49 - [TEST_STEP][PASSED] - delay(1): Delayed 1 second(s)

2019-07-15 13:55:50 - [MESSAGE][PASSED] - Delayed 1 second(s)

2019-07-15 13:55:50 - [TEST_STEP][PASSED] - delay(2): Delayed 2 second(s)

2019-07-15 13:55:52 - [MESSAGE][PASSED] - Delayed 2 second(s)

2019-07-15 13:55:52 - [TEST_STEP][PASSED] - click(findTestObject("Object Repository/Page_Ontario Cannabis Store - Infor/button_Continuer vers le mode")): Object: 'Object Repository/Page_Ontario Cannabis Store - Infor/button_Continuer vers le mode' is clicked on

2019-07-15 13:55:52 - [MESSAGE][PASSED] - Object: 'Object Repository/Page_Ontario Cannabis Store - Infor/button_Continuer vers le mode' is clicked on

2019-07-15 13:55:52 - [TEST_STEP][PASSED] - delay(4): Delayed 4 second(s)

2019-07-15 13:55:56 - [MESSAGE][PASSED] - Delayed 4 second(s)

2019-07-15 13:55:56 - [TEST_STEP][PASSED] - executeJavaScript("var previewBar = document.getElementById("preview-bar-iframe"); previewBar.style.display = "none";", []): Execute JavaScript 'var previewBar = document.getElementById("preview-bar-iframe"); previewBar.style.display = "none";' successfully

2019-07-15 13:55:56 - [MESSAGE][PASSED] - Execute JavaScript 'var previewBar = document.getElementById("preview-bar-iframe"); previewBar.style.display = "none";' successfully

2019-07-15 13:55:56 - [TEST_STEP][PASSED] - delay(2): Delayed 2 second(s)

2019-07-15 13:55:58 - [MESSAGE][PASSED] - Delayed 2 second(s)

2019-07-15 13:55:58 - [TEST_STEP][PASSED] - click(findTestObject("Object Repository/Page_Ontario Cannabis Store - Livra/button_Continuer vers le moyen")): Object: 'Object Repository/Page_Ontario Cannabis Store - Livra/button_Continuer vers le moyen' is clicked on

2019-07-15 13:56:01 - [MESSAGE][PASSED] - Object: 'Object Repository/Page_Ontario Cannabis Store - Livra/button_Continuer vers le moyen' is clicked on]]></system-out>
         <system-err><![CDATA[]]></system-err>
      </testcase>
      <testcase name="Test Cases/OCS - DESKTOP/OCS- CRITICAL PATH - FRENCH/Checkout-Payment - fr" classname="Test Cases/OCS - DESKTOP/OCS- CRITICAL PATH - FRENCH/Checkout-Payment - fr" status="FAILED">
         <failure type="FAILED" message="Test Cases/OCS - DESKTOP/OCS- CRITICAL PATH - FRENCH/Checkout-Payment - fr FAILED.
Reason:
com.kms.katalon.core.exception.StepFailedException: Unable to click on object 'Object Repository/OCS-DESKTOP/Cart flyout/Checkbox_I confirm that' (Root cause: org.openqa.selenium.ElementNotVisibleException: element not interactable
  (Session info: chrome=75.0.3770.100)
  (Driver info: chromedriver=2.43.600229 (3fae4d0cda5334b4f533bede5a4787f7b832d052),platform=Mac OS X 10.13.6 x86_64) (WARNING: The server did not provide any stacktrace information)
Command duration or timeout: 0 milliseconds
Build info: version: '3.7.1', revision: '8a0099a', time: '2017-11-06T21:07:36.161Z'
System info: host: 'sumans-MacBook-Pro.local', ip: 'fe80:0:0:0:143c:9c68:90ad:a50%en0', os.name: 'Mac OS X', os.arch: 'x86_64', os.version: '10.13.6', java.version: '1.8.0_181'
Driver info: com.kms.katalon.selenium.driver.CChromeDriver
Capabilities {acceptInsecureCerts: false, acceptSslCerts: false, applicationCacheEnabled: false, browserConnectionEnabled: false, browserName: chrome, chrome: {chromedriverVersion: 2.43.600229 (3fae4d0cda5334..., userDataDir: /var/folders/1t/c55l8xzs6gq...}, cssSelectorsEnabled: true, databaseEnabled: false, goog:chromeOptions: {debuggerAddress: localhost:64515}, handlesAlerts: true, hasTouchScreen: false, javascriptEnabled: true, locationContextEnabled: true, mobileEmulationEnabled: false, nativeEvents: true, networkConnectionEnabled: false, pageLoadStrategy: normal, platform: MAC, platformName: MAC, rotatable: false, setWindowRect: true, takesHeapSnapshot: true, takesScreenshot: true, unexpectedAlertBehaviour: , unhandledPromptBehavior: , version: 75.0.3770.100, webStorageEnabled: true}
Session ID: e91f77a09950db9dfafc4e3e000c1be1)
	at com.kms.katalon.core.keyword.internal.KeywordMain.stepFailed(KeywordMain.groovy:36)
	at com.kms.katalon.core.webui.keyword.internal.WebUIKeywordMain.stepFailed(WebUIKeywordMain.groovy:65)
	at com.kms.katalon.core.webui.keyword.internal.WebUIKeywordMain.runKeyword(WebUIKeywordMain.groovy:27)
	at com.kms.katalon.core.webui.keyword.builtin.ClickKeyword.click(ClickKeyword.groovy:86)
	at com.kms.katalon.core.webui.keyword.builtin.ClickKeyword.execute(ClickKeyword.groovy:67)
	at com.kms.katalon.core.keyword.internal.KeywordExecutor.executeKeywordForPlatform(KeywordExecutor.groovy:53)
	at com.kms.katalon.core.webui.keyword.WebUiBuiltInKeywords.click(WebUiBuiltInKeywords.groovy:616)
	at com.kms.katalon.core.webui.keyword.WebUiBuiltInKeywords$click$4.call(Unknown Source)
	at Checkout-Payment - fr.run(Checkout-Payment - fr:61)
	at com.kms.katalon.core.main.ScriptEngine.run(ScriptEngine.java:194)
	at com.kms.katalon.core.main.ScriptEngine.runScriptAsRawText(ScriptEngine.java:119)
	at com.kms.katalon.core.main.TestCaseExecutor.runScript(TestCaseExecutor.java:328)
	at com.kms.katalon.core.main.TestCaseExecutor.doExecute(TestCaseExecutor.java:319)
	at com.kms.katalon.core.main.TestCaseExecutor.processExecutionPhase(TestCaseExecutor.java:298)
	at com.kms.katalon.core.main.TestCaseExecutor.accessMainPhase(TestCaseExecutor.java:290)
	at com.kms.katalon.core.main.TestCaseExecutor.execute(TestCaseExecutor.java:224)
	at com.kms.katalon.core.main.TestSuiteExecutor.accessTestCaseMainPhase(TestSuiteExecutor.java:129)
	at com.kms.katalon.core.main.TestSuiteExecutor.accessTestSuiteMainPhase(TestSuiteExecutor.java:112)
	at com.kms.katalon.core.main.TestSuiteExecutor.execute(TestSuiteExecutor.java:81)
	at com.kms.katalon.core.main.TestCaseMain.startTestSuite(TestCaseMain.java:149)
	at com.kms.katalon.core.main.TestCaseMain$startTestSuite$0.call(Unknown Source)
	at TempTestSuite1563212133201.run(TempTestSuite1563212133201.groovy:36)
"/>
         <system-out><![CDATA[2019-07-15 13:56:01 - [TEST_CASE][FAILED] - Test Cases/OCS - DESKTOP/OCS- CRITICAL PATH - FRENCH/Checkout-Payment - fr: Test Cases/OCS - DESKTOP/OCS- CRITICAL PATH - FRENCH/Checkout-Payment - fr FAILED.
Reason:
com.kms.katalon.core.exception.StepFailedException: Unable to click on object 'Object Repository/OCS-DESKTOP/Cart flyout/Checkbox_I confirm that' (Root cause: org.openqa.selenium.ElementNotVisibleException: element not interactable
  (Session info: chrome=75.0.3770.100)
  (Driver info: chromedriver=2.43.600229 (3fae4d0cda5334b4f533bede5a4787f7b832d052),platform=Mac OS X 10.13.6 x86_64) (WARNING: The server did not provide any stacktrace information)
Command duration or timeout: 0 milliseconds
Build info: version: '3.7.1', revision: '8a0099a', time: '2017-11-06T21:07:36.161Z'
System info: host: 'sumans-MacBook-Pro.local', ip: 'fe80:0:0:0:143c:9c68:90ad:a50%en0', os.name: 'Mac OS X', os.arch: 'x86_64', os.version: '10.13.6', java.version: '1.8.0_181'
Driver info: com.kms.katalon.selenium.driver.CChromeDriver
Capabilities {acceptInsecureCerts: false, acceptSslCerts: false, applicationCacheEnabled: false, browserConnectionEnabled: false, browserName: chrome, chrome: {chromedriverVersion: 2.43.600229 (3fae4d0cda5334..., userDataDir: /var/folders/1t/c55l8xzs6gq...}, cssSelectorsEnabled: true, databaseEnabled: false, goog:chromeOptions: {debuggerAddress: localhost:64515}, handlesAlerts: true, hasTouchScreen: false, javascriptEnabled: true, locationContextEnabled: true, mobileEmulationEnabled: false, nativeEvents: true, networkConnectionEnabled: false, pageLoadStrategy: normal, platform: MAC, platformName: MAC, rotatable: false, setWindowRect: true, takesHeapSnapshot: true, takesScreenshot: true, unexpectedAlertBehaviour: , unhandledPromptBehavior: , version: 75.0.3770.100, webStorageEnabled: true}
Session ID: e91f77a09950db9dfafc4e3e000c1be1)
	at com.kms.katalon.core.keyword.internal.KeywordMain.stepFailed(KeywordMain.groovy:36)
	at com.kms.katalon.core.webui.keyword.internal.WebUIKeywordMain.stepFailed(WebUIKeywordMain.groovy:65)
	at com.kms.katalon.core.webui.keyword.internal.WebUIKeywordMain.runKeyword(WebUIKeywordMain.groovy:27)
	at com.kms.katalon.core.webui.keyword.builtin.ClickKeyword.click(ClickKeyword.groovy:86)
	at com.kms.katalon.core.webui.keyword.builtin.ClickKeyword.execute(ClickKeyword.groovy:67)
	at com.kms.katalon.core.keyword.internal.KeywordExecutor.executeKeywordForPlatform(KeywordExecutor.groovy:53)
	at com.kms.katalon.core.webui.keyword.WebUiBuiltInKeywords.click(WebUiBuiltInKeywords.groovy:616)
	at com.kms.katalon.core.webui.keyword.WebUiBuiltInKeywords$click$4.call(Unknown Source)
	at Checkout-Payment - fr.run(Checkout-Payment - fr:61)
	at com.kms.katalon.core.main.ScriptEngine.run(ScriptEngine.java:194)
	at com.kms.katalon.core.main.ScriptEngine.runScriptAsRawText(ScriptEngine.java:119)
	at com.kms.katalon.core.main.TestCaseExecutor.runScript(TestCaseExecutor.java:328)
	at com.kms.katalon.core.main.TestCaseExecutor.doExecute(TestCaseExecutor.java:319)
	at com.kms.katalon.core.main.TestCaseExecutor.processExecutionPhase(TestCaseExecutor.java:298)
	at com.kms.katalon.core.main.TestCaseExecutor.accessMainPhase(TestCaseExecutor.java:290)
	at com.kms.katalon.core.main.TestCaseExecutor.execute(TestCaseExecutor.java:224)
	at com.kms.katalon.core.main.TestSuiteExecutor.accessTestCaseMainPhase(TestSuiteExecutor.java:129)
	at com.kms.katalon.core.main.TestSuiteExecutor.accessTestSuiteMainPhase(TestSuiteExecutor.java:112)
	at com.kms.katalon.core.main.TestSuiteExecutor.execute(TestSuiteExecutor.java:81)
	at com.kms.katalon.core.main.TestCaseMain.startTestSuite(TestCaseMain.java:149)
	at com.kms.katalon.core.main.TestCaseMain$startTestSuite$0.call(Unknown Source)
	at TempTestSuite1563212133201.run(TempTestSuite1563212133201.groovy:36)


2019-07-15 13:56:02 - [TEST_STEP][PASSED] - callTestCase(findTestCase("OCS - DESKTOP/CALL- Age gate"), [:], STOP_ON_FAILURE): Call Test Case 'Test Cases/OCS - DESKTOP/CALL- Age gate' successfully

2019-07-15 13:56:02 - [TEST_CASE][PASSED] - Test Cases/OCS - DESKTOP/CALL- Age gate: Test Cases/OCS - DESKTOP/CALL- Age gate

2019-07-15 13:56:02 - [TEST_STEP][PASSED] - openBrowser(""): Browser is opened with url: ''

2019-07-15 13:56:02 - [MESSAGE][WARNING] - A browser is already opened. Closing browser and opening a new one

2019-07-15 13:56:02 - [MESSAGE][INFO] - Starting 'Chrome' driver

2019-07-15 13:56:03 - [MESSAGE][PASSED] - Browser is opened with url: ''

2019-07-15 13:56:03 - [TEST_STEP][PASSED] - navigateToUrl("https://ocs.ca/?fts=0&preview_theme_id=74205529932"): Navigate to 'https://ocs.ca/?fts=0&preview_theme_id=74205529932' successfully

2019-07-15 13:56:08 - [MESSAGE][PASSED] - Navigate to 'https://ocs.ca/?fts=0&preview_theme_id=74205529932' successfully

2019-07-15 13:56:08 - [TEST_STEP][PASSED] - maximizeWindow(): Current window maximized

2019-07-15 13:56:08 - [MESSAGE][PASSED] - Current window maximized

2019-07-15 13:56:08 - [TEST_STEP][PASSED] - delay(2): Delayed 2 second(s)

2019-07-15 13:56:10 - [MESSAGE][PASSED] - Delayed 2 second(s)

2019-07-15 13:56:10 - [TEST_STEP][PASSED] - executeJavaScript("var previewBar = document.getElementById("preview-bar-iframe"); previewBar.style.display = "none";", []): Execute JavaScript 'var previewBar = document.getElementById("preview-bar-iframe"); previewBar.style.display = "none";' successfully

2019-07-15 13:56:10 - [MESSAGE][PASSED] - Execute JavaScript 'var previewBar = document.getElementById("preview-bar-iframe"); previewBar.style.display = "none";' successfully

2019-07-15 13:56:10 - [TEST_STEP][PASSED] - selectOptionByValue(findTestObject("OCS-DESKTOP/Age gate and Mega menu/Date"), "12", true): All options with value '12' are selected in object 'Object Repository/OCS-DESKTOP/Age gate and Mega menu/Date'  using regular expression

2019-07-15 13:56:11 - [MESSAGE][PASSED] - All options with value '12' are selected in object 'Object Repository/OCS-DESKTOP/Age gate and Mega menu/Date'  using regular expression

2019-07-15 13:56:11 - [TEST_STEP][PASSED] - selectOptionByValue(findTestObject("OCS-DESKTOP/Age gate and Mega menu/month"), "6", true): All options with value '6' are selected in object 'Object Repository/OCS-DESKTOP/Age gate and Mega menu/month'  using regular expression

2019-07-15 13:56:11 - [MESSAGE][PASSED] - All options with value '6' are selected in object 'Object Repository/OCS-DESKTOP/Age gate and Mega menu/month'  using regular expression

2019-07-15 13:56:11 - [TEST_STEP][PASSED] - delay(2): Delayed 2 second(s)

2019-07-15 13:56:13 - [MESSAGE][PASSED] - Delayed 2 second(s)

2019-07-15 13:56:13 - [TEST_STEP][PASSED] - selectOptionByValue(findTestObject("OCS-DESKTOP/Age gate and Mega menu/Year Dropdown"), "1990", true): All options with value '1990' are selected in object 'Object Repository/OCS-DESKTOP/Age gate and Mega menu/Year Dropdown'  using regular expression

2019-07-15 13:56:14 - [MESSAGE][PASSED] - All options with value '1990' are selected in object 'Object Repository/OCS-DESKTOP/Age gate and Mega menu/Year Dropdown'  using regular expression

2019-07-15 13:56:14 - [TEST_STEP][PASSED] - click(findTestObject("OCS-DESKTOP/Age gate and Mega menu/button_Verify")): Object: 'Object Repository/OCS-DESKTOP/Age gate and Mega menu/button_Verify' is clicked on

2019-07-15 13:56:14 - [MESSAGE][PASSED] - Object: 'Object Repository/OCS-DESKTOP/Age gate and Mega menu/button_Verify' is clicked on

2019-07-15 13:56:14 - [TEST_STEP][PASSED] - click(findTestObject("OCS-DESKTOP/Age gate and Mega menu/Checkbox_CONFIRM AND ACKNOWLEDGE")): Object: 'Object Repository/OCS-DESKTOP/Age gate and Mega menu/Checkbox_CONFIRM AND ACKNOWLEDGE' is clicked on

2019-07-15 13:56:14 - [MESSAGE][PASSED] - Object: 'Object Repository/OCS-DESKTOP/Age gate and Mega menu/Checkbox_CONFIRM AND ACKNOWLEDGE' is clicked on

2019-07-15 13:56:14 - [TEST_STEP][PASSED] - click(findTestObject("OCS-DESKTOP/Age gate and Mega menu/button_CONFIRM")): Object: 'Object Repository/OCS-DESKTOP/Age gate and Mega menu/button_CONFIRM' is clicked on

2019-07-15 13:56:14 - [MESSAGE][PASSED] - Object: 'Object Repository/OCS-DESKTOP/Age gate and Mega menu/button_CONFIRM' is clicked on

2019-07-15 13:56:14 - [TEST_STEP][PASSED] - click(findTestObject("OCS-DESKTOP/Age gate and Mega menu/button_Start Browsing")): Object: 'Object Repository/OCS-DESKTOP/Age gate and Mega menu/button_Start Browsing' is clicked on

2019-07-15 13:56:15 - [MESSAGE][PASSED] - Object: 'Object Repository/OCS-DESKTOP/Age gate and Mega menu/button_Start Browsing' is clicked on

2019-07-15 13:56:15 - [TEST_STEP][PASSED] - delay(2): Delayed 2 second(s)

2019-07-15 13:56:17 - [MESSAGE][PASSED] - Delayed 2 second(s)

2019-07-15 13:56:17 - [TEST_STEP][PASSED] - refresh(): Refresh successfully

2019-07-15 13:56:17 - [MESSAGE][PASSED] - Refresh successfully

2019-07-15 13:56:17 - [MESSAGE][PASSED] - Call Test Case 'Test Cases/OCS - DESKTOP/CALL- Age gate' successfully

2019-07-15 13:56:17 - [TEST_STEP][PASSED] - delay(2): Delayed 2 second(s)

2019-07-15 13:56:19 - [MESSAGE][PASSED] - Delayed 2 second(s)

2019-07-15 13:56:19 - [TEST_STEP][PASSED] - callTestCase(findTestCase("OCS - DESKTOP/CALL - TOGGLING LANGUAGE"), [:], STOP_ON_FAILURE): Call Test Case 'Test Cases/OCS - DESKTOP/CALL - TOGGLING LANGUAGE' successfully

2019-07-15 13:56:19 - [TEST_CASE][PASSED] - Test Cases/OCS - DESKTOP/CALL - TOGGLING LANGUAGE: Test Cases/OCS - DESKTOP/CALL - TOGGLING LANGUAGE

2019-07-15 13:56:19 - [TEST_STEP][PASSED] - delay(2): Delayed 2 second(s)

2019-07-15 13:56:21 - [MESSAGE][PASSED] - Delayed 2 second(s)

2019-07-15 13:56:21 - [TEST_STEP][PASSED] - click(findTestObject("OCS-DESKTOP/Cart flyout/English dropdown")): Object: 'Object Repository/OCS-DESKTOP/Cart flyout/English dropdown' is clicked on

2019-07-15 13:56:21 - [MESSAGE][PASSED] - Object: 'Object Repository/OCS-DESKTOP/Cart flyout/English dropdown' is clicked on

2019-07-15 13:56:21 - [TEST_STEP][PASSED] - delay(2): Delayed 2 second(s)

2019-07-15 13:56:23 - [MESSAGE][PASSED] - Delayed 2 second(s)

2019-07-15 13:56:23 - [TEST_STEP][PASSED] - click(findTestObject("OCS-DESKTOP/Cart flyout/Select French")): Object: 'Object Repository/OCS-DESKTOP/Cart flyout/Select French' is clicked on

2019-07-15 13:56:23 - [MESSAGE][PASSED] - Object: 'Object Repository/OCS-DESKTOP/Cart flyout/Select French' is clicked on

2019-07-15 13:56:23 - [TEST_STEP][PASSED] - delay(5): Delayed 5 second(s)

2019-07-15 13:56:28 - [MESSAGE][PASSED] - Delayed 5 second(s)

2019-07-15 13:56:28 - [TEST_STEP][PASSED] - e = getWindowTitle(): Current window's title is: 'Magasin de Cannabis de l'Ontario | Ontario Cannabis Store'

2019-07-15 13:56:28 - [MESSAGE][PASSED] - Current window's title is: 'Magasin de Cannabis de l'Ontario | Ontario Cannabis Store'

2019-07-15 13:56:28 - [MESSAGE][PASSED] - Call Test Case 'Test Cases/OCS - DESKTOP/CALL - TOGGLING LANGUAGE' successfully

2019-07-15 13:56:28 - [TEST_STEP][PASSED] - click(findTestObject("OCS-DESKTOP/Age gate and Mega menu/Header/CANNABIS menu - English")): Object: 'Object Repository/OCS-DESKTOP/Age gate and Mega menu/Header/CANNABIS menu - English' is clicked on

2019-07-15 13:56:28 - [MESSAGE][PASSED] - Object: 'Object Repository/OCS-DESKTOP/Age gate and Mega menu/Header/CANNABIS menu - English' is clicked on

2019-07-15 13:56:28 - [TEST_STEP][PASSED] - delay(2): Delayed 2 second(s)

2019-07-15 13:56:30 - [MESSAGE][PASSED] - Delayed 2 second(s)

2019-07-15 13:56:30 - [TEST_STEP][PASSED] - executeJavaScript("var previewBar = document.getElementById("preview-bar-iframe"); previewBar.style.display = "none";", []): Execute JavaScript 'var previewBar = document.getElementById("preview-bar-iframe"); previewBar.style.display = "none";' successfully

2019-07-15 13:56:30 - [MESSAGE][PASSED] - Execute JavaScript 'var previewBar = document.getElementById("preview-bar-iframe"); previewBar.style.display = "none";' successfully

2019-07-15 13:56:30 - [TEST_STEP][PASSED] - click(findTestObject("OCS-DESKTOP/Age gate and Mega menu/Indica Dominant_Menu item")): Object: 'Object Repository/OCS-DESKTOP/Age gate and Mega menu/Indica Dominant_Menu item' is clicked on

2019-07-15 13:56:33 - [MESSAGE][PASSED] - Object: 'Object Repository/OCS-DESKTOP/Age gate and Mega menu/Indica Dominant_Menu item' is clicked on

2019-07-15 13:56:33 - [TEST_STEP][PASSED] - executeJavaScript("var previewBar = document.getElementById("preview-bar-iframe"); previewBar.style.display = "none";", []): Execute JavaScript 'var previewBar = document.getElementById("preview-bar-iframe"); previewBar.style.display = "none";' successfully

2019-07-15 13:56:33 - [MESSAGE][PASSED] - Execute JavaScript 'var previewBar = document.getElementById("preview-bar-iframe"); previewBar.style.display = "none";' successfully

2019-07-15 13:56:33 - [TEST_STEP][PASSED] - delay(2): Delayed 2 second(s)

2019-07-15 13:56:35 - [MESSAGE][PASSED] - Delayed 2 second(s)

2019-07-15 13:56:35 - [TEST_STEP][PASSED] - click(findTestObject("FRENCH/Product image - 1st one")): Object: 'Object Repository/FRENCH/Product image - 1st one' is clicked on

2019-07-15 13:56:40 - [MESSAGE][PASSED] - Object: 'Object Repository/FRENCH/Product image - 1st one' is clicked on

2019-07-15 13:56:40 - [TEST_STEP][PASSED] - executeJavaScript("var previewBar = document.getElementById("preview-bar-iframe"); previewBar.style.display = "none";", []): Execute JavaScript 'var previewBar = document.getElementById("preview-bar-iframe"); previewBar.style.display = "none";' successfully

2019-07-15 13:56:40 - [MESSAGE][PASSED] - Execute JavaScript 'var previewBar = document.getElementById("preview-bar-iframe"); previewBar.style.display = "none";' successfully

2019-07-15 13:56:40 - [TEST_STEP][PASSED] - delay(3): Delayed 3 second(s)

2019-07-15 13:56:43 - [MESSAGE][PASSED] - Delayed 3 second(s)

2019-07-15 13:56:43 - [TEST_STEP][PASSED] - click(findTestObject("OCS-DESKTOP/Product page/Swatch_1g")): Object: 'Object Repository/OCS-DESKTOP/Product page/Swatch_1g' is clicked on

2019-07-15 13:56:43 - [MESSAGE][PASSED] - Object: 'Object Repository/OCS-DESKTOP/Product page/Swatch_1g' is clicked on

2019-07-15 13:56:43 - [TEST_STEP][PASSED] - delay(2): Delayed 2 second(s)

2019-07-15 13:56:45 - [MESSAGE][PASSED] - Delayed 2 second(s)

2019-07-15 13:56:45 - [TEST_STEP][PASSED] - delay(2): Delayed 2 second(s)

2019-07-15 13:56:47 - [MESSAGE][PASSED] - Delayed 2 second(s)

2019-07-15 13:56:47 - [TEST_STEP][PASSED] - click(findTestObject("OCS-DESKTOP/Product page/Quantity Increase - Button")): Object: 'Object Repository/OCS-DESKTOP/Product page/Quantity Increase - Button' is clicked on

2019-07-15 13:56:47 - [MESSAGE][PASSED] - Object: 'Object Repository/OCS-DESKTOP/Product page/Quantity Increase - Button' is clicked on

2019-07-15 13:56:47 - [TEST_STEP][PASSED] - delay(2): Delayed 2 second(s)

2019-07-15 13:56:49 - [MESSAGE][PASSED] - Delayed 2 second(s)

2019-07-15 13:56:49 - [TEST_STEP][PASSED] - click(findTestObject("OCS-DESKTOP/Product page/Add to Bag-button")): Object: 'Object Repository/OCS-DESKTOP/Product page/Add to Bag-button' is clicked on

2019-07-15 13:56:49 - [MESSAGE][PASSED] - Object: 'Object Repository/OCS-DESKTOP/Product page/Add to Bag-button' is clicked on

2019-07-15 13:56:49 - [TEST_STEP][PASSED] - delay(2): Delayed 2 second(s)

2019-07-15 13:56:51 - [MESSAGE][PASSED] - Delayed 2 second(s)

2019-07-15 13:56:51 - [TEST_STEP][PASSED] - click(findTestObject("OCS-DESKTOP/Home - page/Cart icon -bag"), OPTIONAL): Object: 'Object Repository/OCS-DESKTOP/Home - page/Cart icon -bag' is clicked on

2019-07-15 13:56:51 - [MESSAGE][PASSED] - Object: 'Object Repository/OCS-DESKTOP/Home - page/Cart icon -bag' is clicked on

2019-07-15 13:56:51 - [TEST_STEP][PASSED] - delay(1): Delayed 1 second(s)

2019-07-15 13:56:52 - [MESSAGE][PASSED] - Delayed 1 second(s)

2019-07-15 13:56:52 - [TEST_STEP][FAILED] - click(findTestObject("OCS-DESKTOP/Cart flyout/Checkbox_I confirm that")): click(findTestObject("OCS-DESKTOP/Cart flyout/Checkbox_I confirm that")) FAILED.
Reason:
com.kms.katalon.core.exception.StepFailedException: Unable to click on object 'Object Repository/OCS-DESKTOP/Cart flyout/Checkbox_I confirm that' (Root cause: org.openqa.selenium.ElementNotVisibleException: element not interactable
  (Session info: chrome=75.0.3770.100)
  (Driver info: chromedriver=2.43.600229 (3fae4d0cda5334b4f533bede5a4787f7b832d052),platform=Mac OS X 10.13.6 x86_64) (WARNING: The server did not provide any stacktrace information)
Command duration or timeout: 0 milliseconds
Build info: version: '3.7.1', revision: '8a0099a', time: '2017-11-06T21:07:36.161Z'
System info: host: 'sumans-MacBook-Pro.local', ip: 'fe80:0:0:0:143c:9c68:90ad:a50%en0', os.name: 'Mac OS X', os.arch: 'x86_64', os.version: '10.13.6', java.version: '1.8.0_181'
Driver info: com.kms.katalon.selenium.driver.CChromeDriver
Capabilities {acceptInsecureCerts: false, acceptSslCerts: false, applicationCacheEnabled: false, browserConnectionEnabled: false, browserName: chrome, chrome: {chromedriverVersion: 2.43.600229 (3fae4d0cda5334..., userDataDir: /var/folders/1t/c55l8xzs6gq...}, cssSelectorsEnabled: true, databaseEnabled: false, goog:chromeOptions: {debuggerAddress: localhost:64515}, handlesAlerts: true, hasTouchScreen: false, javascriptEnabled: true, locationContextEnabled: true, mobileEmulationEnabled: false, nativeEvents: true, networkConnectionEnabled: false, pageLoadStrategy: normal, platform: MAC, platformName: MAC, rotatable: false, setWindowRect: true, takesHeapSnapshot: true, takesScreenshot: true, unexpectedAlertBehaviour: , unhandledPromptBehavior: , version: 75.0.3770.100, webStorageEnabled: true}
Session ID: e91f77a09950db9dfafc4e3e000c1be1)
	at com.kms.katalon.core.keyword.internal.KeywordMain.stepFailed(KeywordMain.groovy:36)
	at com.kms.katalon.core.webui.keyword.internal.WebUIKeywordMain.stepFailed(WebUIKeywordMain.groovy:65)
	at com.kms.katalon.core.webui.keyword.internal.WebUIKeywordMain.runKeyword(WebUIKeywordMain.groovy:27)
	at com.kms.katalon.core.webui.keyword.builtin.ClickKeyword.click(ClickKeyword.groovy:86)
	at com.kms.katalon.core.webui.keyword.builtin.ClickKeyword.execute(ClickKeyword.groovy:67)
	at com.kms.katalon.core.keyword.internal.KeywordExecutor.executeKeywordForPlatform(KeywordExecutor.groovy:53)
	at com.kms.katalon.core.webui.keyword.WebUiBuiltInKeywords.click(WebUiBuiltInKeywords.groovy:616)
	at com.kms.katalon.core.webui.keyword.WebUiBuiltInKeywords$click$4.call(Unknown Source)
	at Checkout-Payment - fr.run(Checkout-Payment - fr:61)
	at com.kms.katalon.core.main.ScriptEngine.run(ScriptEngine.java:194)
	at com.kms.katalon.core.main.ScriptEngine.runScriptAsRawText(ScriptEngine.java:119)
	at com.kms.katalon.core.main.TestCaseExecutor.runScript(TestCaseExecutor.java:328)
	at com.kms.katalon.core.main.TestCaseExecutor.doExecute(TestCaseExecutor.java:319)
	at com.kms.katalon.core.main.TestCaseExecutor.processExecutionPhase(TestCaseExecutor.java:298)
	at com.kms.katalon.core.main.TestCaseExecutor.accessMainPhase(TestCaseExecutor.java:290)
	at com.kms.katalon.core.main.TestCaseExecutor.execute(TestCaseExecutor.java:224)
	at com.kms.katalon.core.main.TestSuiteExecutor.accessTestCaseMainPhase(TestSuiteExecutor.java:129)
	at com.kms.katalon.core.main.TestSuiteExecutor.accessTestSuiteMainPhase(TestSuiteExecutor.java:112)
	at com.kms.katalon.core.main.TestSuiteExecutor.execute(TestSuiteExecutor.java:81)
	at com.kms.katalon.core.main.TestCaseMain.startTestSuite(TestCaseMain.java:149)
	at com.kms.katalon.core.main.TestCaseMain$startTestSuite$0.call(Unknown Source)
	at TempTestSuite1563212133201.run(TempTestSuite1563212133201.groovy:36)


2019-07-15 13:56:53 - [MESSAGE][FAILED] - Unable to click on object 'Object Repository/OCS-DESKTOP/Cart flyout/Checkbox_I confirm that' (Root cause: org.openqa.selenium.ElementNotVisibleException: element not interactable
  (Session info: chrome=75.0.3770.100)
  (Driver info: chromedriver=2.43.600229 (3fae4d0cda5334b4f533bede5a4787f7b832d052),platform=Mac OS X 10.13.6 x86_64) (WARNING: The server did not provide any stacktrace information)
Command duration or timeout: 0 milliseconds
Build info: version: '3.7.1', revision: '8a0099a', time: '2017-11-06T21:07:36.161Z'
System info: host: 'sumans-MacBook-Pro.local', ip: 'fe80:0:0:0:143c:9c68:90ad:a50%en0', os.name: 'Mac OS X', os.arch: 'x86_64', os.version: '10.13.6', java.version: '1.8.0_181'
Driver info: com.kms.katalon.selenium.driver.CChromeDriver
Capabilities {acceptInsecureCerts: false, acceptSslCerts: false, applicationCacheEnabled: false, browserConnectionEnabled: false, browserName: chrome, chrome: {chromedriverVersion: 2.43.600229 (3fae4d0cda5334..., userDataDir: /var/folders/1t/c55l8xzs6gq...}, cssSelectorsEnabled: true, databaseEnabled: false, goog:chromeOptions: {debuggerAddress: localhost:64515}, handlesAlerts: true, hasTouchScreen: false, javascriptEnabled: true, locationContextEnabled: true, mobileEmulationEnabled: false, nativeEvents: true, networkConnectionEnabled: false, pageLoadStrategy: normal, platform: MAC, platformName: MAC, rotatable: false, setWindowRect: true, takesHeapSnapshot: true, takesScreenshot: true, unexpectedAlertBehaviour: , unhandledPromptBehavior: , version: 75.0.3770.100, webStorageEnabled: true}
Session ID: e91f77a09950db9dfafc4e3e000c1be1)
[[ATTACHMENT|/Users/sumankompelly/git/OCS--Relative-xpath-Desktop/Reports/Suite - Chrome/20190715_133533/1563213412593.png]]

2019-07-15 13:56:53 - [MESSAGE][FAILED] - click(findTestObject("OCS-DESKTOP/Cart flyout/Checkbox_I confirm that")) FAILED.
Reason:
com.kms.katalon.core.exception.StepFailedException: Unable to click on object 'Object Repository/OCS-DESKTOP/Cart flyout/Checkbox_I confirm that' (Root cause: org.openqa.selenium.ElementNotVisibleException: element not interactable
  (Session info: chrome=75.0.3770.100)
  (Driver info: chromedriver=2.43.600229 (3fae4d0cda5334b4f533bede5a4787f7b832d052),platform=Mac OS X 10.13.6 x86_64) (WARNING: The server did not provide any stacktrace information)
Command duration or timeout: 0 milliseconds
Build info: version: '3.7.1', revision: '8a0099a', time: '2017-11-06T21:07:36.161Z'
System info: host: 'sumans-MacBook-Pro.local', ip: 'fe80:0:0:0:143c:9c68:90ad:a50%en0', os.name: 'Mac OS X', os.arch: 'x86_64', os.version: '10.13.6', java.version: '1.8.0_181'
Driver info: com.kms.katalon.selenium.driver.CChromeDriver
Capabilities {acceptInsecureCerts: false, acceptSslCerts: false, applicationCacheEnabled: false, browserConnectionEnabled: false, browserName: chrome, chrome: {chromedriverVersion: 2.43.600229 (3fae4d0cda5334..., userDataDir: /var/folders/1t/c55l8xzs6gq...}, cssSelectorsEnabled: true, databaseEnabled: false, goog:chromeOptions: {debuggerAddress: localhost:64515}, handlesAlerts: true, hasTouchScreen: false, javascriptEnabled: true, locationContextEnabled: true, mobileEmulationEnabled: false, nativeEvents: true, networkConnectionEnabled: false, pageLoadStrategy: normal, platform: MAC, platformName: MAC, rotatable: false, setWindowRect: true, takesHeapSnapshot: true, takesScreenshot: true, unexpectedAlertBehaviour: , unhandledPromptBehavior: , version: 75.0.3770.100, webStorageEnabled: true}
Session ID: e91f77a09950db9dfafc4e3e000c1be1)
	at com.kms.katalon.core.keyword.internal.KeywordMain.stepFailed(KeywordMain.groovy:36)
	at com.kms.katalon.core.webui.keyword.internal.WebUIKeywordMain.stepFailed(WebUIKeywordMain.groovy:65)
	at com.kms.katalon.core.webui.keyword.internal.WebUIKeywordMain.runKeyword(WebUIKeywordMain.groovy:27)
	at com.kms.katalon.core.webui.keyword.builtin.ClickKeyword.click(ClickKeyword.groovy:86)
	at com.kms.katalon.core.webui.keyword.builtin.ClickKeyword.execute(ClickKeyword.groovy:67)
	at com.kms.katalon.core.keyword.internal.KeywordExecutor.executeKeywordForPlatform(KeywordExecutor.groovy:53)
	at com.kms.katalon.core.webui.keyword.WebUiBuiltInKeywords.click(WebUiBuiltInKeywords.groovy:616)
	at com.kms.katalon.core.webui.keyword.WebUiBuiltInKeywords$click$4.call(Unknown Source)
	at Checkout-Payment - fr.run(Checkout-Payment - fr:61)
	at com.kms.katalon.core.main.ScriptEngine.run(ScriptEngine.java:194)
	at com.kms.katalon.core.main.ScriptEngine.runScriptAsRawText(ScriptEngine.java:119)
	at com.kms.katalon.core.main.TestCaseExecutor.runScript(TestCaseExecutor.java:328)
	at com.kms.katalon.core.main.TestCaseExecutor.doExecute(TestCaseExecutor.java:319)
	at com.kms.katalon.core.main.TestCaseExecutor.processExecutionPhase(TestCaseExecutor.java:298)
	at com.kms.katalon.core.main.TestCaseExecutor.accessMainPhase(TestCaseExecutor.java:290)
	at com.kms.katalon.core.main.TestCaseExecutor.execute(TestCaseExecutor.java:224)
	at com.kms.katalon.core.main.TestSuiteExecutor.accessTestCaseMainPhase(TestSuiteExecutor.java:129)
	at com.kms.katalon.core.main.TestSuiteExecutor.accessTestSuiteMainPhase(TestSuiteExecutor.java:112)
	at com.kms.katalon.core.main.TestSuiteExecutor.execute(TestSuiteExecutor.java:81)
	at com.kms.katalon.core.main.TestCaseMain.startTestSuite(TestCaseMain.java:149)
	at com.kms.katalon.core.main.TestCaseMain$startTestSuite$0.call(Unknown Source)
	at TempTestSuite1563212133201.run(TempTestSuite1563212133201.groovy:36)]]></system-out>
         <system-err><![CDATA[2019-07-15 13:56:01 - [TEST_CASE][FAILED] - Test Cases/OCS - DESKTOP/OCS- CRITICAL PATH - FRENCH/Checkout-Payment - fr: Test Cases/OCS - DESKTOP/OCS- CRITICAL PATH - FRENCH/Checkout-Payment - fr FAILED.
Reason:
com.kms.katalon.core.exception.StepFailedException: Unable to click on object 'Object Repository/OCS-DESKTOP/Cart flyout/Checkbox_I confirm that' (Root cause: org.openqa.selenium.ElementNotVisibleException: element not interactable
  (Session info: chrome=75.0.3770.100)
  (Driver info: chromedriver=2.43.600229 (3fae4d0cda5334b4f533bede5a4787f7b832d052),platform=Mac OS X 10.13.6 x86_64) (WARNING: The server did not provide any stacktrace information)
Command duration or timeout: 0 milliseconds
Build info: version: '3.7.1', revision: '8a0099a', time: '2017-11-06T21:07:36.161Z'
System info: host: 'sumans-MacBook-Pro.local', ip: 'fe80:0:0:0:143c:9c68:90ad:a50%en0', os.name: 'Mac OS X', os.arch: 'x86_64', os.version: '10.13.6', java.version: '1.8.0_181'
Driver info: com.kms.katalon.selenium.driver.CChromeDriver
Capabilities {acceptInsecureCerts: false, acceptSslCerts: false, applicationCacheEnabled: false, browserConnectionEnabled: false, browserName: chrome, chrome: {chromedriverVersion: 2.43.600229 (3fae4d0cda5334..., userDataDir: /var/folders/1t/c55l8xzs6gq...}, cssSelectorsEnabled: true, databaseEnabled: false, goog:chromeOptions: {debuggerAddress: localhost:64515}, handlesAlerts: true, hasTouchScreen: false, javascriptEnabled: true, locationContextEnabled: true, mobileEmulationEnabled: false, nativeEvents: true, networkConnectionEnabled: false, pageLoadStrategy: normal, platform: MAC, platformName: MAC, rotatable: false, setWindowRect: true, takesHeapSnapshot: true, takesScreenshot: true, unexpectedAlertBehaviour: , unhandledPromptBehavior: , version: 75.0.3770.100, webStorageEnabled: true}
Session ID: e91f77a09950db9dfafc4e3e000c1be1)
	at com.kms.katalon.core.keyword.internal.KeywordMain.stepFailed(KeywordMain.groovy:36)
	at com.kms.katalon.core.webui.keyword.internal.WebUIKeywordMain.stepFailed(WebUIKeywordMain.groovy:65)
	at com.kms.katalon.core.webui.keyword.internal.WebUIKeywordMain.runKeyword(WebUIKeywordMain.groovy:27)
	at com.kms.katalon.core.webui.keyword.builtin.ClickKeyword.click(ClickKeyword.groovy:86)
	at com.kms.katalon.core.webui.keyword.builtin.ClickKeyword.execute(ClickKeyword.groovy:67)
	at com.kms.katalon.core.keyword.internal.KeywordExecutor.executeKeywordForPlatform(KeywordExecutor.groovy:53)
	at com.kms.katalon.core.webui.keyword.WebUiBuiltInKeywords.click(WebUiBuiltInKeywords.groovy:616)
	at com.kms.katalon.core.webui.keyword.WebUiBuiltInKeywords$click$4.call(Unknown Source)
	at Checkout-Payment - fr.run(Checkout-Payment - fr:61)
	at com.kms.katalon.core.main.ScriptEngine.run(ScriptEngine.java:194)
	at com.kms.katalon.core.main.ScriptEngine.runScriptAsRawText(ScriptEngine.java:119)
	at com.kms.katalon.core.main.TestCaseExecutor.runScript(TestCaseExecutor.java:328)
	at com.kms.katalon.core.main.TestCaseExecutor.doExecute(TestCaseExecutor.java:319)
	at com.kms.katalon.core.main.TestCaseExecutor.processExecutionPhase(TestCaseExecutor.java:298)
	at com.kms.katalon.core.main.TestCaseExecutor.accessMainPhase(TestCaseExecutor.java:290)
	at com.kms.katalon.core.main.TestCaseExecutor.execute(TestCaseExecutor.java:224)
	at com.kms.katalon.core.main.TestSuiteExecutor.accessTestCaseMainPhase(TestSuiteExecutor.java:129)
	at com.kms.katalon.core.main.TestSuiteExecutor.accessTestSuiteMainPhase(TestSuiteExecutor.java:112)
	at com.kms.katalon.core.main.TestSuiteExecutor.execute(TestSuiteExecutor.java:81)
	at com.kms.katalon.core.main.TestCaseMain.startTestSuite(TestCaseMain.java:149)
	at com.kms.katalon.core.main.TestCaseMain$startTestSuite$0.call(Unknown Source)
	at TempTestSuite1563212133201.run(TempTestSuite1563212133201.groovy:36)]]></system-err>
      </testcase>
      <testcase name="Test Cases/OCS - DESKTOP/OCS- CRITICAL PATH - FRENCH/Cart flyout - increase qty -fr" classname="Test Cases/OCS - DESKTOP/OCS- CRITICAL PATH - FRENCH/Cart flyout - increase qty -fr" status="PASSED">
         <system-out><![CDATA[2019-07-15 13:56:53 - [TEST_CASE][PASSED] - Test Cases/OCS - DESKTOP/OCS- CRITICAL PATH - FRENCH/Cart flyout - increase qty -fr: Test Cases/OCS - DESKTOP/OCS- CRITICAL PATH - FRENCH/Cart flyout - increase qty -fr

2019-07-15 13:56:53 - [TEST_STEP][PASSED] - callTestCase(findTestCase("OCS - DESKTOP/CALL- Age gate"), [:], STOP_ON_FAILURE): Call Test Case 'Test Cases/OCS - DESKTOP/CALL- Age gate' successfully

2019-07-15 13:56:53 - [TEST_CASE][PASSED] - Test Cases/OCS - DESKTOP/CALL- Age gate: Test Cases/OCS - DESKTOP/CALL- Age gate

2019-07-15 13:56:53 - [TEST_STEP][PASSED] - openBrowser(""): Browser is opened with url: ''

2019-07-15 13:56:53 - [MESSAGE][WARNING] - A browser is already opened. Closing browser and opening a new one

2019-07-15 13:56:53 - [MESSAGE][INFO] - Starting 'Chrome' driver

2019-07-15 13:56:55 - [MESSAGE][PASSED] - Browser is opened with url: ''

2019-07-15 13:56:55 - [TEST_STEP][PASSED] - navigateToUrl("https://ocs.ca/?fts=0&preview_theme_id=74205529932"): Navigate to 'https://ocs.ca/?fts=0&preview_theme_id=74205529932' successfully

2019-07-15 13:57:01 - [MESSAGE][PASSED] - Navigate to 'https://ocs.ca/?fts=0&preview_theme_id=74205529932' successfully

2019-07-15 13:57:01 - [TEST_STEP][PASSED] - maximizeWindow(): Current window maximized

2019-07-15 13:57:01 - [MESSAGE][PASSED] - Current window maximized

2019-07-15 13:57:01 - [TEST_STEP][PASSED] - delay(2): Delayed 2 second(s)

2019-07-15 13:57:03 - [MESSAGE][PASSED] - Delayed 2 second(s)

2019-07-15 13:57:03 - [TEST_STEP][PASSED] - executeJavaScript("var previewBar = document.getElementById("preview-bar-iframe"); previewBar.style.display = "none";", []): Execute JavaScript 'var previewBar = document.getElementById("preview-bar-iframe"); previewBar.style.display = "none";' successfully

2019-07-15 13:57:03 - [MESSAGE][PASSED] - Execute JavaScript 'var previewBar = document.getElementById("preview-bar-iframe"); previewBar.style.display = "none";' successfully

2019-07-15 13:57:03 - [TEST_STEP][PASSED] - selectOptionByValue(findTestObject("OCS-DESKTOP/Age gate and Mega menu/Date"), "12", true): All options with value '12' are selected in object 'Object Repository/OCS-DESKTOP/Age gate and Mega menu/Date'  using regular expression

2019-07-15 13:57:03 - [MESSAGE][PASSED] - All options with value '12' are selected in object 'Object Repository/OCS-DESKTOP/Age gate and Mega menu/Date'  using regular expression

2019-07-15 13:57:03 - [TEST_STEP][PASSED] - selectOptionByValue(findTestObject("OCS-DESKTOP/Age gate and Mega menu/month"), "6", true): All options with value '6' are selected in object 'Object Repository/OCS-DESKTOP/Age gate and Mega menu/month'  using regular expression

2019-07-15 13:57:03 - [MESSAGE][PASSED] - All options with value '6' are selected in object 'Object Repository/OCS-DESKTOP/Age gate and Mega menu/month'  using regular expression

2019-07-15 13:57:03 - [TEST_STEP][PASSED] - delay(2): Delayed 2 second(s)

2019-07-15 13:57:05 - [MESSAGE][PASSED] - Delayed 2 second(s)

2019-07-15 13:57:05 - [TEST_STEP][PASSED] - selectOptionByValue(findTestObject("OCS-DESKTOP/Age gate and Mega menu/Year Dropdown"), "1990", true): All options with value '1990' are selected in object 'Object Repository/OCS-DESKTOP/Age gate and Mega menu/Year Dropdown'  using regular expression

2019-07-15 13:57:07 - [MESSAGE][PASSED] - All options with value '1990' are selected in object 'Object Repository/OCS-DESKTOP/Age gate and Mega menu/Year Dropdown'  using regular expression

2019-07-15 13:57:07 - [TEST_STEP][PASSED] - click(findTestObject("OCS-DESKTOP/Age gate and Mega menu/button_Verify")): Object: 'Object Repository/OCS-DESKTOP/Age gate and Mega menu/button_Verify' is clicked on

2019-07-15 13:57:07 - [MESSAGE][PASSED] - Object: 'Object Repository/OCS-DESKTOP/Age gate and Mega menu/button_Verify' is clicked on

2019-07-15 13:57:07 - [TEST_STEP][PASSED] - click(findTestObject("OCS-DESKTOP/Age gate and Mega menu/Checkbox_CONFIRM AND ACKNOWLEDGE")): Object: 'Object Repository/OCS-DESKTOP/Age gate and Mega menu/Checkbox_CONFIRM AND ACKNOWLEDGE' is clicked on

2019-07-15 13:57:07 - [MESSAGE][PASSED] - Object: 'Object Repository/OCS-DESKTOP/Age gate and Mega menu/Checkbox_CONFIRM AND ACKNOWLEDGE' is clicked on

2019-07-15 13:57:07 - [TEST_STEP][PASSED] - click(findTestObject("OCS-DESKTOP/Age gate and Mega menu/button_CONFIRM")): Object: 'Object Repository/OCS-DESKTOP/Age gate and Mega menu/button_CONFIRM' is clicked on

2019-07-15 13:57:07 - [MESSAGE][PASSED] - Object: 'Object Repository/OCS-DESKTOP/Age gate and Mega menu/button_CONFIRM' is clicked on

2019-07-15 13:57:07 - [TEST_STEP][PASSED] - click(findTestObject("OCS-DESKTOP/Age gate and Mega menu/button_Start Browsing")): Object: 'Object Repository/OCS-DESKTOP/Age gate and Mega menu/button_Start Browsing' is clicked on

2019-07-15 13:57:07 - [MESSAGE][PASSED] - Object: 'Object Repository/OCS-DESKTOP/Age gate and Mega menu/button_Start Browsing' is clicked on

2019-07-15 13:57:07 - [TEST_STEP][PASSED] - delay(2): Delayed 2 second(s)

2019-07-15 13:57:09 - [MESSAGE][PASSED] - Delayed 2 second(s)

2019-07-15 13:57:09 - [TEST_STEP][PASSED] - refresh(): Refresh successfully

2019-07-15 13:57:09 - [MESSAGE][PASSED] - Refresh successfully

2019-07-15 13:57:09 - [MESSAGE][PASSED] - Call Test Case 'Test Cases/OCS - DESKTOP/CALL- Age gate' successfully

2019-07-15 13:57:09 - [TEST_STEP][PASSED] - delay(2): Delayed 2 second(s)

2019-07-15 13:57:11 - [MESSAGE][PASSED] - Delayed 2 second(s)

2019-07-15 13:57:11 - [TEST_STEP][PASSED] - callTestCase(findTestCase("OCS - DESKTOP/CALL - TOGGLING LANGUAGE"), [:], STOP_ON_FAILURE): Call Test Case 'Test Cases/OCS - DESKTOP/CALL - TOGGLING LANGUAGE' successfully

2019-07-15 13:57:11 - [TEST_CASE][PASSED] - Test Cases/OCS - DESKTOP/CALL - TOGGLING LANGUAGE: Test Cases/OCS - DESKTOP/CALL - TOGGLING LANGUAGE

2019-07-15 13:57:11 - [TEST_STEP][PASSED] - delay(2): Delayed 2 second(s)

2019-07-15 13:57:13 - [MESSAGE][PASSED] - Delayed 2 second(s)

2019-07-15 13:57:13 - [TEST_STEP][PASSED] - click(findTestObject("OCS-DESKTOP/Cart flyout/English dropdown")): Object: 'Object Repository/OCS-DESKTOP/Cart flyout/English dropdown' is clicked on

2019-07-15 13:57:13 - [MESSAGE][PASSED] - Object: 'Object Repository/OCS-DESKTOP/Cart flyout/English dropdown' is clicked on

2019-07-15 13:57:13 - [TEST_STEP][PASSED] - delay(2): Delayed 2 second(s)

2019-07-15 13:57:15 - [MESSAGE][PASSED] - Delayed 2 second(s)

2019-07-15 13:57:15 - [TEST_STEP][PASSED] - click(findTestObject("OCS-DESKTOP/Cart flyout/Select French")): Object: 'Object Repository/OCS-DESKTOP/Cart flyout/Select French' is clicked on

2019-07-15 13:57:15 - [MESSAGE][PASSED] - Object: 'Object Repository/OCS-DESKTOP/Cart flyout/Select French' is clicked on

2019-07-15 13:57:15 - [TEST_STEP][PASSED] - delay(5): Delayed 5 second(s)

2019-07-15 13:57:20 - [MESSAGE][PASSED] - Delayed 5 second(s)

2019-07-15 13:57:20 - [TEST_STEP][PASSED] - e = getWindowTitle(): Current window's title is: 'Magasin de Cannabis de l'Ontario | Ontario Cannabis Store'

2019-07-15 13:57:21 - [MESSAGE][PASSED] - Current window's title is: 'Magasin de Cannabis de l'Ontario | Ontario Cannabis Store'

2019-07-15 13:57:21 - [MESSAGE][PASSED] - Call Test Case 'Test Cases/OCS - DESKTOP/CALL - TOGGLING LANGUAGE' successfully

2019-07-15 13:57:21 - [TEST_STEP][PASSED] - click(findTestObject("OCS-DESKTOP/Age gate and Mega menu/Header/CANNABIS menu - English")): Object: 'Object Repository/OCS-DESKTOP/Age gate and Mega menu/Header/CANNABIS menu - English' is clicked on

2019-07-15 13:57:21 - [MESSAGE][PASSED] - Object: 'Object Repository/OCS-DESKTOP/Age gate and Mega menu/Header/CANNABIS menu - English' is clicked on

2019-07-15 13:57:21 - [TEST_STEP][PASSED] - delay(2): Delayed 2 second(s)

2019-07-15 13:57:23 - [MESSAGE][PASSED] - Delayed 2 second(s)

2019-07-15 13:57:23 - [TEST_STEP][PASSED] - executeJavaScript("var previewBar = document.getElementById("preview-bar-iframe"); previewBar.style.display = "none";", []): Execute JavaScript 'var previewBar = document.getElementById("preview-bar-iframe"); previewBar.style.display = "none";' successfully

2019-07-15 13:57:23 - [MESSAGE][PASSED] - Execute JavaScript 'var previewBar = document.getElementById("preview-bar-iframe"); previewBar.style.display = "none";' successfully

2019-07-15 13:57:23 - [TEST_STEP][PASSED] - click(findTestObject("OCS-DESKTOP/Age gate and Mega menu/Indica Dominant_Menu item")): Object: 'Object Repository/OCS-DESKTOP/Age gate and Mega menu/Indica Dominant_Menu item' is clicked on

2019-07-15 13:57:26 - [MESSAGE][PASSED] - Object: 'Object Repository/OCS-DESKTOP/Age gate and Mega menu/Indica Dominant_Menu item' is clicked on

2019-07-15 13:57:26 - [TEST_STEP][PASSED] - executeJavaScript("var previewBar = document.getElementById("preview-bar-iframe"); previewBar.style.display = "none";", []): Execute JavaScript 'var previewBar = document.getElementById("preview-bar-iframe"); previewBar.style.display = "none";' successfully

2019-07-15 13:57:26 - [MESSAGE][PASSED] - Execute JavaScript 'var previewBar = document.getElementById("preview-bar-iframe"); previewBar.style.display = "none";' successfully

2019-07-15 13:57:26 - [TEST_STEP][PASSED] - delay(2): Delayed 2 second(s)

2019-07-15 13:57:28 - [MESSAGE][PASSED] - Delayed 2 second(s)

2019-07-15 13:57:28 - [TEST_STEP][PASSED] - click(findTestObject("FRENCH/Product image - 1st one")): Object: 'Object Repository/FRENCH/Product image - 1st one' is clicked on

2019-07-15 13:57:32 - [MESSAGE][PASSED] - Object: 'Object Repository/FRENCH/Product image - 1st one' is clicked on

2019-07-15 13:57:32 - [TEST_STEP][PASSED] - executeJavaScript("var previewBar = document.getElementById("preview-bar-iframe"); previewBar.style.display = "none";", []): Execute JavaScript 'var previewBar = document.getElementById("preview-bar-iframe"); previewBar.style.display = "none";' successfully

2019-07-15 13:57:32 - [MESSAGE][PASSED] - Execute JavaScript 'var previewBar = document.getElementById("preview-bar-iframe"); previewBar.style.display = "none";' successfully

2019-07-15 13:57:32 - [TEST_STEP][PASSED] - delay(3): Delayed 3 second(s)

2019-07-15 13:57:35 - [MESSAGE][PASSED] - Delayed 3 second(s)

2019-07-15 13:57:35 - [TEST_STEP][PASSED] - click(findTestObject("OCS-DESKTOP/Product page/Swatch_1g")): Object: 'Object Repository/OCS-DESKTOP/Product page/Swatch_1g' is clicked on

2019-07-15 13:57:35 - [MESSAGE][PASSED] - Object: 'Object Repository/OCS-DESKTOP/Product page/Swatch_1g' is clicked on

2019-07-15 13:57:35 - [TEST_STEP][PASSED] - delay(2): Delayed 2 second(s)

2019-07-15 13:57:37 - [MESSAGE][PASSED] - Delayed 2 second(s)

2019-07-15 13:57:37 - [TEST_STEP][PASSED] - click(findTestObject("OCS-DESKTOP/Product page/Add to Bag-button")): Object: 'Object Repository/OCS-DESKTOP/Product page/Add to Bag-button' is clicked on

2019-07-15 13:57:37 - [MESSAGE][PASSED] - Object: 'Object Repository/OCS-DESKTOP/Product page/Add to Bag-button' is clicked on

2019-07-15 13:57:37 - [TEST_STEP][PASSED] - delay(2): Delayed 2 second(s)

2019-07-15 13:57:39 - [MESSAGE][PASSED] - Delayed 2 second(s)

2019-07-15 13:57:39 - [TEST_STEP][PASSED] - click(findTestObject("OCS-DESKTOP/Product page/Quantity Increase - Button")): Object: 'Object Repository/OCS-DESKTOP/Product page/Quantity Increase - Button' is clicked on

2019-07-15 13:57:39 - [MESSAGE][PASSED] - Object: 'Object Repository/OCS-DESKTOP/Product page/Quantity Increase - Button' is clicked on

2019-07-15 13:57:39 - [TEST_STEP][PASSED] - delay(2): Delayed 2 second(s)

2019-07-15 13:57:41 - [MESSAGE][PASSED] - Delayed 2 second(s)

2019-07-15 13:57:41 - [TEST_STEP][PASSED] - click(findTestObject("OCS-DESKTOP/Home - page/Cart icon -bag"), OPTIONAL): Object: 'Object Repository/OCS-DESKTOP/Home - page/Cart icon -bag' is clicked on

2019-07-15 13:57:41 - [MESSAGE][PASSED] - Object: 'Object Repository/OCS-DESKTOP/Home - page/Cart icon -bag' is clicked on

2019-07-15 13:57:41 - [TEST_STEP][PASSED] - delay(2): Delayed 2 second(s)

2019-07-15 13:57:43 - [MESSAGE][PASSED] - Delayed 2 second(s)

2019-07-15 13:57:43 - [TEST_STEP][PASSED] - a = getText(findTestObject("OCS-DESKTOP/Cart flyout/Unit price - Product")): Text of object 'Object Repository/OCS-DESKTOP/Cart flyout/Unit price - Product' is: '10,50 $'

2019-07-15 13:57:43 - [MESSAGE][PASSED] - Text of object 'Object Repository/OCS-DESKTOP/Cart flyout/Unit price - Product' is: '10,50 $'

2019-07-15 13:57:43 - [TEST_STEP][PASSED] - comment(a): 10,50 $

2019-07-15 13:57:43 - [MESSAGE][INFO] - 10,50 $

2019-07-15 13:57:43 - [TEST_STEP][PASSED] - b = a.substring(1): null

2019-07-15 13:57:43 - [TEST_STEP][PASSED] - comment(b): 0,50 $

2019-07-15 13:57:43 - [MESSAGE][INFO] - 0,50 $

2019-07-15 13:57:43 - [TEST_STEP][PASSED] - la = b.substring(0, b.length() - 1): null

2019-07-15 13:57:43 - [TEST_STEP][PASSED] - comment("la=" + la): la=0,50 

2019-07-15 13:57:43 - [MESSAGE][INFO] - la=0,50 

2019-07-15 13:57:43 - [TEST_STEP][PASSED] - la1 = la.substring(0, la.length() - 1): null

2019-07-15 13:57:43 - [TEST_STEP][PASSED] - comment(" la1 =" + la1):  la1 =0,50

2019-07-15 13:57:43 - [MESSAGE][INFO] -  la1 =0,50

2019-07-15 13:57:43 - [TEST_STEP][PASSED] - la2 = la1.substring(0, la1.length() - 1): null

2019-07-15 13:57:43 - [TEST_STEP][PASSED] - comment("la2 =" + la2): la2 =0,5

2019-07-15 13:57:43 - [MESSAGE][INFO] - la2 =0,5

2019-07-15 13:57:43 - [TEST_STEP][PASSED] - click(findTestObject("OCS-DESKTOP/Cart flyout/input_-_updates")): Object: 'Object Repository/OCS-DESKTOP/Cart flyout/input_-_updates' is clicked on

2019-07-15 13:57:44 - [MESSAGE][PASSED] - Object: 'Object Repository/OCS-DESKTOP/Cart flyout/input_-_updates' is clicked on

2019-07-15 13:57:44 - [TEST_STEP][PASSED] - delay(1): Delayed 1 second(s)

2019-07-15 13:57:45 - [MESSAGE][PASSED] - Delayed 1 second(s)

2019-07-15 13:57:45 - [TEST_STEP][PASSED] - doubleClick(findTestObject("OCS-DESKTOP/Cart flyout/input_-_updates")): Object: 'Object Repository/OCS-DESKTOP/Cart flyout/input_-_updates' is double clicked on

2019-07-15 13:57:45 - [MESSAGE][PASSED] - Object: 'Object Repository/OCS-DESKTOP/Cart flyout/input_-_updates' is double clicked on

2019-07-15 13:57:45 - [TEST_STEP][PASSED] - delay(1): Delayed 1 second(s)

2019-07-15 13:57:46 - [MESSAGE][PASSED] - Delayed 1 second(s)

2019-07-15 13:57:46 - [TEST_STEP][PASSED] - setText(findTestObject("OCS-DESKTOP/Cart flyout/input_-_updates"), "3"): Text '3' is set on object 'Object Repository/OCS-DESKTOP/Cart flyout/input_-_updates'

2019-07-15 13:57:46 - [MESSAGE][PASSED] - Text '3' is set on object 'Object Repository/OCS-DESKTOP/Cart flyout/input_-_updates'

2019-07-15 13:57:46 - [TEST_STEP][PASSED] - delay(2): Delayed 2 second(s)

2019-07-15 13:57:48 - [MESSAGE][PASSED] - Delayed 2 second(s)

2019-07-15 13:57:48 - [TEST_STEP][PASSED] - click(findTestObject("OCS-DESKTOP/Cart flyout/Quantity increase - Product")): Object: 'Object Repository/OCS-DESKTOP/Cart flyout/Quantity increase - Product' is clicked on

2019-07-15 13:57:48 - [MESSAGE][PASSED] - Object: 'Object Repository/OCS-DESKTOP/Cart flyout/Quantity increase - Product' is clicked on

2019-07-15 13:57:48 - [TEST_STEP][PASSED] - delay(2): Delayed 2 second(s)

2019-07-15 13:57:50 - [MESSAGE][PASSED] - Delayed 2 second(s)

2019-07-15 13:57:50 - [TEST_STEP][PASSED] - click(findTestObject("OCS-DESKTOP/Cart flyout/Quantity increase - Product")): Object: 'Object Repository/OCS-DESKTOP/Cart flyout/Quantity increase - Product' is clicked on

2019-07-15 13:57:50 - [MESSAGE][PASSED] - Object: 'Object Repository/OCS-DESKTOP/Cart flyout/Quantity increase - Product' is clicked on

2019-07-15 13:57:50 - [TEST_STEP][PASSED] - delay(2): Delayed 2 second(s)

2019-07-15 13:57:52 - [MESSAGE][PASSED] - Delayed 2 second(s)

2019-07-15 13:57:52 - [TEST_STEP][PASSED] - click(findTestObject("OCS-DESKTOP/Cart flyout/Quantity increase - Product")): Object: 'Object Repository/OCS-DESKTOP/Cart flyout/Quantity increase - Product' is clicked on

2019-07-15 13:57:52 - [MESSAGE][PASSED] - Object: 'Object Repository/OCS-DESKTOP/Cart flyout/Quantity increase - Product' is clicked on

2019-07-15 13:57:52 - [TEST_STEP][PASSED] - delay(2): Delayed 2 second(s)

2019-07-15 13:57:54 - [MESSAGE][PASSED] - Delayed 2 second(s)

2019-07-15 13:57:54 - [TEST_STEP][PASSED] - c = getText(findTestObject("OCS-DESKTOP/Cart flyout/Sub-total Price")): Text of object 'Object Repository/OCS-DESKTOP/Cart flyout/Sub-total Price' is: '42,00 $'

2019-07-15 13:57:54 - [MESSAGE][PASSED] - Text of object 'Object Repository/OCS-DESKTOP/Cart flyout/Sub-total Price' is: '42,00 $'

2019-07-15 13:57:54 - [TEST_STEP][PASSED] - comment(c): 42,00 $

2019-07-15 13:57:54 - [MESSAGE][INFO] - 42,00 $

2019-07-15 13:57:54 - [TEST_STEP][PASSED] - d = c.substring(1): null

2019-07-15 13:57:54 - [TEST_STEP][PASSED] - comment(d): 2,00 $

2019-07-15 13:57:54 - [MESSAGE][INFO] - 2,00 $

2019-07-15 13:57:54 - [TEST_STEP][PASSED] - verifyNotEqual("c", "d"): Actual object 'c' and expected object 'd' are not equal

2019-07-15 13:57:54 - [MESSAGE][PASSED] - Actual object 'c' and expected object 'd' are not equal

2019-07-15 13:57:54 - [TEST_STEP][PASSED] - comment(" price changed . Quantity selector is working"):  price changed . Quantity selector is working

2019-07-15 13:57:54 - [MESSAGE][INFO] -  price changed . Quantity selector is working

2019-07-15 13:57:54 - [TEST_STEP][PASSED] - callTestCase(findTestCase("OCS - DESKTOP/CALL- SHIPPING TO PAYMENT"), [:], STOP_ON_FAILURE): Call Test Case 'Test Cases/OCS - DESKTOP/CALL- SHIPPING TO PAYMENT' successfully

2019-07-15 13:57:54 - [TEST_CASE][PASSED] - Test Cases/OCS - DESKTOP/CALL- SHIPPING TO PAYMENT: Test Cases/OCS - DESKTOP/CALL- SHIPPING TO PAYMENT

2019-07-15 13:57:54 - [TEST_STEP][PASSED] - delay(1): Delayed 1 second(s)

2019-07-15 13:57:55 - [MESSAGE][PASSED] - Delayed 1 second(s)

2019-07-15 13:57:55 - [TEST_STEP][PASSED] - click(findTestObject("OCS-DESKTOP/Cart flyout/Checkbox_I confirm that")): Object: 'Object Repository/OCS-DESKTOP/Cart flyout/Checkbox_I confirm that' is clicked on

2019-07-15 13:57:55 - [MESSAGE][PASSED] - Object: 'Object Repository/OCS-DESKTOP/Cart flyout/Checkbox_I confirm that' is clicked on

2019-07-15 13:57:55 - [TEST_STEP][PASSED] - delay(1): Delayed 1 second(s)

2019-07-15 13:57:56 - [MESSAGE][PASSED] - Delayed 1 second(s)

2019-07-15 13:57:56 - [TEST_STEP][PASSED] - click(findTestObject("OCS-DESKTOP/Cart flyout/Checkbox_Accept the Terms Condition")): Object: 'Object Repository/OCS-DESKTOP/Cart flyout/Checkbox_Accept the Terms Condition' is clicked on

2019-07-15 13:57:56 - [MESSAGE][PASSED] - Object: 'Object Repository/OCS-DESKTOP/Cart flyout/Checkbox_Accept the Terms Condition' is clicked on

2019-07-15 13:57:56 - [TEST_STEP][PASSED] - delay(1): Delayed 1 second(s)

2019-07-15 13:57:57 - [MESSAGE][PASSED] - Delayed 1 second(s)

2019-07-15 13:57:57 - [TEST_STEP][PASSED] - click(findTestObject("OCS-DESKTOP/Cart flyout/Checkout - Button")): Object: 'Object Repository/OCS-DESKTOP/Cart flyout/Checkout - Button' is clicked on

2019-07-15 13:58:00 - [MESSAGE][PASSED] - Object: 'Object Repository/OCS-DESKTOP/Cart flyout/Checkout - Button' is clicked on

2019-07-15 13:58:00 - [TEST_STEP][PASSED] - executeJavaScript("var previewBar = document.getElementById("preview-bar-iframe"); previewBar.style.display = "none";", []): Execute JavaScript 'var previewBar = document.getElementById("preview-bar-iframe"); previewBar.style.display = "none";' successfully

2019-07-15 13:58:00 - [MESSAGE][PASSED] - Execute JavaScript 'var previewBar = document.getElementById("preview-bar-iframe"); previewBar.style.display = "none";' successfully

2019-07-15 13:58:00 - [TEST_STEP][PASSED] - delay(2): Delayed 2 second(s)

2019-07-15 13:58:02 - [MESSAGE][PASSED] - Delayed 2 second(s)

2019-07-15 13:58:02 - [TEST_STEP][PASSED] - setText(findTestObject("Object Repository/Page_Ontario Cannabis Store - Infor/input_Adresse e-mail_checkoute"), "suman@gmail.com"): Text 'suman@gmail.com' is set on object 'Object Repository/Page_Ontario Cannabis Store - Infor/input_Adresse e-mail_checkoute'

2019-07-15 13:58:02 - [MESSAGE][PASSED] - Text 'suman@gmail.com' is set on object 'Object Repository/Page_Ontario Cannabis Store - Infor/input_Adresse e-mail_checkoute'

2019-07-15 13:58:02 - [TEST_STEP][PASSED] - setText(findTestObject("Object Repository/Page_Ontario Cannabis Store - Infor/input_Prnom_checkoutshipping_a"), "suman"): Text 'suman' is set on object 'Object Repository/Page_Ontario Cannabis Store - Infor/input_Prnom_checkoutshipping_a'

2019-07-15 13:58:03 - [MESSAGE][PASSED] - Text 'suman' is set on object 'Object Repository/Page_Ontario Cannabis Store - Infor/input_Prnom_checkoutshipping_a'

2019-07-15 13:58:03 - [TEST_STEP][PASSED] - setText(findTestObject("Object Repository/Page_Ontario Cannabis Store - Infor/input_Nom_checkoutshipping_add"), "kompelly"): Text 'kompelly' is set on object 'Object Repository/Page_Ontario Cannabis Store - Infor/input_Nom_checkoutshipping_add'

2019-07-15 13:58:03 - [MESSAGE][PASSED] - Text 'kompelly' is set on object 'Object Repository/Page_Ontario Cannabis Store - Infor/input_Nom_checkoutshipping_add'

2019-07-15 13:58:03 - [TEST_STEP][PASSED] - setText(findTestObject("Object Repository/Page_Ontario Cannabis Store - Infor/input_Adresse_checkoutshipping"), "123 test"): Text '123 test' is set on object 'Object Repository/Page_Ontario Cannabis Store - Infor/input_Adresse_checkoutshipping'

2019-07-15 13:58:03 - [MESSAGE][PASSED] - Text '123 test' is set on object 'Object Repository/Page_Ontario Cannabis Store - Infor/input_Adresse_checkoutshipping'

2019-07-15 13:58:03 - [TEST_STEP][PASSED] - setText(findTestObject("Object Repository/Page_Ontario Cannabis Store - Infor/input_Appartement suite etc. ("), "123"): Text '123' is set on object 'Object Repository/Page_Ontario Cannabis Store - Infor/input_Appartement suite etc. ('

2019-07-15 13:58:03 - [MESSAGE][PASSED] - Text '123' is set on object 'Object Repository/Page_Ontario Cannabis Store - Infor/input_Appartement suite etc. ('

2019-07-15 13:58:03 - [TEST_STEP][PASSED] - setText(findTestObject("Object Repository/Page_Ontario Cannabis Store - Infor/input_Ville_checkoutshipping_a"), "montreal"): Text 'montreal' is set on object 'Object Repository/Page_Ontario Cannabis Store - Infor/input_Ville_checkoutshipping_a'

2019-07-15 13:58:03 - [MESSAGE][PASSED] - Text 'montreal' is set on object 'Object Repository/Page_Ontario Cannabis Store - Infor/input_Ville_checkoutshipping_a'

2019-07-15 13:58:03 - [TEST_STEP][PASSED] - setText(findTestObject("Object Repository/Page_Ontario Cannabis Store - Infor/input_Code postal_checkoutship"), "n0r1k0"): Text 'n0r1k0' is set on object 'Object Repository/Page_Ontario Cannabis Store - Infor/input_Code postal_checkoutship'

2019-07-15 13:58:03 - [MESSAGE][PASSED] - Text 'n0r1k0' is set on object 'Object Repository/Page_Ontario Cannabis Store - Infor/input_Code postal_checkoutship'

2019-07-15 13:58:03 - [TEST_STEP][PASSED] - setText(findTestObject("Object Repository/Page_Ontario Cannabis Store - Infor/input_Tlphone_checkoutshipping"), "514-449-3883"): Text '514-449-3883' is set on object 'Object Repository/Page_Ontario Cannabis Store - Infor/input_Tlphone_checkoutshipping'

2019-07-15 13:58:04 - [MESSAGE][PASSED] - Text '514-449-3883' is set on object 'Object Repository/Page_Ontario Cannabis Store - Infor/input_Tlphone_checkoutshipping'

2019-07-15 13:58:04 - [TEST_STEP][PASSED] - delay(2): Delayed 2 second(s)

2019-07-15 13:58:06 - [MESSAGE][PASSED] - Delayed 2 second(s)

2019-07-15 13:58:06 - [TEST_STEP][PASSED] - click(findTestObject("Object Repository/Page_Ontario Cannabis Store - Infor/button_Continuer vers le mode")): Object: 'Object Repository/Page_Ontario Cannabis Store - Infor/button_Continuer vers le mode' is clicked on

2019-07-15 13:58:06 - [MESSAGE][PASSED] - Object: 'Object Repository/Page_Ontario Cannabis Store - Infor/button_Continuer vers le mode' is clicked on

2019-07-15 13:58:06 - [TEST_STEP][PASSED] - delay(4): Delayed 4 second(s)

2019-07-15 13:58:11 - [MESSAGE][PASSED] - Delayed 4 second(s)

2019-07-15 13:58:11 - [TEST_STEP][PASSED] - executeJavaScript("var previewBar = document.getElementById("preview-bar-iframe"); previewBar.style.display = "none";", []): Execute JavaScript 'var previewBar = document.getElementById("preview-bar-iframe"); previewBar.style.display = "none";' successfully

2019-07-15 13:58:11 - [MESSAGE][PASSED] - Execute JavaScript 'var previewBar = document.getElementById("preview-bar-iframe"); previewBar.style.display = "none";' successfully

2019-07-15 13:58:11 - [TEST_STEP][PASSED] - delay(2): Delayed 2 second(s)

2019-07-15 13:58:13 - [MESSAGE][PASSED] - Delayed 2 second(s)

2019-07-15 13:58:13 - [TEST_STEP][PASSED] - click(findTestObject("Object Repository/Page_Ontario Cannabis Store - Livra/button_Continuer vers le moyen")): Object: 'Object Repository/Page_Ontario Cannabis Store - Livra/button_Continuer vers le moyen' is clicked on

2019-07-15 13:58:15 - [MESSAGE][PASSED] - Object: 'Object Repository/Page_Ontario Cannabis Store - Livra/button_Continuer vers le moyen' is clicked on

2019-07-15 13:58:15 - [MESSAGE][PASSED] - Call Test Case 'Test Cases/OCS - DESKTOP/CALL- SHIPPING TO PAYMENT' successfully]]></system-out>
         <system-err><![CDATA[]]></system-err>
      </testcase>
      <testcase name="Test Cases/OCS - DESKTOP/OCS- CRITICAL PATH - FRENCH/Cart flyout - Price comparison-fr" classname="Test Cases/OCS - DESKTOP/OCS- CRITICAL PATH - FRENCH/Cart flyout - Price comparison-fr" status="PASSED">
         <system-out><![CDATA[2019-07-15 13:58:15 - [TEST_CASE][PASSED] - Test Cases/OCS - DESKTOP/OCS- CRITICAL PATH - FRENCH/Cart flyout - Price comparison-fr: Test Cases/OCS - DESKTOP/OCS- CRITICAL PATH - FRENCH/Cart flyout - Price comparison-fr

2019-07-15 13:58:15 - [TEST_STEP][PASSED] - callTestCase(findTestCase("OCS - DESKTOP/CALL- Age gate"), [:], STOP_ON_FAILURE): Call Test Case 'Test Cases/OCS - DESKTOP/CALL- Age gate' successfully

2019-07-15 13:58:15 - [TEST_CASE][PASSED] - Test Cases/OCS - DESKTOP/CALL- Age gate: Test Cases/OCS - DESKTOP/CALL- Age gate

2019-07-15 13:58:15 - [TEST_STEP][PASSED] - openBrowser(""): Browser is opened with url: ''

2019-07-15 13:58:15 - [MESSAGE][WARNING] - A browser is already opened. Closing browser and opening a new one

2019-07-15 13:58:15 - [MESSAGE][INFO] - Starting 'Chrome' driver

2019-07-15 13:58:17 - [MESSAGE][PASSED] - Browser is opened with url: ''

2019-07-15 13:58:17 - [TEST_STEP][PASSED] - navigateToUrl("https://ocs.ca/?fts=0&preview_theme_id=74205529932"): Navigate to 'https://ocs.ca/?fts=0&preview_theme_id=74205529932' successfully

2019-07-15 13:58:23 - [MESSAGE][PASSED] - Navigate to 'https://ocs.ca/?fts=0&preview_theme_id=74205529932' successfully

2019-07-15 13:58:23 - [TEST_STEP][PASSED] - maximizeWindow(): Current window maximized

2019-07-15 13:58:23 - [MESSAGE][PASSED] - Current window maximized

2019-07-15 13:58:23 - [TEST_STEP][PASSED] - delay(2): Delayed 2 second(s)

2019-07-15 13:58:25 - [MESSAGE][PASSED] - Delayed 2 second(s)

2019-07-15 13:58:25 - [TEST_STEP][PASSED] - executeJavaScript("var previewBar = document.getElementById("preview-bar-iframe"); previewBar.style.display = "none";", []): Execute JavaScript 'var previewBar = document.getElementById("preview-bar-iframe"); previewBar.style.display = "none";' successfully

2019-07-15 13:58:25 - [MESSAGE][PASSED] - Execute JavaScript 'var previewBar = document.getElementById("preview-bar-iframe"); previewBar.style.display = "none";' successfully

2019-07-15 13:58:25 - [TEST_STEP][PASSED] - selectOptionByValue(findTestObject("OCS-DESKTOP/Age gate and Mega menu/Date"), "12", true): All options with value '12' are selected in object 'Object Repository/OCS-DESKTOP/Age gate and Mega menu/Date'  using regular expression

2019-07-15 13:58:25 - [MESSAGE][PASSED] - All options with value '12' are selected in object 'Object Repository/OCS-DESKTOP/Age gate and Mega menu/Date'  using regular expression

2019-07-15 13:58:25 - [TEST_STEP][PASSED] - selectOptionByValue(findTestObject("OCS-DESKTOP/Age gate and Mega menu/month"), "6", true): All options with value '6' are selected in object 'Object Repository/OCS-DESKTOP/Age gate and Mega menu/month'  using regular expression

2019-07-15 13:58:25 - [MESSAGE][PASSED] - All options with value '6' are selected in object 'Object Repository/OCS-DESKTOP/Age gate and Mega menu/month'  using regular expression

2019-07-15 13:58:25 - [TEST_STEP][PASSED] - delay(2): Delayed 2 second(s)

2019-07-15 13:58:27 - [MESSAGE][PASSED] - Delayed 2 second(s)

2019-07-15 13:58:27 - [TEST_STEP][PASSED] - selectOptionByValue(findTestObject("OCS-DESKTOP/Age gate and Mega menu/Year Dropdown"), "1990", true): All options with value '1990' are selected in object 'Object Repository/OCS-DESKTOP/Age gate and Mega menu/Year Dropdown'  using regular expression

2019-07-15 13:58:29 - [MESSAGE][PASSED] - All options with value '1990' are selected in object 'Object Repository/OCS-DESKTOP/Age gate and Mega menu/Year Dropdown'  using regular expression

2019-07-15 13:58:29 - [TEST_STEP][PASSED] - click(findTestObject("OCS-DESKTOP/Age gate and Mega menu/button_Verify")): Object: 'Object Repository/OCS-DESKTOP/Age gate and Mega menu/button_Verify' is clicked on

2019-07-15 13:58:29 - [MESSAGE][PASSED] - Object: 'Object Repository/OCS-DESKTOP/Age gate and Mega menu/button_Verify' is clicked on

2019-07-15 13:58:29 - [TEST_STEP][PASSED] - click(findTestObject("OCS-DESKTOP/Age gate and Mega menu/Checkbox_CONFIRM AND ACKNOWLEDGE")): Object: 'Object Repository/OCS-DESKTOP/Age gate and Mega menu/Checkbox_CONFIRM AND ACKNOWLEDGE' is clicked on

2019-07-15 13:58:29 - [MESSAGE][PASSED] - Object: 'Object Repository/OCS-DESKTOP/Age gate and Mega menu/Checkbox_CONFIRM AND ACKNOWLEDGE' is clicked on

2019-07-15 13:58:29 - [TEST_STEP][PASSED] - click(findTestObject("OCS-DESKTOP/Age gate and Mega menu/button_CONFIRM")): Object: 'Object Repository/OCS-DESKTOP/Age gate and Mega menu/button_CONFIRM' is clicked on

2019-07-15 13:58:29 - [MESSAGE][PASSED] - Object: 'Object Repository/OCS-DESKTOP/Age gate and Mega menu/button_CONFIRM' is clicked on

2019-07-15 13:58:29 - [TEST_STEP][PASSED] - click(findTestObject("OCS-DESKTOP/Age gate and Mega menu/button_Start Browsing")): Object: 'Object Repository/OCS-DESKTOP/Age gate and Mega menu/button_Start Browsing' is clicked on

2019-07-15 13:58:29 - [MESSAGE][PASSED] - Object: 'Object Repository/OCS-DESKTOP/Age gate and Mega menu/button_Start Browsing' is clicked on

2019-07-15 13:58:29 - [TEST_STEP][PASSED] - delay(2): Delayed 2 second(s)

2019-07-15 13:58:31 - [MESSAGE][PASSED] - Delayed 2 second(s)

2019-07-15 13:58:31 - [TEST_STEP][PASSED] - refresh(): Refresh successfully

2019-07-15 13:58:31 - [MESSAGE][PASSED] - Refresh successfully

2019-07-15 13:58:31 - [MESSAGE][PASSED] - Call Test Case 'Test Cases/OCS - DESKTOP/CALL- Age gate' successfully

2019-07-15 13:58:31 - [TEST_STEP][PASSED] - delay(2): Delayed 2 second(s)

2019-07-15 13:58:33 - [MESSAGE][PASSED] - Delayed 2 second(s)

2019-07-15 13:58:33 - [TEST_STEP][PASSED] - callTestCase(findTestCase("OCS - DESKTOP/CALL - TOGGLING LANGUAGE"), [:], STOP_ON_FAILURE): Call Test Case 'Test Cases/OCS - DESKTOP/CALL - TOGGLING LANGUAGE' successfully

2019-07-15 13:58:33 - [TEST_CASE][PASSED] - Test Cases/OCS - DESKTOP/CALL - TOGGLING LANGUAGE: Test Cases/OCS - DESKTOP/CALL - TOGGLING LANGUAGE

2019-07-15 13:58:33 - [TEST_STEP][PASSED] - delay(2): Delayed 2 second(s)

2019-07-15 13:58:35 - [MESSAGE][PASSED] - Delayed 2 second(s)

2019-07-15 13:58:35 - [TEST_STEP][PASSED] - click(findTestObject("OCS-DESKTOP/Cart flyout/English dropdown")): Object: 'Object Repository/OCS-DESKTOP/Cart flyout/English dropdown' is clicked on

2019-07-15 13:58:35 - [MESSAGE][PASSED] - Object: 'Object Repository/OCS-DESKTOP/Cart flyout/English dropdown' is clicked on

2019-07-15 13:58:35 - [TEST_STEP][PASSED] - delay(2): Delayed 2 second(s)

2019-07-15 13:58:37 - [MESSAGE][PASSED] - Delayed 2 second(s)

2019-07-15 13:58:37 - [TEST_STEP][PASSED] - click(findTestObject("OCS-DESKTOP/Cart flyout/Select French")): Object: 'Object Repository/OCS-DESKTOP/Cart flyout/Select French' is clicked on

2019-07-15 13:58:37 - [MESSAGE][PASSED] - Object: 'Object Repository/OCS-DESKTOP/Cart flyout/Select French' is clicked on

2019-07-15 13:58:37 - [TEST_STEP][PASSED] - delay(5): Delayed 5 second(s)

2019-07-15 13:58:42 - [MESSAGE][PASSED] - Delayed 5 second(s)

2019-07-15 13:58:42 - [TEST_STEP][PASSED] - e = getWindowTitle(): Current window's title is: 'Magasin de Cannabis de l'Ontario | Ontario Cannabis Store'

2019-07-15 13:58:42 - [MESSAGE][PASSED] - Current window's title is: 'Magasin de Cannabis de l'Ontario | Ontario Cannabis Store'

2019-07-15 13:58:42 - [MESSAGE][PASSED] - Call Test Case 'Test Cases/OCS - DESKTOP/CALL - TOGGLING LANGUAGE' successfully

2019-07-15 13:58:42 - [TEST_STEP][PASSED] - click(findTestObject("OCS-DESKTOP/Age gate and Mega menu/Header/CANNABIS menu - English")): Object: 'Object Repository/OCS-DESKTOP/Age gate and Mega menu/Header/CANNABIS menu - English' is clicked on

2019-07-15 13:58:42 - [MESSAGE][PASSED] - Object: 'Object Repository/OCS-DESKTOP/Age gate and Mega menu/Header/CANNABIS menu - English' is clicked on

2019-07-15 13:58:42 - [TEST_STEP][PASSED] - delay(2): Delayed 2 second(s)

2019-07-15 13:58:44 - [MESSAGE][PASSED] - Delayed 2 second(s)

2019-07-15 13:58:44 - [TEST_STEP][PASSED] - executeJavaScript("var previewBar = document.getElementById("preview-bar-iframe"); previewBar.style.display = "none";", []): Execute JavaScript 'var previewBar = document.getElementById("preview-bar-iframe"); previewBar.style.display = "none";' successfully

2019-07-15 13:58:44 - [MESSAGE][PASSED] - Execute JavaScript 'var previewBar = document.getElementById("preview-bar-iframe"); previewBar.style.display = "none";' successfully

2019-07-15 13:58:44 - [TEST_STEP][PASSED] - click(findTestObject("OCS-DESKTOP/Age gate and Mega menu/Indica Dominant_Menu item")): Object: 'Object Repository/OCS-DESKTOP/Age gate and Mega menu/Indica Dominant_Menu item' is clicked on

2019-07-15 13:58:47 - [MESSAGE][PASSED] - Object: 'Object Repository/OCS-DESKTOP/Age gate and Mega menu/Indica Dominant_Menu item' is clicked on

2019-07-15 13:58:47 - [TEST_STEP][PASSED] - executeJavaScript("var previewBar = document.getElementById("preview-bar-iframe"); previewBar.style.display = "none";", []): Execute JavaScript 'var previewBar = document.getElementById("preview-bar-iframe"); previewBar.style.display = "none";' successfully

2019-07-15 13:58:47 - [MESSAGE][PASSED] - Execute JavaScript 'var previewBar = document.getElementById("preview-bar-iframe"); previewBar.style.display = "none";' successfully

2019-07-15 13:58:47 - [TEST_STEP][PASSED] - delay(2): Delayed 2 second(s)

2019-07-15 13:58:49 - [MESSAGE][PASSED] - Delayed 2 second(s)

2019-07-15 13:58:49 - [TEST_STEP][PASSED] - click(findTestObject("FRENCH/Product image - 1st one")): Object: 'Object Repository/FRENCH/Product image - 1st one' is clicked on

2019-07-15 13:58:54 - [MESSAGE][PASSED] - Object: 'Object Repository/FRENCH/Product image - 1st one' is clicked on

2019-07-15 13:58:54 - [TEST_STEP][PASSED] - executeJavaScript("var previewBar = document.getElementById("preview-bar-iframe"); previewBar.style.display = "none";", []): Execute JavaScript 'var previewBar = document.getElementById("preview-bar-iframe"); previewBar.style.display = "none";' successfully

2019-07-15 13:58:54 - [MESSAGE][PASSED] - Execute JavaScript 'var previewBar = document.getElementById("preview-bar-iframe"); previewBar.style.display = "none";' successfully

2019-07-15 13:58:54 - [TEST_STEP][PASSED] - delay(1): Delayed 1 second(s)

2019-07-15 13:58:55 - [MESSAGE][PASSED] - Delayed 1 second(s)

2019-07-15 13:58:55 - [TEST_STEP][PASSED] - delay(3): Delayed 3 second(s)

2019-07-15 13:58:58 - [MESSAGE][PASSED] - Delayed 3 second(s)

2019-07-15 13:58:58 - [TEST_STEP][PASSED] - click(findTestObject("OCS-DESKTOP/Product page/Swatch_1g")): Object: 'Object Repository/OCS-DESKTOP/Product page/Swatch_1g' is clicked on

2019-07-15 13:58:59 - [MESSAGE][PASSED] - Object: 'Object Repository/OCS-DESKTOP/Product page/Swatch_1g' is clicked on

2019-07-15 13:58:59 - [TEST_STEP][PASSED] - delay(2): Delayed 2 second(s)

2019-07-15 13:59:01 - [MESSAGE][PASSED] - Delayed 2 second(s)

2019-07-15 13:59:01 - [TEST_STEP][PASSED] - click(findTestObject("OCS-DESKTOP/Product page/Add to Bag-button")): Object: 'Object Repository/OCS-DESKTOP/Product page/Add to Bag-button' is clicked on

2019-07-15 13:59:01 - [MESSAGE][PASSED] - Object: 'Object Repository/OCS-DESKTOP/Product page/Add to Bag-button' is clicked on

2019-07-15 13:59:01 - [TEST_STEP][PASSED] - delay(1): Delayed 1 second(s)

2019-07-15 13:59:02 - [MESSAGE][PASSED] - Delayed 1 second(s)

2019-07-15 13:59:02 - [TEST_STEP][NOT_RUN] - click(findTestObject("OCS-DESKTOP/Cart flyout/Back icon"), CONTINUE_ON_FAILURE): NOT_RUN: click(findTestObject("OCS-DESKTOP/Cart flyout/Back icon"), CONTINUE_ON_FAILURE)

2019-07-15 13:59:02 - [MESSAGE][NOT_RUN] - NOT_RUN: click(findTestObject("OCS-DESKTOP/Cart flyout/Back icon"), CONTINUE_ON_FAILURE)

2019-07-15 13:59:02 - [TEST_STEP][PASSED] - delay(2): Delayed 2 second(s)

2019-07-15 13:59:04 - [MESSAGE][PASSED] - Delayed 2 second(s)

2019-07-15 13:59:04 - [TEST_STEP][PASSED] - click(findTestObject("OCS-DESKTOP/Product page/Swatch_3.5g"), CONTINUE_ON_FAILURE): Object: 'Object Repository/OCS-DESKTOP/Product page/Swatch_3.5g' is clicked on

2019-07-15 13:59:04 - [MESSAGE][PASSED] - Object: 'Object Repository/OCS-DESKTOP/Product page/Swatch_3.5g' is clicked on

2019-07-15 13:59:04 - [TEST_STEP][PASSED] - delay(2): Delayed 2 second(s)

2019-07-15 13:59:06 - [MESSAGE][PASSED] - Delayed 2 second(s)

2019-07-15 13:59:06 - [TEST_STEP][PASSED] - click(findTestObject("OCS-DESKTOP/Product page/Add to Bag-button")): Object: 'Object Repository/OCS-DESKTOP/Product page/Add to Bag-button' is clicked on

2019-07-15 13:59:06 - [MESSAGE][PASSED] - Object: 'Object Repository/OCS-DESKTOP/Product page/Add to Bag-button' is clicked on

2019-07-15 13:59:06 - [TEST_STEP][PASSED] - delay(2): Delayed 2 second(s)

2019-07-15 13:59:08 - [MESSAGE][PASSED] - Delayed 2 second(s)

2019-07-15 13:59:08 - [TEST_STEP][PASSED] - click(findTestObject("OCS-DESKTOP/Home - page/Cart icon -bag"), OPTIONAL): Object: 'Object Repository/OCS-DESKTOP/Home - page/Cart icon -bag' is clicked on

2019-07-15 13:59:08 - [MESSAGE][PASSED] - Object: 'Object Repository/OCS-DESKTOP/Home - page/Cart icon -bag' is clicked on

2019-07-15 13:59:08 - [TEST_STEP][PASSED] - delay(2): Delayed 2 second(s)

2019-07-15 13:59:10 - [MESSAGE][PASSED] - Delayed 2 second(s)

2019-07-15 13:59:10 - [TEST_STEP][PASSED] - a = getText(findTestObject("FRENCH/Unit price - 1st Product")): Text of object 'Object Repository/FRENCH/Unit price - 1st Product' is: '35,00 $'

2019-07-15 13:59:10 - [MESSAGE][PASSED] - Text of object 'Object Repository/FRENCH/Unit price - 1st Product' is: '35,00 $'

2019-07-15 13:59:10 - [TEST_STEP][PASSED] - comment(a): 35,00 $

2019-07-15 13:59:10 - [MESSAGE][INFO] - 35,00 $

2019-07-15 13:59:10 - [TEST_STEP][PASSED] - a1 = a.substring(0, a.length() - 1): null

2019-07-15 13:59:10 - [TEST_STEP][PASSED] - comment("a1 = " + a1): a1 = 35,00 

2019-07-15 13:59:10 - [MESSAGE][INFO] - a1 = 35,00 

2019-07-15 13:59:10 - [TEST_STEP][PASSED] - x1 = a1.substring(0, a1.length() - 1): null

2019-07-15 13:59:10 - [TEST_STEP][PASSED] - comment("x1 = " + x1): x1 = 35,00

2019-07-15 13:59:10 - [MESSAGE][INFO] - x1 = 35,00

2019-07-15 13:59:10 - [TEST_STEP][PASSED] - x2 = x1.substring(0, x1.length() - 1): null

2019-07-15 13:59:10 - [TEST_STEP][PASSED] - comment("x2 = " + x2): x2 = 35,0

2019-07-15 13:59:10 - [MESSAGE][INFO] - x2 = 35,0

2019-07-15 13:59:10 - [TEST_STEP][PASSED] - x3 = x2.substring(0, x2.length() - 1): null

2019-07-15 13:59:10 - [TEST_STEP][PASSED] - comment("x3 = " + x3): x3 = 35,

2019-07-15 13:59:10 - [MESSAGE][INFO] - x3 = 35,

2019-07-15 13:59:10 - [TEST_STEP][PASSED] - x6 = x3.substring(0, x3.length() - 1): null

2019-07-15 13:59:10 - [TEST_STEP][PASSED] - comment("x6 = " + x6): x6 = 35

2019-07-15 13:59:10 - [MESSAGE][INFO] - x6 = 35

2019-07-15 13:59:10 - [TEST_STEP][PASSED] - delay(2): Delayed 2 second(s)

2019-07-15 13:59:12 - [MESSAGE][PASSED] - Delayed 2 second(s)

2019-07-15 13:59:12 - [TEST_STEP][PASSED] - b = getText(findTestObject("FRENCH/Unit price - 2nd Product")): Text of object 'Object Repository/FRENCH/Unit price - 2nd Product' is: '10,50 $'

2019-07-15 13:59:12 - [MESSAGE][PASSED] - Text of object 'Object Repository/FRENCH/Unit price - 2nd Product' is: '10,50 $'

2019-07-15 13:59:12 - [TEST_STEP][PASSED] - comment(b): 10,50 $

2019-07-15 13:59:12 - [MESSAGE][INFO] - 10,50 $

2019-07-15 13:59:12 - [TEST_STEP][PASSED] - a2 = b.substring(0, b.length() - 1): null

2019-07-15 13:59:12 - [TEST_STEP][PASSED] - comment("a2 = " + a2): a2 = 10,50 

2019-07-15 13:59:12 - [MESSAGE][INFO] - a2 = 10,50 

2019-07-15 13:59:12 - [TEST_STEP][PASSED] - y1 = a2.substring(0, a2.length() - 1): null

2019-07-15 13:59:12 - [TEST_STEP][PASSED] - comment("y1 = " + y1): y1 = 10,50

2019-07-15 13:59:12 - [MESSAGE][INFO] - y1 = 10,50

2019-07-15 13:59:12 - [TEST_STEP][PASSED] - y2 = y1.substring(0, y1.length() - 1): null

2019-07-15 13:59:12 - [TEST_STEP][PASSED] - comment("y2 = " + y2): y2 = 10,5

2019-07-15 13:59:12 - [MESSAGE][INFO] - y2 = 10,5

2019-07-15 13:59:12 - [TEST_STEP][PASSED] - y3 = y2.substring(0, y2.length() - 1): null

2019-07-15 13:59:12 - [TEST_STEP][PASSED] - comment("y3 = " + y3): y3 = 10,

2019-07-15 13:59:12 - [MESSAGE][INFO] - y3 = 10,

2019-07-15 13:59:12 - [TEST_STEP][PASSED] - y4 = y3.substring(0, y3.length() - 1): null

2019-07-15 13:59:12 - [TEST_STEP][PASSED] - comment("y4 = " + y4): y4 = 10

2019-07-15 13:59:12 - [MESSAGE][INFO] - y4 = 10

2019-07-15 13:59:12 - [TEST_STEP][PASSED] - c = getText(findTestObject("FRENCH/Sub-total")): Text of object 'Object Repository/FRENCH/Sub-total' is: '45,50 $'

2019-07-15 13:59:12 - [MESSAGE][PASSED] - Text of object 'Object Repository/FRENCH/Sub-total' is: '45,50 $'

2019-07-15 13:59:12 - [TEST_STEP][PASSED] - comment(c): 45,50 $

2019-07-15 13:59:12 - [MESSAGE][INFO] - 45,50 $

2019-07-15 13:59:12 - [TEST_STEP][PASSED] - a3 = c.substring(0, c.length() - 1): null

2019-07-15 13:59:12 - [TEST_STEP][PASSED] - comment("a3 = " + a3): a3 = 45,50 

2019-07-15 13:59:12 - [MESSAGE][INFO] - a3 = 45,50 

2019-07-15 13:59:12 - [TEST_STEP][PASSED] - z1 = a3.substring(0, a3.length() - 1): null

2019-07-15 13:59:12 - [TEST_STEP][PASSED] - comment("z1 = " + z1): z1 = 45,50

2019-07-15 13:59:12 - [MESSAGE][INFO] - z1 = 45,50

2019-07-15 13:59:12 - [TEST_STEP][PASSED] - z2 = z1.substring(0, z1.length() - 1): null

2019-07-15 13:59:12 - [TEST_STEP][PASSED] - comment("z2 = " + z2): z2 = 45,5

2019-07-15 13:59:12 - [MESSAGE][INFO] - z2 = 45,5

2019-07-15 13:59:12 - [TEST_STEP][PASSED] - z3 = z2.substring(0, z2.length() - 1): null

2019-07-15 13:59:12 - [TEST_STEP][PASSED] - comment("z3 = " + z3): z3 = 45,

2019-07-15 13:59:12 - [MESSAGE][INFO] - z3 = 45,

2019-07-15 13:59:12 - [TEST_STEP][PASSED] - z4 = z3.substring(0, z3.length() - 1): null

2019-07-15 13:59:12 - [TEST_STEP][PASSED] - comment("z4 = " + z4): z4 = 45

2019-07-15 13:59:12 - [MESSAGE][INFO] - z4 = 45

2019-07-15 13:59:12 - [TEST_STEP][PASSED] - p2 = <not implemented yet for class: org.codehaus.groovy.ast.expr.EmptyExpression>: null

2019-07-15 13:59:12 - [TEST_STEP][PASSED] - p3 = <not implemented yet for class: org.codehaus.groovy.ast.expr.EmptyExpression>: null

2019-07-15 13:59:12 - [TEST_STEP][PASSED] - try: p2=35.0

2019-07-15 13:59:12 - [TEST_STEP][PASSED] - x4 = x6: null

2019-07-15 13:59:12 - [TEST_STEP][PASSED] - comment("x4=" + x4): x4=35

2019-07-15 13:59:12 - [MESSAGE][INFO] - x4=35

2019-07-15 13:59:12 - [TEST_STEP][PASSED] - p2 = Double.valueOf(x4): null

2019-07-15 13:59:12 - [TEST_STEP][PASSED] - comment("p2=" + p2): p2=35.0

2019-07-15 13:59:12 - [MESSAGE][INFO] - p2=35.0

2019-07-15 13:59:12 - [TEST_STEP][PASSED] - try: p3=10.0

2019-07-15 13:59:12 - [TEST_STEP][PASSED] - x5 = y4: null

2019-07-15 13:59:12 - [TEST_STEP][PASSED] - comment("x5=" + x5): x5=10

2019-07-15 13:59:12 - [MESSAGE][INFO] - x5=10

2019-07-15 13:59:12 - [TEST_STEP][PASSED] - p3 = Double.valueOf(x5): null

2019-07-15 13:59:12 - [TEST_STEP][PASSED] - comment("p3=" + p3): p3=10.0

2019-07-15 13:59:12 - [MESSAGE][INFO] - p3=10.0

2019-07-15 13:59:12 - [TEST_STEP][PASSED] - comment("p2=" + p2): p2=35.0

2019-07-15 13:59:12 - [MESSAGE][INFO] - p2=35.0

2019-07-15 13:59:12 - [TEST_STEP][PASSED] - comment("p3=" + p3): p3=10.0

2019-07-15 13:59:12 - [MESSAGE][INFO] - p3=10.0

2019-07-15 13:59:12 - [TEST_STEP][PASSED] - total = p2 + p3: null

2019-07-15 13:59:12 - [TEST_STEP][PASSED] - comment("total=" + total): total=45.0

2019-07-15 13:59:12 - [MESSAGE][INFO] - total=45.0

2019-07-15 13:59:12 - [TEST_STEP][PASSED] - verifyEqual(total, z4): Actual object '45' and expected object '45' are equal

2019-07-15 13:59:12 - [MESSAGE][PASSED] - Actual object '45' and expected object '45' are equal

2019-07-15 13:59:12 - [TEST_STEP][PASSED] - callTestCase(findTestCase("OCS - DESKTOP/CALL- SHIPPING TO PAYMENT"), [:], STOP_ON_FAILURE): Call Test Case 'Test Cases/OCS - DESKTOP/CALL- SHIPPING TO PAYMENT' successfully

2019-07-15 13:59:12 - [TEST_CASE][PASSED] - Test Cases/OCS - DESKTOP/CALL- SHIPPING TO PAYMENT: Test Cases/OCS - DESKTOP/CALL- SHIPPING TO PAYMENT

2019-07-15 13:59:12 - [TEST_STEP][PASSED] - delay(1): Delayed 1 second(s)

2019-07-15 13:59:13 - [MESSAGE][PASSED] - Delayed 1 second(s)

2019-07-15 13:59:13 - [TEST_STEP][PASSED] - click(findTestObject("OCS-DESKTOP/Cart flyout/Checkbox_I confirm that")): Object: 'Object Repository/OCS-DESKTOP/Cart flyout/Checkbox_I confirm that' is clicked on

2019-07-15 13:59:13 - [MESSAGE][PASSED] - Object: 'Object Repository/OCS-DESKTOP/Cart flyout/Checkbox_I confirm that' is clicked on

2019-07-15 13:59:13 - [TEST_STEP][PASSED] - delay(1): Delayed 1 second(s)

2019-07-15 13:59:14 - [MESSAGE][PASSED] - Delayed 1 second(s)

2019-07-15 13:59:14 - [TEST_STEP][PASSED] - click(findTestObject("OCS-DESKTOP/Cart flyout/Checkbox_Accept the Terms Condition")): Object: 'Object Repository/OCS-DESKTOP/Cart flyout/Checkbox_Accept the Terms Condition' is clicked on

2019-07-15 13:59:14 - [MESSAGE][PASSED] - Object: 'Object Repository/OCS-DESKTOP/Cart flyout/Checkbox_Accept the Terms Condition' is clicked on

2019-07-15 13:59:14 - [TEST_STEP][PASSED] - delay(1): Delayed 1 second(s)

2019-07-15 13:59:15 - [MESSAGE][PASSED] - Delayed 1 second(s)

2019-07-15 13:59:15 - [TEST_STEP][PASSED] - click(findTestObject("OCS-DESKTOP/Cart flyout/Checkout - Button")): Object: 'Object Repository/OCS-DESKTOP/Cart flyout/Checkout - Button' is clicked on

2019-07-15 13:59:19 - [MESSAGE][PASSED] - Object: 'Object Repository/OCS-DESKTOP/Cart flyout/Checkout - Button' is clicked on

2019-07-15 13:59:19 - [TEST_STEP][PASSED] - executeJavaScript("var previewBar = document.getElementById("preview-bar-iframe"); previewBar.style.display = "none";", []): Execute JavaScript 'var previewBar = document.getElementById("preview-bar-iframe"); previewBar.style.display = "none";' successfully

2019-07-15 13:59:19 - [MESSAGE][PASSED] - Execute JavaScript 'var previewBar = document.getElementById("preview-bar-iframe"); previewBar.style.display = "none";' successfully

2019-07-15 13:59:19 - [TEST_STEP][PASSED] - delay(2): Delayed 2 second(s)

2019-07-15 13:59:21 - [MESSAGE][PASSED] - Delayed 2 second(s)

2019-07-15 13:59:21 - [TEST_STEP][PASSED] - setText(findTestObject("Object Repository/Page_Ontario Cannabis Store - Infor/input_Adresse e-mail_checkoute"), "suman@gmail.com"): Text 'suman@gmail.com' is set on object 'Object Repository/Page_Ontario Cannabis Store - Infor/input_Adresse e-mail_checkoute'

2019-07-15 13:59:22 - [MESSAGE][PASSED] - Text 'suman@gmail.com' is set on object 'Object Repository/Page_Ontario Cannabis Store - Infor/input_Adresse e-mail_checkoute'

2019-07-15 13:59:22 - [TEST_STEP][PASSED] - setText(findTestObject("Object Repository/Page_Ontario Cannabis Store - Infor/input_Prnom_checkoutshipping_a"), "suman"): Text 'suman' is set on object 'Object Repository/Page_Ontario Cannabis Store - Infor/input_Prnom_checkoutshipping_a'

2019-07-15 13:59:22 - [MESSAGE][PASSED] - Text 'suman' is set on object 'Object Repository/Page_Ontario Cannabis Store - Infor/input_Prnom_checkoutshipping_a'

2019-07-15 13:59:22 - [TEST_STEP][PASSED] - setText(findTestObject("Object Repository/Page_Ontario Cannabis Store - Infor/input_Nom_checkoutshipping_add"), "kompelly"): Text 'kompelly' is set on object 'Object Repository/Page_Ontario Cannabis Store - Infor/input_Nom_checkoutshipping_add'

2019-07-15 13:59:22 - [MESSAGE][PASSED] - Text 'kompelly' is set on object 'Object Repository/Page_Ontario Cannabis Store - Infor/input_Nom_checkoutshipping_add'

2019-07-15 13:59:22 - [TEST_STEP][PASSED] - setText(findTestObject("Object Repository/Page_Ontario Cannabis Store - Infor/input_Adresse_checkoutshipping"), "123 test"): Text '123 test' is set on object 'Object Repository/Page_Ontario Cannabis Store - Infor/input_Adresse_checkoutshipping'

2019-07-15 13:59:22 - [MESSAGE][PASSED] - Text '123 test' is set on object 'Object Repository/Page_Ontario Cannabis Store - Infor/input_Adresse_checkoutshipping'

2019-07-15 13:59:22 - [TEST_STEP][PASSED] - setText(findTestObject("Object Repository/Page_Ontario Cannabis Store - Infor/input_Appartement suite etc. ("), "123"): Text '123' is set on object 'Object Repository/Page_Ontario Cannabis Store - Infor/input_Appartement suite etc. ('

2019-07-15 13:59:23 - [MESSAGE][PASSED] - Text '123' is set on object 'Object Repository/Page_Ontario Cannabis Store - Infor/input_Appartement suite etc. ('

2019-07-15 13:59:23 - [TEST_STEP][PASSED] - setText(findTestObject("Object Repository/Page_Ontario Cannabis Store - Infor/input_Ville_checkoutshipping_a"), "montreal"): Text 'montreal' is set on object 'Object Repository/Page_Ontario Cannabis Store - Infor/input_Ville_checkoutshipping_a'

2019-07-15 13:59:23 - [MESSAGE][PASSED] - Text 'montreal' is set on object 'Object Repository/Page_Ontario Cannabis Store - Infor/input_Ville_checkoutshipping_a'

2019-07-15 13:59:23 - [TEST_STEP][PASSED] - setText(findTestObject("Object Repository/Page_Ontario Cannabis Store - Infor/input_Code postal_checkoutship"), "n0r1k0"): Text 'n0r1k0' is set on object 'Object Repository/Page_Ontario Cannabis Store - Infor/input_Code postal_checkoutship'

2019-07-15 13:59:23 - [MESSAGE][PASSED] - Text 'n0r1k0' is set on object 'Object Repository/Page_Ontario Cannabis Store - Infor/input_Code postal_checkoutship'

2019-07-15 13:59:23 - [TEST_STEP][PASSED] - setText(findTestObject("Object Repository/Page_Ontario Cannabis Store - Infor/input_Tlphone_checkoutshipping"), "514-449-3883"): Text '514-449-3883' is set on object 'Object Repository/Page_Ontario Cannabis Store - Infor/input_Tlphone_checkoutshipping'

2019-07-15 13:59:23 - [MESSAGE][PASSED] - Text '514-449-3883' is set on object 'Object Repository/Page_Ontario Cannabis Store - Infor/input_Tlphone_checkoutshipping'

2019-07-15 13:59:23 - [TEST_STEP][PASSED] - delay(2): Delayed 2 second(s)

2019-07-15 13:59:25 - [MESSAGE][PASSED] - Delayed 2 second(s)

2019-07-15 13:59:25 - [TEST_STEP][PASSED] - click(findTestObject("Object Repository/Page_Ontario Cannabis Store - Infor/button_Continuer vers le mode")): Object: 'Object Repository/Page_Ontario Cannabis Store - Infor/button_Continuer vers le mode' is clicked on

2019-07-15 13:59:28 - [MESSAGE][PASSED] - Object: 'Object Repository/Page_Ontario Cannabis Store - Infor/button_Continuer vers le mode' is clicked on

2019-07-15 13:59:28 - [TEST_STEP][PASSED] - delay(4): Delayed 4 second(s)

2019-07-15 13:59:32 - [MESSAGE][PASSED] - Delayed 4 second(s)

2019-07-15 13:59:32 - [TEST_STEP][PASSED] - executeJavaScript("var previewBar = document.getElementById("preview-bar-iframe"); previewBar.style.display = "none";", []): Execute JavaScript 'var previewBar = document.getElementById("preview-bar-iframe"); previewBar.style.display = "none";' successfully

2019-07-15 13:59:32 - [MESSAGE][PASSED] - Execute JavaScript 'var previewBar = document.getElementById("preview-bar-iframe"); previewBar.style.display = "none";' successfully

2019-07-15 13:59:32 - [TEST_STEP][PASSED] - delay(2): Delayed 2 second(s)

2019-07-15 13:59:34 - [MESSAGE][PASSED] - Delayed 2 second(s)

2019-07-15 13:59:34 - [TEST_STEP][PASSED] - click(findTestObject("Object Repository/Page_Ontario Cannabis Store - Livra/button_Continuer vers le moyen")): Object: 'Object Repository/Page_Ontario Cannabis Store - Livra/button_Continuer vers le moyen' is clicked on

2019-07-15 13:59:35 - [MESSAGE][PASSED] - Object: 'Object Repository/Page_Ontario Cannabis Store - Livra/button_Continuer vers le moyen' is clicked on

2019-07-15 13:59:35 - [MESSAGE][PASSED] - Call Test Case 'Test Cases/OCS - DESKTOP/CALL- SHIPPING TO PAYMENT' successfully]]></system-out>
         <system-err><![CDATA[]]></system-err>
      </testcase>
      <testcase name="Test Cases/OCS - DESKTOP/OCS- CRITICAL PATH - FRENCH/Checkout - Shipping-fr" classname="Test Cases/OCS - DESKTOP/OCS- CRITICAL PATH - FRENCH/Checkout - Shipping-fr" status="FAILED">
         <failure type="FAILED" message="Test Cases/OCS - DESKTOP/OCS- CRITICAL PATH - FRENCH/Checkout - Shipping-fr FAILED.
Reason:
com.kms.katalon.core.exception.StepFailedException: Unable to click on object 'Object Repository/OCS-DESKTOP/Cart flyout/Checkbox_I confirm that' (Root cause: org.openqa.selenium.ElementNotVisibleException: element not interactable
  (Session info: chrome=75.0.3770.100)
  (Driver info: chromedriver=2.43.600229 (3fae4d0cda5334b4f533bede5a4787f7b832d052),platform=Mac OS X 10.13.6 x86_64) (WARNING: The server did not provide any stacktrace information)
Command duration or timeout: 0 milliseconds
Build info: version: '3.7.1', revision: '8a0099a', time: '2017-11-06T21:07:36.161Z'
System info: host: 'sumans-MacBook-Pro.local', ip: 'fe80:0:0:0:143c:9c68:90ad:a50%en0', os.name: 'Mac OS X', os.arch: 'x86_64', os.version: '10.13.6', java.version: '1.8.0_181'
Driver info: com.kms.katalon.selenium.driver.CChromeDriver
Capabilities {acceptInsecureCerts: false, acceptSslCerts: false, applicationCacheEnabled: false, browserConnectionEnabled: false, browserName: chrome, chrome: {chromedriverVersion: 2.43.600229 (3fae4d0cda5334..., userDataDir: /var/folders/1t/c55l8xzs6gq...}, cssSelectorsEnabled: true, databaseEnabled: false, goog:chromeOptions: {debuggerAddress: localhost:50360}, handlesAlerts: true, hasTouchScreen: false, javascriptEnabled: true, locationContextEnabled: true, mobileEmulationEnabled: false, nativeEvents: true, networkConnectionEnabled: false, pageLoadStrategy: normal, platform: MAC, platformName: MAC, rotatable: false, setWindowRect: true, takesHeapSnapshot: true, takesScreenshot: true, unexpectedAlertBehaviour: , unhandledPromptBehavior: , version: 75.0.3770.100, webStorageEnabled: true}
Session ID: c49208e6e03a68f4558a6524a3ce8780)
	at com.kms.katalon.core.keyword.internal.KeywordMain.stepFailed(KeywordMain.groovy:36)
	at com.kms.katalon.core.webui.keyword.internal.WebUIKeywordMain.stepFailed(WebUIKeywordMain.groovy:65)
	at com.kms.katalon.core.webui.keyword.internal.WebUIKeywordMain.runKeyword(WebUIKeywordMain.groovy:27)
	at com.kms.katalon.core.webui.keyword.builtin.ClickKeyword.click(ClickKeyword.groovy:86)
	at com.kms.katalon.core.webui.keyword.builtin.ClickKeyword.execute(ClickKeyword.groovy:67)
	at com.kms.katalon.core.keyword.internal.KeywordExecutor.executeKeywordForPlatform(KeywordExecutor.groovy:53)
	at com.kms.katalon.core.webui.keyword.WebUiBuiltInKeywords.click(WebUiBuiltInKeywords.groovy:616)
	at com.kms.katalon.core.webui.keyword.WebUiBuiltInKeywords$click$4.call(Unknown Source)
	at Checkout - Shipping-fr.run(Checkout - Shipping-fr:59)
	at com.kms.katalon.core.main.ScriptEngine.run(ScriptEngine.java:194)
	at com.kms.katalon.core.main.ScriptEngine.runScriptAsRawText(ScriptEngine.java:119)
	at com.kms.katalon.core.main.TestCaseExecutor.runScript(TestCaseExecutor.java:328)
	at com.kms.katalon.core.main.TestCaseExecutor.doExecute(TestCaseExecutor.java:319)
	at com.kms.katalon.core.main.TestCaseExecutor.processExecutionPhase(TestCaseExecutor.java:298)
	at com.kms.katalon.core.main.TestCaseExecutor.accessMainPhase(TestCaseExecutor.java:290)
	at com.kms.katalon.core.main.TestCaseExecutor.execute(TestCaseExecutor.java:224)
	at com.kms.katalon.core.main.TestSuiteExecutor.accessTestCaseMainPhase(TestSuiteExecutor.java:129)
	at com.kms.katalon.core.main.TestSuiteExecutor.accessTestSuiteMainPhase(TestSuiteExecutor.java:112)
	at com.kms.katalon.core.main.TestSuiteExecutor.execute(TestSuiteExecutor.java:81)
	at com.kms.katalon.core.main.TestCaseMain.startTestSuite(TestCaseMain.java:149)
	at com.kms.katalon.core.main.TestCaseMain$startTestSuite$0.call(Unknown Source)
	at TempTestSuite1563212133201.run(TempTestSuite1563212133201.groovy:36)
"/>
         <system-out><![CDATA[2019-07-15 13:59:35 - [TEST_CASE][FAILED] - Test Cases/OCS - DESKTOP/OCS- CRITICAL PATH - FRENCH/Checkout - Shipping-fr: Test Cases/OCS - DESKTOP/OCS- CRITICAL PATH - FRENCH/Checkout - Shipping-fr FAILED.
Reason:
com.kms.katalon.core.exception.StepFailedException: Unable to click on object 'Object Repository/OCS-DESKTOP/Cart flyout/Checkbox_I confirm that' (Root cause: org.openqa.selenium.ElementNotVisibleException: element not interactable
  (Session info: chrome=75.0.3770.100)
  (Driver info: chromedriver=2.43.600229 (3fae4d0cda5334b4f533bede5a4787f7b832d052),platform=Mac OS X 10.13.6 x86_64) (WARNING: The server did not provide any stacktrace information)
Command duration or timeout: 0 milliseconds
Build info: version: '3.7.1', revision: '8a0099a', time: '2017-11-06T21:07:36.161Z'
System info: host: 'sumans-MacBook-Pro.local', ip: 'fe80:0:0:0:143c:9c68:90ad:a50%en0', os.name: 'Mac OS X', os.arch: 'x86_64', os.version: '10.13.6', java.version: '1.8.0_181'
Driver info: com.kms.katalon.selenium.driver.CChromeDriver
Capabilities {acceptInsecureCerts: false, acceptSslCerts: false, applicationCacheEnabled: false, browserConnectionEnabled: false, browserName: chrome, chrome: {chromedriverVersion: 2.43.600229 (3fae4d0cda5334..., userDataDir: /var/folders/1t/c55l8xzs6gq...}, cssSelectorsEnabled: true, databaseEnabled: false, goog:chromeOptions: {debuggerAddress: localhost:50360}, handlesAlerts: true, hasTouchScreen: false, javascriptEnabled: true, locationContextEnabled: true, mobileEmulationEnabled: false, nativeEvents: true, networkConnectionEnabled: false, pageLoadStrategy: normal, platform: MAC, platformName: MAC, rotatable: false, setWindowRect: true, takesHeapSnapshot: true, takesScreenshot: true, unexpectedAlertBehaviour: , unhandledPromptBehavior: , version: 75.0.3770.100, webStorageEnabled: true}
Session ID: c49208e6e03a68f4558a6524a3ce8780)
	at com.kms.katalon.core.keyword.internal.KeywordMain.stepFailed(KeywordMain.groovy:36)
	at com.kms.katalon.core.webui.keyword.internal.WebUIKeywordMain.stepFailed(WebUIKeywordMain.groovy:65)
	at com.kms.katalon.core.webui.keyword.internal.WebUIKeywordMain.runKeyword(WebUIKeywordMain.groovy:27)
	at com.kms.katalon.core.webui.keyword.builtin.ClickKeyword.click(ClickKeyword.groovy:86)
	at com.kms.katalon.core.webui.keyword.builtin.ClickKeyword.execute(ClickKeyword.groovy:67)
	at com.kms.katalon.core.keyword.internal.KeywordExecutor.executeKeywordForPlatform(KeywordExecutor.groovy:53)
	at com.kms.katalon.core.webui.keyword.WebUiBuiltInKeywords.click(WebUiBuiltInKeywords.groovy:616)
	at com.kms.katalon.core.webui.keyword.WebUiBuiltInKeywords$click$4.call(Unknown Source)
	at Checkout - Shipping-fr.run(Checkout - Shipping-fr:59)
	at com.kms.katalon.core.main.ScriptEngine.run(ScriptEngine.java:194)
	at com.kms.katalon.core.main.ScriptEngine.runScriptAsRawText(ScriptEngine.java:119)
	at com.kms.katalon.core.main.TestCaseExecutor.runScript(TestCaseExecutor.java:328)
	at com.kms.katalon.core.main.TestCaseExecutor.doExecute(TestCaseExecutor.java:319)
	at com.kms.katalon.core.main.TestCaseExecutor.processExecutionPhase(TestCaseExecutor.java:298)
	at com.kms.katalon.core.main.TestCaseExecutor.accessMainPhase(TestCaseExecutor.java:290)
	at com.kms.katalon.core.main.TestCaseExecutor.execute(TestCaseExecutor.java:224)
	at com.kms.katalon.core.main.TestSuiteExecutor.accessTestCaseMainPhase(TestSuiteExecutor.java:129)
	at com.kms.katalon.core.main.TestSuiteExecutor.accessTestSuiteMainPhase(TestSuiteExecutor.java:112)
	at com.kms.katalon.core.main.TestSuiteExecutor.execute(TestSuiteExecutor.java:81)
	at com.kms.katalon.core.main.TestCaseMain.startTestSuite(TestCaseMain.java:149)
	at com.kms.katalon.core.main.TestCaseMain$startTestSuite$0.call(Unknown Source)
	at TempTestSuite1563212133201.run(TempTestSuite1563212133201.groovy:36)


2019-07-15 13:59:35 - [TEST_STEP][PASSED] - callTestCase(findTestCase("OCS - DESKTOP/CALL- Age gate"), [:], STOP_ON_FAILURE): Call Test Case 'Test Cases/OCS - DESKTOP/CALL- Age gate' successfully

2019-07-15 13:59:36 - [TEST_CASE][PASSED] - Test Cases/OCS - DESKTOP/CALL- Age gate: Test Cases/OCS - DESKTOP/CALL- Age gate

2019-07-15 13:59:36 - [TEST_STEP][PASSED] - openBrowser(""): Browser is opened with url: ''

2019-07-15 13:59:36 - [MESSAGE][WARNING] - A browser is already opened. Closing browser and opening a new one

2019-07-15 13:59:36 - [MESSAGE][INFO] - Starting 'Chrome' driver

2019-07-15 13:59:38 - [MESSAGE][PASSED] - Browser is opened with url: ''

2019-07-15 13:59:38 - [TEST_STEP][PASSED] - navigateToUrl("https://ocs.ca/?fts=0&preview_theme_id=74205529932"): Navigate to 'https://ocs.ca/?fts=0&preview_theme_id=74205529932' successfully

2019-07-15 13:59:43 - [MESSAGE][PASSED] - Navigate to 'https://ocs.ca/?fts=0&preview_theme_id=74205529932' successfully

2019-07-15 13:59:43 - [TEST_STEP][PASSED] - maximizeWindow(): Current window maximized

2019-07-15 13:59:43 - [MESSAGE][PASSED] - Current window maximized

2019-07-15 13:59:43 - [TEST_STEP][PASSED] - delay(2): Delayed 2 second(s)

2019-07-15 13:59:45 - [MESSAGE][PASSED] - Delayed 2 second(s)

2019-07-15 13:59:45 - [TEST_STEP][PASSED] - executeJavaScript("var previewBar = document.getElementById("preview-bar-iframe"); previewBar.style.display = "none";", []): Execute JavaScript 'var previewBar = document.getElementById("preview-bar-iframe"); previewBar.style.display = "none";' successfully

2019-07-15 13:59:45 - [MESSAGE][PASSED] - Execute JavaScript 'var previewBar = document.getElementById("preview-bar-iframe"); previewBar.style.display = "none";' successfully

2019-07-15 13:59:45 - [TEST_STEP][PASSED] - selectOptionByValue(findTestObject("OCS-DESKTOP/Age gate and Mega menu/Date"), "12", true): All options with value '12' are selected in object 'Object Repository/OCS-DESKTOP/Age gate and Mega menu/Date'  using regular expression

2019-07-15 13:59:45 - [MESSAGE][PASSED] - All options with value '12' are selected in object 'Object Repository/OCS-DESKTOP/Age gate and Mega menu/Date'  using regular expression

2019-07-15 13:59:45 - [TEST_STEP][PASSED] - selectOptionByValue(findTestObject("OCS-DESKTOP/Age gate and Mega menu/month"), "6", true): All options with value '6' are selected in object 'Object Repository/OCS-DESKTOP/Age gate and Mega menu/month'  using regular expression

2019-07-15 13:59:46 - [MESSAGE][PASSED] - All options with value '6' are selected in object 'Object Repository/OCS-DESKTOP/Age gate and Mega menu/month'  using regular expression

2019-07-15 13:59:46 - [TEST_STEP][PASSED] - delay(2): Delayed 2 second(s)

2019-07-15 13:59:48 - [MESSAGE][PASSED] - Delayed 2 second(s)

2019-07-15 13:59:48 - [TEST_STEP][PASSED] - selectOptionByValue(findTestObject("OCS-DESKTOP/Age gate and Mega menu/Year Dropdown"), "1990", true): All options with value '1990' are selected in object 'Object Repository/OCS-DESKTOP/Age gate and Mega menu/Year Dropdown'  using regular expression

2019-07-15 13:59:49 - [MESSAGE][PASSED] - All options with value '1990' are selected in object 'Object Repository/OCS-DESKTOP/Age gate and Mega menu/Year Dropdown'  using regular expression

2019-07-15 13:59:49 - [TEST_STEP][PASSED] - click(findTestObject("OCS-DESKTOP/Age gate and Mega menu/button_Verify")): Object: 'Object Repository/OCS-DESKTOP/Age gate and Mega menu/button_Verify' is clicked on

2019-07-15 13:59:49 - [MESSAGE][PASSED] - Object: 'Object Repository/OCS-DESKTOP/Age gate and Mega menu/button_Verify' is clicked on

2019-07-15 13:59:49 - [TEST_STEP][PASSED] - click(findTestObject("OCS-DESKTOP/Age gate and Mega menu/Checkbox_CONFIRM AND ACKNOWLEDGE")): Object: 'Object Repository/OCS-DESKTOP/Age gate and Mega menu/Checkbox_CONFIRM AND ACKNOWLEDGE' is clicked on

2019-07-15 13:59:49 - [MESSAGE][PASSED] - Object: 'Object Repository/OCS-DESKTOP/Age gate and Mega menu/Checkbox_CONFIRM AND ACKNOWLEDGE' is clicked on

2019-07-15 13:59:49 - [TEST_STEP][PASSED] - click(findTestObject("OCS-DESKTOP/Age gate and Mega menu/button_CONFIRM")): Object: 'Object Repository/OCS-DESKTOP/Age gate and Mega menu/button_CONFIRM' is clicked on

2019-07-15 13:59:49 - [MESSAGE][PASSED] - Object: 'Object Repository/OCS-DESKTOP/Age gate and Mega menu/button_CONFIRM' is clicked on

2019-07-15 13:59:49 - [TEST_STEP][PASSED] - click(findTestObject("OCS-DESKTOP/Age gate and Mega menu/button_Start Browsing")): Object: 'Object Repository/OCS-DESKTOP/Age gate and Mega menu/button_Start Browsing' is clicked on

2019-07-15 13:59:49 - [MESSAGE][PASSED] - Object: 'Object Repository/OCS-DESKTOP/Age gate and Mega menu/button_Start Browsing' is clicked on

2019-07-15 13:59:49 - [TEST_STEP][PASSED] - delay(2): Delayed 2 second(s)

2019-07-15 13:59:51 - [MESSAGE][PASSED] - Delayed 2 second(s)

2019-07-15 13:59:51 - [TEST_STEP][PASSED] - refresh(): Refresh successfully

2019-07-15 13:59:51 - [MESSAGE][PASSED] - Refresh successfully

2019-07-15 13:59:51 - [MESSAGE][PASSED] - Call Test Case 'Test Cases/OCS - DESKTOP/CALL- Age gate' successfully

2019-07-15 13:59:51 - [TEST_STEP][PASSED] - delay(2): Delayed 2 second(s)

2019-07-15 13:59:53 - [MESSAGE][PASSED] - Delayed 2 second(s)

2019-07-15 13:59:53 - [TEST_STEP][PASSED] - callTestCase(findTestCase("OCS - DESKTOP/CALL - TOGGLING LANGUAGE"), [:], STOP_ON_FAILURE): Call Test Case 'Test Cases/OCS - DESKTOP/CALL - TOGGLING LANGUAGE' successfully

2019-07-15 13:59:53 - [TEST_CASE][PASSED] - Test Cases/OCS - DESKTOP/CALL - TOGGLING LANGUAGE: Test Cases/OCS - DESKTOP/CALL - TOGGLING LANGUAGE

2019-07-15 13:59:53 - [TEST_STEP][PASSED] - delay(2): Delayed 2 second(s)

2019-07-15 13:59:55 - [MESSAGE][PASSED] - Delayed 2 second(s)

2019-07-15 13:59:55 - [TEST_STEP][PASSED] - click(findTestObject("OCS-DESKTOP/Cart flyout/English dropdown")): Object: 'Object Repository/OCS-DESKTOP/Cart flyout/English dropdown' is clicked on

2019-07-15 13:59:55 - [MESSAGE][PASSED] - Object: 'Object Repository/OCS-DESKTOP/Cart flyout/English dropdown' is clicked on

2019-07-15 13:59:55 - [TEST_STEP][PASSED] - delay(2): Delayed 2 second(s)

2019-07-15 13:59:57 - [MESSAGE][PASSED] - Delayed 2 second(s)

2019-07-15 13:59:57 - [TEST_STEP][PASSED] - click(findTestObject("OCS-DESKTOP/Cart flyout/Select French")): Object: 'Object Repository/OCS-DESKTOP/Cart flyout/Select French' is clicked on

2019-07-15 13:59:57 - [MESSAGE][PASSED] - Object: 'Object Repository/OCS-DESKTOP/Cart flyout/Select French' is clicked on

2019-07-15 13:59:57 - [TEST_STEP][PASSED] - delay(5): Delayed 5 second(s)

2019-07-15 14:00:02 - [MESSAGE][PASSED] - Delayed 5 second(s)

2019-07-15 14:00:02 - [TEST_STEP][PASSED] - e = getWindowTitle(): Current window's title is: 'Magasin de Cannabis de l'Ontario | Ontario Cannabis Store'

2019-07-15 14:00:02 - [MESSAGE][PASSED] - Current window's title is: 'Magasin de Cannabis de l'Ontario | Ontario Cannabis Store'

2019-07-15 14:00:02 - [MESSAGE][PASSED] - Call Test Case 'Test Cases/OCS - DESKTOP/CALL - TOGGLING LANGUAGE' successfully

2019-07-15 14:00:02 - [TEST_STEP][PASSED] - click(findTestObject("OCS-DESKTOP/Age gate and Mega menu/Header/CANNABIS menu - English")): Object: 'Object Repository/OCS-DESKTOP/Age gate and Mega menu/Header/CANNABIS menu - English' is clicked on

2019-07-15 14:00:02 - [MESSAGE][PASSED] - Object: 'Object Repository/OCS-DESKTOP/Age gate and Mega menu/Header/CANNABIS menu - English' is clicked on

2019-07-15 14:00:02 - [TEST_STEP][PASSED] - delay(2): Delayed 2 second(s)

2019-07-15 14:00:04 - [MESSAGE][PASSED] - Delayed 2 second(s)

2019-07-15 14:00:04 - [TEST_STEP][PASSED] - executeJavaScript("var previewBar = document.getElementById("preview-bar-iframe"); previewBar.style.display = "none";", []): Execute JavaScript 'var previewBar = document.getElementById("preview-bar-iframe"); previewBar.style.display = "none";' successfully

2019-07-15 14:00:04 - [MESSAGE][PASSED] - Execute JavaScript 'var previewBar = document.getElementById("preview-bar-iframe"); previewBar.style.display = "none";' successfully

2019-07-15 14:00:04 - [TEST_STEP][PASSED] - click(findTestObject("OCS-DESKTOP/Age gate and Mega menu/Indica Dominant_Menu item")): Object: 'Object Repository/OCS-DESKTOP/Age gate and Mega menu/Indica Dominant_Menu item' is clicked on

2019-07-15 14:00:07 - [MESSAGE][PASSED] - Object: 'Object Repository/OCS-DESKTOP/Age gate and Mega menu/Indica Dominant_Menu item' is clicked on

2019-07-15 14:00:07 - [TEST_STEP][PASSED] - executeJavaScript("var previewBar = document.getElementById("preview-bar-iframe"); previewBar.style.display = "none";", []): Execute JavaScript 'var previewBar = document.getElementById("preview-bar-iframe"); previewBar.style.display = "none";' successfully

2019-07-15 14:00:07 - [MESSAGE][PASSED] - Execute JavaScript 'var previewBar = document.getElementById("preview-bar-iframe"); previewBar.style.display = "none";' successfully

2019-07-15 14:00:07 - [TEST_STEP][PASSED] - delay(2): Delayed 2 second(s)

2019-07-15 14:00:09 - [MESSAGE][PASSED] - Delayed 2 second(s)

2019-07-15 14:00:09 - [TEST_STEP][PASSED] - click(findTestObject("FRENCH/Product image - 1st one")): Object: 'Object Repository/FRENCH/Product image - 1st one' is clicked on

2019-07-15 14:00:13 - [MESSAGE][PASSED] - Object: 'Object Repository/FRENCH/Product image - 1st one' is clicked on

2019-07-15 14:00:14 - [TEST_STEP][PASSED] - executeJavaScript("var previewBar = document.getElementById("preview-bar-iframe"); previewBar.style.display = "none";", []): Execute JavaScript 'var previewBar = document.getElementById("preview-bar-iframe"); previewBar.style.display = "none";' successfully

2019-07-15 14:00:14 - [MESSAGE][PASSED] - Execute JavaScript 'var previewBar = document.getElementById("preview-bar-iframe"); previewBar.style.display = "none";' successfully

2019-07-15 14:00:14 - [TEST_STEP][PASSED] - delay(1): Delayed 1 second(s)

2019-07-15 14:00:15 - [MESSAGE][PASSED] - Delayed 1 second(s)

2019-07-15 14:00:15 - [TEST_STEP][PASSED] - delay(3): Delayed 3 second(s)

2019-07-15 14:00:18 - [MESSAGE][PASSED] - Delayed 3 second(s)

2019-07-15 14:00:18 - [TEST_STEP][PASSED] - click(findTestObject("OCS-DESKTOP/Product page/Swatch_1g")): Object: 'Object Repository/OCS-DESKTOP/Product page/Swatch_1g' is clicked on

2019-07-15 14:00:18 - [MESSAGE][PASSED] - Object: 'Object Repository/OCS-DESKTOP/Product page/Swatch_1g' is clicked on

2019-07-15 14:00:18 - [TEST_STEP][PASSED] - delay(2): Delayed 2 second(s)

2019-07-15 14:00:20 - [MESSAGE][PASSED] - Delayed 2 second(s)

2019-07-15 14:00:20 - [TEST_STEP][PASSED] - delay(2): Delayed 2 second(s)

2019-07-15 14:00:22 - [MESSAGE][PASSED] - Delayed 2 second(s)

2019-07-15 14:00:22 - [TEST_STEP][PASSED] - click(findTestObject("OCS-DESKTOP/Product page/Add to Bag-button")): Object: 'Object Repository/OCS-DESKTOP/Product page/Add to Bag-button' is clicked on

2019-07-15 14:00:22 - [MESSAGE][PASSED] - Object: 'Object Repository/OCS-DESKTOP/Product page/Add to Bag-button' is clicked on

2019-07-15 14:00:22 - [TEST_STEP][PASSED] - delay(2): Delayed 2 second(s)

2019-07-15 14:00:24 - [MESSAGE][PASSED] - Delayed 2 second(s)

2019-07-15 14:00:24 - [TEST_STEP][PASSED] - click(findTestObject("OCS-DESKTOP/Home - page/Cart icon -bag")): Object: 'Object Repository/OCS-DESKTOP/Home - page/Cart icon -bag' is clicked on

2019-07-15 14:00:24 - [MESSAGE][PASSED] - Object: 'Object Repository/OCS-DESKTOP/Home - page/Cart icon -bag' is clicked on

2019-07-15 14:00:24 - [TEST_STEP][PASSED] - delay(1): Delayed 1 second(s)

2019-07-15 14:00:25 - [MESSAGE][PASSED] - Delayed 1 second(s)

2019-07-15 14:00:25 - [TEST_STEP][FAILED] - click(findTestObject("OCS-DESKTOP/Cart flyout/Checkbox_I confirm that")): click(findTestObject("OCS-DESKTOP/Cart flyout/Checkbox_I confirm that")) FAILED.
Reason:
com.kms.katalon.core.exception.StepFailedException: Unable to click on object 'Object Repository/OCS-DESKTOP/Cart flyout/Checkbox_I confirm that' (Root cause: org.openqa.selenium.ElementNotVisibleException: element not interactable
  (Session info: chrome=75.0.3770.100)
  (Driver info: chromedriver=2.43.600229 (3fae4d0cda5334b4f533bede5a4787f7b832d052),platform=Mac OS X 10.13.6 x86_64) (WARNING: The server did not provide any stacktrace information)
Command duration or timeout: 0 milliseconds
Build info: version: '3.7.1', revision: '8a0099a', time: '2017-11-06T21:07:36.161Z'
System info: host: 'sumans-MacBook-Pro.local', ip: 'fe80:0:0:0:143c:9c68:90ad:a50%en0', os.name: 'Mac OS X', os.arch: 'x86_64', os.version: '10.13.6', java.version: '1.8.0_181'
Driver info: com.kms.katalon.selenium.driver.CChromeDriver
Capabilities {acceptInsecureCerts: false, acceptSslCerts: false, applicationCacheEnabled: false, browserConnectionEnabled: false, browserName: chrome, chrome: {chromedriverVersion: 2.43.600229 (3fae4d0cda5334..., userDataDir: /var/folders/1t/c55l8xzs6gq...}, cssSelectorsEnabled: true, databaseEnabled: false, goog:chromeOptions: {debuggerAddress: localhost:50360}, handlesAlerts: true, hasTouchScreen: false, javascriptEnabled: true, locationContextEnabled: true, mobileEmulationEnabled: false, nativeEvents: true, networkConnectionEnabled: false, pageLoadStrategy: normal, platform: MAC, platformName: MAC, rotatable: false, setWindowRect: true, takesHeapSnapshot: true, takesScreenshot: true, unexpectedAlertBehaviour: , unhandledPromptBehavior: , version: 75.0.3770.100, webStorageEnabled: true}
Session ID: c49208e6e03a68f4558a6524a3ce8780)
	at com.kms.katalon.core.keyword.internal.KeywordMain.stepFailed(KeywordMain.groovy:36)
	at com.kms.katalon.core.webui.keyword.internal.WebUIKeywordMain.stepFailed(WebUIKeywordMain.groovy:65)
	at com.kms.katalon.core.webui.keyword.internal.WebUIKeywordMain.runKeyword(WebUIKeywordMain.groovy:27)
	at com.kms.katalon.core.webui.keyword.builtin.ClickKeyword.click(ClickKeyword.groovy:86)
	at com.kms.katalon.core.webui.keyword.builtin.ClickKeyword.execute(ClickKeyword.groovy:67)
	at com.kms.katalon.core.keyword.internal.KeywordExecutor.executeKeywordForPlatform(KeywordExecutor.groovy:53)
	at com.kms.katalon.core.webui.keyword.WebUiBuiltInKeywords.click(WebUiBuiltInKeywords.groovy:616)
	at com.kms.katalon.core.webui.keyword.WebUiBuiltInKeywords$click$4.call(Unknown Source)
	at Checkout - Shipping-fr.run(Checkout - Shipping-fr:59)
	at com.kms.katalon.core.main.ScriptEngine.run(ScriptEngine.java:194)
	at com.kms.katalon.core.main.ScriptEngine.runScriptAsRawText(ScriptEngine.java:119)
	at com.kms.katalon.core.main.TestCaseExecutor.runScript(TestCaseExecutor.java:328)
	at com.kms.katalon.core.main.TestCaseExecutor.doExecute(TestCaseExecutor.java:319)
	at com.kms.katalon.core.main.TestCaseExecutor.processExecutionPhase(TestCaseExecutor.java:298)
	at com.kms.katalon.core.main.TestCaseExecutor.accessMainPhase(TestCaseExecutor.java:290)
	at com.kms.katalon.core.main.TestCaseExecutor.execute(TestCaseExecutor.java:224)
	at com.kms.katalon.core.main.TestSuiteExecutor.accessTestCaseMainPhase(TestSuiteExecutor.java:129)
	at com.kms.katalon.core.main.TestSuiteExecutor.accessTestSuiteMainPhase(TestSuiteExecutor.java:112)
	at com.kms.katalon.core.main.TestSuiteExecutor.execute(TestSuiteExecutor.java:81)
	at com.kms.katalon.core.main.TestCaseMain.startTestSuite(TestCaseMain.java:149)
	at com.kms.katalon.core.main.TestCaseMain$startTestSuite$0.call(Unknown Source)
	at TempTestSuite1563212133201.run(TempTestSuite1563212133201.groovy:36)


2019-07-15 14:00:26 - [MESSAGE][FAILED] - Unable to click on object 'Object Repository/OCS-DESKTOP/Cart flyout/Checkbox_I confirm that' (Root cause: org.openqa.selenium.ElementNotVisibleException: element not interactable
  (Session info: chrome=75.0.3770.100)
  (Driver info: chromedriver=2.43.600229 (3fae4d0cda5334b4f533bede5a4787f7b832d052),platform=Mac OS X 10.13.6 x86_64) (WARNING: The server did not provide any stacktrace information)
Command duration or timeout: 0 milliseconds
Build info: version: '3.7.1', revision: '8a0099a', time: '2017-11-06T21:07:36.161Z'
System info: host: 'sumans-MacBook-Pro.local', ip: 'fe80:0:0:0:143c:9c68:90ad:a50%en0', os.name: 'Mac OS X', os.arch: 'x86_64', os.version: '10.13.6', java.version: '1.8.0_181'
Driver info: com.kms.katalon.selenium.driver.CChromeDriver
Capabilities {acceptInsecureCerts: false, acceptSslCerts: false, applicationCacheEnabled: false, browserConnectionEnabled: false, browserName: chrome, chrome: {chromedriverVersion: 2.43.600229 (3fae4d0cda5334..., userDataDir: /var/folders/1t/c55l8xzs6gq...}, cssSelectorsEnabled: true, databaseEnabled: false, goog:chromeOptions: {debuggerAddress: localhost:50360}, handlesAlerts: true, hasTouchScreen: false, javascriptEnabled: true, locationContextEnabled: true, mobileEmulationEnabled: false, nativeEvents: true, networkConnectionEnabled: false, pageLoadStrategy: normal, platform: MAC, platformName: MAC, rotatable: false, setWindowRect: true, takesHeapSnapshot: true, takesScreenshot: true, unexpectedAlertBehaviour: , unhandledPromptBehavior: , version: 75.0.3770.100, webStorageEnabled: true}
Session ID: c49208e6e03a68f4558a6524a3ce8780)
[[ATTACHMENT|/Users/sumankompelly/git/OCS--Relative-xpath-Desktop/Reports/Suite - Chrome/20190715_133533/1563213625335.png]]

2019-07-15 14:00:26 - [MESSAGE][FAILED] - click(findTestObject("OCS-DESKTOP/Cart flyout/Checkbox_I confirm that")) FAILED.
Reason:
com.kms.katalon.core.exception.StepFailedException: Unable to click on object 'Object Repository/OCS-DESKTOP/Cart flyout/Checkbox_I confirm that' (Root cause: org.openqa.selenium.ElementNotVisibleException: element not interactable
  (Session info: chrome=75.0.3770.100)
  (Driver info: chromedriver=2.43.600229 (3fae4d0cda5334b4f533bede5a4787f7b832d052),platform=Mac OS X 10.13.6 x86_64) (WARNING: The server did not provide any stacktrace information)
Command duration or timeout: 0 milliseconds
Build info: version: '3.7.1', revision: '8a0099a', time: '2017-11-06T21:07:36.161Z'
System info: host: 'sumans-MacBook-Pro.local', ip: 'fe80:0:0:0:143c:9c68:90ad:a50%en0', os.name: 'Mac OS X', os.arch: 'x86_64', os.version: '10.13.6', java.version: '1.8.0_181'
Driver info: com.kms.katalon.selenium.driver.CChromeDriver
Capabilities {acceptInsecureCerts: false, acceptSslCerts: false, applicationCacheEnabled: false, browserConnectionEnabled: false, browserName: chrome, chrome: {chromedriverVersion: 2.43.600229 (3fae4d0cda5334..., userDataDir: /var/folders/1t/c55l8xzs6gq...}, cssSelectorsEnabled: true, databaseEnabled: false, goog:chromeOptions: {debuggerAddress: localhost:50360}, handlesAlerts: true, hasTouchScreen: false, javascriptEnabled: true, locationContextEnabled: true, mobileEmulationEnabled: false, nativeEvents: true, networkConnectionEnabled: false, pageLoadStrategy: normal, platform: MAC, platformName: MAC, rotatable: false, setWindowRect: true, takesHeapSnapshot: true, takesScreenshot: true, unexpectedAlertBehaviour: , unhandledPromptBehavior: , version: 75.0.3770.100, webStorageEnabled: true}
Session ID: c49208e6e03a68f4558a6524a3ce8780)
	at com.kms.katalon.core.keyword.internal.KeywordMain.stepFailed(KeywordMain.groovy:36)
	at com.kms.katalon.core.webui.keyword.internal.WebUIKeywordMain.stepFailed(WebUIKeywordMain.groovy:65)
	at com.kms.katalon.core.webui.keyword.internal.WebUIKeywordMain.runKeyword(WebUIKeywordMain.groovy:27)
	at com.kms.katalon.core.webui.keyword.builtin.ClickKeyword.click(ClickKeyword.groovy:86)
	at com.kms.katalon.core.webui.keyword.builtin.ClickKeyword.execute(ClickKeyword.groovy:67)
	at com.kms.katalon.core.keyword.internal.KeywordExecutor.executeKeywordForPlatform(KeywordExecutor.groovy:53)
	at com.kms.katalon.core.webui.keyword.WebUiBuiltInKeywords.click(WebUiBuiltInKeywords.groovy:616)
	at com.kms.katalon.core.webui.keyword.WebUiBuiltInKeywords$click$4.call(Unknown Source)
	at Checkout - Shipping-fr.run(Checkout - Shipping-fr:59)
	at com.kms.katalon.core.main.ScriptEngine.run(ScriptEngine.java:194)
	at com.kms.katalon.core.main.ScriptEngine.runScriptAsRawText(ScriptEngine.java:119)
	at com.kms.katalon.core.main.TestCaseExecutor.runScript(TestCaseExecutor.java:328)
	at com.kms.katalon.core.main.TestCaseExecutor.doExecute(TestCaseExecutor.java:319)
	at com.kms.katalon.core.main.TestCaseExecutor.processExecutionPhase(TestCaseExecutor.java:298)
	at com.kms.katalon.core.main.TestCaseExecutor.accessMainPhase(TestCaseExecutor.java:290)
	at com.kms.katalon.core.main.TestCaseExecutor.execute(TestCaseExecutor.java:224)
	at com.kms.katalon.core.main.TestSuiteExecutor.accessTestCaseMainPhase(TestSuiteExecutor.java:129)
	at com.kms.katalon.core.main.TestSuiteExecutor.accessTestSuiteMainPhase(TestSuiteExecutor.java:112)
	at com.kms.katalon.core.main.TestSuiteExecutor.execute(TestSuiteExecutor.java:81)
	at com.kms.katalon.core.main.TestCaseMain.startTestSuite(TestCaseMain.java:149)
	at com.kms.katalon.core.main.TestCaseMain$startTestSuite$0.call(Unknown Source)
	at TempTestSuite1563212133201.run(TempTestSuite1563212133201.groovy:36)]]></system-out>
         <system-err><![CDATA[2019-07-15 13:59:35 - [TEST_CASE][FAILED] - Test Cases/OCS - DESKTOP/OCS- CRITICAL PATH - FRENCH/Checkout - Shipping-fr: Test Cases/OCS - DESKTOP/OCS- CRITICAL PATH - FRENCH/Checkout - Shipping-fr FAILED.
Reason:
com.kms.katalon.core.exception.StepFailedException: Unable to click on object 'Object Repository/OCS-DESKTOP/Cart flyout/Checkbox_I confirm that' (Root cause: org.openqa.selenium.ElementNotVisibleException: element not interactable
  (Session info: chrome=75.0.3770.100)
  (Driver info: chromedriver=2.43.600229 (3fae4d0cda5334b4f533bede5a4787f7b832d052),platform=Mac OS X 10.13.6 x86_64) (WARNING: The server did not provide any stacktrace information)
Command duration or timeout: 0 milliseconds
Build info: version: '3.7.1', revision: '8a0099a', time: '2017-11-06T21:07:36.161Z'
System info: host: 'sumans-MacBook-Pro.local', ip: 'fe80:0:0:0:143c:9c68:90ad:a50%en0', os.name: 'Mac OS X', os.arch: 'x86_64', os.version: '10.13.6', java.version: '1.8.0_181'
Driver info: com.kms.katalon.selenium.driver.CChromeDriver
Capabilities {acceptInsecureCerts: false, acceptSslCerts: false, applicationCacheEnabled: false, browserConnectionEnabled: false, browserName: chrome, chrome: {chromedriverVersion: 2.43.600229 (3fae4d0cda5334..., userDataDir: /var/folders/1t/c55l8xzs6gq...}, cssSelectorsEnabled: true, databaseEnabled: false, goog:chromeOptions: {debuggerAddress: localhost:50360}, handlesAlerts: true, hasTouchScreen: false, javascriptEnabled: true, locationContextEnabled: true, mobileEmulationEnabled: false, nativeEvents: true, networkConnectionEnabled: false, pageLoadStrategy: normal, platform: MAC, platformName: MAC, rotatable: false, setWindowRect: true, takesHeapSnapshot: true, takesScreenshot: true, unexpectedAlertBehaviour: , unhandledPromptBehavior: , version: 75.0.3770.100, webStorageEnabled: true}
Session ID: c49208e6e03a68f4558a6524a3ce8780)
	at com.kms.katalon.core.keyword.internal.KeywordMain.stepFailed(KeywordMain.groovy:36)
	at com.kms.katalon.core.webui.keyword.internal.WebUIKeywordMain.stepFailed(WebUIKeywordMain.groovy:65)
	at com.kms.katalon.core.webui.keyword.internal.WebUIKeywordMain.runKeyword(WebUIKeywordMain.groovy:27)
	at com.kms.katalon.core.webui.keyword.builtin.ClickKeyword.click(ClickKeyword.groovy:86)
	at com.kms.katalon.core.webui.keyword.builtin.ClickKeyword.execute(ClickKeyword.groovy:67)
	at com.kms.katalon.core.keyword.internal.KeywordExecutor.executeKeywordForPlatform(KeywordExecutor.groovy:53)
	at com.kms.katalon.core.webui.keyword.WebUiBuiltInKeywords.click(WebUiBuiltInKeywords.groovy:616)
	at com.kms.katalon.core.webui.keyword.WebUiBuiltInKeywords$click$4.call(Unknown Source)
	at Checkout - Shipping-fr.run(Checkout - Shipping-fr:59)
	at com.kms.katalon.core.main.ScriptEngine.run(ScriptEngine.java:194)
	at com.kms.katalon.core.main.ScriptEngine.runScriptAsRawText(ScriptEngine.java:119)
	at com.kms.katalon.core.main.TestCaseExecutor.runScript(TestCaseExecutor.java:328)
	at com.kms.katalon.core.main.TestCaseExecutor.doExecute(TestCaseExecutor.java:319)
	at com.kms.katalon.core.main.TestCaseExecutor.processExecutionPhase(TestCaseExecutor.java:298)
	at com.kms.katalon.core.main.TestCaseExecutor.accessMainPhase(TestCaseExecutor.java:290)
	at com.kms.katalon.core.main.TestCaseExecutor.execute(TestCaseExecutor.java:224)
	at com.kms.katalon.core.main.TestSuiteExecutor.accessTestCaseMainPhase(TestSuiteExecutor.java:129)
	at com.kms.katalon.core.main.TestSuiteExecutor.accessTestSuiteMainPhase(TestSuiteExecutor.java:112)
	at com.kms.katalon.core.main.TestSuiteExecutor.execute(TestSuiteExecutor.java:81)
	at com.kms.katalon.core.main.TestCaseMain.startTestSuite(TestCaseMain.java:149)
	at com.kms.katalon.core.main.TestCaseMain$startTestSuite$0.call(Unknown Source)
	at TempTestSuite1563212133201.run(TempTestSuite1563212133201.groovy:36)]]></system-err>
      </testcase>
      <testcase name="Test Cases/OCS - DESKTOP/OCS- HOME PAGE/Toggling language" classname="Test Cases/OCS - DESKTOP/OCS- HOME PAGE/Toggling language" status="PASSED">
         <system-out><![CDATA[2019-07-15 14:00:26 - [TEST_CASE][PASSED] - Test Cases/OCS - DESKTOP/OCS- HOME PAGE/Toggling language: Test Cases/OCS - DESKTOP/OCS- HOME PAGE/Toggling language

2019-07-15 14:00:26 - [TEST_STEP][PASSED] - callTestCase(findTestCase("OCS - DESKTOP/CALL- Age gate"), [:], STOP_ON_FAILURE): Call Test Case 'Test Cases/OCS - DESKTOP/CALL- Age gate' successfully

2019-07-15 14:00:26 - [TEST_CASE][PASSED] - Test Cases/OCS - DESKTOP/CALL- Age gate: Test Cases/OCS - DESKTOP/CALL- Age gate

2019-07-15 14:00:26 - [TEST_STEP][PASSED] - openBrowser(""): Browser is opened with url: ''

2019-07-15 14:00:26 - [MESSAGE][WARNING] - A browser is already opened. Closing browser and opening a new one

2019-07-15 14:00:26 - [MESSAGE][INFO] - Starting 'Chrome' driver

2019-07-15 14:00:28 - [MESSAGE][PASSED] - Browser is opened with url: ''

2019-07-15 14:00:28 - [TEST_STEP][PASSED] - navigateToUrl("https://ocs.ca/?fts=0&preview_theme_id=74205529932"): Navigate to 'https://ocs.ca/?fts=0&preview_theme_id=74205529932' successfully

2019-07-15 14:00:34 - [MESSAGE][PASSED] - Navigate to 'https://ocs.ca/?fts=0&preview_theme_id=74205529932' successfully

2019-07-15 14:00:34 - [TEST_STEP][PASSED] - maximizeWindow(): Current window maximized

2019-07-15 14:00:34 - [MESSAGE][PASSED] - Current window maximized

2019-07-15 14:00:34 - [TEST_STEP][PASSED] - delay(2): Delayed 2 second(s)

2019-07-15 14:00:36 - [MESSAGE][PASSED] - Delayed 2 second(s)

2019-07-15 14:00:36 - [TEST_STEP][PASSED] - executeJavaScript("var previewBar = document.getElementById("preview-bar-iframe"); previewBar.style.display = "none";", []): Execute JavaScript 'var previewBar = document.getElementById("preview-bar-iframe"); previewBar.style.display = "none";' successfully

2019-07-15 14:00:36 - [MESSAGE][PASSED] - Execute JavaScript 'var previewBar = document.getElementById("preview-bar-iframe"); previewBar.style.display = "none";' successfully

2019-07-15 14:00:36 - [TEST_STEP][PASSED] - selectOptionByValue(findTestObject("OCS-DESKTOP/Age gate and Mega menu/Date"), "12", true): All options with value '12' are selected in object 'Object Repository/OCS-DESKTOP/Age gate and Mega menu/Date'  using regular expression

2019-07-15 14:00:37 - [MESSAGE][PASSED] - All options with value '12' are selected in object 'Object Repository/OCS-DESKTOP/Age gate and Mega menu/Date'  using regular expression

2019-07-15 14:00:37 - [TEST_STEP][PASSED] - selectOptionByValue(findTestObject("OCS-DESKTOP/Age gate and Mega menu/month"), "6", true): All options with value '6' are selected in object 'Object Repository/OCS-DESKTOP/Age gate and Mega menu/month'  using regular expression

2019-07-15 14:00:37 - [MESSAGE][PASSED] - All options with value '6' are selected in object 'Object Repository/OCS-DESKTOP/Age gate and Mega menu/month'  using regular expression

2019-07-15 14:00:37 - [TEST_STEP][PASSED] - delay(2): Delayed 2 second(s)

2019-07-15 14:00:39 - [MESSAGE][PASSED] - Delayed 2 second(s)

2019-07-15 14:00:39 - [TEST_STEP][PASSED] - selectOptionByValue(findTestObject("OCS-DESKTOP/Age gate and Mega menu/Year Dropdown"), "1990", true): All options with value '1990' are selected in object 'Object Repository/OCS-DESKTOP/Age gate and Mega menu/Year Dropdown'  using regular expression

2019-07-15 14:00:40 - [MESSAGE][PASSED] - All options with value '1990' are selected in object 'Object Repository/OCS-DESKTOP/Age gate and Mega menu/Year Dropdown'  using regular expression

2019-07-15 14:00:40 - [TEST_STEP][PASSED] - click(findTestObject("OCS-DESKTOP/Age gate and Mega menu/button_Verify")): Object: 'Object Repository/OCS-DESKTOP/Age gate and Mega menu/button_Verify' is clicked on

2019-07-15 14:00:40 - [MESSAGE][PASSED] - Object: 'Object Repository/OCS-DESKTOP/Age gate and Mega menu/button_Verify' is clicked on

2019-07-15 14:00:40 - [TEST_STEP][PASSED] - click(findTestObject("OCS-DESKTOP/Age gate and Mega menu/Checkbox_CONFIRM AND ACKNOWLEDGE")): Object: 'Object Repository/OCS-DESKTOP/Age gate and Mega menu/Checkbox_CONFIRM AND ACKNOWLEDGE' is clicked on

2019-07-15 14:00:41 - [MESSAGE][PASSED] - Object: 'Object Repository/OCS-DESKTOP/Age gate and Mega menu/Checkbox_CONFIRM AND ACKNOWLEDGE' is clicked on

2019-07-15 14:00:41 - [TEST_STEP][PASSED] - click(findTestObject("OCS-DESKTOP/Age gate and Mega menu/button_CONFIRM")): Object: 'Object Repository/OCS-DESKTOP/Age gate and Mega menu/button_CONFIRM' is clicked on

2019-07-15 14:00:41 - [MESSAGE][PASSED] - Object: 'Object Repository/OCS-DESKTOP/Age gate and Mega menu/button_CONFIRM' is clicked on

2019-07-15 14:00:41 - [TEST_STEP][PASSED] - click(findTestObject("OCS-DESKTOP/Age gate and Mega menu/button_Start Browsing")): Object: 'Object Repository/OCS-DESKTOP/Age gate and Mega menu/button_Start Browsing' is clicked on

2019-07-15 14:00:41 - [MESSAGE][PASSED] - Object: 'Object Repository/OCS-DESKTOP/Age gate and Mega menu/button_Start Browsing' is clicked on

2019-07-15 14:00:41 - [TEST_STEP][PASSED] - delay(2): Delayed 2 second(s)

2019-07-15 14:00:43 - [MESSAGE][PASSED] - Delayed 2 second(s)

2019-07-15 14:00:43 - [TEST_STEP][PASSED] - refresh(): Refresh successfully

2019-07-15 14:00:43 - [MESSAGE][PASSED] - Refresh successfully

2019-07-15 14:00:43 - [MESSAGE][PASSED] - Call Test Case 'Test Cases/OCS - DESKTOP/CALL- Age gate' successfully

2019-07-15 14:00:43 - [TEST_STEP][PASSED] - delay(2): Delayed 2 second(s)

2019-07-15 14:00:45 - [MESSAGE][PASSED] - Delayed 2 second(s)

2019-07-15 14:00:45 - [TEST_STEP][PASSED] - click(findTestObject("OCS-DESKTOP/Cart flyout/English dropdown")): Object: 'Object Repository/OCS-DESKTOP/Cart flyout/English dropdown' is clicked on

2019-07-15 14:00:46 - [MESSAGE][PASSED] - Object: 'Object Repository/OCS-DESKTOP/Cart flyout/English dropdown' is clicked on

2019-07-15 14:00:46 - [TEST_STEP][PASSED] - delay(2): Delayed 2 second(s)

2019-07-15 14:00:48 - [MESSAGE][PASSED] - Delayed 2 second(s)

2019-07-15 14:00:48 - [TEST_STEP][PASSED] - executeJavaScript("var previewBar = document.getElementById("preview-bar-iframe"); previewBar.style.display = "none";", []): Execute JavaScript 'var previewBar = document.getElementById("preview-bar-iframe"); previewBar.style.display = "none";' successfully

2019-07-15 14:00:48 - [MESSAGE][PASSED] - Execute JavaScript 'var previewBar = document.getElementById("preview-bar-iframe"); previewBar.style.display = "none";' successfully

2019-07-15 14:00:48 - [TEST_STEP][PASSED] - click(findTestObject("OCS-DESKTOP/Cart flyout/Select French")): Object: 'Object Repository/OCS-DESKTOP/Cart flyout/Select French' is clicked on

2019-07-15 14:00:48 - [MESSAGE][PASSED] - Object: 'Object Repository/OCS-DESKTOP/Cart flyout/Select French' is clicked on

2019-07-15 14:00:48 - [TEST_STEP][PASSED] - delay(5): Delayed 5 second(s)

2019-07-15 14:00:53 - [MESSAGE][PASSED] - Delayed 5 second(s)

2019-07-15 14:00:53 - [TEST_STEP][PASSED] - a = getWindowTitle(): Current window's title is: 'Magasin de Cannabis de l'Ontario | Ontario Cannabis Store'

2019-07-15 14:00:53 - [MESSAGE][PASSED] - Current window's title is: 'Magasin de Cannabis de l'Ontario | Ontario Cannabis Store'

2019-07-15 14:00:53 - [TEST_STEP][PASSED] - comment("a = " + a): a = Magasin de Cannabis de l'Ontario | Ontario Cannabis Store

2019-07-15 14:00:53 - [MESSAGE][INFO] - a = Magasin de Cannabis de l'Ontario | Ontario Cannabis Store

2019-07-15 14:00:53 - [TEST_STEP][PASSED] - b = "Magasin de Cannabis de l'Ontario | Ontario Cannabis Store": null

2019-07-15 14:00:53 - [TEST_STEP][PASSED] - delay(2): Delayed 2 second(s)

2019-07-15 14:00:55 - [MESSAGE][PASSED] - Delayed 2 second(s)

2019-07-15 14:00:55 - [TEST_STEP][PASSED] - flag1 = verifyMatch(a, b, false): Actual text 'Magasin de Cannabis de l'Ontario | Ontario Cannabis Store' and expected text 'Magasin de Cannabis de l'Ontario | Ontario Cannabis Store' are matched 

2019-07-15 14:00:55 - [MESSAGE][PASSED] - Actual text 'Magasin de Cannabis de l'Ontario | Ontario Cannabis Store' and expected text 'Magasin de Cannabis de l'Ontario | Ontario Cannabis Store' are matched 

2019-07-15 14:00:55 - [TEST_STEP][PASSED] - comment("flag = " + flag1): flag = true

2019-07-15 14:00:55 - [MESSAGE][INFO] - flag = true

2019-07-15 14:00:55 - [TEST_STEP][PASSED] - if (flag1 == true): translated  to french

2019-07-15 14:00:55 - [TEST_STEP][PASSED] - comment("translated  to french"): translated  to french

2019-07-15 14:00:55 - [MESSAGE][INFO] - translated  to french

2019-07-15 14:00:55 - [TEST_STEP][PASSED] - delay(2): Delayed 2 second(s)

2019-07-15 14:00:57 - [MESSAGE][PASSED] - Delayed 2 second(s)

2019-07-15 14:00:57 - [TEST_STEP][PASSED] - click(findTestObject("OCS-DESKTOP/Cart flyout/French dropdown")): Object: 'Object Repository/OCS-DESKTOP/Cart flyout/French dropdown' is clicked on

2019-07-15 14:00:57 - [MESSAGE][PASSED] - Object: 'Object Repository/OCS-DESKTOP/Cart flyout/French dropdown' is clicked on

2019-07-15 14:00:57 - [TEST_STEP][PASSED] - delay(2): Delayed 2 second(s)

2019-07-15 14:00:59 - [MESSAGE][PASSED] - Delayed 2 second(s)

2019-07-15 14:00:59 - [TEST_STEP][PASSED] - click(findTestObject("OCS-DESKTOP/Cart flyout/Select English")): Object: 'Object Repository/OCS-DESKTOP/Cart flyout/Select English' is clicked on

2019-07-15 14:01:00 - [MESSAGE][PASSED] - Object: 'Object Repository/OCS-DESKTOP/Cart flyout/Select English' is clicked on

2019-07-15 14:01:00 - [TEST_STEP][PASSED] - delay(5): Delayed 5 second(s)

2019-07-15 14:01:05 - [MESSAGE][PASSED] - Delayed 5 second(s)

2019-07-15 14:01:05 - [TEST_STEP][PASSED] - c = getWindowTitle(): Current window's title is: 'Ontario Cannabis Store | Ontario Cannabis Store'

2019-07-15 14:01:05 - [MESSAGE][PASSED] - Current window's title is: 'Ontario Cannabis Store | Ontario Cannabis Store'

2019-07-15 14:01:05 - [TEST_STEP][PASSED] - comment("c =" + c): c =Ontario Cannabis Store | Ontario Cannabis Store

2019-07-15 14:01:05 - [MESSAGE][INFO] - c =Ontario Cannabis Store | Ontario Cannabis Store

2019-07-15 14:01:05 - [TEST_STEP][PASSED] - d = "Ontario Cannabis Store | Ontario Cannabis Store": null

2019-07-15 14:01:05 - [TEST_STEP][PASSED] - comment("d =" + d): d =Ontario Cannabis Store | Ontario Cannabis Store

2019-07-15 14:01:05 - [MESSAGE][INFO] - d =Ontario Cannabis Store | Ontario Cannabis Store

2019-07-15 14:01:05 - [TEST_STEP][PASSED] - flag = verifyMatch(c, d, false): Actual text 'Ontario Cannabis Store | Ontario Cannabis Store' and expected text 'Ontario Cannabis Store | Ontario Cannabis Store' are matched 

2019-07-15 14:01:05 - [MESSAGE][PASSED] - Actual text 'Ontario Cannabis Store | Ontario Cannabis Store' and expected text 'Ontario Cannabis Store | Ontario Cannabis Store' are matched 

2019-07-15 14:01:05 - [TEST_STEP][PASSED] - comment(" flag = " + flag):  flag = true

2019-07-15 14:01:05 - [MESSAGE][INFO] -  flag = true

2019-07-15 14:01:05 - [TEST_STEP][PASSED] - if (flag == true):  Language changing is successful

2019-07-15 14:01:05 - [TEST_STEP][PASSED] - comment(" Language changing is successful"):  Language changing is successful

2019-07-15 14:01:05 - [MESSAGE][INFO] -  Language changing is successful]]></system-out>
         <system-err><![CDATA[]]></system-err>
      </testcase>
      <testcase name="Test Cases/OCS - DESKTOP/OCS- HOME PAGE/HP-Burger menu-Accessories" classname="Test Cases/OCS - DESKTOP/OCS- HOME PAGE/HP-Burger menu-Accessories" status="PASSED">
         <system-out><![CDATA[2019-07-15 14:01:05 - [TEST_CASE][PASSED] - Test Cases/OCS - DESKTOP/OCS- HOME PAGE/HP-Burger menu-Accessories: Test Cases/OCS - DESKTOP/OCS- HOME PAGE/HP-Burger menu-Accessories

2019-07-15 14:01:05 - [TEST_STEP][PASSED] - callTestCase(findTestCase("OCS - DESKTOP/CALL- Age gate"), [:], STOP_ON_FAILURE): Call Test Case 'Test Cases/OCS - DESKTOP/CALL- Age gate' successfully

2019-07-15 14:01:05 - [TEST_CASE][PASSED] - Test Cases/OCS - DESKTOP/CALL- Age gate: Test Cases/OCS - DESKTOP/CALL- Age gate

2019-07-15 14:01:05 - [TEST_STEP][PASSED] - openBrowser(""): Browser is opened with url: ''

2019-07-15 14:01:05 - [MESSAGE][WARNING] - A browser is already opened. Closing browser and opening a new one

2019-07-15 14:01:05 - [MESSAGE][INFO] - Starting 'Chrome' driver

2019-07-15 14:01:06 - [MESSAGE][PASSED] - Browser is opened with url: ''

2019-07-15 14:01:06 - [TEST_STEP][PASSED] - navigateToUrl("https://ocs.ca/?fts=0&preview_theme_id=74205529932"): Navigate to 'https://ocs.ca/?fts=0&preview_theme_id=74205529932' successfully

2019-07-15 14:01:11 - [MESSAGE][PASSED] - Navigate to 'https://ocs.ca/?fts=0&preview_theme_id=74205529932' successfully

2019-07-15 14:01:11 - [TEST_STEP][PASSED] - maximizeWindow(): Current window maximized

2019-07-15 14:01:11 - [MESSAGE][PASSED] - Current window maximized

2019-07-15 14:01:11 - [TEST_STEP][PASSED] - delay(2): Delayed 2 second(s)

2019-07-15 14:01:13 - [MESSAGE][PASSED] - Delayed 2 second(s)

2019-07-15 14:01:13 - [TEST_STEP][PASSED] - executeJavaScript("var previewBar = document.getElementById("preview-bar-iframe"); previewBar.style.display = "none";", []): Execute JavaScript 'var previewBar = document.getElementById("preview-bar-iframe"); previewBar.style.display = "none";' successfully

2019-07-15 14:01:13 - [MESSAGE][PASSED] - Execute JavaScript 'var previewBar = document.getElementById("preview-bar-iframe"); previewBar.style.display = "none";' successfully

2019-07-15 14:01:13 - [TEST_STEP][PASSED] - selectOptionByValue(findTestObject("OCS-DESKTOP/Age gate and Mega menu/Date"), "12", true): All options with value '12' are selected in object 'Object Repository/OCS-DESKTOP/Age gate and Mega menu/Date'  using regular expression

2019-07-15 14:01:13 - [MESSAGE][PASSED] - All options with value '12' are selected in object 'Object Repository/OCS-DESKTOP/Age gate and Mega menu/Date'  using regular expression

2019-07-15 14:01:13 - [TEST_STEP][PASSED] - selectOptionByValue(findTestObject("OCS-DESKTOP/Age gate and Mega menu/month"), "6", true): All options with value '6' are selected in object 'Object Repository/OCS-DESKTOP/Age gate and Mega menu/month'  using regular expression

2019-07-15 14:01:14 - [MESSAGE][PASSED] - All options with value '6' are selected in object 'Object Repository/OCS-DESKTOP/Age gate and Mega menu/month'  using regular expression

2019-07-15 14:01:14 - [TEST_STEP][PASSED] - delay(2): Delayed 2 second(s)

2019-07-15 14:01:16 - [MESSAGE][PASSED] - Delayed 2 second(s)

2019-07-15 14:01:16 - [TEST_STEP][PASSED] - selectOptionByValue(findTestObject("OCS-DESKTOP/Age gate and Mega menu/Year Dropdown"), "1990", true): All options with value '1990' are selected in object 'Object Repository/OCS-DESKTOP/Age gate and Mega menu/Year Dropdown'  using regular expression

2019-07-15 14:01:17 - [MESSAGE][PASSED] - All options with value '1990' are selected in object 'Object Repository/OCS-DESKTOP/Age gate and Mega menu/Year Dropdown'  using regular expression

2019-07-15 14:01:17 - [TEST_STEP][PASSED] - click(findTestObject("OCS-DESKTOP/Age gate and Mega menu/button_Verify")): Object: 'Object Repository/OCS-DESKTOP/Age gate and Mega menu/button_Verify' is clicked on

2019-07-15 14:01:17 - [MESSAGE][PASSED] - Object: 'Object Repository/OCS-DESKTOP/Age gate and Mega menu/button_Verify' is clicked on

2019-07-15 14:01:17 - [TEST_STEP][PASSED] - click(findTestObject("OCS-DESKTOP/Age gate and Mega menu/Checkbox_CONFIRM AND ACKNOWLEDGE")): Object: 'Object Repository/OCS-DESKTOP/Age gate and Mega menu/Checkbox_CONFIRM AND ACKNOWLEDGE' is clicked on

2019-07-15 14:01:17 - [MESSAGE][PASSED] - Object: 'Object Repository/OCS-DESKTOP/Age gate and Mega menu/Checkbox_CONFIRM AND ACKNOWLEDGE' is clicked on

2019-07-15 14:01:17 - [TEST_STEP][PASSED] - click(findTestObject("OCS-DESKTOP/Age gate and Mega menu/button_CONFIRM")): Object: 'Object Repository/OCS-DESKTOP/Age gate and Mega menu/button_CONFIRM' is clicked on

2019-07-15 14:01:17 - [MESSAGE][PASSED] - Object: 'Object Repository/OCS-DESKTOP/Age gate and Mega menu/button_CONFIRM' is clicked on

2019-07-15 14:01:17 - [TEST_STEP][PASSED] - click(findTestObject("OCS-DESKTOP/Age gate and Mega menu/button_Start Browsing")): Object: 'Object Repository/OCS-DESKTOP/Age gate and Mega menu/button_Start Browsing' is clicked on

2019-07-15 14:01:17 - [MESSAGE][PASSED] - Object: 'Object Repository/OCS-DESKTOP/Age gate and Mega menu/button_Start Browsing' is clicked on

2019-07-15 14:01:17 - [TEST_STEP][PASSED] - delay(2): Delayed 2 second(s)

2019-07-15 14:01:19 - [MESSAGE][PASSED] - Delayed 2 second(s)

2019-07-15 14:01:19 - [TEST_STEP][PASSED] - refresh(): Refresh successfully

2019-07-15 14:01:19 - [MESSAGE][PASSED] - Refresh successfully

2019-07-15 14:01:19 - [MESSAGE][PASSED] - Call Test Case 'Test Cases/OCS - DESKTOP/CALL- Age gate' successfully

2019-07-15 14:01:19 - [TEST_STEP][PASSED] - delay(2, CONTINUE_ON_FAILURE): Delayed 2 second(s)

2019-07-15 14:01:21 - [MESSAGE][PASSED] - Delayed 2 second(s)

2019-07-15 14:01:21 - [TEST_STEP][PASSED] - click(findTestObject("OCS-DESKTOP/Age gate and Mega menu/Header/ACCESSORIES menu - En"), CONTINUE_ON_FAILURE): Object: 'Object Repository/OCS-DESKTOP/Age gate and Mega menu/Header/ACCESSORIES menu - En' is clicked on

2019-07-15 14:01:22 - [MESSAGE][PASSED] - Object: 'Object Repository/OCS-DESKTOP/Age gate and Mega menu/Header/ACCESSORIES menu - En' is clicked on

2019-07-15 14:01:22 - [TEST_STEP][PASSED] - delay(2, CONTINUE_ON_FAILURE): Delayed 2 second(s)

2019-07-15 14:01:24 - [MESSAGE][PASSED] - Delayed 2 second(s)

2019-07-15 14:01:24 - [TEST_STEP][NOT_RUN] - click(findTestObject("OCS-DESKTOP/Accessories page/All accessories"), STOP_ON_FAILURE): NOT_RUN: click(findTestObject("OCS-DESKTOP/Accessories page/All accessories"), STOP_ON_FAILURE)

2019-07-15 14:01:24 - [MESSAGE][NOT_RUN] - NOT_RUN: click(findTestObject("OCS-DESKTOP/Accessories page/All accessories"), STOP_ON_FAILURE)

2019-07-15 14:01:24 - [TEST_STEP][PASSED] - delay(1, CONTINUE_ON_FAILURE): Delayed 1 second(s)

2019-07-15 14:01:25 - [MESSAGE][PASSED] - Delayed 1 second(s)

2019-07-15 14:01:25 - [TEST_STEP][PASSED] - click(findTestObject("OCS-DESKTOP/Age gate and Mega menu/Header/ACCESSORIES menu - En"), CONTINUE_ON_FAILURE): Object: 'Object Repository/OCS-DESKTOP/Age gate and Mega menu/Header/ACCESSORIES menu - En' is clicked on

2019-07-15 14:01:26 - [MESSAGE][PASSED] - Object: 'Object Repository/OCS-DESKTOP/Age gate and Mega menu/Header/ACCESSORIES menu - En' is clicked on

2019-07-15 14:01:26 - [TEST_STEP][PASSED] - delay(1, CONTINUE_ON_FAILURE): Delayed 1 second(s)

2019-07-15 14:01:27 - [MESSAGE][PASSED] - Delayed 1 second(s)

2019-07-15 14:01:27 - [TEST_STEP][PASSED] - click(findTestObject("OCS-DESKTOP/Accessories page/Vaporizers"), CONTINUE_ON_FAILURE): Object: 'Object Repository/OCS-DESKTOP/Accessories page/Vaporizers' is clicked on

2019-07-15 14:01:29 - [MESSAGE][PASSED] - Object: 'Object Repository/OCS-DESKTOP/Accessories page/Vaporizers' is clicked on

2019-07-15 14:01:29 - [TEST_STEP][PASSED] - delay(1, CONTINUE_ON_FAILURE): Delayed 1 second(s)

2019-07-15 14:01:30 - [MESSAGE][PASSED] - Delayed 1 second(s)

2019-07-15 14:01:30 - [TEST_STEP][PASSED] - a = getWindowTitle(CONTINUE_ON_FAILURE): Current window's title is: 'Vaporizers | Ontario Cannabis Store'

2019-07-15 14:01:30 - [MESSAGE][PASSED] - Current window's title is: 'Vaporizers | Ontario Cannabis Store'

2019-07-15 14:01:30 - [TEST_STEP][PASSED] - comment(a): Vaporizers | Ontario Cannabis Store

2019-07-15 14:01:30 - [MESSAGE][INFO] - Vaporizers | Ontario Cannabis Store

2019-07-15 14:01:30 - [TEST_STEP][PASSED] - b = "Vaporizers | Ontario Cannabis Store": null

2019-07-15 14:01:30 - [TEST_STEP][PASSED] - comment(b): Vaporizers | Ontario Cannabis Store

2019-07-15 14:01:30 - [MESSAGE][INFO] - Vaporizers | Ontario Cannabis Store

2019-07-15 14:01:30 - [TEST_STEP][PASSED] - if (a == b): correct window page 

2019-07-15 14:01:30 - [TEST_STEP][PASSED] - comment("correct window page "): correct window page 

2019-07-15 14:01:30 - [MESSAGE][INFO] - correct window page 

2019-07-15 14:01:30 - [TEST_STEP][PASSED] - delay(1, CONTINUE_ON_FAILURE): Delayed 1 second(s)

2019-07-15 14:01:31 - [MESSAGE][PASSED] - Delayed 1 second(s)

2019-07-15 14:01:31 - [TEST_STEP][PASSED] - click(findTestObject("OCS-DESKTOP/Age gate and Mega menu/Header/ACCESSORIES menu - En"), CONTINUE_ON_FAILURE): Object: 'Object Repository/OCS-DESKTOP/Age gate and Mega menu/Header/ACCESSORIES menu - En' is clicked on

2019-07-15 14:01:31 - [MESSAGE][PASSED] - Object: 'Object Repository/OCS-DESKTOP/Age gate and Mega menu/Header/ACCESSORIES menu - En' is clicked on

2019-07-15 14:01:31 - [TEST_STEP][PASSED] - delay(2, CONTINUE_ON_FAILURE): Delayed 2 second(s)

2019-07-15 14:01:33 - [MESSAGE][PASSED] - Delayed 2 second(s)

2019-07-15 14:01:33 - [TEST_STEP][PASSED] - delay(1, CONTINUE_ON_FAILURE): Delayed 1 second(s)

2019-07-15 14:01:34 - [MESSAGE][PASSED] - Delayed 1 second(s)

2019-07-15 14:01:34 - [TEST_STEP][PASSED] - click(findTestObject("OCS-DESKTOP/Accessories page/Bongs - water pipes"), CONTINUE_ON_FAILURE): Object: 'Object Repository/OCS-DESKTOP/Accessories page/Bongs - water pipes' is clicked on

2019-07-15 14:01:36 - [MESSAGE][PASSED] - Object: 'Object Repository/OCS-DESKTOP/Accessories page/Bongs - water pipes' is clicked on

2019-07-15 14:01:36 - [TEST_STEP][PASSED] - delay(1, CONTINUE_ON_FAILURE): Delayed 1 second(s)

2019-07-15 14:01:37 - [MESSAGE][PASSED] - Delayed 1 second(s)

2019-07-15 14:01:37 - [TEST_STEP][PASSED] - a1 = getWindowTitle(CONTINUE_ON_FAILURE): Current window's title is: 'Bongs & Water Pipes | Ontario Cannabis Store'

2019-07-15 14:01:37 - [MESSAGE][PASSED] - Current window's title is: 'Bongs & Water Pipes | Ontario Cannabis Store'

2019-07-15 14:01:37 - [TEST_STEP][PASSED] - comment(a1): Bongs & Water Pipes | Ontario Cannabis Store

2019-07-15 14:01:37 - [MESSAGE][INFO] - Bongs & Water Pipes | Ontario Cannabis Store

2019-07-15 14:01:37 - [TEST_STEP][PASSED] - b1 = "Bongs & Water Pipes | Ontario Cannabis Store": null

2019-07-15 14:01:37 - [TEST_STEP][PASSED] - comment(b1): Bongs & Water Pipes | Ontario Cannabis Store

2019-07-15 14:01:37 - [MESSAGE][INFO] - Bongs & Water Pipes | Ontario Cannabis Store

2019-07-15 14:01:37 - [TEST_STEP][PASSED] - if (a1 == b1): correct window page 

2019-07-15 14:01:37 - [TEST_STEP][PASSED] - comment("correct window page "): correct window page 

2019-07-15 14:01:37 - [MESSAGE][INFO] - correct window page 

2019-07-15 14:01:37 - [TEST_STEP][PASSED] - delay(1, CONTINUE_ON_FAILURE): Delayed 1 second(s)

2019-07-15 14:01:38 - [MESSAGE][PASSED] - Delayed 1 second(s)

2019-07-15 14:01:38 - [TEST_STEP][PASSED] - click(findTestObject("OCS-DESKTOP/Age gate and Mega menu/Header/ACCESSORIES menu - En"), CONTINUE_ON_FAILURE): Object: 'Object Repository/OCS-DESKTOP/Age gate and Mega menu/Header/ACCESSORIES menu - En' is clicked on

2019-07-15 14:01:38 - [MESSAGE][PASSED] - Object: 'Object Repository/OCS-DESKTOP/Age gate and Mega menu/Header/ACCESSORIES menu - En' is clicked on

2019-07-15 14:01:38 - [TEST_STEP][PASSED] - delay(2, CONTINUE_ON_FAILURE): Delayed 2 second(s)

2019-07-15 14:01:40 - [MESSAGE][PASSED] - Delayed 2 second(s)

2019-07-15 14:01:40 - [TEST_STEP][PASSED] - delay(1, CONTINUE_ON_FAILURE): Delayed 1 second(s)

2019-07-15 14:01:41 - [MESSAGE][PASSED] - Delayed 1 second(s)

2019-07-15 14:01:41 - [TEST_STEP][PASSED] - click(findTestObject("OCS-DESKTOP/Accessories page/Handheld pipes"), CONTINUE_ON_FAILURE): Object: 'Object Repository/OCS-DESKTOP/Accessories page/Handheld pipes' is clicked on

2019-07-15 14:01:43 - [MESSAGE][PASSED] - Object: 'Object Repository/OCS-DESKTOP/Accessories page/Handheld pipes' is clicked on

2019-07-15 14:01:43 - [TEST_STEP][PASSED] - delay(1, CONTINUE_ON_FAILURE): Delayed 1 second(s)

2019-07-15 14:01:44 - [MESSAGE][PASSED] - Delayed 1 second(s)

2019-07-15 14:01:44 - [TEST_STEP][PASSED] - a11 = getWindowTitle(CONTINUE_ON_FAILURE): Current window's title is: 'Handheld Pipes | Ontario Cannabis Store'

2019-07-15 14:01:44 - [MESSAGE][PASSED] - Current window's title is: 'Handheld Pipes | Ontario Cannabis Store'

2019-07-15 14:01:44 - [TEST_STEP][PASSED] - comment(a11): Handheld Pipes | Ontario Cannabis Store

2019-07-15 14:01:44 - [MESSAGE][INFO] - Handheld Pipes | Ontario Cannabis Store

2019-07-15 14:01:44 - [TEST_STEP][PASSED] - b11 = "Handheld Pipes | Ontario Cannabis Store": null

2019-07-15 14:01:44 - [TEST_STEP][PASSED] - comment(b11): Handheld Pipes | Ontario Cannabis Store

2019-07-15 14:01:44 - [MESSAGE][INFO] - Handheld Pipes | Ontario Cannabis Store

2019-07-15 14:01:44 - [TEST_STEP][PASSED] - if (a11 == b11): correct window page 

2019-07-15 14:01:44 - [TEST_STEP][PASSED] - comment("correct window page "): correct window page 

2019-07-15 14:01:44 - [MESSAGE][INFO] - correct window page 

2019-07-15 14:01:44 - [TEST_STEP][PASSED] - delay(1, CONTINUE_ON_FAILURE): Delayed 1 second(s)

2019-07-15 14:01:45 - [MESSAGE][PASSED] - Delayed 1 second(s)

2019-07-15 14:01:45 - [TEST_STEP][PASSED] - click(findTestObject("OCS-DESKTOP/Age gate and Mega menu/Header/ACCESSORIES menu - En"), CONTINUE_ON_FAILURE): Object: 'Object Repository/OCS-DESKTOP/Age gate and Mega menu/Header/ACCESSORIES menu - En' is clicked on

2019-07-15 14:01:46 - [MESSAGE][PASSED] - Object: 'Object Repository/OCS-DESKTOP/Age gate and Mega menu/Header/ACCESSORIES menu - En' is clicked on

2019-07-15 14:01:46 - [TEST_STEP][PASSED] - delay(2, CONTINUE_ON_FAILURE): Delayed 2 second(s)

2019-07-15 14:01:48 - [MESSAGE][PASSED] - Delayed 2 second(s)

2019-07-15 14:01:48 - [TEST_STEP][PASSED] - delay(1, CONTINUE_ON_FAILURE): Delayed 1 second(s)

2019-07-15 14:01:49 - [MESSAGE][PASSED] - Delayed 1 second(s)

2019-07-15 14:01:49 - [TEST_STEP][PASSED] - click(findTestObject("OCS-DESKTOP/Accessories page/Papers -filters"), CONTINUE_ON_FAILURE): Object: 'Object Repository/OCS-DESKTOP/Accessories page/Papers -filters' is clicked on

2019-07-15 14:01:50 - [MESSAGE][PASSED] - Object: 'Object Repository/OCS-DESKTOP/Accessories page/Papers -filters' is clicked on

2019-07-15 14:01:50 - [TEST_STEP][PASSED] - delay(1, CONTINUE_ON_FAILURE): Delayed 1 second(s)

2019-07-15 14:01:51 - [MESSAGE][PASSED] - Delayed 1 second(s)

2019-07-15 14:01:51 - [TEST_STEP][PASSED] - a111 = getWindowTitle(CONTINUE_ON_FAILURE): Current window's title is: 'Papers & Filters | Ontario Cannabis Store'

2019-07-15 14:01:51 - [MESSAGE][PASSED] - Current window's title is: 'Papers & Filters | Ontario Cannabis Store'

2019-07-15 14:01:51 - [TEST_STEP][PASSED] - comment(a111): Papers & Filters | Ontario Cannabis Store

2019-07-15 14:01:51 - [MESSAGE][INFO] - Papers & Filters | Ontario Cannabis Store

2019-07-15 14:01:51 - [TEST_STEP][PASSED] - b111 = "Papers & Filters | Ontario Cannabis Store": null

2019-07-15 14:01:51 - [TEST_STEP][PASSED] - comment(b111): Papers & Filters | Ontario Cannabis Store

2019-07-15 14:01:51 - [MESSAGE][INFO] - Papers & Filters | Ontario Cannabis Store

2019-07-15 14:01:51 - [TEST_STEP][PASSED] - if (a111 == b111): correct window page 

2019-07-15 14:01:51 - [TEST_STEP][PASSED] - comment("correct window page "): correct window page 

2019-07-15 14:01:51 - [MESSAGE][INFO] - correct window page 

2019-07-15 14:01:51 - [TEST_STEP][PASSED] - delay(1, CONTINUE_ON_FAILURE): Delayed 1 second(s)

2019-07-15 14:01:52 - [MESSAGE][PASSED] - Delayed 1 second(s)

2019-07-15 14:01:52 - [TEST_STEP][PASSED] - click(findTestObject("OCS-DESKTOP/Age gate and Mega menu/Header/ACCESSORIES menu - En"), CONTINUE_ON_FAILURE): Object: 'Object Repository/OCS-DESKTOP/Age gate and Mega menu/Header/ACCESSORIES menu - En' is clicked on

2019-07-15 14:01:52 - [MESSAGE][PASSED] - Object: 'Object Repository/OCS-DESKTOP/Age gate and Mega menu/Header/ACCESSORIES menu - En' is clicked on

2019-07-15 14:01:52 - [TEST_STEP][PASSED] - delay(2, CONTINUE_ON_FAILURE): Delayed 2 second(s)

2019-07-15 14:01:54 - [MESSAGE][PASSED] - Delayed 2 second(s)

2019-07-15 14:01:54 - [TEST_STEP][PASSED] - delay(1, CONTINUE_ON_FAILURE): Delayed 1 second(s)

2019-07-15 14:01:55 - [MESSAGE][PASSED] - Delayed 1 second(s)

2019-07-15 14:01:55 - [TEST_STEP][PASSED] - click(findTestObject("OCS-DESKTOP/Accessories page/Grinders"), CONTINUE_ON_FAILURE): Object: 'Object Repository/OCS-DESKTOP/Accessories page/Grinders' is clicked on

2019-07-15 14:01:59 - [MESSAGE][PASSED] - Object: 'Object Repository/OCS-DESKTOP/Accessories page/Grinders' is clicked on

2019-07-15 14:01:59 - [TEST_STEP][PASSED] - delay(1, CONTINUE_ON_FAILURE): Delayed 1 second(s)

2019-07-15 14:02:00 - [MESSAGE][PASSED] - Delayed 1 second(s)

2019-07-15 14:02:00 - [TEST_STEP][PASSED] - a1111 = getWindowTitle(CONTINUE_ON_FAILURE): Current window's title is: 'Grinders | Ontario Cannabis Store'

2019-07-15 14:02:00 - [MESSAGE][PASSED] - Current window's title is: 'Grinders | Ontario Cannabis Store'

2019-07-15 14:02:00 - [TEST_STEP][PASSED] - comment(a1111): Grinders | Ontario Cannabis Store

2019-07-15 14:02:00 - [MESSAGE][INFO] - Grinders | Ontario Cannabis Store

2019-07-15 14:02:00 - [TEST_STEP][PASSED] - b1111 = "Grinders | Ontario Cannabis Store": null

2019-07-15 14:02:00 - [TEST_STEP][PASSED] - comment(b1111): Grinders | Ontario Cannabis Store

2019-07-15 14:02:00 - [MESSAGE][INFO] - Grinders | Ontario Cannabis Store

2019-07-15 14:02:00 - [TEST_STEP][PASSED] - if (a1111 == b1111): correct window page 

2019-07-15 14:02:00 - [TEST_STEP][PASSED] - comment("correct window page "): correct window page 

2019-07-15 14:02:00 - [MESSAGE][INFO] - correct window page 

2019-07-15 14:02:00 - [TEST_STEP][PASSED] - delay(1, CONTINUE_ON_FAILURE): Delayed 1 second(s)

2019-07-15 14:02:01 - [MESSAGE][PASSED] - Delayed 1 second(s)

2019-07-15 14:02:01 - [TEST_STEP][PASSED] - click(findTestObject("OCS-DESKTOP/Age gate and Mega menu/Header/ACCESSORIES menu - En"), CONTINUE_ON_FAILURE): Object: 'Object Repository/OCS-DESKTOP/Age gate and Mega menu/Header/ACCESSORIES menu - En' is clicked on

2019-07-15 14:02:01 - [MESSAGE][PASSED] - Object: 'Object Repository/OCS-DESKTOP/Age gate and Mega menu/Header/ACCESSORIES menu - En' is clicked on

2019-07-15 14:02:01 - [TEST_STEP][PASSED] - delay(2, CONTINUE_ON_FAILURE): Delayed 2 second(s)

2019-07-15 14:02:03 - [MESSAGE][PASSED] - Delayed 2 second(s)

2019-07-15 14:02:03 - [TEST_STEP][PASSED] - delay(1, CONTINUE_ON_FAILURE): Delayed 1 second(s)

2019-07-15 14:02:04 - [MESSAGE][PASSED] - Delayed 1 second(s)

2019-07-15 14:02:04 - [TEST_STEP][PASSED] - click(findTestObject("OCS-DESKTOP/Accessories page/Tools -kits"), CONTINUE_ON_FAILURE): Object: 'Object Repository/OCS-DESKTOP/Accessories page/Tools -kits' is clicked on

2019-07-15 14:02:06 - [MESSAGE][PASSED] - Object: 'Object Repository/OCS-DESKTOP/Accessories page/Tools -kits' is clicked on

2019-07-15 14:02:06 - [TEST_STEP][PASSED] - delay(1, CONTINUE_ON_FAILURE): Delayed 1 second(s)

2019-07-15 14:02:07 - [MESSAGE][PASSED] - Delayed 1 second(s)

2019-07-15 14:02:07 - [TEST_STEP][PASSED] - a11111 = getWindowTitle(CONTINUE_ON_FAILURE): Current window's title is: 'Multi-Tools & Kits | Ontario Cannabis Store'

2019-07-15 14:02:07 - [MESSAGE][PASSED] - Current window's title is: 'Multi-Tools & Kits | Ontario Cannabis Store'

2019-07-15 14:02:07 - [TEST_STEP][PASSED] - comment(a11111): Multi-Tools & Kits | Ontario Cannabis Store

2019-07-15 14:02:07 - [MESSAGE][INFO] - Multi-Tools & Kits | Ontario Cannabis Store

2019-07-15 14:02:07 - [TEST_STEP][PASSED] - b11111 = "Multi-Tools & Kits | Ontario Cannabis Store": null

2019-07-15 14:02:07 - [TEST_STEP][PASSED] - comment(b11111): Multi-Tools & Kits | Ontario Cannabis Store

2019-07-15 14:02:07 - [MESSAGE][INFO] - Multi-Tools & Kits | Ontario Cannabis Store

2019-07-15 14:02:07 - [TEST_STEP][PASSED] - if (a11111 == b11111): correct window page 

2019-07-15 14:02:07 - [TEST_STEP][PASSED] - comment("correct window page "): correct window page 

2019-07-15 14:02:07 - [MESSAGE][INFO] - correct window page 

2019-07-15 14:02:07 - [TEST_STEP][PASSED] - delay(1, CONTINUE_ON_FAILURE): Delayed 1 second(s)

2019-07-15 14:02:08 - [MESSAGE][PASSED] - Delayed 1 second(s)

2019-07-15 14:02:08 - [TEST_STEP][PASSED] - click(findTestObject("OCS-DESKTOP/Age gate and Mega menu/Header/ACCESSORIES menu - En"), CONTINUE_ON_FAILURE): Object: 'Object Repository/OCS-DESKTOP/Age gate and Mega menu/Header/ACCESSORIES menu - En' is clicked on

2019-07-15 14:02:08 - [MESSAGE][PASSED] - Object: 'Object Repository/OCS-DESKTOP/Age gate and Mega menu/Header/ACCESSORIES menu - En' is clicked on

2019-07-15 14:02:08 - [TEST_STEP][PASSED] - delay(2, CONTINUE_ON_FAILURE): Delayed 2 second(s)

2019-07-15 14:02:10 - [MESSAGE][PASSED] - Delayed 2 second(s)

2019-07-15 14:02:10 - [TEST_STEP][PASSED] - delay(1, CONTINUE_ON_FAILURE): Delayed 1 second(s)

2019-07-15 14:02:11 - [MESSAGE][PASSED] - Delayed 1 second(s)

2019-07-15 14:02:11 - [TEST_STEP][PASSED] - click(findTestObject("OCS-DESKTOP/Accessories page/Cleaning supplies"), CONTINUE_ON_FAILURE): Object: 'Object Repository/OCS-DESKTOP/Accessories page/Cleaning supplies' is clicked on

2019-07-15 14:02:14 - [MESSAGE][PASSED] - Object: 'Object Repository/OCS-DESKTOP/Accessories page/Cleaning supplies' is clicked on

2019-07-15 14:02:14 - [TEST_STEP][PASSED] - delay(1, CONTINUE_ON_FAILURE): Delayed 1 second(s)

2019-07-15 14:02:15 - [MESSAGE][PASSED] - Delayed 1 second(s)

2019-07-15 14:02:15 - [TEST_STEP][PASSED] - a12 = getWindowTitle(CONTINUE_ON_FAILURE): Current window's title is: 'Cleaning Supplies | Ontario Cannabis Store'

2019-07-15 14:02:15 - [MESSAGE][PASSED] - Current window's title is: 'Cleaning Supplies | Ontario Cannabis Store'

2019-07-15 14:02:15 - [TEST_STEP][PASSED] - comment(a12): Cleaning Supplies | Ontario Cannabis Store

2019-07-15 14:02:15 - [MESSAGE][INFO] - Cleaning Supplies | Ontario Cannabis Store

2019-07-15 14:02:15 - [TEST_STEP][PASSED] - b12 = "Cleaning Supplies | Ontario Cannabis Store": null

2019-07-15 14:02:15 - [TEST_STEP][PASSED] - comment(b12): Cleaning Supplies | Ontario Cannabis Store

2019-07-15 14:02:15 - [MESSAGE][INFO] - Cleaning Supplies | Ontario Cannabis Store

2019-07-15 14:02:15 - [TEST_STEP][PASSED] - if (a12 == b12): correct window page 

2019-07-15 14:02:15 - [TEST_STEP][PASSED] - comment("correct window page "): correct window page 

2019-07-15 14:02:15 - [MESSAGE][INFO] - correct window page 

2019-07-15 14:02:15 - [TEST_STEP][PASSED] - delay(1, CONTINUE_ON_FAILURE): Delayed 1 second(s)

2019-07-15 14:02:16 - [MESSAGE][PASSED] - Delayed 1 second(s)

2019-07-15 14:02:16 - [TEST_STEP][PASSED] - click(findTestObject("OCS-DESKTOP/Age gate and Mega menu/Header/ACCESSORIES menu - En"), CONTINUE_ON_FAILURE): Object: 'Object Repository/OCS-DESKTOP/Age gate and Mega menu/Header/ACCESSORIES menu - En' is clicked on

2019-07-15 14:02:16 - [MESSAGE][PASSED] - Object: 'Object Repository/OCS-DESKTOP/Age gate and Mega menu/Header/ACCESSORIES menu - En' is clicked on

2019-07-15 14:02:16 - [TEST_STEP][PASSED] - delay(2, CONTINUE_ON_FAILURE): Delayed 2 second(s)

2019-07-15 14:02:18 - [MESSAGE][PASSED] - Delayed 2 second(s)

2019-07-15 14:02:18 - [TEST_STEP][PASSED] - delay(1, CONTINUE_ON_FAILURE): Delayed 1 second(s)

2019-07-15 14:02:19 - [MESSAGE][PASSED] - Delayed 1 second(s)

2019-07-15 14:02:19 - [TEST_STEP][PASSED] - click(findTestObject("OCS-DESKTOP/Accessories page/Storage"), CONTINUE_ON_FAILURE): Object: 'Object Repository/OCS-DESKTOP/Accessories page/Storage' is clicked on

2019-07-15 14:02:22 - [MESSAGE][PASSED] - Object: 'Object Repository/OCS-DESKTOP/Accessories page/Storage' is clicked on

2019-07-15 14:02:22 - [TEST_STEP][PASSED] - delay(1, CONTINUE_ON_FAILURE): Delayed 1 second(s)

2019-07-15 14:02:23 - [MESSAGE][PASSED] - Delayed 1 second(s)

2019-07-15 14:02:23 - [TEST_STEP][PASSED] - a13 = getWindowTitle(CONTINUE_ON_FAILURE): Current window's title is: 'Storage | Ontario Cannabis Store'

2019-07-15 14:02:23 - [MESSAGE][PASSED] - Current window's title is: 'Storage | Ontario Cannabis Store'

2019-07-15 14:02:23 - [TEST_STEP][PASSED] - comment(a13): Storage | Ontario Cannabis Store

2019-07-15 14:02:23 - [MESSAGE][INFO] - Storage | Ontario Cannabis Store

2019-07-15 14:02:23 - [TEST_STEP][PASSED] - b13 = "Storage | Ontario Cannabis Store": null

2019-07-15 14:02:23 - [TEST_STEP][PASSED] - comment(b): Vaporizers | Ontario Cannabis Store

2019-07-15 14:02:23 - [MESSAGE][INFO] - Vaporizers | Ontario Cannabis Store

2019-07-15 14:02:23 - [TEST_STEP][PASSED] - if (a13 == b13): correct window page 

2019-07-15 14:02:23 - [TEST_STEP][PASSED] - comment("correct window page "): correct window page 

2019-07-15 14:02:23 - [MESSAGE][INFO] - correct window page 

2019-07-15 14:02:23 - [TEST_STEP][PASSED] - delay(1, CONTINUE_ON_FAILURE): Delayed 1 second(s)

2019-07-15 14:02:24 - [MESSAGE][PASSED] - Delayed 1 second(s)

2019-07-15 14:02:24 - [TEST_STEP][PASSED] - click(findTestObject("OCS-DESKTOP/Age gate and Mega menu/Header/ACCESSORIES menu - En"), CONTINUE_ON_FAILURE): Object: 'Object Repository/OCS-DESKTOP/Age gate and Mega menu/Header/ACCESSORIES menu - En' is clicked on

2019-07-15 14:02:24 - [MESSAGE][PASSED] - Object: 'Object Repository/OCS-DESKTOP/Age gate and Mega menu/Header/ACCESSORIES menu - En' is clicked on

2019-07-15 14:02:24 - [TEST_STEP][PASSED] - delay(2, CONTINUE_ON_FAILURE): Delayed 2 second(s)

2019-07-15 14:02:26 - [MESSAGE][PASSED] - Delayed 2 second(s)

2019-07-15 14:02:26 - [TEST_STEP][PASSED] - delay(1, CONTINUE_ON_FAILURE): Delayed 1 second(s)

2019-07-15 14:02:27 - [MESSAGE][PASSED] - Delayed 1 second(s)

2019-07-15 14:02:27 - [TEST_STEP][PASSED] - click(findTestObject("OCS-DESKTOP/Accessories page/Trays"), CONTINUE_ON_FAILURE): Object: 'Object Repository/OCS-DESKTOP/Accessories page/Trays' is clicked on

2019-07-15 14:02:29 - [MESSAGE][PASSED] - Object: 'Object Repository/OCS-DESKTOP/Accessories page/Trays' is clicked on

2019-07-15 14:02:29 - [TEST_STEP][PASSED] - delay(1, CONTINUE_ON_FAILURE): Delayed 1 second(s)

2019-07-15 14:02:30 - [MESSAGE][PASSED] - Delayed 1 second(s)

2019-07-15 14:02:30 - [TEST_STEP][PASSED] - a14 = getWindowTitle(CONTINUE_ON_FAILURE): Current window's title is: 'Trays | Ontario Cannabis Store'

2019-07-15 14:02:30 - [MESSAGE][PASSED] - Current window's title is: 'Trays | Ontario Cannabis Store'

2019-07-15 14:02:30 - [TEST_STEP][PASSED] - comment(a14): Trays | Ontario Cannabis Store

2019-07-15 14:02:30 - [MESSAGE][INFO] - Trays | Ontario Cannabis Store

2019-07-15 14:02:30 - [TEST_STEP][PASSED] - b14 = "Trays | Ontario Cannabis Store": null

2019-07-15 14:02:30 - [TEST_STEP][PASSED] - comment(b14): Trays | Ontario Cannabis Store

2019-07-15 14:02:30 - [MESSAGE][INFO] - Trays | Ontario Cannabis Store

2019-07-15 14:02:30 - [TEST_STEP][PASSED] - if (a14 == b14): correct window page 

2019-07-15 14:02:30 - [TEST_STEP][PASSED] - comment("correct window page "): correct window page 

2019-07-15 14:02:30 - [MESSAGE][INFO] - correct window page 

2019-07-15 14:02:30 - [TEST_STEP][PASSED] - delay(1, CONTINUE_ON_FAILURE): Delayed 1 second(s)

2019-07-15 14:02:31 - [MESSAGE][PASSED] - Delayed 1 second(s)

2019-07-15 14:02:31 - [TEST_STEP][PASSED] - click(findTestObject("OCS-DESKTOP/Age gate and Mega menu/Header/ACCESSORIES menu - En"), CONTINUE_ON_FAILURE): Object: 'Object Repository/OCS-DESKTOP/Age gate and Mega menu/Header/ACCESSORIES menu - En' is clicked on

2019-07-15 14:02:31 - [MESSAGE][PASSED] - Object: 'Object Repository/OCS-DESKTOP/Age gate and Mega menu/Header/ACCESSORIES menu - En' is clicked on

2019-07-15 14:02:31 - [TEST_STEP][PASSED] - delay(2, CONTINUE_ON_FAILURE): Delayed 2 second(s)

2019-07-15 14:02:33 - [MESSAGE][PASSED] - Delayed 2 second(s)

2019-07-15 14:02:33 - [TEST_STEP][PASSED] - delay(1, CONTINUE_ON_FAILURE): Delayed 1 second(s)

2019-07-15 14:02:34 - [MESSAGE][PASSED] - Delayed 1 second(s)

2019-07-15 14:02:34 - [TEST_STEP][PASSED] - click(findTestObject("OCS-DESKTOP/Accessories page/Infusers"), CONTINUE_ON_FAILURE): Object: 'Object Repository/OCS-DESKTOP/Accessories page/Infusers' is clicked on

2019-07-15 14:02:36 - [MESSAGE][PASSED] - Object: 'Object Repository/OCS-DESKTOP/Accessories page/Infusers' is clicked on

2019-07-15 14:02:36 - [TEST_STEP][PASSED] - delay(1, CONTINUE_ON_FAILURE): Delayed 1 second(s)

2019-07-15 14:02:37 - [MESSAGE][PASSED] - Delayed 1 second(s)

2019-07-15 14:02:37 - [TEST_STEP][PASSED] - a15 = getWindowTitle(CONTINUE_ON_FAILURE): Current window's title is: 'Infusers | Ontario Cannabis Store'

2019-07-15 14:02:37 - [MESSAGE][PASSED] - Current window's title is: 'Infusers | Ontario Cannabis Store'

2019-07-15 14:02:37 - [TEST_STEP][PASSED] - comment(a15): Infusers | Ontario Cannabis Store

2019-07-15 14:02:37 - [MESSAGE][INFO] - Infusers | Ontario Cannabis Store

2019-07-15 14:02:37 - [TEST_STEP][PASSED] - b15 = "Infusers | Ontario Cannabis Store": null

2019-07-15 14:02:37 - [TEST_STEP][PASSED] - comment(b15): Infusers | Ontario Cannabis Store

2019-07-15 14:02:37 - [MESSAGE][INFO] - Infusers | Ontario Cannabis Store

2019-07-15 14:02:37 - [TEST_STEP][PASSED] - if (a15 == b15): correct window page 

2019-07-15 14:02:37 - [TEST_STEP][PASSED] - comment("correct window page "): correct window page 

2019-07-15 14:02:37 - [MESSAGE][INFO] - correct window page 

2019-07-15 14:02:37 - [TEST_STEP][PASSED] - delay(1, CONTINUE_ON_FAILURE): Delayed 1 second(s)

2019-07-15 14:02:38 - [MESSAGE][PASSED] - Delayed 1 second(s)

2019-07-15 14:02:38 - [TEST_STEP][PASSED] - click(findTestObject("OCS-DESKTOP/Age gate and Mega menu/Header/ACCESSORIES menu - En"), CONTINUE_ON_FAILURE): Object: 'Object Repository/OCS-DESKTOP/Age gate and Mega menu/Header/ACCESSORIES menu - En' is clicked on

2019-07-15 14:02:38 - [MESSAGE][PASSED] - Object: 'Object Repository/OCS-DESKTOP/Age gate and Mega menu/Header/ACCESSORIES menu - En' is clicked on

2019-07-15 14:02:38 - [TEST_STEP][PASSED] - delay(2, CONTINUE_ON_FAILURE): Delayed 2 second(s)

2019-07-15 14:02:40 - [MESSAGE][PASSED] - Delayed 2 second(s)

2019-07-15 14:02:40 - [TEST_STEP][PASSED] - delay(1, CONTINUE_ON_FAILURE): Delayed 1 second(s)

2019-07-15 14:02:41 - [MESSAGE][PASSED] - Delayed 1 second(s)

2019-07-15 14:02:41 - [TEST_STEP][PASSED] - executeJavaScript("var previewBar = document.getElementById("preview-bar-iframe"); previewBar.style.display = "none";", []): Execute JavaScript 'var previewBar = document.getElementById("preview-bar-iframe"); previewBar.style.display = "none";' successfully

2019-07-15 14:02:41 - [MESSAGE][PASSED] - Execute JavaScript 'var previewBar = document.getElementById("preview-bar-iframe"); previewBar.style.display = "none";' successfully

2019-07-15 14:02:41 - [TEST_STEP][PASSED] - delay(1, CONTINUE_ON_FAILURE): Delayed 1 second(s)

2019-07-15 14:02:42 - [MESSAGE][PASSED] - Delayed 1 second(s)

2019-07-15 14:02:42 - [TEST_STEP][PASSED] - click(findTestObject("OCS-DESKTOP/Accessories page/Best selling pipes")): Object: 'Object Repository/OCS-DESKTOP/Accessories page/Best selling pipes' is clicked on

2019-07-15 14:02:45 - [MESSAGE][PASSED] - Object: 'Object Repository/OCS-DESKTOP/Accessories page/Best selling pipes' is clicked on

2019-07-15 14:02:45 - [TEST_STEP][PASSED] - delay(1, OPTIONAL): Delayed 1 second(s)

2019-07-15 14:02:46 - [MESSAGE][PASSED] - Delayed 1 second(s)

2019-07-15 14:02:46 - [TEST_STEP][NOT_RUN] - flag = verifyTextPresent("Page Not Found", false, CONTINUE_ON_FAILURE): NOT_RUN: flag = verifyTextPresent("Page Not Found", false, CONTINUE_ON_FAILURE)

2019-07-15 14:02:46 - [MESSAGE][NOT_RUN] - NOT_RUN: flag = verifyTextPresent("Page Not Found", false, CONTINUE_ON_FAILURE)

2019-07-15 14:02:46 - [TEST_STEP][NOT_RUN] - comment("flag=" + flag): NOT_RUN: comment("flag=" + flag)

2019-07-15 14:02:46 - [MESSAGE][NOT_RUN] - NOT_RUN: comment("flag=" + flag)

2019-07-15 14:02:46 - [TEST_STEP][NOT_RUN] - if (flag == true): NOT_RUN: if (flag == true)

2019-07-15 14:02:46 - [MESSAGE][NOT_RUN] - NOT_RUN: if (flag == true)

2019-07-15 14:02:46 - [TEST_STEP][PASSED] - click(findTestObject("OCS-DESKTOP/Age gate and Mega menu/Header/ACCESSORIES menu - En"), CONTINUE_ON_FAILURE): Object: 'Object Repository/OCS-DESKTOP/Age gate and Mega menu/Header/ACCESSORIES menu - En' is clicked on

2019-07-15 14:02:46 - [MESSAGE][PASSED] - Object: 'Object Repository/OCS-DESKTOP/Age gate and Mega menu/Header/ACCESSORIES menu - En' is clicked on

2019-07-15 14:02:46 - [TEST_STEP][PASSED] - delay(2, CONTINUE_ON_FAILURE): Delayed 2 second(s)

2019-07-15 14:02:48 - [MESSAGE][PASSED] - Delayed 2 second(s)

2019-07-15 14:02:48 - [TEST_STEP][PASSED] - delay(1, CONTINUE_ON_FAILURE): Delayed 1 second(s)

2019-07-15 14:02:49 - [MESSAGE][PASSED] - Delayed 1 second(s)

2019-07-15 14:02:49 - [TEST_STEP][PASSED] - executeJavaScript("var previewBar = document.getElementById("preview-bar-iframe"); previewBar.style.display = "none";", []): Execute JavaScript 'var previewBar = document.getElementById("preview-bar-iframe"); previewBar.style.display = "none";' successfully

2019-07-15 14:02:49 - [MESSAGE][PASSED] - Execute JavaScript 'var previewBar = document.getElementById("preview-bar-iframe"); previewBar.style.display = "none";' successfully

2019-07-15 14:02:49 - [TEST_STEP][PASSED] - click(findTestObject("OCS-DESKTOP/Accessories page/Travel storage")): Object: 'Object Repository/OCS-DESKTOP/Accessories page/Travel storage' is clicked on

2019-07-15 14:02:51 - [MESSAGE][PASSED] - Object: 'Object Repository/OCS-DESKTOP/Accessories page/Travel storage' is clicked on

2019-07-15 14:02:51 - [TEST_STEP][NOT_RUN] - flag1 = verifyTextPresent("Page Not Found", false, CONTINUE_ON_FAILURE): NOT_RUN: flag1 = verifyTextPresent("Page Not Found", false, CONTINUE_ON_FAILURE)

2019-07-15 14:02:51 - [MESSAGE][NOT_RUN] - NOT_RUN: flag1 = verifyTextPresent("Page Not Found", false, CONTINUE_ON_FAILURE)

2019-07-15 14:02:51 - [TEST_STEP][NOT_RUN] - comment("flag1=" + flag1): NOT_RUN: comment("flag1=" + flag1)

2019-07-15 14:02:51 - [MESSAGE][NOT_RUN] - NOT_RUN: comment("flag1=" + flag1)

2019-07-15 14:02:51 - [TEST_STEP][NOT_RUN] - if (flag1 == true): NOT_RUN: if (flag1 == true)

2019-07-15 14:02:51 - [MESSAGE][NOT_RUN] - NOT_RUN: if (flag1 == true)

2019-07-15 14:02:51 - [TEST_STEP][PASSED] - delay(1, CONTINUE_ON_FAILURE): Delayed 1 second(s)

2019-07-15 14:02:52 - [MESSAGE][PASSED] - Delayed 1 second(s)

2019-07-15 14:02:52 - [TEST_STEP][PASSED] - click(findTestObject("OCS-DESKTOP/Age gate and Mega menu/Header/ACCESSORIES menu - En"), CONTINUE_ON_FAILURE): Object: 'Object Repository/OCS-DESKTOP/Age gate and Mega menu/Header/ACCESSORIES menu - En' is clicked on

2019-07-15 14:02:52 - [MESSAGE][PASSED] - Object: 'Object Repository/OCS-DESKTOP/Age gate and Mega menu/Header/ACCESSORIES menu - En' is clicked on

2019-07-15 14:02:52 - [TEST_STEP][PASSED] - delay(2, CONTINUE_ON_FAILURE): Delayed 2 second(s)

2019-07-15 14:02:54 - [MESSAGE][PASSED] - Delayed 2 second(s)

2019-07-15 14:02:54 - [TEST_STEP][PASSED] - delay(1, OPTIONAL): Delayed 1 second(s)

2019-07-15 14:02:55 - [MESSAGE][PASSED] - Delayed 1 second(s)

2019-07-15 14:02:55 - [TEST_STEP][PASSED] - executeJavaScript("var previewBar = document.getElementById("preview-bar-iframe"); previewBar.style.display = "none";", []): Execute JavaScript 'var previewBar = document.getElementById("preview-bar-iframe"); previewBar.style.display = "none";' successfully

2019-07-15 14:02:55 - [MESSAGE][PASSED] - Execute JavaScript 'var previewBar = document.getElementById("preview-bar-iframe"); previewBar.style.display = "none";' successfully

2019-07-15 14:02:55 - [TEST_STEP][PASSED] - delay(2, CONTINUE_ON_FAILURE): Delayed 2 second(s)

2019-07-15 14:02:57 - [MESSAGE][PASSED] - Delayed 2 second(s)

2019-07-15 14:02:57 - [TEST_STEP][PASSED] - click(findTestObject("OCS-DESKTOP/Accessories page/Shop all acessories")): Object: 'Object Repository/OCS-DESKTOP/Accessories page/Shop all acessories' is clicked on

2019-07-15 14:03:00 - [MESSAGE][PASSED] - Object: 'Object Repository/OCS-DESKTOP/Accessories page/Shop all acessories' is clicked on]]></system-out>
         <system-err><![CDATA[]]></system-err>
      </testcase>
      <testcase name="Test Cases/OCS - DESKTOP/OCS- HOME PAGE/Announcement" classname="Test Cases/OCS - DESKTOP/OCS- HOME PAGE/Announcement" status="FAILED">
         <failure type="FAILED" message="Test Cases/OCS - DESKTOP/OCS- HOME PAGE/Announcement FAILED.
Reason:
com.kms.katalon.core.exception.StepFailedException: Text 'Due to holiday closures within the Canada Post network for Victoria Day, please expect some order delivery delays.' is not present on page 
	at com.kms.katalon.core.keyword.internal.KeywordMain.stepFailed(KeywordMain.groovy:32)
	at com.kms.katalon.core.webui.keyword.internal.WebUIKeywordMain.stepFailed(WebUIKeywordMain.groovy:65)
	at com.kms.katalon.core.webui.keyword.builtin.VerifyTextPresentKeyword$_verifyTextPresent_closure1.doCall(VerifyTextPresentKeyword.groovy:79)
	at com.kms.katalon.core.webui.keyword.builtin.VerifyTextPresentKeyword$_verifyTextPresent_closure1.call(VerifyTextPresentKeyword.groovy)
	at com.kms.katalon.core.webui.keyword.internal.WebUIKeywordMain.runKeyword(WebUIKeywordMain.groovy:21)
	at com.kms.katalon.core.webui.keyword.builtin.VerifyTextPresentKeyword.verifyTextPresent(VerifyTextPresentKeyword.groovy:83)
	at com.kms.katalon.core.webui.keyword.builtin.VerifyTextPresentKeyword.execute(VerifyTextPresentKeyword.groovy:68)
	at com.kms.katalon.core.keyword.internal.KeywordExecutor.executeKeywordForPlatform(KeywordExecutor.groovy:53)
	at com.kms.katalon.core.webui.keyword.WebUiBuiltInKeywords.verifyTextPresent(WebUiBuiltInKeywords.groovy:1677)
	at com.kms.katalon.core.webui.keyword.WebUiBuiltInKeywords$verifyTextPresent$19.call(Unknown Source)
	at Announcement.run(Announcement:18)
	at com.kms.katalon.core.main.ScriptEngine.run(ScriptEngine.java:194)
	at com.kms.katalon.core.main.ScriptEngine.runScriptAsRawText(ScriptEngine.java:119)
	at com.kms.katalon.core.main.TestCaseExecutor.runScript(TestCaseExecutor.java:328)
	at com.kms.katalon.core.main.TestCaseExecutor.doExecute(TestCaseExecutor.java:319)
	at com.kms.katalon.core.main.TestCaseExecutor.processExecutionPhase(TestCaseExecutor.java:298)
	at com.kms.katalon.core.main.TestCaseExecutor.accessMainPhase(TestCaseExecutor.java:290)
	at com.kms.katalon.core.main.TestCaseExecutor.execute(TestCaseExecutor.java:224)
	at com.kms.katalon.core.main.TestSuiteExecutor.accessTestCaseMainPhase(TestSuiteExecutor.java:129)
	at com.kms.katalon.core.main.TestSuiteExecutor.accessTestSuiteMainPhase(TestSuiteExecutor.java:112)
	at com.kms.katalon.core.main.TestSuiteExecutor.execute(TestSuiteExecutor.java:81)
	at com.kms.katalon.core.main.TestCaseMain.startTestSuite(TestCaseMain.java:149)
	at com.kms.katalon.core.main.TestCaseMain$startTestSuite$0.call(Unknown Source)
	at TempTestSuite1563212133201.run(TempTestSuite1563212133201.groovy:36)
"/>
         <system-out><![CDATA[2019-07-15 14:03:00 - [TEST_CASE][FAILED] - Test Cases/OCS - DESKTOP/OCS- HOME PAGE/Announcement: Test Cases/OCS - DESKTOP/OCS- HOME PAGE/Announcement FAILED.
Reason:
com.kms.katalon.core.exception.StepFailedException: Text 'Due to holiday closures within the Canada Post network for Victoria Day, please expect some order delivery delays.' is not present on page 
	at com.kms.katalon.core.keyword.internal.KeywordMain.stepFailed(KeywordMain.groovy:32)
	at com.kms.katalon.core.webui.keyword.internal.WebUIKeywordMain.stepFailed(WebUIKeywordMain.groovy:65)
	at com.kms.katalon.core.webui.keyword.builtin.VerifyTextPresentKeyword$_verifyTextPresent_closure1.doCall(VerifyTextPresentKeyword.groovy:79)
	at com.kms.katalon.core.webui.keyword.builtin.VerifyTextPresentKeyword$_verifyTextPresent_closure1.call(VerifyTextPresentKeyword.groovy)
	at com.kms.katalon.core.webui.keyword.internal.WebUIKeywordMain.runKeyword(WebUIKeywordMain.groovy:21)
	at com.kms.katalon.core.webui.keyword.builtin.VerifyTextPresentKeyword.verifyTextPresent(VerifyTextPresentKeyword.groovy:83)
	at com.kms.katalon.core.webui.keyword.builtin.VerifyTextPresentKeyword.execute(VerifyTextPresentKeyword.groovy:68)
	at com.kms.katalon.core.keyword.internal.KeywordExecutor.executeKeywordForPlatform(KeywordExecutor.groovy:53)
	at com.kms.katalon.core.webui.keyword.WebUiBuiltInKeywords.verifyTextPresent(WebUiBuiltInKeywords.groovy:1677)
	at com.kms.katalon.core.webui.keyword.WebUiBuiltInKeywords$verifyTextPresent$19.call(Unknown Source)
	at Announcement.run(Announcement:18)
	at com.kms.katalon.core.main.ScriptEngine.run(ScriptEngine.java:194)
	at com.kms.katalon.core.main.ScriptEngine.runScriptAsRawText(ScriptEngine.java:119)
	at com.kms.katalon.core.main.TestCaseExecutor.runScript(TestCaseExecutor.java:328)
	at com.kms.katalon.core.main.TestCaseExecutor.doExecute(TestCaseExecutor.java:319)
	at com.kms.katalon.core.main.TestCaseExecutor.processExecutionPhase(TestCaseExecutor.java:298)
	at com.kms.katalon.core.main.TestCaseExecutor.accessMainPhase(TestCaseExecutor.java:290)
	at com.kms.katalon.core.main.TestCaseExecutor.execute(TestCaseExecutor.java:224)
	at com.kms.katalon.core.main.TestSuiteExecutor.accessTestCaseMainPhase(TestSuiteExecutor.java:129)
	at com.kms.katalon.core.main.TestSuiteExecutor.accessTestSuiteMainPhase(TestSuiteExecutor.java:112)
	at com.kms.katalon.core.main.TestSuiteExecutor.execute(TestSuiteExecutor.java:81)
	at com.kms.katalon.core.main.TestCaseMain.startTestSuite(TestCaseMain.java:149)
	at com.kms.katalon.core.main.TestCaseMain$startTestSuite$0.call(Unknown Source)
	at TempTestSuite1563212133201.run(TempTestSuite1563212133201.groovy:36)


2019-07-15 14:03:00 - [TEST_STEP][PASSED] - callTestCase(findTestCase("OCS - DESKTOP/CALL- Age gate"), [:], STOP_ON_FAILURE): Call Test Case 'Test Cases/OCS - DESKTOP/CALL- Age gate' successfully

2019-07-15 14:03:00 - [TEST_CASE][PASSED] - Test Cases/OCS - DESKTOP/CALL- Age gate: Test Cases/OCS - DESKTOP/CALL- Age gate

2019-07-15 14:03:00 - [TEST_STEP][PASSED] - openBrowser(""): Browser is opened with url: ''

2019-07-15 14:03:00 - [MESSAGE][WARNING] - A browser is already opened. Closing browser and opening a new one

2019-07-15 14:03:00 - [MESSAGE][INFO] - Starting 'Chrome' driver

2019-07-15 14:03:02 - [MESSAGE][PASSED] - Browser is opened with url: ''

2019-07-15 14:03:02 - [TEST_STEP][PASSED] - navigateToUrl("https://ocs.ca/?fts=0&preview_theme_id=74205529932"): Navigate to 'https://ocs.ca/?fts=0&preview_theme_id=74205529932' successfully

2019-07-15 14:03:07 - [MESSAGE][PASSED] - Navigate to 'https://ocs.ca/?fts=0&preview_theme_id=74205529932' successfully

2019-07-15 14:03:07 - [TEST_STEP][PASSED] - maximizeWindow(): Current window maximized

2019-07-15 14:03:07 - [MESSAGE][PASSED] - Current window maximized

2019-07-15 14:03:07 - [TEST_STEP][PASSED] - delay(2): Delayed 2 second(s)

2019-07-15 14:03:09 - [MESSAGE][PASSED] - Delayed 2 second(s)

2019-07-15 14:03:09 - [TEST_STEP][PASSED] - executeJavaScript("var previewBar = document.getElementById("preview-bar-iframe"); previewBar.style.display = "none";", []): Execute JavaScript 'var previewBar = document.getElementById("preview-bar-iframe"); previewBar.style.display = "none";' successfully

2019-07-15 14:03:09 - [MESSAGE][PASSED] - Execute JavaScript 'var previewBar = document.getElementById("preview-bar-iframe"); previewBar.style.display = "none";' successfully

2019-07-15 14:03:09 - [TEST_STEP][PASSED] - selectOptionByValue(findTestObject("OCS-DESKTOP/Age gate and Mega menu/Date"), "12", true): All options with value '12' are selected in object 'Object Repository/OCS-DESKTOP/Age gate and Mega menu/Date'  using regular expression

2019-07-15 14:03:09 - [MESSAGE][PASSED] - All options with value '12' are selected in object 'Object Repository/OCS-DESKTOP/Age gate and Mega menu/Date'  using regular expression

2019-07-15 14:03:09 - [TEST_STEP][PASSED] - selectOptionByValue(findTestObject("OCS-DESKTOP/Age gate and Mega menu/month"), "6", true): All options with value '6' are selected in object 'Object Repository/OCS-DESKTOP/Age gate and Mega menu/month'  using regular expression

2019-07-15 14:03:09 - [MESSAGE][PASSED] - All options with value '6' are selected in object 'Object Repository/OCS-DESKTOP/Age gate and Mega menu/month'  using regular expression

2019-07-15 14:03:09 - [TEST_STEP][PASSED] - delay(2): Delayed 2 second(s)

2019-07-15 14:03:11 - [MESSAGE][PASSED] - Delayed 2 second(s)

2019-07-15 14:03:11 - [TEST_STEP][PASSED] - selectOptionByValue(findTestObject("OCS-DESKTOP/Age gate and Mega menu/Year Dropdown"), "1990", true): All options with value '1990' are selected in object 'Object Repository/OCS-DESKTOP/Age gate and Mega menu/Year Dropdown'  using regular expression

2019-07-15 14:03:13 - [MESSAGE][PASSED] - All options with value '1990' are selected in object 'Object Repository/OCS-DESKTOP/Age gate and Mega menu/Year Dropdown'  using regular expression

2019-07-15 14:03:13 - [TEST_STEP][PASSED] - click(findTestObject("OCS-DESKTOP/Age gate and Mega menu/button_Verify")): Object: 'Object Repository/OCS-DESKTOP/Age gate and Mega menu/button_Verify' is clicked on

2019-07-15 14:03:13 - [MESSAGE][PASSED] - Object: 'Object Repository/OCS-DESKTOP/Age gate and Mega menu/button_Verify' is clicked on

2019-07-15 14:03:13 - [TEST_STEP][PASSED] - click(findTestObject("OCS-DESKTOP/Age gate and Mega menu/Checkbox_CONFIRM AND ACKNOWLEDGE")): Object: 'Object Repository/OCS-DESKTOP/Age gate and Mega menu/Checkbox_CONFIRM AND ACKNOWLEDGE' is clicked on

2019-07-15 14:03:13 - [MESSAGE][PASSED] - Object: 'Object Repository/OCS-DESKTOP/Age gate and Mega menu/Checkbox_CONFIRM AND ACKNOWLEDGE' is clicked on

2019-07-15 14:03:13 - [TEST_STEP][PASSED] - click(findTestObject("OCS-DESKTOP/Age gate and Mega menu/button_CONFIRM")): Object: 'Object Repository/OCS-DESKTOP/Age gate and Mega menu/button_CONFIRM' is clicked on

2019-07-15 14:03:13 - [MESSAGE][PASSED] - Object: 'Object Repository/OCS-DESKTOP/Age gate and Mega menu/button_CONFIRM' is clicked on

2019-07-15 14:03:13 - [TEST_STEP][PASSED] - click(findTestObject("OCS-DESKTOP/Age gate and Mega menu/button_Start Browsing")): Object: 'Object Repository/OCS-DESKTOP/Age gate and Mega menu/button_Start Browsing' is clicked on

2019-07-15 14:03:13 - [MESSAGE][PASSED] - Object: 'Object Repository/OCS-DESKTOP/Age gate and Mega menu/button_Start Browsing' is clicked on

2019-07-15 14:03:13 - [TEST_STEP][PASSED] - delay(2): Delayed 2 second(s)

2019-07-15 14:03:15 - [MESSAGE][PASSED] - Delayed 2 second(s)

2019-07-15 14:03:15 - [TEST_STEP][PASSED] - refresh(): Refresh successfully

2019-07-15 14:03:15 - [MESSAGE][PASSED] - Refresh successfully

2019-07-15 14:03:15 - [MESSAGE][PASSED] - Call Test Case 'Test Cases/OCS - DESKTOP/CALL- Age gate' successfully

2019-07-15 14:03:15 - [TEST_STEP][FAILED] - flag = verifyTextPresent("Due to holiday closures within the Canada Post network for Victoria Day, please expect some order delivery delays.", false, CONTINUE_ON_FAILURE): Text 'Due to holiday closures within the Canada Post network for Victoria Day, please expect some order delivery delays.' is not present on page 

2019-07-15 14:03:19 - [MESSAGE][FAILED] - Text 'Due to holiday closures within the Canada Post network for Victoria Day, please expect some order delivery delays.' is not present on page 

2019-07-15 14:03:19 - [TEST_STEP][PASSED] - delay(2): Delayed 2 second(s)

2019-07-15 14:03:21 - [MESSAGE][PASSED] - Delayed 2 second(s)

2019-07-15 14:03:21 - [TEST_STEP][PASSED] - comment("flag =" + flag): flag =false

2019-07-15 14:03:21 - [MESSAGE][INFO] - flag =false

2019-07-15 14:03:21 - [TEST_STEP][FAILED] - if (flag == false): if (flag == false) FAILED.
Reason:
com.kms.katalon.core.exception.StepFailedException: Text 'Due to holiday closures within the Canada Post network for Victoria Day, please expect some order delivery delays.' is not present on page 
	at com.kms.katalon.core.keyword.internal.KeywordMain.stepFailed(KeywordMain.groovy:32)
	at com.kms.katalon.core.webui.keyword.internal.WebUIKeywordMain.stepFailed(WebUIKeywordMain.groovy:65)
	at com.kms.katalon.core.webui.keyword.builtin.VerifyTextPresentKeyword$_verifyTextPresent_closure1.doCall(VerifyTextPresentKeyword.groovy:79)
	at com.kms.katalon.core.webui.keyword.builtin.VerifyTextPresentKeyword$_verifyTextPresent_closure1.call(VerifyTextPresentKeyword.groovy)
	at com.kms.katalon.core.webui.keyword.internal.WebUIKeywordMain.runKeyword(WebUIKeywordMain.groovy:21)
	at com.kms.katalon.core.webui.keyword.builtin.VerifyTextPresentKeyword.verifyTextPresent(VerifyTextPresentKeyword.groovy:83)
	at com.kms.katalon.core.webui.keyword.builtin.VerifyTextPresentKeyword.execute(VerifyTextPresentKeyword.groovy:68)
	at com.kms.katalon.core.keyword.internal.KeywordExecutor.executeKeywordForPlatform(KeywordExecutor.groovy:53)
	at com.kms.katalon.core.webui.keyword.WebUiBuiltInKeywords.verifyTextPresent(WebUiBuiltInKeywords.groovy:1677)
	at com.kms.katalon.core.webui.keyword.WebUiBuiltInKeywords$verifyTextPresent$19.call(Unknown Source)
	at Announcement.run(Announcement:18)
	at com.kms.katalon.core.main.ScriptEngine.run(ScriptEngine.java:194)
	at com.kms.katalon.core.main.ScriptEngine.runScriptAsRawText(ScriptEngine.java:119)
	at com.kms.katalon.core.main.TestCaseExecutor.runScript(TestCaseExecutor.java:328)
	at com.kms.katalon.core.main.TestCaseExecutor.doExecute(TestCaseExecutor.java:319)
	at com.kms.katalon.core.main.TestCaseExecutor.processExecutionPhase(TestCaseExecutor.java:298)
	at com.kms.katalon.core.main.TestCaseExecutor.accessMainPhase(TestCaseExecutor.java:290)
	at com.kms.katalon.core.main.TestCaseExecutor.execute(TestCaseExecutor.java:224)
	at com.kms.katalon.core.main.TestSuiteExecutor.accessTestCaseMainPhase(TestSuiteExecutor.java:129)
	at com.kms.katalon.core.main.TestSuiteExecutor.accessTestSuiteMainPhase(TestSuiteExecutor.java:112)
	at com.kms.katalon.core.main.TestSuiteExecutor.execute(TestSuiteExecutor.java:81)
	at com.kms.katalon.core.main.TestCaseMain.startTestSuite(TestCaseMain.java:149)
	at com.kms.katalon.core.main.TestCaseMain$startTestSuite$0.call(Unknown Source)
	at TempTestSuite1563212133201.run(TempTestSuite1563212133201.groovy:36)


2019-07-15 14:03:21 - [TEST_STEP][FAILED] - comment(" there is no  announcment "): if (flag == false) FAILED.
Reason:
com.kms.katalon.core.exception.StepFailedException: Text 'Due to holiday closures within the Canada Post network for Victoria Day, please expect some order delivery delays.' is not present on page 
	at com.kms.katalon.core.keyword.internal.KeywordMain.stepFailed(KeywordMain.groovy:32)
	at com.kms.katalon.core.webui.keyword.internal.WebUIKeywordMain.stepFailed(WebUIKeywordMain.groovy:65)
	at com.kms.katalon.core.webui.keyword.builtin.VerifyTextPresentKeyword$_verifyTextPresent_closure1.doCall(VerifyTextPresentKeyword.groovy:79)
	at com.kms.katalon.core.webui.keyword.builtin.VerifyTextPresentKeyword$_verifyTextPresent_closure1.call(VerifyTextPresentKeyword.groovy)
	at com.kms.katalon.core.webui.keyword.internal.WebUIKeywordMain.runKeyword(WebUIKeywordMain.groovy:21)
	at com.kms.katalon.core.webui.keyword.builtin.VerifyTextPresentKeyword.verifyTextPresent(VerifyTextPresentKeyword.groovy:83)
	at com.kms.katalon.core.webui.keyword.builtin.VerifyTextPresentKeyword.execute(VerifyTextPresentKeyword.groovy:68)
	at com.kms.katalon.core.keyword.internal.KeywordExecutor.executeKeywordForPlatform(KeywordExecutor.groovy:53)
	at com.kms.katalon.core.webui.keyword.WebUiBuiltInKeywords.verifyTextPresent(WebUiBuiltInKeywords.groovy:1677)
	at com.kms.katalon.core.webui.keyword.WebUiBuiltInKeywords$verifyTextPresent$19.call(Unknown Source)
	at Announcement.run(Announcement:18)
	at com.kms.katalon.core.main.ScriptEngine.run(ScriptEngine.java:194)
	at com.kms.katalon.core.main.ScriptEngine.runScriptAsRawText(ScriptEngine.java:119)
	at com.kms.katalon.core.main.TestCaseExecutor.runScript(TestCaseExecutor.java:328)
	at com.kms.katalon.core.main.TestCaseExecutor.doExecute(TestCaseExecutor.java:319)
	at com.kms.katalon.core.main.TestCaseExecutor.processExecutionPhase(TestCaseExecutor.java:298)
	at com.kms.katalon.core.main.TestCaseExecutor.accessMainPhase(TestCaseExecutor.java:290)
	at com.kms.katalon.core.main.TestCaseExecutor.execute(TestCaseExecutor.java:224)
	at com.kms.katalon.core.main.TestSuiteExecutor.accessTestCaseMainPhase(TestSuiteExecutor.java:129)
	at com.kms.katalon.core.main.TestSuiteExecutor.accessTestSuiteMainPhase(TestSuiteExecutor.java:112)
	at com.kms.katalon.core.main.TestSuiteExecutor.execute(TestSuiteExecutor.java:81)
	at com.kms.katalon.core.main.TestCaseMain.startTestSuite(TestCaseMain.java:149)
	at com.kms.katalon.core.main.TestCaseMain$startTestSuite$0.call(Unknown Source)
	at TempTestSuite1563212133201.run(TempTestSuite1563212133201.groovy:36)


2019-07-15 14:03:21 - [MESSAGE][INFO] -  there is no  announcment 

2019-07-15 14:03:21 - [MESSAGE][FAILED] - if (flag == false) FAILED.
Reason:
com.kms.katalon.core.exception.StepFailedException: Text 'Due to holiday closures within the Canada Post network for Victoria Day, please expect some order delivery delays.' is not present on page 
	at com.kms.katalon.core.keyword.internal.KeywordMain.stepFailed(KeywordMain.groovy:32)
	at com.kms.katalon.core.webui.keyword.internal.WebUIKeywordMain.stepFailed(WebUIKeywordMain.groovy:65)
	at com.kms.katalon.core.webui.keyword.builtin.VerifyTextPresentKeyword$_verifyTextPresent_closure1.doCall(VerifyTextPresentKeyword.groovy:79)
	at com.kms.katalon.core.webui.keyword.builtin.VerifyTextPresentKeyword$_verifyTextPresent_closure1.call(VerifyTextPresentKeyword.groovy)
	at com.kms.katalon.core.webui.keyword.internal.WebUIKeywordMain.runKeyword(WebUIKeywordMain.groovy:21)
	at com.kms.katalon.core.webui.keyword.builtin.VerifyTextPresentKeyword.verifyTextPresent(VerifyTextPresentKeyword.groovy:83)
	at com.kms.katalon.core.webui.keyword.builtin.VerifyTextPresentKeyword.execute(VerifyTextPresentKeyword.groovy:68)
	at com.kms.katalon.core.keyword.internal.KeywordExecutor.executeKeywordForPlatform(KeywordExecutor.groovy:53)
	at com.kms.katalon.core.webui.keyword.WebUiBuiltInKeywords.verifyTextPresent(WebUiBuiltInKeywords.groovy:1677)
	at com.kms.katalon.core.webui.keyword.WebUiBuiltInKeywords$verifyTextPresent$19.call(Unknown Source)
	at Announcement.run(Announcement:18)
	at com.kms.katalon.core.main.ScriptEngine.run(ScriptEngine.java:194)
	at com.kms.katalon.core.main.ScriptEngine.runScriptAsRawText(ScriptEngine.java:119)
	at com.kms.katalon.core.main.TestCaseExecutor.runScript(TestCaseExecutor.java:328)
	at com.kms.katalon.core.main.TestCaseExecutor.doExecute(TestCaseExecutor.java:319)
	at com.kms.katalon.core.main.TestCaseExecutor.processExecutionPhase(TestCaseExecutor.java:298)
	at com.kms.katalon.core.main.TestCaseExecutor.accessMainPhase(TestCaseExecutor.java:290)
	at com.kms.katalon.core.main.TestCaseExecutor.execute(TestCaseExecutor.java:224)
	at com.kms.katalon.core.main.TestSuiteExecutor.accessTestCaseMainPhase(TestSuiteExecutor.java:129)
	at com.kms.katalon.core.main.TestSuiteExecutor.accessTestSuiteMainPhase(TestSuiteExecutor.java:112)
	at com.kms.katalon.core.main.TestSuiteExecutor.execute(TestSuiteExecutor.java:81)
	at com.kms.katalon.core.main.TestCaseMain.startTestSuite(TestCaseMain.java:149)
	at com.kms.katalon.core.main.TestCaseMain$startTestSuite$0.call(Unknown Source)
	at TempTestSuite1563212133201.run(TempTestSuite1563212133201.groovy:36)]]></system-out>
         <system-err><![CDATA[2019-07-15 14:03:00 - [TEST_CASE][FAILED] - Test Cases/OCS - DESKTOP/OCS- HOME PAGE/Announcement: Test Cases/OCS - DESKTOP/OCS- HOME PAGE/Announcement FAILED.
Reason:
com.kms.katalon.core.exception.StepFailedException: Text 'Due to holiday closures within the Canada Post network for Victoria Day, please expect some order delivery delays.' is not present on page 
	at com.kms.katalon.core.keyword.internal.KeywordMain.stepFailed(KeywordMain.groovy:32)
	at com.kms.katalon.core.webui.keyword.internal.WebUIKeywordMain.stepFailed(WebUIKeywordMain.groovy:65)
	at com.kms.katalon.core.webui.keyword.builtin.VerifyTextPresentKeyword$_verifyTextPresent_closure1.doCall(VerifyTextPresentKeyword.groovy:79)
	at com.kms.katalon.core.webui.keyword.builtin.VerifyTextPresentKeyword$_verifyTextPresent_closure1.call(VerifyTextPresentKeyword.groovy)
	at com.kms.katalon.core.webui.keyword.internal.WebUIKeywordMain.runKeyword(WebUIKeywordMain.groovy:21)
	at com.kms.katalon.core.webui.keyword.builtin.VerifyTextPresentKeyword.verifyTextPresent(VerifyTextPresentKeyword.groovy:83)
	at com.kms.katalon.core.webui.keyword.builtin.VerifyTextPresentKeyword.execute(VerifyTextPresentKeyword.groovy:68)
	at com.kms.katalon.core.keyword.internal.KeywordExecutor.executeKeywordForPlatform(KeywordExecutor.groovy:53)
	at com.kms.katalon.core.webui.keyword.WebUiBuiltInKeywords.verifyTextPresent(WebUiBuiltInKeywords.groovy:1677)
	at com.kms.katalon.core.webui.keyword.WebUiBuiltInKeywords$verifyTextPresent$19.call(Unknown Source)
	at Announcement.run(Announcement:18)
	at com.kms.katalon.core.main.ScriptEngine.run(ScriptEngine.java:194)
	at com.kms.katalon.core.main.ScriptEngine.runScriptAsRawText(ScriptEngine.java:119)
	at com.kms.katalon.core.main.TestCaseExecutor.runScript(TestCaseExecutor.java:328)
	at com.kms.katalon.core.main.TestCaseExecutor.doExecute(TestCaseExecutor.java:319)
	at com.kms.katalon.core.main.TestCaseExecutor.processExecutionPhase(TestCaseExecutor.java:298)
	at com.kms.katalon.core.main.TestCaseExecutor.accessMainPhase(TestCaseExecutor.java:290)
	at com.kms.katalon.core.main.TestCaseExecutor.execute(TestCaseExecutor.java:224)
	at com.kms.katalon.core.main.TestSuiteExecutor.accessTestCaseMainPhase(TestSuiteExecutor.java:129)
	at com.kms.katalon.core.main.TestSuiteExecutor.accessTestSuiteMainPhase(TestSuiteExecutor.java:112)
	at com.kms.katalon.core.main.TestSuiteExecutor.execute(TestSuiteExecutor.java:81)
	at com.kms.katalon.core.main.TestCaseMain.startTestSuite(TestCaseMain.java:149)
	at com.kms.katalon.core.main.TestCaseMain$startTestSuite$0.call(Unknown Source)
	at TempTestSuite1563212133201.run(TempTestSuite1563212133201.groovy:36)]]></system-err>
      </testcase>
      <testcase name="Test Cases/OCS - DESKTOP/OCS- HOME PAGE/cart flyout" classname="Test Cases/OCS - DESKTOP/OCS- HOME PAGE/cart flyout" status="FAILED">
         <failure type="FAILED" message="Test Cases/OCS - DESKTOP/OCS- HOME PAGE/cart flyout FAILED.
Reason:
com.kms.katalon.core.exception.StepFailedException: Unable to click on object 'Object Repository/OCS-DESKTOP/Home - page/Collapse cart flyout' (Root cause: com.kms.katalon.core.webui.exception.WebElementNotFoundException: Web element with id: 'Object Repository/OCS-DESKTOP/Home - page/Collapse cart flyout' located by 'By.xpath: //i[@class='icon icon--close js-close-flyout']' not found)
	at com.kms.katalon.core.keyword.internal.KeywordMain.stepFailed(KeywordMain.groovy:36)
	at com.kms.katalon.core.webui.keyword.internal.WebUIKeywordMain.stepFailed(WebUIKeywordMain.groovy:65)
	at com.kms.katalon.core.webui.keyword.internal.WebUIKeywordMain.runKeyword(WebUIKeywordMain.groovy:27)
	at com.kms.katalon.core.webui.keyword.builtin.ClickKeyword.click(ClickKeyword.groovy:86)
	at com.kms.katalon.core.webui.keyword.builtin.ClickKeyword.execute(ClickKeyword.groovy:67)
	at com.kms.katalon.core.keyword.internal.KeywordExecutor.executeKeywordForPlatform(KeywordExecutor.groovy:53)
	at com.kms.katalon.core.webui.keyword.WebUiBuiltInKeywords.click(WebUiBuiltInKeywords.groovy:616)
	at com.kms.katalon.core.webui.keyword.WebUiBuiltInKeywords$click$4.call(Unknown Source)
	at cart flyout.run(cart flyout:34)
	at com.kms.katalon.core.main.ScriptEngine.run(ScriptEngine.java:194)
	at com.kms.katalon.core.main.ScriptEngine.runScriptAsRawText(ScriptEngine.java:119)
	at com.kms.katalon.core.main.TestCaseExecutor.runScript(TestCaseExecutor.java:328)
	at com.kms.katalon.core.main.TestCaseExecutor.doExecute(TestCaseExecutor.java:319)
	at com.kms.katalon.core.main.TestCaseExecutor.processExecutionPhase(TestCaseExecutor.java:298)
	at com.kms.katalon.core.main.TestCaseExecutor.accessMainPhase(TestCaseExecutor.java:290)
	at com.kms.katalon.core.main.TestCaseExecutor.execute(TestCaseExecutor.java:224)
	at com.kms.katalon.core.main.TestSuiteExecutor.accessTestCaseMainPhase(TestSuiteExecutor.java:129)
	at com.kms.katalon.core.main.TestSuiteExecutor.accessTestSuiteMainPhase(TestSuiteExecutor.java:112)
	at com.kms.katalon.core.main.TestSuiteExecutor.execute(TestSuiteExecutor.java:81)
	at com.kms.katalon.core.main.TestCaseMain.startTestSuite(TestCaseMain.java:149)
	at com.kms.katalon.core.main.TestCaseMain$startTestSuite$0.call(Unknown Source)
	at TempTestSuite1563212133201.run(TempTestSuite1563212133201.groovy:36)
"/>
         <system-out><![CDATA[2019-07-15 14:03:21 - [TEST_CASE][FAILED] - Test Cases/OCS - DESKTOP/OCS- HOME PAGE/cart flyout: Test Cases/OCS - DESKTOP/OCS- HOME PAGE/cart flyout FAILED.
Reason:
com.kms.katalon.core.exception.StepFailedException: Unable to click on object 'Object Repository/OCS-DESKTOP/Home - page/Collapse cart flyout' (Root cause: com.kms.katalon.core.webui.exception.WebElementNotFoundException: Web element with id: 'Object Repository/OCS-DESKTOP/Home - page/Collapse cart flyout' located by 'By.xpath: //i[@class='icon icon--close js-close-flyout']' not found)
	at com.kms.katalon.core.keyword.internal.KeywordMain.stepFailed(KeywordMain.groovy:36)
	at com.kms.katalon.core.webui.keyword.internal.WebUIKeywordMain.stepFailed(WebUIKeywordMain.groovy:65)
	at com.kms.katalon.core.webui.keyword.internal.WebUIKeywordMain.runKeyword(WebUIKeywordMain.groovy:27)
	at com.kms.katalon.core.webui.keyword.builtin.ClickKeyword.click(ClickKeyword.groovy:86)
	at com.kms.katalon.core.webui.keyword.builtin.ClickKeyword.execute(ClickKeyword.groovy:67)
	at com.kms.katalon.core.keyword.internal.KeywordExecutor.executeKeywordForPlatform(KeywordExecutor.groovy:53)
	at com.kms.katalon.core.webui.keyword.WebUiBuiltInKeywords.click(WebUiBuiltInKeywords.groovy:616)
	at com.kms.katalon.core.webui.keyword.WebUiBuiltInKeywords$click$4.call(Unknown Source)
	at cart flyout.run(cart flyout:34)
	at com.kms.katalon.core.main.ScriptEngine.run(ScriptEngine.java:194)
	at com.kms.katalon.core.main.ScriptEngine.runScriptAsRawText(ScriptEngine.java:119)
	at com.kms.katalon.core.main.TestCaseExecutor.runScript(TestCaseExecutor.java:328)
	at com.kms.katalon.core.main.TestCaseExecutor.doExecute(TestCaseExecutor.java:319)
	at com.kms.katalon.core.main.TestCaseExecutor.processExecutionPhase(TestCaseExecutor.java:298)
	at com.kms.katalon.core.main.TestCaseExecutor.accessMainPhase(TestCaseExecutor.java:290)
	at com.kms.katalon.core.main.TestCaseExecutor.execute(TestCaseExecutor.java:224)
	at com.kms.katalon.core.main.TestSuiteExecutor.accessTestCaseMainPhase(TestSuiteExecutor.java:129)
	at com.kms.katalon.core.main.TestSuiteExecutor.accessTestSuiteMainPhase(TestSuiteExecutor.java:112)
	at com.kms.katalon.core.main.TestSuiteExecutor.execute(TestSuiteExecutor.java:81)
	at com.kms.katalon.core.main.TestCaseMain.startTestSuite(TestCaseMain.java:149)
	at com.kms.katalon.core.main.TestCaseMain$startTestSuite$0.call(Unknown Source)
	at TempTestSuite1563212133201.run(TempTestSuite1563212133201.groovy:36)


2019-07-15 14:03:21 - [TEST_STEP][PASSED] - callTestCase(findTestCase("OCS - DESKTOP/CALL- Age gate"), [:], STOP_ON_FAILURE): Call Test Case 'Test Cases/OCS - DESKTOP/CALL- Age gate' successfully

2019-07-15 14:03:21 - [TEST_CASE][PASSED] - Test Cases/OCS - DESKTOP/CALL- Age gate: Test Cases/OCS - DESKTOP/CALL- Age gate

2019-07-15 14:03:21 - [TEST_STEP][PASSED] - openBrowser(""): Browser is opened with url: ''

2019-07-15 14:03:21 - [MESSAGE][WARNING] - A browser is already opened. Closing browser and opening a new one

2019-07-15 14:03:21 - [MESSAGE][INFO] - Starting 'Chrome' driver

2019-07-15 14:03:23 - [MESSAGE][PASSED] - Browser is opened with url: ''

2019-07-15 14:03:23 - [TEST_STEP][PASSED] - navigateToUrl("https://ocs.ca/?fts=0&preview_theme_id=74205529932"): Navigate to 'https://ocs.ca/?fts=0&preview_theme_id=74205529932' successfully

2019-07-15 14:03:28 - [MESSAGE][PASSED] - Navigate to 'https://ocs.ca/?fts=0&preview_theme_id=74205529932' successfully

2019-07-15 14:03:28 - [TEST_STEP][PASSED] - maximizeWindow(): Current window maximized

2019-07-15 14:03:28 - [MESSAGE][PASSED] - Current window maximized

2019-07-15 14:03:28 - [TEST_STEP][PASSED] - delay(2): Delayed 2 second(s)

2019-07-15 14:03:30 - [MESSAGE][PASSED] - Delayed 2 second(s)

2019-07-15 14:03:30 - [TEST_STEP][PASSED] - executeJavaScript("var previewBar = document.getElementById("preview-bar-iframe"); previewBar.style.display = "none";", []): Execute JavaScript 'var previewBar = document.getElementById("preview-bar-iframe"); previewBar.style.display = "none";' successfully

2019-07-15 14:03:30 - [MESSAGE][PASSED] - Execute JavaScript 'var previewBar = document.getElementById("preview-bar-iframe"); previewBar.style.display = "none";' successfully

2019-07-15 14:03:30 - [TEST_STEP][PASSED] - selectOptionByValue(findTestObject("OCS-DESKTOP/Age gate and Mega menu/Date"), "12", true): All options with value '12' are selected in object 'Object Repository/OCS-DESKTOP/Age gate and Mega menu/Date'  using regular expression

2019-07-15 14:03:31 - [MESSAGE][PASSED] - All options with value '12' are selected in object 'Object Repository/OCS-DESKTOP/Age gate and Mega menu/Date'  using regular expression

2019-07-15 14:03:31 - [TEST_STEP][PASSED] - selectOptionByValue(findTestObject("OCS-DESKTOP/Age gate and Mega menu/month"), "6", true): All options with value '6' are selected in object 'Object Repository/OCS-DESKTOP/Age gate and Mega menu/month'  using regular expression

2019-07-15 14:03:31 - [MESSAGE][PASSED] - All options with value '6' are selected in object 'Object Repository/OCS-DESKTOP/Age gate and Mega menu/month'  using regular expression

2019-07-15 14:03:31 - [TEST_STEP][PASSED] - delay(2): Delayed 2 second(s)

2019-07-15 14:03:33 - [MESSAGE][PASSED] - Delayed 2 second(s)

2019-07-15 14:03:33 - [TEST_STEP][PASSED] - selectOptionByValue(findTestObject("OCS-DESKTOP/Age gate and Mega menu/Year Dropdown"), "1990", true): All options with value '1990' are selected in object 'Object Repository/OCS-DESKTOP/Age gate and Mega menu/Year Dropdown'  using regular expression

2019-07-15 14:03:34 - [MESSAGE][PASSED] - All options with value '1990' are selected in object 'Object Repository/OCS-DESKTOP/Age gate and Mega menu/Year Dropdown'  using regular expression

2019-07-15 14:03:34 - [TEST_STEP][PASSED] - click(findTestObject("OCS-DESKTOP/Age gate and Mega menu/button_Verify")): Object: 'Object Repository/OCS-DESKTOP/Age gate and Mega menu/button_Verify' is clicked on

2019-07-15 14:03:34 - [MESSAGE][PASSED] - Object: 'Object Repository/OCS-DESKTOP/Age gate and Mega menu/button_Verify' is clicked on

2019-07-15 14:03:34 - [TEST_STEP][PASSED] - click(findTestObject("OCS-DESKTOP/Age gate and Mega menu/Checkbox_CONFIRM AND ACKNOWLEDGE")): Object: 'Object Repository/OCS-DESKTOP/Age gate and Mega menu/Checkbox_CONFIRM AND ACKNOWLEDGE' is clicked on

2019-07-15 14:03:34 - [MESSAGE][PASSED] - Object: 'Object Repository/OCS-DESKTOP/Age gate and Mega menu/Checkbox_CONFIRM AND ACKNOWLEDGE' is clicked on

2019-07-15 14:03:34 - [TEST_STEP][PASSED] - click(findTestObject("OCS-DESKTOP/Age gate and Mega menu/button_CONFIRM")): Object: 'Object Repository/OCS-DESKTOP/Age gate and Mega menu/button_CONFIRM' is clicked on

2019-07-15 14:03:34 - [MESSAGE][PASSED] - Object: 'Object Repository/OCS-DESKTOP/Age gate and Mega menu/button_CONFIRM' is clicked on

2019-07-15 14:03:34 - [TEST_STEP][PASSED] - click(findTestObject("OCS-DESKTOP/Age gate and Mega menu/button_Start Browsing")): Object: 'Object Repository/OCS-DESKTOP/Age gate and Mega menu/button_Start Browsing' is clicked on

2019-07-15 14:03:35 - [MESSAGE][PASSED] - Object: 'Object Repository/OCS-DESKTOP/Age gate and Mega menu/button_Start Browsing' is clicked on

2019-07-15 14:03:35 - [TEST_STEP][PASSED] - delay(2): Delayed 2 second(s)

2019-07-15 14:03:37 - [MESSAGE][PASSED] - Delayed 2 second(s)

2019-07-15 14:03:37 - [TEST_STEP][PASSED] - refresh(): Refresh successfully

2019-07-15 14:03:37 - [MESSAGE][PASSED] - Refresh successfully

2019-07-15 14:03:37 - [MESSAGE][PASSED] - Call Test Case 'Test Cases/OCS - DESKTOP/CALL- Age gate' successfully

2019-07-15 14:03:37 - [TEST_STEP][PASSED] - delay(2): Delayed 2 second(s)

2019-07-15 14:03:39 - [MESSAGE][PASSED] - Delayed 2 second(s)

2019-07-15 14:03:39 - [TEST_STEP][PASSED] - click(findTestObject("OCS-DESKTOP/Home - page/Cart icon -bag")): Object: 'Object Repository/OCS-DESKTOP/Home - page/Cart icon -bag' is clicked on

2019-07-15 14:03:41 - [MESSAGE][PASSED] - Object: 'Object Repository/OCS-DESKTOP/Home - page/Cart icon -bag' is clicked on

2019-07-15 14:03:41 - [TEST_STEP][PASSED] - delay(3): Delayed 3 second(s)

2019-07-15 14:03:44 - [MESSAGE][PASSED] - Delayed 3 second(s)

2019-07-15 14:03:44 - [TEST_STEP][PASSED] - verifyTextPresent("Bag", false, OPTIONAL): Text 'Bag' is present on page 

2019-07-15 14:03:45 - [MESSAGE][PASSED] - Text 'Bag' is present on page 

2019-07-15 14:03:45 - [TEST_STEP][PASSED] - if (true):  cart flyout opened 

2019-07-15 14:03:45 - [TEST_STEP][PASSED] - comment(" cart flyout opened "):  cart flyout opened 

2019-07-15 14:03:45 - [MESSAGE][INFO] -  cart flyout opened 

2019-07-15 14:03:45 - [TEST_STEP][PASSED] - delay(5): Delayed 5 second(s)

2019-07-15 14:03:50 - [MESSAGE][PASSED] - Delayed 5 second(s)

2019-07-15 14:03:50 - [TEST_STEP][FAILED] - click(findTestObject("OCS-DESKTOP/Home - page/Collapse cart flyout")): click(findTestObject("OCS-DESKTOP/Home - page/Collapse cart flyout")) FAILED.
Reason:
com.kms.katalon.core.exception.StepFailedException: Unable to click on object 'Object Repository/OCS-DESKTOP/Home - page/Collapse cart flyout' (Root cause: com.kms.katalon.core.webui.exception.WebElementNotFoundException: Web element with id: 'Object Repository/OCS-DESKTOP/Home - page/Collapse cart flyout' located by 'By.xpath: //i[@class='icon icon--close js-close-flyout']' not found)
	at com.kms.katalon.core.keyword.internal.KeywordMain.stepFailed(KeywordMain.groovy:36)
	at com.kms.katalon.core.webui.keyword.internal.WebUIKeywordMain.stepFailed(WebUIKeywordMain.groovy:65)
	at com.kms.katalon.core.webui.keyword.internal.WebUIKeywordMain.runKeyword(WebUIKeywordMain.groovy:27)
	at com.kms.katalon.core.webui.keyword.builtin.ClickKeyword.click(ClickKeyword.groovy:86)
	at com.kms.katalon.core.webui.keyword.builtin.ClickKeyword.execute(ClickKeyword.groovy:67)
	at com.kms.katalon.core.keyword.internal.KeywordExecutor.executeKeywordForPlatform(KeywordExecutor.groovy:53)
	at com.kms.katalon.core.webui.keyword.WebUiBuiltInKeywords.click(WebUiBuiltInKeywords.groovy:616)
	at com.kms.katalon.core.webui.keyword.WebUiBuiltInKeywords$click$4.call(Unknown Source)
	at cart flyout.run(cart flyout:34)
	at com.kms.katalon.core.main.ScriptEngine.run(ScriptEngine.java:194)
	at com.kms.katalon.core.main.ScriptEngine.runScriptAsRawText(ScriptEngine.java:119)
	at com.kms.katalon.core.main.TestCaseExecutor.runScript(TestCaseExecutor.java:328)
	at com.kms.katalon.core.main.TestCaseExecutor.doExecute(TestCaseExecutor.java:319)
	at com.kms.katalon.core.main.TestCaseExecutor.processExecutionPhase(TestCaseExecutor.java:298)
	at com.kms.katalon.core.main.TestCaseExecutor.accessMainPhase(TestCaseExecutor.java:290)
	at com.kms.katalon.core.main.TestCaseExecutor.execute(TestCaseExecutor.java:224)
	at com.kms.katalon.core.main.TestSuiteExecutor.accessTestCaseMainPhase(TestSuiteExecutor.java:129)
	at com.kms.katalon.core.main.TestSuiteExecutor.accessTestSuiteMainPhase(TestSuiteExecutor.java:112)
	at com.kms.katalon.core.main.TestSuiteExecutor.execute(TestSuiteExecutor.java:81)
	at com.kms.katalon.core.main.TestCaseMain.startTestSuite(TestCaseMain.java:149)
	at com.kms.katalon.core.main.TestCaseMain$startTestSuite$0.call(Unknown Source)
	at TempTestSuite1563212133201.run(TempTestSuite1563212133201.groovy:36)


2019-07-15 14:04:20 - [MESSAGE][INFO] - Unable to find the element located by 'By.xpath: //i[@class='icon icon--close js-close-flyout']'. Please recheck the objects properties to make sure the desired element is located. 

2019-07-15 14:04:21 - [MESSAGE][FAILED] - Unable to click on object 'Object Repository/OCS-DESKTOP/Home - page/Collapse cart flyout' (Root cause: com.kms.katalon.core.webui.exception.WebElementNotFoundException: Web element with id: 'Object Repository/OCS-DESKTOP/Home - page/Collapse cart flyout' located by 'By.xpath: //i[@class='icon icon--close js-close-flyout']' not found)
[[ATTACHMENT|/Users/sumankompelly/git/OCS--Relative-xpath-Desktop/Reports/Suite - Chrome/20190715_133533/1563213860823.png]]

2019-07-15 14:04:21 - [MESSAGE][FAILED] - click(findTestObject("OCS-DESKTOP/Home - page/Collapse cart flyout")) FAILED.
Reason:
com.kms.katalon.core.exception.StepFailedException: Unable to click on object 'Object Repository/OCS-DESKTOP/Home - page/Collapse cart flyout' (Root cause: com.kms.katalon.core.webui.exception.WebElementNotFoundException: Web element with id: 'Object Repository/OCS-DESKTOP/Home - page/Collapse cart flyout' located by 'By.xpath: //i[@class='icon icon--close js-close-flyout']' not found)
	at com.kms.katalon.core.keyword.internal.KeywordMain.stepFailed(KeywordMain.groovy:36)
	at com.kms.katalon.core.webui.keyword.internal.WebUIKeywordMain.stepFailed(WebUIKeywordMain.groovy:65)
	at com.kms.katalon.core.webui.keyword.internal.WebUIKeywordMain.runKeyword(WebUIKeywordMain.groovy:27)
	at com.kms.katalon.core.webui.keyword.builtin.ClickKeyword.click(ClickKeyword.groovy:86)
	at com.kms.katalon.core.webui.keyword.builtin.ClickKeyword.execute(ClickKeyword.groovy:67)
	at com.kms.katalon.core.keyword.internal.KeywordExecutor.executeKeywordForPlatform(KeywordExecutor.groovy:53)
	at com.kms.katalon.core.webui.keyword.WebUiBuiltInKeywords.click(WebUiBuiltInKeywords.groovy:616)
	at com.kms.katalon.core.webui.keyword.WebUiBuiltInKeywords$click$4.call(Unknown Source)
	at cart flyout.run(cart flyout:34)
	at com.kms.katalon.core.main.ScriptEngine.run(ScriptEngine.java:194)
	at com.kms.katalon.core.main.ScriptEngine.runScriptAsRawText(ScriptEngine.java:119)
	at com.kms.katalon.core.main.TestCaseExecutor.runScript(TestCaseExecutor.java:328)
	at com.kms.katalon.core.main.TestCaseExecutor.doExecute(TestCaseExecutor.java:319)
	at com.kms.katalon.core.main.TestCaseExecutor.processExecutionPhase(TestCaseExecutor.java:298)
	at com.kms.katalon.core.main.TestCaseExecutor.accessMainPhase(TestCaseExecutor.java:290)
	at com.kms.katalon.core.main.TestCaseExecutor.execute(TestCaseExecutor.java:224)
	at com.kms.katalon.core.main.TestSuiteExecutor.accessTestCaseMainPhase(TestSuiteExecutor.java:129)
	at com.kms.katalon.core.main.TestSuiteExecutor.accessTestSuiteMainPhase(TestSuiteExecutor.java:112)
	at com.kms.katalon.core.main.TestSuiteExecutor.execute(TestSuiteExecutor.java:81)
	at com.kms.katalon.core.main.TestCaseMain.startTestSuite(TestCaseMain.java:149)
	at com.kms.katalon.core.main.TestCaseMain$startTestSuite$0.call(Unknown Source)
	at TempTestSuite1563212133201.run(TempTestSuite1563212133201.groovy:36)]]></system-out>
         <system-err><![CDATA[2019-07-15 14:03:21 - [TEST_CASE][FAILED] - Test Cases/OCS - DESKTOP/OCS- HOME PAGE/cart flyout: Test Cases/OCS - DESKTOP/OCS- HOME PAGE/cart flyout FAILED.
Reason:
com.kms.katalon.core.exception.StepFailedException: Unable to click on object 'Object Repository/OCS-DESKTOP/Home - page/Collapse cart flyout' (Root cause: com.kms.katalon.core.webui.exception.WebElementNotFoundException: Web element with id: 'Object Repository/OCS-DESKTOP/Home - page/Collapse cart flyout' located by 'By.xpath: //i[@class='icon icon--close js-close-flyout']' not found)
	at com.kms.katalon.core.keyword.internal.KeywordMain.stepFailed(KeywordMain.groovy:36)
	at com.kms.katalon.core.webui.keyword.internal.WebUIKeywordMain.stepFailed(WebUIKeywordMain.groovy:65)
	at com.kms.katalon.core.webui.keyword.internal.WebUIKeywordMain.runKeyword(WebUIKeywordMain.groovy:27)
	at com.kms.katalon.core.webui.keyword.builtin.ClickKeyword.click(ClickKeyword.groovy:86)
	at com.kms.katalon.core.webui.keyword.builtin.ClickKeyword.execute(ClickKeyword.groovy:67)
	at com.kms.katalon.core.keyword.internal.KeywordExecutor.executeKeywordForPlatform(KeywordExecutor.groovy:53)
	at com.kms.katalon.core.webui.keyword.WebUiBuiltInKeywords.click(WebUiBuiltInKeywords.groovy:616)
	at com.kms.katalon.core.webui.keyword.WebUiBuiltInKeywords$click$4.call(Unknown Source)
	at cart flyout.run(cart flyout:34)
	at com.kms.katalon.core.main.ScriptEngine.run(ScriptEngine.java:194)
	at com.kms.katalon.core.main.ScriptEngine.runScriptAsRawText(ScriptEngine.java:119)
	at com.kms.katalon.core.main.TestCaseExecutor.runScript(TestCaseExecutor.java:328)
	at com.kms.katalon.core.main.TestCaseExecutor.doExecute(TestCaseExecutor.java:319)
	at com.kms.katalon.core.main.TestCaseExecutor.processExecutionPhase(TestCaseExecutor.java:298)
	at com.kms.katalon.core.main.TestCaseExecutor.accessMainPhase(TestCaseExecutor.java:290)
	at com.kms.katalon.core.main.TestCaseExecutor.execute(TestCaseExecutor.java:224)
	at com.kms.katalon.core.main.TestSuiteExecutor.accessTestCaseMainPhase(TestSuiteExecutor.java:129)
	at com.kms.katalon.core.main.TestSuiteExecutor.accessTestSuiteMainPhase(TestSuiteExecutor.java:112)
	at com.kms.katalon.core.main.TestSuiteExecutor.execute(TestSuiteExecutor.java:81)
	at com.kms.katalon.core.main.TestCaseMain.startTestSuite(TestCaseMain.java:149)
	at com.kms.katalon.core.main.TestCaseMain$startTestSuite$0.call(Unknown Source)
	at TempTestSuite1563212133201.run(TempTestSuite1563212133201.groovy:36)]]></system-err>
      </testcase>
      <testcase name="Test Cases/OCS - DESKTOP/OCS- HOME PAGE/Retail stores link" classname="Test Cases/OCS - DESKTOP/OCS- HOME PAGE/Retail stores link" status="PASSED">
         <system-out><![CDATA[2019-07-15 14:04:21 - [TEST_CASE][PASSED] - Test Cases/OCS - DESKTOP/OCS- HOME PAGE/Retail stores link: Test Cases/OCS - DESKTOP/OCS- HOME PAGE/Retail stores link

2019-07-15 14:04:21 - [TEST_STEP][PASSED] - callTestCase(findTestCase("OCS - DESKTOP/CALL- Age gate"), [:], STOP_ON_FAILURE): Call Test Case 'Test Cases/OCS - DESKTOP/CALL- Age gate' successfully

2019-07-15 14:04:21 - [TEST_CASE][PASSED] - Test Cases/OCS - DESKTOP/CALL- Age gate: Test Cases/OCS - DESKTOP/CALL- Age gate

2019-07-15 14:04:21 - [TEST_STEP][PASSED] - openBrowser(""): Browser is opened with url: ''

2019-07-15 14:04:21 - [MESSAGE][WARNING] - A browser is already opened. Closing browser and opening a new one

2019-07-15 14:04:21 - [MESSAGE][INFO] - Starting 'Chrome' driver

2019-07-15 14:04:23 - [MESSAGE][PASSED] - Browser is opened with url: ''

2019-07-15 14:04:23 - [TEST_STEP][PASSED] - navigateToUrl("https://ocs.ca/?fts=0&preview_theme_id=74205529932"): Navigate to 'https://ocs.ca/?fts=0&preview_theme_id=74205529932' successfully

2019-07-15 14:04:28 - [MESSAGE][PASSED] - Navigate to 'https://ocs.ca/?fts=0&preview_theme_id=74205529932' successfully

2019-07-15 14:04:28 - [TEST_STEP][PASSED] - maximizeWindow(): Current window maximized

2019-07-15 14:04:28 - [MESSAGE][PASSED] - Current window maximized

2019-07-15 14:04:28 - [TEST_STEP][PASSED] - delay(2): Delayed 2 second(s)

2019-07-15 14:04:30 - [MESSAGE][PASSED] - Delayed 2 second(s)

2019-07-15 14:04:30 - [TEST_STEP][PASSED] - executeJavaScript("var previewBar = document.getElementById("preview-bar-iframe"); previewBar.style.display = "none";", []): Execute JavaScript 'var previewBar = document.getElementById("preview-bar-iframe"); previewBar.style.display = "none";' successfully

2019-07-15 14:04:30 - [MESSAGE][PASSED] - Execute JavaScript 'var previewBar = document.getElementById("preview-bar-iframe"); previewBar.style.display = "none";' successfully

2019-07-15 14:04:30 - [TEST_STEP][PASSED] - selectOptionByValue(findTestObject("OCS-DESKTOP/Age gate and Mega menu/Date"), "12", true): All options with value '12' are selected in object 'Object Repository/OCS-DESKTOP/Age gate and Mega menu/Date'  using regular expression

2019-07-15 14:04:31 - [MESSAGE][PASSED] - All options with value '12' are selected in object 'Object Repository/OCS-DESKTOP/Age gate and Mega menu/Date'  using regular expression

2019-07-15 14:04:31 - [TEST_STEP][PASSED] - selectOptionByValue(findTestObject("OCS-DESKTOP/Age gate and Mega menu/month"), "6", true): All options with value '6' are selected in object 'Object Repository/OCS-DESKTOP/Age gate and Mega menu/month'  using regular expression

2019-07-15 14:04:31 - [MESSAGE][PASSED] - All options with value '6' are selected in object 'Object Repository/OCS-DESKTOP/Age gate and Mega menu/month'  using regular expression

2019-07-15 14:04:31 - [TEST_STEP][PASSED] - delay(2): Delayed 2 second(s)

2019-07-15 14:04:33 - [MESSAGE][PASSED] - Delayed 2 second(s)

2019-07-15 14:04:33 - [TEST_STEP][PASSED] - selectOptionByValue(findTestObject("OCS-DESKTOP/Age gate and Mega menu/Year Dropdown"), "1990", true): All options with value '1990' are selected in object 'Object Repository/OCS-DESKTOP/Age gate and Mega menu/Year Dropdown'  using regular expression

2019-07-15 14:04:34 - [MESSAGE][PASSED] - All options with value '1990' are selected in object 'Object Repository/OCS-DESKTOP/Age gate and Mega menu/Year Dropdown'  using regular expression

2019-07-15 14:04:34 - [TEST_STEP][PASSED] - click(findTestObject("OCS-DESKTOP/Age gate and Mega menu/button_Verify")): Object: 'Object Repository/OCS-DESKTOP/Age gate and Mega menu/button_Verify' is clicked on

2019-07-15 14:04:34 - [MESSAGE][PASSED] - Object: 'Object Repository/OCS-DESKTOP/Age gate and Mega menu/button_Verify' is clicked on

2019-07-15 14:04:34 - [TEST_STEP][PASSED] - click(findTestObject("OCS-DESKTOP/Age gate and Mega menu/Checkbox_CONFIRM AND ACKNOWLEDGE")): Object: 'Object Repository/OCS-DESKTOP/Age gate and Mega menu/Checkbox_CONFIRM AND ACKNOWLEDGE' is clicked on

2019-07-15 14:04:34 - [MESSAGE][PASSED] - Object: 'Object Repository/OCS-DESKTOP/Age gate and Mega menu/Checkbox_CONFIRM AND ACKNOWLEDGE' is clicked on

2019-07-15 14:04:34 - [TEST_STEP][PASSED] - click(findTestObject("OCS-DESKTOP/Age gate and Mega menu/button_CONFIRM")): Object: 'Object Repository/OCS-DESKTOP/Age gate and Mega menu/button_CONFIRM' is clicked on

2019-07-15 14:04:34 - [MESSAGE][PASSED] - Object: 'Object Repository/OCS-DESKTOP/Age gate and Mega menu/button_CONFIRM' is clicked on

2019-07-15 14:04:34 - [TEST_STEP][PASSED] - click(findTestObject("OCS-DESKTOP/Age gate and Mega menu/button_Start Browsing")): Object: 'Object Repository/OCS-DESKTOP/Age gate and Mega menu/button_Start Browsing' is clicked on

2019-07-15 14:04:35 - [MESSAGE][PASSED] - Object: 'Object Repository/OCS-DESKTOP/Age gate and Mega menu/button_Start Browsing' is clicked on

2019-07-15 14:04:35 - [TEST_STEP][PASSED] - delay(2): Delayed 2 second(s)

2019-07-15 14:04:37 - [MESSAGE][PASSED] - Delayed 2 second(s)

2019-07-15 14:04:37 - [TEST_STEP][PASSED] - refresh(): Refresh successfully

2019-07-15 14:04:37 - [MESSAGE][PASSED] - Refresh successfully

2019-07-15 14:04:37 - [MESSAGE][PASSED] - Call Test Case 'Test Cases/OCS - DESKTOP/CALL- Age gate' successfully

2019-07-15 14:04:37 - [TEST_STEP][PASSED] - delay(2): Delayed 2 second(s)

2019-07-15 14:04:39 - [MESSAGE][PASSED] - Delayed 2 second(s)

2019-07-15 14:04:39 - [TEST_STEP][PASSED] - flag = verifyElementPresent(findTestObject("OCS-DESKTOP/Home - page/Retail stores link"), 0, CONTINUE_ON_FAILURE): Object 'Object Repository/OCS-DESKTOP/Home - page/Retail stores link' is present

2019-07-15 14:04:39 - [MESSAGE][WARNING] - Timeout '0' is invalid. Using default page load timeout: '30'

2019-07-15 14:04:40 - [MESSAGE][PASSED] - Object 'Object Repository/OCS-DESKTOP/Home - page/Retail stores link' is present

2019-07-15 14:04:40 - [TEST_STEP][PASSED] - comment("flag=" + flag): flag=true

2019-07-15 14:04:40 - [MESSAGE][INFO] - flag=true

2019-07-15 14:04:40 - [TEST_STEP][PASSED] - if (flag == true): Object: 'Object Repository/OCS-DESKTOP/Home - page/Retail stores link' is clicked on

2019-07-15 14:04:40 - [TEST_STEP][PASSED] - delay(2): Delayed 2 second(s)

2019-07-15 14:04:42 - [MESSAGE][PASSED] - Delayed 2 second(s)

2019-07-15 14:04:42 - [TEST_STEP][PASSED] - click(findTestObject("OCS-DESKTOP/Home - page/Retail stores link")): Object: 'Object Repository/OCS-DESKTOP/Home - page/Retail stores link' is clicked on

2019-07-15 14:04:42 - [MESSAGE][PASSED] - Object: 'Object Repository/OCS-DESKTOP/Home - page/Retail stores link' is clicked on]]></system-out>
         <system-err><![CDATA[]]></system-err>
      </testcase>
      <testcase name="Test Cases/OCS - DESKTOP/OCS- HOME PAGE/Screen reader link" classname="Test Cases/OCS - DESKTOP/OCS- HOME PAGE/Screen reader link" status="FAILED">
         <failure type="FAILED" message="Test Cases/OCS - DESKTOP/OCS- HOME PAGE/Screen reader link FAILED.
Reason:
com.kms.katalon.core.exception.StepFailedException: Unable to click on object 'Object Repository/OCS-DESKTOP/Home - page/Screen readers link' (Root cause: com.kms.katalon.core.webui.exception.WebElementNotFoundException: Web element with id: 'Object Repository/OCS-DESKTOP/Home - page/Screen readers link' located by 'By.xpath: //a[contains(text(),'Customers with difficulties using screen readers')]' not found)
	at com.kms.katalon.core.keyword.internal.KeywordMain.stepFailed(KeywordMain.groovy:36)
	at com.kms.katalon.core.webui.keyword.internal.WebUIKeywordMain.stepFailed(WebUIKeywordMain.groovy:65)
	at com.kms.katalon.core.webui.keyword.internal.WebUIKeywordMain.runKeyword(WebUIKeywordMain.groovy:27)
	at com.kms.katalon.core.webui.keyword.builtin.ClickKeyword.click(ClickKeyword.groovy:86)
	at com.kms.katalon.core.webui.keyword.builtin.ClickKeyword.execute(ClickKeyword.groovy:67)
	at com.kms.katalon.core.keyword.internal.KeywordExecutor.executeKeywordForPlatform(KeywordExecutor.groovy:53)
	at com.kms.katalon.core.webui.keyword.WebUiBuiltInKeywords.click(WebUiBuiltInKeywords.groovy:616)
	at com.kms.katalon.core.webui.keyword.WebUiBuiltInKeywords$click$4.call(Unknown Source)
	at Screen reader link.run(Screen reader link:20)
	at com.kms.katalon.core.main.ScriptEngine.run(ScriptEngine.java:194)
	at com.kms.katalon.core.main.ScriptEngine.runScriptAsRawText(ScriptEngine.java:119)
	at com.kms.katalon.core.main.TestCaseExecutor.runScript(TestCaseExecutor.java:328)
	at com.kms.katalon.core.main.TestCaseExecutor.doExecute(TestCaseExecutor.java:319)
	at com.kms.katalon.core.main.TestCaseExecutor.processExecutionPhase(TestCaseExecutor.java:298)
	at com.kms.katalon.core.main.TestCaseExecutor.accessMainPhase(TestCaseExecutor.java:290)
	at com.kms.katalon.core.main.TestCaseExecutor.execute(TestCaseExecutor.java:224)
	at com.kms.katalon.core.main.TestSuiteExecutor.accessTestCaseMainPhase(TestSuiteExecutor.java:129)
	at com.kms.katalon.core.main.TestSuiteExecutor.accessTestSuiteMainPhase(TestSuiteExecutor.java:112)
	at com.kms.katalon.core.main.TestSuiteExecutor.execute(TestSuiteExecutor.java:81)
	at com.kms.katalon.core.main.TestCaseMain.startTestSuite(TestCaseMain.java:149)
	at com.kms.katalon.core.main.TestCaseMain$startTestSuite$0.call(Unknown Source)
	at TempTestSuite1563212133201.run(TempTestSuite1563212133201.groovy:36)
"/>
         <system-out><![CDATA[2019-07-15 14:04:42 - [TEST_CASE][FAILED] - Test Cases/OCS - DESKTOP/OCS- HOME PAGE/Screen reader link: Test Cases/OCS - DESKTOP/OCS- HOME PAGE/Screen reader link FAILED.
Reason:
com.kms.katalon.core.exception.StepFailedException: Unable to click on object 'Object Repository/OCS-DESKTOP/Home - page/Screen readers link' (Root cause: com.kms.katalon.core.webui.exception.WebElementNotFoundException: Web element with id: 'Object Repository/OCS-DESKTOP/Home - page/Screen readers link' located by 'By.xpath: //a[contains(text(),'Customers with difficulties using screen readers')]' not found)
	at com.kms.katalon.core.keyword.internal.KeywordMain.stepFailed(KeywordMain.groovy:36)
	at com.kms.katalon.core.webui.keyword.internal.WebUIKeywordMain.stepFailed(WebUIKeywordMain.groovy:65)
	at com.kms.katalon.core.webui.keyword.internal.WebUIKeywordMain.runKeyword(WebUIKeywordMain.groovy:27)
	at com.kms.katalon.core.webui.keyword.builtin.ClickKeyword.click(ClickKeyword.groovy:86)
	at com.kms.katalon.core.webui.keyword.builtin.ClickKeyword.execute(ClickKeyword.groovy:67)
	at com.kms.katalon.core.keyword.internal.KeywordExecutor.executeKeywordForPlatform(KeywordExecutor.groovy:53)
	at com.kms.katalon.core.webui.keyword.WebUiBuiltInKeywords.click(WebUiBuiltInKeywords.groovy:616)
	at com.kms.katalon.core.webui.keyword.WebUiBuiltInKeywords$click$4.call(Unknown Source)
	at Screen reader link.run(Screen reader link:20)
	at com.kms.katalon.core.main.ScriptEngine.run(ScriptEngine.java:194)
	at com.kms.katalon.core.main.ScriptEngine.runScriptAsRawText(ScriptEngine.java:119)
	at com.kms.katalon.core.main.TestCaseExecutor.runScript(TestCaseExecutor.java:328)
	at com.kms.katalon.core.main.TestCaseExecutor.doExecute(TestCaseExecutor.java:319)
	at com.kms.katalon.core.main.TestCaseExecutor.processExecutionPhase(TestCaseExecutor.java:298)
	at com.kms.katalon.core.main.TestCaseExecutor.accessMainPhase(TestCaseExecutor.java:290)
	at com.kms.katalon.core.main.TestCaseExecutor.execute(TestCaseExecutor.java:224)
	at com.kms.katalon.core.main.TestSuiteExecutor.accessTestCaseMainPhase(TestSuiteExecutor.java:129)
	at com.kms.katalon.core.main.TestSuiteExecutor.accessTestSuiteMainPhase(TestSuiteExecutor.java:112)
	at com.kms.katalon.core.main.TestSuiteExecutor.execute(TestSuiteExecutor.java:81)
	at com.kms.katalon.core.main.TestCaseMain.startTestSuite(TestCaseMain.java:149)
	at com.kms.katalon.core.main.TestCaseMain$startTestSuite$0.call(Unknown Source)
	at TempTestSuite1563212133201.run(TempTestSuite1563212133201.groovy:36)


2019-07-15 14:04:43 - [TEST_STEP][PASSED] - callTestCase(findTestCase("OCS - DESKTOP/CALL- Age gate"), [:], STOP_ON_FAILURE): Call Test Case 'Test Cases/OCS - DESKTOP/CALL- Age gate' successfully

2019-07-15 14:04:43 - [TEST_CASE][PASSED] - Test Cases/OCS - DESKTOP/CALL- Age gate: Test Cases/OCS - DESKTOP/CALL- Age gate

2019-07-15 14:04:43 - [TEST_STEP][PASSED] - openBrowser(""): Browser is opened with url: ''

2019-07-15 14:04:43 - [MESSAGE][WARNING] - A browser is already opened. Closing browser and opening a new one

2019-07-15 14:04:43 - [MESSAGE][INFO] - Starting 'Chrome' driver

2019-07-15 14:04:45 - [MESSAGE][PASSED] - Browser is opened with url: ''

2019-07-15 14:04:45 - [TEST_STEP][PASSED] - navigateToUrl("https://ocs.ca/?fts=0&preview_theme_id=74205529932"): Navigate to 'https://ocs.ca/?fts=0&preview_theme_id=74205529932' successfully

2019-07-15 14:04:50 - [MESSAGE][PASSED] - Navigate to 'https://ocs.ca/?fts=0&preview_theme_id=74205529932' successfully

2019-07-15 14:04:50 - [TEST_STEP][PASSED] - maximizeWindow(): Current window maximized

2019-07-15 14:04:50 - [MESSAGE][PASSED] - Current window maximized

2019-07-15 14:04:50 - [TEST_STEP][PASSED] - delay(2): Delayed 2 second(s)

2019-07-15 14:04:52 - [MESSAGE][PASSED] - Delayed 2 second(s)

2019-07-15 14:04:52 - [TEST_STEP][PASSED] - executeJavaScript("var previewBar = document.getElementById("preview-bar-iframe"); previewBar.style.display = "none";", []): Execute JavaScript 'var previewBar = document.getElementById("preview-bar-iframe"); previewBar.style.display = "none";' successfully

2019-07-15 14:04:52 - [MESSAGE][PASSED] - Execute JavaScript 'var previewBar = document.getElementById("preview-bar-iframe"); previewBar.style.display = "none";' successfully

2019-07-15 14:04:52 - [TEST_STEP][PASSED] - selectOptionByValue(findTestObject("OCS-DESKTOP/Age gate and Mega menu/Date"), "12", true): All options with value '12' are selected in object 'Object Repository/OCS-DESKTOP/Age gate and Mega menu/Date'  using regular expression

2019-07-15 14:04:53 - [MESSAGE][PASSED] - All options with value '12' are selected in object 'Object Repository/OCS-DESKTOP/Age gate and Mega menu/Date'  using regular expression

2019-07-15 14:04:53 - [TEST_STEP][PASSED] - selectOptionByValue(findTestObject("OCS-DESKTOP/Age gate and Mega menu/month"), "6", true): All options with value '6' are selected in object 'Object Repository/OCS-DESKTOP/Age gate and Mega menu/month'  using regular expression

2019-07-15 14:04:53 - [MESSAGE][PASSED] - All options with value '6' are selected in object 'Object Repository/OCS-DESKTOP/Age gate and Mega menu/month'  using regular expression

2019-07-15 14:04:53 - [TEST_STEP][PASSED] - delay(2): Delayed 2 second(s)

2019-07-15 14:04:55 - [MESSAGE][PASSED] - Delayed 2 second(s)

2019-07-15 14:04:55 - [TEST_STEP][PASSED] - selectOptionByValue(findTestObject("OCS-DESKTOP/Age gate and Mega menu/Year Dropdown"), "1990", true): All options with value '1990' are selected in object 'Object Repository/OCS-DESKTOP/Age gate and Mega menu/Year Dropdown'  using regular expression

2019-07-15 14:04:56 - [MESSAGE][PASSED] - All options with value '1990' are selected in object 'Object Repository/OCS-DESKTOP/Age gate and Mega menu/Year Dropdown'  using regular expression

2019-07-15 14:04:56 - [TEST_STEP][PASSED] - click(findTestObject("OCS-DESKTOP/Age gate and Mega menu/button_Verify")): Object: 'Object Repository/OCS-DESKTOP/Age gate and Mega menu/button_Verify' is clicked on

2019-07-15 14:04:56 - [MESSAGE][PASSED] - Object: 'Object Repository/OCS-DESKTOP/Age gate and Mega menu/button_Verify' is clicked on

2019-07-15 14:04:56 - [TEST_STEP][PASSED] - click(findTestObject("OCS-DESKTOP/Age gate and Mega menu/Checkbox_CONFIRM AND ACKNOWLEDGE")): Object: 'Object Repository/OCS-DESKTOP/Age gate and Mega menu/Checkbox_CONFIRM AND ACKNOWLEDGE' is clicked on

2019-07-15 14:04:56 - [MESSAGE][PASSED] - Object: 'Object Repository/OCS-DESKTOP/Age gate and Mega menu/Checkbox_CONFIRM AND ACKNOWLEDGE' is clicked on

2019-07-15 14:04:56 - [TEST_STEP][PASSED] - click(findTestObject("OCS-DESKTOP/Age gate and Mega menu/button_CONFIRM")): Object: 'Object Repository/OCS-DESKTOP/Age gate and Mega menu/button_CONFIRM' is clicked on

2019-07-15 14:04:56 - [MESSAGE][PASSED] - Object: 'Object Repository/OCS-DESKTOP/Age gate and Mega menu/button_CONFIRM' is clicked on

2019-07-15 14:04:56 - [TEST_STEP][PASSED] - click(findTestObject("OCS-DESKTOP/Age gate and Mega menu/button_Start Browsing")): Object: 'Object Repository/OCS-DESKTOP/Age gate and Mega menu/button_Start Browsing' is clicked on

2019-07-15 14:04:56 - [MESSAGE][PASSED] - Object: 'Object Repository/OCS-DESKTOP/Age gate and Mega menu/button_Start Browsing' is clicked on

2019-07-15 14:04:56 - [TEST_STEP][PASSED] - delay(2): Delayed 2 second(s)

2019-07-15 14:04:58 - [MESSAGE][PASSED] - Delayed 2 second(s)

2019-07-15 14:04:58 - [TEST_STEP][PASSED] - refresh(): Refresh successfully

2019-07-15 14:04:58 - [MESSAGE][PASSED] - Refresh successfully

2019-07-15 14:04:58 - [MESSAGE][PASSED] - Call Test Case 'Test Cases/OCS - DESKTOP/CALL- Age gate' successfully

2019-07-15 14:04:58 - [TEST_STEP][PASSED] - delay(2): Delayed 2 second(s)

2019-07-15 14:05:00 - [MESSAGE][PASSED] - Delayed 2 second(s)

2019-07-15 14:05:00 - [TEST_STEP][FAILED] - click(findTestObject("OCS-DESKTOP/Home - page/Screen readers link")): click(findTestObject("OCS-DESKTOP/Home - page/Screen readers link")) FAILED.
Reason:
com.kms.katalon.core.exception.StepFailedException: Unable to click on object 'Object Repository/OCS-DESKTOP/Home - page/Screen readers link' (Root cause: com.kms.katalon.core.webui.exception.WebElementNotFoundException: Web element with id: 'Object Repository/OCS-DESKTOP/Home - page/Screen readers link' located by 'By.xpath: //a[contains(text(),'Customers with difficulties using screen readers')]' not found)
	at com.kms.katalon.core.keyword.internal.KeywordMain.stepFailed(KeywordMain.groovy:36)
	at com.kms.katalon.core.webui.keyword.internal.WebUIKeywordMain.stepFailed(WebUIKeywordMain.groovy:65)
	at com.kms.katalon.core.webui.keyword.internal.WebUIKeywordMain.runKeyword(WebUIKeywordMain.groovy:27)
	at com.kms.katalon.core.webui.keyword.builtin.ClickKeyword.click(ClickKeyword.groovy:86)
	at com.kms.katalon.core.webui.keyword.builtin.ClickKeyword.execute(ClickKeyword.groovy:67)
	at com.kms.katalon.core.keyword.internal.KeywordExecutor.executeKeywordForPlatform(KeywordExecutor.groovy:53)
	at com.kms.katalon.core.webui.keyword.WebUiBuiltInKeywords.click(WebUiBuiltInKeywords.groovy:616)
	at com.kms.katalon.core.webui.keyword.WebUiBuiltInKeywords$click$4.call(Unknown Source)
	at Screen reader link.run(Screen reader link:20)
	at com.kms.katalon.core.main.ScriptEngine.run(ScriptEngine.java:194)
	at com.kms.katalon.core.main.ScriptEngine.runScriptAsRawText(ScriptEngine.java:119)
	at com.kms.katalon.core.main.TestCaseExecutor.runScript(TestCaseExecutor.java:328)
	at com.kms.katalon.core.main.TestCaseExecutor.doExecute(TestCaseExecutor.java:319)
	at com.kms.katalon.core.main.TestCaseExecutor.processExecutionPhase(TestCaseExecutor.java:298)
	at com.kms.katalon.core.main.TestCaseExecutor.accessMainPhase(TestCaseExecutor.java:290)
	at com.kms.katalon.core.main.TestCaseExecutor.execute(TestCaseExecutor.java:224)
	at com.kms.katalon.core.main.TestSuiteExecutor.accessTestCaseMainPhase(TestSuiteExecutor.java:129)
	at com.kms.katalon.core.main.TestSuiteExecutor.accessTestSuiteMainPhase(TestSuiteExecutor.java:112)
	at com.kms.katalon.core.main.TestSuiteExecutor.execute(TestSuiteExecutor.java:81)
	at com.kms.katalon.core.main.TestCaseMain.startTestSuite(TestCaseMain.java:149)
	at com.kms.katalon.core.main.TestCaseMain$startTestSuite$0.call(Unknown Source)
	at TempTestSuite1563212133201.run(TempTestSuite1563212133201.groovy:36)


2019-07-15 14:05:31 - [MESSAGE][INFO] - Unable to find the element located by 'By.xpath: //a[contains(text(),'Customers with difficulties using screen readers')]'. Please recheck the objects properties to make sure the desired element is located. 

2019-07-15 14:05:32 - [MESSAGE][FAILED] - Unable to click on object 'Object Repository/OCS-DESKTOP/Home - page/Screen readers link' (Root cause: com.kms.katalon.core.webui.exception.WebElementNotFoundException: Web element with id: 'Object Repository/OCS-DESKTOP/Home - page/Screen readers link' located by 'By.xpath: //a[contains(text(),'Customers with difficulties using screen readers')]' not found)
[[ATTACHMENT|/Users/sumankompelly/git/OCS--Relative-xpath-Desktop/Reports/Suite - Chrome/20190715_133533/1563213931959.png]]

2019-07-15 14:05:32 - [MESSAGE][FAILED] - click(findTestObject("OCS-DESKTOP/Home - page/Screen readers link")) FAILED.
Reason:
com.kms.katalon.core.exception.StepFailedException: Unable to click on object 'Object Repository/OCS-DESKTOP/Home - page/Screen readers link' (Root cause: com.kms.katalon.core.webui.exception.WebElementNotFoundException: Web element with id: 'Object Repository/OCS-DESKTOP/Home - page/Screen readers link' located by 'By.xpath: //a[contains(text(),'Customers with difficulties using screen readers')]' not found)
	at com.kms.katalon.core.keyword.internal.KeywordMain.stepFailed(KeywordMain.groovy:36)
	at com.kms.katalon.core.webui.keyword.internal.WebUIKeywordMain.stepFailed(WebUIKeywordMain.groovy:65)
	at com.kms.katalon.core.webui.keyword.internal.WebUIKeywordMain.runKeyword(WebUIKeywordMain.groovy:27)
	at com.kms.katalon.core.webui.keyword.builtin.ClickKeyword.click(ClickKeyword.groovy:86)
	at com.kms.katalon.core.webui.keyword.builtin.ClickKeyword.execute(ClickKeyword.groovy:67)
	at com.kms.katalon.core.keyword.internal.KeywordExecutor.executeKeywordForPlatform(KeywordExecutor.groovy:53)
	at com.kms.katalon.core.webui.keyword.WebUiBuiltInKeywords.click(WebUiBuiltInKeywords.groovy:616)
	at com.kms.katalon.core.webui.keyword.WebUiBuiltInKeywords$click$4.call(Unknown Source)
	at Screen reader link.run(Screen reader link:20)
	at com.kms.katalon.core.main.ScriptEngine.run(ScriptEngine.java:194)
	at com.kms.katalon.core.main.ScriptEngine.runScriptAsRawText(ScriptEngine.java:119)
	at com.kms.katalon.core.main.TestCaseExecutor.runScript(TestCaseExecutor.java:328)
	at com.kms.katalon.core.main.TestCaseExecutor.doExecute(TestCaseExecutor.java:319)
	at com.kms.katalon.core.main.TestCaseExecutor.processExecutionPhase(TestCaseExecutor.java:298)
	at com.kms.katalon.core.main.TestCaseExecutor.accessMainPhase(TestCaseExecutor.java:290)
	at com.kms.katalon.core.main.TestCaseExecutor.execute(TestCaseExecutor.java:224)
	at com.kms.katalon.core.main.TestSuiteExecutor.accessTestCaseMainPhase(TestSuiteExecutor.java:129)
	at com.kms.katalon.core.main.TestSuiteExecutor.accessTestSuiteMainPhase(TestSuiteExecutor.java:112)
	at com.kms.katalon.core.main.TestSuiteExecutor.execute(TestSuiteExecutor.java:81)
	at com.kms.katalon.core.main.TestCaseMain.startTestSuite(TestCaseMain.java:149)
	at com.kms.katalon.core.main.TestCaseMain$startTestSuite$0.call(Unknown Source)
	at TempTestSuite1563212133201.run(TempTestSuite1563212133201.groovy:36)]]></system-out>
         <system-err><![CDATA[2019-07-15 14:04:42 - [TEST_CASE][FAILED] - Test Cases/OCS - DESKTOP/OCS- HOME PAGE/Screen reader link: Test Cases/OCS - DESKTOP/OCS- HOME PAGE/Screen reader link FAILED.
Reason:
com.kms.katalon.core.exception.StepFailedException: Unable to click on object 'Object Repository/OCS-DESKTOP/Home - page/Screen readers link' (Root cause: com.kms.katalon.core.webui.exception.WebElementNotFoundException: Web element with id: 'Object Repository/OCS-DESKTOP/Home - page/Screen readers link' located by 'By.xpath: //a[contains(text(),'Customers with difficulties using screen readers')]' not found)
	at com.kms.katalon.core.keyword.internal.KeywordMain.stepFailed(KeywordMain.groovy:36)
	at com.kms.katalon.core.webui.keyword.internal.WebUIKeywordMain.stepFailed(WebUIKeywordMain.groovy:65)
	at com.kms.katalon.core.webui.keyword.internal.WebUIKeywordMain.runKeyword(WebUIKeywordMain.groovy:27)
	at com.kms.katalon.core.webui.keyword.builtin.ClickKeyword.click(ClickKeyword.groovy:86)
	at com.kms.katalon.core.webui.keyword.builtin.ClickKeyword.execute(ClickKeyword.groovy:67)
	at com.kms.katalon.core.keyword.internal.KeywordExecutor.executeKeywordForPlatform(KeywordExecutor.groovy:53)
	at com.kms.katalon.core.webui.keyword.WebUiBuiltInKeywords.click(WebUiBuiltInKeywords.groovy:616)
	at com.kms.katalon.core.webui.keyword.WebUiBuiltInKeywords$click$4.call(Unknown Source)
	at Screen reader link.run(Screen reader link:20)
	at com.kms.katalon.core.main.ScriptEngine.run(ScriptEngine.java:194)
	at com.kms.katalon.core.main.ScriptEngine.runScriptAsRawText(ScriptEngine.java:119)
	at com.kms.katalon.core.main.TestCaseExecutor.runScript(TestCaseExecutor.java:328)
	at com.kms.katalon.core.main.TestCaseExecutor.doExecute(TestCaseExecutor.java:319)
	at com.kms.katalon.core.main.TestCaseExecutor.processExecutionPhase(TestCaseExecutor.java:298)
	at com.kms.katalon.core.main.TestCaseExecutor.accessMainPhase(TestCaseExecutor.java:290)
	at com.kms.katalon.core.main.TestCaseExecutor.execute(TestCaseExecutor.java:224)
	at com.kms.katalon.core.main.TestSuiteExecutor.accessTestCaseMainPhase(TestSuiteExecutor.java:129)
	at com.kms.katalon.core.main.TestSuiteExecutor.accessTestSuiteMainPhase(TestSuiteExecutor.java:112)
	at com.kms.katalon.core.main.TestSuiteExecutor.execute(TestSuiteExecutor.java:81)
	at com.kms.katalon.core.main.TestCaseMain.startTestSuite(TestCaseMain.java:149)
	at com.kms.katalon.core.main.TestCaseMain$startTestSuite$0.call(Unknown Source)
	at TempTestSuite1563212133201.run(TempTestSuite1563212133201.groovy:36)]]></system-err>
      </testcase>
      <testcase name="Test Cases/OCS - DESKTOP/OCS- HOME PAGE/HP-Burger menu -cannabis" classname="Test Cases/OCS - DESKTOP/OCS- HOME PAGE/HP-Burger menu -cannabis" status="PASSED">
         <system-out><![CDATA[2019-07-15 14:05:32 - [TEST_CASE][PASSED] - Test Cases/OCS - DESKTOP/OCS- HOME PAGE/HP-Burger menu -cannabis: Test Cases/OCS - DESKTOP/OCS- HOME PAGE/HP-Burger menu -cannabis

2019-07-15 14:05:32 - [TEST_STEP][PASSED] - callTestCase(findTestCase("OCS - DESKTOP/CALL- Age gate"), [:], STOP_ON_FAILURE): Call Test Case 'Test Cases/OCS - DESKTOP/CALL- Age gate' successfully

2019-07-15 14:05:32 - [TEST_CASE][PASSED] - Test Cases/OCS - DESKTOP/CALL- Age gate: Test Cases/OCS - DESKTOP/CALL- Age gate

2019-07-15 14:05:32 - [TEST_STEP][PASSED] - openBrowser(""): Browser is opened with url: ''

2019-07-15 14:05:32 - [MESSAGE][WARNING] - A browser is already opened. Closing browser and opening a new one

2019-07-15 14:05:33 - [MESSAGE][INFO] - Starting 'Chrome' driver

2019-07-15 14:05:34 - [MESSAGE][PASSED] - Browser is opened with url: ''

2019-07-15 14:05:34 - [TEST_STEP][PASSED] - navigateToUrl("https://ocs.ca/?fts=0&preview_theme_id=74205529932"): Navigate to 'https://ocs.ca/?fts=0&preview_theme_id=74205529932' successfully

2019-07-15 14:05:39 - [MESSAGE][PASSED] - Navigate to 'https://ocs.ca/?fts=0&preview_theme_id=74205529932' successfully

2019-07-15 14:05:39 - [TEST_STEP][PASSED] - maximizeWindow(): Current window maximized

2019-07-15 14:05:39 - [MESSAGE][PASSED] - Current window maximized

2019-07-15 14:05:39 - [TEST_STEP][PASSED] - delay(2): Delayed 2 second(s)

2019-07-15 14:05:41 - [MESSAGE][PASSED] - Delayed 2 second(s)

2019-07-15 14:05:41 - [TEST_STEP][PASSED] - executeJavaScript("var previewBar = document.getElementById("preview-bar-iframe"); previewBar.style.display = "none";", []): Execute JavaScript 'var previewBar = document.getElementById("preview-bar-iframe"); previewBar.style.display = "none";' successfully

2019-07-15 14:05:41 - [MESSAGE][PASSED] - Execute JavaScript 'var previewBar = document.getElementById("preview-bar-iframe"); previewBar.style.display = "none";' successfully

2019-07-15 14:05:41 - [TEST_STEP][PASSED] - selectOptionByValue(findTestObject("OCS-DESKTOP/Age gate and Mega menu/Date"), "12", true): All options with value '12' are selected in object 'Object Repository/OCS-DESKTOP/Age gate and Mega menu/Date'  using regular expression

2019-07-15 14:05:42 - [MESSAGE][PASSED] - All options with value '12' are selected in object 'Object Repository/OCS-DESKTOP/Age gate and Mega menu/Date'  using regular expression

2019-07-15 14:05:42 - [TEST_STEP][PASSED] - selectOptionByValue(findTestObject("OCS-DESKTOP/Age gate and Mega menu/month"), "6", true): All options with value '6' are selected in object 'Object Repository/OCS-DESKTOP/Age gate and Mega menu/month'  using regular expression

2019-07-15 14:05:42 - [MESSAGE][PASSED] - All options with value '6' are selected in object 'Object Repository/OCS-DESKTOP/Age gate and Mega menu/month'  using regular expression

2019-07-15 14:05:42 - [TEST_STEP][PASSED] - delay(2): Delayed 2 second(s)

2019-07-15 14:05:44 - [MESSAGE][PASSED] - Delayed 2 second(s)

2019-07-15 14:05:44 - [TEST_STEP][PASSED] - selectOptionByValue(findTestObject("OCS-DESKTOP/Age gate and Mega menu/Year Dropdown"), "1990", true): All options with value '1990' are selected in object 'Object Repository/OCS-DESKTOP/Age gate and Mega menu/Year Dropdown'  using regular expression

2019-07-15 14:05:45 - [MESSAGE][PASSED] - All options with value '1990' are selected in object 'Object Repository/OCS-DESKTOP/Age gate and Mega menu/Year Dropdown'  using regular expression

2019-07-15 14:05:45 - [TEST_STEP][PASSED] - click(findTestObject("OCS-DESKTOP/Age gate and Mega menu/button_Verify")): Object: 'Object Repository/OCS-DESKTOP/Age gate and Mega menu/button_Verify' is clicked on

2019-07-15 14:05:45 - [MESSAGE][PASSED] - Object: 'Object Repository/OCS-DESKTOP/Age gate and Mega menu/button_Verify' is clicked on

2019-07-15 14:05:45 - [TEST_STEP][PASSED] - click(findTestObject("OCS-DESKTOP/Age gate and Mega menu/Checkbox_CONFIRM AND ACKNOWLEDGE")): Object: 'Object Repository/OCS-DESKTOP/Age gate and Mega menu/Checkbox_CONFIRM AND ACKNOWLEDGE' is clicked on

2019-07-15 14:05:45 - [MESSAGE][PASSED] - Object: 'Object Repository/OCS-DESKTOP/Age gate and Mega menu/Checkbox_CONFIRM AND ACKNOWLEDGE' is clicked on

2019-07-15 14:05:45 - [TEST_STEP][PASSED] - click(findTestObject("OCS-DESKTOP/Age gate and Mega menu/button_CONFIRM")): Object: 'Object Repository/OCS-DESKTOP/Age gate and Mega menu/button_CONFIRM' is clicked on

2019-07-15 14:05:45 - [MESSAGE][PASSED] - Object: 'Object Repository/OCS-DESKTOP/Age gate and Mega menu/button_CONFIRM' is clicked on

2019-07-15 14:05:45 - [TEST_STEP][PASSED] - click(findTestObject("OCS-DESKTOP/Age gate and Mega menu/button_Start Browsing")): Object: 'Object Repository/OCS-DESKTOP/Age gate and Mega menu/button_Start Browsing' is clicked on

2019-07-15 14:05:45 - [MESSAGE][PASSED] - Object: 'Object Repository/OCS-DESKTOP/Age gate and Mega menu/button_Start Browsing' is clicked on

2019-07-15 14:05:45 - [TEST_STEP][PASSED] - delay(2): Delayed 2 second(s)

2019-07-15 14:05:47 - [MESSAGE][PASSED] - Delayed 2 second(s)

2019-07-15 14:05:47 - [TEST_STEP][PASSED] - refresh(): Refresh successfully

2019-07-15 14:05:48 - [MESSAGE][PASSED] - Refresh successfully

2019-07-15 14:05:48 - [MESSAGE][PASSED] - Call Test Case 'Test Cases/OCS - DESKTOP/CALL- Age gate' successfully

2019-07-15 14:05:48 - [TEST_STEP][PASSED] - delay(2): Delayed 2 second(s)

2019-07-15 14:05:50 - [MESSAGE][PASSED] - Delayed 2 second(s)

2019-07-15 14:05:50 - [TEST_STEP][PASSED] - click(findTestObject("OCS-DESKTOP/Age gate and Mega menu/Header/CANNABIS menu - English"), CONTINUE_ON_FAILURE): Object: 'Object Repository/OCS-DESKTOP/Age gate and Mega menu/Header/CANNABIS menu - English' is clicked on

2019-07-15 14:05:52 - [MESSAGE][PASSED] - Object: 'Object Repository/OCS-DESKTOP/Age gate and Mega menu/Header/CANNABIS menu - English' is clicked on

2019-07-15 14:05:52 - [TEST_STEP][PASSED] - delay(2, CONTINUE_ON_FAILURE): Delayed 2 second(s)

2019-07-15 14:05:54 - [MESSAGE][PASSED] - Delayed 2 second(s)

2019-07-15 14:05:54 - [TEST_STEP][PASSED] - delay(1, CONTINUE_ON_FAILURE): Delayed 1 second(s)

2019-07-15 14:05:55 - [MESSAGE][PASSED] - Delayed 1 second(s)

2019-07-15 14:05:55 - [TEST_STEP][PASSED] - click(findTestObject("OCS-DESKTOP/Cannabis page/Dried flower")): Object: 'Object Repository/OCS-DESKTOP/Cannabis page/Dried flower' is clicked on

2019-07-15 14:05:58 - [MESSAGE][PASSED] - Object: 'Object Repository/OCS-DESKTOP/Cannabis page/Dried flower' is clicked on

2019-07-15 14:05:58 - [TEST_STEP][PASSED] - delay(1, CONTINUE_ON_FAILURE): Delayed 1 second(s)

2019-07-15 14:05:59 - [MESSAGE][PASSED] - Delayed 1 second(s)

2019-07-15 14:05:59 - [TEST_STEP][PASSED] - click(findTestObject("OCS-DESKTOP/Age gate and Mega menu/Header/CANNABIS menu - English")): Object: 'Object Repository/OCS-DESKTOP/Age gate and Mega menu/Header/CANNABIS menu - English' is clicked on

2019-07-15 14:05:59 - [MESSAGE][PASSED] - Object: 'Object Repository/OCS-DESKTOP/Age gate and Mega menu/Header/CANNABIS menu - English' is clicked on

2019-07-15 14:05:59 - [TEST_STEP][PASSED] - delay(1, CONTINUE_ON_FAILURE): Delayed 1 second(s)

2019-07-15 14:06:00 - [MESSAGE][PASSED] - Delayed 1 second(s)

2019-07-15 14:06:00 - [TEST_STEP][PASSED] - delay(1, CONTINUE_ON_FAILURE): Delayed 1 second(s)

2019-07-15 14:06:01 - [MESSAGE][PASSED] - Delayed 1 second(s)

2019-07-15 14:06:01 - [TEST_STEP][PASSED] - click(findTestObject("OCS-DESKTOP/Cannabis page/Dried flower - Indica dominant")): Object: 'Object Repository/OCS-DESKTOP/Cannabis page/Dried flower - Indica dominant' is clicked on

2019-07-15 14:06:04 - [MESSAGE][PASSED] - Object: 'Object Repository/OCS-DESKTOP/Cannabis page/Dried flower - Indica dominant' is clicked on

2019-07-15 14:06:04 - [TEST_STEP][PASSED] - delay(1, CONTINUE_ON_FAILURE): Delayed 1 second(s)

2019-07-15 14:06:05 - [MESSAGE][PASSED] - Delayed 1 second(s)

2019-07-15 14:06:05 - [TEST_STEP][PASSED] - click(findTestObject("OCS-DESKTOP/Age gate and Mega menu/Header/CANNABIS menu - English"), CONTINUE_ON_FAILURE): Object: 'Object Repository/OCS-DESKTOP/Age gate and Mega menu/Header/CANNABIS menu - English' is clicked on

2019-07-15 14:06:05 - [MESSAGE][PASSED] - Object: 'Object Repository/OCS-DESKTOP/Age gate and Mega menu/Header/CANNABIS menu - English' is clicked on

2019-07-15 14:06:05 - [TEST_STEP][PASSED] - delay(2, CONTINUE_ON_FAILURE): Delayed 2 second(s)

2019-07-15 14:06:07 - [MESSAGE][PASSED] - Delayed 2 second(s)

2019-07-15 14:06:07 - [TEST_STEP][PASSED] - click(findTestObject("OCS-DESKTOP/Cannabis page/Dried flower - sativa dominant")): Object: 'Object Repository/OCS-DESKTOP/Cannabis page/Dried flower - sativa dominant' is clicked on

2019-07-15 14:06:10 - [MESSAGE][PASSED] - Object: 'Object Repository/OCS-DESKTOP/Cannabis page/Dried flower - sativa dominant' is clicked on

2019-07-15 14:06:10 - [TEST_STEP][PASSED] - delay(1, CONTINUE_ON_FAILURE): Delayed 1 second(s)

2019-07-15 14:06:11 - [MESSAGE][PASSED] - Delayed 1 second(s)

2019-07-15 14:06:11 - [TEST_STEP][PASSED] - delay(1, CONTINUE_ON_FAILURE): Delayed 1 second(s)

2019-07-15 14:06:12 - [MESSAGE][PASSED] - Delayed 1 second(s)

2019-07-15 14:06:12 - [TEST_STEP][PASSED] - click(findTestObject("OCS-DESKTOP/Age gate and Mega menu/Header/CANNABIS menu - English"), CONTINUE_ON_FAILURE): Object: 'Object Repository/OCS-DESKTOP/Age gate and Mega menu/Header/CANNABIS menu - English' is clicked on

2019-07-15 14:06:12 - [MESSAGE][PASSED] - Object: 'Object Repository/OCS-DESKTOP/Age gate and Mega menu/Header/CANNABIS menu - English' is clicked on

2019-07-15 14:06:12 - [TEST_STEP][PASSED] - delay(2, CONTINUE_ON_FAILURE): Delayed 2 second(s)

2019-07-15 14:06:14 - [MESSAGE][PASSED] - Delayed 2 second(s)

2019-07-15 14:06:14 - [TEST_STEP][PASSED] - click(findTestObject("OCS-DESKTOP/Cannabis page/Dried flower - Hybrid")): Object: 'Object Repository/OCS-DESKTOP/Cannabis page/Dried flower - Hybrid' is clicked on

2019-07-15 14:06:16 - [MESSAGE][PASSED] - Object: 'Object Repository/OCS-DESKTOP/Cannabis page/Dried flower - Hybrid' is clicked on

2019-07-15 14:06:16 - [TEST_STEP][PASSED] - delay(1, CONTINUE_ON_FAILURE): Delayed 1 second(s)

2019-07-15 14:06:17 - [MESSAGE][PASSED] - Delayed 1 second(s)

2019-07-15 14:06:17 - [TEST_STEP][PASSED] - click(findTestObject("OCS-DESKTOP/Age gate and Mega menu/Header/CANNABIS menu - English"), CONTINUE_ON_FAILURE): Object: 'Object Repository/OCS-DESKTOP/Age gate and Mega menu/Header/CANNABIS menu - English' is clicked on

2019-07-15 14:06:17 - [MESSAGE][PASSED] - Object: 'Object Repository/OCS-DESKTOP/Age gate and Mega menu/Header/CANNABIS menu - English' is clicked on

2019-07-15 14:06:17 - [TEST_STEP][PASSED] - delay(1, CONTINUE_ON_FAILURE): Delayed 1 second(s)

2019-07-15 14:06:18 - [MESSAGE][PASSED] - Delayed 1 second(s)

2019-07-15 14:06:18 - [TEST_STEP][PASSED] - delay(1, CONTINUE_ON_FAILURE): Delayed 1 second(s)

2019-07-15 14:06:19 - [MESSAGE][PASSED] - Delayed 1 second(s)

2019-07-15 14:06:19 - [TEST_STEP][PASSED] - click(findTestObject("OCS-DESKTOP/Cannabis page/Shop all dried flower")): Object: 'Object Repository/OCS-DESKTOP/Cannabis page/Shop all dried flower' is clicked on

2019-07-15 14:06:21 - [MESSAGE][PASSED] - Object: 'Object Repository/OCS-DESKTOP/Cannabis page/Shop all dried flower' is clicked on

2019-07-15 14:06:21 - [TEST_STEP][PASSED] - delay(1, CONTINUE_ON_FAILURE): Delayed 1 second(s)

2019-07-15 14:06:22 - [MESSAGE][PASSED] - Delayed 1 second(s)

2019-07-15 14:06:22 - [TEST_STEP][PASSED] - click(findTestObject("OCS-DESKTOP/Age gate and Mega menu/Header/CANNABIS menu - English"), CONTINUE_ON_FAILURE): Object: 'Object Repository/OCS-DESKTOP/Age gate and Mega menu/Header/CANNABIS menu - English' is clicked on

2019-07-15 14:06:22 - [MESSAGE][PASSED] - Object: 'Object Repository/OCS-DESKTOP/Age gate and Mega menu/Header/CANNABIS menu - English' is clicked on

2019-07-15 14:06:22 - [TEST_STEP][PASSED] - delay(2, CONTINUE_ON_FAILURE): Delayed 2 second(s)

2019-07-15 14:06:24 - [MESSAGE][PASSED] - Delayed 2 second(s)

2019-07-15 14:06:24 - [TEST_STEP][PASSED] - delay(1, CONTINUE_ON_FAILURE): Delayed 1 second(s)

2019-07-15 14:06:25 - [MESSAGE][PASSED] - Delayed 1 second(s)

2019-07-15 14:06:25 - [TEST_STEP][PASSED] - click(findTestObject("OCS-DESKTOP/Cannabis page/Prerolled - Plus accordian")): Object: 'Object Repository/OCS-DESKTOP/Cannabis page/Prerolled - Plus accordian' is clicked on

2019-07-15 14:06:28 - [MESSAGE][PASSED] - Object: 'Object Repository/OCS-DESKTOP/Cannabis page/Prerolled - Plus accordian' is clicked on

2019-07-15 14:06:28 - [TEST_STEP][PASSED] - delay(1, CONTINUE_ON_FAILURE): Delayed 1 second(s)

2019-07-15 14:06:29 - [MESSAGE][PASSED] - Delayed 1 second(s)

2019-07-15 14:06:29 - [TEST_STEP][PASSED] - delay(1, CONTINUE_ON_FAILURE): Delayed 1 second(s)

2019-07-15 14:06:30 - [MESSAGE][PASSED] - Delayed 1 second(s)

2019-07-15 14:06:30 - [TEST_STEP][PASSED] - click(findTestObject("OCS-DESKTOP/Age gate and Mega menu/Header/CANNABIS menu - English"), CONTINUE_ON_FAILURE): Object: 'Object Repository/OCS-DESKTOP/Age gate and Mega menu/Header/CANNABIS menu - English' is clicked on

2019-07-15 14:06:30 - [MESSAGE][PASSED] - Object: 'Object Repository/OCS-DESKTOP/Age gate and Mega menu/Header/CANNABIS menu - English' is clicked on

2019-07-15 14:06:30 - [TEST_STEP][PASSED] - delay(1, CONTINUE_ON_FAILURE): Delayed 1 second(s)

2019-07-15 14:06:31 - [MESSAGE][PASSED] - Delayed 1 second(s)

2019-07-15 14:06:31 - [TEST_STEP][PASSED] - click(findTestObject("OCS-DESKTOP/Cannabis page/Prerolled - Indica dominant")): Object: 'Object Repository/OCS-DESKTOP/Cannabis page/Prerolled - Indica dominant' is clicked on

2019-07-15 14:06:33 - [MESSAGE][PASSED] - Object: 'Object Repository/OCS-DESKTOP/Cannabis page/Prerolled - Indica dominant' is clicked on

2019-07-15 14:06:33 - [TEST_STEP][PASSED] - delay(1, CONTINUE_ON_FAILURE): Delayed 1 second(s)

2019-07-15 14:06:34 - [MESSAGE][PASSED] - Delayed 1 second(s)

2019-07-15 14:06:34 - [TEST_STEP][PASSED] - click(findTestObject("OCS-DESKTOP/Age gate and Mega menu/Header/CANNABIS menu - English"), CONTINUE_ON_FAILURE): Object: 'Object Repository/OCS-DESKTOP/Age gate and Mega menu/Header/CANNABIS menu - English' is clicked on

2019-07-15 14:06:34 - [MESSAGE][PASSED] - Object: 'Object Repository/OCS-DESKTOP/Age gate and Mega menu/Header/CANNABIS menu - English' is clicked on

2019-07-15 14:06:34 - [TEST_STEP][PASSED] - delay(2, CONTINUE_ON_FAILURE): Delayed 2 second(s)

2019-07-15 14:06:36 - [MESSAGE][PASSED] - Delayed 2 second(s)

2019-07-15 14:06:36 - [TEST_STEP][PASSED] - delay(1, CONTINUE_ON_FAILURE): Delayed 1 second(s)

2019-07-15 14:06:37 - [MESSAGE][PASSED] - Delayed 1 second(s)

2019-07-15 14:06:37 - [TEST_STEP][PASSED] - delay(1, CONTINUE_ON_FAILURE): Delayed 1 second(s)

2019-07-15 14:06:38 - [MESSAGE][PASSED] - Delayed 1 second(s)

2019-07-15 14:06:38 - [TEST_STEP][PASSED] - click(findTestObject("OCS-DESKTOP/Cannabis page/Prerolled - sativa dominant")): Object: 'Object Repository/OCS-DESKTOP/Cannabis page/Prerolled - sativa dominant' is clicked on

2019-07-15 14:06:41 - [MESSAGE][PASSED] - Object: 'Object Repository/OCS-DESKTOP/Cannabis page/Prerolled - sativa dominant' is clicked on

2019-07-15 14:06:41 - [TEST_STEP][PASSED] - delay(1, CONTINUE_ON_FAILURE): Delayed 1 second(s)

2019-07-15 14:06:42 - [MESSAGE][PASSED] - Delayed 1 second(s)

2019-07-15 14:06:42 - [TEST_STEP][PASSED] - click(findTestObject("OCS-DESKTOP/Age gate and Mega menu/Header/CANNABIS menu - English"), CONTINUE_ON_FAILURE): Object: 'Object Repository/OCS-DESKTOP/Age gate and Mega menu/Header/CANNABIS menu - English' is clicked on

2019-07-15 14:06:42 - [MESSAGE][PASSED] - Object: 'Object Repository/OCS-DESKTOP/Age gate and Mega menu/Header/CANNABIS menu - English' is clicked on

2019-07-15 14:06:42 - [TEST_STEP][PASSED] - delay(2, CONTINUE_ON_FAILURE): Delayed 2 second(s)

2019-07-15 14:06:44 - [MESSAGE][PASSED] - Delayed 2 second(s)

2019-07-15 14:06:44 - [TEST_STEP][PASSED] - delay(1, CONTINUE_ON_FAILURE): Delayed 1 second(s)

2019-07-15 14:06:45 - [MESSAGE][PASSED] - Delayed 1 second(s)

2019-07-15 14:06:45 - [TEST_STEP][PASSED] - delay(1, CONTINUE_ON_FAILURE): Delayed 1 second(s)

2019-07-15 14:06:46 - [MESSAGE][PASSED] - Delayed 1 second(s)

2019-07-15 14:06:46 - [TEST_STEP][PASSED] - click(findTestObject("OCS-DESKTOP/Cannabis page/Prerolled - Hybrid")): Object: 'Object Repository/OCS-DESKTOP/Cannabis page/Prerolled - Hybrid' is clicked on

2019-07-15 14:06:47 - [MESSAGE][PASSED] - Object: 'Object Repository/OCS-DESKTOP/Cannabis page/Prerolled - Hybrid' is clicked on

2019-07-15 14:06:47 - [TEST_STEP][PASSED] - delay(1, CONTINUE_ON_FAILURE): Delayed 1 second(s)

2019-07-15 14:06:48 - [MESSAGE][PASSED] - Delayed 1 second(s)

2019-07-15 14:06:48 - [TEST_STEP][PASSED] - click(findTestObject("OCS-DESKTOP/Age gate and Mega menu/Header/CANNABIS menu - English"), CONTINUE_ON_FAILURE): Object: 'Object Repository/OCS-DESKTOP/Age gate and Mega menu/Header/CANNABIS menu - English' is clicked on

2019-07-15 14:06:49 - [MESSAGE][PASSED] - Object: 'Object Repository/OCS-DESKTOP/Age gate and Mega menu/Header/CANNABIS menu - English' is clicked on

2019-07-15 14:06:49 - [TEST_STEP][PASSED] - delay(2, CONTINUE_ON_FAILURE): Delayed 2 second(s)

2019-07-15 14:06:51 - [MESSAGE][PASSED] - Delayed 2 second(s)

2019-07-15 14:06:51 - [TEST_STEP][PASSED] - delay(1, CONTINUE_ON_FAILURE): Delayed 1 second(s)

2019-07-15 14:06:52 - [MESSAGE][PASSED] - Delayed 1 second(s)

2019-07-15 14:06:52 - [TEST_STEP][PASSED] - delay(1, CONTINUE_ON_FAILURE): Delayed 1 second(s)

2019-07-15 14:06:53 - [MESSAGE][PASSED] - Delayed 1 second(s)

2019-07-15 14:06:53 - [TEST_STEP][PASSED] - click(findTestObject("OCS-DESKTOP/Cannabis page/Shop all prerolled")): Object: 'Object Repository/OCS-DESKTOP/Cannabis page/Shop all prerolled' is clicked on

2019-07-15 14:06:55 - [MESSAGE][PASSED] - Object: 'Object Repository/OCS-DESKTOP/Cannabis page/Shop all prerolled' is clicked on

2019-07-15 14:06:55 - [TEST_STEP][PASSED] - delay(1, CONTINUE_ON_FAILURE): Delayed 1 second(s)

2019-07-15 14:06:56 - [MESSAGE][PASSED] - Delayed 1 second(s)

2019-07-15 14:06:56 - [TEST_STEP][PASSED] - click(findTestObject("OCS-DESKTOP/Age gate and Mega menu/Header/CANNABIS menu - English"), CONTINUE_ON_FAILURE): Object: 'Object Repository/OCS-DESKTOP/Age gate and Mega menu/Header/CANNABIS menu - English' is clicked on

2019-07-15 14:06:56 - [MESSAGE][PASSED] - Object: 'Object Repository/OCS-DESKTOP/Age gate and Mega menu/Header/CANNABIS menu - English' is clicked on

2019-07-15 14:06:56 - [TEST_STEP][PASSED] - delay(2, CONTINUE_ON_FAILURE): Delayed 2 second(s)

2019-07-15 14:06:58 - [MESSAGE][PASSED] - Delayed 2 second(s)

2019-07-15 14:06:58 - [TEST_STEP][PASSED] - delay(1, CONTINUE_ON_FAILURE): Delayed 1 second(s)

2019-07-15 14:06:59 - [MESSAGE][PASSED] - Delayed 1 second(s)

2019-07-15 14:06:59 - [TEST_STEP][PASSED] - delay(1, CONTINUE_ON_FAILURE): Delayed 1 second(s)

2019-07-15 14:07:00 - [MESSAGE][PASSED] - Delayed 1 second(s)

2019-07-15 14:07:00 - [TEST_STEP][PASSED] - click(findTestObject("OCS-DESKTOP/Cannabis page/Oils - plus accordian")): Object: 'Object Repository/OCS-DESKTOP/Cannabis page/Oils - plus accordian' is clicked on

2019-07-15 14:07:02 - [MESSAGE][PASSED] - Object: 'Object Repository/OCS-DESKTOP/Cannabis page/Oils - plus accordian' is clicked on

2019-07-15 14:07:02 - [TEST_STEP][PASSED] - delay(1, CONTINUE_ON_FAILURE): Delayed 1 second(s)

2019-07-15 14:07:03 - [MESSAGE][PASSED] - Delayed 1 second(s)

2019-07-15 14:07:03 - [TEST_STEP][PASSED] - delay(1, CONTINUE_ON_FAILURE): Delayed 1 second(s)

2019-07-15 14:07:04 - [MESSAGE][PASSED] - Delayed 1 second(s)

2019-07-15 14:07:04 - [TEST_STEP][PASSED] - click(findTestObject("OCS-DESKTOP/Age gate and Mega menu/Header/CANNABIS menu - English"), CONTINUE_ON_FAILURE): Object: 'Object Repository/OCS-DESKTOP/Age gate and Mega menu/Header/CANNABIS menu - English' is clicked on

2019-07-15 14:07:04 - [MESSAGE][PASSED] - Object: 'Object Repository/OCS-DESKTOP/Age gate and Mega menu/Header/CANNABIS menu - English' is clicked on

2019-07-15 14:07:04 - [TEST_STEP][PASSED] - delay(1, CONTINUE_ON_FAILURE): Delayed 1 second(s)

2019-07-15 14:07:05 - [MESSAGE][PASSED] - Delayed 1 second(s)

2019-07-15 14:07:05 - [TEST_STEP][PASSED] - click(findTestObject("OCS-DESKTOP/Cannabis page/Oils - Bottled oils")): Object: 'Object Repository/OCS-DESKTOP/Cannabis page/Oils - Bottled oils' is clicked on

2019-07-15 14:07:08 - [MESSAGE][PASSED] - Object: 'Object Repository/OCS-DESKTOP/Cannabis page/Oils - Bottled oils' is clicked on

2019-07-15 14:07:08 - [TEST_STEP][PASSED] - delay(1, CONTINUE_ON_FAILURE): Delayed 1 second(s)

2019-07-15 14:07:09 - [MESSAGE][PASSED] - Delayed 1 second(s)

2019-07-15 14:07:09 - [TEST_STEP][PASSED] - click(findTestObject("OCS-DESKTOP/Age gate and Mega menu/Header/CANNABIS menu - English"), CONTINUE_ON_FAILURE): Object: 'Object Repository/OCS-DESKTOP/Age gate and Mega menu/Header/CANNABIS menu - English' is clicked on

2019-07-15 14:07:10 - [MESSAGE][PASSED] - Object: 'Object Repository/OCS-DESKTOP/Age gate and Mega menu/Header/CANNABIS menu - English' is clicked on

2019-07-15 14:07:10 - [TEST_STEP][PASSED] - delay(2, CONTINUE_ON_FAILURE): Delayed 2 second(s)

2019-07-15 14:07:12 - [MESSAGE][PASSED] - Delayed 2 second(s)

2019-07-15 14:07:12 - [TEST_STEP][PASSED] - delay(1, CONTINUE_ON_FAILURE): Delayed 1 second(s)

2019-07-15 14:07:13 - [MESSAGE][PASSED] - Delayed 1 second(s)

2019-07-15 14:07:13 - [TEST_STEP][PASSED] - delay(1, CONTINUE_ON_FAILURE): Delayed 1 second(s)

2019-07-15 14:07:14 - [MESSAGE][PASSED] - Delayed 1 second(s)

2019-07-15 14:07:14 - [TEST_STEP][PASSED] - click(findTestObject("OCS-DESKTOP/Cannabis page/Oils - oral sprays")): Object: 'Object Repository/OCS-DESKTOP/Cannabis page/Oils - oral sprays' is clicked on

2019-07-15 14:07:16 - [MESSAGE][PASSED] - Object: 'Object Repository/OCS-DESKTOP/Cannabis page/Oils - oral sprays' is clicked on

2019-07-15 14:07:16 - [TEST_STEP][PASSED] - delay(1, CONTINUE_ON_FAILURE): Delayed 1 second(s)

2019-07-15 14:07:17 - [MESSAGE][PASSED] - Delayed 1 second(s)

2019-07-15 14:07:17 - [TEST_STEP][PASSED] - click(findTestObject("OCS-DESKTOP/Age gate and Mega menu/Header/CANNABIS menu - English"), CONTINUE_ON_FAILURE): Object: 'Object Repository/OCS-DESKTOP/Age gate and Mega menu/Header/CANNABIS menu - English' is clicked on

2019-07-15 14:07:17 - [MESSAGE][PASSED] - Object: 'Object Repository/OCS-DESKTOP/Age gate and Mega menu/Header/CANNABIS menu - English' is clicked on

2019-07-15 14:07:17 - [TEST_STEP][PASSED] - delay(2, CONTINUE_ON_FAILURE): Delayed 2 second(s)

2019-07-15 14:07:19 - [MESSAGE][PASSED] - Delayed 2 second(s)

2019-07-15 14:07:19 - [TEST_STEP][PASSED] - delay(1, CONTINUE_ON_FAILURE): Delayed 1 second(s)

2019-07-15 14:07:20 - [MESSAGE][PASSED] - Delayed 1 second(s)

2019-07-15 14:07:20 - [TEST_STEP][PASSED] - delay(1, CONTINUE_ON_FAILURE): Delayed 1 second(s)

2019-07-15 14:07:21 - [MESSAGE][PASSED] - Delayed 1 second(s)

2019-07-15 14:07:21 - [TEST_STEP][PASSED] - click(findTestObject("OCS-DESKTOP/Cannabis page/shop all oils")): Object: 'Object Repository/OCS-DESKTOP/Cannabis page/shop all oils' is clicked on

2019-07-15 14:07:24 - [MESSAGE][PASSED] - Object: 'Object Repository/OCS-DESKTOP/Cannabis page/shop all oils' is clicked on

2019-07-15 14:07:24 - [TEST_STEP][PASSED] - delay(1, CONTINUE_ON_FAILURE): Delayed 1 second(s)

2019-07-15 14:07:25 - [MESSAGE][PASSED] - Delayed 1 second(s)

2019-07-15 14:07:25 - [TEST_STEP][PASSED] - click(findTestObject("OCS-DESKTOP/Age gate and Mega menu/Header/CANNABIS menu - English"), CONTINUE_ON_FAILURE): Object: 'Object Repository/OCS-DESKTOP/Age gate and Mega menu/Header/CANNABIS menu - English' is clicked on

2019-07-15 14:07:25 - [MESSAGE][PASSED] - Object: 'Object Repository/OCS-DESKTOP/Age gate and Mega menu/Header/CANNABIS menu - English' is clicked on

2019-07-15 14:07:25 - [TEST_STEP][PASSED] - delay(2, CONTINUE_ON_FAILURE): Delayed 2 second(s)

2019-07-15 14:07:27 - [MESSAGE][PASSED] - Delayed 2 second(s)

2019-07-15 14:07:27 - [TEST_STEP][PASSED] - delay(1, CONTINUE_ON_FAILURE): Delayed 1 second(s)

2019-07-15 14:07:28 - [MESSAGE][PASSED] - Delayed 1 second(s)

2019-07-15 14:07:28 - [TEST_STEP][PASSED] - click(findTestObject("MOBILE OBJECTS/Capsules chevron")): Object: 'Object Repository/MOBILE OBJECTS/Capsules chevron' is clicked on

2019-07-15 14:07:30 - [MESSAGE][PASSED] - Object: 'Object Repository/MOBILE OBJECTS/Capsules chevron' is clicked on

2019-07-15 14:07:30 - [TEST_STEP][PASSED] - delay(1, CONTINUE_ON_FAILURE): Delayed 1 second(s)

2019-07-15 14:07:31 - [MESSAGE][PASSED] - Delayed 1 second(s)

2019-07-15 14:07:31 - [TEST_STEP][PASSED] - click(findTestObject("OCS-DESKTOP/Age gate and Mega menu/Header/CANNABIS menu - English"), CONTINUE_ON_FAILURE): Object: 'Object Repository/OCS-DESKTOP/Age gate and Mega menu/Header/CANNABIS menu - English' is clicked on

2019-07-15 14:07:31 - [MESSAGE][PASSED] - Object: 'Object Repository/OCS-DESKTOP/Age gate and Mega menu/Header/CANNABIS menu - English' is clicked on

2019-07-15 14:07:31 - [TEST_STEP][PASSED] - delay(2, CONTINUE_ON_FAILURE): Delayed 2 second(s)

2019-07-15 14:07:33 - [MESSAGE][PASSED] - Delayed 2 second(s)

2019-07-15 14:07:33 - [TEST_STEP][PASSED] - delay(1, CONTINUE_ON_FAILURE): Delayed 1 second(s)

2019-07-15 14:07:34 - [MESSAGE][PASSED] - Delayed 1 second(s)

2019-07-15 14:07:34 - [TEST_STEP][NOT_RUN] - click(findTestObject("OCS-DESKTOP/Cannabis page/Shop by plant type - plus accordian")): NOT_RUN: click(findTestObject("OCS-DESKTOP/Cannabis page/Shop by plant type - plus accordian"))

2019-07-15 14:07:34 - [MESSAGE][NOT_RUN] - NOT_RUN: click(findTestObject("OCS-DESKTOP/Cannabis page/Shop by plant type - plus accordian"))

2019-07-15 14:07:34 - [TEST_STEP][PASSED] - delay(1, CONTINUE_ON_FAILURE): Delayed 1 second(s)

2019-07-15 14:07:35 - [MESSAGE][PASSED] - Delayed 1 second(s)

2019-07-15 14:07:35 - [TEST_STEP][PASSED] - delay(1, CONTINUE_ON_FAILURE): Delayed 1 second(s)

2019-07-15 14:07:36 - [MESSAGE][PASSED] - Delayed 1 second(s)

2019-07-15 14:07:36 - [TEST_STEP][PASSED] - delay(1, CONTINUE_ON_FAILURE): Delayed 1 second(s)

2019-07-15 14:07:37 - [MESSAGE][PASSED] - Delayed 1 second(s)

2019-07-15 14:07:37 - [TEST_STEP][PASSED] - click(findTestObject("OCS-DESKTOP/Cannabis page/Shop by plant type - Indica dominant")): Object: 'Object Repository/OCS-DESKTOP/Cannabis page/Shop by plant type - Indica dominant' is clicked on

2019-07-15 14:07:40 - [MESSAGE][PASSED] - Object: 'Object Repository/OCS-DESKTOP/Cannabis page/Shop by plant type - Indica dominant' is clicked on

2019-07-15 14:07:40 - [TEST_STEP][PASSED] - delay(1, CONTINUE_ON_FAILURE): Delayed 1 second(s)

2019-07-15 14:07:41 - [MESSAGE][PASSED] - Delayed 1 second(s)

2019-07-15 14:07:41 - [TEST_STEP][PASSED] - click(findTestObject("OCS-DESKTOP/Age gate and Mega menu/Header/CANNABIS menu - English"), CONTINUE_ON_FAILURE): Object: 'Object Repository/OCS-DESKTOP/Age gate and Mega menu/Header/CANNABIS menu - English' is clicked on

2019-07-15 14:07:41 - [MESSAGE][PASSED] - Object: 'Object Repository/OCS-DESKTOP/Age gate and Mega menu/Header/CANNABIS menu - English' is clicked on

2019-07-15 14:07:41 - [TEST_STEP][PASSED] - delay(2, CONTINUE_ON_FAILURE): Delayed 2 second(s)

2019-07-15 14:07:43 - [MESSAGE][PASSED] - Delayed 2 second(s)

2019-07-15 14:07:43 - [TEST_STEP][PASSED] - delay(1, CONTINUE_ON_FAILURE): Delayed 1 second(s)

2019-07-15 14:07:44 - [MESSAGE][PASSED] - Delayed 1 second(s)

2019-07-15 14:07:44 - [TEST_STEP][PASSED] - delay(1, CONTINUE_ON_FAILURE): Delayed 1 second(s)

2019-07-15 14:07:45 - [MESSAGE][PASSED] - Delayed 1 second(s)

2019-07-15 14:07:45 - [TEST_STEP][PASSED] - click(findTestObject("OCS-DESKTOP/Cannabis page/Shop by plant type - sativa dominant")): Object: 'Object Repository/OCS-DESKTOP/Cannabis page/Shop by plant type - sativa dominant' is clicked on

2019-07-15 14:07:48 - [MESSAGE][PASSED] - Object: 'Object Repository/OCS-DESKTOP/Cannabis page/Shop by plant type - sativa dominant' is clicked on

2019-07-15 14:07:48 - [TEST_STEP][PASSED] - delay(1, CONTINUE_ON_FAILURE): Delayed 1 second(s)

2019-07-15 14:07:49 - [MESSAGE][PASSED] - Delayed 1 second(s)

2019-07-15 14:07:49 - [TEST_STEP][PASSED] - click(findTestObject("OCS-DESKTOP/Age gate and Mega menu/Header/CANNABIS menu - English"), CONTINUE_ON_FAILURE): Object: 'Object Repository/OCS-DESKTOP/Age gate and Mega menu/Header/CANNABIS menu - English' is clicked on

2019-07-15 14:07:49 - [MESSAGE][PASSED] - Object: 'Object Repository/OCS-DESKTOP/Age gate and Mega menu/Header/CANNABIS menu - English' is clicked on

2019-07-15 14:07:49 - [TEST_STEP][PASSED] - delay(2, CONTINUE_ON_FAILURE): Delayed 2 second(s)

2019-07-15 14:07:51 - [MESSAGE][PASSED] - Delayed 2 second(s)

2019-07-15 14:07:51 - [TEST_STEP][PASSED] - delay(1, CONTINUE_ON_FAILURE): Delayed 1 second(s)

2019-07-15 14:07:52 - [MESSAGE][PASSED] - Delayed 1 second(s)

2019-07-15 14:07:52 - [TEST_STEP][PASSED] - delay(1, CONTINUE_ON_FAILURE): Delayed 1 second(s)

2019-07-15 14:07:53 - [MESSAGE][PASSED] - Delayed 1 second(s)

2019-07-15 14:07:53 - [TEST_STEP][PASSED] - click(findTestObject("OCS-DESKTOP/Cannabis page/Shop by plant type - Hybrid")): Object: 'Object Repository/OCS-DESKTOP/Cannabis page/Shop by plant type - Hybrid' is clicked on

2019-07-15 14:07:56 - [MESSAGE][PASSED] - Object: 'Object Repository/OCS-DESKTOP/Cannabis page/Shop by plant type - Hybrid' is clicked on

2019-07-15 14:07:56 - [TEST_STEP][PASSED] - delay(1, CONTINUE_ON_FAILURE): Delayed 1 second(s)

2019-07-15 14:07:57 - [MESSAGE][PASSED] - Delayed 1 second(s)

2019-07-15 14:07:57 - [TEST_STEP][PASSED] - click(findTestObject("OCS-DESKTOP/Age gate and Mega menu/Header/CANNABIS menu - English"), CONTINUE_ON_FAILURE): Object: 'Object Repository/OCS-DESKTOP/Age gate and Mega menu/Header/CANNABIS menu - English' is clicked on

2019-07-15 14:07:57 - [MESSAGE][PASSED] - Object: 'Object Repository/OCS-DESKTOP/Age gate and Mega menu/Header/CANNABIS menu - English' is clicked on

2019-07-15 14:07:57 - [TEST_STEP][PASSED] - delay(2, CONTINUE_ON_FAILURE): Delayed 2 second(s)

2019-07-15 14:07:59 - [MESSAGE][PASSED] - Delayed 2 second(s)

2019-07-15 14:07:59 - [TEST_STEP][PASSED] - delay(1, CONTINUE_ON_FAILURE): Delayed 1 second(s)

2019-07-15 14:08:00 - [MESSAGE][PASSED] - Delayed 1 second(s)

2019-07-15 14:08:00 - [TEST_STEP][NOT_RUN] - click(findTestObject("OCS-DESKTOP/Cannabis page/Collections - plus accordian")): NOT_RUN: click(findTestObject("OCS-DESKTOP/Cannabis page/Collections - plus accordian"))

2019-07-15 14:08:00 - [MESSAGE][NOT_RUN] - NOT_RUN: click(findTestObject("OCS-DESKTOP/Cannabis page/Collections - plus accordian"))

2019-07-15 14:08:00 - [TEST_STEP][PASSED] - delay(1, CONTINUE_ON_FAILURE): Delayed 1 second(s)

2019-07-15 14:08:01 - [MESSAGE][PASSED] - Delayed 1 second(s)

2019-07-15 14:08:01 - [TEST_STEP][PASSED] - delay(1, CONTINUE_ON_FAILURE): Delayed 1 second(s)

2019-07-15 14:08:02 - [MESSAGE][PASSED] - Delayed 1 second(s)

2019-07-15 14:08:02 - [TEST_STEP][PASSED] - click(findTestObject("OCS-DESKTOP/Age gate and Mega menu/Header/CANNABIS menu - English"), CONTINUE_ON_FAILURE): Object: 'Object Repository/OCS-DESKTOP/Age gate and Mega menu/Header/CANNABIS menu - English' is clicked on

2019-07-15 14:08:02 - [MESSAGE][PASSED] - Object: 'Object Repository/OCS-DESKTOP/Age gate and Mega menu/Header/CANNABIS menu - English' is clicked on

2019-07-15 14:08:02 - [TEST_STEP][PASSED] - delay(1, CONTINUE_ON_FAILURE): Delayed 1 second(s)

2019-07-15 14:08:03 - [MESSAGE][PASSED] - Delayed 1 second(s)

2019-07-15 14:08:03 - [TEST_STEP][PASSED] - click(findTestObject("OCS-DESKTOP/Cannabis page/Collections- New products")): Object: 'Object Repository/OCS-DESKTOP/Cannabis page/Collections- New products' is clicked on

2019-07-15 14:08:07 - [MESSAGE][PASSED] - Object: 'Object Repository/OCS-DESKTOP/Cannabis page/Collections- New products' is clicked on

2019-07-15 14:08:07 - [TEST_STEP][PASSED] - delay(1, CONTINUE_ON_FAILURE): Delayed 1 second(s)

2019-07-15 14:08:08 - [MESSAGE][PASSED] - Delayed 1 second(s)

2019-07-15 14:08:08 - [TEST_STEP][PASSED] - click(findTestObject("OCS-DESKTOP/Age gate and Mega menu/Header/CANNABIS menu - English"), CONTINUE_ON_FAILURE): Object: 'Object Repository/OCS-DESKTOP/Age gate and Mega menu/Header/CANNABIS menu - English' is clicked on

2019-07-15 14:08:08 - [MESSAGE][PASSED] - Object: 'Object Repository/OCS-DESKTOP/Age gate and Mega menu/Header/CANNABIS menu - English' is clicked on

2019-07-15 14:08:08 - [TEST_STEP][PASSED] - delay(2, CONTINUE_ON_FAILURE): Delayed 2 second(s)

2019-07-15 14:08:10 - [MESSAGE][PASSED] - Delayed 2 second(s)

2019-07-15 14:08:10 - [TEST_STEP][PASSED] - delay(1, CONTINUE_ON_FAILURE): Delayed 1 second(s)

2019-07-15 14:08:11 - [MESSAGE][PASSED] - Delayed 1 second(s)

2019-07-15 14:08:11 - [TEST_STEP][PASSED] - delay(1, CONTINUE_ON_FAILURE): Delayed 1 second(s)

2019-07-15 14:08:12 - [MESSAGE][PASSED] - Delayed 1 second(s)

2019-07-15 14:08:12 - [TEST_STEP][PASSED] - click(findTestObject("OCS-DESKTOP/Cannabis page/Collections- Shop by brand")): Object: 'Object Repository/OCS-DESKTOP/Cannabis page/Collections- Shop by brand' is clicked on

2019-07-15 14:08:19 - [MESSAGE][PASSED] - Object: 'Object Repository/OCS-DESKTOP/Cannabis page/Collections- Shop by brand' is clicked on

2019-07-15 14:08:19 - [TEST_STEP][PASSED] - delay(1, CONTINUE_ON_FAILURE): Delayed 1 second(s)

2019-07-15 14:08:20 - [MESSAGE][PASSED] - Delayed 1 second(s)

2019-07-15 14:08:20 - [TEST_STEP][PASSED] - click(findTestObject("OCS-DESKTOP/Age gate and Mega menu/Header/CANNABIS menu - English"), CONTINUE_ON_FAILURE): Object: 'Object Repository/OCS-DESKTOP/Age gate and Mega menu/Header/CANNABIS menu - English' is clicked on

2019-07-15 14:08:20 - [MESSAGE][PASSED] - Object: 'Object Repository/OCS-DESKTOP/Age gate and Mega menu/Header/CANNABIS menu - English' is clicked on

2019-07-15 14:08:20 - [TEST_STEP][PASSED] - delay(2, CONTINUE_ON_FAILURE): Delayed 2 second(s)

2019-07-15 14:08:22 - [MESSAGE][PASSED] - Delayed 2 second(s)

2019-07-15 14:08:22 - [TEST_STEP][PASSED] - delay(1, CONTINUE_ON_FAILURE): Delayed 1 second(s)

2019-07-15 14:08:23 - [MESSAGE][PASSED] - Delayed 1 second(s)

2019-07-15 14:08:23 - [TEST_STEP][PASSED] - delay(1, CONTINUE_ON_FAILURE): Delayed 1 second(s)

2019-07-15 14:08:24 - [MESSAGE][PASSED] - Delayed 1 second(s)

2019-07-15 14:08:24 - [TEST_STEP][PASSED] - click(findTestObject("OCS-DESKTOP/Cannabis page/Collections - CBD Dominant")): Object: 'Object Repository/OCS-DESKTOP/Cannabis page/Collections - CBD Dominant' is clicked on

2019-07-15 14:08:26 - [MESSAGE][PASSED] - Object: 'Object Repository/OCS-DESKTOP/Cannabis page/Collections - CBD Dominant' is clicked on

2019-07-15 14:08:26 - [TEST_STEP][PASSED] - delay(1, CONTINUE_ON_FAILURE): Delayed 1 second(s)

2019-07-15 14:08:27 - [MESSAGE][PASSED] - Delayed 1 second(s)

2019-07-15 14:08:27 - [TEST_STEP][PASSED] - click(findTestObject("OCS-DESKTOP/Age gate and Mega menu/Header/CANNABIS menu - English"), CONTINUE_ON_FAILURE): Object: 'Object Repository/OCS-DESKTOP/Age gate and Mega menu/Header/CANNABIS menu - English' is clicked on

2019-07-15 14:08:27 - [MESSAGE][PASSED] - Object: 'Object Repository/OCS-DESKTOP/Age gate and Mega menu/Header/CANNABIS menu - English' is clicked on

2019-07-15 14:08:27 - [TEST_STEP][PASSED] - delay(2, CONTINUE_ON_FAILURE): Delayed 2 second(s)

2019-07-15 14:08:29 - [MESSAGE][PASSED] - Delayed 2 second(s)

2019-07-15 14:08:29 - [TEST_STEP][PASSED] - delay(1, CONTINUE_ON_FAILURE): Delayed 1 second(s)

2019-07-15 14:08:30 - [MESSAGE][PASSED] - Delayed 1 second(s)

2019-07-15 14:08:30 - [TEST_STEP][PASSED] - delay(1, CONTINUE_ON_FAILURE): Delayed 1 second(s)

2019-07-15 14:08:31 - [MESSAGE][PASSED] - Delayed 1 second(s)

2019-07-15 14:08:31 - [TEST_STEP][PASSED] - click(findTestObject("OCS-DESKTOP/Cannabis page/Collections - seeds")): Object: 'Object Repository/OCS-DESKTOP/Cannabis page/Collections - seeds' is clicked on

2019-07-15 14:08:33 - [MESSAGE][PASSED] - Object: 'Object Repository/OCS-DESKTOP/Cannabis page/Collections - seeds' is clicked on

2019-07-15 14:08:33 - [TEST_STEP][PASSED] - delay(1, CONTINUE_ON_FAILURE): Delayed 1 second(s)

2019-07-15 14:08:34 - [MESSAGE][PASSED] - Delayed 1 second(s)

2019-07-15 14:08:34 - [TEST_STEP][PASSED] - click(findTestObject("OCS-DESKTOP/Age gate and Mega menu/Header/CANNABIS menu - English"), CONTINUE_ON_FAILURE): Object: 'Object Repository/OCS-DESKTOP/Age gate and Mega menu/Header/CANNABIS menu - English' is clicked on

2019-07-15 14:08:34 - [MESSAGE][PASSED] - Object: 'Object Repository/OCS-DESKTOP/Age gate and Mega menu/Header/CANNABIS menu - English' is clicked on

2019-07-15 14:08:34 - [TEST_STEP][PASSED] - delay(2, CONTINUE_ON_FAILURE): Delayed 2 second(s)

2019-07-15 14:08:36 - [MESSAGE][PASSED] - Delayed 2 second(s)

2019-07-15 14:08:36 - [TEST_STEP][PASSED] - executeJavaScript("var previewBar = document.getElementById("preview-bar-iframe"); previewBar.style.display = "none";", []): Execute JavaScript 'var previewBar = document.getElementById("preview-bar-iframe"); previewBar.style.display = "none";' successfully

2019-07-15 14:08:37 - [MESSAGE][PASSED] - Execute JavaScript 'var previewBar = document.getElementById("preview-bar-iframe"); previewBar.style.display = "none";' successfully

2019-07-15 14:08:37 - [TEST_STEP][PASSED] - delay(1, CONTINUE_ON_FAILURE): Delayed 1 second(s)

2019-07-15 14:08:38 - [MESSAGE][PASSED] - Delayed 1 second(s)

2019-07-15 14:08:38 - [TEST_STEP][PASSED] - click(findTestObject("OCS-DESKTOP/Cannabis page/Shop all cannabis Button")): Object: 'Object Repository/OCS-DESKTOP/Cannabis page/Shop all cannabis Button' is clicked on

2019-07-15 14:08:40 - [MESSAGE][PASSED] - Object: 'Object Repository/OCS-DESKTOP/Cannabis page/Shop all cannabis Button' is clicked on

2019-07-15 14:08:40 - [TEST_STEP][PASSED] - delay(1, CONTINUE_ON_FAILURE): Delayed 1 second(s)

2019-07-15 14:08:41 - [MESSAGE][PASSED] - Delayed 1 second(s)

2019-07-15 14:08:41 - [TEST_STEP][PASSED] - click(findTestObject("OCS-DESKTOP/Age gate and Mega menu/Header/CANNABIS menu - English"), CONTINUE_ON_FAILURE): Object: 'Object Repository/OCS-DESKTOP/Age gate and Mega menu/Header/CANNABIS menu - English' is clicked on

2019-07-15 14:08:41 - [MESSAGE][PASSED] - Object: 'Object Repository/OCS-DESKTOP/Age gate and Mega menu/Header/CANNABIS menu - English' is clicked on

2019-07-15 14:08:41 - [TEST_STEP][PASSED] - delay(2, CONTINUE_ON_FAILURE): Delayed 2 second(s)

2019-07-15 14:08:43 - [MESSAGE][PASSED] - Delayed 2 second(s)

2019-07-15 14:08:43 - [TEST_STEP][PASSED] - executeJavaScript("var previewBar = document.getElementById("preview-bar-iframe"); previewBar.style.display = "none";", []): Execute JavaScript 'var previewBar = document.getElementById("preview-bar-iframe"); previewBar.style.display = "none";' successfully

2019-07-15 14:08:43 - [MESSAGE][PASSED] - Execute JavaScript 'var previewBar = document.getElementById("preview-bar-iframe"); previewBar.style.display = "none";' successfully

2019-07-15 14:08:43 - [TEST_STEP][PASSED] - delay(1, CONTINUE_ON_FAILURE): Delayed 1 second(s)

2019-07-15 14:08:44 - [MESSAGE][PASSED] - Delayed 1 second(s)

2019-07-15 14:08:44 - [TEST_STEP][PASSED] - click(findTestObject("OCS-DESKTOP/Cannabis page/Shop all brands button")): Object: 'Object Repository/OCS-DESKTOP/Cannabis page/Shop all brands button' is clicked on

2019-07-15 14:08:49 - [MESSAGE][PASSED] - Object: 'Object Repository/OCS-DESKTOP/Cannabis page/Shop all brands button' is clicked on

2019-07-15 14:08:49 - [TEST_STEP][PASSED] - delay(1, CONTINUE_ON_FAILURE): Delayed 1 second(s)

2019-07-15 14:08:50 - [MESSAGE][PASSED] - Delayed 1 second(s)

2019-07-15 14:08:50 - [TEST_STEP][PASSED] - click(findTestObject("OCS-DESKTOP/Age gate and Mega menu/Header/CANNABIS menu - English"), CONTINUE_ON_FAILURE): Object: 'Object Repository/OCS-DESKTOP/Age gate and Mega menu/Header/CANNABIS menu - English' is clicked on

2019-07-15 14:08:50 - [MESSAGE][PASSED] - Object: 'Object Repository/OCS-DESKTOP/Age gate and Mega menu/Header/CANNABIS menu - English' is clicked on

2019-07-15 14:08:50 - [TEST_STEP][PASSED] - delay(2, CONTINUE_ON_FAILURE): Delayed 2 second(s)

2019-07-15 14:08:52 - [MESSAGE][PASSED] - Delayed 2 second(s)

2019-07-15 14:08:52 - [TEST_STEP][PASSED] - click(findTestObject("OCS-DESKTOP/Cannabis page/Best selling pre rolls")): Object: 'Object Repository/OCS-DESKTOP/Cannabis page/Best selling pre rolls' is clicked on

2019-07-15 14:08:55 - [MESSAGE][PASSED] - Object: 'Object Repository/OCS-DESKTOP/Cannabis page/Best selling pre rolls' is clicked on

2019-07-15 14:08:55 - [TEST_STEP][PASSED] - delay(1, CONTINUE_ON_FAILURE): Delayed 1 second(s)

2019-07-15 14:08:56 - [MESSAGE][PASSED] - Delayed 1 second(s)]]></system-out>
         <system-err><![CDATA[]]></system-err>
      </testcase>
      <testcase name="Test Cases/OCS - DESKTOP/OCS- HOME PAGE/footer" classname="Test Cases/OCS - DESKTOP/OCS- HOME PAGE/footer" status="PASSED">
         <system-out><![CDATA[2019-07-15 14:08:56 - [TEST_CASE][PASSED] - Test Cases/OCS - DESKTOP/OCS- HOME PAGE/footer: Test Cases/OCS - DESKTOP/OCS- HOME PAGE/footer

2019-07-15 14:08:56 - [TEST_STEP][PASSED] - callTestCase(findTestCase("OCS - DESKTOP/CALL- Age gate"), [:], STOP_ON_FAILURE): Call Test Case 'Test Cases/OCS - DESKTOP/CALL- Age gate' successfully

2019-07-15 14:08:56 - [TEST_CASE][PASSED] - Test Cases/OCS - DESKTOP/CALL- Age gate: Test Cases/OCS - DESKTOP/CALL- Age gate

2019-07-15 14:08:56 - [TEST_STEP][PASSED] - openBrowser(""): Browser is opened with url: ''

2019-07-15 14:08:56 - [MESSAGE][WARNING] - A browser is already opened. Closing browser and opening a new one

2019-07-15 14:08:56 - [MESSAGE][INFO] - Starting 'Chrome' driver

2019-07-15 14:08:57 - [MESSAGE][PASSED] - Browser is opened with url: ''

2019-07-15 14:08:57 - [TEST_STEP][PASSED] - navigateToUrl("https://ocs.ca/?fts=0&preview_theme_id=74205529932"): Navigate to 'https://ocs.ca/?fts=0&preview_theme_id=74205529932' successfully

2019-07-15 14:09:03 - [MESSAGE][PASSED] - Navigate to 'https://ocs.ca/?fts=0&preview_theme_id=74205529932' successfully

2019-07-15 14:09:03 - [TEST_STEP][PASSED] - maximizeWindow(): Current window maximized

2019-07-15 14:09:03 - [MESSAGE][PASSED] - Current window maximized

2019-07-15 14:09:03 - [TEST_STEP][PASSED] - delay(2): Delayed 2 second(s)

2019-07-15 14:09:05 - [MESSAGE][PASSED] - Delayed 2 second(s)

2019-07-15 14:09:05 - [TEST_STEP][PASSED] - executeJavaScript("var previewBar = document.getElementById("preview-bar-iframe"); previewBar.style.display = "none";", []): Execute JavaScript 'var previewBar = document.getElementById("preview-bar-iframe"); previewBar.style.display = "none";' successfully

2019-07-15 14:09:05 - [MESSAGE][PASSED] - Execute JavaScript 'var previewBar = document.getElementById("preview-bar-iframe"); previewBar.style.display = "none";' successfully

2019-07-15 14:09:05 - [TEST_STEP][PASSED] - selectOptionByValue(findTestObject("OCS-DESKTOP/Age gate and Mega menu/Date"), "12", true): All options with value '12' are selected in object 'Object Repository/OCS-DESKTOP/Age gate and Mega menu/Date'  using regular expression

2019-07-15 14:09:05 - [MESSAGE][PASSED] - All options with value '12' are selected in object 'Object Repository/OCS-DESKTOP/Age gate and Mega menu/Date'  using regular expression

2019-07-15 14:09:05 - [TEST_STEP][PASSED] - selectOptionByValue(findTestObject("OCS-DESKTOP/Age gate and Mega menu/month"), "6", true): All options with value '6' are selected in object 'Object Repository/OCS-DESKTOP/Age gate and Mega menu/month'  using regular expression

2019-07-15 14:09:06 - [MESSAGE][PASSED] - All options with value '6' are selected in object 'Object Repository/OCS-DESKTOP/Age gate and Mega menu/month'  using regular expression

2019-07-15 14:09:06 - [TEST_STEP][PASSED] - delay(2): Delayed 2 second(s)

2019-07-15 14:09:08 - [MESSAGE][PASSED] - Delayed 2 second(s)

2019-07-15 14:09:08 - [TEST_STEP][PASSED] - selectOptionByValue(findTestObject("OCS-DESKTOP/Age gate and Mega menu/Year Dropdown"), "1990", true): All options with value '1990' are selected in object 'Object Repository/OCS-DESKTOP/Age gate and Mega menu/Year Dropdown'  using regular expression

2019-07-15 14:09:09 - [MESSAGE][PASSED] - All options with value '1990' are selected in object 'Object Repository/OCS-DESKTOP/Age gate and Mega menu/Year Dropdown'  using regular expression

2019-07-15 14:09:09 - [TEST_STEP][PASSED] - click(findTestObject("OCS-DESKTOP/Age gate and Mega menu/button_Verify")): Object: 'Object Repository/OCS-DESKTOP/Age gate and Mega menu/button_Verify' is clicked on

2019-07-15 14:09:09 - [MESSAGE][PASSED] - Object: 'Object Repository/OCS-DESKTOP/Age gate and Mega menu/button_Verify' is clicked on

2019-07-15 14:09:09 - [TEST_STEP][PASSED] - click(findTestObject("OCS-DESKTOP/Age gate and Mega menu/Checkbox_CONFIRM AND ACKNOWLEDGE")): Object: 'Object Repository/OCS-DESKTOP/Age gate and Mega menu/Checkbox_CONFIRM AND ACKNOWLEDGE' is clicked on

2019-07-15 14:09:09 - [MESSAGE][PASSED] - Object: 'Object Repository/OCS-DESKTOP/Age gate and Mega menu/Checkbox_CONFIRM AND ACKNOWLEDGE' is clicked on

2019-07-15 14:09:09 - [TEST_STEP][PASSED] - click(findTestObject("OCS-DESKTOP/Age gate and Mega menu/button_CONFIRM")): Object: 'Object Repository/OCS-DESKTOP/Age gate and Mega menu/button_CONFIRM' is clicked on

2019-07-15 14:09:09 - [MESSAGE][PASSED] - Object: 'Object Repository/OCS-DESKTOP/Age gate and Mega menu/button_CONFIRM' is clicked on

2019-07-15 14:09:09 - [TEST_STEP][PASSED] - click(findTestObject("OCS-DESKTOP/Age gate and Mega menu/button_Start Browsing")): Object: 'Object Repository/OCS-DESKTOP/Age gate and Mega menu/button_Start Browsing' is clicked on

2019-07-15 14:09:09 - [MESSAGE][PASSED] - Object: 'Object Repository/OCS-DESKTOP/Age gate and Mega menu/button_Start Browsing' is clicked on

2019-07-15 14:09:09 - [TEST_STEP][PASSED] - delay(2): Delayed 2 second(s)

2019-07-15 14:09:11 - [MESSAGE][PASSED] - Delayed 2 second(s)

2019-07-15 14:09:11 - [TEST_STEP][PASSED] - refresh(): Refresh successfully

2019-07-15 14:09:11 - [MESSAGE][PASSED] - Refresh successfully

2019-07-15 14:09:11 - [MESSAGE][PASSED] - Call Test Case 'Test Cases/OCS - DESKTOP/CALL- Age gate' successfully

2019-07-15 14:09:11 - [TEST_STEP][PASSED] - delay(2): Delayed 2 second(s)

2019-07-15 14:09:13 - [MESSAGE][PASSED] - Delayed 2 second(s)

2019-07-15 14:09:13 - [TEST_STEP][PASSED] - executeJavaScript("var previewBar = document.getElementById("preview-bar-iframe"); previewBar.style.display = "none";", []): Execute JavaScript 'var previewBar = document.getElementById("preview-bar-iframe"); previewBar.style.display = "none";' successfully

2019-07-15 14:09:15 - [MESSAGE][PASSED] - Execute JavaScript 'var previewBar = document.getElementById("preview-bar-iframe"); previewBar.style.display = "none";' successfully

2019-07-15 14:09:15 - [TEST_STEP][PASSED] - click(findTestObject("OCS-DESKTOP/Home - page/Return Policy")): Object: 'Object Repository/OCS-DESKTOP/Home - page/Return Policy' is clicked on

2019-07-15 14:09:18 - [MESSAGE][PASSED] - Object: 'Object Repository/OCS-DESKTOP/Home - page/Return Policy' is clicked on

2019-07-15 14:09:18 - [TEST_STEP][PASSED] - executeJavaScript("var previewBar = document.getElementById("preview-bar-iframe"); previewBar.style.display = "none";", []): Execute JavaScript 'var previewBar = document.getElementById("preview-bar-iframe"); previewBar.style.display = "none";' successfully

2019-07-15 14:09:18 - [MESSAGE][PASSED] - Execute JavaScript 'var previewBar = document.getElementById("preview-bar-iframe"); previewBar.style.display = "none";' successfully

2019-07-15 14:09:18 - [TEST_STEP][PASSED] - delay(2, OPTIONAL): Delayed 2 second(s)

2019-07-15 14:09:20 - [MESSAGE][PASSED] - Delayed 2 second(s)

2019-07-15 14:09:20 - [TEST_STEP][PASSED] - click(findTestObject("OCS-DESKTOP/Home - page/AGCO Cannabis retail stores")): Object: 'Object Repository/OCS-DESKTOP/Home - page/AGCO Cannabis retail stores' is clicked on

2019-07-15 14:09:20 - [MESSAGE][PASSED] - Object: 'Object Repository/OCS-DESKTOP/Home - page/AGCO Cannabis retail stores' is clicked on

2019-07-15 14:09:20 - [TEST_STEP][PASSED] - executeJavaScript("var previewBar = document.getElementById("preview-bar-iframe"); previewBar.style.display = "none";", []): Execute JavaScript 'var previewBar = document.getElementById("preview-bar-iframe"); previewBar.style.display = "none";' successfully

2019-07-15 14:09:20 - [MESSAGE][PASSED] - Execute JavaScript 'var previewBar = document.getElementById("preview-bar-iframe"); previewBar.style.display = "none";' successfully

2019-07-15 14:09:20 - [TEST_STEP][PASSED] - delay(2, OPTIONAL): Delayed 2 second(s)

2019-07-15 14:09:22 - [MESSAGE][PASSED] - Delayed 2 second(s)

2019-07-15 14:09:22 - [TEST_STEP][PASSED] - click(findTestObject("OCS-DESKTOP/Home - page/Payment - Delivery info")): Object: 'Object Repository/OCS-DESKTOP/Home - page/Payment - Delivery info' is clicked on

2019-07-15 14:09:28 - [MESSAGE][PASSED] - Object: 'Object Repository/OCS-DESKTOP/Home - page/Payment - Delivery info' is clicked on

2019-07-15 14:09:28 - [TEST_STEP][PASSED] - executeJavaScript("var previewBar = document.getElementById("preview-bar-iframe"); previewBar.style.display = "none";", []): Execute JavaScript 'var previewBar = document.getElementById("preview-bar-iframe"); previewBar.style.display = "none";' successfully

2019-07-15 14:09:28 - [MESSAGE][PASSED] - Execute JavaScript 'var previewBar = document.getElementById("preview-bar-iframe"); previewBar.style.display = "none";' successfully

2019-07-15 14:09:28 - [TEST_STEP][PASSED] - delay(2, OPTIONAL): Delayed 2 second(s)

2019-07-15 14:09:30 - [MESSAGE][PASSED] - Delayed 2 second(s)

2019-07-15 14:09:30 - [TEST_STEP][PASSED] - click(findTestObject("OCS-DESKTOP/Home - page/Legal use of cannbis in ontario")): Object: 'Object Repository/OCS-DESKTOP/Home - page/Legal use of cannbis in ontario' is clicked on

2019-07-15 14:09:37 - [MESSAGE][PASSED] - Object: 'Object Repository/OCS-DESKTOP/Home - page/Legal use of cannbis in ontario' is clicked on

2019-07-15 14:09:37 - [TEST_STEP][PASSED] - executeJavaScript("var previewBar = document.getElementById("preview-bar-iframe"); previewBar.style.display = "none";", []): Execute JavaScript 'var previewBar = document.getElementById("preview-bar-iframe"); previewBar.style.display = "none";' successfully

2019-07-15 14:09:37 - [MESSAGE][PASSED] - Execute JavaScript 'var previewBar = document.getElementById("preview-bar-iframe"); previewBar.style.display = "none";' successfully

2019-07-15 14:09:37 - [TEST_STEP][PASSED] - delay(2, OPTIONAL): Delayed 2 second(s)

2019-07-15 14:09:39 - [MESSAGE][PASSED] - Delayed 2 second(s)

2019-07-15 14:09:39 - [TEST_STEP][PASSED] - click(findTestObject("OCS-DESKTOP/Home - page/Glossary of terms")): Object: 'Object Repository/OCS-DESKTOP/Home - page/Glossary of terms' is clicked on

2019-07-15 14:09:45 - [MESSAGE][PASSED] - Object: 'Object Repository/OCS-DESKTOP/Home - page/Glossary of terms' is clicked on

2019-07-15 14:09:45 - [TEST_STEP][PASSED] - delay(2, OPTIONAL): Delayed 2 second(s)

2019-07-15 14:09:47 - [MESSAGE][PASSED] - Delayed 2 second(s)

2019-07-15 14:09:47 - [TEST_STEP][PASSED] - executeJavaScript("var previewBar = document.getElementById("preview-bar-iframe"); previewBar.style.display = "none";", []): Execute JavaScript 'var previewBar = document.getElementById("preview-bar-iframe"); previewBar.style.display = "none";' successfully

2019-07-15 14:09:47 - [MESSAGE][PASSED] - Execute JavaScript 'var previewBar = document.getElementById("preview-bar-iframe"); previewBar.style.display = "none";' successfully

2019-07-15 14:09:47 - [TEST_STEP][PASSED] - click(findTestObject("OCS-DESKTOP/Home - page/Product Recall")): Object: 'Object Repository/OCS-DESKTOP/Home - page/Product Recall' is clicked on

2019-07-15 14:09:54 - [MESSAGE][PASSED] - Object: 'Object Repository/OCS-DESKTOP/Home - page/Product Recall' is clicked on

2019-07-15 14:09:54 - [TEST_STEP][PASSED] - delay(2, OPTIONAL): Delayed 2 second(s)

2019-07-15 14:09:56 - [MESSAGE][PASSED] - Delayed 2 second(s)

2019-07-15 14:09:56 - [TEST_STEP][PASSED] - executeJavaScript("var previewBar = document.getElementById("preview-bar-iframe"); previewBar.style.display = "none";", []): Execute JavaScript 'var previewBar = document.getElementById("preview-bar-iframe"); previewBar.style.display = "none";' successfully

2019-07-15 14:09:56 - [MESSAGE][PASSED] - Execute JavaScript 'var previewBar = document.getElementById("preview-bar-iframe"); previewBar.style.display = "none";' successfully

2019-07-15 14:09:56 - [TEST_STEP][PASSED] - click(findTestObject("OCS-DESKTOP/Home - page/Government of Canada - Canna")): Object: 'Object Repository/OCS-DESKTOP/Home - page/Government of Canada - Canna' is clicked on

2019-07-15 14:10:01 - [MESSAGE][PASSED] - Object: 'Object Repository/OCS-DESKTOP/Home - page/Government of Canada - Canna' is clicked on

2019-07-15 14:10:01 - [TEST_STEP][PASSED] - delay(2): Delayed 2 second(s)

2019-07-15 14:10:03 - [MESSAGE][PASSED] - Delayed 2 second(s)

2019-07-15 14:10:03 - [TEST_STEP][PASSED] - delay(2, OPTIONAL): Delayed 2 second(s)

2019-07-15 14:10:05 - [MESSAGE][PASSED] - Delayed 2 second(s)

2019-07-15 14:10:05 - [TEST_STEP][PASSED] - executeJavaScript("var previewBar = document.getElementById("preview-bar-iframe"); previewBar.style.display = "none";", []): Execute JavaScript 'var previewBar = document.getElementById("preview-bar-iframe"); previewBar.style.display = "none";' successfully

2019-07-15 14:10:05 - [MESSAGE][PASSED] - Execute JavaScript 'var previewBar = document.getElementById("preview-bar-iframe"); previewBar.style.display = "none";' successfully

2019-07-15 14:10:05 - [TEST_STEP][PASSED] - click(findTestObject("OCS-DESKTOP/Home - page/Government of Ontario - Cann")): Object: 'Object Repository/OCS-DESKTOP/Home - page/Government of Ontario - Cann' is clicked on

2019-07-15 14:10:10 - [MESSAGE][PASSED] - Object: 'Object Repository/OCS-DESKTOP/Home - page/Government of Ontario - Cann' is clicked on

2019-07-15 14:10:10 - [TEST_STEP][PASSED] - executeJavaScript("var previewBar = document.getElementById("preview-bar-iframe"); previewBar.style.display = "none";", []): Execute JavaScript 'var previewBar = document.getElementById("preview-bar-iframe"); previewBar.style.display = "none";' successfully

2019-07-15 14:10:10 - [MESSAGE][PASSED] - Execute JavaScript 'var previewBar = document.getElementById("preview-bar-iframe"); previewBar.style.display = "none";' successfully

2019-07-15 14:10:10 - [TEST_STEP][PASSED] - click(findTestObject("OCS-DESKTOP/Home - page/About the OCS")): Object: 'Object Repository/OCS-DESKTOP/Home - page/About the OCS' is clicked on

2019-07-15 14:10:18 - [MESSAGE][PASSED] - Object: 'Object Repository/OCS-DESKTOP/Home - page/About the OCS' is clicked on

2019-07-15 14:10:18 - [TEST_STEP][PASSED] - delay(2): Delayed 2 second(s)

2019-07-15 14:10:20 - [MESSAGE][PASSED] - Delayed 2 second(s)

2019-07-15 14:10:20 - [TEST_STEP][PASSED] - executeJavaScript("var previewBar = document.getElementById("preview-bar-iframe"); previewBar.style.display = "none";", []): Execute JavaScript 'var previewBar = document.getElementById("preview-bar-iframe"); previewBar.style.display = "none";' successfully

2019-07-15 14:10:20 - [MESSAGE][PASSED] - Execute JavaScript 'var previewBar = document.getElementById("preview-bar-iframe"); previewBar.style.display = "none";' successfully

2019-07-15 14:10:20 - [TEST_STEP][PASSED] - click(findTestObject("OCS-DESKTOP/Home - page/Careers")): Object: 'Object Repository/OCS-DESKTOP/Home - page/Careers' is clicked on

2019-07-15 14:10:27 - [MESSAGE][PASSED] - Object: 'Object Repository/OCS-DESKTOP/Home - page/Careers' is clicked on

2019-07-15 14:10:27 - [TEST_STEP][PASSED] - delay(2): Delayed 2 second(s)

2019-07-15 14:10:29 - [MESSAGE][PASSED] - Delayed 2 second(s)

2019-07-15 14:10:29 - [TEST_STEP][PASSED] - delay(2, OPTIONAL): Delayed 2 second(s)

2019-07-15 14:10:31 - [MESSAGE][PASSED] - Delayed 2 second(s)

2019-07-15 14:10:31 - [TEST_STEP][PASSED] - executeJavaScript("var previewBar = document.getElementById("preview-bar-iframe"); previewBar.style.display = "none";", []): Execute JavaScript 'var previewBar = document.getElementById("preview-bar-iframe"); previewBar.style.display = "none";' successfully

2019-07-15 14:10:31 - [MESSAGE][PASSED] - Execute JavaScript 'var previewBar = document.getElementById("preview-bar-iframe"); previewBar.style.display = "none";' successfully

2019-07-15 14:10:31 - [TEST_STEP][PASSED] - click(findTestObject("OCS-DESKTOP/Home - page/News"), OPTIONAL): Object: 'Object Repository/OCS-DESKTOP/Home - page/News' is clicked on

2019-07-15 14:10:37 - [MESSAGE][PASSED] - Object: 'Object Repository/OCS-DESKTOP/Home - page/News' is clicked on

2019-07-15 14:10:37 - [TEST_STEP][PASSED] - delay(2): Delayed 2 second(s)

2019-07-15 14:10:39 - [MESSAGE][PASSED] - Delayed 2 second(s)

2019-07-15 14:10:39 - [TEST_STEP][PASSED] - executeJavaScript("var previewBar = document.getElementById("preview-bar-iframe"); previewBar.style.display = "none";", []): Execute JavaScript 'var previewBar = document.getElementById("preview-bar-iframe"); previewBar.style.display = "none";' successfully

2019-07-15 14:10:39 - [MESSAGE][PASSED] - Execute JavaScript 'var previewBar = document.getElementById("preview-bar-iframe"); previewBar.style.display = "none";' successfully

2019-07-15 14:10:39 - [TEST_STEP][PASSED] - click(findTestObject("OCS-DESKTOP/Home - page/Doing Business With OCS")): Object: 'Object Repository/OCS-DESKTOP/Home - page/Doing Business With OCS' is clicked on

2019-07-15 14:10:44 - [MESSAGE][PASSED] - Object: 'Object Repository/OCS-DESKTOP/Home - page/Doing Business With OCS' is clicked on

2019-07-15 14:10:44 - [TEST_STEP][PASSED] - delay(2): Delayed 2 second(s)

2019-07-15 14:10:46 - [MESSAGE][PASSED] - Delayed 2 second(s)

2019-07-15 14:10:46 - [TEST_STEP][PASSED] - executeJavaScript("var previewBar = document.getElementById("preview-bar-iframe"); previewBar.style.display = "none";", []): Execute JavaScript 'var previewBar = document.getElementById("preview-bar-iframe"); previewBar.style.display = "none";' successfully

2019-07-15 14:10:46 - [MESSAGE][PASSED] - Execute JavaScript 'var previewBar = document.getElementById("preview-bar-iframe"); previewBar.style.display = "none";' successfully

2019-07-15 14:10:46 - [TEST_STEP][NOT_RUN] - click(findTestObject("OCS-DESKTOP/Home - page/Help us improve OCS.ca"), CONTINUE_ON_FAILURE): NOT_RUN: click(findTestObject("OCS-DESKTOP/Home - page/Help us improve OCS.ca"), CONTINUE_ON_FAILURE)

2019-07-15 14:10:46 - [MESSAGE][NOT_RUN] - NOT_RUN: click(findTestObject("OCS-DESKTOP/Home - page/Help us improve OCS.ca"), CONTINUE_ON_FAILURE)

2019-07-15 14:10:46 - [TEST_STEP][PASSED] - delay(2): Delayed 2 second(s)

2019-07-15 14:10:48 - [MESSAGE][PASSED] - Delayed 2 second(s)

2019-07-15 14:10:48 - [TEST_STEP][PASSED] - executeJavaScript("var previewBar = document.getElementById("preview-bar-iframe"); previewBar.style.display = "none";", []): Execute JavaScript 'var previewBar = document.getElementById("preview-bar-iframe"); previewBar.style.display = "none";' successfully

2019-07-15 14:10:48 - [MESSAGE][PASSED] - Execute JavaScript 'var previewBar = document.getElementById("preview-bar-iframe"); previewBar.style.display = "none";' successfully

2019-07-15 14:10:48 - [TEST_STEP][PASSED] - click(findTestObject("OCS-DESKTOP/Home - page/Terms and Conditions")): Object: 'Object Repository/OCS-DESKTOP/Home - page/Terms and Conditions' is clicked on

2019-07-15 14:10:56 - [MESSAGE][PASSED] - Object: 'Object Repository/OCS-DESKTOP/Home - page/Terms and Conditions' is clicked on

2019-07-15 14:10:56 - [TEST_STEP][PASSED] - delay(2): Delayed 2 second(s)

2019-07-15 14:10:58 - [MESSAGE][PASSED] - Delayed 2 second(s)

2019-07-15 14:10:58 - [TEST_STEP][PASSED] - executeJavaScript("var previewBar = document.getElementById("preview-bar-iframe"); previewBar.style.display = "none";", []): Execute JavaScript 'var previewBar = document.getElementById("preview-bar-iframe"); previewBar.style.display = "none";' successfully

2019-07-15 14:10:58 - [MESSAGE][PASSED] - Execute JavaScript 'var previewBar = document.getElementById("preview-bar-iframe"); previewBar.style.display = "none";' successfully

2019-07-15 14:10:58 - [TEST_STEP][PASSED] - click(findTestObject("OCS-DESKTOP/Home - page/Privacy")): Object: 'Object Repository/OCS-DESKTOP/Home - page/Privacy' is clicked on

2019-07-15 14:11:07 - [MESSAGE][PASSED] - Object: 'Object Repository/OCS-DESKTOP/Home - page/Privacy' is clicked on

2019-07-15 14:11:07 - [TEST_STEP][PASSED] - executeJavaScript("var previewBar = document.getElementById("preview-bar-iframe"); previewBar.style.display = "none";", []): Execute JavaScript 'var previewBar = document.getElementById("preview-bar-iframe"); previewBar.style.display = "none";' successfully

2019-07-15 14:11:07 - [MESSAGE][PASSED] - Execute JavaScript 'var previewBar = document.getElementById("preview-bar-iframe"); previewBar.style.display = "none";' successfully

2019-07-15 14:11:07 - [TEST_STEP][PASSED] - delay(2): Delayed 2 second(s)

2019-07-15 14:11:09 - [MESSAGE][PASSED] - Delayed 2 second(s)

2019-07-15 14:11:09 - [TEST_STEP][PASSED] - click(findTestObject("OCS-DESKTOP/Home - page/Accessibility")): Object: 'Object Repository/OCS-DESKTOP/Home - page/Accessibility' is clicked on

2019-07-15 14:11:17 - [MESSAGE][PASSED] - Object: 'Object Repository/OCS-DESKTOP/Home - page/Accessibility' is clicked on

2019-07-15 14:11:17 - [TEST_STEP][PASSED] - delay(2): Delayed 2 second(s)

2019-07-15 14:11:19 - [MESSAGE][PASSED] - Delayed 2 second(s)

2019-07-15 14:11:19 - [TEST_STEP][PASSED] - executeJavaScript("var previewBar = document.getElementById("preview-bar-iframe"); previewBar.style.display = "none";", []): Execute JavaScript 'var previewBar = document.getElementById("preview-bar-iframe"); previewBar.style.display = "none";' successfully

2019-07-15 14:11:19 - [MESSAGE][PASSED] - Execute JavaScript 'var previewBar = document.getElementById("preview-bar-iframe"); previewBar.style.display = "none";' successfully

2019-07-15 14:11:19 - [TEST_STEP][PASSED] - click(findTestObject("OCS-DESKTOP/Home - page/Delivery to First Nations")): Object: 'Object Repository/OCS-DESKTOP/Home - page/Delivery to First Nations' is clicked on

2019-07-15 14:11:25 - [MESSAGE][PASSED] - Object: 'Object Repository/OCS-DESKTOP/Home - page/Delivery to First Nations' is clicked on

2019-07-15 14:11:25 - [TEST_STEP][PASSED] - delay(2): Delayed 2 second(s)

2019-07-15 14:11:27 - [MESSAGE][PASSED] - Delayed 2 second(s)

2019-07-15 14:11:27 - [TEST_STEP][PASSED] - executeJavaScript("var previewBar = document.getElementById("preview-bar-iframe"); previewBar.style.display = "none";", []): Execute JavaScript 'var previewBar = document.getElementById("preview-bar-iframe"); previewBar.style.display = "none";' successfully

2019-07-15 14:11:27 - [MESSAGE][PASSED] - Execute JavaScript 'var previewBar = document.getElementById("preview-bar-iframe"); previewBar.style.display = "none";' successfully

2019-07-15 14:11:27 - [TEST_STEP][PASSED] - click(findTestObject("OCS-DESKTOP/Home - page/Hello OCS image")): Object: 'Object Repository/OCS-DESKTOP/Home - page/Hello OCS image' is clicked on

2019-07-15 14:11:32 - [MESSAGE][PASSED] - Object: 'Object Repository/OCS-DESKTOP/Home - page/Hello OCS image' is clicked on

2019-07-15 14:11:32 - [TEST_STEP][PASSED] - delay(2): Delayed 2 second(s)

2019-07-15 14:11:34 - [MESSAGE][PASSED] - Delayed 2 second(s)

2019-07-15 14:11:34 - [TEST_STEP][PASSED] - click(findTestObject("OCS-DESKTOP/Home - page/twitter")): Object: 'Object Repository/OCS-DESKTOP/Home - page/twitter' is clicked on

2019-07-15 14:11:40 - [MESSAGE][PASSED] - Object: 'Object Repository/OCS-DESKTOP/Home - page/twitter' is clicked on]]></system-out>
         <system-err><![CDATA[]]></system-err>
      </testcase>
      <testcase name="Test Cases/OCS - DESKTOP/OCS- HOME PAGE/why trust OCS" classname="Test Cases/OCS - DESKTOP/OCS- HOME PAGE/why trust OCS" status="PASSED">
         <system-out><![CDATA[2019-07-15 14:11:40 - [TEST_CASE][PASSED] - Test Cases/OCS - DESKTOP/OCS- HOME PAGE/why trust OCS: Test Cases/OCS - DESKTOP/OCS- HOME PAGE/why trust OCS

2019-07-15 14:11:40 - [TEST_STEP][PASSED] - callTestCase(findTestCase("OCS - DESKTOP/CALL- Age gate"), [:], STOP_ON_FAILURE): Call Test Case 'Test Cases/OCS - DESKTOP/CALL- Age gate' successfully

2019-07-15 14:11:40 - [TEST_CASE][PASSED] - Test Cases/OCS - DESKTOP/CALL- Age gate: Test Cases/OCS - DESKTOP/CALL- Age gate

2019-07-15 14:11:40 - [TEST_STEP][PASSED] - openBrowser(""): Browser is opened with url: ''

2019-07-15 14:11:40 - [MESSAGE][WARNING] - A browser is already opened. Closing browser and opening a new one

2019-07-15 14:11:41 - [MESSAGE][INFO] - Starting 'Chrome' driver

2019-07-15 14:11:42 - [MESSAGE][PASSED] - Browser is opened with url: ''

2019-07-15 14:11:42 - [TEST_STEP][PASSED] - navigateToUrl("https://ocs.ca/?fts=0&preview_theme_id=74205529932"): Navigate to 'https://ocs.ca/?fts=0&preview_theme_id=74205529932' successfully

2019-07-15 14:11:47 - [MESSAGE][PASSED] - Navigate to 'https://ocs.ca/?fts=0&preview_theme_id=74205529932' successfully

2019-07-15 14:11:47 - [TEST_STEP][PASSED] - maximizeWindow(): Current window maximized

2019-07-15 14:11:47 - [MESSAGE][PASSED] - Current window maximized

2019-07-15 14:11:47 - [TEST_STEP][PASSED] - delay(2): Delayed 2 second(s)

2019-07-15 14:11:49 - [MESSAGE][PASSED] - Delayed 2 second(s)

2019-07-15 14:11:49 - [TEST_STEP][PASSED] - executeJavaScript("var previewBar = document.getElementById("preview-bar-iframe"); previewBar.style.display = "none";", []): Execute JavaScript 'var previewBar = document.getElementById("preview-bar-iframe"); previewBar.style.display = "none";' successfully

2019-07-15 14:11:49 - [MESSAGE][PASSED] - Execute JavaScript 'var previewBar = document.getElementById("preview-bar-iframe"); previewBar.style.display = "none";' successfully

2019-07-15 14:11:49 - [TEST_STEP][PASSED] - selectOptionByValue(findTestObject("OCS-DESKTOP/Age gate and Mega menu/Date"), "12", true): All options with value '12' are selected in object 'Object Repository/OCS-DESKTOP/Age gate and Mega menu/Date'  using regular expression

2019-07-15 14:11:50 - [MESSAGE][PASSED] - All options with value '12' are selected in object 'Object Repository/OCS-DESKTOP/Age gate and Mega menu/Date'  using regular expression

2019-07-15 14:11:50 - [TEST_STEP][PASSED] - selectOptionByValue(findTestObject("OCS-DESKTOP/Age gate and Mega menu/month"), "6", true): All options with value '6' are selected in object 'Object Repository/OCS-DESKTOP/Age gate and Mega menu/month'  using regular expression

2019-07-15 14:11:50 - [MESSAGE][PASSED] - All options with value '6' are selected in object 'Object Repository/OCS-DESKTOP/Age gate and Mega menu/month'  using regular expression

2019-07-15 14:11:50 - [TEST_STEP][PASSED] - delay(2): Delayed 2 second(s)

2019-07-15 14:11:52 - [MESSAGE][PASSED] - Delayed 2 second(s)

2019-07-15 14:11:52 - [TEST_STEP][PASSED] - selectOptionByValue(findTestObject("OCS-DESKTOP/Age gate and Mega menu/Year Dropdown"), "1990", true): All options with value '1990' are selected in object 'Object Repository/OCS-DESKTOP/Age gate and Mega menu/Year Dropdown'  using regular expression

2019-07-15 14:11:53 - [MESSAGE][PASSED] - All options with value '1990' are selected in object 'Object Repository/OCS-DESKTOP/Age gate and Mega menu/Year Dropdown'  using regular expression

2019-07-15 14:11:53 - [TEST_STEP][PASSED] - click(findTestObject("OCS-DESKTOP/Age gate and Mega menu/button_Verify")): Object: 'Object Repository/OCS-DESKTOP/Age gate and Mega menu/button_Verify' is clicked on

2019-07-15 14:11:53 - [MESSAGE][PASSED] - Object: 'Object Repository/OCS-DESKTOP/Age gate and Mega menu/button_Verify' is clicked on

2019-07-15 14:11:53 - [TEST_STEP][PASSED] - click(findTestObject("OCS-DESKTOP/Age gate and Mega menu/Checkbox_CONFIRM AND ACKNOWLEDGE")): Object: 'Object Repository/OCS-DESKTOP/Age gate and Mega menu/Checkbox_CONFIRM AND ACKNOWLEDGE' is clicked on

2019-07-15 14:11:53 - [MESSAGE][PASSED] - Object: 'Object Repository/OCS-DESKTOP/Age gate and Mega menu/Checkbox_CONFIRM AND ACKNOWLEDGE' is clicked on

2019-07-15 14:11:53 - [TEST_STEP][PASSED] - click(findTestObject("OCS-DESKTOP/Age gate and Mega menu/button_CONFIRM")): Object: 'Object Repository/OCS-DESKTOP/Age gate and Mega menu/button_CONFIRM' is clicked on

2019-07-15 14:11:53 - [MESSAGE][PASSED] - Object: 'Object Repository/OCS-DESKTOP/Age gate and Mega menu/button_CONFIRM' is clicked on

2019-07-15 14:11:53 - [TEST_STEP][PASSED] - click(findTestObject("OCS-DESKTOP/Age gate and Mega menu/button_Start Browsing")): Object: 'Object Repository/OCS-DESKTOP/Age gate and Mega menu/button_Start Browsing' is clicked on

2019-07-15 14:11:54 - [MESSAGE][PASSED] - Object: 'Object Repository/OCS-DESKTOP/Age gate and Mega menu/button_Start Browsing' is clicked on

2019-07-15 14:11:54 - [TEST_STEP][PASSED] - delay(2): Delayed 2 second(s)

2019-07-15 14:11:56 - [MESSAGE][PASSED] - Delayed 2 second(s)

2019-07-15 14:11:56 - [TEST_STEP][PASSED] - refresh(): Refresh successfully

2019-07-15 14:11:59 - [MESSAGE][PASSED] - Refresh successfully

2019-07-15 14:11:59 - [MESSAGE][PASSED] - Call Test Case 'Test Cases/OCS - DESKTOP/CALL- Age gate' successfully

2019-07-15 14:11:59 - [TEST_STEP][PASSED] - delay(2): Delayed 2 second(s)

2019-07-15 14:12:01 - [MESSAGE][PASSED] - Delayed 2 second(s)

2019-07-15 14:12:01 - [TEST_STEP][PASSED] - executeJavaScript("var previewBar = document.getElementById("preview-bar-iframe"); previewBar.style.display = "none";", []): Execute JavaScript 'var previewBar = document.getElementById("preview-bar-iframe"); previewBar.style.display = "none";' successfully

2019-07-15 14:12:01 - [MESSAGE][PASSED] - Execute JavaScript 'var previewBar = document.getElementById("preview-bar-iframe"); previewBar.style.display = "none";' successfully

2019-07-15 14:12:01 - [TEST_STEP][PASSED] - delay(1, OPTIONAL): Delayed 1 second(s)

2019-07-15 14:12:02 - [MESSAGE][PASSED] - Delayed 1 second(s)

2019-07-15 14:12:02 - [TEST_STEP][PASSED] - click(findTestObject("OCS-DESKTOP/Home - page/Why trust OCS -img")): Object: 'Object Repository/OCS-DESKTOP/Home - page/Why trust OCS -img' is clicked on

2019-07-15 14:12:06 - [MESSAGE][PASSED] - Object: 'Object Repository/OCS-DESKTOP/Home - page/Why trust OCS -img' is clicked on]]></system-out>
         <system-err><![CDATA[]]></system-err>
      </testcase>
      <testcase name="Test Cases/OCS - DESKTOP/OCS- HOME PAGE/How to choose cannabis-learn more" classname="Test Cases/OCS - DESKTOP/OCS- HOME PAGE/How to choose cannabis-learn more" status="PASSED">
         <system-out><![CDATA[2019-07-15 14:12:06 - [TEST_CASE][PASSED] - Test Cases/OCS - DESKTOP/OCS- HOME PAGE/How to choose cannabis-learn more: Test Cases/OCS - DESKTOP/OCS- HOME PAGE/How to choose cannabis-learn more

2019-07-15 14:12:06 - [TEST_STEP][PASSED] - callTestCase(findTestCase("OCS - DESKTOP/CALL- Age gate"), [:], STOP_ON_FAILURE): Call Test Case 'Test Cases/OCS - DESKTOP/CALL- Age gate' successfully

2019-07-15 14:12:06 - [TEST_CASE][PASSED] - Test Cases/OCS - DESKTOP/CALL- Age gate: Test Cases/OCS - DESKTOP/CALL- Age gate

2019-07-15 14:12:06 - [TEST_STEP][PASSED] - openBrowser(""): Browser is opened with url: ''

2019-07-15 14:12:06 - [MESSAGE][WARNING] - A browser is already opened. Closing browser and opening a new one

2019-07-15 14:12:06 - [MESSAGE][INFO] - Starting 'Chrome' driver

2019-07-15 14:12:07 - [MESSAGE][PASSED] - Browser is opened with url: ''

2019-07-15 14:12:07 - [TEST_STEP][PASSED] - navigateToUrl("https://ocs.ca/?fts=0&preview_theme_id=74205529932"): Navigate to 'https://ocs.ca/?fts=0&preview_theme_id=74205529932' successfully

2019-07-15 14:12:13 - [MESSAGE][PASSED] - Navigate to 'https://ocs.ca/?fts=0&preview_theme_id=74205529932' successfully

2019-07-15 14:12:13 - [TEST_STEP][PASSED] - maximizeWindow(): Current window maximized

2019-07-15 14:12:13 - [MESSAGE][PASSED] - Current window maximized

2019-07-15 14:12:13 - [TEST_STEP][PASSED] - delay(2): Delayed 2 second(s)

2019-07-15 14:12:15 - [MESSAGE][PASSED] - Delayed 2 second(s)

2019-07-15 14:12:15 - [TEST_STEP][PASSED] - executeJavaScript("var previewBar = document.getElementById("preview-bar-iframe"); previewBar.style.display = "none";", []): Execute JavaScript 'var previewBar = document.getElementById("preview-bar-iframe"); previewBar.style.display = "none";' successfully

2019-07-15 14:12:15 - [MESSAGE][PASSED] - Execute JavaScript 'var previewBar = document.getElementById("preview-bar-iframe"); previewBar.style.display = "none";' successfully

2019-07-15 14:12:15 - [TEST_STEP][PASSED] - selectOptionByValue(findTestObject("OCS-DESKTOP/Age gate and Mega menu/Date"), "12", true): All options with value '12' are selected in object 'Object Repository/OCS-DESKTOP/Age gate and Mega menu/Date'  using regular expression

2019-07-15 14:12:15 - [MESSAGE][PASSED] - All options with value '12' are selected in object 'Object Repository/OCS-DESKTOP/Age gate and Mega menu/Date'  using regular expression

2019-07-15 14:12:15 - [TEST_STEP][PASSED] - selectOptionByValue(findTestObject("OCS-DESKTOP/Age gate and Mega menu/month"), "6", true): All options with value '6' are selected in object 'Object Repository/OCS-DESKTOP/Age gate and Mega menu/month'  using regular expression

2019-07-15 14:12:16 - [MESSAGE][PASSED] - All options with value '6' are selected in object 'Object Repository/OCS-DESKTOP/Age gate and Mega menu/month'  using regular expression

2019-07-15 14:12:16 - [TEST_STEP][PASSED] - delay(2): Delayed 2 second(s)

2019-07-15 14:12:18 - [MESSAGE][PASSED] - Delayed 2 second(s)

2019-07-15 14:12:18 - [TEST_STEP][PASSED] - selectOptionByValue(findTestObject("OCS-DESKTOP/Age gate and Mega menu/Year Dropdown"), "1990", true): All options with value '1990' are selected in object 'Object Repository/OCS-DESKTOP/Age gate and Mega menu/Year Dropdown'  using regular expression

2019-07-15 14:12:19 - [MESSAGE][PASSED] - All options with value '1990' are selected in object 'Object Repository/OCS-DESKTOP/Age gate and Mega menu/Year Dropdown'  using regular expression

2019-07-15 14:12:19 - [TEST_STEP][PASSED] - click(findTestObject("OCS-DESKTOP/Age gate and Mega menu/button_Verify")): Object: 'Object Repository/OCS-DESKTOP/Age gate and Mega menu/button_Verify' is clicked on

2019-07-15 14:12:20 - [MESSAGE][PASSED] - Object: 'Object Repository/OCS-DESKTOP/Age gate and Mega menu/button_Verify' is clicked on

2019-07-15 14:12:20 - [TEST_STEP][PASSED] - click(findTestObject("OCS-DESKTOP/Age gate and Mega menu/Checkbox_CONFIRM AND ACKNOWLEDGE")): Object: 'Object Repository/OCS-DESKTOP/Age gate and Mega menu/Checkbox_CONFIRM AND ACKNOWLEDGE' is clicked on

2019-07-15 14:12:20 - [MESSAGE][PASSED] - Object: 'Object Repository/OCS-DESKTOP/Age gate and Mega menu/Checkbox_CONFIRM AND ACKNOWLEDGE' is clicked on

2019-07-15 14:12:20 - [TEST_STEP][PASSED] - click(findTestObject("OCS-DESKTOP/Age gate and Mega menu/button_CONFIRM")): Object: 'Object Repository/OCS-DESKTOP/Age gate and Mega menu/button_CONFIRM' is clicked on

2019-07-15 14:12:20 - [MESSAGE][PASSED] - Object: 'Object Repository/OCS-DESKTOP/Age gate and Mega menu/button_CONFIRM' is clicked on

2019-07-15 14:12:20 - [TEST_STEP][PASSED] - click(findTestObject("OCS-DESKTOP/Age gate and Mega menu/button_Start Browsing")): Object: 'Object Repository/OCS-DESKTOP/Age gate and Mega menu/button_Start Browsing' is clicked on

2019-07-15 14:12:20 - [MESSAGE][PASSED] - Object: 'Object Repository/OCS-DESKTOP/Age gate and Mega menu/button_Start Browsing' is clicked on

2019-07-15 14:12:20 - [TEST_STEP][PASSED] - delay(2): Delayed 2 second(s)

2019-07-15 14:12:22 - [MESSAGE][PASSED] - Delayed 2 second(s)

2019-07-15 14:12:22 - [TEST_STEP][PASSED] - refresh(): Refresh successfully

2019-07-15 14:12:22 - [MESSAGE][PASSED] - Refresh successfully

2019-07-15 14:12:22 - [MESSAGE][PASSED] - Call Test Case 'Test Cases/OCS - DESKTOP/CALL- Age gate' successfully

2019-07-15 14:12:22 - [TEST_STEP][PASSED] - delay(2, OPTIONAL): Delayed 2 second(s)

2019-07-15 14:12:24 - [MESSAGE][PASSED] - Delayed 2 second(s)

2019-07-15 14:12:24 - [TEST_STEP][PASSED] - executeJavaScript("var previewBar = document.getElementById("preview-bar-iframe"); previewBar.style.display = "none";", []): Execute JavaScript 'var previewBar = document.getElementById("preview-bar-iframe"); previewBar.style.display = "none";' successfully

2019-07-15 14:12:25 - [MESSAGE][PASSED] - Execute JavaScript 'var previewBar = document.getElementById("preview-bar-iframe"); previewBar.style.display = "none";' successfully

2019-07-15 14:12:25 - [TEST_STEP][PASSED] - click(findTestObject("OCS-DESKTOP/Home - page/a_Learn more- A brief history of cannabis")): Object: 'Object Repository/OCS-DESKTOP/Home - page/a_Learn more- A brief history of cannabis' is clicked on

2019-07-15 14:12:29 - [MESSAGE][PASSED] - Object: 'Object Repository/OCS-DESKTOP/Home - page/a_Learn more- A brief history of cannabis' is clicked on

2019-07-15 14:12:29 - [TEST_STEP][PASSED] - delay(2): Delayed 2 second(s)

2019-07-15 14:12:31 - [MESSAGE][PASSED] - Delayed 2 second(s)

2019-07-15 14:12:31 - [TEST_STEP][NOT_RUN] - click(findTestObject("OCS-DESKTOP/Home - page/OCS icon"), STOP_ON_FAILURE): NOT_RUN: click(findTestObject("OCS-DESKTOP/Home - page/OCS icon"), STOP_ON_FAILURE)

2019-07-15 14:12:31 - [MESSAGE][NOT_RUN] - NOT_RUN: click(findTestObject("OCS-DESKTOP/Home - page/OCS icon"), STOP_ON_FAILURE)

2019-07-15 14:12:31 - [TEST_STEP][PASSED] - back(): Navigate back successfully

2019-07-15 14:12:33 - [MESSAGE][PASSED] - Navigate back successfully

2019-07-15 14:12:33 - [TEST_STEP][PASSED] - delay(2): Delayed 2 second(s)

2019-07-15 14:12:35 - [MESSAGE][PASSED] - Delayed 2 second(s)

2019-07-15 14:12:35 - [TEST_STEP][PASSED] - executeJavaScript("var previewBar = document.getElementById("preview-bar-iframe"); previewBar.style.display = "none";", []): Execute JavaScript 'var previewBar = document.getElementById("preview-bar-iframe"); previewBar.style.display = "none";' successfully

2019-07-15 14:12:35 - [MESSAGE][PASSED] - Execute JavaScript 'var previewBar = document.getElementById("preview-bar-iframe"); previewBar.style.display = "none";' successfully

2019-07-15 14:12:35 - [TEST_STEP][PASSED] - click(findTestObject("OCS-DESKTOP/Home - page/a_Learn more- Tips for responsible use")): Object: 'Object Repository/OCS-DESKTOP/Home - page/a_Learn more- Tips for responsible use' is clicked on

2019-07-15 14:12:38 - [MESSAGE][PASSED] - Object: 'Object Repository/OCS-DESKTOP/Home - page/a_Learn more- Tips for responsible use' is clicked on]]></system-out>
         <system-err><![CDATA[]]></system-err>
      </testcase>
      <testcase name="Test Cases/OCS - DESKTOP/OCS- HOME PAGE/HP -Burger menu-FAQ" classname="Test Cases/OCS - DESKTOP/OCS- HOME PAGE/HP -Burger menu-FAQ" status="PASSED">
         <system-out><![CDATA[2019-07-15 14:12:38 - [TEST_CASE][PASSED] - Test Cases/OCS - DESKTOP/OCS- HOME PAGE/HP -Burger menu-FAQ: Test Cases/OCS - DESKTOP/OCS- HOME PAGE/HP -Burger menu-FAQ

2019-07-15 14:12:38 - [TEST_STEP][PASSED] - callTestCase(findTestCase("OCS - DESKTOP/CALL- Age gate"), [:], STOP_ON_FAILURE): Call Test Case 'Test Cases/OCS - DESKTOP/CALL- Age gate' successfully

2019-07-15 14:12:38 - [TEST_CASE][PASSED] - Test Cases/OCS - DESKTOP/CALL- Age gate: Test Cases/OCS - DESKTOP/CALL- Age gate

2019-07-15 14:12:38 - [TEST_STEP][PASSED] - openBrowser(""): Browser is opened with url: ''

2019-07-15 14:12:38 - [MESSAGE][WARNING] - A browser is already opened. Closing browser and opening a new one

2019-07-15 14:12:39 - [MESSAGE][INFO] - Starting 'Chrome' driver

2019-07-15 14:12:40 - [MESSAGE][PASSED] - Browser is opened with url: ''

2019-07-15 14:12:40 - [TEST_STEP][PASSED] - navigateToUrl("https://ocs.ca/?fts=0&preview_theme_id=74205529932"): Navigate to 'https://ocs.ca/?fts=0&preview_theme_id=74205529932' successfully

2019-07-15 14:12:45 - [MESSAGE][PASSED] - Navigate to 'https://ocs.ca/?fts=0&preview_theme_id=74205529932' successfully

2019-07-15 14:12:45 - [TEST_STEP][PASSED] - maximizeWindow(): Current window maximized

2019-07-15 14:12:45 - [MESSAGE][PASSED] - Current window maximized

2019-07-15 14:12:45 - [TEST_STEP][PASSED] - delay(2): Delayed 2 second(s)

2019-07-15 14:12:47 - [MESSAGE][PASSED] - Delayed 2 second(s)

2019-07-15 14:12:47 - [TEST_STEP][PASSED] - executeJavaScript("var previewBar = document.getElementById("preview-bar-iframe"); previewBar.style.display = "none";", []): Execute JavaScript 'var previewBar = document.getElementById("preview-bar-iframe"); previewBar.style.display = "none";' successfully

2019-07-15 14:12:47 - [MESSAGE][PASSED] - Execute JavaScript 'var previewBar = document.getElementById("preview-bar-iframe"); previewBar.style.display = "none";' successfully

2019-07-15 14:12:47 - [TEST_STEP][PASSED] - selectOptionByValue(findTestObject("OCS-DESKTOP/Age gate and Mega menu/Date"), "12", true): All options with value '12' are selected in object 'Object Repository/OCS-DESKTOP/Age gate and Mega menu/Date'  using regular expression

2019-07-15 14:12:47 - [MESSAGE][PASSED] - All options with value '12' are selected in object 'Object Repository/OCS-DESKTOP/Age gate and Mega menu/Date'  using regular expression

2019-07-15 14:12:47 - [TEST_STEP][PASSED] - selectOptionByValue(findTestObject("OCS-DESKTOP/Age gate and Mega menu/month"), "6", true): All options with value '6' are selected in object 'Object Repository/OCS-DESKTOP/Age gate and Mega menu/month'  using regular expression

2019-07-15 14:12:48 - [MESSAGE][PASSED] - All options with value '6' are selected in object 'Object Repository/OCS-DESKTOP/Age gate and Mega menu/month'  using regular expression

2019-07-15 14:12:48 - [TEST_STEP][PASSED] - delay(2): Delayed 2 second(s)

2019-07-15 14:12:50 - [MESSAGE][PASSED] - Delayed 2 second(s)

2019-07-15 14:12:50 - [TEST_STEP][PASSED] - selectOptionByValue(findTestObject("OCS-DESKTOP/Age gate and Mega menu/Year Dropdown"), "1990", true): All options with value '1990' are selected in object 'Object Repository/OCS-DESKTOP/Age gate and Mega menu/Year Dropdown'  using regular expression

2019-07-15 14:12:51 - [MESSAGE][PASSED] - All options with value '1990' are selected in object 'Object Repository/OCS-DESKTOP/Age gate and Mega menu/Year Dropdown'  using regular expression

2019-07-15 14:12:51 - [TEST_STEP][PASSED] - click(findTestObject("OCS-DESKTOP/Age gate and Mega menu/button_Verify")): Object: 'Object Repository/OCS-DESKTOP/Age gate and Mega menu/button_Verify' is clicked on

2019-07-15 14:12:51 - [MESSAGE][PASSED] - Object: 'Object Repository/OCS-DESKTOP/Age gate and Mega menu/button_Verify' is clicked on

2019-07-15 14:12:51 - [TEST_STEP][PASSED] - click(findTestObject("OCS-DESKTOP/Age gate and Mega menu/Checkbox_CONFIRM AND ACKNOWLEDGE")): Object: 'Object Repository/OCS-DESKTOP/Age gate and Mega menu/Checkbox_CONFIRM AND ACKNOWLEDGE' is clicked on

2019-07-15 14:12:51 - [MESSAGE][PASSED] - Object: 'Object Repository/OCS-DESKTOP/Age gate and Mega menu/Checkbox_CONFIRM AND ACKNOWLEDGE' is clicked on

2019-07-15 14:12:51 - [TEST_STEP][PASSED] - click(findTestObject("OCS-DESKTOP/Age gate and Mega menu/button_CONFIRM")): Object: 'Object Repository/OCS-DESKTOP/Age gate and Mega menu/button_CONFIRM' is clicked on

2019-07-15 14:12:51 - [MESSAGE][PASSED] - Object: 'Object Repository/OCS-DESKTOP/Age gate and Mega menu/button_CONFIRM' is clicked on

2019-07-15 14:12:51 - [TEST_STEP][PASSED] - click(findTestObject("OCS-DESKTOP/Age gate and Mega menu/button_Start Browsing")): Object: 'Object Repository/OCS-DESKTOP/Age gate and Mega menu/button_Start Browsing' is clicked on

2019-07-15 14:12:51 - [MESSAGE][PASSED] - Object: 'Object Repository/OCS-DESKTOP/Age gate and Mega menu/button_Start Browsing' is clicked on

2019-07-15 14:12:51 - [TEST_STEP][PASSED] - delay(2): Delayed 2 second(s)

2019-07-15 14:12:53 - [MESSAGE][PASSED] - Delayed 2 second(s)

2019-07-15 14:12:53 - [TEST_STEP][PASSED] - refresh(): Refresh successfully

2019-07-15 14:12:53 - [MESSAGE][PASSED] - Refresh successfully

2019-07-15 14:12:53 - [MESSAGE][PASSED] - Call Test Case 'Test Cases/OCS - DESKTOP/CALL- Age gate' successfully

2019-07-15 14:12:53 - [TEST_STEP][PASSED] - delay(2): Delayed 2 second(s)

2019-07-15 14:12:55 - [MESSAGE][PASSED] - Delayed 2 second(s)

2019-07-15 14:12:55 - [TEST_STEP][PASSED] - executeJavaScript("var previewBar = document.getElementById("preview-bar-iframe"); previewBar.style.display = "none";", []): Execute JavaScript 'var previewBar = document.getElementById("preview-bar-iframe"); previewBar.style.display = "none";' successfully

2019-07-15 14:12:56 - [MESSAGE][PASSED] - Execute JavaScript 'var previewBar = document.getElementById("preview-bar-iframe"); previewBar.style.display = "none";' successfully

2019-07-15 14:12:56 - [TEST_STEP][PASSED] - delay(2): Delayed 2 second(s)

2019-07-15 14:12:58 - [MESSAGE][PASSED] - Delayed 2 second(s)

2019-07-15 14:12:58 - [TEST_STEP][PASSED] - click(findTestObject("OCS-DESKTOP/Age gate and Mega menu/Header/FAQ menu - En")): Object: 'Object Repository/OCS-DESKTOP/Age gate and Mega menu/Header/FAQ menu - En' is clicked on

2019-07-15 14:13:02 - [MESSAGE][PASSED] - Object: 'Object Repository/OCS-DESKTOP/Age gate and Mega menu/Header/FAQ menu - En' is clicked on

2019-07-15 14:13:02 - [TEST_STEP][PASSED] - delay(2): Delayed 2 second(s)

2019-07-15 14:13:04 - [MESSAGE][PASSED] - Delayed 2 second(s)

2019-07-15 14:13:04 - [TEST_STEP][PASSED] - executeJavaScript("var previewBar = document.getElementById("preview-bar-iframe"); previewBar.style.display = "none";", []): Execute JavaScript 'var previewBar = document.getElementById("preview-bar-iframe"); previewBar.style.display = "none";' successfully

2019-07-15 14:13:04 - [MESSAGE][PASSED] - Execute JavaScript 'var previewBar = document.getElementById("preview-bar-iframe"); previewBar.style.display = "none";' successfully

2019-07-15 14:13:04 - [TEST_STEP][NOT_RUN] - scrollToElement(findTestObject("OCS-MOBILE /FAQ page/scroll view element"), 0): NOT_RUN: scrollToElement(findTestObject("OCS-MOBILE /FAQ page/scroll view element"), 0)

2019-07-15 14:13:04 - [MESSAGE][NOT_RUN] - NOT_RUN: scrollToElement(findTestObject("OCS-MOBILE /FAQ page/scroll view element"), 0)

2019-07-15 14:13:04 - [TEST_STEP][PASSED] - delay(1): Delayed 1 second(s)

2019-07-15 14:13:05 - [MESSAGE][PASSED] - Delayed 1 second(s)

2019-07-15 14:13:05 - [TEST_STEP][PASSED] - click(findTestObject("OCS-DESKTOP/FAQ page/Dropdown button -First chevron -open- FAQ")): Object: 'Object Repository/OCS-DESKTOP/FAQ page/Dropdown button -First chevron -open- FAQ' is clicked on

2019-07-15 14:13:05 - [MESSAGE][PASSED] - Object: 'Object Repository/OCS-DESKTOP/FAQ page/Dropdown button -First chevron -open- FAQ' is clicked on

2019-07-15 14:13:05 - [TEST_STEP][PASSED] - delay(1): Delayed 1 second(s)

2019-07-15 14:13:06 - [MESSAGE][PASSED] - Delayed 1 second(s)

2019-07-15 14:13:06 - [TEST_STEP][PASSED] - click(findTestObject("OCS-DESKTOP/FAQ page/Dropdown button -First chevron - close -FAQ")): Object: 'Object Repository/OCS-DESKTOP/FAQ page/Dropdown button -First chevron - close -FAQ' is clicked on

2019-07-15 14:13:06 - [MESSAGE][PASSED] - Object: 'Object Repository/OCS-DESKTOP/FAQ page/Dropdown button -First chevron - close -FAQ' is clicked on

2019-07-15 14:13:06 - [TEST_STEP][PASSED] - delay(1, OPTIONAL): Delayed 1 second(s)

2019-07-15 14:13:07 - [MESSAGE][PASSED] - Delayed 1 second(s)

2019-07-15 14:13:07 - [TEST_STEP][PASSED] - click(findTestObject("OCS-DESKTOP/FAQ page/First accordian - add")): Object: 'Object Repository/OCS-DESKTOP/FAQ page/First accordian - add' is clicked on

2019-07-15 14:13:07 - [MESSAGE][PASSED] - Object: 'Object Repository/OCS-DESKTOP/FAQ page/First accordian - add' is clicked on

2019-07-15 14:13:07 - [TEST_STEP][PASSED] - delay(1): Delayed 1 second(s)

2019-07-15 14:13:08 - [MESSAGE][PASSED] - Delayed 1 second(s)

2019-07-15 14:13:08 - [TEST_STEP][PASSED] - click(findTestObject("OCS-DESKTOP/FAQ page/First accordian - Subtract")): Object: 'Object Repository/OCS-DESKTOP/FAQ page/First accordian - Subtract' is clicked on

2019-07-15 14:13:08 - [MESSAGE][PASSED] - Object: 'Object Repository/OCS-DESKTOP/FAQ page/First accordian - Subtract' is clicked on

2019-07-15 14:13:08 - [TEST_STEP][PASSED] - delay(1): Delayed 1 second(s)

2019-07-15 14:13:09 - [MESSAGE][PASSED] - Delayed 1 second(s)

2019-07-15 14:13:09 - [TEST_STEP][PASSED] - click(findTestObject("OCS-DESKTOP/FAQ page/Second accordian- add")): Object: 'Object Repository/OCS-DESKTOP/FAQ page/Second accordian- add' is clicked on

2019-07-15 14:13:09 - [MESSAGE][PASSED] - Object: 'Object Repository/OCS-DESKTOP/FAQ page/Second accordian- add' is clicked on

2019-07-15 14:13:09 - [TEST_STEP][PASSED] - delay(1): Delayed 1 second(s)

2019-07-15 14:13:10 - [MESSAGE][PASSED] - Delayed 1 second(s)

2019-07-15 14:13:10 - [TEST_STEP][PASSED] - click(findTestObject("OCS-DESKTOP/FAQ page/Second accordian - subtract")): Object: 'Object Repository/OCS-DESKTOP/FAQ page/Second accordian - subtract' is clicked on

2019-07-15 14:13:10 - [MESSAGE][PASSED] - Object: 'Object Repository/OCS-DESKTOP/FAQ page/Second accordian - subtract' is clicked on

2019-07-15 14:13:10 - [TEST_STEP][PASSED] - delay(1): Delayed 1 second(s)

2019-07-15 14:13:11 - [MESSAGE][PASSED] - Delayed 1 second(s)

2019-07-15 14:13:11 - [TEST_STEP][PASSED] - click(findTestObject("OCS-DESKTOP/FAQ page/Load more1")): Object: 'Object Repository/OCS-DESKTOP/FAQ page/Load more1' is clicked on

2019-07-15 14:13:11 - [MESSAGE][PASSED] - Object: 'Object Repository/OCS-DESKTOP/FAQ page/Load more1' is clicked on

2019-07-15 14:13:11 - [TEST_STEP][PASSED] - delay(1): Delayed 1 second(s)

2019-07-15 14:13:12 - [MESSAGE][PASSED] - Delayed 1 second(s)

2019-07-15 14:13:12 - [TEST_STEP][PASSED] - click(findTestObject("OCS-DESKTOP/FAQ page/Loadmore2")): Object: 'Object Repository/OCS-DESKTOP/FAQ page/Loadmore2' is clicked on

2019-07-15 14:13:12 - [MESSAGE][PASSED] - Object: 'Object Repository/OCS-DESKTOP/FAQ page/Loadmore2' is clicked on

2019-07-15 14:13:12 - [TEST_STEP][PASSED] - delay(1): Delayed 1 second(s)

2019-07-15 14:13:13 - [MESSAGE][PASSED] - Delayed 1 second(s)

2019-07-15 14:13:13 - [TEST_STEP][PASSED] - click(findTestObject("OCS-DESKTOP/FAQ page/Loadmore3")): Object: 'Object Repository/OCS-DESKTOP/FAQ page/Loadmore3' is clicked on

2019-07-15 14:13:14 - [MESSAGE][PASSED] - Object: 'Object Repository/OCS-DESKTOP/FAQ page/Loadmore3' is clicked on

2019-07-15 14:13:14 - [TEST_STEP][PASSED] - delay(1): Delayed 1 second(s)

2019-07-15 14:13:15 - [MESSAGE][PASSED] - Delayed 1 second(s)

2019-07-15 14:13:15 - [TEST_STEP][PASSED] - click(findTestObject("OCS-DESKTOP/FAQ page/Learn about cannabis")): Object: 'Object Repository/OCS-DESKTOP/FAQ page/Learn about cannabis' is clicked on

2019-07-15 14:13:17 - [MESSAGE][PASSED] - Object: 'Object Repository/OCS-DESKTOP/FAQ page/Learn about cannabis' is clicked on

2019-07-15 14:13:17 - [TEST_STEP][PASSED] - delay(1, OPTIONAL): Delayed 1 second(s)

2019-07-15 14:13:18 - [MESSAGE][PASSED] - Delayed 1 second(s)

2019-07-15 14:13:18 - [TEST_STEP][PASSED] - executeJavaScript("var previewBar = document.getElementById("preview-bar-iframe"); previewBar.style.display = "none";", []): Execute JavaScript 'var previewBar = document.getElementById("preview-bar-iframe"); previewBar.style.display = "none";' successfully

2019-07-15 14:13:18 - [MESSAGE][PASSED] - Execute JavaScript 'var previewBar = document.getElementById("preview-bar-iframe"); previewBar.style.display = "none";' successfully

2019-07-15 14:13:18 - [TEST_STEP][PASSED] - click(findTestObject("OCS-DESKTOP/Age gate and Mega menu/Header/FAQ menu - En")): Object: 'Object Repository/OCS-DESKTOP/Age gate and Mega menu/Header/FAQ menu - En' is clicked on

2019-07-15 14:13:22 - [MESSAGE][PASSED] - Object: 'Object Repository/OCS-DESKTOP/Age gate and Mega menu/Header/FAQ menu - En' is clicked on

2019-07-15 14:13:22 - [TEST_STEP][PASSED] - executeJavaScript("var previewBar = document.getElementById("preview-bar-iframe"); previewBar.style.display = "none";", []): Execute JavaScript 'var previewBar = document.getElementById("preview-bar-iframe"); previewBar.style.display = "none";' successfully

2019-07-15 14:13:22 - [MESSAGE][PASSED] - Execute JavaScript 'var previewBar = document.getElementById("preview-bar-iframe"); previewBar.style.display = "none";' successfully

2019-07-15 14:13:22 - [TEST_STEP][PASSED] - click(findTestObject("OCS-DESKTOP/FAQ page/Loadmore4")): Object: 'Object Repository/OCS-DESKTOP/FAQ page/Loadmore4' is clicked on

2019-07-15 14:13:23 - [MESSAGE][PASSED] - Object: 'Object Repository/OCS-DESKTOP/FAQ page/Loadmore4' is clicked on

2019-07-15 14:13:23 - [TEST_STEP][PASSED] - delay(1, OPTIONAL): Delayed 1 second(s)

2019-07-15 14:13:24 - [MESSAGE][PASSED] - Delayed 1 second(s)

2019-07-15 14:13:24 - [TEST_STEP][PASSED] - click(findTestObject("OCS-DESKTOP/FAQ page/Learn about OCS")): Object: 'Object Repository/OCS-DESKTOP/FAQ page/Learn about OCS' is clicked on

2019-07-15 14:13:27 - [MESSAGE][PASSED] - Object: 'Object Repository/OCS-DESKTOP/FAQ page/Learn about OCS' is clicked on

2019-07-15 14:13:27 - [TEST_STEP][PASSED] - back(): Navigate back successfully

2019-07-15 14:13:29 - [MESSAGE][PASSED] - Navigate back successfully

2019-07-15 14:13:29 - [TEST_STEP][PASSED] - delay(1, OPTIONAL): Delayed 1 second(s)

2019-07-15 14:13:30 - [MESSAGE][PASSED] - Delayed 1 second(s)

2019-07-15 14:13:30 - [TEST_STEP][PASSED] - executeJavaScript("var previewBar = document.getElementById("preview-bar-iframe"); previewBar.style.display = "none";", []): Execute JavaScript 'var previewBar = document.getElementById("preview-bar-iframe"); previewBar.style.display = "none";' successfully

2019-07-15 14:13:30 - [MESSAGE][PASSED] - Execute JavaScript 'var previewBar = document.getElementById("preview-bar-iframe"); previewBar.style.display = "none";' successfully

2019-07-15 14:13:30 - [TEST_STEP][PASSED] - click(findTestObject("OCS-DESKTOP/FAQ page/Choose cannabis products")): Object: 'Object Repository/OCS-DESKTOP/FAQ page/Choose cannabis products' is clicked on

2019-07-15 14:13:33 - [MESSAGE][PASSED] - Object: 'Object Repository/OCS-DESKTOP/FAQ page/Choose cannabis products' is clicked on

2019-07-15 14:13:33 - [TEST_STEP][PASSED] - back(): Navigate back successfully

2019-07-15 14:13:35 - [MESSAGE][PASSED] - Navigate back successfully]]></system-out>
         <system-err><![CDATA[]]></system-err>
      </testcase>
      <testcase name="Test Cases/OCS - DESKTOP/OCS- HOME PAGE/HP- Burger menu- Learn" classname="Test Cases/OCS - DESKTOP/OCS- HOME PAGE/HP- Burger menu- Learn" status="FAILED">
         <failure type="FAILED" message="Test Cases/OCS - DESKTOP/OCS- HOME PAGE/HP- Burger menu- Learn FAILED.
Reason:
com.kms.katalon.core.exception.StepFailedException: Unable to click on object 'Object Repository/OCS-DESKTOP/Age gate and Mega menu/Header/LEARN menu - En' (Root cause: org.openqa.selenium.ElementNotVisibleException: element not interactable
  (Session info: chrome=75.0.3770.100)
  (Driver info: chromedriver=2.43.600229 (3fae4d0cda5334b4f533bede5a4787f7b832d052),platform=Mac OS X 10.13.6 x86_64) (WARNING: The server did not provide any stacktrace information)
Command duration or timeout: 0 milliseconds
Build info: version: '3.7.1', revision: '8a0099a', time: '2017-11-06T21:07:36.161Z'
System info: host: 'sumans-MacBook-Pro.local', ip: 'fe80:0:0:0:143c:9c68:90ad:a50%en0', os.name: 'Mac OS X', os.arch: 'x86_64', os.version: '10.13.6', java.version: '1.8.0_181'
Driver info: com.kms.katalon.selenium.driver.CChromeDriver
Capabilities {acceptInsecureCerts: false, acceptSslCerts: false, applicationCacheEnabled: false, browserConnectionEnabled: false, browserName: chrome, chrome: {chromedriverVersion: 2.43.600229 (3fae4d0cda5334..., userDataDir: /var/folders/1t/c55l8xzs6gq...}, cssSelectorsEnabled: true, databaseEnabled: false, goog:chromeOptions: {debuggerAddress: localhost:58215}, handlesAlerts: true, hasTouchScreen: false, javascriptEnabled: true, locationContextEnabled: true, mobileEmulationEnabled: false, nativeEvents: true, networkConnectionEnabled: false, pageLoadStrategy: normal, platform: MAC, platformName: MAC, rotatable: false, setWindowRect: true, takesHeapSnapshot: true, takesScreenshot: true, unexpectedAlertBehaviour: , unhandledPromptBehavior: , version: 75.0.3770.100, webStorageEnabled: true}
Session ID: f276c2d8e7af5cbb7a4e8eeb23f7e8e9)
	at com.kms.katalon.core.keyword.internal.KeywordMain.stepFailed(KeywordMain.groovy:32)
	at com.kms.katalon.core.webui.keyword.internal.WebUIKeywordMain.stepFailed(WebUIKeywordMain.groovy:65)
	at com.kms.katalon.core.webui.keyword.internal.WebUIKeywordMain.runKeyword(WebUIKeywordMain.groovy:27)
	at com.kms.katalon.core.webui.keyword.builtin.ClickKeyword.click(ClickKeyword.groovy:86)
	at com.kms.katalon.core.webui.keyword.builtin.ClickKeyword.execute(ClickKeyword.groovy:67)
	at com.kms.katalon.core.keyword.internal.KeywordExecutor.executeKeywordForPlatform(KeywordExecutor.groovy:53)
	at com.kms.katalon.core.webui.keyword.WebUiBuiltInKeywords.click(WebUiBuiltInKeywords.groovy:604)
	at com.kms.katalon.core.webui.keyword.WebUiBuiltInKeywords$click$6.call(Unknown Source)
	at HP- Burger menu- Learn.run(HP- Burger menu- Learn:283)
	at com.kms.katalon.core.main.ScriptEngine.run(ScriptEngine.java:194)
	at com.kms.katalon.core.main.ScriptEngine.runScriptAsRawText(ScriptEngine.java:119)
	at com.kms.katalon.core.main.TestCaseExecutor.runScript(TestCaseExecutor.java:328)
	at com.kms.katalon.core.main.TestCaseExecutor.doExecute(TestCaseExecutor.java:319)
	at com.kms.katalon.core.main.TestCaseExecutor.processExecutionPhase(TestCaseExecutor.java:298)
	at com.kms.katalon.core.main.TestCaseExecutor.accessMainPhase(TestCaseExecutor.java:290)
	at com.kms.katalon.core.main.TestCaseExecutor.execute(TestCaseExecutor.java:224)
	at com.kms.katalon.core.main.TestSuiteExecutor.accessTestCaseMainPhase(TestSuiteExecutor.java:129)
	at com.kms.katalon.core.main.TestSuiteExecutor.accessTestSuiteMainPhase(TestSuiteExecutor.java:112)
	at com.kms.katalon.core.main.TestSuiteExecutor.execute(TestSuiteExecutor.java:81)
	at com.kms.katalon.core.main.TestCaseMain.startTestSuite(TestCaseMain.java:149)
	at com.kms.katalon.core.main.TestCaseMain$startTestSuite$0.call(Unknown Source)
	at TempTestSuite1563212133201.run(TempTestSuite1563212133201.groovy:36)
"/>
         <system-out><![CDATA[2019-07-15 14:13:35 - [TEST_CASE][FAILED] - Test Cases/OCS - DESKTOP/OCS- HOME PAGE/HP- Burger menu- Learn: Test Cases/OCS - DESKTOP/OCS- HOME PAGE/HP- Burger menu- Learn FAILED.
Reason:
com.kms.katalon.core.exception.StepFailedException: Unable to click on object 'Object Repository/OCS-DESKTOP/Age gate and Mega menu/Header/LEARN menu - En' (Root cause: org.openqa.selenium.ElementNotVisibleException: element not interactable
  (Session info: chrome=75.0.3770.100)
  (Driver info: chromedriver=2.43.600229 (3fae4d0cda5334b4f533bede5a4787f7b832d052),platform=Mac OS X 10.13.6 x86_64) (WARNING: The server did not provide any stacktrace information)
Command duration or timeout: 0 milliseconds
Build info: version: '3.7.1', revision: '8a0099a', time: '2017-11-06T21:07:36.161Z'
System info: host: 'sumans-MacBook-Pro.local', ip: 'fe80:0:0:0:143c:9c68:90ad:a50%en0', os.name: 'Mac OS X', os.arch: 'x86_64', os.version: '10.13.6', java.version: '1.8.0_181'
Driver info: com.kms.katalon.selenium.driver.CChromeDriver
Capabilities {acceptInsecureCerts: false, acceptSslCerts: false, applicationCacheEnabled: false, browserConnectionEnabled: false, browserName: chrome, chrome: {chromedriverVersion: 2.43.600229 (3fae4d0cda5334..., userDataDir: /var/folders/1t/c55l8xzs6gq...}, cssSelectorsEnabled: true, databaseEnabled: false, goog:chromeOptions: {debuggerAddress: localhost:58215}, handlesAlerts: true, hasTouchScreen: false, javascriptEnabled: true, locationContextEnabled: true, mobileEmulationEnabled: false, nativeEvents: true, networkConnectionEnabled: false, pageLoadStrategy: normal, platform: MAC, platformName: MAC, rotatable: false, setWindowRect: true, takesHeapSnapshot: true, takesScreenshot: true, unexpectedAlertBehaviour: , unhandledPromptBehavior: , version: 75.0.3770.100, webStorageEnabled: true}
Session ID: f276c2d8e7af5cbb7a4e8eeb23f7e8e9)
	at com.kms.katalon.core.keyword.internal.KeywordMain.stepFailed(KeywordMain.groovy:32)
	at com.kms.katalon.core.webui.keyword.internal.WebUIKeywordMain.stepFailed(WebUIKeywordMain.groovy:65)
	at com.kms.katalon.core.webui.keyword.internal.WebUIKeywordMain.runKeyword(WebUIKeywordMain.groovy:27)
	at com.kms.katalon.core.webui.keyword.builtin.ClickKeyword.click(ClickKeyword.groovy:86)
	at com.kms.katalon.core.webui.keyword.builtin.ClickKeyword.execute(ClickKeyword.groovy:67)
	at com.kms.katalon.core.keyword.internal.KeywordExecutor.executeKeywordForPlatform(KeywordExecutor.groovy:53)
	at com.kms.katalon.core.webui.keyword.WebUiBuiltInKeywords.click(WebUiBuiltInKeywords.groovy:604)
	at com.kms.katalon.core.webui.keyword.WebUiBuiltInKeywords$click$6.call(Unknown Source)
	at HP- Burger menu- Learn.run(HP- Burger menu- Learn:283)
	at com.kms.katalon.core.main.ScriptEngine.run(ScriptEngine.java:194)
	at com.kms.katalon.core.main.ScriptEngine.runScriptAsRawText(ScriptEngine.java:119)
	at com.kms.katalon.core.main.TestCaseExecutor.runScript(TestCaseExecutor.java:328)
	at com.kms.katalon.core.main.TestCaseExecutor.doExecute(TestCaseExecutor.java:319)
	at com.kms.katalon.core.main.TestCaseExecutor.processExecutionPhase(TestCaseExecutor.java:298)
	at com.kms.katalon.core.main.TestCaseExecutor.accessMainPhase(TestCaseExecutor.java:290)
	at com.kms.katalon.core.main.TestCaseExecutor.execute(TestCaseExecutor.java:224)
	at com.kms.katalon.core.main.TestSuiteExecutor.accessTestCaseMainPhase(TestSuiteExecutor.java:129)
	at com.kms.katalon.core.main.TestSuiteExecutor.accessTestSuiteMainPhase(TestSuiteExecutor.java:112)
	at com.kms.katalon.core.main.TestSuiteExecutor.execute(TestSuiteExecutor.java:81)
	at com.kms.katalon.core.main.TestCaseMain.startTestSuite(TestCaseMain.java:149)
	at com.kms.katalon.core.main.TestCaseMain$startTestSuite$0.call(Unknown Source)
	at TempTestSuite1563212133201.run(TempTestSuite1563212133201.groovy:36)


2019-07-15 14:13:35 - [TEST_STEP][PASSED] - callTestCase(findTestCase("OCS - DESKTOP/CALL- Age gate"), [:], STOP_ON_FAILURE): Call Test Case 'Test Cases/OCS - DESKTOP/CALL- Age gate' successfully

2019-07-15 14:13:35 - [TEST_CASE][PASSED] - Test Cases/OCS - DESKTOP/CALL- Age gate: Test Cases/OCS - DESKTOP/CALL- Age gate

2019-07-15 14:13:35 - [TEST_STEP][PASSED] - openBrowser(""): Browser is opened with url: ''

2019-07-15 14:13:35 - [MESSAGE][WARNING] - A browser is already opened. Closing browser and opening a new one

2019-07-15 14:13:35 - [MESSAGE][INFO] - Starting 'Chrome' driver

2019-07-15 14:13:39 - [MESSAGE][PASSED] - Browser is opened with url: ''

2019-07-15 14:13:39 - [TEST_STEP][PASSED] - navigateToUrl("https://ocs.ca/?fts=0&preview_theme_id=74205529932"): Navigate to 'https://ocs.ca/?fts=0&preview_theme_id=74205529932' successfully

2019-07-15 14:13:42 - [MESSAGE][PASSED] - Navigate to 'https://ocs.ca/?fts=0&preview_theme_id=74205529932' successfully

2019-07-15 14:13:42 - [TEST_STEP][PASSED] - maximizeWindow(): Current window maximized

2019-07-15 14:13:42 - [MESSAGE][PASSED] - Current window maximized

2019-07-15 14:13:42 - [TEST_STEP][PASSED] - delay(2): Delayed 2 second(s)

2019-07-15 14:13:44 - [MESSAGE][PASSED] - Delayed 2 second(s)

2019-07-15 14:13:44 - [TEST_STEP][PASSED] - executeJavaScript("var previewBar = document.getElementById("preview-bar-iframe"); previewBar.style.display = "none";", []): Execute JavaScript 'var previewBar = document.getElementById("preview-bar-iframe"); previewBar.style.display = "none";' successfully

2019-07-15 14:13:44 - [MESSAGE][PASSED] - Execute JavaScript 'var previewBar = document.getElementById("preview-bar-iframe"); previewBar.style.display = "none";' successfully

2019-07-15 14:13:44 - [TEST_STEP][PASSED] - selectOptionByValue(findTestObject("OCS-DESKTOP/Age gate and Mega menu/Date"), "12", true): All options with value '12' are selected in object 'Object Repository/OCS-DESKTOP/Age gate and Mega menu/Date'  using regular expression

2019-07-15 14:13:45 - [MESSAGE][PASSED] - All options with value '12' are selected in object 'Object Repository/OCS-DESKTOP/Age gate and Mega menu/Date'  using regular expression

2019-07-15 14:13:45 - [TEST_STEP][PASSED] - selectOptionByValue(findTestObject("OCS-DESKTOP/Age gate and Mega menu/month"), "6", true): All options with value '6' are selected in object 'Object Repository/OCS-DESKTOP/Age gate and Mega menu/month'  using regular expression

2019-07-15 14:13:45 - [MESSAGE][PASSED] - All options with value '6' are selected in object 'Object Repository/OCS-DESKTOP/Age gate and Mega menu/month'  using regular expression

2019-07-15 14:13:45 - [TEST_STEP][PASSED] - delay(2): Delayed 2 second(s)

2019-07-15 14:13:47 - [MESSAGE][PASSED] - Delayed 2 second(s)

2019-07-15 14:13:47 - [TEST_STEP][PASSED] - selectOptionByValue(findTestObject("OCS-DESKTOP/Age gate and Mega menu/Year Dropdown"), "1990", true): All options with value '1990' are selected in object 'Object Repository/OCS-DESKTOP/Age gate and Mega menu/Year Dropdown'  using regular expression

2019-07-15 14:13:48 - [MESSAGE][PASSED] - All options with value '1990' are selected in object 'Object Repository/OCS-DESKTOP/Age gate and Mega menu/Year Dropdown'  using regular expression

2019-07-15 14:13:48 - [TEST_STEP][PASSED] - click(findTestObject("OCS-DESKTOP/Age gate and Mega menu/button_Verify")): Object: 'Object Repository/OCS-DESKTOP/Age gate and Mega menu/button_Verify' is clicked on

2019-07-15 14:13:48 - [MESSAGE][PASSED] - Object: 'Object Repository/OCS-DESKTOP/Age gate and Mega menu/button_Verify' is clicked on

2019-07-15 14:13:48 - [TEST_STEP][PASSED] - click(findTestObject("OCS-DESKTOP/Age gate and Mega menu/Checkbox_CONFIRM AND ACKNOWLEDGE")): Object: 'Object Repository/OCS-DESKTOP/Age gate and Mega menu/Checkbox_CONFIRM AND ACKNOWLEDGE' is clicked on

2019-07-15 14:13:48 - [MESSAGE][PASSED] - Object: 'Object Repository/OCS-DESKTOP/Age gate and Mega menu/Checkbox_CONFIRM AND ACKNOWLEDGE' is clicked on

2019-07-15 14:13:48 - [TEST_STEP][PASSED] - click(findTestObject("OCS-DESKTOP/Age gate and Mega menu/button_CONFIRM")): Object: 'Object Repository/OCS-DESKTOP/Age gate and Mega menu/button_CONFIRM' is clicked on

2019-07-15 14:13:48 - [MESSAGE][PASSED] - Object: 'Object Repository/OCS-DESKTOP/Age gate and Mega menu/button_CONFIRM' is clicked on

2019-07-15 14:13:48 - [TEST_STEP][PASSED] - click(findTestObject("OCS-DESKTOP/Age gate and Mega menu/button_Start Browsing")): Object: 'Object Repository/OCS-DESKTOP/Age gate and Mega menu/button_Start Browsing' is clicked on

2019-07-15 14:13:49 - [MESSAGE][PASSED] - Object: 'Object Repository/OCS-DESKTOP/Age gate and Mega menu/button_Start Browsing' is clicked on

2019-07-15 14:13:49 - [TEST_STEP][PASSED] - delay(2): Delayed 2 second(s)

2019-07-15 14:13:51 - [MESSAGE][PASSED] - Delayed 2 second(s)

2019-07-15 14:13:51 - [TEST_STEP][PASSED] - refresh(): Refresh successfully

2019-07-15 14:13:51 - [MESSAGE][PASSED] - Refresh successfully

2019-07-15 14:13:51 - [MESSAGE][PASSED] - Call Test Case 'Test Cases/OCS - DESKTOP/CALL- Age gate' successfully

2019-07-15 14:13:51 - [TEST_STEP][PASSED] - delay(2, CONTINUE_ON_FAILURE): Delayed 2 second(s)

2019-07-15 14:13:53 - [MESSAGE][PASSED] - Delayed 2 second(s)

2019-07-15 14:13:53 - [TEST_STEP][PASSED] - click(findTestObject("OCS-DESKTOP/Age gate and Mega menu/Header/LEARN menu - En")): Object: 'Object Repository/OCS-DESKTOP/Age gate and Mega menu/Header/LEARN menu - En' is clicked on

2019-07-15 14:13:54 - [MESSAGE][PASSED] - Object: 'Object Repository/OCS-DESKTOP/Age gate and Mega menu/Header/LEARN menu - En' is clicked on

2019-07-15 14:13:54 - [TEST_STEP][PASSED] - delay(2): Delayed 2 second(s)

2019-07-15 14:13:56 - [MESSAGE][PASSED] - Delayed 2 second(s)

2019-07-15 14:13:56 - [TEST_STEP][PASSED] - click(findTestObject("OCS-DESKTOP/LEARN page/How cannabis works")): Object: 'Object Repository/OCS-DESKTOP/LEARN page/How cannabis works' is clicked on

2019-07-15 14:13:59 - [MESSAGE][PASSED] - Object: 'Object Repository/OCS-DESKTOP/LEARN page/How cannabis works' is clicked on

2019-07-15 14:13:59 - [TEST_STEP][PASSED] - delay(2, CONTINUE_ON_FAILURE): Delayed 2 second(s)

2019-07-15 14:14:01 - [MESSAGE][PASSED] - Delayed 2 second(s)

2019-07-15 14:14:01 - [TEST_STEP][PASSED] - click(findTestObject("OCS-DESKTOP/Age gate and Mega menu/Header/LEARN menu - En")): Object: 'Object Repository/OCS-DESKTOP/Age gate and Mega menu/Header/LEARN menu - En' is clicked on

2019-07-15 14:14:01 - [MESSAGE][PASSED] - Object: 'Object Repository/OCS-DESKTOP/Age gate and Mega menu/Header/LEARN menu - En' is clicked on

2019-07-15 14:14:01 - [TEST_STEP][PASSED] - delay(2, CONTINUE_ON_FAILURE): Delayed 2 second(s)

2019-07-15 14:14:03 - [MESSAGE][PASSED] - Delayed 2 second(s)

2019-07-15 14:14:03 - [TEST_STEP][PASSED] - click(findTestObject("OCS-DESKTOP/LEARN page/The Effects of Cannabis")): Object: 'Object Repository/OCS-DESKTOP/LEARN page/The Effects of Cannabis' is clicked on

2019-07-15 14:14:06 - [MESSAGE][PASSED] - Object: 'Object Repository/OCS-DESKTOP/LEARN page/The Effects of Cannabis' is clicked on

2019-07-15 14:14:06 - [TEST_STEP][PASSED] - verifyTextPresent("The Effects of Cannabis", true): Text 'The Effects of Cannabis' is present on page  using regular expression

2019-07-15 14:14:06 - [MESSAGE][PASSED] - Text 'The Effects of Cannabis' is present on page  using regular expression

2019-07-15 14:14:06 - [TEST_STEP][PASSED] - delay(2): Delayed 2 second(s)

2019-07-15 14:14:08 - [MESSAGE][PASSED] - Delayed 2 second(s)

2019-07-15 14:14:08 - [TEST_STEP][PASSED] - click(findTestObject("OCS-DESKTOP/Age gate and Mega menu/Header/LEARN menu - En"), CONTINUE_ON_FAILURE): Object: 'Object Repository/OCS-DESKTOP/Age gate and Mega menu/Header/LEARN menu - En' is clicked on

2019-07-15 14:14:08 - [MESSAGE][PASSED] - Object: 'Object Repository/OCS-DESKTOP/Age gate and Mega menu/Header/LEARN menu - En' is clicked on

2019-07-15 14:14:08 - [TEST_STEP][PASSED] - delay(2, CONTINUE_ON_FAILURE): Delayed 2 second(s)

2019-07-15 14:14:10 - [MESSAGE][PASSED] - Delayed 2 second(s)

2019-07-15 14:14:10 - [TEST_STEP][PASSED] - click(findTestObject("OCS-DESKTOP/LEARN page/Endocannabinoids chevron")): Object: 'Object Repository/OCS-DESKTOP/LEARN page/Endocannabinoids chevron' is clicked on

2019-07-15 14:14:13 - [MESSAGE][PASSED] - Object: 'Object Repository/OCS-DESKTOP/LEARN page/Endocannabinoids chevron' is clicked on

2019-07-15 14:14:13 - [TEST_STEP][PASSED] - verifyTextPresent("The Endocannabinoid System", true): Text 'The Endocannabinoid System' is present on page  using regular expression

2019-07-15 14:14:13 - [MESSAGE][PASSED] - Text 'The Endocannabinoid System' is present on page  using regular expression

2019-07-15 14:14:13 - [TEST_STEP][PASSED] - delay(2): Delayed 2 second(s)

2019-07-15 14:14:15 - [MESSAGE][PASSED] - Delayed 2 second(s)

2019-07-15 14:14:15 - [TEST_STEP][PASSED] - click(findTestObject("OCS-DESKTOP/Age gate and Mega menu/Header/LEARN menu - En"), CONTINUE_ON_FAILURE): Object: 'Object Repository/OCS-DESKTOP/Age gate and Mega menu/Header/LEARN menu - En' is clicked on

2019-07-15 14:14:15 - [MESSAGE][PASSED] - Object: 'Object Repository/OCS-DESKTOP/Age gate and Mega menu/Header/LEARN menu - En' is clicked on

2019-07-15 14:14:15 - [TEST_STEP][PASSED] - delay(2, CONTINUE_ON_FAILURE): Delayed 2 second(s)

2019-07-15 14:14:17 - [MESSAGE][PASSED] - Delayed 2 second(s)

2019-07-15 14:14:17 - [TEST_STEP][PASSED] - click(findTestObject("OCS-DESKTOP/LEARN page/Read More -1")): Object: 'Object Repository/OCS-DESKTOP/LEARN page/Read More -1' is clicked on

2019-07-15 14:14:20 - [MESSAGE][PASSED] - Object: 'Object Repository/OCS-DESKTOP/LEARN page/Read More -1' is clicked on

2019-07-15 14:14:20 - [TEST_STEP][PASSED] - verifyTextPresent("The human reaction to cannabis.", false): Text 'The human reaction to cannabis.' is present on page 

2019-07-15 14:14:20 - [MESSAGE][PASSED] - Text 'The human reaction to cannabis.' is present on page 

2019-07-15 14:14:20 - [TEST_STEP][PASSED] - delay(2): Delayed 2 second(s)

2019-07-15 14:14:22 - [MESSAGE][PASSED] - Delayed 2 second(s)

2019-07-15 14:14:22 - [TEST_STEP][PASSED] - click(findTestObject("OCS-DESKTOP/Age gate and Mega menu/Header/LEARN menu - En"), CONTINUE_ON_FAILURE): Object: 'Object Repository/OCS-DESKTOP/Age gate and Mega menu/Header/LEARN menu - En' is clicked on

2019-07-15 14:14:22 - [MESSAGE][PASSED] - Object: 'Object Repository/OCS-DESKTOP/Age gate and Mega menu/Header/LEARN menu - En' is clicked on

2019-07-15 14:14:22 - [TEST_STEP][PASSED] - delay(2): Delayed 2 second(s)

2019-07-15 14:14:24 - [MESSAGE][PASSED] - Delayed 2 second(s)

2019-07-15 14:14:24 - [TEST_STEP][PASSED] - click(findTestObject("OCS-DESKTOP/LEARN page/Cannabis anatomy")): Object: 'Object Repository/OCS-DESKTOP/LEARN page/Cannabis anatomy' is clicked on

2019-07-15 14:14:28 - [MESSAGE][PASSED] - Object: 'Object Repository/OCS-DESKTOP/LEARN page/Cannabis anatomy' is clicked on

2019-07-15 14:14:28 - [TEST_STEP][PASSED] - delay(2): Delayed 2 second(s)

2019-07-15 14:14:30 - [MESSAGE][PASSED] - Delayed 2 second(s)

2019-07-15 14:14:30 - [TEST_STEP][PASSED] - click(findTestObject("OCS-DESKTOP/Age gate and Mega menu/Header/LEARN menu - En"), CONTINUE_ON_FAILURE): Object: 'Object Repository/OCS-DESKTOP/Age gate and Mega menu/Header/LEARN menu - En' is clicked on

2019-07-15 14:14:30 - [MESSAGE][PASSED] - Object: 'Object Repository/OCS-DESKTOP/Age gate and Mega menu/Header/LEARN menu - En' is clicked on

2019-07-15 14:14:30 - [TEST_STEP][PASSED] - delay(2): Delayed 2 second(s)

2019-07-15 14:14:32 - [MESSAGE][PASSED] - Delayed 2 second(s)

2019-07-15 14:14:32 - [TEST_STEP][PASSED] - click(findTestObject("OCS-DESKTOP/LEARN page/CBD")): Object: 'Object Repository/OCS-DESKTOP/LEARN page/CBD' is clicked on

2019-07-15 14:14:35 - [MESSAGE][PASSED] - Object: 'Object Repository/OCS-DESKTOP/LEARN page/CBD' is clicked on

2019-07-15 14:14:35 - [TEST_STEP][PASSED] - delay(2): Delayed 2 second(s)

2019-07-15 14:14:37 - [MESSAGE][PASSED] - Delayed 2 second(s)

2019-07-15 14:14:37 - [TEST_STEP][PASSED] - verifyTextPresent("CANNABIS ANATOMY", false, CONTINUE_ON_FAILURE): Text 'CANNABIS ANATOMY' is present on page 

2019-07-15 14:14:38 - [MESSAGE][PASSED] - Text 'CANNABIS ANATOMY' is present on page 

2019-07-15 14:14:38 - [TEST_STEP][PASSED] - delay(2): Delayed 2 second(s)

2019-07-15 14:14:40 - [MESSAGE][PASSED] - Delayed 2 second(s)

2019-07-15 14:14:40 - [TEST_STEP][PASSED] - click(findTestObject("OCS-DESKTOP/Age gate and Mega menu/Header/LEARN menu - En"), CONTINUE_ON_FAILURE): Object: 'Object Repository/OCS-DESKTOP/Age gate and Mega menu/Header/LEARN menu - En' is clicked on

2019-07-15 14:14:40 - [MESSAGE][PASSED] - Object: 'Object Repository/OCS-DESKTOP/Age gate and Mega menu/Header/LEARN menu - En' is clicked on

2019-07-15 14:14:40 - [TEST_STEP][PASSED] - delay(2, CONTINUE_ON_FAILURE): Delayed 2 second(s)

2019-07-15 14:14:42 - [MESSAGE][PASSED] - Delayed 2 second(s)

2019-07-15 14:14:42 - [TEST_STEP][PASSED] - click(findTestObject("OCS-DESKTOP/LEARN page/Terpenes")): Object: 'Object Repository/OCS-DESKTOP/LEARN page/Terpenes' is clicked on

2019-07-15 14:14:45 - [MESSAGE][PASSED] - Object: 'Object Repository/OCS-DESKTOP/LEARN page/Terpenes' is clicked on

2019-07-15 14:14:45 - [TEST_STEP][NOT_RUN] - click(findTestObject("Learn_spy/Page_Ontario Cannabis Store  Ontari/h3_Learn")): NOT_RUN: click(findTestObject("Learn_spy/Page_Ontario Cannabis Store  Ontari/h3_Learn"))

2019-07-15 14:14:45 - [MESSAGE][NOT_RUN] - NOT_RUN: click(findTestObject("Learn_spy/Page_Ontario Cannabis Store  Ontari/h3_Learn"))

2019-07-15 14:14:45 - [TEST_STEP][NOT_RUN] - click(findTestObject("Object Repository/Learn_OR/Page_The Effects of Cannabis  Ontar/a_Read More")): NOT_RUN: click(findTestObject("Object Repository/Learn_OR/Page_The Effects of Cannabis  Ontar/a_Read More"))

2019-07-15 14:14:45 - [MESSAGE][NOT_RUN] - NOT_RUN: click(findTestObject("Object Repository/Learn_OR/Page_The Effects of Cannabis  Ontar/a_Read More"))

2019-07-15 14:14:45 - [TEST_STEP][PASSED] - verifyTextPresent("Terpenes give cannabis strains their unique aromas.", true): Text 'Terpenes give cannabis strains their unique aromas.' is present on page  using regular expression

2019-07-15 14:14:45 - [MESSAGE][PASSED] - Text 'Terpenes give cannabis strains their unique aromas.' is present on page  using regular expression

2019-07-15 14:14:45 - [TEST_STEP][NOT_RUN] - click(findTestObject("Learn_spy/Page_Ontario Cannabis Store  Ontari/h3_Learn")): NOT_RUN: click(findTestObject("Learn_spy/Page_Ontario Cannabis Store  Ontari/h3_Learn"))

2019-07-15 14:14:45 - [MESSAGE][NOT_RUN] - NOT_RUN: click(findTestObject("Learn_spy/Page_Ontario Cannabis Store  Ontari/h3_Learn"))

2019-07-15 14:14:45 - [TEST_STEP][NOT_RUN] - click(findTestObject("Object Repository/Learn_OR/Page_How Cannabis Works  Ontario Ca/span_Cannabis Anatomy")): NOT_RUN: click(findTestObject("Object Repository/Learn_OR/Page_How Cannabis Works  Ontario Ca/span_Cannabis Anatomy"))

2019-07-15 14:14:45 - [MESSAGE][NOT_RUN] - NOT_RUN: click(findTestObject("Object Repository/Learn_OR/Page_How Cannabis Works  Ontario Ca/span_Cannabis Anatomy"))

2019-07-15 14:14:45 - [TEST_STEP][NOT_RUN] - click(findTestObject("Learn_spy/Page_Ontario Cannabis Store  Ontari/h3_Learn")): NOT_RUN: click(findTestObject("Learn_spy/Page_Ontario Cannabis Store  Ontari/h3_Learn"))

2019-07-15 14:14:45 - [MESSAGE][NOT_RUN] - NOT_RUN: click(findTestObject("Learn_spy/Page_Ontario Cannabis Store  Ontari/h3_Learn"))

2019-07-15 14:14:45 - [TEST_STEP][NOT_RUN] - verifyTextPresent("Terpenes give cannabis strains their unique aromas.", true): NOT_RUN: verifyTextPresent("Terpenes give cannabis strains their unique aromas.", true)

2019-07-15 14:14:45 - [MESSAGE][NOT_RUN] - NOT_RUN: verifyTextPresent("Terpenes give cannabis strains their unique aromas.", true)

2019-07-15 14:14:45 - [TEST_STEP][PASSED] - delay(2): Delayed 2 second(s)

2019-07-15 14:14:47 - [MESSAGE][PASSED] - Delayed 2 second(s)

2019-07-15 14:14:47 - [TEST_STEP][PASSED] - click(findTestObject("OCS-DESKTOP/Age gate and Mega menu/Header/LEARN menu - En"), CONTINUE_ON_FAILURE): Object: 'Object Repository/OCS-DESKTOP/Age gate and Mega menu/Header/LEARN menu - En' is clicked on

2019-07-15 14:14:47 - [MESSAGE][PASSED] - Object: 'Object Repository/OCS-DESKTOP/Age gate and Mega menu/Header/LEARN menu - En' is clicked on

2019-07-15 14:14:47 - [TEST_STEP][PASSED] - delay(1): Delayed 1 second(s)

2019-07-15 14:14:48 - [MESSAGE][PASSED] - Delayed 1 second(s)

2019-07-15 14:14:48 - [TEST_STEP][PASSED] - click(findTestObject("OCS-DESKTOP/LEARN page/THC")): Object: 'Object Repository/OCS-DESKTOP/LEARN page/THC' is clicked on

2019-07-15 14:14:51 - [MESSAGE][PASSED] - Object: 'Object Repository/OCS-DESKTOP/LEARN page/THC' is clicked on

2019-07-15 14:14:51 - [TEST_STEP][PASSED] - verifyTextPresent("THC is the component in cannabis that is primarily responsible for its intoxicating, psychoactive effects.", true): Text 'THC is the component in cannabis that is primarily responsible for its intoxicating, psychoactive effects.' is present on page  using regular expression

2019-07-15 14:14:51 - [MESSAGE][PASSED] - Text 'THC is the component in cannabis that is primarily responsible for its intoxicating, psychoactive effects.' is present on page  using regular expression

2019-07-15 14:14:51 - [TEST_STEP][PASSED] - delay(2): Delayed 2 second(s)

2019-07-15 14:14:53 - [MESSAGE][PASSED] - Delayed 2 second(s)

2019-07-15 14:14:53 - [TEST_STEP][PASSED] - click(findTestObject("OCS-DESKTOP/Age gate and Mega menu/Header/LEARN menu - En"), CONTINUE_ON_FAILURE): Object: 'Object Repository/OCS-DESKTOP/Age gate and Mega menu/Header/LEARN menu - En' is clicked on

2019-07-15 14:14:54 - [MESSAGE][PASSED] - Object: 'Object Repository/OCS-DESKTOP/Age gate and Mega menu/Header/LEARN menu - En' is clicked on

2019-07-15 14:14:54 - [TEST_STEP][PASSED] - delay(1): Delayed 1 second(s)

2019-07-15 14:14:55 - [MESSAGE][PASSED] - Delayed 1 second(s)

2019-07-15 14:14:55 - [TEST_STEP][PASSED] - click(findTestObject("OCS-DESKTOP/LEARN page/Read More -2"), STOP_ON_FAILURE): Object: 'Object Repository/OCS-DESKTOP/LEARN page/Read More -2' is clicked on

2019-07-15 14:14:58 - [MESSAGE][PASSED] - Object: 'Object Repository/OCS-DESKTOP/LEARN page/Read More -2' is clicked on

2019-07-15 14:14:58 - [TEST_STEP][PASSED] - delay(2, CONTINUE_ON_FAILURE): Delayed 2 second(s)

2019-07-15 14:15:00 - [MESSAGE][PASSED] - Delayed 2 second(s)

2019-07-15 14:15:00 - [TEST_STEP][PASSED] - verifyTextPresent("The components of a complex plant.", true): Text 'The components of a complex plant.' is present on page  using regular expression

2019-07-15 14:15:00 - [MESSAGE][PASSED] - Text 'The components of a complex plant.' is present on page  using regular expression

2019-07-15 14:15:00 - [TEST_STEP][PASSED] - delay(2): Delayed 2 second(s)

2019-07-15 14:15:02 - [MESSAGE][PASSED] - Delayed 2 second(s)

2019-07-15 14:15:02 - [TEST_STEP][PASSED] - click(findTestObject("OCS-DESKTOP/Age gate and Mega menu/Header/LEARN menu - En"), CONTINUE_ON_FAILURE): Object: 'Object Repository/OCS-DESKTOP/Age gate and Mega menu/Header/LEARN menu - En' is clicked on

2019-07-15 14:15:02 - [MESSAGE][PASSED] - Object: 'Object Repository/OCS-DESKTOP/Age gate and Mega menu/Header/LEARN menu - En' is clicked on

2019-07-15 14:15:02 - [TEST_STEP][PASSED] - delay(2): Delayed 2 second(s)

2019-07-15 14:15:04 - [MESSAGE][PASSED] - Delayed 2 second(s)

2019-07-15 14:15:04 - [TEST_STEP][PASSED] - click(findTestObject("OCS-DESKTOP/LEARN page/Cannabis Consumption")): Object: 'Object Repository/OCS-DESKTOP/LEARN page/Cannabis Consumption' is clicked on

2019-07-15 14:15:09 - [MESSAGE][PASSED] - Object: 'Object Repository/OCS-DESKTOP/LEARN page/Cannabis Consumption' is clicked on

2019-07-15 14:15:09 - [TEST_STEP][PASSED] - delay(1): Delayed 1 second(s)

2019-07-15 14:15:10 - [MESSAGE][PASSED] - Delayed 1 second(s)

2019-07-15 14:15:10 - [TEST_STEP][PASSED] - click(findTestObject("OCS-DESKTOP/Age gate and Mega menu/Header/LEARN menu - En"), CONTINUE_ON_FAILURE): Object: 'Object Repository/OCS-DESKTOP/Age gate and Mega menu/Header/LEARN menu - En' is clicked on

2019-07-15 14:15:10 - [MESSAGE][PASSED] - Object: 'Object Repository/OCS-DESKTOP/Age gate and Mega menu/Header/LEARN menu - En' is clicked on

2019-07-15 14:15:10 - [TEST_STEP][PASSED] - delay(1): Delayed 1 second(s)

2019-07-15 14:15:11 - [MESSAGE][PASSED] - Delayed 1 second(s)

2019-07-15 14:15:11 - [TEST_STEP][PASSED] - click(findTestObject("OCS-DESKTOP/LEARN page/Cooking with cannabis")): Object: 'Object Repository/OCS-DESKTOP/LEARN page/Cooking with cannabis' is clicked on

2019-07-15 14:15:15 - [MESSAGE][PASSED] - Object: 'Object Repository/OCS-DESKTOP/LEARN page/Cooking with cannabis' is clicked on

2019-07-15 14:15:15 - [TEST_STEP][PASSED] - verifyTextPresent("Cannabis-infused foods are becoming more common, and careful preparation is required to avoid overconsumption.", true): Text 'Cannabis-infused foods are becoming more common, and careful preparation is required to avoid overconsumption.' is present on page  using regular expression

2019-07-15 14:15:15 - [MESSAGE][PASSED] - Text 'Cannabis-infused foods are becoming more common, and careful preparation is required to avoid overconsumption.' is present on page  using regular expression

2019-07-15 14:15:15 - [TEST_STEP][PASSED] - delay(2): Delayed 2 second(s)

2019-07-15 14:15:17 - [MESSAGE][PASSED] - Delayed 2 second(s)

2019-07-15 14:15:17 - [TEST_STEP][PASSED] - click(findTestObject("OCS-DESKTOP/Age gate and Mega menu/Header/LEARN menu - En"), CONTINUE_ON_FAILURE): Object: 'Object Repository/OCS-DESKTOP/Age gate and Mega menu/Header/LEARN menu - En' is clicked on

2019-07-15 14:15:17 - [MESSAGE][PASSED] - Object: 'Object Repository/OCS-DESKTOP/Age gate and Mega menu/Header/LEARN menu - En' is clicked on

2019-07-15 14:15:17 - [TEST_STEP][PASSED] - delay(2, CONTINUE_ON_FAILURE): Delayed 2 second(s)

2019-07-15 14:15:19 - [MESSAGE][PASSED] - Delayed 2 second(s)

2019-07-15 14:15:19 - [TEST_STEP][PASSED] - click(findTestObject("OCS-DESKTOP/LEARN page/storing cannabis - chevron")): Object: 'Object Repository/OCS-DESKTOP/LEARN page/storing cannabis - chevron' is clicked on

2019-07-15 14:15:22 - [MESSAGE][PASSED] - Object: 'Object Repository/OCS-DESKTOP/LEARN page/storing cannabis - chevron' is clicked on

2019-07-15 14:15:22 - [TEST_STEP][PASSED] - verifyTextPresent("How to keep your family safe and your cannabis from spoiling.", true): Text 'How to keep your family safe and your cannabis from spoiling.' is present on page  using regular expression

2019-07-15 14:15:22 - [MESSAGE][PASSED] - Text 'How to keep your family safe and your cannabis from spoiling.' is present on page  using regular expression

2019-07-15 14:15:22 - [TEST_STEP][PASSED] - delay(2): Delayed 2 second(s)

2019-07-15 14:15:24 - [MESSAGE][PASSED] - Delayed 2 second(s)

2019-07-15 14:15:24 - [TEST_STEP][PASSED] - click(findTestObject("OCS-DESKTOP/Age gate and Mega menu/Header/LEARN menu - En"), CONTINUE_ON_FAILURE): Object: 'Object Repository/OCS-DESKTOP/Age gate and Mega menu/Header/LEARN menu - En' is clicked on

2019-07-15 14:15:24 - [MESSAGE][PASSED] - Object: 'Object Repository/OCS-DESKTOP/Age gate and Mega menu/Header/LEARN menu - En' is clicked on

2019-07-15 14:15:24 - [TEST_STEP][PASSED] - delay(2, CONTINUE_ON_FAILURE): Delayed 2 second(s)

2019-07-15 14:15:26 - [MESSAGE][PASSED] - Delayed 2 second(s)

2019-07-15 14:15:26 - [TEST_STEP][PASSED] - click(findTestObject("OCS-DESKTOP/LEARN page/Growing cannabis - chevron")): Object: 'Object Repository/OCS-DESKTOP/LEARN page/Growing cannabis - chevron' is clicked on

2019-07-15 14:15:29 - [MESSAGE][PASSED] - Object: 'Object Repository/OCS-DESKTOP/LEARN page/Growing cannabis - chevron' is clicked on

2019-07-15 14:15:29 - [TEST_STEP][PASSED] - verifyTextPresent("It is legal in Ontario to own and grow up to 4 cannabis plants in your own residential dwelling. Get beginner growing tips here.", true): Text 'It is legal in Ontario to own and grow up to 4 cannabis plants in your own residential dwelling. Get beginner growing tips here.' is present on page  using regular expression

2019-07-15 14:15:30 - [MESSAGE][PASSED] - Text 'It is legal in Ontario to own and grow up to 4 cannabis plants in your own residential dwelling. Get beginner growing tips here.' is present on page  using regular expression

2019-07-15 14:15:30 - [TEST_STEP][PASSED] - delay(2): Delayed 2 second(s)

2019-07-15 14:15:32 - [MESSAGE][PASSED] - Delayed 2 second(s)

2019-07-15 14:15:32 - [TEST_STEP][PASSED] - click(findTestObject("OCS-DESKTOP/Age gate and Mega menu/Header/LEARN menu - En"), CONTINUE_ON_FAILURE): Object: 'Object Repository/OCS-DESKTOP/Age gate and Mega menu/Header/LEARN menu - En' is clicked on

2019-07-15 14:15:32 - [MESSAGE][PASSED] - Object: 'Object Repository/OCS-DESKTOP/Age gate and Mega menu/Header/LEARN menu - En' is clicked on

2019-07-15 14:15:32 - [TEST_STEP][PASSED] - delay(2): Delayed 2 second(s)

2019-07-15 14:15:34 - [MESSAGE][PASSED] - Delayed 2 second(s)

2019-07-15 14:15:34 - [TEST_STEP][PASSED] - click(findTestObject("OCS-DESKTOP/LEARN page/Read More -3")): Object: 'Object Repository/OCS-DESKTOP/LEARN page/Read More -3' is clicked on

2019-07-15 14:15:36 - [MESSAGE][PASSED] - Object: 'Object Repository/OCS-DESKTOP/LEARN page/Read More -3' is clicked on

2019-07-15 14:15:36 - [TEST_STEP][PASSED] - delay(2): Delayed 2 second(s)

2019-07-15 14:15:38 - [MESSAGE][PASSED] - Delayed 2 second(s)

2019-07-15 14:15:38 - [TEST_STEP][PASSED] - click(findTestObject("OCS-DESKTOP/Age gate and Mega menu/Header/LEARN menu - En"), CONTINUE_ON_FAILURE): Object: 'Object Repository/OCS-DESKTOP/Age gate and Mega menu/Header/LEARN menu - En' is clicked on

2019-07-15 14:15:38 - [MESSAGE][PASSED] - Object: 'Object Repository/OCS-DESKTOP/Age gate and Mega menu/Header/LEARN menu - En' is clicked on

2019-07-15 14:15:38 - [TEST_STEP][PASSED] - delay(2, CONTINUE_ON_FAILURE): Delayed 2 second(s)

2019-07-15 14:15:40 - [MESSAGE][PASSED] - Delayed 2 second(s)

2019-07-15 14:15:40 - [TEST_STEP][PASSED] - click(findTestObject("OCS-DESKTOP/LEARN page/How to Choose Cannabis Products")): Object: 'Object Repository/OCS-DESKTOP/LEARN page/How to Choose Cannabis Products' is clicked on

2019-07-15 14:15:43 - [MESSAGE][PASSED] - Object: 'Object Repository/OCS-DESKTOP/LEARN page/How to Choose Cannabis Products' is clicked on

2019-07-15 14:15:43 - [TEST_STEP][PASSED] - delay(1): Delayed 1 second(s)

2019-07-15 14:15:44 - [MESSAGE][PASSED] - Delayed 1 second(s)

2019-07-15 14:15:44 - [TEST_STEP][PASSED] - click(findTestObject("OCS-DESKTOP/Age gate and Mega menu/Header/LEARN menu - En"), CONTINUE_ON_FAILURE): Object: 'Object Repository/OCS-DESKTOP/Age gate and Mega menu/Header/LEARN menu - En' is clicked on

2019-07-15 14:15:44 - [MESSAGE][PASSED] - Object: 'Object Repository/OCS-DESKTOP/Age gate and Mega menu/Header/LEARN menu - En' is clicked on

2019-07-15 14:15:44 - [TEST_STEP][PASSED] - delay(1): Delayed 1 second(s)

2019-07-15 14:15:45 - [MESSAGE][PASSED] - Delayed 1 second(s)

2019-07-15 14:15:45 - [TEST_STEP][PASSED] - click(findTestObject("OCS-DESKTOP/LEARN page/Reading a product label - chevron")): Object: 'Object Repository/OCS-DESKTOP/LEARN page/Reading a product label - chevron' is clicked on

2019-07-15 14:15:48 - [MESSAGE][PASSED] - Object: 'Object Repository/OCS-DESKTOP/LEARN page/Reading a product label - chevron' is clicked on

2019-07-15 14:15:48 - [TEST_STEP][PASSED] - delay(2): Delayed 2 second(s)

2019-07-15 14:15:50 - [MESSAGE][PASSED] - Delayed 2 second(s)

2019-07-15 14:15:50 - [TEST_STEP][PASSED] - click(findTestObject("OCS-DESKTOP/Age gate and Mega menu/Header/LEARN menu - En"), CONTINUE_ON_FAILURE): Object: 'Object Repository/OCS-DESKTOP/Age gate and Mega menu/Header/LEARN menu - En' is clicked on

2019-07-15 14:15:51 - [MESSAGE][PASSED] - Object: 'Object Repository/OCS-DESKTOP/Age gate and Mega menu/Header/LEARN menu - En' is clicked on

2019-07-15 14:15:51 - [TEST_STEP][PASSED] - delay(1): Delayed 1 second(s)

2019-07-15 14:15:52 - [MESSAGE][PASSED] - Delayed 1 second(s)

2019-07-15 14:15:52 - [TEST_STEP][PASSED] - click(findTestObject("OCS-DESKTOP/LEARN page/cannabinoid content - chveron")): Object: 'Object Repository/OCS-DESKTOP/LEARN page/cannabinoid content - chveron' is clicked on

2019-07-15 14:15:54 - [MESSAGE][PASSED] - Object: 'Object Repository/OCS-DESKTOP/LEARN page/cannabinoid content - chveron' is clicked on

2019-07-15 14:15:54 - [TEST_STEP][PASSED] - verifyTextPresent("Understanding Cannabinoid Content on Product Labels", true): Text 'Understanding Cannabinoid Content on Product Labels' is present on page  using regular expression

2019-07-15 14:15:55 - [MESSAGE][PASSED] - Text 'Understanding Cannabinoid Content on Product Labels' is present on page  using regular expression

2019-07-15 14:15:55 - [TEST_STEP][PASSED] - delay(2): Delayed 2 second(s)

2019-07-15 14:15:57 - [MESSAGE][PASSED] - Delayed 2 second(s)

2019-07-15 14:15:57 - [TEST_STEP][PASSED] - click(findTestObject("OCS-DESKTOP/Age gate and Mega menu/Header/LEARN menu - En"), CONTINUE_ON_FAILURE): Object: 'Object Repository/OCS-DESKTOP/Age gate and Mega menu/Header/LEARN menu - En' is clicked on

2019-07-15 14:15:57 - [MESSAGE][PASSED] - Object: 'Object Repository/OCS-DESKTOP/Age gate and Mega menu/Header/LEARN menu - En' is clicked on

2019-07-15 14:15:57 - [TEST_STEP][PASSED] - delay(2, CONTINUE_ON_FAILURE): Delayed 2 second(s)

2019-07-15 14:15:59 - [MESSAGE][PASSED] - Delayed 2 second(s)

2019-07-15 14:15:59 - [TEST_STEP][PASSED] - click(findTestObject("OCS-DESKTOP/LEARN page/Factors in Choosing Canna - chevron")): Object: 'Object Repository/OCS-DESKTOP/LEARN page/Factors in Choosing Canna - chevron' is clicked on

2019-07-15 14:16:02 - [MESSAGE][PASSED] - Object: 'Object Repository/OCS-DESKTOP/LEARN page/Factors in Choosing Canna - chevron' is clicked on

2019-07-15 14:16:02 - [TEST_STEP][PASSED] - verifyTextPresent("Factors in Choosing Cannabis Products", true): Text 'Factors in Choosing Cannabis Products' is present on page  using regular expression

2019-07-15 14:16:02 - [MESSAGE][PASSED] - Text 'Factors in Choosing Cannabis Products' is present on page  using regular expression

2019-07-15 14:16:02 - [TEST_STEP][PASSED] - delay(2): Delayed 2 second(s)

2019-07-15 14:16:04 - [MESSAGE][PASSED] - Delayed 2 second(s)

2019-07-15 14:16:04 - [TEST_STEP][PASSED] - click(findTestObject("OCS-DESKTOP/Age gate and Mega menu/Header/LEARN menu - En"), CONTINUE_ON_FAILURE): Object: 'Object Repository/OCS-DESKTOP/Age gate and Mega menu/Header/LEARN menu - En' is clicked on

2019-07-15 14:16:04 - [MESSAGE][PASSED] - Object: 'Object Repository/OCS-DESKTOP/Age gate and Mega menu/Header/LEARN menu - En' is clicked on

2019-07-15 14:16:04 - [TEST_STEP][PASSED] - delay(2): Delayed 2 second(s)

2019-07-15 14:16:06 - [MESSAGE][PASSED] - Delayed 2 second(s)

2019-07-15 14:16:06 - [TEST_STEP][PASSED] - click(findTestObject("OCS-DESKTOP/LEARN page/Read More -4"), CONTINUE_ON_FAILURE): Object: 'Object Repository/OCS-DESKTOP/LEARN page/Read More -4' is clicked on

2019-07-15 14:16:09 - [MESSAGE][PASSED] - Object: 'Object Repository/OCS-DESKTOP/LEARN page/Read More -4' is clicked on

2019-07-15 14:16:09 - [TEST_STEP][PASSED] - delay(2): Delayed 2 second(s)

2019-07-15 14:16:11 - [MESSAGE][PASSED] - Delayed 2 second(s)

2019-07-15 14:16:11 - [TEST_STEP][PASSED] - click(findTestObject("OCS-DESKTOP/Age gate and Mega menu/Header/LEARN menu - En"), CONTINUE_ON_FAILURE): Object: 'Object Repository/OCS-DESKTOP/Age gate and Mega menu/Header/LEARN menu - En' is clicked on

2019-07-15 14:16:11 - [MESSAGE][PASSED] - Object: 'Object Repository/OCS-DESKTOP/Age gate and Mega menu/Header/LEARN menu - En' is clicked on

2019-07-15 14:16:11 - [TEST_STEP][PASSED] - delay(2): Delayed 2 second(s)

2019-07-15 14:16:13 - [MESSAGE][PASSED] - Delayed 2 second(s)

2019-07-15 14:16:13 - [TEST_STEP][PASSED] - click(findTestObject("OCS-DESKTOP/LEARN page/Buying Cannabis at OCS plus accordian")): Object: 'Object Repository/OCS-DESKTOP/LEARN page/Buying Cannabis at OCS plus accordian' is clicked on

2019-07-15 14:16:17 - [MESSAGE][PASSED] - Object: 'Object Repository/OCS-DESKTOP/LEARN page/Buying Cannabis at OCS plus accordian' is clicked on

2019-07-15 14:16:17 - [TEST_STEP][PASSED] - delay(1): Delayed 1 second(s)

2019-07-15 14:16:18 - [MESSAGE][PASSED] - Delayed 1 second(s)

2019-07-15 14:16:18 - [TEST_STEP][PASSED] - click(findTestObject("OCS-DESKTOP/Age gate and Mega menu/Header/LEARN menu - En"), CONTINUE_ON_FAILURE): Object: 'Object Repository/OCS-DESKTOP/Age gate and Mega menu/Header/LEARN menu - En' is clicked on

2019-07-15 14:16:18 - [MESSAGE][PASSED] - Object: 'Object Repository/OCS-DESKTOP/Age gate and Mega menu/Header/LEARN menu - En' is clicked on

2019-07-15 14:16:18 - [TEST_STEP][PASSED] - delay(1): Delayed 1 second(s)

2019-07-15 14:16:19 - [MESSAGE][PASSED] - Delayed 1 second(s)

2019-07-15 14:16:19 - [TEST_STEP][PASSED] - click(findTestObject("OCS-DESKTOP/LEARN page/Why Legal Cannabis Costs more - chevron")): Object: 'Object Repository/OCS-DESKTOP/LEARN page/Why Legal Cannabis Costs more - chevron' is clicked on

2019-07-15 14:16:22 - [MESSAGE][PASSED] - Object: 'Object Repository/OCS-DESKTOP/LEARN page/Why Legal Cannabis Costs more - chevron' is clicked on

2019-07-15 14:16:22 - [TEST_STEP][PASSED] - verifyTextPresent("Four Reasons Why Legal Cannabis Costs More", true): Text 'Four Reasons Why Legal Cannabis Costs More' is present on page  using regular expression

2019-07-15 14:16:22 - [MESSAGE][PASSED] - Text 'Four Reasons Why Legal Cannabis Costs More' is present on page  using regular expression

2019-07-15 14:16:22 - [TEST_STEP][PASSED] - delay(2): Delayed 2 second(s)

2019-07-15 14:16:24 - [MESSAGE][PASSED] - Delayed 2 second(s)

2019-07-15 14:16:24 - [TEST_STEP][PASSED] - click(findTestObject("OCS-DESKTOP/Age gate and Mega menu/Header/LEARN menu - En"), CONTINUE_ON_FAILURE): Object: 'Object Repository/OCS-DESKTOP/Age gate and Mega menu/Header/LEARN menu - En' is clicked on

2019-07-15 14:16:24 - [MESSAGE][PASSED] - Object: 'Object Repository/OCS-DESKTOP/Age gate and Mega menu/Header/LEARN menu - En' is clicked on

2019-07-15 14:16:24 - [TEST_STEP][PASSED] - click(findTestObject("OCS-DESKTOP/LEARN page/Buying Cannabis at OCS plus accordian")): Object: 'Object Repository/OCS-DESKTOP/LEARN page/Buying Cannabis at OCS plus accordian' is clicked on

2019-07-15 14:16:28 - [MESSAGE][PASSED] - Object: 'Object Repository/OCS-DESKTOP/LEARN page/Buying Cannabis at OCS plus accordian' is clicked on

2019-07-15 14:16:28 - [TEST_STEP][PASSED] - delay(1): Delayed 1 second(s)

2019-07-15 14:16:29 - [MESSAGE][PASSED] - Delayed 1 second(s)

2019-07-15 14:16:29 - [TEST_STEP][PASSED] - click(findTestObject("OCS-DESKTOP/Age gate and Mega menu/Header/LEARN menu - En"), CONTINUE_ON_FAILURE): Object: 'Object Repository/OCS-DESKTOP/Age gate and Mega menu/Header/LEARN menu - En' is clicked on

2019-07-15 14:16:29 - [MESSAGE][PASSED] - Object: 'Object Repository/OCS-DESKTOP/Age gate and Mega menu/Header/LEARN menu - En' is clicked on

2019-07-15 14:16:29 - [TEST_STEP][PASSED] - delay(1): Delayed 1 second(s)

2019-07-15 14:16:30 - [MESSAGE][PASSED] - Delayed 1 second(s)

2019-07-15 14:16:30 - [TEST_STEP][PASSED] - click(findTestObject("OCS-DESKTOP/LEARN page/why trust us - chevron")): Object: 'Object Repository/OCS-DESKTOP/LEARN page/why trust us - chevron' is clicked on

2019-07-15 14:16:32 - [MESSAGE][PASSED] - Object: 'Object Repository/OCS-DESKTOP/LEARN page/why trust us - chevron' is clicked on

2019-07-15 14:16:32 - [TEST_STEP][PASSED] - verifyTextPresent("Legal products and reliable information.", true): Text 'Legal products and reliable information.' is present on page  using regular expression

2019-07-15 14:16:33 - [MESSAGE][PASSED] - Text 'Legal products and reliable information.' is present on page  using regular expression

2019-07-15 14:16:33 - [TEST_STEP][PASSED] - delay(2): Delayed 2 second(s)

2019-07-15 14:16:35 - [MESSAGE][PASSED] - Delayed 2 second(s)

2019-07-15 14:16:35 - [TEST_STEP][PASSED] - click(findTestObject("OCS-DESKTOP/Age gate and Mega menu/Header/LEARN menu - En"), CONTINUE_ON_FAILURE): Object: 'Object Repository/OCS-DESKTOP/Age gate and Mega menu/Header/LEARN menu - En' is clicked on

2019-07-15 14:16:35 - [MESSAGE][PASSED] - Object: 'Object Repository/OCS-DESKTOP/Age gate and Mega menu/Header/LEARN menu - En' is clicked on

2019-07-15 14:16:35 - [TEST_STEP][PASSED] - delay(2, CONTINUE_ON_FAILURE): Delayed 2 second(s)

2019-07-15 14:16:37 - [MESSAGE][PASSED] - Delayed 2 second(s)

2019-07-15 14:16:37 - [TEST_STEP][PASSED] - delay(1): Delayed 1 second(s)

2019-07-15 14:16:38 - [MESSAGE][PASSED] - Delayed 1 second(s)

2019-07-15 14:16:38 - [TEST_STEP][PASSED] - click(findTestObject("OCS-DESKTOP/LEARN page/about buying cannabis - chveron")): Object: 'Object Repository/OCS-DESKTOP/LEARN page/about buying cannabis - chveron' is clicked on

2019-07-15 14:16:41 - [MESSAGE][PASSED] - Object: 'Object Repository/OCS-DESKTOP/LEARN page/about buying cannabis - chveron' is clicked on

2019-07-15 14:16:41 - [TEST_STEP][PASSED] - delay(2): Delayed 2 second(s)

2019-07-15 14:16:43 - [MESSAGE][PASSED] - Delayed 2 second(s)

2019-07-15 14:16:43 - [TEST_STEP][PASSED] - verifyTextPresent("These facts are good to know before making a cannabis purchase.", true): Text 'These facts are good to know before making a cannabis purchase.' is present on page  using regular expression

2019-07-15 14:16:44 - [MESSAGE][PASSED] - Text 'These facts are good to know before making a cannabis purchase.' is present on page  using regular expression

2019-07-15 14:16:44 - [TEST_STEP][PASSED] - delay(2): Delayed 2 second(s)

2019-07-15 14:16:46 - [MESSAGE][PASSED] - Delayed 2 second(s)

2019-07-15 14:16:46 - [TEST_STEP][PASSED] - click(findTestObject("OCS-DESKTOP/Age gate and Mega menu/Header/LEARN menu - En"), CONTINUE_ON_FAILURE): Object: 'Object Repository/OCS-DESKTOP/Age gate and Mega menu/Header/LEARN menu - En' is clicked on

2019-07-15 14:16:46 - [MESSAGE][PASSED] - Object: 'Object Repository/OCS-DESKTOP/Age gate and Mega menu/Header/LEARN menu - En' is clicked on

2019-07-15 14:16:46 - [TEST_STEP][PASSED] - delay(2, CONTINUE_ON_FAILURE): Delayed 2 second(s)

2019-07-15 14:16:48 - [MESSAGE][PASSED] - Delayed 2 second(s)

2019-07-15 14:16:48 - [TEST_STEP][PASSED] - click(findTestObject("OCS-DESKTOP/LEARN page/Read More -5")): Object: 'Object Repository/OCS-DESKTOP/LEARN page/Read More -5' is clicked on

2019-07-15 14:16:51 - [MESSAGE][PASSED] - Object: 'Object Repository/OCS-DESKTOP/LEARN page/Read More -5' is clicked on

2019-07-15 14:16:51 - [TEST_STEP][PASSED] - delay(1): Delayed 1 second(s)

2019-07-15 14:16:52 - [MESSAGE][PASSED] - Delayed 1 second(s)

2019-07-15 14:16:52 - [TEST_STEP][PASSED] - verifyTextPresent("Buying Cannabis at OCS", true): Text 'Buying Cannabis at OCS' is present on page  using regular expression

2019-07-15 14:16:52 - [MESSAGE][PASSED] - Text 'Buying Cannabis at OCS' is present on page  using regular expression

2019-07-15 14:16:52 - [TEST_STEP][PASSED] - delay(2): Delayed 2 second(s)

2019-07-15 14:16:54 - [MESSAGE][PASSED] - Delayed 2 second(s)

2019-07-15 14:16:54 - [TEST_STEP][PASSED] - click(findTestObject("OCS-DESKTOP/Age gate and Mega menu/Header/LEARN menu - En"), CONTINUE_ON_FAILURE): Object: 'Object Repository/OCS-DESKTOP/Age gate and Mega menu/Header/LEARN menu - En' is clicked on

2019-07-15 14:16:54 - [MESSAGE][PASSED] - Object: 'Object Repository/OCS-DESKTOP/Age gate and Mega menu/Header/LEARN menu - En' is clicked on

2019-07-15 14:16:54 - [TEST_STEP][PASSED] - delay(2): Delayed 2 second(s)

2019-07-15 14:16:56 - [MESSAGE][PASSED] - Delayed 2 second(s)

2019-07-15 14:16:56 - [TEST_STEP][PASSED] - click(findTestObject("OCS-DESKTOP/LEARN page/Whats Legal plus accordian")): Object: 'Object Repository/OCS-DESKTOP/LEARN page/Whats Legal plus accordian' is clicked on

2019-07-15 14:17:03 - [MESSAGE][PASSED] - Object: 'Object Repository/OCS-DESKTOP/LEARN page/Whats Legal plus accordian' is clicked on

2019-07-15 14:17:03 - [TEST_STEP][PASSED] - delay(1): Delayed 1 second(s)

2019-07-15 14:17:04 - [MESSAGE][PASSED] - Delayed 1 second(s)

2019-07-15 14:17:04 - [TEST_STEP][FAILED] - click(findTestObject("OCS-DESKTOP/Age gate and Mega menu/Header/LEARN menu - En"), CONTINUE_ON_FAILURE): Unable to click on object 'Object Repository/OCS-DESKTOP/Age gate and Mega menu/Header/LEARN menu - En' (Root cause: org.openqa.selenium.ElementNotVisibleException: element not interactable
  (Session info: chrome=75.0.3770.100)
  (Driver info: chromedriver=2.43.600229 (3fae4d0cda5334b4f533bede5a4787f7b832d052),platform=Mac OS X 10.13.6 x86_64) (WARNING: The server did not provide any stacktrace information)
Command duration or timeout: 0 milliseconds
Build info: version: '3.7.1', revision: '8a0099a', time: '2017-11-06T21:07:36.161Z'
System info: host: 'sumans-MacBook-Pro.local', ip: 'fe80:0:0:0:143c:9c68:90ad:a50%en0', os.name: 'Mac OS X', os.arch: 'x86_64', os.version: '10.13.6', java.version: '1.8.0_181'
Driver info: com.kms.katalon.selenium.driver.CChromeDriver
Capabilities {acceptInsecureCerts: false, acceptSslCerts: false, applicationCacheEnabled: false, browserConnectionEnabled: false, browserName: chrome, chrome: {chromedriverVersion: 2.43.600229 (3fae4d0cda5334..., userDataDir: /var/folders/1t/c55l8xzs6gq...}, cssSelectorsEnabled: true, databaseEnabled: false, goog:chromeOptions: {debuggerAddress: localhost:58215}, handlesAlerts: true, hasTouchScreen: false, javascriptEnabled: true, locationContextEnabled: true, mobileEmulationEnabled: false, nativeEvents: true, networkConnectionEnabled: false, pageLoadStrategy: normal, platform: MAC, platformName: MAC, rotatable: false, setWindowRect: true, takesHeapSnapshot: true, takesScreenshot: true, unexpectedAlertBehaviour: , unhandledPromptBehavior: , version: 75.0.3770.100, webStorageEnabled: true}
Session ID: f276c2d8e7af5cbb7a4e8eeb23f7e8e9)

2019-07-15 14:18:04 - [MESSAGE][WARNING] - Cannot take screenshot

2019-07-15 14:18:04 - [MESSAGE][FAILED] - Unable to click on object 'Object Repository/OCS-DESKTOP/Age gate and Mega menu/Header/LEARN menu - En' (Root cause: org.openqa.selenium.ElementNotVisibleException: element not interactable
  (Session info: chrome=75.0.3770.100)
  (Driver info: chromedriver=2.43.600229 (3fae4d0cda5334b4f533bede5a4787f7b832d052),platform=Mac OS X 10.13.6 x86_64) (WARNING: The server did not provide any stacktrace information)
Command duration or timeout: 0 milliseconds
Build info: version: '3.7.1', revision: '8a0099a', time: '2017-11-06T21:07:36.161Z'
System info: host: 'sumans-MacBook-Pro.local', ip: 'fe80:0:0:0:143c:9c68:90ad:a50%en0', os.name: 'Mac OS X', os.arch: 'x86_64', os.version: '10.13.6', java.version: '1.8.0_181'
Driver info: com.kms.katalon.selenium.driver.CChromeDriver
Capabilities {acceptInsecureCerts: false, acceptSslCerts: false, applicationCacheEnabled: false, browserConnectionEnabled: false, browserName: chrome, chrome: {chromedriverVersion: 2.43.600229 (3fae4d0cda5334..., userDataDir: /var/folders/1t/c55l8xzs6gq...}, cssSelectorsEnabled: true, databaseEnabled: false, goog:chromeOptions: {debuggerAddress: localhost:58215}, handlesAlerts: true, hasTouchScreen: false, javascriptEnabled: true, locationContextEnabled: true, mobileEmulationEnabled: false, nativeEvents: true, networkConnectionEnabled: false, pageLoadStrategy: normal, platform: MAC, platformName: MAC, rotatable: false, setWindowRect: true, takesHeapSnapshot: true, takesScreenshot: true, unexpectedAlertBehaviour: , unhandledPromptBehavior: , version: 75.0.3770.100, webStorageEnabled: true}
Session ID: f276c2d8e7af5cbb7a4e8eeb23f7e8e9)

2019-07-15 14:18:04 - [TEST_STEP][PASSED] - delay(1): Delayed 1 second(s)

2019-07-15 14:18:05 - [MESSAGE][PASSED] - Delayed 1 second(s)

2019-07-15 14:18:05 - [TEST_STEP][FAILED] - click(findTestObject("OCS-DESKTOP/LEARN page/History -part 1 - chveron")): click(findTestObject("OCS-DESKTOP/LEARN page/History -part 1 - chveron")) FAILED.
Reason:
com.kms.katalon.core.exception.StepFailedException: Unable to click on object 'Object Repository/OCS-DESKTOP/Age gate and Mega menu/Header/LEARN menu - En' (Root cause: org.openqa.selenium.ElementNotVisibleException: element not interactable
  (Session info: chrome=75.0.3770.100)
  (Driver info: chromedriver=2.43.600229 (3fae4d0cda5334b4f533bede5a4787f7b832d052),platform=Mac OS X 10.13.6 x86_64) (WARNING: The server did not provide any stacktrace information)
Command duration or timeout: 0 milliseconds
Build info: version: '3.7.1', revision: '8a0099a', time: '2017-11-06T21:07:36.161Z'
System info: host: 'sumans-MacBook-Pro.local', ip: 'fe80:0:0:0:143c:9c68:90ad:a50%en0', os.name: 'Mac OS X', os.arch: 'x86_64', os.version: '10.13.6', java.version: '1.8.0_181'
Driver info: com.kms.katalon.selenium.driver.CChromeDriver
Capabilities {acceptInsecureCerts: false, acceptSslCerts: false, applicationCacheEnabled: false, browserConnectionEnabled: false, browserName: chrome, chrome: {chromedriverVersion: 2.43.600229 (3fae4d0cda5334..., userDataDir: /var/folders/1t/c55l8xzs6gq...}, cssSelectorsEnabled: true, databaseEnabled: false, goog:chromeOptions: {debuggerAddress: localhost:58215}, handlesAlerts: true, hasTouchScreen: false, javascriptEnabled: true, locationContextEnabled: true, mobileEmulationEnabled: false, nativeEvents: true, networkConnectionEnabled: false, pageLoadStrategy: normal, platform: MAC, platformName: MAC, rotatable: false, setWindowRect: true, takesHeapSnapshot: true, takesScreenshot: true, unexpectedAlertBehaviour: , unhandledPromptBehavior: , version: 75.0.3770.100, webStorageEnabled: true}
Session ID: f276c2d8e7af5cbb7a4e8eeb23f7e8e9)
	at com.kms.katalon.core.keyword.internal.KeywordMain.stepFailed(KeywordMain.groovy:32)
	at com.kms.katalon.core.webui.keyword.internal.WebUIKeywordMain.stepFailed(WebUIKeywordMain.groovy:65)
	at com.kms.katalon.core.webui.keyword.internal.WebUIKeywordMain.runKeyword(WebUIKeywordMain.groovy:27)
	at com.kms.katalon.core.webui.keyword.builtin.ClickKeyword.click(ClickKeyword.groovy:86)
	at com.kms.katalon.core.webui.keyword.builtin.ClickKeyword.execute(ClickKeyword.groovy:67)
	at com.kms.katalon.core.keyword.internal.KeywordExecutor.executeKeywordForPlatform(KeywordExecutor.groovy:53)
	at com.kms.katalon.core.webui.keyword.WebUiBuiltInKeywords.click(WebUiBuiltInKeywords.groovy:604)
	at com.kms.katalon.core.webui.keyword.WebUiBuiltInKeywords$click$6.call(Unknown Source)
	at HP- Burger menu- Learn.run(HP- Burger menu- Learn:283)
	at com.kms.katalon.core.main.ScriptEngine.run(ScriptEngine.java:194)
	at com.kms.katalon.core.main.ScriptEngine.runScriptAsRawText(ScriptEngine.java:119)
	at com.kms.katalon.core.main.TestCaseExecutor.runScript(TestCaseExecutor.java:328)
	at com.kms.katalon.core.main.TestCaseExecutor.doExecute(TestCaseExecutor.java:319)
	at com.kms.katalon.core.main.TestCaseExecutor.processExecutionPhase(TestCaseExecutor.java:298)
	at com.kms.katalon.core.main.TestCaseExecutor.accessMainPhase(TestCaseExecutor.java:290)
	at com.kms.katalon.core.main.TestCaseExecutor.execute(TestCaseExecutor.java:224)
	at com.kms.katalon.core.main.TestSuiteExecutor.accessTestCaseMainPhase(TestSuiteExecutor.java:129)
	at com.kms.katalon.core.main.TestSuiteExecutor.accessTestSuiteMainPhase(TestSuiteExecutor.java:112)
	at com.kms.katalon.core.main.TestSuiteExecutor.execute(TestSuiteExecutor.java:81)
	at com.kms.katalon.core.main.TestCaseMain.startTestSuite(TestCaseMain.java:149)
	at com.kms.katalon.core.main.TestCaseMain$startTestSuite$0.call(Unknown Source)
	at TempTestSuite1563212133201.run(TempTestSuite1563212133201.groovy:36)


2019-07-15 14:19:05 - [MESSAGE][WARNING] - Cannot take screenshot

2019-07-15 14:19:05 - [MESSAGE][FAILED] - Unable to click on object 'Object Repository/OCS-DESKTOP/LEARN page/History -part 1 - chveron' (Root cause: org.openqa.selenium.ElementNotVisibleException: element not interactable
  (Session info: chrome=75.0.3770.100)
  (Driver info: chromedriver=2.43.600229 (3fae4d0cda5334b4f533bede5a4787f7b832d052),platform=Mac OS X 10.13.6 x86_64) (WARNING: The server did not provide any stacktrace information)
Command duration or timeout: 0 milliseconds
Build info: version: '3.7.1', revision: '8a0099a', time: '2017-11-06T21:07:36.161Z'
System info: host: 'sumans-MacBook-Pro.local', ip: 'fe80:0:0:0:143c:9c68:90ad:a50%en0', os.name: 'Mac OS X', os.arch: 'x86_64', os.version: '10.13.6', java.version: '1.8.0_181'
Driver info: com.kms.katalon.selenium.driver.CChromeDriver
Capabilities {acceptInsecureCerts: false, acceptSslCerts: false, applicationCacheEnabled: false, browserConnectionEnabled: false, browserName: chrome, chrome: {chromedriverVersion: 2.43.600229 (3fae4d0cda5334..., userDataDir: /var/folders/1t/c55l8xzs6gq...}, cssSelectorsEnabled: true, databaseEnabled: false, goog:chromeOptions: {debuggerAddress: localhost:58215}, handlesAlerts: true, hasTouchScreen: false, javascriptEnabled: true, locationContextEnabled: true, mobileEmulationEnabled: false, nativeEvents: true, networkConnectionEnabled: false, pageLoadStrategy: normal, platform: MAC, platformName: MAC, rotatable: false, setWindowRect: true, takesHeapSnapshot: true, takesScreenshot: true, unexpectedAlertBehaviour: , unhandledPromptBehavior: , version: 75.0.3770.100, webStorageEnabled: true}
Session ID: f276c2d8e7af5cbb7a4e8eeb23f7e8e9)

2019-07-15 14:19:05 - [MESSAGE][FAILED] - click(findTestObject("OCS-DESKTOP/LEARN page/History -part 1 - chveron")) FAILED.
Reason:
com.kms.katalon.core.exception.StepFailedException: Unable to click on object 'Object Repository/OCS-DESKTOP/Age gate and Mega menu/Header/LEARN menu - En' (Root cause: org.openqa.selenium.ElementNotVisibleException: element not interactable
  (Session info: chrome=75.0.3770.100)
  (Driver info: chromedriver=2.43.600229 (3fae4d0cda5334b4f533bede5a4787f7b832d052),platform=Mac OS X 10.13.6 x86_64) (WARNING: The server did not provide any stacktrace information)
Command duration or timeout: 0 milliseconds
Build info: version: '3.7.1', revision: '8a0099a', time: '2017-11-06T21:07:36.161Z'
System info: host: 'sumans-MacBook-Pro.local', ip: 'fe80:0:0:0:143c:9c68:90ad:a50%en0', os.name: 'Mac OS X', os.arch: 'x86_64', os.version: '10.13.6', java.version: '1.8.0_181'
Driver info: com.kms.katalon.selenium.driver.CChromeDriver
Capabilities {acceptInsecureCerts: false, acceptSslCerts: false, applicationCacheEnabled: false, browserConnectionEnabled: false, browserName: chrome, chrome: {chromedriverVersion: 2.43.600229 (3fae4d0cda5334..., userDataDir: /var/folders/1t/c55l8xzs6gq...}, cssSelectorsEnabled: true, databaseEnabled: false, goog:chromeOptions: {debuggerAddress: localhost:58215}, handlesAlerts: true, hasTouchScreen: false, javascriptEnabled: true, locationContextEnabled: true, mobileEmulationEnabled: false, nativeEvents: true, networkConnectionEnabled: false, pageLoadStrategy: normal, platform: MAC, platformName: MAC, rotatable: false, setWindowRect: true, takesHeapSnapshot: true, takesScreenshot: true, unexpectedAlertBehaviour: , unhandledPromptBehavior: , version: 75.0.3770.100, webStorageEnabled: true}
Session ID: f276c2d8e7af5cbb7a4e8eeb23f7e8e9)
	at com.kms.katalon.core.keyword.internal.KeywordMain.stepFailed(KeywordMain.groovy:32)
	at com.kms.katalon.core.webui.keyword.internal.WebUIKeywordMain.stepFailed(WebUIKeywordMain.groovy:65)
	at com.kms.katalon.core.webui.keyword.internal.WebUIKeywordMain.runKeyword(WebUIKeywordMain.groovy:27)
	at com.kms.katalon.core.webui.keyword.builtin.ClickKeyword.click(ClickKeyword.groovy:86)
	at com.kms.katalon.core.webui.keyword.builtin.ClickKeyword.execute(ClickKeyword.groovy:67)
	at com.kms.katalon.core.keyword.internal.KeywordExecutor.executeKeywordForPlatform(KeywordExecutor.groovy:53)
	at com.kms.katalon.core.webui.keyword.WebUiBuiltInKeywords.click(WebUiBuiltInKeywords.groovy:604)
	at com.kms.katalon.core.webui.keyword.WebUiBuiltInKeywords$click$6.call(Unknown Source)
	at HP- Burger menu- Learn.run(HP- Burger menu- Learn:283)
	at com.kms.katalon.core.main.ScriptEngine.run(ScriptEngine.java:194)
	at com.kms.katalon.core.main.ScriptEngine.runScriptAsRawText(ScriptEngine.java:119)
	at com.kms.katalon.core.main.TestCaseExecutor.runScript(TestCaseExecutor.java:328)
	at com.kms.katalon.core.main.TestCaseExecutor.doExecute(TestCaseExecutor.java:319)
	at com.kms.katalon.core.main.TestCaseExecutor.processExecutionPhase(TestCaseExecutor.java:298)
	at com.kms.katalon.core.main.TestCaseExecutor.accessMainPhase(TestCaseExecutor.java:290)
	at com.kms.katalon.core.main.TestCaseExecutor.execute(TestCaseExecutor.java:224)
	at com.kms.katalon.core.main.TestSuiteExecutor.accessTestCaseMainPhase(TestSuiteExecutor.java:129)
	at com.kms.katalon.core.main.TestSuiteExecutor.accessTestSuiteMainPhase(TestSuiteExecutor.java:112)
	at com.kms.katalon.core.main.TestSuiteExecutor.execute(TestSuiteExecutor.java:81)
	at com.kms.katalon.core.main.TestCaseMain.startTestSuite(TestCaseMain.java:149)
	at com.kms.katalon.core.main.TestCaseMain$startTestSuite$0.call(Unknown Source)
	at TempTestSuite1563212133201.run(TempTestSuite1563212133201.groovy:36)]]></system-out>
         <system-err><![CDATA[2019-07-15 14:13:35 - [TEST_CASE][FAILED] - Test Cases/OCS - DESKTOP/OCS- HOME PAGE/HP- Burger menu- Learn: Test Cases/OCS - DESKTOP/OCS- HOME PAGE/HP- Burger menu- Learn FAILED.
Reason:
com.kms.katalon.core.exception.StepFailedException: Unable to click on object 'Object Repository/OCS-DESKTOP/Age gate and Mega menu/Header/LEARN menu - En' (Root cause: org.openqa.selenium.ElementNotVisibleException: element not interactable
  (Session info: chrome=75.0.3770.100)
  (Driver info: chromedriver=2.43.600229 (3fae4d0cda5334b4f533bede5a4787f7b832d052),platform=Mac OS X 10.13.6 x86_64) (WARNING: The server did not provide any stacktrace information)
Command duration or timeout: 0 milliseconds
Build info: version: '3.7.1', revision: '8a0099a', time: '2017-11-06T21:07:36.161Z'
System info: host: 'sumans-MacBook-Pro.local', ip: 'fe80:0:0:0:143c:9c68:90ad:a50%en0', os.name: 'Mac OS X', os.arch: 'x86_64', os.version: '10.13.6', java.version: '1.8.0_181'
Driver info: com.kms.katalon.selenium.driver.CChromeDriver
Capabilities {acceptInsecureCerts: false, acceptSslCerts: false, applicationCacheEnabled: false, browserConnectionEnabled: false, browserName: chrome, chrome: {chromedriverVersion: 2.43.600229 (3fae4d0cda5334..., userDataDir: /var/folders/1t/c55l8xzs6gq...}, cssSelectorsEnabled: true, databaseEnabled: false, goog:chromeOptions: {debuggerAddress: localhost:58215}, handlesAlerts: true, hasTouchScreen: false, javascriptEnabled: true, locationContextEnabled: true, mobileEmulationEnabled: false, nativeEvents: true, networkConnectionEnabled: false, pageLoadStrategy: normal, platform: MAC, platformName: MAC, rotatable: false, setWindowRect: true, takesHeapSnapshot: true, takesScreenshot: true, unexpectedAlertBehaviour: , unhandledPromptBehavior: , version: 75.0.3770.100, webStorageEnabled: true}
Session ID: f276c2d8e7af5cbb7a4e8eeb23f7e8e9)
	at com.kms.katalon.core.keyword.internal.KeywordMain.stepFailed(KeywordMain.groovy:32)
	at com.kms.katalon.core.webui.keyword.internal.WebUIKeywordMain.stepFailed(WebUIKeywordMain.groovy:65)
	at com.kms.katalon.core.webui.keyword.internal.WebUIKeywordMain.runKeyword(WebUIKeywordMain.groovy:27)
	at com.kms.katalon.core.webui.keyword.builtin.ClickKeyword.click(ClickKeyword.groovy:86)
	at com.kms.katalon.core.webui.keyword.builtin.ClickKeyword.execute(ClickKeyword.groovy:67)
	at com.kms.katalon.core.keyword.internal.KeywordExecutor.executeKeywordForPlatform(KeywordExecutor.groovy:53)
	at com.kms.katalon.core.webui.keyword.WebUiBuiltInKeywords.click(WebUiBuiltInKeywords.groovy:604)
	at com.kms.katalon.core.webui.keyword.WebUiBuiltInKeywords$click$6.call(Unknown Source)
	at HP- Burger menu- Learn.run(HP- Burger menu- Learn:283)
	at com.kms.katalon.core.main.ScriptEngine.run(ScriptEngine.java:194)
	at com.kms.katalon.core.main.ScriptEngine.runScriptAsRawText(ScriptEngine.java:119)
	at com.kms.katalon.core.main.TestCaseExecutor.runScript(TestCaseExecutor.java:328)
	at com.kms.katalon.core.main.TestCaseExecutor.doExecute(TestCaseExecutor.java:319)
	at com.kms.katalon.core.main.TestCaseExecutor.processExecutionPhase(TestCaseExecutor.java:298)
	at com.kms.katalon.core.main.TestCaseExecutor.accessMainPhase(TestCaseExecutor.java:290)
	at com.kms.katalon.core.main.TestCaseExecutor.execute(TestCaseExecutor.java:224)
	at com.kms.katalon.core.main.TestSuiteExecutor.accessTestCaseMainPhase(TestSuiteExecutor.java:129)
	at com.kms.katalon.core.main.TestSuiteExecutor.accessTestSuiteMainPhase(TestSuiteExecutor.java:112)
	at com.kms.katalon.core.main.TestSuiteExecutor.execute(TestSuiteExecutor.java:81)
	at com.kms.katalon.core.main.TestCaseMain.startTestSuite(TestCaseMain.java:149)
	at com.kms.katalon.core.main.TestCaseMain$startTestSuite$0.call(Unknown Source)
	at TempTestSuite1563212133201.run(TempTestSuite1563212133201.groovy:36)]]></system-err>
      </testcase>
      <testcase name="Test Cases/OCS - DESKTOP/OCS- PRODUCT PAGE/Add to bag CTA" classname="Test Cases/OCS - DESKTOP/OCS- PRODUCT PAGE/Add to bag CTA" status="PASSED">
         <system-out><![CDATA[2019-07-15 14:19:05 - [TEST_CASE][PASSED] - Test Cases/OCS - DESKTOP/OCS- PRODUCT PAGE/Add to bag CTA: Test Cases/OCS - DESKTOP/OCS- PRODUCT PAGE/Add to bag CTA

2019-07-15 14:19:05 - [TEST_STEP][PASSED] - callTestCase(findTestCase("OCS - DESKTOP/CALL - PDP"), [:], STOP_ON_FAILURE): Call Test Case 'Test Cases/OCS - DESKTOP/CALL - PDP' successfully

2019-07-15 14:19:05 - [TEST_CASE][PASSED] - Test Cases/OCS - DESKTOP/CALL - PDP: Test Cases/OCS - DESKTOP/CALL - PDP

2019-07-15 14:19:05 - [TEST_STEP][PASSED] - openBrowser(""): Browser is opened with url: ''

2019-07-15 14:19:05 - [MESSAGE][WARNING] - A browser is already opened. Closing browser and opening a new one

2019-07-15 14:19:06 - [MESSAGE][INFO] - Starting 'Chrome' driver

2019-07-15 14:19:07 - [MESSAGE][PASSED] - Browser is opened with url: ''

2019-07-15 14:19:07 - [TEST_STEP][PASSED] - navigateToUrl("https://ocs.ca/?fts=0&preview_theme_id=74205529932"): Navigate to 'https://ocs.ca/?fts=0&preview_theme_id=74205529932' successfully

2019-07-15 14:19:12 - [MESSAGE][PASSED] - Navigate to 'https://ocs.ca/?fts=0&preview_theme_id=74205529932' successfully

2019-07-15 14:19:12 - [TEST_STEP][PASSED] - maximizeWindow(): Current window maximized

2019-07-15 14:19:12 - [MESSAGE][PASSED] - Current window maximized

2019-07-15 14:19:12 - [TEST_STEP][PASSED] - executeJavaScript("var previewBar = document.getElementById("preview-bar-iframe"); previewBar.style.display = "none";", []): Execute JavaScript 'var previewBar = document.getElementById("preview-bar-iframe"); previewBar.style.display = "none";' successfully

2019-07-15 14:19:12 - [MESSAGE][PASSED] - Execute JavaScript 'var previewBar = document.getElementById("preview-bar-iframe"); previewBar.style.display = "none";' successfully

2019-07-15 14:19:12 - [TEST_STEP][PASSED] - delay(4): Delayed 4 second(s)

2019-07-15 14:19:16 - [MESSAGE][PASSED] - Delayed 4 second(s)

2019-07-15 14:19:16 - [TEST_STEP][PASSED] - selectOptionByValue(findTestObject("OCS-DESKTOP/Age gate and Mega menu/Date"), "12", true): All options with value '12' are selected in object 'Object Repository/OCS-DESKTOP/Age gate and Mega menu/Date'  using regular expression

2019-07-15 14:19:17 - [MESSAGE][PASSED] - All options with value '12' are selected in object 'Object Repository/OCS-DESKTOP/Age gate and Mega menu/Date'  using regular expression

2019-07-15 14:19:17 - [TEST_STEP][PASSED] - selectOptionByValue(findTestObject("OCS-DESKTOP/Age gate and Mega menu/month"), "6", true): All options with value '6' are selected in object 'Object Repository/OCS-DESKTOP/Age gate and Mega menu/month'  using regular expression

2019-07-15 14:19:17 - [MESSAGE][PASSED] - All options with value '6' are selected in object 'Object Repository/OCS-DESKTOP/Age gate and Mega menu/month'  using regular expression

2019-07-15 14:19:17 - [TEST_STEP][PASSED] - delay(2): Delayed 2 second(s)

2019-07-15 14:19:19 - [MESSAGE][PASSED] - Delayed 2 second(s)

2019-07-15 14:19:19 - [TEST_STEP][PASSED] - selectOptionByValue(findTestObject("OCS-DESKTOP/Age gate and Mega menu/Year Dropdown"), "1990", true): All options with value '1990' are selected in object 'Object Repository/OCS-DESKTOP/Age gate and Mega menu/Year Dropdown'  using regular expression

2019-07-15 14:19:20 - [MESSAGE][PASSED] - All options with value '1990' are selected in object 'Object Repository/OCS-DESKTOP/Age gate and Mega menu/Year Dropdown'  using regular expression

2019-07-15 14:19:20 - [TEST_STEP][PASSED] - click(findTestObject("OCS-DESKTOP/Age gate and Mega menu/button_Verify")): Object: 'Object Repository/OCS-DESKTOP/Age gate and Mega menu/button_Verify' is clicked on

2019-07-15 14:19:20 - [MESSAGE][PASSED] - Object: 'Object Repository/OCS-DESKTOP/Age gate and Mega menu/button_Verify' is clicked on

2019-07-15 14:19:20 - [TEST_STEP][PASSED] - click(findTestObject("OCS-DESKTOP/Age gate and Mega menu/Checkbox_CONFIRM AND ACKNOWLEDGE")): Object: 'Object Repository/OCS-DESKTOP/Age gate and Mega menu/Checkbox_CONFIRM AND ACKNOWLEDGE' is clicked on

2019-07-15 14:19:20 - [MESSAGE][PASSED] - Object: 'Object Repository/OCS-DESKTOP/Age gate and Mega menu/Checkbox_CONFIRM AND ACKNOWLEDGE' is clicked on

2019-07-15 14:19:20 - [TEST_STEP][PASSED] - click(findTestObject("OCS-DESKTOP/Age gate and Mega menu/button_CONFIRM")): Object: 'Object Repository/OCS-DESKTOP/Age gate and Mega menu/button_CONFIRM' is clicked on

2019-07-15 14:19:20 - [MESSAGE][PASSED] - Object: 'Object Repository/OCS-DESKTOP/Age gate and Mega menu/button_CONFIRM' is clicked on

2019-07-15 14:19:20 - [TEST_STEP][PASSED] - click(findTestObject("OCS-DESKTOP/Age gate and Mega menu/button_Start Browsing")): Object: 'Object Repository/OCS-DESKTOP/Age gate and Mega menu/button_Start Browsing' is clicked on

2019-07-15 14:19:20 - [MESSAGE][PASSED] - Object: 'Object Repository/OCS-DESKTOP/Age gate and Mega menu/button_Start Browsing' is clicked on

2019-07-15 14:19:20 - [TEST_STEP][PASSED] - refresh(): Refresh successfully

2019-07-15 14:19:20 - [MESSAGE][PASSED] - Refresh successfully

2019-07-15 14:19:20 - [TEST_STEP][PASSED] - delay(2): Delayed 2 second(s)

2019-07-15 14:19:22 - [MESSAGE][PASSED] - Delayed 2 second(s)

2019-07-15 14:19:22 - [TEST_STEP][PASSED] - click(findTestObject("OCS-DESKTOP/Age gate and Mega menu/Header/CANNABIS menu - English")): Object: 'Object Repository/OCS-DESKTOP/Age gate and Mega menu/Header/CANNABIS menu - English' is clicked on

2019-07-15 14:19:24 - [MESSAGE][PASSED] - Object: 'Object Repository/OCS-DESKTOP/Age gate and Mega menu/Header/CANNABIS menu - English' is clicked on

2019-07-15 14:19:24 - [TEST_STEP][PASSED] - delay(2): Delayed 2 second(s)

2019-07-15 14:19:26 - [MESSAGE][PASSED] - Delayed 2 second(s)

2019-07-15 14:19:26 - [TEST_STEP][PASSED] - click(findTestObject("OCS-DESKTOP/Age gate and Mega menu/Indica Dominant_Menu item")): Object: 'Object Repository/OCS-DESKTOP/Age gate and Mega menu/Indica Dominant_Menu item' is clicked on

2019-07-15 14:19:30 - [MESSAGE][PASSED] - Object: 'Object Repository/OCS-DESKTOP/Age gate and Mega menu/Indica Dominant_Menu item' is clicked on

2019-07-15 14:19:30 - [TEST_STEP][PASSED] - delay(2): Delayed 2 second(s)

2019-07-15 14:19:32 - [MESSAGE][PASSED] - Delayed 2 second(s)

2019-07-15 14:19:32 - [TEST_STEP][PASSED] - scrollToElement(findTestObject("OCS-DESKTOP/Collection page/Product image - 1st one"), 0): Scroll to object 'Object Repository/OCS-DESKTOP/Collection page/Product image - 1st one' successfully

2019-07-15 14:19:32 - [MESSAGE][WARNING] - Timeout '0' is invalid. Using default page load timeout: '30'

2019-07-15 14:19:32 - [MESSAGE][PASSED] - Scroll to object 'Object Repository/OCS-DESKTOP/Collection page/Product image - 1st one' successfully

2019-07-15 14:19:32 - [TEST_STEP][PASSED] - delay(2): Delayed 2 second(s)

2019-07-15 14:19:34 - [MESSAGE][PASSED] - Delayed 2 second(s)

2019-07-15 14:19:34 - [TEST_STEP][PASSED] - click(findTestObject("OCS-DESKTOP/Collection page/Product image - 1st one")): Object: 'Object Repository/OCS-DESKTOP/Collection page/Product image - 1st one' is clicked on

2019-07-15 14:19:38 - [MESSAGE][PASSED] - Object: 'Object Repository/OCS-DESKTOP/Collection page/Product image - 1st one' is clicked on

2019-07-15 14:19:38 - [TEST_STEP][PASSED] - executeJavaScript("var previewBar = document.getElementById("preview-bar-iframe"); previewBar.style.display = "none";", []): Execute JavaScript 'var previewBar = document.getElementById("preview-bar-iframe"); previewBar.style.display = "none";' successfully

2019-07-15 14:19:38 - [MESSAGE][PASSED] - Execute JavaScript 'var previewBar = document.getElementById("preview-bar-iframe"); previewBar.style.display = "none";' successfully

2019-07-15 14:19:38 - [TEST_STEP][PASSED] - delay(2): Delayed 2 second(s)

2019-07-15 14:19:40 - [MESSAGE][PASSED] - Delayed 2 second(s)

2019-07-15 14:19:40 - [MESSAGE][PASSED] - Call Test Case 'Test Cases/OCS - DESKTOP/CALL - PDP' successfully

2019-07-15 14:19:40 - [TEST_STEP][NOT_RUN] - scrollToElement(findTestObject("OCS-DESKTOP/Product page/Product image"), 1): NOT_RUN: scrollToElement(findTestObject("OCS-DESKTOP/Product page/Product image"), 1)

2019-07-15 14:19:40 - [MESSAGE][NOT_RUN] - NOT_RUN: scrollToElement(findTestObject("OCS-DESKTOP/Product page/Product image"), 1)

2019-07-15 14:19:40 - [TEST_STEP][PASSED] - delay(2): Delayed 2 second(s)

2019-07-15 14:19:42 - [MESSAGE][PASSED] - Delayed 2 second(s)

2019-07-15 14:19:42 - [TEST_STEP][PASSED] - click(findTestObject("OCS-DESKTOP/Product page/Swatch_1g")): Object: 'Object Repository/OCS-DESKTOP/Product page/Swatch_1g' is clicked on

2019-07-15 14:19:42 - [MESSAGE][PASSED] - Object: 'Object Repository/OCS-DESKTOP/Product page/Swatch_1g' is clicked on

2019-07-15 14:19:42 - [TEST_STEP][PASSED] - scrollToElement(findTestObject("OCS-DESKTOP/Product page/Swatch_3.5g"), 1): Scroll to object 'Object Repository/OCS-DESKTOP/Product page/Swatch_3.5g' successfully

2019-07-15 14:19:42 - [MESSAGE][PASSED] - Scroll to object 'Object Repository/OCS-DESKTOP/Product page/Swatch_3.5g' successfully

2019-07-15 14:19:42 - [TEST_STEP][PASSED] - delay(2): Delayed 2 second(s)

2019-07-15 14:19:44 - [MESSAGE][PASSED] - Delayed 2 second(s)

2019-07-15 14:19:44 - [TEST_STEP][PASSED] - click(findTestObject("OCS-DESKTOP/Product page/Add to Bag-button")): Object: 'Object Repository/OCS-DESKTOP/Product page/Add to Bag-button' is clicked on

2019-07-15 14:19:44 - [MESSAGE][PASSED] - Object: 'Object Repository/OCS-DESKTOP/Product page/Add to Bag-button' is clicked on

2019-07-15 14:19:44 - [TEST_STEP][PASSED] - delay(1): Delayed 1 second(s)

2019-07-15 14:19:45 - [MESSAGE][PASSED] - Delayed 1 second(s)

2019-07-15 14:19:45 - [TEST_STEP][PASSED] - click(findTestObject("OCS-DESKTOP/Home - page/Cart icon -bag")): Object: 'Object Repository/OCS-DESKTOP/Home - page/Cart icon -bag' is clicked on

2019-07-15 14:19:46 - [MESSAGE][PASSED] - Object: 'Object Repository/OCS-DESKTOP/Home - page/Cart icon -bag' is clicked on

2019-07-15 14:19:46 - [TEST_STEP][PASSED] - delay(1): Delayed 1 second(s)

2019-07-15 14:19:47 - [MESSAGE][PASSED] - Delayed 1 second(s)

2019-07-15 14:19:47 - [TEST_STEP][PASSED] - verifyElementPresent(findTestObject("OCS-DESKTOP/Cart flyout/Cart - 1st item"), 2): Object 'Object Repository/OCS-DESKTOP/Cart flyout/Cart - 1st item' is present

2019-07-15 14:19:47 - [MESSAGE][PASSED] - Object 'Object Repository/OCS-DESKTOP/Cart flyout/Cart - 1st item' is present

2019-07-15 14:19:47 - [TEST_STEP][PASSED] - delay(1): Delayed 1 second(s)

2019-07-15 14:19:48 - [MESSAGE][PASSED] - Delayed 1 second(s)

2019-07-15 14:19:48 - [TEST_STEP][PASSED] - click(findTestObject("OCS-DESKTOP/Cart flyout/Back icon")): Object: 'Object Repository/OCS-DESKTOP/Cart flyout/Back icon' is clicked on

2019-07-15 14:19:48 - [MESSAGE][PASSED] - Object: 'Object Repository/OCS-DESKTOP/Cart flyout/Back icon' is clicked on

2019-07-15 14:19:48 - [TEST_STEP][PASSED] - closeBrowser(): Browser is closed

2019-07-15 14:19:48 - [MESSAGE][PASSED] - Browser is closed]]></system-out>
         <system-err><![CDATA[]]></system-err>
      </testcase>
      <testcase name="Test Cases/OCS - DESKTOP/OCS- PRODUCT PAGE/Shop all of our products" classname="Test Cases/OCS - DESKTOP/OCS- PRODUCT PAGE/Shop all of our products" status="PASSED">
         <system-out><![CDATA[2019-07-15 14:19:48 - [TEST_CASE][PASSED] - Test Cases/OCS - DESKTOP/OCS- PRODUCT PAGE/Shop all of our products: Test Cases/OCS - DESKTOP/OCS- PRODUCT PAGE/Shop all of our products

2019-07-15 14:19:48 - [TEST_STEP][PASSED] - callTestCase(findTestCase("OCS - DESKTOP/CALL - PDP"), [:], STOP_ON_FAILURE): Call Test Case 'Test Cases/OCS - DESKTOP/CALL - PDP' successfully

2019-07-15 14:19:48 - [TEST_CASE][PASSED] - Test Cases/OCS - DESKTOP/CALL - PDP: Test Cases/OCS - DESKTOP/CALL - PDP

2019-07-15 14:19:48 - [TEST_STEP][PASSED] - openBrowser(""): Browser is opened with url: ''

2019-07-15 14:19:48 - [MESSAGE][INFO] - Starting 'Chrome' driver

2019-07-15 14:19:49 - [MESSAGE][PASSED] - Browser is opened with url: ''

2019-07-15 14:19:49 - [TEST_STEP][PASSED] - navigateToUrl("https://ocs.ca/?fts=0&preview_theme_id=74205529932"): Navigate to 'https://ocs.ca/?fts=0&preview_theme_id=74205529932' successfully

2019-07-15 14:19:54 - [MESSAGE][PASSED] - Navigate to 'https://ocs.ca/?fts=0&preview_theme_id=74205529932' successfully

2019-07-15 14:19:54 - [TEST_STEP][PASSED] - maximizeWindow(): Current window maximized

2019-07-15 14:19:54 - [MESSAGE][PASSED] - Current window maximized

2019-07-15 14:19:54 - [TEST_STEP][PASSED] - executeJavaScript("var previewBar = document.getElementById("preview-bar-iframe"); previewBar.style.display = "none";", []): Execute JavaScript 'var previewBar = document.getElementById("preview-bar-iframe"); previewBar.style.display = "none";' successfully

2019-07-15 14:19:54 - [MESSAGE][PASSED] - Execute JavaScript 'var previewBar = document.getElementById("preview-bar-iframe"); previewBar.style.display = "none";' successfully

2019-07-15 14:19:54 - [TEST_STEP][PASSED] - delay(4): Delayed 4 second(s)

2019-07-15 14:19:58 - [MESSAGE][PASSED] - Delayed 4 second(s)

2019-07-15 14:19:58 - [TEST_STEP][PASSED] - selectOptionByValue(findTestObject("OCS-DESKTOP/Age gate and Mega menu/Date"), "12", true): All options with value '12' are selected in object 'Object Repository/OCS-DESKTOP/Age gate and Mega menu/Date'  using regular expression

2019-07-15 14:19:58 - [MESSAGE][PASSED] - All options with value '12' are selected in object 'Object Repository/OCS-DESKTOP/Age gate and Mega menu/Date'  using regular expression

2019-07-15 14:19:58 - [TEST_STEP][PASSED] - selectOptionByValue(findTestObject("OCS-DESKTOP/Age gate and Mega menu/month"), "6", true): All options with value '6' are selected in object 'Object Repository/OCS-DESKTOP/Age gate and Mega menu/month'  using regular expression

2019-07-15 14:19:58 - [MESSAGE][PASSED] - All options with value '6' are selected in object 'Object Repository/OCS-DESKTOP/Age gate and Mega menu/month'  using regular expression

2019-07-15 14:19:58 - [TEST_STEP][PASSED] - delay(2): Delayed 2 second(s)

2019-07-15 14:20:00 - [MESSAGE][PASSED] - Delayed 2 second(s)

2019-07-15 14:20:00 - [TEST_STEP][PASSED] - selectOptionByValue(findTestObject("OCS-DESKTOP/Age gate and Mega menu/Year Dropdown"), "1990", true): All options with value '1990' are selected in object 'Object Repository/OCS-DESKTOP/Age gate and Mega menu/Year Dropdown'  using regular expression

2019-07-15 14:20:02 - [MESSAGE][PASSED] - All options with value '1990' are selected in object 'Object Repository/OCS-DESKTOP/Age gate and Mega menu/Year Dropdown'  using regular expression

2019-07-15 14:20:02 - [TEST_STEP][PASSED] - click(findTestObject("OCS-DESKTOP/Age gate and Mega menu/button_Verify")): Object: 'Object Repository/OCS-DESKTOP/Age gate and Mega menu/button_Verify' is clicked on

2019-07-15 14:20:02 - [MESSAGE][PASSED] - Object: 'Object Repository/OCS-DESKTOP/Age gate and Mega menu/button_Verify' is clicked on

2019-07-15 14:20:02 - [TEST_STEP][PASSED] - click(findTestObject("OCS-DESKTOP/Age gate and Mega menu/Checkbox_CONFIRM AND ACKNOWLEDGE")): Object: 'Object Repository/OCS-DESKTOP/Age gate and Mega menu/Checkbox_CONFIRM AND ACKNOWLEDGE' is clicked on

2019-07-15 14:20:02 - [MESSAGE][PASSED] - Object: 'Object Repository/OCS-DESKTOP/Age gate and Mega menu/Checkbox_CONFIRM AND ACKNOWLEDGE' is clicked on

2019-07-15 14:20:02 - [TEST_STEP][PASSED] - click(findTestObject("OCS-DESKTOP/Age gate and Mega menu/button_CONFIRM")): Object: 'Object Repository/OCS-DESKTOP/Age gate and Mega menu/button_CONFIRM' is clicked on

2019-07-15 14:20:02 - [MESSAGE][PASSED] - Object: 'Object Repository/OCS-DESKTOP/Age gate and Mega menu/button_CONFIRM' is clicked on

2019-07-15 14:20:02 - [TEST_STEP][PASSED] - click(findTestObject("OCS-DESKTOP/Age gate and Mega menu/button_Start Browsing")): Object: 'Object Repository/OCS-DESKTOP/Age gate and Mega menu/button_Start Browsing' is clicked on

2019-07-15 14:20:02 - [MESSAGE][PASSED] - Object: 'Object Repository/OCS-DESKTOP/Age gate and Mega menu/button_Start Browsing' is clicked on

2019-07-15 14:20:02 - [TEST_STEP][PASSED] - refresh(): Refresh successfully

2019-07-15 14:20:02 - [MESSAGE][PASSED] - Refresh successfully

2019-07-15 14:20:02 - [TEST_STEP][PASSED] - delay(2): Delayed 2 second(s)

2019-07-15 14:20:04 - [MESSAGE][PASSED] - Delayed 2 second(s)

2019-07-15 14:20:04 - [TEST_STEP][PASSED] - click(findTestObject("OCS-DESKTOP/Age gate and Mega menu/Header/CANNABIS menu - English")): Object: 'Object Repository/OCS-DESKTOP/Age gate and Mega menu/Header/CANNABIS menu - English' is clicked on

2019-07-15 14:20:06 - [MESSAGE][PASSED] - Object: 'Object Repository/OCS-DESKTOP/Age gate and Mega menu/Header/CANNABIS menu - English' is clicked on

2019-07-15 14:20:06 - [TEST_STEP][PASSED] - delay(2): Delayed 2 second(s)

2019-07-15 14:20:08 - [MESSAGE][PASSED] - Delayed 2 second(s)

2019-07-15 14:20:08 - [TEST_STEP][PASSED] - click(findTestObject("OCS-DESKTOP/Age gate and Mega menu/Indica Dominant_Menu item")): Object: 'Object Repository/OCS-DESKTOP/Age gate and Mega menu/Indica Dominant_Menu item' is clicked on

2019-07-15 14:20:12 - [MESSAGE][PASSED] - Object: 'Object Repository/OCS-DESKTOP/Age gate and Mega menu/Indica Dominant_Menu item' is clicked on

2019-07-15 14:20:12 - [TEST_STEP][PASSED] - delay(2): Delayed 2 second(s)

2019-07-15 14:20:14 - [MESSAGE][PASSED] - Delayed 2 second(s)

2019-07-15 14:20:14 - [TEST_STEP][PASSED] - scrollToElement(findTestObject("OCS-DESKTOP/Collection page/Product image - 1st one"), 0): Scroll to object 'Object Repository/OCS-DESKTOP/Collection page/Product image - 1st one' successfully

2019-07-15 14:20:14 - [MESSAGE][WARNING] - Timeout '0' is invalid. Using default page load timeout: '30'

2019-07-15 14:20:14 - [MESSAGE][PASSED] - Scroll to object 'Object Repository/OCS-DESKTOP/Collection page/Product image - 1st one' successfully

2019-07-15 14:20:14 - [TEST_STEP][PASSED] - delay(2): Delayed 2 second(s)

2019-07-15 14:20:16 - [MESSAGE][PASSED] - Delayed 2 second(s)

2019-07-15 14:20:16 - [TEST_STEP][PASSED] - click(findTestObject("OCS-DESKTOP/Collection page/Product image - 1st one")): Object: 'Object Repository/OCS-DESKTOP/Collection page/Product image - 1st one' is clicked on

2019-07-15 14:20:21 - [MESSAGE][PASSED] - Object: 'Object Repository/OCS-DESKTOP/Collection page/Product image - 1st one' is clicked on

2019-07-15 14:20:21 - [TEST_STEP][PASSED] - executeJavaScript("var previewBar = document.getElementById("preview-bar-iframe"); previewBar.style.display = "none";", []): Execute JavaScript 'var previewBar = document.getElementById("preview-bar-iframe"); previewBar.style.display = "none";' successfully

2019-07-15 14:20:21 - [MESSAGE][PASSED] - Execute JavaScript 'var previewBar = document.getElementById("preview-bar-iframe"); previewBar.style.display = "none";' successfully

2019-07-15 14:20:21 - [TEST_STEP][PASSED] - delay(2): Delayed 2 second(s)

2019-07-15 14:20:23 - [MESSAGE][PASSED] - Delayed 2 second(s)

2019-07-15 14:20:23 - [MESSAGE][PASSED] - Call Test Case 'Test Cases/OCS - DESKTOP/CALL - PDP' successfully

2019-07-15 14:20:23 - [TEST_STEP][NOT_RUN] - scrollToElement(findTestObject("OCS-MOBILE /Product page/Recently Viewed/1st Product - Image"), 2): NOT_RUN: scrollToElement(findTestObject("OCS-MOBILE /Product page/Recently Viewed/1st Product - Image"), 2)

2019-07-15 14:20:23 - [MESSAGE][NOT_RUN] - NOT_RUN: scrollToElement(findTestObject("OCS-MOBILE /Product page/Recently Viewed/1st Product - Image"), 2)

2019-07-15 14:20:23 - [TEST_STEP][PASSED] - delay(1, OPTIONAL): Delayed 1 second(s)

2019-07-15 14:20:24 - [MESSAGE][PASSED] - Delayed 1 second(s)

2019-07-15 14:20:24 - [TEST_STEP][PASSED] - click(findTestObject("OCS-DESKTOP/Product page/Shop all of our products - Button")): Object: 'Object Repository/OCS-DESKTOP/Product page/Shop all of our products - Button' is clicked on

2019-07-15 14:20:28 - [MESSAGE][PASSED] - Object: 'Object Repository/OCS-DESKTOP/Product page/Shop all of our products - Button' is clicked on

2019-07-15 14:20:28 - [TEST_STEP][PASSED] - a = getWindowTitle(): Current window's title is: 'All Products | Ontario Cannabis Store'

2019-07-15 14:20:28 - [MESSAGE][PASSED] - Current window's title is: 'All Products | Ontario Cannabis Store'

2019-07-15 14:20:28 - [TEST_STEP][PASSED] - b = "All Products | Ontario Cannabis Store": null

2019-07-15 14:20:28 - [TEST_STEP][PASSED] - comment("WINDOW TITLE: " + a): WINDOW TITLE: All Products | Ontario Cannabis Store

2019-07-15 14:20:28 - [MESSAGE][INFO] - WINDOW TITLE: All Products | Ontario Cannabis Store

2019-07-15 14:20:28 - [TEST_STEP][PASSED] - verifyEqual(a, b): Actual object 'All Products | Ontario Cannabis Store' and expected object 'All Products | Ontario Cannabis Store' are equal

2019-07-15 14:20:28 - [MESSAGE][PASSED] - Actual object 'All Products | Ontario Cannabis Store' and expected object 'All Products | Ontario Cannabis Store' are equal]]></system-out>
         <system-err><![CDATA[]]></system-err>
      </testcase>
      <testcase name="Test Cases/OCS - DESKTOP/OCS- PRODUCT PAGE/Tooltip" classname="Test Cases/OCS - DESKTOP/OCS- PRODUCT PAGE/Tooltip" status="PASSED">
         <system-out><![CDATA[2019-07-15 14:20:28 - [TEST_CASE][PASSED] - Test Cases/OCS - DESKTOP/OCS- PRODUCT PAGE/Tooltip: Test Cases/OCS - DESKTOP/OCS- PRODUCT PAGE/Tooltip

2019-07-15 14:20:28 - [TEST_STEP][PASSED] - callTestCase(findTestCase("OCS - DESKTOP/CALL - PDP"), [:], STOP_ON_FAILURE): Call Test Case 'Test Cases/OCS - DESKTOP/CALL - PDP' successfully

2019-07-15 14:20:28 - [TEST_CASE][PASSED] - Test Cases/OCS - DESKTOP/CALL - PDP: Test Cases/OCS - DESKTOP/CALL - PDP

2019-07-15 14:20:28 - [TEST_STEP][PASSED] - openBrowser(""): Browser is opened with url: ''

2019-07-15 14:20:28 - [MESSAGE][WARNING] - A browser is already opened. Closing browser and opening a new one

2019-07-15 14:20:28 - [MESSAGE][INFO] - Starting 'Chrome' driver

2019-07-15 14:20:29 - [MESSAGE][PASSED] - Browser is opened with url: ''

2019-07-15 14:20:29 - [TEST_STEP][PASSED] - navigateToUrl("https://ocs.ca/?fts=0&preview_theme_id=74205529932"): Navigate to 'https://ocs.ca/?fts=0&preview_theme_id=74205529932' successfully

2019-07-15 14:20:36 - [MESSAGE][PASSED] - Navigate to 'https://ocs.ca/?fts=0&preview_theme_id=74205529932' successfully

2019-07-15 14:20:36 - [TEST_STEP][PASSED] - maximizeWindow(): Current window maximized

2019-07-15 14:20:36 - [MESSAGE][PASSED] - Current window maximized

2019-07-15 14:20:36 - [TEST_STEP][PASSED] - executeJavaScript("var previewBar = document.getElementById("preview-bar-iframe"); previewBar.style.display = "none";", []): Execute JavaScript 'var previewBar = document.getElementById("preview-bar-iframe"); previewBar.style.display = "none";' successfully

2019-07-15 14:20:36 - [MESSAGE][PASSED] - Execute JavaScript 'var previewBar = document.getElementById("preview-bar-iframe"); previewBar.style.display = "none";' successfully

2019-07-15 14:20:36 - [TEST_STEP][PASSED] - delay(4): Delayed 4 second(s)

2019-07-15 14:20:40 - [MESSAGE][PASSED] - Delayed 4 second(s)

2019-07-15 14:20:40 - [TEST_STEP][PASSED] - selectOptionByValue(findTestObject("OCS-DESKTOP/Age gate and Mega menu/Date"), "12", true): All options with value '12' are selected in object 'Object Repository/OCS-DESKTOP/Age gate and Mega menu/Date'  using regular expression

2019-07-15 14:20:40 - [MESSAGE][PASSED] - All options with value '12' are selected in object 'Object Repository/OCS-DESKTOP/Age gate and Mega menu/Date'  using regular expression

2019-07-15 14:20:40 - [TEST_STEP][PASSED] - selectOptionByValue(findTestObject("OCS-DESKTOP/Age gate and Mega menu/month"), "6", true): All options with value '6' are selected in object 'Object Repository/OCS-DESKTOP/Age gate and Mega menu/month'  using regular expression

2019-07-15 14:20:40 - [MESSAGE][PASSED] - All options with value '6' are selected in object 'Object Repository/OCS-DESKTOP/Age gate and Mega menu/month'  using regular expression

2019-07-15 14:20:40 - [TEST_STEP][PASSED] - delay(2): Delayed 2 second(s)

2019-07-15 14:20:42 - [MESSAGE][PASSED] - Delayed 2 second(s)

2019-07-15 14:20:42 - [TEST_STEP][PASSED] - selectOptionByValue(findTestObject("OCS-DESKTOP/Age gate and Mega menu/Year Dropdown"), "1990", true): All options with value '1990' are selected in object 'Object Repository/OCS-DESKTOP/Age gate and Mega menu/Year Dropdown'  using regular expression

2019-07-15 14:20:44 - [MESSAGE][PASSED] - All options with value '1990' are selected in object 'Object Repository/OCS-DESKTOP/Age gate and Mega menu/Year Dropdown'  using regular expression

2019-07-15 14:20:44 - [TEST_STEP][PASSED] - click(findTestObject("OCS-DESKTOP/Age gate and Mega menu/button_Verify")): Object: 'Object Repository/OCS-DESKTOP/Age gate and Mega menu/button_Verify' is clicked on

2019-07-15 14:20:44 - [MESSAGE][PASSED] - Object: 'Object Repository/OCS-DESKTOP/Age gate and Mega menu/button_Verify' is clicked on

2019-07-15 14:20:44 - [TEST_STEP][PASSED] - click(findTestObject("OCS-DESKTOP/Age gate and Mega menu/Checkbox_CONFIRM AND ACKNOWLEDGE")): Object: 'Object Repository/OCS-DESKTOP/Age gate and Mega menu/Checkbox_CONFIRM AND ACKNOWLEDGE' is clicked on

2019-07-15 14:20:44 - [MESSAGE][PASSED] - Object: 'Object Repository/OCS-DESKTOP/Age gate and Mega menu/Checkbox_CONFIRM AND ACKNOWLEDGE' is clicked on

2019-07-15 14:20:44 - [TEST_STEP][PASSED] - click(findTestObject("OCS-DESKTOP/Age gate and Mega menu/button_CONFIRM")): Object: 'Object Repository/OCS-DESKTOP/Age gate and Mega menu/button_CONFIRM' is clicked on

2019-07-15 14:20:44 - [MESSAGE][PASSED] - Object: 'Object Repository/OCS-DESKTOP/Age gate and Mega menu/button_CONFIRM' is clicked on

2019-07-15 14:20:44 - [TEST_STEP][PASSED] - click(findTestObject("OCS-DESKTOP/Age gate and Mega menu/button_Start Browsing")): Object: 'Object Repository/OCS-DESKTOP/Age gate and Mega menu/button_Start Browsing' is clicked on

2019-07-15 14:20:44 - [MESSAGE][PASSED] - Object: 'Object Repository/OCS-DESKTOP/Age gate and Mega menu/button_Start Browsing' is clicked on

2019-07-15 14:20:44 - [TEST_STEP][PASSED] - refresh(): Refresh successfully

2019-07-15 14:20:44 - [MESSAGE][PASSED] - Refresh successfully

2019-07-15 14:20:44 - [TEST_STEP][PASSED] - delay(2): Delayed 2 second(s)

2019-07-15 14:20:46 - [MESSAGE][PASSED] - Delayed 2 second(s)

2019-07-15 14:20:46 - [TEST_STEP][PASSED] - click(findTestObject("OCS-DESKTOP/Age gate and Mega menu/Header/CANNABIS menu - English")): Object: 'Object Repository/OCS-DESKTOP/Age gate and Mega menu/Header/CANNABIS menu - English' is clicked on

2019-07-15 14:20:48 - [MESSAGE][PASSED] - Object: 'Object Repository/OCS-DESKTOP/Age gate and Mega menu/Header/CANNABIS menu - English' is clicked on

2019-07-15 14:20:48 - [TEST_STEP][PASSED] - delay(2): Delayed 2 second(s)

2019-07-15 14:20:50 - [MESSAGE][PASSED] - Delayed 2 second(s)

2019-07-15 14:20:50 - [TEST_STEP][PASSED] - click(findTestObject("OCS-DESKTOP/Age gate and Mega menu/Indica Dominant_Menu item")): Object: 'Object Repository/OCS-DESKTOP/Age gate and Mega menu/Indica Dominant_Menu item' is clicked on

2019-07-15 14:20:52 - [MESSAGE][PASSED] - Object: 'Object Repository/OCS-DESKTOP/Age gate and Mega menu/Indica Dominant_Menu item' is clicked on

2019-07-15 14:20:52 - [TEST_STEP][PASSED] - delay(2): Delayed 2 second(s)

2019-07-15 14:20:54 - [MESSAGE][PASSED] - Delayed 2 second(s)

2019-07-15 14:20:54 - [TEST_STEP][PASSED] - scrollToElement(findTestObject("OCS-DESKTOP/Collection page/Product image - 1st one"), 0): Scroll to object 'Object Repository/OCS-DESKTOP/Collection page/Product image - 1st one' successfully

2019-07-15 14:20:54 - [MESSAGE][WARNING] - Timeout '0' is invalid. Using default page load timeout: '30'

2019-07-15 14:20:54 - [MESSAGE][PASSED] - Scroll to object 'Object Repository/OCS-DESKTOP/Collection page/Product image - 1st one' successfully

2019-07-15 14:20:54 - [TEST_STEP][PASSED] - delay(2): Delayed 2 second(s)

2019-07-15 14:20:56 - [MESSAGE][PASSED] - Delayed 2 second(s)

2019-07-15 14:20:56 - [TEST_STEP][PASSED] - click(findTestObject("OCS-DESKTOP/Collection page/Product image - 1st one")): Object: 'Object Repository/OCS-DESKTOP/Collection page/Product image - 1st one' is clicked on

2019-07-15 14:20:59 - [MESSAGE][PASSED] - Object: 'Object Repository/OCS-DESKTOP/Collection page/Product image - 1st one' is clicked on

2019-07-15 14:20:59 - [TEST_STEP][PASSED] - executeJavaScript("var previewBar = document.getElementById("preview-bar-iframe"); previewBar.style.display = "none";", []): Execute JavaScript 'var previewBar = document.getElementById("preview-bar-iframe"); previewBar.style.display = "none";' successfully

2019-07-15 14:20:59 - [MESSAGE][PASSED] - Execute JavaScript 'var previewBar = document.getElementById("preview-bar-iframe"); previewBar.style.display = "none";' successfully

2019-07-15 14:20:59 - [TEST_STEP][PASSED] - delay(2): Delayed 2 second(s)

2019-07-15 14:21:01 - [MESSAGE][PASSED] - Delayed 2 second(s)

2019-07-15 14:21:01 - [MESSAGE][PASSED] - Call Test Case 'Test Cases/OCS - DESKTOP/CALL - PDP' successfully

2019-07-15 14:21:01 - [TEST_STEP][PASSED] - mouseOver(findTestObject("OCS-DESKTOP/Product page/Tooltips/THC - Tooltip")): Object: 'Object Repository/OCS-DESKTOP/Product page/Tooltips/THC - Tooltip' is hovered

2019-07-15 14:21:01 - [MESSAGE][PASSED] - Object: 'Object Repository/OCS-DESKTOP/Product page/Tooltips/THC - Tooltip' is hovered

2019-07-15 14:21:01 - [TEST_STEP][PASSED] - takeScreenshot(): Taking screenshot successfully

2019-07-15 14:21:02 - [MESSAGE][PASSED] - Taking screenshot successfully
[[ATTACHMENT|/Users/sumankompelly/git/OCS--Relative-xpath-Desktop/Reports/Suite - Chrome/20190715_133533/1563214861992.png]]

2019-07-15 14:21:02 - [TEST_STEP][PASSED] - delay(2): Delayed 2 second(s)

2019-07-15 14:21:04 - [MESSAGE][PASSED] - Delayed 2 second(s)

2019-07-15 14:21:04 - [TEST_STEP][PASSED] - mouseOver(findTestObject("OCS-DESKTOP/Product page/Tooltips/CBD - Tooltip")): Object: 'Object Repository/OCS-DESKTOP/Product page/Tooltips/CBD - Tooltip' is hovered

2019-07-15 14:21:04 - [MESSAGE][PASSED] - Object: 'Object Repository/OCS-DESKTOP/Product page/Tooltips/CBD - Tooltip' is hovered

2019-07-15 14:21:04 - [TEST_STEP][PASSED] - takeScreenshot(): Taking screenshot successfully

2019-07-15 14:21:05 - [MESSAGE][PASSED] - Taking screenshot successfully
[[ATTACHMENT|/Users/sumankompelly/git/OCS--Relative-xpath-Desktop/Reports/Suite - Chrome/20190715_133533/1563214864684.png]]

2019-07-15 14:21:05 - [TEST_STEP][PASSED] - delay(2): Delayed 2 second(s)

2019-07-15 14:21:07 - [MESSAGE][PASSED] - Delayed 2 second(s)

2019-07-15 14:21:07 - [TEST_STEP][PASSED] - mouseOver(findTestObject("OCS-DESKTOP/Product page/Tooltips/Plant type - Tooltip")): Object: 'Object Repository/OCS-DESKTOP/Product page/Tooltips/Plant type - Tooltip' is hovered

2019-07-15 14:21:07 - [MESSAGE][PASSED] - Object: 'Object Repository/OCS-DESKTOP/Product page/Tooltips/Plant type - Tooltip' is hovered

2019-07-15 14:21:07 - [TEST_STEP][PASSED] - takeScreenshot(): Taking screenshot successfully

2019-07-15 14:21:07 - [MESSAGE][PASSED] - Taking screenshot successfully
[[ATTACHMENT|/Users/sumankompelly/git/OCS--Relative-xpath-Desktop/Reports/Suite - Chrome/20190715_133533/1563214867219.png]]

2019-07-15 14:21:07 - [TEST_STEP][PASSED] - delay(2): Delayed 2 second(s)

2019-07-15 14:21:09 - [MESSAGE][PASSED] - Delayed 2 second(s)

2019-07-15 14:21:09 - [TEST_STEP][PASSED] - click(findTestObject("OCS-DESKTOP/Product page/Tooltips/Terpenes - Tooltip")): Object: 'Object Repository/OCS-DESKTOP/Product page/Tooltips/Terpenes - Tooltip' is clicked on

2019-07-15 14:21:09 - [MESSAGE][PASSED] - Object: 'Object Repository/OCS-DESKTOP/Product page/Tooltips/Terpenes - Tooltip' is clicked on

2019-07-15 14:21:09 - [TEST_STEP][PASSED] - takeScreenshot(): Taking screenshot successfully

2019-07-15 14:21:10 - [MESSAGE][PASSED] - Taking screenshot successfully
[[ATTACHMENT|/Users/sumankompelly/git/OCS--Relative-xpath-Desktop/Reports/Suite - Chrome/20190715_133533/1563214869809.png]]

2019-07-15 14:21:10 - [TEST_STEP][PASSED] - delay(2): Delayed 2 second(s)

2019-07-15 14:21:12 - [MESSAGE][PASSED] - Delayed 2 second(s)

2019-07-15 14:21:12 - [TEST_STEP][PASSED] - scrollToElement(findTestObject("OCS-DESKTOP/Product page/About Product - Section"), 0): Scroll to object 'Object Repository/OCS-DESKTOP/Product page/About Product - Section' successfully

2019-07-15 14:21:12 - [MESSAGE][WARNING] - Timeout '0' is invalid. Using default page load timeout: '30'

2019-07-15 14:21:12 - [MESSAGE][PASSED] - Scroll to object 'Object Repository/OCS-DESKTOP/Product page/About Product - Section' successfully

2019-07-15 14:21:12 - [TEST_STEP][PASSED] - click(findTestObject("OCS-DESKTOP/Product page/Tooltips/THC - Tooltip - About this product")): Object: 'Object Repository/OCS-DESKTOP/Product page/Tooltips/THC - Tooltip - About this product' is clicked on

2019-07-15 14:21:12 - [MESSAGE][PASSED] - Object: 'Object Repository/OCS-DESKTOP/Product page/Tooltips/THC - Tooltip - About this product' is clicked on

2019-07-15 14:21:12 - [TEST_STEP][PASSED] - delay(1): Delayed 1 second(s)

2019-07-15 14:21:13 - [MESSAGE][PASSED] - Delayed 1 second(s)

2019-07-15 14:21:13 - [TEST_STEP][PASSED] - takeScreenshot(): Taking screenshot successfully

2019-07-15 14:21:13 - [MESSAGE][PASSED] - Taking screenshot successfully
[[ATTACHMENT|/Users/sumankompelly/git/OCS--Relative-xpath-Desktop/Reports/Suite - Chrome/20190715_133533/1563214873470.png]]

2019-07-15 14:21:13 - [TEST_STEP][PASSED] - delay(1): Delayed 1 second(s)

2019-07-15 14:21:14 - [MESSAGE][PASSED] - Delayed 1 second(s)

2019-07-15 14:21:14 - [TEST_STEP][NOT_RUN] - click(findTestObject("OCS-DESKTOP/Product page/Tooltips/Close - Tooltip - THC")): NOT_RUN: click(findTestObject("OCS-DESKTOP/Product page/Tooltips/Close - Tooltip - THC"))

2019-07-15 14:21:14 - [MESSAGE][NOT_RUN] - NOT_RUN: click(findTestObject("OCS-DESKTOP/Product page/Tooltips/Close - Tooltip - THC"))

2019-07-15 14:21:14 - [TEST_STEP][PASSED] - delay(1): Delayed 1 second(s)

2019-07-15 14:21:16 - [MESSAGE][PASSED] - Delayed 1 second(s)

2019-07-15 14:21:16 - [TEST_STEP][PASSED] - click(findTestObject("OCS-DESKTOP/Product page/Tooltips/CBD - Tooltip - About this product")): Object: 'Object Repository/OCS-DESKTOP/Product page/Tooltips/CBD - Tooltip - About this product' is clicked on

2019-07-15 14:21:16 - [MESSAGE][PASSED] - Object: 'Object Repository/OCS-DESKTOP/Product page/Tooltips/CBD - Tooltip - About this product' is clicked on

2019-07-15 14:21:16 - [TEST_STEP][PASSED] - delay(1): Delayed 1 second(s)

2019-07-15 14:21:17 - [MESSAGE][PASSED] - Delayed 1 second(s)

2019-07-15 14:21:17 - [TEST_STEP][PASSED] - takeScreenshot(): Taking screenshot successfully

2019-07-15 14:21:17 - [MESSAGE][PASSED] - Taking screenshot successfully
[[ATTACHMENT|/Users/sumankompelly/git/OCS--Relative-xpath-Desktop/Reports/Suite - Chrome/20190715_133533/1563214877070.png]]

2019-07-15 14:21:17 - [TEST_STEP][PASSED] - delay(1): Delayed 1 second(s)

2019-07-15 14:21:18 - [MESSAGE][PASSED] - Delayed 1 second(s)

2019-07-15 14:21:18 - [TEST_STEP][NOT_RUN] - click(findTestObject("OCS-DESKTOP/Product page/Tooltips/Close - Tooltip - CBD")): NOT_RUN: click(findTestObject("OCS-DESKTOP/Product page/Tooltips/Close - Tooltip - CBD"))

2019-07-15 14:21:18 - [MESSAGE][NOT_RUN] - NOT_RUN: click(findTestObject("OCS-DESKTOP/Product page/Tooltips/Close - Tooltip - CBD"))

2019-07-15 14:21:18 - [TEST_STEP][PASSED] - delay(1): Delayed 1 second(s)

2019-07-15 14:21:19 - [MESSAGE][PASSED] - Delayed 1 second(s)

2019-07-15 14:21:19 - [TEST_STEP][PASSED] - click(findTestObject("OCS-DESKTOP/Product page/Tooltips/Plant type - Tooltip - About this product")): Object: 'Object Repository/OCS-DESKTOP/Product page/Tooltips/Plant type - Tooltip - About this product' is clicked on

2019-07-15 14:21:19 - [MESSAGE][PASSED] - Object: 'Object Repository/OCS-DESKTOP/Product page/Tooltips/Plant type - Tooltip - About this product' is clicked on

2019-07-15 14:21:19 - [TEST_STEP][PASSED] - delay(1): Delayed 1 second(s)

2019-07-15 14:21:20 - [MESSAGE][PASSED] - Delayed 1 second(s)

2019-07-15 14:21:20 - [TEST_STEP][PASSED] - takeScreenshot(): Taking screenshot successfully

2019-07-15 14:21:21 - [MESSAGE][PASSED] - Taking screenshot successfully
[[ATTACHMENT|/Users/sumankompelly/git/OCS--Relative-xpath-Desktop/Reports/Suite - Chrome/20190715_133533/1563214880600.png]]

2019-07-15 14:21:21 - [TEST_STEP][PASSED] - delay(1): Delayed 1 second(s)

2019-07-15 14:21:22 - [MESSAGE][PASSED] - Delayed 1 second(s)

2019-07-15 14:21:22 - [TEST_STEP][NOT_RUN] - click(findTestObject("OCS-DESKTOP/Product page/Tooltips/Close - Tooltip - Plant")): NOT_RUN: click(findTestObject("OCS-DESKTOP/Product page/Tooltips/Close - Tooltip - Plant"))

2019-07-15 14:21:22 - [MESSAGE][NOT_RUN] - NOT_RUN: click(findTestObject("OCS-DESKTOP/Product page/Tooltips/Close - Tooltip - Plant"))

2019-07-15 14:21:22 - [TEST_STEP][PASSED] - delay(1): Delayed 1 second(s)

2019-07-15 14:21:23 - [MESSAGE][PASSED] - Delayed 1 second(s)

2019-07-15 14:21:23 - [TEST_STEP][PASSED] - click(findTestObject("OCS-DESKTOP/Product page/Tooltips/Terpenes - Tooltip - About this product")): Object: 'Object Repository/OCS-DESKTOP/Product page/Tooltips/Terpenes - Tooltip - About this product' is clicked on

2019-07-15 14:21:23 - [MESSAGE][PASSED] - Object: 'Object Repository/OCS-DESKTOP/Product page/Tooltips/Terpenes - Tooltip - About this product' is clicked on

2019-07-15 14:21:23 - [TEST_STEP][PASSED] - delay(1): Delayed 1 second(s)

2019-07-15 14:21:24 - [MESSAGE][PASSED] - Delayed 1 second(s)

2019-07-15 14:21:24 - [TEST_STEP][PASSED] - takeScreenshot(): Taking screenshot successfully

2019-07-15 14:21:24 - [MESSAGE][PASSED] - Taking screenshot successfully
[[ATTACHMENT|/Users/sumankompelly/git/OCS--Relative-xpath-Desktop/Reports/Suite - Chrome/20190715_133533/1563214884200.png]]

2019-07-15 14:21:24 - [TEST_STEP][PASSED] - delay(1): Delayed 1 second(s)

2019-07-15 14:21:25 - [MESSAGE][PASSED] - Delayed 1 second(s)

2019-07-15 14:21:25 - [TEST_STEP][NOT_RUN] - click(findTestObject("OCS-DESKTOP/Product page/Tooltips/Close - Tooltip - Terepenes")): NOT_RUN: click(findTestObject("OCS-DESKTOP/Product page/Tooltips/Close - Tooltip - Terepenes"))

2019-07-15 14:21:25 - [MESSAGE][NOT_RUN] - NOT_RUN: click(findTestObject("OCS-DESKTOP/Product page/Tooltips/Close - Tooltip - Terepenes"))

2019-07-15 14:21:25 - [TEST_STEP][PASSED] - delay(1): Delayed 1 second(s)

2019-07-15 14:21:26 - [MESSAGE][PASSED] - Delayed 1 second(s)

2019-07-15 14:21:26 - [TEST_STEP][PASSED] - click(findTestObject("OCS-DESKTOP/Product page/Tooltips/GTIN - Tooltip - About this product")): Object: 'Object Repository/OCS-DESKTOP/Product page/Tooltips/GTIN - Tooltip - About this product' is clicked on

2019-07-15 14:21:26 - [MESSAGE][PASSED] - Object: 'Object Repository/OCS-DESKTOP/Product page/Tooltips/GTIN - Tooltip - About this product' is clicked on

2019-07-15 14:21:26 - [TEST_STEP][PASSED] - delay(1): Delayed 1 second(s)

2019-07-15 14:21:27 - [MESSAGE][PASSED] - Delayed 1 second(s)

2019-07-15 14:21:27 - [TEST_STEP][PASSED] - takeScreenshot(): Taking screenshot successfully

2019-07-15 14:21:28 - [MESSAGE][PASSED] - Taking screenshot successfully
[[ATTACHMENT|/Users/sumankompelly/git/OCS--Relative-xpath-Desktop/Reports/Suite - Chrome/20190715_133533/1563214887732.png]]

2019-07-15 14:21:28 - [TEST_STEP][PASSED] - delay(1): Delayed 1 second(s)

2019-07-15 14:21:29 - [MESSAGE][PASSED] - Delayed 1 second(s)

2019-07-15 14:21:29 - [TEST_STEP][NOT_RUN] - click(findTestObject("OCS-DESKTOP/Product page/Tooltips/Close - Tooltip - GTIN")): NOT_RUN: click(findTestObject("OCS-DESKTOP/Product page/Tooltips/Close - Tooltip - GTIN"))

2019-07-15 14:21:29 - [MESSAGE][NOT_RUN] - NOT_RUN: click(findTestObject("OCS-DESKTOP/Product page/Tooltips/Close - Tooltip - GTIN"))

2019-07-15 14:21:29 - [TEST_STEP][PASSED] - delay(1): Delayed 1 second(s)

2019-07-15 14:21:30 - [MESSAGE][PASSED] - Delayed 1 second(s)]]></system-out>
         <system-err><![CDATA[]]></system-err>
      </testcase>
      <testcase name="Test Cases/OCS - DESKTOP/OCS- PRODUCT PAGE/Show all accessories" classname="Test Cases/OCS - DESKTOP/OCS- PRODUCT PAGE/Show all accessories" status="PASSED">
         <system-out><![CDATA[2019-07-15 14:21:30 - [TEST_CASE][PASSED] - Test Cases/OCS - DESKTOP/OCS- PRODUCT PAGE/Show all accessories: Test Cases/OCS - DESKTOP/OCS- PRODUCT PAGE/Show all accessories

2019-07-15 14:21:30 - [TEST_STEP][PASSED] - callTestCase(findTestCase("OCS - DESKTOP/CALL - PDP"), [:], STOP_ON_FAILURE): Call Test Case 'Test Cases/OCS - DESKTOP/CALL - PDP' successfully

2019-07-15 14:21:30 - [TEST_CASE][PASSED] - Test Cases/OCS - DESKTOP/CALL - PDP: Test Cases/OCS - DESKTOP/CALL - PDP

2019-07-15 14:21:30 - [TEST_STEP][PASSED] - openBrowser(""): Browser is opened with url: ''

2019-07-15 14:21:30 - [MESSAGE][WARNING] - A browser is already opened. Closing browser and opening a new one

2019-07-15 14:21:30 - [MESSAGE][INFO] - Starting 'Chrome' driver

2019-07-15 14:21:31 - [MESSAGE][PASSED] - Browser is opened with url: ''

2019-07-15 14:21:31 - [TEST_STEP][PASSED] - navigateToUrl("https://ocs.ca/?fts=0&preview_theme_id=74205529932"): Navigate to 'https://ocs.ca/?fts=0&preview_theme_id=74205529932' successfully

2019-07-15 14:21:36 - [MESSAGE][PASSED] - Navigate to 'https://ocs.ca/?fts=0&preview_theme_id=74205529932' successfully

2019-07-15 14:21:36 - [TEST_STEP][PASSED] - maximizeWindow(): Current window maximized

2019-07-15 14:21:36 - [MESSAGE][PASSED] - Current window maximized

2019-07-15 14:21:36 - [TEST_STEP][PASSED] - executeJavaScript("var previewBar = document.getElementById("preview-bar-iframe"); previewBar.style.display = "none";", []): Execute JavaScript 'var previewBar = document.getElementById("preview-bar-iframe"); previewBar.style.display = "none";' successfully

2019-07-15 14:21:36 - [MESSAGE][PASSED] - Execute JavaScript 'var previewBar = document.getElementById("preview-bar-iframe"); previewBar.style.display = "none";' successfully

2019-07-15 14:21:36 - [TEST_STEP][PASSED] - delay(4): Delayed 4 second(s)

2019-07-15 14:21:40 - [MESSAGE][PASSED] - Delayed 4 second(s)

2019-07-15 14:21:40 - [TEST_STEP][PASSED] - selectOptionByValue(findTestObject("OCS-DESKTOP/Age gate and Mega menu/Date"), "12", true): All options with value '12' are selected in object 'Object Repository/OCS-DESKTOP/Age gate and Mega menu/Date'  using regular expression

2019-07-15 14:21:41 - [MESSAGE][PASSED] - All options with value '12' are selected in object 'Object Repository/OCS-DESKTOP/Age gate and Mega menu/Date'  using regular expression

2019-07-15 14:21:41 - [TEST_STEP][PASSED] - selectOptionByValue(findTestObject("OCS-DESKTOP/Age gate and Mega menu/month"), "6", true): All options with value '6' are selected in object 'Object Repository/OCS-DESKTOP/Age gate and Mega menu/month'  using regular expression

2019-07-15 14:21:41 - [MESSAGE][PASSED] - All options with value '6' are selected in object 'Object Repository/OCS-DESKTOP/Age gate and Mega menu/month'  using regular expression

2019-07-15 14:21:41 - [TEST_STEP][PASSED] - delay(2): Delayed 2 second(s)

2019-07-15 14:21:43 - [MESSAGE][PASSED] - Delayed 2 second(s)

2019-07-15 14:21:43 - [TEST_STEP][PASSED] - selectOptionByValue(findTestObject("OCS-DESKTOP/Age gate and Mega menu/Year Dropdown"), "1990", true): All options with value '1990' are selected in object 'Object Repository/OCS-DESKTOP/Age gate and Mega menu/Year Dropdown'  using regular expression

2019-07-15 14:21:44 - [MESSAGE][PASSED] - All options with value '1990' are selected in object 'Object Repository/OCS-DESKTOP/Age gate and Mega menu/Year Dropdown'  using regular expression

2019-07-15 14:21:44 - [TEST_STEP][PASSED] - click(findTestObject("OCS-DESKTOP/Age gate and Mega menu/button_Verify")): Object: 'Object Repository/OCS-DESKTOP/Age gate and Mega menu/button_Verify' is clicked on

2019-07-15 14:21:44 - [MESSAGE][PASSED] - Object: 'Object Repository/OCS-DESKTOP/Age gate and Mega menu/button_Verify' is clicked on

2019-07-15 14:21:44 - [TEST_STEP][PASSED] - click(findTestObject("OCS-DESKTOP/Age gate and Mega menu/Checkbox_CONFIRM AND ACKNOWLEDGE")): Object: 'Object Repository/OCS-DESKTOP/Age gate and Mega menu/Checkbox_CONFIRM AND ACKNOWLEDGE' is clicked on

2019-07-15 14:21:44 - [MESSAGE][PASSED] - Object: 'Object Repository/OCS-DESKTOP/Age gate and Mega menu/Checkbox_CONFIRM AND ACKNOWLEDGE' is clicked on

2019-07-15 14:21:44 - [TEST_STEP][PASSED] - click(findTestObject("OCS-DESKTOP/Age gate and Mega menu/button_CONFIRM")): Object: 'Object Repository/OCS-DESKTOP/Age gate and Mega menu/button_CONFIRM' is clicked on

2019-07-15 14:21:44 - [MESSAGE][PASSED] - Object: 'Object Repository/OCS-DESKTOP/Age gate and Mega menu/button_CONFIRM' is clicked on

2019-07-15 14:21:44 - [TEST_STEP][PASSED] - click(findTestObject("OCS-DESKTOP/Age gate and Mega menu/button_Start Browsing")): Object: 'Object Repository/OCS-DESKTOP/Age gate and Mega menu/button_Start Browsing' is clicked on

2019-07-15 14:21:44 - [MESSAGE][PASSED] - Object: 'Object Repository/OCS-DESKTOP/Age gate and Mega menu/button_Start Browsing' is clicked on

2019-07-15 14:21:44 - [TEST_STEP][PASSED] - refresh(): Refresh successfully

2019-07-15 14:21:44 - [MESSAGE][PASSED] - Refresh successfully

2019-07-15 14:21:44 - [TEST_STEP][PASSED] - delay(2): Delayed 2 second(s)

2019-07-15 14:21:46 - [MESSAGE][PASSED] - Delayed 2 second(s)

2019-07-15 14:21:46 - [TEST_STEP][PASSED] - click(findTestObject("OCS-DESKTOP/Age gate and Mega menu/Header/CANNABIS menu - English")): Object: 'Object Repository/OCS-DESKTOP/Age gate and Mega menu/Header/CANNABIS menu - English' is clicked on

2019-07-15 14:21:48 - [MESSAGE][PASSED] - Object: 'Object Repository/OCS-DESKTOP/Age gate and Mega menu/Header/CANNABIS menu - English' is clicked on

2019-07-15 14:21:48 - [TEST_STEP][PASSED] - delay(2): Delayed 2 second(s)

2019-07-15 14:21:50 - [MESSAGE][PASSED] - Delayed 2 second(s)

2019-07-15 14:21:50 - [TEST_STEP][PASSED] - click(findTestObject("OCS-DESKTOP/Age gate and Mega menu/Indica Dominant_Menu item")): Object: 'Object Repository/OCS-DESKTOP/Age gate and Mega menu/Indica Dominant_Menu item' is clicked on

2019-07-15 14:21:53 - [MESSAGE][PASSED] - Object: 'Object Repository/OCS-DESKTOP/Age gate and Mega menu/Indica Dominant_Menu item' is clicked on

2019-07-15 14:21:53 - [TEST_STEP][PASSED] - delay(2): Delayed 2 second(s)

2019-07-15 14:21:55 - [MESSAGE][PASSED] - Delayed 2 second(s)

2019-07-15 14:21:55 - [TEST_STEP][PASSED] - scrollToElement(findTestObject("OCS-DESKTOP/Collection page/Product image - 1st one"), 0): Scroll to object 'Object Repository/OCS-DESKTOP/Collection page/Product image - 1st one' successfully

2019-07-15 14:21:55 - [MESSAGE][WARNING] - Timeout '0' is invalid. Using default page load timeout: '30'

2019-07-15 14:21:55 - [MESSAGE][PASSED] - Scroll to object 'Object Repository/OCS-DESKTOP/Collection page/Product image - 1st one' successfully

2019-07-15 14:21:55 - [TEST_STEP][PASSED] - delay(2): Delayed 2 second(s)

2019-07-15 14:21:57 - [MESSAGE][PASSED] - Delayed 2 second(s)

2019-07-15 14:21:57 - [TEST_STEP][PASSED] - click(findTestObject("OCS-DESKTOP/Collection page/Product image - 1st one")): Object: 'Object Repository/OCS-DESKTOP/Collection page/Product image - 1st one' is clicked on

2019-07-15 14:22:01 - [MESSAGE][PASSED] - Object: 'Object Repository/OCS-DESKTOP/Collection page/Product image - 1st one' is clicked on

2019-07-15 14:22:01 - [TEST_STEP][PASSED] - executeJavaScript("var previewBar = document.getElementById("preview-bar-iframe"); previewBar.style.display = "none";", []): Execute JavaScript 'var previewBar = document.getElementById("preview-bar-iframe"); previewBar.style.display = "none";' successfully

2019-07-15 14:22:01 - [MESSAGE][PASSED] - Execute JavaScript 'var previewBar = document.getElementById("preview-bar-iframe"); previewBar.style.display = "none";' successfully

2019-07-15 14:22:01 - [TEST_STEP][PASSED] - delay(2): Delayed 2 second(s)

2019-07-15 14:22:03 - [MESSAGE][PASSED] - Delayed 2 second(s)

2019-07-15 14:22:03 - [MESSAGE][PASSED] - Call Test Case 'Test Cases/OCS - DESKTOP/CALL - PDP' successfully

2019-07-15 14:22:03 - [TEST_STEP][NOT_RUN] - scrollToElement(findTestObject("OCS-MOBILE /Product page/More items to consider section/Grinders - Tab"), 2): NOT_RUN: scrollToElement(findTestObject("OCS-MOBILE /Product page/More items to consider section/Grinders - Tab"), 2)

2019-07-15 14:22:03 - [MESSAGE][NOT_RUN] - NOT_RUN: scrollToElement(findTestObject("OCS-MOBILE /Product page/More items to consider section/Grinders - Tab"), 2)

2019-07-15 14:22:03 - [TEST_STEP][PASSED] - delay(5): Delayed 5 second(s)

2019-07-15 14:22:08 - [MESSAGE][PASSED] - Delayed 5 second(s)

2019-07-15 14:22:08 - [TEST_STEP][PASSED] - click(findTestObject("OCS-DESKTOP/Product page/More items to consider section/Show all accessories - Link")): Object: 'Object Repository/OCS-DESKTOP/Product page/More items to consider section/Show all accessories - Link' is clicked on

2019-07-15 14:22:11 - [MESSAGE][PASSED] - Object: 'Object Repository/OCS-DESKTOP/Product page/More items to consider section/Show all accessories - Link' is clicked on

2019-07-15 14:22:11 - [TEST_STEP][PASSED] - a = getWindowTitle(): Current window's title is: 'All Products | Ontario Cannabis Store'

2019-07-15 14:22:11 - [MESSAGE][PASSED] - Current window's title is: 'All Products | Ontario Cannabis Store'

2019-07-15 14:22:11 - [TEST_STEP][PASSED] - b = "All Products | Ontario Cannabis Store": null

2019-07-15 14:22:11 - [TEST_STEP][PASSED] - comment("WINDOW TITLE: " + a): WINDOW TITLE: All Products | Ontario Cannabis Store

2019-07-15 14:22:11 - [MESSAGE][INFO] - WINDOW TITLE: All Products | Ontario Cannabis Store

2019-07-15 14:22:11 - [TEST_STEP][PASSED] - verifyEqual(a, b): Actual object 'All Products | Ontario Cannabis Store' and expected object 'All Products | Ontario Cannabis Store' are equal

2019-07-15 14:22:11 - [MESSAGE][PASSED] - Actual object 'All Products | Ontario Cannabis Store' and expected object 'All Products | Ontario Cannabis Store' are equal]]></system-out>
         <system-err><![CDATA[]]></system-err>
      </testcase>
      <testcase name="Test Cases/OCS - DESKTOP/OCS- PRODUCT PAGE/breadcrumb" classname="Test Cases/OCS - DESKTOP/OCS- PRODUCT PAGE/breadcrumb" status="PASSED">
         <system-out><![CDATA[2019-07-15 14:22:11 - [TEST_CASE][PASSED] - Test Cases/OCS - DESKTOP/OCS- PRODUCT PAGE/breadcrumb: Test Cases/OCS - DESKTOP/OCS- PRODUCT PAGE/breadcrumb

2019-07-15 14:22:11 - [TEST_STEP][PASSED] - callTestCase(findTestCase("OCS - DESKTOP/CALL - PDP"), [:], STOP_ON_FAILURE): Call Test Case 'Test Cases/OCS - DESKTOP/CALL - PDP' successfully

2019-07-15 14:22:11 - [TEST_CASE][PASSED] - Test Cases/OCS - DESKTOP/CALL - PDP: Test Cases/OCS - DESKTOP/CALL - PDP

2019-07-15 14:22:11 - [TEST_STEP][PASSED] - openBrowser(""): Browser is opened with url: ''

2019-07-15 14:22:11 - [MESSAGE][WARNING] - A browser is already opened. Closing browser and opening a new one

2019-07-15 14:22:11 - [MESSAGE][INFO] - Starting 'Chrome' driver

2019-07-15 14:22:12 - [MESSAGE][PASSED] - Browser is opened with url: ''

2019-07-15 14:22:12 - [TEST_STEP][PASSED] - navigateToUrl("https://ocs.ca/?fts=0&preview_theme_id=74205529932"): Navigate to 'https://ocs.ca/?fts=0&preview_theme_id=74205529932' successfully

2019-07-15 14:22:18 - [MESSAGE][PASSED] - Navigate to 'https://ocs.ca/?fts=0&preview_theme_id=74205529932' successfully

2019-07-15 14:22:18 - [TEST_STEP][PASSED] - maximizeWindow(): Current window maximized

2019-07-15 14:22:18 - [MESSAGE][PASSED] - Current window maximized

2019-07-15 14:22:18 - [TEST_STEP][PASSED] - executeJavaScript("var previewBar = document.getElementById("preview-bar-iframe"); previewBar.style.display = "none";", []): Execute JavaScript 'var previewBar = document.getElementById("preview-bar-iframe"); previewBar.style.display = "none";' successfully

2019-07-15 14:22:18 - [MESSAGE][PASSED] - Execute JavaScript 'var previewBar = document.getElementById("preview-bar-iframe"); previewBar.style.display = "none";' successfully

2019-07-15 14:22:18 - [TEST_STEP][PASSED] - delay(4): Delayed 4 second(s)

2019-07-15 14:22:22 - [MESSAGE][PASSED] - Delayed 4 second(s)

2019-07-15 14:22:22 - [TEST_STEP][PASSED] - selectOptionByValue(findTestObject("OCS-DESKTOP/Age gate and Mega menu/Date"), "12", true): All options with value '12' are selected in object 'Object Repository/OCS-DESKTOP/Age gate and Mega menu/Date'  using regular expression

2019-07-15 14:22:22 - [MESSAGE][PASSED] - All options with value '12' are selected in object 'Object Repository/OCS-DESKTOP/Age gate and Mega menu/Date'  using regular expression

2019-07-15 14:22:22 - [TEST_STEP][PASSED] - selectOptionByValue(findTestObject("OCS-DESKTOP/Age gate and Mega menu/month"), "6", true): All options with value '6' are selected in object 'Object Repository/OCS-DESKTOP/Age gate and Mega menu/month'  using regular expression

2019-07-15 14:22:22 - [MESSAGE][PASSED] - All options with value '6' are selected in object 'Object Repository/OCS-DESKTOP/Age gate and Mega menu/month'  using regular expression

2019-07-15 14:22:22 - [TEST_STEP][PASSED] - delay(2): Delayed 2 second(s)

2019-07-15 14:22:24 - [MESSAGE][PASSED] - Delayed 2 second(s)

2019-07-15 14:22:24 - [TEST_STEP][PASSED] - selectOptionByValue(findTestObject("OCS-DESKTOP/Age gate and Mega menu/Year Dropdown"), "1990", true): All options with value '1990' are selected in object 'Object Repository/OCS-DESKTOP/Age gate and Mega menu/Year Dropdown'  using regular expression

2019-07-15 14:22:25 - [MESSAGE][PASSED] - All options with value '1990' are selected in object 'Object Repository/OCS-DESKTOP/Age gate and Mega menu/Year Dropdown'  using regular expression

2019-07-15 14:22:25 - [TEST_STEP][PASSED] - click(findTestObject("OCS-DESKTOP/Age gate and Mega menu/button_Verify")): Object: 'Object Repository/OCS-DESKTOP/Age gate and Mega menu/button_Verify' is clicked on

2019-07-15 14:22:26 - [MESSAGE][PASSED] - Object: 'Object Repository/OCS-DESKTOP/Age gate and Mega menu/button_Verify' is clicked on

2019-07-15 14:22:26 - [TEST_STEP][PASSED] - click(findTestObject("OCS-DESKTOP/Age gate and Mega menu/Checkbox_CONFIRM AND ACKNOWLEDGE")): Object: 'Object Repository/OCS-DESKTOP/Age gate and Mega menu/Checkbox_CONFIRM AND ACKNOWLEDGE' is clicked on

2019-07-15 14:22:26 - [MESSAGE][PASSED] - Object: 'Object Repository/OCS-DESKTOP/Age gate and Mega menu/Checkbox_CONFIRM AND ACKNOWLEDGE' is clicked on

2019-07-15 14:22:26 - [TEST_STEP][PASSED] - click(findTestObject("OCS-DESKTOP/Age gate and Mega menu/button_CONFIRM")): Object: 'Object Repository/OCS-DESKTOP/Age gate and Mega menu/button_CONFIRM' is clicked on

2019-07-15 14:22:26 - [MESSAGE][PASSED] - Object: 'Object Repository/OCS-DESKTOP/Age gate and Mega menu/button_CONFIRM' is clicked on

2019-07-15 14:22:26 - [TEST_STEP][PASSED] - click(findTestObject("OCS-DESKTOP/Age gate and Mega menu/button_Start Browsing")): Object: 'Object Repository/OCS-DESKTOP/Age gate and Mega menu/button_Start Browsing' is clicked on

2019-07-15 14:22:26 - [MESSAGE][PASSED] - Object: 'Object Repository/OCS-DESKTOP/Age gate and Mega menu/button_Start Browsing' is clicked on

2019-07-15 14:22:26 - [TEST_STEP][PASSED] - refresh(): Refresh successfully

2019-07-15 14:22:26 - [MESSAGE][PASSED] - Refresh successfully

2019-07-15 14:22:26 - [TEST_STEP][PASSED] - delay(2): Delayed 2 second(s)

2019-07-15 14:22:28 - [MESSAGE][PASSED] - Delayed 2 second(s)

2019-07-15 14:22:28 - [TEST_STEP][PASSED] - click(findTestObject("OCS-DESKTOP/Age gate and Mega menu/Header/CANNABIS menu - English")): Object: 'Object Repository/OCS-DESKTOP/Age gate and Mega menu/Header/CANNABIS menu - English' is clicked on

2019-07-15 14:22:30 - [MESSAGE][PASSED] - Object: 'Object Repository/OCS-DESKTOP/Age gate and Mega menu/Header/CANNABIS menu - English' is clicked on

2019-07-15 14:22:30 - [TEST_STEP][PASSED] - delay(2): Delayed 2 second(s)

2019-07-15 14:22:32 - [MESSAGE][PASSED] - Delayed 2 second(s)

2019-07-15 14:22:32 - [TEST_STEP][PASSED] - click(findTestObject("OCS-DESKTOP/Age gate and Mega menu/Indica Dominant_Menu item")): Object: 'Object Repository/OCS-DESKTOP/Age gate and Mega menu/Indica Dominant_Menu item' is clicked on

2019-07-15 14:22:34 - [MESSAGE][PASSED] - Object: 'Object Repository/OCS-DESKTOP/Age gate and Mega menu/Indica Dominant_Menu item' is clicked on

2019-07-15 14:22:34 - [TEST_STEP][PASSED] - delay(2): Delayed 2 second(s)

2019-07-15 14:22:36 - [MESSAGE][PASSED] - Delayed 2 second(s)

2019-07-15 14:22:36 - [TEST_STEP][PASSED] - scrollToElement(findTestObject("OCS-DESKTOP/Collection page/Product image - 1st one"), 0): Scroll to object 'Object Repository/OCS-DESKTOP/Collection page/Product image - 1st one' successfully

2019-07-15 14:22:36 - [MESSAGE][WARNING] - Timeout '0' is invalid. Using default page load timeout: '30'

2019-07-15 14:22:36 - [MESSAGE][PASSED] - Scroll to object 'Object Repository/OCS-DESKTOP/Collection page/Product image - 1st one' successfully

2019-07-15 14:22:36 - [TEST_STEP][PASSED] - delay(2): Delayed 2 second(s)

2019-07-15 14:22:38 - [MESSAGE][PASSED] - Delayed 2 second(s)

2019-07-15 14:22:38 - [TEST_STEP][PASSED] - click(findTestObject("OCS-DESKTOP/Collection page/Product image - 1st one")): Object: 'Object Repository/OCS-DESKTOP/Collection page/Product image - 1st one' is clicked on

2019-07-15 14:22:42 - [MESSAGE][PASSED] - Object: 'Object Repository/OCS-DESKTOP/Collection page/Product image - 1st one' is clicked on

2019-07-15 14:22:42 - [TEST_STEP][PASSED] - executeJavaScript("var previewBar = document.getElementById("preview-bar-iframe"); previewBar.style.display = "none";", []): Execute JavaScript 'var previewBar = document.getElementById("preview-bar-iframe"); previewBar.style.display = "none";' successfully

2019-07-15 14:22:42 - [MESSAGE][PASSED] - Execute JavaScript 'var previewBar = document.getElementById("preview-bar-iframe"); previewBar.style.display = "none";' successfully

2019-07-15 14:22:42 - [TEST_STEP][PASSED] - delay(2): Delayed 2 second(s)

2019-07-15 14:22:45 - [MESSAGE][PASSED] - Delayed 2 second(s)

2019-07-15 14:22:45 - [MESSAGE][PASSED] - Call Test Case 'Test Cases/OCS - DESKTOP/CALL - PDP' successfully

2019-07-15 14:22:45 - [TEST_STEP][PASSED] - click(findTestObject("OCS-DESKTOP/Product page/a_Dried flower")): Object: 'Object Repository/OCS-DESKTOP/Product page/a_Dried flower' is clicked on

2019-07-15 14:22:47 - [MESSAGE][PASSED] - Object: 'Object Repository/OCS-DESKTOP/Product page/a_Dried flower' is clicked on

2019-07-15 14:22:47 - [TEST_STEP][PASSED] - b = getWindowTitle(): Current window's title is: 'Dried Flower | Ontario Cannabis Store'

2019-07-15 14:22:47 - [MESSAGE][PASSED] - Current window's title is: 'Dried Flower | Ontario Cannabis Store'

2019-07-15 14:22:47 - [TEST_STEP][PASSED] - comment(" b= " + b):  b= Dried Flower | Ontario Cannabis Store

2019-07-15 14:22:47 - [MESSAGE][INFO] -  b= Dried Flower | Ontario Cannabis Store

2019-07-15 14:22:47 - [TEST_STEP][PASSED] - assert getWindowTitle() == b: Current window's title is: 'Dried Flower | Ontario Cannabis Store'

2019-07-15 14:22:47 - [MESSAGE][PASSED] - Current window's title is: 'Dried Flower | Ontario Cannabis Store'

2019-07-15 14:22:47 - [TEST_STEP][PASSED] - click(findTestObject("OCS-DESKTOP/Product page/a_Cannabis")): Object: 'Object Repository/OCS-DESKTOP/Product page/a_Cannabis' is clicked on

2019-07-15 14:22:49 - [MESSAGE][PASSED] - Object: 'Object Repository/OCS-DESKTOP/Product page/a_Cannabis' is clicked on

2019-07-15 14:22:49 - [TEST_STEP][PASSED] - c = getWindowTitle(): Current window's title is: 'All Cannabis Products | Ontario Cannabis Store'

2019-07-15 14:22:49 - [MESSAGE][PASSED] - Current window's title is: 'All Cannabis Products | Ontario Cannabis Store'

2019-07-15 14:22:49 - [TEST_STEP][PASSED] - comment(" c= " + c):  c= All Cannabis Products | Ontario Cannabis Store

2019-07-15 14:22:49 - [MESSAGE][INFO] -  c= All Cannabis Products | Ontario Cannabis Store

2019-07-15 14:22:49 - [TEST_STEP][PASSED] - assert getWindowTitle() == c: Current window's title is: 'All Cannabis Products | Ontario Cannabis Store'

2019-07-15 14:22:49 - [MESSAGE][PASSED] - Current window's title is: 'All Cannabis Products | Ontario Cannabis Store'

2019-07-15 14:22:49 - [TEST_STEP][PASSED] - click(findTestObject("OCS-DESKTOP/Product page/a_Home")): Object: 'Object Repository/OCS-DESKTOP/Product page/a_Home' is clicked on

2019-07-15 14:22:53 - [MESSAGE][PASSED] - Object: 'Object Repository/OCS-DESKTOP/Product page/a_Home' is clicked on

2019-07-15 14:22:53 - [TEST_STEP][PASSED] - a = getWindowTitle(): Current window's title is: 'Ontario Cannabis Store | Ontario Cannabis Store'

2019-07-15 14:22:53 - [MESSAGE][PASSED] - Current window's title is: 'Ontario Cannabis Store | Ontario Cannabis Store'

2019-07-15 14:22:53 - [TEST_STEP][PASSED] - comment(" a= " + a):  a= Ontario Cannabis Store | Ontario Cannabis Store

2019-07-15 14:22:53 - [MESSAGE][INFO] -  a= Ontario Cannabis Store | Ontario Cannabis Store

2019-07-15 14:22:53 - [TEST_STEP][PASSED] - assert getWindowTitle() == a: Current window's title is: 'Ontario Cannabis Store | Ontario Cannabis Store'

2019-07-15 14:22:53 - [MESSAGE][PASSED] - Current window's title is: 'Ontario Cannabis Store | Ontario Cannabis Store']]></system-out>
         <system-err><![CDATA[]]></system-err>
      </testcase>
      <testcase name="Test Cases/OCS - DESKTOP/OCS- PRODUCT PAGE/More items to consider" classname="Test Cases/OCS - DESKTOP/OCS- PRODUCT PAGE/More items to consider" status="PASSED">
         <system-out><![CDATA[2019-07-15 14:22:53 - [TEST_CASE][PASSED] - Test Cases/OCS - DESKTOP/OCS- PRODUCT PAGE/More items to consider: Test Cases/OCS - DESKTOP/OCS- PRODUCT PAGE/More items to consider

2019-07-15 14:22:53 - [TEST_STEP][PASSED] - callTestCase(findTestCase("OCS - DESKTOP/CALL - PDP"), [:], STOP_ON_FAILURE): Call Test Case 'Test Cases/OCS - DESKTOP/CALL - PDP' successfully

2019-07-15 14:22:53 - [TEST_CASE][PASSED] - Test Cases/OCS - DESKTOP/CALL - PDP: Test Cases/OCS - DESKTOP/CALL - PDP

2019-07-15 14:22:53 - [TEST_STEP][PASSED] - openBrowser(""): Browser is opened with url: ''

2019-07-15 14:22:53 - [MESSAGE][WARNING] - A browser is already opened. Closing browser and opening a new one

2019-07-15 14:22:53 - [MESSAGE][INFO] - Starting 'Chrome' driver

2019-07-15 14:22:54 - [MESSAGE][PASSED] - Browser is opened with url: ''

2019-07-15 14:22:54 - [TEST_STEP][PASSED] - navigateToUrl("https://ocs.ca/?fts=0&preview_theme_id=74205529932"): Navigate to 'https://ocs.ca/?fts=0&preview_theme_id=74205529932' successfully

2019-07-15 14:22:59 - [MESSAGE][PASSED] - Navigate to 'https://ocs.ca/?fts=0&preview_theme_id=74205529932' successfully

2019-07-15 14:22:59 - [TEST_STEP][PASSED] - maximizeWindow(): Current window maximized

2019-07-15 14:22:59 - [MESSAGE][PASSED] - Current window maximized

2019-07-15 14:22:59 - [TEST_STEP][PASSED] - executeJavaScript("var previewBar = document.getElementById("preview-bar-iframe"); previewBar.style.display = "none";", []): Execute JavaScript 'var previewBar = document.getElementById("preview-bar-iframe"); previewBar.style.display = "none";' successfully

2019-07-15 14:22:59 - [MESSAGE][PASSED] - Execute JavaScript 'var previewBar = document.getElementById("preview-bar-iframe"); previewBar.style.display = "none";' successfully

2019-07-15 14:22:59 - [TEST_STEP][PASSED] - delay(4): Delayed 4 second(s)

2019-07-15 14:23:03 - [MESSAGE][PASSED] - Delayed 4 second(s)

2019-07-15 14:23:03 - [TEST_STEP][PASSED] - selectOptionByValue(findTestObject("OCS-DESKTOP/Age gate and Mega menu/Date"), "12", true): All options with value '12' are selected in object 'Object Repository/OCS-DESKTOP/Age gate and Mega menu/Date'  using regular expression

2019-07-15 14:23:03 - [MESSAGE][PASSED] - All options with value '12' are selected in object 'Object Repository/OCS-DESKTOP/Age gate and Mega menu/Date'  using regular expression

2019-07-15 14:23:03 - [TEST_STEP][PASSED] - selectOptionByValue(findTestObject("OCS-DESKTOP/Age gate and Mega menu/month"), "6", true): All options with value '6' are selected in object 'Object Repository/OCS-DESKTOP/Age gate and Mega menu/month'  using regular expression

2019-07-15 14:23:04 - [MESSAGE][PASSED] - All options with value '6' are selected in object 'Object Repository/OCS-DESKTOP/Age gate and Mega menu/month'  using regular expression

2019-07-15 14:23:04 - [TEST_STEP][PASSED] - delay(2): Delayed 2 second(s)

2019-07-15 14:23:06 - [MESSAGE][PASSED] - Delayed 2 second(s)

2019-07-15 14:23:06 - [TEST_STEP][PASSED] - selectOptionByValue(findTestObject("OCS-DESKTOP/Age gate and Mega menu/Year Dropdown"), "1990", true): All options with value '1990' are selected in object 'Object Repository/OCS-DESKTOP/Age gate and Mega menu/Year Dropdown'  using regular expression

2019-07-15 14:23:07 - [MESSAGE][PASSED] - All options with value '1990' are selected in object 'Object Repository/OCS-DESKTOP/Age gate and Mega menu/Year Dropdown'  using regular expression

2019-07-15 14:23:07 - [TEST_STEP][PASSED] - click(findTestObject("OCS-DESKTOP/Age gate and Mega menu/button_Verify")): Object: 'Object Repository/OCS-DESKTOP/Age gate and Mega menu/button_Verify' is clicked on

2019-07-15 14:23:07 - [MESSAGE][PASSED] - Object: 'Object Repository/OCS-DESKTOP/Age gate and Mega menu/button_Verify' is clicked on

2019-07-15 14:23:07 - [TEST_STEP][PASSED] - click(findTestObject("OCS-DESKTOP/Age gate and Mega menu/Checkbox_CONFIRM AND ACKNOWLEDGE")): Object: 'Object Repository/OCS-DESKTOP/Age gate and Mega menu/Checkbox_CONFIRM AND ACKNOWLEDGE' is clicked on

2019-07-15 14:23:07 - [MESSAGE][PASSED] - Object: 'Object Repository/OCS-DESKTOP/Age gate and Mega menu/Checkbox_CONFIRM AND ACKNOWLEDGE' is clicked on

2019-07-15 14:23:07 - [TEST_STEP][PASSED] - click(findTestObject("OCS-DESKTOP/Age gate and Mega menu/button_CONFIRM")): Object: 'Object Repository/OCS-DESKTOP/Age gate and Mega menu/button_CONFIRM' is clicked on

2019-07-15 14:23:07 - [MESSAGE][PASSED] - Object: 'Object Repository/OCS-DESKTOP/Age gate and Mega menu/button_CONFIRM' is clicked on

2019-07-15 14:23:07 - [TEST_STEP][PASSED] - click(findTestObject("OCS-DESKTOP/Age gate and Mega menu/button_Start Browsing")): Object: 'Object Repository/OCS-DESKTOP/Age gate and Mega menu/button_Start Browsing' is clicked on

2019-07-15 14:23:07 - [MESSAGE][PASSED] - Object: 'Object Repository/OCS-DESKTOP/Age gate and Mega menu/button_Start Browsing' is clicked on

2019-07-15 14:23:07 - [TEST_STEP][PASSED] - refresh(): Refresh successfully

2019-07-15 14:23:07 - [MESSAGE][PASSED] - Refresh successfully

2019-07-15 14:23:07 - [TEST_STEP][PASSED] - delay(2): Delayed 2 second(s)

2019-07-15 14:23:09 - [MESSAGE][PASSED] - Delayed 2 second(s)

2019-07-15 14:23:09 - [TEST_STEP][PASSED] - click(findTestObject("OCS-DESKTOP/Age gate and Mega menu/Header/CANNABIS menu - English")): Object: 'Object Repository/OCS-DESKTOP/Age gate and Mega menu/Header/CANNABIS menu - English' is clicked on

2019-07-15 14:23:11 - [MESSAGE][PASSED] - Object: 'Object Repository/OCS-DESKTOP/Age gate and Mega menu/Header/CANNABIS menu - English' is clicked on

2019-07-15 14:23:11 - [TEST_STEP][PASSED] - delay(2): Delayed 2 second(s)

2019-07-15 14:23:13 - [MESSAGE][PASSED] - Delayed 2 second(s)

2019-07-15 14:23:13 - [TEST_STEP][PASSED] - click(findTestObject("OCS-DESKTOP/Age gate and Mega menu/Indica Dominant_Menu item")): Object: 'Object Repository/OCS-DESKTOP/Age gate and Mega menu/Indica Dominant_Menu item' is clicked on

2019-07-15 14:23:16 - [MESSAGE][PASSED] - Object: 'Object Repository/OCS-DESKTOP/Age gate and Mega menu/Indica Dominant_Menu item' is clicked on

2019-07-15 14:23:16 - [TEST_STEP][PASSED] - delay(2): Delayed 2 second(s)

2019-07-15 14:23:18 - [MESSAGE][PASSED] - Delayed 2 second(s)

2019-07-15 14:23:18 - [TEST_STEP][PASSED] - scrollToElement(findTestObject("OCS-DESKTOP/Collection page/Product image - 1st one"), 0): Scroll to object 'Object Repository/OCS-DESKTOP/Collection page/Product image - 1st one' successfully

2019-07-15 14:23:18 - [MESSAGE][WARNING] - Timeout '0' is invalid. Using default page load timeout: '30'

2019-07-15 14:23:18 - [MESSAGE][PASSED] - Scroll to object 'Object Repository/OCS-DESKTOP/Collection page/Product image - 1st one' successfully

2019-07-15 14:23:18 - [TEST_STEP][PASSED] - delay(2): Delayed 2 second(s)

2019-07-15 14:23:20 - [MESSAGE][PASSED] - Delayed 2 second(s)

2019-07-15 14:23:20 - [TEST_STEP][PASSED] - click(findTestObject("OCS-DESKTOP/Collection page/Product image - 1st one")): Object: 'Object Repository/OCS-DESKTOP/Collection page/Product image - 1st one' is clicked on

2019-07-15 14:23:23 - [MESSAGE][PASSED] - Object: 'Object Repository/OCS-DESKTOP/Collection page/Product image - 1st one' is clicked on

2019-07-15 14:23:23 - [TEST_STEP][PASSED] - executeJavaScript("var previewBar = document.getElementById("preview-bar-iframe"); previewBar.style.display = "none";", []): Execute JavaScript 'var previewBar = document.getElementById("preview-bar-iframe"); previewBar.style.display = "none";' successfully

2019-07-15 14:23:23 - [MESSAGE][PASSED] - Execute JavaScript 'var previewBar = document.getElementById("preview-bar-iframe"); previewBar.style.display = "none";' successfully

2019-07-15 14:23:23 - [TEST_STEP][PASSED] - delay(2): Delayed 2 second(s)

2019-07-15 14:23:25 - [MESSAGE][PASSED] - Delayed 2 second(s)

2019-07-15 14:23:25 - [MESSAGE][PASSED] - Call Test Case 'Test Cases/OCS - DESKTOP/CALL - PDP' successfully

2019-07-15 14:23:25 - [TEST_STEP][NOT_RUN] - scrollToElement(findTestObject("OCS-MOBILE /Product page/Product image"), 1): NOT_RUN: scrollToElement(findTestObject("OCS-MOBILE /Product page/Product image"), 1)

2019-07-15 14:23:25 - [MESSAGE][NOT_RUN] - NOT_RUN: scrollToElement(findTestObject("OCS-MOBILE /Product page/Product image"), 1)

2019-07-15 14:23:25 - [TEST_STEP][PASSED] - click(findTestObject("OCS-DESKTOP/Product page/Learn More - Link")): Object: 'Object Repository/OCS-DESKTOP/Product page/Learn More - Link' is clicked on

2019-07-15 14:23:25 - [MESSAGE][PASSED] - Object: 'Object Repository/OCS-DESKTOP/Product page/Learn More - Link' is clicked on

2019-07-15 14:23:25 - [TEST_STEP][PASSED] - delay(1): Delayed 1 second(s)

2019-07-15 14:23:26 - [MESSAGE][PASSED] - Delayed 1 second(s)

2019-07-15 14:23:26 - [TEST_STEP][NOT_RUN] - scrollToElement(findTestObject("OCS-DESKTOP/Product page/Last raw of the table"), 0): NOT_RUN: scrollToElement(findTestObject("OCS-DESKTOP/Product page/Last raw of the table"), 0)

2019-07-15 14:23:26 - [MESSAGE][NOT_RUN] - NOT_RUN: scrollToElement(findTestObject("OCS-DESKTOP/Product page/Last raw of the table"), 0)

2019-07-15 14:23:26 - [TEST_STEP][PASSED] - takeScreenshot(): Taking screenshot successfully

2019-07-15 14:23:27 - [MESSAGE][PASSED] - Taking screenshot successfully
[[ATTACHMENT|/Users/sumankompelly/git/OCS--Relative-xpath-Desktop/Reports/Suite - Chrome/20190715_133533/1563215006814.png]]

2019-07-15 14:23:27 - [TEST_STEP][PASSED] - delay(1): Delayed 1 second(s)

2019-07-15 14:23:28 - [MESSAGE][PASSED] - Delayed 1 second(s)

2019-07-15 14:23:28 - [TEST_STEP][PASSED] - click(findTestObject("OCS-DESKTOP/Product page/More items to consider section/1st Product - image - Grinder")): Object: 'Object Repository/OCS-DESKTOP/Product page/More items to consider section/1st Product - image - Grinder' is clicked on

2019-07-15 14:23:31 - [MESSAGE][PASSED] - Object: 'Object Repository/OCS-DESKTOP/Product page/More items to consider section/1st Product - image - Grinder' is clicked on

2019-07-15 14:23:31 - [TEST_STEP][PASSED] - delay(2, STOP_ON_FAILURE): Delayed 2 second(s)

2019-07-15 14:23:33 - [MESSAGE][PASSED] - Delayed 2 second(s)

2019-07-15 14:23:33 - [TEST_STEP][PASSED] - takeScreenshot(): Taking screenshot successfully

2019-07-15 14:23:34 - [MESSAGE][PASSED] - Taking screenshot successfully
[[ATTACHMENT|/Users/sumankompelly/git/OCS--Relative-xpath-Desktop/Reports/Suite - Chrome/20190715_133533/1563215013787.png]]

2019-07-15 14:23:34 - [TEST_STEP][PASSED] - delay(1): Delayed 1 second(s)

2019-07-15 14:23:35 - [MESSAGE][PASSED] - Delayed 1 second(s)

2019-07-15 14:23:35 - [TEST_STEP][PASSED] - back(): Navigate back successfully

2019-07-15 14:23:37 - [MESSAGE][PASSED] - Navigate back successfully

2019-07-15 14:23:37 - [TEST_STEP][PASSED] - delay(2, STOP_ON_FAILURE): Delayed 2 second(s)

2019-07-15 14:23:39 - [MESSAGE][PASSED] - Delayed 2 second(s)

2019-07-15 14:23:39 - [TEST_STEP][PASSED] - executeJavaScript("var previewBar = document.getElementById("preview-bar-iframe"); previewBar.style.display = "none";", []): Execute JavaScript 'var previewBar = document.getElementById("preview-bar-iframe"); previewBar.style.display = "none";' successfully

2019-07-15 14:23:39 - [MESSAGE][PASSED] - Execute JavaScript 'var previewBar = document.getElementById("preview-bar-iframe"); previewBar.style.display = "none";' successfully

2019-07-15 14:23:39 - [TEST_STEP][PASSED] - click(findTestObject("OCS-DESKTOP/Product page/More items to consider section/Vaporizers - Tab")): Object: 'Object Repository/OCS-DESKTOP/Product page/More items to consider section/Vaporizers - Tab' is clicked on

2019-07-15 14:23:39 - [MESSAGE][PASSED] - Object: 'Object Repository/OCS-DESKTOP/Product page/More items to consider section/Vaporizers - Tab' is clicked on

2019-07-15 14:23:39 - [TEST_STEP][PASSED] - delay(2): Delayed 2 second(s)

2019-07-15 14:23:41 - [MESSAGE][PASSED] - Delayed 2 second(s)

2019-07-15 14:23:41 - [TEST_STEP][PASSED] - takeScreenshot(): Taking screenshot successfully

2019-07-15 14:23:42 - [MESSAGE][PASSED] - Taking screenshot successfully
[[ATTACHMENT|/Users/sumankompelly/git/OCS--Relative-xpath-Desktop/Reports/Suite - Chrome/20190715_133533/1563215021825.png]]

2019-07-15 14:23:42 - [TEST_STEP][PASSED] - delay(1): Delayed 1 second(s)

2019-07-15 14:23:43 - [MESSAGE][PASSED] - Delayed 1 second(s)

2019-07-15 14:23:43 - [TEST_STEP][PASSED] - click(findTestObject("OCS-DESKTOP/Product page/More items to consider section/1st Product - image - Vaporizer")): Object: 'Object Repository/OCS-DESKTOP/Product page/More items to consider section/1st Product - image - Vaporizer' is clicked on

2019-07-15 14:23:46 - [MESSAGE][PASSED] - Object: 'Object Repository/OCS-DESKTOP/Product page/More items to consider section/1st Product - image - Vaporizer' is clicked on

2019-07-15 14:23:46 - [TEST_STEP][PASSED] - delay(2, STOP_ON_FAILURE): Delayed 2 second(s)

2019-07-15 14:23:48 - [MESSAGE][PASSED] - Delayed 2 second(s)

2019-07-15 14:23:48 - [TEST_STEP][PASSED] - takeScreenshot(): Taking screenshot successfully

2019-07-15 14:23:49 - [MESSAGE][PASSED] - Taking screenshot successfully
[[ATTACHMENT|/Users/sumankompelly/git/OCS--Relative-xpath-Desktop/Reports/Suite - Chrome/20190715_133533/1563215028845.png]]

2019-07-15 14:23:49 - [TEST_STEP][PASSED] - delay(1): Delayed 1 second(s)

2019-07-15 14:23:50 - [MESSAGE][PASSED] - Delayed 1 second(s)

2019-07-15 14:23:50 - [TEST_STEP][PASSED] - back(): Navigate back successfully

2019-07-15 14:23:52 - [MESSAGE][PASSED] - Navigate back successfully

2019-07-15 14:23:52 - [TEST_STEP][PASSED] - executeJavaScript("var previewBar = document.getElementById("preview-bar-iframe"); previewBar.style.display = "none";", []): Execute JavaScript 'var previewBar = document.getElementById("preview-bar-iframe"); previewBar.style.display = "none";' successfully

2019-07-15 14:23:52 - [MESSAGE][PASSED] - Execute JavaScript 'var previewBar = document.getElementById("preview-bar-iframe"); previewBar.style.display = "none";' successfully

2019-07-15 14:23:52 - [TEST_STEP][PASSED] - delay(2, STOP_ON_FAILURE): Delayed 2 second(s)

2019-07-15 14:23:54 - [MESSAGE][PASSED] - Delayed 2 second(s)

2019-07-15 14:23:54 - [TEST_STEP][PASSED] - click(findTestObject("OCS-DESKTOP/Product page/More items to consider section/Papers Filters - Tab")): Object: 'Object Repository/OCS-DESKTOP/Product page/More items to consider section/Papers Filters - Tab' is clicked on

2019-07-15 14:23:54 - [MESSAGE][PASSED] - Object: 'Object Repository/OCS-DESKTOP/Product page/More items to consider section/Papers Filters - Tab' is clicked on

2019-07-15 14:23:54 - [TEST_STEP][PASSED] - takeScreenshot(): Taking screenshot successfully

2019-07-15 14:23:55 - [MESSAGE][PASSED] - Taking screenshot successfully
[[ATTACHMENT|/Users/sumankompelly/git/OCS--Relative-xpath-Desktop/Reports/Suite - Chrome/20190715_133533/1563215034499.png]]

2019-07-15 14:23:55 - [TEST_STEP][PASSED] - delay(1): Delayed 1 second(s)

2019-07-15 14:23:56 - [MESSAGE][PASSED] - Delayed 1 second(s)

2019-07-15 14:23:56 - [TEST_STEP][PASSED] - click(findTestObject("OCS-DESKTOP/Product page/More items to consider section/1st Product - image - Paper Filter")): Object: 'Object Repository/OCS-DESKTOP/Product page/More items to consider section/1st Product - image - Paper Filter' is clicked on

2019-07-15 14:23:59 - [MESSAGE][PASSED] - Object: 'Object Repository/OCS-DESKTOP/Product page/More items to consider section/1st Product - image - Paper Filter' is clicked on

2019-07-15 14:23:59 - [TEST_STEP][PASSED] - delay(2, STOP_ON_FAILURE): Delayed 2 second(s)

2019-07-15 14:24:01 - [MESSAGE][PASSED] - Delayed 2 second(s)

2019-07-15 14:24:01 - [TEST_STEP][PASSED] - takeScreenshot(): Taking screenshot successfully

2019-07-15 14:24:01 - [MESSAGE][PASSED] - Taking screenshot successfully
[[ATTACHMENT|/Users/sumankompelly/git/OCS--Relative-xpath-Desktop/Reports/Suite - Chrome/20190715_133533/1563215041038.png]]

2019-07-15 14:24:01 - [TEST_STEP][PASSED] - delay(1): Delayed 1 second(s)

2019-07-15 14:24:02 - [MESSAGE][PASSED] - Delayed 1 second(s)

2019-07-15 14:24:02 - [TEST_STEP][PASSED] - executeJavaScript("var previewBar = document.getElementById("preview-bar-iframe"); previewBar.style.display = "none";", []): Execute JavaScript 'var previewBar = document.getElementById("preview-bar-iframe"); previewBar.style.display = "none";' successfully

2019-07-15 14:24:02 - [MESSAGE][PASSED] - Execute JavaScript 'var previewBar = document.getElementById("preview-bar-iframe"); previewBar.style.display = "none";' successfully

2019-07-15 14:24:02 - [TEST_STEP][PASSED] - back(): Navigate back successfully

2019-07-15 14:24:04 - [MESSAGE][PASSED] - Navigate back successfully

2019-07-15 14:24:04 - [TEST_STEP][PASSED] - delay(2): Delayed 2 second(s)

2019-07-15 14:24:06 - [MESSAGE][PASSED] - Delayed 2 second(s)

2019-07-15 14:24:06 - [TEST_STEP][PASSED] - click(findTestObject("OCS-DESKTOP/Product page/More items to consider section/Bongs Pipes - Tab")): Object: 'Object Repository/OCS-DESKTOP/Product page/More items to consider section/Bongs Pipes - Tab' is clicked on

2019-07-15 14:24:06 - [MESSAGE][PASSED] - Object: 'Object Repository/OCS-DESKTOP/Product page/More items to consider section/Bongs Pipes - Tab' is clicked on

2019-07-15 14:24:06 - [TEST_STEP][PASSED] - delay(2): Delayed 2 second(s)

2019-07-15 14:24:08 - [MESSAGE][PASSED] - Delayed 2 second(s)

2019-07-15 14:24:08 - [TEST_STEP][PASSED] - takeScreenshot(): Taking screenshot successfully

2019-07-15 14:24:09 - [MESSAGE][PASSED] - Taking screenshot successfully
[[ATTACHMENT|/Users/sumankompelly/git/OCS--Relative-xpath-Desktop/Reports/Suite - Chrome/20190715_133533/1563215048974.png]]

2019-07-15 14:24:09 - [TEST_STEP][PASSED] - delay(1): Delayed 1 second(s)

2019-07-15 14:24:10 - [MESSAGE][PASSED] - Delayed 1 second(s)

2019-07-15 14:24:10 - [TEST_STEP][PASSED] - executeJavaScript("var previewBar = document.getElementById("preview-bar-iframe"); previewBar.style.display = "none";", []): Execute JavaScript 'var previewBar = document.getElementById("preview-bar-iframe"); previewBar.style.display = "none";' successfully

2019-07-15 14:24:10 - [MESSAGE][PASSED] - Execute JavaScript 'var previewBar = document.getElementById("preview-bar-iframe"); previewBar.style.display = "none";' successfully

2019-07-15 14:24:10 - [TEST_STEP][PASSED] - click(findTestObject("OCS-DESKTOP/Product page/More items to consider section/1st Product - image - Bongs Pipes")): Object: 'Object Repository/OCS-DESKTOP/Product page/More items to consider section/1st Product - image - Bongs Pipes' is clicked on

2019-07-15 14:24:14 - [MESSAGE][PASSED] - Object: 'Object Repository/OCS-DESKTOP/Product page/More items to consider section/1st Product - image - Bongs Pipes' is clicked on

2019-07-15 14:24:14 - [TEST_STEP][PASSED] - delay(2, STOP_ON_FAILURE): Delayed 2 second(s)

2019-07-15 14:24:16 - [MESSAGE][PASSED] - Delayed 2 second(s)

2019-07-15 14:24:16 - [TEST_STEP][PASSED] - takeScreenshot(): Taking screenshot successfully

2019-07-15 14:24:16 - [MESSAGE][PASSED] - Taking screenshot successfully
[[ATTACHMENT|/Users/sumankompelly/git/OCS--Relative-xpath-Desktop/Reports/Suite - Chrome/20190715_133533/1563215056495.png]]

2019-07-15 14:24:16 - [TEST_STEP][PASSED] - delay(1): Delayed 1 second(s)

2019-07-15 14:24:17 - [MESSAGE][PASSED] - Delayed 1 second(s)

2019-07-15 14:24:17 - [TEST_STEP][PASSED] - back(): Navigate back successfully

2019-07-15 14:24:20 - [MESSAGE][PASSED] - Navigate back successfully]]></system-out>
         <system-err><![CDATA[]]></system-err>
      </testcase>
      <testcase name="Test Cases/OCS - DESKTOP/OCS- PRODUCT PAGE/Price" classname="Test Cases/OCS - DESKTOP/OCS- PRODUCT PAGE/Price" status="PASSED">
         <system-out><![CDATA[2019-07-15 14:24:20 - [TEST_CASE][PASSED] - Test Cases/OCS - DESKTOP/OCS- PRODUCT PAGE/Price: Test Cases/OCS - DESKTOP/OCS- PRODUCT PAGE/Price

2019-07-15 14:24:20 - [TEST_STEP][PASSED] - callTestCase(findTestCase("OCS - DESKTOP/CALL - PDP"), [:], STOP_ON_FAILURE): Call Test Case 'Test Cases/OCS - DESKTOP/CALL - PDP' successfully

2019-07-15 14:24:20 - [TEST_CASE][PASSED] - Test Cases/OCS - DESKTOP/CALL - PDP: Test Cases/OCS - DESKTOP/CALL - PDP

2019-07-15 14:24:20 - [TEST_STEP][PASSED] - openBrowser(""): Browser is opened with url: ''

2019-07-15 14:24:20 - [MESSAGE][WARNING] - A browser is already opened. Closing browser and opening a new one

2019-07-15 14:24:20 - [MESSAGE][INFO] - Starting 'Chrome' driver

2019-07-15 14:24:21 - [MESSAGE][PASSED] - Browser is opened with url: ''

2019-07-15 14:24:21 - [TEST_STEP][PASSED] - navigateToUrl("https://ocs.ca/?fts=0&preview_theme_id=74205529932"): Navigate to 'https://ocs.ca/?fts=0&preview_theme_id=74205529932' successfully

2019-07-15 14:24:26 - [MESSAGE][PASSED] - Navigate to 'https://ocs.ca/?fts=0&preview_theme_id=74205529932' successfully

2019-07-15 14:24:26 - [TEST_STEP][PASSED] - maximizeWindow(): Current window maximized

2019-07-15 14:24:26 - [MESSAGE][PASSED] - Current window maximized

2019-07-15 14:24:26 - [TEST_STEP][PASSED] - executeJavaScript("var previewBar = document.getElementById("preview-bar-iframe"); previewBar.style.display = "none";", []): Execute JavaScript 'var previewBar = document.getElementById("preview-bar-iframe"); previewBar.style.display = "none";' successfully

2019-07-15 14:24:26 - [MESSAGE][PASSED] - Execute JavaScript 'var previewBar = document.getElementById("preview-bar-iframe"); previewBar.style.display = "none";' successfully

2019-07-15 14:24:26 - [TEST_STEP][PASSED] - delay(4): Delayed 4 second(s)

2019-07-15 14:24:30 - [MESSAGE][PASSED] - Delayed 4 second(s)

2019-07-15 14:24:30 - [TEST_STEP][PASSED] - selectOptionByValue(findTestObject("OCS-DESKTOP/Age gate and Mega menu/Date"), "12", true): All options with value '12' are selected in object 'Object Repository/OCS-DESKTOP/Age gate and Mega menu/Date'  using regular expression

2019-07-15 14:24:30 - [MESSAGE][PASSED] - All options with value '12' are selected in object 'Object Repository/OCS-DESKTOP/Age gate and Mega menu/Date'  using regular expression

2019-07-15 14:24:30 - [TEST_STEP][PASSED] - selectOptionByValue(findTestObject("OCS-DESKTOP/Age gate and Mega menu/month"), "6", true): All options with value '6' are selected in object 'Object Repository/OCS-DESKTOP/Age gate and Mega menu/month'  using regular expression

2019-07-15 14:24:31 - [MESSAGE][PASSED] - All options with value '6' are selected in object 'Object Repository/OCS-DESKTOP/Age gate and Mega menu/month'  using regular expression

2019-07-15 14:24:31 - [TEST_STEP][PASSED] - delay(2): Delayed 2 second(s)

2019-07-15 14:24:33 - [MESSAGE][PASSED] - Delayed 2 second(s)

2019-07-15 14:24:33 - [TEST_STEP][PASSED] - selectOptionByValue(findTestObject("OCS-DESKTOP/Age gate and Mega menu/Year Dropdown"), "1990", true): All options with value '1990' are selected in object 'Object Repository/OCS-DESKTOP/Age gate and Mega menu/Year Dropdown'  using regular expression

2019-07-15 14:24:34 - [MESSAGE][PASSED] - All options with value '1990' are selected in object 'Object Repository/OCS-DESKTOP/Age gate and Mega menu/Year Dropdown'  using regular expression

2019-07-15 14:24:34 - [TEST_STEP][PASSED] - click(findTestObject("OCS-DESKTOP/Age gate and Mega menu/button_Verify")): Object: 'Object Repository/OCS-DESKTOP/Age gate and Mega menu/button_Verify' is clicked on

2019-07-15 14:24:34 - [MESSAGE][PASSED] - Object: 'Object Repository/OCS-DESKTOP/Age gate and Mega menu/button_Verify' is clicked on

2019-07-15 14:24:34 - [TEST_STEP][PASSED] - click(findTestObject("OCS-DESKTOP/Age gate and Mega menu/Checkbox_CONFIRM AND ACKNOWLEDGE")): Object: 'Object Repository/OCS-DESKTOP/Age gate and Mega menu/Checkbox_CONFIRM AND ACKNOWLEDGE' is clicked on

2019-07-15 14:24:34 - [MESSAGE][PASSED] - Object: 'Object Repository/OCS-DESKTOP/Age gate and Mega menu/Checkbox_CONFIRM AND ACKNOWLEDGE' is clicked on

2019-07-15 14:24:34 - [TEST_STEP][PASSED] - click(findTestObject("OCS-DESKTOP/Age gate and Mega menu/button_CONFIRM")): Object: 'Object Repository/OCS-DESKTOP/Age gate and Mega menu/button_CONFIRM' is clicked on

2019-07-15 14:24:34 - [MESSAGE][PASSED] - Object: 'Object Repository/OCS-DESKTOP/Age gate and Mega menu/button_CONFIRM' is clicked on

2019-07-15 14:24:34 - [TEST_STEP][PASSED] - click(findTestObject("OCS-DESKTOP/Age gate and Mega menu/button_Start Browsing")): Object: 'Object Repository/OCS-DESKTOP/Age gate and Mega menu/button_Start Browsing' is clicked on

2019-07-15 14:24:34 - [MESSAGE][PASSED] - Object: 'Object Repository/OCS-DESKTOP/Age gate and Mega menu/button_Start Browsing' is clicked on

2019-07-15 14:24:34 - [TEST_STEP][PASSED] - refresh(): Refresh successfully

2019-07-15 14:24:34 - [MESSAGE][PASSED] - Refresh successfully

2019-07-15 14:24:34 - [TEST_STEP][PASSED] - delay(2): Delayed 2 second(s)

2019-07-15 14:24:36 - [MESSAGE][PASSED] - Delayed 2 second(s)

2019-07-15 14:24:36 - [TEST_STEP][PASSED] - click(findTestObject("OCS-DESKTOP/Age gate and Mega menu/Header/CANNABIS menu - English")): Object: 'Object Repository/OCS-DESKTOP/Age gate and Mega menu/Header/CANNABIS menu - English' is clicked on

2019-07-15 14:24:38 - [MESSAGE][PASSED] - Object: 'Object Repository/OCS-DESKTOP/Age gate and Mega menu/Header/CANNABIS menu - English' is clicked on

2019-07-15 14:24:38 - [TEST_STEP][PASSED] - delay(2): Delayed 2 second(s)

2019-07-15 14:24:40 - [MESSAGE][PASSED] - Delayed 2 second(s)

2019-07-15 14:24:40 - [TEST_STEP][PASSED] - click(findTestObject("OCS-DESKTOP/Age gate and Mega menu/Indica Dominant_Menu item")): Object: 'Object Repository/OCS-DESKTOP/Age gate and Mega menu/Indica Dominant_Menu item' is clicked on

2019-07-15 14:24:43 - [MESSAGE][PASSED] - Object: 'Object Repository/OCS-DESKTOP/Age gate and Mega menu/Indica Dominant_Menu item' is clicked on

2019-07-15 14:24:43 - [TEST_STEP][PASSED] - delay(2): Delayed 2 second(s)

2019-07-15 14:24:45 - [MESSAGE][PASSED] - Delayed 2 second(s)

2019-07-15 14:24:45 - [TEST_STEP][PASSED] - scrollToElement(findTestObject("OCS-DESKTOP/Collection page/Product image - 1st one"), 0): Scroll to object 'Object Repository/OCS-DESKTOP/Collection page/Product image - 1st one' successfully

2019-07-15 14:24:45 - [MESSAGE][WARNING] - Timeout '0' is invalid. Using default page load timeout: '30'

2019-07-15 14:24:45 - [MESSAGE][PASSED] - Scroll to object 'Object Repository/OCS-DESKTOP/Collection page/Product image - 1st one' successfully

2019-07-15 14:24:45 - [TEST_STEP][PASSED] - delay(2): Delayed 2 second(s)

2019-07-15 14:24:47 - [MESSAGE][PASSED] - Delayed 2 second(s)

2019-07-15 14:24:47 - [TEST_STEP][PASSED] - click(findTestObject("OCS-DESKTOP/Collection page/Product image - 1st one")): Object: 'Object Repository/OCS-DESKTOP/Collection page/Product image - 1st one' is clicked on

2019-07-15 14:24:51 - [MESSAGE][PASSED] - Object: 'Object Repository/OCS-DESKTOP/Collection page/Product image - 1st one' is clicked on

2019-07-15 14:24:51 - [TEST_STEP][PASSED] - executeJavaScript("var previewBar = document.getElementById("preview-bar-iframe"); previewBar.style.display = "none";", []): Execute JavaScript 'var previewBar = document.getElementById("preview-bar-iframe"); previewBar.style.display = "none";' successfully

2019-07-15 14:24:51 - [MESSAGE][PASSED] - Execute JavaScript 'var previewBar = document.getElementById("preview-bar-iframe"); previewBar.style.display = "none";' successfully

2019-07-15 14:24:51 - [TEST_STEP][PASSED] - delay(2): Delayed 2 second(s)

2019-07-15 14:24:53 - [MESSAGE][PASSED] - Delayed 2 second(s)

2019-07-15 14:24:53 - [MESSAGE][PASSED] - Call Test Case 'Test Cases/OCS - DESKTOP/CALL - PDP' successfully

2019-07-15 14:24:53 - [TEST_STEP][PASSED] - navigateToUrl("https://ocs.ca/products/la-confidential"): Navigate to 'https://ocs.ca/products/la-confidential' successfully

2019-07-15 14:24:57 - [MESSAGE][PASSED] - Navigate to 'https://ocs.ca/products/la-confidential' successfully

2019-07-15 14:24:57 - [TEST_STEP][PASSED] - delay(2): Delayed 2 second(s)

2019-07-15 14:24:59 - [MESSAGE][PASSED] - Delayed 2 second(s)

2019-07-15 14:24:59 - [TEST_STEP][PASSED] - scrollToElement(findTestObject("OCS-DESKTOP/Product page/Product image"), 1): Scroll to object 'Object Repository/OCS-DESKTOP/Product page/Product image' successfully

2019-07-15 14:24:59 - [MESSAGE][PASSED] - Scroll to object 'Object Repository/OCS-DESKTOP/Product page/Product image' successfully

2019-07-15 14:24:59 - [TEST_STEP][PASSED] - delay(2): Delayed 2 second(s)

2019-07-15 14:25:01 - [MESSAGE][PASSED] - Delayed 2 second(s)

2019-07-15 14:25:01 - [TEST_STEP][PASSED] - click(findTestObject("OCS-DESKTOP/Product page/Swatch_1g")): Object: 'Object Repository/OCS-DESKTOP/Product page/Swatch_1g' is clicked on

2019-07-15 14:25:01 - [MESSAGE][PASSED] - Object: 'Object Repository/OCS-DESKTOP/Product page/Swatch_1g' is clicked on

2019-07-15 14:25:01 - [TEST_STEP][PASSED] - delay(2): Delayed 2 second(s)

2019-07-15 14:25:03 - [MESSAGE][PASSED] - Delayed 2 second(s)

2019-07-15 14:25:03 - [TEST_STEP][NOT_RUN] - scrollToElement(findTestObject("OCS-DESKTOP/Product page/Add to Bag-button"), 0): NOT_RUN: scrollToElement(findTestObject("OCS-DESKTOP/Product page/Add to Bag-button"), 0)

2019-07-15 14:25:03 - [MESSAGE][NOT_RUN] - NOT_RUN: scrollToElement(findTestObject("OCS-DESKTOP/Product page/Add to Bag-button"), 0)

2019-07-15 14:25:03 - [TEST_STEP][NOT_RUN] - scrollToElement(findTestObject("OCS-MOBILE /Product page/Product image"), 1): NOT_RUN: scrollToElement(findTestObject("OCS-MOBILE /Product page/Product image"), 1)

2019-07-15 14:25:03 - [MESSAGE][NOT_RUN] - NOT_RUN: scrollToElement(findTestObject("OCS-MOBILE /Product page/Product image"), 1)

2019-07-15 14:25:03 - [TEST_STEP][PASSED] - delay(2): Delayed 2 second(s)

2019-07-15 14:25:05 - [MESSAGE][PASSED] - Delayed 2 second(s)

2019-07-15 14:25:05 - [TEST_STEP][PASSED] - a = getText(findTestObject("OCS-DESKTOP/Product page/Price/1g Price - Swatch")): Text of object 'Object Repository/OCS-DESKTOP/Product page/Price/1g Price - Swatch' is: '$10.50'

2019-07-15 14:25:05 - [MESSAGE][PASSED] - Text of object 'Object Repository/OCS-DESKTOP/Product page/Price/1g Price - Swatch' is: '$10.50'

2019-07-15 14:25:05 - [TEST_STEP][PASSED] - comment("a =" + a): a =$10.50

2019-07-15 14:25:05 - [MESSAGE][INFO] - a =$10.50

2019-07-15 14:25:05 - [TEST_STEP][PASSED] - delay(1, OPTIONAL): Delayed 1 second(s)

2019-07-15 14:25:06 - [MESSAGE][PASSED] - Delayed 1 second(s)

2019-07-15 14:25:06 - [TEST_STEP][PASSED] - flag = verifyElementPresent(findTestObject("OCS-DESKTOP/Product page/Price/Price - Add to cart button"), 0, CONTINUE_ON_FAILURE): Object 'Object Repository/OCS-DESKTOP/Product page/Price/Price - Add to cart button' is present

2019-07-15 14:25:06 - [MESSAGE][WARNING] - Timeout '0' is invalid. Using default page load timeout: '30'

2019-07-15 14:25:06 - [MESSAGE][PASSED] - Object 'Object Repository/OCS-DESKTOP/Product page/Price/Price - Add to cart button' is present

2019-07-15 14:25:06 - [TEST_STEP][PASSED] - comment("flag =" + flag): flag =true

2019-07-15 14:25:06 - [MESSAGE][INFO] - flag =true

2019-07-15 14:25:06 - [TEST_STEP][PASSED] - if (flag == true): Actual object '35.00' and expected object '35.00' are equal

2019-07-15 14:25:06 - [TEST_STEP][PASSED] - b = getText(findTestObject("OCS-DESKTOP/Product page/Price/Price - Add to cart button")): Text of object 'Object Repository/OCS-DESKTOP/Product page/Price/Price - Add to cart button' is: '$10.50'

2019-07-15 14:25:06 - [MESSAGE][PASSED] - Text of object 'Object Repository/OCS-DESKTOP/Product page/Price/Price - Add to cart button' is: '$10.50'

2019-07-15 14:25:06 - [TEST_STEP][PASSED] - comment("a =" + a): a =$10.50

2019-07-15 14:25:06 - [MESSAGE][INFO] - a =$10.50

2019-07-15 14:25:06 - [TEST_STEP][PASSED] - a1 = a.substring(1): null

2019-07-15 14:25:06 - [TEST_STEP][PASSED] - comment("a1=" + a1): a1=10.50

2019-07-15 14:25:06 - [MESSAGE][INFO] - a1=10.50

2019-07-15 14:25:06 - [TEST_STEP][PASSED] - comment("b =" + b): b =$10.50

2019-07-15 14:25:06 - [MESSAGE][INFO] - b =$10.50

2019-07-15 14:25:06 - [TEST_STEP][PASSED] - b1 = a.substring(1): null

2019-07-15 14:25:06 - [TEST_STEP][PASSED] - comment("b1 =" + b1): b1 =10.50

2019-07-15 14:25:06 - [MESSAGE][INFO] - b1 =10.50

2019-07-15 14:25:06 - [TEST_STEP][PASSED] - verifyEqual(a1, b1): Actual object '10.50' and expected object '10.50' are equal

2019-07-15 14:25:06 - [MESSAGE][PASSED] - Actual object '10.50' and expected object '10.50' are equal

2019-07-15 14:25:06 - [TEST_STEP][PASSED] - click(findTestObject("OCS-DESKTOP/Product page/Swatch_3.5g")): Object: 'Object Repository/OCS-DESKTOP/Product page/Swatch_3.5g' is clicked on

2019-07-15 14:25:06 - [MESSAGE][PASSED] - Object: 'Object Repository/OCS-DESKTOP/Product page/Swatch_3.5g' is clicked on

2019-07-15 14:25:06 - [TEST_STEP][PASSED] - c = getText(findTestObject("OCS-DESKTOP/Product page/Price/3.5g Price - Swatch"), STOP_ON_FAILURE): Text of object 'Object Repository/OCS-DESKTOP/Product page/Price/3.5g Price - Swatch' is: '$35.00'

2019-07-15 14:25:06 - [MESSAGE][PASSED] - Text of object 'Object Repository/OCS-DESKTOP/Product page/Price/3.5g Price - Swatch' is: '$35.00'

2019-07-15 14:25:06 - [TEST_STEP][PASSED] - comment("c =" + c): c =$35.00

2019-07-15 14:25:06 - [MESSAGE][INFO] - c =$35.00

2019-07-15 14:25:06 - [TEST_STEP][PASSED] - c1 = c.substring(1): null

2019-07-15 14:25:06 - [TEST_STEP][PASSED] - comment("c1 =" + c1): c1 =35.00

2019-07-15 14:25:06 - [MESSAGE][INFO] - c1 =35.00

2019-07-15 14:25:06 - [TEST_STEP][PASSED] - d = getText(findTestObject("OCS-DESKTOP/Product page/Price/Price - Add to cart button")): Text of object 'Object Repository/OCS-DESKTOP/Product page/Price/Price - Add to cart button' is: '$35.00'

2019-07-15 14:25:06 - [MESSAGE][PASSED] - Text of object 'Object Repository/OCS-DESKTOP/Product page/Price/Price - Add to cart button' is: '$35.00'

2019-07-15 14:25:06 - [TEST_STEP][PASSED] - comment("d =" + d): d =$35.00

2019-07-15 14:25:06 - [MESSAGE][INFO] - d =$35.00

2019-07-15 14:25:06 - [TEST_STEP][PASSED] - d1 = d.substring(1): null

2019-07-15 14:25:06 - [TEST_STEP][PASSED] - comment("d1 =" + d1): d1 =35.00

2019-07-15 14:25:06 - [MESSAGE][INFO] - d1 =35.00

2019-07-15 14:25:06 - [TEST_STEP][PASSED] - verifyEqual(c1, d1): Actual object '35.00' and expected object '35.00' are equal

2019-07-15 14:25:06 - [MESSAGE][PASSED] - Actual object '35.00' and expected object '35.00' are equal]]></system-out>
         <system-err><![CDATA[]]></system-err>
      </testcase>
      <testcase name="Test Cases/OCS - DESKTOP/OCS- PRODUCT PAGE/Learn More" classname="Test Cases/OCS - DESKTOP/OCS- PRODUCT PAGE/Learn More" status="PASSED">
         <system-out><![CDATA[2019-07-15 14:25:06 - [TEST_CASE][PASSED] - Test Cases/OCS - DESKTOP/OCS- PRODUCT PAGE/Learn More: Test Cases/OCS - DESKTOP/OCS- PRODUCT PAGE/Learn More

2019-07-15 14:25:06 - [TEST_STEP][PASSED] - callTestCase(findTestCase("OCS - DESKTOP/CALL - PDP"), [:], STOP_ON_FAILURE): Call Test Case 'Test Cases/OCS - DESKTOP/CALL - PDP' successfully

2019-07-15 14:25:06 - [TEST_CASE][PASSED] - Test Cases/OCS - DESKTOP/CALL - PDP: Test Cases/OCS - DESKTOP/CALL - PDP

2019-07-15 14:25:06 - [TEST_STEP][PASSED] - openBrowser(""): Browser is opened with url: ''

2019-07-15 14:25:06 - [MESSAGE][WARNING] - A browser is already opened. Closing browser and opening a new one

2019-07-15 14:25:06 - [MESSAGE][INFO] - Starting 'Chrome' driver

2019-07-15 14:25:07 - [MESSAGE][PASSED] - Browser is opened with url: ''

2019-07-15 14:25:07 - [TEST_STEP][PASSED] - navigateToUrl("https://ocs.ca/?fts=0&preview_theme_id=74205529932"): Navigate to 'https://ocs.ca/?fts=0&preview_theme_id=74205529932' successfully

2019-07-15 14:25:12 - [MESSAGE][PASSED] - Navigate to 'https://ocs.ca/?fts=0&preview_theme_id=74205529932' successfully

2019-07-15 14:25:12 - [TEST_STEP][PASSED] - maximizeWindow(): Current window maximized

2019-07-15 14:25:13 - [MESSAGE][PASSED] - Current window maximized

2019-07-15 14:25:13 - [TEST_STEP][PASSED] - executeJavaScript("var previewBar = document.getElementById("preview-bar-iframe"); previewBar.style.display = "none";", []): Execute JavaScript 'var previewBar = document.getElementById("preview-bar-iframe"); previewBar.style.display = "none";' successfully

2019-07-15 14:25:13 - [MESSAGE][PASSED] - Execute JavaScript 'var previewBar = document.getElementById("preview-bar-iframe"); previewBar.style.display = "none";' successfully

2019-07-15 14:25:13 - [TEST_STEP][PASSED] - delay(4): Delayed 4 second(s)

2019-07-15 14:25:17 - [MESSAGE][PASSED] - Delayed 4 second(s)

2019-07-15 14:25:17 - [TEST_STEP][PASSED] - selectOptionByValue(findTestObject("OCS-DESKTOP/Age gate and Mega menu/Date"), "12", true): All options with value '12' are selected in object 'Object Repository/OCS-DESKTOP/Age gate and Mega menu/Date'  using regular expression

2019-07-15 14:25:17 - [MESSAGE][PASSED] - All options with value '12' are selected in object 'Object Repository/OCS-DESKTOP/Age gate and Mega menu/Date'  using regular expression

2019-07-15 14:25:17 - [TEST_STEP][PASSED] - selectOptionByValue(findTestObject("OCS-DESKTOP/Age gate and Mega menu/month"), "6", true): All options with value '6' are selected in object 'Object Repository/OCS-DESKTOP/Age gate and Mega menu/month'  using regular expression

2019-07-15 14:25:17 - [MESSAGE][PASSED] - All options with value '6' are selected in object 'Object Repository/OCS-DESKTOP/Age gate and Mega menu/month'  using regular expression

2019-07-15 14:25:17 - [TEST_STEP][PASSED] - delay(2): Delayed 2 second(s)

2019-07-15 14:25:19 - [MESSAGE][PASSED] - Delayed 2 second(s)

2019-07-15 14:25:19 - [TEST_STEP][PASSED] - selectOptionByValue(findTestObject("OCS-DESKTOP/Age gate and Mega menu/Year Dropdown"), "1990", true): All options with value '1990' are selected in object 'Object Repository/OCS-DESKTOP/Age gate and Mega menu/Year Dropdown'  using regular expression

2019-07-15 14:25:20 - [MESSAGE][PASSED] - All options with value '1990' are selected in object 'Object Repository/OCS-DESKTOP/Age gate and Mega menu/Year Dropdown'  using regular expression

2019-07-15 14:25:20 - [TEST_STEP][PASSED] - click(findTestObject("OCS-DESKTOP/Age gate and Mega menu/button_Verify")): Object: 'Object Repository/OCS-DESKTOP/Age gate and Mega menu/button_Verify' is clicked on

2019-07-15 14:25:20 - [MESSAGE][PASSED] - Object: 'Object Repository/OCS-DESKTOP/Age gate and Mega menu/button_Verify' is clicked on

2019-07-15 14:25:20 - [TEST_STEP][PASSED] - click(findTestObject("OCS-DESKTOP/Age gate and Mega menu/Checkbox_CONFIRM AND ACKNOWLEDGE")): Object: 'Object Repository/OCS-DESKTOP/Age gate and Mega menu/Checkbox_CONFIRM AND ACKNOWLEDGE' is clicked on

2019-07-15 14:25:20 - [MESSAGE][PASSED] - Object: 'Object Repository/OCS-DESKTOP/Age gate and Mega menu/Checkbox_CONFIRM AND ACKNOWLEDGE' is clicked on

2019-07-15 14:25:20 - [TEST_STEP][PASSED] - click(findTestObject("OCS-DESKTOP/Age gate and Mega menu/button_CONFIRM")): Object: 'Object Repository/OCS-DESKTOP/Age gate and Mega menu/button_CONFIRM' is clicked on

2019-07-15 14:25:21 - [MESSAGE][PASSED] - Object: 'Object Repository/OCS-DESKTOP/Age gate and Mega menu/button_CONFIRM' is clicked on

2019-07-15 14:25:21 - [TEST_STEP][PASSED] - click(findTestObject("OCS-DESKTOP/Age gate and Mega menu/button_Start Browsing")): Object: 'Object Repository/OCS-DESKTOP/Age gate and Mega menu/button_Start Browsing' is clicked on

2019-07-15 14:25:21 - [MESSAGE][PASSED] - Object: 'Object Repository/OCS-DESKTOP/Age gate and Mega menu/button_Start Browsing' is clicked on

2019-07-15 14:25:21 - [TEST_STEP][PASSED] - refresh(): Refresh successfully

2019-07-15 14:25:21 - [MESSAGE][PASSED] - Refresh successfully

2019-07-15 14:25:21 - [TEST_STEP][PASSED] - delay(2): Delayed 2 second(s)

2019-07-15 14:25:23 - [MESSAGE][PASSED] - Delayed 2 second(s)

2019-07-15 14:25:23 - [TEST_STEP][PASSED] - click(findTestObject("OCS-DESKTOP/Age gate and Mega menu/Header/CANNABIS menu - English")): Object: 'Object Repository/OCS-DESKTOP/Age gate and Mega menu/Header/CANNABIS menu - English' is clicked on

2019-07-15 14:25:24 - [MESSAGE][PASSED] - Object: 'Object Repository/OCS-DESKTOP/Age gate and Mega menu/Header/CANNABIS menu - English' is clicked on

2019-07-15 14:25:24 - [TEST_STEP][PASSED] - delay(2): Delayed 2 second(s)

2019-07-15 14:25:26 - [MESSAGE][PASSED] - Delayed 2 second(s)

2019-07-15 14:25:26 - [TEST_STEP][PASSED] - click(findTestObject("OCS-DESKTOP/Age gate and Mega menu/Indica Dominant_Menu item")): Object: 'Object Repository/OCS-DESKTOP/Age gate and Mega menu/Indica Dominant_Menu item' is clicked on

2019-07-15 14:25:29 - [MESSAGE][PASSED] - Object: 'Object Repository/OCS-DESKTOP/Age gate and Mega menu/Indica Dominant_Menu item' is clicked on

2019-07-15 14:25:29 - [TEST_STEP][PASSED] - delay(2): Delayed 2 second(s)

2019-07-15 14:25:31 - [MESSAGE][PASSED] - Delayed 2 second(s)

2019-07-15 14:25:31 - [TEST_STEP][PASSED] - scrollToElement(findTestObject("OCS-DESKTOP/Collection page/Product image - 1st one"), 0): Scroll to object 'Object Repository/OCS-DESKTOP/Collection page/Product image - 1st one' successfully

2019-07-15 14:25:31 - [MESSAGE][WARNING] - Timeout '0' is invalid. Using default page load timeout: '30'

2019-07-15 14:25:31 - [MESSAGE][PASSED] - Scroll to object 'Object Repository/OCS-DESKTOP/Collection page/Product image - 1st one' successfully

2019-07-15 14:25:31 - [TEST_STEP][PASSED] - delay(2): Delayed 2 second(s)

2019-07-15 14:25:33 - [MESSAGE][PASSED] - Delayed 2 second(s)

2019-07-15 14:25:33 - [TEST_STEP][PASSED] - click(findTestObject("OCS-DESKTOP/Collection page/Product image - 1st one")): Object: 'Object Repository/OCS-DESKTOP/Collection page/Product image - 1st one' is clicked on

2019-07-15 14:25:36 - [MESSAGE][PASSED] - Object: 'Object Repository/OCS-DESKTOP/Collection page/Product image - 1st one' is clicked on

2019-07-15 14:25:36 - [TEST_STEP][PASSED] - executeJavaScript("var previewBar = document.getElementById("preview-bar-iframe"); previewBar.style.display = "none";", []): Execute JavaScript 'var previewBar = document.getElementById("preview-bar-iframe"); previewBar.style.display = "none";' successfully

2019-07-15 14:25:36 - [MESSAGE][PASSED] - Execute JavaScript 'var previewBar = document.getElementById("preview-bar-iframe"); previewBar.style.display = "none";' successfully

2019-07-15 14:25:36 - [TEST_STEP][PASSED] - delay(2): Delayed 2 second(s)

2019-07-15 14:25:38 - [MESSAGE][PASSED] - Delayed 2 second(s)

2019-07-15 14:25:38 - [MESSAGE][PASSED] - Call Test Case 'Test Cases/OCS - DESKTOP/CALL - PDP' successfully

2019-07-15 14:25:38 - [TEST_STEP][NOT_RUN] - scrollToElement(findTestObject("OCS-MOBILE /Product page/Product image"), 1): NOT_RUN: scrollToElement(findTestObject("OCS-MOBILE /Product page/Product image"), 1)

2019-07-15 14:25:38 - [MESSAGE][NOT_RUN] - NOT_RUN: scrollToElement(findTestObject("OCS-MOBILE /Product page/Product image"), 1)

2019-07-15 14:25:38 - [TEST_STEP][PASSED] - click(findTestObject("OCS-DESKTOP/Product page/Learn More - Link")): Object: 'Object Repository/OCS-DESKTOP/Product page/Learn More - Link' is clicked on

2019-07-15 14:25:39 - [MESSAGE][PASSED] - Object: 'Object Repository/OCS-DESKTOP/Product page/Learn More - Link' is clicked on

2019-07-15 14:25:39 - [TEST_STEP][PASSED] - verifyElementPresent(findTestObject("OCS-DESKTOP/Product page/About Product - Table"), 1): Object 'Object Repository/OCS-DESKTOP/Product page/About Product - Table' is present

2019-07-15 14:25:39 - [MESSAGE][PASSED] - Object 'Object Repository/OCS-DESKTOP/Product page/About Product - Table' is present

2019-07-15 14:25:39 - [TEST_STEP][PASSED] - takeScreenshot(): Taking screenshot successfully

2019-07-15 14:25:39 - [MESSAGE][PASSED] - Taking screenshot successfully
[[ATTACHMENT|/Users/sumankompelly/git/OCS--Relative-xpath-Desktop/Reports/Suite - Chrome/20190715_133533/1563215139086.png]]]]></system-out>
         <system-err><![CDATA[]]></system-err>
      </testcase>
      <testcase name="Test Cases/OCS - DESKTOP/OCS- PRODUCT PAGE/Recently viewed" classname="Test Cases/OCS - DESKTOP/OCS- PRODUCT PAGE/Recently viewed" status="PASSED">
         <system-out><![CDATA[2019-07-15 14:25:39 - [TEST_CASE][PASSED] - Test Cases/OCS - DESKTOP/OCS- PRODUCT PAGE/Recently viewed: Test Cases/OCS - DESKTOP/OCS- PRODUCT PAGE/Recently viewed

2019-07-15 14:25:39 - [TEST_STEP][PASSED] - callTestCase(findTestCase("OCS - DESKTOP/CALL - PDP"), [:], STOP_ON_FAILURE): Call Test Case 'Test Cases/OCS - DESKTOP/CALL - PDP' successfully

2019-07-15 14:25:39 - [TEST_CASE][PASSED] - Test Cases/OCS - DESKTOP/CALL - PDP: Test Cases/OCS - DESKTOP/CALL - PDP

2019-07-15 14:25:39 - [TEST_STEP][PASSED] - openBrowser(""): Browser is opened with url: ''

2019-07-15 14:25:39 - [MESSAGE][WARNING] - A browser is already opened. Closing browser and opening a new one

2019-07-15 14:25:39 - [MESSAGE][INFO] - Starting 'Chrome' driver

2019-07-15 14:25:41 - [MESSAGE][PASSED] - Browser is opened with url: ''

2019-07-15 14:25:41 - [TEST_STEP][PASSED] - navigateToUrl("https://ocs.ca/?fts=0&preview_theme_id=74205529932"): Navigate to 'https://ocs.ca/?fts=0&preview_theme_id=74205529932' successfully

2019-07-15 14:25:46 - [MESSAGE][PASSED] - Navigate to 'https://ocs.ca/?fts=0&preview_theme_id=74205529932' successfully

2019-07-15 14:25:46 - [TEST_STEP][PASSED] - maximizeWindow(): Current window maximized

2019-07-15 14:25:46 - [MESSAGE][PASSED] - Current window maximized

2019-07-15 14:25:46 - [TEST_STEP][PASSED] - executeJavaScript("var previewBar = document.getElementById("preview-bar-iframe"); previewBar.style.display = "none";", []): Execute JavaScript 'var previewBar = document.getElementById("preview-bar-iframe"); previewBar.style.display = "none";' successfully

2019-07-15 14:25:46 - [MESSAGE][PASSED] - Execute JavaScript 'var previewBar = document.getElementById("preview-bar-iframe"); previewBar.style.display = "none";' successfully

2019-07-15 14:25:46 - [TEST_STEP][PASSED] - delay(4): Delayed 4 second(s)

2019-07-15 14:25:50 - [MESSAGE][PASSED] - Delayed 4 second(s)

2019-07-15 14:25:50 - [TEST_STEP][PASSED] - selectOptionByValue(findTestObject("OCS-DESKTOP/Age gate and Mega menu/Date"), "12", true): All options with value '12' are selected in object 'Object Repository/OCS-DESKTOP/Age gate and Mega menu/Date'  using regular expression

2019-07-15 14:25:51 - [MESSAGE][PASSED] - All options with value '12' are selected in object 'Object Repository/OCS-DESKTOP/Age gate and Mega menu/Date'  using regular expression

2019-07-15 14:25:51 - [TEST_STEP][PASSED] - selectOptionByValue(findTestObject("OCS-DESKTOP/Age gate and Mega menu/month"), "6", true): All options with value '6' are selected in object 'Object Repository/OCS-DESKTOP/Age gate and Mega menu/month'  using regular expression

2019-07-15 14:25:51 - [MESSAGE][PASSED] - All options with value '6' are selected in object 'Object Repository/OCS-DESKTOP/Age gate and Mega menu/month'  using regular expression

2019-07-15 14:25:51 - [TEST_STEP][PASSED] - delay(2): Delayed 2 second(s)

2019-07-15 14:25:53 - [MESSAGE][PASSED] - Delayed 2 second(s)

2019-07-15 14:25:53 - [TEST_STEP][PASSED] - selectOptionByValue(findTestObject("OCS-DESKTOP/Age gate and Mega menu/Year Dropdown"), "1990", true): All options with value '1990' are selected in object 'Object Repository/OCS-DESKTOP/Age gate and Mega menu/Year Dropdown'  using regular expression

2019-07-15 14:25:54 - [MESSAGE][PASSED] - All options with value '1990' are selected in object 'Object Repository/OCS-DESKTOP/Age gate and Mega menu/Year Dropdown'  using regular expression

2019-07-15 14:25:54 - [TEST_STEP][PASSED] - click(findTestObject("OCS-DESKTOP/Age gate and Mega menu/button_Verify")): Object: 'Object Repository/OCS-DESKTOP/Age gate and Mega menu/button_Verify' is clicked on

2019-07-15 14:25:54 - [MESSAGE][PASSED] - Object: 'Object Repository/OCS-DESKTOP/Age gate and Mega menu/button_Verify' is clicked on

2019-07-15 14:25:54 - [TEST_STEP][PASSED] - click(findTestObject("OCS-DESKTOP/Age gate and Mega menu/Checkbox_CONFIRM AND ACKNOWLEDGE")): Object: 'Object Repository/OCS-DESKTOP/Age gate and Mega menu/Checkbox_CONFIRM AND ACKNOWLEDGE' is clicked on

2019-07-15 14:25:54 - [MESSAGE][PASSED] - Object: 'Object Repository/OCS-DESKTOP/Age gate and Mega menu/Checkbox_CONFIRM AND ACKNOWLEDGE' is clicked on

2019-07-15 14:25:54 - [TEST_STEP][PASSED] - click(findTestObject("OCS-DESKTOP/Age gate and Mega menu/button_CONFIRM")): Object: 'Object Repository/OCS-DESKTOP/Age gate and Mega menu/button_CONFIRM' is clicked on

2019-07-15 14:25:54 - [MESSAGE][PASSED] - Object: 'Object Repository/OCS-DESKTOP/Age gate and Mega menu/button_CONFIRM' is clicked on

2019-07-15 14:25:54 - [TEST_STEP][PASSED] - click(findTestObject("OCS-DESKTOP/Age gate and Mega menu/button_Start Browsing")): Object: 'Object Repository/OCS-DESKTOP/Age gate and Mega menu/button_Start Browsing' is clicked on

2019-07-15 14:25:54 - [MESSAGE][PASSED] - Object: 'Object Repository/OCS-DESKTOP/Age gate and Mega menu/button_Start Browsing' is clicked on

2019-07-15 14:25:54 - [TEST_STEP][PASSED] - refresh(): Refresh successfully

2019-07-15 14:25:54 - [MESSAGE][PASSED] - Refresh successfully

2019-07-15 14:25:54 - [TEST_STEP][PASSED] - delay(2): Delayed 2 second(s)

2019-07-15 14:25:56 - [MESSAGE][PASSED] - Delayed 2 second(s)

2019-07-15 14:25:56 - [TEST_STEP][PASSED] - click(findTestObject("OCS-DESKTOP/Age gate and Mega menu/Header/CANNABIS menu - English")): Object: 'Object Repository/OCS-DESKTOP/Age gate and Mega menu/Header/CANNABIS menu - English' is clicked on

2019-07-15 14:25:58 - [MESSAGE][PASSED] - Object: 'Object Repository/OCS-DESKTOP/Age gate and Mega menu/Header/CANNABIS menu - English' is clicked on

2019-07-15 14:25:58 - [TEST_STEP][PASSED] - delay(2): Delayed 2 second(s)

2019-07-15 14:26:00 - [MESSAGE][PASSED] - Delayed 2 second(s)

2019-07-15 14:26:00 - [TEST_STEP][PASSED] - click(findTestObject("OCS-DESKTOP/Age gate and Mega menu/Indica Dominant_Menu item")): Object: 'Object Repository/OCS-DESKTOP/Age gate and Mega menu/Indica Dominant_Menu item' is clicked on

2019-07-15 14:26:02 - [MESSAGE][PASSED] - Object: 'Object Repository/OCS-DESKTOP/Age gate and Mega menu/Indica Dominant_Menu item' is clicked on

2019-07-15 14:26:02 - [TEST_STEP][PASSED] - delay(2): Delayed 2 second(s)

2019-07-15 14:26:04 - [MESSAGE][PASSED] - Delayed 2 second(s)

2019-07-15 14:26:04 - [TEST_STEP][PASSED] - scrollToElement(findTestObject("OCS-DESKTOP/Collection page/Product image - 1st one"), 0): Scroll to object 'Object Repository/OCS-DESKTOP/Collection page/Product image - 1st one' successfully

2019-07-15 14:26:04 - [MESSAGE][WARNING] - Timeout '0' is invalid. Using default page load timeout: '30'

2019-07-15 14:26:04 - [MESSAGE][PASSED] - Scroll to object 'Object Repository/OCS-DESKTOP/Collection page/Product image - 1st one' successfully

2019-07-15 14:26:04 - [TEST_STEP][PASSED] - delay(2): Delayed 2 second(s)

2019-07-15 14:26:06 - [MESSAGE][PASSED] - Delayed 2 second(s)

2019-07-15 14:26:06 - [TEST_STEP][PASSED] - click(findTestObject("OCS-DESKTOP/Collection page/Product image - 1st one")): Object: 'Object Repository/OCS-DESKTOP/Collection page/Product image - 1st one' is clicked on

2019-07-15 14:26:10 - [MESSAGE][PASSED] - Object: 'Object Repository/OCS-DESKTOP/Collection page/Product image - 1st one' is clicked on

2019-07-15 14:26:10 - [TEST_STEP][PASSED] - executeJavaScript("var previewBar = document.getElementById("preview-bar-iframe"); previewBar.style.display = "none";", []): Execute JavaScript 'var previewBar = document.getElementById("preview-bar-iframe"); previewBar.style.display = "none";' successfully

2019-07-15 14:26:10 - [MESSAGE][PASSED] - Execute JavaScript 'var previewBar = document.getElementById("preview-bar-iframe"); previewBar.style.display = "none";' successfully

2019-07-15 14:26:10 - [TEST_STEP][PASSED] - delay(2): Delayed 2 second(s)

2019-07-15 14:26:12 - [MESSAGE][PASSED] - Delayed 2 second(s)

2019-07-15 14:26:12 - [MESSAGE][PASSED] - Call Test Case 'Test Cases/OCS - DESKTOP/CALL - PDP' successfully

2019-07-15 14:26:12 - [TEST_STEP][PASSED] - a = getWindowTitle(): Current window's title is: 'LA Confidential | Ontario Cannabis Store'

2019-07-15 14:26:12 - [MESSAGE][PASSED] - Current window's title is: 'LA Confidential | Ontario Cannabis Store'

2019-07-15 14:26:12 - [TEST_STEP][PASSED] - comment("WINDOW TITLE: " + a): WINDOW TITLE: LA Confidential | Ontario Cannabis Store

2019-07-15 14:26:12 - [MESSAGE][INFO] - WINDOW TITLE: LA Confidential | Ontario Cannabis Store

2019-07-15 14:26:12 - [TEST_STEP][NOT_RUN] - scrollToElement(findTestObject("OCS-MOBILE /Product page/How to choose cannabis product - Button"), 2): NOT_RUN: scrollToElement(findTestObject("OCS-MOBILE /Product page/How to choose cannabis product - Button"), 2)

2019-07-15 14:26:12 - [MESSAGE][NOT_RUN] - NOT_RUN: scrollToElement(findTestObject("OCS-MOBILE /Product page/How to choose cannabis product - Button"), 2)

2019-07-15 14:26:12 - [TEST_STEP][PASSED] - click(findTestObject("OCS-DESKTOP/Product page/Recently Viewed/1st Product - Image")): Object: 'Object Repository/OCS-DESKTOP/Product page/Recently Viewed/1st Product - Image' is clicked on

2019-07-15 14:26:16 - [MESSAGE][PASSED] - Object: 'Object Repository/OCS-DESKTOP/Product page/Recently Viewed/1st Product - Image' is clicked on

2019-07-15 14:26:16 - [TEST_STEP][PASSED] - delay(2): Delayed 2 second(s)

2019-07-15 14:26:18 - [MESSAGE][PASSED] - Delayed 2 second(s)

2019-07-15 14:26:18 - [TEST_STEP][PASSED] - b = getWindowTitle(): Current window's title is: 'LA Confidential | Ontario Cannabis Store'

2019-07-15 14:26:18 - [MESSAGE][PASSED] - Current window's title is: 'LA Confidential | Ontario Cannabis Store'

2019-07-15 14:26:18 - [TEST_STEP][PASSED] - comment("WINDOW TITLE:" + b): WINDOW TITLE:LA Confidential | Ontario Cannabis Store

2019-07-15 14:26:18 - [MESSAGE][INFO] - WINDOW TITLE:LA Confidential | Ontario Cannabis Store

2019-07-15 14:26:18 - [TEST_STEP][PASSED] - if (a == b): WINDOW TITLES ARE SAME

2019-07-15 14:26:18 - [TEST_STEP][PASSED] - comment("WINDOW TITLES ARE SAME"): WINDOW TITLES ARE SAME

2019-07-15 14:26:18 - [MESSAGE][INFO] - WINDOW TITLES ARE SAME]]></system-out>
         <system-err><![CDATA[]]></system-err>
      </testcase>
      <testcase name="Test Cases/OCS - DESKTOP/OCS- PRODUCT PAGE/variants selector" classname="Test Cases/OCS - DESKTOP/OCS- PRODUCT PAGE/variants selector" status="FAILED">
         <failure type="FAILED" message="Test Cases/OCS - DESKTOP/OCS- PRODUCT PAGE/variants selector FAILED.
Reason:
com.kms.katalon.core.exception.StepFailedException: Unable to click on object 'Object Repository/OCS-DESKTOP/Product page/Swatch_7g' (Root cause: org.openqa.selenium.WebDriverException: unknown error: Element &lt;span class=&quot;swatch__title&quot;>...&lt;/span> is not clickable at point (1028, 573). Other element would receive the click: &lt;li class=&quot;swatch swatch--weight&quot; aria-disabled=&quot;true&quot;>...&lt;/li>
  (Session info: chrome=75.0.3770.100)
  (Driver info: chromedriver=2.43.600229 (3fae4d0cda5334b4f533bede5a4787f7b832d052),platform=Mac OS X 10.13.6 x86_64) (WARNING: The server did not provide any stacktrace information)
Command duration or timeout: 0 milliseconds
Build info: version: '3.7.1', revision: '8a0099a', time: '2017-11-06T21:07:36.161Z'
System info: host: 'sumans-MacBook-Pro.local', ip: 'fe80:0:0:0:143c:9c68:90ad:a50%en0', os.name: 'Mac OS X', os.arch: 'x86_64', os.version: '10.13.6', java.version: '1.8.0_181'
Driver info: com.kms.katalon.selenium.driver.CChromeDriver
Capabilities {acceptInsecureCerts: false, acceptSslCerts: false, applicationCacheEnabled: false, browserConnectionEnabled: false, browserName: chrome, chrome: {chromedriverVersion: 2.43.600229 (3fae4d0cda5334..., userDataDir: /var/folders/1t/c55l8xzs6gq...}, cssSelectorsEnabled: true, databaseEnabled: false, goog:chromeOptions: {debuggerAddress: localhost:63129}, handlesAlerts: true, hasTouchScreen: false, javascriptEnabled: true, locationContextEnabled: true, mobileEmulationEnabled: false, nativeEvents: true, networkConnectionEnabled: false, pageLoadStrategy: normal, platform: MAC, platformName: MAC, rotatable: false, setWindowRect: true, takesHeapSnapshot: true, takesScreenshot: true, unexpectedAlertBehaviour: , unhandledPromptBehavior: , version: 75.0.3770.100, webStorageEnabled: true}
Session ID: e1b62bf1d60fa803116224f46d54ff56)
	at com.kms.katalon.core.keyword.internal.KeywordMain.stepFailed(KeywordMain.groovy:32)
	at com.kms.katalon.core.webui.keyword.internal.WebUIKeywordMain.stepFailed(WebUIKeywordMain.groovy:65)
	at com.kms.katalon.core.webui.keyword.internal.WebUIKeywordMain.runKeyword(WebUIKeywordMain.groovy:27)
	at com.kms.katalon.core.webui.keyword.builtin.ClickKeyword.click(ClickKeyword.groovy:86)
	at com.kms.katalon.core.webui.keyword.builtin.ClickKeyword.execute(ClickKeyword.groovy:67)
	at com.kms.katalon.core.keyword.internal.KeywordExecutor.executeKeywordForPlatform(KeywordExecutor.groovy:53)
	at com.kms.katalon.core.webui.keyword.WebUiBuiltInKeywords.click(WebUiBuiltInKeywords.groovy:604)
	at com.kms.katalon.core.webui.keyword.WebUiBuiltInKeywords$click$6.call(Unknown Source)
	at variants selector.run(variants selector:70)
	at com.kms.katalon.core.main.ScriptEngine.run(ScriptEngine.java:194)
	at com.kms.katalon.core.main.ScriptEngine.runScriptAsRawText(ScriptEngine.java:119)
	at com.kms.katalon.core.main.TestCaseExecutor.runScript(TestCaseExecutor.java:328)
	at com.kms.katalon.core.main.TestCaseExecutor.doExecute(TestCaseExecutor.java:319)
	at com.kms.katalon.core.main.TestCaseExecutor.processExecutionPhase(TestCaseExecutor.java:298)
	at com.kms.katalon.core.main.TestCaseExecutor.accessMainPhase(TestCaseExecutor.java:290)
	at com.kms.katalon.core.main.TestCaseExecutor.execute(TestCaseExecutor.java:224)
	at com.kms.katalon.core.main.TestSuiteExecutor.accessTestCaseMainPhase(TestSuiteExecutor.java:129)
	at com.kms.katalon.core.main.TestSuiteExecutor.accessTestSuiteMainPhase(TestSuiteExecutor.java:112)
	at com.kms.katalon.core.main.TestSuiteExecutor.execute(TestSuiteExecutor.java:81)
	at com.kms.katalon.core.main.TestCaseMain.startTestSuite(TestCaseMain.java:149)
	at com.kms.katalon.core.main.TestCaseMain$startTestSuite$0.call(Unknown Source)
	at TempTestSuite1563212133201.run(TempTestSuite1563212133201.groovy:36)
"/>
         <system-out><![CDATA[2019-07-15 14:26:18 - [TEST_CASE][FAILED] - Test Cases/OCS - DESKTOP/OCS- PRODUCT PAGE/variants selector: Test Cases/OCS - DESKTOP/OCS- PRODUCT PAGE/variants selector FAILED.
Reason:
com.kms.katalon.core.exception.StepFailedException: Unable to click on object 'Object Repository/OCS-DESKTOP/Product page/Swatch_7g' (Root cause: org.openqa.selenium.WebDriverException: unknown error: Element <span class="swatch__title">...</span> is not clickable at point (1028, 573). Other element would receive the click: <li class="swatch swatch--weight" aria-disabled="true">...</li>
  (Session info: chrome=75.0.3770.100)
  (Driver info: chromedriver=2.43.600229 (3fae4d0cda5334b4f533bede5a4787f7b832d052),platform=Mac OS X 10.13.6 x86_64) (WARNING: The server did not provide any stacktrace information)
Command duration or timeout: 0 milliseconds
Build info: version: '3.7.1', revision: '8a0099a', time: '2017-11-06T21:07:36.161Z'
System info: host: 'sumans-MacBook-Pro.local', ip: 'fe80:0:0:0:143c:9c68:90ad:a50%en0', os.name: 'Mac OS X', os.arch: 'x86_64', os.version: '10.13.6', java.version: '1.8.0_181'
Driver info: com.kms.katalon.selenium.driver.CChromeDriver
Capabilities {acceptInsecureCerts: false, acceptSslCerts: false, applicationCacheEnabled: false, browserConnectionEnabled: false, browserName: chrome, chrome: {chromedriverVersion: 2.43.600229 (3fae4d0cda5334..., userDataDir: /var/folders/1t/c55l8xzs6gq...}, cssSelectorsEnabled: true, databaseEnabled: false, goog:chromeOptions: {debuggerAddress: localhost:63129}, handlesAlerts: true, hasTouchScreen: false, javascriptEnabled: true, locationContextEnabled: true, mobileEmulationEnabled: false, nativeEvents: true, networkConnectionEnabled: false, pageLoadStrategy: normal, platform: MAC, platformName: MAC, rotatable: false, setWindowRect: true, takesHeapSnapshot: true, takesScreenshot: true, unexpectedAlertBehaviour: , unhandledPromptBehavior: , version: 75.0.3770.100, webStorageEnabled: true}
Session ID: e1b62bf1d60fa803116224f46d54ff56)
	at com.kms.katalon.core.keyword.internal.KeywordMain.stepFailed(KeywordMain.groovy:32)
	at com.kms.katalon.core.webui.keyword.internal.WebUIKeywordMain.stepFailed(WebUIKeywordMain.groovy:65)
	at com.kms.katalon.core.webui.keyword.internal.WebUIKeywordMain.runKeyword(WebUIKeywordMain.groovy:27)
	at com.kms.katalon.core.webui.keyword.builtin.ClickKeyword.click(ClickKeyword.groovy:86)
	at com.kms.katalon.core.webui.keyword.builtin.ClickKeyword.execute(ClickKeyword.groovy:67)
	at com.kms.katalon.core.keyword.internal.KeywordExecutor.executeKeywordForPlatform(KeywordExecutor.groovy:53)
	at com.kms.katalon.core.webui.keyword.WebUiBuiltInKeywords.click(WebUiBuiltInKeywords.groovy:604)
	at com.kms.katalon.core.webui.keyword.WebUiBuiltInKeywords$click$6.call(Unknown Source)
	at variants selector.run(variants selector:70)
	at com.kms.katalon.core.main.ScriptEngine.run(ScriptEngine.java:194)
	at com.kms.katalon.core.main.ScriptEngine.runScriptAsRawText(ScriptEngine.java:119)
	at com.kms.katalon.core.main.TestCaseExecutor.runScript(TestCaseExecutor.java:328)
	at com.kms.katalon.core.main.TestCaseExecutor.doExecute(TestCaseExecutor.java:319)
	at com.kms.katalon.core.main.TestCaseExecutor.processExecutionPhase(TestCaseExecutor.java:298)
	at com.kms.katalon.core.main.TestCaseExecutor.accessMainPhase(TestCaseExecutor.java:290)
	at com.kms.katalon.core.main.TestCaseExecutor.execute(TestCaseExecutor.java:224)
	at com.kms.katalon.core.main.TestSuiteExecutor.accessTestCaseMainPhase(TestSuiteExecutor.java:129)
	at com.kms.katalon.core.main.TestSuiteExecutor.accessTestSuiteMainPhase(TestSuiteExecutor.java:112)
	at com.kms.katalon.core.main.TestSuiteExecutor.execute(TestSuiteExecutor.java:81)
	at com.kms.katalon.core.main.TestCaseMain.startTestSuite(TestCaseMain.java:149)
	at com.kms.katalon.core.main.TestCaseMain$startTestSuite$0.call(Unknown Source)
	at TempTestSuite1563212133201.run(TempTestSuite1563212133201.groovy:36)


2019-07-15 14:26:18 - [TEST_STEP][PASSED] - callTestCase(findTestCase("OCS - DESKTOP/CALL - PDP"), [:], STOP_ON_FAILURE): Call Test Case 'Test Cases/OCS - DESKTOP/CALL - PDP' successfully

2019-07-15 14:26:18 - [TEST_CASE][PASSED] - Test Cases/OCS - DESKTOP/CALL - PDP: Test Cases/OCS - DESKTOP/CALL - PDP

2019-07-15 14:26:18 - [TEST_STEP][PASSED] - openBrowser(""): Browser is opened with url: ''

2019-07-15 14:26:18 - [MESSAGE][WARNING] - A browser is already opened. Closing browser and opening a new one

2019-07-15 14:26:18 - [MESSAGE][INFO] - Starting 'Chrome' driver

2019-07-15 14:26:19 - [MESSAGE][PASSED] - Browser is opened with url: ''

2019-07-15 14:26:19 - [TEST_STEP][PASSED] - navigateToUrl("https://ocs.ca/?fts=0&preview_theme_id=74205529932"): Navigate to 'https://ocs.ca/?fts=0&preview_theme_id=74205529932' successfully

2019-07-15 14:26:24 - [MESSAGE][PASSED] - Navigate to 'https://ocs.ca/?fts=0&preview_theme_id=74205529932' successfully

2019-07-15 14:26:24 - [TEST_STEP][PASSED] - maximizeWindow(): Current window maximized

2019-07-15 14:26:24 - [MESSAGE][PASSED] - Current window maximized

2019-07-15 14:26:24 - [TEST_STEP][PASSED] - executeJavaScript("var previewBar = document.getElementById("preview-bar-iframe"); previewBar.style.display = "none";", []): Execute JavaScript 'var previewBar = document.getElementById("preview-bar-iframe"); previewBar.style.display = "none";' successfully

2019-07-15 14:26:24 - [MESSAGE][PASSED] - Execute JavaScript 'var previewBar = document.getElementById("preview-bar-iframe"); previewBar.style.display = "none";' successfully

2019-07-15 14:26:24 - [TEST_STEP][PASSED] - delay(4): Delayed 4 second(s)

2019-07-15 14:26:28 - [MESSAGE][PASSED] - Delayed 4 second(s)

2019-07-15 14:26:28 - [TEST_STEP][PASSED] - selectOptionByValue(findTestObject("OCS-DESKTOP/Age gate and Mega menu/Date"), "12", true): All options with value '12' are selected in object 'Object Repository/OCS-DESKTOP/Age gate and Mega menu/Date'  using regular expression

2019-07-15 14:26:29 - [MESSAGE][PASSED] - All options with value '12' are selected in object 'Object Repository/OCS-DESKTOP/Age gate and Mega menu/Date'  using regular expression

2019-07-15 14:26:29 - [TEST_STEP][PASSED] - selectOptionByValue(findTestObject("OCS-DESKTOP/Age gate and Mega menu/month"), "6", true): All options with value '6' are selected in object 'Object Repository/OCS-DESKTOP/Age gate and Mega menu/month'  using regular expression

2019-07-15 14:26:29 - [MESSAGE][PASSED] - All options with value '6' are selected in object 'Object Repository/OCS-DESKTOP/Age gate and Mega menu/month'  using regular expression

2019-07-15 14:26:29 - [TEST_STEP][PASSED] - delay(2): Delayed 2 second(s)

2019-07-15 14:26:31 - [MESSAGE][PASSED] - Delayed 2 second(s)

2019-07-15 14:26:31 - [TEST_STEP][PASSED] - selectOptionByValue(findTestObject("OCS-DESKTOP/Age gate and Mega menu/Year Dropdown"), "1990", true): All options with value '1990' are selected in object 'Object Repository/OCS-DESKTOP/Age gate and Mega menu/Year Dropdown'  using regular expression

2019-07-15 14:26:32 - [MESSAGE][PASSED] - All options with value '1990' are selected in object 'Object Repository/OCS-DESKTOP/Age gate and Mega menu/Year Dropdown'  using regular expression

2019-07-15 14:26:32 - [TEST_STEP][PASSED] - click(findTestObject("OCS-DESKTOP/Age gate and Mega menu/button_Verify")): Object: 'Object Repository/OCS-DESKTOP/Age gate and Mega menu/button_Verify' is clicked on

2019-07-15 14:26:32 - [MESSAGE][PASSED] - Object: 'Object Repository/OCS-DESKTOP/Age gate and Mega menu/button_Verify' is clicked on

2019-07-15 14:26:32 - [TEST_STEP][PASSED] - click(findTestObject("OCS-DESKTOP/Age gate and Mega menu/Checkbox_CONFIRM AND ACKNOWLEDGE")): Object: 'Object Repository/OCS-DESKTOP/Age gate and Mega menu/Checkbox_CONFIRM AND ACKNOWLEDGE' is clicked on

2019-07-15 14:26:32 - [MESSAGE][PASSED] - Object: 'Object Repository/OCS-DESKTOP/Age gate and Mega menu/Checkbox_CONFIRM AND ACKNOWLEDGE' is clicked on

2019-07-15 14:26:32 - [TEST_STEP][PASSED] - click(findTestObject("OCS-DESKTOP/Age gate and Mega menu/button_CONFIRM")): Object: 'Object Repository/OCS-DESKTOP/Age gate and Mega menu/button_CONFIRM' is clicked on

2019-07-15 14:26:32 - [MESSAGE][PASSED] - Object: 'Object Repository/OCS-DESKTOP/Age gate and Mega menu/button_CONFIRM' is clicked on

2019-07-15 14:26:32 - [TEST_STEP][PASSED] - click(findTestObject("OCS-DESKTOP/Age gate and Mega menu/button_Start Browsing")): Object: 'Object Repository/OCS-DESKTOP/Age gate and Mega menu/button_Start Browsing' is clicked on

2019-07-15 14:26:32 - [MESSAGE][PASSED] - Object: 'Object Repository/OCS-DESKTOP/Age gate and Mega menu/button_Start Browsing' is clicked on

2019-07-15 14:26:32 - [TEST_STEP][PASSED] - refresh(): Refresh successfully

2019-07-15 14:26:32 - [MESSAGE][PASSED] - Refresh successfully

2019-07-15 14:26:32 - [TEST_STEP][PASSED] - delay(2): Delayed 2 second(s)

2019-07-15 14:26:34 - [MESSAGE][PASSED] - Delayed 2 second(s)

2019-07-15 14:26:34 - [TEST_STEP][PASSED] - click(findTestObject("OCS-DESKTOP/Age gate and Mega menu/Header/CANNABIS menu - English")): Object: 'Object Repository/OCS-DESKTOP/Age gate and Mega menu/Header/CANNABIS menu - English' is clicked on

2019-07-15 14:26:35 - [MESSAGE][PASSED] - Object: 'Object Repository/OCS-DESKTOP/Age gate and Mega menu/Header/CANNABIS menu - English' is clicked on

2019-07-15 14:26:35 - [TEST_STEP][PASSED] - delay(2): Delayed 2 second(s)

2019-07-15 14:26:37 - [MESSAGE][PASSED] - Delayed 2 second(s)

2019-07-15 14:26:37 - [TEST_STEP][PASSED] - click(findTestObject("OCS-DESKTOP/Age gate and Mega menu/Indica Dominant_Menu item")): Object: 'Object Repository/OCS-DESKTOP/Age gate and Mega menu/Indica Dominant_Menu item' is clicked on

2019-07-15 14:26:40 - [MESSAGE][PASSED] - Object: 'Object Repository/OCS-DESKTOP/Age gate and Mega menu/Indica Dominant_Menu item' is clicked on

2019-07-15 14:26:40 - [TEST_STEP][PASSED] - delay(2): Delayed 2 second(s)

2019-07-15 14:26:42 - [MESSAGE][PASSED] - Delayed 2 second(s)

2019-07-15 14:26:42 - [TEST_STEP][PASSED] - scrollToElement(findTestObject("OCS-DESKTOP/Collection page/Product image - 1st one"), 0): Scroll to object 'Object Repository/OCS-DESKTOP/Collection page/Product image - 1st one' successfully

2019-07-15 14:26:42 - [MESSAGE][WARNING] - Timeout '0' is invalid. Using default page load timeout: '30'

2019-07-15 14:26:42 - [MESSAGE][PASSED] - Scroll to object 'Object Repository/OCS-DESKTOP/Collection page/Product image - 1st one' successfully

2019-07-15 14:26:42 - [TEST_STEP][PASSED] - delay(2): Delayed 2 second(s)

2019-07-15 14:26:44 - [MESSAGE][PASSED] - Delayed 2 second(s)

2019-07-15 14:26:44 - [TEST_STEP][PASSED] - click(findTestObject("OCS-DESKTOP/Collection page/Product image - 1st one")): Object: 'Object Repository/OCS-DESKTOP/Collection page/Product image - 1st one' is clicked on

2019-07-15 14:26:48 - [MESSAGE][PASSED] - Object: 'Object Repository/OCS-DESKTOP/Collection page/Product image - 1st one' is clicked on

2019-07-15 14:26:48 - [TEST_STEP][PASSED] - executeJavaScript("var previewBar = document.getElementById("preview-bar-iframe"); previewBar.style.display = "none";", []): Execute JavaScript 'var previewBar = document.getElementById("preview-bar-iframe"); previewBar.style.display = "none";' successfully

2019-07-15 14:26:48 - [MESSAGE][PASSED] - Execute JavaScript 'var previewBar = document.getElementById("preview-bar-iframe"); previewBar.style.display = "none";' successfully

2019-07-15 14:26:48 - [TEST_STEP][PASSED] - delay(2): Delayed 2 second(s)

2019-07-15 14:26:50 - [MESSAGE][PASSED] - Delayed 2 second(s)

2019-07-15 14:26:50 - [MESSAGE][PASSED] - Call Test Case 'Test Cases/OCS - DESKTOP/CALL - PDP' successfully

2019-07-15 14:26:50 - [TEST_STEP][PASSED] - navigateToUrl("https://ocs.ca/products/lola-montes-edison"): Navigate to 'https://ocs.ca/products/lola-montes-edison' successfully

2019-07-15 14:26:53 - [MESSAGE][PASSED] - Navigate to 'https://ocs.ca/products/lola-montes-edison' successfully

2019-07-15 14:26:53 - [TEST_STEP][PASSED] - executeJavaScript("var previewBar = document.getElementById("preview-bar-iframe"); previewBar.style.display = "none";", []): Execute JavaScript 'var previewBar = document.getElementById("preview-bar-iframe"); previewBar.style.display = "none";' successfully

2019-07-15 14:26:53 - [MESSAGE][PASSED] - Execute JavaScript 'var previewBar = document.getElementById("preview-bar-iframe"); previewBar.style.display = "none";' successfully

2019-07-15 14:26:53 - [TEST_STEP][PASSED] - delay(2): Delayed 2 second(s)

2019-07-15 14:26:55 - [MESSAGE][PASSED] - Delayed 2 second(s)

2019-07-15 14:26:55 - [TEST_STEP][NOT_RUN] - scrollToElement(findTestObject("OCS-DESKTOP/Product page/Product image"), 1): NOT_RUN: scrollToElement(findTestObject("OCS-DESKTOP/Product page/Product image"), 1)

2019-07-15 14:26:55 - [MESSAGE][NOT_RUN] - NOT_RUN: scrollToElement(findTestObject("OCS-DESKTOP/Product page/Product image"), 1)

2019-07-15 14:26:55 - [TEST_STEP][PASSED] - delay(2): Delayed 2 second(s)

2019-07-15 14:26:57 - [MESSAGE][PASSED] - Delayed 2 second(s)

2019-07-15 14:26:57 - [TEST_STEP][PASSED] - flag1 = verifyElementClickable(findTestObject("OCS-DESKTOP/Product page/Swatch_1g")): Object 'Object Repository/OCS-DESKTOP/Product page/Swatch_1g' is clickable

2019-07-15 14:26:57 - [MESSAGE][PASSED] - Object 'Object Repository/OCS-DESKTOP/Product page/Swatch_1g' is clickable

2019-07-15 14:26:57 - [TEST_STEP][PASSED] - comment("flag1=" + flag1): flag1=true

2019-07-15 14:26:57 - [MESSAGE][INFO] - flag1=true

2019-07-15 14:26:57 - [TEST_STEP][PASSED] - if (flag1 == true): Delayed 1 second(s)

2019-07-15 14:26:57 - [TEST_STEP][PASSED] - delay(2): Delayed 2 second(s)

2019-07-15 14:26:59 - [MESSAGE][PASSED] - Delayed 2 second(s)

2019-07-15 14:26:59 - [TEST_STEP][PASSED] - click(findTestObject("OCS-DESKTOP/Product page/Swatch_1g"), CONTINUE_ON_FAILURE): Object: 'Object Repository/OCS-DESKTOP/Product page/Swatch_1g' is clicked on

2019-07-15 14:26:59 - [MESSAGE][PASSED] - Object: 'Object Repository/OCS-DESKTOP/Product page/Swatch_1g' is clicked on

2019-07-15 14:26:59 - [TEST_STEP][PASSED] - delay(3): Delayed 3 second(s)

2019-07-15 14:27:02 - [MESSAGE][PASSED] - Delayed 3 second(s)

2019-07-15 14:27:02 - [TEST_STEP][PASSED] - delay(1): Delayed 1 second(s)

2019-07-15 14:27:03 - [MESSAGE][PASSED] - Delayed 1 second(s)

2019-07-15 14:27:03 - [TEST_STEP][PASSED] - takeScreenshot(): Taking screenshot successfully

2019-07-15 14:27:04 - [MESSAGE][PASSED] - Taking screenshot successfully
[[ATTACHMENT|/Users/sumankompelly/git/OCS--Relative-xpath-Desktop/Reports/Suite - Chrome/20190715_133533/1563215223879.png]]

2019-07-15 14:27:04 - [TEST_STEP][PASSED] - delay(1): Delayed 1 second(s)

2019-07-15 14:27:05 - [MESSAGE][PASSED] - Delayed 1 second(s)

2019-07-15 14:27:05 - [TEST_STEP][PASSED] - flag2 = verifyElementClickable(findTestObject("OCS-DESKTOP/Product page/Swatch_3.5g")): Object 'Object Repository/OCS-DESKTOP/Product page/Swatch_3.5g' is clickable

2019-07-15 14:27:05 - [MESSAGE][PASSED] - Object 'Object Repository/OCS-DESKTOP/Product page/Swatch_3.5g' is clickable

2019-07-15 14:27:05 - [TEST_STEP][PASSED] - comment("flag2=" + flag2): flag2=true

2019-07-15 14:27:05 - [MESSAGE][INFO] - flag2=true

2019-07-15 14:27:05 - [TEST_STEP][PASSED] - if (flag2 == true): Delayed 1 second(s)

2019-07-15 14:27:05 - [TEST_STEP][PASSED] - click(findTestObject("OCS-DESKTOP/Product page/Swatch_3.5g"), CONTINUE_ON_FAILURE): Object: 'Object Repository/OCS-DESKTOP/Product page/Swatch_3.5g' is clicked on

2019-07-15 14:27:05 - [MESSAGE][PASSED] - Object: 'Object Repository/OCS-DESKTOP/Product page/Swatch_3.5g' is clicked on

2019-07-15 14:27:05 - [TEST_STEP][PASSED] - delay(1): Delayed 1 second(s)

2019-07-15 14:27:06 - [MESSAGE][PASSED] - Delayed 1 second(s)

2019-07-15 14:27:06 - [TEST_STEP][PASSED] - takeScreenshot(): Taking screenshot successfully

2019-07-15 14:27:06 - [MESSAGE][PASSED] - Taking screenshot successfully
[[ATTACHMENT|/Users/sumankompelly/git/OCS--Relative-xpath-Desktop/Reports/Suite - Chrome/20190715_133533/1563215226511.png]]

2019-07-15 14:27:06 - [TEST_STEP][PASSED] - delay(1): Delayed 1 second(s)

2019-07-15 14:27:07 - [MESSAGE][PASSED] - Delayed 1 second(s)

2019-07-15 14:27:07 - [TEST_STEP][PASSED] - flag3 = verifyElementClickable(findTestObject("OCS-DESKTOP/Product page/Swatch_7g")): Object 'Object Repository/OCS-DESKTOP/Product page/Swatch_7g' is clickable

2019-07-15 14:27:07 - [MESSAGE][PASSED] - Object 'Object Repository/OCS-DESKTOP/Product page/Swatch_7g' is clickable

2019-07-15 14:27:07 - [TEST_STEP][PASSED] - comment("flag3=" + flag3): flag3=true

2019-07-15 14:27:07 - [MESSAGE][INFO] - flag3=true

2019-07-15 14:27:07 - [TEST_STEP][FAILED] - if (flag3 == true): if (flag3 == true) FAILED.
Reason:
com.kms.katalon.core.exception.StepFailedException: Unable to click on object 'Object Repository/OCS-DESKTOP/Product page/Swatch_7g' (Root cause: org.openqa.selenium.WebDriverException: unknown error: Element <span class="swatch__title">...</span> is not clickable at point (1028, 573). Other element would receive the click: <li class="swatch swatch--weight" aria-disabled="true">...</li>
  (Session info: chrome=75.0.3770.100)
  (Driver info: chromedriver=2.43.600229 (3fae4d0cda5334b4f533bede5a4787f7b832d052),platform=Mac OS X 10.13.6 x86_64) (WARNING: The server did not provide any stacktrace information)
Command duration or timeout: 0 milliseconds
Build info: version: '3.7.1', revision: '8a0099a', time: '2017-11-06T21:07:36.161Z'
System info: host: 'sumans-MacBook-Pro.local', ip: 'fe80:0:0:0:143c:9c68:90ad:a50%en0', os.name: 'Mac OS X', os.arch: 'x86_64', os.version: '10.13.6', java.version: '1.8.0_181'
Driver info: com.kms.katalon.selenium.driver.CChromeDriver
Capabilities {acceptInsecureCerts: false, acceptSslCerts: false, applicationCacheEnabled: false, browserConnectionEnabled: false, browserName: chrome, chrome: {chromedriverVersion: 2.43.600229 (3fae4d0cda5334..., userDataDir: /var/folders/1t/c55l8xzs6gq...}, cssSelectorsEnabled: true, databaseEnabled: false, goog:chromeOptions: {debuggerAddress: localhost:63129}, handlesAlerts: true, hasTouchScreen: false, javascriptEnabled: true, locationContextEnabled: true, mobileEmulationEnabled: false, nativeEvents: true, networkConnectionEnabled: false, pageLoadStrategy: normal, platform: MAC, platformName: MAC, rotatable: false, setWindowRect: true, takesHeapSnapshot: true, takesScreenshot: true, unexpectedAlertBehaviour: , unhandledPromptBehavior: , version: 75.0.3770.100, webStorageEnabled: true}
Session ID: e1b62bf1d60fa803116224f46d54ff56)
	at com.kms.katalon.core.keyword.internal.KeywordMain.stepFailed(KeywordMain.groovy:32)
	at com.kms.katalon.core.webui.keyword.internal.WebUIKeywordMain.stepFailed(WebUIKeywordMain.groovy:65)
	at com.kms.katalon.core.webui.keyword.internal.WebUIKeywordMain.runKeyword(WebUIKeywordMain.groovy:27)
	at com.kms.katalon.core.webui.keyword.builtin.ClickKeyword.click(ClickKeyword.groovy:86)
	at com.kms.katalon.core.webui.keyword.builtin.ClickKeyword.execute(ClickKeyword.groovy:67)
	at com.kms.katalon.core.keyword.internal.KeywordExecutor.executeKeywordForPlatform(KeywordExecutor.groovy:53)
	at com.kms.katalon.core.webui.keyword.WebUiBuiltInKeywords.click(WebUiBuiltInKeywords.groovy:604)
	at com.kms.katalon.core.webui.keyword.WebUiBuiltInKeywords$click$6.call(Unknown Source)
	at variants selector.run(variants selector:70)
	at com.kms.katalon.core.main.ScriptEngine.run(ScriptEngine.java:194)
	at com.kms.katalon.core.main.ScriptEngine.runScriptAsRawText(ScriptEngine.java:119)
	at com.kms.katalon.core.main.TestCaseExecutor.runScript(TestCaseExecutor.java:328)
	at com.kms.katalon.core.main.TestCaseExecutor.doExecute(TestCaseExecutor.java:319)
	at com.kms.katalon.core.main.TestCaseExecutor.processExecutionPhase(TestCaseExecutor.java:298)
	at com.kms.katalon.core.main.TestCaseExecutor.accessMainPhase(TestCaseExecutor.java:290)
	at com.kms.katalon.core.main.TestCaseExecutor.execute(TestCaseExecutor.java:224)
	at com.kms.katalon.core.main.TestSuiteExecutor.accessTestCaseMainPhase(TestSuiteExecutor.java:129)
	at com.kms.katalon.core.main.TestSuiteExecutor.accessTestSuiteMainPhase(TestSuiteExecutor.java:112)
	at com.kms.katalon.core.main.TestSuiteExecutor.execute(TestSuiteExecutor.java:81)
	at com.kms.katalon.core.main.TestCaseMain.startTestSuite(TestCaseMain.java:149)
	at com.kms.katalon.core.main.TestCaseMain$startTestSuite$0.call(Unknown Source)
	at TempTestSuite1563212133201.run(TempTestSuite1563212133201.groovy:36)


2019-07-15 14:27:07 - [TEST_STEP][FAILED] - click(findTestObject("OCS-DESKTOP/Product page/Swatch_7g"), CONTINUE_ON_FAILURE): Unable to click on object 'Object Repository/OCS-DESKTOP/Product page/Swatch_7g' (Root cause: org.openqa.selenium.WebDriverException: unknown error: Element <span class="swatch__title">...</span> is not clickable at point (1028, 573). Other element would receive the click: <li class="swatch swatch--weight" aria-disabled="true">...</li>
  (Session info: chrome=75.0.3770.100)
  (Driver info: chromedriver=2.43.600229 (3fae4d0cda5334b4f533bede5a4787f7b832d052),platform=Mac OS X 10.13.6 x86_64) (WARNING: The server did not provide any stacktrace information)
Command duration or timeout: 0 milliseconds
Build info: version: '3.7.1', revision: '8a0099a', time: '2017-11-06T21:07:36.161Z'
System info: host: 'sumans-MacBook-Pro.local', ip: 'fe80:0:0:0:143c:9c68:90ad:a50%en0', os.name: 'Mac OS X', os.arch: 'x86_64', os.version: '10.13.6', java.version: '1.8.0_181'
Driver info: com.kms.katalon.selenium.driver.CChromeDriver
Capabilities {acceptInsecureCerts: false, acceptSslCerts: false, applicationCacheEnabled: false, browserConnectionEnabled: false, browserName: chrome, chrome: {chromedriverVersion: 2.43.600229 (3fae4d0cda5334..., userDataDir: /var/folders/1t/c55l8xzs6gq...}, cssSelectorsEnabled: true, databaseEnabled: false, goog:chromeOptions: {debuggerAddress: localhost:63129}, handlesAlerts: true, hasTouchScreen: false, javascriptEnabled: true, locationContextEnabled: true, mobileEmulationEnabled: false, nativeEvents: true, networkConnectionEnabled: false, pageLoadStrategy: normal, platform: MAC, platformName: MAC, rotatable: false, setWindowRect: true, takesHeapSnapshot: true, takesScreenshot: true, unexpectedAlertBehaviour: , unhandledPromptBehavior: , version: 75.0.3770.100, webStorageEnabled: true}
Session ID: e1b62bf1d60fa803116224f46d54ff56)

2019-07-15 14:27:08 - [MESSAGE][FAILED] - Unable to click on object 'Object Repository/OCS-DESKTOP/Product page/Swatch_7g' (Root cause: org.openqa.selenium.WebDriverException: unknown error: Element <span class="swatch__title">...</span> is not clickable at point (1028, 573). Other element would receive the click: <li class="swatch swatch--weight" aria-disabled="true">...</li>
  (Session info: chrome=75.0.3770.100)
  (Driver info: chromedriver=2.43.600229 (3fae4d0cda5334b4f533bede5a4787f7b832d052),platform=Mac OS X 10.13.6 x86_64) (WARNING: The server did not provide any stacktrace information)
Command duration or timeout: 0 milliseconds
Build info: version: '3.7.1', revision: '8a0099a', time: '2017-11-06T21:07:36.161Z'
System info: host: 'sumans-MacBook-Pro.local', ip: 'fe80:0:0:0:143c:9c68:90ad:a50%en0', os.name: 'Mac OS X', os.arch: 'x86_64', os.version: '10.13.6', java.version: '1.8.0_181'
Driver info: com.kms.katalon.selenium.driver.CChromeDriver
Capabilities {acceptInsecureCerts: false, acceptSslCerts: false, applicationCacheEnabled: false, browserConnectionEnabled: false, browserName: chrome, chrome: {chromedriverVersion: 2.43.600229 (3fae4d0cda5334..., userDataDir: /var/folders/1t/c55l8xzs6gq...}, cssSelectorsEnabled: true, databaseEnabled: false, goog:chromeOptions: {debuggerAddress: localhost:63129}, handlesAlerts: true, hasTouchScreen: false, javascriptEnabled: true, locationContextEnabled: true, mobileEmulationEnabled: false, nativeEvents: true, networkConnectionEnabled: false, pageLoadStrategy: normal, platform: MAC, platformName: MAC, rotatable: false, setWindowRect: true, takesHeapSnapshot: true, takesScreenshot: true, unexpectedAlertBehaviour: , unhandledPromptBehavior: , version: 75.0.3770.100, webStorageEnabled: true}
Session ID: e1b62bf1d60fa803116224f46d54ff56)
[[ATTACHMENT|/Users/sumankompelly/git/OCS--Relative-xpath-Desktop/Reports/Suite - Chrome/20190715_133533/1563215228023.png]]

2019-07-15 14:27:08 - [TEST_STEP][PASSED] - delay(1): Delayed 1 second(s)

2019-07-15 14:27:09 - [MESSAGE][PASSED] - Delayed 1 second(s)

2019-07-15 14:27:09 - [TEST_STEP][PASSED] - takeScreenshot(): Taking screenshot successfully

2019-07-15 14:27:09 - [MESSAGE][PASSED] - Taking screenshot successfully
[[ATTACHMENT|/Users/sumankompelly/git/OCS--Relative-xpath-Desktop/Reports/Suite - Chrome/20190715_133533/1563215229467.png]]

2019-07-15 14:27:09 - [TEST_STEP][PASSED] - delay(1): Delayed 1 second(s)

2019-07-15 14:27:10 - [MESSAGE][PASSED] - Delayed 1 second(s)

2019-07-15 14:27:10 - [TEST_STEP][FAILED] - closeBrowser(): if (flag3 == true) FAILED.
Reason:
com.kms.katalon.core.exception.StepFailedException: Unable to click on object 'Object Repository/OCS-DESKTOP/Product page/Swatch_7g' (Root cause: org.openqa.selenium.WebDriverException: unknown error: Element <span class="swatch__title">...</span> is not clickable at point (1028, 573). Other element would receive the click: <li class="swatch swatch--weight" aria-disabled="true">...</li>
  (Session info: chrome=75.0.3770.100)
  (Driver info: chromedriver=2.43.600229 (3fae4d0cda5334b4f533bede5a4787f7b832d052),platform=Mac OS X 10.13.6 x86_64) (WARNING: The server did not provide any stacktrace information)
Command duration or timeout: 0 milliseconds
Build info: version: '3.7.1', revision: '8a0099a', time: '2017-11-06T21:07:36.161Z'
System info: host: 'sumans-MacBook-Pro.local', ip: 'fe80:0:0:0:143c:9c68:90ad:a50%en0', os.name: 'Mac OS X', os.arch: 'x86_64', os.version: '10.13.6', java.version: '1.8.0_181'
Driver info: com.kms.katalon.selenium.driver.CChromeDriver
Capabilities {acceptInsecureCerts: false, acceptSslCerts: false, applicationCacheEnabled: false, browserConnectionEnabled: false, browserName: chrome, chrome: {chromedriverVersion: 2.43.600229 (3fae4d0cda5334..., userDataDir: /var/folders/1t/c55l8xzs6gq...}, cssSelectorsEnabled: true, databaseEnabled: false, goog:chromeOptions: {debuggerAddress: localhost:63129}, handlesAlerts: true, hasTouchScreen: false, javascriptEnabled: true, locationContextEnabled: true, mobileEmulationEnabled: false, nativeEvents: true, networkConnectionEnabled: false, pageLoadStrategy: normal, platform: MAC, platformName: MAC, rotatable: false, setWindowRect: true, takesHeapSnapshot: true, takesScreenshot: true, unexpectedAlertBehaviour: , unhandledPromptBehavior: , version: 75.0.3770.100, webStorageEnabled: true}
Session ID: e1b62bf1d60fa803116224f46d54ff56)
	at com.kms.katalon.core.keyword.internal.KeywordMain.stepFailed(KeywordMain.groovy:32)
	at com.kms.katalon.core.webui.keyword.internal.WebUIKeywordMain.stepFailed(WebUIKeywordMain.groovy:65)
	at com.kms.katalon.core.webui.keyword.internal.WebUIKeywordMain.runKeyword(WebUIKeywordMain.groovy:27)
	at com.kms.katalon.core.webui.keyword.builtin.ClickKeyword.click(ClickKeyword.groovy:86)
	at com.kms.katalon.core.webui.keyword.builtin.ClickKeyword.execute(ClickKeyword.groovy:67)
	at com.kms.katalon.core.keyword.internal.KeywordExecutor.executeKeywordForPlatform(KeywordExecutor.groovy:53)
	at com.kms.katalon.core.webui.keyword.WebUiBuiltInKeywords.click(WebUiBuiltInKeywords.groovy:604)
	at com.kms.katalon.core.webui.keyword.WebUiBuiltInKeywords$click$6.call(Unknown Source)
	at variants selector.run(variants selector:70)
	at com.kms.katalon.core.main.ScriptEngine.run(ScriptEngine.java:194)
	at com.kms.katalon.core.main.ScriptEngine.runScriptAsRawText(ScriptEngine.java:119)
	at com.kms.katalon.core.main.TestCaseExecutor.runScript(TestCaseExecutor.java:328)
	at com.kms.katalon.core.main.TestCaseExecutor.doExecute(TestCaseExecutor.java:319)
	at com.kms.katalon.core.main.TestCaseExecutor.processExecutionPhase(TestCaseExecutor.java:298)
	at com.kms.katalon.core.main.TestCaseExecutor.accessMainPhase(TestCaseExecutor.java:290)
	at com.kms.katalon.core.main.TestCaseExecutor.execute(TestCaseExecutor.java:224)
	at com.kms.katalon.core.main.TestSuiteExecutor.accessTestCaseMainPhase(TestSuiteExecutor.java:129)
	at com.kms.katalon.core.main.TestSuiteExecutor.accessTestSuiteMainPhase(TestSuiteExecutor.java:112)
	at com.kms.katalon.core.main.TestSuiteExecutor.execute(TestSuiteExecutor.java:81)
	at com.kms.katalon.core.main.TestCaseMain.startTestSuite(TestCaseMain.java:149)
	at com.kms.katalon.core.main.TestCaseMain$startTestSuite$0.call(Unknown Source)
	at TempTestSuite1563212133201.run(TempTestSuite1563212133201.groovy:36)


2019-07-15 14:27:10 - [MESSAGE][NOT_RUN] - NOT_RUN: closeBrowser()

2019-07-15 14:27:10 - [MESSAGE][FAILED] - if (flag3 == true) FAILED.
Reason:
com.kms.katalon.core.exception.StepFailedException: Unable to click on object 'Object Repository/OCS-DESKTOP/Product page/Swatch_7g' (Root cause: org.openqa.selenium.WebDriverException: unknown error: Element <span class="swatch__title">...</span> is not clickable at point (1028, 573). Other element would receive the click: <li class="swatch swatch--weight" aria-disabled="true">...</li>
  (Session info: chrome=75.0.3770.100)
  (Driver info: chromedriver=2.43.600229 (3fae4d0cda5334b4f533bede5a4787f7b832d052),platform=Mac OS X 10.13.6 x86_64) (WARNING: The server did not provide any stacktrace information)
Command duration or timeout: 0 milliseconds
Build info: version: '3.7.1', revision: '8a0099a', time: '2017-11-06T21:07:36.161Z'
System info: host: 'sumans-MacBook-Pro.local', ip: 'fe80:0:0:0:143c:9c68:90ad:a50%en0', os.name: 'Mac OS X', os.arch: 'x86_64', os.version: '10.13.6', java.version: '1.8.0_181'
Driver info: com.kms.katalon.selenium.driver.CChromeDriver
Capabilities {acceptInsecureCerts: false, acceptSslCerts: false, applicationCacheEnabled: false, browserConnectionEnabled: false, browserName: chrome, chrome: {chromedriverVersion: 2.43.600229 (3fae4d0cda5334..., userDataDir: /var/folders/1t/c55l8xzs6gq...}, cssSelectorsEnabled: true, databaseEnabled: false, goog:chromeOptions: {debuggerAddress: localhost:63129}, handlesAlerts: true, hasTouchScreen: false, javascriptEnabled: true, locationContextEnabled: true, mobileEmulationEnabled: false, nativeEvents: true, networkConnectionEnabled: false, pageLoadStrategy: normal, platform: MAC, platformName: MAC, rotatable: false, setWindowRect: true, takesHeapSnapshot: true, takesScreenshot: true, unexpectedAlertBehaviour: , unhandledPromptBehavior: , version: 75.0.3770.100, webStorageEnabled: true}
Session ID: e1b62bf1d60fa803116224f46d54ff56)
	at com.kms.katalon.core.keyword.internal.KeywordMain.stepFailed(KeywordMain.groovy:32)
	at com.kms.katalon.core.webui.keyword.internal.WebUIKeywordMain.stepFailed(WebUIKeywordMain.groovy:65)
	at com.kms.katalon.core.webui.keyword.internal.WebUIKeywordMain.runKeyword(WebUIKeywordMain.groovy:27)
	at com.kms.katalon.core.webui.keyword.builtin.ClickKeyword.click(ClickKeyword.groovy:86)
	at com.kms.katalon.core.webui.keyword.builtin.ClickKeyword.execute(ClickKeyword.groovy:67)
	at com.kms.katalon.core.keyword.internal.KeywordExecutor.executeKeywordForPlatform(KeywordExecutor.groovy:53)
	at com.kms.katalon.core.webui.keyword.WebUiBuiltInKeywords.click(WebUiBuiltInKeywords.groovy:604)
	at com.kms.katalon.core.webui.keyword.WebUiBuiltInKeywords$click$6.call(Unknown Source)
	at variants selector.run(variants selector:70)
	at com.kms.katalon.core.main.ScriptEngine.run(ScriptEngine.java:194)
	at com.kms.katalon.core.main.ScriptEngine.runScriptAsRawText(ScriptEngine.java:119)
	at com.kms.katalon.core.main.TestCaseExecutor.runScript(TestCaseExecutor.java:328)
	at com.kms.katalon.core.main.TestCaseExecutor.doExecute(TestCaseExecutor.java:319)
	at com.kms.katalon.core.main.TestCaseExecutor.processExecutionPhase(TestCaseExecutor.java:298)
	at com.kms.katalon.core.main.TestCaseExecutor.accessMainPhase(TestCaseExecutor.java:290)
	at com.kms.katalon.core.main.TestCaseExecutor.execute(TestCaseExecutor.java:224)
	at com.kms.katalon.core.main.TestSuiteExecutor.accessTestCaseMainPhase(TestSuiteExecutor.java:129)
	at com.kms.katalon.core.main.TestSuiteExecutor.accessTestSuiteMainPhase(TestSuiteExecutor.java:112)
	at com.kms.katalon.core.main.TestSuiteExecutor.execute(TestSuiteExecutor.java:81)
	at com.kms.katalon.core.main.TestCaseMain.startTestSuite(TestCaseMain.java:149)
	at com.kms.katalon.core.main.TestCaseMain$startTestSuite$0.call(Unknown Source)
	at TempTestSuite1563212133201.run(TempTestSuite1563212133201.groovy:36)]]></system-out>
         <system-err><![CDATA[2019-07-15 14:26:18 - [TEST_CASE][FAILED] - Test Cases/OCS - DESKTOP/OCS- PRODUCT PAGE/variants selector: Test Cases/OCS - DESKTOP/OCS- PRODUCT PAGE/variants selector FAILED.
Reason:
com.kms.katalon.core.exception.StepFailedException: Unable to click on object 'Object Repository/OCS-DESKTOP/Product page/Swatch_7g' (Root cause: org.openqa.selenium.WebDriverException: unknown error: Element <span class="swatch__title">...</span> is not clickable at point (1028, 573). Other element would receive the click: <li class="swatch swatch--weight" aria-disabled="true">...</li>
  (Session info: chrome=75.0.3770.100)
  (Driver info: chromedriver=2.43.600229 (3fae4d0cda5334b4f533bede5a4787f7b832d052),platform=Mac OS X 10.13.6 x86_64) (WARNING: The server did not provide any stacktrace information)
Command duration or timeout: 0 milliseconds
Build info: version: '3.7.1', revision: '8a0099a', time: '2017-11-06T21:07:36.161Z'
System info: host: 'sumans-MacBook-Pro.local', ip: 'fe80:0:0:0:143c:9c68:90ad:a50%en0', os.name: 'Mac OS X', os.arch: 'x86_64', os.version: '10.13.6', java.version: '1.8.0_181'
Driver info: com.kms.katalon.selenium.driver.CChromeDriver
Capabilities {acceptInsecureCerts: false, acceptSslCerts: false, applicationCacheEnabled: false, browserConnectionEnabled: false, browserName: chrome, chrome: {chromedriverVersion: 2.43.600229 (3fae4d0cda5334..., userDataDir: /var/folders/1t/c55l8xzs6gq...}, cssSelectorsEnabled: true, databaseEnabled: false, goog:chromeOptions: {debuggerAddress: localhost:63129}, handlesAlerts: true, hasTouchScreen: false, javascriptEnabled: true, locationContextEnabled: true, mobileEmulationEnabled: false, nativeEvents: true, networkConnectionEnabled: false, pageLoadStrategy: normal, platform: MAC, platformName: MAC, rotatable: false, setWindowRect: true, takesHeapSnapshot: true, takesScreenshot: true, unexpectedAlertBehaviour: , unhandledPromptBehavior: , version: 75.0.3770.100, webStorageEnabled: true}
Session ID: e1b62bf1d60fa803116224f46d54ff56)
	at com.kms.katalon.core.keyword.internal.KeywordMain.stepFailed(KeywordMain.groovy:32)
	at com.kms.katalon.core.webui.keyword.internal.WebUIKeywordMain.stepFailed(WebUIKeywordMain.groovy:65)
	at com.kms.katalon.core.webui.keyword.internal.WebUIKeywordMain.runKeyword(WebUIKeywordMain.groovy:27)
	at com.kms.katalon.core.webui.keyword.builtin.ClickKeyword.click(ClickKeyword.groovy:86)
	at com.kms.katalon.core.webui.keyword.builtin.ClickKeyword.execute(ClickKeyword.groovy:67)
	at com.kms.katalon.core.keyword.internal.KeywordExecutor.executeKeywordForPlatform(KeywordExecutor.groovy:53)
	at com.kms.katalon.core.webui.keyword.WebUiBuiltInKeywords.click(WebUiBuiltInKeywords.groovy:604)
	at com.kms.katalon.core.webui.keyword.WebUiBuiltInKeywords$click$6.call(Unknown Source)
	at variants selector.run(variants selector:70)
	at com.kms.katalon.core.main.ScriptEngine.run(ScriptEngine.java:194)
	at com.kms.katalon.core.main.ScriptEngine.runScriptAsRawText(ScriptEngine.java:119)
	at com.kms.katalon.core.main.TestCaseExecutor.runScript(TestCaseExecutor.java:328)
	at com.kms.katalon.core.main.TestCaseExecutor.doExecute(TestCaseExecutor.java:319)
	at com.kms.katalon.core.main.TestCaseExecutor.processExecutionPhase(TestCaseExecutor.java:298)
	at com.kms.katalon.core.main.TestCaseExecutor.accessMainPhase(TestCaseExecutor.java:290)
	at com.kms.katalon.core.main.TestCaseExecutor.execute(TestCaseExecutor.java:224)
	at com.kms.katalon.core.main.TestSuiteExecutor.accessTestCaseMainPhase(TestSuiteExecutor.java:129)
	at com.kms.katalon.core.main.TestSuiteExecutor.accessTestSuiteMainPhase(TestSuiteExecutor.java:112)
	at com.kms.katalon.core.main.TestSuiteExecutor.execute(TestSuiteExecutor.java:81)
	at com.kms.katalon.core.main.TestCaseMain.startTestSuite(TestCaseMain.java:149)
	at com.kms.katalon.core.main.TestCaseMain$startTestSuite$0.call(Unknown Source)
	at TempTestSuite1563212133201.run(TempTestSuite1563212133201.groovy:36)]]></system-err>
      </testcase>
      <testcase name="Test Cases/OCS - DESKTOP/OCS- PRODUCT PAGE/How to choose cannbis products" classname="Test Cases/OCS - DESKTOP/OCS- PRODUCT PAGE/How to choose cannbis products" status="PASSED">
         <system-out><![CDATA[2019-07-15 14:27:11 - [TEST_CASE][PASSED] - Test Cases/OCS - DESKTOP/OCS- PRODUCT PAGE/How to choose cannbis products: Test Cases/OCS - DESKTOP/OCS- PRODUCT PAGE/How to choose cannbis products

2019-07-15 14:27:11 - [TEST_STEP][PASSED] - callTestCase(findTestCase("OCS - DESKTOP/CALL - PDP"), [:], STOP_ON_FAILURE): Call Test Case 'Test Cases/OCS - DESKTOP/CALL - PDP' successfully

2019-07-15 14:27:11 - [TEST_CASE][PASSED] - Test Cases/OCS - DESKTOP/CALL - PDP: Test Cases/OCS - DESKTOP/CALL - PDP

2019-07-15 14:27:11 - [TEST_STEP][PASSED] - openBrowser(""): Browser is opened with url: ''

2019-07-15 14:27:11 - [MESSAGE][WARNING] - A browser is already opened. Closing browser and opening a new one

2019-07-15 14:27:11 - [MESSAGE][INFO] - Starting 'Chrome' driver

2019-07-15 14:27:12 - [MESSAGE][PASSED] - Browser is opened with url: ''

2019-07-15 14:27:12 - [TEST_STEP][PASSED] - navigateToUrl("https://ocs.ca/?fts=0&preview_theme_id=74205529932"): Navigate to 'https://ocs.ca/?fts=0&preview_theme_id=74205529932' successfully

2019-07-15 14:27:17 - [MESSAGE][PASSED] - Navigate to 'https://ocs.ca/?fts=0&preview_theme_id=74205529932' successfully

2019-07-15 14:27:17 - [TEST_STEP][PASSED] - maximizeWindow(): Current window maximized

2019-07-15 14:27:17 - [MESSAGE][PASSED] - Current window maximized

2019-07-15 14:27:17 - [TEST_STEP][PASSED] - executeJavaScript("var previewBar = document.getElementById("preview-bar-iframe"); previewBar.style.display = "none";", []): Execute JavaScript 'var previewBar = document.getElementById("preview-bar-iframe"); previewBar.style.display = "none";' successfully

2019-07-15 14:27:17 - [MESSAGE][PASSED] - Execute JavaScript 'var previewBar = document.getElementById("preview-bar-iframe"); previewBar.style.display = "none";' successfully

2019-07-15 14:27:17 - [TEST_STEP][PASSED] - delay(4): Delayed 4 second(s)

2019-07-15 14:27:21 - [MESSAGE][PASSED] - Delayed 4 second(s)

2019-07-15 14:27:21 - [TEST_STEP][PASSED] - selectOptionByValue(findTestObject("OCS-DESKTOP/Age gate and Mega menu/Date"), "12", true): All options with value '12' are selected in object 'Object Repository/OCS-DESKTOP/Age gate and Mega menu/Date'  using regular expression

2019-07-15 14:27:21 - [MESSAGE][PASSED] - All options with value '12' are selected in object 'Object Repository/OCS-DESKTOP/Age gate and Mega menu/Date'  using regular expression

2019-07-15 14:27:21 - [TEST_STEP][PASSED] - selectOptionByValue(findTestObject("OCS-DESKTOP/Age gate and Mega menu/month"), "6", true): All options with value '6' are selected in object 'Object Repository/OCS-DESKTOP/Age gate and Mega menu/month'  using regular expression

2019-07-15 14:27:21 - [MESSAGE][PASSED] - All options with value '6' are selected in object 'Object Repository/OCS-DESKTOP/Age gate and Mega menu/month'  using regular expression

2019-07-15 14:27:21 - [TEST_STEP][PASSED] - delay(2): Delayed 2 second(s)

2019-07-15 14:27:23 - [MESSAGE][PASSED] - Delayed 2 second(s)

2019-07-15 14:27:23 - [TEST_STEP][PASSED] - selectOptionByValue(findTestObject("OCS-DESKTOP/Age gate and Mega menu/Year Dropdown"), "1990", true): All options with value '1990' are selected in object 'Object Repository/OCS-DESKTOP/Age gate and Mega menu/Year Dropdown'  using regular expression

2019-07-15 14:27:25 - [MESSAGE][PASSED] - All options with value '1990' are selected in object 'Object Repository/OCS-DESKTOP/Age gate and Mega menu/Year Dropdown'  using regular expression

2019-07-15 14:27:25 - [TEST_STEP][PASSED] - click(findTestObject("OCS-DESKTOP/Age gate and Mega menu/button_Verify")): Object: 'Object Repository/OCS-DESKTOP/Age gate and Mega menu/button_Verify' is clicked on

2019-07-15 14:27:25 - [MESSAGE][PASSED] - Object: 'Object Repository/OCS-DESKTOP/Age gate and Mega menu/button_Verify' is clicked on

2019-07-15 14:27:25 - [TEST_STEP][PASSED] - click(findTestObject("OCS-DESKTOP/Age gate and Mega menu/Checkbox_CONFIRM AND ACKNOWLEDGE")): Object: 'Object Repository/OCS-DESKTOP/Age gate and Mega menu/Checkbox_CONFIRM AND ACKNOWLEDGE' is clicked on

2019-07-15 14:27:25 - [MESSAGE][PASSED] - Object: 'Object Repository/OCS-DESKTOP/Age gate and Mega menu/Checkbox_CONFIRM AND ACKNOWLEDGE' is clicked on

2019-07-15 14:27:25 - [TEST_STEP][PASSED] - click(findTestObject("OCS-DESKTOP/Age gate and Mega menu/button_CONFIRM")): Object: 'Object Repository/OCS-DESKTOP/Age gate and Mega menu/button_CONFIRM' is clicked on

2019-07-15 14:27:25 - [MESSAGE][PASSED] - Object: 'Object Repository/OCS-DESKTOP/Age gate and Mega menu/button_CONFIRM' is clicked on

2019-07-15 14:27:25 - [TEST_STEP][PASSED] - click(findTestObject("OCS-DESKTOP/Age gate and Mega menu/button_Start Browsing")): Object: 'Object Repository/OCS-DESKTOP/Age gate and Mega menu/button_Start Browsing' is clicked on

2019-07-15 14:27:25 - [MESSAGE][PASSED] - Object: 'Object Repository/OCS-DESKTOP/Age gate and Mega menu/button_Start Browsing' is clicked on

2019-07-15 14:27:25 - [TEST_STEP][PASSED] - refresh(): Refresh successfully

2019-07-15 14:27:25 - [MESSAGE][PASSED] - Refresh successfully

2019-07-15 14:27:25 - [TEST_STEP][PASSED] - delay(2): Delayed 2 second(s)

2019-07-15 14:27:27 - [MESSAGE][PASSED] - Delayed 2 second(s)

2019-07-15 14:27:27 - [TEST_STEP][PASSED] - click(findTestObject("OCS-DESKTOP/Age gate and Mega menu/Header/CANNABIS menu - English")): Object: 'Object Repository/OCS-DESKTOP/Age gate and Mega menu/Header/CANNABIS menu - English' is clicked on

2019-07-15 14:27:28 - [MESSAGE][PASSED] - Object: 'Object Repository/OCS-DESKTOP/Age gate and Mega menu/Header/CANNABIS menu - English' is clicked on

2019-07-15 14:27:28 - [TEST_STEP][PASSED] - delay(2): Delayed 2 second(s)

2019-07-15 14:27:30 - [MESSAGE][PASSED] - Delayed 2 second(s)

2019-07-15 14:27:30 - [TEST_STEP][PASSED] - click(findTestObject("OCS-DESKTOP/Age gate and Mega menu/Indica Dominant_Menu item")): Object: 'Object Repository/OCS-DESKTOP/Age gate and Mega menu/Indica Dominant_Menu item' is clicked on

2019-07-15 14:27:34 - [MESSAGE][PASSED] - Object: 'Object Repository/OCS-DESKTOP/Age gate and Mega menu/Indica Dominant_Menu item' is clicked on

2019-07-15 14:27:34 - [TEST_STEP][PASSED] - delay(2): Delayed 2 second(s)

2019-07-15 14:27:36 - [MESSAGE][PASSED] - Delayed 2 second(s)

2019-07-15 14:27:36 - [TEST_STEP][PASSED] - scrollToElement(findTestObject("OCS-DESKTOP/Collection page/Product image - 1st one"), 0): Scroll to object 'Object Repository/OCS-DESKTOP/Collection page/Product image - 1st one' successfully

2019-07-15 14:27:36 - [MESSAGE][WARNING] - Timeout '0' is invalid. Using default page load timeout: '30'

2019-07-15 14:27:36 - [MESSAGE][PASSED] - Scroll to object 'Object Repository/OCS-DESKTOP/Collection page/Product image - 1st one' successfully

2019-07-15 14:27:36 - [TEST_STEP][PASSED] - delay(2): Delayed 2 second(s)

2019-07-15 14:27:38 - [MESSAGE][PASSED] - Delayed 2 second(s)

2019-07-15 14:27:38 - [TEST_STEP][PASSED] - click(findTestObject("OCS-DESKTOP/Collection page/Product image - 1st one")): Object: 'Object Repository/OCS-DESKTOP/Collection page/Product image - 1st one' is clicked on

2019-07-15 14:27:42 - [MESSAGE][PASSED] - Object: 'Object Repository/OCS-DESKTOP/Collection page/Product image - 1st one' is clicked on

2019-07-15 14:27:42 - [TEST_STEP][PASSED] - executeJavaScript("var previewBar = document.getElementById("preview-bar-iframe"); previewBar.style.display = "none";", []): Execute JavaScript 'var previewBar = document.getElementById("preview-bar-iframe"); previewBar.style.display = "none";' successfully

2019-07-15 14:27:42 - [MESSAGE][PASSED] - Execute JavaScript 'var previewBar = document.getElementById("preview-bar-iframe"); previewBar.style.display = "none";' successfully

2019-07-15 14:27:42 - [TEST_STEP][PASSED] - delay(2): Delayed 2 second(s)

2019-07-15 14:27:44 - [MESSAGE][PASSED] - Delayed 2 second(s)

2019-07-15 14:27:44 - [MESSAGE][PASSED] - Call Test Case 'Test Cases/OCS - DESKTOP/CALL - PDP' successfully

2019-07-15 14:27:44 - [TEST_STEP][NOT_RUN] - scrollToElement(findTestObject("OCS-MOBILE /Product page/How to choose cannabis product - Section"), 2): NOT_RUN: scrollToElement(findTestObject("OCS-MOBILE /Product page/How to choose cannabis product - Section"), 2)

2019-07-15 14:27:44 - [MESSAGE][NOT_RUN] - NOT_RUN: scrollToElement(findTestObject("OCS-MOBILE /Product page/How to choose cannabis product - Section"), 2)

2019-07-15 14:27:44 - [TEST_STEP][PASSED] - click(findTestObject("OCS-DESKTOP/Product page/How to choose cannabis product - Button")): Object: 'Object Repository/OCS-DESKTOP/Product page/How to choose cannabis product - Button' is clicked on

2019-07-15 14:27:47 - [MESSAGE][PASSED] - Object: 'Object Repository/OCS-DESKTOP/Product page/How to choose cannabis product - Button' is clicked on

2019-07-15 14:27:47 - [TEST_STEP][PASSED] - a = getWindowTitle(): Current window's title is: 'Factors in Choosing Cannabis Products | Ontario Cannabis Store'

2019-07-15 14:27:47 - [MESSAGE][PASSED] - Current window's title is: 'Factors in Choosing Cannabis Products | Ontario Cannabis Store'

2019-07-15 14:27:47 - [TEST_STEP][PASSED] - b = "Factors in Choosing Cannabis Products | Ontario Cannabis Store": null

2019-07-15 14:27:47 - [TEST_STEP][PASSED] - comment("WINDOW TITLE IS: " + a): WINDOW TITLE IS: Factors in Choosing Cannabis Products | Ontario Cannabis Store

2019-07-15 14:27:47 - [MESSAGE][INFO] - WINDOW TITLE IS: Factors in Choosing Cannabis Products | Ontario Cannabis Store

2019-07-15 14:27:47 - [TEST_STEP][PASSED] - if (a == b): TITLE IS SAME

2019-07-15 14:27:47 - [TEST_STEP][PASSED] - comment("TITLE IS SAME"): TITLE IS SAME

2019-07-15 14:27:47 - [MESSAGE][INFO] - TITLE IS SAME

2019-07-15 14:27:47 - [TEST_STEP][PASSED] - back(): Navigate back successfully

2019-07-15 14:27:50 - [MESSAGE][PASSED] - Navigate back successfully]]></system-out>
         <system-err><![CDATA[]]></system-err>
      </testcase>
      <testcase name="Test Cases/OCS - DESKTOP/OCS-AGE GATE/AG- Under Age" classname="Test Cases/OCS - DESKTOP/OCS-AGE GATE/AG- Under Age" status="PASSED">
         <system-out><![CDATA[2019-07-15 14:27:50 - [TEST_CASE][PASSED] - Test Cases/OCS - DESKTOP/OCS-AGE GATE/AG- Under Age: Test Cases/OCS - DESKTOP/OCS-AGE GATE/AG- Under Age

2019-07-15 14:27:50 - [TEST_STEP][PASSED] - openBrowser(""): Browser is opened with url: ''

2019-07-15 14:27:50 - [MESSAGE][WARNING] - A browser is already opened. Closing browser and opening a new one

2019-07-15 14:27:50 - [MESSAGE][INFO] - Starting 'Chrome' driver

2019-07-15 14:27:51 - [MESSAGE][PASSED] - Browser is opened with url: ''

2019-07-15 14:27:51 - [TEST_STEP][PASSED] - navigateToUrl("https://ocs.ca/?fts=0&preview_theme_id=74205529932"): Navigate to 'https://ocs.ca/?fts=0&preview_theme_id=74205529932' successfully

2019-07-15 14:27:56 - [MESSAGE][PASSED] - Navigate to 'https://ocs.ca/?fts=0&preview_theme_id=74205529932' successfully

2019-07-15 14:27:56 - [TEST_STEP][PASSED] - executeJavaScript("var previewBar = document.getElementById("preview-bar-iframe"); previewBar.style.display = "none";", []): Execute JavaScript 'var previewBar = document.getElementById("preview-bar-iframe"); previewBar.style.display = "none";' successfully

2019-07-15 14:27:56 - [MESSAGE][PASSED] - Execute JavaScript 'var previewBar = document.getElementById("preview-bar-iframe"); previewBar.style.display = "none";' successfully

2019-07-15 14:27:56 - [TEST_STEP][PASSED] - selectOptionByValue(findTestObject("OCS-DESKTOP/Age gate and Mega menu/Date"), "12", true): All options with value '12' are selected in object 'Object Repository/OCS-DESKTOP/Age gate and Mega menu/Date'  using regular expression

2019-07-15 14:27:56 - [MESSAGE][PASSED] - All options with value '12' are selected in object 'Object Repository/OCS-DESKTOP/Age gate and Mega menu/Date'  using regular expression

2019-07-15 14:27:56 - [TEST_STEP][PASSED] - selectOptionByValue(findTestObject("OCS-DESKTOP/Age gate and Mega menu/month"), "6", true): All options with value '6' are selected in object 'Object Repository/OCS-DESKTOP/Age gate and Mega menu/month'  using regular expression

2019-07-15 14:27:56 - [MESSAGE][PASSED] - All options with value '6' are selected in object 'Object Repository/OCS-DESKTOP/Age gate and Mega menu/month'  using regular expression

2019-07-15 14:27:56 - [TEST_STEP][PASSED] - delay(2): Delayed 2 second(s)

2019-07-15 14:27:58 - [MESSAGE][PASSED] - Delayed 2 second(s)

2019-07-15 14:27:58 - [TEST_STEP][PASSED] - selectOptionByValue(findTestObject("OCS-DESKTOP/Age gate and Mega menu/Year Dropdown"), "2017", true): All options with value '2017' are selected in object 'Object Repository/OCS-DESKTOP/Age gate and Mega menu/Year Dropdown'  using regular expression

2019-07-15 14:27:59 - [MESSAGE][PASSED] - All options with value '2017' are selected in object 'Object Repository/OCS-DESKTOP/Age gate and Mega menu/Year Dropdown'  using regular expression

2019-07-15 14:27:59 - [TEST_STEP][PASSED] - click(findTestObject("OCS-DESKTOP/Age gate and Mega menu/button_Verify")): Object: 'Object Repository/OCS-DESKTOP/Age gate and Mega menu/button_Verify' is clicked on

2019-07-15 14:28:00 - [MESSAGE][PASSED] - Object: 'Object Repository/OCS-DESKTOP/Age gate and Mega menu/button_Verify' is clicked on

2019-07-15 14:28:00 - [TEST_STEP][PASSED] - click(findTestObject("OCS-DESKTOP/Age gate and Mega menu/Checkbox_CONFIRM AND ACKNOWLEDGE")): Object: 'Object Repository/OCS-DESKTOP/Age gate and Mega menu/Checkbox_CONFIRM AND ACKNOWLEDGE' is clicked on

2019-07-15 14:28:00 - [MESSAGE][PASSED] - Object: 'Object Repository/OCS-DESKTOP/Age gate and Mega menu/Checkbox_CONFIRM AND ACKNOWLEDGE' is clicked on

2019-07-15 14:28:00 - [TEST_STEP][PASSED] - click(findTestObject("OCS-DESKTOP/Age gate and Mega menu/button_CONFIRM")): Object: 'Object Repository/OCS-DESKTOP/Age gate and Mega menu/button_CONFIRM' is clicked on

2019-07-15 14:28:00 - [MESSAGE][PASSED] - Object: 'Object Repository/OCS-DESKTOP/Age gate and Mega menu/button_CONFIRM' is clicked on

2019-07-15 14:28:00 - [TEST_STEP][PASSED] - delay(3): Delayed 3 second(s)

2019-07-15 14:28:03 - [MESSAGE][PASSED] - Delayed 3 second(s)

2019-07-15 14:28:03 - [TEST_STEP][PASSED] - click(findTestObject("OCS-DESKTOP/Age gate and Mega menu/Oops Im actually 19 or older - Link")): Object: 'Object Repository/OCS-DESKTOP/Age gate and Mega menu/Oops Im actually 19 or older - Link' is clicked on

2019-07-15 14:28:03 - [MESSAGE][PASSED] - Object: 'Object Repository/OCS-DESKTOP/Age gate and Mega menu/Oops Im actually 19 or older - Link' is clicked on

2019-07-15 14:28:03 - [TEST_STEP][PASSED] - selectOptionByValue(findTestObject("OCS-DESKTOP/Age gate and Mega menu/Date"), "5", true): All options with value '5' are selected in object 'Object Repository/OCS-DESKTOP/Age gate and Mega menu/Date'  using regular expression

2019-07-15 14:28:03 - [MESSAGE][PASSED] - All options with value '5' are selected in object 'Object Repository/OCS-DESKTOP/Age gate and Mega menu/Date'  using regular expression

2019-07-15 14:28:03 - [TEST_STEP][PASSED] - selectOptionByValue(findTestObject("OCS-DESKTOP/Age gate and Mega menu/month"), "6", true): All options with value '6' are selected in object 'Object Repository/OCS-DESKTOP/Age gate and Mega menu/month'  using regular expression

2019-07-15 14:28:03 - [MESSAGE][PASSED] - All options with value '6' are selected in object 'Object Repository/OCS-DESKTOP/Age gate and Mega menu/month'  using regular expression

2019-07-15 14:28:03 - [TEST_STEP][PASSED] - selectOptionByValue(findTestObject("OCS-DESKTOP/Age gate and Mega menu/Year Dropdown"), "1970", true): All options with value '1970' are selected in object 'Object Repository/OCS-DESKTOP/Age gate and Mega menu/Year Dropdown'  using regular expression

2019-07-15 14:28:04 - [MESSAGE][PASSED] - All options with value '1970' are selected in object 'Object Repository/OCS-DESKTOP/Age gate and Mega menu/Year Dropdown'  using regular expression

2019-07-15 14:28:04 - [TEST_STEP][PASSED] - click(findTestObject("OCS-DESKTOP/Age gate and Mega menu/button_Verify")): Object: 'Object Repository/OCS-DESKTOP/Age gate and Mega menu/button_Verify' is clicked on

2019-07-15 14:28:05 - [MESSAGE][PASSED] - Object: 'Object Repository/OCS-DESKTOP/Age gate and Mega menu/button_Verify' is clicked on

2019-07-15 14:28:05 - [TEST_STEP][PASSED] - click(findTestObject("OCS-DESKTOP/Age gate and Mega menu/Checkbox_CONFIRM AND ACKNOWLEDGE")): Object: 'Object Repository/OCS-DESKTOP/Age gate and Mega menu/Checkbox_CONFIRM AND ACKNOWLEDGE' is clicked on

2019-07-15 14:28:05 - [MESSAGE][PASSED] - Object: 'Object Repository/OCS-DESKTOP/Age gate and Mega menu/Checkbox_CONFIRM AND ACKNOWLEDGE' is clicked on

2019-07-15 14:28:05 - [TEST_STEP][PASSED] - click(findTestObject("OCS-DESKTOP/Age gate and Mega menu/button_CONFIRM")): Object: 'Object Repository/OCS-DESKTOP/Age gate and Mega menu/button_CONFIRM' is clicked on

2019-07-15 14:28:05 - [MESSAGE][PASSED] - Object: 'Object Repository/OCS-DESKTOP/Age gate and Mega menu/button_CONFIRM' is clicked on

2019-07-15 14:28:05 - [TEST_STEP][PASSED] - click(findTestObject("OCS-DESKTOP/Age gate and Mega menu/button_Start Browsing")): Object: 'Object Repository/OCS-DESKTOP/Age gate and Mega menu/button_Start Browsing' is clicked on

2019-07-15 14:28:05 - [MESSAGE][PASSED] - Object: 'Object Repository/OCS-DESKTOP/Age gate and Mega menu/button_Start Browsing' is clicked on

2019-07-15 14:28:05 - [TEST_STEP][PASSED] - delay(3): Delayed 3 second(s)

2019-07-15 14:28:08 - [MESSAGE][PASSED] - Delayed 3 second(s)

2019-07-15 14:28:08 - [TEST_STEP][PASSED] - closeBrowser(): Browser is closed

2019-07-15 14:28:08 - [MESSAGE][PASSED] - Browser is closed]]></system-out>
         <system-err><![CDATA[]]></system-err>
      </testcase>
      <testcase name="Test Cases/OCS - DESKTOP/OCS-AGE GATE/AG - Date correction" classname="Test Cases/OCS - DESKTOP/OCS-AGE GATE/AG - Date correction" status="PASSED">
         <system-out><![CDATA[2019-07-15 14:28:08 - [TEST_CASE][PASSED] - Test Cases/OCS - DESKTOP/OCS-AGE GATE/AG - Date correction: Test Cases/OCS - DESKTOP/OCS-AGE GATE/AG - Date correction

2019-07-15 14:28:08 - [TEST_STEP][PASSED] - openBrowser(""): Browser is opened with url: ''

2019-07-15 14:28:08 - [MESSAGE][INFO] - Starting 'Chrome' driver

2019-07-15 14:28:09 - [MESSAGE][PASSED] - Browser is opened with url: ''

2019-07-15 14:28:09 - [TEST_STEP][PASSED] - navigateToUrl("https://ocs.ca/?fts=0&preview_theme_id=74205529932"): Navigate to 'https://ocs.ca/?fts=0&preview_theme_id=74205529932' successfully

2019-07-15 14:28:14 - [MESSAGE][PASSED] - Navigate to 'https://ocs.ca/?fts=0&preview_theme_id=74205529932' successfully

2019-07-15 14:28:14 - [TEST_STEP][PASSED] - executeJavaScript("var previewBar = document.getElementById("preview-bar-iframe"); previewBar.style.display = "none";", []): Execute JavaScript 'var previewBar = document.getElementById("preview-bar-iframe"); previewBar.style.display = "none";' successfully

2019-07-15 14:28:14 - [MESSAGE][PASSED] - Execute JavaScript 'var previewBar = document.getElementById("preview-bar-iframe"); previewBar.style.display = "none";' successfully

2019-07-15 14:28:14 - [TEST_STEP][PASSED] - selectOptionByValue(findTestObject("OCS-DESKTOP/Age gate and Mega menu/Date"), "12", true): All options with value '12' are selected in object 'Object Repository/OCS-DESKTOP/Age gate and Mega menu/Date'  using regular expression

2019-07-15 14:28:15 - [MESSAGE][PASSED] - All options with value '12' are selected in object 'Object Repository/OCS-DESKTOP/Age gate and Mega menu/Date'  using regular expression

2019-07-15 14:28:15 - [TEST_STEP][PASSED] - selectOptionByValue(findTestObject("OCS-DESKTOP/Age gate and Mega menu/month"), "6", true): All options with value '6' are selected in object 'Object Repository/OCS-DESKTOP/Age gate and Mega menu/month'  using regular expression

2019-07-15 14:28:15 - [MESSAGE][PASSED] - All options with value '6' are selected in object 'Object Repository/OCS-DESKTOP/Age gate and Mega menu/month'  using regular expression

2019-07-15 14:28:15 - [TEST_STEP][PASSED] - delay(2): Delayed 2 second(s)

2019-07-15 14:28:17 - [MESSAGE][PASSED] - Delayed 2 second(s)

2019-07-15 14:28:17 - [TEST_STEP][PASSED] - selectOptionByValue(findTestObject("OCS-DESKTOP/Age gate and Mega menu/Year Dropdown"), "1990", true): All options with value '1990' are selected in object 'Object Repository/OCS-DESKTOP/Age gate and Mega menu/Year Dropdown'  using regular expression

2019-07-15 14:28:18 - [MESSAGE][PASSED] - All options with value '1990' are selected in object 'Object Repository/OCS-DESKTOP/Age gate and Mega menu/Year Dropdown'  using regular expression

2019-07-15 14:28:18 - [TEST_STEP][PASSED] - delay(3): Delayed 3 second(s)

2019-07-15 14:28:21 - [MESSAGE][PASSED] - Delayed 3 second(s)

2019-07-15 14:28:21 - [TEST_STEP][PASSED] - click(findTestObject("OCS-DESKTOP/Age gate and Mega menu/button_Verify")): Object: 'Object Repository/OCS-DESKTOP/Age gate and Mega menu/button_Verify' is clicked on

2019-07-15 14:28:21 - [MESSAGE][PASSED] - Object: 'Object Repository/OCS-DESKTOP/Age gate and Mega menu/button_Verify' is clicked on

2019-07-15 14:28:21 - [TEST_STEP][PASSED] - delay(1): Delayed 1 second(s)

2019-07-15 14:28:22 - [MESSAGE][PASSED] - Delayed 1 second(s)

2019-07-15 14:28:22 - [TEST_STEP][PASSED] - click(findTestObject("OCS-DESKTOP/Age gate and Mega menu/a_Correct your date of birth")): Object: 'Object Repository/OCS-DESKTOP/Age gate and Mega menu/a_Correct your date of birth' is clicked on

2019-07-15 14:28:22 - [MESSAGE][PASSED] - Object: 'Object Repository/OCS-DESKTOP/Age gate and Mega menu/a_Correct your date of birth' is clicked on

2019-07-15 14:28:22 - [TEST_STEP][PASSED] - selectOptionByValue(findTestObject("OCS-DESKTOP/Age gate and Mega menu/Date"), "1", true): All options with value '1' are selected in object 'Object Repository/OCS-DESKTOP/Age gate and Mega menu/Date'  using regular expression

2019-07-15 14:28:22 - [MESSAGE][PASSED] - All options with value '1' are selected in object 'Object Repository/OCS-DESKTOP/Age gate and Mega menu/Date'  using regular expression

2019-07-15 14:28:22 - [TEST_STEP][PASSED] - selectOptionByValue(findTestObject("OCS-DESKTOP/Age gate and Mega menu/month"), "5", true): All options with value '5' are selected in object 'Object Repository/OCS-DESKTOP/Age gate and Mega menu/month'  using regular expression

2019-07-15 14:28:22 - [MESSAGE][PASSED] - All options with value '5' are selected in object 'Object Repository/OCS-DESKTOP/Age gate and Mega menu/month'  using regular expression

2019-07-15 14:28:22 - [TEST_STEP][PASSED] - selectOptionByValue(findTestObject("OCS-DESKTOP/Age gate and Mega menu/Year Dropdown"), "1980", true): All options with value '1980' are selected in object 'Object Repository/OCS-DESKTOP/Age gate and Mega menu/Year Dropdown'  using regular expression

2019-07-15 14:28:24 - [MESSAGE][PASSED] - All options with value '1980' are selected in object 'Object Repository/OCS-DESKTOP/Age gate and Mega menu/Year Dropdown'  using regular expression

2019-07-15 14:28:24 - [TEST_STEP][PASSED] - click(findTestObject("OCS-DESKTOP/Age gate and Mega menu/button_Verify")): Object: 'Object Repository/OCS-DESKTOP/Age gate and Mega menu/button_Verify' is clicked on

2019-07-15 14:28:24 - [MESSAGE][PASSED] - Object: 'Object Repository/OCS-DESKTOP/Age gate and Mega menu/button_Verify' is clicked on

2019-07-15 14:28:24 - [TEST_STEP][PASSED] - closeBrowser(): Browser is closed

2019-07-15 14:28:24 - [MESSAGE][PASSED] - Browser is closed]]></system-out>
         <system-err><![CDATA[]]></system-err>
      </testcase>
      <testcase name="Test Cases/OCS - DESKTOP/OCS-COLLECTION PAGE/Sort" classname="Test Cases/OCS - DESKTOP/OCS-COLLECTION PAGE/Sort" status="PASSED">
         <system-out><![CDATA[2019-07-15 14:28:24 - [TEST_CASE][PASSED] - Test Cases/OCS - DESKTOP/OCS-COLLECTION PAGE/Sort: Test Cases/OCS - DESKTOP/OCS-COLLECTION PAGE/Sort

2019-07-15 14:28:24 - [TEST_STEP][PASSED] - callTestCase(findTestCase("OCS - DESKTOP/CALL- Age gate"), [:], STOP_ON_FAILURE): Call Test Case 'Test Cases/OCS - DESKTOP/CALL- Age gate' successfully

2019-07-15 14:28:24 - [TEST_CASE][PASSED] - Test Cases/OCS - DESKTOP/CALL- Age gate: Test Cases/OCS - DESKTOP/CALL- Age gate

2019-07-15 14:28:24 - [TEST_STEP][PASSED] - openBrowser(""): Browser is opened with url: ''

2019-07-15 14:28:24 - [MESSAGE][INFO] - Starting 'Chrome' driver

2019-07-15 14:28:25 - [MESSAGE][PASSED] - Browser is opened with url: ''

2019-07-15 14:28:25 - [TEST_STEP][PASSED] - navigateToUrl("https://ocs.ca/?fts=0&preview_theme_id=74205529932"): Navigate to 'https://ocs.ca/?fts=0&preview_theme_id=74205529932' successfully

2019-07-15 14:28:29 - [MESSAGE][PASSED] - Navigate to 'https://ocs.ca/?fts=0&preview_theme_id=74205529932' successfully

2019-07-15 14:28:29 - [TEST_STEP][PASSED] - maximizeWindow(): Current window maximized

2019-07-15 14:28:29 - [MESSAGE][PASSED] - Current window maximized

2019-07-15 14:28:29 - [TEST_STEP][PASSED] - delay(2): Delayed 2 second(s)

2019-07-15 14:28:31 - [MESSAGE][PASSED] - Delayed 2 second(s)

2019-07-15 14:28:31 - [TEST_STEP][PASSED] - executeJavaScript("var previewBar = document.getElementById("preview-bar-iframe"); previewBar.style.display = "none";", []): Execute JavaScript 'var previewBar = document.getElementById("preview-bar-iframe"); previewBar.style.display = "none";' successfully

2019-07-15 14:28:31 - [MESSAGE][PASSED] - Execute JavaScript 'var previewBar = document.getElementById("preview-bar-iframe"); previewBar.style.display = "none";' successfully

2019-07-15 14:28:31 - [TEST_STEP][PASSED] - selectOptionByValue(findTestObject("OCS-DESKTOP/Age gate and Mega menu/Date"), "12", true): All options with value '12' are selected in object 'Object Repository/OCS-DESKTOP/Age gate and Mega menu/Date'  using regular expression

2019-07-15 14:28:32 - [MESSAGE][PASSED] - All options with value '12' are selected in object 'Object Repository/OCS-DESKTOP/Age gate and Mega menu/Date'  using regular expression

2019-07-15 14:28:32 - [TEST_STEP][PASSED] - selectOptionByValue(findTestObject("OCS-DESKTOP/Age gate and Mega menu/month"), "6", true): All options with value '6' are selected in object 'Object Repository/OCS-DESKTOP/Age gate and Mega menu/month'  using regular expression

2019-07-15 14:28:32 - [MESSAGE][PASSED] - All options with value '6' are selected in object 'Object Repository/OCS-DESKTOP/Age gate and Mega menu/month'  using regular expression

2019-07-15 14:28:32 - [TEST_STEP][PASSED] - delay(2): Delayed 2 second(s)

2019-07-15 14:28:34 - [MESSAGE][PASSED] - Delayed 2 second(s)

2019-07-15 14:28:34 - [TEST_STEP][PASSED] - selectOptionByValue(findTestObject("OCS-DESKTOP/Age gate and Mega menu/Year Dropdown"), "1990", true): All options with value '1990' are selected in object 'Object Repository/OCS-DESKTOP/Age gate and Mega menu/Year Dropdown'  using regular expression

2019-07-15 14:28:35 - [MESSAGE][PASSED] - All options with value '1990' are selected in object 'Object Repository/OCS-DESKTOP/Age gate and Mega menu/Year Dropdown'  using regular expression

2019-07-15 14:28:35 - [TEST_STEP][PASSED] - click(findTestObject("OCS-DESKTOP/Age gate and Mega menu/button_Verify")): Object: 'Object Repository/OCS-DESKTOP/Age gate and Mega menu/button_Verify' is clicked on

2019-07-15 14:28:35 - [MESSAGE][PASSED] - Object: 'Object Repository/OCS-DESKTOP/Age gate and Mega menu/button_Verify' is clicked on

2019-07-15 14:28:35 - [TEST_STEP][PASSED] - click(findTestObject("OCS-DESKTOP/Age gate and Mega menu/Checkbox_CONFIRM AND ACKNOWLEDGE")): Object: 'Object Repository/OCS-DESKTOP/Age gate and Mega menu/Checkbox_CONFIRM AND ACKNOWLEDGE' is clicked on

2019-07-15 14:28:35 - [MESSAGE][PASSED] - Object: 'Object Repository/OCS-DESKTOP/Age gate and Mega menu/Checkbox_CONFIRM AND ACKNOWLEDGE' is clicked on

2019-07-15 14:28:35 - [TEST_STEP][PASSED] - click(findTestObject("OCS-DESKTOP/Age gate and Mega menu/button_CONFIRM")): Object: 'Object Repository/OCS-DESKTOP/Age gate and Mega menu/button_CONFIRM' is clicked on

2019-07-15 14:28:35 - [MESSAGE][PASSED] - Object: 'Object Repository/OCS-DESKTOP/Age gate and Mega menu/button_CONFIRM' is clicked on

2019-07-15 14:28:35 - [TEST_STEP][PASSED] - click(findTestObject("OCS-DESKTOP/Age gate and Mega menu/button_Start Browsing")): Object: 'Object Repository/OCS-DESKTOP/Age gate and Mega menu/button_Start Browsing' is clicked on

2019-07-15 14:28:35 - [MESSAGE][PASSED] - Object: 'Object Repository/OCS-DESKTOP/Age gate and Mega menu/button_Start Browsing' is clicked on

2019-07-15 14:28:35 - [TEST_STEP][PASSED] - delay(2): Delayed 2 second(s)

2019-07-15 14:28:37 - [MESSAGE][PASSED] - Delayed 2 second(s)

2019-07-15 14:28:37 - [TEST_STEP][PASSED] - refresh(): Refresh successfully

2019-07-15 14:28:37 - [MESSAGE][PASSED] - Refresh successfully

2019-07-15 14:28:37 - [MESSAGE][PASSED] - Call Test Case 'Test Cases/OCS - DESKTOP/CALL- Age gate' successfully

2019-07-15 14:28:37 - [TEST_STEP][PASSED] - delay(2): Delayed 2 second(s)

2019-07-15 14:28:39 - [MESSAGE][PASSED] - Delayed 2 second(s)

2019-07-15 14:28:39 - [TEST_STEP][NOT_RUN] - click(findTestObject("OCS-MOBILE /Age gate and burger menu/Burger menu - English")): NOT_RUN: click(findTestObject("OCS-MOBILE /Age gate and burger menu/Burger menu - English"))

2019-07-15 14:28:39 - [MESSAGE][NOT_RUN] - NOT_RUN: click(findTestObject("OCS-MOBILE /Age gate and burger menu/Burger menu - English"))

2019-07-15 14:28:39 - [TEST_STEP][PASSED] - delay(2): Delayed 2 second(s)

2019-07-15 14:28:41 - [MESSAGE][PASSED] - Delayed 2 second(s)

2019-07-15 14:28:41 - [TEST_STEP][PASSED] - click(findTestObject("OCS-DESKTOP/Age gate and Mega menu/Chevron_Cannabis")): Object: 'Object Repository/OCS-DESKTOP/Age gate and Mega menu/Chevron_Cannabis' is clicked on

2019-07-15 14:28:41 - [MESSAGE][PASSED] - Object: 'Object Repository/OCS-DESKTOP/Age gate and Mega menu/Chevron_Cannabis' is clicked on

2019-07-15 14:28:41 - [TEST_STEP][PASSED] - delay(2): Delayed 2 second(s)

2019-07-15 14:28:43 - [MESSAGE][PASSED] - Delayed 2 second(s)

2019-07-15 14:28:43 - [TEST_STEP][NOT_RUN] - click(findTestObject("OCS-DESKTOP/Age gate and Mega menu/Dried Flower_Plus icon")): NOT_RUN: click(findTestObject("OCS-DESKTOP/Age gate and Mega menu/Dried Flower_Plus icon"))

2019-07-15 14:28:43 - [MESSAGE][NOT_RUN] - NOT_RUN: click(findTestObject("OCS-DESKTOP/Age gate and Mega menu/Dried Flower_Plus icon"))

2019-07-15 14:28:43 - [TEST_STEP][PASSED] - delay(2): Delayed 2 second(s)

2019-07-15 14:28:45 - [MESSAGE][PASSED] - Delayed 2 second(s)

2019-07-15 14:28:45 - [TEST_STEP][PASSED] - click(findTestObject("OCS-DESKTOP/Cannabis page/Dried flower - Indica dominant")): Object: 'Object Repository/OCS-DESKTOP/Cannabis page/Dried flower - Indica dominant' is clicked on

2019-07-15 14:28:48 - [MESSAGE][PASSED] - Object: 'Object Repository/OCS-DESKTOP/Cannabis page/Dried flower - Indica dominant' is clicked on

2019-07-15 14:28:48 - [TEST_STEP][PASSED] - delay(2): Delayed 2 second(s)

2019-07-15 14:28:50 - [MESSAGE][PASSED] - Delayed 2 second(s)

2019-07-15 14:28:50 - [TEST_STEP][PASSED] - click(findTestObject("OCS-DESKTOP/Collection page/sort option")): Object: 'Object Repository/OCS-DESKTOP/Collection page/sort option' is clicked on

2019-07-15 14:28:51 - [MESSAGE][PASSED] - Object: 'Object Repository/OCS-DESKTOP/Collection page/sort option' is clicked on

2019-07-15 14:28:51 - [TEST_STEP][PASSED] - delay(1): Delayed 1 second(s)

2019-07-15 14:28:52 - [MESSAGE][PASSED] - Delayed 1 second(s)

2019-07-15 14:28:52 - [TEST_STEP][PASSED] - executeJavaScript("var previewBar = document.getElementById("preview-bar-iframe"); previewBar.style.display = "none";", []): Execute JavaScript 'var previewBar = document.getElementById("preview-bar-iframe"); previewBar.style.display = "none";' successfully

2019-07-15 14:28:52 - [MESSAGE][PASSED] - Execute JavaScript 'var previewBar = document.getElementById("preview-bar-iframe"); previewBar.style.display = "none";' successfully

2019-07-15 14:28:52 - [TEST_STEP][PASSED] - click(findTestObject("OCS-DESKTOP/Collection page/Price Low to High")): Object: 'Object Repository/OCS-DESKTOP/Collection page/Price Low to High' is clicked on

2019-07-15 14:28:52 - [MESSAGE][PASSED] - Object: 'Object Repository/OCS-DESKTOP/Collection page/Price Low to High' is clicked on

2019-07-15 14:28:52 - [TEST_STEP][PASSED] - delay(1): Delayed 1 second(s)

2019-07-15 14:28:53 - [MESSAGE][PASSED] - Delayed 1 second(s)

2019-07-15 14:28:53 - [TEST_STEP][PASSED] - refresh(): Refresh successfully

2019-07-15 14:28:53 - [MESSAGE][PASSED] - Refresh successfully

2019-07-15 14:28:53 - [TEST_STEP][PASSED] - delay(1): Delayed 1 second(s)

2019-07-15 14:28:54 - [MESSAGE][PASSED] - Delayed 1 second(s)

2019-07-15 14:28:54 - [TEST_STEP][PASSED] - callTestCase(findTestCase("OCS - DESKTOP/OCS-COLLECTION PAGE/calling test case"), [:], STOP_ON_FAILURE): Call Test Case 'Test Cases/OCS - DESKTOP/OCS-COLLECTION PAGE/calling test case' successfully

2019-07-15 14:28:54 - [TEST_CASE][PASSED] - Test Cases/OCS - DESKTOP/OCS-COLLECTION PAGE/calling test case: Test Cases/OCS - DESKTOP/OCS-COLLECTION PAGE/calling test case

2019-07-15 14:28:54 - [TEST_STEP][NOT_RUN] - delay(2): NOT_RUN: delay(2)

2019-07-15 14:28:54 - [MESSAGE][NOT_RUN] - NOT_RUN: delay(2)

2019-07-15 14:28:54 - [TEST_STEP][NOT_RUN] - click(findTestObject("OCS-MOBILE /Age gate and burger menu/Burger menu - English")): NOT_RUN: click(findTestObject("OCS-MOBILE /Age gate and burger menu/Burger menu - English"))

2019-07-15 14:28:54 - [MESSAGE][NOT_RUN] - NOT_RUN: click(findTestObject("OCS-MOBILE /Age gate and burger menu/Burger menu - English"))

2019-07-15 14:28:54 - [TEST_STEP][NOT_RUN] - delay(2): NOT_RUN: delay(2)

2019-07-15 14:28:54 - [MESSAGE][NOT_RUN] - NOT_RUN: delay(2)

2019-07-15 14:28:54 - [TEST_STEP][NOT_RUN] - click(findTestObject("OCS-MOBILE /Cannabis page/Cannabis chevron")): NOT_RUN: click(findTestObject("OCS-MOBILE /Cannabis page/Cannabis chevron"))

2019-07-15 14:28:54 - [MESSAGE][NOT_RUN] - NOT_RUN: click(findTestObject("OCS-MOBILE /Cannabis page/Cannabis chevron"))

2019-07-15 14:28:54 - [TEST_STEP][NOT_RUN] - delay(2): NOT_RUN: delay(2)

2019-07-15 14:28:54 - [MESSAGE][NOT_RUN] - NOT_RUN: delay(2)

2019-07-15 14:28:54 - [TEST_STEP][NOT_RUN] - click(findTestObject("OCS-MOBILE /Cannabis page/Dried flower - plus accordian")): NOT_RUN: click(findTestObject("OCS-MOBILE /Cannabis page/Dried flower - plus accordian"))

2019-07-15 14:28:54 - [MESSAGE][NOT_RUN] - NOT_RUN: click(findTestObject("OCS-MOBILE /Cannabis page/Dried flower - plus accordian"))

2019-07-15 14:28:54 - [TEST_STEP][NOT_RUN] - delay(2): NOT_RUN: delay(2)

2019-07-15 14:28:54 - [MESSAGE][NOT_RUN] - NOT_RUN: delay(2)

2019-07-15 14:28:54 - [TEST_STEP][NOT_RUN] - click(findTestObject("OCS-MOBILE /Cannabis page/Dried flower - Indica dominant")): NOT_RUN: click(findTestObject("OCS-MOBILE /Cannabis page/Dried flower - Indica dominant"))

2019-07-15 14:28:54 - [MESSAGE][NOT_RUN] - NOT_RUN: click(findTestObject("OCS-MOBILE /Cannabis page/Dried flower - Indica dominant"))

2019-07-15 14:28:54 - [TEST_STEP][NOT_RUN] - delay(2): NOT_RUN: delay(2)

2019-07-15 14:28:54 - [MESSAGE][NOT_RUN] - NOT_RUN: delay(2)

2019-07-15 14:28:54 - [TEST_STEP][PASSED] - scrollToElement(findTestObject("OCS-DESKTOP/Collection page/scroll element"), 0): Scroll to object 'Object Repository/OCS-DESKTOP/Collection page/scroll element' successfully

2019-07-15 14:28:54 - [MESSAGE][WARNING] - Timeout '0' is invalid. Using default page load timeout: '30'

2019-07-15 14:28:55 - [MESSAGE][PASSED] - Scroll to object 'Object Repository/OCS-DESKTOP/Collection page/scroll element' successfully

2019-07-15 14:28:55 - [TEST_STEP][PASSED] - click(findTestObject("OCS-DESKTOP/Collection page/sort option")): Object: 'Object Repository/OCS-DESKTOP/Collection page/sort option' is clicked on

2019-07-15 14:28:55 - [MESSAGE][PASSED] - Object: 'Object Repository/OCS-DESKTOP/Collection page/sort option' is clicked on

2019-07-15 14:28:55 - [MESSAGE][PASSED] - Call Test Case 'Test Cases/OCS - DESKTOP/OCS-COLLECTION PAGE/calling test case' successfully

2019-07-15 14:28:55 - [TEST_STEP][NOT_RUN] - scrollToElement(findTestObject("OCS-MOBILE /Collection page/scroll element"), 0): NOT_RUN: scrollToElement(findTestObject("OCS-MOBILE /Collection page/scroll element"), 0)

2019-07-15 14:28:55 - [MESSAGE][NOT_RUN] - NOT_RUN: scrollToElement(findTestObject("OCS-MOBILE /Collection page/scroll element"), 0)

2019-07-15 14:28:55 - [TEST_STEP][PASSED] - delay(1): Delayed 1 second(s)

2019-07-15 14:28:56 - [MESSAGE][PASSED] - Delayed 1 second(s)

2019-07-15 14:28:56 - [TEST_STEP][NOT_RUN] - click(findTestObject("OCS-DESKTOP/Collection page/sort option")): NOT_RUN: click(findTestObject("OCS-DESKTOP/Collection page/sort option"))

2019-07-15 14:28:56 - [MESSAGE][NOT_RUN] - NOT_RUN: click(findTestObject("OCS-DESKTOP/Collection page/sort option"))

2019-07-15 14:28:56 - [TEST_STEP][PASSED] - executeJavaScript("var previewBar = document.getElementById("preview-bar-iframe"); previewBar.style.display = "none";", []): Execute JavaScript 'var previewBar = document.getElementById("preview-bar-iframe"); previewBar.style.display = "none";' successfully

2019-07-15 14:28:56 - [MESSAGE][PASSED] - Execute JavaScript 'var previewBar = document.getElementById("preview-bar-iframe"); previewBar.style.display = "none";' successfully

2019-07-15 14:28:56 - [TEST_STEP][PASSED] - delay(1): Delayed 1 second(s)

2019-07-15 14:28:57 - [MESSAGE][PASSED] - Delayed 1 second(s)

2019-07-15 14:28:57 - [TEST_STEP][PASSED] - click(findTestObject("OCS-DESKTOP/Collection page/Price High to Low")): Object: 'Object Repository/OCS-DESKTOP/Collection page/Price High to Low' is clicked on

2019-07-15 14:28:57 - [MESSAGE][PASSED] - Object: 'Object Repository/OCS-DESKTOP/Collection page/Price High to Low' is clicked on

2019-07-15 14:28:57 - [TEST_STEP][PASSED] - delay(1): Delayed 1 second(s)

2019-07-15 14:28:58 - [MESSAGE][PASSED] - Delayed 1 second(s)

2019-07-15 14:28:58 - [TEST_STEP][PASSED] - refresh(): Refresh successfully

2019-07-15 14:28:58 - [MESSAGE][PASSED] - Refresh successfully

2019-07-15 14:28:58 - [TEST_STEP][PASSED] - callTestCase(findTestCase("OCS - DESKTOP/OCS-COLLECTION PAGE/calling test case"), [:], STOP_ON_FAILURE): Call Test Case 'Test Cases/OCS - DESKTOP/OCS-COLLECTION PAGE/calling test case' successfully

2019-07-15 14:28:58 - [TEST_CASE][PASSED] - Test Cases/OCS - DESKTOP/OCS-COLLECTION PAGE/calling test case: Test Cases/OCS - DESKTOP/OCS-COLLECTION PAGE/calling test case

2019-07-15 14:28:58 - [TEST_STEP][NOT_RUN] - delay(2): NOT_RUN: delay(2)

2019-07-15 14:28:58 - [MESSAGE][NOT_RUN] - NOT_RUN: delay(2)

2019-07-15 14:28:58 - [TEST_STEP][NOT_RUN] - click(findTestObject("OCS-MOBILE /Age gate and burger menu/Burger menu - English")): NOT_RUN: click(findTestObject("OCS-MOBILE /Age gate and burger menu/Burger menu - English"))

2019-07-15 14:28:58 - [MESSAGE][NOT_RUN] - NOT_RUN: click(findTestObject("OCS-MOBILE /Age gate and burger menu/Burger menu - English"))

2019-07-15 14:28:58 - [TEST_STEP][NOT_RUN] - delay(2): NOT_RUN: delay(2)

2019-07-15 14:28:58 - [MESSAGE][NOT_RUN] - NOT_RUN: delay(2)

2019-07-15 14:28:58 - [TEST_STEP][NOT_RUN] - click(findTestObject("OCS-MOBILE /Cannabis page/Cannabis chevron")): NOT_RUN: click(findTestObject("OCS-MOBILE /Cannabis page/Cannabis chevron"))

2019-07-15 14:28:58 - [MESSAGE][NOT_RUN] - NOT_RUN: click(findTestObject("OCS-MOBILE /Cannabis page/Cannabis chevron"))

2019-07-15 14:28:58 - [TEST_STEP][NOT_RUN] - delay(2): NOT_RUN: delay(2)

2019-07-15 14:28:58 - [MESSAGE][NOT_RUN] - NOT_RUN: delay(2)

2019-07-15 14:28:58 - [TEST_STEP][NOT_RUN] - click(findTestObject("OCS-MOBILE /Cannabis page/Dried flower - plus accordian")): NOT_RUN: click(findTestObject("OCS-MOBILE /Cannabis page/Dried flower - plus accordian"))

2019-07-15 14:28:58 - [MESSAGE][NOT_RUN] - NOT_RUN: click(findTestObject("OCS-MOBILE /Cannabis page/Dried flower - plus accordian"))

2019-07-15 14:28:58 - [TEST_STEP][NOT_RUN] - delay(2): NOT_RUN: delay(2)

2019-07-15 14:28:58 - [MESSAGE][NOT_RUN] - NOT_RUN: delay(2)

2019-07-15 14:28:58 - [TEST_STEP][NOT_RUN] - click(findTestObject("OCS-MOBILE /Cannabis page/Dried flower - Indica dominant")): NOT_RUN: click(findTestObject("OCS-MOBILE /Cannabis page/Dried flower - Indica dominant"))

2019-07-15 14:28:58 - [MESSAGE][NOT_RUN] - NOT_RUN: click(findTestObject("OCS-MOBILE /Cannabis page/Dried flower - Indica dominant"))

2019-07-15 14:28:58 - [TEST_STEP][NOT_RUN] - delay(2): NOT_RUN: delay(2)

2019-07-15 14:28:58 - [MESSAGE][NOT_RUN] - NOT_RUN: delay(2)

2019-07-15 14:28:58 - [TEST_STEP][PASSED] - scrollToElement(findTestObject("OCS-DESKTOP/Collection page/scroll element"), 0): Scroll to object 'Object Repository/OCS-DESKTOP/Collection page/scroll element' successfully

2019-07-15 14:28:58 - [MESSAGE][WARNING] - Timeout '0' is invalid. Using default page load timeout: '30'

2019-07-15 14:29:00 - [MESSAGE][PASSED] - Scroll to object 'Object Repository/OCS-DESKTOP/Collection page/scroll element' successfully

2019-07-15 14:29:00 - [TEST_STEP][PASSED] - click(findTestObject("OCS-DESKTOP/Collection page/sort option")): Object: 'Object Repository/OCS-DESKTOP/Collection page/sort option' is clicked on

2019-07-15 14:29:00 - [MESSAGE][PASSED] - Object: 'Object Repository/OCS-DESKTOP/Collection page/sort option' is clicked on

2019-07-15 14:29:00 - [MESSAGE][PASSED] - Call Test Case 'Test Cases/OCS - DESKTOP/OCS-COLLECTION PAGE/calling test case' successfully

2019-07-15 14:29:00 - [TEST_STEP][NOT_RUN] - click(findTestObject("OCS-DESKTOP/Collection page/sort option")): NOT_RUN: click(findTestObject("OCS-DESKTOP/Collection page/sort option"))

2019-07-15 14:29:00 - [MESSAGE][NOT_RUN] - NOT_RUN: click(findTestObject("OCS-DESKTOP/Collection page/sort option"))

2019-07-15 14:29:00 - [TEST_STEP][PASSED] - delay(1): Delayed 1 second(s)

2019-07-15 14:29:01 - [MESSAGE][PASSED] - Delayed 1 second(s)

2019-07-15 14:29:01 - [TEST_STEP][PASSED] - click(findTestObject("OCS-DESKTOP/Collection page/Alphabetically A - Z")): Object: 'Object Repository/OCS-DESKTOP/Collection page/Alphabetically A - Z' is clicked on

2019-07-15 14:29:02 - [MESSAGE][PASSED] - Object: 'Object Repository/OCS-DESKTOP/Collection page/Alphabetically A - Z' is clicked on

2019-07-15 14:29:02 - [TEST_STEP][PASSED] - delay(1): Delayed 1 second(s)

2019-07-15 14:29:03 - [MESSAGE][PASSED] - Delayed 1 second(s)

2019-07-15 14:29:03 - [TEST_STEP][PASSED] - refresh(): Refresh successfully

2019-07-15 14:29:03 - [MESSAGE][PASSED] - Refresh successfully

2019-07-15 14:29:03 - [TEST_STEP][PASSED] - callTestCase(findTestCase("OCS - DESKTOP/OCS-COLLECTION PAGE/calling test case"), [:], STOP_ON_FAILURE): Call Test Case 'Test Cases/OCS - DESKTOP/OCS-COLLECTION PAGE/calling test case' successfully

2019-07-15 14:29:03 - [TEST_CASE][PASSED] - Test Cases/OCS - DESKTOP/OCS-COLLECTION PAGE/calling test case: Test Cases/OCS - DESKTOP/OCS-COLLECTION PAGE/calling test case

2019-07-15 14:29:03 - [TEST_STEP][NOT_RUN] - delay(2): NOT_RUN: delay(2)

2019-07-15 14:29:03 - [MESSAGE][NOT_RUN] - NOT_RUN: delay(2)

2019-07-15 14:29:03 - [TEST_STEP][NOT_RUN] - click(findTestObject("OCS-MOBILE /Age gate and burger menu/Burger menu - English")): NOT_RUN: click(findTestObject("OCS-MOBILE /Age gate and burger menu/Burger menu - English"))

2019-07-15 14:29:03 - [MESSAGE][NOT_RUN] - NOT_RUN: click(findTestObject("OCS-MOBILE /Age gate and burger menu/Burger menu - English"))

2019-07-15 14:29:03 - [TEST_STEP][NOT_RUN] - delay(2): NOT_RUN: delay(2)

2019-07-15 14:29:03 - [MESSAGE][NOT_RUN] - NOT_RUN: delay(2)

2019-07-15 14:29:03 - [TEST_STEP][NOT_RUN] - click(findTestObject("OCS-MOBILE /Cannabis page/Cannabis chevron")): NOT_RUN: click(findTestObject("OCS-MOBILE /Cannabis page/Cannabis chevron"))

2019-07-15 14:29:03 - [MESSAGE][NOT_RUN] - NOT_RUN: click(findTestObject("OCS-MOBILE /Cannabis page/Cannabis chevron"))

2019-07-15 14:29:03 - [TEST_STEP][NOT_RUN] - delay(2): NOT_RUN: delay(2)

2019-07-15 14:29:03 - [MESSAGE][NOT_RUN] - NOT_RUN: delay(2)

2019-07-15 14:29:03 - [TEST_STEP][NOT_RUN] - click(findTestObject("OCS-MOBILE /Cannabis page/Dried flower - plus accordian")): NOT_RUN: click(findTestObject("OCS-MOBILE /Cannabis page/Dried flower - plus accordian"))

2019-07-15 14:29:03 - [MESSAGE][NOT_RUN] - NOT_RUN: click(findTestObject("OCS-MOBILE /Cannabis page/Dried flower - plus accordian"))

2019-07-15 14:29:03 - [TEST_STEP][NOT_RUN] - delay(2): NOT_RUN: delay(2)

2019-07-15 14:29:03 - [MESSAGE][NOT_RUN] - NOT_RUN: delay(2)

2019-07-15 14:29:03 - [TEST_STEP][NOT_RUN] - click(findTestObject("OCS-MOBILE /Cannabis page/Dried flower - Indica dominant")): NOT_RUN: click(findTestObject("OCS-MOBILE /Cannabis page/Dried flower - Indica dominant"))

2019-07-15 14:29:03 - [MESSAGE][NOT_RUN] - NOT_RUN: click(findTestObject("OCS-MOBILE /Cannabis page/Dried flower - Indica dominant"))

2019-07-15 14:29:03 - [TEST_STEP][NOT_RUN] - delay(2): NOT_RUN: delay(2)

2019-07-15 14:29:03 - [MESSAGE][NOT_RUN] - NOT_RUN: delay(2)

2019-07-15 14:29:03 - [TEST_STEP][PASSED] - scrollToElement(findTestObject("OCS-DESKTOP/Collection page/scroll element"), 0): Scroll to object 'Object Repository/OCS-DESKTOP/Collection page/scroll element' successfully

2019-07-15 14:29:03 - [MESSAGE][WARNING] - Timeout '0' is invalid. Using default page load timeout: '30'

2019-07-15 14:29:05 - [MESSAGE][PASSED] - Scroll to object 'Object Repository/OCS-DESKTOP/Collection page/scroll element' successfully

2019-07-15 14:29:05 - [TEST_STEP][PASSED] - click(findTestObject("OCS-DESKTOP/Collection page/sort option")): Object: 'Object Repository/OCS-DESKTOP/Collection page/sort option' is clicked on

2019-07-15 14:29:05 - [MESSAGE][PASSED] - Object: 'Object Repository/OCS-DESKTOP/Collection page/sort option' is clicked on

2019-07-15 14:29:05 - [MESSAGE][PASSED] - Call Test Case 'Test Cases/OCS - DESKTOP/OCS-COLLECTION PAGE/calling test case' successfully

2019-07-15 14:29:05 - [TEST_STEP][NOT_RUN] - click(findTestObject("OCS-DESKTOP/Collection page/sort option")): NOT_RUN: click(findTestObject("OCS-DESKTOP/Collection page/sort option"))

2019-07-15 14:29:05 - [MESSAGE][NOT_RUN] - NOT_RUN: click(findTestObject("OCS-DESKTOP/Collection page/sort option"))

2019-07-15 14:29:05 - [TEST_STEP][PASSED] - delay(1): Delayed 1 second(s)

2019-07-15 14:29:06 - [MESSAGE][PASSED] - Delayed 1 second(s)

2019-07-15 14:29:06 - [TEST_STEP][PASSED] - executeJavaScript("var previewBar = document.getElementById("preview-bar-iframe"); previewBar.style.display = "none";", []): Execute JavaScript 'var previewBar = document.getElementById("preview-bar-iframe"); previewBar.style.display = "none";' successfully

2019-07-15 14:29:06 - [MESSAGE][PASSED] - Execute JavaScript 'var previewBar = document.getElementById("preview-bar-iframe"); previewBar.style.display = "none";' successfully

2019-07-15 14:29:06 - [TEST_STEP][PASSED] - click(findTestObject("OCS-DESKTOP/Collection page/Alphabetically Z - A")): Object: 'Object Repository/OCS-DESKTOP/Collection page/Alphabetically Z - A' is clicked on

2019-07-15 14:29:06 - [MESSAGE][PASSED] - Object: 'Object Repository/OCS-DESKTOP/Collection page/Alphabetically Z - A' is clicked on

2019-07-15 14:29:06 - [TEST_STEP][PASSED] - delay(1): Delayed 1 second(s)

2019-07-15 14:29:07 - [MESSAGE][PASSED] - Delayed 1 second(s)

2019-07-15 14:29:07 - [TEST_STEP][PASSED] - refresh(): Refresh successfully

2019-07-15 14:29:07 - [MESSAGE][PASSED] - Refresh successfully

2019-07-15 14:29:07 - [TEST_STEP][PASSED] - callTestCase(findTestCase("OCS - DESKTOP/OCS-COLLECTION PAGE/calling test case"), [:], STOP_ON_FAILURE): Call Test Case 'Test Cases/OCS - DESKTOP/OCS-COLLECTION PAGE/calling test case' successfully

2019-07-15 14:29:07 - [TEST_CASE][PASSED] - Test Cases/OCS - DESKTOP/OCS-COLLECTION PAGE/calling test case: Test Cases/OCS - DESKTOP/OCS-COLLECTION PAGE/calling test case

2019-07-15 14:29:07 - [TEST_STEP][NOT_RUN] - delay(2): NOT_RUN: delay(2)

2019-07-15 14:29:07 - [MESSAGE][NOT_RUN] - NOT_RUN: delay(2)

2019-07-15 14:29:07 - [TEST_STEP][NOT_RUN] - click(findTestObject("OCS-MOBILE /Age gate and burger menu/Burger menu - English")): NOT_RUN: click(findTestObject("OCS-MOBILE /Age gate and burger menu/Burger menu - English"))

2019-07-15 14:29:07 - [MESSAGE][NOT_RUN] - NOT_RUN: click(findTestObject("OCS-MOBILE /Age gate and burger menu/Burger menu - English"))

2019-07-15 14:29:07 - [TEST_STEP][NOT_RUN] - delay(2): NOT_RUN: delay(2)

2019-07-15 14:29:07 - [MESSAGE][NOT_RUN] - NOT_RUN: delay(2)

2019-07-15 14:29:07 - [TEST_STEP][NOT_RUN] - click(findTestObject("OCS-MOBILE /Cannabis page/Cannabis chevron")): NOT_RUN: click(findTestObject("OCS-MOBILE /Cannabis page/Cannabis chevron"))

2019-07-15 14:29:07 - [MESSAGE][NOT_RUN] - NOT_RUN: click(findTestObject("OCS-MOBILE /Cannabis page/Cannabis chevron"))

2019-07-15 14:29:07 - [TEST_STEP][NOT_RUN] - delay(2): NOT_RUN: delay(2)

2019-07-15 14:29:07 - [MESSAGE][NOT_RUN] - NOT_RUN: delay(2)

2019-07-15 14:29:07 - [TEST_STEP][NOT_RUN] - click(findTestObject("OCS-MOBILE /Cannabis page/Dried flower - plus accordian")): NOT_RUN: click(findTestObject("OCS-MOBILE /Cannabis page/Dried flower - plus accordian"))

2019-07-15 14:29:07 - [MESSAGE][NOT_RUN] - NOT_RUN: click(findTestObject("OCS-MOBILE /Cannabis page/Dried flower - plus accordian"))

2019-07-15 14:29:07 - [TEST_STEP][NOT_RUN] - delay(2): NOT_RUN: delay(2)

2019-07-15 14:29:07 - [MESSAGE][NOT_RUN] - NOT_RUN: delay(2)

2019-07-15 14:29:07 - [TEST_STEP][NOT_RUN] - click(findTestObject("OCS-MOBILE /Cannabis page/Dried flower - Indica dominant")): NOT_RUN: click(findTestObject("OCS-MOBILE /Cannabis page/Dried flower - Indica dominant"))

2019-07-15 14:29:07 - [MESSAGE][NOT_RUN] - NOT_RUN: click(findTestObject("OCS-MOBILE /Cannabis page/Dried flower - Indica dominant"))

2019-07-15 14:29:07 - [TEST_STEP][NOT_RUN] - delay(2): NOT_RUN: delay(2)

2019-07-15 14:29:07 - [MESSAGE][NOT_RUN] - NOT_RUN: delay(2)

2019-07-15 14:29:07 - [TEST_STEP][PASSED] - scrollToElement(findTestObject("OCS-DESKTOP/Collection page/scroll element"), 0): Scroll to object 'Object Repository/OCS-DESKTOP/Collection page/scroll element' successfully

2019-07-15 14:29:07 - [MESSAGE][WARNING] - Timeout '0' is invalid. Using default page load timeout: '30'

2019-07-15 14:29:09 - [MESSAGE][PASSED] - Scroll to object 'Object Repository/OCS-DESKTOP/Collection page/scroll element' successfully

2019-07-15 14:29:09 - [TEST_STEP][PASSED] - click(findTestObject("OCS-DESKTOP/Collection page/sort option")): Object: 'Object Repository/OCS-DESKTOP/Collection page/sort option' is clicked on

2019-07-15 14:29:09 - [MESSAGE][PASSED] - Object: 'Object Repository/OCS-DESKTOP/Collection page/sort option' is clicked on

2019-07-15 14:29:09 - [MESSAGE][PASSED] - Call Test Case 'Test Cases/OCS - DESKTOP/OCS-COLLECTION PAGE/calling test case' successfully

2019-07-15 14:29:09 - [TEST_STEP][NOT_RUN] - click(findTestObject("OCS-DESKTOP/Collection page/sort option")): NOT_RUN: click(findTestObject("OCS-DESKTOP/Collection page/sort option"))

2019-07-15 14:29:09 - [MESSAGE][NOT_RUN] - NOT_RUN: click(findTestObject("OCS-DESKTOP/Collection page/sort option"))

2019-07-15 14:29:09 - [TEST_STEP][PASSED] - delay(1): Delayed 1 second(s)

2019-07-15 14:29:10 - [MESSAGE][PASSED] - Delayed 1 second(s)

2019-07-15 14:29:10 - [TEST_STEP][PASSED] - executeJavaScript("var previewBar = document.getElementById("preview-bar-iframe"); previewBar.style.display = "none";", []): Execute JavaScript 'var previewBar = document.getElementById("preview-bar-iframe"); previewBar.style.display = "none";' successfully

2019-07-15 14:29:10 - [MESSAGE][PASSED] - Execute JavaScript 'var previewBar = document.getElementById("preview-bar-iframe"); previewBar.style.display = "none";' successfully

2019-07-15 14:29:10 - [TEST_STEP][PASSED] - click(findTestObject("OCS-DESKTOP/Collection page/CBD Low to High")): Object: 'Object Repository/OCS-DESKTOP/Collection page/CBD Low to High' is clicked on

2019-07-15 14:29:10 - [MESSAGE][PASSED] - Object: 'Object Repository/OCS-DESKTOP/Collection page/CBD Low to High' is clicked on

2019-07-15 14:29:10 - [TEST_STEP][PASSED] - delay(1): Delayed 1 second(s)

2019-07-15 14:29:11 - [MESSAGE][PASSED] - Delayed 1 second(s)

2019-07-15 14:29:11 - [TEST_STEP][PASSED] - refresh(): Refresh successfully

2019-07-15 14:29:11 - [MESSAGE][PASSED] - Refresh successfully

2019-07-15 14:29:11 - [TEST_STEP][PASSED] - callTestCase(findTestCase("OCS - DESKTOP/OCS-COLLECTION PAGE/calling test case"), [:], STOP_ON_FAILURE): Call Test Case 'Test Cases/OCS - DESKTOP/OCS-COLLECTION PAGE/calling test case' successfully

2019-07-15 14:29:11 - [TEST_CASE][PASSED] - Test Cases/OCS - DESKTOP/OCS-COLLECTION PAGE/calling test case: Test Cases/OCS - DESKTOP/OCS-COLLECTION PAGE/calling test case

2019-07-15 14:29:11 - [TEST_STEP][NOT_RUN] - delay(2): NOT_RUN: delay(2)

2019-07-15 14:29:11 - [MESSAGE][NOT_RUN] - NOT_RUN: delay(2)

2019-07-15 14:29:11 - [TEST_STEP][NOT_RUN] - click(findTestObject("OCS-MOBILE /Age gate and burger menu/Burger menu - English")): NOT_RUN: click(findTestObject("OCS-MOBILE /Age gate and burger menu/Burger menu - English"))

2019-07-15 14:29:11 - [MESSAGE][NOT_RUN] - NOT_RUN: click(findTestObject("OCS-MOBILE /Age gate and burger menu/Burger menu - English"))

2019-07-15 14:29:11 - [TEST_STEP][NOT_RUN] - delay(2): NOT_RUN: delay(2)

2019-07-15 14:29:11 - [MESSAGE][NOT_RUN] - NOT_RUN: delay(2)

2019-07-15 14:29:11 - [TEST_STEP][NOT_RUN] - click(findTestObject("OCS-MOBILE /Cannabis page/Cannabis chevron")): NOT_RUN: click(findTestObject("OCS-MOBILE /Cannabis page/Cannabis chevron"))

2019-07-15 14:29:11 - [MESSAGE][NOT_RUN] - NOT_RUN: click(findTestObject("OCS-MOBILE /Cannabis page/Cannabis chevron"))

2019-07-15 14:29:11 - [TEST_STEP][NOT_RUN] - delay(2): NOT_RUN: delay(2)

2019-07-15 14:29:11 - [MESSAGE][NOT_RUN] - NOT_RUN: delay(2)

2019-07-15 14:29:11 - [TEST_STEP][NOT_RUN] - click(findTestObject("OCS-MOBILE /Cannabis page/Dried flower - plus accordian")): NOT_RUN: click(findTestObject("OCS-MOBILE /Cannabis page/Dried flower - plus accordian"))

2019-07-15 14:29:11 - [MESSAGE][NOT_RUN] - NOT_RUN: click(findTestObject("OCS-MOBILE /Cannabis page/Dried flower - plus accordian"))

2019-07-15 14:29:11 - [TEST_STEP][NOT_RUN] - delay(2): NOT_RUN: delay(2)

2019-07-15 14:29:11 - [MESSAGE][NOT_RUN] - NOT_RUN: delay(2)

2019-07-15 14:29:11 - [TEST_STEP][NOT_RUN] - click(findTestObject("OCS-MOBILE /Cannabis page/Dried flower - Indica dominant")): NOT_RUN: click(findTestObject("OCS-MOBILE /Cannabis page/Dried flower - Indica dominant"))

2019-07-15 14:29:11 - [MESSAGE][NOT_RUN] - NOT_RUN: click(findTestObject("OCS-MOBILE /Cannabis page/Dried flower - Indica dominant"))

2019-07-15 14:29:11 - [TEST_STEP][NOT_RUN] - delay(2): NOT_RUN: delay(2)

2019-07-15 14:29:11 - [MESSAGE][NOT_RUN] - NOT_RUN: delay(2)

2019-07-15 14:29:11 - [TEST_STEP][PASSED] - scrollToElement(findTestObject("OCS-DESKTOP/Collection page/scroll element"), 0): Scroll to object 'Object Repository/OCS-DESKTOP/Collection page/scroll element' successfully

2019-07-15 14:29:11 - [MESSAGE][WARNING] - Timeout '0' is invalid. Using default page load timeout: '30'

2019-07-15 14:29:14 - [MESSAGE][PASSED] - Scroll to object 'Object Repository/OCS-DESKTOP/Collection page/scroll element' successfully

2019-07-15 14:29:14 - [TEST_STEP][PASSED] - click(findTestObject("OCS-DESKTOP/Collection page/sort option")): Object: 'Object Repository/OCS-DESKTOP/Collection page/sort option' is clicked on

2019-07-15 14:29:14 - [MESSAGE][PASSED] - Object: 'Object Repository/OCS-DESKTOP/Collection page/sort option' is clicked on

2019-07-15 14:29:14 - [MESSAGE][PASSED] - Call Test Case 'Test Cases/OCS - DESKTOP/OCS-COLLECTION PAGE/calling test case' successfully

2019-07-15 14:29:14 - [TEST_STEP][NOT_RUN] - click(findTestObject("OCS-DESKTOP/Collection page/sort option")): NOT_RUN: click(findTestObject("OCS-DESKTOP/Collection page/sort option"))

2019-07-15 14:29:14 - [MESSAGE][NOT_RUN] - NOT_RUN: click(findTestObject("OCS-DESKTOP/Collection page/sort option"))

2019-07-15 14:29:14 - [TEST_STEP][PASSED] - delay(1): Delayed 1 second(s)

2019-07-15 14:29:15 - [MESSAGE][PASSED] - Delayed 1 second(s)

2019-07-15 14:29:15 - [TEST_STEP][PASSED] - delay(1, OPTIONAL): Delayed 1 second(s)

2019-07-15 14:29:16 - [MESSAGE][PASSED] - Delayed 1 second(s)

2019-07-15 14:29:16 - [TEST_STEP][PASSED] - executeJavaScript("var previewBar = document.getElementById("preview-bar-iframe"); previewBar.style.display = "none";", []): Execute JavaScript 'var previewBar = document.getElementById("preview-bar-iframe"); previewBar.style.display = "none";' successfully

2019-07-15 14:29:16 - [MESSAGE][PASSED] - Execute JavaScript 'var previewBar = document.getElementById("preview-bar-iframe"); previewBar.style.display = "none";' successfully

2019-07-15 14:29:16 - [TEST_STEP][PASSED] - click(findTestObject("OCS-DESKTOP/Collection page/CBD High to Low")): Object: 'Object Repository/OCS-DESKTOP/Collection page/CBD High to Low' is clicked on

2019-07-15 14:29:16 - [MESSAGE][PASSED] - Object: 'Object Repository/OCS-DESKTOP/Collection page/CBD High to Low' is clicked on

2019-07-15 14:29:16 - [TEST_STEP][PASSED] - delay(1): Delayed 1 second(s)

2019-07-15 14:29:17 - [MESSAGE][PASSED] - Delayed 1 second(s)

2019-07-15 14:29:17 - [TEST_STEP][PASSED] - refresh(): Refresh successfully

2019-07-15 14:29:20 - [MESSAGE][PASSED] - Refresh successfully]]></system-out>
         <system-err><![CDATA[]]></system-err>
      </testcase>
      <testcase name="Test Cases/OCS - DESKTOP/OCS-COLLECTION PAGE/Chevron dropdown" classname="Test Cases/OCS - DESKTOP/OCS-COLLECTION PAGE/Chevron dropdown" status="PASSED">
         <system-out><![CDATA[2019-07-15 14:29:20 - [TEST_CASE][PASSED] - Test Cases/OCS - DESKTOP/OCS-COLLECTION PAGE/Chevron dropdown: Test Cases/OCS - DESKTOP/OCS-COLLECTION PAGE/Chevron dropdown

2019-07-15 14:29:20 - [TEST_STEP][PASSED] - callTestCase(findTestCase("OCS - DESKTOP/CALL- Age gate"), [:], STOP_ON_FAILURE): Call Test Case 'Test Cases/OCS - DESKTOP/CALL- Age gate' successfully

2019-07-15 14:29:20 - [TEST_CASE][PASSED] - Test Cases/OCS - DESKTOP/CALL- Age gate: Test Cases/OCS - DESKTOP/CALL- Age gate

2019-07-15 14:29:20 - [TEST_STEP][PASSED] - openBrowser(""): Browser is opened with url: ''

2019-07-15 14:29:20 - [MESSAGE][WARNING] - A browser is already opened. Closing browser and opening a new one

2019-07-15 14:29:20 - [MESSAGE][INFO] - Starting 'Chrome' driver

2019-07-15 14:29:21 - [MESSAGE][PASSED] - Browser is opened with url: ''

2019-07-15 14:29:21 - [TEST_STEP][PASSED] - navigateToUrl("https://ocs.ca/?fts=0&preview_theme_id=74205529932"): Navigate to 'https://ocs.ca/?fts=0&preview_theme_id=74205529932' successfully

2019-07-15 14:29:29 - [MESSAGE][PASSED] - Navigate to 'https://ocs.ca/?fts=0&preview_theme_id=74205529932' successfully

2019-07-15 14:29:29 - [TEST_STEP][PASSED] - maximizeWindow(): Current window maximized

2019-07-15 14:29:29 - [MESSAGE][PASSED] - Current window maximized

2019-07-15 14:29:29 - [TEST_STEP][PASSED] - delay(2): Delayed 2 second(s)

2019-07-15 14:29:31 - [MESSAGE][PASSED] - Delayed 2 second(s)

2019-07-15 14:29:31 - [TEST_STEP][PASSED] - executeJavaScript("var previewBar = document.getElementById("preview-bar-iframe"); previewBar.style.display = "none";", []): Execute JavaScript 'var previewBar = document.getElementById("preview-bar-iframe"); previewBar.style.display = "none";' successfully

2019-07-15 14:29:31 - [MESSAGE][PASSED] - Execute JavaScript 'var previewBar = document.getElementById("preview-bar-iframe"); previewBar.style.display = "none";' successfully

2019-07-15 14:29:31 - [TEST_STEP][PASSED] - selectOptionByValue(findTestObject("OCS-DESKTOP/Age gate and Mega menu/Date"), "12", true): All options with value '12' are selected in object 'Object Repository/OCS-DESKTOP/Age gate and Mega menu/Date'  using regular expression

2019-07-15 14:29:32 - [MESSAGE][PASSED] - All options with value '12' are selected in object 'Object Repository/OCS-DESKTOP/Age gate and Mega menu/Date'  using regular expression

2019-07-15 14:29:32 - [TEST_STEP][PASSED] - selectOptionByValue(findTestObject("OCS-DESKTOP/Age gate and Mega menu/month"), "6", true): All options with value '6' are selected in object 'Object Repository/OCS-DESKTOP/Age gate and Mega menu/month'  using regular expression

2019-07-15 14:29:32 - [MESSAGE][PASSED] - All options with value '6' are selected in object 'Object Repository/OCS-DESKTOP/Age gate and Mega menu/month'  using regular expression

2019-07-15 14:29:32 - [TEST_STEP][PASSED] - delay(2): Delayed 2 second(s)

2019-07-15 14:29:34 - [MESSAGE][PASSED] - Delayed 2 second(s)

2019-07-15 14:29:34 - [TEST_STEP][PASSED] - selectOptionByValue(findTestObject("OCS-DESKTOP/Age gate and Mega menu/Year Dropdown"), "1990", true): All options with value '1990' are selected in object 'Object Repository/OCS-DESKTOP/Age gate and Mega menu/Year Dropdown'  using regular expression

2019-07-15 14:29:35 - [MESSAGE][PASSED] - All options with value '1990' are selected in object 'Object Repository/OCS-DESKTOP/Age gate and Mega menu/Year Dropdown'  using regular expression

2019-07-15 14:29:35 - [TEST_STEP][PASSED] - click(findTestObject("OCS-DESKTOP/Age gate and Mega menu/button_Verify")): Object: 'Object Repository/OCS-DESKTOP/Age gate and Mega menu/button_Verify' is clicked on

2019-07-15 14:29:35 - [MESSAGE][PASSED] - Object: 'Object Repository/OCS-DESKTOP/Age gate and Mega menu/button_Verify' is clicked on

2019-07-15 14:29:35 - [TEST_STEP][PASSED] - click(findTestObject("OCS-DESKTOP/Age gate and Mega menu/Checkbox_CONFIRM AND ACKNOWLEDGE")): Object: 'Object Repository/OCS-DESKTOP/Age gate and Mega menu/Checkbox_CONFIRM AND ACKNOWLEDGE' is clicked on

2019-07-15 14:29:35 - [MESSAGE][PASSED] - Object: 'Object Repository/OCS-DESKTOP/Age gate and Mega menu/Checkbox_CONFIRM AND ACKNOWLEDGE' is clicked on

2019-07-15 14:29:35 - [TEST_STEP][PASSED] - click(findTestObject("OCS-DESKTOP/Age gate and Mega menu/button_CONFIRM")): Object: 'Object Repository/OCS-DESKTOP/Age gate and Mega menu/button_CONFIRM' is clicked on

2019-07-15 14:29:35 - [MESSAGE][PASSED] - Object: 'Object Repository/OCS-DESKTOP/Age gate and Mega menu/button_CONFIRM' is clicked on

2019-07-15 14:29:35 - [TEST_STEP][PASSED] - click(findTestObject("OCS-DESKTOP/Age gate and Mega menu/button_Start Browsing")): Object: 'Object Repository/OCS-DESKTOP/Age gate and Mega menu/button_Start Browsing' is clicked on

2019-07-15 14:29:36 - [MESSAGE][PASSED] - Object: 'Object Repository/OCS-DESKTOP/Age gate and Mega menu/button_Start Browsing' is clicked on

2019-07-15 14:29:36 - [TEST_STEP][PASSED] - delay(2): Delayed 2 second(s)

2019-07-15 14:29:38 - [MESSAGE][PASSED] - Delayed 2 second(s)

2019-07-15 14:29:38 - [TEST_STEP][PASSED] - refresh(): Refresh successfully

2019-07-15 14:29:38 - [MESSAGE][PASSED] - Refresh successfully

2019-07-15 14:29:38 - [MESSAGE][PASSED] - Call Test Case 'Test Cases/OCS - DESKTOP/CALL- Age gate' successfully

2019-07-15 14:29:38 - [TEST_STEP][PASSED] - delay(2): Delayed 2 second(s)

2019-07-15 14:29:40 - [MESSAGE][PASSED] - Delayed 2 second(s)

2019-07-15 14:29:40 - [TEST_STEP][PASSED] - click(findTestObject("OCS-DESKTOP/Age gate and Mega menu/Chevron_Cannabis")): Object: 'Object Repository/OCS-DESKTOP/Age gate and Mega menu/Chevron_Cannabis' is clicked on

2019-07-15 14:29:41 - [MESSAGE][PASSED] - Object: 'Object Repository/OCS-DESKTOP/Age gate and Mega menu/Chevron_Cannabis' is clicked on

2019-07-15 14:29:41 - [TEST_STEP][PASSED] - delay(2): Delayed 2 second(s)

2019-07-15 14:29:43 - [MESSAGE][PASSED] - Delayed 2 second(s)

2019-07-15 14:29:43 - [TEST_STEP][NOT_RUN] - click(findTestObject("OCS-MOBILE /Cannabis page/Cannabis chevron")): NOT_RUN: click(findTestObject("OCS-MOBILE /Cannabis page/Cannabis chevron"))

2019-07-15 14:29:43 - [MESSAGE][NOT_RUN] - NOT_RUN: click(findTestObject("OCS-MOBILE /Cannabis page/Cannabis chevron"))

2019-07-15 14:29:43 - [TEST_STEP][PASSED] - delay(2): Delayed 2 second(s)

2019-07-15 14:29:45 - [MESSAGE][PASSED] - Delayed 2 second(s)

2019-07-15 14:29:45 - [TEST_STEP][PASSED] - click(findTestObject("OCS-DESKTOP/Cannabis page/Dried flower")): Object: 'Object Repository/OCS-DESKTOP/Cannabis page/Dried flower' is clicked on

2019-07-15 14:29:49 - [MESSAGE][PASSED] - Object: 'Object Repository/OCS-DESKTOP/Cannabis page/Dried flower' is clicked on

2019-07-15 14:29:49 - [TEST_STEP][PASSED] - delay(2): Delayed 2 second(s)

2019-07-15 14:29:51 - [MESSAGE][PASSED] - Delayed 2 second(s)

2019-07-15 14:29:51 - [TEST_STEP][NOT_RUN] - click(findTestObject("OCS-DESKTOP/Cannabis page/Dried flower - Indica dominant")): NOT_RUN: click(findTestObject("OCS-DESKTOP/Cannabis page/Dried flower - Indica dominant"))

2019-07-15 14:29:51 - [MESSAGE][NOT_RUN] - NOT_RUN: click(findTestObject("OCS-DESKTOP/Cannabis page/Dried flower - Indica dominant"))

2019-07-15 14:29:51 - [TEST_STEP][PASSED] - delay(2): Delayed 2 second(s)

2019-07-15 14:29:53 - [MESSAGE][PASSED] - Delayed 2 second(s)

2019-07-15 14:29:53 - [TEST_STEP][PASSED] - click(findTestObject("OCS-DESKTOP/Collection page/dropdown")): Object: 'Object Repository/OCS-DESKTOP/Collection page/dropdown' is clicked on

2019-07-15 14:29:53 - [MESSAGE][PASSED] - Object: 'Object Repository/OCS-DESKTOP/Collection page/dropdown' is clicked on

2019-07-15 14:29:53 - [TEST_STEP][PASSED] - delay(2): Delayed 2 second(s)

2019-07-15 14:29:55 - [MESSAGE][PASSED] - Delayed 2 second(s)

2019-07-15 14:29:55 - [TEST_STEP][PASSED] - verifyElementPresent(findTestObject("OCS-DESKTOP/Collection page/element inside"), 0): Object 'Object Repository/OCS-DESKTOP/Collection page/element inside' is present

2019-07-15 14:29:55 - [MESSAGE][WARNING] - Timeout '0' is invalid. Using default page load timeout: '30'

2019-07-15 14:29:55 - [MESSAGE][PASSED] - Object 'Object Repository/OCS-DESKTOP/Collection page/element inside' is present

2019-07-15 14:29:55 - [TEST_STEP][PASSED] - delay(2): Delayed 2 second(s)

2019-07-15 14:29:57 - [MESSAGE][PASSED] - Delayed 2 second(s)

2019-07-15 14:29:57 - [TEST_STEP][PASSED] - click(findTestObject("OCS-DESKTOP/Collection page/dropdown")): Object: 'Object Repository/OCS-DESKTOP/Collection page/dropdown' is clicked on

2019-07-15 14:29:57 - [MESSAGE][PASSED] - Object: 'Object Repository/OCS-DESKTOP/Collection page/dropdown' is clicked on]]></system-out>
         <system-err><![CDATA[]]></system-err>
      </testcase>
      <testcase name="Test Cases/OCS - DESKTOP/OCS-COLLECTION PAGE/breadcrumbs" classname="Test Cases/OCS - DESKTOP/OCS-COLLECTION PAGE/breadcrumbs" status="PASSED">
         <system-out><![CDATA[2019-07-15 14:29:57 - [TEST_CASE][PASSED] - Test Cases/OCS - DESKTOP/OCS-COLLECTION PAGE/breadcrumbs: Test Cases/OCS - DESKTOP/OCS-COLLECTION PAGE/breadcrumbs

2019-07-15 14:29:57 - [TEST_STEP][PASSED] - callTestCase(findTestCase("OCS - DESKTOP/CALL- Age gate"), [:], STOP_ON_FAILURE): Call Test Case 'Test Cases/OCS - DESKTOP/CALL- Age gate' successfully

2019-07-15 14:29:57 - [TEST_CASE][PASSED] - Test Cases/OCS - DESKTOP/CALL- Age gate: Test Cases/OCS - DESKTOP/CALL- Age gate

2019-07-15 14:29:58 - [TEST_STEP][PASSED] - openBrowser(""): Browser is opened with url: ''

2019-07-15 14:29:58 - [MESSAGE][WARNING] - A browser is already opened. Closing browser and opening a new one

2019-07-15 14:29:58 - [MESSAGE][INFO] - Starting 'Chrome' driver

2019-07-15 14:29:59 - [MESSAGE][PASSED] - Browser is opened with url: ''

2019-07-15 14:29:59 - [TEST_STEP][PASSED] - navigateToUrl("https://ocs.ca/?fts=0&preview_theme_id=74205529932"): Navigate to 'https://ocs.ca/?fts=0&preview_theme_id=74205529932' successfully

2019-07-15 14:30:03 - [MESSAGE][PASSED] - Navigate to 'https://ocs.ca/?fts=0&preview_theme_id=74205529932' successfully

2019-07-15 14:30:03 - [TEST_STEP][PASSED] - maximizeWindow(): Current window maximized

2019-07-15 14:30:03 - [MESSAGE][PASSED] - Current window maximized

2019-07-15 14:30:03 - [TEST_STEP][PASSED] - delay(2): Delayed 2 second(s)

2019-07-15 14:30:05 - [MESSAGE][PASSED] - Delayed 2 second(s)

2019-07-15 14:30:05 - [TEST_STEP][PASSED] - executeJavaScript("var previewBar = document.getElementById("preview-bar-iframe"); previewBar.style.display = "none";", []): Execute JavaScript 'var previewBar = document.getElementById("preview-bar-iframe"); previewBar.style.display = "none";' successfully

2019-07-15 14:30:05 - [MESSAGE][PASSED] - Execute JavaScript 'var previewBar = document.getElementById("preview-bar-iframe"); previewBar.style.display = "none";' successfully

2019-07-15 14:30:05 - [TEST_STEP][PASSED] - selectOptionByValue(findTestObject("OCS-DESKTOP/Age gate and Mega menu/Date"), "12", true): All options with value '12' are selected in object 'Object Repository/OCS-DESKTOP/Age gate and Mega menu/Date'  using regular expression

2019-07-15 14:30:06 - [MESSAGE][PASSED] - All options with value '12' are selected in object 'Object Repository/OCS-DESKTOP/Age gate and Mega menu/Date'  using regular expression

2019-07-15 14:30:06 - [TEST_STEP][PASSED] - selectOptionByValue(findTestObject("OCS-DESKTOP/Age gate and Mega menu/month"), "6", true): All options with value '6' are selected in object 'Object Repository/OCS-DESKTOP/Age gate and Mega menu/month'  using regular expression

2019-07-15 14:30:06 - [MESSAGE][PASSED] - All options with value '6' are selected in object 'Object Repository/OCS-DESKTOP/Age gate and Mega menu/month'  using regular expression

2019-07-15 14:30:06 - [TEST_STEP][PASSED] - delay(2): Delayed 2 second(s)

2019-07-15 14:30:08 - [MESSAGE][PASSED] - Delayed 2 second(s)

2019-07-15 14:30:08 - [TEST_STEP][PASSED] - selectOptionByValue(findTestObject("OCS-DESKTOP/Age gate and Mega menu/Year Dropdown"), "1990", true): All options with value '1990' are selected in object 'Object Repository/OCS-DESKTOP/Age gate and Mega menu/Year Dropdown'  using regular expression

2019-07-15 14:30:09 - [MESSAGE][PASSED] - All options with value '1990' are selected in object 'Object Repository/OCS-DESKTOP/Age gate and Mega menu/Year Dropdown'  using regular expression

2019-07-15 14:30:09 - [TEST_STEP][PASSED] - click(findTestObject("OCS-DESKTOP/Age gate and Mega menu/button_Verify")): Object: 'Object Repository/OCS-DESKTOP/Age gate and Mega menu/button_Verify' is clicked on

2019-07-15 14:30:09 - [MESSAGE][PASSED] - Object: 'Object Repository/OCS-DESKTOP/Age gate and Mega menu/button_Verify' is clicked on

2019-07-15 14:30:09 - [TEST_STEP][PASSED] - click(findTestObject("OCS-DESKTOP/Age gate and Mega menu/Checkbox_CONFIRM AND ACKNOWLEDGE")): Object: 'Object Repository/OCS-DESKTOP/Age gate and Mega menu/Checkbox_CONFIRM AND ACKNOWLEDGE' is clicked on

2019-07-15 14:30:09 - [MESSAGE][PASSED] - Object: 'Object Repository/OCS-DESKTOP/Age gate and Mega menu/Checkbox_CONFIRM AND ACKNOWLEDGE' is clicked on

2019-07-15 14:30:09 - [TEST_STEP][PASSED] - click(findTestObject("OCS-DESKTOP/Age gate and Mega menu/button_CONFIRM")): Object: 'Object Repository/OCS-DESKTOP/Age gate and Mega menu/button_CONFIRM' is clicked on

2019-07-15 14:30:09 - [MESSAGE][PASSED] - Object: 'Object Repository/OCS-DESKTOP/Age gate and Mega menu/button_CONFIRM' is clicked on

2019-07-15 14:30:09 - [TEST_STEP][PASSED] - click(findTestObject("OCS-DESKTOP/Age gate and Mega menu/button_Start Browsing")): Object: 'Object Repository/OCS-DESKTOP/Age gate and Mega menu/button_Start Browsing' is clicked on

2019-07-15 14:30:10 - [MESSAGE][PASSED] - Object: 'Object Repository/OCS-DESKTOP/Age gate and Mega menu/button_Start Browsing' is clicked on

2019-07-15 14:30:10 - [TEST_STEP][PASSED] - delay(2): Delayed 2 second(s)

2019-07-15 14:30:12 - [MESSAGE][PASSED] - Delayed 2 second(s)

2019-07-15 14:30:12 - [TEST_STEP][PASSED] - refresh(): Refresh successfully

2019-07-15 14:30:12 - [MESSAGE][PASSED] - Refresh successfully

2019-07-15 14:30:12 - [MESSAGE][PASSED] - Call Test Case 'Test Cases/OCS - DESKTOP/CALL- Age gate' successfully

2019-07-15 14:30:12 - [TEST_STEP][PASSED] - click(findTestObject("OCS-DESKTOP/Age gate and Mega menu/Header/CANNABIS menu - English")): Object: 'Object Repository/OCS-DESKTOP/Age gate and Mega menu/Header/CANNABIS menu - English' is clicked on

2019-07-15 14:30:15 - [MESSAGE][PASSED] - Object: 'Object Repository/OCS-DESKTOP/Age gate and Mega menu/Header/CANNABIS menu - English' is clicked on

2019-07-15 14:30:15 - [TEST_STEP][PASSED] - click(findTestObject("OCS-DESKTOP/Cannabis page/Dried flower - Indica dominant")): Object: 'Object Repository/OCS-DESKTOP/Cannabis page/Dried flower - Indica dominant' is clicked on

2019-07-15 14:30:17 - [MESSAGE][PASSED] - Object: 'Object Repository/OCS-DESKTOP/Cannabis page/Dried flower - Indica dominant' is clicked on

2019-07-15 14:30:17 - [TEST_STEP][PASSED] - click(findTestObject("OCS-DESKTOP/breadcrumbs_OR/Page_Dried Flower  Ontario Cannabis/a_Cannabis")): Object: 'Object Repository/OCS-DESKTOP/breadcrumbs_OR/Page_Dried Flower  Ontario Cannabis/a_Cannabis' is clicked on

2019-07-15 14:30:20 - [MESSAGE][PASSED] - Object: 'Object Repository/OCS-DESKTOP/breadcrumbs_OR/Page_Dried Flower  Ontario Cannabis/a_Cannabis' is clicked on

2019-07-15 14:30:20 - [TEST_STEP][PASSED] - executeJavaScript("var previewBar = document.getElementById("preview-bar-iframe"); previewBar.style.display = "none";", []): Execute JavaScript 'var previewBar = document.getElementById("preview-bar-iframe"); previewBar.style.display = "none";' successfully

2019-07-15 14:30:20 - [MESSAGE][PASSED] - Execute JavaScript 'var previewBar = document.getElementById("preview-bar-iframe"); previewBar.style.display = "none";' successfully

2019-07-15 14:30:20 - [TEST_STEP][PASSED] - a = getWindowTitle(): Current window's title is: 'All Cannabis Products | Ontario Cannabis Store'

2019-07-15 14:30:20 - [MESSAGE][PASSED] - Current window's title is: 'All Cannabis Products | Ontario Cannabis Store'

2019-07-15 14:30:20 - [TEST_STEP][PASSED] - comment(a): All Cannabis Products | Ontario Cannabis Store

2019-07-15 14:30:20 - [MESSAGE][INFO] - All Cannabis Products | Ontario Cannabis Store

2019-07-15 14:30:20 - [TEST_STEP][PASSED] - assert getWindowTitle() == a: Current window's title is: 'All Cannabis Products | Ontario Cannabis Store'

2019-07-15 14:30:20 - [MESSAGE][PASSED] - Current window's title is: 'All Cannabis Products | Ontario Cannabis Store'

2019-07-15 14:30:20 - [TEST_STEP][PASSED] - click(findTestObject("OCS-DESKTOP/breadcrumbs_OR/Page_All Cannabis Products  Ontario/a_Home")): Object: 'Object Repository/OCS-DESKTOP/breadcrumbs_OR/Page_All Cannabis Products  Ontario/a_Home' is clicked on

2019-07-15 14:30:24 - [MESSAGE][PASSED] - Object: 'Object Repository/OCS-DESKTOP/breadcrumbs_OR/Page_All Cannabis Products  Ontario/a_Home' is clicked on

2019-07-15 14:30:24 - [TEST_STEP][PASSED] - b = getWindowTitle(): Current window's title is: 'Ontario Cannabis Store | Ontario Cannabis Store'

2019-07-15 14:30:24 - [MESSAGE][PASSED] - Current window's title is: 'Ontario Cannabis Store | Ontario Cannabis Store'

2019-07-15 14:30:24 - [TEST_STEP][PASSED] - comment(b): Ontario Cannabis Store | Ontario Cannabis Store

2019-07-15 14:30:24 - [MESSAGE][INFO] - Ontario Cannabis Store | Ontario Cannabis Store

2019-07-15 14:30:24 - [TEST_STEP][PASSED] - assert getWindowTitle() == b: Current window's title is: 'Ontario Cannabis Store | Ontario Cannabis Store'

2019-07-15 14:30:24 - [MESSAGE][PASSED] - Current window's title is: 'Ontario Cannabis Store | Ontario Cannabis Store']]></system-out>
         <system-err><![CDATA[]]></system-err>
      </testcase>
      <testcase name="Test Cases/OCS - DESKTOP/OCS-COLLECTION PAGE/Pagination" classname="Test Cases/OCS - DESKTOP/OCS-COLLECTION PAGE/Pagination" status="PASSED">
         <system-out><![CDATA[2019-07-15 14:30:24 - [TEST_CASE][PASSED] - Test Cases/OCS - DESKTOP/OCS-COLLECTION PAGE/Pagination: Test Cases/OCS - DESKTOP/OCS-COLLECTION PAGE/Pagination

2019-07-15 14:30:25 - [TEST_STEP][PASSED] - callTestCase(findTestCase("OCS - DESKTOP/CALL- Age gate"), [:], STOP_ON_FAILURE): Call Test Case 'Test Cases/OCS - DESKTOP/CALL- Age gate' successfully

2019-07-15 14:30:25 - [TEST_CASE][PASSED] - Test Cases/OCS - DESKTOP/CALL- Age gate: Test Cases/OCS - DESKTOP/CALL- Age gate

2019-07-15 14:30:25 - [TEST_STEP][PASSED] - openBrowser(""): Browser is opened with url: ''

2019-07-15 14:30:25 - [MESSAGE][WARNING] - A browser is already opened. Closing browser and opening a new one

2019-07-15 14:30:25 - [MESSAGE][INFO] - Starting 'Chrome' driver

2019-07-15 14:30:26 - [MESSAGE][PASSED] - Browser is opened with url: ''

2019-07-15 14:30:26 - [TEST_STEP][PASSED] - navigateToUrl("https://ocs.ca/?fts=0&preview_theme_id=74205529932"): Navigate to 'https://ocs.ca/?fts=0&preview_theme_id=74205529932' successfully

2019-07-15 14:30:32 - [MESSAGE][PASSED] - Navigate to 'https://ocs.ca/?fts=0&preview_theme_id=74205529932' successfully

2019-07-15 14:30:32 - [TEST_STEP][PASSED] - maximizeWindow(): Current window maximized

2019-07-15 14:30:32 - [MESSAGE][PASSED] - Current window maximized

2019-07-15 14:30:32 - [TEST_STEP][PASSED] - delay(2): Delayed 2 second(s)

2019-07-15 14:30:34 - [MESSAGE][PASSED] - Delayed 2 second(s)

2019-07-15 14:30:34 - [TEST_STEP][PASSED] - executeJavaScript("var previewBar = document.getElementById("preview-bar-iframe"); previewBar.style.display = "none";", []): Execute JavaScript 'var previewBar = document.getElementById("preview-bar-iframe"); previewBar.style.display = "none";' successfully

2019-07-15 14:30:34 - [MESSAGE][PASSED] - Execute JavaScript 'var previewBar = document.getElementById("preview-bar-iframe"); previewBar.style.display = "none";' successfully

2019-07-15 14:30:34 - [TEST_STEP][PASSED] - selectOptionByValue(findTestObject("OCS-DESKTOP/Age gate and Mega menu/Date"), "12", true): All options with value '12' are selected in object 'Object Repository/OCS-DESKTOP/Age gate and Mega menu/Date'  using regular expression

2019-07-15 14:30:35 - [MESSAGE][PASSED] - All options with value '12' are selected in object 'Object Repository/OCS-DESKTOP/Age gate and Mega menu/Date'  using regular expression

2019-07-15 14:30:35 - [TEST_STEP][PASSED] - selectOptionByValue(findTestObject("OCS-DESKTOP/Age gate and Mega menu/month"), "6", true): All options with value '6' are selected in object 'Object Repository/OCS-DESKTOP/Age gate and Mega menu/month'  using regular expression

2019-07-15 14:30:35 - [MESSAGE][PASSED] - All options with value '6' are selected in object 'Object Repository/OCS-DESKTOP/Age gate and Mega menu/month'  using regular expression

2019-07-15 14:30:35 - [TEST_STEP][PASSED] - delay(2): Delayed 2 second(s)

2019-07-15 14:30:37 - [MESSAGE][PASSED] - Delayed 2 second(s)

2019-07-15 14:30:37 - [TEST_STEP][PASSED] - selectOptionByValue(findTestObject("OCS-DESKTOP/Age gate and Mega menu/Year Dropdown"), "1990", true): All options with value '1990' are selected in object 'Object Repository/OCS-DESKTOP/Age gate and Mega menu/Year Dropdown'  using regular expression

2019-07-15 14:30:38 - [MESSAGE][PASSED] - All options with value '1990' are selected in object 'Object Repository/OCS-DESKTOP/Age gate and Mega menu/Year Dropdown'  using regular expression

2019-07-15 14:30:38 - [TEST_STEP][PASSED] - click(findTestObject("OCS-DESKTOP/Age gate and Mega menu/button_Verify")): Object: 'Object Repository/OCS-DESKTOP/Age gate and Mega menu/button_Verify' is clicked on

2019-07-15 14:30:38 - [MESSAGE][PASSED] - Object: 'Object Repository/OCS-DESKTOP/Age gate and Mega menu/button_Verify' is clicked on

2019-07-15 14:30:38 - [TEST_STEP][PASSED] - click(findTestObject("OCS-DESKTOP/Age gate and Mega menu/Checkbox_CONFIRM AND ACKNOWLEDGE")): Object: 'Object Repository/OCS-DESKTOP/Age gate and Mega menu/Checkbox_CONFIRM AND ACKNOWLEDGE' is clicked on

2019-07-15 14:30:38 - [MESSAGE][PASSED] - Object: 'Object Repository/OCS-DESKTOP/Age gate and Mega menu/Checkbox_CONFIRM AND ACKNOWLEDGE' is clicked on

2019-07-15 14:30:38 - [TEST_STEP][PASSED] - click(findTestObject("OCS-DESKTOP/Age gate and Mega menu/button_CONFIRM")): Object: 'Object Repository/OCS-DESKTOP/Age gate and Mega menu/button_CONFIRM' is clicked on

2019-07-15 14:30:38 - [MESSAGE][PASSED] - Object: 'Object Repository/OCS-DESKTOP/Age gate and Mega menu/button_CONFIRM' is clicked on

2019-07-15 14:30:38 - [TEST_STEP][PASSED] - click(findTestObject("OCS-DESKTOP/Age gate and Mega menu/button_Start Browsing")): Object: 'Object Repository/OCS-DESKTOP/Age gate and Mega menu/button_Start Browsing' is clicked on

2019-07-15 14:30:38 - [MESSAGE][PASSED] - Object: 'Object Repository/OCS-DESKTOP/Age gate and Mega menu/button_Start Browsing' is clicked on

2019-07-15 14:30:38 - [TEST_STEP][PASSED] - delay(2): Delayed 2 second(s)

2019-07-15 14:30:40 - [MESSAGE][PASSED] - Delayed 2 second(s)

2019-07-15 14:30:40 - [TEST_STEP][PASSED] - refresh(): Refresh successfully

2019-07-15 14:30:40 - [MESSAGE][PASSED] - Refresh successfully

2019-07-15 14:30:40 - [MESSAGE][PASSED] - Call Test Case 'Test Cases/OCS - DESKTOP/CALL- Age gate' successfully

2019-07-15 14:30:40 - [TEST_STEP][PASSED] - click(findTestObject("OCS-DESKTOP/Age gate and Mega menu/Header/CANNABIS menu - English")): Object: 'Object Repository/OCS-DESKTOP/Age gate and Mega menu/Header/CANNABIS menu - English' is clicked on

2019-07-15 14:30:44 - [MESSAGE][PASSED] - Object: 'Object Repository/OCS-DESKTOP/Age gate and Mega menu/Header/CANNABIS menu - English' is clicked on

2019-07-15 14:30:44 - [TEST_STEP][PASSED] - delay(2): Delayed 2 second(s)

2019-07-15 14:30:46 - [MESSAGE][PASSED] - Delayed 2 second(s)

2019-07-15 14:30:46 - [TEST_STEP][PASSED] - click(findTestObject("OCS-DESKTOP/Cannabis page/Prerolled - Indica dominant")): Object: 'Object Repository/OCS-DESKTOP/Cannabis page/Prerolled - Indica dominant' is clicked on

2019-07-15 14:30:49 - [MESSAGE][PASSED] - Object: 'Object Repository/OCS-DESKTOP/Cannabis page/Prerolled - Indica dominant' is clicked on

2019-07-15 14:30:49 - [TEST_STEP][PASSED] - executeJavaScript("var previewBar = document.getElementById("preview-bar-iframe"); previewBar.style.display = "none";", []): Execute JavaScript 'var previewBar = document.getElementById("preview-bar-iframe"); previewBar.style.display = "none";' successfully

2019-07-15 14:30:49 - [MESSAGE][PASSED] - Execute JavaScript 'var previewBar = document.getElementById("preview-bar-iframe"); previewBar.style.display = "none";' successfully

2019-07-15 14:30:49 - [TEST_STEP][PASSED] - delay(2): Delayed 2 second(s)

2019-07-15 14:30:51 - [MESSAGE][PASSED] - Delayed 2 second(s)

2019-07-15 14:30:51 - [TEST_STEP][PASSED] - click(findTestObject("OCS-DESKTOP/Pagination_OR/Page_Pre-Rolled  Ontario Cannabis S/a_2")): Object: 'Object Repository/OCS-DESKTOP/Pagination_OR/Page_Pre-Rolled  Ontario Cannabis S/a_2' is clicked on

2019-07-15 14:30:51 - [MESSAGE][PASSED] - Object: 'Object Repository/OCS-DESKTOP/Pagination_OR/Page_Pre-Rolled  Ontario Cannabis S/a_2' is clicked on

2019-07-15 14:30:51 - [TEST_STEP][NOT_RUN] - delay(2): NOT_RUN: delay(2)

2019-07-15 14:30:51 - [MESSAGE][NOT_RUN] - NOT_RUN: delay(2)

2019-07-15 14:30:51 - [TEST_STEP][NOT_RUN] - scrollToPosition(570, 49): NOT_RUN: scrollToPosition(570, 49)

2019-07-15 14:30:51 - [MESSAGE][NOT_RUN] - NOT_RUN: scrollToPosition(570, 49)

2019-07-15 14:30:51 - [TEST_STEP][NOT_RUN] - click(findTestObject("COLLECTION PAGE _OR/Pagination_OR/Page_Pre-Rolled  Ontario Cannabis S/a_3"), STOP_ON_FAILURE): NOT_RUN: click(findTestObject("COLLECTION PAGE _OR/Pagination_OR/Page_Pre-Rolled  Ontario Cannabis S/a_3"), STOP_ON_FAILURE)

2019-07-15 14:30:51 - [MESSAGE][NOT_RUN] - NOT_RUN: click(findTestObject("COLLECTION PAGE _OR/Pagination_OR/Page_Pre-Rolled  Ontario Cannabis S/a_3"), STOP_ON_FAILURE)

2019-07-15 14:30:51 - [TEST_STEP][PASSED] - delay(2): Delayed 2 second(s)

2019-07-15 14:30:53 - [MESSAGE][PASSED] - Delayed 2 second(s)

2019-07-15 14:30:53 - [TEST_STEP][PASSED] - scrollToPosition(570, 49): Browser is scrolled to position x = 570, y = 49

2019-07-15 14:30:53 - [MESSAGE][PASSED] - Browser is scrolled to position x = 570, y = 49

2019-07-15 14:30:53 - [TEST_STEP][PASSED] - delay(2): Delayed 2 second(s)

2019-07-15 14:30:55 - [MESSAGE][PASSED] - Delayed 2 second(s)

2019-07-15 14:30:55 - [TEST_STEP][PASSED] - click(findTestObject("OCS-DESKTOP/Pagination_OR/Page_Pre-Rolled  Ontario Cannabis S/a_Previous")): Object: 'Object Repository/OCS-DESKTOP/Pagination_OR/Page_Pre-Rolled  Ontario Cannabis S/a_Previous' is clicked on

2019-07-15 14:30:55 - [MESSAGE][PASSED] - Object: 'Object Repository/OCS-DESKTOP/Pagination_OR/Page_Pre-Rolled  Ontario Cannabis S/a_Previous' is clicked on

2019-07-15 14:30:55 - [TEST_STEP][PASSED] - delay(2): Delayed 2 second(s)

2019-07-15 14:30:57 - [MESSAGE][PASSED] - Delayed 2 second(s)

2019-07-15 14:30:57 - [TEST_STEP][PASSED] - scrollToPosition(570, 49): Browser is scrolled to position x = 570, y = 49

2019-07-15 14:30:57 - [MESSAGE][PASSED] - Browser is scrolled to position x = 570, y = 49

2019-07-15 14:30:57 - [TEST_STEP][PASSED] - click(findTestObject("OCS-DESKTOP/Pagination_OR/Page_Pre-Rolled  Ontario Cannabis S/a_Next")): Object: 'Object Repository/OCS-DESKTOP/Pagination_OR/Page_Pre-Rolled  Ontario Cannabis S/a_Next' is clicked on

2019-07-15 14:30:57 - [MESSAGE][PASSED] - Object: 'Object Repository/OCS-DESKTOP/Pagination_OR/Page_Pre-Rolled  Ontario Cannabis S/a_Next' is clicked on

2019-07-15 14:30:57 - [TEST_STEP][PASSED] - delay(2): Delayed 2 second(s)

2019-07-15 14:30:59 - [MESSAGE][PASSED] - Delayed 2 second(s)

2019-07-15 14:30:59 - [TEST_STEP][PASSED] - executeJavaScript("var previewBar = document.getElementById("preview-bar-iframe"); previewBar.style.display = "none";", []): Execute JavaScript 'var previewBar = document.getElementById("preview-bar-iframe"); previewBar.style.display = "none";' successfully

2019-07-15 14:30:59 - [MESSAGE][PASSED] - Execute JavaScript 'var previewBar = document.getElementById("preview-bar-iframe"); previewBar.style.display = "none";' successfully

2019-07-15 14:30:59 - [TEST_STEP][PASSED] - click(findTestObject("OCS-DESKTOP/Pagination_OR/Page_Pre-Rolled  Ontario Cannabis S/a_What to consider")): Object: 'Object Repository/OCS-DESKTOP/Pagination_OR/Page_Pre-Rolled  Ontario Cannabis S/a_What to consider' is clicked on

2019-07-15 14:31:02 - [MESSAGE][PASSED] - Object: 'Object Repository/OCS-DESKTOP/Pagination_OR/Page_Pre-Rolled  Ontario Cannabis S/a_What to consider' is clicked on

2019-07-15 14:31:02 - [TEST_STEP][PASSED] - back(): Navigate back successfully

2019-07-15 14:31:04 - [MESSAGE][PASSED] - Navigate back successfully

2019-07-15 14:31:04 - [TEST_STEP][PASSED] - executeJavaScript("var previewBar = document.getElementById("preview-bar-iframe"); previewBar.style.display = "none";", []): Execute JavaScript 'var previewBar = document.getElementById("preview-bar-iframe"); previewBar.style.display = "none";' successfully

2019-07-15 14:31:04 - [MESSAGE][PASSED] - Execute JavaScript 'var previewBar = document.getElementById("preview-bar-iframe"); previewBar.style.display = "none";' successfully

2019-07-15 14:31:04 - [TEST_STEP][PASSED] - delay(4): Delayed 4 second(s)

2019-07-15 14:31:08 - [MESSAGE][PASSED] - Delayed 4 second(s)

2019-07-15 14:31:08 - [TEST_STEP][NOT_RUN] - click(findTestObject("OCS-DESKTOP/Pagination_OR/Page_Pre-Rolled  Ontario Cannabis S/a_Previous")): NOT_RUN: click(findTestObject("OCS-DESKTOP/Pagination_OR/Page_Pre-Rolled  Ontario Cannabis S/a_Previous"))

2019-07-15 14:31:08 - [MESSAGE][NOT_RUN] - NOT_RUN: click(findTestObject("OCS-DESKTOP/Pagination_OR/Page_Pre-Rolled  Ontario Cannabis S/a_Previous"))

2019-07-15 14:31:08 - [TEST_STEP][PASSED] - delay(2): Delayed 2 second(s)

2019-07-15 14:31:10 - [MESSAGE][PASSED] - Delayed 2 second(s)

2019-07-15 14:31:10 - [TEST_STEP][PASSED] - delay(2): Delayed 2 second(s)

2019-07-15 14:31:12 - [MESSAGE][PASSED] - Delayed 2 second(s)

2019-07-15 14:31:12 - [TEST_STEP][PASSED] - click(findTestObject("OCS-DESKTOP/Pagination_OR/Page_Pre-Rolled  Ontario Cannabis S/a_Next - down")): Object: 'Object Repository/OCS-DESKTOP/Pagination_OR/Page_Pre-Rolled  Ontario Cannabis S/a_Next - down' is clicked on

2019-07-15 14:31:12 - [MESSAGE][PASSED] - Object: 'Object Repository/OCS-DESKTOP/Pagination_OR/Page_Pre-Rolled  Ontario Cannabis S/a_Next - down' is clicked on

2019-07-15 14:31:12 - [TEST_STEP][PASSED] - delay(2): Delayed 2 second(s)

2019-07-15 14:31:14 - [MESSAGE][PASSED] - Delayed 2 second(s)

2019-07-15 14:31:14 - [TEST_STEP][PASSED] - click(findTestObject("OCS-DESKTOP/Pagination_OR/Page_Pre-Rolled  Ontario Cannabis S/a_2 - down")): Object: 'Object Repository/OCS-DESKTOP/Pagination_OR/Page_Pre-Rolled  Ontario Cannabis S/a_2 - down' is clicked on

2019-07-15 14:31:14 - [MESSAGE][PASSED] - Object: 'Object Repository/OCS-DESKTOP/Pagination_OR/Page_Pre-Rolled  Ontario Cannabis S/a_2 - down' is clicked on

2019-07-15 14:31:14 - [TEST_STEP][PASSED] - delay(2): Delayed 2 second(s)

2019-07-15 14:31:16 - [MESSAGE][PASSED] - Delayed 2 second(s)

2019-07-15 14:31:16 - [TEST_STEP][NOT_RUN] - click(findTestObject("OCS-DESKTOP/Pagination_OR/Page_Pre-Rolled  Ontario Cannabis S/a_4")): NOT_RUN: click(findTestObject("OCS-DESKTOP/Pagination_OR/Page_Pre-Rolled  Ontario Cannabis S/a_4"))

2019-07-15 14:31:16 - [MESSAGE][NOT_RUN] - NOT_RUN: click(findTestObject("OCS-DESKTOP/Pagination_OR/Page_Pre-Rolled  Ontario Cannabis S/a_4"))

2019-07-15 14:31:16 - [TEST_STEP][PASSED] - delay(2): Delayed 2 second(s)

2019-07-15 14:31:18 - [MESSAGE][PASSED] - Delayed 2 second(s)

2019-07-15 14:31:18 - [TEST_STEP][NOT_RUN] - click(findTestObject("COLLECTION PAGE _OR/Pagination_OR/pagination_OR/Page_Pre-Rolled  Ontario Cannabis S/a_Previous")): NOT_RUN: click(findTestObject("COLLECTION PAGE _OR/Pagination_OR/pagination_OR/Page_Pre-Rolled  Ontario Cannabis S/a_Previous"))

2019-07-15 14:31:18 - [MESSAGE][NOT_RUN] - NOT_RUN: click(findTestObject("COLLECTION PAGE _OR/Pagination_OR/pagination_OR/Page_Pre-Rolled  Ontario Cannabis S/a_Previous"))

2019-07-15 14:31:18 - [TEST_STEP][NOT_RUN] - scrollToPosition(570, 40): NOT_RUN: scrollToPosition(570, 40)

2019-07-15 14:31:18 - [MESSAGE][NOT_RUN] - NOT_RUN: scrollToPosition(570, 40)

2019-07-15 14:31:18 - [TEST_STEP][NOT_RUN] - delay(2): NOT_RUN: delay(2)

2019-07-15 14:31:18 - [MESSAGE][NOT_RUN] - NOT_RUN: delay(2)

2019-07-15 14:31:18 - [TEST_STEP][NOT_RUN] - scrollToPosition(570, 40): NOT_RUN: scrollToPosition(570, 40)

2019-07-15 14:31:18 - [MESSAGE][NOT_RUN] - NOT_RUN: scrollToPosition(570, 40)

2019-07-15 14:31:18 - [TEST_STEP][NOT_RUN] - delay(2): NOT_RUN: delay(2)

2019-07-15 14:31:18 - [MESSAGE][NOT_RUN] - NOT_RUN: delay(2)

2019-07-15 14:31:18 - [TEST_STEP][NOT_RUN] - click(findTestObject("COLLECTION PAGE _OR/Pagination_OR/pagination_OR/Page_Pre-Rolled  Ontario Cannabis S/a_Next")): NOT_RUN: click(findTestObject("COLLECTION PAGE _OR/Pagination_OR/pagination_OR/Page_Pre-Rolled  Ontario Cannabis S/a_Next"))

2019-07-15 14:31:18 - [MESSAGE][NOT_RUN] - NOT_RUN: click(findTestObject("COLLECTION PAGE _OR/Pagination_OR/pagination_OR/Page_Pre-Rolled  Ontario Cannabis S/a_Next"))]]></system-out>
         <system-err><![CDATA[]]></system-err>
      </testcase>
      <testcase name="Test Cases/OCS - DESKTOP/OCS-COLLECTION PAGE/What to consider" classname="Test Cases/OCS - DESKTOP/OCS-COLLECTION PAGE/What to consider" status="PASSED">
         <system-out><![CDATA[2019-07-15 14:31:18 - [TEST_CASE][PASSED] - Test Cases/OCS - DESKTOP/OCS-COLLECTION PAGE/What to consider: Test Cases/OCS - DESKTOP/OCS-COLLECTION PAGE/What to consider

2019-07-15 14:31:19 - [TEST_STEP][PASSED] - callTestCase(findTestCase("OCS - DESKTOP/CALL- Age gate"), [:], STOP_ON_FAILURE): Call Test Case 'Test Cases/OCS - DESKTOP/CALL- Age gate' successfully

2019-07-15 14:31:19 - [TEST_CASE][PASSED] - Test Cases/OCS - DESKTOP/CALL- Age gate: Test Cases/OCS - DESKTOP/CALL- Age gate

2019-07-15 14:31:19 - [TEST_STEP][PASSED] - openBrowser(""): Browser is opened with url: ''

2019-07-15 14:31:19 - [MESSAGE][WARNING] - A browser is already opened. Closing browser and opening a new one

2019-07-15 14:31:19 - [MESSAGE][INFO] - Starting 'Chrome' driver

2019-07-15 14:31:20 - [MESSAGE][PASSED] - Browser is opened with url: ''

2019-07-15 14:31:20 - [TEST_STEP][PASSED] - navigateToUrl("https://ocs.ca/?fts=0&preview_theme_id=74205529932"): Navigate to 'https://ocs.ca/?fts=0&preview_theme_id=74205529932' successfully

2019-07-15 14:31:25 - [MESSAGE][PASSED] - Navigate to 'https://ocs.ca/?fts=0&preview_theme_id=74205529932' successfully

2019-07-15 14:31:25 - [TEST_STEP][PASSED] - maximizeWindow(): Current window maximized

2019-07-15 14:31:25 - [MESSAGE][PASSED] - Current window maximized

2019-07-15 14:31:25 - [TEST_STEP][PASSED] - delay(2): Delayed 2 second(s)

2019-07-15 14:31:27 - [MESSAGE][PASSED] - Delayed 2 second(s)

2019-07-15 14:31:27 - [TEST_STEP][PASSED] - executeJavaScript("var previewBar = document.getElementById("preview-bar-iframe"); previewBar.style.display = "none";", []): Execute JavaScript 'var previewBar = document.getElementById("preview-bar-iframe"); previewBar.style.display = "none";' successfully

2019-07-15 14:31:27 - [MESSAGE][PASSED] - Execute JavaScript 'var previewBar = document.getElementById("preview-bar-iframe"); previewBar.style.display = "none";' successfully

2019-07-15 14:31:27 - [TEST_STEP][PASSED] - selectOptionByValue(findTestObject("OCS-DESKTOP/Age gate and Mega menu/Date"), "12", true): All options with value '12' are selected in object 'Object Repository/OCS-DESKTOP/Age gate and Mega menu/Date'  using regular expression

2019-07-15 14:31:27 - [MESSAGE][PASSED] - All options with value '12' are selected in object 'Object Repository/OCS-DESKTOP/Age gate and Mega menu/Date'  using regular expression

2019-07-15 14:31:27 - [TEST_STEP][PASSED] - selectOptionByValue(findTestObject("OCS-DESKTOP/Age gate and Mega menu/month"), "6", true): All options with value '6' are selected in object 'Object Repository/OCS-DESKTOP/Age gate and Mega menu/month'  using regular expression

2019-07-15 14:31:27 - [MESSAGE][PASSED] - All options with value '6' are selected in object 'Object Repository/OCS-DESKTOP/Age gate and Mega menu/month'  using regular expression

2019-07-15 14:31:27 - [TEST_STEP][PASSED] - delay(2): Delayed 2 second(s)

2019-07-15 14:31:29 - [MESSAGE][PASSED] - Delayed 2 second(s)

2019-07-15 14:31:29 - [TEST_STEP][PASSED] - selectOptionByValue(findTestObject("OCS-DESKTOP/Age gate and Mega menu/Year Dropdown"), "1990", true): All options with value '1990' are selected in object 'Object Repository/OCS-DESKTOP/Age gate and Mega menu/Year Dropdown'  using regular expression

2019-07-15 14:31:30 - [MESSAGE][PASSED] - All options with value '1990' are selected in object 'Object Repository/OCS-DESKTOP/Age gate and Mega menu/Year Dropdown'  using regular expression

2019-07-15 14:31:30 - [TEST_STEP][PASSED] - click(findTestObject("OCS-DESKTOP/Age gate and Mega menu/button_Verify")): Object: 'Object Repository/OCS-DESKTOP/Age gate and Mega menu/button_Verify' is clicked on

2019-07-15 14:31:31 - [MESSAGE][PASSED] - Object: 'Object Repository/OCS-DESKTOP/Age gate and Mega menu/button_Verify' is clicked on

2019-07-15 14:31:31 - [TEST_STEP][PASSED] - click(findTestObject("OCS-DESKTOP/Age gate and Mega menu/Checkbox_CONFIRM AND ACKNOWLEDGE")): Object: 'Object Repository/OCS-DESKTOP/Age gate and Mega menu/Checkbox_CONFIRM AND ACKNOWLEDGE' is clicked on

2019-07-15 14:31:31 - [MESSAGE][PASSED] - Object: 'Object Repository/OCS-DESKTOP/Age gate and Mega menu/Checkbox_CONFIRM AND ACKNOWLEDGE' is clicked on

2019-07-15 14:31:31 - [TEST_STEP][PASSED] - click(findTestObject("OCS-DESKTOP/Age gate and Mega menu/button_CONFIRM")): Object: 'Object Repository/OCS-DESKTOP/Age gate and Mega menu/button_CONFIRM' is clicked on

2019-07-15 14:31:31 - [MESSAGE][PASSED] - Object: 'Object Repository/OCS-DESKTOP/Age gate and Mega menu/button_CONFIRM' is clicked on

2019-07-15 14:31:31 - [TEST_STEP][PASSED] - click(findTestObject("OCS-DESKTOP/Age gate and Mega menu/button_Start Browsing")): Object: 'Object Repository/OCS-DESKTOP/Age gate and Mega menu/button_Start Browsing' is clicked on

2019-07-15 14:31:31 - [MESSAGE][PASSED] - Object: 'Object Repository/OCS-DESKTOP/Age gate and Mega menu/button_Start Browsing' is clicked on

2019-07-15 14:31:31 - [TEST_STEP][PASSED] - delay(2): Delayed 2 second(s)

2019-07-15 14:31:33 - [MESSAGE][PASSED] - Delayed 2 second(s)

2019-07-15 14:31:33 - [TEST_STEP][PASSED] - refresh(): Refresh successfully

2019-07-15 14:31:33 - [MESSAGE][PASSED] - Refresh successfully

2019-07-15 14:31:33 - [MESSAGE][PASSED] - Call Test Case 'Test Cases/OCS - DESKTOP/CALL- Age gate' successfully

2019-07-15 14:31:33 - [TEST_STEP][PASSED] - delay(2): Delayed 2 second(s)

2019-07-15 14:31:35 - [MESSAGE][PASSED] - Delayed 2 second(s)

2019-07-15 14:31:35 - [TEST_STEP][NOT_RUN] - click(findTestObject("OCS-MOBILE /Age gate and burger menu/Burger menu - English")): NOT_RUN: click(findTestObject("OCS-MOBILE /Age gate and burger menu/Burger menu - English"))

2019-07-15 14:31:35 - [MESSAGE][NOT_RUN] - NOT_RUN: click(findTestObject("OCS-MOBILE /Age gate and burger menu/Burger menu - English"))

2019-07-15 14:31:35 - [TEST_STEP][PASSED] - delay(2): Delayed 2 second(s)

2019-07-15 14:31:37 - [MESSAGE][PASSED] - Delayed 2 second(s)

2019-07-15 14:31:37 - [TEST_STEP][PASSED] - click(findTestObject("OCS-DESKTOP/Age gate and Mega menu/Chevron_Cannabis")): Object: 'Object Repository/OCS-DESKTOP/Age gate and Mega menu/Chevron_Cannabis' is clicked on

2019-07-15 14:31:37 - [MESSAGE][PASSED] - Object: 'Object Repository/OCS-DESKTOP/Age gate and Mega menu/Chevron_Cannabis' is clicked on

2019-07-15 14:31:37 - [TEST_STEP][PASSED] - delay(2): Delayed 2 second(s)

2019-07-15 14:31:39 - [MESSAGE][PASSED] - Delayed 2 second(s)

2019-07-15 14:31:39 - [TEST_STEP][PASSED] - click(findTestObject("OCS-DESKTOP/Cannabis page/Dried flower")): Object: 'Object Repository/OCS-DESKTOP/Cannabis page/Dried flower' is clicked on

2019-07-15 14:31:42 - [MESSAGE][PASSED] - Object: 'Object Repository/OCS-DESKTOP/Cannabis page/Dried flower' is clicked on

2019-07-15 14:31:42 - [TEST_STEP][PASSED] - delay(2): Delayed 2 second(s)

2019-07-15 14:31:44 - [MESSAGE][PASSED] - Delayed 2 second(s)

2019-07-15 14:31:44 - [TEST_STEP][NOT_RUN] - click(findTestObject("OCS-DESKTOP/Cannabis page/Dried flower - Indica dominant")): NOT_RUN: click(findTestObject("OCS-DESKTOP/Cannabis page/Dried flower - Indica dominant"))

2019-07-15 14:31:44 - [MESSAGE][NOT_RUN] - NOT_RUN: click(findTestObject("OCS-DESKTOP/Cannabis page/Dried flower - Indica dominant"))

2019-07-15 14:31:44 - [TEST_STEP][PASSED] - executeJavaScript("var previewBar = document.getElementById("preview-bar-iframe"); previewBar.style.display = "none";", []): Execute JavaScript 'var previewBar = document.getElementById("preview-bar-iframe"); previewBar.style.display = "none";' successfully

2019-07-15 14:31:44 - [MESSAGE][PASSED] - Execute JavaScript 'var previewBar = document.getElementById("preview-bar-iframe"); previewBar.style.display = "none";' successfully

2019-07-15 14:31:44 - [TEST_STEP][PASSED] - delay(2): Delayed 2 second(s)

2019-07-15 14:31:46 - [MESSAGE][PASSED] - Delayed 2 second(s)

2019-07-15 14:31:46 - [TEST_STEP][NOT_RUN] - click(findTestObject("OCS-DESKTOP/Collection page/loadmore")): NOT_RUN: click(findTestObject("OCS-DESKTOP/Collection page/loadmore"))

2019-07-15 14:31:46 - [MESSAGE][NOT_RUN] - NOT_RUN: click(findTestObject("OCS-DESKTOP/Collection page/loadmore"))

2019-07-15 14:31:46 - [TEST_STEP][PASSED] - delay(2): Delayed 2 second(s)

2019-07-15 14:31:48 - [MESSAGE][PASSED] - Delayed 2 second(s)

2019-07-15 14:31:48 - [TEST_STEP][PASSED] - click(findTestObject("OCS-DESKTOP/Collection page/What to consider")): Object: 'Object Repository/OCS-DESKTOP/Collection page/What to consider' is clicked on

2019-07-15 14:31:51 - [MESSAGE][PASSED] - Object: 'Object Repository/OCS-DESKTOP/Collection page/What to consider' is clicked on

2019-07-15 14:31:51 - [TEST_STEP][PASSED] - delay(2): Delayed 2 second(s)

2019-07-15 14:31:53 - [MESSAGE][PASSED] - Delayed 2 second(s)

2019-07-15 14:31:53 - [TEST_STEP][PASSED] - verifyTextPresent("Six things to know before deciding to consume cannabis.", false): Text 'Six things to know before deciding to consume cannabis.' is present on page 

2019-07-15 14:31:53 - [MESSAGE][PASSED] - Text 'Six things to know before deciding to consume cannabis.' is present on page]]></system-out>
         <system-err><![CDATA[]]></system-err>
      </testcase>
      <testcase name="Test Cases/OCS - DESKTOP/OCS-COLLECTION PAGE/Filter" classname="Test Cases/OCS - DESKTOP/OCS-COLLECTION PAGE/Filter" status="PASSED">
         <system-out><![CDATA[2019-07-15 14:31:53 - [TEST_CASE][PASSED] - Test Cases/OCS - DESKTOP/OCS-COLLECTION PAGE/Filter: Test Cases/OCS - DESKTOP/OCS-COLLECTION PAGE/Filter

2019-07-15 14:31:53 - [TEST_STEP][PASSED] - callTestCase(findTestCase("OCS - DESKTOP/CALL- Age gate"), [:], STOP_ON_FAILURE): Call Test Case 'Test Cases/OCS - DESKTOP/CALL- Age gate' successfully

2019-07-15 14:31:53 - [TEST_CASE][PASSED] - Test Cases/OCS - DESKTOP/CALL- Age gate: Test Cases/OCS - DESKTOP/CALL- Age gate

2019-07-15 14:31:53 - [TEST_STEP][PASSED] - openBrowser(""): Browser is opened with url: ''

2019-07-15 14:31:53 - [MESSAGE][WARNING] - A browser is already opened. Closing browser and opening a new one

2019-07-15 14:31:54 - [MESSAGE][INFO] - Starting 'Chrome' driver

2019-07-15 14:31:55 - [MESSAGE][PASSED] - Browser is opened with url: ''

2019-07-15 14:31:55 - [TEST_STEP][PASSED] - navigateToUrl("https://ocs.ca/?fts=0&preview_theme_id=74205529932"): Navigate to 'https://ocs.ca/?fts=0&preview_theme_id=74205529932' successfully

2019-07-15 14:31:59 - [MESSAGE][PASSED] - Navigate to 'https://ocs.ca/?fts=0&preview_theme_id=74205529932' successfully

2019-07-15 14:31:59 - [TEST_STEP][PASSED] - maximizeWindow(): Current window maximized

2019-07-15 14:32:00 - [MESSAGE][PASSED] - Current window maximized

2019-07-15 14:32:00 - [TEST_STEP][PASSED] - delay(2): Delayed 2 second(s)

2019-07-15 14:32:02 - [MESSAGE][PASSED] - Delayed 2 second(s)

2019-07-15 14:32:02 - [TEST_STEP][PASSED] - executeJavaScript("var previewBar = document.getElementById("preview-bar-iframe"); previewBar.style.display = "none";", []): Execute JavaScript 'var previewBar = document.getElementById("preview-bar-iframe"); previewBar.style.display = "none";' successfully

2019-07-15 14:32:02 - [MESSAGE][PASSED] - Execute JavaScript 'var previewBar = document.getElementById("preview-bar-iframe"); previewBar.style.display = "none";' successfully

2019-07-15 14:32:02 - [TEST_STEP][PASSED] - selectOptionByValue(findTestObject("OCS-DESKTOP/Age gate and Mega menu/Date"), "12", true): All options with value '12' are selected in object 'Object Repository/OCS-DESKTOP/Age gate and Mega menu/Date'  using regular expression

2019-07-15 14:32:02 - [MESSAGE][PASSED] - All options with value '12' are selected in object 'Object Repository/OCS-DESKTOP/Age gate and Mega menu/Date'  using regular expression

2019-07-15 14:32:02 - [TEST_STEP][PASSED] - selectOptionByValue(findTestObject("OCS-DESKTOP/Age gate and Mega menu/month"), "6", true): All options with value '6' are selected in object 'Object Repository/OCS-DESKTOP/Age gate and Mega menu/month'  using regular expression

2019-07-15 14:32:02 - [MESSAGE][PASSED] - All options with value '6' are selected in object 'Object Repository/OCS-DESKTOP/Age gate and Mega menu/month'  using regular expression

2019-07-15 14:32:02 - [TEST_STEP][PASSED] - delay(2): Delayed 2 second(s)

2019-07-15 14:32:04 - [MESSAGE][PASSED] - Delayed 2 second(s)

2019-07-15 14:32:04 - [TEST_STEP][PASSED] - selectOptionByValue(findTestObject("OCS-DESKTOP/Age gate and Mega menu/Year Dropdown"), "1990", true): All options with value '1990' are selected in object 'Object Repository/OCS-DESKTOP/Age gate and Mega menu/Year Dropdown'  using regular expression

2019-07-15 14:32:05 - [MESSAGE][PASSED] - All options with value '1990' are selected in object 'Object Repository/OCS-DESKTOP/Age gate and Mega menu/Year Dropdown'  using regular expression

2019-07-15 14:32:05 - [TEST_STEP][PASSED] - click(findTestObject("OCS-DESKTOP/Age gate and Mega menu/button_Verify")): Object: 'Object Repository/OCS-DESKTOP/Age gate and Mega menu/button_Verify' is clicked on

2019-07-15 14:32:05 - [MESSAGE][PASSED] - Object: 'Object Repository/OCS-DESKTOP/Age gate and Mega menu/button_Verify' is clicked on

2019-07-15 14:32:05 - [TEST_STEP][PASSED] - click(findTestObject("OCS-DESKTOP/Age gate and Mega menu/Checkbox_CONFIRM AND ACKNOWLEDGE")): Object: 'Object Repository/OCS-DESKTOP/Age gate and Mega menu/Checkbox_CONFIRM AND ACKNOWLEDGE' is clicked on

2019-07-15 14:32:05 - [MESSAGE][PASSED] - Object: 'Object Repository/OCS-DESKTOP/Age gate and Mega menu/Checkbox_CONFIRM AND ACKNOWLEDGE' is clicked on

2019-07-15 14:32:05 - [TEST_STEP][PASSED] - click(findTestObject("OCS-DESKTOP/Age gate and Mega menu/button_CONFIRM")): Object: 'Object Repository/OCS-DESKTOP/Age gate and Mega menu/button_CONFIRM' is clicked on

2019-07-15 14:32:06 - [MESSAGE][PASSED] - Object: 'Object Repository/OCS-DESKTOP/Age gate and Mega menu/button_CONFIRM' is clicked on

2019-07-15 14:32:06 - [TEST_STEP][PASSED] - click(findTestObject("OCS-DESKTOP/Age gate and Mega menu/button_Start Browsing")): Object: 'Object Repository/OCS-DESKTOP/Age gate and Mega menu/button_Start Browsing' is clicked on

2019-07-15 14:32:06 - [MESSAGE][PASSED] - Object: 'Object Repository/OCS-DESKTOP/Age gate and Mega menu/button_Start Browsing' is clicked on

2019-07-15 14:32:06 - [TEST_STEP][PASSED] - delay(2): Delayed 2 second(s)

2019-07-15 14:32:08 - [MESSAGE][PASSED] - Delayed 2 second(s)

2019-07-15 14:32:08 - [TEST_STEP][PASSED] - refresh(): Refresh successfully

2019-07-15 14:32:08 - [MESSAGE][PASSED] - Refresh successfully

2019-07-15 14:32:08 - [MESSAGE][PASSED] - Call Test Case 'Test Cases/OCS - DESKTOP/CALL- Age gate' successfully

2019-07-15 14:32:08 - [TEST_STEP][NOT_RUN] - click(findTestObject("OCS-MOBILE /Age gate and burger menu/Burger menu - English")): NOT_RUN: click(findTestObject("OCS-MOBILE /Age gate and burger menu/Burger menu - English"))

2019-07-15 14:32:08 - [MESSAGE][NOT_RUN] - NOT_RUN: click(findTestObject("OCS-MOBILE /Age gate and burger menu/Burger menu - English"))

2019-07-15 14:32:08 - [TEST_STEP][PASSED] - delay(2): Delayed 2 second(s)

2019-07-15 14:32:10 - [MESSAGE][PASSED] - Delayed 2 second(s)

2019-07-15 14:32:10 - [TEST_STEP][PASSED] - click(findTestObject("OCS-DESKTOP/Age gate and Mega menu/Chevron_Cannabis")): Object: 'Object Repository/OCS-DESKTOP/Age gate and Mega menu/Chevron_Cannabis' is clicked on

2019-07-15 14:32:11 - [MESSAGE][PASSED] - Object: 'Object Repository/OCS-DESKTOP/Age gate and Mega menu/Chevron_Cannabis' is clicked on

2019-07-15 14:32:11 - [TEST_STEP][PASSED] - delay(1): Delayed 1 second(s)

2019-07-15 14:32:12 - [MESSAGE][PASSED] - Delayed 1 second(s)

2019-07-15 14:32:12 - [TEST_STEP][PASSED] - click(findTestObject("OCS-DESKTOP/Cannabis page/Dried flower")): Object: 'Object Repository/OCS-DESKTOP/Cannabis page/Dried flower' is clicked on

2019-07-15 14:32:14 - [MESSAGE][PASSED] - Object: 'Object Repository/OCS-DESKTOP/Cannabis page/Dried flower' is clicked on

2019-07-15 14:32:14 - [TEST_STEP][PASSED] - delay(1): Delayed 1 second(s)

2019-07-15 14:32:15 - [MESSAGE][PASSED] - Delayed 1 second(s)

2019-07-15 14:32:15 - [TEST_STEP][NOT_RUN] - click(findTestObject("OCS-DESKTOP/Cannabis page/Dried flower - Indica dominant")): NOT_RUN: click(findTestObject("OCS-DESKTOP/Cannabis page/Dried flower - Indica dominant"))

2019-07-15 14:32:15 - [MESSAGE][NOT_RUN] - NOT_RUN: click(findTestObject("OCS-DESKTOP/Cannabis page/Dried flower - Indica dominant"))

2019-07-15 14:32:15 - [TEST_STEP][PASSED] - delay(1): Delayed 1 second(s)

2019-07-15 14:32:16 - [MESSAGE][PASSED] - Delayed 1 second(s)

2019-07-15 14:32:16 - [TEST_STEP][PASSED] - click(findTestObject("OCS-DESKTOP/Filter flyout/Filter option")): Object: 'Object Repository/OCS-DESKTOP/Filter flyout/Filter option' is clicked on

2019-07-15 14:32:16 - [MESSAGE][PASSED] - Object: 'Object Repository/OCS-DESKTOP/Filter flyout/Filter option' is clicked on

2019-07-15 14:32:16 - [TEST_STEP][PASSED] - delay(2): Delayed 2 second(s)

2019-07-15 14:32:18 - [MESSAGE][PASSED] - Delayed 2 second(s)

2019-07-15 14:32:18 - [TEST_STEP][PASSED] - mouseOver(findTestObject("OCS-DESKTOP/Filter flyout/THC - CBD Tool tip")): Object: 'Object Repository/OCS-DESKTOP/Filter flyout/THC - CBD Tool tip' is hovered

2019-07-15 14:32:18 - [MESSAGE][PASSED] - Object: 'Object Repository/OCS-DESKTOP/Filter flyout/THC - CBD Tool tip' is hovered

2019-07-15 14:32:18 - [TEST_STEP][PASSED] - click(findTestObject("OCS-DESKTOP/Filter flyout/Click element outside")): Object: 'Object Repository/OCS-DESKTOP/Filter flyout/Click element outside' is clicked on

2019-07-15 14:32:18 - [MESSAGE][PASSED] - Object: 'Object Repository/OCS-DESKTOP/Filter flyout/Click element outside' is clicked on

2019-07-15 14:32:18 - [TEST_STEP][PASSED] - delay(2): Delayed 2 second(s)

2019-07-15 14:32:20 - [MESSAGE][PASSED] - Delayed 2 second(s)

2019-07-15 14:32:20 - [TEST_STEP][PASSED] - click(findTestObject("OCS-DESKTOP/Filter flyout/THC CBD plus accordian")): Object: 'Object Repository/OCS-DESKTOP/Filter flyout/THC CBD plus accordian' is clicked on

2019-07-15 14:32:20 - [MESSAGE][PASSED] - Object: 'Object Repository/OCS-DESKTOP/Filter flyout/THC CBD plus accordian' is clicked on

2019-07-15 14:32:20 - [TEST_STEP][PASSED] - delay(2): Delayed 2 second(s)

2019-07-15 14:32:22 - [MESSAGE][PASSED] - Delayed 2 second(s)

2019-07-15 14:32:22 - [TEST_STEP][PASSED] - click(findTestObject("OCS-DESKTOP/Filter flyout/THC - CBD Subtract accordian")): Object: 'Object Repository/OCS-DESKTOP/Filter flyout/THC - CBD Subtract accordian' is clicked on

2019-07-15 14:32:23 - [MESSAGE][PASSED] - Object: 'Object Repository/OCS-DESKTOP/Filter flyout/THC - CBD Subtract accordian' is clicked on

2019-07-15 14:32:23 - [TEST_STEP][PASSED] - delay(2): Delayed 2 second(s)

2019-07-15 14:32:25 - [MESSAGE][PASSED] - Delayed 2 second(s)

2019-07-15 14:32:25 - [TEST_STEP][PASSED] - click(findTestObject("OCS-DESKTOP/Filter flyout/THC CBD plus accordian")): Object: 'Object Repository/OCS-DESKTOP/Filter flyout/THC CBD plus accordian' is clicked on

2019-07-15 14:32:25 - [MESSAGE][PASSED] - Object: 'Object Repository/OCS-DESKTOP/Filter flyout/THC CBD plus accordian' is clicked on

2019-07-15 14:32:25 - [TEST_STEP][NOT_RUN] - click(findTestObject("OCS-MOBILE /Filter flyout/div_18.00")): NOT_RUN: click(findTestObject("OCS-MOBILE /Filter flyout/div_18.00"))

2019-07-15 14:32:25 - [MESSAGE][NOT_RUN] - NOT_RUN: click(findTestObject("OCS-MOBILE /Filter flyout/div_18.00"))

2019-07-15 14:32:25 - [TEST_STEP][NOT_RUN] - delay(2): NOT_RUN: delay(2)

2019-07-15 14:32:25 - [MESSAGE][NOT_RUN] - NOT_RUN: delay(2)

2019-07-15 14:32:25 - [TEST_STEP][NOT_RUN] - click(findTestObject("OCS-MOBILE /Filter flyout/div_25.00")): NOT_RUN: click(findTestObject("OCS-MOBILE /Filter flyout/div_25.00"))

2019-07-15 14:32:25 - [MESSAGE][NOT_RUN] - NOT_RUN: click(findTestObject("OCS-MOBILE /Filter flyout/div_25.00"))

2019-07-15 14:32:25 - [TEST_STEP][NOT_RUN] - delay(2): NOT_RUN: delay(2)

2019-07-15 14:32:25 - [MESSAGE][NOT_RUN] - NOT_RUN: delay(2)

2019-07-15 14:32:25 - [TEST_STEP][NOT_RUN] - click(findTestObject("OCS-MOBILE /Filter flyout/div_14.00")): NOT_RUN: click(findTestObject("OCS-MOBILE /Filter flyout/div_14.00"))

2019-07-15 14:32:25 - [MESSAGE][NOT_RUN] - NOT_RUN: click(findTestObject("OCS-MOBILE /Filter flyout/div_14.00"))

2019-07-15 14:32:25 - [TEST_STEP][NOT_RUN] - delay(2): NOT_RUN: delay(2)

2019-07-15 14:32:25 - [MESSAGE][NOT_RUN] - NOT_RUN: delay(2)

2019-07-15 14:32:25 - [TEST_STEP][NOT_RUN] - click(findTestObject("OCS-MOBILE /Filter flyout/div_19.00")): NOT_RUN: click(findTestObject("OCS-MOBILE /Filter flyout/div_19.00"))

2019-07-15 14:32:25 - [MESSAGE][NOT_RUN] - NOT_RUN: click(findTestObject("OCS-MOBILE /Filter flyout/div_19.00"))

2019-07-15 14:32:25 - [TEST_STEP][PASSED] - delay(2): Delayed 2 second(s)

2019-07-15 14:32:27 - [MESSAGE][PASSED] - Delayed 2 second(s)

2019-07-15 14:32:27 - [TEST_STEP][NOT_RUN] - click(findTestObject("OCS-MOBILE /Filter flyout/Learn More About THC CBD")): NOT_RUN: click(findTestObject("OCS-MOBILE /Filter flyout/Learn More About THC CBD"))

2019-07-15 14:32:27 - [MESSAGE][NOT_RUN] - NOT_RUN: click(findTestObject("OCS-MOBILE /Filter flyout/Learn More About THC CBD"))

2019-07-15 14:32:27 - [TEST_STEP][PASSED] - delay(4): Delayed 4 second(s)

2019-07-15 14:32:31 - [MESSAGE][PASSED] - Delayed 4 second(s)

2019-07-15 14:32:31 - [TEST_STEP][NOT_RUN] - callTestCase(findTestCase("OCS - MOBILE/OCS-COLLECTION PAGE/calling test case"), [:], STOP_ON_FAILURE): NOT_RUN: callTestCase(findTestCase("OCS - MOBILE/OCS-COLLECTION PAGE/calling test case"), [:], STOP_ON_FAILURE)

2019-07-15 14:32:31 - [MESSAGE][NOT_RUN] - NOT_RUN: callTestCase(findTestCase("OCS - MOBILE/OCS-COLLECTION PAGE/calling test case"), [:], STOP_ON_FAILURE)

2019-07-15 14:32:31 - [TEST_STEP][NOT_RUN] - click(findTestObject("OCS-MOBILE /Filter flyout/Filter option")): NOT_RUN: click(findTestObject("OCS-MOBILE /Filter flyout/Filter option"))

2019-07-15 14:32:31 - [MESSAGE][NOT_RUN] - NOT_RUN: click(findTestObject("OCS-MOBILE /Filter flyout/Filter option"))

2019-07-15 14:32:31 - [TEST_STEP][PASSED] - click(findTestObject("OCS-DESKTOP/Filter flyout/Plant type tooltip")): Object: 'Object Repository/OCS-DESKTOP/Filter flyout/Plant type tooltip' is clicked on

2019-07-15 14:32:31 - [MESSAGE][PASSED] - Object: 'Object Repository/OCS-DESKTOP/Filter flyout/Plant type tooltip' is clicked on

2019-07-15 14:32:31 - [TEST_STEP][PASSED] - delay(2): Delayed 2 second(s)

2019-07-15 14:32:33 - [MESSAGE][PASSED] - Delayed 2 second(s)

2019-07-15 14:32:33 - [TEST_STEP][PASSED] - click(findTestObject("OCS-DESKTOP/Filter flyout/Click element outside")): Object: 'Object Repository/OCS-DESKTOP/Filter flyout/Click element outside' is clicked on

2019-07-15 14:32:33 - [MESSAGE][PASSED] - Object: 'Object Repository/OCS-DESKTOP/Filter flyout/Click element outside' is clicked on

2019-07-15 14:32:33 - [TEST_STEP][PASSED] - click(findTestObject("OCS-DESKTOP/Filter flyout/Plant type plus accordian")): Object: 'Object Repository/OCS-DESKTOP/Filter flyout/Plant type plus accordian' is clicked on

2019-07-15 14:32:33 - [MESSAGE][PASSED] - Object: 'Object Repository/OCS-DESKTOP/Filter flyout/Plant type plus accordian' is clicked on

2019-07-15 14:32:33 - [TEST_STEP][PASSED] - delay(1): Delayed 1 second(s)

2019-07-15 14:32:34 - [MESSAGE][PASSED] - Delayed 1 second(s)

2019-07-15 14:32:34 - [TEST_STEP][PASSED] - click(findTestObject("OCS-DESKTOP/Filter flyout/Plant type subtract accordian")): Object: 'Object Repository/OCS-DESKTOP/Filter flyout/Plant type subtract accordian' is clicked on

2019-07-15 14:32:34 - [MESSAGE][PASSED] - Object: 'Object Repository/OCS-DESKTOP/Filter flyout/Plant type subtract accordian' is clicked on

2019-07-15 14:32:34 - [TEST_STEP][PASSED] - delay(1): Delayed 1 second(s)

2019-07-15 14:32:35 - [MESSAGE][PASSED] - Delayed 1 second(s)

2019-07-15 14:32:35 - [TEST_STEP][PASSED] - click(findTestObject("OCS-DESKTOP/Filter flyout/Plant type plus accordian")): Object: 'Object Repository/OCS-DESKTOP/Filter flyout/Plant type plus accordian' is clicked on

2019-07-15 14:32:35 - [MESSAGE][PASSED] - Object: 'Object Repository/OCS-DESKTOP/Filter flyout/Plant type plus accordian' is clicked on

2019-07-15 14:32:35 - [TEST_STEP][PASSED] - delay(2): Delayed 2 second(s)

2019-07-15 14:32:37 - [MESSAGE][PASSED] - Delayed 2 second(s)

2019-07-15 14:32:37 - [TEST_STEP][PASSED] - click(findTestObject("OCS-DESKTOP/Filter flyout/Indica Dominant")): Object: 'Object Repository/OCS-DESKTOP/Filter flyout/Indica Dominant' is clicked on

2019-07-15 14:32:37 - [MESSAGE][PASSED] - Object: 'Object Repository/OCS-DESKTOP/Filter flyout/Indica Dominant' is clicked on

2019-07-15 14:32:37 - [TEST_STEP][PASSED] - delay(2): Delayed 2 second(s)

2019-07-15 14:32:39 - [MESSAGE][PASSED] - Delayed 2 second(s)

2019-07-15 14:32:39 - [TEST_STEP][PASSED] - click(findTestObject("OCS-DESKTOP/Filter flyout/Sativa Dominant")): Object: 'Object Repository/OCS-DESKTOP/Filter flyout/Sativa Dominant' is clicked on

2019-07-15 14:32:39 - [MESSAGE][PASSED] - Object: 'Object Repository/OCS-DESKTOP/Filter flyout/Sativa Dominant' is clicked on

2019-07-15 14:32:39 - [TEST_STEP][PASSED] - delay(2): Delayed 2 second(s)

2019-07-15 14:32:41 - [MESSAGE][PASSED] - Delayed 2 second(s)

2019-07-15 14:32:41 - [TEST_STEP][PASSED] - click(findTestObject("OCS-DESKTOP/Filter flyout/Hybrid")): Object: 'Object Repository/OCS-DESKTOP/Filter flyout/Hybrid' is clicked on

2019-07-15 14:32:41 - [MESSAGE][PASSED] - Object: 'Object Repository/OCS-DESKTOP/Filter flyout/Hybrid' is clicked on

2019-07-15 14:32:41 - [TEST_STEP][PASSED] - delay(2): Delayed 2 second(s)

2019-07-15 14:32:43 - [MESSAGE][PASSED] - Delayed 2 second(s)

2019-07-15 14:32:43 - [TEST_STEP][PASSED] - click(findTestObject("OCS-DESKTOP/Filter flyout/Blend")): Object: 'Object Repository/OCS-DESKTOP/Filter flyout/Blend' is clicked on

2019-07-15 14:32:43 - [MESSAGE][PASSED] - Object: 'Object Repository/OCS-DESKTOP/Filter flyout/Blend' is clicked on

2019-07-15 14:32:43 - [TEST_STEP][PASSED] - delay(2): Delayed 2 second(s)

2019-07-15 14:32:45 - [MESSAGE][PASSED] - Delayed 2 second(s)

2019-07-15 14:32:45 - [TEST_STEP][NOT_RUN] - click(findTestObject("Object Repository/COLLECTION PAGE _OR/Filter_OR/Page_Pre-Rolled  Ontario Cannabis S/label_Sativa Dominant")): NOT_RUN: click(findTestObject("Object Repository/COLLECTION PAGE _OR/Filter_OR/Page_Pre-Rolled  Ontario Cannabis S/label_Sativa Dominant"))

2019-07-15 14:32:45 - [MESSAGE][NOT_RUN] - NOT_RUN: click(findTestObject("Object Repository/COLLECTION PAGE _OR/Filter_OR/Page_Pre-Rolled  Ontario Cannabis S/label_Sativa Dominant"))

2019-07-15 14:32:45 - [TEST_STEP][NOT_RUN] - delay(2): NOT_RUN: delay(2)

2019-07-15 14:32:45 - [MESSAGE][NOT_RUN] - NOT_RUN: delay(2)

2019-07-15 14:32:45 - [TEST_STEP][NOT_RUN] - click(findTestObject("Object Repository/COLLECTION PAGE _OR/Filter_OR/Page_Pre-Rolled  Ontario Cannabis S/label_Hybrid")): NOT_RUN: click(findTestObject("Object Repository/COLLECTION PAGE _OR/Filter_OR/Page_Pre-Rolled  Ontario Cannabis S/label_Hybrid"))

2019-07-15 14:32:45 - [MESSAGE][NOT_RUN] - NOT_RUN: click(findTestObject("Object Repository/COLLECTION PAGE _OR/Filter_OR/Page_Pre-Rolled  Ontario Cannabis S/label_Hybrid"))

2019-07-15 14:32:45 - [TEST_STEP][NOT_RUN] - delay(2): NOT_RUN: delay(2)

2019-07-15 14:32:45 - [MESSAGE][NOT_RUN] - NOT_RUN: delay(2)

2019-07-15 14:32:45 - [TEST_STEP][NOT_RUN] - click(findTestObject("Object Repository/COLLECTION PAGE _OR/Filter_OR/Page_Pre-Rolled  Ontario Cannabis S/label_Blend")): NOT_RUN: click(findTestObject("Object Repository/COLLECTION PAGE _OR/Filter_OR/Page_Pre-Rolled  Ontario Cannabis S/label_Blend"))

2019-07-15 14:32:45 - [MESSAGE][NOT_RUN] - NOT_RUN: click(findTestObject("Object Repository/COLLECTION PAGE _OR/Filter_OR/Page_Pre-Rolled  Ontario Cannabis S/label_Blend"))

2019-07-15 14:32:45 - [TEST_STEP][NOT_RUN] - delay(2): NOT_RUN: delay(2)

2019-07-15 14:32:45 - [MESSAGE][NOT_RUN] - NOT_RUN: delay(2)

2019-07-15 14:32:45 - [TEST_STEP][NOT_RUN] - click(findTestObject("OCS-MOBILE /Filter flyout/Learn More About Plant Type")): NOT_RUN: click(findTestObject("OCS-MOBILE /Filter flyout/Learn More About Plant Type"))

2019-07-15 14:32:45 - [MESSAGE][NOT_RUN] - NOT_RUN: click(findTestObject("OCS-MOBILE /Filter flyout/Learn More About Plant Type"))

2019-07-15 14:32:45 - [TEST_STEP][NOT_RUN] - delay(2): NOT_RUN: delay(2)

2019-07-15 14:32:45 - [MESSAGE][NOT_RUN] - NOT_RUN: delay(2)

2019-07-15 14:32:45 - [TEST_STEP][NOT_RUN] - callTestCase(findTestCase("OCS - MOBILE/OCS-COLLECTION PAGE/calling test case"), [:], STOP_ON_FAILURE): NOT_RUN: callTestCase(findTestCase("OCS - MOBILE/OCS-COLLECTION PAGE/calling test case"), [:], STOP_ON_FAILURE)

2019-07-15 14:32:45 - [MESSAGE][NOT_RUN] - NOT_RUN: callTestCase(findTestCase("OCS - MOBILE/OCS-COLLECTION PAGE/calling test case"), [:], STOP_ON_FAILURE)

2019-07-15 14:32:45 - [TEST_STEP][PASSED] - click(findTestObject("OCS-DESKTOP/Filter flyout/Plant type subtract accordian")): Object: 'Object Repository/OCS-DESKTOP/Filter flyout/Plant type subtract accordian' is clicked on

2019-07-15 14:32:45 - [MESSAGE][PASSED] - Object: 'Object Repository/OCS-DESKTOP/Filter flyout/Plant type subtract accordian' is clicked on

2019-07-15 14:32:45 - [TEST_STEP][PASSED] - delay(1): Delayed 1 second(s)

2019-07-15 14:32:46 - [MESSAGE][PASSED] - Delayed 1 second(s)

2019-07-15 14:32:46 - [TEST_STEP][PASSED] - click(findTestObject("OCS-DESKTOP/Filter flyout/Filter option"), OPTIONAL): Unable to click on object 'Object Repository/OCS-DESKTOP/Filter flyout/Filter option' (Root cause: org.openqa.selenium.WebDriverException: unknown error: Element <a data-flyout="#flyout--filters" tabindex="0">...</a> is not clickable at point (1237, 370). Other element would receive the click: <p class="filter__group--description">...</p>
  (Session info: chrome=75.0.3770.100)
  (Driver info: chromedriver=2.43.600229 (3fae4d0cda5334b4f533bede5a4787f7b832d052),platform=Mac OS X 10.13.6 x86_64) (WARNING: The server did not provide any stacktrace information)
Command duration or timeout: 0 milliseconds
Build info: version: '3.7.1', revision: '8a0099a', time: '2017-11-06T21:07:36.161Z'
System info: host: 'sumans-MacBook-Pro.local', ip: 'fe80:0:0:0:143c:9c68:90ad:a50%en0', os.name: 'Mac OS X', os.arch: 'x86_64', os.version: '10.13.6', java.version: '1.8.0_181'
Driver info: com.kms.katalon.selenium.driver.CChromeDriver
Capabilities {acceptInsecureCerts: false, acceptSslCerts: false, applicationCacheEnabled: false, browserConnectionEnabled: false, browserName: chrome, chrome: {chromedriverVersion: 2.43.600229 (3fae4d0cda5334..., userDataDir: /var/folders/1t/c55l8xzs6gq...}, cssSelectorsEnabled: true, databaseEnabled: false, goog:chromeOptions: {debuggerAddress: localhost:65027}, handlesAlerts: true, hasTouchScreen: false, javascriptEnabled: true, locationContextEnabled: true, mobileEmulationEnabled: false, nativeEvents: true, networkConnectionEnabled: false, pageLoadStrategy: normal, platform: MAC, platformName: MAC, rotatable: false, setWindowRect: true, takesHeapSnapshot: true, takesScreenshot: true, unexpectedAlertBehaviour: , unhandledPromptBehavior: , version: 75.0.3770.100, webStorageEnabled: true}
Session ID: bff3c0064ec85fb8added658a365d5bf)

2019-07-15 14:32:47 - [MESSAGE][WARNING] - Unable to click on object 'Object Repository/OCS-DESKTOP/Filter flyout/Filter option' (Root cause: org.openqa.selenium.WebDriverException: unknown error: Element <a data-flyout="#flyout--filters" tabindex="0">...</a> is not clickable at point (1237, 370). Other element would receive the click: <p class="filter__group--description">...</p>
  (Session info: chrome=75.0.3770.100)
  (Driver info: chromedriver=2.43.600229 (3fae4d0cda5334b4f533bede5a4787f7b832d052),platform=Mac OS X 10.13.6 x86_64) (WARNING: The server did not provide any stacktrace information)
Command duration or timeout: 0 milliseconds
Build info: version: '3.7.1', revision: '8a0099a', time: '2017-11-06T21:07:36.161Z'
System info: host: 'sumans-MacBook-Pro.local', ip: 'fe80:0:0:0:143c:9c68:90ad:a50%en0', os.name: 'Mac OS X', os.arch: 'x86_64', os.version: '10.13.6', java.version: '1.8.0_181'
Driver info: com.kms.katalon.selenium.driver.CChromeDriver
Capabilities {acceptInsecureCerts: false, acceptSslCerts: false, applicationCacheEnabled: false, browserConnectionEnabled: false, browserName: chrome, chrome: {chromedriverVersion: 2.43.600229 (3fae4d0cda5334..., userDataDir: /var/folders/1t/c55l8xzs6gq...}, cssSelectorsEnabled: true, databaseEnabled: false, goog:chromeOptions: {debuggerAddress: localhost:65027}, handlesAlerts: true, hasTouchScreen: false, javascriptEnabled: true, locationContextEnabled: true, mobileEmulationEnabled: false, nativeEvents: true, networkConnectionEnabled: false, pageLoadStrategy: normal, platform: MAC, platformName: MAC, rotatable: false, setWindowRect: true, takesHeapSnapshot: true, takesScreenshot: true, unexpectedAlertBehaviour: , unhandledPromptBehavior: , version: 75.0.3770.100, webStorageEnabled: true}
Session ID: bff3c0064ec85fb8added658a365d5bf)
[[ATTACHMENT|/Users/sumankompelly/git/OCS--Relative-xpath-Desktop/Reports/Suite - Chrome/20190715_133533/1563215566815.png]]

2019-07-15 14:32:47 - [TEST_STEP][PASSED] - executeJavaScript("var previewBar = document.getElementById("preview-bar-iframe"); previewBar.style.display = "none";", []): Execute JavaScript 'var previewBar = document.getElementById("preview-bar-iframe"); previewBar.style.display = "none";' successfully

2019-07-15 14:32:47 - [MESSAGE][PASSED] - Execute JavaScript 'var previewBar = document.getElementById("preview-bar-iframe"); previewBar.style.display = "none";' successfully

2019-07-15 14:32:47 - [TEST_STEP][PASSED] - click(findTestObject("OCS-DESKTOP/Filter flyout/Brand tool tip")): Object: 'Object Repository/OCS-DESKTOP/Filter flyout/Brand tool tip' is clicked on

2019-07-15 14:32:47 - [MESSAGE][PASSED] - Object: 'Object Repository/OCS-DESKTOP/Filter flyout/Brand tool tip' is clicked on

2019-07-15 14:32:47 - [TEST_STEP][PASSED] - click(findTestObject("OCS-DESKTOP/Filter flyout/Click element outside")): Object: 'Object Repository/OCS-DESKTOP/Filter flyout/Click element outside' is clicked on

2019-07-15 14:32:47 - [MESSAGE][PASSED] - Object: 'Object Repository/OCS-DESKTOP/Filter flyout/Click element outside' is clicked on

2019-07-15 14:32:47 - [TEST_STEP][PASSED] - delay(1): Delayed 1 second(s)

2019-07-15 14:32:48 - [MESSAGE][PASSED] - Delayed 1 second(s)

2019-07-15 14:32:48 - [TEST_STEP][PASSED] - click(findTestObject("OCS-DESKTOP/Filter flyout/Brand plus accordian")): Object: 'Object Repository/OCS-DESKTOP/Filter flyout/Brand plus accordian' is clicked on

2019-07-15 14:32:48 - [MESSAGE][PASSED] - Object: 'Object Repository/OCS-DESKTOP/Filter flyout/Brand plus accordian' is clicked on

2019-07-15 14:32:48 - [TEST_STEP][PASSED] - delay(2): Delayed 2 second(s)

2019-07-15 14:32:50 - [MESSAGE][PASSED] - Delayed 2 second(s)

2019-07-15 14:32:50 - [TEST_STEP][PASSED] - click(findTestObject("OCS-DESKTOP/Filter flyout/Brand subtract accordian")): Object: 'Object Repository/OCS-DESKTOP/Filter flyout/Brand subtract accordian' is clicked on

2019-07-15 14:32:50 - [MESSAGE][PASSED] - Object: 'Object Repository/OCS-DESKTOP/Filter flyout/Brand subtract accordian' is clicked on

2019-07-15 14:32:50 - [TEST_STEP][PASSED] - delay(1): Delayed 1 second(s)

2019-07-15 14:32:51 - [MESSAGE][PASSED] - Delayed 1 second(s)

2019-07-15 14:32:51 - [TEST_STEP][PASSED] - click(findTestObject("OCS-DESKTOP/Filter flyout/Brand plus accordian")): Object: 'Object Repository/OCS-DESKTOP/Filter flyout/Brand plus accordian' is clicked on

2019-07-15 14:32:51 - [MESSAGE][PASSED] - Object: 'Object Repository/OCS-DESKTOP/Filter flyout/Brand plus accordian' is clicked on

2019-07-15 14:32:51 - [TEST_STEP][PASSED] - delay(2): Delayed 2 second(s)

2019-07-15 14:32:53 - [MESSAGE][PASSED] - Delayed 2 second(s)

2019-07-15 14:32:53 - [TEST_STEP][PASSED] - click(findTestObject("OCS-DESKTOP/Filter flyout/Edison"), OPTIONAL): Object: 'Object Repository/OCS-DESKTOP/Filter flyout/Edison' is clicked on

2019-07-15 14:32:53 - [MESSAGE][PASSED] - Object: 'Object Repository/OCS-DESKTOP/Filter flyout/Edison' is clicked on

2019-07-15 14:32:53 - [TEST_STEP][PASSED] - delay(2, OPTIONAL): Delayed 2 second(s)

2019-07-15 14:32:55 - [MESSAGE][PASSED] - Delayed 2 second(s)

2019-07-15 14:32:55 - [TEST_STEP][PASSED] - delay(2, OPTIONAL): Delayed 2 second(s)

2019-07-15 14:32:57 - [MESSAGE][PASSED] - Delayed 2 second(s)

2019-07-15 14:32:57 - [TEST_STEP][PASSED] - click(findTestObject("OCS-DESKTOP/Filter flyout/Haven St"), OPTIONAL): Object: 'Object Repository/OCS-DESKTOP/Filter flyout/Haven St' is clicked on

2019-07-15 14:32:57 - [MESSAGE][PASSED] - Object: 'Object Repository/OCS-DESKTOP/Filter flyout/Haven St' is clicked on

2019-07-15 14:32:57 - [TEST_STEP][PASSED] - delay(2, OPTIONAL): Delayed 2 second(s)

2019-07-15 14:32:59 - [MESSAGE][PASSED] - Delayed 2 second(s)

2019-07-15 14:32:59 - [TEST_STEP][PASSED] - click(findTestObject("OCS-DESKTOP/Filter flyout/Emerald"), OPTIONAL): Object: 'Object Repository/OCS-DESKTOP/Filter flyout/Emerald' is clicked on

2019-07-15 14:32:59 - [MESSAGE][PASSED] - Object: 'Object Repository/OCS-DESKTOP/Filter flyout/Emerald' is clicked on

2019-07-15 14:32:59 - [TEST_STEP][PASSED] - delay(2, OPTIONAL): Delayed 2 second(s)

2019-07-15 14:33:01 - [MESSAGE][PASSED] - Delayed 2 second(s)

2019-07-15 14:33:01 - [TEST_STEP][NOT_RUN] - click(findTestObject("OCS-MOBILE /Filter flyout/Gage Cannabis Co"), OPTIONAL): NOT_RUN: click(findTestObject("OCS-MOBILE /Filter flyout/Gage Cannabis Co"), OPTIONAL)

2019-07-15 14:33:01 - [MESSAGE][NOT_RUN] - NOT_RUN: click(findTestObject("OCS-MOBILE /Filter flyout/Gage Cannabis Co"), OPTIONAL)

2019-07-15 14:33:01 - [TEST_STEP][PASSED] - delay(2, OPTIONAL): Delayed 2 second(s)

2019-07-15 14:33:03 - [MESSAGE][PASSED] - Delayed 2 second(s)

2019-07-15 14:33:03 - [TEST_STEP][NOT_RUN] - click(findTestObject("OCS-MOBILE /Filter flyout/INDIVA"), OPTIONAL): NOT_RUN: click(findTestObject("OCS-MOBILE /Filter flyout/INDIVA"), OPTIONAL)

2019-07-15 14:33:03 - [MESSAGE][NOT_RUN] - NOT_RUN: click(findTestObject("OCS-MOBILE /Filter flyout/INDIVA"), OPTIONAL)

2019-07-15 14:33:03 - [TEST_STEP][PASSED] - delay(2, OPTIONAL): Delayed 2 second(s)

2019-07-15 14:33:05 - [MESSAGE][PASSED] - Delayed 2 second(s)

2019-07-15 14:33:05 - [TEST_STEP][PASSED] - click(findTestObject("OCS-DESKTOP/Filter flyout/RIFF"), OPTIONAL): Unable to click on object 'Object Repository/OCS-DESKTOP/Filter flyout/RIFF' (Root cause: com.kms.katalon.core.webui.exception.WebElementNotFoundException: Web element with id: 'Object Repository/OCS-DESKTOP/Filter flyout/RIFF' located by 'By.xpath: //span[contains(text(),'RIFF')]' not found)

2019-07-15 14:33:36 - [MESSAGE][INFO] - Unable to find the element located by 'By.xpath: //span[contains(text(),'RIFF')]'. Please recheck the objects properties to make sure the desired element is located. 

2019-07-15 14:33:37 - [MESSAGE][WARNING] - Unable to click on object 'Object Repository/OCS-DESKTOP/Filter flyout/RIFF' (Root cause: com.kms.katalon.core.webui.exception.WebElementNotFoundException: Web element with id: 'Object Repository/OCS-DESKTOP/Filter flyout/RIFF' located by 'By.xpath: //span[contains(text(),'RIFF')]' not found)
[[ATTACHMENT|/Users/sumankompelly/git/OCS--Relative-xpath-Desktop/Reports/Suite - Chrome/20190715_133533/1563215616820.png]]

2019-07-15 14:33:37 - [TEST_STEP][PASSED] - delay(2, OPTIONAL): Delayed 2 second(s)

2019-07-15 14:33:39 - [MESSAGE][PASSED] - Delayed 2 second(s)

2019-07-15 14:33:39 - [TEST_STEP][PASSED] - click(findTestObject("OCS-DESKTOP/Filter flyout/Seven Oaks"), OPTIONAL): Object: 'Object Repository/OCS-DESKTOP/Filter flyout/Seven Oaks' is clicked on

2019-07-15 14:33:39 - [MESSAGE][PASSED] - Object: 'Object Repository/OCS-DESKTOP/Filter flyout/Seven Oaks' is clicked on

2019-07-15 14:33:39 - [TEST_STEP][PASSED] - delay(2, OPTIONAL): Delayed 2 second(s)

2019-07-15 14:33:41 - [MESSAGE][PASSED] - Delayed 2 second(s)

2019-07-15 14:33:41 - [TEST_STEP][PASSED] - click(findTestObject("OCS-DESKTOP/Filter flyout/Synr.g"), OPTIONAL): Unable to click on object 'Object Repository/OCS-DESKTOP/Filter flyout/Synr.g' (Root cause: com.kms.katalon.core.webui.exception.WebElementNotFoundException: Web element with id: 'Object Repository/OCS-DESKTOP/Filter flyout/Synr.g' located by 'By.xpath: //span[contains(text(),'Synr.g')][count(. | //label[(text() = 'Synr.g' or . = 'Synr.g')]) = count(//label[(text() = 'Synr.g' or . = 'Synr.g')])]' not found)

2019-07-15 14:34:12 - [MESSAGE][INFO] - Unable to find the element located by 'By.xpath: //span[contains(text(),'Synr.g')][count(. | //label[(text() = 'Synr.g' or . = 'Synr.g')]) = count(//label[(text() = 'Synr.g' or . = 'Synr.g')])]'. Please recheck the objects properties to make sure the desired element is located. 

2019-07-15 14:34:13 - [MESSAGE][WARNING] - Unable to click on object 'Object Repository/OCS-DESKTOP/Filter flyout/Synr.g' (Root cause: com.kms.katalon.core.webui.exception.WebElementNotFoundException: Web element with id: 'Object Repository/OCS-DESKTOP/Filter flyout/Synr.g' located by 'By.xpath: //span[contains(text(),'Synr.g')][count(. | //label[(text() = 'Synr.g' or . = 'Synr.g')]) = count(//label[(text() = 'Synr.g' or . = 'Synr.g')])]' not found)
[[ATTACHMENT|/Users/sumankompelly/git/OCS--Relative-xpath-Desktop/Reports/Suite - Chrome/20190715_133533/1563215652485.png]]

2019-07-15 14:34:13 - [TEST_STEP][PASSED] - delay(2, OPTIONAL): Delayed 2 second(s)

2019-07-15 14:34:15 - [MESSAGE][PASSED] - Delayed 2 second(s)

2019-07-15 14:34:15 - [TEST_STEP][PASSED] - click(findTestObject("OCS-DESKTOP/Filter flyout/Trailblazer"), OPTIONAL): Object: 'Object Repository/OCS-DESKTOP/Filter flyout/Trailblazer' is clicked on

2019-07-15 14:34:15 - [MESSAGE][PASSED] - Object: 'Object Repository/OCS-DESKTOP/Filter flyout/Trailblazer' is clicked on

2019-07-15 14:34:15 - [TEST_STEP][PASSED] - delay(2, OPTIONAL): Delayed 2 second(s)

2019-07-15 14:34:17 - [MESSAGE][PASSED] - Delayed 2 second(s)

2019-07-15 14:34:17 - [TEST_STEP][PASSED] - click(findTestObject("OCS-DESKTOP/Filter flyout/_Xscape"), OPTIONAL): Unable to click on object 'Object Repository/OCS-DESKTOP/Filter flyout/_Xscape' (Root cause: com.kms.katalon.core.webui.exception.WebElementNotFoundException: Web element with id: 'Object Repository/OCS-DESKTOP/Filter flyout/_Xscape' located by 'By.xpath: //span[contains(text(),'Xscape')]' not found)

2019-07-15 14:34:48 - [MESSAGE][INFO] - Unable to find the element located by 'By.xpath: //span[contains(text(),'Xscape')]'. Please recheck the objects properties to make sure the desired element is located. 

2019-07-15 14:34:48 - [MESSAGE][WARNING] - Unable to click on object 'Object Repository/OCS-DESKTOP/Filter flyout/_Xscape' (Root cause: com.kms.katalon.core.webui.exception.WebElementNotFoundException: Web element with id: 'Object Repository/OCS-DESKTOP/Filter flyout/_Xscape' located by 'By.xpath: //span[contains(text(),'Xscape')]' not found)
[[ATTACHMENT|/Users/sumankompelly/git/OCS--Relative-xpath-Desktop/Reports/Suite - Chrome/20190715_133533/1563215688086.png]]

2019-07-15 14:34:48 - [TEST_STEP][PASSED] - delay(2, OPTIONAL): Delayed 2 second(s)

2019-07-15 14:34:50 - [MESSAGE][PASSED] - Delayed 2 second(s)

2019-07-15 14:34:50 - [TEST_STEP][PASSED] - click(findTestObject("OCS-DESKTOP/Filter flyout/Aurora"), OPTIONAL): Object: 'Object Repository/OCS-DESKTOP/Filter flyout/Aurora' is clicked on

2019-07-15 14:34:50 - [MESSAGE][PASSED] - Object: 'Object Repository/OCS-DESKTOP/Filter flyout/Aurora' is clicked on

2019-07-15 14:34:50 - [TEST_STEP][PASSED] - click(findTestObject("OCS-DESKTOP/Filter flyout/Canna Farms"), OPTIONAL): Object: 'Object Repository/OCS-DESKTOP/Filter flyout/Canna Farms' is clicked on

2019-07-15 14:34:50 - [MESSAGE][PASSED] - Object: 'Object Repository/OCS-DESKTOP/Filter flyout/Canna Farms' is clicked on

2019-07-15 14:34:50 - [TEST_STEP][PASSED] - click(findTestObject("OCS-DESKTOP/Filter flyout/Edison"), OPTIONAL): Object: 'Object Repository/OCS-DESKTOP/Filter flyout/Edison' is clicked on

2019-07-15 14:34:50 - [MESSAGE][PASSED] - Object: 'Object Repository/OCS-DESKTOP/Filter flyout/Edison' is clicked on

2019-07-15 14:34:50 - [TEST_STEP][PASSED] - click(findTestObject("OCS-DESKTOP/Filter flyout/Flowr"), OPTIONAL): Object: 'Object Repository/OCS-DESKTOP/Filter flyout/Flowr' is clicked on

2019-07-15 14:34:50 - [MESSAGE][PASSED] - Object: 'Object Repository/OCS-DESKTOP/Filter flyout/Flowr' is clicked on

2019-07-15 14:34:50 - [TEST_STEP][PASSED] - click(findTestObject("OCS-DESKTOP/Filter flyout/Haven St"), OPTIONAL): Object: 'Object Repository/OCS-DESKTOP/Filter flyout/Haven St' is clicked on

2019-07-15 14:34:51 - [MESSAGE][PASSED] - Object: 'Object Repository/OCS-DESKTOP/Filter flyout/Haven St' is clicked on

2019-07-15 14:34:51 - [TEST_STEP][PASSED] - click(findTestObject("OCS-DESKTOP/Filter flyout/liiv"), OPTIONAL): Unable to click on object 'Object Repository/OCS-DESKTOP/Filter flyout/liiv' (Root cause: com.kms.katalon.core.webui.exception.WebElementNotFoundException: Web element with id: 'Object Repository/OCS-DESKTOP/Filter flyout/liiv' located by 'By.xpath: //span[(text() = 'liiv' or . = 'liiv')]' not found)

2019-07-15 14:35:21 - [MESSAGE][INFO] - Unable to find the element located by 'By.xpath: //span[(text() = 'liiv' or . = 'liiv')]'. Please recheck the objects properties to make sure the desired element is located. 

2019-07-15 14:35:22 - [MESSAGE][WARNING] - Unable to click on object 'Object Repository/OCS-DESKTOP/Filter flyout/liiv' (Root cause: com.kms.katalon.core.webui.exception.WebElementNotFoundException: Web element with id: 'Object Repository/OCS-DESKTOP/Filter flyout/liiv' located by 'By.xpath: //span[(text() = 'liiv' or . = 'liiv')]' not found)
[[ATTACHMENT|/Users/sumankompelly/git/OCS--Relative-xpath-Desktop/Reports/Suite - Chrome/20190715_133533/1563215721915.png]]

2019-07-15 14:35:22 - [TEST_STEP][PASSED] - click(findTestObject("OCS-DESKTOP/Filter flyout/Saturday"), OPTIONAL): Object: 'Object Repository/OCS-DESKTOP/Filter flyout/Saturday' is clicked on

2019-07-15 14:35:22 - [MESSAGE][PASSED] - Object: 'Object Repository/OCS-DESKTOP/Filter flyout/Saturday' is clicked on

2019-07-15 14:35:22 - [TEST_STEP][PASSED] - click(findTestObject("OCS-DESKTOP/Filter flyout/Spinach"), OPTIONAL): Unable to click on object 'Object Repository/OCS-DESKTOP/Filter flyout/Spinach' (Root cause: com.kms.katalon.core.webui.exception.WebElementNotFoundException: Web element with id: 'Object Repository/OCS-DESKTOP/Filter flyout/Spinach' located by 'By.xpath: //span[contains(text(),'Spinach')][count(. | //label[(text() = 'Spinach' or . = 'Spinach')]) = count(//label[(text() = 'Spinach' or . = 'Spinach')])]' not found)

2019-07-15 14:35:53 - [MESSAGE][INFO] - Unable to find the element located by 'By.xpath: //span[contains(text(),'Spinach')][count(. | //label[(text() = 'Spinach' or . = 'Spinach')]) = count(//label[(text() = 'Spinach' or . = 'Spinach')])]'. Please recheck the objects properties to make sure the desired element is located. 

2019-07-15 14:35:53 - [MESSAGE][WARNING] - Unable to click on object 'Object Repository/OCS-DESKTOP/Filter flyout/Spinach' (Root cause: com.kms.katalon.core.webui.exception.WebElementNotFoundException: Web element with id: 'Object Repository/OCS-DESKTOP/Filter flyout/Spinach' located by 'By.xpath: //span[contains(text(),'Spinach')][count(. | //label[(text() = 'Spinach' or . = 'Spinach')]) = count(//label[(text() = 'Spinach' or . = 'Spinach')])]' not found)
[[ATTACHMENT|/Users/sumankompelly/git/OCS--Relative-xpath-Desktop/Reports/Suite - Chrome/20190715_133533/1563215753456.png]]

2019-07-15 14:35:53 - [TEST_STEP][PASSED] - click(findTestObject("OCS-DESKTOP/Filter flyout/Spinach1"), OPTIONAL): Object: 'Object Repository/OCS-DESKTOP/Filter flyout/Spinach1' is clicked on

2019-07-15 14:35:54 - [MESSAGE][PASSED] - Object: 'Object Repository/OCS-DESKTOP/Filter flyout/Spinach1' is clicked on

2019-07-15 14:35:54 - [TEST_STEP][PASSED] - click(findTestObject("OCS-DESKTOP/Filter flyout/THC BioMed"), OPTIONAL): Object: 'Object Repository/OCS-DESKTOP/Filter flyout/THC BioMed' is clicked on

2019-07-15 14:35:54 - [MESSAGE][PASSED] - Object: 'Object Repository/OCS-DESKTOP/Filter flyout/THC BioMed' is clicked on

2019-07-15 14:35:54 - [TEST_STEP][PASSED] - click(findTestObject("OCS-DESKTOP/Filter flyout/Whistler Cannabis Co"), OPTIONAL): Unable to click on object 'Object Repository/OCS-DESKTOP/Filter flyout/Whistler Cannabis Co' (Root cause: org.openqa.selenium.WebDriverException: unknown error: Element <span>...</span> is not clickable at point (1159, 521). Other element would receive the click: <div class="filter__applied-filters" style="display: block;">...</div>
  (Session info: chrome=75.0.3770.100)
  (Driver info: chromedriver=2.43.600229 (3fae4d0cda5334b4f533bede5a4787f7b832d052),platform=Mac OS X 10.13.6 x86_64) (WARNING: The server did not provide any stacktrace information)
Command duration or timeout: 0 milliseconds
Build info: version: '3.7.1', revision: '8a0099a', time: '2017-11-06T21:07:36.161Z'
System info: host: 'sumans-MacBook-Pro.local', ip: 'fe80:0:0:0:143c:9c68:90ad:a50%en0', os.name: 'Mac OS X', os.arch: 'x86_64', os.version: '10.13.6', java.version: '1.8.0_181'
Driver info: com.kms.katalon.selenium.driver.CChromeDriver
Capabilities {acceptInsecureCerts: false, acceptSslCerts: false, applicationCacheEnabled: false, browserConnectionEnabled: false, browserName: chrome, chrome: {chromedriverVersion: 2.43.600229 (3fae4d0cda5334..., userDataDir: /var/folders/1t/c55l8xzs6gq...}, cssSelectorsEnabled: true, databaseEnabled: false, goog:chromeOptions: {debuggerAddress: localhost:65027}, handlesAlerts: true, hasTouchScreen: false, javascriptEnabled: true, locationContextEnabled: true, mobileEmulationEnabled: false, nativeEvents: true, networkConnectionEnabled: false, pageLoadStrategy: normal, platform: MAC, platformName: MAC, rotatable: false, setWindowRect: true, takesHeapSnapshot: true, takesScreenshot: true, unexpectedAlertBehaviour: , unhandledPromptBehavior: , version: 75.0.3770.100, webStorageEnabled: true}
Session ID: bff3c0064ec85fb8added658a365d5bf)

2019-07-15 14:35:54 - [MESSAGE][WARNING] - Unable to click on object 'Object Repository/OCS-DESKTOP/Filter flyout/Whistler Cannabis Co' (Root cause: org.openqa.selenium.WebDriverException: unknown error: Element <span>...</span> is not clickable at point (1159, 521). Other element would receive the click: <div class="filter__applied-filters" style="display: block;">...</div>
  (Session info: chrome=75.0.3770.100)
  (Driver info: chromedriver=2.43.600229 (3fae4d0cda5334b4f533bede5a4787f7b832d052),platform=Mac OS X 10.13.6 x86_64) (WARNING: The server did not provide any stacktrace information)
Command duration or timeout: 0 milliseconds
Build info: version: '3.7.1', revision: '8a0099a', time: '2017-11-06T21:07:36.161Z'
System info: host: 'sumans-MacBook-Pro.local', ip: 'fe80:0:0:0:143c:9c68:90ad:a50%en0', os.name: 'Mac OS X', os.arch: 'x86_64', os.version: '10.13.6', java.version: '1.8.0_181'
Driver info: com.kms.katalon.selenium.driver.CChromeDriver
Capabilities {acceptInsecureCerts: false, acceptSslCerts: false, applicationCacheEnabled: false, browserConnectionEnabled: false, browserName: chrome, chrome: {chromedriverVersion: 2.43.600229 (3fae4d0cda5334..., userDataDir: /var/folders/1t/c55l8xzs6gq...}, cssSelectorsEnabled: true, databaseEnabled: false, goog:chromeOptions: {debuggerAddress: localhost:65027}, handlesAlerts: true, hasTouchScreen: false, javascriptEnabled: true, locationContextEnabled: true, mobileEmulationEnabled: false, nativeEvents: true, networkConnectionEnabled: false, pageLoadStrategy: normal, platform: MAC, platformName: MAC, rotatable: false, setWindowRect: true, takesHeapSnapshot: true, takesScreenshot: true, unexpectedAlertBehaviour: , unhandledPromptBehavior: , version: 75.0.3770.100, webStorageEnabled: true}
Session ID: bff3c0064ec85fb8added658a365d5bf)
[[ATTACHMENT|/Users/sumankompelly/git/OCS--Relative-xpath-Desktop/Reports/Suite - Chrome/20190715_133533/1563215754148.png]]

2019-07-15 14:35:54 - [TEST_STEP][PASSED] - click(findTestObject("OCS-DESKTOP/Filter flyout/Spinach"), OPTIONAL): Unable to click on object 'Object Repository/OCS-DESKTOP/Filter flyout/Spinach' (Root cause: com.kms.katalon.core.webui.exception.WebElementNotFoundException: Web element with id: 'Object Repository/OCS-DESKTOP/Filter flyout/Spinach' located by 'By.xpath: //span[contains(text(),'Spinach')][count(. | //label[(text() = 'Spinach' or . = 'Spinach')]) = count(//label[(text() = 'Spinach' or . = 'Spinach')])]' not found)

2019-07-15 14:36:25 - [MESSAGE][INFO] - Unable to find the element located by 'By.xpath: //span[contains(text(),'Spinach')][count(. | //label[(text() = 'Spinach' or . = 'Spinach')]) = count(//label[(text() = 'Spinach' or . = 'Spinach')])]'. Please recheck the objects properties to make sure the desired element is located. 

2019-07-15 14:36:26 - [MESSAGE][WARNING] - Unable to click on object 'Object Repository/OCS-DESKTOP/Filter flyout/Spinach' (Root cause: com.kms.katalon.core.webui.exception.WebElementNotFoundException: Web element with id: 'Object Repository/OCS-DESKTOP/Filter flyout/Spinach' located by 'By.xpath: //span[contains(text(),'Spinach')][count(. | //label[(text() = 'Spinach' or . = 'Spinach')]) = count(//label[(text() = 'Spinach' or . = 'Spinach')])]' not found)
[[ATTACHMENT|/Users/sumankompelly/git/OCS--Relative-xpath-Desktop/Reports/Suite - Chrome/20190715_133533/1563215785600.png]]

2019-07-15 14:36:26 - [TEST_STEP][PASSED] - click(findTestObject("OCS-DESKTOP/Filter flyout/Spinach1"), OPTIONAL): Object: 'Object Repository/OCS-DESKTOP/Filter flyout/Spinach1' is clicked on

2019-07-15 14:36:26 - [MESSAGE][PASSED] - Object: 'Object Repository/OCS-DESKTOP/Filter flyout/Spinach1' is clicked on

2019-07-15 14:36:26 - [TEST_STEP][NOT_RUN] - click(findTestObject("OCS-MOBILE /Filter flyout/Learn More About brand"), OPTIONAL): NOT_RUN: click(findTestObject("OCS-MOBILE /Filter flyout/Learn More About brand"), OPTIONAL)

2019-07-15 14:36:26 - [MESSAGE][NOT_RUN] - NOT_RUN: click(findTestObject("OCS-MOBILE /Filter flyout/Learn More About brand"), OPTIONAL)

2019-07-15 14:36:26 - [TEST_STEP][NOT_RUN] - setText(findTestObject("OCS-MOBILE /Filter flyout/Input to search - brand"), "boveda", OPTIONAL): NOT_RUN: setText(findTestObject("OCS-MOBILE /Filter flyout/Input to search - brand"), "boveda", OPTIONAL)

2019-07-15 14:36:26 - [MESSAGE][NOT_RUN] - NOT_RUN: setText(findTestObject("OCS-MOBILE /Filter flyout/Input to search - brand"), "boveda", OPTIONAL)

2019-07-15 14:36:26 - [TEST_STEP][NOT_RUN] - verifyTextPresent("", Keys.chord(ENTER), OPTIONAL): NOT_RUN: verifyTextPresent("", Keys.chord(ENTER), OPTIONAL)

2019-07-15 14:36:26 - [MESSAGE][NOT_RUN] - NOT_RUN: verifyTextPresent("", Keys.chord(ENTER), OPTIONAL)

2019-07-15 14:36:26 - [TEST_STEP][NOT_RUN] - verifyTextPresent("Boveda", false, OPTIONAL): NOT_RUN: verifyTextPresent("Boveda", false, OPTIONAL)

2019-07-15 14:36:26 - [MESSAGE][NOT_RUN] - NOT_RUN: verifyTextPresent("Boveda", false, OPTIONAL)

2019-07-15 14:36:26 - [TEST_STEP][NOT_RUN] - setText(findTestObject("OCS-MOBILE /Filter flyout/Input to search - brand"), "ace valley", OPTIONAL): NOT_RUN: setText(findTestObject("OCS-MOBILE /Filter flyout/Input to search - brand"), "ace valley", OPTIONAL)

2019-07-15 14:36:26 - [MESSAGE][NOT_RUN] - NOT_RUN: setText(findTestObject("OCS-MOBILE /Filter flyout/Input to search - brand"), "ace valley", OPTIONAL)

2019-07-15 14:36:26 - [TEST_STEP][NOT_RUN] - sendKeys(findTestObject("Object Repository/COLLECTION PAGE _OR/Filter_OR/Page_Shop by Brands  Ontario Cannab/input_Shop by Brands_q"), Keys.chord(ENTER), OPTIONAL): NOT_RUN: sendKeys(findTestObject("Object Repository/COLLECTION PAGE _OR/Filter_OR/Page_Shop by Brands  Ontario Cannab/input_Shop by Brands_q"), Keys.chord(ENTER), OPTIONAL)

2019-07-15 14:36:26 - [MESSAGE][NOT_RUN] - NOT_RUN: sendKeys(findTestObject("Object Repository/COLLECTION PAGE _OR/Filter_OR/Page_Shop by Brands  Ontario Cannab/input_Shop by Brands_q"), Keys.chord(ENTER), OPTIONAL)

2019-07-15 14:36:26 - [TEST_STEP][NOT_RUN] - verifyTextPresent("Ace Valley", false, OPTIONAL): NOT_RUN: verifyTextPresent("Ace Valley", false, OPTIONAL)

2019-07-15 14:36:26 - [MESSAGE][NOT_RUN] - NOT_RUN: verifyTextPresent("Ace Valley", false, OPTIONAL)

2019-07-15 14:36:26 - [TEST_STEP][NOT_RUN] - back(OPTIONAL): NOT_RUN: back(OPTIONAL)

2019-07-15 14:36:26 - [MESSAGE][NOT_RUN] - NOT_RUN: back(OPTIONAL)

2019-07-15 14:36:26 - [TEST_STEP][NOT_RUN] - back(OPTIONAL): NOT_RUN: back(OPTIONAL)

2019-07-15 14:36:26 - [MESSAGE][NOT_RUN] - NOT_RUN: back(OPTIONAL)

2019-07-15 14:36:26 - [TEST_STEP][NOT_RUN] - click(findTestObject("OCS-MOBILE /Filter flyout/Filter option"), OPTIONAL): NOT_RUN: click(findTestObject("OCS-MOBILE /Filter flyout/Filter option"), OPTIONAL)

2019-07-15 14:36:26 - [MESSAGE][NOT_RUN] - NOT_RUN: click(findTestObject("OCS-MOBILE /Filter flyout/Filter option"), OPTIONAL)

2019-07-15 14:36:26 - [TEST_STEP][PASSED] - click(findTestObject("OCS-DESKTOP/Filter flyout/Terpenes tooltip"), OPTIONAL): Object: 'Object Repository/OCS-DESKTOP/Filter flyout/Terpenes tooltip' is clicked on

2019-07-15 14:36:26 - [MESSAGE][PASSED] - Object: 'Object Repository/OCS-DESKTOP/Filter flyout/Terpenes tooltip' is clicked on

2019-07-15 14:36:26 - [TEST_STEP][PASSED] - click(findTestObject("OCS-DESKTOP/Filter flyout/Click element outside")): Object: 'Object Repository/OCS-DESKTOP/Filter flyout/Click element outside' is clicked on

2019-07-15 14:36:26 - [MESSAGE][PASSED] - Object: 'Object Repository/OCS-DESKTOP/Filter flyout/Click element outside' is clicked on

2019-07-15 14:36:26 - [TEST_STEP][PASSED] - click(findTestObject("OCS-DESKTOP/Filter flyout/Terpenes plus accordian"), OPTIONAL): Object: 'Object Repository/OCS-DESKTOP/Filter flyout/Terpenes plus accordian' is clicked on

2019-07-15 14:36:26 - [MESSAGE][PASSED] - Object: 'Object Repository/OCS-DESKTOP/Filter flyout/Terpenes plus accordian' is clicked on

2019-07-15 14:36:26 - [TEST_STEP][PASSED] - click(findTestObject("OCS-DESKTOP/Filter flyout/Terpenes subtract accordian"), OPTIONAL): Unable to click on object 'Object Repository/OCS-DESKTOP/Filter flyout/Terpenes subtract accordian' (Root cause: com.kms.katalon.core.webui.exception.WebElementNotFoundException: Web element with id: 'Object Repository/OCS-DESKTOP/Filter flyout/Terpenes subtract accordian' located by 'By.xpath: //div[@class='filter__group accordionize tags']//i[@class='icon icon--subtract']' not found)

2019-07-15 14:36:57 - [MESSAGE][INFO] - Unable to find the element located by 'By.xpath: //div[@class='filter__group accordionize tags']//i[@class='icon icon--subtract']'. Please recheck the objects properties to make sure the desired element is located. 

2019-07-15 14:36:57 - [MESSAGE][WARNING] - Unable to click on object 'Object Repository/OCS-DESKTOP/Filter flyout/Terpenes subtract accordian' (Root cause: com.kms.katalon.core.webui.exception.WebElementNotFoundException: Web element with id: 'Object Repository/OCS-DESKTOP/Filter flyout/Terpenes subtract accordian' located by 'By.xpath: //div[@class='filter__group accordionize tags']//i[@class='icon icon--subtract']' not found)
[[ATTACHMENT|/Users/sumankompelly/git/OCS--Relative-xpath-Desktop/Reports/Suite - Chrome/20190715_133533/1563215817266.png]]

2019-07-15 14:36:57 - [TEST_STEP][PASSED] - click(findTestObject("OCS-DESKTOP/Filter flyout/Terpenes plus accordian"), OPTIONAL): Unable to click on object 'Object Repository/OCS-DESKTOP/Filter flyout/Terpenes plus accordian' (Root cause: com.kms.katalon.core.webui.exception.WebElementNotFoundException: Web element with id: 'Object Repository/OCS-DESKTOP/Filter flyout/Terpenes plus accordian' located by 'By.xpath: //div[@class='filter__group accordionize tags']//i[@class='icon icon--plus']' not found)

2019-07-15 14:37:28 - [MESSAGE][INFO] - Unable to find the element located by 'By.xpath: //div[@class='filter__group accordionize tags']//i[@class='icon icon--plus']'. Please recheck the objects properties to make sure the desired element is located. 

2019-07-15 14:37:29 - [MESSAGE][WARNING] - Unable to click on object 'Object Repository/OCS-DESKTOP/Filter flyout/Terpenes plus accordian' (Root cause: com.kms.katalon.core.webui.exception.WebElementNotFoundException: Web element with id: 'Object Repository/OCS-DESKTOP/Filter flyout/Terpenes plus accordian' located by 'By.xpath: //div[@class='filter__group accordionize tags']//i[@class='icon icon--plus']' not found)
[[ATTACHMENT|/Users/sumankompelly/git/OCS--Relative-xpath-Desktop/Reports/Suite - Chrome/20190715_133533/1563215848745.png]]

2019-07-15 14:37:29 - [TEST_STEP][PASSED] - click(findTestObject("OCS-DESKTOP/Filter flyout/Alpha-bisabolol"), OPTIONAL): Object: 'Object Repository/OCS-DESKTOP/Filter flyout/Alpha-bisabolol' is clicked on

2019-07-15 14:37:29 - [MESSAGE][PASSED] - Object: 'Object Repository/OCS-DESKTOP/Filter flyout/Alpha-bisabolol' is clicked on

2019-07-15 14:37:29 - [TEST_STEP][PASSED] - click(findTestObject("OCS-DESKTOP/Filter flyout/Alpha-pinene"), OPTIONAL): Object: 'Object Repository/OCS-DESKTOP/Filter flyout/Alpha-pinene' is clicked on

2019-07-15 14:37:29 - [MESSAGE][PASSED] - Object: 'Object Repository/OCS-DESKTOP/Filter flyout/Alpha-pinene' is clicked on

2019-07-15 14:37:29 - [TEST_STEP][PASSED] - click(findTestObject("OCS-DESKTOP/Filter flyout/Alpha-pinene1"), OPTIONAL): Object: 'Object Repository/OCS-DESKTOP/Filter flyout/Alpha-pinene1' is clicked on

2019-07-15 14:37:29 - [MESSAGE][PASSED] - Object: 'Object Repository/OCS-DESKTOP/Filter flyout/Alpha-pinene1' is clicked on

2019-07-15 14:37:29 - [TEST_STEP][PASSED] - click(findTestObject("OCS-DESKTOP/Filter flyout/Beta-pinene"), OPTIONAL): Object: 'Object Repository/OCS-DESKTOP/Filter flyout/Beta-pinene' is clicked on

2019-07-15 14:37:29 - [MESSAGE][PASSED] - Object: 'Object Repository/OCS-DESKTOP/Filter flyout/Beta-pinene' is clicked on

2019-07-15 14:37:29 - [TEST_STEP][PASSED] - click(findTestObject("OCS-DESKTOP/Filter flyout/Guaiol"), OPTIONAL): Object: 'Object Repository/OCS-DESKTOP/Filter flyout/Guaiol' is clicked on

2019-07-15 14:37:29 - [MESSAGE][PASSED] - Object: 'Object Repository/OCS-DESKTOP/Filter flyout/Guaiol' is clicked on

2019-07-15 14:37:29 - [TEST_STEP][PASSED] - click(findTestObject("OCS-DESKTOP/Filter flyout/Limonene"), OPTIONAL): Object: 'Object Repository/OCS-DESKTOP/Filter flyout/Limonene' is clicked on

2019-07-15 14:37:29 - [MESSAGE][PASSED] - Object: 'Object Repository/OCS-DESKTOP/Filter flyout/Limonene' is clicked on

2019-07-15 14:37:29 - [TEST_STEP][PASSED] - delay(1, OPTIONAL): Delayed 1 second(s)

2019-07-15 14:37:30 - [MESSAGE][PASSED] - Delayed 1 second(s)

2019-07-15 14:37:30 - [TEST_STEP][PASSED] - click(findTestObject("OCS-DESKTOP/Filter flyout/Myrcene"), OPTIONAL): Object: 'Object Repository/OCS-DESKTOP/Filter flyout/Myrcene' is clicked on

2019-07-15 14:37:30 - [MESSAGE][PASSED] - Object: 'Object Repository/OCS-DESKTOP/Filter flyout/Myrcene' is clicked on

2019-07-15 14:37:30 - [TEST_STEP][PASSED] - delay(1, OPTIONAL): Delayed 1 second(s)

2019-07-15 14:37:31 - [MESSAGE][PASSED] - Delayed 1 second(s)

2019-07-15 14:37:31 - [TEST_STEP][PASSED] - click(findTestObject("OCS-DESKTOP/Filter flyout/Ocimene"), OPTIONAL): Object: 'Object Repository/OCS-DESKTOP/Filter flyout/Ocimene' is clicked on

2019-07-15 14:37:32 - [MESSAGE][PASSED] - Object: 'Object Repository/OCS-DESKTOP/Filter flyout/Ocimene' is clicked on

2019-07-15 14:37:32 - [TEST_STEP][PASSED] - click(findTestObject("OCS-DESKTOP/Filter flyout/Terpinene"), OPTIONAL): Object: 'Object Repository/OCS-DESKTOP/Filter flyout/Terpinene' is clicked on

2019-07-15 14:37:32 - [MESSAGE][PASSED] - Object: 'Object Repository/OCS-DESKTOP/Filter flyout/Terpinene' is clicked on

2019-07-15 14:37:32 - [TEST_STEP][PASSED] - click(findTestObject("OCS-DESKTOP/Filter flyout/Terpinolene"), OPTIONAL): Unable to click on object 'Object Repository/OCS-DESKTOP/Filter flyout/Terpinolene' (Root cause: org.openqa.selenium.WebDriverException: unknown error: Element <span>...</span> is not clickable at point (1131, 443). Other element would receive the click: <div class="filter__applied-filters" style="display: block;">...</div>
  (Session info: chrome=75.0.3770.100)
  (Driver info: chromedriver=2.43.600229 (3fae4d0cda5334b4f533bede5a4787f7b832d052),platform=Mac OS X 10.13.6 x86_64) (WARNING: The server did not provide any stacktrace information)
Command duration or timeout: 0 milliseconds
Build info: version: '3.7.1', revision: '8a0099a', time: '2017-11-06T21:07:36.161Z'
System info: host: 'sumans-MacBook-Pro.local', ip: 'fe80:0:0:0:143c:9c68:90ad:a50%en0', os.name: 'Mac OS X', os.arch: 'x86_64', os.version: '10.13.6', java.version: '1.8.0_181'
Driver info: com.kms.katalon.selenium.driver.CChromeDriver
Capabilities {acceptInsecureCerts: false, acceptSslCerts: false, applicationCacheEnabled: false, browserConnectionEnabled: false, browserName: chrome, chrome: {chromedriverVersion: 2.43.600229 (3fae4d0cda5334..., userDataDir: /var/folders/1t/c55l8xzs6gq...}, cssSelectorsEnabled: true, databaseEnabled: false, goog:chromeOptions: {debuggerAddress: localhost:65027}, handlesAlerts: true, hasTouchScreen: false, javascriptEnabled: true, locationContextEnabled: true, mobileEmulationEnabled: false, nativeEvents: true, networkConnectionEnabled: false, pageLoadStrategy: normal, platform: MAC, platformName: MAC, rotatable: false, setWindowRect: true, takesHeapSnapshot: true, takesScreenshot: true, unexpectedAlertBehaviour: , unhandledPromptBehavior: , version: 75.0.3770.100, webStorageEnabled: true}
Session ID: bff3c0064ec85fb8added658a365d5bf)

2019-07-15 14:37:32 - [MESSAGE][WARNING] - Unable to click on object 'Object Repository/OCS-DESKTOP/Filter flyout/Terpinolene' (Root cause: org.openqa.selenium.WebDriverException: unknown error: Element <span>...</span> is not clickable at point (1131, 443). Other element would receive the click: <div class="filter__applied-filters" style="display: block;">...</div>
  (Session info: chrome=75.0.3770.100)
  (Driver info: chromedriver=2.43.600229 (3fae4d0cda5334b4f533bede5a4787f7b832d052),platform=Mac OS X 10.13.6 x86_64) (WARNING: The server did not provide any stacktrace information)
Command duration or timeout: 0 milliseconds
Build info: version: '3.7.1', revision: '8a0099a', time: '2017-11-06T21:07:36.161Z'
System info: host: 'sumans-MacBook-Pro.local', ip: 'fe80:0:0:0:143c:9c68:90ad:a50%en0', os.name: 'Mac OS X', os.arch: 'x86_64', os.version: '10.13.6', java.version: '1.8.0_181'
Driver info: com.kms.katalon.selenium.driver.CChromeDriver
Capabilities {acceptInsecureCerts: false, acceptSslCerts: false, applicationCacheEnabled: false, browserConnectionEnabled: false, browserName: chrome, chrome: {chromedriverVersion: 2.43.600229 (3fae4d0cda5334..., userDataDir: /var/folders/1t/c55l8xzs6gq...}, cssSelectorsEnabled: true, databaseEnabled: false, goog:chromeOptions: {debuggerAddress: localhost:65027}, handlesAlerts: true, hasTouchScreen: false, javascriptEnabled: true, locationContextEnabled: true, mobileEmulationEnabled: false, nativeEvents: true, networkConnectionEnabled: false, pageLoadStrategy: normal, platform: MAC, platformName: MAC, rotatable: false, setWindowRect: true, takesHeapSnapshot: true, takesScreenshot: true, unexpectedAlertBehaviour: , unhandledPromptBehavior: , version: 75.0.3770.100, webStorageEnabled: true}
Session ID: bff3c0064ec85fb8added658a365d5bf)
[[ATTACHMENT|/Users/sumankompelly/git/OCS--Relative-xpath-Desktop/Reports/Suite - Chrome/20190715_133533/1563215852182.png]]

2019-07-15 14:37:32 - [TEST_STEP][PASSED] - delay(1, OPTIONAL): Delayed 1 second(s)

2019-07-15 14:37:33 - [MESSAGE][PASSED] - Delayed 1 second(s)

2019-07-15 14:37:33 - [TEST_STEP][NOT_RUN] - click(findTestObject("Object Repository/COLLECTION PAGE _OR/Filter_OR/Page_Pre-Rolled  Ontario Cannabis S/span_Trans-caryophyllene"), OPTIONAL): NOT_RUN: click(findTestObject("Object Repository/COLLECTION PAGE _OR/Filter_OR/Page_Pre-Rolled  Ontario Cannabis S/span_Trans-caryophyllene"), OPTIONAL)

2019-07-15 14:37:33 - [MESSAGE][NOT_RUN] - NOT_RUN: click(findTestObject("Object Repository/COLLECTION PAGE _OR/Filter_OR/Page_Pre-Rolled  Ontario Cannabis S/span_Trans-caryophyllene"), OPTIONAL)

2019-07-15 14:37:33 - [TEST_STEP][PASSED] - click(findTestObject("OCS-DESKTOP/Filter flyout/Terpineol"), OPTIONAL): Object: 'Object Repository/OCS-DESKTOP/Filter flyout/Terpineol' is clicked on

2019-07-15 14:37:33 - [MESSAGE][PASSED] - Object: 'Object Repository/OCS-DESKTOP/Filter flyout/Terpineol' is clicked on

2019-07-15 14:37:33 - [TEST_STEP][PASSED] - click(findTestObject("OCS-DESKTOP/Filter flyout/Para-cymenene"), OPTIONAL): Object: 'Object Repository/OCS-DESKTOP/Filter flyout/Para-cymenene' is clicked on

2019-07-15 14:37:34 - [MESSAGE][PASSED] - Object: 'Object Repository/OCS-DESKTOP/Filter flyout/Para-cymenene' is clicked on

2019-07-15 14:37:34 - [TEST_STEP][PASSED] - click(findTestObject("OCS-DESKTOP/Filter flyout/Nerolidol"), OPTIONAL): Object: 'Object Repository/OCS-DESKTOP/Filter flyout/Nerolidol' is clicked on

2019-07-15 14:37:34 - [MESSAGE][PASSED] - Object: 'Object Repository/OCS-DESKTOP/Filter flyout/Nerolidol' is clicked on

2019-07-15 14:37:34 - [TEST_STEP][PASSED] - click(findTestObject("OCS-DESKTOP/Filter flyout/Linalool"), OPTIONAL): Object: 'Object Repository/OCS-DESKTOP/Filter flyout/Linalool' is clicked on

2019-07-15 14:37:34 - [MESSAGE][PASSED] - Object: 'Object Repository/OCS-DESKTOP/Filter flyout/Linalool' is clicked on

2019-07-15 14:37:34 - [TEST_STEP][PASSED] - click(findTestObject("OCS-DESKTOP/Filter flyout/Humulene"), OPTIONAL): Object: 'Object Repository/OCS-DESKTOP/Filter flyout/Humulene' is clicked on

2019-07-15 14:37:34 - [MESSAGE][PASSED] - Object: 'Object Repository/OCS-DESKTOP/Filter flyout/Humulene' is clicked on

2019-07-15 14:37:34 - [TEST_STEP][PASSED] - click(findTestObject("OCS-DESKTOP/Filter flyout/Bisabolol"), OPTIONAL): Object: 'Object Repository/OCS-DESKTOP/Filter flyout/Bisabolol' is clicked on

2019-07-15 14:37:34 - [MESSAGE][PASSED] - Object: 'Object Repository/OCS-DESKTOP/Filter flyout/Bisabolol' is clicked on

2019-07-15 14:37:34 - [TEST_STEP][PASSED] - click(findTestObject("OCS-DESKTOP/Filter flyout/Beta-caryophyllene"), OPTIONAL): Object: 'Object Repository/OCS-DESKTOP/Filter flyout/Beta-caryophyllene' is clicked on

2019-07-15 14:37:34 - [MESSAGE][PASSED] - Object: 'Object Repository/OCS-DESKTOP/Filter flyout/Beta-caryophyllene' is clicked on

2019-07-15 14:37:34 - [TEST_STEP][PASSED] - click(findTestObject("OCS-DESKTOP/Filter flyout/Alpha-caryophyllene"), OPTIONAL): Object: 'Object Repository/OCS-DESKTOP/Filter flyout/Alpha-caryophyllene' is clicked on

2019-07-15 14:37:34 - [MESSAGE][PASSED] - Object: 'Object Repository/OCS-DESKTOP/Filter flyout/Alpha-caryophyllene' is clicked on

2019-07-15 14:37:34 - [TEST_STEP][PASSED] - click(findTestObject("OCS-DESKTOP/Filter flyout/Trans-caryophyllene"), OPTIONAL): Object: 'Object Repository/OCS-DESKTOP/Filter flyout/Trans-caryophyllene' is clicked on

2019-07-15 14:37:34 - [MESSAGE][PASSED] - Object: 'Object Repository/OCS-DESKTOP/Filter flyout/Trans-caryophyllene' is clicked on

2019-07-15 14:37:34 - [TEST_STEP][PASSED] - delay(2): Delayed 2 second(s)

2019-07-15 14:37:36 - [MESSAGE][PASSED] - Delayed 2 second(s)

2019-07-15 14:37:36 - [TEST_STEP][PASSED] - delay(1, OPTIONAL): Delayed 1 second(s)

2019-07-15 14:37:37 - [MESSAGE][PASSED] - Delayed 1 second(s)

2019-07-15 14:37:37 - [TEST_STEP][PASSED] - click(findTestObject("OCS-DESKTOP/Filter flyout/Done (43)")): Object: 'Object Repository/OCS-DESKTOP/Filter flyout/Done (43)' is clicked on

2019-07-15 14:37:37 - [MESSAGE][PASSED] - Object: 'Object Repository/OCS-DESKTOP/Filter flyout/Done (43)' is clicked on

2019-07-15 14:37:37 - [TEST_STEP][PASSED] - a = getText(findTestObject("OCS-DESKTOP/Filter flyout/li_Pre-Rolled")): Text of object 'Object Repository/OCS-DESKTOP/Filter flyout/li_Pre-Rolled' is: 'DRIED FLOWER 25 Products'

2019-07-15 14:37:37 - [MESSAGE][PASSED] - Text of object 'Object Repository/OCS-DESKTOP/Filter flyout/li_Pre-Rolled' is: 'DRIED FLOWER 25 Products'

2019-07-15 14:37:37 - [TEST_STEP][PASSED] - comment(a): DRIED FLOWER 25 Products

2019-07-15 14:37:37 - [MESSAGE][INFO] - DRIED FLOWER 25 Products

2019-07-15 14:37:37 - [TEST_STEP][PASSED] - if (a == "40 Products"): null

2019-07-15 14:37:37 - [TEST_STEP][PASSED] - else: products filtered

2019-07-15 14:37:37 - [TEST_STEP][PASSED] - comment("products filtered"): products filtered

2019-07-15 14:37:37 - [MESSAGE][INFO] - products filtered

2019-07-15 14:37:37 - [TEST_STEP][NOT_RUN] - callTestCase(findTestCase("OCS - MOBILE/OCS-COLLECTION PAGE/calling test case"), [:], STOP_ON_FAILURE): NOT_RUN: callTestCase(findTestCase("OCS - MOBILE/OCS-COLLECTION PAGE/calling test case"), [:], STOP_ON_FAILURE)

2019-07-15 14:37:37 - [MESSAGE][NOT_RUN] - NOT_RUN: callTestCase(findTestCase("OCS - MOBILE/OCS-COLLECTION PAGE/calling test case"), [:], STOP_ON_FAILURE)

2019-07-15 14:37:37 - [TEST_STEP][NOT_RUN] - click(findTestObject("OCS-MOBILE /Filter flyout/Filter option")): NOT_RUN: click(findTestObject("OCS-MOBILE /Filter flyout/Filter option"))

2019-07-15 14:37:37 - [MESSAGE][NOT_RUN] - NOT_RUN: click(findTestObject("OCS-MOBILE /Filter flyout/Filter option"))

2019-07-15 14:37:37 - [TEST_STEP][NOT_RUN] - delay(2): NOT_RUN: delay(2)

2019-07-15 14:37:37 - [MESSAGE][NOT_RUN] - NOT_RUN: delay(2)

2019-07-15 14:37:37 - [TEST_STEP][NOT_RUN] - setViewPortSize(1000, 800, OPTIONAL): NOT_RUN: setViewPortSize(1000, 800, OPTIONAL)

2019-07-15 14:37:37 - [MESSAGE][NOT_RUN] - NOT_RUN: setViewPortSize(1000, 800, OPTIONAL)

2019-07-15 14:37:37 - [TEST_STEP][NOT_RUN] - delay(2, OPTIONAL): NOT_RUN: delay(2, OPTIONAL)

2019-07-15 14:37:37 - [MESSAGE][NOT_RUN] - NOT_RUN: delay(2, OPTIONAL)

2019-07-15 14:37:37 - [TEST_STEP][NOT_RUN] - click(findTestObject("Theme_oR/Page_Ontario Cannabis Store  Ontari/button_Hide bar"), OPTIONAL): NOT_RUN: click(findTestObject("Theme_oR/Page_Ontario Cannabis Store  Ontari/button_Hide bar"), OPTIONAL)

2019-07-15 14:37:37 - [MESSAGE][NOT_RUN] - NOT_RUN: click(findTestObject("Theme_oR/Page_Ontario Cannabis Store  Ontari/button_Hide bar"), OPTIONAL)

2019-07-15 14:37:37 - [TEST_STEP][NOT_RUN] - delay(2, OPTIONAL): NOT_RUN: delay(2, OPTIONAL)

2019-07-15 14:37:37 - [MESSAGE][NOT_RUN] - NOT_RUN: delay(2, OPTIONAL)

2019-07-15 14:37:37 - [TEST_STEP][NOT_RUN] - setViewPortSize(360, 800, OPTIONAL): NOT_RUN: setViewPortSize(360, 800, OPTIONAL)

2019-07-15 14:37:37 - [MESSAGE][NOT_RUN] - NOT_RUN: setViewPortSize(360, 800, OPTIONAL)

2019-07-15 14:37:37 - [TEST_STEP][NOT_RUN] - delay(1, OPTIONAL): NOT_RUN: delay(1, OPTIONAL)

2019-07-15 14:37:37 - [MESSAGE][NOT_RUN] - NOT_RUN: delay(1, OPTIONAL)

2019-07-15 14:37:37 - [TEST_STEP][NOT_RUN] - click(findTestObject("OCS-MOBILE /Filter flyout/Learn More About Terpenes")): NOT_RUN: click(findTestObject("OCS-MOBILE /Filter flyout/Learn More About Terpenes"))

2019-07-15 14:37:37 - [MESSAGE][NOT_RUN] - NOT_RUN: click(findTestObject("OCS-MOBILE /Filter flyout/Learn More About Terpenes"))]]></system-out>
         <system-err><![CDATA[]]></system-err>
      </testcase>
      <system-out><![CDATA[2019-07-15 13:35:37 - [TEST_SUITE][FAILED] - Suite - Chrome: Test Cases/OCS - DESKTOP/OCS- CRITICAL PATH/Checkout- Payment FAILED.
Reason:
com.kms.katalon.core.exception.StepFailedException: Unable to execute JavaScript. (Root cause: org.openqa.selenium.WebDriverException: unknown error: Cannot read property 'style' of null
  (Session info: chrome=75.0.3770.100)
  (Driver info: chromedriver=2.43.600229 (3fae4d0cda5334b4f533bede5a4787f7b832d052),platform=Mac OS X 10.13.6 x86_64) (WARNING: The server did not provide any stacktrace information)
Command duration or timeout: 0 milliseconds
Build info: version: '3.7.1', revision: '8a0099a', time: '2017-11-06T21:07:36.161Z'
System info: host: 'sumans-MacBook-Pro.local', ip: 'fe80:0:0:0:143c:9c68:90ad:a50%en0', os.name: 'Mac OS X', os.arch: 'x86_64', os.version: '10.13.6', java.version: '1.8.0_181'
Driver info: com.kms.katalon.selenium.driver.CChromeDriver
Capabilities {acceptInsecureCerts: false, acceptSslCerts: false, applicationCacheEnabled: false, browserConnectionEnabled: false, browserName: chrome, chrome: {chromedriverVersion: 2.43.600229 (3fae4d0cda5334..., userDataDir: /var/folders/1t/c55l8xzs6gq...}, cssSelectorsEnabled: true, databaseEnabled: false, goog:chromeOptions: {debuggerAddress: localhost:54585}, handlesAlerts: true, hasTouchScreen: false, javascriptEnabled: true, locationContextEnabled: true, mobileEmulationEnabled: false, nativeEvents: true, networkConnectionEnabled: false, pageLoadStrategy: normal, platform: MAC, platformName: MAC, rotatable: false, setWindowRect: true, takesHeapSnapshot: true, takesScreenshot: true, unexpectedAlertBehaviour: , unhandledPromptBehavior: , version: 75.0.3770.100, webStorageEnabled: true}
Session ID: cb665d98325fdc10befbb755626a8c3c)
	at com.kms.katalon.core.keyword.internal.KeywordMain.stepFailed(KeywordMain.groovy:36)
	at com.kms.katalon.core.webui.keyword.internal.WebUIKeywordMain.stepFailed(WebUIKeywordMain.groovy:65)
	at com.kms.katalon.core.webui.keyword.internal.WebUIKeywordMain.runKeyword(WebUIKeywordMain.groovy:27)
	at com.kms.katalon.core.webui.keyword.builtin.ExecuteJavaScriptKeyword.executeJavascript(ExecuteJavascriptKeyword.groovy:42)
	at com.kms.katalon.core.webui.keyword.builtin.ExecuteJavaScriptKeyword.execute(ExecuteJavascriptKeyword.groovy:37)
	at com.kms.katalon.core.keyword.internal.KeywordExecutor.executeKeywordForPlatform(KeywordExecutor.groovy:53)
	at com.kms.katalon.core.webui.keyword.WebUiBuiltInKeywords.executeJavaScript(WebUiBuiltInKeywords.groovy:3787)
	at com.kms.katalon.core.webui.keyword.WebUiBuiltInKeywords$executeJavaScript$2.call(Unknown Source)
	at Checkout- Payment.run(Checkout- Payment:103)
	at com.kms.katalon.core.main.ScriptEngine.run(ScriptEngine.java:194)
	at com.kms.katalon.core.main.ScriptEngine.runScriptAsRawText(ScriptEngine.java:119)
	at com.kms.katalon.core.main.TestCaseExecutor.runScript(TestCaseExecutor.java:328)
	at com.kms.katalon.core.main.TestCaseExecutor.doExecute(TestCaseExecutor.java:319)
	at com.kms.katalon.core.main.TestCaseExecutor.processExecutionPhase(TestCaseExecutor.java:298)
	at com.kms.katalon.core.main.TestCaseExecutor.accessMainPhase(TestCaseExecutor.java:290)
	at com.kms.katalon.core.main.TestCaseExecutor.execute(TestCaseExecutor.java:224)
	at com.kms.katalon.core.main.TestSuiteExecutor.accessTestCaseMainPhase(TestSuiteExecutor.java:129)
	at com.kms.katalon.core.main.TestSuiteExecutor.accessTestSuiteMainPhase(TestSuiteExecutor.java:112)
	at com.kms.katalon.core.main.TestSuiteExecutor.execute(TestSuiteExecutor.java:81)
	at com.kms.katalon.core.main.TestCaseMain.startTestSuite(TestCaseMain.java:149)
	at com.kms.katalon.core.main.TestCaseMain$startTestSuite$0.call(Unknown Source)
	at TempTestSuite1563212133201.run(TempTestSuite1563212133201.groovy:36)]]></system-out>
      <system-err><![CDATA[2019-07-15 13:35:37 - [TEST_SUITE][FAILED] - Suite - Chrome: Test Cases/OCS - DESKTOP/OCS- CRITICAL PATH/Checkout- Payment FAILED.
Reason:
com.kms.katalon.core.exception.StepFailedException: Unable to execute JavaScript. (Root cause: org.openqa.selenium.WebDriverException: unknown error: Cannot read property 'style' of null
  (Session info: chrome=75.0.3770.100)
  (Driver info: chromedriver=2.43.600229 (3fae4d0cda5334b4f533bede5a4787f7b832d052),platform=Mac OS X 10.13.6 x86_64) (WARNING: The server did not provide any stacktrace information)
Command duration or timeout: 0 milliseconds
Build info: version: '3.7.1', revision: '8a0099a', time: '2017-11-06T21:07:36.161Z'
System info: host: 'sumans-MacBook-Pro.local', ip: 'fe80:0:0:0:143c:9c68:90ad:a50%en0', os.name: 'Mac OS X', os.arch: 'x86_64', os.version: '10.13.6', java.version: '1.8.0_181'
Driver info: com.kms.katalon.selenium.driver.CChromeDriver
Capabilities {acceptInsecureCerts: false, acceptSslCerts: false, applicationCacheEnabled: false, browserConnectionEnabled: false, browserName: chrome, chrome: {chromedriverVersion: 2.43.600229 (3fae4d0cda5334..., userDataDir: /var/folders/1t/c55l8xzs6gq...}, cssSelectorsEnabled: true, databaseEnabled: false, goog:chromeOptions: {debuggerAddress: localhost:54585}, handlesAlerts: true, hasTouchScreen: false, javascriptEnabled: true, locationContextEnabled: true, mobileEmulationEnabled: false, nativeEvents: true, networkConnectionEnabled: false, pageLoadStrategy: normal, platform: MAC, platformName: MAC, rotatable: false, setWindowRect: true, takesHeapSnapshot: true, takesScreenshot: true, unexpectedAlertBehaviour: , unhandledPromptBehavior: , version: 75.0.3770.100, webStorageEnabled: true}
Session ID: cb665d98325fdc10befbb755626a8c3c)
	at com.kms.katalon.core.keyword.internal.KeywordMain.stepFailed(KeywordMain.groovy:36)
	at com.kms.katalon.core.webui.keyword.internal.WebUIKeywordMain.stepFailed(WebUIKeywordMain.groovy:65)
	at com.kms.katalon.core.webui.keyword.internal.WebUIKeywordMain.runKeyword(WebUIKeywordMain.groovy:27)
	at com.kms.katalon.core.webui.keyword.builtin.ExecuteJavaScriptKeyword.executeJavascript(ExecuteJavascriptKeyword.groovy:42)
	at com.kms.katalon.core.webui.keyword.builtin.ExecuteJavaScriptKeyword.execute(ExecuteJavascriptKeyword.groovy:37)
	at com.kms.katalon.core.keyword.internal.KeywordExecutor.executeKeywordForPlatform(KeywordExecutor.groovy:53)
	at com.kms.katalon.core.webui.keyword.WebUiBuiltInKeywords.executeJavaScript(WebUiBuiltInKeywords.groovy:3787)
	at com.kms.katalon.core.webui.keyword.WebUiBuiltInKeywords$executeJavaScript$2.call(Unknown Source)
	at Checkout- Payment.run(Checkout- Payment:103)
	at com.kms.katalon.core.main.ScriptEngine.run(ScriptEngine.java:194)
	at com.kms.katalon.core.main.ScriptEngine.runScriptAsRawText(ScriptEngine.java:119)
	at com.kms.katalon.core.main.TestCaseExecutor.runScript(TestCaseExecutor.java:328)
	at com.kms.katalon.core.main.TestCaseExecutor.doExecute(TestCaseExecutor.java:319)
	at com.kms.katalon.core.main.TestCaseExecutor.processExecutionPhase(TestCaseExecutor.java:298)
	at com.kms.katalon.core.main.TestCaseExecutor.accessMainPhase(TestCaseExecutor.java:290)
	at com.kms.katalon.core.main.TestCaseExecutor.execute(TestCaseExecutor.java:224)
	at com.kms.katalon.core.main.TestSuiteExecutor.accessTestCaseMainPhase(TestSuiteExecutor.java:129)
	at com.kms.katalon.core.main.TestSuiteExecutor.accessTestSuiteMainPhase(TestSuiteExecutor.java:112)
	at com.kms.katalon.core.main.TestSuiteExecutor.execute(TestSuiteExecutor.java:81)
	at com.kms.katalon.core.main.TestCaseMain.startTestSuite(TestCaseMain.java:149)
	at com.kms.katalon.core.main.TestCaseMain$startTestSuite$0.call(Unknown Source)
	at TempTestSuite1563212133201.run(TempTestSuite1563212133201.groovy:36)]]></system-err>
   </testsuite>
</testsuites>
