<?xml version="1.0" encoding="UTF-8"?>
<testsuites name="OCS- 1.9.2.1" time="2238" tests="22" failures="20" errors="0">
   <testsuite name="OCS- 1.9.2.1" tests="22" failures="20" errors="0" time="2238" timestamp="2019-06-07 13:16:17" hostname="sumankompelly - 10.0.126.233" id="Test Suites/OCS- 1.9.2.1">
      <properties>
         <property name="deviceName" value=""/>
         <property name="devicePlatform" value=""/>
         <property name="logFolder" value="/Users/sumankompelly/Relative xpath-Desktop/Reports/OCS- 1.9.2.1/20190607_131615"/>
         <property name="logFiles" value="/Users/sumankompelly/Relative xpath-Desktop/Reports/OCS- 1.9.2.1/20190607_131615/execution0.log"/>
         <property name="attachments" value="/Users/sumankompelly/Relative xpath-Desktop/Reports/OCS- 1.9.2.1/20190607_131615/1559927842156.png, /Users/sumankompelly/Relative xpath-Desktop/Reports/OCS- 1.9.2.1/20190607_131615/1559928063262.png, /Users/sumankompelly/Relative xpath-Desktop/Reports/OCS- 1.9.2.1/20190607_131615/1559928099284.png, /Users/sumankompelly/Relative xpath-Desktop/Reports/OCS- 1.9.2.1/20190607_131615/1559928103994.png, /Users/sumankompelly/Relative xpath-Desktop/Reports/OCS- 1.9.2.1/20190607_131615/1559928163730.png, /Users/sumankompelly/Relative xpath-Desktop/Reports/OCS- 1.9.2.1/20190607_131615/1559928190111.png, /Users/sumankompelly/Relative xpath-Desktop/Reports/OCS- 1.9.2.1/20190607_131615/1559928199943.png, /Users/sumankompelly/Relative xpath-Desktop/Reports/OCS- 1.9.2.1/20190607_131615/1559928309712.png, /Users/sumankompelly/Relative xpath-Desktop/Reports/OCS- 1.9.2.1/20190607_131615/1559928574421.png, /Users/sumankompelly/Relative xpath-Desktop/Reports/OCS- 1.9.2.1/20190607_131615/1559928804329.png, /Users/sumankompelly/Relative xpath-Desktop/Reports/OCS- 1.9.2.1/20190607_131615/1559928919371.png, /Users/sumankompelly/Relative xpath-Desktop/Reports/OCS- 1.9.2.1/20190607_131615/1559929050758.png, /Users/sumankompelly/Relative xpath-Desktop/Reports/OCS- 1.9.2.1/20190607_131615/1559929225319.png, /Users/sumankompelly/Relative xpath-Desktop/Reports/OCS- 1.9.2.1/20190607_131615/1559929292926.png, /Users/sumankompelly/Relative xpath-Desktop/Reports/OCS- 1.9.2.1/20190607_131615/1559929430134.png, /Users/sumankompelly/Relative xpath-Desktop/Reports/OCS- 1.9.2.1/20190607_131615/1559929575426.png, /Users/sumankompelly/Relative xpath-Desktop/Reports/OCS- 1.9.2.1/20190607_131615/1559929643965.png, /Users/sumankompelly/Relative xpath-Desktop/Reports/OCS- 1.9.2.1/20190607_131615/1559929673931.png, /Users/sumankompelly/Relative xpath-Desktop/Reports/OCS- 1.9.2.1/20190607_131615/1559929737037.png, /Users/sumankompelly/Relative xpath-Desktop/Reports/OCS- 1.9.2.1/20190607_131615/1559929804120.png, /Users/sumankompelly/Relative xpath-Desktop/Reports/OCS- 1.9.2.1/20190607_131615/1559929891954.png, /Users/sumankompelly/Relative xpath-Desktop/Reports/OCS- 1.9.2.1/20190607_131615/1559929910652.png, /Users/sumankompelly/Relative xpath-Desktop/Reports/OCS- 1.9.2.1/20190607_131615/1559929976573.png, /Users/sumankompelly/Relative xpath-Desktop/Reports/OCS- 1.9.2.1/20190607_131615/1559929994910.png, /Users/sumankompelly/Relative xpath-Desktop/Reports/OCS- 1.9.2.1/20190607_131615/1559930014857.png"/>
         <property name="hostName" value="sumankompelly - 10.0.126.233"/>
         <property name="os" value="Mac OS X 64bit"/>
         <property name="katalonVersion" value="5.10.1.1"/>
         <property name="browser" value="Chrome 75.0.3770.80"/>
         <property name="hostAddress" value="10.0.126.233"/>
         <property name="sessionId" value="548d67e5b71170d92429c3144043fea7"/>
         <property name="seleniumVersion" value="3.7.1"/>
         <property name="proxyInformation" value="ProxyInformation{proxyOption=NO_PROXY, proxyServerType=HTTP, password=, proxyServerAddress=, proxyServerPort=0}"/>
         <property name="platform" value="Mac OS X"/>
      </properties>
      <testcase name="Test Cases/OCS - DESKTOP/OCS- CRITICAL PATH/Cart flyout- increase qty" classname="Test Cases/OCS - DESKTOP/OCS- CRITICAL PATH/Cart flyout- increase qty" status="PASSED">
         <system-out><![CDATA[2019-06-07 13:16:17 - [TEST_CASE][PASSED] - Test Cases/OCS - DESKTOP/OCS- CRITICAL PATH/Cart flyout- increase qty: Test Cases/OCS - DESKTOP/OCS- CRITICAL PATH/Cart flyout- increase qty

2019-06-07 13:16:18 - [TEST_STEP][PASSED] - callTestCase(findTestCase("OCS - DESKTOP/CALL - Navigate to PDP"), [:], STOP_ON_FAILURE): Call Test Case 'Test Cases/OCS - DESKTOP/CALL - Navigate to PDP' successfully

2019-06-07 13:16:18 - [TEST_CASE][PASSED] - Test Cases/OCS - DESKTOP/CALL - Navigate to PDP: Test Cases/OCS - DESKTOP/CALL - Navigate to PDP

2019-06-07 13:16:18 - [TEST_STEP][PASSED] - openBrowser(""): Browser is opened with url: ''

2019-06-07 13:16:18 - [MESSAGE][INFO] - Starting 'Chrome' driver

2019-06-07 13:16:18 - [MESSAGE][INFO] - Action delay is set to 0 seconds

2019-06-07 13:16:20 - [MESSAGE][PASSED] - Browser is opened with url: ''

2019-06-07 13:16:20 - [TEST_STEP][PASSED] - maximizeWindow(): Current window maximized

2019-06-07 13:16:21 - [MESSAGE][PASSED] - Current window maximized

2019-06-07 13:16:21 - [TEST_STEP][PASSED] - navigateToUrl("https://ocs.ca/?fts=0&preview_theme_id=72920074060"): Navigate to 'https://ocs.ca/?fts=0&preview_theme_id=72920074060' successfully

2019-06-07 13:16:25 - [MESSAGE][PASSED] - Navigate to 'https://ocs.ca/?fts=0&preview_theme_id=72920074060' successfully

2019-06-07 13:16:25 - [TEST_STEP][PASSED] - executeJavaScript("var previewBar = document.getElementById("preview-bar-iframe"); previewBar.style.display = "none";", []): Execute JavaScript 'var previewBar = document.getElementById("preview-bar-iframe"); previewBar.style.display = "none";' successfully

2019-06-07 13:16:25 - [MESSAGE][PASSED] - Execute JavaScript 'var previewBar = document.getElementById("preview-bar-iframe"); previewBar.style.display = "none";' successfully

2019-06-07 13:16:25 - [TEST_STEP][PASSED] - delay(4): Delayed 4 second(s)

2019-06-07 13:16:29 - [MESSAGE][PASSED] - Delayed 4 second(s)

2019-06-07 13:16:29 - [TEST_STEP][PASSED] - selectOptionByValue(findTestObject("OCS-DESKTOP/Age gate and Mega menu/Date"), "12", true): All options with value '12' are selected in object 'Object Repository/OCS-DESKTOP/Age gate and Mega menu/Date'  using regular expression

2019-06-07 13:16:29 - [MESSAGE][PASSED] - All options with value '12' are selected in object 'Object Repository/OCS-DESKTOP/Age gate and Mega menu/Date'  using regular expression

2019-06-07 13:16:29 - [TEST_STEP][PASSED] - selectOptionByValue(findTestObject("OCS-DESKTOP/Age gate and Mega menu/month"), "6", true): All options with value '6' are selected in object 'Object Repository/OCS-DESKTOP/Age gate and Mega menu/month'  using regular expression

2019-06-07 13:16:29 - [MESSAGE][PASSED] - All options with value '6' are selected in object 'Object Repository/OCS-DESKTOP/Age gate and Mega menu/month'  using regular expression

2019-06-07 13:16:29 - [TEST_STEP][PASSED] - delay(2): Delayed 2 second(s)

2019-06-07 13:16:31 - [MESSAGE][PASSED] - Delayed 2 second(s)

2019-06-07 13:16:31 - [TEST_STEP][PASSED] - selectOptionByValue(findTestObject("OCS-DESKTOP/Age gate and Mega menu/Year Dropdown"), "1990", true): All options with value '1990' are selected in object 'Object Repository/OCS-DESKTOP/Age gate and Mega menu/Year Dropdown'  using regular expression

2019-06-07 13:16:32 - [MESSAGE][PASSED] - All options with value '1990' are selected in object 'Object Repository/OCS-DESKTOP/Age gate and Mega menu/Year Dropdown'  using regular expression

2019-06-07 13:16:32 - [TEST_STEP][PASSED] - click(findTestObject("OCS-DESKTOP/Age gate and Mega menu/button_Verify")): Object: 'Object Repository/OCS-DESKTOP/Age gate and Mega menu/button_Verify' is clicked on

2019-06-07 13:16:32 - [MESSAGE][PASSED] - Object: 'Object Repository/OCS-DESKTOP/Age gate and Mega menu/button_Verify' is clicked on

2019-06-07 13:16:32 - [TEST_STEP][PASSED] - click(findTestObject("OCS-DESKTOP/Age gate and Mega menu/Checkbox_CONFIRM AND ACKNOWLEDGE")): Object: 'Object Repository/OCS-DESKTOP/Age gate and Mega menu/Checkbox_CONFIRM AND ACKNOWLEDGE' is clicked on

2019-06-07 13:16:33 - [MESSAGE][PASSED] - Object: 'Object Repository/OCS-DESKTOP/Age gate and Mega menu/Checkbox_CONFIRM AND ACKNOWLEDGE' is clicked on

2019-06-07 13:16:33 - [TEST_STEP][PASSED] - click(findTestObject("OCS-DESKTOP/Age gate and Mega menu/button_CONFIRM")): Object: 'Object Repository/OCS-DESKTOP/Age gate and Mega menu/button_CONFIRM' is clicked on

2019-06-07 13:16:33 - [MESSAGE][PASSED] - Object: 'Object Repository/OCS-DESKTOP/Age gate and Mega menu/button_CONFIRM' is clicked on

2019-06-07 13:16:33 - [TEST_STEP][PASSED] - click(findTestObject("OCS-DESKTOP/Age gate and Mega menu/button_Start Browsing")): Object: 'Object Repository/OCS-DESKTOP/Age gate and Mega menu/button_Start Browsing' is clicked on

2019-06-07 13:16:33 - [MESSAGE][PASSED] - Object: 'Object Repository/OCS-DESKTOP/Age gate and Mega menu/button_Start Browsing' is clicked on

2019-06-07 13:16:33 - [TEST_STEP][PASSED] - delay(2): Delayed 2 second(s)

2019-06-07 13:16:35 - [MESSAGE][PASSED] - Delayed 2 second(s)

2019-06-07 13:16:35 - [TEST_STEP][PASSED] - navigateToUrl("https://ocs.ca/products/la-confidential"): Navigate to 'https://ocs.ca/products/la-confidential' successfully

2019-06-07 13:16:38 - [MESSAGE][PASSED] - Navigate to 'https://ocs.ca/products/la-confidential' successfully

2019-06-07 13:16:38 - [TEST_STEP][PASSED] - executeJavaScript("var previewBar = document.getElementById("preview-bar-iframe"); previewBar.style.display = "none";", []): Execute JavaScript 'var previewBar = document.getElementById("preview-bar-iframe"); previewBar.style.display = "none";' successfully

2019-06-07 13:16:38 - [MESSAGE][PASSED] - Execute JavaScript 'var previewBar = document.getElementById("preview-bar-iframe"); previewBar.style.display = "none";' successfully

2019-06-07 13:16:38 - [MESSAGE][PASSED] - Call Test Case 'Test Cases/OCS - DESKTOP/CALL - Navigate to PDP' successfully

2019-06-07 13:16:38 - [TEST_STEP][NOT_RUN] - scrollToElement(findTestObject("OCS-DESKTOP/Product page/Product image"), 1): NOT_RUN: scrollToElement(findTestObject("OCS-DESKTOP/Product page/Product image"), 1)

2019-06-07 13:16:38 - [MESSAGE][NOT_RUN] - NOT_RUN: scrollToElement(findTestObject("OCS-DESKTOP/Product page/Product image"), 1)

2019-06-07 13:16:38 - [TEST_STEP][PASSED] - delay(2): Delayed 2 second(s)

2019-06-07 13:16:40 - [MESSAGE][PASSED] - Delayed 2 second(s)

2019-06-07 13:16:40 - [TEST_STEP][PASSED] - flag = verifyElementPresent(findTestObject("OCS-DESKTOP/Product page/Swatch_3.5g"), 0): Object 'Object Repository/OCS-DESKTOP/Product page/Swatch_3.5g' is present

2019-06-07 13:16:40 - [MESSAGE][WARNING] - Timeout '0' is invalid. Using default page load timeout: '30'

2019-06-07 13:16:40 - [MESSAGE][PASSED] - Object 'Object Repository/OCS-DESKTOP/Product page/Swatch_3.5g' is present

2019-06-07 13:16:40 - [TEST_STEP][PASSED] - comment(" flag =" + flag):  flag =true

2019-06-07 13:16:40 - [MESSAGE][INFO] -  flag =true

2019-06-07 13:16:40 - [TEST_STEP][PASSED] - if (flag == true):  price changed . Quantity selector is working

2019-06-07 13:16:40 - [TEST_STEP][PASSED] - click(findTestObject("OCS-DESKTOP/Product page/Swatch_3.5g")): Object: 'Object Repository/OCS-DESKTOP/Product page/Swatch_3.5g' is clicked on

2019-06-07 13:16:41 - [MESSAGE][PASSED] - Object: 'Object Repository/OCS-DESKTOP/Product page/Swatch_3.5g' is clicked on

2019-06-07 13:16:41 - [TEST_STEP][PASSED] - delay(2): Delayed 2 second(s)

2019-06-07 13:16:43 - [MESSAGE][PASSED] - Delayed 2 second(s)

2019-06-07 13:16:43 - [TEST_STEP][PASSED] - click(findTestObject("OCS-DESKTOP/Product page/Quantity Increase - Button")): Object: 'Object Repository/OCS-DESKTOP/Product page/Quantity Increase - Button' is clicked on

2019-06-07 13:16:43 - [MESSAGE][PASSED] - Object: 'Object Repository/OCS-DESKTOP/Product page/Quantity Increase - Button' is clicked on

2019-06-07 13:16:43 - [TEST_STEP][PASSED] - delay(2): Delayed 2 second(s)

2019-06-07 13:16:45 - [MESSAGE][PASSED] - Delayed 2 second(s)

2019-06-07 13:16:45 - [TEST_STEP][PASSED] - click(findTestObject("OCS-DESKTOP/Product page/Add to Bag-button")): Object: 'Object Repository/OCS-DESKTOP/Product page/Add to Bag-button' is clicked on

2019-06-07 13:16:45 - [MESSAGE][PASSED] - Object: 'Object Repository/OCS-DESKTOP/Product page/Add to Bag-button' is clicked on

2019-06-07 13:16:45 - [TEST_STEP][PASSED] - delay(1): Delayed 1 second(s)

2019-06-07 13:16:46 - [MESSAGE][PASSED] - Delayed 1 second(s)

2019-06-07 13:16:46 - [TEST_STEP][NOT_RUN] - click(findTestObject("OCS-DESKTOP/Cart flyout/Quantity increase - Product")): NOT_RUN: click(findTestObject("OCS-DESKTOP/Cart flyout/Quantity increase - Product"))

2019-06-07 13:16:46 - [MESSAGE][NOT_RUN] - NOT_RUN: click(findTestObject("OCS-DESKTOP/Cart flyout/Quantity increase - Product"))

2019-06-07 13:16:46 - [TEST_STEP][PASSED] - delay(1): Delayed 1 second(s)

2019-06-07 13:16:47 - [MESSAGE][PASSED] - Delayed 1 second(s)

2019-06-07 13:16:47 - [TEST_STEP][NOT_RUN] - click(findTestObject("OCS-DESKTOP/Cart flyout/Quantity increase - Product")): NOT_RUN: click(findTestObject("OCS-DESKTOP/Cart flyout/Quantity increase - Product"))

2019-06-07 13:16:47 - [MESSAGE][NOT_RUN] - NOT_RUN: click(findTestObject("OCS-DESKTOP/Cart flyout/Quantity increase - Product"))

2019-06-07 13:16:47 - [TEST_STEP][PASSED] - delay(2): Delayed 2 second(s)

2019-06-07 13:16:49 - [MESSAGE][PASSED] - Delayed 2 second(s)

2019-06-07 13:16:49 - [TEST_STEP][PASSED] - a = getText(findTestObject("OCS-DESKTOP/Cart flyout/Unit price - Product")): Text of object 'Object Repository/OCS-DESKTOP/Cart flyout/Unit price - Product' is: '$70.00'

2019-06-07 13:16:49 - [MESSAGE][PASSED] - Text of object 'Object Repository/OCS-DESKTOP/Cart flyout/Unit price - Product' is: '$70.00'

2019-06-07 13:16:49 - [TEST_STEP][PASSED] - comment(a): $70.00

2019-06-07 13:16:49 - [MESSAGE][INFO] - $70.00

2019-06-07 13:16:49 - [TEST_STEP][PASSED] - b = a.substring(1): null

2019-06-07 13:16:49 - [TEST_STEP][PASSED] - comment(b): 70.00

2019-06-07 13:16:49 - [MESSAGE][INFO] - 70.00

2019-06-07 13:16:49 - [TEST_STEP][PASSED] - la = b.substring(0, b.length() - 1): null

2019-06-07 13:16:49 - [TEST_STEP][PASSED] - comment("la=" + la): la=70.0

2019-06-07 13:16:49 - [MESSAGE][INFO] - la=70.0

2019-06-07 13:16:49 - [TEST_STEP][PASSED] - la1 = la.substring(0, la.length() - 1): null

2019-06-07 13:16:49 - [TEST_STEP][PASSED] - comment(" la1 =" + la1):  la1 =70.

2019-06-07 13:16:49 - [MESSAGE][INFO] -  la1 =70.

2019-06-07 13:16:49 - [TEST_STEP][PASSED] - la2 = la1.substring(0, la1.length() - 1): null

2019-06-07 13:16:49 - [TEST_STEP][PASSED] - comment("la2 =" + la2): la2 =70

2019-06-07 13:16:49 - [MESSAGE][INFO] - la2 =70

2019-06-07 13:16:49 - [TEST_STEP][PASSED] - click(findTestObject("OCS-DESKTOP/Cart flyout/input_-_updates")): Object: 'Object Repository/OCS-DESKTOP/Cart flyout/input_-_updates' is clicked on

2019-06-07 13:16:49 - [MESSAGE][PASSED] - Object: 'Object Repository/OCS-DESKTOP/Cart flyout/input_-_updates' is clicked on

2019-06-07 13:16:49 - [TEST_STEP][PASSED] - delay(1): Delayed 1 second(s)

2019-06-07 13:16:50 - [MESSAGE][PASSED] - Delayed 1 second(s)

2019-06-07 13:16:50 - [TEST_STEP][PASSED] - doubleClick(findTestObject("OCS-DESKTOP/Cart flyout/input_-_updates")): Object: 'Object Repository/OCS-DESKTOP/Cart flyout/input_-_updates' is double clicked on

2019-06-07 13:16:50 - [MESSAGE][PASSED] - Object: 'Object Repository/OCS-DESKTOP/Cart flyout/input_-_updates' is double clicked on

2019-06-07 13:16:50 - [TEST_STEP][NOT_RUN] - setText(findTestObject("OCS-DESKTOP/Cart flyout/Qty - Input field"), Keys.chord(CLEAR)): NOT_RUN: setText(findTestObject("OCS-DESKTOP/Cart flyout/Qty - Input field"), Keys.chord(CLEAR))

2019-06-07 13:16:50 - [MESSAGE][NOT_RUN] - NOT_RUN: setText(findTestObject("OCS-DESKTOP/Cart flyout/Qty - Input field"), Keys.chord(CLEAR))

2019-06-07 13:16:50 - [TEST_STEP][PASSED] - delay(1): Delayed 1 second(s)

2019-06-07 13:16:51 - [MESSAGE][PASSED] - Delayed 1 second(s)

2019-06-07 13:16:51 - [TEST_STEP][PASSED] - setText(findTestObject("OCS-DESKTOP/Cart flyout/input_-_updates"), "3"): Text '3' is set on object 'Object Repository/OCS-DESKTOP/Cart flyout/input_-_updates'

2019-06-07 13:16:51 - [MESSAGE][PASSED] - Text '3' is set on object 'Object Repository/OCS-DESKTOP/Cart flyout/input_-_updates'

2019-06-07 13:16:51 - [TEST_STEP][PASSED] - delay(2): Delayed 2 second(s)

2019-06-07 13:16:53 - [MESSAGE][PASSED] - Delayed 2 second(s)

2019-06-07 13:16:53 - [TEST_STEP][PASSED] - click(findTestObject("OCS-DESKTOP/Cart flyout/Quantity increase - Product")): Object: 'Object Repository/OCS-DESKTOP/Cart flyout/Quantity increase - Product' is clicked on

2019-06-07 13:16:53 - [MESSAGE][PASSED] - Object: 'Object Repository/OCS-DESKTOP/Cart flyout/Quantity increase - Product' is clicked on

2019-06-07 13:16:53 - [TEST_STEP][PASSED] - delay(2): Delayed 2 second(s)

2019-06-07 13:16:55 - [MESSAGE][PASSED] - Delayed 2 second(s)

2019-06-07 13:16:55 - [TEST_STEP][PASSED] - click(findTestObject("OCS-DESKTOP/Cart flyout/Quantity increase - Product")): Object: 'Object Repository/OCS-DESKTOP/Cart flyout/Quantity increase - Product' is clicked on

2019-06-07 13:16:55 - [MESSAGE][PASSED] - Object: 'Object Repository/OCS-DESKTOP/Cart flyout/Quantity increase - Product' is clicked on

2019-06-07 13:16:55 - [TEST_STEP][PASSED] - delay(2): Delayed 2 second(s)

2019-06-07 13:16:57 - [MESSAGE][PASSED] - Delayed 2 second(s)

2019-06-07 13:16:57 - [TEST_STEP][PASSED] - click(findTestObject("OCS-DESKTOP/Cart flyout/Quantity increase - Product")): Object: 'Object Repository/OCS-DESKTOP/Cart flyout/Quantity increase - Product' is clicked on

2019-06-07 13:16:57 - [MESSAGE][PASSED] - Object: 'Object Repository/OCS-DESKTOP/Cart flyout/Quantity increase - Product' is clicked on

2019-06-07 13:16:57 - [TEST_STEP][PASSED] - delay(2): Delayed 2 second(s)

2019-06-07 13:16:59 - [MESSAGE][PASSED] - Delayed 2 second(s)

2019-06-07 13:16:59 - [TEST_STEP][PASSED] - c = getText(findTestObject("OCS-DESKTOP/Cart flyout/Sub-total Price")): Text of object 'Object Repository/OCS-DESKTOP/Cart flyout/Sub-total Price' is: '$210.00'

2019-06-07 13:16:59 - [MESSAGE][PASSED] - Text of object 'Object Repository/OCS-DESKTOP/Cart flyout/Sub-total Price' is: '$210.00'

2019-06-07 13:16:59 - [TEST_STEP][PASSED] - comment(c): $210.00

2019-06-07 13:16:59 - [MESSAGE][INFO] - $210.00

2019-06-07 13:16:59 - [TEST_STEP][PASSED] - d = c.substring(1): null

2019-06-07 13:16:59 - [TEST_STEP][PASSED] - comment(d): 210.00

2019-06-07 13:16:59 - [MESSAGE][INFO] - 210.00

2019-06-07 13:16:59 - [TEST_STEP][PASSED] - verifyNotEqual("c", "d"): Actual object 'c' and expected object 'd' are not equal

2019-06-07 13:16:59 - [MESSAGE][PASSED] - Actual object 'c' and expected object 'd' are not equal

2019-06-07 13:16:59 - [TEST_STEP][PASSED] - comment(" price changed . Quantity selector is working"):  price changed . Quantity selector is working

2019-06-07 13:16:59 - [MESSAGE][INFO] -  price changed . Quantity selector is working]]></system-out>
         <system-err><![CDATA[]]></system-err>
      </testcase>
      <testcase name="Test Cases/OCS - DESKTOP/OCS- CRITICAL PATH/Cart flyout- decrease qty" classname="Test Cases/OCS - DESKTOP/OCS- CRITICAL PATH/Cart flyout- decrease qty" status="PASSED">
         <system-out><![CDATA[2019-06-07 13:16:59 - [TEST_CASE][PASSED] - Test Cases/OCS - DESKTOP/OCS- CRITICAL PATH/Cart flyout- decrease qty: Test Cases/OCS - DESKTOP/OCS- CRITICAL PATH/Cart flyout- decrease qty

2019-06-07 13:16:59 - [TEST_STEP][PASSED] - callTestCase(findTestCase("OCS - DESKTOP/CALL - Navigate to PDP"), [:], STOP_ON_FAILURE): Call Test Case 'Test Cases/OCS - DESKTOP/CALL - Navigate to PDP' successfully

2019-06-07 13:17:00 - [TEST_CASE][PASSED] - Test Cases/OCS - DESKTOP/CALL - Navigate to PDP: Test Cases/OCS - DESKTOP/CALL - Navigate to PDP

2019-06-07 13:17:00 - [TEST_STEP][PASSED] - openBrowser(""): Browser is opened with url: ''

2019-06-07 13:17:00 - [MESSAGE][WARNING] - A browser is already opened. Closing browser and opening a new one

2019-06-07 13:17:00 - [MESSAGE][INFO] - Starting 'Chrome' driver

2019-06-07 13:17:01 - [MESSAGE][PASSED] - Browser is opened with url: ''

2019-06-07 13:17:01 - [TEST_STEP][PASSED] - maximizeWindow(): Current window maximized

2019-06-07 13:17:01 - [MESSAGE][PASSED] - Current window maximized

2019-06-07 13:17:01 - [TEST_STEP][PASSED] - navigateToUrl("https://ocs.ca/?fts=0&preview_theme_id=72920074060"): Navigate to 'https://ocs.ca/?fts=0&preview_theme_id=72920074060' successfully

2019-06-07 13:17:05 - [MESSAGE][PASSED] - Navigate to 'https://ocs.ca/?fts=0&preview_theme_id=72920074060' successfully

2019-06-07 13:17:05 - [TEST_STEP][PASSED] - executeJavaScript("var previewBar = document.getElementById("preview-bar-iframe"); previewBar.style.display = "none";", []): Execute JavaScript 'var previewBar = document.getElementById("preview-bar-iframe"); previewBar.style.display = "none";' successfully

2019-06-07 13:17:06 - [MESSAGE][PASSED] - Execute JavaScript 'var previewBar = document.getElementById("preview-bar-iframe"); previewBar.style.display = "none";' successfully

2019-06-07 13:17:06 - [TEST_STEP][PASSED] - delay(4): Delayed 4 second(s)

2019-06-07 13:17:10 - [MESSAGE][PASSED] - Delayed 4 second(s)

2019-06-07 13:17:10 - [TEST_STEP][PASSED] - selectOptionByValue(findTestObject("OCS-DESKTOP/Age gate and Mega menu/Date"), "12", true): All options with value '12' are selected in object 'Object Repository/OCS-DESKTOP/Age gate and Mega menu/Date'  using regular expression

2019-06-07 13:17:10 - [MESSAGE][PASSED] - All options with value '12' are selected in object 'Object Repository/OCS-DESKTOP/Age gate and Mega menu/Date'  using regular expression

2019-06-07 13:17:10 - [TEST_STEP][PASSED] - selectOptionByValue(findTestObject("OCS-DESKTOP/Age gate and Mega menu/month"), "6", true): All options with value '6' are selected in object 'Object Repository/OCS-DESKTOP/Age gate and Mega menu/month'  using regular expression

2019-06-07 13:17:10 - [MESSAGE][PASSED] - All options with value '6' are selected in object 'Object Repository/OCS-DESKTOP/Age gate and Mega menu/month'  using regular expression

2019-06-07 13:17:10 - [TEST_STEP][PASSED] - delay(2): Delayed 2 second(s)

2019-06-07 13:17:12 - [MESSAGE][PASSED] - Delayed 2 second(s)

2019-06-07 13:17:12 - [TEST_STEP][PASSED] - selectOptionByValue(findTestObject("OCS-DESKTOP/Age gate and Mega menu/Year Dropdown"), "1990", true): All options with value '1990' are selected in object 'Object Repository/OCS-DESKTOP/Age gate and Mega menu/Year Dropdown'  using regular expression

2019-06-07 13:17:13 - [MESSAGE][PASSED] - All options with value '1990' are selected in object 'Object Repository/OCS-DESKTOP/Age gate and Mega menu/Year Dropdown'  using regular expression

2019-06-07 13:17:13 - [TEST_STEP][PASSED] - click(findTestObject("OCS-DESKTOP/Age gate and Mega menu/button_Verify")): Object: 'Object Repository/OCS-DESKTOP/Age gate and Mega menu/button_Verify' is clicked on

2019-06-07 13:17:13 - [MESSAGE][PASSED] - Object: 'Object Repository/OCS-DESKTOP/Age gate and Mega menu/button_Verify' is clicked on

2019-06-07 13:17:13 - [TEST_STEP][PASSED] - click(findTestObject("OCS-DESKTOP/Age gate and Mega menu/Checkbox_CONFIRM AND ACKNOWLEDGE")): Object: 'Object Repository/OCS-DESKTOP/Age gate and Mega menu/Checkbox_CONFIRM AND ACKNOWLEDGE' is clicked on

2019-06-07 13:17:13 - [MESSAGE][PASSED] - Object: 'Object Repository/OCS-DESKTOP/Age gate and Mega menu/Checkbox_CONFIRM AND ACKNOWLEDGE' is clicked on

2019-06-07 13:17:13 - [TEST_STEP][PASSED] - click(findTestObject("OCS-DESKTOP/Age gate and Mega menu/button_CONFIRM")): Object: 'Object Repository/OCS-DESKTOP/Age gate and Mega menu/button_CONFIRM' is clicked on

2019-06-07 13:17:13 - [MESSAGE][PASSED] - Object: 'Object Repository/OCS-DESKTOP/Age gate and Mega menu/button_CONFIRM' is clicked on

2019-06-07 13:17:13 - [TEST_STEP][PASSED] - click(findTestObject("OCS-DESKTOP/Age gate and Mega menu/button_Start Browsing")): Object: 'Object Repository/OCS-DESKTOP/Age gate and Mega menu/button_Start Browsing' is clicked on

2019-06-07 13:17:13 - [MESSAGE][PASSED] - Object: 'Object Repository/OCS-DESKTOP/Age gate and Mega menu/button_Start Browsing' is clicked on

2019-06-07 13:17:13 - [TEST_STEP][PASSED] - delay(2): Delayed 2 second(s)

2019-06-07 13:17:15 - [MESSAGE][PASSED] - Delayed 2 second(s)

2019-06-07 13:17:15 - [TEST_STEP][PASSED] - navigateToUrl("https://ocs.ca/products/la-confidential"): Navigate to 'https://ocs.ca/products/la-confidential' successfully

2019-06-07 13:17:20 - [MESSAGE][PASSED] - Navigate to 'https://ocs.ca/products/la-confidential' successfully

2019-06-07 13:17:20 - [TEST_STEP][PASSED] - executeJavaScript("var previewBar = document.getElementById("preview-bar-iframe"); previewBar.style.display = "none";", []): Execute JavaScript 'var previewBar = document.getElementById("preview-bar-iframe"); previewBar.style.display = "none";' successfully

2019-06-07 13:17:20 - [MESSAGE][PASSED] - Execute JavaScript 'var previewBar = document.getElementById("preview-bar-iframe"); previewBar.style.display = "none";' successfully

2019-06-07 13:17:20 - [MESSAGE][PASSED] - Call Test Case 'Test Cases/OCS - DESKTOP/CALL - Navigate to PDP' successfully

2019-06-07 13:17:20 - [TEST_STEP][NOT_RUN] - scrollToElement(findTestObject("OCS-DESKTOP/Product page/Product image"), 1): NOT_RUN: scrollToElement(findTestObject("OCS-DESKTOP/Product page/Product image"), 1)

2019-06-07 13:17:20 - [MESSAGE][NOT_RUN] - NOT_RUN: scrollToElement(findTestObject("OCS-DESKTOP/Product page/Product image"), 1)

2019-06-07 13:17:20 - [TEST_STEP][PASSED] - delay(2): Delayed 2 second(s)

2019-06-07 13:17:22 - [MESSAGE][PASSED] - Delayed 2 second(s)

2019-06-07 13:17:22 - [TEST_STEP][PASSED] - executeJavaScript("var previewBar = document.getElementById("preview-bar-iframe"); previewBar.style.display = "none";", []): Execute JavaScript 'var previewBar = document.getElementById("preview-bar-iframe"); previewBar.style.display = "none";' successfully

2019-06-07 13:17:22 - [MESSAGE][PASSED] - Execute JavaScript 'var previewBar = document.getElementById("preview-bar-iframe"); previewBar.style.display = "none";' successfully

2019-06-07 13:17:22 - [TEST_STEP][PASSED] - flag = verifyElementPresent(findTestObject("OCS-DESKTOP/Product page/Swatch_1g"), 0): Object 'Object Repository/OCS-DESKTOP/Product page/Swatch_1g' is present

2019-06-07 13:17:22 - [MESSAGE][WARNING] - Timeout '0' is invalid. Using default page load timeout: '30'

2019-06-07 13:17:22 - [MESSAGE][PASSED] - Object 'Object Repository/OCS-DESKTOP/Product page/Swatch_1g' is present

2019-06-07 13:17:22 - [TEST_STEP][PASSED] - click(findTestObject("OCS-DESKTOP/Product page/Swatch_1g")): Object: 'Object Repository/OCS-DESKTOP/Product page/Swatch_1g' is clicked on

2019-06-07 13:17:22 - [MESSAGE][PASSED] - Object: 'Object Repository/OCS-DESKTOP/Product page/Swatch_1g' is clicked on

2019-06-07 13:17:22 - [TEST_STEP][PASSED] - takeScreenshot(): Taking screenshot successfully

2019-06-07 13:17:22 - [MESSAGE][PASSED] - Taking screenshot successfully
[[ATTACHMENT|/Users/sumankompelly/Relative xpath-Desktop/Reports/OCS- 1.9.2.1/20190607_131615/1559927842156.png]]

2019-06-07 13:17:22 - [TEST_STEP][PASSED] - comment(" flag =" + flag):  flag =true

2019-06-07 13:17:22 - [MESSAGE][INFO] -  flag =true

2019-06-07 13:17:22 - [TEST_STEP][PASSED] - if (flag == true):  Sub-total Price changed . Quantity selector is working

2019-06-07 13:17:22 - [TEST_STEP][PASSED] - delay(2): Delayed 2 second(s)

2019-06-07 13:17:24 - [MESSAGE][PASSED] - Delayed 2 second(s)

2019-06-07 13:17:24 - [TEST_STEP][NOT_RUN] - click(findTestObject("OCS-DESKTOP/Product page/Quantity Increase - Button")): NOT_RUN: click(findTestObject("OCS-DESKTOP/Product page/Quantity Increase - Button"))

2019-06-07 13:17:24 - [MESSAGE][NOT_RUN] - NOT_RUN: click(findTestObject("OCS-DESKTOP/Product page/Quantity Increase - Button"))

2019-06-07 13:17:24 - [TEST_STEP][PASSED] - delay(1): Delayed 1 second(s)

2019-06-07 13:17:25 - [MESSAGE][PASSED] - Delayed 1 second(s)

2019-06-07 13:17:25 - [TEST_STEP][PASSED] - click(findTestObject("OCS-DESKTOP/Product page/Quantity Increase - Button")): Object: 'Object Repository/OCS-DESKTOP/Product page/Quantity Increase - Button' is clicked on

2019-06-07 13:17:25 - [MESSAGE][PASSED] - Object: 'Object Repository/OCS-DESKTOP/Product page/Quantity Increase - Button' is clicked on

2019-06-07 13:17:25 - [TEST_STEP][PASSED] - delay(1): Delayed 1 second(s)

2019-06-07 13:17:26 - [MESSAGE][PASSED] - Delayed 1 second(s)

2019-06-07 13:17:26 - [TEST_STEP][PASSED] - click(findTestObject("OCS-DESKTOP/Product page/Quantity Increase - Button")): Object: 'Object Repository/OCS-DESKTOP/Product page/Quantity Increase - Button' is clicked on

2019-06-07 13:17:26 - [MESSAGE][PASSED] - Object: 'Object Repository/OCS-DESKTOP/Product page/Quantity Increase - Button' is clicked on

2019-06-07 13:17:26 - [TEST_STEP][PASSED] - delay(1): Delayed 1 second(s)

2019-06-07 13:17:27 - [MESSAGE][PASSED] - Delayed 1 second(s)

2019-06-07 13:17:27 - [TEST_STEP][PASSED] - click(findTestObject("OCS-DESKTOP/Product page/Quantity Increase - Button")): Object: 'Object Repository/OCS-DESKTOP/Product page/Quantity Increase - Button' is clicked on

2019-06-07 13:17:27 - [MESSAGE][PASSED] - Object: 'Object Repository/OCS-DESKTOP/Product page/Quantity Increase - Button' is clicked on

2019-06-07 13:17:27 - [TEST_STEP][PASSED] - delay(1): Delayed 1 second(s)

2019-06-07 13:17:28 - [MESSAGE][PASSED] - Delayed 1 second(s)

2019-06-07 13:17:28 - [TEST_STEP][PASSED] - click(findTestObject("OCS-DESKTOP/Product page/Quantity Increase - Button")): Object: 'Object Repository/OCS-DESKTOP/Product page/Quantity Increase - Button' is clicked on

2019-06-07 13:17:28 - [MESSAGE][PASSED] - Object: 'Object Repository/OCS-DESKTOP/Product page/Quantity Increase - Button' is clicked on

2019-06-07 13:17:28 - [TEST_STEP][PASSED] - delay(2): Delayed 2 second(s)

2019-06-07 13:17:30 - [MESSAGE][PASSED] - Delayed 2 second(s)

2019-06-07 13:17:30 - [TEST_STEP][PASSED] - click(findTestObject("OCS-DESKTOP/Product page/Add to Bag-button")): Object: 'Object Repository/OCS-DESKTOP/Product page/Add to Bag-button' is clicked on

2019-06-07 13:17:31 - [MESSAGE][PASSED] - Object: 'Object Repository/OCS-DESKTOP/Product page/Add to Bag-button' is clicked on

2019-06-07 13:17:31 - [TEST_STEP][PASSED] - delay(1): Delayed 1 second(s)

2019-06-07 13:17:32 - [MESSAGE][PASSED] - Delayed 1 second(s)

2019-06-07 13:17:32 - [TEST_STEP][NOT_RUN] - click(findTestObject("OCS-DESKTOP/Cart flyout/Quantity decrease - Product")): NOT_RUN: click(findTestObject("OCS-DESKTOP/Cart flyout/Quantity decrease - Product"))

2019-06-07 13:17:32 - [MESSAGE][NOT_RUN] - NOT_RUN: click(findTestObject("OCS-DESKTOP/Cart flyout/Quantity decrease - Product"))

2019-06-07 13:17:32 - [TEST_STEP][PASSED] - delay(2): Delayed 2 second(s)

2019-06-07 13:17:34 - [MESSAGE][PASSED] - Delayed 2 second(s)

2019-06-07 13:17:34 - [TEST_STEP][PASSED] - a = getText(findTestObject("OCS-DESKTOP/Cart flyout/Unit price - Product")): Text of object 'Object Repository/OCS-DESKTOP/Cart flyout/Unit price - Product' is: '$52.50'

2019-06-07 13:17:34 - [MESSAGE][PASSED] - Text of object 'Object Repository/OCS-DESKTOP/Cart flyout/Unit price - Product' is: '$52.50'

2019-06-07 13:17:34 - [TEST_STEP][PASSED] - comment(a): $52.50

2019-06-07 13:17:34 - [MESSAGE][INFO] - $52.50

2019-06-07 13:17:34 - [TEST_STEP][PASSED] - b = a.substring(1): null

2019-06-07 13:17:34 - [TEST_STEP][PASSED] - comment(b): 52.50

2019-06-07 13:17:34 - [MESSAGE][INFO] - 52.50

2019-06-07 13:17:34 - [TEST_STEP][PASSED] - click(findTestObject("OCS-DESKTOP/Cart flyout/input_-_updates")): Object: 'Object Repository/OCS-DESKTOP/Cart flyout/input_-_updates' is clicked on

2019-06-07 13:17:34 - [MESSAGE][PASSED] - Object: 'Object Repository/OCS-DESKTOP/Cart flyout/input_-_updates' is clicked on

2019-06-07 13:17:34 - [TEST_STEP][PASSED] - setText(findTestObject("OCS-DESKTOP/Cart flyout/input_-_updates"), Keys.chord(CLEAR)): Text 'CLEAR + ' is set on object 'Object Repository/OCS-DESKTOP/Cart flyout/input_-_updates'

2019-06-07 13:17:34 - [MESSAGE][PASSED] - Text 'CLEAR + ' is set on object 'Object Repository/OCS-DESKTOP/Cart flyout/input_-_updates'

2019-06-07 13:17:34 - [TEST_STEP][PASSED] - delay(1): Delayed 1 second(s)

2019-06-07 13:17:35 - [MESSAGE][PASSED] - Delayed 1 second(s)

2019-06-07 13:17:35 - [TEST_STEP][PASSED] - setText(findTestObject("OCS-DESKTOP/Cart flyout/input_-_updates"), "10"): Text '10' is set on object 'Object Repository/OCS-DESKTOP/Cart flyout/input_-_updates'

2019-06-07 13:17:35 - [MESSAGE][PASSED] - Text '10' is set on object 'Object Repository/OCS-DESKTOP/Cart flyout/input_-_updates'

2019-06-07 13:17:35 - [TEST_STEP][PASSED] - delay(2): Delayed 2 second(s)

2019-06-07 13:17:37 - [MESSAGE][PASSED] - Delayed 2 second(s)

2019-06-07 13:17:37 - [TEST_STEP][PASSED] - click(findTestObject("OCS-DESKTOP/Cart flyout/Quantity decrease - Product")): Object: 'Object Repository/OCS-DESKTOP/Cart flyout/Quantity decrease - Product' is clicked on

2019-06-07 13:17:37 - [MESSAGE][PASSED] - Object: 'Object Repository/OCS-DESKTOP/Cart flyout/Quantity decrease - Product' is clicked on

2019-06-07 13:17:37 - [TEST_STEP][PASSED] - delay(1): Delayed 1 second(s)

2019-06-07 13:17:38 - [MESSAGE][PASSED] - Delayed 1 second(s)

2019-06-07 13:17:38 - [TEST_STEP][PASSED] - click(findTestObject("OCS-DESKTOP/Cart flyout/Quantity decrease - Product")): Object: 'Object Repository/OCS-DESKTOP/Cart flyout/Quantity decrease - Product' is clicked on

2019-06-07 13:17:38 - [MESSAGE][PASSED] - Object: 'Object Repository/OCS-DESKTOP/Cart flyout/Quantity decrease - Product' is clicked on

2019-06-07 13:17:38 - [TEST_STEP][PASSED] - delay(1): Delayed 1 second(s)

2019-06-07 13:17:39 - [MESSAGE][PASSED] - Delayed 1 second(s)

2019-06-07 13:17:39 - [TEST_STEP][PASSED] - click(findTestObject("OCS-DESKTOP/Cart flyout/Quantity decrease - Product")): Object: 'Object Repository/OCS-DESKTOP/Cart flyout/Quantity decrease - Product' is clicked on

2019-06-07 13:17:39 - [MESSAGE][PASSED] - Object: 'Object Repository/OCS-DESKTOP/Cart flyout/Quantity decrease - Product' is clicked on

2019-06-07 13:17:39 - [TEST_STEP][PASSED] - delay(5): Delayed 5 second(s)

2019-06-07 13:17:44 - [MESSAGE][PASSED] - Delayed 5 second(s)

2019-06-07 13:17:44 - [TEST_STEP][PASSED] - c = getText(findTestObject("OCS-DESKTOP/Cart flyout/Sub-total Price")): Text of object 'Object Repository/OCS-DESKTOP/Cart flyout/Sub-total Price' is: '$73.50'

2019-06-07 13:17:44 - [MESSAGE][PASSED] - Text of object 'Object Repository/OCS-DESKTOP/Cart flyout/Sub-total Price' is: '$73.50'

2019-06-07 13:17:44 - [TEST_STEP][PASSED] - comment(c): $73.50

2019-06-07 13:17:44 - [MESSAGE][INFO] - $73.50

2019-06-07 13:17:44 - [TEST_STEP][PASSED] - d = c.substring(1): null

2019-06-07 13:17:44 - [TEST_STEP][PASSED] - comment(d): 73.50

2019-06-07 13:17:44 - [MESSAGE][INFO] - 73.50

2019-06-07 13:17:44 - [TEST_STEP][PASSED] - verifyNotEqual("b", "d"): Actual object 'b' and expected object 'd' are not equal

2019-06-07 13:17:44 - [MESSAGE][PASSED] - Actual object 'b' and expected object 'd' are not equal

2019-06-07 13:17:44 - [TEST_STEP][PASSED] - comment(" Sub-total Price changed . Quantity selector is working"):  Sub-total Price changed . Quantity selector is working

2019-06-07 13:17:44 - [MESSAGE][INFO] -  Sub-total Price changed . Quantity selector is working]]></system-out>
         <system-err><![CDATA[]]></system-err>
      </testcase>
      <testcase name="Test Cases/OCS - DESKTOP/OCS- CRITICAL PATH/Checkout- Payment" classname="Test Cases/OCS - DESKTOP/OCS- CRITICAL PATH/Checkout- Payment" status="PASSED">
         <system-out><![CDATA[2019-06-07 13:17:44 - [TEST_CASE][PASSED] - Test Cases/OCS - DESKTOP/OCS- CRITICAL PATH/Checkout- Payment: Test Cases/OCS - DESKTOP/OCS- CRITICAL PATH/Checkout- Payment

2019-06-07 13:17:44 - [TEST_STEP][PASSED] - callTestCase(findTestCase("OCS - DESKTOP/CALL- Age gate"), [:], STOP_ON_FAILURE): Call Test Case 'Test Cases/OCS - DESKTOP/CALL- Age gate' successfully

2019-06-07 13:17:44 - [TEST_CASE][PASSED] - Test Cases/OCS - DESKTOP/CALL- Age gate: Test Cases/OCS - DESKTOP/CALL- Age gate

2019-06-07 13:17:44 - [TEST_STEP][PASSED] - openBrowser(""): Browser is opened with url: ''

2019-06-07 13:17:44 - [MESSAGE][WARNING] - A browser is already opened. Closing browser and opening a new one

2019-06-07 13:17:45 - [MESSAGE][INFO] - Starting 'Chrome' driver

2019-06-07 13:17:46 - [MESSAGE][PASSED] - Browser is opened with url: ''

2019-06-07 13:17:46 - [TEST_STEP][PASSED] - navigateToUrl("https://ocs.ca/?fts=0&preview_theme_id=72920074060"): Navigate to 'https://ocs.ca/?fts=0&preview_theme_id=72920074060' successfully

2019-06-07 13:17:51 - [MESSAGE][PASSED] - Navigate to 'https://ocs.ca/?fts=0&preview_theme_id=72920074060' successfully

2019-06-07 13:17:51 - [TEST_STEP][PASSED] - maximizeWindow(): Current window maximized

2019-06-07 13:17:51 - [MESSAGE][PASSED] - Current window maximized

2019-06-07 13:17:51 - [TEST_STEP][PASSED] - delay(2): Delayed 2 second(s)

2019-06-07 13:17:53 - [MESSAGE][PASSED] - Delayed 2 second(s)

2019-06-07 13:17:53 - [TEST_STEP][PASSED] - executeJavaScript("var previewBar = document.getElementById("preview-bar-iframe"); previewBar.style.display = "none";", []): Execute JavaScript 'var previewBar = document.getElementById("preview-bar-iframe"); previewBar.style.display = "none";' successfully

2019-06-07 13:17:53 - [MESSAGE][PASSED] - Execute JavaScript 'var previewBar = document.getElementById("preview-bar-iframe"); previewBar.style.display = "none";' successfully

2019-06-07 13:17:53 - [TEST_STEP][PASSED] - selectOptionByValue(findTestObject("OCS-DESKTOP/Age gate and Mega menu/Date"), "12", true): All options with value '12' are selected in object 'Object Repository/OCS-DESKTOP/Age gate and Mega menu/Date'  using regular expression

2019-06-07 13:17:53 - [MESSAGE][PASSED] - All options with value '12' are selected in object 'Object Repository/OCS-DESKTOP/Age gate and Mega menu/Date'  using regular expression

2019-06-07 13:17:53 - [TEST_STEP][PASSED] - selectOptionByValue(findTestObject("OCS-DESKTOP/Age gate and Mega menu/month"), "6", true): All options with value '6' are selected in object 'Object Repository/OCS-DESKTOP/Age gate and Mega menu/month'  using regular expression

2019-06-07 13:17:54 - [MESSAGE][PASSED] - All options with value '6' are selected in object 'Object Repository/OCS-DESKTOP/Age gate and Mega menu/month'  using regular expression

2019-06-07 13:17:54 - [TEST_STEP][PASSED] - delay(2): Delayed 2 second(s)

2019-06-07 13:17:56 - [MESSAGE][PASSED] - Delayed 2 second(s)

2019-06-07 13:17:56 - [TEST_STEP][PASSED] - selectOptionByValue(findTestObject("OCS-DESKTOP/Age gate and Mega menu/Year Dropdown"), "1990", true): All options with value '1990' are selected in object 'Object Repository/OCS-DESKTOP/Age gate and Mega menu/Year Dropdown'  using regular expression

2019-06-07 13:17:57 - [MESSAGE][PASSED] - All options with value '1990' are selected in object 'Object Repository/OCS-DESKTOP/Age gate and Mega menu/Year Dropdown'  using regular expression

2019-06-07 13:17:57 - [TEST_STEP][PASSED] - click(findTestObject("OCS-DESKTOP/Age gate and Mega menu/button_Verify")): Object: 'Object Repository/OCS-DESKTOP/Age gate and Mega menu/button_Verify' is clicked on

2019-06-07 13:17:57 - [MESSAGE][PASSED] - Object: 'Object Repository/OCS-DESKTOP/Age gate and Mega menu/button_Verify' is clicked on

2019-06-07 13:17:57 - [TEST_STEP][PASSED] - click(findTestObject("OCS-DESKTOP/Age gate and Mega menu/Checkbox_CONFIRM AND ACKNOWLEDGE")): Object: 'Object Repository/OCS-DESKTOP/Age gate and Mega menu/Checkbox_CONFIRM AND ACKNOWLEDGE' is clicked on

2019-06-07 13:17:57 - [MESSAGE][PASSED] - Object: 'Object Repository/OCS-DESKTOP/Age gate and Mega menu/Checkbox_CONFIRM AND ACKNOWLEDGE' is clicked on

2019-06-07 13:17:57 - [TEST_STEP][PASSED] - click(findTestObject("OCS-DESKTOP/Age gate and Mega menu/button_CONFIRM")): Object: 'Object Repository/OCS-DESKTOP/Age gate and Mega menu/button_CONFIRM' is clicked on

2019-06-07 13:17:57 - [MESSAGE][PASSED] - Object: 'Object Repository/OCS-DESKTOP/Age gate and Mega menu/button_CONFIRM' is clicked on

2019-06-07 13:17:57 - [TEST_STEP][PASSED] - click(findTestObject("OCS-DESKTOP/Age gate and Mega menu/button_Start Browsing")): Object: 'Object Repository/OCS-DESKTOP/Age gate and Mega menu/button_Start Browsing' is clicked on

2019-06-07 13:17:57 - [MESSAGE][PASSED] - Object: 'Object Repository/OCS-DESKTOP/Age gate and Mega menu/button_Start Browsing' is clicked on

2019-06-07 13:17:57 - [TEST_STEP][PASSED] - delay(2): Delayed 2 second(s)

2019-06-07 13:17:59 - [MESSAGE][PASSED] - Delayed 2 second(s)

2019-06-07 13:17:59 - [TEST_STEP][PASSED] - refresh(): Refresh successfully

2019-06-07 13:17:59 - [MESSAGE][PASSED] - Refresh successfully

2019-06-07 13:17:59 - [MESSAGE][PASSED] - Call Test Case 'Test Cases/OCS - DESKTOP/CALL- Age gate' successfully

2019-06-07 13:17:59 - [TEST_STEP][PASSED] - click(findTestObject("OCS-DESKTOP/Age gate and Mega menu/Header/CANNABIS menu - English")): Object: 'Object Repository/OCS-DESKTOP/Age gate and Mega menu/Header/CANNABIS menu - English' is clicked on

2019-06-07 13:18:02 - [MESSAGE][PASSED] - Object: 'Object Repository/OCS-DESKTOP/Age gate and Mega menu/Header/CANNABIS menu - English' is clicked on

2019-06-07 13:18:02 - [TEST_STEP][PASSED] - delay(2): Delayed 2 second(s)

2019-06-07 13:18:04 - [MESSAGE][PASSED] - Delayed 2 second(s)

2019-06-07 13:18:04 - [TEST_STEP][PASSED] - click(findTestObject("OCS-DESKTOP/Age gate and Mega menu/Indica Dominant_Menu item")): Object: 'Object Repository/OCS-DESKTOP/Age gate and Mega menu/Indica Dominant_Menu item' is clicked on

2019-06-07 13:18:06 - [MESSAGE][PASSED] - Object: 'Object Repository/OCS-DESKTOP/Age gate and Mega menu/Indica Dominant_Menu item' is clicked on

2019-06-07 13:18:06 - [TEST_STEP][PASSED] - executeJavaScript("var previewBar = document.getElementById("preview-bar-iframe"); previewBar.style.display = "none";", []): Execute JavaScript 'var previewBar = document.getElementById("preview-bar-iframe"); previewBar.style.display = "none";' successfully

2019-06-07 13:18:06 - [MESSAGE][PASSED] - Execute JavaScript 'var previewBar = document.getElementById("preview-bar-iframe"); previewBar.style.display = "none";' successfully

2019-06-07 13:18:06 - [TEST_STEP][PASSED] - delay(2): Delayed 2 second(s)

2019-06-07 13:18:08 - [MESSAGE][PASSED] - Delayed 2 second(s)

2019-06-07 13:18:08 - [TEST_STEP][PASSED] - click(findTestObject("OCS-DESKTOP/Collection page/Product image - 1st one")): Object: 'Object Repository/OCS-DESKTOP/Collection page/Product image - 1st one' is clicked on

2019-06-07 13:18:13 - [MESSAGE][PASSED] - Object: 'Object Repository/OCS-DESKTOP/Collection page/Product image - 1st one' is clicked on

2019-06-07 13:18:13 - [TEST_STEP][PASSED] - executeJavaScript("var previewBar = document.getElementById("preview-bar-iframe"); previewBar.style.display = "none";", []): Execute JavaScript 'var previewBar = document.getElementById("preview-bar-iframe"); previewBar.style.display = "none";' successfully

2019-06-07 13:18:13 - [MESSAGE][PASSED] - Execute JavaScript 'var previewBar = document.getElementById("preview-bar-iframe"); previewBar.style.display = "none";' successfully

2019-06-07 13:18:13 - [TEST_STEP][PASSED] - delay(1): Delayed 1 second(s)

2019-06-07 13:18:14 - [MESSAGE][PASSED] - Delayed 1 second(s)

2019-06-07 13:18:14 - [TEST_STEP][PASSED] - delay(3): Delayed 3 second(s)

2019-06-07 13:18:17 - [MESSAGE][PASSED] - Delayed 3 second(s)

2019-06-07 13:18:17 - [TEST_STEP][NOT_RUN] - scrollToElement(findTestObject("OCS-DESKTOP/Product page/Product image"), 1): NOT_RUN: scrollToElement(findTestObject("OCS-DESKTOP/Product page/Product image"), 1)

2019-06-07 13:18:17 - [MESSAGE][NOT_RUN] - NOT_RUN: scrollToElement(findTestObject("OCS-DESKTOP/Product page/Product image"), 1)

2019-06-07 13:18:17 - [TEST_STEP][PASSED] - click(findTestObject("OCS-DESKTOP/Product page/Swatch_1g")): Object: 'Object Repository/OCS-DESKTOP/Product page/Swatch_1g' is clicked on

2019-06-07 13:18:17 - [MESSAGE][PASSED] - Object: 'Object Repository/OCS-DESKTOP/Product page/Swatch_1g' is clicked on

2019-06-07 13:18:17 - [TEST_STEP][PASSED] - delay(2): Delayed 2 second(s)

2019-06-07 13:18:19 - [MESSAGE][PASSED] - Delayed 2 second(s)

2019-06-07 13:18:19 - [TEST_STEP][PASSED] - click(findTestObject("OCS-DESKTOP/Product page/Add to Bag-button")): Object: 'Object Repository/OCS-DESKTOP/Product page/Add to Bag-button' is clicked on

2019-06-07 13:18:19 - [MESSAGE][PASSED] - Object: 'Object Repository/OCS-DESKTOP/Product page/Add to Bag-button' is clicked on

2019-06-07 13:18:19 - [TEST_STEP][PASSED] - delay(1): Delayed 1 second(s)

2019-06-07 13:18:20 - [MESSAGE][PASSED] - Delayed 1 second(s)

2019-06-07 13:18:20 - [TEST_STEP][NOT_RUN] - click(findTestObject("OCS-DESKTOP/Home - page/Cart icon -bag")): NOT_RUN: click(findTestObject("OCS-DESKTOP/Home - page/Cart icon -bag"))

2019-06-07 13:18:20 - [MESSAGE][NOT_RUN] - NOT_RUN: click(findTestObject("OCS-DESKTOP/Home - page/Cart icon -bag"))

2019-06-07 13:18:20 - [TEST_STEP][PASSED] - delay(1): Delayed 1 second(s)

2019-06-07 13:18:21 - [MESSAGE][PASSED] - Delayed 1 second(s)

2019-06-07 13:18:21 - [TEST_STEP][PASSED] - click(findTestObject("OCS-DESKTOP/Cart flyout/Checkbox_I confirm that")): Object: 'Object Repository/OCS-DESKTOP/Cart flyout/Checkbox_I confirm that' is clicked on

2019-06-07 13:18:21 - [MESSAGE][PASSED] - Object: 'Object Repository/OCS-DESKTOP/Cart flyout/Checkbox_I confirm that' is clicked on

2019-06-07 13:18:21 - [TEST_STEP][PASSED] - delay(1): Delayed 1 second(s)

2019-06-07 13:18:22 - [MESSAGE][PASSED] - Delayed 1 second(s)

2019-06-07 13:18:22 - [TEST_STEP][PASSED] - click(findTestObject("OCS-DESKTOP/Cart flyout/Checkbox_Accept the Terms Condition")): Object: 'Object Repository/OCS-DESKTOP/Cart flyout/Checkbox_Accept the Terms Condition' is clicked on

2019-06-07 13:18:22 - [MESSAGE][PASSED] - Object: 'Object Repository/OCS-DESKTOP/Cart flyout/Checkbox_Accept the Terms Condition' is clicked on

2019-06-07 13:18:22 - [TEST_STEP][PASSED] - delay(1): Delayed 1 second(s)

2019-06-07 13:18:23 - [MESSAGE][PASSED] - Delayed 1 second(s)

2019-06-07 13:18:23 - [TEST_STEP][PASSED] - click(findTestObject("OCS-DESKTOP/Cart flyout/Checkout - Button")): Object: 'Object Repository/OCS-DESKTOP/Cart flyout/Checkout - Button' is clicked on

2019-06-07 13:18:25 - [MESSAGE][PASSED] - Object: 'Object Repository/OCS-DESKTOP/Cart flyout/Checkout - Button' is clicked on

2019-06-07 13:18:25 - [TEST_STEP][PASSED] - executeJavaScript("var previewBar = document.getElementById("preview-bar-iframe"); previewBar.style.display = "none";", []): Execute JavaScript 'var previewBar = document.getElementById("preview-bar-iframe"); previewBar.style.display = "none";' successfully

2019-06-07 13:18:26 - [MESSAGE][PASSED] - Execute JavaScript 'var previewBar = document.getElementById("preview-bar-iframe"); previewBar.style.display = "none";' successfully

2019-06-07 13:18:26 - [TEST_STEP][PASSED] - delay(1): Delayed 1 second(s)

2019-06-07 13:18:27 - [MESSAGE][PASSED] - Delayed 1 second(s)

2019-06-07 13:18:27 - [TEST_STEP][PASSED] - delay(2): Delayed 2 second(s)

2019-06-07 13:18:29 - [MESSAGE][PASSED] - Delayed 2 second(s)

2019-06-07 13:18:29 - [TEST_STEP][PASSED] - scrollToElement(findTestObject("OCS-DESKTOP/Customer info page/input_Email"), 0): Scroll to object 'Object Repository/OCS-DESKTOP/Customer info page/input_Email' successfully

2019-06-07 13:18:29 - [MESSAGE][WARNING] - Timeout '0' is invalid. Using default page load timeout: '30'

2019-06-07 13:18:29 - [MESSAGE][PASSED] - Scroll to object 'Object Repository/OCS-DESKTOP/Customer info page/input_Email' successfully

2019-06-07 13:18:29 - [TEST_STEP][PASSED] - setText(findTestObject("OCS-DESKTOP/Customer info page/input_Email"), "suman.kompelly@diffagency.com"): Text 'suman.kompelly@diffagency.com' is set on object 'Object Repository/OCS-DESKTOP/Customer info page/input_Email'

2019-06-07 13:18:29 - [MESSAGE][PASSED] - Text 'suman.kompelly@diffagency.com' is set on object 'Object Repository/OCS-DESKTOP/Customer info page/input_Email'

2019-06-07 13:18:29 - [TEST_STEP][PASSED] - setText(findTestObject("OCS-DESKTOP/Customer info page/input_First name"), "suman"): Text 'suman' is set on object 'Object Repository/OCS-DESKTOP/Customer info page/input_First name'

2019-06-07 13:18:29 - [MESSAGE][PASSED] - Text 'suman' is set on object 'Object Repository/OCS-DESKTOP/Customer info page/input_First name'

2019-06-07 13:18:29 - [TEST_STEP][PASSED] - setText(findTestObject("OCS-DESKTOP/Customer info page/input_Last name"), "kompelly"): Text 'kompelly' is set on object 'Object Repository/OCS-DESKTOP/Customer info page/input_Last name'

2019-06-07 13:18:29 - [MESSAGE][PASSED] - Text 'kompelly' is set on object 'Object Repository/OCS-DESKTOP/Customer info page/input_Last name'

2019-06-07 13:18:29 - [TEST_STEP][PASSED] - setText(findTestObject("OCS-DESKTOP/Customer info page/input_Address"), "300 saint alxendre"): Text '300 saint alxendre' is set on object 'Object Repository/OCS-DESKTOP/Customer info page/input_Address'

2019-06-07 13:18:29 - [MESSAGE][PASSED] - Text '300 saint alxendre' is set on object 'Object Repository/OCS-DESKTOP/Customer info page/input_Address'

2019-06-07 13:18:29 - [TEST_STEP][PASSED] - setText(findTestObject("OCS-DESKTOP/Customer info page/input_Apartment suite etc. (op"), "199"): Text '199' is set on object 'Object Repository/OCS-DESKTOP/Customer info page/input_Apartment suite etc. (op'

2019-06-07 13:18:30 - [MESSAGE][PASSED] - Text '199' is set on object 'Object Repository/OCS-DESKTOP/Customer info page/input_Apartment suite etc. (op'

2019-06-07 13:18:30 - [TEST_STEP][PASSED] - setText(findTestObject("OCS-DESKTOP/Customer info page/input_City"), "montreal"): Text 'montreal' is set on object 'Object Repository/OCS-DESKTOP/Customer info page/input_City'

2019-06-07 13:18:30 - [MESSAGE][PASSED] - Text 'montreal' is set on object 'Object Repository/OCS-DESKTOP/Customer info page/input_City'

2019-06-07 13:18:30 - [TEST_STEP][PASSED] - setText(findTestObject("OCS-DESKTOP/Customer info page/input_Postal code"), "n0R1K0"): Text 'n0R1K0' is set on object 'Object Repository/OCS-DESKTOP/Customer info page/input_Postal code'

2019-06-07 13:18:30 - [MESSAGE][PASSED] - Text 'n0R1K0' is set on object 'Object Repository/OCS-DESKTOP/Customer info page/input_Postal code'

2019-06-07 13:18:30 - [TEST_STEP][PASSED] - setText(findTestObject("OCS-DESKTOP/Customer info page/input_Phone"), "(514) 449-3882"): Text '(514) 449-3882' is set on object 'Object Repository/OCS-DESKTOP/Customer info page/input_Phone'

2019-06-07 13:18:30 - [MESSAGE][PASSED] - Text '(514) 449-3882' is set on object 'Object Repository/OCS-DESKTOP/Customer info page/input_Phone'

2019-06-07 13:18:30 - [TEST_STEP][PASSED] - delay(3): Delayed 3 second(s)

2019-06-07 13:18:33 - [MESSAGE][PASSED] - Delayed 3 second(s)

2019-06-07 13:18:33 - [TEST_STEP][PASSED] - click(findTestObject("OCS-DESKTOP/Customer info page/Continue to shipping method - Button")): Object: 'Object Repository/OCS-DESKTOP/Customer info page/Continue to shipping method - Button' is clicked on

2019-06-07 13:18:35 - [MESSAGE][PASSED] - Object: 'Object Repository/OCS-DESKTOP/Customer info page/Continue to shipping method - Button' is clicked on

2019-06-07 13:18:35 - [TEST_STEP][PASSED] - delay(3): Delayed 3 second(s)

2019-06-07 13:18:38 - [MESSAGE][PASSED] - Delayed 3 second(s)

2019-06-07 13:18:38 - [TEST_STEP][PASSED] - executeJavaScript("var previewBar = document.getElementById("preview-bar-iframe"); previewBar.style.display = "none";", []): Execute JavaScript 'var previewBar = document.getElementById("preview-bar-iframe"); previewBar.style.display = "none";' successfully

2019-06-07 13:18:38 - [MESSAGE][PASSED] - Execute JavaScript 'var previewBar = document.getElementById("preview-bar-iframe"); previewBar.style.display = "none";' successfully

2019-06-07 13:18:38 - [TEST_STEP][PASSED] - delay(1): Delayed 1 second(s)

2019-06-07 13:18:39 - [MESSAGE][PASSED] - Delayed 1 second(s)

2019-06-07 13:18:39 - [TEST_STEP][PASSED] - delay(1): Delayed 1 second(s)

2019-06-07 13:18:40 - [MESSAGE][PASSED] - Delayed 1 second(s)

2019-06-07 13:18:40 - [TEST_STEP][PASSED] - click(findTestObject("OCS-DESKTOP/Shipping page/Continue to payment method - Button")): Object: 'Object Repository/OCS-DESKTOP/Shipping page/Continue to payment method - Button' is clicked on

2019-06-07 13:18:47 - [MESSAGE][PASSED] - Object: 'Object Repository/OCS-DESKTOP/Shipping page/Continue to payment method - Button' is clicked on

2019-06-07 13:18:47 - [TEST_STEP][PASSED] - executeJavaScript("var previewBar = document.getElementById("preview-bar-iframe"); previewBar.style.display = "none";", []): Execute JavaScript 'var previewBar = document.getElementById("preview-bar-iframe"); previewBar.style.display = "none";' successfully

2019-06-07 13:18:47 - [MESSAGE][PASSED] - Execute JavaScript 'var previewBar = document.getElementById("preview-bar-iframe"); previewBar.style.display = "none";' successfully

2019-06-07 13:18:47 - [TEST_STEP][PASSED] - delay(1): Delayed 1 second(s)

2019-06-07 13:18:48 - [MESSAGE][PASSED] - Delayed 1 second(s)

2019-06-07 13:18:48 - [TEST_STEP][PASSED] - click(findTestObject("OCS-DESKTOP/Payment -page/Change link span 1")): Object: 'Object Repository/OCS-DESKTOP/Payment -page/Change link span 1' is clicked on

2019-06-07 13:18:49 - [MESSAGE][PASSED] - Object: 'Object Repository/OCS-DESKTOP/Payment -page/Change link span 1' is clicked on

2019-06-07 13:18:49 - [TEST_STEP][PASSED] - executeJavaScript("var previewBar = document.getElementById("preview-bar-iframe"); previewBar.style.display = "none";", []): Execute JavaScript 'var previewBar = document.getElementById("preview-bar-iframe"); previewBar.style.display = "none";' successfully

2019-06-07 13:18:49 - [MESSAGE][PASSED] - Execute JavaScript 'var previewBar = document.getElementById("preview-bar-iframe"); previewBar.style.display = "none";' successfully

2019-06-07 13:18:49 - [TEST_STEP][PASSED] - delay(1): Delayed 1 second(s)

2019-06-07 13:18:50 - [MESSAGE][PASSED] - Delayed 1 second(s)

2019-06-07 13:18:50 - [TEST_STEP][PASSED] - click(findTestObject("OCS-DESKTOP/Shipping page/Continue to payment method - Button")): Object: 'Object Repository/OCS-DESKTOP/Shipping page/Continue to payment method - Button' is clicked on

2019-06-07 13:18:52 - [MESSAGE][PASSED] - Object: 'Object Repository/OCS-DESKTOP/Shipping page/Continue to payment method - Button' is clicked on

2019-06-07 13:18:52 - [TEST_STEP][PASSED] - executeJavaScript("var previewBar = document.getElementById("preview-bar-iframe"); previewBar.style.display = "none";", []): Execute JavaScript 'var previewBar = document.getElementById("preview-bar-iframe"); previewBar.style.display = "none";' successfully

2019-06-07 13:18:52 - [MESSAGE][PASSED] - Execute JavaScript 'var previewBar = document.getElementById("preview-bar-iframe"); previewBar.style.display = "none";' successfully

2019-06-07 13:18:52 - [TEST_STEP][PASSED] - delay(1): Delayed 1 second(s)

2019-06-07 13:18:53 - [MESSAGE][PASSED] - Delayed 1 second(s)

2019-06-07 13:18:53 - [TEST_STEP][PASSED] - click(findTestObject("OCS-DESKTOP/Shipping page/Continue to payment method - Button")): Object: 'Object Repository/OCS-DESKTOP/Shipping page/Continue to payment method - Button' is clicked on

2019-06-07 13:18:54 - [MESSAGE][PASSED] - Object: 'Object Repository/OCS-DESKTOP/Shipping page/Continue to payment method - Button' is clicked on

2019-06-07 13:18:54 - [TEST_STEP][PASSED] - executeJavaScript("var previewBar = document.getElementById("preview-bar-iframe"); previewBar.style.display = "none";", []): Execute JavaScript 'var previewBar = document.getElementById("preview-bar-iframe"); previewBar.style.display = "none";' successfully

2019-06-07 13:18:54 - [MESSAGE][PASSED] - Execute JavaScript 'var previewBar = document.getElementById("preview-bar-iframe"); previewBar.style.display = "none";' successfully

2019-06-07 13:18:54 - [TEST_STEP][PASSED] - delay(1): Delayed 1 second(s)

2019-06-07 13:18:55 - [MESSAGE][PASSED] - Delayed 1 second(s)

2019-06-07 13:18:55 - [TEST_STEP][PASSED] - click(findTestObject("OCS-DESKTOP/Payment -page/Change link span 2")): Object: 'Object Repository/OCS-DESKTOP/Payment -page/Change link span 2' is clicked on

2019-06-07 13:18:56 - [MESSAGE][PASSED] - Object: 'Object Repository/OCS-DESKTOP/Payment -page/Change link span 2' is clicked on

2019-06-07 13:18:56 - [TEST_STEP][PASSED] - executeJavaScript("var previewBar = document.getElementById("preview-bar-iframe"); previewBar.style.display = "none";", []): Execute JavaScript 'var previewBar = document.getElementById("preview-bar-iframe"); previewBar.style.display = "none";' successfully

2019-06-07 13:18:56 - [MESSAGE][PASSED] - Execute JavaScript 'var previewBar = document.getElementById("preview-bar-iframe"); previewBar.style.display = "none";' successfully

2019-06-07 13:18:56 - [TEST_STEP][PASSED] - delay(1): Delayed 1 second(s)

2019-06-07 13:18:57 - [MESSAGE][PASSED] - Delayed 1 second(s)

2019-06-07 13:18:57 - [TEST_STEP][PASSED] - click(findTestObject("OCS-DESKTOP/Shipping page/Continue to payment method - Button")): Object: 'Object Repository/OCS-DESKTOP/Shipping page/Continue to payment method - Button' is clicked on

2019-06-07 13:19:00 - [MESSAGE][PASSED] - Object: 'Object Repository/OCS-DESKTOP/Shipping page/Continue to payment method - Button' is clicked on

2019-06-07 13:19:00 - [TEST_STEP][PASSED] - executeJavaScript("var previewBar = document.getElementById("preview-bar-iframe"); previewBar.style.display = "none";", []): Execute JavaScript 'var previewBar = document.getElementById("preview-bar-iframe"); previewBar.style.display = "none";' successfully

2019-06-07 13:19:00 - [MESSAGE][PASSED] - Execute JavaScript 'var previewBar = document.getElementById("preview-bar-iframe"); previewBar.style.display = "none";' successfully

2019-06-07 13:19:00 - [TEST_STEP][PASSED] - delay(1): Delayed 1 second(s)

2019-06-07 13:19:01 - [MESSAGE][PASSED] - Delayed 1 second(s)

2019-06-07 13:19:01 - [TEST_STEP][PASSED] - click(findTestObject("OCS-DESKTOP/Shipping page/Continue to payment method - Button")): Object: 'Object Repository/OCS-DESKTOP/Shipping page/Continue to payment method - Button' is clicked on

2019-06-07 13:19:03 - [MESSAGE][PASSED] - Object: 'Object Repository/OCS-DESKTOP/Shipping page/Continue to payment method - Button' is clicked on

2019-06-07 13:19:03 - [TEST_STEP][PASSED] - executeJavaScript("var previewBar = document.getElementById("preview-bar-iframe"); previewBar.style.display = "none";", []): Execute JavaScript 'var previewBar = document.getElementById("preview-bar-iframe"); previewBar.style.display = "none";' successfully

2019-06-07 13:19:03 - [MESSAGE][PASSED] - Execute JavaScript 'var previewBar = document.getElementById("preview-bar-iframe"); previewBar.style.display = "none";' successfully

2019-06-07 13:19:03 - [TEST_STEP][PASSED] - click(findTestObject("OCS-DESKTOP/Customer info page/Cart - Breadcrumb link")): Object: 'Object Repository/OCS-DESKTOP/Customer info page/Cart - Breadcrumb link' is clicked on

2019-06-07 13:19:04 - [MESSAGE][PASSED] - Object: 'Object Repository/OCS-DESKTOP/Customer info page/Cart - Breadcrumb link' is clicked on

2019-06-07 13:19:04 - [TEST_STEP][PASSED] - executeJavaScript("var previewBar = document.getElementById("preview-bar-iframe"); previewBar.style.display = "none";", []): Execute JavaScript 'var previewBar = document.getElementById("preview-bar-iframe"); previewBar.style.display = "none";' successfully

2019-06-07 13:19:04 - [MESSAGE][PASSED] - Execute JavaScript 'var previewBar = document.getElementById("preview-bar-iframe"); previewBar.style.display = "none";' successfully

2019-06-07 13:19:04 - [TEST_STEP][PASSED] - delay(1): Delayed 1 second(s)

2019-06-07 13:19:05 - [MESSAGE][PASSED] - Delayed 1 second(s)

2019-06-07 13:19:05 - [TEST_STEP][PASSED] - click(findTestObject("OCS-DESKTOP/Cart page/cart page-Checkbox_I confirm that")): Object: 'Object Repository/OCS-DESKTOP/Cart page/cart page-Checkbox_I confirm that' is clicked on

2019-06-07 13:19:05 - [MESSAGE][PASSED] - Object: 'Object Repository/OCS-DESKTOP/Cart page/cart page-Checkbox_I confirm that' is clicked on

2019-06-07 13:19:05 - [TEST_STEP][PASSED] - delay(1): Delayed 1 second(s)

2019-06-07 13:19:06 - [MESSAGE][PASSED] - Delayed 1 second(s)

2019-06-07 13:19:06 - [TEST_STEP][PASSED] - click(findTestObject("OCS-DESKTOP/Cart page/cart page - Checkbox_Accept the Terms Condition")): Object: 'Object Repository/OCS-DESKTOP/Cart page/cart page - Checkbox_Accept the Terms Condition' is clicked on

2019-06-07 13:19:06 - [MESSAGE][PASSED] - Object: 'Object Repository/OCS-DESKTOP/Cart page/cart page - Checkbox_Accept the Terms Condition' is clicked on

2019-06-07 13:19:06 - [TEST_STEP][PASSED] - delay(1): Delayed 1 second(s)

2019-06-07 13:19:07 - [MESSAGE][PASSED] - Delayed 1 second(s)

2019-06-07 13:19:07 - [TEST_STEP][PASSED] - click(findTestObject("OCS-DESKTOP/Cart page/Cart page -checkout button")): Object: 'Object Repository/OCS-DESKTOP/Cart page/Cart page -checkout button' is clicked on

2019-06-07 13:19:09 - [MESSAGE][PASSED] - Object: 'Object Repository/OCS-DESKTOP/Cart page/Cart page -checkout button' is clicked on

2019-06-07 13:19:09 - [TEST_STEP][PASSED] - delay(1): Delayed 1 second(s)

2019-06-07 13:19:10 - [MESSAGE][PASSED] - Delayed 1 second(s)

2019-06-07 13:19:10 - [TEST_STEP][PASSED] - click(findTestObject("OCS-DESKTOP/Payment -page/Information - Breadcrumb link")): Object: 'Object Repository/OCS-DESKTOP/Payment -page/Information - Breadcrumb link' is clicked on

2019-06-07 13:19:11 - [MESSAGE][PASSED] - Object: 'Object Repository/OCS-DESKTOP/Payment -page/Information - Breadcrumb link' is clicked on

2019-06-07 13:19:11 - [TEST_STEP][PASSED] - delay(1): Delayed 1 second(s)

2019-06-07 13:19:12 - [MESSAGE][PASSED] - Delayed 1 second(s)

2019-06-07 13:19:12 - [TEST_STEP][PASSED] - executeJavaScript("var previewBar = document.getElementById("preview-bar-iframe"); previewBar.style.display = "none";", []): Execute JavaScript 'var previewBar = document.getElementById("preview-bar-iframe"); previewBar.style.display = "none";' successfully

2019-06-07 13:19:12 - [MESSAGE][PASSED] - Execute JavaScript 'var previewBar = document.getElementById("preview-bar-iframe"); previewBar.style.display = "none";' successfully

2019-06-07 13:19:12 - [TEST_STEP][PASSED] - delay(1): Delayed 1 second(s)

2019-06-07 13:19:13 - [MESSAGE][PASSED] - Delayed 1 second(s)

2019-06-07 13:19:13 - [TEST_STEP][PASSED] - click(findTestObject("OCS-DESKTOP/Customer info page/Continue to shipping method - Button")): Object: 'Object Repository/OCS-DESKTOP/Customer info page/Continue to shipping method - Button' is clicked on

2019-06-07 13:19:17 - [MESSAGE][PASSED] - Object: 'Object Repository/OCS-DESKTOP/Customer info page/Continue to shipping method - Button' is clicked on

2019-06-07 13:19:17 - [TEST_STEP][PASSED] - delay(1): Delayed 1 second(s)

2019-06-07 13:19:18 - [MESSAGE][PASSED] - Delayed 1 second(s)

2019-06-07 13:19:18 - [TEST_STEP][PASSED] - click(findTestObject("OCS-DESKTOP/Shipping page/Shipping - Breadcrumb link")): Object: 'Object Repository/OCS-DESKTOP/Shipping page/Shipping - Breadcrumb link' is clicked on

2019-06-07 13:19:19 - [MESSAGE][PASSED] - Object: 'Object Repository/OCS-DESKTOP/Shipping page/Shipping - Breadcrumb link' is clicked on

2019-06-07 13:19:19 - [TEST_STEP][PASSED] - executeJavaScript("var previewBar = document.getElementById("preview-bar-iframe"); previewBar.style.display = "none";", []): Execute JavaScript 'var previewBar = document.getElementById("preview-bar-iframe"); previewBar.style.display = "none";' successfully

2019-06-07 13:19:19 - [MESSAGE][PASSED] - Execute JavaScript 'var previewBar = document.getElementById("preview-bar-iframe"); previewBar.style.display = "none";' successfully

2019-06-07 13:19:19 - [TEST_STEP][PASSED] - delay(1): Delayed 1 second(s)

2019-06-07 13:19:20 - [MESSAGE][PASSED] - Delayed 1 second(s)

2019-06-07 13:19:20 - [TEST_STEP][PASSED] - click(findTestObject("OCS-DESKTOP/Shipping page/Continue to payment method - Button")): Object: 'Object Repository/OCS-DESKTOP/Shipping page/Continue to payment method - Button' is clicked on

2019-06-07 13:19:21 - [MESSAGE][PASSED] - Object: 'Object Repository/OCS-DESKTOP/Shipping page/Continue to payment method - Button' is clicked on]]></system-out>
         <system-err><![CDATA[]]></system-err>
      </testcase>
      <testcase name="Test Cases/OCS - DESKTOP/OCS- CRITICAL PATH/Checkout - customer information page" classname="Test Cases/OCS - DESKTOP/OCS- CRITICAL PATH/Checkout - customer information page" status="PASSED">
         <system-out><![CDATA[2019-06-07 13:19:21 - [TEST_CASE][PASSED] - Test Cases/OCS - DESKTOP/OCS- CRITICAL PATH/Checkout - customer information page: Test Cases/OCS - DESKTOP/OCS- CRITICAL PATH/Checkout - customer information page

2019-06-07 13:19:21 - [TEST_STEP][PASSED] - callTestCase(findTestCase("OCS - DESKTOP/CALL- Age gate"), [:], STOP_ON_FAILURE): Call Test Case 'Test Cases/OCS - DESKTOP/CALL- Age gate' successfully

2019-06-07 13:19:21 - [TEST_CASE][PASSED] - Test Cases/OCS - DESKTOP/CALL- Age gate: Test Cases/OCS - DESKTOP/CALL- Age gate

2019-06-07 13:19:21 - [TEST_STEP][PASSED] - openBrowser(""): Browser is opened with url: ''

2019-06-07 13:19:21 - [MESSAGE][WARNING] - A browser is already opened. Closing browser and opening a new one

2019-06-07 13:19:22 - [MESSAGE][INFO] - Starting 'Chrome' driver

2019-06-07 13:19:23 - [MESSAGE][PASSED] - Browser is opened with url: ''

2019-06-07 13:19:23 - [TEST_STEP][PASSED] - navigateToUrl("https://ocs.ca/?fts=0&preview_theme_id=72920074060"): Navigate to 'https://ocs.ca/?fts=0&preview_theme_id=72920074060' successfully

2019-06-07 13:19:27 - [MESSAGE][PASSED] - Navigate to 'https://ocs.ca/?fts=0&preview_theme_id=72920074060' successfully

2019-06-07 13:19:27 - [TEST_STEP][PASSED] - maximizeWindow(): Current window maximized

2019-06-07 13:19:28 - [MESSAGE][PASSED] - Current window maximized

2019-06-07 13:19:28 - [TEST_STEP][PASSED] - delay(2): Delayed 2 second(s)

2019-06-07 13:19:30 - [MESSAGE][PASSED] - Delayed 2 second(s)

2019-06-07 13:19:30 - [TEST_STEP][PASSED] - executeJavaScript("var previewBar = document.getElementById("preview-bar-iframe"); previewBar.style.display = "none";", []): Execute JavaScript 'var previewBar = document.getElementById("preview-bar-iframe"); previewBar.style.display = "none";' successfully

2019-06-07 13:19:30 - [MESSAGE][PASSED] - Execute JavaScript 'var previewBar = document.getElementById("preview-bar-iframe"); previewBar.style.display = "none";' successfully

2019-06-07 13:19:30 - [TEST_STEP][PASSED] - selectOptionByValue(findTestObject("OCS-DESKTOP/Age gate and Mega menu/Date"), "12", true): All options with value '12' are selected in object 'Object Repository/OCS-DESKTOP/Age gate and Mega menu/Date'  using regular expression

2019-06-07 13:19:30 - [MESSAGE][PASSED] - All options with value '12' are selected in object 'Object Repository/OCS-DESKTOP/Age gate and Mega menu/Date'  using regular expression

2019-06-07 13:19:30 - [TEST_STEP][PASSED] - selectOptionByValue(findTestObject("OCS-DESKTOP/Age gate and Mega menu/month"), "6", true): All options with value '6' are selected in object 'Object Repository/OCS-DESKTOP/Age gate and Mega menu/month'  using regular expression

2019-06-07 13:19:30 - [MESSAGE][PASSED] - All options with value '6' are selected in object 'Object Repository/OCS-DESKTOP/Age gate and Mega menu/month'  using regular expression

2019-06-07 13:19:30 - [TEST_STEP][PASSED] - delay(2): Delayed 2 second(s)

2019-06-07 13:19:32 - [MESSAGE][PASSED] - Delayed 2 second(s)

2019-06-07 13:19:32 - [TEST_STEP][PASSED] - selectOptionByValue(findTestObject("OCS-DESKTOP/Age gate and Mega menu/Year Dropdown"), "1990", true): All options with value '1990' are selected in object 'Object Repository/OCS-DESKTOP/Age gate and Mega menu/Year Dropdown'  using regular expression

2019-06-07 13:19:33 - [MESSAGE][PASSED] - All options with value '1990' are selected in object 'Object Repository/OCS-DESKTOP/Age gate and Mega menu/Year Dropdown'  using regular expression

2019-06-07 13:19:33 - [TEST_STEP][PASSED] - click(findTestObject("OCS-DESKTOP/Age gate and Mega menu/button_Verify")): Object: 'Object Repository/OCS-DESKTOP/Age gate and Mega menu/button_Verify' is clicked on

2019-06-07 13:19:33 - [MESSAGE][PASSED] - Object: 'Object Repository/OCS-DESKTOP/Age gate and Mega menu/button_Verify' is clicked on

2019-06-07 13:19:33 - [TEST_STEP][PASSED] - click(findTestObject("OCS-DESKTOP/Age gate and Mega menu/Checkbox_CONFIRM AND ACKNOWLEDGE")): Object: 'Object Repository/OCS-DESKTOP/Age gate and Mega menu/Checkbox_CONFIRM AND ACKNOWLEDGE' is clicked on

2019-06-07 13:19:33 - [MESSAGE][PASSED] - Object: 'Object Repository/OCS-DESKTOP/Age gate and Mega menu/Checkbox_CONFIRM AND ACKNOWLEDGE' is clicked on

2019-06-07 13:19:33 - [TEST_STEP][PASSED] - click(findTestObject("OCS-DESKTOP/Age gate and Mega menu/button_CONFIRM")): Object: 'Object Repository/OCS-DESKTOP/Age gate and Mega menu/button_CONFIRM' is clicked on

2019-06-07 13:19:33 - [MESSAGE][PASSED] - Object: 'Object Repository/OCS-DESKTOP/Age gate and Mega menu/button_CONFIRM' is clicked on

2019-06-07 13:19:33 - [TEST_STEP][PASSED] - click(findTestObject("OCS-DESKTOP/Age gate and Mega menu/button_Start Browsing")): Object: 'Object Repository/OCS-DESKTOP/Age gate and Mega menu/button_Start Browsing' is clicked on

2019-06-07 13:19:34 - [MESSAGE][PASSED] - Object: 'Object Repository/OCS-DESKTOP/Age gate and Mega menu/button_Start Browsing' is clicked on

2019-06-07 13:19:34 - [TEST_STEP][PASSED] - delay(2): Delayed 2 second(s)

2019-06-07 13:19:36 - [MESSAGE][PASSED] - Delayed 2 second(s)

2019-06-07 13:19:36 - [TEST_STEP][PASSED] - refresh(): Refresh successfully

2019-06-07 13:19:36 - [MESSAGE][PASSED] - Refresh successfully

2019-06-07 13:19:36 - [MESSAGE][PASSED] - Call Test Case 'Test Cases/OCS - DESKTOP/CALL- Age gate' successfully

2019-06-07 13:19:36 - [TEST_STEP][PASSED] - delay(2): Delayed 2 second(s)

2019-06-07 13:19:38 - [MESSAGE][PASSED] - Delayed 2 second(s)

2019-06-07 13:19:38 - [TEST_STEP][PASSED] - click(findTestObject("OCS-DESKTOP/Age gate and Mega menu/Header/CANNABIS menu - English")): Object: 'Object Repository/OCS-DESKTOP/Age gate and Mega menu/Header/CANNABIS menu - English' is clicked on

2019-06-07 13:19:38 - [MESSAGE][PASSED] - Object: 'Object Repository/OCS-DESKTOP/Age gate and Mega menu/Header/CANNABIS menu - English' is clicked on

2019-06-07 13:19:38 - [TEST_STEP][PASSED] - delay(2): Delayed 2 second(s)

2019-06-07 13:19:40 - [MESSAGE][PASSED] - Delayed 2 second(s)

2019-06-07 13:19:40 - [TEST_STEP][PASSED] - executeJavaScript("var previewBar = document.getElementById("preview-bar-iframe"); previewBar.style.display = "none";", []): Execute JavaScript 'var previewBar = document.getElementById("preview-bar-iframe"); previewBar.style.display = "none";' successfully

2019-06-07 13:19:40 - [MESSAGE][PASSED] - Execute JavaScript 'var previewBar = document.getElementById("preview-bar-iframe"); previewBar.style.display = "none";' successfully

2019-06-07 13:19:40 - [TEST_STEP][PASSED] - click(findTestObject("OCS-DESKTOP/Age gate and Mega menu/Indica Dominant_Menu item")): Object: 'Object Repository/OCS-DESKTOP/Age gate and Mega menu/Indica Dominant_Menu item' is clicked on

2019-06-07 13:19:42 - [MESSAGE][PASSED] - Object: 'Object Repository/OCS-DESKTOP/Age gate and Mega menu/Indica Dominant_Menu item' is clicked on

2019-06-07 13:19:42 - [TEST_STEP][PASSED] - executeJavaScript("var previewBar = document.getElementById("preview-bar-iframe"); previewBar.style.display = "none";", []): Execute JavaScript 'var previewBar = document.getElementById("preview-bar-iframe"); previewBar.style.display = "none";' successfully

2019-06-07 13:19:42 - [MESSAGE][PASSED] - Execute JavaScript 'var previewBar = document.getElementById("preview-bar-iframe"); previewBar.style.display = "none";' successfully

2019-06-07 13:19:42 - [TEST_STEP][PASSED] - delay(2): Delayed 2 second(s)

2019-06-07 13:19:44 - [MESSAGE][PASSED] - Delayed 2 second(s)

2019-06-07 13:19:44 - [TEST_STEP][PASSED] - click(findTestObject("OCS-DESKTOP/Collection page/Product image - 1st one")): Object: 'Object Repository/OCS-DESKTOP/Collection page/Product image - 1st one' is clicked on

2019-06-07 13:19:48 - [MESSAGE][PASSED] - Object: 'Object Repository/OCS-DESKTOP/Collection page/Product image - 1st one' is clicked on

2019-06-07 13:19:48 - [TEST_STEP][PASSED] - executeJavaScript("var previewBar = document.getElementById("preview-bar-iframe"); previewBar.style.display = "none";", []): Execute JavaScript 'var previewBar = document.getElementById("preview-bar-iframe"); previewBar.style.display = "none";' successfully

2019-06-07 13:19:48 - [MESSAGE][PASSED] - Execute JavaScript 'var previewBar = document.getElementById("preview-bar-iframe"); previewBar.style.display = "none";' successfully

2019-06-07 13:19:48 - [TEST_STEP][PASSED] - delay(1): Delayed 1 second(s)

2019-06-07 13:19:49 - [MESSAGE][PASSED] - Delayed 1 second(s)

2019-06-07 13:19:49 - [TEST_STEP][PASSED] - delay(3): Delayed 3 second(s)

2019-06-07 13:19:52 - [MESSAGE][PASSED] - Delayed 3 second(s)

2019-06-07 13:19:52 - [TEST_STEP][NOT_RUN] - scrollToElement(findTestObject("OCS-DESKTOP/Product page/Product image"), 1): NOT_RUN: scrollToElement(findTestObject("OCS-DESKTOP/Product page/Product image"), 1)

2019-06-07 13:19:52 - [MESSAGE][NOT_RUN] - NOT_RUN: scrollToElement(findTestObject("OCS-DESKTOP/Product page/Product image"), 1)

2019-06-07 13:19:52 - [TEST_STEP][PASSED] - click(findTestObject("OCS-DESKTOP/Product page/Swatch_1g")): Object: 'Object Repository/OCS-DESKTOP/Product page/Swatch_1g' is clicked on

2019-06-07 13:19:52 - [MESSAGE][PASSED] - Object: 'Object Repository/OCS-DESKTOP/Product page/Swatch_1g' is clicked on

2019-06-07 13:19:52 - [TEST_STEP][PASSED] - delay(2): Delayed 2 second(s)

2019-06-07 13:19:54 - [MESSAGE][PASSED] - Delayed 2 second(s)

2019-06-07 13:19:54 - [TEST_STEP][PASSED] - click(findTestObject("OCS-DESKTOP/Product page/Add to Bag-button")): Object: 'Object Repository/OCS-DESKTOP/Product page/Add to Bag-button' is clicked on

2019-06-07 13:19:54 - [MESSAGE][PASSED] - Object: 'Object Repository/OCS-DESKTOP/Product page/Add to Bag-button' is clicked on

2019-06-07 13:19:54 - [TEST_STEP][PASSED] - delay(1): Delayed 1 second(s)

2019-06-07 13:19:55 - [MESSAGE][PASSED] - Delayed 1 second(s)

2019-06-07 13:19:55 - [TEST_STEP][NOT_RUN] - click(findTestObject("OCS-DESKTOP/Home - page/Cart icon -bag")): NOT_RUN: click(findTestObject("OCS-DESKTOP/Home - page/Cart icon -bag"))

2019-06-07 13:19:55 - [MESSAGE][NOT_RUN] - NOT_RUN: click(findTestObject("OCS-DESKTOP/Home - page/Cart icon -bag"))

2019-06-07 13:19:55 - [TEST_STEP][PASSED] - delay(1): Delayed 1 second(s)

2019-06-07 13:19:56 - [MESSAGE][PASSED] - Delayed 1 second(s)

2019-06-07 13:19:56 - [TEST_STEP][PASSED] - click(findTestObject("OCS-DESKTOP/Cart flyout/Checkbox_I confirm that")): Object: 'Object Repository/OCS-DESKTOP/Cart flyout/Checkbox_I confirm that' is clicked on

2019-06-07 13:19:56 - [MESSAGE][PASSED] - Object: 'Object Repository/OCS-DESKTOP/Cart flyout/Checkbox_I confirm that' is clicked on

2019-06-07 13:19:56 - [TEST_STEP][PASSED] - delay(1): Delayed 1 second(s)

2019-06-07 13:19:57 - [MESSAGE][PASSED] - Delayed 1 second(s)

2019-06-07 13:19:57 - [TEST_STEP][PASSED] - click(findTestObject("OCS-DESKTOP/Cart flyout/Checkbox_Accept the Terms Condition")): Object: 'Object Repository/OCS-DESKTOP/Cart flyout/Checkbox_Accept the Terms Condition' is clicked on

2019-06-07 13:19:57 - [MESSAGE][PASSED] - Object: 'Object Repository/OCS-DESKTOP/Cart flyout/Checkbox_Accept the Terms Condition' is clicked on

2019-06-07 13:19:57 - [TEST_STEP][PASSED] - delay(1): Delayed 1 second(s)

2019-06-07 13:19:58 - [MESSAGE][PASSED] - Delayed 1 second(s)

2019-06-07 13:19:58 - [TEST_STEP][PASSED] - click(findTestObject("OCS-DESKTOP/Cart flyout/Checkout - Button")): Object: 'Object Repository/OCS-DESKTOP/Cart flyout/Checkout - Button' is clicked on

2019-06-07 13:20:04 - [MESSAGE][PASSED] - Object: 'Object Repository/OCS-DESKTOP/Cart flyout/Checkout - Button' is clicked on

2019-06-07 13:20:04 - [TEST_STEP][PASSED] - executeJavaScript("var previewBar = document.getElementById("preview-bar-iframe"); previewBar.style.display = "none";", []): Execute JavaScript 'var previewBar = document.getElementById("preview-bar-iframe"); previewBar.style.display = "none";' successfully

2019-06-07 13:20:04 - [MESSAGE][PASSED] - Execute JavaScript 'var previewBar = document.getElementById("preview-bar-iframe"); previewBar.style.display = "none";' successfully

2019-06-07 13:20:04 - [TEST_STEP][PASSED] - delay(1): Delayed 1 second(s)

2019-06-07 13:20:05 - [MESSAGE][PASSED] - Delayed 1 second(s)

2019-06-07 13:20:05 - [TEST_STEP][PASSED] - delay(2): Delayed 2 second(s)

2019-06-07 13:20:07 - [MESSAGE][PASSED] - Delayed 2 second(s)

2019-06-07 13:20:07 - [TEST_STEP][PASSED] - scrollToElement(findTestObject("OCS-DESKTOP/Customer info page/input_Email"), 0): Scroll to object 'Object Repository/OCS-DESKTOP/Customer info page/input_Email' successfully

2019-06-07 13:20:07 - [MESSAGE][WARNING] - Timeout '0' is invalid. Using default page load timeout: '30'

2019-06-07 13:20:07 - [MESSAGE][PASSED] - Scroll to object 'Object Repository/OCS-DESKTOP/Customer info page/input_Email' successfully

2019-06-07 13:20:07 - [TEST_STEP][PASSED] - setText(findTestObject("OCS-DESKTOP/Customer info page/input_Email"), "suman.kompelly@diffagency.com"): Text 'suman.kompelly@diffagency.com' is set on object 'Object Repository/OCS-DESKTOP/Customer info page/input_Email'

2019-06-07 13:20:07 - [MESSAGE][PASSED] - Text 'suman.kompelly@diffagency.com' is set on object 'Object Repository/OCS-DESKTOP/Customer info page/input_Email'

2019-06-07 13:20:07 - [TEST_STEP][PASSED] - setText(findTestObject("OCS-DESKTOP/Customer info page/input_First name"), "suman"): Text 'suman' is set on object 'Object Repository/OCS-DESKTOP/Customer info page/input_First name'

2019-06-07 13:20:07 - [MESSAGE][PASSED] - Text 'suman' is set on object 'Object Repository/OCS-DESKTOP/Customer info page/input_First name'

2019-06-07 13:20:07 - [TEST_STEP][PASSED] - setText(findTestObject("OCS-DESKTOP/Customer info page/input_Last name"), "kompelly"): Text 'kompelly' is set on object 'Object Repository/OCS-DESKTOP/Customer info page/input_Last name'

2019-06-07 13:20:08 - [MESSAGE][PASSED] - Text 'kompelly' is set on object 'Object Repository/OCS-DESKTOP/Customer info page/input_Last name'

2019-06-07 13:20:08 - [TEST_STEP][PASSED] - setText(findTestObject("OCS-DESKTOP/Customer info page/input_Address"), "300 saint alxendre"): Text '300 saint alxendre' is set on object 'Object Repository/OCS-DESKTOP/Customer info page/input_Address'

2019-06-07 13:20:08 - [MESSAGE][PASSED] - Text '300 saint alxendre' is set on object 'Object Repository/OCS-DESKTOP/Customer info page/input_Address'

2019-06-07 13:20:08 - [TEST_STEP][PASSED] - setText(findTestObject("OCS-DESKTOP/Customer info page/input_Apartment suite etc. (op"), "199"): Text '199' is set on object 'Object Repository/OCS-DESKTOP/Customer info page/input_Apartment suite etc. (op'

2019-06-07 13:20:08 - [MESSAGE][PASSED] - Text '199' is set on object 'Object Repository/OCS-DESKTOP/Customer info page/input_Apartment suite etc. (op'

2019-06-07 13:20:08 - [TEST_STEP][PASSED] - setText(findTestObject("OCS-DESKTOP/Customer info page/input_City"), "montreal"): Text 'montreal' is set on object 'Object Repository/OCS-DESKTOP/Customer info page/input_City'

2019-06-07 13:20:08 - [MESSAGE][PASSED] - Text 'montreal' is set on object 'Object Repository/OCS-DESKTOP/Customer info page/input_City'

2019-06-07 13:20:08 - [TEST_STEP][PASSED] - setText(findTestObject("OCS-DESKTOP/Customer info page/input_Postal code"), "n0R1K0"): Text 'n0R1K0' is set on object 'Object Repository/OCS-DESKTOP/Customer info page/input_Postal code'

2019-06-07 13:20:08 - [MESSAGE][PASSED] - Text 'n0R1K0' is set on object 'Object Repository/OCS-DESKTOP/Customer info page/input_Postal code'

2019-06-07 13:20:08 - [TEST_STEP][PASSED] - setText(findTestObject("OCS-DESKTOP/Customer info page/input_Phone"), "(514) 449-3882"): Text '(514) 449-3882' is set on object 'Object Repository/OCS-DESKTOP/Customer info page/input_Phone'

2019-06-07 13:20:08 - [MESSAGE][PASSED] - Text '(514) 449-3882' is set on object 'Object Repository/OCS-DESKTOP/Customer info page/input_Phone'

2019-06-07 13:20:08 - [TEST_STEP][PASSED] - delay(1): Delayed 1 second(s)

2019-06-07 13:20:09 - [MESSAGE][PASSED] - Delayed 1 second(s)

2019-06-07 13:20:09 - [TEST_STEP][PASSED] - click(findTestObject("OCS-DESKTOP/Customer info page/Return to Cart - Link")): Object: 'Object Repository/OCS-DESKTOP/Customer info page/Return to Cart - Link' is clicked on

2019-06-07 13:20:10 - [MESSAGE][PASSED] - Object: 'Object Repository/OCS-DESKTOP/Customer info page/Return to Cart - Link' is clicked on

2019-06-07 13:20:10 - [TEST_STEP][PASSED] - delay(2): Delayed 2 second(s)

2019-06-07 13:20:12 - [MESSAGE][PASSED] - Delayed 2 second(s)

2019-06-07 13:20:12 - [TEST_STEP][PASSED] - click(findTestObject("OCS-DESKTOP/Cart page/cart page-Checkbox_I confirm that")): Object: 'Object Repository/OCS-DESKTOP/Cart page/cart page-Checkbox_I confirm that' is clicked on

2019-06-07 13:20:13 - [MESSAGE][PASSED] - Object: 'Object Repository/OCS-DESKTOP/Cart page/cart page-Checkbox_I confirm that' is clicked on

2019-06-07 13:20:13 - [TEST_STEP][PASSED] - delay(2): Delayed 2 second(s)

2019-06-07 13:20:15 - [MESSAGE][PASSED] - Delayed 2 second(s)

2019-06-07 13:20:15 - [TEST_STEP][PASSED] - click(findTestObject("OCS-DESKTOP/Cart page/cart page - Checkbox_Accept the Terms Condition")): Object: 'Object Repository/OCS-DESKTOP/Cart page/cart page - Checkbox_Accept the Terms Condition' is clicked on

2019-06-07 13:20:15 - [MESSAGE][PASSED] - Object: 'Object Repository/OCS-DESKTOP/Cart page/cart page - Checkbox_Accept the Terms Condition' is clicked on

2019-06-07 13:20:15 - [TEST_STEP][PASSED] - delay(1): Delayed 1 second(s)

2019-06-07 13:20:16 - [MESSAGE][PASSED] - Delayed 1 second(s)

2019-06-07 13:20:16 - [TEST_STEP][PASSED] - click(findTestObject("OCS-DESKTOP/Cart page/Cart page -checkout button")): Object: 'Object Repository/OCS-DESKTOP/Cart page/Cart page -checkout button' is clicked on

2019-06-07 13:20:21 - [MESSAGE][PASSED] - Object: 'Object Repository/OCS-DESKTOP/Cart page/Cart page -checkout button' is clicked on

2019-06-07 13:20:21 - [TEST_STEP][PASSED] - setText(findTestObject("OCS-DESKTOP/Customer info page/input_Email"), "suman.kompelly@diffagency.com"): Text 'suman.kompelly@diffagency.com' is set on object 'Object Repository/OCS-DESKTOP/Customer info page/input_Email'

2019-06-07 13:20:21 - [MESSAGE][PASSED] - Text 'suman.kompelly@diffagency.com' is set on object 'Object Repository/OCS-DESKTOP/Customer info page/input_Email'

2019-06-07 13:20:21 - [TEST_STEP][PASSED] - setText(findTestObject("OCS-DESKTOP/Customer info page/input_First name"), "suman"): Text 'suman' is set on object 'Object Repository/OCS-DESKTOP/Customer info page/input_First name'

2019-06-07 13:20:21 - [MESSAGE][PASSED] - Text 'suman' is set on object 'Object Repository/OCS-DESKTOP/Customer info page/input_First name'

2019-06-07 13:20:21 - [TEST_STEP][PASSED] - setText(findTestObject("OCS-DESKTOP/Customer info page/input_Last name"), "kompelly"): Text 'kompelly' is set on object 'Object Repository/OCS-DESKTOP/Customer info page/input_Last name'

2019-06-07 13:20:21 - [MESSAGE][PASSED] - Text 'kompelly' is set on object 'Object Repository/OCS-DESKTOP/Customer info page/input_Last name'

2019-06-07 13:20:21 - [TEST_STEP][PASSED] - setText(findTestObject("OCS-DESKTOP/Customer info page/input_Address"), "300 saint alxendre"): Text '300 saint alxendre' is set on object 'Object Repository/OCS-DESKTOP/Customer info page/input_Address'

2019-06-07 13:20:22 - [MESSAGE][PASSED] - Text '300 saint alxendre' is set on object 'Object Repository/OCS-DESKTOP/Customer info page/input_Address'

2019-06-07 13:20:22 - [TEST_STEP][PASSED] - setText(findTestObject("OCS-DESKTOP/Customer info page/input_Apartment suite etc. (op"), "199"): Text '199' is set on object 'Object Repository/OCS-DESKTOP/Customer info page/input_Apartment suite etc. (op'

2019-06-07 13:20:22 - [MESSAGE][PASSED] - Text '199' is set on object 'Object Repository/OCS-DESKTOP/Customer info page/input_Apartment suite etc. (op'

2019-06-07 13:20:22 - [TEST_STEP][PASSED] - setText(findTestObject("OCS-DESKTOP/Customer info page/input_City"), "montreal"): Text 'montreal' is set on object 'Object Repository/OCS-DESKTOP/Customer info page/input_City'

2019-06-07 13:20:22 - [MESSAGE][PASSED] - Text 'montreal' is set on object 'Object Repository/OCS-DESKTOP/Customer info page/input_City'

2019-06-07 13:20:22 - [TEST_STEP][PASSED] - setText(findTestObject("OCS-DESKTOP/Customer info page/input_Postal code"), "n0R1K0"): Text 'n0R1K0' is set on object 'Object Repository/OCS-DESKTOP/Customer info page/input_Postal code'

2019-06-07 13:20:22 - [MESSAGE][PASSED] - Text 'n0R1K0' is set on object 'Object Repository/OCS-DESKTOP/Customer info page/input_Postal code'

2019-06-07 13:20:22 - [TEST_STEP][PASSED] - setText(findTestObject("OCS-DESKTOP/Customer info page/input_Phone"), "(514) 449-3882"): Text '(514) 449-3882' is set on object 'Object Repository/OCS-DESKTOP/Customer info page/input_Phone'

2019-06-07 13:20:22 - [MESSAGE][PASSED] - Text '(514) 449-3882' is set on object 'Object Repository/OCS-DESKTOP/Customer info page/input_Phone'

2019-06-07 13:20:22 - [TEST_STEP][PASSED] - delay(1): Delayed 1 second(s)

2019-06-07 13:20:23 - [MESSAGE][PASSED] - Delayed 1 second(s)

2019-06-07 13:20:23 - [TEST_STEP][PASSED] - executeJavaScript("var previewBar = document.getElementById("preview-bar-iframe"); previewBar.style.display = "none";", []): Execute JavaScript 'var previewBar = document.getElementById("preview-bar-iframe"); previewBar.style.display = "none";' successfully

2019-06-07 13:20:23 - [MESSAGE][PASSED] - Execute JavaScript 'var previewBar = document.getElementById("preview-bar-iframe"); previewBar.style.display = "none";' successfully

2019-06-07 13:20:23 - [TEST_STEP][PASSED] - click(findTestObject("OCS-DESKTOP/Customer info page/Continue to shipping method - Button")): Object: 'Object Repository/OCS-DESKTOP/Customer info page/Continue to shipping method - Button' is clicked on

2019-06-07 13:20:25 - [MESSAGE][PASSED] - Object: 'Object Repository/OCS-DESKTOP/Customer info page/Continue to shipping method - Button' is clicked on

2019-06-07 13:20:25 - [TEST_STEP][PASSED] - closeBrowser(): Browser is closed

2019-06-07 13:20:25 - [MESSAGE][PASSED] - Browser is closed]]></system-out>
         <system-err><![CDATA[]]></system-err>
      </testcase>
      <testcase name="Test Cases/OCS - DESKTOP/OCS- CRITICAL PATH/Cart flyout-tooltips" classname="Test Cases/OCS - DESKTOP/OCS- CRITICAL PATH/Cart flyout-tooltips" status="PASSED">
         <system-out><![CDATA[2019-06-07 13:20:25 - [TEST_CASE][PASSED] - Test Cases/OCS - DESKTOP/OCS- CRITICAL PATH/Cart flyout-tooltips: Test Cases/OCS - DESKTOP/OCS- CRITICAL PATH/Cart flyout-tooltips

2019-06-07 13:20:25 - [TEST_STEP][PASSED] - callTestCase(findTestCase("OCS - DESKTOP/CALL- Age gate"), [:], STOP_ON_FAILURE): Call Test Case 'Test Cases/OCS - DESKTOP/CALL- Age gate' successfully

2019-06-07 13:20:25 - [TEST_CASE][PASSED] - Test Cases/OCS - DESKTOP/CALL- Age gate: Test Cases/OCS - DESKTOP/CALL- Age gate

2019-06-07 13:20:25 - [TEST_STEP][PASSED] - openBrowser(""): Browser is opened with url: ''

2019-06-07 13:20:25 - [MESSAGE][INFO] - Starting 'Chrome' driver

2019-06-07 13:20:26 - [MESSAGE][PASSED] - Browser is opened with url: ''

2019-06-07 13:20:26 - [TEST_STEP][PASSED] - navigateToUrl("https://ocs.ca/?fts=0&preview_theme_id=72920074060"): Navigate to 'https://ocs.ca/?fts=0&preview_theme_id=72920074060' successfully

2019-06-07 13:20:30 - [MESSAGE][PASSED] - Navigate to 'https://ocs.ca/?fts=0&preview_theme_id=72920074060' successfully

2019-06-07 13:20:30 - [TEST_STEP][PASSED] - maximizeWindow(): Current window maximized

2019-06-07 13:20:30 - [MESSAGE][PASSED] - Current window maximized

2019-06-07 13:20:30 - [TEST_STEP][PASSED] - delay(2): Delayed 2 second(s)

2019-06-07 13:20:32 - [MESSAGE][PASSED] - Delayed 2 second(s)

2019-06-07 13:20:32 - [TEST_STEP][PASSED] - executeJavaScript("var previewBar = document.getElementById("preview-bar-iframe"); previewBar.style.display = "none";", []): Execute JavaScript 'var previewBar = document.getElementById("preview-bar-iframe"); previewBar.style.display = "none";' successfully

2019-06-07 13:20:32 - [MESSAGE][PASSED] - Execute JavaScript 'var previewBar = document.getElementById("preview-bar-iframe"); previewBar.style.display = "none";' successfully

2019-06-07 13:20:32 - [TEST_STEP][PASSED] - selectOptionByValue(findTestObject("OCS-DESKTOP/Age gate and Mega menu/Date"), "12", true): All options with value '12' are selected in object 'Object Repository/OCS-DESKTOP/Age gate and Mega menu/Date'  using regular expression

2019-06-07 13:20:33 - [MESSAGE][PASSED] - All options with value '12' are selected in object 'Object Repository/OCS-DESKTOP/Age gate and Mega menu/Date'  using regular expression

2019-06-07 13:20:33 - [TEST_STEP][PASSED] - selectOptionByValue(findTestObject("OCS-DESKTOP/Age gate and Mega menu/month"), "6", true): All options with value '6' are selected in object 'Object Repository/OCS-DESKTOP/Age gate and Mega menu/month'  using regular expression

2019-06-07 13:20:33 - [MESSAGE][PASSED] - All options with value '6' are selected in object 'Object Repository/OCS-DESKTOP/Age gate and Mega menu/month'  using regular expression

2019-06-07 13:20:33 - [TEST_STEP][PASSED] - delay(2): Delayed 2 second(s)

2019-06-07 13:20:35 - [MESSAGE][PASSED] - Delayed 2 second(s)

2019-06-07 13:20:35 - [TEST_STEP][PASSED] - selectOptionByValue(findTestObject("OCS-DESKTOP/Age gate and Mega menu/Year Dropdown"), "1990", true): All options with value '1990' are selected in object 'Object Repository/OCS-DESKTOP/Age gate and Mega menu/Year Dropdown'  using regular expression

2019-06-07 13:20:36 - [MESSAGE][PASSED] - All options with value '1990' are selected in object 'Object Repository/OCS-DESKTOP/Age gate and Mega menu/Year Dropdown'  using regular expression

2019-06-07 13:20:36 - [TEST_STEP][PASSED] - click(findTestObject("OCS-DESKTOP/Age gate and Mega menu/button_Verify")): Object: 'Object Repository/OCS-DESKTOP/Age gate and Mega menu/button_Verify' is clicked on

2019-06-07 13:20:36 - [MESSAGE][PASSED] - Object: 'Object Repository/OCS-DESKTOP/Age gate and Mega menu/button_Verify' is clicked on

2019-06-07 13:20:36 - [TEST_STEP][PASSED] - click(findTestObject("OCS-DESKTOP/Age gate and Mega menu/Checkbox_CONFIRM AND ACKNOWLEDGE")): Object: 'Object Repository/OCS-DESKTOP/Age gate and Mega menu/Checkbox_CONFIRM AND ACKNOWLEDGE' is clicked on

2019-06-07 13:20:36 - [MESSAGE][PASSED] - Object: 'Object Repository/OCS-DESKTOP/Age gate and Mega menu/Checkbox_CONFIRM AND ACKNOWLEDGE' is clicked on

2019-06-07 13:20:36 - [TEST_STEP][PASSED] - click(findTestObject("OCS-DESKTOP/Age gate and Mega menu/button_CONFIRM")): Object: 'Object Repository/OCS-DESKTOP/Age gate and Mega menu/button_CONFIRM' is clicked on

2019-06-07 13:20:36 - [MESSAGE][PASSED] - Object: 'Object Repository/OCS-DESKTOP/Age gate and Mega menu/button_CONFIRM' is clicked on

2019-06-07 13:20:36 - [TEST_STEP][PASSED] - click(findTestObject("OCS-DESKTOP/Age gate and Mega menu/button_Start Browsing")): Object: 'Object Repository/OCS-DESKTOP/Age gate and Mega menu/button_Start Browsing' is clicked on

2019-06-07 13:20:36 - [MESSAGE][PASSED] - Object: 'Object Repository/OCS-DESKTOP/Age gate and Mega menu/button_Start Browsing' is clicked on

2019-06-07 13:20:36 - [TEST_STEP][PASSED] - delay(2): Delayed 2 second(s)

2019-06-07 13:20:38 - [MESSAGE][PASSED] - Delayed 2 second(s)

2019-06-07 13:20:38 - [TEST_STEP][PASSED] - refresh(): Refresh successfully

2019-06-07 13:20:38 - [MESSAGE][PASSED] - Refresh successfully

2019-06-07 13:20:38 - [MESSAGE][PASSED] - Call Test Case 'Test Cases/OCS - DESKTOP/CALL- Age gate' successfully

2019-06-07 13:20:38 - [TEST_STEP][PASSED] - delay(2): Delayed 2 second(s)

2019-06-07 13:20:40 - [MESSAGE][PASSED] - Delayed 2 second(s)

2019-06-07 13:20:40 - [TEST_STEP][PASSED] - refresh(): Refresh successfully

2019-06-07 13:20:42 - [MESSAGE][PASSED] - Refresh successfully

2019-06-07 13:20:42 - [TEST_STEP][PASSED] - click(findTestObject("OCS-DESKTOP/Age gate and Mega menu/Header/CANNABIS menu - English")): Object: 'Object Repository/OCS-DESKTOP/Age gate and Mega menu/Header/CANNABIS menu - English' is clicked on

2019-06-07 13:20:45 - [MESSAGE][PASSED] - Object: 'Object Repository/OCS-DESKTOP/Age gate and Mega menu/Header/CANNABIS menu - English' is clicked on

2019-06-07 13:20:45 - [TEST_STEP][PASSED] - delay(4): Delayed 4 second(s)

2019-06-07 13:20:49 - [MESSAGE][PASSED] - Delayed 4 second(s)

2019-06-07 13:20:49 - [TEST_STEP][NOT_RUN] - maximizeWindow(): NOT_RUN: maximizeWindow()

2019-06-07 13:20:49 - [MESSAGE][NOT_RUN] - NOT_RUN: maximizeWindow()

2019-06-07 13:20:49 - [TEST_STEP][PASSED] - click(findTestObject("OCS-DESKTOP/Age gate and Mega menu/Indica Dominant_Menu item")): Object: 'Object Repository/OCS-DESKTOP/Age gate and Mega menu/Indica Dominant_Menu item' is clicked on

2019-06-07 13:20:51 - [MESSAGE][PASSED] - Object: 'Object Repository/OCS-DESKTOP/Age gate and Mega menu/Indica Dominant_Menu item' is clicked on

2019-06-07 13:20:51 - [TEST_STEP][PASSED] - delay(2): Delayed 2 second(s)

2019-06-07 13:20:53 - [MESSAGE][PASSED] - Delayed 2 second(s)

2019-06-07 13:20:53 - [TEST_STEP][PASSED] - executeJavaScript("var previewBar = document.getElementById("preview-bar-iframe"); previewBar.style.display = "none";", []): Execute JavaScript 'var previewBar = document.getElementById("preview-bar-iframe"); previewBar.style.display = "none";' successfully

2019-06-07 13:20:53 - [MESSAGE][PASSED] - Execute JavaScript 'var previewBar = document.getElementById("preview-bar-iframe"); previewBar.style.display = "none";' successfully

2019-06-07 13:20:53 - [TEST_STEP][PASSED] - click(findTestObject("OCS-DESKTOP/Collection page/Product image - 1st one")): Object: 'Object Repository/OCS-DESKTOP/Collection page/Product image - 1st one' is clicked on

2019-06-07 13:20:57 - [MESSAGE][PASSED] - Object: 'Object Repository/OCS-DESKTOP/Collection page/Product image - 1st one' is clicked on

2019-06-07 13:20:57 - [TEST_STEP][PASSED] - delay(3): Delayed 3 second(s)

2019-06-07 13:21:00 - [MESSAGE][PASSED] - Delayed 3 second(s)

2019-06-07 13:21:00 - [TEST_STEP][PASSED] - executeJavaScript("var previewBar = document.getElementById("preview-bar-iframe"); previewBar.style.display = "none";", []): Execute JavaScript 'var previewBar = document.getElementById("preview-bar-iframe"); previewBar.style.display = "none";' successfully

2019-06-07 13:21:00 - [MESSAGE][PASSED] - Execute JavaScript 'var previewBar = document.getElementById("preview-bar-iframe"); previewBar.style.display = "none";' successfully

2019-06-07 13:21:00 - [TEST_STEP][NOT_RUN] - scrollToElement(findTestObject("OCS-DESKTOP/Product page/Product image"), 1): NOT_RUN: scrollToElement(findTestObject("OCS-DESKTOP/Product page/Product image"), 1)

2019-06-07 13:21:00 - [MESSAGE][NOT_RUN] - NOT_RUN: scrollToElement(findTestObject("OCS-DESKTOP/Product page/Product image"), 1)

2019-06-07 13:21:00 - [TEST_STEP][PASSED] - click(findTestObject("OCS-DESKTOP/Product page/Swatch_1g")): Object: 'Object Repository/OCS-DESKTOP/Product page/Swatch_1g' is clicked on

2019-06-07 13:21:00 - [MESSAGE][PASSED] - Object: 'Object Repository/OCS-DESKTOP/Product page/Swatch_1g' is clicked on

2019-06-07 13:21:00 - [TEST_STEP][PASSED] - delay(2): Delayed 2 second(s)

2019-06-07 13:21:02 - [MESSAGE][PASSED] - Delayed 2 second(s)

2019-06-07 13:21:02 - [TEST_STEP][PASSED] - click(findTestObject("OCS-DESKTOP/Product page/Add to Bag-button")): Object: 'Object Repository/OCS-DESKTOP/Product page/Add to Bag-button' is clicked on

2019-06-07 13:21:02 - [MESSAGE][PASSED] - Object: 'Object Repository/OCS-DESKTOP/Product page/Add to Bag-button' is clicked on

2019-06-07 13:21:02 - [TEST_STEP][PASSED] - delay(1): Delayed 1 second(s)

2019-06-07 13:21:03 - [MESSAGE][PASSED] - Delayed 1 second(s)

2019-06-07 13:21:03 - [TEST_STEP][PASSED] - click(findTestObject("OCS-DESKTOP/Home - page/Cart icon -bag"), OPTIONAL): Unable to click on object 'Object Repository/OCS-DESKTOP/Home - page/Cart icon -bag' (Root cause: org.openqa.selenium.ElementNotVisibleException: element not interactable
  (Session info: chrome=75.0.3770.80)
  (Driver info: chromedriver=2.43.600229 (3fae4d0cda5334b4f533bede5a4787f7b832d052),platform=Mac OS X 10.13.6 x86_64) (WARNING: The server did not provide any stacktrace information)
Command duration or timeout: 0 milliseconds
Build info: version: '3.7.1', revision: '8a0099a', time: '2017-11-06T21:07:36.161Z'
System info: host: 'sumans-MacBook-Pro.local', ip: 'fe80:0:0:0:8ee:14b5:7377:44cf%en0', os.name: 'Mac OS X', os.arch: 'x86_64', os.version: '10.13.6', java.version: '1.8.0_181'
Driver info: com.kms.katalon.selenium.driver.CChromeDriver
Capabilities {acceptInsecureCerts: false, acceptSslCerts: false, applicationCacheEnabled: false, browserConnectionEnabled: false, browserName: chrome, chrome: {chromedriverVersion: 2.43.600229 (3fae4d0cda5334..., userDataDir: /var/folders/1t/c55l8xzs6gq...}, cssSelectorsEnabled: true, databaseEnabled: false, goog:chromeOptions: {debuggerAddress: localhost:60028}, handlesAlerts: true, hasTouchScreen: false, javascriptEnabled: true, locationContextEnabled: true, mobileEmulationEnabled: false, nativeEvents: true, networkConnectionEnabled: false, pageLoadStrategy: normal, platform: MAC, platformName: MAC, rotatable: false, setWindowRect: true, takesHeapSnapshot: true, takesScreenshot: true, unexpectedAlertBehaviour: , unhandledPromptBehavior: , version: 75.0.3770.80, webStorageEnabled: true}
Session ID: e53de7ae402c80b1336558e5215ce98a)

2019-06-07 13:21:03 - [MESSAGE][WARNING] - Unable to click on object 'Object Repository/OCS-DESKTOP/Home - page/Cart icon -bag' (Root cause: org.openqa.selenium.ElementNotVisibleException: element not interactable
  (Session info: chrome=75.0.3770.80)
  (Driver info: chromedriver=2.43.600229 (3fae4d0cda5334b4f533bede5a4787f7b832d052),platform=Mac OS X 10.13.6 x86_64) (WARNING: The server did not provide any stacktrace information)
Command duration or timeout: 0 milliseconds
Build info: version: '3.7.1', revision: '8a0099a', time: '2017-11-06T21:07:36.161Z'
System info: host: 'sumans-MacBook-Pro.local', ip: 'fe80:0:0:0:8ee:14b5:7377:44cf%en0', os.name: 'Mac OS X', os.arch: 'x86_64', os.version: '10.13.6', java.version: '1.8.0_181'
Driver info: com.kms.katalon.selenium.driver.CChromeDriver
Capabilities {acceptInsecureCerts: false, acceptSslCerts: false, applicationCacheEnabled: false, browserConnectionEnabled: false, browserName: chrome, chrome: {chromedriverVersion: 2.43.600229 (3fae4d0cda5334..., userDataDir: /var/folders/1t/c55l8xzs6gq...}, cssSelectorsEnabled: true, databaseEnabled: false, goog:chromeOptions: {debuggerAddress: localhost:60028}, handlesAlerts: true, hasTouchScreen: false, javascriptEnabled: true, locationContextEnabled: true, mobileEmulationEnabled: false, nativeEvents: true, networkConnectionEnabled: false, pageLoadStrategy: normal, platform: MAC, platformName: MAC, rotatable: false, setWindowRect: true, takesHeapSnapshot: true, takesScreenshot: true, unexpectedAlertBehaviour: , unhandledPromptBehavior: , version: 75.0.3770.80, webStorageEnabled: true}
Session ID: e53de7ae402c80b1336558e5215ce98a)
[[ATTACHMENT|/Users/sumankompelly/Relative xpath-Desktop/Reports/OCS- 1.9.2.1/20190607_131615/1559928063262.png]]

2019-06-07 13:21:03 - [TEST_STEP][PASSED] - delay(1): Delayed 1 second(s)

2019-06-07 13:21:04 - [MESSAGE][PASSED] - Delayed 1 second(s)

2019-06-07 13:21:04 - [TEST_STEP][PASSED] - mouseOver(findTestObject("OCS-DESKTOP/Cart flyout/tool tip - TOP")): Object: 'Object Repository/OCS-DESKTOP/Cart flyout/tool tip - TOP' is hovered

2019-06-07 13:21:04 - [MESSAGE][PASSED] - Object: 'Object Repository/OCS-DESKTOP/Cart flyout/tool tip - TOP' is hovered

2019-06-07 13:21:04 - [TEST_STEP][PASSED] - delay(3): Delayed 3 second(s)

2019-06-07 13:21:07 - [MESSAGE][PASSED] - Delayed 3 second(s)

2019-06-07 13:21:07 - [TEST_STEP][PASSED] - delay(2): Delayed 2 second(s)

2019-06-07 13:21:09 - [MESSAGE][PASSED] - Delayed 2 second(s)

2019-06-07 13:21:09 - [TEST_STEP][PASSED] - mouseOver(findTestObject("OCS-DESKTOP/Cart flyout/tool tip -DOWN")): Object: 'Object Repository/OCS-DESKTOP/Cart flyout/tool tip -DOWN' is hovered

2019-06-07 13:21:09 - [MESSAGE][PASSED] - Object: 'Object Repository/OCS-DESKTOP/Cart flyout/tool tip -DOWN' is hovered]]></system-out>
         <system-err><![CDATA[]]></system-err>
      </testcase>
      <testcase name="Test Cases/OCS - DESKTOP/OCS- CRITICAL PATH/Cart" classname="Test Cases/OCS - DESKTOP/OCS- CRITICAL PATH/Cart" status="PASSED">
         <system-out><![CDATA[2019-06-07 13:21:09 - [TEST_CASE][PASSED] - Test Cases/OCS - DESKTOP/OCS- CRITICAL PATH/Cart: Test Cases/OCS - DESKTOP/OCS- CRITICAL PATH/Cart

2019-06-07 13:21:10 - [TEST_STEP][PASSED] - callTestCase(findTestCase("OCS - DESKTOP/CALL - Navigate to PDP"), [:], STOP_ON_FAILURE): Call Test Case 'Test Cases/OCS - DESKTOP/CALL - Navigate to PDP' successfully

2019-06-07 13:21:10 - [TEST_CASE][PASSED] - Test Cases/OCS - DESKTOP/CALL - Navigate to PDP: Test Cases/OCS - DESKTOP/CALL - Navigate to PDP

2019-06-07 13:21:10 - [TEST_STEP][PASSED] - openBrowser(""): Browser is opened with url: ''

2019-06-07 13:21:10 - [MESSAGE][WARNING] - A browser is already opened. Closing browser and opening a new one

2019-06-07 13:21:10 - [MESSAGE][INFO] - Starting 'Chrome' driver

2019-06-07 13:21:11 - [MESSAGE][PASSED] - Browser is opened with url: ''

2019-06-07 13:21:11 - [TEST_STEP][PASSED] - maximizeWindow(): Current window maximized

2019-06-07 13:21:11 - [MESSAGE][PASSED] - Current window maximized

2019-06-07 13:21:11 - [TEST_STEP][PASSED] - navigateToUrl("https://ocs.ca/?fts=0&preview_theme_id=72920074060"): Navigate to 'https://ocs.ca/?fts=0&preview_theme_id=72920074060' successfully

2019-06-07 13:21:15 - [MESSAGE][PASSED] - Navigate to 'https://ocs.ca/?fts=0&preview_theme_id=72920074060' successfully

2019-06-07 13:21:15 - [TEST_STEP][PASSED] - executeJavaScript("var previewBar = document.getElementById("preview-bar-iframe"); previewBar.style.display = "none";", []): Execute JavaScript 'var previewBar = document.getElementById("preview-bar-iframe"); previewBar.style.display = "none";' successfully

2019-06-07 13:21:15 - [MESSAGE][PASSED] - Execute JavaScript 'var previewBar = document.getElementById("preview-bar-iframe"); previewBar.style.display = "none";' successfully

2019-06-07 13:21:15 - [TEST_STEP][PASSED] - delay(4): Delayed 4 second(s)

2019-06-07 13:21:19 - [MESSAGE][PASSED] - Delayed 4 second(s)

2019-06-07 13:21:19 - [TEST_STEP][PASSED] - selectOptionByValue(findTestObject("OCS-DESKTOP/Age gate and Mega menu/Date"), "12", true): All options with value '12' are selected in object 'Object Repository/OCS-DESKTOP/Age gate and Mega menu/Date'  using regular expression

2019-06-07 13:21:20 - [MESSAGE][PASSED] - All options with value '12' are selected in object 'Object Repository/OCS-DESKTOP/Age gate and Mega menu/Date'  using regular expression

2019-06-07 13:21:20 - [TEST_STEP][PASSED] - selectOptionByValue(findTestObject("OCS-DESKTOP/Age gate and Mega menu/month"), "6", true): All options with value '6' are selected in object 'Object Repository/OCS-DESKTOP/Age gate and Mega menu/month'  using regular expression

2019-06-07 13:21:20 - [MESSAGE][PASSED] - All options with value '6' are selected in object 'Object Repository/OCS-DESKTOP/Age gate and Mega menu/month'  using regular expression

2019-06-07 13:21:20 - [TEST_STEP][PASSED] - delay(2): Delayed 2 second(s)

2019-06-07 13:21:22 - [MESSAGE][PASSED] - Delayed 2 second(s)

2019-06-07 13:21:22 - [TEST_STEP][PASSED] - selectOptionByValue(findTestObject("OCS-DESKTOP/Age gate and Mega menu/Year Dropdown"), "1990", true): All options with value '1990' are selected in object 'Object Repository/OCS-DESKTOP/Age gate and Mega menu/Year Dropdown'  using regular expression

2019-06-07 13:21:23 - [MESSAGE][PASSED] - All options with value '1990' are selected in object 'Object Repository/OCS-DESKTOP/Age gate and Mega menu/Year Dropdown'  using regular expression

2019-06-07 13:21:23 - [TEST_STEP][PASSED] - click(findTestObject("OCS-DESKTOP/Age gate and Mega menu/button_Verify")): Object: 'Object Repository/OCS-DESKTOP/Age gate and Mega menu/button_Verify' is clicked on

2019-06-07 13:21:23 - [MESSAGE][PASSED] - Object: 'Object Repository/OCS-DESKTOP/Age gate and Mega menu/button_Verify' is clicked on

2019-06-07 13:21:23 - [TEST_STEP][PASSED] - click(findTestObject("OCS-DESKTOP/Age gate and Mega menu/Checkbox_CONFIRM AND ACKNOWLEDGE")): Object: 'Object Repository/OCS-DESKTOP/Age gate and Mega menu/Checkbox_CONFIRM AND ACKNOWLEDGE' is clicked on

2019-06-07 13:21:23 - [MESSAGE][PASSED] - Object: 'Object Repository/OCS-DESKTOP/Age gate and Mega menu/Checkbox_CONFIRM AND ACKNOWLEDGE' is clicked on

2019-06-07 13:21:23 - [TEST_STEP][PASSED] - click(findTestObject("OCS-DESKTOP/Age gate and Mega menu/button_CONFIRM")): Object: 'Object Repository/OCS-DESKTOP/Age gate and Mega menu/button_CONFIRM' is clicked on

2019-06-07 13:21:23 - [MESSAGE][PASSED] - Object: 'Object Repository/OCS-DESKTOP/Age gate and Mega menu/button_CONFIRM' is clicked on

2019-06-07 13:21:23 - [TEST_STEP][PASSED] - click(findTestObject("OCS-DESKTOP/Age gate and Mega menu/button_Start Browsing")): Object: 'Object Repository/OCS-DESKTOP/Age gate and Mega menu/button_Start Browsing' is clicked on

2019-06-07 13:21:23 - [MESSAGE][PASSED] - Object: 'Object Repository/OCS-DESKTOP/Age gate and Mega menu/button_Start Browsing' is clicked on

2019-06-07 13:21:23 - [TEST_STEP][PASSED] - delay(2): Delayed 2 second(s)

2019-06-07 13:21:25 - [MESSAGE][PASSED] - Delayed 2 second(s)

2019-06-07 13:21:25 - [TEST_STEP][PASSED] - navigateToUrl("https://ocs.ca/products/la-confidential"): Navigate to 'https://ocs.ca/products/la-confidential' successfully

2019-06-07 13:21:28 - [MESSAGE][PASSED] - Navigate to 'https://ocs.ca/products/la-confidential' successfully

2019-06-07 13:21:28 - [TEST_STEP][PASSED] - executeJavaScript("var previewBar = document.getElementById("preview-bar-iframe"); previewBar.style.display = "none";", []): Execute JavaScript 'var previewBar = document.getElementById("preview-bar-iframe"); previewBar.style.display = "none";' successfully

2019-06-07 13:21:28 - [MESSAGE][PASSED] - Execute JavaScript 'var previewBar = document.getElementById("preview-bar-iframe"); previewBar.style.display = "none";' successfully

2019-06-07 13:21:28 - [MESSAGE][PASSED] - Call Test Case 'Test Cases/OCS - DESKTOP/CALL - Navigate to PDP' successfully

2019-06-07 13:21:28 - [TEST_STEP][NOT_RUN] - scrollToElement(findTestObject("OCS-DESKTOP/Product page/Product image"), 1): NOT_RUN: scrollToElement(findTestObject("OCS-DESKTOP/Product page/Product image"), 1)

2019-06-07 13:21:28 - [MESSAGE][NOT_RUN] - NOT_RUN: scrollToElement(findTestObject("OCS-DESKTOP/Product page/Product image"), 1)

2019-06-07 13:21:28 - [TEST_STEP][PASSED] - delay(2): Delayed 2 second(s)

2019-06-07 13:21:30 - [MESSAGE][PASSED] - Delayed 2 second(s)

2019-06-07 13:21:30 - [TEST_STEP][PASSED] - executeJavaScript("var previewBar = document.getElementById("preview-bar-iframe"); previewBar.style.display = "none";", []): Execute JavaScript 'var previewBar = document.getElementById("preview-bar-iframe"); previewBar.style.display = "none";' successfully

2019-06-07 13:21:30 - [MESSAGE][PASSED] - Execute JavaScript 'var previewBar = document.getElementById("preview-bar-iframe"); previewBar.style.display = "none";' successfully

2019-06-07 13:21:31 - [TEST_STEP][PASSED] - click(findTestObject("OCS-DESKTOP/Product page/Swatch_1g")): Object: 'Object Repository/OCS-DESKTOP/Product page/Swatch_1g' is clicked on

2019-06-07 13:21:31 - [MESSAGE][PASSED] - Object: 'Object Repository/OCS-DESKTOP/Product page/Swatch_1g' is clicked on

2019-06-07 13:21:31 - [TEST_STEP][NOT_RUN] - scrollToElement(findTestObject("OCS-DESKTOP/Product page/Swatch_3.5g"), 1): NOT_RUN: scrollToElement(findTestObject("OCS-DESKTOP/Product page/Swatch_3.5g"), 1)

2019-06-07 13:21:31 - [MESSAGE][NOT_RUN] - NOT_RUN: scrollToElement(findTestObject("OCS-DESKTOP/Product page/Swatch_3.5g"), 1)

2019-06-07 13:21:31 - [TEST_STEP][PASSED] - delay(2): Delayed 2 second(s)

2019-06-07 13:21:33 - [MESSAGE][PASSED] - Delayed 2 second(s)

2019-06-07 13:21:33 - [TEST_STEP][PASSED] - click(findTestObject("OCS-DESKTOP/Product page/Add to Bag-button")): Object: 'Object Repository/OCS-DESKTOP/Product page/Add to Bag-button' is clicked on

2019-06-07 13:21:33 - [MESSAGE][PASSED] - Object: 'Object Repository/OCS-DESKTOP/Product page/Add to Bag-button' is clicked on

2019-06-07 13:21:33 - [TEST_STEP][PASSED] - delay(2): Delayed 2 second(s)

2019-06-07 13:21:35 - [MESSAGE][PASSED] - Delayed 2 second(s)

2019-06-07 13:21:35 - [TEST_STEP][PASSED] - click(findTestObject("OCS-DESKTOP/Cart flyout/Back icon"), CONTINUE_ON_FAILURE): Object: 'Object Repository/OCS-DESKTOP/Cart flyout/Back icon' is clicked on

2019-06-07 13:21:35 - [MESSAGE][PASSED] - Object: 'Object Repository/OCS-DESKTOP/Cart flyout/Back icon' is clicked on

2019-06-07 13:21:35 - [TEST_STEP][PASSED] - delay(2): Delayed 2 second(s)

2019-06-07 13:21:37 - [MESSAGE][PASSED] - Delayed 2 second(s)

2019-06-07 13:21:37 - [TEST_STEP][NOT_RUN] - click(findTestObject("OCS-DESKTOP/Home - page/Cart icon -bag"), OPTIONAL): NOT_RUN: click(findTestObject("OCS-DESKTOP/Home - page/Cart icon -bag"), OPTIONAL)

2019-06-07 13:21:37 - [MESSAGE][NOT_RUN] - NOT_RUN: click(findTestObject("OCS-DESKTOP/Home - page/Cart icon -bag"), OPTIONAL)

2019-06-07 13:21:37 - [TEST_STEP][PASSED] - delay(2): Delayed 2 second(s)

2019-06-07 13:21:39 - [MESSAGE][PASSED] - Delayed 2 second(s)

2019-06-07 13:21:39 - [TEST_STEP][PASSED] - flag = verifyElementPresent(findTestObject("OCS-DESKTOP/Product page/Swatch_3.5g"), 0): Object 'Object Repository/OCS-DESKTOP/Product page/Swatch_3.5g' is present

2019-06-07 13:21:39 - [MESSAGE][WARNING] - Timeout '0' is invalid. Using default page load timeout: '30'

2019-06-07 13:21:39 - [MESSAGE][PASSED] - Object 'Object Repository/OCS-DESKTOP/Product page/Swatch_3.5g' is present

2019-06-07 13:21:39 - [TEST_STEP][PASSED] - comment(" flag=" + flag):  flag=true

2019-06-07 13:21:39 - [MESSAGE][INFO] -  flag=true

2019-06-07 13:21:39 - [TEST_STEP][PASSED] - takeScreenshot(): Taking screenshot successfully

2019-06-07 13:21:39 - [MESSAGE][PASSED] - Taking screenshot successfully
[[ATTACHMENT|/Users/sumankompelly/Relative xpath-Desktop/Reports/OCS- 1.9.2.1/20190607_131615/1559928099284.png]]

2019-06-07 13:21:39 - [TEST_STEP][PASSED] - delay(2): Delayed 2 second(s)

2019-06-07 13:21:41 - [MESSAGE][PASSED] - Delayed 2 second(s)

2019-06-07 13:21:41 - [TEST_STEP][PASSED] - click(findTestObject("OCS-DESKTOP/Product page/Swatch_3.5g"), CONTINUE_ON_FAILURE): Object: 'Object Repository/OCS-DESKTOP/Product page/Swatch_3.5g' is clicked on

2019-06-07 13:21:41 - [MESSAGE][PASSED] - Object: 'Object Repository/OCS-DESKTOP/Product page/Swatch_3.5g' is clicked on

2019-06-07 13:21:41 - [TEST_STEP][PASSED] - click(findTestObject("OCS-DESKTOP/Product page/Add to Bag-button")): Object: 'Object Repository/OCS-DESKTOP/Product page/Add to Bag-button' is clicked on

2019-06-07 13:21:41 - [MESSAGE][PASSED] - Object: 'Object Repository/OCS-DESKTOP/Product page/Add to Bag-button' is clicked on

2019-06-07 13:21:41 - [TEST_STEP][PASSED] - delay(2): Delayed 2 second(s)

2019-06-07 13:21:43 - [MESSAGE][PASSED] - Delayed 2 second(s)

2019-06-07 13:21:43 - [TEST_STEP][PASSED] - click(findTestObject("OCS-DESKTOP/Home - page/Cart icon -bag"), OPTIONAL): Unable to click on object 'Object Repository/OCS-DESKTOP/Home - page/Cart icon -bag' (Root cause: org.openqa.selenium.ElementNotVisibleException: element not interactable
  (Session info: chrome=75.0.3770.80)
  (Driver info: chromedriver=2.43.600229 (3fae4d0cda5334b4f533bede5a4787f7b832d052),platform=Mac OS X 10.13.6 x86_64) (WARNING: The server did not provide any stacktrace information)
Command duration or timeout: 0 milliseconds
Build info: version: '3.7.1', revision: '8a0099a', time: '2017-11-06T21:07:36.161Z'
System info: host: 'sumans-MacBook-Pro.local', ip: 'fe80:0:0:0:8ee:14b5:7377:44cf%en0', os.name: 'Mac OS X', os.arch: 'x86_64', os.version: '10.13.6', java.version: '1.8.0_181'
Driver info: com.kms.katalon.selenium.driver.CChromeDriver
Capabilities {acceptInsecureCerts: false, acceptSslCerts: false, applicationCacheEnabled: false, browserConnectionEnabled: false, browserName: chrome, chrome: {chromedriverVersion: 2.43.600229 (3fae4d0cda5334..., userDataDir: /var/folders/1t/c55l8xzs6gq...}, cssSelectorsEnabled: true, databaseEnabled: false, goog:chromeOptions: {debuggerAddress: localhost:60248}, handlesAlerts: true, hasTouchScreen: false, javascriptEnabled: true, locationContextEnabled: true, mobileEmulationEnabled: false, nativeEvents: true, networkConnectionEnabled: false, pageLoadStrategy: normal, platform: MAC, platformName: MAC, rotatable: false, setWindowRect: true, takesHeapSnapshot: true, takesScreenshot: true, unexpectedAlertBehaviour: , unhandledPromptBehavior: , version: 75.0.3770.80, webStorageEnabled: true}
Session ID: 4ac647118cc25ed4f2d32c1dec841758)

2019-06-07 13:21:44 - [MESSAGE][WARNING] - Unable to click on object 'Object Repository/OCS-DESKTOP/Home - page/Cart icon -bag' (Root cause: org.openqa.selenium.ElementNotVisibleException: element not interactable
  (Session info: chrome=75.0.3770.80)
  (Driver info: chromedriver=2.43.600229 (3fae4d0cda5334b4f533bede5a4787f7b832d052),platform=Mac OS X 10.13.6 x86_64) (WARNING: The server did not provide any stacktrace information)
Command duration or timeout: 0 milliseconds
Build info: version: '3.7.1', revision: '8a0099a', time: '2017-11-06T21:07:36.161Z'
System info: host: 'sumans-MacBook-Pro.local', ip: 'fe80:0:0:0:8ee:14b5:7377:44cf%en0', os.name: 'Mac OS X', os.arch: 'x86_64', os.version: '10.13.6', java.version: '1.8.0_181'
Driver info: com.kms.katalon.selenium.driver.CChromeDriver
Capabilities {acceptInsecureCerts: false, acceptSslCerts: false, applicationCacheEnabled: false, browserConnectionEnabled: false, browserName: chrome, chrome: {chromedriverVersion: 2.43.600229 (3fae4d0cda5334..., userDataDir: /var/folders/1t/c55l8xzs6gq...}, cssSelectorsEnabled: true, databaseEnabled: false, goog:chromeOptions: {debuggerAddress: localhost:60248}, handlesAlerts: true, hasTouchScreen: false, javascriptEnabled: true, locationContextEnabled: true, mobileEmulationEnabled: false, nativeEvents: true, networkConnectionEnabled: false, pageLoadStrategy: normal, platform: MAC, platformName: MAC, rotatable: false, setWindowRect: true, takesHeapSnapshot: true, takesScreenshot: true, unexpectedAlertBehaviour: , unhandledPromptBehavior: , version: 75.0.3770.80, webStorageEnabled: true}
Session ID: 4ac647118cc25ed4f2d32c1dec841758)
[[ATTACHMENT|/Users/sumankompelly/Relative xpath-Desktop/Reports/OCS- 1.9.2.1/20190607_131615/1559928103994.png]]

2019-06-07 13:21:44 - [TEST_STEP][PASSED] - delay(2): Delayed 2 second(s)

2019-06-07 13:21:46 - [MESSAGE][PASSED] - Delayed 2 second(s)

2019-06-07 13:21:46 - [TEST_STEP][PASSED] - click(findTestObject("OCS-DESKTOP/Cart flyout/Checkbox_I confirm that")): Object: 'Object Repository/OCS-DESKTOP/Cart flyout/Checkbox_I confirm that' is clicked on

2019-06-07 13:21:46 - [MESSAGE][PASSED] - Object: 'Object Repository/OCS-DESKTOP/Cart flyout/Checkbox_I confirm that' is clicked on

2019-06-07 13:21:46 - [TEST_STEP][PASSED] - delay(2): Delayed 2 second(s)

2019-06-07 13:21:48 - [MESSAGE][PASSED] - Delayed 2 second(s)

2019-06-07 13:21:48 - [TEST_STEP][PASSED] - click(findTestObject("OCS-DESKTOP/Cart flyout/Checkbox_Accept the Terms Condition")): Object: 'Object Repository/OCS-DESKTOP/Cart flyout/Checkbox_Accept the Terms Condition' is clicked on

2019-06-07 13:21:48 - [MESSAGE][PASSED] - Object: 'Object Repository/OCS-DESKTOP/Cart flyout/Checkbox_Accept the Terms Condition' is clicked on

2019-06-07 13:21:48 - [TEST_STEP][PASSED] - delay(2): Delayed 2 second(s)

2019-06-07 13:21:50 - [MESSAGE][PASSED] - Delayed 2 second(s)

2019-06-07 13:21:50 - [TEST_STEP][PASSED] - click(findTestObject("OCS-DESKTOP/Cart flyout/Checkout - Button")): Object: 'Object Repository/OCS-DESKTOP/Cart flyout/Checkout - Button' is clicked on

2019-06-07 13:21:52 - [MESSAGE][PASSED] - Object: 'Object Repository/OCS-DESKTOP/Cart flyout/Checkout - Button' is clicked on

2019-06-07 13:21:52 - [TEST_STEP][PASSED] - delay(2): Delayed 2 second(s)

2019-06-07 13:21:54 - [MESSAGE][PASSED] - Delayed 2 second(s)

2019-06-07 13:21:54 - [TEST_STEP][NOT_RUN] - scrollToElement(findTestObject("OCS-DESKTOP/Customer info page/Return to Cart - Link"), 1): NOT_RUN: scrollToElement(findTestObject("OCS-DESKTOP/Customer info page/Return to Cart - Link"), 1)

2019-06-07 13:21:54 - [MESSAGE][NOT_RUN] - NOT_RUN: scrollToElement(findTestObject("OCS-DESKTOP/Customer info page/Return to Cart - Link"), 1)

2019-06-07 13:21:54 - [TEST_STEP][PASSED] - delay(2): Delayed 2 second(s)

2019-06-07 13:21:56 - [MESSAGE][PASSED] - Delayed 2 second(s)

2019-06-07 13:21:56 - [TEST_STEP][PASSED] - click(findTestObject("OCS-DESKTOP/Customer info page/Cart - Breadcrumb link")): Object: 'Object Repository/OCS-DESKTOP/Customer info page/Cart - Breadcrumb link' is clicked on

2019-06-07 13:21:57 - [MESSAGE][PASSED] - Object: 'Object Repository/OCS-DESKTOP/Customer info page/Cart - Breadcrumb link' is clicked on

2019-06-07 13:21:57 - [TEST_STEP][PASSED] - delay(2): Delayed 2 second(s)

2019-06-07 13:21:59 - [MESSAGE][PASSED] - Delayed 2 second(s)

2019-06-07 13:21:59 - [TEST_STEP][PASSED] - a = getText(findTestObject("OCS-DESKTOP/Cart page/Unit price - 1st product")): Text of object 'Object Repository/OCS-DESKTOP/Cart page/Unit price - 1st product' is: '$35.00'

2019-06-07 13:21:59 - [MESSAGE][PASSED] - Text of object 'Object Repository/OCS-DESKTOP/Cart page/Unit price - 1st product' is: '$35.00'

2019-06-07 13:21:59 - [TEST_STEP][PASSED] - comment(a): $35.00

2019-06-07 13:21:59 - [MESSAGE][INFO] - $35.00

2019-06-07 13:21:59 - [TEST_STEP][PASSED] - a1 = a.substring(1): null

2019-06-07 13:21:59 - [TEST_STEP][PASSED] - comment("a1 = " + a1): a1 = 35.00

2019-06-07 13:21:59 - [MESSAGE][INFO] - a1 = 35.00

2019-06-07 13:21:59 - [TEST_STEP][PASSED] - delay(2): Delayed 2 second(s)

2019-06-07 13:22:01 - [MESSAGE][PASSED] - Delayed 2 second(s)

2019-06-07 13:22:01 - [TEST_STEP][PASSED] - b = getText(findTestObject("OCS-DESKTOP/Cart page/Unit price - 2nd product")): Text of object 'Object Repository/OCS-DESKTOP/Cart page/Unit price - 2nd product' is: '$10.50'

2019-06-07 13:22:01 - [MESSAGE][PASSED] - Text of object 'Object Repository/OCS-DESKTOP/Cart page/Unit price - 2nd product' is: '$10.50'

2019-06-07 13:22:01 - [TEST_STEP][PASSED] - comment(b): $10.50

2019-06-07 13:22:01 - [MESSAGE][INFO] - $10.50

2019-06-07 13:22:01 - [TEST_STEP][PASSED] - a2 = b.substring(1): null

2019-06-07 13:22:01 - [TEST_STEP][PASSED] - comment("a2 = " + a2): a2 = 10.50

2019-06-07 13:22:01 - [MESSAGE][INFO] - a2 = 10.50

2019-06-07 13:22:01 - [TEST_STEP][PASSED] - c = getText(findTestObject("OCS-DESKTOP/Cart page/Sub-total")): Text of object 'Object Repository/OCS-DESKTOP/Cart page/Sub-total' is: '$45.50'

2019-06-07 13:22:01 - [MESSAGE][PASSED] - Text of object 'Object Repository/OCS-DESKTOP/Cart page/Sub-total' is: '$45.50'

2019-06-07 13:22:01 - [TEST_STEP][PASSED] - comment(c): $45.50

2019-06-07 13:22:01 - [MESSAGE][INFO] - $45.50

2019-06-07 13:22:01 - [TEST_STEP][PASSED] - a3 = c.substring(1): null

2019-06-07 13:22:01 - [TEST_STEP][PASSED] - comment("a3 = " + a3): a3 = 45.50

2019-06-07 13:22:01 - [MESSAGE][INFO] - a3 = 45.50

2019-06-07 13:22:01 - [TEST_STEP][PASSED] - p2 = <not implemented yet for class: org.codehaus.groovy.ast.expr.EmptyExpression>: null

2019-06-07 13:22:01 - [TEST_STEP][PASSED] - p3 = <not implemented yet for class: org.codehaus.groovy.ast.expr.EmptyExpression>: null

2019-06-07 13:22:01 - [TEST_STEP][PASSED] - try: p2=35.0

2019-06-07 13:22:01 - [TEST_STEP][PASSED] - x1 = a1: null

2019-06-07 13:22:01 - [TEST_STEP][PASSED] - comment("x1=" + x1): x1=35.00

2019-06-07 13:22:01 - [MESSAGE][INFO] - x1=35.00

2019-06-07 13:22:01 - [TEST_STEP][PASSED] - p2 = Double.valueOf(x1): null

2019-06-07 13:22:01 - [TEST_STEP][PASSED] - comment("p2=" + p2): p2=35.0

2019-06-07 13:22:01 - [MESSAGE][INFO] - p2=35.0

2019-06-07 13:22:01 - [TEST_STEP][PASSED] - try: p3=10.5

2019-06-07 13:22:01 - [TEST_STEP][PASSED] - x2 = a2: null

2019-06-07 13:22:01 - [TEST_STEP][PASSED] - comment("x2=" + x2): x2=10.50

2019-06-07 13:22:01 - [MESSAGE][INFO] - x2=10.50

2019-06-07 13:22:01 - [TEST_STEP][PASSED] - p3 = Double.valueOf(x2): null

2019-06-07 13:22:01 - [TEST_STEP][PASSED] - comment("p3=" + p3): p3=10.5

2019-06-07 13:22:01 - [MESSAGE][INFO] - p3=10.5

2019-06-07 13:22:01 - [TEST_STEP][PASSED] - comment("p2=" + p2): p2=35.0

2019-06-07 13:22:01 - [MESSAGE][INFO] - p2=35.0

2019-06-07 13:22:01 - [TEST_STEP][PASSED] - comment("p3=" + p3): p3=10.5

2019-06-07 13:22:01 - [MESSAGE][INFO] - p3=10.5

2019-06-07 13:22:01 - [TEST_STEP][PASSED] - total = p2 + p3: null

2019-06-07 13:22:01 - [TEST_STEP][PASSED] - comment("total=" + total): total=45.5

2019-06-07 13:22:01 - [MESSAGE][INFO] - total=45.5

2019-06-07 13:22:01 - [TEST_STEP][PASSED] - verifyEqual(total, a3): Actual object '45.5' and expected object '45.50' are equal

2019-06-07 13:22:01 - [MESSAGE][PASSED] - Actual object '45.5' and expected object '45.50' are equal

2019-06-07 13:22:01 - [TEST_STEP][PASSED] - click(findTestObject("OCS-DESKTOP/Cart page/Remove icon - 1st Product")): Object: 'Object Repository/OCS-DESKTOP/Cart page/Remove icon - 1st Product' is clicked on

2019-06-07 13:22:03 - [MESSAGE][PASSED] - Object: 'Object Repository/OCS-DESKTOP/Cart page/Remove icon - 1st Product' is clicked on

2019-06-07 13:22:03 - [TEST_STEP][PASSED] - delay(2): Delayed 2 second(s)

2019-06-07 13:22:05 - [MESSAGE][PASSED] - Delayed 2 second(s)

2019-06-07 13:22:05 - [TEST_STEP][PASSED] - c23 = getText(findTestObject("OCS-DESKTOP/Cart page/Sub-total")): Text of object 'Object Repository/OCS-DESKTOP/Cart page/Sub-total' is: '$10.50'

2019-06-07 13:22:05 - [MESSAGE][PASSED] - Text of object 'Object Repository/OCS-DESKTOP/Cart page/Sub-total' is: '$10.50'

2019-06-07 13:22:05 - [TEST_STEP][PASSED] - comment(c23): $10.50

2019-06-07 13:22:05 - [MESSAGE][INFO] - $10.50

2019-06-07 13:22:05 - [TEST_STEP][PASSED] - a4 = c23.substring(1): null

2019-06-07 13:22:05 - [TEST_STEP][PASSED] - comment("a4= " + a4): a4= 10.50

2019-06-07 13:22:05 - [MESSAGE][INFO] - a4= 10.50

2019-06-07 13:22:05 - [TEST_STEP][PASSED] - b25 = getText(findTestObject("OCS-DESKTOP/Cart page/Unit price - 1st product")): Text of object 'Object Repository/OCS-DESKTOP/Cart page/Unit price - 1st product' is: '$10.50'

2019-06-07 13:22:05 - [MESSAGE][PASSED] - Text of object 'Object Repository/OCS-DESKTOP/Cart page/Unit price - 1st product' is: '$10.50'

2019-06-07 13:22:05 - [TEST_STEP][PASSED] - comment(b25): $10.50

2019-06-07 13:22:05 - [MESSAGE][INFO] - $10.50

2019-06-07 13:22:05 - [TEST_STEP][PASSED] - a25 = b25.substring(1): null

2019-06-07 13:22:05 - [TEST_STEP][PASSED] - comment("a25 = " + a25): a25 = 10.50

2019-06-07 13:22:05 - [MESSAGE][INFO] - a25 = 10.50

2019-06-07 13:22:05 - [TEST_STEP][PASSED] - verifyEqual(a4, a25): Actual object '10.50' and expected object '10.50' are equal

2019-06-07 13:22:05 - [MESSAGE][PASSED] - Actual object '10.50' and expected object '10.50' are equal]]></system-out>
         <system-err><![CDATA[]]></system-err>
      </testcase>
      <testcase name="Test Cases/OCS - DESKTOP/OCS- CRITICAL PATH/cart flyout- accessories" classname="Test Cases/OCS - DESKTOP/OCS- CRITICAL PATH/cart flyout- accessories" status="PASSED">
         <system-out><![CDATA[2019-06-07 13:22:05 - [TEST_CASE][PASSED] - Test Cases/OCS - DESKTOP/OCS- CRITICAL PATH/cart flyout- accessories: Test Cases/OCS - DESKTOP/OCS- CRITICAL PATH/cart flyout- accessories

2019-06-07 13:22:05 - [TEST_STEP][PASSED] - callTestCase(findTestCase("OCS - DESKTOP/CALL - PDP"), [:], STOP_ON_FAILURE): Call Test Case 'Test Cases/OCS - DESKTOP/CALL - PDP' successfully

2019-06-07 13:22:05 - [TEST_CASE][PASSED] - Test Cases/OCS - DESKTOP/CALL - PDP: Test Cases/OCS - DESKTOP/CALL - PDP

2019-06-07 13:22:05 - [TEST_STEP][PASSED] - openBrowser(""): Browser is opened with url: ''

2019-06-07 13:22:05 - [MESSAGE][WARNING] - A browser is already opened. Closing browser and opening a new one

2019-06-07 13:22:05 - [MESSAGE][INFO] - Starting 'Chrome' driver

2019-06-07 13:22:06 - [MESSAGE][PASSED] - Browser is opened with url: ''

2019-06-07 13:22:06 - [TEST_STEP][PASSED] - navigateToUrl("https://ocs.ca/?fts=0&preview_theme_id=72920074060"): Navigate to 'https://ocs.ca/?fts=0&preview_theme_id=72920074060' successfully

2019-06-07 13:22:11 - [MESSAGE][PASSED] - Navigate to 'https://ocs.ca/?fts=0&preview_theme_id=72920074060' successfully

2019-06-07 13:22:11 - [TEST_STEP][PASSED] - maximizeWindow(): Current window maximized

2019-06-07 13:22:11 - [MESSAGE][PASSED] - Current window maximized

2019-06-07 13:22:11 - [TEST_STEP][PASSED] - executeJavaScript("var previewBar = document.getElementById("preview-bar-iframe"); previewBar.style.display = "none";", []): Execute JavaScript 'var previewBar = document.getElementById("preview-bar-iframe"); previewBar.style.display = "none";' successfully

2019-06-07 13:22:11 - [MESSAGE][PASSED] - Execute JavaScript 'var previewBar = document.getElementById("preview-bar-iframe"); previewBar.style.display = "none";' successfully

2019-06-07 13:22:11 - [TEST_STEP][PASSED] - delay(4): Delayed 4 second(s)

2019-06-07 13:22:15 - [MESSAGE][PASSED] - Delayed 4 second(s)

2019-06-07 13:22:15 - [TEST_STEP][PASSED] - selectOptionByValue(findTestObject("OCS-DESKTOP/Age gate and Mega menu/Date"), "12", true): All options with value '12' are selected in object 'Object Repository/OCS-DESKTOP/Age gate and Mega menu/Date'  using regular expression

2019-06-07 13:22:15 - [MESSAGE][PASSED] - All options with value '12' are selected in object 'Object Repository/OCS-DESKTOP/Age gate and Mega menu/Date'  using regular expression

2019-06-07 13:22:15 - [TEST_STEP][PASSED] - selectOptionByValue(findTestObject("OCS-DESKTOP/Age gate and Mega menu/month"), "6", true): All options with value '6' are selected in object 'Object Repository/OCS-DESKTOP/Age gate and Mega menu/month'  using regular expression

2019-06-07 13:22:15 - [MESSAGE][PASSED] - All options with value '6' are selected in object 'Object Repository/OCS-DESKTOP/Age gate and Mega menu/month'  using regular expression

2019-06-07 13:22:15 - [TEST_STEP][PASSED] - delay(2): Delayed 2 second(s)

2019-06-07 13:22:17 - [MESSAGE][PASSED] - Delayed 2 second(s)

2019-06-07 13:22:17 - [TEST_STEP][PASSED] - selectOptionByValue(findTestObject("OCS-DESKTOP/Age gate and Mega menu/Year Dropdown"), "1990", true): All options with value '1990' are selected in object 'Object Repository/OCS-DESKTOP/Age gate and Mega menu/Year Dropdown'  using regular expression

2019-06-07 13:22:18 - [MESSAGE][PASSED] - All options with value '1990' are selected in object 'Object Repository/OCS-DESKTOP/Age gate and Mega menu/Year Dropdown'  using regular expression

2019-06-07 13:22:18 - [TEST_STEP][PASSED] - click(findTestObject("OCS-DESKTOP/Age gate and Mega menu/button_Verify")): Object: 'Object Repository/OCS-DESKTOP/Age gate and Mega menu/button_Verify' is clicked on

2019-06-07 13:22:19 - [MESSAGE][PASSED] - Object: 'Object Repository/OCS-DESKTOP/Age gate and Mega menu/button_Verify' is clicked on

2019-06-07 13:22:19 - [TEST_STEP][PASSED] - click(findTestObject("OCS-DESKTOP/Age gate and Mega menu/Checkbox_CONFIRM AND ACKNOWLEDGE")): Object: 'Object Repository/OCS-DESKTOP/Age gate and Mega menu/Checkbox_CONFIRM AND ACKNOWLEDGE' is clicked on

2019-06-07 13:22:19 - [MESSAGE][PASSED] - Object: 'Object Repository/OCS-DESKTOP/Age gate and Mega menu/Checkbox_CONFIRM AND ACKNOWLEDGE' is clicked on

2019-06-07 13:22:19 - [TEST_STEP][PASSED] - click(findTestObject("OCS-DESKTOP/Age gate and Mega menu/button_CONFIRM")): Object: 'Object Repository/OCS-DESKTOP/Age gate and Mega menu/button_CONFIRM' is clicked on

2019-06-07 13:22:19 - [MESSAGE][PASSED] - Object: 'Object Repository/OCS-DESKTOP/Age gate and Mega menu/button_CONFIRM' is clicked on

2019-06-07 13:22:19 - [TEST_STEP][PASSED] - click(findTestObject("OCS-DESKTOP/Age gate and Mega menu/button_Start Browsing")): Object: 'Object Repository/OCS-DESKTOP/Age gate and Mega menu/button_Start Browsing' is clicked on

2019-06-07 13:22:19 - [MESSAGE][PASSED] - Object: 'Object Repository/OCS-DESKTOP/Age gate and Mega menu/button_Start Browsing' is clicked on

2019-06-07 13:22:19 - [TEST_STEP][PASSED] - refresh(): Refresh successfully

2019-06-07 13:22:19 - [MESSAGE][PASSED] - Refresh successfully

2019-06-07 13:22:19 - [TEST_STEP][PASSED] - delay(2): Delayed 2 second(s)

2019-06-07 13:22:21 - [MESSAGE][PASSED] - Delayed 2 second(s)

2019-06-07 13:22:21 - [TEST_STEP][PASSED] - mouseOver(findTestObject("OCS-DESKTOP/Age gate and Mega menu/Header/CANNABIS menu - English")): Object: 'Object Repository/OCS-DESKTOP/Age gate and Mega menu/Header/CANNABIS menu - English' is hovered

2019-06-07 13:22:22 - [MESSAGE][PASSED] - Object: 'Object Repository/OCS-DESKTOP/Age gate and Mega menu/Header/CANNABIS menu - English' is hovered

2019-06-07 13:22:22 - [TEST_STEP][PASSED] - delay(2): Delayed 2 second(s)

2019-06-07 13:22:24 - [MESSAGE][PASSED] - Delayed 2 second(s)

2019-06-07 13:22:24 - [TEST_STEP][PASSED] - click(findTestObject("OCS-DESKTOP/Age gate and Mega menu/Indica Dominant_Menu item")): Object: 'Object Repository/OCS-DESKTOP/Age gate and Mega menu/Indica Dominant_Menu item' is clicked on

2019-06-07 13:22:27 - [MESSAGE][PASSED] - Object: 'Object Repository/OCS-DESKTOP/Age gate and Mega menu/Indica Dominant_Menu item' is clicked on

2019-06-07 13:22:27 - [TEST_STEP][PASSED] - delay(2): Delayed 2 second(s)

2019-06-07 13:22:29 - [MESSAGE][PASSED] - Delayed 2 second(s)

2019-06-07 13:22:29 - [TEST_STEP][PASSED] - scrollToElement(findTestObject("OCS-DESKTOP/Collection page/Product image - 1st one"), 0): Scroll to object 'Object Repository/OCS-DESKTOP/Collection page/Product image - 1st one' successfully

2019-06-07 13:22:29 - [MESSAGE][WARNING] - Timeout '0' is invalid. Using default page load timeout: '30'

2019-06-07 13:22:29 - [MESSAGE][PASSED] - Scroll to object 'Object Repository/OCS-DESKTOP/Collection page/Product image - 1st one' successfully

2019-06-07 13:22:29 - [TEST_STEP][PASSED] - delay(2): Delayed 2 second(s)

2019-06-07 13:22:31 - [MESSAGE][PASSED] - Delayed 2 second(s)

2019-06-07 13:22:31 - [TEST_STEP][PASSED] - click(findTestObject("OCS-DESKTOP/Collection page/Product image - 1st one")): Object: 'Object Repository/OCS-DESKTOP/Collection page/Product image - 1st one' is clicked on

2019-06-07 13:22:34 - [MESSAGE][PASSED] - Object: 'Object Repository/OCS-DESKTOP/Collection page/Product image - 1st one' is clicked on

2019-06-07 13:22:34 - [TEST_STEP][PASSED] - executeJavaScript("var previewBar = document.getElementById("preview-bar-iframe"); previewBar.style.display = "none";", []): Execute JavaScript 'var previewBar = document.getElementById("preview-bar-iframe"); previewBar.style.display = "none";' successfully

2019-06-07 13:22:34 - [MESSAGE][PASSED] - Execute JavaScript 'var previewBar = document.getElementById("preview-bar-iframe"); previewBar.style.display = "none";' successfully

2019-06-07 13:22:34 - [TEST_STEP][PASSED] - delay(2): Delayed 2 second(s)

2019-06-07 13:22:36 - [MESSAGE][PASSED] - Delayed 2 second(s)

2019-06-07 13:22:36 - [MESSAGE][PASSED] - Call Test Case 'Test Cases/OCS - DESKTOP/CALL - PDP' successfully

2019-06-07 13:22:36 - [TEST_STEP][NOT_RUN] - scrollToElement(findTestObject("OCS-DESKTOP/Product page/Product image"), 1): NOT_RUN: scrollToElement(findTestObject("OCS-DESKTOP/Product page/Product image"), 1)

2019-06-07 13:22:36 - [MESSAGE][NOT_RUN] - NOT_RUN: scrollToElement(findTestObject("OCS-DESKTOP/Product page/Product image"), 1)

2019-06-07 13:22:36 - [TEST_STEP][PASSED] - delay(2): Delayed 2 second(s)

2019-06-07 13:22:38 - [MESSAGE][PASSED] - Delayed 2 second(s)

2019-06-07 13:22:38 - [TEST_STEP][PASSED] - click(findTestObject("OCS-DESKTOP/Product page/Swatch_1g")): Object: 'Object Repository/OCS-DESKTOP/Product page/Swatch_1g' is clicked on

2019-06-07 13:22:38 - [MESSAGE][PASSED] - Object: 'Object Repository/OCS-DESKTOP/Product page/Swatch_1g' is clicked on

2019-06-07 13:22:38 - [TEST_STEP][PASSED] - scrollToElement(findTestObject("OCS-DESKTOP/Product page/Swatch_3.5g"), 1): Scroll to object 'Object Repository/OCS-DESKTOP/Product page/Swatch_3.5g' successfully

2019-06-07 13:22:38 - [MESSAGE][PASSED] - Scroll to object 'Object Repository/OCS-DESKTOP/Product page/Swatch_3.5g' successfully

2019-06-07 13:22:38 - [TEST_STEP][PASSED] - delay(2): Delayed 2 second(s)

2019-06-07 13:22:40 - [MESSAGE][PASSED] - Delayed 2 second(s)

2019-06-07 13:22:40 - [TEST_STEP][PASSED] - click(findTestObject("OCS-DESKTOP/Product page/Add to Bag-button")): Object: 'Object Repository/OCS-DESKTOP/Product page/Add to Bag-button' is clicked on

2019-06-07 13:22:40 - [MESSAGE][PASSED] - Object: 'Object Repository/OCS-DESKTOP/Product page/Add to Bag-button' is clicked on

2019-06-07 13:22:40 - [TEST_STEP][PASSED] - delay(1): Delayed 1 second(s)

2019-06-07 13:22:41 - [MESSAGE][PASSED] - Delayed 1 second(s)

2019-06-07 13:22:41 - [TEST_STEP][PASSED] - delay(2): Delayed 2 second(s)

2019-06-07 13:22:43 - [MESSAGE][PASSED] - Delayed 2 second(s)

2019-06-07 13:22:43 - [TEST_STEP][NOT_RUN] - click(findTestObject("OCS-DESKTOP/Theme preview - Hide bar")): NOT_RUN: click(findTestObject("OCS-DESKTOP/Theme preview - Hide bar"))

2019-06-07 13:22:43 - [MESSAGE][NOT_RUN] - NOT_RUN: click(findTestObject("OCS-DESKTOP/Theme preview - Hide bar"))

2019-06-07 13:22:43 - [TEST_STEP][NOT_RUN] - delay(2): NOT_RUN: delay(2)

2019-06-07 13:22:43 - [MESSAGE][NOT_RUN] - NOT_RUN: delay(2)

2019-06-07 13:22:43 - [TEST_STEP][PASSED] - click(findTestObject("OCS-DESKTOP/Cart flyout/Up Chevron - Accessories you might need")): Object: 'Object Repository/OCS-DESKTOP/Cart flyout/Up Chevron - Accessories you might need' is clicked on

2019-06-07 13:22:43 - [MESSAGE][PASSED] - Object: 'Object Repository/OCS-DESKTOP/Cart flyout/Up Chevron - Accessories you might need' is clicked on

2019-06-07 13:22:43 - [TEST_STEP][PASSED] - takeScreenshot(): Taking screenshot successfully

2019-06-07 13:22:44 - [MESSAGE][PASSED] - Taking screenshot successfully
[[ATTACHMENT|/Users/sumankompelly/Relative xpath-Desktop/Reports/OCS- 1.9.2.1/20190607_131615/1559928163730.png]]

2019-06-07 13:22:44 - [TEST_STEP][PASSED] - delay(4): Delayed 4 second(s)

2019-06-07 13:22:48 - [MESSAGE][PASSED] - Delayed 4 second(s)

2019-06-07 13:22:48 - [TEST_STEP][PASSED] - click(findTestObject("OCS-DESKTOP/Cart flyout/Down Chevron - Accessories you might need")): Object: 'Object Repository/OCS-DESKTOP/Cart flyout/Down Chevron - Accessories you might need' is clicked on

2019-06-07 13:22:48 - [MESSAGE][PASSED] - Object: 'Object Repository/OCS-DESKTOP/Cart flyout/Down Chevron - Accessories you might need' is clicked on]]></system-out>
         <system-err><![CDATA[]]></system-err>
      </testcase>
      <testcase name="Test Cases/OCS - DESKTOP/OCS- CRITICAL PATH/Cart flyout-price comparison" classname="Test Cases/OCS - DESKTOP/OCS- CRITICAL PATH/Cart flyout-price comparison" status="FAILED">
         <failure type="FAILED" message="Test Cases/OCS - DESKTOP/OCS- CRITICAL PATH/Cart flyout-price comparison FAILED.
Reason:
com.kms.katalon.core.exception.StepFailedException: Unable to verify equal between actual object '70' and expected object '45.5' (Root cause: com.kms.katalon.core.exception.StepFailedException: Actual object '70' and expected object '45.5' are not equal)
	at com.kms.katalon.core.keyword.internal.KeywordMain.stepFailed(KeywordMain.groovy:36)
	at com.kms.katalon.core.keyword.internal.KeywordMain.stepFailed(KeywordMain.groovy)
	at com.kms.katalon.core.keyword.internal.KeywordMain.runKeyword(KeywordMain.groovy:56)
	at com.kms.katalon.core.keyword.builtin.VerifyEqualKeyword.verifyEqual(VerifyEqualKeyword.groovy:63)
	at com.kms.katalon.core.keyword.builtin.VerifyEqualKeyword.execute(VerifyEqualKeyword.groovy:44)
	at com.kms.katalon.core.keyword.internal.KeywordExecutor.executeKeywordForPlatform(KeywordExecutor.groovy:53)
	at com.kms.katalon.core.keyword.BuiltinKeywords.verifyEqual(BuiltinKeywords.groovy:141)
	at Cart flyout-price comparison.run(Cart flyout-price comparison:176)
	at com.kms.katalon.core.main.ScriptEngine.run(ScriptEngine.java:194)
	at com.kms.katalon.core.main.ScriptEngine.runScriptAsRawText(ScriptEngine.java:119)
	at com.kms.katalon.core.main.TestCaseExecutor.runScript(TestCaseExecutor.java:328)
	at com.kms.katalon.core.main.TestCaseExecutor.doExecute(TestCaseExecutor.java:319)
	at com.kms.katalon.core.main.TestCaseExecutor.processExecutionPhase(TestCaseExecutor.java:298)
	at com.kms.katalon.core.main.TestCaseExecutor.accessMainPhase(TestCaseExecutor.java:290)
	at com.kms.katalon.core.main.TestCaseExecutor.execute(TestCaseExecutor.java:224)
	at com.kms.katalon.core.main.TestSuiteExecutor.accessTestCaseMainPhase(TestSuiteExecutor.java:129)
	at com.kms.katalon.core.main.TestSuiteExecutor.accessTestSuiteMainPhase(TestSuiteExecutor.java:112)
	at com.kms.katalon.core.main.TestSuiteExecutor.execute(TestSuiteExecutor.java:81)
	at com.kms.katalon.core.main.TestCaseMain.startTestSuite(TestCaseMain.java:149)
	at com.kms.katalon.core.main.TestCaseMain$startTestSuite$0.call(Unknown Source)
	at TempTestSuite1559927775427.run(TempTestSuite1559927775427.groovy:36)
"/>
         <system-out><![CDATA[2019-06-07 13:22:48 - [TEST_CASE][FAILED] - Test Cases/OCS - DESKTOP/OCS- CRITICAL PATH/Cart flyout-price comparison: Test Cases/OCS - DESKTOP/OCS- CRITICAL PATH/Cart flyout-price comparison FAILED.
Reason:
com.kms.katalon.core.exception.StepFailedException: Unable to verify equal between actual object '70' and expected object '45.5' (Root cause: com.kms.katalon.core.exception.StepFailedException: Actual object '70' and expected object '45.5' are not equal)
	at com.kms.katalon.core.keyword.internal.KeywordMain.stepFailed(KeywordMain.groovy:36)
	at com.kms.katalon.core.keyword.internal.KeywordMain.stepFailed(KeywordMain.groovy)
	at com.kms.katalon.core.keyword.internal.KeywordMain.runKeyword(KeywordMain.groovy:56)
	at com.kms.katalon.core.keyword.builtin.VerifyEqualKeyword.verifyEqual(VerifyEqualKeyword.groovy:63)
	at com.kms.katalon.core.keyword.builtin.VerifyEqualKeyword.execute(VerifyEqualKeyword.groovy:44)
	at com.kms.katalon.core.keyword.internal.KeywordExecutor.executeKeywordForPlatform(KeywordExecutor.groovy:53)
	at com.kms.katalon.core.keyword.BuiltinKeywords.verifyEqual(BuiltinKeywords.groovy:141)
	at Cart flyout-price comparison.run(Cart flyout-price comparison:176)
	at com.kms.katalon.core.main.ScriptEngine.run(ScriptEngine.java:194)
	at com.kms.katalon.core.main.ScriptEngine.runScriptAsRawText(ScriptEngine.java:119)
	at com.kms.katalon.core.main.TestCaseExecutor.runScript(TestCaseExecutor.java:328)
	at com.kms.katalon.core.main.TestCaseExecutor.doExecute(TestCaseExecutor.java:319)
	at com.kms.katalon.core.main.TestCaseExecutor.processExecutionPhase(TestCaseExecutor.java:298)
	at com.kms.katalon.core.main.TestCaseExecutor.accessMainPhase(TestCaseExecutor.java:290)
	at com.kms.katalon.core.main.TestCaseExecutor.execute(TestCaseExecutor.java:224)
	at com.kms.katalon.core.main.TestSuiteExecutor.accessTestCaseMainPhase(TestSuiteExecutor.java:129)
	at com.kms.katalon.core.main.TestSuiteExecutor.accessTestSuiteMainPhase(TestSuiteExecutor.java:112)
	at com.kms.katalon.core.main.TestSuiteExecutor.execute(TestSuiteExecutor.java:81)
	at com.kms.katalon.core.main.TestCaseMain.startTestSuite(TestCaseMain.java:149)
	at com.kms.katalon.core.main.TestCaseMain$startTestSuite$0.call(Unknown Source)
	at TempTestSuite1559927775427.run(TempTestSuite1559927775427.groovy:36)


2019-06-07 13:22:48 - [TEST_STEP][PASSED] - callTestCase(findTestCase("OCS - DESKTOP/CALL - Navigate to PDP"), [:], STOP_ON_FAILURE): Call Test Case 'Test Cases/OCS - DESKTOP/CALL - Navigate to PDP' successfully

2019-06-07 13:22:48 - [TEST_CASE][PASSED] - Test Cases/OCS - DESKTOP/CALL - Navigate to PDP: Test Cases/OCS - DESKTOP/CALL - Navigate to PDP

2019-06-07 13:22:48 - [TEST_STEP][PASSED] - openBrowser(""): Browser is opened with url: ''

2019-06-07 13:22:48 - [MESSAGE][WARNING] - A browser is already opened. Closing browser and opening a new one

2019-06-07 13:22:48 - [MESSAGE][INFO] - Starting 'Chrome' driver

2019-06-07 13:22:50 - [MESSAGE][PASSED] - Browser is opened with url: ''

2019-06-07 13:22:50 - [TEST_STEP][PASSED] - maximizeWindow(): Current window maximized

2019-06-07 13:22:50 - [MESSAGE][PASSED] - Current window maximized

2019-06-07 13:22:50 - [TEST_STEP][PASSED] - navigateToUrl("https://ocs.ca/?fts=0&preview_theme_id=72920074060"): Navigate to 'https://ocs.ca/?fts=0&preview_theme_id=72920074060' successfully

2019-06-07 13:22:54 - [MESSAGE][PASSED] - Navigate to 'https://ocs.ca/?fts=0&preview_theme_id=72920074060' successfully

2019-06-07 13:22:54 - [TEST_STEP][PASSED] - executeJavaScript("var previewBar = document.getElementById("preview-bar-iframe"); previewBar.style.display = "none";", []): Execute JavaScript 'var previewBar = document.getElementById("preview-bar-iframe"); previewBar.style.display = "none";' successfully

2019-06-07 13:22:54 - [MESSAGE][PASSED] - Execute JavaScript 'var previewBar = document.getElementById("preview-bar-iframe"); previewBar.style.display = "none";' successfully

2019-06-07 13:22:54 - [TEST_STEP][PASSED] - delay(4): Delayed 4 second(s)

2019-06-07 13:22:58 - [MESSAGE][PASSED] - Delayed 4 second(s)

2019-06-07 13:22:58 - [TEST_STEP][PASSED] - selectOptionByValue(findTestObject("OCS-DESKTOP/Age gate and Mega menu/Date"), "12", true): All options with value '12' are selected in object 'Object Repository/OCS-DESKTOP/Age gate and Mega menu/Date'  using regular expression

2019-06-07 13:22:58 - [MESSAGE][PASSED] - All options with value '12' are selected in object 'Object Repository/OCS-DESKTOP/Age gate and Mega menu/Date'  using regular expression

2019-06-07 13:22:58 - [TEST_STEP][PASSED] - selectOptionByValue(findTestObject("OCS-DESKTOP/Age gate and Mega menu/month"), "6", true): All options with value '6' are selected in object 'Object Repository/OCS-DESKTOP/Age gate and Mega menu/month'  using regular expression

2019-06-07 13:22:59 - [MESSAGE][PASSED] - All options with value '6' are selected in object 'Object Repository/OCS-DESKTOP/Age gate and Mega menu/month'  using regular expression

2019-06-07 13:22:59 - [TEST_STEP][PASSED] - delay(2): Delayed 2 second(s)

2019-06-07 13:23:01 - [MESSAGE][PASSED] - Delayed 2 second(s)

2019-06-07 13:23:01 - [TEST_STEP][PASSED] - selectOptionByValue(findTestObject("OCS-DESKTOP/Age gate and Mega menu/Year Dropdown"), "1990", true): All options with value '1990' are selected in object 'Object Repository/OCS-DESKTOP/Age gate and Mega menu/Year Dropdown'  using regular expression

2019-06-07 13:23:02 - [MESSAGE][PASSED] - All options with value '1990' are selected in object 'Object Repository/OCS-DESKTOP/Age gate and Mega menu/Year Dropdown'  using regular expression

2019-06-07 13:23:02 - [TEST_STEP][PASSED] - click(findTestObject("OCS-DESKTOP/Age gate and Mega menu/button_Verify")): Object: 'Object Repository/OCS-DESKTOP/Age gate and Mega menu/button_Verify' is clicked on

2019-06-07 13:23:02 - [MESSAGE][PASSED] - Object: 'Object Repository/OCS-DESKTOP/Age gate and Mega menu/button_Verify' is clicked on

2019-06-07 13:23:02 - [TEST_STEP][PASSED] - click(findTestObject("OCS-DESKTOP/Age gate and Mega menu/Checkbox_CONFIRM AND ACKNOWLEDGE")): Object: 'Object Repository/OCS-DESKTOP/Age gate and Mega menu/Checkbox_CONFIRM AND ACKNOWLEDGE' is clicked on

2019-06-07 13:23:02 - [MESSAGE][PASSED] - Object: 'Object Repository/OCS-DESKTOP/Age gate and Mega menu/Checkbox_CONFIRM AND ACKNOWLEDGE' is clicked on

2019-06-07 13:23:02 - [TEST_STEP][PASSED] - click(findTestObject("OCS-DESKTOP/Age gate and Mega menu/button_CONFIRM")): Object: 'Object Repository/OCS-DESKTOP/Age gate and Mega menu/button_CONFIRM' is clicked on

2019-06-07 13:23:02 - [MESSAGE][PASSED] - Object: 'Object Repository/OCS-DESKTOP/Age gate and Mega menu/button_CONFIRM' is clicked on

2019-06-07 13:23:02 - [TEST_STEP][PASSED] - click(findTestObject("OCS-DESKTOP/Age gate and Mega menu/button_Start Browsing")): Object: 'Object Repository/OCS-DESKTOP/Age gate and Mega menu/button_Start Browsing' is clicked on

2019-06-07 13:23:02 - [MESSAGE][PASSED] - Object: 'Object Repository/OCS-DESKTOP/Age gate and Mega menu/button_Start Browsing' is clicked on

2019-06-07 13:23:02 - [TEST_STEP][PASSED] - delay(2): Delayed 2 second(s)

2019-06-07 13:23:04 - [MESSAGE][PASSED] - Delayed 2 second(s)

2019-06-07 13:23:04 - [TEST_STEP][PASSED] - navigateToUrl("https://ocs.ca/products/la-confidential"): Navigate to 'https://ocs.ca/products/la-confidential' successfully

2019-06-07 13:23:08 - [MESSAGE][PASSED] - Navigate to 'https://ocs.ca/products/la-confidential' successfully

2019-06-07 13:23:08 - [TEST_STEP][PASSED] - executeJavaScript("var previewBar = document.getElementById("preview-bar-iframe"); previewBar.style.display = "none";", []): Execute JavaScript 'var previewBar = document.getElementById("preview-bar-iframe"); previewBar.style.display = "none";' successfully

2019-06-07 13:23:08 - [MESSAGE][PASSED] - Execute JavaScript 'var previewBar = document.getElementById("preview-bar-iframe"); previewBar.style.display = "none";' successfully

2019-06-07 13:23:08 - [MESSAGE][PASSED] - Call Test Case 'Test Cases/OCS - DESKTOP/CALL - Navigate to PDP' successfully

2019-06-07 13:23:08 - [TEST_STEP][NOT_RUN] - scrollToElement(findTestObject("OCS-DESKTOP/Product page/Product image"), 1): NOT_RUN: scrollToElement(findTestObject("OCS-DESKTOP/Product page/Product image"), 1)

2019-06-07 13:23:08 - [MESSAGE][NOT_RUN] - NOT_RUN: scrollToElement(findTestObject("OCS-DESKTOP/Product page/Product image"), 1)

2019-06-07 13:23:08 - [TEST_STEP][PASSED] - delay(2): Delayed 2 second(s)

2019-06-07 13:23:10 - [MESSAGE][PASSED] - Delayed 2 second(s)

2019-06-07 13:23:10 - [TEST_STEP][NOT_RUN] - flag = verifyElementPresent(findTestObject("OCS-DESKTOP/Product page/Swatch_3.5g"), 0): NOT_RUN: flag = verifyElementPresent(findTestObject("OCS-DESKTOP/Product page/Swatch_3.5g"), 0)

2019-06-07 13:23:10 - [MESSAGE][NOT_RUN] - NOT_RUN: flag = verifyElementPresent(findTestObject("OCS-DESKTOP/Product page/Swatch_3.5g"), 0)

2019-06-07 13:23:10 - [TEST_STEP][NOT_RUN] - comment(" flag=" + flag): NOT_RUN: comment(" flag=" + flag)

2019-06-07 13:23:10 - [MESSAGE][NOT_RUN] - NOT_RUN: comment(" flag=" + flag)

2019-06-07 13:23:10 - [TEST_STEP][PASSED] - takeScreenshot(): Taking screenshot successfully

2019-06-07 13:23:10 - [MESSAGE][PASSED] - Taking screenshot successfully
[[ATTACHMENT|/Users/sumankompelly/Relative xpath-Desktop/Reports/OCS- 1.9.2.1/20190607_131615/1559928190111.png]]

2019-06-07 13:23:10 - [TEST_STEP][NOT_RUN] - scrollToElement(findTestObject("OCS-DESKTOP/Product page/Swatch_3.5g"), 1): NOT_RUN: scrollToElement(findTestObject("OCS-DESKTOP/Product page/Swatch_3.5g"), 1)

2019-06-07 13:23:10 - [MESSAGE][NOT_RUN] - NOT_RUN: scrollToElement(findTestObject("OCS-DESKTOP/Product page/Swatch_3.5g"), 1)

2019-06-07 13:23:10 - [TEST_STEP][PASSED] - click(findTestObject("OCS-DESKTOP/Product page/Swatch_1g"), CONTINUE_ON_FAILURE): Object: 'Object Repository/OCS-DESKTOP/Product page/Swatch_1g' is clicked on

2019-06-07 13:23:10 - [MESSAGE][PASSED] - Object: 'Object Repository/OCS-DESKTOP/Product page/Swatch_1g' is clicked on

2019-06-07 13:23:10 - [TEST_STEP][NOT_RUN] - delay(2): NOT_RUN: delay(2)

2019-06-07 13:23:10 - [MESSAGE][NOT_RUN] - NOT_RUN: delay(2)

2019-06-07 13:23:10 - [TEST_STEP][NOT_RUN] - click(findTestObject("OCS-DESKTOP/Theme preview - Hide bar"), OPTIONAL): NOT_RUN: click(findTestObject("OCS-DESKTOP/Theme preview - Hide bar"), OPTIONAL)

2019-06-07 13:23:10 - [MESSAGE][NOT_RUN] - NOT_RUN: click(findTestObject("OCS-DESKTOP/Theme preview - Hide bar"), OPTIONAL)

2019-06-07 13:23:10 - [TEST_STEP][PASSED] - delay(2, OPTIONAL): Delayed 2 second(s)

2019-06-07 13:23:12 - [MESSAGE][PASSED] - Delayed 2 second(s)

2019-06-07 13:23:12 - [TEST_STEP][PASSED] - click(findTestObject("OCS-DESKTOP/Product page/Add to Bag-button")): Object: 'Object Repository/OCS-DESKTOP/Product page/Add to Bag-button' is clicked on

2019-06-07 13:23:12 - [MESSAGE][PASSED] - Object: 'Object Repository/OCS-DESKTOP/Product page/Add to Bag-button' is clicked on

2019-06-07 13:23:12 - [TEST_STEP][PASSED] - delay(1): Delayed 1 second(s)

2019-06-07 13:23:13 - [MESSAGE][PASSED] - Delayed 1 second(s)

2019-06-07 13:23:13 - [TEST_STEP][PASSED] - click(findTestObject("OCS-DESKTOP/Cart flyout/Back icon")): Object: 'Object Repository/OCS-DESKTOP/Cart flyout/Back icon' is clicked on

2019-06-07 13:23:13 - [MESSAGE][PASSED] - Object: 'Object Repository/OCS-DESKTOP/Cart flyout/Back icon' is clicked on

2019-06-07 13:23:13 - [TEST_STEP][PASSED] - delay(2): Delayed 2 second(s)

2019-06-07 13:23:15 - [MESSAGE][PASSED] - Delayed 2 second(s)

2019-06-07 13:23:15 - [TEST_STEP][NOT_RUN] - click(findTestObject("OCS-DESKTOP/Age gate and Mega menu/Header/CANNABIS menu - English")): NOT_RUN: click(findTestObject("OCS-DESKTOP/Age gate and Mega menu/Header/CANNABIS menu - English"))

2019-06-07 13:23:15 - [MESSAGE][NOT_RUN] - NOT_RUN: click(findTestObject("OCS-DESKTOP/Age gate and Mega menu/Header/CANNABIS menu - English"))

2019-06-07 13:23:15 - [TEST_STEP][NOT_RUN] - delay(2): NOT_RUN: delay(2)

2019-06-07 13:23:15 - [MESSAGE][NOT_RUN] - NOT_RUN: delay(2)

2019-06-07 13:23:15 - [TEST_STEP][NOT_RUN] - click(findTestObject("OCS-DESKTOP/Age gate and Mega menu/Chevron_Cannabis")): NOT_RUN: click(findTestObject("OCS-DESKTOP/Age gate and Mega menu/Chevron_Cannabis"))

2019-06-07 13:23:15 - [MESSAGE][NOT_RUN] - NOT_RUN: click(findTestObject("OCS-DESKTOP/Age gate and Mega menu/Chevron_Cannabis"))

2019-06-07 13:23:15 - [TEST_STEP][NOT_RUN] - delay(2): NOT_RUN: delay(2)

2019-06-07 13:23:15 - [MESSAGE][NOT_RUN] - NOT_RUN: delay(2)

2019-06-07 13:23:15 - [TEST_STEP][NOT_RUN] - click(findTestObject("OCS-DESKTOP/Age gate and Mega menu/Dried Flower_Plus icon")): NOT_RUN: click(findTestObject("OCS-DESKTOP/Age gate and Mega menu/Dried Flower_Plus icon"))

2019-06-07 13:23:15 - [MESSAGE][NOT_RUN] - NOT_RUN: click(findTestObject("OCS-DESKTOP/Age gate and Mega menu/Dried Flower_Plus icon"))

2019-06-07 13:23:15 - [TEST_STEP][NOT_RUN] - delay(2): NOT_RUN: delay(2)

2019-06-07 13:23:15 - [MESSAGE][NOT_RUN] - NOT_RUN: delay(2)

2019-06-07 13:23:15 - [TEST_STEP][NOT_RUN] - click(findTestObject("OCS-DESKTOP/Age gate and Mega menu/Indica Dominant_Menu item")): NOT_RUN: click(findTestObject("OCS-DESKTOP/Age gate and Mega menu/Indica Dominant_Menu item"))

2019-06-07 13:23:15 - [MESSAGE][NOT_RUN] - NOT_RUN: click(findTestObject("OCS-DESKTOP/Age gate and Mega menu/Indica Dominant_Menu item"))

2019-06-07 13:23:15 - [TEST_STEP][NOT_RUN] - click(findTestObject("OCS-DESKTOP/Collection page/Product image - 2nd one")): NOT_RUN: click(findTestObject("OCS-DESKTOP/Collection page/Product image - 2nd one"))

2019-06-07 13:23:15 - [MESSAGE][NOT_RUN] - NOT_RUN: click(findTestObject("OCS-DESKTOP/Collection page/Product image - 2nd one"))

2019-06-07 13:23:15 - [TEST_STEP][PASSED] - delay(2): Delayed 2 second(s)

2019-06-07 13:23:17 - [MESSAGE][PASSED] - Delayed 2 second(s)

2019-06-07 13:23:17 - [TEST_STEP][NOT_RUN] - navigateToUrl("https://ocs.ca/products/la-confidential"): NOT_RUN: navigateToUrl("https://ocs.ca/products/la-confidential")

2019-06-07 13:23:17 - [MESSAGE][NOT_RUN] - NOT_RUN: navigateToUrl("https://ocs.ca/products/la-confidential")

2019-06-07 13:23:17 - [TEST_STEP][PASSED] - delay(2): Delayed 2 second(s)

2019-06-07 13:23:19 - [MESSAGE][PASSED] - Delayed 2 second(s)

2019-06-07 13:23:19 - [TEST_STEP][PASSED] - takeScreenshot(): Taking screenshot successfully

2019-06-07 13:23:20 - [MESSAGE][PASSED] - Taking screenshot successfully
[[ATTACHMENT|/Users/sumankompelly/Relative xpath-Desktop/Reports/OCS- 1.9.2.1/20190607_131615/1559928199943.png]]

2019-06-07 13:23:20 - [TEST_STEP][PASSED] - delay(2): Delayed 2 second(s)

2019-06-07 13:23:22 - [MESSAGE][PASSED] - Delayed 2 second(s)

2019-06-07 13:23:22 - [TEST_STEP][PASSED] - click(findTestObject("OCS-DESKTOP/Product page/Swatch_3.5g")): Object: 'Object Repository/OCS-DESKTOP/Product page/Swatch_3.5g' is clicked on

2019-06-07 13:23:22 - [MESSAGE][PASSED] - Object: 'Object Repository/OCS-DESKTOP/Product page/Swatch_3.5g' is clicked on

2019-06-07 13:23:22 - [TEST_STEP][PASSED] - delay(2): Delayed 2 second(s)

2019-06-07 13:23:24 - [MESSAGE][PASSED] - Delayed 2 second(s)

2019-06-07 13:23:24 - [TEST_STEP][PASSED] - click(findTestObject("OCS-DESKTOP/Product page/Add to Bag-button")): Object: 'Object Repository/OCS-DESKTOP/Product page/Add to Bag-button' is clicked on

2019-06-07 13:23:24 - [MESSAGE][PASSED] - Object: 'Object Repository/OCS-DESKTOP/Product page/Add to Bag-button' is clicked on

2019-06-07 13:23:24 - [TEST_STEP][PASSED] - delay(1): Delayed 1 second(s)

2019-06-07 13:23:25 - [MESSAGE][PASSED] - Delayed 1 second(s)

2019-06-07 13:23:25 - [TEST_STEP][NOT_RUN] - delay(2): NOT_RUN: delay(2)

2019-06-07 13:23:25 - [MESSAGE][NOT_RUN] - NOT_RUN: delay(2)

2019-06-07 13:23:25 - [TEST_STEP][NOT_RUN] - click(findTestObject("OCS-DESKTOP/Theme preview - Hide bar")): NOT_RUN: click(findTestObject("OCS-DESKTOP/Theme preview - Hide bar"))

2019-06-07 13:23:25 - [MESSAGE][NOT_RUN] - NOT_RUN: click(findTestObject("OCS-DESKTOP/Theme preview - Hide bar"))

2019-06-07 13:23:25 - [TEST_STEP][PASSED] - a = getText(findTestObject("OCS-DESKTOP/Cart flyout/Unit price - 1st Product")): Text of object 'Object Repository/OCS-DESKTOP/Cart flyout/Unit price - 1st Product' is: '$35.00'

2019-06-07 13:23:25 - [MESSAGE][PASSED] - Text of object 'Object Repository/OCS-DESKTOP/Cart flyout/Unit price - 1st Product' is: '$35.00'

2019-06-07 13:23:25 - [TEST_STEP][PASSED] - delay(2): Delayed 2 second(s)

2019-06-07 13:23:27 - [MESSAGE][PASSED] - Delayed 2 second(s)

2019-06-07 13:23:27 - [TEST_STEP][PASSED] - comment("a=" + a): a=$35.00

2019-06-07 13:23:27 - [MESSAGE][INFO] - a=$35.00

2019-06-07 13:23:27 - [TEST_STEP][PASSED] - without = a.substring(1): null

2019-06-07 13:23:27 - [TEST_STEP][PASSED] - comment("without = " + without): without = 35.00

2019-06-07 13:23:27 - [MESSAGE][INFO] - without = 35.00

2019-06-07 13:23:27 - [TEST_STEP][PASSED] - last = without.substring(0, without.length() - 1): null

2019-06-07 13:23:27 - [TEST_STEP][PASSED] - comment("last=" + last): last=35.0

2019-06-07 13:23:27 - [MESSAGE][INFO] - last=35.0

2019-06-07 13:23:27 - [TEST_STEP][PASSED] - delay(2): Delayed 2 second(s)

2019-06-07 13:23:29 - [MESSAGE][PASSED] - Delayed 2 second(s)

2019-06-07 13:23:29 - [TEST_STEP][PASSED] - k = getText(findTestObject("OCS-DESKTOP/Cart flyout/Unit price - 2nd Product")): Text of object 'Object Repository/OCS-DESKTOP/Cart flyout/Unit price - 2nd Product' is: '$35.00'

2019-06-07 13:23:29 - [MESSAGE][PASSED] - Text of object 'Object Repository/OCS-DESKTOP/Cart flyout/Unit price - 2nd Product' is: '$35.00'

2019-06-07 13:23:29 - [TEST_STEP][PASSED] - delay(2): Delayed 2 second(s)

2019-06-07 13:23:31 - [MESSAGE][PASSED] - Delayed 2 second(s)

2019-06-07 13:23:31 - [TEST_STEP][PASSED] - comment("k=" + k): k=$35.00

2019-06-07 13:23:31 - [MESSAGE][INFO] - k=$35.00

2019-06-07 13:23:31 - [TEST_STEP][PASSED] - without1 = k.substring(1): null

2019-06-07 13:23:31 - [TEST_STEP][PASSED] - comment("without1 = " + without1): without1 = 35.00

2019-06-07 13:23:31 - [MESSAGE][INFO] - without1 = 35.00

2019-06-07 13:23:31 - [TEST_STEP][PASSED] - p1 = <not implemented yet for class: org.codehaus.groovy.ast.expr.EmptyExpression>: null

2019-06-07 13:23:31 - [TEST_STEP][PASSED] - p2 = <not implemented yet for class: org.codehaus.groovy.ast.expr.EmptyExpression>: null

2019-06-07 13:23:31 - [TEST_STEP][PASSED] - try: p1=35.0

2019-06-07 13:23:31 - [TEST_STEP][PASSED] - str = last: null

2019-06-07 13:23:31 - [TEST_STEP][PASSED] - comment("str=" + str): str=35.0

2019-06-07 13:23:31 - [MESSAGE][INFO] - str=35.0

2019-06-07 13:23:31 - [TEST_STEP][PASSED] - p1 = Double.valueOf(str): null

2019-06-07 13:23:31 - [TEST_STEP][PASSED] - comment("p1=" + p1): p1=35.0

2019-06-07 13:23:31 - [MESSAGE][INFO] - p1=35.0

2019-06-07 13:23:31 - [TEST_STEP][PASSED] - try: p2=35.0

2019-06-07 13:23:31 - [TEST_STEP][PASSED] - str5 = without1: null

2019-06-07 13:23:31 - [TEST_STEP][PASSED] - comment("str5=" + str5): str5=35.00

2019-06-07 13:23:31 - [MESSAGE][INFO] - str5=35.00

2019-06-07 13:23:31 - [TEST_STEP][PASSED] - p2 = Double.valueOf(str5): null

2019-06-07 13:23:31 - [TEST_STEP][PASSED] - comment("p2=" + p2): p2=35.0

2019-06-07 13:23:31 - [MESSAGE][INFO] - p2=35.0

2019-06-07 13:23:31 - [TEST_STEP][PASSED] - total = p1 + p2: null

2019-06-07 13:23:31 - [TEST_STEP][PASSED] - comment("total =" + total): total =70.0

2019-06-07 13:23:31 - [MESSAGE][INFO] - total =70.0

2019-06-07 13:23:31 - [TEST_STEP][PASSED] - amount = getText(findTestObject("OCS-DESKTOP/Cart flyout/Sub-total Price")): Text of object 'Object Repository/OCS-DESKTOP/Cart flyout/Sub-total Price' is: '$45.50'

2019-06-07 13:23:31 - [MESSAGE][PASSED] - Text of object 'Object Repository/OCS-DESKTOP/Cart flyout/Sub-total Price' is: '$45.50'

2019-06-07 13:23:31 - [TEST_STEP][PASSED] - delay(2): Delayed 2 second(s)

2019-06-07 13:23:33 - [MESSAGE][PASSED] - Delayed 2 second(s)

2019-06-07 13:23:33 - [TEST_STEP][PASSED] - comment("amount =" + amount): amount =$45.50

2019-06-07 13:23:33 - [MESSAGE][INFO] - amount =$45.50

2019-06-07 13:23:33 - [TEST_STEP][PASSED] - soustotal = amount.substring(1): null

2019-06-07 13:23:33 - [TEST_STEP][PASSED] - comment("soustotal= " + soustotal): soustotal= 45.50

2019-06-07 13:23:33 - [MESSAGE][INFO] - soustotal= 45.50

2019-06-07 13:23:33 - [TEST_STEP][PASSED] - p = <not implemented yet for class: org.codehaus.groovy.ast.expr.EmptyExpression>: null

2019-06-07 13:23:33 - [TEST_STEP][PASSED] - try: p=45.5

2019-06-07 13:23:33 - [TEST_STEP][PASSED] - finalprice = soustotal: null

2019-06-07 13:23:33 - [TEST_STEP][PASSED] - comment("finalprice=" + finalprice): finalprice=45.50

2019-06-07 13:23:33 - [MESSAGE][INFO] - finalprice=45.50

2019-06-07 13:23:33 - [TEST_STEP][PASSED] - p = Double.valueOf(finalprice): null

2019-06-07 13:23:33 - [TEST_STEP][PASSED] - comment("p=" + p): p=45.5

2019-06-07 13:23:33 - [MESSAGE][INFO] - p=45.5

2019-06-07 13:23:33 - [TEST_STEP][PASSED] - finalprice = soustotal: null

2019-06-07 13:23:33 - [TEST_STEP][PASSED] - comment("finalprice=" + finalprice): finalprice=45.50

2019-06-07 13:23:33 - [MESSAGE][INFO] - finalprice=45.50

2019-06-07 13:23:33 - [TEST_STEP][PASSED] - p = Double.valueOf(finalprice): null

2019-06-07 13:23:33 - [TEST_STEP][PASSED] - comment("p=" + p): p=45.5

2019-06-07 13:23:33 - [MESSAGE][INFO] - p=45.5

2019-06-07 13:23:33 - [TEST_STEP][FAILED] - verifyEqual(total, p): verifyEqual(total, p) FAILED.
Reason:
com.kms.katalon.core.exception.StepFailedException: Unable to verify equal between actual object '70' and expected object '45.5' (Root cause: com.kms.katalon.core.exception.StepFailedException: Actual object '70' and expected object '45.5' are not equal)
	at com.kms.katalon.core.keyword.internal.KeywordMain.stepFailed(KeywordMain.groovy:36)
	at com.kms.katalon.core.keyword.internal.KeywordMain.stepFailed(KeywordMain.groovy)
	at com.kms.katalon.core.keyword.internal.KeywordMain.runKeyword(KeywordMain.groovy:56)
	at com.kms.katalon.core.keyword.builtin.VerifyEqualKeyword.verifyEqual(VerifyEqualKeyword.groovy:63)
	at com.kms.katalon.core.keyword.builtin.VerifyEqualKeyword.execute(VerifyEqualKeyword.groovy:44)
	at com.kms.katalon.core.keyword.internal.KeywordExecutor.executeKeywordForPlatform(KeywordExecutor.groovy:53)
	at com.kms.katalon.core.keyword.BuiltinKeywords.verifyEqual(BuiltinKeywords.groovy:141)
	at Cart flyout-price comparison.run(Cart flyout-price comparison:176)
	at com.kms.katalon.core.main.ScriptEngine.run(ScriptEngine.java:194)
	at com.kms.katalon.core.main.ScriptEngine.runScriptAsRawText(ScriptEngine.java:119)
	at com.kms.katalon.core.main.TestCaseExecutor.runScript(TestCaseExecutor.java:328)
	at com.kms.katalon.core.main.TestCaseExecutor.doExecute(TestCaseExecutor.java:319)
	at com.kms.katalon.core.main.TestCaseExecutor.processExecutionPhase(TestCaseExecutor.java:298)
	at com.kms.katalon.core.main.TestCaseExecutor.accessMainPhase(TestCaseExecutor.java:290)
	at com.kms.katalon.core.main.TestCaseExecutor.execute(TestCaseExecutor.java:224)
	at com.kms.katalon.core.main.TestSuiteExecutor.accessTestCaseMainPhase(TestSuiteExecutor.java:129)
	at com.kms.katalon.core.main.TestSuiteExecutor.accessTestSuiteMainPhase(TestSuiteExecutor.java:112)
	at com.kms.katalon.core.main.TestSuiteExecutor.execute(TestSuiteExecutor.java:81)
	at com.kms.katalon.core.main.TestCaseMain.startTestSuite(TestCaseMain.java:149)
	at com.kms.katalon.core.main.TestCaseMain$startTestSuite$0.call(Unknown Source)
	at TempTestSuite1559927775427.run(TempTestSuite1559927775427.groovy:36)


2019-06-07 13:23:33 - [MESSAGE][FAILED] - Unable to verify equal between actual object '70' and expected object '45.5' (Root cause: com.kms.katalon.core.exception.StepFailedException: Actual object '70' and expected object '45.5' are not equal)

2019-06-07 13:23:33 - [MESSAGE][FAILED] - verifyEqual(total, p) FAILED.
Reason:
com.kms.katalon.core.exception.StepFailedException: Unable to verify equal between actual object '70' and expected object '45.5' (Root cause: com.kms.katalon.core.exception.StepFailedException: Actual object '70' and expected object '45.5' are not equal)
	at com.kms.katalon.core.keyword.internal.KeywordMain.stepFailed(KeywordMain.groovy:36)
	at com.kms.katalon.core.keyword.internal.KeywordMain.stepFailed(KeywordMain.groovy)
	at com.kms.katalon.core.keyword.internal.KeywordMain.runKeyword(KeywordMain.groovy:56)
	at com.kms.katalon.core.keyword.builtin.VerifyEqualKeyword.verifyEqual(VerifyEqualKeyword.groovy:63)
	at com.kms.katalon.core.keyword.builtin.VerifyEqualKeyword.execute(VerifyEqualKeyword.groovy:44)
	at com.kms.katalon.core.keyword.internal.KeywordExecutor.executeKeywordForPlatform(KeywordExecutor.groovy:53)
	at com.kms.katalon.core.keyword.BuiltinKeywords.verifyEqual(BuiltinKeywords.groovy:141)
	at Cart flyout-price comparison.run(Cart flyout-price comparison:176)
	at com.kms.katalon.core.main.ScriptEngine.run(ScriptEngine.java:194)
	at com.kms.katalon.core.main.ScriptEngine.runScriptAsRawText(ScriptEngine.java:119)
	at com.kms.katalon.core.main.TestCaseExecutor.runScript(TestCaseExecutor.java:328)
	at com.kms.katalon.core.main.TestCaseExecutor.doExecute(TestCaseExecutor.java:319)
	at com.kms.katalon.core.main.TestCaseExecutor.processExecutionPhase(TestCaseExecutor.java:298)
	at com.kms.katalon.core.main.TestCaseExecutor.accessMainPhase(TestCaseExecutor.java:290)
	at com.kms.katalon.core.main.TestCaseExecutor.execute(TestCaseExecutor.java:224)
	at com.kms.katalon.core.main.TestSuiteExecutor.accessTestCaseMainPhase(TestSuiteExecutor.java:129)
	at com.kms.katalon.core.main.TestSuiteExecutor.accessTestSuiteMainPhase(TestSuiteExecutor.java:112)
	at com.kms.katalon.core.main.TestSuiteExecutor.execute(TestSuiteExecutor.java:81)
	at com.kms.katalon.core.main.TestCaseMain.startTestSuite(TestCaseMain.java:149)
	at com.kms.katalon.core.main.TestCaseMain$startTestSuite$0.call(Unknown Source)
	at TempTestSuite1559927775427.run(TempTestSuite1559927775427.groovy:36)]]></system-out>
         <system-err><![CDATA[2019-06-07 13:22:48 - [TEST_CASE][FAILED] - Test Cases/OCS - DESKTOP/OCS- CRITICAL PATH/Cart flyout-price comparison: Test Cases/OCS - DESKTOP/OCS- CRITICAL PATH/Cart flyout-price comparison FAILED.
Reason:
com.kms.katalon.core.exception.StepFailedException: Unable to verify equal between actual object '70' and expected object '45.5' (Root cause: com.kms.katalon.core.exception.StepFailedException: Actual object '70' and expected object '45.5' are not equal)
	at com.kms.katalon.core.keyword.internal.KeywordMain.stepFailed(KeywordMain.groovy:36)
	at com.kms.katalon.core.keyword.internal.KeywordMain.stepFailed(KeywordMain.groovy)
	at com.kms.katalon.core.keyword.internal.KeywordMain.runKeyword(KeywordMain.groovy:56)
	at com.kms.katalon.core.keyword.builtin.VerifyEqualKeyword.verifyEqual(VerifyEqualKeyword.groovy:63)
	at com.kms.katalon.core.keyword.builtin.VerifyEqualKeyword.execute(VerifyEqualKeyword.groovy:44)
	at com.kms.katalon.core.keyword.internal.KeywordExecutor.executeKeywordForPlatform(KeywordExecutor.groovy:53)
	at com.kms.katalon.core.keyword.BuiltinKeywords.verifyEqual(BuiltinKeywords.groovy:141)
	at Cart flyout-price comparison.run(Cart flyout-price comparison:176)
	at com.kms.katalon.core.main.ScriptEngine.run(ScriptEngine.java:194)
	at com.kms.katalon.core.main.ScriptEngine.runScriptAsRawText(ScriptEngine.java:119)
	at com.kms.katalon.core.main.TestCaseExecutor.runScript(TestCaseExecutor.java:328)
	at com.kms.katalon.core.main.TestCaseExecutor.doExecute(TestCaseExecutor.java:319)
	at com.kms.katalon.core.main.TestCaseExecutor.processExecutionPhase(TestCaseExecutor.java:298)
	at com.kms.katalon.core.main.TestCaseExecutor.accessMainPhase(TestCaseExecutor.java:290)
	at com.kms.katalon.core.main.TestCaseExecutor.execute(TestCaseExecutor.java:224)
	at com.kms.katalon.core.main.TestSuiteExecutor.accessTestCaseMainPhase(TestSuiteExecutor.java:129)
	at com.kms.katalon.core.main.TestSuiteExecutor.accessTestSuiteMainPhase(TestSuiteExecutor.java:112)
	at com.kms.katalon.core.main.TestSuiteExecutor.execute(TestSuiteExecutor.java:81)
	at com.kms.katalon.core.main.TestCaseMain.startTestSuite(TestCaseMain.java:149)
	at com.kms.katalon.core.main.TestCaseMain$startTestSuite$0.call(Unknown Source)
	at TempTestSuite1559927775427.run(TempTestSuite1559927775427.groovy:36)]]></system-err>
      </testcase>
      <testcase name="Test Cases/OCS - DESKTOP/OCS- CRITICAL PATH/Checkout - Shipping" classname="Test Cases/OCS - DESKTOP/OCS- CRITICAL PATH/Checkout - Shipping" status="FAILED">
         <failure type="FAILED" message="Test Cases/OCS - DESKTOP/OCS- CRITICAL PATH/Checkout - Shipping FAILED.
Reason:
com.kms.katalon.core.exception.StepFailedException: Unable to click on object 'Object Repository/OCS-DESKTOP/Cart page/Cart page -checkout button' (Root cause: com.kms.katalon.core.webui.exception.WebElementNotFoundException: Web element with id: 'Object Repository/OCS-DESKTOP/Cart page/Cart page -checkout button' located by 'By.xpath: //div[@class='row']//a[@class='btn btn--primary full-width js-checkout-button'][contains(text(),'Checkout')]' not found)
	at com.kms.katalon.core.keyword.internal.KeywordMain.stepFailed(KeywordMain.groovy:36)
	at com.kms.katalon.core.webui.keyword.internal.WebUIKeywordMain.stepFailed(WebUIKeywordMain.groovy:65)
	at com.kms.katalon.core.webui.keyword.internal.WebUIKeywordMain.runKeyword(WebUIKeywordMain.groovy:27)
	at com.kms.katalon.core.webui.keyword.builtin.ClickKeyword.click(ClickKeyword.groovy:86)
	at com.kms.katalon.core.webui.keyword.builtin.ClickKeyword.execute(ClickKeyword.groovy:67)
	at com.kms.katalon.core.keyword.internal.KeywordExecutor.executeKeywordForPlatform(KeywordExecutor.groovy:53)
	at com.kms.katalon.core.webui.keyword.WebUiBuiltInKeywords.click(WebUiBuiltInKeywords.groovy:616)
	at com.kms.katalon.core.webui.keyword.WebUiBuiltInKeywords$click$4.call(Unknown Source)
	at Checkout - Shipping.run(Checkout - Shipping:152)
	at com.kms.katalon.core.main.ScriptEngine.run(ScriptEngine.java:194)
	at com.kms.katalon.core.main.ScriptEngine.runScriptAsRawText(ScriptEngine.java:119)
	at com.kms.katalon.core.main.TestCaseExecutor.runScript(TestCaseExecutor.java:328)
	at com.kms.katalon.core.main.TestCaseExecutor.doExecute(TestCaseExecutor.java:319)
	at com.kms.katalon.core.main.TestCaseExecutor.processExecutionPhase(TestCaseExecutor.java:298)
	at com.kms.katalon.core.main.TestCaseExecutor.accessMainPhase(TestCaseExecutor.java:290)
	at com.kms.katalon.core.main.TestCaseExecutor.execute(TestCaseExecutor.java:224)
	at com.kms.katalon.core.main.TestSuiteExecutor.accessTestCaseMainPhase(TestSuiteExecutor.java:129)
	at com.kms.katalon.core.main.TestSuiteExecutor.accessTestSuiteMainPhase(TestSuiteExecutor.java:112)
	at com.kms.katalon.core.main.TestSuiteExecutor.execute(TestSuiteExecutor.java:81)
	at com.kms.katalon.core.main.TestCaseMain.startTestSuite(TestCaseMain.java:149)
	at com.kms.katalon.core.main.TestCaseMain$startTestSuite$0.call(Unknown Source)
	at TempTestSuite1559927775427.run(TempTestSuite1559927775427.groovy:36)
"/>
         <system-out><![CDATA[2019-06-07 13:23:33 - [TEST_CASE][FAILED] - Test Cases/OCS - DESKTOP/OCS- CRITICAL PATH/Checkout - Shipping: Test Cases/OCS - DESKTOP/OCS- CRITICAL PATH/Checkout - Shipping FAILED.
Reason:
com.kms.katalon.core.exception.StepFailedException: Unable to click on object 'Object Repository/OCS-DESKTOP/Cart page/Cart page -checkout button' (Root cause: com.kms.katalon.core.webui.exception.WebElementNotFoundException: Web element with id: 'Object Repository/OCS-DESKTOP/Cart page/Cart page -checkout button' located by 'By.xpath: //div[@class='row']//a[@class='btn btn--primary full-width js-checkout-button'][contains(text(),'Checkout')]' not found)
	at com.kms.katalon.core.keyword.internal.KeywordMain.stepFailed(KeywordMain.groovy:36)
	at com.kms.katalon.core.webui.keyword.internal.WebUIKeywordMain.stepFailed(WebUIKeywordMain.groovy:65)
	at com.kms.katalon.core.webui.keyword.internal.WebUIKeywordMain.runKeyword(WebUIKeywordMain.groovy:27)
	at com.kms.katalon.core.webui.keyword.builtin.ClickKeyword.click(ClickKeyword.groovy:86)
	at com.kms.katalon.core.webui.keyword.builtin.ClickKeyword.execute(ClickKeyword.groovy:67)
	at com.kms.katalon.core.keyword.internal.KeywordExecutor.executeKeywordForPlatform(KeywordExecutor.groovy:53)
	at com.kms.katalon.core.webui.keyword.WebUiBuiltInKeywords.click(WebUiBuiltInKeywords.groovy:616)
	at com.kms.katalon.core.webui.keyword.WebUiBuiltInKeywords$click$4.call(Unknown Source)
	at Checkout - Shipping.run(Checkout - Shipping:152)
	at com.kms.katalon.core.main.ScriptEngine.run(ScriptEngine.java:194)
	at com.kms.katalon.core.main.ScriptEngine.runScriptAsRawText(ScriptEngine.java:119)
	at com.kms.katalon.core.main.TestCaseExecutor.runScript(TestCaseExecutor.java:328)
	at com.kms.katalon.core.main.TestCaseExecutor.doExecute(TestCaseExecutor.java:319)
	at com.kms.katalon.core.main.TestCaseExecutor.processExecutionPhase(TestCaseExecutor.java:298)
	at com.kms.katalon.core.main.TestCaseExecutor.accessMainPhase(TestCaseExecutor.java:290)
	at com.kms.katalon.core.main.TestCaseExecutor.execute(TestCaseExecutor.java:224)
	at com.kms.katalon.core.main.TestSuiteExecutor.accessTestCaseMainPhase(TestSuiteExecutor.java:129)
	at com.kms.katalon.core.main.TestSuiteExecutor.accessTestSuiteMainPhase(TestSuiteExecutor.java:112)
	at com.kms.katalon.core.main.TestSuiteExecutor.execute(TestSuiteExecutor.java:81)
	at com.kms.katalon.core.main.TestCaseMain.startTestSuite(TestCaseMain.java:149)
	at com.kms.katalon.core.main.TestCaseMain$startTestSuite$0.call(Unknown Source)
	at TempTestSuite1559927775427.run(TempTestSuite1559927775427.groovy:36)


2019-06-07 13:23:33 - [TEST_STEP][PASSED] - callTestCase(findTestCase("OCS - DESKTOP/CALL- Age gate"), [:], STOP_ON_FAILURE): Call Test Case 'Test Cases/OCS - DESKTOP/CALL- Age gate' successfully

2019-06-07 13:23:33 - [TEST_CASE][PASSED] - Test Cases/OCS - DESKTOP/CALL- Age gate: Test Cases/OCS - DESKTOP/CALL- Age gate

2019-06-07 13:23:33 - [TEST_STEP][PASSED] - openBrowser(""): Browser is opened with url: ''

2019-06-07 13:23:33 - [MESSAGE][WARNING] - A browser is already opened. Closing browser and opening a new one

2019-06-07 13:23:33 - [MESSAGE][INFO] - Starting 'Chrome' driver

2019-06-07 13:23:35 - [MESSAGE][PASSED] - Browser is opened with url: ''

2019-06-07 13:23:35 - [TEST_STEP][PASSED] - navigateToUrl("https://ocs.ca/?fts=0&preview_theme_id=72920074060"): Navigate to 'https://ocs.ca/?fts=0&preview_theme_id=72920074060' successfully

2019-06-07 13:23:39 - [MESSAGE][PASSED] - Navigate to 'https://ocs.ca/?fts=0&preview_theme_id=72920074060' successfully

2019-06-07 13:23:39 - [TEST_STEP][PASSED] - maximizeWindow(): Current window maximized

2019-06-07 13:23:39 - [MESSAGE][PASSED] - Current window maximized

2019-06-07 13:23:39 - [TEST_STEP][PASSED] - delay(2): Delayed 2 second(s)

2019-06-07 13:23:41 - [MESSAGE][PASSED] - Delayed 2 second(s)

2019-06-07 13:23:41 - [TEST_STEP][PASSED] - executeJavaScript("var previewBar = document.getElementById("preview-bar-iframe"); previewBar.style.display = "none";", []): Execute JavaScript 'var previewBar = document.getElementById("preview-bar-iframe"); previewBar.style.display = "none";' successfully

2019-06-07 13:23:41 - [MESSAGE][PASSED] - Execute JavaScript 'var previewBar = document.getElementById("preview-bar-iframe"); previewBar.style.display = "none";' successfully

2019-06-07 13:23:41 - [TEST_STEP][PASSED] - selectOptionByValue(findTestObject("OCS-DESKTOP/Age gate and Mega menu/Date"), "12", true): All options with value '12' are selected in object 'Object Repository/OCS-DESKTOP/Age gate and Mega menu/Date'  using regular expression

2019-06-07 13:23:41 - [MESSAGE][PASSED] - All options with value '12' are selected in object 'Object Repository/OCS-DESKTOP/Age gate and Mega menu/Date'  using regular expression

2019-06-07 13:23:41 - [TEST_STEP][PASSED] - selectOptionByValue(findTestObject("OCS-DESKTOP/Age gate and Mega menu/month"), "6", true): All options with value '6' are selected in object 'Object Repository/OCS-DESKTOP/Age gate and Mega menu/month'  using regular expression

2019-06-07 13:23:42 - [MESSAGE][PASSED] - All options with value '6' are selected in object 'Object Repository/OCS-DESKTOP/Age gate and Mega menu/month'  using regular expression

2019-06-07 13:23:42 - [TEST_STEP][PASSED] - delay(2): Delayed 2 second(s)

2019-06-07 13:23:44 - [MESSAGE][PASSED] - Delayed 2 second(s)

2019-06-07 13:23:44 - [TEST_STEP][PASSED] - selectOptionByValue(findTestObject("OCS-DESKTOP/Age gate and Mega menu/Year Dropdown"), "1990", true): All options with value '1990' are selected in object 'Object Repository/OCS-DESKTOP/Age gate and Mega menu/Year Dropdown'  using regular expression

2019-06-07 13:23:45 - [MESSAGE][PASSED] - All options with value '1990' are selected in object 'Object Repository/OCS-DESKTOP/Age gate and Mega menu/Year Dropdown'  using regular expression

2019-06-07 13:23:45 - [TEST_STEP][PASSED] - click(findTestObject("OCS-DESKTOP/Age gate and Mega menu/button_Verify")): Object: 'Object Repository/OCS-DESKTOP/Age gate and Mega menu/button_Verify' is clicked on

2019-06-07 13:23:45 - [MESSAGE][PASSED] - Object: 'Object Repository/OCS-DESKTOP/Age gate and Mega menu/button_Verify' is clicked on

2019-06-07 13:23:45 - [TEST_STEP][PASSED] - click(findTestObject("OCS-DESKTOP/Age gate and Mega menu/Checkbox_CONFIRM AND ACKNOWLEDGE")): Object: 'Object Repository/OCS-DESKTOP/Age gate and Mega menu/Checkbox_CONFIRM AND ACKNOWLEDGE' is clicked on

2019-06-07 13:23:45 - [MESSAGE][PASSED] - Object: 'Object Repository/OCS-DESKTOP/Age gate and Mega menu/Checkbox_CONFIRM AND ACKNOWLEDGE' is clicked on

2019-06-07 13:23:45 - [TEST_STEP][PASSED] - click(findTestObject("OCS-DESKTOP/Age gate and Mega menu/button_CONFIRM")): Object: 'Object Repository/OCS-DESKTOP/Age gate and Mega menu/button_CONFIRM' is clicked on

2019-06-07 13:23:45 - [MESSAGE][PASSED] - Object: 'Object Repository/OCS-DESKTOP/Age gate and Mega menu/button_CONFIRM' is clicked on

2019-06-07 13:23:45 - [TEST_STEP][PASSED] - click(findTestObject("OCS-DESKTOP/Age gate and Mega menu/button_Start Browsing")): Object: 'Object Repository/OCS-DESKTOP/Age gate and Mega menu/button_Start Browsing' is clicked on

2019-06-07 13:23:45 - [MESSAGE][PASSED] - Object: 'Object Repository/OCS-DESKTOP/Age gate and Mega menu/button_Start Browsing' is clicked on

2019-06-07 13:23:45 - [TEST_STEP][PASSED] - delay(2): Delayed 2 second(s)

2019-06-07 13:23:47 - [MESSAGE][PASSED] - Delayed 2 second(s)

2019-06-07 13:23:47 - [TEST_STEP][PASSED] - refresh(): Refresh successfully

2019-06-07 13:23:47 - [MESSAGE][PASSED] - Refresh successfully

2019-06-07 13:23:47 - [MESSAGE][PASSED] - Call Test Case 'Test Cases/OCS - DESKTOP/CALL- Age gate' successfully

2019-06-07 13:23:47 - [TEST_STEP][PASSED] - delay(2): Delayed 2 second(s)

2019-06-07 13:23:49 - [MESSAGE][PASSED] - Delayed 2 second(s)

2019-06-07 13:23:49 - [TEST_STEP][PASSED] - click(findTestObject("OCS-DESKTOP/Age gate and Mega menu/Header/CANNABIS menu - English")): Object: 'Object Repository/OCS-DESKTOP/Age gate and Mega menu/Header/CANNABIS menu - English' is clicked on

2019-06-07 13:23:50 - [MESSAGE][PASSED] - Object: 'Object Repository/OCS-DESKTOP/Age gate and Mega menu/Header/CANNABIS menu - English' is clicked on

2019-06-07 13:23:50 - [TEST_STEP][PASSED] - executeJavaScript("var previewBar = document.getElementById("preview-bar-iframe"); previewBar.style.display = "none";", []): Execute JavaScript 'var previewBar = document.getElementById("preview-bar-iframe"); previewBar.style.display = "none";' successfully

2019-06-07 13:23:50 - [MESSAGE][PASSED] - Execute JavaScript 'var previewBar = document.getElementById("preview-bar-iframe"); previewBar.style.display = "none";' successfully

2019-06-07 13:23:50 - [TEST_STEP][PASSED] - delay(2): Delayed 2 second(s)

2019-06-07 13:23:52 - [MESSAGE][PASSED] - Delayed 2 second(s)

2019-06-07 13:23:52 - [TEST_STEP][PASSED] - click(findTestObject("OCS-DESKTOP/Age gate and Mega menu/Indica Dominant_Menu item")): Object: 'Object Repository/OCS-DESKTOP/Age gate and Mega menu/Indica Dominant_Menu item' is clicked on

2019-06-07 13:23:54 - [MESSAGE][PASSED] - Object: 'Object Repository/OCS-DESKTOP/Age gate and Mega menu/Indica Dominant_Menu item' is clicked on

2019-06-07 13:23:54 - [TEST_STEP][PASSED] - executeJavaScript("var previewBar = document.getElementById("preview-bar-iframe"); previewBar.style.display = "none";", []): Execute JavaScript 'var previewBar = document.getElementById("preview-bar-iframe"); previewBar.style.display = "none";' successfully

2019-06-07 13:23:54 - [MESSAGE][PASSED] - Execute JavaScript 'var previewBar = document.getElementById("preview-bar-iframe"); previewBar.style.display = "none";' successfully

2019-06-07 13:23:54 - [TEST_STEP][PASSED] - delay(2): Delayed 2 second(s)

2019-06-07 13:23:56 - [MESSAGE][PASSED] - Delayed 2 second(s)

2019-06-07 13:23:56 - [TEST_STEP][PASSED] - click(findTestObject("OCS-DESKTOP/Collection page/Product image - 1st one")): Object: 'Object Repository/OCS-DESKTOP/Collection page/Product image - 1st one' is clicked on

2019-06-07 13:24:00 - [MESSAGE][PASSED] - Object: 'Object Repository/OCS-DESKTOP/Collection page/Product image - 1st one' is clicked on

2019-06-07 13:24:00 - [TEST_STEP][PASSED] - executeJavaScript("var previewBar = document.getElementById("preview-bar-iframe"); previewBar.style.display = "none";", []): Execute JavaScript 'var previewBar = document.getElementById("preview-bar-iframe"); previewBar.style.display = "none";' successfully

2019-06-07 13:24:00 - [MESSAGE][PASSED] - Execute JavaScript 'var previewBar = document.getElementById("preview-bar-iframe"); previewBar.style.display = "none";' successfully

2019-06-07 13:24:00 - [TEST_STEP][PASSED] - delay(1): Delayed 1 second(s)

2019-06-07 13:24:01 - [MESSAGE][PASSED] - Delayed 1 second(s)

2019-06-07 13:24:01 - [TEST_STEP][PASSED] - delay(3): Delayed 3 second(s)

2019-06-07 13:24:04 - [MESSAGE][PASSED] - Delayed 3 second(s)

2019-06-07 13:24:04 - [TEST_STEP][NOT_RUN] - scrollToElement(findTestObject("OCS-DESKTOP/Product page/Product image"), 1): NOT_RUN: scrollToElement(findTestObject("OCS-DESKTOP/Product page/Product image"), 1)

2019-06-07 13:24:04 - [MESSAGE][NOT_RUN] - NOT_RUN: scrollToElement(findTestObject("OCS-DESKTOP/Product page/Product image"), 1)

2019-06-07 13:24:04 - [TEST_STEP][PASSED] - click(findTestObject("OCS-DESKTOP/Product page/Swatch_1g")): Object: 'Object Repository/OCS-DESKTOP/Product page/Swatch_1g' is clicked on

2019-06-07 13:24:04 - [MESSAGE][PASSED] - Object: 'Object Repository/OCS-DESKTOP/Product page/Swatch_1g' is clicked on

2019-06-07 13:24:04 - [TEST_STEP][PASSED] - delay(2): Delayed 2 second(s)

2019-06-07 13:24:06 - [MESSAGE][PASSED] - Delayed 2 second(s)

2019-06-07 13:24:06 - [TEST_STEP][PASSED] - click(findTestObject("OCS-DESKTOP/Product page/Add to Bag-button")): Object: 'Object Repository/OCS-DESKTOP/Product page/Add to Bag-button' is clicked on

2019-06-07 13:24:06 - [MESSAGE][PASSED] - Object: 'Object Repository/OCS-DESKTOP/Product page/Add to Bag-button' is clicked on

2019-06-07 13:24:06 - [TEST_STEP][PASSED] - delay(1): Delayed 1 second(s)

2019-06-07 13:24:07 - [MESSAGE][PASSED] - Delayed 1 second(s)

2019-06-07 13:24:07 - [TEST_STEP][NOT_RUN] - click(findTestObject("OCS-DESKTOP/Home - page/Cart icon -bag")): NOT_RUN: click(findTestObject("OCS-DESKTOP/Home - page/Cart icon -bag"))

2019-06-07 13:24:07 - [MESSAGE][NOT_RUN] - NOT_RUN: click(findTestObject("OCS-DESKTOP/Home - page/Cart icon -bag"))

2019-06-07 13:24:07 - [TEST_STEP][PASSED] - delay(1): Delayed 1 second(s)

2019-06-07 13:24:08 - [MESSAGE][PASSED] - Delayed 1 second(s)

2019-06-07 13:24:08 - [TEST_STEP][PASSED] - click(findTestObject("OCS-DESKTOP/Cart flyout/Checkbox_I confirm that")): Object: 'Object Repository/OCS-DESKTOP/Cart flyout/Checkbox_I confirm that' is clicked on

2019-06-07 13:24:08 - [MESSAGE][PASSED] - Object: 'Object Repository/OCS-DESKTOP/Cart flyout/Checkbox_I confirm that' is clicked on

2019-06-07 13:24:08 - [TEST_STEP][PASSED] - delay(1): Delayed 1 second(s)

2019-06-07 13:24:09 - [MESSAGE][PASSED] - Delayed 1 second(s)

2019-06-07 13:24:09 - [TEST_STEP][PASSED] - click(findTestObject("OCS-DESKTOP/Cart flyout/Checkbox_Accept the Terms Condition")): Object: 'Object Repository/OCS-DESKTOP/Cart flyout/Checkbox_Accept the Terms Condition' is clicked on

2019-06-07 13:24:09 - [MESSAGE][PASSED] - Object: 'Object Repository/OCS-DESKTOP/Cart flyout/Checkbox_Accept the Terms Condition' is clicked on

2019-06-07 13:24:09 - [TEST_STEP][PASSED] - delay(1): Delayed 1 second(s)

2019-06-07 13:24:10 - [MESSAGE][PASSED] - Delayed 1 second(s)

2019-06-07 13:24:10 - [TEST_STEP][PASSED] - click(findTestObject("OCS-DESKTOP/Cart flyout/Checkout - Button")): Object: 'Object Repository/OCS-DESKTOP/Cart flyout/Checkout - Button' is clicked on

2019-06-07 13:24:12 - [MESSAGE][PASSED] - Object: 'Object Repository/OCS-DESKTOP/Cart flyout/Checkout - Button' is clicked on

2019-06-07 13:24:12 - [TEST_STEP][PASSED] - executeJavaScript("var previewBar = document.getElementById("preview-bar-iframe"); previewBar.style.display = "none";", []): Execute JavaScript 'var previewBar = document.getElementById("preview-bar-iframe"); previewBar.style.display = "none";' successfully

2019-06-07 13:24:12 - [MESSAGE][PASSED] - Execute JavaScript 'var previewBar = document.getElementById("preview-bar-iframe"); previewBar.style.display = "none";' successfully

2019-06-07 13:24:12 - [TEST_STEP][PASSED] - delay(1): Delayed 1 second(s)

2019-06-07 13:24:13 - [MESSAGE][PASSED] - Delayed 1 second(s)

2019-06-07 13:24:13 - [TEST_STEP][PASSED] - scrollToElement(findTestObject("OCS-DESKTOP/Customer info page/input_Email"), 0): Scroll to object 'Object Repository/OCS-DESKTOP/Customer info page/input_Email' successfully

2019-06-07 13:24:13 - [MESSAGE][WARNING] - Timeout '0' is invalid. Using default page load timeout: '30'

2019-06-07 13:24:13 - [MESSAGE][PASSED] - Scroll to object 'Object Repository/OCS-DESKTOP/Customer info page/input_Email' successfully

2019-06-07 13:24:13 - [TEST_STEP][PASSED] - setText(findTestObject("OCS-DESKTOP/Customer info page/input_Email"), "suman.kompelly@diffagency.com"): Text 'suman.kompelly@diffagency.com' is set on object 'Object Repository/OCS-DESKTOP/Customer info page/input_Email'

2019-06-07 13:24:14 - [MESSAGE][PASSED] - Text 'suman.kompelly@diffagency.com' is set on object 'Object Repository/OCS-DESKTOP/Customer info page/input_Email'

2019-06-07 13:24:14 - [TEST_STEP][PASSED] - setText(findTestObject("OCS-DESKTOP/Customer info page/input_First name"), "suman"): Text 'suman' is set on object 'Object Repository/OCS-DESKTOP/Customer info page/input_First name'

2019-06-07 13:24:14 - [MESSAGE][PASSED] - Text 'suman' is set on object 'Object Repository/OCS-DESKTOP/Customer info page/input_First name'

2019-06-07 13:24:14 - [TEST_STEP][PASSED] - setText(findTestObject("OCS-DESKTOP/Customer info page/input_Last name"), "kompelly"): Text 'kompelly' is set on object 'Object Repository/OCS-DESKTOP/Customer info page/input_Last name'

2019-06-07 13:24:14 - [MESSAGE][PASSED] - Text 'kompelly' is set on object 'Object Repository/OCS-DESKTOP/Customer info page/input_Last name'

2019-06-07 13:24:14 - [TEST_STEP][PASSED] - setText(findTestObject("OCS-DESKTOP/Customer info page/input_Address"), "300 saint alxendre"): Text '300 saint alxendre' is set on object 'Object Repository/OCS-DESKTOP/Customer info page/input_Address'

2019-06-07 13:24:14 - [MESSAGE][PASSED] - Text '300 saint alxendre' is set on object 'Object Repository/OCS-DESKTOP/Customer info page/input_Address'

2019-06-07 13:24:14 - [TEST_STEP][PASSED] - setText(findTestObject("OCS-DESKTOP/Customer info page/input_Apartment suite etc. (op"), "199"): Text '199' is set on object 'Object Repository/OCS-DESKTOP/Customer info page/input_Apartment suite etc. (op'

2019-06-07 13:24:14 - [MESSAGE][PASSED] - Text '199' is set on object 'Object Repository/OCS-DESKTOP/Customer info page/input_Apartment suite etc. (op'

2019-06-07 13:24:14 - [TEST_STEP][PASSED] - setText(findTestObject("OCS-DESKTOP/Customer info page/input_City"), "montreal"): Text 'montreal' is set on object 'Object Repository/OCS-DESKTOP/Customer info page/input_City'

2019-06-07 13:24:15 - [MESSAGE][PASSED] - Text 'montreal' is set on object 'Object Repository/OCS-DESKTOP/Customer info page/input_City'

2019-06-07 13:24:15 - [TEST_STEP][PASSED] - setText(findTestObject("OCS-DESKTOP/Customer info page/input_Postal code"), "n0R1K0"): Text 'n0R1K0' is set on object 'Object Repository/OCS-DESKTOP/Customer info page/input_Postal code'

2019-06-07 13:24:15 - [MESSAGE][PASSED] - Text 'n0R1K0' is set on object 'Object Repository/OCS-DESKTOP/Customer info page/input_Postal code'

2019-06-07 13:24:15 - [TEST_STEP][PASSED] - setText(findTestObject("OCS-DESKTOP/Customer info page/input_Phone"), "(514) 449-3882"): Text '(514) 449-3882' is set on object 'Object Repository/OCS-DESKTOP/Customer info page/input_Phone'

2019-06-07 13:24:15 - [MESSAGE][PASSED] - Text '(514) 449-3882' is set on object 'Object Repository/OCS-DESKTOP/Customer info page/input_Phone'

2019-06-07 13:24:15 - [TEST_STEP][PASSED] - delay(1): Delayed 1 second(s)

2019-06-07 13:24:16 - [MESSAGE][PASSED] - Delayed 1 second(s)

2019-06-07 13:24:16 - [TEST_STEP][PASSED] - click(findTestObject("OCS-DESKTOP/Customer info page/Continue to shipping method - Button")): Object: 'Object Repository/OCS-DESKTOP/Customer info page/Continue to shipping method - Button' is clicked on

2019-06-07 13:24:17 - [MESSAGE][PASSED] - Object: 'Object Repository/OCS-DESKTOP/Customer info page/Continue to shipping method - Button' is clicked on

2019-06-07 13:24:17 - [TEST_STEP][PASSED] - executeJavaScript("var previewBar = document.getElementById("preview-bar-iframe"); previewBar.style.display = "none";", []): Execute JavaScript 'var previewBar = document.getElementById("preview-bar-iframe"); previewBar.style.display = "none";' successfully

2019-06-07 13:24:17 - [MESSAGE][PASSED] - Execute JavaScript 'var previewBar = document.getElementById("preview-bar-iframe"); previewBar.style.display = "none";' successfully

2019-06-07 13:24:17 - [TEST_STEP][PASSED] - delay(1): Delayed 1 second(s)

2019-06-07 13:24:18 - [MESSAGE][PASSED] - Delayed 1 second(s)

2019-06-07 13:24:18 - [TEST_STEP][PASSED] - click(findTestObject("OCS-DESKTOP/Shipping page/Change link")): Object: 'Object Repository/OCS-DESKTOP/Shipping page/Change link' is clicked on

2019-06-07 13:24:20 - [MESSAGE][PASSED] - Object: 'Object Repository/OCS-DESKTOP/Shipping page/Change link' is clicked on

2019-06-07 13:24:20 - [TEST_STEP][PASSED] - executeJavaScript("var previewBar = document.getElementById("preview-bar-iframe"); previewBar.style.display = "none";", []): Execute JavaScript 'var previewBar = document.getElementById("preview-bar-iframe"); previewBar.style.display = "none";' successfully

2019-06-07 13:24:20 - [MESSAGE][PASSED] - Execute JavaScript 'var previewBar = document.getElementById("preview-bar-iframe"); previewBar.style.display = "none";' successfully

2019-06-07 13:24:20 - [TEST_STEP][PASSED] - delay(1): Delayed 1 second(s)

2019-06-07 13:24:21 - [MESSAGE][PASSED] - Delayed 1 second(s)

2019-06-07 13:24:21 - [TEST_STEP][PASSED] - click(findTestObject("OCS-DESKTOP/Customer info page/Continue to shipping method - Button")): Object: 'Object Repository/OCS-DESKTOP/Customer info page/Continue to shipping method - Button' is clicked on

2019-06-07 13:24:22 - [MESSAGE][PASSED] - Object: 'Object Repository/OCS-DESKTOP/Customer info page/Continue to shipping method - Button' is clicked on

2019-06-07 13:24:22 - [TEST_STEP][PASSED] - executeJavaScript("var previewBar = document.getElementById("preview-bar-iframe"); previewBar.style.display = "none";", []): Execute JavaScript 'var previewBar = document.getElementById("preview-bar-iframe"); previewBar.style.display = "none";' successfully

2019-06-07 13:24:22 - [MESSAGE][PASSED] - Execute JavaScript 'var previewBar = document.getElementById("preview-bar-iframe"); previewBar.style.display = "none";' successfully

2019-06-07 13:24:22 - [TEST_STEP][PASSED] - delay(1): Delayed 1 second(s)

2019-06-07 13:24:23 - [MESSAGE][PASSED] - Delayed 1 second(s)

2019-06-07 13:24:23 - [TEST_STEP][PASSED] - click(findTestObject("OCS-DESKTOP/Shipping page/Change link 2")): Object: 'Object Repository/OCS-DESKTOP/Shipping page/Change link 2' is clicked on

2019-06-07 13:24:24 - [MESSAGE][PASSED] - Object: 'Object Repository/OCS-DESKTOP/Shipping page/Change link 2' is clicked on

2019-06-07 13:24:24 - [TEST_STEP][PASSED] - executeJavaScript("var previewBar = document.getElementById("preview-bar-iframe"); previewBar.style.display = "none";", []): Execute JavaScript 'var previewBar = document.getElementById("preview-bar-iframe"); previewBar.style.display = "none";' successfully

2019-06-07 13:24:24 - [MESSAGE][PASSED] - Execute JavaScript 'var previewBar = document.getElementById("preview-bar-iframe"); previewBar.style.display = "none";' successfully

2019-06-07 13:24:24 - [TEST_STEP][PASSED] - delay(1): Delayed 1 second(s)

2019-06-07 13:24:25 - [MESSAGE][PASSED] - Delayed 1 second(s)

2019-06-07 13:24:25 - [TEST_STEP][PASSED] - click(findTestObject("OCS-DESKTOP/Customer info page/Continue to shipping method - Button"), CONTINUE_ON_FAILURE): Object: 'Object Repository/OCS-DESKTOP/Customer info page/Continue to shipping method - Button' is clicked on

2019-06-07 13:24:28 - [MESSAGE][PASSED] - Object: 'Object Repository/OCS-DESKTOP/Customer info page/Continue to shipping method - Button' is clicked on

2019-06-07 13:24:28 - [TEST_STEP][PASSED] - executeJavaScript("var previewBar = document.getElementById("preview-bar-iframe"); previewBar.style.display = "none";", []): Execute JavaScript 'var previewBar = document.getElementById("preview-bar-iframe"); previewBar.style.display = "none";' successfully

2019-06-07 13:24:28 - [MESSAGE][PASSED] - Execute JavaScript 'var previewBar = document.getElementById("preview-bar-iframe"); previewBar.style.display = "none";' successfully

2019-06-07 13:24:28 - [TEST_STEP][PASSED] - delay(1): Delayed 1 second(s)

2019-06-07 13:24:29 - [MESSAGE][PASSED] - Delayed 1 second(s)

2019-06-07 13:24:29 - [TEST_STEP][PASSED] - click(findTestObject("OCS-DESKTOP/Shipping page/Return to customer info")): Object: 'Object Repository/OCS-DESKTOP/Shipping page/Return to customer info' is clicked on

2019-06-07 13:24:31 - [MESSAGE][PASSED] - Object: 'Object Repository/OCS-DESKTOP/Shipping page/Return to customer info' is clicked on

2019-06-07 13:24:31 - [TEST_STEP][PASSED] - executeJavaScript("var previewBar = document.getElementById("preview-bar-iframe"); previewBar.style.display = "none";", []): Execute JavaScript 'var previewBar = document.getElementById("preview-bar-iframe"); previewBar.style.display = "none";' successfully

2019-06-07 13:24:31 - [MESSAGE][PASSED] - Execute JavaScript 'var previewBar = document.getElementById("preview-bar-iframe"); previewBar.style.display = "none";' successfully

2019-06-07 13:24:31 - [TEST_STEP][PASSED] - delay(1): Delayed 1 second(s)

2019-06-07 13:24:32 - [MESSAGE][PASSED] - Delayed 1 second(s)

2019-06-07 13:24:32 - [TEST_STEP][PASSED] - click(findTestObject("OCS-DESKTOP/Customer info page/Continue to shipping method - Button")): Object: 'Object Repository/OCS-DESKTOP/Customer info page/Continue to shipping method - Button' is clicked on

2019-06-07 13:24:35 - [MESSAGE][PASSED] - Object: 'Object Repository/OCS-DESKTOP/Customer info page/Continue to shipping method - Button' is clicked on

2019-06-07 13:24:35 - [TEST_STEP][PASSED] - executeJavaScript("var previewBar = document.getElementById("preview-bar-iframe"); previewBar.style.display = "none";", []): Execute JavaScript 'var previewBar = document.getElementById("preview-bar-iframe"); previewBar.style.display = "none";' successfully

2019-06-07 13:24:35 - [MESSAGE][PASSED] - Execute JavaScript 'var previewBar = document.getElementById("preview-bar-iframe"); previewBar.style.display = "none";' successfully

2019-06-07 13:24:35 - [TEST_STEP][PASSED] - click(findTestObject("OCS-DESKTOP/Customer info page/Cart - Breadcrumb link")): Object: 'Object Repository/OCS-DESKTOP/Customer info page/Cart - Breadcrumb link' is clicked on

2019-06-07 13:24:36 - [MESSAGE][PASSED] - Object: 'Object Repository/OCS-DESKTOP/Customer info page/Cart - Breadcrumb link' is clicked on

2019-06-07 13:24:36 - [TEST_STEP][PASSED] - executeJavaScript("var previewBar = document.getElementById("preview-bar-iframe"); previewBar.style.display = "none";", []): Execute JavaScript 'var previewBar = document.getElementById("preview-bar-iframe"); previewBar.style.display = "none";' successfully

2019-06-07 13:24:36 - [MESSAGE][PASSED] - Execute JavaScript 'var previewBar = document.getElementById("preview-bar-iframe"); previewBar.style.display = "none";' successfully

2019-06-07 13:24:36 - [TEST_STEP][PASSED] - click(findTestObject("OCS-DESKTOP/Cart page/cart page-Checkbox_I confirm that")): Object: 'Object Repository/OCS-DESKTOP/Cart page/cart page-Checkbox_I confirm that' is clicked on

2019-06-07 13:24:36 - [MESSAGE][PASSED] - Object: 'Object Repository/OCS-DESKTOP/Cart page/cart page-Checkbox_I confirm that' is clicked on

2019-06-07 13:24:36 - [TEST_STEP][PASSED] - delay(1): Delayed 1 second(s)

2019-06-07 13:24:37 - [MESSAGE][PASSED] - Delayed 1 second(s)

2019-06-07 13:24:37 - [TEST_STEP][PASSED] - click(findTestObject("OCS-DESKTOP/Cart page/cart page - Checkbox_Accept the Terms Condition")): Object: 'Object Repository/OCS-DESKTOP/Cart page/cart page - Checkbox_Accept the Terms Condition' is clicked on

2019-06-07 13:24:37 - [MESSAGE][PASSED] - Object: 'Object Repository/OCS-DESKTOP/Cart page/cart page - Checkbox_Accept the Terms Condition' is clicked on

2019-06-07 13:24:37 - [TEST_STEP][PASSED] - delay(1): Delayed 1 second(s)

2019-06-07 13:24:38 - [MESSAGE][PASSED] - Delayed 1 second(s)

2019-06-07 13:24:38 - [TEST_STEP][FAILED] - click(findTestObject("OCS-DESKTOP/Cart page/Cart page -checkout button")): click(findTestObject("OCS-DESKTOP/Cart page/Cart page -checkout button")) FAILED.
Reason:
com.kms.katalon.core.exception.StepFailedException: Unable to click on object 'Object Repository/OCS-DESKTOP/Cart page/Cart page -checkout button' (Root cause: com.kms.katalon.core.webui.exception.WebElementNotFoundException: Web element with id: 'Object Repository/OCS-DESKTOP/Cart page/Cart page -checkout button' located by 'By.xpath: //div[@class='row']//a[@class='btn btn--primary full-width js-checkout-button'][contains(text(),'Checkout')]' not found)
	at com.kms.katalon.core.keyword.internal.KeywordMain.stepFailed(KeywordMain.groovy:36)
	at com.kms.katalon.core.webui.keyword.internal.WebUIKeywordMain.stepFailed(WebUIKeywordMain.groovy:65)
	at com.kms.katalon.core.webui.keyword.internal.WebUIKeywordMain.runKeyword(WebUIKeywordMain.groovy:27)
	at com.kms.katalon.core.webui.keyword.builtin.ClickKeyword.click(ClickKeyword.groovy:86)
	at com.kms.katalon.core.webui.keyword.builtin.ClickKeyword.execute(ClickKeyword.groovy:67)
	at com.kms.katalon.core.keyword.internal.KeywordExecutor.executeKeywordForPlatform(KeywordExecutor.groovy:53)
	at com.kms.katalon.core.webui.keyword.WebUiBuiltInKeywords.click(WebUiBuiltInKeywords.groovy:616)
	at com.kms.katalon.core.webui.keyword.WebUiBuiltInKeywords$click$4.call(Unknown Source)
	at Checkout - Shipping.run(Checkout - Shipping:152)
	at com.kms.katalon.core.main.ScriptEngine.run(ScriptEngine.java:194)
	at com.kms.katalon.core.main.ScriptEngine.runScriptAsRawText(ScriptEngine.java:119)
	at com.kms.katalon.core.main.TestCaseExecutor.runScript(TestCaseExecutor.java:328)
	at com.kms.katalon.core.main.TestCaseExecutor.doExecute(TestCaseExecutor.java:319)
	at com.kms.katalon.core.main.TestCaseExecutor.processExecutionPhase(TestCaseExecutor.java:298)
	at com.kms.katalon.core.main.TestCaseExecutor.accessMainPhase(TestCaseExecutor.java:290)
	at com.kms.katalon.core.main.TestCaseExecutor.execute(TestCaseExecutor.java:224)
	at com.kms.katalon.core.main.TestSuiteExecutor.accessTestCaseMainPhase(TestSuiteExecutor.java:129)
	at com.kms.katalon.core.main.TestSuiteExecutor.accessTestSuiteMainPhase(TestSuiteExecutor.java:112)
	at com.kms.katalon.core.main.TestSuiteExecutor.execute(TestSuiteExecutor.java:81)
	at com.kms.katalon.core.main.TestCaseMain.startTestSuite(TestCaseMain.java:149)
	at com.kms.katalon.core.main.TestCaseMain$startTestSuite$0.call(Unknown Source)
	at TempTestSuite1559927775427.run(TempTestSuite1559927775427.groovy:36)


2019-06-07 13:25:09 - [MESSAGE][INFO] - Unable to find the element located by 'By.xpath: //div[@class='row']//a[@class='btn btn--primary full-width js-checkout-button'][contains(text(),'Checkout')]'. Please recheck the objects properties to make sure the desired element is located. 

2019-06-07 13:25:10 - [MESSAGE][FAILED] - Unable to click on object 'Object Repository/OCS-DESKTOP/Cart page/Cart page -checkout button' (Root cause: com.kms.katalon.core.webui.exception.WebElementNotFoundException: Web element with id: 'Object Repository/OCS-DESKTOP/Cart page/Cart page -checkout button' located by 'By.xpath: //div[@class='row']//a[@class='btn btn--primary full-width js-checkout-button'][contains(text(),'Checkout')]' not found)
[[ATTACHMENT|/Users/sumankompelly/Relative xpath-Desktop/Reports/OCS- 1.9.2.1/20190607_131615/1559928309712.png]]

2019-06-07 13:25:10 - [MESSAGE][FAILED] - click(findTestObject("OCS-DESKTOP/Cart page/Cart page -checkout button")) FAILED.
Reason:
com.kms.katalon.core.exception.StepFailedException: Unable to click on object 'Object Repository/OCS-DESKTOP/Cart page/Cart page -checkout button' (Root cause: com.kms.katalon.core.webui.exception.WebElementNotFoundException: Web element with id: 'Object Repository/OCS-DESKTOP/Cart page/Cart page -checkout button' located by 'By.xpath: //div[@class='row']//a[@class='btn btn--primary full-width js-checkout-button'][contains(text(),'Checkout')]' not found)
	at com.kms.katalon.core.keyword.internal.KeywordMain.stepFailed(KeywordMain.groovy:36)
	at com.kms.katalon.core.webui.keyword.internal.WebUIKeywordMain.stepFailed(WebUIKeywordMain.groovy:65)
	at com.kms.katalon.core.webui.keyword.internal.WebUIKeywordMain.runKeyword(WebUIKeywordMain.groovy:27)
	at com.kms.katalon.core.webui.keyword.builtin.ClickKeyword.click(ClickKeyword.groovy:86)
	at com.kms.katalon.core.webui.keyword.builtin.ClickKeyword.execute(ClickKeyword.groovy:67)
	at com.kms.katalon.core.keyword.internal.KeywordExecutor.executeKeywordForPlatform(KeywordExecutor.groovy:53)
	at com.kms.katalon.core.webui.keyword.WebUiBuiltInKeywords.click(WebUiBuiltInKeywords.groovy:616)
	at com.kms.katalon.core.webui.keyword.WebUiBuiltInKeywords$click$4.call(Unknown Source)
	at Checkout - Shipping.run(Checkout - Shipping:152)
	at com.kms.katalon.core.main.ScriptEngine.run(ScriptEngine.java:194)
	at com.kms.katalon.core.main.ScriptEngine.runScriptAsRawText(ScriptEngine.java:119)
	at com.kms.katalon.core.main.TestCaseExecutor.runScript(TestCaseExecutor.java:328)
	at com.kms.katalon.core.main.TestCaseExecutor.doExecute(TestCaseExecutor.java:319)
	at com.kms.katalon.core.main.TestCaseExecutor.processExecutionPhase(TestCaseExecutor.java:298)
	at com.kms.katalon.core.main.TestCaseExecutor.accessMainPhase(TestCaseExecutor.java:290)
	at com.kms.katalon.core.main.TestCaseExecutor.execute(TestCaseExecutor.java:224)
	at com.kms.katalon.core.main.TestSuiteExecutor.accessTestCaseMainPhase(TestSuiteExecutor.java:129)
	at com.kms.katalon.core.main.TestSuiteExecutor.accessTestSuiteMainPhase(TestSuiteExecutor.java:112)
	at com.kms.katalon.core.main.TestSuiteExecutor.execute(TestSuiteExecutor.java:81)
	at com.kms.katalon.core.main.TestCaseMain.startTestSuite(TestCaseMain.java:149)
	at com.kms.katalon.core.main.TestCaseMain$startTestSuite$0.call(Unknown Source)
	at TempTestSuite1559927775427.run(TempTestSuite1559927775427.groovy:36)]]></system-out>
         <system-err><![CDATA[2019-06-07 13:23:33 - [TEST_CASE][FAILED] - Test Cases/OCS - DESKTOP/OCS- CRITICAL PATH/Checkout - Shipping: Test Cases/OCS - DESKTOP/OCS- CRITICAL PATH/Checkout - Shipping FAILED.
Reason:
com.kms.katalon.core.exception.StepFailedException: Unable to click on object 'Object Repository/OCS-DESKTOP/Cart page/Cart page -checkout button' (Root cause: com.kms.katalon.core.webui.exception.WebElementNotFoundException: Web element with id: 'Object Repository/OCS-DESKTOP/Cart page/Cart page -checkout button' located by 'By.xpath: //div[@class='row']//a[@class='btn btn--primary full-width js-checkout-button'][contains(text(),'Checkout')]' not found)
	at com.kms.katalon.core.keyword.internal.KeywordMain.stepFailed(KeywordMain.groovy:36)
	at com.kms.katalon.core.webui.keyword.internal.WebUIKeywordMain.stepFailed(WebUIKeywordMain.groovy:65)
	at com.kms.katalon.core.webui.keyword.internal.WebUIKeywordMain.runKeyword(WebUIKeywordMain.groovy:27)
	at com.kms.katalon.core.webui.keyword.builtin.ClickKeyword.click(ClickKeyword.groovy:86)
	at com.kms.katalon.core.webui.keyword.builtin.ClickKeyword.execute(ClickKeyword.groovy:67)
	at com.kms.katalon.core.keyword.internal.KeywordExecutor.executeKeywordForPlatform(KeywordExecutor.groovy:53)
	at com.kms.katalon.core.webui.keyword.WebUiBuiltInKeywords.click(WebUiBuiltInKeywords.groovy:616)
	at com.kms.katalon.core.webui.keyword.WebUiBuiltInKeywords$click$4.call(Unknown Source)
	at Checkout - Shipping.run(Checkout - Shipping:152)
	at com.kms.katalon.core.main.ScriptEngine.run(ScriptEngine.java:194)
	at com.kms.katalon.core.main.ScriptEngine.runScriptAsRawText(ScriptEngine.java:119)
	at com.kms.katalon.core.main.TestCaseExecutor.runScript(TestCaseExecutor.java:328)
	at com.kms.katalon.core.main.TestCaseExecutor.doExecute(TestCaseExecutor.java:319)
	at com.kms.katalon.core.main.TestCaseExecutor.processExecutionPhase(TestCaseExecutor.java:298)
	at com.kms.katalon.core.main.TestCaseExecutor.accessMainPhase(TestCaseExecutor.java:290)
	at com.kms.katalon.core.main.TestCaseExecutor.execute(TestCaseExecutor.java:224)
	at com.kms.katalon.core.main.TestSuiteExecutor.accessTestCaseMainPhase(TestSuiteExecutor.java:129)
	at com.kms.katalon.core.main.TestSuiteExecutor.accessTestSuiteMainPhase(TestSuiteExecutor.java:112)
	at com.kms.katalon.core.main.TestSuiteExecutor.execute(TestSuiteExecutor.java:81)
	at com.kms.katalon.core.main.TestCaseMain.startTestSuite(TestCaseMain.java:149)
	at com.kms.katalon.core.main.TestCaseMain$startTestSuite$0.call(Unknown Source)
	at TempTestSuite1559927775427.run(TempTestSuite1559927775427.groovy:36)]]></system-err>
      </testcase>
      <testcase name="Test Cases/OCS - DESKTOP/OCS- CRITICAL PATH/Cart page- decrease qty" classname="Test Cases/OCS - DESKTOP/OCS- CRITICAL PATH/Cart page- decrease qty" status="PASSED">
         <system-out><![CDATA[2019-06-07 13:25:10 - [TEST_CASE][PASSED] - Test Cases/OCS - DESKTOP/OCS- CRITICAL PATH/Cart page- decrease qty: Test Cases/OCS - DESKTOP/OCS- CRITICAL PATH/Cart page- decrease qty

2019-06-07 13:25:10 - [TEST_STEP][PASSED] - callTestCase(findTestCase("OCS - DESKTOP/CALL- Age gate"), [:], STOP_ON_FAILURE): Call Test Case 'Test Cases/OCS - DESKTOP/CALL- Age gate' successfully

2019-06-07 13:25:10 - [TEST_CASE][PASSED] - Test Cases/OCS - DESKTOP/CALL- Age gate: Test Cases/OCS - DESKTOP/CALL- Age gate

2019-06-07 13:25:10 - [TEST_STEP][PASSED] - openBrowser(""): Browser is opened with url: ''

2019-06-07 13:25:10 - [MESSAGE][WARNING] - A browser is already opened. Closing browser and opening a new one

2019-06-07 13:25:10 - [MESSAGE][INFO] - Starting 'Chrome' driver

2019-06-07 13:25:11 - [MESSAGE][PASSED] - Browser is opened with url: ''

2019-06-07 13:25:11 - [TEST_STEP][PASSED] - navigateToUrl("https://ocs.ca/?fts=0&preview_theme_id=72920074060"): Navigate to 'https://ocs.ca/?fts=0&preview_theme_id=72920074060' successfully

2019-06-07 13:25:16 - [MESSAGE][PASSED] - Navigate to 'https://ocs.ca/?fts=0&preview_theme_id=72920074060' successfully

2019-06-07 13:25:16 - [TEST_STEP][PASSED] - maximizeWindow(): Current window maximized

2019-06-07 13:25:17 - [MESSAGE][PASSED] - Current window maximized

2019-06-07 13:25:17 - [TEST_STEP][PASSED] - delay(2): Delayed 2 second(s)

2019-06-07 13:25:19 - [MESSAGE][PASSED] - Delayed 2 second(s)

2019-06-07 13:25:19 - [TEST_STEP][PASSED] - executeJavaScript("var previewBar = document.getElementById("preview-bar-iframe"); previewBar.style.display = "none";", []): Execute JavaScript 'var previewBar = document.getElementById("preview-bar-iframe"); previewBar.style.display = "none";' successfully

2019-06-07 13:25:19 - [MESSAGE][PASSED] - Execute JavaScript 'var previewBar = document.getElementById("preview-bar-iframe"); previewBar.style.display = "none";' successfully

2019-06-07 13:25:19 - [TEST_STEP][PASSED] - selectOptionByValue(findTestObject("OCS-DESKTOP/Age gate and Mega menu/Date"), "12", true): All options with value '12' are selected in object 'Object Repository/OCS-DESKTOP/Age gate and Mega menu/Date'  using regular expression

2019-06-07 13:25:19 - [MESSAGE][PASSED] - All options with value '12' are selected in object 'Object Repository/OCS-DESKTOP/Age gate and Mega menu/Date'  using regular expression

2019-06-07 13:25:19 - [TEST_STEP][PASSED] - selectOptionByValue(findTestObject("OCS-DESKTOP/Age gate and Mega menu/month"), "6", true): All options with value '6' are selected in object 'Object Repository/OCS-DESKTOP/Age gate and Mega menu/month'  using regular expression

2019-06-07 13:25:19 - [MESSAGE][PASSED] - All options with value '6' are selected in object 'Object Repository/OCS-DESKTOP/Age gate and Mega menu/month'  using regular expression

2019-06-07 13:25:19 - [TEST_STEP][PASSED] - delay(2): Delayed 2 second(s)

2019-06-07 13:25:21 - [MESSAGE][PASSED] - Delayed 2 second(s)

2019-06-07 13:25:21 - [TEST_STEP][PASSED] - selectOptionByValue(findTestObject("OCS-DESKTOP/Age gate and Mega menu/Year Dropdown"), "1990", true): All options with value '1990' are selected in object 'Object Repository/OCS-DESKTOP/Age gate and Mega menu/Year Dropdown'  using regular expression

2019-06-07 13:25:22 - [MESSAGE][PASSED] - All options with value '1990' are selected in object 'Object Repository/OCS-DESKTOP/Age gate and Mega menu/Year Dropdown'  using regular expression

2019-06-07 13:25:22 - [TEST_STEP][PASSED] - click(findTestObject("OCS-DESKTOP/Age gate and Mega menu/button_Verify")): Object: 'Object Repository/OCS-DESKTOP/Age gate and Mega menu/button_Verify' is clicked on

2019-06-07 13:25:22 - [MESSAGE][PASSED] - Object: 'Object Repository/OCS-DESKTOP/Age gate and Mega menu/button_Verify' is clicked on

2019-06-07 13:25:22 - [TEST_STEP][PASSED] - click(findTestObject("OCS-DESKTOP/Age gate and Mega menu/Checkbox_CONFIRM AND ACKNOWLEDGE")): Object: 'Object Repository/OCS-DESKTOP/Age gate and Mega menu/Checkbox_CONFIRM AND ACKNOWLEDGE' is clicked on

2019-06-07 13:25:22 - [MESSAGE][PASSED] - Object: 'Object Repository/OCS-DESKTOP/Age gate and Mega menu/Checkbox_CONFIRM AND ACKNOWLEDGE' is clicked on

2019-06-07 13:25:22 - [TEST_STEP][PASSED] - click(findTestObject("OCS-DESKTOP/Age gate and Mega menu/button_CONFIRM")): Object: 'Object Repository/OCS-DESKTOP/Age gate and Mega menu/button_CONFIRM' is clicked on

2019-06-07 13:25:22 - [MESSAGE][PASSED] - Object: 'Object Repository/OCS-DESKTOP/Age gate and Mega menu/button_CONFIRM' is clicked on

2019-06-07 13:25:22 - [TEST_STEP][PASSED] - click(findTestObject("OCS-DESKTOP/Age gate and Mega menu/button_Start Browsing")): Object: 'Object Repository/OCS-DESKTOP/Age gate and Mega menu/button_Start Browsing' is clicked on

2019-06-07 13:25:22 - [MESSAGE][PASSED] - Object: 'Object Repository/OCS-DESKTOP/Age gate and Mega menu/button_Start Browsing' is clicked on

2019-06-07 13:25:22 - [TEST_STEP][PASSED] - delay(2): Delayed 2 second(s)

2019-06-07 13:25:24 - [MESSAGE][PASSED] - Delayed 2 second(s)

2019-06-07 13:25:24 - [TEST_STEP][PASSED] - refresh(): Refresh successfully

2019-06-07 13:25:24 - [MESSAGE][PASSED] - Refresh successfully

2019-06-07 13:25:24 - [MESSAGE][PASSED] - Call Test Case 'Test Cases/OCS - DESKTOP/CALL- Age gate' successfully

2019-06-07 13:25:24 - [TEST_STEP][PASSED] - delay(2): Delayed 2 second(s)

2019-06-07 13:25:27 - [MESSAGE][PASSED] - Delayed 2 second(s)

2019-06-07 13:25:27 - [TEST_STEP][PASSED] - click(findTestObject("OCS-DESKTOP/Age gate and Mega menu/Header/CANNABIS menu - English")): Object: 'Object Repository/OCS-DESKTOP/Age gate and Mega menu/Header/CANNABIS menu - English' is clicked on

2019-06-07 13:25:28 - [MESSAGE][PASSED] - Object: 'Object Repository/OCS-DESKTOP/Age gate and Mega menu/Header/CANNABIS menu - English' is clicked on

2019-06-07 13:25:28 - [TEST_STEP][PASSED] - delay(2): Delayed 2 second(s)

2019-06-07 13:25:30 - [MESSAGE][PASSED] - Delayed 2 second(s)

2019-06-07 13:25:30 - [TEST_STEP][PASSED] - click(findTestObject("OCS-DESKTOP/Age gate and Mega menu/Indica Dominant_Menu item")): Object: 'Object Repository/OCS-DESKTOP/Age gate and Mega menu/Indica Dominant_Menu item' is clicked on

2019-06-07 13:25:32 - [MESSAGE][PASSED] - Object: 'Object Repository/OCS-DESKTOP/Age gate and Mega menu/Indica Dominant_Menu item' is clicked on

2019-06-07 13:25:32 - [TEST_STEP][PASSED] - executeJavaScript("var previewBar = document.getElementById("preview-bar-iframe"); previewBar.style.display = "none";", []): Execute JavaScript 'var previewBar = document.getElementById("preview-bar-iframe"); previewBar.style.display = "none";' successfully

2019-06-07 13:25:32 - [MESSAGE][PASSED] - Execute JavaScript 'var previewBar = document.getElementById("preview-bar-iframe"); previewBar.style.display = "none";' successfully

2019-06-07 13:25:32 - [TEST_STEP][PASSED] - delay(2): Delayed 2 second(s)

2019-06-07 13:25:34 - [MESSAGE][PASSED] - Delayed 2 second(s)

2019-06-07 13:25:34 - [TEST_STEP][NOT_RUN] - click(findTestObject("OCS-DESKTOP/Age gate and Mega menu/Dried Flower_Plus icon")): NOT_RUN: click(findTestObject("OCS-DESKTOP/Age gate and Mega menu/Dried Flower_Plus icon"))

2019-06-07 13:25:34 - [MESSAGE][NOT_RUN] - NOT_RUN: click(findTestObject("OCS-DESKTOP/Age gate and Mega menu/Dried Flower_Plus icon"))

2019-06-07 13:25:34 - [TEST_STEP][PASSED] - delay(2): Delayed 2 second(s)

2019-06-07 13:25:36 - [MESSAGE][PASSED] - Delayed 2 second(s)

2019-06-07 13:25:36 - [TEST_STEP][NOT_RUN] - click(findTestObject("OCS-DESKTOP/Age gate and Mega menu/Indica Dominant_Menu item")): NOT_RUN: click(findTestObject("OCS-DESKTOP/Age gate and Mega menu/Indica Dominant_Menu item"))

2019-06-07 13:25:36 - [MESSAGE][NOT_RUN] - NOT_RUN: click(findTestObject("OCS-DESKTOP/Age gate and Mega menu/Indica Dominant_Menu item"))

2019-06-07 13:25:36 - [TEST_STEP][PASSED] - delay(2): Delayed 2 second(s)

2019-06-07 13:25:38 - [MESSAGE][PASSED] - Delayed 2 second(s)

2019-06-07 13:25:38 - [TEST_STEP][PASSED] - click(findTestObject("OCS-DESKTOP/Collection page/Product image - 1st one")): Object: 'Object Repository/OCS-DESKTOP/Collection page/Product image - 1st one' is clicked on

2019-06-07 13:25:42 - [MESSAGE][PASSED] - Object: 'Object Repository/OCS-DESKTOP/Collection page/Product image - 1st one' is clicked on

2019-06-07 13:25:42 - [TEST_STEP][PASSED] - executeJavaScript("var previewBar = document.getElementById("preview-bar-iframe"); previewBar.style.display = "none";", []): Execute JavaScript 'var previewBar = document.getElementById("preview-bar-iframe"); previewBar.style.display = "none";' successfully

2019-06-07 13:25:42 - [MESSAGE][PASSED] - Execute JavaScript 'var previewBar = document.getElementById("preview-bar-iframe"); previewBar.style.display = "none";' successfully

2019-06-07 13:25:42 - [TEST_STEP][NOT_RUN] - scrollToElement(findTestObject("OCS-DESKTOP/Product page/Product image"), 1): NOT_RUN: scrollToElement(findTestObject("OCS-DESKTOP/Product page/Product image"), 1)

2019-06-07 13:25:42 - [MESSAGE][NOT_RUN] - NOT_RUN: scrollToElement(findTestObject("OCS-DESKTOP/Product page/Product image"), 1)

2019-06-07 13:25:42 - [TEST_STEP][PASSED] - delay(2): Delayed 2 second(s)

2019-06-07 13:25:44 - [MESSAGE][PASSED] - Delayed 2 second(s)

2019-06-07 13:25:44 - [TEST_STEP][PASSED] - click(findTestObject("OCS-DESKTOP/Product page/Swatch_1g")): Object: 'Object Repository/OCS-DESKTOP/Product page/Swatch_1g' is clicked on

2019-06-07 13:25:44 - [MESSAGE][PASSED] - Object: 'Object Repository/OCS-DESKTOP/Product page/Swatch_1g' is clicked on

2019-06-07 13:25:44 - [TEST_STEP][NOT_RUN] - scrollToElement(findTestObject("OCS-DESKTOP/Product page/Swatch_3.5g"), 1): NOT_RUN: scrollToElement(findTestObject("OCS-DESKTOP/Product page/Swatch_3.5g"), 1)

2019-06-07 13:25:44 - [MESSAGE][NOT_RUN] - NOT_RUN: scrollToElement(findTestObject("OCS-DESKTOP/Product page/Swatch_3.5g"), 1)

2019-06-07 13:25:44 - [TEST_STEP][PASSED] - delay(2): Delayed 2 second(s)

2019-06-07 13:25:46 - [MESSAGE][PASSED] - Delayed 2 second(s)

2019-06-07 13:25:46 - [TEST_STEP][PASSED] - click(findTestObject("OCS-DESKTOP/Product page/Quantity Increase - Button")): Object: 'Object Repository/OCS-DESKTOP/Product page/Quantity Increase - Button' is clicked on

2019-06-07 13:25:46 - [MESSAGE][PASSED] - Object: 'Object Repository/OCS-DESKTOP/Product page/Quantity Increase - Button' is clicked on

2019-06-07 13:25:46 - [TEST_STEP][PASSED] - delay(1): Delayed 1 second(s)

2019-06-07 13:25:47 - [MESSAGE][PASSED] - Delayed 1 second(s)

2019-06-07 13:25:47 - [TEST_STEP][PASSED] - click(findTestObject("OCS-DESKTOP/Product page/Quantity Increase - Button")): Object: 'Object Repository/OCS-DESKTOP/Product page/Quantity Increase - Button' is clicked on

2019-06-07 13:25:47 - [MESSAGE][PASSED] - Object: 'Object Repository/OCS-DESKTOP/Product page/Quantity Increase - Button' is clicked on

2019-06-07 13:25:47 - [TEST_STEP][PASSED] - delay(1): Delayed 1 second(s)

2019-06-07 13:25:48 - [MESSAGE][PASSED] - Delayed 1 second(s)

2019-06-07 13:25:48 - [TEST_STEP][PASSED] - click(findTestObject("OCS-DESKTOP/Product page/Quantity Increase - Button")): Object: 'Object Repository/OCS-DESKTOP/Product page/Quantity Increase - Button' is clicked on

2019-06-07 13:25:48 - [MESSAGE][PASSED] - Object: 'Object Repository/OCS-DESKTOP/Product page/Quantity Increase - Button' is clicked on

2019-06-07 13:25:48 - [TEST_STEP][PASSED] - delay(1): Delayed 1 second(s)

2019-06-07 13:25:49 - [MESSAGE][PASSED] - Delayed 1 second(s)

2019-06-07 13:25:49 - [TEST_STEP][PASSED] - click(findTestObject("OCS-DESKTOP/Product page/Quantity Increase - Button")): Object: 'Object Repository/OCS-DESKTOP/Product page/Quantity Increase - Button' is clicked on

2019-06-07 13:25:49 - [MESSAGE][PASSED] - Object: 'Object Repository/OCS-DESKTOP/Product page/Quantity Increase - Button' is clicked on

2019-06-07 13:25:49 - [TEST_STEP][PASSED] - delay(1): Delayed 1 second(s)

2019-06-07 13:25:50 - [MESSAGE][PASSED] - Delayed 1 second(s)

2019-06-07 13:25:50 - [TEST_STEP][PASSED] - click(findTestObject("OCS-DESKTOP/Product page/Quantity Increase - Button")): Object: 'Object Repository/OCS-DESKTOP/Product page/Quantity Increase - Button' is clicked on

2019-06-07 13:25:50 - [MESSAGE][PASSED] - Object: 'Object Repository/OCS-DESKTOP/Product page/Quantity Increase - Button' is clicked on

2019-06-07 13:25:50 - [TEST_STEP][PASSED] - delay(2): Delayed 2 second(s)

2019-06-07 13:25:52 - [MESSAGE][PASSED] - Delayed 2 second(s)

2019-06-07 13:25:52 - [TEST_STEP][PASSED] - click(findTestObject("OCS-DESKTOP/Product page/Add to Bag-button")): Object: 'Object Repository/OCS-DESKTOP/Product page/Add to Bag-button' is clicked on

2019-06-07 13:25:52 - [MESSAGE][PASSED] - Object: 'Object Repository/OCS-DESKTOP/Product page/Add to Bag-button' is clicked on

2019-06-07 13:25:52 - [TEST_STEP][PASSED] - delay(1): Delayed 1 second(s)

2019-06-07 13:25:53 - [MESSAGE][PASSED] - Delayed 1 second(s)

2019-06-07 13:25:53 - [TEST_STEP][NOT_RUN] - click(findTestObject("OCS-DESKTOP/Home - page/Cart icon -bag")): NOT_RUN: click(findTestObject("OCS-DESKTOP/Home - page/Cart icon -bag"))

2019-06-07 13:25:53 - [MESSAGE][NOT_RUN] - NOT_RUN: click(findTestObject("OCS-DESKTOP/Home - page/Cart icon -bag"))

2019-06-07 13:25:53 - [TEST_STEP][PASSED] - delay(2): Delayed 2 second(s)

2019-06-07 13:25:55 - [MESSAGE][PASSED] - Delayed 2 second(s)

2019-06-07 13:25:55 - [TEST_STEP][PASSED] - click(findTestObject("OCS-DESKTOP/Cart flyout/Checkbox_I confirm that")): Object: 'Object Repository/OCS-DESKTOP/Cart flyout/Checkbox_I confirm that' is clicked on

2019-06-07 13:25:55 - [MESSAGE][PASSED] - Object: 'Object Repository/OCS-DESKTOP/Cart flyout/Checkbox_I confirm that' is clicked on

2019-06-07 13:25:55 - [TEST_STEP][PASSED] - delay(2): Delayed 2 second(s)

2019-06-07 13:25:57 - [MESSAGE][PASSED] - Delayed 2 second(s)

2019-06-07 13:25:57 - [TEST_STEP][PASSED] - click(findTestObject("OCS-DESKTOP/Cart flyout/Checkbox_Accept the Terms Condition")): Object: 'Object Repository/OCS-DESKTOP/Cart flyout/Checkbox_Accept the Terms Condition' is clicked on

2019-06-07 13:25:57 - [MESSAGE][PASSED] - Object: 'Object Repository/OCS-DESKTOP/Cart flyout/Checkbox_Accept the Terms Condition' is clicked on

2019-06-07 13:25:57 - [TEST_STEP][PASSED] - delay(1): Delayed 1 second(s)

2019-06-07 13:25:58 - [MESSAGE][PASSED] - Delayed 1 second(s)

2019-06-07 13:25:58 - [TEST_STEP][PASSED] - click(findTestObject("OCS-DESKTOP/Cart flyout/Checkout - Button")): Object: 'Object Repository/OCS-DESKTOP/Cart flyout/Checkout - Button' is clicked on

2019-06-07 13:26:00 - [MESSAGE][PASSED] - Object: 'Object Repository/OCS-DESKTOP/Cart flyout/Checkout - Button' is clicked on

2019-06-07 13:26:00 - [TEST_STEP][PASSED] - executeJavaScript("var previewBar = document.getElementById("preview-bar-iframe"); previewBar.style.display = "none";", []): Execute JavaScript 'var previewBar = document.getElementById("preview-bar-iframe"); previewBar.style.display = "none";' successfully

2019-06-07 13:26:00 - [MESSAGE][PASSED] - Execute JavaScript 'var previewBar = document.getElementById("preview-bar-iframe"); previewBar.style.display = "none";' successfully

2019-06-07 13:26:00 - [TEST_STEP][PASSED] - delay(2): Delayed 2 second(s)

2019-06-07 13:26:02 - [MESSAGE][PASSED] - Delayed 2 second(s)

2019-06-07 13:26:02 - [TEST_STEP][NOT_RUN] - scrollToElement(findTestObject("OCS-DESKTOP/Customer info page/Return to Cart - Link"), 1): NOT_RUN: scrollToElement(findTestObject("OCS-DESKTOP/Customer info page/Return to Cart - Link"), 1)

2019-06-07 13:26:02 - [MESSAGE][NOT_RUN] - NOT_RUN: scrollToElement(findTestObject("OCS-DESKTOP/Customer info page/Return to Cart - Link"), 1)

2019-06-07 13:26:02 - [TEST_STEP][PASSED] - delay(1): Delayed 1 second(s)

2019-06-07 13:26:03 - [MESSAGE][PASSED] - Delayed 1 second(s)

2019-06-07 13:26:03 - [TEST_STEP][PASSED] - delay(2): Delayed 2 second(s)

2019-06-07 13:26:05 - [MESSAGE][PASSED] - Delayed 2 second(s)

2019-06-07 13:26:05 - [TEST_STEP][PASSED] - click(findTestObject("OCS-DESKTOP/Customer info page/Return to Cart - Link")): Object: 'Object Repository/OCS-DESKTOP/Customer info page/Return to Cart - Link' is clicked on

2019-06-07 13:26:06 - [MESSAGE][PASSED] - Object: 'Object Repository/OCS-DESKTOP/Customer info page/Return to Cart - Link' is clicked on

2019-06-07 13:26:06 - [TEST_STEP][PASSED] - delay(1): Delayed 1 second(s)

2019-06-07 13:26:07 - [MESSAGE][PASSED] - Delayed 1 second(s)

2019-06-07 13:26:07 - [TEST_STEP][PASSED] - delay(1): Delayed 1 second(s)

2019-06-07 13:26:08 - [MESSAGE][PASSED] - Delayed 1 second(s)

2019-06-07 13:26:08 - [TEST_STEP][PASSED] - a = getText(findTestObject("OCS-DESKTOP/Cart page/Unit price - product - price in cart page")): Text of object 'Object Repository/OCS-DESKTOP/Cart page/Unit price - product - price in cart page' is: '$61.50'

2019-06-07 13:26:08 - [MESSAGE][PASSED] - Text of object 'Object Repository/OCS-DESKTOP/Cart page/Unit price - product - price in cart page' is: '$61.50'

2019-06-07 13:26:08 - [TEST_STEP][PASSED] - comment(a): $61.50

2019-06-07 13:26:08 - [MESSAGE][INFO] - $61.50

2019-06-07 13:26:08 - [TEST_STEP][PASSED] - click(findTestObject("OCS-DESKTOP/Cart page/Quantity Input field")): Object: 'Object Repository/OCS-DESKTOP/Cart page/Quantity Input field' is clicked on

2019-06-07 13:26:08 - [MESSAGE][PASSED] - Object: 'Object Repository/OCS-DESKTOP/Cart page/Quantity Input field' is clicked on

2019-06-07 13:26:08 - [TEST_STEP][PASSED] - sendKeys(findTestObject("OCS-DESKTOP/Cart page/Quantity Input field"), Keys.chord(CLEAR)): Keys 'CLEAR + ' sent to object: 'Object Repository/OCS-DESKTOP/Cart page/Quantity Input field'

2019-06-07 13:26:08 - [MESSAGE][PASSED] - Keys 'CLEAR + ' sent to object: 'Object Repository/OCS-DESKTOP/Cart page/Quantity Input field'

2019-06-07 13:26:08 - [TEST_STEP][PASSED] - setText(findTestObject("OCS-DESKTOP/Cart page/Quantity Input field"), "10"): Text '10' is set on object 'Object Repository/OCS-DESKTOP/Cart page/Quantity Input field'

2019-06-07 13:26:09 - [MESSAGE][PASSED] - Text '10' is set on object 'Object Repository/OCS-DESKTOP/Cart page/Quantity Input field'

2019-06-07 13:26:09 - [TEST_STEP][PASSED] - delay(2): Delayed 2 second(s)

2019-06-07 13:26:11 - [MESSAGE][PASSED] - Delayed 2 second(s)

2019-06-07 13:26:11 - [TEST_STEP][PASSED] - sendKeys(findTestObject("OCS-DESKTOP/Cart page/Quantity Input field"), Keys.chord(CLEAR)): Keys 'CLEAR + ' sent to object: 'Object Repository/OCS-DESKTOP/Cart page/Quantity Input field'

2019-06-07 13:26:11 - [MESSAGE][PASSED] - Keys 'CLEAR + ' sent to object: 'Object Repository/OCS-DESKTOP/Cart page/Quantity Input field'

2019-06-07 13:26:11 - [TEST_STEP][NOT_RUN] - click(findTestObject("OCS-DESKTOP/Cart page/enter quantity")): NOT_RUN: click(findTestObject("OCS-DESKTOP/Cart page/enter quantity"))

2019-06-07 13:26:11 - [MESSAGE][NOT_RUN] - NOT_RUN: click(findTestObject("OCS-DESKTOP/Cart page/enter quantity"))

2019-06-07 13:26:11 - [TEST_STEP][PASSED] - delay(2): Delayed 2 second(s)

2019-06-07 13:26:13 - [MESSAGE][PASSED] - Delayed 2 second(s)

2019-06-07 13:26:13 - [TEST_STEP][PASSED] - setText(findTestObject("OCS-DESKTOP/Cart page/Quantity Input field"), "7"): Text '7' is set on object 'Object Repository/OCS-DESKTOP/Cart page/Quantity Input field'

2019-06-07 13:26:13 - [MESSAGE][PASSED] - Text '7' is set on object 'Object Repository/OCS-DESKTOP/Cart page/Quantity Input field'

2019-06-07 13:26:13 - [TEST_STEP][PASSED] - delay(2): Delayed 2 second(s)

2019-06-07 13:26:15 - [MESSAGE][PASSED] - Delayed 2 second(s)

2019-06-07 13:26:15 - [TEST_STEP][NOT_RUN] - click(findTestObject("OCS-DESKTOP/Cart page/Unit price - product")): NOT_RUN: click(findTestObject("OCS-DESKTOP/Cart page/Unit price - product"))

2019-06-07 13:26:15 - [MESSAGE][NOT_RUN] - NOT_RUN: click(findTestObject("OCS-DESKTOP/Cart page/Unit price - product"))

2019-06-07 13:26:15 - [TEST_STEP][PASSED] - delay(2): Delayed 2 second(s)

2019-06-07 13:26:17 - [MESSAGE][PASSED] - Delayed 2 second(s)

2019-06-07 13:26:17 - [TEST_STEP][PASSED] - click(findTestObject("OCS-DESKTOP/Cart page/Qty Decrease icon")): Object: 'Object Repository/OCS-DESKTOP/Cart page/Qty Decrease icon' is clicked on

2019-06-07 13:26:17 - [MESSAGE][PASSED] - Object: 'Object Repository/OCS-DESKTOP/Cart page/Qty Decrease icon' is clicked on

2019-06-07 13:26:17 - [TEST_STEP][PASSED] - delay(2): Delayed 2 second(s)

2019-06-07 13:26:19 - [MESSAGE][PASSED] - Delayed 2 second(s)

2019-06-07 13:26:19 - [TEST_STEP][PASSED] - click(findTestObject("OCS-DESKTOP/Cart page/Qty Decrease icon")): Object: 'Object Repository/OCS-DESKTOP/Cart page/Qty Decrease icon' is clicked on

2019-06-07 13:26:19 - [MESSAGE][PASSED] - Object: 'Object Repository/OCS-DESKTOP/Cart page/Qty Decrease icon' is clicked on

2019-06-07 13:26:19 - [TEST_STEP][PASSED] - delay(2): Delayed 2 second(s)

2019-06-07 13:26:21 - [MESSAGE][PASSED] - Delayed 2 second(s)

2019-06-07 13:26:21 - [TEST_STEP][PASSED] - click(findTestObject("OCS-DESKTOP/Cart page/Qty Decrease icon")): Object: 'Object Repository/OCS-DESKTOP/Cart page/Qty Decrease icon' is clicked on

2019-06-07 13:26:21 - [MESSAGE][PASSED] - Object: 'Object Repository/OCS-DESKTOP/Cart page/Qty Decrease icon' is clicked on

2019-06-07 13:26:21 - [TEST_STEP][PASSED] - delay(2): Delayed 2 second(s)

2019-06-07 13:26:23 - [MESSAGE][PASSED] - Delayed 2 second(s)

2019-06-07 13:26:23 - [TEST_STEP][PASSED] - b = getText(findTestObject("OCS-DESKTOP/Cart page/Unit price - product - price in cart page")): Text of object 'Object Repository/OCS-DESKTOP/Cart page/Unit price - product - price in cart page' is: '$41.00'

2019-06-07 13:26:23 - [MESSAGE][PASSED] - Text of object 'Object Repository/OCS-DESKTOP/Cart page/Unit price - product - price in cart page' is: '$41.00'

2019-06-07 13:26:23 - [TEST_STEP][PASSED] - comment(b): $41.00

2019-06-07 13:26:23 - [MESSAGE][INFO] - $41.00

2019-06-07 13:26:23 - [TEST_STEP][PASSED] - verifyNotEqual("a", "b"): Actual object 'a' and expected object 'b' are not equal

2019-06-07 13:26:23 - [MESSAGE][PASSED] - Actual object 'a' and expected object 'b' are not equal

2019-06-07 13:26:23 - [TEST_STEP][PASSED] - comment(" price changed . Quantity selector is working"):  price changed . Quantity selector is working

2019-06-07 13:26:23 - [MESSAGE][INFO] -  price changed . Quantity selector is working]]></system-out>
         <system-err><![CDATA[]]></system-err>
      </testcase>
      <testcase name="Test Cases/OCS - DESKTOP/OCS- CRITICAL PATH/cart page-increase qty" classname="Test Cases/OCS - DESKTOP/OCS- CRITICAL PATH/cart page-increase qty" status="PASSED">
         <system-out><![CDATA[2019-06-07 13:26:23 - [TEST_CASE][PASSED] - Test Cases/OCS - DESKTOP/OCS- CRITICAL PATH/cart page-increase qty: Test Cases/OCS - DESKTOP/OCS- CRITICAL PATH/cart page-increase qty

2019-06-07 13:26:23 - [TEST_STEP][PASSED] - callTestCase(findTestCase("OCS - DESKTOP/CALL- Age gate"), [:], STOP_ON_FAILURE): Call Test Case 'Test Cases/OCS - DESKTOP/CALL- Age gate' successfully

2019-06-07 13:26:23 - [TEST_CASE][PASSED] - Test Cases/OCS - DESKTOP/CALL- Age gate: Test Cases/OCS - DESKTOP/CALL- Age gate

2019-06-07 13:26:23 - [TEST_STEP][PASSED] - openBrowser(""): Browser is opened with url: ''

2019-06-07 13:26:23 - [MESSAGE][WARNING] - A browser is already opened. Closing browser and opening a new one

2019-06-07 13:26:23 - [MESSAGE][INFO] - Starting 'Chrome' driver

2019-06-07 13:26:24 - [MESSAGE][PASSED] - Browser is opened with url: ''

2019-06-07 13:26:24 - [TEST_STEP][PASSED] - navigateToUrl("https://ocs.ca/?fts=0&preview_theme_id=72920074060"): Navigate to 'https://ocs.ca/?fts=0&preview_theme_id=72920074060' successfully

2019-06-07 13:26:28 - [MESSAGE][PASSED] - Navigate to 'https://ocs.ca/?fts=0&preview_theme_id=72920074060' successfully

2019-06-07 13:26:28 - [TEST_STEP][PASSED] - maximizeWindow(): Current window maximized

2019-06-07 13:26:29 - [MESSAGE][PASSED] - Current window maximized

2019-06-07 13:26:29 - [TEST_STEP][PASSED] - delay(2): Delayed 2 second(s)

2019-06-07 13:26:31 - [MESSAGE][PASSED] - Delayed 2 second(s)

2019-06-07 13:26:31 - [TEST_STEP][PASSED] - executeJavaScript("var previewBar = document.getElementById("preview-bar-iframe"); previewBar.style.display = "none";", []): Execute JavaScript 'var previewBar = document.getElementById("preview-bar-iframe"); previewBar.style.display = "none";' successfully

2019-06-07 13:26:31 - [MESSAGE][PASSED] - Execute JavaScript 'var previewBar = document.getElementById("preview-bar-iframe"); previewBar.style.display = "none";' successfully

2019-06-07 13:26:31 - [TEST_STEP][PASSED] - selectOptionByValue(findTestObject("OCS-DESKTOP/Age gate and Mega menu/Date"), "12", true): All options with value '12' are selected in object 'Object Repository/OCS-DESKTOP/Age gate and Mega menu/Date'  using regular expression

2019-06-07 13:26:31 - [MESSAGE][PASSED] - All options with value '12' are selected in object 'Object Repository/OCS-DESKTOP/Age gate and Mega menu/Date'  using regular expression

2019-06-07 13:26:31 - [TEST_STEP][PASSED] - selectOptionByValue(findTestObject("OCS-DESKTOP/Age gate and Mega menu/month"), "6", true): All options with value '6' are selected in object 'Object Repository/OCS-DESKTOP/Age gate and Mega menu/month'  using regular expression

2019-06-07 13:26:31 - [MESSAGE][PASSED] - All options with value '6' are selected in object 'Object Repository/OCS-DESKTOP/Age gate and Mega menu/month'  using regular expression

2019-06-07 13:26:31 - [TEST_STEP][PASSED] - delay(2): Delayed 2 second(s)

2019-06-07 13:26:33 - [MESSAGE][PASSED] - Delayed 2 second(s)

2019-06-07 13:26:33 - [TEST_STEP][PASSED] - selectOptionByValue(findTestObject("OCS-DESKTOP/Age gate and Mega menu/Year Dropdown"), "1990", true): All options with value '1990' are selected in object 'Object Repository/OCS-DESKTOP/Age gate and Mega menu/Year Dropdown'  using regular expression

2019-06-07 13:26:34 - [MESSAGE][PASSED] - All options with value '1990' are selected in object 'Object Repository/OCS-DESKTOP/Age gate and Mega menu/Year Dropdown'  using regular expression

2019-06-07 13:26:34 - [TEST_STEP][PASSED] - click(findTestObject("OCS-DESKTOP/Age gate and Mega menu/button_Verify")): Object: 'Object Repository/OCS-DESKTOP/Age gate and Mega menu/button_Verify' is clicked on

2019-06-07 13:26:34 - [MESSAGE][PASSED] - Object: 'Object Repository/OCS-DESKTOP/Age gate and Mega menu/button_Verify' is clicked on

2019-06-07 13:26:34 - [TEST_STEP][PASSED] - click(findTestObject("OCS-DESKTOP/Age gate and Mega menu/Checkbox_CONFIRM AND ACKNOWLEDGE")): Object: 'Object Repository/OCS-DESKTOP/Age gate and Mega menu/Checkbox_CONFIRM AND ACKNOWLEDGE' is clicked on

2019-06-07 13:26:34 - [MESSAGE][PASSED] - Object: 'Object Repository/OCS-DESKTOP/Age gate and Mega menu/Checkbox_CONFIRM AND ACKNOWLEDGE' is clicked on

2019-06-07 13:26:34 - [TEST_STEP][PASSED] - click(findTestObject("OCS-DESKTOP/Age gate and Mega menu/button_CONFIRM")): Object: 'Object Repository/OCS-DESKTOP/Age gate and Mega menu/button_CONFIRM' is clicked on

2019-06-07 13:26:34 - [MESSAGE][PASSED] - Object: 'Object Repository/OCS-DESKTOP/Age gate and Mega menu/button_CONFIRM' is clicked on

2019-06-07 13:26:34 - [TEST_STEP][PASSED] - click(findTestObject("OCS-DESKTOP/Age gate and Mega menu/button_Start Browsing")): Object: 'Object Repository/OCS-DESKTOP/Age gate and Mega menu/button_Start Browsing' is clicked on

2019-06-07 13:26:35 - [MESSAGE][PASSED] - Object: 'Object Repository/OCS-DESKTOP/Age gate and Mega menu/button_Start Browsing' is clicked on

2019-06-07 13:26:35 - [TEST_STEP][PASSED] - delay(2): Delayed 2 second(s)

2019-06-07 13:26:37 - [MESSAGE][PASSED] - Delayed 2 second(s)

2019-06-07 13:26:37 - [TEST_STEP][PASSED] - refresh(): Refresh successfully

2019-06-07 13:26:37 - [MESSAGE][PASSED] - Refresh successfully

2019-06-07 13:26:37 - [MESSAGE][PASSED] - Call Test Case 'Test Cases/OCS - DESKTOP/CALL- Age gate' successfully

2019-06-07 13:26:37 - [TEST_STEP][PASSED] - delay(2): Delayed 2 second(s)

2019-06-07 13:26:39 - [MESSAGE][PASSED] - Delayed 2 second(s)

2019-06-07 13:26:39 - [TEST_STEP][PASSED] - click(findTestObject("OCS-DESKTOP/Age gate and Mega menu/Header/CANNABIS menu - English")): Object: 'Object Repository/OCS-DESKTOP/Age gate and Mega menu/Header/CANNABIS menu - English' is clicked on

2019-06-07 13:26:40 - [MESSAGE][PASSED] - Object: 'Object Repository/OCS-DESKTOP/Age gate and Mega menu/Header/CANNABIS menu - English' is clicked on

2019-06-07 13:26:40 - [TEST_STEP][PASSED] - delay(2): Delayed 2 second(s)

2019-06-07 13:26:42 - [MESSAGE][PASSED] - Delayed 2 second(s)

2019-06-07 13:26:42 - [TEST_STEP][PASSED] - executeJavaScript("var previewBar = document.getElementById("preview-bar-iframe"); previewBar.style.display = "none";", []): Execute JavaScript 'var previewBar = document.getElementById("preview-bar-iframe"); previewBar.style.display = "none";' successfully

2019-06-07 13:26:42 - [MESSAGE][PASSED] - Execute JavaScript 'var previewBar = document.getElementById("preview-bar-iframe"); previewBar.style.display = "none";' successfully

2019-06-07 13:26:42 - [TEST_STEP][PASSED] - click(findTestObject("OCS-DESKTOP/Age gate and Mega menu/Indica Dominant_Menu item")): Object: 'Object Repository/OCS-DESKTOP/Age gate and Mega menu/Indica Dominant_Menu item' is clicked on

2019-06-07 13:26:44 - [MESSAGE][PASSED] - Object: 'Object Repository/OCS-DESKTOP/Age gate and Mega menu/Indica Dominant_Menu item' is clicked on

2019-06-07 13:26:44 - [TEST_STEP][PASSED] - delay(2): Delayed 2 second(s)

2019-06-07 13:26:46 - [MESSAGE][PASSED] - Delayed 2 second(s)

2019-06-07 13:26:46 - [TEST_STEP][PASSED] - executeJavaScript("var previewBar = document.getElementById("preview-bar-iframe"); previewBar.style.display = "none";", []): Execute JavaScript 'var previewBar = document.getElementById("preview-bar-iframe"); previewBar.style.display = "none";' successfully

2019-06-07 13:26:46 - [MESSAGE][PASSED] - Execute JavaScript 'var previewBar = document.getElementById("preview-bar-iframe"); previewBar.style.display = "none";' successfully

2019-06-07 13:26:46 - [TEST_STEP][PASSED] - click(findTestObject("OCS-DESKTOP/Collection page/Product image - 1st one")): Object: 'Object Repository/OCS-DESKTOP/Collection page/Product image - 1st one' is clicked on

2019-06-07 13:26:50 - [MESSAGE][PASSED] - Object: 'Object Repository/OCS-DESKTOP/Collection page/Product image - 1st one' is clicked on

2019-06-07 13:26:50 - [TEST_STEP][PASSED] - executeJavaScript("var previewBar = document.getElementById("preview-bar-iframe"); previewBar.style.display = "none";", []): Execute JavaScript 'var previewBar = document.getElementById("preview-bar-iframe"); previewBar.style.display = "none";' successfully

2019-06-07 13:26:50 - [MESSAGE][PASSED] - Execute JavaScript 'var previewBar = document.getElementById("preview-bar-iframe"); previewBar.style.display = "none";' successfully

2019-06-07 13:26:50 - [TEST_STEP][NOT_RUN] - scrollToElement(findTestObject("OCS-DESKTOP/Product page/Product image"), 1): NOT_RUN: scrollToElement(findTestObject("OCS-DESKTOP/Product page/Product image"), 1)

2019-06-07 13:26:50 - [MESSAGE][NOT_RUN] - NOT_RUN: scrollToElement(findTestObject("OCS-DESKTOP/Product page/Product image"), 1)

2019-06-07 13:26:50 - [TEST_STEP][PASSED] - delay(2): Delayed 2 second(s)

2019-06-07 13:26:52 - [MESSAGE][PASSED] - Delayed 2 second(s)

2019-06-07 13:26:52 - [TEST_STEP][PASSED] - click(findTestObject("OCS-DESKTOP/Product page/Swatch_1g")): Object: 'Object Repository/OCS-DESKTOP/Product page/Swatch_1g' is clicked on

2019-06-07 13:26:52 - [MESSAGE][PASSED] - Object: 'Object Repository/OCS-DESKTOP/Product page/Swatch_1g' is clicked on

2019-06-07 13:26:52 - [TEST_STEP][PASSED] - delay(2): Delayed 2 second(s)

2019-06-07 13:26:54 - [MESSAGE][PASSED] - Delayed 2 second(s)

2019-06-07 13:26:54 - [TEST_STEP][PASSED] - click(findTestObject("OCS-DESKTOP/Product page/Add to Bag-button")): Object: 'Object Repository/OCS-DESKTOP/Product page/Add to Bag-button' is clicked on

2019-06-07 13:26:54 - [MESSAGE][PASSED] - Object: 'Object Repository/OCS-DESKTOP/Product page/Add to Bag-button' is clicked on

2019-06-07 13:26:54 - [TEST_STEP][PASSED] - delay(1): Delayed 1 second(s)

2019-06-07 13:26:55 - [MESSAGE][PASSED] - Delayed 1 second(s)

2019-06-07 13:26:55 - [TEST_STEP][NOT_RUN] - click(findTestObject("OCS-DESKTOP/Home - page/Cart icon -bag")): NOT_RUN: click(findTestObject("OCS-DESKTOP/Home - page/Cart icon -bag"))

2019-06-07 13:26:55 - [MESSAGE][NOT_RUN] - NOT_RUN: click(findTestObject("OCS-DESKTOP/Home - page/Cart icon -bag"))

2019-06-07 13:26:55 - [TEST_STEP][PASSED] - delay(1): Delayed 1 second(s)

2019-06-07 13:26:56 - [MESSAGE][PASSED] - Delayed 1 second(s)

2019-06-07 13:26:56 - [TEST_STEP][PASSED] - click(findTestObject("OCS-DESKTOP/Cart flyout/Checkbox_I confirm that")): Object: 'Object Repository/OCS-DESKTOP/Cart flyout/Checkbox_I confirm that' is clicked on

2019-06-07 13:26:56 - [MESSAGE][PASSED] - Object: 'Object Repository/OCS-DESKTOP/Cart flyout/Checkbox_I confirm that' is clicked on

2019-06-07 13:26:56 - [TEST_STEP][PASSED] - click(findTestObject("OCS-DESKTOP/Cart flyout/Checkbox_Accept the Terms Condition")): Object: 'Object Repository/OCS-DESKTOP/Cart flyout/Checkbox_Accept the Terms Condition' is clicked on

2019-06-07 13:26:56 - [MESSAGE][PASSED] - Object: 'Object Repository/OCS-DESKTOP/Cart flyout/Checkbox_Accept the Terms Condition' is clicked on

2019-06-07 13:26:56 - [TEST_STEP][PASSED] - delay(1): Delayed 1 second(s)

2019-06-07 13:26:57 - [MESSAGE][PASSED] - Delayed 1 second(s)

2019-06-07 13:26:57 - [TEST_STEP][PASSED] - click(findTestObject("OCS-DESKTOP/Cart flyout/Checkout - Button")): Object: 'Object Repository/OCS-DESKTOP/Cart flyout/Checkout - Button' is clicked on

2019-06-07 13:26:59 - [MESSAGE][PASSED] - Object: 'Object Repository/OCS-DESKTOP/Cart flyout/Checkout - Button' is clicked on

2019-06-07 13:26:59 - [TEST_STEP][PASSED] - delay(2): Delayed 2 second(s)

2019-06-07 13:27:01 - [MESSAGE][PASSED] - Delayed 2 second(s)

2019-06-07 13:27:01 - [TEST_STEP][PASSED] - scrollToElement(findTestObject("OCS-DESKTOP/Customer info page/Return to Cart - Link"), 1): Scroll to object 'Object Repository/OCS-DESKTOP/Customer info page/Return to Cart - Link' successfully

2019-06-07 13:27:01 - [MESSAGE][PASSED] - Scroll to object 'Object Repository/OCS-DESKTOP/Customer info page/Return to Cart - Link' successfully

2019-06-07 13:27:01 - [TEST_STEP][PASSED] - executeJavaScript("var previewBar = document.getElementById("preview-bar-iframe"); previewBar.style.display = "none";", []): Execute JavaScript 'var previewBar = document.getElementById("preview-bar-iframe"); previewBar.style.display = "none";' successfully

2019-06-07 13:27:01 - [MESSAGE][PASSED] - Execute JavaScript 'var previewBar = document.getElementById("preview-bar-iframe"); previewBar.style.display = "none";' successfully

2019-06-07 13:27:01 - [TEST_STEP][PASSED] - delay(1): Delayed 1 second(s)

2019-06-07 13:27:02 - [MESSAGE][PASSED] - Delayed 1 second(s)

2019-06-07 13:27:02 - [TEST_STEP][PASSED] - click(findTestObject("OCS-DESKTOP/Customer info page/Return to Cart - Link")): Object: 'Object Repository/OCS-DESKTOP/Customer info page/Return to Cart - Link' is clicked on

2019-06-07 13:27:03 - [MESSAGE][PASSED] - Object: 'Object Repository/OCS-DESKTOP/Customer info page/Return to Cart - Link' is clicked on

2019-06-07 13:27:03 - [TEST_STEP][PASSED] - delay(1): Delayed 1 second(s)

2019-06-07 13:27:04 - [MESSAGE][PASSED] - Delayed 1 second(s)

2019-06-07 13:27:04 - [TEST_STEP][PASSED] - a = getText(findTestObject("OCS-DESKTOP/Cart page/Unit price - product - price in cart page")): Text of object 'Object Repository/OCS-DESKTOP/Cart page/Unit price - product - price in cart page' is: '$10.25'

2019-06-07 13:27:04 - [MESSAGE][PASSED] - Text of object 'Object Repository/OCS-DESKTOP/Cart page/Unit price - product - price in cart page' is: '$10.25'

2019-06-07 13:27:04 - [TEST_STEP][PASSED] - comment(a): $10.25

2019-06-07 13:27:04 - [MESSAGE][INFO] - $10.25

2019-06-07 13:27:04 - [TEST_STEP][PASSED] - click(findTestObject("OCS-DESKTOP/Cart page/Quantity Input field")): Object: 'Object Repository/OCS-DESKTOP/Cart page/Quantity Input field' is clicked on

2019-06-07 13:27:04 - [MESSAGE][PASSED] - Object: 'Object Repository/OCS-DESKTOP/Cart page/Quantity Input field' is clicked on

2019-06-07 13:27:04 - [TEST_STEP][PASSED] - sendKeys(findTestObject("OCS-DESKTOP/Cart page/Quantity Input field"), Keys.chord(CLEAR)): Keys 'CLEAR + ' sent to object: 'Object Repository/OCS-DESKTOP/Cart page/Quantity Input field'

2019-06-07 13:27:04 - [MESSAGE][PASSED] - Keys 'CLEAR + ' sent to object: 'Object Repository/OCS-DESKTOP/Cart page/Quantity Input field'

2019-06-07 13:27:04 - [TEST_STEP][PASSED] - setText(findTestObject("OCS-DESKTOP/Cart page/Quantity Input field"), "5"): Text '5' is set on object 'Object Repository/OCS-DESKTOP/Cart page/Quantity Input field'

2019-06-07 13:27:04 - [MESSAGE][PASSED] - Text '5' is set on object 'Object Repository/OCS-DESKTOP/Cart page/Quantity Input field'

2019-06-07 13:27:04 - [TEST_STEP][PASSED] - delay(2): Delayed 2 second(s)

2019-06-07 13:27:06 - [MESSAGE][PASSED] - Delayed 2 second(s)

2019-06-07 13:27:06 - [TEST_STEP][PASSED] - sendKeys(findTestObject("OCS-DESKTOP/Cart page/Quantity Input field"), Keys.chord(CLEAR)): Keys 'CLEAR + ' sent to object: 'Object Repository/OCS-DESKTOP/Cart page/Quantity Input field'

2019-06-07 13:27:06 - [MESSAGE][PASSED] - Keys 'CLEAR + ' sent to object: 'Object Repository/OCS-DESKTOP/Cart page/Quantity Input field'

2019-06-07 13:27:06 - [TEST_STEP][PASSED] - setText(findTestObject("OCS-DESKTOP/Cart page/Quantity Input field"), "7"): Text '7' is set on object 'Object Repository/OCS-DESKTOP/Cart page/Quantity Input field'

2019-06-07 13:27:06 - [MESSAGE][PASSED] - Text '7' is set on object 'Object Repository/OCS-DESKTOP/Cart page/Quantity Input field'

2019-06-07 13:27:06 - [TEST_STEP][PASSED] - delay(2): Delayed 2 second(s)

2019-06-07 13:27:08 - [MESSAGE][PASSED] - Delayed 2 second(s)

2019-06-07 13:27:08 - [TEST_STEP][PASSED] - click(findTestObject("OCS-DESKTOP/Cart page/Qty Increase icon")): Object: 'Object Repository/OCS-DESKTOP/Cart page/Qty Increase icon' is clicked on

2019-06-07 13:27:08 - [MESSAGE][PASSED] - Object: 'Object Repository/OCS-DESKTOP/Cart page/Qty Increase icon' is clicked on

2019-06-07 13:27:08 - [TEST_STEP][PASSED] - delay(2): Delayed 2 second(s)

2019-06-07 13:27:10 - [MESSAGE][PASSED] - Delayed 2 second(s)

2019-06-07 13:27:10 - [TEST_STEP][PASSED] - click(findTestObject("OCS-DESKTOP/Cart page/Qty Increase icon")): Object: 'Object Repository/OCS-DESKTOP/Cart page/Qty Increase icon' is clicked on

2019-06-07 13:27:10 - [MESSAGE][PASSED] - Object: 'Object Repository/OCS-DESKTOP/Cart page/Qty Increase icon' is clicked on

2019-06-07 13:27:10 - [TEST_STEP][PASSED] - delay(2): Delayed 2 second(s)

2019-06-07 13:27:12 - [MESSAGE][PASSED] - Delayed 2 second(s)

2019-06-07 13:27:12 - [TEST_STEP][PASSED] - click(findTestObject("OCS-DESKTOP/Cart page/Qty Increase icon")): Object: 'Object Repository/OCS-DESKTOP/Cart page/Qty Increase icon' is clicked on

2019-06-07 13:27:12 - [MESSAGE][PASSED] - Object: 'Object Repository/OCS-DESKTOP/Cart page/Qty Increase icon' is clicked on

2019-06-07 13:27:12 - [TEST_STEP][PASSED] - delay(2): Delayed 2 second(s)

2019-06-07 13:27:14 - [MESSAGE][PASSED] - Delayed 2 second(s)

2019-06-07 13:27:14 - [TEST_STEP][PASSED] - b = getText(findTestObject("OCS-DESKTOP/Cart page/Unit price - product - price in cart page")): Text of object 'Object Repository/OCS-DESKTOP/Cart page/Unit price - product - price in cart page' is: '$102.50'

2019-06-07 13:27:14 - [MESSAGE][PASSED] - Text of object 'Object Repository/OCS-DESKTOP/Cart page/Unit price - product - price in cart page' is: '$102.50'

2019-06-07 13:27:14 - [TEST_STEP][PASSED] - comment(b): $102.50

2019-06-07 13:27:14 - [MESSAGE][INFO] - $102.50

2019-06-07 13:27:14 - [TEST_STEP][PASSED] - verifyNotEqual("a", "b"): Actual object 'a' and expected object 'b' are not equal

2019-06-07 13:27:14 - [MESSAGE][PASSED] - Actual object 'a' and expected object 'b' are not equal

2019-06-07 13:27:14 - [TEST_STEP][PASSED] - comment(" price changed . Quantity selector is working"):  price changed . Quantity selector is working

2019-06-07 13:27:14 - [MESSAGE][INFO] -  price changed . Quantity selector is working]]></system-out>
         <system-err><![CDATA[]]></system-err>
      </testcase>
      <testcase name="Test Cases/OCS - DESKTOP/OCS- HOME PAGE/Toggling language" classname="Test Cases/OCS - DESKTOP/OCS- HOME PAGE/Toggling language" status="PASSED">
         <system-out><![CDATA[2019-06-07 13:27:14 - [TEST_CASE][PASSED] - Test Cases/OCS - DESKTOP/OCS- HOME PAGE/Toggling language: Test Cases/OCS - DESKTOP/OCS- HOME PAGE/Toggling language

2019-06-07 13:27:15 - [TEST_STEP][PASSED] - callTestCase(findTestCase("OCS - DESKTOP/CALL- Age gate"), [:], STOP_ON_FAILURE): Call Test Case 'Test Cases/OCS - DESKTOP/CALL- Age gate' successfully

2019-06-07 13:27:15 - [TEST_CASE][PASSED] - Test Cases/OCS - DESKTOP/CALL- Age gate: Test Cases/OCS - DESKTOP/CALL- Age gate

2019-06-07 13:27:15 - [TEST_STEP][PASSED] - openBrowser(""): Browser is opened with url: ''

2019-06-07 13:27:15 - [MESSAGE][WARNING] - A browser is already opened. Closing browser and opening a new one

2019-06-07 13:27:15 - [MESSAGE][INFO] - Starting 'Chrome' driver

2019-06-07 13:27:16 - [MESSAGE][PASSED] - Browser is opened with url: ''

2019-06-07 13:27:16 - [TEST_STEP][PASSED] - navigateToUrl("https://ocs.ca/?fts=0&preview_theme_id=72920074060"): Navigate to 'https://ocs.ca/?fts=0&preview_theme_id=72920074060' successfully

2019-06-07 13:27:24 - [MESSAGE][PASSED] - Navigate to 'https://ocs.ca/?fts=0&preview_theme_id=72920074060' successfully

2019-06-07 13:27:24 - [TEST_STEP][PASSED] - maximizeWindow(): Current window maximized

2019-06-07 13:27:24 - [MESSAGE][PASSED] - Current window maximized

2019-06-07 13:27:24 - [TEST_STEP][PASSED] - delay(2): Delayed 2 second(s)

2019-06-07 13:27:26 - [MESSAGE][PASSED] - Delayed 2 second(s)

2019-06-07 13:27:26 - [TEST_STEP][PASSED] - executeJavaScript("var previewBar = document.getElementById("preview-bar-iframe"); previewBar.style.display = "none";", []): Execute JavaScript 'var previewBar = document.getElementById("preview-bar-iframe"); previewBar.style.display = "none";' successfully

2019-06-07 13:27:26 - [MESSAGE][PASSED] - Execute JavaScript 'var previewBar = document.getElementById("preview-bar-iframe"); previewBar.style.display = "none";' successfully

2019-06-07 13:27:26 - [TEST_STEP][PASSED] - selectOptionByValue(findTestObject("OCS-DESKTOP/Age gate and Mega menu/Date"), "12", true): All options with value '12' are selected in object 'Object Repository/OCS-DESKTOP/Age gate and Mega menu/Date'  using regular expression

2019-06-07 13:27:26 - [MESSAGE][PASSED] - All options with value '12' are selected in object 'Object Repository/OCS-DESKTOP/Age gate and Mega menu/Date'  using regular expression

2019-06-07 13:27:26 - [TEST_STEP][PASSED] - selectOptionByValue(findTestObject("OCS-DESKTOP/Age gate and Mega menu/month"), "6", true): All options with value '6' are selected in object 'Object Repository/OCS-DESKTOP/Age gate and Mega menu/month'  using regular expression

2019-06-07 13:27:26 - [MESSAGE][PASSED] - All options with value '6' are selected in object 'Object Repository/OCS-DESKTOP/Age gate and Mega menu/month'  using regular expression

2019-06-07 13:27:26 - [TEST_STEP][PASSED] - delay(2): Delayed 2 second(s)

2019-06-07 13:27:28 - [MESSAGE][PASSED] - Delayed 2 second(s)

2019-06-07 13:27:28 - [TEST_STEP][PASSED] - selectOptionByValue(findTestObject("OCS-DESKTOP/Age gate and Mega menu/Year Dropdown"), "1990", true): All options with value '1990' are selected in object 'Object Repository/OCS-DESKTOP/Age gate and Mega menu/Year Dropdown'  using regular expression

2019-06-07 13:27:29 - [MESSAGE][PASSED] - All options with value '1990' are selected in object 'Object Repository/OCS-DESKTOP/Age gate and Mega menu/Year Dropdown'  using regular expression

2019-06-07 13:27:29 - [TEST_STEP][PASSED] - click(findTestObject("OCS-DESKTOP/Age gate and Mega menu/button_Verify")): Object: 'Object Repository/OCS-DESKTOP/Age gate and Mega menu/button_Verify' is clicked on

2019-06-07 13:27:29 - [MESSAGE][PASSED] - Object: 'Object Repository/OCS-DESKTOP/Age gate and Mega menu/button_Verify' is clicked on

2019-06-07 13:27:29 - [TEST_STEP][PASSED] - click(findTestObject("OCS-DESKTOP/Age gate and Mega menu/Checkbox_CONFIRM AND ACKNOWLEDGE")): Object: 'Object Repository/OCS-DESKTOP/Age gate and Mega menu/Checkbox_CONFIRM AND ACKNOWLEDGE' is clicked on

2019-06-07 13:27:29 - [MESSAGE][PASSED] - Object: 'Object Repository/OCS-DESKTOP/Age gate and Mega menu/Checkbox_CONFIRM AND ACKNOWLEDGE' is clicked on

2019-06-07 13:27:29 - [TEST_STEP][PASSED] - click(findTestObject("OCS-DESKTOP/Age gate and Mega menu/button_CONFIRM")): Object: 'Object Repository/OCS-DESKTOP/Age gate and Mega menu/button_CONFIRM' is clicked on

2019-06-07 13:27:30 - [MESSAGE][PASSED] - Object: 'Object Repository/OCS-DESKTOP/Age gate and Mega menu/button_CONFIRM' is clicked on

2019-06-07 13:27:30 - [TEST_STEP][PASSED] - click(findTestObject("OCS-DESKTOP/Age gate and Mega menu/button_Start Browsing")): Object: 'Object Repository/OCS-DESKTOP/Age gate and Mega menu/button_Start Browsing' is clicked on

2019-06-07 13:27:30 - [MESSAGE][PASSED] - Object: 'Object Repository/OCS-DESKTOP/Age gate and Mega menu/button_Start Browsing' is clicked on

2019-06-07 13:27:30 - [TEST_STEP][PASSED] - delay(2): Delayed 2 second(s)

2019-06-07 13:27:32 - [MESSAGE][PASSED] - Delayed 2 second(s)

2019-06-07 13:27:32 - [TEST_STEP][PASSED] - refresh(): Refresh successfully

2019-06-07 13:27:32 - [MESSAGE][PASSED] - Refresh successfully

2019-06-07 13:27:32 - [MESSAGE][PASSED] - Call Test Case 'Test Cases/OCS - DESKTOP/CALL- Age gate' successfully

2019-06-07 13:27:32 - [TEST_STEP][PASSED] - delay(2): Delayed 2 second(s)

2019-06-07 13:27:34 - [MESSAGE][PASSED] - Delayed 2 second(s)

2019-06-07 13:27:34 - [TEST_STEP][PASSED] - click(findTestObject("OCS-DESKTOP/Cart flyout/English dropdown")): Object: 'Object Repository/OCS-DESKTOP/Cart flyout/English dropdown' is clicked on

2019-06-07 13:27:35 - [MESSAGE][PASSED] - Object: 'Object Repository/OCS-DESKTOP/Cart flyout/English dropdown' is clicked on

2019-06-07 13:27:35 - [TEST_STEP][PASSED] - delay(2): Delayed 2 second(s)

2019-06-07 13:27:37 - [MESSAGE][PASSED] - Delayed 2 second(s)

2019-06-07 13:27:37 - [TEST_STEP][PASSED] - executeJavaScript("var previewBar = document.getElementById("preview-bar-iframe"); previewBar.style.display = "none";", []): Execute JavaScript 'var previewBar = document.getElementById("preview-bar-iframe"); previewBar.style.display = "none";' successfully

2019-06-07 13:27:37 - [MESSAGE][PASSED] - Execute JavaScript 'var previewBar = document.getElementById("preview-bar-iframe"); previewBar.style.display = "none";' successfully

2019-06-07 13:27:37 - [TEST_STEP][PASSED] - click(findTestObject("OCS-DESKTOP/Cart flyout/Select French")): Object: 'Object Repository/OCS-DESKTOP/Cart flyout/Select French' is clicked on

2019-06-07 13:27:37 - [MESSAGE][PASSED] - Object: 'Object Repository/OCS-DESKTOP/Cart flyout/Select French' is clicked on

2019-06-07 13:27:37 - [TEST_STEP][PASSED] - delay(5): Delayed 5 second(s)

2019-06-07 13:27:42 - [MESSAGE][PASSED] - Delayed 5 second(s)

2019-06-07 13:27:42 - [TEST_STEP][PASSED] - a = getWindowTitle(): Current window's title is: 'Magasin de Cannabis de l'Ontario | Ontario Cannabis Store'

2019-06-07 13:27:42 - [MESSAGE][PASSED] - Current window's title is: 'Magasin de Cannabis de l'Ontario | Ontario Cannabis Store'

2019-06-07 13:27:42 - [TEST_STEP][PASSED] - comment("a = " + a): a = Magasin de Cannabis de l'Ontario | Ontario Cannabis Store

2019-06-07 13:27:42 - [MESSAGE][INFO] - a = Magasin de Cannabis de l'Ontario | Ontario Cannabis Store

2019-06-07 13:27:42 - [TEST_STEP][PASSED] - b = "Magasin de Cannabis de l'Ontario | Ontario Cannabis Store": null

2019-06-07 13:27:42 - [TEST_STEP][PASSED] - delay(2): Delayed 2 second(s)

2019-06-07 13:27:44 - [MESSAGE][PASSED] - Delayed 2 second(s)

2019-06-07 13:27:44 - [TEST_STEP][PASSED] - flag1 = verifyMatch(a, b, false): Actual text 'Magasin de Cannabis de l'Ontario | Ontario Cannabis Store' and expected text 'Magasin de Cannabis de l'Ontario | Ontario Cannabis Store' are matched 

2019-06-07 13:27:44 - [MESSAGE][PASSED] - Actual text 'Magasin de Cannabis de l'Ontario | Ontario Cannabis Store' and expected text 'Magasin de Cannabis de l'Ontario | Ontario Cannabis Store' are matched 

2019-06-07 13:27:44 - [TEST_STEP][PASSED] - comment("flag = " + flag1): flag = true

2019-06-07 13:27:44 - [MESSAGE][INFO] - flag = true

2019-06-07 13:27:44 - [TEST_STEP][PASSED] - if (flag1 == true): translated  to french

2019-06-07 13:27:44 - [TEST_STEP][PASSED] - comment("translated  to french"): translated  to french

2019-06-07 13:27:44 - [MESSAGE][INFO] - translated  to french

2019-06-07 13:27:44 - [TEST_STEP][PASSED] - delay(2): Delayed 2 second(s)

2019-06-07 13:27:46 - [MESSAGE][PASSED] - Delayed 2 second(s)

2019-06-07 13:27:46 - [TEST_STEP][PASSED] - click(findTestObject("OCS-DESKTOP/Cart flyout/French dropdown")): Object: 'Object Repository/OCS-DESKTOP/Cart flyout/French dropdown' is clicked on

2019-06-07 13:27:46 - [MESSAGE][PASSED] - Object: 'Object Repository/OCS-DESKTOP/Cart flyout/French dropdown' is clicked on

2019-06-07 13:27:46 - [TEST_STEP][PASSED] - delay(2): Delayed 2 second(s)

2019-06-07 13:27:48 - [MESSAGE][PASSED] - Delayed 2 second(s)

2019-06-07 13:27:48 - [TEST_STEP][PASSED] - click(findTestObject("OCS-DESKTOP/Cart flyout/Select English")): Object: 'Object Repository/OCS-DESKTOP/Cart flyout/Select English' is clicked on

2019-06-07 13:27:48 - [MESSAGE][PASSED] - Object: 'Object Repository/OCS-DESKTOP/Cart flyout/Select English' is clicked on

2019-06-07 13:27:48 - [TEST_STEP][PASSED] - delay(5): Delayed 5 second(s)

2019-06-07 13:27:53 - [MESSAGE][PASSED] - Delayed 5 second(s)

2019-06-07 13:27:53 - [TEST_STEP][PASSED] - c = getWindowTitle(): Current window's title is: 'Ontario Cannabis Store | Ontario Cannabis Store'

2019-06-07 13:27:53 - [MESSAGE][PASSED] - Current window's title is: 'Ontario Cannabis Store | Ontario Cannabis Store'

2019-06-07 13:27:53 - [TEST_STEP][PASSED] - comment("c =" + c): c =Ontario Cannabis Store | Ontario Cannabis Store

2019-06-07 13:27:53 - [MESSAGE][INFO] - c =Ontario Cannabis Store | Ontario Cannabis Store

2019-06-07 13:27:53 - [TEST_STEP][PASSED] - d = "Ontario Cannabis Store | Ontario Cannabis Store": null

2019-06-07 13:27:53 - [TEST_STEP][PASSED] - comment("d =" + d): d =Ontario Cannabis Store | Ontario Cannabis Store

2019-06-07 13:27:53 - [MESSAGE][INFO] - d =Ontario Cannabis Store | Ontario Cannabis Store

2019-06-07 13:27:53 - [TEST_STEP][PASSED] - flag = verifyMatch(c, d, false): Actual text 'Ontario Cannabis Store | Ontario Cannabis Store' and expected text 'Ontario Cannabis Store | Ontario Cannabis Store' are matched 

2019-06-07 13:27:53 - [MESSAGE][PASSED] - Actual text 'Ontario Cannabis Store | Ontario Cannabis Store' and expected text 'Ontario Cannabis Store | Ontario Cannabis Store' are matched 

2019-06-07 13:27:53 - [TEST_STEP][PASSED] - comment(" flag = " + flag):  flag = true

2019-06-07 13:27:53 - [MESSAGE][INFO] -  flag = true

2019-06-07 13:27:53 - [TEST_STEP][PASSED] - if (flag == true):  Language changing is successful

2019-06-07 13:27:53 - [TEST_STEP][PASSED] - comment(" Language changing is successful"):  Language changing is successful

2019-06-07 13:27:53 - [MESSAGE][INFO] -  Language changing is successful]]></system-out>
         <system-err><![CDATA[]]></system-err>
      </testcase>
      <testcase name="Test Cases/OCS - DESKTOP/OCS- HOME PAGE/HP-Burger menu-Accessories" classname="Test Cases/OCS - DESKTOP/OCS- HOME PAGE/HP-Burger menu-Accessories" status="FAILED">
         <failure type="FAILED" message="Test Cases/OCS - DESKTOP/OCS- HOME PAGE/HP-Burger menu-Accessories FAILED.
Reason:
com.kms.katalon.core.exception.StepFailedException: Text 'Page Not Found' is not present on page 
	at com.kms.katalon.core.keyword.internal.KeywordMain.stepFailed(KeywordMain.groovy:32)
	at com.kms.katalon.core.webui.keyword.internal.WebUIKeywordMain.stepFailed(WebUIKeywordMain.groovy:65)
	at com.kms.katalon.core.webui.keyword.builtin.VerifyTextPresentKeyword$_verifyTextPresent_closure1.doCall(VerifyTextPresentKeyword.groovy:79)
	at com.kms.katalon.core.webui.keyword.builtin.VerifyTextPresentKeyword$_verifyTextPresent_closure1.call(VerifyTextPresentKeyword.groovy)
	at com.kms.katalon.core.webui.keyword.internal.WebUIKeywordMain.runKeyword(WebUIKeywordMain.groovy:21)
	at com.kms.katalon.core.webui.keyword.builtin.VerifyTextPresentKeyword.verifyTextPresent(VerifyTextPresentKeyword.groovy:83)
	at com.kms.katalon.core.webui.keyword.builtin.VerifyTextPresentKeyword.execute(VerifyTextPresentKeyword.groovy:68)
	at com.kms.katalon.core.keyword.internal.KeywordExecutor.executeKeywordForPlatform(KeywordExecutor.groovy:53)
	at com.kms.katalon.core.webui.keyword.WebUiBuiltInKeywords.verifyTextPresent(WebUiBuiltInKeywords.groovy:1677)
	at com.kms.katalon.core.webui.keyword.WebUiBuiltInKeywords$verifyTextPresent$18.call(Unknown Source)
	at HP-Burger menu-Accessories.run(HP-Burger menu-Accessories:302)
	at com.kms.katalon.core.main.ScriptEngine.run(ScriptEngine.java:194)
	at com.kms.katalon.core.main.ScriptEngine.runScriptAsRawText(ScriptEngine.java:119)
	at com.kms.katalon.core.main.TestCaseExecutor.runScript(TestCaseExecutor.java:328)
	at com.kms.katalon.core.main.TestCaseExecutor.doExecute(TestCaseExecutor.java:319)
	at com.kms.katalon.core.main.TestCaseExecutor.processExecutionPhase(TestCaseExecutor.java:298)
	at com.kms.katalon.core.main.TestCaseExecutor.accessMainPhase(TestCaseExecutor.java:290)
	at com.kms.katalon.core.main.TestCaseExecutor.execute(TestCaseExecutor.java:224)
	at com.kms.katalon.core.main.TestSuiteExecutor.accessTestCaseMainPhase(TestSuiteExecutor.java:129)
	at com.kms.katalon.core.main.TestSuiteExecutor.accessTestSuiteMainPhase(TestSuiteExecutor.java:112)
	at com.kms.katalon.core.main.TestSuiteExecutor.execute(TestSuiteExecutor.java:81)
	at com.kms.katalon.core.main.TestCaseMain.startTestSuite(TestCaseMain.java:149)
	at com.kms.katalon.core.main.TestCaseMain$startTestSuite$0.call(Unknown Source)
	at TempTestSuite1559927775427.run(TempTestSuite1559927775427.groovy:36)
"/>
         <system-out><![CDATA[2019-06-07 13:27:53 - [TEST_CASE][FAILED] - Test Cases/OCS - DESKTOP/OCS- HOME PAGE/HP-Burger menu-Accessories: Test Cases/OCS - DESKTOP/OCS- HOME PAGE/HP-Burger menu-Accessories FAILED.
Reason:
com.kms.katalon.core.exception.StepFailedException: Text 'Page Not Found' is not present on page 
	at com.kms.katalon.core.keyword.internal.KeywordMain.stepFailed(KeywordMain.groovy:32)
	at com.kms.katalon.core.webui.keyword.internal.WebUIKeywordMain.stepFailed(WebUIKeywordMain.groovy:65)
	at com.kms.katalon.core.webui.keyword.builtin.VerifyTextPresentKeyword$_verifyTextPresent_closure1.doCall(VerifyTextPresentKeyword.groovy:79)
	at com.kms.katalon.core.webui.keyword.builtin.VerifyTextPresentKeyword$_verifyTextPresent_closure1.call(VerifyTextPresentKeyword.groovy)
	at com.kms.katalon.core.webui.keyword.internal.WebUIKeywordMain.runKeyword(WebUIKeywordMain.groovy:21)
	at com.kms.katalon.core.webui.keyword.builtin.VerifyTextPresentKeyword.verifyTextPresent(VerifyTextPresentKeyword.groovy:83)
	at com.kms.katalon.core.webui.keyword.builtin.VerifyTextPresentKeyword.execute(VerifyTextPresentKeyword.groovy:68)
	at com.kms.katalon.core.keyword.internal.KeywordExecutor.executeKeywordForPlatform(KeywordExecutor.groovy:53)
	at com.kms.katalon.core.webui.keyword.WebUiBuiltInKeywords.verifyTextPresent(WebUiBuiltInKeywords.groovy:1677)
	at com.kms.katalon.core.webui.keyword.WebUiBuiltInKeywords$verifyTextPresent$18.call(Unknown Source)
	at HP-Burger menu-Accessories.run(HP-Burger menu-Accessories:302)
	at com.kms.katalon.core.main.ScriptEngine.run(ScriptEngine.java:194)
	at com.kms.katalon.core.main.ScriptEngine.runScriptAsRawText(ScriptEngine.java:119)
	at com.kms.katalon.core.main.TestCaseExecutor.runScript(TestCaseExecutor.java:328)
	at com.kms.katalon.core.main.TestCaseExecutor.doExecute(TestCaseExecutor.java:319)
	at com.kms.katalon.core.main.TestCaseExecutor.processExecutionPhase(TestCaseExecutor.java:298)
	at com.kms.katalon.core.main.TestCaseExecutor.accessMainPhase(TestCaseExecutor.java:290)
	at com.kms.katalon.core.main.TestCaseExecutor.execute(TestCaseExecutor.java:224)
	at com.kms.katalon.core.main.TestSuiteExecutor.accessTestCaseMainPhase(TestSuiteExecutor.java:129)
	at com.kms.katalon.core.main.TestSuiteExecutor.accessTestSuiteMainPhase(TestSuiteExecutor.java:112)
	at com.kms.katalon.core.main.TestSuiteExecutor.execute(TestSuiteExecutor.java:81)
	at com.kms.katalon.core.main.TestCaseMain.startTestSuite(TestCaseMain.java:149)
	at com.kms.katalon.core.main.TestCaseMain$startTestSuite$0.call(Unknown Source)
	at TempTestSuite1559927775427.run(TempTestSuite1559927775427.groovy:36)


2019-06-07 13:27:53 - [TEST_STEP][PASSED] - callTestCase(findTestCase("OCS - DESKTOP/CALL- Age gate"), [:], STOP_ON_FAILURE): Call Test Case 'Test Cases/OCS - DESKTOP/CALL- Age gate' successfully

2019-06-07 13:27:53 - [TEST_CASE][PASSED] - Test Cases/OCS - DESKTOP/CALL- Age gate: Test Cases/OCS - DESKTOP/CALL- Age gate

2019-06-07 13:27:53 - [TEST_STEP][PASSED] - openBrowser(""): Browser is opened with url: ''

2019-06-07 13:27:53 - [MESSAGE][WARNING] - A browser is already opened. Closing browser and opening a new one

2019-06-07 13:27:53 - [MESSAGE][INFO] - Starting 'Chrome' driver

2019-06-07 13:27:54 - [MESSAGE][PASSED] - Browser is opened with url: ''

2019-06-07 13:27:54 - [TEST_STEP][PASSED] - navigateToUrl("https://ocs.ca/?fts=0&preview_theme_id=72920074060"): Navigate to 'https://ocs.ca/?fts=0&preview_theme_id=72920074060' successfully

2019-06-07 13:27:59 - [MESSAGE][PASSED] - Navigate to 'https://ocs.ca/?fts=0&preview_theme_id=72920074060' successfully

2019-06-07 13:27:59 - [TEST_STEP][PASSED] - maximizeWindow(): Current window maximized

2019-06-07 13:27:59 - [MESSAGE][PASSED] - Current window maximized

2019-06-07 13:27:59 - [TEST_STEP][PASSED] - delay(2): Delayed 2 second(s)

2019-06-07 13:28:01 - [MESSAGE][PASSED] - Delayed 2 second(s)

2019-06-07 13:28:01 - [TEST_STEP][PASSED] - executeJavaScript("var previewBar = document.getElementById("preview-bar-iframe"); previewBar.style.display = "none";", []): Execute JavaScript 'var previewBar = document.getElementById("preview-bar-iframe"); previewBar.style.display = "none";' successfully

2019-06-07 13:28:01 - [MESSAGE][PASSED] - Execute JavaScript 'var previewBar = document.getElementById("preview-bar-iframe"); previewBar.style.display = "none";' successfully

2019-06-07 13:28:01 - [TEST_STEP][PASSED] - selectOptionByValue(findTestObject("OCS-DESKTOP/Age gate and Mega menu/Date"), "12", true): All options with value '12' are selected in object 'Object Repository/OCS-DESKTOP/Age gate and Mega menu/Date'  using regular expression

2019-06-07 13:28:01 - [MESSAGE][PASSED] - All options with value '12' are selected in object 'Object Repository/OCS-DESKTOP/Age gate and Mega menu/Date'  using regular expression

2019-06-07 13:28:01 - [TEST_STEP][PASSED] - selectOptionByValue(findTestObject("OCS-DESKTOP/Age gate and Mega menu/month"), "6", true): All options with value '6' are selected in object 'Object Repository/OCS-DESKTOP/Age gate and Mega menu/month'  using regular expression

2019-06-07 13:28:02 - [MESSAGE][PASSED] - All options with value '6' are selected in object 'Object Repository/OCS-DESKTOP/Age gate and Mega menu/month'  using regular expression

2019-06-07 13:28:02 - [TEST_STEP][PASSED] - delay(2): Delayed 2 second(s)

2019-06-07 13:28:04 - [MESSAGE][PASSED] - Delayed 2 second(s)

2019-06-07 13:28:04 - [TEST_STEP][PASSED] - selectOptionByValue(findTestObject("OCS-DESKTOP/Age gate and Mega menu/Year Dropdown"), "1990", true): All options with value '1990' are selected in object 'Object Repository/OCS-DESKTOP/Age gate and Mega menu/Year Dropdown'  using regular expression

2019-06-07 13:28:05 - [MESSAGE][PASSED] - All options with value '1990' are selected in object 'Object Repository/OCS-DESKTOP/Age gate and Mega menu/Year Dropdown'  using regular expression

2019-06-07 13:28:05 - [TEST_STEP][PASSED] - click(findTestObject("OCS-DESKTOP/Age gate and Mega menu/button_Verify")): Object: 'Object Repository/OCS-DESKTOP/Age gate and Mega menu/button_Verify' is clicked on

2019-06-07 13:28:05 - [MESSAGE][PASSED] - Object: 'Object Repository/OCS-DESKTOP/Age gate and Mega menu/button_Verify' is clicked on

2019-06-07 13:28:05 - [TEST_STEP][PASSED] - click(findTestObject("OCS-DESKTOP/Age gate and Mega menu/Checkbox_CONFIRM AND ACKNOWLEDGE")): Object: 'Object Repository/OCS-DESKTOP/Age gate and Mega menu/Checkbox_CONFIRM AND ACKNOWLEDGE' is clicked on

2019-06-07 13:28:05 - [MESSAGE][PASSED] - Object: 'Object Repository/OCS-DESKTOP/Age gate and Mega menu/Checkbox_CONFIRM AND ACKNOWLEDGE' is clicked on

2019-06-07 13:28:05 - [TEST_STEP][PASSED] - click(findTestObject("OCS-DESKTOP/Age gate and Mega menu/button_CONFIRM")): Object: 'Object Repository/OCS-DESKTOP/Age gate and Mega menu/button_CONFIRM' is clicked on

2019-06-07 13:28:05 - [MESSAGE][PASSED] - Object: 'Object Repository/OCS-DESKTOP/Age gate and Mega menu/button_CONFIRM' is clicked on

2019-06-07 13:28:05 - [TEST_STEP][PASSED] - click(findTestObject("OCS-DESKTOP/Age gate and Mega menu/button_Start Browsing")): Object: 'Object Repository/OCS-DESKTOP/Age gate and Mega menu/button_Start Browsing' is clicked on

2019-06-07 13:28:05 - [MESSAGE][PASSED] - Object: 'Object Repository/OCS-DESKTOP/Age gate and Mega menu/button_Start Browsing' is clicked on

2019-06-07 13:28:05 - [TEST_STEP][PASSED] - delay(2): Delayed 2 second(s)

2019-06-07 13:28:07 - [MESSAGE][PASSED] - Delayed 2 second(s)

2019-06-07 13:28:07 - [TEST_STEP][PASSED] - refresh(): Refresh successfully

2019-06-07 13:28:07 - [MESSAGE][PASSED] - Refresh successfully

2019-06-07 13:28:07 - [MESSAGE][PASSED] - Call Test Case 'Test Cases/OCS - DESKTOP/CALL- Age gate' successfully

2019-06-07 13:28:07 - [TEST_STEP][PASSED] - delay(2, CONTINUE_ON_FAILURE): Delayed 2 second(s)

2019-06-07 13:28:09 - [MESSAGE][PASSED] - Delayed 2 second(s)

2019-06-07 13:28:09 - [TEST_STEP][PASSED] - click(findTestObject("OCS-DESKTOP/Age gate and Mega menu/Header/ACCESSORIES menu - En"), CONTINUE_ON_FAILURE): Object: 'Object Repository/OCS-DESKTOP/Age gate and Mega menu/Header/ACCESSORIES menu - En' is clicked on

2019-06-07 13:28:10 - [MESSAGE][PASSED] - Object: 'Object Repository/OCS-DESKTOP/Age gate and Mega menu/Header/ACCESSORIES menu - En' is clicked on

2019-06-07 13:28:10 - [TEST_STEP][PASSED] - delay(2, CONTINUE_ON_FAILURE): Delayed 2 second(s)

2019-06-07 13:28:12 - [MESSAGE][PASSED] - Delayed 2 second(s)

2019-06-07 13:28:12 - [TEST_STEP][NOT_RUN] - click(findTestObject("OCS-DESKTOP/Accessories page/All accessories"), STOP_ON_FAILURE): NOT_RUN: click(findTestObject("OCS-DESKTOP/Accessories page/All accessories"), STOP_ON_FAILURE)

2019-06-07 13:28:12 - [MESSAGE][NOT_RUN] - NOT_RUN: click(findTestObject("OCS-DESKTOP/Accessories page/All accessories"), STOP_ON_FAILURE)

2019-06-07 13:28:12 - [TEST_STEP][PASSED] - delay(1, CONTINUE_ON_FAILURE): Delayed 1 second(s)

2019-06-07 13:28:13 - [MESSAGE][PASSED] - Delayed 1 second(s)

2019-06-07 13:28:13 - [TEST_STEP][PASSED] - click(findTestObject("OCS-DESKTOP/Age gate and Mega menu/Header/ACCESSORIES menu - En"), CONTINUE_ON_FAILURE): Object: 'Object Repository/OCS-DESKTOP/Age gate and Mega menu/Header/ACCESSORIES menu - En' is clicked on

2019-06-07 13:28:13 - [MESSAGE][PASSED] - Object: 'Object Repository/OCS-DESKTOP/Age gate and Mega menu/Header/ACCESSORIES menu - En' is clicked on

2019-06-07 13:28:13 - [TEST_STEP][PASSED] - delay(1, CONTINUE_ON_FAILURE): Delayed 1 second(s)

2019-06-07 13:28:14 - [MESSAGE][PASSED] - Delayed 1 second(s)

2019-06-07 13:28:14 - [TEST_STEP][PASSED] - click(findTestObject("OCS-DESKTOP/Accessories page/Vaporizers"), CONTINUE_ON_FAILURE): Object: 'Object Repository/OCS-DESKTOP/Accessories page/Vaporizers' is clicked on

2019-06-07 13:28:17 - [MESSAGE][PASSED] - Object: 'Object Repository/OCS-DESKTOP/Accessories page/Vaporizers' is clicked on

2019-06-07 13:28:17 - [TEST_STEP][PASSED] - delay(1, CONTINUE_ON_FAILURE): Delayed 1 second(s)

2019-06-07 13:28:18 - [MESSAGE][PASSED] - Delayed 1 second(s)

2019-06-07 13:28:18 - [TEST_STEP][PASSED] - a = getWindowTitle(CONTINUE_ON_FAILURE): Current window's title is: 'Vaporizers | Ontario Cannabis Store'

2019-06-07 13:28:18 - [MESSAGE][PASSED] - Current window's title is: 'Vaporizers | Ontario Cannabis Store'

2019-06-07 13:28:18 - [TEST_STEP][PASSED] - comment(a): Vaporizers | Ontario Cannabis Store

2019-06-07 13:28:18 - [MESSAGE][INFO] - Vaporizers | Ontario Cannabis Store

2019-06-07 13:28:18 - [TEST_STEP][PASSED] - b = "Vaporizers | Ontario Cannabis Store": null

2019-06-07 13:28:18 - [TEST_STEP][PASSED] - comment(b): Vaporizers | Ontario Cannabis Store

2019-06-07 13:28:18 - [MESSAGE][INFO] - Vaporizers | Ontario Cannabis Store

2019-06-07 13:28:18 - [TEST_STEP][PASSED] - if (a == b): correct window page 

2019-06-07 13:28:18 - [TEST_STEP][PASSED] - comment("correct window page "): correct window page 

2019-06-07 13:28:18 - [MESSAGE][INFO] - correct window page 

2019-06-07 13:28:18 - [TEST_STEP][PASSED] - delay(1, CONTINUE_ON_FAILURE): Delayed 1 second(s)

2019-06-07 13:28:19 - [MESSAGE][PASSED] - Delayed 1 second(s)

2019-06-07 13:28:19 - [TEST_STEP][PASSED] - click(findTestObject("OCS-DESKTOP/Age gate and Mega menu/Header/ACCESSORIES menu - En"), CONTINUE_ON_FAILURE): Object: 'Object Repository/OCS-DESKTOP/Age gate and Mega menu/Header/ACCESSORIES menu - En' is clicked on

2019-06-07 13:28:20 - [MESSAGE][PASSED] - Object: 'Object Repository/OCS-DESKTOP/Age gate and Mega menu/Header/ACCESSORIES menu - En' is clicked on

2019-06-07 13:28:20 - [TEST_STEP][PASSED] - delay(2, CONTINUE_ON_FAILURE): Delayed 2 second(s)

2019-06-07 13:28:22 - [MESSAGE][PASSED] - Delayed 2 second(s)

2019-06-07 13:28:22 - [TEST_STEP][PASSED] - delay(1, CONTINUE_ON_FAILURE): Delayed 1 second(s)

2019-06-07 13:28:23 - [MESSAGE][PASSED] - Delayed 1 second(s)

2019-06-07 13:28:23 - [TEST_STEP][PASSED] - click(findTestObject("OCS-DESKTOP/Accessories page/Bongs - water pipes"), CONTINUE_ON_FAILURE): Object: 'Object Repository/OCS-DESKTOP/Accessories page/Bongs - water pipes' is clicked on

2019-06-07 13:28:25 - [MESSAGE][PASSED] - Object: 'Object Repository/OCS-DESKTOP/Accessories page/Bongs - water pipes' is clicked on

2019-06-07 13:28:25 - [TEST_STEP][PASSED] - delay(1, CONTINUE_ON_FAILURE): Delayed 1 second(s)

2019-06-07 13:28:26 - [MESSAGE][PASSED] - Delayed 1 second(s)

2019-06-07 13:28:26 - [TEST_STEP][PASSED] - a1 = getWindowTitle(CONTINUE_ON_FAILURE): Current window's title is: 'Bongs & Water Pipes | Ontario Cannabis Store'

2019-06-07 13:28:26 - [MESSAGE][PASSED] - Current window's title is: 'Bongs & Water Pipes | Ontario Cannabis Store'

2019-06-07 13:28:26 - [TEST_STEP][PASSED] - comment(a1): Bongs & Water Pipes | Ontario Cannabis Store

2019-06-07 13:28:26 - [MESSAGE][INFO] - Bongs & Water Pipes | Ontario Cannabis Store

2019-06-07 13:28:26 - [TEST_STEP][PASSED] - b1 = "Bongs & Water Pipes | Ontario Cannabis Store": null

2019-06-07 13:28:26 - [TEST_STEP][PASSED] - comment(b1): Bongs & Water Pipes | Ontario Cannabis Store

2019-06-07 13:28:26 - [MESSAGE][INFO] - Bongs & Water Pipes | Ontario Cannabis Store

2019-06-07 13:28:26 - [TEST_STEP][PASSED] - if (a1 == b1): correct window page 

2019-06-07 13:28:26 - [TEST_STEP][PASSED] - comment("correct window page "): correct window page 

2019-06-07 13:28:26 - [MESSAGE][INFO] - correct window page 

2019-06-07 13:28:26 - [TEST_STEP][PASSED] - delay(1, CONTINUE_ON_FAILURE): Delayed 1 second(s)

2019-06-07 13:28:27 - [MESSAGE][PASSED] - Delayed 1 second(s)

2019-06-07 13:28:27 - [TEST_STEP][PASSED] - click(findTestObject("OCS-DESKTOP/Age gate and Mega menu/Header/ACCESSORIES menu - En"), CONTINUE_ON_FAILURE): Object: 'Object Repository/OCS-DESKTOP/Age gate and Mega menu/Header/ACCESSORIES menu - En' is clicked on

2019-06-07 13:28:27 - [MESSAGE][PASSED] - Object: 'Object Repository/OCS-DESKTOP/Age gate and Mega menu/Header/ACCESSORIES menu - En' is clicked on

2019-06-07 13:28:27 - [TEST_STEP][PASSED] - delay(2, CONTINUE_ON_FAILURE): Delayed 2 second(s)

2019-06-07 13:28:29 - [MESSAGE][PASSED] - Delayed 2 second(s)

2019-06-07 13:28:29 - [TEST_STEP][PASSED] - delay(1, CONTINUE_ON_FAILURE): Delayed 1 second(s)

2019-06-07 13:28:30 - [MESSAGE][PASSED] - Delayed 1 second(s)

2019-06-07 13:28:30 - [TEST_STEP][PASSED] - click(findTestObject("OCS-DESKTOP/Accessories page/Handheld pipes"), CONTINUE_ON_FAILURE): Object: 'Object Repository/OCS-DESKTOP/Accessories page/Handheld pipes' is clicked on

2019-06-07 13:28:32 - [MESSAGE][PASSED] - Object: 'Object Repository/OCS-DESKTOP/Accessories page/Handheld pipes' is clicked on

2019-06-07 13:28:32 - [TEST_STEP][PASSED] - delay(1, CONTINUE_ON_FAILURE): Delayed 1 second(s)

2019-06-07 13:28:33 - [MESSAGE][PASSED] - Delayed 1 second(s)

2019-06-07 13:28:33 - [TEST_STEP][PASSED] - a11 = getWindowTitle(CONTINUE_ON_FAILURE): Current window's title is: 'Handheld Pipes | Ontario Cannabis Store'

2019-06-07 13:28:33 - [MESSAGE][PASSED] - Current window's title is: 'Handheld Pipes | Ontario Cannabis Store'

2019-06-07 13:28:33 - [TEST_STEP][PASSED] - comment(a11): Handheld Pipes | Ontario Cannabis Store

2019-06-07 13:28:33 - [MESSAGE][INFO] - Handheld Pipes | Ontario Cannabis Store

2019-06-07 13:28:33 - [TEST_STEP][PASSED] - b11 = "Handheld Pipes | Ontario Cannabis Store": null

2019-06-07 13:28:33 - [TEST_STEP][PASSED] - comment(b11): Handheld Pipes | Ontario Cannabis Store

2019-06-07 13:28:33 - [MESSAGE][INFO] - Handheld Pipes | Ontario Cannabis Store

2019-06-07 13:28:33 - [TEST_STEP][PASSED] - if (a11 == b11): correct window page 

2019-06-07 13:28:33 - [TEST_STEP][PASSED] - comment("correct window page "): correct window page 

2019-06-07 13:28:33 - [MESSAGE][INFO] - correct window page 

2019-06-07 13:28:33 - [TEST_STEP][PASSED] - delay(1, CONTINUE_ON_FAILURE): Delayed 1 second(s)

2019-06-07 13:28:34 - [MESSAGE][PASSED] - Delayed 1 second(s)

2019-06-07 13:28:34 - [TEST_STEP][PASSED] - click(findTestObject("OCS-DESKTOP/Age gate and Mega menu/Header/ACCESSORIES menu - En"), CONTINUE_ON_FAILURE): Object: 'Object Repository/OCS-DESKTOP/Age gate and Mega menu/Header/ACCESSORIES menu - En' is clicked on

2019-06-07 13:28:34 - [MESSAGE][PASSED] - Object: 'Object Repository/OCS-DESKTOP/Age gate and Mega menu/Header/ACCESSORIES menu - En' is clicked on

2019-06-07 13:28:34 - [TEST_STEP][PASSED] - delay(2, CONTINUE_ON_FAILURE): Delayed 2 second(s)

2019-06-07 13:28:36 - [MESSAGE][PASSED] - Delayed 2 second(s)

2019-06-07 13:28:36 - [TEST_STEP][PASSED] - delay(1, CONTINUE_ON_FAILURE): Delayed 1 second(s)

2019-06-07 13:28:37 - [MESSAGE][PASSED] - Delayed 1 second(s)

2019-06-07 13:28:37 - [TEST_STEP][PASSED] - click(findTestObject("OCS-DESKTOP/Accessories page/Papers -filters"), CONTINUE_ON_FAILURE): Object: 'Object Repository/OCS-DESKTOP/Accessories page/Papers -filters' is clicked on

2019-06-07 13:28:39 - [MESSAGE][PASSED] - Object: 'Object Repository/OCS-DESKTOP/Accessories page/Papers -filters' is clicked on

2019-06-07 13:28:39 - [TEST_STEP][PASSED] - delay(1, CONTINUE_ON_FAILURE): Delayed 1 second(s)

2019-06-07 13:28:40 - [MESSAGE][PASSED] - Delayed 1 second(s)

2019-06-07 13:28:40 - [TEST_STEP][PASSED] - a111 = getWindowTitle(CONTINUE_ON_FAILURE): Current window's title is: 'Papers & Filters | Ontario Cannabis Store'

2019-06-07 13:28:40 - [MESSAGE][PASSED] - Current window's title is: 'Papers & Filters | Ontario Cannabis Store'

2019-06-07 13:28:40 - [TEST_STEP][PASSED] - comment(a111): Papers & Filters | Ontario Cannabis Store

2019-06-07 13:28:40 - [MESSAGE][INFO] - Papers & Filters | Ontario Cannabis Store

2019-06-07 13:28:40 - [TEST_STEP][PASSED] - b111 = "Papers & Filters | Ontario Cannabis Store": null

2019-06-07 13:28:40 - [TEST_STEP][PASSED] - comment(b111): Papers & Filters | Ontario Cannabis Store

2019-06-07 13:28:40 - [MESSAGE][INFO] - Papers & Filters | Ontario Cannabis Store

2019-06-07 13:28:40 - [TEST_STEP][PASSED] - if (a111 == b111): correct window page 

2019-06-07 13:28:40 - [TEST_STEP][PASSED] - comment("correct window page "): correct window page 

2019-06-07 13:28:40 - [MESSAGE][INFO] - correct window page 

2019-06-07 13:28:40 - [TEST_STEP][PASSED] - delay(1, CONTINUE_ON_FAILURE): Delayed 1 second(s)

2019-06-07 13:28:41 - [MESSAGE][PASSED] - Delayed 1 second(s)

2019-06-07 13:28:41 - [TEST_STEP][PASSED] - click(findTestObject("OCS-DESKTOP/Age gate and Mega menu/Header/ACCESSORIES menu - En"), CONTINUE_ON_FAILURE): Object: 'Object Repository/OCS-DESKTOP/Age gate and Mega menu/Header/ACCESSORIES menu - En' is clicked on

2019-06-07 13:28:41 - [MESSAGE][PASSED] - Object: 'Object Repository/OCS-DESKTOP/Age gate and Mega menu/Header/ACCESSORIES menu - En' is clicked on

2019-06-07 13:28:41 - [TEST_STEP][PASSED] - delay(2, CONTINUE_ON_FAILURE): Delayed 2 second(s)

2019-06-07 13:28:43 - [MESSAGE][PASSED] - Delayed 2 second(s)

2019-06-07 13:28:43 - [TEST_STEP][PASSED] - delay(1, CONTINUE_ON_FAILURE): Delayed 1 second(s)

2019-06-07 13:28:44 - [MESSAGE][PASSED] - Delayed 1 second(s)

2019-06-07 13:28:44 - [TEST_STEP][PASSED] - click(findTestObject("OCS-DESKTOP/Accessories page/Grinders"), CONTINUE_ON_FAILURE): Object: 'Object Repository/OCS-DESKTOP/Accessories page/Grinders' is clicked on

2019-06-07 13:28:46 - [MESSAGE][PASSED] - Object: 'Object Repository/OCS-DESKTOP/Accessories page/Grinders' is clicked on

2019-06-07 13:28:46 - [TEST_STEP][PASSED] - delay(1, CONTINUE_ON_FAILURE): Delayed 1 second(s)

2019-06-07 13:28:47 - [MESSAGE][PASSED] - Delayed 1 second(s)

2019-06-07 13:28:47 - [TEST_STEP][PASSED] - a1111 = getWindowTitle(CONTINUE_ON_FAILURE): Current window's title is: 'Grinders | Ontario Cannabis Store'

2019-06-07 13:28:47 - [MESSAGE][PASSED] - Current window's title is: 'Grinders | Ontario Cannabis Store'

2019-06-07 13:28:47 - [TEST_STEP][PASSED] - comment(a1111): Grinders | Ontario Cannabis Store

2019-06-07 13:28:47 - [MESSAGE][INFO] - Grinders | Ontario Cannabis Store

2019-06-07 13:28:47 - [TEST_STEP][PASSED] - b1111 = "Grinders | Ontario Cannabis Store": null

2019-06-07 13:28:47 - [TEST_STEP][PASSED] - comment(b1111): Grinders | Ontario Cannabis Store

2019-06-07 13:28:47 - [MESSAGE][INFO] - Grinders | Ontario Cannabis Store

2019-06-07 13:28:47 - [TEST_STEP][PASSED] - if (a1111 == b1111): correct window page 

2019-06-07 13:28:47 - [TEST_STEP][PASSED] - comment("correct window page "): correct window page 

2019-06-07 13:28:47 - [MESSAGE][INFO] - correct window page 

2019-06-07 13:28:47 - [TEST_STEP][PASSED] - delay(1, CONTINUE_ON_FAILURE): Delayed 1 second(s)

2019-06-07 13:28:48 - [MESSAGE][PASSED] - Delayed 1 second(s)

2019-06-07 13:28:48 - [TEST_STEP][PASSED] - click(findTestObject("OCS-DESKTOP/Age gate and Mega menu/Header/ACCESSORIES menu - En"), CONTINUE_ON_FAILURE): Object: 'Object Repository/OCS-DESKTOP/Age gate and Mega menu/Header/ACCESSORIES menu - En' is clicked on

2019-06-07 13:28:48 - [MESSAGE][PASSED] - Object: 'Object Repository/OCS-DESKTOP/Age gate and Mega menu/Header/ACCESSORIES menu - En' is clicked on

2019-06-07 13:28:48 - [TEST_STEP][PASSED] - delay(2, CONTINUE_ON_FAILURE): Delayed 2 second(s)

2019-06-07 13:28:50 - [MESSAGE][PASSED] - Delayed 2 second(s)

2019-06-07 13:28:50 - [TEST_STEP][PASSED] - delay(1, CONTINUE_ON_FAILURE): Delayed 1 second(s)

2019-06-07 13:28:51 - [MESSAGE][PASSED] - Delayed 1 second(s)

2019-06-07 13:28:51 - [TEST_STEP][PASSED] - click(findTestObject("OCS-DESKTOP/Accessories page/Tools -kits"), CONTINUE_ON_FAILURE): Object: 'Object Repository/OCS-DESKTOP/Accessories page/Tools -kits' is clicked on

2019-06-07 13:28:52 - [MESSAGE][PASSED] - Object: 'Object Repository/OCS-DESKTOP/Accessories page/Tools -kits' is clicked on

2019-06-07 13:28:52 - [TEST_STEP][PASSED] - delay(1, CONTINUE_ON_FAILURE): Delayed 1 second(s)

2019-06-07 13:28:53 - [MESSAGE][PASSED] - Delayed 1 second(s)

2019-06-07 13:28:53 - [TEST_STEP][PASSED] - a11111 = getWindowTitle(CONTINUE_ON_FAILURE): Current window's title is: 'Multi-Tools & Kits | Ontario Cannabis Store'

2019-06-07 13:28:53 - [MESSAGE][PASSED] - Current window's title is: 'Multi-Tools & Kits | Ontario Cannabis Store'

2019-06-07 13:28:53 - [TEST_STEP][PASSED] - comment(a11111): Multi-Tools & Kits | Ontario Cannabis Store

2019-06-07 13:28:53 - [MESSAGE][INFO] - Multi-Tools & Kits | Ontario Cannabis Store

2019-06-07 13:28:53 - [TEST_STEP][PASSED] - b11111 = "Multi-Tools & Kits | Ontario Cannabis Store": null

2019-06-07 13:28:53 - [TEST_STEP][PASSED] - comment(b11111): Multi-Tools & Kits | Ontario Cannabis Store

2019-06-07 13:28:53 - [MESSAGE][INFO] - Multi-Tools & Kits | Ontario Cannabis Store

2019-06-07 13:28:53 - [TEST_STEP][PASSED] - if (a11111 == b11111): correct window page 

2019-06-07 13:28:53 - [TEST_STEP][PASSED] - comment("correct window page "): correct window page 

2019-06-07 13:28:53 - [MESSAGE][INFO] - correct window page 

2019-06-07 13:28:53 - [TEST_STEP][PASSED] - delay(1, CONTINUE_ON_FAILURE): Delayed 1 second(s)

2019-06-07 13:28:54 - [MESSAGE][PASSED] - Delayed 1 second(s)

2019-06-07 13:28:54 - [TEST_STEP][PASSED] - click(findTestObject("OCS-DESKTOP/Age gate and Mega menu/Header/ACCESSORIES menu - En"), CONTINUE_ON_FAILURE): Object: 'Object Repository/OCS-DESKTOP/Age gate and Mega menu/Header/ACCESSORIES menu - En' is clicked on

2019-06-07 13:28:54 - [MESSAGE][PASSED] - Object: 'Object Repository/OCS-DESKTOP/Age gate and Mega menu/Header/ACCESSORIES menu - En' is clicked on

2019-06-07 13:28:54 - [TEST_STEP][PASSED] - delay(2, CONTINUE_ON_FAILURE): Delayed 2 second(s)

2019-06-07 13:28:56 - [MESSAGE][PASSED] - Delayed 2 second(s)

2019-06-07 13:28:56 - [TEST_STEP][PASSED] - delay(1, CONTINUE_ON_FAILURE): Delayed 1 second(s)

2019-06-07 13:28:57 - [MESSAGE][PASSED] - Delayed 1 second(s)

2019-06-07 13:28:57 - [TEST_STEP][PASSED] - click(findTestObject("OCS-DESKTOP/Accessories page/Cleaning supplies"), CONTINUE_ON_FAILURE): Object: 'Object Repository/OCS-DESKTOP/Accessories page/Cleaning supplies' is clicked on

2019-06-07 13:28:59 - [MESSAGE][PASSED] - Object: 'Object Repository/OCS-DESKTOP/Accessories page/Cleaning supplies' is clicked on

2019-06-07 13:28:59 - [TEST_STEP][PASSED] - delay(1, CONTINUE_ON_FAILURE): Delayed 1 second(s)

2019-06-07 13:29:00 - [MESSAGE][PASSED] - Delayed 1 second(s)

2019-06-07 13:29:00 - [TEST_STEP][PASSED] - a12 = getWindowTitle(CONTINUE_ON_FAILURE): Current window's title is: 'Cleaning Supplies | Ontario Cannabis Store'

2019-06-07 13:29:00 - [MESSAGE][PASSED] - Current window's title is: 'Cleaning Supplies | Ontario Cannabis Store'

2019-06-07 13:29:00 - [TEST_STEP][PASSED] - comment(a12): Cleaning Supplies | Ontario Cannabis Store

2019-06-07 13:29:00 - [MESSAGE][INFO] - Cleaning Supplies | Ontario Cannabis Store

2019-06-07 13:29:00 - [TEST_STEP][PASSED] - b12 = "Cleaning Supplies | Ontario Cannabis Store": null

2019-06-07 13:29:00 - [TEST_STEP][PASSED] - comment(b12): Cleaning Supplies | Ontario Cannabis Store

2019-06-07 13:29:00 - [MESSAGE][INFO] - Cleaning Supplies | Ontario Cannabis Store

2019-06-07 13:29:00 - [TEST_STEP][PASSED] - if (a12 == b12): correct window page 

2019-06-07 13:29:00 - [TEST_STEP][PASSED] - comment("correct window page "): correct window page 

2019-06-07 13:29:00 - [MESSAGE][INFO] - correct window page 

2019-06-07 13:29:00 - [TEST_STEP][PASSED] - delay(1, CONTINUE_ON_FAILURE): Delayed 1 second(s)

2019-06-07 13:29:01 - [MESSAGE][PASSED] - Delayed 1 second(s)

2019-06-07 13:29:01 - [TEST_STEP][PASSED] - click(findTestObject("OCS-DESKTOP/Age gate and Mega menu/Header/ACCESSORIES menu - En"), CONTINUE_ON_FAILURE): Object: 'Object Repository/OCS-DESKTOP/Age gate and Mega menu/Header/ACCESSORIES menu - En' is clicked on

2019-06-07 13:29:01 - [MESSAGE][PASSED] - Object: 'Object Repository/OCS-DESKTOP/Age gate and Mega menu/Header/ACCESSORIES menu - En' is clicked on

2019-06-07 13:29:01 - [TEST_STEP][PASSED] - delay(2, CONTINUE_ON_FAILURE): Delayed 2 second(s)

2019-06-07 13:29:03 - [MESSAGE][PASSED] - Delayed 2 second(s)

2019-06-07 13:29:03 - [TEST_STEP][PASSED] - delay(1, CONTINUE_ON_FAILURE): Delayed 1 second(s)

2019-06-07 13:29:04 - [MESSAGE][PASSED] - Delayed 1 second(s)

2019-06-07 13:29:04 - [TEST_STEP][PASSED] - click(findTestObject("OCS-DESKTOP/Accessories page/Storage"), CONTINUE_ON_FAILURE): Object: 'Object Repository/OCS-DESKTOP/Accessories page/Storage' is clicked on

2019-06-07 13:29:06 - [MESSAGE][PASSED] - Object: 'Object Repository/OCS-DESKTOP/Accessories page/Storage' is clicked on

2019-06-07 13:29:06 - [TEST_STEP][PASSED] - delay(1, CONTINUE_ON_FAILURE): Delayed 1 second(s)

2019-06-07 13:29:07 - [MESSAGE][PASSED] - Delayed 1 second(s)

2019-06-07 13:29:07 - [TEST_STEP][PASSED] - a13 = getWindowTitle(CONTINUE_ON_FAILURE): Current window's title is: 'Storage | Ontario Cannabis Store'

2019-06-07 13:29:07 - [MESSAGE][PASSED] - Current window's title is: 'Storage | Ontario Cannabis Store'

2019-06-07 13:29:07 - [TEST_STEP][PASSED] - comment(a13): Storage | Ontario Cannabis Store

2019-06-07 13:29:07 - [MESSAGE][INFO] - Storage | Ontario Cannabis Store

2019-06-07 13:29:07 - [TEST_STEP][PASSED] - b13 = "Storage | Ontario Cannabis Store": null

2019-06-07 13:29:07 - [TEST_STEP][PASSED] - comment(b): Vaporizers | Ontario Cannabis Store

2019-06-07 13:29:07 - [MESSAGE][INFO] - Vaporizers | Ontario Cannabis Store

2019-06-07 13:29:07 - [TEST_STEP][PASSED] - if (a13 == b13): correct window page 

2019-06-07 13:29:07 - [TEST_STEP][PASSED] - comment("correct window page "): correct window page 

2019-06-07 13:29:07 - [MESSAGE][INFO] - correct window page 

2019-06-07 13:29:07 - [TEST_STEP][PASSED] - delay(1, CONTINUE_ON_FAILURE): Delayed 1 second(s)

2019-06-07 13:29:08 - [MESSAGE][PASSED] - Delayed 1 second(s)

2019-06-07 13:29:08 - [TEST_STEP][PASSED] - click(findTestObject("OCS-DESKTOP/Age gate and Mega menu/Header/ACCESSORIES menu - En"), CONTINUE_ON_FAILURE): Object: 'Object Repository/OCS-DESKTOP/Age gate and Mega menu/Header/ACCESSORIES menu - En' is clicked on

2019-06-07 13:29:08 - [MESSAGE][PASSED] - Object: 'Object Repository/OCS-DESKTOP/Age gate and Mega menu/Header/ACCESSORIES menu - En' is clicked on

2019-06-07 13:29:08 - [TEST_STEP][PASSED] - delay(2, CONTINUE_ON_FAILURE): Delayed 2 second(s)

2019-06-07 13:29:10 - [MESSAGE][PASSED] - Delayed 2 second(s)

2019-06-07 13:29:10 - [TEST_STEP][PASSED] - delay(1, CONTINUE_ON_FAILURE): Delayed 1 second(s)

2019-06-07 13:29:11 - [MESSAGE][PASSED] - Delayed 1 second(s)

2019-06-07 13:29:11 - [TEST_STEP][PASSED] - click(findTestObject("OCS-DESKTOP/Accessories page/Trays"), CONTINUE_ON_FAILURE): Object: 'Object Repository/OCS-DESKTOP/Accessories page/Trays' is clicked on

2019-06-07 13:29:13 - [MESSAGE][PASSED] - Object: 'Object Repository/OCS-DESKTOP/Accessories page/Trays' is clicked on

2019-06-07 13:29:13 - [TEST_STEP][PASSED] - delay(1, CONTINUE_ON_FAILURE): Delayed 1 second(s)

2019-06-07 13:29:14 - [MESSAGE][PASSED] - Delayed 1 second(s)

2019-06-07 13:29:14 - [TEST_STEP][PASSED] - a14 = getWindowTitle(CONTINUE_ON_FAILURE): Current window's title is: 'Trays | Ontario Cannabis Store'

2019-06-07 13:29:14 - [MESSAGE][PASSED] - Current window's title is: 'Trays | Ontario Cannabis Store'

2019-06-07 13:29:14 - [TEST_STEP][PASSED] - comment(a14): Trays | Ontario Cannabis Store

2019-06-07 13:29:14 - [MESSAGE][INFO] - Trays | Ontario Cannabis Store

2019-06-07 13:29:14 - [TEST_STEP][PASSED] - b14 = "Trays | Ontario Cannabis Store": null

2019-06-07 13:29:14 - [TEST_STEP][PASSED] - comment(b14): Trays | Ontario Cannabis Store

2019-06-07 13:29:14 - [MESSAGE][INFO] - Trays | Ontario Cannabis Store

2019-06-07 13:29:14 - [TEST_STEP][PASSED] - if (a14 == b14): correct window page 

2019-06-07 13:29:14 - [TEST_STEP][PASSED] - comment("correct window page "): correct window page 

2019-06-07 13:29:14 - [MESSAGE][INFO] - correct window page 

2019-06-07 13:29:14 - [TEST_STEP][PASSED] - delay(1, CONTINUE_ON_FAILURE): Delayed 1 second(s)

2019-06-07 13:29:15 - [MESSAGE][PASSED] - Delayed 1 second(s)

2019-06-07 13:29:15 - [TEST_STEP][PASSED] - click(findTestObject("OCS-DESKTOP/Age gate and Mega menu/Header/ACCESSORIES menu - En"), CONTINUE_ON_FAILURE): Object: 'Object Repository/OCS-DESKTOP/Age gate and Mega menu/Header/ACCESSORIES menu - En' is clicked on

2019-06-07 13:29:15 - [MESSAGE][PASSED] - Object: 'Object Repository/OCS-DESKTOP/Age gate and Mega menu/Header/ACCESSORIES menu - En' is clicked on

2019-06-07 13:29:15 - [TEST_STEP][PASSED] - delay(2, CONTINUE_ON_FAILURE): Delayed 2 second(s)

2019-06-07 13:29:17 - [MESSAGE][PASSED] - Delayed 2 second(s)

2019-06-07 13:29:17 - [TEST_STEP][PASSED] - delay(1, CONTINUE_ON_FAILURE): Delayed 1 second(s)

2019-06-07 13:29:18 - [MESSAGE][PASSED] - Delayed 1 second(s)

2019-06-07 13:29:18 - [TEST_STEP][PASSED] - click(findTestObject("OCS-DESKTOP/Accessories page/Infusers"), CONTINUE_ON_FAILURE): Object: 'Object Repository/OCS-DESKTOP/Accessories page/Infusers' is clicked on

2019-06-07 13:29:19 - [MESSAGE][PASSED] - Object: 'Object Repository/OCS-DESKTOP/Accessories page/Infusers' is clicked on

2019-06-07 13:29:19 - [TEST_STEP][PASSED] - delay(1, CONTINUE_ON_FAILURE): Delayed 1 second(s)

2019-06-07 13:29:20 - [MESSAGE][PASSED] - Delayed 1 second(s)

2019-06-07 13:29:20 - [TEST_STEP][PASSED] - a15 = getWindowTitle(CONTINUE_ON_FAILURE): Current window's title is: 'Infusers | Ontario Cannabis Store'

2019-06-07 13:29:20 - [MESSAGE][PASSED] - Current window's title is: 'Infusers | Ontario Cannabis Store'

2019-06-07 13:29:20 - [TEST_STEP][PASSED] - comment(a15): Infusers | Ontario Cannabis Store

2019-06-07 13:29:20 - [MESSAGE][INFO] - Infusers | Ontario Cannabis Store

2019-06-07 13:29:20 - [TEST_STEP][PASSED] - b15 = "Infusers | Ontario Cannabis Store": null

2019-06-07 13:29:20 - [TEST_STEP][PASSED] - comment(b15): Infusers | Ontario Cannabis Store

2019-06-07 13:29:20 - [MESSAGE][INFO] - Infusers | Ontario Cannabis Store

2019-06-07 13:29:20 - [TEST_STEP][PASSED] - if (a15 == b15): correct window page 

2019-06-07 13:29:20 - [TEST_STEP][PASSED] - comment("correct window page "): correct window page 

2019-06-07 13:29:20 - [MESSAGE][INFO] - correct window page 

2019-06-07 13:29:20 - [TEST_STEP][PASSED] - delay(1, CONTINUE_ON_FAILURE): Delayed 1 second(s)

2019-06-07 13:29:21 - [MESSAGE][PASSED] - Delayed 1 second(s)

2019-06-07 13:29:21 - [TEST_STEP][PASSED] - click(findTestObject("OCS-DESKTOP/Age gate and Mega menu/Header/ACCESSORIES menu - En"), CONTINUE_ON_FAILURE): Object: 'Object Repository/OCS-DESKTOP/Age gate and Mega menu/Header/ACCESSORIES menu - En' is clicked on

2019-06-07 13:29:21 - [MESSAGE][PASSED] - Object: 'Object Repository/OCS-DESKTOP/Age gate and Mega menu/Header/ACCESSORIES menu - En' is clicked on

2019-06-07 13:29:21 - [TEST_STEP][PASSED] - delay(2, CONTINUE_ON_FAILURE): Delayed 2 second(s)

2019-06-07 13:29:23 - [MESSAGE][PASSED] - Delayed 2 second(s)

2019-06-07 13:29:23 - [TEST_STEP][PASSED] - delay(1, CONTINUE_ON_FAILURE): Delayed 1 second(s)

2019-06-07 13:29:24 - [MESSAGE][PASSED] - Delayed 1 second(s)

2019-06-07 13:29:24 - [TEST_STEP][PASSED] - executeJavaScript("var previewBar = document.getElementById("preview-bar-iframe"); previewBar.style.display = "none";", []): Execute JavaScript 'var previewBar = document.getElementById("preview-bar-iframe"); previewBar.style.display = "none";' successfully

2019-06-07 13:29:24 - [MESSAGE][PASSED] - Execute JavaScript 'var previewBar = document.getElementById("preview-bar-iframe"); previewBar.style.display = "none";' successfully

2019-06-07 13:29:24 - [TEST_STEP][PASSED] - delay(1, CONTINUE_ON_FAILURE): Delayed 1 second(s)

2019-06-07 13:29:25 - [MESSAGE][PASSED] - Delayed 1 second(s)

2019-06-07 13:29:25 - [TEST_STEP][PASSED] - click(findTestObject("OCS-DESKTOP/Accessories page/Best selling pipes")): Object: 'Object Repository/OCS-DESKTOP/Accessories page/Best selling pipes' is clicked on

2019-06-07 13:29:28 - [MESSAGE][PASSED] - Object: 'Object Repository/OCS-DESKTOP/Accessories page/Best selling pipes' is clicked on

2019-06-07 13:29:28 - [TEST_STEP][PASSED] - delay(1, OPTIONAL): Delayed 1 second(s)

2019-06-07 13:29:29 - [MESSAGE][PASSED] - Delayed 1 second(s)

2019-06-07 13:29:29 - [TEST_STEP][FAILED] - flag = verifyTextPresent("Page Not Found", false, CONTINUE_ON_FAILURE): Text 'Page Not Found' is not present on page 

2019-06-07 13:29:29 - [MESSAGE][FAILED] - Text 'Page Not Found' is not present on page 

2019-06-07 13:29:29 - [TEST_STEP][PASSED] - comment("flag=" + flag): flag=false

2019-06-07 13:29:29 - [MESSAGE][INFO] - flag=false

2019-06-07 13:29:29 - [TEST_STEP][PASSED] - if (flag == true): null

2019-06-07 13:29:29 - [TEST_STEP][PASSED] - else: Some random page 

2019-06-07 13:29:29 - [TEST_STEP][PASSED] - x = getWindowTitle(CONTINUE_ON_FAILURE): Current window's title is: 'Vaporizers | Ontario Cannabis Store'

2019-06-07 13:29:29 - [MESSAGE][PASSED] - Current window's title is: 'Vaporizers | Ontario Cannabis Store'

2019-06-07 13:29:29 - [TEST_STEP][PASSED] - comment(x): Vaporizers | Ontario Cannabis Store

2019-06-07 13:29:29 - [MESSAGE][INFO] - Vaporizers | Ontario Cannabis Store

2019-06-07 13:29:29 - [TEST_STEP][PASSED] - y = "best selling pipes | Ontario Cannabis Store": null

2019-06-07 13:29:29 - [TEST_STEP][PASSED] - comment(y): best selling pipes | Ontario Cannabis Store

2019-06-07 13:29:29 - [MESSAGE][INFO] - best selling pipes | Ontario Cannabis Store

2019-06-07 13:29:29 - [TEST_STEP][PASSED] - if (x == y): null

2019-06-07 13:29:29 - [TEST_STEP][PASSED] - else: Some random page 

2019-06-07 13:29:29 - [TEST_STEP][PASSED] - comment("Some random page "): Some random page 

2019-06-07 13:29:29 - [MESSAGE][INFO] - Some random page 

2019-06-07 13:29:29 - [TEST_STEP][PASSED] - click(findTestObject("OCS-DESKTOP/Age gate and Mega menu/Header/ACCESSORIES menu - En"), CONTINUE_ON_FAILURE): Object: 'Object Repository/OCS-DESKTOP/Age gate and Mega menu/Header/ACCESSORIES menu - En' is clicked on

2019-06-07 13:29:29 - [MESSAGE][PASSED] - Object: 'Object Repository/OCS-DESKTOP/Age gate and Mega menu/Header/ACCESSORIES menu - En' is clicked on

2019-06-07 13:29:29 - [TEST_STEP][PASSED] - delay(2, CONTINUE_ON_FAILURE): Delayed 2 second(s)

2019-06-07 13:29:31 - [MESSAGE][PASSED] - Delayed 2 second(s)

2019-06-07 13:29:31 - [TEST_STEP][PASSED] - delay(1, CONTINUE_ON_FAILURE): Delayed 1 second(s)

2019-06-07 13:29:32 - [MESSAGE][PASSED] - Delayed 1 second(s)

2019-06-07 13:29:32 - [TEST_STEP][PASSED] - executeJavaScript("var previewBar = document.getElementById("preview-bar-iframe"); previewBar.style.display = "none";", []): Execute JavaScript 'var previewBar = document.getElementById("preview-bar-iframe"); previewBar.style.display = "none";' successfully

2019-06-07 13:29:32 - [MESSAGE][PASSED] - Execute JavaScript 'var previewBar = document.getElementById("preview-bar-iframe"); previewBar.style.display = "none";' successfully

2019-06-07 13:29:32 - [TEST_STEP][PASSED] - click(findTestObject("OCS-DESKTOP/Accessories page/Travel storage")): Object: 'Object Repository/OCS-DESKTOP/Accessories page/Travel storage' is clicked on

2019-06-07 13:29:34 - [MESSAGE][PASSED] - Object: 'Object Repository/OCS-DESKTOP/Accessories page/Travel storage' is clicked on

2019-06-07 13:29:34 - [TEST_STEP][FAILED] - flag1 = verifyTextPresent("Page Not Found", false): flag1 = verifyTextPresent("Page Not Found", false) FAILED.
Reason:
com.kms.katalon.core.exception.StepFailedException: Text 'Page Not Found' is not present on page 
	at com.kms.katalon.core.keyword.internal.KeywordMain.stepFailed(KeywordMain.groovy:32)
	at com.kms.katalon.core.webui.keyword.internal.WebUIKeywordMain.stepFailed(WebUIKeywordMain.groovy:65)
	at com.kms.katalon.core.webui.keyword.builtin.VerifyTextPresentKeyword$_verifyTextPresent_closure1.doCall(VerifyTextPresentKeyword.groovy:79)
	at com.kms.katalon.core.webui.keyword.builtin.VerifyTextPresentKeyword$_verifyTextPresent_closure1.call(VerifyTextPresentKeyword.groovy)
	at com.kms.katalon.core.webui.keyword.internal.WebUIKeywordMain.runKeyword(WebUIKeywordMain.groovy:21)
	at com.kms.katalon.core.webui.keyword.builtin.VerifyTextPresentKeyword.verifyTextPresent(VerifyTextPresentKeyword.groovy:83)
	at com.kms.katalon.core.webui.keyword.builtin.VerifyTextPresentKeyword.execute(VerifyTextPresentKeyword.groovy:68)
	at com.kms.katalon.core.keyword.internal.KeywordExecutor.executeKeywordForPlatform(KeywordExecutor.groovy:53)
	at com.kms.katalon.core.webui.keyword.WebUiBuiltInKeywords.verifyTextPresent(WebUiBuiltInKeywords.groovy:1677)
	at com.kms.katalon.core.webui.keyword.WebUiBuiltInKeywords$verifyTextPresent$18.call(Unknown Source)
	at HP-Burger menu-Accessories.run(HP-Burger menu-Accessories:302)
	at com.kms.katalon.core.main.ScriptEngine.run(ScriptEngine.java:194)
	at com.kms.katalon.core.main.ScriptEngine.runScriptAsRawText(ScriptEngine.java:119)
	at com.kms.katalon.core.main.TestCaseExecutor.runScript(TestCaseExecutor.java:328)
	at com.kms.katalon.core.main.TestCaseExecutor.doExecute(TestCaseExecutor.java:319)
	at com.kms.katalon.core.main.TestCaseExecutor.processExecutionPhase(TestCaseExecutor.java:298)
	at com.kms.katalon.core.main.TestCaseExecutor.accessMainPhase(TestCaseExecutor.java:290)
	at com.kms.katalon.core.main.TestCaseExecutor.execute(TestCaseExecutor.java:224)
	at com.kms.katalon.core.main.TestSuiteExecutor.accessTestCaseMainPhase(TestSuiteExecutor.java:129)
	at com.kms.katalon.core.main.TestSuiteExecutor.accessTestSuiteMainPhase(TestSuiteExecutor.java:112)
	at com.kms.katalon.core.main.TestSuiteExecutor.execute(TestSuiteExecutor.java:81)
	at com.kms.katalon.core.main.TestCaseMain.startTestSuite(TestCaseMain.java:149)
	at com.kms.katalon.core.main.TestCaseMain$startTestSuite$0.call(Unknown Source)
	at TempTestSuite1559927775427.run(TempTestSuite1559927775427.groovy:36)


2019-06-07 13:29:34 - [MESSAGE][FAILED] - Text 'Page Not Found' is not present on page 

2019-06-07 13:29:35 - [MESSAGE][FAILED] - Unable to verify text 'Page Not Found' is present  (Root cause: com.kms.katalon.core.exception.StepFailedException: Text 'Page Not Found' is not present on page )
[[ATTACHMENT|/Users/sumankompelly/Relative xpath-Desktop/Reports/OCS- 1.9.2.1/20190607_131615/1559928574421.png]]

2019-06-07 13:29:35 - [MESSAGE][FAILED] - flag1 = verifyTextPresent("Page Not Found", false) FAILED.
Reason:
com.kms.katalon.core.exception.StepFailedException: Text 'Page Not Found' is not present on page 
	at com.kms.katalon.core.keyword.internal.KeywordMain.stepFailed(KeywordMain.groovy:32)
	at com.kms.katalon.core.webui.keyword.internal.WebUIKeywordMain.stepFailed(WebUIKeywordMain.groovy:65)
	at com.kms.katalon.core.webui.keyword.builtin.VerifyTextPresentKeyword$_verifyTextPresent_closure1.doCall(VerifyTextPresentKeyword.groovy:79)
	at com.kms.katalon.core.webui.keyword.builtin.VerifyTextPresentKeyword$_verifyTextPresent_closure1.call(VerifyTextPresentKeyword.groovy)
	at com.kms.katalon.core.webui.keyword.internal.WebUIKeywordMain.runKeyword(WebUIKeywordMain.groovy:21)
	at com.kms.katalon.core.webui.keyword.builtin.VerifyTextPresentKeyword.verifyTextPresent(VerifyTextPresentKeyword.groovy:83)
	at com.kms.katalon.core.webui.keyword.builtin.VerifyTextPresentKeyword.execute(VerifyTextPresentKeyword.groovy:68)
	at com.kms.katalon.core.keyword.internal.KeywordExecutor.executeKeywordForPlatform(KeywordExecutor.groovy:53)
	at com.kms.katalon.core.webui.keyword.WebUiBuiltInKeywords.verifyTextPresent(WebUiBuiltInKeywords.groovy:1677)
	at com.kms.katalon.core.webui.keyword.WebUiBuiltInKeywords$verifyTextPresent$18.call(Unknown Source)
	at HP-Burger menu-Accessories.run(HP-Burger menu-Accessories:302)
	at com.kms.katalon.core.main.ScriptEngine.run(ScriptEngine.java:194)
	at com.kms.katalon.core.main.ScriptEngine.runScriptAsRawText(ScriptEngine.java:119)
	at com.kms.katalon.core.main.TestCaseExecutor.runScript(TestCaseExecutor.java:328)
	at com.kms.katalon.core.main.TestCaseExecutor.doExecute(TestCaseExecutor.java:319)
	at com.kms.katalon.core.main.TestCaseExecutor.processExecutionPhase(TestCaseExecutor.java:298)
	at com.kms.katalon.core.main.TestCaseExecutor.accessMainPhase(TestCaseExecutor.java:290)
	at com.kms.katalon.core.main.TestCaseExecutor.execute(TestCaseExecutor.java:224)
	at com.kms.katalon.core.main.TestSuiteExecutor.accessTestCaseMainPhase(TestSuiteExecutor.java:129)
	at com.kms.katalon.core.main.TestSuiteExecutor.accessTestSuiteMainPhase(TestSuiteExecutor.java:112)
	at com.kms.katalon.core.main.TestSuiteExecutor.execute(TestSuiteExecutor.java:81)
	at com.kms.katalon.core.main.TestCaseMain.startTestSuite(TestCaseMain.java:149)
	at com.kms.katalon.core.main.TestCaseMain$startTestSuite$0.call(Unknown Source)
	at TempTestSuite1559927775427.run(TempTestSuite1559927775427.groovy:36)]]></system-out>
         <system-err><![CDATA[2019-06-07 13:27:53 - [TEST_CASE][FAILED] - Test Cases/OCS - DESKTOP/OCS- HOME PAGE/HP-Burger menu-Accessories: Test Cases/OCS - DESKTOP/OCS- HOME PAGE/HP-Burger menu-Accessories FAILED.
Reason:
com.kms.katalon.core.exception.StepFailedException: Text 'Page Not Found' is not present on page 
	at com.kms.katalon.core.keyword.internal.KeywordMain.stepFailed(KeywordMain.groovy:32)
	at com.kms.katalon.core.webui.keyword.internal.WebUIKeywordMain.stepFailed(WebUIKeywordMain.groovy:65)
	at com.kms.katalon.core.webui.keyword.builtin.VerifyTextPresentKeyword$_verifyTextPresent_closure1.doCall(VerifyTextPresentKeyword.groovy:79)
	at com.kms.katalon.core.webui.keyword.builtin.VerifyTextPresentKeyword$_verifyTextPresent_closure1.call(VerifyTextPresentKeyword.groovy)
	at com.kms.katalon.core.webui.keyword.internal.WebUIKeywordMain.runKeyword(WebUIKeywordMain.groovy:21)
	at com.kms.katalon.core.webui.keyword.builtin.VerifyTextPresentKeyword.verifyTextPresent(VerifyTextPresentKeyword.groovy:83)
	at com.kms.katalon.core.webui.keyword.builtin.VerifyTextPresentKeyword.execute(VerifyTextPresentKeyword.groovy:68)
	at com.kms.katalon.core.keyword.internal.KeywordExecutor.executeKeywordForPlatform(KeywordExecutor.groovy:53)
	at com.kms.katalon.core.webui.keyword.WebUiBuiltInKeywords.verifyTextPresent(WebUiBuiltInKeywords.groovy:1677)
	at com.kms.katalon.core.webui.keyword.WebUiBuiltInKeywords$verifyTextPresent$18.call(Unknown Source)
	at HP-Burger menu-Accessories.run(HP-Burger menu-Accessories:302)
	at com.kms.katalon.core.main.ScriptEngine.run(ScriptEngine.java:194)
	at com.kms.katalon.core.main.ScriptEngine.runScriptAsRawText(ScriptEngine.java:119)
	at com.kms.katalon.core.main.TestCaseExecutor.runScript(TestCaseExecutor.java:328)
	at com.kms.katalon.core.main.TestCaseExecutor.doExecute(TestCaseExecutor.java:319)
	at com.kms.katalon.core.main.TestCaseExecutor.processExecutionPhase(TestCaseExecutor.java:298)
	at com.kms.katalon.core.main.TestCaseExecutor.accessMainPhase(TestCaseExecutor.java:290)
	at com.kms.katalon.core.main.TestCaseExecutor.execute(TestCaseExecutor.java:224)
	at com.kms.katalon.core.main.TestSuiteExecutor.accessTestCaseMainPhase(TestSuiteExecutor.java:129)
	at com.kms.katalon.core.main.TestSuiteExecutor.accessTestSuiteMainPhase(TestSuiteExecutor.java:112)
	at com.kms.katalon.core.main.TestSuiteExecutor.execute(TestSuiteExecutor.java:81)
	at com.kms.katalon.core.main.TestCaseMain.startTestSuite(TestCaseMain.java:149)
	at com.kms.katalon.core.main.TestCaseMain$startTestSuite$0.call(Unknown Source)
	at TempTestSuite1559927775427.run(TempTestSuite1559927775427.groovy:36)]]></system-err>
      </testcase>
      <testcase name="Test Cases/OCS - DESKTOP/OCS- HOME PAGE/Announcement" classname="Test Cases/OCS - DESKTOP/OCS- HOME PAGE/Announcement" status="FAILED">
         <failure type="FAILED" message="Test Cases/OCS - DESKTOP/OCS- HOME PAGE/Announcement FAILED.
Reason:
com.kms.katalon.core.exception.StepFailedException: Text 'Due to holiday closures within the Canada Post network for Victoria Day, please expect some order delivery delays.' is not present on page 
	at com.kms.katalon.core.keyword.internal.KeywordMain.stepFailed(KeywordMain.groovy:32)
	at com.kms.katalon.core.webui.keyword.internal.WebUIKeywordMain.stepFailed(WebUIKeywordMain.groovy:65)
	at com.kms.katalon.core.webui.keyword.builtin.VerifyTextPresentKeyword$_verifyTextPresent_closure1.doCall(VerifyTextPresentKeyword.groovy:79)
	at com.kms.katalon.core.webui.keyword.builtin.VerifyTextPresentKeyword$_verifyTextPresent_closure1.call(VerifyTextPresentKeyword.groovy)
	at com.kms.katalon.core.webui.keyword.internal.WebUIKeywordMain.runKeyword(WebUIKeywordMain.groovy:21)
	at com.kms.katalon.core.webui.keyword.builtin.VerifyTextPresentKeyword.verifyTextPresent(VerifyTextPresentKeyword.groovy:83)
	at com.kms.katalon.core.webui.keyword.builtin.VerifyTextPresentKeyword.execute(VerifyTextPresentKeyword.groovy:68)
	at com.kms.katalon.core.keyword.internal.KeywordExecutor.executeKeywordForPlatform(KeywordExecutor.groovy:53)
	at com.kms.katalon.core.webui.keyword.WebUiBuiltInKeywords.verifyTextPresent(WebUiBuiltInKeywords.groovy:1677)
	at com.kms.katalon.core.webui.keyword.WebUiBuiltInKeywords$verifyTextPresent$18.call(Unknown Source)
	at Announcement.run(Announcement:18)
	at com.kms.katalon.core.main.ScriptEngine.run(ScriptEngine.java:194)
	at com.kms.katalon.core.main.ScriptEngine.runScriptAsRawText(ScriptEngine.java:119)
	at com.kms.katalon.core.main.TestCaseExecutor.runScript(TestCaseExecutor.java:328)
	at com.kms.katalon.core.main.TestCaseExecutor.doExecute(TestCaseExecutor.java:319)
	at com.kms.katalon.core.main.TestCaseExecutor.processExecutionPhase(TestCaseExecutor.java:298)
	at com.kms.katalon.core.main.TestCaseExecutor.accessMainPhase(TestCaseExecutor.java:290)
	at com.kms.katalon.core.main.TestCaseExecutor.execute(TestCaseExecutor.java:224)
	at com.kms.katalon.core.main.TestSuiteExecutor.accessTestCaseMainPhase(TestSuiteExecutor.java:129)
	at com.kms.katalon.core.main.TestSuiteExecutor.accessTestSuiteMainPhase(TestSuiteExecutor.java:112)
	at com.kms.katalon.core.main.TestSuiteExecutor.execute(TestSuiteExecutor.java:81)
	at com.kms.katalon.core.main.TestCaseMain.startTestSuite(TestCaseMain.java:149)
	at com.kms.katalon.core.main.TestCaseMain$startTestSuite$0.call(Unknown Source)
	at TempTestSuite1559927775427.run(TempTestSuite1559927775427.groovy:36)
"/>
         <system-out><![CDATA[2019-06-07 13:29:35 - [TEST_CASE][FAILED] - Test Cases/OCS - DESKTOP/OCS- HOME PAGE/Announcement: Test Cases/OCS - DESKTOP/OCS- HOME PAGE/Announcement FAILED.
Reason:
com.kms.katalon.core.exception.StepFailedException: Text 'Due to holiday closures within the Canada Post network for Victoria Day, please expect some order delivery delays.' is not present on page 
	at com.kms.katalon.core.keyword.internal.KeywordMain.stepFailed(KeywordMain.groovy:32)
	at com.kms.katalon.core.webui.keyword.internal.WebUIKeywordMain.stepFailed(WebUIKeywordMain.groovy:65)
	at com.kms.katalon.core.webui.keyword.builtin.VerifyTextPresentKeyword$_verifyTextPresent_closure1.doCall(VerifyTextPresentKeyword.groovy:79)
	at com.kms.katalon.core.webui.keyword.builtin.VerifyTextPresentKeyword$_verifyTextPresent_closure1.call(VerifyTextPresentKeyword.groovy)
	at com.kms.katalon.core.webui.keyword.internal.WebUIKeywordMain.runKeyword(WebUIKeywordMain.groovy:21)
	at com.kms.katalon.core.webui.keyword.builtin.VerifyTextPresentKeyword.verifyTextPresent(VerifyTextPresentKeyword.groovy:83)
	at com.kms.katalon.core.webui.keyword.builtin.VerifyTextPresentKeyword.execute(VerifyTextPresentKeyword.groovy:68)
	at com.kms.katalon.core.keyword.internal.KeywordExecutor.executeKeywordForPlatform(KeywordExecutor.groovy:53)
	at com.kms.katalon.core.webui.keyword.WebUiBuiltInKeywords.verifyTextPresent(WebUiBuiltInKeywords.groovy:1677)
	at com.kms.katalon.core.webui.keyword.WebUiBuiltInKeywords$verifyTextPresent$18.call(Unknown Source)
	at Announcement.run(Announcement:18)
	at com.kms.katalon.core.main.ScriptEngine.run(ScriptEngine.java:194)
	at com.kms.katalon.core.main.ScriptEngine.runScriptAsRawText(ScriptEngine.java:119)
	at com.kms.katalon.core.main.TestCaseExecutor.runScript(TestCaseExecutor.java:328)
	at com.kms.katalon.core.main.TestCaseExecutor.doExecute(TestCaseExecutor.java:319)
	at com.kms.katalon.core.main.TestCaseExecutor.processExecutionPhase(TestCaseExecutor.java:298)
	at com.kms.katalon.core.main.TestCaseExecutor.accessMainPhase(TestCaseExecutor.java:290)
	at com.kms.katalon.core.main.TestCaseExecutor.execute(TestCaseExecutor.java:224)
	at com.kms.katalon.core.main.TestSuiteExecutor.accessTestCaseMainPhase(TestSuiteExecutor.java:129)
	at com.kms.katalon.core.main.TestSuiteExecutor.accessTestSuiteMainPhase(TestSuiteExecutor.java:112)
	at com.kms.katalon.core.main.TestSuiteExecutor.execute(TestSuiteExecutor.java:81)
	at com.kms.katalon.core.main.TestCaseMain.startTestSuite(TestCaseMain.java:149)
	at com.kms.katalon.core.main.TestCaseMain$startTestSuite$0.call(Unknown Source)
	at TempTestSuite1559927775427.run(TempTestSuite1559927775427.groovy:36)


2019-06-07 13:29:35 - [TEST_STEP][PASSED] - callTestCase(findTestCase("OCS - DESKTOP/CALL- Age gate"), [:], STOP_ON_FAILURE): Call Test Case 'Test Cases/OCS - DESKTOP/CALL- Age gate' successfully

2019-06-07 13:29:35 - [TEST_CASE][PASSED] - Test Cases/OCS - DESKTOP/CALL- Age gate: Test Cases/OCS - DESKTOP/CALL- Age gate

2019-06-07 13:29:35 - [TEST_STEP][PASSED] - openBrowser(""): Browser is opened with url: ''

2019-06-07 13:29:35 - [MESSAGE][WARNING] - A browser is already opened. Closing browser and opening a new one

2019-06-07 13:29:35 - [MESSAGE][INFO] - Starting 'Chrome' driver

2019-06-07 13:29:36 - [MESSAGE][PASSED] - Browser is opened with url: ''

2019-06-07 13:29:36 - [TEST_STEP][PASSED] - navigateToUrl("https://ocs.ca/?fts=0&preview_theme_id=72920074060"): Navigate to 'https://ocs.ca/?fts=0&preview_theme_id=72920074060' successfully

2019-06-07 13:29:41 - [MESSAGE][PASSED] - Navigate to 'https://ocs.ca/?fts=0&preview_theme_id=72920074060' successfully

2019-06-07 13:29:41 - [TEST_STEP][PASSED] - maximizeWindow(): Current window maximized

2019-06-07 13:29:41 - [MESSAGE][PASSED] - Current window maximized

2019-06-07 13:29:41 - [TEST_STEP][PASSED] - delay(2): Delayed 2 second(s)

2019-06-07 13:29:43 - [MESSAGE][PASSED] - Delayed 2 second(s)

2019-06-07 13:29:43 - [TEST_STEP][PASSED] - executeJavaScript("var previewBar = document.getElementById("preview-bar-iframe"); previewBar.style.display = "none";", []): Execute JavaScript 'var previewBar = document.getElementById("preview-bar-iframe"); previewBar.style.display = "none";' successfully

2019-06-07 13:29:43 - [MESSAGE][PASSED] - Execute JavaScript 'var previewBar = document.getElementById("preview-bar-iframe"); previewBar.style.display = "none";' successfully

2019-06-07 13:29:43 - [TEST_STEP][PASSED] - selectOptionByValue(findTestObject("OCS-DESKTOP/Age gate and Mega menu/Date"), "12", true): All options with value '12' are selected in object 'Object Repository/OCS-DESKTOP/Age gate and Mega menu/Date'  using regular expression

2019-06-07 13:29:43 - [MESSAGE][PASSED] - All options with value '12' are selected in object 'Object Repository/OCS-DESKTOP/Age gate and Mega menu/Date'  using regular expression

2019-06-07 13:29:43 - [TEST_STEP][PASSED] - selectOptionByValue(findTestObject("OCS-DESKTOP/Age gate and Mega menu/month"), "6", true): All options with value '6' are selected in object 'Object Repository/OCS-DESKTOP/Age gate and Mega menu/month'  using regular expression

2019-06-07 13:29:44 - [MESSAGE][PASSED] - All options with value '6' are selected in object 'Object Repository/OCS-DESKTOP/Age gate and Mega menu/month'  using regular expression

2019-06-07 13:29:44 - [TEST_STEP][PASSED] - delay(2): Delayed 2 second(s)

2019-06-07 13:29:46 - [MESSAGE][PASSED] - Delayed 2 second(s)

2019-06-07 13:29:46 - [TEST_STEP][PASSED] - selectOptionByValue(findTestObject("OCS-DESKTOP/Age gate and Mega menu/Year Dropdown"), "1990", true): All options with value '1990' are selected in object 'Object Repository/OCS-DESKTOP/Age gate and Mega menu/Year Dropdown'  using regular expression

2019-06-07 13:29:47 - [MESSAGE][PASSED] - All options with value '1990' are selected in object 'Object Repository/OCS-DESKTOP/Age gate and Mega menu/Year Dropdown'  using regular expression

2019-06-07 13:29:47 - [TEST_STEP][PASSED] - click(findTestObject("OCS-DESKTOP/Age gate and Mega menu/button_Verify")): Object: 'Object Repository/OCS-DESKTOP/Age gate and Mega menu/button_Verify' is clicked on

2019-06-07 13:29:47 - [MESSAGE][PASSED] - Object: 'Object Repository/OCS-DESKTOP/Age gate and Mega menu/button_Verify' is clicked on

2019-06-07 13:29:47 - [TEST_STEP][PASSED] - click(findTestObject("OCS-DESKTOP/Age gate and Mega menu/Checkbox_CONFIRM AND ACKNOWLEDGE")): Object: 'Object Repository/OCS-DESKTOP/Age gate and Mega menu/Checkbox_CONFIRM AND ACKNOWLEDGE' is clicked on

2019-06-07 13:29:47 - [MESSAGE][PASSED] - Object: 'Object Repository/OCS-DESKTOP/Age gate and Mega menu/Checkbox_CONFIRM AND ACKNOWLEDGE' is clicked on

2019-06-07 13:29:47 - [TEST_STEP][PASSED] - click(findTestObject("OCS-DESKTOP/Age gate and Mega menu/button_CONFIRM")): Object: 'Object Repository/OCS-DESKTOP/Age gate and Mega menu/button_CONFIRM' is clicked on

2019-06-07 13:29:47 - [MESSAGE][PASSED] - Object: 'Object Repository/OCS-DESKTOP/Age gate and Mega menu/button_CONFIRM' is clicked on

2019-06-07 13:29:47 - [TEST_STEP][PASSED] - click(findTestObject("OCS-DESKTOP/Age gate and Mega menu/button_Start Browsing")): Object: 'Object Repository/OCS-DESKTOP/Age gate and Mega menu/button_Start Browsing' is clicked on

2019-06-07 13:29:47 - [MESSAGE][PASSED] - Object: 'Object Repository/OCS-DESKTOP/Age gate and Mega menu/button_Start Browsing' is clicked on

2019-06-07 13:29:47 - [TEST_STEP][PASSED] - delay(2): Delayed 2 second(s)

2019-06-07 13:29:49 - [MESSAGE][PASSED] - Delayed 2 second(s)

2019-06-07 13:29:49 - [TEST_STEP][PASSED] - refresh(): Refresh successfully

2019-06-07 13:29:49 - [MESSAGE][PASSED] - Refresh successfully

2019-06-07 13:29:49 - [MESSAGE][PASSED] - Call Test Case 'Test Cases/OCS - DESKTOP/CALL- Age gate' successfully

2019-06-07 13:29:49 - [TEST_STEP][FAILED] - flag = verifyTextPresent("Due to holiday closures within the Canada Post network for Victoria Day, please expect some order delivery delays.", false, CONTINUE_ON_FAILURE): Text 'Due to holiday closures within the Canada Post network for Victoria Day, please expect some order delivery delays.' is not present on page 

2019-06-07 13:29:52 - [MESSAGE][FAILED] - Text 'Due to holiday closures within the Canada Post network for Victoria Day, please expect some order delivery delays.' is not present on page 

2019-06-07 13:29:52 - [TEST_STEP][PASSED] - delay(2): Delayed 2 second(s)

2019-06-07 13:29:54 - [MESSAGE][PASSED] - Delayed 2 second(s)

2019-06-07 13:29:54 - [TEST_STEP][PASSED] - comment("flag =" + flag): flag =false

2019-06-07 13:29:54 - [MESSAGE][INFO] - flag =false

2019-06-07 13:29:54 - [TEST_STEP][FAILED] - if (flag == false): if (flag == false) FAILED.
Reason:
com.kms.katalon.core.exception.StepFailedException: Text 'Due to holiday closures within the Canada Post network for Victoria Day, please expect some order delivery delays.' is not present on page 
	at com.kms.katalon.core.keyword.internal.KeywordMain.stepFailed(KeywordMain.groovy:32)
	at com.kms.katalon.core.webui.keyword.internal.WebUIKeywordMain.stepFailed(WebUIKeywordMain.groovy:65)
	at com.kms.katalon.core.webui.keyword.builtin.VerifyTextPresentKeyword$_verifyTextPresent_closure1.doCall(VerifyTextPresentKeyword.groovy:79)
	at com.kms.katalon.core.webui.keyword.builtin.VerifyTextPresentKeyword$_verifyTextPresent_closure1.call(VerifyTextPresentKeyword.groovy)
	at com.kms.katalon.core.webui.keyword.internal.WebUIKeywordMain.runKeyword(WebUIKeywordMain.groovy:21)
	at com.kms.katalon.core.webui.keyword.builtin.VerifyTextPresentKeyword.verifyTextPresent(VerifyTextPresentKeyword.groovy:83)
	at com.kms.katalon.core.webui.keyword.builtin.VerifyTextPresentKeyword.execute(VerifyTextPresentKeyword.groovy:68)
	at com.kms.katalon.core.keyword.internal.KeywordExecutor.executeKeywordForPlatform(KeywordExecutor.groovy:53)
	at com.kms.katalon.core.webui.keyword.WebUiBuiltInKeywords.verifyTextPresent(WebUiBuiltInKeywords.groovy:1677)
	at com.kms.katalon.core.webui.keyword.WebUiBuiltInKeywords$verifyTextPresent$18.call(Unknown Source)
	at Announcement.run(Announcement:18)
	at com.kms.katalon.core.main.ScriptEngine.run(ScriptEngine.java:194)
	at com.kms.katalon.core.main.ScriptEngine.runScriptAsRawText(ScriptEngine.java:119)
	at com.kms.katalon.core.main.TestCaseExecutor.runScript(TestCaseExecutor.java:328)
	at com.kms.katalon.core.main.TestCaseExecutor.doExecute(TestCaseExecutor.java:319)
	at com.kms.katalon.core.main.TestCaseExecutor.processExecutionPhase(TestCaseExecutor.java:298)
	at com.kms.katalon.core.main.TestCaseExecutor.accessMainPhase(TestCaseExecutor.java:290)
	at com.kms.katalon.core.main.TestCaseExecutor.execute(TestCaseExecutor.java:224)
	at com.kms.katalon.core.main.TestSuiteExecutor.accessTestCaseMainPhase(TestSuiteExecutor.java:129)
	at com.kms.katalon.core.main.TestSuiteExecutor.accessTestSuiteMainPhase(TestSuiteExecutor.java:112)
	at com.kms.katalon.core.main.TestSuiteExecutor.execute(TestSuiteExecutor.java:81)
	at com.kms.katalon.core.main.TestCaseMain.startTestSuite(TestCaseMain.java:149)
	at com.kms.katalon.core.main.TestCaseMain$startTestSuite$0.call(Unknown Source)
	at TempTestSuite1559927775427.run(TempTestSuite1559927775427.groovy:36)


2019-06-07 13:29:54 - [TEST_STEP][FAILED] - comment(" there is no  announcment "): if (flag == false) FAILED.
Reason:
com.kms.katalon.core.exception.StepFailedException: Text 'Due to holiday closures within the Canada Post network for Victoria Day, please expect some order delivery delays.' is not present on page 
	at com.kms.katalon.core.keyword.internal.KeywordMain.stepFailed(KeywordMain.groovy:32)
	at com.kms.katalon.core.webui.keyword.internal.WebUIKeywordMain.stepFailed(WebUIKeywordMain.groovy:65)
	at com.kms.katalon.core.webui.keyword.builtin.VerifyTextPresentKeyword$_verifyTextPresent_closure1.doCall(VerifyTextPresentKeyword.groovy:79)
	at com.kms.katalon.core.webui.keyword.builtin.VerifyTextPresentKeyword$_verifyTextPresent_closure1.call(VerifyTextPresentKeyword.groovy)
	at com.kms.katalon.core.webui.keyword.internal.WebUIKeywordMain.runKeyword(WebUIKeywordMain.groovy:21)
	at com.kms.katalon.core.webui.keyword.builtin.VerifyTextPresentKeyword.verifyTextPresent(VerifyTextPresentKeyword.groovy:83)
	at com.kms.katalon.core.webui.keyword.builtin.VerifyTextPresentKeyword.execute(VerifyTextPresentKeyword.groovy:68)
	at com.kms.katalon.core.keyword.internal.KeywordExecutor.executeKeywordForPlatform(KeywordExecutor.groovy:53)
	at com.kms.katalon.core.webui.keyword.WebUiBuiltInKeywords.verifyTextPresent(WebUiBuiltInKeywords.groovy:1677)
	at com.kms.katalon.core.webui.keyword.WebUiBuiltInKeywords$verifyTextPresent$18.call(Unknown Source)
	at Announcement.run(Announcement:18)
	at com.kms.katalon.core.main.ScriptEngine.run(ScriptEngine.java:194)
	at com.kms.katalon.core.main.ScriptEngine.runScriptAsRawText(ScriptEngine.java:119)
	at com.kms.katalon.core.main.TestCaseExecutor.runScript(TestCaseExecutor.java:328)
	at com.kms.katalon.core.main.TestCaseExecutor.doExecute(TestCaseExecutor.java:319)
	at com.kms.katalon.core.main.TestCaseExecutor.processExecutionPhase(TestCaseExecutor.java:298)
	at com.kms.katalon.core.main.TestCaseExecutor.accessMainPhase(TestCaseExecutor.java:290)
	at com.kms.katalon.core.main.TestCaseExecutor.execute(TestCaseExecutor.java:224)
	at com.kms.katalon.core.main.TestSuiteExecutor.accessTestCaseMainPhase(TestSuiteExecutor.java:129)
	at com.kms.katalon.core.main.TestSuiteExecutor.accessTestSuiteMainPhase(TestSuiteExecutor.java:112)
	at com.kms.katalon.core.main.TestSuiteExecutor.execute(TestSuiteExecutor.java:81)
	at com.kms.katalon.core.main.TestCaseMain.startTestSuite(TestCaseMain.java:149)
	at com.kms.katalon.core.main.TestCaseMain$startTestSuite$0.call(Unknown Source)
	at TempTestSuite1559927775427.run(TempTestSuite1559927775427.groovy:36)


2019-06-07 13:29:54 - [MESSAGE][INFO] -  there is no  announcment 

2019-06-07 13:29:54 - [MESSAGE][FAILED] - if (flag == false) FAILED.
Reason:
com.kms.katalon.core.exception.StepFailedException: Text 'Due to holiday closures within the Canada Post network for Victoria Day, please expect some order delivery delays.' is not present on page 
	at com.kms.katalon.core.keyword.internal.KeywordMain.stepFailed(KeywordMain.groovy:32)
	at com.kms.katalon.core.webui.keyword.internal.WebUIKeywordMain.stepFailed(WebUIKeywordMain.groovy:65)
	at com.kms.katalon.core.webui.keyword.builtin.VerifyTextPresentKeyword$_verifyTextPresent_closure1.doCall(VerifyTextPresentKeyword.groovy:79)
	at com.kms.katalon.core.webui.keyword.builtin.VerifyTextPresentKeyword$_verifyTextPresent_closure1.call(VerifyTextPresentKeyword.groovy)
	at com.kms.katalon.core.webui.keyword.internal.WebUIKeywordMain.runKeyword(WebUIKeywordMain.groovy:21)
	at com.kms.katalon.core.webui.keyword.builtin.VerifyTextPresentKeyword.verifyTextPresent(VerifyTextPresentKeyword.groovy:83)
	at com.kms.katalon.core.webui.keyword.builtin.VerifyTextPresentKeyword.execute(VerifyTextPresentKeyword.groovy:68)
	at com.kms.katalon.core.keyword.internal.KeywordExecutor.executeKeywordForPlatform(KeywordExecutor.groovy:53)
	at com.kms.katalon.core.webui.keyword.WebUiBuiltInKeywords.verifyTextPresent(WebUiBuiltInKeywords.groovy:1677)
	at com.kms.katalon.core.webui.keyword.WebUiBuiltInKeywords$verifyTextPresent$18.call(Unknown Source)
	at Announcement.run(Announcement:18)
	at com.kms.katalon.core.main.ScriptEngine.run(ScriptEngine.java:194)
	at com.kms.katalon.core.main.ScriptEngine.runScriptAsRawText(ScriptEngine.java:119)
	at com.kms.katalon.core.main.TestCaseExecutor.runScript(TestCaseExecutor.java:328)
	at com.kms.katalon.core.main.TestCaseExecutor.doExecute(TestCaseExecutor.java:319)
	at com.kms.katalon.core.main.TestCaseExecutor.processExecutionPhase(TestCaseExecutor.java:298)
	at com.kms.katalon.core.main.TestCaseExecutor.accessMainPhase(TestCaseExecutor.java:290)
	at com.kms.katalon.core.main.TestCaseExecutor.execute(TestCaseExecutor.java:224)
	at com.kms.katalon.core.main.TestSuiteExecutor.accessTestCaseMainPhase(TestSuiteExecutor.java:129)
	at com.kms.katalon.core.main.TestSuiteExecutor.accessTestSuiteMainPhase(TestSuiteExecutor.java:112)
	at com.kms.katalon.core.main.TestSuiteExecutor.execute(TestSuiteExecutor.java:81)
	at com.kms.katalon.core.main.TestCaseMain.startTestSuite(TestCaseMain.java:149)
	at com.kms.katalon.core.main.TestCaseMain$startTestSuite$0.call(Unknown Source)
	at TempTestSuite1559927775427.run(TempTestSuite1559927775427.groovy:36)]]></system-out>
         <system-err><![CDATA[2019-06-07 13:29:35 - [TEST_CASE][FAILED] - Test Cases/OCS - DESKTOP/OCS- HOME PAGE/Announcement: Test Cases/OCS - DESKTOP/OCS- HOME PAGE/Announcement FAILED.
Reason:
com.kms.katalon.core.exception.StepFailedException: Text 'Due to holiday closures within the Canada Post network for Victoria Day, please expect some order delivery delays.' is not present on page 
	at com.kms.katalon.core.keyword.internal.KeywordMain.stepFailed(KeywordMain.groovy:32)
	at com.kms.katalon.core.webui.keyword.internal.WebUIKeywordMain.stepFailed(WebUIKeywordMain.groovy:65)
	at com.kms.katalon.core.webui.keyword.builtin.VerifyTextPresentKeyword$_verifyTextPresent_closure1.doCall(VerifyTextPresentKeyword.groovy:79)
	at com.kms.katalon.core.webui.keyword.builtin.VerifyTextPresentKeyword$_verifyTextPresent_closure1.call(VerifyTextPresentKeyword.groovy)
	at com.kms.katalon.core.webui.keyword.internal.WebUIKeywordMain.runKeyword(WebUIKeywordMain.groovy:21)
	at com.kms.katalon.core.webui.keyword.builtin.VerifyTextPresentKeyword.verifyTextPresent(VerifyTextPresentKeyword.groovy:83)
	at com.kms.katalon.core.webui.keyword.builtin.VerifyTextPresentKeyword.execute(VerifyTextPresentKeyword.groovy:68)
	at com.kms.katalon.core.keyword.internal.KeywordExecutor.executeKeywordForPlatform(KeywordExecutor.groovy:53)
	at com.kms.katalon.core.webui.keyword.WebUiBuiltInKeywords.verifyTextPresent(WebUiBuiltInKeywords.groovy:1677)
	at com.kms.katalon.core.webui.keyword.WebUiBuiltInKeywords$verifyTextPresent$18.call(Unknown Source)
	at Announcement.run(Announcement:18)
	at com.kms.katalon.core.main.ScriptEngine.run(ScriptEngine.java:194)
	at com.kms.katalon.core.main.ScriptEngine.runScriptAsRawText(ScriptEngine.java:119)
	at com.kms.katalon.core.main.TestCaseExecutor.runScript(TestCaseExecutor.java:328)
	at com.kms.katalon.core.main.TestCaseExecutor.doExecute(TestCaseExecutor.java:319)
	at com.kms.katalon.core.main.TestCaseExecutor.processExecutionPhase(TestCaseExecutor.java:298)
	at com.kms.katalon.core.main.TestCaseExecutor.accessMainPhase(TestCaseExecutor.java:290)
	at com.kms.katalon.core.main.TestCaseExecutor.execute(TestCaseExecutor.java:224)
	at com.kms.katalon.core.main.TestSuiteExecutor.accessTestCaseMainPhase(TestSuiteExecutor.java:129)
	at com.kms.katalon.core.main.TestSuiteExecutor.accessTestSuiteMainPhase(TestSuiteExecutor.java:112)
	at com.kms.katalon.core.main.TestSuiteExecutor.execute(TestSuiteExecutor.java:81)
	at com.kms.katalon.core.main.TestCaseMain.startTestSuite(TestCaseMain.java:149)
	at com.kms.katalon.core.main.TestCaseMain$startTestSuite$0.call(Unknown Source)
	at TempTestSuite1559927775427.run(TempTestSuite1559927775427.groovy:36)]]></system-err>
      </testcase>
      <testcase name="Test Cases/OCS - DESKTOP/OCS- HOME PAGE/cart flyout" classname="Test Cases/OCS - DESKTOP/OCS- HOME PAGE/cart flyout" status="FAILED">
         <failure type="FAILED" message="Test Cases/OCS - DESKTOP/OCS- HOME PAGE/cart flyout FAILED.
Reason:
com.kms.katalon.core.exception.StepFailedException: Text 'Bag' is not present on page 
	at com.kms.katalon.core.keyword.internal.KeywordMain.stepFailed(KeywordMain.groovy:32)
	at com.kms.katalon.core.webui.keyword.internal.WebUIKeywordMain.stepFailed(WebUIKeywordMain.groovy:65)
	at com.kms.katalon.core.webui.keyword.builtin.VerifyTextPresentKeyword$_verifyTextPresent_closure1.doCall(VerifyTextPresentKeyword.groovy:79)
	at com.kms.katalon.core.webui.keyword.builtin.VerifyTextPresentKeyword$_verifyTextPresent_closure1.call(VerifyTextPresentKeyword.groovy)
	at com.kms.katalon.core.webui.keyword.internal.WebUIKeywordMain.runKeyword(WebUIKeywordMain.groovy:21)
	at com.kms.katalon.core.webui.keyword.builtin.VerifyTextPresentKeyword.verifyTextPresent(VerifyTextPresentKeyword.groovy:83)
	at com.kms.katalon.core.webui.keyword.builtin.VerifyTextPresentKeyword.execute(VerifyTextPresentKeyword.groovy:68)
	at com.kms.katalon.core.keyword.internal.KeywordExecutor.executeKeywordForPlatform(KeywordExecutor.groovy:53)
	at com.kms.katalon.core.webui.keyword.WebUiBuiltInKeywords.verifyTextPresent(WebUiBuiltInKeywords.groovy:1677)
	at com.kms.katalon.core.webui.keyword.WebUiBuiltInKeywords$verifyTextPresent$18.call(Unknown Source)
	at cart flyout.run(cart flyout:36)
	at com.kms.katalon.core.main.ScriptEngine.run(ScriptEngine.java:194)
	at com.kms.katalon.core.main.ScriptEngine.runScriptAsRawText(ScriptEngine.java:119)
	at com.kms.katalon.core.main.TestCaseExecutor.runScript(TestCaseExecutor.java:328)
	at com.kms.katalon.core.main.TestCaseExecutor.doExecute(TestCaseExecutor.java:319)
	at com.kms.katalon.core.main.TestCaseExecutor.processExecutionPhase(TestCaseExecutor.java:298)
	at com.kms.katalon.core.main.TestCaseExecutor.accessMainPhase(TestCaseExecutor.java:290)
	at com.kms.katalon.core.main.TestCaseExecutor.execute(TestCaseExecutor.java:224)
	at com.kms.katalon.core.main.TestSuiteExecutor.accessTestCaseMainPhase(TestSuiteExecutor.java:129)
	at com.kms.katalon.core.main.TestSuiteExecutor.accessTestSuiteMainPhase(TestSuiteExecutor.java:112)
	at com.kms.katalon.core.main.TestSuiteExecutor.execute(TestSuiteExecutor.java:81)
	at com.kms.katalon.core.main.TestCaseMain.startTestSuite(TestCaseMain.java:149)
	at com.kms.katalon.core.main.TestCaseMain$startTestSuite$0.call(Unknown Source)
	at TempTestSuite1559927775427.run(TempTestSuite1559927775427.groovy:36)
"/>
         <system-out><![CDATA[2019-06-07 13:29:54 - [TEST_CASE][FAILED] - Test Cases/OCS - DESKTOP/OCS- HOME PAGE/cart flyout: Test Cases/OCS - DESKTOP/OCS- HOME PAGE/cart flyout FAILED.
Reason:
com.kms.katalon.core.exception.StepFailedException: Text 'Bag' is not present on page 
	at com.kms.katalon.core.keyword.internal.KeywordMain.stepFailed(KeywordMain.groovy:32)
	at com.kms.katalon.core.webui.keyword.internal.WebUIKeywordMain.stepFailed(WebUIKeywordMain.groovy:65)
	at com.kms.katalon.core.webui.keyword.builtin.VerifyTextPresentKeyword$_verifyTextPresent_closure1.doCall(VerifyTextPresentKeyword.groovy:79)
	at com.kms.katalon.core.webui.keyword.builtin.VerifyTextPresentKeyword$_verifyTextPresent_closure1.call(VerifyTextPresentKeyword.groovy)
	at com.kms.katalon.core.webui.keyword.internal.WebUIKeywordMain.runKeyword(WebUIKeywordMain.groovy:21)
	at com.kms.katalon.core.webui.keyword.builtin.VerifyTextPresentKeyword.verifyTextPresent(VerifyTextPresentKeyword.groovy:83)
	at com.kms.katalon.core.webui.keyword.builtin.VerifyTextPresentKeyword.execute(VerifyTextPresentKeyword.groovy:68)
	at com.kms.katalon.core.keyword.internal.KeywordExecutor.executeKeywordForPlatform(KeywordExecutor.groovy:53)
	at com.kms.katalon.core.webui.keyword.WebUiBuiltInKeywords.verifyTextPresent(WebUiBuiltInKeywords.groovy:1677)
	at com.kms.katalon.core.webui.keyword.WebUiBuiltInKeywords$verifyTextPresent$18.call(Unknown Source)
	at cart flyout.run(cart flyout:36)
	at com.kms.katalon.core.main.ScriptEngine.run(ScriptEngine.java:194)
	at com.kms.katalon.core.main.ScriptEngine.runScriptAsRawText(ScriptEngine.java:119)
	at com.kms.katalon.core.main.TestCaseExecutor.runScript(TestCaseExecutor.java:328)
	at com.kms.katalon.core.main.TestCaseExecutor.doExecute(TestCaseExecutor.java:319)
	at com.kms.katalon.core.main.TestCaseExecutor.processExecutionPhase(TestCaseExecutor.java:298)
	at com.kms.katalon.core.main.TestCaseExecutor.accessMainPhase(TestCaseExecutor.java:290)
	at com.kms.katalon.core.main.TestCaseExecutor.execute(TestCaseExecutor.java:224)
	at com.kms.katalon.core.main.TestSuiteExecutor.accessTestCaseMainPhase(TestSuiteExecutor.java:129)
	at com.kms.katalon.core.main.TestSuiteExecutor.accessTestSuiteMainPhase(TestSuiteExecutor.java:112)
	at com.kms.katalon.core.main.TestSuiteExecutor.execute(TestSuiteExecutor.java:81)
	at com.kms.katalon.core.main.TestCaseMain.startTestSuite(TestCaseMain.java:149)
	at com.kms.katalon.core.main.TestCaseMain$startTestSuite$0.call(Unknown Source)
	at TempTestSuite1559927775427.run(TempTestSuite1559927775427.groovy:36)


2019-06-07 13:29:54 - [TEST_STEP][PASSED] - callTestCase(findTestCase("OCS - DESKTOP/CALL- Age gate"), [:], STOP_ON_FAILURE): Call Test Case 'Test Cases/OCS - DESKTOP/CALL- Age gate' successfully

2019-06-07 13:29:54 - [TEST_CASE][PASSED] - Test Cases/OCS - DESKTOP/CALL- Age gate: Test Cases/OCS - DESKTOP/CALL- Age gate

2019-06-07 13:29:54 - [TEST_STEP][PASSED] - openBrowser(""): Browser is opened with url: ''

2019-06-07 13:29:54 - [MESSAGE][WARNING] - A browser is already opened. Closing browser and opening a new one

2019-06-07 13:29:55 - [MESSAGE][INFO] - Starting 'Chrome' driver

2019-06-07 13:29:56 - [MESSAGE][PASSED] - Browser is opened with url: ''

2019-06-07 13:29:56 - [TEST_STEP][PASSED] - navigateToUrl("https://ocs.ca/?fts=0&preview_theme_id=72920074060"): Navigate to 'https://ocs.ca/?fts=0&preview_theme_id=72920074060' successfully

2019-06-07 13:29:59 - [MESSAGE][PASSED] - Navigate to 'https://ocs.ca/?fts=0&preview_theme_id=72920074060' successfully

2019-06-07 13:29:59 - [TEST_STEP][PASSED] - maximizeWindow(): Current window maximized

2019-06-07 13:30:00 - [MESSAGE][PASSED] - Current window maximized

2019-06-07 13:30:00 - [TEST_STEP][PASSED] - delay(2): Delayed 2 second(s)

2019-06-07 13:30:02 - [MESSAGE][PASSED] - Delayed 2 second(s)

2019-06-07 13:30:02 - [TEST_STEP][PASSED] - executeJavaScript("var previewBar = document.getElementById("preview-bar-iframe"); previewBar.style.display = "none";", []): Execute JavaScript 'var previewBar = document.getElementById("preview-bar-iframe"); previewBar.style.display = "none";' successfully

2019-06-07 13:30:02 - [MESSAGE][PASSED] - Execute JavaScript 'var previewBar = document.getElementById("preview-bar-iframe"); previewBar.style.display = "none";' successfully

2019-06-07 13:30:02 - [TEST_STEP][PASSED] - selectOptionByValue(findTestObject("OCS-DESKTOP/Age gate and Mega menu/Date"), "12", true): All options with value '12' are selected in object 'Object Repository/OCS-DESKTOP/Age gate and Mega menu/Date'  using regular expression

2019-06-07 13:30:02 - [MESSAGE][PASSED] - All options with value '12' are selected in object 'Object Repository/OCS-DESKTOP/Age gate and Mega menu/Date'  using regular expression

2019-06-07 13:30:02 - [TEST_STEP][PASSED] - selectOptionByValue(findTestObject("OCS-DESKTOP/Age gate and Mega menu/month"), "6", true): All options with value '6' are selected in object 'Object Repository/OCS-DESKTOP/Age gate and Mega menu/month'  using regular expression

2019-06-07 13:30:02 - [MESSAGE][PASSED] - All options with value '6' are selected in object 'Object Repository/OCS-DESKTOP/Age gate and Mega menu/month'  using regular expression

2019-06-07 13:30:02 - [TEST_STEP][PASSED] - delay(2): Delayed 2 second(s)

2019-06-07 13:30:04 - [MESSAGE][PASSED] - Delayed 2 second(s)

2019-06-07 13:30:04 - [TEST_STEP][PASSED] - selectOptionByValue(findTestObject("OCS-DESKTOP/Age gate and Mega menu/Year Dropdown"), "1990", true): All options with value '1990' are selected in object 'Object Repository/OCS-DESKTOP/Age gate and Mega menu/Year Dropdown'  using regular expression

2019-06-07 13:30:05 - [MESSAGE][PASSED] - All options with value '1990' are selected in object 'Object Repository/OCS-DESKTOP/Age gate and Mega menu/Year Dropdown'  using regular expression

2019-06-07 13:30:05 - [TEST_STEP][PASSED] - click(findTestObject("OCS-DESKTOP/Age gate and Mega menu/button_Verify")): Object: 'Object Repository/OCS-DESKTOP/Age gate and Mega menu/button_Verify' is clicked on

2019-06-07 13:30:05 - [MESSAGE][PASSED] - Object: 'Object Repository/OCS-DESKTOP/Age gate and Mega menu/button_Verify' is clicked on

2019-06-07 13:30:05 - [TEST_STEP][PASSED] - click(findTestObject("OCS-DESKTOP/Age gate and Mega menu/Checkbox_CONFIRM AND ACKNOWLEDGE")): Object: 'Object Repository/OCS-DESKTOP/Age gate and Mega menu/Checkbox_CONFIRM AND ACKNOWLEDGE' is clicked on

2019-06-07 13:30:05 - [MESSAGE][PASSED] - Object: 'Object Repository/OCS-DESKTOP/Age gate and Mega menu/Checkbox_CONFIRM AND ACKNOWLEDGE' is clicked on

2019-06-07 13:30:05 - [TEST_STEP][PASSED] - click(findTestObject("OCS-DESKTOP/Age gate and Mega menu/button_CONFIRM")): Object: 'Object Repository/OCS-DESKTOP/Age gate and Mega menu/button_CONFIRM' is clicked on

2019-06-07 13:30:05 - [MESSAGE][PASSED] - Object: 'Object Repository/OCS-DESKTOP/Age gate and Mega menu/button_CONFIRM' is clicked on

2019-06-07 13:30:05 - [TEST_STEP][PASSED] - click(findTestObject("OCS-DESKTOP/Age gate and Mega menu/button_Start Browsing")): Object: 'Object Repository/OCS-DESKTOP/Age gate and Mega menu/button_Start Browsing' is clicked on

2019-06-07 13:30:05 - [MESSAGE][PASSED] - Object: 'Object Repository/OCS-DESKTOP/Age gate and Mega menu/button_Start Browsing' is clicked on

2019-06-07 13:30:05 - [TEST_STEP][PASSED] - delay(2): Delayed 2 second(s)

2019-06-07 13:30:07 - [MESSAGE][PASSED] - Delayed 2 second(s)

2019-06-07 13:30:07 - [TEST_STEP][PASSED] - refresh(): Refresh successfully

2019-06-07 13:30:07 - [MESSAGE][PASSED] - Refresh successfully

2019-06-07 13:30:07 - [MESSAGE][PASSED] - Call Test Case 'Test Cases/OCS - DESKTOP/CALL- Age gate' successfully

2019-06-07 13:30:07 - [TEST_STEP][PASSED] - delay(2): Delayed 2 second(s)

2019-06-07 13:30:09 - [MESSAGE][PASSED] - Delayed 2 second(s)

2019-06-07 13:30:09 - [TEST_STEP][PASSED] - click(findTestObject("OCS-DESKTOP/Home - page/Cart icon -bag")): Object: 'Object Repository/OCS-DESKTOP/Home - page/Cart icon -bag' is clicked on

2019-06-07 13:30:11 - [MESSAGE][PASSED] - Object: 'Object Repository/OCS-DESKTOP/Home - page/Cart icon -bag' is clicked on

2019-06-07 13:30:11 - [TEST_STEP][PASSED] - delay(3): Delayed 3 second(s)

2019-06-07 13:30:14 - [MESSAGE][PASSED] - Delayed 3 second(s)

2019-06-07 13:30:14 - [TEST_STEP][PASSED] - verifyTextPresent("Bag", false, OPTIONAL): Text 'Bag' is present on page 

2019-06-07 13:30:15 - [MESSAGE][PASSED] - Text 'Bag' is present on page 

2019-06-07 13:30:15 - [TEST_STEP][PASSED] - if (true):  cart flyout opened 

2019-06-07 13:30:15 - [TEST_STEP][PASSED] - comment(" cart flyout opened "):  cart flyout opened 

2019-06-07 13:30:15 - [MESSAGE][INFO] -  cart flyout opened 

2019-06-07 13:30:15 - [TEST_STEP][PASSED] - delay(5): Delayed 5 second(s)

2019-06-07 13:30:20 - [MESSAGE][PASSED] - Delayed 5 second(s)

2019-06-07 13:30:20 - [TEST_STEP][PASSED] - click(findTestObject("OCS-DESKTOP/Home - page/Collapse cart flyout")): Object: 'Object Repository/OCS-DESKTOP/Home - page/Collapse cart flyout' is clicked on

2019-06-07 13:30:20 - [MESSAGE][PASSED] - Object: 'Object Repository/OCS-DESKTOP/Home - page/Collapse cart flyout' is clicked on

2019-06-07 13:30:20 - [TEST_STEP][FAILED] - verifyTextPresent("Bag", false, CONTINUE_ON_FAILURE): Text 'Bag' is not present on page 

2019-06-07 13:30:20 - [MESSAGE][FAILED] - Text 'Bag' is not present on page 

2019-06-07 13:30:20 - [TEST_STEP][FAILED] - if (true): if (true) FAILED.
Reason:
com.kms.katalon.core.exception.StepFailedException: Text 'Bag' is not present on page 
	at com.kms.katalon.core.keyword.internal.KeywordMain.stepFailed(KeywordMain.groovy:32)
	at com.kms.katalon.core.webui.keyword.internal.WebUIKeywordMain.stepFailed(WebUIKeywordMain.groovy:65)
	at com.kms.katalon.core.webui.keyword.builtin.VerifyTextPresentKeyword$_verifyTextPresent_closure1.doCall(VerifyTextPresentKeyword.groovy:79)
	at com.kms.katalon.core.webui.keyword.builtin.VerifyTextPresentKeyword$_verifyTextPresent_closure1.call(VerifyTextPresentKeyword.groovy)
	at com.kms.katalon.core.webui.keyword.internal.WebUIKeywordMain.runKeyword(WebUIKeywordMain.groovy:21)
	at com.kms.katalon.core.webui.keyword.builtin.VerifyTextPresentKeyword.verifyTextPresent(VerifyTextPresentKeyword.groovy:83)
	at com.kms.katalon.core.webui.keyword.builtin.VerifyTextPresentKeyword.execute(VerifyTextPresentKeyword.groovy:68)
	at com.kms.katalon.core.keyword.internal.KeywordExecutor.executeKeywordForPlatform(KeywordExecutor.groovy:53)
	at com.kms.katalon.core.webui.keyword.WebUiBuiltInKeywords.verifyTextPresent(WebUiBuiltInKeywords.groovy:1677)
	at com.kms.katalon.core.webui.keyword.WebUiBuiltInKeywords$verifyTextPresent$18.call(Unknown Source)
	at cart flyout.run(cart flyout:36)
	at com.kms.katalon.core.main.ScriptEngine.run(ScriptEngine.java:194)
	at com.kms.katalon.core.main.ScriptEngine.runScriptAsRawText(ScriptEngine.java:119)
	at com.kms.katalon.core.main.TestCaseExecutor.runScript(TestCaseExecutor.java:328)
	at com.kms.katalon.core.main.TestCaseExecutor.doExecute(TestCaseExecutor.java:319)
	at com.kms.katalon.core.main.TestCaseExecutor.processExecutionPhase(TestCaseExecutor.java:298)
	at com.kms.katalon.core.main.TestCaseExecutor.accessMainPhase(TestCaseExecutor.java:290)
	at com.kms.katalon.core.main.TestCaseExecutor.execute(TestCaseExecutor.java:224)
	at com.kms.katalon.core.main.TestSuiteExecutor.accessTestCaseMainPhase(TestSuiteExecutor.java:129)
	at com.kms.katalon.core.main.TestSuiteExecutor.accessTestSuiteMainPhase(TestSuiteExecutor.java:112)
	at com.kms.katalon.core.main.TestSuiteExecutor.execute(TestSuiteExecutor.java:81)
	at com.kms.katalon.core.main.TestCaseMain.startTestSuite(TestCaseMain.java:149)
	at com.kms.katalon.core.main.TestCaseMain$startTestSuite$0.call(Unknown Source)
	at TempTestSuite1559927775427.run(TempTestSuite1559927775427.groovy:36)


2019-06-07 13:30:20 - [TEST_STEP][FAILED] - comment(" cart flyout closed "): if (true) FAILED.
Reason:
com.kms.katalon.core.exception.StepFailedException: Text 'Bag' is not present on page 
	at com.kms.katalon.core.keyword.internal.KeywordMain.stepFailed(KeywordMain.groovy:32)
	at com.kms.katalon.core.webui.keyword.internal.WebUIKeywordMain.stepFailed(WebUIKeywordMain.groovy:65)
	at com.kms.katalon.core.webui.keyword.builtin.VerifyTextPresentKeyword$_verifyTextPresent_closure1.doCall(VerifyTextPresentKeyword.groovy:79)
	at com.kms.katalon.core.webui.keyword.builtin.VerifyTextPresentKeyword$_verifyTextPresent_closure1.call(VerifyTextPresentKeyword.groovy)
	at com.kms.katalon.core.webui.keyword.internal.WebUIKeywordMain.runKeyword(WebUIKeywordMain.groovy:21)
	at com.kms.katalon.core.webui.keyword.builtin.VerifyTextPresentKeyword.verifyTextPresent(VerifyTextPresentKeyword.groovy:83)
	at com.kms.katalon.core.webui.keyword.builtin.VerifyTextPresentKeyword.execute(VerifyTextPresentKeyword.groovy:68)
	at com.kms.katalon.core.keyword.internal.KeywordExecutor.executeKeywordForPlatform(KeywordExecutor.groovy:53)
	at com.kms.katalon.core.webui.keyword.WebUiBuiltInKeywords.verifyTextPresent(WebUiBuiltInKeywords.groovy:1677)
	at com.kms.katalon.core.webui.keyword.WebUiBuiltInKeywords$verifyTextPresent$18.call(Unknown Source)
	at cart flyout.run(cart flyout:36)
	at com.kms.katalon.core.main.ScriptEngine.run(ScriptEngine.java:194)
	at com.kms.katalon.core.main.ScriptEngine.runScriptAsRawText(ScriptEngine.java:119)
	at com.kms.katalon.core.main.TestCaseExecutor.runScript(TestCaseExecutor.java:328)
	at com.kms.katalon.core.main.TestCaseExecutor.doExecute(TestCaseExecutor.java:319)
	at com.kms.katalon.core.main.TestCaseExecutor.processExecutionPhase(TestCaseExecutor.java:298)
	at com.kms.katalon.core.main.TestCaseExecutor.accessMainPhase(TestCaseExecutor.java:290)
	at com.kms.katalon.core.main.TestCaseExecutor.execute(TestCaseExecutor.java:224)
	at com.kms.katalon.core.main.TestSuiteExecutor.accessTestCaseMainPhase(TestSuiteExecutor.java:129)
	at com.kms.katalon.core.main.TestSuiteExecutor.accessTestSuiteMainPhase(TestSuiteExecutor.java:112)
	at com.kms.katalon.core.main.TestSuiteExecutor.execute(TestSuiteExecutor.java:81)
	at com.kms.katalon.core.main.TestCaseMain.startTestSuite(TestCaseMain.java:149)
	at com.kms.katalon.core.main.TestCaseMain$startTestSuite$0.call(Unknown Source)
	at TempTestSuite1559927775427.run(TempTestSuite1559927775427.groovy:36)


2019-06-07 13:30:20 - [MESSAGE][INFO] -  cart flyout closed 

2019-06-07 13:30:20 - [MESSAGE][FAILED] - if (true) FAILED.
Reason:
com.kms.katalon.core.exception.StepFailedException: Text 'Bag' is not present on page 
	at com.kms.katalon.core.keyword.internal.KeywordMain.stepFailed(KeywordMain.groovy:32)
	at com.kms.katalon.core.webui.keyword.internal.WebUIKeywordMain.stepFailed(WebUIKeywordMain.groovy:65)
	at com.kms.katalon.core.webui.keyword.builtin.VerifyTextPresentKeyword$_verifyTextPresent_closure1.doCall(VerifyTextPresentKeyword.groovy:79)
	at com.kms.katalon.core.webui.keyword.builtin.VerifyTextPresentKeyword$_verifyTextPresent_closure1.call(VerifyTextPresentKeyword.groovy)
	at com.kms.katalon.core.webui.keyword.internal.WebUIKeywordMain.runKeyword(WebUIKeywordMain.groovy:21)
	at com.kms.katalon.core.webui.keyword.builtin.VerifyTextPresentKeyword.verifyTextPresent(VerifyTextPresentKeyword.groovy:83)
	at com.kms.katalon.core.webui.keyword.builtin.VerifyTextPresentKeyword.execute(VerifyTextPresentKeyword.groovy:68)
	at com.kms.katalon.core.keyword.internal.KeywordExecutor.executeKeywordForPlatform(KeywordExecutor.groovy:53)
	at com.kms.katalon.core.webui.keyword.WebUiBuiltInKeywords.verifyTextPresent(WebUiBuiltInKeywords.groovy:1677)
	at com.kms.katalon.core.webui.keyword.WebUiBuiltInKeywords$verifyTextPresent$18.call(Unknown Source)
	at cart flyout.run(cart flyout:36)
	at com.kms.katalon.core.main.ScriptEngine.run(ScriptEngine.java:194)
	at com.kms.katalon.core.main.ScriptEngine.runScriptAsRawText(ScriptEngine.java:119)
	at com.kms.katalon.core.main.TestCaseExecutor.runScript(TestCaseExecutor.java:328)
	at com.kms.katalon.core.main.TestCaseExecutor.doExecute(TestCaseExecutor.java:319)
	at com.kms.katalon.core.main.TestCaseExecutor.processExecutionPhase(TestCaseExecutor.java:298)
	at com.kms.katalon.core.main.TestCaseExecutor.accessMainPhase(TestCaseExecutor.java:290)
	at com.kms.katalon.core.main.TestCaseExecutor.execute(TestCaseExecutor.java:224)
	at com.kms.katalon.core.main.TestSuiteExecutor.accessTestCaseMainPhase(TestSuiteExecutor.java:129)
	at com.kms.katalon.core.main.TestSuiteExecutor.accessTestSuiteMainPhase(TestSuiteExecutor.java:112)
	at com.kms.katalon.core.main.TestSuiteExecutor.execute(TestSuiteExecutor.java:81)
	at com.kms.katalon.core.main.TestCaseMain.startTestSuite(TestCaseMain.java:149)
	at com.kms.katalon.core.main.TestCaseMain$startTestSuite$0.call(Unknown Source)
	at TempTestSuite1559927775427.run(TempTestSuite1559927775427.groovy:36)]]></system-out>
         <system-err><![CDATA[2019-06-07 13:29:54 - [TEST_CASE][FAILED] - Test Cases/OCS - DESKTOP/OCS- HOME PAGE/cart flyout: Test Cases/OCS - DESKTOP/OCS- HOME PAGE/cart flyout FAILED.
Reason:
com.kms.katalon.core.exception.StepFailedException: Text 'Bag' is not present on page 
	at com.kms.katalon.core.keyword.internal.KeywordMain.stepFailed(KeywordMain.groovy:32)
	at com.kms.katalon.core.webui.keyword.internal.WebUIKeywordMain.stepFailed(WebUIKeywordMain.groovy:65)
	at com.kms.katalon.core.webui.keyword.builtin.VerifyTextPresentKeyword$_verifyTextPresent_closure1.doCall(VerifyTextPresentKeyword.groovy:79)
	at com.kms.katalon.core.webui.keyword.builtin.VerifyTextPresentKeyword$_verifyTextPresent_closure1.call(VerifyTextPresentKeyword.groovy)
	at com.kms.katalon.core.webui.keyword.internal.WebUIKeywordMain.runKeyword(WebUIKeywordMain.groovy:21)
	at com.kms.katalon.core.webui.keyword.builtin.VerifyTextPresentKeyword.verifyTextPresent(VerifyTextPresentKeyword.groovy:83)
	at com.kms.katalon.core.webui.keyword.builtin.VerifyTextPresentKeyword.execute(VerifyTextPresentKeyword.groovy:68)
	at com.kms.katalon.core.keyword.internal.KeywordExecutor.executeKeywordForPlatform(KeywordExecutor.groovy:53)
	at com.kms.katalon.core.webui.keyword.WebUiBuiltInKeywords.verifyTextPresent(WebUiBuiltInKeywords.groovy:1677)
	at com.kms.katalon.core.webui.keyword.WebUiBuiltInKeywords$verifyTextPresent$18.call(Unknown Source)
	at cart flyout.run(cart flyout:36)
	at com.kms.katalon.core.main.ScriptEngine.run(ScriptEngine.java:194)
	at com.kms.katalon.core.main.ScriptEngine.runScriptAsRawText(ScriptEngine.java:119)
	at com.kms.katalon.core.main.TestCaseExecutor.runScript(TestCaseExecutor.java:328)
	at com.kms.katalon.core.main.TestCaseExecutor.doExecute(TestCaseExecutor.java:319)
	at com.kms.katalon.core.main.TestCaseExecutor.processExecutionPhase(TestCaseExecutor.java:298)
	at com.kms.katalon.core.main.TestCaseExecutor.accessMainPhase(TestCaseExecutor.java:290)
	at com.kms.katalon.core.main.TestCaseExecutor.execute(TestCaseExecutor.java:224)
	at com.kms.katalon.core.main.TestSuiteExecutor.accessTestCaseMainPhase(TestSuiteExecutor.java:129)
	at com.kms.katalon.core.main.TestSuiteExecutor.accessTestSuiteMainPhase(TestSuiteExecutor.java:112)
	at com.kms.katalon.core.main.TestSuiteExecutor.execute(TestSuiteExecutor.java:81)
	at com.kms.katalon.core.main.TestCaseMain.startTestSuite(TestCaseMain.java:149)
	at com.kms.katalon.core.main.TestCaseMain$startTestSuite$0.call(Unknown Source)
	at TempTestSuite1559927775427.run(TempTestSuite1559927775427.groovy:36)]]></system-err>
      </testcase>
      <testcase name="Test Cases/OCS - DESKTOP/OCS- HOME PAGE/Retail stores link" classname="Test Cases/OCS - DESKTOP/OCS- HOME PAGE/Retail stores link" status="PASSED">
         <system-out><![CDATA[2019-06-07 13:30:20 - [TEST_CASE][PASSED] - Test Cases/OCS - DESKTOP/OCS- HOME PAGE/Retail stores link: Test Cases/OCS - DESKTOP/OCS- HOME PAGE/Retail stores link

2019-06-07 13:30:20 - [TEST_STEP][PASSED] - callTestCase(findTestCase("OCS - DESKTOP/CALL- Age gate"), [:], STOP_ON_FAILURE): Call Test Case 'Test Cases/OCS - DESKTOP/CALL- Age gate' successfully

2019-06-07 13:30:20 - [TEST_CASE][PASSED] - Test Cases/OCS - DESKTOP/CALL- Age gate: Test Cases/OCS - DESKTOP/CALL- Age gate

2019-06-07 13:30:20 - [TEST_STEP][PASSED] - openBrowser(""): Browser is opened with url: ''

2019-06-07 13:30:20 - [MESSAGE][WARNING] - A browser is already opened. Closing browser and opening a new one

2019-06-07 13:30:20 - [MESSAGE][INFO] - Starting 'Chrome' driver

2019-06-07 13:30:22 - [MESSAGE][PASSED] - Browser is opened with url: ''

2019-06-07 13:30:22 - [TEST_STEP][PASSED] - navigateToUrl("https://ocs.ca/?fts=0&preview_theme_id=72920074060"): Navigate to 'https://ocs.ca/?fts=0&preview_theme_id=72920074060' successfully

2019-06-07 13:30:26 - [MESSAGE][PASSED] - Navigate to 'https://ocs.ca/?fts=0&preview_theme_id=72920074060' successfully

2019-06-07 13:30:26 - [TEST_STEP][PASSED] - maximizeWindow(): Current window maximized

2019-06-07 13:30:27 - [MESSAGE][PASSED] - Current window maximized

2019-06-07 13:30:27 - [TEST_STEP][PASSED] - delay(2): Delayed 2 second(s)

2019-06-07 13:30:29 - [MESSAGE][PASSED] - Delayed 2 second(s)

2019-06-07 13:30:29 - [TEST_STEP][PASSED] - executeJavaScript("var previewBar = document.getElementById("preview-bar-iframe"); previewBar.style.display = "none";", []): Execute JavaScript 'var previewBar = document.getElementById("preview-bar-iframe"); previewBar.style.display = "none";' successfully

2019-06-07 13:30:29 - [MESSAGE][PASSED] - Execute JavaScript 'var previewBar = document.getElementById("preview-bar-iframe"); previewBar.style.display = "none";' successfully

2019-06-07 13:30:29 - [TEST_STEP][PASSED] - selectOptionByValue(findTestObject("OCS-DESKTOP/Age gate and Mega menu/Date"), "12", true): All options with value '12' are selected in object 'Object Repository/OCS-DESKTOP/Age gate and Mega menu/Date'  using regular expression

2019-06-07 13:30:29 - [MESSAGE][PASSED] - All options with value '12' are selected in object 'Object Repository/OCS-DESKTOP/Age gate and Mega menu/Date'  using regular expression

2019-06-07 13:30:29 - [TEST_STEP][PASSED] - selectOptionByValue(findTestObject("OCS-DESKTOP/Age gate and Mega menu/month"), "6", true): All options with value '6' are selected in object 'Object Repository/OCS-DESKTOP/Age gate and Mega menu/month'  using regular expression

2019-06-07 13:30:29 - [MESSAGE][PASSED] - All options with value '6' are selected in object 'Object Repository/OCS-DESKTOP/Age gate and Mega menu/month'  using regular expression

2019-06-07 13:30:29 - [TEST_STEP][PASSED] - delay(2): Delayed 2 second(s)

2019-06-07 13:30:31 - [MESSAGE][PASSED] - Delayed 2 second(s)

2019-06-07 13:30:31 - [TEST_STEP][PASSED] - selectOptionByValue(findTestObject("OCS-DESKTOP/Age gate and Mega menu/Year Dropdown"), "1990", true): All options with value '1990' are selected in object 'Object Repository/OCS-DESKTOP/Age gate and Mega menu/Year Dropdown'  using regular expression

2019-06-07 13:30:32 - [MESSAGE][PASSED] - All options with value '1990' are selected in object 'Object Repository/OCS-DESKTOP/Age gate and Mega menu/Year Dropdown'  using regular expression

2019-06-07 13:30:32 - [TEST_STEP][PASSED] - click(findTestObject("OCS-DESKTOP/Age gate and Mega menu/button_Verify")): Object: 'Object Repository/OCS-DESKTOP/Age gate and Mega menu/button_Verify' is clicked on

2019-06-07 13:30:32 - [MESSAGE][PASSED] - Object: 'Object Repository/OCS-DESKTOP/Age gate and Mega menu/button_Verify' is clicked on

2019-06-07 13:30:32 - [TEST_STEP][PASSED] - click(findTestObject("OCS-DESKTOP/Age gate and Mega menu/Checkbox_CONFIRM AND ACKNOWLEDGE")): Object: 'Object Repository/OCS-DESKTOP/Age gate and Mega menu/Checkbox_CONFIRM AND ACKNOWLEDGE' is clicked on

2019-06-07 13:30:32 - [MESSAGE][PASSED] - Object: 'Object Repository/OCS-DESKTOP/Age gate and Mega menu/Checkbox_CONFIRM AND ACKNOWLEDGE' is clicked on

2019-06-07 13:30:32 - [TEST_STEP][PASSED] - click(findTestObject("OCS-DESKTOP/Age gate and Mega menu/button_CONFIRM")): Object: 'Object Repository/OCS-DESKTOP/Age gate and Mega menu/button_CONFIRM' is clicked on

2019-06-07 13:30:32 - [MESSAGE][PASSED] - Object: 'Object Repository/OCS-DESKTOP/Age gate and Mega menu/button_CONFIRM' is clicked on

2019-06-07 13:30:32 - [TEST_STEP][PASSED] - click(findTestObject("OCS-DESKTOP/Age gate and Mega menu/button_Start Browsing")): Object: 'Object Repository/OCS-DESKTOP/Age gate and Mega menu/button_Start Browsing' is clicked on

2019-06-07 13:30:33 - [MESSAGE][PASSED] - Object: 'Object Repository/OCS-DESKTOP/Age gate and Mega menu/button_Start Browsing' is clicked on

2019-06-07 13:30:33 - [TEST_STEP][PASSED] - delay(2): Delayed 2 second(s)

2019-06-07 13:30:35 - [MESSAGE][PASSED] - Delayed 2 second(s)

2019-06-07 13:30:35 - [TEST_STEP][PASSED] - refresh(): Refresh successfully

2019-06-07 13:30:35 - [MESSAGE][PASSED] - Refresh successfully

2019-06-07 13:30:35 - [MESSAGE][PASSED] - Call Test Case 'Test Cases/OCS - DESKTOP/CALL- Age gate' successfully

2019-06-07 13:30:35 - [TEST_STEP][PASSED] - delay(2): Delayed 2 second(s)

2019-06-07 13:30:37 - [MESSAGE][PASSED] - Delayed 2 second(s)

2019-06-07 13:30:37 - [TEST_STEP][PASSED] - flag = verifyElementPresent(findTestObject("OCS-DESKTOP/Home - page/Retail stores link"), 0, CONTINUE_ON_FAILURE): Object 'Object Repository/OCS-DESKTOP/Home - page/Retail stores link' is present

2019-06-07 13:30:37 - [MESSAGE][WARNING] - Timeout '0' is invalid. Using default page load timeout: '30'

2019-06-07 13:30:38 - [MESSAGE][PASSED] - Object 'Object Repository/OCS-DESKTOP/Home - page/Retail stores link' is present

2019-06-07 13:30:38 - [TEST_STEP][PASSED] - comment("flag=" + flag): flag=true

2019-06-07 13:30:38 - [MESSAGE][INFO] - flag=true

2019-06-07 13:30:38 - [TEST_STEP][PASSED] - if (flag == true): Object: 'Object Repository/OCS-DESKTOP/Home - page/Retail stores link' is clicked on

2019-06-07 13:30:38 - [TEST_STEP][PASSED] - delay(2): Delayed 2 second(s)

2019-06-07 13:30:40 - [MESSAGE][PASSED] - Delayed 2 second(s)

2019-06-07 13:30:40 - [TEST_STEP][PASSED] - click(findTestObject("OCS-DESKTOP/Home - page/Retail stores link")): Object: 'Object Repository/OCS-DESKTOP/Home - page/Retail stores link' is clicked on

2019-06-07 13:30:40 - [MESSAGE][PASSED] - Object: 'Object Repository/OCS-DESKTOP/Home - page/Retail stores link' is clicked on]]></system-out>
         <system-err><![CDATA[]]></system-err>
      </testcase>
      <testcase name="Test Cases/OCS - DESKTOP/OCS- HOME PAGE/Screen reader link" classname="Test Cases/OCS - DESKTOP/OCS- HOME PAGE/Screen reader link" status="PASSED">
         <system-out><![CDATA[2019-06-07 13:30:40 - [TEST_CASE][PASSED] - Test Cases/OCS - DESKTOP/OCS- HOME PAGE/Screen reader link: Test Cases/OCS - DESKTOP/OCS- HOME PAGE/Screen reader link

2019-06-07 13:30:40 - [TEST_STEP][PASSED] - callTestCase(findTestCase("OCS - DESKTOP/CALL- Age gate"), [:], STOP_ON_FAILURE): Call Test Case 'Test Cases/OCS - DESKTOP/CALL- Age gate' successfully

2019-06-07 13:30:40 - [TEST_CASE][PASSED] - Test Cases/OCS - DESKTOP/CALL- Age gate: Test Cases/OCS - DESKTOP/CALL- Age gate

2019-06-07 13:30:40 - [TEST_STEP][PASSED] - openBrowser(""): Browser is opened with url: ''

2019-06-07 13:30:40 - [MESSAGE][WARNING] - A browser is already opened. Closing browser and opening a new one

2019-06-07 13:30:40 - [MESSAGE][INFO] - Starting 'Chrome' driver

2019-06-07 13:30:41 - [MESSAGE][PASSED] - Browser is opened with url: ''

2019-06-07 13:30:41 - [TEST_STEP][PASSED] - navigateToUrl("https://ocs.ca/?fts=0&preview_theme_id=72920074060"): Navigate to 'https://ocs.ca/?fts=0&preview_theme_id=72920074060' successfully

2019-06-07 13:30:45 - [MESSAGE][PASSED] - Navigate to 'https://ocs.ca/?fts=0&preview_theme_id=72920074060' successfully

2019-06-07 13:30:45 - [TEST_STEP][PASSED] - maximizeWindow(): Current window maximized

2019-06-07 13:30:46 - [MESSAGE][PASSED] - Current window maximized

2019-06-07 13:30:46 - [TEST_STEP][PASSED] - delay(2): Delayed 2 second(s)

2019-06-07 13:30:48 - [MESSAGE][PASSED] - Delayed 2 second(s)

2019-06-07 13:30:48 - [TEST_STEP][PASSED] - executeJavaScript("var previewBar = document.getElementById("preview-bar-iframe"); previewBar.style.display = "none";", []): Execute JavaScript 'var previewBar = document.getElementById("preview-bar-iframe"); previewBar.style.display = "none";' successfully

2019-06-07 13:30:48 - [MESSAGE][PASSED] - Execute JavaScript 'var previewBar = document.getElementById("preview-bar-iframe"); previewBar.style.display = "none";' successfully

2019-06-07 13:30:48 - [TEST_STEP][PASSED] - selectOptionByValue(findTestObject("OCS-DESKTOP/Age gate and Mega menu/Date"), "12", true): All options with value '12' are selected in object 'Object Repository/OCS-DESKTOP/Age gate and Mega menu/Date'  using regular expression

2019-06-07 13:30:48 - [MESSAGE][PASSED] - All options with value '12' are selected in object 'Object Repository/OCS-DESKTOP/Age gate and Mega menu/Date'  using regular expression

2019-06-07 13:30:48 - [TEST_STEP][PASSED] - selectOptionByValue(findTestObject("OCS-DESKTOP/Age gate and Mega menu/month"), "6", true): All options with value '6' are selected in object 'Object Repository/OCS-DESKTOP/Age gate and Mega menu/month'  using regular expression

2019-06-07 13:30:48 - [MESSAGE][PASSED] - All options with value '6' are selected in object 'Object Repository/OCS-DESKTOP/Age gate and Mega menu/month'  using regular expression

2019-06-07 13:30:48 - [TEST_STEP][PASSED] - delay(2): Delayed 2 second(s)

2019-06-07 13:30:50 - [MESSAGE][PASSED] - Delayed 2 second(s)

2019-06-07 13:30:50 - [TEST_STEP][PASSED] - selectOptionByValue(findTestObject("OCS-DESKTOP/Age gate and Mega menu/Year Dropdown"), "1990", true): All options with value '1990' are selected in object 'Object Repository/OCS-DESKTOP/Age gate and Mega menu/Year Dropdown'  using regular expression

2019-06-07 13:30:51 - [MESSAGE][PASSED] - All options with value '1990' are selected in object 'Object Repository/OCS-DESKTOP/Age gate and Mega menu/Year Dropdown'  using regular expression

2019-06-07 13:30:51 - [TEST_STEP][PASSED] - click(findTestObject("OCS-DESKTOP/Age gate and Mega menu/button_Verify")): Object: 'Object Repository/OCS-DESKTOP/Age gate and Mega menu/button_Verify' is clicked on

2019-06-07 13:30:51 - [MESSAGE][PASSED] - Object: 'Object Repository/OCS-DESKTOP/Age gate and Mega menu/button_Verify' is clicked on

2019-06-07 13:30:51 - [TEST_STEP][PASSED] - click(findTestObject("OCS-DESKTOP/Age gate and Mega menu/Checkbox_CONFIRM AND ACKNOWLEDGE")): Object: 'Object Repository/OCS-DESKTOP/Age gate and Mega menu/Checkbox_CONFIRM AND ACKNOWLEDGE' is clicked on

2019-06-07 13:30:51 - [MESSAGE][PASSED] - Object: 'Object Repository/OCS-DESKTOP/Age gate and Mega menu/Checkbox_CONFIRM AND ACKNOWLEDGE' is clicked on

2019-06-07 13:30:51 - [TEST_STEP][PASSED] - click(findTestObject("OCS-DESKTOP/Age gate and Mega menu/button_CONFIRM")): Object: 'Object Repository/OCS-DESKTOP/Age gate and Mega menu/button_CONFIRM' is clicked on

2019-06-07 13:30:51 - [MESSAGE][PASSED] - Object: 'Object Repository/OCS-DESKTOP/Age gate and Mega menu/button_CONFIRM' is clicked on

2019-06-07 13:30:51 - [TEST_STEP][PASSED] - click(findTestObject("OCS-DESKTOP/Age gate and Mega menu/button_Start Browsing")): Object: 'Object Repository/OCS-DESKTOP/Age gate and Mega menu/button_Start Browsing' is clicked on

2019-06-07 13:30:51 - [MESSAGE][PASSED] - Object: 'Object Repository/OCS-DESKTOP/Age gate and Mega menu/button_Start Browsing' is clicked on

2019-06-07 13:30:51 - [TEST_STEP][PASSED] - delay(2): Delayed 2 second(s)

2019-06-07 13:30:53 - [MESSAGE][PASSED] - Delayed 2 second(s)

2019-06-07 13:30:53 - [TEST_STEP][PASSED] - refresh(): Refresh successfully

2019-06-07 13:30:53 - [MESSAGE][PASSED] - Refresh successfully

2019-06-07 13:30:53 - [MESSAGE][PASSED] - Call Test Case 'Test Cases/OCS - DESKTOP/CALL- Age gate' successfully

2019-06-07 13:30:53 - [TEST_STEP][PASSED] - delay(2): Delayed 2 second(s)

2019-06-07 13:30:56 - [MESSAGE][PASSED] - Delayed 2 second(s)

2019-06-07 13:30:56 - [TEST_STEP][PASSED] - click(findTestObject("OCS-DESKTOP/Home - page/Screen readers link")): Object: 'Object Repository/OCS-DESKTOP/Home - page/Screen readers link' is clicked on

2019-06-07 13:30:59 - [MESSAGE][PASSED] - Object: 'Object Repository/OCS-DESKTOP/Home - page/Screen readers link' is clicked on

2019-06-07 13:30:59 - [TEST_STEP][PASSED] - flag = verifyTextPresent("Accessibility at the Ontario Cannabis Store (OCS)", false): Text 'Accessibility at the Ontario Cannabis Store (OCS)' is present on page 

2019-06-07 13:30:59 - [MESSAGE][PASSED] - Text 'Accessibility at the Ontario Cannabis Store (OCS)' is present on page 

2019-06-07 13:30:59 - [TEST_STEP][PASSED] - comment("flag =" + flag): flag =true

2019-06-07 13:30:59 - [MESSAGE][INFO] - flag =true

2019-06-07 13:30:59 - [TEST_STEP][PASSED] - if (flag == false): null

2019-06-07 13:30:59 - [TEST_STEP][PASSED] - else:  naviagtion is  on right page

2019-06-07 13:30:59 - [TEST_STEP][PASSED] - comment(" naviagtion is  on right page"):  naviagtion is  on right page

2019-06-07 13:30:59 - [MESSAGE][INFO] -  naviagtion is  on right page]]></system-out>
         <system-err><![CDATA[]]></system-err>
      </testcase>
      <testcase name="Test Cases/OCS - DESKTOP/OCS- HOME PAGE/HP-Burger menu -cannabis" classname="Test Cases/OCS - DESKTOP/OCS- HOME PAGE/HP-Burger menu -cannabis" status="FAILED">
         <failure type="FAILED" message="Test Cases/OCS - DESKTOP/OCS- HOME PAGE/HP-Burger menu -cannabis FAILED.
Reason:
com.kms.katalon.core.exception.StepFailedException: Unable to click on object 'Object Repository/OCS-DESKTOP/Cannabis page/Shop by plant type - plus accordian' (Root cause: com.kms.katalon.core.webui.exception.WebElementNotFoundException: Web element with id: 'Object Repository/OCS-DESKTOP/Cannabis page/Shop by plant type - plus accordian' located by 'By.xpath: /html/body/div/header/div[2]/div/div[2]/div/div[1]/div[1]/nav/ul/li[1]/div/div[2]/ul[2]/li[1]/a/span' not found)
	at com.kms.katalon.core.keyword.internal.KeywordMain.stepFailed(KeywordMain.groovy:36)
	at com.kms.katalon.core.webui.keyword.internal.WebUIKeywordMain.stepFailed(WebUIKeywordMain.groovy:65)
	at com.kms.katalon.core.webui.keyword.internal.WebUIKeywordMain.runKeyword(WebUIKeywordMain.groovy:27)
	at com.kms.katalon.core.webui.keyword.builtin.ClickKeyword.click(ClickKeyword.groovy:86)
	at com.kms.katalon.core.webui.keyword.builtin.ClickKeyword.execute(ClickKeyword.groovy:67)
	at com.kms.katalon.core.keyword.internal.KeywordExecutor.executeKeywordForPlatform(KeywordExecutor.groovy:53)
	at com.kms.katalon.core.webui.keyword.WebUiBuiltInKeywords.click(WebUiBuiltInKeywords.groovy:616)
	at com.kms.katalon.core.webui.keyword.WebUiBuiltInKeywords$click$4.call(Unknown Source)
	at HP-Burger menu -cannabis.run(HP-Burger menu -cannabis:186)
	at com.kms.katalon.core.main.ScriptEngine.run(ScriptEngine.java:194)
	at com.kms.katalon.core.main.ScriptEngine.runScriptAsRawText(ScriptEngine.java:119)
	at com.kms.katalon.core.main.TestCaseExecutor.runScript(TestCaseExecutor.java:328)
	at com.kms.katalon.core.main.TestCaseExecutor.doExecute(TestCaseExecutor.java:319)
	at com.kms.katalon.core.main.TestCaseExecutor.processExecutionPhase(TestCaseExecutor.java:298)
	at com.kms.katalon.core.main.TestCaseExecutor.accessMainPhase(TestCaseExecutor.java:290)
	at com.kms.katalon.core.main.TestCaseExecutor.execute(TestCaseExecutor.java:224)
	at com.kms.katalon.core.main.TestSuiteExecutor.accessTestCaseMainPhase(TestSuiteExecutor.java:129)
	at com.kms.katalon.core.main.TestSuiteExecutor.accessTestSuiteMainPhase(TestSuiteExecutor.java:112)
	at com.kms.katalon.core.main.TestSuiteExecutor.execute(TestSuiteExecutor.java:81)
	at com.kms.katalon.core.main.TestCaseMain.startTestSuite(TestCaseMain.java:149)
	at com.kms.katalon.core.main.TestCaseMain$startTestSuite$0.call(Unknown Source)
	at TempTestSuite1559927775427.run(TempTestSuite1559927775427.groovy:36)
"/>
         <system-out><![CDATA[2019-06-07 13:30:59 - [TEST_CASE][FAILED] - Test Cases/OCS - DESKTOP/OCS- HOME PAGE/HP-Burger menu -cannabis: Test Cases/OCS - DESKTOP/OCS- HOME PAGE/HP-Burger menu -cannabis FAILED.
Reason:
com.kms.katalon.core.exception.StepFailedException: Unable to click on object 'Object Repository/OCS-DESKTOP/Cannabis page/Shop by plant type - plus accordian' (Root cause: com.kms.katalon.core.webui.exception.WebElementNotFoundException: Web element with id: 'Object Repository/OCS-DESKTOP/Cannabis page/Shop by plant type - plus accordian' located by 'By.xpath: /html/body/div/header/div[2]/div/div[2]/div/div[1]/div[1]/nav/ul/li[1]/div/div[2]/ul[2]/li[1]/a/span' not found)
	at com.kms.katalon.core.keyword.internal.KeywordMain.stepFailed(KeywordMain.groovy:36)
	at com.kms.katalon.core.webui.keyword.internal.WebUIKeywordMain.stepFailed(WebUIKeywordMain.groovy:65)
	at com.kms.katalon.core.webui.keyword.internal.WebUIKeywordMain.runKeyword(WebUIKeywordMain.groovy:27)
	at com.kms.katalon.core.webui.keyword.builtin.ClickKeyword.click(ClickKeyword.groovy:86)
	at com.kms.katalon.core.webui.keyword.builtin.ClickKeyword.execute(ClickKeyword.groovy:67)
	at com.kms.katalon.core.keyword.internal.KeywordExecutor.executeKeywordForPlatform(KeywordExecutor.groovy:53)
	at com.kms.katalon.core.webui.keyword.WebUiBuiltInKeywords.click(WebUiBuiltInKeywords.groovy:616)
	at com.kms.katalon.core.webui.keyword.WebUiBuiltInKeywords$click$4.call(Unknown Source)
	at HP-Burger menu -cannabis.run(HP-Burger menu -cannabis:186)
	at com.kms.katalon.core.main.ScriptEngine.run(ScriptEngine.java:194)
	at com.kms.katalon.core.main.ScriptEngine.runScriptAsRawText(ScriptEngine.java:119)
	at com.kms.katalon.core.main.TestCaseExecutor.runScript(TestCaseExecutor.java:328)
	at com.kms.katalon.core.main.TestCaseExecutor.doExecute(TestCaseExecutor.java:319)
	at com.kms.katalon.core.main.TestCaseExecutor.processExecutionPhase(TestCaseExecutor.java:298)
	at com.kms.katalon.core.main.TestCaseExecutor.accessMainPhase(TestCaseExecutor.java:290)
	at com.kms.katalon.core.main.TestCaseExecutor.execute(TestCaseExecutor.java:224)
	at com.kms.katalon.core.main.TestSuiteExecutor.accessTestCaseMainPhase(TestSuiteExecutor.java:129)
	at com.kms.katalon.core.main.TestSuiteExecutor.accessTestSuiteMainPhase(TestSuiteExecutor.java:112)
	at com.kms.katalon.core.main.TestSuiteExecutor.execute(TestSuiteExecutor.java:81)
	at com.kms.katalon.core.main.TestCaseMain.startTestSuite(TestCaseMain.java:149)
	at com.kms.katalon.core.main.TestCaseMain$startTestSuite$0.call(Unknown Source)
	at TempTestSuite1559927775427.run(TempTestSuite1559927775427.groovy:36)


2019-06-07 13:30:59 - [TEST_STEP][PASSED] - callTestCase(findTestCase("OCS - DESKTOP/CALL- Age gate"), [:], STOP_ON_FAILURE): Call Test Case 'Test Cases/OCS - DESKTOP/CALL- Age gate' successfully

2019-06-07 13:30:59 - [TEST_CASE][PASSED] - Test Cases/OCS - DESKTOP/CALL- Age gate: Test Cases/OCS - DESKTOP/CALL- Age gate

2019-06-07 13:30:59 - [TEST_STEP][PASSED] - openBrowser(""): Browser is opened with url: ''

2019-06-07 13:30:59 - [MESSAGE][WARNING] - A browser is already opened. Closing browser and opening a new one

2019-06-07 13:31:00 - [MESSAGE][INFO] - Starting 'Chrome' driver

2019-06-07 13:31:01 - [MESSAGE][PASSED] - Browser is opened with url: ''

2019-06-07 13:31:01 - [TEST_STEP][PASSED] - navigateToUrl("https://ocs.ca/?fts=0&preview_theme_id=72920074060"): Navigate to 'https://ocs.ca/?fts=0&preview_theme_id=72920074060' successfully

2019-06-07 13:31:05 - [MESSAGE][PASSED] - Navigate to 'https://ocs.ca/?fts=0&preview_theme_id=72920074060' successfully

2019-06-07 13:31:05 - [TEST_STEP][PASSED] - maximizeWindow(): Current window maximized

2019-06-07 13:31:05 - [MESSAGE][PASSED] - Current window maximized

2019-06-07 13:31:05 - [TEST_STEP][PASSED] - delay(2): Delayed 2 second(s)

2019-06-07 13:31:07 - [MESSAGE][PASSED] - Delayed 2 second(s)

2019-06-07 13:31:07 - [TEST_STEP][PASSED] - executeJavaScript("var previewBar = document.getElementById("preview-bar-iframe"); previewBar.style.display = "none";", []): Execute JavaScript 'var previewBar = document.getElementById("preview-bar-iframe"); previewBar.style.display = "none";' successfully

2019-06-07 13:31:07 - [MESSAGE][PASSED] - Execute JavaScript 'var previewBar = document.getElementById("preview-bar-iframe"); previewBar.style.display = "none";' successfully

2019-06-07 13:31:07 - [TEST_STEP][PASSED] - selectOptionByValue(findTestObject("OCS-DESKTOP/Age gate and Mega menu/Date"), "12", true): All options with value '12' are selected in object 'Object Repository/OCS-DESKTOP/Age gate and Mega menu/Date'  using regular expression

2019-06-07 13:31:08 - [MESSAGE][PASSED] - All options with value '12' are selected in object 'Object Repository/OCS-DESKTOP/Age gate and Mega menu/Date'  using regular expression

2019-06-07 13:31:08 - [TEST_STEP][PASSED] - selectOptionByValue(findTestObject("OCS-DESKTOP/Age gate and Mega menu/month"), "6", true): All options with value '6' are selected in object 'Object Repository/OCS-DESKTOP/Age gate and Mega menu/month'  using regular expression

2019-06-07 13:31:08 - [MESSAGE][PASSED] - All options with value '6' are selected in object 'Object Repository/OCS-DESKTOP/Age gate and Mega menu/month'  using regular expression

2019-06-07 13:31:08 - [TEST_STEP][PASSED] - delay(2): Delayed 2 second(s)

2019-06-07 13:31:10 - [MESSAGE][PASSED] - Delayed 2 second(s)

2019-06-07 13:31:10 - [TEST_STEP][PASSED] - selectOptionByValue(findTestObject("OCS-DESKTOP/Age gate and Mega menu/Year Dropdown"), "1990", true): All options with value '1990' are selected in object 'Object Repository/OCS-DESKTOP/Age gate and Mega menu/Year Dropdown'  using regular expression

2019-06-07 13:31:11 - [MESSAGE][PASSED] - All options with value '1990' are selected in object 'Object Repository/OCS-DESKTOP/Age gate and Mega menu/Year Dropdown'  using regular expression

2019-06-07 13:31:11 - [TEST_STEP][PASSED] - click(findTestObject("OCS-DESKTOP/Age gate and Mega menu/button_Verify")): Object: 'Object Repository/OCS-DESKTOP/Age gate and Mega menu/button_Verify' is clicked on

2019-06-07 13:31:11 - [MESSAGE][PASSED] - Object: 'Object Repository/OCS-DESKTOP/Age gate and Mega menu/button_Verify' is clicked on

2019-06-07 13:31:11 - [TEST_STEP][PASSED] - click(findTestObject("OCS-DESKTOP/Age gate and Mega menu/Checkbox_CONFIRM AND ACKNOWLEDGE")): Object: 'Object Repository/OCS-DESKTOP/Age gate and Mega menu/Checkbox_CONFIRM AND ACKNOWLEDGE' is clicked on

2019-06-07 13:31:11 - [MESSAGE][PASSED] - Object: 'Object Repository/OCS-DESKTOP/Age gate and Mega menu/Checkbox_CONFIRM AND ACKNOWLEDGE' is clicked on

2019-06-07 13:31:11 - [TEST_STEP][PASSED] - click(findTestObject("OCS-DESKTOP/Age gate and Mega menu/button_CONFIRM")): Object: 'Object Repository/OCS-DESKTOP/Age gate and Mega menu/button_CONFIRM' is clicked on

2019-06-07 13:31:11 - [MESSAGE][PASSED] - Object: 'Object Repository/OCS-DESKTOP/Age gate and Mega menu/button_CONFIRM' is clicked on

2019-06-07 13:31:11 - [TEST_STEP][PASSED] - click(findTestObject("OCS-DESKTOP/Age gate and Mega menu/button_Start Browsing")): Object: 'Object Repository/OCS-DESKTOP/Age gate and Mega menu/button_Start Browsing' is clicked on

2019-06-07 13:31:11 - [MESSAGE][PASSED] - Object: 'Object Repository/OCS-DESKTOP/Age gate and Mega menu/button_Start Browsing' is clicked on

2019-06-07 13:31:11 - [TEST_STEP][PASSED] - delay(2): Delayed 2 second(s)

2019-06-07 13:31:13 - [MESSAGE][PASSED] - Delayed 2 second(s)

2019-06-07 13:31:13 - [TEST_STEP][PASSED] - refresh(): Refresh successfully

2019-06-07 13:31:13 - [MESSAGE][PASSED] - Refresh successfully

2019-06-07 13:31:13 - [MESSAGE][PASSED] - Call Test Case 'Test Cases/OCS - DESKTOP/CALL- Age gate' successfully

2019-06-07 13:31:13 - [TEST_STEP][PASSED] - delay(2): Delayed 2 second(s)

2019-06-07 13:31:15 - [MESSAGE][PASSED] - Delayed 2 second(s)

2019-06-07 13:31:15 - [TEST_STEP][PASSED] - click(findTestObject("OCS-DESKTOP/Age gate and Mega menu/Header/CANNABIS menu - English"), CONTINUE_ON_FAILURE): Object: 'Object Repository/OCS-DESKTOP/Age gate and Mega menu/Header/CANNABIS menu - English' is clicked on

2019-06-07 13:31:16 - [MESSAGE][PASSED] - Object: 'Object Repository/OCS-DESKTOP/Age gate and Mega menu/Header/CANNABIS menu - English' is clicked on

2019-06-07 13:31:16 - [TEST_STEP][PASSED] - delay(2, CONTINUE_ON_FAILURE): Delayed 2 second(s)

2019-06-07 13:31:18 - [MESSAGE][PASSED] - Delayed 2 second(s)

2019-06-07 13:31:18 - [TEST_STEP][PASSED] - delay(1, CONTINUE_ON_FAILURE): Delayed 1 second(s)

2019-06-07 13:31:19 - [MESSAGE][PASSED] - Delayed 1 second(s)

2019-06-07 13:31:19 - [TEST_STEP][PASSED] - click(findTestObject("OCS-DESKTOP/Cannabis page/Dried flower")): Object: 'Object Repository/OCS-DESKTOP/Cannabis page/Dried flower' is clicked on

2019-06-07 13:31:22 - [MESSAGE][PASSED] - Object: 'Object Repository/OCS-DESKTOP/Cannabis page/Dried flower' is clicked on

2019-06-07 13:31:22 - [TEST_STEP][PASSED] - delay(1, CONTINUE_ON_FAILURE): Delayed 1 second(s)

2019-06-07 13:31:23 - [MESSAGE][PASSED] - Delayed 1 second(s)

2019-06-07 13:31:23 - [TEST_STEP][PASSED] - click(findTestObject("OCS-DESKTOP/Age gate and Mega menu/Header/CANNABIS menu - English")): Object: 'Object Repository/OCS-DESKTOP/Age gate and Mega menu/Header/CANNABIS menu - English' is clicked on

2019-06-07 13:31:23 - [MESSAGE][PASSED] - Object: 'Object Repository/OCS-DESKTOP/Age gate and Mega menu/Header/CANNABIS menu - English' is clicked on

2019-06-07 13:31:23 - [TEST_STEP][PASSED] - delay(1, CONTINUE_ON_FAILURE): Delayed 1 second(s)

2019-06-07 13:31:24 - [MESSAGE][PASSED] - Delayed 1 second(s)

2019-06-07 13:31:24 - [TEST_STEP][PASSED] - delay(1, CONTINUE_ON_FAILURE): Delayed 1 second(s)

2019-06-07 13:31:25 - [MESSAGE][PASSED] - Delayed 1 second(s)

2019-06-07 13:31:25 - [TEST_STEP][PASSED] - click(findTestObject("OCS-DESKTOP/Cannabis page/Dried flower - Indica dominant")): Object: 'Object Repository/OCS-DESKTOP/Cannabis page/Dried flower - Indica dominant' is clicked on

2019-06-07 13:31:27 - [MESSAGE][PASSED] - Object: 'Object Repository/OCS-DESKTOP/Cannabis page/Dried flower - Indica dominant' is clicked on

2019-06-07 13:31:27 - [TEST_STEP][PASSED] - delay(1, CONTINUE_ON_FAILURE): Delayed 1 second(s)

2019-06-07 13:31:28 - [MESSAGE][PASSED] - Delayed 1 second(s)

2019-06-07 13:31:28 - [TEST_STEP][PASSED] - click(findTestObject("OCS-DESKTOP/Age gate and Mega menu/Header/CANNABIS menu - English"), CONTINUE_ON_FAILURE): Object: 'Object Repository/OCS-DESKTOP/Age gate and Mega menu/Header/CANNABIS menu - English' is clicked on

2019-06-07 13:31:28 - [MESSAGE][PASSED] - Object: 'Object Repository/OCS-DESKTOP/Age gate and Mega menu/Header/CANNABIS menu - English' is clicked on

2019-06-07 13:31:28 - [TEST_STEP][PASSED] - delay(2, CONTINUE_ON_FAILURE): Delayed 2 second(s)

2019-06-07 13:31:30 - [MESSAGE][PASSED] - Delayed 2 second(s)

2019-06-07 13:31:30 - [TEST_STEP][PASSED] - click(findTestObject("OCS-DESKTOP/Cannabis page/Dried flower - sativa dominant")): Object: 'Object Repository/OCS-DESKTOP/Cannabis page/Dried flower - sativa dominant' is clicked on

2019-06-07 13:31:32 - [MESSAGE][PASSED] - Object: 'Object Repository/OCS-DESKTOP/Cannabis page/Dried flower - sativa dominant' is clicked on

2019-06-07 13:31:32 - [TEST_STEP][PASSED] - delay(1, CONTINUE_ON_FAILURE): Delayed 1 second(s)

2019-06-07 13:31:33 - [MESSAGE][PASSED] - Delayed 1 second(s)

2019-06-07 13:31:33 - [TEST_STEP][PASSED] - delay(1, CONTINUE_ON_FAILURE): Delayed 1 second(s)

2019-06-07 13:31:34 - [MESSAGE][PASSED] - Delayed 1 second(s)

2019-06-07 13:31:34 - [TEST_STEP][PASSED] - click(findTestObject("OCS-DESKTOP/Age gate and Mega menu/Header/CANNABIS menu - English"), CONTINUE_ON_FAILURE): Object: 'Object Repository/OCS-DESKTOP/Age gate and Mega menu/Header/CANNABIS menu - English' is clicked on

2019-06-07 13:31:34 - [MESSAGE][PASSED] - Object: 'Object Repository/OCS-DESKTOP/Age gate and Mega menu/Header/CANNABIS menu - English' is clicked on

2019-06-07 13:31:34 - [TEST_STEP][PASSED] - delay(2, CONTINUE_ON_FAILURE): Delayed 2 second(s)

2019-06-07 13:31:36 - [MESSAGE][PASSED] - Delayed 2 second(s)

2019-06-07 13:31:36 - [TEST_STEP][PASSED] - click(findTestObject("OCS-DESKTOP/Cannabis page/Dried flower - Hybrid")): Object: 'Object Repository/OCS-DESKTOP/Cannabis page/Dried flower - Hybrid' is clicked on

2019-06-07 13:31:39 - [MESSAGE][PASSED] - Object: 'Object Repository/OCS-DESKTOP/Cannabis page/Dried flower - Hybrid' is clicked on

2019-06-07 13:31:39 - [TEST_STEP][PASSED] - delay(1, CONTINUE_ON_FAILURE): Delayed 1 second(s)

2019-06-07 13:31:40 - [MESSAGE][PASSED] - Delayed 1 second(s)

2019-06-07 13:31:40 - [TEST_STEP][PASSED] - click(findTestObject("OCS-DESKTOP/Age gate and Mega menu/Header/CANNABIS menu - English"), CONTINUE_ON_FAILURE): Object: 'Object Repository/OCS-DESKTOP/Age gate and Mega menu/Header/CANNABIS menu - English' is clicked on

2019-06-07 13:31:40 - [MESSAGE][PASSED] - Object: 'Object Repository/OCS-DESKTOP/Age gate and Mega menu/Header/CANNABIS menu - English' is clicked on

2019-06-07 13:31:40 - [TEST_STEP][PASSED] - delay(1, CONTINUE_ON_FAILURE): Delayed 1 second(s)

2019-06-07 13:31:41 - [MESSAGE][PASSED] - Delayed 1 second(s)

2019-06-07 13:31:41 - [TEST_STEP][PASSED] - delay(1, CONTINUE_ON_FAILURE): Delayed 1 second(s)

2019-06-07 13:31:42 - [MESSAGE][PASSED] - Delayed 1 second(s)

2019-06-07 13:31:42 - [TEST_STEP][PASSED] - click(findTestObject("OCS-DESKTOP/Cannabis page/Shop all dried flower")): Object: 'Object Repository/OCS-DESKTOP/Cannabis page/Shop all dried flower' is clicked on

2019-06-07 13:31:44 - [MESSAGE][PASSED] - Object: 'Object Repository/OCS-DESKTOP/Cannabis page/Shop all dried flower' is clicked on

2019-06-07 13:31:44 - [TEST_STEP][PASSED] - delay(1, CONTINUE_ON_FAILURE): Delayed 1 second(s)

2019-06-07 13:31:45 - [MESSAGE][PASSED] - Delayed 1 second(s)

2019-06-07 13:31:45 - [TEST_STEP][PASSED] - click(findTestObject("OCS-DESKTOP/Age gate and Mega menu/Header/CANNABIS menu - English"), CONTINUE_ON_FAILURE): Object: 'Object Repository/OCS-DESKTOP/Age gate and Mega menu/Header/CANNABIS menu - English' is clicked on

2019-06-07 13:31:45 - [MESSAGE][PASSED] - Object: 'Object Repository/OCS-DESKTOP/Age gate and Mega menu/Header/CANNABIS menu - English' is clicked on

2019-06-07 13:31:45 - [TEST_STEP][PASSED] - delay(2, CONTINUE_ON_FAILURE): Delayed 2 second(s)

2019-06-07 13:31:47 - [MESSAGE][PASSED] - Delayed 2 second(s)

2019-06-07 13:31:47 - [TEST_STEP][PASSED] - delay(1, CONTINUE_ON_FAILURE): Delayed 1 second(s)

2019-06-07 13:31:48 - [MESSAGE][PASSED] - Delayed 1 second(s)

2019-06-07 13:31:48 - [TEST_STEP][PASSED] - click(findTestObject("OCS-DESKTOP/Cannabis page/Prerolled - Plus accordian")): Object: 'Object Repository/OCS-DESKTOP/Cannabis page/Prerolled - Plus accordian' is clicked on

2019-06-07 13:31:50 - [MESSAGE][PASSED] - Object: 'Object Repository/OCS-DESKTOP/Cannabis page/Prerolled - Plus accordian' is clicked on

2019-06-07 13:31:50 - [TEST_STEP][PASSED] - delay(1, CONTINUE_ON_FAILURE): Delayed 1 second(s)

2019-06-07 13:31:51 - [MESSAGE][PASSED] - Delayed 1 second(s)

2019-06-07 13:31:51 - [TEST_STEP][PASSED] - delay(1, CONTINUE_ON_FAILURE): Delayed 1 second(s)

2019-06-07 13:31:52 - [MESSAGE][PASSED] - Delayed 1 second(s)

2019-06-07 13:31:52 - [TEST_STEP][PASSED] - click(findTestObject("OCS-DESKTOP/Age gate and Mega menu/Header/CANNABIS menu - English"), CONTINUE_ON_FAILURE): Object: 'Object Repository/OCS-DESKTOP/Age gate and Mega menu/Header/CANNABIS menu - English' is clicked on

2019-06-07 13:31:52 - [MESSAGE][PASSED] - Object: 'Object Repository/OCS-DESKTOP/Age gate and Mega menu/Header/CANNABIS menu - English' is clicked on

2019-06-07 13:31:52 - [TEST_STEP][PASSED] - delay(1, CONTINUE_ON_FAILURE): Delayed 1 second(s)

2019-06-07 13:31:53 - [MESSAGE][PASSED] - Delayed 1 second(s)

2019-06-07 13:31:53 - [TEST_STEP][PASSED] - click(findTestObject("OCS-DESKTOP/Cannabis page/Prerolled - Indica dominant")): Object: 'Object Repository/OCS-DESKTOP/Cannabis page/Prerolled - Indica dominant' is clicked on

2019-06-07 13:31:55 - [MESSAGE][PASSED] - Object: 'Object Repository/OCS-DESKTOP/Cannabis page/Prerolled - Indica dominant' is clicked on

2019-06-07 13:31:55 - [TEST_STEP][PASSED] - delay(1, CONTINUE_ON_FAILURE): Delayed 1 second(s)

2019-06-07 13:31:56 - [MESSAGE][PASSED] - Delayed 1 second(s)

2019-06-07 13:31:56 - [TEST_STEP][PASSED] - click(findTestObject("OCS-DESKTOP/Age gate and Mega menu/Header/CANNABIS menu - English"), CONTINUE_ON_FAILURE): Object: 'Object Repository/OCS-DESKTOP/Age gate and Mega menu/Header/CANNABIS menu - English' is clicked on

2019-06-07 13:31:56 - [MESSAGE][PASSED] - Object: 'Object Repository/OCS-DESKTOP/Age gate and Mega menu/Header/CANNABIS menu - English' is clicked on

2019-06-07 13:31:56 - [TEST_STEP][PASSED] - delay(2, CONTINUE_ON_FAILURE): Delayed 2 second(s)

2019-06-07 13:31:58 - [MESSAGE][PASSED] - Delayed 2 second(s)

2019-06-07 13:31:58 - [TEST_STEP][PASSED] - delay(1, CONTINUE_ON_FAILURE): Delayed 1 second(s)

2019-06-07 13:31:59 - [MESSAGE][PASSED] - Delayed 1 second(s)

2019-06-07 13:31:59 - [TEST_STEP][PASSED] - delay(1, CONTINUE_ON_FAILURE): Delayed 1 second(s)

2019-06-07 13:32:00 - [MESSAGE][PASSED] - Delayed 1 second(s)

2019-06-07 13:32:00 - [TEST_STEP][PASSED] - click(findTestObject("OCS-DESKTOP/Cannabis page/Prerolled - sativa dominant")): Object: 'Object Repository/OCS-DESKTOP/Cannabis page/Prerolled - sativa dominant' is clicked on

2019-06-07 13:32:02 - [MESSAGE][PASSED] - Object: 'Object Repository/OCS-DESKTOP/Cannabis page/Prerolled - sativa dominant' is clicked on

2019-06-07 13:32:02 - [TEST_STEP][PASSED] - delay(1, CONTINUE_ON_FAILURE): Delayed 1 second(s)

2019-06-07 13:32:03 - [MESSAGE][PASSED] - Delayed 1 second(s)

2019-06-07 13:32:03 - [TEST_STEP][PASSED] - click(findTestObject("OCS-DESKTOP/Age gate and Mega menu/Header/CANNABIS menu - English"), CONTINUE_ON_FAILURE): Object: 'Object Repository/OCS-DESKTOP/Age gate and Mega menu/Header/CANNABIS menu - English' is clicked on

2019-06-07 13:32:03 - [MESSAGE][PASSED] - Object: 'Object Repository/OCS-DESKTOP/Age gate and Mega menu/Header/CANNABIS menu - English' is clicked on

2019-06-07 13:32:03 - [TEST_STEP][PASSED] - delay(2, CONTINUE_ON_FAILURE): Delayed 2 second(s)

2019-06-07 13:32:05 - [MESSAGE][PASSED] - Delayed 2 second(s)

2019-06-07 13:32:05 - [TEST_STEP][PASSED] - delay(1, CONTINUE_ON_FAILURE): Delayed 1 second(s)

2019-06-07 13:32:06 - [MESSAGE][PASSED] - Delayed 1 second(s)

2019-06-07 13:32:06 - [TEST_STEP][PASSED] - delay(1, CONTINUE_ON_FAILURE): Delayed 1 second(s)

2019-06-07 13:32:07 - [MESSAGE][PASSED] - Delayed 1 second(s)

2019-06-07 13:32:07 - [TEST_STEP][PASSED] - click(findTestObject("OCS-DESKTOP/Cannabis page/Prerolled - Hybrid")): Object: 'Object Repository/OCS-DESKTOP/Cannabis page/Prerolled - Hybrid' is clicked on

2019-06-07 13:32:09 - [MESSAGE][PASSED] - Object: 'Object Repository/OCS-DESKTOP/Cannabis page/Prerolled - Hybrid' is clicked on

2019-06-07 13:32:09 - [TEST_STEP][PASSED] - delay(1, CONTINUE_ON_FAILURE): Delayed 1 second(s)

2019-06-07 13:32:10 - [MESSAGE][PASSED] - Delayed 1 second(s)

2019-06-07 13:32:10 - [TEST_STEP][PASSED] - click(findTestObject("OCS-DESKTOP/Age gate and Mega menu/Header/CANNABIS menu - English"), CONTINUE_ON_FAILURE): Object: 'Object Repository/OCS-DESKTOP/Age gate and Mega menu/Header/CANNABIS menu - English' is clicked on

2019-06-07 13:32:10 - [MESSAGE][PASSED] - Object: 'Object Repository/OCS-DESKTOP/Age gate and Mega menu/Header/CANNABIS menu - English' is clicked on

2019-06-07 13:32:10 - [TEST_STEP][PASSED] - delay(2, CONTINUE_ON_FAILURE): Delayed 2 second(s)

2019-06-07 13:32:12 - [MESSAGE][PASSED] - Delayed 2 second(s)

2019-06-07 13:32:12 - [TEST_STEP][PASSED] - delay(1, CONTINUE_ON_FAILURE): Delayed 1 second(s)

2019-06-07 13:32:13 - [MESSAGE][PASSED] - Delayed 1 second(s)

2019-06-07 13:32:13 - [TEST_STEP][PASSED] - delay(1, CONTINUE_ON_FAILURE): Delayed 1 second(s)

2019-06-07 13:32:14 - [MESSAGE][PASSED] - Delayed 1 second(s)

2019-06-07 13:32:14 - [TEST_STEP][PASSED] - click(findTestObject("OCS-DESKTOP/Cannabis page/Shop all prerolled")): Object: 'Object Repository/OCS-DESKTOP/Cannabis page/Shop all prerolled' is clicked on

2019-06-07 13:32:16 - [MESSAGE][PASSED] - Object: 'Object Repository/OCS-DESKTOP/Cannabis page/Shop all prerolled' is clicked on

2019-06-07 13:32:16 - [TEST_STEP][PASSED] - delay(1, CONTINUE_ON_FAILURE): Delayed 1 second(s)

2019-06-07 13:32:17 - [MESSAGE][PASSED] - Delayed 1 second(s)

2019-06-07 13:32:17 - [TEST_STEP][PASSED] - click(findTestObject("OCS-DESKTOP/Age gate and Mega menu/Header/CANNABIS menu - English"), CONTINUE_ON_FAILURE): Object: 'Object Repository/OCS-DESKTOP/Age gate and Mega menu/Header/CANNABIS menu - English' is clicked on

2019-06-07 13:32:17 - [MESSAGE][PASSED] - Object: 'Object Repository/OCS-DESKTOP/Age gate and Mega menu/Header/CANNABIS menu - English' is clicked on

2019-06-07 13:32:17 - [TEST_STEP][PASSED] - delay(2, CONTINUE_ON_FAILURE): Delayed 2 second(s)

2019-06-07 13:32:19 - [MESSAGE][PASSED] - Delayed 2 second(s)

2019-06-07 13:32:19 - [TEST_STEP][PASSED] - delay(1, CONTINUE_ON_FAILURE): Delayed 1 second(s)

2019-06-07 13:32:20 - [MESSAGE][PASSED] - Delayed 1 second(s)

2019-06-07 13:32:20 - [TEST_STEP][PASSED] - delay(1, CONTINUE_ON_FAILURE): Delayed 1 second(s)

2019-06-07 13:32:21 - [MESSAGE][PASSED] - Delayed 1 second(s)

2019-06-07 13:32:21 - [TEST_STEP][PASSED] - click(findTestObject("OCS-DESKTOP/Cannabis page/Oils - plus accordian")): Object: 'Object Repository/OCS-DESKTOP/Cannabis page/Oils - plus accordian' is clicked on

2019-06-07 13:32:22 - [MESSAGE][PASSED] - Object: 'Object Repository/OCS-DESKTOP/Cannabis page/Oils - plus accordian' is clicked on

2019-06-07 13:32:22 - [TEST_STEP][PASSED] - delay(1, CONTINUE_ON_FAILURE): Delayed 1 second(s)

2019-06-07 13:32:23 - [MESSAGE][PASSED] - Delayed 1 second(s)

2019-06-07 13:32:23 - [TEST_STEP][PASSED] - delay(1, CONTINUE_ON_FAILURE): Delayed 1 second(s)

2019-06-07 13:32:25 - [MESSAGE][PASSED] - Delayed 1 second(s)

2019-06-07 13:32:25 - [TEST_STEP][PASSED] - click(findTestObject("OCS-DESKTOP/Age gate and Mega menu/Header/CANNABIS menu - English"), CONTINUE_ON_FAILURE): Object: 'Object Repository/OCS-DESKTOP/Age gate and Mega menu/Header/CANNABIS menu - English' is clicked on

2019-06-07 13:32:25 - [MESSAGE][PASSED] - Object: 'Object Repository/OCS-DESKTOP/Age gate and Mega menu/Header/CANNABIS menu - English' is clicked on

2019-06-07 13:32:25 - [TEST_STEP][PASSED] - delay(1, CONTINUE_ON_FAILURE): Delayed 1 second(s)

2019-06-07 13:32:26 - [MESSAGE][PASSED] - Delayed 1 second(s)

2019-06-07 13:32:26 - [TEST_STEP][PASSED] - click(findTestObject("OCS-DESKTOP/Cannabis page/Oils - Bottled oils")): Object: 'Object Repository/OCS-DESKTOP/Cannabis page/Oils - Bottled oils' is clicked on

2019-06-07 13:32:27 - [MESSAGE][PASSED] - Object: 'Object Repository/OCS-DESKTOP/Cannabis page/Oils - Bottled oils' is clicked on

2019-06-07 13:32:27 - [TEST_STEP][PASSED] - delay(1, CONTINUE_ON_FAILURE): Delayed 1 second(s)

2019-06-07 13:32:28 - [MESSAGE][PASSED] - Delayed 1 second(s)

2019-06-07 13:32:28 - [TEST_STEP][PASSED] - click(findTestObject("OCS-DESKTOP/Age gate and Mega menu/Header/CANNABIS menu - English"), CONTINUE_ON_FAILURE): Object: 'Object Repository/OCS-DESKTOP/Age gate and Mega menu/Header/CANNABIS menu - English' is clicked on

2019-06-07 13:32:28 - [MESSAGE][PASSED] - Object: 'Object Repository/OCS-DESKTOP/Age gate and Mega menu/Header/CANNABIS menu - English' is clicked on

2019-06-07 13:32:28 - [TEST_STEP][PASSED] - delay(2, CONTINUE_ON_FAILURE): Delayed 2 second(s)

2019-06-07 13:32:30 - [MESSAGE][PASSED] - Delayed 2 second(s)

2019-06-07 13:32:30 - [TEST_STEP][PASSED] - delay(1, CONTINUE_ON_FAILURE): Delayed 1 second(s)

2019-06-07 13:32:31 - [MESSAGE][PASSED] - Delayed 1 second(s)

2019-06-07 13:32:31 - [TEST_STEP][PASSED] - delay(1, CONTINUE_ON_FAILURE): Delayed 1 second(s)

2019-06-07 13:32:32 - [MESSAGE][PASSED] - Delayed 1 second(s)

2019-06-07 13:32:32 - [TEST_STEP][PASSED] - click(findTestObject("OCS-DESKTOP/Cannabis page/Oils - oral sprays")): Object: 'Object Repository/OCS-DESKTOP/Cannabis page/Oils - oral sprays' is clicked on

2019-06-07 13:32:34 - [MESSAGE][PASSED] - Object: 'Object Repository/OCS-DESKTOP/Cannabis page/Oils - oral sprays' is clicked on

2019-06-07 13:32:34 - [TEST_STEP][PASSED] - delay(1, CONTINUE_ON_FAILURE): Delayed 1 second(s)

2019-06-07 13:32:35 - [MESSAGE][PASSED] - Delayed 1 second(s)

2019-06-07 13:32:35 - [TEST_STEP][PASSED] - click(findTestObject("OCS-DESKTOP/Age gate and Mega menu/Header/CANNABIS menu - English"), CONTINUE_ON_FAILURE): Object: 'Object Repository/OCS-DESKTOP/Age gate and Mega menu/Header/CANNABIS menu - English' is clicked on

2019-06-07 13:32:35 - [MESSAGE][PASSED] - Object: 'Object Repository/OCS-DESKTOP/Age gate and Mega menu/Header/CANNABIS menu - English' is clicked on

2019-06-07 13:32:35 - [TEST_STEP][PASSED] - delay(2, CONTINUE_ON_FAILURE): Delayed 2 second(s)

2019-06-07 13:32:37 - [MESSAGE][PASSED] - Delayed 2 second(s)

2019-06-07 13:32:37 - [TEST_STEP][PASSED] - delay(1, CONTINUE_ON_FAILURE): Delayed 1 second(s)

2019-06-07 13:32:38 - [MESSAGE][PASSED] - Delayed 1 second(s)

2019-06-07 13:32:38 - [TEST_STEP][PASSED] - delay(1, CONTINUE_ON_FAILURE): Delayed 1 second(s)

2019-06-07 13:32:39 - [MESSAGE][PASSED] - Delayed 1 second(s)

2019-06-07 13:32:39 - [TEST_STEP][PASSED] - click(findTestObject("OCS-DESKTOP/Cannabis page/shop all oils")): Object: 'Object Repository/OCS-DESKTOP/Cannabis page/shop all oils' is clicked on

2019-06-07 13:32:41 - [MESSAGE][PASSED] - Object: 'Object Repository/OCS-DESKTOP/Cannabis page/shop all oils' is clicked on

2019-06-07 13:32:41 - [TEST_STEP][PASSED] - delay(1, CONTINUE_ON_FAILURE): Delayed 1 second(s)

2019-06-07 13:32:42 - [MESSAGE][PASSED] - Delayed 1 second(s)

2019-06-07 13:32:42 - [TEST_STEP][PASSED] - click(findTestObject("OCS-DESKTOP/Age gate and Mega menu/Header/CANNABIS menu - English"), CONTINUE_ON_FAILURE): Object: 'Object Repository/OCS-DESKTOP/Age gate and Mega menu/Header/CANNABIS menu - English' is clicked on

2019-06-07 13:32:42 - [MESSAGE][PASSED] - Object: 'Object Repository/OCS-DESKTOP/Age gate and Mega menu/Header/CANNABIS menu - English' is clicked on

2019-06-07 13:32:42 - [TEST_STEP][PASSED] - delay(2, CONTINUE_ON_FAILURE): Delayed 2 second(s)

2019-06-07 13:32:44 - [MESSAGE][PASSED] - Delayed 2 second(s)

2019-06-07 13:32:44 - [TEST_STEP][PASSED] - delay(1, CONTINUE_ON_FAILURE): Delayed 1 second(s)

2019-06-07 13:32:45 - [MESSAGE][PASSED] - Delayed 1 second(s)

2019-06-07 13:32:45 - [TEST_STEP][PASSED] - click(findTestObject("MOBILE OBJECTS/Capsules chevron")): Object: 'Object Repository/MOBILE OBJECTS/Capsules chevron' is clicked on

2019-06-07 13:32:47 - [MESSAGE][PASSED] - Object: 'Object Repository/MOBILE OBJECTS/Capsules chevron' is clicked on

2019-06-07 13:32:47 - [TEST_STEP][PASSED] - delay(1, CONTINUE_ON_FAILURE): Delayed 1 second(s)

2019-06-07 13:32:48 - [MESSAGE][PASSED] - Delayed 1 second(s)

2019-06-07 13:32:48 - [TEST_STEP][PASSED] - click(findTestObject("OCS-DESKTOP/Age gate and Mega menu/Header/CANNABIS menu - English"), CONTINUE_ON_FAILURE): Object: 'Object Repository/OCS-DESKTOP/Age gate and Mega menu/Header/CANNABIS menu - English' is clicked on

2019-06-07 13:32:49 - [MESSAGE][PASSED] - Object: 'Object Repository/OCS-DESKTOP/Age gate and Mega menu/Header/CANNABIS menu - English' is clicked on

2019-06-07 13:32:49 - [TEST_STEP][PASSED] - delay(2, CONTINUE_ON_FAILURE): Delayed 2 second(s)

2019-06-07 13:32:51 - [MESSAGE][PASSED] - Delayed 2 second(s)

2019-06-07 13:32:51 - [TEST_STEP][PASSED] - delay(1, CONTINUE_ON_FAILURE): Delayed 1 second(s)

2019-06-07 13:32:52 - [MESSAGE][PASSED] - Delayed 1 second(s)

2019-06-07 13:32:52 - [TEST_STEP][FAILED] - click(findTestObject("OCS-DESKTOP/Cannabis page/Shop by plant type - plus accordian")): click(findTestObject("OCS-DESKTOP/Cannabis page/Shop by plant type - plus accordian")) FAILED.
Reason:
com.kms.katalon.core.exception.StepFailedException: Unable to click on object 'Object Repository/OCS-DESKTOP/Cannabis page/Shop by plant type - plus accordian' (Root cause: com.kms.katalon.core.webui.exception.WebElementNotFoundException: Web element with id: 'Object Repository/OCS-DESKTOP/Cannabis page/Shop by plant type - plus accordian' located by 'By.xpath: /html/body/div/header/div[2]/div/div[2]/div/div[1]/div[1]/nav/ul/li[1]/div/div[2]/ul[2]/li[1]/a/span' not found)
	at com.kms.katalon.core.keyword.internal.KeywordMain.stepFailed(KeywordMain.groovy:36)
	at com.kms.katalon.core.webui.keyword.internal.WebUIKeywordMain.stepFailed(WebUIKeywordMain.groovy:65)
	at com.kms.katalon.core.webui.keyword.internal.WebUIKeywordMain.runKeyword(WebUIKeywordMain.groovy:27)
	at com.kms.katalon.core.webui.keyword.builtin.ClickKeyword.click(ClickKeyword.groovy:86)
	at com.kms.katalon.core.webui.keyword.builtin.ClickKeyword.execute(ClickKeyword.groovy:67)
	at com.kms.katalon.core.keyword.internal.KeywordExecutor.executeKeywordForPlatform(KeywordExecutor.groovy:53)
	at com.kms.katalon.core.webui.keyword.WebUiBuiltInKeywords.click(WebUiBuiltInKeywords.groovy:616)
	at com.kms.katalon.core.webui.keyword.WebUiBuiltInKeywords$click$4.call(Unknown Source)
	at HP-Burger menu -cannabis.run(HP-Burger menu -cannabis:186)
	at com.kms.katalon.core.main.ScriptEngine.run(ScriptEngine.java:194)
	at com.kms.katalon.core.main.ScriptEngine.runScriptAsRawText(ScriptEngine.java:119)
	at com.kms.katalon.core.main.TestCaseExecutor.runScript(TestCaseExecutor.java:328)
	at com.kms.katalon.core.main.TestCaseExecutor.doExecute(TestCaseExecutor.java:319)
	at com.kms.katalon.core.main.TestCaseExecutor.processExecutionPhase(TestCaseExecutor.java:298)
	at com.kms.katalon.core.main.TestCaseExecutor.accessMainPhase(TestCaseExecutor.java:290)
	at com.kms.katalon.core.main.TestCaseExecutor.execute(TestCaseExecutor.java:224)
	at com.kms.katalon.core.main.TestSuiteExecutor.accessTestCaseMainPhase(TestSuiteExecutor.java:129)
	at com.kms.katalon.core.main.TestSuiteExecutor.accessTestSuiteMainPhase(TestSuiteExecutor.java:112)
	at com.kms.katalon.core.main.TestSuiteExecutor.execute(TestSuiteExecutor.java:81)
	at com.kms.katalon.core.main.TestCaseMain.startTestSuite(TestCaseMain.java:149)
	at com.kms.katalon.core.main.TestCaseMain$startTestSuite$0.call(Unknown Source)
	at TempTestSuite1559927775427.run(TempTestSuite1559927775427.groovy:36)


2019-06-07 13:33:24 - [MESSAGE][INFO] - Unable to find the element located by 'By.xpath: /html/body/div/header/div[2]/div/div[2]/div/div[1]/div[1]/nav/ul/li[1]/div/div[2]/ul[2]/li[1]/a/span'. Please recheck the objects properties to make sure the desired element is located. 

2019-06-07 13:33:25 - [MESSAGE][FAILED] - Unable to click on object 'Object Repository/OCS-DESKTOP/Cannabis page/Shop by plant type - plus accordian' (Root cause: com.kms.katalon.core.webui.exception.WebElementNotFoundException: Web element with id: 'Object Repository/OCS-DESKTOP/Cannabis page/Shop by plant type - plus accordian' located by 'By.xpath: /html/body/div/header/div[2]/div/div[2]/div/div[1]/div[1]/nav/ul/li[1]/div/div[2]/ul[2]/li[1]/a/span' not found)
[[ATTACHMENT|/Users/sumankompelly/Relative xpath-Desktop/Reports/OCS- 1.9.2.1/20190607_131615/1559928804329.png]]

2019-06-07 13:33:25 - [MESSAGE][FAILED] - click(findTestObject("OCS-DESKTOP/Cannabis page/Shop by plant type - plus accordian")) FAILED.
Reason:
com.kms.katalon.core.exception.StepFailedException: Unable to click on object 'Object Repository/OCS-DESKTOP/Cannabis page/Shop by plant type - plus accordian' (Root cause: com.kms.katalon.core.webui.exception.WebElementNotFoundException: Web element with id: 'Object Repository/OCS-DESKTOP/Cannabis page/Shop by plant type - plus accordian' located by 'By.xpath: /html/body/div/header/div[2]/div/div[2]/div/div[1]/div[1]/nav/ul/li[1]/div/div[2]/ul[2]/li[1]/a/span' not found)
	at com.kms.katalon.core.keyword.internal.KeywordMain.stepFailed(KeywordMain.groovy:36)
	at com.kms.katalon.core.webui.keyword.internal.WebUIKeywordMain.stepFailed(WebUIKeywordMain.groovy:65)
	at com.kms.katalon.core.webui.keyword.internal.WebUIKeywordMain.runKeyword(WebUIKeywordMain.groovy:27)
	at com.kms.katalon.core.webui.keyword.builtin.ClickKeyword.click(ClickKeyword.groovy:86)
	at com.kms.katalon.core.webui.keyword.builtin.ClickKeyword.execute(ClickKeyword.groovy:67)
	at com.kms.katalon.core.keyword.internal.KeywordExecutor.executeKeywordForPlatform(KeywordExecutor.groovy:53)
	at com.kms.katalon.core.webui.keyword.WebUiBuiltInKeywords.click(WebUiBuiltInKeywords.groovy:616)
	at com.kms.katalon.core.webui.keyword.WebUiBuiltInKeywords$click$4.call(Unknown Source)
	at HP-Burger menu -cannabis.run(HP-Burger menu -cannabis:186)
	at com.kms.katalon.core.main.ScriptEngine.run(ScriptEngine.java:194)
	at com.kms.katalon.core.main.ScriptEngine.runScriptAsRawText(ScriptEngine.java:119)
	at com.kms.katalon.core.main.TestCaseExecutor.runScript(TestCaseExecutor.java:328)
	at com.kms.katalon.core.main.TestCaseExecutor.doExecute(TestCaseExecutor.java:319)
	at com.kms.katalon.core.main.TestCaseExecutor.processExecutionPhase(TestCaseExecutor.java:298)
	at com.kms.katalon.core.main.TestCaseExecutor.accessMainPhase(TestCaseExecutor.java:290)
	at com.kms.katalon.core.main.TestCaseExecutor.execute(TestCaseExecutor.java:224)
	at com.kms.katalon.core.main.TestSuiteExecutor.accessTestCaseMainPhase(TestSuiteExecutor.java:129)
	at com.kms.katalon.core.main.TestSuiteExecutor.accessTestSuiteMainPhase(TestSuiteExecutor.java:112)
	at com.kms.katalon.core.main.TestSuiteExecutor.execute(TestSuiteExecutor.java:81)
	at com.kms.katalon.core.main.TestCaseMain.startTestSuite(TestCaseMain.java:149)
	at com.kms.katalon.core.main.TestCaseMain$startTestSuite$0.call(Unknown Source)
	at TempTestSuite1559927775427.run(TempTestSuite1559927775427.groovy:36)]]></system-out>
         <system-err><![CDATA[2019-06-07 13:30:59 - [TEST_CASE][FAILED] - Test Cases/OCS - DESKTOP/OCS- HOME PAGE/HP-Burger menu -cannabis: Test Cases/OCS - DESKTOP/OCS- HOME PAGE/HP-Burger menu -cannabis FAILED.
Reason:
com.kms.katalon.core.exception.StepFailedException: Unable to click on object 'Object Repository/OCS-DESKTOP/Cannabis page/Shop by plant type - plus accordian' (Root cause: com.kms.katalon.core.webui.exception.WebElementNotFoundException: Web element with id: 'Object Repository/OCS-DESKTOP/Cannabis page/Shop by plant type - plus accordian' located by 'By.xpath: /html/body/div/header/div[2]/div/div[2]/div/div[1]/div[1]/nav/ul/li[1]/div/div[2]/ul[2]/li[1]/a/span' not found)
	at com.kms.katalon.core.keyword.internal.KeywordMain.stepFailed(KeywordMain.groovy:36)
	at com.kms.katalon.core.webui.keyword.internal.WebUIKeywordMain.stepFailed(WebUIKeywordMain.groovy:65)
	at com.kms.katalon.core.webui.keyword.internal.WebUIKeywordMain.runKeyword(WebUIKeywordMain.groovy:27)
	at com.kms.katalon.core.webui.keyword.builtin.ClickKeyword.click(ClickKeyword.groovy:86)
	at com.kms.katalon.core.webui.keyword.builtin.ClickKeyword.execute(ClickKeyword.groovy:67)
	at com.kms.katalon.core.keyword.internal.KeywordExecutor.executeKeywordForPlatform(KeywordExecutor.groovy:53)
	at com.kms.katalon.core.webui.keyword.WebUiBuiltInKeywords.click(WebUiBuiltInKeywords.groovy:616)
	at com.kms.katalon.core.webui.keyword.WebUiBuiltInKeywords$click$4.call(Unknown Source)
	at HP-Burger menu -cannabis.run(HP-Burger menu -cannabis:186)
	at com.kms.katalon.core.main.ScriptEngine.run(ScriptEngine.java:194)
	at com.kms.katalon.core.main.ScriptEngine.runScriptAsRawText(ScriptEngine.java:119)
	at com.kms.katalon.core.main.TestCaseExecutor.runScript(TestCaseExecutor.java:328)
	at com.kms.katalon.core.main.TestCaseExecutor.doExecute(TestCaseExecutor.java:319)
	at com.kms.katalon.core.main.TestCaseExecutor.processExecutionPhase(TestCaseExecutor.java:298)
	at com.kms.katalon.core.main.TestCaseExecutor.accessMainPhase(TestCaseExecutor.java:290)
	at com.kms.katalon.core.main.TestCaseExecutor.execute(TestCaseExecutor.java:224)
	at com.kms.katalon.core.main.TestSuiteExecutor.accessTestCaseMainPhase(TestSuiteExecutor.java:129)
	at com.kms.katalon.core.main.TestSuiteExecutor.accessTestSuiteMainPhase(TestSuiteExecutor.java:112)
	at com.kms.katalon.core.main.TestSuiteExecutor.execute(TestSuiteExecutor.java:81)
	at com.kms.katalon.core.main.TestCaseMain.startTestSuite(TestCaseMain.java:149)
	at com.kms.katalon.core.main.TestCaseMain$startTestSuite$0.call(Unknown Source)
	at TempTestSuite1559927775427.run(TempTestSuite1559927775427.groovy:36)]]></system-err>
      </testcase>
      <testcase name="Test Cases/OCS - DESKTOP/OCS- HOME PAGE/footer" classname="Test Cases/OCS - DESKTOP/OCS- HOME PAGE/footer" status="FAILED">
         <failure type="FAILED" message="Test Cases/OCS - DESKTOP/OCS- HOME PAGE/footer FAILED.
Reason:
com.kms.katalon.core.exception.StepFailedException: Unable to click on object 'Object Repository/OCS-DESKTOP/Home - page/Terms and Conditions' (Root cause: com.kms.katalon.core.webui.exception.WebElementNotFoundException: Web element with id: 'Object Repository/OCS-DESKTOP/Home - page/Terms and Conditions' located by 'By.xpath: //a[contains(text(),'Terms and Conditions')][count(. | //*[@href = '/pages/terms-and-conditions']) = count(//*[@href = '/pages/terms-and-conditions'])]' not found)
	at com.kms.katalon.core.keyword.internal.KeywordMain.stepFailed(KeywordMain.groovy:36)
	at com.kms.katalon.core.webui.keyword.internal.WebUIKeywordMain.stepFailed(WebUIKeywordMain.groovy:65)
	at com.kms.katalon.core.webui.keyword.internal.WebUIKeywordMain.runKeyword(WebUIKeywordMain.groovy:27)
	at com.kms.katalon.core.webui.keyword.builtin.ClickKeyword.click(ClickKeyword.groovy:86)
	at com.kms.katalon.core.webui.keyword.builtin.ClickKeyword.execute(ClickKeyword.groovy:67)
	at com.kms.katalon.core.keyword.internal.KeywordExecutor.executeKeywordForPlatform(KeywordExecutor.groovy:53)
	at com.kms.katalon.core.webui.keyword.WebUiBuiltInKeywords.click(WebUiBuiltInKeywords.groovy:616)
	at com.kms.katalon.core.webui.keyword.WebUiBuiltInKeywords$click$4.call(Unknown Source)
	at footer.run(footer:93)
	at com.kms.katalon.core.main.ScriptEngine.run(ScriptEngine.java:194)
	at com.kms.katalon.core.main.ScriptEngine.runScriptAsRawText(ScriptEngine.java:119)
	at com.kms.katalon.core.main.TestCaseExecutor.runScript(TestCaseExecutor.java:328)
	at com.kms.katalon.core.main.TestCaseExecutor.doExecute(TestCaseExecutor.java:319)
	at com.kms.katalon.core.main.TestCaseExecutor.processExecutionPhase(TestCaseExecutor.java:298)
	at com.kms.katalon.core.main.TestCaseExecutor.accessMainPhase(TestCaseExecutor.java:290)
	at com.kms.katalon.core.main.TestCaseExecutor.execute(TestCaseExecutor.java:224)
	at com.kms.katalon.core.main.TestSuiteExecutor.accessTestCaseMainPhase(TestSuiteExecutor.java:129)
	at com.kms.katalon.core.main.TestSuiteExecutor.accessTestSuiteMainPhase(TestSuiteExecutor.java:112)
	at com.kms.katalon.core.main.TestSuiteExecutor.execute(TestSuiteExecutor.java:81)
	at com.kms.katalon.core.main.TestCaseMain.startTestSuite(TestCaseMain.java:149)
	at com.kms.katalon.core.main.TestCaseMain$startTestSuite$0.call(Unknown Source)
	at TempTestSuite1559927775427.run(TempTestSuite1559927775427.groovy:36)
"/>
         <system-out><![CDATA[2019-06-07 13:33:26 - [TEST_CASE][FAILED] - Test Cases/OCS - DESKTOP/OCS- HOME PAGE/footer: Test Cases/OCS - DESKTOP/OCS- HOME PAGE/footer FAILED.
Reason:
com.kms.katalon.core.exception.StepFailedException: Unable to click on object 'Object Repository/OCS-DESKTOP/Home - page/Terms and Conditions' (Root cause: com.kms.katalon.core.webui.exception.WebElementNotFoundException: Web element with id: 'Object Repository/OCS-DESKTOP/Home - page/Terms and Conditions' located by 'By.xpath: //a[contains(text(),'Terms and Conditions')][count(. | //*[@href = '/pages/terms-and-conditions']) = count(//*[@href = '/pages/terms-and-conditions'])]' not found)
	at com.kms.katalon.core.keyword.internal.KeywordMain.stepFailed(KeywordMain.groovy:36)
	at com.kms.katalon.core.webui.keyword.internal.WebUIKeywordMain.stepFailed(WebUIKeywordMain.groovy:65)
	at com.kms.katalon.core.webui.keyword.internal.WebUIKeywordMain.runKeyword(WebUIKeywordMain.groovy:27)
	at com.kms.katalon.core.webui.keyword.builtin.ClickKeyword.click(ClickKeyword.groovy:86)
	at com.kms.katalon.core.webui.keyword.builtin.ClickKeyword.execute(ClickKeyword.groovy:67)
	at com.kms.katalon.core.keyword.internal.KeywordExecutor.executeKeywordForPlatform(KeywordExecutor.groovy:53)
	at com.kms.katalon.core.webui.keyword.WebUiBuiltInKeywords.click(WebUiBuiltInKeywords.groovy:616)
	at com.kms.katalon.core.webui.keyword.WebUiBuiltInKeywords$click$4.call(Unknown Source)
	at footer.run(footer:93)
	at com.kms.katalon.core.main.ScriptEngine.run(ScriptEngine.java:194)
	at com.kms.katalon.core.main.ScriptEngine.runScriptAsRawText(ScriptEngine.java:119)
	at com.kms.katalon.core.main.TestCaseExecutor.runScript(TestCaseExecutor.java:328)
	at com.kms.katalon.core.main.TestCaseExecutor.doExecute(TestCaseExecutor.java:319)
	at com.kms.katalon.core.main.TestCaseExecutor.processExecutionPhase(TestCaseExecutor.java:298)
	at com.kms.katalon.core.main.TestCaseExecutor.accessMainPhase(TestCaseExecutor.java:290)
	at com.kms.katalon.core.main.TestCaseExecutor.execute(TestCaseExecutor.java:224)
	at com.kms.katalon.core.main.TestSuiteExecutor.accessTestCaseMainPhase(TestSuiteExecutor.java:129)
	at com.kms.katalon.core.main.TestSuiteExecutor.accessTestSuiteMainPhase(TestSuiteExecutor.java:112)
	at com.kms.katalon.core.main.TestSuiteExecutor.execute(TestSuiteExecutor.java:81)
	at com.kms.katalon.core.main.TestCaseMain.startTestSuite(TestCaseMain.java:149)
	at com.kms.katalon.core.main.TestCaseMain$startTestSuite$0.call(Unknown Source)
	at TempTestSuite1559927775427.run(TempTestSuite1559927775427.groovy:36)


2019-06-07 13:33:26 - [TEST_STEP][PASSED] - callTestCase(findTestCase("OCS - DESKTOP/CALL- Age gate"), [:], STOP_ON_FAILURE): Call Test Case 'Test Cases/OCS - DESKTOP/CALL- Age gate' successfully

2019-06-07 13:33:26 - [TEST_CASE][PASSED] - Test Cases/OCS - DESKTOP/CALL- Age gate: Test Cases/OCS - DESKTOP/CALL- Age gate

2019-06-07 13:33:26 - [TEST_STEP][PASSED] - openBrowser(""): Browser is opened with url: ''

2019-06-07 13:33:26 - [MESSAGE][WARNING] - A browser is already opened. Closing browser and opening a new one

2019-06-07 13:33:26 - [MESSAGE][INFO] - Starting 'Chrome' driver

2019-06-07 13:33:28 - [MESSAGE][PASSED] - Browser is opened with url: ''

2019-06-07 13:33:28 - [TEST_STEP][PASSED] - navigateToUrl("https://ocs.ca/?fts=0&preview_theme_id=72920074060"): Navigate to 'https://ocs.ca/?fts=0&preview_theme_id=72920074060' successfully

2019-06-07 13:33:32 - [MESSAGE][PASSED] - Navigate to 'https://ocs.ca/?fts=0&preview_theme_id=72920074060' successfully

2019-06-07 13:33:32 - [TEST_STEP][PASSED] - maximizeWindow(): Current window maximized

2019-06-07 13:33:33 - [MESSAGE][PASSED] - Current window maximized

2019-06-07 13:33:33 - [TEST_STEP][PASSED] - delay(2): Delayed 2 second(s)

2019-06-07 13:33:35 - [MESSAGE][PASSED] - Delayed 2 second(s)

2019-06-07 13:33:35 - [TEST_STEP][PASSED] - executeJavaScript("var previewBar = document.getElementById("preview-bar-iframe"); previewBar.style.display = "none";", []): Execute JavaScript 'var previewBar = document.getElementById("preview-bar-iframe"); previewBar.style.display = "none";' successfully

2019-06-07 13:33:35 - [MESSAGE][PASSED] - Execute JavaScript 'var previewBar = document.getElementById("preview-bar-iframe"); previewBar.style.display = "none";' successfully

2019-06-07 13:33:35 - [TEST_STEP][PASSED] - selectOptionByValue(findTestObject("OCS-DESKTOP/Age gate and Mega menu/Date"), "12", true): All options with value '12' are selected in object 'Object Repository/OCS-DESKTOP/Age gate and Mega menu/Date'  using regular expression

2019-06-07 13:33:35 - [MESSAGE][PASSED] - All options with value '12' are selected in object 'Object Repository/OCS-DESKTOP/Age gate and Mega menu/Date'  using regular expression

2019-06-07 13:33:35 - [TEST_STEP][PASSED] - selectOptionByValue(findTestObject("OCS-DESKTOP/Age gate and Mega menu/month"), "6", true): All options with value '6' are selected in object 'Object Repository/OCS-DESKTOP/Age gate and Mega menu/month'  using regular expression

2019-06-07 13:33:35 - [MESSAGE][PASSED] - All options with value '6' are selected in object 'Object Repository/OCS-DESKTOP/Age gate and Mega menu/month'  using regular expression

2019-06-07 13:33:35 - [TEST_STEP][PASSED] - delay(2): Delayed 2 second(s)

2019-06-07 13:33:37 - [MESSAGE][PASSED] - Delayed 2 second(s)

2019-06-07 13:33:37 - [TEST_STEP][PASSED] - selectOptionByValue(findTestObject("OCS-DESKTOP/Age gate and Mega menu/Year Dropdown"), "1990", true): All options with value '1990' are selected in object 'Object Repository/OCS-DESKTOP/Age gate and Mega menu/Year Dropdown'  using regular expression

2019-06-07 13:33:38 - [MESSAGE][PASSED] - All options with value '1990' are selected in object 'Object Repository/OCS-DESKTOP/Age gate and Mega menu/Year Dropdown'  using regular expression

2019-06-07 13:33:38 - [TEST_STEP][PASSED] - click(findTestObject("OCS-DESKTOP/Age gate and Mega menu/button_Verify")): Object: 'Object Repository/OCS-DESKTOP/Age gate and Mega menu/button_Verify' is clicked on

2019-06-07 13:33:38 - [MESSAGE][PASSED] - Object: 'Object Repository/OCS-DESKTOP/Age gate and Mega menu/button_Verify' is clicked on

2019-06-07 13:33:38 - [TEST_STEP][PASSED] - click(findTestObject("OCS-DESKTOP/Age gate and Mega menu/Checkbox_CONFIRM AND ACKNOWLEDGE")): Object: 'Object Repository/OCS-DESKTOP/Age gate and Mega menu/Checkbox_CONFIRM AND ACKNOWLEDGE' is clicked on

2019-06-07 13:33:38 - [MESSAGE][PASSED] - Object: 'Object Repository/OCS-DESKTOP/Age gate and Mega menu/Checkbox_CONFIRM AND ACKNOWLEDGE' is clicked on

2019-06-07 13:33:38 - [TEST_STEP][PASSED] - click(findTestObject("OCS-DESKTOP/Age gate and Mega menu/button_CONFIRM")): Object: 'Object Repository/OCS-DESKTOP/Age gate and Mega menu/button_CONFIRM' is clicked on

2019-06-07 13:33:39 - [MESSAGE][PASSED] - Object: 'Object Repository/OCS-DESKTOP/Age gate and Mega menu/button_CONFIRM' is clicked on

2019-06-07 13:33:39 - [TEST_STEP][PASSED] - click(findTestObject("OCS-DESKTOP/Age gate and Mega menu/button_Start Browsing")): Object: 'Object Repository/OCS-DESKTOP/Age gate and Mega menu/button_Start Browsing' is clicked on

2019-06-07 13:33:39 - [MESSAGE][PASSED] - Object: 'Object Repository/OCS-DESKTOP/Age gate and Mega menu/button_Start Browsing' is clicked on

2019-06-07 13:33:39 - [TEST_STEP][PASSED] - delay(2): Delayed 2 second(s)

2019-06-07 13:33:41 - [MESSAGE][PASSED] - Delayed 2 second(s)

2019-06-07 13:33:41 - [TEST_STEP][PASSED] - refresh(): Refresh successfully

2019-06-07 13:33:41 - [MESSAGE][PASSED] - Refresh successfully

2019-06-07 13:33:41 - [MESSAGE][PASSED] - Call Test Case 'Test Cases/OCS - DESKTOP/CALL- Age gate' successfully

2019-06-07 13:33:41 - [TEST_STEP][PASSED] - delay(2): Delayed 2 second(s)

2019-06-07 13:33:43 - [MESSAGE][PASSED] - Delayed 2 second(s)

2019-06-07 13:33:43 - [TEST_STEP][PASSED] - executeJavaScript("var previewBar = document.getElementById("preview-bar-iframe"); previewBar.style.display = "none";", []): Execute JavaScript 'var previewBar = document.getElementById("preview-bar-iframe"); previewBar.style.display = "none";' successfully

2019-06-07 13:33:44 - [MESSAGE][PASSED] - Execute JavaScript 'var previewBar = document.getElementById("preview-bar-iframe"); previewBar.style.display = "none";' successfully

2019-06-07 13:33:44 - [TEST_STEP][PASSED] - click(findTestObject("OCS-DESKTOP/Home - page/Return Policy")): Object: 'Object Repository/OCS-DESKTOP/Home - page/Return Policy' is clicked on

2019-06-07 13:33:46 - [MESSAGE][PASSED] - Object: 'Object Repository/OCS-DESKTOP/Home - page/Return Policy' is clicked on

2019-06-07 13:33:46 - [TEST_STEP][PASSED] - executeJavaScript("var previewBar = document.getElementById("preview-bar-iframe"); previewBar.style.display = "none";", []): Execute JavaScript 'var previewBar = document.getElementById("preview-bar-iframe"); previewBar.style.display = "none";' successfully

2019-06-07 13:33:46 - [MESSAGE][PASSED] - Execute JavaScript 'var previewBar = document.getElementById("preview-bar-iframe"); previewBar.style.display = "none";' successfully

2019-06-07 13:33:46 - [TEST_STEP][PASSED] - click(findTestObject("OCS-DESKTOP/Home - page/Glossary of terms")): Object: 'Object Repository/OCS-DESKTOP/Home - page/Glossary of terms' is clicked on

2019-06-07 13:33:50 - [MESSAGE][PASSED] - Object: 'Object Repository/OCS-DESKTOP/Home - page/Glossary of terms' is clicked on

2019-06-07 13:33:50 - [TEST_STEP][PASSED] - delay(2, OPTIONAL): Delayed 2 second(s)

2019-06-07 13:33:52 - [MESSAGE][PASSED] - Delayed 2 second(s)

2019-06-07 13:33:52 - [TEST_STEP][PASSED] - executeJavaScript("var previewBar = document.getElementById("preview-bar-iframe"); previewBar.style.display = "none";", []): Execute JavaScript 'var previewBar = document.getElementById("preview-bar-iframe"); previewBar.style.display = "none";' successfully

2019-06-07 13:33:52 - [MESSAGE][PASSED] - Execute JavaScript 'var previewBar = document.getElementById("preview-bar-iframe"); previewBar.style.display = "none";' successfully

2019-06-07 13:33:52 - [TEST_STEP][PASSED] - click(findTestObject("OCS-DESKTOP/Home - page/Product Recall")): Object: 'Object Repository/OCS-DESKTOP/Home - page/Product Recall' is clicked on

2019-06-07 13:33:54 - [MESSAGE][PASSED] - Object: 'Object Repository/OCS-DESKTOP/Home - page/Product Recall' is clicked on

2019-06-07 13:33:54 - [TEST_STEP][PASSED] - delay(2, OPTIONAL): Delayed 2 second(s)

2019-06-07 13:33:56 - [MESSAGE][PASSED] - Delayed 2 second(s)

2019-06-07 13:33:56 - [TEST_STEP][PASSED] - executeJavaScript("var previewBar = document.getElementById("preview-bar-iframe"); previewBar.style.display = "none";", []): Execute JavaScript 'var previewBar = document.getElementById("preview-bar-iframe"); previewBar.style.display = "none";' successfully

2019-06-07 13:33:56 - [MESSAGE][PASSED] - Execute JavaScript 'var previewBar = document.getElementById("preview-bar-iframe"); previewBar.style.display = "none";' successfully

2019-06-07 13:33:56 - [TEST_STEP][PASSED] - click(findTestObject("OCS-DESKTOP/Home - page/Government of Canada - Canna")): Object: 'Object Repository/OCS-DESKTOP/Home - page/Government of Canada - Canna' is clicked on

2019-06-07 13:33:57 - [MESSAGE][PASSED] - Object: 'Object Repository/OCS-DESKTOP/Home - page/Government of Canada - Canna' is clicked on

2019-06-07 13:33:57 - [TEST_STEP][PASSED] - delay(2): Delayed 2 second(s)

2019-06-07 13:33:59 - [MESSAGE][PASSED] - Delayed 2 second(s)

2019-06-07 13:33:59 - [TEST_STEP][PASSED] - delay(2, OPTIONAL): Delayed 2 second(s)

2019-06-07 13:34:01 - [MESSAGE][PASSED] - Delayed 2 second(s)

2019-06-07 13:34:01 - [TEST_STEP][PASSED] - executeJavaScript("var previewBar = document.getElementById("preview-bar-iframe"); previewBar.style.display = "none";", []): Execute JavaScript 'var previewBar = document.getElementById("preview-bar-iframe"); previewBar.style.display = "none";' successfully

2019-06-07 13:34:01 - [MESSAGE][PASSED] - Execute JavaScript 'var previewBar = document.getElementById("preview-bar-iframe"); previewBar.style.display = "none";' successfully

2019-06-07 13:34:01 - [TEST_STEP][PASSED] - click(findTestObject("OCS-DESKTOP/Home - page/Government of Ontario - Cann")): Object: 'Object Repository/OCS-DESKTOP/Home - page/Government of Ontario - Cann' is clicked on

2019-06-07 13:34:06 - [MESSAGE][PASSED] - Object: 'Object Repository/OCS-DESKTOP/Home - page/Government of Ontario - Cann' is clicked on

2019-06-07 13:34:06 - [TEST_STEP][PASSED] - executeJavaScript("var previewBar = document.getElementById("preview-bar-iframe"); previewBar.style.display = "none";", []): Execute JavaScript 'var previewBar = document.getElementById("preview-bar-iframe"); previewBar.style.display = "none";' successfully

2019-06-07 13:34:06 - [MESSAGE][PASSED] - Execute JavaScript 'var previewBar = document.getElementById("preview-bar-iframe"); previewBar.style.display = "none";' successfully

2019-06-07 13:34:06 - [TEST_STEP][PASSED] - click(findTestObject("OCS-DESKTOP/Home - page/About the OCS")): Object: 'Object Repository/OCS-DESKTOP/Home - page/About the OCS' is clicked on

2019-06-07 13:34:12 - [MESSAGE][PASSED] - Object: 'Object Repository/OCS-DESKTOP/Home - page/About the OCS' is clicked on

2019-06-07 13:34:12 - [TEST_STEP][PASSED] - delay(2): Delayed 2 second(s)

2019-06-07 13:34:14 - [MESSAGE][PASSED] - Delayed 2 second(s)

2019-06-07 13:34:14 - [TEST_STEP][PASSED] - executeJavaScript("var previewBar = document.getElementById("preview-bar-iframe"); previewBar.style.display = "none";", []): Execute JavaScript 'var previewBar = document.getElementById("preview-bar-iframe"); previewBar.style.display = "none";' successfully

2019-06-07 13:34:14 - [MESSAGE][PASSED] - Execute JavaScript 'var previewBar = document.getElementById("preview-bar-iframe"); previewBar.style.display = "none";' successfully

2019-06-07 13:34:14 - [TEST_STEP][PASSED] - click(findTestObject("OCS-DESKTOP/Home - page/Careers")): Object: 'Object Repository/OCS-DESKTOP/Home - page/Careers' is clicked on

2019-06-07 13:34:21 - [MESSAGE][PASSED] - Object: 'Object Repository/OCS-DESKTOP/Home - page/Careers' is clicked on

2019-06-07 13:34:21 - [TEST_STEP][PASSED] - delay(2): Delayed 2 second(s)

2019-06-07 13:34:23 - [MESSAGE][PASSED] - Delayed 2 second(s)

2019-06-07 13:34:23 - [TEST_STEP][PASSED] - delay(2, OPTIONAL): Delayed 2 second(s)

2019-06-07 13:34:25 - [MESSAGE][PASSED] - Delayed 2 second(s)

2019-06-07 13:34:25 - [TEST_STEP][PASSED] - executeJavaScript("var previewBar = document.getElementById("preview-bar-iframe"); previewBar.style.display = "none";", []): Execute JavaScript 'var previewBar = document.getElementById("preview-bar-iframe"); previewBar.style.display = "none";' successfully

2019-06-07 13:34:25 - [MESSAGE][PASSED] - Execute JavaScript 'var previewBar = document.getElementById("preview-bar-iframe"); previewBar.style.display = "none";' successfully

2019-06-07 13:34:25 - [TEST_STEP][PASSED] - click(findTestObject("OCS-DESKTOP/Home - page/News"), OPTIONAL): Object: 'Object Repository/OCS-DESKTOP/Home - page/News' is clicked on

2019-06-07 13:34:31 - [MESSAGE][PASSED] - Object: 'Object Repository/OCS-DESKTOP/Home - page/News' is clicked on

2019-06-07 13:34:31 - [TEST_STEP][PASSED] - delay(2): Delayed 2 second(s)

2019-06-07 13:34:33 - [MESSAGE][PASSED] - Delayed 2 second(s)

2019-06-07 13:34:33 - [TEST_STEP][PASSED] - executeJavaScript("var previewBar = document.getElementById("preview-bar-iframe"); previewBar.style.display = "none";", []): Execute JavaScript 'var previewBar = document.getElementById("preview-bar-iframe"); previewBar.style.display = "none";' successfully

2019-06-07 13:34:33 - [MESSAGE][PASSED] - Execute JavaScript 'var previewBar = document.getElementById("preview-bar-iframe"); previewBar.style.display = "none";' successfully

2019-06-07 13:34:33 - [TEST_STEP][PASSED] - click(findTestObject("OCS-DESKTOP/Home - page/Doing Business With OCS")): Object: 'Object Repository/OCS-DESKTOP/Home - page/Doing Business With OCS' is clicked on

2019-06-07 13:34:39 - [MESSAGE][PASSED] - Object: 'Object Repository/OCS-DESKTOP/Home - page/Doing Business With OCS' is clicked on

2019-06-07 13:34:39 - [TEST_STEP][PASSED] - delay(2): Delayed 2 second(s)

2019-06-07 13:34:41 - [MESSAGE][PASSED] - Delayed 2 second(s)

2019-06-07 13:34:41 - [TEST_STEP][PASSED] - executeJavaScript("var previewBar = document.getElementById("preview-bar-iframe"); previewBar.style.display = "none";", []): Execute JavaScript 'var previewBar = document.getElementById("preview-bar-iframe"); previewBar.style.display = "none";' successfully

2019-06-07 13:34:41 - [MESSAGE][PASSED] - Execute JavaScript 'var previewBar = document.getElementById("preview-bar-iframe"); previewBar.style.display = "none";' successfully

2019-06-07 13:34:41 - [TEST_STEP][PASSED] - click(findTestObject("OCS-DESKTOP/Home - page/Help us improve OCS.ca"), CONTINUE_ON_FAILURE): Object: 'Object Repository/OCS-DESKTOP/Home - page/Help us improve OCS.ca' is clicked on

2019-06-07 13:34:46 - [MESSAGE][PASSED] - Object: 'Object Repository/OCS-DESKTOP/Home - page/Help us improve OCS.ca' is clicked on

2019-06-07 13:34:46 - [TEST_STEP][PASSED] - delay(2): Delayed 2 second(s)

2019-06-07 13:34:48 - [MESSAGE][PASSED] - Delayed 2 second(s)

2019-06-07 13:34:48 - [TEST_STEP][PASSED] - executeJavaScript("var previewBar = document.getElementById("preview-bar-iframe"); previewBar.style.display = "none";", []): Execute JavaScript 'var previewBar = document.getElementById("preview-bar-iframe"); previewBar.style.display = "none";' successfully

2019-06-07 13:34:48 - [MESSAGE][PASSED] - Execute JavaScript 'var previewBar = document.getElementById("preview-bar-iframe"); previewBar.style.display = "none";' successfully

2019-06-07 13:34:48 - [TEST_STEP][FAILED] - click(findTestObject("OCS-DESKTOP/Home - page/Terms and Conditions")): click(findTestObject("OCS-DESKTOP/Home - page/Terms and Conditions")) FAILED.
Reason:
com.kms.katalon.core.exception.StepFailedException: Unable to click on object 'Object Repository/OCS-DESKTOP/Home - page/Terms and Conditions' (Root cause: com.kms.katalon.core.webui.exception.WebElementNotFoundException: Web element with id: 'Object Repository/OCS-DESKTOP/Home - page/Terms and Conditions' located by 'By.xpath: //a[contains(text(),'Terms and Conditions')][count(. | //*[@href = '/pages/terms-and-conditions']) = count(//*[@href = '/pages/terms-and-conditions'])]' not found)
	at com.kms.katalon.core.keyword.internal.KeywordMain.stepFailed(KeywordMain.groovy:36)
	at com.kms.katalon.core.webui.keyword.internal.WebUIKeywordMain.stepFailed(WebUIKeywordMain.groovy:65)
	at com.kms.katalon.core.webui.keyword.internal.WebUIKeywordMain.runKeyword(WebUIKeywordMain.groovy:27)
	at com.kms.katalon.core.webui.keyword.builtin.ClickKeyword.click(ClickKeyword.groovy:86)
	at com.kms.katalon.core.webui.keyword.builtin.ClickKeyword.execute(ClickKeyword.groovy:67)
	at com.kms.katalon.core.keyword.internal.KeywordExecutor.executeKeywordForPlatform(KeywordExecutor.groovy:53)
	at com.kms.katalon.core.webui.keyword.WebUiBuiltInKeywords.click(WebUiBuiltInKeywords.groovy:616)
	at com.kms.katalon.core.webui.keyword.WebUiBuiltInKeywords$click$4.call(Unknown Source)
	at footer.run(footer:93)
	at com.kms.katalon.core.main.ScriptEngine.run(ScriptEngine.java:194)
	at com.kms.katalon.core.main.ScriptEngine.runScriptAsRawText(ScriptEngine.java:119)
	at com.kms.katalon.core.main.TestCaseExecutor.runScript(TestCaseExecutor.java:328)
	at com.kms.katalon.core.main.TestCaseExecutor.doExecute(TestCaseExecutor.java:319)
	at com.kms.katalon.core.main.TestCaseExecutor.processExecutionPhase(TestCaseExecutor.java:298)
	at com.kms.katalon.core.main.TestCaseExecutor.accessMainPhase(TestCaseExecutor.java:290)
	at com.kms.katalon.core.main.TestCaseExecutor.execute(TestCaseExecutor.java:224)
	at com.kms.katalon.core.main.TestSuiteExecutor.accessTestCaseMainPhase(TestSuiteExecutor.java:129)
	at com.kms.katalon.core.main.TestSuiteExecutor.accessTestSuiteMainPhase(TestSuiteExecutor.java:112)
	at com.kms.katalon.core.main.TestSuiteExecutor.execute(TestSuiteExecutor.java:81)
	at com.kms.katalon.core.main.TestCaseMain.startTestSuite(TestCaseMain.java:149)
	at com.kms.katalon.core.main.TestCaseMain$startTestSuite$0.call(Unknown Source)
	at TempTestSuite1559927775427.run(TempTestSuite1559927775427.groovy:36)


2019-06-07 13:35:19 - [MESSAGE][INFO] - Unable to find the element located by 'By.xpath: //a[contains(text(),'Terms and Conditions')][count(. | //*[@href = '/pages/terms-and-conditions']) = count(//*[@href = '/pages/terms-and-conditions'])]'. Please recheck the objects properties to make sure the desired element is located. 

2019-06-07 13:35:20 - [MESSAGE][FAILED] - Unable to click on object 'Object Repository/OCS-DESKTOP/Home - page/Terms and Conditions' (Root cause: com.kms.katalon.core.webui.exception.WebElementNotFoundException: Web element with id: 'Object Repository/OCS-DESKTOP/Home - page/Terms and Conditions' located by 'By.xpath: //a[contains(text(),'Terms and Conditions')][count(. | //*[@href = '/pages/terms-and-conditions']) = count(//*[@href = '/pages/terms-and-conditions'])]' not found)
[[ATTACHMENT|/Users/sumankompelly/Relative xpath-Desktop/Reports/OCS- 1.9.2.1/20190607_131615/1559928919371.png]]

2019-06-07 13:35:20 - [MESSAGE][FAILED] - click(findTestObject("OCS-DESKTOP/Home - page/Terms and Conditions")) FAILED.
Reason:
com.kms.katalon.core.exception.StepFailedException: Unable to click on object 'Object Repository/OCS-DESKTOP/Home - page/Terms and Conditions' (Root cause: com.kms.katalon.core.webui.exception.WebElementNotFoundException: Web element with id: 'Object Repository/OCS-DESKTOP/Home - page/Terms and Conditions' located by 'By.xpath: //a[contains(text(),'Terms and Conditions')][count(. | //*[@href = '/pages/terms-and-conditions']) = count(//*[@href = '/pages/terms-and-conditions'])]' not found)
	at com.kms.katalon.core.keyword.internal.KeywordMain.stepFailed(KeywordMain.groovy:36)
	at com.kms.katalon.core.webui.keyword.internal.WebUIKeywordMain.stepFailed(WebUIKeywordMain.groovy:65)
	at com.kms.katalon.core.webui.keyword.internal.WebUIKeywordMain.runKeyword(WebUIKeywordMain.groovy:27)
	at com.kms.katalon.core.webui.keyword.builtin.ClickKeyword.click(ClickKeyword.groovy:86)
	at com.kms.katalon.core.webui.keyword.builtin.ClickKeyword.execute(ClickKeyword.groovy:67)
	at com.kms.katalon.core.keyword.internal.KeywordExecutor.executeKeywordForPlatform(KeywordExecutor.groovy:53)
	at com.kms.katalon.core.webui.keyword.WebUiBuiltInKeywords.click(WebUiBuiltInKeywords.groovy:616)
	at com.kms.katalon.core.webui.keyword.WebUiBuiltInKeywords$click$4.call(Unknown Source)
	at footer.run(footer:93)
	at com.kms.katalon.core.main.ScriptEngine.run(ScriptEngine.java:194)
	at com.kms.katalon.core.main.ScriptEngine.runScriptAsRawText(ScriptEngine.java:119)
	at com.kms.katalon.core.main.TestCaseExecutor.runScript(TestCaseExecutor.java:328)
	at com.kms.katalon.core.main.TestCaseExecutor.doExecute(TestCaseExecutor.java:319)
	at com.kms.katalon.core.main.TestCaseExecutor.processExecutionPhase(TestCaseExecutor.java:298)
	at com.kms.katalon.core.main.TestCaseExecutor.accessMainPhase(TestCaseExecutor.java:290)
	at com.kms.katalon.core.main.TestCaseExecutor.execute(TestCaseExecutor.java:224)
	at com.kms.katalon.core.main.TestSuiteExecutor.accessTestCaseMainPhase(TestSuiteExecutor.java:129)
	at com.kms.katalon.core.main.TestSuiteExecutor.accessTestSuiteMainPhase(TestSuiteExecutor.java:112)
	at com.kms.katalon.core.main.TestSuiteExecutor.execute(TestSuiteExecutor.java:81)
	at com.kms.katalon.core.main.TestCaseMain.startTestSuite(TestCaseMain.java:149)
	at com.kms.katalon.core.main.TestCaseMain$startTestSuite$0.call(Unknown Source)
	at TempTestSuite1559927775427.run(TempTestSuite1559927775427.groovy:36)]]></system-out>
         <system-err><![CDATA[2019-06-07 13:33:26 - [TEST_CASE][FAILED] - Test Cases/OCS - DESKTOP/OCS- HOME PAGE/footer: Test Cases/OCS - DESKTOP/OCS- HOME PAGE/footer FAILED.
Reason:
com.kms.katalon.core.exception.StepFailedException: Unable to click on object 'Object Repository/OCS-DESKTOP/Home - page/Terms and Conditions' (Root cause: com.kms.katalon.core.webui.exception.WebElementNotFoundException: Web element with id: 'Object Repository/OCS-DESKTOP/Home - page/Terms and Conditions' located by 'By.xpath: //a[contains(text(),'Terms and Conditions')][count(. | //*[@href = '/pages/terms-and-conditions']) = count(//*[@href = '/pages/terms-and-conditions'])]' not found)
	at com.kms.katalon.core.keyword.internal.KeywordMain.stepFailed(KeywordMain.groovy:36)
	at com.kms.katalon.core.webui.keyword.internal.WebUIKeywordMain.stepFailed(WebUIKeywordMain.groovy:65)
	at com.kms.katalon.core.webui.keyword.internal.WebUIKeywordMain.runKeyword(WebUIKeywordMain.groovy:27)
	at com.kms.katalon.core.webui.keyword.builtin.ClickKeyword.click(ClickKeyword.groovy:86)
	at com.kms.katalon.core.webui.keyword.builtin.ClickKeyword.execute(ClickKeyword.groovy:67)
	at com.kms.katalon.core.keyword.internal.KeywordExecutor.executeKeywordForPlatform(KeywordExecutor.groovy:53)
	at com.kms.katalon.core.webui.keyword.WebUiBuiltInKeywords.click(WebUiBuiltInKeywords.groovy:616)
	at com.kms.katalon.core.webui.keyword.WebUiBuiltInKeywords$click$4.call(Unknown Source)
	at footer.run(footer:93)
	at com.kms.katalon.core.main.ScriptEngine.run(ScriptEngine.java:194)
	at com.kms.katalon.core.main.ScriptEngine.runScriptAsRawText(ScriptEngine.java:119)
	at com.kms.katalon.core.main.TestCaseExecutor.runScript(TestCaseExecutor.java:328)
	at com.kms.katalon.core.main.TestCaseExecutor.doExecute(TestCaseExecutor.java:319)
	at com.kms.katalon.core.main.TestCaseExecutor.processExecutionPhase(TestCaseExecutor.java:298)
	at com.kms.katalon.core.main.TestCaseExecutor.accessMainPhase(TestCaseExecutor.java:290)
	at com.kms.katalon.core.main.TestCaseExecutor.execute(TestCaseExecutor.java:224)
	at com.kms.katalon.core.main.TestSuiteExecutor.accessTestCaseMainPhase(TestSuiteExecutor.java:129)
	at com.kms.katalon.core.main.TestSuiteExecutor.accessTestSuiteMainPhase(TestSuiteExecutor.java:112)
	at com.kms.katalon.core.main.TestSuiteExecutor.execute(TestSuiteExecutor.java:81)
	at com.kms.katalon.core.main.TestCaseMain.startTestSuite(TestCaseMain.java:149)
	at com.kms.katalon.core.main.TestCaseMain$startTestSuite$0.call(Unknown Source)
	at TempTestSuite1559927775427.run(TempTestSuite1559927775427.groovy:36)]]></system-err>
      </testcase>
      <testcase name="Test Cases/OCS - DESKTOP/OCS- HOME PAGE/why trust OCS" classname="Test Cases/OCS - DESKTOP/OCS- HOME PAGE/why trust OCS" status="PASSED">
         <system-out><![CDATA[2019-06-07 13:35:20 - [TEST_CASE][PASSED] - Test Cases/OCS - DESKTOP/OCS- HOME PAGE/why trust OCS: Test Cases/OCS - DESKTOP/OCS- HOME PAGE/why trust OCS

2019-06-07 13:35:20 - [TEST_STEP][PASSED] - callTestCase(findTestCase("OCS - DESKTOP/CALL- Age gate"), [:], STOP_ON_FAILURE): Call Test Case 'Test Cases/OCS - DESKTOP/CALL- Age gate' successfully

2019-06-07 13:35:20 - [TEST_CASE][PASSED] - Test Cases/OCS - DESKTOP/CALL- Age gate: Test Cases/OCS - DESKTOP/CALL- Age gate

2019-06-07 13:35:20 - [TEST_STEP][PASSED] - openBrowser(""): Browser is opened with url: ''

2019-06-07 13:35:20 - [MESSAGE][WARNING] - A browser is already opened. Closing browser and opening a new one

2019-06-07 13:35:20 - [MESSAGE][INFO] - Starting 'Chrome' driver

2019-06-07 13:35:21 - [MESSAGE][PASSED] - Browser is opened with url: ''

2019-06-07 13:35:21 - [TEST_STEP][PASSED] - navigateToUrl("https://ocs.ca/?fts=0&preview_theme_id=72920074060"): Navigate to 'https://ocs.ca/?fts=0&preview_theme_id=72920074060' successfully

2019-06-07 13:35:26 - [MESSAGE][PASSED] - Navigate to 'https://ocs.ca/?fts=0&preview_theme_id=72920074060' successfully

2019-06-07 13:35:26 - [TEST_STEP][PASSED] - maximizeWindow(): Current window maximized

2019-06-07 13:35:26 - [MESSAGE][PASSED] - Current window maximized

2019-06-07 13:35:26 - [TEST_STEP][PASSED] - delay(2): Delayed 2 second(s)

2019-06-07 13:35:28 - [MESSAGE][PASSED] - Delayed 2 second(s)

2019-06-07 13:35:28 - [TEST_STEP][PASSED] - executeJavaScript("var previewBar = document.getElementById("preview-bar-iframe"); previewBar.style.display = "none";", []): Execute JavaScript 'var previewBar = document.getElementById("preview-bar-iframe"); previewBar.style.display = "none";' successfully

2019-06-07 13:35:28 - [MESSAGE][PASSED] - Execute JavaScript 'var previewBar = document.getElementById("preview-bar-iframe"); previewBar.style.display = "none";' successfully

2019-06-07 13:35:28 - [TEST_STEP][PASSED] - selectOptionByValue(findTestObject("OCS-DESKTOP/Age gate and Mega menu/Date"), "12", true): All options with value '12' are selected in object 'Object Repository/OCS-DESKTOP/Age gate and Mega menu/Date'  using regular expression

2019-06-07 13:35:29 - [MESSAGE][PASSED] - All options with value '12' are selected in object 'Object Repository/OCS-DESKTOP/Age gate and Mega menu/Date'  using regular expression

2019-06-07 13:35:29 - [TEST_STEP][PASSED] - selectOptionByValue(findTestObject("OCS-DESKTOP/Age gate and Mega menu/month"), "6", true): All options with value '6' are selected in object 'Object Repository/OCS-DESKTOP/Age gate and Mega menu/month'  using regular expression

2019-06-07 13:35:29 - [MESSAGE][PASSED] - All options with value '6' are selected in object 'Object Repository/OCS-DESKTOP/Age gate and Mega menu/month'  using regular expression

2019-06-07 13:35:29 - [TEST_STEP][PASSED] - delay(2): Delayed 2 second(s)

2019-06-07 13:35:31 - [MESSAGE][PASSED] - Delayed 2 second(s)

2019-06-07 13:35:31 - [TEST_STEP][PASSED] - selectOptionByValue(findTestObject("OCS-DESKTOP/Age gate and Mega menu/Year Dropdown"), "1990", true): All options with value '1990' are selected in object 'Object Repository/OCS-DESKTOP/Age gate and Mega menu/Year Dropdown'  using regular expression

2019-06-07 13:35:32 - [MESSAGE][PASSED] - All options with value '1990' are selected in object 'Object Repository/OCS-DESKTOP/Age gate and Mega menu/Year Dropdown'  using regular expression

2019-06-07 13:35:32 - [TEST_STEP][PASSED] - click(findTestObject("OCS-DESKTOP/Age gate and Mega menu/button_Verify")): Object: 'Object Repository/OCS-DESKTOP/Age gate and Mega menu/button_Verify' is clicked on

2019-06-07 13:35:32 - [MESSAGE][PASSED] - Object: 'Object Repository/OCS-DESKTOP/Age gate and Mega menu/button_Verify' is clicked on

2019-06-07 13:35:32 - [TEST_STEP][PASSED] - click(findTestObject("OCS-DESKTOP/Age gate and Mega menu/Checkbox_CONFIRM AND ACKNOWLEDGE")): Object: 'Object Repository/OCS-DESKTOP/Age gate and Mega menu/Checkbox_CONFIRM AND ACKNOWLEDGE' is clicked on

2019-06-07 13:35:32 - [MESSAGE][PASSED] - Object: 'Object Repository/OCS-DESKTOP/Age gate and Mega menu/Checkbox_CONFIRM AND ACKNOWLEDGE' is clicked on

2019-06-07 13:35:32 - [TEST_STEP][PASSED] - click(findTestObject("OCS-DESKTOP/Age gate and Mega menu/button_CONFIRM")): Object: 'Object Repository/OCS-DESKTOP/Age gate and Mega menu/button_CONFIRM' is clicked on

2019-06-07 13:35:32 - [MESSAGE][PASSED] - Object: 'Object Repository/OCS-DESKTOP/Age gate and Mega menu/button_CONFIRM' is clicked on

2019-06-07 13:35:32 - [TEST_STEP][PASSED] - click(findTestObject("OCS-DESKTOP/Age gate and Mega menu/button_Start Browsing")): Object: 'Object Repository/OCS-DESKTOP/Age gate and Mega menu/button_Start Browsing' is clicked on

2019-06-07 13:35:32 - [MESSAGE][PASSED] - Object: 'Object Repository/OCS-DESKTOP/Age gate and Mega menu/button_Start Browsing' is clicked on

2019-06-07 13:35:32 - [TEST_STEP][PASSED] - delay(2): Delayed 2 second(s)

2019-06-07 13:35:34 - [MESSAGE][PASSED] - Delayed 2 second(s)

2019-06-07 13:35:34 - [TEST_STEP][PASSED] - refresh(): Refresh successfully

2019-06-07 13:35:34 - [MESSAGE][PASSED] - Refresh successfully

2019-06-07 13:35:34 - [MESSAGE][PASSED] - Call Test Case 'Test Cases/OCS - DESKTOP/CALL- Age gate' successfully

2019-06-07 13:35:34 - [TEST_STEP][PASSED] - delay(2): Delayed 2 second(s)

2019-06-07 13:35:36 - [MESSAGE][PASSED] - Delayed 2 second(s)

2019-06-07 13:35:36 - [TEST_STEP][PASSED] - executeJavaScript("var previewBar = document.getElementById("preview-bar-iframe"); previewBar.style.display = "none";", []): Execute JavaScript 'var previewBar = document.getElementById("preview-bar-iframe"); previewBar.style.display = "none";' successfully

2019-06-07 13:35:37 - [MESSAGE][PASSED] - Execute JavaScript 'var previewBar = document.getElementById("preview-bar-iframe"); previewBar.style.display = "none";' successfully

2019-06-07 13:35:37 - [TEST_STEP][PASSED] - delay(1, OPTIONAL): Delayed 1 second(s)

2019-06-07 13:35:38 - [MESSAGE][PASSED] - Delayed 1 second(s)

2019-06-07 13:35:38 - [TEST_STEP][PASSED] - click(findTestObject("OCS-DESKTOP/Home - page/Why trust OCS -img")): Object: 'Object Repository/OCS-DESKTOP/Home - page/Why trust OCS -img' is clicked on

2019-06-07 13:35:41 - [MESSAGE][PASSED] - Object: 'Object Repository/OCS-DESKTOP/Home - page/Why trust OCS -img' is clicked on]]></system-out>
         <system-err><![CDATA[]]></system-err>
      </testcase>
      <testcase name="Test Cases/OCS - DESKTOP/OCS- HOME PAGE/How to choose cannabis-learn more" classname="Test Cases/OCS - DESKTOP/OCS- HOME PAGE/How to choose cannabis-learn more" status="PASSED">
         <system-out><![CDATA[2019-06-07 13:35:41 - [TEST_CASE][PASSED] - Test Cases/OCS - DESKTOP/OCS- HOME PAGE/How to choose cannabis-learn more: Test Cases/OCS - DESKTOP/OCS- HOME PAGE/How to choose cannabis-learn more

2019-06-07 13:35:41 - [TEST_STEP][PASSED] - callTestCase(findTestCase("OCS - DESKTOP/CALL- Age gate"), [:], STOP_ON_FAILURE): Call Test Case 'Test Cases/OCS - DESKTOP/CALL- Age gate' successfully

2019-06-07 13:35:41 - [TEST_CASE][PASSED] - Test Cases/OCS - DESKTOP/CALL- Age gate: Test Cases/OCS - DESKTOP/CALL- Age gate

2019-06-07 13:35:41 - [TEST_STEP][PASSED] - openBrowser(""): Browser is opened with url: ''

2019-06-07 13:35:41 - [MESSAGE][WARNING] - A browser is already opened. Closing browser and opening a new one

2019-06-07 13:35:41 - [MESSAGE][INFO] - Starting 'Chrome' driver

2019-06-07 13:35:42 - [MESSAGE][PASSED] - Browser is opened with url: ''

2019-06-07 13:35:42 - [TEST_STEP][PASSED] - navigateToUrl("https://ocs.ca/?fts=0&preview_theme_id=72920074060"): Navigate to 'https://ocs.ca/?fts=0&preview_theme_id=72920074060' successfully

2019-06-07 13:35:48 - [MESSAGE][PASSED] - Navigate to 'https://ocs.ca/?fts=0&preview_theme_id=72920074060' successfully

2019-06-07 13:35:48 - [TEST_STEP][PASSED] - maximizeWindow(): Current window maximized

2019-06-07 13:35:49 - [MESSAGE][PASSED] - Current window maximized

2019-06-07 13:35:49 - [TEST_STEP][PASSED] - delay(2): Delayed 2 second(s)

2019-06-07 13:35:51 - [MESSAGE][PASSED] - Delayed 2 second(s)

2019-06-07 13:35:51 - [TEST_STEP][PASSED] - executeJavaScript("var previewBar = document.getElementById("preview-bar-iframe"); previewBar.style.display = "none";", []): Execute JavaScript 'var previewBar = document.getElementById("preview-bar-iframe"); previewBar.style.display = "none";' successfully

2019-06-07 13:35:51 - [MESSAGE][PASSED] - Execute JavaScript 'var previewBar = document.getElementById("preview-bar-iframe"); previewBar.style.display = "none";' successfully

2019-06-07 13:35:51 - [TEST_STEP][PASSED] - selectOptionByValue(findTestObject("OCS-DESKTOP/Age gate and Mega menu/Date"), "12", true): All options with value '12' are selected in object 'Object Repository/OCS-DESKTOP/Age gate and Mega menu/Date'  using regular expression

2019-06-07 13:35:51 - [MESSAGE][PASSED] - All options with value '12' are selected in object 'Object Repository/OCS-DESKTOP/Age gate and Mega menu/Date'  using regular expression

2019-06-07 13:35:51 - [TEST_STEP][PASSED] - selectOptionByValue(findTestObject("OCS-DESKTOP/Age gate and Mega menu/month"), "6", true): All options with value '6' are selected in object 'Object Repository/OCS-DESKTOP/Age gate and Mega menu/month'  using regular expression

2019-06-07 13:35:51 - [MESSAGE][PASSED] - All options with value '6' are selected in object 'Object Repository/OCS-DESKTOP/Age gate and Mega menu/month'  using regular expression

2019-06-07 13:35:51 - [TEST_STEP][PASSED] - delay(2): Delayed 2 second(s)

2019-06-07 13:35:53 - [MESSAGE][PASSED] - Delayed 2 second(s)

2019-06-07 13:35:53 - [TEST_STEP][PASSED] - selectOptionByValue(findTestObject("OCS-DESKTOP/Age gate and Mega menu/Year Dropdown"), "1990", true): All options with value '1990' are selected in object 'Object Repository/OCS-DESKTOP/Age gate and Mega menu/Year Dropdown'  using regular expression

2019-06-07 13:35:54 - [MESSAGE][PASSED] - All options with value '1990' are selected in object 'Object Repository/OCS-DESKTOP/Age gate and Mega menu/Year Dropdown'  using regular expression

2019-06-07 13:35:54 - [TEST_STEP][PASSED] - click(findTestObject("OCS-DESKTOP/Age gate and Mega menu/button_Verify")): Object: 'Object Repository/OCS-DESKTOP/Age gate and Mega menu/button_Verify' is clicked on

2019-06-07 13:35:54 - [MESSAGE][PASSED] - Object: 'Object Repository/OCS-DESKTOP/Age gate and Mega menu/button_Verify' is clicked on

2019-06-07 13:35:54 - [TEST_STEP][PASSED] - click(findTestObject("OCS-DESKTOP/Age gate and Mega menu/Checkbox_CONFIRM AND ACKNOWLEDGE")): Object: 'Object Repository/OCS-DESKTOP/Age gate and Mega menu/Checkbox_CONFIRM AND ACKNOWLEDGE' is clicked on

2019-06-07 13:35:54 - [MESSAGE][PASSED] - Object: 'Object Repository/OCS-DESKTOP/Age gate and Mega menu/Checkbox_CONFIRM AND ACKNOWLEDGE' is clicked on

2019-06-07 13:35:54 - [TEST_STEP][PASSED] - click(findTestObject("OCS-DESKTOP/Age gate and Mega menu/button_CONFIRM")): Object: 'Object Repository/OCS-DESKTOP/Age gate and Mega menu/button_CONFIRM' is clicked on

2019-06-07 13:35:54 - [MESSAGE][PASSED] - Object: 'Object Repository/OCS-DESKTOP/Age gate and Mega menu/button_CONFIRM' is clicked on

2019-06-07 13:35:54 - [TEST_STEP][PASSED] - click(findTestObject("OCS-DESKTOP/Age gate and Mega menu/button_Start Browsing")): Object: 'Object Repository/OCS-DESKTOP/Age gate and Mega menu/button_Start Browsing' is clicked on

2019-06-07 13:35:54 - [MESSAGE][PASSED] - Object: 'Object Repository/OCS-DESKTOP/Age gate and Mega menu/button_Start Browsing' is clicked on

2019-06-07 13:35:54 - [TEST_STEP][PASSED] - delay(2): Delayed 2 second(s)

2019-06-07 13:35:56 - [MESSAGE][PASSED] - Delayed 2 second(s)

2019-06-07 13:35:56 - [TEST_STEP][PASSED] - refresh(): Refresh successfully

2019-06-07 13:35:56 - [MESSAGE][PASSED] - Refresh successfully

2019-06-07 13:35:56 - [MESSAGE][PASSED] - Call Test Case 'Test Cases/OCS - DESKTOP/CALL- Age gate' successfully

2019-06-07 13:35:56 - [TEST_STEP][PASSED] - delay(2, OPTIONAL): Delayed 2 second(s)

2019-06-07 13:35:58 - [MESSAGE][PASSED] - Delayed 2 second(s)

2019-06-07 13:35:58 - [TEST_STEP][PASSED] - executeJavaScript("var previewBar = document.getElementById("preview-bar-iframe"); previewBar.style.display = "none";", []): Execute JavaScript 'var previewBar = document.getElementById("preview-bar-iframe"); previewBar.style.display = "none";' successfully

2019-06-07 13:36:00 - [MESSAGE][PASSED] - Execute JavaScript 'var previewBar = document.getElementById("preview-bar-iframe"); previewBar.style.display = "none";' successfully

2019-06-07 13:36:00 - [TEST_STEP][PASSED] - click(findTestObject("OCS-DESKTOP/Home - page/a_Learn more- A brief history of cannabis")): Object: 'Object Repository/OCS-DESKTOP/Home - page/a_Learn more- A brief history of cannabis' is clicked on

2019-06-07 13:36:02 - [MESSAGE][PASSED] - Object: 'Object Repository/OCS-DESKTOP/Home - page/a_Learn more- A brief history of cannabis' is clicked on

2019-06-07 13:36:02 - [TEST_STEP][PASSED] - click(findTestObject("OCS-DESKTOP/Home - page/OCS icon"), STOP_ON_FAILURE): Object: 'Object Repository/OCS-DESKTOP/Home - page/OCS icon' is clicked on

2019-06-07 13:36:05 - [MESSAGE][PASSED] - Object: 'Object Repository/OCS-DESKTOP/Home - page/OCS icon' is clicked on

2019-06-07 13:36:05 - [TEST_STEP][NOT_RUN] - back(): NOT_RUN: back()

2019-06-07 13:36:05 - [MESSAGE][NOT_RUN] - NOT_RUN: back()

2019-06-07 13:36:05 - [TEST_STEP][PASSED] - delay(2): Delayed 2 second(s)

2019-06-07 13:36:07 - [MESSAGE][PASSED] - Delayed 2 second(s)

2019-06-07 13:36:07 - [TEST_STEP][PASSED] - executeJavaScript("var previewBar = document.getElementById("preview-bar-iframe"); previewBar.style.display = "none";", []): Execute JavaScript 'var previewBar = document.getElementById("preview-bar-iframe"); previewBar.style.display = "none";' successfully

2019-06-07 13:36:07 - [MESSAGE][PASSED] - Execute JavaScript 'var previewBar = document.getElementById("preview-bar-iframe"); previewBar.style.display = "none";' successfully

2019-06-07 13:36:07 - [TEST_STEP][PASSED] - click(findTestObject("OCS-DESKTOP/Home - page/a_Learn more- Tips for responsible use")): Object: 'Object Repository/OCS-DESKTOP/Home - page/a_Learn more- Tips for responsible use' is clicked on

2019-06-07 13:36:10 - [MESSAGE][PASSED] - Object: 'Object Repository/OCS-DESKTOP/Home - page/a_Learn more- Tips for responsible use' is clicked on]]></system-out>
         <system-err><![CDATA[]]></system-err>
      </testcase>
      <testcase name="Test Cases/OCS - DESKTOP/OCS- HOME PAGE/HP -Burger menu-FAQ" classname="Test Cases/OCS - DESKTOP/OCS- HOME PAGE/HP -Burger menu-FAQ" status="FAILED">
         <failure type="FAILED" message="Test Cases/OCS - DESKTOP/OCS- HOME PAGE/HP -Burger menu-FAQ FAILED.
Reason:
com.kms.katalon.core.exception.StepFailedException: Unable to click on object 'Object Repository/OCS-DESKTOP/FAQ page/Choose cannabis products' (Root cause: com.kms.katalon.core.webui.exception.WebElementNotFoundException: Web element with id: 'Object Repository/OCS-DESKTOP/FAQ page/Choose cannabis products' located by 'By.xpath: /html/body/div/div[3]/div[2]/section/div/div/article[2]/a' not found)
	at com.kms.katalon.core.keyword.internal.KeywordMain.stepFailed(KeywordMain.groovy:36)
	at com.kms.katalon.core.webui.keyword.internal.WebUIKeywordMain.stepFailed(WebUIKeywordMain.groovy:65)
	at com.kms.katalon.core.webui.keyword.internal.WebUIKeywordMain.runKeyword(WebUIKeywordMain.groovy:27)
	at com.kms.katalon.core.webui.keyword.builtin.ClickKeyword.click(ClickKeyword.groovy:86)
	at com.kms.katalon.core.webui.keyword.builtin.ClickKeyword.execute(ClickKeyword.groovy:67)
	at com.kms.katalon.core.keyword.internal.KeywordExecutor.executeKeywordForPlatform(KeywordExecutor.groovy:53)
	at com.kms.katalon.core.webui.keyword.WebUiBuiltInKeywords.click(WebUiBuiltInKeywords.groovy:616)
	at com.kms.katalon.core.webui.keyword.WebUiBuiltInKeywords$click$4.call(Unknown Source)
	at HP -Burger menu-FAQ.run(HP -Burger menu-FAQ:97)
	at com.kms.katalon.core.main.ScriptEngine.run(ScriptEngine.java:194)
	at com.kms.katalon.core.main.ScriptEngine.runScriptAsRawText(ScriptEngine.java:119)
	at com.kms.katalon.core.main.TestCaseExecutor.runScript(TestCaseExecutor.java:328)
	at com.kms.katalon.core.main.TestCaseExecutor.doExecute(TestCaseExecutor.java:319)
	at com.kms.katalon.core.main.TestCaseExecutor.processExecutionPhase(TestCaseExecutor.java:298)
	at com.kms.katalon.core.main.TestCaseExecutor.accessMainPhase(TestCaseExecutor.java:290)
	at com.kms.katalon.core.main.TestCaseExecutor.execute(TestCaseExecutor.java:224)
	at com.kms.katalon.core.main.TestSuiteExecutor.accessTestCaseMainPhase(TestSuiteExecutor.java:129)
	at com.kms.katalon.core.main.TestSuiteExecutor.accessTestSuiteMainPhase(TestSuiteExecutor.java:112)
	at com.kms.katalon.core.main.TestSuiteExecutor.execute(TestSuiteExecutor.java:81)
	at com.kms.katalon.core.main.TestCaseMain.startTestSuite(TestCaseMain.java:149)
	at com.kms.katalon.core.main.TestCaseMain$startTestSuite$0.call(Unknown Source)
	at TempTestSuite1559927775427.run(TempTestSuite1559927775427.groovy:36)
"/>
         <system-out><![CDATA[2019-06-07 13:36:10 - [TEST_CASE][FAILED] - Test Cases/OCS - DESKTOP/OCS- HOME PAGE/HP -Burger menu-FAQ: Test Cases/OCS - DESKTOP/OCS- HOME PAGE/HP -Burger menu-FAQ FAILED.
Reason:
com.kms.katalon.core.exception.StepFailedException: Unable to click on object 'Object Repository/OCS-DESKTOP/FAQ page/Choose cannabis products' (Root cause: com.kms.katalon.core.webui.exception.WebElementNotFoundException: Web element with id: 'Object Repository/OCS-DESKTOP/FAQ page/Choose cannabis products' located by 'By.xpath: /html/body/div/div[3]/div[2]/section/div/div/article[2]/a' not found)
	at com.kms.katalon.core.keyword.internal.KeywordMain.stepFailed(KeywordMain.groovy:36)
	at com.kms.katalon.core.webui.keyword.internal.WebUIKeywordMain.stepFailed(WebUIKeywordMain.groovy:65)
	at com.kms.katalon.core.webui.keyword.internal.WebUIKeywordMain.runKeyword(WebUIKeywordMain.groovy:27)
	at com.kms.katalon.core.webui.keyword.builtin.ClickKeyword.click(ClickKeyword.groovy:86)
	at com.kms.katalon.core.webui.keyword.builtin.ClickKeyword.execute(ClickKeyword.groovy:67)
	at com.kms.katalon.core.keyword.internal.KeywordExecutor.executeKeywordForPlatform(KeywordExecutor.groovy:53)
	at com.kms.katalon.core.webui.keyword.WebUiBuiltInKeywords.click(WebUiBuiltInKeywords.groovy:616)
	at com.kms.katalon.core.webui.keyword.WebUiBuiltInKeywords$click$4.call(Unknown Source)
	at HP -Burger menu-FAQ.run(HP -Burger menu-FAQ:97)
	at com.kms.katalon.core.main.ScriptEngine.run(ScriptEngine.java:194)
	at com.kms.katalon.core.main.ScriptEngine.runScriptAsRawText(ScriptEngine.java:119)
	at com.kms.katalon.core.main.TestCaseExecutor.runScript(TestCaseExecutor.java:328)
	at com.kms.katalon.core.main.TestCaseExecutor.doExecute(TestCaseExecutor.java:319)
	at com.kms.katalon.core.main.TestCaseExecutor.processExecutionPhase(TestCaseExecutor.java:298)
	at com.kms.katalon.core.main.TestCaseExecutor.accessMainPhase(TestCaseExecutor.java:290)
	at com.kms.katalon.core.main.TestCaseExecutor.execute(TestCaseExecutor.java:224)
	at com.kms.katalon.core.main.TestSuiteExecutor.accessTestCaseMainPhase(TestSuiteExecutor.java:129)
	at com.kms.katalon.core.main.TestSuiteExecutor.accessTestSuiteMainPhase(TestSuiteExecutor.java:112)
	at com.kms.katalon.core.main.TestSuiteExecutor.execute(TestSuiteExecutor.java:81)
	at com.kms.katalon.core.main.TestCaseMain.startTestSuite(TestCaseMain.java:149)
	at com.kms.katalon.core.main.TestCaseMain$startTestSuite$0.call(Unknown Source)
	at TempTestSuite1559927775427.run(TempTestSuite1559927775427.groovy:36)


2019-06-07 13:36:10 - [TEST_STEP][PASSED] - callTestCase(findTestCase("OCS - DESKTOP/CALL- Age gate"), [:], STOP_ON_FAILURE): Call Test Case 'Test Cases/OCS - DESKTOP/CALL- Age gate' successfully

2019-06-07 13:36:10 - [TEST_CASE][PASSED] - Test Cases/OCS - DESKTOP/CALL- Age gate: Test Cases/OCS - DESKTOP/CALL- Age gate

2019-06-07 13:36:10 - [TEST_STEP][PASSED] - openBrowser(""): Browser is opened with url: ''

2019-06-07 13:36:10 - [MESSAGE][WARNING] - A browser is already opened. Closing browser and opening a new one

2019-06-07 13:36:10 - [MESSAGE][INFO] - Starting 'Chrome' driver

2019-06-07 13:36:11 - [MESSAGE][PASSED] - Browser is opened with url: ''

2019-06-07 13:36:11 - [TEST_STEP][PASSED] - navigateToUrl("https://ocs.ca/?fts=0&preview_theme_id=72920074060"): Navigate to 'https://ocs.ca/?fts=0&preview_theme_id=72920074060' successfully

2019-06-07 13:36:15 - [MESSAGE][PASSED] - Navigate to 'https://ocs.ca/?fts=0&preview_theme_id=72920074060' successfully

2019-06-07 13:36:15 - [TEST_STEP][PASSED] - maximizeWindow(): Current window maximized

2019-06-07 13:36:16 - [MESSAGE][PASSED] - Current window maximized

2019-06-07 13:36:16 - [TEST_STEP][PASSED] - delay(2): Delayed 2 second(s)

2019-06-07 13:36:18 - [MESSAGE][PASSED] - Delayed 2 second(s)

2019-06-07 13:36:18 - [TEST_STEP][PASSED] - executeJavaScript("var previewBar = document.getElementById("preview-bar-iframe"); previewBar.style.display = "none";", []): Execute JavaScript 'var previewBar = document.getElementById("preview-bar-iframe"); previewBar.style.display = "none";' successfully

2019-06-07 13:36:18 - [MESSAGE][PASSED] - Execute JavaScript 'var previewBar = document.getElementById("preview-bar-iframe"); previewBar.style.display = "none";' successfully

2019-06-07 13:36:18 - [TEST_STEP][PASSED] - selectOptionByValue(findTestObject("OCS-DESKTOP/Age gate and Mega menu/Date"), "12", true): All options with value '12' are selected in object 'Object Repository/OCS-DESKTOP/Age gate and Mega menu/Date'  using regular expression

2019-06-07 13:36:18 - [MESSAGE][PASSED] - All options with value '12' are selected in object 'Object Repository/OCS-DESKTOP/Age gate and Mega menu/Date'  using regular expression

2019-06-07 13:36:18 - [TEST_STEP][PASSED] - selectOptionByValue(findTestObject("OCS-DESKTOP/Age gate and Mega menu/month"), "6", true): All options with value '6' are selected in object 'Object Repository/OCS-DESKTOP/Age gate and Mega menu/month'  using regular expression

2019-06-07 13:36:18 - [MESSAGE][PASSED] - All options with value '6' are selected in object 'Object Repository/OCS-DESKTOP/Age gate and Mega menu/month'  using regular expression

2019-06-07 13:36:18 - [TEST_STEP][PASSED] - delay(2): Delayed 2 second(s)

2019-06-07 13:36:20 - [MESSAGE][PASSED] - Delayed 2 second(s)

2019-06-07 13:36:20 - [TEST_STEP][PASSED] - selectOptionByValue(findTestObject("OCS-DESKTOP/Age gate and Mega menu/Year Dropdown"), "1990", true): All options with value '1990' are selected in object 'Object Repository/OCS-DESKTOP/Age gate and Mega menu/Year Dropdown'  using regular expression

2019-06-07 13:36:21 - [MESSAGE][PASSED] - All options with value '1990' are selected in object 'Object Repository/OCS-DESKTOP/Age gate and Mega menu/Year Dropdown'  using regular expression

2019-06-07 13:36:21 - [TEST_STEP][PASSED] - click(findTestObject("OCS-DESKTOP/Age gate and Mega menu/button_Verify")): Object: 'Object Repository/OCS-DESKTOP/Age gate and Mega menu/button_Verify' is clicked on

2019-06-07 13:36:21 - [MESSAGE][PASSED] - Object: 'Object Repository/OCS-DESKTOP/Age gate and Mega menu/button_Verify' is clicked on

2019-06-07 13:36:21 - [TEST_STEP][PASSED] - click(findTestObject("OCS-DESKTOP/Age gate and Mega menu/Checkbox_CONFIRM AND ACKNOWLEDGE")): Object: 'Object Repository/OCS-DESKTOP/Age gate and Mega menu/Checkbox_CONFIRM AND ACKNOWLEDGE' is clicked on

2019-06-07 13:36:21 - [MESSAGE][PASSED] - Object: 'Object Repository/OCS-DESKTOP/Age gate and Mega menu/Checkbox_CONFIRM AND ACKNOWLEDGE' is clicked on

2019-06-07 13:36:21 - [TEST_STEP][PASSED] - click(findTestObject("OCS-DESKTOP/Age gate and Mega menu/button_CONFIRM")): Object: 'Object Repository/OCS-DESKTOP/Age gate and Mega menu/button_CONFIRM' is clicked on

2019-06-07 13:36:22 - [MESSAGE][PASSED] - Object: 'Object Repository/OCS-DESKTOP/Age gate and Mega menu/button_CONFIRM' is clicked on

2019-06-07 13:36:22 - [TEST_STEP][PASSED] - click(findTestObject("OCS-DESKTOP/Age gate and Mega menu/button_Start Browsing")): Object: 'Object Repository/OCS-DESKTOP/Age gate and Mega menu/button_Start Browsing' is clicked on

2019-06-07 13:36:22 - [MESSAGE][PASSED] - Object: 'Object Repository/OCS-DESKTOP/Age gate and Mega menu/button_Start Browsing' is clicked on

2019-06-07 13:36:22 - [TEST_STEP][PASSED] - delay(2): Delayed 2 second(s)

2019-06-07 13:36:24 - [MESSAGE][PASSED] - Delayed 2 second(s)

2019-06-07 13:36:24 - [TEST_STEP][PASSED] - refresh(): Refresh successfully

2019-06-07 13:36:24 - [MESSAGE][PASSED] - Refresh successfully

2019-06-07 13:36:24 - [MESSAGE][PASSED] - Call Test Case 'Test Cases/OCS - DESKTOP/CALL- Age gate' successfully

2019-06-07 13:36:24 - [TEST_STEP][PASSED] - delay(2): Delayed 2 second(s)

2019-06-07 13:36:26 - [MESSAGE][PASSED] - Delayed 2 second(s)

2019-06-07 13:36:26 - [TEST_STEP][PASSED] - executeJavaScript("var previewBar = document.getElementById("preview-bar-iframe"); previewBar.style.display = "none";", []): Execute JavaScript 'var previewBar = document.getElementById("preview-bar-iframe"); previewBar.style.display = "none";' successfully

2019-06-07 13:36:27 - [MESSAGE][PASSED] - Execute JavaScript 'var previewBar = document.getElementById("preview-bar-iframe"); previewBar.style.display = "none";' successfully

2019-06-07 13:36:27 - [TEST_STEP][PASSED] - delay(2): Delayed 2 second(s)

2019-06-07 13:36:29 - [MESSAGE][PASSED] - Delayed 2 second(s)

2019-06-07 13:36:29 - [TEST_STEP][PASSED] - click(findTestObject("OCS-DESKTOP/Age gate and Mega menu/Header/FAQ menu - En")): Object: 'Object Repository/OCS-DESKTOP/Age gate and Mega menu/Header/FAQ menu - En' is clicked on

2019-06-07 13:36:33 - [MESSAGE][PASSED] - Object: 'Object Repository/OCS-DESKTOP/Age gate and Mega menu/Header/FAQ menu - En' is clicked on

2019-06-07 13:36:33 - [TEST_STEP][PASSED] - delay(2): Delayed 2 second(s)

2019-06-07 13:36:35 - [MESSAGE][PASSED] - Delayed 2 second(s)

2019-06-07 13:36:35 - [TEST_STEP][PASSED] - executeJavaScript("var previewBar = document.getElementById("preview-bar-iframe"); previewBar.style.display = "none";", []): Execute JavaScript 'var previewBar = document.getElementById("preview-bar-iframe"); previewBar.style.display = "none";' successfully

2019-06-07 13:36:35 - [MESSAGE][PASSED] - Execute JavaScript 'var previewBar = document.getElementById("preview-bar-iframe"); previewBar.style.display = "none";' successfully

2019-06-07 13:36:35 - [TEST_STEP][NOT_RUN] - scrollToElement(findTestObject("OCS-MOBILE /FAQ page/scroll view element"), 0): NOT_RUN: scrollToElement(findTestObject("OCS-MOBILE /FAQ page/scroll view element"), 0)

2019-06-07 13:36:35 - [MESSAGE][NOT_RUN] - NOT_RUN: scrollToElement(findTestObject("OCS-MOBILE /FAQ page/scroll view element"), 0)

2019-06-07 13:36:35 - [TEST_STEP][PASSED] - delay(1): Delayed 1 second(s)

2019-06-07 13:36:36 - [MESSAGE][PASSED] - Delayed 1 second(s)

2019-06-07 13:36:36 - [TEST_STEP][PASSED] - click(findTestObject("OCS-DESKTOP/FAQ page/Dropdown button -First chevron -open- FAQ")): Object: 'Object Repository/OCS-DESKTOP/FAQ page/Dropdown button -First chevron -open- FAQ' is clicked on

2019-06-07 13:36:36 - [MESSAGE][PASSED] - Object: 'Object Repository/OCS-DESKTOP/FAQ page/Dropdown button -First chevron -open- FAQ' is clicked on

2019-06-07 13:36:36 - [TEST_STEP][PASSED] - delay(1): Delayed 1 second(s)

2019-06-07 13:36:37 - [MESSAGE][PASSED] - Delayed 1 second(s)

2019-06-07 13:36:37 - [TEST_STEP][PASSED] - click(findTestObject("OCS-DESKTOP/FAQ page/Dropdown button -First chevron - close -FAQ")): Object: 'Object Repository/OCS-DESKTOP/FAQ page/Dropdown button -First chevron - close -FAQ' is clicked on

2019-06-07 13:36:37 - [MESSAGE][PASSED] - Object: 'Object Repository/OCS-DESKTOP/FAQ page/Dropdown button -First chevron - close -FAQ' is clicked on

2019-06-07 13:36:37 - [TEST_STEP][PASSED] - delay(1, OPTIONAL): Delayed 1 second(s)

2019-06-07 13:36:38 - [MESSAGE][PASSED] - Delayed 1 second(s)

2019-06-07 13:36:38 - [TEST_STEP][PASSED] - click(findTestObject("OCS-DESKTOP/FAQ page/First accordian - add")): Object: 'Object Repository/OCS-DESKTOP/FAQ page/First accordian - add' is clicked on

2019-06-07 13:36:38 - [MESSAGE][PASSED] - Object: 'Object Repository/OCS-DESKTOP/FAQ page/First accordian - add' is clicked on

2019-06-07 13:36:38 - [TEST_STEP][PASSED] - delay(1): Delayed 1 second(s)

2019-06-07 13:36:39 - [MESSAGE][PASSED] - Delayed 1 second(s)

2019-06-07 13:36:39 - [TEST_STEP][PASSED] - click(findTestObject("OCS-DESKTOP/FAQ page/First accordian - Subtract")): Object: 'Object Repository/OCS-DESKTOP/FAQ page/First accordian - Subtract' is clicked on

2019-06-07 13:36:39 - [MESSAGE][PASSED] - Object: 'Object Repository/OCS-DESKTOP/FAQ page/First accordian - Subtract' is clicked on

2019-06-07 13:36:39 - [TEST_STEP][PASSED] - delay(1): Delayed 1 second(s)

2019-06-07 13:36:40 - [MESSAGE][PASSED] - Delayed 1 second(s)

2019-06-07 13:36:40 - [TEST_STEP][PASSED] - click(findTestObject("OCS-DESKTOP/FAQ page/Second accordian- add")): Object: 'Object Repository/OCS-DESKTOP/FAQ page/Second accordian- add' is clicked on

2019-06-07 13:36:40 - [MESSAGE][PASSED] - Object: 'Object Repository/OCS-DESKTOP/FAQ page/Second accordian- add' is clicked on

2019-06-07 13:36:40 - [TEST_STEP][PASSED] - delay(1): Delayed 1 second(s)

2019-06-07 13:36:41 - [MESSAGE][PASSED] - Delayed 1 second(s)

2019-06-07 13:36:41 - [TEST_STEP][PASSED] - click(findTestObject("OCS-DESKTOP/FAQ page/Second accordian - subtract")): Object: 'Object Repository/OCS-DESKTOP/FAQ page/Second accordian - subtract' is clicked on

2019-06-07 13:36:41 - [MESSAGE][PASSED] - Object: 'Object Repository/OCS-DESKTOP/FAQ page/Second accordian - subtract' is clicked on

2019-06-07 13:36:41 - [TEST_STEP][PASSED] - delay(1): Delayed 1 second(s)

2019-06-07 13:36:42 - [MESSAGE][PASSED] - Delayed 1 second(s)

2019-06-07 13:36:42 - [TEST_STEP][PASSED] - click(findTestObject("OCS-DESKTOP/FAQ page/Load more1")): Object: 'Object Repository/OCS-DESKTOP/FAQ page/Load more1' is clicked on

2019-06-07 13:36:42 - [MESSAGE][PASSED] - Object: 'Object Repository/OCS-DESKTOP/FAQ page/Load more1' is clicked on

2019-06-07 13:36:42 - [TEST_STEP][PASSED] - delay(1): Delayed 1 second(s)

2019-06-07 13:36:43 - [MESSAGE][PASSED] - Delayed 1 second(s)

2019-06-07 13:36:43 - [TEST_STEP][PASSED] - click(findTestObject("OCS-DESKTOP/FAQ page/Loadmore2")): Object: 'Object Repository/OCS-DESKTOP/FAQ page/Loadmore2' is clicked on

2019-06-07 13:36:43 - [MESSAGE][PASSED] - Object: 'Object Repository/OCS-DESKTOP/FAQ page/Loadmore2' is clicked on

2019-06-07 13:36:43 - [TEST_STEP][PASSED] - delay(1): Delayed 1 second(s)

2019-06-07 13:36:44 - [MESSAGE][PASSED] - Delayed 1 second(s)

2019-06-07 13:36:44 - [TEST_STEP][PASSED] - click(findTestObject("OCS-DESKTOP/FAQ page/Loadmore3")): Object: 'Object Repository/OCS-DESKTOP/FAQ page/Loadmore3' is clicked on

2019-06-07 13:36:45 - [MESSAGE][PASSED] - Object: 'Object Repository/OCS-DESKTOP/FAQ page/Loadmore3' is clicked on

2019-06-07 13:36:45 - [TEST_STEP][PASSED] - delay(1): Delayed 1 second(s)

2019-06-07 13:36:46 - [MESSAGE][PASSED] - Delayed 1 second(s)

2019-06-07 13:36:46 - [TEST_STEP][PASSED] - click(findTestObject("OCS-DESKTOP/FAQ page/Learn about cannabis")): Object: 'Object Repository/OCS-DESKTOP/FAQ page/Learn about cannabis' is clicked on

2019-06-07 13:36:48 - [MESSAGE][PASSED] - Object: 'Object Repository/OCS-DESKTOP/FAQ page/Learn about cannabis' is clicked on

2019-06-07 13:36:48 - [TEST_STEP][PASSED] - delay(1, OPTIONAL): Delayed 1 second(s)

2019-06-07 13:36:49 - [MESSAGE][PASSED] - Delayed 1 second(s)

2019-06-07 13:36:49 - [TEST_STEP][PASSED] - executeJavaScript("var previewBar = document.getElementById("preview-bar-iframe"); previewBar.style.display = "none";", []): Execute JavaScript 'var previewBar = document.getElementById("preview-bar-iframe"); previewBar.style.display = "none";' successfully

2019-06-07 13:36:49 - [MESSAGE][PASSED] - Execute JavaScript 'var previewBar = document.getElementById("preview-bar-iframe"); previewBar.style.display = "none";' successfully

2019-06-07 13:36:49 - [TEST_STEP][PASSED] - click(findTestObject("OCS-DESKTOP/Age gate and Mega menu/Header/FAQ menu - En")): Object: 'Object Repository/OCS-DESKTOP/Age gate and Mega menu/Header/FAQ menu - En' is clicked on

2019-06-07 13:36:53 - [MESSAGE][PASSED] - Object: 'Object Repository/OCS-DESKTOP/Age gate and Mega menu/Header/FAQ menu - En' is clicked on

2019-06-07 13:36:53 - [TEST_STEP][PASSED] - executeJavaScript("var previewBar = document.getElementById("preview-bar-iframe"); previewBar.style.display = "none";", []): Execute JavaScript 'var previewBar = document.getElementById("preview-bar-iframe"); previewBar.style.display = "none";' successfully

2019-06-07 13:36:53 - [MESSAGE][PASSED] - Execute JavaScript 'var previewBar = document.getElementById("preview-bar-iframe"); previewBar.style.display = "none";' successfully

2019-06-07 13:36:53 - [TEST_STEP][PASSED] - click(findTestObject("OCS-DESKTOP/FAQ page/Loadmore4")): Object: 'Object Repository/OCS-DESKTOP/FAQ page/Loadmore4' is clicked on

2019-06-07 13:36:53 - [MESSAGE][PASSED] - Object: 'Object Repository/OCS-DESKTOP/FAQ page/Loadmore4' is clicked on

2019-06-07 13:36:53 - [TEST_STEP][PASSED] - delay(1, OPTIONAL): Delayed 1 second(s)

2019-06-07 13:36:54 - [MESSAGE][PASSED] - Delayed 1 second(s)

2019-06-07 13:36:54 - [TEST_STEP][PASSED] - click(findTestObject("OCS-DESKTOP/FAQ page/Learn about OCS")): Object: 'Object Repository/OCS-DESKTOP/FAQ page/Learn about OCS' is clicked on

2019-06-07 13:36:57 - [MESSAGE][PASSED] - Object: 'Object Repository/OCS-DESKTOP/FAQ page/Learn about OCS' is clicked on

2019-06-07 13:36:57 - [TEST_STEP][PASSED] - back(): Navigate back successfully

2019-06-07 13:36:59 - [MESSAGE][PASSED] - Navigate back successfully

2019-06-07 13:36:59 - [TEST_STEP][PASSED] - delay(1, OPTIONAL): Delayed 1 second(s)

2019-06-07 13:37:00 - [MESSAGE][PASSED] - Delayed 1 second(s)

2019-06-07 13:37:00 - [TEST_STEP][PASSED] - executeJavaScript("var previewBar = document.getElementById("preview-bar-iframe"); previewBar.style.display = "none";", []): Execute JavaScript 'var previewBar = document.getElementById("preview-bar-iframe"); previewBar.style.display = "none";' successfully

2019-06-07 13:37:00 - [MESSAGE][PASSED] - Execute JavaScript 'var previewBar = document.getElementById("preview-bar-iframe"); previewBar.style.display = "none";' successfully

2019-06-07 13:37:00 - [TEST_STEP][FAILED] - click(findTestObject("OCS-DESKTOP/FAQ page/Choose cannabis products")): click(findTestObject("OCS-DESKTOP/FAQ page/Choose cannabis products")) FAILED.
Reason:
com.kms.katalon.core.exception.StepFailedException: Unable to click on object 'Object Repository/OCS-DESKTOP/FAQ page/Choose cannabis products' (Root cause: com.kms.katalon.core.webui.exception.WebElementNotFoundException: Web element with id: 'Object Repository/OCS-DESKTOP/FAQ page/Choose cannabis products' located by 'By.xpath: /html/body/div/div[3]/div[2]/section/div/div/article[2]/a' not found)
	at com.kms.katalon.core.keyword.internal.KeywordMain.stepFailed(KeywordMain.groovy:36)
	at com.kms.katalon.core.webui.keyword.internal.WebUIKeywordMain.stepFailed(WebUIKeywordMain.groovy:65)
	at com.kms.katalon.core.webui.keyword.internal.WebUIKeywordMain.runKeyword(WebUIKeywordMain.groovy:27)
	at com.kms.katalon.core.webui.keyword.builtin.ClickKeyword.click(ClickKeyword.groovy:86)
	at com.kms.katalon.core.webui.keyword.builtin.ClickKeyword.execute(ClickKeyword.groovy:67)
	at com.kms.katalon.core.keyword.internal.KeywordExecutor.executeKeywordForPlatform(KeywordExecutor.groovy:53)
	at com.kms.katalon.core.webui.keyword.WebUiBuiltInKeywords.click(WebUiBuiltInKeywords.groovy:616)
	at com.kms.katalon.core.webui.keyword.WebUiBuiltInKeywords$click$4.call(Unknown Source)
	at HP -Burger menu-FAQ.run(HP -Burger menu-FAQ:97)
	at com.kms.katalon.core.main.ScriptEngine.run(ScriptEngine.java:194)
	at com.kms.katalon.core.main.ScriptEngine.runScriptAsRawText(ScriptEngine.java:119)
	at com.kms.katalon.core.main.TestCaseExecutor.runScript(TestCaseExecutor.java:328)
	at com.kms.katalon.core.main.TestCaseExecutor.doExecute(TestCaseExecutor.java:319)
	at com.kms.katalon.core.main.TestCaseExecutor.processExecutionPhase(TestCaseExecutor.java:298)
	at com.kms.katalon.core.main.TestCaseExecutor.accessMainPhase(TestCaseExecutor.java:290)
	at com.kms.katalon.core.main.TestCaseExecutor.execute(TestCaseExecutor.java:224)
	at com.kms.katalon.core.main.TestSuiteExecutor.accessTestCaseMainPhase(TestSuiteExecutor.java:129)
	at com.kms.katalon.core.main.TestSuiteExecutor.accessTestSuiteMainPhase(TestSuiteExecutor.java:112)
	at com.kms.katalon.core.main.TestSuiteExecutor.execute(TestSuiteExecutor.java:81)
	at com.kms.katalon.core.main.TestCaseMain.startTestSuite(TestCaseMain.java:149)
	at com.kms.katalon.core.main.TestCaseMain$startTestSuite$0.call(Unknown Source)
	at TempTestSuite1559927775427.run(TempTestSuite1559927775427.groovy:36)


2019-06-07 13:37:30 - [MESSAGE][INFO] - Unable to find the element located by 'By.xpath: /html/body/div/div[3]/div[2]/section/div/div/article[2]/a'. Please recheck the objects properties to make sure the desired element is located. 

2019-06-07 13:37:31 - [MESSAGE][FAILED] - Unable to click on object 'Object Repository/OCS-DESKTOP/FAQ page/Choose cannabis products' (Root cause: com.kms.katalon.core.webui.exception.WebElementNotFoundException: Web element with id: 'Object Repository/OCS-DESKTOP/FAQ page/Choose cannabis products' located by 'By.xpath: /html/body/div/div[3]/div[2]/section/div/div/article[2]/a' not found)
[[ATTACHMENT|/Users/sumankompelly/Relative xpath-Desktop/Reports/OCS- 1.9.2.1/20190607_131615/1559929050758.png]]

2019-06-07 13:37:31 - [MESSAGE][FAILED] - click(findTestObject("OCS-DESKTOP/FAQ page/Choose cannabis products")) FAILED.
Reason:
com.kms.katalon.core.exception.StepFailedException: Unable to click on object 'Object Repository/OCS-DESKTOP/FAQ page/Choose cannabis products' (Root cause: com.kms.katalon.core.webui.exception.WebElementNotFoundException: Web element with id: 'Object Repository/OCS-DESKTOP/FAQ page/Choose cannabis products' located by 'By.xpath: /html/body/div/div[3]/div[2]/section/div/div/article[2]/a' not found)
	at com.kms.katalon.core.keyword.internal.KeywordMain.stepFailed(KeywordMain.groovy:36)
	at com.kms.katalon.core.webui.keyword.internal.WebUIKeywordMain.stepFailed(WebUIKeywordMain.groovy:65)
	at com.kms.katalon.core.webui.keyword.internal.WebUIKeywordMain.runKeyword(WebUIKeywordMain.groovy:27)
	at com.kms.katalon.core.webui.keyword.builtin.ClickKeyword.click(ClickKeyword.groovy:86)
	at com.kms.katalon.core.webui.keyword.builtin.ClickKeyword.execute(ClickKeyword.groovy:67)
	at com.kms.katalon.core.keyword.internal.KeywordExecutor.executeKeywordForPlatform(KeywordExecutor.groovy:53)
	at com.kms.katalon.core.webui.keyword.WebUiBuiltInKeywords.click(WebUiBuiltInKeywords.groovy:616)
	at com.kms.katalon.core.webui.keyword.WebUiBuiltInKeywords$click$4.call(Unknown Source)
	at HP -Burger menu-FAQ.run(HP -Burger menu-FAQ:97)
	at com.kms.katalon.core.main.ScriptEngine.run(ScriptEngine.java:194)
	at com.kms.katalon.core.main.ScriptEngine.runScriptAsRawText(ScriptEngine.java:119)
	at com.kms.katalon.core.main.TestCaseExecutor.runScript(TestCaseExecutor.java:328)
	at com.kms.katalon.core.main.TestCaseExecutor.doExecute(TestCaseExecutor.java:319)
	at com.kms.katalon.core.main.TestCaseExecutor.processExecutionPhase(TestCaseExecutor.java:298)
	at com.kms.katalon.core.main.TestCaseExecutor.accessMainPhase(TestCaseExecutor.java:290)
	at com.kms.katalon.core.main.TestCaseExecutor.execute(TestCaseExecutor.java:224)
	at com.kms.katalon.core.main.TestSuiteExecutor.accessTestCaseMainPhase(TestSuiteExecutor.java:129)
	at com.kms.katalon.core.main.TestSuiteExecutor.accessTestSuiteMainPhase(TestSuiteExecutor.java:112)
	at com.kms.katalon.core.main.TestSuiteExecutor.execute(TestSuiteExecutor.java:81)
	at com.kms.katalon.core.main.TestCaseMain.startTestSuite(TestCaseMain.java:149)
	at com.kms.katalon.core.main.TestCaseMain$startTestSuite$0.call(Unknown Source)
	at TempTestSuite1559927775427.run(TempTestSuite1559927775427.groovy:36)]]></system-out>
         <system-err><![CDATA[2019-06-07 13:36:10 - [TEST_CASE][FAILED] - Test Cases/OCS - DESKTOP/OCS- HOME PAGE/HP -Burger menu-FAQ: Test Cases/OCS - DESKTOP/OCS- HOME PAGE/HP -Burger menu-FAQ FAILED.
Reason:
com.kms.katalon.core.exception.StepFailedException: Unable to click on object 'Object Repository/OCS-DESKTOP/FAQ page/Choose cannabis products' (Root cause: com.kms.katalon.core.webui.exception.WebElementNotFoundException: Web element with id: 'Object Repository/OCS-DESKTOP/FAQ page/Choose cannabis products' located by 'By.xpath: /html/body/div/div[3]/div[2]/section/div/div/article[2]/a' not found)
	at com.kms.katalon.core.keyword.internal.KeywordMain.stepFailed(KeywordMain.groovy:36)
	at com.kms.katalon.core.webui.keyword.internal.WebUIKeywordMain.stepFailed(WebUIKeywordMain.groovy:65)
	at com.kms.katalon.core.webui.keyword.internal.WebUIKeywordMain.runKeyword(WebUIKeywordMain.groovy:27)
	at com.kms.katalon.core.webui.keyword.builtin.ClickKeyword.click(ClickKeyword.groovy:86)
	at com.kms.katalon.core.webui.keyword.builtin.ClickKeyword.execute(ClickKeyword.groovy:67)
	at com.kms.katalon.core.keyword.internal.KeywordExecutor.executeKeywordForPlatform(KeywordExecutor.groovy:53)
	at com.kms.katalon.core.webui.keyword.WebUiBuiltInKeywords.click(WebUiBuiltInKeywords.groovy:616)
	at com.kms.katalon.core.webui.keyword.WebUiBuiltInKeywords$click$4.call(Unknown Source)
	at HP -Burger menu-FAQ.run(HP -Burger menu-FAQ:97)
	at com.kms.katalon.core.main.ScriptEngine.run(ScriptEngine.java:194)
	at com.kms.katalon.core.main.ScriptEngine.runScriptAsRawText(ScriptEngine.java:119)
	at com.kms.katalon.core.main.TestCaseExecutor.runScript(TestCaseExecutor.java:328)
	at com.kms.katalon.core.main.TestCaseExecutor.doExecute(TestCaseExecutor.java:319)
	at com.kms.katalon.core.main.TestCaseExecutor.processExecutionPhase(TestCaseExecutor.java:298)
	at com.kms.katalon.core.main.TestCaseExecutor.accessMainPhase(TestCaseExecutor.java:290)
	at com.kms.katalon.core.main.TestCaseExecutor.execute(TestCaseExecutor.java:224)
	at com.kms.katalon.core.main.TestSuiteExecutor.accessTestCaseMainPhase(TestSuiteExecutor.java:129)
	at com.kms.katalon.core.main.TestSuiteExecutor.accessTestSuiteMainPhase(TestSuiteExecutor.java:112)
	at com.kms.katalon.core.main.TestSuiteExecutor.execute(TestSuiteExecutor.java:81)
	at com.kms.katalon.core.main.TestCaseMain.startTestSuite(TestCaseMain.java:149)
	at com.kms.katalon.core.main.TestCaseMain$startTestSuite$0.call(Unknown Source)
	at TempTestSuite1559927775427.run(TempTestSuite1559927775427.groovy:36)]]></system-err>
      </testcase>
      <testcase name="Test Cases/OCS - DESKTOP/OCS- HOME PAGE/HP- Burger menu- Learn" classname="Test Cases/OCS - DESKTOP/OCS- HOME PAGE/HP- Burger menu- Learn" status="FAILED">
         <failure type="FAILED" message="Test Cases/OCS - DESKTOP/OCS- HOME PAGE/HP- Burger menu- Learn FAILED.
Reason:
com.kms.katalon.core.exception.StepFailedException: Unable to click on object 'Object Repository/OCS-DESKTOP/LEARN page/Read More -4' (Root cause: com.kms.katalon.core.webui.exception.WebElementNotFoundException: Web element with id: 'Object Repository/OCS-DESKTOP/LEARN page/Read More -4' located by 'By.xpath: //body[@class='header--sticky']/header[@class='nav']/div[@id='shopify-section-en-header']/div[@class='header']/div[contains(@class,'menu-bar')]/div[@class='menu-bar__content']/div[@class='menu-bar__left-wrapper']/div[@class='mega-menu js-mega-menu']/nav[@class='menu js-menu']/ul[@class='menu__list unstyled']/li[@class='menu__tier-one js-menu__tier-one has-tier-two-open']/div[@class='menu__tier-two js-menu__tier-two menu__tier-two--with-footer']/div[@class='menu__tier-two__content-container clearfix']/ul[@class='unstyled menu__tier-two__menu-primary is-bigger']/li[4]/div[1]/div[1]/a[1]' not found)
	at com.kms.katalon.core.keyword.internal.KeywordMain.stepFailed(KeywordMain.groovy:32)
	at com.kms.katalon.core.webui.keyword.internal.WebUIKeywordMain.stepFailed(WebUIKeywordMain.groovy:65)
	at com.kms.katalon.core.webui.keyword.internal.WebUIKeywordMain.runKeyword(WebUIKeywordMain.groovy:27)
	at com.kms.katalon.core.webui.keyword.builtin.ClickKeyword.click(ClickKeyword.groovy:86)
	at com.kms.katalon.core.webui.keyword.builtin.ClickKeyword.execute(ClickKeyword.groovy:67)
	at com.kms.katalon.core.keyword.internal.KeywordExecutor.executeKeywordForPlatform(KeywordExecutor.groovy:53)
	at com.kms.katalon.core.webui.keyword.WebUiBuiltInKeywords.click(WebUiBuiltInKeywords.groovy:604)
	at com.kms.katalon.core.webui.keyword.WebUiBuiltInKeywords$click$13.call(Unknown Source)
	at HP- Burger menu- Learn.run(HP- Burger menu- Learn:211)
	at com.kms.katalon.core.main.ScriptEngine.run(ScriptEngine.java:194)
	at com.kms.katalon.core.main.ScriptEngine.runScriptAsRawText(ScriptEngine.java:119)
	at com.kms.katalon.core.main.TestCaseExecutor.runScript(TestCaseExecutor.java:328)
	at com.kms.katalon.core.main.TestCaseExecutor.doExecute(TestCaseExecutor.java:319)
	at com.kms.katalon.core.main.TestCaseExecutor.processExecutionPhase(TestCaseExecutor.java:298)
	at com.kms.katalon.core.main.TestCaseExecutor.accessMainPhase(TestCaseExecutor.java:290)
	at com.kms.katalon.core.main.TestCaseExecutor.execute(TestCaseExecutor.java:224)
	at com.kms.katalon.core.main.TestSuiteExecutor.accessTestCaseMainPhase(TestSuiteExecutor.java:129)
	at com.kms.katalon.core.main.TestSuiteExecutor.accessTestSuiteMainPhase(TestSuiteExecutor.java:112)
	at com.kms.katalon.core.main.TestSuiteExecutor.execute(TestSuiteExecutor.java:81)
	at com.kms.katalon.core.main.TestCaseMain.startTestSuite(TestCaseMain.java:149)
	at com.kms.katalon.core.main.TestCaseMain$startTestSuite$0.call(Unknown Source)
	at TempTestSuite1559927775427.run(TempTestSuite1559927775427.groovy:36)
"/>
         <system-out><![CDATA[2019-06-07 13:37:31 - [TEST_CASE][FAILED] - Test Cases/OCS - DESKTOP/OCS- HOME PAGE/HP- Burger menu- Learn: Test Cases/OCS - DESKTOP/OCS- HOME PAGE/HP- Burger menu- Learn FAILED.
Reason:
com.kms.katalon.core.exception.StepFailedException: Unable to click on object 'Object Repository/OCS-DESKTOP/LEARN page/Read More -4' (Root cause: com.kms.katalon.core.webui.exception.WebElementNotFoundException: Web element with id: 'Object Repository/OCS-DESKTOP/LEARN page/Read More -4' located by 'By.xpath: //body[@class='header--sticky']/header[@class='nav']/div[@id='shopify-section-en-header']/div[@class='header']/div[contains(@class,'menu-bar')]/div[@class='menu-bar__content']/div[@class='menu-bar__left-wrapper']/div[@class='mega-menu js-mega-menu']/nav[@class='menu js-menu']/ul[@class='menu__list unstyled']/li[@class='menu__tier-one js-menu__tier-one has-tier-two-open']/div[@class='menu__tier-two js-menu__tier-two menu__tier-two--with-footer']/div[@class='menu__tier-two__content-container clearfix']/ul[@class='unstyled menu__tier-two__menu-primary is-bigger']/li[4]/div[1]/div[1]/a[1]' not found)
	at com.kms.katalon.core.keyword.internal.KeywordMain.stepFailed(KeywordMain.groovy:32)
	at com.kms.katalon.core.webui.keyword.internal.WebUIKeywordMain.stepFailed(WebUIKeywordMain.groovy:65)
	at com.kms.katalon.core.webui.keyword.internal.WebUIKeywordMain.runKeyword(WebUIKeywordMain.groovy:27)
	at com.kms.katalon.core.webui.keyword.builtin.ClickKeyword.click(ClickKeyword.groovy:86)
	at com.kms.katalon.core.webui.keyword.builtin.ClickKeyword.execute(ClickKeyword.groovy:67)
	at com.kms.katalon.core.keyword.internal.KeywordExecutor.executeKeywordForPlatform(KeywordExecutor.groovy:53)
	at com.kms.katalon.core.webui.keyword.WebUiBuiltInKeywords.click(WebUiBuiltInKeywords.groovy:604)
	at com.kms.katalon.core.webui.keyword.WebUiBuiltInKeywords$click$13.call(Unknown Source)
	at HP- Burger menu- Learn.run(HP- Burger menu- Learn:211)
	at com.kms.katalon.core.main.ScriptEngine.run(ScriptEngine.java:194)
	at com.kms.katalon.core.main.ScriptEngine.runScriptAsRawText(ScriptEngine.java:119)
	at com.kms.katalon.core.main.TestCaseExecutor.runScript(TestCaseExecutor.java:328)
	at com.kms.katalon.core.main.TestCaseExecutor.doExecute(TestCaseExecutor.java:319)
	at com.kms.katalon.core.main.TestCaseExecutor.processExecutionPhase(TestCaseExecutor.java:298)
	at com.kms.katalon.core.main.TestCaseExecutor.accessMainPhase(TestCaseExecutor.java:290)
	at com.kms.katalon.core.main.TestCaseExecutor.execute(TestCaseExecutor.java:224)
	at com.kms.katalon.core.main.TestSuiteExecutor.accessTestCaseMainPhase(TestSuiteExecutor.java:129)
	at com.kms.katalon.core.main.TestSuiteExecutor.accessTestSuiteMainPhase(TestSuiteExecutor.java:112)
	at com.kms.katalon.core.main.TestSuiteExecutor.execute(TestSuiteExecutor.java:81)
	at com.kms.katalon.core.main.TestCaseMain.startTestSuite(TestCaseMain.java:149)
	at com.kms.katalon.core.main.TestCaseMain$startTestSuite$0.call(Unknown Source)
	at TempTestSuite1559927775427.run(TempTestSuite1559927775427.groovy:36)


2019-06-07 13:37:31 - [TEST_STEP][PASSED] - callTestCase(findTestCase("OCS - DESKTOP/CALL- Age gate"), [:], STOP_ON_FAILURE): Call Test Case 'Test Cases/OCS - DESKTOP/CALL- Age gate' successfully

2019-06-07 13:37:31 - [TEST_CASE][PASSED] - Test Cases/OCS - DESKTOP/CALL- Age gate: Test Cases/OCS - DESKTOP/CALL- Age gate

2019-06-07 13:37:31 - [TEST_STEP][PASSED] - openBrowser(""): Browser is opened with url: ''

2019-06-07 13:37:31 - [MESSAGE][WARNING] - A browser is already opened. Closing browser and opening a new one

2019-06-07 13:37:31 - [MESSAGE][INFO] - Starting 'Chrome' driver

2019-06-07 13:37:32 - [MESSAGE][PASSED] - Browser is opened with url: ''

2019-06-07 13:37:32 - [TEST_STEP][PASSED] - navigateToUrl("https://ocs.ca/?fts=0&preview_theme_id=72920074060"): Navigate to 'https://ocs.ca/?fts=0&preview_theme_id=72920074060' successfully

2019-06-07 13:37:36 - [MESSAGE][PASSED] - Navigate to 'https://ocs.ca/?fts=0&preview_theme_id=72920074060' successfully

2019-06-07 13:37:36 - [TEST_STEP][PASSED] - maximizeWindow(): Current window maximized

2019-06-07 13:37:36 - [MESSAGE][PASSED] - Current window maximized

2019-06-07 13:37:36 - [TEST_STEP][PASSED] - delay(2): Delayed 2 second(s)

2019-06-07 13:37:38 - [MESSAGE][PASSED] - Delayed 2 second(s)

2019-06-07 13:37:38 - [TEST_STEP][PASSED] - executeJavaScript("var previewBar = document.getElementById("preview-bar-iframe"); previewBar.style.display = "none";", []): Execute JavaScript 'var previewBar = document.getElementById("preview-bar-iframe"); previewBar.style.display = "none";' successfully

2019-06-07 13:37:38 - [MESSAGE][PASSED] - Execute JavaScript 'var previewBar = document.getElementById("preview-bar-iframe"); previewBar.style.display = "none";' successfully

2019-06-07 13:37:38 - [TEST_STEP][PASSED] - selectOptionByValue(findTestObject("OCS-DESKTOP/Age gate and Mega menu/Date"), "12", true): All options with value '12' are selected in object 'Object Repository/OCS-DESKTOP/Age gate and Mega menu/Date'  using regular expression

2019-06-07 13:37:39 - [MESSAGE][PASSED] - All options with value '12' are selected in object 'Object Repository/OCS-DESKTOP/Age gate and Mega menu/Date'  using regular expression

2019-06-07 13:37:39 - [TEST_STEP][PASSED] - selectOptionByValue(findTestObject("OCS-DESKTOP/Age gate and Mega menu/month"), "6", true): All options with value '6' are selected in object 'Object Repository/OCS-DESKTOP/Age gate and Mega menu/month'  using regular expression

2019-06-07 13:37:39 - [MESSAGE][PASSED] - All options with value '6' are selected in object 'Object Repository/OCS-DESKTOP/Age gate and Mega menu/month'  using regular expression

2019-06-07 13:37:39 - [TEST_STEP][PASSED] - delay(2): Delayed 2 second(s)

2019-06-07 13:37:41 - [MESSAGE][PASSED] - Delayed 2 second(s)

2019-06-07 13:37:41 - [TEST_STEP][PASSED] - selectOptionByValue(findTestObject("OCS-DESKTOP/Age gate and Mega menu/Year Dropdown"), "1990", true): All options with value '1990' are selected in object 'Object Repository/OCS-DESKTOP/Age gate and Mega menu/Year Dropdown'  using regular expression

2019-06-07 13:37:42 - [MESSAGE][PASSED] - All options with value '1990' are selected in object 'Object Repository/OCS-DESKTOP/Age gate and Mega menu/Year Dropdown'  using regular expression

2019-06-07 13:37:42 - [TEST_STEP][PASSED] - click(findTestObject("OCS-DESKTOP/Age gate and Mega menu/button_Verify")): Object: 'Object Repository/OCS-DESKTOP/Age gate and Mega menu/button_Verify' is clicked on

2019-06-07 13:37:42 - [MESSAGE][PASSED] - Object: 'Object Repository/OCS-DESKTOP/Age gate and Mega menu/button_Verify' is clicked on

2019-06-07 13:37:42 - [TEST_STEP][PASSED] - click(findTestObject("OCS-DESKTOP/Age gate and Mega menu/Checkbox_CONFIRM AND ACKNOWLEDGE")): Object: 'Object Repository/OCS-DESKTOP/Age gate and Mega menu/Checkbox_CONFIRM AND ACKNOWLEDGE' is clicked on

2019-06-07 13:37:42 - [MESSAGE][PASSED] - Object: 'Object Repository/OCS-DESKTOP/Age gate and Mega menu/Checkbox_CONFIRM AND ACKNOWLEDGE' is clicked on

2019-06-07 13:37:42 - [TEST_STEP][PASSED] - click(findTestObject("OCS-DESKTOP/Age gate and Mega menu/button_CONFIRM")): Object: 'Object Repository/OCS-DESKTOP/Age gate and Mega menu/button_CONFIRM' is clicked on

2019-06-07 13:37:42 - [MESSAGE][PASSED] - Object: 'Object Repository/OCS-DESKTOP/Age gate and Mega menu/button_CONFIRM' is clicked on

2019-06-07 13:37:42 - [TEST_STEP][PASSED] - click(findTestObject("OCS-DESKTOP/Age gate and Mega menu/button_Start Browsing")): Object: 'Object Repository/OCS-DESKTOP/Age gate and Mega menu/button_Start Browsing' is clicked on

2019-06-07 13:37:42 - [MESSAGE][PASSED] - Object: 'Object Repository/OCS-DESKTOP/Age gate and Mega menu/button_Start Browsing' is clicked on

2019-06-07 13:37:42 - [TEST_STEP][PASSED] - delay(2): Delayed 2 second(s)

2019-06-07 13:37:44 - [MESSAGE][PASSED] - Delayed 2 second(s)

2019-06-07 13:37:44 - [TEST_STEP][PASSED] - refresh(): Refresh successfully

2019-06-07 13:37:44 - [MESSAGE][PASSED] - Refresh successfully

2019-06-07 13:37:44 - [MESSAGE][PASSED] - Call Test Case 'Test Cases/OCS - DESKTOP/CALL- Age gate' successfully

2019-06-07 13:37:44 - [TEST_STEP][PASSED] - delay(2, CONTINUE_ON_FAILURE): Delayed 2 second(s)

2019-06-07 13:37:46 - [MESSAGE][PASSED] - Delayed 2 second(s)

2019-06-07 13:37:46 - [TEST_STEP][PASSED] - click(findTestObject("OCS-DESKTOP/Age gate and Mega menu/Header/LEARN menu - En")): Object: 'Object Repository/OCS-DESKTOP/Age gate and Mega menu/Header/LEARN menu - En' is clicked on

2019-06-07 13:37:47 - [MESSAGE][PASSED] - Object: 'Object Repository/OCS-DESKTOP/Age gate and Mega menu/Header/LEARN menu - En' is clicked on

2019-06-07 13:37:47 - [TEST_STEP][PASSED] - delay(2): Delayed 2 second(s)

2019-06-07 13:37:49 - [MESSAGE][PASSED] - Delayed 2 second(s)

2019-06-07 13:37:49 - [TEST_STEP][PASSED] - click(findTestObject("OCS-DESKTOP/LEARN page/How cannabis works")): Object: 'Object Repository/OCS-DESKTOP/LEARN page/How cannabis works' is clicked on

2019-06-07 13:37:53 - [MESSAGE][PASSED] - Object: 'Object Repository/OCS-DESKTOP/LEARN page/How cannabis works' is clicked on

2019-06-07 13:37:53 - [TEST_STEP][PASSED] - delay(2, CONTINUE_ON_FAILURE): Delayed 2 second(s)

2019-06-07 13:37:55 - [MESSAGE][PASSED] - Delayed 2 second(s)

2019-06-07 13:37:55 - [TEST_STEP][PASSED] - click(findTestObject("OCS-DESKTOP/Age gate and Mega menu/Header/LEARN menu - En")): Object: 'Object Repository/OCS-DESKTOP/Age gate and Mega menu/Header/LEARN menu - En' is clicked on

2019-06-07 13:37:55 - [MESSAGE][PASSED] - Object: 'Object Repository/OCS-DESKTOP/Age gate and Mega menu/Header/LEARN menu - En' is clicked on

2019-06-07 13:37:55 - [TEST_STEP][PASSED] - delay(2, CONTINUE_ON_FAILURE): Delayed 2 second(s)

2019-06-07 13:37:57 - [MESSAGE][PASSED] - Delayed 2 second(s)

2019-06-07 13:37:57 - [TEST_STEP][PASSED] - click(findTestObject("OCS-DESKTOP/LEARN page/The Effects of Cannabis")): Object: 'Object Repository/OCS-DESKTOP/LEARN page/The Effects of Cannabis' is clicked on

2019-06-07 13:38:00 - [MESSAGE][PASSED] - Object: 'Object Repository/OCS-DESKTOP/LEARN page/The Effects of Cannabis' is clicked on

2019-06-07 13:38:00 - [TEST_STEP][PASSED] - verifyTextPresent("The Effects of Cannabis", true): Text 'The Effects of Cannabis' is present on page  using regular expression

2019-06-07 13:38:00 - [MESSAGE][PASSED] - Text 'The Effects of Cannabis' is present on page  using regular expression

2019-06-07 13:38:00 - [TEST_STEP][PASSED] - delay(2): Delayed 2 second(s)

2019-06-07 13:38:02 - [MESSAGE][PASSED] - Delayed 2 second(s)

2019-06-07 13:38:02 - [TEST_STEP][PASSED] - click(findTestObject("OCS-DESKTOP/Age gate and Mega menu/Header/LEARN menu - En"), CONTINUE_ON_FAILURE): Object: 'Object Repository/OCS-DESKTOP/Age gate and Mega menu/Header/LEARN menu - En' is clicked on

2019-06-07 13:38:02 - [MESSAGE][PASSED] - Object: 'Object Repository/OCS-DESKTOP/Age gate and Mega menu/Header/LEARN menu - En' is clicked on

2019-06-07 13:38:02 - [TEST_STEP][PASSED] - delay(2, CONTINUE_ON_FAILURE): Delayed 2 second(s)

2019-06-07 13:38:04 - [MESSAGE][PASSED] - Delayed 2 second(s)

2019-06-07 13:38:04 - [TEST_STEP][PASSED] - click(findTestObject("OCS-DESKTOP/LEARN page/Endocannabinoids chevron")): Object: 'Object Repository/OCS-DESKTOP/LEARN page/Endocannabinoids chevron' is clicked on

2019-06-07 13:38:06 - [MESSAGE][PASSED] - Object: 'Object Repository/OCS-DESKTOP/LEARN page/Endocannabinoids chevron' is clicked on

2019-06-07 13:38:06 - [TEST_STEP][PASSED] - verifyTextPresent("The Endocannabinoid System", true): Text 'The Endocannabinoid System' is present on page  using regular expression

2019-06-07 13:38:06 - [MESSAGE][PASSED] - Text 'The Endocannabinoid System' is present on page  using regular expression

2019-06-07 13:38:06 - [TEST_STEP][PASSED] - delay(2): Delayed 2 second(s)

2019-06-07 13:38:08 - [MESSAGE][PASSED] - Delayed 2 second(s)

2019-06-07 13:38:08 - [TEST_STEP][PASSED] - click(findTestObject("OCS-DESKTOP/Age gate and Mega menu/Header/LEARN menu - En"), CONTINUE_ON_FAILURE): Object: 'Object Repository/OCS-DESKTOP/Age gate and Mega menu/Header/LEARN menu - En' is clicked on

2019-06-07 13:38:08 - [MESSAGE][PASSED] - Object: 'Object Repository/OCS-DESKTOP/Age gate and Mega menu/Header/LEARN menu - En' is clicked on

2019-06-07 13:38:08 - [TEST_STEP][PASSED] - delay(2, CONTINUE_ON_FAILURE): Delayed 2 second(s)

2019-06-07 13:38:10 - [MESSAGE][PASSED] - Delayed 2 second(s)

2019-06-07 13:38:10 - [TEST_STEP][PASSED] - click(findTestObject("OCS-DESKTOP/LEARN page/Read More -1")): Object: 'Object Repository/OCS-DESKTOP/LEARN page/Read More -1' is clicked on

2019-06-07 13:38:13 - [MESSAGE][PASSED] - Object: 'Object Repository/OCS-DESKTOP/LEARN page/Read More -1' is clicked on

2019-06-07 13:38:13 - [TEST_STEP][PASSED] - verifyTextPresent("The human reaction to cannabis.", false): Text 'The human reaction to cannabis.' is present on page 

2019-06-07 13:38:13 - [MESSAGE][PASSED] - Text 'The human reaction to cannabis.' is present on page 

2019-06-07 13:38:13 - [TEST_STEP][PASSED] - delay(2): Delayed 2 second(s)

2019-06-07 13:38:15 - [MESSAGE][PASSED] - Delayed 2 second(s)

2019-06-07 13:38:15 - [TEST_STEP][PASSED] - click(findTestObject("OCS-DESKTOP/Age gate and Mega menu/Header/LEARN menu - En"), CONTINUE_ON_FAILURE): Object: 'Object Repository/OCS-DESKTOP/Age gate and Mega menu/Header/LEARN menu - En' is clicked on

2019-06-07 13:38:15 - [MESSAGE][PASSED] - Object: 'Object Repository/OCS-DESKTOP/Age gate and Mega menu/Header/LEARN menu - En' is clicked on

2019-06-07 13:38:15 - [TEST_STEP][PASSED] - delay(2): Delayed 2 second(s)

2019-06-07 13:38:17 - [MESSAGE][PASSED] - Delayed 2 second(s)

2019-06-07 13:38:17 - [TEST_STEP][PASSED] - click(findTestObject("OCS-DESKTOP/LEARN page/Cannabis anatomy")): Object: 'Object Repository/OCS-DESKTOP/LEARN page/Cannabis anatomy' is clicked on

2019-06-07 13:38:20 - [MESSAGE][PASSED] - Object: 'Object Repository/OCS-DESKTOP/LEARN page/Cannabis anatomy' is clicked on

2019-06-07 13:38:20 - [TEST_STEP][PASSED] - delay(2): Delayed 2 second(s)

2019-06-07 13:38:22 - [MESSAGE][PASSED] - Delayed 2 second(s)

2019-06-07 13:38:22 - [TEST_STEP][PASSED] - click(findTestObject("OCS-DESKTOP/Age gate and Mega menu/Header/LEARN menu - En"), CONTINUE_ON_FAILURE): Object: 'Object Repository/OCS-DESKTOP/Age gate and Mega menu/Header/LEARN menu - En' is clicked on

2019-06-07 13:38:22 - [MESSAGE][PASSED] - Object: 'Object Repository/OCS-DESKTOP/Age gate and Mega menu/Header/LEARN menu - En' is clicked on

2019-06-07 13:38:22 - [TEST_STEP][PASSED] - delay(2): Delayed 2 second(s)

2019-06-07 13:38:24 - [MESSAGE][PASSED] - Delayed 2 second(s)

2019-06-07 13:38:24 - [TEST_STEP][PASSED] - click(findTestObject("OCS-DESKTOP/LEARN page/CBD")): Object: 'Object Repository/OCS-DESKTOP/LEARN page/CBD' is clicked on

2019-06-07 13:38:28 - [MESSAGE][PASSED] - Object: 'Object Repository/OCS-DESKTOP/LEARN page/CBD' is clicked on

2019-06-07 13:38:28 - [TEST_STEP][PASSED] - delay(2): Delayed 2 second(s)

2019-06-07 13:38:30 - [MESSAGE][PASSED] - Delayed 2 second(s)

2019-06-07 13:38:30 - [TEST_STEP][PASSED] - verifyTextPresent("CANNABIS ANATOMY", false, CONTINUE_ON_FAILURE): Text 'CANNABIS ANATOMY' is present on page 

2019-06-07 13:38:30 - [MESSAGE][PASSED] - Text 'CANNABIS ANATOMY' is present on page 

2019-06-07 13:38:30 - [TEST_STEP][PASSED] - delay(2): Delayed 2 second(s)

2019-06-07 13:38:32 - [MESSAGE][PASSED] - Delayed 2 second(s)

2019-06-07 13:38:32 - [TEST_STEP][PASSED] - click(findTestObject("OCS-DESKTOP/Age gate and Mega menu/Header/LEARN menu - En"), CONTINUE_ON_FAILURE): Object: 'Object Repository/OCS-DESKTOP/Age gate and Mega menu/Header/LEARN menu - En' is clicked on

2019-06-07 13:38:33 - [MESSAGE][PASSED] - Object: 'Object Repository/OCS-DESKTOP/Age gate and Mega menu/Header/LEARN menu - En' is clicked on

2019-06-07 13:38:33 - [TEST_STEP][PASSED] - delay(2, CONTINUE_ON_FAILURE): Delayed 2 second(s)

2019-06-07 13:38:35 - [MESSAGE][PASSED] - Delayed 2 second(s)

2019-06-07 13:38:35 - [TEST_STEP][PASSED] - click(findTestObject("OCS-DESKTOP/LEARN page/Terpenes")): Object: 'Object Repository/OCS-DESKTOP/LEARN page/Terpenes' is clicked on

2019-06-07 13:38:37 - [MESSAGE][PASSED] - Object: 'Object Repository/OCS-DESKTOP/LEARN page/Terpenes' is clicked on

2019-06-07 13:38:37 - [TEST_STEP][NOT_RUN] - click(findTestObject("Learn_spy/Page_Ontario Cannabis Store  Ontari/h3_Learn")): NOT_RUN: click(findTestObject("Learn_spy/Page_Ontario Cannabis Store  Ontari/h3_Learn"))

2019-06-07 13:38:37 - [MESSAGE][NOT_RUN] - NOT_RUN: click(findTestObject("Learn_spy/Page_Ontario Cannabis Store  Ontari/h3_Learn"))

2019-06-07 13:38:37 - [TEST_STEP][NOT_RUN] - click(findTestObject("Object Repository/Learn_OR/Page_The Effects of Cannabis  Ontar/a_Read More")): NOT_RUN: click(findTestObject("Object Repository/Learn_OR/Page_The Effects of Cannabis  Ontar/a_Read More"))

2019-06-07 13:38:37 - [MESSAGE][NOT_RUN] - NOT_RUN: click(findTestObject("Object Repository/Learn_OR/Page_The Effects of Cannabis  Ontar/a_Read More"))

2019-06-07 13:38:37 - [TEST_STEP][PASSED] - verifyTextPresent("Terpenes give cannabis strains their unique aromas.", true): Text 'Terpenes give cannabis strains their unique aromas.' is present on page  using regular expression

2019-06-07 13:38:37 - [MESSAGE][PASSED] - Text 'Terpenes give cannabis strains their unique aromas.' is present on page  using regular expression

2019-06-07 13:38:37 - [TEST_STEP][NOT_RUN] - click(findTestObject("Learn_spy/Page_Ontario Cannabis Store  Ontari/h3_Learn")): NOT_RUN: click(findTestObject("Learn_spy/Page_Ontario Cannabis Store  Ontari/h3_Learn"))

2019-06-07 13:38:37 - [MESSAGE][NOT_RUN] - NOT_RUN: click(findTestObject("Learn_spy/Page_Ontario Cannabis Store  Ontari/h3_Learn"))

2019-06-07 13:38:37 - [TEST_STEP][NOT_RUN] - click(findTestObject("Object Repository/Learn_OR/Page_How Cannabis Works  Ontario Ca/span_Cannabis Anatomy")): NOT_RUN: click(findTestObject("Object Repository/Learn_OR/Page_How Cannabis Works  Ontario Ca/span_Cannabis Anatomy"))

2019-06-07 13:38:37 - [MESSAGE][NOT_RUN] - NOT_RUN: click(findTestObject("Object Repository/Learn_OR/Page_How Cannabis Works  Ontario Ca/span_Cannabis Anatomy"))

2019-06-07 13:38:37 - [TEST_STEP][NOT_RUN] - click(findTestObject("Learn_spy/Page_Ontario Cannabis Store  Ontari/h3_Learn")): NOT_RUN: click(findTestObject("Learn_spy/Page_Ontario Cannabis Store  Ontari/h3_Learn"))

2019-06-07 13:38:37 - [MESSAGE][NOT_RUN] - NOT_RUN: click(findTestObject("Learn_spy/Page_Ontario Cannabis Store  Ontari/h3_Learn"))

2019-06-07 13:38:37 - [TEST_STEP][NOT_RUN] - verifyTextPresent("Terpenes give cannabis strains their unique aromas.", true): NOT_RUN: verifyTextPresent("Terpenes give cannabis strains their unique aromas.", true)

2019-06-07 13:38:37 - [MESSAGE][NOT_RUN] - NOT_RUN: verifyTextPresent("Terpenes give cannabis strains their unique aromas.", true)

2019-06-07 13:38:37 - [TEST_STEP][PASSED] - delay(2): Delayed 2 second(s)

2019-06-07 13:38:39 - [MESSAGE][PASSED] - Delayed 2 second(s)

2019-06-07 13:38:39 - [TEST_STEP][PASSED] - click(findTestObject("OCS-DESKTOP/Age gate and Mega menu/Header/LEARN menu - En"), CONTINUE_ON_FAILURE): Object: 'Object Repository/OCS-DESKTOP/Age gate and Mega menu/Header/LEARN menu - En' is clicked on

2019-06-07 13:38:39 - [MESSAGE][PASSED] - Object: 'Object Repository/OCS-DESKTOP/Age gate and Mega menu/Header/LEARN menu - En' is clicked on

2019-06-07 13:38:39 - [TEST_STEP][PASSED] - delay(1): Delayed 1 second(s)

2019-06-07 13:38:40 - [MESSAGE][PASSED] - Delayed 1 second(s)

2019-06-07 13:38:40 - [TEST_STEP][PASSED] - click(findTestObject("OCS-DESKTOP/LEARN page/THC")): Object: 'Object Repository/OCS-DESKTOP/LEARN page/THC' is clicked on

2019-06-07 13:38:43 - [MESSAGE][PASSED] - Object: 'Object Repository/OCS-DESKTOP/LEARN page/THC' is clicked on

2019-06-07 13:38:43 - [TEST_STEP][PASSED] - verifyTextPresent("THC is the component in cannabis that is primarily responsible for its intoxicating, psychoactive effects.", true): Text 'THC is the component in cannabis that is primarily responsible for its intoxicating, psychoactive effects.' is present on page  using regular expression

2019-06-07 13:38:43 - [MESSAGE][PASSED] - Text 'THC is the component in cannabis that is primarily responsible for its intoxicating, psychoactive effects.' is present on page  using regular expression

2019-06-07 13:38:43 - [TEST_STEP][PASSED] - delay(2): Delayed 2 second(s)

2019-06-07 13:38:45 - [MESSAGE][PASSED] - Delayed 2 second(s)

2019-06-07 13:38:45 - [TEST_STEP][PASSED] - click(findTestObject("OCS-DESKTOP/Age gate and Mega menu/Header/LEARN menu - En"), CONTINUE_ON_FAILURE): Object: 'Object Repository/OCS-DESKTOP/Age gate and Mega menu/Header/LEARN menu - En' is clicked on

2019-06-07 13:38:45 - [MESSAGE][PASSED] - Object: 'Object Repository/OCS-DESKTOP/Age gate and Mega menu/Header/LEARN menu - En' is clicked on

2019-06-07 13:38:45 - [TEST_STEP][PASSED] - delay(1): Delayed 1 second(s)

2019-06-07 13:38:46 - [MESSAGE][PASSED] - Delayed 1 second(s)

2019-06-07 13:38:46 - [TEST_STEP][PASSED] - click(findTestObject("OCS-DESKTOP/LEARN page/Read More -2"), STOP_ON_FAILURE): Object: 'Object Repository/OCS-DESKTOP/LEARN page/Read More -2' is clicked on

2019-06-07 13:38:49 - [MESSAGE][PASSED] - Object: 'Object Repository/OCS-DESKTOP/LEARN page/Read More -2' is clicked on

2019-06-07 13:38:49 - [TEST_STEP][PASSED] - delay(2, CONTINUE_ON_FAILURE): Delayed 2 second(s)

2019-06-07 13:38:51 - [MESSAGE][PASSED] - Delayed 2 second(s)

2019-06-07 13:38:51 - [TEST_STEP][PASSED] - verifyTextPresent("The components of a complex plant.", true): Text 'The components of a complex plant.' is present on page  using regular expression

2019-06-07 13:38:51 - [MESSAGE][PASSED] - Text 'The components of a complex plant.' is present on page  using regular expression

2019-06-07 13:38:51 - [TEST_STEP][PASSED] - delay(2): Delayed 2 second(s)

2019-06-07 13:38:53 - [MESSAGE][PASSED] - Delayed 2 second(s)

2019-06-07 13:38:53 - [TEST_STEP][PASSED] - click(findTestObject("OCS-DESKTOP/Age gate and Mega menu/Header/LEARN menu - En"), CONTINUE_ON_FAILURE): Object: 'Object Repository/OCS-DESKTOP/Age gate and Mega menu/Header/LEARN menu - En' is clicked on

2019-06-07 13:38:53 - [MESSAGE][PASSED] - Object: 'Object Repository/OCS-DESKTOP/Age gate and Mega menu/Header/LEARN menu - En' is clicked on

2019-06-07 13:38:53 - [TEST_STEP][PASSED] - delay(2): Delayed 2 second(s)

2019-06-07 13:38:55 - [MESSAGE][PASSED] - Delayed 2 second(s)

2019-06-07 13:38:55 - [TEST_STEP][PASSED] - click(findTestObject("OCS-DESKTOP/LEARN page/Cannabis Consumption")): Object: 'Object Repository/OCS-DESKTOP/LEARN page/Cannabis Consumption' is clicked on

2019-06-07 13:38:58 - [MESSAGE][PASSED] - Object: 'Object Repository/OCS-DESKTOP/LEARN page/Cannabis Consumption' is clicked on

2019-06-07 13:38:58 - [TEST_STEP][PASSED] - delay(1): Delayed 1 second(s)

2019-06-07 13:38:59 - [MESSAGE][PASSED] - Delayed 1 second(s)

2019-06-07 13:38:59 - [TEST_STEP][PASSED] - click(findTestObject("OCS-DESKTOP/Age gate and Mega menu/Header/LEARN menu - En"), CONTINUE_ON_FAILURE): Object: 'Object Repository/OCS-DESKTOP/Age gate and Mega menu/Header/LEARN menu - En' is clicked on

2019-06-07 13:38:59 - [MESSAGE][PASSED] - Object: 'Object Repository/OCS-DESKTOP/Age gate and Mega menu/Header/LEARN menu - En' is clicked on

2019-06-07 13:38:59 - [TEST_STEP][PASSED] - delay(1): Delayed 1 second(s)

2019-06-07 13:39:00 - [MESSAGE][PASSED] - Delayed 1 second(s)

2019-06-07 13:39:00 - [TEST_STEP][PASSED] - click(findTestObject("OCS-DESKTOP/LEARN page/Cooking with cannabis")): Object: 'Object Repository/OCS-DESKTOP/LEARN page/Cooking with cannabis' is clicked on

2019-06-07 13:39:03 - [MESSAGE][PASSED] - Object: 'Object Repository/OCS-DESKTOP/LEARN page/Cooking with cannabis' is clicked on

2019-06-07 13:39:03 - [TEST_STEP][PASSED] - verifyTextPresent("Cannabis-infused foods are becoming more common, and careful preparation is required to avoid overconsumption.", true): Text 'Cannabis-infused foods are becoming more common, and careful preparation is required to avoid overconsumption.' is present on page  using regular expression

2019-06-07 13:39:03 - [MESSAGE][PASSED] - Text 'Cannabis-infused foods are becoming more common, and careful preparation is required to avoid overconsumption.' is present on page  using regular expression

2019-06-07 13:39:03 - [TEST_STEP][PASSED] - delay(2): Delayed 2 second(s)

2019-06-07 13:39:05 - [MESSAGE][PASSED] - Delayed 2 second(s)

2019-06-07 13:39:05 - [TEST_STEP][PASSED] - click(findTestObject("OCS-DESKTOP/Age gate and Mega menu/Header/LEARN menu - En"), CONTINUE_ON_FAILURE): Object: 'Object Repository/OCS-DESKTOP/Age gate and Mega menu/Header/LEARN menu - En' is clicked on

2019-06-07 13:39:05 - [MESSAGE][PASSED] - Object: 'Object Repository/OCS-DESKTOP/Age gate and Mega menu/Header/LEARN menu - En' is clicked on

2019-06-07 13:39:05 - [TEST_STEP][PASSED] - delay(2, CONTINUE_ON_FAILURE): Delayed 2 second(s)

2019-06-07 13:39:07 - [MESSAGE][PASSED] - Delayed 2 second(s)

2019-06-07 13:39:07 - [TEST_STEP][PASSED] - click(findTestObject("OCS-DESKTOP/LEARN page/storing cannabis - chevron")): Object: 'Object Repository/OCS-DESKTOP/LEARN page/storing cannabis - chevron' is clicked on

2019-06-07 13:39:10 - [MESSAGE][PASSED] - Object: 'Object Repository/OCS-DESKTOP/LEARN page/storing cannabis - chevron' is clicked on

2019-06-07 13:39:10 - [TEST_STEP][PASSED] - verifyTextPresent("How to keep your family safe and your cannabis from spoiling.", true): Text 'How to keep your family safe and your cannabis from spoiling.' is present on page  using regular expression

2019-06-07 13:39:10 - [MESSAGE][PASSED] - Text 'How to keep your family safe and your cannabis from spoiling.' is present on page  using regular expression

2019-06-07 13:39:10 - [TEST_STEP][PASSED] - delay(2): Delayed 2 second(s)

2019-06-07 13:39:12 - [MESSAGE][PASSED] - Delayed 2 second(s)

2019-06-07 13:39:12 - [TEST_STEP][PASSED] - click(findTestObject("OCS-DESKTOP/Age gate and Mega menu/Header/LEARN menu - En"), CONTINUE_ON_FAILURE): Object: 'Object Repository/OCS-DESKTOP/Age gate and Mega menu/Header/LEARN menu - En' is clicked on

2019-06-07 13:39:12 - [MESSAGE][PASSED] - Object: 'Object Repository/OCS-DESKTOP/Age gate and Mega menu/Header/LEARN menu - En' is clicked on

2019-06-07 13:39:12 - [TEST_STEP][PASSED] - delay(2, CONTINUE_ON_FAILURE): Delayed 2 second(s)

2019-06-07 13:39:14 - [MESSAGE][PASSED] - Delayed 2 second(s)

2019-06-07 13:39:14 - [TEST_STEP][PASSED] - click(findTestObject("OCS-DESKTOP/LEARN page/Growing cannabis - chevron")): Object: 'Object Repository/OCS-DESKTOP/LEARN page/Growing cannabis - chevron' is clicked on

2019-06-07 13:39:17 - [MESSAGE][PASSED] - Object: 'Object Repository/OCS-DESKTOP/LEARN page/Growing cannabis - chevron' is clicked on

2019-06-07 13:39:17 - [TEST_STEP][PASSED] - verifyTextPresent("It is legal in Ontario to own and grow up to 4 cannabis plants in your own residential dwelling. Get beginner growing tips here.", true): Text 'It is legal in Ontario to own and grow up to 4 cannabis plants in your own residential dwelling. Get beginner growing tips here.' is present on page  using regular expression

2019-06-07 13:39:17 - [MESSAGE][PASSED] - Text 'It is legal in Ontario to own and grow up to 4 cannabis plants in your own residential dwelling. Get beginner growing tips here.' is present on page  using regular expression

2019-06-07 13:39:17 - [TEST_STEP][PASSED] - delay(2): Delayed 2 second(s)

2019-06-07 13:39:19 - [MESSAGE][PASSED] - Delayed 2 second(s)

2019-06-07 13:39:19 - [TEST_STEP][PASSED] - click(findTestObject("OCS-DESKTOP/Age gate and Mega menu/Header/LEARN menu - En"), CONTINUE_ON_FAILURE): Object: 'Object Repository/OCS-DESKTOP/Age gate and Mega menu/Header/LEARN menu - En' is clicked on

2019-06-07 13:39:19 - [MESSAGE][PASSED] - Object: 'Object Repository/OCS-DESKTOP/Age gate and Mega menu/Header/LEARN menu - En' is clicked on

2019-06-07 13:39:19 - [TEST_STEP][PASSED] - delay(2): Delayed 2 second(s)

2019-06-07 13:39:21 - [MESSAGE][PASSED] - Delayed 2 second(s)

2019-06-07 13:39:21 - [TEST_STEP][PASSED] - click(findTestObject("OCS-DESKTOP/LEARN page/Read More -3")): Object: 'Object Repository/OCS-DESKTOP/LEARN page/Read More -3' is clicked on

2019-06-07 13:39:24 - [MESSAGE][PASSED] - Object: 'Object Repository/OCS-DESKTOP/LEARN page/Read More -3' is clicked on

2019-06-07 13:39:24 - [TEST_STEP][PASSED] - delay(2): Delayed 2 second(s)

2019-06-07 13:39:26 - [MESSAGE][PASSED] - Delayed 2 second(s)

2019-06-07 13:39:26 - [TEST_STEP][PASSED] - click(findTestObject("OCS-DESKTOP/Age gate and Mega menu/Header/LEARN menu - En"), CONTINUE_ON_FAILURE): Object: 'Object Repository/OCS-DESKTOP/Age gate and Mega menu/Header/LEARN menu - En' is clicked on

2019-06-07 13:39:26 - [MESSAGE][PASSED] - Object: 'Object Repository/OCS-DESKTOP/Age gate and Mega menu/Header/LEARN menu - En' is clicked on

2019-06-07 13:39:26 - [TEST_STEP][PASSED] - delay(2, CONTINUE_ON_FAILURE): Delayed 2 second(s)

2019-06-07 13:39:28 - [MESSAGE][PASSED] - Delayed 2 second(s)

2019-06-07 13:39:28 - [TEST_STEP][PASSED] - click(findTestObject("OCS-DESKTOP/LEARN page/How to Choose Cannabis Products")): Object: 'Object Repository/OCS-DESKTOP/LEARN page/How to Choose Cannabis Products' is clicked on

2019-06-07 13:39:32 - [MESSAGE][PASSED] - Object: 'Object Repository/OCS-DESKTOP/LEARN page/How to Choose Cannabis Products' is clicked on

2019-06-07 13:39:32 - [TEST_STEP][PASSED] - delay(1): Delayed 1 second(s)

2019-06-07 13:39:33 - [MESSAGE][PASSED] - Delayed 1 second(s)

2019-06-07 13:39:33 - [TEST_STEP][PASSED] - click(findTestObject("OCS-DESKTOP/Age gate and Mega menu/Header/LEARN menu - En"), CONTINUE_ON_FAILURE): Object: 'Object Repository/OCS-DESKTOP/Age gate and Mega menu/Header/LEARN menu - En' is clicked on

2019-06-07 13:39:33 - [MESSAGE][PASSED] - Object: 'Object Repository/OCS-DESKTOP/Age gate and Mega menu/Header/LEARN menu - En' is clicked on

2019-06-07 13:39:33 - [TEST_STEP][PASSED] - delay(1): Delayed 1 second(s)

2019-06-07 13:39:34 - [MESSAGE][PASSED] - Delayed 1 second(s)

2019-06-07 13:39:34 - [TEST_STEP][PASSED] - click(findTestObject("OCS-DESKTOP/LEARN page/Reading a product label - chevron")): Object: 'Object Repository/OCS-DESKTOP/LEARN page/Reading a product label - chevron' is clicked on

2019-06-07 13:39:37 - [MESSAGE][PASSED] - Object: 'Object Repository/OCS-DESKTOP/LEARN page/Reading a product label - chevron' is clicked on

2019-06-07 13:39:37 - [TEST_STEP][PASSED] - delay(2): Delayed 2 second(s)

2019-06-07 13:39:39 - [MESSAGE][PASSED] - Delayed 2 second(s)

2019-06-07 13:39:39 - [TEST_STEP][PASSED] - click(findTestObject("OCS-DESKTOP/Age gate and Mega menu/Header/LEARN menu - En"), CONTINUE_ON_FAILURE): Object: 'Object Repository/OCS-DESKTOP/Age gate and Mega menu/Header/LEARN menu - En' is clicked on

2019-06-07 13:39:39 - [MESSAGE][PASSED] - Object: 'Object Repository/OCS-DESKTOP/Age gate and Mega menu/Header/LEARN menu - En' is clicked on

2019-06-07 13:39:39 - [TEST_STEP][PASSED] - delay(1): Delayed 1 second(s)

2019-06-07 13:39:40 - [MESSAGE][PASSED] - Delayed 1 second(s)

2019-06-07 13:39:40 - [TEST_STEP][PASSED] - click(findTestObject("OCS-DESKTOP/LEARN page/cannabinoid content - chveron")): Object: 'Object Repository/OCS-DESKTOP/LEARN page/cannabinoid content - chveron' is clicked on

2019-06-07 13:39:42 - [MESSAGE][PASSED] - Object: 'Object Repository/OCS-DESKTOP/LEARN page/cannabinoid content - chveron' is clicked on

2019-06-07 13:39:42 - [TEST_STEP][PASSED] - verifyTextPresent("Understanding Cannabinoid Content on Product Labels", true): Text 'Understanding Cannabinoid Content on Product Labels' is present on page  using regular expression

2019-06-07 13:39:42 - [MESSAGE][PASSED] - Text 'Understanding Cannabinoid Content on Product Labels' is present on page  using regular expression

2019-06-07 13:39:42 - [TEST_STEP][PASSED] - delay(2): Delayed 2 second(s)

2019-06-07 13:39:44 - [MESSAGE][PASSED] - Delayed 2 second(s)

2019-06-07 13:39:44 - [TEST_STEP][PASSED] - click(findTestObject("OCS-DESKTOP/Age gate and Mega menu/Header/LEARN menu - En"), CONTINUE_ON_FAILURE): Object: 'Object Repository/OCS-DESKTOP/Age gate and Mega menu/Header/LEARN menu - En' is clicked on

2019-06-07 13:39:44 - [MESSAGE][PASSED] - Object: 'Object Repository/OCS-DESKTOP/Age gate and Mega menu/Header/LEARN menu - En' is clicked on

2019-06-07 13:39:44 - [TEST_STEP][PASSED] - delay(2, CONTINUE_ON_FAILURE): Delayed 2 second(s)

2019-06-07 13:39:46 - [MESSAGE][PASSED] - Delayed 2 second(s)

2019-06-07 13:39:46 - [TEST_STEP][PASSED] - click(findTestObject("OCS-DESKTOP/LEARN page/Factors in Choosing Canna - chevron")): Object: 'Object Repository/OCS-DESKTOP/LEARN page/Factors in Choosing Canna - chevron' is clicked on

2019-06-07 13:39:50 - [MESSAGE][PASSED] - Object: 'Object Repository/OCS-DESKTOP/LEARN page/Factors in Choosing Canna - chevron' is clicked on

2019-06-07 13:39:50 - [TEST_STEP][PASSED] - verifyTextPresent("Six things to know before deciding to consume cannabis.", true): Text 'Six things to know before deciding to consume cannabis.' is present on page  using regular expression

2019-06-07 13:39:50 - [MESSAGE][PASSED] - Text 'Six things to know before deciding to consume cannabis.' is present on page  using regular expression

2019-06-07 13:39:50 - [TEST_STEP][PASSED] - delay(2): Delayed 2 second(s)

2019-06-07 13:39:52 - [MESSAGE][PASSED] - Delayed 2 second(s)

2019-06-07 13:39:52 - [TEST_STEP][PASSED] - click(findTestObject("OCS-DESKTOP/Age gate and Mega menu/Header/LEARN menu - En"), CONTINUE_ON_FAILURE): Object: 'Object Repository/OCS-DESKTOP/Age gate and Mega menu/Header/LEARN menu - En' is clicked on

2019-06-07 13:39:52 - [MESSAGE][PASSED] - Object: 'Object Repository/OCS-DESKTOP/Age gate and Mega menu/Header/LEARN menu - En' is clicked on

2019-06-07 13:39:52 - [TEST_STEP][PASSED] - delay(2): Delayed 2 second(s)

2019-06-07 13:39:54 - [MESSAGE][PASSED] - Delayed 2 second(s)

2019-06-07 13:39:54 - [TEST_STEP][FAILED] - click(findTestObject("OCS-DESKTOP/LEARN page/Read More -4"), CONTINUE_ON_FAILURE): Unable to click on object 'Object Repository/OCS-DESKTOP/LEARN page/Read More -4' (Root cause: com.kms.katalon.core.webui.exception.WebElementNotFoundException: Web element with id: 'Object Repository/OCS-DESKTOP/LEARN page/Read More -4' located by 'By.xpath: //body[@class='header--sticky']/header[@class='nav']/div[@id='shopify-section-en-header']/div[@class='header']/div[contains(@class,'menu-bar')]/div[@class='menu-bar__content']/div[@class='menu-bar__left-wrapper']/div[@class='mega-menu js-mega-menu']/nav[@class='menu js-menu']/ul[@class='menu__list unstyled']/li[@class='menu__tier-one js-menu__tier-one has-tier-two-open']/div[@class='menu__tier-two js-menu__tier-two menu__tier-two--with-footer']/div[@class='menu__tier-two__content-container clearfix']/ul[@class='unstyled menu__tier-two__menu-primary is-bigger']/li[4]/div[1]/div[1]/a[1]' not found)

2019-06-07 13:40:25 - [MESSAGE][INFO] - Unable to find the element located by 'By.xpath: //body[@class='header--sticky']/header[@class='nav']/div[@id='shopify-section-en-header']/div[@class='header']/div[contains(@class,'menu-bar')]/div[@class='menu-bar__content']/div[@class='menu-bar__left-wrapper']/div[@class='mega-menu js-mega-menu']/nav[@class='menu js-menu']/ul[@class='menu__list unstyled']/li[@class='menu__tier-one js-menu__tier-one has-tier-two-open']/div[@class='menu__tier-two js-menu__tier-two menu__tier-two--with-footer']/div[@class='menu__tier-two__content-container clearfix']/ul[@class='unstyled menu__tier-two__menu-primary is-bigger']/li[4]/div[1]/div[1]/a[1]'. Please recheck the objects properties to make sure the desired element is located. 

2019-06-07 13:40:25 - [MESSAGE][FAILED] - Unable to click on object 'Object Repository/OCS-DESKTOP/LEARN page/Read More -4' (Root cause: com.kms.katalon.core.webui.exception.WebElementNotFoundException: Web element with id: 'Object Repository/OCS-DESKTOP/LEARN page/Read More -4' located by 'By.xpath: //body[@class='header--sticky']/header[@class='nav']/div[@id='shopify-section-en-header']/div[@class='header']/div[contains(@class,'menu-bar')]/div[@class='menu-bar__content']/div[@class='menu-bar__left-wrapper']/div[@class='mega-menu js-mega-menu']/nav[@class='menu js-menu']/ul[@class='menu__list unstyled']/li[@class='menu__tier-one js-menu__tier-one has-tier-two-open']/div[@class='menu__tier-two js-menu__tier-two menu__tier-two--with-footer']/div[@class='menu__tier-two__content-container clearfix']/ul[@class='unstyled menu__tier-two__menu-primary is-bigger']/li[4]/div[1]/div[1]/a[1]' not found)
[[ATTACHMENT|/Users/sumankompelly/Relative xpath-Desktop/Reports/OCS- 1.9.2.1/20190607_131615/1559929225319.png]]

2019-06-07 13:40:25 - [TEST_STEP][PASSED] - delay(2): Delayed 2 second(s)

2019-06-07 13:40:27 - [MESSAGE][PASSED] - Delayed 2 second(s)

2019-06-07 13:40:27 - [TEST_STEP][PASSED] - click(findTestObject("OCS-DESKTOP/Age gate and Mega menu/Header/LEARN menu - En"), CONTINUE_ON_FAILURE): Object: 'Object Repository/OCS-DESKTOP/Age gate and Mega menu/Header/LEARN menu - En' is clicked on

2019-06-07 13:40:27 - [MESSAGE][PASSED] - Object: 'Object Repository/OCS-DESKTOP/Age gate and Mega menu/Header/LEARN menu - En' is clicked on

2019-06-07 13:40:27 - [TEST_STEP][PASSED] - delay(2): Delayed 2 second(s)

2019-06-07 13:40:29 - [MESSAGE][PASSED] - Delayed 2 second(s)

2019-06-07 13:40:29 - [TEST_STEP][PASSED] - click(findTestObject("OCS-DESKTOP/LEARN page/Buying Cannabis at OCS plus accordian")): Object: 'Object Repository/OCS-DESKTOP/LEARN page/Buying Cannabis at OCS plus accordian' is clicked on

2019-06-07 13:40:32 - [MESSAGE][PASSED] - Object: 'Object Repository/OCS-DESKTOP/LEARN page/Buying Cannabis at OCS plus accordian' is clicked on

2019-06-07 13:40:32 - [TEST_STEP][PASSED] - delay(1): Delayed 1 second(s)

2019-06-07 13:40:33 - [MESSAGE][PASSED] - Delayed 1 second(s)

2019-06-07 13:40:33 - [TEST_STEP][PASSED] - click(findTestObject("OCS-DESKTOP/Age gate and Mega menu/Header/LEARN menu - En"), CONTINUE_ON_FAILURE): Object: 'Object Repository/OCS-DESKTOP/Age gate and Mega menu/Header/LEARN menu - En' is clicked on

2019-06-07 13:40:33 - [MESSAGE][PASSED] - Object: 'Object Repository/OCS-DESKTOP/Age gate and Mega menu/Header/LEARN menu - En' is clicked on

2019-06-07 13:40:33 - [TEST_STEP][PASSED] - delay(1): Delayed 1 second(s)

2019-06-07 13:40:34 - [MESSAGE][PASSED] - Delayed 1 second(s)

2019-06-07 13:40:34 - [TEST_STEP][PASSED] - click(findTestObject("OCS-DESKTOP/LEARN page/Why Legal Cannabis Costs more - chevron")): Object: 'Object Repository/OCS-DESKTOP/LEARN page/Why Legal Cannabis Costs more - chevron' is clicked on

2019-06-07 13:40:37 - [MESSAGE][PASSED] - Object: 'Object Repository/OCS-DESKTOP/LEARN page/Why Legal Cannabis Costs more - chevron' is clicked on

2019-06-07 13:40:37 - [TEST_STEP][PASSED] - verifyTextPresent("Four Reasons Why Legal Cannabis Costs More", true): Text 'Four Reasons Why Legal Cannabis Costs More' is present on page  using regular expression

2019-06-07 13:40:37 - [MESSAGE][PASSED] - Text 'Four Reasons Why Legal Cannabis Costs More' is present on page  using regular expression

2019-06-07 13:40:37 - [TEST_STEP][PASSED] - delay(2): Delayed 2 second(s)

2019-06-07 13:40:39 - [MESSAGE][PASSED] - Delayed 2 second(s)

2019-06-07 13:40:39 - [TEST_STEP][PASSED] - click(findTestObject("OCS-DESKTOP/Age gate and Mega menu/Header/LEARN menu - En"), CONTINUE_ON_FAILURE): Object: 'Object Repository/OCS-DESKTOP/Age gate and Mega menu/Header/LEARN menu - En' is clicked on

2019-06-07 13:40:39 - [MESSAGE][PASSED] - Object: 'Object Repository/OCS-DESKTOP/Age gate and Mega menu/Header/LEARN menu - En' is clicked on

2019-06-07 13:40:39 - [TEST_STEP][PASSED] - click(findTestObject("OCS-DESKTOP/LEARN page/Buying Cannabis at OCS plus accordian")): Object: 'Object Repository/OCS-DESKTOP/LEARN page/Buying Cannabis at OCS plus accordian' is clicked on

2019-06-07 13:40:42 - [MESSAGE][PASSED] - Object: 'Object Repository/OCS-DESKTOP/LEARN page/Buying Cannabis at OCS plus accordian' is clicked on

2019-06-07 13:40:42 - [TEST_STEP][PASSED] - delay(1): Delayed 1 second(s)

2019-06-07 13:40:43 - [MESSAGE][PASSED] - Delayed 1 second(s)

2019-06-07 13:40:43 - [TEST_STEP][PASSED] - click(findTestObject("OCS-DESKTOP/Age gate and Mega menu/Header/LEARN menu - En"), CONTINUE_ON_FAILURE): Object: 'Object Repository/OCS-DESKTOP/Age gate and Mega menu/Header/LEARN menu - En' is clicked on

2019-06-07 13:40:43 - [MESSAGE][PASSED] - Object: 'Object Repository/OCS-DESKTOP/Age gate and Mega menu/Header/LEARN menu - En' is clicked on

2019-06-07 13:40:43 - [TEST_STEP][PASSED] - delay(1): Delayed 1 second(s)

2019-06-07 13:40:44 - [MESSAGE][PASSED] - Delayed 1 second(s)

2019-06-07 13:40:44 - [TEST_STEP][PASSED] - click(findTestObject("OCS-DESKTOP/LEARN page/why trust us - chevron")): Object: 'Object Repository/OCS-DESKTOP/LEARN page/why trust us - chevron' is clicked on

2019-06-07 13:40:47 - [MESSAGE][PASSED] - Object: 'Object Repository/OCS-DESKTOP/LEARN page/why trust us - chevron' is clicked on

2019-06-07 13:40:47 - [TEST_STEP][PASSED] - verifyTextPresent("Legal products and reliable information.", true): Text 'Legal products and reliable information.' is present on page  using regular expression

2019-06-07 13:40:48 - [MESSAGE][PASSED] - Text 'Legal products and reliable information.' is present on page  using regular expression

2019-06-07 13:40:48 - [TEST_STEP][PASSED] - delay(2): Delayed 2 second(s)

2019-06-07 13:40:50 - [MESSAGE][PASSED] - Delayed 2 second(s)

2019-06-07 13:40:50 - [TEST_STEP][PASSED] - click(findTestObject("OCS-DESKTOP/Age gate and Mega menu/Header/LEARN menu - En"), CONTINUE_ON_FAILURE): Object: 'Object Repository/OCS-DESKTOP/Age gate and Mega menu/Header/LEARN menu - En' is clicked on

2019-06-07 13:40:50 - [MESSAGE][PASSED] - Object: 'Object Repository/OCS-DESKTOP/Age gate and Mega menu/Header/LEARN menu - En' is clicked on

2019-06-07 13:40:50 - [TEST_STEP][PASSED] - delay(2, CONTINUE_ON_FAILURE): Delayed 2 second(s)

2019-06-07 13:40:52 - [MESSAGE][PASSED] - Delayed 2 second(s)

2019-06-07 13:40:52 - [TEST_STEP][PASSED] - delay(1): Delayed 1 second(s)

2019-06-07 13:40:53 - [MESSAGE][PASSED] - Delayed 1 second(s)

2019-06-07 13:40:53 - [TEST_STEP][PASSED] - click(findTestObject("OCS-DESKTOP/LEARN page/about buying cannabis - chveron")): Object: 'Object Repository/OCS-DESKTOP/LEARN page/about buying cannabis - chveron' is clicked on

2019-06-07 13:40:55 - [MESSAGE][PASSED] - Object: 'Object Repository/OCS-DESKTOP/LEARN page/about buying cannabis - chveron' is clicked on

2019-06-07 13:40:55 - [TEST_STEP][PASSED] - delay(2): Delayed 2 second(s)

2019-06-07 13:40:57 - [MESSAGE][PASSED] - Delayed 2 second(s)

2019-06-07 13:40:57 - [TEST_STEP][PASSED] - verifyTextPresent("These facts are good to know before making a cannabis purchase.", true): Text 'These facts are good to know before making a cannabis purchase.' is present on page  using regular expression

2019-06-07 13:40:57 - [MESSAGE][PASSED] - Text 'These facts are good to know before making a cannabis purchase.' is present on page  using regular expression

2019-06-07 13:40:57 - [TEST_STEP][PASSED] - delay(2): Delayed 2 second(s)

2019-06-07 13:40:59 - [MESSAGE][PASSED] - Delayed 2 second(s)

2019-06-07 13:40:59 - [TEST_STEP][PASSED] - click(findTestObject("OCS-DESKTOP/Age gate and Mega menu/Header/LEARN menu - En"), CONTINUE_ON_FAILURE): Object: 'Object Repository/OCS-DESKTOP/Age gate and Mega menu/Header/LEARN menu - En' is clicked on

2019-06-07 13:41:00 - [MESSAGE][PASSED] - Object: 'Object Repository/OCS-DESKTOP/Age gate and Mega menu/Header/LEARN menu - En' is clicked on

2019-06-07 13:41:00 - [TEST_STEP][PASSED] - delay(2, CONTINUE_ON_FAILURE): Delayed 2 second(s)

2019-06-07 13:41:02 - [MESSAGE][PASSED] - Delayed 2 second(s)

2019-06-07 13:41:02 - [TEST_STEP][FAILED] - click(findTestObject("OCS-DESKTOP/LEARN page/Read More -5")): click(findTestObject("OCS-DESKTOP/LEARN page/Read More -5")) FAILED.
Reason:
com.kms.katalon.core.exception.StepFailedException: Unable to click on object 'Object Repository/OCS-DESKTOP/LEARN page/Read More -4' (Root cause: com.kms.katalon.core.webui.exception.WebElementNotFoundException: Web element with id: 'Object Repository/OCS-DESKTOP/LEARN page/Read More -4' located by 'By.xpath: //body[@class='header--sticky']/header[@class='nav']/div[@id='shopify-section-en-header']/div[@class='header']/div[contains(@class,'menu-bar')]/div[@class='menu-bar__content']/div[@class='menu-bar__left-wrapper']/div[@class='mega-menu js-mega-menu']/nav[@class='menu js-menu']/ul[@class='menu__list unstyled']/li[@class='menu__tier-one js-menu__tier-one has-tier-two-open']/div[@class='menu__tier-two js-menu__tier-two menu__tier-two--with-footer']/div[@class='menu__tier-two__content-container clearfix']/ul[@class='unstyled menu__tier-two__menu-primary is-bigger']/li[4]/div[1]/div[1]/a[1]' not found)
	at com.kms.katalon.core.keyword.internal.KeywordMain.stepFailed(KeywordMain.groovy:32)
	at com.kms.katalon.core.webui.keyword.internal.WebUIKeywordMain.stepFailed(WebUIKeywordMain.groovy:65)
	at com.kms.katalon.core.webui.keyword.internal.WebUIKeywordMain.runKeyword(WebUIKeywordMain.groovy:27)
	at com.kms.katalon.core.webui.keyword.builtin.ClickKeyword.click(ClickKeyword.groovy:86)
	at com.kms.katalon.core.webui.keyword.builtin.ClickKeyword.execute(ClickKeyword.groovy:67)
	at com.kms.katalon.core.keyword.internal.KeywordExecutor.executeKeywordForPlatform(KeywordExecutor.groovy:53)
	at com.kms.katalon.core.webui.keyword.WebUiBuiltInKeywords.click(WebUiBuiltInKeywords.groovy:604)
	at com.kms.katalon.core.webui.keyword.WebUiBuiltInKeywords$click$13.call(Unknown Source)
	at HP- Burger menu- Learn.run(HP- Burger menu- Learn:211)
	at com.kms.katalon.core.main.ScriptEngine.run(ScriptEngine.java:194)
	at com.kms.katalon.core.main.ScriptEngine.runScriptAsRawText(ScriptEngine.java:119)
	at com.kms.katalon.core.main.TestCaseExecutor.runScript(TestCaseExecutor.java:328)
	at com.kms.katalon.core.main.TestCaseExecutor.doExecute(TestCaseExecutor.java:319)
	at com.kms.katalon.core.main.TestCaseExecutor.processExecutionPhase(TestCaseExecutor.java:298)
	at com.kms.katalon.core.main.TestCaseExecutor.accessMainPhase(TestCaseExecutor.java:290)
	at com.kms.katalon.core.main.TestCaseExecutor.execute(TestCaseExecutor.java:224)
	at com.kms.katalon.core.main.TestSuiteExecutor.accessTestCaseMainPhase(TestSuiteExecutor.java:129)
	at com.kms.katalon.core.main.TestSuiteExecutor.accessTestSuiteMainPhase(TestSuiteExecutor.java:112)
	at com.kms.katalon.core.main.TestSuiteExecutor.execute(TestSuiteExecutor.java:81)
	at com.kms.katalon.core.main.TestCaseMain.startTestSuite(TestCaseMain.java:149)
	at com.kms.katalon.core.main.TestCaseMain$startTestSuite$0.call(Unknown Source)
	at TempTestSuite1559927775427.run(TempTestSuite1559927775427.groovy:36)


2019-06-07 13:41:32 - [MESSAGE][INFO] - Unable to find the element located by 'By.xpath: //body[@class='header--sticky']/header[@class='nav']/div[@id='shopify-section-en-header']/div[@class='header']/div[contains(@class,'menu-bar')]/div[@class='menu-bar__content']/div[@class='menu-bar__left-wrapper']/div[@class='mega-menu js-mega-menu']/nav[@class='menu js-menu']/ul[@class='menu__list unstyled']/li[@class='menu__tier-one js-menu__tier-one has-tier-two-open']/div[@class='menu__tier-two js-menu__tier-two menu__tier-two--with-footer']/div[@class='menu__tier-two__content-container clearfix']/ul[@class='unstyled menu__tier-two__menu-primary is-bigger']/li[5]/div[1]/div[1]/a[1]'. Please recheck the objects properties to make sure the desired element is located. 

2019-06-07 13:41:33 - [MESSAGE][FAILED] - Unable to click on object 'Object Repository/OCS-DESKTOP/LEARN page/Read More -5' (Root cause: com.kms.katalon.core.webui.exception.WebElementNotFoundException: Web element with id: 'Object Repository/OCS-DESKTOP/LEARN page/Read More -5' located by 'By.xpath: //body[@class='header--sticky']/header[@class='nav']/div[@id='shopify-section-en-header']/div[@class='header']/div[contains(@class,'menu-bar')]/div[@class='menu-bar__content']/div[@class='menu-bar__left-wrapper']/div[@class='mega-menu js-mega-menu']/nav[@class='menu js-menu']/ul[@class='menu__list unstyled']/li[@class='menu__tier-one js-menu__tier-one has-tier-two-open']/div[@class='menu__tier-two js-menu__tier-two menu__tier-two--with-footer']/div[@class='menu__tier-two__content-container clearfix']/ul[@class='unstyled menu__tier-two__menu-primary is-bigger']/li[5]/div[1]/div[1]/a[1]' not found)
[[ATTACHMENT|/Users/sumankompelly/Relative xpath-Desktop/Reports/OCS- 1.9.2.1/20190607_131615/1559929292926.png]]

2019-06-07 13:41:33 - [MESSAGE][FAILED] - click(findTestObject("OCS-DESKTOP/LEARN page/Read More -5")) FAILED.
Reason:
com.kms.katalon.core.exception.StepFailedException: Unable to click on object 'Object Repository/OCS-DESKTOP/LEARN page/Read More -4' (Root cause: com.kms.katalon.core.webui.exception.WebElementNotFoundException: Web element with id: 'Object Repository/OCS-DESKTOP/LEARN page/Read More -4' located by 'By.xpath: //body[@class='header--sticky']/header[@class='nav']/div[@id='shopify-section-en-header']/div[@class='header']/div[contains(@class,'menu-bar')]/div[@class='menu-bar__content']/div[@class='menu-bar__left-wrapper']/div[@class='mega-menu js-mega-menu']/nav[@class='menu js-menu']/ul[@class='menu__list unstyled']/li[@class='menu__tier-one js-menu__tier-one has-tier-two-open']/div[@class='menu__tier-two js-menu__tier-two menu__tier-two--with-footer']/div[@class='menu__tier-two__content-container clearfix']/ul[@class='unstyled menu__tier-two__menu-primary is-bigger']/li[4]/div[1]/div[1]/a[1]' not found)
	at com.kms.katalon.core.keyword.internal.KeywordMain.stepFailed(KeywordMain.groovy:32)
	at com.kms.katalon.core.webui.keyword.internal.WebUIKeywordMain.stepFailed(WebUIKeywordMain.groovy:65)
	at com.kms.katalon.core.webui.keyword.internal.WebUIKeywordMain.runKeyword(WebUIKeywordMain.groovy:27)
	at com.kms.katalon.core.webui.keyword.builtin.ClickKeyword.click(ClickKeyword.groovy:86)
	at com.kms.katalon.core.webui.keyword.builtin.ClickKeyword.execute(ClickKeyword.groovy:67)
	at com.kms.katalon.core.keyword.internal.KeywordExecutor.executeKeywordForPlatform(KeywordExecutor.groovy:53)
	at com.kms.katalon.core.webui.keyword.WebUiBuiltInKeywords.click(WebUiBuiltInKeywords.groovy:604)
	at com.kms.katalon.core.webui.keyword.WebUiBuiltInKeywords$click$13.call(Unknown Source)
	at HP- Burger menu- Learn.run(HP- Burger menu- Learn:211)
	at com.kms.katalon.core.main.ScriptEngine.run(ScriptEngine.java:194)
	at com.kms.katalon.core.main.ScriptEngine.runScriptAsRawText(ScriptEngine.java:119)
	at com.kms.katalon.core.main.TestCaseExecutor.runScript(TestCaseExecutor.java:328)
	at com.kms.katalon.core.main.TestCaseExecutor.doExecute(TestCaseExecutor.java:319)
	at com.kms.katalon.core.main.TestCaseExecutor.processExecutionPhase(TestCaseExecutor.java:298)
	at com.kms.katalon.core.main.TestCaseExecutor.accessMainPhase(TestCaseExecutor.java:290)
	at com.kms.katalon.core.main.TestCaseExecutor.execute(TestCaseExecutor.java:224)
	at com.kms.katalon.core.main.TestSuiteExecutor.accessTestCaseMainPhase(TestSuiteExecutor.java:129)
	at com.kms.katalon.core.main.TestSuiteExecutor.accessTestSuiteMainPhase(TestSuiteExecutor.java:112)
	at com.kms.katalon.core.main.TestSuiteExecutor.execute(TestSuiteExecutor.java:81)
	at com.kms.katalon.core.main.TestCaseMain.startTestSuite(TestCaseMain.java:149)
	at com.kms.katalon.core.main.TestCaseMain$startTestSuite$0.call(Unknown Source)
	at TempTestSuite1559927775427.run(TempTestSuite1559927775427.groovy:36)]]></system-out>
         <system-err><![CDATA[2019-06-07 13:37:31 - [TEST_CASE][FAILED] - Test Cases/OCS - DESKTOP/OCS- HOME PAGE/HP- Burger menu- Learn: Test Cases/OCS - DESKTOP/OCS- HOME PAGE/HP- Burger menu- Learn FAILED.
Reason:
com.kms.katalon.core.exception.StepFailedException: Unable to click on object 'Object Repository/OCS-DESKTOP/LEARN page/Read More -4' (Root cause: com.kms.katalon.core.webui.exception.WebElementNotFoundException: Web element with id: 'Object Repository/OCS-DESKTOP/LEARN page/Read More -4' located by 'By.xpath: //body[@class='header--sticky']/header[@class='nav']/div[@id='shopify-section-en-header']/div[@class='header']/div[contains(@class,'menu-bar')]/div[@class='menu-bar__content']/div[@class='menu-bar__left-wrapper']/div[@class='mega-menu js-mega-menu']/nav[@class='menu js-menu']/ul[@class='menu__list unstyled']/li[@class='menu__tier-one js-menu__tier-one has-tier-two-open']/div[@class='menu__tier-two js-menu__tier-two menu__tier-two--with-footer']/div[@class='menu__tier-two__content-container clearfix']/ul[@class='unstyled menu__tier-two__menu-primary is-bigger']/li[4]/div[1]/div[1]/a[1]' not found)
	at com.kms.katalon.core.keyword.internal.KeywordMain.stepFailed(KeywordMain.groovy:32)
	at com.kms.katalon.core.webui.keyword.internal.WebUIKeywordMain.stepFailed(WebUIKeywordMain.groovy:65)
	at com.kms.katalon.core.webui.keyword.internal.WebUIKeywordMain.runKeyword(WebUIKeywordMain.groovy:27)
	at com.kms.katalon.core.webui.keyword.builtin.ClickKeyword.click(ClickKeyword.groovy:86)
	at com.kms.katalon.core.webui.keyword.builtin.ClickKeyword.execute(ClickKeyword.groovy:67)
	at com.kms.katalon.core.keyword.internal.KeywordExecutor.executeKeywordForPlatform(KeywordExecutor.groovy:53)
	at com.kms.katalon.core.webui.keyword.WebUiBuiltInKeywords.click(WebUiBuiltInKeywords.groovy:604)
	at com.kms.katalon.core.webui.keyword.WebUiBuiltInKeywords$click$13.call(Unknown Source)
	at HP- Burger menu- Learn.run(HP- Burger menu- Learn:211)
	at com.kms.katalon.core.main.ScriptEngine.run(ScriptEngine.java:194)
	at com.kms.katalon.core.main.ScriptEngine.runScriptAsRawText(ScriptEngine.java:119)
	at com.kms.katalon.core.main.TestCaseExecutor.runScript(TestCaseExecutor.java:328)
	at com.kms.katalon.core.main.TestCaseExecutor.doExecute(TestCaseExecutor.java:319)
	at com.kms.katalon.core.main.TestCaseExecutor.processExecutionPhase(TestCaseExecutor.java:298)
	at com.kms.katalon.core.main.TestCaseExecutor.accessMainPhase(TestCaseExecutor.java:290)
	at com.kms.katalon.core.main.TestCaseExecutor.execute(TestCaseExecutor.java:224)
	at com.kms.katalon.core.main.TestSuiteExecutor.accessTestCaseMainPhase(TestSuiteExecutor.java:129)
	at com.kms.katalon.core.main.TestSuiteExecutor.accessTestSuiteMainPhase(TestSuiteExecutor.java:112)
	at com.kms.katalon.core.main.TestSuiteExecutor.execute(TestSuiteExecutor.java:81)
	at com.kms.katalon.core.main.TestCaseMain.startTestSuite(TestCaseMain.java:149)
	at com.kms.katalon.core.main.TestCaseMain$startTestSuite$0.call(Unknown Source)
	at TempTestSuite1559927775427.run(TempTestSuite1559927775427.groovy:36)]]></system-err>
      </testcase>
      <testcase name="Test Cases/OCS - DESKTOP/OCS- PRODUCT PAGE/Add to bag CTA" classname="Test Cases/OCS - DESKTOP/OCS- PRODUCT PAGE/Add to bag CTA" status="PASSED">
         <system-out><![CDATA[2019-06-07 13:41:33 - [TEST_CASE][PASSED] - Test Cases/OCS - DESKTOP/OCS- PRODUCT PAGE/Add to bag CTA: Test Cases/OCS - DESKTOP/OCS- PRODUCT PAGE/Add to bag CTA

2019-06-07 13:41:33 - [TEST_STEP][PASSED] - callTestCase(findTestCase("OCS - DESKTOP/CALL - PDP"), [:], STOP_ON_FAILURE): Call Test Case 'Test Cases/OCS - DESKTOP/CALL - PDP' successfully

2019-06-07 13:41:33 - [TEST_CASE][PASSED] - Test Cases/OCS - DESKTOP/CALL - PDP: Test Cases/OCS - DESKTOP/CALL - PDP

2019-06-07 13:41:33 - [TEST_STEP][PASSED] - openBrowser(""): Browser is opened with url: ''

2019-06-07 13:41:33 - [MESSAGE][WARNING] - A browser is already opened. Closing browser and opening a new one

2019-06-07 13:41:33 - [MESSAGE][INFO] - Starting 'Chrome' driver

2019-06-07 13:41:35 - [MESSAGE][PASSED] - Browser is opened with url: ''

2019-06-07 13:41:35 - [TEST_STEP][PASSED] - navigateToUrl("https://ocs.ca/?fts=0&preview_theme_id=72920074060"): Navigate to 'https://ocs.ca/?fts=0&preview_theme_id=72920074060' successfully

2019-06-07 13:41:39 - [MESSAGE][PASSED] - Navigate to 'https://ocs.ca/?fts=0&preview_theme_id=72920074060' successfully

2019-06-07 13:41:39 - [TEST_STEP][PASSED] - maximizeWindow(): Current window maximized

2019-06-07 13:41:39 - [MESSAGE][PASSED] - Current window maximized

2019-06-07 13:41:39 - [TEST_STEP][PASSED] - executeJavaScript("var previewBar = document.getElementById("preview-bar-iframe"); previewBar.style.display = "none";", []): Execute JavaScript 'var previewBar = document.getElementById("preview-bar-iframe"); previewBar.style.display = "none";' successfully

2019-06-07 13:41:39 - [MESSAGE][PASSED] - Execute JavaScript 'var previewBar = document.getElementById("preview-bar-iframe"); previewBar.style.display = "none";' successfully

2019-06-07 13:41:39 - [TEST_STEP][PASSED] - delay(4): Delayed 4 second(s)

2019-06-07 13:41:43 - [MESSAGE][PASSED] - Delayed 4 second(s)

2019-06-07 13:41:43 - [TEST_STEP][PASSED] - selectOptionByValue(findTestObject("OCS-DESKTOP/Age gate and Mega menu/Date"), "12", true): All options with value '12' are selected in object 'Object Repository/OCS-DESKTOP/Age gate and Mega menu/Date'  using regular expression

2019-06-07 13:41:43 - [MESSAGE][PASSED] - All options with value '12' are selected in object 'Object Repository/OCS-DESKTOP/Age gate and Mega menu/Date'  using regular expression

2019-06-07 13:41:43 - [TEST_STEP][PASSED] - selectOptionByValue(findTestObject("OCS-DESKTOP/Age gate and Mega menu/month"), "6", true): All options with value '6' are selected in object 'Object Repository/OCS-DESKTOP/Age gate and Mega menu/month'  using regular expression

2019-06-07 13:41:43 - [MESSAGE][PASSED] - All options with value '6' are selected in object 'Object Repository/OCS-DESKTOP/Age gate and Mega menu/month'  using regular expression

2019-06-07 13:41:43 - [TEST_STEP][PASSED] - delay(2): Delayed 2 second(s)

2019-06-07 13:41:45 - [MESSAGE][PASSED] - Delayed 2 second(s)

2019-06-07 13:41:45 - [TEST_STEP][PASSED] - selectOptionByValue(findTestObject("OCS-DESKTOP/Age gate and Mega menu/Year Dropdown"), "1990", true): All options with value '1990' are selected in object 'Object Repository/OCS-DESKTOP/Age gate and Mega menu/Year Dropdown'  using regular expression

2019-06-07 13:41:46 - [MESSAGE][PASSED] - All options with value '1990' are selected in object 'Object Repository/OCS-DESKTOP/Age gate and Mega menu/Year Dropdown'  using regular expression

2019-06-07 13:41:46 - [TEST_STEP][PASSED] - click(findTestObject("OCS-DESKTOP/Age gate and Mega menu/button_Verify")): Object: 'Object Repository/OCS-DESKTOP/Age gate and Mega menu/button_Verify' is clicked on

2019-06-07 13:41:47 - [MESSAGE][PASSED] - Object: 'Object Repository/OCS-DESKTOP/Age gate and Mega menu/button_Verify' is clicked on

2019-06-07 13:41:47 - [TEST_STEP][PASSED] - click(findTestObject("OCS-DESKTOP/Age gate and Mega menu/Checkbox_CONFIRM AND ACKNOWLEDGE")): Object: 'Object Repository/OCS-DESKTOP/Age gate and Mega menu/Checkbox_CONFIRM AND ACKNOWLEDGE' is clicked on

2019-06-07 13:41:47 - [MESSAGE][PASSED] - Object: 'Object Repository/OCS-DESKTOP/Age gate and Mega menu/Checkbox_CONFIRM AND ACKNOWLEDGE' is clicked on

2019-06-07 13:41:47 - [TEST_STEP][PASSED] - click(findTestObject("OCS-DESKTOP/Age gate and Mega menu/button_CONFIRM")): Object: 'Object Repository/OCS-DESKTOP/Age gate and Mega menu/button_CONFIRM' is clicked on

2019-06-07 13:41:47 - [MESSAGE][PASSED] - Object: 'Object Repository/OCS-DESKTOP/Age gate and Mega menu/button_CONFIRM' is clicked on

2019-06-07 13:41:47 - [TEST_STEP][PASSED] - click(findTestObject("OCS-DESKTOP/Age gate and Mega menu/button_Start Browsing")): Object: 'Object Repository/OCS-DESKTOP/Age gate and Mega menu/button_Start Browsing' is clicked on

2019-06-07 13:41:47 - [MESSAGE][PASSED] - Object: 'Object Repository/OCS-DESKTOP/Age gate and Mega menu/button_Start Browsing' is clicked on

2019-06-07 13:41:47 - [TEST_STEP][PASSED] - refresh(): Refresh successfully

2019-06-07 13:41:47 - [MESSAGE][PASSED] - Refresh successfully

2019-06-07 13:41:47 - [TEST_STEP][PASSED] - delay(2): Delayed 2 second(s)

2019-06-07 13:41:49 - [MESSAGE][PASSED] - Delayed 2 second(s)

2019-06-07 13:41:49 - [TEST_STEP][PASSED] - mouseOver(findTestObject("OCS-DESKTOP/Age gate and Mega menu/Header/CANNABIS menu - English")): Object: 'Object Repository/OCS-DESKTOP/Age gate and Mega menu/Header/CANNABIS menu - English' is hovered

2019-06-07 13:41:50 - [MESSAGE][PASSED] - Object: 'Object Repository/OCS-DESKTOP/Age gate and Mega menu/Header/CANNABIS menu - English' is hovered

2019-06-07 13:41:50 - [TEST_STEP][PASSED] - delay(2): Delayed 2 second(s)

2019-06-07 13:41:52 - [MESSAGE][PASSED] - Delayed 2 second(s)

2019-06-07 13:41:52 - [TEST_STEP][PASSED] - click(findTestObject("OCS-DESKTOP/Age gate and Mega menu/Indica Dominant_Menu item")): Object: 'Object Repository/OCS-DESKTOP/Age gate and Mega menu/Indica Dominant_Menu item' is clicked on

2019-06-07 13:41:55 - [MESSAGE][PASSED] - Object: 'Object Repository/OCS-DESKTOP/Age gate and Mega menu/Indica Dominant_Menu item' is clicked on

2019-06-07 13:41:55 - [TEST_STEP][PASSED] - delay(2): Delayed 2 second(s)

2019-06-07 13:41:57 - [MESSAGE][PASSED] - Delayed 2 second(s)

2019-06-07 13:41:57 - [TEST_STEP][PASSED] - scrollToElement(findTestObject("OCS-DESKTOP/Collection page/Product image - 1st one"), 0): Scroll to object 'Object Repository/OCS-DESKTOP/Collection page/Product image - 1st one' successfully

2019-06-07 13:41:57 - [MESSAGE][WARNING] - Timeout '0' is invalid. Using default page load timeout: '30'

2019-06-07 13:41:57 - [MESSAGE][PASSED] - Scroll to object 'Object Repository/OCS-DESKTOP/Collection page/Product image - 1st one' successfully

2019-06-07 13:41:57 - [TEST_STEP][PASSED] - delay(2): Delayed 2 second(s)

2019-06-07 13:41:59 - [MESSAGE][PASSED] - Delayed 2 second(s)

2019-06-07 13:41:59 - [TEST_STEP][PASSED] - click(findTestObject("OCS-DESKTOP/Collection page/Product image - 1st one")): Object: 'Object Repository/OCS-DESKTOP/Collection page/Product image - 1st one' is clicked on

2019-06-07 13:42:02 - [MESSAGE][PASSED] - Object: 'Object Repository/OCS-DESKTOP/Collection page/Product image - 1st one' is clicked on

2019-06-07 13:42:02 - [TEST_STEP][PASSED] - executeJavaScript("var previewBar = document.getElementById("preview-bar-iframe"); previewBar.style.display = "none";", []): Execute JavaScript 'var previewBar = document.getElementById("preview-bar-iframe"); previewBar.style.display = "none";' successfully

2019-06-07 13:42:02 - [MESSAGE][PASSED] - Execute JavaScript 'var previewBar = document.getElementById("preview-bar-iframe"); previewBar.style.display = "none";' successfully

2019-06-07 13:42:02 - [TEST_STEP][PASSED] - delay(2): Delayed 2 second(s)

2019-06-07 13:42:04 - [MESSAGE][PASSED] - Delayed 2 second(s)

2019-06-07 13:42:04 - [MESSAGE][PASSED] - Call Test Case 'Test Cases/OCS - DESKTOP/CALL - PDP' successfully

2019-06-07 13:42:04 - [TEST_STEP][NOT_RUN] - scrollToElement(findTestObject("OCS-DESKTOP/Product page/Product image"), 1): NOT_RUN: scrollToElement(findTestObject("OCS-DESKTOP/Product page/Product image"), 1)

2019-06-07 13:42:04 - [MESSAGE][NOT_RUN] - NOT_RUN: scrollToElement(findTestObject("OCS-DESKTOP/Product page/Product image"), 1)

2019-06-07 13:42:04 - [TEST_STEP][PASSED] - delay(2): Delayed 2 second(s)

2019-06-07 13:42:06 - [MESSAGE][PASSED] - Delayed 2 second(s)

2019-06-07 13:42:06 - [TEST_STEP][PASSED] - click(findTestObject("OCS-DESKTOP/Product page/Swatch_1g")): Object: 'Object Repository/OCS-DESKTOP/Product page/Swatch_1g' is clicked on

2019-06-07 13:42:07 - [MESSAGE][PASSED] - Object: 'Object Repository/OCS-DESKTOP/Product page/Swatch_1g' is clicked on

2019-06-07 13:42:07 - [TEST_STEP][PASSED] - scrollToElement(findTestObject("OCS-DESKTOP/Product page/Swatch_3.5g"), 1): Scroll to object 'Object Repository/OCS-DESKTOP/Product page/Swatch_3.5g' successfully

2019-06-07 13:42:07 - [MESSAGE][PASSED] - Scroll to object 'Object Repository/OCS-DESKTOP/Product page/Swatch_3.5g' successfully

2019-06-07 13:42:07 - [TEST_STEP][PASSED] - delay(2): Delayed 2 second(s)

2019-06-07 13:42:09 - [MESSAGE][PASSED] - Delayed 2 second(s)

2019-06-07 13:42:09 - [TEST_STEP][PASSED] - click(findTestObject("OCS-DESKTOP/Product page/Add to Bag-button")): Object: 'Object Repository/OCS-DESKTOP/Product page/Add to Bag-button' is clicked on

2019-06-07 13:42:09 - [MESSAGE][PASSED] - Object: 'Object Repository/OCS-DESKTOP/Product page/Add to Bag-button' is clicked on

2019-06-07 13:42:09 - [TEST_STEP][PASSED] - delay(1): Delayed 1 second(s)

2019-06-07 13:42:10 - [MESSAGE][PASSED] - Delayed 1 second(s)

2019-06-07 13:42:10 - [TEST_STEP][NOT_RUN] - click(findTestObject("OCS-DESKTOP/Home - page/Cart icon -bag")): NOT_RUN: click(findTestObject("OCS-DESKTOP/Home - page/Cart icon -bag"))

2019-06-07 13:42:10 - [MESSAGE][NOT_RUN] - NOT_RUN: click(findTestObject("OCS-DESKTOP/Home - page/Cart icon -bag"))

2019-06-07 13:42:10 - [TEST_STEP][PASSED] - delay(1): Delayed 1 second(s)

2019-06-07 13:42:11 - [MESSAGE][PASSED] - Delayed 1 second(s)

2019-06-07 13:42:11 - [TEST_STEP][PASSED] - verifyElementPresent(findTestObject("OCS-DESKTOP/Cart flyout/Cart - 1st item"), 2): Object 'Object Repository/OCS-DESKTOP/Cart flyout/Cart - 1st item' is present

2019-06-07 13:42:11 - [MESSAGE][PASSED] - Object 'Object Repository/OCS-DESKTOP/Cart flyout/Cart - 1st item' is present

2019-06-07 13:42:11 - [TEST_STEP][PASSED] - delay(1): Delayed 1 second(s)

2019-06-07 13:42:12 - [MESSAGE][PASSED] - Delayed 1 second(s)

2019-06-07 13:42:12 - [TEST_STEP][PASSED] - click(findTestObject("OCS-DESKTOP/Cart flyout/Back icon")): Object: 'Object Repository/OCS-DESKTOP/Cart flyout/Back icon' is clicked on

2019-06-07 13:42:12 - [MESSAGE][PASSED] - Object: 'Object Repository/OCS-DESKTOP/Cart flyout/Back icon' is clicked on

2019-06-07 13:42:12 - [TEST_STEP][PASSED] - closeBrowser(): Browser is closed

2019-06-07 13:42:12 - [MESSAGE][PASSED] - Browser is closed]]></system-out>
         <system-err><![CDATA[]]></system-err>
      </testcase>
      <testcase name="Test Cases/OCS - DESKTOP/OCS- PRODUCT PAGE/Shop all of our products" classname="Test Cases/OCS - DESKTOP/OCS- PRODUCT PAGE/Shop all of our products" status="PASSED">
         <system-out><![CDATA[2019-06-07 13:42:12 - [TEST_CASE][PASSED] - Test Cases/OCS - DESKTOP/OCS- PRODUCT PAGE/Shop all of our products: Test Cases/OCS - DESKTOP/OCS- PRODUCT PAGE/Shop all of our products

2019-06-07 13:42:12 - [TEST_STEP][PASSED] - callTestCase(findTestCase("OCS - DESKTOP/CALL - PDP"), [:], STOP_ON_FAILURE): Call Test Case 'Test Cases/OCS - DESKTOP/CALL - PDP' successfully

2019-06-07 13:42:12 - [TEST_CASE][PASSED] - Test Cases/OCS - DESKTOP/CALL - PDP: Test Cases/OCS - DESKTOP/CALL - PDP

2019-06-07 13:42:12 - [TEST_STEP][PASSED] - openBrowser(""): Browser is opened with url: ''

2019-06-07 13:42:12 - [MESSAGE][INFO] - Starting 'Chrome' driver

2019-06-07 13:42:14 - [MESSAGE][PASSED] - Browser is opened with url: ''

2019-06-07 13:42:14 - [TEST_STEP][PASSED] - navigateToUrl("https://ocs.ca/?fts=0&preview_theme_id=72920074060"): Navigate to 'https://ocs.ca/?fts=0&preview_theme_id=72920074060' successfully

2019-06-07 13:42:19 - [MESSAGE][PASSED] - Navigate to 'https://ocs.ca/?fts=0&preview_theme_id=72920074060' successfully

2019-06-07 13:42:19 - [TEST_STEP][PASSED] - maximizeWindow(): Current window maximized

2019-06-07 13:42:19 - [MESSAGE][PASSED] - Current window maximized

2019-06-07 13:42:19 - [TEST_STEP][PASSED] - executeJavaScript("var previewBar = document.getElementById("preview-bar-iframe"); previewBar.style.display = "none";", []): Execute JavaScript 'var previewBar = document.getElementById("preview-bar-iframe"); previewBar.style.display = "none";' successfully

2019-06-07 13:42:19 - [MESSAGE][PASSED] - Execute JavaScript 'var previewBar = document.getElementById("preview-bar-iframe"); previewBar.style.display = "none";' successfully

2019-06-07 13:42:19 - [TEST_STEP][PASSED] - delay(4): Delayed 4 second(s)

2019-06-07 13:42:23 - [MESSAGE][PASSED] - Delayed 4 second(s)

2019-06-07 13:42:23 - [TEST_STEP][PASSED] - selectOptionByValue(findTestObject("OCS-DESKTOP/Age gate and Mega menu/Date"), "12", true): All options with value '12' are selected in object 'Object Repository/OCS-DESKTOP/Age gate and Mega menu/Date'  using regular expression

2019-06-07 13:42:23 - [MESSAGE][PASSED] - All options with value '12' are selected in object 'Object Repository/OCS-DESKTOP/Age gate and Mega menu/Date'  using regular expression

2019-06-07 13:42:23 - [TEST_STEP][PASSED] - selectOptionByValue(findTestObject("OCS-DESKTOP/Age gate and Mega menu/month"), "6", true): All options with value '6' are selected in object 'Object Repository/OCS-DESKTOP/Age gate and Mega menu/month'  using regular expression

2019-06-07 13:42:24 - [MESSAGE][PASSED] - All options with value '6' are selected in object 'Object Repository/OCS-DESKTOP/Age gate and Mega menu/month'  using regular expression

2019-06-07 13:42:24 - [TEST_STEP][PASSED] - delay(2): Delayed 2 second(s)

2019-06-07 13:42:26 - [MESSAGE][PASSED] - Delayed 2 second(s)

2019-06-07 13:42:26 - [TEST_STEP][PASSED] - selectOptionByValue(findTestObject("OCS-DESKTOP/Age gate and Mega menu/Year Dropdown"), "1990", true): All options with value '1990' are selected in object 'Object Repository/OCS-DESKTOP/Age gate and Mega menu/Year Dropdown'  using regular expression

2019-06-07 13:42:27 - [MESSAGE][PASSED] - All options with value '1990' are selected in object 'Object Repository/OCS-DESKTOP/Age gate and Mega menu/Year Dropdown'  using regular expression

2019-06-07 13:42:27 - [TEST_STEP][PASSED] - click(findTestObject("OCS-DESKTOP/Age gate and Mega menu/button_Verify")): Object: 'Object Repository/OCS-DESKTOP/Age gate and Mega menu/button_Verify' is clicked on

2019-06-07 13:42:27 - [MESSAGE][PASSED] - Object: 'Object Repository/OCS-DESKTOP/Age gate and Mega menu/button_Verify' is clicked on

2019-06-07 13:42:27 - [TEST_STEP][PASSED] - click(findTestObject("OCS-DESKTOP/Age gate and Mega menu/Checkbox_CONFIRM AND ACKNOWLEDGE")): Object: 'Object Repository/OCS-DESKTOP/Age gate and Mega menu/Checkbox_CONFIRM AND ACKNOWLEDGE' is clicked on

2019-06-07 13:42:27 - [MESSAGE][PASSED] - Object: 'Object Repository/OCS-DESKTOP/Age gate and Mega menu/Checkbox_CONFIRM AND ACKNOWLEDGE' is clicked on

2019-06-07 13:42:27 - [TEST_STEP][PASSED] - click(findTestObject("OCS-DESKTOP/Age gate and Mega menu/button_CONFIRM")): Object: 'Object Repository/OCS-DESKTOP/Age gate and Mega menu/button_CONFIRM' is clicked on

2019-06-07 13:42:27 - [MESSAGE][PASSED] - Object: 'Object Repository/OCS-DESKTOP/Age gate and Mega menu/button_CONFIRM' is clicked on

2019-06-07 13:42:27 - [TEST_STEP][PASSED] - click(findTestObject("OCS-DESKTOP/Age gate and Mega menu/button_Start Browsing")): Object: 'Object Repository/OCS-DESKTOP/Age gate and Mega menu/button_Start Browsing' is clicked on

2019-06-07 13:42:27 - [MESSAGE][PASSED] - Object: 'Object Repository/OCS-DESKTOP/Age gate and Mega menu/button_Start Browsing' is clicked on

2019-06-07 13:42:27 - [TEST_STEP][PASSED] - refresh(): Refresh successfully

2019-06-07 13:42:27 - [MESSAGE][PASSED] - Refresh successfully

2019-06-07 13:42:27 - [TEST_STEP][PASSED] - delay(2): Delayed 2 second(s)

2019-06-07 13:42:29 - [MESSAGE][PASSED] - Delayed 2 second(s)

2019-06-07 13:42:29 - [TEST_STEP][PASSED] - mouseOver(findTestObject("OCS-DESKTOP/Age gate and Mega menu/Header/CANNABIS menu - English")): Object: 'Object Repository/OCS-DESKTOP/Age gate and Mega menu/Header/CANNABIS menu - English' is hovered

2019-06-07 13:42:30 - [MESSAGE][PASSED] - Object: 'Object Repository/OCS-DESKTOP/Age gate and Mega menu/Header/CANNABIS menu - English' is hovered

2019-06-07 13:42:30 - [TEST_STEP][PASSED] - delay(2): Delayed 2 second(s)

2019-06-07 13:42:32 - [MESSAGE][PASSED] - Delayed 2 second(s)

2019-06-07 13:42:32 - [TEST_STEP][PASSED] - click(findTestObject("OCS-DESKTOP/Age gate and Mega menu/Indica Dominant_Menu item")): Object: 'Object Repository/OCS-DESKTOP/Age gate and Mega menu/Indica Dominant_Menu item' is clicked on

2019-06-07 13:42:34 - [MESSAGE][PASSED] - Object: 'Object Repository/OCS-DESKTOP/Age gate and Mega menu/Indica Dominant_Menu item' is clicked on

2019-06-07 13:42:34 - [TEST_STEP][PASSED] - delay(2): Delayed 2 second(s)

2019-06-07 13:42:36 - [MESSAGE][PASSED] - Delayed 2 second(s)

2019-06-07 13:42:36 - [TEST_STEP][PASSED] - scrollToElement(findTestObject("OCS-DESKTOP/Collection page/Product image - 1st one"), 0): Scroll to object 'Object Repository/OCS-DESKTOP/Collection page/Product image - 1st one' successfully

2019-06-07 13:42:36 - [MESSAGE][WARNING] - Timeout '0' is invalid. Using default page load timeout: '30'

2019-06-07 13:42:36 - [MESSAGE][PASSED] - Scroll to object 'Object Repository/OCS-DESKTOP/Collection page/Product image - 1st one' successfully

2019-06-07 13:42:36 - [TEST_STEP][PASSED] - delay(2): Delayed 2 second(s)

2019-06-07 13:42:38 - [MESSAGE][PASSED] - Delayed 2 second(s)

2019-06-07 13:42:38 - [TEST_STEP][PASSED] - click(findTestObject("OCS-DESKTOP/Collection page/Product image - 1st one")): Object: 'Object Repository/OCS-DESKTOP/Collection page/Product image - 1st one' is clicked on

2019-06-07 13:42:42 - [MESSAGE][PASSED] - Object: 'Object Repository/OCS-DESKTOP/Collection page/Product image - 1st one' is clicked on

2019-06-07 13:42:42 - [TEST_STEP][PASSED] - executeJavaScript("var previewBar = document.getElementById("preview-bar-iframe"); previewBar.style.display = "none";", []): Execute JavaScript 'var previewBar = document.getElementById("preview-bar-iframe"); previewBar.style.display = "none";' successfully

2019-06-07 13:42:42 - [MESSAGE][PASSED] - Execute JavaScript 'var previewBar = document.getElementById("preview-bar-iframe"); previewBar.style.display = "none";' successfully

2019-06-07 13:42:42 - [TEST_STEP][PASSED] - delay(2): Delayed 2 second(s)

2019-06-07 13:42:44 - [MESSAGE][PASSED] - Delayed 2 second(s)

2019-06-07 13:42:44 - [MESSAGE][PASSED] - Call Test Case 'Test Cases/OCS - DESKTOP/CALL - PDP' successfully

2019-06-07 13:42:44 - [TEST_STEP][NOT_RUN] - scrollToElement(findTestObject("OCS-MOBILE /Product page/Recently Viewed/1st Product - Image"), 2): NOT_RUN: scrollToElement(findTestObject("OCS-MOBILE /Product page/Recently Viewed/1st Product - Image"), 2)

2019-06-07 13:42:44 - [MESSAGE][NOT_RUN] - NOT_RUN: scrollToElement(findTestObject("OCS-MOBILE /Product page/Recently Viewed/1st Product - Image"), 2)

2019-06-07 13:42:44 - [TEST_STEP][PASSED] - delay(1, OPTIONAL): Delayed 1 second(s)

2019-06-07 13:42:45 - [MESSAGE][PASSED] - Delayed 1 second(s)

2019-06-07 13:42:45 - [TEST_STEP][PASSED] - click(findTestObject("OCS-DESKTOP/Product page/Shop all of our products - Button")): Object: 'Object Repository/OCS-DESKTOP/Product page/Shop all of our products - Button' is clicked on

2019-06-07 13:42:48 - [MESSAGE][PASSED] - Object: 'Object Repository/OCS-DESKTOP/Product page/Shop all of our products - Button' is clicked on

2019-06-07 13:42:48 - [TEST_STEP][PASSED] - a = getWindowTitle(): Current window's title is: 'All Products | Ontario Cannabis Store'

2019-06-07 13:42:48 - [MESSAGE][PASSED] - Current window's title is: 'All Products | Ontario Cannabis Store'

2019-06-07 13:42:48 - [TEST_STEP][PASSED] - b = "All Products | Ontario Cannabis Store": null

2019-06-07 13:42:48 - [TEST_STEP][PASSED] - comment("WINDOW TITLE: " + a): WINDOW TITLE: All Products | Ontario Cannabis Store

2019-06-07 13:42:48 - [MESSAGE][INFO] - WINDOW TITLE: All Products | Ontario Cannabis Store

2019-06-07 13:42:48 - [TEST_STEP][PASSED] - verifyEqual(a, b): Actual object 'All Products | Ontario Cannabis Store' and expected object 'All Products | Ontario Cannabis Store' are equal

2019-06-07 13:42:48 - [MESSAGE][PASSED] - Actual object 'All Products | Ontario Cannabis Store' and expected object 'All Products | Ontario Cannabis Store' are equal]]></system-out>
         <system-err><![CDATA[]]></system-err>
      </testcase>
      <testcase name="Test Cases/OCS - DESKTOP/OCS- PRODUCT PAGE/Tooltip" classname="Test Cases/OCS - DESKTOP/OCS- PRODUCT PAGE/Tooltip" status="FAILED">
         <failure type="FAILED" message="Test Cases/OCS - DESKTOP/OCS- PRODUCT PAGE/Tooltip FAILED.
Reason:
com.kms.katalon.core.exception.StepFailedException: Unable to click on object 'Object Repository/OCS-DESKTOP/Product page/Tooltips/THC - Tooltip' (Root cause: com.kms.katalon.core.webui.exception.WebElementNotFoundException: Web element with id: 'Object Repository/OCS-DESKTOP/Product page/Tooltips/THC - Tooltip' located by 'By.xpath: /html/body/div/div[3]/section/div[1]/div[2]/div[1]/div/div/ul/li[1]/h3/i' not found)
	at com.kms.katalon.core.keyword.internal.KeywordMain.stepFailed(KeywordMain.groovy:36)
	at com.kms.katalon.core.webui.keyword.internal.WebUIKeywordMain.stepFailed(WebUIKeywordMain.groovy:65)
	at com.kms.katalon.core.webui.keyword.internal.WebUIKeywordMain.runKeyword(WebUIKeywordMain.groovy:27)
	at com.kms.katalon.core.webui.keyword.builtin.ClickKeyword.click(ClickKeyword.groovy:86)
	at com.kms.katalon.core.webui.keyword.builtin.ClickKeyword.execute(ClickKeyword.groovy:67)
	at com.kms.katalon.core.keyword.internal.KeywordExecutor.executeKeywordForPlatform(KeywordExecutor.groovy:53)
	at com.kms.katalon.core.webui.keyword.WebUiBuiltInKeywords.click(WebUiBuiltInKeywords.groovy:616)
	at com.kms.katalon.core.webui.keyword.WebUiBuiltInKeywords$click$4.call(Unknown Source)
	at Tooltip.run(Tooltip:18)
	at com.kms.katalon.core.main.ScriptEngine.run(ScriptEngine.java:194)
	at com.kms.katalon.core.main.ScriptEngine.runScriptAsRawText(ScriptEngine.java:119)
	at com.kms.katalon.core.main.TestCaseExecutor.runScript(TestCaseExecutor.java:328)
	at com.kms.katalon.core.main.TestCaseExecutor.doExecute(TestCaseExecutor.java:319)
	at com.kms.katalon.core.main.TestCaseExecutor.processExecutionPhase(TestCaseExecutor.java:298)
	at com.kms.katalon.core.main.TestCaseExecutor.accessMainPhase(TestCaseExecutor.java:290)
	at com.kms.katalon.core.main.TestCaseExecutor.execute(TestCaseExecutor.java:224)
	at com.kms.katalon.core.main.TestSuiteExecutor.accessTestCaseMainPhase(TestSuiteExecutor.java:129)
	at com.kms.katalon.core.main.TestSuiteExecutor.accessTestSuiteMainPhase(TestSuiteExecutor.java:112)
	at com.kms.katalon.core.main.TestSuiteExecutor.execute(TestSuiteExecutor.java:81)
	at com.kms.katalon.core.main.TestCaseMain.startTestSuite(TestCaseMain.java:149)
	at com.kms.katalon.core.main.TestCaseMain$startTestSuite$0.call(Unknown Source)
	at TempTestSuite1559927775427.run(TempTestSuite1559927775427.groovy:36)
"/>
         <system-out><![CDATA[2019-06-07 13:42:48 - [TEST_CASE][FAILED] - Test Cases/OCS - DESKTOP/OCS- PRODUCT PAGE/Tooltip: Test Cases/OCS - DESKTOP/OCS- PRODUCT PAGE/Tooltip FAILED.
Reason:
com.kms.katalon.core.exception.StepFailedException: Unable to click on object 'Object Repository/OCS-DESKTOP/Product page/Tooltips/THC - Tooltip' (Root cause: com.kms.katalon.core.webui.exception.WebElementNotFoundException: Web element with id: 'Object Repository/OCS-DESKTOP/Product page/Tooltips/THC - Tooltip' located by 'By.xpath: /html/body/div/div[3]/section/div[1]/div[2]/div[1]/div/div/ul/li[1]/h3/i' not found)
	at com.kms.katalon.core.keyword.internal.KeywordMain.stepFailed(KeywordMain.groovy:36)
	at com.kms.katalon.core.webui.keyword.internal.WebUIKeywordMain.stepFailed(WebUIKeywordMain.groovy:65)
	at com.kms.katalon.core.webui.keyword.internal.WebUIKeywordMain.runKeyword(WebUIKeywordMain.groovy:27)
	at com.kms.katalon.core.webui.keyword.builtin.ClickKeyword.click(ClickKeyword.groovy:86)
	at com.kms.katalon.core.webui.keyword.builtin.ClickKeyword.execute(ClickKeyword.groovy:67)
	at com.kms.katalon.core.keyword.internal.KeywordExecutor.executeKeywordForPlatform(KeywordExecutor.groovy:53)
	at com.kms.katalon.core.webui.keyword.WebUiBuiltInKeywords.click(WebUiBuiltInKeywords.groovy:616)
	at com.kms.katalon.core.webui.keyword.WebUiBuiltInKeywords$click$4.call(Unknown Source)
	at Tooltip.run(Tooltip:18)
	at com.kms.katalon.core.main.ScriptEngine.run(ScriptEngine.java:194)
	at com.kms.katalon.core.main.ScriptEngine.runScriptAsRawText(ScriptEngine.java:119)
	at com.kms.katalon.core.main.TestCaseExecutor.runScript(TestCaseExecutor.java:328)
	at com.kms.katalon.core.main.TestCaseExecutor.doExecute(TestCaseExecutor.java:319)
	at com.kms.katalon.core.main.TestCaseExecutor.processExecutionPhase(TestCaseExecutor.java:298)
	at com.kms.katalon.core.main.TestCaseExecutor.accessMainPhase(TestCaseExecutor.java:290)
	at com.kms.katalon.core.main.TestCaseExecutor.execute(TestCaseExecutor.java:224)
	at com.kms.katalon.core.main.TestSuiteExecutor.accessTestCaseMainPhase(TestSuiteExecutor.java:129)
	at com.kms.katalon.core.main.TestSuiteExecutor.accessTestSuiteMainPhase(TestSuiteExecutor.java:112)
	at com.kms.katalon.core.main.TestSuiteExecutor.execute(TestSuiteExecutor.java:81)
	at com.kms.katalon.core.main.TestCaseMain.startTestSuite(TestCaseMain.java:149)
	at com.kms.katalon.core.main.TestCaseMain$startTestSuite$0.call(Unknown Source)
	at TempTestSuite1559927775427.run(TempTestSuite1559927775427.groovy:36)


2019-06-07 13:42:48 - [TEST_STEP][PASSED] - callTestCase(findTestCase("OCS - DESKTOP/CALL - PDP"), [:], STOP_ON_FAILURE): Call Test Case 'Test Cases/OCS - DESKTOP/CALL - PDP' successfully

2019-06-07 13:42:48 - [TEST_CASE][PASSED] - Test Cases/OCS - DESKTOP/CALL - PDP: Test Cases/OCS - DESKTOP/CALL - PDP

2019-06-07 13:42:48 - [TEST_STEP][PASSED] - openBrowser(""): Browser is opened with url: ''

2019-06-07 13:42:48 - [MESSAGE][WARNING] - A browser is already opened. Closing browser and opening a new one

2019-06-07 13:42:48 - [MESSAGE][INFO] - Starting 'Chrome' driver

2019-06-07 13:42:49 - [MESSAGE][PASSED] - Browser is opened with url: ''

2019-06-07 13:42:49 - [TEST_STEP][PASSED] - navigateToUrl("https://ocs.ca/?fts=0&preview_theme_id=72920074060"): Navigate to 'https://ocs.ca/?fts=0&preview_theme_id=72920074060' successfully

2019-06-07 13:42:54 - [MESSAGE][PASSED] - Navigate to 'https://ocs.ca/?fts=0&preview_theme_id=72920074060' successfully

2019-06-07 13:42:54 - [TEST_STEP][PASSED] - maximizeWindow(): Current window maximized

2019-06-07 13:42:54 - [MESSAGE][PASSED] - Current window maximized

2019-06-07 13:42:54 - [TEST_STEP][PASSED] - executeJavaScript("var previewBar = document.getElementById("preview-bar-iframe"); previewBar.style.display = "none";", []): Execute JavaScript 'var previewBar = document.getElementById("preview-bar-iframe"); previewBar.style.display = "none";' successfully

2019-06-07 13:42:54 - [MESSAGE][PASSED] - Execute JavaScript 'var previewBar = document.getElementById("preview-bar-iframe"); previewBar.style.display = "none";' successfully

2019-06-07 13:42:54 - [TEST_STEP][PASSED] - delay(4): Delayed 4 second(s)

2019-06-07 13:42:58 - [MESSAGE][PASSED] - Delayed 4 second(s)

2019-06-07 13:42:58 - [TEST_STEP][PASSED] - selectOptionByValue(findTestObject("OCS-DESKTOP/Age gate and Mega menu/Date"), "12", true): All options with value '12' are selected in object 'Object Repository/OCS-DESKTOP/Age gate and Mega menu/Date'  using regular expression

2019-06-07 13:42:58 - [MESSAGE][PASSED] - All options with value '12' are selected in object 'Object Repository/OCS-DESKTOP/Age gate and Mega menu/Date'  using regular expression

2019-06-07 13:42:58 - [TEST_STEP][PASSED] - selectOptionByValue(findTestObject("OCS-DESKTOP/Age gate and Mega menu/month"), "6", true): All options with value '6' are selected in object 'Object Repository/OCS-DESKTOP/Age gate and Mega menu/month'  using regular expression

2019-06-07 13:42:59 - [MESSAGE][PASSED] - All options with value '6' are selected in object 'Object Repository/OCS-DESKTOP/Age gate and Mega menu/month'  using regular expression

2019-06-07 13:42:59 - [TEST_STEP][PASSED] - delay(2): Delayed 2 second(s)

2019-06-07 13:43:01 - [MESSAGE][PASSED] - Delayed 2 second(s)

2019-06-07 13:43:01 - [TEST_STEP][PASSED] - selectOptionByValue(findTestObject("OCS-DESKTOP/Age gate and Mega menu/Year Dropdown"), "1990", true): All options with value '1990' are selected in object 'Object Repository/OCS-DESKTOP/Age gate and Mega menu/Year Dropdown'  using regular expression

2019-06-07 13:43:02 - [MESSAGE][PASSED] - All options with value '1990' are selected in object 'Object Repository/OCS-DESKTOP/Age gate and Mega menu/Year Dropdown'  using regular expression

2019-06-07 13:43:02 - [TEST_STEP][PASSED] - click(findTestObject("OCS-DESKTOP/Age gate and Mega menu/button_Verify")): Object: 'Object Repository/OCS-DESKTOP/Age gate and Mega menu/button_Verify' is clicked on

2019-06-07 13:43:02 - [MESSAGE][PASSED] - Object: 'Object Repository/OCS-DESKTOP/Age gate and Mega menu/button_Verify' is clicked on

2019-06-07 13:43:02 - [TEST_STEP][PASSED] - click(findTestObject("OCS-DESKTOP/Age gate and Mega menu/Checkbox_CONFIRM AND ACKNOWLEDGE")): Object: 'Object Repository/OCS-DESKTOP/Age gate and Mega menu/Checkbox_CONFIRM AND ACKNOWLEDGE' is clicked on

2019-06-07 13:43:02 - [MESSAGE][PASSED] - Object: 'Object Repository/OCS-DESKTOP/Age gate and Mega menu/Checkbox_CONFIRM AND ACKNOWLEDGE' is clicked on

2019-06-07 13:43:02 - [TEST_STEP][PASSED] - click(findTestObject("OCS-DESKTOP/Age gate and Mega menu/button_CONFIRM")): Object: 'Object Repository/OCS-DESKTOP/Age gate and Mega menu/button_CONFIRM' is clicked on

2019-06-07 13:43:02 - [MESSAGE][PASSED] - Object: 'Object Repository/OCS-DESKTOP/Age gate and Mega menu/button_CONFIRM' is clicked on

2019-06-07 13:43:02 - [TEST_STEP][PASSED] - click(findTestObject("OCS-DESKTOP/Age gate and Mega menu/button_Start Browsing")): Object: 'Object Repository/OCS-DESKTOP/Age gate and Mega menu/button_Start Browsing' is clicked on

2019-06-07 13:43:02 - [MESSAGE][PASSED] - Object: 'Object Repository/OCS-DESKTOP/Age gate and Mega menu/button_Start Browsing' is clicked on

2019-06-07 13:43:02 - [TEST_STEP][PASSED] - refresh(): Refresh successfully

2019-06-07 13:43:02 - [MESSAGE][PASSED] - Refresh successfully

2019-06-07 13:43:02 - [TEST_STEP][PASSED] - delay(2): Delayed 2 second(s)

2019-06-07 13:43:04 - [MESSAGE][PASSED] - Delayed 2 second(s)

2019-06-07 13:43:04 - [TEST_STEP][PASSED] - mouseOver(findTestObject("OCS-DESKTOP/Age gate and Mega menu/Header/CANNABIS menu - English")): Object: 'Object Repository/OCS-DESKTOP/Age gate and Mega menu/Header/CANNABIS menu - English' is hovered

2019-06-07 13:43:05 - [MESSAGE][PASSED] - Object: 'Object Repository/OCS-DESKTOP/Age gate and Mega menu/Header/CANNABIS menu - English' is hovered

2019-06-07 13:43:05 - [TEST_STEP][PASSED] - delay(2): Delayed 2 second(s)

2019-06-07 13:43:07 - [MESSAGE][PASSED] - Delayed 2 second(s)

2019-06-07 13:43:07 - [TEST_STEP][PASSED] - click(findTestObject("OCS-DESKTOP/Age gate and Mega menu/Indica Dominant_Menu item")): Object: 'Object Repository/OCS-DESKTOP/Age gate and Mega menu/Indica Dominant_Menu item' is clicked on

2019-06-07 13:43:09 - [MESSAGE][PASSED] - Object: 'Object Repository/OCS-DESKTOP/Age gate and Mega menu/Indica Dominant_Menu item' is clicked on

2019-06-07 13:43:09 - [TEST_STEP][PASSED] - delay(2): Delayed 2 second(s)

2019-06-07 13:43:11 - [MESSAGE][PASSED] - Delayed 2 second(s)

2019-06-07 13:43:11 - [TEST_STEP][PASSED] - scrollToElement(findTestObject("OCS-DESKTOP/Collection page/Product image - 1st one"), 0): Scroll to object 'Object Repository/OCS-DESKTOP/Collection page/Product image - 1st one' successfully

2019-06-07 13:43:11 - [MESSAGE][WARNING] - Timeout '0' is invalid. Using default page load timeout: '30'

2019-06-07 13:43:11 - [MESSAGE][PASSED] - Scroll to object 'Object Repository/OCS-DESKTOP/Collection page/Product image - 1st one' successfully

2019-06-07 13:43:11 - [TEST_STEP][PASSED] - delay(2): Delayed 2 second(s)

2019-06-07 13:43:13 - [MESSAGE][PASSED] - Delayed 2 second(s)

2019-06-07 13:43:13 - [TEST_STEP][PASSED] - click(findTestObject("OCS-DESKTOP/Collection page/Product image - 1st one")): Object: 'Object Repository/OCS-DESKTOP/Collection page/Product image - 1st one' is clicked on

2019-06-07 13:43:17 - [MESSAGE][PASSED] - Object: 'Object Repository/OCS-DESKTOP/Collection page/Product image - 1st one' is clicked on

2019-06-07 13:43:17 - [TEST_STEP][PASSED] - executeJavaScript("var previewBar = document.getElementById("preview-bar-iframe"); previewBar.style.display = "none";", []): Execute JavaScript 'var previewBar = document.getElementById("preview-bar-iframe"); previewBar.style.display = "none";' successfully

2019-06-07 13:43:17 - [MESSAGE][PASSED] - Execute JavaScript 'var previewBar = document.getElementById("preview-bar-iframe"); previewBar.style.display = "none";' successfully

2019-06-07 13:43:17 - [TEST_STEP][PASSED] - delay(2): Delayed 2 second(s)

2019-06-07 13:43:19 - [MESSAGE][PASSED] - Delayed 2 second(s)

2019-06-07 13:43:19 - [MESSAGE][PASSED] - Call Test Case 'Test Cases/OCS - DESKTOP/CALL - PDP' successfully

2019-06-07 13:43:19 - [TEST_STEP][FAILED] - click(findTestObject("OCS-DESKTOP/Product page/Tooltips/THC - Tooltip")): click(findTestObject("OCS-DESKTOP/Product page/Tooltips/THC - Tooltip")) FAILED.
Reason:
com.kms.katalon.core.exception.StepFailedException: Unable to click on object 'Object Repository/OCS-DESKTOP/Product page/Tooltips/THC - Tooltip' (Root cause: com.kms.katalon.core.webui.exception.WebElementNotFoundException: Web element with id: 'Object Repository/OCS-DESKTOP/Product page/Tooltips/THC - Tooltip' located by 'By.xpath: /html/body/div/div[3]/section/div[1]/div[2]/div[1]/div/div/ul/li[1]/h3/i' not found)
	at com.kms.katalon.core.keyword.internal.KeywordMain.stepFailed(KeywordMain.groovy:36)
	at com.kms.katalon.core.webui.keyword.internal.WebUIKeywordMain.stepFailed(WebUIKeywordMain.groovy:65)
	at com.kms.katalon.core.webui.keyword.internal.WebUIKeywordMain.runKeyword(WebUIKeywordMain.groovy:27)
	at com.kms.katalon.core.webui.keyword.builtin.ClickKeyword.click(ClickKeyword.groovy:86)
	at com.kms.katalon.core.webui.keyword.builtin.ClickKeyword.execute(ClickKeyword.groovy:67)
	at com.kms.katalon.core.keyword.internal.KeywordExecutor.executeKeywordForPlatform(KeywordExecutor.groovy:53)
	at com.kms.katalon.core.webui.keyword.WebUiBuiltInKeywords.click(WebUiBuiltInKeywords.groovy:616)
	at com.kms.katalon.core.webui.keyword.WebUiBuiltInKeywords$click$4.call(Unknown Source)
	at Tooltip.run(Tooltip:18)
	at com.kms.katalon.core.main.ScriptEngine.run(ScriptEngine.java:194)
	at com.kms.katalon.core.main.ScriptEngine.runScriptAsRawText(ScriptEngine.java:119)
	at com.kms.katalon.core.main.TestCaseExecutor.runScript(TestCaseExecutor.java:328)
	at com.kms.katalon.core.main.TestCaseExecutor.doExecute(TestCaseExecutor.java:319)
	at com.kms.katalon.core.main.TestCaseExecutor.processExecutionPhase(TestCaseExecutor.java:298)
	at com.kms.katalon.core.main.TestCaseExecutor.accessMainPhase(TestCaseExecutor.java:290)
	at com.kms.katalon.core.main.TestCaseExecutor.execute(TestCaseExecutor.java:224)
	at com.kms.katalon.core.main.TestSuiteExecutor.accessTestCaseMainPhase(TestSuiteExecutor.java:129)
	at com.kms.katalon.core.main.TestSuiteExecutor.accessTestSuiteMainPhase(TestSuiteExecutor.java:112)
	at com.kms.katalon.core.main.TestSuiteExecutor.execute(TestSuiteExecutor.java:81)
	at com.kms.katalon.core.main.TestCaseMain.startTestSuite(TestCaseMain.java:149)
	at com.kms.katalon.core.main.TestCaseMain$startTestSuite$0.call(Unknown Source)
	at TempTestSuite1559927775427.run(TempTestSuite1559927775427.groovy:36)


2019-06-07 13:43:50 - [MESSAGE][INFO] - Unable to find the element located by 'By.xpath: /html/body/div/div[3]/section/div[1]/div[2]/div[1]/div/div/ul/li[1]/h3/i'. Please recheck the objects properties to make sure the desired element is located. 

2019-06-07 13:43:50 - [MESSAGE][FAILED] - Unable to click on object 'Object Repository/OCS-DESKTOP/Product page/Tooltips/THC - Tooltip' (Root cause: com.kms.katalon.core.webui.exception.WebElementNotFoundException: Web element with id: 'Object Repository/OCS-DESKTOP/Product page/Tooltips/THC - Tooltip' located by 'By.xpath: /html/body/div/div[3]/section/div[1]/div[2]/div[1]/div/div/ul/li[1]/h3/i' not found)
[[ATTACHMENT|/Users/sumankompelly/Relative xpath-Desktop/Reports/OCS- 1.9.2.1/20190607_131615/1559929430134.png]]

2019-06-07 13:43:50 - [MESSAGE][FAILED] - click(findTestObject("OCS-DESKTOP/Product page/Tooltips/THC - Tooltip")) FAILED.
Reason:
com.kms.katalon.core.exception.StepFailedException: Unable to click on object 'Object Repository/OCS-DESKTOP/Product page/Tooltips/THC - Tooltip' (Root cause: com.kms.katalon.core.webui.exception.WebElementNotFoundException: Web element with id: 'Object Repository/OCS-DESKTOP/Product page/Tooltips/THC - Tooltip' located by 'By.xpath: /html/body/div/div[3]/section/div[1]/div[2]/div[1]/div/div/ul/li[1]/h3/i' not found)
	at com.kms.katalon.core.keyword.internal.KeywordMain.stepFailed(KeywordMain.groovy:36)
	at com.kms.katalon.core.webui.keyword.internal.WebUIKeywordMain.stepFailed(WebUIKeywordMain.groovy:65)
	at com.kms.katalon.core.webui.keyword.internal.WebUIKeywordMain.runKeyword(WebUIKeywordMain.groovy:27)
	at com.kms.katalon.core.webui.keyword.builtin.ClickKeyword.click(ClickKeyword.groovy:86)
	at com.kms.katalon.core.webui.keyword.builtin.ClickKeyword.execute(ClickKeyword.groovy:67)
	at com.kms.katalon.core.keyword.internal.KeywordExecutor.executeKeywordForPlatform(KeywordExecutor.groovy:53)
	at com.kms.katalon.core.webui.keyword.WebUiBuiltInKeywords.click(WebUiBuiltInKeywords.groovy:616)
	at com.kms.katalon.core.webui.keyword.WebUiBuiltInKeywords$click$4.call(Unknown Source)
	at Tooltip.run(Tooltip:18)
	at com.kms.katalon.core.main.ScriptEngine.run(ScriptEngine.java:194)
	at com.kms.katalon.core.main.ScriptEngine.runScriptAsRawText(ScriptEngine.java:119)
	at com.kms.katalon.core.main.TestCaseExecutor.runScript(TestCaseExecutor.java:328)
	at com.kms.katalon.core.main.TestCaseExecutor.doExecute(TestCaseExecutor.java:319)
	at com.kms.katalon.core.main.TestCaseExecutor.processExecutionPhase(TestCaseExecutor.java:298)
	at com.kms.katalon.core.main.TestCaseExecutor.accessMainPhase(TestCaseExecutor.java:290)
	at com.kms.katalon.core.main.TestCaseExecutor.execute(TestCaseExecutor.java:224)
	at com.kms.katalon.core.main.TestSuiteExecutor.accessTestCaseMainPhase(TestSuiteExecutor.java:129)
	at com.kms.katalon.core.main.TestSuiteExecutor.accessTestSuiteMainPhase(TestSuiteExecutor.java:112)
	at com.kms.katalon.core.main.TestSuiteExecutor.execute(TestSuiteExecutor.java:81)
	at com.kms.katalon.core.main.TestCaseMain.startTestSuite(TestCaseMain.java:149)
	at com.kms.katalon.core.main.TestCaseMain$startTestSuite$0.call(Unknown Source)
	at TempTestSuite1559927775427.run(TempTestSuite1559927775427.groovy:36)]]></system-out>
         <system-err><![CDATA[2019-06-07 13:42:48 - [TEST_CASE][FAILED] - Test Cases/OCS - DESKTOP/OCS- PRODUCT PAGE/Tooltip: Test Cases/OCS - DESKTOP/OCS- PRODUCT PAGE/Tooltip FAILED.
Reason:
com.kms.katalon.core.exception.StepFailedException: Unable to click on object 'Object Repository/OCS-DESKTOP/Product page/Tooltips/THC - Tooltip' (Root cause: com.kms.katalon.core.webui.exception.WebElementNotFoundException: Web element with id: 'Object Repository/OCS-DESKTOP/Product page/Tooltips/THC - Tooltip' located by 'By.xpath: /html/body/div/div[3]/section/div[1]/div[2]/div[1]/div/div/ul/li[1]/h3/i' not found)
	at com.kms.katalon.core.keyword.internal.KeywordMain.stepFailed(KeywordMain.groovy:36)
	at com.kms.katalon.core.webui.keyword.internal.WebUIKeywordMain.stepFailed(WebUIKeywordMain.groovy:65)
	at com.kms.katalon.core.webui.keyword.internal.WebUIKeywordMain.runKeyword(WebUIKeywordMain.groovy:27)
	at com.kms.katalon.core.webui.keyword.builtin.ClickKeyword.click(ClickKeyword.groovy:86)
	at com.kms.katalon.core.webui.keyword.builtin.ClickKeyword.execute(ClickKeyword.groovy:67)
	at com.kms.katalon.core.keyword.internal.KeywordExecutor.executeKeywordForPlatform(KeywordExecutor.groovy:53)
	at com.kms.katalon.core.webui.keyword.WebUiBuiltInKeywords.click(WebUiBuiltInKeywords.groovy:616)
	at com.kms.katalon.core.webui.keyword.WebUiBuiltInKeywords$click$4.call(Unknown Source)
	at Tooltip.run(Tooltip:18)
	at com.kms.katalon.core.main.ScriptEngine.run(ScriptEngine.java:194)
	at com.kms.katalon.core.main.ScriptEngine.runScriptAsRawText(ScriptEngine.java:119)
	at com.kms.katalon.core.main.TestCaseExecutor.runScript(TestCaseExecutor.java:328)
	at com.kms.katalon.core.main.TestCaseExecutor.doExecute(TestCaseExecutor.java:319)
	at com.kms.katalon.core.main.TestCaseExecutor.processExecutionPhase(TestCaseExecutor.java:298)
	at com.kms.katalon.core.main.TestCaseExecutor.accessMainPhase(TestCaseExecutor.java:290)
	at com.kms.katalon.core.main.TestCaseExecutor.execute(TestCaseExecutor.java:224)
	at com.kms.katalon.core.main.TestSuiteExecutor.accessTestCaseMainPhase(TestSuiteExecutor.java:129)
	at com.kms.katalon.core.main.TestSuiteExecutor.accessTestSuiteMainPhase(TestSuiteExecutor.java:112)
	at com.kms.katalon.core.main.TestSuiteExecutor.execute(TestSuiteExecutor.java:81)
	at com.kms.katalon.core.main.TestCaseMain.startTestSuite(TestCaseMain.java:149)
	at com.kms.katalon.core.main.TestCaseMain$startTestSuite$0.call(Unknown Source)
	at TempTestSuite1559927775427.run(TempTestSuite1559927775427.groovy:36)]]></system-err>
      </testcase>
      <testcase name="Test Cases/OCS - DESKTOP/OCS- PRODUCT PAGE/Show all accessories" classname="Test Cases/OCS - DESKTOP/OCS- PRODUCT PAGE/Show all accessories" status="FAILED">
         <failure type="FAILED" message="Test Cases/OCS - DESKTOP/OCS- PRODUCT PAGE/Show all accessories FAILED.
Reason:
com.kms.katalon.core.exception.StepFailedException: Unable to verify equal between actual object 'All Products | Ontario Cannabis Store' and expected object 'All Accessories | Ontario Cannabis Store' (Root cause: com.kms.katalon.core.exception.StepFailedException: Actual object 'All Products | Ontario Cannabis Store' and expected object 'All Accessories | Ontario Cannabis Store' are not equal)
	at com.kms.katalon.core.keyword.internal.KeywordMain.stepFailed(KeywordMain.groovy:36)
	at com.kms.katalon.core.keyword.internal.KeywordMain.stepFailed(KeywordMain.groovy)
	at com.kms.katalon.core.keyword.internal.KeywordMain.runKeyword(KeywordMain.groovy:56)
	at com.kms.katalon.core.keyword.builtin.VerifyEqualKeyword.verifyEqual(VerifyEqualKeyword.groovy:63)
	at com.kms.katalon.core.keyword.builtin.VerifyEqualKeyword.execute(VerifyEqualKeyword.groovy:44)
	at com.kms.katalon.core.keyword.internal.KeywordExecutor.executeKeywordForPlatform(KeywordExecutor.groovy:53)
	at com.kms.katalon.core.keyword.BuiltinKeywords.verifyEqual(BuiltinKeywords.groovy:141)
	at Show all accessories.run(Show all accessories:31)
	at com.kms.katalon.core.main.ScriptEngine.run(ScriptEngine.java:194)
	at com.kms.katalon.core.main.ScriptEngine.runScriptAsRawText(ScriptEngine.java:119)
	at com.kms.katalon.core.main.TestCaseExecutor.runScript(TestCaseExecutor.java:328)
	at com.kms.katalon.core.main.TestCaseExecutor.doExecute(TestCaseExecutor.java:319)
	at com.kms.katalon.core.main.TestCaseExecutor.processExecutionPhase(TestCaseExecutor.java:298)
	at com.kms.katalon.core.main.TestCaseExecutor.accessMainPhase(TestCaseExecutor.java:290)
	at com.kms.katalon.core.main.TestCaseExecutor.execute(TestCaseExecutor.java:224)
	at com.kms.katalon.core.main.TestSuiteExecutor.accessTestCaseMainPhase(TestSuiteExecutor.java:129)
	at com.kms.katalon.core.main.TestSuiteExecutor.accessTestSuiteMainPhase(TestSuiteExecutor.java:112)
	at com.kms.katalon.core.main.TestSuiteExecutor.execute(TestSuiteExecutor.java:81)
	at com.kms.katalon.core.main.TestCaseMain.startTestSuite(TestCaseMain.java:149)
	at com.kms.katalon.core.main.TestCaseMain$startTestSuite$0.call(Unknown Source)
	at TempTestSuite1559927775427.run(TempTestSuite1559927775427.groovy:36)
"/>
         <system-out><![CDATA[2019-06-07 13:43:50 - [TEST_CASE][FAILED] - Test Cases/OCS - DESKTOP/OCS- PRODUCT PAGE/Show all accessories: Test Cases/OCS - DESKTOP/OCS- PRODUCT PAGE/Show all accessories FAILED.
Reason:
com.kms.katalon.core.exception.StepFailedException: Unable to verify equal between actual object 'All Products | Ontario Cannabis Store' and expected object 'All Accessories | Ontario Cannabis Store' (Root cause: com.kms.katalon.core.exception.StepFailedException: Actual object 'All Products | Ontario Cannabis Store' and expected object 'All Accessories | Ontario Cannabis Store' are not equal)
	at com.kms.katalon.core.keyword.internal.KeywordMain.stepFailed(KeywordMain.groovy:36)
	at com.kms.katalon.core.keyword.internal.KeywordMain.stepFailed(KeywordMain.groovy)
	at com.kms.katalon.core.keyword.internal.KeywordMain.runKeyword(KeywordMain.groovy:56)
	at com.kms.katalon.core.keyword.builtin.VerifyEqualKeyword.verifyEqual(VerifyEqualKeyword.groovy:63)
	at com.kms.katalon.core.keyword.builtin.VerifyEqualKeyword.execute(VerifyEqualKeyword.groovy:44)
	at com.kms.katalon.core.keyword.internal.KeywordExecutor.executeKeywordForPlatform(KeywordExecutor.groovy:53)
	at com.kms.katalon.core.keyword.BuiltinKeywords.verifyEqual(BuiltinKeywords.groovy:141)
	at Show all accessories.run(Show all accessories:31)
	at com.kms.katalon.core.main.ScriptEngine.run(ScriptEngine.java:194)
	at com.kms.katalon.core.main.ScriptEngine.runScriptAsRawText(ScriptEngine.java:119)
	at com.kms.katalon.core.main.TestCaseExecutor.runScript(TestCaseExecutor.java:328)
	at com.kms.katalon.core.main.TestCaseExecutor.doExecute(TestCaseExecutor.java:319)
	at com.kms.katalon.core.main.TestCaseExecutor.processExecutionPhase(TestCaseExecutor.java:298)
	at com.kms.katalon.core.main.TestCaseExecutor.accessMainPhase(TestCaseExecutor.java:290)
	at com.kms.katalon.core.main.TestCaseExecutor.execute(TestCaseExecutor.java:224)
	at com.kms.katalon.core.main.TestSuiteExecutor.accessTestCaseMainPhase(TestSuiteExecutor.java:129)
	at com.kms.katalon.core.main.TestSuiteExecutor.accessTestSuiteMainPhase(TestSuiteExecutor.java:112)
	at com.kms.katalon.core.main.TestSuiteExecutor.execute(TestSuiteExecutor.java:81)
	at com.kms.katalon.core.main.TestCaseMain.startTestSuite(TestCaseMain.java:149)
	at com.kms.katalon.core.main.TestCaseMain$startTestSuite$0.call(Unknown Source)
	at TempTestSuite1559927775427.run(TempTestSuite1559927775427.groovy:36)


2019-06-07 13:43:50 - [TEST_STEP][PASSED] - callTestCase(findTestCase("OCS - DESKTOP/CALL - PDP"), [:], STOP_ON_FAILURE): Call Test Case 'Test Cases/OCS - DESKTOP/CALL - PDP' successfully

2019-06-07 13:43:50 - [TEST_CASE][PASSED] - Test Cases/OCS - DESKTOP/CALL - PDP: Test Cases/OCS - DESKTOP/CALL - PDP

2019-06-07 13:43:50 - [TEST_STEP][PASSED] - openBrowser(""): Browser is opened with url: ''

2019-06-07 13:43:50 - [MESSAGE][WARNING] - A browser is already opened. Closing browser and opening a new one

2019-06-07 13:43:51 - [MESSAGE][INFO] - Starting 'Chrome' driver

2019-06-07 13:43:52 - [MESSAGE][PASSED] - Browser is opened with url: ''

2019-06-07 13:43:52 - [TEST_STEP][PASSED] - navigateToUrl("https://ocs.ca/?fts=0&preview_theme_id=72920074060"): Navigate to 'https://ocs.ca/?fts=0&preview_theme_id=72920074060' successfully

2019-06-07 13:43:57 - [MESSAGE][PASSED] - Navigate to 'https://ocs.ca/?fts=0&preview_theme_id=72920074060' successfully

2019-06-07 13:43:57 - [TEST_STEP][PASSED] - maximizeWindow(): Current window maximized

2019-06-07 13:43:57 - [MESSAGE][PASSED] - Current window maximized

2019-06-07 13:43:57 - [TEST_STEP][PASSED] - executeJavaScript("var previewBar = document.getElementById("preview-bar-iframe"); previewBar.style.display = "none";", []): Execute JavaScript 'var previewBar = document.getElementById("preview-bar-iframe"); previewBar.style.display = "none";' successfully

2019-06-07 13:43:57 - [MESSAGE][PASSED] - Execute JavaScript 'var previewBar = document.getElementById("preview-bar-iframe"); previewBar.style.display = "none";' successfully

2019-06-07 13:43:57 - [TEST_STEP][PASSED] - delay(4): Delayed 4 second(s)

2019-06-07 13:44:01 - [MESSAGE][PASSED] - Delayed 4 second(s)

2019-06-07 13:44:01 - [TEST_STEP][PASSED] - selectOptionByValue(findTestObject("OCS-DESKTOP/Age gate and Mega menu/Date"), "12", true): All options with value '12' are selected in object 'Object Repository/OCS-DESKTOP/Age gate and Mega menu/Date'  using regular expression

2019-06-07 13:44:01 - [MESSAGE][PASSED] - All options with value '12' are selected in object 'Object Repository/OCS-DESKTOP/Age gate and Mega menu/Date'  using regular expression

2019-06-07 13:44:01 - [TEST_STEP][PASSED] - selectOptionByValue(findTestObject("OCS-DESKTOP/Age gate and Mega menu/month"), "6", true): All options with value '6' are selected in object 'Object Repository/OCS-DESKTOP/Age gate and Mega menu/month'  using regular expression

2019-06-07 13:44:01 - [MESSAGE][PASSED] - All options with value '6' are selected in object 'Object Repository/OCS-DESKTOP/Age gate and Mega menu/month'  using regular expression

2019-06-07 13:44:01 - [TEST_STEP][PASSED] - delay(2): Delayed 2 second(s)

2019-06-07 13:44:03 - [MESSAGE][PASSED] - Delayed 2 second(s)

2019-06-07 13:44:03 - [TEST_STEP][PASSED] - selectOptionByValue(findTestObject("OCS-DESKTOP/Age gate and Mega menu/Year Dropdown"), "1990", true): All options with value '1990' are selected in object 'Object Repository/OCS-DESKTOP/Age gate and Mega menu/Year Dropdown'  using regular expression

2019-06-07 13:44:04 - [MESSAGE][PASSED] - All options with value '1990' are selected in object 'Object Repository/OCS-DESKTOP/Age gate and Mega menu/Year Dropdown'  using regular expression

2019-06-07 13:44:04 - [TEST_STEP][PASSED] - click(findTestObject("OCS-DESKTOP/Age gate and Mega menu/button_Verify")): Object: 'Object Repository/OCS-DESKTOP/Age gate and Mega menu/button_Verify' is clicked on

2019-06-07 13:44:05 - [MESSAGE][PASSED] - Object: 'Object Repository/OCS-DESKTOP/Age gate and Mega menu/button_Verify' is clicked on

2019-06-07 13:44:05 - [TEST_STEP][PASSED] - click(findTestObject("OCS-DESKTOP/Age gate and Mega menu/Checkbox_CONFIRM AND ACKNOWLEDGE")): Object: 'Object Repository/OCS-DESKTOP/Age gate and Mega menu/Checkbox_CONFIRM AND ACKNOWLEDGE' is clicked on

2019-06-07 13:44:05 - [MESSAGE][PASSED] - Object: 'Object Repository/OCS-DESKTOP/Age gate and Mega menu/Checkbox_CONFIRM AND ACKNOWLEDGE' is clicked on

2019-06-07 13:44:05 - [TEST_STEP][PASSED] - click(findTestObject("OCS-DESKTOP/Age gate and Mega menu/button_CONFIRM")): Object: 'Object Repository/OCS-DESKTOP/Age gate and Mega menu/button_CONFIRM' is clicked on

2019-06-07 13:44:05 - [MESSAGE][PASSED] - Object: 'Object Repository/OCS-DESKTOP/Age gate and Mega menu/button_CONFIRM' is clicked on

2019-06-07 13:44:05 - [TEST_STEP][PASSED] - click(findTestObject("OCS-DESKTOP/Age gate and Mega menu/button_Start Browsing")): Object: 'Object Repository/OCS-DESKTOP/Age gate and Mega menu/button_Start Browsing' is clicked on

2019-06-07 13:44:05 - [MESSAGE][PASSED] - Object: 'Object Repository/OCS-DESKTOP/Age gate and Mega menu/button_Start Browsing' is clicked on

2019-06-07 13:44:05 - [TEST_STEP][PASSED] - refresh(): Refresh successfully

2019-06-07 13:44:09 - [MESSAGE][PASSED] - Refresh successfully

2019-06-07 13:44:09 - [TEST_STEP][PASSED] - delay(2): Delayed 2 second(s)

2019-06-07 13:44:11 - [MESSAGE][PASSED] - Delayed 2 second(s)

2019-06-07 13:44:11 - [TEST_STEP][PASSED] - mouseOver(findTestObject("OCS-DESKTOP/Age gate and Mega menu/Header/CANNABIS menu - English")): Object: 'Object Repository/OCS-DESKTOP/Age gate and Mega menu/Header/CANNABIS menu - English' is hovered

2019-06-07 13:44:11 - [MESSAGE][PASSED] - Object: 'Object Repository/OCS-DESKTOP/Age gate and Mega menu/Header/CANNABIS menu - English' is hovered

2019-06-07 13:44:11 - [TEST_STEP][PASSED] - delay(2): Delayed 2 second(s)

2019-06-07 13:44:13 - [MESSAGE][PASSED] - Delayed 2 second(s)

2019-06-07 13:44:13 - [TEST_STEP][PASSED] - click(findTestObject("OCS-DESKTOP/Age gate and Mega menu/Indica Dominant_Menu item")): Object: 'Object Repository/OCS-DESKTOP/Age gate and Mega menu/Indica Dominant_Menu item' is clicked on

2019-06-07 13:44:15 - [MESSAGE][PASSED] - Object: 'Object Repository/OCS-DESKTOP/Age gate and Mega menu/Indica Dominant_Menu item' is clicked on

2019-06-07 13:44:15 - [TEST_STEP][PASSED] - delay(2): Delayed 2 second(s)

2019-06-07 13:44:17 - [MESSAGE][PASSED] - Delayed 2 second(s)

2019-06-07 13:44:17 - [TEST_STEP][PASSED] - scrollToElement(findTestObject("OCS-DESKTOP/Collection page/Product image - 1st one"), 0): Scroll to object 'Object Repository/OCS-DESKTOP/Collection page/Product image - 1st one' successfully

2019-06-07 13:44:17 - [MESSAGE][WARNING] - Timeout '0' is invalid. Using default page load timeout: '30'

2019-06-07 13:44:17 - [MESSAGE][PASSED] - Scroll to object 'Object Repository/OCS-DESKTOP/Collection page/Product image - 1st one' successfully

2019-06-07 13:44:17 - [TEST_STEP][PASSED] - delay(2): Delayed 2 second(s)

2019-06-07 13:44:19 - [MESSAGE][PASSED] - Delayed 2 second(s)

2019-06-07 13:44:19 - [TEST_STEP][PASSED] - click(findTestObject("OCS-DESKTOP/Collection page/Product image - 1st one")): Object: 'Object Repository/OCS-DESKTOP/Collection page/Product image - 1st one' is clicked on

2019-06-07 13:44:23 - [MESSAGE][PASSED] - Object: 'Object Repository/OCS-DESKTOP/Collection page/Product image - 1st one' is clicked on

2019-06-07 13:44:23 - [TEST_STEP][PASSED] - executeJavaScript("var previewBar = document.getElementById("preview-bar-iframe"); previewBar.style.display = "none";", []): Execute JavaScript 'var previewBar = document.getElementById("preview-bar-iframe"); previewBar.style.display = "none";' successfully

2019-06-07 13:44:23 - [MESSAGE][PASSED] - Execute JavaScript 'var previewBar = document.getElementById("preview-bar-iframe"); previewBar.style.display = "none";' successfully

2019-06-07 13:44:23 - [TEST_STEP][PASSED] - delay(2): Delayed 2 second(s)

2019-06-07 13:44:25 - [MESSAGE][PASSED] - Delayed 2 second(s)

2019-06-07 13:44:25 - [MESSAGE][PASSED] - Call Test Case 'Test Cases/OCS - DESKTOP/CALL - PDP' successfully

2019-06-07 13:44:25 - [TEST_STEP][NOT_RUN] - scrollToElement(findTestObject("OCS-MOBILE /Product page/More items to consider section/Grinders - Tab"), 2): NOT_RUN: scrollToElement(findTestObject("OCS-MOBILE /Product page/More items to consider section/Grinders - Tab"), 2)

2019-06-07 13:44:25 - [MESSAGE][NOT_RUN] - NOT_RUN: scrollToElement(findTestObject("OCS-MOBILE /Product page/More items to consider section/Grinders - Tab"), 2)

2019-06-07 13:44:25 - [TEST_STEP][PASSED] - delay(5): Delayed 5 second(s)

2019-06-07 13:44:30 - [MESSAGE][PASSED] - Delayed 5 second(s)

2019-06-07 13:44:30 - [TEST_STEP][PASSED] - click(findTestObject("OCS-DESKTOP/Product page/More items to consider section/Show all accessories - Link")): Object: 'Object Repository/OCS-DESKTOP/Product page/More items to consider section/Show all accessories - Link' is clicked on

2019-06-07 13:44:32 - [MESSAGE][PASSED] - Object: 'Object Repository/OCS-DESKTOP/Product page/More items to consider section/Show all accessories - Link' is clicked on

2019-06-07 13:44:32 - [TEST_STEP][PASSED] - a = getWindowTitle(): Current window's title is: 'All Products | Ontario Cannabis Store'

2019-06-07 13:44:32 - [MESSAGE][PASSED] - Current window's title is: 'All Products | Ontario Cannabis Store'

2019-06-07 13:44:32 - [TEST_STEP][PASSED] - b = "All Accessories | Ontario Cannabis Store": null

2019-06-07 13:44:32 - [TEST_STEP][PASSED] - comment("WINDOW TITLE: " + a): WINDOW TITLE: All Products | Ontario Cannabis Store

2019-06-07 13:44:32 - [MESSAGE][INFO] - WINDOW TITLE: All Products | Ontario Cannabis Store

2019-06-07 13:44:32 - [TEST_STEP][FAILED] - verifyEqual(a, b): verifyEqual(a, b) FAILED.
Reason:
com.kms.katalon.core.exception.StepFailedException: Unable to verify equal between actual object 'All Products | Ontario Cannabis Store' and expected object 'All Accessories | Ontario Cannabis Store' (Root cause: com.kms.katalon.core.exception.StepFailedException: Actual object 'All Products | Ontario Cannabis Store' and expected object 'All Accessories | Ontario Cannabis Store' are not equal)
	at com.kms.katalon.core.keyword.internal.KeywordMain.stepFailed(KeywordMain.groovy:36)
	at com.kms.katalon.core.keyword.internal.KeywordMain.stepFailed(KeywordMain.groovy)
	at com.kms.katalon.core.keyword.internal.KeywordMain.runKeyword(KeywordMain.groovy:56)
	at com.kms.katalon.core.keyword.builtin.VerifyEqualKeyword.verifyEqual(VerifyEqualKeyword.groovy:63)
	at com.kms.katalon.core.keyword.builtin.VerifyEqualKeyword.execute(VerifyEqualKeyword.groovy:44)
	at com.kms.katalon.core.keyword.internal.KeywordExecutor.executeKeywordForPlatform(KeywordExecutor.groovy:53)
	at com.kms.katalon.core.keyword.BuiltinKeywords.verifyEqual(BuiltinKeywords.groovy:141)
	at Show all accessories.run(Show all accessories:31)
	at com.kms.katalon.core.main.ScriptEngine.run(ScriptEngine.java:194)
	at com.kms.katalon.core.main.ScriptEngine.runScriptAsRawText(ScriptEngine.java:119)
	at com.kms.katalon.core.main.TestCaseExecutor.runScript(TestCaseExecutor.java:328)
	at com.kms.katalon.core.main.TestCaseExecutor.doExecute(TestCaseExecutor.java:319)
	at com.kms.katalon.core.main.TestCaseExecutor.processExecutionPhase(TestCaseExecutor.java:298)
	at com.kms.katalon.core.main.TestCaseExecutor.accessMainPhase(TestCaseExecutor.java:290)
	at com.kms.katalon.core.main.TestCaseExecutor.execute(TestCaseExecutor.java:224)
	at com.kms.katalon.core.main.TestSuiteExecutor.accessTestCaseMainPhase(TestSuiteExecutor.java:129)
	at com.kms.katalon.core.main.TestSuiteExecutor.accessTestSuiteMainPhase(TestSuiteExecutor.java:112)
	at com.kms.katalon.core.main.TestSuiteExecutor.execute(TestSuiteExecutor.java:81)
	at com.kms.katalon.core.main.TestCaseMain.startTestSuite(TestCaseMain.java:149)
	at com.kms.katalon.core.main.TestCaseMain$startTestSuite$0.call(Unknown Source)
	at TempTestSuite1559927775427.run(TempTestSuite1559927775427.groovy:36)


2019-06-07 13:44:32 - [MESSAGE][FAILED] - Unable to verify equal between actual object 'All Products | Ontario Cannabis Store' and expected object 'All Accessories | Ontario Cannabis Store' (Root cause: com.kms.katalon.core.exception.StepFailedException: Actual object 'All Products | Ontario Cannabis Store' and expected object 'All Accessories | Ontario Cannabis Store' are not equal)

2019-06-07 13:44:32 - [MESSAGE][FAILED] - verifyEqual(a, b) FAILED.
Reason:
com.kms.katalon.core.exception.StepFailedException: Unable to verify equal between actual object 'All Products | Ontario Cannabis Store' and expected object 'All Accessories | Ontario Cannabis Store' (Root cause: com.kms.katalon.core.exception.StepFailedException: Actual object 'All Products | Ontario Cannabis Store' and expected object 'All Accessories | Ontario Cannabis Store' are not equal)
	at com.kms.katalon.core.keyword.internal.KeywordMain.stepFailed(KeywordMain.groovy:36)
	at com.kms.katalon.core.keyword.internal.KeywordMain.stepFailed(KeywordMain.groovy)
	at com.kms.katalon.core.keyword.internal.KeywordMain.runKeyword(KeywordMain.groovy:56)
	at com.kms.katalon.core.keyword.builtin.VerifyEqualKeyword.verifyEqual(VerifyEqualKeyword.groovy:63)
	at com.kms.katalon.core.keyword.builtin.VerifyEqualKeyword.execute(VerifyEqualKeyword.groovy:44)
	at com.kms.katalon.core.keyword.internal.KeywordExecutor.executeKeywordForPlatform(KeywordExecutor.groovy:53)
	at com.kms.katalon.core.keyword.BuiltinKeywords.verifyEqual(BuiltinKeywords.groovy:141)
	at Show all accessories.run(Show all accessories:31)
	at com.kms.katalon.core.main.ScriptEngine.run(ScriptEngine.java:194)
	at com.kms.katalon.core.main.ScriptEngine.runScriptAsRawText(ScriptEngine.java:119)
	at com.kms.katalon.core.main.TestCaseExecutor.runScript(TestCaseExecutor.java:328)
	at com.kms.katalon.core.main.TestCaseExecutor.doExecute(TestCaseExecutor.java:319)
	at com.kms.katalon.core.main.TestCaseExecutor.processExecutionPhase(TestCaseExecutor.java:298)
	at com.kms.katalon.core.main.TestCaseExecutor.accessMainPhase(TestCaseExecutor.java:290)
	at com.kms.katalon.core.main.TestCaseExecutor.execute(TestCaseExecutor.java:224)
	at com.kms.katalon.core.main.TestSuiteExecutor.accessTestCaseMainPhase(TestSuiteExecutor.java:129)
	at com.kms.katalon.core.main.TestSuiteExecutor.accessTestSuiteMainPhase(TestSuiteExecutor.java:112)
	at com.kms.katalon.core.main.TestSuiteExecutor.execute(TestSuiteExecutor.java:81)
	at com.kms.katalon.core.main.TestCaseMain.startTestSuite(TestCaseMain.java:149)
	at com.kms.katalon.core.main.TestCaseMain$startTestSuite$0.call(Unknown Source)
	at TempTestSuite1559927775427.run(TempTestSuite1559927775427.groovy:36)]]></system-out>
         <system-err><![CDATA[2019-06-07 13:43:50 - [TEST_CASE][FAILED] - Test Cases/OCS - DESKTOP/OCS- PRODUCT PAGE/Show all accessories: Test Cases/OCS - DESKTOP/OCS- PRODUCT PAGE/Show all accessories FAILED.
Reason:
com.kms.katalon.core.exception.StepFailedException: Unable to verify equal between actual object 'All Products | Ontario Cannabis Store' and expected object 'All Accessories | Ontario Cannabis Store' (Root cause: com.kms.katalon.core.exception.StepFailedException: Actual object 'All Products | Ontario Cannabis Store' and expected object 'All Accessories | Ontario Cannabis Store' are not equal)
	at com.kms.katalon.core.keyword.internal.KeywordMain.stepFailed(KeywordMain.groovy:36)
	at com.kms.katalon.core.keyword.internal.KeywordMain.stepFailed(KeywordMain.groovy)
	at com.kms.katalon.core.keyword.internal.KeywordMain.runKeyword(KeywordMain.groovy:56)
	at com.kms.katalon.core.keyword.builtin.VerifyEqualKeyword.verifyEqual(VerifyEqualKeyword.groovy:63)
	at com.kms.katalon.core.keyword.builtin.VerifyEqualKeyword.execute(VerifyEqualKeyword.groovy:44)
	at com.kms.katalon.core.keyword.internal.KeywordExecutor.executeKeywordForPlatform(KeywordExecutor.groovy:53)
	at com.kms.katalon.core.keyword.BuiltinKeywords.verifyEqual(BuiltinKeywords.groovy:141)
	at Show all accessories.run(Show all accessories:31)
	at com.kms.katalon.core.main.ScriptEngine.run(ScriptEngine.java:194)
	at com.kms.katalon.core.main.ScriptEngine.runScriptAsRawText(ScriptEngine.java:119)
	at com.kms.katalon.core.main.TestCaseExecutor.runScript(TestCaseExecutor.java:328)
	at com.kms.katalon.core.main.TestCaseExecutor.doExecute(TestCaseExecutor.java:319)
	at com.kms.katalon.core.main.TestCaseExecutor.processExecutionPhase(TestCaseExecutor.java:298)
	at com.kms.katalon.core.main.TestCaseExecutor.accessMainPhase(TestCaseExecutor.java:290)
	at com.kms.katalon.core.main.TestCaseExecutor.execute(TestCaseExecutor.java:224)
	at com.kms.katalon.core.main.TestSuiteExecutor.accessTestCaseMainPhase(TestSuiteExecutor.java:129)
	at com.kms.katalon.core.main.TestSuiteExecutor.accessTestSuiteMainPhase(TestSuiteExecutor.java:112)
	at com.kms.katalon.core.main.TestSuiteExecutor.execute(TestSuiteExecutor.java:81)
	at com.kms.katalon.core.main.TestCaseMain.startTestSuite(TestCaseMain.java:149)
	at com.kms.katalon.core.main.TestCaseMain$startTestSuite$0.call(Unknown Source)
	at TempTestSuite1559927775427.run(TempTestSuite1559927775427.groovy:36)]]></system-err>
      </testcase>
      <testcase name="Test Cases/OCS - DESKTOP/OCS- PRODUCT PAGE/breadcrumb" classname="Test Cases/OCS - DESKTOP/OCS- PRODUCT PAGE/breadcrumb" status="PASSED">
         <system-out><![CDATA[2019-06-07 13:44:32 - [TEST_CASE][PASSED] - Test Cases/OCS - DESKTOP/OCS- PRODUCT PAGE/breadcrumb: Test Cases/OCS - DESKTOP/OCS- PRODUCT PAGE/breadcrumb

2019-06-07 13:44:33 - [TEST_STEP][PASSED] - callTestCase(findTestCase("OCS - DESKTOP/CALL - PDP"), [:], STOP_ON_FAILURE): Call Test Case 'Test Cases/OCS - DESKTOP/CALL - PDP' successfully

2019-06-07 13:44:33 - [TEST_CASE][PASSED] - Test Cases/OCS - DESKTOP/CALL - PDP: Test Cases/OCS - DESKTOP/CALL - PDP

2019-06-07 13:44:33 - [TEST_STEP][PASSED] - openBrowser(""): Browser is opened with url: ''

2019-06-07 13:44:33 - [MESSAGE][WARNING] - A browser is already opened. Closing browser and opening a new one

2019-06-07 13:44:33 - [MESSAGE][INFO] - Starting 'Chrome' driver

2019-06-07 13:44:34 - [MESSAGE][PASSED] - Browser is opened with url: ''

2019-06-07 13:44:34 - [TEST_STEP][PASSED] - navigateToUrl("https://ocs.ca/?fts=0&preview_theme_id=72920074060"): Navigate to 'https://ocs.ca/?fts=0&preview_theme_id=72920074060' successfully

2019-06-07 13:44:40 - [MESSAGE][PASSED] - Navigate to 'https://ocs.ca/?fts=0&preview_theme_id=72920074060' successfully

2019-06-07 13:44:40 - [TEST_STEP][PASSED] - maximizeWindow(): Current window maximized

2019-06-07 13:44:40 - [MESSAGE][PASSED] - Current window maximized

2019-06-07 13:44:40 - [TEST_STEP][PASSED] - executeJavaScript("var previewBar = document.getElementById("preview-bar-iframe"); previewBar.style.display = "none";", []): Execute JavaScript 'var previewBar = document.getElementById("preview-bar-iframe"); previewBar.style.display = "none";' successfully

2019-06-07 13:44:40 - [MESSAGE][PASSED] - Execute JavaScript 'var previewBar = document.getElementById("preview-bar-iframe"); previewBar.style.display = "none";' successfully

2019-06-07 13:44:40 - [TEST_STEP][PASSED] - delay(4): Delayed 4 second(s)

2019-06-07 13:44:44 - [MESSAGE][PASSED] - Delayed 4 second(s)

2019-06-07 13:44:44 - [TEST_STEP][PASSED] - selectOptionByValue(findTestObject("OCS-DESKTOP/Age gate and Mega menu/Date"), "12", true): All options with value '12' are selected in object 'Object Repository/OCS-DESKTOP/Age gate and Mega menu/Date'  using regular expression

2019-06-07 13:44:44 - [MESSAGE][PASSED] - All options with value '12' are selected in object 'Object Repository/OCS-DESKTOP/Age gate and Mega menu/Date'  using regular expression

2019-06-07 13:44:44 - [TEST_STEP][PASSED] - selectOptionByValue(findTestObject("OCS-DESKTOP/Age gate and Mega menu/month"), "6", true): All options with value '6' are selected in object 'Object Repository/OCS-DESKTOP/Age gate and Mega menu/month'  using regular expression

2019-06-07 13:44:45 - [MESSAGE][PASSED] - All options with value '6' are selected in object 'Object Repository/OCS-DESKTOP/Age gate and Mega menu/month'  using regular expression

2019-06-07 13:44:45 - [TEST_STEP][PASSED] - delay(2): Delayed 2 second(s)

2019-06-07 13:44:47 - [MESSAGE][PASSED] - Delayed 2 second(s)

2019-06-07 13:44:47 - [TEST_STEP][PASSED] - selectOptionByValue(findTestObject("OCS-DESKTOP/Age gate and Mega menu/Year Dropdown"), "1990", true): All options with value '1990' are selected in object 'Object Repository/OCS-DESKTOP/Age gate and Mega menu/Year Dropdown'  using regular expression

2019-06-07 13:44:48 - [MESSAGE][PASSED] - All options with value '1990' are selected in object 'Object Repository/OCS-DESKTOP/Age gate and Mega menu/Year Dropdown'  using regular expression

2019-06-07 13:44:48 - [TEST_STEP][PASSED] - click(findTestObject("OCS-DESKTOP/Age gate and Mega menu/button_Verify")): Object: 'Object Repository/OCS-DESKTOP/Age gate and Mega menu/button_Verify' is clicked on

2019-06-07 13:44:48 - [MESSAGE][PASSED] - Object: 'Object Repository/OCS-DESKTOP/Age gate and Mega menu/button_Verify' is clicked on

2019-06-07 13:44:48 - [TEST_STEP][PASSED] - click(findTestObject("OCS-DESKTOP/Age gate and Mega menu/Checkbox_CONFIRM AND ACKNOWLEDGE")): Object: 'Object Repository/OCS-DESKTOP/Age gate and Mega menu/Checkbox_CONFIRM AND ACKNOWLEDGE' is clicked on

2019-06-07 13:44:48 - [MESSAGE][PASSED] - Object: 'Object Repository/OCS-DESKTOP/Age gate and Mega menu/Checkbox_CONFIRM AND ACKNOWLEDGE' is clicked on

2019-06-07 13:44:48 - [TEST_STEP][PASSED] - click(findTestObject("OCS-DESKTOP/Age gate and Mega menu/button_CONFIRM")): Object: 'Object Repository/OCS-DESKTOP/Age gate and Mega menu/button_CONFIRM' is clicked on

2019-06-07 13:44:48 - [MESSAGE][PASSED] - Object: 'Object Repository/OCS-DESKTOP/Age gate and Mega menu/button_CONFIRM' is clicked on

2019-06-07 13:44:48 - [TEST_STEP][PASSED] - click(findTestObject("OCS-DESKTOP/Age gate and Mega menu/button_Start Browsing")): Object: 'Object Repository/OCS-DESKTOP/Age gate and Mega menu/button_Start Browsing' is clicked on

2019-06-07 13:44:48 - [MESSAGE][PASSED] - Object: 'Object Repository/OCS-DESKTOP/Age gate and Mega menu/button_Start Browsing' is clicked on

2019-06-07 13:44:48 - [TEST_STEP][PASSED] - refresh(): Refresh successfully

2019-06-07 13:44:48 - [MESSAGE][PASSED] - Refresh successfully

2019-06-07 13:44:48 - [TEST_STEP][PASSED] - delay(2): Delayed 2 second(s)

2019-06-07 13:44:50 - [MESSAGE][PASSED] - Delayed 2 second(s)

2019-06-07 13:44:50 - [TEST_STEP][PASSED] - mouseOver(findTestObject("OCS-DESKTOP/Age gate and Mega menu/Header/CANNABIS menu - English")): Object: 'Object Repository/OCS-DESKTOP/Age gate and Mega menu/Header/CANNABIS menu - English' is hovered

2019-06-07 13:44:52 - [MESSAGE][PASSED] - Object: 'Object Repository/OCS-DESKTOP/Age gate and Mega menu/Header/CANNABIS menu - English' is hovered

2019-06-07 13:44:52 - [TEST_STEP][PASSED] - delay(2): Delayed 2 second(s)

2019-06-07 13:44:54 - [MESSAGE][PASSED] - Delayed 2 second(s)

2019-06-07 13:44:54 - [TEST_STEP][PASSED] - click(findTestObject("OCS-DESKTOP/Age gate and Mega menu/Indica Dominant_Menu item")): Object: 'Object Repository/OCS-DESKTOP/Age gate and Mega menu/Indica Dominant_Menu item' is clicked on

2019-06-07 13:44:56 - [MESSAGE][PASSED] - Object: 'Object Repository/OCS-DESKTOP/Age gate and Mega menu/Indica Dominant_Menu item' is clicked on

2019-06-07 13:44:56 - [TEST_STEP][PASSED] - delay(2): Delayed 2 second(s)

2019-06-07 13:44:58 - [MESSAGE][PASSED] - Delayed 2 second(s)

2019-06-07 13:44:58 - [TEST_STEP][PASSED] - scrollToElement(findTestObject("OCS-DESKTOP/Collection page/Product image - 1st one"), 0): Scroll to object 'Object Repository/OCS-DESKTOP/Collection page/Product image - 1st one' successfully

2019-06-07 13:44:58 - [MESSAGE][WARNING] - Timeout '0' is invalid. Using default page load timeout: '30'

2019-06-07 13:44:58 - [MESSAGE][PASSED] - Scroll to object 'Object Repository/OCS-DESKTOP/Collection page/Product image - 1st one' successfully

2019-06-07 13:44:58 - [TEST_STEP][PASSED] - delay(2): Delayed 2 second(s)

2019-06-07 13:45:00 - [MESSAGE][PASSED] - Delayed 2 second(s)

2019-06-07 13:45:00 - [TEST_STEP][PASSED] - click(findTestObject("OCS-DESKTOP/Collection page/Product image - 1st one")): Object: 'Object Repository/OCS-DESKTOP/Collection page/Product image - 1st one' is clicked on

2019-06-07 13:45:03 - [MESSAGE][PASSED] - Object: 'Object Repository/OCS-DESKTOP/Collection page/Product image - 1st one' is clicked on

2019-06-07 13:45:03 - [TEST_STEP][PASSED] - executeJavaScript("var previewBar = document.getElementById("preview-bar-iframe"); previewBar.style.display = "none";", []): Execute JavaScript 'var previewBar = document.getElementById("preview-bar-iframe"); previewBar.style.display = "none";' successfully

2019-06-07 13:45:03 - [MESSAGE][PASSED] - Execute JavaScript 'var previewBar = document.getElementById("preview-bar-iframe"); previewBar.style.display = "none";' successfully

2019-06-07 13:45:03 - [TEST_STEP][PASSED] - delay(2): Delayed 2 second(s)

2019-06-07 13:45:05 - [MESSAGE][PASSED] - Delayed 2 second(s)

2019-06-07 13:45:05 - [MESSAGE][PASSED] - Call Test Case 'Test Cases/OCS - DESKTOP/CALL - PDP' successfully

2019-06-07 13:45:05 - [TEST_STEP][PASSED] - click(findTestObject("OCS-DESKTOP/Product page/a_Dried flower")): Object: 'Object Repository/OCS-DESKTOP/Product page/a_Dried flower' is clicked on

2019-06-07 13:45:07 - [MESSAGE][PASSED] - Object: 'Object Repository/OCS-DESKTOP/Product page/a_Dried flower' is clicked on

2019-06-07 13:45:07 - [TEST_STEP][PASSED] - b = getWindowTitle(): Current window's title is: 'Dried Flower | Ontario Cannabis Store'

2019-06-07 13:45:07 - [MESSAGE][PASSED] - Current window's title is: 'Dried Flower | Ontario Cannabis Store'

2019-06-07 13:45:07 - [TEST_STEP][PASSED] - comment(" b= " + b):  b= Dried Flower | Ontario Cannabis Store

2019-06-07 13:45:07 - [MESSAGE][INFO] -  b= Dried Flower | Ontario Cannabis Store

2019-06-07 13:45:07 - [TEST_STEP][PASSED] - assert getWindowTitle() == b: Current window's title is: 'Dried Flower | Ontario Cannabis Store'

2019-06-07 13:45:07 - [MESSAGE][PASSED] - Current window's title is: 'Dried Flower | Ontario Cannabis Store'

2019-06-07 13:45:07 - [TEST_STEP][PASSED] - click(findTestObject("OCS-DESKTOP/Product page/a_Cannabis")): Object: 'Object Repository/OCS-DESKTOP/Product page/a_Cannabis' is clicked on

2019-06-07 13:45:09 - [MESSAGE][PASSED] - Object: 'Object Repository/OCS-DESKTOP/Product page/a_Cannabis' is clicked on

2019-06-07 13:45:09 - [TEST_STEP][PASSED] - c = getWindowTitle(): Current window's title is: 'All Cannabis Products | Ontario Cannabis Store'

2019-06-07 13:45:09 - [MESSAGE][PASSED] - Current window's title is: 'All Cannabis Products | Ontario Cannabis Store'

2019-06-07 13:45:09 - [TEST_STEP][PASSED] - comment(" c= " + c):  c= All Cannabis Products | Ontario Cannabis Store

2019-06-07 13:45:09 - [MESSAGE][INFO] -  c= All Cannabis Products | Ontario Cannabis Store

2019-06-07 13:45:09 - [TEST_STEP][PASSED] - assert getWindowTitle() == c: Current window's title is: 'All Cannabis Products | Ontario Cannabis Store'

2019-06-07 13:45:09 - [MESSAGE][PASSED] - Current window's title is: 'All Cannabis Products | Ontario Cannabis Store'

2019-06-07 13:45:09 - [TEST_STEP][PASSED] - click(findTestObject("OCS-DESKTOP/Product page/a_Home")): Object: 'Object Repository/OCS-DESKTOP/Product page/a_Home' is clicked on

2019-06-07 13:45:12 - [MESSAGE][PASSED] - Object: 'Object Repository/OCS-DESKTOP/Product page/a_Home' is clicked on

2019-06-07 13:45:12 - [TEST_STEP][PASSED] - a = getWindowTitle(): Current window's title is: 'Ontario Cannabis Store | Ontario Cannabis Store'

2019-06-07 13:45:12 - [MESSAGE][PASSED] - Current window's title is: 'Ontario Cannabis Store | Ontario Cannabis Store'

2019-06-07 13:45:12 - [TEST_STEP][PASSED] - comment(" a= " + a):  a= Ontario Cannabis Store | Ontario Cannabis Store

2019-06-07 13:45:12 - [MESSAGE][INFO] -  a= Ontario Cannabis Store | Ontario Cannabis Store

2019-06-07 13:45:12 - [TEST_STEP][PASSED] - assert getWindowTitle() == a: Current window's title is: 'Ontario Cannabis Store | Ontario Cannabis Store'

2019-06-07 13:45:12 - [MESSAGE][PASSED] - Current window's title is: 'Ontario Cannabis Store | Ontario Cannabis Store']]></system-out>
         <system-err><![CDATA[]]></system-err>
      </testcase>
      <testcase name="Test Cases/OCS - DESKTOP/OCS- PRODUCT PAGE/More items to consider" classname="Test Cases/OCS - DESKTOP/OCS- PRODUCT PAGE/More items to consider" status="FAILED">
         <failure type="FAILED" message="Test Cases/OCS - DESKTOP/OCS- PRODUCT PAGE/More items to consider FAILED.
Reason:
com.kms.katalon.core.exception.StepFailedException: Unable to scroll to object 'Object Repository/OCS-DESKTOP/Product page/Last raw of the table' (Root cause: com.kms.katalon.core.webui.exception.WebElementNotFoundException: Web element with id: 'Object Repository/OCS-DESKTOP/Product page/Last raw of the table' located by 'By.xpath: /html/body/div/div[3]/section/section[1]/div/table/tbody/tr[5]' not found)
	at com.kms.katalon.core.keyword.internal.KeywordMain.stepFailed(KeywordMain.groovy:36)
	at com.kms.katalon.core.webui.keyword.internal.WebUIKeywordMain.stepFailed(WebUIKeywordMain.groovy:65)
	at com.kms.katalon.core.webui.keyword.internal.WebUIKeywordMain.runKeyword(WebUIKeywordMain.groovy:27)
	at com.kms.katalon.core.webui.keyword.builtin.ScrollToElementKeyword.scrollToElement(ScrollToElementKeyword.groovy:88)
	at com.kms.katalon.core.webui.keyword.builtin.ScrollToElementKeyword.execute(ScrollToElementKeyword.groovy:68)
	at com.kms.katalon.core.keyword.internal.KeywordExecutor.executeKeywordForPlatform(KeywordExecutor.groovy:53)
	at com.kms.katalon.core.webui.keyword.WebUiBuiltInKeywords.scrollToElement(WebUiBuiltInKeywords.groovy:2975)
	at com.kms.katalon.core.webui.keyword.WebUiBuiltInKeywords$scrollToElement$11.call(Unknown Source)
	at More items to consider.run(More items to consider:25)
	at com.kms.katalon.core.main.ScriptEngine.run(ScriptEngine.java:194)
	at com.kms.katalon.core.main.ScriptEngine.runScriptAsRawText(ScriptEngine.java:119)
	at com.kms.katalon.core.main.TestCaseExecutor.runScript(TestCaseExecutor.java:328)
	at com.kms.katalon.core.main.TestCaseExecutor.doExecute(TestCaseExecutor.java:319)
	at com.kms.katalon.core.main.TestCaseExecutor.processExecutionPhase(TestCaseExecutor.java:298)
	at com.kms.katalon.core.main.TestCaseExecutor.accessMainPhase(TestCaseExecutor.java:290)
	at com.kms.katalon.core.main.TestCaseExecutor.execute(TestCaseExecutor.java:224)
	at com.kms.katalon.core.main.TestSuiteExecutor.accessTestCaseMainPhase(TestSuiteExecutor.java:129)
	at com.kms.katalon.core.main.TestSuiteExecutor.accessTestSuiteMainPhase(TestSuiteExecutor.java:112)
	at com.kms.katalon.core.main.TestSuiteExecutor.execute(TestSuiteExecutor.java:81)
	at com.kms.katalon.core.main.TestCaseMain.startTestSuite(TestCaseMain.java:149)
	at com.kms.katalon.core.main.TestCaseMain$startTestSuite$0.call(Unknown Source)
	at TempTestSuite1559927775427.run(TempTestSuite1559927775427.groovy:36)
"/>
         <system-out><![CDATA[2019-06-07 13:45:12 - [TEST_CASE][FAILED] - Test Cases/OCS - DESKTOP/OCS- PRODUCT PAGE/More items to consider: Test Cases/OCS - DESKTOP/OCS- PRODUCT PAGE/More items to consider FAILED.
Reason:
com.kms.katalon.core.exception.StepFailedException: Unable to scroll to object 'Object Repository/OCS-DESKTOP/Product page/Last raw of the table' (Root cause: com.kms.katalon.core.webui.exception.WebElementNotFoundException: Web element with id: 'Object Repository/OCS-DESKTOP/Product page/Last raw of the table' located by 'By.xpath: /html/body/div/div[3]/section/section[1]/div/table/tbody/tr[5]' not found)
	at com.kms.katalon.core.keyword.internal.KeywordMain.stepFailed(KeywordMain.groovy:36)
	at com.kms.katalon.core.webui.keyword.internal.WebUIKeywordMain.stepFailed(WebUIKeywordMain.groovy:65)
	at com.kms.katalon.core.webui.keyword.internal.WebUIKeywordMain.runKeyword(WebUIKeywordMain.groovy:27)
	at com.kms.katalon.core.webui.keyword.builtin.ScrollToElementKeyword.scrollToElement(ScrollToElementKeyword.groovy:88)
	at com.kms.katalon.core.webui.keyword.builtin.ScrollToElementKeyword.execute(ScrollToElementKeyword.groovy:68)
	at com.kms.katalon.core.keyword.internal.KeywordExecutor.executeKeywordForPlatform(KeywordExecutor.groovy:53)
	at com.kms.katalon.core.webui.keyword.WebUiBuiltInKeywords.scrollToElement(WebUiBuiltInKeywords.groovy:2975)
	at com.kms.katalon.core.webui.keyword.WebUiBuiltInKeywords$scrollToElement$11.call(Unknown Source)
	at More items to consider.run(More items to consider:25)
	at com.kms.katalon.core.main.ScriptEngine.run(ScriptEngine.java:194)
	at com.kms.katalon.core.main.ScriptEngine.runScriptAsRawText(ScriptEngine.java:119)
	at com.kms.katalon.core.main.TestCaseExecutor.runScript(TestCaseExecutor.java:328)
	at com.kms.katalon.core.main.TestCaseExecutor.doExecute(TestCaseExecutor.java:319)
	at com.kms.katalon.core.main.TestCaseExecutor.processExecutionPhase(TestCaseExecutor.java:298)
	at com.kms.katalon.core.main.TestCaseExecutor.accessMainPhase(TestCaseExecutor.java:290)
	at com.kms.katalon.core.main.TestCaseExecutor.execute(TestCaseExecutor.java:224)
	at com.kms.katalon.core.main.TestSuiteExecutor.accessTestCaseMainPhase(TestSuiteExecutor.java:129)
	at com.kms.katalon.core.main.TestSuiteExecutor.accessTestSuiteMainPhase(TestSuiteExecutor.java:112)
	at com.kms.katalon.core.main.TestSuiteExecutor.execute(TestSuiteExecutor.java:81)
	at com.kms.katalon.core.main.TestCaseMain.startTestSuite(TestCaseMain.java:149)
	at com.kms.katalon.core.main.TestCaseMain$startTestSuite$0.call(Unknown Source)
	at TempTestSuite1559927775427.run(TempTestSuite1559927775427.groovy:36)


2019-06-07 13:45:12 - [TEST_STEP][PASSED] - callTestCase(findTestCase("OCS - DESKTOP/CALL - PDP"), [:], STOP_ON_FAILURE): Call Test Case 'Test Cases/OCS - DESKTOP/CALL - PDP' successfully

2019-06-07 13:45:13 - [TEST_CASE][PASSED] - Test Cases/OCS - DESKTOP/CALL - PDP: Test Cases/OCS - DESKTOP/CALL - PDP

2019-06-07 13:45:13 - [TEST_STEP][PASSED] - openBrowser(""): Browser is opened with url: ''

2019-06-07 13:45:13 - [MESSAGE][WARNING] - A browser is already opened. Closing browser and opening a new one

2019-06-07 13:45:13 - [MESSAGE][INFO] - Starting 'Chrome' driver

2019-06-07 13:45:14 - [MESSAGE][PASSED] - Browser is opened with url: ''

2019-06-07 13:45:14 - [TEST_STEP][PASSED] - navigateToUrl("https://ocs.ca/?fts=0&preview_theme_id=72920074060"): Navigate to 'https://ocs.ca/?fts=0&preview_theme_id=72920074060' successfully

2019-06-07 13:45:18 - [MESSAGE][PASSED] - Navigate to 'https://ocs.ca/?fts=0&preview_theme_id=72920074060' successfully

2019-06-07 13:45:18 - [TEST_STEP][PASSED] - maximizeWindow(): Current window maximized

2019-06-07 13:45:18 - [MESSAGE][PASSED] - Current window maximized

2019-06-07 13:45:18 - [TEST_STEP][PASSED] - executeJavaScript("var previewBar = document.getElementById("preview-bar-iframe"); previewBar.style.display = "none";", []): Execute JavaScript 'var previewBar = document.getElementById("preview-bar-iframe"); previewBar.style.display = "none";' successfully

2019-06-07 13:45:18 - [MESSAGE][PASSED] - Execute JavaScript 'var previewBar = document.getElementById("preview-bar-iframe"); previewBar.style.display = "none";' successfully

2019-06-07 13:45:18 - [TEST_STEP][PASSED] - delay(4): Delayed 4 second(s)

2019-06-07 13:45:22 - [MESSAGE][PASSED] - Delayed 4 second(s)

2019-06-07 13:45:22 - [TEST_STEP][PASSED] - selectOptionByValue(findTestObject("OCS-DESKTOP/Age gate and Mega menu/Date"), "12", true): All options with value '12' are selected in object 'Object Repository/OCS-DESKTOP/Age gate and Mega menu/Date'  using regular expression

2019-06-07 13:45:23 - [MESSAGE][PASSED] - All options with value '12' are selected in object 'Object Repository/OCS-DESKTOP/Age gate and Mega menu/Date'  using regular expression

2019-06-07 13:45:23 - [TEST_STEP][PASSED] - selectOptionByValue(findTestObject("OCS-DESKTOP/Age gate and Mega menu/month"), "6", true): All options with value '6' are selected in object 'Object Repository/OCS-DESKTOP/Age gate and Mega menu/month'  using regular expression

2019-06-07 13:45:23 - [MESSAGE][PASSED] - All options with value '6' are selected in object 'Object Repository/OCS-DESKTOP/Age gate and Mega menu/month'  using regular expression

2019-06-07 13:45:23 - [TEST_STEP][PASSED] - delay(2): Delayed 2 second(s)

2019-06-07 13:45:25 - [MESSAGE][PASSED] - Delayed 2 second(s)

2019-06-07 13:45:25 - [TEST_STEP][PASSED] - selectOptionByValue(findTestObject("OCS-DESKTOP/Age gate and Mega menu/Year Dropdown"), "1990", true): All options with value '1990' are selected in object 'Object Repository/OCS-DESKTOP/Age gate and Mega menu/Year Dropdown'  using regular expression

2019-06-07 13:45:26 - [MESSAGE][PASSED] - All options with value '1990' are selected in object 'Object Repository/OCS-DESKTOP/Age gate and Mega menu/Year Dropdown'  using regular expression

2019-06-07 13:45:26 - [TEST_STEP][PASSED] - click(findTestObject("OCS-DESKTOP/Age gate and Mega menu/button_Verify")): Object: 'Object Repository/OCS-DESKTOP/Age gate and Mega menu/button_Verify' is clicked on

2019-06-07 13:45:26 - [MESSAGE][PASSED] - Object: 'Object Repository/OCS-DESKTOP/Age gate and Mega menu/button_Verify' is clicked on

2019-06-07 13:45:26 - [TEST_STEP][PASSED] - click(findTestObject("OCS-DESKTOP/Age gate and Mega menu/Checkbox_CONFIRM AND ACKNOWLEDGE")): Object: 'Object Repository/OCS-DESKTOP/Age gate and Mega menu/Checkbox_CONFIRM AND ACKNOWLEDGE' is clicked on

2019-06-07 13:45:26 - [MESSAGE][PASSED] - Object: 'Object Repository/OCS-DESKTOP/Age gate and Mega menu/Checkbox_CONFIRM AND ACKNOWLEDGE' is clicked on

2019-06-07 13:45:26 - [TEST_STEP][PASSED] - click(findTestObject("OCS-DESKTOP/Age gate and Mega menu/button_CONFIRM")): Object: 'Object Repository/OCS-DESKTOP/Age gate and Mega menu/button_CONFIRM' is clicked on

2019-06-07 13:45:26 - [MESSAGE][PASSED] - Object: 'Object Repository/OCS-DESKTOP/Age gate and Mega menu/button_CONFIRM' is clicked on

2019-06-07 13:45:26 - [TEST_STEP][PASSED] - click(findTestObject("OCS-DESKTOP/Age gate and Mega menu/button_Start Browsing")): Object: 'Object Repository/OCS-DESKTOP/Age gate and Mega menu/button_Start Browsing' is clicked on

2019-06-07 13:45:26 - [MESSAGE][PASSED] - Object: 'Object Repository/OCS-DESKTOP/Age gate and Mega menu/button_Start Browsing' is clicked on

2019-06-07 13:45:26 - [TEST_STEP][PASSED] - refresh(): Refresh successfully

2019-06-07 13:45:26 - [MESSAGE][PASSED] - Refresh successfully

2019-06-07 13:45:26 - [TEST_STEP][PASSED] - delay(2): Delayed 2 second(s)

2019-06-07 13:45:28 - [MESSAGE][PASSED] - Delayed 2 second(s)

2019-06-07 13:45:28 - [TEST_STEP][PASSED] - mouseOver(findTestObject("OCS-DESKTOP/Age gate and Mega menu/Header/CANNABIS menu - English")): Object: 'Object Repository/OCS-DESKTOP/Age gate and Mega menu/Header/CANNABIS menu - English' is hovered

2019-06-07 13:45:29 - [MESSAGE][PASSED] - Object: 'Object Repository/OCS-DESKTOP/Age gate and Mega menu/Header/CANNABIS menu - English' is hovered

2019-06-07 13:45:29 - [TEST_STEP][PASSED] - delay(2): Delayed 2 second(s)

2019-06-07 13:45:31 - [MESSAGE][PASSED] - Delayed 2 second(s)

2019-06-07 13:45:31 - [TEST_STEP][PASSED] - click(findTestObject("OCS-DESKTOP/Age gate and Mega menu/Indica Dominant_Menu item")): Object: 'Object Repository/OCS-DESKTOP/Age gate and Mega menu/Indica Dominant_Menu item' is clicked on

2019-06-07 13:45:33 - [MESSAGE][PASSED] - Object: 'Object Repository/OCS-DESKTOP/Age gate and Mega menu/Indica Dominant_Menu item' is clicked on

2019-06-07 13:45:33 - [TEST_STEP][PASSED] - delay(2): Delayed 2 second(s)

2019-06-07 13:45:35 - [MESSAGE][PASSED] - Delayed 2 second(s)

2019-06-07 13:45:35 - [TEST_STEP][PASSED] - scrollToElement(findTestObject("OCS-DESKTOP/Collection page/Product image - 1st one"), 0): Scroll to object 'Object Repository/OCS-DESKTOP/Collection page/Product image - 1st one' successfully

2019-06-07 13:45:35 - [MESSAGE][WARNING] - Timeout '0' is invalid. Using default page load timeout: '30'

2019-06-07 13:45:35 - [MESSAGE][PASSED] - Scroll to object 'Object Repository/OCS-DESKTOP/Collection page/Product image - 1st one' successfully

2019-06-07 13:45:35 - [TEST_STEP][PASSED] - delay(2): Delayed 2 second(s)

2019-06-07 13:45:37 - [MESSAGE][PASSED] - Delayed 2 second(s)

2019-06-07 13:45:37 - [TEST_STEP][PASSED] - click(findTestObject("OCS-DESKTOP/Collection page/Product image - 1st one")): Object: 'Object Repository/OCS-DESKTOP/Collection page/Product image - 1st one' is clicked on

2019-06-07 13:45:41 - [MESSAGE][PASSED] - Object: 'Object Repository/OCS-DESKTOP/Collection page/Product image - 1st one' is clicked on

2019-06-07 13:45:41 - [TEST_STEP][PASSED] - executeJavaScript("var previewBar = document.getElementById("preview-bar-iframe"); previewBar.style.display = "none";", []): Execute JavaScript 'var previewBar = document.getElementById("preview-bar-iframe"); previewBar.style.display = "none";' successfully

2019-06-07 13:45:41 - [MESSAGE][PASSED] - Execute JavaScript 'var previewBar = document.getElementById("preview-bar-iframe"); previewBar.style.display = "none";' successfully

2019-06-07 13:45:41 - [TEST_STEP][PASSED] - delay(2): Delayed 2 second(s)

2019-06-07 13:45:43 - [MESSAGE][PASSED] - Delayed 2 second(s)

2019-06-07 13:45:43 - [MESSAGE][PASSED] - Call Test Case 'Test Cases/OCS - DESKTOP/CALL - PDP' successfully

2019-06-07 13:45:43 - [TEST_STEP][NOT_RUN] - scrollToElement(findTestObject("OCS-MOBILE /Product page/Product image"), 1): NOT_RUN: scrollToElement(findTestObject("OCS-MOBILE /Product page/Product image"), 1)

2019-06-07 13:45:43 - [MESSAGE][NOT_RUN] - NOT_RUN: scrollToElement(findTestObject("OCS-MOBILE /Product page/Product image"), 1)

2019-06-07 13:45:43 - [TEST_STEP][PASSED] - click(findTestObject("OCS-DESKTOP/Product page/Learn More - Link")): Object: 'Object Repository/OCS-DESKTOP/Product page/Learn More - Link' is clicked on

2019-06-07 13:45:43 - [MESSAGE][PASSED] - Object: 'Object Repository/OCS-DESKTOP/Product page/Learn More - Link' is clicked on

2019-06-07 13:45:43 - [TEST_STEP][PASSED] - delay(1): Delayed 1 second(s)

2019-06-07 13:45:44 - [MESSAGE][PASSED] - Delayed 1 second(s)

2019-06-07 13:45:44 - [TEST_STEP][FAILED] - scrollToElement(findTestObject("OCS-DESKTOP/Product page/Last raw of the table"), 0): scrollToElement(findTestObject("OCS-DESKTOP/Product page/Last raw of the table"), 0) FAILED.
Reason:
com.kms.katalon.core.exception.StepFailedException: Unable to scroll to object 'Object Repository/OCS-DESKTOP/Product page/Last raw of the table' (Root cause: com.kms.katalon.core.webui.exception.WebElementNotFoundException: Web element with id: 'Object Repository/OCS-DESKTOP/Product page/Last raw of the table' located by 'By.xpath: /html/body/div/div[3]/section/section[1]/div/table/tbody/tr[5]' not found)
	at com.kms.katalon.core.keyword.internal.KeywordMain.stepFailed(KeywordMain.groovy:36)
	at com.kms.katalon.core.webui.keyword.internal.WebUIKeywordMain.stepFailed(WebUIKeywordMain.groovy:65)
	at com.kms.katalon.core.webui.keyword.internal.WebUIKeywordMain.runKeyword(WebUIKeywordMain.groovy:27)
	at com.kms.katalon.core.webui.keyword.builtin.ScrollToElementKeyword.scrollToElement(ScrollToElementKeyword.groovy:88)
	at com.kms.katalon.core.webui.keyword.builtin.ScrollToElementKeyword.execute(ScrollToElementKeyword.groovy:68)
	at com.kms.katalon.core.keyword.internal.KeywordExecutor.executeKeywordForPlatform(KeywordExecutor.groovy:53)
	at com.kms.katalon.core.webui.keyword.WebUiBuiltInKeywords.scrollToElement(WebUiBuiltInKeywords.groovy:2975)
	at com.kms.katalon.core.webui.keyword.WebUiBuiltInKeywords$scrollToElement$11.call(Unknown Source)
	at More items to consider.run(More items to consider:25)
	at com.kms.katalon.core.main.ScriptEngine.run(ScriptEngine.java:194)
	at com.kms.katalon.core.main.ScriptEngine.runScriptAsRawText(ScriptEngine.java:119)
	at com.kms.katalon.core.main.TestCaseExecutor.runScript(TestCaseExecutor.java:328)
	at com.kms.katalon.core.main.TestCaseExecutor.doExecute(TestCaseExecutor.java:319)
	at com.kms.katalon.core.main.TestCaseExecutor.processExecutionPhase(TestCaseExecutor.java:298)
	at com.kms.katalon.core.main.TestCaseExecutor.accessMainPhase(TestCaseExecutor.java:290)
	at com.kms.katalon.core.main.TestCaseExecutor.execute(TestCaseExecutor.java:224)
	at com.kms.katalon.core.main.TestSuiteExecutor.accessTestCaseMainPhase(TestSuiteExecutor.java:129)
	at com.kms.katalon.core.main.TestSuiteExecutor.accessTestSuiteMainPhase(TestSuiteExecutor.java:112)
	at com.kms.katalon.core.main.TestSuiteExecutor.execute(TestSuiteExecutor.java:81)
	at com.kms.katalon.core.main.TestCaseMain.startTestSuite(TestCaseMain.java:149)
	at com.kms.katalon.core.main.TestCaseMain$startTestSuite$0.call(Unknown Source)
	at TempTestSuite1559927775427.run(TempTestSuite1559927775427.groovy:36)


2019-06-07 13:45:44 - [MESSAGE][WARNING] - Timeout '0' is invalid. Using default page load timeout: '30'

2019-06-07 13:46:15 - [MESSAGE][INFO] - Unable to find the element located by 'By.xpath: /html/body/div/div[3]/section/section[1]/div/table/tbody/tr[5]'. Please recheck the objects properties to make sure the desired element is located. 

2019-06-07 13:46:15 - [MESSAGE][FAILED] - Unable to scroll to object 'Object Repository/OCS-DESKTOP/Product page/Last raw of the table' (Root cause: com.kms.katalon.core.webui.exception.WebElementNotFoundException: Web element with id: 'Object Repository/OCS-DESKTOP/Product page/Last raw of the table' located by 'By.xpath: /html/body/div/div[3]/section/section[1]/div/table/tbody/tr[5]' not found)
[[ATTACHMENT|/Users/sumankompelly/Relative xpath-Desktop/Reports/OCS- 1.9.2.1/20190607_131615/1559929575426.png]]

2019-06-07 13:46:15 - [MESSAGE][FAILED] - scrollToElement(findTestObject("OCS-DESKTOP/Product page/Last raw of the table"), 0) FAILED.
Reason:
com.kms.katalon.core.exception.StepFailedException: Unable to scroll to object 'Object Repository/OCS-DESKTOP/Product page/Last raw of the table' (Root cause: com.kms.katalon.core.webui.exception.WebElementNotFoundException: Web element with id: 'Object Repository/OCS-DESKTOP/Product page/Last raw of the table' located by 'By.xpath: /html/body/div/div[3]/section/section[1]/div/table/tbody/tr[5]' not found)
	at com.kms.katalon.core.keyword.internal.KeywordMain.stepFailed(KeywordMain.groovy:36)
	at com.kms.katalon.core.webui.keyword.internal.WebUIKeywordMain.stepFailed(WebUIKeywordMain.groovy:65)
	at com.kms.katalon.core.webui.keyword.internal.WebUIKeywordMain.runKeyword(WebUIKeywordMain.groovy:27)
	at com.kms.katalon.core.webui.keyword.builtin.ScrollToElementKeyword.scrollToElement(ScrollToElementKeyword.groovy:88)
	at com.kms.katalon.core.webui.keyword.builtin.ScrollToElementKeyword.execute(ScrollToElementKeyword.groovy:68)
	at com.kms.katalon.core.keyword.internal.KeywordExecutor.executeKeywordForPlatform(KeywordExecutor.groovy:53)
	at com.kms.katalon.core.webui.keyword.WebUiBuiltInKeywords.scrollToElement(WebUiBuiltInKeywords.groovy:2975)
	at com.kms.katalon.core.webui.keyword.WebUiBuiltInKeywords$scrollToElement$11.call(Unknown Source)
	at More items to consider.run(More items to consider:25)
	at com.kms.katalon.core.main.ScriptEngine.run(ScriptEngine.java:194)
	at com.kms.katalon.core.main.ScriptEngine.runScriptAsRawText(ScriptEngine.java:119)
	at com.kms.katalon.core.main.TestCaseExecutor.runScript(TestCaseExecutor.java:328)
	at com.kms.katalon.core.main.TestCaseExecutor.doExecute(TestCaseExecutor.java:319)
	at com.kms.katalon.core.main.TestCaseExecutor.processExecutionPhase(TestCaseExecutor.java:298)
	at com.kms.katalon.core.main.TestCaseExecutor.accessMainPhase(TestCaseExecutor.java:290)
	at com.kms.katalon.core.main.TestCaseExecutor.execute(TestCaseExecutor.java:224)
	at com.kms.katalon.core.main.TestSuiteExecutor.accessTestCaseMainPhase(TestSuiteExecutor.java:129)
	at com.kms.katalon.core.main.TestSuiteExecutor.accessTestSuiteMainPhase(TestSuiteExecutor.java:112)
	at com.kms.katalon.core.main.TestSuiteExecutor.execute(TestSuiteExecutor.java:81)
	at com.kms.katalon.core.main.TestCaseMain.startTestSuite(TestCaseMain.java:149)
	at com.kms.katalon.core.main.TestCaseMain$startTestSuite$0.call(Unknown Source)
	at TempTestSuite1559927775427.run(TempTestSuite1559927775427.groovy:36)]]></system-out>
         <system-err><![CDATA[2019-06-07 13:45:12 - [TEST_CASE][FAILED] - Test Cases/OCS - DESKTOP/OCS- PRODUCT PAGE/More items to consider: Test Cases/OCS - DESKTOP/OCS- PRODUCT PAGE/More items to consider FAILED.
Reason:
com.kms.katalon.core.exception.StepFailedException: Unable to scroll to object 'Object Repository/OCS-DESKTOP/Product page/Last raw of the table' (Root cause: com.kms.katalon.core.webui.exception.WebElementNotFoundException: Web element with id: 'Object Repository/OCS-DESKTOP/Product page/Last raw of the table' located by 'By.xpath: /html/body/div/div[3]/section/section[1]/div/table/tbody/tr[5]' not found)
	at com.kms.katalon.core.keyword.internal.KeywordMain.stepFailed(KeywordMain.groovy:36)
	at com.kms.katalon.core.webui.keyword.internal.WebUIKeywordMain.stepFailed(WebUIKeywordMain.groovy:65)
	at com.kms.katalon.core.webui.keyword.internal.WebUIKeywordMain.runKeyword(WebUIKeywordMain.groovy:27)
	at com.kms.katalon.core.webui.keyword.builtin.ScrollToElementKeyword.scrollToElement(ScrollToElementKeyword.groovy:88)
	at com.kms.katalon.core.webui.keyword.builtin.ScrollToElementKeyword.execute(ScrollToElementKeyword.groovy:68)
	at com.kms.katalon.core.keyword.internal.KeywordExecutor.executeKeywordForPlatform(KeywordExecutor.groovy:53)
	at com.kms.katalon.core.webui.keyword.WebUiBuiltInKeywords.scrollToElement(WebUiBuiltInKeywords.groovy:2975)
	at com.kms.katalon.core.webui.keyword.WebUiBuiltInKeywords$scrollToElement$11.call(Unknown Source)
	at More items to consider.run(More items to consider:25)
	at com.kms.katalon.core.main.ScriptEngine.run(ScriptEngine.java:194)
	at com.kms.katalon.core.main.ScriptEngine.runScriptAsRawText(ScriptEngine.java:119)
	at com.kms.katalon.core.main.TestCaseExecutor.runScript(TestCaseExecutor.java:328)
	at com.kms.katalon.core.main.TestCaseExecutor.doExecute(TestCaseExecutor.java:319)
	at com.kms.katalon.core.main.TestCaseExecutor.processExecutionPhase(TestCaseExecutor.java:298)
	at com.kms.katalon.core.main.TestCaseExecutor.accessMainPhase(TestCaseExecutor.java:290)
	at com.kms.katalon.core.main.TestCaseExecutor.execute(TestCaseExecutor.java:224)
	at com.kms.katalon.core.main.TestSuiteExecutor.accessTestCaseMainPhase(TestSuiteExecutor.java:129)
	at com.kms.katalon.core.main.TestSuiteExecutor.accessTestSuiteMainPhase(TestSuiteExecutor.java:112)
	at com.kms.katalon.core.main.TestSuiteExecutor.execute(TestSuiteExecutor.java:81)
	at com.kms.katalon.core.main.TestCaseMain.startTestSuite(TestCaseMain.java:149)
	at com.kms.katalon.core.main.TestCaseMain$startTestSuite$0.call(Unknown Source)
	at TempTestSuite1559927775427.run(TempTestSuite1559927775427.groovy:36)]]></system-err>
      </testcase>
      <testcase name="Test Cases/OCS - DESKTOP/OCS- PRODUCT PAGE/Price" classname="Test Cases/OCS - DESKTOP/OCS- PRODUCT PAGE/Price" status="FAILED">
         <failure type="FAILED" message="Test Cases/OCS - DESKTOP/OCS- PRODUCT PAGE/Price FAILED.
Reason:
com.kms.katalon.core.exception.StepFailedException: Unable to get text of object 'Object Repository/OCS-DESKTOP/Product page/Price/1g Price - Swatch' (Root cause: com.kms.katalon.core.webui.exception.WebElementNotFoundException: Web element with id: 'Object Repository/OCS-DESKTOP/Product page/Price/1g Price - Swatch' located by 'By.xpath: /html/body/div/div[3]/section/div[1]/div[2]/div[2]/form/div/div[1]/div/ul/fieldset/li[1]/span[1]' not found)
	at com.kms.katalon.core.keyword.internal.KeywordMain.stepFailed(KeywordMain.groovy:36)
	at com.kms.katalon.core.webui.keyword.internal.WebUIKeywordMain.stepFailed(WebUIKeywordMain.groovy:65)
	at com.kms.katalon.core.webui.keyword.internal.WebUIKeywordMain.runKeyword(WebUIKeywordMain.groovy:27)
	at com.kms.katalon.core.webui.keyword.builtin.GetTextKeyword.getText(GetTextKeyword.groovy:88)
	at com.kms.katalon.core.webui.keyword.builtin.GetTextKeyword.execute(GetTextKeyword.groovy:67)
	at com.kms.katalon.core.keyword.internal.KeywordExecutor.executeKeywordForPlatform(KeywordExecutor.groovy:53)
	at com.kms.katalon.core.webui.keyword.WebUiBuiltInKeywords.getText(WebUiBuiltInKeywords.groovy:888)
	at com.kms.katalon.core.webui.keyword.WebUiBuiltInKeywords$getText$6.call(Unknown Source)
	at Price.run(Price:30)
	at com.kms.katalon.core.main.ScriptEngine.run(ScriptEngine.java:194)
	at com.kms.katalon.core.main.ScriptEngine.runScriptAsRawText(ScriptEngine.java:119)
	at com.kms.katalon.core.main.TestCaseExecutor.runScript(TestCaseExecutor.java:328)
	at com.kms.katalon.core.main.TestCaseExecutor.doExecute(TestCaseExecutor.java:319)
	at com.kms.katalon.core.main.TestCaseExecutor.processExecutionPhase(TestCaseExecutor.java:298)
	at com.kms.katalon.core.main.TestCaseExecutor.accessMainPhase(TestCaseExecutor.java:290)
	at com.kms.katalon.core.main.TestCaseExecutor.execute(TestCaseExecutor.java:224)
	at com.kms.katalon.core.main.TestSuiteExecutor.accessTestCaseMainPhase(TestSuiteExecutor.java:129)
	at com.kms.katalon.core.main.TestSuiteExecutor.accessTestSuiteMainPhase(TestSuiteExecutor.java:112)
	at com.kms.katalon.core.main.TestSuiteExecutor.execute(TestSuiteExecutor.java:81)
	at com.kms.katalon.core.main.TestCaseMain.startTestSuite(TestCaseMain.java:149)
	at com.kms.katalon.core.main.TestCaseMain$startTestSuite$0.call(Unknown Source)
	at TempTestSuite1559927775427.run(TempTestSuite1559927775427.groovy:36)
"/>
         <system-out><![CDATA[2019-06-07 13:46:15 - [TEST_CASE][FAILED] - Test Cases/OCS - DESKTOP/OCS- PRODUCT PAGE/Price: Test Cases/OCS - DESKTOP/OCS- PRODUCT PAGE/Price FAILED.
Reason:
com.kms.katalon.core.exception.StepFailedException: Unable to get text of object 'Object Repository/OCS-DESKTOP/Product page/Price/1g Price - Swatch' (Root cause: com.kms.katalon.core.webui.exception.WebElementNotFoundException: Web element with id: 'Object Repository/OCS-DESKTOP/Product page/Price/1g Price - Swatch' located by 'By.xpath: /html/body/div/div[3]/section/div[1]/div[2]/div[2]/form/div/div[1]/div/ul/fieldset/li[1]/span[1]' not found)
	at com.kms.katalon.core.keyword.internal.KeywordMain.stepFailed(KeywordMain.groovy:36)
	at com.kms.katalon.core.webui.keyword.internal.WebUIKeywordMain.stepFailed(WebUIKeywordMain.groovy:65)
	at com.kms.katalon.core.webui.keyword.internal.WebUIKeywordMain.runKeyword(WebUIKeywordMain.groovy:27)
	at com.kms.katalon.core.webui.keyword.builtin.GetTextKeyword.getText(GetTextKeyword.groovy:88)
	at com.kms.katalon.core.webui.keyword.builtin.GetTextKeyword.execute(GetTextKeyword.groovy:67)
	at com.kms.katalon.core.keyword.internal.KeywordExecutor.executeKeywordForPlatform(KeywordExecutor.groovy:53)
	at com.kms.katalon.core.webui.keyword.WebUiBuiltInKeywords.getText(WebUiBuiltInKeywords.groovy:888)
	at com.kms.katalon.core.webui.keyword.WebUiBuiltInKeywords$getText$6.call(Unknown Source)
	at Price.run(Price:30)
	at com.kms.katalon.core.main.ScriptEngine.run(ScriptEngine.java:194)
	at com.kms.katalon.core.main.ScriptEngine.runScriptAsRawText(ScriptEngine.java:119)
	at com.kms.katalon.core.main.TestCaseExecutor.runScript(TestCaseExecutor.java:328)
	at com.kms.katalon.core.main.TestCaseExecutor.doExecute(TestCaseExecutor.java:319)
	at com.kms.katalon.core.main.TestCaseExecutor.processExecutionPhase(TestCaseExecutor.java:298)
	at com.kms.katalon.core.main.TestCaseExecutor.accessMainPhase(TestCaseExecutor.java:290)
	at com.kms.katalon.core.main.TestCaseExecutor.execute(TestCaseExecutor.java:224)
	at com.kms.katalon.core.main.TestSuiteExecutor.accessTestCaseMainPhase(TestSuiteExecutor.java:129)
	at com.kms.katalon.core.main.TestSuiteExecutor.accessTestSuiteMainPhase(TestSuiteExecutor.java:112)
	at com.kms.katalon.core.main.TestSuiteExecutor.execute(TestSuiteExecutor.java:81)
	at com.kms.katalon.core.main.TestCaseMain.startTestSuite(TestCaseMain.java:149)
	at com.kms.katalon.core.main.TestCaseMain$startTestSuite$0.call(Unknown Source)
	at TempTestSuite1559927775427.run(TempTestSuite1559927775427.groovy:36)


2019-06-07 13:46:16 - [TEST_STEP][PASSED] - callTestCase(findTestCase("OCS - DESKTOP/CALL - PDP"), [:], STOP_ON_FAILURE): Call Test Case 'Test Cases/OCS - DESKTOP/CALL - PDP' successfully

2019-06-07 13:46:16 - [TEST_CASE][PASSED] - Test Cases/OCS - DESKTOP/CALL - PDP: Test Cases/OCS - DESKTOP/CALL - PDP

2019-06-07 13:46:16 - [TEST_STEP][PASSED] - openBrowser(""): Browser is opened with url: ''

2019-06-07 13:46:16 - [MESSAGE][WARNING] - A browser is already opened. Closing browser and opening a new one

2019-06-07 13:46:16 - [MESSAGE][INFO] - Starting 'Chrome' driver

2019-06-07 13:46:17 - [MESSAGE][PASSED] - Browser is opened with url: ''

2019-06-07 13:46:17 - [TEST_STEP][PASSED] - navigateToUrl("https://ocs.ca/?fts=0&preview_theme_id=72920074060"): Navigate to 'https://ocs.ca/?fts=0&preview_theme_id=72920074060' successfully

2019-06-07 13:46:21 - [MESSAGE][PASSED] - Navigate to 'https://ocs.ca/?fts=0&preview_theme_id=72920074060' successfully

2019-06-07 13:46:21 - [TEST_STEP][PASSED] - maximizeWindow(): Current window maximized

2019-06-07 13:46:22 - [MESSAGE][PASSED] - Current window maximized

2019-06-07 13:46:22 - [TEST_STEP][PASSED] - executeJavaScript("var previewBar = document.getElementById("preview-bar-iframe"); previewBar.style.display = "none";", []): Execute JavaScript 'var previewBar = document.getElementById("preview-bar-iframe"); previewBar.style.display = "none";' successfully

2019-06-07 13:46:22 - [MESSAGE][PASSED] - Execute JavaScript 'var previewBar = document.getElementById("preview-bar-iframe"); previewBar.style.display = "none";' successfully

2019-06-07 13:46:22 - [TEST_STEP][PASSED] - delay(4): Delayed 4 second(s)

2019-06-07 13:46:26 - [MESSAGE][PASSED] - Delayed 4 second(s)

2019-06-07 13:46:26 - [TEST_STEP][PASSED] - selectOptionByValue(findTestObject("OCS-DESKTOP/Age gate and Mega menu/Date"), "12", true): All options with value '12' are selected in object 'Object Repository/OCS-DESKTOP/Age gate and Mega menu/Date'  using regular expression

2019-06-07 13:46:26 - [MESSAGE][PASSED] - All options with value '12' are selected in object 'Object Repository/OCS-DESKTOP/Age gate and Mega menu/Date'  using regular expression

2019-06-07 13:46:26 - [TEST_STEP][PASSED] - selectOptionByValue(findTestObject("OCS-DESKTOP/Age gate and Mega menu/month"), "6", true): All options with value '6' are selected in object 'Object Repository/OCS-DESKTOP/Age gate and Mega menu/month'  using regular expression

2019-06-07 13:46:26 - [MESSAGE][PASSED] - All options with value '6' are selected in object 'Object Repository/OCS-DESKTOP/Age gate and Mega menu/month'  using regular expression

2019-06-07 13:46:26 - [TEST_STEP][PASSED] - delay(2): Delayed 2 second(s)

2019-06-07 13:46:28 - [MESSAGE][PASSED] - Delayed 2 second(s)

2019-06-07 13:46:28 - [TEST_STEP][PASSED] - selectOptionByValue(findTestObject("OCS-DESKTOP/Age gate and Mega menu/Year Dropdown"), "1990", true): All options with value '1990' are selected in object 'Object Repository/OCS-DESKTOP/Age gate and Mega menu/Year Dropdown'  using regular expression

2019-06-07 13:46:29 - [MESSAGE][PASSED] - All options with value '1990' are selected in object 'Object Repository/OCS-DESKTOP/Age gate and Mega menu/Year Dropdown'  using regular expression

2019-06-07 13:46:29 - [TEST_STEP][PASSED] - click(findTestObject("OCS-DESKTOP/Age gate and Mega menu/button_Verify")): Object: 'Object Repository/OCS-DESKTOP/Age gate and Mega menu/button_Verify' is clicked on

2019-06-07 13:46:29 - [MESSAGE][PASSED] - Object: 'Object Repository/OCS-DESKTOP/Age gate and Mega menu/button_Verify' is clicked on

2019-06-07 13:46:29 - [TEST_STEP][PASSED] - click(findTestObject("OCS-DESKTOP/Age gate and Mega menu/Checkbox_CONFIRM AND ACKNOWLEDGE")): Object: 'Object Repository/OCS-DESKTOP/Age gate and Mega menu/Checkbox_CONFIRM AND ACKNOWLEDGE' is clicked on

2019-06-07 13:46:29 - [MESSAGE][PASSED] - Object: 'Object Repository/OCS-DESKTOP/Age gate and Mega menu/Checkbox_CONFIRM AND ACKNOWLEDGE' is clicked on

2019-06-07 13:46:29 - [TEST_STEP][PASSED] - click(findTestObject("OCS-DESKTOP/Age gate and Mega menu/button_CONFIRM")): Object: 'Object Repository/OCS-DESKTOP/Age gate and Mega menu/button_CONFIRM' is clicked on

2019-06-07 13:46:29 - [MESSAGE][PASSED] - Object: 'Object Repository/OCS-DESKTOP/Age gate and Mega menu/button_CONFIRM' is clicked on

2019-06-07 13:46:29 - [TEST_STEP][PASSED] - click(findTestObject("OCS-DESKTOP/Age gate and Mega menu/button_Start Browsing")): Object: 'Object Repository/OCS-DESKTOP/Age gate and Mega menu/button_Start Browsing' is clicked on

2019-06-07 13:46:29 - [MESSAGE][PASSED] - Object: 'Object Repository/OCS-DESKTOP/Age gate and Mega menu/button_Start Browsing' is clicked on

2019-06-07 13:46:29 - [TEST_STEP][PASSED] - refresh(): Refresh successfully

2019-06-07 13:46:29 - [MESSAGE][PASSED] - Refresh successfully

2019-06-07 13:46:29 - [TEST_STEP][PASSED] - delay(2): Delayed 2 second(s)

2019-06-07 13:46:31 - [MESSAGE][PASSED] - Delayed 2 second(s)

2019-06-07 13:46:31 - [TEST_STEP][PASSED] - mouseOver(findTestObject("OCS-DESKTOP/Age gate and Mega menu/Header/CANNABIS menu - English")): Object: 'Object Repository/OCS-DESKTOP/Age gate and Mega menu/Header/CANNABIS menu - English' is hovered

2019-06-07 13:46:33 - [MESSAGE][PASSED] - Object: 'Object Repository/OCS-DESKTOP/Age gate and Mega menu/Header/CANNABIS menu - English' is hovered

2019-06-07 13:46:33 - [TEST_STEP][PASSED] - delay(2): Delayed 2 second(s)

2019-06-07 13:46:35 - [MESSAGE][PASSED] - Delayed 2 second(s)

2019-06-07 13:46:35 - [TEST_STEP][PASSED] - click(findTestObject("OCS-DESKTOP/Age gate and Mega menu/Indica Dominant_Menu item")): Object: 'Object Repository/OCS-DESKTOP/Age gate and Mega menu/Indica Dominant_Menu item' is clicked on

2019-06-07 13:46:37 - [MESSAGE][PASSED] - Object: 'Object Repository/OCS-DESKTOP/Age gate and Mega menu/Indica Dominant_Menu item' is clicked on

2019-06-07 13:46:37 - [TEST_STEP][PASSED] - delay(2): Delayed 2 second(s)

2019-06-07 13:46:39 - [MESSAGE][PASSED] - Delayed 2 second(s)

2019-06-07 13:46:39 - [TEST_STEP][PASSED] - scrollToElement(findTestObject("OCS-DESKTOP/Collection page/Product image - 1st one"), 0): Scroll to object 'Object Repository/OCS-DESKTOP/Collection page/Product image - 1st one' successfully

2019-06-07 13:46:39 - [MESSAGE][WARNING] - Timeout '0' is invalid. Using default page load timeout: '30'

2019-06-07 13:46:39 - [MESSAGE][PASSED] - Scroll to object 'Object Repository/OCS-DESKTOP/Collection page/Product image - 1st one' successfully

2019-06-07 13:46:39 - [TEST_STEP][PASSED] - delay(2): Delayed 2 second(s)

2019-06-07 13:46:41 - [MESSAGE][PASSED] - Delayed 2 second(s)

2019-06-07 13:46:41 - [TEST_STEP][PASSED] - click(findTestObject("OCS-DESKTOP/Collection page/Product image - 1st one")): Object: 'Object Repository/OCS-DESKTOP/Collection page/Product image - 1st one' is clicked on

2019-06-07 13:46:45 - [MESSAGE][PASSED] - Object: 'Object Repository/OCS-DESKTOP/Collection page/Product image - 1st one' is clicked on

2019-06-07 13:46:45 - [TEST_STEP][PASSED] - executeJavaScript("var previewBar = document.getElementById("preview-bar-iframe"); previewBar.style.display = "none";", []): Execute JavaScript 'var previewBar = document.getElementById("preview-bar-iframe"); previewBar.style.display = "none";' successfully

2019-06-07 13:46:45 - [MESSAGE][PASSED] - Execute JavaScript 'var previewBar = document.getElementById("preview-bar-iframe"); previewBar.style.display = "none";' successfully

2019-06-07 13:46:45 - [TEST_STEP][PASSED] - delay(2): Delayed 2 second(s)

2019-06-07 13:46:47 - [MESSAGE][PASSED] - Delayed 2 second(s)

2019-06-07 13:46:47 - [MESSAGE][PASSED] - Call Test Case 'Test Cases/OCS - DESKTOP/CALL - PDP' successfully

2019-06-07 13:46:47 - [TEST_STEP][NOT_RUN] - navigateToUrl("https://ocs.ca/?fts=0&preview_theme_id=53373863756"): NOT_RUN: navigateToUrl("https://ocs.ca/?fts=0&preview_theme_id=53373863756")

2019-06-07 13:46:47 - [MESSAGE][NOT_RUN] - NOT_RUN: navigateToUrl("https://ocs.ca/?fts=0&preview_theme_id=53373863756")

2019-06-07 13:46:47 - [TEST_STEP][PASSED] - delay(2): Delayed 2 second(s)

2019-06-07 13:46:49 - [MESSAGE][PASSED] - Delayed 2 second(s)

2019-06-07 13:46:49 - [TEST_STEP][NOT_RUN] - scrollToElement(findTestObject("OCS-MOBILE /Product page/Product image"), 1): NOT_RUN: scrollToElement(findTestObject("OCS-MOBILE /Product page/Product image"), 1)

2019-06-07 13:46:49 - [MESSAGE][NOT_RUN] - NOT_RUN: scrollToElement(findTestObject("OCS-MOBILE /Product page/Product image"), 1)

2019-06-07 13:46:49 - [TEST_STEP][PASSED] - delay(2): Delayed 2 second(s)

2019-06-07 13:46:51 - [MESSAGE][PASSED] - Delayed 2 second(s)

2019-06-07 13:46:51 - [TEST_STEP][PASSED] - click(findTestObject("OCS-DESKTOP/Product page/Swatch_1g")): Object: 'Object Repository/OCS-DESKTOP/Product page/Swatch_1g' is clicked on

2019-06-07 13:46:51 - [MESSAGE][PASSED] - Object: 'Object Repository/OCS-DESKTOP/Product page/Swatch_1g' is clicked on

2019-06-07 13:46:51 - [TEST_STEP][PASSED] - delay(2): Delayed 2 second(s)

2019-06-07 13:46:53 - [MESSAGE][PASSED] - Delayed 2 second(s)

2019-06-07 13:46:53 - [TEST_STEP][FAILED] - a = getText(findTestObject("OCS-DESKTOP/Product page/Price/1g Price - Swatch")): a = getText(findTestObject("OCS-DESKTOP/Product page/Price/1g Price - Swatch")) FAILED.
Reason:
com.kms.katalon.core.exception.StepFailedException: Unable to get text of object 'Object Repository/OCS-DESKTOP/Product page/Price/1g Price - Swatch' (Root cause: com.kms.katalon.core.webui.exception.WebElementNotFoundException: Web element with id: 'Object Repository/OCS-DESKTOP/Product page/Price/1g Price - Swatch' located by 'By.xpath: /html/body/div/div[3]/section/div[1]/div[2]/div[2]/form/div/div[1]/div/ul/fieldset/li[1]/span[1]' not found)
	at com.kms.katalon.core.keyword.internal.KeywordMain.stepFailed(KeywordMain.groovy:36)
	at com.kms.katalon.core.webui.keyword.internal.WebUIKeywordMain.stepFailed(WebUIKeywordMain.groovy:65)
	at com.kms.katalon.core.webui.keyword.internal.WebUIKeywordMain.runKeyword(WebUIKeywordMain.groovy:27)
	at com.kms.katalon.core.webui.keyword.builtin.GetTextKeyword.getText(GetTextKeyword.groovy:88)
	at com.kms.katalon.core.webui.keyword.builtin.GetTextKeyword.execute(GetTextKeyword.groovy:67)
	at com.kms.katalon.core.keyword.internal.KeywordExecutor.executeKeywordForPlatform(KeywordExecutor.groovy:53)
	at com.kms.katalon.core.webui.keyword.WebUiBuiltInKeywords.getText(WebUiBuiltInKeywords.groovy:888)
	at com.kms.katalon.core.webui.keyword.WebUiBuiltInKeywords$getText$6.call(Unknown Source)
	at Price.run(Price:30)
	at com.kms.katalon.core.main.ScriptEngine.run(ScriptEngine.java:194)
	at com.kms.katalon.core.main.ScriptEngine.runScriptAsRawText(ScriptEngine.java:119)
	at com.kms.katalon.core.main.TestCaseExecutor.runScript(TestCaseExecutor.java:328)
	at com.kms.katalon.core.main.TestCaseExecutor.doExecute(TestCaseExecutor.java:319)
	at com.kms.katalon.core.main.TestCaseExecutor.processExecutionPhase(TestCaseExecutor.java:298)
	at com.kms.katalon.core.main.TestCaseExecutor.accessMainPhase(TestCaseExecutor.java:290)
	at com.kms.katalon.core.main.TestCaseExecutor.execute(TestCaseExecutor.java:224)
	at com.kms.katalon.core.main.TestSuiteExecutor.accessTestCaseMainPhase(TestSuiteExecutor.java:129)
	at com.kms.katalon.core.main.TestSuiteExecutor.accessTestSuiteMainPhase(TestSuiteExecutor.java:112)
	at com.kms.katalon.core.main.TestSuiteExecutor.execute(TestSuiteExecutor.java:81)
	at com.kms.katalon.core.main.TestCaseMain.startTestSuite(TestCaseMain.java:149)
	at com.kms.katalon.core.main.TestCaseMain$startTestSuite$0.call(Unknown Source)
	at TempTestSuite1559927775427.run(TempTestSuite1559927775427.groovy:36)


2019-06-07 13:47:23 - [MESSAGE][INFO] - Unable to find the element located by 'By.xpath: /html/body/div/div[3]/section/div[1]/div[2]/div[2]/form/div/div[1]/div/ul/fieldset/li[1]/span[1]'. Please recheck the objects properties to make sure the desired element is located. 

2019-06-07 13:47:24 - [MESSAGE][FAILED] - Unable to get text of object 'Object Repository/OCS-DESKTOP/Product page/Price/1g Price - Swatch' (Root cause: com.kms.katalon.core.webui.exception.WebElementNotFoundException: Web element with id: 'Object Repository/OCS-DESKTOP/Product page/Price/1g Price - Swatch' located by 'By.xpath: /html/body/div/div[3]/section/div[1]/div[2]/div[2]/form/div/div[1]/div/ul/fieldset/li[1]/span[1]' not found)
[[ATTACHMENT|/Users/sumankompelly/Relative xpath-Desktop/Reports/OCS- 1.9.2.1/20190607_131615/1559929643965.png]]

2019-06-07 13:47:24 - [MESSAGE][FAILED] - a = getText(findTestObject("OCS-DESKTOP/Product page/Price/1g Price - Swatch")) FAILED.
Reason:
com.kms.katalon.core.exception.StepFailedException: Unable to get text of object 'Object Repository/OCS-DESKTOP/Product page/Price/1g Price - Swatch' (Root cause: com.kms.katalon.core.webui.exception.WebElementNotFoundException: Web element with id: 'Object Repository/OCS-DESKTOP/Product page/Price/1g Price - Swatch' located by 'By.xpath: /html/body/div/div[3]/section/div[1]/div[2]/div[2]/form/div/div[1]/div/ul/fieldset/li[1]/span[1]' not found)
	at com.kms.katalon.core.keyword.internal.KeywordMain.stepFailed(KeywordMain.groovy:36)
	at com.kms.katalon.core.webui.keyword.internal.WebUIKeywordMain.stepFailed(WebUIKeywordMain.groovy:65)
	at com.kms.katalon.core.webui.keyword.internal.WebUIKeywordMain.runKeyword(WebUIKeywordMain.groovy:27)
	at com.kms.katalon.core.webui.keyword.builtin.GetTextKeyword.getText(GetTextKeyword.groovy:88)
	at com.kms.katalon.core.webui.keyword.builtin.GetTextKeyword.execute(GetTextKeyword.groovy:67)
	at com.kms.katalon.core.keyword.internal.KeywordExecutor.executeKeywordForPlatform(KeywordExecutor.groovy:53)
	at com.kms.katalon.core.webui.keyword.WebUiBuiltInKeywords.getText(WebUiBuiltInKeywords.groovy:888)
	at com.kms.katalon.core.webui.keyword.WebUiBuiltInKeywords$getText$6.call(Unknown Source)
	at Price.run(Price:30)
	at com.kms.katalon.core.main.ScriptEngine.run(ScriptEngine.java:194)
	at com.kms.katalon.core.main.ScriptEngine.runScriptAsRawText(ScriptEngine.java:119)
	at com.kms.katalon.core.main.TestCaseExecutor.runScript(TestCaseExecutor.java:328)
	at com.kms.katalon.core.main.TestCaseExecutor.doExecute(TestCaseExecutor.java:319)
	at com.kms.katalon.core.main.TestCaseExecutor.processExecutionPhase(TestCaseExecutor.java:298)
	at com.kms.katalon.core.main.TestCaseExecutor.accessMainPhase(TestCaseExecutor.java:290)
	at com.kms.katalon.core.main.TestCaseExecutor.execute(TestCaseExecutor.java:224)
	at com.kms.katalon.core.main.TestSuiteExecutor.accessTestCaseMainPhase(TestSuiteExecutor.java:129)
	at com.kms.katalon.core.main.TestSuiteExecutor.accessTestSuiteMainPhase(TestSuiteExecutor.java:112)
	at com.kms.katalon.core.main.TestSuiteExecutor.execute(TestSuiteExecutor.java:81)
	at com.kms.katalon.core.main.TestCaseMain.startTestSuite(TestCaseMain.java:149)
	at com.kms.katalon.core.main.TestCaseMain$startTestSuite$0.call(Unknown Source)
	at TempTestSuite1559927775427.run(TempTestSuite1559927775427.groovy:36)]]></system-out>
         <system-err><![CDATA[2019-06-07 13:46:15 - [TEST_CASE][FAILED] - Test Cases/OCS - DESKTOP/OCS- PRODUCT PAGE/Price: Test Cases/OCS - DESKTOP/OCS- PRODUCT PAGE/Price FAILED.
Reason:
com.kms.katalon.core.exception.StepFailedException: Unable to get text of object 'Object Repository/OCS-DESKTOP/Product page/Price/1g Price - Swatch' (Root cause: com.kms.katalon.core.webui.exception.WebElementNotFoundException: Web element with id: 'Object Repository/OCS-DESKTOP/Product page/Price/1g Price - Swatch' located by 'By.xpath: /html/body/div/div[3]/section/div[1]/div[2]/div[2]/form/div/div[1]/div/ul/fieldset/li[1]/span[1]' not found)
	at com.kms.katalon.core.keyword.internal.KeywordMain.stepFailed(KeywordMain.groovy:36)
	at com.kms.katalon.core.webui.keyword.internal.WebUIKeywordMain.stepFailed(WebUIKeywordMain.groovy:65)
	at com.kms.katalon.core.webui.keyword.internal.WebUIKeywordMain.runKeyword(WebUIKeywordMain.groovy:27)
	at com.kms.katalon.core.webui.keyword.builtin.GetTextKeyword.getText(GetTextKeyword.groovy:88)
	at com.kms.katalon.core.webui.keyword.builtin.GetTextKeyword.execute(GetTextKeyword.groovy:67)
	at com.kms.katalon.core.keyword.internal.KeywordExecutor.executeKeywordForPlatform(KeywordExecutor.groovy:53)
	at com.kms.katalon.core.webui.keyword.WebUiBuiltInKeywords.getText(WebUiBuiltInKeywords.groovy:888)
	at com.kms.katalon.core.webui.keyword.WebUiBuiltInKeywords$getText$6.call(Unknown Source)
	at Price.run(Price:30)
	at com.kms.katalon.core.main.ScriptEngine.run(ScriptEngine.java:194)
	at com.kms.katalon.core.main.ScriptEngine.runScriptAsRawText(ScriptEngine.java:119)
	at com.kms.katalon.core.main.TestCaseExecutor.runScript(TestCaseExecutor.java:328)
	at com.kms.katalon.core.main.TestCaseExecutor.doExecute(TestCaseExecutor.java:319)
	at com.kms.katalon.core.main.TestCaseExecutor.processExecutionPhase(TestCaseExecutor.java:298)
	at com.kms.katalon.core.main.TestCaseExecutor.accessMainPhase(TestCaseExecutor.java:290)
	at com.kms.katalon.core.main.TestCaseExecutor.execute(TestCaseExecutor.java:224)
	at com.kms.katalon.core.main.TestSuiteExecutor.accessTestCaseMainPhase(TestSuiteExecutor.java:129)
	at com.kms.katalon.core.main.TestSuiteExecutor.accessTestSuiteMainPhase(TestSuiteExecutor.java:112)
	at com.kms.katalon.core.main.TestSuiteExecutor.execute(TestSuiteExecutor.java:81)
	at com.kms.katalon.core.main.TestCaseMain.startTestSuite(TestCaseMain.java:149)
	at com.kms.katalon.core.main.TestCaseMain$startTestSuite$0.call(Unknown Source)
	at TempTestSuite1559927775427.run(TempTestSuite1559927775427.groovy:36)]]></system-err>
      </testcase>
      <testcase name="Test Cases/OCS - DESKTOP/OCS- PRODUCT PAGE/Learn More" classname="Test Cases/OCS - DESKTOP/OCS- PRODUCT PAGE/Learn More" status="PASSED">
         <system-out><![CDATA[2019-06-07 13:47:24 - [TEST_CASE][PASSED] - Test Cases/OCS - DESKTOP/OCS- PRODUCT PAGE/Learn More: Test Cases/OCS - DESKTOP/OCS- PRODUCT PAGE/Learn More

2019-06-07 13:47:24 - [TEST_STEP][PASSED] - callTestCase(findTestCase("OCS - DESKTOP/CALL - PDP"), [:], STOP_ON_FAILURE): Call Test Case 'Test Cases/OCS - DESKTOP/CALL - PDP' successfully

2019-06-07 13:47:24 - [TEST_CASE][PASSED] - Test Cases/OCS - DESKTOP/CALL - PDP: Test Cases/OCS - DESKTOP/CALL - PDP

2019-06-07 13:47:24 - [TEST_STEP][PASSED] - openBrowser(""): Browser is opened with url: ''

2019-06-07 13:47:24 - [MESSAGE][WARNING] - A browser is already opened. Closing browser and opening a new one

2019-06-07 13:47:24 - [MESSAGE][INFO] - Starting 'Chrome' driver

2019-06-07 13:47:25 - [MESSAGE][PASSED] - Browser is opened with url: ''

2019-06-07 13:47:25 - [TEST_STEP][PASSED] - navigateToUrl("https://ocs.ca/?fts=0&preview_theme_id=72920074060"): Navigate to 'https://ocs.ca/?fts=0&preview_theme_id=72920074060' successfully

2019-06-07 13:47:30 - [MESSAGE][PASSED] - Navigate to 'https://ocs.ca/?fts=0&preview_theme_id=72920074060' successfully

2019-06-07 13:47:30 - [TEST_STEP][PASSED] - maximizeWindow(): Current window maximized

2019-06-07 13:47:30 - [MESSAGE][PASSED] - Current window maximized

2019-06-07 13:47:30 - [TEST_STEP][PASSED] - executeJavaScript("var previewBar = document.getElementById("preview-bar-iframe"); previewBar.style.display = "none";", []): Execute JavaScript 'var previewBar = document.getElementById("preview-bar-iframe"); previewBar.style.display = "none";' successfully

2019-06-07 13:47:30 - [MESSAGE][PASSED] - Execute JavaScript 'var previewBar = document.getElementById("preview-bar-iframe"); previewBar.style.display = "none";' successfully

2019-06-07 13:47:30 - [TEST_STEP][PASSED] - delay(4): Delayed 4 second(s)

2019-06-07 13:47:34 - [MESSAGE][PASSED] - Delayed 4 second(s)

2019-06-07 13:47:34 - [TEST_STEP][PASSED] - selectOptionByValue(findTestObject("OCS-DESKTOP/Age gate and Mega menu/Date"), "12", true): All options with value '12' are selected in object 'Object Repository/OCS-DESKTOP/Age gate and Mega menu/Date'  using regular expression

2019-06-07 13:47:34 - [MESSAGE][PASSED] - All options with value '12' are selected in object 'Object Repository/OCS-DESKTOP/Age gate and Mega menu/Date'  using regular expression

2019-06-07 13:47:34 - [TEST_STEP][PASSED] - selectOptionByValue(findTestObject("OCS-DESKTOP/Age gate and Mega menu/month"), "6", true): All options with value '6' are selected in object 'Object Repository/OCS-DESKTOP/Age gate and Mega menu/month'  using regular expression

2019-06-07 13:47:34 - [MESSAGE][PASSED] - All options with value '6' are selected in object 'Object Repository/OCS-DESKTOP/Age gate and Mega menu/month'  using regular expression

2019-06-07 13:47:34 - [TEST_STEP][PASSED] - delay(2): Delayed 2 second(s)

2019-06-07 13:47:36 - [MESSAGE][PASSED] - Delayed 2 second(s)

2019-06-07 13:47:36 - [TEST_STEP][PASSED] - selectOptionByValue(findTestObject("OCS-DESKTOP/Age gate and Mega menu/Year Dropdown"), "1990", true): All options with value '1990' are selected in object 'Object Repository/OCS-DESKTOP/Age gate and Mega menu/Year Dropdown'  using regular expression

2019-06-07 13:47:37 - [MESSAGE][PASSED] - All options with value '1990' are selected in object 'Object Repository/OCS-DESKTOP/Age gate and Mega menu/Year Dropdown'  using regular expression

2019-06-07 13:47:37 - [TEST_STEP][PASSED] - click(findTestObject("OCS-DESKTOP/Age gate and Mega menu/button_Verify")): Object: 'Object Repository/OCS-DESKTOP/Age gate and Mega menu/button_Verify' is clicked on

2019-06-07 13:47:37 - [MESSAGE][PASSED] - Object: 'Object Repository/OCS-DESKTOP/Age gate and Mega menu/button_Verify' is clicked on

2019-06-07 13:47:37 - [TEST_STEP][PASSED] - click(findTestObject("OCS-DESKTOP/Age gate and Mega menu/Checkbox_CONFIRM AND ACKNOWLEDGE")): Object: 'Object Repository/OCS-DESKTOP/Age gate and Mega menu/Checkbox_CONFIRM AND ACKNOWLEDGE' is clicked on

2019-06-07 13:47:38 - [MESSAGE][PASSED] - Object: 'Object Repository/OCS-DESKTOP/Age gate and Mega menu/Checkbox_CONFIRM AND ACKNOWLEDGE' is clicked on

2019-06-07 13:47:38 - [TEST_STEP][PASSED] - click(findTestObject("OCS-DESKTOP/Age gate and Mega menu/button_CONFIRM")): Object: 'Object Repository/OCS-DESKTOP/Age gate and Mega menu/button_CONFIRM' is clicked on

2019-06-07 13:47:38 - [MESSAGE][PASSED] - Object: 'Object Repository/OCS-DESKTOP/Age gate and Mega menu/button_CONFIRM' is clicked on

2019-06-07 13:47:38 - [TEST_STEP][PASSED] - click(findTestObject("OCS-DESKTOP/Age gate and Mega menu/button_Start Browsing")): Object: 'Object Repository/OCS-DESKTOP/Age gate and Mega menu/button_Start Browsing' is clicked on

2019-06-07 13:47:38 - [MESSAGE][PASSED] - Object: 'Object Repository/OCS-DESKTOP/Age gate and Mega menu/button_Start Browsing' is clicked on

2019-06-07 13:47:38 - [TEST_STEP][PASSED] - refresh(): Refresh successfully

2019-06-07 13:47:38 - [MESSAGE][PASSED] - Refresh successfully

2019-06-07 13:47:38 - [TEST_STEP][PASSED] - delay(2): Delayed 2 second(s)

2019-06-07 13:47:40 - [MESSAGE][PASSED] - Delayed 2 second(s)

2019-06-07 13:47:40 - [TEST_STEP][PASSED] - mouseOver(findTestObject("OCS-DESKTOP/Age gate and Mega menu/Header/CANNABIS menu - English")): Object: 'Object Repository/OCS-DESKTOP/Age gate and Mega menu/Header/CANNABIS menu - English' is hovered

2019-06-07 13:47:41 - [MESSAGE][PASSED] - Object: 'Object Repository/OCS-DESKTOP/Age gate and Mega menu/Header/CANNABIS menu - English' is hovered

2019-06-07 13:47:41 - [TEST_STEP][PASSED] - delay(2): Delayed 2 second(s)

2019-06-07 13:47:43 - [MESSAGE][PASSED] - Delayed 2 second(s)

2019-06-07 13:47:43 - [TEST_STEP][PASSED] - click(findTestObject("OCS-DESKTOP/Age gate and Mega menu/Indica Dominant_Menu item")): Object: 'Object Repository/OCS-DESKTOP/Age gate and Mega menu/Indica Dominant_Menu item' is clicked on

2019-06-07 13:47:44 - [MESSAGE][PASSED] - Object: 'Object Repository/OCS-DESKTOP/Age gate and Mega menu/Indica Dominant_Menu item' is clicked on

2019-06-07 13:47:44 - [TEST_STEP][PASSED] - delay(2): Delayed 2 second(s)

2019-06-07 13:47:46 - [MESSAGE][PASSED] - Delayed 2 second(s)

2019-06-07 13:47:46 - [TEST_STEP][PASSED] - scrollToElement(findTestObject("OCS-DESKTOP/Collection page/Product image - 1st one"), 0): Scroll to object 'Object Repository/OCS-DESKTOP/Collection page/Product image - 1st one' successfully

2019-06-07 13:47:46 - [MESSAGE][WARNING] - Timeout '0' is invalid. Using default page load timeout: '30'

2019-06-07 13:47:46 - [MESSAGE][PASSED] - Scroll to object 'Object Repository/OCS-DESKTOP/Collection page/Product image - 1st one' successfully

2019-06-07 13:47:46 - [TEST_STEP][PASSED] - delay(2): Delayed 2 second(s)

2019-06-07 13:47:48 - [MESSAGE][PASSED] - Delayed 2 second(s)

2019-06-07 13:47:48 - [TEST_STEP][PASSED] - click(findTestObject("OCS-DESKTOP/Collection page/Product image - 1st one")): Object: 'Object Repository/OCS-DESKTOP/Collection page/Product image - 1st one' is clicked on

2019-06-07 13:47:51 - [MESSAGE][PASSED] - Object: 'Object Repository/OCS-DESKTOP/Collection page/Product image - 1st one' is clicked on

2019-06-07 13:47:51 - [TEST_STEP][PASSED] - executeJavaScript("var previewBar = document.getElementById("preview-bar-iframe"); previewBar.style.display = "none";", []): Execute JavaScript 'var previewBar = document.getElementById("preview-bar-iframe"); previewBar.style.display = "none";' successfully

2019-06-07 13:47:51 - [MESSAGE][PASSED] - Execute JavaScript 'var previewBar = document.getElementById("preview-bar-iframe"); previewBar.style.display = "none";' successfully

2019-06-07 13:47:51 - [TEST_STEP][PASSED] - delay(2): Delayed 2 second(s)

2019-06-07 13:47:53 - [MESSAGE][PASSED] - Delayed 2 second(s)

2019-06-07 13:47:53 - [MESSAGE][PASSED] - Call Test Case 'Test Cases/OCS - DESKTOP/CALL - PDP' successfully

2019-06-07 13:47:53 - [TEST_STEP][NOT_RUN] - scrollToElement(findTestObject("OCS-MOBILE /Product page/Product image"), 1): NOT_RUN: scrollToElement(findTestObject("OCS-MOBILE /Product page/Product image"), 1)

2019-06-07 13:47:53 - [MESSAGE][NOT_RUN] - NOT_RUN: scrollToElement(findTestObject("OCS-MOBILE /Product page/Product image"), 1)

2019-06-07 13:47:53 - [TEST_STEP][PASSED] - click(findTestObject("OCS-DESKTOP/Product page/Learn More - Link")): Object: 'Object Repository/OCS-DESKTOP/Product page/Learn More - Link' is clicked on

2019-06-07 13:47:53 - [MESSAGE][PASSED] - Object: 'Object Repository/OCS-DESKTOP/Product page/Learn More - Link' is clicked on

2019-06-07 13:47:53 - [TEST_STEP][PASSED] - verifyElementPresent(findTestObject("OCS-DESKTOP/Product page/About Product - Table"), 1): Object 'Object Repository/OCS-DESKTOP/Product page/About Product - Table' is present

2019-06-07 13:47:53 - [MESSAGE][PASSED] - Object 'Object Repository/OCS-DESKTOP/Product page/About Product - Table' is present

2019-06-07 13:47:53 - [TEST_STEP][PASSED] - takeScreenshot(): Taking screenshot successfully

2019-06-07 13:47:54 - [MESSAGE][PASSED] - Taking screenshot successfully
[[ATTACHMENT|/Users/sumankompelly/Relative xpath-Desktop/Reports/OCS- 1.9.2.1/20190607_131615/1559929673931.png]]]]></system-out>
         <system-err><![CDATA[]]></system-err>
      </testcase>
      <testcase name="Test Cases/OCS - DESKTOP/OCS- PRODUCT PAGE/Recently viewed" classname="Test Cases/OCS - DESKTOP/OCS- PRODUCT PAGE/Recently viewed" status="FAILED">
         <failure type="FAILED" message="Test Cases/OCS - DESKTOP/OCS- PRODUCT PAGE/Recently viewed FAILED.
Reason:
com.kms.katalon.core.exception.StepFailedException: Unable to click on object 'Object Repository/OCS-DESKTOP/Product page/Recently Viewed/1st Product - Image' (Root cause: com.kms.katalon.core.webui.exception.WebElementNotFoundException: Web element with id: 'Object Repository/OCS-DESKTOP/Product page/Recently Viewed/1st Product - Image' located by 'By.xpath: /html/body/div/div[3]/section/section[2]/div/div/div/div/div/div/article/div[1]/a/img' not found)
	at com.kms.katalon.core.keyword.internal.KeywordMain.stepFailed(KeywordMain.groovy:36)
	at com.kms.katalon.core.webui.keyword.internal.WebUIKeywordMain.stepFailed(WebUIKeywordMain.groovy:65)
	at com.kms.katalon.core.webui.keyword.internal.WebUIKeywordMain.runKeyword(WebUIKeywordMain.groovy:27)
	at com.kms.katalon.core.webui.keyword.builtin.ClickKeyword.click(ClickKeyword.groovy:86)
	at com.kms.katalon.core.webui.keyword.builtin.ClickKeyword.execute(ClickKeyword.groovy:67)
	at com.kms.katalon.core.keyword.internal.KeywordExecutor.executeKeywordForPlatform(KeywordExecutor.groovy:53)
	at com.kms.katalon.core.webui.keyword.WebUiBuiltInKeywords.click(WebUiBuiltInKeywords.groovy:616)
	at com.kms.katalon.core.webui.keyword.WebUiBuiltInKeywords$click$4.call(Unknown Source)
	at Recently viewed.run(Recently viewed:24)
	at com.kms.katalon.core.main.ScriptEngine.run(ScriptEngine.java:194)
	at com.kms.katalon.core.main.ScriptEngine.runScriptAsRawText(ScriptEngine.java:119)
	at com.kms.katalon.core.main.TestCaseExecutor.runScript(TestCaseExecutor.java:328)
	at com.kms.katalon.core.main.TestCaseExecutor.doExecute(TestCaseExecutor.java:319)
	at com.kms.katalon.core.main.TestCaseExecutor.processExecutionPhase(TestCaseExecutor.java:298)
	at com.kms.katalon.core.main.TestCaseExecutor.accessMainPhase(TestCaseExecutor.java:290)
	at com.kms.katalon.core.main.TestCaseExecutor.execute(TestCaseExecutor.java:224)
	at com.kms.katalon.core.main.TestSuiteExecutor.accessTestCaseMainPhase(TestSuiteExecutor.java:129)
	at com.kms.katalon.core.main.TestSuiteExecutor.accessTestSuiteMainPhase(TestSuiteExecutor.java:112)
	at com.kms.katalon.core.main.TestSuiteExecutor.execute(TestSuiteExecutor.java:81)
	at com.kms.katalon.core.main.TestCaseMain.startTestSuite(TestCaseMain.java:149)
	at com.kms.katalon.core.main.TestCaseMain$startTestSuite$0.call(Unknown Source)
	at TempTestSuite1559927775427.run(TempTestSuite1559927775427.groovy:36)
"/>
         <system-out><![CDATA[2019-06-07 13:47:54 - [TEST_CASE][FAILED] - Test Cases/OCS - DESKTOP/OCS- PRODUCT PAGE/Recently viewed: Test Cases/OCS - DESKTOP/OCS- PRODUCT PAGE/Recently viewed FAILED.
Reason:
com.kms.katalon.core.exception.StepFailedException: Unable to click on object 'Object Repository/OCS-DESKTOP/Product page/Recently Viewed/1st Product - Image' (Root cause: com.kms.katalon.core.webui.exception.WebElementNotFoundException: Web element with id: 'Object Repository/OCS-DESKTOP/Product page/Recently Viewed/1st Product - Image' located by 'By.xpath: /html/body/div/div[3]/section/section[2]/div/div/div/div/div/div/article/div[1]/a/img' not found)
	at com.kms.katalon.core.keyword.internal.KeywordMain.stepFailed(KeywordMain.groovy:36)
	at com.kms.katalon.core.webui.keyword.internal.WebUIKeywordMain.stepFailed(WebUIKeywordMain.groovy:65)
	at com.kms.katalon.core.webui.keyword.internal.WebUIKeywordMain.runKeyword(WebUIKeywordMain.groovy:27)
	at com.kms.katalon.core.webui.keyword.builtin.ClickKeyword.click(ClickKeyword.groovy:86)
	at com.kms.katalon.core.webui.keyword.builtin.ClickKeyword.execute(ClickKeyword.groovy:67)
	at com.kms.katalon.core.keyword.internal.KeywordExecutor.executeKeywordForPlatform(KeywordExecutor.groovy:53)
	at com.kms.katalon.core.webui.keyword.WebUiBuiltInKeywords.click(WebUiBuiltInKeywords.groovy:616)
	at com.kms.katalon.core.webui.keyword.WebUiBuiltInKeywords$click$4.call(Unknown Source)
	at Recently viewed.run(Recently viewed:24)
	at com.kms.katalon.core.main.ScriptEngine.run(ScriptEngine.java:194)
	at com.kms.katalon.core.main.ScriptEngine.runScriptAsRawText(ScriptEngine.java:119)
	at com.kms.katalon.core.main.TestCaseExecutor.runScript(TestCaseExecutor.java:328)
	at com.kms.katalon.core.main.TestCaseExecutor.doExecute(TestCaseExecutor.java:319)
	at com.kms.katalon.core.main.TestCaseExecutor.processExecutionPhase(TestCaseExecutor.java:298)
	at com.kms.katalon.core.main.TestCaseExecutor.accessMainPhase(TestCaseExecutor.java:290)
	at com.kms.katalon.core.main.TestCaseExecutor.execute(TestCaseExecutor.java:224)
	at com.kms.katalon.core.main.TestSuiteExecutor.accessTestCaseMainPhase(TestSuiteExecutor.java:129)
	at com.kms.katalon.core.main.TestSuiteExecutor.accessTestSuiteMainPhase(TestSuiteExecutor.java:112)
	at com.kms.katalon.core.main.TestSuiteExecutor.execute(TestSuiteExecutor.java:81)
	at com.kms.katalon.core.main.TestCaseMain.startTestSuite(TestCaseMain.java:149)
	at com.kms.katalon.core.main.TestCaseMain$startTestSuite$0.call(Unknown Source)
	at TempTestSuite1559927775427.run(TempTestSuite1559927775427.groovy:36)


2019-06-07 13:47:54 - [TEST_STEP][PASSED] - callTestCase(findTestCase("OCS - DESKTOP/CALL - PDP"), [:], STOP_ON_FAILURE): Call Test Case 'Test Cases/OCS - DESKTOP/CALL - PDP' successfully

2019-06-07 13:47:54 - [TEST_CASE][PASSED] - Test Cases/OCS - DESKTOP/CALL - PDP: Test Cases/OCS - DESKTOP/CALL - PDP

2019-06-07 13:47:54 - [TEST_STEP][PASSED] - openBrowser(""): Browser is opened with url: ''

2019-06-07 13:47:54 - [MESSAGE][WARNING] - A browser is already opened. Closing browser and opening a new one

2019-06-07 13:47:54 - [MESSAGE][INFO] - Starting 'Chrome' driver

2019-06-07 13:47:55 - [MESSAGE][PASSED] - Browser is opened with url: ''

2019-06-07 13:47:55 - [TEST_STEP][PASSED] - navigateToUrl("https://ocs.ca/?fts=0&preview_theme_id=72920074060"): Navigate to 'https://ocs.ca/?fts=0&preview_theme_id=72920074060' successfully

2019-06-07 13:48:00 - [MESSAGE][PASSED] - Navigate to 'https://ocs.ca/?fts=0&preview_theme_id=72920074060' successfully

2019-06-07 13:48:00 - [TEST_STEP][PASSED] - maximizeWindow(): Current window maximized

2019-06-07 13:48:00 - [MESSAGE][PASSED] - Current window maximized

2019-06-07 13:48:00 - [TEST_STEP][PASSED] - executeJavaScript("var previewBar = document.getElementById("preview-bar-iframe"); previewBar.style.display = "none";", []): Execute JavaScript 'var previewBar = document.getElementById("preview-bar-iframe"); previewBar.style.display = "none";' successfully

2019-06-07 13:48:00 - [MESSAGE][PASSED] - Execute JavaScript 'var previewBar = document.getElementById("preview-bar-iframe"); previewBar.style.display = "none";' successfully

2019-06-07 13:48:00 - [TEST_STEP][PASSED] - delay(4): Delayed 4 second(s)

2019-06-07 13:48:04 - [MESSAGE][PASSED] - Delayed 4 second(s)

2019-06-07 13:48:04 - [TEST_STEP][PASSED] - selectOptionByValue(findTestObject("OCS-DESKTOP/Age gate and Mega menu/Date"), "12", true): All options with value '12' are selected in object 'Object Repository/OCS-DESKTOP/Age gate and Mega menu/Date'  using regular expression

2019-06-07 13:48:04 - [MESSAGE][PASSED] - All options with value '12' are selected in object 'Object Repository/OCS-DESKTOP/Age gate and Mega menu/Date'  using regular expression

2019-06-07 13:48:04 - [TEST_STEP][PASSED] - selectOptionByValue(findTestObject("OCS-DESKTOP/Age gate and Mega menu/month"), "6", true): All options with value '6' are selected in object 'Object Repository/OCS-DESKTOP/Age gate and Mega menu/month'  using regular expression

2019-06-07 13:48:05 - [MESSAGE][PASSED] - All options with value '6' are selected in object 'Object Repository/OCS-DESKTOP/Age gate and Mega menu/month'  using regular expression

2019-06-07 13:48:05 - [TEST_STEP][PASSED] - delay(2): Delayed 2 second(s)

2019-06-07 13:48:07 - [MESSAGE][PASSED] - Delayed 2 second(s)

2019-06-07 13:48:07 - [TEST_STEP][PASSED] - selectOptionByValue(findTestObject("OCS-DESKTOP/Age gate and Mega menu/Year Dropdown"), "1990", true): All options with value '1990' are selected in object 'Object Repository/OCS-DESKTOP/Age gate and Mega menu/Year Dropdown'  using regular expression

2019-06-07 13:48:08 - [MESSAGE][PASSED] - All options with value '1990' are selected in object 'Object Repository/OCS-DESKTOP/Age gate and Mega menu/Year Dropdown'  using regular expression

2019-06-07 13:48:08 - [TEST_STEP][PASSED] - click(findTestObject("OCS-DESKTOP/Age gate and Mega menu/button_Verify")): Object: 'Object Repository/OCS-DESKTOP/Age gate and Mega menu/button_Verify' is clicked on

2019-06-07 13:48:08 - [MESSAGE][PASSED] - Object: 'Object Repository/OCS-DESKTOP/Age gate and Mega menu/button_Verify' is clicked on

2019-06-07 13:48:08 - [TEST_STEP][PASSED] - click(findTestObject("OCS-DESKTOP/Age gate and Mega menu/Checkbox_CONFIRM AND ACKNOWLEDGE")): Object: 'Object Repository/OCS-DESKTOP/Age gate and Mega menu/Checkbox_CONFIRM AND ACKNOWLEDGE' is clicked on

2019-06-07 13:48:08 - [MESSAGE][PASSED] - Object: 'Object Repository/OCS-DESKTOP/Age gate and Mega menu/Checkbox_CONFIRM AND ACKNOWLEDGE' is clicked on

2019-06-07 13:48:08 - [TEST_STEP][PASSED] - click(findTestObject("OCS-DESKTOP/Age gate and Mega menu/button_CONFIRM")): Object: 'Object Repository/OCS-DESKTOP/Age gate and Mega menu/button_CONFIRM' is clicked on

2019-06-07 13:48:08 - [MESSAGE][PASSED] - Object: 'Object Repository/OCS-DESKTOP/Age gate and Mega menu/button_CONFIRM' is clicked on

2019-06-07 13:48:08 - [TEST_STEP][PASSED] - click(findTestObject("OCS-DESKTOP/Age gate and Mega menu/button_Start Browsing")): Object: 'Object Repository/OCS-DESKTOP/Age gate and Mega menu/button_Start Browsing' is clicked on

2019-06-07 13:48:08 - [MESSAGE][PASSED] - Object: 'Object Repository/OCS-DESKTOP/Age gate and Mega menu/button_Start Browsing' is clicked on

2019-06-07 13:48:08 - [TEST_STEP][PASSED] - refresh(): Refresh successfully

2019-06-07 13:48:08 - [MESSAGE][PASSED] - Refresh successfully

2019-06-07 13:48:08 - [TEST_STEP][PASSED] - delay(2): Delayed 2 second(s)

2019-06-07 13:48:10 - [MESSAGE][PASSED] - Delayed 2 second(s)

2019-06-07 13:48:10 - [TEST_STEP][PASSED] - mouseOver(findTestObject("OCS-DESKTOP/Age gate and Mega menu/Header/CANNABIS menu - English")): Object: 'Object Repository/OCS-DESKTOP/Age gate and Mega menu/Header/CANNABIS menu - English' is hovered

2019-06-07 13:48:12 - [MESSAGE][PASSED] - Object: 'Object Repository/OCS-DESKTOP/Age gate and Mega menu/Header/CANNABIS menu - English' is hovered

2019-06-07 13:48:12 - [TEST_STEP][PASSED] - delay(2): Delayed 2 second(s)

2019-06-07 13:48:14 - [MESSAGE][PASSED] - Delayed 2 second(s)

2019-06-07 13:48:14 - [TEST_STEP][PASSED] - click(findTestObject("OCS-DESKTOP/Age gate and Mega menu/Indica Dominant_Menu item")): Object: 'Object Repository/OCS-DESKTOP/Age gate and Mega menu/Indica Dominant_Menu item' is clicked on

2019-06-07 13:48:16 - [MESSAGE][PASSED] - Object: 'Object Repository/OCS-DESKTOP/Age gate and Mega menu/Indica Dominant_Menu item' is clicked on

2019-06-07 13:48:16 - [TEST_STEP][PASSED] - delay(2): Delayed 2 second(s)

2019-06-07 13:48:18 - [MESSAGE][PASSED] - Delayed 2 second(s)

2019-06-07 13:48:18 - [TEST_STEP][PASSED] - scrollToElement(findTestObject("OCS-DESKTOP/Collection page/Product image - 1st one"), 0): Scroll to object 'Object Repository/OCS-DESKTOP/Collection page/Product image - 1st one' successfully

2019-06-07 13:48:18 - [MESSAGE][WARNING] - Timeout '0' is invalid. Using default page load timeout: '30'

2019-06-07 13:48:18 - [MESSAGE][PASSED] - Scroll to object 'Object Repository/OCS-DESKTOP/Collection page/Product image - 1st one' successfully

2019-06-07 13:48:18 - [TEST_STEP][PASSED] - delay(2): Delayed 2 second(s)

2019-06-07 13:48:20 - [MESSAGE][PASSED] - Delayed 2 second(s)

2019-06-07 13:48:20 - [TEST_STEP][PASSED] - click(findTestObject("OCS-DESKTOP/Collection page/Product image - 1st one")): Object: 'Object Repository/OCS-DESKTOP/Collection page/Product image - 1st one' is clicked on

2019-06-07 13:48:24 - [MESSAGE][PASSED] - Object: 'Object Repository/OCS-DESKTOP/Collection page/Product image - 1st one' is clicked on

2019-06-07 13:48:24 - [TEST_STEP][PASSED] - executeJavaScript("var previewBar = document.getElementById("preview-bar-iframe"); previewBar.style.display = "none";", []): Execute JavaScript 'var previewBar = document.getElementById("preview-bar-iframe"); previewBar.style.display = "none";' successfully

2019-06-07 13:48:24 - [MESSAGE][PASSED] - Execute JavaScript 'var previewBar = document.getElementById("preview-bar-iframe"); previewBar.style.display = "none";' successfully

2019-06-07 13:48:24 - [TEST_STEP][PASSED] - delay(2): Delayed 2 second(s)

2019-06-07 13:48:26 - [MESSAGE][PASSED] - Delayed 2 second(s)

2019-06-07 13:48:26 - [MESSAGE][PASSED] - Call Test Case 'Test Cases/OCS - DESKTOP/CALL - PDP' successfully

2019-06-07 13:48:26 - [TEST_STEP][PASSED] - a = getWindowTitle(): Current window's title is: 'Dreamweaver | Ontario Cannabis Store'

2019-06-07 13:48:26 - [MESSAGE][PASSED] - Current window's title is: 'Dreamweaver | Ontario Cannabis Store'

2019-06-07 13:48:26 - [TEST_STEP][PASSED] - comment("WINDOW TITLE: " + a): WINDOW TITLE: Dreamweaver | Ontario Cannabis Store

2019-06-07 13:48:26 - [MESSAGE][INFO] - WINDOW TITLE: Dreamweaver | Ontario Cannabis Store

2019-06-07 13:48:26 - [TEST_STEP][NOT_RUN] - scrollToElement(findTestObject("OCS-MOBILE /Product page/How to choose cannabis product - Button"), 2): NOT_RUN: scrollToElement(findTestObject("OCS-MOBILE /Product page/How to choose cannabis product - Button"), 2)

2019-06-07 13:48:26 - [MESSAGE][NOT_RUN] - NOT_RUN: scrollToElement(findTestObject("OCS-MOBILE /Product page/How to choose cannabis product - Button"), 2)

2019-06-07 13:48:26 - [TEST_STEP][FAILED] - click(findTestObject("OCS-DESKTOP/Product page/Recently Viewed/1st Product - Image")): click(findTestObject("OCS-DESKTOP/Product page/Recently Viewed/1st Product - Image")) FAILED.
Reason:
com.kms.katalon.core.exception.StepFailedException: Unable to click on object 'Object Repository/OCS-DESKTOP/Product page/Recently Viewed/1st Product - Image' (Root cause: com.kms.katalon.core.webui.exception.WebElementNotFoundException: Web element with id: 'Object Repository/OCS-DESKTOP/Product page/Recently Viewed/1st Product - Image' located by 'By.xpath: /html/body/div/div[3]/section/section[2]/div/div/div/div/div/div/article/div[1]/a/img' not found)
	at com.kms.katalon.core.keyword.internal.KeywordMain.stepFailed(KeywordMain.groovy:36)
	at com.kms.katalon.core.webui.keyword.internal.WebUIKeywordMain.stepFailed(WebUIKeywordMain.groovy:65)
	at com.kms.katalon.core.webui.keyword.internal.WebUIKeywordMain.runKeyword(WebUIKeywordMain.groovy:27)
	at com.kms.katalon.core.webui.keyword.builtin.ClickKeyword.click(ClickKeyword.groovy:86)
	at com.kms.katalon.core.webui.keyword.builtin.ClickKeyword.execute(ClickKeyword.groovy:67)
	at com.kms.katalon.core.keyword.internal.KeywordExecutor.executeKeywordForPlatform(KeywordExecutor.groovy:53)
	at com.kms.katalon.core.webui.keyword.WebUiBuiltInKeywords.click(WebUiBuiltInKeywords.groovy:616)
	at com.kms.katalon.core.webui.keyword.WebUiBuiltInKeywords$click$4.call(Unknown Source)
	at Recently viewed.run(Recently viewed:24)
	at com.kms.katalon.core.main.ScriptEngine.run(ScriptEngine.java:194)
	at com.kms.katalon.core.main.ScriptEngine.runScriptAsRawText(ScriptEngine.java:119)
	at com.kms.katalon.core.main.TestCaseExecutor.runScript(TestCaseExecutor.java:328)
	at com.kms.katalon.core.main.TestCaseExecutor.doExecute(TestCaseExecutor.java:319)
	at com.kms.katalon.core.main.TestCaseExecutor.processExecutionPhase(TestCaseExecutor.java:298)
	at com.kms.katalon.core.main.TestCaseExecutor.accessMainPhase(TestCaseExecutor.java:290)
	at com.kms.katalon.core.main.TestCaseExecutor.execute(TestCaseExecutor.java:224)
	at com.kms.katalon.core.main.TestSuiteExecutor.accessTestCaseMainPhase(TestSuiteExecutor.java:129)
	at com.kms.katalon.core.main.TestSuiteExecutor.accessTestSuiteMainPhase(TestSuiteExecutor.java:112)
	at com.kms.katalon.core.main.TestSuiteExecutor.execute(TestSuiteExecutor.java:81)
	at com.kms.katalon.core.main.TestCaseMain.startTestSuite(TestCaseMain.java:149)
	at com.kms.katalon.core.main.TestCaseMain$startTestSuite$0.call(Unknown Source)
	at TempTestSuite1559927775427.run(TempTestSuite1559927775427.groovy:36)


2019-06-07 13:48:57 - [MESSAGE][INFO] - Unable to find the element located by 'By.xpath: /html/body/div/div[3]/section/section[2]/div/div/div/div/div/div/article/div[1]/a/img'. Please recheck the objects properties to make sure the desired element is located. 

2019-06-07 13:48:57 - [MESSAGE][FAILED] - Unable to click on object 'Object Repository/OCS-DESKTOP/Product page/Recently Viewed/1st Product - Image' (Root cause: com.kms.katalon.core.webui.exception.WebElementNotFoundException: Web element with id: 'Object Repository/OCS-DESKTOP/Product page/Recently Viewed/1st Product - Image' located by 'By.xpath: /html/body/div/div[3]/section/section[2]/div/div/div/div/div/div/article/div[1]/a/img' not found)
[[ATTACHMENT|/Users/sumankompelly/Relative xpath-Desktop/Reports/OCS- 1.9.2.1/20190607_131615/1559929737037.png]]

2019-06-07 13:48:57 - [MESSAGE][FAILED] - click(findTestObject("OCS-DESKTOP/Product page/Recently Viewed/1st Product - Image")) FAILED.
Reason:
com.kms.katalon.core.exception.StepFailedException: Unable to click on object 'Object Repository/OCS-DESKTOP/Product page/Recently Viewed/1st Product - Image' (Root cause: com.kms.katalon.core.webui.exception.WebElementNotFoundException: Web element with id: 'Object Repository/OCS-DESKTOP/Product page/Recently Viewed/1st Product - Image' located by 'By.xpath: /html/body/div/div[3]/section/section[2]/div/div/div/div/div/div/article/div[1]/a/img' not found)
	at com.kms.katalon.core.keyword.internal.KeywordMain.stepFailed(KeywordMain.groovy:36)
	at com.kms.katalon.core.webui.keyword.internal.WebUIKeywordMain.stepFailed(WebUIKeywordMain.groovy:65)
	at com.kms.katalon.core.webui.keyword.internal.WebUIKeywordMain.runKeyword(WebUIKeywordMain.groovy:27)
	at com.kms.katalon.core.webui.keyword.builtin.ClickKeyword.click(ClickKeyword.groovy:86)
	at com.kms.katalon.core.webui.keyword.builtin.ClickKeyword.execute(ClickKeyword.groovy:67)
	at com.kms.katalon.core.keyword.internal.KeywordExecutor.executeKeywordForPlatform(KeywordExecutor.groovy:53)
	at com.kms.katalon.core.webui.keyword.WebUiBuiltInKeywords.click(WebUiBuiltInKeywords.groovy:616)
	at com.kms.katalon.core.webui.keyword.WebUiBuiltInKeywords$click$4.call(Unknown Source)
	at Recently viewed.run(Recently viewed:24)
	at com.kms.katalon.core.main.ScriptEngine.run(ScriptEngine.java:194)
	at com.kms.katalon.core.main.ScriptEngine.runScriptAsRawText(ScriptEngine.java:119)
	at com.kms.katalon.core.main.TestCaseExecutor.runScript(TestCaseExecutor.java:328)
	at com.kms.katalon.core.main.TestCaseExecutor.doExecute(TestCaseExecutor.java:319)
	at com.kms.katalon.core.main.TestCaseExecutor.processExecutionPhase(TestCaseExecutor.java:298)
	at com.kms.katalon.core.main.TestCaseExecutor.accessMainPhase(TestCaseExecutor.java:290)
	at com.kms.katalon.core.main.TestCaseExecutor.execute(TestCaseExecutor.java:224)
	at com.kms.katalon.core.main.TestSuiteExecutor.accessTestCaseMainPhase(TestSuiteExecutor.java:129)
	at com.kms.katalon.core.main.TestSuiteExecutor.accessTestSuiteMainPhase(TestSuiteExecutor.java:112)
	at com.kms.katalon.core.main.TestSuiteExecutor.execute(TestSuiteExecutor.java:81)
	at com.kms.katalon.core.main.TestCaseMain.startTestSuite(TestCaseMain.java:149)
	at com.kms.katalon.core.main.TestCaseMain$startTestSuite$0.call(Unknown Source)
	at TempTestSuite1559927775427.run(TempTestSuite1559927775427.groovy:36)]]></system-out>
         <system-err><![CDATA[2019-06-07 13:47:54 - [TEST_CASE][FAILED] - Test Cases/OCS - DESKTOP/OCS- PRODUCT PAGE/Recently viewed: Test Cases/OCS - DESKTOP/OCS- PRODUCT PAGE/Recently viewed FAILED.
Reason:
com.kms.katalon.core.exception.StepFailedException: Unable to click on object 'Object Repository/OCS-DESKTOP/Product page/Recently Viewed/1st Product - Image' (Root cause: com.kms.katalon.core.webui.exception.WebElementNotFoundException: Web element with id: 'Object Repository/OCS-DESKTOP/Product page/Recently Viewed/1st Product - Image' located by 'By.xpath: /html/body/div/div[3]/section/section[2]/div/div/div/div/div/div/article/div[1]/a/img' not found)
	at com.kms.katalon.core.keyword.internal.KeywordMain.stepFailed(KeywordMain.groovy:36)
	at com.kms.katalon.core.webui.keyword.internal.WebUIKeywordMain.stepFailed(WebUIKeywordMain.groovy:65)
	at com.kms.katalon.core.webui.keyword.internal.WebUIKeywordMain.runKeyword(WebUIKeywordMain.groovy:27)
	at com.kms.katalon.core.webui.keyword.builtin.ClickKeyword.click(ClickKeyword.groovy:86)
	at com.kms.katalon.core.webui.keyword.builtin.ClickKeyword.execute(ClickKeyword.groovy:67)
	at com.kms.katalon.core.keyword.internal.KeywordExecutor.executeKeywordForPlatform(KeywordExecutor.groovy:53)
	at com.kms.katalon.core.webui.keyword.WebUiBuiltInKeywords.click(WebUiBuiltInKeywords.groovy:616)
	at com.kms.katalon.core.webui.keyword.WebUiBuiltInKeywords$click$4.call(Unknown Source)
	at Recently viewed.run(Recently viewed:24)
	at com.kms.katalon.core.main.ScriptEngine.run(ScriptEngine.java:194)
	at com.kms.katalon.core.main.ScriptEngine.runScriptAsRawText(ScriptEngine.java:119)
	at com.kms.katalon.core.main.TestCaseExecutor.runScript(TestCaseExecutor.java:328)
	at com.kms.katalon.core.main.TestCaseExecutor.doExecute(TestCaseExecutor.java:319)
	at com.kms.katalon.core.main.TestCaseExecutor.processExecutionPhase(TestCaseExecutor.java:298)
	at com.kms.katalon.core.main.TestCaseExecutor.accessMainPhase(TestCaseExecutor.java:290)
	at com.kms.katalon.core.main.TestCaseExecutor.execute(TestCaseExecutor.java:224)
	at com.kms.katalon.core.main.TestSuiteExecutor.accessTestCaseMainPhase(TestSuiteExecutor.java:129)
	at com.kms.katalon.core.main.TestSuiteExecutor.accessTestSuiteMainPhase(TestSuiteExecutor.java:112)
	at com.kms.katalon.core.main.TestSuiteExecutor.execute(TestSuiteExecutor.java:81)
	at com.kms.katalon.core.main.TestCaseMain.startTestSuite(TestCaseMain.java:149)
	at com.kms.katalon.core.main.TestCaseMain$startTestSuite$0.call(Unknown Source)
	at TempTestSuite1559927775427.run(TempTestSuite1559927775427.groovy:36)]]></system-err>
      </testcase>
      <testcase name="Test Cases/OCS - DESKTOP/OCS- PRODUCT PAGE/variants selector" classname="Test Cases/OCS - DESKTOP/OCS- PRODUCT PAGE/variants selector" status="FAILED">
         <failure type="FAILED" message="Test Cases/OCS - DESKTOP/OCS- PRODUCT PAGE/variants selector FAILED.
Reason:
com.kms.katalon.core.exception.StepFailedException: Unable to scroll to object 'Object Repository/OCS-DESKTOP/Product page/Product image' (Root cause: com.kms.katalon.core.webui.exception.WebElementNotFoundException: Web element with id: 'Object Repository/OCS-DESKTOP/Product page/Product image' located by 'By.xpath: /html/body/div/div[3]/section/div[1]/div[2]/div[1]/div/div/div/div/div/div/div/div/div/img' not found)
	at com.kms.katalon.core.keyword.internal.KeywordMain.stepFailed(KeywordMain.groovy:36)
	at com.kms.katalon.core.webui.keyword.internal.WebUIKeywordMain.stepFailed(WebUIKeywordMain.groovy:65)
	at com.kms.katalon.core.webui.keyword.internal.WebUIKeywordMain.runKeyword(WebUIKeywordMain.groovy:27)
	at com.kms.katalon.core.webui.keyword.builtin.ScrollToElementKeyword.scrollToElement(ScrollToElementKeyword.groovy:88)
	at com.kms.katalon.core.webui.keyword.builtin.ScrollToElementKeyword.execute(ScrollToElementKeyword.groovy:68)
	at com.kms.katalon.core.keyword.internal.KeywordExecutor.executeKeywordForPlatform(KeywordExecutor.groovy:53)
	at com.kms.katalon.core.webui.keyword.WebUiBuiltInKeywords.scrollToElement(WebUiBuiltInKeywords.groovy:2975)
	at com.kms.katalon.core.webui.keyword.WebUiBuiltInKeywords$scrollToElement$11.call(Unknown Source)
	at variants selector.run(variants selector:25)
	at com.kms.katalon.core.main.ScriptEngine.run(ScriptEngine.java:194)
	at com.kms.katalon.core.main.ScriptEngine.runScriptAsRawText(ScriptEngine.java:119)
	at com.kms.katalon.core.main.TestCaseExecutor.runScript(TestCaseExecutor.java:328)
	at com.kms.katalon.core.main.TestCaseExecutor.doExecute(TestCaseExecutor.java:319)
	at com.kms.katalon.core.main.TestCaseExecutor.processExecutionPhase(TestCaseExecutor.java:298)
	at com.kms.katalon.core.main.TestCaseExecutor.accessMainPhase(TestCaseExecutor.java:290)
	at com.kms.katalon.core.main.TestCaseExecutor.execute(TestCaseExecutor.java:224)
	at com.kms.katalon.core.main.TestSuiteExecutor.accessTestCaseMainPhase(TestSuiteExecutor.java:129)
	at com.kms.katalon.core.main.TestSuiteExecutor.accessTestSuiteMainPhase(TestSuiteExecutor.java:112)
	at com.kms.katalon.core.main.TestSuiteExecutor.execute(TestSuiteExecutor.java:81)
	at com.kms.katalon.core.main.TestCaseMain.startTestSuite(TestCaseMain.java:149)
	at com.kms.katalon.core.main.TestCaseMain$startTestSuite$0.call(Unknown Source)
	at TempTestSuite1559927775427.run(TempTestSuite1559927775427.groovy:36)
"/>
         <system-out><![CDATA[2019-06-07 13:48:57 - [TEST_CASE][FAILED] - Test Cases/OCS - DESKTOP/OCS- PRODUCT PAGE/variants selector: Test Cases/OCS - DESKTOP/OCS- PRODUCT PAGE/variants selector FAILED.
Reason:
com.kms.katalon.core.exception.StepFailedException: Unable to scroll to object 'Object Repository/OCS-DESKTOP/Product page/Product image' (Root cause: com.kms.katalon.core.webui.exception.WebElementNotFoundException: Web element with id: 'Object Repository/OCS-DESKTOP/Product page/Product image' located by 'By.xpath: /html/body/div/div[3]/section/div[1]/div[2]/div[1]/div/div/div/div/div/div/div/div/div/img' not found)
	at com.kms.katalon.core.keyword.internal.KeywordMain.stepFailed(KeywordMain.groovy:36)
	at com.kms.katalon.core.webui.keyword.internal.WebUIKeywordMain.stepFailed(WebUIKeywordMain.groovy:65)
	at com.kms.katalon.core.webui.keyword.internal.WebUIKeywordMain.runKeyword(WebUIKeywordMain.groovy:27)
	at com.kms.katalon.core.webui.keyword.builtin.ScrollToElementKeyword.scrollToElement(ScrollToElementKeyword.groovy:88)
	at com.kms.katalon.core.webui.keyword.builtin.ScrollToElementKeyword.execute(ScrollToElementKeyword.groovy:68)
	at com.kms.katalon.core.keyword.internal.KeywordExecutor.executeKeywordForPlatform(KeywordExecutor.groovy:53)
	at com.kms.katalon.core.webui.keyword.WebUiBuiltInKeywords.scrollToElement(WebUiBuiltInKeywords.groovy:2975)
	at com.kms.katalon.core.webui.keyword.WebUiBuiltInKeywords$scrollToElement$11.call(Unknown Source)
	at variants selector.run(variants selector:25)
	at com.kms.katalon.core.main.ScriptEngine.run(ScriptEngine.java:194)
	at com.kms.katalon.core.main.ScriptEngine.runScriptAsRawText(ScriptEngine.java:119)
	at com.kms.katalon.core.main.TestCaseExecutor.runScript(TestCaseExecutor.java:328)
	at com.kms.katalon.core.main.TestCaseExecutor.doExecute(TestCaseExecutor.java:319)
	at com.kms.katalon.core.main.TestCaseExecutor.processExecutionPhase(TestCaseExecutor.java:298)
	at com.kms.katalon.core.main.TestCaseExecutor.accessMainPhase(TestCaseExecutor.java:290)
	at com.kms.katalon.core.main.TestCaseExecutor.execute(TestCaseExecutor.java:224)
	at com.kms.katalon.core.main.TestSuiteExecutor.accessTestCaseMainPhase(TestSuiteExecutor.java:129)
	at com.kms.katalon.core.main.TestSuiteExecutor.accessTestSuiteMainPhase(TestSuiteExecutor.java:112)
	at com.kms.katalon.core.main.TestSuiteExecutor.execute(TestSuiteExecutor.java:81)
	at com.kms.katalon.core.main.TestCaseMain.startTestSuite(TestCaseMain.java:149)
	at com.kms.katalon.core.main.TestCaseMain$startTestSuite$0.call(Unknown Source)
	at TempTestSuite1559927775427.run(TempTestSuite1559927775427.groovy:36)


2019-06-07 13:48:57 - [TEST_STEP][PASSED] - callTestCase(findTestCase("OCS - DESKTOP/CALL - PDP"), [:], STOP_ON_FAILURE): Call Test Case 'Test Cases/OCS - DESKTOP/CALL - PDP' successfully

2019-06-07 13:48:57 - [TEST_CASE][PASSED] - Test Cases/OCS - DESKTOP/CALL - PDP: Test Cases/OCS - DESKTOP/CALL - PDP

2019-06-07 13:48:57 - [TEST_STEP][PASSED] - openBrowser(""): Browser is opened with url: ''

2019-06-07 13:48:57 - [MESSAGE][WARNING] - A browser is already opened. Closing browser and opening a new one

2019-06-07 13:48:57 - [MESSAGE][INFO] - Starting 'Chrome' driver

2019-06-07 13:48:58 - [MESSAGE][PASSED] - Browser is opened with url: ''

2019-06-07 13:48:58 - [TEST_STEP][PASSED] - navigateToUrl("https://ocs.ca/?fts=0&preview_theme_id=72920074060"): Navigate to 'https://ocs.ca/?fts=0&preview_theme_id=72920074060' successfully

2019-06-07 13:49:03 - [MESSAGE][PASSED] - Navigate to 'https://ocs.ca/?fts=0&preview_theme_id=72920074060' successfully

2019-06-07 13:49:03 - [TEST_STEP][PASSED] - maximizeWindow(): Current window maximized

2019-06-07 13:49:03 - [MESSAGE][PASSED] - Current window maximized

2019-06-07 13:49:03 - [TEST_STEP][PASSED] - executeJavaScript("var previewBar = document.getElementById("preview-bar-iframe"); previewBar.style.display = "none";", []): Execute JavaScript 'var previewBar = document.getElementById("preview-bar-iframe"); previewBar.style.display = "none";' successfully

2019-06-07 13:49:03 - [MESSAGE][PASSED] - Execute JavaScript 'var previewBar = document.getElementById("preview-bar-iframe"); previewBar.style.display = "none";' successfully

2019-06-07 13:49:03 - [TEST_STEP][PASSED] - delay(4): Delayed 4 second(s)

2019-06-07 13:49:07 - [MESSAGE][PASSED] - Delayed 4 second(s)

2019-06-07 13:49:07 - [TEST_STEP][PASSED] - selectOptionByValue(findTestObject("OCS-DESKTOP/Age gate and Mega menu/Date"), "12", true): All options with value '12' are selected in object 'Object Repository/OCS-DESKTOP/Age gate and Mega menu/Date'  using regular expression

2019-06-07 13:49:07 - [MESSAGE][PASSED] - All options with value '12' are selected in object 'Object Repository/OCS-DESKTOP/Age gate and Mega menu/Date'  using regular expression

2019-06-07 13:49:07 - [TEST_STEP][PASSED] - selectOptionByValue(findTestObject("OCS-DESKTOP/Age gate and Mega menu/month"), "6", true): All options with value '6' are selected in object 'Object Repository/OCS-DESKTOP/Age gate and Mega menu/month'  using regular expression

2019-06-07 13:49:07 - [MESSAGE][PASSED] - All options with value '6' are selected in object 'Object Repository/OCS-DESKTOP/Age gate and Mega menu/month'  using regular expression

2019-06-07 13:49:07 - [TEST_STEP][PASSED] - delay(2): Delayed 2 second(s)

2019-06-07 13:49:09 - [MESSAGE][PASSED] - Delayed 2 second(s)

2019-06-07 13:49:09 - [TEST_STEP][PASSED] - selectOptionByValue(findTestObject("OCS-DESKTOP/Age gate and Mega menu/Year Dropdown"), "1990", true): All options with value '1990' are selected in object 'Object Repository/OCS-DESKTOP/Age gate and Mega menu/Year Dropdown'  using regular expression

2019-06-07 13:49:10 - [MESSAGE][PASSED] - All options with value '1990' are selected in object 'Object Repository/OCS-DESKTOP/Age gate and Mega menu/Year Dropdown'  using regular expression

2019-06-07 13:49:10 - [TEST_STEP][PASSED] - click(findTestObject("OCS-DESKTOP/Age gate and Mega menu/button_Verify")): Object: 'Object Repository/OCS-DESKTOP/Age gate and Mega menu/button_Verify' is clicked on

2019-06-07 13:49:10 - [MESSAGE][PASSED] - Object: 'Object Repository/OCS-DESKTOP/Age gate and Mega menu/button_Verify' is clicked on

2019-06-07 13:49:10 - [TEST_STEP][PASSED] - click(findTestObject("OCS-DESKTOP/Age gate and Mega menu/Checkbox_CONFIRM AND ACKNOWLEDGE")): Object: 'Object Repository/OCS-DESKTOP/Age gate and Mega menu/Checkbox_CONFIRM AND ACKNOWLEDGE' is clicked on

2019-06-07 13:49:10 - [MESSAGE][PASSED] - Object: 'Object Repository/OCS-DESKTOP/Age gate and Mega menu/Checkbox_CONFIRM AND ACKNOWLEDGE' is clicked on

2019-06-07 13:49:10 - [TEST_STEP][PASSED] - click(findTestObject("OCS-DESKTOP/Age gate and Mega menu/button_CONFIRM")): Object: 'Object Repository/OCS-DESKTOP/Age gate and Mega menu/button_CONFIRM' is clicked on

2019-06-07 13:49:11 - [MESSAGE][PASSED] - Object: 'Object Repository/OCS-DESKTOP/Age gate and Mega menu/button_CONFIRM' is clicked on

2019-06-07 13:49:11 - [TEST_STEP][PASSED] - click(findTestObject("OCS-DESKTOP/Age gate and Mega menu/button_Start Browsing")): Object: 'Object Repository/OCS-DESKTOP/Age gate and Mega menu/button_Start Browsing' is clicked on

2019-06-07 13:49:11 - [MESSAGE][PASSED] - Object: 'Object Repository/OCS-DESKTOP/Age gate and Mega menu/button_Start Browsing' is clicked on

2019-06-07 13:49:11 - [TEST_STEP][PASSED] - refresh(): Refresh successfully

2019-06-07 13:49:11 - [MESSAGE][PASSED] - Refresh successfully

2019-06-07 13:49:11 - [TEST_STEP][PASSED] - delay(2): Delayed 2 second(s)

2019-06-07 13:49:13 - [MESSAGE][PASSED] - Delayed 2 second(s)

2019-06-07 13:49:13 - [TEST_STEP][PASSED] - mouseOver(findTestObject("OCS-DESKTOP/Age gate and Mega menu/Header/CANNABIS menu - English")): Object: 'Object Repository/OCS-DESKTOP/Age gate and Mega menu/Header/CANNABIS menu - English' is hovered

2019-06-07 13:49:14 - [MESSAGE][PASSED] - Object: 'Object Repository/OCS-DESKTOP/Age gate and Mega menu/Header/CANNABIS menu - English' is hovered

2019-06-07 13:49:14 - [TEST_STEP][PASSED] - delay(2): Delayed 2 second(s)

2019-06-07 13:49:16 - [MESSAGE][PASSED] - Delayed 2 second(s)

2019-06-07 13:49:16 - [TEST_STEP][PASSED] - click(findTestObject("OCS-DESKTOP/Age gate and Mega menu/Indica Dominant_Menu item")): Object: 'Object Repository/OCS-DESKTOP/Age gate and Mega menu/Indica Dominant_Menu item' is clicked on

2019-06-07 13:49:18 - [MESSAGE][PASSED] - Object: 'Object Repository/OCS-DESKTOP/Age gate and Mega menu/Indica Dominant_Menu item' is clicked on

2019-06-07 13:49:18 - [TEST_STEP][PASSED] - delay(2): Delayed 2 second(s)

2019-06-07 13:49:20 - [MESSAGE][PASSED] - Delayed 2 second(s)

2019-06-07 13:49:20 - [TEST_STEP][PASSED] - scrollToElement(findTestObject("OCS-DESKTOP/Collection page/Product image - 1st one"), 0): Scroll to object 'Object Repository/OCS-DESKTOP/Collection page/Product image - 1st one' successfully

2019-06-07 13:49:20 - [MESSAGE][WARNING] - Timeout '0' is invalid. Using default page load timeout: '30'

2019-06-07 13:49:20 - [MESSAGE][PASSED] - Scroll to object 'Object Repository/OCS-DESKTOP/Collection page/Product image - 1st one' successfully

2019-06-07 13:49:20 - [TEST_STEP][PASSED] - delay(2): Delayed 2 second(s)

2019-06-07 13:49:22 - [MESSAGE][PASSED] - Delayed 2 second(s)

2019-06-07 13:49:22 - [TEST_STEP][PASSED] - click(findTestObject("OCS-DESKTOP/Collection page/Product image - 1st one")): Object: 'Object Repository/OCS-DESKTOP/Collection page/Product image - 1st one' is clicked on

2019-06-07 13:49:25 - [MESSAGE][PASSED] - Object: 'Object Repository/OCS-DESKTOP/Collection page/Product image - 1st one' is clicked on

2019-06-07 13:49:25 - [TEST_STEP][PASSED] - executeJavaScript("var previewBar = document.getElementById("preview-bar-iframe"); previewBar.style.display = "none";", []): Execute JavaScript 'var previewBar = document.getElementById("preview-bar-iframe"); previewBar.style.display = "none";' successfully

2019-06-07 13:49:25 - [MESSAGE][PASSED] - Execute JavaScript 'var previewBar = document.getElementById("preview-bar-iframe"); previewBar.style.display = "none";' successfully

2019-06-07 13:49:25 - [TEST_STEP][PASSED] - delay(2): Delayed 2 second(s)

2019-06-07 13:49:27 - [MESSAGE][PASSED] - Delayed 2 second(s)

2019-06-07 13:49:27 - [MESSAGE][PASSED] - Call Test Case 'Test Cases/OCS - DESKTOP/CALL - PDP' successfully

2019-06-07 13:49:27 - [TEST_STEP][PASSED] - navigateToUrl("https://ocs.ca/products/lola-montes-edison"): Navigate to 'https://ocs.ca/products/lola-montes-edison' successfully

2019-06-07 13:49:31 - [MESSAGE][PASSED] - Navigate to 'https://ocs.ca/products/lola-montes-edison' successfully

2019-06-07 13:49:31 - [TEST_STEP][PASSED] - executeJavaScript("var previewBar = document.getElementById("preview-bar-iframe"); previewBar.style.display = "none";", []): Execute JavaScript 'var previewBar = document.getElementById("preview-bar-iframe"); previewBar.style.display = "none";' successfully

2019-06-07 13:49:31 - [MESSAGE][PASSED] - Execute JavaScript 'var previewBar = document.getElementById("preview-bar-iframe"); previewBar.style.display = "none";' successfully

2019-06-07 13:49:31 - [TEST_STEP][PASSED] - delay(2): Delayed 2 second(s)

2019-06-07 13:49:33 - [MESSAGE][PASSED] - Delayed 2 second(s)

2019-06-07 13:49:33 - [TEST_STEP][FAILED] - scrollToElement(findTestObject("OCS-DESKTOP/Product page/Product image"), 1): scrollToElement(findTestObject("OCS-DESKTOP/Product page/Product image"), 1) FAILED.
Reason:
com.kms.katalon.core.exception.StepFailedException: Unable to scroll to object 'Object Repository/OCS-DESKTOP/Product page/Product image' (Root cause: com.kms.katalon.core.webui.exception.WebElementNotFoundException: Web element with id: 'Object Repository/OCS-DESKTOP/Product page/Product image' located by 'By.xpath: /html/body/div/div[3]/section/div[1]/div[2]/div[1]/div/div/div/div/div/div/div/div/div/img' not found)
	at com.kms.katalon.core.keyword.internal.KeywordMain.stepFailed(KeywordMain.groovy:36)
	at com.kms.katalon.core.webui.keyword.internal.WebUIKeywordMain.stepFailed(WebUIKeywordMain.groovy:65)
	at com.kms.katalon.core.webui.keyword.internal.WebUIKeywordMain.runKeyword(WebUIKeywordMain.groovy:27)
	at com.kms.katalon.core.webui.keyword.builtin.ScrollToElementKeyword.scrollToElement(ScrollToElementKeyword.groovy:88)
	at com.kms.katalon.core.webui.keyword.builtin.ScrollToElementKeyword.execute(ScrollToElementKeyword.groovy:68)
	at com.kms.katalon.core.keyword.internal.KeywordExecutor.executeKeywordForPlatform(KeywordExecutor.groovy:53)
	at com.kms.katalon.core.webui.keyword.WebUiBuiltInKeywords.scrollToElement(WebUiBuiltInKeywords.groovy:2975)
	at com.kms.katalon.core.webui.keyword.WebUiBuiltInKeywords$scrollToElement$11.call(Unknown Source)
	at variants selector.run(variants selector:25)
	at com.kms.katalon.core.main.ScriptEngine.run(ScriptEngine.java:194)
	at com.kms.katalon.core.main.ScriptEngine.runScriptAsRawText(ScriptEngine.java:119)
	at com.kms.katalon.core.main.TestCaseExecutor.runScript(TestCaseExecutor.java:328)
	at com.kms.katalon.core.main.TestCaseExecutor.doExecute(TestCaseExecutor.java:319)
	at com.kms.katalon.core.main.TestCaseExecutor.processExecutionPhase(TestCaseExecutor.java:298)
	at com.kms.katalon.core.main.TestCaseExecutor.accessMainPhase(TestCaseExecutor.java:290)
	at com.kms.katalon.core.main.TestCaseExecutor.execute(TestCaseExecutor.java:224)
	at com.kms.katalon.core.main.TestSuiteExecutor.accessTestCaseMainPhase(TestSuiteExecutor.java:129)
	at com.kms.katalon.core.main.TestSuiteExecutor.accessTestSuiteMainPhase(TestSuiteExecutor.java:112)
	at com.kms.katalon.core.main.TestSuiteExecutor.execute(TestSuiteExecutor.java:81)
	at com.kms.katalon.core.main.TestCaseMain.startTestSuite(TestCaseMain.java:149)
	at com.kms.katalon.core.main.TestCaseMain$startTestSuite$0.call(Unknown Source)
	at TempTestSuite1559927775427.run(TempTestSuite1559927775427.groovy:36)


2019-06-07 13:50:04 - [MESSAGE][INFO] - Unable to find the element located by 'By.xpath: /html/body/div/div[3]/section/div[1]/div[2]/div[1]/div/div/div/div/div/div/div/div/div/img'. Please recheck the objects properties to make sure the desired element is located. 

2019-06-07 13:50:04 - [MESSAGE][FAILED] - Unable to scroll to object 'Object Repository/OCS-DESKTOP/Product page/Product image' (Root cause: com.kms.katalon.core.webui.exception.WebElementNotFoundException: Web element with id: 'Object Repository/OCS-DESKTOP/Product page/Product image' located by 'By.xpath: /html/body/div/div[3]/section/div[1]/div[2]/div[1]/div/div/div/div/div/div/div/div/div/img' not found)
[[ATTACHMENT|/Users/sumankompelly/Relative xpath-Desktop/Reports/OCS- 1.9.2.1/20190607_131615/1559929804120.png]]

2019-06-07 13:50:04 - [MESSAGE][FAILED] - scrollToElement(findTestObject("OCS-DESKTOP/Product page/Product image"), 1) FAILED.
Reason:
com.kms.katalon.core.exception.StepFailedException: Unable to scroll to object 'Object Repository/OCS-DESKTOP/Product page/Product image' (Root cause: com.kms.katalon.core.webui.exception.WebElementNotFoundException: Web element with id: 'Object Repository/OCS-DESKTOP/Product page/Product image' located by 'By.xpath: /html/body/div/div[3]/section/div[1]/div[2]/div[1]/div/div/div/div/div/div/div/div/div/img' not found)
	at com.kms.katalon.core.keyword.internal.KeywordMain.stepFailed(KeywordMain.groovy:36)
	at com.kms.katalon.core.webui.keyword.internal.WebUIKeywordMain.stepFailed(WebUIKeywordMain.groovy:65)
	at com.kms.katalon.core.webui.keyword.internal.WebUIKeywordMain.runKeyword(WebUIKeywordMain.groovy:27)
	at com.kms.katalon.core.webui.keyword.builtin.ScrollToElementKeyword.scrollToElement(ScrollToElementKeyword.groovy:88)
	at com.kms.katalon.core.webui.keyword.builtin.ScrollToElementKeyword.execute(ScrollToElementKeyword.groovy:68)
	at com.kms.katalon.core.keyword.internal.KeywordExecutor.executeKeywordForPlatform(KeywordExecutor.groovy:53)
	at com.kms.katalon.core.webui.keyword.WebUiBuiltInKeywords.scrollToElement(WebUiBuiltInKeywords.groovy:2975)
	at com.kms.katalon.core.webui.keyword.WebUiBuiltInKeywords$scrollToElement$11.call(Unknown Source)
	at variants selector.run(variants selector:25)
	at com.kms.katalon.core.main.ScriptEngine.run(ScriptEngine.java:194)
	at com.kms.katalon.core.main.ScriptEngine.runScriptAsRawText(ScriptEngine.java:119)
	at com.kms.katalon.core.main.TestCaseExecutor.runScript(TestCaseExecutor.java:328)
	at com.kms.katalon.core.main.TestCaseExecutor.doExecute(TestCaseExecutor.java:319)
	at com.kms.katalon.core.main.TestCaseExecutor.processExecutionPhase(TestCaseExecutor.java:298)
	at com.kms.katalon.core.main.TestCaseExecutor.accessMainPhase(TestCaseExecutor.java:290)
	at com.kms.katalon.core.main.TestCaseExecutor.execute(TestCaseExecutor.java:224)
	at com.kms.katalon.core.main.TestSuiteExecutor.accessTestCaseMainPhase(TestSuiteExecutor.java:129)
	at com.kms.katalon.core.main.TestSuiteExecutor.accessTestSuiteMainPhase(TestSuiteExecutor.java:112)
	at com.kms.katalon.core.main.TestSuiteExecutor.execute(TestSuiteExecutor.java:81)
	at com.kms.katalon.core.main.TestCaseMain.startTestSuite(TestCaseMain.java:149)
	at com.kms.katalon.core.main.TestCaseMain$startTestSuite$0.call(Unknown Source)
	at TempTestSuite1559927775427.run(TempTestSuite1559927775427.groovy:36)]]></system-out>
         <system-err><![CDATA[2019-06-07 13:48:57 - [TEST_CASE][FAILED] - Test Cases/OCS - DESKTOP/OCS- PRODUCT PAGE/variants selector: Test Cases/OCS - DESKTOP/OCS- PRODUCT PAGE/variants selector FAILED.
Reason:
com.kms.katalon.core.exception.StepFailedException: Unable to scroll to object 'Object Repository/OCS-DESKTOP/Product page/Product image' (Root cause: com.kms.katalon.core.webui.exception.WebElementNotFoundException: Web element with id: 'Object Repository/OCS-DESKTOP/Product page/Product image' located by 'By.xpath: /html/body/div/div[3]/section/div[1]/div[2]/div[1]/div/div/div/div/div/div/div/div/div/img' not found)
	at com.kms.katalon.core.keyword.internal.KeywordMain.stepFailed(KeywordMain.groovy:36)
	at com.kms.katalon.core.webui.keyword.internal.WebUIKeywordMain.stepFailed(WebUIKeywordMain.groovy:65)
	at com.kms.katalon.core.webui.keyword.internal.WebUIKeywordMain.runKeyword(WebUIKeywordMain.groovy:27)
	at com.kms.katalon.core.webui.keyword.builtin.ScrollToElementKeyword.scrollToElement(ScrollToElementKeyword.groovy:88)
	at com.kms.katalon.core.webui.keyword.builtin.ScrollToElementKeyword.execute(ScrollToElementKeyword.groovy:68)
	at com.kms.katalon.core.keyword.internal.KeywordExecutor.executeKeywordForPlatform(KeywordExecutor.groovy:53)
	at com.kms.katalon.core.webui.keyword.WebUiBuiltInKeywords.scrollToElement(WebUiBuiltInKeywords.groovy:2975)
	at com.kms.katalon.core.webui.keyword.WebUiBuiltInKeywords$scrollToElement$11.call(Unknown Source)
	at variants selector.run(variants selector:25)
	at com.kms.katalon.core.main.ScriptEngine.run(ScriptEngine.java:194)
	at com.kms.katalon.core.main.ScriptEngine.runScriptAsRawText(ScriptEngine.java:119)
	at com.kms.katalon.core.main.TestCaseExecutor.runScript(TestCaseExecutor.java:328)
	at com.kms.katalon.core.main.TestCaseExecutor.doExecute(TestCaseExecutor.java:319)
	at com.kms.katalon.core.main.TestCaseExecutor.processExecutionPhase(TestCaseExecutor.java:298)
	at com.kms.katalon.core.main.TestCaseExecutor.accessMainPhase(TestCaseExecutor.java:290)
	at com.kms.katalon.core.main.TestCaseExecutor.execute(TestCaseExecutor.java:224)
	at com.kms.katalon.core.main.TestSuiteExecutor.accessTestCaseMainPhase(TestSuiteExecutor.java:129)
	at com.kms.katalon.core.main.TestSuiteExecutor.accessTestSuiteMainPhase(TestSuiteExecutor.java:112)
	at com.kms.katalon.core.main.TestSuiteExecutor.execute(TestSuiteExecutor.java:81)
	at com.kms.katalon.core.main.TestCaseMain.startTestSuite(TestCaseMain.java:149)
	at com.kms.katalon.core.main.TestCaseMain$startTestSuite$0.call(Unknown Source)
	at TempTestSuite1559927775427.run(TempTestSuite1559927775427.groovy:36)]]></system-err>
      </testcase>
      <testcase name="Test Cases/OCS - DESKTOP/OCS- PRODUCT PAGE/How to choose cannbis products" classname="Test Cases/OCS - DESKTOP/OCS- PRODUCT PAGE/How to choose cannbis products" status="PASSED">
         <system-out><![CDATA[2019-06-07 13:50:04 - [TEST_CASE][PASSED] - Test Cases/OCS - DESKTOP/OCS- PRODUCT PAGE/How to choose cannbis products: Test Cases/OCS - DESKTOP/OCS- PRODUCT PAGE/How to choose cannbis products

2019-06-07 13:50:04 - [TEST_STEP][PASSED] - callTestCase(findTestCase("OCS - DESKTOP/CALL - PDP"), [:], STOP_ON_FAILURE): Call Test Case 'Test Cases/OCS - DESKTOP/CALL - PDP' successfully

2019-06-07 13:50:04 - [TEST_CASE][PASSED] - Test Cases/OCS - DESKTOP/CALL - PDP: Test Cases/OCS - DESKTOP/CALL - PDP

2019-06-07 13:50:04 - [TEST_STEP][PASSED] - openBrowser(""): Browser is opened with url: ''

2019-06-07 13:50:04 - [MESSAGE][WARNING] - A browser is already opened. Closing browser and opening a new one

2019-06-07 13:50:04 - [MESSAGE][INFO] - Starting 'Chrome' driver

2019-06-07 13:50:06 - [MESSAGE][PASSED] - Browser is opened with url: ''

2019-06-07 13:50:06 - [TEST_STEP][PASSED] - navigateToUrl("https://ocs.ca/?fts=0&preview_theme_id=72920074060"): Navigate to 'https://ocs.ca/?fts=0&preview_theme_id=72920074060' successfully

2019-06-07 13:50:09 - [MESSAGE][PASSED] - Navigate to 'https://ocs.ca/?fts=0&preview_theme_id=72920074060' successfully

2019-06-07 13:50:09 - [TEST_STEP][PASSED] - maximizeWindow(): Current window maximized

2019-06-07 13:50:10 - [MESSAGE][PASSED] - Current window maximized

2019-06-07 13:50:10 - [TEST_STEP][PASSED] - executeJavaScript("var previewBar = document.getElementById("preview-bar-iframe"); previewBar.style.display = "none";", []): Execute JavaScript 'var previewBar = document.getElementById("preview-bar-iframe"); previewBar.style.display = "none";' successfully

2019-06-07 13:50:10 - [MESSAGE][PASSED] - Execute JavaScript 'var previewBar = document.getElementById("preview-bar-iframe"); previewBar.style.display = "none";' successfully

2019-06-07 13:50:10 - [TEST_STEP][PASSED] - delay(4): Delayed 4 second(s)

2019-06-07 13:50:14 - [MESSAGE][PASSED] - Delayed 4 second(s)

2019-06-07 13:50:14 - [TEST_STEP][PASSED] - selectOptionByValue(findTestObject("OCS-DESKTOP/Age gate and Mega menu/Date"), "12", true): All options with value '12' are selected in object 'Object Repository/OCS-DESKTOP/Age gate and Mega menu/Date'  using regular expression

2019-06-07 13:50:14 - [MESSAGE][PASSED] - All options with value '12' are selected in object 'Object Repository/OCS-DESKTOP/Age gate and Mega menu/Date'  using regular expression

2019-06-07 13:50:14 - [TEST_STEP][PASSED] - selectOptionByValue(findTestObject("OCS-DESKTOP/Age gate and Mega menu/month"), "6", true): All options with value '6' are selected in object 'Object Repository/OCS-DESKTOP/Age gate and Mega menu/month'  using regular expression

2019-06-07 13:50:14 - [MESSAGE][PASSED] - All options with value '6' are selected in object 'Object Repository/OCS-DESKTOP/Age gate and Mega menu/month'  using regular expression

2019-06-07 13:50:14 - [TEST_STEP][PASSED] - delay(2): Delayed 2 second(s)

2019-06-07 13:50:16 - [MESSAGE][PASSED] - Delayed 2 second(s)

2019-06-07 13:50:16 - [TEST_STEP][PASSED] - selectOptionByValue(findTestObject("OCS-DESKTOP/Age gate and Mega menu/Year Dropdown"), "1990", true): All options with value '1990' are selected in object 'Object Repository/OCS-DESKTOP/Age gate and Mega menu/Year Dropdown'  using regular expression

2019-06-07 13:50:17 - [MESSAGE][PASSED] - All options with value '1990' are selected in object 'Object Repository/OCS-DESKTOP/Age gate and Mega menu/Year Dropdown'  using regular expression

2019-06-07 13:50:17 - [TEST_STEP][PASSED] - click(findTestObject("OCS-DESKTOP/Age gate and Mega menu/button_Verify")): Object: 'Object Repository/OCS-DESKTOP/Age gate and Mega menu/button_Verify' is clicked on

2019-06-07 13:50:17 - [MESSAGE][PASSED] - Object: 'Object Repository/OCS-DESKTOP/Age gate and Mega menu/button_Verify' is clicked on

2019-06-07 13:50:17 - [TEST_STEP][PASSED] - click(findTestObject("OCS-DESKTOP/Age gate and Mega menu/Checkbox_CONFIRM AND ACKNOWLEDGE")): Object: 'Object Repository/OCS-DESKTOP/Age gate and Mega menu/Checkbox_CONFIRM AND ACKNOWLEDGE' is clicked on

2019-06-07 13:50:17 - [MESSAGE][PASSED] - Object: 'Object Repository/OCS-DESKTOP/Age gate and Mega menu/Checkbox_CONFIRM AND ACKNOWLEDGE' is clicked on

2019-06-07 13:50:17 - [TEST_STEP][PASSED] - click(findTestObject("OCS-DESKTOP/Age gate and Mega menu/button_CONFIRM")): Object: 'Object Repository/OCS-DESKTOP/Age gate and Mega menu/button_CONFIRM' is clicked on

2019-06-07 13:50:17 - [MESSAGE][PASSED] - Object: 'Object Repository/OCS-DESKTOP/Age gate and Mega menu/button_CONFIRM' is clicked on

2019-06-07 13:50:17 - [TEST_STEP][PASSED] - click(findTestObject("OCS-DESKTOP/Age gate and Mega menu/button_Start Browsing")): Object: 'Object Repository/OCS-DESKTOP/Age gate and Mega menu/button_Start Browsing' is clicked on

2019-06-07 13:50:17 - [MESSAGE][PASSED] - Object: 'Object Repository/OCS-DESKTOP/Age gate and Mega menu/button_Start Browsing' is clicked on

2019-06-07 13:50:17 - [TEST_STEP][PASSED] - refresh(): Refresh successfully

2019-06-07 13:50:17 - [MESSAGE][PASSED] - Refresh successfully

2019-06-07 13:50:17 - [TEST_STEP][PASSED] - delay(2): Delayed 2 second(s)

2019-06-07 13:50:19 - [MESSAGE][PASSED] - Delayed 2 second(s)

2019-06-07 13:50:19 - [TEST_STEP][PASSED] - mouseOver(findTestObject("OCS-DESKTOP/Age gate and Mega menu/Header/CANNABIS menu - English")): Object: 'Object Repository/OCS-DESKTOP/Age gate and Mega menu/Header/CANNABIS menu - English' is hovered

2019-06-07 13:50:22 - [MESSAGE][PASSED] - Object: 'Object Repository/OCS-DESKTOP/Age gate and Mega menu/Header/CANNABIS menu - English' is hovered

2019-06-07 13:50:22 - [TEST_STEP][PASSED] - delay(2): Delayed 2 second(s)

2019-06-07 13:50:24 - [MESSAGE][PASSED] - Delayed 2 second(s)

2019-06-07 13:50:24 - [TEST_STEP][PASSED] - click(findTestObject("OCS-DESKTOP/Age gate and Mega menu/Indica Dominant_Menu item")): Object: 'Object Repository/OCS-DESKTOP/Age gate and Mega menu/Indica Dominant_Menu item' is clicked on

2019-06-07 13:50:25 - [MESSAGE][PASSED] - Object: 'Object Repository/OCS-DESKTOP/Age gate and Mega menu/Indica Dominant_Menu item' is clicked on

2019-06-07 13:50:25 - [TEST_STEP][PASSED] - delay(2): Delayed 2 second(s)

2019-06-07 13:50:27 - [MESSAGE][PASSED] - Delayed 2 second(s)

2019-06-07 13:50:27 - [TEST_STEP][PASSED] - scrollToElement(findTestObject("OCS-DESKTOP/Collection page/Product image - 1st one"), 0): Scroll to object 'Object Repository/OCS-DESKTOP/Collection page/Product image - 1st one' successfully

2019-06-07 13:50:27 - [MESSAGE][WARNING] - Timeout '0' is invalid. Using default page load timeout: '30'

2019-06-07 13:50:27 - [MESSAGE][PASSED] - Scroll to object 'Object Repository/OCS-DESKTOP/Collection page/Product image - 1st one' successfully

2019-06-07 13:50:27 - [TEST_STEP][PASSED] - delay(2): Delayed 2 second(s)

2019-06-07 13:50:29 - [MESSAGE][PASSED] - Delayed 2 second(s)

2019-06-07 13:50:29 - [TEST_STEP][PASSED] - click(findTestObject("OCS-DESKTOP/Collection page/Product image - 1st one")): Object: 'Object Repository/OCS-DESKTOP/Collection page/Product image - 1st one' is clicked on

2019-06-07 13:50:33 - [MESSAGE][PASSED] - Object: 'Object Repository/OCS-DESKTOP/Collection page/Product image - 1st one' is clicked on

2019-06-07 13:50:33 - [TEST_STEP][PASSED] - executeJavaScript("var previewBar = document.getElementById("preview-bar-iframe"); previewBar.style.display = "none";", []): Execute JavaScript 'var previewBar = document.getElementById("preview-bar-iframe"); previewBar.style.display = "none";' successfully

2019-06-07 13:50:33 - [MESSAGE][PASSED] - Execute JavaScript 'var previewBar = document.getElementById("preview-bar-iframe"); previewBar.style.display = "none";' successfully

2019-06-07 13:50:33 - [TEST_STEP][PASSED] - delay(2): Delayed 2 second(s)

2019-06-07 13:50:35 - [MESSAGE][PASSED] - Delayed 2 second(s)

2019-06-07 13:50:35 - [MESSAGE][PASSED] - Call Test Case 'Test Cases/OCS - DESKTOP/CALL - PDP' successfully

2019-06-07 13:50:35 - [TEST_STEP][NOT_RUN] - scrollToElement(findTestObject("OCS-MOBILE /Product page/How to choose cannabis product - Section"), 2): NOT_RUN: scrollToElement(findTestObject("OCS-MOBILE /Product page/How to choose cannabis product - Section"), 2)

2019-06-07 13:50:35 - [MESSAGE][NOT_RUN] - NOT_RUN: scrollToElement(findTestObject("OCS-MOBILE /Product page/How to choose cannabis product - Section"), 2)

2019-06-07 13:50:35 - [TEST_STEP][PASSED] - click(findTestObject("OCS-DESKTOP/Product page/How to choose cannabis product - Button")): Object: 'Object Repository/OCS-DESKTOP/Product page/How to choose cannabis product - Button' is clicked on

2019-06-07 13:50:39 - [MESSAGE][PASSED] - Object: 'Object Repository/OCS-DESKTOP/Product page/How to choose cannabis product - Button' is clicked on

2019-06-07 13:50:39 - [TEST_STEP][PASSED] - a = getWindowTitle(): Current window's title is: 'Factors in Choosing Cannabis Products | Ontario Cannabis Store'

2019-06-07 13:50:39 - [MESSAGE][PASSED] - Current window's title is: 'Factors in Choosing Cannabis Products | Ontario Cannabis Store'

2019-06-07 13:50:39 - [TEST_STEP][PASSED] - b = "Factors in Choosing Cannabis Products | Ontario Cannabis Store": null

2019-06-07 13:50:39 - [TEST_STEP][PASSED] - comment("WINDOW TITLE IS: " + a): WINDOW TITLE IS: Factors in Choosing Cannabis Products | Ontario Cannabis Store

2019-06-07 13:50:39 - [MESSAGE][INFO] - WINDOW TITLE IS: Factors in Choosing Cannabis Products | Ontario Cannabis Store

2019-06-07 13:50:39 - [TEST_STEP][PASSED] - if (a == b): TITLE IS SAME

2019-06-07 13:50:39 - [TEST_STEP][PASSED] - comment("TITLE IS SAME"): TITLE IS SAME

2019-06-07 13:50:39 - [MESSAGE][INFO] - TITLE IS SAME

2019-06-07 13:50:39 - [TEST_STEP][PASSED] - back(): Navigate back successfully

2019-06-07 13:50:40 - [MESSAGE][PASSED] - Navigate back successfully]]></system-out>
         <system-err><![CDATA[]]></system-err>
      </testcase>
      <testcase name="Test Cases/OCS - DESKTOP/OCS-AGE GATE/AG- Under Age" classname="Test Cases/OCS - DESKTOP/OCS-AGE GATE/AG- Under Age" status="PASSED">
         <system-out><![CDATA[2019-06-07 13:50:40 - [TEST_CASE][PASSED] - Test Cases/OCS - DESKTOP/OCS-AGE GATE/AG- Under Age: Test Cases/OCS - DESKTOP/OCS-AGE GATE/AG- Under Age

2019-06-07 13:50:40 - [TEST_STEP][PASSED] - openBrowser(""): Browser is opened with url: ''

2019-06-07 13:50:40 - [MESSAGE][WARNING] - A browser is already opened. Closing browser and opening a new one

2019-06-07 13:50:41 - [MESSAGE][INFO] - Starting 'Chrome' driver

2019-06-07 13:50:42 - [MESSAGE][PASSED] - Browser is opened with url: ''

2019-06-07 13:50:42 - [TEST_STEP][PASSED] - navigateToUrl("https://ocs.ca/?fts=0&preview_theme_id=53376026444"): Navigate to 'https://ocs.ca/?fts=0&preview_theme_id=53376026444' successfully

2019-06-07 13:50:49 - [MESSAGE][PASSED] - Navigate to 'https://ocs.ca/?fts=0&preview_theme_id=53376026444' successfully

2019-06-07 13:50:49 - [TEST_STEP][PASSED] - executeJavaScript("var previewBar = document.getElementById("preview-bar-iframe"); previewBar.style.display = "none";", []): Execute JavaScript 'var previewBar = document.getElementById("preview-bar-iframe"); previewBar.style.display = "none";' successfully

2019-06-07 13:50:49 - [MESSAGE][PASSED] - Execute JavaScript 'var previewBar = document.getElementById("preview-bar-iframe"); previewBar.style.display = "none";' successfully

2019-06-07 13:50:49 - [TEST_STEP][PASSED] - selectOptionByValue(findTestObject("OCS-DESKTOP/Age gate and Mega menu/Date"), "12", true): All options with value '12' are selected in object 'Object Repository/OCS-DESKTOP/Age gate and Mega menu/Date'  using regular expression

2019-06-07 13:50:49 - [MESSAGE][PASSED] - All options with value '12' are selected in object 'Object Repository/OCS-DESKTOP/Age gate and Mega menu/Date'  using regular expression

2019-06-07 13:50:49 - [TEST_STEP][PASSED] - selectOptionByValue(findTestObject("OCS-DESKTOP/Age gate and Mega menu/month"), "6", true): All options with value '6' are selected in object 'Object Repository/OCS-DESKTOP/Age gate and Mega menu/month'  using regular expression

2019-06-07 13:50:49 - [MESSAGE][PASSED] - All options with value '6' are selected in object 'Object Repository/OCS-DESKTOP/Age gate and Mega menu/month'  using regular expression

2019-06-07 13:50:49 - [TEST_STEP][PASSED] - delay(2): Delayed 2 second(s)

2019-06-07 13:50:51 - [MESSAGE][PASSED] - Delayed 2 second(s)

2019-06-07 13:50:51 - [TEST_STEP][PASSED] - selectOptionByValue(findTestObject("OCS-DESKTOP/Age gate and Mega menu/Year Dropdown"), "2017", true): All options with value '2017' are selected in object 'Object Repository/OCS-DESKTOP/Age gate and Mega menu/Year Dropdown'  using regular expression

2019-06-07 13:50:52 - [MESSAGE][PASSED] - All options with value '2017' are selected in object 'Object Repository/OCS-DESKTOP/Age gate and Mega menu/Year Dropdown'  using regular expression

2019-06-07 13:50:52 - [TEST_STEP][PASSED] - click(findTestObject("OCS-DESKTOP/Age gate and Mega menu/button_Verify")): Object: 'Object Repository/OCS-DESKTOP/Age gate and Mega menu/button_Verify' is clicked on

2019-06-07 13:50:52 - [MESSAGE][PASSED] - Object: 'Object Repository/OCS-DESKTOP/Age gate and Mega menu/button_Verify' is clicked on

2019-06-07 13:50:52 - [TEST_STEP][PASSED] - click(findTestObject("OCS-DESKTOP/Age gate and Mega menu/Checkbox_CONFIRM AND ACKNOWLEDGE")): Object: 'Object Repository/OCS-DESKTOP/Age gate and Mega menu/Checkbox_CONFIRM AND ACKNOWLEDGE' is clicked on

2019-06-07 13:50:52 - [MESSAGE][PASSED] - Object: 'Object Repository/OCS-DESKTOP/Age gate and Mega menu/Checkbox_CONFIRM AND ACKNOWLEDGE' is clicked on

2019-06-07 13:50:52 - [TEST_STEP][PASSED] - click(findTestObject("OCS-DESKTOP/Age gate and Mega menu/button_CONFIRM")): Object: 'Object Repository/OCS-DESKTOP/Age gate and Mega menu/button_CONFIRM' is clicked on

2019-06-07 13:50:52 - [MESSAGE][PASSED] - Object: 'Object Repository/OCS-DESKTOP/Age gate and Mega menu/button_CONFIRM' is clicked on

2019-06-07 13:50:52 - [TEST_STEP][PASSED] - delay(3): Delayed 3 second(s)

2019-06-07 13:50:55 - [MESSAGE][PASSED] - Delayed 3 second(s)

2019-06-07 13:50:55 - [TEST_STEP][PASSED] - click(findTestObject("OCS-DESKTOP/Age gate and Mega menu/Oops Im actually 19 or older - Link")): Object: 'Object Repository/OCS-DESKTOP/Age gate and Mega menu/Oops Im actually 19 or older - Link' is clicked on

2019-06-07 13:50:55 - [MESSAGE][PASSED] - Object: 'Object Repository/OCS-DESKTOP/Age gate and Mega menu/Oops Im actually 19 or older - Link' is clicked on

2019-06-07 13:50:55 - [TEST_STEP][PASSED] - selectOptionByValue(findTestObject("OCS-DESKTOP/Age gate and Mega menu/Date"), "5", true): All options with value '5' are selected in object 'Object Repository/OCS-DESKTOP/Age gate and Mega menu/Date'  using regular expression

2019-06-07 13:50:56 - [MESSAGE][PASSED] - All options with value '5' are selected in object 'Object Repository/OCS-DESKTOP/Age gate and Mega menu/Date'  using regular expression

2019-06-07 13:50:56 - [TEST_STEP][PASSED] - selectOptionByValue(findTestObject("OCS-DESKTOP/Age gate and Mega menu/month"), "6", true): All options with value '6' are selected in object 'Object Repository/OCS-DESKTOP/Age gate and Mega menu/month'  using regular expression

2019-06-07 13:50:56 - [MESSAGE][PASSED] - All options with value '6' are selected in object 'Object Repository/OCS-DESKTOP/Age gate and Mega menu/month'  using regular expression

2019-06-07 13:50:56 - [TEST_STEP][PASSED] - selectOptionByValue(findTestObject("OCS-DESKTOP/Age gate and Mega menu/Year Dropdown"), "1970", true): All options with value '1970' are selected in object 'Object Repository/OCS-DESKTOP/Age gate and Mega menu/Year Dropdown'  using regular expression

2019-06-07 13:50:57 - [MESSAGE][PASSED] - All options with value '1970' are selected in object 'Object Repository/OCS-DESKTOP/Age gate and Mega menu/Year Dropdown'  using regular expression

2019-06-07 13:50:57 - [TEST_STEP][PASSED] - click(findTestObject("OCS-DESKTOP/Age gate and Mega menu/button_Verify")): Object: 'Object Repository/OCS-DESKTOP/Age gate and Mega menu/button_Verify' is clicked on

2019-06-07 13:50:57 - [MESSAGE][PASSED] - Object: 'Object Repository/OCS-DESKTOP/Age gate and Mega menu/button_Verify' is clicked on

2019-06-07 13:50:57 - [TEST_STEP][PASSED] - click(findTestObject("OCS-DESKTOP/Age gate and Mega menu/Checkbox_CONFIRM AND ACKNOWLEDGE")): Object: 'Object Repository/OCS-DESKTOP/Age gate and Mega menu/Checkbox_CONFIRM AND ACKNOWLEDGE' is clicked on

2019-06-07 13:50:57 - [MESSAGE][PASSED] - Object: 'Object Repository/OCS-DESKTOP/Age gate and Mega menu/Checkbox_CONFIRM AND ACKNOWLEDGE' is clicked on

2019-06-07 13:50:57 - [TEST_STEP][PASSED] - click(findTestObject("OCS-DESKTOP/Age gate and Mega menu/button_CONFIRM")): Object: 'Object Repository/OCS-DESKTOP/Age gate and Mega menu/button_CONFIRM' is clicked on

2019-06-07 13:50:57 - [MESSAGE][PASSED] - Object: 'Object Repository/OCS-DESKTOP/Age gate and Mega menu/button_CONFIRM' is clicked on

2019-06-07 13:50:57 - [TEST_STEP][PASSED] - click(findTestObject("OCS-DESKTOP/Age gate and Mega menu/button_Start Browsing")): Object: 'Object Repository/OCS-DESKTOP/Age gate and Mega menu/button_Start Browsing' is clicked on

2019-06-07 13:50:57 - [MESSAGE][PASSED] - Object: 'Object Repository/OCS-DESKTOP/Age gate and Mega menu/button_Start Browsing' is clicked on

2019-06-07 13:50:57 - [TEST_STEP][PASSED] - delay(3): Delayed 3 second(s)

2019-06-07 13:51:00 - [MESSAGE][PASSED] - Delayed 3 second(s)

2019-06-07 13:51:00 - [TEST_STEP][PASSED] - closeBrowser(): Browser is closed

2019-06-07 13:51:00 - [MESSAGE][PASSED] - Browser is closed]]></system-out>
         <system-err><![CDATA[]]></system-err>
      </testcase>
      <testcase name="Test Cases/OCS - DESKTOP/OCS-AGE GATE/AG - Date correction" classname="Test Cases/OCS - DESKTOP/OCS-AGE GATE/AG - Date correction" status="PASSED">
         <system-out><![CDATA[2019-06-07 13:51:00 - [TEST_CASE][PASSED] - Test Cases/OCS - DESKTOP/OCS-AGE GATE/AG - Date correction: Test Cases/OCS - DESKTOP/OCS-AGE GATE/AG - Date correction

2019-06-07 13:51:00 - [TEST_STEP][PASSED] - openBrowser(""): Browser is opened with url: ''

2019-06-07 13:51:00 - [MESSAGE][INFO] - Starting 'Chrome' driver

2019-06-07 13:51:02 - [MESSAGE][PASSED] - Browser is opened with url: ''

2019-06-07 13:51:02 - [TEST_STEP][PASSED] - navigateToUrl("https://ocs.ca/?fts=0&preview_theme_id=53376026444"): Navigate to 'https://ocs.ca/?fts=0&preview_theme_id=53376026444' successfully

2019-06-07 13:51:07 - [MESSAGE][PASSED] - Navigate to 'https://ocs.ca/?fts=0&preview_theme_id=53376026444' successfully

2019-06-07 13:51:07 - [TEST_STEP][PASSED] - executeJavaScript("var previewBar = document.getElementById("preview-bar-iframe"); previewBar.style.display = "none";", []): Execute JavaScript 'var previewBar = document.getElementById("preview-bar-iframe"); previewBar.style.display = "none";' successfully

2019-06-07 13:51:07 - [MESSAGE][PASSED] - Execute JavaScript 'var previewBar = document.getElementById("preview-bar-iframe"); previewBar.style.display = "none";' successfully

2019-06-07 13:51:07 - [TEST_STEP][PASSED] - selectOptionByValue(findTestObject("OCS-DESKTOP/Age gate and Mega menu/Date"), "12", true): All options with value '12' are selected in object 'Object Repository/OCS-DESKTOP/Age gate and Mega menu/Date'  using regular expression

2019-06-07 13:51:07 - [MESSAGE][PASSED] - All options with value '12' are selected in object 'Object Repository/OCS-DESKTOP/Age gate and Mega menu/Date'  using regular expression

2019-06-07 13:51:07 - [TEST_STEP][PASSED] - selectOptionByValue(findTestObject("OCS-DESKTOP/Age gate and Mega menu/month"), "6", true): All options with value '6' are selected in object 'Object Repository/OCS-DESKTOP/Age gate and Mega menu/month'  using regular expression

2019-06-07 13:51:07 - [MESSAGE][PASSED] - All options with value '6' are selected in object 'Object Repository/OCS-DESKTOP/Age gate and Mega menu/month'  using regular expression

2019-06-07 13:51:07 - [TEST_STEP][PASSED] - delay(2): Delayed 2 second(s)

2019-06-07 13:51:09 - [MESSAGE][PASSED] - Delayed 2 second(s)

2019-06-07 13:51:09 - [TEST_STEP][PASSED] - selectOptionByValue(findTestObject("OCS-DESKTOP/Age gate and Mega menu/Year Dropdown"), "1990", true): All options with value '1990' are selected in object 'Object Repository/OCS-DESKTOP/Age gate and Mega menu/Year Dropdown'  using regular expression

2019-06-07 13:51:10 - [MESSAGE][PASSED] - All options with value '1990' are selected in object 'Object Repository/OCS-DESKTOP/Age gate and Mega menu/Year Dropdown'  using regular expression

2019-06-07 13:51:10 - [TEST_STEP][PASSED] - delay(3): Delayed 3 second(s)

2019-06-07 13:51:13 - [MESSAGE][PASSED] - Delayed 3 second(s)

2019-06-07 13:51:13 - [TEST_STEP][PASSED] - click(findTestObject("OCS-DESKTOP/Age gate and Mega menu/button_Verify")): Object: 'Object Repository/OCS-DESKTOP/Age gate and Mega menu/button_Verify' is clicked on

2019-06-07 13:51:13 - [MESSAGE][PASSED] - Object: 'Object Repository/OCS-DESKTOP/Age gate and Mega menu/button_Verify' is clicked on

2019-06-07 13:51:13 - [TEST_STEP][PASSED] - delay(1): Delayed 1 second(s)

2019-06-07 13:51:14 - [MESSAGE][PASSED] - Delayed 1 second(s)

2019-06-07 13:51:14 - [TEST_STEP][PASSED] - click(findTestObject("OCS-DESKTOP/Age gate and Mega menu/a_Correct your date of birth")): Object: 'Object Repository/OCS-DESKTOP/Age gate and Mega menu/a_Correct your date of birth' is clicked on

2019-06-07 13:51:14 - [MESSAGE][PASSED] - Object: 'Object Repository/OCS-DESKTOP/Age gate and Mega menu/a_Correct your date of birth' is clicked on

2019-06-07 13:51:14 - [TEST_STEP][PASSED] - selectOptionByValue(findTestObject("OCS-DESKTOP/Age gate and Mega menu/Date"), "1", true): All options with value '1' are selected in object 'Object Repository/OCS-DESKTOP/Age gate and Mega menu/Date'  using regular expression

2019-06-07 13:51:15 - [MESSAGE][PASSED] - All options with value '1' are selected in object 'Object Repository/OCS-DESKTOP/Age gate and Mega menu/Date'  using regular expression

2019-06-07 13:51:15 - [TEST_STEP][PASSED] - selectOptionByValue(findTestObject("OCS-DESKTOP/Age gate and Mega menu/month"), "5", true): All options with value '5' are selected in object 'Object Repository/OCS-DESKTOP/Age gate and Mega menu/month'  using regular expression

2019-06-07 13:51:15 - [MESSAGE][PASSED] - All options with value '5' are selected in object 'Object Repository/OCS-DESKTOP/Age gate and Mega menu/month'  using regular expression

2019-06-07 13:51:15 - [TEST_STEP][PASSED] - selectOptionByValue(findTestObject("OCS-DESKTOP/Age gate and Mega menu/Year Dropdown"), "1980", true): All options with value '1980' are selected in object 'Object Repository/OCS-DESKTOP/Age gate and Mega menu/Year Dropdown'  using regular expression

2019-06-07 13:51:16 - [MESSAGE][PASSED] - All options with value '1980' are selected in object 'Object Repository/OCS-DESKTOP/Age gate and Mega menu/Year Dropdown'  using regular expression

2019-06-07 13:51:16 - [TEST_STEP][PASSED] - click(findTestObject("OCS-DESKTOP/Age gate and Mega menu/button_Verify")): Object: 'Object Repository/OCS-DESKTOP/Age gate and Mega menu/button_Verify' is clicked on

2019-06-07 13:51:16 - [MESSAGE][PASSED] - Object: 'Object Repository/OCS-DESKTOP/Age gate and Mega menu/button_Verify' is clicked on

2019-06-07 13:51:16 - [TEST_STEP][PASSED] - closeBrowser(): Browser is closed

2019-06-07 13:51:16 - [MESSAGE][PASSED] - Browser is closed]]></system-out>
         <system-err><![CDATA[]]></system-err>
      </testcase>
      <testcase name="Test Cases/OCS - DESKTOP/OCS-COLLECTION PAGE/Sort" classname="Test Cases/OCS - DESKTOP/OCS-COLLECTION PAGE/Sort" status="FAILED">
         <failure type="FAILED" message="Test Cases/OCS - DESKTOP/OCS-COLLECTION PAGE/Sort FAILED.
Reason:
com.kms.katalon.core.exception.StepFailedException: Unable to click on object (Root cause: java.lang.IllegalArgumentException: Object is null)
	at com.kms.katalon.core.keyword.internal.KeywordMain.stepFailed(KeywordMain.groovy:36)
	at com.kms.katalon.core.webui.keyword.internal.WebUIKeywordMain.stepFailed(WebUIKeywordMain.groovy:65)
	at com.kms.katalon.core.webui.keyword.internal.WebUIKeywordMain.runKeyword(WebUIKeywordMain.groovy:27)
	at com.kms.katalon.core.webui.keyword.builtin.ClickKeyword.click(ClickKeyword.groovy:86)
	at com.kms.katalon.core.webui.keyword.builtin.ClickKeyword.execute(ClickKeyword.groovy:67)
	at com.kms.katalon.core.keyword.internal.KeywordExecutor.executeKeywordForPlatform(KeywordExecutor.groovy:53)
	at com.kms.katalon.core.webui.keyword.WebUiBuiltInKeywords.click(WebUiBuiltInKeywords.groovy:616)
	at com.kms.katalon.core.webui.keyword.WebUiBuiltInKeywords$click$4.call(Unknown Source)
	at Sort.run(Sort:20)
	at com.kms.katalon.core.main.ScriptEngine.run(ScriptEngine.java:194)
	at com.kms.katalon.core.main.ScriptEngine.runScriptAsRawText(ScriptEngine.java:119)
	at com.kms.katalon.core.main.TestCaseExecutor.runScript(TestCaseExecutor.java:328)
	at com.kms.katalon.core.main.TestCaseExecutor.doExecute(TestCaseExecutor.java:319)
	at com.kms.katalon.core.main.TestCaseExecutor.processExecutionPhase(TestCaseExecutor.java:298)
	at com.kms.katalon.core.main.TestCaseExecutor.accessMainPhase(TestCaseExecutor.java:290)
	at com.kms.katalon.core.main.TestCaseExecutor.execute(TestCaseExecutor.java:224)
	at com.kms.katalon.core.main.TestSuiteExecutor.accessTestCaseMainPhase(TestSuiteExecutor.java:129)
	at com.kms.katalon.core.main.TestSuiteExecutor.accessTestSuiteMainPhase(TestSuiteExecutor.java:112)
	at com.kms.katalon.core.main.TestSuiteExecutor.execute(TestSuiteExecutor.java:81)
	at com.kms.katalon.core.main.TestCaseMain.startTestSuite(TestCaseMain.java:149)
	at com.kms.katalon.core.main.TestCaseMain$startTestSuite$0.call(Unknown Source)
	at TempTestSuite1559927775427.run(TempTestSuite1559927775427.groovy:36)
"/>
         <system-out><![CDATA[2019-06-07 13:51:16 - [TEST_CASE][FAILED] - Test Cases/OCS - DESKTOP/OCS-COLLECTION PAGE/Sort: Test Cases/OCS - DESKTOP/OCS-COLLECTION PAGE/Sort FAILED.
Reason:
com.kms.katalon.core.exception.StepFailedException: Unable to click on object (Root cause: java.lang.IllegalArgumentException: Object is null)
	at com.kms.katalon.core.keyword.internal.KeywordMain.stepFailed(KeywordMain.groovy:36)
	at com.kms.katalon.core.webui.keyword.internal.WebUIKeywordMain.stepFailed(WebUIKeywordMain.groovy:65)
	at com.kms.katalon.core.webui.keyword.internal.WebUIKeywordMain.runKeyword(WebUIKeywordMain.groovy:27)
	at com.kms.katalon.core.webui.keyword.builtin.ClickKeyword.click(ClickKeyword.groovy:86)
	at com.kms.katalon.core.webui.keyword.builtin.ClickKeyword.execute(ClickKeyword.groovy:67)
	at com.kms.katalon.core.keyword.internal.KeywordExecutor.executeKeywordForPlatform(KeywordExecutor.groovy:53)
	at com.kms.katalon.core.webui.keyword.WebUiBuiltInKeywords.click(WebUiBuiltInKeywords.groovy:616)
	at com.kms.katalon.core.webui.keyword.WebUiBuiltInKeywords$click$4.call(Unknown Source)
	at Sort.run(Sort:20)
	at com.kms.katalon.core.main.ScriptEngine.run(ScriptEngine.java:194)
	at com.kms.katalon.core.main.ScriptEngine.runScriptAsRawText(ScriptEngine.java:119)
	at com.kms.katalon.core.main.TestCaseExecutor.runScript(TestCaseExecutor.java:328)
	at com.kms.katalon.core.main.TestCaseExecutor.doExecute(TestCaseExecutor.java:319)
	at com.kms.katalon.core.main.TestCaseExecutor.processExecutionPhase(TestCaseExecutor.java:298)
	at com.kms.katalon.core.main.TestCaseExecutor.accessMainPhase(TestCaseExecutor.java:290)
	at com.kms.katalon.core.main.TestCaseExecutor.execute(TestCaseExecutor.java:224)
	at com.kms.katalon.core.main.TestSuiteExecutor.accessTestCaseMainPhase(TestSuiteExecutor.java:129)
	at com.kms.katalon.core.main.TestSuiteExecutor.accessTestSuiteMainPhase(TestSuiteExecutor.java:112)
	at com.kms.katalon.core.main.TestSuiteExecutor.execute(TestSuiteExecutor.java:81)
	at com.kms.katalon.core.main.TestCaseMain.startTestSuite(TestCaseMain.java:149)
	at com.kms.katalon.core.main.TestCaseMain$startTestSuite$0.call(Unknown Source)
	at TempTestSuite1559927775427.run(TempTestSuite1559927775427.groovy:36)


2019-06-07 13:51:16 - [TEST_STEP][PASSED] - callTestCase(findTestCase("OCS - DESKTOP/CALL- Age gate"), [:], STOP_ON_FAILURE): Call Test Case 'Test Cases/OCS - DESKTOP/CALL- Age gate' successfully

2019-06-07 13:51:16 - [TEST_CASE][PASSED] - Test Cases/OCS - DESKTOP/CALL- Age gate: Test Cases/OCS - DESKTOP/CALL- Age gate

2019-06-07 13:51:16 - [TEST_STEP][PASSED] - openBrowser(""): Browser is opened with url: ''

2019-06-07 13:51:16 - [MESSAGE][INFO] - Starting 'Chrome' driver

2019-06-07 13:51:17 - [MESSAGE][PASSED] - Browser is opened with url: ''

2019-06-07 13:51:17 - [TEST_STEP][PASSED] - navigateToUrl("https://ocs.ca/?fts=0&preview_theme_id=72920074060"): Navigate to 'https://ocs.ca/?fts=0&preview_theme_id=72920074060' successfully

2019-06-07 13:51:21 - [MESSAGE][PASSED] - Navigate to 'https://ocs.ca/?fts=0&preview_theme_id=72920074060' successfully

2019-06-07 13:51:21 - [TEST_STEP][PASSED] - maximizeWindow(): Current window maximized

2019-06-07 13:51:22 - [MESSAGE][PASSED] - Current window maximized

2019-06-07 13:51:22 - [TEST_STEP][PASSED] - delay(2): Delayed 2 second(s)

2019-06-07 13:51:24 - [MESSAGE][PASSED] - Delayed 2 second(s)

2019-06-07 13:51:24 - [TEST_STEP][PASSED] - executeJavaScript("var previewBar = document.getElementById("preview-bar-iframe"); previewBar.style.display = "none";", []): Execute JavaScript 'var previewBar = document.getElementById("preview-bar-iframe"); previewBar.style.display = "none";' successfully

2019-06-07 13:51:24 - [MESSAGE][PASSED] - Execute JavaScript 'var previewBar = document.getElementById("preview-bar-iframe"); previewBar.style.display = "none";' successfully

2019-06-07 13:51:24 - [TEST_STEP][PASSED] - selectOptionByValue(findTestObject("OCS-DESKTOP/Age gate and Mega menu/Date"), "12", true): All options with value '12' are selected in object 'Object Repository/OCS-DESKTOP/Age gate and Mega menu/Date'  using regular expression

2019-06-07 13:51:24 - [MESSAGE][PASSED] - All options with value '12' are selected in object 'Object Repository/OCS-DESKTOP/Age gate and Mega menu/Date'  using regular expression

2019-06-07 13:51:24 - [TEST_STEP][PASSED] - selectOptionByValue(findTestObject("OCS-DESKTOP/Age gate and Mega menu/month"), "6", true): All options with value '6' are selected in object 'Object Repository/OCS-DESKTOP/Age gate and Mega menu/month'  using regular expression

2019-06-07 13:51:24 - [MESSAGE][PASSED] - All options with value '6' are selected in object 'Object Repository/OCS-DESKTOP/Age gate and Mega menu/month'  using regular expression

2019-06-07 13:51:24 - [TEST_STEP][PASSED] - delay(2): Delayed 2 second(s)

2019-06-07 13:51:26 - [MESSAGE][PASSED] - Delayed 2 second(s)

2019-06-07 13:51:26 - [TEST_STEP][PASSED] - selectOptionByValue(findTestObject("OCS-DESKTOP/Age gate and Mega menu/Year Dropdown"), "1990", true): All options with value '1990' are selected in object 'Object Repository/OCS-DESKTOP/Age gate and Mega menu/Year Dropdown'  using regular expression

2019-06-07 13:51:27 - [MESSAGE][PASSED] - All options with value '1990' are selected in object 'Object Repository/OCS-DESKTOP/Age gate and Mega menu/Year Dropdown'  using regular expression

2019-06-07 13:51:27 - [TEST_STEP][PASSED] - click(findTestObject("OCS-DESKTOP/Age gate and Mega menu/button_Verify")): Object: 'Object Repository/OCS-DESKTOP/Age gate and Mega menu/button_Verify' is clicked on

2019-06-07 13:51:27 - [MESSAGE][PASSED] - Object: 'Object Repository/OCS-DESKTOP/Age gate and Mega menu/button_Verify' is clicked on

2019-06-07 13:51:27 - [TEST_STEP][PASSED] - click(findTestObject("OCS-DESKTOP/Age gate and Mega menu/Checkbox_CONFIRM AND ACKNOWLEDGE")): Object: 'Object Repository/OCS-DESKTOP/Age gate and Mega menu/Checkbox_CONFIRM AND ACKNOWLEDGE' is clicked on

2019-06-07 13:51:27 - [MESSAGE][PASSED] - Object: 'Object Repository/OCS-DESKTOP/Age gate and Mega menu/Checkbox_CONFIRM AND ACKNOWLEDGE' is clicked on

2019-06-07 13:51:27 - [TEST_STEP][PASSED] - click(findTestObject("OCS-DESKTOP/Age gate and Mega menu/button_CONFIRM")): Object: 'Object Repository/OCS-DESKTOP/Age gate and Mega menu/button_CONFIRM' is clicked on

2019-06-07 13:51:27 - [MESSAGE][PASSED] - Object: 'Object Repository/OCS-DESKTOP/Age gate and Mega menu/button_CONFIRM' is clicked on

2019-06-07 13:51:27 - [TEST_STEP][PASSED] - click(findTestObject("OCS-DESKTOP/Age gate and Mega menu/button_Start Browsing")): Object: 'Object Repository/OCS-DESKTOP/Age gate and Mega menu/button_Start Browsing' is clicked on

2019-06-07 13:51:27 - [MESSAGE][PASSED] - Object: 'Object Repository/OCS-DESKTOP/Age gate and Mega menu/button_Start Browsing' is clicked on

2019-06-07 13:51:27 - [TEST_STEP][PASSED] - delay(2): Delayed 2 second(s)

2019-06-07 13:51:29 - [MESSAGE][PASSED] - Delayed 2 second(s)

2019-06-07 13:51:29 - [TEST_STEP][PASSED] - refresh(): Refresh successfully

2019-06-07 13:51:29 - [MESSAGE][PASSED] - Refresh successfully

2019-06-07 13:51:29 - [MESSAGE][PASSED] - Call Test Case 'Test Cases/OCS - DESKTOP/CALL- Age gate' successfully

2019-06-07 13:51:29 - [TEST_STEP][PASSED] - delay(2): Delayed 2 second(s)

2019-06-07 13:51:31 - [MESSAGE][PASSED] - Delayed 2 second(s)

2019-06-07 13:51:31 - [TEST_STEP][FAILED] - click(findTestObject("OCS-MOBILE /Age gate and burger menu/Burger menu - English")): click(findTestObject("OCS-MOBILE /Age gate and burger menu/Burger menu - English")) FAILED.
Reason:
com.kms.katalon.core.exception.StepFailedException: Unable to click on object (Root cause: java.lang.IllegalArgumentException: Object is null)
	at com.kms.katalon.core.keyword.internal.KeywordMain.stepFailed(KeywordMain.groovy:36)
	at com.kms.katalon.core.webui.keyword.internal.WebUIKeywordMain.stepFailed(WebUIKeywordMain.groovy:65)
	at com.kms.katalon.core.webui.keyword.internal.WebUIKeywordMain.runKeyword(WebUIKeywordMain.groovy:27)
	at com.kms.katalon.core.webui.keyword.builtin.ClickKeyword.click(ClickKeyword.groovy:86)
	at com.kms.katalon.core.webui.keyword.builtin.ClickKeyword.execute(ClickKeyword.groovy:67)
	at com.kms.katalon.core.keyword.internal.KeywordExecutor.executeKeywordForPlatform(KeywordExecutor.groovy:53)
	at com.kms.katalon.core.webui.keyword.WebUiBuiltInKeywords.click(WebUiBuiltInKeywords.groovy:616)
	at com.kms.katalon.core.webui.keyword.WebUiBuiltInKeywords$click$4.call(Unknown Source)
	at Sort.run(Sort:20)
	at com.kms.katalon.core.main.ScriptEngine.run(ScriptEngine.java:194)
	at com.kms.katalon.core.main.ScriptEngine.runScriptAsRawText(ScriptEngine.java:119)
	at com.kms.katalon.core.main.TestCaseExecutor.runScript(TestCaseExecutor.java:328)
	at com.kms.katalon.core.main.TestCaseExecutor.doExecute(TestCaseExecutor.java:319)
	at com.kms.katalon.core.main.TestCaseExecutor.processExecutionPhase(TestCaseExecutor.java:298)
	at com.kms.katalon.core.main.TestCaseExecutor.accessMainPhase(TestCaseExecutor.java:290)
	at com.kms.katalon.core.main.TestCaseExecutor.execute(TestCaseExecutor.java:224)
	at com.kms.katalon.core.main.TestSuiteExecutor.accessTestCaseMainPhase(TestSuiteExecutor.java:129)
	at com.kms.katalon.core.main.TestSuiteExecutor.accessTestSuiteMainPhase(TestSuiteExecutor.java:112)
	at com.kms.katalon.core.main.TestSuiteExecutor.execute(TestSuiteExecutor.java:81)
	at com.kms.katalon.core.main.TestCaseMain.startTestSuite(TestCaseMain.java:149)
	at com.kms.katalon.core.main.TestCaseMain$startTestSuite$0.call(Unknown Source)
	at TempTestSuite1559927775427.run(TempTestSuite1559927775427.groovy:36)


2019-06-07 13:51:31 - [MESSAGE][WARNING] - Test object with id 'Object Repository/OCS-MOBILE /Age gate and burger menu/Burger menu - English' does not exist

2019-06-07 13:51:31 - [MESSAGE][WARNING] - Test object with id 'Object Repository/' does not exist

2019-06-07 13:51:33 - [MESSAGE][FAILED] - Unable to click on object (Root cause: java.lang.IllegalArgumentException: Object is null)
[[ATTACHMENT|/Users/sumankompelly/Relative xpath-Desktop/Reports/OCS- 1.9.2.1/20190607_131615/1559929891954.png]]

2019-06-07 13:51:33 - [MESSAGE][FAILED] - click(findTestObject("OCS-MOBILE /Age gate and burger menu/Burger menu - English")) FAILED.
Reason:
com.kms.katalon.core.exception.StepFailedException: Unable to click on object (Root cause: java.lang.IllegalArgumentException: Object is null)
	at com.kms.katalon.core.keyword.internal.KeywordMain.stepFailed(KeywordMain.groovy:36)
	at com.kms.katalon.core.webui.keyword.internal.WebUIKeywordMain.stepFailed(WebUIKeywordMain.groovy:65)
	at com.kms.katalon.core.webui.keyword.internal.WebUIKeywordMain.runKeyword(WebUIKeywordMain.groovy:27)
	at com.kms.katalon.core.webui.keyword.builtin.ClickKeyword.click(ClickKeyword.groovy:86)
	at com.kms.katalon.core.webui.keyword.builtin.ClickKeyword.execute(ClickKeyword.groovy:67)
	at com.kms.katalon.core.keyword.internal.KeywordExecutor.executeKeywordForPlatform(KeywordExecutor.groovy:53)
	at com.kms.katalon.core.webui.keyword.WebUiBuiltInKeywords.click(WebUiBuiltInKeywords.groovy:616)
	at com.kms.katalon.core.webui.keyword.WebUiBuiltInKeywords$click$4.call(Unknown Source)
	at Sort.run(Sort:20)
	at com.kms.katalon.core.main.ScriptEngine.run(ScriptEngine.java:194)
	at com.kms.katalon.core.main.ScriptEngine.runScriptAsRawText(ScriptEngine.java:119)
	at com.kms.katalon.core.main.TestCaseExecutor.runScript(TestCaseExecutor.java:328)
	at com.kms.katalon.core.main.TestCaseExecutor.doExecute(TestCaseExecutor.java:319)
	at com.kms.katalon.core.main.TestCaseExecutor.processExecutionPhase(TestCaseExecutor.java:298)
	at com.kms.katalon.core.main.TestCaseExecutor.accessMainPhase(TestCaseExecutor.java:290)
	at com.kms.katalon.core.main.TestCaseExecutor.execute(TestCaseExecutor.java:224)
	at com.kms.katalon.core.main.TestSuiteExecutor.accessTestCaseMainPhase(TestSuiteExecutor.java:129)
	at com.kms.katalon.core.main.TestSuiteExecutor.accessTestSuiteMainPhase(TestSuiteExecutor.java:112)
	at com.kms.katalon.core.main.TestSuiteExecutor.execute(TestSuiteExecutor.java:81)
	at com.kms.katalon.core.main.TestCaseMain.startTestSuite(TestCaseMain.java:149)
	at com.kms.katalon.core.main.TestCaseMain$startTestSuite$0.call(Unknown Source)
	at TempTestSuite1559927775427.run(TempTestSuite1559927775427.groovy:36)]]></system-out>
         <system-err><![CDATA[2019-06-07 13:51:16 - [TEST_CASE][FAILED] - Test Cases/OCS - DESKTOP/OCS-COLLECTION PAGE/Sort: Test Cases/OCS - DESKTOP/OCS-COLLECTION PAGE/Sort FAILED.
Reason:
com.kms.katalon.core.exception.StepFailedException: Unable to click on object (Root cause: java.lang.IllegalArgumentException: Object is null)
	at com.kms.katalon.core.keyword.internal.KeywordMain.stepFailed(KeywordMain.groovy:36)
	at com.kms.katalon.core.webui.keyword.internal.WebUIKeywordMain.stepFailed(WebUIKeywordMain.groovy:65)
	at com.kms.katalon.core.webui.keyword.internal.WebUIKeywordMain.runKeyword(WebUIKeywordMain.groovy:27)
	at com.kms.katalon.core.webui.keyword.builtin.ClickKeyword.click(ClickKeyword.groovy:86)
	at com.kms.katalon.core.webui.keyword.builtin.ClickKeyword.execute(ClickKeyword.groovy:67)
	at com.kms.katalon.core.keyword.internal.KeywordExecutor.executeKeywordForPlatform(KeywordExecutor.groovy:53)
	at com.kms.katalon.core.webui.keyword.WebUiBuiltInKeywords.click(WebUiBuiltInKeywords.groovy:616)
	at com.kms.katalon.core.webui.keyword.WebUiBuiltInKeywords$click$4.call(Unknown Source)
	at Sort.run(Sort:20)
	at com.kms.katalon.core.main.ScriptEngine.run(ScriptEngine.java:194)
	at com.kms.katalon.core.main.ScriptEngine.runScriptAsRawText(ScriptEngine.java:119)
	at com.kms.katalon.core.main.TestCaseExecutor.runScript(TestCaseExecutor.java:328)
	at com.kms.katalon.core.main.TestCaseExecutor.doExecute(TestCaseExecutor.java:319)
	at com.kms.katalon.core.main.TestCaseExecutor.processExecutionPhase(TestCaseExecutor.java:298)
	at com.kms.katalon.core.main.TestCaseExecutor.accessMainPhase(TestCaseExecutor.java:290)
	at com.kms.katalon.core.main.TestCaseExecutor.execute(TestCaseExecutor.java:224)
	at com.kms.katalon.core.main.TestSuiteExecutor.accessTestCaseMainPhase(TestSuiteExecutor.java:129)
	at com.kms.katalon.core.main.TestSuiteExecutor.accessTestSuiteMainPhase(TestSuiteExecutor.java:112)
	at com.kms.katalon.core.main.TestSuiteExecutor.execute(TestSuiteExecutor.java:81)
	at com.kms.katalon.core.main.TestCaseMain.startTestSuite(TestCaseMain.java:149)
	at com.kms.katalon.core.main.TestCaseMain$startTestSuite$0.call(Unknown Source)
	at TempTestSuite1559927775427.run(TempTestSuite1559927775427.groovy:36)]]></system-err>
      </testcase>
      <testcase name="Test Cases/OCS - DESKTOP/OCS-COLLECTION PAGE/Chevron dropdown" classname="Test Cases/OCS - DESKTOP/OCS-COLLECTION PAGE/Chevron dropdown" status="FAILED">
         <failure type="FAILED" message="Test Cases/OCS - DESKTOP/OCS-COLLECTION PAGE/Chevron dropdown FAILED.
Reason:
com.kms.katalon.core.exception.StepFailedException: Unable to click on object 'Object Repository/OCS-DESKTOP/Age gate and Mega menu/Chevron_Cannabis' (Root cause: org.openqa.selenium.ElementNotVisibleException: element not interactable
  (Session info: chrome=75.0.3770.80)
  (Driver info: chromedriver=2.43.600229 (3fae4d0cda5334b4f533bede5a4787f7b832d052),platform=Mac OS X 10.13.6 x86_64) (WARNING: The server did not provide any stacktrace information)
Command duration or timeout: 0 milliseconds
Build info: version: '3.7.1', revision: '8a0099a', time: '2017-11-06T21:07:36.161Z'
System info: host: 'sumans-MacBook-Pro.local', ip: 'fe80:0:0:0:8ee:14b5:7377:44cf%en0', os.name: 'Mac OS X', os.arch: 'x86_64', os.version: '10.13.6', java.version: '1.8.0_181'
Driver info: com.kms.katalon.selenium.driver.CChromeDriver
Capabilities {acceptInsecureCerts: false, acceptSslCerts: false, applicationCacheEnabled: false, browserConnectionEnabled: false, browserName: chrome, chrome: {chromedriverVersion: 2.43.600229 (3fae4d0cda5334..., userDataDir: /var/folders/1t/c55l8xzs6gq...}, cssSelectorsEnabled: true, databaseEnabled: false, goog:chromeOptions: {debuggerAddress: localhost:52575}, handlesAlerts: true, hasTouchScreen: false, javascriptEnabled: true, locationContextEnabled: true, mobileEmulationEnabled: false, nativeEvents: true, networkConnectionEnabled: false, pageLoadStrategy: normal, platform: MAC, platformName: MAC, rotatable: false, setWindowRect: true, takesHeapSnapshot: true, takesScreenshot: true, unexpectedAlertBehaviour: , unhandledPromptBehavior: , version: 75.0.3770.80, webStorageEnabled: true}
Session ID: 0b6ab0151d55be0a1a5c72e062e99679)
	at com.kms.katalon.core.keyword.internal.KeywordMain.stepFailed(KeywordMain.groovy:36)
	at com.kms.katalon.core.webui.keyword.internal.WebUIKeywordMain.stepFailed(WebUIKeywordMain.groovy:65)
	at com.kms.katalon.core.webui.keyword.internal.WebUIKeywordMain.runKeyword(WebUIKeywordMain.groovy:27)
	at com.kms.katalon.core.webui.keyword.builtin.ClickKeyword.click(ClickKeyword.groovy:86)
	at com.kms.katalon.core.webui.keyword.builtin.ClickKeyword.execute(ClickKeyword.groovy:67)
	at com.kms.katalon.core.keyword.internal.KeywordExecutor.executeKeywordForPlatform(KeywordExecutor.groovy:53)
	at com.kms.katalon.core.webui.keyword.WebUiBuiltInKeywords.click(WebUiBuiltInKeywords.groovy:616)
	at com.kms.katalon.core.webui.keyword.WebUiBuiltInKeywords$click$4.call(Unknown Source)
	at Chevron dropdown.run(Chevron dropdown:20)
	at com.kms.katalon.core.main.ScriptEngine.run(ScriptEngine.java:194)
	at com.kms.katalon.core.main.ScriptEngine.runScriptAsRawText(ScriptEngine.java:119)
	at com.kms.katalon.core.main.TestCaseExecutor.runScript(TestCaseExecutor.java:328)
	at com.kms.katalon.core.main.TestCaseExecutor.doExecute(TestCaseExecutor.java:319)
	at com.kms.katalon.core.main.TestCaseExecutor.processExecutionPhase(TestCaseExecutor.java:298)
	at com.kms.katalon.core.main.TestCaseExecutor.accessMainPhase(TestCaseExecutor.java:290)
	at com.kms.katalon.core.main.TestCaseExecutor.execute(TestCaseExecutor.java:224)
	at com.kms.katalon.core.main.TestSuiteExecutor.accessTestCaseMainPhase(TestSuiteExecutor.java:129)
	at com.kms.katalon.core.main.TestSuiteExecutor.accessTestSuiteMainPhase(TestSuiteExecutor.java:112)
	at com.kms.katalon.core.main.TestSuiteExecutor.execute(TestSuiteExecutor.java:81)
	at com.kms.katalon.core.main.TestCaseMain.startTestSuite(TestCaseMain.java:149)
	at com.kms.katalon.core.main.TestCaseMain$startTestSuite$0.call(Unknown Source)
	at TempTestSuite1559927775427.run(TempTestSuite1559927775427.groovy:36)
"/>
         <system-out><![CDATA[2019-06-07 13:51:33 - [TEST_CASE][FAILED] - Test Cases/OCS - DESKTOP/OCS-COLLECTION PAGE/Chevron dropdown: Test Cases/OCS - DESKTOP/OCS-COLLECTION PAGE/Chevron dropdown FAILED.
Reason:
com.kms.katalon.core.exception.StepFailedException: Unable to click on object 'Object Repository/OCS-DESKTOP/Age gate and Mega menu/Chevron_Cannabis' (Root cause: org.openqa.selenium.ElementNotVisibleException: element not interactable
  (Session info: chrome=75.0.3770.80)
  (Driver info: chromedriver=2.43.600229 (3fae4d0cda5334b4f533bede5a4787f7b832d052),platform=Mac OS X 10.13.6 x86_64) (WARNING: The server did not provide any stacktrace information)
Command duration or timeout: 0 milliseconds
Build info: version: '3.7.1', revision: '8a0099a', time: '2017-11-06T21:07:36.161Z'
System info: host: 'sumans-MacBook-Pro.local', ip: 'fe80:0:0:0:8ee:14b5:7377:44cf%en0', os.name: 'Mac OS X', os.arch: 'x86_64', os.version: '10.13.6', java.version: '1.8.0_181'
Driver info: com.kms.katalon.selenium.driver.CChromeDriver
Capabilities {acceptInsecureCerts: false, acceptSslCerts: false, applicationCacheEnabled: false, browserConnectionEnabled: false, browserName: chrome, chrome: {chromedriverVersion: 2.43.600229 (3fae4d0cda5334..., userDataDir: /var/folders/1t/c55l8xzs6gq...}, cssSelectorsEnabled: true, databaseEnabled: false, goog:chromeOptions: {debuggerAddress: localhost:52575}, handlesAlerts: true, hasTouchScreen: false, javascriptEnabled: true, locationContextEnabled: true, mobileEmulationEnabled: false, nativeEvents: true, networkConnectionEnabled: false, pageLoadStrategy: normal, platform: MAC, platformName: MAC, rotatable: false, setWindowRect: true, takesHeapSnapshot: true, takesScreenshot: true, unexpectedAlertBehaviour: , unhandledPromptBehavior: , version: 75.0.3770.80, webStorageEnabled: true}
Session ID: 0b6ab0151d55be0a1a5c72e062e99679)
	at com.kms.katalon.core.keyword.internal.KeywordMain.stepFailed(KeywordMain.groovy:36)
	at com.kms.katalon.core.webui.keyword.internal.WebUIKeywordMain.stepFailed(WebUIKeywordMain.groovy:65)
	at com.kms.katalon.core.webui.keyword.internal.WebUIKeywordMain.runKeyword(WebUIKeywordMain.groovy:27)
	at com.kms.katalon.core.webui.keyword.builtin.ClickKeyword.click(ClickKeyword.groovy:86)
	at com.kms.katalon.core.webui.keyword.builtin.ClickKeyword.execute(ClickKeyword.groovy:67)
	at com.kms.katalon.core.keyword.internal.KeywordExecutor.executeKeywordForPlatform(KeywordExecutor.groovy:53)
	at com.kms.katalon.core.webui.keyword.WebUiBuiltInKeywords.click(WebUiBuiltInKeywords.groovy:616)
	at com.kms.katalon.core.webui.keyword.WebUiBuiltInKeywords$click$4.call(Unknown Source)
	at Chevron dropdown.run(Chevron dropdown:20)
	at com.kms.katalon.core.main.ScriptEngine.run(ScriptEngine.java:194)
	at com.kms.katalon.core.main.ScriptEngine.runScriptAsRawText(ScriptEngine.java:119)
	at com.kms.katalon.core.main.TestCaseExecutor.runScript(TestCaseExecutor.java:328)
	at com.kms.katalon.core.main.TestCaseExecutor.doExecute(TestCaseExecutor.java:319)
	at com.kms.katalon.core.main.TestCaseExecutor.processExecutionPhase(TestCaseExecutor.java:298)
	at com.kms.katalon.core.main.TestCaseExecutor.accessMainPhase(TestCaseExecutor.java:290)
	at com.kms.katalon.core.main.TestCaseExecutor.execute(TestCaseExecutor.java:224)
	at com.kms.katalon.core.main.TestSuiteExecutor.accessTestCaseMainPhase(TestSuiteExecutor.java:129)
	at com.kms.katalon.core.main.TestSuiteExecutor.accessTestSuiteMainPhase(TestSuiteExecutor.java:112)
	at com.kms.katalon.core.main.TestSuiteExecutor.execute(TestSuiteExecutor.java:81)
	at com.kms.katalon.core.main.TestCaseMain.startTestSuite(TestCaseMain.java:149)
	at com.kms.katalon.core.main.TestCaseMain$startTestSuite$0.call(Unknown Source)
	at TempTestSuite1559927775427.run(TempTestSuite1559927775427.groovy:36)


2019-06-07 13:51:33 - [TEST_STEP][PASSED] - callTestCase(findTestCase("OCS - DESKTOP/CALL- Age gate"), [:], STOP_ON_FAILURE): Call Test Case 'Test Cases/OCS - DESKTOP/CALL- Age gate' successfully

2019-06-07 13:51:33 - [TEST_CASE][PASSED] - Test Cases/OCS - DESKTOP/CALL- Age gate: Test Cases/OCS - DESKTOP/CALL- Age gate

2019-06-07 13:51:33 - [TEST_STEP][PASSED] - openBrowser(""): Browser is opened with url: ''

2019-06-07 13:51:33 - [MESSAGE][WARNING] - A browser is already opened. Closing browser and opening a new one

2019-06-07 13:51:34 - [MESSAGE][INFO] - Starting 'Chrome' driver

2019-06-07 13:51:35 - [MESSAGE][PASSED] - Browser is opened with url: ''

2019-06-07 13:51:35 - [TEST_STEP][PASSED] - navigateToUrl("https://ocs.ca/?fts=0&preview_theme_id=72920074060"): Navigate to 'https://ocs.ca/?fts=0&preview_theme_id=72920074060' successfully

2019-06-07 13:51:39 - [MESSAGE][PASSED] - Navigate to 'https://ocs.ca/?fts=0&preview_theme_id=72920074060' successfully

2019-06-07 13:51:39 - [TEST_STEP][PASSED] - maximizeWindow(): Current window maximized

2019-06-07 13:51:39 - [MESSAGE][PASSED] - Current window maximized

2019-06-07 13:51:39 - [TEST_STEP][PASSED] - delay(2): Delayed 2 second(s)

2019-06-07 13:51:41 - [MESSAGE][PASSED] - Delayed 2 second(s)

2019-06-07 13:51:41 - [TEST_STEP][PASSED] - executeJavaScript("var previewBar = document.getElementById("preview-bar-iframe"); previewBar.style.display = "none";", []): Execute JavaScript 'var previewBar = document.getElementById("preview-bar-iframe"); previewBar.style.display = "none";' successfully

2019-06-07 13:51:41 - [MESSAGE][PASSED] - Execute JavaScript 'var previewBar = document.getElementById("preview-bar-iframe"); previewBar.style.display = "none";' successfully

2019-06-07 13:51:41 - [TEST_STEP][PASSED] - selectOptionByValue(findTestObject("OCS-DESKTOP/Age gate and Mega menu/Date"), "12", true): All options with value '12' are selected in object 'Object Repository/OCS-DESKTOP/Age gate and Mega menu/Date'  using regular expression

2019-06-07 13:51:41 - [MESSAGE][PASSED] - All options with value '12' are selected in object 'Object Repository/OCS-DESKTOP/Age gate and Mega menu/Date'  using regular expression

2019-06-07 13:51:41 - [TEST_STEP][PASSED] - selectOptionByValue(findTestObject("OCS-DESKTOP/Age gate and Mega menu/month"), "6", true): All options with value '6' are selected in object 'Object Repository/OCS-DESKTOP/Age gate and Mega menu/month'  using regular expression

2019-06-07 13:51:42 - [MESSAGE][PASSED] - All options with value '6' are selected in object 'Object Repository/OCS-DESKTOP/Age gate and Mega menu/month'  using regular expression

2019-06-07 13:51:42 - [TEST_STEP][PASSED] - delay(2): Delayed 2 second(s)

2019-06-07 13:51:44 - [MESSAGE][PASSED] - Delayed 2 second(s)

2019-06-07 13:51:44 - [TEST_STEP][PASSED] - selectOptionByValue(findTestObject("OCS-DESKTOP/Age gate and Mega menu/Year Dropdown"), "1990", true): All options with value '1990' are selected in object 'Object Repository/OCS-DESKTOP/Age gate and Mega menu/Year Dropdown'  using regular expression

2019-06-07 13:51:44 - [MESSAGE][PASSED] - All options with value '1990' are selected in object 'Object Repository/OCS-DESKTOP/Age gate and Mega menu/Year Dropdown'  using regular expression

2019-06-07 13:51:44 - [TEST_STEP][PASSED] - click(findTestObject("OCS-DESKTOP/Age gate and Mega menu/button_Verify")): Object: 'Object Repository/OCS-DESKTOP/Age gate and Mega menu/button_Verify' is clicked on

2019-06-07 13:51:45 - [MESSAGE][PASSED] - Object: 'Object Repository/OCS-DESKTOP/Age gate and Mega menu/button_Verify' is clicked on

2019-06-07 13:51:45 - [TEST_STEP][PASSED] - click(findTestObject("OCS-DESKTOP/Age gate and Mega menu/Checkbox_CONFIRM AND ACKNOWLEDGE")): Object: 'Object Repository/OCS-DESKTOP/Age gate and Mega menu/Checkbox_CONFIRM AND ACKNOWLEDGE' is clicked on

2019-06-07 13:51:45 - [MESSAGE][PASSED] - Object: 'Object Repository/OCS-DESKTOP/Age gate and Mega menu/Checkbox_CONFIRM AND ACKNOWLEDGE' is clicked on

2019-06-07 13:51:45 - [TEST_STEP][PASSED] - click(findTestObject("OCS-DESKTOP/Age gate and Mega menu/button_CONFIRM")): Object: 'Object Repository/OCS-DESKTOP/Age gate and Mega menu/button_CONFIRM' is clicked on

2019-06-07 13:51:45 - [MESSAGE][PASSED] - Object: 'Object Repository/OCS-DESKTOP/Age gate and Mega menu/button_CONFIRM' is clicked on

2019-06-07 13:51:45 - [TEST_STEP][PASSED] - click(findTestObject("OCS-DESKTOP/Age gate and Mega menu/button_Start Browsing")): Object: 'Object Repository/OCS-DESKTOP/Age gate and Mega menu/button_Start Browsing' is clicked on

2019-06-07 13:51:45 - [MESSAGE][PASSED] - Object: 'Object Repository/OCS-DESKTOP/Age gate and Mega menu/button_Start Browsing' is clicked on

2019-06-07 13:51:45 - [TEST_STEP][PASSED] - delay(2): Delayed 2 second(s)

2019-06-07 13:51:47 - [MESSAGE][PASSED] - Delayed 2 second(s)

2019-06-07 13:51:47 - [TEST_STEP][PASSED] - refresh(): Refresh successfully

2019-06-07 13:51:47 - [MESSAGE][PASSED] - Refresh successfully

2019-06-07 13:51:47 - [MESSAGE][PASSED] - Call Test Case 'Test Cases/OCS - DESKTOP/CALL- Age gate' successfully

2019-06-07 13:51:47 - [TEST_STEP][PASSED] - delay(2): Delayed 2 second(s)

2019-06-07 13:51:49 - [MESSAGE][PASSED] - Delayed 2 second(s)

2019-06-07 13:51:49 - [TEST_STEP][FAILED] - click(findTestObject("OCS-DESKTOP/Age gate and Mega menu/Chevron_Cannabis")): click(findTestObject("OCS-DESKTOP/Age gate and Mega menu/Chevron_Cannabis")) FAILED.
Reason:
com.kms.katalon.core.exception.StepFailedException: Unable to click on object 'Object Repository/OCS-DESKTOP/Age gate and Mega menu/Chevron_Cannabis' (Root cause: org.openqa.selenium.ElementNotVisibleException: element not interactable
  (Session info: chrome=75.0.3770.80)
  (Driver info: chromedriver=2.43.600229 (3fae4d0cda5334b4f533bede5a4787f7b832d052),platform=Mac OS X 10.13.6 x86_64) (WARNING: The server did not provide any stacktrace information)
Command duration or timeout: 0 milliseconds
Build info: version: '3.7.1', revision: '8a0099a', time: '2017-11-06T21:07:36.161Z'
System info: host: 'sumans-MacBook-Pro.local', ip: 'fe80:0:0:0:8ee:14b5:7377:44cf%en0', os.name: 'Mac OS X', os.arch: 'x86_64', os.version: '10.13.6', java.version: '1.8.0_181'
Driver info: com.kms.katalon.selenium.driver.CChromeDriver
Capabilities {acceptInsecureCerts: false, acceptSslCerts: false, applicationCacheEnabled: false, browserConnectionEnabled: false, browserName: chrome, chrome: {chromedriverVersion: 2.43.600229 (3fae4d0cda5334..., userDataDir: /var/folders/1t/c55l8xzs6gq...}, cssSelectorsEnabled: true, databaseEnabled: false, goog:chromeOptions: {debuggerAddress: localhost:52575}, handlesAlerts: true, hasTouchScreen: false, javascriptEnabled: true, locationContextEnabled: true, mobileEmulationEnabled: false, nativeEvents: true, networkConnectionEnabled: false, pageLoadStrategy: normal, platform: MAC, platformName: MAC, rotatable: false, setWindowRect: true, takesHeapSnapshot: true, takesScreenshot: true, unexpectedAlertBehaviour: , unhandledPromptBehavior: , version: 75.0.3770.80, webStorageEnabled: true}
Session ID: 0b6ab0151d55be0a1a5c72e062e99679)
	at com.kms.katalon.core.keyword.internal.KeywordMain.stepFailed(KeywordMain.groovy:36)
	at com.kms.katalon.core.webui.keyword.internal.WebUIKeywordMain.stepFailed(WebUIKeywordMain.groovy:65)
	at com.kms.katalon.core.webui.keyword.internal.WebUIKeywordMain.runKeyword(WebUIKeywordMain.groovy:27)
	at com.kms.katalon.core.webui.keyword.builtin.ClickKeyword.click(ClickKeyword.groovy:86)
	at com.kms.katalon.core.webui.keyword.builtin.ClickKeyword.execute(ClickKeyword.groovy:67)
	at com.kms.katalon.core.keyword.internal.KeywordExecutor.executeKeywordForPlatform(KeywordExecutor.groovy:53)
	at com.kms.katalon.core.webui.keyword.WebUiBuiltInKeywords.click(WebUiBuiltInKeywords.groovy:616)
	at com.kms.katalon.core.webui.keyword.WebUiBuiltInKeywords$click$4.call(Unknown Source)
	at Chevron dropdown.run(Chevron dropdown:20)
	at com.kms.katalon.core.main.ScriptEngine.run(ScriptEngine.java:194)
	at com.kms.katalon.core.main.ScriptEngine.runScriptAsRawText(ScriptEngine.java:119)
	at com.kms.katalon.core.main.TestCaseExecutor.runScript(TestCaseExecutor.java:328)
	at com.kms.katalon.core.main.TestCaseExecutor.doExecute(TestCaseExecutor.java:319)
	at com.kms.katalon.core.main.TestCaseExecutor.processExecutionPhase(TestCaseExecutor.java:298)
	at com.kms.katalon.core.main.TestCaseExecutor.accessMainPhase(TestCaseExecutor.java:290)
	at com.kms.katalon.core.main.TestCaseExecutor.execute(TestCaseExecutor.java:224)
	at com.kms.katalon.core.main.TestSuiteExecutor.accessTestCaseMainPhase(TestSuiteExecutor.java:129)
	at com.kms.katalon.core.main.TestSuiteExecutor.accessTestSuiteMainPhase(TestSuiteExecutor.java:112)
	at com.kms.katalon.core.main.TestSuiteExecutor.execute(TestSuiteExecutor.java:81)
	at com.kms.katalon.core.main.TestCaseMain.startTestSuite(TestCaseMain.java:149)
	at com.kms.katalon.core.main.TestCaseMain$startTestSuite$0.call(Unknown Source)
	at TempTestSuite1559927775427.run(TempTestSuite1559927775427.groovy:36)


2019-06-07 13:51:51 - [MESSAGE][FAILED] - Unable to click on object 'Object Repository/OCS-DESKTOP/Age gate and Mega menu/Chevron_Cannabis' (Root cause: org.openqa.selenium.ElementNotVisibleException: element not interactable
  (Session info: chrome=75.0.3770.80)
  (Driver info: chromedriver=2.43.600229 (3fae4d0cda5334b4f533bede5a4787f7b832d052),platform=Mac OS X 10.13.6 x86_64) (WARNING: The server did not provide any stacktrace information)
Command duration or timeout: 0 milliseconds
Build info: version: '3.7.1', revision: '8a0099a', time: '2017-11-06T21:07:36.161Z'
System info: host: 'sumans-MacBook-Pro.local', ip: 'fe80:0:0:0:8ee:14b5:7377:44cf%en0', os.name: 'Mac OS X', os.arch: 'x86_64', os.version: '10.13.6', java.version: '1.8.0_181'
Driver info: com.kms.katalon.selenium.driver.CChromeDriver
Capabilities {acceptInsecureCerts: false, acceptSslCerts: false, applicationCacheEnabled: false, browserConnectionEnabled: false, browserName: chrome, chrome: {chromedriverVersion: 2.43.600229 (3fae4d0cda5334..., userDataDir: /var/folders/1t/c55l8xzs6gq...}, cssSelectorsEnabled: true, databaseEnabled: false, goog:chromeOptions: {debuggerAddress: localhost:52575}, handlesAlerts: true, hasTouchScreen: false, javascriptEnabled: true, locationContextEnabled: true, mobileEmulationEnabled: false, nativeEvents: true, networkConnectionEnabled: false, pageLoadStrategy: normal, platform: MAC, platformName: MAC, rotatable: false, setWindowRect: true, takesHeapSnapshot: true, takesScreenshot: true, unexpectedAlertBehaviour: , unhandledPromptBehavior: , version: 75.0.3770.80, webStorageEnabled: true}
Session ID: 0b6ab0151d55be0a1a5c72e062e99679)
[[ATTACHMENT|/Users/sumankompelly/Relative xpath-Desktop/Reports/OCS- 1.9.2.1/20190607_131615/1559929910652.png]]

2019-06-07 13:51:51 - [MESSAGE][FAILED] - click(findTestObject("OCS-DESKTOP/Age gate and Mega menu/Chevron_Cannabis")) FAILED.
Reason:
com.kms.katalon.core.exception.StepFailedException: Unable to click on object 'Object Repository/OCS-DESKTOP/Age gate and Mega menu/Chevron_Cannabis' (Root cause: org.openqa.selenium.ElementNotVisibleException: element not interactable
  (Session info: chrome=75.0.3770.80)
  (Driver info: chromedriver=2.43.600229 (3fae4d0cda5334b4f533bede5a4787f7b832d052),platform=Mac OS X 10.13.6 x86_64) (WARNING: The server did not provide any stacktrace information)
Command duration or timeout: 0 milliseconds
Build info: version: '3.7.1', revision: '8a0099a', time: '2017-11-06T21:07:36.161Z'
System info: host: 'sumans-MacBook-Pro.local', ip: 'fe80:0:0:0:8ee:14b5:7377:44cf%en0', os.name: 'Mac OS X', os.arch: 'x86_64', os.version: '10.13.6', java.version: '1.8.0_181'
Driver info: com.kms.katalon.selenium.driver.CChromeDriver
Capabilities {acceptInsecureCerts: false, acceptSslCerts: false, applicationCacheEnabled: false, browserConnectionEnabled: false, browserName: chrome, chrome: {chromedriverVersion: 2.43.600229 (3fae4d0cda5334..., userDataDir: /var/folders/1t/c55l8xzs6gq...}, cssSelectorsEnabled: true, databaseEnabled: false, goog:chromeOptions: {debuggerAddress: localhost:52575}, handlesAlerts: true, hasTouchScreen: false, javascriptEnabled: true, locationContextEnabled: true, mobileEmulationEnabled: false, nativeEvents: true, networkConnectionEnabled: false, pageLoadStrategy: normal, platform: MAC, platformName: MAC, rotatable: false, setWindowRect: true, takesHeapSnapshot: true, takesScreenshot: true, unexpectedAlertBehaviour: , unhandledPromptBehavior: , version: 75.0.3770.80, webStorageEnabled: true}
Session ID: 0b6ab0151d55be0a1a5c72e062e99679)
	at com.kms.katalon.core.keyword.internal.KeywordMain.stepFailed(KeywordMain.groovy:36)
	at com.kms.katalon.core.webui.keyword.internal.WebUIKeywordMain.stepFailed(WebUIKeywordMain.groovy:65)
	at com.kms.katalon.core.webui.keyword.internal.WebUIKeywordMain.runKeyword(WebUIKeywordMain.groovy:27)
	at com.kms.katalon.core.webui.keyword.builtin.ClickKeyword.click(ClickKeyword.groovy:86)
	at com.kms.katalon.core.webui.keyword.builtin.ClickKeyword.execute(ClickKeyword.groovy:67)
	at com.kms.katalon.core.keyword.internal.KeywordExecutor.executeKeywordForPlatform(KeywordExecutor.groovy:53)
	at com.kms.katalon.core.webui.keyword.WebUiBuiltInKeywords.click(WebUiBuiltInKeywords.groovy:616)
	at com.kms.katalon.core.webui.keyword.WebUiBuiltInKeywords$click$4.call(Unknown Source)
	at Chevron dropdown.run(Chevron dropdown:20)
	at com.kms.katalon.core.main.ScriptEngine.run(ScriptEngine.java:194)
	at com.kms.katalon.core.main.ScriptEngine.runScriptAsRawText(ScriptEngine.java:119)
	at com.kms.katalon.core.main.TestCaseExecutor.runScript(TestCaseExecutor.java:328)
	at com.kms.katalon.core.main.TestCaseExecutor.doExecute(TestCaseExecutor.java:319)
	at com.kms.katalon.core.main.TestCaseExecutor.processExecutionPhase(TestCaseExecutor.java:298)
	at com.kms.katalon.core.main.TestCaseExecutor.accessMainPhase(TestCaseExecutor.java:290)
	at com.kms.katalon.core.main.TestCaseExecutor.execute(TestCaseExecutor.java:224)
	at com.kms.katalon.core.main.TestSuiteExecutor.accessTestCaseMainPhase(TestSuiteExecutor.java:129)
	at com.kms.katalon.core.main.TestSuiteExecutor.accessTestSuiteMainPhase(TestSuiteExecutor.java:112)
	at com.kms.katalon.core.main.TestSuiteExecutor.execute(TestSuiteExecutor.java:81)
	at com.kms.katalon.core.main.TestCaseMain.startTestSuite(TestCaseMain.java:149)
	at com.kms.katalon.core.main.TestCaseMain$startTestSuite$0.call(Unknown Source)
	at TempTestSuite1559927775427.run(TempTestSuite1559927775427.groovy:36)]]></system-out>
         <system-err><![CDATA[2019-06-07 13:51:33 - [TEST_CASE][FAILED] - Test Cases/OCS - DESKTOP/OCS-COLLECTION PAGE/Chevron dropdown: Test Cases/OCS - DESKTOP/OCS-COLLECTION PAGE/Chevron dropdown FAILED.
Reason:
com.kms.katalon.core.exception.StepFailedException: Unable to click on object 'Object Repository/OCS-DESKTOP/Age gate and Mega menu/Chevron_Cannabis' (Root cause: org.openqa.selenium.ElementNotVisibleException: element not interactable
  (Session info: chrome=75.0.3770.80)
  (Driver info: chromedriver=2.43.600229 (3fae4d0cda5334b4f533bede5a4787f7b832d052),platform=Mac OS X 10.13.6 x86_64) (WARNING: The server did not provide any stacktrace information)
Command duration or timeout: 0 milliseconds
Build info: version: '3.7.1', revision: '8a0099a', time: '2017-11-06T21:07:36.161Z'
System info: host: 'sumans-MacBook-Pro.local', ip: 'fe80:0:0:0:8ee:14b5:7377:44cf%en0', os.name: 'Mac OS X', os.arch: 'x86_64', os.version: '10.13.6', java.version: '1.8.0_181'
Driver info: com.kms.katalon.selenium.driver.CChromeDriver
Capabilities {acceptInsecureCerts: false, acceptSslCerts: false, applicationCacheEnabled: false, browserConnectionEnabled: false, browserName: chrome, chrome: {chromedriverVersion: 2.43.600229 (3fae4d0cda5334..., userDataDir: /var/folders/1t/c55l8xzs6gq...}, cssSelectorsEnabled: true, databaseEnabled: false, goog:chromeOptions: {debuggerAddress: localhost:52575}, handlesAlerts: true, hasTouchScreen: false, javascriptEnabled: true, locationContextEnabled: true, mobileEmulationEnabled: false, nativeEvents: true, networkConnectionEnabled: false, pageLoadStrategy: normal, platform: MAC, platformName: MAC, rotatable: false, setWindowRect: true, takesHeapSnapshot: true, takesScreenshot: true, unexpectedAlertBehaviour: , unhandledPromptBehavior: , version: 75.0.3770.80, webStorageEnabled: true}
Session ID: 0b6ab0151d55be0a1a5c72e062e99679)
	at com.kms.katalon.core.keyword.internal.KeywordMain.stepFailed(KeywordMain.groovy:36)
	at com.kms.katalon.core.webui.keyword.internal.WebUIKeywordMain.stepFailed(WebUIKeywordMain.groovy:65)
	at com.kms.katalon.core.webui.keyword.internal.WebUIKeywordMain.runKeyword(WebUIKeywordMain.groovy:27)
	at com.kms.katalon.core.webui.keyword.builtin.ClickKeyword.click(ClickKeyword.groovy:86)
	at com.kms.katalon.core.webui.keyword.builtin.ClickKeyword.execute(ClickKeyword.groovy:67)
	at com.kms.katalon.core.keyword.internal.KeywordExecutor.executeKeywordForPlatform(KeywordExecutor.groovy:53)
	at com.kms.katalon.core.webui.keyword.WebUiBuiltInKeywords.click(WebUiBuiltInKeywords.groovy:616)
	at com.kms.katalon.core.webui.keyword.WebUiBuiltInKeywords$click$4.call(Unknown Source)
	at Chevron dropdown.run(Chevron dropdown:20)
	at com.kms.katalon.core.main.ScriptEngine.run(ScriptEngine.java:194)
	at com.kms.katalon.core.main.ScriptEngine.runScriptAsRawText(ScriptEngine.java:119)
	at com.kms.katalon.core.main.TestCaseExecutor.runScript(TestCaseExecutor.java:328)
	at com.kms.katalon.core.main.TestCaseExecutor.doExecute(TestCaseExecutor.java:319)
	at com.kms.katalon.core.main.TestCaseExecutor.processExecutionPhase(TestCaseExecutor.java:298)
	at com.kms.katalon.core.main.TestCaseExecutor.accessMainPhase(TestCaseExecutor.java:290)
	at com.kms.katalon.core.main.TestCaseExecutor.execute(TestCaseExecutor.java:224)
	at com.kms.katalon.core.main.TestSuiteExecutor.accessTestCaseMainPhase(TestSuiteExecutor.java:129)
	at com.kms.katalon.core.main.TestSuiteExecutor.accessTestSuiteMainPhase(TestSuiteExecutor.java:112)
	at com.kms.katalon.core.main.TestSuiteExecutor.execute(TestSuiteExecutor.java:81)
	at com.kms.katalon.core.main.TestCaseMain.startTestSuite(TestCaseMain.java:149)
	at com.kms.katalon.core.main.TestCaseMain$startTestSuite$0.call(Unknown Source)
	at TempTestSuite1559927775427.run(TempTestSuite1559927775427.groovy:36)]]></system-err>
      </testcase>
      <testcase name="Test Cases/OCS - DESKTOP/OCS-COLLECTION PAGE/breadcrumbs" classname="Test Cases/OCS - DESKTOP/OCS-COLLECTION PAGE/breadcrumbs" status="PASSED">
         <system-out><![CDATA[2019-06-07 13:51:51 - [TEST_CASE][PASSED] - Test Cases/OCS - DESKTOP/OCS-COLLECTION PAGE/breadcrumbs: Test Cases/OCS - DESKTOP/OCS-COLLECTION PAGE/breadcrumbs

2019-06-07 13:51:51 - [TEST_STEP][PASSED] - callTestCase(findTestCase("OCS - DESKTOP/CALL- Age gate"), [:], STOP_ON_FAILURE): Call Test Case 'Test Cases/OCS - DESKTOP/CALL- Age gate' successfully

2019-06-07 13:51:51 - [TEST_CASE][PASSED] - Test Cases/OCS - DESKTOP/CALL- Age gate: Test Cases/OCS - DESKTOP/CALL- Age gate

2019-06-07 13:51:51 - [TEST_STEP][PASSED] - openBrowser(""): Browser is opened with url: ''

2019-06-07 13:51:51 - [MESSAGE][WARNING] - A browser is already opened. Closing browser and opening a new one

2019-06-07 13:51:51 - [MESSAGE][INFO] - Starting 'Chrome' driver

2019-06-07 13:51:52 - [MESSAGE][PASSED] - Browser is opened with url: ''

2019-06-07 13:51:52 - [TEST_STEP][PASSED] - navigateToUrl("https://ocs.ca/?fts=0&preview_theme_id=72920074060"): Navigate to 'https://ocs.ca/?fts=0&preview_theme_id=72920074060' successfully

2019-06-07 13:51:57 - [MESSAGE][PASSED] - Navigate to 'https://ocs.ca/?fts=0&preview_theme_id=72920074060' successfully

2019-06-07 13:51:57 - [TEST_STEP][PASSED] - maximizeWindow(): Current window maximized

2019-06-07 13:51:57 - [MESSAGE][PASSED] - Current window maximized

2019-06-07 13:51:57 - [TEST_STEP][PASSED] - delay(2): Delayed 2 second(s)

2019-06-07 13:51:59 - [MESSAGE][PASSED] - Delayed 2 second(s)

2019-06-07 13:51:59 - [TEST_STEP][PASSED] - executeJavaScript("var previewBar = document.getElementById("preview-bar-iframe"); previewBar.style.display = "none";", []): Execute JavaScript 'var previewBar = document.getElementById("preview-bar-iframe"); previewBar.style.display = "none";' successfully

2019-06-07 13:51:59 - [MESSAGE][PASSED] - Execute JavaScript 'var previewBar = document.getElementById("preview-bar-iframe"); previewBar.style.display = "none";' successfully

2019-06-07 13:51:59 - [TEST_STEP][PASSED] - selectOptionByValue(findTestObject("OCS-DESKTOP/Age gate and Mega menu/Date"), "12", true): All options with value '12' are selected in object 'Object Repository/OCS-DESKTOP/Age gate and Mega menu/Date'  using regular expression

2019-06-07 13:51:59 - [MESSAGE][PASSED] - All options with value '12' are selected in object 'Object Repository/OCS-DESKTOP/Age gate and Mega menu/Date'  using regular expression

2019-06-07 13:51:59 - [TEST_STEP][PASSED] - selectOptionByValue(findTestObject("OCS-DESKTOP/Age gate and Mega menu/month"), "6", true): All options with value '6' are selected in object 'Object Repository/OCS-DESKTOP/Age gate and Mega menu/month'  using regular expression

2019-06-07 13:51:59 - [MESSAGE][PASSED] - All options with value '6' are selected in object 'Object Repository/OCS-DESKTOP/Age gate and Mega menu/month'  using regular expression

2019-06-07 13:51:59 - [TEST_STEP][PASSED] - delay(2): Delayed 2 second(s)

2019-06-07 13:52:01 - [MESSAGE][PASSED] - Delayed 2 second(s)

2019-06-07 13:52:01 - [TEST_STEP][PASSED] - selectOptionByValue(findTestObject("OCS-DESKTOP/Age gate and Mega menu/Year Dropdown"), "1990", true): All options with value '1990' are selected in object 'Object Repository/OCS-DESKTOP/Age gate and Mega menu/Year Dropdown'  using regular expression

2019-06-07 13:52:02 - [MESSAGE][PASSED] - All options with value '1990' are selected in object 'Object Repository/OCS-DESKTOP/Age gate and Mega menu/Year Dropdown'  using regular expression

2019-06-07 13:52:02 - [TEST_STEP][PASSED] - click(findTestObject("OCS-DESKTOP/Age gate and Mega menu/button_Verify")): Object: 'Object Repository/OCS-DESKTOP/Age gate and Mega menu/button_Verify' is clicked on

2019-06-07 13:52:02 - [MESSAGE][PASSED] - Object: 'Object Repository/OCS-DESKTOP/Age gate and Mega menu/button_Verify' is clicked on

2019-06-07 13:52:02 - [TEST_STEP][PASSED] - click(findTestObject("OCS-DESKTOP/Age gate and Mega menu/Checkbox_CONFIRM AND ACKNOWLEDGE")): Object: 'Object Repository/OCS-DESKTOP/Age gate and Mega menu/Checkbox_CONFIRM AND ACKNOWLEDGE' is clicked on

2019-06-07 13:52:02 - [MESSAGE][PASSED] - Object: 'Object Repository/OCS-DESKTOP/Age gate and Mega menu/Checkbox_CONFIRM AND ACKNOWLEDGE' is clicked on

2019-06-07 13:52:02 - [TEST_STEP][PASSED] - click(findTestObject("OCS-DESKTOP/Age gate and Mega menu/button_CONFIRM")): Object: 'Object Repository/OCS-DESKTOP/Age gate and Mega menu/button_CONFIRM' is clicked on

2019-06-07 13:52:03 - [MESSAGE][PASSED] - Object: 'Object Repository/OCS-DESKTOP/Age gate and Mega menu/button_CONFIRM' is clicked on

2019-06-07 13:52:03 - [TEST_STEP][PASSED] - click(findTestObject("OCS-DESKTOP/Age gate and Mega menu/button_Start Browsing")): Object: 'Object Repository/OCS-DESKTOP/Age gate and Mega menu/button_Start Browsing' is clicked on

2019-06-07 13:52:03 - [MESSAGE][PASSED] - Object: 'Object Repository/OCS-DESKTOP/Age gate and Mega menu/button_Start Browsing' is clicked on

2019-06-07 13:52:03 - [TEST_STEP][PASSED] - delay(2): Delayed 2 second(s)

2019-06-07 13:52:05 - [MESSAGE][PASSED] - Delayed 2 second(s)

2019-06-07 13:52:05 - [TEST_STEP][PASSED] - refresh(): Refresh successfully

2019-06-07 13:52:05 - [MESSAGE][PASSED] - Refresh successfully

2019-06-07 13:52:05 - [MESSAGE][PASSED] - Call Test Case 'Test Cases/OCS - DESKTOP/CALL- Age gate' successfully

2019-06-07 13:52:05 - [TEST_STEP][PASSED] - click(findTestObject("OCS-DESKTOP/Age gate and Mega menu/Header/CANNABIS menu - English")): Object: 'Object Repository/OCS-DESKTOP/Age gate and Mega menu/Header/CANNABIS menu - English' is clicked on

2019-06-07 13:52:09 - [MESSAGE][PASSED] - Object: 'Object Repository/OCS-DESKTOP/Age gate and Mega menu/Header/CANNABIS menu - English' is clicked on

2019-06-07 13:52:09 - [TEST_STEP][PASSED] - click(findTestObject("OCS-DESKTOP/Cannabis page/Dried flower - Indica dominant")): Object: 'Object Repository/OCS-DESKTOP/Cannabis page/Dried flower - Indica dominant' is clicked on

2019-06-07 13:52:11 - [MESSAGE][PASSED] - Object: 'Object Repository/OCS-DESKTOP/Cannabis page/Dried flower - Indica dominant' is clicked on

2019-06-07 13:52:11 - [TEST_STEP][PASSED] - click(findTestObject("OCS-DESKTOP/breadcrumbs_OR/Page_Dried Flower  Ontario Cannabis/a_Cannabis")): Object: 'Object Repository/OCS-DESKTOP/breadcrumbs_OR/Page_Dried Flower  Ontario Cannabis/a_Cannabis' is clicked on

2019-06-07 13:52:13 - [MESSAGE][PASSED] - Object: 'Object Repository/OCS-DESKTOP/breadcrumbs_OR/Page_Dried Flower  Ontario Cannabis/a_Cannabis' is clicked on

2019-06-07 13:52:13 - [TEST_STEP][PASSED] - executeJavaScript("var previewBar = document.getElementById("preview-bar-iframe"); previewBar.style.display = "none";", []): Execute JavaScript 'var previewBar = document.getElementById("preview-bar-iframe"); previewBar.style.display = "none";' successfully

2019-06-07 13:52:13 - [MESSAGE][PASSED] - Execute JavaScript 'var previewBar = document.getElementById("preview-bar-iframe"); previewBar.style.display = "none";' successfully

2019-06-07 13:52:13 - [TEST_STEP][PASSED] - a = getWindowTitle(): Current window's title is: 'All Cannabis Products | Ontario Cannabis Store'

2019-06-07 13:52:13 - [MESSAGE][PASSED] - Current window's title is: 'All Cannabis Products | Ontario Cannabis Store'

2019-06-07 13:52:13 - [TEST_STEP][PASSED] - comment(a): All Cannabis Products | Ontario Cannabis Store

2019-06-07 13:52:13 - [MESSAGE][INFO] - All Cannabis Products | Ontario Cannabis Store

2019-06-07 13:52:13 - [TEST_STEP][PASSED] - assert getWindowTitle() == a: Current window's title is: 'All Cannabis Products | Ontario Cannabis Store'

2019-06-07 13:52:13 - [MESSAGE][PASSED] - Current window's title is: 'All Cannabis Products | Ontario Cannabis Store'

2019-06-07 13:52:13 - [TEST_STEP][PASSED] - click(findTestObject("OCS-DESKTOP/breadcrumbs_OR/Page_All Cannabis Products  Ontario/a_Home")): Object: 'Object Repository/OCS-DESKTOP/breadcrumbs_OR/Page_All Cannabis Products  Ontario/a_Home' is clicked on

2019-06-07 13:52:16 - [MESSAGE][PASSED] - Object: 'Object Repository/OCS-DESKTOP/breadcrumbs_OR/Page_All Cannabis Products  Ontario/a_Home' is clicked on

2019-06-07 13:52:16 - [TEST_STEP][PASSED] - b = getWindowTitle(): Current window's title is: 'Ontario Cannabis Store | Ontario Cannabis Store'

2019-06-07 13:52:16 - [MESSAGE][PASSED] - Current window's title is: 'Ontario Cannabis Store | Ontario Cannabis Store'

2019-06-07 13:52:16 - [TEST_STEP][PASSED] - comment(b): Ontario Cannabis Store | Ontario Cannabis Store

2019-06-07 13:52:16 - [MESSAGE][INFO] - Ontario Cannabis Store | Ontario Cannabis Store

2019-06-07 13:52:16 - [TEST_STEP][PASSED] - assert getWindowTitle() == b: Current window's title is: 'Ontario Cannabis Store | Ontario Cannabis Store'

2019-06-07 13:52:16 - [MESSAGE][PASSED] - Current window's title is: 'Ontario Cannabis Store | Ontario Cannabis Store']]></system-out>
         <system-err><![CDATA[]]></system-err>
      </testcase>
      <testcase name="Test Cases/OCS - DESKTOP/OCS-COLLECTION PAGE/Pagination" classname="Test Cases/OCS - DESKTOP/OCS-COLLECTION PAGE/Pagination" status="FAILED">
         <failure type="FAILED" message="Test Cases/OCS - DESKTOP/OCS-COLLECTION PAGE/Pagination FAILED.
Reason:
com.kms.katalon.core.exception.StepFailedException: Unable to click on object 'Object Repository/OCS-DESKTOP/Pagination_OR/Page_Pre-Rolled  Ontario Cannabis S/a_Previous' (Root cause: org.openqa.selenium.WebDriverException: unknown error: Element &lt;i class=&quot;icon--chevron-thick-left&quot;>&lt;/i> is not clickable at point (1152, 20). Other element would receive the click: &lt;div class=&quot;menu-bar__clickable&quot;>...&lt;/div>
  (Session info: chrome=75.0.3770.80)
  (Driver info: chromedriver=2.43.600229 (3fae4d0cda5334b4f533bede5a4787f7b832d052),platform=Mac OS X 10.13.6 x86_64) (WARNING: The server did not provide any stacktrace information)
Command duration or timeout: 0 milliseconds
Build info: version: '3.7.1', revision: '8a0099a', time: '2017-11-06T21:07:36.161Z'
System info: host: 'sumans-MacBook-Pro.local', ip: 'fe80:0:0:0:8ee:14b5:7377:44cf%en0', os.name: 'Mac OS X', os.arch: 'x86_64', os.version: '10.13.6', java.version: '1.8.0_181'
Driver info: com.kms.katalon.selenium.driver.CChromeDriver
Capabilities {acceptInsecureCerts: false, acceptSslCerts: false, applicationCacheEnabled: false, browserConnectionEnabled: false, browserName: chrome, chrome: {chromedriverVersion: 2.43.600229 (3fae4d0cda5334..., userDataDir: /var/folders/1t/c55l8xzs6gq...}, cssSelectorsEnabled: true, databaseEnabled: false, goog:chromeOptions: {debuggerAddress: localhost:52825}, handlesAlerts: true, hasTouchScreen: false, javascriptEnabled: true, locationContextEnabled: true, mobileEmulationEnabled: false, nativeEvents: true, networkConnectionEnabled: false, pageLoadStrategy: normal, platform: MAC, platformName: MAC, rotatable: false, setWindowRect: true, takesHeapSnapshot: true, takesScreenshot: true, unexpectedAlertBehaviour: , unhandledPromptBehavior: , version: 75.0.3770.80, webStorageEnabled: true}
Session ID: 28cf574ea7d5be76777e3449e4af93f0)
	at com.kms.katalon.core.keyword.internal.KeywordMain.stepFailed(KeywordMain.groovy:36)
	at com.kms.katalon.core.webui.keyword.internal.WebUIKeywordMain.stepFailed(WebUIKeywordMain.groovy:65)
	at com.kms.katalon.core.webui.keyword.internal.WebUIKeywordMain.runKeyword(WebUIKeywordMain.groovy:27)
	at com.kms.katalon.core.webui.keyword.builtin.ClickKeyword.click(ClickKeyword.groovy:86)
	at com.kms.katalon.core.webui.keyword.builtin.ClickKeyword.execute(ClickKeyword.groovy:67)
	at com.kms.katalon.core.keyword.internal.KeywordExecutor.executeKeywordForPlatform(KeywordExecutor.groovy:53)
	at com.kms.katalon.core.webui.keyword.WebUiBuiltInKeywords.click(WebUiBuiltInKeywords.groovy:616)
	at com.kms.katalon.core.webui.keyword.WebUiBuiltInKeywords$click$4.call(Unknown Source)
	at Pagination.run(Pagination:65)
	at com.kms.katalon.core.main.ScriptEngine.run(ScriptEngine.java:194)
	at com.kms.katalon.core.main.ScriptEngine.runScriptAsRawText(ScriptEngine.java:119)
	at com.kms.katalon.core.main.TestCaseExecutor.runScript(TestCaseExecutor.java:328)
	at com.kms.katalon.core.main.TestCaseExecutor.doExecute(TestCaseExecutor.java:319)
	at com.kms.katalon.core.main.TestCaseExecutor.processExecutionPhase(TestCaseExecutor.java:298)
	at com.kms.katalon.core.main.TestCaseExecutor.accessMainPhase(TestCaseExecutor.java:290)
	at com.kms.katalon.core.main.TestCaseExecutor.execute(TestCaseExecutor.java:224)
	at com.kms.katalon.core.main.TestSuiteExecutor.accessTestCaseMainPhase(TestSuiteExecutor.java:129)
	at com.kms.katalon.core.main.TestSuiteExecutor.accessTestSuiteMainPhase(TestSuiteExecutor.java:112)
	at com.kms.katalon.core.main.TestSuiteExecutor.execute(TestSuiteExecutor.java:81)
	at com.kms.katalon.core.main.TestCaseMain.startTestSuite(TestCaseMain.java:149)
	at com.kms.katalon.core.main.TestCaseMain$startTestSuite$0.call(Unknown Source)
	at TempTestSuite1559927775427.run(TempTestSuite1559927775427.groovy:36)
"/>
         <system-out><![CDATA[2019-06-07 13:52:16 - [TEST_CASE][FAILED] - Test Cases/OCS - DESKTOP/OCS-COLLECTION PAGE/Pagination: Test Cases/OCS - DESKTOP/OCS-COLLECTION PAGE/Pagination FAILED.
Reason:
com.kms.katalon.core.exception.StepFailedException: Unable to click on object 'Object Repository/OCS-DESKTOP/Pagination_OR/Page_Pre-Rolled  Ontario Cannabis S/a_Previous' (Root cause: org.openqa.selenium.WebDriverException: unknown error: Element <i class="icon--chevron-thick-left"></i> is not clickable at point (1152, 20). Other element would receive the click: <div class="menu-bar__clickable">...</div>
  (Session info: chrome=75.0.3770.80)
  (Driver info: chromedriver=2.43.600229 (3fae4d0cda5334b4f533bede5a4787f7b832d052),platform=Mac OS X 10.13.6 x86_64) (WARNING: The server did not provide any stacktrace information)
Command duration or timeout: 0 milliseconds
Build info: version: '3.7.1', revision: '8a0099a', time: '2017-11-06T21:07:36.161Z'
System info: host: 'sumans-MacBook-Pro.local', ip: 'fe80:0:0:0:8ee:14b5:7377:44cf%en0', os.name: 'Mac OS X', os.arch: 'x86_64', os.version: '10.13.6', java.version: '1.8.0_181'
Driver info: com.kms.katalon.selenium.driver.CChromeDriver
Capabilities {acceptInsecureCerts: false, acceptSslCerts: false, applicationCacheEnabled: false, browserConnectionEnabled: false, browserName: chrome, chrome: {chromedriverVersion: 2.43.600229 (3fae4d0cda5334..., userDataDir: /var/folders/1t/c55l8xzs6gq...}, cssSelectorsEnabled: true, databaseEnabled: false, goog:chromeOptions: {debuggerAddress: localhost:52825}, handlesAlerts: true, hasTouchScreen: false, javascriptEnabled: true, locationContextEnabled: true, mobileEmulationEnabled: false, nativeEvents: true, networkConnectionEnabled: false, pageLoadStrategy: normal, platform: MAC, platformName: MAC, rotatable: false, setWindowRect: true, takesHeapSnapshot: true, takesScreenshot: true, unexpectedAlertBehaviour: , unhandledPromptBehavior: , version: 75.0.3770.80, webStorageEnabled: true}
Session ID: 28cf574ea7d5be76777e3449e4af93f0)
	at com.kms.katalon.core.keyword.internal.KeywordMain.stepFailed(KeywordMain.groovy:36)
	at com.kms.katalon.core.webui.keyword.internal.WebUIKeywordMain.stepFailed(WebUIKeywordMain.groovy:65)
	at com.kms.katalon.core.webui.keyword.internal.WebUIKeywordMain.runKeyword(WebUIKeywordMain.groovy:27)
	at com.kms.katalon.core.webui.keyword.builtin.ClickKeyword.click(ClickKeyword.groovy:86)
	at com.kms.katalon.core.webui.keyword.builtin.ClickKeyword.execute(ClickKeyword.groovy:67)
	at com.kms.katalon.core.keyword.internal.KeywordExecutor.executeKeywordForPlatform(KeywordExecutor.groovy:53)
	at com.kms.katalon.core.webui.keyword.WebUiBuiltInKeywords.click(WebUiBuiltInKeywords.groovy:616)
	at com.kms.katalon.core.webui.keyword.WebUiBuiltInKeywords$click$4.call(Unknown Source)
	at Pagination.run(Pagination:65)
	at com.kms.katalon.core.main.ScriptEngine.run(ScriptEngine.java:194)
	at com.kms.katalon.core.main.ScriptEngine.runScriptAsRawText(ScriptEngine.java:119)
	at com.kms.katalon.core.main.TestCaseExecutor.runScript(TestCaseExecutor.java:328)
	at com.kms.katalon.core.main.TestCaseExecutor.doExecute(TestCaseExecutor.java:319)
	at com.kms.katalon.core.main.TestCaseExecutor.processExecutionPhase(TestCaseExecutor.java:298)
	at com.kms.katalon.core.main.TestCaseExecutor.accessMainPhase(TestCaseExecutor.java:290)
	at com.kms.katalon.core.main.TestCaseExecutor.execute(TestCaseExecutor.java:224)
	at com.kms.katalon.core.main.TestSuiteExecutor.accessTestCaseMainPhase(TestSuiteExecutor.java:129)
	at com.kms.katalon.core.main.TestSuiteExecutor.accessTestSuiteMainPhase(TestSuiteExecutor.java:112)
	at com.kms.katalon.core.main.TestSuiteExecutor.execute(TestSuiteExecutor.java:81)
	at com.kms.katalon.core.main.TestCaseMain.startTestSuite(TestCaseMain.java:149)
	at com.kms.katalon.core.main.TestCaseMain$startTestSuite$0.call(Unknown Source)
	at TempTestSuite1559927775427.run(TempTestSuite1559927775427.groovy:36)


2019-06-07 13:52:17 - [TEST_STEP][PASSED] - callTestCase(findTestCase("OCS - DESKTOP/CALL- Age gate"), [:], STOP_ON_FAILURE): Call Test Case 'Test Cases/OCS - DESKTOP/CALL- Age gate' successfully

2019-06-07 13:52:17 - [TEST_CASE][PASSED] - Test Cases/OCS - DESKTOP/CALL- Age gate: Test Cases/OCS - DESKTOP/CALL- Age gate

2019-06-07 13:52:17 - [TEST_STEP][PASSED] - openBrowser(""): Browser is opened with url: ''

2019-06-07 13:52:17 - [MESSAGE][WARNING] - A browser is already opened. Closing browser and opening a new one

2019-06-07 13:52:17 - [MESSAGE][INFO] - Starting 'Chrome' driver

2019-06-07 13:52:18 - [MESSAGE][PASSED] - Browser is opened with url: ''

2019-06-07 13:52:18 - [TEST_STEP][PASSED] - navigateToUrl("https://ocs.ca/?fts=0&preview_theme_id=72920074060"): Navigate to 'https://ocs.ca/?fts=0&preview_theme_id=72920074060' successfully

2019-06-07 13:52:22 - [MESSAGE][PASSED] - Navigate to 'https://ocs.ca/?fts=0&preview_theme_id=72920074060' successfully

2019-06-07 13:52:22 - [TEST_STEP][PASSED] - maximizeWindow(): Current window maximized

2019-06-07 13:52:22 - [MESSAGE][PASSED] - Current window maximized

2019-06-07 13:52:22 - [TEST_STEP][PASSED] - delay(2): Delayed 2 second(s)

2019-06-07 13:52:24 - [MESSAGE][PASSED] - Delayed 2 second(s)

2019-06-07 13:52:24 - [TEST_STEP][PASSED] - executeJavaScript("var previewBar = document.getElementById("preview-bar-iframe"); previewBar.style.display = "none";", []): Execute JavaScript 'var previewBar = document.getElementById("preview-bar-iframe"); previewBar.style.display = "none";' successfully

2019-06-07 13:52:24 - [MESSAGE][PASSED] - Execute JavaScript 'var previewBar = document.getElementById("preview-bar-iframe"); previewBar.style.display = "none";' successfully

2019-06-07 13:52:24 - [TEST_STEP][PASSED] - selectOptionByValue(findTestObject("OCS-DESKTOP/Age gate and Mega menu/Date"), "12", true): All options with value '12' are selected in object 'Object Repository/OCS-DESKTOP/Age gate and Mega menu/Date'  using regular expression

2019-06-07 13:52:25 - [MESSAGE][PASSED] - All options with value '12' are selected in object 'Object Repository/OCS-DESKTOP/Age gate and Mega menu/Date'  using regular expression

2019-06-07 13:52:25 - [TEST_STEP][PASSED] - selectOptionByValue(findTestObject("OCS-DESKTOP/Age gate and Mega menu/month"), "6", true): All options with value '6' are selected in object 'Object Repository/OCS-DESKTOP/Age gate and Mega menu/month'  using regular expression

2019-06-07 13:52:25 - [MESSAGE][PASSED] - All options with value '6' are selected in object 'Object Repository/OCS-DESKTOP/Age gate and Mega menu/month'  using regular expression

2019-06-07 13:52:25 - [TEST_STEP][PASSED] - delay(2): Delayed 2 second(s)

2019-06-07 13:52:27 - [MESSAGE][PASSED] - Delayed 2 second(s)

2019-06-07 13:52:27 - [TEST_STEP][PASSED] - selectOptionByValue(findTestObject("OCS-DESKTOP/Age gate and Mega menu/Year Dropdown"), "1990", true): All options with value '1990' are selected in object 'Object Repository/OCS-DESKTOP/Age gate and Mega menu/Year Dropdown'  using regular expression

2019-06-07 13:52:28 - [MESSAGE][PASSED] - All options with value '1990' are selected in object 'Object Repository/OCS-DESKTOP/Age gate and Mega menu/Year Dropdown'  using regular expression

2019-06-07 13:52:28 - [TEST_STEP][PASSED] - click(findTestObject("OCS-DESKTOP/Age gate and Mega menu/button_Verify")): Object: 'Object Repository/OCS-DESKTOP/Age gate and Mega menu/button_Verify' is clicked on

2019-06-07 13:52:28 - [MESSAGE][PASSED] - Object: 'Object Repository/OCS-DESKTOP/Age gate and Mega menu/button_Verify' is clicked on

2019-06-07 13:52:28 - [TEST_STEP][PASSED] - click(findTestObject("OCS-DESKTOP/Age gate and Mega menu/Checkbox_CONFIRM AND ACKNOWLEDGE")): Object: 'Object Repository/OCS-DESKTOP/Age gate and Mega menu/Checkbox_CONFIRM AND ACKNOWLEDGE' is clicked on

2019-06-07 13:52:28 - [MESSAGE][PASSED] - Object: 'Object Repository/OCS-DESKTOP/Age gate and Mega menu/Checkbox_CONFIRM AND ACKNOWLEDGE' is clicked on

2019-06-07 13:52:28 - [TEST_STEP][PASSED] - click(findTestObject("OCS-DESKTOP/Age gate and Mega menu/button_CONFIRM")): Object: 'Object Repository/OCS-DESKTOP/Age gate and Mega menu/button_CONFIRM' is clicked on

2019-06-07 13:52:28 - [MESSAGE][PASSED] - Object: 'Object Repository/OCS-DESKTOP/Age gate and Mega menu/button_CONFIRM' is clicked on

2019-06-07 13:52:28 - [TEST_STEP][PASSED] - click(findTestObject("OCS-DESKTOP/Age gate and Mega menu/button_Start Browsing")): Object: 'Object Repository/OCS-DESKTOP/Age gate and Mega menu/button_Start Browsing' is clicked on

2019-06-07 13:52:28 - [MESSAGE][PASSED] - Object: 'Object Repository/OCS-DESKTOP/Age gate and Mega menu/button_Start Browsing' is clicked on

2019-06-07 13:52:28 - [TEST_STEP][PASSED] - delay(2): Delayed 2 second(s)

2019-06-07 13:52:30 - [MESSAGE][PASSED] - Delayed 2 second(s)

2019-06-07 13:52:30 - [TEST_STEP][PASSED] - refresh(): Refresh successfully

2019-06-07 13:52:30 - [MESSAGE][PASSED] - Refresh successfully

2019-06-07 13:52:30 - [MESSAGE][PASSED] - Call Test Case 'Test Cases/OCS - DESKTOP/CALL- Age gate' successfully

2019-06-07 13:52:30 - [TEST_STEP][PASSED] - click(findTestObject("OCS-DESKTOP/Age gate and Mega menu/Header/CANNABIS menu - English")): Object: 'Object Repository/OCS-DESKTOP/Age gate and Mega menu/Header/CANNABIS menu - English' is clicked on

2019-06-07 13:52:34 - [MESSAGE][PASSED] - Object: 'Object Repository/OCS-DESKTOP/Age gate and Mega menu/Header/CANNABIS menu - English' is clicked on

2019-06-07 13:52:34 - [TEST_STEP][PASSED] - delay(2): Delayed 2 second(s)

2019-06-07 13:52:36 - [MESSAGE][PASSED] - Delayed 2 second(s)

2019-06-07 13:52:36 - [TEST_STEP][PASSED] - click(findTestObject("OCS-DESKTOP/Cannabis page/Prerolled - Indica dominant")): Object: 'Object Repository/OCS-DESKTOP/Cannabis page/Prerolled - Indica dominant' is clicked on

2019-06-07 13:52:38 - [MESSAGE][PASSED] - Object: 'Object Repository/OCS-DESKTOP/Cannabis page/Prerolled - Indica dominant' is clicked on

2019-06-07 13:52:38 - [TEST_STEP][PASSED] - executeJavaScript("var previewBar = document.getElementById("preview-bar-iframe"); previewBar.style.display = "none";", []): Execute JavaScript 'var previewBar = document.getElementById("preview-bar-iframe"); previewBar.style.display = "none";' successfully

2019-06-07 13:52:38 - [MESSAGE][PASSED] - Execute JavaScript 'var previewBar = document.getElementById("preview-bar-iframe"); previewBar.style.display = "none";' successfully

2019-06-07 13:52:38 - [TEST_STEP][PASSED] - delay(2): Delayed 2 second(s)

2019-06-07 13:52:40 - [MESSAGE][PASSED] - Delayed 2 second(s)

2019-06-07 13:52:40 - [TEST_STEP][PASSED] - click(findTestObject("OCS-DESKTOP/Pagination_OR/Page_Pre-Rolled  Ontario Cannabis S/a_2")): Object: 'Object Repository/OCS-DESKTOP/Pagination_OR/Page_Pre-Rolled  Ontario Cannabis S/a_2' is clicked on

2019-06-07 13:52:40 - [MESSAGE][PASSED] - Object: 'Object Repository/OCS-DESKTOP/Pagination_OR/Page_Pre-Rolled  Ontario Cannabis S/a_2' is clicked on

2019-06-07 13:52:40 - [TEST_STEP][NOT_RUN] - delay(2): NOT_RUN: delay(2)

2019-06-07 13:52:40 - [MESSAGE][NOT_RUN] - NOT_RUN: delay(2)

2019-06-07 13:52:40 - [TEST_STEP][NOT_RUN] - scrollToPosition(570, 49): NOT_RUN: scrollToPosition(570, 49)

2019-06-07 13:52:40 - [MESSAGE][NOT_RUN] - NOT_RUN: scrollToPosition(570, 49)

2019-06-07 13:52:40 - [TEST_STEP][NOT_RUN] - click(findTestObject("COLLECTION PAGE _OR/Pagination_OR/Page_Pre-Rolled  Ontario Cannabis S/a_3"), STOP_ON_FAILURE): NOT_RUN: click(findTestObject("COLLECTION PAGE _OR/Pagination_OR/Page_Pre-Rolled  Ontario Cannabis S/a_3"), STOP_ON_FAILURE)

2019-06-07 13:52:40 - [MESSAGE][NOT_RUN] - NOT_RUN: click(findTestObject("COLLECTION PAGE _OR/Pagination_OR/Page_Pre-Rolled  Ontario Cannabis S/a_3"), STOP_ON_FAILURE)

2019-06-07 13:52:40 - [TEST_STEP][PASSED] - delay(2): Delayed 2 second(s)

2019-06-07 13:52:42 - [MESSAGE][PASSED] - Delayed 2 second(s)

2019-06-07 13:52:42 - [TEST_STEP][PASSED] - scrollToPosition(570, 49): Browser is scrolled to position x = 570, y = 49

2019-06-07 13:52:42 - [MESSAGE][PASSED] - Browser is scrolled to position x = 570, y = 49

2019-06-07 13:52:42 - [TEST_STEP][PASSED] - delay(2): Delayed 2 second(s)

2019-06-07 13:52:44 - [MESSAGE][PASSED] - Delayed 2 second(s)

2019-06-07 13:52:44 - [TEST_STEP][PASSED] - click(findTestObject("OCS-DESKTOP/Pagination_OR/Page_Pre-Rolled  Ontario Cannabis S/a_Previous")): Object: 'Object Repository/OCS-DESKTOP/Pagination_OR/Page_Pre-Rolled  Ontario Cannabis S/a_Previous' is clicked on

2019-06-07 13:52:44 - [MESSAGE][PASSED] - Object: 'Object Repository/OCS-DESKTOP/Pagination_OR/Page_Pre-Rolled  Ontario Cannabis S/a_Previous' is clicked on

2019-06-07 13:52:44 - [TEST_STEP][PASSED] - delay(2): Delayed 2 second(s)

2019-06-07 13:52:46 - [MESSAGE][PASSED] - Delayed 2 second(s)

2019-06-07 13:52:46 - [TEST_STEP][PASSED] - scrollToPosition(570, 49): Browser is scrolled to position x = 570, y = 49

2019-06-07 13:52:46 - [MESSAGE][PASSED] - Browser is scrolled to position x = 570, y = 49

2019-06-07 13:52:46 - [TEST_STEP][PASSED] - click(findTestObject("OCS-DESKTOP/Pagination_OR/Page_Pre-Rolled  Ontario Cannabis S/a_Next")): Object: 'Object Repository/OCS-DESKTOP/Pagination_OR/Page_Pre-Rolled  Ontario Cannabis S/a_Next' is clicked on

2019-06-07 13:52:46 - [MESSAGE][PASSED] - Object: 'Object Repository/OCS-DESKTOP/Pagination_OR/Page_Pre-Rolled  Ontario Cannabis S/a_Next' is clicked on

2019-06-07 13:52:46 - [TEST_STEP][PASSED] - delay(2): Delayed 2 second(s)

2019-06-07 13:52:48 - [MESSAGE][PASSED] - Delayed 2 second(s)

2019-06-07 13:52:48 - [TEST_STEP][PASSED] - executeJavaScript("var previewBar = document.getElementById("preview-bar-iframe"); previewBar.style.display = "none";", []): Execute JavaScript 'var previewBar = document.getElementById("preview-bar-iframe"); previewBar.style.display = "none";' successfully

2019-06-07 13:52:48 - [MESSAGE][PASSED] - Execute JavaScript 'var previewBar = document.getElementById("preview-bar-iframe"); previewBar.style.display = "none";' successfully

2019-06-07 13:52:48 - [TEST_STEP][PASSED] - click(findTestObject("OCS-DESKTOP/Pagination_OR/Page_Pre-Rolled  Ontario Cannabis S/a_What to consider")): Object: 'Object Repository/OCS-DESKTOP/Pagination_OR/Page_Pre-Rolled  Ontario Cannabis S/a_What to consider' is clicked on

2019-06-07 13:52:51 - [MESSAGE][PASSED] - Object: 'Object Repository/OCS-DESKTOP/Pagination_OR/Page_Pre-Rolled  Ontario Cannabis S/a_What to consider' is clicked on

2019-06-07 13:52:51 - [TEST_STEP][PASSED] - back(): Navigate back successfully

2019-06-07 13:52:52 - [MESSAGE][PASSED] - Navigate back successfully

2019-06-07 13:52:52 - [TEST_STEP][PASSED] - executeJavaScript("var previewBar = document.getElementById("preview-bar-iframe"); previewBar.style.display = "none";", []): Execute JavaScript 'var previewBar = document.getElementById("preview-bar-iframe"); previewBar.style.display = "none";' successfully

2019-06-07 13:52:52 - [MESSAGE][PASSED] - Execute JavaScript 'var previewBar = document.getElementById("preview-bar-iframe"); previewBar.style.display = "none";' successfully

2019-06-07 13:52:52 - [TEST_STEP][PASSED] - delay(4): Delayed 4 second(s)

2019-06-07 13:52:56 - [MESSAGE][PASSED] - Delayed 4 second(s)

2019-06-07 13:52:56 - [TEST_STEP][FAILED] - click(findTestObject("OCS-DESKTOP/Pagination_OR/Page_Pre-Rolled  Ontario Cannabis S/a_Previous")): click(findTestObject("OCS-DESKTOP/Pagination_OR/Page_Pre-Rolled  Ontario Cannabis S/a_Previous")) FAILED.
Reason:
com.kms.katalon.core.exception.StepFailedException: Unable to click on object 'Object Repository/OCS-DESKTOP/Pagination_OR/Page_Pre-Rolled  Ontario Cannabis S/a_Previous' (Root cause: org.openqa.selenium.WebDriverException: unknown error: Element <i class="icon--chevron-thick-left"></i> is not clickable at point (1152, 20). Other element would receive the click: <div class="menu-bar__clickable">...</div>
  (Session info: chrome=75.0.3770.80)
  (Driver info: chromedriver=2.43.600229 (3fae4d0cda5334b4f533bede5a4787f7b832d052),platform=Mac OS X 10.13.6 x86_64) (WARNING: The server did not provide any stacktrace information)
Command duration or timeout: 0 milliseconds
Build info: version: '3.7.1', revision: '8a0099a', time: '2017-11-06T21:07:36.161Z'
System info: host: 'sumans-MacBook-Pro.local', ip: 'fe80:0:0:0:8ee:14b5:7377:44cf%en0', os.name: 'Mac OS X', os.arch: 'x86_64', os.version: '10.13.6', java.version: '1.8.0_181'
Driver info: com.kms.katalon.selenium.driver.CChromeDriver
Capabilities {acceptInsecureCerts: false, acceptSslCerts: false, applicationCacheEnabled: false, browserConnectionEnabled: false, browserName: chrome, chrome: {chromedriverVersion: 2.43.600229 (3fae4d0cda5334..., userDataDir: /var/folders/1t/c55l8xzs6gq...}, cssSelectorsEnabled: true, databaseEnabled: false, goog:chromeOptions: {debuggerAddress: localhost:52825}, handlesAlerts: true, hasTouchScreen: false, javascriptEnabled: true, locationContextEnabled: true, mobileEmulationEnabled: false, nativeEvents: true, networkConnectionEnabled: false, pageLoadStrategy: normal, platform: MAC, platformName: MAC, rotatable: false, setWindowRect: true, takesHeapSnapshot: true, takesScreenshot: true, unexpectedAlertBehaviour: , unhandledPromptBehavior: , version: 75.0.3770.80, webStorageEnabled: true}
Session ID: 28cf574ea7d5be76777e3449e4af93f0)
	at com.kms.katalon.core.keyword.internal.KeywordMain.stepFailed(KeywordMain.groovy:36)
	at com.kms.katalon.core.webui.keyword.internal.WebUIKeywordMain.stepFailed(WebUIKeywordMain.groovy:65)
	at com.kms.katalon.core.webui.keyword.internal.WebUIKeywordMain.runKeyword(WebUIKeywordMain.groovy:27)
	at com.kms.katalon.core.webui.keyword.builtin.ClickKeyword.click(ClickKeyword.groovy:86)
	at com.kms.katalon.core.webui.keyword.builtin.ClickKeyword.execute(ClickKeyword.groovy:67)
	at com.kms.katalon.core.keyword.internal.KeywordExecutor.executeKeywordForPlatform(KeywordExecutor.groovy:53)
	at com.kms.katalon.core.webui.keyword.WebUiBuiltInKeywords.click(WebUiBuiltInKeywords.groovy:616)
	at com.kms.katalon.core.webui.keyword.WebUiBuiltInKeywords$click$4.call(Unknown Source)
	at Pagination.run(Pagination:65)
	at com.kms.katalon.core.main.ScriptEngine.run(ScriptEngine.java:194)
	at com.kms.katalon.core.main.ScriptEngine.runScriptAsRawText(ScriptEngine.java:119)
	at com.kms.katalon.core.main.TestCaseExecutor.runScript(TestCaseExecutor.java:328)
	at com.kms.katalon.core.main.TestCaseExecutor.doExecute(TestCaseExecutor.java:319)
	at com.kms.katalon.core.main.TestCaseExecutor.processExecutionPhase(TestCaseExecutor.java:298)
	at com.kms.katalon.core.main.TestCaseExecutor.accessMainPhase(TestCaseExecutor.java:290)
	at com.kms.katalon.core.main.TestCaseExecutor.execute(TestCaseExecutor.java:224)
	at com.kms.katalon.core.main.TestSuiteExecutor.accessTestCaseMainPhase(TestSuiteExecutor.java:129)
	at com.kms.katalon.core.main.TestSuiteExecutor.accessTestSuiteMainPhase(TestSuiteExecutor.java:112)
	at com.kms.katalon.core.main.TestSuiteExecutor.execute(TestSuiteExecutor.java:81)
	at com.kms.katalon.core.main.TestCaseMain.startTestSuite(TestCaseMain.java:149)
	at com.kms.katalon.core.main.TestCaseMain$startTestSuite$0.call(Unknown Source)
	at TempTestSuite1559927775427.run(TempTestSuite1559927775427.groovy:36)


2019-06-07 13:52:57 - [MESSAGE][FAILED] - Unable to click on object 'Object Repository/OCS-DESKTOP/Pagination_OR/Page_Pre-Rolled  Ontario Cannabis S/a_Previous' (Root cause: org.openqa.selenium.WebDriverException: unknown error: Element <i class="icon--chevron-thick-left"></i> is not clickable at point (1152, 20). Other element would receive the click: <div class="menu-bar__clickable">...</div>
  (Session info: chrome=75.0.3770.80)
  (Driver info: chromedriver=2.43.600229 (3fae4d0cda5334b4f533bede5a4787f7b832d052),platform=Mac OS X 10.13.6 x86_64) (WARNING: The server did not provide any stacktrace information)
Command duration or timeout: 0 milliseconds
Build info: version: '3.7.1', revision: '8a0099a', time: '2017-11-06T21:07:36.161Z'
System info: host: 'sumans-MacBook-Pro.local', ip: 'fe80:0:0:0:8ee:14b5:7377:44cf%en0', os.name: 'Mac OS X', os.arch: 'x86_64', os.version: '10.13.6', java.version: '1.8.0_181'
Driver info: com.kms.katalon.selenium.driver.CChromeDriver
Capabilities {acceptInsecureCerts: false, acceptSslCerts: false, applicationCacheEnabled: false, browserConnectionEnabled: false, browserName: chrome, chrome: {chromedriverVersion: 2.43.600229 (3fae4d0cda5334..., userDataDir: /var/folders/1t/c55l8xzs6gq...}, cssSelectorsEnabled: true, databaseEnabled: false, goog:chromeOptions: {debuggerAddress: localhost:52825}, handlesAlerts: true, hasTouchScreen: false, javascriptEnabled: true, locationContextEnabled: true, mobileEmulationEnabled: false, nativeEvents: true, networkConnectionEnabled: false, pageLoadStrategy: normal, platform: MAC, platformName: MAC, rotatable: false, setWindowRect: true, takesHeapSnapshot: true, takesScreenshot: true, unexpectedAlertBehaviour: , unhandledPromptBehavior: , version: 75.0.3770.80, webStorageEnabled: true}
Session ID: 28cf574ea7d5be76777e3449e4af93f0)
[[ATTACHMENT|/Users/sumankompelly/Relative xpath-Desktop/Reports/OCS- 1.9.2.1/20190607_131615/1559929976573.png]]

2019-06-07 13:52:57 - [MESSAGE][FAILED] - click(findTestObject("OCS-DESKTOP/Pagination_OR/Page_Pre-Rolled  Ontario Cannabis S/a_Previous")) FAILED.
Reason:
com.kms.katalon.core.exception.StepFailedException: Unable to click on object 'Object Repository/OCS-DESKTOP/Pagination_OR/Page_Pre-Rolled  Ontario Cannabis S/a_Previous' (Root cause: org.openqa.selenium.WebDriverException: unknown error: Element <i class="icon--chevron-thick-left"></i> is not clickable at point (1152, 20). Other element would receive the click: <div class="menu-bar__clickable">...</div>
  (Session info: chrome=75.0.3770.80)
  (Driver info: chromedriver=2.43.600229 (3fae4d0cda5334b4f533bede5a4787f7b832d052),platform=Mac OS X 10.13.6 x86_64) (WARNING: The server did not provide any stacktrace information)
Command duration or timeout: 0 milliseconds
Build info: version: '3.7.1', revision: '8a0099a', time: '2017-11-06T21:07:36.161Z'
System info: host: 'sumans-MacBook-Pro.local', ip: 'fe80:0:0:0:8ee:14b5:7377:44cf%en0', os.name: 'Mac OS X', os.arch: 'x86_64', os.version: '10.13.6', java.version: '1.8.0_181'
Driver info: com.kms.katalon.selenium.driver.CChromeDriver
Capabilities {acceptInsecureCerts: false, acceptSslCerts: false, applicationCacheEnabled: false, browserConnectionEnabled: false, browserName: chrome, chrome: {chromedriverVersion: 2.43.600229 (3fae4d0cda5334..., userDataDir: /var/folders/1t/c55l8xzs6gq...}, cssSelectorsEnabled: true, databaseEnabled: false, goog:chromeOptions: {debuggerAddress: localhost:52825}, handlesAlerts: true, hasTouchScreen: false, javascriptEnabled: true, locationContextEnabled: true, mobileEmulationEnabled: false, nativeEvents: true, networkConnectionEnabled: false, pageLoadStrategy: normal, platform: MAC, platformName: MAC, rotatable: false, setWindowRect: true, takesHeapSnapshot: true, takesScreenshot: true, unexpectedAlertBehaviour: , unhandledPromptBehavior: , version: 75.0.3770.80, webStorageEnabled: true}
Session ID: 28cf574ea7d5be76777e3449e4af93f0)
	at com.kms.katalon.core.keyword.internal.KeywordMain.stepFailed(KeywordMain.groovy:36)
	at com.kms.katalon.core.webui.keyword.internal.WebUIKeywordMain.stepFailed(WebUIKeywordMain.groovy:65)
	at com.kms.katalon.core.webui.keyword.internal.WebUIKeywordMain.runKeyword(WebUIKeywordMain.groovy:27)
	at com.kms.katalon.core.webui.keyword.builtin.ClickKeyword.click(ClickKeyword.groovy:86)
	at com.kms.katalon.core.webui.keyword.builtin.ClickKeyword.execute(ClickKeyword.groovy:67)
	at com.kms.katalon.core.keyword.internal.KeywordExecutor.executeKeywordForPlatform(KeywordExecutor.groovy:53)
	at com.kms.katalon.core.webui.keyword.WebUiBuiltInKeywords.click(WebUiBuiltInKeywords.groovy:616)
	at com.kms.katalon.core.webui.keyword.WebUiBuiltInKeywords$click$4.call(Unknown Source)
	at Pagination.run(Pagination:65)
	at com.kms.katalon.core.main.ScriptEngine.run(ScriptEngine.java:194)
	at com.kms.katalon.core.main.ScriptEngine.runScriptAsRawText(ScriptEngine.java:119)
	at com.kms.katalon.core.main.TestCaseExecutor.runScript(TestCaseExecutor.java:328)
	at com.kms.katalon.core.main.TestCaseExecutor.doExecute(TestCaseExecutor.java:319)
	at com.kms.katalon.core.main.TestCaseExecutor.processExecutionPhase(TestCaseExecutor.java:298)
	at com.kms.katalon.core.main.TestCaseExecutor.accessMainPhase(TestCaseExecutor.java:290)
	at com.kms.katalon.core.main.TestCaseExecutor.execute(TestCaseExecutor.java:224)
	at com.kms.katalon.core.main.TestSuiteExecutor.accessTestCaseMainPhase(TestSuiteExecutor.java:129)
	at com.kms.katalon.core.main.TestSuiteExecutor.accessTestSuiteMainPhase(TestSuiteExecutor.java:112)
	at com.kms.katalon.core.main.TestSuiteExecutor.execute(TestSuiteExecutor.java:81)
	at com.kms.katalon.core.main.TestCaseMain.startTestSuite(TestCaseMain.java:149)
	at com.kms.katalon.core.main.TestCaseMain$startTestSuite$0.call(Unknown Source)
	at TempTestSuite1559927775427.run(TempTestSuite1559927775427.groovy:36)]]></system-out>
         <system-err><![CDATA[2019-06-07 13:52:16 - [TEST_CASE][FAILED] - Test Cases/OCS - DESKTOP/OCS-COLLECTION PAGE/Pagination: Test Cases/OCS - DESKTOP/OCS-COLLECTION PAGE/Pagination FAILED.
Reason:
com.kms.katalon.core.exception.StepFailedException: Unable to click on object 'Object Repository/OCS-DESKTOP/Pagination_OR/Page_Pre-Rolled  Ontario Cannabis S/a_Previous' (Root cause: org.openqa.selenium.WebDriverException: unknown error: Element <i class="icon--chevron-thick-left"></i> is not clickable at point (1152, 20). Other element would receive the click: <div class="menu-bar__clickable">...</div>
  (Session info: chrome=75.0.3770.80)
  (Driver info: chromedriver=2.43.600229 (3fae4d0cda5334b4f533bede5a4787f7b832d052),platform=Mac OS X 10.13.6 x86_64) (WARNING: The server did not provide any stacktrace information)
Command duration or timeout: 0 milliseconds
Build info: version: '3.7.1', revision: '8a0099a', time: '2017-11-06T21:07:36.161Z'
System info: host: 'sumans-MacBook-Pro.local', ip: 'fe80:0:0:0:8ee:14b5:7377:44cf%en0', os.name: 'Mac OS X', os.arch: 'x86_64', os.version: '10.13.6', java.version: '1.8.0_181'
Driver info: com.kms.katalon.selenium.driver.CChromeDriver
Capabilities {acceptInsecureCerts: false, acceptSslCerts: false, applicationCacheEnabled: false, browserConnectionEnabled: false, browserName: chrome, chrome: {chromedriverVersion: 2.43.600229 (3fae4d0cda5334..., userDataDir: /var/folders/1t/c55l8xzs6gq...}, cssSelectorsEnabled: true, databaseEnabled: false, goog:chromeOptions: {debuggerAddress: localhost:52825}, handlesAlerts: true, hasTouchScreen: false, javascriptEnabled: true, locationContextEnabled: true, mobileEmulationEnabled: false, nativeEvents: true, networkConnectionEnabled: false, pageLoadStrategy: normal, platform: MAC, platformName: MAC, rotatable: false, setWindowRect: true, takesHeapSnapshot: true, takesScreenshot: true, unexpectedAlertBehaviour: , unhandledPromptBehavior: , version: 75.0.3770.80, webStorageEnabled: true}
Session ID: 28cf574ea7d5be76777e3449e4af93f0)
	at com.kms.katalon.core.keyword.internal.KeywordMain.stepFailed(KeywordMain.groovy:36)
	at com.kms.katalon.core.webui.keyword.internal.WebUIKeywordMain.stepFailed(WebUIKeywordMain.groovy:65)
	at com.kms.katalon.core.webui.keyword.internal.WebUIKeywordMain.runKeyword(WebUIKeywordMain.groovy:27)
	at com.kms.katalon.core.webui.keyword.builtin.ClickKeyword.click(ClickKeyword.groovy:86)
	at com.kms.katalon.core.webui.keyword.builtin.ClickKeyword.execute(ClickKeyword.groovy:67)
	at com.kms.katalon.core.keyword.internal.KeywordExecutor.executeKeywordForPlatform(KeywordExecutor.groovy:53)
	at com.kms.katalon.core.webui.keyword.WebUiBuiltInKeywords.click(WebUiBuiltInKeywords.groovy:616)
	at com.kms.katalon.core.webui.keyword.WebUiBuiltInKeywords$click$4.call(Unknown Source)
	at Pagination.run(Pagination:65)
	at com.kms.katalon.core.main.ScriptEngine.run(ScriptEngine.java:194)
	at com.kms.katalon.core.main.ScriptEngine.runScriptAsRawText(ScriptEngine.java:119)
	at com.kms.katalon.core.main.TestCaseExecutor.runScript(TestCaseExecutor.java:328)
	at com.kms.katalon.core.main.TestCaseExecutor.doExecute(TestCaseExecutor.java:319)
	at com.kms.katalon.core.main.TestCaseExecutor.processExecutionPhase(TestCaseExecutor.java:298)
	at com.kms.katalon.core.main.TestCaseExecutor.accessMainPhase(TestCaseExecutor.java:290)
	at com.kms.katalon.core.main.TestCaseExecutor.execute(TestCaseExecutor.java:224)
	at com.kms.katalon.core.main.TestSuiteExecutor.accessTestCaseMainPhase(TestSuiteExecutor.java:129)
	at com.kms.katalon.core.main.TestSuiteExecutor.accessTestSuiteMainPhase(TestSuiteExecutor.java:112)
	at com.kms.katalon.core.main.TestSuiteExecutor.execute(TestSuiteExecutor.java:81)
	at com.kms.katalon.core.main.TestCaseMain.startTestSuite(TestCaseMain.java:149)
	at com.kms.katalon.core.main.TestCaseMain$startTestSuite$0.call(Unknown Source)
	at TempTestSuite1559927775427.run(TempTestSuite1559927775427.groovy:36)]]></system-err>
      </testcase>
      <testcase name="Test Cases/OCS - DESKTOP/OCS-COLLECTION PAGE/What to consider" classname="Test Cases/OCS - DESKTOP/OCS-COLLECTION PAGE/What to consider" status="FAILED">
         <failure type="FAILED" message="Test Cases/OCS - DESKTOP/OCS-COLLECTION PAGE/What to consider FAILED.
Reason:
com.kms.katalon.core.exception.StepFailedException: Unable to click on object 'Object Repository/OCS-DESKTOP/Age gate and Mega menu/Chevron_Cannabis' (Root cause: org.openqa.selenium.ElementNotVisibleException: element not interactable
  (Session info: chrome=75.0.3770.80)
  (Driver info: chromedriver=2.43.600229 (3fae4d0cda5334b4f533bede5a4787f7b832d052),platform=Mac OS X 10.13.6 x86_64) (WARNING: The server did not provide any stacktrace information)
Command duration or timeout: 0 milliseconds
Build info: version: '3.7.1', revision: '8a0099a', time: '2017-11-06T21:07:36.161Z'
System info: host: 'sumans-MacBook-Pro.local', ip: 'fe80:0:0:0:8ee:14b5:7377:44cf%en0', os.name: 'Mac OS X', os.arch: 'x86_64', os.version: '10.13.6', java.version: '1.8.0_181'
Driver info: com.kms.katalon.selenium.driver.CChromeDriver
Capabilities {acceptInsecureCerts: false, acceptSslCerts: false, applicationCacheEnabled: false, browserConnectionEnabled: false, browserName: chrome, chrome: {chromedriverVersion: 2.43.600229 (3fae4d0cda5334..., userDataDir: /var/folders/1t/c55l8xzs6gq...}, cssSelectorsEnabled: true, databaseEnabled: false, goog:chromeOptions: {debuggerAddress: localhost:53032}, handlesAlerts: true, hasTouchScreen: false, javascriptEnabled: true, locationContextEnabled: true, mobileEmulationEnabled: false, nativeEvents: true, networkConnectionEnabled: false, pageLoadStrategy: normal, platform: MAC, platformName: MAC, rotatable: false, setWindowRect: true, takesHeapSnapshot: true, takesScreenshot: true, unexpectedAlertBehaviour: , unhandledPromptBehavior: , version: 75.0.3770.80, webStorageEnabled: true}
Session ID: 182e5debe664197267eb82efe2f13b97)
	at com.kms.katalon.core.keyword.internal.KeywordMain.stepFailed(KeywordMain.groovy:36)
	at com.kms.katalon.core.webui.keyword.internal.WebUIKeywordMain.stepFailed(WebUIKeywordMain.groovy:65)
	at com.kms.katalon.core.webui.keyword.internal.WebUIKeywordMain.runKeyword(WebUIKeywordMain.groovy:27)
	at com.kms.katalon.core.webui.keyword.builtin.ClickKeyword.click(ClickKeyword.groovy:86)
	at com.kms.katalon.core.webui.keyword.builtin.ClickKeyword.execute(ClickKeyword.groovy:67)
	at com.kms.katalon.core.keyword.internal.KeywordExecutor.executeKeywordForPlatform(KeywordExecutor.groovy:53)
	at com.kms.katalon.core.webui.keyword.WebUiBuiltInKeywords.click(WebUiBuiltInKeywords.groovy:616)
	at com.kms.katalon.core.webui.keyword.WebUiBuiltInKeywords$click$4.call(Unknown Source)
	at What to consider.run(What to consider:24)
	at com.kms.katalon.core.main.ScriptEngine.run(ScriptEngine.java:194)
	at com.kms.katalon.core.main.ScriptEngine.runScriptAsRawText(ScriptEngine.java:119)
	at com.kms.katalon.core.main.TestCaseExecutor.runScript(TestCaseExecutor.java:328)
	at com.kms.katalon.core.main.TestCaseExecutor.doExecute(TestCaseExecutor.java:319)
	at com.kms.katalon.core.main.TestCaseExecutor.processExecutionPhase(TestCaseExecutor.java:298)
	at com.kms.katalon.core.main.TestCaseExecutor.accessMainPhase(TestCaseExecutor.java:290)
	at com.kms.katalon.core.main.TestCaseExecutor.execute(TestCaseExecutor.java:224)
	at com.kms.katalon.core.main.TestSuiteExecutor.accessTestCaseMainPhase(TestSuiteExecutor.java:129)
	at com.kms.katalon.core.main.TestSuiteExecutor.accessTestSuiteMainPhase(TestSuiteExecutor.java:112)
	at com.kms.katalon.core.main.TestSuiteExecutor.execute(TestSuiteExecutor.java:81)
	at com.kms.katalon.core.main.TestCaseMain.startTestSuite(TestCaseMain.java:149)
	at com.kms.katalon.core.main.TestCaseMain$startTestSuite$0.call(Unknown Source)
	at TempTestSuite1559927775427.run(TempTestSuite1559927775427.groovy:36)
"/>
         <system-out><![CDATA[2019-06-07 13:52:57 - [TEST_CASE][FAILED] - Test Cases/OCS - DESKTOP/OCS-COLLECTION PAGE/What to consider: Test Cases/OCS - DESKTOP/OCS-COLLECTION PAGE/What to consider FAILED.
Reason:
com.kms.katalon.core.exception.StepFailedException: Unable to click on object 'Object Repository/OCS-DESKTOP/Age gate and Mega menu/Chevron_Cannabis' (Root cause: org.openqa.selenium.ElementNotVisibleException: element not interactable
  (Session info: chrome=75.0.3770.80)
  (Driver info: chromedriver=2.43.600229 (3fae4d0cda5334b4f533bede5a4787f7b832d052),platform=Mac OS X 10.13.6 x86_64) (WARNING: The server did not provide any stacktrace information)
Command duration or timeout: 0 milliseconds
Build info: version: '3.7.1', revision: '8a0099a', time: '2017-11-06T21:07:36.161Z'
System info: host: 'sumans-MacBook-Pro.local', ip: 'fe80:0:0:0:8ee:14b5:7377:44cf%en0', os.name: 'Mac OS X', os.arch: 'x86_64', os.version: '10.13.6', java.version: '1.8.0_181'
Driver info: com.kms.katalon.selenium.driver.CChromeDriver
Capabilities {acceptInsecureCerts: false, acceptSslCerts: false, applicationCacheEnabled: false, browserConnectionEnabled: false, browserName: chrome, chrome: {chromedriverVersion: 2.43.600229 (3fae4d0cda5334..., userDataDir: /var/folders/1t/c55l8xzs6gq...}, cssSelectorsEnabled: true, databaseEnabled: false, goog:chromeOptions: {debuggerAddress: localhost:53032}, handlesAlerts: true, hasTouchScreen: false, javascriptEnabled: true, locationContextEnabled: true, mobileEmulationEnabled: false, nativeEvents: true, networkConnectionEnabled: false, pageLoadStrategy: normal, platform: MAC, platformName: MAC, rotatable: false, setWindowRect: true, takesHeapSnapshot: true, takesScreenshot: true, unexpectedAlertBehaviour: , unhandledPromptBehavior: , version: 75.0.3770.80, webStorageEnabled: true}
Session ID: 182e5debe664197267eb82efe2f13b97)
	at com.kms.katalon.core.keyword.internal.KeywordMain.stepFailed(KeywordMain.groovy:36)
	at com.kms.katalon.core.webui.keyword.internal.WebUIKeywordMain.stepFailed(WebUIKeywordMain.groovy:65)
	at com.kms.katalon.core.webui.keyword.internal.WebUIKeywordMain.runKeyword(WebUIKeywordMain.groovy:27)
	at com.kms.katalon.core.webui.keyword.builtin.ClickKeyword.click(ClickKeyword.groovy:86)
	at com.kms.katalon.core.webui.keyword.builtin.ClickKeyword.execute(ClickKeyword.groovy:67)
	at com.kms.katalon.core.keyword.internal.KeywordExecutor.executeKeywordForPlatform(KeywordExecutor.groovy:53)
	at com.kms.katalon.core.webui.keyword.WebUiBuiltInKeywords.click(WebUiBuiltInKeywords.groovy:616)
	at com.kms.katalon.core.webui.keyword.WebUiBuiltInKeywords$click$4.call(Unknown Source)
	at What to consider.run(What to consider:24)
	at com.kms.katalon.core.main.ScriptEngine.run(ScriptEngine.java:194)
	at com.kms.katalon.core.main.ScriptEngine.runScriptAsRawText(ScriptEngine.java:119)
	at com.kms.katalon.core.main.TestCaseExecutor.runScript(TestCaseExecutor.java:328)
	at com.kms.katalon.core.main.TestCaseExecutor.doExecute(TestCaseExecutor.java:319)
	at com.kms.katalon.core.main.TestCaseExecutor.processExecutionPhase(TestCaseExecutor.java:298)
	at com.kms.katalon.core.main.TestCaseExecutor.accessMainPhase(TestCaseExecutor.java:290)
	at com.kms.katalon.core.main.TestCaseExecutor.execute(TestCaseExecutor.java:224)
	at com.kms.katalon.core.main.TestSuiteExecutor.accessTestCaseMainPhase(TestSuiteExecutor.java:129)
	at com.kms.katalon.core.main.TestSuiteExecutor.accessTestSuiteMainPhase(TestSuiteExecutor.java:112)
	at com.kms.katalon.core.main.TestSuiteExecutor.execute(TestSuiteExecutor.java:81)
	at com.kms.katalon.core.main.TestCaseMain.startTestSuite(TestCaseMain.java:149)
	at com.kms.katalon.core.main.TestCaseMain$startTestSuite$0.call(Unknown Source)
	at TempTestSuite1559927775427.run(TempTestSuite1559927775427.groovy:36)


2019-06-07 13:52:57 - [TEST_STEP][PASSED] - callTestCase(findTestCase("OCS - DESKTOP/CALL- Age gate"), [:], STOP_ON_FAILURE): Call Test Case 'Test Cases/OCS - DESKTOP/CALL- Age gate' successfully

2019-06-07 13:52:57 - [TEST_CASE][PASSED] - Test Cases/OCS - DESKTOP/CALL- Age gate: Test Cases/OCS - DESKTOP/CALL- Age gate

2019-06-07 13:52:57 - [TEST_STEP][PASSED] - openBrowser(""): Browser is opened with url: ''

2019-06-07 13:52:57 - [MESSAGE][WARNING] - A browser is already opened. Closing browser and opening a new one

2019-06-07 13:52:57 - [MESSAGE][INFO] - Starting 'Chrome' driver

2019-06-07 13:52:58 - [MESSAGE][PASSED] - Browser is opened with url: ''

2019-06-07 13:52:58 - [TEST_STEP][PASSED] - navigateToUrl("https://ocs.ca/?fts=0&preview_theme_id=72920074060"): Navigate to 'https://ocs.ca/?fts=0&preview_theme_id=72920074060' successfully

2019-06-07 13:53:02 - [MESSAGE][PASSED] - Navigate to 'https://ocs.ca/?fts=0&preview_theme_id=72920074060' successfully

2019-06-07 13:53:02 - [TEST_STEP][PASSED] - maximizeWindow(): Current window maximized

2019-06-07 13:53:03 - [MESSAGE][PASSED] - Current window maximized

2019-06-07 13:53:03 - [TEST_STEP][PASSED] - delay(2): Delayed 2 second(s)

2019-06-07 13:53:05 - [MESSAGE][PASSED] - Delayed 2 second(s)

2019-06-07 13:53:05 - [TEST_STEP][PASSED] - executeJavaScript("var previewBar = document.getElementById("preview-bar-iframe"); previewBar.style.display = "none";", []): Execute JavaScript 'var previewBar = document.getElementById("preview-bar-iframe"); previewBar.style.display = "none";' successfully

2019-06-07 13:53:05 - [MESSAGE][PASSED] - Execute JavaScript 'var previewBar = document.getElementById("preview-bar-iframe"); previewBar.style.display = "none";' successfully

2019-06-07 13:53:05 - [TEST_STEP][PASSED] - selectOptionByValue(findTestObject("OCS-DESKTOP/Age gate and Mega menu/Date"), "12", true): All options with value '12' are selected in object 'Object Repository/OCS-DESKTOP/Age gate and Mega menu/Date'  using regular expression

2019-06-07 13:53:05 - [MESSAGE][PASSED] - All options with value '12' are selected in object 'Object Repository/OCS-DESKTOP/Age gate and Mega menu/Date'  using regular expression

2019-06-07 13:53:05 - [TEST_STEP][PASSED] - selectOptionByValue(findTestObject("OCS-DESKTOP/Age gate and Mega menu/month"), "6", true): All options with value '6' are selected in object 'Object Repository/OCS-DESKTOP/Age gate and Mega menu/month'  using regular expression

2019-06-07 13:53:05 - [MESSAGE][PASSED] - All options with value '6' are selected in object 'Object Repository/OCS-DESKTOP/Age gate and Mega menu/month'  using regular expression

2019-06-07 13:53:05 - [TEST_STEP][PASSED] - delay(2): Delayed 2 second(s)

2019-06-07 13:53:07 - [MESSAGE][PASSED] - Delayed 2 second(s)

2019-06-07 13:53:07 - [TEST_STEP][PASSED] - selectOptionByValue(findTestObject("OCS-DESKTOP/Age gate and Mega menu/Year Dropdown"), "1990", true): All options with value '1990' are selected in object 'Object Repository/OCS-DESKTOP/Age gate and Mega menu/Year Dropdown'  using regular expression

2019-06-07 13:53:08 - [MESSAGE][PASSED] - All options with value '1990' are selected in object 'Object Repository/OCS-DESKTOP/Age gate and Mega menu/Year Dropdown'  using regular expression

2019-06-07 13:53:08 - [TEST_STEP][PASSED] - click(findTestObject("OCS-DESKTOP/Age gate and Mega menu/button_Verify")): Object: 'Object Repository/OCS-DESKTOP/Age gate and Mega menu/button_Verify' is clicked on

2019-06-07 13:53:08 - [MESSAGE][PASSED] - Object: 'Object Repository/OCS-DESKTOP/Age gate and Mega menu/button_Verify' is clicked on

2019-06-07 13:53:08 - [TEST_STEP][PASSED] - click(findTestObject("OCS-DESKTOP/Age gate and Mega menu/Checkbox_CONFIRM AND ACKNOWLEDGE")): Object: 'Object Repository/OCS-DESKTOP/Age gate and Mega menu/Checkbox_CONFIRM AND ACKNOWLEDGE' is clicked on

2019-06-07 13:53:08 - [MESSAGE][PASSED] - Object: 'Object Repository/OCS-DESKTOP/Age gate and Mega menu/Checkbox_CONFIRM AND ACKNOWLEDGE' is clicked on

2019-06-07 13:53:08 - [TEST_STEP][PASSED] - click(findTestObject("OCS-DESKTOP/Age gate and Mega menu/button_CONFIRM")): Object: 'Object Repository/OCS-DESKTOP/Age gate and Mega menu/button_CONFIRM' is clicked on

2019-06-07 13:53:08 - [MESSAGE][PASSED] - Object: 'Object Repository/OCS-DESKTOP/Age gate and Mega menu/button_CONFIRM' is clicked on

2019-06-07 13:53:08 - [TEST_STEP][PASSED] - click(findTestObject("OCS-DESKTOP/Age gate and Mega menu/button_Start Browsing")): Object: 'Object Repository/OCS-DESKTOP/Age gate and Mega menu/button_Start Browsing' is clicked on

2019-06-07 13:53:08 - [MESSAGE][PASSED] - Object: 'Object Repository/OCS-DESKTOP/Age gate and Mega menu/button_Start Browsing' is clicked on

2019-06-07 13:53:08 - [TEST_STEP][PASSED] - delay(2): Delayed 2 second(s)

2019-06-07 13:53:10 - [MESSAGE][PASSED] - Delayed 2 second(s)

2019-06-07 13:53:10 - [TEST_STEP][PASSED] - refresh(): Refresh successfully

2019-06-07 13:53:10 - [MESSAGE][PASSED] - Refresh successfully

2019-06-07 13:53:10 - [MESSAGE][PASSED] - Call Test Case 'Test Cases/OCS - DESKTOP/CALL- Age gate' successfully

2019-06-07 13:53:10 - [TEST_STEP][PASSED] - delay(2): Delayed 2 second(s)

2019-06-07 13:53:12 - [MESSAGE][PASSED] - Delayed 2 second(s)

2019-06-07 13:53:12 - [TEST_STEP][NOT_RUN] - click(findTestObject("OCS-MOBILE /Age gate and burger menu/Burger menu - English")): NOT_RUN: click(findTestObject("OCS-MOBILE /Age gate and burger menu/Burger menu - English"))

2019-06-07 13:53:12 - [MESSAGE][NOT_RUN] - NOT_RUN: click(findTestObject("OCS-MOBILE /Age gate and burger menu/Burger menu - English"))

2019-06-07 13:53:12 - [TEST_STEP][PASSED] - delay(2): Delayed 2 second(s)

2019-06-07 13:53:14 - [MESSAGE][PASSED] - Delayed 2 second(s)

2019-06-07 13:53:14 - [TEST_STEP][FAILED] - click(findTestObject("OCS-DESKTOP/Age gate and Mega menu/Chevron_Cannabis")): click(findTestObject("OCS-DESKTOP/Age gate and Mega menu/Chevron_Cannabis")) FAILED.
Reason:
com.kms.katalon.core.exception.StepFailedException: Unable to click on object 'Object Repository/OCS-DESKTOP/Age gate and Mega menu/Chevron_Cannabis' (Root cause: org.openqa.selenium.ElementNotVisibleException: element not interactable
  (Session info: chrome=75.0.3770.80)
  (Driver info: chromedriver=2.43.600229 (3fae4d0cda5334b4f533bede5a4787f7b832d052),platform=Mac OS X 10.13.6 x86_64) (WARNING: The server did not provide any stacktrace information)
Command duration or timeout: 0 milliseconds
Build info: version: '3.7.1', revision: '8a0099a', time: '2017-11-06T21:07:36.161Z'
System info: host: 'sumans-MacBook-Pro.local', ip: 'fe80:0:0:0:8ee:14b5:7377:44cf%en0', os.name: 'Mac OS X', os.arch: 'x86_64', os.version: '10.13.6', java.version: '1.8.0_181'
Driver info: com.kms.katalon.selenium.driver.CChromeDriver
Capabilities {acceptInsecureCerts: false, acceptSslCerts: false, applicationCacheEnabled: false, browserConnectionEnabled: false, browserName: chrome, chrome: {chromedriverVersion: 2.43.600229 (3fae4d0cda5334..., userDataDir: /var/folders/1t/c55l8xzs6gq...}, cssSelectorsEnabled: true, databaseEnabled: false, goog:chromeOptions: {debuggerAddress: localhost:53032}, handlesAlerts: true, hasTouchScreen: false, javascriptEnabled: true, locationContextEnabled: true, mobileEmulationEnabled: false, nativeEvents: true, networkConnectionEnabled: false, pageLoadStrategy: normal, platform: MAC, platformName: MAC, rotatable: false, setWindowRect: true, takesHeapSnapshot: true, takesScreenshot: true, unexpectedAlertBehaviour: , unhandledPromptBehavior: , version: 75.0.3770.80, webStorageEnabled: true}
Session ID: 182e5debe664197267eb82efe2f13b97)
	at com.kms.katalon.core.keyword.internal.KeywordMain.stepFailed(KeywordMain.groovy:36)
	at com.kms.katalon.core.webui.keyword.internal.WebUIKeywordMain.stepFailed(WebUIKeywordMain.groovy:65)
	at com.kms.katalon.core.webui.keyword.internal.WebUIKeywordMain.runKeyword(WebUIKeywordMain.groovy:27)
	at com.kms.katalon.core.webui.keyword.builtin.ClickKeyword.click(ClickKeyword.groovy:86)
	at com.kms.katalon.core.webui.keyword.builtin.ClickKeyword.execute(ClickKeyword.groovy:67)
	at com.kms.katalon.core.keyword.internal.KeywordExecutor.executeKeywordForPlatform(KeywordExecutor.groovy:53)
	at com.kms.katalon.core.webui.keyword.WebUiBuiltInKeywords.click(WebUiBuiltInKeywords.groovy:616)
	at com.kms.katalon.core.webui.keyword.WebUiBuiltInKeywords$click$4.call(Unknown Source)
	at What to consider.run(What to consider:24)
	at com.kms.katalon.core.main.ScriptEngine.run(ScriptEngine.java:194)
	at com.kms.katalon.core.main.ScriptEngine.runScriptAsRawText(ScriptEngine.java:119)
	at com.kms.katalon.core.main.TestCaseExecutor.runScript(TestCaseExecutor.java:328)
	at com.kms.katalon.core.main.TestCaseExecutor.doExecute(TestCaseExecutor.java:319)
	at com.kms.katalon.core.main.TestCaseExecutor.processExecutionPhase(TestCaseExecutor.java:298)
	at com.kms.katalon.core.main.TestCaseExecutor.accessMainPhase(TestCaseExecutor.java:290)
	at com.kms.katalon.core.main.TestCaseExecutor.execute(TestCaseExecutor.java:224)
	at com.kms.katalon.core.main.TestSuiteExecutor.accessTestCaseMainPhase(TestSuiteExecutor.java:129)
	at com.kms.katalon.core.main.TestSuiteExecutor.accessTestSuiteMainPhase(TestSuiteExecutor.java:112)
	at com.kms.katalon.core.main.TestSuiteExecutor.execute(TestSuiteExecutor.java:81)
	at com.kms.katalon.core.main.TestCaseMain.startTestSuite(TestCaseMain.java:149)
	at com.kms.katalon.core.main.TestCaseMain$startTestSuite$0.call(Unknown Source)
	at TempTestSuite1559927775427.run(TempTestSuite1559927775427.groovy:36)


2019-06-07 13:53:15 - [MESSAGE][FAILED] - Unable to click on object 'Object Repository/OCS-DESKTOP/Age gate and Mega menu/Chevron_Cannabis' (Root cause: org.openqa.selenium.ElementNotVisibleException: element not interactable
  (Session info: chrome=75.0.3770.80)
  (Driver info: chromedriver=2.43.600229 (3fae4d0cda5334b4f533bede5a4787f7b832d052),platform=Mac OS X 10.13.6 x86_64) (WARNING: The server did not provide any stacktrace information)
Command duration or timeout: 0 milliseconds
Build info: version: '3.7.1', revision: '8a0099a', time: '2017-11-06T21:07:36.161Z'
System info: host: 'sumans-MacBook-Pro.local', ip: 'fe80:0:0:0:8ee:14b5:7377:44cf%en0', os.name: 'Mac OS X', os.arch: 'x86_64', os.version: '10.13.6', java.version: '1.8.0_181'
Driver info: com.kms.katalon.selenium.driver.CChromeDriver
Capabilities {acceptInsecureCerts: false, acceptSslCerts: false, applicationCacheEnabled: false, browserConnectionEnabled: false, browserName: chrome, chrome: {chromedriverVersion: 2.43.600229 (3fae4d0cda5334..., userDataDir: /var/folders/1t/c55l8xzs6gq...}, cssSelectorsEnabled: true, databaseEnabled: false, goog:chromeOptions: {debuggerAddress: localhost:53032}, handlesAlerts: true, hasTouchScreen: false, javascriptEnabled: true, locationContextEnabled: true, mobileEmulationEnabled: false, nativeEvents: true, networkConnectionEnabled: false, pageLoadStrategy: normal, platform: MAC, platformName: MAC, rotatable: false, setWindowRect: true, takesHeapSnapshot: true, takesScreenshot: true, unexpectedAlertBehaviour: , unhandledPromptBehavior: , version: 75.0.3770.80, webStorageEnabled: true}
Session ID: 182e5debe664197267eb82efe2f13b97)
[[ATTACHMENT|/Users/sumankompelly/Relative xpath-Desktop/Reports/OCS- 1.9.2.1/20190607_131615/1559929994910.png]]

2019-06-07 13:53:15 - [MESSAGE][FAILED] - click(findTestObject("OCS-DESKTOP/Age gate and Mega menu/Chevron_Cannabis")) FAILED.
Reason:
com.kms.katalon.core.exception.StepFailedException: Unable to click on object 'Object Repository/OCS-DESKTOP/Age gate and Mega menu/Chevron_Cannabis' (Root cause: org.openqa.selenium.ElementNotVisibleException: element not interactable
  (Session info: chrome=75.0.3770.80)
  (Driver info: chromedriver=2.43.600229 (3fae4d0cda5334b4f533bede5a4787f7b832d052),platform=Mac OS X 10.13.6 x86_64) (WARNING: The server did not provide any stacktrace information)
Command duration or timeout: 0 milliseconds
Build info: version: '3.7.1', revision: '8a0099a', time: '2017-11-06T21:07:36.161Z'
System info: host: 'sumans-MacBook-Pro.local', ip: 'fe80:0:0:0:8ee:14b5:7377:44cf%en0', os.name: 'Mac OS X', os.arch: 'x86_64', os.version: '10.13.6', java.version: '1.8.0_181'
Driver info: com.kms.katalon.selenium.driver.CChromeDriver
Capabilities {acceptInsecureCerts: false, acceptSslCerts: false, applicationCacheEnabled: false, browserConnectionEnabled: false, browserName: chrome, chrome: {chromedriverVersion: 2.43.600229 (3fae4d0cda5334..., userDataDir: /var/folders/1t/c55l8xzs6gq...}, cssSelectorsEnabled: true, databaseEnabled: false, goog:chromeOptions: {debuggerAddress: localhost:53032}, handlesAlerts: true, hasTouchScreen: false, javascriptEnabled: true, locationContextEnabled: true, mobileEmulationEnabled: false, nativeEvents: true, networkConnectionEnabled: false, pageLoadStrategy: normal, platform: MAC, platformName: MAC, rotatable: false, setWindowRect: true, takesHeapSnapshot: true, takesScreenshot: true, unexpectedAlertBehaviour: , unhandledPromptBehavior: , version: 75.0.3770.80, webStorageEnabled: true}
Session ID: 182e5debe664197267eb82efe2f13b97)
	at com.kms.katalon.core.keyword.internal.KeywordMain.stepFailed(KeywordMain.groovy:36)
	at com.kms.katalon.core.webui.keyword.internal.WebUIKeywordMain.stepFailed(WebUIKeywordMain.groovy:65)
	at com.kms.katalon.core.webui.keyword.internal.WebUIKeywordMain.runKeyword(WebUIKeywordMain.groovy:27)
	at com.kms.katalon.core.webui.keyword.builtin.ClickKeyword.click(ClickKeyword.groovy:86)
	at com.kms.katalon.core.webui.keyword.builtin.ClickKeyword.execute(ClickKeyword.groovy:67)
	at com.kms.katalon.core.keyword.internal.KeywordExecutor.executeKeywordForPlatform(KeywordExecutor.groovy:53)
	at com.kms.katalon.core.webui.keyword.WebUiBuiltInKeywords.click(WebUiBuiltInKeywords.groovy:616)
	at com.kms.katalon.core.webui.keyword.WebUiBuiltInKeywords$click$4.call(Unknown Source)
	at What to consider.run(What to consider:24)
	at com.kms.katalon.core.main.ScriptEngine.run(ScriptEngine.java:194)
	at com.kms.katalon.core.main.ScriptEngine.runScriptAsRawText(ScriptEngine.java:119)
	at com.kms.katalon.core.main.TestCaseExecutor.runScript(TestCaseExecutor.java:328)
	at com.kms.katalon.core.main.TestCaseExecutor.doExecute(TestCaseExecutor.java:319)
	at com.kms.katalon.core.main.TestCaseExecutor.processExecutionPhase(TestCaseExecutor.java:298)
	at com.kms.katalon.core.main.TestCaseExecutor.accessMainPhase(TestCaseExecutor.java:290)
	at com.kms.katalon.core.main.TestCaseExecutor.execute(TestCaseExecutor.java:224)
	at com.kms.katalon.core.main.TestSuiteExecutor.accessTestCaseMainPhase(TestSuiteExecutor.java:129)
	at com.kms.katalon.core.main.TestSuiteExecutor.accessTestSuiteMainPhase(TestSuiteExecutor.java:112)
	at com.kms.katalon.core.main.TestSuiteExecutor.execute(TestSuiteExecutor.java:81)
	at com.kms.katalon.core.main.TestCaseMain.startTestSuite(TestCaseMain.java:149)
	at com.kms.katalon.core.main.TestCaseMain$startTestSuite$0.call(Unknown Source)
	at TempTestSuite1559927775427.run(TempTestSuite1559927775427.groovy:36)]]></system-out>
         <system-err><![CDATA[2019-06-07 13:52:57 - [TEST_CASE][FAILED] - Test Cases/OCS - DESKTOP/OCS-COLLECTION PAGE/What to consider: Test Cases/OCS - DESKTOP/OCS-COLLECTION PAGE/What to consider FAILED.
Reason:
com.kms.katalon.core.exception.StepFailedException: Unable to click on object 'Object Repository/OCS-DESKTOP/Age gate and Mega menu/Chevron_Cannabis' (Root cause: org.openqa.selenium.ElementNotVisibleException: element not interactable
  (Session info: chrome=75.0.3770.80)
  (Driver info: chromedriver=2.43.600229 (3fae4d0cda5334b4f533bede5a4787f7b832d052),platform=Mac OS X 10.13.6 x86_64) (WARNING: The server did not provide any stacktrace information)
Command duration or timeout: 0 milliseconds
Build info: version: '3.7.1', revision: '8a0099a', time: '2017-11-06T21:07:36.161Z'
System info: host: 'sumans-MacBook-Pro.local', ip: 'fe80:0:0:0:8ee:14b5:7377:44cf%en0', os.name: 'Mac OS X', os.arch: 'x86_64', os.version: '10.13.6', java.version: '1.8.0_181'
Driver info: com.kms.katalon.selenium.driver.CChromeDriver
Capabilities {acceptInsecureCerts: false, acceptSslCerts: false, applicationCacheEnabled: false, browserConnectionEnabled: false, browserName: chrome, chrome: {chromedriverVersion: 2.43.600229 (3fae4d0cda5334..., userDataDir: /var/folders/1t/c55l8xzs6gq...}, cssSelectorsEnabled: true, databaseEnabled: false, goog:chromeOptions: {debuggerAddress: localhost:53032}, handlesAlerts: true, hasTouchScreen: false, javascriptEnabled: true, locationContextEnabled: true, mobileEmulationEnabled: false, nativeEvents: true, networkConnectionEnabled: false, pageLoadStrategy: normal, platform: MAC, platformName: MAC, rotatable: false, setWindowRect: true, takesHeapSnapshot: true, takesScreenshot: true, unexpectedAlertBehaviour: , unhandledPromptBehavior: , version: 75.0.3770.80, webStorageEnabled: true}
Session ID: 182e5debe664197267eb82efe2f13b97)
	at com.kms.katalon.core.keyword.internal.KeywordMain.stepFailed(KeywordMain.groovy:36)
	at com.kms.katalon.core.webui.keyword.internal.WebUIKeywordMain.stepFailed(WebUIKeywordMain.groovy:65)
	at com.kms.katalon.core.webui.keyword.internal.WebUIKeywordMain.runKeyword(WebUIKeywordMain.groovy:27)
	at com.kms.katalon.core.webui.keyword.builtin.ClickKeyword.click(ClickKeyword.groovy:86)
	at com.kms.katalon.core.webui.keyword.builtin.ClickKeyword.execute(ClickKeyword.groovy:67)
	at com.kms.katalon.core.keyword.internal.KeywordExecutor.executeKeywordForPlatform(KeywordExecutor.groovy:53)
	at com.kms.katalon.core.webui.keyword.WebUiBuiltInKeywords.click(WebUiBuiltInKeywords.groovy:616)
	at com.kms.katalon.core.webui.keyword.WebUiBuiltInKeywords$click$4.call(Unknown Source)
	at What to consider.run(What to consider:24)
	at com.kms.katalon.core.main.ScriptEngine.run(ScriptEngine.java:194)
	at com.kms.katalon.core.main.ScriptEngine.runScriptAsRawText(ScriptEngine.java:119)
	at com.kms.katalon.core.main.TestCaseExecutor.runScript(TestCaseExecutor.java:328)
	at com.kms.katalon.core.main.TestCaseExecutor.doExecute(TestCaseExecutor.java:319)
	at com.kms.katalon.core.main.TestCaseExecutor.processExecutionPhase(TestCaseExecutor.java:298)
	at com.kms.katalon.core.main.TestCaseExecutor.accessMainPhase(TestCaseExecutor.java:290)
	at com.kms.katalon.core.main.TestCaseExecutor.execute(TestCaseExecutor.java:224)
	at com.kms.katalon.core.main.TestSuiteExecutor.accessTestCaseMainPhase(TestSuiteExecutor.java:129)
	at com.kms.katalon.core.main.TestSuiteExecutor.accessTestSuiteMainPhase(TestSuiteExecutor.java:112)
	at com.kms.katalon.core.main.TestSuiteExecutor.execute(TestSuiteExecutor.java:81)
	at com.kms.katalon.core.main.TestCaseMain.startTestSuite(TestCaseMain.java:149)
	at com.kms.katalon.core.main.TestCaseMain$startTestSuite$0.call(Unknown Source)
	at TempTestSuite1559927775427.run(TempTestSuite1559927775427.groovy:36)]]></system-err>
      </testcase>
      <testcase name="Test Cases/OCS - DESKTOP/OCS-COLLECTION PAGE/Filter" classname="Test Cases/OCS - DESKTOP/OCS-COLLECTION PAGE/Filter" status="FAILED">
         <failure type="FAILED" message="Test Cases/OCS - DESKTOP/OCS-COLLECTION PAGE/Filter FAILED.
Reason:
com.kms.katalon.core.exception.StepFailedException: Unable to click on object 'Object Repository/OCS-DESKTOP/Age gate and Mega menu/Chevron_Cannabis' (Root cause: org.openqa.selenium.ElementNotVisibleException: element not interactable
  (Session info: chrome=75.0.3770.80)
  (Driver info: chromedriver=2.43.600229 (3fae4d0cda5334b4f533bede5a4787f7b832d052),platform=Mac OS X 10.13.6 x86_64) (WARNING: The server did not provide any stacktrace information)
Command duration or timeout: 0 milliseconds
Build info: version: '3.7.1', revision: '8a0099a', time: '2017-11-06T21:07:36.161Z'
System info: host: 'sumans-MacBook-Pro.local', ip: 'fe80:0:0:0:8ee:14b5:7377:44cf%en0', os.name: 'Mac OS X', os.arch: 'x86_64', os.version: '10.13.6', java.version: '1.8.0_181'
Driver info: com.kms.katalon.selenium.driver.CChromeDriver
Capabilities {acceptInsecureCerts: false, acceptSslCerts: false, applicationCacheEnabled: false, browserConnectionEnabled: false, browserName: chrome, chrome: {chromedriverVersion: 2.43.600229 (3fae4d0cda5334..., userDataDir: /var/folders/1t/c55l8xzs6gq...}, cssSelectorsEnabled: true, databaseEnabled: false, goog:chromeOptions: {debuggerAddress: localhost:53143}, handlesAlerts: true, hasTouchScreen: false, javascriptEnabled: true, locationContextEnabled: true, mobileEmulationEnabled: false, nativeEvents: true, networkConnectionEnabled: false, pageLoadStrategy: normal, platform: MAC, platformName: MAC, rotatable: false, setWindowRect: true, takesHeapSnapshot: true, takesScreenshot: true, unexpectedAlertBehaviour: , unhandledPromptBehavior: , version: 75.0.3770.80, webStorageEnabled: true}
Session ID: 548d67e5b71170d92429c3144043fea7)
	at com.kms.katalon.core.keyword.internal.KeywordMain.stepFailed(KeywordMain.groovy:36)
	at com.kms.katalon.core.webui.keyword.internal.WebUIKeywordMain.stepFailed(WebUIKeywordMain.groovy:65)
	at com.kms.katalon.core.webui.keyword.internal.WebUIKeywordMain.runKeyword(WebUIKeywordMain.groovy:27)
	at com.kms.katalon.core.webui.keyword.builtin.ClickKeyword.click(ClickKeyword.groovy:86)
	at com.kms.katalon.core.webui.keyword.builtin.ClickKeyword.execute(ClickKeyword.groovy:67)
	at com.kms.katalon.core.keyword.internal.KeywordExecutor.executeKeywordForPlatform(KeywordExecutor.groovy:53)
	at com.kms.katalon.core.webui.keyword.WebUiBuiltInKeywords.click(WebUiBuiltInKeywords.groovy:616)
	at com.kms.katalon.core.webui.keyword.WebUiBuiltInKeywords$click$4.call(Unknown Source)
	at Filter.run(Filter:22)
	at com.kms.katalon.core.main.ScriptEngine.run(ScriptEngine.java:194)
	at com.kms.katalon.core.main.ScriptEngine.runScriptAsRawText(ScriptEngine.java:119)
	at com.kms.katalon.core.main.TestCaseExecutor.runScript(TestCaseExecutor.java:328)
	at com.kms.katalon.core.main.TestCaseExecutor.doExecute(TestCaseExecutor.java:319)
	at com.kms.katalon.core.main.TestCaseExecutor.processExecutionPhase(TestCaseExecutor.java:298)
	at com.kms.katalon.core.main.TestCaseExecutor.accessMainPhase(TestCaseExecutor.java:290)
	at com.kms.katalon.core.main.TestCaseExecutor.execute(TestCaseExecutor.java:224)
	at com.kms.katalon.core.main.TestSuiteExecutor.accessTestCaseMainPhase(TestSuiteExecutor.java:129)
	at com.kms.katalon.core.main.TestSuiteExecutor.accessTestSuiteMainPhase(TestSuiteExecutor.java:112)
	at com.kms.katalon.core.main.TestSuiteExecutor.execute(TestSuiteExecutor.java:81)
	at com.kms.katalon.core.main.TestCaseMain.startTestSuite(TestCaseMain.java:149)
	at com.kms.katalon.core.main.TestCaseMain$startTestSuite$0.call(Unknown Source)
	at TempTestSuite1559927775427.run(TempTestSuite1559927775427.groovy:36)
"/>
         <system-out><![CDATA[2019-06-07 13:53:15 - [TEST_CASE][FAILED] - Test Cases/OCS - DESKTOP/OCS-COLLECTION PAGE/Filter: Test Cases/OCS - DESKTOP/OCS-COLLECTION PAGE/Filter FAILED.
Reason:
com.kms.katalon.core.exception.StepFailedException: Unable to click on object 'Object Repository/OCS-DESKTOP/Age gate and Mega menu/Chevron_Cannabis' (Root cause: org.openqa.selenium.ElementNotVisibleException: element not interactable
  (Session info: chrome=75.0.3770.80)
  (Driver info: chromedriver=2.43.600229 (3fae4d0cda5334b4f533bede5a4787f7b832d052),platform=Mac OS X 10.13.6 x86_64) (WARNING: The server did not provide any stacktrace information)
Command duration or timeout: 0 milliseconds
Build info: version: '3.7.1', revision: '8a0099a', time: '2017-11-06T21:07:36.161Z'
System info: host: 'sumans-MacBook-Pro.local', ip: 'fe80:0:0:0:8ee:14b5:7377:44cf%en0', os.name: 'Mac OS X', os.arch: 'x86_64', os.version: '10.13.6', java.version: '1.8.0_181'
Driver info: com.kms.katalon.selenium.driver.CChromeDriver
Capabilities {acceptInsecureCerts: false, acceptSslCerts: false, applicationCacheEnabled: false, browserConnectionEnabled: false, browserName: chrome, chrome: {chromedriverVersion: 2.43.600229 (3fae4d0cda5334..., userDataDir: /var/folders/1t/c55l8xzs6gq...}, cssSelectorsEnabled: true, databaseEnabled: false, goog:chromeOptions: {debuggerAddress: localhost:53143}, handlesAlerts: true, hasTouchScreen: false, javascriptEnabled: true, locationContextEnabled: true, mobileEmulationEnabled: false, nativeEvents: true, networkConnectionEnabled: false, pageLoadStrategy: normal, platform: MAC, platformName: MAC, rotatable: false, setWindowRect: true, takesHeapSnapshot: true, takesScreenshot: true, unexpectedAlertBehaviour: , unhandledPromptBehavior: , version: 75.0.3770.80, webStorageEnabled: true}
Session ID: 548d67e5b71170d92429c3144043fea7)
	at com.kms.katalon.core.keyword.internal.KeywordMain.stepFailed(KeywordMain.groovy:36)
	at com.kms.katalon.core.webui.keyword.internal.WebUIKeywordMain.stepFailed(WebUIKeywordMain.groovy:65)
	at com.kms.katalon.core.webui.keyword.internal.WebUIKeywordMain.runKeyword(WebUIKeywordMain.groovy:27)
	at com.kms.katalon.core.webui.keyword.builtin.ClickKeyword.click(ClickKeyword.groovy:86)
	at com.kms.katalon.core.webui.keyword.builtin.ClickKeyword.execute(ClickKeyword.groovy:67)
	at com.kms.katalon.core.keyword.internal.KeywordExecutor.executeKeywordForPlatform(KeywordExecutor.groovy:53)
	at com.kms.katalon.core.webui.keyword.WebUiBuiltInKeywords.click(WebUiBuiltInKeywords.groovy:616)
	at com.kms.katalon.core.webui.keyword.WebUiBuiltInKeywords$click$4.call(Unknown Source)
	at Filter.run(Filter:22)
	at com.kms.katalon.core.main.ScriptEngine.run(ScriptEngine.java:194)
	at com.kms.katalon.core.main.ScriptEngine.runScriptAsRawText(ScriptEngine.java:119)
	at com.kms.katalon.core.main.TestCaseExecutor.runScript(TestCaseExecutor.java:328)
	at com.kms.katalon.core.main.TestCaseExecutor.doExecute(TestCaseExecutor.java:319)
	at com.kms.katalon.core.main.TestCaseExecutor.processExecutionPhase(TestCaseExecutor.java:298)
	at com.kms.katalon.core.main.TestCaseExecutor.accessMainPhase(TestCaseExecutor.java:290)
	at com.kms.katalon.core.main.TestCaseExecutor.execute(TestCaseExecutor.java:224)
	at com.kms.katalon.core.main.TestSuiteExecutor.accessTestCaseMainPhase(TestSuiteExecutor.java:129)
	at com.kms.katalon.core.main.TestSuiteExecutor.accessTestSuiteMainPhase(TestSuiteExecutor.java:112)
	at com.kms.katalon.core.main.TestSuiteExecutor.execute(TestSuiteExecutor.java:81)
	at com.kms.katalon.core.main.TestCaseMain.startTestSuite(TestCaseMain.java:149)
	at com.kms.katalon.core.main.TestCaseMain$startTestSuite$0.call(Unknown Source)
	at TempTestSuite1559927775427.run(TempTestSuite1559927775427.groovy:36)


2019-06-07 13:53:15 - [TEST_STEP][PASSED] - callTestCase(findTestCase("OCS - DESKTOP/CALL- Age gate"), [:], STOP_ON_FAILURE): Call Test Case 'Test Cases/OCS - DESKTOP/CALL- Age gate' successfully

2019-06-07 13:53:15 - [TEST_CASE][PASSED] - Test Cases/OCS - DESKTOP/CALL- Age gate: Test Cases/OCS - DESKTOP/CALL- Age gate

2019-06-07 13:53:15 - [TEST_STEP][PASSED] - openBrowser(""): Browser is opened with url: ''

2019-06-07 13:53:15 - [MESSAGE][WARNING] - A browser is already opened. Closing browser and opening a new one

2019-06-07 13:53:15 - [MESSAGE][INFO] - Starting 'Chrome' driver

2019-06-07 13:53:17 - [MESSAGE][PASSED] - Browser is opened with url: ''

2019-06-07 13:53:17 - [TEST_STEP][PASSED] - navigateToUrl("https://ocs.ca/?fts=0&preview_theme_id=72920074060"): Navigate to 'https://ocs.ca/?fts=0&preview_theme_id=72920074060' successfully

2019-06-07 13:53:23 - [MESSAGE][PASSED] - Navigate to 'https://ocs.ca/?fts=0&preview_theme_id=72920074060' successfully

2019-06-07 13:53:23 - [TEST_STEP][PASSED] - maximizeWindow(): Current window maximized

2019-06-07 13:53:23 - [MESSAGE][PASSED] - Current window maximized

2019-06-07 13:53:23 - [TEST_STEP][PASSED] - delay(2): Delayed 2 second(s)

2019-06-07 13:53:25 - [MESSAGE][PASSED] - Delayed 2 second(s)

2019-06-07 13:53:25 - [TEST_STEP][PASSED] - executeJavaScript("var previewBar = document.getElementById("preview-bar-iframe"); previewBar.style.display = "none";", []): Execute JavaScript 'var previewBar = document.getElementById("preview-bar-iframe"); previewBar.style.display = "none";' successfully

2019-06-07 13:53:25 - [MESSAGE][PASSED] - Execute JavaScript 'var previewBar = document.getElementById("preview-bar-iframe"); previewBar.style.display = "none";' successfully

2019-06-07 13:53:25 - [TEST_STEP][PASSED] - selectOptionByValue(findTestObject("OCS-DESKTOP/Age gate and Mega menu/Date"), "12", true): All options with value '12' are selected in object 'Object Repository/OCS-DESKTOP/Age gate and Mega menu/Date'  using regular expression

2019-06-07 13:53:25 - [MESSAGE][PASSED] - All options with value '12' are selected in object 'Object Repository/OCS-DESKTOP/Age gate and Mega menu/Date'  using regular expression

2019-06-07 13:53:25 - [TEST_STEP][PASSED] - selectOptionByValue(findTestObject("OCS-DESKTOP/Age gate and Mega menu/month"), "6", true): All options with value '6' are selected in object 'Object Repository/OCS-DESKTOP/Age gate and Mega menu/month'  using regular expression

2019-06-07 13:53:26 - [MESSAGE][PASSED] - All options with value '6' are selected in object 'Object Repository/OCS-DESKTOP/Age gate and Mega menu/month'  using regular expression

2019-06-07 13:53:26 - [TEST_STEP][PASSED] - delay(2): Delayed 2 second(s)

2019-06-07 13:53:28 - [MESSAGE][PASSED] - Delayed 2 second(s)

2019-06-07 13:53:28 - [TEST_STEP][PASSED] - selectOptionByValue(findTestObject("OCS-DESKTOP/Age gate and Mega menu/Year Dropdown"), "1990", true): All options with value '1990' are selected in object 'Object Repository/OCS-DESKTOP/Age gate and Mega menu/Year Dropdown'  using regular expression

2019-06-07 13:53:29 - [MESSAGE][PASSED] - All options with value '1990' are selected in object 'Object Repository/OCS-DESKTOP/Age gate and Mega menu/Year Dropdown'  using regular expression

2019-06-07 13:53:29 - [TEST_STEP][PASSED] - click(findTestObject("OCS-DESKTOP/Age gate and Mega menu/button_Verify")): Object: 'Object Repository/OCS-DESKTOP/Age gate and Mega menu/button_Verify' is clicked on

2019-06-07 13:53:29 - [MESSAGE][PASSED] - Object: 'Object Repository/OCS-DESKTOP/Age gate and Mega menu/button_Verify' is clicked on

2019-06-07 13:53:29 - [TEST_STEP][PASSED] - click(findTestObject("OCS-DESKTOP/Age gate and Mega menu/Checkbox_CONFIRM AND ACKNOWLEDGE")): Object: 'Object Repository/OCS-DESKTOP/Age gate and Mega menu/Checkbox_CONFIRM AND ACKNOWLEDGE' is clicked on

2019-06-07 13:53:29 - [MESSAGE][PASSED] - Object: 'Object Repository/OCS-DESKTOP/Age gate and Mega menu/Checkbox_CONFIRM AND ACKNOWLEDGE' is clicked on

2019-06-07 13:53:29 - [TEST_STEP][PASSED] - click(findTestObject("OCS-DESKTOP/Age gate and Mega menu/button_CONFIRM")): Object: 'Object Repository/OCS-DESKTOP/Age gate and Mega menu/button_CONFIRM' is clicked on

2019-06-07 13:53:29 - [MESSAGE][PASSED] - Object: 'Object Repository/OCS-DESKTOP/Age gate and Mega menu/button_CONFIRM' is clicked on

2019-06-07 13:53:29 - [TEST_STEP][PASSED] - click(findTestObject("OCS-DESKTOP/Age gate and Mega menu/button_Start Browsing")): Object: 'Object Repository/OCS-DESKTOP/Age gate and Mega menu/button_Start Browsing' is clicked on

2019-06-07 13:53:29 - [MESSAGE][PASSED] - Object: 'Object Repository/OCS-DESKTOP/Age gate and Mega menu/button_Start Browsing' is clicked on

2019-06-07 13:53:29 - [TEST_STEP][PASSED] - delay(2): Delayed 2 second(s)

2019-06-07 13:53:31 - [MESSAGE][PASSED] - Delayed 2 second(s)

2019-06-07 13:53:31 - [TEST_STEP][PASSED] - refresh(): Refresh successfully

2019-06-07 13:53:31 - [MESSAGE][PASSED] - Refresh successfully

2019-06-07 13:53:31 - [MESSAGE][PASSED] - Call Test Case 'Test Cases/OCS - DESKTOP/CALL- Age gate' successfully

2019-06-07 13:53:31 - [TEST_STEP][NOT_RUN] - click(findTestObject("OCS-MOBILE /Age gate and burger menu/Burger menu - English")): NOT_RUN: click(findTestObject("OCS-MOBILE /Age gate and burger menu/Burger menu - English"))

2019-06-07 13:53:31 - [MESSAGE][NOT_RUN] - NOT_RUN: click(findTestObject("OCS-MOBILE /Age gate and burger menu/Burger menu - English"))

2019-06-07 13:53:31 - [TEST_STEP][PASSED] - delay(2): Delayed 2 second(s)

2019-06-07 13:53:33 - [MESSAGE][PASSED] - Delayed 2 second(s)

2019-06-07 13:53:33 - [TEST_STEP][FAILED] - click(findTestObject("OCS-DESKTOP/Age gate and Mega menu/Chevron_Cannabis")): click(findTestObject("OCS-DESKTOP/Age gate and Mega menu/Chevron_Cannabis")) FAILED.
Reason:
com.kms.katalon.core.exception.StepFailedException: Unable to click on object 'Object Repository/OCS-DESKTOP/Age gate and Mega menu/Chevron_Cannabis' (Root cause: org.openqa.selenium.ElementNotVisibleException: element not interactable
  (Session info: chrome=75.0.3770.80)
  (Driver info: chromedriver=2.43.600229 (3fae4d0cda5334b4f533bede5a4787f7b832d052),platform=Mac OS X 10.13.6 x86_64) (WARNING: The server did not provide any stacktrace information)
Command duration or timeout: 0 milliseconds
Build info: version: '3.7.1', revision: '8a0099a', time: '2017-11-06T21:07:36.161Z'
System info: host: 'sumans-MacBook-Pro.local', ip: 'fe80:0:0:0:8ee:14b5:7377:44cf%en0', os.name: 'Mac OS X', os.arch: 'x86_64', os.version: '10.13.6', java.version: '1.8.0_181'
Driver info: com.kms.katalon.selenium.driver.CChromeDriver
Capabilities {acceptInsecureCerts: false, acceptSslCerts: false, applicationCacheEnabled: false, browserConnectionEnabled: false, browserName: chrome, chrome: {chromedriverVersion: 2.43.600229 (3fae4d0cda5334..., userDataDir: /var/folders/1t/c55l8xzs6gq...}, cssSelectorsEnabled: true, databaseEnabled: false, goog:chromeOptions: {debuggerAddress: localhost:53143}, handlesAlerts: true, hasTouchScreen: false, javascriptEnabled: true, locationContextEnabled: true, mobileEmulationEnabled: false, nativeEvents: true, networkConnectionEnabled: false, pageLoadStrategy: normal, platform: MAC, platformName: MAC, rotatable: false, setWindowRect: true, takesHeapSnapshot: true, takesScreenshot: true, unexpectedAlertBehaviour: , unhandledPromptBehavior: , version: 75.0.3770.80, webStorageEnabled: true}
Session ID: 548d67e5b71170d92429c3144043fea7)
	at com.kms.katalon.core.keyword.internal.KeywordMain.stepFailed(KeywordMain.groovy:36)
	at com.kms.katalon.core.webui.keyword.internal.WebUIKeywordMain.stepFailed(WebUIKeywordMain.groovy:65)
	at com.kms.katalon.core.webui.keyword.internal.WebUIKeywordMain.runKeyword(WebUIKeywordMain.groovy:27)
	at com.kms.katalon.core.webui.keyword.builtin.ClickKeyword.click(ClickKeyword.groovy:86)
	at com.kms.katalon.core.webui.keyword.builtin.ClickKeyword.execute(ClickKeyword.groovy:67)
	at com.kms.katalon.core.keyword.internal.KeywordExecutor.executeKeywordForPlatform(KeywordExecutor.groovy:53)
	at com.kms.katalon.core.webui.keyword.WebUiBuiltInKeywords.click(WebUiBuiltInKeywords.groovy:616)
	at com.kms.katalon.core.webui.keyword.WebUiBuiltInKeywords$click$4.call(Unknown Source)
	at Filter.run(Filter:22)
	at com.kms.katalon.core.main.ScriptEngine.run(ScriptEngine.java:194)
	at com.kms.katalon.core.main.ScriptEngine.runScriptAsRawText(ScriptEngine.java:119)
	at com.kms.katalon.core.main.TestCaseExecutor.runScript(TestCaseExecutor.java:328)
	at com.kms.katalon.core.main.TestCaseExecutor.doExecute(TestCaseExecutor.java:319)
	at com.kms.katalon.core.main.TestCaseExecutor.processExecutionPhase(TestCaseExecutor.java:298)
	at com.kms.katalon.core.main.TestCaseExecutor.accessMainPhase(TestCaseExecutor.java:290)
	at com.kms.katalon.core.main.TestCaseExecutor.execute(TestCaseExecutor.java:224)
	at com.kms.katalon.core.main.TestSuiteExecutor.accessTestCaseMainPhase(TestSuiteExecutor.java:129)
	at com.kms.katalon.core.main.TestSuiteExecutor.accessTestSuiteMainPhase(TestSuiteExecutor.java:112)
	at com.kms.katalon.core.main.TestSuiteExecutor.execute(TestSuiteExecutor.java:81)
	at com.kms.katalon.core.main.TestCaseMain.startTestSuite(TestCaseMain.java:149)
	at com.kms.katalon.core.main.TestCaseMain$startTestSuite$0.call(Unknown Source)
	at TempTestSuite1559927775427.run(TempTestSuite1559927775427.groovy:36)


2019-06-07 13:53:35 - [MESSAGE][FAILED] - Unable to click on object 'Object Repository/OCS-DESKTOP/Age gate and Mega menu/Chevron_Cannabis' (Root cause: org.openqa.selenium.ElementNotVisibleException: element not interactable
  (Session info: chrome=75.0.3770.80)
  (Driver info: chromedriver=2.43.600229 (3fae4d0cda5334b4f533bede5a4787f7b832d052),platform=Mac OS X 10.13.6 x86_64) (WARNING: The server did not provide any stacktrace information)
Command duration or timeout: 0 milliseconds
Build info: version: '3.7.1', revision: '8a0099a', time: '2017-11-06T21:07:36.161Z'
System info: host: 'sumans-MacBook-Pro.local', ip: 'fe80:0:0:0:8ee:14b5:7377:44cf%en0', os.name: 'Mac OS X', os.arch: 'x86_64', os.version: '10.13.6', java.version: '1.8.0_181'
Driver info: com.kms.katalon.selenium.driver.CChromeDriver
Capabilities {acceptInsecureCerts: false, acceptSslCerts: false, applicationCacheEnabled: false, browserConnectionEnabled: false, browserName: chrome, chrome: {chromedriverVersion: 2.43.600229 (3fae4d0cda5334..., userDataDir: /var/folders/1t/c55l8xzs6gq...}, cssSelectorsEnabled: true, databaseEnabled: false, goog:chromeOptions: {debuggerAddress: localhost:53143}, handlesAlerts: true, hasTouchScreen: false, javascriptEnabled: true, locationContextEnabled: true, mobileEmulationEnabled: false, nativeEvents: true, networkConnectionEnabled: false, pageLoadStrategy: normal, platform: MAC, platformName: MAC, rotatable: false, setWindowRect: true, takesHeapSnapshot: true, takesScreenshot: true, unexpectedAlertBehaviour: , unhandledPromptBehavior: , version: 75.0.3770.80, webStorageEnabled: true}
Session ID: 548d67e5b71170d92429c3144043fea7)
[[ATTACHMENT|/Users/sumankompelly/Relative xpath-Desktop/Reports/OCS- 1.9.2.1/20190607_131615/1559930014857.png]]

2019-06-07 13:53:35 - [MESSAGE][FAILED] - click(findTestObject("OCS-DESKTOP/Age gate and Mega menu/Chevron_Cannabis")) FAILED.
Reason:
com.kms.katalon.core.exception.StepFailedException: Unable to click on object 'Object Repository/OCS-DESKTOP/Age gate and Mega menu/Chevron_Cannabis' (Root cause: org.openqa.selenium.ElementNotVisibleException: element not interactable
  (Session info: chrome=75.0.3770.80)
  (Driver info: chromedriver=2.43.600229 (3fae4d0cda5334b4f533bede5a4787f7b832d052),platform=Mac OS X 10.13.6 x86_64) (WARNING: The server did not provide any stacktrace information)
Command duration or timeout: 0 milliseconds
Build info: version: '3.7.1', revision: '8a0099a', time: '2017-11-06T21:07:36.161Z'
System info: host: 'sumans-MacBook-Pro.local', ip: 'fe80:0:0:0:8ee:14b5:7377:44cf%en0', os.name: 'Mac OS X', os.arch: 'x86_64', os.version: '10.13.6', java.version: '1.8.0_181'
Driver info: com.kms.katalon.selenium.driver.CChromeDriver
Capabilities {acceptInsecureCerts: false, acceptSslCerts: false, applicationCacheEnabled: false, browserConnectionEnabled: false, browserName: chrome, chrome: {chromedriverVersion: 2.43.600229 (3fae4d0cda5334..., userDataDir: /var/folders/1t/c55l8xzs6gq...}, cssSelectorsEnabled: true, databaseEnabled: false, goog:chromeOptions: {debuggerAddress: localhost:53143}, handlesAlerts: true, hasTouchScreen: false, javascriptEnabled: true, locationContextEnabled: true, mobileEmulationEnabled: false, nativeEvents: true, networkConnectionEnabled: false, pageLoadStrategy: normal, platform: MAC, platformName: MAC, rotatable: false, setWindowRect: true, takesHeapSnapshot: true, takesScreenshot: true, unexpectedAlertBehaviour: , unhandledPromptBehavior: , version: 75.0.3770.80, webStorageEnabled: true}
Session ID: 548d67e5b71170d92429c3144043fea7)
	at com.kms.katalon.core.keyword.internal.KeywordMain.stepFailed(KeywordMain.groovy:36)
	at com.kms.katalon.core.webui.keyword.internal.WebUIKeywordMain.stepFailed(WebUIKeywordMain.groovy:65)
	at com.kms.katalon.core.webui.keyword.internal.WebUIKeywordMain.runKeyword(WebUIKeywordMain.groovy:27)
	at com.kms.katalon.core.webui.keyword.builtin.ClickKeyword.click(ClickKeyword.groovy:86)
	at com.kms.katalon.core.webui.keyword.builtin.ClickKeyword.execute(ClickKeyword.groovy:67)
	at com.kms.katalon.core.keyword.internal.KeywordExecutor.executeKeywordForPlatform(KeywordExecutor.groovy:53)
	at com.kms.katalon.core.webui.keyword.WebUiBuiltInKeywords.click(WebUiBuiltInKeywords.groovy:616)
	at com.kms.katalon.core.webui.keyword.WebUiBuiltInKeywords$click$4.call(Unknown Source)
	at Filter.run(Filter:22)
	at com.kms.katalon.core.main.ScriptEngine.run(ScriptEngine.java:194)
	at com.kms.katalon.core.main.ScriptEngine.runScriptAsRawText(ScriptEngine.java:119)
	at com.kms.katalon.core.main.TestCaseExecutor.runScript(TestCaseExecutor.java:328)
	at com.kms.katalon.core.main.TestCaseExecutor.doExecute(TestCaseExecutor.java:319)
	at com.kms.katalon.core.main.TestCaseExecutor.processExecutionPhase(TestCaseExecutor.java:298)
	at com.kms.katalon.core.main.TestCaseExecutor.accessMainPhase(TestCaseExecutor.java:290)
	at com.kms.katalon.core.main.TestCaseExecutor.execute(TestCaseExecutor.java:224)
	at com.kms.katalon.core.main.TestSuiteExecutor.accessTestCaseMainPhase(TestSuiteExecutor.java:129)
	at com.kms.katalon.core.main.TestSuiteExecutor.accessTestSuiteMainPhase(TestSuiteExecutor.java:112)
	at com.kms.katalon.core.main.TestSuiteExecutor.execute(TestSuiteExecutor.java:81)
	at com.kms.katalon.core.main.TestCaseMain.startTestSuite(TestCaseMain.java:149)
	at com.kms.katalon.core.main.TestCaseMain$startTestSuite$0.call(Unknown Source)
	at TempTestSuite1559927775427.run(TempTestSuite1559927775427.groovy:36)]]></system-out>
         <system-err><![CDATA[2019-06-07 13:53:15 - [TEST_CASE][FAILED] - Test Cases/OCS - DESKTOP/OCS-COLLECTION PAGE/Filter: Test Cases/OCS - DESKTOP/OCS-COLLECTION PAGE/Filter FAILED.
Reason:
com.kms.katalon.core.exception.StepFailedException: Unable to click on object 'Object Repository/OCS-DESKTOP/Age gate and Mega menu/Chevron_Cannabis' (Root cause: org.openqa.selenium.ElementNotVisibleException: element not interactable
  (Session info: chrome=75.0.3770.80)
  (Driver info: chromedriver=2.43.600229 (3fae4d0cda5334b4f533bede5a4787f7b832d052),platform=Mac OS X 10.13.6 x86_64) (WARNING: The server did not provide any stacktrace information)
Command duration or timeout: 0 milliseconds
Build info: version: '3.7.1', revision: '8a0099a', time: '2017-11-06T21:07:36.161Z'
System info: host: 'sumans-MacBook-Pro.local', ip: 'fe80:0:0:0:8ee:14b5:7377:44cf%en0', os.name: 'Mac OS X', os.arch: 'x86_64', os.version: '10.13.6', java.version: '1.8.0_181'
Driver info: com.kms.katalon.selenium.driver.CChromeDriver
Capabilities {acceptInsecureCerts: false, acceptSslCerts: false, applicationCacheEnabled: false, browserConnectionEnabled: false, browserName: chrome, chrome: {chromedriverVersion: 2.43.600229 (3fae4d0cda5334..., userDataDir: /var/folders/1t/c55l8xzs6gq...}, cssSelectorsEnabled: true, databaseEnabled: false, goog:chromeOptions: {debuggerAddress: localhost:53143}, handlesAlerts: true, hasTouchScreen: false, javascriptEnabled: true, locationContextEnabled: true, mobileEmulationEnabled: false, nativeEvents: true, networkConnectionEnabled: false, pageLoadStrategy: normal, platform: MAC, platformName: MAC, rotatable: false, setWindowRect: true, takesHeapSnapshot: true, takesScreenshot: true, unexpectedAlertBehaviour: , unhandledPromptBehavior: , version: 75.0.3770.80, webStorageEnabled: true}
Session ID: 548d67e5b71170d92429c3144043fea7)
	at com.kms.katalon.core.keyword.internal.KeywordMain.stepFailed(KeywordMain.groovy:36)
	at com.kms.katalon.core.webui.keyword.internal.WebUIKeywordMain.stepFailed(WebUIKeywordMain.groovy:65)
	at com.kms.katalon.core.webui.keyword.internal.WebUIKeywordMain.runKeyword(WebUIKeywordMain.groovy:27)
	at com.kms.katalon.core.webui.keyword.builtin.ClickKeyword.click(ClickKeyword.groovy:86)
	at com.kms.katalon.core.webui.keyword.builtin.ClickKeyword.execute(ClickKeyword.groovy:67)
	at com.kms.katalon.core.keyword.internal.KeywordExecutor.executeKeywordForPlatform(KeywordExecutor.groovy:53)
	at com.kms.katalon.core.webui.keyword.WebUiBuiltInKeywords.click(WebUiBuiltInKeywords.groovy:616)
	at com.kms.katalon.core.webui.keyword.WebUiBuiltInKeywords$click$4.call(Unknown Source)
	at Filter.run(Filter:22)
	at com.kms.katalon.core.main.ScriptEngine.run(ScriptEngine.java:194)
	at com.kms.katalon.core.main.ScriptEngine.runScriptAsRawText(ScriptEngine.java:119)
	at com.kms.katalon.core.main.TestCaseExecutor.runScript(TestCaseExecutor.java:328)
	at com.kms.katalon.core.main.TestCaseExecutor.doExecute(TestCaseExecutor.java:319)
	at com.kms.katalon.core.main.TestCaseExecutor.processExecutionPhase(TestCaseExecutor.java:298)
	at com.kms.katalon.core.main.TestCaseExecutor.accessMainPhase(TestCaseExecutor.java:290)
	at com.kms.katalon.core.main.TestCaseExecutor.execute(TestCaseExecutor.java:224)
	at com.kms.katalon.core.main.TestSuiteExecutor.accessTestCaseMainPhase(TestSuiteExecutor.java:129)
	at com.kms.katalon.core.main.TestSuiteExecutor.accessTestSuiteMainPhase(TestSuiteExecutor.java:112)
	at com.kms.katalon.core.main.TestSuiteExecutor.execute(TestSuiteExecutor.java:81)
	at com.kms.katalon.core.main.TestCaseMain.startTestSuite(TestCaseMain.java:149)
	at com.kms.katalon.core.main.TestCaseMain$startTestSuite$0.call(Unknown Source)
	at TempTestSuite1559927775427.run(TempTestSuite1559927775427.groovy:36)]]></system-err>
      </testcase>
      <system-out><![CDATA[2019-06-07 13:16:17 - [TEST_SUITE][FAILED] - OCS- 1.9.2.1: Test Cases/OCS - DESKTOP/OCS- CRITICAL PATH/Cart flyout-price comparison FAILED.
Reason:
com.kms.katalon.core.exception.StepFailedException: Unable to verify equal between actual object '70' and expected object '45.5' (Root cause: com.kms.katalon.core.exception.StepFailedException: Actual object '70' and expected object '45.5' are not equal)
	at com.kms.katalon.core.keyword.internal.KeywordMain.stepFailed(KeywordMain.groovy:36)
	at com.kms.katalon.core.keyword.internal.KeywordMain.stepFailed(KeywordMain.groovy)
	at com.kms.katalon.core.keyword.internal.KeywordMain.runKeyword(KeywordMain.groovy:56)
	at com.kms.katalon.core.keyword.builtin.VerifyEqualKeyword.verifyEqual(VerifyEqualKeyword.groovy:63)
	at com.kms.katalon.core.keyword.builtin.VerifyEqualKeyword.execute(VerifyEqualKeyword.groovy:44)
	at com.kms.katalon.core.keyword.internal.KeywordExecutor.executeKeywordForPlatform(KeywordExecutor.groovy:53)
	at com.kms.katalon.core.keyword.BuiltinKeywords.verifyEqual(BuiltinKeywords.groovy:141)
	at Cart flyout-price comparison.run(Cart flyout-price comparison:176)
	at com.kms.katalon.core.main.ScriptEngine.run(ScriptEngine.java:194)
	at com.kms.katalon.core.main.ScriptEngine.runScriptAsRawText(ScriptEngine.java:119)
	at com.kms.katalon.core.main.TestCaseExecutor.runScript(TestCaseExecutor.java:328)
	at com.kms.katalon.core.main.TestCaseExecutor.doExecute(TestCaseExecutor.java:319)
	at com.kms.katalon.core.main.TestCaseExecutor.processExecutionPhase(TestCaseExecutor.java:298)
	at com.kms.katalon.core.main.TestCaseExecutor.accessMainPhase(TestCaseExecutor.java:290)
	at com.kms.katalon.core.main.TestCaseExecutor.execute(TestCaseExecutor.java:224)
	at com.kms.katalon.core.main.TestSuiteExecutor.accessTestCaseMainPhase(TestSuiteExecutor.java:129)
	at com.kms.katalon.core.main.TestSuiteExecutor.accessTestSuiteMainPhase(TestSuiteExecutor.java:112)
	at com.kms.katalon.core.main.TestSuiteExecutor.execute(TestSuiteExecutor.java:81)
	at com.kms.katalon.core.main.TestCaseMain.startTestSuite(TestCaseMain.java:149)
	at com.kms.katalon.core.main.TestCaseMain$startTestSuite$0.call(Unknown Source)
	at TempTestSuite1559927775427.run(TempTestSuite1559927775427.groovy:36)]]></system-out>
      <system-err><![CDATA[2019-06-07 13:16:17 - [TEST_SUITE][FAILED] - OCS- 1.9.2.1: Test Cases/OCS - DESKTOP/OCS- CRITICAL PATH/Cart flyout-price comparison FAILED.
Reason:
com.kms.katalon.core.exception.StepFailedException: Unable to verify equal between actual object '70' and expected object '45.5' (Root cause: com.kms.katalon.core.exception.StepFailedException: Actual object '70' and expected object '45.5' are not equal)
	at com.kms.katalon.core.keyword.internal.KeywordMain.stepFailed(KeywordMain.groovy:36)
	at com.kms.katalon.core.keyword.internal.KeywordMain.stepFailed(KeywordMain.groovy)
	at com.kms.katalon.core.keyword.internal.KeywordMain.runKeyword(KeywordMain.groovy:56)
	at com.kms.katalon.core.keyword.builtin.VerifyEqualKeyword.verifyEqual(VerifyEqualKeyword.groovy:63)
	at com.kms.katalon.core.keyword.builtin.VerifyEqualKeyword.execute(VerifyEqualKeyword.groovy:44)
	at com.kms.katalon.core.keyword.internal.KeywordExecutor.executeKeywordForPlatform(KeywordExecutor.groovy:53)
	at com.kms.katalon.core.keyword.BuiltinKeywords.verifyEqual(BuiltinKeywords.groovy:141)
	at Cart flyout-price comparison.run(Cart flyout-price comparison:176)
	at com.kms.katalon.core.main.ScriptEngine.run(ScriptEngine.java:194)
	at com.kms.katalon.core.main.ScriptEngine.runScriptAsRawText(ScriptEngine.java:119)
	at com.kms.katalon.core.main.TestCaseExecutor.runScript(TestCaseExecutor.java:328)
	at com.kms.katalon.core.main.TestCaseExecutor.doExecute(TestCaseExecutor.java:319)
	at com.kms.katalon.core.main.TestCaseExecutor.processExecutionPhase(TestCaseExecutor.java:298)
	at com.kms.katalon.core.main.TestCaseExecutor.accessMainPhase(TestCaseExecutor.java:290)
	at com.kms.katalon.core.main.TestCaseExecutor.execute(TestCaseExecutor.java:224)
	at com.kms.katalon.core.main.TestSuiteExecutor.accessTestCaseMainPhase(TestSuiteExecutor.java:129)
	at com.kms.katalon.core.main.TestSuiteExecutor.accessTestSuiteMainPhase(TestSuiteExecutor.java:112)
	at com.kms.katalon.core.main.TestSuiteExecutor.execute(TestSuiteExecutor.java:81)
	at com.kms.katalon.core.main.TestCaseMain.startTestSuite(TestCaseMain.java:149)
	at com.kms.katalon.core.main.TestCaseMain$startTestSuite$0.call(Unknown Source)
	at TempTestSuite1559927775427.run(TempTestSuite1559927775427.groovy:36)]]></system-err>
   </testsuite>
</testsuites>
