<?xml version="1.0" encoding="UTF-8"?>
<testsuites name="recordings - 1.10.2" time="1092" tests="11" failures="0" errors="0">
   <testsuite name="recordings - 1.10.2" tests="11" failures="0" errors="0" time="1092" timestamp="2019-06-19 15:12:44" hostname="sumankompelly - 10.0.126.233" id="Test Suites/recordings - 1.10.2">
      <properties>
         <property name="deviceName" value=""/>
         <property name="devicePlatform" value=""/>
         <property name="logFolder" value="/Users/sumankompelly/Relative xpath-Desktop/Reports/recordings - 1.10.2/20190619_151242"/>
         <property name="logFiles" value="/Users/sumankompelly/Relative xpath-Desktop/Reports/recordings - 1.10.2/20190619_151242/execution0.log"/>
         <property name="attachments" value="/Users/sumankompelly/Relative xpath-Desktop/Reports/recordings - 1.10.2/20190619_151242/1560971694454.png, /Users/sumankompelly/Relative xpath-Desktop/Reports/recordings - 1.10.2/20190619_151242/1560972048637.png, /Users/sumankompelly/Relative xpath-Desktop/Reports/recordings - 1.10.2/20190619_151242/1560972120307.png, /Users/sumankompelly/Relative xpath-Desktop/Reports/recordings - 1.10.2/20190619_151242/1560972126525.png, /Users/sumankompelly/Relative xpath-Desktop/Reports/recordings - 1.10.2/20190619_151242/1560972228508.png, /Users/sumankompelly/Relative xpath-Desktop/Reports/recordings - 1.10.2/20190619_151242/1560972286779.png, /Users/sumankompelly/Relative xpath-Desktop/Reports/recordings - 1.10.2/20190619_151242/1560972297844.png"/>
         <property name="hostName" value="sumankompelly - 10.0.126.233"/>
         <property name="os" value="Mac OS X 64bit"/>
         <property name="katalonVersion" value="5.10.1.1"/>
         <property name="browser" value="Chrome 76.0.3809.25"/>
         <property name="hostAddress" value="10.0.126.233"/>
         <property name="sessionId" value="57cf88af587b9d8c6fdcdff22408a793a512b54d"/>
         <property name="seleniumVersion" value="3.7.1"/>
         <property name="proxyInformation" value="ProxyInformation{proxyOption=NO_PROXY, proxyServerType=HTTP, password=, proxyServerAddress=, proxyServerPort=0}"/>
         <property name="platform" value="Mac OS X"/>
      </properties>
      <testcase name="Test Cases/OCS - DESKTOP/OCS- CRITICAL PATH/Cart flyout- increase qty" classname="Test Cases/OCS - DESKTOP/OCS- CRITICAL PATH/Cart flyout- increase qty" status="PASSED">
         <system-out><![CDATA[2019-06-19 15:12:45 - [TEST_CASE][PASSED] - Test Cases/OCS - DESKTOP/OCS- CRITICAL PATH/Cart flyout- increase qty: Test Cases/OCS - DESKTOP/OCS- CRITICAL PATH/Cart flyout- increase qty

2019-06-19 15:12:45 - [TEST_STEP][PASSED] - callTestCase(findTestCase("OCS - DESKTOP/CALL - Navigate to PDP"), [:], STOP_ON_FAILURE): Call Test Case 'Test Cases/OCS - DESKTOP/CALL - Navigate to PDP' successfully

2019-06-19 15:12:45 - [TEST_CASE][PASSED] - Test Cases/OCS - DESKTOP/CALL - Navigate to PDP: Test Cases/OCS - DESKTOP/CALL - Navigate to PDP

2019-06-19 15:12:45 - [TEST_STEP][PASSED] - openBrowser(""): Browser is opened with url: ''

2019-06-19 15:12:46 - [MESSAGE][INFO] - Starting 'Remote' driver

2019-06-19 15:12:46 - [MESSAGE][INFO] - User set preference: ['os', 'OS X']

2019-06-19 15:12:46 - [MESSAGE][INFO] - User set preference: ['os_version', 'High Sierra']

2019-06-19 15:12:46 - [MESSAGE][INFO] - User set preference: ['browser', 'Chrome']

2019-06-19 15:12:46 - [MESSAGE][INFO] - User set preference: ['browser_version', '76.0 beta']

2019-06-19 15:12:46 - [MESSAGE][INFO] - User set preference: ['resolution', '1280x960']

2019-06-19 15:12:46 - [MESSAGE][INFO] - User set preference: ['browserstack.local', '']

2019-06-19 15:12:46 - [MESSAGE][INFO] - Connecting to remote web server 'https://dianatest3:Z3oqw9ysqTeRQJq5wFCp@hub-cloud.browserstack.com/wd/hub' with type 'Selenium'

2019-06-19 15:12:46 - [MESSAGE][INFO] - Action delay is set to 0 seconds

2019-06-19 15:12:53 - [MESSAGE][PASSED] - Browser is opened with url: ''

2019-06-19 15:12:53 - [TEST_STEP][PASSED] - maximizeWindow(): Current window maximized

2019-06-19 15:12:53 - [MESSAGE][PASSED] - Current window maximized

2019-06-19 15:12:53 - [TEST_STEP][PASSED] - navigateToUrl("https://ocs.ca/?fts=0&preview_theme_id=72920106828"): Navigate to 'https://ocs.ca/?fts=0&preview_theme_id=72920106828' successfully

2019-06-19 15:12:59 - [MESSAGE][PASSED] - Navigate to 'https://ocs.ca/?fts=0&preview_theme_id=72920106828' successfully

2019-06-19 15:12:59 - [TEST_STEP][PASSED] - executeJavaScript("var previewBar = document.getElementById("preview-bar-iframe"); previewBar.style.display = "none";", []): Execute JavaScript 'var previewBar = document.getElementById("preview-bar-iframe"); previewBar.style.display = "none";' successfully

2019-06-19 15:12:59 - [MESSAGE][PASSED] - Execute JavaScript 'var previewBar = document.getElementById("preview-bar-iframe"); previewBar.style.display = "none";' successfully

2019-06-19 15:12:59 - [TEST_STEP][PASSED] - delay(4): Delayed 4 second(s)

2019-06-19 15:13:03 - [MESSAGE][PASSED] - Delayed 4 second(s)

2019-06-19 15:13:03 - [TEST_STEP][PASSED] - selectOptionByValue(findTestObject("OCS-DESKTOP/Age gate and Mega menu/Date"), "12", true): All options with value '12' are selected in object 'Object Repository/OCS-DESKTOP/Age gate and Mega menu/Date'  using regular expression

2019-06-19 15:13:08 - [MESSAGE][PASSED] - All options with value '12' are selected in object 'Object Repository/OCS-DESKTOP/Age gate and Mega menu/Date'  using regular expression

2019-06-19 15:13:08 - [TEST_STEP][PASSED] - selectOptionByValue(findTestObject("OCS-DESKTOP/Age gate and Mega menu/month"), "6", true): All options with value '6' are selected in object 'Object Repository/OCS-DESKTOP/Age gate and Mega menu/month'  using regular expression

2019-06-19 15:13:10 - [MESSAGE][PASSED] - All options with value '6' are selected in object 'Object Repository/OCS-DESKTOP/Age gate and Mega menu/month'  using regular expression

2019-06-19 15:13:10 - [TEST_STEP][PASSED] - delay(2): Delayed 2 second(s)

2019-06-19 15:13:12 - [MESSAGE][PASSED] - Delayed 2 second(s)

2019-06-19 15:13:12 - [TEST_STEP][PASSED] - selectOptionByValue(findTestObject("OCS-DESKTOP/Age gate and Mega menu/Year Dropdown"), "1990", true): All options with value '1990' are selected in object 'Object Repository/OCS-DESKTOP/Age gate and Mega menu/Year Dropdown'  using regular expression

2019-06-19 15:13:27 - [MESSAGE][PASSED] - All options with value '1990' are selected in object 'Object Repository/OCS-DESKTOP/Age gate and Mega menu/Year Dropdown'  using regular expression

2019-06-19 15:13:27 - [TEST_STEP][PASSED] - click(findTestObject("OCS-DESKTOP/Age gate and Mega menu/button_Verify")): Object: 'Object Repository/OCS-DESKTOP/Age gate and Mega menu/button_Verify' is clicked on

2019-06-19 15:13:28 - [MESSAGE][PASSED] - Object: 'Object Repository/OCS-DESKTOP/Age gate and Mega menu/button_Verify' is clicked on

2019-06-19 15:13:28 - [TEST_STEP][PASSED] - click(findTestObject("OCS-DESKTOP/Age gate and Mega menu/Checkbox_CONFIRM AND ACKNOWLEDGE")): Object: 'Object Repository/OCS-DESKTOP/Age gate and Mega menu/Checkbox_CONFIRM AND ACKNOWLEDGE' is clicked on

2019-06-19 15:13:28 - [MESSAGE][PASSED] - Object: 'Object Repository/OCS-DESKTOP/Age gate and Mega menu/Checkbox_CONFIRM AND ACKNOWLEDGE' is clicked on

2019-06-19 15:13:28 - [TEST_STEP][PASSED] - click(findTestObject("OCS-DESKTOP/Age gate and Mega menu/button_CONFIRM")): Object: 'Object Repository/OCS-DESKTOP/Age gate and Mega menu/button_CONFIRM' is clicked on

2019-06-19 15:13:28 - [MESSAGE][PASSED] - Object: 'Object Repository/OCS-DESKTOP/Age gate and Mega menu/button_CONFIRM' is clicked on

2019-06-19 15:13:28 - [TEST_STEP][PASSED] - click(findTestObject("OCS-DESKTOP/Age gate and Mega menu/button_Start Browsing")): Object: 'Object Repository/OCS-DESKTOP/Age gate and Mega menu/button_Start Browsing' is clicked on

2019-06-19 15:13:28 - [MESSAGE][PASSED] - Object: 'Object Repository/OCS-DESKTOP/Age gate and Mega menu/button_Start Browsing' is clicked on

2019-06-19 15:13:28 - [TEST_STEP][PASSED] - delay(2): Delayed 2 second(s)

2019-06-19 15:13:30 - [MESSAGE][PASSED] - Delayed 2 second(s)

2019-06-19 15:13:30 - [TEST_STEP][PASSED] - navigateToUrl("https://ocs.ca/products/la-confidential"): Navigate to 'https://ocs.ca/products/la-confidential' successfully

2019-06-19 15:13:35 - [MESSAGE][PASSED] - Navigate to 'https://ocs.ca/products/la-confidential' successfully

2019-06-19 15:13:35 - [TEST_STEP][PASSED] - executeJavaScript("var previewBar = document.getElementById("preview-bar-iframe"); previewBar.style.display = "none";", []): Execute JavaScript 'var previewBar = document.getElementById("preview-bar-iframe"); previewBar.style.display = "none";' successfully

2019-06-19 15:13:35 - [MESSAGE][PASSED] - Execute JavaScript 'var previewBar = document.getElementById("preview-bar-iframe"); previewBar.style.display = "none";' successfully

2019-06-19 15:13:35 - [MESSAGE][PASSED] - Call Test Case 'Test Cases/OCS - DESKTOP/CALL - Navigate to PDP' successfully

2019-06-19 15:13:35 - [TEST_STEP][NOT_RUN] - scrollToElement(findTestObject("OCS-DESKTOP/Product page/Product image"), 1): NOT_RUN: scrollToElement(findTestObject("OCS-DESKTOP/Product page/Product image"), 1)

2019-06-19 15:13:35 - [MESSAGE][NOT_RUN] - NOT_RUN: scrollToElement(findTestObject("OCS-DESKTOP/Product page/Product image"), 1)

2019-06-19 15:13:35 - [TEST_STEP][PASSED] - delay(2): Delayed 2 second(s)

2019-06-19 15:13:37 - [MESSAGE][PASSED] - Delayed 2 second(s)

2019-06-19 15:13:37 - [TEST_STEP][PASSED] - flag = verifyElementPresent(findTestObject("OCS-DESKTOP/Product page/Swatch_3.5g"), 0): Object 'Object Repository/OCS-DESKTOP/Product page/Swatch_3.5g' is present

2019-06-19 15:13:37 - [MESSAGE][WARNING] - Timeout '0' is invalid. Using default page load timeout: '30'

2019-06-19 15:13:37 - [MESSAGE][PASSED] - Object 'Object Repository/OCS-DESKTOP/Product page/Swatch_3.5g' is present

2019-06-19 15:13:37 - [TEST_STEP][PASSED] - comment(" flag =" + flag):  flag =true

2019-06-19 15:13:37 - [MESSAGE][INFO] -  flag =true

2019-06-19 15:13:37 - [TEST_STEP][PASSED] - if (flag == true):  price changed . Quantity selector is working

2019-06-19 15:13:37 - [TEST_STEP][PASSED] - click(findTestObject("OCS-DESKTOP/Product page/Swatch_3.5g")): Object: 'Object Repository/OCS-DESKTOP/Product page/Swatch_3.5g' is clicked on

2019-06-19 15:13:37 - [MESSAGE][PASSED] - Object: 'Object Repository/OCS-DESKTOP/Product page/Swatch_3.5g' is clicked on

2019-06-19 15:13:37 - [TEST_STEP][PASSED] - delay(2): Delayed 2 second(s)

2019-06-19 15:13:39 - [MESSAGE][PASSED] - Delayed 2 second(s)

2019-06-19 15:13:39 - [TEST_STEP][PASSED] - click(findTestObject("OCS-DESKTOP/Product page/Quantity Increase - Button")): Object: 'Object Repository/OCS-DESKTOP/Product page/Quantity Increase - Button' is clicked on

2019-06-19 15:13:40 - [MESSAGE][PASSED] - Object: 'Object Repository/OCS-DESKTOP/Product page/Quantity Increase - Button' is clicked on

2019-06-19 15:13:40 - [TEST_STEP][PASSED] - delay(2): Delayed 2 second(s)

2019-06-19 15:13:42 - [MESSAGE][PASSED] - Delayed 2 second(s)

2019-06-19 15:13:42 - [TEST_STEP][PASSED] - click(findTestObject("OCS-DESKTOP/Product page/Add to Bag-button")): Object: 'Object Repository/OCS-DESKTOP/Product page/Add to Bag-button' is clicked on

2019-06-19 15:13:42 - [MESSAGE][PASSED] - Object: 'Object Repository/OCS-DESKTOP/Product page/Add to Bag-button' is clicked on

2019-06-19 15:13:42 - [TEST_STEP][PASSED] - delay(1): Delayed 1 second(s)

2019-06-19 15:13:43 - [MESSAGE][PASSED] - Delayed 1 second(s)

2019-06-19 15:13:43 - [TEST_STEP][NOT_RUN] - click(findTestObject("OCS-DESKTOP/Cart flyout/Quantity increase - Product")): NOT_RUN: click(findTestObject("OCS-DESKTOP/Cart flyout/Quantity increase - Product"))

2019-06-19 15:13:43 - [MESSAGE][NOT_RUN] - NOT_RUN: click(findTestObject("OCS-DESKTOP/Cart flyout/Quantity increase - Product"))

2019-06-19 15:13:43 - [TEST_STEP][PASSED] - delay(1): Delayed 1 second(s)

2019-06-19 15:13:44 - [MESSAGE][PASSED] - Delayed 1 second(s)

2019-06-19 15:13:44 - [TEST_STEP][NOT_RUN] - click(findTestObject("OCS-DESKTOP/Cart flyout/Quantity increase - Product")): NOT_RUN: click(findTestObject("OCS-DESKTOP/Cart flyout/Quantity increase - Product"))

2019-06-19 15:13:44 - [MESSAGE][NOT_RUN] - NOT_RUN: click(findTestObject("OCS-DESKTOP/Cart flyout/Quantity increase - Product"))

2019-06-19 15:13:44 - [TEST_STEP][PASSED] - delay(2): Delayed 2 second(s)

2019-06-19 15:13:46 - [MESSAGE][PASSED] - Delayed 2 second(s)

2019-06-19 15:13:46 - [TEST_STEP][PASSED] - a = getText(findTestObject("OCS-DESKTOP/Cart flyout/Unit price - Product")): Text of object 'Object Repository/OCS-DESKTOP/Cart flyout/Unit price - Product' is: '$70.00'

2019-06-19 15:13:46 - [MESSAGE][PASSED] - Text of object 'Object Repository/OCS-DESKTOP/Cart flyout/Unit price - Product' is: '$70.00'

2019-06-19 15:13:46 - [TEST_STEP][PASSED] - comment(a): $70.00

2019-06-19 15:13:46 - [MESSAGE][INFO] - $70.00

2019-06-19 15:13:46 - [TEST_STEP][PASSED] - b = a.substring(1): null

2019-06-19 15:13:46 - [TEST_STEP][PASSED] - comment(b): 70.00

2019-06-19 15:13:46 - [MESSAGE][INFO] - 70.00

2019-06-19 15:13:46 - [TEST_STEP][PASSED] - la = b.substring(0, b.length() - 1): null

2019-06-19 15:13:46 - [TEST_STEP][PASSED] - comment("la=" + la): la=70.0

2019-06-19 15:13:46 - [MESSAGE][INFO] - la=70.0

2019-06-19 15:13:46 - [TEST_STEP][PASSED] - la1 = la.substring(0, la.length() - 1): null

2019-06-19 15:13:46 - [TEST_STEP][PASSED] - comment(" la1 =" + la1):  la1 =70.

2019-06-19 15:13:46 - [MESSAGE][INFO] -  la1 =70.

2019-06-19 15:13:46 - [TEST_STEP][PASSED] - la2 = la1.substring(0, la1.length() - 1): null

2019-06-19 15:13:46 - [TEST_STEP][PASSED] - comment("la2 =" + la2): la2 =70

2019-06-19 15:13:46 - [MESSAGE][INFO] - la2 =70

2019-06-19 15:13:46 - [TEST_STEP][PASSED] - click(findTestObject("OCS-DESKTOP/Cart flyout/input_-_updates")): Object: 'Object Repository/OCS-DESKTOP/Cart flyout/input_-_updates' is clicked on

2019-06-19 15:13:46 - [MESSAGE][PASSED] - Object: 'Object Repository/OCS-DESKTOP/Cart flyout/input_-_updates' is clicked on

2019-06-19 15:13:46 - [TEST_STEP][PASSED] - delay(1): Delayed 1 second(s)

2019-06-19 15:13:47 - [MESSAGE][PASSED] - Delayed 1 second(s)

2019-06-19 15:13:47 - [TEST_STEP][PASSED] - doubleClick(findTestObject("OCS-DESKTOP/Cart flyout/input_-_updates")): Object: 'Object Repository/OCS-DESKTOP/Cart flyout/input_-_updates' is double clicked on

2019-06-19 15:13:48 - [MESSAGE][PASSED] - Object: 'Object Repository/OCS-DESKTOP/Cart flyout/input_-_updates' is double clicked on

2019-06-19 15:13:48 - [TEST_STEP][NOT_RUN] - setText(findTestObject("OCS-DESKTOP/Cart flyout/Qty - Input field"), Keys.chord(CLEAR)): NOT_RUN: setText(findTestObject("OCS-DESKTOP/Cart flyout/Qty - Input field"), Keys.chord(CLEAR))

2019-06-19 15:13:48 - [MESSAGE][NOT_RUN] - NOT_RUN: setText(findTestObject("OCS-DESKTOP/Cart flyout/Qty - Input field"), Keys.chord(CLEAR))

2019-06-19 15:13:48 - [TEST_STEP][PASSED] - delay(1): Delayed 1 second(s)

2019-06-19 15:13:49 - [MESSAGE][PASSED] - Delayed 1 second(s)

2019-06-19 15:13:49 - [TEST_STEP][PASSED] - setText(findTestObject("OCS-DESKTOP/Cart flyout/input_-_updates"), "3"): Text '3' is set on object 'Object Repository/OCS-DESKTOP/Cart flyout/input_-_updates'

2019-06-19 15:13:49 - [MESSAGE][PASSED] - Text '3' is set on object 'Object Repository/OCS-DESKTOP/Cart flyout/input_-_updates'

2019-06-19 15:13:49 - [TEST_STEP][PASSED] - delay(2): Delayed 2 second(s)

2019-06-19 15:13:51 - [MESSAGE][PASSED] - Delayed 2 second(s)

2019-06-19 15:13:51 - [TEST_STEP][PASSED] - click(findTestObject("OCS-DESKTOP/Cart flyout/Quantity increase - Product")): Object: 'Object Repository/OCS-DESKTOP/Cart flyout/Quantity increase - Product' is clicked on

2019-06-19 15:13:51 - [MESSAGE][PASSED] - Object: 'Object Repository/OCS-DESKTOP/Cart flyout/Quantity increase - Product' is clicked on

2019-06-19 15:13:51 - [TEST_STEP][PASSED] - delay(2): Delayed 2 second(s)

2019-06-19 15:13:53 - [MESSAGE][PASSED] - Delayed 2 second(s)

2019-06-19 15:13:53 - [TEST_STEP][PASSED] - click(findTestObject("OCS-DESKTOP/Cart flyout/Quantity increase - Product")): Object: 'Object Repository/OCS-DESKTOP/Cart flyout/Quantity increase - Product' is clicked on

2019-06-19 15:13:54 - [MESSAGE][PASSED] - Object: 'Object Repository/OCS-DESKTOP/Cart flyout/Quantity increase - Product' is clicked on

2019-06-19 15:13:54 - [TEST_STEP][PASSED] - delay(2): Delayed 2 second(s)

2019-06-19 15:13:56 - [MESSAGE][PASSED] - Delayed 2 second(s)

2019-06-19 15:13:56 - [TEST_STEP][PASSED] - click(findTestObject("OCS-DESKTOP/Cart flyout/Quantity increase - Product")): Object: 'Object Repository/OCS-DESKTOP/Cart flyout/Quantity increase - Product' is clicked on

2019-06-19 15:13:56 - [MESSAGE][PASSED] - Object: 'Object Repository/OCS-DESKTOP/Cart flyout/Quantity increase - Product' is clicked on

2019-06-19 15:13:56 - [TEST_STEP][PASSED] - delay(2): Delayed 2 second(s)

2019-06-19 15:13:58 - [MESSAGE][PASSED] - Delayed 2 second(s)

2019-06-19 15:13:58 - [TEST_STEP][PASSED] - c = getText(findTestObject("OCS-DESKTOP/Cart flyout/Sub-total Price")): Text of object 'Object Repository/OCS-DESKTOP/Cart flyout/Sub-total Price' is: '$210.00'

2019-06-19 15:13:58 - [MESSAGE][PASSED] - Text of object 'Object Repository/OCS-DESKTOP/Cart flyout/Sub-total Price' is: '$210.00'

2019-06-19 15:13:58 - [TEST_STEP][PASSED] - comment(c): $210.00

2019-06-19 15:13:58 - [MESSAGE][INFO] - $210.00

2019-06-19 15:13:58 - [TEST_STEP][PASSED] - d = c.substring(1): null

2019-06-19 15:13:58 - [TEST_STEP][PASSED] - comment(d): 210.00

2019-06-19 15:13:58 - [MESSAGE][INFO] - 210.00

2019-06-19 15:13:58 - [TEST_STEP][PASSED] - verifyNotEqual("c", "d"): Actual object 'c' and expected object 'd' are not equal

2019-06-19 15:13:58 - [MESSAGE][PASSED] - Actual object 'c' and expected object 'd' are not equal

2019-06-19 15:13:58 - [TEST_STEP][PASSED] - comment(" price changed . Quantity selector is working"):  price changed . Quantity selector is working

2019-06-19 15:13:58 - [MESSAGE][INFO] -  price changed . Quantity selector is working]]></system-out>
         <system-err><![CDATA[]]></system-err>
      </testcase>
      <testcase name="Test Cases/OCS - DESKTOP/OCS- CRITICAL PATH/Cart flyout- decrease qty" classname="Test Cases/OCS - DESKTOP/OCS- CRITICAL PATH/Cart flyout- decrease qty" status="PASSED">
         <system-out><![CDATA[2019-06-19 15:13:58 - [TEST_CASE][PASSED] - Test Cases/OCS - DESKTOP/OCS- CRITICAL PATH/Cart flyout- decrease qty: Test Cases/OCS - DESKTOP/OCS- CRITICAL PATH/Cart flyout- decrease qty

2019-06-19 15:13:58 - [TEST_STEP][PASSED] - callTestCase(findTestCase("OCS - DESKTOP/CALL - Navigate to PDP"), [:], STOP_ON_FAILURE): Call Test Case 'Test Cases/OCS - DESKTOP/CALL - Navigate to PDP' successfully

2019-06-19 15:13:58 - [TEST_CASE][PASSED] - Test Cases/OCS - DESKTOP/CALL - Navigate to PDP: Test Cases/OCS - DESKTOP/CALL - Navigate to PDP

2019-06-19 15:13:58 - [TEST_STEP][PASSED] - openBrowser(""): Browser is opened with url: ''

2019-06-19 15:13:58 - [MESSAGE][WARNING] - A browser is already opened. Closing browser and opening a new one

2019-06-19 15:13:59 - [MESSAGE][INFO] - Starting 'Remote' driver

2019-06-19 15:13:59 - [MESSAGE][INFO] - User set preference: ['os', 'OS X']

2019-06-19 15:13:59 - [MESSAGE][INFO] - User set preference: ['os_version', 'High Sierra']

2019-06-19 15:13:59 - [MESSAGE][INFO] - User set preference: ['browser', 'Chrome']

2019-06-19 15:13:59 - [MESSAGE][INFO] - User set preference: ['browser_version', '76.0 beta']

2019-06-19 15:13:59 - [MESSAGE][INFO] - User set preference: ['resolution', '1280x960']

2019-06-19 15:13:59 - [MESSAGE][INFO] - User set preference: ['browserstack.local', '']

2019-06-19 15:13:59 - [MESSAGE][INFO] - Connecting to remote web server 'https://dianatest3:Z3oqw9ysqTeRQJq5wFCp@hub-cloud.browserstack.com/wd/hub' with type 'Selenium'

2019-06-19 15:14:07 - [MESSAGE][PASSED] - Browser is opened with url: ''

2019-06-19 15:14:07 - [TEST_STEP][PASSED] - maximizeWindow(): Current window maximized

2019-06-19 15:14:08 - [MESSAGE][PASSED] - Current window maximized

2019-06-19 15:14:08 - [TEST_STEP][PASSED] - navigateToUrl("https://ocs.ca/?fts=0&preview_theme_id=72920106828"): Navigate to 'https://ocs.ca/?fts=0&preview_theme_id=72920106828' successfully

2019-06-19 15:14:14 - [MESSAGE][PASSED] - Navigate to 'https://ocs.ca/?fts=0&preview_theme_id=72920106828' successfully

2019-06-19 15:14:14 - [TEST_STEP][PASSED] - executeJavaScript("var previewBar = document.getElementById("preview-bar-iframe"); previewBar.style.display = "none";", []): Execute JavaScript 'var previewBar = document.getElementById("preview-bar-iframe"); previewBar.style.display = "none";' successfully

2019-06-19 15:14:14 - [MESSAGE][PASSED] - Execute JavaScript 'var previewBar = document.getElementById("preview-bar-iframe"); previewBar.style.display = "none";' successfully

2019-06-19 15:14:14 - [TEST_STEP][PASSED] - delay(4): Delayed 4 second(s)

2019-06-19 15:14:18 - [MESSAGE][PASSED] - Delayed 4 second(s)

2019-06-19 15:14:18 - [TEST_STEP][PASSED] - selectOptionByValue(findTestObject("OCS-DESKTOP/Age gate and Mega menu/Date"), "12", true): All options with value '12' are selected in object 'Object Repository/OCS-DESKTOP/Age gate and Mega menu/Date'  using regular expression

2019-06-19 15:14:23 - [MESSAGE][PASSED] - All options with value '12' are selected in object 'Object Repository/OCS-DESKTOP/Age gate and Mega menu/Date'  using regular expression

2019-06-19 15:14:23 - [TEST_STEP][PASSED] - selectOptionByValue(findTestObject("OCS-DESKTOP/Age gate and Mega menu/month"), "6", true): All options with value '6' are selected in object 'Object Repository/OCS-DESKTOP/Age gate and Mega menu/month'  using regular expression

2019-06-19 15:14:25 - [MESSAGE][PASSED] - All options with value '6' are selected in object 'Object Repository/OCS-DESKTOP/Age gate and Mega menu/month'  using regular expression

2019-06-19 15:14:25 - [TEST_STEP][PASSED] - delay(2): Delayed 2 second(s)

2019-06-19 15:14:27 - [MESSAGE][PASSED] - Delayed 2 second(s)

2019-06-19 15:14:27 - [TEST_STEP][PASSED] - selectOptionByValue(findTestObject("OCS-DESKTOP/Age gate and Mega menu/Year Dropdown"), "1990", true): All options with value '1990' are selected in object 'Object Repository/OCS-DESKTOP/Age gate and Mega menu/Year Dropdown'  using regular expression

2019-06-19 15:14:44 - [MESSAGE][PASSED] - All options with value '1990' are selected in object 'Object Repository/OCS-DESKTOP/Age gate and Mega menu/Year Dropdown'  using regular expression

2019-06-19 15:14:44 - [TEST_STEP][PASSED] - click(findTestObject("OCS-DESKTOP/Age gate and Mega menu/button_Verify")): Object: 'Object Repository/OCS-DESKTOP/Age gate and Mega menu/button_Verify' is clicked on

2019-06-19 15:14:44 - [MESSAGE][PASSED] - Object: 'Object Repository/OCS-DESKTOP/Age gate and Mega menu/button_Verify' is clicked on

2019-06-19 15:14:44 - [TEST_STEP][PASSED] - click(findTestObject("OCS-DESKTOP/Age gate and Mega menu/Checkbox_CONFIRM AND ACKNOWLEDGE")): Object: 'Object Repository/OCS-DESKTOP/Age gate and Mega menu/Checkbox_CONFIRM AND ACKNOWLEDGE' is clicked on

2019-06-19 15:14:45 - [MESSAGE][PASSED] - Object: 'Object Repository/OCS-DESKTOP/Age gate and Mega menu/Checkbox_CONFIRM AND ACKNOWLEDGE' is clicked on

2019-06-19 15:14:45 - [TEST_STEP][PASSED] - click(findTestObject("OCS-DESKTOP/Age gate and Mega menu/button_CONFIRM")): Object: 'Object Repository/OCS-DESKTOP/Age gate and Mega menu/button_CONFIRM' is clicked on

2019-06-19 15:14:45 - [MESSAGE][PASSED] - Object: 'Object Repository/OCS-DESKTOP/Age gate and Mega menu/button_CONFIRM' is clicked on

2019-06-19 15:14:45 - [TEST_STEP][PASSED] - click(findTestObject("OCS-DESKTOP/Age gate and Mega menu/button_Start Browsing")): Object: 'Object Repository/OCS-DESKTOP/Age gate and Mega menu/button_Start Browsing' is clicked on

2019-06-19 15:14:45 - [MESSAGE][PASSED] - Object: 'Object Repository/OCS-DESKTOP/Age gate and Mega menu/button_Start Browsing' is clicked on

2019-06-19 15:14:45 - [TEST_STEP][PASSED] - delay(2): Delayed 2 second(s)

2019-06-19 15:14:47 - [MESSAGE][PASSED] - Delayed 2 second(s)

2019-06-19 15:14:47 - [TEST_STEP][PASSED] - navigateToUrl("https://ocs.ca/products/la-confidential"): Navigate to 'https://ocs.ca/products/la-confidential' successfully

2019-06-19 15:14:51 - [MESSAGE][PASSED] - Navigate to 'https://ocs.ca/products/la-confidential' successfully

2019-06-19 15:14:51 - [TEST_STEP][PASSED] - executeJavaScript("var previewBar = document.getElementById("preview-bar-iframe"); previewBar.style.display = "none";", []): Execute JavaScript 'var previewBar = document.getElementById("preview-bar-iframe"); previewBar.style.display = "none";' successfully

2019-06-19 15:14:51 - [MESSAGE][PASSED] - Execute JavaScript 'var previewBar = document.getElementById("preview-bar-iframe"); previewBar.style.display = "none";' successfully

2019-06-19 15:14:51 - [MESSAGE][PASSED] - Call Test Case 'Test Cases/OCS - DESKTOP/CALL - Navigate to PDP' successfully

2019-06-19 15:14:51 - [TEST_STEP][NOT_RUN] - scrollToElement(findTestObject("OCS-DESKTOP/Product page/Product image"), 1): NOT_RUN: scrollToElement(findTestObject("OCS-DESKTOP/Product page/Product image"), 1)

2019-06-19 15:14:51 - [MESSAGE][NOT_RUN] - NOT_RUN: scrollToElement(findTestObject("OCS-DESKTOP/Product page/Product image"), 1)

2019-06-19 15:14:51 - [TEST_STEP][PASSED] - delay(2): Delayed 2 second(s)

2019-06-19 15:14:53 - [MESSAGE][PASSED] - Delayed 2 second(s)

2019-06-19 15:14:53 - [TEST_STEP][PASSED] - executeJavaScript("var previewBar = document.getElementById("preview-bar-iframe"); previewBar.style.display = "none";", []): Execute JavaScript 'var previewBar = document.getElementById("preview-bar-iframe"); previewBar.style.display = "none";' successfully

2019-06-19 15:14:54 - [MESSAGE][PASSED] - Execute JavaScript 'var previewBar = document.getElementById("preview-bar-iframe"); previewBar.style.display = "none";' successfully

2019-06-19 15:14:54 - [TEST_STEP][PASSED] - flag = verifyElementPresent(findTestObject("OCS-DESKTOP/Product page/Swatch_1g"), 0): Object 'Object Repository/OCS-DESKTOP/Product page/Swatch_1g' is present

2019-06-19 15:14:54 - [MESSAGE][WARNING] - Timeout '0' is invalid. Using default page load timeout: '30'

2019-06-19 15:14:54 - [MESSAGE][PASSED] - Object 'Object Repository/OCS-DESKTOP/Product page/Swatch_1g' is present

2019-06-19 15:14:54 - [TEST_STEP][PASSED] - click(findTestObject("OCS-DESKTOP/Product page/Swatch_1g")): Object: 'Object Repository/OCS-DESKTOP/Product page/Swatch_1g' is clicked on

2019-06-19 15:14:54 - [MESSAGE][PASSED] - Object: 'Object Repository/OCS-DESKTOP/Product page/Swatch_1g' is clicked on

2019-06-19 15:14:54 - [TEST_STEP][PASSED] - takeScreenshot(): Taking screenshot successfully

2019-06-19 15:14:56 - [MESSAGE][PASSED] - Taking screenshot successfully
[[ATTACHMENT|/Users/sumankompelly/Relative xpath-Desktop/Reports/recordings - 1.10.2/20190619_151242/1560971694454.png]]

2019-06-19 15:14:56 - [TEST_STEP][PASSED] - comment(" flag =" + flag):  flag =true

2019-06-19 15:14:56 - [MESSAGE][INFO] -  flag =true

2019-06-19 15:14:56 - [TEST_STEP][PASSED] - if (flag == true):  Sub-total Price changed . Quantity selector is working

2019-06-19 15:14:56 - [TEST_STEP][PASSED] - delay(2): Delayed 2 second(s)

2019-06-19 15:14:58 - [MESSAGE][PASSED] - Delayed 2 second(s)

2019-06-19 15:14:58 - [TEST_STEP][NOT_RUN] - click(findTestObject("OCS-DESKTOP/Product page/Quantity Increase - Button")): NOT_RUN: click(findTestObject("OCS-DESKTOP/Product page/Quantity Increase - Button"))

2019-06-19 15:14:58 - [MESSAGE][NOT_RUN] - NOT_RUN: click(findTestObject("OCS-DESKTOP/Product page/Quantity Increase - Button"))

2019-06-19 15:14:58 - [TEST_STEP][PASSED] - delay(1): Delayed 1 second(s)

2019-06-19 15:14:59 - [MESSAGE][PASSED] - Delayed 1 second(s)

2019-06-19 15:14:59 - [TEST_STEP][PASSED] - click(findTestObject("OCS-DESKTOP/Product page/Quantity Increase - Button")): Object: 'Object Repository/OCS-DESKTOP/Product page/Quantity Increase - Button' is clicked on

2019-06-19 15:14:59 - [MESSAGE][PASSED] - Object: 'Object Repository/OCS-DESKTOP/Product page/Quantity Increase - Button' is clicked on

2019-06-19 15:14:59 - [TEST_STEP][PASSED] - delay(1): Delayed 1 second(s)

2019-06-19 15:15:00 - [MESSAGE][PASSED] - Delayed 1 second(s)

2019-06-19 15:15:00 - [TEST_STEP][PASSED] - click(findTestObject("OCS-DESKTOP/Product page/Quantity Increase - Button")): Object: 'Object Repository/OCS-DESKTOP/Product page/Quantity Increase - Button' is clicked on

2019-06-19 15:15:01 - [MESSAGE][PASSED] - Object: 'Object Repository/OCS-DESKTOP/Product page/Quantity Increase - Button' is clicked on

2019-06-19 15:15:01 - [TEST_STEP][PASSED] - delay(1): Delayed 1 second(s)

2019-06-19 15:15:02 - [MESSAGE][PASSED] - Delayed 1 second(s)

2019-06-19 15:15:02 - [TEST_STEP][PASSED] - click(findTestObject("OCS-DESKTOP/Product page/Quantity Increase - Button")): Object: 'Object Repository/OCS-DESKTOP/Product page/Quantity Increase - Button' is clicked on

2019-06-19 15:15:02 - [MESSAGE][PASSED] - Object: 'Object Repository/OCS-DESKTOP/Product page/Quantity Increase - Button' is clicked on

2019-06-19 15:15:02 - [TEST_STEP][PASSED] - delay(1): Delayed 1 second(s)

2019-06-19 15:15:03 - [MESSAGE][PASSED] - Delayed 1 second(s)

2019-06-19 15:15:03 - [TEST_STEP][PASSED] - click(findTestObject("OCS-DESKTOP/Product page/Quantity Increase - Button")): Object: 'Object Repository/OCS-DESKTOP/Product page/Quantity Increase - Button' is clicked on

2019-06-19 15:15:03 - [MESSAGE][PASSED] - Object: 'Object Repository/OCS-DESKTOP/Product page/Quantity Increase - Button' is clicked on

2019-06-19 15:15:03 - [TEST_STEP][PASSED] - delay(2): Delayed 2 second(s)

2019-06-19 15:15:05 - [MESSAGE][PASSED] - Delayed 2 second(s)

2019-06-19 15:15:05 - [TEST_STEP][PASSED] - click(findTestObject("OCS-DESKTOP/Product page/Add to Bag-button")): Object: 'Object Repository/OCS-DESKTOP/Product page/Add to Bag-button' is clicked on

2019-06-19 15:15:06 - [MESSAGE][PASSED] - Object: 'Object Repository/OCS-DESKTOP/Product page/Add to Bag-button' is clicked on

2019-06-19 15:15:06 - [TEST_STEP][PASSED] - delay(1): Delayed 1 second(s)

2019-06-19 15:15:07 - [MESSAGE][PASSED] - Delayed 1 second(s)

2019-06-19 15:15:07 - [TEST_STEP][NOT_RUN] - click(findTestObject("OCS-DESKTOP/Cart flyout/Quantity decrease - Product")): NOT_RUN: click(findTestObject("OCS-DESKTOP/Cart flyout/Quantity decrease - Product"))

2019-06-19 15:15:07 - [MESSAGE][NOT_RUN] - NOT_RUN: click(findTestObject("OCS-DESKTOP/Cart flyout/Quantity decrease - Product"))

2019-06-19 15:15:07 - [TEST_STEP][PASSED] - delay(2): Delayed 2 second(s)

2019-06-19 15:15:09 - [MESSAGE][PASSED] - Delayed 2 second(s)

2019-06-19 15:15:09 - [TEST_STEP][PASSED] - a = getText(findTestObject("OCS-DESKTOP/Cart flyout/Unit price - Product")): Text of object 'Object Repository/OCS-DESKTOP/Cart flyout/Unit price - Product' is: '$52.50'

2019-06-19 15:15:09 - [MESSAGE][PASSED] - Text of object 'Object Repository/OCS-DESKTOP/Cart flyout/Unit price - Product' is: '$52.50'

2019-06-19 15:15:09 - [TEST_STEP][PASSED] - comment(a): $52.50

2019-06-19 15:15:09 - [MESSAGE][INFO] - $52.50

2019-06-19 15:15:09 - [TEST_STEP][PASSED] - b = a.substring(1): null

2019-06-19 15:15:09 - [TEST_STEP][PASSED] - comment(b): 52.50

2019-06-19 15:15:09 - [MESSAGE][INFO] - 52.50

2019-06-19 15:15:09 - [TEST_STEP][PASSED] - click(findTestObject("OCS-DESKTOP/Cart flyout/input_-_updates")): Object: 'Object Repository/OCS-DESKTOP/Cart flyout/input_-_updates' is clicked on

2019-06-19 15:15:09 - [MESSAGE][PASSED] - Object: 'Object Repository/OCS-DESKTOP/Cart flyout/input_-_updates' is clicked on

2019-06-19 15:15:09 - [TEST_STEP][PASSED] - setText(findTestObject("OCS-DESKTOP/Cart flyout/input_-_updates"), Keys.chord(CLEAR)): Text 'CLEAR + ' is set on object 'Object Repository/OCS-DESKTOP/Cart flyout/input_-_updates'

2019-06-19 15:15:10 - [MESSAGE][PASSED] - Text 'CLEAR + ' is set on object 'Object Repository/OCS-DESKTOP/Cart flyout/input_-_updates'

2019-06-19 15:15:10 - [TEST_STEP][PASSED] - delay(1): Delayed 1 second(s)

2019-06-19 15:15:11 - [MESSAGE][PASSED] - Delayed 1 second(s)

2019-06-19 15:15:11 - [TEST_STEP][PASSED] - setText(findTestObject("OCS-DESKTOP/Cart flyout/input_-_updates"), "10"): Text '10' is set on object 'Object Repository/OCS-DESKTOP/Cart flyout/input_-_updates'

2019-06-19 15:15:11 - [MESSAGE][PASSED] - Text '10' is set on object 'Object Repository/OCS-DESKTOP/Cart flyout/input_-_updates'

2019-06-19 15:15:11 - [TEST_STEP][PASSED] - delay(2): Delayed 2 second(s)

2019-06-19 15:15:13 - [MESSAGE][PASSED] - Delayed 2 second(s)

2019-06-19 15:15:13 - [TEST_STEP][PASSED] - click(findTestObject("OCS-DESKTOP/Cart flyout/Quantity decrease - Product")): Object: 'Object Repository/OCS-DESKTOP/Cart flyout/Quantity decrease - Product' is clicked on

2019-06-19 15:15:13 - [MESSAGE][PASSED] - Object: 'Object Repository/OCS-DESKTOP/Cart flyout/Quantity decrease - Product' is clicked on

2019-06-19 15:15:13 - [TEST_STEP][PASSED] - delay(1): Delayed 1 second(s)

2019-06-19 15:15:14 - [MESSAGE][PASSED] - Delayed 1 second(s)

2019-06-19 15:15:14 - [TEST_STEP][PASSED] - click(findTestObject("OCS-DESKTOP/Cart flyout/Quantity decrease - Product")): Object: 'Object Repository/OCS-DESKTOP/Cart flyout/Quantity decrease - Product' is clicked on

2019-06-19 15:15:15 - [MESSAGE][PASSED] - Object: 'Object Repository/OCS-DESKTOP/Cart flyout/Quantity decrease - Product' is clicked on

2019-06-19 15:15:15 - [TEST_STEP][PASSED] - delay(1): Delayed 1 second(s)

2019-06-19 15:15:16 - [MESSAGE][PASSED] - Delayed 1 second(s)

2019-06-19 15:15:16 - [TEST_STEP][PASSED] - click(findTestObject("OCS-DESKTOP/Cart flyout/Quantity decrease - Product")): Object: 'Object Repository/OCS-DESKTOP/Cart flyout/Quantity decrease - Product' is clicked on

2019-06-19 15:15:16 - [MESSAGE][PASSED] - Object: 'Object Repository/OCS-DESKTOP/Cart flyout/Quantity decrease - Product' is clicked on

2019-06-19 15:15:16 - [TEST_STEP][PASSED] - delay(5): Delayed 5 second(s)

2019-06-19 15:15:21 - [MESSAGE][PASSED] - Delayed 5 second(s)

2019-06-19 15:15:21 - [TEST_STEP][PASSED] - c = getText(findTestObject("OCS-DESKTOP/Cart flyout/Sub-total Price")): Text of object 'Object Repository/OCS-DESKTOP/Cart flyout/Sub-total Price' is: '$73.50'

2019-06-19 15:15:21 - [MESSAGE][PASSED] - Text of object 'Object Repository/OCS-DESKTOP/Cart flyout/Sub-total Price' is: '$73.50'

2019-06-19 15:15:21 - [TEST_STEP][PASSED] - comment(c): $73.50

2019-06-19 15:15:21 - [MESSAGE][INFO] - $73.50

2019-06-19 15:15:21 - [TEST_STEP][PASSED] - d = c.substring(1): null

2019-06-19 15:15:21 - [TEST_STEP][PASSED] - comment(d): 73.50

2019-06-19 15:15:21 - [MESSAGE][INFO] - 73.50

2019-06-19 15:15:21 - [TEST_STEP][PASSED] - verifyNotEqual("b", "d"): Actual object 'b' and expected object 'd' are not equal

2019-06-19 15:15:21 - [MESSAGE][PASSED] - Actual object 'b' and expected object 'd' are not equal

2019-06-19 15:15:21 - [TEST_STEP][PASSED] - comment(" Sub-total Price changed . Quantity selector is working"):  Sub-total Price changed . Quantity selector is working

2019-06-19 15:15:21 - [MESSAGE][INFO] -  Sub-total Price changed . Quantity selector is working]]></system-out>
         <system-err><![CDATA[]]></system-err>
      </testcase>
      <testcase name="Test Cases/OCS - DESKTOP/OCS- CRITICAL PATH/Checkout- Payment" classname="Test Cases/OCS - DESKTOP/OCS- CRITICAL PATH/Checkout- Payment" status="PASSED">
         <system-out><![CDATA[2019-06-19 15:15:21 - [TEST_CASE][PASSED] - Test Cases/OCS - DESKTOP/OCS- CRITICAL PATH/Checkout- Payment: Test Cases/OCS - DESKTOP/OCS- CRITICAL PATH/Checkout- Payment

2019-06-19 15:15:22 - [TEST_STEP][PASSED] - callTestCase(findTestCase("OCS - DESKTOP/CALL- Age gate"), [:], STOP_ON_FAILURE): Call Test Case 'Test Cases/OCS - DESKTOP/CALL- Age gate' successfully

2019-06-19 15:15:22 - [TEST_CASE][PASSED] - Test Cases/OCS - DESKTOP/CALL- Age gate: Test Cases/OCS - DESKTOP/CALL- Age gate

2019-06-19 15:15:22 - [TEST_STEP][PASSED] - openBrowser(""): Browser is opened with url: ''

2019-06-19 15:15:22 - [MESSAGE][WARNING] - A browser is already opened. Closing browser and opening a new one

2019-06-19 15:15:22 - [MESSAGE][INFO] - Starting 'Remote' driver

2019-06-19 15:15:22 - [MESSAGE][INFO] - User set preference: ['os', 'OS X']

2019-06-19 15:15:22 - [MESSAGE][INFO] - User set preference: ['os_version', 'High Sierra']

2019-06-19 15:15:22 - [MESSAGE][INFO] - User set preference: ['browser', 'Chrome']

2019-06-19 15:15:22 - [MESSAGE][INFO] - User set preference: ['browser_version', '76.0 beta']

2019-06-19 15:15:22 - [MESSAGE][INFO] - User set preference: ['resolution', '1280x960']

2019-06-19 15:15:22 - [MESSAGE][INFO] - User set preference: ['browserstack.local', '']

2019-06-19 15:15:22 - [MESSAGE][INFO] - Connecting to remote web server 'https://dianatest3:Z3oqw9ysqTeRQJq5wFCp@hub-cloud.browserstack.com/wd/hub' with type 'Selenium'

2019-06-19 15:15:28 - [MESSAGE][PASSED] - Browser is opened with url: ''

2019-06-19 15:15:28 - [TEST_STEP][PASSED] - navigateToUrl("https://ocs.ca/?fts=0&preview_theme_id=72920106828"): Navigate to 'https://ocs.ca/?fts=0&preview_theme_id=72920106828' successfully

2019-06-19 15:15:34 - [MESSAGE][PASSED] - Navigate to 'https://ocs.ca/?fts=0&preview_theme_id=72920106828' successfully

2019-06-19 15:15:34 - [TEST_STEP][PASSED] - maximizeWindow(): Current window maximized

2019-06-19 15:15:35 - [MESSAGE][PASSED] - Current window maximized

2019-06-19 15:15:35 - [TEST_STEP][PASSED] - delay(2): Delayed 2 second(s)

2019-06-19 15:15:37 - [MESSAGE][PASSED] - Delayed 2 second(s)

2019-06-19 15:15:37 - [TEST_STEP][PASSED] - executeJavaScript("var previewBar = document.getElementById("preview-bar-iframe"); previewBar.style.display = "none";", []): Execute JavaScript 'var previewBar = document.getElementById("preview-bar-iframe"); previewBar.style.display = "none";' successfully

2019-06-19 15:15:37 - [MESSAGE][PASSED] - Execute JavaScript 'var previewBar = document.getElementById("preview-bar-iframe"); previewBar.style.display = "none";' successfully

2019-06-19 15:15:37 - [TEST_STEP][PASSED] - selectOptionByValue(findTestObject("OCS-DESKTOP/Age gate and Mega menu/Date"), "12", true): All options with value '12' are selected in object 'Object Repository/OCS-DESKTOP/Age gate and Mega menu/Date'  using regular expression

2019-06-19 15:15:42 - [MESSAGE][PASSED] - All options with value '12' are selected in object 'Object Repository/OCS-DESKTOP/Age gate and Mega menu/Date'  using regular expression

2019-06-19 15:15:42 - [TEST_STEP][PASSED] - selectOptionByValue(findTestObject("OCS-DESKTOP/Age gate and Mega menu/month"), "6", true): All options with value '6' are selected in object 'Object Repository/OCS-DESKTOP/Age gate and Mega menu/month'  using regular expression

2019-06-19 15:15:45 - [MESSAGE][PASSED] - All options with value '6' are selected in object 'Object Repository/OCS-DESKTOP/Age gate and Mega menu/month'  using regular expression

2019-06-19 15:15:45 - [TEST_STEP][PASSED] - delay(2): Delayed 2 second(s)

2019-06-19 15:15:47 - [MESSAGE][PASSED] - Delayed 2 second(s)

2019-06-19 15:15:47 - [TEST_STEP][PASSED] - selectOptionByValue(findTestObject("OCS-DESKTOP/Age gate and Mega menu/Year Dropdown"), "1990", true): All options with value '1990' are selected in object 'Object Repository/OCS-DESKTOP/Age gate and Mega menu/Year Dropdown'  using regular expression

2019-06-19 15:16:02 - [MESSAGE][PASSED] - All options with value '1990' are selected in object 'Object Repository/OCS-DESKTOP/Age gate and Mega menu/Year Dropdown'  using regular expression

2019-06-19 15:16:02 - [TEST_STEP][PASSED] - click(findTestObject("OCS-DESKTOP/Age gate and Mega menu/button_Verify")): Object: 'Object Repository/OCS-DESKTOP/Age gate and Mega menu/button_Verify' is clicked on

2019-06-19 15:16:03 - [MESSAGE][PASSED] - Object: 'Object Repository/OCS-DESKTOP/Age gate and Mega menu/button_Verify' is clicked on

2019-06-19 15:16:03 - [TEST_STEP][PASSED] - click(findTestObject("OCS-DESKTOP/Age gate and Mega menu/Checkbox_CONFIRM AND ACKNOWLEDGE")): Object: 'Object Repository/OCS-DESKTOP/Age gate and Mega menu/Checkbox_CONFIRM AND ACKNOWLEDGE' is clicked on

2019-06-19 15:16:03 - [MESSAGE][PASSED] - Object: 'Object Repository/OCS-DESKTOP/Age gate and Mega menu/Checkbox_CONFIRM AND ACKNOWLEDGE' is clicked on

2019-06-19 15:16:03 - [TEST_STEP][PASSED] - click(findTestObject("OCS-DESKTOP/Age gate and Mega menu/button_CONFIRM")): Object: 'Object Repository/OCS-DESKTOP/Age gate and Mega menu/button_CONFIRM' is clicked on

2019-06-19 15:16:03 - [MESSAGE][PASSED] - Object: 'Object Repository/OCS-DESKTOP/Age gate and Mega menu/button_CONFIRM' is clicked on

2019-06-19 15:16:03 - [TEST_STEP][PASSED] - click(findTestObject("OCS-DESKTOP/Age gate and Mega menu/button_Start Browsing")): Object: 'Object Repository/OCS-DESKTOP/Age gate and Mega menu/button_Start Browsing' is clicked on

2019-06-19 15:16:04 - [MESSAGE][PASSED] - Object: 'Object Repository/OCS-DESKTOP/Age gate and Mega menu/button_Start Browsing' is clicked on

2019-06-19 15:16:04 - [TEST_STEP][PASSED] - delay(2): Delayed 2 second(s)

2019-06-19 15:16:06 - [MESSAGE][PASSED] - Delayed 2 second(s)

2019-06-19 15:16:06 - [TEST_STEP][PASSED] - refresh(): Refresh successfully

2019-06-19 15:16:06 - [MESSAGE][PASSED] - Refresh successfully

2019-06-19 15:16:06 - [MESSAGE][PASSED] - Call Test Case 'Test Cases/OCS - DESKTOP/CALL- Age gate' successfully

2019-06-19 15:16:06 - [TEST_STEP][PASSED] - click(findTestObject("OCS-DESKTOP/Age gate and Mega menu/Header/CANNABIS menu - English")): Object: 'Object Repository/OCS-DESKTOP/Age gate and Mega menu/Header/CANNABIS menu - English' is clicked on

2019-06-19 15:16:09 - [MESSAGE][PASSED] - Object: 'Object Repository/OCS-DESKTOP/Age gate and Mega menu/Header/CANNABIS menu - English' is clicked on

2019-06-19 15:16:09 - [TEST_STEP][PASSED] - delay(2): Delayed 2 second(s)

2019-06-19 15:16:11 - [MESSAGE][PASSED] - Delayed 2 second(s)

2019-06-19 15:16:11 - [TEST_STEP][PASSED] - click(findTestObject("OCS-DESKTOP/Age gate and Mega menu/Indica Dominant_Menu item")): Object: 'Object Repository/OCS-DESKTOP/Age gate and Mega menu/Indica Dominant_Menu item' is clicked on

2019-06-19 15:16:15 - [MESSAGE][PASSED] - Object: 'Object Repository/OCS-DESKTOP/Age gate and Mega menu/Indica Dominant_Menu item' is clicked on

2019-06-19 15:16:15 - [TEST_STEP][PASSED] - executeJavaScript("var previewBar = document.getElementById("preview-bar-iframe"); previewBar.style.display = "none";", []): Execute JavaScript 'var previewBar = document.getElementById("preview-bar-iframe"); previewBar.style.display = "none";' successfully

2019-06-19 15:16:15 - [MESSAGE][PASSED] - Execute JavaScript 'var previewBar = document.getElementById("preview-bar-iframe"); previewBar.style.display = "none";' successfully

2019-06-19 15:16:15 - [TEST_STEP][PASSED] - delay(2): Delayed 2 second(s)

2019-06-19 15:16:17 - [MESSAGE][PASSED] - Delayed 2 second(s)

2019-06-19 15:16:17 - [TEST_STEP][PASSED] - click(findTestObject("OCS-DESKTOP/Collection page/Product image - 1st one")): Object: 'Object Repository/OCS-DESKTOP/Collection page/Product image - 1st one' is clicked on

2019-06-19 15:16:21 - [MESSAGE][PASSED] - Object: 'Object Repository/OCS-DESKTOP/Collection page/Product image - 1st one' is clicked on

2019-06-19 15:16:21 - [TEST_STEP][PASSED] - executeJavaScript("var previewBar = document.getElementById("preview-bar-iframe"); previewBar.style.display = "none";", []): Execute JavaScript 'var previewBar = document.getElementById("preview-bar-iframe"); previewBar.style.display = "none";' successfully

2019-06-19 15:16:21 - [MESSAGE][PASSED] - Execute JavaScript 'var previewBar = document.getElementById("preview-bar-iframe"); previewBar.style.display = "none";' successfully

2019-06-19 15:16:21 - [TEST_STEP][PASSED] - delay(1): Delayed 1 second(s)

2019-06-19 15:16:22 - [MESSAGE][PASSED] - Delayed 1 second(s)

2019-06-19 15:16:22 - [TEST_STEP][PASSED] - delay(3): Delayed 3 second(s)

2019-06-19 15:16:25 - [MESSAGE][PASSED] - Delayed 3 second(s)

2019-06-19 15:16:25 - [TEST_STEP][NOT_RUN] - scrollToElement(findTestObject("OCS-DESKTOP/Product page/Product image"), 1): NOT_RUN: scrollToElement(findTestObject("OCS-DESKTOP/Product page/Product image"), 1)

2019-06-19 15:16:25 - [MESSAGE][NOT_RUN] - NOT_RUN: scrollToElement(findTestObject("OCS-DESKTOP/Product page/Product image"), 1)

2019-06-19 15:16:25 - [TEST_STEP][PASSED] - click(findTestObject("OCS-DESKTOP/Product page/Swatch_1g")): Object: 'Object Repository/OCS-DESKTOP/Product page/Swatch_1g' is clicked on

2019-06-19 15:16:26 - [MESSAGE][PASSED] - Object: 'Object Repository/OCS-DESKTOP/Product page/Swatch_1g' is clicked on

2019-06-19 15:16:26 - [TEST_STEP][PASSED] - delay(2): Delayed 2 second(s)

2019-06-19 15:16:28 - [MESSAGE][PASSED] - Delayed 2 second(s)

2019-06-19 15:16:28 - [TEST_STEP][PASSED] - click(findTestObject("OCS-DESKTOP/Product page/Add to Bag-button")): Object: 'Object Repository/OCS-DESKTOP/Product page/Add to Bag-button' is clicked on

2019-06-19 15:16:28 - [MESSAGE][PASSED] - Object: 'Object Repository/OCS-DESKTOP/Product page/Add to Bag-button' is clicked on

2019-06-19 15:16:28 - [TEST_STEP][PASSED] - delay(1): Delayed 1 second(s)

2019-06-19 15:16:29 - [MESSAGE][PASSED] - Delayed 1 second(s)

2019-06-19 15:16:29 - [TEST_STEP][NOT_RUN] - click(findTestObject("OCS-DESKTOP/Home - page/Cart icon -bag")): NOT_RUN: click(findTestObject("OCS-DESKTOP/Home - page/Cart icon -bag"))

2019-06-19 15:16:29 - [MESSAGE][NOT_RUN] - NOT_RUN: click(findTestObject("OCS-DESKTOP/Home - page/Cart icon -bag"))

2019-06-19 15:16:29 - [TEST_STEP][PASSED] - delay(1): Delayed 1 second(s)

2019-06-19 15:16:30 - [MESSAGE][PASSED] - Delayed 1 second(s)

2019-06-19 15:16:30 - [TEST_STEP][PASSED] - click(findTestObject("OCS-DESKTOP/Cart flyout/Checkbox_I confirm that")): Object: 'Object Repository/OCS-DESKTOP/Cart flyout/Checkbox_I confirm that' is clicked on

2019-06-19 15:16:30 - [MESSAGE][PASSED] - Object: 'Object Repository/OCS-DESKTOP/Cart flyout/Checkbox_I confirm that' is clicked on

2019-06-19 15:16:30 - [TEST_STEP][PASSED] - delay(1): Delayed 1 second(s)

2019-06-19 15:16:31 - [MESSAGE][PASSED] - Delayed 1 second(s)

2019-06-19 15:16:31 - [TEST_STEP][PASSED] - click(findTestObject("OCS-DESKTOP/Cart flyout/Checkbox_Accept the Terms Condition")): Object: 'Object Repository/OCS-DESKTOP/Cart flyout/Checkbox_Accept the Terms Condition' is clicked on

2019-06-19 15:16:31 - [MESSAGE][PASSED] - Object: 'Object Repository/OCS-DESKTOP/Cart flyout/Checkbox_Accept the Terms Condition' is clicked on

2019-06-19 15:16:31 - [TEST_STEP][PASSED] - delay(1): Delayed 1 second(s)

2019-06-19 15:16:32 - [MESSAGE][PASSED] - Delayed 1 second(s)

2019-06-19 15:16:32 - [TEST_STEP][PASSED] - click(findTestObject("OCS-DESKTOP/Cart flyout/Checkout - Button")): Object: 'Object Repository/OCS-DESKTOP/Cart flyout/Checkout - Button' is clicked on

2019-06-19 15:16:41 - [MESSAGE][PASSED] - Object: 'Object Repository/OCS-DESKTOP/Cart flyout/Checkout - Button' is clicked on

2019-06-19 15:16:41 - [TEST_STEP][PASSED] - executeJavaScript("var previewBar = document.getElementById("preview-bar-iframe"); previewBar.style.display = "none";", []): Execute JavaScript 'var previewBar = document.getElementById("preview-bar-iframe"); previewBar.style.display = "none";' successfully

2019-06-19 15:16:41 - [MESSAGE][PASSED] - Execute JavaScript 'var previewBar = document.getElementById("preview-bar-iframe"); previewBar.style.display = "none";' successfully

2019-06-19 15:16:41 - [TEST_STEP][PASSED] - delay(1): Delayed 1 second(s)

2019-06-19 15:16:42 - [MESSAGE][PASSED] - Delayed 1 second(s)

2019-06-19 15:16:42 - [TEST_STEP][PASSED] - delay(2): Delayed 2 second(s)

2019-06-19 15:16:44 - [MESSAGE][PASSED] - Delayed 2 second(s)

2019-06-19 15:16:44 - [TEST_STEP][PASSED] - scrollToElement(findTestObject("OCS-DESKTOP/Customer info page/input_Email"), 0): Scroll to object 'Object Repository/OCS-DESKTOP/Customer info page/input_Email' successfully

2019-06-19 15:16:44 - [MESSAGE][WARNING] - Timeout '0' is invalid. Using default page load timeout: '30'

2019-06-19 15:16:44 - [MESSAGE][PASSED] - Scroll to object 'Object Repository/OCS-DESKTOP/Customer info page/input_Email' successfully

2019-06-19 15:16:44 - [TEST_STEP][PASSED] - setText(findTestObject("OCS-DESKTOP/Customer info page/input_Email"), "suman.kompelly@diffagency.com"): Text 'suman.kompelly@diffagency.com' is set on object 'Object Repository/OCS-DESKTOP/Customer info page/input_Email'

2019-06-19 15:16:45 - [MESSAGE][PASSED] - Text 'suman.kompelly@diffagency.com' is set on object 'Object Repository/OCS-DESKTOP/Customer info page/input_Email'

2019-06-19 15:16:45 - [TEST_STEP][PASSED] - setText(findTestObject("OCS-DESKTOP/Customer info page/input_First name"), "suman"): Text 'suman' is set on object 'Object Repository/OCS-DESKTOP/Customer info page/input_First name'

2019-06-19 15:16:46 - [MESSAGE][PASSED] - Text 'suman' is set on object 'Object Repository/OCS-DESKTOP/Customer info page/input_First name'

2019-06-19 15:16:46 - [TEST_STEP][PASSED] - setText(findTestObject("OCS-DESKTOP/Customer info page/input_Last name"), "kompelly"): Text 'kompelly' is set on object 'Object Repository/OCS-DESKTOP/Customer info page/input_Last name'

2019-06-19 15:16:46 - [MESSAGE][PASSED] - Text 'kompelly' is set on object 'Object Repository/OCS-DESKTOP/Customer info page/input_Last name'

2019-06-19 15:16:46 - [TEST_STEP][PASSED] - setText(findTestObject("OCS-DESKTOP/Customer info page/input_Address"), "300 saint alxendre"): Text '300 saint alxendre' is set on object 'Object Repository/OCS-DESKTOP/Customer info page/input_Address'

2019-06-19 15:16:47 - [MESSAGE][PASSED] - Text '300 saint alxendre' is set on object 'Object Repository/OCS-DESKTOP/Customer info page/input_Address'

2019-06-19 15:16:47 - [TEST_STEP][PASSED] - setText(findTestObject("OCS-DESKTOP/Customer info page/input_Apartment suite etc. (op"), "199"): Text '199' is set on object 'Object Repository/OCS-DESKTOP/Customer info page/input_Apartment suite etc. (op'

2019-06-19 15:16:48 - [MESSAGE][PASSED] - Text '199' is set on object 'Object Repository/OCS-DESKTOP/Customer info page/input_Apartment suite etc. (op'

2019-06-19 15:16:48 - [TEST_STEP][PASSED] - setText(findTestObject("OCS-DESKTOP/Customer info page/input_City"), "montreal"): Text 'montreal' is set on object 'Object Repository/OCS-DESKTOP/Customer info page/input_City'

2019-06-19 15:16:49 - [MESSAGE][PASSED] - Text 'montreal' is set on object 'Object Repository/OCS-DESKTOP/Customer info page/input_City'

2019-06-19 15:16:49 - [TEST_STEP][PASSED] - setText(findTestObject("OCS-DESKTOP/Customer info page/input_Postal code"), "n0R1K0"): Text 'n0R1K0' is set on object 'Object Repository/OCS-DESKTOP/Customer info page/input_Postal code'

2019-06-19 15:16:49 - [MESSAGE][PASSED] - Text 'n0R1K0' is set on object 'Object Repository/OCS-DESKTOP/Customer info page/input_Postal code'

2019-06-19 15:16:49 - [TEST_STEP][PASSED] - setText(findTestObject("OCS-DESKTOP/Customer info page/input_Phone"), "(514) 449-3882"): Text '(514) 449-3882' is set on object 'Object Repository/OCS-DESKTOP/Customer info page/input_Phone'

2019-06-19 15:16:50 - [MESSAGE][PASSED] - Text '(514) 449-3882' is set on object 'Object Repository/OCS-DESKTOP/Customer info page/input_Phone'

2019-06-19 15:16:50 - [TEST_STEP][PASSED] - delay(3): Delayed 3 second(s)

2019-06-19 15:16:53 - [MESSAGE][PASSED] - Delayed 3 second(s)

2019-06-19 15:16:53 - [TEST_STEP][PASSED] - click(findTestObject("OCS-DESKTOP/Customer info page/Continue to shipping method - Button")): Object: 'Object Repository/OCS-DESKTOP/Customer info page/Continue to shipping method - Button' is clicked on

2019-06-19 15:16:56 - [MESSAGE][PASSED] - Object: 'Object Repository/OCS-DESKTOP/Customer info page/Continue to shipping method - Button' is clicked on

2019-06-19 15:16:56 - [TEST_STEP][PASSED] - delay(3): Delayed 3 second(s)

2019-06-19 15:16:59 - [MESSAGE][PASSED] - Delayed 3 second(s)

2019-06-19 15:16:59 - [TEST_STEP][PASSED] - executeJavaScript("var previewBar = document.getElementById("preview-bar-iframe"); previewBar.style.display = "none";", []): Execute JavaScript 'var previewBar = document.getElementById("preview-bar-iframe"); previewBar.style.display = "none";' successfully

2019-06-19 15:16:59 - [MESSAGE][PASSED] - Execute JavaScript 'var previewBar = document.getElementById("preview-bar-iframe"); previewBar.style.display = "none";' successfully

2019-06-19 15:16:59 - [TEST_STEP][PASSED] - delay(1): Delayed 1 second(s)

2019-06-19 15:17:00 - [MESSAGE][PASSED] - Delayed 1 second(s)

2019-06-19 15:17:00 - [TEST_STEP][PASSED] - delay(1): Delayed 1 second(s)

2019-06-19 15:17:01 - [MESSAGE][PASSED] - Delayed 1 second(s)

2019-06-19 15:17:01 - [TEST_STEP][PASSED] - click(findTestObject("OCS-DESKTOP/Shipping page/Continue to payment method - Button")): Object: 'Object Repository/OCS-DESKTOP/Shipping page/Continue to payment method - Button' is clicked on

2019-06-19 15:17:04 - [MESSAGE][PASSED] - Object: 'Object Repository/OCS-DESKTOP/Shipping page/Continue to payment method - Button' is clicked on

2019-06-19 15:17:04 - [TEST_STEP][PASSED] - executeJavaScript("var previewBar = document.getElementById("preview-bar-iframe"); previewBar.style.display = "none";", []): Execute JavaScript 'var previewBar = document.getElementById("preview-bar-iframe"); previewBar.style.display = "none";' successfully

2019-06-19 15:17:04 - [MESSAGE][PASSED] - Execute JavaScript 'var previewBar = document.getElementById("preview-bar-iframe"); previewBar.style.display = "none";' successfully

2019-06-19 15:17:04 - [TEST_STEP][PASSED] - delay(1): Delayed 1 second(s)

2019-06-19 15:17:05 - [MESSAGE][PASSED] - Delayed 1 second(s)

2019-06-19 15:17:05 - [TEST_STEP][PASSED] - click(findTestObject("OCS-DESKTOP/Payment -page/Change link span 1")): Object: 'Object Repository/OCS-DESKTOP/Payment -page/Change link span 1' is clicked on

2019-06-19 15:17:07 - [MESSAGE][PASSED] - Object: 'Object Repository/OCS-DESKTOP/Payment -page/Change link span 1' is clicked on

2019-06-19 15:17:07 - [TEST_STEP][PASSED] - executeJavaScript("var previewBar = document.getElementById("preview-bar-iframe"); previewBar.style.display = "none";", []): Execute JavaScript 'var previewBar = document.getElementById("preview-bar-iframe"); previewBar.style.display = "none";' successfully

2019-06-19 15:17:07 - [MESSAGE][PASSED] - Execute JavaScript 'var previewBar = document.getElementById("preview-bar-iframe"); previewBar.style.display = "none";' successfully

2019-06-19 15:17:07 - [TEST_STEP][PASSED] - delay(1): Delayed 1 second(s)

2019-06-19 15:17:08 - [MESSAGE][PASSED] - Delayed 1 second(s)

2019-06-19 15:17:08 - [TEST_STEP][PASSED] - click(findTestObject("OCS-DESKTOP/Shipping page/Continue to payment method - Button")): Object: 'Object Repository/OCS-DESKTOP/Shipping page/Continue to payment method - Button' is clicked on

2019-06-19 15:17:11 - [MESSAGE][PASSED] - Object: 'Object Repository/OCS-DESKTOP/Shipping page/Continue to payment method - Button' is clicked on

2019-06-19 15:17:11 - [TEST_STEP][PASSED] - executeJavaScript("var previewBar = document.getElementById("preview-bar-iframe"); previewBar.style.display = "none";", []): Execute JavaScript 'var previewBar = document.getElementById("preview-bar-iframe"); previewBar.style.display = "none";' successfully

2019-06-19 15:17:11 - [MESSAGE][PASSED] - Execute JavaScript 'var previewBar = document.getElementById("preview-bar-iframe"); previewBar.style.display = "none";' successfully

2019-06-19 15:17:11 - [TEST_STEP][PASSED] - delay(1): Delayed 1 second(s)

2019-06-19 15:17:12 - [MESSAGE][PASSED] - Delayed 1 second(s)

2019-06-19 15:17:12 - [TEST_STEP][PASSED] - click(findTestObject("OCS-DESKTOP/Shipping page/Continue to payment method - Button")): Object: 'Object Repository/OCS-DESKTOP/Shipping page/Continue to payment method - Button' is clicked on

2019-06-19 15:17:15 - [MESSAGE][PASSED] - Object: 'Object Repository/OCS-DESKTOP/Shipping page/Continue to payment method - Button' is clicked on

2019-06-19 15:17:15 - [TEST_STEP][PASSED] - executeJavaScript("var previewBar = document.getElementById("preview-bar-iframe"); previewBar.style.display = "none";", []): Execute JavaScript 'var previewBar = document.getElementById("preview-bar-iframe"); previewBar.style.display = "none";' successfully

2019-06-19 15:17:15 - [MESSAGE][PASSED] - Execute JavaScript 'var previewBar = document.getElementById("preview-bar-iframe"); previewBar.style.display = "none";' successfully

2019-06-19 15:17:15 - [TEST_STEP][PASSED] - delay(1): Delayed 1 second(s)

2019-06-19 15:17:16 - [MESSAGE][PASSED] - Delayed 1 second(s)

2019-06-19 15:17:16 - [TEST_STEP][PASSED] - click(findTestObject("OCS-DESKTOP/Payment -page/Change link span 2")): Object: 'Object Repository/OCS-DESKTOP/Payment -page/Change link span 2' is clicked on

2019-06-19 15:17:18 - [MESSAGE][PASSED] - Object: 'Object Repository/OCS-DESKTOP/Payment -page/Change link span 2' is clicked on

2019-06-19 15:17:18 - [TEST_STEP][PASSED] - executeJavaScript("var previewBar = document.getElementById("preview-bar-iframe"); previewBar.style.display = "none";", []): Execute JavaScript 'var previewBar = document.getElementById("preview-bar-iframe"); previewBar.style.display = "none";' successfully

2019-06-19 15:17:18 - [MESSAGE][PASSED] - Execute JavaScript 'var previewBar = document.getElementById("preview-bar-iframe"); previewBar.style.display = "none";' successfully

2019-06-19 15:17:18 - [TEST_STEP][PASSED] - delay(1): Delayed 1 second(s)

2019-06-19 15:17:19 - [MESSAGE][PASSED] - Delayed 1 second(s)

2019-06-19 15:17:19 - [TEST_STEP][PASSED] - click(findTestObject("OCS-DESKTOP/Shipping page/Continue to payment method - Button")): Object: 'Object Repository/OCS-DESKTOP/Shipping page/Continue to payment method - Button' is clicked on

2019-06-19 15:17:22 - [MESSAGE][PASSED] - Object: 'Object Repository/OCS-DESKTOP/Shipping page/Continue to payment method - Button' is clicked on

2019-06-19 15:17:22 - [TEST_STEP][PASSED] - executeJavaScript("var previewBar = document.getElementById("preview-bar-iframe"); previewBar.style.display = "none";", []): Execute JavaScript 'var previewBar = document.getElementById("preview-bar-iframe"); previewBar.style.display = "none";' successfully

2019-06-19 15:17:22 - [MESSAGE][PASSED] - Execute JavaScript 'var previewBar = document.getElementById("preview-bar-iframe"); previewBar.style.display = "none";' successfully

2019-06-19 15:17:22 - [TEST_STEP][PASSED] - delay(1): Delayed 1 second(s)

2019-06-19 15:17:23 - [MESSAGE][PASSED] - Delayed 1 second(s)

2019-06-19 15:17:23 - [TEST_STEP][PASSED] - click(findTestObject("OCS-DESKTOP/Shipping page/Continue to payment method - Button")): Object: 'Object Repository/OCS-DESKTOP/Shipping page/Continue to payment method - Button' is clicked on

2019-06-19 15:17:25 - [MESSAGE][PASSED] - Object: 'Object Repository/OCS-DESKTOP/Shipping page/Continue to payment method - Button' is clicked on

2019-06-19 15:17:25 - [TEST_STEP][PASSED] - executeJavaScript("var previewBar = document.getElementById("preview-bar-iframe"); previewBar.style.display = "none";", []): Execute JavaScript 'var previewBar = document.getElementById("preview-bar-iframe"); previewBar.style.display = "none";' successfully

2019-06-19 15:17:25 - [MESSAGE][PASSED] - Execute JavaScript 'var previewBar = document.getElementById("preview-bar-iframe"); previewBar.style.display = "none";' successfully

2019-06-19 15:17:25 - [TEST_STEP][PASSED] - click(findTestObject("OCS-DESKTOP/Customer info page/Cart - Breadcrumb link")): Object: 'Object Repository/OCS-DESKTOP/Customer info page/Cart - Breadcrumb link' is clicked on

2019-06-19 15:17:27 - [MESSAGE][PASSED] - Object: 'Object Repository/OCS-DESKTOP/Customer info page/Cart - Breadcrumb link' is clicked on

2019-06-19 15:17:27 - [TEST_STEP][PASSED] - executeJavaScript("var previewBar = document.getElementById("preview-bar-iframe"); previewBar.style.display = "none";", []): Execute JavaScript 'var previewBar = document.getElementById("preview-bar-iframe"); previewBar.style.display = "none";' successfully

2019-06-19 15:17:27 - [MESSAGE][PASSED] - Execute JavaScript 'var previewBar = document.getElementById("preview-bar-iframe"); previewBar.style.display = "none";' successfully

2019-06-19 15:17:27 - [TEST_STEP][PASSED] - delay(1): Delayed 1 second(s)

2019-06-19 15:17:28 - [MESSAGE][PASSED] - Delayed 1 second(s)

2019-06-19 15:17:28 - [TEST_STEP][PASSED] - click(findTestObject("OCS-DESKTOP/Cart page/cart page-Checkbox_I confirm that")): Object: 'Object Repository/OCS-DESKTOP/Cart page/cart page-Checkbox_I confirm that' is clicked on

2019-06-19 15:17:29 - [MESSAGE][PASSED] - Object: 'Object Repository/OCS-DESKTOP/Cart page/cart page-Checkbox_I confirm that' is clicked on

2019-06-19 15:17:29 - [TEST_STEP][PASSED] - delay(1): Delayed 1 second(s)

2019-06-19 15:17:30 - [MESSAGE][PASSED] - Delayed 1 second(s)

2019-06-19 15:17:30 - [TEST_STEP][PASSED] - click(findTestObject("OCS-DESKTOP/Cart page/cart page - Checkbox_Accept the Terms Condition")): Object: 'Object Repository/OCS-DESKTOP/Cart page/cart page - Checkbox_Accept the Terms Condition' is clicked on

2019-06-19 15:17:30 - [MESSAGE][PASSED] - Object: 'Object Repository/OCS-DESKTOP/Cart page/cart page - Checkbox_Accept the Terms Condition' is clicked on

2019-06-19 15:17:30 - [TEST_STEP][PASSED] - delay(1): Delayed 1 second(s)

2019-06-19 15:17:31 - [MESSAGE][PASSED] - Delayed 1 second(s)

2019-06-19 15:17:31 - [TEST_STEP][PASSED] - click(findTestObject("OCS-DESKTOP/Cart page/Cart page -checkout button")): Object: 'Object Repository/OCS-DESKTOP/Cart page/Cart page -checkout button' is clicked on

2019-06-19 15:17:34 - [MESSAGE][PASSED] - Object: 'Object Repository/OCS-DESKTOP/Cart page/Cart page -checkout button' is clicked on

2019-06-19 15:17:34 - [TEST_STEP][PASSED] - delay(1): Delayed 1 second(s)

2019-06-19 15:17:35 - [MESSAGE][PASSED] - Delayed 1 second(s)

2019-06-19 15:17:35 - [TEST_STEP][PASSED] - click(findTestObject("OCS-DESKTOP/Payment -page/Information - Breadcrumb link")): Object: 'Object Repository/OCS-DESKTOP/Payment -page/Information - Breadcrumb link' is clicked on

2019-06-19 15:17:37 - [MESSAGE][PASSED] - Object: 'Object Repository/OCS-DESKTOP/Payment -page/Information - Breadcrumb link' is clicked on

2019-06-19 15:17:37 - [TEST_STEP][PASSED] - delay(1): Delayed 1 second(s)

2019-06-19 15:17:38 - [MESSAGE][PASSED] - Delayed 1 second(s)

2019-06-19 15:17:38 - [TEST_STEP][PASSED] - executeJavaScript("var previewBar = document.getElementById("preview-bar-iframe"); previewBar.style.display = "none";", []): Execute JavaScript 'var previewBar = document.getElementById("preview-bar-iframe"); previewBar.style.display = "none";' successfully

2019-06-19 15:17:38 - [MESSAGE][PASSED] - Execute JavaScript 'var previewBar = document.getElementById("preview-bar-iframe"); previewBar.style.display = "none";' successfully

2019-06-19 15:17:38 - [TEST_STEP][PASSED] - delay(1): Delayed 1 second(s)

2019-06-19 15:17:39 - [MESSAGE][PASSED] - Delayed 1 second(s)

2019-06-19 15:17:39 - [TEST_STEP][PASSED] - click(findTestObject("OCS-DESKTOP/Customer info page/Continue to shipping method - Button")): Object: 'Object Repository/OCS-DESKTOP/Customer info page/Continue to shipping method - Button' is clicked on

2019-06-19 15:17:41 - [MESSAGE][PASSED] - Object: 'Object Repository/OCS-DESKTOP/Customer info page/Continue to shipping method - Button' is clicked on

2019-06-19 15:17:41 - [TEST_STEP][PASSED] - delay(1): Delayed 1 second(s)

2019-06-19 15:17:42 - [MESSAGE][PASSED] - Delayed 1 second(s)

2019-06-19 15:17:42 - [TEST_STEP][PASSED] - click(findTestObject("OCS-DESKTOP/Shipping page/Shipping - Breadcrumb link")): Object: 'Object Repository/OCS-DESKTOP/Shipping page/Shipping - Breadcrumb link' is clicked on

2019-06-19 15:17:44 - [MESSAGE][PASSED] - Object: 'Object Repository/OCS-DESKTOP/Shipping page/Shipping - Breadcrumb link' is clicked on

2019-06-19 15:17:44 - [TEST_STEP][PASSED] - executeJavaScript("var previewBar = document.getElementById("preview-bar-iframe"); previewBar.style.display = "none";", []): Execute JavaScript 'var previewBar = document.getElementById("preview-bar-iframe"); previewBar.style.display = "none";' successfully

2019-06-19 15:17:44 - [MESSAGE][PASSED] - Execute JavaScript 'var previewBar = document.getElementById("preview-bar-iframe"); previewBar.style.display = "none";' successfully

2019-06-19 15:17:44 - [TEST_STEP][PASSED] - delay(1): Delayed 1 second(s)

2019-06-19 15:17:45 - [MESSAGE][PASSED] - Delayed 1 second(s)

2019-06-19 15:17:45 - [TEST_STEP][PASSED] - click(findTestObject("OCS-DESKTOP/Shipping page/Continue to payment method - Button")): Object: 'Object Repository/OCS-DESKTOP/Shipping page/Continue to payment method - Button' is clicked on

2019-06-19 15:17:47 - [MESSAGE][PASSED] - Object: 'Object Repository/OCS-DESKTOP/Shipping page/Continue to payment method - Button' is clicked on]]></system-out>
         <system-err><![CDATA[]]></system-err>
      </testcase>
      <testcase name="Test Cases/OCS - DESKTOP/OCS- CRITICAL PATH/Checkout - customer information page" classname="Test Cases/OCS - DESKTOP/OCS- CRITICAL PATH/Checkout - customer information page" status="PASSED">
         <system-out><![CDATA[2019-06-19 15:17:47 - [TEST_CASE][PASSED] - Test Cases/OCS - DESKTOP/OCS- CRITICAL PATH/Checkout - customer information page: Test Cases/OCS - DESKTOP/OCS- CRITICAL PATH/Checkout - customer information page

2019-06-19 15:17:47 - [TEST_STEP][PASSED] - callTestCase(findTestCase("OCS - DESKTOP/CALL- Age gate"), [:], STOP_ON_FAILURE): Call Test Case 'Test Cases/OCS - DESKTOP/CALL- Age gate' successfully

2019-06-19 15:17:47 - [TEST_CASE][PASSED] - Test Cases/OCS - DESKTOP/CALL- Age gate: Test Cases/OCS - DESKTOP/CALL- Age gate

2019-06-19 15:17:47 - [TEST_STEP][PASSED] - openBrowser(""): Browser is opened with url: ''

2019-06-19 15:17:47 - [MESSAGE][WARNING] - A browser is already opened. Closing browser and opening a new one

2019-06-19 15:17:48 - [MESSAGE][INFO] - Starting 'Remote' driver

2019-06-19 15:17:48 - [MESSAGE][INFO] - User set preference: ['os', 'OS X']

2019-06-19 15:17:48 - [MESSAGE][INFO] - User set preference: ['os_version', 'High Sierra']

2019-06-19 15:17:48 - [MESSAGE][INFO] - User set preference: ['browser', 'Chrome']

2019-06-19 15:17:48 - [MESSAGE][INFO] - User set preference: ['browser_version', '76.0 beta']

2019-06-19 15:17:48 - [MESSAGE][INFO] - User set preference: ['resolution', '1280x960']

2019-06-19 15:17:48 - [MESSAGE][INFO] - User set preference: ['browserstack.local', '']

2019-06-19 15:17:48 - [MESSAGE][INFO] - Connecting to remote web server 'https://dianatest3:Z3oqw9ysqTeRQJq5wFCp@hub-cloud.browserstack.com/wd/hub' with type 'Selenium'

2019-06-19 15:17:53 - [MESSAGE][PASSED] - Browser is opened with url: ''

2019-06-19 15:17:53 - [TEST_STEP][PASSED] - navigateToUrl("https://ocs.ca/?fts=0&preview_theme_id=72920106828"): Navigate to 'https://ocs.ca/?fts=0&preview_theme_id=72920106828' successfully

2019-06-19 15:17:58 - [MESSAGE][PASSED] - Navigate to 'https://ocs.ca/?fts=0&preview_theme_id=72920106828' successfully

2019-06-19 15:17:58 - [TEST_STEP][PASSED] - maximizeWindow(): Current window maximized

2019-06-19 15:17:58 - [MESSAGE][PASSED] - Current window maximized

2019-06-19 15:17:58 - [TEST_STEP][PASSED] - delay(2): Delayed 2 second(s)

2019-06-19 15:18:00 - [MESSAGE][PASSED] - Delayed 2 second(s)

2019-06-19 15:18:00 - [TEST_STEP][PASSED] - executeJavaScript("var previewBar = document.getElementById("preview-bar-iframe"); previewBar.style.display = "none";", []): Execute JavaScript 'var previewBar = document.getElementById("preview-bar-iframe"); previewBar.style.display = "none";' successfully

2019-06-19 15:18:00 - [MESSAGE][PASSED] - Execute JavaScript 'var previewBar = document.getElementById("preview-bar-iframe"); previewBar.style.display = "none";' successfully

2019-06-19 15:18:00 - [TEST_STEP][PASSED] - selectOptionByValue(findTestObject("OCS-DESKTOP/Age gate and Mega menu/Date"), "12", true): All options with value '12' are selected in object 'Object Repository/OCS-DESKTOP/Age gate and Mega menu/Date'  using regular expression

2019-06-19 15:18:05 - [MESSAGE][PASSED] - All options with value '12' are selected in object 'Object Repository/OCS-DESKTOP/Age gate and Mega menu/Date'  using regular expression

2019-06-19 15:18:06 - [TEST_STEP][PASSED] - selectOptionByValue(findTestObject("OCS-DESKTOP/Age gate and Mega menu/month"), "6", true): All options with value '6' are selected in object 'Object Repository/OCS-DESKTOP/Age gate and Mega menu/month'  using regular expression

2019-06-19 15:18:08 - [MESSAGE][PASSED] - All options with value '6' are selected in object 'Object Repository/OCS-DESKTOP/Age gate and Mega menu/month'  using regular expression

2019-06-19 15:18:08 - [TEST_STEP][PASSED] - delay(2): Delayed 2 second(s)

2019-06-19 15:18:10 - [MESSAGE][PASSED] - Delayed 2 second(s)

2019-06-19 15:18:10 - [TEST_STEP][PASSED] - selectOptionByValue(findTestObject("OCS-DESKTOP/Age gate and Mega menu/Year Dropdown"), "1990", true): All options with value '1990' are selected in object 'Object Repository/OCS-DESKTOP/Age gate and Mega menu/Year Dropdown'  using regular expression

2019-06-19 15:18:24 - [MESSAGE][PASSED] - All options with value '1990' are selected in object 'Object Repository/OCS-DESKTOP/Age gate and Mega menu/Year Dropdown'  using regular expression

2019-06-19 15:18:24 - [TEST_STEP][PASSED] - click(findTestObject("OCS-DESKTOP/Age gate and Mega menu/button_Verify")): Object: 'Object Repository/OCS-DESKTOP/Age gate and Mega menu/button_Verify' is clicked on

2019-06-19 15:18:24 - [MESSAGE][PASSED] - Object: 'Object Repository/OCS-DESKTOP/Age gate and Mega menu/button_Verify' is clicked on

2019-06-19 15:18:24 - [TEST_STEP][PASSED] - click(findTestObject("OCS-DESKTOP/Age gate and Mega menu/Checkbox_CONFIRM AND ACKNOWLEDGE")): Object: 'Object Repository/OCS-DESKTOP/Age gate and Mega menu/Checkbox_CONFIRM AND ACKNOWLEDGE' is clicked on

2019-06-19 15:18:25 - [MESSAGE][PASSED] - Object: 'Object Repository/OCS-DESKTOP/Age gate and Mega menu/Checkbox_CONFIRM AND ACKNOWLEDGE' is clicked on

2019-06-19 15:18:25 - [TEST_STEP][PASSED] - click(findTestObject("OCS-DESKTOP/Age gate and Mega menu/button_CONFIRM")): Object: 'Object Repository/OCS-DESKTOP/Age gate and Mega menu/button_CONFIRM' is clicked on

2019-06-19 15:18:25 - [MESSAGE][PASSED] - Object: 'Object Repository/OCS-DESKTOP/Age gate and Mega menu/button_CONFIRM' is clicked on

2019-06-19 15:18:25 - [TEST_STEP][PASSED] - click(findTestObject("OCS-DESKTOP/Age gate and Mega menu/button_Start Browsing")): Object: 'Object Repository/OCS-DESKTOP/Age gate and Mega menu/button_Start Browsing' is clicked on

2019-06-19 15:18:25 - [MESSAGE][PASSED] - Object: 'Object Repository/OCS-DESKTOP/Age gate and Mega menu/button_Start Browsing' is clicked on

2019-06-19 15:18:25 - [TEST_STEP][PASSED] - delay(2): Delayed 2 second(s)

2019-06-19 15:18:27 - [MESSAGE][PASSED] - Delayed 2 second(s)

2019-06-19 15:18:27 - [TEST_STEP][PASSED] - refresh(): Refresh successfully

2019-06-19 15:18:31 - [MESSAGE][PASSED] - Refresh successfully

2019-06-19 15:18:31 - [MESSAGE][PASSED] - Call Test Case 'Test Cases/OCS - DESKTOP/CALL- Age gate' successfully

2019-06-19 15:18:31 - [TEST_STEP][PASSED] - delay(2): Delayed 2 second(s)

2019-06-19 15:18:33 - [MESSAGE][PASSED] - Delayed 2 second(s)

2019-06-19 15:18:33 - [TEST_STEP][PASSED] - click(findTestObject("OCS-DESKTOP/Age gate and Mega menu/Header/CANNABIS menu - English")): Object: 'Object Repository/OCS-DESKTOP/Age gate and Mega menu/Header/CANNABIS menu - English' is clicked on

2019-06-19 15:18:33 - [MESSAGE][PASSED] - Object: 'Object Repository/OCS-DESKTOP/Age gate and Mega menu/Header/CANNABIS menu - English' is clicked on

2019-06-19 15:18:33 - [TEST_STEP][PASSED] - delay(2): Delayed 2 second(s)

2019-06-19 15:18:35 - [MESSAGE][PASSED] - Delayed 2 second(s)

2019-06-19 15:18:35 - [TEST_STEP][PASSED] - executeJavaScript("var previewBar = document.getElementById("preview-bar-iframe"); previewBar.style.display = "none";", []): Execute JavaScript 'var previewBar = document.getElementById("preview-bar-iframe"); previewBar.style.display = "none";' successfully

2019-06-19 15:18:35 - [MESSAGE][PASSED] - Execute JavaScript 'var previewBar = document.getElementById("preview-bar-iframe"); previewBar.style.display = "none";' successfully

2019-06-19 15:18:35 - [TEST_STEP][PASSED] - click(findTestObject("OCS-DESKTOP/Age gate and Mega menu/Indica Dominant_Menu item")): Object: 'Object Repository/OCS-DESKTOP/Age gate and Mega menu/Indica Dominant_Menu item' is clicked on

2019-06-19 15:18:39 - [MESSAGE][PASSED] - Object: 'Object Repository/OCS-DESKTOP/Age gate and Mega menu/Indica Dominant_Menu item' is clicked on

2019-06-19 15:18:39 - [TEST_STEP][PASSED] - executeJavaScript("var previewBar = document.getElementById("preview-bar-iframe"); previewBar.style.display = "none";", []): Execute JavaScript 'var previewBar = document.getElementById("preview-bar-iframe"); previewBar.style.display = "none";' successfully

2019-06-19 15:18:39 - [MESSAGE][PASSED] - Execute JavaScript 'var previewBar = document.getElementById("preview-bar-iframe"); previewBar.style.display = "none";' successfully

2019-06-19 15:18:39 - [TEST_STEP][PASSED] - delay(2): Delayed 2 second(s)

2019-06-19 15:18:41 - [MESSAGE][PASSED] - Delayed 2 second(s)

2019-06-19 15:18:41 - [TEST_STEP][PASSED] - click(findTestObject("OCS-DESKTOP/Collection page/Product image - 1st one")): Object: 'Object Repository/OCS-DESKTOP/Collection page/Product image - 1st one' is clicked on

2019-06-19 15:18:45 - [MESSAGE][PASSED] - Object: 'Object Repository/OCS-DESKTOP/Collection page/Product image - 1st one' is clicked on

2019-06-19 15:18:45 - [TEST_STEP][PASSED] - executeJavaScript("var previewBar = document.getElementById("preview-bar-iframe"); previewBar.style.display = "none";", []): Execute JavaScript 'var previewBar = document.getElementById("preview-bar-iframe"); previewBar.style.display = "none";' successfully

2019-06-19 15:18:45 - [MESSAGE][PASSED] - Execute JavaScript 'var previewBar = document.getElementById("preview-bar-iframe"); previewBar.style.display = "none";' successfully

2019-06-19 15:18:45 - [TEST_STEP][PASSED] - delay(1): Delayed 1 second(s)

2019-06-19 15:18:46 - [MESSAGE][PASSED] - Delayed 1 second(s)

2019-06-19 15:18:46 - [TEST_STEP][PASSED] - delay(3): Delayed 3 second(s)

2019-06-19 15:18:49 - [MESSAGE][PASSED] - Delayed 3 second(s)

2019-06-19 15:18:49 - [TEST_STEP][NOT_RUN] - scrollToElement(findTestObject("OCS-DESKTOP/Product page/Product image"), 1): NOT_RUN: scrollToElement(findTestObject("OCS-DESKTOP/Product page/Product image"), 1)

2019-06-19 15:18:49 - [MESSAGE][NOT_RUN] - NOT_RUN: scrollToElement(findTestObject("OCS-DESKTOP/Product page/Product image"), 1)

2019-06-19 15:18:49 - [TEST_STEP][PASSED] - click(findTestObject("OCS-DESKTOP/Product page/Swatch_1g")): Object: 'Object Repository/OCS-DESKTOP/Product page/Swatch_1g' is clicked on

2019-06-19 15:18:49 - [MESSAGE][PASSED] - Object: 'Object Repository/OCS-DESKTOP/Product page/Swatch_1g' is clicked on

2019-06-19 15:18:49 - [TEST_STEP][PASSED] - delay(2): Delayed 2 second(s)

2019-06-19 15:18:51 - [MESSAGE][PASSED] - Delayed 2 second(s)

2019-06-19 15:18:51 - [TEST_STEP][PASSED] - click(findTestObject("OCS-DESKTOP/Product page/Add to Bag-button")): Object: 'Object Repository/OCS-DESKTOP/Product page/Add to Bag-button' is clicked on

2019-06-19 15:18:52 - [MESSAGE][PASSED] - Object: 'Object Repository/OCS-DESKTOP/Product page/Add to Bag-button' is clicked on

2019-06-19 15:18:52 - [TEST_STEP][PASSED] - delay(1): Delayed 1 second(s)

2019-06-19 15:18:53 - [MESSAGE][PASSED] - Delayed 1 second(s)

2019-06-19 15:18:53 - [TEST_STEP][NOT_RUN] - click(findTestObject("OCS-DESKTOP/Home - page/Cart icon -bag")): NOT_RUN: click(findTestObject("OCS-DESKTOP/Home - page/Cart icon -bag"))

2019-06-19 15:18:53 - [MESSAGE][NOT_RUN] - NOT_RUN: click(findTestObject("OCS-DESKTOP/Home - page/Cart icon -bag"))

2019-06-19 15:18:53 - [TEST_STEP][PASSED] - delay(1): Delayed 1 second(s)

2019-06-19 15:18:54 - [MESSAGE][PASSED] - Delayed 1 second(s)

2019-06-19 15:18:54 - [TEST_STEP][PASSED] - click(findTestObject("OCS-DESKTOP/Cart flyout/Checkbox_I confirm that")): Object: 'Object Repository/OCS-DESKTOP/Cart flyout/Checkbox_I confirm that' is clicked on

2019-06-19 15:18:54 - [MESSAGE][PASSED] - Object: 'Object Repository/OCS-DESKTOP/Cart flyout/Checkbox_I confirm that' is clicked on

2019-06-19 15:18:54 - [TEST_STEP][PASSED] - delay(1): Delayed 1 second(s)

2019-06-19 15:18:55 - [MESSAGE][PASSED] - Delayed 1 second(s)

2019-06-19 15:18:55 - [TEST_STEP][PASSED] - click(findTestObject("OCS-DESKTOP/Cart flyout/Checkbox_Accept the Terms Condition")): Object: 'Object Repository/OCS-DESKTOP/Cart flyout/Checkbox_Accept the Terms Condition' is clicked on

2019-06-19 15:18:55 - [MESSAGE][PASSED] - Object: 'Object Repository/OCS-DESKTOP/Cart flyout/Checkbox_Accept the Terms Condition' is clicked on

2019-06-19 15:18:55 - [TEST_STEP][PASSED] - delay(1): Delayed 1 second(s)

2019-06-19 15:18:56 - [MESSAGE][PASSED] - Delayed 1 second(s)

2019-06-19 15:18:56 - [TEST_STEP][PASSED] - click(findTestObject("OCS-DESKTOP/Cart flyout/Checkout - Button")): Object: 'Object Repository/OCS-DESKTOP/Cart flyout/Checkout - Button' is clicked on

2019-06-19 15:19:06 - [MESSAGE][PASSED] - Object: 'Object Repository/OCS-DESKTOP/Cart flyout/Checkout - Button' is clicked on

2019-06-19 15:19:06 - [TEST_STEP][PASSED] - executeJavaScript("var previewBar = document.getElementById("preview-bar-iframe"); previewBar.style.display = "none";", []): Execute JavaScript 'var previewBar = document.getElementById("preview-bar-iframe"); previewBar.style.display = "none";' successfully

2019-06-19 15:19:06 - [MESSAGE][PASSED] - Execute JavaScript 'var previewBar = document.getElementById("preview-bar-iframe"); previewBar.style.display = "none";' successfully

2019-06-19 15:19:06 - [TEST_STEP][PASSED] - delay(1): Delayed 1 second(s)

2019-06-19 15:19:07 - [MESSAGE][PASSED] - Delayed 1 second(s)

2019-06-19 15:19:07 - [TEST_STEP][PASSED] - delay(2): Delayed 2 second(s)

2019-06-19 15:19:09 - [MESSAGE][PASSED] - Delayed 2 second(s)

2019-06-19 15:19:09 - [TEST_STEP][PASSED] - scrollToElement(findTestObject("OCS-DESKTOP/Customer info page/input_Email"), 0): Scroll to object 'Object Repository/OCS-DESKTOP/Customer info page/input_Email' successfully

2019-06-19 15:19:09 - [MESSAGE][WARNING] - Timeout '0' is invalid. Using default page load timeout: '30'

2019-06-19 15:19:09 - [MESSAGE][PASSED] - Scroll to object 'Object Repository/OCS-DESKTOP/Customer info page/input_Email' successfully

2019-06-19 15:19:09 - [TEST_STEP][PASSED] - setText(findTestObject("OCS-DESKTOP/Customer info page/input_Email"), "suman.kompelly@diffagency.com"): Text 'suman.kompelly@diffagency.com' is set on object 'Object Repository/OCS-DESKTOP/Customer info page/input_Email'

2019-06-19 15:19:10 - [MESSAGE][PASSED] - Text 'suman.kompelly@diffagency.com' is set on object 'Object Repository/OCS-DESKTOP/Customer info page/input_Email'

2019-06-19 15:19:10 - [TEST_STEP][PASSED] - setText(findTestObject("OCS-DESKTOP/Customer info page/input_First name"), "suman"): Text 'suman' is set on object 'Object Repository/OCS-DESKTOP/Customer info page/input_First name'

2019-06-19 15:19:11 - [MESSAGE][PASSED] - Text 'suman' is set on object 'Object Repository/OCS-DESKTOP/Customer info page/input_First name'

2019-06-19 15:19:11 - [TEST_STEP][PASSED] - setText(findTestObject("OCS-DESKTOP/Customer info page/input_Last name"), "kompelly"): Text 'kompelly' is set on object 'Object Repository/OCS-DESKTOP/Customer info page/input_Last name'

2019-06-19 15:19:11 - [MESSAGE][PASSED] - Text 'kompelly' is set on object 'Object Repository/OCS-DESKTOP/Customer info page/input_Last name'

2019-06-19 15:19:11 - [TEST_STEP][PASSED] - setText(findTestObject("OCS-DESKTOP/Customer info page/input_Address"), "300 saint alxendre"): Text '300 saint alxendre' is set on object 'Object Repository/OCS-DESKTOP/Customer info page/input_Address'

2019-06-19 15:19:12 - [MESSAGE][PASSED] - Text '300 saint alxendre' is set on object 'Object Repository/OCS-DESKTOP/Customer info page/input_Address'

2019-06-19 15:19:12 - [TEST_STEP][PASSED] - setText(findTestObject("OCS-DESKTOP/Customer info page/input_Apartment suite etc. (op"), "199"): Text '199' is set on object 'Object Repository/OCS-DESKTOP/Customer info page/input_Apartment suite etc. (op'

2019-06-19 15:19:13 - [MESSAGE][PASSED] - Text '199' is set on object 'Object Repository/OCS-DESKTOP/Customer info page/input_Apartment suite etc. (op'

2019-06-19 15:19:13 - [TEST_STEP][PASSED] - setText(findTestObject("OCS-DESKTOP/Customer info page/input_City"), "montreal"): Text 'montreal' is set on object 'Object Repository/OCS-DESKTOP/Customer info page/input_City'

2019-06-19 15:19:13 - [MESSAGE][PASSED] - Text 'montreal' is set on object 'Object Repository/OCS-DESKTOP/Customer info page/input_City'

2019-06-19 15:19:13 - [TEST_STEP][PASSED] - setText(findTestObject("OCS-DESKTOP/Customer info page/input_Postal code"), "n0R1K0"): Text 'n0R1K0' is set on object 'Object Repository/OCS-DESKTOP/Customer info page/input_Postal code'

2019-06-19 15:19:14 - [MESSAGE][PASSED] - Text 'n0R1K0' is set on object 'Object Repository/OCS-DESKTOP/Customer info page/input_Postal code'

2019-06-19 15:19:14 - [TEST_STEP][PASSED] - setText(findTestObject("OCS-DESKTOP/Customer info page/input_Phone"), "(514) 449-3882"): Text '(514) 449-3882' is set on object 'Object Repository/OCS-DESKTOP/Customer info page/input_Phone'

2019-06-19 15:19:14 - [MESSAGE][PASSED] - Text '(514) 449-3882' is set on object 'Object Repository/OCS-DESKTOP/Customer info page/input_Phone'

2019-06-19 15:19:14 - [TEST_STEP][PASSED] - delay(1): Delayed 1 second(s)

2019-06-19 15:19:15 - [MESSAGE][PASSED] - Delayed 1 second(s)

2019-06-19 15:19:15 - [TEST_STEP][PASSED] - click(findTestObject("OCS-DESKTOP/Customer info page/Return to Cart - Link")): Object: 'Object Repository/OCS-DESKTOP/Customer info page/Return to Cart - Link' is clicked on

2019-06-19 15:19:17 - [MESSAGE][PASSED] - Object: 'Object Repository/OCS-DESKTOP/Customer info page/Return to Cart - Link' is clicked on

2019-06-19 15:19:17 - [TEST_STEP][PASSED] - delay(2): Delayed 2 second(s)

2019-06-19 15:19:19 - [MESSAGE][PASSED] - Delayed 2 second(s)

2019-06-19 15:19:19 - [TEST_STEP][PASSED] - click(findTestObject("OCS-DESKTOP/Cart page/cart page-Checkbox_I confirm that")): Object: 'Object Repository/OCS-DESKTOP/Cart page/cart page-Checkbox_I confirm that' is clicked on

2019-06-19 15:19:20 - [MESSAGE][PASSED] - Object: 'Object Repository/OCS-DESKTOP/Cart page/cart page-Checkbox_I confirm that' is clicked on

2019-06-19 15:19:20 - [TEST_STEP][PASSED] - delay(2): Delayed 2 second(s)

2019-06-19 15:19:22 - [MESSAGE][PASSED] - Delayed 2 second(s)

2019-06-19 15:19:22 - [TEST_STEP][PASSED] - click(findTestObject("OCS-DESKTOP/Cart page/cart page - Checkbox_Accept the Terms Condition")): Object: 'Object Repository/OCS-DESKTOP/Cart page/cart page - Checkbox_Accept the Terms Condition' is clicked on

2019-06-19 15:19:22 - [MESSAGE][PASSED] - Object: 'Object Repository/OCS-DESKTOP/Cart page/cart page - Checkbox_Accept the Terms Condition' is clicked on

2019-06-19 15:19:22 - [TEST_STEP][PASSED] - delay(1): Delayed 1 second(s)

2019-06-19 15:19:23 - [MESSAGE][PASSED] - Delayed 1 second(s)

2019-06-19 15:19:23 - [TEST_STEP][PASSED] - click(findTestObject("OCS-DESKTOP/Cart page/Cart page -checkout button")): Object: 'Object Repository/OCS-DESKTOP/Cart page/Cart page -checkout button' is clicked on

2019-06-19 15:19:26 - [MESSAGE][PASSED] - Object: 'Object Repository/OCS-DESKTOP/Cart page/Cart page -checkout button' is clicked on

2019-06-19 15:19:26 - [TEST_STEP][PASSED] - setText(findTestObject("OCS-DESKTOP/Customer info page/input_Email"), "suman.kompelly@diffagency.com"): Text 'suman.kompelly@diffagency.com' is set on object 'Object Repository/OCS-DESKTOP/Customer info page/input_Email'

2019-06-19 15:19:27 - [MESSAGE][PASSED] - Text 'suman.kompelly@diffagency.com' is set on object 'Object Repository/OCS-DESKTOP/Customer info page/input_Email'

2019-06-19 15:19:27 - [TEST_STEP][PASSED] - setText(findTestObject("OCS-DESKTOP/Customer info page/input_First name"), "suman"): Text 'suman' is set on object 'Object Repository/OCS-DESKTOP/Customer info page/input_First name'

2019-06-19 15:19:27 - [MESSAGE][PASSED] - Text 'suman' is set on object 'Object Repository/OCS-DESKTOP/Customer info page/input_First name'

2019-06-19 15:19:27 - [TEST_STEP][PASSED] - setText(findTestObject("OCS-DESKTOP/Customer info page/input_Last name"), "kompelly"): Text 'kompelly' is set on object 'Object Repository/OCS-DESKTOP/Customer info page/input_Last name'

2019-06-19 15:19:28 - [MESSAGE][PASSED] - Text 'kompelly' is set on object 'Object Repository/OCS-DESKTOP/Customer info page/input_Last name'

2019-06-19 15:19:28 - [TEST_STEP][PASSED] - setText(findTestObject("OCS-DESKTOP/Customer info page/input_Address"), "300 saint alxendre"): Text '300 saint alxendre' is set on object 'Object Repository/OCS-DESKTOP/Customer info page/input_Address'

2019-06-19 15:19:29 - [MESSAGE][PASSED] - Text '300 saint alxendre' is set on object 'Object Repository/OCS-DESKTOP/Customer info page/input_Address'

2019-06-19 15:19:29 - [TEST_STEP][PASSED] - setText(findTestObject("OCS-DESKTOP/Customer info page/input_Apartment suite etc. (op"), "199"): Text '199' is set on object 'Object Repository/OCS-DESKTOP/Customer info page/input_Apartment suite etc. (op'

2019-06-19 15:19:29 - [MESSAGE][PASSED] - Text '199' is set on object 'Object Repository/OCS-DESKTOP/Customer info page/input_Apartment suite etc. (op'

2019-06-19 15:19:29 - [TEST_STEP][PASSED] - setText(findTestObject("OCS-DESKTOP/Customer info page/input_City"), "montreal"): Text 'montreal' is set on object 'Object Repository/OCS-DESKTOP/Customer info page/input_City'

2019-06-19 15:19:30 - [MESSAGE][PASSED] - Text 'montreal' is set on object 'Object Repository/OCS-DESKTOP/Customer info page/input_City'

2019-06-19 15:19:30 - [TEST_STEP][PASSED] - setText(findTestObject("OCS-DESKTOP/Customer info page/input_Postal code"), "n0R1K0"): Text 'n0R1K0' is set on object 'Object Repository/OCS-DESKTOP/Customer info page/input_Postal code'

2019-06-19 15:19:30 - [MESSAGE][PASSED] - Text 'n0R1K0' is set on object 'Object Repository/OCS-DESKTOP/Customer info page/input_Postal code'

2019-06-19 15:19:30 - [TEST_STEP][PASSED] - setText(findTestObject("OCS-DESKTOP/Customer info page/input_Phone"), "(514) 449-3882"): Text '(514) 449-3882' is set on object 'Object Repository/OCS-DESKTOP/Customer info page/input_Phone'

2019-06-19 15:19:31 - [MESSAGE][PASSED] - Text '(514) 449-3882' is set on object 'Object Repository/OCS-DESKTOP/Customer info page/input_Phone'

2019-06-19 15:19:31 - [TEST_STEP][PASSED] - delay(1): Delayed 1 second(s)

2019-06-19 15:19:32 - [MESSAGE][PASSED] - Delayed 1 second(s)

2019-06-19 15:19:32 - [TEST_STEP][PASSED] - executeJavaScript("var previewBar = document.getElementById("preview-bar-iframe"); previewBar.style.display = "none";", []): Execute JavaScript 'var previewBar = document.getElementById("preview-bar-iframe"); previewBar.style.display = "none";' successfully

2019-06-19 15:19:32 - [MESSAGE][PASSED] - Execute JavaScript 'var previewBar = document.getElementById("preview-bar-iframe"); previewBar.style.display = "none";' successfully

2019-06-19 15:19:32 - [TEST_STEP][PASSED] - click(findTestObject("OCS-DESKTOP/Customer info page/Continue to shipping method - Button")): Object: 'Object Repository/OCS-DESKTOP/Customer info page/Continue to shipping method - Button' is clicked on

2019-06-19 15:19:35 - [MESSAGE][PASSED] - Object: 'Object Repository/OCS-DESKTOP/Customer info page/Continue to shipping method - Button' is clicked on

2019-06-19 15:19:35 - [TEST_STEP][PASSED] - closeBrowser(): Browser is closed

2019-06-19 15:19:35 - [MESSAGE][PASSED] - Browser is closed]]></system-out>
         <system-err><![CDATA[]]></system-err>
      </testcase>
      <testcase name="Test Cases/OCS - DESKTOP/OCS- CRITICAL PATH/Cart flyout-tooltips" classname="Test Cases/OCS - DESKTOP/OCS- CRITICAL PATH/Cart flyout-tooltips" status="PASSED">
         <system-out><![CDATA[2019-06-19 15:19:35 - [TEST_CASE][PASSED] - Test Cases/OCS - DESKTOP/OCS- CRITICAL PATH/Cart flyout-tooltips: Test Cases/OCS - DESKTOP/OCS- CRITICAL PATH/Cart flyout-tooltips

2019-06-19 15:19:35 - [TEST_STEP][PASSED] - callTestCase(findTestCase("OCS - DESKTOP/CALL- Age gate"), [:], STOP_ON_FAILURE): Call Test Case 'Test Cases/OCS - DESKTOP/CALL- Age gate' successfully

2019-06-19 15:19:35 - [TEST_CASE][PASSED] - Test Cases/OCS - DESKTOP/CALL- Age gate: Test Cases/OCS - DESKTOP/CALL- Age gate

2019-06-19 15:19:35 - [TEST_STEP][PASSED] - openBrowser(""): Browser is opened with url: ''

2019-06-19 15:19:35 - [MESSAGE][INFO] - Starting 'Remote' driver

2019-06-19 15:19:35 - [MESSAGE][INFO] - User set preference: ['os', 'OS X']

2019-06-19 15:19:35 - [MESSAGE][INFO] - User set preference: ['os_version', 'High Sierra']

2019-06-19 15:19:35 - [MESSAGE][INFO] - User set preference: ['browser', 'Chrome']

2019-06-19 15:19:35 - [MESSAGE][INFO] - User set preference: ['browser_version', '76.0 beta']

2019-06-19 15:19:35 - [MESSAGE][INFO] - User set preference: ['resolution', '1280x960']

2019-06-19 15:19:35 - [MESSAGE][INFO] - User set preference: ['browserstack.local', '']

2019-06-19 15:19:35 - [MESSAGE][INFO] - Connecting to remote web server 'https://dianatest3:Z3oqw9ysqTeRQJq5wFCp@hub-cloud.browserstack.com/wd/hub' with type 'Selenium'

2019-06-19 15:19:41 - [MESSAGE][PASSED] - Browser is opened with url: ''

2019-06-19 15:19:41 - [TEST_STEP][PASSED] - navigateToUrl("https://ocs.ca/?fts=0&preview_theme_id=72920106828"): Navigate to 'https://ocs.ca/?fts=0&preview_theme_id=72920106828' successfully

2019-06-19 15:19:46 - [MESSAGE][PASSED] - Navigate to 'https://ocs.ca/?fts=0&preview_theme_id=72920106828' successfully

2019-06-19 15:19:46 - [TEST_STEP][PASSED] - maximizeWindow(): Current window maximized

2019-06-19 15:19:46 - [MESSAGE][PASSED] - Current window maximized

2019-06-19 15:19:46 - [TEST_STEP][PASSED] - delay(2): Delayed 2 second(s)

2019-06-19 15:19:48 - [MESSAGE][PASSED] - Delayed 2 second(s)

2019-06-19 15:19:48 - [TEST_STEP][PASSED] - executeJavaScript("var previewBar = document.getElementById("preview-bar-iframe"); previewBar.style.display = "none";", []): Execute JavaScript 'var previewBar = document.getElementById("preview-bar-iframe"); previewBar.style.display = "none";' successfully

2019-06-19 15:19:49 - [MESSAGE][PASSED] - Execute JavaScript 'var previewBar = document.getElementById("preview-bar-iframe"); previewBar.style.display = "none";' successfully

2019-06-19 15:19:49 - [TEST_STEP][PASSED] - selectOptionByValue(findTestObject("OCS-DESKTOP/Age gate and Mega menu/Date"), "12", true): All options with value '12' are selected in object 'Object Repository/OCS-DESKTOP/Age gate and Mega menu/Date'  using regular expression

2019-06-19 15:19:54 - [MESSAGE][PASSED] - All options with value '12' are selected in object 'Object Repository/OCS-DESKTOP/Age gate and Mega menu/Date'  using regular expression

2019-06-19 15:19:54 - [TEST_STEP][PASSED] - selectOptionByValue(findTestObject("OCS-DESKTOP/Age gate and Mega menu/month"), "6", true): All options with value '6' are selected in object 'Object Repository/OCS-DESKTOP/Age gate and Mega menu/month'  using regular expression

2019-06-19 15:19:57 - [MESSAGE][PASSED] - All options with value '6' are selected in object 'Object Repository/OCS-DESKTOP/Age gate and Mega menu/month'  using regular expression

2019-06-19 15:19:57 - [TEST_STEP][PASSED] - delay(2): Delayed 2 second(s)

2019-06-19 15:19:59 - [MESSAGE][PASSED] - Delayed 2 second(s)

2019-06-19 15:19:59 - [TEST_STEP][PASSED] - selectOptionByValue(findTestObject("OCS-DESKTOP/Age gate and Mega menu/Year Dropdown"), "1990", true): All options with value '1990' are selected in object 'Object Repository/OCS-DESKTOP/Age gate and Mega menu/Year Dropdown'  using regular expression

2019-06-19 15:20:15 - [MESSAGE][PASSED] - All options with value '1990' are selected in object 'Object Repository/OCS-DESKTOP/Age gate and Mega menu/Year Dropdown'  using regular expression

2019-06-19 15:20:15 - [TEST_STEP][PASSED] - click(findTestObject("OCS-DESKTOP/Age gate and Mega menu/button_Verify")): Object: 'Object Repository/OCS-DESKTOP/Age gate and Mega menu/button_Verify' is clicked on

2019-06-19 15:20:16 - [MESSAGE][PASSED] - Object: 'Object Repository/OCS-DESKTOP/Age gate and Mega menu/button_Verify' is clicked on

2019-06-19 15:20:16 - [TEST_STEP][PASSED] - click(findTestObject("OCS-DESKTOP/Age gate and Mega menu/Checkbox_CONFIRM AND ACKNOWLEDGE")): Object: 'Object Repository/OCS-DESKTOP/Age gate and Mega menu/Checkbox_CONFIRM AND ACKNOWLEDGE' is clicked on

2019-06-19 15:20:16 - [MESSAGE][PASSED] - Object: 'Object Repository/OCS-DESKTOP/Age gate and Mega menu/Checkbox_CONFIRM AND ACKNOWLEDGE' is clicked on

2019-06-19 15:20:16 - [TEST_STEP][PASSED] - click(findTestObject("OCS-DESKTOP/Age gate and Mega menu/button_CONFIRM")): Object: 'Object Repository/OCS-DESKTOP/Age gate and Mega menu/button_CONFIRM' is clicked on

2019-06-19 15:20:17 - [MESSAGE][PASSED] - Object: 'Object Repository/OCS-DESKTOP/Age gate and Mega menu/button_CONFIRM' is clicked on

2019-06-19 15:20:17 - [TEST_STEP][PASSED] - click(findTestObject("OCS-DESKTOP/Age gate and Mega menu/button_Start Browsing")): Object: 'Object Repository/OCS-DESKTOP/Age gate and Mega menu/button_Start Browsing' is clicked on

2019-06-19 15:20:17 - [MESSAGE][PASSED] - Object: 'Object Repository/OCS-DESKTOP/Age gate and Mega menu/button_Start Browsing' is clicked on

2019-06-19 15:20:17 - [TEST_STEP][PASSED] - delay(2): Delayed 2 second(s)

2019-06-19 15:20:19 - [MESSAGE][PASSED] - Delayed 2 second(s)

2019-06-19 15:20:19 - [TEST_STEP][PASSED] - refresh(): Refresh successfully

2019-06-19 15:20:19 - [MESSAGE][PASSED] - Refresh successfully

2019-06-19 15:20:19 - [MESSAGE][PASSED] - Call Test Case 'Test Cases/OCS - DESKTOP/CALL- Age gate' successfully

2019-06-19 15:20:19 - [TEST_STEP][PASSED] - delay(2): Delayed 2 second(s)

2019-06-19 15:20:21 - [MESSAGE][PASSED] - Delayed 2 second(s)

2019-06-19 15:20:21 - [TEST_STEP][PASSED] - refresh(): Refresh successfully

2019-06-19 15:20:23 - [MESSAGE][PASSED] - Refresh successfully

2019-06-19 15:20:23 - [TEST_STEP][PASSED] - click(findTestObject("OCS-DESKTOP/Age gate and Mega menu/Header/CANNABIS menu - English")): Object: 'Object Repository/OCS-DESKTOP/Age gate and Mega menu/Header/CANNABIS menu - English' is clicked on

2019-06-19 15:20:26 - [MESSAGE][PASSED] - Object: 'Object Repository/OCS-DESKTOP/Age gate and Mega menu/Header/CANNABIS menu - English' is clicked on

2019-06-19 15:20:26 - [TEST_STEP][PASSED] - delay(4): Delayed 4 second(s)

2019-06-19 15:20:30 - [MESSAGE][PASSED] - Delayed 4 second(s)

2019-06-19 15:20:30 - [TEST_STEP][NOT_RUN] - maximizeWindow(): NOT_RUN: maximizeWindow()

2019-06-19 15:20:30 - [MESSAGE][NOT_RUN] - NOT_RUN: maximizeWindow()

2019-06-19 15:20:30 - [TEST_STEP][PASSED] - click(findTestObject("OCS-DESKTOP/Age gate and Mega menu/Indica Dominant_Menu item")): Object: 'Object Repository/OCS-DESKTOP/Age gate and Mega menu/Indica Dominant_Menu item' is clicked on

2019-06-19 15:20:34 - [MESSAGE][PASSED] - Object: 'Object Repository/OCS-DESKTOP/Age gate and Mega menu/Indica Dominant_Menu item' is clicked on

2019-06-19 15:20:34 - [TEST_STEP][PASSED] - delay(2): Delayed 2 second(s)

2019-06-19 15:20:36 - [MESSAGE][PASSED] - Delayed 2 second(s)

2019-06-19 15:20:36 - [TEST_STEP][PASSED] - executeJavaScript("var previewBar = document.getElementById("preview-bar-iframe"); previewBar.style.display = "none";", []): Execute JavaScript 'var previewBar = document.getElementById("preview-bar-iframe"); previewBar.style.display = "none";' successfully

2019-06-19 15:20:36 - [MESSAGE][PASSED] - Execute JavaScript 'var previewBar = document.getElementById("preview-bar-iframe"); previewBar.style.display = "none";' successfully

2019-06-19 15:20:36 - [TEST_STEP][PASSED] - click(findTestObject("OCS-DESKTOP/Collection page/Product image - 1st one")): Object: 'Object Repository/OCS-DESKTOP/Collection page/Product image - 1st one' is clicked on

2019-06-19 15:20:41 - [MESSAGE][PASSED] - Object: 'Object Repository/OCS-DESKTOP/Collection page/Product image - 1st one' is clicked on

2019-06-19 15:20:41 - [TEST_STEP][PASSED] - delay(3): Delayed 3 second(s)

2019-06-19 15:20:44 - [MESSAGE][PASSED] - Delayed 3 second(s)

2019-06-19 15:20:44 - [TEST_STEP][PASSED] - executeJavaScript("var previewBar = document.getElementById("preview-bar-iframe"); previewBar.style.display = "none";", []): Execute JavaScript 'var previewBar = document.getElementById("preview-bar-iframe"); previewBar.style.display = "none";' successfully

2019-06-19 15:20:44 - [MESSAGE][PASSED] - Execute JavaScript 'var previewBar = document.getElementById("preview-bar-iframe"); previewBar.style.display = "none";' successfully

2019-06-19 15:20:44 - [TEST_STEP][NOT_RUN] - scrollToElement(findTestObject("OCS-DESKTOP/Product page/Product image"), 1): NOT_RUN: scrollToElement(findTestObject("OCS-DESKTOP/Product page/Product image"), 1)

2019-06-19 15:20:44 - [MESSAGE][NOT_RUN] - NOT_RUN: scrollToElement(findTestObject("OCS-DESKTOP/Product page/Product image"), 1)

2019-06-19 15:20:44 - [TEST_STEP][PASSED] - click(findTestObject("OCS-DESKTOP/Product page/Swatch_1g")): Object: 'Object Repository/OCS-DESKTOP/Product page/Swatch_1g' is clicked on

2019-06-19 15:20:45 - [MESSAGE][PASSED] - Object: 'Object Repository/OCS-DESKTOP/Product page/Swatch_1g' is clicked on

2019-06-19 15:20:45 - [TEST_STEP][PASSED] - delay(2): Delayed 2 second(s)

2019-06-19 15:20:47 - [MESSAGE][PASSED] - Delayed 2 second(s)

2019-06-19 15:20:47 - [TEST_STEP][PASSED] - click(findTestObject("OCS-DESKTOP/Product page/Add to Bag-button")): Object: 'Object Repository/OCS-DESKTOP/Product page/Add to Bag-button' is clicked on

2019-06-19 15:20:47 - [MESSAGE][PASSED] - Object: 'Object Repository/OCS-DESKTOP/Product page/Add to Bag-button' is clicked on

2019-06-19 15:20:47 - [TEST_STEP][PASSED] - delay(1): Delayed 1 second(s)

2019-06-19 15:20:48 - [MESSAGE][PASSED] - Delayed 1 second(s)

2019-06-19 15:20:48 - [TEST_STEP][PASSED] - click(findTestObject("OCS-DESKTOP/Home - page/Cart icon -bag"), OPTIONAL): Unable to click on object 'Object Repository/OCS-DESKTOP/Home - page/Cart icon -bag' (Root cause: org.openqa.selenium.ElementNotVisibleException: element not interactable
  (Session info: chrome=76.0.3809.25)
  (Driver info: chromedriver=76.0.3809.25 (a0c95f440512e06df1c9c206f2d79cc20be18bb1-refs/branch-heads/3809@{#271}),platform=Mac OS X 10.13.6 x86_64) (WARNING: The server did not provide any stacktrace information)
Command duration or timeout: 26 milliseconds
Build info: version: '2.53.0', revision: '35ae25b', time: '2016-03-15 17:00:58'
System info: host: 'mac-207-254-12-169.browserstack.com', ip: '207.254.12.169', os.name: 'Mac OS X', os.arch: 'x86_64', os.version: '10.13.6', java.version: '1.8.0_51'
Driver info: org.openqa.selenium.chrome.ChromeDriver
Capabilities [{mobileEmulationEnabled=false, timeouts={implicit=0, pageLoad=300000, script=30000}, hasTouchScreen=false, platform=MAC, acceptSslCerts=false, goog:chromeOptions={debuggerAddress=localhost:54490}, acceptInsecureCerts=false, webStorageEnabled=true, browserName=chrome, takesScreenshot=true, javascriptEnabled=true, setWindowRect=true, unexpectedAlertBehaviour=ignore, applicationCacheEnabled=false, rotatable=false, networkConnectionEnabled=false, chrome={chromedriverVersion=76.0.3809.25 (a0c95f440512e06df1c9c206f2d79cc20be18bb1-refs/branch-heads/3809@{#271}), userDataDir=/var/folders/3y/zz_w6_s56sl__vcrf3r5bhzr0000hr/T/.com.google.Chrome.cF46Gm}, takesHeapSnapshot=true, pageLoadStrategy=normal, strictFileInteractability=false, databaseEnabled=false, handlesAlerts=true, version=76.0.3809.25, browserConnectionEnabled=false, proxy={}, nativeEvents=true, locationContextEnabled=true, cssSelectorsEnabled=true}]
Session ID: cfeb8d3ba57b117d22eeb633dfc90271
Command duration or timeout: 0 milliseconds)

2019-06-19 15:20:50 - [MESSAGE][WARNING] - Unable to click on object 'Object Repository/OCS-DESKTOP/Home - page/Cart icon -bag' (Root cause: org.openqa.selenium.ElementNotVisibleException: element not interactable
  (Session info: chrome=76.0.3809.25)
  (Driver info: chromedriver=76.0.3809.25 (a0c95f440512e06df1c9c206f2d79cc20be18bb1-refs/branch-heads/3809@{#271}),platform=Mac OS X 10.13.6 x86_64) (WARNING: The server did not provide any stacktrace information)
Command duration or timeout: 26 milliseconds
Build info: version: '2.53.0', revision: '35ae25b', time: '2016-03-15 17:00:58'
System info: host: 'mac-207-254-12-169.browserstack.com', ip: '207.254.12.169', os.name: 'Mac OS X', os.arch: 'x86_64', os.version: '10.13.6', java.version: '1.8.0_51'
Driver info: org.openqa.selenium.chrome.ChromeDriver
Capabilities [{mobileEmulationEnabled=false, timeouts={implicit=0, pageLoad=300000, script=30000}, hasTouchScreen=false, platform=MAC, acceptSslCerts=false, goog:chromeOptions={debuggerAddress=localhost:54490}, acceptInsecureCerts=false, webStorageEnabled=true, browserName=chrome, takesScreenshot=true, javascriptEnabled=true, setWindowRect=true, unexpectedAlertBehaviour=ignore, applicationCacheEnabled=false, rotatable=false, networkConnectionEnabled=false, chrome={chromedriverVersion=76.0.3809.25 (a0c95f440512e06df1c9c206f2d79cc20be18bb1-refs/branch-heads/3809@{#271}), userDataDir=/var/folders/3y/zz_w6_s56sl__vcrf3r5bhzr0000hr/T/.com.google.Chrome.cF46Gm}, takesHeapSnapshot=true, pageLoadStrategy=normal, strictFileInteractability=false, databaseEnabled=false, handlesAlerts=true, version=76.0.3809.25, browserConnectionEnabled=false, proxy={}, nativeEvents=true, locationContextEnabled=true, cssSelectorsEnabled=true}]
Session ID: cfeb8d3ba57b117d22eeb633dfc90271
Command duration or timeout: 0 milliseconds)
[[ATTACHMENT|/Users/sumankompelly/Relative xpath-Desktop/Reports/recordings - 1.10.2/20190619_151242/1560972048637.png]]

2019-06-19 15:20:50 - [TEST_STEP][PASSED] - delay(1): Delayed 1 second(s)

2019-06-19 15:20:51 - [MESSAGE][PASSED] - Delayed 1 second(s)

2019-06-19 15:20:51 - [TEST_STEP][PASSED] - mouseOver(findTestObject("OCS-DESKTOP/Cart flyout/tool tip - TOP")): Object: 'Object Repository/OCS-DESKTOP/Cart flyout/tool tip - TOP' is hovered

2019-06-19 15:20:51 - [MESSAGE][PASSED] - Object: 'Object Repository/OCS-DESKTOP/Cart flyout/tool tip - TOP' is hovered

2019-06-19 15:20:51 - [TEST_STEP][PASSED] - delay(3): Delayed 3 second(s)

2019-06-19 15:20:54 - [MESSAGE][PASSED] - Delayed 3 second(s)

2019-06-19 15:20:54 - [TEST_STEP][PASSED] - delay(2): Delayed 2 second(s)

2019-06-19 15:20:56 - [MESSAGE][PASSED] - Delayed 2 second(s)

2019-06-19 15:20:56 - [TEST_STEP][PASSED] - mouseOver(findTestObject("OCS-DESKTOP/Cart flyout/tool tip -DOWN")): Object: 'Object Repository/OCS-DESKTOP/Cart flyout/tool tip -DOWN' is hovered

2019-06-19 15:20:57 - [MESSAGE][PASSED] - Object: 'Object Repository/OCS-DESKTOP/Cart flyout/tool tip -DOWN' is hovered]]></system-out>
         <system-err><![CDATA[]]></system-err>
      </testcase>
      <testcase name="Test Cases/OCS - DESKTOP/OCS- CRITICAL PATH/Cart" classname="Test Cases/OCS - DESKTOP/OCS- CRITICAL PATH/Cart" status="PASSED">
         <system-out><![CDATA[2019-06-19 15:20:57 - [TEST_CASE][PASSED] - Test Cases/OCS - DESKTOP/OCS- CRITICAL PATH/Cart: Test Cases/OCS - DESKTOP/OCS- CRITICAL PATH/Cart

2019-06-19 15:20:57 - [TEST_STEP][PASSED] - callTestCase(findTestCase("OCS - DESKTOP/CALL - Navigate to PDP"), [:], STOP_ON_FAILURE): Call Test Case 'Test Cases/OCS - DESKTOP/CALL - Navigate to PDP' successfully

2019-06-19 15:20:57 - [TEST_CASE][PASSED] - Test Cases/OCS - DESKTOP/CALL - Navigate to PDP: Test Cases/OCS - DESKTOP/CALL - Navigate to PDP

2019-06-19 15:20:57 - [TEST_STEP][PASSED] - openBrowser(""): Browser is opened with url: ''

2019-06-19 15:20:57 - [MESSAGE][WARNING] - A browser is already opened. Closing browser and opening a new one

2019-06-19 15:20:57 - [MESSAGE][INFO] - Starting 'Remote' driver

2019-06-19 15:20:57 - [MESSAGE][INFO] - User set preference: ['os', 'OS X']

2019-06-19 15:20:57 - [MESSAGE][INFO] - User set preference: ['os_version', 'High Sierra']

2019-06-19 15:20:57 - [MESSAGE][INFO] - User set preference: ['browser', 'Chrome']

2019-06-19 15:20:57 - [MESSAGE][INFO] - User set preference: ['browser_version', '76.0 beta']

2019-06-19 15:20:57 - [MESSAGE][INFO] - User set preference: ['resolution', '1280x960']

2019-06-19 15:20:57 - [MESSAGE][INFO] - User set preference: ['browserstack.local', '']

2019-06-19 15:20:57 - [MESSAGE][INFO] - Connecting to remote web server 'https://dianatest3:Z3oqw9ysqTeRQJq5wFCp@hub-cloud.browserstack.com/wd/hub' with type 'Selenium'

2019-06-19 15:21:03 - [MESSAGE][PASSED] - Browser is opened with url: ''

2019-06-19 15:21:03 - [TEST_STEP][PASSED] - maximizeWindow(): Current window maximized

2019-06-19 15:21:04 - [MESSAGE][PASSED] - Current window maximized

2019-06-19 15:21:04 - [TEST_STEP][PASSED] - navigateToUrl("https://ocs.ca/?fts=0&preview_theme_id=72920106828"): Navigate to 'https://ocs.ca/?fts=0&preview_theme_id=72920106828' successfully

2019-06-19 15:21:09 - [MESSAGE][PASSED] - Navigate to 'https://ocs.ca/?fts=0&preview_theme_id=72920106828' successfully

2019-06-19 15:21:09 - [TEST_STEP][PASSED] - executeJavaScript("var previewBar = document.getElementById("preview-bar-iframe"); previewBar.style.display = "none";", []): Execute JavaScript 'var previewBar = document.getElementById("preview-bar-iframe"); previewBar.style.display = "none";' successfully

2019-06-19 15:21:09 - [MESSAGE][PASSED] - Execute JavaScript 'var previewBar = document.getElementById("preview-bar-iframe"); previewBar.style.display = "none";' successfully

2019-06-19 15:21:09 - [TEST_STEP][PASSED] - delay(4): Delayed 4 second(s)

2019-06-19 15:21:13 - [MESSAGE][PASSED] - Delayed 4 second(s)

2019-06-19 15:21:13 - [TEST_STEP][PASSED] - selectOptionByValue(findTestObject("OCS-DESKTOP/Age gate and Mega menu/Date"), "12", true): All options with value '12' are selected in object 'Object Repository/OCS-DESKTOP/Age gate and Mega menu/Date'  using regular expression

2019-06-19 15:21:19 - [MESSAGE][PASSED] - All options with value '12' are selected in object 'Object Repository/OCS-DESKTOP/Age gate and Mega menu/Date'  using regular expression

2019-06-19 15:21:19 - [TEST_STEP][PASSED] - selectOptionByValue(findTestObject("OCS-DESKTOP/Age gate and Mega menu/month"), "6", true): All options with value '6' are selected in object 'Object Repository/OCS-DESKTOP/Age gate and Mega menu/month'  using regular expression

2019-06-19 15:21:22 - [MESSAGE][PASSED] - All options with value '6' are selected in object 'Object Repository/OCS-DESKTOP/Age gate and Mega menu/month'  using regular expression

2019-06-19 15:21:22 - [TEST_STEP][PASSED] - delay(2): Delayed 2 second(s)

2019-06-19 15:21:24 - [MESSAGE][PASSED] - Delayed 2 second(s)

2019-06-19 15:21:24 - [TEST_STEP][PASSED] - selectOptionByValue(findTestObject("OCS-DESKTOP/Age gate and Mega menu/Year Dropdown"), "1990", true): All options with value '1990' are selected in object 'Object Repository/OCS-DESKTOP/Age gate and Mega menu/Year Dropdown'  using regular expression

2019-06-19 15:21:41 - [MESSAGE][PASSED] - All options with value '1990' are selected in object 'Object Repository/OCS-DESKTOP/Age gate and Mega menu/Year Dropdown'  using regular expression

2019-06-19 15:21:41 - [TEST_STEP][PASSED] - click(findTestObject("OCS-DESKTOP/Age gate and Mega menu/button_Verify")): Object: 'Object Repository/OCS-DESKTOP/Age gate and Mega menu/button_Verify' is clicked on

2019-06-19 15:21:41 - [MESSAGE][PASSED] - Object: 'Object Repository/OCS-DESKTOP/Age gate and Mega menu/button_Verify' is clicked on

2019-06-19 15:21:41 - [TEST_STEP][PASSED] - click(findTestObject("OCS-DESKTOP/Age gate and Mega menu/Checkbox_CONFIRM AND ACKNOWLEDGE")): Object: 'Object Repository/OCS-DESKTOP/Age gate and Mega menu/Checkbox_CONFIRM AND ACKNOWLEDGE' is clicked on

2019-06-19 15:21:41 - [MESSAGE][PASSED] - Object: 'Object Repository/OCS-DESKTOP/Age gate and Mega menu/Checkbox_CONFIRM AND ACKNOWLEDGE' is clicked on

2019-06-19 15:21:41 - [TEST_STEP][PASSED] - click(findTestObject("OCS-DESKTOP/Age gate and Mega menu/button_CONFIRM")): Object: 'Object Repository/OCS-DESKTOP/Age gate and Mega menu/button_CONFIRM' is clicked on

2019-06-19 15:21:41 - [MESSAGE][PASSED] - Object: 'Object Repository/OCS-DESKTOP/Age gate and Mega menu/button_CONFIRM' is clicked on

2019-06-19 15:21:41 - [TEST_STEP][PASSED] - click(findTestObject("OCS-DESKTOP/Age gate and Mega menu/button_Start Browsing")): Object: 'Object Repository/OCS-DESKTOP/Age gate and Mega menu/button_Start Browsing' is clicked on

2019-06-19 15:21:42 - [MESSAGE][PASSED] - Object: 'Object Repository/OCS-DESKTOP/Age gate and Mega menu/button_Start Browsing' is clicked on

2019-06-19 15:21:42 - [TEST_STEP][PASSED] - delay(2): Delayed 2 second(s)

2019-06-19 15:21:44 - [MESSAGE][PASSED] - Delayed 2 second(s)

2019-06-19 15:21:44 - [TEST_STEP][PASSED] - navigateToUrl("https://ocs.ca/products/la-confidential"): Navigate to 'https://ocs.ca/products/la-confidential' successfully

2019-06-19 15:21:48 - [MESSAGE][PASSED] - Navigate to 'https://ocs.ca/products/la-confidential' successfully

2019-06-19 15:21:48 - [TEST_STEP][PASSED] - executeJavaScript("var previewBar = document.getElementById("preview-bar-iframe"); previewBar.style.display = "none";", []): Execute JavaScript 'var previewBar = document.getElementById("preview-bar-iframe"); previewBar.style.display = "none";' successfully

2019-06-19 15:21:49 - [MESSAGE][PASSED] - Execute JavaScript 'var previewBar = document.getElementById("preview-bar-iframe"); previewBar.style.display = "none";' successfully

2019-06-19 15:21:49 - [MESSAGE][PASSED] - Call Test Case 'Test Cases/OCS - DESKTOP/CALL - Navigate to PDP' successfully

2019-06-19 15:21:49 - [TEST_STEP][NOT_RUN] - scrollToElement(findTestObject("OCS-DESKTOP/Product page/Product image"), 1): NOT_RUN: scrollToElement(findTestObject("OCS-DESKTOP/Product page/Product image"), 1)

2019-06-19 15:21:49 - [MESSAGE][NOT_RUN] - NOT_RUN: scrollToElement(findTestObject("OCS-DESKTOP/Product page/Product image"), 1)

2019-06-19 15:21:49 - [TEST_STEP][PASSED] - delay(2): Delayed 2 second(s)

2019-06-19 15:21:51 - [MESSAGE][PASSED] - Delayed 2 second(s)

2019-06-19 15:21:51 - [TEST_STEP][PASSED] - executeJavaScript("var previewBar = document.getElementById("preview-bar-iframe"); previewBar.style.display = "none";", []): Execute JavaScript 'var previewBar = document.getElementById("preview-bar-iframe"); previewBar.style.display = "none";' successfully

2019-06-19 15:21:51 - [MESSAGE][PASSED] - Execute JavaScript 'var previewBar = document.getElementById("preview-bar-iframe"); previewBar.style.display = "none";' successfully

2019-06-19 15:21:51 - [TEST_STEP][PASSED] - click(findTestObject("OCS-DESKTOP/Product page/Swatch_1g")): Object: 'Object Repository/OCS-DESKTOP/Product page/Swatch_1g' is clicked on

2019-06-19 15:21:51 - [MESSAGE][PASSED] - Object: 'Object Repository/OCS-DESKTOP/Product page/Swatch_1g' is clicked on

2019-06-19 15:21:51 - [TEST_STEP][NOT_RUN] - scrollToElement(findTestObject("OCS-DESKTOP/Product page/Swatch_3.5g"), 1): NOT_RUN: scrollToElement(findTestObject("OCS-DESKTOP/Product page/Swatch_3.5g"), 1)

2019-06-19 15:21:51 - [MESSAGE][NOT_RUN] - NOT_RUN: scrollToElement(findTestObject("OCS-DESKTOP/Product page/Swatch_3.5g"), 1)

2019-06-19 15:21:51 - [TEST_STEP][PASSED] - delay(2): Delayed 2 second(s)

2019-06-19 15:21:53 - [MESSAGE][PASSED] - Delayed 2 second(s)

2019-06-19 15:21:53 - [TEST_STEP][PASSED] - click(findTestObject("OCS-DESKTOP/Product page/Add to Bag-button")): Object: 'Object Repository/OCS-DESKTOP/Product page/Add to Bag-button' is clicked on

2019-06-19 15:21:53 - [MESSAGE][PASSED] - Object: 'Object Repository/OCS-DESKTOP/Product page/Add to Bag-button' is clicked on

2019-06-19 15:21:53 - [TEST_STEP][PASSED] - delay(2): Delayed 2 second(s)

2019-06-19 15:21:55 - [MESSAGE][PASSED] - Delayed 2 second(s)

2019-06-19 15:21:55 - [TEST_STEP][PASSED] - click(findTestObject("OCS-DESKTOP/Cart flyout/Back icon"), CONTINUE_ON_FAILURE): Object: 'Object Repository/OCS-DESKTOP/Cart flyout/Back icon' is clicked on

2019-06-19 15:21:56 - [MESSAGE][PASSED] - Object: 'Object Repository/OCS-DESKTOP/Cart flyout/Back icon' is clicked on

2019-06-19 15:21:56 - [TEST_STEP][PASSED] - delay(2): Delayed 2 second(s)

2019-06-19 15:21:58 - [MESSAGE][PASSED] - Delayed 2 second(s)

2019-06-19 15:21:58 - [TEST_STEP][NOT_RUN] - click(findTestObject("OCS-DESKTOP/Home - page/Cart icon -bag"), OPTIONAL): NOT_RUN: click(findTestObject("OCS-DESKTOP/Home - page/Cart icon -bag"), OPTIONAL)

2019-06-19 15:21:58 - [MESSAGE][NOT_RUN] - NOT_RUN: click(findTestObject("OCS-DESKTOP/Home - page/Cart icon -bag"), OPTIONAL)

2019-06-19 15:21:58 - [TEST_STEP][PASSED] - delay(2): Delayed 2 second(s)

2019-06-19 15:22:00 - [MESSAGE][PASSED] - Delayed 2 second(s)

2019-06-19 15:22:00 - [TEST_STEP][PASSED] - flag = verifyElementPresent(findTestObject("OCS-DESKTOP/Product page/Swatch_3.5g"), 0): Object 'Object Repository/OCS-DESKTOP/Product page/Swatch_3.5g' is present

2019-06-19 15:22:00 - [MESSAGE][WARNING] - Timeout '0' is invalid. Using default page load timeout: '30'

2019-06-19 15:22:00 - [MESSAGE][PASSED] - Object 'Object Repository/OCS-DESKTOP/Product page/Swatch_3.5g' is present

2019-06-19 15:22:00 - [TEST_STEP][PASSED] - comment(" flag=" + flag):  flag=true

2019-06-19 15:22:00 - [MESSAGE][INFO] -  flag=true

2019-06-19 15:22:00 - [TEST_STEP][PASSED] - takeScreenshot(): Taking screenshot successfully

2019-06-19 15:22:01 - [MESSAGE][PASSED] - Taking screenshot successfully
[[ATTACHMENT|/Users/sumankompelly/Relative xpath-Desktop/Reports/recordings - 1.10.2/20190619_151242/1560972120307.png]]

2019-06-19 15:22:01 - [TEST_STEP][PASSED] - delay(2): Delayed 2 second(s)

2019-06-19 15:22:03 - [MESSAGE][PASSED] - Delayed 2 second(s)

2019-06-19 15:22:03 - [TEST_STEP][PASSED] - click(findTestObject("OCS-DESKTOP/Product page/Swatch_3.5g"), CONTINUE_ON_FAILURE): Object: 'Object Repository/OCS-DESKTOP/Product page/Swatch_3.5g' is clicked on

2019-06-19 15:22:03 - [MESSAGE][PASSED] - Object: 'Object Repository/OCS-DESKTOP/Product page/Swatch_3.5g' is clicked on

2019-06-19 15:22:03 - [TEST_STEP][PASSED] - click(findTestObject("OCS-DESKTOP/Product page/Add to Bag-button")): Object: 'Object Repository/OCS-DESKTOP/Product page/Add to Bag-button' is clicked on

2019-06-19 15:22:04 - [MESSAGE][PASSED] - Object: 'Object Repository/OCS-DESKTOP/Product page/Add to Bag-button' is clicked on

2019-06-19 15:22:04 - [TEST_STEP][PASSED] - delay(2): Delayed 2 second(s)

2019-06-19 15:22:06 - [MESSAGE][PASSED] - Delayed 2 second(s)

2019-06-19 15:22:06 - [TEST_STEP][PASSED] - click(findTestObject("OCS-DESKTOP/Home - page/Cart icon -bag"), OPTIONAL): Unable to click on object 'Object Repository/OCS-DESKTOP/Home - page/Cart icon -bag' (Root cause: org.openqa.selenium.WebDriverException: element click intercepted: Element <div class="gram-widget__pricing" tabindex="0">...</div> is not clickable at point (1227, 0). Other element would receive the click: <div class="cart__header v-align--center">...</div>
  (Session info: chrome=76.0.3809.25)
  (Driver info: chromedriver=76.0.3809.25 (a0c95f440512e06df1c9c206f2d79cc20be18bb1-refs/branch-heads/3809@{#271}),platform=Mac OS X 10.13.6 x86_64) (WARNING: The server did not provide any stacktrace information)
Command duration or timeout: 51 milliseconds
Build info: version: '2.53.0', revision: '35ae25b', time: '2016-03-15 17:00:58'
System info: host: 'mac-208-52-166-75.browserstack.com', ip: '208.52.166.75', os.name: 'Mac OS X', os.arch: 'x86_64', os.version: '10.13.6', java.version: '1.8.0_51'
Driver info: org.openqa.selenium.chrome.ChromeDriver
Capabilities [{mobileEmulationEnabled=false, timeouts={implicit=0, pageLoad=300000, script=30000}, hasTouchScreen=false, platform=MAC, acceptSslCerts=false, goog:chromeOptions={debuggerAddress=localhost:62332}, acceptInsecureCerts=false, webStorageEnabled=true, browserName=chrome, takesScreenshot=true, javascriptEnabled=true, setWindowRect=true, unexpectedAlertBehaviour=ignore, applicationCacheEnabled=false, rotatable=false, networkConnectionEnabled=false, chrome={chromedriverVersion=76.0.3809.25 (a0c95f440512e06df1c9c206f2d79cc20be18bb1-refs/branch-heads/3809@{#271}), userDataDir=/var/folders/3y/zz_w6_s56sl__vcrf3r5bhzr0000hr/T/.com.google.Chrome.9EM31T}, takesHeapSnapshot=true, pageLoadStrategy=normal, strictFileInteractability=false, databaseEnabled=false, handlesAlerts=true, version=76.0.3809.25, browserConnectionEnabled=false, proxy={}, nativeEvents=true, locationContextEnabled=true, cssSelectorsEnabled=true}]
Session ID: 78a28e9a2733a5b58442ac8d53e00b6a
Command duration or timeout: 0 milliseconds)

2019-06-19 15:22:08 - [MESSAGE][WARNING] - Unable to click on object 'Object Repository/OCS-DESKTOP/Home - page/Cart icon -bag' (Root cause: org.openqa.selenium.WebDriverException: element click intercepted: Element <div class="gram-widget__pricing" tabindex="0">...</div> is not clickable at point (1227, 0). Other element would receive the click: <div class="cart__header v-align--center">...</div>
  (Session info: chrome=76.0.3809.25)
  (Driver info: chromedriver=76.0.3809.25 (a0c95f440512e06df1c9c206f2d79cc20be18bb1-refs/branch-heads/3809@{#271}),platform=Mac OS X 10.13.6 x86_64) (WARNING: The server did not provide any stacktrace information)
Command duration or timeout: 51 milliseconds
Build info: version: '2.53.0', revision: '35ae25b', time: '2016-03-15 17:00:58'
System info: host: 'mac-208-52-166-75.browserstack.com', ip: '208.52.166.75', os.name: 'Mac OS X', os.arch: 'x86_64', os.version: '10.13.6', java.version: '1.8.0_51'
Driver info: org.openqa.selenium.chrome.ChromeDriver
Capabilities [{mobileEmulationEnabled=false, timeouts={implicit=0, pageLoad=300000, script=30000}, hasTouchScreen=false, platform=MAC, acceptSslCerts=false, goog:chromeOptions={debuggerAddress=localhost:62332}, acceptInsecureCerts=false, webStorageEnabled=true, browserName=chrome, takesScreenshot=true, javascriptEnabled=true, setWindowRect=true, unexpectedAlertBehaviour=ignore, applicationCacheEnabled=false, rotatable=false, networkConnectionEnabled=false, chrome={chromedriverVersion=76.0.3809.25 (a0c95f440512e06df1c9c206f2d79cc20be18bb1-refs/branch-heads/3809@{#271}), userDataDir=/var/folders/3y/zz_w6_s56sl__vcrf3r5bhzr0000hr/T/.com.google.Chrome.9EM31T}, takesHeapSnapshot=true, pageLoadStrategy=normal, strictFileInteractability=false, databaseEnabled=false, handlesAlerts=true, version=76.0.3809.25, browserConnectionEnabled=false, proxy={}, nativeEvents=true, locationContextEnabled=true, cssSelectorsEnabled=true}]
Session ID: 78a28e9a2733a5b58442ac8d53e00b6a
Command duration or timeout: 0 milliseconds)
[[ATTACHMENT|/Users/sumankompelly/Relative xpath-Desktop/Reports/recordings - 1.10.2/20190619_151242/1560972126525.png]]

2019-06-19 15:22:08 - [TEST_STEP][PASSED] - delay(2): Delayed 2 second(s)

2019-06-19 15:22:10 - [MESSAGE][PASSED] - Delayed 2 second(s)

2019-06-19 15:22:10 - [TEST_STEP][PASSED] - click(findTestObject("OCS-DESKTOP/Cart flyout/Checkbox_I confirm that")): Object: 'Object Repository/OCS-DESKTOP/Cart flyout/Checkbox_I confirm that' is clicked on

2019-06-19 15:22:10 - [MESSAGE][PASSED] - Object: 'Object Repository/OCS-DESKTOP/Cart flyout/Checkbox_I confirm that' is clicked on

2019-06-19 15:22:10 - [TEST_STEP][PASSED] - delay(2): Delayed 2 second(s)

2019-06-19 15:22:12 - [MESSAGE][PASSED] - Delayed 2 second(s)

2019-06-19 15:22:12 - [TEST_STEP][PASSED] - click(findTestObject("OCS-DESKTOP/Cart flyout/Checkbox_Accept the Terms Condition")): Object: 'Object Repository/OCS-DESKTOP/Cart flyout/Checkbox_Accept the Terms Condition' is clicked on

2019-06-19 15:22:12 - [MESSAGE][PASSED] - Object: 'Object Repository/OCS-DESKTOP/Cart flyout/Checkbox_Accept the Terms Condition' is clicked on

2019-06-19 15:22:12 - [TEST_STEP][PASSED] - delay(2): Delayed 2 second(s)

2019-06-19 15:22:14 - [MESSAGE][PASSED] - Delayed 2 second(s)

2019-06-19 15:22:14 - [TEST_STEP][PASSED] - click(findTestObject("OCS-DESKTOP/Cart flyout/Checkout - Button")): Object: 'Object Repository/OCS-DESKTOP/Cart flyout/Checkout - Button' is clicked on

2019-06-19 15:22:18 - [MESSAGE][PASSED] - Object: 'Object Repository/OCS-DESKTOP/Cart flyout/Checkout - Button' is clicked on

2019-06-19 15:22:18 - [TEST_STEP][PASSED] - delay(2): Delayed 2 second(s)

2019-06-19 15:22:20 - [MESSAGE][PASSED] - Delayed 2 second(s)

2019-06-19 15:22:20 - [TEST_STEP][NOT_RUN] - scrollToElement(findTestObject("OCS-DESKTOP/Customer info page/Return to Cart - Link"), 1): NOT_RUN: scrollToElement(findTestObject("OCS-DESKTOP/Customer info page/Return to Cart - Link"), 1)

2019-06-19 15:22:20 - [MESSAGE][NOT_RUN] - NOT_RUN: scrollToElement(findTestObject("OCS-DESKTOP/Customer info page/Return to Cart - Link"), 1)

2019-06-19 15:22:20 - [TEST_STEP][PASSED] - delay(2): Delayed 2 second(s)

2019-06-19 15:22:22 - [MESSAGE][PASSED] - Delayed 2 second(s)

2019-06-19 15:22:22 - [TEST_STEP][PASSED] - click(findTestObject("OCS-DESKTOP/Customer info page/Cart - Breadcrumb link")): Object: 'Object Repository/OCS-DESKTOP/Customer info page/Cart - Breadcrumb link' is clicked on

2019-06-19 15:22:24 - [MESSAGE][PASSED] - Object: 'Object Repository/OCS-DESKTOP/Customer info page/Cart - Breadcrumb link' is clicked on

2019-06-19 15:22:24 - [TEST_STEP][PASSED] - delay(2): Delayed 2 second(s)

2019-06-19 15:22:26 - [MESSAGE][PASSED] - Delayed 2 second(s)

2019-06-19 15:22:26 - [TEST_STEP][PASSED] - a = getText(findTestObject("OCS-DESKTOP/Cart page/Unit price - 1st product")): Text of object 'Object Repository/OCS-DESKTOP/Cart page/Unit price - 1st product' is: '$35.00'

2019-06-19 15:22:26 - [MESSAGE][PASSED] - Text of object 'Object Repository/OCS-DESKTOP/Cart page/Unit price - 1st product' is: '$35.00'

2019-06-19 15:22:26 - [TEST_STEP][PASSED] - comment(a): $35.00

2019-06-19 15:22:26 - [MESSAGE][INFO] - $35.00

2019-06-19 15:22:26 - [TEST_STEP][PASSED] - a1 = a.substring(1): null

2019-06-19 15:22:26 - [TEST_STEP][PASSED] - comment("a1 = " + a1): a1 = 35.00

2019-06-19 15:22:26 - [MESSAGE][INFO] - a1 = 35.00

2019-06-19 15:22:26 - [TEST_STEP][PASSED] - delay(2): Delayed 2 second(s)

2019-06-19 15:22:28 - [MESSAGE][PASSED] - Delayed 2 second(s)

2019-06-19 15:22:28 - [TEST_STEP][PASSED] - b = getText(findTestObject("OCS-DESKTOP/Cart page/Unit price - 2nd product")): Text of object 'Object Repository/OCS-DESKTOP/Cart page/Unit price - 2nd product' is: '$10.50'

2019-06-19 15:22:28 - [MESSAGE][PASSED] - Text of object 'Object Repository/OCS-DESKTOP/Cart page/Unit price - 2nd product' is: '$10.50'

2019-06-19 15:22:28 - [TEST_STEP][PASSED] - comment(b): $10.50

2019-06-19 15:22:28 - [MESSAGE][INFO] - $10.50

2019-06-19 15:22:28 - [TEST_STEP][PASSED] - a2 = b.substring(1): null

2019-06-19 15:22:28 - [TEST_STEP][PASSED] - comment("a2 = " + a2): a2 = 10.50

2019-06-19 15:22:28 - [MESSAGE][INFO] - a2 = 10.50

2019-06-19 15:22:28 - [TEST_STEP][PASSED] - c = getText(findTestObject("OCS-DESKTOP/Cart page/Sub-total")): Text of object 'Object Repository/OCS-DESKTOP/Cart page/Sub-total' is: '$45.50'

2019-06-19 15:22:29 - [MESSAGE][PASSED] - Text of object 'Object Repository/OCS-DESKTOP/Cart page/Sub-total' is: '$45.50'

2019-06-19 15:22:29 - [TEST_STEP][PASSED] - comment(c): $45.50

2019-06-19 15:22:29 - [MESSAGE][INFO] - $45.50

2019-06-19 15:22:29 - [TEST_STEP][PASSED] - a3 = c.substring(1): null

2019-06-19 15:22:29 - [TEST_STEP][PASSED] - comment("a3 = " + a3): a3 = 45.50

2019-06-19 15:22:29 - [MESSAGE][INFO] - a3 = 45.50

2019-06-19 15:22:29 - [TEST_STEP][PASSED] - p2 = <not implemented yet for class: org.codehaus.groovy.ast.expr.EmptyExpression>: null

2019-06-19 15:22:29 - [TEST_STEP][PASSED] - p3 = <not implemented yet for class: org.codehaus.groovy.ast.expr.EmptyExpression>: null

2019-06-19 15:22:29 - [TEST_STEP][PASSED] - try: p2=35.0

2019-06-19 15:22:29 - [TEST_STEP][PASSED] - x1 = a1: null

2019-06-19 15:22:29 - [TEST_STEP][PASSED] - comment("x1=" + x1): x1=35.00

2019-06-19 15:22:29 - [MESSAGE][INFO] - x1=35.00

2019-06-19 15:22:29 - [TEST_STEP][PASSED] - p2 = Double.valueOf(x1): null

2019-06-19 15:22:29 - [TEST_STEP][PASSED] - comment("p2=" + p2): p2=35.0

2019-06-19 15:22:29 - [MESSAGE][INFO] - p2=35.0

2019-06-19 15:22:29 - [TEST_STEP][PASSED] - try: p3=10.5

2019-06-19 15:22:29 - [TEST_STEP][PASSED] - x2 = a2: null

2019-06-19 15:22:29 - [TEST_STEP][PASSED] - comment("x2=" + x2): x2=10.50

2019-06-19 15:22:29 - [MESSAGE][INFO] - x2=10.50

2019-06-19 15:22:29 - [TEST_STEP][PASSED] - p3 = Double.valueOf(x2): null

2019-06-19 15:22:29 - [TEST_STEP][PASSED] - comment("p3=" + p3): p3=10.5

2019-06-19 15:22:29 - [MESSAGE][INFO] - p3=10.5

2019-06-19 15:22:29 - [TEST_STEP][PASSED] - comment("p2=" + p2): p2=35.0

2019-06-19 15:22:29 - [MESSAGE][INFO] - p2=35.0

2019-06-19 15:22:29 - [TEST_STEP][PASSED] - comment("p3=" + p3): p3=10.5

2019-06-19 15:22:29 - [MESSAGE][INFO] - p3=10.5

2019-06-19 15:22:29 - [TEST_STEP][PASSED] - total = p2 + p3: null

2019-06-19 15:22:29 - [TEST_STEP][PASSED] - comment("total=" + total): total=45.5

2019-06-19 15:22:29 - [MESSAGE][INFO] - total=45.5

2019-06-19 15:22:29 - [TEST_STEP][PASSED] - verifyEqual(total, a3): Actual object '45.5' and expected object '45.50' are equal

2019-06-19 15:22:29 - [MESSAGE][PASSED] - Actual object '45.5' and expected object '45.50' are equal

2019-06-19 15:22:29 - [TEST_STEP][PASSED] - click(findTestObject("OCS-DESKTOP/Cart page/Remove icon - 1st Product")): Object: 'Object Repository/OCS-DESKTOP/Cart page/Remove icon - 1st Product' is clicked on

2019-06-19 15:22:30 - [MESSAGE][PASSED] - Object: 'Object Repository/OCS-DESKTOP/Cart page/Remove icon - 1st Product' is clicked on

2019-06-19 15:22:30 - [TEST_STEP][PASSED] - delay(2): Delayed 2 second(s)

2019-06-19 15:22:32 - [MESSAGE][PASSED] - Delayed 2 second(s)

2019-06-19 15:22:32 - [TEST_STEP][PASSED] - c23 = getText(findTestObject("OCS-DESKTOP/Cart page/Sub-total")): Text of object 'Object Repository/OCS-DESKTOP/Cart page/Sub-total' is: '$10.50'

2019-06-19 15:22:33 - [MESSAGE][PASSED] - Text of object 'Object Repository/OCS-DESKTOP/Cart page/Sub-total' is: '$10.50'

2019-06-19 15:22:33 - [TEST_STEP][PASSED] - comment(c23): $10.50

2019-06-19 15:22:33 - [MESSAGE][INFO] - $10.50

2019-06-19 15:22:33 - [TEST_STEP][PASSED] - a4 = c23.substring(1): null

2019-06-19 15:22:33 - [TEST_STEP][PASSED] - comment("a4= " + a4): a4= 10.50

2019-06-19 15:22:33 - [MESSAGE][INFO] - a4= 10.50

2019-06-19 15:22:33 - [TEST_STEP][PASSED] - b25 = getText(findTestObject("OCS-DESKTOP/Cart page/Unit price - 1st product")): Text of object 'Object Repository/OCS-DESKTOP/Cart page/Unit price - 1st product' is: '$10.50'

2019-06-19 15:22:33 - [MESSAGE][PASSED] - Text of object 'Object Repository/OCS-DESKTOP/Cart page/Unit price - 1st product' is: '$10.50'

2019-06-19 15:22:33 - [TEST_STEP][PASSED] - comment(b25): $10.50

2019-06-19 15:22:33 - [MESSAGE][INFO] - $10.50

2019-06-19 15:22:33 - [TEST_STEP][PASSED] - a25 = b25.substring(1): null

2019-06-19 15:22:33 - [TEST_STEP][PASSED] - comment("a25 = " + a25): a25 = 10.50

2019-06-19 15:22:33 - [MESSAGE][INFO] - a25 = 10.50

2019-06-19 15:22:33 - [TEST_STEP][PASSED] - verifyEqual(a4, a25): Actual object '10.50' and expected object '10.50' are equal

2019-06-19 15:22:33 - [MESSAGE][PASSED] - Actual object '10.50' and expected object '10.50' are equal]]></system-out>
         <system-err><![CDATA[]]></system-err>
      </testcase>
      <testcase name="Test Cases/OCS - DESKTOP/OCS- CRITICAL PATH/cart flyout- accessories" classname="Test Cases/OCS - DESKTOP/OCS- CRITICAL PATH/cart flyout- accessories" status="PASSED">
         <system-out><![CDATA[2019-06-19 15:22:33 - [TEST_CASE][PASSED] - Test Cases/OCS - DESKTOP/OCS- CRITICAL PATH/cart flyout- accessories: Test Cases/OCS - DESKTOP/OCS- CRITICAL PATH/cart flyout- accessories

2019-06-19 15:22:33 - [TEST_STEP][PASSED] - callTestCase(findTestCase("OCS - DESKTOP/CALL - PDP"), [:], STOP_ON_FAILURE): Call Test Case 'Test Cases/OCS - DESKTOP/CALL - PDP' successfully

2019-06-19 15:22:33 - [TEST_CASE][PASSED] - Test Cases/OCS - DESKTOP/CALL - PDP: Test Cases/OCS - DESKTOP/CALL - PDP

2019-06-19 15:22:33 - [TEST_STEP][PASSED] - openBrowser(""): Browser is opened with url: ''

2019-06-19 15:22:33 - [MESSAGE][WARNING] - A browser is already opened. Closing browser and opening a new one

2019-06-19 15:22:33 - [MESSAGE][INFO] - Starting 'Remote' driver

2019-06-19 15:22:33 - [MESSAGE][INFO] - User set preference: ['os', 'OS X']

2019-06-19 15:22:33 - [MESSAGE][INFO] - User set preference: ['os_version', 'High Sierra']

2019-06-19 15:22:33 - [MESSAGE][INFO] - User set preference: ['browser', 'Chrome']

2019-06-19 15:22:33 - [MESSAGE][INFO] - User set preference: ['browser_version', '76.0 beta']

2019-06-19 15:22:33 - [MESSAGE][INFO] - User set preference: ['resolution', '1280x960']

2019-06-19 15:22:33 - [MESSAGE][INFO] - User set preference: ['browserstack.local', '']

2019-06-19 15:22:33 - [MESSAGE][INFO] - Connecting to remote web server 'https://dianatest3:Z3oqw9ysqTeRQJq5wFCp@hub-cloud.browserstack.com/wd/hub' with type 'Selenium'

2019-06-19 15:22:39 - [MESSAGE][PASSED] - Browser is opened with url: ''

2019-06-19 15:22:39 - [TEST_STEP][PASSED] - navigateToUrl("https://ocs.ca/?fts=0&preview_theme_id=72920106828"): Navigate to 'https://ocs.ca/?fts=0&preview_theme_id=72920106828' successfully

2019-06-19 15:22:45 - [MESSAGE][PASSED] - Navigate to 'https://ocs.ca/?fts=0&preview_theme_id=72920106828' successfully

2019-06-19 15:22:45 - [TEST_STEP][PASSED] - maximizeWindow(): Current window maximized

2019-06-19 15:22:45 - [MESSAGE][PASSED] - Current window maximized

2019-06-19 15:22:45 - [TEST_STEP][PASSED] - executeJavaScript("var previewBar = document.getElementById("preview-bar-iframe"); previewBar.style.display = "none";", []): Execute JavaScript 'var previewBar = document.getElementById("preview-bar-iframe"); previewBar.style.display = "none";' successfully

2019-06-19 15:22:45 - [MESSAGE][PASSED] - Execute JavaScript 'var previewBar = document.getElementById("preview-bar-iframe"); previewBar.style.display = "none";' successfully

2019-06-19 15:22:45 - [TEST_STEP][PASSED] - delay(4): Delayed 4 second(s)

2019-06-19 15:22:49 - [MESSAGE][PASSED] - Delayed 4 second(s)

2019-06-19 15:22:49 - [TEST_STEP][PASSED] - selectOptionByValue(findTestObject("OCS-DESKTOP/Age gate and Mega menu/Date"), "12", true): All options with value '12' are selected in object 'Object Repository/OCS-DESKTOP/Age gate and Mega menu/Date'  using regular expression

2019-06-19 15:22:55 - [MESSAGE][PASSED] - All options with value '12' are selected in object 'Object Repository/OCS-DESKTOP/Age gate and Mega menu/Date'  using regular expression

2019-06-19 15:22:55 - [TEST_STEP][PASSED] - selectOptionByValue(findTestObject("OCS-DESKTOP/Age gate and Mega menu/month"), "6", true): All options with value '6' are selected in object 'Object Repository/OCS-DESKTOP/Age gate and Mega menu/month'  using regular expression

2019-06-19 15:22:58 - [MESSAGE][PASSED] - All options with value '6' are selected in object 'Object Repository/OCS-DESKTOP/Age gate and Mega menu/month'  using regular expression

2019-06-19 15:22:58 - [TEST_STEP][PASSED] - delay(2): Delayed 2 second(s)

2019-06-19 15:23:00 - [MESSAGE][PASSED] - Delayed 2 second(s)

2019-06-19 15:23:00 - [TEST_STEP][PASSED] - selectOptionByValue(findTestObject("OCS-DESKTOP/Age gate and Mega menu/Year Dropdown"), "1990", true): All options with value '1990' are selected in object 'Object Repository/OCS-DESKTOP/Age gate and Mega menu/Year Dropdown'  using regular expression

2019-06-19 15:23:18 - [MESSAGE][PASSED] - All options with value '1990' are selected in object 'Object Repository/OCS-DESKTOP/Age gate and Mega menu/Year Dropdown'  using regular expression

2019-06-19 15:23:18 - [TEST_STEP][PASSED] - click(findTestObject("OCS-DESKTOP/Age gate and Mega menu/button_Verify")): Object: 'Object Repository/OCS-DESKTOP/Age gate and Mega menu/button_Verify' is clicked on

2019-06-19 15:23:18 - [MESSAGE][PASSED] - Object: 'Object Repository/OCS-DESKTOP/Age gate and Mega menu/button_Verify' is clicked on

2019-06-19 15:23:18 - [TEST_STEP][PASSED] - click(findTestObject("OCS-DESKTOP/Age gate and Mega menu/Checkbox_CONFIRM AND ACKNOWLEDGE")): Object: 'Object Repository/OCS-DESKTOP/Age gate and Mega menu/Checkbox_CONFIRM AND ACKNOWLEDGE' is clicked on

2019-06-19 15:23:19 - [MESSAGE][PASSED] - Object: 'Object Repository/OCS-DESKTOP/Age gate and Mega menu/Checkbox_CONFIRM AND ACKNOWLEDGE' is clicked on

2019-06-19 15:23:19 - [TEST_STEP][PASSED] - click(findTestObject("OCS-DESKTOP/Age gate and Mega menu/button_CONFIRM")): Object: 'Object Repository/OCS-DESKTOP/Age gate and Mega menu/button_CONFIRM' is clicked on

2019-06-19 15:23:19 - [MESSAGE][PASSED] - Object: 'Object Repository/OCS-DESKTOP/Age gate and Mega menu/button_CONFIRM' is clicked on

2019-06-19 15:23:19 - [TEST_STEP][PASSED] - click(findTestObject("OCS-DESKTOP/Age gate and Mega menu/button_Start Browsing")): Object: 'Object Repository/OCS-DESKTOP/Age gate and Mega menu/button_Start Browsing' is clicked on

2019-06-19 15:23:19 - [MESSAGE][PASSED] - Object: 'Object Repository/OCS-DESKTOP/Age gate and Mega menu/button_Start Browsing' is clicked on

2019-06-19 15:23:19 - [TEST_STEP][PASSED] - refresh(): Refresh successfully

2019-06-19 15:23:19 - [MESSAGE][PASSED] - Refresh successfully

2019-06-19 15:23:19 - [TEST_STEP][PASSED] - delay(2): Delayed 2 second(s)

2019-06-19 15:23:21 - [MESSAGE][PASSED] - Delayed 2 second(s)

2019-06-19 15:23:21 - [TEST_STEP][PASSED] - mouseOver(findTestObject("OCS-DESKTOP/Age gate and Mega menu/Header/CANNABIS menu - English")): Object: 'Object Repository/OCS-DESKTOP/Age gate and Mega menu/Header/CANNABIS menu - English' is hovered

2019-06-19 15:23:24 - [MESSAGE][PASSED] - Object: 'Object Repository/OCS-DESKTOP/Age gate and Mega menu/Header/CANNABIS menu - English' is hovered

2019-06-19 15:23:24 - [TEST_STEP][PASSED] - delay(2): Delayed 2 second(s)

2019-06-19 15:23:26 - [MESSAGE][PASSED] - Delayed 2 second(s)

2019-06-19 15:23:26 - [TEST_STEP][PASSED] - click(findTestObject("OCS-DESKTOP/Age gate and Mega menu/Indica Dominant_Menu item")): Object: 'Object Repository/OCS-DESKTOP/Age gate and Mega menu/Indica Dominant_Menu item' is clicked on

2019-06-19 15:23:29 - [MESSAGE][PASSED] - Object: 'Object Repository/OCS-DESKTOP/Age gate and Mega menu/Indica Dominant_Menu item' is clicked on

2019-06-19 15:23:29 - [TEST_STEP][PASSED] - delay(2): Delayed 2 second(s)

2019-06-19 15:23:31 - [MESSAGE][PASSED] - Delayed 2 second(s)

2019-06-19 15:23:31 - [TEST_STEP][PASSED] - scrollToElement(findTestObject("OCS-DESKTOP/Collection page/Product image - 1st one"), 0): Scroll to object 'Object Repository/OCS-DESKTOP/Collection page/Product image - 1st one' successfully

2019-06-19 15:23:31 - [MESSAGE][WARNING] - Timeout '0' is invalid. Using default page load timeout: '30'

2019-06-19 15:23:31 - [MESSAGE][PASSED] - Scroll to object 'Object Repository/OCS-DESKTOP/Collection page/Product image - 1st one' successfully

2019-06-19 15:23:31 - [TEST_STEP][PASSED] - delay(2): Delayed 2 second(s)

2019-06-19 15:23:33 - [MESSAGE][PASSED] - Delayed 2 second(s)

2019-06-19 15:23:33 - [TEST_STEP][PASSED] - click(findTestObject("OCS-DESKTOP/Collection page/Product image - 1st one")): Object: 'Object Repository/OCS-DESKTOP/Collection page/Product image - 1st one' is clicked on

2019-06-19 15:23:38 - [MESSAGE][PASSED] - Object: 'Object Repository/OCS-DESKTOP/Collection page/Product image - 1st one' is clicked on

2019-06-19 15:23:38 - [TEST_STEP][PASSED] - executeJavaScript("var previewBar = document.getElementById("preview-bar-iframe"); previewBar.style.display = "none";", []): Execute JavaScript 'var previewBar = document.getElementById("preview-bar-iframe"); previewBar.style.display = "none";' successfully

2019-06-19 15:23:38 - [MESSAGE][PASSED] - Execute JavaScript 'var previewBar = document.getElementById("preview-bar-iframe"); previewBar.style.display = "none";' successfully

2019-06-19 15:23:38 - [TEST_STEP][PASSED] - delay(2): Delayed 2 second(s)

2019-06-19 15:23:40 - [MESSAGE][PASSED] - Delayed 2 second(s)

2019-06-19 15:23:40 - [MESSAGE][PASSED] - Call Test Case 'Test Cases/OCS - DESKTOP/CALL - PDP' successfully

2019-06-19 15:23:40 - [TEST_STEP][NOT_RUN] - scrollToElement(findTestObject("OCS-DESKTOP/Product page/Product image"), 1): NOT_RUN: scrollToElement(findTestObject("OCS-DESKTOP/Product page/Product image"), 1)

2019-06-19 15:23:40 - [MESSAGE][NOT_RUN] - NOT_RUN: scrollToElement(findTestObject("OCS-DESKTOP/Product page/Product image"), 1)

2019-06-19 15:23:40 - [TEST_STEP][PASSED] - delay(2): Delayed 2 second(s)

2019-06-19 15:23:42 - [MESSAGE][PASSED] - Delayed 2 second(s)

2019-06-19 15:23:42 - [TEST_STEP][PASSED] - click(findTestObject("OCS-DESKTOP/Product page/Swatch_1g")): Object: 'Object Repository/OCS-DESKTOP/Product page/Swatch_1g' is clicked on

2019-06-19 15:23:42 - [MESSAGE][PASSED] - Object: 'Object Repository/OCS-DESKTOP/Product page/Swatch_1g' is clicked on

2019-06-19 15:23:42 - [TEST_STEP][PASSED] - scrollToElement(findTestObject("OCS-DESKTOP/Product page/Swatch_3.5g"), 1): Scroll to object 'Object Repository/OCS-DESKTOP/Product page/Swatch_3.5g' successfully

2019-06-19 15:23:42 - [MESSAGE][PASSED] - Scroll to object 'Object Repository/OCS-DESKTOP/Product page/Swatch_3.5g' successfully

2019-06-19 15:23:42 - [TEST_STEP][PASSED] - delay(2): Delayed 2 second(s)

2019-06-19 15:23:44 - [MESSAGE][PASSED] - Delayed 2 second(s)

2019-06-19 15:23:44 - [TEST_STEP][PASSED] - click(findTestObject("OCS-DESKTOP/Product page/Add to Bag-button")): Object: 'Object Repository/OCS-DESKTOP/Product page/Add to Bag-button' is clicked on

2019-06-19 15:23:45 - [MESSAGE][PASSED] - Object: 'Object Repository/OCS-DESKTOP/Product page/Add to Bag-button' is clicked on

2019-06-19 15:23:45 - [TEST_STEP][PASSED] - delay(1): Delayed 1 second(s)

2019-06-19 15:23:46 - [MESSAGE][PASSED] - Delayed 1 second(s)

2019-06-19 15:23:46 - [TEST_STEP][PASSED] - delay(2): Delayed 2 second(s)

2019-06-19 15:23:48 - [MESSAGE][PASSED] - Delayed 2 second(s)

2019-06-19 15:23:48 - [TEST_STEP][NOT_RUN] - click(findTestObject("OCS-DESKTOP/Theme preview - Hide bar")): NOT_RUN: click(findTestObject("OCS-DESKTOP/Theme preview - Hide bar"))

2019-06-19 15:23:48 - [MESSAGE][NOT_RUN] - NOT_RUN: click(findTestObject("OCS-DESKTOP/Theme preview - Hide bar"))

2019-06-19 15:23:48 - [TEST_STEP][NOT_RUN] - delay(2): NOT_RUN: delay(2)

2019-06-19 15:23:48 - [MESSAGE][NOT_RUN] - NOT_RUN: delay(2)

2019-06-19 15:23:48 - [TEST_STEP][PASSED] - click(findTestObject("OCS-DESKTOP/Cart flyout/Up Chevron - Accessories you might need")): Object: 'Object Repository/OCS-DESKTOP/Cart flyout/Up Chevron - Accessories you might need' is clicked on

2019-06-19 15:23:48 - [MESSAGE][PASSED] - Object: 'Object Repository/OCS-DESKTOP/Cart flyout/Up Chevron - Accessories you might need' is clicked on

2019-06-19 15:23:48 - [TEST_STEP][PASSED] - takeScreenshot(): Taking screenshot successfully

2019-06-19 15:23:49 - [MESSAGE][PASSED] - Taking screenshot successfully
[[ATTACHMENT|/Users/sumankompelly/Relative xpath-Desktop/Reports/recordings - 1.10.2/20190619_151242/1560972228508.png]]

2019-06-19 15:23:49 - [TEST_STEP][PASSED] - delay(4): Delayed 4 second(s)

2019-06-19 15:23:53 - [MESSAGE][PASSED] - Delayed 4 second(s)

2019-06-19 15:23:53 - [TEST_STEP][PASSED] - click(findTestObject("OCS-DESKTOP/Cart flyout/Down Chevron - Accessories you might need")): Object: 'Object Repository/OCS-DESKTOP/Cart flyout/Down Chevron - Accessories you might need' is clicked on

2019-06-19 15:23:54 - [MESSAGE][PASSED] - Object: 'Object Repository/OCS-DESKTOP/Cart flyout/Down Chevron - Accessories you might need' is clicked on]]></system-out>
         <system-err><![CDATA[]]></system-err>
      </testcase>
      <testcase name="Test Cases/OCS - DESKTOP/OCS- CRITICAL PATH/Cart flyout-price comparison" classname="Test Cases/OCS - DESKTOP/OCS- CRITICAL PATH/Cart flyout-price comparison" status="PASSED">
         <system-out><![CDATA[2019-06-19 15:23:54 - [TEST_CASE][PASSED] - Test Cases/OCS - DESKTOP/OCS- CRITICAL PATH/Cart flyout-price comparison: Test Cases/OCS - DESKTOP/OCS- CRITICAL PATH/Cart flyout-price comparison

2019-06-19 15:23:54 - [TEST_STEP][PASSED] - callTestCase(findTestCase("OCS - DESKTOP/CALL - Navigate to PDP"), [:], STOP_ON_FAILURE): Call Test Case 'Test Cases/OCS - DESKTOP/CALL - Navigate to PDP' successfully

2019-06-19 15:23:54 - [TEST_CASE][PASSED] - Test Cases/OCS - DESKTOP/CALL - Navigate to PDP: Test Cases/OCS - DESKTOP/CALL - Navigate to PDP

2019-06-19 15:23:54 - [TEST_STEP][PASSED] - openBrowser(""): Browser is opened with url: ''

2019-06-19 15:23:54 - [MESSAGE][WARNING] - A browser is already opened. Closing browser and opening a new one

2019-06-19 15:23:54 - [MESSAGE][INFO] - Starting 'Remote' driver

2019-06-19 15:23:54 - [MESSAGE][INFO] - User set preference: ['os', 'OS X']

2019-06-19 15:23:54 - [MESSAGE][INFO] - User set preference: ['os_version', 'High Sierra']

2019-06-19 15:23:54 - [MESSAGE][INFO] - User set preference: ['browser', 'Chrome']

2019-06-19 15:23:54 - [MESSAGE][INFO] - User set preference: ['browser_version', '76.0 beta']

2019-06-19 15:23:54 - [MESSAGE][INFO] - User set preference: ['resolution', '1280x960']

2019-06-19 15:23:54 - [MESSAGE][INFO] - User set preference: ['browserstack.local', '']

2019-06-19 15:23:54 - [MESSAGE][INFO] - Connecting to remote web server 'https://dianatest3:Z3oqw9ysqTeRQJq5wFCp@hub-cloud.browserstack.com/wd/hub' with type 'Selenium'

2019-06-19 15:24:00 - [MESSAGE][PASSED] - Browser is opened with url: ''

2019-06-19 15:24:00 - [TEST_STEP][PASSED] - maximizeWindow(): Current window maximized

2019-06-19 15:24:00 - [MESSAGE][PASSED] - Current window maximized

2019-06-19 15:24:00 - [TEST_STEP][PASSED] - navigateToUrl("https://ocs.ca/?fts=0&preview_theme_id=72920106828"): Navigate to 'https://ocs.ca/?fts=0&preview_theme_id=72920106828' successfully

2019-06-19 15:24:06 - [MESSAGE][PASSED] - Navigate to 'https://ocs.ca/?fts=0&preview_theme_id=72920106828' successfully

2019-06-19 15:24:06 - [TEST_STEP][PASSED] - executeJavaScript("var previewBar = document.getElementById("preview-bar-iframe"); previewBar.style.display = "none";", []): Execute JavaScript 'var previewBar = document.getElementById("preview-bar-iframe"); previewBar.style.display = "none";' successfully

2019-06-19 15:24:07 - [MESSAGE][PASSED] - Execute JavaScript 'var previewBar = document.getElementById("preview-bar-iframe"); previewBar.style.display = "none";' successfully

2019-06-19 15:24:07 - [TEST_STEP][PASSED] - delay(4): Delayed 4 second(s)

2019-06-19 15:24:11 - [MESSAGE][PASSED] - Delayed 4 second(s)

2019-06-19 15:24:11 - [TEST_STEP][PASSED] - selectOptionByValue(findTestObject("OCS-DESKTOP/Age gate and Mega menu/Date"), "12", true): All options with value '12' are selected in object 'Object Repository/OCS-DESKTOP/Age gate and Mega menu/Date'  using regular expression

2019-06-19 15:24:16 - [MESSAGE][PASSED] - All options with value '12' are selected in object 'Object Repository/OCS-DESKTOP/Age gate and Mega menu/Date'  using regular expression

2019-06-19 15:24:16 - [TEST_STEP][PASSED] - selectOptionByValue(findTestObject("OCS-DESKTOP/Age gate and Mega menu/month"), "6", true): All options with value '6' are selected in object 'Object Repository/OCS-DESKTOP/Age gate and Mega menu/month'  using regular expression

2019-06-19 15:24:19 - [MESSAGE][PASSED] - All options with value '6' are selected in object 'Object Repository/OCS-DESKTOP/Age gate and Mega menu/month'  using regular expression

2019-06-19 15:24:19 - [TEST_STEP][PASSED] - delay(2): Delayed 2 second(s)

2019-06-19 15:24:21 - [MESSAGE][PASSED] - Delayed 2 second(s)

2019-06-19 15:24:21 - [TEST_STEP][PASSED] - selectOptionByValue(findTestObject("OCS-DESKTOP/Age gate and Mega menu/Year Dropdown"), "1990", true): All options with value '1990' are selected in object 'Object Repository/OCS-DESKTOP/Age gate and Mega menu/Year Dropdown'  using regular expression

2019-06-19 15:24:37 - [MESSAGE][PASSED] - All options with value '1990' are selected in object 'Object Repository/OCS-DESKTOP/Age gate and Mega menu/Year Dropdown'  using regular expression

2019-06-19 15:24:37 - [TEST_STEP][PASSED] - click(findTestObject("OCS-DESKTOP/Age gate and Mega menu/button_Verify")): Object: 'Object Repository/OCS-DESKTOP/Age gate and Mega menu/button_Verify' is clicked on

2019-06-19 15:24:37 - [MESSAGE][PASSED] - Object: 'Object Repository/OCS-DESKTOP/Age gate and Mega menu/button_Verify' is clicked on

2019-06-19 15:24:37 - [TEST_STEP][PASSED] - click(findTestObject("OCS-DESKTOP/Age gate and Mega menu/Checkbox_CONFIRM AND ACKNOWLEDGE")): Object: 'Object Repository/OCS-DESKTOP/Age gate and Mega menu/Checkbox_CONFIRM AND ACKNOWLEDGE' is clicked on

2019-06-19 15:24:37 - [MESSAGE][PASSED] - Object: 'Object Repository/OCS-DESKTOP/Age gate and Mega menu/Checkbox_CONFIRM AND ACKNOWLEDGE' is clicked on

2019-06-19 15:24:37 - [TEST_STEP][PASSED] - click(findTestObject("OCS-DESKTOP/Age gate and Mega menu/button_CONFIRM")): Object: 'Object Repository/OCS-DESKTOP/Age gate and Mega menu/button_CONFIRM' is clicked on

2019-06-19 15:24:37 - [MESSAGE][PASSED] - Object: 'Object Repository/OCS-DESKTOP/Age gate and Mega menu/button_CONFIRM' is clicked on

2019-06-19 15:24:37 - [TEST_STEP][PASSED] - click(findTestObject("OCS-DESKTOP/Age gate and Mega menu/button_Start Browsing")): Object: 'Object Repository/OCS-DESKTOP/Age gate and Mega menu/button_Start Browsing' is clicked on

2019-06-19 15:24:38 - [MESSAGE][PASSED] - Object: 'Object Repository/OCS-DESKTOP/Age gate and Mega menu/button_Start Browsing' is clicked on

2019-06-19 15:24:38 - [TEST_STEP][PASSED] - delay(2): Delayed 2 second(s)

2019-06-19 15:24:40 - [MESSAGE][PASSED] - Delayed 2 second(s)

2019-06-19 15:24:40 - [TEST_STEP][PASSED] - navigateToUrl("https://ocs.ca/products/la-confidential"): Navigate to 'https://ocs.ca/products/la-confidential' successfully

2019-06-19 15:24:44 - [MESSAGE][PASSED] - Navigate to 'https://ocs.ca/products/la-confidential' successfully

2019-06-19 15:24:44 - [TEST_STEP][PASSED] - executeJavaScript("var previewBar = document.getElementById("preview-bar-iframe"); previewBar.style.display = "none";", []): Execute JavaScript 'var previewBar = document.getElementById("preview-bar-iframe"); previewBar.style.display = "none";' successfully

2019-06-19 15:24:44 - [MESSAGE][PASSED] - Execute JavaScript 'var previewBar = document.getElementById("preview-bar-iframe"); previewBar.style.display = "none";' successfully

2019-06-19 15:24:44 - [MESSAGE][PASSED] - Call Test Case 'Test Cases/OCS - DESKTOP/CALL - Navigate to PDP' successfully

2019-06-19 15:24:44 - [TEST_STEP][NOT_RUN] - scrollToElement(findTestObject("OCS-DESKTOP/Product page/Product image"), 1): NOT_RUN: scrollToElement(findTestObject("OCS-DESKTOP/Product page/Product image"), 1)

2019-06-19 15:24:44 - [MESSAGE][NOT_RUN] - NOT_RUN: scrollToElement(findTestObject("OCS-DESKTOP/Product page/Product image"), 1)

2019-06-19 15:24:44 - [TEST_STEP][PASSED] - delay(2): Delayed 2 second(s)

2019-06-19 15:24:46 - [MESSAGE][PASSED] - Delayed 2 second(s)

2019-06-19 15:24:46 - [TEST_STEP][NOT_RUN] - flag = verifyElementPresent(findTestObject("OCS-DESKTOP/Product page/Swatch_3.5g"), 0): NOT_RUN: flag = verifyElementPresent(findTestObject("OCS-DESKTOP/Product page/Swatch_3.5g"), 0)

2019-06-19 15:24:46 - [MESSAGE][NOT_RUN] - NOT_RUN: flag = verifyElementPresent(findTestObject("OCS-DESKTOP/Product page/Swatch_3.5g"), 0)

2019-06-19 15:24:46 - [TEST_STEP][NOT_RUN] - comment(" flag=" + flag): NOT_RUN: comment(" flag=" + flag)

2019-06-19 15:24:46 - [MESSAGE][NOT_RUN] - NOT_RUN: comment(" flag=" + flag)

2019-06-19 15:24:46 - [TEST_STEP][PASSED] - takeScreenshot(): Taking screenshot successfully

2019-06-19 15:24:47 - [MESSAGE][PASSED] - Taking screenshot successfully
[[ATTACHMENT|/Users/sumankompelly/Relative xpath-Desktop/Reports/recordings - 1.10.2/20190619_151242/1560972286779.png]]

2019-06-19 15:24:47 - [TEST_STEP][NOT_RUN] - scrollToElement(findTestObject("OCS-DESKTOP/Product page/Swatch_3.5g"), 1): NOT_RUN: scrollToElement(findTestObject("OCS-DESKTOP/Product page/Swatch_3.5g"), 1)

2019-06-19 15:24:47 - [MESSAGE][NOT_RUN] - NOT_RUN: scrollToElement(findTestObject("OCS-DESKTOP/Product page/Swatch_3.5g"), 1)

2019-06-19 15:24:47 - [TEST_STEP][PASSED] - click(findTestObject("OCS-DESKTOP/Product page/Swatch_1g"), CONTINUE_ON_FAILURE): Object: 'Object Repository/OCS-DESKTOP/Product page/Swatch_1g' is clicked on

2019-06-19 15:24:48 - [MESSAGE][PASSED] - Object: 'Object Repository/OCS-DESKTOP/Product page/Swatch_1g' is clicked on

2019-06-19 15:24:48 - [TEST_STEP][NOT_RUN] - delay(2): NOT_RUN: delay(2)

2019-06-19 15:24:48 - [MESSAGE][NOT_RUN] - NOT_RUN: delay(2)

2019-06-19 15:24:48 - [TEST_STEP][NOT_RUN] - click(findTestObject("OCS-DESKTOP/Theme preview - Hide bar"), OPTIONAL): NOT_RUN: click(findTestObject("OCS-DESKTOP/Theme preview - Hide bar"), OPTIONAL)

2019-06-19 15:24:48 - [MESSAGE][NOT_RUN] - NOT_RUN: click(findTestObject("OCS-DESKTOP/Theme preview - Hide bar"), OPTIONAL)

2019-06-19 15:24:48 - [TEST_STEP][PASSED] - delay(2, OPTIONAL): Delayed 2 second(s)

2019-06-19 15:24:50 - [MESSAGE][PASSED] - Delayed 2 second(s)

2019-06-19 15:24:50 - [TEST_STEP][PASSED] - click(findTestObject("OCS-DESKTOP/Product page/Add to Bag-button")): Object: 'Object Repository/OCS-DESKTOP/Product page/Add to Bag-button' is clicked on

2019-06-19 15:24:50 - [MESSAGE][PASSED] - Object: 'Object Repository/OCS-DESKTOP/Product page/Add to Bag-button' is clicked on

2019-06-19 15:24:50 - [TEST_STEP][PASSED] - delay(1): Delayed 1 second(s)

2019-06-19 15:24:51 - [MESSAGE][PASSED] - Delayed 1 second(s)

2019-06-19 15:24:51 - [TEST_STEP][PASSED] - click(findTestObject("OCS-DESKTOP/Cart flyout/Back icon")): Object: 'Object Repository/OCS-DESKTOP/Cart flyout/Back icon' is clicked on

2019-06-19 15:24:51 - [MESSAGE][PASSED] - Object: 'Object Repository/OCS-DESKTOP/Cart flyout/Back icon' is clicked on

2019-06-19 15:24:51 - [TEST_STEP][PASSED] - delay(2): Delayed 2 second(s)

2019-06-19 15:24:53 - [MESSAGE][PASSED] - Delayed 2 second(s)

2019-06-19 15:24:53 - [TEST_STEP][NOT_RUN] - click(findTestObject("OCS-DESKTOP/Age gate and Mega menu/Header/CANNABIS menu - English")): NOT_RUN: click(findTestObject("OCS-DESKTOP/Age gate and Mega menu/Header/CANNABIS menu - English"))

2019-06-19 15:24:53 - [MESSAGE][NOT_RUN] - NOT_RUN: click(findTestObject("OCS-DESKTOP/Age gate and Mega menu/Header/CANNABIS menu - English"))

2019-06-19 15:24:53 - [TEST_STEP][NOT_RUN] - delay(2): NOT_RUN: delay(2)

2019-06-19 15:24:53 - [MESSAGE][NOT_RUN] - NOT_RUN: delay(2)

2019-06-19 15:24:53 - [TEST_STEP][NOT_RUN] - click(findTestObject("OCS-DESKTOP/Age gate and Mega menu/Chevron_Cannabis")): NOT_RUN: click(findTestObject("OCS-DESKTOP/Age gate and Mega menu/Chevron_Cannabis"))

2019-06-19 15:24:53 - [MESSAGE][NOT_RUN] - NOT_RUN: click(findTestObject("OCS-DESKTOP/Age gate and Mega menu/Chevron_Cannabis"))

2019-06-19 15:24:53 - [TEST_STEP][NOT_RUN] - delay(2): NOT_RUN: delay(2)

2019-06-19 15:24:53 - [MESSAGE][NOT_RUN] - NOT_RUN: delay(2)

2019-06-19 15:24:53 - [TEST_STEP][NOT_RUN] - click(findTestObject("OCS-DESKTOP/Age gate and Mega menu/Dried Flower_Plus icon")): NOT_RUN: click(findTestObject("OCS-DESKTOP/Age gate and Mega menu/Dried Flower_Plus icon"))

2019-06-19 15:24:53 - [MESSAGE][NOT_RUN] - NOT_RUN: click(findTestObject("OCS-DESKTOP/Age gate and Mega menu/Dried Flower_Plus icon"))

2019-06-19 15:24:53 - [TEST_STEP][NOT_RUN] - delay(2): NOT_RUN: delay(2)

2019-06-19 15:24:53 - [MESSAGE][NOT_RUN] - NOT_RUN: delay(2)

2019-06-19 15:24:53 - [TEST_STEP][NOT_RUN] - click(findTestObject("OCS-DESKTOP/Age gate and Mega menu/Indica Dominant_Menu item")): NOT_RUN: click(findTestObject("OCS-DESKTOP/Age gate and Mega menu/Indica Dominant_Menu item"))

2019-06-19 15:24:53 - [MESSAGE][NOT_RUN] - NOT_RUN: click(findTestObject("OCS-DESKTOP/Age gate and Mega menu/Indica Dominant_Menu item"))

2019-06-19 15:24:53 - [TEST_STEP][NOT_RUN] - click(findTestObject("OCS-DESKTOP/Collection page/Product image - 2nd one")): NOT_RUN: click(findTestObject("OCS-DESKTOP/Collection page/Product image - 2nd one"))

2019-06-19 15:24:53 - [MESSAGE][NOT_RUN] - NOT_RUN: click(findTestObject("OCS-DESKTOP/Collection page/Product image - 2nd one"))

2019-06-19 15:24:53 - [TEST_STEP][PASSED] - delay(2): Delayed 2 second(s)

2019-06-19 15:24:55 - [MESSAGE][PASSED] - Delayed 2 second(s)

2019-06-19 15:24:55 - [TEST_STEP][NOT_RUN] - navigateToUrl("https://ocs.ca/products/la-confidential"): NOT_RUN: navigateToUrl("https://ocs.ca/products/la-confidential")

2019-06-19 15:24:55 - [MESSAGE][NOT_RUN] - NOT_RUN: navigateToUrl("https://ocs.ca/products/la-confidential")

2019-06-19 15:24:55 - [TEST_STEP][PASSED] - delay(2): Delayed 2 second(s)

2019-06-19 15:24:57 - [MESSAGE][PASSED] - Delayed 2 second(s)

2019-06-19 15:24:57 - [TEST_STEP][PASSED] - takeScreenshot(): Taking screenshot successfully

2019-06-19 15:24:58 - [MESSAGE][PASSED] - Taking screenshot successfully
[[ATTACHMENT|/Users/sumankompelly/Relative xpath-Desktop/Reports/recordings - 1.10.2/20190619_151242/1560972297844.png]]

2019-06-19 15:24:58 - [TEST_STEP][PASSED] - delay(2): Delayed 2 second(s)

2019-06-19 15:25:00 - [MESSAGE][PASSED] - Delayed 2 second(s)

2019-06-19 15:25:00 - [TEST_STEP][PASSED] - click(findTestObject("OCS-DESKTOP/Product page/Swatch_3.5g")): Object: 'Object Repository/OCS-DESKTOP/Product page/Swatch_3.5g' is clicked on

2019-06-19 15:25:01 - [MESSAGE][PASSED] - Object: 'Object Repository/OCS-DESKTOP/Product page/Swatch_3.5g' is clicked on

2019-06-19 15:25:01 - [TEST_STEP][PASSED] - delay(2): Delayed 2 second(s)

2019-06-19 15:25:03 - [MESSAGE][PASSED] - Delayed 2 second(s)

2019-06-19 15:25:03 - [TEST_STEP][PASSED] - click(findTestObject("OCS-DESKTOP/Product page/Add to Bag-button")): Object: 'Object Repository/OCS-DESKTOP/Product page/Add to Bag-button' is clicked on

2019-06-19 15:25:03 - [MESSAGE][PASSED] - Object: 'Object Repository/OCS-DESKTOP/Product page/Add to Bag-button' is clicked on

2019-06-19 15:25:03 - [TEST_STEP][PASSED] - delay(1): Delayed 1 second(s)

2019-06-19 15:25:04 - [MESSAGE][PASSED] - Delayed 1 second(s)

2019-06-19 15:25:04 - [TEST_STEP][NOT_RUN] - delay(2): NOT_RUN: delay(2)

2019-06-19 15:25:04 - [MESSAGE][NOT_RUN] - NOT_RUN: delay(2)

2019-06-19 15:25:04 - [TEST_STEP][NOT_RUN] - click(findTestObject("OCS-DESKTOP/Theme preview - Hide bar")): NOT_RUN: click(findTestObject("OCS-DESKTOP/Theme preview - Hide bar"))

2019-06-19 15:25:04 - [MESSAGE][NOT_RUN] - NOT_RUN: click(findTestObject("OCS-DESKTOP/Theme preview - Hide bar"))

2019-06-19 15:25:04 - [TEST_STEP][PASSED] - a = getText(findTestObject("OCS-DESKTOP/Cart flyout/Unit price - 1st Product")): Text of object 'Object Repository/OCS-DESKTOP/Cart flyout/Unit price - 1st Product' is: '$35.00'

2019-06-19 15:25:04 - [MESSAGE][PASSED] - Text of object 'Object Repository/OCS-DESKTOP/Cart flyout/Unit price - 1st Product' is: '$35.00'

2019-06-19 15:25:04 - [TEST_STEP][PASSED] - delay(2): Delayed 2 second(s)

2019-06-19 15:25:06 - [MESSAGE][PASSED] - Delayed 2 second(s)

2019-06-19 15:25:06 - [TEST_STEP][PASSED] - comment("a=" + a): a=$35.00

2019-06-19 15:25:06 - [MESSAGE][INFO] - a=$35.00

2019-06-19 15:25:06 - [TEST_STEP][PASSED] - without = a.substring(1): null

2019-06-19 15:25:06 - [TEST_STEP][PASSED] - comment("without = " + without): without = 35.00

2019-06-19 15:25:06 - [MESSAGE][INFO] - without = 35.00

2019-06-19 15:25:06 - [TEST_STEP][PASSED] - last = without.substring(0, without.length() - 1): null

2019-06-19 15:25:06 - [TEST_STEP][PASSED] - comment("last=" + last): last=35.0

2019-06-19 15:25:06 - [MESSAGE][INFO] - last=35.0

2019-06-19 15:25:06 - [TEST_STEP][PASSED] - delay(2): Delayed 2 second(s)

2019-06-19 15:25:08 - [MESSAGE][PASSED] - Delayed 2 second(s)

2019-06-19 15:25:08 - [TEST_STEP][PASSED] - k = getText(findTestObject("OCS-DESKTOP/Cart flyout/Unit price - 2nd Product")): Text of object 'Object Repository/OCS-DESKTOP/Cart flyout/Unit price - 2nd Product' is: '$10.50'

2019-06-19 15:25:08 - [MESSAGE][PASSED] - Text of object 'Object Repository/OCS-DESKTOP/Cart flyout/Unit price - 2nd Product' is: '$10.50'

2019-06-19 15:25:08 - [TEST_STEP][PASSED] - delay(2): Delayed 2 second(s)

2019-06-19 15:25:10 - [MESSAGE][PASSED] - Delayed 2 second(s)

2019-06-19 15:25:10 - [TEST_STEP][PASSED] - comment("k=" + k): k=$10.50

2019-06-19 15:25:10 - [MESSAGE][INFO] - k=$10.50

2019-06-19 15:25:10 - [TEST_STEP][PASSED] - without1 = k.substring(1): null

2019-06-19 15:25:10 - [TEST_STEP][PASSED] - comment("without1 = " + without1): without1 = 10.50

2019-06-19 15:25:10 - [MESSAGE][INFO] - without1 = 10.50

2019-06-19 15:25:10 - [TEST_STEP][PASSED] - p1 = <not implemented yet for class: org.codehaus.groovy.ast.expr.EmptyExpression>: null

2019-06-19 15:25:10 - [TEST_STEP][PASSED] - p2 = <not implemented yet for class: org.codehaus.groovy.ast.expr.EmptyExpression>: null

2019-06-19 15:25:10 - [TEST_STEP][PASSED] - try: p1=35.0

2019-06-19 15:25:10 - [TEST_STEP][PASSED] - str = last: null

2019-06-19 15:25:10 - [TEST_STEP][PASSED] - comment("str=" + str): str=35.0

2019-06-19 15:25:10 - [MESSAGE][INFO] - str=35.0

2019-06-19 15:25:10 - [TEST_STEP][PASSED] - p1 = Double.valueOf(str): null

2019-06-19 15:25:10 - [TEST_STEP][PASSED] - comment("p1=" + p1): p1=35.0

2019-06-19 15:25:10 - [MESSAGE][INFO] - p1=35.0

2019-06-19 15:25:10 - [TEST_STEP][PASSED] - try: p2=10.5

2019-06-19 15:25:10 - [TEST_STEP][PASSED] - str5 = without1: null

2019-06-19 15:25:10 - [TEST_STEP][PASSED] - comment("str5=" + str5): str5=10.50

2019-06-19 15:25:10 - [MESSAGE][INFO] - str5=10.50

2019-06-19 15:25:10 - [TEST_STEP][PASSED] - p2 = Double.valueOf(str5): null

2019-06-19 15:25:10 - [TEST_STEP][PASSED] - comment("p2=" + p2): p2=10.5

2019-06-19 15:25:10 - [MESSAGE][INFO] - p2=10.5

2019-06-19 15:25:10 - [TEST_STEP][PASSED] - total = p1 + p2: null

2019-06-19 15:25:10 - [TEST_STEP][PASSED] - comment("total =" + total): total =45.5

2019-06-19 15:25:10 - [MESSAGE][INFO] - total =45.5

2019-06-19 15:25:10 - [TEST_STEP][PASSED] - amount = getText(findTestObject("OCS-DESKTOP/Cart flyout/Sub-total Price")): Text of object 'Object Repository/OCS-DESKTOP/Cart flyout/Sub-total Price' is: '$45.50'

2019-06-19 15:25:10 - [MESSAGE][PASSED] - Text of object 'Object Repository/OCS-DESKTOP/Cart flyout/Sub-total Price' is: '$45.50'

2019-06-19 15:25:10 - [TEST_STEP][PASSED] - delay(2): Delayed 2 second(s)

2019-06-19 15:25:12 - [MESSAGE][PASSED] - Delayed 2 second(s)

2019-06-19 15:25:12 - [TEST_STEP][PASSED] - comment("amount =" + amount): amount =$45.50

2019-06-19 15:25:12 - [MESSAGE][INFO] - amount =$45.50

2019-06-19 15:25:12 - [TEST_STEP][PASSED] - soustotal = amount.substring(1): null

2019-06-19 15:25:12 - [TEST_STEP][PASSED] - comment("soustotal= " + soustotal): soustotal= 45.50

2019-06-19 15:25:12 - [MESSAGE][INFO] - soustotal= 45.50

2019-06-19 15:25:12 - [TEST_STEP][PASSED] - p = <not implemented yet for class: org.codehaus.groovy.ast.expr.EmptyExpression>: null

2019-06-19 15:25:12 - [TEST_STEP][PASSED] - try: p=45.5

2019-06-19 15:25:12 - [TEST_STEP][PASSED] - finalprice = soustotal: null

2019-06-19 15:25:12 - [TEST_STEP][PASSED] - comment("finalprice=" + finalprice): finalprice=45.50

2019-06-19 15:25:12 - [MESSAGE][INFO] - finalprice=45.50

2019-06-19 15:25:12 - [TEST_STEP][PASSED] - p = Double.valueOf(finalprice): null

2019-06-19 15:25:12 - [TEST_STEP][PASSED] - comment("p=" + p): p=45.5

2019-06-19 15:25:12 - [MESSAGE][INFO] - p=45.5

2019-06-19 15:25:12 - [TEST_STEP][PASSED] - finalprice = soustotal: null

2019-06-19 15:25:12 - [TEST_STEP][PASSED] - comment("finalprice=" + finalprice): finalprice=45.50

2019-06-19 15:25:12 - [MESSAGE][INFO] - finalprice=45.50

2019-06-19 15:25:12 - [TEST_STEP][PASSED] - p = Double.valueOf(finalprice): null

2019-06-19 15:25:12 - [TEST_STEP][PASSED] - comment("p=" + p): p=45.5

2019-06-19 15:25:12 - [MESSAGE][INFO] - p=45.5

2019-06-19 15:25:12 - [TEST_STEP][PASSED] - verifyEqual(total, p): Actual object '45.5' and expected object '45.5' are equal

2019-06-19 15:25:12 - [MESSAGE][PASSED] - Actual object '45.5' and expected object '45.5' are equal

2019-06-19 15:25:12 - [TEST_STEP][PASSED] - comment("cart items price equal"): cart items price equal

2019-06-19 15:25:12 - [MESSAGE][INFO] - cart items price equal

2019-06-19 15:25:12 - [TEST_STEP][PASSED] - click(findTestObject("OCS-DESKTOP/Cart flyout/Checkbox_I confirm that")): Object: 'Object Repository/OCS-DESKTOP/Cart flyout/Checkbox_I confirm that' is clicked on

2019-06-19 15:25:13 - [MESSAGE][PASSED] - Object: 'Object Repository/OCS-DESKTOP/Cart flyout/Checkbox_I confirm that' is clicked on

2019-06-19 15:25:13 - [TEST_STEP][PASSED] - click(findTestObject("OCS-DESKTOP/Cart flyout/Checkbox_Accept the Terms Condition")): Object: 'Object Repository/OCS-DESKTOP/Cart flyout/Checkbox_Accept the Terms Condition' is clicked on

2019-06-19 15:25:13 - [MESSAGE][PASSED] - Object: 'Object Repository/OCS-DESKTOP/Cart flyout/Checkbox_Accept the Terms Condition' is clicked on

2019-06-19 15:25:13 - [TEST_STEP][PASSED] - delay(2): Delayed 2 second(s)

2019-06-19 15:25:15 - [MESSAGE][PASSED] - Delayed 2 second(s)

2019-06-19 15:25:15 - [TEST_STEP][PASSED] - click(findTestObject("OCS-DESKTOP/Cart flyout/Checkout - Button")): Object: 'Object Repository/OCS-DESKTOP/Cart flyout/Checkout - Button' is clicked on

2019-06-19 15:25:19 - [MESSAGE][PASSED] - Object: 'Object Repository/OCS-DESKTOP/Cart flyout/Checkout - Button' is clicked on

2019-06-19 15:25:19 - [TEST_STEP][PASSED] - scrollToElement(findTestObject("OCS-DESKTOP/Customer info page/input_Email"), 0): Scroll to object 'Object Repository/OCS-DESKTOP/Customer info page/input_Email' successfully

2019-06-19 15:25:19 - [MESSAGE][WARNING] - Timeout '0' is invalid. Using default page load timeout: '30'

2019-06-19 15:25:19 - [MESSAGE][PASSED] - Scroll to object 'Object Repository/OCS-DESKTOP/Customer info page/input_Email' successfully

2019-06-19 15:25:19 - [TEST_STEP][PASSED] - setText(findTestObject("OCS-DESKTOP/Customer info page/input_Email"), "suman.kompelly@diffagency.com"): Text 'suman.kompelly@diffagency.com' is set on object 'Object Repository/OCS-DESKTOP/Customer info page/input_Email'

2019-06-19 15:25:20 - [MESSAGE][PASSED] - Text 'suman.kompelly@diffagency.com' is set on object 'Object Repository/OCS-DESKTOP/Customer info page/input_Email'

2019-06-19 15:25:20 - [TEST_STEP][PASSED] - setText(findTestObject("OCS-DESKTOP/Customer info page/input_First name"), "suman"): Text 'suman' is set on object 'Object Repository/OCS-DESKTOP/Customer info page/input_First name'

2019-06-19 15:25:20 - [MESSAGE][PASSED] - Text 'suman' is set on object 'Object Repository/OCS-DESKTOP/Customer info page/input_First name'

2019-06-19 15:25:20 - [TEST_STEP][PASSED] - setText(findTestObject("OCS-DESKTOP/Customer info page/input_Last name"), "kompelly"): Text 'kompelly' is set on object 'Object Repository/OCS-DESKTOP/Customer info page/input_Last name'

2019-06-19 15:25:21 - [MESSAGE][PASSED] - Text 'kompelly' is set on object 'Object Repository/OCS-DESKTOP/Customer info page/input_Last name'

2019-06-19 15:25:21 - [TEST_STEP][PASSED] - setText(findTestObject("OCS-DESKTOP/Customer info page/input_Address"), "300 saint alxendre"): Text '300 saint alxendre' is set on object 'Object Repository/OCS-DESKTOP/Customer info page/input_Address'

2019-06-19 15:25:22 - [MESSAGE][PASSED] - Text '300 saint alxendre' is set on object 'Object Repository/OCS-DESKTOP/Customer info page/input_Address'

2019-06-19 15:25:22 - [TEST_STEP][PASSED] - setText(findTestObject("OCS-DESKTOP/Customer info page/input_Apartment suite etc. (op"), "199"): Text '199' is set on object 'Object Repository/OCS-DESKTOP/Customer info page/input_Apartment suite etc. (op'

2019-06-19 15:25:22 - [MESSAGE][PASSED] - Text '199' is set on object 'Object Repository/OCS-DESKTOP/Customer info page/input_Apartment suite etc. (op'

2019-06-19 15:25:22 - [TEST_STEP][PASSED] - setText(findTestObject("OCS-DESKTOP/Customer info page/input_City"), "montreal"): Text 'montreal' is set on object 'Object Repository/OCS-DESKTOP/Customer info page/input_City'

2019-06-19 15:25:23 - [MESSAGE][PASSED] - Text 'montreal' is set on object 'Object Repository/OCS-DESKTOP/Customer info page/input_City'

2019-06-19 15:25:23 - [TEST_STEP][PASSED] - setText(findTestObject("OCS-DESKTOP/Customer info page/input_Postal code"), "n0R1K0"): Text 'n0R1K0' is set on object 'Object Repository/OCS-DESKTOP/Customer info page/input_Postal code'

2019-06-19 15:25:23 - [MESSAGE][PASSED] - Text 'n0R1K0' is set on object 'Object Repository/OCS-DESKTOP/Customer info page/input_Postal code'

2019-06-19 15:25:23 - [TEST_STEP][PASSED] - setText(findTestObject("OCS-DESKTOP/Customer info page/input_Phone"), "(514) 449-3882"): Text '(514) 449-3882' is set on object 'Object Repository/OCS-DESKTOP/Customer info page/input_Phone'

2019-06-19 15:25:24 - [MESSAGE][PASSED] - Text '(514) 449-3882' is set on object 'Object Repository/OCS-DESKTOP/Customer info page/input_Phone'

2019-06-19 15:25:24 - [TEST_STEP][PASSED] - executeJavaScript("var previewBar = document.getElementById("preview-bar-iframe"); previewBar.style.display = "none";", []): Execute JavaScript 'var previewBar = document.getElementById("preview-bar-iframe"); previewBar.style.display = "none";' successfully

2019-06-19 15:25:24 - [MESSAGE][PASSED] - Execute JavaScript 'var previewBar = document.getElementById("preview-bar-iframe"); previewBar.style.display = "none";' successfully

2019-06-19 15:25:24 - [TEST_STEP][PASSED] - delay(1): Delayed 1 second(s)

2019-06-19 15:25:25 - [MESSAGE][PASSED] - Delayed 1 second(s)

2019-06-19 15:25:25 - [TEST_STEP][PASSED] - click(findTestObject("OCS-DESKTOP/Customer info page/Continue to shipping method - Button")): Object: 'Object Repository/OCS-DESKTOP/Customer info page/Continue to shipping method - Button' is clicked on

2019-06-19 15:25:27 - [MESSAGE][PASSED] - Object: 'Object Repository/OCS-DESKTOP/Customer info page/Continue to shipping method - Button' is clicked on

2019-06-19 15:25:27 - [TEST_STEP][PASSED] - delay(2): Delayed 2 second(s)

2019-06-19 15:25:29 - [MESSAGE][PASSED] - Delayed 2 second(s)

2019-06-19 15:25:29 - [TEST_STEP][PASSED] - refresh(): Refresh successfully

2019-06-19 15:25:29 - [MESSAGE][PASSED] - Refresh successfully

2019-06-19 15:25:29 - [TEST_STEP][PASSED] - delay(2): Delayed 2 second(s)

2019-06-19 15:25:31 - [MESSAGE][PASSED] - Delayed 2 second(s)

2019-06-19 15:25:31 - [TEST_STEP][PASSED] - click(findTestObject("OCS-DESKTOP/Shipping page/Continue to payment method - Button")): Object: 'Object Repository/OCS-DESKTOP/Shipping page/Continue to payment method - Button' is clicked on

2019-06-19 15:25:35 - [MESSAGE][PASSED] - Object: 'Object Repository/OCS-DESKTOP/Shipping page/Continue to payment method - Button' is clicked on

2019-06-19 15:25:35 - [TEST_STEP][PASSED] - verifyTextPresent("Payment", false): Text 'Payment' is present on page 

2019-06-19 15:25:35 - [MESSAGE][PASSED] - Text 'Payment' is present on page]]></system-out>
         <system-err><![CDATA[]]></system-err>
      </testcase>
      <testcase name="Test Cases/OCS - DESKTOP/OCS- CRITICAL PATH/Checkout - Shipping" classname="Test Cases/OCS - DESKTOP/OCS- CRITICAL PATH/Checkout - Shipping" status="PASSED">
         <system-out><![CDATA[2019-06-19 15:25:35 - [TEST_CASE][PASSED] - Test Cases/OCS - DESKTOP/OCS- CRITICAL PATH/Checkout - Shipping: Test Cases/OCS - DESKTOP/OCS- CRITICAL PATH/Checkout - Shipping

2019-06-19 15:25:35 - [TEST_STEP][PASSED] - callTestCase(findTestCase("OCS - DESKTOP/CALL- Age gate"), [:], STOP_ON_FAILURE): Call Test Case 'Test Cases/OCS - DESKTOP/CALL- Age gate' successfully

2019-06-19 15:25:35 - [TEST_CASE][PASSED] - Test Cases/OCS - DESKTOP/CALL- Age gate: Test Cases/OCS - DESKTOP/CALL- Age gate

2019-06-19 15:25:35 - [TEST_STEP][PASSED] - openBrowser(""): Browser is opened with url: ''

2019-06-19 15:25:35 - [MESSAGE][WARNING] - A browser is already opened. Closing browser and opening a new one

2019-06-19 15:25:36 - [MESSAGE][INFO] - Starting 'Remote' driver

2019-06-19 15:25:36 - [MESSAGE][INFO] - User set preference: ['os', 'OS X']

2019-06-19 15:25:36 - [MESSAGE][INFO] - User set preference: ['os_version', 'High Sierra']

2019-06-19 15:25:36 - [MESSAGE][INFO] - User set preference: ['browser', 'Chrome']

2019-06-19 15:25:36 - [MESSAGE][INFO] - User set preference: ['browser_version', '76.0 beta']

2019-06-19 15:25:36 - [MESSAGE][INFO] - User set preference: ['resolution', '1280x960']

2019-06-19 15:25:36 - [MESSAGE][INFO] - User set preference: ['browserstack.local', '']

2019-06-19 15:25:36 - [MESSAGE][INFO] - Connecting to remote web server 'https://dianatest3:Z3oqw9ysqTeRQJq5wFCp@hub-cloud.browserstack.com/wd/hub' with type 'Selenium'

2019-06-19 15:25:41 - [MESSAGE][PASSED] - Browser is opened with url: ''

2019-06-19 15:25:41 - [TEST_STEP][PASSED] - navigateToUrl("https://ocs.ca/?fts=0&preview_theme_id=72920106828"): Navigate to 'https://ocs.ca/?fts=0&preview_theme_id=72920106828' successfully

2019-06-19 15:25:47 - [MESSAGE][PASSED] - Navigate to 'https://ocs.ca/?fts=0&preview_theme_id=72920106828' successfully

2019-06-19 15:25:47 - [TEST_STEP][PASSED] - maximizeWindow(): Current window maximized

2019-06-19 15:25:47 - [MESSAGE][PASSED] - Current window maximized

2019-06-19 15:25:47 - [TEST_STEP][PASSED] - delay(2): Delayed 2 second(s)

2019-06-19 15:25:49 - [MESSAGE][PASSED] - Delayed 2 second(s)

2019-06-19 15:25:49 - [TEST_STEP][PASSED] - executeJavaScript("var previewBar = document.getElementById("preview-bar-iframe"); previewBar.style.display = "none";", []): Execute JavaScript 'var previewBar = document.getElementById("preview-bar-iframe"); previewBar.style.display = "none";' successfully

2019-06-19 15:25:49 - [MESSAGE][PASSED] - Execute JavaScript 'var previewBar = document.getElementById("preview-bar-iframe"); previewBar.style.display = "none";' successfully

2019-06-19 15:25:49 - [TEST_STEP][PASSED] - selectOptionByValue(findTestObject("OCS-DESKTOP/Age gate and Mega menu/Date"), "12", true): All options with value '12' are selected in object 'Object Repository/OCS-DESKTOP/Age gate and Mega menu/Date'  using regular expression

2019-06-19 15:25:55 - [MESSAGE][PASSED] - All options with value '12' are selected in object 'Object Repository/OCS-DESKTOP/Age gate and Mega menu/Date'  using regular expression

2019-06-19 15:25:55 - [TEST_STEP][PASSED] - selectOptionByValue(findTestObject("OCS-DESKTOP/Age gate and Mega menu/month"), "6", true): All options with value '6' are selected in object 'Object Repository/OCS-DESKTOP/Age gate and Mega menu/month'  using regular expression

2019-06-19 15:25:58 - [MESSAGE][PASSED] - All options with value '6' are selected in object 'Object Repository/OCS-DESKTOP/Age gate and Mega menu/month'  using regular expression

2019-06-19 15:25:58 - [TEST_STEP][PASSED] - delay(2): Delayed 2 second(s)

2019-06-19 15:26:00 - [MESSAGE][PASSED] - Delayed 2 second(s)

2019-06-19 15:26:00 - [TEST_STEP][PASSED] - selectOptionByValue(findTestObject("OCS-DESKTOP/Age gate and Mega menu/Year Dropdown"), "1990", true): All options with value '1990' are selected in object 'Object Repository/OCS-DESKTOP/Age gate and Mega menu/Year Dropdown'  using regular expression

2019-06-19 15:26:18 - [MESSAGE][PASSED] - All options with value '1990' are selected in object 'Object Repository/OCS-DESKTOP/Age gate and Mega menu/Year Dropdown'  using regular expression

2019-06-19 15:26:18 - [TEST_STEP][PASSED] - click(findTestObject("OCS-DESKTOP/Age gate and Mega menu/button_Verify")): Object: 'Object Repository/OCS-DESKTOP/Age gate and Mega menu/button_Verify' is clicked on

2019-06-19 15:26:19 - [MESSAGE][PASSED] - Object: 'Object Repository/OCS-DESKTOP/Age gate and Mega menu/button_Verify' is clicked on

2019-06-19 15:26:19 - [TEST_STEP][PASSED] - click(findTestObject("OCS-DESKTOP/Age gate and Mega menu/Checkbox_CONFIRM AND ACKNOWLEDGE")): Object: 'Object Repository/OCS-DESKTOP/Age gate and Mega menu/Checkbox_CONFIRM AND ACKNOWLEDGE' is clicked on

2019-06-19 15:26:19 - [MESSAGE][PASSED] - Object: 'Object Repository/OCS-DESKTOP/Age gate and Mega menu/Checkbox_CONFIRM AND ACKNOWLEDGE' is clicked on

2019-06-19 15:26:19 - [TEST_STEP][PASSED] - click(findTestObject("OCS-DESKTOP/Age gate and Mega menu/button_CONFIRM")): Object: 'Object Repository/OCS-DESKTOP/Age gate and Mega menu/button_CONFIRM' is clicked on

2019-06-19 15:26:19 - [MESSAGE][PASSED] - Object: 'Object Repository/OCS-DESKTOP/Age gate and Mega menu/button_CONFIRM' is clicked on

2019-06-19 15:26:19 - [TEST_STEP][PASSED] - click(findTestObject("OCS-DESKTOP/Age gate and Mega menu/button_Start Browsing")): Object: 'Object Repository/OCS-DESKTOP/Age gate and Mega menu/button_Start Browsing' is clicked on

2019-06-19 15:26:20 - [MESSAGE][PASSED] - Object: 'Object Repository/OCS-DESKTOP/Age gate and Mega menu/button_Start Browsing' is clicked on

2019-06-19 15:26:20 - [TEST_STEP][PASSED] - delay(2): Delayed 2 second(s)

2019-06-19 15:26:22 - [MESSAGE][PASSED] - Delayed 2 second(s)

2019-06-19 15:26:22 - [TEST_STEP][PASSED] - refresh(): Refresh successfully

2019-06-19 15:26:22 - [MESSAGE][PASSED] - Refresh successfully

2019-06-19 15:26:22 - [MESSAGE][PASSED] - Call Test Case 'Test Cases/OCS - DESKTOP/CALL- Age gate' successfully

2019-06-19 15:26:22 - [TEST_STEP][PASSED] - delay(2): Delayed 2 second(s)

2019-06-19 15:26:24 - [MESSAGE][PASSED] - Delayed 2 second(s)

2019-06-19 15:26:24 - [TEST_STEP][PASSED] - click(findTestObject("OCS-DESKTOP/Age gate and Mega menu/Header/CANNABIS menu - English")): Object: 'Object Repository/OCS-DESKTOP/Age gate and Mega menu/Header/CANNABIS menu - English' is clicked on

2019-06-19 15:26:25 - [MESSAGE][PASSED] - Object: 'Object Repository/OCS-DESKTOP/Age gate and Mega menu/Header/CANNABIS menu - English' is clicked on

2019-06-19 15:26:25 - [TEST_STEP][PASSED] - executeJavaScript("var previewBar = document.getElementById("preview-bar-iframe"); previewBar.style.display = "none";", []): Execute JavaScript 'var previewBar = document.getElementById("preview-bar-iframe"); previewBar.style.display = "none";' successfully

2019-06-19 15:26:26 - [MESSAGE][PASSED] - Execute JavaScript 'var previewBar = document.getElementById("preview-bar-iframe"); previewBar.style.display = "none";' successfully

2019-06-19 15:26:26 - [TEST_STEP][PASSED] - delay(2): Delayed 2 second(s)

2019-06-19 15:26:28 - [MESSAGE][PASSED] - Delayed 2 second(s)

2019-06-19 15:26:28 - [TEST_STEP][PASSED] - click(findTestObject("OCS-DESKTOP/Age gate and Mega menu/Indica Dominant_Menu item")): Object: 'Object Repository/OCS-DESKTOP/Age gate and Mega menu/Indica Dominant_Menu item' is clicked on

2019-06-19 15:26:31 - [MESSAGE][PASSED] - Object: 'Object Repository/OCS-DESKTOP/Age gate and Mega menu/Indica Dominant_Menu item' is clicked on

2019-06-19 15:26:31 - [TEST_STEP][PASSED] - executeJavaScript("var previewBar = document.getElementById("preview-bar-iframe"); previewBar.style.display = "none";", []): Execute JavaScript 'var previewBar = document.getElementById("preview-bar-iframe"); previewBar.style.display = "none";' successfully

2019-06-19 15:26:31 - [MESSAGE][PASSED] - Execute JavaScript 'var previewBar = document.getElementById("preview-bar-iframe"); previewBar.style.display = "none";' successfully

2019-06-19 15:26:31 - [TEST_STEP][PASSED] - delay(2): Delayed 2 second(s)

2019-06-19 15:26:33 - [MESSAGE][PASSED] - Delayed 2 second(s)

2019-06-19 15:26:33 - [TEST_STEP][PASSED] - click(findTestObject("OCS-DESKTOP/Collection page/Product image - 1st one")): Object: 'Object Repository/OCS-DESKTOP/Collection page/Product image - 1st one' is clicked on

2019-06-19 15:26:38 - [MESSAGE][PASSED] - Object: 'Object Repository/OCS-DESKTOP/Collection page/Product image - 1st one' is clicked on

2019-06-19 15:26:38 - [TEST_STEP][PASSED] - executeJavaScript("var previewBar = document.getElementById("preview-bar-iframe"); previewBar.style.display = "none";", []): Execute JavaScript 'var previewBar = document.getElementById("preview-bar-iframe"); previewBar.style.display = "none";' successfully

2019-06-19 15:26:38 - [MESSAGE][PASSED] - Execute JavaScript 'var previewBar = document.getElementById("preview-bar-iframe"); previewBar.style.display = "none";' successfully

2019-06-19 15:26:38 - [TEST_STEP][PASSED] - delay(1): Delayed 1 second(s)

2019-06-19 15:26:39 - [MESSAGE][PASSED] - Delayed 1 second(s)

2019-06-19 15:26:39 - [TEST_STEP][PASSED] - delay(3): Delayed 3 second(s)

2019-06-19 15:26:42 - [MESSAGE][PASSED] - Delayed 3 second(s)

2019-06-19 15:26:42 - [TEST_STEP][NOT_RUN] - scrollToElement(findTestObject("OCS-DESKTOP/Product page/Product image"), 1): NOT_RUN: scrollToElement(findTestObject("OCS-DESKTOP/Product page/Product image"), 1)

2019-06-19 15:26:42 - [MESSAGE][NOT_RUN] - NOT_RUN: scrollToElement(findTestObject("OCS-DESKTOP/Product page/Product image"), 1)

2019-06-19 15:26:42 - [TEST_STEP][PASSED] - click(findTestObject("OCS-DESKTOP/Product page/Swatch_1g")): Object: 'Object Repository/OCS-DESKTOP/Product page/Swatch_1g' is clicked on

2019-06-19 15:26:42 - [MESSAGE][PASSED] - Object: 'Object Repository/OCS-DESKTOP/Product page/Swatch_1g' is clicked on

2019-06-19 15:26:42 - [TEST_STEP][PASSED] - delay(2): Delayed 2 second(s)

2019-06-19 15:26:44 - [MESSAGE][PASSED] - Delayed 2 second(s)

2019-06-19 15:26:44 - [TEST_STEP][PASSED] - click(findTestObject("OCS-DESKTOP/Product page/Add to Bag-button")): Object: 'Object Repository/OCS-DESKTOP/Product page/Add to Bag-button' is clicked on

2019-06-19 15:26:45 - [MESSAGE][PASSED] - Object: 'Object Repository/OCS-DESKTOP/Product page/Add to Bag-button' is clicked on

2019-06-19 15:26:45 - [TEST_STEP][PASSED] - delay(1): Delayed 1 second(s)

2019-06-19 15:26:46 - [MESSAGE][PASSED] - Delayed 1 second(s)

2019-06-19 15:26:46 - [TEST_STEP][NOT_RUN] - click(findTestObject("OCS-DESKTOP/Home - page/Cart icon -bag")): NOT_RUN: click(findTestObject("OCS-DESKTOP/Home - page/Cart icon -bag"))

2019-06-19 15:26:46 - [MESSAGE][NOT_RUN] - NOT_RUN: click(findTestObject("OCS-DESKTOP/Home - page/Cart icon -bag"))

2019-06-19 15:26:46 - [TEST_STEP][PASSED] - delay(1): Delayed 1 second(s)

2019-06-19 15:26:47 - [MESSAGE][PASSED] - Delayed 1 second(s)

2019-06-19 15:26:47 - [TEST_STEP][PASSED] - click(findTestObject("OCS-DESKTOP/Cart flyout/Checkbox_I confirm that")): Object: 'Object Repository/OCS-DESKTOP/Cart flyout/Checkbox_I confirm that' is clicked on

2019-06-19 15:26:47 - [MESSAGE][PASSED] - Object: 'Object Repository/OCS-DESKTOP/Cart flyout/Checkbox_I confirm that' is clicked on

2019-06-19 15:26:47 - [TEST_STEP][PASSED] - delay(1): Delayed 1 second(s)

2019-06-19 15:26:48 - [MESSAGE][PASSED] - Delayed 1 second(s)

2019-06-19 15:26:48 - [TEST_STEP][PASSED] - click(findTestObject("OCS-DESKTOP/Cart flyout/Checkbox_Accept the Terms Condition")): Object: 'Object Repository/OCS-DESKTOP/Cart flyout/Checkbox_Accept the Terms Condition' is clicked on

2019-06-19 15:26:48 - [MESSAGE][PASSED] - Object: 'Object Repository/OCS-DESKTOP/Cart flyout/Checkbox_Accept the Terms Condition' is clicked on

2019-06-19 15:26:48 - [TEST_STEP][PASSED] - delay(1): Delayed 1 second(s)

2019-06-19 15:26:49 - [MESSAGE][PASSED] - Delayed 1 second(s)

2019-06-19 15:26:49 - [TEST_STEP][PASSED] - click(findTestObject("OCS-DESKTOP/Cart flyout/Checkout - Button")): Object: 'Object Repository/OCS-DESKTOP/Cart flyout/Checkout - Button' is clicked on

2019-06-19 15:26:53 - [MESSAGE][PASSED] - Object: 'Object Repository/OCS-DESKTOP/Cart flyout/Checkout - Button' is clicked on

2019-06-19 15:26:53 - [TEST_STEP][PASSED] - executeJavaScript("var previewBar = document.getElementById("preview-bar-iframe"); previewBar.style.display = "none";", []): Execute JavaScript 'var previewBar = document.getElementById("preview-bar-iframe"); previewBar.style.display = "none";' successfully

2019-06-19 15:26:53 - [MESSAGE][PASSED] - Execute JavaScript 'var previewBar = document.getElementById("preview-bar-iframe"); previewBar.style.display = "none";' successfully

2019-06-19 15:26:53 - [TEST_STEP][PASSED] - delay(1): Delayed 1 second(s)

2019-06-19 15:26:54 - [MESSAGE][PASSED] - Delayed 1 second(s)

2019-06-19 15:26:54 - [TEST_STEP][PASSED] - scrollToElement(findTestObject("OCS-DESKTOP/Customer info page/input_Email"), 0): Scroll to object 'Object Repository/OCS-DESKTOP/Customer info page/input_Email' successfully

2019-06-19 15:26:54 - [MESSAGE][WARNING] - Timeout '0' is invalid. Using default page load timeout: '30'

2019-06-19 15:26:54 - [MESSAGE][PASSED] - Scroll to object 'Object Repository/OCS-DESKTOP/Customer info page/input_Email' successfully

2019-06-19 15:26:54 - [TEST_STEP][PASSED] - setText(findTestObject("OCS-DESKTOP/Customer info page/input_Email"), "suman.kompelly@diffagency.com"): Text 'suman.kompelly@diffagency.com' is set on object 'Object Repository/OCS-DESKTOP/Customer info page/input_Email'

2019-06-19 15:26:55 - [MESSAGE][PASSED] - Text 'suman.kompelly@diffagency.com' is set on object 'Object Repository/OCS-DESKTOP/Customer info page/input_Email'

2019-06-19 15:26:55 - [TEST_STEP][PASSED] - setText(findTestObject("OCS-DESKTOP/Customer info page/input_First name"), "suman"): Text 'suman' is set on object 'Object Repository/OCS-DESKTOP/Customer info page/input_First name'

2019-06-19 15:26:55 - [MESSAGE][PASSED] - Text 'suman' is set on object 'Object Repository/OCS-DESKTOP/Customer info page/input_First name'

2019-06-19 15:26:55 - [TEST_STEP][PASSED] - setText(findTestObject("OCS-DESKTOP/Customer info page/input_Last name"), "kompelly"): Text 'kompelly' is set on object 'Object Repository/OCS-DESKTOP/Customer info page/input_Last name'

2019-06-19 15:26:56 - [MESSAGE][PASSED] - Text 'kompelly' is set on object 'Object Repository/OCS-DESKTOP/Customer info page/input_Last name'

2019-06-19 15:26:56 - [TEST_STEP][PASSED] - setText(findTestObject("OCS-DESKTOP/Customer info page/input_Address"), "300 saint alxendre"): Text '300 saint alxendre' is set on object 'Object Repository/OCS-DESKTOP/Customer info page/input_Address'

2019-06-19 15:26:57 - [MESSAGE][PASSED] - Text '300 saint alxendre' is set on object 'Object Repository/OCS-DESKTOP/Customer info page/input_Address'

2019-06-19 15:26:57 - [TEST_STEP][PASSED] - setText(findTestObject("OCS-DESKTOP/Customer info page/input_Apartment suite etc. (op"), "199"): Text '199' is set on object 'Object Repository/OCS-DESKTOP/Customer info page/input_Apartment suite etc. (op'

2019-06-19 15:26:58 - [MESSAGE][PASSED] - Text '199' is set on object 'Object Repository/OCS-DESKTOP/Customer info page/input_Apartment suite etc. (op'

2019-06-19 15:26:58 - [TEST_STEP][PASSED] - setText(findTestObject("OCS-DESKTOP/Customer info page/input_City"), "montreal"): Text 'montreal' is set on object 'Object Repository/OCS-DESKTOP/Customer info page/input_City'

2019-06-19 15:26:58 - [MESSAGE][PASSED] - Text 'montreal' is set on object 'Object Repository/OCS-DESKTOP/Customer info page/input_City'

2019-06-19 15:26:58 - [TEST_STEP][PASSED] - setText(findTestObject("OCS-DESKTOP/Customer info page/input_Postal code"), "n0R1K0"): Text 'n0R1K0' is set on object 'Object Repository/OCS-DESKTOP/Customer info page/input_Postal code'

2019-06-19 15:26:59 - [MESSAGE][PASSED] - Text 'n0R1K0' is set on object 'Object Repository/OCS-DESKTOP/Customer info page/input_Postal code'

2019-06-19 15:26:59 - [TEST_STEP][PASSED] - setText(findTestObject("OCS-DESKTOP/Customer info page/input_Phone"), "(514) 449-3882"): Text '(514) 449-3882' is set on object 'Object Repository/OCS-DESKTOP/Customer info page/input_Phone'

2019-06-19 15:27:00 - [MESSAGE][PASSED] - Text '(514) 449-3882' is set on object 'Object Repository/OCS-DESKTOP/Customer info page/input_Phone'

2019-06-19 15:27:00 - [TEST_STEP][PASSED] - delay(1): Delayed 1 second(s)

2019-06-19 15:27:01 - [MESSAGE][PASSED] - Delayed 1 second(s)

2019-06-19 15:27:01 - [TEST_STEP][PASSED] - click(findTestObject("OCS-DESKTOP/Customer info page/Continue to shipping method - Button")): Object: 'Object Repository/OCS-DESKTOP/Customer info page/Continue to shipping method - Button' is clicked on

2019-06-19 15:27:03 - [MESSAGE][PASSED] - Object: 'Object Repository/OCS-DESKTOP/Customer info page/Continue to shipping method - Button' is clicked on

2019-06-19 15:27:03 - [TEST_STEP][PASSED] - executeJavaScript("var previewBar = document.getElementById("preview-bar-iframe"); previewBar.style.display = "none";", []): Execute JavaScript 'var previewBar = document.getElementById("preview-bar-iframe"); previewBar.style.display = "none";' successfully

2019-06-19 15:27:03 - [MESSAGE][PASSED] - Execute JavaScript 'var previewBar = document.getElementById("preview-bar-iframe"); previewBar.style.display = "none";' successfully

2019-06-19 15:27:03 - [TEST_STEP][PASSED] - delay(1): Delayed 1 second(s)

2019-06-19 15:27:04 - [MESSAGE][PASSED] - Delayed 1 second(s)

2019-06-19 15:27:04 - [TEST_STEP][PASSED] - click(findTestObject("OCS-DESKTOP/Shipping page/Change link")): Object: 'Object Repository/OCS-DESKTOP/Shipping page/Change link' is clicked on

2019-06-19 15:27:06 - [MESSAGE][PASSED] - Object: 'Object Repository/OCS-DESKTOP/Shipping page/Change link' is clicked on

2019-06-19 15:27:06 - [TEST_STEP][PASSED] - executeJavaScript("var previewBar = document.getElementById("preview-bar-iframe"); previewBar.style.display = "none";", []): Execute JavaScript 'var previewBar = document.getElementById("preview-bar-iframe"); previewBar.style.display = "none";' successfully

2019-06-19 15:27:06 - [MESSAGE][PASSED] - Execute JavaScript 'var previewBar = document.getElementById("preview-bar-iframe"); previewBar.style.display = "none";' successfully

2019-06-19 15:27:06 - [TEST_STEP][PASSED] - delay(1): Delayed 1 second(s)

2019-06-19 15:27:07 - [MESSAGE][PASSED] - Delayed 1 second(s)

2019-06-19 15:27:07 - [TEST_STEP][PASSED] - click(findTestObject("OCS-DESKTOP/Customer info page/Continue to shipping method - Button")): Object: 'Object Repository/OCS-DESKTOP/Customer info page/Continue to shipping method - Button' is clicked on

2019-06-19 15:27:10 - [MESSAGE][PASSED] - Object: 'Object Repository/OCS-DESKTOP/Customer info page/Continue to shipping method - Button' is clicked on

2019-06-19 15:27:10 - [TEST_STEP][PASSED] - executeJavaScript("var previewBar = document.getElementById("preview-bar-iframe"); previewBar.style.display = "none";", []): Execute JavaScript 'var previewBar = document.getElementById("preview-bar-iframe"); previewBar.style.display = "none";' successfully

2019-06-19 15:27:10 - [MESSAGE][PASSED] - Execute JavaScript 'var previewBar = document.getElementById("preview-bar-iframe"); previewBar.style.display = "none";' successfully

2019-06-19 15:27:10 - [TEST_STEP][PASSED] - delay(1): Delayed 1 second(s)

2019-06-19 15:27:11 - [MESSAGE][PASSED] - Delayed 1 second(s)

2019-06-19 15:27:11 - [TEST_STEP][PASSED] - click(findTestObject("OCS-DESKTOP/Shipping page/Change link 2")): Object: 'Object Repository/OCS-DESKTOP/Shipping page/Change link 2' is clicked on

2019-06-19 15:27:13 - [MESSAGE][PASSED] - Object: 'Object Repository/OCS-DESKTOP/Shipping page/Change link 2' is clicked on

2019-06-19 15:27:13 - [TEST_STEP][PASSED] - executeJavaScript("var previewBar = document.getElementById("preview-bar-iframe"); previewBar.style.display = "none";", []): Execute JavaScript 'var previewBar = document.getElementById("preview-bar-iframe"); previewBar.style.display = "none";' successfully

2019-06-19 15:27:13 - [MESSAGE][PASSED] - Execute JavaScript 'var previewBar = document.getElementById("preview-bar-iframe"); previewBar.style.display = "none";' successfully

2019-06-19 15:27:13 - [TEST_STEP][PASSED] - delay(1): Delayed 1 second(s)

2019-06-19 15:27:14 - [MESSAGE][PASSED] - Delayed 1 second(s)

2019-06-19 15:27:14 - [TEST_STEP][PASSED] - click(findTestObject("OCS-DESKTOP/Customer info page/Continue to shipping method - Button"), CONTINUE_ON_FAILURE): Object: 'Object Repository/OCS-DESKTOP/Customer info page/Continue to shipping method - Button' is clicked on

2019-06-19 15:27:16 - [MESSAGE][PASSED] - Object: 'Object Repository/OCS-DESKTOP/Customer info page/Continue to shipping method - Button' is clicked on

2019-06-19 15:27:16 - [TEST_STEP][PASSED] - executeJavaScript("var previewBar = document.getElementById("preview-bar-iframe"); previewBar.style.display = "none";", []): Execute JavaScript 'var previewBar = document.getElementById("preview-bar-iframe"); previewBar.style.display = "none";' successfully

2019-06-19 15:27:16 - [MESSAGE][PASSED] - Execute JavaScript 'var previewBar = document.getElementById("preview-bar-iframe"); previewBar.style.display = "none";' successfully

2019-06-19 15:27:16 - [TEST_STEP][PASSED] - delay(1): Delayed 1 second(s)

2019-06-19 15:27:17 - [MESSAGE][PASSED] - Delayed 1 second(s)

2019-06-19 15:27:17 - [TEST_STEP][PASSED] - click(findTestObject("OCS-DESKTOP/Shipping page/Return to customer info")): Object: 'Object Repository/OCS-DESKTOP/Shipping page/Return to customer info' is clicked on

2019-06-19 15:27:19 - [MESSAGE][PASSED] - Object: 'Object Repository/OCS-DESKTOP/Shipping page/Return to customer info' is clicked on

2019-06-19 15:27:19 - [TEST_STEP][PASSED] - executeJavaScript("var previewBar = document.getElementById("preview-bar-iframe"); previewBar.style.display = "none";", []): Execute JavaScript 'var previewBar = document.getElementById("preview-bar-iframe"); previewBar.style.display = "none";' successfully

2019-06-19 15:27:19 - [MESSAGE][PASSED] - Execute JavaScript 'var previewBar = document.getElementById("preview-bar-iframe"); previewBar.style.display = "none";' successfully

2019-06-19 15:27:19 - [TEST_STEP][PASSED] - delay(1): Delayed 1 second(s)

2019-06-19 15:27:20 - [MESSAGE][PASSED] - Delayed 1 second(s)

2019-06-19 15:27:20 - [TEST_STEP][PASSED] - click(findTestObject("OCS-DESKTOP/Customer info page/Continue to shipping method - Button")): Object: 'Object Repository/OCS-DESKTOP/Customer info page/Continue to shipping method - Button' is clicked on

2019-06-19 15:27:23 - [MESSAGE][PASSED] - Object: 'Object Repository/OCS-DESKTOP/Customer info page/Continue to shipping method - Button' is clicked on

2019-06-19 15:27:23 - [TEST_STEP][PASSED] - executeJavaScript("var previewBar = document.getElementById("preview-bar-iframe"); previewBar.style.display = "none";", []): Execute JavaScript 'var previewBar = document.getElementById("preview-bar-iframe"); previewBar.style.display = "none";' successfully

2019-06-19 15:27:23 - [MESSAGE][PASSED] - Execute JavaScript 'var previewBar = document.getElementById("preview-bar-iframe"); previewBar.style.display = "none";' successfully

2019-06-19 15:27:23 - [TEST_STEP][PASSED] - click(findTestObject("OCS-DESKTOP/Customer info page/Cart - Breadcrumb link")): Object: 'Object Repository/OCS-DESKTOP/Customer info page/Cart - Breadcrumb link' is clicked on

2019-06-19 15:27:25 - [MESSAGE][PASSED] - Object: 'Object Repository/OCS-DESKTOP/Customer info page/Cart - Breadcrumb link' is clicked on

2019-06-19 15:27:25 - [TEST_STEP][PASSED] - executeJavaScript("var previewBar = document.getElementById("preview-bar-iframe"); previewBar.style.display = "none";", []): Execute JavaScript 'var previewBar = document.getElementById("preview-bar-iframe"); previewBar.style.display = "none";' successfully

2019-06-19 15:27:25 - [MESSAGE][PASSED] - Execute JavaScript 'var previewBar = document.getElementById("preview-bar-iframe"); previewBar.style.display = "none";' successfully

2019-06-19 15:27:25 - [TEST_STEP][PASSED] - click(findTestObject("OCS-DESKTOP/Cart page/cart page-Checkbox_I confirm that")): Object: 'Object Repository/OCS-DESKTOP/Cart page/cart page-Checkbox_I confirm that' is clicked on

2019-06-19 15:27:26 - [MESSAGE][PASSED] - Object: 'Object Repository/OCS-DESKTOP/Cart page/cart page-Checkbox_I confirm that' is clicked on

2019-06-19 15:27:26 - [TEST_STEP][PASSED] - delay(1): Delayed 1 second(s)

2019-06-19 15:27:27 - [MESSAGE][PASSED] - Delayed 1 second(s)

2019-06-19 15:27:27 - [TEST_STEP][PASSED] - click(findTestObject("OCS-DESKTOP/Cart page/cart page - Checkbox_Accept the Terms Condition")): Object: 'Object Repository/OCS-DESKTOP/Cart page/cart page - Checkbox_Accept the Terms Condition' is clicked on

2019-06-19 15:27:27 - [MESSAGE][PASSED] - Object: 'Object Repository/OCS-DESKTOP/Cart page/cart page - Checkbox_Accept the Terms Condition' is clicked on

2019-06-19 15:27:27 - [TEST_STEP][PASSED] - delay(1): Delayed 1 second(s)

2019-06-19 15:27:28 - [MESSAGE][PASSED] - Delayed 1 second(s)

2019-06-19 15:27:28 - [TEST_STEP][PASSED] - click(findTestObject("OCS-DESKTOP/Cart page/Cart page -checkout button")): Object: 'Object Repository/OCS-DESKTOP/Cart page/Cart page -checkout button' is clicked on

2019-06-19 15:27:31 - [MESSAGE][PASSED] - Object: 'Object Repository/OCS-DESKTOP/Cart page/Cart page -checkout button' is clicked on

2019-06-19 15:27:31 - [TEST_STEP][PASSED] - delay(1): Delayed 1 second(s)

2019-06-19 15:27:32 - [MESSAGE][PASSED] - Delayed 1 second(s)

2019-06-19 15:27:32 - [TEST_STEP][PASSED] - click(findTestObject("OCS-DESKTOP/Payment -page/Information - Breadcrumb link")): Object: 'Object Repository/OCS-DESKTOP/Payment -page/Information - Breadcrumb link' is clicked on

2019-06-19 15:27:34 - [MESSAGE][PASSED] - Object: 'Object Repository/OCS-DESKTOP/Payment -page/Information - Breadcrumb link' is clicked on

2019-06-19 15:27:34 - [TEST_STEP][PASSED] - delay(1): Delayed 1 second(s)

2019-06-19 15:27:35 - [MESSAGE][PASSED] - Delayed 1 second(s)

2019-06-19 15:27:35 - [TEST_STEP][PASSED] - executeJavaScript("var previewBar = document.getElementById("preview-bar-iframe"); previewBar.style.display = "none";", []): Execute JavaScript 'var previewBar = document.getElementById("preview-bar-iframe"); previewBar.style.display = "none";' successfully

2019-06-19 15:27:35 - [MESSAGE][PASSED] - Execute JavaScript 'var previewBar = document.getElementById("preview-bar-iframe"); previewBar.style.display = "none";' successfully

2019-06-19 15:27:35 - [TEST_STEP][PASSED] - click(findTestObject("OCS-DESKTOP/Customer info page/Continue to shipping method - Button")): Object: 'Object Repository/OCS-DESKTOP/Customer info page/Continue to shipping method - Button' is clicked on

2019-06-19 15:27:37 - [MESSAGE][PASSED] - Object: 'Object Repository/OCS-DESKTOP/Customer info page/Continue to shipping method - Button' is clicked on

2019-06-19 15:27:37 - [TEST_STEP][PASSED] - delay(1): Delayed 1 second(s)

2019-06-19 15:27:38 - [MESSAGE][PASSED] - Delayed 1 second(s)

2019-06-19 15:27:38 - [TEST_STEP][PASSED] - click(findTestObject("OCS-DESKTOP/Shipping page/Continue to payment method - Button")): Object: 'Object Repository/OCS-DESKTOP/Shipping page/Continue to payment method - Button' is clicked on

2019-06-19 15:27:41 - [MESSAGE][PASSED] - Object: 'Object Repository/OCS-DESKTOP/Shipping page/Continue to payment method - Button' is clicked on

2019-06-19 15:27:41 - [TEST_STEP][PASSED] - closeBrowser(): Browser is closed

2019-06-19 15:27:41 - [MESSAGE][PASSED] - Browser is closed]]></system-out>
         <system-err><![CDATA[]]></system-err>
      </testcase>
      <testcase name="Test Cases/OCS - DESKTOP/OCS- CRITICAL PATH/Cart page- decrease qty" classname="Test Cases/OCS - DESKTOP/OCS- CRITICAL PATH/Cart page- decrease qty" status="PASSED">
         <system-out><![CDATA[2019-06-19 15:27:41 - [TEST_CASE][PASSED] - Test Cases/OCS - DESKTOP/OCS- CRITICAL PATH/Cart page- decrease qty: Test Cases/OCS - DESKTOP/OCS- CRITICAL PATH/Cart page- decrease qty

2019-06-19 15:27:41 - [TEST_STEP][PASSED] - callTestCase(findTestCase("OCS - DESKTOP/CALL- Age gate"), [:], STOP_ON_FAILURE): Call Test Case 'Test Cases/OCS - DESKTOP/CALL- Age gate' successfully

2019-06-19 15:27:41 - [TEST_CASE][PASSED] - Test Cases/OCS - DESKTOP/CALL- Age gate: Test Cases/OCS - DESKTOP/CALL- Age gate

2019-06-19 15:27:41 - [TEST_STEP][PASSED] - openBrowser(""): Browser is opened with url: ''

2019-06-19 15:27:41 - [MESSAGE][INFO] - Starting 'Remote' driver

2019-06-19 15:27:41 - [MESSAGE][INFO] - User set preference: ['os', 'OS X']

2019-06-19 15:27:41 - [MESSAGE][INFO] - User set preference: ['os_version', 'High Sierra']

2019-06-19 15:27:41 - [MESSAGE][INFO] - User set preference: ['browser', 'Chrome']

2019-06-19 15:27:41 - [MESSAGE][INFO] - User set preference: ['browser_version', '76.0 beta']

2019-06-19 15:27:41 - [MESSAGE][INFO] - User set preference: ['resolution', '1280x960']

2019-06-19 15:27:41 - [MESSAGE][INFO] - User set preference: ['browserstack.local', '']

2019-06-19 15:27:41 - [MESSAGE][INFO] - Connecting to remote web server 'https://dianatest3:Z3oqw9ysqTeRQJq5wFCp@hub-cloud.browserstack.com/wd/hub' with type 'Selenium'

2019-06-19 15:27:46 - [MESSAGE][PASSED] - Browser is opened with url: ''

2019-06-19 15:27:46 - [TEST_STEP][PASSED] - navigateToUrl("https://ocs.ca/?fts=0&preview_theme_id=72920106828"): Navigate to 'https://ocs.ca/?fts=0&preview_theme_id=72920106828' successfully

2019-06-19 15:27:51 - [MESSAGE][PASSED] - Navigate to 'https://ocs.ca/?fts=0&preview_theme_id=72920106828' successfully

2019-06-19 15:27:51 - [TEST_STEP][PASSED] - maximizeWindow(): Current window maximized

2019-06-19 15:27:52 - [MESSAGE][PASSED] - Current window maximized

2019-06-19 15:27:52 - [TEST_STEP][PASSED] - delay(2): Delayed 2 second(s)

2019-06-19 15:27:54 - [MESSAGE][PASSED] - Delayed 2 second(s)

2019-06-19 15:27:54 - [TEST_STEP][PASSED] - executeJavaScript("var previewBar = document.getElementById("preview-bar-iframe"); previewBar.style.display = "none";", []): Execute JavaScript 'var previewBar = document.getElementById("preview-bar-iframe"); previewBar.style.display = "none";' successfully

2019-06-19 15:27:54 - [MESSAGE][PASSED] - Execute JavaScript 'var previewBar = document.getElementById("preview-bar-iframe"); previewBar.style.display = "none";' successfully

2019-06-19 15:27:54 - [TEST_STEP][PASSED] - selectOptionByValue(findTestObject("OCS-DESKTOP/Age gate and Mega menu/Date"), "12", true): All options with value '12' are selected in object 'Object Repository/OCS-DESKTOP/Age gate and Mega menu/Date'  using regular expression

2019-06-19 15:28:00 - [MESSAGE][PASSED] - All options with value '12' are selected in object 'Object Repository/OCS-DESKTOP/Age gate and Mega menu/Date'  using regular expression

2019-06-19 15:28:00 - [TEST_STEP][PASSED] - selectOptionByValue(findTestObject("OCS-DESKTOP/Age gate and Mega menu/month"), "6", true): All options with value '6' are selected in object 'Object Repository/OCS-DESKTOP/Age gate and Mega menu/month'  using regular expression

2019-06-19 15:28:03 - [MESSAGE][PASSED] - All options with value '6' are selected in object 'Object Repository/OCS-DESKTOP/Age gate and Mega menu/month'  using regular expression

2019-06-19 15:28:03 - [TEST_STEP][PASSED] - delay(2): Delayed 2 second(s)

2019-06-19 15:28:05 - [MESSAGE][PASSED] - Delayed 2 second(s)

2019-06-19 15:28:05 - [TEST_STEP][PASSED] - selectOptionByValue(findTestObject("OCS-DESKTOP/Age gate and Mega menu/Year Dropdown"), "1990", true): All options with value '1990' are selected in object 'Object Repository/OCS-DESKTOP/Age gate and Mega menu/Year Dropdown'  using regular expression

2019-06-19 15:28:18 - [MESSAGE][PASSED] - All options with value '1990' are selected in object 'Object Repository/OCS-DESKTOP/Age gate and Mega menu/Year Dropdown'  using regular expression

2019-06-19 15:28:18 - [TEST_STEP][PASSED] - click(findTestObject("OCS-DESKTOP/Age gate and Mega menu/button_Verify")): Object: 'Object Repository/OCS-DESKTOP/Age gate and Mega menu/button_Verify' is clicked on

2019-06-19 15:28:18 - [MESSAGE][PASSED] - Object: 'Object Repository/OCS-DESKTOP/Age gate and Mega menu/button_Verify' is clicked on

2019-06-19 15:28:18 - [TEST_STEP][PASSED] - click(findTestObject("OCS-DESKTOP/Age gate and Mega menu/Checkbox_CONFIRM AND ACKNOWLEDGE")): Object: 'Object Repository/OCS-DESKTOP/Age gate and Mega menu/Checkbox_CONFIRM AND ACKNOWLEDGE' is clicked on

2019-06-19 15:28:19 - [MESSAGE][PASSED] - Object: 'Object Repository/OCS-DESKTOP/Age gate and Mega menu/Checkbox_CONFIRM AND ACKNOWLEDGE' is clicked on

2019-06-19 15:28:19 - [TEST_STEP][PASSED] - click(findTestObject("OCS-DESKTOP/Age gate and Mega menu/button_CONFIRM")): Object: 'Object Repository/OCS-DESKTOP/Age gate and Mega menu/button_CONFIRM' is clicked on

2019-06-19 15:28:19 - [MESSAGE][PASSED] - Object: 'Object Repository/OCS-DESKTOP/Age gate and Mega menu/button_CONFIRM' is clicked on

2019-06-19 15:28:19 - [TEST_STEP][PASSED] - click(findTestObject("OCS-DESKTOP/Age gate and Mega menu/button_Start Browsing")): Object: 'Object Repository/OCS-DESKTOP/Age gate and Mega menu/button_Start Browsing' is clicked on

2019-06-19 15:28:19 - [MESSAGE][PASSED] - Object: 'Object Repository/OCS-DESKTOP/Age gate and Mega menu/button_Start Browsing' is clicked on

2019-06-19 15:28:19 - [TEST_STEP][PASSED] - delay(2): Delayed 2 second(s)

2019-06-19 15:28:21 - [MESSAGE][PASSED] - Delayed 2 second(s)

2019-06-19 15:28:21 - [TEST_STEP][PASSED] - refresh(): Refresh successfully

2019-06-19 15:28:21 - [MESSAGE][PASSED] - Refresh successfully

2019-06-19 15:28:21 - [MESSAGE][PASSED] - Call Test Case 'Test Cases/OCS - DESKTOP/CALL- Age gate' successfully

2019-06-19 15:28:21 - [TEST_STEP][PASSED] - delay(2): Delayed 2 second(s)

2019-06-19 15:28:23 - [MESSAGE][PASSED] - Delayed 2 second(s)

2019-06-19 15:28:23 - [TEST_STEP][PASSED] - click(findTestObject("OCS-DESKTOP/Age gate and Mega menu/Header/CANNABIS menu - English")): Object: 'Object Repository/OCS-DESKTOP/Age gate and Mega menu/Header/CANNABIS menu - English' is clicked on

2019-06-19 15:28:26 - [MESSAGE][PASSED] - Object: 'Object Repository/OCS-DESKTOP/Age gate and Mega menu/Header/CANNABIS menu - English' is clicked on

2019-06-19 15:28:26 - [TEST_STEP][PASSED] - delay(2): Delayed 2 second(s)

2019-06-19 15:28:28 - [MESSAGE][PASSED] - Delayed 2 second(s)

2019-06-19 15:28:28 - [TEST_STEP][PASSED] - click(findTestObject("OCS-DESKTOP/Age gate and Mega menu/Indica Dominant_Menu item")): Object: 'Object Repository/OCS-DESKTOP/Age gate and Mega menu/Indica Dominant_Menu item' is clicked on

2019-06-19 15:28:32 - [MESSAGE][PASSED] - Object: 'Object Repository/OCS-DESKTOP/Age gate and Mega menu/Indica Dominant_Menu item' is clicked on

2019-06-19 15:28:32 - [TEST_STEP][PASSED] - executeJavaScript("var previewBar = document.getElementById("preview-bar-iframe"); previewBar.style.display = "none";", []): Execute JavaScript 'var previewBar = document.getElementById("preview-bar-iframe"); previewBar.style.display = "none";' successfully

2019-06-19 15:28:32 - [MESSAGE][PASSED] - Execute JavaScript 'var previewBar = document.getElementById("preview-bar-iframe"); previewBar.style.display = "none";' successfully

2019-06-19 15:28:32 - [TEST_STEP][PASSED] - delay(2): Delayed 2 second(s)

2019-06-19 15:28:34 - [MESSAGE][PASSED] - Delayed 2 second(s)

2019-06-19 15:28:34 - [TEST_STEP][NOT_RUN] - click(findTestObject("OCS-DESKTOP/Age gate and Mega menu/Dried Flower_Plus icon")): NOT_RUN: click(findTestObject("OCS-DESKTOP/Age gate and Mega menu/Dried Flower_Plus icon"))

2019-06-19 15:28:34 - [MESSAGE][NOT_RUN] - NOT_RUN: click(findTestObject("OCS-DESKTOP/Age gate and Mega menu/Dried Flower_Plus icon"))

2019-06-19 15:28:34 - [TEST_STEP][PASSED] - delay(2): Delayed 2 second(s)

2019-06-19 15:28:36 - [MESSAGE][PASSED] - Delayed 2 second(s)

2019-06-19 15:28:36 - [TEST_STEP][NOT_RUN] - click(findTestObject("OCS-DESKTOP/Age gate and Mega menu/Indica Dominant_Menu item")): NOT_RUN: click(findTestObject("OCS-DESKTOP/Age gate and Mega menu/Indica Dominant_Menu item"))

2019-06-19 15:28:36 - [MESSAGE][NOT_RUN] - NOT_RUN: click(findTestObject("OCS-DESKTOP/Age gate and Mega menu/Indica Dominant_Menu item"))

2019-06-19 15:28:36 - [TEST_STEP][PASSED] - delay(2): Delayed 2 second(s)

2019-06-19 15:28:38 - [MESSAGE][PASSED] - Delayed 2 second(s)

2019-06-19 15:28:38 - [TEST_STEP][PASSED] - click(findTestObject("OCS-DESKTOP/Collection page/Product image - 1st one")): Object: 'Object Repository/OCS-DESKTOP/Collection page/Product image - 1st one' is clicked on

2019-06-19 15:28:43 - [MESSAGE][PASSED] - Object: 'Object Repository/OCS-DESKTOP/Collection page/Product image - 1st one' is clicked on

2019-06-19 15:28:43 - [TEST_STEP][PASSED] - executeJavaScript("var previewBar = document.getElementById("preview-bar-iframe"); previewBar.style.display = "none";", []): Execute JavaScript 'var previewBar = document.getElementById("preview-bar-iframe"); previewBar.style.display = "none";' successfully

2019-06-19 15:28:43 - [MESSAGE][PASSED] - Execute JavaScript 'var previewBar = document.getElementById("preview-bar-iframe"); previewBar.style.display = "none";' successfully

2019-06-19 15:28:43 - [TEST_STEP][NOT_RUN] - scrollToElement(findTestObject("OCS-DESKTOP/Product page/Product image"), 1): NOT_RUN: scrollToElement(findTestObject("OCS-DESKTOP/Product page/Product image"), 1)

2019-06-19 15:28:43 - [MESSAGE][NOT_RUN] - NOT_RUN: scrollToElement(findTestObject("OCS-DESKTOP/Product page/Product image"), 1)

2019-06-19 15:28:43 - [TEST_STEP][PASSED] - delay(2): Delayed 2 second(s)

2019-06-19 15:28:45 - [MESSAGE][PASSED] - Delayed 2 second(s)

2019-06-19 15:28:45 - [TEST_STEP][PASSED] - click(findTestObject("OCS-DESKTOP/Product page/Swatch_1g")): Object: 'Object Repository/OCS-DESKTOP/Product page/Swatch_1g' is clicked on

2019-06-19 15:28:46 - [MESSAGE][PASSED] - Object: 'Object Repository/OCS-DESKTOP/Product page/Swatch_1g' is clicked on

2019-06-19 15:28:46 - [TEST_STEP][NOT_RUN] - scrollToElement(findTestObject("OCS-DESKTOP/Product page/Swatch_3.5g"), 1): NOT_RUN: scrollToElement(findTestObject("OCS-DESKTOP/Product page/Swatch_3.5g"), 1)

2019-06-19 15:28:46 - [MESSAGE][NOT_RUN] - NOT_RUN: scrollToElement(findTestObject("OCS-DESKTOP/Product page/Swatch_3.5g"), 1)

2019-06-19 15:28:46 - [TEST_STEP][PASSED] - delay(2): Delayed 2 second(s)

2019-06-19 15:28:48 - [MESSAGE][PASSED] - Delayed 2 second(s)

2019-06-19 15:28:48 - [TEST_STEP][PASSED] - click(findTestObject("OCS-DESKTOP/Product page/Quantity Increase - Button")): Object: 'Object Repository/OCS-DESKTOP/Product page/Quantity Increase - Button' is clicked on

2019-06-19 15:28:48 - [MESSAGE][PASSED] - Object: 'Object Repository/OCS-DESKTOP/Product page/Quantity Increase - Button' is clicked on

2019-06-19 15:28:48 - [TEST_STEP][PASSED] - delay(1): Delayed 1 second(s)

2019-06-19 15:28:49 - [MESSAGE][PASSED] - Delayed 1 second(s)

2019-06-19 15:28:49 - [TEST_STEP][PASSED] - click(findTestObject("OCS-DESKTOP/Product page/Quantity Increase - Button")): Object: 'Object Repository/OCS-DESKTOP/Product page/Quantity Increase - Button' is clicked on

2019-06-19 15:28:49 - [MESSAGE][PASSED] - Object: 'Object Repository/OCS-DESKTOP/Product page/Quantity Increase - Button' is clicked on

2019-06-19 15:28:49 - [TEST_STEP][PASSED] - delay(1): Delayed 1 second(s)

2019-06-19 15:28:50 - [MESSAGE][PASSED] - Delayed 1 second(s)

2019-06-19 15:28:50 - [TEST_STEP][PASSED] - click(findTestObject("OCS-DESKTOP/Product page/Quantity Increase - Button")): Object: 'Object Repository/OCS-DESKTOP/Product page/Quantity Increase - Button' is clicked on

2019-06-19 15:28:50 - [MESSAGE][PASSED] - Object: 'Object Repository/OCS-DESKTOP/Product page/Quantity Increase - Button' is clicked on

2019-06-19 15:28:50 - [TEST_STEP][PASSED] - delay(1): Delayed 1 second(s)

2019-06-19 15:28:51 - [MESSAGE][PASSED] - Delayed 1 second(s)

2019-06-19 15:28:51 - [TEST_STEP][PASSED] - click(findTestObject("OCS-DESKTOP/Product page/Quantity Increase - Button")): Object: 'Object Repository/OCS-DESKTOP/Product page/Quantity Increase - Button' is clicked on

2019-06-19 15:28:52 - [MESSAGE][PASSED] - Object: 'Object Repository/OCS-DESKTOP/Product page/Quantity Increase - Button' is clicked on

2019-06-19 15:28:52 - [TEST_STEP][PASSED] - delay(1): Delayed 1 second(s)

2019-06-19 15:28:53 - [MESSAGE][PASSED] - Delayed 1 second(s)

2019-06-19 15:28:53 - [TEST_STEP][PASSED] - click(findTestObject("OCS-DESKTOP/Product page/Quantity Increase - Button")): Object: 'Object Repository/OCS-DESKTOP/Product page/Quantity Increase - Button' is clicked on

2019-06-19 15:28:53 - [MESSAGE][PASSED] - Object: 'Object Repository/OCS-DESKTOP/Product page/Quantity Increase - Button' is clicked on

2019-06-19 15:28:53 - [TEST_STEP][PASSED] - delay(2): Delayed 2 second(s)

2019-06-19 15:28:55 - [MESSAGE][PASSED] - Delayed 2 second(s)

2019-06-19 15:28:55 - [TEST_STEP][PASSED] - click(findTestObject("OCS-DESKTOP/Product page/Add to Bag-button")): Object: 'Object Repository/OCS-DESKTOP/Product page/Add to Bag-button' is clicked on

2019-06-19 15:28:55 - [MESSAGE][PASSED] - Object: 'Object Repository/OCS-DESKTOP/Product page/Add to Bag-button' is clicked on

2019-06-19 15:28:55 - [TEST_STEP][PASSED] - delay(1): Delayed 1 second(s)

2019-06-19 15:28:56 - [MESSAGE][PASSED] - Delayed 1 second(s)

2019-06-19 15:28:56 - [TEST_STEP][NOT_RUN] - click(findTestObject("OCS-DESKTOP/Home - page/Cart icon -bag")): NOT_RUN: click(findTestObject("OCS-DESKTOP/Home - page/Cart icon -bag"))

2019-06-19 15:28:56 - [MESSAGE][NOT_RUN] - NOT_RUN: click(findTestObject("OCS-DESKTOP/Home - page/Cart icon -bag"))

2019-06-19 15:28:56 - [TEST_STEP][PASSED] - delay(2): Delayed 2 second(s)

2019-06-19 15:28:58 - [MESSAGE][PASSED] - Delayed 2 second(s)

2019-06-19 15:28:58 - [TEST_STEP][PASSED] - click(findTestObject("OCS-DESKTOP/Cart flyout/Checkbox_I confirm that")): Object: 'Object Repository/OCS-DESKTOP/Cart flyout/Checkbox_I confirm that' is clicked on

2019-06-19 15:28:58 - [MESSAGE][PASSED] - Object: 'Object Repository/OCS-DESKTOP/Cart flyout/Checkbox_I confirm that' is clicked on

2019-06-19 15:28:58 - [TEST_STEP][PASSED] - delay(2): Delayed 2 second(s)

2019-06-19 15:29:00 - [MESSAGE][PASSED] - Delayed 2 second(s)

2019-06-19 15:29:00 - [TEST_STEP][PASSED] - click(findTestObject("OCS-DESKTOP/Cart flyout/Checkbox_Accept the Terms Condition")): Object: 'Object Repository/OCS-DESKTOP/Cart flyout/Checkbox_Accept the Terms Condition' is clicked on

2019-06-19 15:29:01 - [MESSAGE][PASSED] - Object: 'Object Repository/OCS-DESKTOP/Cart flyout/Checkbox_Accept the Terms Condition' is clicked on

2019-06-19 15:29:01 - [TEST_STEP][PASSED] - delay(1): Delayed 1 second(s)

2019-06-19 15:29:02 - [MESSAGE][PASSED] - Delayed 1 second(s)

2019-06-19 15:29:02 - [TEST_STEP][PASSED] - click(findTestObject("OCS-DESKTOP/Cart flyout/Checkout - Button")): Object: 'Object Repository/OCS-DESKTOP/Cart flyout/Checkout - Button' is clicked on

2019-06-19 15:29:05 - [MESSAGE][PASSED] - Object: 'Object Repository/OCS-DESKTOP/Cart flyout/Checkout - Button' is clicked on

2019-06-19 15:29:05 - [TEST_STEP][PASSED] - executeJavaScript("var previewBar = document.getElementById("preview-bar-iframe"); previewBar.style.display = "none";", []): Execute JavaScript 'var previewBar = document.getElementById("preview-bar-iframe"); previewBar.style.display = "none";' successfully

2019-06-19 15:29:05 - [MESSAGE][PASSED] - Execute JavaScript 'var previewBar = document.getElementById("preview-bar-iframe"); previewBar.style.display = "none";' successfully

2019-06-19 15:29:05 - [TEST_STEP][PASSED] - delay(2): Delayed 2 second(s)

2019-06-19 15:29:07 - [MESSAGE][PASSED] - Delayed 2 second(s)

2019-06-19 15:29:07 - [TEST_STEP][NOT_RUN] - scrollToElement(findTestObject("OCS-DESKTOP/Customer info page/Return to Cart - Link"), 1): NOT_RUN: scrollToElement(findTestObject("OCS-DESKTOP/Customer info page/Return to Cart - Link"), 1)

2019-06-19 15:29:07 - [MESSAGE][NOT_RUN] - NOT_RUN: scrollToElement(findTestObject("OCS-DESKTOP/Customer info page/Return to Cart - Link"), 1)

2019-06-19 15:29:07 - [TEST_STEP][PASSED] - delay(1): Delayed 1 second(s)

2019-06-19 15:29:08 - [MESSAGE][PASSED] - Delayed 1 second(s)

2019-06-19 15:29:08 - [TEST_STEP][PASSED] - delay(2): Delayed 2 second(s)

2019-06-19 15:29:10 - [MESSAGE][PASSED] - Delayed 2 second(s)

2019-06-19 15:29:10 - [TEST_STEP][PASSED] - click(findTestObject("OCS-DESKTOP/Customer info page/Return to Cart - Link")): Object: 'Object Repository/OCS-DESKTOP/Customer info page/Return to Cart - Link' is clicked on

2019-06-19 15:29:12 - [MESSAGE][PASSED] - Object: 'Object Repository/OCS-DESKTOP/Customer info page/Return to Cart - Link' is clicked on

2019-06-19 15:29:12 - [TEST_STEP][PASSED] - delay(1): Delayed 1 second(s)

2019-06-19 15:29:13 - [MESSAGE][PASSED] - Delayed 1 second(s)

2019-06-19 15:29:13 - [TEST_STEP][PASSED] - delay(1): Delayed 1 second(s)

2019-06-19 15:29:14 - [MESSAGE][PASSED] - Delayed 1 second(s)

2019-06-19 15:29:14 - [TEST_STEP][PASSED] - a = getText(findTestObject("OCS-DESKTOP/Cart page/Unit price - product - price in cart page")): Text of object 'Object Repository/OCS-DESKTOP/Cart page/Unit price - product - price in cart page' is: '$61.50'

2019-06-19 15:29:14 - [MESSAGE][PASSED] - Text of object 'Object Repository/OCS-DESKTOP/Cart page/Unit price - product - price in cart page' is: '$61.50'

2019-06-19 15:29:14 - [TEST_STEP][PASSED] - comment(a): $61.50

2019-06-19 15:29:14 - [MESSAGE][INFO] - $61.50

2019-06-19 15:29:14 - [TEST_STEP][PASSED] - click(findTestObject("OCS-DESKTOP/Cart page/Quantity Input field")): Object: 'Object Repository/OCS-DESKTOP/Cart page/Quantity Input field' is clicked on

2019-06-19 15:29:14 - [MESSAGE][PASSED] - Object: 'Object Repository/OCS-DESKTOP/Cart page/Quantity Input field' is clicked on

2019-06-19 15:29:14 - [TEST_STEP][PASSED] - sendKeys(findTestObject("OCS-DESKTOP/Cart page/Quantity Input field"), Keys.chord(CLEAR)): Keys 'CLEAR + ' sent to object: 'Object Repository/OCS-DESKTOP/Cart page/Quantity Input field'

2019-06-19 15:29:14 - [MESSAGE][PASSED] - Keys 'CLEAR + ' sent to object: 'Object Repository/OCS-DESKTOP/Cart page/Quantity Input field'

2019-06-19 15:29:14 - [TEST_STEP][PASSED] - setText(findTestObject("OCS-DESKTOP/Cart page/Quantity Input field"), "10"): Text '10' is set on object 'Object Repository/OCS-DESKTOP/Cart page/Quantity Input field'

2019-06-19 15:29:15 - [MESSAGE][PASSED] - Text '10' is set on object 'Object Repository/OCS-DESKTOP/Cart page/Quantity Input field'

2019-06-19 15:29:15 - [TEST_STEP][PASSED] - delay(2): Delayed 2 second(s)

2019-06-19 15:29:17 - [MESSAGE][PASSED] - Delayed 2 second(s)

2019-06-19 15:29:17 - [TEST_STEP][PASSED] - sendKeys(findTestObject("OCS-DESKTOP/Cart page/Quantity Input field"), Keys.chord(CLEAR)): Keys 'CLEAR + ' sent to object: 'Object Repository/OCS-DESKTOP/Cart page/Quantity Input field'

2019-06-19 15:29:17 - [MESSAGE][PASSED] - Keys 'CLEAR + ' sent to object: 'Object Repository/OCS-DESKTOP/Cart page/Quantity Input field'

2019-06-19 15:29:17 - [TEST_STEP][NOT_RUN] - click(findTestObject("OCS-DESKTOP/Cart page/enter quantity")): NOT_RUN: click(findTestObject("OCS-DESKTOP/Cart page/enter quantity"))

2019-06-19 15:29:17 - [MESSAGE][NOT_RUN] - NOT_RUN: click(findTestObject("OCS-DESKTOP/Cart page/enter quantity"))

2019-06-19 15:29:17 - [TEST_STEP][PASSED] - delay(2): Delayed 2 second(s)

2019-06-19 15:29:19 - [MESSAGE][PASSED] - Delayed 2 second(s)

2019-06-19 15:29:19 - [TEST_STEP][PASSED] - setText(findTestObject("OCS-DESKTOP/Cart page/Quantity Input field"), "7"): Text '7' is set on object 'Object Repository/OCS-DESKTOP/Cart page/Quantity Input field'

2019-06-19 15:29:19 - [MESSAGE][PASSED] - Text '7' is set on object 'Object Repository/OCS-DESKTOP/Cart page/Quantity Input field'

2019-06-19 15:29:19 - [TEST_STEP][PASSED] - delay(2): Delayed 2 second(s)

2019-06-19 15:29:21 - [MESSAGE][PASSED] - Delayed 2 second(s)

2019-06-19 15:29:21 - [TEST_STEP][NOT_RUN] - click(findTestObject("OCS-DESKTOP/Cart page/Unit price - product")): NOT_RUN: click(findTestObject("OCS-DESKTOP/Cart page/Unit price - product"))

2019-06-19 15:29:21 - [MESSAGE][NOT_RUN] - NOT_RUN: click(findTestObject("OCS-DESKTOP/Cart page/Unit price - product"))

2019-06-19 15:29:21 - [TEST_STEP][PASSED] - delay(2): Delayed 2 second(s)

2019-06-19 15:29:23 - [MESSAGE][PASSED] - Delayed 2 second(s)

2019-06-19 15:29:23 - [TEST_STEP][PASSED] - click(findTestObject("OCS-DESKTOP/Cart page/Qty Decrease icon")): Object: 'Object Repository/OCS-DESKTOP/Cart page/Qty Decrease icon' is clicked on

2019-06-19 15:29:24 - [MESSAGE][PASSED] - Object: 'Object Repository/OCS-DESKTOP/Cart page/Qty Decrease icon' is clicked on

2019-06-19 15:29:24 - [TEST_STEP][PASSED] - delay(2): Delayed 2 second(s)

2019-06-19 15:29:26 - [MESSAGE][PASSED] - Delayed 2 second(s)

2019-06-19 15:29:26 - [TEST_STEP][PASSED] - click(findTestObject("OCS-DESKTOP/Cart page/Qty Decrease icon")): Object: 'Object Repository/OCS-DESKTOP/Cart page/Qty Decrease icon' is clicked on

2019-06-19 15:29:26 - [MESSAGE][PASSED] - Object: 'Object Repository/OCS-DESKTOP/Cart page/Qty Decrease icon' is clicked on

2019-06-19 15:29:26 - [TEST_STEP][PASSED] - delay(2): Delayed 2 second(s)

2019-06-19 15:29:28 - [MESSAGE][PASSED] - Delayed 2 second(s)

2019-06-19 15:29:28 - [TEST_STEP][PASSED] - click(findTestObject("OCS-DESKTOP/Cart page/Qty Decrease icon")): Object: 'Object Repository/OCS-DESKTOP/Cart page/Qty Decrease icon' is clicked on

2019-06-19 15:29:28 - [MESSAGE][PASSED] - Object: 'Object Repository/OCS-DESKTOP/Cart page/Qty Decrease icon' is clicked on

2019-06-19 15:29:28 - [TEST_STEP][PASSED] - delay(2): Delayed 2 second(s)

2019-06-19 15:29:30 - [MESSAGE][PASSED] - Delayed 2 second(s)

2019-06-19 15:29:30 - [TEST_STEP][PASSED] - b = getText(findTestObject("OCS-DESKTOP/Cart page/Unit price - product - price in cart page")): Text of object 'Object Repository/OCS-DESKTOP/Cart page/Unit price - product - price in cart page' is: '$41.00'

2019-06-19 15:29:30 - [MESSAGE][PASSED] - Text of object 'Object Repository/OCS-DESKTOP/Cart page/Unit price - product - price in cart page' is: '$41.00'

2019-06-19 15:29:30 - [TEST_STEP][PASSED] - comment(b): $41.00

2019-06-19 15:29:30 - [MESSAGE][INFO] - $41.00

2019-06-19 15:29:30 - [TEST_STEP][PASSED] - verifyNotEqual("a", "b"): Actual object 'a' and expected object 'b' are not equal

2019-06-19 15:29:30 - [MESSAGE][PASSED] - Actual object 'a' and expected object 'b' are not equal

2019-06-19 15:29:30 - [TEST_STEP][PASSED] - comment(" price changed . Quantity selector is working"):  price changed . Quantity selector is working

2019-06-19 15:29:30 - [MESSAGE][INFO] -  price changed . Quantity selector is working]]></system-out>
         <system-err><![CDATA[]]></system-err>
      </testcase>
      <testcase name="Test Cases/OCS - DESKTOP/OCS- CRITICAL PATH/cart page-increase qty" classname="Test Cases/OCS - DESKTOP/OCS- CRITICAL PATH/cart page-increase qty" status="PASSED">
         <system-out><![CDATA[2019-06-19 15:29:30 - [TEST_CASE][PASSED] - Test Cases/OCS - DESKTOP/OCS- CRITICAL PATH/cart page-increase qty: Test Cases/OCS - DESKTOP/OCS- CRITICAL PATH/cart page-increase qty

2019-06-19 15:29:30 - [TEST_STEP][PASSED] - callTestCase(findTestCase("OCS - DESKTOP/CALL- Age gate"), [:], STOP_ON_FAILURE): Call Test Case 'Test Cases/OCS - DESKTOP/CALL- Age gate' successfully

2019-06-19 15:29:30 - [TEST_CASE][PASSED] - Test Cases/OCS - DESKTOP/CALL- Age gate: Test Cases/OCS - DESKTOP/CALL- Age gate

2019-06-19 15:29:30 - [TEST_STEP][PASSED] - openBrowser(""): Browser is opened with url: ''

2019-06-19 15:29:30 - [MESSAGE][WARNING] - A browser is already opened. Closing browser and opening a new one

2019-06-19 15:29:31 - [MESSAGE][INFO] - Starting 'Remote' driver

2019-06-19 15:29:31 - [MESSAGE][INFO] - User set preference: ['os', 'OS X']

2019-06-19 15:29:31 - [MESSAGE][INFO] - User set preference: ['os_version', 'High Sierra']

2019-06-19 15:29:31 - [MESSAGE][INFO] - User set preference: ['browser', 'Chrome']

2019-06-19 15:29:31 - [MESSAGE][INFO] - User set preference: ['browser_version', '76.0 beta']

2019-06-19 15:29:31 - [MESSAGE][INFO] - User set preference: ['resolution', '1280x960']

2019-06-19 15:29:31 - [MESSAGE][INFO] - User set preference: ['browserstack.local', '']

2019-06-19 15:29:31 - [MESSAGE][INFO] - Connecting to remote web server 'https://dianatest3:Z3oqw9ysqTeRQJq5wFCp@hub-cloud.browserstack.com/wd/hub' with type 'Selenium'

2019-06-19 15:29:36 - [MESSAGE][PASSED] - Browser is opened with url: ''

2019-06-19 15:29:36 - [TEST_STEP][PASSED] - navigateToUrl("https://ocs.ca/?fts=0&preview_theme_id=72920106828"): Navigate to 'https://ocs.ca/?fts=0&preview_theme_id=72920106828' successfully

2019-06-19 15:29:41 - [MESSAGE][PASSED] - Navigate to 'https://ocs.ca/?fts=0&preview_theme_id=72920106828' successfully

2019-06-19 15:29:41 - [TEST_STEP][PASSED] - maximizeWindow(): Current window maximized

2019-06-19 15:29:42 - [MESSAGE][PASSED] - Current window maximized

2019-06-19 15:29:42 - [TEST_STEP][PASSED] - delay(2): Delayed 2 second(s)

2019-06-19 15:29:44 - [MESSAGE][PASSED] - Delayed 2 second(s)

2019-06-19 15:29:44 - [TEST_STEP][PASSED] - executeJavaScript("var previewBar = document.getElementById("preview-bar-iframe"); previewBar.style.display = "none";", []): Execute JavaScript 'var previewBar = document.getElementById("preview-bar-iframe"); previewBar.style.display = "none";' successfully

2019-06-19 15:29:44 - [MESSAGE][PASSED] - Execute JavaScript 'var previewBar = document.getElementById("preview-bar-iframe"); previewBar.style.display = "none";' successfully

2019-06-19 15:29:44 - [TEST_STEP][PASSED] - selectOptionByValue(findTestObject("OCS-DESKTOP/Age gate and Mega menu/Date"), "12", true): All options with value '12' are selected in object 'Object Repository/OCS-DESKTOP/Age gate and Mega menu/Date'  using regular expression

2019-06-19 15:29:48 - [MESSAGE][PASSED] - All options with value '12' are selected in object 'Object Repository/OCS-DESKTOP/Age gate and Mega menu/Date'  using regular expression

2019-06-19 15:29:48 - [TEST_STEP][PASSED] - selectOptionByValue(findTestObject("OCS-DESKTOP/Age gate and Mega menu/month"), "6", true): All options with value '6' are selected in object 'Object Repository/OCS-DESKTOP/Age gate and Mega menu/month'  using regular expression

2019-06-19 15:29:50 - [MESSAGE][PASSED] - All options with value '6' are selected in object 'Object Repository/OCS-DESKTOP/Age gate and Mega menu/month'  using regular expression

2019-06-19 15:29:50 - [TEST_STEP][PASSED] - delay(2): Delayed 2 second(s)

2019-06-19 15:29:52 - [MESSAGE][PASSED] - Delayed 2 second(s)

2019-06-19 15:29:52 - [TEST_STEP][PASSED] - selectOptionByValue(findTestObject("OCS-DESKTOP/Age gate and Mega menu/Year Dropdown"), "1990", true): All options with value '1990' are selected in object 'Object Repository/OCS-DESKTOP/Age gate and Mega menu/Year Dropdown'  using regular expression

2019-06-19 15:30:05 - [MESSAGE][PASSED] - All options with value '1990' are selected in object 'Object Repository/OCS-DESKTOP/Age gate and Mega menu/Year Dropdown'  using regular expression

2019-06-19 15:30:05 - [TEST_STEP][PASSED] - click(findTestObject("OCS-DESKTOP/Age gate and Mega menu/button_Verify")): Object: 'Object Repository/OCS-DESKTOP/Age gate and Mega menu/button_Verify' is clicked on

2019-06-19 15:30:06 - [MESSAGE][PASSED] - Object: 'Object Repository/OCS-DESKTOP/Age gate and Mega menu/button_Verify' is clicked on

2019-06-19 15:30:06 - [TEST_STEP][PASSED] - click(findTestObject("OCS-DESKTOP/Age gate and Mega menu/Checkbox_CONFIRM AND ACKNOWLEDGE")): Object: 'Object Repository/OCS-DESKTOP/Age gate and Mega menu/Checkbox_CONFIRM AND ACKNOWLEDGE' is clicked on

2019-06-19 15:30:06 - [MESSAGE][PASSED] - Object: 'Object Repository/OCS-DESKTOP/Age gate and Mega menu/Checkbox_CONFIRM AND ACKNOWLEDGE' is clicked on

2019-06-19 15:30:06 - [TEST_STEP][PASSED] - click(findTestObject("OCS-DESKTOP/Age gate and Mega menu/button_CONFIRM")): Object: 'Object Repository/OCS-DESKTOP/Age gate and Mega menu/button_CONFIRM' is clicked on

2019-06-19 15:30:06 - [MESSAGE][PASSED] - Object: 'Object Repository/OCS-DESKTOP/Age gate and Mega menu/button_CONFIRM' is clicked on

2019-06-19 15:30:06 - [TEST_STEP][PASSED] - click(findTestObject("OCS-DESKTOP/Age gate and Mega menu/button_Start Browsing")): Object: 'Object Repository/OCS-DESKTOP/Age gate and Mega menu/button_Start Browsing' is clicked on

2019-06-19 15:30:07 - [MESSAGE][PASSED] - Object: 'Object Repository/OCS-DESKTOP/Age gate and Mega menu/button_Start Browsing' is clicked on

2019-06-19 15:30:07 - [TEST_STEP][PASSED] - delay(2): Delayed 2 second(s)

2019-06-19 15:30:09 - [MESSAGE][PASSED] - Delayed 2 second(s)

2019-06-19 15:30:09 - [TEST_STEP][PASSED] - refresh(): Refresh successfully

2019-06-19 15:30:09 - [MESSAGE][PASSED] - Refresh successfully

2019-06-19 15:30:09 - [MESSAGE][PASSED] - Call Test Case 'Test Cases/OCS - DESKTOP/CALL- Age gate' successfully

2019-06-19 15:30:09 - [TEST_STEP][PASSED] - delay(2): Delayed 2 second(s)

2019-06-19 15:30:11 - [MESSAGE][PASSED] - Delayed 2 second(s)

2019-06-19 15:30:11 - [TEST_STEP][PASSED] - click(findTestObject("OCS-DESKTOP/Age gate and Mega menu/Header/CANNABIS menu - English")): Object: 'Object Repository/OCS-DESKTOP/Age gate and Mega menu/Header/CANNABIS menu - English' is clicked on

2019-06-19 15:30:14 - [MESSAGE][PASSED] - Object: 'Object Repository/OCS-DESKTOP/Age gate and Mega menu/Header/CANNABIS menu - English' is clicked on

2019-06-19 15:30:14 - [TEST_STEP][PASSED] - delay(2): Delayed 2 second(s)

2019-06-19 15:30:16 - [MESSAGE][PASSED] - Delayed 2 second(s)

2019-06-19 15:30:16 - [TEST_STEP][PASSED] - executeJavaScript("var previewBar = document.getElementById("preview-bar-iframe"); previewBar.style.display = "none";", []): Execute JavaScript 'var previewBar = document.getElementById("preview-bar-iframe"); previewBar.style.display = "none";' successfully

2019-06-19 15:30:16 - [MESSAGE][PASSED] - Execute JavaScript 'var previewBar = document.getElementById("preview-bar-iframe"); previewBar.style.display = "none";' successfully

2019-06-19 15:30:16 - [TEST_STEP][PASSED] - click(findTestObject("OCS-DESKTOP/Age gate and Mega menu/Indica Dominant_Menu item")): Object: 'Object Repository/OCS-DESKTOP/Age gate and Mega menu/Indica Dominant_Menu item' is clicked on

2019-06-19 15:30:19 - [MESSAGE][PASSED] - Object: 'Object Repository/OCS-DESKTOP/Age gate and Mega menu/Indica Dominant_Menu item' is clicked on

2019-06-19 15:30:19 - [TEST_STEP][PASSED] - delay(2): Delayed 2 second(s)

2019-06-19 15:30:21 - [MESSAGE][PASSED] - Delayed 2 second(s)

2019-06-19 15:30:21 - [TEST_STEP][PASSED] - executeJavaScript("var previewBar = document.getElementById("preview-bar-iframe"); previewBar.style.display = "none";", []): Execute JavaScript 'var previewBar = document.getElementById("preview-bar-iframe"); previewBar.style.display = "none";' successfully

2019-06-19 15:30:21 - [MESSAGE][PASSED] - Execute JavaScript 'var previewBar = document.getElementById("preview-bar-iframe"); previewBar.style.display = "none";' successfully

2019-06-19 15:30:21 - [TEST_STEP][PASSED] - click(findTestObject("OCS-DESKTOP/Collection page/Product image - 1st one")): Object: 'Object Repository/OCS-DESKTOP/Collection page/Product image - 1st one' is clicked on

2019-06-19 15:30:25 - [MESSAGE][PASSED] - Object: 'Object Repository/OCS-DESKTOP/Collection page/Product image - 1st one' is clicked on

2019-06-19 15:30:25 - [TEST_STEP][PASSED] - executeJavaScript("var previewBar = document.getElementById("preview-bar-iframe"); previewBar.style.display = "none";", []): Execute JavaScript 'var previewBar = document.getElementById("preview-bar-iframe"); previewBar.style.display = "none";' successfully

2019-06-19 15:30:25 - [MESSAGE][PASSED] - Execute JavaScript 'var previewBar = document.getElementById("preview-bar-iframe"); previewBar.style.display = "none";' successfully

2019-06-19 15:30:25 - [TEST_STEP][NOT_RUN] - scrollToElement(findTestObject("OCS-DESKTOP/Product page/Product image"), 1): NOT_RUN: scrollToElement(findTestObject("OCS-DESKTOP/Product page/Product image"), 1)

2019-06-19 15:30:25 - [MESSAGE][NOT_RUN] - NOT_RUN: scrollToElement(findTestObject("OCS-DESKTOP/Product page/Product image"), 1)

2019-06-19 15:30:25 - [TEST_STEP][PASSED] - delay(2): Delayed 2 second(s)

2019-06-19 15:30:27 - [MESSAGE][PASSED] - Delayed 2 second(s)

2019-06-19 15:30:27 - [TEST_STEP][PASSED] - click(findTestObject("OCS-DESKTOP/Product page/Swatch_1g")): Object: 'Object Repository/OCS-DESKTOP/Product page/Swatch_1g' is clicked on

2019-06-19 15:30:28 - [MESSAGE][PASSED] - Object: 'Object Repository/OCS-DESKTOP/Product page/Swatch_1g' is clicked on

2019-06-19 15:30:28 - [TEST_STEP][PASSED] - delay(2): Delayed 2 second(s)

2019-06-19 15:30:30 - [MESSAGE][PASSED] - Delayed 2 second(s)

2019-06-19 15:30:30 - [TEST_STEP][PASSED] - click(findTestObject("OCS-DESKTOP/Product page/Add to Bag-button")): Object: 'Object Repository/OCS-DESKTOP/Product page/Add to Bag-button' is clicked on

2019-06-19 15:30:30 - [MESSAGE][PASSED] - Object: 'Object Repository/OCS-DESKTOP/Product page/Add to Bag-button' is clicked on

2019-06-19 15:30:30 - [TEST_STEP][PASSED] - delay(1): Delayed 1 second(s)

2019-06-19 15:30:31 - [MESSAGE][PASSED] - Delayed 1 second(s)

2019-06-19 15:30:31 - [TEST_STEP][NOT_RUN] - click(findTestObject("OCS-DESKTOP/Home - page/Cart icon -bag")): NOT_RUN: click(findTestObject("OCS-DESKTOP/Home - page/Cart icon -bag"))

2019-06-19 15:30:31 - [MESSAGE][NOT_RUN] - NOT_RUN: click(findTestObject("OCS-DESKTOP/Home - page/Cart icon -bag"))

2019-06-19 15:30:31 - [TEST_STEP][PASSED] - delay(1): Delayed 1 second(s)

2019-06-19 15:30:32 - [MESSAGE][PASSED] - Delayed 1 second(s)

2019-06-19 15:30:32 - [TEST_STEP][PASSED] - click(findTestObject("OCS-DESKTOP/Cart flyout/Checkbox_I confirm that")): Object: 'Object Repository/OCS-DESKTOP/Cart flyout/Checkbox_I confirm that' is clicked on

2019-06-19 15:30:32 - [MESSAGE][PASSED] - Object: 'Object Repository/OCS-DESKTOP/Cart flyout/Checkbox_I confirm that' is clicked on

2019-06-19 15:30:32 - [TEST_STEP][PASSED] - click(findTestObject("OCS-DESKTOP/Cart flyout/Checkbox_Accept the Terms Condition")): Object: 'Object Repository/OCS-DESKTOP/Cart flyout/Checkbox_Accept the Terms Condition' is clicked on

2019-06-19 15:30:33 - [MESSAGE][PASSED] - Object: 'Object Repository/OCS-DESKTOP/Cart flyout/Checkbox_Accept the Terms Condition' is clicked on

2019-06-19 15:30:33 - [TEST_STEP][PASSED] - delay(1): Delayed 1 second(s)

2019-06-19 15:30:34 - [MESSAGE][PASSED] - Delayed 1 second(s)

2019-06-19 15:30:34 - [TEST_STEP][PASSED] - click(findTestObject("OCS-DESKTOP/Cart flyout/Checkout - Button")): Object: 'Object Repository/OCS-DESKTOP/Cart flyout/Checkout - Button' is clicked on

2019-06-19 15:30:37 - [MESSAGE][PASSED] - Object: 'Object Repository/OCS-DESKTOP/Cart flyout/Checkout - Button' is clicked on

2019-06-19 15:30:37 - [TEST_STEP][PASSED] - delay(2): Delayed 2 second(s)

2019-06-19 15:30:39 - [MESSAGE][PASSED] - Delayed 2 second(s)

2019-06-19 15:30:39 - [TEST_STEP][PASSED] - scrollToElement(findTestObject("OCS-DESKTOP/Customer info page/Return to Cart - Link"), 1): Scroll to object 'Object Repository/OCS-DESKTOP/Customer info page/Return to Cart - Link' successfully

2019-06-19 15:30:39 - [MESSAGE][PASSED] - Scroll to object 'Object Repository/OCS-DESKTOP/Customer info page/Return to Cart - Link' successfully

2019-06-19 15:30:39 - [TEST_STEP][PASSED] - executeJavaScript("var previewBar = document.getElementById("preview-bar-iframe"); previewBar.style.display = "none";", []): Execute JavaScript 'var previewBar = document.getElementById("preview-bar-iframe"); previewBar.style.display = "none";' successfully

2019-06-19 15:30:39 - [MESSAGE][PASSED] - Execute JavaScript 'var previewBar = document.getElementById("preview-bar-iframe"); previewBar.style.display = "none";' successfully

2019-06-19 15:30:39 - [TEST_STEP][PASSED] - delay(1): Delayed 1 second(s)

2019-06-19 15:30:40 - [MESSAGE][PASSED] - Delayed 1 second(s)

2019-06-19 15:30:40 - [TEST_STEP][PASSED] - click(findTestObject("OCS-DESKTOP/Customer info page/Return to Cart - Link")): Object: 'Object Repository/OCS-DESKTOP/Customer info page/Return to Cart - Link' is clicked on

2019-06-19 15:30:42 - [MESSAGE][PASSED] - Object: 'Object Repository/OCS-DESKTOP/Customer info page/Return to Cart - Link' is clicked on

2019-06-19 15:30:42 - [TEST_STEP][PASSED] - delay(1): Delayed 1 second(s)

2019-06-19 15:30:43 - [MESSAGE][PASSED] - Delayed 1 second(s)

2019-06-19 15:30:43 - [TEST_STEP][PASSED] - a = getText(findTestObject("OCS-DESKTOP/Cart page/Unit price - product - price in cart page")): Text of object 'Object Repository/OCS-DESKTOP/Cart page/Unit price - product - price in cart page' is: '$10.25'

2019-06-19 15:30:44 - [MESSAGE][PASSED] - Text of object 'Object Repository/OCS-DESKTOP/Cart page/Unit price - product - price in cart page' is: '$10.25'

2019-06-19 15:30:44 - [TEST_STEP][PASSED] - comment(a): $10.25

2019-06-19 15:30:44 - [MESSAGE][INFO] - $10.25

2019-06-19 15:30:44 - [TEST_STEP][PASSED] - click(findTestObject("OCS-DESKTOP/Cart page/Quantity Input field")): Object: 'Object Repository/OCS-DESKTOP/Cart page/Quantity Input field' is clicked on

2019-06-19 15:30:44 - [MESSAGE][PASSED] - Object: 'Object Repository/OCS-DESKTOP/Cart page/Quantity Input field' is clicked on

2019-06-19 15:30:44 - [TEST_STEP][PASSED] - sendKeys(findTestObject("OCS-DESKTOP/Cart page/Quantity Input field"), Keys.chord(CLEAR)): Keys 'CLEAR + ' sent to object: 'Object Repository/OCS-DESKTOP/Cart page/Quantity Input field'

2019-06-19 15:30:44 - [MESSAGE][PASSED] - Keys 'CLEAR + ' sent to object: 'Object Repository/OCS-DESKTOP/Cart page/Quantity Input field'

2019-06-19 15:30:44 - [TEST_STEP][PASSED] - setText(findTestObject("OCS-DESKTOP/Cart page/Quantity Input field"), "5"): Text '5' is set on object 'Object Repository/OCS-DESKTOP/Cart page/Quantity Input field'

2019-06-19 15:30:45 - [MESSAGE][PASSED] - Text '5' is set on object 'Object Repository/OCS-DESKTOP/Cart page/Quantity Input field'

2019-06-19 15:30:45 - [TEST_STEP][PASSED] - delay(2): Delayed 2 second(s)

2019-06-19 15:30:47 - [MESSAGE][PASSED] - Delayed 2 second(s)

2019-06-19 15:30:47 - [TEST_STEP][PASSED] - sendKeys(findTestObject("OCS-DESKTOP/Cart page/Quantity Input field"), Keys.chord(CLEAR)): Keys 'CLEAR + ' sent to object: 'Object Repository/OCS-DESKTOP/Cart page/Quantity Input field'

2019-06-19 15:30:47 - [MESSAGE][PASSED] - Keys 'CLEAR + ' sent to object: 'Object Repository/OCS-DESKTOP/Cart page/Quantity Input field'

2019-06-19 15:30:47 - [TEST_STEP][PASSED] - setText(findTestObject("OCS-DESKTOP/Cart page/Quantity Input field"), "7"): Text '7' is set on object 'Object Repository/OCS-DESKTOP/Cart page/Quantity Input field'

2019-06-19 15:30:47 - [MESSAGE][PASSED] - Text '7' is set on object 'Object Repository/OCS-DESKTOP/Cart page/Quantity Input field'

2019-06-19 15:30:47 - [TEST_STEP][PASSED] - delay(2): Delayed 2 second(s)

2019-06-19 15:30:49 - [MESSAGE][PASSED] - Delayed 2 second(s)

2019-06-19 15:30:49 - [TEST_STEP][PASSED] - click(findTestObject("OCS-DESKTOP/Cart page/Qty Increase icon")): Object: 'Object Repository/OCS-DESKTOP/Cart page/Qty Increase icon' is clicked on

2019-06-19 15:30:50 - [MESSAGE][PASSED] - Object: 'Object Repository/OCS-DESKTOP/Cart page/Qty Increase icon' is clicked on

2019-06-19 15:30:50 - [TEST_STEP][PASSED] - delay(2): Delayed 2 second(s)

2019-06-19 15:30:52 - [MESSAGE][PASSED] - Delayed 2 second(s)

2019-06-19 15:30:52 - [TEST_STEP][PASSED] - click(findTestObject("OCS-DESKTOP/Cart page/Qty Increase icon")): Object: 'Object Repository/OCS-DESKTOP/Cart page/Qty Increase icon' is clicked on

2019-06-19 15:30:52 - [MESSAGE][PASSED] - Object: 'Object Repository/OCS-DESKTOP/Cart page/Qty Increase icon' is clicked on

2019-06-19 15:30:52 - [TEST_STEP][PASSED] - delay(2): Delayed 2 second(s)

2019-06-19 15:30:54 - [MESSAGE][PASSED] - Delayed 2 second(s)

2019-06-19 15:30:54 - [TEST_STEP][PASSED] - click(findTestObject("OCS-DESKTOP/Cart page/Qty Increase icon")): Object: 'Object Repository/OCS-DESKTOP/Cart page/Qty Increase icon' is clicked on

2019-06-19 15:30:54 - [MESSAGE][PASSED] - Object: 'Object Repository/OCS-DESKTOP/Cart page/Qty Increase icon' is clicked on

2019-06-19 15:30:54 - [TEST_STEP][PASSED] - delay(2): Delayed 2 second(s)

2019-06-19 15:30:56 - [MESSAGE][PASSED] - Delayed 2 second(s)

2019-06-19 15:30:56 - [TEST_STEP][PASSED] - b = getText(findTestObject("OCS-DESKTOP/Cart page/Unit price - product - price in cart page")): Text of object 'Object Repository/OCS-DESKTOP/Cart page/Unit price - product - price in cart page' is: '$102.50'

2019-06-19 15:30:57 - [MESSAGE][PASSED] - Text of object 'Object Repository/OCS-DESKTOP/Cart page/Unit price - product - price in cart page' is: '$102.50'

2019-06-19 15:30:57 - [TEST_STEP][PASSED] - comment(b): $102.50

2019-06-19 15:30:57 - [MESSAGE][INFO] - $102.50

2019-06-19 15:30:57 - [TEST_STEP][PASSED] - verifyNotEqual("a", "b"): Actual object 'a' and expected object 'b' are not equal

2019-06-19 15:30:57 - [MESSAGE][PASSED] - Actual object 'a' and expected object 'b' are not equal

2019-06-19 15:30:57 - [TEST_STEP][PASSED] - comment(" price changed . Quantity selector is working"):  price changed . Quantity selector is working

2019-06-19 15:30:57 - [MESSAGE][INFO] -  price changed . Quantity selector is working]]></system-out>
         <system-err><![CDATA[]]></system-err>
      </testcase>
      <system-out><![CDATA[2019-06-19 15:12:44 - [TEST_SUITE][PASSED] - recordings - 1.10.2: Test Cases/OCS - DESKTOP/OCS- CRITICAL PATH/cart page-increase qty]]></system-out>
      <system-err><![CDATA[]]></system-err>
   </testsuite>
</testsuites>
